<?xml version="1.0" encoding="UTF-8"?>
<testsuite xmlns:xsi="http://www.w3.org/2001/XMLSchema-instance" xsi:noNamespaceSchemaLocation="https://maven.apache.org/surefire/maven-surefire-plugin/xsd/surefire-test-report.xsd" name="org.apache.hadoop.ozone.client.rpc.TestOzoneClientRetriesOnException" time="387.462" tests="2" errors="1" skipped="0" failures="0">
  <properties>
    <property name="awt.toolkit" value="sun.awt.X11.XToolkit"/>
    <property name="file.encoding.pkg" value="sun.io"/>
    <property name="java.specification.version" value="1.8"/>
    <property name="sun.cpu.isalist" value=""/>
    <property name="sun.jnu.encoding" value="UTF-8"/>
    <property name="java.class.path" value="/workdir/hadoop-ozone/integration-test/target/test-classes:/workdir/hadoop-ozone/integration-test/target/classes:/home/user/.m2/repository/org/apache/hadoop/hadoop-ozone-common/0.5.0-SNAPSHOT/hadoop-ozone-common-0.5.0-SNAPSHOT.jar:/home/user/.m2/repository/org/apache/commons/commons-compress/1.4.1/commons-compress-1.4.1.jar:/home/user/.m2/repository/org/tukaani/xz/1.0/xz-1.0.jar:/home/user/.m2/repository/org/apache/hadoop/hadoop-common/3.2.0/hadoop-common-3.2.0.jar:/home/user/.m2/repository/org/apache/hadoop/hadoop-hdfs/3.2.0/hadoop-hdfs-3.2.0.jar:/home/user/.m2/repository/org/apache/hadoop/hadoop-hdfs-client/3.2.0/hadoop-hdfs-client-3.2.0.jar:/home/user/.m2/repository/com/fasterxml/jackson/core/jackson-annotations/2.9.5/jackson-annotations-2.9.5.jar:/home/user/.m2/repository/org/apache/hadoop/hadoop-hdds-common/0.5.0-SNAPSHOT/hadoop-hdds-common-0.5.0-SNAPSHOT.jar:/home/user/.m2/repository/javax/annotation/javax.annotation-api/1.2/javax.annotation-api-1.2.jar:/home/user/.m2/repository/org/apache/ratis/ratis-server/0.4.0-2337318-SNAPSHOT/ratis-server-0.4.0-2337318-SNAPSHOT.jar:/home/user/.m2/repository/org/apache/ratis/ratis-thirdparty-misc/0.2.0/ratis-thirdparty-misc-0.2.0.jar:/home/user/.m2/repository/org/apache/ratis/ratis-proto/0.4.0-2337318-SNAPSHOT/ratis-proto-0.4.0-2337318-SNAPSHOT.jar:/home/user/.m2/repository/org/apache/ratis/ratis-common/0.4.0-2337318-SNAPSHOT/ratis-common-0.4.0-2337318-SNAPSHOT.jar:/home/user/.m2/repository/org/apache/ratis/ratis-client/0.4.0-2337318-SNAPSHOT/ratis-client-0.4.0-2337318-SNAPSHOT.jar:/home/user/.m2/repository/org/apache/ratis/ratis-metrics/0.4.0-2337318-SNAPSHOT/ratis-metrics-0.4.0-2337318-SNAPSHOT.jar:/home/user/.m2/repository/org/apache/ratis/ratis-netty/0.4.0-2337318-SNAPSHOT/ratis-netty-0.4.0-2337318-SNAPSHOT.jar:/home/user/.m2/repository/org/apache/ratis/ratis-grpc/0.4.0-2337318-SNAPSHOT/ratis-grpc-0.4.0-2337318-SNAPSHOT.jar:/home/user/.m2/repository/org/rocksdb/rocksdbjni/6.0.1/rocksdbjni-6.0.1.jar:/home/user/.m2/repository/org/apache/logging/log4j/log4j-api/2.11.0/log4j-api-2.11.0.jar:/home/user/.m2/repository/org/apache/logging/log4j/log4j-core/2.11.0/log4j-core-2.11.0.jar:/home/user/.m2/repository/com/lmax/disruptor/3.4.2/disruptor-3.4.2.jar:/home/user/.m2/repository/org/apache/commons/commons-pool2/2.6.0/commons-pool2-2.6.0.jar:/home/user/.m2/repository/org/bouncycastle/bcpkix-jdk15on/1.60/bcpkix-jdk15on-1.60.jar:/home/user/.m2/repository/commons-validator/commons-validator/1.6/commons-validator-1.6.jar:/home/user/.m2/repository/commons-digester/commons-digester/1.8.1/commons-digester-1.8.1.jar:/home/user/.m2/repository/io/jaegertracing/jaeger-client/0.33.1/jaeger-client-0.33.1.jar:/home/user/.m2/repository/io/jaegertracing/jaeger-thrift/0.33.1/jaeger-thrift-0.33.1.jar:/home/user/.m2/repository/org/apache/thrift/libthrift/0.11.0/libthrift-0.11.0.jar:/home/user/.m2/repository/com/squareup/okhttp3/okhttp/3.9.0/okhttp-3.9.0.jar:/home/user/.m2/repository/com/squareup/okio/okio/1.13.0/okio-1.13.0.jar:/home/user/.m2/repository/io/jaegertracing/jaeger-core/0.33.1/jaeger-core-0.33.1.jar:/home/user/.m2/repository/io/jaegertracing/jaeger-tracerresolver/0.33.1/jaeger-tracerresolver-0.33.1.jar:/home/user/.m2/repository/io/opentracing/contrib/opentracing-tracerresolver/0.1.5/opentracing-tracerresolver-0.1.5.jar:/home/user/.m2/repository/io/opentracing/opentracing-util/0.31.0/opentracing-util-0.31.0.jar:/home/user/.m2/repository/io/opentracing/opentracing-api/0.31.0/opentracing-api-0.31.0.jar:/home/user/.m2/repository/io/opentracing/opentracing-noop/0.31.0/opentracing-noop-0.31.0.jar:/home/user/.m2/repository/org/apache/hadoop/hadoop-hdds-server-framework/0.5.0-SNAPSHOT/hadoop-hdds-server-framework-0.5.0-SNAPSHOT.jar:/home/user/.m2/repository/org/apache/hadoop/hadoop-hdds-container-service/0.5.0-SNAPSHOT/hadoop-hdds-container-service-0.5.0-SNAPSHOT.jar:/home/user/.m2/repository/org/apache/hadoop/hadoop-hdds-client/0.5.0-SNAPSHOT/hadoop-hdds-client-0.5.0-SNAPSHOT.jar:/home/user/.m2/repository/org/apache/hadoop/hadoop-hdds-tools/0.5.0-SNAPSHOT/hadoop-hdds-tools-0.5.0-SNAPSHOT.jar:/home/user/.m2/repository/org/apache/hadoop/hadoop-hdds-server-scm/0.5.0-SNAPSHOT/hadoop-hdds-server-scm-0.5.0-SNAPSHOT.jar:/home/user/.m2/repository/org/apache/hadoop/hadoop-hdds-docs/0.5.0-SNAPSHOT/hadoop-hdds-docs-0.5.0-SNAPSHOT.jar:/home/user/.m2/repository/io/dropwizard/metrics/metrics-core/3.2.4/metrics-core-3.2.4.jar:/home/user/.m2/repository/org/hamcrest/hamcrest-all/1.3/hamcrest-all-1.3.jar:/home/user/.m2/repository/org/bouncycastle/bcprov-jdk15on/1.60/bcprov-jdk15on-1.60.jar:/home/user/.m2/repository/info/picocli/picocli/3.9.6/picocli-3.9.6.jar:/home/user/.m2/repository/com/google/protobuf/protobuf-java/2.5.0/protobuf-java-2.5.0.jar:/home/user/.m2/repository/com/google/guava/guava/11.0.2/guava-11.0.2.jar:/home/user/.m2/repository/org/apache/hadoop/hadoop-ozone-ozone-manager/0.5.0-SNAPSHOT/hadoop-ozone-ozone-manager-0.5.0-SNAPSHOT.jar:/home/user/.m2/repository/org/apache/hadoop/hadoop-minikdc/3.2.0/hadoop-minikdc-3.2.0.jar:/home/user/.m2/repository/commons-io/commons-io/2.5/commons-io-2.5.jar:/home/user/.m2/repository/org/apache/kerby/kerb-simplekdc/1.0.1/kerb-simplekdc-1.0.1.jar:/home/user/.m2/repository/org/apache/kerby/kerb-client/1.0.1/kerb-client-1.0.1.jar:/home/user/.m2/repository/org/apache/kerby/kerby-config/1.0.1/kerby-config-1.0.1.jar:/home/user/.m2/repository/org/apache/kerby/kerb-core/1.0.1/kerb-core-1.0.1.jar:/home/user/.m2/repository/org/apache/kerby/kerby-pkix/1.0.1/kerby-pkix-1.0.1.jar:/home/user/.m2/repository/org/apache/kerby/kerby-asn1/1.0.1/kerby-asn1-1.0.1.jar:/home/user/.m2/repository/org/apache/kerby/kerby-util/1.0.1/kerby-util-1.0.1.jar:/home/user/.m2/repository/org/apache/kerby/kerb-common/1.0.1/kerb-common-1.0.1.jar:/home/user/.m2/repository/org/apache/kerby/kerb-crypto/1.0.1/kerb-crypto-1.0.1.jar:/home/user/.m2/repository/org/apache/kerby/kerb-util/1.0.1/kerb-util-1.0.1.jar:/home/user/.m2/repository/org/apache/kerby/token-provider/1.0.1/token-provider-1.0.1.jar:/home/user/.m2/repository/org/apache/kerby/kerb-admin/1.0.1/kerb-admin-1.0.1.jar:/home/user/.m2/repository/org/apache/kerby/kerb-server/1.0.1/kerb-server-1.0.1.jar:/home/user/.m2/repository/org/apache/kerby/kerb-identity/1.0.1/kerb-identity-1.0.1.jar:/home/user/.m2/repository/org/apache/kerby/kerby-xdr/1.0.1/kerby-xdr-1.0.1.jar:/home/user/.m2/repository/org/slf4j/slf4j-log4j12/1.7.25/slf4j-log4j12-1.7.25.jar:/home/user/.m2/repository/org/apache/hadoop/hadoop-ozone-objectstore-service/0.5.0-SNAPSHOT/hadoop-ozone-objectstore-service-0.5.0-SNAPSHOT.jar:/home/user/.m2/repository/org/apache/hadoop/hadoop-ozone-s3gateway/0.5.0-SNAPSHOT/hadoop-ozone-s3gateway-0.5.0-SNAPSHOT.jar:/home/user/.m2/repository/org/jboss/weld/servlet/weld-servlet/2.4.7.Final/weld-servlet-2.4.7.Final.jar:/home/user/.m2/repository/org/glassfish/jersey/containers/jersey-container-servlet-core/2.27/jersey-container-servlet-core-2.27.jar:/home/user/.m2/repository/org/glassfish/hk2/external/javax.inject/2.5.0-b42/javax.inject-2.5.0-b42.jar:/home/user/.m2/repository/org/glassfish/jersey/core/jersey-common/2.27/jersey-common-2.27.jar:/home/user/.m2/repository/org/glassfish/hk2/osgi-resource-locator/1.0.1/osgi-resource-locator-1.0.1.jar:/home/user/.m2/repository/javax/ws/rs/javax.ws.rs-api/2.1/javax.ws.rs-api-2.1.jar:/home/user/.m2/repository/org/glassfish/jersey/ext/cdi/jersey-cdi1x/2.27/jersey-cdi1x-2.27.jar:/home/user/.m2/repository/org/glassfish/jersey/inject/jersey-hk2/2.27/jersey-hk2-2.27.jar:/home/user/.m2/repository/org/glassfish/hk2/hk2-locator/2.5.0-b42/hk2-locator-2.5.0-b42.jar:/home/user/.m2/repository/org/javassist/javassist/3.22.0-CR2/javassist-3.22.0-CR2.jar:/home/user/.m2/repository/org/glassfish/hk2/hk2-api/2.5.0/hk2-api-2.5.0.jar:/home/user/.m2/repository/org/glassfish/hk2/external/jakarta.inject/2.5.0/jakarta.inject-2.5.0.jar:/home/user/.m2/repository/org/glassfish/hk2/hk2-utils/2.5.0/hk2-utils-2.5.0.jar:/home/user/.m2/repository/jakarta/annotation/jakarta.annotation-api/1.3.4/jakarta.annotation-api-1.3.4.jar:/home/user/.m2/repository/org/glassfish/hk2/external/aopalliance-repackaged/2.5.0/aopalliance-repackaged-2.5.0.jar:/home/user/.m2/repository/com/fasterxml/jackson/dataformat/jackson-dataformat-xml/2.9.0/jackson-dataformat-xml-2.9.0.jar:/home/user/.m2/repository/com/fasterxml/jackson/core/jackson-core/2.9.5/jackson-core-2.9.5.jar:/home/user/.m2/repository/com/fasterxml/jackson/module/jackson-module-jaxb-annotations/2.9.5/jackson-module-jaxb-annotations-2.9.5.jar:/home/user/.m2/repository/javax/enterprise/cdi-api/1.2/cdi-api-1.2.jar:/home/user/.m2/repository/javax/el/javax.el-api/3.0.0/javax.el-api-3.0.0.jar:/home/user/.m2/repository/javax/interceptor/javax.interceptor-api/1.2/javax.interceptor-api-1.2.jar:/home/user/.m2/repository/javax/inject/javax.inject/1/javax.inject-1.jar:/home/user/.m2/repository/com/sun/xml/bind/jaxb-impl/2.3.0.1/jaxb-impl-2.3.0.1.jar:/home/user/.m2/repository/com/sun/xml/bind/jaxb-core/2.3.0.1/jaxb-core-2.3.0.1.jar:/home/user/.m2/repository/javax/xml/bind/jaxb-api/2.3.0/jaxb-api-2.3.0.jar:/home/user/.m2/repository/javax/activation/activation/1.1.1/activation-1.1.1.jar:/home/user/.m2/repository/org/apache/hadoop/hadoop-ozone-csi/0.5.0-SNAPSHOT/hadoop-ozone-csi-0.5.0-SNAPSHOT.jar:/home/user/.m2/repository/com/google/protobuf/protobuf-java-util/3.5.1/protobuf-java-util-3.5.1.jar:/home/user/.m2/repository/org/apache/hadoop/hadoop-hdds-config/0.5.0-SNAPSHOT/hadoop-hdds-config-0.5.0-SNAPSHOT.jar:/home/user/.m2/repository/io/grpc/grpc-netty/1.17.1/grpc-netty-1.17.1.jar:/home/user/.m2/repository/io/grpc/grpc-core/1.17.1/grpc-core-1.17.1.jar:/home/user/.m2/repository/io/grpc/grpc-context/1.17.1/grpc-context-1.17.1.jar:/home/user/.m2/repository/com/google/errorprone/error_prone_annotations/2.2.0/error_prone_annotations-2.2.0.jar:/home/user/.m2/repository/org/codehaus/mojo/animal-sniffer-annotations/1.17/animal-sniffer-annotations-1.17.jar:/home/user/.m2/repository/io/opencensus/opencensus-api/0.17.0/opencensus-api-0.17.0.jar:/home/user/.m2/repository/io/opencensus/opencensus-contrib-grpc-metrics/0.17.0/opencensus-contrib-grpc-metrics-0.17.0.jar:/home/user/.m2/repository/io/netty/netty-codec-http2/4.1.30.Final/netty-codec-http2-4.1.30.Final.jar:/home/user/.m2/repository/io/netty/netty-codec-http/4.1.30.Final/netty-codec-http-4.1.30.Final.jar:/home/user/.m2/repository/io/netty/netty-codec/4.1.30.Final/netty-codec-4.1.30.Final.jar:/home/user/.m2/repository/io/netty/netty-handler/4.1.30.Final/netty-handler-4.1.30.Final.jar:/home/user/.m2/repository/io/netty/netty-handler-proxy/4.1.30.Final/netty-handler-proxy-4.1.30.Final.jar:/home/user/.m2/repository/io/netty/netty-codec-socks/4.1.30.Final/netty-codec-socks-4.1.30.Final.jar:/home/user/.m2/repository/io/netty/netty-transport-native-epoll/4.1.30.Final/netty-transport-native-epoll-4.1.30.Final.jar:/home/user/.m2/repository/io/netty/netty-common/4.1.30.Final/netty-common-4.1.30.Final.jar:/home/user/.m2/repository/io/netty/netty-buffer/4.1.30.Final/netty-buffer-4.1.30.Final.jar:/home/user/.m2/repository/io/netty/netty-transport/4.1.30.Final/netty-transport-4.1.30.Final.jar:/home/user/.m2/repository/io/netty/netty-resolver/4.1.30.Final/netty-resolver-4.1.30.Final.jar:/home/user/.m2/repository/io/netty/netty-transport-native-unix-common/4.1.30.Final/netty-transport-native-unix-common-4.1.30.Final.jar:/home/user/.m2/repository/io/grpc/grpc-protobuf/1.17.1/grpc-protobuf-1.17.1.jar:/home/user/.m2/repository/com/google/api/grpc/proto-google-common-protos/1.0.0/proto-google-common-protos-1.0.0.jar:/home/user/.m2/repository/io/grpc/grpc-protobuf-lite/1.17.1/grpc-protobuf-lite-1.17.1.jar:/home/user/.m2/repository/io/grpc/grpc-stub/1.17.1/grpc-stub-1.17.1.jar:/home/user/.m2/repository/org/apache/hadoop/hadoop-ozone-recon/0.5.0-SNAPSHOT/hadoop-ozone-recon-0.5.0-SNAPSHOT.jar:/home/user/.m2/repository/org/apache/hadoop/hadoop-ozone-reconcodegen/0.5.0-SNAPSHOT/hadoop-ozone-reconcodegen-0.5.0-SNAPSHOT.jar:/home/user/.m2/repository/com/google/inject/extensions/guice-multibindings/4.0/guice-multibindings-4.0.jar:/home/user/.m2/repository/com/google/inject/guice/4.0/guice-4.0.jar:/home/user/.m2/repository/aopalliance/aopalliance/1.0/aopalliance-1.0.jar:/home/user/.m2/repository/com/google/inject/extensions/guice-servlet/4.0/guice-servlet-4.0.jar:/home/user/.m2/repository/org/glassfish/jersey/containers/jersey-container-servlet/2.27/jersey-container-servlet-2.27.jar:/home/user/.m2/repository/org/glassfish/hk2/guice-bridge/2.5.0/guice-bridge-2.5.0.jar:/home/user/.m2/repository/org/glassfish/jersey/core/jersey-server/2.27/jersey-server-2.27.jar:/home/user/.m2/repository/org/glassfish/jersey/core/jersey-client/2.27/jersey-client-2.27.jar:/home/user/.m2/repository/org/glassfish/jersey/media/jersey-media-jaxb/2.27/jersey-media-jaxb-2.27.jar:/home/user/.m2/repository/javax/validation/validation-api/1.1.0.Final/validation-api-1.1.0.Final.jar:/home/user/.m2/repository/org/glassfish/jersey/media/jersey-media-json-jackson/2.27/jersey-media-json-jackson-2.27.jar:/home/user/.m2/repository/org/glassfish/jersey/ext/jersey-entity-filtering/2.27/jersey-entity-filtering-2.27.jar:/home/user/.m2/repository/com/google/inject/extensions/guice-assistedinject/4.0/guice-assistedinject-4.0.jar:/home/user/.m2/repository/org/jooq/jooq/3.11.10/jooq-3.11.10.jar:/home/user/.m2/repository/org/jooq/jooq-meta/3.11.10/jooq-meta-3.11.10.jar:/home/user/.m2/repository/org/jooq/jooq-codegen/3.11.10/jooq-codegen-3.11.10.jar:/home/user/.m2/repository/com/jolbox/bonecp/0.8.0.RELEASE/bonecp-0.8.0.RELEASE.jar:/home/user/.m2/repository/org/xerial/sqlite-jdbc/3.25.2/sqlite-jdbc-3.25.2.jar:/home/user/.m2/repository/org/springframework/spring-jdbc/5.1.3.RELEASE/spring-jdbc-5.1.3.RELEASE.jar:/home/user/.m2/repository/org/springframework/spring-beans/5.1.3.RELEASE/spring-beans-5.1.3.RELEASE.jar:/home/user/.m2/repository/org/springframework/spring-core/5.1.3.RELEASE/spring-core-5.1.3.RELEASE.jar:/home/user/.m2/repository/org/springframework/spring-jcl/5.1.3.RELEASE/spring-jcl-5.1.3.RELEASE.jar:/home/user/.m2/repository/org/springframework/spring-tx/5.1.3.RELEASE/spring-tx-5.1.3.RELEASE.jar:/home/user/.m2/repository/org/apache/hadoop/hadoop-ozone-client/0.5.0-SNAPSHOT/hadoop-ozone-client-0.5.0-SNAPSHOT.jar:/home/user/.m2/repository/commons-lang/commons-lang/2.6/commons-lang-2.6.jar:/home/user/.m2/repository/org/apache/hadoop/hadoop-ozone-ozone-manager/0.5.0-SNAPSHOT/hadoop-ozone-ozone-manager-0.5.0-SNAPSHOT-tests.jar:/home/user/.m2/repository/junit/junit/4.11/junit-4.11.jar:/home/user/.m2/repository/org/hamcrest/hamcrest-core/1.3/hamcrest-core-1.3.jar:/home/user/.m2/repository/org/openjdk/jmh/jmh-core/1.19/jmh-core-1.19.jar:/home/user/.m2/repository/net/sf/jopt-simple/jopt-simple/4.6/jopt-simple-4.6.jar:/home/user/.m2/repository/org/apache/commons/commons-math3/3.1.1/commons-math3-3.1.1.jar:/home/user/.m2/repository/org/openjdk/jmh/jmh-generator-annprocess/1.19/jmh-generator-annprocess-1.19.jar:/home/user/.m2/repository/org/mockito/mockito-all/1.8.5/mockito-all-1.8.5.jar:/home/user/.m2/repository/org/apache/hadoop/hadoop-kms/3.2.0/hadoop-kms-3.2.0.jar:/home/user/.m2/repository/org/apache/hadoop/hadoop-auth/3.2.0/hadoop-auth-3.2.0.jar:/home/user/.m2/repository/com/nimbusds/nimbus-jose-jwt/4.41.1/nimbus-jose-jwt-4.41.1.jar:/home/user/.m2/repository/com/github/stephenc/jcip/jcip-annotations/1.0-1/jcip-annotations-1.0-1.jar:/home/user/.m2/repository/net/minidev/json-smart/2.3/json-smart-2.3.jar:/home/user/.m2/repository/net/minidev/accessors-smart/1.2/accessors-smart-1.2.jar:/home/user/.m2/repository/org/ow2/asm/asm/5.0.4/asm-5.0.4.jar:/home/user/.m2/repository/org/apache/curator/curator-framework/2.12.0/curator-framework-2.12.0.jar:/home/user/.m2/repository/com/sun/jersey/jersey-core/1.19/jersey-core-1.19.jar:/home/user/.m2/repository/javax/ws/rs/jsr311-api/1.1.1/jsr311-api-1.1.1.jar:/home/user/.m2/repository/com/sun/jersey/jersey-server/1.19/jersey-server-1.19.jar:/home/user/.m2/repository/javax/servlet/javax.servlet-api/3.1.0/javax.servlet-api-3.1.0.jar:/home/user/.m2/repository/org/eclipse/jetty/jetty-server/9.3.24.v20180605/jetty-server-9.3.24.v20180605.jar:/home/user/.m2/repository/org/eclipse/jetty/jetty-http/9.3.24.v20180605/jetty-http-9.3.24.v20180605.jar:/home/user/.m2/repository/org/eclipse/jetty/jetty-io/9.3.24.v20180605/jetty-io-9.3.24.v20180605.jar:/home/user/.m2/repository/org/eclipse/jetty/jetty-webapp/9.3.24.v20180605/jetty-webapp-9.3.24.v20180605.jar:/home/user/.m2/repository/org/eclipse/jetty/jetty-xml/9.3.24.v20180605/jetty-xml-9.3.24.v20180605.jar:/home/user/.m2/repository/log4j/log4j/1.2.17/log4j-1.2.17.jar:/home/user/.m2/repository/org/slf4j/slf4j-api/1.7.25/slf4j-api-1.7.25.jar:/home/user/.m2/repository/org/slf4j/jul-to-slf4j/1.7.25/jul-to-slf4j-1.7.25.jar:/home/user/.m2/repository/org/eclipse/jetty/jetty-util/9.3.24.v20180605/jetty-util-9.3.24.v20180605.jar:/home/user/.m2/repository/com/fasterxml/jackson/core/jackson-databind/2.9.5/jackson-databind-2.9.5.jar:/home/user/.m2/repository/org/apache/hadoop/hadoop-kms/3.2.0/hadoop-kms-3.2.0-tests.jar:/home/user/.m2/repository/org/apache/hadoop/hadoop-hdds-server-scm/0.5.0-SNAPSHOT/hadoop-hdds-server-scm-0.5.0-SNAPSHOT-tests.jar:/home/user/.m2/repository/org/apache/hadoop/hadoop-hdds-container-service/0.5.0-SNAPSHOT/hadoop-hdds-container-service-0.5.0-SNAPSHOT-tests.jar:/home/user/.m2/repository/org/yaml/snakeyaml/1.16/snakeyaml-1.16.jar:/home/user/.m2/repository/org/apache/hadoop/hadoop-common/3.2.0/hadoop-common-3.2.0-tests.jar:/home/user/.m2/repository/org/apache/hadoop/hadoop-annotations/3.2.0/hadoop-annotations-3.2.0.jar:/usr/lib/jvm/java-1.8-openjdk/jre/../lib/tools.jar:/home/user/.m2/repository/commons-cli/commons-cli/1.2/commons-cli-1.2.jar:/home/user/.m2/repository/org/apache/httpcomponents/httpclient/4.5.2/httpclient-4.5.2.jar:/home/user/.m2/repository/org/apache/httpcomponents/httpcore/4.4.4/httpcore-4.4.4.jar:/home/user/.m2/repository/commons-codec/commons-codec/1.11/commons-codec-1.11.jar:/home/user/.m2/repository/commons-net/commons-net/3.6/commons-net-3.6.jar:/home/user/.m2/repository/commons-collections/commons-collections/3.2.2/commons-collections-3.2.2.jar:/home/user/.m2/repository/org/eclipse/jetty/jetty-servlet/9.3.24.v20180605/jetty-servlet-9.3.24.v20180605.jar:/home/user/.m2/repository/org/eclipse/jetty/jetty-security/9.3.24.v20180605/jetty-security-9.3.24.v20180605.jar:/home/user/.m2/repository/javax/servlet/jsp/jsp-api/2.1/jsp-api-2.1.jar:/home/user/.m2/repository/com/sun/jersey/jersey-servlet/1.19/jersey-servlet-1.19.jar:/home/user/.m2/repository/com/sun/jersey/jersey-json/1.19/jersey-json-1.19.jar:/home/user/.m2/repository/org/codehaus/jettison/jettison/1.1/jettison-1.1.jar:/home/user/.m2/repository/org/codehaus/jackson/jackson-core-asl/1.9.13/jackson-core-asl-1.9.13.jar:/home/user/.m2/repository/org/codehaus/jackson/jackson-mapper-asl/1.9.13/jackson-mapper-asl-1.9.13.jar:/home/user/.m2/repository/org/codehaus/jackson/jackson-jaxrs/1.9.13/jackson-jaxrs-1.9.13.jar:/home/user/.m2/repository/org/codehaus/jackson/jackson-xc/1.9.13/jackson-xc-1.9.13.jar:/home/user/.m2/repository/commons-logging/commons-logging/1.1.3/commons-logging-1.1.3.jar:/home/user/.m2/repository/commons-beanutils/commons-beanutils/1.9.3/commons-beanutils-1.9.3.jar:/home/user/.m2/repository/org/apache/commons/commons-configuration2/2.1.1/commons-configuration2-2.1.1.jar:/home/user/.m2/repository/org/apache/commons/commons-lang3/3.7/commons-lang3-3.7.jar:/home/user/.m2/repository/org/apache/commons/commons-text/1.4/commons-text-1.4.jar:/home/user/.m2/repository/org/apache/avro/avro/1.7.7/avro-1.7.7.jar:/home/user/.m2/repository/com/thoughtworks/paranamer/paranamer/2.3/paranamer-2.3.jar:/home/user/.m2/repository/org/xerial/snappy/snappy-java/1.0.5/snappy-java-1.0.5.jar:/home/user/.m2/repository/com/google/re2j/re2j/1.1/re2j-1.1.jar:/home/user/.m2/repository/com/google/code/gson/gson/2.2.4/gson-2.2.4.jar:/home/user/.m2/repository/com/jcraft/jsch/0.1.54/jsch-0.1.54.jar:/home/user/.m2/repository/org/apache/curator/curator-client/2.12.0/curator-client-2.12.0.jar:/home/user/.m2/repository/org/apache/curator/curator-recipes/2.12.0/curator-recipes-2.12.0.jar:/home/user/.m2/repository/com/google/code/findbugs/jsr305/3.0.0/jsr305-3.0.0.jar:/home/user/.m2/repository/org/apache/htrace/htrace-core4/4.1.0-incubating/htrace-core4-4.1.0-incubating.jar:/home/user/.m2/repository/org/apache/zookeeper/zookeeper/3.4.13/zookeeper-3.4.13.jar:/home/user/.m2/repository/org/apache/yetus/audience-annotations/0.5.0/audience-annotations-0.5.0.jar:/home/user/.m2/repository/org/codehaus/woodstox/stax2-api/3.1.4/stax2-api-3.1.4.jar:/home/user/.m2/repository/com/fasterxml/woodstox/woodstox-core/5.0.3/woodstox-core-5.0.3.jar:/home/user/.m2/repository/dnsjava/dnsjava/2.1.7/dnsjava-2.1.7.jar:/home/user/.m2/repository/org/apache/hadoop/hadoop-hdfs/3.2.0/hadoop-hdfs-3.2.0-tests.jar:/home/user/.m2/repository/org/eclipse/jetty/jetty-util-ajax/9.3.24.v20180605/jetty-util-ajax-9.3.24.v20180605.jar:/home/user/.m2/repository/commons-daemon/commons-daemon/1.0.13/commons-daemon-1.0.13.jar:/home/user/.m2/repository/io/netty/netty/3.10.5.Final/netty-3.10.5.Final.jar:/home/user/.m2/repository/io/netty/netty-all/4.0.52.Final/netty-all-4.0.52.Final.jar:/home/user/.m2/repository/org/fusesource/leveldbjni/leveldbjni-all/1.8/leveldbjni-all-1.8.jar:"/>
    <property name="java.vm.vendor" value="IcedTea"/>
    <property name="sun.arch.data.model" value="64"/>
    <property name="test.build.dir" value="/workdir/hadoop-ozone/integration-test/target/test-dir"/>
    <property name="test.cache.data" value=""/>
    <property name="java.vendor.url" value="https://icedtea.classpath.org"/>
    <property name="user.timezone" value=""/>
    <property name="java.vm.specification.version" value="1.8"/>
    <property name="os.name" value="Linux"/>
    <property name="test.build.data" value="/workdir/hadoop-ozone/integration-test/target/test-dir"/>
    <property name="user.country" value="US"/>
    <property name="sun.java.launcher" value="SUN_STANDARD"/>
    <property name="sun.boot.library.path" value="/usr/lib/jvm/java-1.8-openjdk/jre/lib/amd64"/>
    <property name="sun.java.command" value="/workdir/hadoop-ozone/integration-test/target/surefire/surefirebooter802468552674047807.jar /workdir/hadoop-ozone/integration-test/target/surefire 2019-08-27T21-10-36_431-jvmRun1 surefire9039120245008425008tmp surefire_371750935417608851711tmp"/>
    <property name="test" value="!TestMiniChaosOzoneCluster"/>
    <property name="surefire.test.class.path" value="/workdir/hadoop-ozone/integration-test/target/test-classes:/workdir/hadoop-ozone/integration-test/target/classes:/home/user/.m2/repository/org/apache/hadoop/hadoop-ozone-common/0.5.0-SNAPSHOT/hadoop-ozone-common-0.5.0-SNAPSHOT.jar:/home/user/.m2/repository/org/apache/commons/commons-compress/1.4.1/commons-compress-1.4.1.jar:/home/user/.m2/repository/org/tukaani/xz/1.0/xz-1.0.jar:/home/user/.m2/repository/org/apache/hadoop/hadoop-common/3.2.0/hadoop-common-3.2.0.jar:/home/user/.m2/repository/org/apache/hadoop/hadoop-hdfs/3.2.0/hadoop-hdfs-3.2.0.jar:/home/user/.m2/repository/org/apache/hadoop/hadoop-hdfs-client/3.2.0/hadoop-hdfs-client-3.2.0.jar:/home/user/.m2/repository/com/fasterxml/jackson/core/jackson-annotations/2.9.5/jackson-annotations-2.9.5.jar:/home/user/.m2/repository/org/apache/hadoop/hadoop-hdds-common/0.5.0-SNAPSHOT/hadoop-hdds-common-0.5.0-SNAPSHOT.jar:/home/user/.m2/repository/javax/annotation/javax.annotation-api/1.2/javax.annotation-api-1.2.jar:/home/user/.m2/repository/org/apache/ratis/ratis-server/0.4.0-2337318-SNAPSHOT/ratis-server-0.4.0-2337318-SNAPSHOT.jar:/home/user/.m2/repository/org/apache/ratis/ratis-thirdparty-misc/0.2.0/ratis-thirdparty-misc-0.2.0.jar:/home/user/.m2/repository/org/apache/ratis/ratis-proto/0.4.0-2337318-SNAPSHOT/ratis-proto-0.4.0-2337318-SNAPSHOT.jar:/home/user/.m2/repository/org/apache/ratis/ratis-common/0.4.0-2337318-SNAPSHOT/ratis-common-0.4.0-2337318-SNAPSHOT.jar:/home/user/.m2/repository/org/apache/ratis/ratis-client/0.4.0-2337318-SNAPSHOT/ratis-client-0.4.0-2337318-SNAPSHOT.jar:/home/user/.m2/repository/org/apache/ratis/ratis-metrics/0.4.0-2337318-SNAPSHOT/ratis-metrics-0.4.0-2337318-SNAPSHOT.jar:/home/user/.m2/repository/org/apache/ratis/ratis-netty/0.4.0-2337318-SNAPSHOT/ratis-netty-0.4.0-2337318-SNAPSHOT.jar:/home/user/.m2/repository/org/apache/ratis/ratis-grpc/0.4.0-2337318-SNAPSHOT/ratis-grpc-0.4.0-2337318-SNAPSHOT.jar:/home/user/.m2/repository/org/rocksdb/rocksdbjni/6.0.1/rocksdbjni-6.0.1.jar:/home/user/.m2/repository/org/apache/logging/log4j/log4j-api/2.11.0/log4j-api-2.11.0.jar:/home/user/.m2/repository/org/apache/logging/log4j/log4j-core/2.11.0/log4j-core-2.11.0.jar:/home/user/.m2/repository/com/lmax/disruptor/3.4.2/disruptor-3.4.2.jar:/home/user/.m2/repository/org/apache/commons/commons-pool2/2.6.0/commons-pool2-2.6.0.jar:/home/user/.m2/repository/org/bouncycastle/bcpkix-jdk15on/1.60/bcpkix-jdk15on-1.60.jar:/home/user/.m2/repository/commons-validator/commons-validator/1.6/commons-validator-1.6.jar:/home/user/.m2/repository/commons-digester/commons-digester/1.8.1/commons-digester-1.8.1.jar:/home/user/.m2/repository/io/jaegertracing/jaeger-client/0.33.1/jaeger-client-0.33.1.jar:/home/user/.m2/repository/io/jaegertracing/jaeger-thrift/0.33.1/jaeger-thrift-0.33.1.jar:/home/user/.m2/repository/org/apache/thrift/libthrift/0.11.0/libthrift-0.11.0.jar:/home/user/.m2/repository/com/squareup/okhttp3/okhttp/3.9.0/okhttp-3.9.0.jar:/home/user/.m2/repository/com/squareup/okio/okio/1.13.0/okio-1.13.0.jar:/home/user/.m2/repository/io/jaegertracing/jaeger-core/0.33.1/jaeger-core-0.33.1.jar:/home/user/.m2/repository/io/jaegertracing/jaeger-tracerresolver/0.33.1/jaeger-tracerresolver-0.33.1.jar:/home/user/.m2/repository/io/opentracing/contrib/opentracing-tracerresolver/0.1.5/opentracing-tracerresolver-0.1.5.jar:/home/user/.m2/repository/io/opentracing/opentracing-util/0.31.0/opentracing-util-0.31.0.jar:/home/user/.m2/repository/io/opentracing/opentracing-api/0.31.0/opentracing-api-0.31.0.jar:/home/user/.m2/repository/io/opentracing/opentracing-noop/0.31.0/opentracing-noop-0.31.0.jar:/home/user/.m2/repository/org/apache/hadoop/hadoop-hdds-server-framework/0.5.0-SNAPSHOT/hadoop-hdds-server-framework-0.5.0-SNAPSHOT.jar:/home/user/.m2/repository/org/apache/hadoop/hadoop-hdds-container-service/0.5.0-SNAPSHOT/hadoop-hdds-container-service-0.5.0-SNAPSHOT.jar:/home/user/.m2/repository/org/apache/hadoop/hadoop-hdds-client/0.5.0-SNAPSHOT/hadoop-hdds-client-0.5.0-SNAPSHOT.jar:/home/user/.m2/repository/org/apache/hadoop/hadoop-hdds-tools/0.5.0-SNAPSHOT/hadoop-hdds-tools-0.5.0-SNAPSHOT.jar:/home/user/.m2/repository/org/apache/hadoop/hadoop-hdds-server-scm/0.5.0-SNAPSHOT/hadoop-hdds-server-scm-0.5.0-SNAPSHOT.jar:/home/user/.m2/repository/org/apache/hadoop/hadoop-hdds-docs/0.5.0-SNAPSHOT/hadoop-hdds-docs-0.5.0-SNAPSHOT.jar:/home/user/.m2/repository/io/dropwizard/metrics/metrics-core/3.2.4/metrics-core-3.2.4.jar:/home/user/.m2/repository/org/hamcrest/hamcrest-all/1.3/hamcrest-all-1.3.jar:/home/user/.m2/repository/org/bouncycastle/bcprov-jdk15on/1.60/bcprov-jdk15on-1.60.jar:/home/user/.m2/repository/info/picocli/picocli/3.9.6/picocli-3.9.6.jar:/home/user/.m2/repository/com/google/protobuf/protobuf-java/2.5.0/protobuf-java-2.5.0.jar:/home/user/.m2/repository/com/google/guava/guava/11.0.2/guava-11.0.2.jar:/home/user/.m2/repository/org/apache/hadoop/hadoop-ozone-ozone-manager/0.5.0-SNAPSHOT/hadoop-ozone-ozone-manager-0.5.0-SNAPSHOT.jar:/home/user/.m2/repository/org/apache/hadoop/hadoop-minikdc/3.2.0/hadoop-minikdc-3.2.0.jar:/home/user/.m2/repository/commons-io/commons-io/2.5/commons-io-2.5.jar:/home/user/.m2/repository/org/apache/kerby/kerb-simplekdc/1.0.1/kerb-simplekdc-1.0.1.jar:/home/user/.m2/repository/org/apache/kerby/kerb-client/1.0.1/kerb-client-1.0.1.jar:/home/user/.m2/repository/org/apache/kerby/kerby-config/1.0.1/kerby-config-1.0.1.jar:/home/user/.m2/repository/org/apache/kerby/kerb-core/1.0.1/kerb-core-1.0.1.jar:/home/user/.m2/repository/org/apache/kerby/kerby-pkix/1.0.1/kerby-pkix-1.0.1.jar:/home/user/.m2/repository/org/apache/kerby/kerby-asn1/1.0.1/kerby-asn1-1.0.1.jar:/home/user/.m2/repository/org/apache/kerby/kerby-util/1.0.1/kerby-util-1.0.1.jar:/home/user/.m2/repository/org/apache/kerby/kerb-common/1.0.1/kerb-common-1.0.1.jar:/home/user/.m2/repository/org/apache/kerby/kerb-crypto/1.0.1/kerb-crypto-1.0.1.jar:/home/user/.m2/repository/org/apache/kerby/kerb-util/1.0.1/kerb-util-1.0.1.jar:/home/user/.m2/repository/org/apache/kerby/token-provider/1.0.1/token-provider-1.0.1.jar:/home/user/.m2/repository/org/apache/kerby/kerb-admin/1.0.1/kerb-admin-1.0.1.jar:/home/user/.m2/repository/org/apache/kerby/kerb-server/1.0.1/kerb-server-1.0.1.jar:/home/user/.m2/repository/org/apache/kerby/kerb-identity/1.0.1/kerb-identity-1.0.1.jar:/home/user/.m2/repository/org/apache/kerby/kerby-xdr/1.0.1/kerby-xdr-1.0.1.jar:/home/user/.m2/repository/org/slf4j/slf4j-log4j12/1.7.25/slf4j-log4j12-1.7.25.jar:/home/user/.m2/repository/org/apache/hadoop/hadoop-ozone-objectstore-service/0.5.0-SNAPSHOT/hadoop-ozone-objectstore-service-0.5.0-SNAPSHOT.jar:/home/user/.m2/repository/org/apache/hadoop/hadoop-ozone-s3gateway/0.5.0-SNAPSHOT/hadoop-ozone-s3gateway-0.5.0-SNAPSHOT.jar:/home/user/.m2/repository/org/jboss/weld/servlet/weld-servlet/2.4.7.Final/weld-servlet-2.4.7.Final.jar:/home/user/.m2/repository/org/glassfish/jersey/containers/jersey-container-servlet-core/2.27/jersey-container-servlet-core-2.27.jar:/home/user/.m2/repository/org/glassfish/hk2/external/javax.inject/2.5.0-b42/javax.inject-2.5.0-b42.jar:/home/user/.m2/repository/org/glassfish/jersey/core/jersey-common/2.27/jersey-common-2.27.jar:/home/user/.m2/repository/org/glassfish/hk2/osgi-resource-locator/1.0.1/osgi-resource-locator-1.0.1.jar:/home/user/.m2/repository/javax/ws/rs/javax.ws.rs-api/2.1/javax.ws.rs-api-2.1.jar:/home/user/.m2/repository/org/glassfish/jersey/ext/cdi/jersey-cdi1x/2.27/jersey-cdi1x-2.27.jar:/home/user/.m2/repository/org/glassfish/jersey/inject/jersey-hk2/2.27/jersey-hk2-2.27.jar:/home/user/.m2/repository/org/glassfish/hk2/hk2-locator/2.5.0-b42/hk2-locator-2.5.0-b42.jar:/home/user/.m2/repository/org/javassist/javassist/3.22.0-CR2/javassist-3.22.0-CR2.jar:/home/user/.m2/repository/org/glassfish/hk2/hk2-api/2.5.0/hk2-api-2.5.0.jar:/home/user/.m2/repository/org/glassfish/hk2/external/jakarta.inject/2.5.0/jakarta.inject-2.5.0.jar:/home/user/.m2/repository/org/glassfish/hk2/hk2-utils/2.5.0/hk2-utils-2.5.0.jar:/home/user/.m2/repository/jakarta/annotation/jakarta.annotation-api/1.3.4/jakarta.annotation-api-1.3.4.jar:/home/user/.m2/repository/org/glassfish/hk2/external/aopalliance-repackaged/2.5.0/aopalliance-repackaged-2.5.0.jar:/home/user/.m2/repository/com/fasterxml/jackson/dataformat/jackson-dataformat-xml/2.9.0/jackson-dataformat-xml-2.9.0.jar:/home/user/.m2/repository/com/fasterxml/jackson/core/jackson-core/2.9.5/jackson-core-2.9.5.jar:/home/user/.m2/repository/com/fasterxml/jackson/module/jackson-module-jaxb-annotations/2.9.5/jackson-module-jaxb-annotations-2.9.5.jar:/home/user/.m2/repository/javax/enterprise/cdi-api/1.2/cdi-api-1.2.jar:/home/user/.m2/repository/javax/el/javax.el-api/3.0.0/javax.el-api-3.0.0.jar:/home/user/.m2/repository/javax/interceptor/javax.interceptor-api/1.2/javax.interceptor-api-1.2.jar:/home/user/.m2/repository/javax/inject/javax.inject/1/javax.inject-1.jar:/home/user/.m2/repository/com/sun/xml/bind/jaxb-impl/2.3.0.1/jaxb-impl-2.3.0.1.jar:/home/user/.m2/repository/com/sun/xml/bind/jaxb-core/2.3.0.1/jaxb-core-2.3.0.1.jar:/home/user/.m2/repository/javax/xml/bind/jaxb-api/2.3.0/jaxb-api-2.3.0.jar:/home/user/.m2/repository/javax/activation/activation/1.1.1/activation-1.1.1.jar:/home/user/.m2/repository/org/apache/hadoop/hadoop-ozone-csi/0.5.0-SNAPSHOT/hadoop-ozone-csi-0.5.0-SNAPSHOT.jar:/home/user/.m2/repository/com/google/protobuf/protobuf-java-util/3.5.1/protobuf-java-util-3.5.1.jar:/home/user/.m2/repository/org/apache/hadoop/hadoop-hdds-config/0.5.0-SNAPSHOT/hadoop-hdds-config-0.5.0-SNAPSHOT.jar:/home/user/.m2/repository/io/grpc/grpc-netty/1.17.1/grpc-netty-1.17.1.jar:/home/user/.m2/repository/io/grpc/grpc-core/1.17.1/grpc-core-1.17.1.jar:/home/user/.m2/repository/io/grpc/grpc-context/1.17.1/grpc-context-1.17.1.jar:/home/user/.m2/repository/com/google/errorprone/error_prone_annotations/2.2.0/error_prone_annotations-2.2.0.jar:/home/user/.m2/repository/org/codehaus/mojo/animal-sniffer-annotations/1.17/animal-sniffer-annotations-1.17.jar:/home/user/.m2/repository/io/opencensus/opencensus-api/0.17.0/opencensus-api-0.17.0.jar:/home/user/.m2/repository/io/opencensus/opencensus-contrib-grpc-metrics/0.17.0/opencensus-contrib-grpc-metrics-0.17.0.jar:/home/user/.m2/repository/io/netty/netty-codec-http2/4.1.30.Final/netty-codec-http2-4.1.30.Final.jar:/home/user/.m2/repository/io/netty/netty-codec-http/4.1.30.Final/netty-codec-http-4.1.30.Final.jar:/home/user/.m2/repository/io/netty/netty-codec/4.1.30.Final/netty-codec-4.1.30.Final.jar:/home/user/.m2/repository/io/netty/netty-handler/4.1.30.Final/netty-handler-4.1.30.Final.jar:/home/user/.m2/repository/io/netty/netty-handler-proxy/4.1.30.Final/netty-handler-proxy-4.1.30.Final.jar:/home/user/.m2/repository/io/netty/netty-codec-socks/4.1.30.Final/netty-codec-socks-4.1.30.Final.jar:/home/user/.m2/repository/io/netty/netty-transport-native-epoll/4.1.30.Final/netty-transport-native-epoll-4.1.30.Final.jar:/home/user/.m2/repository/io/netty/netty-common/4.1.30.Final/netty-common-4.1.30.Final.jar:/home/user/.m2/repository/io/netty/netty-buffer/4.1.30.Final/netty-buffer-4.1.30.Final.jar:/home/user/.m2/repository/io/netty/netty-transport/4.1.30.Final/netty-transport-4.1.30.Final.jar:/home/user/.m2/repository/io/netty/netty-resolver/4.1.30.Final/netty-resolver-4.1.30.Final.jar:/home/user/.m2/repository/io/netty/netty-transport-native-unix-common/4.1.30.Final/netty-transport-native-unix-common-4.1.30.Final.jar:/home/user/.m2/repository/io/grpc/grpc-protobuf/1.17.1/grpc-protobuf-1.17.1.jar:/home/user/.m2/repository/com/google/api/grpc/proto-google-common-protos/1.0.0/proto-google-common-protos-1.0.0.jar:/home/user/.m2/repository/io/grpc/grpc-protobuf-lite/1.17.1/grpc-protobuf-lite-1.17.1.jar:/home/user/.m2/repository/io/grpc/grpc-stub/1.17.1/grpc-stub-1.17.1.jar:/home/user/.m2/repository/org/apache/hadoop/hadoop-ozone-recon/0.5.0-SNAPSHOT/hadoop-ozone-recon-0.5.0-SNAPSHOT.jar:/home/user/.m2/repository/org/apache/hadoop/hadoop-ozone-reconcodegen/0.5.0-SNAPSHOT/hadoop-ozone-reconcodegen-0.5.0-SNAPSHOT.jar:/home/user/.m2/repository/com/google/inject/extensions/guice-multibindings/4.0/guice-multibindings-4.0.jar:/home/user/.m2/repository/com/google/inject/guice/4.0/guice-4.0.jar:/home/user/.m2/repository/aopalliance/aopalliance/1.0/aopalliance-1.0.jar:/home/user/.m2/repository/com/google/inject/extensions/guice-servlet/4.0/guice-servlet-4.0.jar:/home/user/.m2/repository/org/glassfish/jersey/containers/jersey-container-servlet/2.27/jersey-container-servlet-2.27.jar:/home/user/.m2/repository/org/glassfish/hk2/guice-bridge/2.5.0/guice-bridge-2.5.0.jar:/home/user/.m2/repository/org/glassfish/jersey/core/jersey-server/2.27/jersey-server-2.27.jar:/home/user/.m2/repository/org/glassfish/jersey/core/jersey-client/2.27/jersey-client-2.27.jar:/home/user/.m2/repository/org/glassfish/jersey/media/jersey-media-jaxb/2.27/jersey-media-jaxb-2.27.jar:/home/user/.m2/repository/javax/validation/validation-api/1.1.0.Final/validation-api-1.1.0.Final.jar:/home/user/.m2/repository/org/glassfish/jersey/media/jersey-media-json-jackson/2.27/jersey-media-json-jackson-2.27.jar:/home/user/.m2/repository/org/glassfish/jersey/ext/jersey-entity-filtering/2.27/jersey-entity-filtering-2.27.jar:/home/user/.m2/repository/com/google/inject/extensions/guice-assistedinject/4.0/guice-assistedinject-4.0.jar:/home/user/.m2/repository/org/jooq/jooq/3.11.10/jooq-3.11.10.jar:/home/user/.m2/repository/org/jooq/jooq-meta/3.11.10/jooq-meta-3.11.10.jar:/home/user/.m2/repository/org/jooq/jooq-codegen/3.11.10/jooq-codegen-3.11.10.jar:/home/user/.m2/repository/com/jolbox/bonecp/0.8.0.RELEASE/bonecp-0.8.0.RELEASE.jar:/home/user/.m2/repository/org/xerial/sqlite-jdbc/3.25.2/sqlite-jdbc-3.25.2.jar:/home/user/.m2/repository/org/springframework/spring-jdbc/5.1.3.RELEASE/spring-jdbc-5.1.3.RELEASE.jar:/home/user/.m2/repository/org/springframework/spring-beans/5.1.3.RELEASE/spring-beans-5.1.3.RELEASE.jar:/home/user/.m2/repository/org/springframework/spring-core/5.1.3.RELEASE/spring-core-5.1.3.RELEASE.jar:/home/user/.m2/repository/org/springframework/spring-jcl/5.1.3.RELEASE/spring-jcl-5.1.3.RELEASE.jar:/home/user/.m2/repository/org/springframework/spring-tx/5.1.3.RELEASE/spring-tx-5.1.3.RELEASE.jar:/home/user/.m2/repository/org/apache/hadoop/hadoop-ozone-client/0.5.0-SNAPSHOT/hadoop-ozone-client-0.5.0-SNAPSHOT.jar:/home/user/.m2/repository/commons-lang/commons-lang/2.6/commons-lang-2.6.jar:/home/user/.m2/repository/org/apache/hadoop/hadoop-ozone-ozone-manager/0.5.0-SNAPSHOT/hadoop-ozone-ozone-manager-0.5.0-SNAPSHOT-tests.jar:/home/user/.m2/repository/junit/junit/4.11/junit-4.11.jar:/home/user/.m2/repository/org/hamcrest/hamcrest-core/1.3/hamcrest-core-1.3.jar:/home/user/.m2/repository/org/openjdk/jmh/jmh-core/1.19/jmh-core-1.19.jar:/home/user/.m2/repository/net/sf/jopt-simple/jopt-simple/4.6/jopt-simple-4.6.jar:/home/user/.m2/repository/org/apache/commons/commons-math3/3.1.1/commons-math3-3.1.1.jar:/home/user/.m2/repository/org/openjdk/jmh/jmh-generator-annprocess/1.19/jmh-generator-annprocess-1.19.jar:/home/user/.m2/repository/org/mockito/mockito-all/1.8.5/mockito-all-1.8.5.jar:/home/user/.m2/repository/org/apache/hadoop/hadoop-kms/3.2.0/hadoop-kms-3.2.0.jar:/home/user/.m2/repository/org/apache/hadoop/hadoop-auth/3.2.0/hadoop-auth-3.2.0.jar:/home/user/.m2/repository/com/nimbusds/nimbus-jose-jwt/4.41.1/nimbus-jose-jwt-4.41.1.jar:/home/user/.m2/repository/com/github/stephenc/jcip/jcip-annotations/1.0-1/jcip-annotations-1.0-1.jar:/home/user/.m2/repository/net/minidev/json-smart/2.3/json-smart-2.3.jar:/home/user/.m2/repository/net/minidev/accessors-smart/1.2/accessors-smart-1.2.jar:/home/user/.m2/repository/org/ow2/asm/asm/5.0.4/asm-5.0.4.jar:/home/user/.m2/repository/org/apache/curator/curator-framework/2.12.0/curator-framework-2.12.0.jar:/home/user/.m2/repository/com/sun/jersey/jersey-core/1.19/jersey-core-1.19.jar:/home/user/.m2/repository/javax/ws/rs/jsr311-api/1.1.1/jsr311-api-1.1.1.jar:/home/user/.m2/repository/com/sun/jersey/jersey-server/1.19/jersey-server-1.19.jar:/home/user/.m2/repository/javax/servlet/javax.servlet-api/3.1.0/javax.servlet-api-3.1.0.jar:/home/user/.m2/repository/org/eclipse/jetty/jetty-server/9.3.24.v20180605/jetty-server-9.3.24.v20180605.jar:/home/user/.m2/repository/org/eclipse/jetty/jetty-http/9.3.24.v20180605/jetty-http-9.3.24.v20180605.jar:/home/user/.m2/repository/org/eclipse/jetty/jetty-io/9.3.24.v20180605/jetty-io-9.3.24.v20180605.jar:/home/user/.m2/repository/org/eclipse/jetty/jetty-webapp/9.3.24.v20180605/jetty-webapp-9.3.24.v20180605.jar:/home/user/.m2/repository/org/eclipse/jetty/jetty-xml/9.3.24.v20180605/jetty-xml-9.3.24.v20180605.jar:/home/user/.m2/repository/log4j/log4j/1.2.17/log4j-1.2.17.jar:/home/user/.m2/repository/org/slf4j/slf4j-api/1.7.25/slf4j-api-1.7.25.jar:/home/user/.m2/repository/org/slf4j/jul-to-slf4j/1.7.25/jul-to-slf4j-1.7.25.jar:/home/user/.m2/repository/org/eclipse/jetty/jetty-util/9.3.24.v20180605/jetty-util-9.3.24.v20180605.jar:/home/user/.m2/repository/com/fasterxml/jackson/core/jackson-databind/2.9.5/jackson-databind-2.9.5.jar:/home/user/.m2/repository/org/apache/hadoop/hadoop-kms/3.2.0/hadoop-kms-3.2.0-tests.jar:/home/user/.m2/repository/org/apache/hadoop/hadoop-hdds-server-scm/0.5.0-SNAPSHOT/hadoop-hdds-server-scm-0.5.0-SNAPSHOT-tests.jar:/home/user/.m2/repository/org/apache/hadoop/hadoop-hdds-container-service/0.5.0-SNAPSHOT/hadoop-hdds-container-service-0.5.0-SNAPSHOT-tests.jar:/home/user/.m2/repository/org/yaml/snakeyaml/1.16/snakeyaml-1.16.jar:/home/user/.m2/repository/org/apache/hadoop/hadoop-common/3.2.0/hadoop-common-3.2.0-tests.jar:/home/user/.m2/repository/org/apache/hadoop/hadoop-annotations/3.2.0/hadoop-annotations-3.2.0.jar:/usr/lib/jvm/java-1.8-openjdk/jre/../lib/tools.jar:/home/user/.m2/repository/commons-cli/commons-cli/1.2/commons-cli-1.2.jar:/home/user/.m2/repository/org/apache/httpcomponents/httpclient/4.5.2/httpclient-4.5.2.jar:/home/user/.m2/repository/org/apache/httpcomponents/httpcore/4.4.4/httpcore-4.4.4.jar:/home/user/.m2/repository/commons-codec/commons-codec/1.11/commons-codec-1.11.jar:/home/user/.m2/repository/commons-net/commons-net/3.6/commons-net-3.6.jar:/home/user/.m2/repository/commons-collections/commons-collections/3.2.2/commons-collections-3.2.2.jar:/home/user/.m2/repository/org/eclipse/jetty/jetty-servlet/9.3.24.v20180605/jetty-servlet-9.3.24.v20180605.jar:/home/user/.m2/repository/org/eclipse/jetty/jetty-security/9.3.24.v20180605/jetty-security-9.3.24.v20180605.jar:/home/user/.m2/repository/javax/servlet/jsp/jsp-api/2.1/jsp-api-2.1.jar:/home/user/.m2/repository/com/sun/jersey/jersey-servlet/1.19/jersey-servlet-1.19.jar:/home/user/.m2/repository/com/sun/jersey/jersey-json/1.19/jersey-json-1.19.jar:/home/user/.m2/repository/org/codehaus/jettison/jettison/1.1/jettison-1.1.jar:/home/user/.m2/repository/org/codehaus/jackson/jackson-core-asl/1.9.13/jackson-core-asl-1.9.13.jar:/home/user/.m2/repository/org/codehaus/jackson/jackson-mapper-asl/1.9.13/jackson-mapper-asl-1.9.13.jar:/home/user/.m2/repository/org/codehaus/jackson/jackson-jaxrs/1.9.13/jackson-jaxrs-1.9.13.jar:/home/user/.m2/repository/org/codehaus/jackson/jackson-xc/1.9.13/jackson-xc-1.9.13.jar:/home/user/.m2/repository/commons-logging/commons-logging/1.1.3/commons-logging-1.1.3.jar:/home/user/.m2/repository/commons-beanutils/commons-beanutils/1.9.3/commons-beanutils-1.9.3.jar:/home/user/.m2/repository/org/apache/commons/commons-configuration2/2.1.1/commons-configuration2-2.1.1.jar:/home/user/.m2/repository/org/apache/commons/commons-lang3/3.7/commons-lang3-3.7.jar:/home/user/.m2/repository/org/apache/commons/commons-text/1.4/commons-text-1.4.jar:/home/user/.m2/repository/org/apache/avro/avro/1.7.7/avro-1.7.7.jar:/home/user/.m2/repository/com/thoughtworks/paranamer/paranamer/2.3/paranamer-2.3.jar:/home/user/.m2/repository/org/xerial/snappy/snappy-java/1.0.5/snappy-java-1.0.5.jar:/home/user/.m2/repository/com/google/re2j/re2j/1.1/re2j-1.1.jar:/home/user/.m2/repository/com/google/code/gson/gson/2.2.4/gson-2.2.4.jar:/home/user/.m2/repository/com/jcraft/jsch/0.1.54/jsch-0.1.54.jar:/home/user/.m2/repository/org/apache/curator/curator-client/2.12.0/curator-client-2.12.0.jar:/home/user/.m2/repository/org/apache/curator/curator-recipes/2.12.0/curator-recipes-2.12.0.jar:/home/user/.m2/repository/com/google/code/findbugs/jsr305/3.0.0/jsr305-3.0.0.jar:/home/user/.m2/repository/org/apache/htrace/htrace-core4/4.1.0-incubating/htrace-core4-4.1.0-incubating.jar:/home/user/.m2/repository/org/apache/zookeeper/zookeeper/3.4.13/zookeeper-3.4.13.jar:/home/user/.m2/repository/org/apache/yetus/audience-annotations/0.5.0/audience-annotations-0.5.0.jar:/home/user/.m2/repository/org/codehaus/woodstox/stax2-api/3.1.4/stax2-api-3.1.4.jar:/home/user/.m2/repository/com/fasterxml/woodstox/woodstox-core/5.0.3/woodstox-core-5.0.3.jar:/home/user/.m2/repository/dnsjava/dnsjava/2.1.7/dnsjava-2.1.7.jar:/home/user/.m2/repository/org/apache/hadoop/hadoop-hdfs/3.2.0/hadoop-hdfs-3.2.0-tests.jar:/home/user/.m2/repository/org/eclipse/jetty/jetty-util-ajax/9.3.24.v20180605/jetty-util-ajax-9.3.24.v20180605.jar:/home/user/.m2/repository/commons-daemon/commons-daemon/1.0.13/commons-daemon-1.0.13.jar:/home/user/.m2/repository/io/netty/netty/3.10.5.Final/netty-3.10.5.Final.jar:/home/user/.m2/repository/io/netty/netty-all/4.0.52.Final/netty-all-4.0.52.Final.jar:/home/user/.m2/repository/org/fusesource/leveldbjni/leveldbjni-all/1.8/leveldbjni-all-1.8.jar:"/>
    <property name="sun.cpu.endian" value="little"/>
    <property name="user.home" value="/home/user"/>
    <property name="user.language" value="en"/>
    <property name="java.specification.vendor" value="Oracle Corporation"/>
    <property name="java.home" value="/usr/lib/jvm/java-1.8-openjdk/jre"/>
    <property name="java.security.krb5.conf" value="/workdir/hadoop-ozone/integration-test/target/test-classes/krb5.conf"/>
    <property name="basedir" value="/workdir/hadoop-ozone/integration-test"/>
    <property name="file.separator" value="/"/>
    <property name="line.separator" value="&#10;"/>
    <property name="java.vm.specification.vendor" value="Oracle Corporation"/>
    <property name="java.specification.name" value="Java Platform API Specification"/>
    <property name="java.awt.graphicsenv" value="sun.awt.X11GraphicsEnvironment"/>
    <property name="surefire.real.class.path" value="/workdir/hadoop-ozone/integration-test/target/surefire/surefirebooter802468552674047807.jar"/>
    <property name="hadoop.log.dir" value="/workdir/hadoop-ozone/integration-test/target/log"/>
    <property name="sun.boot.class.path" value="/usr/lib/jvm/java-1.8-openjdk/jre/lib/resources.jar:/usr/lib/jvm/java-1.8-openjdk/jre/lib/rt.jar:/usr/lib/jvm/java-1.8-openjdk/jre/lib/sunrsasign.jar:/usr/lib/jvm/java-1.8-openjdk/jre/lib/jsse.jar:/usr/lib/jvm/java-1.8-openjdk/jre/lib/jce.jar:/usr/lib/jvm/java-1.8-openjdk/jre/lib/charsets.jar:/usr/lib/jvm/java-1.8-openjdk/jre/lib/jfr.jar:/usr/lib/jvm/java-1.8-openjdk/jre/classes"/>
    <property name="sun.management.compiler" value="HotSpot 64-Bit Tiered Compilers"/>
    <property name="java.runtime.version" value="1.8.0_212-b04"/>
    <property name="java.net.preferIPv4Stack" value="true"/>
    <property name="user.name" value="jenkins1000"/>
    <property name="path.separator" value=":"/>
    <property name="java.security.egd" value="file:///dev/urandom"/>
    <property name="os.version" value="3.10.0-957.12.2.el7.x86_64"/>
    <property name="java.endorsed.dirs" value="/usr/lib/jvm/java-1.8-openjdk/jre/lib/endorsed"/>
    <property name="java.runtime.name" value="OpenJDK Runtime Environment"/>
    <property name="file.encoding" value="UTF-8"/>
    <property name="java.vm.name" value="OpenJDK 64-Bit Server VM"/>
    <property name="test.build.webapps" value=""/>
    <property name="localRepository" value="/home/user/.m2/repository"/>
    <property name="java.vendor.url.bug" value="https://icedtea.classpath.org/bugzilla"/>
    <property name="java.io.tmpdir" value="/tmp"/>
    <property name="require.test.libhadoop" value=""/>
    <property name="java.version" value="1.8.0_212"/>
    <property name="user.dir" value="/workdir/hadoop-ozone/integration-test"/>
    <property name="os.arch" value="amd64"/>
    <property name="java.vm.specification.name" value="Java Virtual Machine Specification"/>
    <property name="test.build.classes" value="/workdir/hadoop-ozone/integration-test/target/test-classes"/>
    <property name="java.awt.printerjob" value="sun.print.PSPrinterJob"/>
    <property name="sun.os.patch.level" value="unknown"/>
    <property name="hadoop.tmp.dir" value="/workdir/hadoop-ozone/integration-test/target/tmp"/>
    <property name="java.library.path" value="/usr/lib/jvm/java-1.8-openjdk/jre/lib/amd64/server:/usr/lib/jvm/java-1.8-openjdk/jre/lib/amd64:/usr/lib/jvm/java-1.8-openjdk/jre/../lib/amd64:/workdir/hadoop-ozone/integration-test/target/native/target/usr/local/lib:/workdir/hadoop-ozone/integration-test/../../hadoop-common-project/hadoop-common/target/native/target/usr/local/lib:/usr/java/packages/lib/amd64:/usr/lib64:/lib64:/lib:/usr/lib"/>
    <property name="java.vm.info" value="mixed mode"/>
    <property name="java.vendor" value="IcedTea"/>
    <property name="java.vm.version" value="25.212-b04"/>
    <property name="java.ext.dirs" value="/usr/lib/jvm/java-1.8-openjdk/jre/lib/ext:/usr/java/packages/lib/ext"/>
    <property name="sun.io.unicode.encoding" value="UnicodeLittle"/>
    <property name="java.class.version" value="52.0"/>
  </properties>
  <testcase name="testGroupMismatchExceptionHandling" classname="org.apache.hadoop.ozone.client.rpc.TestOzoneClientRetriesOnException" time="51.59"/>
  <testcase name="testMaxRetriesByOzoneClient" classname="org.apache.hadoop.ozone.client.rpc.TestOzoneClientRetriesOnException" time="335.6">
    <error message="Failed to command cmdType: CreateContainer&#10;containerID: 1&#10;datanodeUuid: &quot;ff101aed-a6b7-4de5-96bc-8545c1bca62b&quot;&#10;createContainer {&#10;}&#10;" type="java.io.IOException">java.io.IOException: 
Failed to command cmdType: CreateContainer
containerID: 1
datanodeUuid: "ff101aed-a6b7-4de5-96bc-8545c1bca62b"
createContainer {
}

	at org.apache.hadoop.hdds.scm.XceiverClientSpi.sendCommand(XceiverClientSpi.java:113)
	at org.apache.hadoop.ozone.client.rpc.TestOzoneClientRetriesOnException.testMaxRetriesByOzoneClient(TestOzoneClientRetriesOnException.java:190)
	at sun.reflect.NativeMethodAccessorImpl.invoke0(Native Method)
	at sun.reflect.NativeMethodAccessorImpl.invoke(NativeMethodAccessorImpl.java:62)
	at sun.reflect.DelegatingMethodAccessorImpl.invoke(DelegatingMethodAccessorImpl.java:43)
	at java.lang.reflect.Method.invoke(Method.java:498)
	at org.junit.runners.model.FrameworkMethod$1.runReflectiveCall(FrameworkMethod.java:47)
	at org.junit.internal.runners.model.ReflectiveCallable.run(ReflectiveCallable.java:12)
	at org.junit.runners.model.FrameworkMethod.invokeExplosively(FrameworkMethod.java:44)
	at org.junit.internal.runners.statements.InvokeMethod.evaluate(InvokeMethod.java:17)
	at org.junit.internal.runners.statements.RunBefores.evaluate(RunBefores.java:26)
	at org.junit.internal.runners.statements.RunAfters.evaluate(RunAfters.java:27)
	at org.junit.runners.ParentRunner.runLeaf(ParentRunner.java:271)
	at org.junit.runners.BlockJUnit4ClassRunner.runChild(BlockJUnit4ClassRunner.java:70)
	at org.junit.runners.BlockJUnit4ClassRunner.runChild(BlockJUnit4ClassRunner.java:50)
	at org.junit.runners.ParentRunner$3.run(ParentRunner.java:238)
	at org.junit.runners.ParentRunner$1.schedule(ParentRunner.java:63)
	at org.junit.runners.ParentRunner.runChildren(ParentRunner.java:236)
	at org.junit.runners.ParentRunner.access$000(ParentRunner.java:53)
	at org.junit.runners.ParentRunner$2.evaluate(ParentRunner.java:229)
	at org.junit.runners.ParentRunner.run(ParentRunner.java:309)
	at org.apache.maven.surefire.junit4.JUnit4Provider.execute(JUnit4Provider.java:365)
	at org.apache.maven.surefire.junit4.JUnit4Provider.executeWithRerun(JUnit4Provider.java:273)
	at org.apache.maven.surefire.junit4.JUnit4Provider.executeTestSet(JUnit4Provider.java:238)
	at org.apache.maven.surefire.junit4.JUnit4Provider.invoke(JUnit4Provider.java:159)
	at org.apache.maven.surefire.booter.ForkedBooter.invokeProviderInSameClassLoader(ForkedBooter.java:384)
	at org.apache.maven.surefire.booter.ForkedBooter.runSuitesInProcess(ForkedBooter.java:345)
	at org.apache.maven.surefire.booter.ForkedBooter.execute(ForkedBooter.java:126)
	at org.apache.maven.surefire.booter.ForkedBooter.main(ForkedBooter.java:418)
Caused by: java.util.concurrent.ExecutionException: org.apache.ratis.protocol.RaftRetryFailureException: Failed RaftClientRequest:client-9C14CD88FCAE->7ad9a523-ea61-4de8-b564-9ed7c6de1fd1@group-92F312A34A51, cid=45, seq=4*, RW, org.apache.hadoop.hdds.scm.XceiverClientRatis$$Lambda$315/1549733596@56e5bd18 for 180 attempts with RetryLimited(maxAttempts=180, sleepTime=1000ms)
	at java.util.concurrent.CompletableFuture.reportGet(CompletableFuture.java:357)
	at java.util.concurrent.CompletableFuture.get(CompletableFuture.java:1895)
	at org.apache.hadoop.hdds.scm.XceiverClientSpi.sendCommand(XceiverClientSpi.java:110)
	... 28 more
Caused by: org.apache.ratis.protocol.RaftRetryFailureException: Failed RaftClientRequest:client-9C14CD88FCAE->7ad9a523-ea61-4de8-b564-9ed7c6de1fd1@group-92F312A34A51, cid=45, seq=4*, RW, org.apache.hadoop.hdds.scm.XceiverClientRatis$$Lambda$315/1549733596@56e5bd18 for 180 attempts with RetryLimited(maxAttempts=180, sleepTime=1000ms)
	at org.apache.ratis.client.impl.RaftClientImpl.noMoreRetries(RaftClientImpl.java:272)
	at org.apache.ratis.client.impl.OrderedAsync.handleAsyncRetryFailure(OrderedAsync.java:138)
	at org.apache.ratis.client.impl.OrderedAsync.lambda$sendRequest$10(OrderedAsync.java:230)
	at java.util.concurrent.CompletableFuture.uniExceptionally(CompletableFuture.java:870)
	at java.util.concurrent.CompletableFuture$UniExceptionally.tryFire(CompletableFuture.java:852)
	at java.util.concurrent.CompletableFuture.postComplete(CompletableFuture.java:474)
	at java.util.concurrent.CompletableFuture.completeExceptionally(CompletableFuture.java:1977)
	at org.apache.ratis.grpc.client.GrpcClientProtocolClient$AsyncStreamObservers.completeReplyExceptionally(GrpcClientProtocolClient.java:330)
	at org.apache.ratis.grpc.client.GrpcClientProtocolClient$AsyncStreamObservers.access$000(GrpcClientProtocolClient.java:246)
	at org.apache.ratis.grpc.client.GrpcClientProtocolClient$AsyncStreamObservers$1.onNext(GrpcClientProtocolClient.java:258)
	at org.apache.ratis.grpc.client.GrpcClientProtocolClient$AsyncStreamObservers$1.onNext(GrpcClientProtocolClient.java:249)
	at org.apache.ratis.thirdparty.io.grpc.stub.ClientCalls$StreamObserverToCallListenerAdapter.onMessage(ClientCalls.java:421)
	at org.apache.ratis.thirdparty.io.grpc.ForwardingClientCallListener.onMessage(ForwardingClientCallListener.java:33)
	at org.apache.ratis.thirdparty.io.grpc.ForwardingClientCallListener.onMessage(ForwardingClientCallListener.java:33)
	at org.apache.ratis.thirdparty.io.grpc.internal.ClientCallImpl$ClientStreamListenerImpl$1MessagesAvailable.runInContext(ClientCallImpl.java:519)
	at org.apache.ratis.thirdparty.io.grpc.internal.ContextRunnable.run(ContextRunnable.java:37)
	at org.apache.ratis.thirdparty.io.grpc.internal.SerializingExecutor.run(SerializingExecutor.java:123)
	at java.util.concurrent.ThreadPoolExecutor.runWorker(ThreadPoolExecutor.java:1149)
	at java.util.concurrent.ThreadPoolExecutor$Worker.run(ThreadPoolExecutor.java:624)
	at java.lang.Thread.run(Thread.java:748)
Caused by: org.apache.ratis.protocol.NotLeaderException: Server 7ad9a523-ea61-4de8-b564-9ed7c6de1fd1 is not the leader (d16fede7-9c95-4edf-9c33-745cfaca74f6:192.168.69.113:38146). Request must be sent to leader.
	at org.apache.ratis.client.impl.ClientProtoUtils.toRaftClientReply(ClientProtoUtils.java:242)
	at org.apache.ratis.grpc.client.GrpcClientProtocolClient$AsyncStreamObservers$1.onNext(GrpcClientProtocolClient.java:254)
	... 10 more
</error>
    <system-out><![CDATA[2019-08-27 21:51:55,816 [main] WARN  server.ServerUtils (ServerUtils.java:getScmDbDir(145)) - ozone.scm.db.dirs is not configured. We recommend adding this setting. Falling back to ozone.metadata.dirs instead.
2019-08-27 21:51:55,832 [main] WARN  server.ServerUtils (ServerUtils.java:getScmDbDir(145)) - ozone.scm.db.dirs is not configured. We recommend adding this setting. Falling back to ozone.metadata.dirs instead.
2019-08-27 21:51:55,833 [main] WARN  server.ServerUtils (ServerUtils.java:getScmDbDir(145)) - ozone.scm.db.dirs is not configured. We recommend adding this setting. Falling back to ozone.metadata.dirs instead.
2019-08-27 21:51:55,833 [main] INFO  db.DBStoreBuilder (DBStoreBuilder.java:addTable(110)) - using custom profile for table: deletedBlocks
2019-08-27 21:51:55,834 [main] INFO  db.DBStoreBuilder (DBStoreBuilder.java:processTables(161)) - Using default column profile:DBProfile.DISK for Table:deletedBlocks
2019-08-27 21:51:55,834 [main] INFO  db.DBStoreBuilder (DBStoreBuilder.java:addTable(110)) - using custom profile for table: validCerts
2019-08-27 21:51:55,834 [main] INFO  db.DBStoreBuilder (DBStoreBuilder.java:processTables(161)) - Using default column profile:DBProfile.DISK for Table:validCerts
2019-08-27 21:51:55,834 [main] INFO  db.DBStoreBuilder (DBStoreBuilder.java:addTable(110)) - using custom profile for table: revokedCerts
2019-08-27 21:51:55,835 [main] INFO  db.DBStoreBuilder (DBStoreBuilder.java:processTables(161)) - Using default column profile:DBProfile.DISK for Table:revokedCerts
2019-08-27 21:51:55,835 [main] INFO  db.DBStoreBuilder (DBStoreBuilder.java:addTable(110)) - using custom profile for table: default
2019-08-27 21:51:55,835 [main] INFO  db.DBStoreBuilder (DBStoreBuilder.java:processTables(167)) - Using default column profile:DBProfile.DISK for Table:default
2019-08-27 21:51:55,835 [main] INFO  db.DBStoreBuilder (DBStoreBuilder.java:getDbProfile(198)) - Using default options. DBProfile.DISK
2019-08-27 21:51:55,989 [main] INFO  net.NodeSchemaLoader (NodeSchemaLoader.java:loadSchemaFromFile(125)) - Loading file from sun.misc.CompoundEnumeration@3e753289
2019-08-27 21:51:55,989 [main] INFO  net.NodeSchemaLoader (NodeSchemaLoader.java:loadSchema(171)) - Loading network topology layer schema file
2019-08-27 21:51:55,993 [main] WARN  server.ServerUtils (ServerUtils.java:sanitizeUserArgs(70)) - ozone.scm.stale.node.interval value = 300000 is larger than max = 100000 based on the key value of ozone.scm.heartbeat.thread.interval, reset to the max value 100000.
2019-08-27 21:51:55,993 [main] WARN  server.ServerUtils (ServerUtils.java:sanitizeUserArgs(70)) - ozone.scm.stale.node.interval value = 300000 is larger than max = 100000 based on the key value of ozone.scm.heartbeat.thread.interval, reset to the max value 100000.
2019-08-27 21:51:55,994 [main] INFO  node.SCMNodeManager (SCMNodeManager.java:<init>(121)) - Entering startup safe mode.
2019-08-27 21:51:55,995 [main] INFO  algorithms.ContainerPlacementPolicyFactory (ContainerPlacementPolicyFactory.java:getPolicy(55)) - Create container placement policy of type org.apache.hadoop.hdds.scm.container.placement.algorithms.SCMContainerPlacementRandom
2019-08-27 21:51:55,995 [main] WARN  server.ServerUtils (ServerUtils.java:getScmDbDir(145)) - ozone.scm.db.dirs is not configured. We recommend adding this setting. Falling back to ozone.metadata.dirs instead.
2019-08-27 21:51:56,046 [main] INFO  pipeline.SCMPipelineManager (SCMPipelineManager.java:initializePipelineState(126)) - No pipeline exists in current db
2019-08-27 21:51:56,047 [main] WARN  server.ServerUtils (ServerUtils.java:getScmDbDir(145)) - ozone.scm.db.dirs is not configured. We recommend adding this setting. Falling back to ozone.metadata.dirs instead.
2019-08-27 21:51:56,102 [main] WARN  events.EventQueue (EventQueue.java:fireEvent(175)) - No event handler registered for event TypedEvent{payloadType=SafeModeStatus, name='SafeModeStatus'}
2019-08-27 21:51:56,103 [main] INFO  ipc.CallQueueManager (CallQueueManager.java:<init>(84)) - Using callQueue: class java.util.concurrent.LinkedBlockingQueue, queueCapacity: 2000, scheduler: class org.apache.hadoop.ipc.DefaultRpcScheduler, ipcBackoff: false.
2019-08-27 21:51:56,104 [Socket Reader #1 for port 38993] INFO  ipc.Server (Server.java:run(1074)) - Starting Socket Reader #1 for port 38993
2019-08-27 21:51:56,107 [main] INFO  ipc.CallQueueManager (CallQueueManager.java:<init>(84)) - Using callQueue: class java.util.concurrent.LinkedBlockingQueue, queueCapacity: 2000, scheduler: class org.apache.hadoop.ipc.DefaultRpcScheduler, ipcBackoff: false.
2019-08-27 21:51:56,107 [Socket Reader #1 for port 46407] INFO  ipc.Server (Server.java:run(1074)) - Starting Socket Reader #1 for port 46407
2019-08-27 21:51:56,109 [main] INFO  ipc.CallQueueManager (CallQueueManager.java:<init>(84)) - Using callQueue: class java.util.concurrent.LinkedBlockingQueue, queueCapacity: 2000, scheduler: class org.apache.hadoop.ipc.DefaultRpcScheduler, ipcBackoff: false.
2019-08-27 21:51:56,110 [Socket Reader #1 for port 39752] INFO  ipc.Server (Server.java:run(1074)) - Starting Socket Reader #1 for port 39752
2019-08-27 21:51:56,112 [main] INFO  hdfs.DFSUtil (DFSUtil.java:httpServerTemplateForNNAndJN(1641)) - Starting Web-server for scm at: http://0.0.0.0:0
2019-08-27 21:51:56,115 [main] INFO  server.AuthenticationFilter (AuthenticationFilter.java:constructSecretProvider(240)) - Unable to initialize FileSignerSecretProvider, falling back to use random secrets.
2019-08-27 21:51:56,116 [main] WARN  http.HttpRequestLog (HttpRequestLog.java:getRequestLog(97)) - Jetty request log can only be enabled using Log4j
2019-08-27 21:51:56,119 [main] INFO  http.HttpServer2 (HttpServer2.java:addGlobalFilter(975)) - Added global filter 'safety' (class=org.apache.hadoop.http.HttpServer2$QuotingInputFilter)
2019-08-27 21:51:56,120 [main] INFO  http.HttpServer2 (HttpServer2.java:addFilter(948)) - Added filter static_user_filter (class=org.apache.hadoop.http.lib.StaticUserWebFilter$StaticUserFilter) to context scm
2019-08-27 21:51:56,120 [main] INFO  http.HttpServer2 (HttpServer2.java:addFilter(958)) - Added filter static_user_filter (class=org.apache.hadoop.http.lib.StaticUserWebFilter$StaticUserFilter) to context logs
2019-08-27 21:51:56,121 [main] INFO  http.HttpServer2 (HttpServer2.java:addFilter(958)) - Added filter static_user_filter (class=org.apache.hadoop.http.lib.StaticUserWebFilter$StaticUserFilter) to context static
2019-08-27 21:51:56,124 [main] INFO  server.StorageContainerManager (StorageContainerManager.java:start(759)) - StorageContainerLocationProtocol RPC server is listening at /0.0.0.0:39752
2019-08-27 21:51:56,127 [main] WARN  impl.MetricsConfig (MetricsConfig.java:loadFirst(134)) - Cannot locate configuration: tried hadoop-metrics2-storagecontainermanager.properties,hadoop-metrics2.properties
2019-08-27 21:51:56,128 [main] INFO  impl.MetricsSystemImpl (MetricsSystemImpl.java:startTimer(374)) - Scheduled Metric snapshot period at 10 second(s).
2019-08-27 21:51:56,128 [main] INFO  impl.MetricsSystemImpl (MetricsSystemImpl.java:start(191)) - StorageContainerManager metrics system started
2019-08-27 21:51:56,196 [main] INFO  server.SCMClientProtocolServer (SCMClientProtocolServer.java:start(151)) - RPC server for Client  is listening at /0.0.0.0:39752
2019-08-27 21:51:56,196 [IPC Server Responder] INFO  ipc.Server (Server.java:run(1314)) - IPC Server Responder: starting
2019-08-27 21:51:56,196 [IPC Server listener on 39752] INFO  ipc.Server (Server.java:run(1153)) - IPC Server listener on 39752: starting
2019-08-27 21:51:56,201 [main] INFO  server.StorageContainerManager (StorageContainerManager.java:start(769)) - ScmBlockLocationProtocol RPC server is listening at /0.0.0.0:46407
2019-08-27 21:51:56,201 [main] INFO  server.SCMBlockProtocolServer (SCMBlockProtocolServer.java:start(140)) - RPC server for Block Protocol is listening at /0.0.0.0:46407
2019-08-27 21:51:56,202 [IPC Server Responder] INFO  ipc.Server (Server.java:run(1314)) - IPC Server Responder: starting
2019-08-27 21:51:56,202 [IPC Server listener on 46407] INFO  ipc.Server (Server.java:run(1153)) - IPC Server listener on 46407: starting
2019-08-27 21:51:56,207 [main] INFO  server.StorageContainerManager (StorageContainerManager.java:start(773)) - ScmDatanodeProtocl RPC server is listening at /0.0.0.0:38993
2019-08-27 21:51:56,208 [main] INFO  server.SCMDatanodeProtocolServer (SCMDatanodeProtocolServer.java:start(191)) - RPC server for DataNodes is listening at /0.0.0.0:38993
2019-08-27 21:51:56,208 [IPC Server Responder] INFO  ipc.Server (Server.java:run(1314)) - IPC Server Responder: starting
2019-08-27 21:51:56,208 [IPC Server listener on 38993] INFO  ipc.Server (Server.java:run(1153)) - IPC Server listener on 38993: starting
2019-08-27 21:51:56,214 [main] INFO  http.HttpServer2 (HttpServer2.java:bindListener(1191)) - Jetty bound to port 33505
2019-08-27 21:51:56,214 [main] INFO  server.Server (Server.java:doStart(351)) - jetty-9.3.24.v20180605, build timestamp: 2018-06-05T17:11:56Z, git hash: 84205aa28f11a4f31f2a3b86d1bba2cc8ab69827
2019-08-27 21:51:56,217 [main] INFO  handler.ContextHandler (ContextHandler.java:doStart(781)) - Started o.e.j.s.ServletContextHandler@42cc420b{/logs,file:///workdir/hadoop-ozone/integration-test/target/log,AVAILABLE}
2019-08-27 21:51:56,217 [main] INFO  handler.ContextHandler (ContextHandler.java:doStart(781)) - Started o.e.j.s.ServletContextHandler@5086623f{/static,file:///workdir/hadoop-ozone/integration-test/target/test-classes/webapps/static,AVAILABLE}
2019-08-27 21:51:56,224 [main] INFO  handler.ContextHandler (ContextHandler.java:doStart(781)) - Started o.e.j.w.WebAppContext@4cc26df{/,file:///workdir/hadoop-ozone/integration-test/target/test-classes/webapps/scm/,AVAILABLE}{/scm}
2019-08-27 21:51:56,225 [main] INFO  server.AbstractConnector (AbstractConnector.java:doStart(278)) - Started ServerConnector@7848321e{HTTP/1.1,[http/1.1]}{0.0.0.0:33505}
2019-08-27 21:51:56,226 [main] INFO  server.Server (Server.java:doStart(419)) - Started @52588ms
2019-08-27 21:51:56,227 [main] INFO  server.BaseHttpServer (BaseHttpServer.java:updateConnectorAddress(213)) - HTTP server of SCM is listening at http://0.0.0.0:33505
2019-08-27 21:51:56,228 [main] WARN  server.ServerUtils (ServerUtils.java:getDBPath(222)) - ozone.om.db.dirs is not configured. We recommend adding this setting. Falling back to ozone.metadata.dirs instead.
2019-08-27 21:51:56,228 [org.apache.hadoop.util.JvmPauseMonitor$Monitor@7b5833ee] INFO  util.JvmPauseMonitor (JvmPauseMonitor.java:run(188)) - Starting JVM pause monitor
2019-08-27 21:51:56,242 [main] WARN  server.ServerUtils (ServerUtils.java:getDBPath(222)) - ozone.om.db.dirs is not configured. We recommend adding this setting. Falling back to ozone.metadata.dirs instead.
2019-08-27 21:51:56,243 [main] WARN  server.ServerUtils (ServerUtils.java:getDBPath(222)) - ozone.om.db.dirs is not configured. We recommend adding this setting. Falling back to ozone.metadata.dirs instead.
2019-08-27 21:51:56,243 [main] INFO  om.OzoneManager (OzoneManager.java:setOMNodeDetails(645)) - OM Service ID is not set. Setting it to the default ID: omServiceIdDefault
2019-08-27 21:51:56,243 [main] INFO  om.OzoneManager (OzoneManager.java:setOMNodeDetails(651)) - OM Node ID is not set. Setting it to the OmStorage's OmID: 0bceb85a-e81d-42f1-8a1f-4b1fe7de4808
2019-08-27 21:51:56,243 [main] INFO  om.OzoneManager (OzoneManager.java:loadOMHAConfigs(602)) - Found matching OM address with OMServiceId: null, OMNodeId: null, RPC Address: localhost:0 and Ratis port: 9872
2019-08-27 21:51:56,250 | INFO  | SCMAudit | user=jenkins1000 | ip=192.168.69.113 | op=GET_SCM_INFO null | ret=SUCCESS |  
2019-08-27 21:51:56,253 [main] WARN  server.ServerUtils (ServerUtils.java:getDBPath(222)) - ozone.om.db.dirs is not configured. We recommend adding this setting. Falling back to ozone.metadata.dirs instead.
2019-08-27 21:51:56,254 [main] INFO  db.DBStoreBuilder (DBStoreBuilder.java:addTable(110)) - using custom profile for table: userTable
2019-08-27 21:51:56,254 [main] INFO  db.DBStoreBuilder (DBStoreBuilder.java:processTables(161)) - Using default column profile:DBProfile.DISK for Table:userTable
2019-08-27 21:51:56,254 [main] INFO  db.DBStoreBuilder (DBStoreBuilder.java:addTable(110)) - using custom profile for table: volumeTable
2019-08-27 21:51:56,255 [main] INFO  db.DBStoreBuilder (DBStoreBuilder.java:processTables(161)) - Using default column profile:DBProfile.DISK for Table:volumeTable
2019-08-27 21:51:56,255 [main] INFO  db.DBStoreBuilder (DBStoreBuilder.java:addTable(110)) - using custom profile for table: bucketTable
2019-08-27 21:51:56,255 [main] INFO  db.DBStoreBuilder (DBStoreBuilder.java:processTables(161)) - Using default column profile:DBProfile.DISK for Table:bucketTable
2019-08-27 21:51:56,255 [main] INFO  db.DBStoreBuilder (DBStoreBuilder.java:addTable(110)) - using custom profile for table: keyTable
2019-08-27 21:51:56,255 [main] INFO  db.DBStoreBuilder (DBStoreBuilder.java:processTables(161)) - Using default column profile:DBProfile.DISK for Table:keyTable
2019-08-27 21:51:56,256 [main] INFO  db.DBStoreBuilder (DBStoreBuilder.java:addTable(110)) - using custom profile for table: deletedTable
2019-08-27 21:51:56,256 [main] INFO  db.DBStoreBuilder (DBStoreBuilder.java:processTables(161)) - Using default column profile:DBProfile.DISK for Table:deletedTable
2019-08-27 21:51:56,256 [main] INFO  db.DBStoreBuilder (DBStoreBuilder.java:addTable(110)) - using custom profile for table: openKeyTable
2019-08-27 21:51:56,256 [main] INFO  db.DBStoreBuilder (DBStoreBuilder.java:processTables(161)) - Using default column profile:DBProfile.DISK for Table:openKeyTable
2019-08-27 21:51:56,257 [main] INFO  db.DBStoreBuilder (DBStoreBuilder.java:addTable(110)) - using custom profile for table: s3Table
2019-08-27 21:51:56,257 [main] INFO  db.DBStoreBuilder (DBStoreBuilder.java:processTables(161)) - Using default column profile:DBProfile.DISK for Table:s3Table
2019-08-27 21:51:56,257 [main] INFO  db.DBStoreBuilder (DBStoreBuilder.java:addTable(110)) - using custom profile for table: multipartInfoTable
2019-08-27 21:51:56,257 [main] INFO  db.DBStoreBuilder (DBStoreBuilder.java:processTables(161)) - Using default column profile:DBProfile.DISK for Table:multipartInfoTable
2019-08-27 21:51:56,257 [main] INFO  db.DBStoreBuilder (DBStoreBuilder.java:addTable(110)) - using custom profile for table: dTokenTable
2019-08-27 21:51:56,258 [main] INFO  db.DBStoreBuilder (DBStoreBuilder.java:processTables(161)) - Using default column profile:DBProfile.DISK for Table:dTokenTable
2019-08-27 21:51:56,258 [main] INFO  db.DBStoreBuilder (DBStoreBuilder.java:addTable(110)) - using custom profile for table: s3SecretTable
2019-08-27 21:51:56,258 [main] INFO  db.DBStoreBuilder (DBStoreBuilder.java:processTables(161)) - Using default column profile:DBProfile.DISK for Table:s3SecretTable
2019-08-27 21:51:56,258 [main] INFO  db.DBStoreBuilder (DBStoreBuilder.java:addTable(110)) - using custom profile for table: prefixTable
2019-08-27 21:51:56,258 [main] INFO  db.DBStoreBuilder (DBStoreBuilder.java:processTables(161)) - Using default column profile:DBProfile.DISK for Table:prefixTable
2019-08-27 21:51:56,259 [main] INFO  db.DBStoreBuilder (DBStoreBuilder.java:addTable(110)) - using custom profile for table: default
2019-08-27 21:51:56,259 [main] INFO  db.DBStoreBuilder (DBStoreBuilder.java:processTables(167)) - Using default column profile:DBProfile.DISK for Table:default
2019-08-27 21:51:56,259 [main] INFO  db.DBStoreBuilder (DBStoreBuilder.java:getDbProfile(198)) - Using default options. DBProfile.DISK
2019-08-27 21:51:56,787 [main] INFO  ipc.CallQueueManager (CallQueueManager.java:<init>(84)) - Using callQueue: class java.util.concurrent.LinkedBlockingQueue, queueCapacity: 2000, scheduler: class org.apache.hadoop.ipc.DefaultRpcScheduler, ipcBackoff: false.
2019-08-27 21:51:56,788 [Socket Reader #1 for port 39585] INFO  ipc.Server (Server.java:run(1074)) - Starting Socket Reader #1 for port 39585
2019-08-27 21:51:56,803 [main] INFO  om.OzoneManager (OzoneManager.java:start(1256)) - OzoneManager RPC server is listening at localhost/127.0.0.1:39585
2019-08-27 21:51:56,803 [main] INFO  impl.MetricsSystemImpl (MetricsSystemImpl.java:init(158)) - OzoneManager metrics system started (again)
2019-08-27 21:51:56,804 [IPC Server Responder] INFO  ipc.Server (Server.java:run(1314)) - IPC Server Responder: starting
2019-08-27 21:51:56,804 [IPC Server listener on 39585] INFO  ipc.Server (Server.java:run(1153)) - IPC Server listener on 39585: starting
2019-08-27 21:51:56,811 [main] INFO  hdfs.DFSUtil (DFSUtil.java:httpServerTemplateForNNAndJN(1641)) - Starting Web-server for ozoneManager at: http://0.0.0.0:0
2019-08-27 21:51:56,813 [main] INFO  server.AuthenticationFilter (AuthenticationFilter.java:constructSecretProvider(240)) - Unable to initialize FileSignerSecretProvider, falling back to use random secrets.
2019-08-27 21:51:56,814 [main] WARN  http.HttpRequestLog (HttpRequestLog.java:getRequestLog(97)) - Jetty request log can only be enabled using Log4j
2019-08-27 21:51:56,817 [main] INFO  http.HttpServer2 (HttpServer2.java:addGlobalFilter(975)) - Added global filter 'safety' (class=org.apache.hadoop.http.HttpServer2$QuotingInputFilter)
2019-08-27 21:51:56,819 [main] INFO  http.HttpServer2 (HttpServer2.java:addFilter(948)) - Added filter static_user_filter (class=org.apache.hadoop.http.lib.StaticUserWebFilter$StaticUserFilter) to context ozoneManager
2019-08-27 21:51:56,819 [main] INFO  http.HttpServer2 (HttpServer2.java:addFilter(958)) - Added filter static_user_filter (class=org.apache.hadoop.http.lib.StaticUserWebFilter$StaticUserFilter) to context static
2019-08-27 21:51:56,819 [main] INFO  http.HttpServer2 (HttpServer2.java:addFilter(958)) - Added filter static_user_filter (class=org.apache.hadoop.http.lib.StaticUserWebFilter$StaticUserFilter) to context logs
2019-08-27 21:51:56,821 [main] INFO  http.HttpServer2 (HttpServer2.java:bindListener(1191)) - Jetty bound to port 32892
2019-08-27 21:51:56,821 [main] INFO  server.Server (Server.java:doStart(351)) - jetty-9.3.24.v20180605, build timestamp: 2018-06-05T17:11:56Z, git hash: 84205aa28f11a4f31f2a3b86d1bba2cc8ab69827
2019-08-27 21:51:56,823 [main] INFO  handler.ContextHandler (ContextHandler.java:doStart(781)) - Started o.e.j.s.ServletContextHandler@15e8c040{/logs,file:///workdir/hadoop-ozone/integration-test/target/log,AVAILABLE}
2019-08-27 21:51:56,824 [main] INFO  handler.ContextHandler (ContextHandler.java:doStart(781)) - Started o.e.j.s.ServletContextHandler@60ed0b9d{/static,file:///workdir/hadoop-ozone/integration-test/target/test-classes/webapps/static,AVAILABLE}
2019-08-27 21:51:56,831 [main] INFO  handler.ContextHandler (ContextHandler.java:doStart(781)) - Started o.e.j.w.WebAppContext@134abd78{/,file:///workdir/hadoop-ozone/integration-test/target/test-classes/webapps/ozoneManager/,AVAILABLE}{/ozoneManager}
2019-08-27 21:51:56,832 [main] INFO  server.AbstractConnector (AbstractConnector.java:doStart(278)) - Started ServerConnector@3b0ed98a{HTTP/1.1,[http/1.1]}{0.0.0.0:32892}
2019-08-27 21:51:56,833 [main] INFO  server.Server (Server.java:doStart(419)) - Started @53195ms
2019-08-27 21:51:56,834 [main] INFO  server.BaseHttpServer (BaseHttpServer.java:updateConnectorAddress(213)) - HTTP server of OZONEMANAGER is listening at http://0.0.0.0:32892
2019-08-27 21:51:56,854 [main] INFO  impl.MetricsSystemImpl (MetricsSystemImpl.java:init(158)) - HddsDatanode metrics system started (again)
2019-08-27 21:51:56,857 [main] INFO  ozone.HddsDatanodeService (HddsDatanodeService.java:start(184)) - HddsDatanodeService host:pr-hdds-1200-p2fvk-934908843 ip:192.168.69.113
2019-08-27 21:51:56,866 [main] INFO  volume.HddsVolume (HddsVolume.java:<init>(176)) - Creating Volume: /workdir/hadoop-ozone/integration-test/target/test-dir/MiniOzoneClusterImpl-0c6efe5f-9e3c-49a3-bcef-d31200f6a240/datanode-0/data/containers/hdds of  storage type : DISK and capacity : 1482555576320
2019-08-27 21:51:56,866 [main] INFO  volume.VolumeSet (VolumeSet.java:initializeVolumeSet(170)) - Added Volume : /workdir/hadoop-ozone/integration-test/target/test-dir/MiniOzoneClusterImpl-0c6efe5f-9e3c-49a3-bcef-d31200f6a240/datanode-0/data/containers/hdds to VolumeSet
2019-08-27 21:51:56,867 [main] INFO  volume.ThrottledAsyncChecker (ThrottledAsyncChecker.java:schedule(140)) - Scheduling a check for org.apache.hadoop.ozone.container.common.volume.HddsVolume@7bf65e0f
2019-08-27 21:51:56,867 [main] INFO  volume.HddsVolumeChecker (HddsVolumeChecker.java:checkAllVolumes(203)) - Scheduled health check for volume org.apache.hadoop.ozone.container.common.volume.HddsVolume@7bf65e0f
2019-08-27 21:51:56,887 [main] INFO  impl.RaftServerProxy (ConfUtils.java:logGet(43)) - raft.rpc.type = GRPC (default)
2019-08-27 21:51:56,887 [main] INFO  grpc.GrpcFactory (GrpcFactory.java:checkPooledByteBufAllocatorUseCacheForAllThreads(45)) - PERFORMANCE WARNING: useCacheForAllThreads is true that may cause Netty to create a lot garbage objects and, as a result, trigger GC.
	It is recommended to disable useCacheForAllThreads by setting -Dorg.apache.ratis.thirdparty.io.netty.allocator.useCacheForAllThreads=false in command line.
2019-08-27 21:51:56,888 [main] INFO  grpc.GrpcConfigKeys$Server (ConfUtils.java:logGet(43)) - raft.grpc.server.port = 0 (default)
2019-08-27 21:51:56,888 [main] INFO  server.GrpcService (ConfUtils.java:logGet(43)) - raft.grpc.message.size.max = 33570816 (custom)
2019-08-27 21:51:56,888 [main] INFO  server.RaftServerConfigKeys (ConfUtils.java:logGet(43)) - raft.server.log.appender.buffer.byte-limit = 33554432 (custom)
2019-08-27 21:51:56,889 [main] INFO  server.GrpcService (ConfUtils.java:logGet(43)) - raft.grpc.flow.control.window = 1MB (=1048576) (default)
2019-08-27 21:51:56,889 [main] INFO  server.RaftServerConfigKeys (ConfUtils.java:logGet(43)) - raft.server.rpc.request.timeout = 3000ms (default)
2019-08-27 21:51:56,890 [main] INFO  server.RaftServerConfigKeys (ConfUtils.java:logGet(43)) - raft.server.storage.dir = [/workdir/hadoop-ozone/integration-test/target/test-dir/MiniOzoneClusterImpl-0c6efe5f-9e3c-49a3-bcef-d31200f6a240/datanode-0/data/ratis] (custom)
2019-08-27 21:51:56,890 [main] INFO  replication.SimpleContainerDownloader (SimpleContainerDownloader.java:<init>(72)) - Starting container downloader service to copy containers to replicate.
2019-08-27 21:51:56,892 [main] INFO  hdfs.DFSUtil (DFSUtil.java:httpServerTemplateForNNAndJN(1641)) - Starting Web-server for hddsDatanode at: http://0.0.0.0:0
2019-08-27 21:51:56,894 [main] INFO  server.AuthenticationFilter (AuthenticationFilter.java:constructSecretProvider(240)) - Unable to initialize FileSignerSecretProvider, falling back to use random secrets.
2019-08-27 21:51:56,894 [main] WARN  http.HttpRequestLog (HttpRequestLog.java:getRequestLog(97)) - Jetty request log can only be enabled using Log4j
2019-08-27 21:51:56,896 [main] INFO  http.HttpServer2 (HttpServer2.java:addGlobalFilter(975)) - Added global filter 'safety' (class=org.apache.hadoop.http.HttpServer2$QuotingInputFilter)
2019-08-27 21:51:56,897 [main] INFO  http.HttpServer2 (HttpServer2.java:addFilter(948)) - Added filter static_user_filter (class=org.apache.hadoop.http.lib.StaticUserWebFilter$StaticUserFilter) to context hddsDatanode
2019-08-27 21:51:56,897 [main] INFO  http.HttpServer2 (HttpServer2.java:addFilter(958)) - Added filter static_user_filter (class=org.apache.hadoop.http.lib.StaticUserWebFilter$StaticUserFilter) to context logs
2019-08-27 21:51:56,897 [main] INFO  http.HttpServer2 (HttpServer2.java:addFilter(958)) - Added filter static_user_filter (class=org.apache.hadoop.http.lib.StaticUserWebFilter$StaticUserFilter) to context static
2019-08-27 21:51:56,898 [main] INFO  http.HttpServer2 (HttpServer2.java:bindListener(1191)) - Jetty bound to port 33186
2019-08-27 21:51:56,898 [main] INFO  server.Server (Server.java:doStart(351)) - jetty-9.3.24.v20180605, build timestamp: 2018-06-05T17:11:56Z, git hash: 84205aa28f11a4f31f2a3b86d1bba2cc8ab69827
2019-08-27 21:51:56,901 [main] INFO  handler.ContextHandler (ContextHandler.java:doStart(781)) - Started o.e.j.s.ServletContextHandler@11574592{/logs,file:///workdir/hadoop-ozone/integration-test/target/log,AVAILABLE}
2019-08-27 21:51:56,901 [main] INFO  handler.ContextHandler (ContextHandler.java:doStart(781)) - Started o.e.j.s.ServletContextHandler@315b5913{/static,jar:file:/home/user/.m2/repository/org/apache/hadoop/hadoop-hdds-container-service/0.5.0-SNAPSHOT/hadoop-hdds-container-service-0.5.0-SNAPSHOT.jar!/webapps/static,AVAILABLE}
2019-08-27 21:51:56,976 [main] INFO  handler.ContextHandler (ContextHandler.java:doStart(781)) - Started o.e.j.w.WebAppContext@2a4e939a{/,file:///tmp/jetty-0.0.0.0-33186-hddsDatanode-_-any-8538735707608150735.dir/webapp/,AVAILABLE}{/hddsDatanode}
2019-08-27 21:51:56,977 [main] INFO  server.AbstractConnector (AbstractConnector.java:doStart(278)) - Started ServerConnector@110620d{HTTP/1.1,[http/1.1]}{0.0.0.0:33186}
2019-08-27 21:51:56,978 [main] INFO  server.Server (Server.java:doStart(419)) - Started @53341ms
2019-08-27 21:51:56,979 [main] INFO  server.BaseHttpServer (BaseHttpServer.java:updateConnectorAddress(213)) - HTTP server of HDDSDATANODE is listening at http://0.0.0.0:33186
2019-08-27 21:51:57,133 | INFO  | ObjectStoreRestHttpServer | Listening HDDS REST traffic on /0.0.0.0:39384 |  
2019-08-27 21:51:57,133 [main] INFO  ozone.HddsDatanodeService (HddsDatanodeService.java:startPlugins(395)) - Started plug-in org.apache.hadoop.ozone.web.OzoneHddsDatanodeService@72a3462f
2019-08-27 21:51:57,134 [main] INFO  impl.MetricsSystemImpl (MetricsSystemImpl.java:init(158)) - HddsDatanode metrics system started (again)
2019-08-27 21:51:57,138 [org.apache.hadoop.util.JvmPauseMonitor$Monitor@77e86c2b] INFO  util.JvmPauseMonitor (JvmPauseMonitor.java:run(188)) - Starting JVM pause monitor
2019-08-27 21:51:57,138 [main] INFO  ozone.HddsDatanodeService (HddsDatanodeService.java:start(184)) - HddsDatanodeService host:pr-hdds-1200-p2fvk-934908843 ip:192.168.69.113
2019-08-27 21:51:57,140 [Datanode State Machine Thread - 0] INFO  datanode.InitDatanodeState (InitDatanodeState.java:persistContainerDatanodeDetails(140)) - DatanodeDetails is persisted to /workdir/hadoop-ozone/integration-test/target/test-dir/MiniOzoneClusterImpl-0c6efe5f-9e3c-49a3-bcef-d31200f6a240/datanode-0/meta/datanode.id
2019-08-27 21:51:57,145 [main] INFO  volume.HddsVolume (HddsVolume.java:<init>(176)) - Creating Volume: /workdir/hadoop-ozone/integration-test/target/test-dir/MiniOzoneClusterImpl-0c6efe5f-9e3c-49a3-bcef-d31200f6a240/datanode-1/data/containers/hdds of  storage type : DISK and capacity : 1482555576320
2019-08-27 21:51:57,146 [main] INFO  volume.VolumeSet (VolumeSet.java:initializeVolumeSet(170)) - Added Volume : /workdir/hadoop-ozone/integration-test/target/test-dir/MiniOzoneClusterImpl-0c6efe5f-9e3c-49a3-bcef-d31200f6a240/datanode-1/data/containers/hdds to VolumeSet
2019-08-27 21:51:57,146 [main] INFO  volume.ThrottledAsyncChecker (ThrottledAsyncChecker.java:schedule(140)) - Scheduling a check for org.apache.hadoop.ozone.container.common.volume.HddsVolume@3de8f85c
2019-08-27 21:51:57,147 [main] INFO  volume.HddsVolumeChecker (HddsVolumeChecker.java:checkAllVolumes(203)) - Scheduled health check for volume org.apache.hadoop.ozone.container.common.volume.HddsVolume@3de8f85c
2019-08-27 21:51:57,162 [main] INFO  impl.RaftServerProxy (ConfUtils.java:logGet(43)) - raft.rpc.type = GRPC (default)
2019-08-27 21:51:57,162 [main] INFO  grpc.GrpcFactory (GrpcFactory.java:checkPooledByteBufAllocatorUseCacheForAllThreads(45)) - PERFORMANCE WARNING: useCacheForAllThreads is true that may cause Netty to create a lot garbage objects and, as a result, trigger GC.
	It is recommended to disable useCacheForAllThreads by setting -Dorg.apache.ratis.thirdparty.io.netty.allocator.useCacheForAllThreads=false in command line.
2019-08-27 21:51:57,162 [main] INFO  grpc.GrpcConfigKeys$Server (ConfUtils.java:logGet(43)) - raft.grpc.server.port = 0 (default)
2019-08-27 21:51:57,162 [main] INFO  server.GrpcService (ConfUtils.java:logGet(43)) - raft.grpc.message.size.max = 33570816 (custom)
2019-08-27 21:51:57,163 [main] INFO  server.RaftServerConfigKeys (ConfUtils.java:logGet(43)) - raft.server.log.appender.buffer.byte-limit = 33554432 (custom)
2019-08-27 21:51:57,163 [main] INFO  server.GrpcService (ConfUtils.java:logGet(43)) - raft.grpc.flow.control.window = 1MB (=1048576) (default)
2019-08-27 21:51:57,163 [main] INFO  server.RaftServerConfigKeys (ConfUtils.java:logGet(43)) - raft.server.rpc.request.timeout = 3000ms (default)
2019-08-27 21:51:57,164 [main] INFO  server.RaftServerConfigKeys (ConfUtils.java:logGet(43)) - raft.server.storage.dir = [/workdir/hadoop-ozone/integration-test/target/test-dir/MiniOzoneClusterImpl-0c6efe5f-9e3c-49a3-bcef-d31200f6a240/datanode-1/data/ratis] (custom)
2019-08-27 21:51:57,164 [main] INFO  replication.SimpleContainerDownloader (SimpleContainerDownloader.java:<init>(72)) - Starting container downloader service to copy containers to replicate.
2019-08-27 21:51:57,165 [main] INFO  hdfs.DFSUtil (DFSUtil.java:httpServerTemplateForNNAndJN(1641)) - Starting Web-server for hddsDatanode at: http://0.0.0.0:0
2019-08-27 21:51:57,167 [main] INFO  server.AuthenticationFilter (AuthenticationFilter.java:constructSecretProvider(240)) - Unable to initialize FileSignerSecretProvider, falling back to use random secrets.
2019-08-27 21:51:57,168 [main] WARN  http.HttpRequestLog (HttpRequestLog.java:getRequestLog(97)) - Jetty request log can only be enabled using Log4j
2019-08-27 21:51:57,170 [main] INFO  http.HttpServer2 (HttpServer2.java:addGlobalFilter(975)) - Added global filter 'safety' (class=org.apache.hadoop.http.HttpServer2$QuotingInputFilter)
2019-08-27 21:51:57,171 [main] INFO  http.HttpServer2 (HttpServer2.java:addFilter(948)) - Added filter static_user_filter (class=org.apache.hadoop.http.lib.StaticUserWebFilter$StaticUserFilter) to context hddsDatanode
2019-08-27 21:51:57,171 [main] INFO  http.HttpServer2 (HttpServer2.java:addFilter(958)) - Added filter static_user_filter (class=org.apache.hadoop.http.lib.StaticUserWebFilter$StaticUserFilter) to context logs
2019-08-27 21:51:57,171 [main] INFO  http.HttpServer2 (HttpServer2.java:addFilter(958)) - Added filter static_user_filter (class=org.apache.hadoop.http.lib.StaticUserWebFilter$StaticUserFilter) to context static
2019-08-27 21:51:57,172 [main] INFO  http.HttpServer2 (HttpServer2.java:bindListener(1191)) - Jetty bound to port 42153
2019-08-27 21:51:57,172 [main] INFO  server.Server (Server.java:doStart(351)) - jetty-9.3.24.v20180605, build timestamp: 2018-06-05T17:11:56Z, git hash: 84205aa28f11a4f31f2a3b86d1bba2cc8ab69827
2019-08-27 21:51:57,174 [main] INFO  handler.ContextHandler (ContextHandler.java:doStart(781)) - Started o.e.j.s.ServletContextHandler@1857fe6c{/logs,file:///workdir/hadoop-ozone/integration-test/target/log,AVAILABLE}
2019-08-27 21:51:57,175 [main] INFO  handler.ContextHandler (ContextHandler.java:doStart(781)) - Started o.e.j.s.ServletContextHandler@29b8df5{/static,jar:file:/home/user/.m2/repository/org/apache/hadoop/hadoop-hdds-container-service/0.5.0-SNAPSHOT/hadoop-hdds-container-service-0.5.0-SNAPSHOT.jar!/webapps/static,AVAILABLE}
2019-08-27 21:51:57,210 [main] INFO  handler.ContextHandler (ContextHandler.java:doStart(781)) - Started o.e.j.w.WebAppContext@393ae7a0{/,file:///tmp/jetty-0.0.0.0-42153-hddsDatanode-_-any-921485627389653229.dir/webapp/,AVAILABLE}{/hddsDatanode}
2019-08-27 21:51:57,210 [main] INFO  server.AbstractConnector (AbstractConnector.java:doStart(278)) - Started ServerConnector@63326a3a{HTTP/1.1,[http/1.1]}{0.0.0.0:42153}
2019-08-27 21:51:57,212 [main] INFO  server.Server (Server.java:doStart(419)) - Started @53574ms
2019-08-27 21:51:57,213 [main] INFO  server.BaseHttpServer (BaseHttpServer.java:updateConnectorAddress(213)) - HTTP server of HDDSDATANODE is listening at http://0.0.0.0:42153
2019-08-27 21:51:57,351 | INFO  | ObjectStoreRestHttpServer | Listening HDDS REST traffic on /0.0.0.0:46512 |  
2019-08-27 21:51:57,351 [main] INFO  ozone.HddsDatanodeService (HddsDatanodeService.java:startPlugins(395)) - Started plug-in org.apache.hadoop.ozone.web.OzoneHddsDatanodeService@563843f1
2019-08-27 21:51:57,352 [main] INFO  impl.MetricsSystemImpl (MetricsSystemImpl.java:init(158)) - HddsDatanode metrics system started (again)
2019-08-27 21:51:57,357 [org.apache.hadoop.util.JvmPauseMonitor$Monitor@5dd7cd03] INFO  util.JvmPauseMonitor (JvmPauseMonitor.java:run(188)) - Starting JVM pause monitor
2019-08-27 21:51:57,357 [main] INFO  ozone.HddsDatanodeService (HddsDatanodeService.java:start(184)) - HddsDatanodeService host:pr-hdds-1200-p2fvk-934908843 ip:192.168.69.113
2019-08-27 21:51:57,359 [Datanode State Machine Thread - 0] INFO  datanode.InitDatanodeState (InitDatanodeState.java:persistContainerDatanodeDetails(140)) - DatanodeDetails is persisted to /workdir/hadoop-ozone/integration-test/target/test-dir/MiniOzoneClusterImpl-0c6efe5f-9e3c-49a3-bcef-d31200f6a240/datanode-1/meta/datanode.id
2019-08-27 21:51:57,365 [main] INFO  volume.HddsVolume (HddsVolume.java:<init>(176)) - Creating Volume: /workdir/hadoop-ozone/integration-test/target/test-dir/MiniOzoneClusterImpl-0c6efe5f-9e3c-49a3-bcef-d31200f6a240/datanode-2/data/containers/hdds of  storage type : DISK and capacity : 1482555576320
2019-08-27 21:51:57,365 [main] INFO  volume.VolumeSet (VolumeSet.java:initializeVolumeSet(170)) - Added Volume : /workdir/hadoop-ozone/integration-test/target/test-dir/MiniOzoneClusterImpl-0c6efe5f-9e3c-49a3-bcef-d31200f6a240/datanode-2/data/containers/hdds to VolumeSet
2019-08-27 21:51:57,366 [main] INFO  volume.ThrottledAsyncChecker (ThrottledAsyncChecker.java:schedule(140)) - Scheduling a check for org.apache.hadoop.ozone.container.common.volume.HddsVolume@6630dd28
2019-08-27 21:51:57,366 [main] INFO  volume.HddsVolumeChecker (HddsVolumeChecker.java:checkAllVolumes(203)) - Scheduled health check for volume org.apache.hadoop.ozone.container.common.volume.HddsVolume@6630dd28
2019-08-27 21:51:57,385 [main] INFO  impl.RaftServerProxy (ConfUtils.java:logGet(43)) - raft.rpc.type = GRPC (default)
2019-08-27 21:51:57,386 [main] INFO  grpc.GrpcFactory (GrpcFactory.java:checkPooledByteBufAllocatorUseCacheForAllThreads(45)) - PERFORMANCE WARNING: useCacheForAllThreads is true that may cause Netty to create a lot garbage objects and, as a result, trigger GC.
	It is recommended to disable useCacheForAllThreads by setting -Dorg.apache.ratis.thirdparty.io.netty.allocator.useCacheForAllThreads=false in command line.
2019-08-27 21:51:57,386 [main] INFO  grpc.GrpcConfigKeys$Server (ConfUtils.java:logGet(43)) - raft.grpc.server.port = 0 (default)
2019-08-27 21:51:57,386 [main] INFO  server.GrpcService (ConfUtils.java:logGet(43)) - raft.grpc.message.size.max = 33570816 (custom)
2019-08-27 21:51:57,386 [main] INFO  server.RaftServerConfigKeys (ConfUtils.java:logGet(43)) - raft.server.log.appender.buffer.byte-limit = 33554432 (custom)
2019-08-27 21:51:57,386 [main] INFO  server.GrpcService (ConfUtils.java:logGet(43)) - raft.grpc.flow.control.window = 1MB (=1048576) (default)
2019-08-27 21:51:57,387 [main] INFO  server.RaftServerConfigKeys (ConfUtils.java:logGet(43)) - raft.server.rpc.request.timeout = 3000ms (default)
2019-08-27 21:51:57,387 [main] INFO  server.RaftServerConfigKeys (ConfUtils.java:logGet(43)) - raft.server.storage.dir = [/workdir/hadoop-ozone/integration-test/target/test-dir/MiniOzoneClusterImpl-0c6efe5f-9e3c-49a3-bcef-d31200f6a240/datanode-2/data/ratis] (custom)
2019-08-27 21:51:57,388 [main] INFO  replication.SimpleContainerDownloader (SimpleContainerDownloader.java:<init>(72)) - Starting container downloader service to copy containers to replicate.
2019-08-27 21:51:57,390 [main] INFO  hdfs.DFSUtil (DFSUtil.java:httpServerTemplateForNNAndJN(1641)) - Starting Web-server for hddsDatanode at: http://0.0.0.0:0
2019-08-27 21:51:57,391 [main] INFO  server.AuthenticationFilter (AuthenticationFilter.java:constructSecretProvider(240)) - Unable to initialize FileSignerSecretProvider, falling back to use random secrets.
2019-08-27 21:51:57,392 [main] WARN  http.HttpRequestLog (HttpRequestLog.java:getRequestLog(97)) - Jetty request log can only be enabled using Log4j
2019-08-27 21:51:57,393 [main] INFO  http.HttpServer2 (HttpServer2.java:addGlobalFilter(975)) - Added global filter 'safety' (class=org.apache.hadoop.http.HttpServer2$QuotingInputFilter)
2019-08-27 21:51:57,394 [main] INFO  http.HttpServer2 (HttpServer2.java:addFilter(948)) - Added filter static_user_filter (class=org.apache.hadoop.http.lib.StaticUserWebFilter$StaticUserFilter) to context hddsDatanode
2019-08-27 21:51:57,394 [main] INFO  http.HttpServer2 (HttpServer2.java:addFilter(958)) - Added filter static_user_filter (class=org.apache.hadoop.http.lib.StaticUserWebFilter$StaticUserFilter) to context static
2019-08-27 21:51:57,395 [main] INFO  http.HttpServer2 (HttpServer2.java:addFilter(958)) - Added filter static_user_filter (class=org.apache.hadoop.http.lib.StaticUserWebFilter$StaticUserFilter) to context logs
2019-08-27 21:51:57,395 [main] INFO  http.HttpServer2 (HttpServer2.java:bindListener(1191)) - Jetty bound to port 39353
2019-08-27 21:51:57,396 [main] INFO  server.Server (Server.java:doStart(351)) - jetty-9.3.24.v20180605, build timestamp: 2018-06-05T17:11:56Z, git hash: 84205aa28f11a4f31f2a3b86d1bba2cc8ab69827
2019-08-27 21:51:57,398 [main] INFO  handler.ContextHandler (ContextHandler.java:doStart(781)) - Started o.e.j.s.ServletContextHandler@391d28ea{/logs,file:///workdir/hadoop-ozone/integration-test/target/log,AVAILABLE}
2019-08-27 21:51:57,399 [main] INFO  handler.ContextHandler (ContextHandler.java:doStart(781)) - Started o.e.j.s.ServletContextHandler@4ab455e2{/static,jar:file:/home/user/.m2/repository/org/apache/hadoop/hadoop-hdds-container-service/0.5.0-SNAPSHOT/hadoop-hdds-container-service-0.5.0-SNAPSHOT.jar!/webapps/static,AVAILABLE}
2019-08-27 21:51:57,435 [main] INFO  handler.ContextHandler (ContextHandler.java:doStart(781)) - Started o.e.j.w.WebAppContext@35536760{/,file:///tmp/jetty-0.0.0.0-39353-hddsDatanode-_-any-4318095110878362254.dir/webapp/,AVAILABLE}{/hddsDatanode}
2019-08-27 21:51:57,436 [main] INFO  server.AbstractConnector (AbstractConnector.java:doStart(278)) - Started ServerConnector@1c8f71a7{HTTP/1.1,[http/1.1]}{0.0.0.0:39353}
2019-08-27 21:51:57,437 [main] INFO  server.Server (Server.java:doStart(419)) - Started @53800ms
2019-08-27 21:51:57,438 [main] INFO  server.BaseHttpServer (BaseHttpServer.java:updateConnectorAddress(213)) - HTTP server of HDDSDATANODE is listening at http://0.0.0.0:39353
2019-08-27 21:51:57,577 | INFO  | ObjectStoreRestHttpServer | Listening HDDS REST traffic on /0.0.0.0:33728 |  
2019-08-27 21:51:57,578 [main] INFO  ozone.HddsDatanodeService (HddsDatanodeService.java:startPlugins(395)) - Started plug-in org.apache.hadoop.ozone.web.OzoneHddsDatanodeService@149b53fa
2019-08-27 21:51:57,578 [main] INFO  impl.MetricsSystemImpl (MetricsSystemImpl.java:init(158)) - HddsDatanode metrics system started (again)
2019-08-27 21:51:57,584 [org.apache.hadoop.util.JvmPauseMonitor$Monitor@5384335d] INFO  util.JvmPauseMonitor (JvmPauseMonitor.java:run(188)) - Starting JVM pause monitor
2019-08-27 21:51:57,585 [main] INFO  ozone.HddsDatanodeService (HddsDatanodeService.java:start(184)) - HddsDatanodeService host:pr-hdds-1200-p2fvk-934908843 ip:192.168.69.113
2019-08-27 21:51:57,585 [Datanode State Machine Thread - 0] INFO  datanode.InitDatanodeState (InitDatanodeState.java:persistContainerDatanodeDetails(140)) - DatanodeDetails is persisted to /workdir/hadoop-ozone/integration-test/target/test-dir/MiniOzoneClusterImpl-0c6efe5f-9e3c-49a3-bcef-d31200f6a240/datanode-2/meta/datanode.id
2019-08-27 21:51:57,593 [main] INFO  volume.HddsVolume (HddsVolume.java:<init>(176)) - Creating Volume: /workdir/hadoop-ozone/integration-test/target/test-dir/MiniOzoneClusterImpl-0c6efe5f-9e3c-49a3-bcef-d31200f6a240/datanode-3/data/containers/hdds of  storage type : DISK and capacity : 1482555576320
2019-08-27 21:51:57,594 [main] INFO  volume.VolumeSet (VolumeSet.java:initializeVolumeSet(170)) - Added Volume : /workdir/hadoop-ozone/integration-test/target/test-dir/MiniOzoneClusterImpl-0c6efe5f-9e3c-49a3-bcef-d31200f6a240/datanode-3/data/containers/hdds to VolumeSet
2019-08-27 21:51:57,594 [main] INFO  volume.ThrottledAsyncChecker (ThrottledAsyncChecker.java:schedule(140)) - Scheduling a check for org.apache.hadoop.ozone.container.common.volume.HddsVolume@2a075e70
2019-08-27 21:51:57,595 [main] INFO  volume.HddsVolumeChecker (HddsVolumeChecker.java:checkAllVolumes(203)) - Scheduled health check for volume org.apache.hadoop.ozone.container.common.volume.HddsVolume@2a075e70
2019-08-27 21:51:57,616 [main] INFO  impl.RaftServerProxy (ConfUtils.java:logGet(43)) - raft.rpc.type = GRPC (default)
2019-08-27 21:51:57,616 [main] INFO  grpc.GrpcFactory (GrpcFactory.java:checkPooledByteBufAllocatorUseCacheForAllThreads(45)) - PERFORMANCE WARNING: useCacheForAllThreads is true that may cause Netty to create a lot garbage objects and, as a result, trigger GC.
	It is recommended to disable useCacheForAllThreads by setting -Dorg.apache.ratis.thirdparty.io.netty.allocator.useCacheForAllThreads=false in command line.
2019-08-27 21:51:57,616 [main] INFO  grpc.GrpcConfigKeys$Server (ConfUtils.java:logGet(43)) - raft.grpc.server.port = 0 (default)
2019-08-27 21:51:57,617 [main] INFO  server.GrpcService (ConfUtils.java:logGet(43)) - raft.grpc.message.size.max = 33570816 (custom)
2019-08-27 21:51:57,617 [main] INFO  server.RaftServerConfigKeys (ConfUtils.java:logGet(43)) - raft.server.log.appender.buffer.byte-limit = 33554432 (custom)
2019-08-27 21:51:57,617 [main] INFO  server.GrpcService (ConfUtils.java:logGet(43)) - raft.grpc.flow.control.window = 1MB (=1048576) (default)
2019-08-27 21:51:57,617 [main] INFO  server.RaftServerConfigKeys (ConfUtils.java:logGet(43)) - raft.server.rpc.request.timeout = 3000ms (default)
2019-08-27 21:51:57,618 [main] INFO  server.RaftServerConfigKeys (ConfUtils.java:logGet(43)) - raft.server.storage.dir = [/workdir/hadoop-ozone/integration-test/target/test-dir/MiniOzoneClusterImpl-0c6efe5f-9e3c-49a3-bcef-d31200f6a240/datanode-3/data/ratis] (custom)
2019-08-27 21:51:57,619 [main] INFO  replication.SimpleContainerDownloader (SimpleContainerDownloader.java:<init>(72)) - Starting container downloader service to copy containers to replicate.
2019-08-27 21:51:57,620 [main] INFO  hdfs.DFSUtil (DFSUtil.java:httpServerTemplateForNNAndJN(1641)) - Starting Web-server for hddsDatanode at: http://0.0.0.0:0
2019-08-27 21:51:57,622 [main] INFO  server.AuthenticationFilter (AuthenticationFilter.java:constructSecretProvider(240)) - Unable to initialize FileSignerSecretProvider, falling back to use random secrets.
2019-08-27 21:51:57,623 [main] WARN  http.HttpRequestLog (HttpRequestLog.java:getRequestLog(97)) - Jetty request log can only be enabled using Log4j
2019-08-27 21:51:57,627 [main] INFO  http.HttpServer2 (HttpServer2.java:addGlobalFilter(975)) - Added global filter 'safety' (class=org.apache.hadoop.http.HttpServer2$QuotingInputFilter)
2019-08-27 21:51:57,628 [main] INFO  http.HttpServer2 (HttpServer2.java:addFilter(948)) - Added filter static_user_filter (class=org.apache.hadoop.http.lib.StaticUserWebFilter$StaticUserFilter) to context hddsDatanode
2019-08-27 21:51:57,628 [main] INFO  http.HttpServer2 (HttpServer2.java:addFilter(958)) - Added filter static_user_filter (class=org.apache.hadoop.http.lib.StaticUserWebFilter$StaticUserFilter) to context logs
2019-08-27 21:51:57,628 [main] INFO  http.HttpServer2 (HttpServer2.java:addFilter(958)) - Added filter static_user_filter (class=org.apache.hadoop.http.lib.StaticUserWebFilter$StaticUserFilter) to context static
2019-08-27 21:51:57,629 [main] INFO  http.HttpServer2 (HttpServer2.java:bindListener(1191)) - Jetty bound to port 40345
2019-08-27 21:51:57,630 [main] INFO  server.Server (Server.java:doStart(351)) - jetty-9.3.24.v20180605, build timestamp: 2018-06-05T17:11:56Z, git hash: 84205aa28f11a4f31f2a3b86d1bba2cc8ab69827
2019-08-27 21:51:57,632 [main] INFO  handler.ContextHandler (ContextHandler.java:doStart(781)) - Started o.e.j.s.ServletContextHandler@e5c5e6{/logs,file:///workdir/hadoop-ozone/integration-test/target/log,AVAILABLE}
2019-08-27 21:51:57,633 [main] INFO  handler.ContextHandler (ContextHandler.java:doStart(781)) - Started o.e.j.s.ServletContextHandler@2a54c92e{/static,jar:file:/home/user/.m2/repository/org/apache/hadoop/hadoop-hdds-container-service/0.5.0-SNAPSHOT/hadoop-hdds-container-service-0.5.0-SNAPSHOT.jar!/webapps/static,AVAILABLE}
2019-08-27 21:51:57,677 [main] INFO  handler.ContextHandler (ContextHandler.java:doStart(781)) - Started o.e.j.w.WebAppContext@702b656a{/,file:///tmp/jetty-0.0.0.0-40345-hddsDatanode-_-any-1493939213642254919.dir/webapp/,AVAILABLE}{/hddsDatanode}
2019-08-27 21:51:57,677 [main] INFO  server.AbstractConnector (AbstractConnector.java:doStart(278)) - Started ServerConnector@528f5b7f{HTTP/1.1,[http/1.1]}{0.0.0.0:40345}
2019-08-27 21:51:57,679 [main] INFO  server.Server (Server.java:doStart(419)) - Started @54042ms
2019-08-27 21:51:57,680 [main] INFO  server.BaseHttpServer (BaseHttpServer.java:updateConnectorAddress(213)) - HTTP server of HDDSDATANODE is listening at http://0.0.0.0:40345
2019-08-27 21:51:57,813 | INFO  | ObjectStoreRestHttpServer | Listening HDDS REST traffic on /0.0.0.0:36464 |  
2019-08-27 21:51:57,813 [main] INFO  ozone.HddsDatanodeService (HddsDatanodeService.java:startPlugins(395)) - Started plug-in org.apache.hadoop.ozone.web.OzoneHddsDatanodeService@1cb44a2f
2019-08-27 21:51:57,813 [main] INFO  impl.MetricsSystemImpl (MetricsSystemImpl.java:init(158)) - HddsDatanode metrics system started (again)
2019-08-27 21:51:57,819 [org.apache.hadoop.util.JvmPauseMonitor$Monitor@f05fd53] INFO  util.JvmPauseMonitor (JvmPauseMonitor.java:run(188)) - Starting JVM pause monitor
2019-08-27 21:51:57,820 [main] INFO  ozone.HddsDatanodeService (HddsDatanodeService.java:start(184)) - HddsDatanodeService host:pr-hdds-1200-p2fvk-934908843 ip:192.168.69.113
2019-08-27 21:51:57,821 [Datanode State Machine Thread - 0] INFO  datanode.InitDatanodeState (InitDatanodeState.java:persistContainerDatanodeDetails(140)) - DatanodeDetails is persisted to /workdir/hadoop-ozone/integration-test/target/test-dir/MiniOzoneClusterImpl-0c6efe5f-9e3c-49a3-bcef-d31200f6a240/datanode-3/meta/datanode.id
2019-08-27 21:51:57,828 [main] INFO  volume.HddsVolume (HddsVolume.java:<init>(176)) - Creating Volume: /workdir/hadoop-ozone/integration-test/target/test-dir/MiniOzoneClusterImpl-0c6efe5f-9e3c-49a3-bcef-d31200f6a240/datanode-4/data/containers/hdds of  storage type : DISK and capacity : 1482555576320
2019-08-27 21:51:57,829 [main] INFO  volume.VolumeSet (VolumeSet.java:initializeVolumeSet(170)) - Added Volume : /workdir/hadoop-ozone/integration-test/target/test-dir/MiniOzoneClusterImpl-0c6efe5f-9e3c-49a3-bcef-d31200f6a240/datanode-4/data/containers/hdds to VolumeSet
2019-08-27 21:51:57,829 [main] INFO  volume.ThrottledAsyncChecker (ThrottledAsyncChecker.java:schedule(140)) - Scheduling a check for org.apache.hadoop.ozone.container.common.volume.HddsVolume@9d3a7a1
2019-08-27 21:51:57,829 [main] INFO  volume.HddsVolumeChecker (HddsVolumeChecker.java:checkAllVolumes(203)) - Scheduled health check for volume org.apache.hadoop.ozone.container.common.volume.HddsVolume@9d3a7a1
2019-08-27 21:51:57,845 [main] INFO  impl.RaftServerProxy (ConfUtils.java:logGet(43)) - raft.rpc.type = GRPC (default)
2019-08-27 21:51:57,845 [main] INFO  grpc.GrpcFactory (GrpcFactory.java:checkPooledByteBufAllocatorUseCacheForAllThreads(45)) - PERFORMANCE WARNING: useCacheForAllThreads is true that may cause Netty to create a lot garbage objects and, as a result, trigger GC.
	It is recommended to disable useCacheForAllThreads by setting -Dorg.apache.ratis.thirdparty.io.netty.allocator.useCacheForAllThreads=false in command line.
2019-08-27 21:51:57,846 [main] INFO  grpc.GrpcConfigKeys$Server (ConfUtils.java:logGet(43)) - raft.grpc.server.port = 0 (default)
2019-08-27 21:51:57,846 [main] INFO  server.GrpcService (ConfUtils.java:logGet(43)) - raft.grpc.message.size.max = 33570816 (custom)
2019-08-27 21:51:57,846 [main] INFO  server.RaftServerConfigKeys (ConfUtils.java:logGet(43)) - raft.server.log.appender.buffer.byte-limit = 33554432 (custom)
2019-08-27 21:51:57,846 [main] INFO  server.GrpcService (ConfUtils.java:logGet(43)) - raft.grpc.flow.control.window = 1MB (=1048576) (default)
2019-08-27 21:51:57,846 [main] INFO  server.RaftServerConfigKeys (ConfUtils.java:logGet(43)) - raft.server.rpc.request.timeout = 3000ms (default)
2019-08-27 21:51:57,847 [main] INFO  server.RaftServerConfigKeys (ConfUtils.java:logGet(43)) - raft.server.storage.dir = [/workdir/hadoop-ozone/integration-test/target/test-dir/MiniOzoneClusterImpl-0c6efe5f-9e3c-49a3-bcef-d31200f6a240/datanode-4/data/ratis] (custom)
2019-08-27 21:51:57,847 [main] INFO  replication.SimpleContainerDownloader (SimpleContainerDownloader.java:<init>(72)) - Starting container downloader service to copy containers to replicate.
2019-08-27 21:51:57,849 [main] INFO  hdfs.DFSUtil (DFSUtil.java:httpServerTemplateForNNAndJN(1641)) - Starting Web-server for hddsDatanode at: http://0.0.0.0:0
2019-08-27 21:51:57,850 [main] INFO  server.AuthenticationFilter (AuthenticationFilter.java:constructSecretProvider(240)) - Unable to initialize FileSignerSecretProvider, falling back to use random secrets.
2019-08-27 21:51:57,851 [main] WARN  http.HttpRequestLog (HttpRequestLog.java:getRequestLog(97)) - Jetty request log can only be enabled using Log4j
2019-08-27 21:51:57,852 [main] INFO  http.HttpServer2 (HttpServer2.java:addGlobalFilter(975)) - Added global filter 'safety' (class=org.apache.hadoop.http.HttpServer2$QuotingInputFilter)
2019-08-27 21:51:57,853 [main] INFO  http.HttpServer2 (HttpServer2.java:addFilter(948)) - Added filter static_user_filter (class=org.apache.hadoop.http.lib.StaticUserWebFilter$StaticUserFilter) to context hddsDatanode
2019-08-27 21:51:57,853 [main] INFO  http.HttpServer2 (HttpServer2.java:addFilter(958)) - Added filter static_user_filter (class=org.apache.hadoop.http.lib.StaticUserWebFilter$StaticUserFilter) to context static
2019-08-27 21:51:57,853 [main] INFO  http.HttpServer2 (HttpServer2.java:addFilter(958)) - Added filter static_user_filter (class=org.apache.hadoop.http.lib.StaticUserWebFilter$StaticUserFilter) to context logs
2019-08-27 21:51:57,854 [main] INFO  http.HttpServer2 (HttpServer2.java:bindListener(1191)) - Jetty bound to port 43145
2019-08-27 21:51:57,854 [main] INFO  server.Server (Server.java:doStart(351)) - jetty-9.3.24.v20180605, build timestamp: 2018-06-05T17:11:56Z, git hash: 84205aa28f11a4f31f2a3b86d1bba2cc8ab69827
2019-08-27 21:51:57,856 [main] INFO  handler.ContextHandler (ContextHandler.java:doStart(781)) - Started o.e.j.s.ServletContextHandler@3b2c8bda{/logs,file:///workdir/hadoop-ozone/integration-test/target/log,AVAILABLE}
2019-08-27 21:51:57,857 [main] INFO  handler.ContextHandler (ContextHandler.java:doStart(781)) - Started o.e.j.s.ServletContextHandler@647ff23e{/static,jar:file:/home/user/.m2/repository/org/apache/hadoop/hadoop-hdds-container-service/0.5.0-SNAPSHOT/hadoop-hdds-container-service-0.5.0-SNAPSHOT.jar!/webapps/static,AVAILABLE}
2019-08-27 21:51:57,887 [main] INFO  handler.ContextHandler (ContextHandler.java:doStart(781)) - Started o.e.j.w.WebAppContext@17f41739{/,file:///tmp/jetty-0.0.0.0-43145-hddsDatanode-_-any-2342923283288677350.dir/webapp/,AVAILABLE}{/hddsDatanode}
2019-08-27 21:51:57,887 [main] INFO  server.AbstractConnector (AbstractConnector.java:doStart(278)) - Started ServerConnector@2b3b1124{HTTP/1.1,[http/1.1]}{0.0.0.0:43145}
2019-08-27 21:51:57,889 [main] INFO  server.Server (Server.java:doStart(419)) - Started @54251ms
2019-08-27 21:51:57,889 [main] INFO  server.BaseHttpServer (BaseHttpServer.java:updateConnectorAddress(213)) - HTTP server of HDDSDATANODE is listening at http://0.0.0.0:43145
2019-08-27 21:51:58,294 | INFO  | ObjectStoreRestHttpServer | Listening HDDS REST traffic on /0.0.0.0:34623 |  
2019-08-27 21:51:58,294 [main] INFO  ozone.HddsDatanodeService (HddsDatanodeService.java:startPlugins(395)) - Started plug-in org.apache.hadoop.ozone.web.OzoneHddsDatanodeService@18d22ecf
2019-08-27 21:51:58,294 [main] INFO  impl.MetricsSystemImpl (MetricsSystemImpl.java:init(158)) - HddsDatanode metrics system started (again)
2019-08-27 21:51:58,300 [org.apache.hadoop.util.JvmPauseMonitor$Monitor@42a18ffb] INFO  util.JvmPauseMonitor (JvmPauseMonitor.java:run(188)) - Starting JVM pause monitor
2019-08-27 21:51:58,301 [main] INFO  ozone.HddsDatanodeService (HddsDatanodeService.java:start(184)) - HddsDatanodeService host:pr-hdds-1200-p2fvk-934908843 ip:192.168.69.113
2019-08-27 21:51:58,303 [Datanode State Machine Thread - 0] INFO  datanode.InitDatanodeState (InitDatanodeState.java:persistContainerDatanodeDetails(140)) - DatanodeDetails is persisted to /workdir/hadoop-ozone/integration-test/target/test-dir/MiniOzoneClusterImpl-0c6efe5f-9e3c-49a3-bcef-d31200f6a240/datanode-4/meta/datanode.id
2019-08-27 21:51:58,310 [main] INFO  volume.HddsVolume (HddsVolume.java:<init>(176)) - Creating Volume: /workdir/hadoop-ozone/integration-test/target/test-dir/MiniOzoneClusterImpl-0c6efe5f-9e3c-49a3-bcef-d31200f6a240/datanode-5/data/containers/hdds of  storage type : DISK and capacity : 1482555576320
2019-08-27 21:51:58,310 [main] INFO  volume.VolumeSet (VolumeSet.java:initializeVolumeSet(170)) - Added Volume : /workdir/hadoop-ozone/integration-test/target/test-dir/MiniOzoneClusterImpl-0c6efe5f-9e3c-49a3-bcef-d31200f6a240/datanode-5/data/containers/hdds to VolumeSet
2019-08-27 21:51:58,310 [main] INFO  volume.ThrottledAsyncChecker (ThrottledAsyncChecker.java:schedule(140)) - Scheduling a check for org.apache.hadoop.ozone.container.common.volume.HddsVolume@1bea7b0
2019-08-27 21:51:58,311 [main] INFO  volume.HddsVolumeChecker (HddsVolumeChecker.java:checkAllVolumes(203)) - Scheduled health check for volume org.apache.hadoop.ozone.container.common.volume.HddsVolume@1bea7b0
2019-08-27 21:51:58,331 [main] INFO  impl.RaftServerProxy (ConfUtils.java:logGet(43)) - raft.rpc.type = GRPC (default)
2019-08-27 21:51:58,332 [main] INFO  grpc.GrpcFactory (GrpcFactory.java:checkPooledByteBufAllocatorUseCacheForAllThreads(45)) - PERFORMANCE WARNING: useCacheForAllThreads is true that may cause Netty to create a lot garbage objects and, as a result, trigger GC.
	It is recommended to disable useCacheForAllThreads by setting -Dorg.apache.ratis.thirdparty.io.netty.allocator.useCacheForAllThreads=false in command line.
2019-08-27 21:51:58,332 [main] INFO  grpc.GrpcConfigKeys$Server (ConfUtils.java:logGet(43)) - raft.grpc.server.port = 0 (default)
2019-08-27 21:51:58,332 [main] INFO  server.GrpcService (ConfUtils.java:logGet(43)) - raft.grpc.message.size.max = 33570816 (custom)
2019-08-27 21:51:58,332 [main] INFO  server.RaftServerConfigKeys (ConfUtils.java:logGet(43)) - raft.server.log.appender.buffer.byte-limit = 33554432 (custom)
2019-08-27 21:51:58,333 [main] INFO  server.GrpcService (ConfUtils.java:logGet(43)) - raft.grpc.flow.control.window = 1MB (=1048576) (default)
2019-08-27 21:51:58,333 [main] INFO  server.RaftServerConfigKeys (ConfUtils.java:logGet(43)) - raft.server.rpc.request.timeout = 3000ms (default)
2019-08-27 21:51:58,333 [main] INFO  server.RaftServerConfigKeys (ConfUtils.java:logGet(43)) - raft.server.storage.dir = [/workdir/hadoop-ozone/integration-test/target/test-dir/MiniOzoneClusterImpl-0c6efe5f-9e3c-49a3-bcef-d31200f6a240/datanode-5/data/ratis] (custom)
2019-08-27 21:51:58,334 [main] INFO  replication.SimpleContainerDownloader (SimpleContainerDownloader.java:<init>(72)) - Starting container downloader service to copy containers to replicate.
2019-08-27 21:51:58,335 [main] INFO  hdfs.DFSUtil (DFSUtil.java:httpServerTemplateForNNAndJN(1641)) - Starting Web-server for hddsDatanode at: http://0.0.0.0:0
2019-08-27 21:51:58,337 [main] INFO  server.AuthenticationFilter (AuthenticationFilter.java:constructSecretProvider(240)) - Unable to initialize FileSignerSecretProvider, falling back to use random secrets.
2019-08-27 21:51:58,338 [main] WARN  http.HttpRequestLog (HttpRequestLog.java:getRequestLog(97)) - Jetty request log can only be enabled using Log4j
2019-08-27 21:51:58,340 [main] INFO  http.HttpServer2 (HttpServer2.java:addGlobalFilter(975)) - Added global filter 'safety' (class=org.apache.hadoop.http.HttpServer2$QuotingInputFilter)
2019-08-27 21:51:58,341 [main] INFO  http.HttpServer2 (HttpServer2.java:addFilter(948)) - Added filter static_user_filter (class=org.apache.hadoop.http.lib.StaticUserWebFilter$StaticUserFilter) to context hddsDatanode
2019-08-27 21:51:58,341 [main] INFO  http.HttpServer2 (HttpServer2.java:addFilter(958)) - Added filter static_user_filter (class=org.apache.hadoop.http.lib.StaticUserWebFilter$StaticUserFilter) to context static
2019-08-27 21:51:58,342 [main] INFO  http.HttpServer2 (HttpServer2.java:addFilter(958)) - Added filter static_user_filter (class=org.apache.hadoop.http.lib.StaticUserWebFilter$StaticUserFilter) to context logs
2019-08-27 21:51:58,343 [main] INFO  http.HttpServer2 (HttpServer2.java:bindListener(1191)) - Jetty bound to port 39707
2019-08-27 21:51:58,343 [main] INFO  server.Server (Server.java:doStart(351)) - jetty-9.3.24.v20180605, build timestamp: 2018-06-05T17:11:56Z, git hash: 84205aa28f11a4f31f2a3b86d1bba2cc8ab69827
2019-08-27 21:51:58,345 [main] INFO  handler.ContextHandler (ContextHandler.java:doStart(781)) - Started o.e.j.s.ServletContextHandler@c2e33{/logs,file:///workdir/hadoop-ozone/integration-test/target/log,AVAILABLE}
2019-08-27 21:51:58,346 [main] INFO  handler.ContextHandler (ContextHandler.java:doStart(781)) - Started o.e.j.s.ServletContextHandler@63f3366a{/static,jar:file:/home/user/.m2/repository/org/apache/hadoop/hadoop-hdds-container-service/0.5.0-SNAPSHOT/hadoop-hdds-container-service-0.5.0-SNAPSHOT.jar!/webapps/static,AVAILABLE}
2019-08-27 21:51:58,389 [main] INFO  handler.ContextHandler (ContextHandler.java:doStart(781)) - Started o.e.j.w.WebAppContext@6ef4297d{/,file:///tmp/jetty-0.0.0.0-39707-hddsDatanode-_-any-5445325542613294333.dir/webapp/,AVAILABLE}{/hddsDatanode}
2019-08-27 21:51:58,390 [main] INFO  server.AbstractConnector (AbstractConnector.java:doStart(278)) - Started ServerConnector@4c000cc4{HTTP/1.1,[http/1.1]}{0.0.0.0:39707}
2019-08-27 21:51:58,391 [main] INFO  server.Server (Server.java:doStart(419)) - Started @54754ms
2019-08-27 21:51:58,392 [main] INFO  server.BaseHttpServer (BaseHttpServer.java:updateConnectorAddress(213)) - HTTP server of HDDSDATANODE is listening at http://0.0.0.0:39707
2019-08-27 21:51:58,528 | INFO  | ObjectStoreRestHttpServer | Listening HDDS REST traffic on /0.0.0.0:42635 |  
2019-08-27 21:51:58,528 [main] INFO  ozone.HddsDatanodeService (HddsDatanodeService.java:startPlugins(395)) - Started plug-in org.apache.hadoop.ozone.web.OzoneHddsDatanodeService@3c8758d1
2019-08-27 21:51:58,528 [main] INFO  impl.MetricsSystemImpl (MetricsSystemImpl.java:init(158)) - HddsDatanode metrics system started (again)
2019-08-27 21:51:58,533 [org.apache.hadoop.util.JvmPauseMonitor$Monitor@6aa8721] INFO  util.JvmPauseMonitor (JvmPauseMonitor.java:run(188)) - Starting JVM pause monitor
2019-08-27 21:51:58,534 [main] INFO  ozone.HddsDatanodeService (HddsDatanodeService.java:start(184)) - HddsDatanodeService host:pr-hdds-1200-p2fvk-934908843 ip:192.168.69.113
2019-08-27 21:51:58,536 [Datanode State Machine Thread - 0] INFO  datanode.InitDatanodeState (InitDatanodeState.java:persistContainerDatanodeDetails(140)) - DatanodeDetails is persisted to /workdir/hadoop-ozone/integration-test/target/test-dir/MiniOzoneClusterImpl-0c6efe5f-9e3c-49a3-bcef-d31200f6a240/datanode-5/meta/datanode.id
2019-08-27 21:51:58,544 [main] INFO  volume.HddsVolume (HddsVolume.java:<init>(176)) - Creating Volume: /workdir/hadoop-ozone/integration-test/target/test-dir/MiniOzoneClusterImpl-0c6efe5f-9e3c-49a3-bcef-d31200f6a240/datanode-6/data/containers/hdds of  storage type : DISK and capacity : 1482555576320
2019-08-27 21:51:58,544 [main] INFO  volume.VolumeSet (VolumeSet.java:initializeVolumeSet(170)) - Added Volume : /workdir/hadoop-ozone/integration-test/target/test-dir/MiniOzoneClusterImpl-0c6efe5f-9e3c-49a3-bcef-d31200f6a240/datanode-6/data/containers/hdds to VolumeSet
2019-08-27 21:51:58,545 [main] INFO  volume.ThrottledAsyncChecker (ThrottledAsyncChecker.java:schedule(140)) - Scheduling a check for org.apache.hadoop.ozone.container.common.volume.HddsVolume@2a510e0e
2019-08-27 21:51:58,545 [main] INFO  volume.HddsVolumeChecker (HddsVolumeChecker.java:checkAllVolumes(203)) - Scheduled health check for volume org.apache.hadoop.ozone.container.common.volume.HddsVolume@2a510e0e
2019-08-27 21:51:58,563 [main] INFO  impl.RaftServerProxy (ConfUtils.java:logGet(43)) - raft.rpc.type = GRPC (default)
2019-08-27 21:51:58,564 [main] INFO  grpc.GrpcFactory (GrpcFactory.java:checkPooledByteBufAllocatorUseCacheForAllThreads(45)) - PERFORMANCE WARNING: useCacheForAllThreads is true that may cause Netty to create a lot garbage objects and, as a result, trigger GC.
	It is recommended to disable useCacheForAllThreads by setting -Dorg.apache.ratis.thirdparty.io.netty.allocator.useCacheForAllThreads=false in command line.
2019-08-27 21:51:58,564 [main] INFO  grpc.GrpcConfigKeys$Server (ConfUtils.java:logGet(43)) - raft.grpc.server.port = 0 (default)
2019-08-27 21:51:58,564 [main] INFO  server.GrpcService (ConfUtils.java:logGet(43)) - raft.grpc.message.size.max = 33570816 (custom)
2019-08-27 21:51:58,565 [main] INFO  server.RaftServerConfigKeys (ConfUtils.java:logGet(43)) - raft.server.log.appender.buffer.byte-limit = 33554432 (custom)
2019-08-27 21:51:58,565 [main] INFO  server.GrpcService (ConfUtils.java:logGet(43)) - raft.grpc.flow.control.window = 1MB (=1048576) (default)
2019-08-27 21:51:58,565 [main] INFO  server.RaftServerConfigKeys (ConfUtils.java:logGet(43)) - raft.server.rpc.request.timeout = 3000ms (default)
2019-08-27 21:51:58,566 [main] INFO  server.RaftServerConfigKeys (ConfUtils.java:logGet(43)) - raft.server.storage.dir = [/workdir/hadoop-ozone/integration-test/target/test-dir/MiniOzoneClusterImpl-0c6efe5f-9e3c-49a3-bcef-d31200f6a240/datanode-6/data/ratis] (custom)
2019-08-27 21:51:58,567 [main] INFO  replication.SimpleContainerDownloader (SimpleContainerDownloader.java:<init>(72)) - Starting container downloader service to copy containers to replicate.
2019-08-27 21:51:58,568 [main] INFO  hdfs.DFSUtil (DFSUtil.java:httpServerTemplateForNNAndJN(1641)) - Starting Web-server for hddsDatanode at: http://0.0.0.0:0
2019-08-27 21:51:58,570 [main] INFO  server.AuthenticationFilter (AuthenticationFilter.java:constructSecretProvider(240)) - Unable to initialize FileSignerSecretProvider, falling back to use random secrets.
2019-08-27 21:51:58,570 [main] WARN  http.HttpRequestLog (HttpRequestLog.java:getRequestLog(97)) - Jetty request log can only be enabled using Log4j
2019-08-27 21:51:58,571 [main] INFO  http.HttpServer2 (HttpServer2.java:addGlobalFilter(975)) - Added global filter 'safety' (class=org.apache.hadoop.http.HttpServer2$QuotingInputFilter)
2019-08-27 21:51:58,572 [main] INFO  http.HttpServer2 (HttpServer2.java:addFilter(948)) - Added filter static_user_filter (class=org.apache.hadoop.http.lib.StaticUserWebFilter$StaticUserFilter) to context hddsDatanode
2019-08-27 21:51:58,572 [main] INFO  http.HttpServer2 (HttpServer2.java:addFilter(958)) - Added filter static_user_filter (class=org.apache.hadoop.http.lib.StaticUserWebFilter$StaticUserFilter) to context logs
2019-08-27 21:51:58,572 [main] INFO  http.HttpServer2 (HttpServer2.java:addFilter(958)) - Added filter static_user_filter (class=org.apache.hadoop.http.lib.StaticUserWebFilter$StaticUserFilter) to context static
2019-08-27 21:51:58,573 [main] INFO  http.HttpServer2 (HttpServer2.java:bindListener(1191)) - Jetty bound to port 44916
2019-08-27 21:51:58,573 [main] INFO  server.Server (Server.java:doStart(351)) - jetty-9.3.24.v20180605, build timestamp: 2018-06-05T17:11:56Z, git hash: 84205aa28f11a4f31f2a3b86d1bba2cc8ab69827
2019-08-27 21:51:58,575 [main] INFO  handler.ContextHandler (ContextHandler.java:doStart(781)) - Started o.e.j.s.ServletContextHandler@2d2f09a4{/logs,file:///workdir/hadoop-ozone/integration-test/target/log,AVAILABLE}
2019-08-27 21:51:58,575 [main] INFO  handler.ContextHandler (ContextHandler.java:doStart(781)) - Started o.e.j.s.ServletContextHandler@215a0264{/static,jar:file:/home/user/.m2/repository/org/apache/hadoop/hadoop-hdds-container-service/0.5.0-SNAPSHOT/hadoop-hdds-container-service-0.5.0-SNAPSHOT.jar!/webapps/static,AVAILABLE}
2019-08-27 21:51:58,603 [main] INFO  handler.ContextHandler (ContextHandler.java:doStart(781)) - Started o.e.j.w.WebAppContext@2125535d{/,file:///tmp/jetty-0.0.0.0-44916-hddsDatanode-_-any-4294012064100912267.dir/webapp/,AVAILABLE}{/hddsDatanode}
2019-08-27 21:51:58,604 [main] INFO  server.AbstractConnector (AbstractConnector.java:doStart(278)) - Started ServerConnector@d190639{HTTP/1.1,[http/1.1]}{0.0.0.0:44916}
2019-08-27 21:51:58,605 [main] INFO  server.Server (Server.java:doStart(419)) - Started @54968ms
2019-08-27 21:51:58,606 [main] INFO  server.BaseHttpServer (BaseHttpServer.java:updateConnectorAddress(213)) - HTTP server of HDDSDATANODE is listening at http://0.0.0.0:44916
2019-08-27 21:51:58,733 | INFO  | ObjectStoreRestHttpServer | Listening HDDS REST traffic on /0.0.0.0:39130 |  
2019-08-27 21:51:58,734 [main] INFO  ozone.HddsDatanodeService (HddsDatanodeService.java:startPlugins(395)) - Started plug-in org.apache.hadoop.ozone.web.OzoneHddsDatanodeService@ef85567
2019-08-27 21:51:58,734 [main] INFO  ozone.MiniOzoneClusterImpl (MiniOzoneClusterImpl.java:lambda$waitForClusterToBeReady$0(142)) - Waiting for cluster to be ready. Got 0 of 7 DN Heartbeats.
2019-08-27 21:51:58,737 [org.apache.hadoop.util.JvmPauseMonitor$Monitor@677de0cd] INFO  util.JvmPauseMonitor (JvmPauseMonitor.java:run(188)) - Starting JVM pause monitor
2019-08-27 21:51:58,738 [Datanode State Machine Thread - 0] INFO  datanode.InitDatanodeState (InitDatanodeState.java:persistContainerDatanodeDetails(140)) - DatanodeDetails is persisted to /workdir/hadoop-ozone/integration-test/target/test-dir/MiniOzoneClusterImpl-0c6efe5f-9e3c-49a3-bcef-d31200f6a240/datanode-6/meta/datanode.id
2019-08-27 21:51:59,144 | INFO  | SCMAudit | user=jenkins1000 | ip=192.168.69.113 | op=GET_VERSION null | ret=SUCCESS |  
2019-08-27 21:51:59,163 [Datanode State Machine Thread - 0] INFO  ozoneimpl.OzoneContainer (OzoneContainer.java:start(201)) - Attempting to start container services.
2019-08-27 21:51:59,166 [Datanode State Machine Thread - 0] INFO  ozoneimpl.OzoneContainer (OzoneContainer.java:startContainerScrub(163)) - Background container scanner has been disabled.
2019-08-27 21:51:59,166 [Datanode State Machine Thread - 0] INFO  ratis.XceiverServerRatis (XceiverServerRatis.java:start(404)) - Starting XceiverServerRatis 6da4aad8-a4f6-4be0-a3fe-0ce626d82d81 at port 0
2019-08-27 21:51:59,173 [Datanode State Machine Thread - 0] INFO  impl.RaftServerProxy (RaftServerProxy.java:lambda$start$3(299)) - 6da4aad8-a4f6-4be0-a3fe-0ce626d82d81: start RPC server
2019-08-27 21:51:59,175 [Datanode State Machine Thread - 0] INFO  server.GrpcService (GrpcService.java:startImpl(149)) - 6da4aad8-a4f6-4be0-a3fe-0ce626d82d81: GrpcService started, listening on 0.0.0.0/0.0.0.0:42674
2019-08-27 21:51:59,175 [Datanode State Machine Thread - 0] INFO  ratis.XceiverServerRatis (XceiverServerRatis.java:start(414)) - XceiverServerRatis 6da4aad8-a4f6-4be0-a3fe-0ce626d82d81 is started using port 42674
2019-08-27 21:51:59,176 [Datanode State Machine Thread - 0] INFO  server.XceiverServerGrpc (XceiverServerGrpc.java:start(161)) - XceiverServerGrpc 6da4aad8-a4f6-4be0-a3fe-0ce626d82d81 is started using port 40530
2019-08-27 21:51:59,358 | INFO  | SCMAudit | user=jenkins1000 | ip=192.168.69.113 | op=GET_VERSION null | ret=SUCCESS |  
2019-08-27 21:51:59,374 [Datanode State Machine Thread - 0] INFO  ozoneimpl.OzoneContainer (OzoneContainer.java:start(201)) - Attempting to start container services.
2019-08-27 21:51:59,384 [Datanode State Machine Thread - 0] INFO  ozoneimpl.OzoneContainer (OzoneContainer.java:startContainerScrub(163)) - Background container scanner has been disabled.
2019-08-27 21:51:59,384 [Datanode State Machine Thread - 0] INFO  ratis.XceiverServerRatis (XceiverServerRatis.java:start(404)) - Starting XceiverServerRatis 6fbb6c8f-68ec-4eec-acdd-5276ddf30de1 at port 0
2019-08-27 21:51:59,393 [Datanode State Machine Thread - 0] INFO  impl.RaftServerProxy (RaftServerProxy.java:lambda$start$3(299)) - 6fbb6c8f-68ec-4eec-acdd-5276ddf30de1: start RPC server
2019-08-27 21:51:59,394 [Datanode State Machine Thread - 0] INFO  server.GrpcService (GrpcService.java:startImpl(149)) - 6fbb6c8f-68ec-4eec-acdd-5276ddf30de1: GrpcService started, listening on 0.0.0.0/0.0.0.0:36253
2019-08-27 21:51:59,394 [Datanode State Machine Thread - 0] INFO  ratis.XceiverServerRatis (XceiverServerRatis.java:start(414)) - XceiverServerRatis 6fbb6c8f-68ec-4eec-acdd-5276ddf30de1 is started using port 36253
2019-08-27 21:51:59,402 [Datanode State Machine Thread - 0] INFO  server.XceiverServerGrpc (XceiverServerGrpc.java:start(161)) - XceiverServerGrpc 6fbb6c8f-68ec-4eec-acdd-5276ddf30de1 is started using port 40098
2019-08-27 21:51:59,585 | INFO  | SCMAudit | user=jenkins1000 | ip=192.168.69.113 | op=GET_VERSION null | ret=SUCCESS |  
2019-08-27 21:51:59,606 [Datanode State Machine Thread - 0] INFO  ozoneimpl.OzoneContainer (OzoneContainer.java:start(201)) - Attempting to start container services.
2019-08-27 21:51:59,607 [Datanode State Machine Thread - 0] INFO  ozoneimpl.OzoneContainer (OzoneContainer.java:startContainerScrub(163)) - Background container scanner has been disabled.
2019-08-27 21:51:59,607 [Datanode State Machine Thread - 0] INFO  ratis.XceiverServerRatis (XceiverServerRatis.java:start(404)) - Starting XceiverServerRatis 803e2962-4b43-470b-a1eb-8fa95db682ee at port 0
2019-08-27 21:51:59,615 [Datanode State Machine Thread - 0] INFO  impl.RaftServerProxy (RaftServerProxy.java:lambda$start$3(299)) - 803e2962-4b43-470b-a1eb-8fa95db682ee: start RPC server
2019-08-27 21:51:59,618 [Datanode State Machine Thread - 0] INFO  server.GrpcService (GrpcService.java:startImpl(149)) - 803e2962-4b43-470b-a1eb-8fa95db682ee: GrpcService started, listening on 0.0.0.0/0.0.0.0:42940
2019-08-27 21:51:59,618 [Datanode State Machine Thread - 0] INFO  ratis.XceiverServerRatis (XceiverServerRatis.java:start(414)) - XceiverServerRatis 803e2962-4b43-470b-a1eb-8fa95db682ee is started using port 42940
2019-08-27 21:51:59,632 [Datanode State Machine Thread - 0] INFO  server.XceiverServerGrpc (XceiverServerGrpc.java:start(161)) - XceiverServerGrpc 803e2962-4b43-470b-a1eb-8fa95db682ee is started using port 36261
2019-08-27 21:51:59,734 [main] INFO  ozone.MiniOzoneClusterImpl (MiniOzoneClusterImpl.java:lambda$waitForClusterToBeReady$0(142)) - Waiting for cluster to be ready. Got 0 of 7 DN Heartbeats.
2019-08-27 21:51:59,821 | INFO  | SCMAudit | user=jenkins1000 | ip=192.168.69.113 | op=GET_VERSION null | ret=SUCCESS |  
2019-08-27 21:51:59,836 [Datanode State Machine Thread - 0] INFO  ozoneimpl.OzoneContainer (OzoneContainer.java:start(201)) - Attempting to start container services.
2019-08-27 21:51:59,836 [Datanode State Machine Thread - 0] INFO  ozoneimpl.OzoneContainer (OzoneContainer.java:startContainerScrub(163)) - Background container scanner has been disabled.
2019-08-27 21:51:59,837 [Datanode State Machine Thread - 0] INFO  ratis.XceiverServerRatis (XceiverServerRatis.java:start(404)) - Starting XceiverServerRatis 7ad9a523-ea61-4de8-b564-9ed7c6de1fd1 at port 0
2019-08-27 21:51:59,848 [Datanode State Machine Thread - 0] INFO  impl.RaftServerProxy (RaftServerProxy.java:lambda$start$3(299)) - 7ad9a523-ea61-4de8-b564-9ed7c6de1fd1: start RPC server
2019-08-27 21:51:59,849 [Datanode State Machine Thread - 0] INFO  server.GrpcService (GrpcService.java:startImpl(149)) - 7ad9a523-ea61-4de8-b564-9ed7c6de1fd1: GrpcService started, listening on 0.0.0.0/0.0.0.0:33912
2019-08-27 21:51:59,849 [Datanode State Machine Thread - 0] INFO  ratis.XceiverServerRatis (XceiverServerRatis.java:start(414)) - XceiverServerRatis 7ad9a523-ea61-4de8-b564-9ed7c6de1fd1 is started using port 33912
2019-08-27 21:51:59,852 [Datanode State Machine Thread - 0] INFO  server.XceiverServerGrpc (XceiverServerGrpc.java:start(161)) - XceiverServerGrpc 7ad9a523-ea61-4de8-b564-9ed7c6de1fd1 is started using port 42746
2019-08-27 21:52:00,301 | INFO  | SCMAudit | user=jenkins1000 | ip=192.168.69.113 | op=GET_VERSION null | ret=SUCCESS |  
2019-08-27 21:52:00,316 [Datanode State Machine Thread - 0] INFO  ozoneimpl.OzoneContainer (OzoneContainer.java:start(201)) - Attempting to start container services.
2019-08-27 21:52:00,317 [Datanode State Machine Thread - 0] INFO  ozoneimpl.OzoneContainer (OzoneContainer.java:startContainerScrub(163)) - Background container scanner has been disabled.
2019-08-27 21:52:00,317 [Datanode State Machine Thread - 0] INFO  ratis.XceiverServerRatis (XceiverServerRatis.java:start(404)) - Starting XceiverServerRatis ff101aed-a6b7-4de5-96bc-8545c1bca62b at port 0
2019-08-27 21:52:00,325 [Datanode State Machine Thread - 0] INFO  impl.RaftServerProxy (RaftServerProxy.java:lambda$start$3(299)) - ff101aed-a6b7-4de5-96bc-8545c1bca62b: start RPC server
2019-08-27 21:52:00,325 [Datanode State Machine Thread - 0] INFO  server.GrpcService (GrpcService.java:startImpl(149)) - ff101aed-a6b7-4de5-96bc-8545c1bca62b: GrpcService started, listening on 0.0.0.0/0.0.0.0:37617
2019-08-27 21:52:00,326 [Datanode State Machine Thread - 0] INFO  ratis.XceiverServerRatis (XceiverServerRatis.java:start(414)) - XceiverServerRatis ff101aed-a6b7-4de5-96bc-8545c1bca62b is started using port 37617
2019-08-27 21:52:00,326 [Datanode State Machine Thread - 0] INFO  server.XceiverServerGrpc (XceiverServerGrpc.java:start(161)) - XceiverServerGrpc ff101aed-a6b7-4de5-96bc-8545c1bca62b is started using port 38395
2019-08-27 21:52:00,535 | INFO  | SCMAudit | user=jenkins1000 | ip=192.168.69.113 | op=GET_VERSION null | ret=SUCCESS |  
2019-08-27 21:52:00,541 [Datanode State Machine Thread - 0] INFO  ozoneimpl.OzoneContainer (OzoneContainer.java:start(201)) - Attempting to start container services.
2019-08-27 21:52:00,541 [Datanode State Machine Thread - 0] INFO  ozoneimpl.OzoneContainer (OzoneContainer.java:startContainerScrub(163)) - Background container scanner has been disabled.
2019-08-27 21:52:00,541 [Datanode State Machine Thread - 0] INFO  ratis.XceiverServerRatis (XceiverServerRatis.java:start(404)) - Starting XceiverServerRatis d16fede7-9c95-4edf-9c33-745cfaca74f6 at port 0
2019-08-27 21:52:00,549 [Datanode State Machine Thread - 0] INFO  impl.RaftServerProxy (RaftServerProxy.java:lambda$start$3(299)) - d16fede7-9c95-4edf-9c33-745cfaca74f6: start RPC server
2019-08-27 21:52:00,550 [Datanode State Machine Thread - 0] INFO  server.GrpcService (GrpcService.java:startImpl(149)) - d16fede7-9c95-4edf-9c33-745cfaca74f6: GrpcService started, listening on 0.0.0.0/0.0.0.0:38146
2019-08-27 21:52:00,550 [Datanode State Machine Thread - 0] INFO  ratis.XceiverServerRatis (XceiverServerRatis.java:start(414)) - XceiverServerRatis d16fede7-9c95-4edf-9c33-745cfaca74f6 is started using port 38146
2019-08-27 21:52:00,550 [Datanode State Machine Thread - 0] INFO  server.XceiverServerGrpc (XceiverServerGrpc.java:start(161)) - XceiverServerGrpc d16fede7-9c95-4edf-9c33-745cfaca74f6 is started using port 39547
2019-08-27 21:52:00,735 [main] INFO  ozone.MiniOzoneClusterImpl (MiniOzoneClusterImpl.java:lambda$waitForClusterToBeReady$0(142)) - Waiting for cluster to be ready. Got 0 of 7 DN Heartbeats.
2019-08-27 21:52:00,739 | INFO  | SCMAudit | user=jenkins1000 | ip=192.168.69.113 | op=GET_VERSION null | ret=SUCCESS |  
2019-08-27 21:52:00,754 [Datanode State Machine Thread - 0] INFO  ozoneimpl.OzoneContainer (OzoneContainer.java:start(201)) - Attempting to start container services.
2019-08-27 21:52:00,754 [Datanode State Machine Thread - 0] INFO  ozoneimpl.OzoneContainer (OzoneContainer.java:startContainerScrub(163)) - Background container scanner has been disabled.
2019-08-27 21:52:00,755 [Datanode State Machine Thread - 0] INFO  ratis.XceiverServerRatis (XceiverServerRatis.java:start(404)) - Starting XceiverServerRatis 676885e1-3491-47d8-84ec-d928b9cef1c5 at port 0
2019-08-27 21:52:00,760 [Datanode State Machine Thread - 0] INFO  impl.RaftServerProxy (RaftServerProxy.java:lambda$start$3(299)) - 676885e1-3491-47d8-84ec-d928b9cef1c5: start RPC server
2019-08-27 21:52:00,761 [Datanode State Machine Thread - 0] INFO  server.GrpcService (GrpcService.java:startImpl(149)) - 676885e1-3491-47d8-84ec-d928b9cef1c5: GrpcService started, listening on 0.0.0.0/0.0.0.0:43396
2019-08-27 21:52:00,761 [Datanode State Machine Thread - 0] INFO  ratis.XceiverServerRatis (XceiverServerRatis.java:start(414)) - XceiverServerRatis 676885e1-3491-47d8-84ec-d928b9cef1c5 is started using port 43396
2019-08-27 21:52:00,765 [Datanode State Machine Thread - 0] INFO  server.XceiverServerGrpc (XceiverServerGrpc.java:start(161)) - XceiverServerGrpc 676885e1-3491-47d8-84ec-d928b9cef1c5 is started using port 36805
2019-08-27 21:52:01,145 [IPC Server handler 2 on 38993] INFO  net.NetworkTopology (NetworkTopologyImpl.java:add(110)) - Added a new node: /default-rack/6da4aad8-a4f6-4be0-a3fe-0ce626d82d81
2019-08-27 21:52:01,149 [IPC Server handler 2 on 38993] INFO  node.SCMNodeManager (SCMNodeManager.java:register(273)) - Registered Data node : 6da4aad8-a4f6-4be0-a3fe-0ce626d82d81{ip: 192.168.69.113, host: pr-hdds-1200-p2fvk-934908843, networkLocation: /default-rack, certSerialId: null}
2019-08-27 21:52:01,150 [EventQueue-NodeRegistrationContainerReportForDataNodeSafeModeRule] INFO  safemode.SCMSafeModeManager (DataNodeSafeModeRule.java:process(71)) - SCM in safe mode. 1 DataNodes registered, 1 required.
2019-08-27 21:52:01,150 | INFO  | SCMAudit | user=jenkins1000 | ip=192.168.69.113 | op=REGISTER {datanodeDetails=6da4aad8-a4f6-4be0-a3fe-0ce626d82d81{ip: 192.168.69.113, host: pr-hdds-1200-p2fvk-934908843, networkLocation: /default-rack, certSerialId: null}} | ret=SUCCESS |  
2019-08-27 21:52:01,153 [EventQueue-NodeRegistrationContainerReportForDataNodeSafeModeRule] INFO  safemode.SCMSafeModeManager (SCMSafeModeManager.java:validateSafeModeExitRules(177)) - ScmSafeModeManager, all rules are successfully validated
2019-08-27 21:52:01,153 [EventQueue-NodeRegistrationContainerReportForDataNodeSafeModeRule] INFO  safemode.SCMSafeModeManager (SCMSafeModeManager.java:exitSafeMode(193)) - SCM exiting safe mode.
2019-08-27 21:52:01,171 [grpc-default-executor-2] INFO  impl.RaftServerProxy (RaftServerProxy.java:addNew(89)) - 6da4aad8-a4f6-4be0-a3fe-0ce626d82d81: addNew group-F53D5622B164:[6da4aad8-a4f6-4be0-a3fe-0ce626d82d81:192.168.69.113:42674] returns group-F53D5622B164:java.util.concurrent.CompletableFuture@29fab02e[Not completed]
2019-08-27 21:52:01,174 [pool-126-thread-1] INFO  impl.RaftServerImpl (RaftServerImpl.java:<init>(93)) - 6da4aad8-a4f6-4be0-a3fe-0ce626d82d81: new RaftServerImpl for group-F53D5622B164:[6da4aad8-a4f6-4be0-a3fe-0ce626d82d81:192.168.69.113:42674] with ContainerStateMachine:uninitialized
2019-08-27 21:52:01,174 [pool-126-thread-1] INFO  server.RaftServerConfigKeys (ConfUtils.java:logGet(43)) - raft.server.rpc.timeout.min = 5s (custom)
2019-08-27 21:52:01,174 [pool-126-thread-1] INFO  server.RaftServerConfigKeys (ConfUtils.java:logGet(43)) - raft.server.rpc.timeout.max = 5200ms (custom)
2019-08-27 21:52:01,174 [pool-126-thread-1] INFO  server.RaftServerConfigKeys (ConfUtils.java:logGet(43)) - raft.server.rpcslowness.timeout = 120s (custom)
2019-08-27 21:52:01,174 [pool-126-thread-1] INFO  server.RaftServerConfigKeys (ConfUtils.java:logGet(43)) - raft.server.sleep.deviation.threshold = 300 (default)
2019-08-27 21:52:01,175 [pool-126-thread-1] INFO  server.RaftServerConfigKeys (ConfUtils.java:logGet(43)) - raft.server.log.appender.install.snapshot.enabled = false (custom)
2019-08-27 21:52:01,175 [pool-126-thread-1] INFO  impl.RaftServerImpl (ServerState.java:<init>(105)) - 6da4aad8-a4f6-4be0-a3fe-0ce626d82d81:group-F53D5622B164 ConfigurationManager, init=-1: [6da4aad8-a4f6-4be0-a3fe-0ce626d82d81:192.168.69.113:42674], old=null, confs=<EMPTY_MAP>
2019-08-27 21:52:01,175 [pool-126-thread-1] INFO  server.RaftServerConfigKeys (ConfUtils.java:logGet(43)) - raft.server.storage.dir = [/workdir/hadoop-ozone/integration-test/target/test-dir/MiniOzoneClusterImpl-0c6efe5f-9e3c-49a3-bcef-d31200f6a240/datanode-0/data/ratis] (custom)
2019-08-27 21:52:01,176 [pool-126-thread-1] INFO  storage.RaftStorageDirectory (RaftStorageDirectory.java:analyzeStorage(246)) - The storage directory /workdir/hadoop-ozone/integration-test/target/test-dir/MiniOzoneClusterImpl-0c6efe5f-9e3c-49a3-bcef-d31200f6a240/datanode-0/data/ratis/fc5ee4a7-d885-4616-aa88-f53d5622b164 does not exist. Creating ...
2019-08-27 21:52:01,180 [pool-126-thread-1] INFO  storage.RaftStorageDirectory (RaftStorageDirectory.java:tryLock(328)) - Lock on /workdir/hadoop-ozone/integration-test/target/test-dir/MiniOzoneClusterImpl-0c6efe5f-9e3c-49a3-bcef-d31200f6a240/datanode-0/data/ratis/fc5ee4a7-d885-4616-aa88-f53d5622b164/in_use.lock acquired by nodename 31966@pr-hdds-1200-p2fvk-934908843
2019-08-27 21:52:01,183 [pool-126-thread-1] INFO  storage.RaftStorage (RaftStorage.java:format(72)) - Storage directory /workdir/hadoop-ozone/integration-test/target/test-dir/MiniOzoneClusterImpl-0c6efe5f-9e3c-49a3-bcef-d31200f6a240/datanode-0/data/ratis/fc5ee4a7-d885-4616-aa88-f53d5622b164 has been successfully formatted.
2019-08-27 21:52:01,184 [pool-126-thread-1] INFO  ratis.ContainerStateMachine (ContainerStateMachine.java:loadSnapshot(226)) - group-F53D5622B164: The snapshot info is null. Setting the last applied indexto:(t:0, i:~)
2019-08-27 21:52:01,184 [pool-126-thread-1] INFO  server.RaftServerConfigKeys (ConfUtils.java:logGet(43)) - raft.server.leader.election.timeout = 120s (custom)
2019-08-27 21:52:01,184 [pool-126-thread-1] INFO  server.RaftServerConfigKeys (ConfUtils.java:logGet(43)) - raft.server.log.use.memory = false (default)
2019-08-27 21:52:01,184 [pool-126-thread-1] INFO  server.RaftServerConfigKeys (ConfUtils.java:logGet(43)) - raft.server.log.purge.gap = 1000000 (custom)
2019-08-27 21:52:01,184 [pool-126-thread-1] INFO  server.RaftServerConfigKeys (ConfUtils.java:logGet(43)) - raft.server.log.appender.buffer.byte-limit = 33554432 (custom)
2019-08-27 21:52:01,185 [pool-126-thread-1] INFO  server.RaftServerConfigKeys (ConfUtils.java:logGet(43)) - raft.server.log.segment.size.max = 1048576 (custom)
2019-08-27 21:52:01,185 [pool-126-thread-1] INFO  server.RaftServerConfigKeys (ConfUtils.java:logGet(43)) - raft.server.log.segment.cache.num.max = 2 (custom)
2019-08-27 21:52:01,185 [pool-126-thread-1] INFO  segmented.SegmentedRaftLogWorker (SegmentedRaftLogWorker.java:<init>(172)) - new 6da4aad8-a4f6-4be0-a3fe-0ce626d82d81-SegmentedRaftLogWorker:Storage Directory /workdir/hadoop-ozone/integration-test/target/test-dir/MiniOzoneClusterImpl-0c6efe5f-9e3c-49a3-bcef-d31200f6a240/datanode-0/data/ratis/fc5ee4a7-d885-4616-aa88-f53d5622b164 for RaftStorage:Storage Directory /workdir/hadoop-ozone/integration-test/target/test-dir/MiniOzoneClusterImpl-0c6efe5f-9e3c-49a3-bcef-d31200f6a240/datanode-0/data/ratis/fc5ee4a7-d885-4616-aa88-f53d5622b164
2019-08-27 21:52:01,186 [pool-126-thread-1] INFO  server.RaftServerConfigKeys (ConfUtils.java:logGet(43)) - raft.server.log.queue.byte-limit = 2147483647 (custom)
2019-08-27 21:52:01,186 [pool-126-thread-1] INFO  server.RaftServerConfigKeys (ConfUtils.java:logGet(43)) - raft.server.log.queue.element-limit = 1024 (custom)
2019-08-27 21:52:01,186 [pool-126-thread-1] INFO  server.RaftServerConfigKeys (ConfUtils.java:logGet(43)) - raft.server.log.segment.size.max = 1048576 (custom)
2019-08-27 21:52:01,186 [pool-126-thread-1] INFO  server.RaftServerConfigKeys (ConfUtils.java:logGet(43)) - raft.server.log.preallocated.size = 16384 (custom)
2019-08-27 21:52:01,186 [pool-126-thread-1] INFO  server.RaftServerConfigKeys (ConfUtils.java:logGet(43)) - raft.server.log.write.buffer.size = 33554432 (custom)
2019-08-27 21:52:01,187 [pool-126-thread-1] INFO  server.RaftServerConfigKeys (ConfUtils.java:logGet(43)) - raft.server.log.force.sync.num = 128 (default)
2019-08-27 21:52:01,187 [pool-126-thread-1] INFO  server.RaftServerConfigKeys (ConfUtils.java:logGet(43)) - raft.server.log.statemachine.data.sync = true (default)
2019-08-27 21:52:01,187 [pool-126-thread-1] INFO  server.RaftServerConfigKeys (ConfUtils.java:logGet(43)) - raft.server.log.statemachine.data.sync.timeout = 10s (default)
2019-08-27 21:52:01,187 [pool-126-thread-1] INFO  server.RaftServerConfigKeys (ConfUtils.java:logGet(43)) - raft.server.log.statemachine.data.sync.timeout.retry = -1 (default)
2019-08-27 21:52:01,188 [pool-126-thread-1] INFO  server.RaftServerConfigKeys (ConfUtils.java:logGet(43)) - raft.server.log.statemachine.data.caching.enabled = true (custom)
2019-08-27 21:52:01,188 [pool-126-thread-1] INFO  segmented.SegmentedRaftLogWorker (SegmentedRaftLogWorker.java:lambda$new$0(132)) - 6da4aad8-a4f6-4be0-a3fe-0ce626d82d81-SegmentedRaftLogWorker:Storage Directory /workdir/hadoop-ozone/integration-test/target/test-dir/MiniOzoneClusterImpl-0c6efe5f-9e3c-49a3-bcef-d31200f6a240/datanode-0/data/ratis/fc5ee4a7-d885-4616-aa88-f53d5622b164: flushIndex: setUnconditionally 0 -> -1
2019-08-27 21:52:01,188 [pool-126-thread-1] INFO  server.RaftServerConfigKeys (ConfUtils.java:logGet(43)) - raft.server.snapshot.auto.trigger.enabled = true (custom)
2019-08-27 21:52:01,189 [pool-126-thread-1] INFO  server.RaftServerConfigKeys (ConfUtils.java:logGet(43)) - raft.server.snapshot.auto.trigger.threshold = 10000 (custom)
2019-08-27 21:52:01,189 [pool-126-thread-1] INFO  server.RaftServerConfigKeys (ConfUtils.java:logGet(43)) - raft.server.retrycache.expirytime = 600000ms (custom)
2019-08-27 21:52:01,189 [pool-126-thread-1] INFO  impl.RaftServerImpl (RaftServerImpl.java:start(180)) - 6da4aad8-a4f6-4be0-a3fe-0ce626d82d81: start group-F53D5622B164
2019-08-27 21:52:01,190 [pool-126-thread-1] INFO  impl.RaftServerImpl (RaftServerImpl.java:setRole(171)) - 6da4aad8-a4f6-4be0-a3fe-0ce626d82d81:group-F53D5622B164 changes role from null to FOLLOWER at term 0 for startAsFollower
2019-08-27 21:52:01,190 [pool-126-thread-1] INFO  impl.RoleInfo (RoleInfo.java:updateAndGet(143)) - 6da4aad8-a4f6-4be0-a3fe-0ce626d82d81: start FollowerState
2019-08-27 21:52:01,191 [pool-126-thread-1] INFO  util.JmxRegister (JmxRegister.java:tryRegister(44)) - Successfully registered JMX Bean with object name Ratis:service=RaftServer,group=group-F53D5622B164,id=6da4aad8-a4f6-4be0-a3fe-0ce626d82d81
2019-08-27 21:52:01,195 [RatisPipelineUtilsThread] INFO  pipeline.PipelineStateManager (PipelineStateManager.java:addPipeline(56)) - Created pipeline Pipeline[ Id: fc5ee4a7-d885-4616-aa88-f53d5622b164, Nodes: 6da4aad8-a4f6-4be0-a3fe-0ce626d82d81{ip: 192.168.69.113, host: pr-hdds-1200-p2fvk-934908843, networkLocation: /default-rack, certSerialId: null}, Type:RATIS, Factor:ONE, State:OPEN]
2019-08-27 21:52:01,359 [IPC Server handler 5 on 38993] INFO  net.NetworkTopology (NetworkTopologyImpl.java:add(110)) - Added a new node: /default-rack/6fbb6c8f-68ec-4eec-acdd-5276ddf30de1
2019-08-27 21:52:01,359 [IPC Server handler 5 on 38993] INFO  node.SCMNodeManager (SCMNodeManager.java:register(273)) - Registered Data node : 6fbb6c8f-68ec-4eec-acdd-5276ddf30de1{ip: 192.168.69.113, host: pr-hdds-1200-p2fvk-934908843, networkLocation: /default-rack, certSerialId: null}
2019-08-27 21:52:01,360 | INFO  | SCMAudit | user=jenkins1000 | ip=192.168.69.113 | op=REGISTER {datanodeDetails=6fbb6c8f-68ec-4eec-acdd-5276ddf30de1{ip: 192.168.69.113, host: pr-hdds-1200-p2fvk-934908843, networkLocation: /default-rack, certSerialId: null}} | ret=SUCCESS |  
2019-08-27 21:52:01,370 [grpc-default-executor-2] INFO  impl.RaftServerProxy (RaftServerProxy.java:addNew(89)) - 6fbb6c8f-68ec-4eec-acdd-5276ddf30de1: addNew group-2A62E423243A:[6fbb6c8f-68ec-4eec-acdd-5276ddf30de1:192.168.69.113:36253] returns group-2A62E423243A:java.util.concurrent.CompletableFuture@5fafabbb[Not completed]
2019-08-27 21:52:01,375 [pool-137-thread-1] INFO  impl.RaftServerImpl (RaftServerImpl.java:<init>(93)) - 6fbb6c8f-68ec-4eec-acdd-5276ddf30de1: new RaftServerImpl for group-2A62E423243A:[6fbb6c8f-68ec-4eec-acdd-5276ddf30de1:192.168.69.113:36253] with ContainerStateMachine:uninitialized
2019-08-27 21:52:01,376 [pool-137-thread-1] INFO  server.RaftServerConfigKeys (ConfUtils.java:logGet(43)) - raft.server.rpc.timeout.min = 5s (custom)
2019-08-27 21:52:01,376 [pool-137-thread-1] INFO  server.RaftServerConfigKeys (ConfUtils.java:logGet(43)) - raft.server.rpc.timeout.max = 5200ms (custom)
2019-08-27 21:52:01,376 [pool-137-thread-1] INFO  server.RaftServerConfigKeys (ConfUtils.java:logGet(43)) - raft.server.rpcslowness.timeout = 120s (custom)
2019-08-27 21:52:01,376 [pool-137-thread-1] INFO  server.RaftServerConfigKeys (ConfUtils.java:logGet(43)) - raft.server.sleep.deviation.threshold = 300 (default)
2019-08-27 21:52:01,376 [pool-137-thread-1] INFO  server.RaftServerConfigKeys (ConfUtils.java:logGet(43)) - raft.server.log.appender.install.snapshot.enabled = false (custom)
2019-08-27 21:52:01,377 [pool-137-thread-1] INFO  impl.RaftServerImpl (ServerState.java:<init>(105)) - 6fbb6c8f-68ec-4eec-acdd-5276ddf30de1:group-2A62E423243A ConfigurationManager, init=-1: [6fbb6c8f-68ec-4eec-acdd-5276ddf30de1:192.168.69.113:36253], old=null, confs=<EMPTY_MAP>
2019-08-27 21:52:01,377 [pool-137-thread-1] INFO  server.RaftServerConfigKeys (ConfUtils.java:logGet(43)) - raft.server.storage.dir = [/workdir/hadoop-ozone/integration-test/target/test-dir/MiniOzoneClusterImpl-0c6efe5f-9e3c-49a3-bcef-d31200f6a240/datanode-1/data/ratis] (custom)
2019-08-27 21:52:01,377 [pool-137-thread-1] INFO  storage.RaftStorageDirectory (RaftStorageDirectory.java:analyzeStorage(246)) - The storage directory /workdir/hadoop-ozone/integration-test/target/test-dir/MiniOzoneClusterImpl-0c6efe5f-9e3c-49a3-bcef-d31200f6a240/datanode-1/data/ratis/e85338f6-4446-43f1-8479-2a62e423243a does not exist. Creating ...
2019-08-27 21:52:01,387 [pool-137-thread-1] INFO  storage.RaftStorageDirectory (RaftStorageDirectory.java:tryLock(328)) - Lock on /workdir/hadoop-ozone/integration-test/target/test-dir/MiniOzoneClusterImpl-0c6efe5f-9e3c-49a3-bcef-d31200f6a240/datanode-1/data/ratis/e85338f6-4446-43f1-8479-2a62e423243a/in_use.lock acquired by nodename 31966@pr-hdds-1200-p2fvk-934908843
2019-08-27 21:52:01,402 [pool-137-thread-1] INFO  storage.RaftStorage (RaftStorage.java:format(72)) - Storage directory /workdir/hadoop-ozone/integration-test/target/test-dir/MiniOzoneClusterImpl-0c6efe5f-9e3c-49a3-bcef-d31200f6a240/datanode-1/data/ratis/e85338f6-4446-43f1-8479-2a62e423243a has been successfully formatted.
2019-08-27 21:52:01,403 [pool-137-thread-1] INFO  ratis.ContainerStateMachine (ContainerStateMachine.java:loadSnapshot(226)) - group-2A62E423243A: The snapshot info is null. Setting the last applied indexto:(t:0, i:~)
2019-08-27 21:52:01,403 [pool-137-thread-1] INFO  server.RaftServerConfigKeys (ConfUtils.java:logGet(43)) - raft.server.leader.election.timeout = 120s (custom)
2019-08-27 21:52:01,403 [pool-137-thread-1] INFO  server.RaftServerConfigKeys (ConfUtils.java:logGet(43)) - raft.server.log.use.memory = false (default)
2019-08-27 21:52:01,403 [pool-137-thread-1] INFO  server.RaftServerConfigKeys (ConfUtils.java:logGet(43)) - raft.server.log.purge.gap = 1000000 (custom)
2019-08-27 21:52:01,404 [pool-137-thread-1] INFO  server.RaftServerConfigKeys (ConfUtils.java:logGet(43)) - raft.server.log.appender.buffer.byte-limit = 33554432 (custom)
2019-08-27 21:52:01,404 [pool-137-thread-1] INFO  server.RaftServerConfigKeys (ConfUtils.java:logGet(43)) - raft.server.log.segment.size.max = 1048576 (custom)
2019-08-27 21:52:01,404 [pool-137-thread-1] INFO  server.RaftServerConfigKeys (ConfUtils.java:logGet(43)) - raft.server.log.segment.cache.num.max = 2 (custom)
2019-08-27 21:52:01,404 [pool-137-thread-1] INFO  segmented.SegmentedRaftLogWorker (SegmentedRaftLogWorker.java:<init>(172)) - new 6fbb6c8f-68ec-4eec-acdd-5276ddf30de1-SegmentedRaftLogWorker:Storage Directory /workdir/hadoop-ozone/integration-test/target/test-dir/MiniOzoneClusterImpl-0c6efe5f-9e3c-49a3-bcef-d31200f6a240/datanode-1/data/ratis/e85338f6-4446-43f1-8479-2a62e423243a for RaftStorage:Storage Directory /workdir/hadoop-ozone/integration-test/target/test-dir/MiniOzoneClusterImpl-0c6efe5f-9e3c-49a3-bcef-d31200f6a240/datanode-1/data/ratis/e85338f6-4446-43f1-8479-2a62e423243a
2019-08-27 21:52:01,404 [pool-137-thread-1] INFO  server.RaftServerConfigKeys (ConfUtils.java:logGet(43)) - raft.server.log.queue.byte-limit = 2147483647 (custom)
2019-08-27 21:52:01,405 [pool-137-thread-1] INFO  server.RaftServerConfigKeys (ConfUtils.java:logGet(43)) - raft.server.log.queue.element-limit = 1024 (custom)
2019-08-27 21:52:01,405 [pool-137-thread-1] INFO  server.RaftServerConfigKeys (ConfUtils.java:logGet(43)) - raft.server.log.segment.size.max = 1048576 (custom)
2019-08-27 21:52:01,405 [pool-137-thread-1] INFO  server.RaftServerConfigKeys (ConfUtils.java:logGet(43)) - raft.server.log.preallocated.size = 16384 (custom)
2019-08-27 21:52:01,406 [pool-137-thread-1] INFO  server.RaftServerConfigKeys (ConfUtils.java:logGet(43)) - raft.server.log.write.buffer.size = 33554432 (custom)
2019-08-27 21:52:01,406 [pool-137-thread-1] INFO  server.RaftServerConfigKeys (ConfUtils.java:logGet(43)) - raft.server.log.force.sync.num = 128 (default)
2019-08-27 21:52:01,406 [pool-137-thread-1] INFO  server.RaftServerConfigKeys (ConfUtils.java:logGet(43)) - raft.server.log.statemachine.data.sync = true (default)
2019-08-27 21:52:01,406 [pool-137-thread-1] INFO  server.RaftServerConfigKeys (ConfUtils.java:logGet(43)) - raft.server.log.statemachine.data.sync.timeout = 10s (default)
2019-08-27 21:52:01,406 [pool-137-thread-1] INFO  server.RaftServerConfigKeys (ConfUtils.java:logGet(43)) - raft.server.log.statemachine.data.sync.timeout.retry = -1 (default)
2019-08-27 21:52:01,407 [pool-137-thread-1] INFO  server.RaftServerConfigKeys (ConfUtils.java:logGet(43)) - raft.server.log.statemachine.data.caching.enabled = true (custom)
2019-08-27 21:52:01,407 [pool-137-thread-1] INFO  segmented.SegmentedRaftLogWorker (SegmentedRaftLogWorker.java:lambda$new$0(132)) - 6fbb6c8f-68ec-4eec-acdd-5276ddf30de1-SegmentedRaftLogWorker:Storage Directory /workdir/hadoop-ozone/integration-test/target/test-dir/MiniOzoneClusterImpl-0c6efe5f-9e3c-49a3-bcef-d31200f6a240/datanode-1/data/ratis/e85338f6-4446-43f1-8479-2a62e423243a: flushIndex: setUnconditionally 0 -> -1
2019-08-27 21:52:01,408 [pool-137-thread-1] INFO  server.RaftServerConfigKeys (ConfUtils.java:logGet(43)) - raft.server.snapshot.auto.trigger.enabled = true (custom)
2019-08-27 21:52:01,408 [pool-137-thread-1] INFO  server.RaftServerConfigKeys (ConfUtils.java:logGet(43)) - raft.server.snapshot.auto.trigger.threshold = 10000 (custom)
2019-08-27 21:52:01,408 [pool-137-thread-1] INFO  server.RaftServerConfigKeys (ConfUtils.java:logGet(43)) - raft.server.retrycache.expirytime = 600000ms (custom)
2019-08-27 21:52:01,409 [pool-137-thread-1] INFO  impl.RaftServerImpl (RaftServerImpl.java:start(180)) - 6fbb6c8f-68ec-4eec-acdd-5276ddf30de1: start group-2A62E423243A
2019-08-27 21:52:01,409 [pool-137-thread-1] INFO  impl.RaftServerImpl (RaftServerImpl.java:setRole(171)) - 6fbb6c8f-68ec-4eec-acdd-5276ddf30de1:group-2A62E423243A changes role from null to FOLLOWER at term 0 for startAsFollower
2019-08-27 21:52:01,409 [pool-137-thread-1] INFO  impl.RoleInfo (RoleInfo.java:updateAndGet(143)) - 6fbb6c8f-68ec-4eec-acdd-5276ddf30de1: start FollowerState
2019-08-27 21:52:01,410 [pool-137-thread-1] INFO  util.JmxRegister (JmxRegister.java:tryRegister(44)) - Successfully registered JMX Bean with object name Ratis:service=RaftServer,group=group-2A62E423243A,id=6fbb6c8f-68ec-4eec-acdd-5276ddf30de1
2019-08-27 21:52:01,413 [RatisPipelineUtilsThread] INFO  pipeline.PipelineStateManager (PipelineStateManager.java:addPipeline(56)) - Created pipeline Pipeline[ Id: e85338f6-4446-43f1-8479-2a62e423243a, Nodes: 6fbb6c8f-68ec-4eec-acdd-5276ddf30de1{ip: 192.168.69.113, host: pr-hdds-1200-p2fvk-934908843, networkLocation: /default-rack, certSerialId: null}, Type:RATIS, Factor:ONE, State:OPEN]
2019-08-27 21:52:01,585 [IPC Server handler 3 on 38993] INFO  net.NetworkTopology (NetworkTopologyImpl.java:add(110)) - Added a new node: /default-rack/803e2962-4b43-470b-a1eb-8fa95db682ee
2019-08-27 21:52:01,585 [IPC Server handler 3 on 38993] INFO  node.SCMNodeManager (SCMNodeManager.java:register(273)) - Registered Data node : 803e2962-4b43-470b-a1eb-8fa95db682ee{ip: 192.168.69.113, host: pr-hdds-1200-p2fvk-934908843, networkLocation: /default-rack, certSerialId: null}
2019-08-27 21:52:01,585 | INFO  | SCMAudit | user=jenkins1000 | ip=192.168.69.113 | op=REGISTER {datanodeDetails=803e2962-4b43-470b-a1eb-8fa95db682ee{ip: 192.168.69.113, host: pr-hdds-1200-p2fvk-934908843, networkLocation: /default-rack, certSerialId: null}} | ret=SUCCESS |  
2019-08-27 21:52:01,595 [grpc-default-executor-2] INFO  impl.RaftServerProxy (RaftServerProxy.java:addNew(89)) - 803e2962-4b43-470b-a1eb-8fa95db682ee: addNew group-618646FDE4E2:[803e2962-4b43-470b-a1eb-8fa95db682ee:192.168.69.113:42940] returns group-618646FDE4E2:java.util.concurrent.CompletableFuture@518a4a41[Not completed]
2019-08-27 21:52:01,601 [pool-148-thread-1] INFO  impl.RaftServerImpl (RaftServerImpl.java:<init>(93)) - 803e2962-4b43-470b-a1eb-8fa95db682ee: new RaftServerImpl for group-618646FDE4E2:[803e2962-4b43-470b-a1eb-8fa95db682ee:192.168.69.113:42940] with ContainerStateMachine:uninitialized
2019-08-27 21:52:01,602 [pool-148-thread-1] INFO  server.RaftServerConfigKeys (ConfUtils.java:logGet(43)) - raft.server.rpc.timeout.min = 5s (custom)
2019-08-27 21:52:01,602 [pool-148-thread-1] INFO  server.RaftServerConfigKeys (ConfUtils.java:logGet(43)) - raft.server.rpc.timeout.max = 5200ms (custom)
2019-08-27 21:52:01,602 [pool-148-thread-1] INFO  server.RaftServerConfigKeys (ConfUtils.java:logGet(43)) - raft.server.rpcslowness.timeout = 120s (custom)
2019-08-27 21:52:01,602 [pool-148-thread-1] INFO  server.RaftServerConfigKeys (ConfUtils.java:logGet(43)) - raft.server.sleep.deviation.threshold = 300 (default)
2019-08-27 21:52:01,602 [pool-148-thread-1] INFO  server.RaftServerConfigKeys (ConfUtils.java:logGet(43)) - raft.server.log.appender.install.snapshot.enabled = false (custom)
2019-08-27 21:52:01,603 [pool-148-thread-1] INFO  impl.RaftServerImpl (ServerState.java:<init>(105)) - 803e2962-4b43-470b-a1eb-8fa95db682ee:group-618646FDE4E2 ConfigurationManager, init=-1: [803e2962-4b43-470b-a1eb-8fa95db682ee:192.168.69.113:42940], old=null, confs=<EMPTY_MAP>
2019-08-27 21:52:01,603 [pool-148-thread-1] INFO  server.RaftServerConfigKeys (ConfUtils.java:logGet(43)) - raft.server.storage.dir = [/workdir/hadoop-ozone/integration-test/target/test-dir/MiniOzoneClusterImpl-0c6efe5f-9e3c-49a3-bcef-d31200f6a240/datanode-2/data/ratis] (custom)
2019-08-27 21:52:01,603 [pool-148-thread-1] INFO  storage.RaftStorageDirectory (RaftStorageDirectory.java:analyzeStorage(246)) - The storage directory /workdir/hadoop-ozone/integration-test/target/test-dir/MiniOzoneClusterImpl-0c6efe5f-9e3c-49a3-bcef-d31200f6a240/datanode-2/data/ratis/6de7fb5e-7a65-4172-849d-618646fde4e2 does not exist. Creating ...
2019-08-27 21:52:01,617 [pool-148-thread-1] INFO  storage.RaftStorageDirectory (RaftStorageDirectory.java:tryLock(328)) - Lock on /workdir/hadoop-ozone/integration-test/target/test-dir/MiniOzoneClusterImpl-0c6efe5f-9e3c-49a3-bcef-d31200f6a240/datanode-2/data/ratis/6de7fb5e-7a65-4172-849d-618646fde4e2/in_use.lock acquired by nodename 31966@pr-hdds-1200-p2fvk-934908843
2019-08-27 21:52:01,632 [pool-148-thread-1] INFO  storage.RaftStorage (RaftStorage.java:format(72)) - Storage directory /workdir/hadoop-ozone/integration-test/target/test-dir/MiniOzoneClusterImpl-0c6efe5f-9e3c-49a3-bcef-d31200f6a240/datanode-2/data/ratis/6de7fb5e-7a65-4172-849d-618646fde4e2 has been successfully formatted.
2019-08-27 21:52:01,633 [pool-148-thread-1] INFO  ratis.ContainerStateMachine (ContainerStateMachine.java:loadSnapshot(226)) - group-618646FDE4E2: The snapshot info is null. Setting the last applied indexto:(t:0, i:~)
2019-08-27 21:52:01,633 [pool-148-thread-1] INFO  server.RaftServerConfigKeys (ConfUtils.java:logGet(43)) - raft.server.leader.election.timeout = 120s (custom)
2019-08-27 21:52:01,633 [pool-148-thread-1] INFO  server.RaftServerConfigKeys (ConfUtils.java:logGet(43)) - raft.server.log.use.memory = false (default)
2019-08-27 21:52:01,633 [pool-148-thread-1] INFO  server.RaftServerConfigKeys (ConfUtils.java:logGet(43)) - raft.server.log.purge.gap = 1000000 (custom)
2019-08-27 21:52:01,633 [pool-148-thread-1] INFO  server.RaftServerConfigKeys (ConfUtils.java:logGet(43)) - raft.server.log.appender.buffer.byte-limit = 33554432 (custom)
2019-08-27 21:52:01,634 [pool-148-thread-1] INFO  server.RaftServerConfigKeys (ConfUtils.java:logGet(43)) - raft.server.log.segment.size.max = 1048576 (custom)
2019-08-27 21:52:01,634 [pool-148-thread-1] INFO  server.RaftServerConfigKeys (ConfUtils.java:logGet(43)) - raft.server.log.segment.cache.num.max = 2 (custom)
2019-08-27 21:52:01,634 [pool-148-thread-1] INFO  segmented.SegmentedRaftLogWorker (SegmentedRaftLogWorker.java:<init>(172)) - new 803e2962-4b43-470b-a1eb-8fa95db682ee-SegmentedRaftLogWorker:Storage Directory /workdir/hadoop-ozone/integration-test/target/test-dir/MiniOzoneClusterImpl-0c6efe5f-9e3c-49a3-bcef-d31200f6a240/datanode-2/data/ratis/6de7fb5e-7a65-4172-849d-618646fde4e2 for RaftStorage:Storage Directory /workdir/hadoop-ozone/integration-test/target/test-dir/MiniOzoneClusterImpl-0c6efe5f-9e3c-49a3-bcef-d31200f6a240/datanode-2/data/ratis/6de7fb5e-7a65-4172-849d-618646fde4e2
2019-08-27 21:52:01,634 [pool-148-thread-1] INFO  server.RaftServerConfigKeys (ConfUtils.java:logGet(43)) - raft.server.log.queue.byte-limit = 2147483647 (custom)
2019-08-27 21:52:01,634 [pool-148-thread-1] INFO  server.RaftServerConfigKeys (ConfUtils.java:logGet(43)) - raft.server.log.queue.element-limit = 1024 (custom)
2019-08-27 21:52:01,635 [pool-148-thread-1] INFO  server.RaftServerConfigKeys (ConfUtils.java:logGet(43)) - raft.server.log.segment.size.max = 1048576 (custom)
2019-08-27 21:52:01,635 [pool-148-thread-1] INFO  server.RaftServerConfigKeys (ConfUtils.java:logGet(43)) - raft.server.log.preallocated.size = 16384 (custom)
2019-08-27 21:52:01,635 [pool-148-thread-1] INFO  server.RaftServerConfigKeys (ConfUtils.java:logGet(43)) - raft.server.log.write.buffer.size = 33554432 (custom)
2019-08-27 21:52:01,635 [pool-148-thread-1] INFO  server.RaftServerConfigKeys (ConfUtils.java:logGet(43)) - raft.server.log.force.sync.num = 128 (default)
2019-08-27 21:52:01,635 [pool-148-thread-1] INFO  server.RaftServerConfigKeys (ConfUtils.java:logGet(43)) - raft.server.log.statemachine.data.sync = true (default)
2019-08-27 21:52:01,635 [pool-148-thread-1] INFO  server.RaftServerConfigKeys (ConfUtils.java:logGet(43)) - raft.server.log.statemachine.data.sync.timeout = 10s (default)
2019-08-27 21:52:01,635 [pool-148-thread-1] INFO  server.RaftServerConfigKeys (ConfUtils.java:logGet(43)) - raft.server.log.statemachine.data.sync.timeout.retry = -1 (default)
2019-08-27 21:52:01,636 [pool-148-thread-1] INFO  server.RaftServerConfigKeys (ConfUtils.java:logGet(43)) - raft.server.log.statemachine.data.caching.enabled = true (custom)
2019-08-27 21:52:01,636 [pool-148-thread-1] INFO  segmented.SegmentedRaftLogWorker (SegmentedRaftLogWorker.java:lambda$new$0(132)) - 803e2962-4b43-470b-a1eb-8fa95db682ee-SegmentedRaftLogWorker:Storage Directory /workdir/hadoop-ozone/integration-test/target/test-dir/MiniOzoneClusterImpl-0c6efe5f-9e3c-49a3-bcef-d31200f6a240/datanode-2/data/ratis/6de7fb5e-7a65-4172-849d-618646fde4e2: flushIndex: setUnconditionally 0 -> -1
2019-08-27 21:52:01,636 [pool-148-thread-1] INFO  server.RaftServerConfigKeys (ConfUtils.java:logGet(43)) - raft.server.snapshot.auto.trigger.enabled = true (custom)
2019-08-27 21:52:01,637 [pool-148-thread-1] INFO  server.RaftServerConfigKeys (ConfUtils.java:logGet(43)) - raft.server.snapshot.auto.trigger.threshold = 10000 (custom)
2019-08-27 21:52:01,637 [pool-148-thread-1] INFO  server.RaftServerConfigKeys (ConfUtils.java:logGet(43)) - raft.server.retrycache.expirytime = 600000ms (custom)
2019-08-27 21:52:01,637 [pool-148-thread-1] INFO  impl.RaftServerImpl (RaftServerImpl.java:start(180)) - 803e2962-4b43-470b-a1eb-8fa95db682ee: start group-618646FDE4E2
2019-08-27 21:52:01,637 [pool-148-thread-1] INFO  impl.RaftServerImpl (RaftServerImpl.java:setRole(171)) - 803e2962-4b43-470b-a1eb-8fa95db682ee:group-618646FDE4E2 changes role from null to FOLLOWER at term 0 for startAsFollower
2019-08-27 21:52:01,637 [pool-148-thread-1] INFO  impl.RoleInfo (RoleInfo.java:updateAndGet(143)) - 803e2962-4b43-470b-a1eb-8fa95db682ee: start FollowerState
2019-08-27 21:52:01,638 [pool-148-thread-1] INFO  util.JmxRegister (JmxRegister.java:tryRegister(44)) - Successfully registered JMX Bean with object name Ratis:service=RaftServer,group=group-618646FDE4E2,id=803e2962-4b43-470b-a1eb-8fa95db682ee
2019-08-27 21:52:01,641 [RatisPipelineUtilsThread] INFO  pipeline.PipelineStateManager (PipelineStateManager.java:addPipeline(56)) - Created pipeline Pipeline[ Id: 6de7fb5e-7a65-4172-849d-618646fde4e2, Nodes: 803e2962-4b43-470b-a1eb-8fa95db682ee{ip: 192.168.69.113, host: pr-hdds-1200-p2fvk-934908843, networkLocation: /default-rack, certSerialId: null}, Type:RATIS, Factor:ONE, State:OPEN]
2019-08-27 21:52:01,656 [grpc-default-executor-2] INFO  impl.RaftServerProxy (RaftServerProxy.java:addNew(89)) - 6fbb6c8f-68ec-4eec-acdd-5276ddf30de1: addNew group-7320CB8F9FF5:[803e2962-4b43-470b-a1eb-8fa95db682ee:192.168.69.113:42940, 6da4aad8-a4f6-4be0-a3fe-0ce626d82d81:192.168.69.113:42674, 6fbb6c8f-68ec-4eec-acdd-5276ddf30de1:192.168.69.113:36253] returns group-7320CB8F9FF5:java.util.concurrent.CompletableFuture@10cc2168[Not completed]
2019-08-27 21:52:01,656 [grpc-default-executor-5] INFO  impl.RaftServerProxy (RaftServerProxy.java:addNew(89)) - 803e2962-4b43-470b-a1eb-8fa95db682ee: addNew group-7320CB8F9FF5:[803e2962-4b43-470b-a1eb-8fa95db682ee:192.168.69.113:42940, 6da4aad8-a4f6-4be0-a3fe-0ce626d82d81:192.168.69.113:42674, 6fbb6c8f-68ec-4eec-acdd-5276ddf30de1:192.168.69.113:36253] returns group-7320CB8F9FF5:java.util.concurrent.CompletableFuture@6cccb5f2[Not completed]
2019-08-27 21:52:01,656 [grpc-default-executor-1] INFO  impl.RaftServerProxy (RaftServerProxy.java:addNew(89)) - 6da4aad8-a4f6-4be0-a3fe-0ce626d82d81: addNew group-7320CB8F9FF5:[803e2962-4b43-470b-a1eb-8fa95db682ee:192.168.69.113:42940, 6da4aad8-a4f6-4be0-a3fe-0ce626d82d81:192.168.69.113:42674, 6fbb6c8f-68ec-4eec-acdd-5276ddf30de1:192.168.69.113:36253] returns group-7320CB8F9FF5:java.util.concurrent.CompletableFuture@54ab089a[Not completed]
2019-08-27 21:52:01,658 [pool-137-thread-1] INFO  impl.RaftServerImpl (RaftServerImpl.java:<init>(93)) - 6fbb6c8f-68ec-4eec-acdd-5276ddf30de1: new RaftServerImpl for group-7320CB8F9FF5:[803e2962-4b43-470b-a1eb-8fa95db682ee:192.168.69.113:42940, 6da4aad8-a4f6-4be0-a3fe-0ce626d82d81:192.168.69.113:42674, 6fbb6c8f-68ec-4eec-acdd-5276ddf30de1:192.168.69.113:36253] with ContainerStateMachine:uninitialized
2019-08-27 21:52:01,658 [pool-137-thread-1] INFO  server.RaftServerConfigKeys (ConfUtils.java:logGet(43)) - raft.server.rpc.timeout.min = 5s (custom)
2019-08-27 21:52:01,659 [pool-137-thread-1] INFO  server.RaftServerConfigKeys (ConfUtils.java:logGet(43)) - raft.server.rpc.timeout.max = 5200ms (custom)
2019-08-27 21:52:01,659 [pool-137-thread-1] INFO  server.RaftServerConfigKeys (ConfUtils.java:logGet(43)) - raft.server.rpcslowness.timeout = 120s (custom)
2019-08-27 21:52:01,659 [pool-137-thread-1] INFO  server.RaftServerConfigKeys (ConfUtils.java:logGet(43)) - raft.server.sleep.deviation.threshold = 300 (default)
2019-08-27 21:52:01,659 [pool-126-thread-1] INFO  impl.RaftServerImpl (RaftServerImpl.java:<init>(93)) - 6da4aad8-a4f6-4be0-a3fe-0ce626d82d81: new RaftServerImpl for group-7320CB8F9FF5:[803e2962-4b43-470b-a1eb-8fa95db682ee:192.168.69.113:42940, 6da4aad8-a4f6-4be0-a3fe-0ce626d82d81:192.168.69.113:42674, 6fbb6c8f-68ec-4eec-acdd-5276ddf30de1:192.168.69.113:36253] with ContainerStateMachine:uninitialized
2019-08-27 21:52:01,659 [pool-137-thread-1] INFO  server.RaftServerConfigKeys (ConfUtils.java:logGet(43)) - raft.server.log.appender.install.snapshot.enabled = false (custom)
2019-08-27 21:52:01,659 [pool-126-thread-1] INFO  server.RaftServerConfigKeys (ConfUtils.java:logGet(43)) - raft.server.rpc.timeout.min = 5s (custom)
2019-08-27 21:52:01,659 [pool-137-thread-1] INFO  impl.RaftServerImpl (ServerState.java:<init>(105)) - 6fbb6c8f-68ec-4eec-acdd-5276ddf30de1:group-7320CB8F9FF5 ConfigurationManager, init=-1: [803e2962-4b43-470b-a1eb-8fa95db682ee:192.168.69.113:42940, 6da4aad8-a4f6-4be0-a3fe-0ce626d82d81:192.168.69.113:42674, 6fbb6c8f-68ec-4eec-acdd-5276ddf30de1:192.168.69.113:36253], old=null, confs=<EMPTY_MAP>
2019-08-27 21:52:01,659 [pool-126-thread-1] INFO  server.RaftServerConfigKeys (ConfUtils.java:logGet(43)) - raft.server.rpc.timeout.max = 5200ms (custom)
2019-08-27 21:52:01,660 [pool-137-thread-1] INFO  server.RaftServerConfigKeys (ConfUtils.java:logGet(43)) - raft.server.storage.dir = [/workdir/hadoop-ozone/integration-test/target/test-dir/MiniOzoneClusterImpl-0c6efe5f-9e3c-49a3-bcef-d31200f6a240/datanode-1/data/ratis] (custom)
2019-08-27 21:52:01,660 [pool-148-thread-1] INFO  impl.RaftServerImpl (RaftServerImpl.java:<init>(93)) - 803e2962-4b43-470b-a1eb-8fa95db682ee: new RaftServerImpl for group-7320CB8F9FF5:[803e2962-4b43-470b-a1eb-8fa95db682ee:192.168.69.113:42940, 6da4aad8-a4f6-4be0-a3fe-0ce626d82d81:192.168.69.113:42674, 6fbb6c8f-68ec-4eec-acdd-5276ddf30de1:192.168.69.113:36253] with ContainerStateMachine:uninitialized
2019-08-27 21:52:01,660 [pool-126-thread-1] INFO  server.RaftServerConfigKeys (ConfUtils.java:logGet(43)) - raft.server.rpcslowness.timeout = 120s (custom)
2019-08-27 21:52:01,660 [pool-148-thread-1] INFO  server.RaftServerConfigKeys (ConfUtils.java:logGet(43)) - raft.server.rpc.timeout.min = 5s (custom)
2019-08-27 21:52:01,660 [pool-126-thread-1] INFO  server.RaftServerConfigKeys (ConfUtils.java:logGet(43)) - raft.server.sleep.deviation.threshold = 300 (default)
2019-08-27 21:52:01,660 [pool-137-thread-1] INFO  storage.RaftStorageDirectory (RaftStorageDirectory.java:analyzeStorage(246)) - The storage directory /workdir/hadoop-ozone/integration-test/target/test-dir/MiniOzoneClusterImpl-0c6efe5f-9e3c-49a3-bcef-d31200f6a240/datanode-1/data/ratis/1e50b401-368a-4911-9917-7320cb8f9ff5 does not exist. Creating ...
2019-08-27 21:52:01,660 [pool-148-thread-1] INFO  server.RaftServerConfigKeys (ConfUtils.java:logGet(43)) - raft.server.rpc.timeout.max = 5200ms (custom)
2019-08-27 21:52:01,660 [pool-126-thread-1] INFO  server.RaftServerConfigKeys (ConfUtils.java:logGet(43)) - raft.server.log.appender.install.snapshot.enabled = false (custom)
2019-08-27 21:52:01,660 [pool-148-thread-1] INFO  server.RaftServerConfigKeys (ConfUtils.java:logGet(43)) - raft.server.rpcslowness.timeout = 120s (custom)
2019-08-27 21:52:01,660 [pool-126-thread-1] INFO  impl.RaftServerImpl (ServerState.java:<init>(105)) - 6da4aad8-a4f6-4be0-a3fe-0ce626d82d81:group-7320CB8F9FF5 ConfigurationManager, init=-1: [803e2962-4b43-470b-a1eb-8fa95db682ee:192.168.69.113:42940, 6da4aad8-a4f6-4be0-a3fe-0ce626d82d81:192.168.69.113:42674, 6fbb6c8f-68ec-4eec-acdd-5276ddf30de1:192.168.69.113:36253], old=null, confs=<EMPTY_MAP>
2019-08-27 21:52:01,660 [pool-148-thread-1] INFO  server.RaftServerConfigKeys (ConfUtils.java:logGet(43)) - raft.server.sleep.deviation.threshold = 300 (default)
2019-08-27 21:52:01,661 [pool-126-thread-1] INFO  server.RaftServerConfigKeys (ConfUtils.java:logGet(43)) - raft.server.storage.dir = [/workdir/hadoop-ozone/integration-test/target/test-dir/MiniOzoneClusterImpl-0c6efe5f-9e3c-49a3-bcef-d31200f6a240/datanode-0/data/ratis] (custom)
2019-08-27 21:52:01,661 [pool-148-thread-1] INFO  server.RaftServerConfigKeys (ConfUtils.java:logGet(43)) - raft.server.log.appender.install.snapshot.enabled = false (custom)
2019-08-27 21:52:01,661 [pool-148-thread-1] INFO  impl.RaftServerImpl (ServerState.java:<init>(105)) - 803e2962-4b43-470b-a1eb-8fa95db682ee:group-7320CB8F9FF5 ConfigurationManager, init=-1: [803e2962-4b43-470b-a1eb-8fa95db682ee:192.168.69.113:42940, 6da4aad8-a4f6-4be0-a3fe-0ce626d82d81:192.168.69.113:42674, 6fbb6c8f-68ec-4eec-acdd-5276ddf30de1:192.168.69.113:36253], old=null, confs=<EMPTY_MAP>
2019-08-27 21:52:01,661 [pool-126-thread-1] INFO  storage.RaftStorageDirectory (RaftStorageDirectory.java:analyzeStorage(246)) - The storage directory /workdir/hadoop-ozone/integration-test/target/test-dir/MiniOzoneClusterImpl-0c6efe5f-9e3c-49a3-bcef-d31200f6a240/datanode-0/data/ratis/1e50b401-368a-4911-9917-7320cb8f9ff5 does not exist. Creating ...
2019-08-27 21:52:01,661 [pool-148-thread-1] INFO  server.RaftServerConfigKeys (ConfUtils.java:logGet(43)) - raft.server.storage.dir = [/workdir/hadoop-ozone/integration-test/target/test-dir/MiniOzoneClusterImpl-0c6efe5f-9e3c-49a3-bcef-d31200f6a240/datanode-2/data/ratis] (custom)
2019-08-27 21:52:01,661 [pool-148-thread-1] INFO  storage.RaftStorageDirectory (RaftStorageDirectory.java:analyzeStorage(246)) - The storage directory /workdir/hadoop-ozone/integration-test/target/test-dir/MiniOzoneClusterImpl-0c6efe5f-9e3c-49a3-bcef-d31200f6a240/datanode-2/data/ratis/1e50b401-368a-4911-9917-7320cb8f9ff5 does not exist. Creating ...
2019-08-27 21:52:01,667 [pool-137-thread-1] INFO  storage.RaftStorageDirectory (RaftStorageDirectory.java:tryLock(328)) - Lock on /workdir/hadoop-ozone/integration-test/target/test-dir/MiniOzoneClusterImpl-0c6efe5f-9e3c-49a3-bcef-d31200f6a240/datanode-1/data/ratis/1e50b401-368a-4911-9917-7320cb8f9ff5/in_use.lock acquired by nodename 31966@pr-hdds-1200-p2fvk-934908843
2019-08-27 21:52:01,667 [pool-126-thread-1] INFO  storage.RaftStorageDirectory (RaftStorageDirectory.java:tryLock(328)) - Lock on /workdir/hadoop-ozone/integration-test/target/test-dir/MiniOzoneClusterImpl-0c6efe5f-9e3c-49a3-bcef-d31200f6a240/datanode-0/data/ratis/1e50b401-368a-4911-9917-7320cb8f9ff5/in_use.lock acquired by nodename 31966@pr-hdds-1200-p2fvk-934908843
2019-08-27 21:52:01,667 [pool-148-thread-1] INFO  storage.RaftStorageDirectory (RaftStorageDirectory.java:tryLock(328)) - Lock on /workdir/hadoop-ozone/integration-test/target/test-dir/MiniOzoneClusterImpl-0c6efe5f-9e3c-49a3-bcef-d31200f6a240/datanode-2/data/ratis/1e50b401-368a-4911-9917-7320cb8f9ff5/in_use.lock acquired by nodename 31966@pr-hdds-1200-p2fvk-934908843
2019-08-27 21:52:01,673 [pool-126-thread-1] INFO  storage.RaftStorage (RaftStorage.java:format(72)) - Storage directory /workdir/hadoop-ozone/integration-test/target/test-dir/MiniOzoneClusterImpl-0c6efe5f-9e3c-49a3-bcef-d31200f6a240/datanode-0/data/ratis/1e50b401-368a-4911-9917-7320cb8f9ff5 has been successfully formatted.
2019-08-27 21:52:01,673 [pool-137-thread-1] INFO  storage.RaftStorage (RaftStorage.java:format(72)) - Storage directory /workdir/hadoop-ozone/integration-test/target/test-dir/MiniOzoneClusterImpl-0c6efe5f-9e3c-49a3-bcef-d31200f6a240/datanode-1/data/ratis/1e50b401-368a-4911-9917-7320cb8f9ff5 has been successfully formatted.
2019-08-27 21:52:01,673 [pool-148-thread-1] INFO  storage.RaftStorage (RaftStorage.java:format(72)) - Storage directory /workdir/hadoop-ozone/integration-test/target/test-dir/MiniOzoneClusterImpl-0c6efe5f-9e3c-49a3-bcef-d31200f6a240/datanode-2/data/ratis/1e50b401-368a-4911-9917-7320cb8f9ff5 has been successfully formatted.
2019-08-27 21:52:01,673 [pool-126-thread-1] INFO  ratis.ContainerStateMachine (ContainerStateMachine.java:loadSnapshot(226)) - group-7320CB8F9FF5: The snapshot info is null. Setting the last applied indexto:(t:0, i:~)
2019-08-27 21:52:01,673 [pool-148-thread-1] INFO  ratis.ContainerStateMachine (ContainerStateMachine.java:loadSnapshot(226)) - group-7320CB8F9FF5: The snapshot info is null. Setting the last applied indexto:(t:0, i:~)
2019-08-27 21:52:01,673 [pool-137-thread-1] INFO  ratis.ContainerStateMachine (ContainerStateMachine.java:loadSnapshot(226)) - group-7320CB8F9FF5: The snapshot info is null. Setting the last applied indexto:(t:0, i:~)
2019-08-27 21:52:01,673 [pool-148-thread-1] INFO  server.RaftServerConfigKeys (ConfUtils.java:logGet(43)) - raft.server.leader.election.timeout = 120s (custom)
2019-08-27 21:52:01,673 [pool-126-thread-1] INFO  server.RaftServerConfigKeys (ConfUtils.java:logGet(43)) - raft.server.leader.election.timeout = 120s (custom)
2019-08-27 21:52:01,674 [pool-148-thread-1] INFO  server.RaftServerConfigKeys (ConfUtils.java:logGet(43)) - raft.server.log.use.memory = false (default)
2019-08-27 21:52:01,674 [pool-137-thread-1] INFO  server.RaftServerConfigKeys (ConfUtils.java:logGet(43)) - raft.server.leader.election.timeout = 120s (custom)
2019-08-27 21:52:01,674 [pool-148-thread-1] INFO  server.RaftServerConfigKeys (ConfUtils.java:logGet(43)) - raft.server.log.purge.gap = 1000000 (custom)
2019-08-27 21:52:01,674 [pool-126-thread-1] INFO  server.RaftServerConfigKeys (ConfUtils.java:logGet(43)) - raft.server.log.use.memory = false (default)
2019-08-27 21:52:01,674 [pool-148-thread-1] INFO  server.RaftServerConfigKeys (ConfUtils.java:logGet(43)) - raft.server.log.appender.buffer.byte-limit = 33554432 (custom)
2019-08-27 21:52:01,674 [pool-137-thread-1] INFO  server.RaftServerConfigKeys (ConfUtils.java:logGet(43)) - raft.server.log.use.memory = false (default)
2019-08-27 21:52:01,674 [pool-148-thread-1] INFO  server.RaftServerConfigKeys (ConfUtils.java:logGet(43)) - raft.server.log.segment.size.max = 1048576 (custom)
2019-08-27 21:52:01,674 [pool-126-thread-1] INFO  server.RaftServerConfigKeys (ConfUtils.java:logGet(43)) - raft.server.log.purge.gap = 1000000 (custom)
2019-08-27 21:52:01,674 [pool-148-thread-1] INFO  server.RaftServerConfigKeys (ConfUtils.java:logGet(43)) - raft.server.log.segment.cache.num.max = 2 (custom)
2019-08-27 21:52:01,674 [pool-137-thread-1] INFO  server.RaftServerConfigKeys (ConfUtils.java:logGet(43)) - raft.server.log.purge.gap = 1000000 (custom)
2019-08-27 21:52:01,675 [pool-148-thread-1] INFO  segmented.SegmentedRaftLogWorker (SegmentedRaftLogWorker.java:<init>(172)) - new 803e2962-4b43-470b-a1eb-8fa95db682ee-SegmentedRaftLogWorker:Storage Directory /workdir/hadoop-ozone/integration-test/target/test-dir/MiniOzoneClusterImpl-0c6efe5f-9e3c-49a3-bcef-d31200f6a240/datanode-2/data/ratis/1e50b401-368a-4911-9917-7320cb8f9ff5 for RaftStorage:Storage Directory /workdir/hadoop-ozone/integration-test/target/test-dir/MiniOzoneClusterImpl-0c6efe5f-9e3c-49a3-bcef-d31200f6a240/datanode-2/data/ratis/1e50b401-368a-4911-9917-7320cb8f9ff5
2019-08-27 21:52:01,675 [pool-126-thread-1] INFO  server.RaftServerConfigKeys (ConfUtils.java:logGet(43)) - raft.server.log.appender.buffer.byte-limit = 33554432 (custom)
2019-08-27 21:52:01,675 [pool-148-thread-1] INFO  server.RaftServerConfigKeys (ConfUtils.java:logGet(43)) - raft.server.log.queue.byte-limit = 2147483647 (custom)
2019-08-27 21:52:01,675 [pool-137-thread-1] INFO  server.RaftServerConfigKeys (ConfUtils.java:logGet(43)) - raft.server.log.appender.buffer.byte-limit = 33554432 (custom)
2019-08-27 21:52:01,675 [pool-148-thread-1] INFO  server.RaftServerConfigKeys (ConfUtils.java:logGet(43)) - raft.server.log.queue.element-limit = 1024 (custom)
2019-08-27 21:52:01,675 [pool-126-thread-1] INFO  server.RaftServerConfigKeys (ConfUtils.java:logGet(43)) - raft.server.log.segment.size.max = 1048576 (custom)
2019-08-27 21:52:01,675 [pool-148-thread-1] INFO  server.RaftServerConfigKeys (ConfUtils.java:logGet(43)) - raft.server.log.segment.size.max = 1048576 (custom)
2019-08-27 21:52:01,675 [pool-137-thread-1] INFO  server.RaftServerConfigKeys (ConfUtils.java:logGet(43)) - raft.server.log.segment.size.max = 1048576 (custom)
2019-08-27 21:52:01,676 [pool-148-thread-1] INFO  server.RaftServerConfigKeys (ConfUtils.java:logGet(43)) - raft.server.log.preallocated.size = 16384 (custom)
2019-08-27 21:52:01,676 [pool-126-thread-1] INFO  server.RaftServerConfigKeys (ConfUtils.java:logGet(43)) - raft.server.log.segment.cache.num.max = 2 (custom)
2019-08-27 21:52:01,676 [pool-148-thread-1] INFO  server.RaftServerConfigKeys (ConfUtils.java:logGet(43)) - raft.server.log.write.buffer.size = 33554432 (custom)
2019-08-27 21:52:01,676 [pool-137-thread-1] INFO  server.RaftServerConfigKeys (ConfUtils.java:logGet(43)) - raft.server.log.segment.cache.num.max = 2 (custom)
2019-08-27 21:52:01,676 [pool-148-thread-1] INFO  server.RaftServerConfigKeys (ConfUtils.java:logGet(43)) - raft.server.log.force.sync.num = 128 (default)
2019-08-27 21:52:01,676 [pool-126-thread-1] INFO  segmented.SegmentedRaftLogWorker (SegmentedRaftLogWorker.java:<init>(172)) - new 6da4aad8-a4f6-4be0-a3fe-0ce626d82d81-SegmentedRaftLogWorker:Storage Directory /workdir/hadoop-ozone/integration-test/target/test-dir/MiniOzoneClusterImpl-0c6efe5f-9e3c-49a3-bcef-d31200f6a240/datanode-0/data/ratis/1e50b401-368a-4911-9917-7320cb8f9ff5 for RaftStorage:Storage Directory /workdir/hadoop-ozone/integration-test/target/test-dir/MiniOzoneClusterImpl-0c6efe5f-9e3c-49a3-bcef-d31200f6a240/datanode-0/data/ratis/1e50b401-368a-4911-9917-7320cb8f9ff5
2019-08-27 21:52:01,676 [pool-148-thread-1] INFO  server.RaftServerConfigKeys (ConfUtils.java:logGet(43)) - raft.server.log.statemachine.data.sync = true (default)
2019-08-27 21:52:01,676 [pool-137-thread-1] INFO  segmented.SegmentedRaftLogWorker (SegmentedRaftLogWorker.java:<init>(172)) - new 6fbb6c8f-68ec-4eec-acdd-5276ddf30de1-SegmentedRaftLogWorker:Storage Directory /workdir/hadoop-ozone/integration-test/target/test-dir/MiniOzoneClusterImpl-0c6efe5f-9e3c-49a3-bcef-d31200f6a240/datanode-1/data/ratis/1e50b401-368a-4911-9917-7320cb8f9ff5 for RaftStorage:Storage Directory /workdir/hadoop-ozone/integration-test/target/test-dir/MiniOzoneClusterImpl-0c6efe5f-9e3c-49a3-bcef-d31200f6a240/datanode-1/data/ratis/1e50b401-368a-4911-9917-7320cb8f9ff5
2019-08-27 21:52:01,677 [pool-148-thread-1] INFO  server.RaftServerConfigKeys (ConfUtils.java:logGet(43)) - raft.server.log.statemachine.data.sync.timeout = 10s (default)
2019-08-27 21:52:01,676 [pool-126-thread-1] INFO  server.RaftServerConfigKeys (ConfUtils.java:logGet(43)) - raft.server.log.queue.byte-limit = 2147483647 (custom)
2019-08-27 21:52:01,677 [pool-148-thread-1] INFO  server.RaftServerConfigKeys (ConfUtils.java:logGet(43)) - raft.server.log.statemachine.data.sync.timeout.retry = -1 (default)
2019-08-27 21:52:01,677 [pool-137-thread-1] INFO  server.RaftServerConfigKeys (ConfUtils.java:logGet(43)) - raft.server.log.queue.byte-limit = 2147483647 (custom)
2019-08-27 21:52:01,677 [pool-148-thread-1] INFO  server.RaftServerConfigKeys (ConfUtils.java:logGet(43)) - raft.server.log.statemachine.data.caching.enabled = true (custom)
2019-08-27 21:52:01,677 [pool-126-thread-1] INFO  server.RaftServerConfigKeys (ConfUtils.java:logGet(43)) - raft.server.log.queue.element-limit = 1024 (custom)
2019-08-27 21:52:01,677 [pool-137-thread-1] INFO  server.RaftServerConfigKeys (ConfUtils.java:logGet(43)) - raft.server.log.queue.element-limit = 1024 (custom)
2019-08-27 21:52:01,677 [pool-148-thread-1] INFO  segmented.SegmentedRaftLogWorker (SegmentedRaftLogWorker.java:lambda$new$0(132)) - 803e2962-4b43-470b-a1eb-8fa95db682ee-SegmentedRaftLogWorker:Storage Directory /workdir/hadoop-ozone/integration-test/target/test-dir/MiniOzoneClusterImpl-0c6efe5f-9e3c-49a3-bcef-d31200f6a240/datanode-2/data/ratis/1e50b401-368a-4911-9917-7320cb8f9ff5: flushIndex: setUnconditionally 0 -> -1
2019-08-27 21:52:01,677 [pool-126-thread-1] INFO  server.RaftServerConfigKeys (ConfUtils.java:logGet(43)) - raft.server.log.segment.size.max = 1048576 (custom)
2019-08-27 21:52:01,677 [pool-137-thread-1] INFO  server.RaftServerConfigKeys (ConfUtils.java:logGet(43)) - raft.server.log.segment.size.max = 1048576 (custom)
2019-08-27 21:52:01,678 [pool-148-thread-1] INFO  server.RaftServerConfigKeys (ConfUtils.java:logGet(43)) - raft.server.snapshot.auto.trigger.enabled = true (custom)
2019-08-27 21:52:01,678 [pool-126-thread-1] INFO  server.RaftServerConfigKeys (ConfUtils.java:logGet(43)) - raft.server.log.preallocated.size = 16384 (custom)
2019-08-27 21:52:01,678 [pool-148-thread-1] INFO  server.RaftServerConfigKeys (ConfUtils.java:logGet(43)) - raft.server.snapshot.auto.trigger.threshold = 10000 (custom)
2019-08-27 21:52:01,678 [pool-137-thread-1] INFO  server.RaftServerConfigKeys (ConfUtils.java:logGet(43)) - raft.server.log.preallocated.size = 16384 (custom)
2019-08-27 21:52:01,678 [pool-148-thread-1] INFO  server.RaftServerConfigKeys (ConfUtils.java:logGet(43)) - raft.server.retrycache.expirytime = 600000ms (custom)
2019-08-27 21:52:01,678 [pool-126-thread-1] INFO  server.RaftServerConfigKeys (ConfUtils.java:logGet(43)) - raft.server.log.write.buffer.size = 33554432 (custom)
2019-08-27 21:52:01,678 [pool-137-thread-1] INFO  server.RaftServerConfigKeys (ConfUtils.java:logGet(43)) - raft.server.log.write.buffer.size = 33554432 (custom)
2019-08-27 21:52:01,679 [pool-148-thread-1] INFO  impl.RaftServerImpl (RaftServerImpl.java:start(180)) - 803e2962-4b43-470b-a1eb-8fa95db682ee: start group-7320CB8F9FF5
2019-08-27 21:52:01,678 [pool-126-thread-1] INFO  server.RaftServerConfigKeys (ConfUtils.java:logGet(43)) - raft.server.log.force.sync.num = 128 (default)
2019-08-27 21:52:01,679 [pool-148-thread-1] INFO  impl.RaftServerImpl (RaftServerImpl.java:setRole(171)) - 803e2962-4b43-470b-a1eb-8fa95db682ee:group-7320CB8F9FF5 changes role from null to FOLLOWER at term 0 for startAsFollower
2019-08-27 21:52:01,679 [pool-137-thread-1] INFO  server.RaftServerConfigKeys (ConfUtils.java:logGet(43)) - raft.server.log.force.sync.num = 128 (default)
2019-08-27 21:52:01,679 [pool-148-thread-1] INFO  impl.RoleInfo (RoleInfo.java:updateAndGet(143)) - 803e2962-4b43-470b-a1eb-8fa95db682ee: start FollowerState
2019-08-27 21:52:01,679 [pool-126-thread-1] INFO  server.RaftServerConfigKeys (ConfUtils.java:logGet(43)) - raft.server.log.statemachine.data.sync = true (default)
2019-08-27 21:52:01,679 [pool-137-thread-1] INFO  server.RaftServerConfigKeys (ConfUtils.java:logGet(43)) - raft.server.log.statemachine.data.sync = true (default)
2019-08-27 21:52:01,692 [pool-148-thread-1] INFO  util.JmxRegister (JmxRegister.java:tryRegister(44)) - Successfully registered JMX Bean with object name Ratis:service=RaftServer,group=group-7320CB8F9FF5,id=803e2962-4b43-470b-a1eb-8fa95db682ee
2019-08-27 21:52:01,680 [pool-126-thread-1] INFO  server.RaftServerConfigKeys (ConfUtils.java:logGet(43)) - raft.server.log.statemachine.data.sync.timeout = 10s (default)
2019-08-27 21:52:01,692 [pool-137-thread-1] INFO  server.RaftServerConfigKeys (ConfUtils.java:logGet(43)) - raft.server.log.statemachine.data.sync.timeout = 10s (default)
2019-08-27 21:52:01,692 [pool-126-thread-1] INFO  server.RaftServerConfigKeys (ConfUtils.java:logGet(43)) - raft.server.log.statemachine.data.sync.timeout.retry = -1 (default)
2019-08-27 21:52:01,699 [pool-137-thread-1] INFO  server.RaftServerConfigKeys (ConfUtils.java:logGet(43)) - raft.server.log.statemachine.data.sync.timeout.retry = -1 (default)
2019-08-27 21:52:01,699 [pool-137-thread-1] INFO  server.RaftServerConfigKeys (ConfUtils.java:logGet(43)) - raft.server.log.statemachine.data.caching.enabled = true (custom)
2019-08-27 21:52:01,699 [pool-126-thread-1] INFO  server.RaftServerConfigKeys (ConfUtils.java:logGet(43)) - raft.server.log.statemachine.data.caching.enabled = true (custom)
2019-08-27 21:52:01,699 [pool-137-thread-1] INFO  segmented.SegmentedRaftLogWorker (SegmentedRaftLogWorker.java:lambda$new$0(132)) - 6fbb6c8f-68ec-4eec-acdd-5276ddf30de1-SegmentedRaftLogWorker:Storage Directory /workdir/hadoop-ozone/integration-test/target/test-dir/MiniOzoneClusterImpl-0c6efe5f-9e3c-49a3-bcef-d31200f6a240/datanode-1/data/ratis/1e50b401-368a-4911-9917-7320cb8f9ff5: flushIndex: setUnconditionally 0 -> -1
2019-08-27 21:52:01,699 [pool-126-thread-1] INFO  segmented.SegmentedRaftLogWorker (SegmentedRaftLogWorker.java:lambda$new$0(132)) - 6da4aad8-a4f6-4be0-a3fe-0ce626d82d81-SegmentedRaftLogWorker:Storage Directory /workdir/hadoop-ozone/integration-test/target/test-dir/MiniOzoneClusterImpl-0c6efe5f-9e3c-49a3-bcef-d31200f6a240/datanode-0/data/ratis/1e50b401-368a-4911-9917-7320cb8f9ff5: flushIndex: setUnconditionally 0 -> -1
2019-08-27 21:52:01,700 [pool-137-thread-1] INFO  server.RaftServerConfigKeys (ConfUtils.java:logGet(43)) - raft.server.snapshot.auto.trigger.enabled = true (custom)
2019-08-27 21:52:01,700 [pool-137-thread-1] INFO  server.RaftServerConfigKeys (ConfUtils.java:logGet(43)) - raft.server.snapshot.auto.trigger.threshold = 10000 (custom)
2019-08-27 21:52:01,700 [pool-126-thread-1] INFO  server.RaftServerConfigKeys (ConfUtils.java:logGet(43)) - raft.server.snapshot.auto.trigger.enabled = true (custom)
2019-08-27 21:52:01,700 [pool-126-thread-1] INFO  server.RaftServerConfigKeys (ConfUtils.java:logGet(43)) - raft.server.snapshot.auto.trigger.threshold = 10000 (custom)
2019-08-27 21:52:01,700 [pool-137-thread-1] INFO  server.RaftServerConfigKeys (ConfUtils.java:logGet(43)) - raft.server.retrycache.expirytime = 600000ms (custom)
2019-08-27 21:52:01,700 [pool-126-thread-1] INFO  server.RaftServerConfigKeys (ConfUtils.java:logGet(43)) - raft.server.retrycache.expirytime = 600000ms (custom)
2019-08-27 21:52:01,700 [pool-137-thread-1] INFO  impl.RaftServerImpl (RaftServerImpl.java:start(180)) - 6fbb6c8f-68ec-4eec-acdd-5276ddf30de1: start group-7320CB8F9FF5
2019-08-27 21:52:01,700 [pool-126-thread-1] INFO  impl.RaftServerImpl (RaftServerImpl.java:start(180)) - 6da4aad8-a4f6-4be0-a3fe-0ce626d82d81: start group-7320CB8F9FF5
2019-08-27 21:52:01,700 [pool-137-thread-1] INFO  impl.RaftServerImpl (RaftServerImpl.java:setRole(171)) - 6fbb6c8f-68ec-4eec-acdd-5276ddf30de1:group-7320CB8F9FF5 changes role from null to FOLLOWER at term 0 for startAsFollower
2019-08-27 21:52:01,700 [pool-126-thread-1] INFO  impl.RaftServerImpl (RaftServerImpl.java:setRole(171)) - 6da4aad8-a4f6-4be0-a3fe-0ce626d82d81:group-7320CB8F9FF5 changes role from null to FOLLOWER at term 0 for startAsFollower
2019-08-27 21:52:01,701 [pool-137-thread-1] INFO  impl.RoleInfo (RoleInfo.java:updateAndGet(143)) - 6fbb6c8f-68ec-4eec-acdd-5276ddf30de1: start FollowerState
2019-08-27 21:52:01,701 [pool-126-thread-1] INFO  impl.RoleInfo (RoleInfo.java:updateAndGet(143)) - 6da4aad8-a4f6-4be0-a3fe-0ce626d82d81: start FollowerState
2019-08-27 21:52:01,701 [pool-137-thread-1] INFO  util.JmxRegister (JmxRegister.java:tryRegister(44)) - Successfully registered JMX Bean with object name Ratis:service=RaftServer,group=group-7320CB8F9FF5,id=6fbb6c8f-68ec-4eec-acdd-5276ddf30de1
2019-08-27 21:52:01,701 [pool-126-thread-1] INFO  util.JmxRegister (JmxRegister.java:tryRegister(44)) - Successfully registered JMX Bean with object name Ratis:service=RaftServer,group=group-7320CB8F9FF5,id=6da4aad8-a4f6-4be0-a3fe-0ce626d82d81
2019-08-27 21:52:01,704 [RatisPipelineUtilsThread] INFO  pipeline.PipelineStateManager (PipelineStateManager.java:addPipeline(56)) - Created pipeline Pipeline[ Id: 1e50b401-368a-4911-9917-7320cb8f9ff5, Nodes: 6da4aad8-a4f6-4be0-a3fe-0ce626d82d81{ip: 192.168.69.113, host: pr-hdds-1200-p2fvk-934908843, networkLocation: /default-rack, certSerialId: null}6fbb6c8f-68ec-4eec-acdd-5276ddf30de1{ip: 192.168.69.113, host: pr-hdds-1200-p2fvk-934908843, networkLocation: /default-rack, certSerialId: null}803e2962-4b43-470b-a1eb-8fa95db682ee{ip: 192.168.69.113, host: pr-hdds-1200-p2fvk-934908843, networkLocation: /default-rack, certSerialId: null}, Type:RATIS, Factor:THREE, State:OPEN]
2019-08-27 21:52:01,736 [main] INFO  ozone.MiniOzoneClusterImpl (MiniOzoneClusterImpl.java:lambda$waitForClusterToBeReady$0(142)) - Waiting for cluster to be ready. Got 3 of 7 DN Heartbeats.
2019-08-27 21:52:01,821 [IPC Server handler 2 on 38993] INFO  net.NetworkTopology (NetworkTopologyImpl.java:add(110)) - Added a new node: /default-rack/7ad9a523-ea61-4de8-b564-9ed7c6de1fd1
2019-08-27 21:52:01,821 [IPC Server handler 2 on 38993] INFO  node.SCMNodeManager (SCMNodeManager.java:register(273)) - Registered Data node : 7ad9a523-ea61-4de8-b564-9ed7c6de1fd1{ip: 192.168.69.113, host: pr-hdds-1200-p2fvk-934908843, networkLocation: /default-rack, certSerialId: null}
2019-08-27 21:52:01,821 | INFO  | SCMAudit | user=jenkins1000 | ip=192.168.69.113 | op=REGISTER {datanodeDetails=7ad9a523-ea61-4de8-b564-9ed7c6de1fd1{ip: 192.168.69.113, host: pr-hdds-1200-p2fvk-934908843, networkLocation: /default-rack, certSerialId: null}} | ret=SUCCESS |  
2019-08-27 21:52:01,830 [grpc-default-executor-1] INFO  impl.RaftServerProxy (RaftServerProxy.java:addNew(89)) - 7ad9a523-ea61-4de8-b564-9ed7c6de1fd1: addNew group-C8BA09E12EE7:[7ad9a523-ea61-4de8-b564-9ed7c6de1fd1:192.168.69.113:33912] returns group-C8BA09E12EE7:java.util.concurrent.CompletableFuture@22059378[Not completed]
2019-08-27 21:52:01,834 [pool-159-thread-1] INFO  impl.RaftServerImpl (RaftServerImpl.java:<init>(93)) - 7ad9a523-ea61-4de8-b564-9ed7c6de1fd1: new RaftServerImpl for group-C8BA09E12EE7:[7ad9a523-ea61-4de8-b564-9ed7c6de1fd1:192.168.69.113:33912] with ContainerStateMachine:uninitialized
2019-08-27 21:52:01,834 [pool-159-thread-1] INFO  server.RaftServerConfigKeys (ConfUtils.java:logGet(43)) - raft.server.rpc.timeout.min = 5s (custom)
2019-08-27 21:52:01,834 [pool-159-thread-1] INFO  server.RaftServerConfigKeys (ConfUtils.java:logGet(43)) - raft.server.rpc.timeout.max = 5200ms (custom)
2019-08-27 21:52:01,835 [pool-159-thread-1] INFO  server.RaftServerConfigKeys (ConfUtils.java:logGet(43)) - raft.server.rpcslowness.timeout = 120s (custom)
2019-08-27 21:52:01,835 [pool-159-thread-1] INFO  server.RaftServerConfigKeys (ConfUtils.java:logGet(43)) - raft.server.sleep.deviation.threshold = 300 (default)
2019-08-27 21:52:01,835 [pool-159-thread-1] INFO  server.RaftServerConfigKeys (ConfUtils.java:logGet(43)) - raft.server.log.appender.install.snapshot.enabled = false (custom)
2019-08-27 21:52:01,835 [pool-159-thread-1] INFO  impl.RaftServerImpl (ServerState.java:<init>(105)) - 7ad9a523-ea61-4de8-b564-9ed7c6de1fd1:group-C8BA09E12EE7 ConfigurationManager, init=-1: [7ad9a523-ea61-4de8-b564-9ed7c6de1fd1:192.168.69.113:33912], old=null, confs=<EMPTY_MAP>
2019-08-27 21:52:01,835 [pool-159-thread-1] INFO  server.RaftServerConfigKeys (ConfUtils.java:logGet(43)) - raft.server.storage.dir = [/workdir/hadoop-ozone/integration-test/target/test-dir/MiniOzoneClusterImpl-0c6efe5f-9e3c-49a3-bcef-d31200f6a240/datanode-3/data/ratis] (custom)
2019-08-27 21:52:01,835 [pool-159-thread-1] INFO  storage.RaftStorageDirectory (RaftStorageDirectory.java:analyzeStorage(246)) - The storage directory /workdir/hadoop-ozone/integration-test/target/test-dir/MiniOzoneClusterImpl-0c6efe5f-9e3c-49a3-bcef-d31200f6a240/datanode-3/data/ratis/3d515661-2ec4-4b44-9f87-c8ba09e12ee7 does not exist. Creating ...
2019-08-27 21:52:01,849 [pool-159-thread-1] INFO  storage.RaftStorageDirectory (RaftStorageDirectory.java:tryLock(328)) - Lock on /workdir/hadoop-ozone/integration-test/target/test-dir/MiniOzoneClusterImpl-0c6efe5f-9e3c-49a3-bcef-d31200f6a240/datanode-3/data/ratis/3d515661-2ec4-4b44-9f87-c8ba09e12ee7/in_use.lock acquired by nodename 31966@pr-hdds-1200-p2fvk-934908843
2019-08-27 21:52:01,873 [pool-159-thread-1] INFO  storage.RaftStorage (RaftStorage.java:format(72)) - Storage directory /workdir/hadoop-ozone/integration-test/target/test-dir/MiniOzoneClusterImpl-0c6efe5f-9e3c-49a3-bcef-d31200f6a240/datanode-3/data/ratis/3d515661-2ec4-4b44-9f87-c8ba09e12ee7 has been successfully formatted.
2019-08-27 21:52:01,873 [pool-159-thread-1] INFO  ratis.ContainerStateMachine (ContainerStateMachine.java:loadSnapshot(226)) - group-C8BA09E12EE7: The snapshot info is null. Setting the last applied indexto:(t:0, i:~)
2019-08-27 21:52:01,873 [pool-159-thread-1] INFO  server.RaftServerConfigKeys (ConfUtils.java:logGet(43)) - raft.server.leader.election.timeout = 120s (custom)
2019-08-27 21:52:01,873 [pool-159-thread-1] INFO  server.RaftServerConfigKeys (ConfUtils.java:logGet(43)) - raft.server.log.use.memory = false (default)
2019-08-27 21:52:01,874 [pool-159-thread-1] INFO  server.RaftServerConfigKeys (ConfUtils.java:logGet(43)) - raft.server.log.purge.gap = 1000000 (custom)
2019-08-27 21:52:01,874 [pool-159-thread-1] INFO  server.RaftServerConfigKeys (ConfUtils.java:logGet(43)) - raft.server.log.appender.buffer.byte-limit = 33554432 (custom)
2019-08-27 21:52:01,874 [pool-159-thread-1] INFO  server.RaftServerConfigKeys (ConfUtils.java:logGet(43)) - raft.server.log.segment.size.max = 1048576 (custom)
2019-08-27 21:52:01,874 [pool-159-thread-1] INFO  server.RaftServerConfigKeys (ConfUtils.java:logGet(43)) - raft.server.log.segment.cache.num.max = 2 (custom)
2019-08-27 21:52:01,874 [pool-159-thread-1] INFO  segmented.SegmentedRaftLogWorker (SegmentedRaftLogWorker.java:<init>(172)) - new 7ad9a523-ea61-4de8-b564-9ed7c6de1fd1-SegmentedRaftLogWorker:Storage Directory /workdir/hadoop-ozone/integration-test/target/test-dir/MiniOzoneClusterImpl-0c6efe5f-9e3c-49a3-bcef-d31200f6a240/datanode-3/data/ratis/3d515661-2ec4-4b44-9f87-c8ba09e12ee7 for RaftStorage:Storage Directory /workdir/hadoop-ozone/integration-test/target/test-dir/MiniOzoneClusterImpl-0c6efe5f-9e3c-49a3-bcef-d31200f6a240/datanode-3/data/ratis/3d515661-2ec4-4b44-9f87-c8ba09e12ee7
2019-08-27 21:52:01,874 [pool-159-thread-1] INFO  server.RaftServerConfigKeys (ConfUtils.java:logGet(43)) - raft.server.log.queue.byte-limit = 2147483647 (custom)
2019-08-27 21:52:01,874 [pool-159-thread-1] INFO  server.RaftServerConfigKeys (ConfUtils.java:logGet(43)) - raft.server.log.queue.element-limit = 1024 (custom)
2019-08-27 21:52:01,875 [pool-159-thread-1] INFO  server.RaftServerConfigKeys (ConfUtils.java:logGet(43)) - raft.server.log.segment.size.max = 1048576 (custom)
2019-08-27 21:52:01,875 [pool-159-thread-1] INFO  server.RaftServerConfigKeys (ConfUtils.java:logGet(43)) - raft.server.log.preallocated.size = 16384 (custom)
2019-08-27 21:52:01,875 [pool-159-thread-1] INFO  server.RaftServerConfigKeys (ConfUtils.java:logGet(43)) - raft.server.log.write.buffer.size = 33554432 (custom)
2019-08-27 21:52:01,875 [pool-159-thread-1] INFO  server.RaftServerConfigKeys (ConfUtils.java:logGet(43)) - raft.server.log.force.sync.num = 128 (default)
2019-08-27 21:52:01,875 [pool-159-thread-1] INFO  server.RaftServerConfigKeys (ConfUtils.java:logGet(43)) - raft.server.log.statemachine.data.sync = true (default)
2019-08-27 21:52:01,875 [pool-159-thread-1] INFO  server.RaftServerConfigKeys (ConfUtils.java:logGet(43)) - raft.server.log.statemachine.data.sync.timeout = 10s (default)
2019-08-27 21:52:01,875 [pool-159-thread-1] INFO  server.RaftServerConfigKeys (ConfUtils.java:logGet(43)) - raft.server.log.statemachine.data.sync.timeout.retry = -1 (default)
2019-08-27 21:52:01,876 [pool-159-thread-1] INFO  server.RaftServerConfigKeys (ConfUtils.java:logGet(43)) - raft.server.log.statemachine.data.caching.enabled = true (custom)
2019-08-27 21:52:01,876 [pool-159-thread-1] INFO  segmented.SegmentedRaftLogWorker (SegmentedRaftLogWorker.java:lambda$new$0(132)) - 7ad9a523-ea61-4de8-b564-9ed7c6de1fd1-SegmentedRaftLogWorker:Storage Directory /workdir/hadoop-ozone/integration-test/target/test-dir/MiniOzoneClusterImpl-0c6efe5f-9e3c-49a3-bcef-d31200f6a240/datanode-3/data/ratis/3d515661-2ec4-4b44-9f87-c8ba09e12ee7: flushIndex: setUnconditionally 0 -> -1
2019-08-27 21:52:01,876 [pool-159-thread-1] INFO  server.RaftServerConfigKeys (ConfUtils.java:logGet(43)) - raft.server.snapshot.auto.trigger.enabled = true (custom)
2019-08-27 21:52:01,876 [pool-159-thread-1] INFO  server.RaftServerConfigKeys (ConfUtils.java:logGet(43)) - raft.server.snapshot.auto.trigger.threshold = 10000 (custom)
2019-08-27 21:52:01,877 [pool-159-thread-1] INFO  server.RaftServerConfigKeys (ConfUtils.java:logGet(43)) - raft.server.retrycache.expirytime = 600000ms (custom)
2019-08-27 21:52:01,877 [pool-159-thread-1] INFO  impl.RaftServerImpl (RaftServerImpl.java:start(180)) - 7ad9a523-ea61-4de8-b564-9ed7c6de1fd1: start group-C8BA09E12EE7
2019-08-27 21:52:01,877 [pool-159-thread-1] INFO  impl.RaftServerImpl (RaftServerImpl.java:setRole(171)) - 7ad9a523-ea61-4de8-b564-9ed7c6de1fd1:group-C8BA09E12EE7 changes role from null to FOLLOWER at term 0 for startAsFollower
2019-08-27 21:52:01,877 [pool-159-thread-1] INFO  impl.RoleInfo (RoleInfo.java:updateAndGet(143)) - 7ad9a523-ea61-4de8-b564-9ed7c6de1fd1: start FollowerState
2019-08-27 21:52:01,877 [pool-159-thread-1] INFO  util.JmxRegister (JmxRegister.java:tryRegister(44)) - Successfully registered JMX Bean with object name Ratis:service=RaftServer,group=group-C8BA09E12EE7,id=7ad9a523-ea61-4de8-b564-9ed7c6de1fd1
2019-08-27 21:52:01,880 [RatisPipelineUtilsThread] INFO  pipeline.PipelineStateManager (PipelineStateManager.java:addPipeline(56)) - Created pipeline Pipeline[ Id: 3d515661-2ec4-4b44-9f87-c8ba09e12ee7, Nodes: 7ad9a523-ea61-4de8-b564-9ed7c6de1fd1{ip: 192.168.69.113, host: pr-hdds-1200-p2fvk-934908843, networkLocation: /default-rack, certSerialId: null}, Type:RATIS, Factor:ONE, State:OPEN]
2019-08-27 21:52:02,302 [IPC Server handler 0 on 38993] INFO  net.NetworkTopology (NetworkTopologyImpl.java:add(110)) - Added a new node: /default-rack/ff101aed-a6b7-4de5-96bc-8545c1bca62b
2019-08-27 21:52:02,303 [IPC Server handler 0 on 38993] INFO  node.SCMNodeManager (SCMNodeManager.java:register(273)) - Registered Data node : ff101aed-a6b7-4de5-96bc-8545c1bca62b{ip: 192.168.69.113, host: pr-hdds-1200-p2fvk-934908843, networkLocation: /default-rack, certSerialId: null}
2019-08-27 21:52:02,303 | INFO  | SCMAudit | user=jenkins1000 | ip=192.168.69.113 | op=REGISTER {datanodeDetails=ff101aed-a6b7-4de5-96bc-8545c1bca62b{ip: 192.168.69.113, host: pr-hdds-1200-p2fvk-934908843, networkLocation: /default-rack, certSerialId: null}} | ret=SUCCESS |  
2019-08-27 21:52:02,312 [grpc-default-executor-1] INFO  impl.RaftServerProxy (RaftServerProxy.java:addNew(89)) - ff101aed-a6b7-4de5-96bc-8545c1bca62b: addNew group-85F14359FA09:[ff101aed-a6b7-4de5-96bc-8545c1bca62b:192.168.69.113:37617] returns group-85F14359FA09:java.util.concurrent.CompletableFuture@53cfaaf3[Not completed]
2019-08-27 21:52:02,317 [pool-170-thread-1] INFO  impl.RaftServerImpl (RaftServerImpl.java:<init>(93)) - ff101aed-a6b7-4de5-96bc-8545c1bca62b: new RaftServerImpl for group-85F14359FA09:[ff101aed-a6b7-4de5-96bc-8545c1bca62b:192.168.69.113:37617] with ContainerStateMachine:uninitialized
2019-08-27 21:52:02,317 [pool-170-thread-1] INFO  server.RaftServerConfigKeys (ConfUtils.java:logGet(43)) - raft.server.rpc.timeout.min = 5s (custom)
2019-08-27 21:52:02,317 [pool-170-thread-1] INFO  server.RaftServerConfigKeys (ConfUtils.java:logGet(43)) - raft.server.rpc.timeout.max = 5200ms (custom)
2019-08-27 21:52:02,318 [pool-170-thread-1] INFO  server.RaftServerConfigKeys (ConfUtils.java:logGet(43)) - raft.server.rpcslowness.timeout = 120s (custom)
2019-08-27 21:52:02,318 [pool-170-thread-1] INFO  server.RaftServerConfigKeys (ConfUtils.java:logGet(43)) - raft.server.sleep.deviation.threshold = 300 (default)
2019-08-27 21:52:02,318 [pool-170-thread-1] INFO  server.RaftServerConfigKeys (ConfUtils.java:logGet(43)) - raft.server.log.appender.install.snapshot.enabled = false (custom)
2019-08-27 21:52:02,318 [pool-170-thread-1] INFO  impl.RaftServerImpl (ServerState.java:<init>(105)) - ff101aed-a6b7-4de5-96bc-8545c1bca62b:group-85F14359FA09 ConfigurationManager, init=-1: [ff101aed-a6b7-4de5-96bc-8545c1bca62b:192.168.69.113:37617], old=null, confs=<EMPTY_MAP>
2019-08-27 21:52:02,318 [pool-170-thread-1] INFO  server.RaftServerConfigKeys (ConfUtils.java:logGet(43)) - raft.server.storage.dir = [/workdir/hadoop-ozone/integration-test/target/test-dir/MiniOzoneClusterImpl-0c6efe5f-9e3c-49a3-bcef-d31200f6a240/datanode-4/data/ratis] (custom)
2019-08-27 21:52:02,319 [pool-170-thread-1] INFO  storage.RaftStorageDirectory (RaftStorageDirectory.java:analyzeStorage(246)) - The storage directory /workdir/hadoop-ozone/integration-test/target/test-dir/MiniOzoneClusterImpl-0c6efe5f-9e3c-49a3-bcef-d31200f6a240/datanode-4/data/ratis/8b88aa3b-82dc-4b8c-808b-85f14359fa09 does not exist. Creating ...
2019-08-27 21:52:02,333 [pool-170-thread-1] INFO  storage.RaftStorageDirectory (RaftStorageDirectory.java:tryLock(328)) - Lock on /workdir/hadoop-ozone/integration-test/target/test-dir/MiniOzoneClusterImpl-0c6efe5f-9e3c-49a3-bcef-d31200f6a240/datanode-4/data/ratis/8b88aa3b-82dc-4b8c-808b-85f14359fa09/in_use.lock acquired by nodename 31966@pr-hdds-1200-p2fvk-934908843
2019-08-27 21:52:02,346 [pool-170-thread-1] INFO  storage.RaftStorage (RaftStorage.java:format(72)) - Storage directory /workdir/hadoop-ozone/integration-test/target/test-dir/MiniOzoneClusterImpl-0c6efe5f-9e3c-49a3-bcef-d31200f6a240/datanode-4/data/ratis/8b88aa3b-82dc-4b8c-808b-85f14359fa09 has been successfully formatted.
2019-08-27 21:52:02,347 [pool-170-thread-1] INFO  ratis.ContainerStateMachine (ContainerStateMachine.java:loadSnapshot(226)) - group-85F14359FA09: The snapshot info is null. Setting the last applied indexto:(t:0, i:~)
2019-08-27 21:52:02,347 [pool-170-thread-1] INFO  server.RaftServerConfigKeys (ConfUtils.java:logGet(43)) - raft.server.leader.election.timeout = 120s (custom)
2019-08-27 21:52:02,347 [pool-170-thread-1] INFO  server.RaftServerConfigKeys (ConfUtils.java:logGet(43)) - raft.server.log.use.memory = false (default)
2019-08-27 21:52:02,347 [pool-170-thread-1] INFO  server.RaftServerConfigKeys (ConfUtils.java:logGet(43)) - raft.server.log.purge.gap = 1000000 (custom)
2019-08-27 21:52:02,347 [pool-170-thread-1] INFO  server.RaftServerConfigKeys (ConfUtils.java:logGet(43)) - raft.server.log.appender.buffer.byte-limit = 33554432 (custom)
2019-08-27 21:52:02,348 [pool-170-thread-1] INFO  server.RaftServerConfigKeys (ConfUtils.java:logGet(43)) - raft.server.log.segment.size.max = 1048576 (custom)
2019-08-27 21:52:02,348 [pool-170-thread-1] INFO  server.RaftServerConfigKeys (ConfUtils.java:logGet(43)) - raft.server.log.segment.cache.num.max = 2 (custom)
2019-08-27 21:52:02,348 [pool-170-thread-1] INFO  segmented.SegmentedRaftLogWorker (SegmentedRaftLogWorker.java:<init>(172)) - new ff101aed-a6b7-4de5-96bc-8545c1bca62b-SegmentedRaftLogWorker:Storage Directory /workdir/hadoop-ozone/integration-test/target/test-dir/MiniOzoneClusterImpl-0c6efe5f-9e3c-49a3-bcef-d31200f6a240/datanode-4/data/ratis/8b88aa3b-82dc-4b8c-808b-85f14359fa09 for RaftStorage:Storage Directory /workdir/hadoop-ozone/integration-test/target/test-dir/MiniOzoneClusterImpl-0c6efe5f-9e3c-49a3-bcef-d31200f6a240/datanode-4/data/ratis/8b88aa3b-82dc-4b8c-808b-85f14359fa09
2019-08-27 21:52:02,348 [pool-170-thread-1] INFO  server.RaftServerConfigKeys (ConfUtils.java:logGet(43)) - raft.server.log.queue.byte-limit = 2147483647 (custom)
2019-08-27 21:52:02,348 [pool-170-thread-1] INFO  server.RaftServerConfigKeys (ConfUtils.java:logGet(43)) - raft.server.log.queue.element-limit = 1024 (custom)
2019-08-27 21:52:02,349 [pool-170-thread-1] INFO  server.RaftServerConfigKeys (ConfUtils.java:logGet(43)) - raft.server.log.segment.size.max = 1048576 (custom)
2019-08-27 21:52:02,349 [pool-170-thread-1] INFO  server.RaftServerConfigKeys (ConfUtils.java:logGet(43)) - raft.server.log.preallocated.size = 16384 (custom)
2019-08-27 21:52:02,349 [pool-170-thread-1] INFO  server.RaftServerConfigKeys (ConfUtils.java:logGet(43)) - raft.server.log.write.buffer.size = 33554432 (custom)
2019-08-27 21:52:02,349 [pool-170-thread-1] INFO  server.RaftServerConfigKeys (ConfUtils.java:logGet(43)) - raft.server.log.force.sync.num = 128 (default)
2019-08-27 21:52:02,349 [pool-170-thread-1] INFO  server.RaftServerConfigKeys (ConfUtils.java:logGet(43)) - raft.server.log.statemachine.data.sync = true (default)
2019-08-27 21:52:02,350 [pool-170-thread-1] INFO  server.RaftServerConfigKeys (ConfUtils.java:logGet(43)) - raft.server.log.statemachine.data.sync.timeout = 10s (default)
2019-08-27 21:52:02,350 [pool-170-thread-1] INFO  server.RaftServerConfigKeys (ConfUtils.java:logGet(43)) - raft.server.log.statemachine.data.sync.timeout.retry = -1 (default)
2019-08-27 21:52:02,350 [pool-170-thread-1] INFO  server.RaftServerConfigKeys (ConfUtils.java:logGet(43)) - raft.server.log.statemachine.data.caching.enabled = true (custom)
2019-08-27 21:52:02,351 [pool-170-thread-1] INFO  segmented.SegmentedRaftLogWorker (SegmentedRaftLogWorker.java:lambda$new$0(132)) - ff101aed-a6b7-4de5-96bc-8545c1bca62b-SegmentedRaftLogWorker:Storage Directory /workdir/hadoop-ozone/integration-test/target/test-dir/MiniOzoneClusterImpl-0c6efe5f-9e3c-49a3-bcef-d31200f6a240/datanode-4/data/ratis/8b88aa3b-82dc-4b8c-808b-85f14359fa09: flushIndex: setUnconditionally 0 -> -1
2019-08-27 21:52:02,351 [pool-170-thread-1] INFO  server.RaftServerConfigKeys (ConfUtils.java:logGet(43)) - raft.server.snapshot.auto.trigger.enabled = true (custom)
2019-08-27 21:52:02,351 [pool-170-thread-1] INFO  server.RaftServerConfigKeys (ConfUtils.java:logGet(43)) - raft.server.snapshot.auto.trigger.threshold = 10000 (custom)
2019-08-27 21:52:02,351 [pool-170-thread-1] INFO  server.RaftServerConfigKeys (ConfUtils.java:logGet(43)) - raft.server.retrycache.expirytime = 600000ms (custom)
2019-08-27 21:52:02,352 [pool-170-thread-1] INFO  impl.RaftServerImpl (RaftServerImpl.java:start(180)) - ff101aed-a6b7-4de5-96bc-8545c1bca62b: start group-85F14359FA09
2019-08-27 21:52:02,352 [pool-170-thread-1] INFO  impl.RaftServerImpl (RaftServerImpl.java:setRole(171)) - ff101aed-a6b7-4de5-96bc-8545c1bca62b:group-85F14359FA09 changes role from null to FOLLOWER at term 0 for startAsFollower
2019-08-27 21:52:02,352 [pool-170-thread-1] INFO  impl.RoleInfo (RoleInfo.java:updateAndGet(143)) - ff101aed-a6b7-4de5-96bc-8545c1bca62b: start FollowerState
2019-08-27 21:52:02,352 [pool-170-thread-1] INFO  util.JmxRegister (JmxRegister.java:tryRegister(44)) - Successfully registered JMX Bean with object name Ratis:service=RaftServer,group=group-85F14359FA09,id=ff101aed-a6b7-4de5-96bc-8545c1bca62b
2019-08-27 21:52:02,356 [RatisPipelineUtilsThread] INFO  pipeline.PipelineStateManager (PipelineStateManager.java:addPipeline(56)) - Created pipeline Pipeline[ Id: 8b88aa3b-82dc-4b8c-808b-85f14359fa09, Nodes: ff101aed-a6b7-4de5-96bc-8545c1bca62b{ip: 192.168.69.113, host: pr-hdds-1200-p2fvk-934908843, networkLocation: /default-rack, certSerialId: null}, Type:RATIS, Factor:ONE, State:OPEN]
2019-08-27 21:52:02,536 [IPC Server handler 3 on 38993] INFO  net.NetworkTopology (NetworkTopologyImpl.java:add(110)) - Added a new node: /default-rack/d16fede7-9c95-4edf-9c33-745cfaca74f6
2019-08-27 21:52:02,536 [IPC Server handler 3 on 38993] INFO  node.SCMNodeManager (SCMNodeManager.java:register(273)) - Registered Data node : d16fede7-9c95-4edf-9c33-745cfaca74f6{ip: 192.168.69.113, host: pr-hdds-1200-p2fvk-934908843, networkLocation: /default-rack, certSerialId: null}
2019-08-27 21:52:02,536 | INFO  | SCMAudit | user=jenkins1000 | ip=192.168.69.113 | op=REGISTER {datanodeDetails=d16fede7-9c95-4edf-9c33-745cfaca74f6{ip: 192.168.69.113, host: pr-hdds-1200-p2fvk-934908843, networkLocation: /default-rack, certSerialId: null}} | ret=SUCCESS |  
2019-08-27 21:52:02,547 [grpc-default-executor-1] INFO  impl.RaftServerProxy (RaftServerProxy.java:addNew(89)) - d16fede7-9c95-4edf-9c33-745cfaca74f6: addNew group-28EC5A582FAB:[d16fede7-9c95-4edf-9c33-745cfaca74f6:192.168.69.113:38146] returns group-28EC5A582FAB:java.util.concurrent.CompletableFuture@1721d683[Not completed]
2019-08-27 21:52:02,553 [pool-181-thread-1] INFO  impl.RaftServerImpl (RaftServerImpl.java:<init>(93)) - d16fede7-9c95-4edf-9c33-745cfaca74f6: new RaftServerImpl for group-28EC5A582FAB:[d16fede7-9c95-4edf-9c33-745cfaca74f6:192.168.69.113:38146] with ContainerStateMachine:uninitialized
2019-08-27 21:52:02,553 [pool-181-thread-1] INFO  server.RaftServerConfigKeys (ConfUtils.java:logGet(43)) - raft.server.rpc.timeout.min = 5s (custom)
2019-08-27 21:52:02,554 [pool-181-thread-1] INFO  server.RaftServerConfigKeys (ConfUtils.java:logGet(43)) - raft.server.rpc.timeout.max = 5200ms (custom)
2019-08-27 21:52:02,554 [pool-181-thread-1] INFO  server.RaftServerConfigKeys (ConfUtils.java:logGet(43)) - raft.server.rpcslowness.timeout = 120s (custom)
2019-08-27 21:52:02,554 [pool-181-thread-1] INFO  server.RaftServerConfigKeys (ConfUtils.java:logGet(43)) - raft.server.sleep.deviation.threshold = 300 (default)
2019-08-27 21:52:02,554 [pool-181-thread-1] INFO  server.RaftServerConfigKeys (ConfUtils.java:logGet(43)) - raft.server.log.appender.install.snapshot.enabled = false (custom)
2019-08-27 21:52:02,554 [pool-181-thread-1] INFO  impl.RaftServerImpl (ServerState.java:<init>(105)) - d16fede7-9c95-4edf-9c33-745cfaca74f6:group-28EC5A582FAB ConfigurationManager, init=-1: [d16fede7-9c95-4edf-9c33-745cfaca74f6:192.168.69.113:38146], old=null, confs=<EMPTY_MAP>
2019-08-27 21:52:02,555 [pool-181-thread-1] INFO  server.RaftServerConfigKeys (ConfUtils.java:logGet(43)) - raft.server.storage.dir = [/workdir/hadoop-ozone/integration-test/target/test-dir/MiniOzoneClusterImpl-0c6efe5f-9e3c-49a3-bcef-d31200f6a240/datanode-5/data/ratis] (custom)
2019-08-27 21:52:02,555 [pool-181-thread-1] INFO  storage.RaftStorageDirectory (RaftStorageDirectory.java:analyzeStorage(246)) - The storage directory /workdir/hadoop-ozone/integration-test/target/test-dir/MiniOzoneClusterImpl-0c6efe5f-9e3c-49a3-bcef-d31200f6a240/datanode-5/data/ratis/79d1310c-30fe-4671-b26a-28ec5a582fab does not exist. Creating ...
2019-08-27 21:52:02,569 [pool-181-thread-1] INFO  storage.RaftStorageDirectory (RaftStorageDirectory.java:tryLock(328)) - Lock on /workdir/hadoop-ozone/integration-test/target/test-dir/MiniOzoneClusterImpl-0c6efe5f-9e3c-49a3-bcef-d31200f6a240/datanode-5/data/ratis/79d1310c-30fe-4671-b26a-28ec5a582fab/in_use.lock acquired by nodename 31966@pr-hdds-1200-p2fvk-934908843
2019-08-27 21:52:02,583 [pool-181-thread-1] INFO  storage.RaftStorage (RaftStorage.java:format(72)) - Storage directory /workdir/hadoop-ozone/integration-test/target/test-dir/MiniOzoneClusterImpl-0c6efe5f-9e3c-49a3-bcef-d31200f6a240/datanode-5/data/ratis/79d1310c-30fe-4671-b26a-28ec5a582fab has been successfully formatted.
2019-08-27 21:52:02,583 [pool-181-thread-1] INFO  ratis.ContainerStateMachine (ContainerStateMachine.java:loadSnapshot(226)) - group-28EC5A582FAB: The snapshot info is null. Setting the last applied indexto:(t:0, i:~)
2019-08-27 21:52:02,583 [pool-181-thread-1] INFO  server.RaftServerConfigKeys (ConfUtils.java:logGet(43)) - raft.server.leader.election.timeout = 120s (custom)
2019-08-27 21:52:02,584 [pool-181-thread-1] INFO  server.RaftServerConfigKeys (ConfUtils.java:logGet(43)) - raft.server.log.use.memory = false (default)
2019-08-27 21:52:02,584 [pool-181-thread-1] INFO  server.RaftServerConfigKeys (ConfUtils.java:logGet(43)) - raft.server.log.purge.gap = 1000000 (custom)
2019-08-27 21:52:02,584 [pool-181-thread-1] INFO  server.RaftServerConfigKeys (ConfUtils.java:logGet(43)) - raft.server.log.appender.buffer.byte-limit = 33554432 (custom)
2019-08-27 21:52:02,584 [pool-181-thread-1] INFO  server.RaftServerConfigKeys (ConfUtils.java:logGet(43)) - raft.server.log.segment.size.max = 1048576 (custom)
2019-08-27 21:52:02,585 [pool-181-thread-1] INFO  server.RaftServerConfigKeys (ConfUtils.java:logGet(43)) - raft.server.log.segment.cache.num.max = 2 (custom)
2019-08-27 21:52:02,585 [pool-181-thread-1] INFO  segmented.SegmentedRaftLogWorker (SegmentedRaftLogWorker.java:<init>(172)) - new d16fede7-9c95-4edf-9c33-745cfaca74f6-SegmentedRaftLogWorker:Storage Directory /workdir/hadoop-ozone/integration-test/target/test-dir/MiniOzoneClusterImpl-0c6efe5f-9e3c-49a3-bcef-d31200f6a240/datanode-5/data/ratis/79d1310c-30fe-4671-b26a-28ec5a582fab for RaftStorage:Storage Directory /workdir/hadoop-ozone/integration-test/target/test-dir/MiniOzoneClusterImpl-0c6efe5f-9e3c-49a3-bcef-d31200f6a240/datanode-5/data/ratis/79d1310c-30fe-4671-b26a-28ec5a582fab
2019-08-27 21:52:02,585 [pool-181-thread-1] INFO  server.RaftServerConfigKeys (ConfUtils.java:logGet(43)) - raft.server.log.queue.byte-limit = 2147483647 (custom)
2019-08-27 21:52:02,585 [pool-181-thread-1] INFO  server.RaftServerConfigKeys (ConfUtils.java:logGet(43)) - raft.server.log.queue.element-limit = 1024 (custom)
2019-08-27 21:52:02,586 [pool-181-thread-1] INFO  server.RaftServerConfigKeys (ConfUtils.java:logGet(43)) - raft.server.log.segment.size.max = 1048576 (custom)
2019-08-27 21:52:02,586 [pool-181-thread-1] INFO  server.RaftServerConfigKeys (ConfUtils.java:logGet(43)) - raft.server.log.preallocated.size = 16384 (custom)
2019-08-27 21:52:02,586 [pool-181-thread-1] INFO  server.RaftServerConfigKeys (ConfUtils.java:logGet(43)) - raft.server.log.write.buffer.size = 33554432 (custom)
2019-08-27 21:52:02,586 [pool-181-thread-1] INFO  server.RaftServerConfigKeys (ConfUtils.java:logGet(43)) - raft.server.log.force.sync.num = 128 (default)
2019-08-27 21:52:02,586 [pool-181-thread-1] INFO  server.RaftServerConfigKeys (ConfUtils.java:logGet(43)) - raft.server.log.statemachine.data.sync = true (default)
2019-08-27 21:52:02,587 [pool-181-thread-1] INFO  server.RaftServerConfigKeys (ConfUtils.java:logGet(43)) - raft.server.log.statemachine.data.sync.timeout = 10s (default)
2019-08-27 21:52:02,587 [pool-181-thread-1] INFO  server.RaftServerConfigKeys (ConfUtils.java:logGet(43)) - raft.server.log.statemachine.data.sync.timeout.retry = -1 (default)
2019-08-27 21:52:02,587 [pool-181-thread-1] INFO  server.RaftServerConfigKeys (ConfUtils.java:logGet(43)) - raft.server.log.statemachine.data.caching.enabled = true (custom)
2019-08-27 21:52:02,588 [pool-181-thread-1] INFO  segmented.SegmentedRaftLogWorker (SegmentedRaftLogWorker.java:lambda$new$0(132)) - d16fede7-9c95-4edf-9c33-745cfaca74f6-SegmentedRaftLogWorker:Storage Directory /workdir/hadoop-ozone/integration-test/target/test-dir/MiniOzoneClusterImpl-0c6efe5f-9e3c-49a3-bcef-d31200f6a240/datanode-5/data/ratis/79d1310c-30fe-4671-b26a-28ec5a582fab: flushIndex: setUnconditionally 0 -> -1
2019-08-27 21:52:02,588 [pool-181-thread-1] INFO  server.RaftServerConfigKeys (ConfUtils.java:logGet(43)) - raft.server.snapshot.auto.trigger.enabled = true (custom)
2019-08-27 21:52:02,588 [pool-181-thread-1] INFO  server.RaftServerConfigKeys (ConfUtils.java:logGet(43)) - raft.server.snapshot.auto.trigger.threshold = 10000 (custom)
2019-08-27 21:52:02,589 [pool-181-thread-1] INFO  server.RaftServerConfigKeys (ConfUtils.java:logGet(43)) - raft.server.retrycache.expirytime = 600000ms (custom)
2019-08-27 21:52:02,589 [pool-181-thread-1] INFO  impl.RaftServerImpl (RaftServerImpl.java:start(180)) - d16fede7-9c95-4edf-9c33-745cfaca74f6: start group-28EC5A582FAB
2019-08-27 21:52:02,589 [pool-181-thread-1] INFO  impl.RaftServerImpl (RaftServerImpl.java:setRole(171)) - d16fede7-9c95-4edf-9c33-745cfaca74f6:group-28EC5A582FAB changes role from null to FOLLOWER at term 0 for startAsFollower
2019-08-27 21:52:02,589 [pool-181-thread-1] INFO  impl.RoleInfo (RoleInfo.java:updateAndGet(143)) - d16fede7-9c95-4edf-9c33-745cfaca74f6: start FollowerState
2019-08-27 21:52:02,590 [pool-181-thread-1] INFO  util.JmxRegister (JmxRegister.java:tryRegister(44)) - Successfully registered JMX Bean with object name Ratis:service=RaftServer,group=group-28EC5A582FAB,id=d16fede7-9c95-4edf-9c33-745cfaca74f6
2019-08-27 21:52:02,593 [RatisPipelineUtilsThread] INFO  pipeline.PipelineStateManager (PipelineStateManager.java:addPipeline(56)) - Created pipeline Pipeline[ Id: 79d1310c-30fe-4671-b26a-28ec5a582fab, Nodes: d16fede7-9c95-4edf-9c33-745cfaca74f6{ip: 192.168.69.113, host: pr-hdds-1200-p2fvk-934908843, networkLocation: /default-rack, certSerialId: null}, Type:RATIS, Factor:ONE, State:OPEN]
2019-08-27 21:52:02,611 [grpc-default-executor-2] INFO  impl.RaftServerProxy (RaftServerProxy.java:addNew(89)) - d16fede7-9c95-4edf-9c33-745cfaca74f6: addNew group-92F312A34A51:[d16fede7-9c95-4edf-9c33-745cfaca74f6:192.168.69.113:38146, ff101aed-a6b7-4de5-96bc-8545c1bca62b:192.168.69.113:37617, 7ad9a523-ea61-4de8-b564-9ed7c6de1fd1:192.168.69.113:33912] returns group-92F312A34A51:java.util.concurrent.CompletableFuture@71610861[Not completed]
2019-08-27 21:52:02,611 [grpc-default-executor-5] INFO  impl.RaftServerProxy (RaftServerProxy.java:addNew(89)) - ff101aed-a6b7-4de5-96bc-8545c1bca62b: addNew group-92F312A34A51:[d16fede7-9c95-4edf-9c33-745cfaca74f6:192.168.69.113:38146, ff101aed-a6b7-4de5-96bc-8545c1bca62b:192.168.69.113:37617, 7ad9a523-ea61-4de8-b564-9ed7c6de1fd1:192.168.69.113:33912] returns group-92F312A34A51:java.util.concurrent.CompletableFuture@69ce3d7a[Not completed]
2019-08-27 21:52:02,611 [grpc-default-executor-1] INFO  impl.RaftServerProxy (RaftServerProxy.java:addNew(89)) - 7ad9a523-ea61-4de8-b564-9ed7c6de1fd1: addNew group-92F312A34A51:[d16fede7-9c95-4edf-9c33-745cfaca74f6:192.168.69.113:38146, ff101aed-a6b7-4de5-96bc-8545c1bca62b:192.168.69.113:37617, 7ad9a523-ea61-4de8-b564-9ed7c6de1fd1:192.168.69.113:33912] returns group-92F312A34A51:java.util.concurrent.CompletableFuture@1f032e50[Not completed]
2019-08-27 21:52:02,613 [pool-181-thread-1] INFO  impl.RaftServerImpl (RaftServerImpl.java:<init>(93)) - d16fede7-9c95-4edf-9c33-745cfaca74f6: new RaftServerImpl for group-92F312A34A51:[d16fede7-9c95-4edf-9c33-745cfaca74f6:192.168.69.113:38146, ff101aed-a6b7-4de5-96bc-8545c1bca62b:192.168.69.113:37617, 7ad9a523-ea61-4de8-b564-9ed7c6de1fd1:192.168.69.113:33912] with ContainerStateMachine:uninitialized
2019-08-27 21:52:02,613 [pool-181-thread-1] INFO  server.RaftServerConfigKeys (ConfUtils.java:logGet(43)) - raft.server.rpc.timeout.min = 5s (custom)
2019-08-27 21:52:02,614 [pool-181-thread-1] INFO  server.RaftServerConfigKeys (ConfUtils.java:logGet(43)) - raft.server.rpc.timeout.max = 5200ms (custom)
2019-08-27 21:52:02,614 [pool-181-thread-1] INFO  server.RaftServerConfigKeys (ConfUtils.java:logGet(43)) - raft.server.rpcslowness.timeout = 120s (custom)
2019-08-27 21:52:02,614 [pool-181-thread-1] INFO  server.RaftServerConfigKeys (ConfUtils.java:logGet(43)) - raft.server.sleep.deviation.threshold = 300 (default)
2019-08-27 21:52:02,614 [pool-181-thread-1] INFO  server.RaftServerConfigKeys (ConfUtils.java:logGet(43)) - raft.server.log.appender.install.snapshot.enabled = false (custom)
2019-08-27 21:52:02,614 [pool-181-thread-1] INFO  impl.RaftServerImpl (ServerState.java:<init>(105)) - d16fede7-9c95-4edf-9c33-745cfaca74f6:group-92F312A34A51 ConfigurationManager, init=-1: [d16fede7-9c95-4edf-9c33-745cfaca74f6:192.168.69.113:38146, ff101aed-a6b7-4de5-96bc-8545c1bca62b:192.168.69.113:37617, 7ad9a523-ea61-4de8-b564-9ed7c6de1fd1:192.168.69.113:33912], old=null, confs=<EMPTY_MAP>
2019-08-27 21:52:02,615 [pool-181-thread-1] INFO  server.RaftServerConfigKeys (ConfUtils.java:logGet(43)) - raft.server.storage.dir = [/workdir/hadoop-ozone/integration-test/target/test-dir/MiniOzoneClusterImpl-0c6efe5f-9e3c-49a3-bcef-d31200f6a240/datanode-5/data/ratis] (custom)
2019-08-27 21:52:02,615 [pool-170-thread-1] INFO  impl.RaftServerImpl (RaftServerImpl.java:<init>(93)) - ff101aed-a6b7-4de5-96bc-8545c1bca62b: new RaftServerImpl for group-92F312A34A51:[d16fede7-9c95-4edf-9c33-745cfaca74f6:192.168.69.113:38146, ff101aed-a6b7-4de5-96bc-8545c1bca62b:192.168.69.113:37617, 7ad9a523-ea61-4de8-b564-9ed7c6de1fd1:192.168.69.113:33912] with ContainerStateMachine:uninitialized
2019-08-27 21:52:02,615 [pool-170-thread-1] INFO  server.RaftServerConfigKeys (ConfUtils.java:logGet(43)) - raft.server.rpc.timeout.min = 5s (custom)
2019-08-27 21:52:02,615 [pool-181-thread-1] INFO  storage.RaftStorageDirectory (RaftStorageDirectory.java:analyzeStorage(246)) - The storage directory /workdir/hadoop-ozone/integration-test/target/test-dir/MiniOzoneClusterImpl-0c6efe5f-9e3c-49a3-bcef-d31200f6a240/datanode-5/data/ratis/426ef396-d4fd-425a-ad57-92f312a34a51 does not exist. Creating ...
2019-08-27 21:52:02,615 [pool-170-thread-1] INFO  server.RaftServerConfigKeys (ConfUtils.java:logGet(43)) - raft.server.rpc.timeout.max = 5200ms (custom)
2019-08-27 21:52:02,616 [pool-170-thread-1] INFO  server.RaftServerConfigKeys (ConfUtils.java:logGet(43)) - raft.server.rpcslowness.timeout = 120s (custom)
2019-08-27 21:52:02,616 [pool-170-thread-1] INFO  server.RaftServerConfigKeys (ConfUtils.java:logGet(43)) - raft.server.sleep.deviation.threshold = 300 (default)
2019-08-27 21:52:02,616 [pool-170-thread-1] INFO  server.RaftServerConfigKeys (ConfUtils.java:logGet(43)) - raft.server.log.appender.install.snapshot.enabled = false (custom)
2019-08-27 21:52:02,616 [pool-159-thread-1] INFO  impl.RaftServerImpl (RaftServerImpl.java:<init>(93)) - 7ad9a523-ea61-4de8-b564-9ed7c6de1fd1: new RaftServerImpl for group-92F312A34A51:[d16fede7-9c95-4edf-9c33-745cfaca74f6:192.168.69.113:38146, ff101aed-a6b7-4de5-96bc-8545c1bca62b:192.168.69.113:37617, 7ad9a523-ea61-4de8-b564-9ed7c6de1fd1:192.168.69.113:33912] with ContainerStateMachine:uninitialized
2019-08-27 21:52:02,616 [pool-170-thread-1] INFO  impl.RaftServerImpl (ServerState.java:<init>(105)) - ff101aed-a6b7-4de5-96bc-8545c1bca62b:group-92F312A34A51 ConfigurationManager, init=-1: [d16fede7-9c95-4edf-9c33-745cfaca74f6:192.168.69.113:38146, ff101aed-a6b7-4de5-96bc-8545c1bca62b:192.168.69.113:37617, 7ad9a523-ea61-4de8-b564-9ed7c6de1fd1:192.168.69.113:33912], old=null, confs=<EMPTY_MAP>
2019-08-27 21:52:02,617 [pool-159-thread-1] INFO  server.RaftServerConfigKeys (ConfUtils.java:logGet(43)) - raft.server.rpc.timeout.min = 5s (custom)
2019-08-27 21:52:02,617 [pool-170-thread-1] INFO  server.RaftServerConfigKeys (ConfUtils.java:logGet(43)) - raft.server.storage.dir = [/workdir/hadoop-ozone/integration-test/target/test-dir/MiniOzoneClusterImpl-0c6efe5f-9e3c-49a3-bcef-d31200f6a240/datanode-4/data/ratis] (custom)
2019-08-27 21:52:02,617 [pool-159-thread-1] INFO  server.RaftServerConfigKeys (ConfUtils.java:logGet(43)) - raft.server.rpc.timeout.max = 5200ms (custom)
2019-08-27 21:52:02,617 [pool-159-thread-1] INFO  server.RaftServerConfigKeys (ConfUtils.java:logGet(43)) - raft.server.rpcslowness.timeout = 120s (custom)
2019-08-27 21:52:02,617 [pool-170-thread-1] INFO  storage.RaftStorageDirectory (RaftStorageDirectory.java:analyzeStorage(246)) - The storage directory /workdir/hadoop-ozone/integration-test/target/test-dir/MiniOzoneClusterImpl-0c6efe5f-9e3c-49a3-bcef-d31200f6a240/datanode-4/data/ratis/426ef396-d4fd-425a-ad57-92f312a34a51 does not exist. Creating ...
2019-08-27 21:52:02,617 [pool-159-thread-1] INFO  server.RaftServerConfigKeys (ConfUtils.java:logGet(43)) - raft.server.sleep.deviation.threshold = 300 (default)
2019-08-27 21:52:02,618 [pool-159-thread-1] INFO  server.RaftServerConfigKeys (ConfUtils.java:logGet(43)) - raft.server.log.appender.install.snapshot.enabled = false (custom)
2019-08-27 21:52:02,618 [pool-159-thread-1] INFO  impl.RaftServerImpl (ServerState.java:<init>(105)) - 7ad9a523-ea61-4de8-b564-9ed7c6de1fd1:group-92F312A34A51 ConfigurationManager, init=-1: [d16fede7-9c95-4edf-9c33-745cfaca74f6:192.168.69.113:38146, ff101aed-a6b7-4de5-96bc-8545c1bca62b:192.168.69.113:37617, 7ad9a523-ea61-4de8-b564-9ed7c6de1fd1:192.168.69.113:33912], old=null, confs=<EMPTY_MAP>
2019-08-27 21:52:02,618 [pool-159-thread-1] INFO  server.RaftServerConfigKeys (ConfUtils.java:logGet(43)) - raft.server.storage.dir = [/workdir/hadoop-ozone/integration-test/target/test-dir/MiniOzoneClusterImpl-0c6efe5f-9e3c-49a3-bcef-d31200f6a240/datanode-3/data/ratis] (custom)
2019-08-27 21:52:02,619 [pool-159-thread-1] INFO  storage.RaftStorageDirectory (RaftStorageDirectory.java:analyzeStorage(246)) - The storage directory /workdir/hadoop-ozone/integration-test/target/test-dir/MiniOzoneClusterImpl-0c6efe5f-9e3c-49a3-bcef-d31200f6a240/datanode-3/data/ratis/426ef396-d4fd-425a-ad57-92f312a34a51 does not exist. Creating ...
2019-08-27 21:52:02,629 [pool-170-thread-1] INFO  storage.RaftStorageDirectory (RaftStorageDirectory.java:tryLock(328)) - Lock on /workdir/hadoop-ozone/integration-test/target/test-dir/MiniOzoneClusterImpl-0c6efe5f-9e3c-49a3-bcef-d31200f6a240/datanode-4/data/ratis/426ef396-d4fd-425a-ad57-92f312a34a51/in_use.lock acquired by nodename 31966@pr-hdds-1200-p2fvk-934908843
2019-08-27 21:52:02,629 [pool-159-thread-1] INFO  storage.RaftStorageDirectory (RaftStorageDirectory.java:tryLock(328)) - Lock on /workdir/hadoop-ozone/integration-test/target/test-dir/MiniOzoneClusterImpl-0c6efe5f-9e3c-49a3-bcef-d31200f6a240/datanode-3/data/ratis/426ef396-d4fd-425a-ad57-92f312a34a51/in_use.lock acquired by nodename 31966@pr-hdds-1200-p2fvk-934908843
2019-08-27 21:52:02,629 [pool-181-thread-1] INFO  storage.RaftStorageDirectory (RaftStorageDirectory.java:tryLock(328)) - Lock on /workdir/hadoop-ozone/integration-test/target/test-dir/MiniOzoneClusterImpl-0c6efe5f-9e3c-49a3-bcef-d31200f6a240/datanode-5/data/ratis/426ef396-d4fd-425a-ad57-92f312a34a51/in_use.lock acquired by nodename 31966@pr-hdds-1200-p2fvk-934908843
2019-08-27 21:52:02,644 [pool-170-thread-1] INFO  storage.RaftStorage (RaftStorage.java:format(72)) - Storage directory /workdir/hadoop-ozone/integration-test/target/test-dir/MiniOzoneClusterImpl-0c6efe5f-9e3c-49a3-bcef-d31200f6a240/datanode-4/data/ratis/426ef396-d4fd-425a-ad57-92f312a34a51 has been successfully formatted.
2019-08-27 21:52:02,644 [pool-181-thread-1] INFO  storage.RaftStorage (RaftStorage.java:format(72)) - Storage directory /workdir/hadoop-ozone/integration-test/target/test-dir/MiniOzoneClusterImpl-0c6efe5f-9e3c-49a3-bcef-d31200f6a240/datanode-5/data/ratis/426ef396-d4fd-425a-ad57-92f312a34a51 has been successfully formatted.
2019-08-27 21:52:02,644 [pool-159-thread-1] INFO  storage.RaftStorage (RaftStorage.java:format(72)) - Storage directory /workdir/hadoop-ozone/integration-test/target/test-dir/MiniOzoneClusterImpl-0c6efe5f-9e3c-49a3-bcef-d31200f6a240/datanode-3/data/ratis/426ef396-d4fd-425a-ad57-92f312a34a51 has been successfully formatted.
2019-08-27 21:52:02,644 [pool-181-thread-1] INFO  ratis.ContainerStateMachine (ContainerStateMachine.java:loadSnapshot(226)) - group-92F312A34A51: The snapshot info is null. Setting the last applied indexto:(t:0, i:~)
2019-08-27 21:52:02,644 [pool-170-thread-1] INFO  ratis.ContainerStateMachine (ContainerStateMachine.java:loadSnapshot(226)) - group-92F312A34A51: The snapshot info is null. Setting the last applied indexto:(t:0, i:~)
2019-08-27 21:52:02,645 [pool-159-thread-1] INFO  ratis.ContainerStateMachine (ContainerStateMachine.java:loadSnapshot(226)) - group-92F312A34A51: The snapshot info is null. Setting the last applied indexto:(t:0, i:~)
2019-08-27 21:52:02,645 [pool-181-thread-1] INFO  server.RaftServerConfigKeys (ConfUtils.java:logGet(43)) - raft.server.leader.election.timeout = 120s (custom)
2019-08-27 21:52:02,645 [pool-159-thread-1] INFO  server.RaftServerConfigKeys (ConfUtils.java:logGet(43)) - raft.server.leader.election.timeout = 120s (custom)
2019-08-27 21:52:02,645 [pool-170-thread-1] INFO  server.RaftServerConfigKeys (ConfUtils.java:logGet(43)) - raft.server.leader.election.timeout = 120s (custom)
2019-08-27 21:52:02,645 [pool-159-thread-1] INFO  server.RaftServerConfigKeys (ConfUtils.java:logGet(43)) - raft.server.log.use.memory = false (default)
2019-08-27 21:52:02,645 [pool-181-thread-1] INFO  server.RaftServerConfigKeys (ConfUtils.java:logGet(43)) - raft.server.log.use.memory = false (default)
2019-08-27 21:52:02,646 [pool-159-thread-1] INFO  server.RaftServerConfigKeys (ConfUtils.java:logGet(43)) - raft.server.log.purge.gap = 1000000 (custom)
2019-08-27 21:52:02,646 [pool-170-thread-1] INFO  server.RaftServerConfigKeys (ConfUtils.java:logGet(43)) - raft.server.log.use.memory = false (default)
2019-08-27 21:52:02,646 [pool-159-thread-1] INFO  server.RaftServerConfigKeys (ConfUtils.java:logGet(43)) - raft.server.log.appender.buffer.byte-limit = 33554432 (custom)
2019-08-27 21:52:02,646 [pool-181-thread-1] INFO  server.RaftServerConfigKeys (ConfUtils.java:logGet(43)) - raft.server.log.purge.gap = 1000000 (custom)
2019-08-27 21:52:02,646 [pool-159-thread-1] INFO  server.RaftServerConfigKeys (ConfUtils.java:logGet(43)) - raft.server.log.segment.size.max = 1048576 (custom)
2019-08-27 21:52:02,646 [pool-170-thread-1] INFO  server.RaftServerConfigKeys (ConfUtils.java:logGet(43)) - raft.server.log.purge.gap = 1000000 (custom)
2019-08-27 21:52:02,647 [pool-159-thread-1] INFO  server.RaftServerConfigKeys (ConfUtils.java:logGet(43)) - raft.server.log.segment.cache.num.max = 2 (custom)
2019-08-27 21:52:02,647 [pool-181-thread-1] INFO  server.RaftServerConfigKeys (ConfUtils.java:logGet(43)) - raft.server.log.appender.buffer.byte-limit = 33554432 (custom)
2019-08-27 21:52:02,647 [pool-159-thread-1] INFO  segmented.SegmentedRaftLogWorker (SegmentedRaftLogWorker.java:<init>(172)) - new 7ad9a523-ea61-4de8-b564-9ed7c6de1fd1-SegmentedRaftLogWorker:Storage Directory /workdir/hadoop-ozone/integration-test/target/test-dir/MiniOzoneClusterImpl-0c6efe5f-9e3c-49a3-bcef-d31200f6a240/datanode-3/data/ratis/426ef396-d4fd-425a-ad57-92f312a34a51 for RaftStorage:Storage Directory /workdir/hadoop-ozone/integration-test/target/test-dir/MiniOzoneClusterImpl-0c6efe5f-9e3c-49a3-bcef-d31200f6a240/datanode-3/data/ratis/426ef396-d4fd-425a-ad57-92f312a34a51
2019-08-27 21:52:02,647 [pool-170-thread-1] INFO  server.RaftServerConfigKeys (ConfUtils.java:logGet(43)) - raft.server.log.appender.buffer.byte-limit = 33554432 (custom)
2019-08-27 21:52:02,648 [pool-159-thread-1] INFO  server.RaftServerConfigKeys (ConfUtils.java:logGet(43)) - raft.server.log.queue.byte-limit = 2147483647 (custom)
2019-08-27 21:52:02,648 [pool-181-thread-1] INFO  server.RaftServerConfigKeys (ConfUtils.java:logGet(43)) - raft.server.log.segment.size.max = 1048576 (custom)
2019-08-27 21:52:02,648 [pool-159-thread-1] INFO  server.RaftServerConfigKeys (ConfUtils.java:logGet(43)) - raft.server.log.queue.element-limit = 1024 (custom)
2019-08-27 21:52:02,648 [pool-170-thread-1] INFO  server.RaftServerConfigKeys (ConfUtils.java:logGet(43)) - raft.server.log.segment.size.max = 1048576 (custom)
2019-08-27 21:52:02,648 [pool-159-thread-1] INFO  server.RaftServerConfigKeys (ConfUtils.java:logGet(43)) - raft.server.log.segment.size.max = 1048576 (custom)
2019-08-27 21:52:02,648 [pool-181-thread-1] INFO  server.RaftServerConfigKeys (ConfUtils.java:logGet(43)) - raft.server.log.segment.cache.num.max = 2 (custom)
2019-08-27 21:52:02,649 [pool-159-thread-1] INFO  server.RaftServerConfigKeys (ConfUtils.java:logGet(43)) - raft.server.log.preallocated.size = 16384 (custom)
2019-08-27 21:52:02,649 [pool-170-thread-1] INFO  server.RaftServerConfigKeys (ConfUtils.java:logGet(43)) - raft.server.log.segment.cache.num.max = 2 (custom)
2019-08-27 21:52:02,649 [pool-159-thread-1] INFO  server.RaftServerConfigKeys (ConfUtils.java:logGet(43)) - raft.server.log.write.buffer.size = 33554432 (custom)
2019-08-27 21:52:02,649 [pool-181-thread-1] INFO  segmented.SegmentedRaftLogWorker (SegmentedRaftLogWorker.java:<init>(172)) - new d16fede7-9c95-4edf-9c33-745cfaca74f6-SegmentedRaftLogWorker:Storage Directory /workdir/hadoop-ozone/integration-test/target/test-dir/MiniOzoneClusterImpl-0c6efe5f-9e3c-49a3-bcef-d31200f6a240/datanode-5/data/ratis/426ef396-d4fd-425a-ad57-92f312a34a51 for RaftStorage:Storage Directory /workdir/hadoop-ozone/integration-test/target/test-dir/MiniOzoneClusterImpl-0c6efe5f-9e3c-49a3-bcef-d31200f6a240/datanode-5/data/ratis/426ef396-d4fd-425a-ad57-92f312a34a51
2019-08-27 21:52:02,650 [pool-159-thread-1] INFO  server.RaftServerConfigKeys (ConfUtils.java:logGet(43)) - raft.server.log.force.sync.num = 128 (default)
2019-08-27 21:52:02,649 [pool-170-thread-1] INFO  segmented.SegmentedRaftLogWorker (SegmentedRaftLogWorker.java:<init>(172)) - new ff101aed-a6b7-4de5-96bc-8545c1bca62b-SegmentedRaftLogWorker:Storage Directory /workdir/hadoop-ozone/integration-test/target/test-dir/MiniOzoneClusterImpl-0c6efe5f-9e3c-49a3-bcef-d31200f6a240/datanode-4/data/ratis/426ef396-d4fd-425a-ad57-92f312a34a51 for RaftStorage:Storage Directory /workdir/hadoop-ozone/integration-test/target/test-dir/MiniOzoneClusterImpl-0c6efe5f-9e3c-49a3-bcef-d31200f6a240/datanode-4/data/ratis/426ef396-d4fd-425a-ad57-92f312a34a51
2019-08-27 21:52:02,650 [pool-159-thread-1] INFO  server.RaftServerConfigKeys (ConfUtils.java:logGet(43)) - raft.server.log.statemachine.data.sync = true (default)
2019-08-27 21:52:02,650 [pool-181-thread-1] INFO  server.RaftServerConfigKeys (ConfUtils.java:logGet(43)) - raft.server.log.queue.byte-limit = 2147483647 (custom)
2019-08-27 21:52:02,650 [pool-159-thread-1] INFO  server.RaftServerConfigKeys (ConfUtils.java:logGet(43)) - raft.server.log.statemachine.data.sync.timeout = 10s (default)
2019-08-27 21:52:02,650 [pool-170-thread-1] INFO  server.RaftServerConfigKeys (ConfUtils.java:logGet(43)) - raft.server.log.queue.byte-limit = 2147483647 (custom)
2019-08-27 21:52:02,651 [pool-159-thread-1] INFO  server.RaftServerConfigKeys (ConfUtils.java:logGet(43)) - raft.server.log.statemachine.data.sync.timeout.retry = -1 (default)
2019-08-27 21:52:02,651 [pool-181-thread-1] INFO  server.RaftServerConfigKeys (ConfUtils.java:logGet(43)) - raft.server.log.queue.element-limit = 1024 (custom)
2019-08-27 21:52:02,651 [pool-159-thread-1] INFO  server.RaftServerConfigKeys (ConfUtils.java:logGet(43)) - raft.server.log.statemachine.data.caching.enabled = true (custom)
2019-08-27 21:52:02,651 [pool-170-thread-1] INFO  server.RaftServerConfigKeys (ConfUtils.java:logGet(43)) - raft.server.log.queue.element-limit = 1024 (custom)
2019-08-27 21:52:02,651 [pool-181-thread-1] INFO  server.RaftServerConfigKeys (ConfUtils.java:logGet(43)) - raft.server.log.segment.size.max = 1048576 (custom)
2019-08-27 21:52:02,652 [pool-159-thread-1] INFO  segmented.SegmentedRaftLogWorker (SegmentedRaftLogWorker.java:lambda$new$0(132)) - 7ad9a523-ea61-4de8-b564-9ed7c6de1fd1-SegmentedRaftLogWorker:Storage Directory /workdir/hadoop-ozone/integration-test/target/test-dir/MiniOzoneClusterImpl-0c6efe5f-9e3c-49a3-bcef-d31200f6a240/datanode-3/data/ratis/426ef396-d4fd-425a-ad57-92f312a34a51: flushIndex: setUnconditionally 0 -> -1
2019-08-27 21:52:02,652 [pool-170-thread-1] INFO  server.RaftServerConfigKeys (ConfUtils.java:logGet(43)) - raft.server.log.segment.size.max = 1048576 (custom)
2019-08-27 21:52:02,652 [pool-181-thread-1] INFO  server.RaftServerConfigKeys (ConfUtils.java:logGet(43)) - raft.server.log.preallocated.size = 16384 (custom)
2019-08-27 21:52:02,652 [pool-159-thread-1] INFO  server.RaftServerConfigKeys (ConfUtils.java:logGet(43)) - raft.server.snapshot.auto.trigger.enabled = true (custom)
2019-08-27 21:52:02,652 [pool-170-thread-1] INFO  server.RaftServerConfigKeys (ConfUtils.java:logGet(43)) - raft.server.log.preallocated.size = 16384 (custom)
2019-08-27 21:52:02,653 [pool-159-thread-1] INFO  server.RaftServerConfigKeys (ConfUtils.java:logGet(43)) - raft.server.snapshot.auto.trigger.threshold = 10000 (custom)
2019-08-27 21:52:02,653 [pool-181-thread-1] INFO  server.RaftServerConfigKeys (ConfUtils.java:logGet(43)) - raft.server.log.write.buffer.size = 33554432 (custom)
2019-08-27 21:52:02,653 [pool-159-thread-1] INFO  server.RaftServerConfigKeys (ConfUtils.java:logGet(43)) - raft.server.retrycache.expirytime = 600000ms (custom)
2019-08-27 21:52:02,653 [pool-170-thread-1] INFO  server.RaftServerConfigKeys (ConfUtils.java:logGet(43)) - raft.server.log.write.buffer.size = 33554432 (custom)
2019-08-27 21:52:02,654 [pool-159-thread-1] INFO  impl.RaftServerImpl (RaftServerImpl.java:start(180)) - 7ad9a523-ea61-4de8-b564-9ed7c6de1fd1: start group-92F312A34A51
2019-08-27 21:52:02,653 [pool-181-thread-1] INFO  server.RaftServerConfigKeys (ConfUtils.java:logGet(43)) - raft.server.log.force.sync.num = 128 (default)
2019-08-27 21:52:02,654 [pool-159-thread-1] INFO  impl.RaftServerImpl (RaftServerImpl.java:setRole(171)) - 7ad9a523-ea61-4de8-b564-9ed7c6de1fd1:group-92F312A34A51 changes role from null to FOLLOWER at term 0 for startAsFollower
2019-08-27 21:52:02,654 [pool-170-thread-1] INFO  server.RaftServerConfigKeys (ConfUtils.java:logGet(43)) - raft.server.log.force.sync.num = 128 (default)
2019-08-27 21:52:02,654 [pool-159-thread-1] INFO  impl.RoleInfo (RoleInfo.java:updateAndGet(143)) - 7ad9a523-ea61-4de8-b564-9ed7c6de1fd1: start FollowerState
2019-08-27 21:52:02,654 [pool-181-thread-1] INFO  server.RaftServerConfigKeys (ConfUtils.java:logGet(43)) - raft.server.log.statemachine.data.sync = true (default)
2019-08-27 21:52:02,654 [pool-170-thread-1] INFO  server.RaftServerConfigKeys (ConfUtils.java:logGet(43)) - raft.server.log.statemachine.data.sync = true (default)
2019-08-27 21:52:02,655 [pool-181-thread-1] INFO  server.RaftServerConfigKeys (ConfUtils.java:logGet(43)) - raft.server.log.statemachine.data.sync.timeout = 10s (default)
2019-08-27 21:52:02,655 [pool-159-thread-1] INFO  util.JmxRegister (JmxRegister.java:tryRegister(44)) - Successfully registered JMX Bean with object name Ratis:service=RaftServer,group=group-92F312A34A51,id=7ad9a523-ea61-4de8-b564-9ed7c6de1fd1
2019-08-27 21:52:02,655 [pool-170-thread-1] INFO  server.RaftServerConfigKeys (ConfUtils.java:logGet(43)) - raft.server.log.statemachine.data.sync.timeout = 10s (default)
2019-08-27 21:52:02,655 [pool-181-thread-1] INFO  server.RaftServerConfigKeys (ConfUtils.java:logGet(43)) - raft.server.log.statemachine.data.sync.timeout.retry = -1 (default)
2019-08-27 21:52:02,655 [pool-170-thread-1] INFO  server.RaftServerConfigKeys (ConfUtils.java:logGet(43)) - raft.server.log.statemachine.data.sync.timeout.retry = -1 (default)
2019-08-27 21:52:02,656 [pool-181-thread-1] INFO  server.RaftServerConfigKeys (ConfUtils.java:logGet(43)) - raft.server.log.statemachine.data.caching.enabled = true (custom)
2019-08-27 21:52:02,656 [pool-170-thread-1] INFO  server.RaftServerConfigKeys (ConfUtils.java:logGet(43)) - raft.server.log.statemachine.data.caching.enabled = true (custom)
2019-08-27 21:52:02,656 [pool-181-thread-1] INFO  segmented.SegmentedRaftLogWorker (SegmentedRaftLogWorker.java:lambda$new$0(132)) - d16fede7-9c95-4edf-9c33-745cfaca74f6-SegmentedRaftLogWorker:Storage Directory /workdir/hadoop-ozone/integration-test/target/test-dir/MiniOzoneClusterImpl-0c6efe5f-9e3c-49a3-bcef-d31200f6a240/datanode-5/data/ratis/426ef396-d4fd-425a-ad57-92f312a34a51: flushIndex: setUnconditionally 0 -> -1
2019-08-27 21:52:02,656 [pool-170-thread-1] INFO  segmented.SegmentedRaftLogWorker (SegmentedRaftLogWorker.java:lambda$new$0(132)) - ff101aed-a6b7-4de5-96bc-8545c1bca62b-SegmentedRaftLogWorker:Storage Directory /workdir/hadoop-ozone/integration-test/target/test-dir/MiniOzoneClusterImpl-0c6efe5f-9e3c-49a3-bcef-d31200f6a240/datanode-4/data/ratis/426ef396-d4fd-425a-ad57-92f312a34a51: flushIndex: setUnconditionally 0 -> -1
2019-08-27 21:52:02,657 [pool-181-thread-1] INFO  server.RaftServerConfigKeys (ConfUtils.java:logGet(43)) - raft.server.snapshot.auto.trigger.enabled = true (custom)
2019-08-27 21:52:02,657 [pool-170-thread-1] INFO  server.RaftServerConfigKeys (ConfUtils.java:logGet(43)) - raft.server.snapshot.auto.trigger.enabled = true (custom)
2019-08-27 21:52:02,657 [pool-181-thread-1] INFO  server.RaftServerConfigKeys (ConfUtils.java:logGet(43)) - raft.server.snapshot.auto.trigger.threshold = 10000 (custom)
2019-08-27 21:52:02,657 [pool-170-thread-1] INFO  server.RaftServerConfigKeys (ConfUtils.java:logGet(43)) - raft.server.snapshot.auto.trigger.threshold = 10000 (custom)
2019-08-27 21:52:02,657 [pool-181-thread-1] INFO  server.RaftServerConfigKeys (ConfUtils.java:logGet(43)) - raft.server.retrycache.expirytime = 600000ms (custom)
2019-08-27 21:52:02,657 [pool-170-thread-1] INFO  server.RaftServerConfigKeys (ConfUtils.java:logGet(43)) - raft.server.retrycache.expirytime = 600000ms (custom)
2019-08-27 21:52:02,658 [pool-181-thread-1] INFO  impl.RaftServerImpl (RaftServerImpl.java:start(180)) - d16fede7-9c95-4edf-9c33-745cfaca74f6: start group-92F312A34A51
2019-08-27 21:52:02,658 [pool-170-thread-1] INFO  impl.RaftServerImpl (RaftServerImpl.java:start(180)) - ff101aed-a6b7-4de5-96bc-8545c1bca62b: start group-92F312A34A51
2019-08-27 21:52:02,658 [pool-181-thread-1] INFO  impl.RaftServerImpl (RaftServerImpl.java:setRole(171)) - d16fede7-9c95-4edf-9c33-745cfaca74f6:group-92F312A34A51 changes role from null to FOLLOWER at term 0 for startAsFollower
2019-08-27 21:52:02,658 [pool-170-thread-1] INFO  impl.RaftServerImpl (RaftServerImpl.java:setRole(171)) - ff101aed-a6b7-4de5-96bc-8545c1bca62b:group-92F312A34A51 changes role from null to FOLLOWER at term 0 for startAsFollower
2019-08-27 21:52:02,658 [pool-181-thread-1] INFO  impl.RoleInfo (RoleInfo.java:updateAndGet(143)) - d16fede7-9c95-4edf-9c33-745cfaca74f6: start FollowerState
2019-08-27 21:52:02,658 [pool-170-thread-1] INFO  impl.RoleInfo (RoleInfo.java:updateAndGet(143)) - ff101aed-a6b7-4de5-96bc-8545c1bca62b: start FollowerState
2019-08-27 21:52:02,659 [pool-181-thread-1] INFO  util.JmxRegister (JmxRegister.java:tryRegister(44)) - Successfully registered JMX Bean with object name Ratis:service=RaftServer,group=group-92F312A34A51,id=d16fede7-9c95-4edf-9c33-745cfaca74f6
2019-08-27 21:52:02,659 [pool-170-thread-1] INFO  util.JmxRegister (JmxRegister.java:tryRegister(44)) - Successfully registered JMX Bean with object name Ratis:service=RaftServer,group=group-92F312A34A51,id=ff101aed-a6b7-4de5-96bc-8545c1bca62b
2019-08-27 21:52:02,663 [RatisPipelineUtilsThread] INFO  pipeline.PipelineStateManager (PipelineStateManager.java:addPipeline(56)) - Created pipeline Pipeline[ Id: 426ef396-d4fd-425a-ad57-92f312a34a51, Nodes: ff101aed-a6b7-4de5-96bc-8545c1bca62b{ip: 192.168.69.113, host: pr-hdds-1200-p2fvk-934908843, networkLocation: /default-rack, certSerialId: null}d16fede7-9c95-4edf-9c33-745cfaca74f6{ip: 192.168.69.113, host: pr-hdds-1200-p2fvk-934908843, networkLocation: /default-rack, certSerialId: null}7ad9a523-ea61-4de8-b564-9ed7c6de1fd1{ip: 192.168.69.113, host: pr-hdds-1200-p2fvk-934908843, networkLocation: /default-rack, certSerialId: null}, Type:RATIS, Factor:THREE, State:OPEN]
2019-08-27 21:52:02,736 [main] INFO  ozone.MiniOzoneClusterImpl (MiniOzoneClusterImpl.java:lambda$waitForClusterToBeReady$0(142)) - Waiting for cluster to be ready. Got 6 of 7 DN Heartbeats.
2019-08-27 21:52:02,740 [IPC Server handler 2 on 38993] INFO  net.NetworkTopology (NetworkTopologyImpl.java:add(110)) - Added a new node: /default-rack/676885e1-3491-47d8-84ec-d928b9cef1c5
2019-08-27 21:52:02,740 [IPC Server handler 2 on 38993] INFO  node.SCMNodeManager (SCMNodeManager.java:register(273)) - Registered Data node : 676885e1-3491-47d8-84ec-d928b9cef1c5{ip: 192.168.69.113, host: pr-hdds-1200-p2fvk-934908843, networkLocation: /default-rack, certSerialId: null}
2019-08-27 21:52:02,741 | INFO  | SCMAudit | user=jenkins1000 | ip=192.168.69.113 | op=REGISTER {datanodeDetails=676885e1-3491-47d8-84ec-d928b9cef1c5{ip: 192.168.69.113, host: pr-hdds-1200-p2fvk-934908843, networkLocation: /default-rack, certSerialId: null}} | ret=SUCCESS |  
2019-08-27 21:52:02,749 [grpc-default-executor-1] INFO  impl.RaftServerProxy (RaftServerProxy.java:addNew(89)) - 676885e1-3491-47d8-84ec-d928b9cef1c5: addNew group-3A6C64BD03A9:[676885e1-3491-47d8-84ec-d928b9cef1c5:192.168.69.113:43396] returns group-3A6C64BD03A9:java.util.concurrent.CompletableFuture@499b0357[Not completed]
2019-08-27 21:52:02,756 [pool-192-thread-1] INFO  impl.RaftServerImpl (RaftServerImpl.java:<init>(93)) - 676885e1-3491-47d8-84ec-d928b9cef1c5: new RaftServerImpl for group-3A6C64BD03A9:[676885e1-3491-47d8-84ec-d928b9cef1c5:192.168.69.113:43396] with ContainerStateMachine:uninitialized
2019-08-27 21:52:02,756 [pool-192-thread-1] INFO  server.RaftServerConfigKeys (ConfUtils.java:logGet(43)) - raft.server.rpc.timeout.min = 5s (custom)
2019-08-27 21:52:02,757 [pool-192-thread-1] INFO  server.RaftServerConfigKeys (ConfUtils.java:logGet(43)) - raft.server.rpc.timeout.max = 5200ms (custom)
2019-08-27 21:52:02,757 [pool-192-thread-1] INFO  server.RaftServerConfigKeys (ConfUtils.java:logGet(43)) - raft.server.rpcslowness.timeout = 120s (custom)
2019-08-27 21:52:02,757 [pool-192-thread-1] INFO  server.RaftServerConfigKeys (ConfUtils.java:logGet(43)) - raft.server.sleep.deviation.threshold = 300 (default)
2019-08-27 21:52:02,757 [pool-192-thread-1] INFO  server.RaftServerConfigKeys (ConfUtils.java:logGet(43)) - raft.server.log.appender.install.snapshot.enabled = false (custom)
2019-08-27 21:52:02,757 [pool-192-thread-1] INFO  impl.RaftServerImpl (ServerState.java:<init>(105)) - 676885e1-3491-47d8-84ec-d928b9cef1c5:group-3A6C64BD03A9 ConfigurationManager, init=-1: [676885e1-3491-47d8-84ec-d928b9cef1c5:192.168.69.113:43396], old=null, confs=<EMPTY_MAP>
2019-08-27 21:52:02,758 [pool-192-thread-1] INFO  server.RaftServerConfigKeys (ConfUtils.java:logGet(43)) - raft.server.storage.dir = [/workdir/hadoop-ozone/integration-test/target/test-dir/MiniOzoneClusterImpl-0c6efe5f-9e3c-49a3-bcef-d31200f6a240/datanode-6/data/ratis] (custom)
2019-08-27 21:52:02,758 [pool-192-thread-1] INFO  storage.RaftStorageDirectory (RaftStorageDirectory.java:analyzeStorage(246)) - The storage directory /workdir/hadoop-ozone/integration-test/target/test-dir/MiniOzoneClusterImpl-0c6efe5f-9e3c-49a3-bcef-d31200f6a240/datanode-6/data/ratis/7ca5a1f5-118a-43b3-989b-3a6c64bd03a9 does not exist. Creating ...
2019-08-27 21:52:02,772 [pool-192-thread-1] INFO  storage.RaftStorageDirectory (RaftStorageDirectory.java:tryLock(328)) - Lock on /workdir/hadoop-ozone/integration-test/target/test-dir/MiniOzoneClusterImpl-0c6efe5f-9e3c-49a3-bcef-d31200f6a240/datanode-6/data/ratis/7ca5a1f5-118a-43b3-989b-3a6c64bd03a9/in_use.lock acquired by nodename 31966@pr-hdds-1200-p2fvk-934908843
2019-08-27 21:52:02,786 [pool-192-thread-1] INFO  storage.RaftStorage (RaftStorage.java:format(72)) - Storage directory /workdir/hadoop-ozone/integration-test/target/test-dir/MiniOzoneClusterImpl-0c6efe5f-9e3c-49a3-bcef-d31200f6a240/datanode-6/data/ratis/7ca5a1f5-118a-43b3-989b-3a6c64bd03a9 has been successfully formatted.
2019-08-27 21:52:02,786 [pool-192-thread-1] INFO  ratis.ContainerStateMachine (ContainerStateMachine.java:loadSnapshot(226)) - group-3A6C64BD03A9: The snapshot info is null. Setting the last applied indexto:(t:0, i:~)
2019-08-27 21:52:02,787 [pool-192-thread-1] INFO  server.RaftServerConfigKeys (ConfUtils.java:logGet(43)) - raft.server.leader.election.timeout = 120s (custom)
2019-08-27 21:52:02,787 [pool-192-thread-1] INFO  server.RaftServerConfigKeys (ConfUtils.java:logGet(43)) - raft.server.log.use.memory = false (default)
2019-08-27 21:52:02,787 [pool-192-thread-1] INFO  server.RaftServerConfigKeys (ConfUtils.java:logGet(43)) - raft.server.log.purge.gap = 1000000 (custom)
2019-08-27 21:52:02,787 [pool-192-thread-1] INFO  server.RaftServerConfigKeys (ConfUtils.java:logGet(43)) - raft.server.log.appender.buffer.byte-limit = 33554432 (custom)
2019-08-27 21:52:02,788 [pool-192-thread-1] INFO  server.RaftServerConfigKeys (ConfUtils.java:logGet(43)) - raft.server.log.segment.size.max = 1048576 (custom)
2019-08-27 21:52:02,788 [pool-192-thread-1] INFO  server.RaftServerConfigKeys (ConfUtils.java:logGet(43)) - raft.server.log.segment.cache.num.max = 2 (custom)
2019-08-27 21:52:02,788 [pool-192-thread-1] INFO  segmented.SegmentedRaftLogWorker (SegmentedRaftLogWorker.java:<init>(172)) - new 676885e1-3491-47d8-84ec-d928b9cef1c5-SegmentedRaftLogWorker:Storage Directory /workdir/hadoop-ozone/integration-test/target/test-dir/MiniOzoneClusterImpl-0c6efe5f-9e3c-49a3-bcef-d31200f6a240/datanode-6/data/ratis/7ca5a1f5-118a-43b3-989b-3a6c64bd03a9 for RaftStorage:Storage Directory /workdir/hadoop-ozone/integration-test/target/test-dir/MiniOzoneClusterImpl-0c6efe5f-9e3c-49a3-bcef-d31200f6a240/datanode-6/data/ratis/7ca5a1f5-118a-43b3-989b-3a6c64bd03a9
2019-08-27 21:52:02,788 [pool-192-thread-1] INFO  server.RaftServerConfigKeys (ConfUtils.java:logGet(43)) - raft.server.log.queue.byte-limit = 2147483647 (custom)
2019-08-27 21:52:02,789 [pool-192-thread-1] INFO  server.RaftServerConfigKeys (ConfUtils.java:logGet(43)) - raft.server.log.queue.element-limit = 1024 (custom)
2019-08-27 21:52:02,789 [pool-192-thread-1] INFO  server.RaftServerConfigKeys (ConfUtils.java:logGet(43)) - raft.server.log.segment.size.max = 1048576 (custom)
2019-08-27 21:52:02,789 [pool-192-thread-1] INFO  server.RaftServerConfigKeys (ConfUtils.java:logGet(43)) - raft.server.log.preallocated.size = 16384 (custom)
2019-08-27 21:52:02,789 [pool-192-thread-1] INFO  server.RaftServerConfigKeys (ConfUtils.java:logGet(43)) - raft.server.log.write.buffer.size = 33554432 (custom)
2019-08-27 21:52:02,790 [pool-192-thread-1] INFO  server.RaftServerConfigKeys (ConfUtils.java:logGet(43)) - raft.server.log.force.sync.num = 128 (default)
2019-08-27 21:52:02,790 [pool-192-thread-1] INFO  server.RaftServerConfigKeys (ConfUtils.java:logGet(43)) - raft.server.log.statemachine.data.sync = true (default)
2019-08-27 21:52:02,790 [pool-192-thread-1] INFO  server.RaftServerConfigKeys (ConfUtils.java:logGet(43)) - raft.server.log.statemachine.data.sync.timeout = 10s (default)
2019-08-27 21:52:02,790 [pool-192-thread-1] INFO  server.RaftServerConfigKeys (ConfUtils.java:logGet(43)) - raft.server.log.statemachine.data.sync.timeout.retry = -1 (default)
2019-08-27 21:52:02,791 [pool-192-thread-1] INFO  server.RaftServerConfigKeys (ConfUtils.java:logGet(43)) - raft.server.log.statemachine.data.caching.enabled = true (custom)
2019-08-27 21:52:02,791 [pool-192-thread-1] INFO  segmented.SegmentedRaftLogWorker (SegmentedRaftLogWorker.java:lambda$new$0(132)) - 676885e1-3491-47d8-84ec-d928b9cef1c5-SegmentedRaftLogWorker:Storage Directory /workdir/hadoop-ozone/integration-test/target/test-dir/MiniOzoneClusterImpl-0c6efe5f-9e3c-49a3-bcef-d31200f6a240/datanode-6/data/ratis/7ca5a1f5-118a-43b3-989b-3a6c64bd03a9: flushIndex: setUnconditionally 0 -> -1
2019-08-27 21:52:02,792 [pool-192-thread-1] INFO  server.RaftServerConfigKeys (ConfUtils.java:logGet(43)) - raft.server.snapshot.auto.trigger.enabled = true (custom)
2019-08-27 21:52:02,792 [pool-192-thread-1] INFO  server.RaftServerConfigKeys (ConfUtils.java:logGet(43)) - raft.server.snapshot.auto.trigger.threshold = 10000 (custom)
2019-08-27 21:52:02,792 [pool-192-thread-1] INFO  server.RaftServerConfigKeys (ConfUtils.java:logGet(43)) - raft.server.retrycache.expirytime = 600000ms (custom)
2019-08-27 21:52:02,792 [pool-192-thread-1] INFO  impl.RaftServerImpl (RaftServerImpl.java:start(180)) - 676885e1-3491-47d8-84ec-d928b9cef1c5: start group-3A6C64BD03A9
2019-08-27 21:52:02,793 [pool-192-thread-1] INFO  impl.RaftServerImpl (RaftServerImpl.java:setRole(171)) - 676885e1-3491-47d8-84ec-d928b9cef1c5:group-3A6C64BD03A9 changes role from null to FOLLOWER at term 0 for startAsFollower
2019-08-27 21:52:02,793 [pool-192-thread-1] INFO  impl.RoleInfo (RoleInfo.java:updateAndGet(143)) - 676885e1-3491-47d8-84ec-d928b9cef1c5: start FollowerState
2019-08-27 21:52:02,793 [pool-192-thread-1] INFO  util.JmxRegister (JmxRegister.java:tryRegister(44)) - Successfully registered JMX Bean with object name Ratis:service=RaftServer,group=group-3A6C64BD03A9,id=676885e1-3491-47d8-84ec-d928b9cef1c5
2019-08-27 21:52:02,797 [RatisPipelineUtilsThread] INFO  pipeline.PipelineStateManager (PipelineStateManager.java:addPipeline(56)) - Created pipeline Pipeline[ Id: 7ca5a1f5-118a-43b3-989b-3a6c64bd03a9, Nodes: 676885e1-3491-47d8-84ec-d928b9cef1c5{ip: 192.168.69.113, host: pr-hdds-1200-p2fvk-934908843, networkLocation: /default-rack, certSerialId: null}, Type:RATIS, Factor:ONE, State:OPEN]
2019-08-27 21:52:03,139 | INFO  | SCMAudit | user=jenkins1000 | ip=192.168.69.113 | op=SEND_HEARTBEAT {datanodeUUID=6da4aad8-a4f6-4be0-a3fe-0ce626d82d81, command=[]} | ret=SUCCESS |  
2019-08-27 21:52:03,359 | INFO  | SCMAudit | user=jenkins1000 | ip=192.168.69.113 | op=SEND_HEARTBEAT {datanodeUUID=6fbb6c8f-68ec-4eec-acdd-5276ddf30de1, command=[]} | ret=SUCCESS |  
2019-08-27 21:52:03,585 | INFO  | SCMAudit | user=jenkins1000 | ip=192.168.69.113 | op=SEND_HEARTBEAT {datanodeUUID=803e2962-4b43-470b-a1eb-8fa95db682ee, command=[]} | ret=SUCCESS |  
2019-08-27 21:52:03,737 [main] INFO  ozone.MiniOzoneClusterImpl (MiniOzoneClusterImpl.java:lambda$waitForClusterToBeReady$0(142)) - Cluster is ready. Got 7 of 7 DN Heartbeats.
2019-08-27 21:52:03,784 [main] INFO  rpc.RpcClient (RpcClient.java:createVolume(293)) - Creating Volume: testblockoutputstreamwithretries, with jenkins1000 as owner.
2019-08-27 21:52:03,787 | INFO  | OMAudit | user=jenkins1000 | ip=127.0.0.1 | op=CREATE_VOLUME {admin=jenkins1000, owner=jenkins1000, volume=testblockoutputstreamwithretries, creationTime=1566942723786, quotaInBytes=1152921504606846976} | ret=SUCCESS |  
2019-08-27 21:52:03,798 | INFO  | OMAudit | user=jenkins1000 | ip=127.0.0.1 | op=READ_VOLUME {volume=testblockoutputstreamwithretries} | ret=SUCCESS |  
2019-08-27 21:52:03,800 [main] INFO  rpc.RpcClient (RpcClient.java:createBucket(432)) - Creating Bucket: testblockoutputstreamwithretries/testblockoutputstreamwithretries, with Versioning false and Storage Type set to DISK and Encryption set to false 
2019-08-27 21:52:03,804 | INFO  | OMAudit | user=jenkins1000 | ip=127.0.0.1 | op=CREATE_BUCKET {volume=testblockoutputstreamwithretries, bucket=testblockoutputstreamwithretries, acls=[user:jenkins1000:a[ACCESS], group:default:a[ACCESS]], isVersionEnabled=false, storageType=DISK, creationTime=0} | ret=SUCCESS |  
2019-08-27 21:52:03,807 | INFO  | OMAudit | user=jenkins1000 | ip=127.0.0.1 | op=READ_VOLUME {volume=testblockoutputstreamwithretries} | ret=SUCCESS |  
2019-08-27 21:52:03,809 | INFO  | OMAudit | user=jenkins1000 | ip=127.0.0.1 | op=READ_BUCKET {volume=testblockoutputstreamwithretries, bucket=testblockoutputstreamwithretries} | ret=SUCCESS |  
2019-08-27 21:52:03,816 | INFO  | SCMAudit | user=jenkins1000 | ip=192.168.69.113 | op=ALLOCATE_BLOCK {owner=0bceb85a-e81d-42f1-8a1f-4b1fe7de4808, size=800, type=RATIS, factor=THREE} | ret=SUCCESS |  
2019-08-27 21:52:03,819 | INFO  | OMAudit | user=jenkins1000 | ip=127.0.0.1 | op=ALLOCATE_KEY {volume=testblockoutputstreamwithretries, bucket=testblockoutputstreamwithretries, key=bd08ecb8-e90f-4d10-ab98-cf38201f2cfe, dataSize=3200, replicationType=RATIS, replicationFactor=THREE, keyLocationInfo=null} | ret=SUCCESS |  
2019-08-27 21:52:03,820 | INFO  | SCMAudit | user=jenkins1000 | ip=192.168.69.113 | op=SEND_HEARTBEAT {datanodeUUID=7ad9a523-ea61-4de8-b564-9ed7c6de1fd1, command=[]} | ret=SUCCESS |  
2019-08-27 21:52:03,843 [grpc-default-executor-1] INFO  client.GrpcClientProtocolClient (GrpcClientProtocolClient.java:onNext(255)) - client-9C14CD88FCAE->ff101aed-a6b7-4de5-96bc-8545c1bca62b: receive RaftClientReply:client-9C14CD88FCAE->ff101aed-a6b7-4de5-96bc-8545c1bca62b@group-92F312A34A51, cid=42, FAILED org.apache.ratis.protocol.NotLeaderException: Server ff101aed-a6b7-4de5-96bc-8545c1bca62b is not the leader (null). Request must be sent to leader., logIndex=0, commits[ff101aed-a6b7-4de5-96bc-8545c1bca62b:c-1]
2019-08-27 21:52:04,140 | INFO  | SCMAudit | user=jenkins1000 | ip=192.168.69.113 | op=SEND_HEARTBEAT {datanodeUUID=6da4aad8-a4f6-4be0-a3fe-0ce626d82d81, command=[]} | ret=SUCCESS |  
2019-08-27 21:52:04,157 [Thread-747] INFO  container.ReplicationManager (ReplicationManager.java:start(152)) - Starting Replication Monitor Thread.
2019-08-27 21:52:04,162 [ReplicationMonitor] INFO  container.ReplicationManager (ReplicationManager.java:run(215)) - Replication Monitor Thread took 0 milliseconds for processing 3 containers.
2019-08-27 21:52:04,303 | INFO  | SCMAudit | user=jenkins1000 | ip=192.168.69.113 | op=SEND_HEARTBEAT {datanodeUUID=ff101aed-a6b7-4de5-96bc-8545c1bca62b, command=[]} | ret=SUCCESS |  
2019-08-27 21:52:04,359 | INFO  | SCMAudit | user=jenkins1000 | ip=192.168.69.113 | op=SEND_HEARTBEAT {datanodeUUID=6fbb6c8f-68ec-4eec-acdd-5276ddf30de1, command=[]} | ret=SUCCESS |  
2019-08-27 21:52:04,535 | INFO  | SCMAudit | user=jenkins1000 | ip=192.168.69.113 | op=SEND_HEARTBEAT {datanodeUUID=d16fede7-9c95-4edf-9c33-745cfaca74f6, command=[]} | ret=SUCCESS |  
2019-08-27 21:52:04,584 | INFO  | SCMAudit | user=jenkins1000 | ip=192.168.69.113 | op=SEND_HEARTBEAT {datanodeUUID=803e2962-4b43-470b-a1eb-8fa95db682ee, command=[]} | ret=SUCCESS |  
2019-08-27 21:52:04,740 | INFO  | SCMAudit | user=jenkins1000 | ip=192.168.69.113 | op=SEND_HEARTBEAT {datanodeUUID=676885e1-3491-47d8-84ec-d928b9cef1c5, command=[]} | ret=SUCCESS |  
2019-08-27 21:52:04,821 | INFO  | SCMAudit | user=jenkins1000 | ip=192.168.69.113 | op=SEND_HEARTBEAT {datanodeUUID=7ad9a523-ea61-4de8-b564-9ed7c6de1fd1, command=[]} | ret=SUCCESS |  
2019-08-27 21:52:04,879 [grpc-default-executor-5] INFO  client.GrpcClientProtocolClient (GrpcClientProtocolClient.java:onNext(255)) - client-9C14CD88FCAE->d16fede7-9c95-4edf-9c33-745cfaca74f6: receive RaftClientReply:client-9C14CD88FCAE->d16fede7-9c95-4edf-9c33-745cfaca74f6@group-92F312A34A51, cid=42, FAILED org.apache.ratis.protocol.NotLeaderException: Server d16fede7-9c95-4edf-9c33-745cfaca74f6 is not the leader (null). Request must be sent to leader., logIndex=0, commits[d16fede7-9c95-4edf-9c33-745cfaca74f6:c-1]
2019-08-27 21:52:05,140 | INFO  | SCMAudit | user=jenkins1000 | ip=192.168.69.113 | op=SEND_HEARTBEAT {datanodeUUID=6da4aad8-a4f6-4be0-a3fe-0ce626d82d81, command=[]} | ret=SUCCESS |  
2019-08-27 21:52:05,303 | INFO  | SCMAudit | user=jenkins1000 | ip=192.168.69.113 | op=SEND_HEARTBEAT {datanodeUUID=ff101aed-a6b7-4de5-96bc-8545c1bca62b, command=[]} | ret=SUCCESS |  
2019-08-27 21:52:05,359 | INFO  | SCMAudit | user=jenkins1000 | ip=192.168.69.113 | op=SEND_HEARTBEAT {datanodeUUID=6fbb6c8f-68ec-4eec-acdd-5276ddf30de1, command=[]} | ret=SUCCESS |  
2019-08-27 21:52:05,535 | INFO  | SCMAudit | user=jenkins1000 | ip=192.168.69.113 | op=SEND_HEARTBEAT {datanodeUUID=d16fede7-9c95-4edf-9c33-745cfaca74f6, command=[]} | ret=SUCCESS |  
2019-08-27 21:52:05,584 | INFO  | SCMAudit | user=jenkins1000 | ip=192.168.69.113 | op=SEND_HEARTBEAT {datanodeUUID=803e2962-4b43-470b-a1eb-8fa95db682ee, command=[]} | ret=SUCCESS |  
2019-08-27 21:52:05,741 | INFO  | SCMAudit | user=jenkins1000 | ip=192.168.69.113 | op=SEND_HEARTBEAT {datanodeUUID=676885e1-3491-47d8-84ec-d928b9cef1c5, command=[]} | ret=SUCCESS |  
2019-08-27 21:52:05,822 | INFO  | SCMAudit | user=jenkins1000 | ip=192.168.69.113 | op=SEND_HEARTBEAT {datanodeUUID=7ad9a523-ea61-4de8-b564-9ed7c6de1fd1, command=[]} | ret=SUCCESS |  
2019-08-27 21:52:05,904 [grpc-default-executor-5] INFO  client.GrpcClientProtocolClient (GrpcClientProtocolClient.java:onNext(255)) - client-9C14CD88FCAE->ff101aed-a6b7-4de5-96bc-8545c1bca62b: receive RaftClientReply:client-9C14CD88FCAE->ff101aed-a6b7-4de5-96bc-8545c1bca62b@group-92F312A34A51, cid=42, FAILED org.apache.ratis.protocol.NotLeaderException: Server ff101aed-a6b7-4de5-96bc-8545c1bca62b is not the leader (null). Request must be sent to leader., logIndex=0, commits[ff101aed-a6b7-4de5-96bc-8545c1bca62b:c-1]
2019-08-27 21:52:06,140 | INFO  | SCMAudit | user=jenkins1000 | ip=192.168.69.113 | op=SEND_HEARTBEAT {datanodeUUID=6da4aad8-a4f6-4be0-a3fe-0ce626d82d81, command=[]} | ret=SUCCESS |  
2019-08-27 21:52:06,303 | INFO  | SCMAudit | user=jenkins1000 | ip=192.168.69.113 | op=SEND_HEARTBEAT {datanodeUUID=ff101aed-a6b7-4de5-96bc-8545c1bca62b, command=[]} | ret=SUCCESS |  
2019-08-27 21:52:06,359 | INFO  | SCMAudit | user=jenkins1000 | ip=192.168.69.113 | op=SEND_HEARTBEAT {datanodeUUID=6fbb6c8f-68ec-4eec-acdd-5276ddf30de1, command=[]} | ret=SUCCESS |  
2019-08-27 21:52:06,389 [Thread-749] INFO  impl.FollowerState (FollowerState.java:run(106)) - 6da4aad8-a4f6-4be0-a3fe-0ce626d82d81:group-F53D5622B164 changes to CANDIDATE, lastRpcTime:5199, electionTimeout:5199ms
2019-08-27 21:52:06,390 [Thread-749] INFO  impl.RoleInfo (RoleInfo.java:shutdownFollowerState(121)) - 6da4aad8-a4f6-4be0-a3fe-0ce626d82d81: shutdown FollowerState
2019-08-27 21:52:06,390 [Thread-749] INFO  impl.RaftServerImpl (RaftServerImpl.java:setRole(171)) - 6da4aad8-a4f6-4be0-a3fe-0ce626d82d81:group-F53D5622B164 changes role from FOLLOWER to CANDIDATE at term 0 for changeToCandidate
2019-08-27 21:52:06,390 [Thread-749] INFO  impl.RoleInfo (RoleInfo.java:updateAndGet(143)) - 6da4aad8-a4f6-4be0-a3fe-0ce626d82d81: start LeaderElection
2019-08-27 21:52:06,414 [6da4aad8-a4f6-4be0-a3fe-0ce626d82d81:group-F53D5622B164:LeaderElection16] INFO  impl.LeaderElection (LeaderElection.java:askForVotes(181)) - 6da4aad8-a4f6-4be0-a3fe-0ce626d82d81:group-F53D5622B164:LeaderElection16: begin an election at term 1 for -1: [6da4aad8-a4f6-4be0-a3fe-0ce626d82d81:192.168.69.113:42674], old=null
2019-08-27 21:52:06,414 [6da4aad8-a4f6-4be0-a3fe-0ce626d82d81:group-F53D5622B164:LeaderElection16] INFO  impl.RoleInfo (RoleInfo.java:shutdownLeaderElection(134)) - 6da4aad8-a4f6-4be0-a3fe-0ce626d82d81: shutdown LeaderElection
2019-08-27 21:52:06,414 [6da4aad8-a4f6-4be0-a3fe-0ce626d82d81:group-F53D5622B164:LeaderElection16] INFO  impl.RaftServerImpl (RaftServerImpl.java:setRole(171)) - 6da4aad8-a4f6-4be0-a3fe-0ce626d82d81:group-F53D5622B164 changes role from CANDIDATE to LEADER at term 1 for changeToLeader
2019-08-27 21:52:06,414 [6da4aad8-a4f6-4be0-a3fe-0ce626d82d81:group-F53D5622B164:LeaderElection16] INFO  impl.RaftServerImpl (ServerState.java:setLeader(263)) - 6da4aad8-a4f6-4be0-a3fe-0ce626d82d81:group-F53D5622B164 change Leader from null to 6da4aad8-a4f6-4be0-a3fe-0ce626d82d81 at term 1 for becomeLeader, leader elected after 5230ms
2019-08-27 21:52:06,417 [6da4aad8-a4f6-4be0-a3fe-0ce626d82d81:group-F53D5622B164:LeaderElection16] INFO  server.RaftServerConfigKeys (ConfUtils.java:logGet(43)) - raft.server.staging.catchup.gap = 1000 (default)
2019-08-27 21:52:06,417 [6da4aad8-a4f6-4be0-a3fe-0ce626d82d81:group-F53D5622B164:LeaderElection16] INFO  server.RaftServerConfigKeys (ConfUtils.java:logGet(43)) - raft.server.rpc.sleep.time = 25ms (default)
2019-08-27 21:52:06,417 [6da4aad8-a4f6-4be0-a3fe-0ce626d82d81:group-F53D5622B164:LeaderElection16] INFO  server.RaftServerConfigKeys (ConfUtils.java:logGet(43)) - raft.server.write.element-limit = 4096 (default)
2019-08-27 21:52:06,417 [6da4aad8-a4f6-4be0-a3fe-0ce626d82d81:group-F53D5622B164:LeaderElection16] INFO  server.RaftServerConfigKeys (ConfUtils.java:logGet(43)) - raft.server.watch.timeout = 10s (default)
2019-08-27 21:52:06,418 [6da4aad8-a4f6-4be0-a3fe-0ce626d82d81:group-F53D5622B164:LeaderElection16] INFO  server.RaftServerConfigKeys (ConfUtils.java:logGet(43)) - raft.server.watch.timeout.denomination = 1s (default)
2019-08-27 21:52:06,418 [6da4aad8-a4f6-4be0-a3fe-0ce626d82d81:group-F53D5622B164:LeaderElection16] INFO  server.RaftServerConfigKeys (ConfUtils.java:logGet(43)) - raft.server.watch.element-limit = 65536 (default)
2019-08-27 21:52:06,418 [6da4aad8-a4f6-4be0-a3fe-0ce626d82d81:group-F53D5622B164:LeaderElection16] INFO  impl.RoleInfo (RoleInfo.java:updateAndGet(143)) - 6da4aad8-a4f6-4be0-a3fe-0ce626d82d81: start LeaderState
2019-08-27 21:52:06,418 [6da4aad8-a4f6-4be0-a3fe-0ce626d82d81:group-F53D5622B164:LeaderElection16] INFO  segmented.SegmentedRaftLogWorker (SegmentedRaftLogWorker.java:startLogSegment(380)) - 6da4aad8-a4f6-4be0-a3fe-0ce626d82d81-SegmentedRaftLogWorker:Storage Directory /workdir/hadoop-ozone/integration-test/target/test-dir/MiniOzoneClusterImpl-0c6efe5f-9e3c-49a3-bcef-d31200f6a240/datanode-0/data/ratis/fc5ee4a7-d885-4616-aa88-f53d5622b164: Starting segment from index:0
2019-08-27 21:52:06,419 [6da4aad8-a4f6-4be0-a3fe-0ce626d82d81:group-F53D5622B164:LeaderElection16] INFO  impl.RaftServerImpl (ServerState.java:setRaftConf(361)) - 6da4aad8-a4f6-4be0-a3fe-0ce626d82d81:group-F53D5622B164 set configuration 0: [6da4aad8-a4f6-4be0-a3fe-0ce626d82d81:192.168.69.113:42674], old=null at 0
2019-08-27 21:52:06,435 [Thread-752] INFO  impl.FollowerState (FollowerState.java:run(106)) - 6fbb6c8f-68ec-4eec-acdd-5276ddf30de1:group-2A62E423243A changes to CANDIDATE, lastRpcTime:5025, electionTimeout:5025ms
2019-08-27 21:52:06,435 [Thread-752] INFO  impl.RoleInfo (RoleInfo.java:shutdownFollowerState(121)) - 6fbb6c8f-68ec-4eec-acdd-5276ddf30de1: shutdown FollowerState
2019-08-27 21:52:06,435 [Thread-752] INFO  impl.RaftServerImpl (RaftServerImpl.java:setRole(171)) - 6fbb6c8f-68ec-4eec-acdd-5276ddf30de1:group-2A62E423243A changes role from FOLLOWER to CANDIDATE at term 0 for changeToCandidate
2019-08-27 21:52:06,435 [Thread-752] INFO  impl.RoleInfo (RoleInfo.java:updateAndGet(143)) - 6fbb6c8f-68ec-4eec-acdd-5276ddf30de1: start LeaderElection
2019-08-27 21:52:06,470 [6da4aad8-a4f6-4be0-a3fe-0ce626d82d81-SegmentedRaftLogWorker:Storage Directory /workdir/hadoop-ozone/integration-test/target/test-dir/MiniOzoneClusterImpl-0c6efe5f-9e3c-49a3-bcef-d31200f6a240/datanode-0/data/ratis/fc5ee4a7-d885-4616-aa88-f53d5622b164] INFO  segmented.SegmentedRaftLogWorker (SegmentedRaftLogWorker.java:execute(569)) - 6da4aad8-a4f6-4be0-a3fe-0ce626d82d81-SegmentedRaftLogWorker:Storage Directory /workdir/hadoop-ozone/integration-test/target/test-dir/MiniOzoneClusterImpl-0c6efe5f-9e3c-49a3-bcef-d31200f6a240/datanode-0/data/ratis/fc5ee4a7-d885-4616-aa88-f53d5622b164: created new log segment /workdir/hadoop-ozone/integration-test/target/test-dir/MiniOzoneClusterImpl-0c6efe5f-9e3c-49a3-bcef-d31200f6a240/datanode-0/data/ratis/fc5ee4a7-d885-4616-aa88-f53d5622b164/current/log_inprogress_0
2019-08-27 21:52:06,471 [6fbb6c8f-68ec-4eec-acdd-5276ddf30de1:group-2A62E423243A:LeaderElection17] INFO  impl.LeaderElection (LeaderElection.java:askForVotes(181)) - 6fbb6c8f-68ec-4eec-acdd-5276ddf30de1:group-2A62E423243A:LeaderElection17: begin an election at term 1 for -1: [6fbb6c8f-68ec-4eec-acdd-5276ddf30de1:192.168.69.113:36253], old=null
2019-08-27 21:52:06,471 [6fbb6c8f-68ec-4eec-acdd-5276ddf30de1:group-2A62E423243A:LeaderElection17] INFO  impl.RoleInfo (RoleInfo.java:shutdownLeaderElection(134)) - 6fbb6c8f-68ec-4eec-acdd-5276ddf30de1: shutdown LeaderElection
2019-08-27 21:52:06,471 [6fbb6c8f-68ec-4eec-acdd-5276ddf30de1:group-2A62E423243A:LeaderElection17] INFO  impl.RaftServerImpl (RaftServerImpl.java:setRole(171)) - 6fbb6c8f-68ec-4eec-acdd-5276ddf30de1:group-2A62E423243A changes role from CANDIDATE to LEADER at term 1 for changeToLeader
2019-08-27 21:52:06,471 [6fbb6c8f-68ec-4eec-acdd-5276ddf30de1:group-2A62E423243A:LeaderElection17] INFO  impl.RaftServerImpl (ServerState.java:setLeader(263)) - 6fbb6c8f-68ec-4eec-acdd-5276ddf30de1:group-2A62E423243A change Leader from null to 6fbb6c8f-68ec-4eec-acdd-5276ddf30de1 at term 1 for becomeLeader, leader elected after 5068ms
2019-08-27 21:52:06,474 [6fbb6c8f-68ec-4eec-acdd-5276ddf30de1:group-2A62E423243A:LeaderElection17] INFO  server.RaftServerConfigKeys (ConfUtils.java:logGet(43)) - raft.server.staging.catchup.gap = 1000 (default)
2019-08-27 21:52:06,474 [6fbb6c8f-68ec-4eec-acdd-5276ddf30de1:group-2A62E423243A:LeaderElection17] INFO  server.RaftServerConfigKeys (ConfUtils.java:logGet(43)) - raft.server.rpc.sleep.time = 25ms (default)
2019-08-27 21:52:06,475 [6fbb6c8f-68ec-4eec-acdd-5276ddf30de1:group-2A62E423243A:LeaderElection17] INFO  server.RaftServerConfigKeys (ConfUtils.java:logGet(43)) - raft.server.write.element-limit = 4096 (default)
2019-08-27 21:52:06,475 [6fbb6c8f-68ec-4eec-acdd-5276ddf30de1:group-2A62E423243A:LeaderElection17] INFO  server.RaftServerConfigKeys (ConfUtils.java:logGet(43)) - raft.server.watch.timeout = 10s (default)
2019-08-27 21:52:06,475 [6fbb6c8f-68ec-4eec-acdd-5276ddf30de1:group-2A62E423243A:LeaderElection17] INFO  server.RaftServerConfigKeys (ConfUtils.java:logGet(43)) - raft.server.watch.timeout.denomination = 1s (default)
2019-08-27 21:52:06,475 [6fbb6c8f-68ec-4eec-acdd-5276ddf30de1:group-2A62E423243A:LeaderElection17] INFO  server.RaftServerConfigKeys (ConfUtils.java:logGet(43)) - raft.server.watch.element-limit = 65536 (default)
2019-08-27 21:52:06,476 [6fbb6c8f-68ec-4eec-acdd-5276ddf30de1:group-2A62E423243A:LeaderElection17] INFO  impl.RoleInfo (RoleInfo.java:updateAndGet(143)) - 6fbb6c8f-68ec-4eec-acdd-5276ddf30de1: start LeaderState
2019-08-27 21:52:06,476 [6fbb6c8f-68ec-4eec-acdd-5276ddf30de1:group-2A62E423243A:LeaderElection17] INFO  segmented.SegmentedRaftLogWorker (SegmentedRaftLogWorker.java:startLogSegment(380)) - 6fbb6c8f-68ec-4eec-acdd-5276ddf30de1-SegmentedRaftLogWorker:Storage Directory /workdir/hadoop-ozone/integration-test/target/test-dir/MiniOzoneClusterImpl-0c6efe5f-9e3c-49a3-bcef-d31200f6a240/datanode-1/data/ratis/e85338f6-4446-43f1-8479-2a62e423243a: Starting segment from index:0
2019-08-27 21:52:06,477 [6fbb6c8f-68ec-4eec-acdd-5276ddf30de1:group-2A62E423243A:LeaderElection17] INFO  impl.RaftServerImpl (ServerState.java:setRaftConf(361)) - 6fbb6c8f-68ec-4eec-acdd-5276ddf30de1:group-2A62E423243A set configuration 0: [6fbb6c8f-68ec-4eec-acdd-5276ddf30de1:192.168.69.113:36253], old=null at 0
2019-08-27 21:52:06,524 [6fbb6c8f-68ec-4eec-acdd-5276ddf30de1-SegmentedRaftLogWorker:Storage Directory /workdir/hadoop-ozone/integration-test/target/test-dir/MiniOzoneClusterImpl-0c6efe5f-9e3c-49a3-bcef-d31200f6a240/datanode-1/data/ratis/e85338f6-4446-43f1-8479-2a62e423243a] INFO  segmented.SegmentedRaftLogWorker (SegmentedRaftLogWorker.java:execute(569)) - 6fbb6c8f-68ec-4eec-acdd-5276ddf30de1-SegmentedRaftLogWorker:Storage Directory /workdir/hadoop-ozone/integration-test/target/test-dir/MiniOzoneClusterImpl-0c6efe5f-9e3c-49a3-bcef-d31200f6a240/datanode-1/data/ratis/e85338f6-4446-43f1-8479-2a62e423243a: created new log segment /workdir/hadoop-ozone/integration-test/target/test-dir/MiniOzoneClusterImpl-0c6efe5f-9e3c-49a3-bcef-d31200f6a240/datanode-1/data/ratis/e85338f6-4446-43f1-8479-2a62e423243a/current/log_inprogress_0
2019-08-27 21:52:06,534 | INFO  | SCMAudit | user=jenkins1000 | ip=192.168.69.113 | op=SEND_HEARTBEAT {datanodeUUID=d16fede7-9c95-4edf-9c33-745cfaca74f6, command=[]} | ret=SUCCESS |  
2019-08-27 21:52:06,585 | INFO  | SCMAudit | user=jenkins1000 | ip=192.168.69.113 | op=SEND_HEARTBEAT {datanodeUUID=803e2962-4b43-470b-a1eb-8fa95db682ee, command=[]} | ret=SUCCESS |  
2019-08-27 21:52:06,711 [Thread-755] INFO  impl.FollowerState (FollowerState.java:run(106)) - 803e2962-4b43-470b-a1eb-8fa95db682ee:group-618646FDE4E2 changes to CANDIDATE, lastRpcTime:5073, electionTimeout:5073ms
2019-08-27 21:52:06,711 [Thread-755] INFO  impl.RoleInfo (RoleInfo.java:shutdownFollowerState(121)) - 803e2962-4b43-470b-a1eb-8fa95db682ee: shutdown FollowerState
2019-08-27 21:52:06,711 [Thread-755] INFO  impl.RaftServerImpl (RaftServerImpl.java:setRole(171)) - 803e2962-4b43-470b-a1eb-8fa95db682ee:group-618646FDE4E2 changes role from FOLLOWER to CANDIDATE at term 0 for changeToCandidate
2019-08-27 21:52:06,711 [Thread-755] INFO  impl.RoleInfo (RoleInfo.java:updateAndGet(143)) - 803e2962-4b43-470b-a1eb-8fa95db682ee: start LeaderElection
2019-08-27 21:52:06,732 [803e2962-4b43-470b-a1eb-8fa95db682ee:group-618646FDE4E2:LeaderElection18] INFO  impl.LeaderElection (LeaderElection.java:askForVotes(181)) - 803e2962-4b43-470b-a1eb-8fa95db682ee:group-618646FDE4E2:LeaderElection18: begin an election at term 1 for -1: [803e2962-4b43-470b-a1eb-8fa95db682ee:192.168.69.113:42940], old=null
2019-08-27 21:52:06,732 [803e2962-4b43-470b-a1eb-8fa95db682ee:group-618646FDE4E2:LeaderElection18] INFO  impl.RoleInfo (RoleInfo.java:shutdownLeaderElection(134)) - 803e2962-4b43-470b-a1eb-8fa95db682ee: shutdown LeaderElection
2019-08-27 21:52:06,732 [803e2962-4b43-470b-a1eb-8fa95db682ee:group-618646FDE4E2:LeaderElection18] INFO  impl.RaftServerImpl (RaftServerImpl.java:setRole(171)) - 803e2962-4b43-470b-a1eb-8fa95db682ee:group-618646FDE4E2 changes role from CANDIDATE to LEADER at term 1 for changeToLeader
2019-08-27 21:52:06,732 [803e2962-4b43-470b-a1eb-8fa95db682ee:group-618646FDE4E2:LeaderElection18] INFO  impl.RaftServerImpl (ServerState.java:setLeader(263)) - 803e2962-4b43-470b-a1eb-8fa95db682ee:group-618646FDE4E2 change Leader from null to 803e2962-4b43-470b-a1eb-8fa95db682ee at term 1 for becomeLeader, leader elected after 5099ms
2019-08-27 21:52:06,735 [803e2962-4b43-470b-a1eb-8fa95db682ee:group-618646FDE4E2:LeaderElection18] INFO  server.RaftServerConfigKeys (ConfUtils.java:logGet(43)) - raft.server.staging.catchup.gap = 1000 (default)
2019-08-27 21:52:06,735 [803e2962-4b43-470b-a1eb-8fa95db682ee:group-618646FDE4E2:LeaderElection18] INFO  server.RaftServerConfigKeys (ConfUtils.java:logGet(43)) - raft.server.rpc.sleep.time = 25ms (default)
2019-08-27 21:52:06,735 [803e2962-4b43-470b-a1eb-8fa95db682ee:group-618646FDE4E2:LeaderElection18] INFO  server.RaftServerConfigKeys (ConfUtils.java:logGet(43)) - raft.server.write.element-limit = 4096 (default)
2019-08-27 21:52:06,735 [803e2962-4b43-470b-a1eb-8fa95db682ee:group-618646FDE4E2:LeaderElection18] INFO  server.RaftServerConfigKeys (ConfUtils.java:logGet(43)) - raft.server.watch.timeout = 10s (default)
2019-08-27 21:52:06,736 [803e2962-4b43-470b-a1eb-8fa95db682ee:group-618646FDE4E2:LeaderElection18] INFO  server.RaftServerConfigKeys (ConfUtils.java:logGet(43)) - raft.server.watch.timeout.denomination = 1s (default)
2019-08-27 21:52:06,736 [803e2962-4b43-470b-a1eb-8fa95db682ee:group-618646FDE4E2:LeaderElection18] INFO  server.RaftServerConfigKeys (ConfUtils.java:logGet(43)) - raft.server.watch.element-limit = 65536 (default)
2019-08-27 21:52:06,736 [803e2962-4b43-470b-a1eb-8fa95db682ee:group-618646FDE4E2:LeaderElection18] INFO  impl.RoleInfo (RoleInfo.java:updateAndGet(143)) - 803e2962-4b43-470b-a1eb-8fa95db682ee: start LeaderState
2019-08-27 21:52:06,736 [803e2962-4b43-470b-a1eb-8fa95db682ee:group-618646FDE4E2:LeaderElection18] INFO  segmented.SegmentedRaftLogWorker (SegmentedRaftLogWorker.java:startLogSegment(380)) - 803e2962-4b43-470b-a1eb-8fa95db682ee-SegmentedRaftLogWorker:Storage Directory /workdir/hadoop-ozone/integration-test/target/test-dir/MiniOzoneClusterImpl-0c6efe5f-9e3c-49a3-bcef-d31200f6a240/datanode-2/data/ratis/6de7fb5e-7a65-4172-849d-618646fde4e2: Starting segment from index:0
2019-08-27 21:52:06,737 [803e2962-4b43-470b-a1eb-8fa95db682ee:group-618646FDE4E2:LeaderElection18] INFO  impl.RaftServerImpl (ServerState.java:setRaftConf(361)) - 803e2962-4b43-470b-a1eb-8fa95db682ee:group-618646FDE4E2 set configuration 0: [803e2962-4b43-470b-a1eb-8fa95db682ee:192.168.69.113:42940], old=null at 0
2019-08-27 21:52:06,774 [Thread-762] INFO  impl.FollowerState (FollowerState.java:run(106)) - 6fbb6c8f-68ec-4eec-acdd-5276ddf30de1:group-7320CB8F9FF5 changes to CANDIDATE, lastRpcTime:5073, electionTimeout:5045ms
2019-08-27 21:52:06,774 [Thread-762] INFO  impl.RoleInfo (RoleInfo.java:shutdownFollowerState(121)) - 6fbb6c8f-68ec-4eec-acdd-5276ddf30de1: shutdown FollowerState
2019-08-27 21:52:06,775 [Thread-762] INFO  impl.RaftServerImpl (RaftServerImpl.java:setRole(171)) - 6fbb6c8f-68ec-4eec-acdd-5276ddf30de1:group-7320CB8F9FF5 changes role from FOLLOWER to CANDIDATE at term 0 for changeToCandidate
2019-08-27 21:52:06,775 [Thread-762] INFO  impl.RoleInfo (RoleInfo.java:updateAndGet(143)) - 6fbb6c8f-68ec-4eec-acdd-5276ddf30de1: start LeaderElection
2019-08-27 21:52:06,787 | INFO  | SCMAudit | user=jenkins1000 | ip=192.168.69.113 | op=SEND_HEARTBEAT {datanodeUUID=676885e1-3491-47d8-84ec-d928b9cef1c5, command=[]} | ret=SUCCESS |  
2019-08-27 21:52:06,787 [803e2962-4b43-470b-a1eb-8fa95db682ee-SegmentedRaftLogWorker:Storage Directory /workdir/hadoop-ozone/integration-test/target/test-dir/MiniOzoneClusterImpl-0c6efe5f-9e3c-49a3-bcef-d31200f6a240/datanode-2/data/ratis/6de7fb5e-7a65-4172-849d-618646fde4e2] INFO  segmented.SegmentedRaftLogWorker (SegmentedRaftLogWorker.java:execute(569)) - 803e2962-4b43-470b-a1eb-8fa95db682ee-SegmentedRaftLogWorker:Storage Directory /workdir/hadoop-ozone/integration-test/target/test-dir/MiniOzoneClusterImpl-0c6efe5f-9e3c-49a3-bcef-d31200f6a240/datanode-2/data/ratis/6de7fb5e-7a65-4172-849d-618646fde4e2: created new log segment /workdir/hadoop-ozone/integration-test/target/test-dir/MiniOzoneClusterImpl-0c6efe5f-9e3c-49a3-bcef-d31200f6a240/datanode-2/data/ratis/6de7fb5e-7a65-4172-849d-618646fde4e2/current/log_inprogress_0
2019-08-27 21:52:06,790 [6fbb6c8f-68ec-4eec-acdd-5276ddf30de1:group-7320CB8F9FF5:LeaderElection19] INFO  impl.LeaderElection (LeaderElection.java:askForVotes(181)) - 6fbb6c8f-68ec-4eec-acdd-5276ddf30de1:group-7320CB8F9FF5:LeaderElection19: begin an election at term 1 for -1: [803e2962-4b43-470b-a1eb-8fa95db682ee:192.168.69.113:42940, 6da4aad8-a4f6-4be0-a3fe-0ce626d82d81:192.168.69.113:42674, 6fbb6c8f-68ec-4eec-acdd-5276ddf30de1:192.168.69.113:36253], old=null
2019-08-27 21:52:06,796 [grpc-default-executor-1] INFO  impl.RaftServerImpl (RaftServerImpl.java:setRole(171)) - 803e2962-4b43-470b-a1eb-8fa95db682ee:group-7320CB8F9FF5 changes role from FOLLOWER to FOLLOWER at term 1 for recognizeCandidate:6fbb6c8f-68ec-4eec-acdd-5276ddf30de1
2019-08-27 21:52:06,797 [grpc-default-executor-1] INFO  impl.RoleInfo (RoleInfo.java:shutdownFollowerState(121)) - 803e2962-4b43-470b-a1eb-8fa95db682ee: shutdown FollowerState
2019-08-27 21:52:06,797 [grpc-default-executor-5] INFO  impl.RaftServerImpl (RaftServerImpl.java:setRole(171)) - 6da4aad8-a4f6-4be0-a3fe-0ce626d82d81:group-7320CB8F9FF5 changes role from FOLLOWER to FOLLOWER at term 1 for recognizeCandidate:6fbb6c8f-68ec-4eec-acdd-5276ddf30de1
2019-08-27 21:52:06,797 [Thread-758] INFO  impl.FollowerState (FollowerState.java:run(114)) - 803e2962-4b43-470b-a1eb-8fa95db682ee: FollowerState was interrupted: java.lang.InterruptedException: sleep interrupted
2019-08-27 21:52:06,797 [grpc-default-executor-1] INFO  impl.RoleInfo (RoleInfo.java:updateAndGet(143)) - 803e2962-4b43-470b-a1eb-8fa95db682ee: start FollowerState
2019-08-27 21:52:06,797 [grpc-default-executor-5] INFO  impl.RoleInfo (RoleInfo.java:shutdownFollowerState(121)) - 6da4aad8-a4f6-4be0-a3fe-0ce626d82d81: shutdown FollowerState
2019-08-27 21:52:06,800 [grpc-default-executor-5] INFO  impl.RoleInfo (RoleInfo.java:updateAndGet(143)) - 6da4aad8-a4f6-4be0-a3fe-0ce626d82d81: start FollowerState
2019-08-27 21:52:06,800 [Thread-763] INFO  impl.FollowerState (FollowerState.java:run(114)) - 6da4aad8-a4f6-4be0-a3fe-0ce626d82d81: FollowerState was interrupted: java.lang.InterruptedException: sleep interrupted
2019-08-27 21:52:06,812 [6fbb6c8f-68ec-4eec-acdd-5276ddf30de1:group-7320CB8F9FF5:LeaderElection19] INFO  impl.LeaderElection (LeaderElection.java:logAndReturn(56)) - 6fbb6c8f-68ec-4eec-acdd-5276ddf30de1:group-7320CB8F9FF5:LeaderElection19: Election PASSED; received 1 response(s) [6fbb6c8f-68ec-4eec-acdd-5276ddf30de1<-6da4aad8-a4f6-4be0-a3fe-0ce626d82d81#0:OK-t1] and 0 exception(s); 6fbb6c8f-68ec-4eec-acdd-5276ddf30de1:t1, leader=null, voted=6fbb6c8f-68ec-4eec-acdd-5276ddf30de1, raftlog=6fbb6c8f-68ec-4eec-acdd-5276ddf30de1-SegmentedRaftLog:OPENED:c-1,f-1,i0, conf=-1: [803e2962-4b43-470b-a1eb-8fa95db682ee:192.168.69.113:42940, 6da4aad8-a4f6-4be0-a3fe-0ce626d82d81:192.168.69.113:42674, 6fbb6c8f-68ec-4eec-acdd-5276ddf30de1:192.168.69.113:36253], old=null
2019-08-27 21:52:06,812 [6fbb6c8f-68ec-4eec-acdd-5276ddf30de1:group-7320CB8F9FF5:LeaderElection19] INFO  impl.RoleInfo (RoleInfo.java:shutdownLeaderElection(134)) - 6fbb6c8f-68ec-4eec-acdd-5276ddf30de1: shutdown LeaderElection
2019-08-27 21:52:06,812 [6fbb6c8f-68ec-4eec-acdd-5276ddf30de1:group-7320CB8F9FF5:LeaderElection19] INFO  impl.RaftServerImpl (RaftServerImpl.java:setRole(171)) - 6fbb6c8f-68ec-4eec-acdd-5276ddf30de1:group-7320CB8F9FF5 changes role from CANDIDATE to LEADER at term 1 for changeToLeader
2019-08-27 21:52:06,812 [6fbb6c8f-68ec-4eec-acdd-5276ddf30de1:group-7320CB8F9FF5:LeaderElection19] INFO  impl.RaftServerImpl (ServerState.java:setLeader(263)) - 6fbb6c8f-68ec-4eec-acdd-5276ddf30de1:group-7320CB8F9FF5 change Leader from null to 6fbb6c8f-68ec-4eec-acdd-5276ddf30de1 at term 1 for becomeLeader, leader elected after 5138ms
2019-08-27 21:52:06,812 [6fbb6c8f-68ec-4eec-acdd-5276ddf30de1:group-7320CB8F9FF5:LeaderElection19] INFO  server.RaftServerConfigKeys (ConfUtils.java:logGet(43)) - raft.server.staging.catchup.gap = 1000 (default)
2019-08-27 21:52:06,813 [6fbb6c8f-68ec-4eec-acdd-5276ddf30de1:group-7320CB8F9FF5:LeaderElection19] INFO  server.RaftServerConfigKeys (ConfUtils.java:logGet(43)) - raft.server.rpc.sleep.time = 25ms (default)
2019-08-27 21:52:06,813 [6fbb6c8f-68ec-4eec-acdd-5276ddf30de1:group-7320CB8F9FF5:LeaderElection19] INFO  server.RaftServerConfigKeys (ConfUtils.java:logGet(43)) - raft.server.write.element-limit = 4096 (default)
2019-08-27 21:52:06,813 [6fbb6c8f-68ec-4eec-acdd-5276ddf30de1:group-7320CB8F9FF5:LeaderElection19] INFO  server.RaftServerConfigKeys (ConfUtils.java:logGet(43)) - raft.server.watch.timeout = 10s (default)
2019-08-27 21:52:06,813 [6fbb6c8f-68ec-4eec-acdd-5276ddf30de1:group-7320CB8F9FF5:LeaderElection19] INFO  server.RaftServerConfigKeys (ConfUtils.java:logGet(43)) - raft.server.watch.timeout.denomination = 1s (default)
2019-08-27 21:52:06,813 [6fbb6c8f-68ec-4eec-acdd-5276ddf30de1:group-7320CB8F9FF5:LeaderElection19] INFO  server.RaftServerConfigKeys (ConfUtils.java:logGet(43)) - raft.server.watch.element-limit = 65536 (default)
2019-08-27 21:52:06,813 [6fbb6c8f-68ec-4eec-acdd-5276ddf30de1:group-7320CB8F9FF5:LeaderElection19] INFO  server.RaftServerConfigKeys (ConfUtils.java:logGet(43)) - raft.server.log.appender.snapshot.chunk.size.max = 16MB (=16777216) (default)
2019-08-27 21:52:06,814 [6fbb6c8f-68ec-4eec-acdd-5276ddf30de1:group-7320CB8F9FF5:LeaderElection19] INFO  server.RaftServerConfigKeys (ConfUtils.java:logGet(43)) - raft.server.log.appender.buffer.byte-limit = 33554432 (custom)
2019-08-27 21:52:06,814 [6fbb6c8f-68ec-4eec-acdd-5276ddf30de1:group-7320CB8F9FF5:LeaderElection19] INFO  server.RaftServerConfigKeys (ConfUtils.java:logGet(43)) - raft.server.log.appender.buffer.element-limit = 1 (custom)
2019-08-27 21:52:06,814 [6fbb6c8f-68ec-4eec-acdd-5276ddf30de1:group-7320CB8F9FF5:LeaderElection19] INFO  grpc.GrpcConfigKeys$Server (ConfUtils.java:logGet(43)) - raft.grpc.server.leader.outstanding.appends.max = 128 (default)
2019-08-27 21:52:06,815 [6fbb6c8f-68ec-4eec-acdd-5276ddf30de1:group-7320CB8F9FF5:LeaderElection19] INFO  server.RaftServerConfigKeys (ConfUtils.java:logGet(43)) - raft.server.rpc.request.timeout = 3000ms (default)
2019-08-27 21:52:06,815 [6fbb6c8f-68ec-4eec-acdd-5276ddf30de1:group-7320CB8F9FF5:LeaderElection19] INFO  server.RaftServerConfigKeys (ConfUtils.java:logGet(43)) - raft.server.log.appender.install.snapshot.enabled = false (custom)
2019-08-27 21:52:06,815 [6fbb6c8f-68ec-4eec-acdd-5276ddf30de1:group-7320CB8F9FF5:LeaderElection19] INFO  server.RaftServerConfigKeys (ConfUtils.java:logGet(43)) - raft.server.log.appender.snapshot.chunk.size.max = 16MB (=16777216) (default)
2019-08-27 21:52:06,815 [6fbb6c8f-68ec-4eec-acdd-5276ddf30de1:group-7320CB8F9FF5:LeaderElection19] INFO  server.RaftServerConfigKeys (ConfUtils.java:logGet(43)) - raft.server.log.appender.buffer.byte-limit = 33554432 (custom)
2019-08-27 21:52:06,816 [6fbb6c8f-68ec-4eec-acdd-5276ddf30de1:group-7320CB8F9FF5:LeaderElection19] INFO  server.RaftServerConfigKeys (ConfUtils.java:logGet(43)) - raft.server.log.appender.buffer.element-limit = 1 (custom)
2019-08-27 21:52:06,816 [6fbb6c8f-68ec-4eec-acdd-5276ddf30de1:group-7320CB8F9FF5:LeaderElection19] INFO  grpc.GrpcConfigKeys$Server (ConfUtils.java:logGet(43)) - raft.grpc.server.leader.outstanding.appends.max = 128 (default)
2019-08-27 21:52:06,816 [6fbb6c8f-68ec-4eec-acdd-5276ddf30de1:group-7320CB8F9FF5:LeaderElection19] INFO  server.RaftServerConfigKeys (ConfUtils.java:logGet(43)) - raft.server.rpc.request.timeout = 3000ms (default)
2019-08-27 21:52:06,816 [6fbb6c8f-68ec-4eec-acdd-5276ddf30de1:group-7320CB8F9FF5:LeaderElection19] INFO  server.RaftServerConfigKeys (ConfUtils.java:logGet(43)) - raft.server.log.appender.install.snapshot.enabled = false (custom)
2019-08-27 21:52:06,817 [6fbb6c8f-68ec-4eec-acdd-5276ddf30de1:group-7320CB8F9FF5:LeaderElection19] INFO  impl.RoleInfo (RoleInfo.java:updateAndGet(143)) - 6fbb6c8f-68ec-4eec-acdd-5276ddf30de1: start LeaderState
2019-08-27 21:52:06,817 [6fbb6c8f-68ec-4eec-acdd-5276ddf30de1:group-7320CB8F9FF5:LeaderElection19] INFO  segmented.SegmentedRaftLogWorker (SegmentedRaftLogWorker.java:startLogSegment(380)) - 6fbb6c8f-68ec-4eec-acdd-5276ddf30de1-SegmentedRaftLogWorker:Storage Directory /workdir/hadoop-ozone/integration-test/target/test-dir/MiniOzoneClusterImpl-0c6efe5f-9e3c-49a3-bcef-d31200f6a240/datanode-1/data/ratis/1e50b401-368a-4911-9917-7320cb8f9ff5: Starting segment from index:0
2019-08-27 21:52:06,857 [6fbb6c8f-68ec-4eec-acdd-5276ddf30de1:group-7320CB8F9FF5:LeaderElection19] INFO  impl.RaftServerImpl (ServerState.java:setRaftConf(361)) - 6fbb6c8f-68ec-4eec-acdd-5276ddf30de1:group-7320CB8F9FF5 set configuration 0: [803e2962-4b43-470b-a1eb-8fa95db682ee:192.168.69.113:42940, 6da4aad8-a4f6-4be0-a3fe-0ce626d82d81:192.168.69.113:42674, 6fbb6c8f-68ec-4eec-acdd-5276ddf30de1:192.168.69.113:36253], old=null at 0
2019-08-27 21:52:06,860 | INFO  | SCMAudit | user=jenkins1000 | ip=192.168.69.113 | op=SEND_HEARTBEAT {datanodeUUID=7ad9a523-ea61-4de8-b564-9ed7c6de1fd1, command=[]} | ret=SUCCESS |  
2019-08-27 21:52:06,862 [grpc-default-executor-5] INFO  impl.RaftServerImpl (ServerState.java:setLeader(263)) - 803e2962-4b43-470b-a1eb-8fa95db682ee:group-7320CB8F9FF5 change Leader from null to 6fbb6c8f-68ec-4eec-acdd-5276ddf30de1 at term 1 for appendEntries, leader elected after 5188ms
2019-08-27 21:52:06,865 [grpc-default-executor-1] INFO  impl.RaftServerImpl (ServerState.java:setLeader(263)) - 6da4aad8-a4f6-4be0-a3fe-0ce626d82d81:group-7320CB8F9FF5 change Leader from null to 6fbb6c8f-68ec-4eec-acdd-5276ddf30de1 at term 1 for appendEntries, leader elected after 5191ms
2019-08-27 21:52:06,868 [6fbb6c8f-68ec-4eec-acdd-5276ddf30de1-SegmentedRaftLogWorker:Storage Directory /workdir/hadoop-ozone/integration-test/target/test-dir/MiniOzoneClusterImpl-0c6efe5f-9e3c-49a3-bcef-d31200f6a240/datanode-1/data/ratis/1e50b401-368a-4911-9917-7320cb8f9ff5] INFO  segmented.SegmentedRaftLogWorker (SegmentedRaftLogWorker.java:execute(569)) - 6fbb6c8f-68ec-4eec-acdd-5276ddf30de1-SegmentedRaftLogWorker:Storage Directory /workdir/hadoop-ozone/integration-test/target/test-dir/MiniOzoneClusterImpl-0c6efe5f-9e3c-49a3-bcef-d31200f6a240/datanode-1/data/ratis/1e50b401-368a-4911-9917-7320cb8f9ff5: created new log segment /workdir/hadoop-ozone/integration-test/target/test-dir/MiniOzoneClusterImpl-0c6efe5f-9e3c-49a3-bcef-d31200f6a240/datanode-1/data/ratis/1e50b401-368a-4911-9917-7320cb8f9ff5/current/log_inprogress_0
2019-08-27 21:52:06,868 [grpc-default-executor-1] INFO  impl.RaftServerImpl (ServerState.java:setRaftConf(361)) - 803e2962-4b43-470b-a1eb-8fa95db682ee:group-7320CB8F9FF5 set configuration 0: [803e2962-4b43-470b-a1eb-8fa95db682ee:192.168.69.113:42940, 6da4aad8-a4f6-4be0-a3fe-0ce626d82d81:192.168.69.113:42674, 6fbb6c8f-68ec-4eec-acdd-5276ddf30de1:192.168.69.113:36253], old=null at 0
2019-08-27 21:52:06,869 [grpc-default-executor-1] INFO  segmented.SegmentedRaftLogWorker (SegmentedRaftLogWorker.java:startLogSegment(380)) - 803e2962-4b43-470b-a1eb-8fa95db682ee-SegmentedRaftLogWorker:Storage Directory /workdir/hadoop-ozone/integration-test/target/test-dir/MiniOzoneClusterImpl-0c6efe5f-9e3c-49a3-bcef-d31200f6a240/datanode-2/data/ratis/1e50b401-368a-4911-9917-7320cb8f9ff5: Starting segment from index:0
2019-08-27 21:52:06,869 [grpc-default-executor-5] INFO  impl.RaftServerImpl (ServerState.java:setRaftConf(361)) - 6da4aad8-a4f6-4be0-a3fe-0ce626d82d81:group-7320CB8F9FF5 set configuration 0: [803e2962-4b43-470b-a1eb-8fa95db682ee:192.168.69.113:42940, 6da4aad8-a4f6-4be0-a3fe-0ce626d82d81:192.168.69.113:42674, 6fbb6c8f-68ec-4eec-acdd-5276ddf30de1:192.168.69.113:36253], old=null at 0
2019-08-27 21:52:06,870 [grpc-default-executor-5] INFO  segmented.SegmentedRaftLogWorker (SegmentedRaftLogWorker.java:startLogSegment(380)) - 6da4aad8-a4f6-4be0-a3fe-0ce626d82d81-SegmentedRaftLogWorker:Storage Directory /workdir/hadoop-ozone/integration-test/target/test-dir/MiniOzoneClusterImpl-0c6efe5f-9e3c-49a3-bcef-d31200f6a240/datanode-0/data/ratis/1e50b401-368a-4911-9917-7320cb8f9ff5: Starting segment from index:0
2019-08-27 21:52:06,909 [6da4aad8-a4f6-4be0-a3fe-0ce626d82d81-SegmentedRaftLogWorker:Storage Directory /workdir/hadoop-ozone/integration-test/target/test-dir/MiniOzoneClusterImpl-0c6efe5f-9e3c-49a3-bcef-d31200f6a240/datanode-0/data/ratis/1e50b401-368a-4911-9917-7320cb8f9ff5] INFO  segmented.SegmentedRaftLogWorker (SegmentedRaftLogWorker.java:execute(569)) - 6da4aad8-a4f6-4be0-a3fe-0ce626d82d81-SegmentedRaftLogWorker:Storage Directory /workdir/hadoop-ozone/integration-test/target/test-dir/MiniOzoneClusterImpl-0c6efe5f-9e3c-49a3-bcef-d31200f6a240/datanode-0/data/ratis/1e50b401-368a-4911-9917-7320cb8f9ff5: created new log segment /workdir/hadoop-ozone/integration-test/target/test-dir/MiniOzoneClusterImpl-0c6efe5f-9e3c-49a3-bcef-d31200f6a240/datanode-0/data/ratis/1e50b401-368a-4911-9917-7320cb8f9ff5/current/log_inprogress_0
2019-08-27 21:52:06,909 [803e2962-4b43-470b-a1eb-8fa95db682ee-SegmentedRaftLogWorker:Storage Directory /workdir/hadoop-ozone/integration-test/target/test-dir/MiniOzoneClusterImpl-0c6efe5f-9e3c-49a3-bcef-d31200f6a240/datanode-2/data/ratis/1e50b401-368a-4911-9917-7320cb8f9ff5] INFO  segmented.SegmentedRaftLogWorker (SegmentedRaftLogWorker.java:execute(569)) - 803e2962-4b43-470b-a1eb-8fa95db682ee-SegmentedRaftLogWorker:Storage Directory /workdir/hadoop-ozone/integration-test/target/test-dir/MiniOzoneClusterImpl-0c6efe5f-9e3c-49a3-bcef-d31200f6a240/datanode-2/data/ratis/1e50b401-368a-4911-9917-7320cb8f9ff5: created new log segment /workdir/hadoop-ozone/integration-test/target/test-dir/MiniOzoneClusterImpl-0c6efe5f-9e3c-49a3-bcef-d31200f6a240/datanode-2/data/ratis/1e50b401-368a-4911-9917-7320cb8f9ff5/current/log_inprogress_0
2019-08-27 21:52:06,922 [grpc-default-executor-5] INFO  client.GrpcClientProtocolClient (GrpcClientProtocolClient.java:onNext(255)) - client-9C14CD88FCAE->7ad9a523-ea61-4de8-b564-9ed7c6de1fd1: receive RaftClientReply:client-9C14CD88FCAE->7ad9a523-ea61-4de8-b564-9ed7c6de1fd1@group-92F312A34A51, cid=42, FAILED org.apache.ratis.protocol.NotLeaderException: Server 7ad9a523-ea61-4de8-b564-9ed7c6de1fd1 is not the leader (null). Request must be sent to leader., logIndex=0, commits[7ad9a523-ea61-4de8-b564-9ed7c6de1fd1:c-1]
2019-08-27 21:52:07,047 [Thread-767] INFO  impl.FollowerState (FollowerState.java:run(106)) - 7ad9a523-ea61-4de8-b564-9ed7c6de1fd1:group-C8BA09E12EE7 changes to CANDIDATE, lastRpcTime:5170, electionTimeout:5170ms
2019-08-27 21:52:07,048 [Thread-767] INFO  impl.RoleInfo (RoleInfo.java:shutdownFollowerState(121)) - 7ad9a523-ea61-4de8-b564-9ed7c6de1fd1: shutdown FollowerState
2019-08-27 21:52:07,048 [Thread-767] INFO  impl.RaftServerImpl (RaftServerImpl.java:setRole(171)) - 7ad9a523-ea61-4de8-b564-9ed7c6de1fd1:group-C8BA09E12EE7 changes role from FOLLOWER to CANDIDATE at term 0 for changeToCandidate
2019-08-27 21:52:07,048 [Thread-767] INFO  impl.RoleInfo (RoleInfo.java:updateAndGet(143)) - 7ad9a523-ea61-4de8-b564-9ed7c6de1fd1: start LeaderElection
2019-08-27 21:52:07,067 [7ad9a523-ea61-4de8-b564-9ed7c6de1fd1:group-C8BA09E12EE7:LeaderElection20] INFO  impl.LeaderElection (LeaderElection.java:askForVotes(181)) - 7ad9a523-ea61-4de8-b564-9ed7c6de1fd1:group-C8BA09E12EE7:LeaderElection20: begin an election at term 1 for -1: [7ad9a523-ea61-4de8-b564-9ed7c6de1fd1:192.168.69.113:33912], old=null
2019-08-27 21:52:07,067 [7ad9a523-ea61-4de8-b564-9ed7c6de1fd1:group-C8BA09E12EE7:LeaderElection20] INFO  impl.RoleInfo (RoleInfo.java:shutdownLeaderElection(134)) - 7ad9a523-ea61-4de8-b564-9ed7c6de1fd1: shutdown LeaderElection
2019-08-27 21:52:07,067 [7ad9a523-ea61-4de8-b564-9ed7c6de1fd1:group-C8BA09E12EE7:LeaderElection20] INFO  impl.RaftServerImpl (RaftServerImpl.java:setRole(171)) - 7ad9a523-ea61-4de8-b564-9ed7c6de1fd1:group-C8BA09E12EE7 changes role from CANDIDATE to LEADER at term 1 for changeToLeader
2019-08-27 21:52:07,067 [7ad9a523-ea61-4de8-b564-9ed7c6de1fd1:group-C8BA09E12EE7:LeaderElection20] INFO  impl.RaftServerImpl (ServerState.java:setLeader(263)) - 7ad9a523-ea61-4de8-b564-9ed7c6de1fd1:group-C8BA09E12EE7 change Leader from null to 7ad9a523-ea61-4de8-b564-9ed7c6de1fd1 at term 1 for becomeLeader, leader elected after 5193ms
2019-08-27 21:52:07,070 [7ad9a523-ea61-4de8-b564-9ed7c6de1fd1:group-C8BA09E12EE7:LeaderElection20] INFO  server.RaftServerConfigKeys (ConfUtils.java:logGet(43)) - raft.server.staging.catchup.gap = 1000 (default)
2019-08-27 21:52:07,070 [7ad9a523-ea61-4de8-b564-9ed7c6de1fd1:group-C8BA09E12EE7:LeaderElection20] INFO  server.RaftServerConfigKeys (ConfUtils.java:logGet(43)) - raft.server.rpc.sleep.time = 25ms (default)
2019-08-27 21:52:07,070 [7ad9a523-ea61-4de8-b564-9ed7c6de1fd1:group-C8BA09E12EE7:LeaderElection20] INFO  server.RaftServerConfigKeys (ConfUtils.java:logGet(43)) - raft.server.write.element-limit = 4096 (default)
2019-08-27 21:52:07,071 [7ad9a523-ea61-4de8-b564-9ed7c6de1fd1:group-C8BA09E12EE7:LeaderElection20] INFO  server.RaftServerConfigKeys (ConfUtils.java:logGet(43)) - raft.server.watch.timeout = 10s (default)
2019-08-27 21:52:07,071 [7ad9a523-ea61-4de8-b564-9ed7c6de1fd1:group-C8BA09E12EE7:LeaderElection20] INFO  server.RaftServerConfigKeys (ConfUtils.java:logGet(43)) - raft.server.watch.timeout.denomination = 1s (default)
2019-08-27 21:52:07,071 [7ad9a523-ea61-4de8-b564-9ed7c6de1fd1:group-C8BA09E12EE7:LeaderElection20] INFO  server.RaftServerConfigKeys (ConfUtils.java:logGet(43)) - raft.server.watch.element-limit = 65536 (default)
2019-08-27 21:52:07,071 [7ad9a523-ea61-4de8-b564-9ed7c6de1fd1:group-C8BA09E12EE7:LeaderElection20] INFO  impl.RoleInfo (RoleInfo.java:updateAndGet(143)) - 7ad9a523-ea61-4de8-b564-9ed7c6de1fd1: start LeaderState
2019-08-27 21:52:07,072 [7ad9a523-ea61-4de8-b564-9ed7c6de1fd1:group-C8BA09E12EE7:LeaderElection20] INFO  segmented.SegmentedRaftLogWorker (SegmentedRaftLogWorker.java:startLogSegment(380)) - 7ad9a523-ea61-4de8-b564-9ed7c6de1fd1-SegmentedRaftLogWorker:Storage Directory /workdir/hadoop-ozone/integration-test/target/test-dir/MiniOzoneClusterImpl-0c6efe5f-9e3c-49a3-bcef-d31200f6a240/datanode-3/data/ratis/3d515661-2ec4-4b44-9f87-c8ba09e12ee7: Starting segment from index:0
2019-08-27 21:52:07,072 [7ad9a523-ea61-4de8-b564-9ed7c6de1fd1:group-C8BA09E12EE7:LeaderElection20] INFO  impl.RaftServerImpl (ServerState.java:setRaftConf(361)) - 7ad9a523-ea61-4de8-b564-9ed7c6de1fd1:group-C8BA09E12EE7 set configuration 0: [7ad9a523-ea61-4de8-b564-9ed7c6de1fd1:192.168.69.113:33912], old=null at 0
2019-08-27 21:52:07,127 [7ad9a523-ea61-4de8-b564-9ed7c6de1fd1-SegmentedRaftLogWorker:Storage Directory /workdir/hadoop-ozone/integration-test/target/test-dir/MiniOzoneClusterImpl-0c6efe5f-9e3c-49a3-bcef-d31200f6a240/datanode-3/data/ratis/3d515661-2ec4-4b44-9f87-c8ba09e12ee7] INFO  segmented.SegmentedRaftLogWorker (SegmentedRaftLogWorker.java:execute(569)) - 7ad9a523-ea61-4de8-b564-9ed7c6de1fd1-SegmentedRaftLogWorker:Storage Directory /workdir/hadoop-ozone/integration-test/target/test-dir/MiniOzoneClusterImpl-0c6efe5f-9e3c-49a3-bcef-d31200f6a240/datanode-3/data/ratis/3d515661-2ec4-4b44-9f87-c8ba09e12ee7: created new log segment /workdir/hadoop-ozone/integration-test/target/test-dir/MiniOzoneClusterImpl-0c6efe5f-9e3c-49a3-bcef-d31200f6a240/datanode-3/data/ratis/3d515661-2ec4-4b44-9f87-c8ba09e12ee7/current/log_inprogress_0
2019-08-27 21:52:07,142 | INFO  | SCMAudit | user=jenkins1000 | ip=192.168.69.113 | op=SEND_HEARTBEAT {datanodeUUID=6da4aad8-a4f6-4be0-a3fe-0ce626d82d81, command=[]} | ret=SUCCESS |  
2019-08-27 21:52:07,304 | INFO  | SCMAudit | user=jenkins1000 | ip=192.168.69.113 | op=SEND_HEARTBEAT {datanodeUUID=ff101aed-a6b7-4de5-96bc-8545c1bca62b, command=[]} | ret=SUCCESS |  
2019-08-27 21:52:07,360 | INFO  | SCMAudit | user=jenkins1000 | ip=192.168.69.113 | op=SEND_HEARTBEAT {datanodeUUID=6fbb6c8f-68ec-4eec-acdd-5276ddf30de1, command=[]} | ret=SUCCESS |  
2019-08-27 21:52:07,362 [Thread-770] INFO  impl.FollowerState (FollowerState.java:run(106)) - ff101aed-a6b7-4de5-96bc-8545c1bca62b:group-85F14359FA09 changes to CANDIDATE, lastRpcTime:5010, electionTimeout:5010ms
2019-08-27 21:52:07,363 [Thread-770] INFO  impl.RoleInfo (RoleInfo.java:shutdownFollowerState(121)) - ff101aed-a6b7-4de5-96bc-8545c1bca62b: shutdown FollowerState
2019-08-27 21:52:07,363 [Thread-770] INFO  impl.RaftServerImpl (RaftServerImpl.java:setRole(171)) - ff101aed-a6b7-4de5-96bc-8545c1bca62b:group-85F14359FA09 changes role from FOLLOWER to CANDIDATE at term 0 for changeToCandidate
2019-08-27 21:52:07,363 [Thread-770] INFO  impl.RoleInfo (RoleInfo.java:updateAndGet(143)) - ff101aed-a6b7-4de5-96bc-8545c1bca62b: start LeaderElection
2019-08-27 21:52:07,387 [ff101aed-a6b7-4de5-96bc-8545c1bca62b:group-85F14359FA09:LeaderElection21] INFO  impl.LeaderElection (LeaderElection.java:askForVotes(181)) - ff101aed-a6b7-4de5-96bc-8545c1bca62b:group-85F14359FA09:LeaderElection21: begin an election at term 1 for -1: [ff101aed-a6b7-4de5-96bc-8545c1bca62b:192.168.69.113:37617], old=null
2019-08-27 21:52:07,388 [ff101aed-a6b7-4de5-96bc-8545c1bca62b:group-85F14359FA09:LeaderElection21] INFO  impl.RoleInfo (RoleInfo.java:shutdownLeaderElection(134)) - ff101aed-a6b7-4de5-96bc-8545c1bca62b: shutdown LeaderElection
2019-08-27 21:52:07,388 [ff101aed-a6b7-4de5-96bc-8545c1bca62b:group-85F14359FA09:LeaderElection21] INFO  impl.RaftServerImpl (RaftServerImpl.java:setRole(171)) - ff101aed-a6b7-4de5-96bc-8545c1bca62b:group-85F14359FA09 changes role from CANDIDATE to LEADER at term 1 for changeToLeader
2019-08-27 21:52:07,388 [ff101aed-a6b7-4de5-96bc-8545c1bca62b:group-85F14359FA09:LeaderElection21] INFO  impl.RaftServerImpl (ServerState.java:setLeader(263)) - ff101aed-a6b7-4de5-96bc-8545c1bca62b:group-85F14359FA09 change Leader from null to ff101aed-a6b7-4de5-96bc-8545c1bca62b at term 1 for becomeLeader, leader elected after 5041ms
2019-08-27 21:52:07,391 [ff101aed-a6b7-4de5-96bc-8545c1bca62b:group-85F14359FA09:LeaderElection21] INFO  server.RaftServerConfigKeys (ConfUtils.java:logGet(43)) - raft.server.staging.catchup.gap = 1000 (default)
2019-08-27 21:52:07,391 [ff101aed-a6b7-4de5-96bc-8545c1bca62b:group-85F14359FA09:LeaderElection21] INFO  server.RaftServerConfigKeys (ConfUtils.java:logGet(43)) - raft.server.rpc.sleep.time = 25ms (default)
2019-08-27 21:52:07,391 [ff101aed-a6b7-4de5-96bc-8545c1bca62b:group-85F14359FA09:LeaderElection21] INFO  server.RaftServerConfigKeys (ConfUtils.java:logGet(43)) - raft.server.write.element-limit = 4096 (default)
2019-08-27 21:52:07,391 [ff101aed-a6b7-4de5-96bc-8545c1bca62b:group-85F14359FA09:LeaderElection21] INFO  server.RaftServerConfigKeys (ConfUtils.java:logGet(43)) - raft.server.watch.timeout = 10s (default)
2019-08-27 21:52:07,392 [ff101aed-a6b7-4de5-96bc-8545c1bca62b:group-85F14359FA09:LeaderElection21] INFO  server.RaftServerConfigKeys (ConfUtils.java:logGet(43)) - raft.server.watch.timeout.denomination = 1s (default)
2019-08-27 21:52:07,392 [ff101aed-a6b7-4de5-96bc-8545c1bca62b:group-85F14359FA09:LeaderElection21] INFO  server.RaftServerConfigKeys (ConfUtils.java:logGet(43)) - raft.server.watch.element-limit = 65536 (default)
2019-08-27 21:52:07,392 [ff101aed-a6b7-4de5-96bc-8545c1bca62b:group-85F14359FA09:LeaderElection21] INFO  impl.RoleInfo (RoleInfo.java:updateAndGet(143)) - ff101aed-a6b7-4de5-96bc-8545c1bca62b: start LeaderState
2019-08-27 21:52:07,392 [ff101aed-a6b7-4de5-96bc-8545c1bca62b:group-85F14359FA09:LeaderElection21] INFO  segmented.SegmentedRaftLogWorker (SegmentedRaftLogWorker.java:startLogSegment(380)) - ff101aed-a6b7-4de5-96bc-8545c1bca62b-SegmentedRaftLogWorker:Storage Directory /workdir/hadoop-ozone/integration-test/target/test-dir/MiniOzoneClusterImpl-0c6efe5f-9e3c-49a3-bcef-d31200f6a240/datanode-4/data/ratis/8b88aa3b-82dc-4b8c-808b-85f14359fa09: Starting segment from index:0
2019-08-27 21:52:07,393 [ff101aed-a6b7-4de5-96bc-8545c1bca62b:group-85F14359FA09:LeaderElection21] INFO  impl.RaftServerImpl (ServerState.java:setRaftConf(361)) - ff101aed-a6b7-4de5-96bc-8545c1bca62b:group-85F14359FA09 set configuration 0: [ff101aed-a6b7-4de5-96bc-8545c1bca62b:192.168.69.113:37617], old=null at 0
2019-08-27 21:52:07,451 [ff101aed-a6b7-4de5-96bc-8545c1bca62b-SegmentedRaftLogWorker:Storage Directory /workdir/hadoop-ozone/integration-test/target/test-dir/MiniOzoneClusterImpl-0c6efe5f-9e3c-49a3-bcef-d31200f6a240/datanode-4/data/ratis/8b88aa3b-82dc-4b8c-808b-85f14359fa09] INFO  segmented.SegmentedRaftLogWorker (SegmentedRaftLogWorker.java:execute(569)) - ff101aed-a6b7-4de5-96bc-8545c1bca62b-SegmentedRaftLogWorker:Storage Directory /workdir/hadoop-ozone/integration-test/target/test-dir/MiniOzoneClusterImpl-0c6efe5f-9e3c-49a3-bcef-d31200f6a240/datanode-4/data/ratis/8b88aa3b-82dc-4b8c-808b-85f14359fa09: created new log segment /workdir/hadoop-ozone/integration-test/target/test-dir/MiniOzoneClusterImpl-0c6efe5f-9e3c-49a3-bcef-d31200f6a240/datanode-4/data/ratis/8b88aa3b-82dc-4b8c-808b-85f14359fa09/current/log_inprogress_0
2019-08-27 21:52:07,535 | INFO  | SCMAudit | user=jenkins1000 | ip=192.168.69.113 | op=SEND_HEARTBEAT {datanodeUUID=d16fede7-9c95-4edf-9c33-745cfaca74f6, command=[]} | ret=SUCCESS |  
2019-08-27 21:52:07,585 | INFO  | SCMAudit | user=jenkins1000 | ip=192.168.69.113 | op=SEND_HEARTBEAT {datanodeUUID=803e2962-4b43-470b-a1eb-8fa95db682ee, command=[]} | ret=SUCCESS |  
2019-08-27 21:52:07,599 [Thread-773] INFO  impl.FollowerState (FollowerState.java:run(106)) - d16fede7-9c95-4edf-9c33-745cfaca74f6:group-28EC5A582FAB changes to CANDIDATE, lastRpcTime:5009, electionTimeout:5009ms
2019-08-27 21:52:07,599 [Thread-773] INFO  impl.RoleInfo (RoleInfo.java:shutdownFollowerState(121)) - d16fede7-9c95-4edf-9c33-745cfaca74f6: shutdown FollowerState
2019-08-27 21:52:07,600 [Thread-773] INFO  impl.RaftServerImpl (RaftServerImpl.java:setRole(171)) - d16fede7-9c95-4edf-9c33-745cfaca74f6:group-28EC5A582FAB changes role from FOLLOWER to CANDIDATE at term 0 for changeToCandidate
2019-08-27 21:52:07,600 [Thread-773] INFO  impl.RoleInfo (RoleInfo.java:updateAndGet(143)) - d16fede7-9c95-4edf-9c33-745cfaca74f6: start LeaderElection
2019-08-27 21:52:07,620 [d16fede7-9c95-4edf-9c33-745cfaca74f6:group-28EC5A582FAB:LeaderElection22] INFO  impl.LeaderElection (LeaderElection.java:askForVotes(181)) - d16fede7-9c95-4edf-9c33-745cfaca74f6:group-28EC5A582FAB:LeaderElection22: begin an election at term 1 for -1: [d16fede7-9c95-4edf-9c33-745cfaca74f6:192.168.69.113:38146], old=null
2019-08-27 21:52:07,621 [d16fede7-9c95-4edf-9c33-745cfaca74f6:group-28EC5A582FAB:LeaderElection22] INFO  impl.RoleInfo (RoleInfo.java:shutdownLeaderElection(134)) - d16fede7-9c95-4edf-9c33-745cfaca74f6: shutdown LeaderElection
2019-08-27 21:52:07,621 [d16fede7-9c95-4edf-9c33-745cfaca74f6:group-28EC5A582FAB:LeaderElection22] INFO  impl.RaftServerImpl (RaftServerImpl.java:setRole(171)) - d16fede7-9c95-4edf-9c33-745cfaca74f6:group-28EC5A582FAB changes role from CANDIDATE to LEADER at term 1 for changeToLeader
2019-08-27 21:52:07,621 [d16fede7-9c95-4edf-9c33-745cfaca74f6:group-28EC5A582FAB:LeaderElection22] INFO  impl.RaftServerImpl (ServerState.java:setLeader(263)) - d16fede7-9c95-4edf-9c33-745cfaca74f6:group-28EC5A582FAB change Leader from null to d16fede7-9c95-4edf-9c33-745cfaca74f6 at term 1 for becomeLeader, leader elected after 5037ms
2019-08-27 21:52:07,625 [d16fede7-9c95-4edf-9c33-745cfaca74f6:group-28EC5A582FAB:LeaderElection22] INFO  server.RaftServerConfigKeys (ConfUtils.java:logGet(43)) - raft.server.staging.catchup.gap = 1000 (default)
2019-08-27 21:52:07,625 [d16fede7-9c95-4edf-9c33-745cfaca74f6:group-28EC5A582FAB:LeaderElection22] INFO  server.RaftServerConfigKeys (ConfUtils.java:logGet(43)) - raft.server.rpc.sleep.time = 25ms (default)
2019-08-27 21:52:07,625 [d16fede7-9c95-4edf-9c33-745cfaca74f6:group-28EC5A582FAB:LeaderElection22] INFO  server.RaftServerConfigKeys (ConfUtils.java:logGet(43)) - raft.server.write.element-limit = 4096 (default)
2019-08-27 21:52:07,625 [d16fede7-9c95-4edf-9c33-745cfaca74f6:group-28EC5A582FAB:LeaderElection22] INFO  server.RaftServerConfigKeys (ConfUtils.java:logGet(43)) - raft.server.watch.timeout = 10s (default)
2019-08-27 21:52:07,626 [d16fede7-9c95-4edf-9c33-745cfaca74f6:group-28EC5A582FAB:LeaderElection22] INFO  server.RaftServerConfigKeys (ConfUtils.java:logGet(43)) - raft.server.watch.timeout.denomination = 1s (default)
2019-08-27 21:52:07,626 [d16fede7-9c95-4edf-9c33-745cfaca74f6:group-28EC5A582FAB:LeaderElection22] INFO  server.RaftServerConfigKeys (ConfUtils.java:logGet(43)) - raft.server.watch.element-limit = 65536 (default)
2019-08-27 21:52:07,626 [d16fede7-9c95-4edf-9c33-745cfaca74f6:group-28EC5A582FAB:LeaderElection22] INFO  impl.RoleInfo (RoleInfo.java:updateAndGet(143)) - d16fede7-9c95-4edf-9c33-745cfaca74f6: start LeaderState
2019-08-27 21:52:07,626 [d16fede7-9c95-4edf-9c33-745cfaca74f6:group-28EC5A582FAB:LeaderElection22] INFO  segmented.SegmentedRaftLogWorker (SegmentedRaftLogWorker.java:startLogSegment(380)) - d16fede7-9c95-4edf-9c33-745cfaca74f6-SegmentedRaftLogWorker:Storage Directory /workdir/hadoop-ozone/integration-test/target/test-dir/MiniOzoneClusterImpl-0c6efe5f-9e3c-49a3-bcef-d31200f6a240/datanode-5/data/ratis/79d1310c-30fe-4671-b26a-28ec5a582fab: Starting segment from index:0
2019-08-27 21:52:07,627 [d16fede7-9c95-4edf-9c33-745cfaca74f6:group-28EC5A582FAB:LeaderElection22] INFO  impl.RaftServerImpl (ServerState.java:setRaftConf(361)) - d16fede7-9c95-4edf-9c33-745cfaca74f6:group-28EC5A582FAB set configuration 0: [d16fede7-9c95-4edf-9c33-745cfaca74f6:192.168.69.113:38146], old=null at 0
2019-08-27 21:52:07,672 [Thread-780] INFO  impl.FollowerState (FollowerState.java:run(106)) - d16fede7-9c95-4edf-9c33-745cfaca74f6:group-92F312A34A51 changes to CANDIDATE, lastRpcTime:5013, electionTimeout:5013ms
2019-08-27 21:52:07,672 [Thread-780] INFO  impl.RoleInfo (RoleInfo.java:shutdownFollowerState(121)) - d16fede7-9c95-4edf-9c33-745cfaca74f6: shutdown FollowerState
2019-08-27 21:52:07,673 [Thread-780] INFO  impl.RaftServerImpl (RaftServerImpl.java:setRole(171)) - d16fede7-9c95-4edf-9c33-745cfaca74f6:group-92F312A34A51 changes role from FOLLOWER to CANDIDATE at term 0 for changeToCandidate
2019-08-27 21:52:07,673 [Thread-780] INFO  impl.RoleInfo (RoleInfo.java:updateAndGet(143)) - d16fede7-9c95-4edf-9c33-745cfaca74f6: start LeaderElection
2019-08-27 21:52:07,677 [d16fede7-9c95-4edf-9c33-745cfaca74f6-SegmentedRaftLogWorker:Storage Directory /workdir/hadoop-ozone/integration-test/target/test-dir/MiniOzoneClusterImpl-0c6efe5f-9e3c-49a3-bcef-d31200f6a240/datanode-5/data/ratis/79d1310c-30fe-4671-b26a-28ec5a582fab] INFO  segmented.SegmentedRaftLogWorker (SegmentedRaftLogWorker.java:execute(569)) - d16fede7-9c95-4edf-9c33-745cfaca74f6-SegmentedRaftLogWorker:Storage Directory /workdir/hadoop-ozone/integration-test/target/test-dir/MiniOzoneClusterImpl-0c6efe5f-9e3c-49a3-bcef-d31200f6a240/datanode-5/data/ratis/79d1310c-30fe-4671-b26a-28ec5a582fab: created new log segment /workdir/hadoop-ozone/integration-test/target/test-dir/MiniOzoneClusterImpl-0c6efe5f-9e3c-49a3-bcef-d31200f6a240/datanode-5/data/ratis/79d1310c-30fe-4671-b26a-28ec5a582fab/current/log_inprogress_0
2019-08-27 21:52:07,693 [d16fede7-9c95-4edf-9c33-745cfaca74f6:group-92F312A34A51:LeaderElection23] INFO  impl.LeaderElection (LeaderElection.java:askForVotes(181)) - d16fede7-9c95-4edf-9c33-745cfaca74f6:group-92F312A34A51:LeaderElection23: begin an election at term 1 for -1: [d16fede7-9c95-4edf-9c33-745cfaca74f6:192.168.69.113:38146, ff101aed-a6b7-4de5-96bc-8545c1bca62b:192.168.69.113:37617, 7ad9a523-ea61-4de8-b564-9ed7c6de1fd1:192.168.69.113:33912], old=null
2019-08-27 21:52:07,700 [grpc-default-executor-1] INFO  impl.RaftServerImpl (RaftServerImpl.java:setRole(171)) - ff101aed-a6b7-4de5-96bc-8545c1bca62b:group-92F312A34A51 changes role from FOLLOWER to FOLLOWER at term 1 for recognizeCandidate:d16fede7-9c95-4edf-9c33-745cfaca74f6
2019-08-27 21:52:07,700 [grpc-default-executor-5] INFO  impl.RaftServerImpl (RaftServerImpl.java:setRole(171)) - 7ad9a523-ea61-4de8-b564-9ed7c6de1fd1:group-92F312A34A51 changes role from FOLLOWER to FOLLOWER at term 1 for recognizeCandidate:d16fede7-9c95-4edf-9c33-745cfaca74f6
2019-08-27 21:52:07,700 [grpc-default-executor-1] INFO  impl.RoleInfo (RoleInfo.java:shutdownFollowerState(121)) - ff101aed-a6b7-4de5-96bc-8545c1bca62b: shutdown FollowerState
2019-08-27 21:52:07,700 [grpc-default-executor-5] INFO  impl.RoleInfo (RoleInfo.java:shutdownFollowerState(121)) - 7ad9a523-ea61-4de8-b564-9ed7c6de1fd1: shutdown FollowerState
2019-08-27 21:52:07,700 [Thread-781] INFO  impl.FollowerState (FollowerState.java:run(114)) - ff101aed-a6b7-4de5-96bc-8545c1bca62b: FollowerState was interrupted: java.lang.InterruptedException: sleep interrupted
2019-08-27 21:52:07,700 [grpc-default-executor-1] INFO  impl.RoleInfo (RoleInfo.java:updateAndGet(143)) - ff101aed-a6b7-4de5-96bc-8545c1bca62b: start FollowerState
2019-08-27 21:52:07,701 [Thread-776] INFO  impl.FollowerState (FollowerState.java:run(114)) - 7ad9a523-ea61-4de8-b564-9ed7c6de1fd1: FollowerState was interrupted: java.lang.InterruptedException: sleep interrupted
2019-08-27 21:52:07,701 [grpc-default-executor-5] INFO  impl.RoleInfo (RoleInfo.java:updateAndGet(143)) - 7ad9a523-ea61-4de8-b564-9ed7c6de1fd1: start FollowerState
2019-08-27 21:52:07,712 [d16fede7-9c95-4edf-9c33-745cfaca74f6:group-92F312A34A51:LeaderElection23] INFO  impl.LeaderElection (LeaderElection.java:logAndReturn(56)) - d16fede7-9c95-4edf-9c33-745cfaca74f6:group-92F312A34A51:LeaderElection23: Election PASSED; received 1 response(s) [d16fede7-9c95-4edf-9c33-745cfaca74f6<-7ad9a523-ea61-4de8-b564-9ed7c6de1fd1#0:OK-t1] and 0 exception(s); d16fede7-9c95-4edf-9c33-745cfaca74f6:t1, leader=null, voted=d16fede7-9c95-4edf-9c33-745cfaca74f6, raftlog=d16fede7-9c95-4edf-9c33-745cfaca74f6-SegmentedRaftLog:OPENED:c-1,f-1,i0, conf=-1: [d16fede7-9c95-4edf-9c33-745cfaca74f6:192.168.69.113:38146, ff101aed-a6b7-4de5-96bc-8545c1bca62b:192.168.69.113:37617, 7ad9a523-ea61-4de8-b564-9ed7c6de1fd1:192.168.69.113:33912], old=null
2019-08-27 21:52:07,712 [d16fede7-9c95-4edf-9c33-745cfaca74f6:group-92F312A34A51:LeaderElection23] INFO  impl.RoleInfo (RoleInfo.java:shutdownLeaderElection(134)) - d16fede7-9c95-4edf-9c33-745cfaca74f6: shutdown LeaderElection
2019-08-27 21:52:07,712 [d16fede7-9c95-4edf-9c33-745cfaca74f6:group-92F312A34A51:LeaderElection23] INFO  impl.RaftServerImpl (RaftServerImpl.java:setRole(171)) - d16fede7-9c95-4edf-9c33-745cfaca74f6:group-92F312A34A51 changes role from CANDIDATE to LEADER at term 1 for changeToLeader
2019-08-27 21:52:07,712 [d16fede7-9c95-4edf-9c33-745cfaca74f6:group-92F312A34A51:LeaderElection23] INFO  impl.RaftServerImpl (ServerState.java:setLeader(263)) - d16fede7-9c95-4edf-9c33-745cfaca74f6:group-92F312A34A51 change Leader from null to d16fede7-9c95-4edf-9c33-745cfaca74f6 at term 1 for becomeLeader, leader elected after 5067ms
2019-08-27 21:52:07,713 [d16fede7-9c95-4edf-9c33-745cfaca74f6:group-92F312A34A51:LeaderElection23] INFO  server.RaftServerConfigKeys (ConfUtils.java:logGet(43)) - raft.server.staging.catchup.gap = 1000 (default)
2019-08-27 21:52:07,713 [d16fede7-9c95-4edf-9c33-745cfaca74f6:group-92F312A34A51:LeaderElection23] INFO  server.RaftServerConfigKeys (ConfUtils.java:logGet(43)) - raft.server.rpc.sleep.time = 25ms (default)
2019-08-27 21:52:07,713 [d16fede7-9c95-4edf-9c33-745cfaca74f6:group-92F312A34A51:LeaderElection23] INFO  server.RaftServerConfigKeys (ConfUtils.java:logGet(43)) - raft.server.write.element-limit = 4096 (default)
2019-08-27 21:52:07,713 [d16fede7-9c95-4edf-9c33-745cfaca74f6:group-92F312A34A51:LeaderElection23] INFO  server.RaftServerConfigKeys (ConfUtils.java:logGet(43)) - raft.server.watch.timeout = 10s (default)
2019-08-27 21:52:07,713 [d16fede7-9c95-4edf-9c33-745cfaca74f6:group-92F312A34A51:LeaderElection23] INFO  server.RaftServerConfigKeys (ConfUtils.java:logGet(43)) - raft.server.watch.timeout.denomination = 1s (default)
2019-08-27 21:52:07,713 [d16fede7-9c95-4edf-9c33-745cfaca74f6:group-92F312A34A51:LeaderElection23] INFO  server.RaftServerConfigKeys (ConfUtils.java:logGet(43)) - raft.server.watch.element-limit = 65536 (default)
2019-08-27 21:52:07,714 [d16fede7-9c95-4edf-9c33-745cfaca74f6:group-92F312A34A51:LeaderElection23] INFO  server.RaftServerConfigKeys (ConfUtils.java:logGet(43)) - raft.server.log.appender.snapshot.chunk.size.max = 16MB (=16777216) (default)
2019-08-27 21:52:07,714 [d16fede7-9c95-4edf-9c33-745cfaca74f6:group-92F312A34A51:LeaderElection23] INFO  server.RaftServerConfigKeys (ConfUtils.java:logGet(43)) - raft.server.log.appender.buffer.byte-limit = 33554432 (custom)
2019-08-27 21:52:07,714 [d16fede7-9c95-4edf-9c33-745cfaca74f6:group-92F312A34A51:LeaderElection23] INFO  server.RaftServerConfigKeys (ConfUtils.java:logGet(43)) - raft.server.log.appender.buffer.element-limit = 1 (custom)
2019-08-27 21:52:07,714 [d16fede7-9c95-4edf-9c33-745cfaca74f6:group-92F312A34A51:LeaderElection23] INFO  grpc.GrpcConfigKeys$Server (ConfUtils.java:logGet(43)) - raft.grpc.server.leader.outstanding.appends.max = 128 (default)
2019-08-27 21:52:07,715 [d16fede7-9c95-4edf-9c33-745cfaca74f6:group-92F312A34A51:LeaderElection23] INFO  server.RaftServerConfigKeys (ConfUtils.java:logGet(43)) - raft.server.rpc.request.timeout = 3000ms (default)
2019-08-27 21:52:07,715 [d16fede7-9c95-4edf-9c33-745cfaca74f6:group-92F312A34A51:LeaderElection23] INFO  server.RaftServerConfigKeys (ConfUtils.java:logGet(43)) - raft.server.log.appender.install.snapshot.enabled = false (custom)
2019-08-27 21:52:07,715 [d16fede7-9c95-4edf-9c33-745cfaca74f6:group-92F312A34A51:LeaderElection23] INFO  server.RaftServerConfigKeys (ConfUtils.java:logGet(43)) - raft.server.log.appender.snapshot.chunk.size.max = 16MB (=16777216) (default)
2019-08-27 21:52:07,715 [d16fede7-9c95-4edf-9c33-745cfaca74f6:group-92F312A34A51:LeaderElection23] INFO  server.RaftServerConfigKeys (ConfUtils.java:logGet(43)) - raft.server.log.appender.buffer.byte-limit = 33554432 (custom)
2019-08-27 21:52:07,715 [d16fede7-9c95-4edf-9c33-745cfaca74f6:group-92F312A34A51:LeaderElection23] INFO  server.RaftServerConfigKeys (ConfUtils.java:logGet(43)) - raft.server.log.appender.buffer.element-limit = 1 (custom)
2019-08-27 21:52:07,715 [d16fede7-9c95-4edf-9c33-745cfaca74f6:group-92F312A34A51:LeaderElection23] INFO  grpc.GrpcConfigKeys$Server (ConfUtils.java:logGet(43)) - raft.grpc.server.leader.outstanding.appends.max = 128 (default)
2019-08-27 21:52:07,716 [d16fede7-9c95-4edf-9c33-745cfaca74f6:group-92F312A34A51:LeaderElection23] INFO  server.RaftServerConfigKeys (ConfUtils.java:logGet(43)) - raft.server.rpc.request.timeout = 3000ms (default)
2019-08-27 21:52:07,716 [d16fede7-9c95-4edf-9c33-745cfaca74f6:group-92F312A34A51:LeaderElection23] INFO  server.RaftServerConfigKeys (ConfUtils.java:logGet(43)) - raft.server.log.appender.install.snapshot.enabled = false (custom)
2019-08-27 21:52:07,716 [d16fede7-9c95-4edf-9c33-745cfaca74f6:group-92F312A34A51:LeaderElection23] INFO  impl.RoleInfo (RoleInfo.java:updateAndGet(143)) - d16fede7-9c95-4edf-9c33-745cfaca74f6: start LeaderState
2019-08-27 21:52:07,716 [d16fede7-9c95-4edf-9c33-745cfaca74f6:group-92F312A34A51:LeaderElection23] INFO  segmented.SegmentedRaftLogWorker (SegmentedRaftLogWorker.java:startLogSegment(380)) - d16fede7-9c95-4edf-9c33-745cfaca74f6-SegmentedRaftLogWorker:Storage Directory /workdir/hadoop-ozone/integration-test/target/test-dir/MiniOzoneClusterImpl-0c6efe5f-9e3c-49a3-bcef-d31200f6a240/datanode-5/data/ratis/426ef396-d4fd-425a-ad57-92f312a34a51: Starting segment from index:0
2019-08-27 21:52:07,717 [d16fede7-9c95-4edf-9c33-745cfaca74f6:group-92F312A34A51:LeaderElection23] INFO  impl.RaftServerImpl (ServerState.java:setRaftConf(361)) - d16fede7-9c95-4edf-9c33-745cfaca74f6:group-92F312A34A51 set configuration 0: [d16fede7-9c95-4edf-9c33-745cfaca74f6:192.168.69.113:38146, ff101aed-a6b7-4de5-96bc-8545c1bca62b:192.168.69.113:37617, 7ad9a523-ea61-4de8-b564-9ed7c6de1fd1:192.168.69.113:33912], old=null at 0
2019-08-27 21:52:07,750 [grpc-default-executor-5] INFO  impl.RaftServerImpl (ServerState.java:setLeader(263)) - ff101aed-a6b7-4de5-96bc-8545c1bca62b:group-92F312A34A51 change Leader from null to d16fede7-9c95-4edf-9c33-745cfaca74f6 at term 1 for appendEntries, leader elected after 5104ms
2019-08-27 21:52:07,752 [grpc-default-executor-1] INFO  impl.RaftServerImpl (ServerState.java:setLeader(263)) - 7ad9a523-ea61-4de8-b564-9ed7c6de1fd1:group-92F312A34A51 change Leader from null to d16fede7-9c95-4edf-9c33-745cfaca74f6 at term 1 for appendEntries, leader elected after 5107ms
2019-08-27 21:52:07,755 [grpc-default-executor-1] INFO  impl.RaftServerImpl (ServerState.java:setRaftConf(361)) - ff101aed-a6b7-4de5-96bc-8545c1bca62b:group-92F312A34A51 set configuration 0: [d16fede7-9c95-4edf-9c33-745cfaca74f6:192.168.69.113:38146, ff101aed-a6b7-4de5-96bc-8545c1bca62b:192.168.69.113:37617, 7ad9a523-ea61-4de8-b564-9ed7c6de1fd1:192.168.69.113:33912], old=null at 0
2019-08-27 21:52:07,756 [grpc-default-executor-5] INFO  impl.RaftServerImpl (ServerState.java:setRaftConf(361)) - 7ad9a523-ea61-4de8-b564-9ed7c6de1fd1:group-92F312A34A51 set configuration 0: [d16fede7-9c95-4edf-9c33-745cfaca74f6:192.168.69.113:38146, ff101aed-a6b7-4de5-96bc-8545c1bca62b:192.168.69.113:37617, 7ad9a523-ea61-4de8-b564-9ed7c6de1fd1:192.168.69.113:33912], old=null at 0
2019-08-27 21:52:07,756 [grpc-default-executor-1] INFO  segmented.SegmentedRaftLogWorker (SegmentedRaftLogWorker.java:startLogSegment(380)) - ff101aed-a6b7-4de5-96bc-8545c1bca62b-SegmentedRaftLogWorker:Storage Directory /workdir/hadoop-ozone/integration-test/target/test-dir/MiniOzoneClusterImpl-0c6efe5f-9e3c-49a3-bcef-d31200f6a240/datanode-4/data/ratis/426ef396-d4fd-425a-ad57-92f312a34a51: Starting segment from index:0
2019-08-27 21:52:07,756 [grpc-default-executor-5] INFO  segmented.SegmentedRaftLogWorker (SegmentedRaftLogWorker.java:startLogSegment(380)) - 7ad9a523-ea61-4de8-b564-9ed7c6de1fd1-SegmentedRaftLogWorker:Storage Directory /workdir/hadoop-ozone/integration-test/target/test-dir/MiniOzoneClusterImpl-0c6efe5f-9e3c-49a3-bcef-d31200f6a240/datanode-3/data/ratis/426ef396-d4fd-425a-ad57-92f312a34a51: Starting segment from index:0
2019-08-27 21:52:07,760 [d16fede7-9c95-4edf-9c33-745cfaca74f6-SegmentedRaftLogWorker:Storage Directory /workdir/hadoop-ozone/integration-test/target/test-dir/MiniOzoneClusterImpl-0c6efe5f-9e3c-49a3-bcef-d31200f6a240/datanode-5/data/ratis/426ef396-d4fd-425a-ad57-92f312a34a51] INFO  segmented.SegmentedRaftLogWorker (SegmentedRaftLogWorker.java:execute(569)) - d16fede7-9c95-4edf-9c33-745cfaca74f6-SegmentedRaftLogWorker:Storage Directory /workdir/hadoop-ozone/integration-test/target/test-dir/MiniOzoneClusterImpl-0c6efe5f-9e3c-49a3-bcef-d31200f6a240/datanode-5/data/ratis/426ef396-d4fd-425a-ad57-92f312a34a51: created new log segment /workdir/hadoop-ozone/integration-test/target/test-dir/MiniOzoneClusterImpl-0c6efe5f-9e3c-49a3-bcef-d31200f6a240/datanode-5/data/ratis/426ef396-d4fd-425a-ad57-92f312a34a51/current/log_inprogress_0
2019-08-27 21:52:07,776 | INFO  | SCMAudit | user=jenkins1000 | ip=192.168.69.113 | op=SEND_HEARTBEAT {datanodeUUID=676885e1-3491-47d8-84ec-d928b9cef1c5, command=[]} | ret=SUCCESS |  
2019-08-27 21:52:07,827 [ff101aed-a6b7-4de5-96bc-8545c1bca62b-SegmentedRaftLogWorker:Storage Directory /workdir/hadoop-ozone/integration-test/target/test-dir/MiniOzoneClusterImpl-0c6efe5f-9e3c-49a3-bcef-d31200f6a240/datanode-4/data/ratis/426ef396-d4fd-425a-ad57-92f312a34a51] INFO  segmented.SegmentedRaftLogWorker (SegmentedRaftLogWorker.java:execute(569)) - ff101aed-a6b7-4de5-96bc-8545c1bca62b-SegmentedRaftLogWorker:Storage Directory /workdir/hadoop-ozone/integration-test/target/test-dir/MiniOzoneClusterImpl-0c6efe5f-9e3c-49a3-bcef-d31200f6a240/datanode-4/data/ratis/426ef396-d4fd-425a-ad57-92f312a34a51: created new log segment /workdir/hadoop-ozone/integration-test/target/test-dir/MiniOzoneClusterImpl-0c6efe5f-9e3c-49a3-bcef-d31200f6a240/datanode-4/data/ratis/426ef396-d4fd-425a-ad57-92f312a34a51/current/log_inprogress_0
2019-08-27 21:52:07,827 [7ad9a523-ea61-4de8-b564-9ed7c6de1fd1-SegmentedRaftLogWorker:Storage Directory /workdir/hadoop-ozone/integration-test/target/test-dir/MiniOzoneClusterImpl-0c6efe5f-9e3c-49a3-bcef-d31200f6a240/datanode-3/data/ratis/426ef396-d4fd-425a-ad57-92f312a34a51] INFO  segmented.SegmentedRaftLogWorker (SegmentedRaftLogWorker.java:execute(569)) - 7ad9a523-ea61-4de8-b564-9ed7c6de1fd1-SegmentedRaftLogWorker:Storage Directory /workdir/hadoop-ozone/integration-test/target/test-dir/MiniOzoneClusterImpl-0c6efe5f-9e3c-49a3-bcef-d31200f6a240/datanode-3/data/ratis/426ef396-d4fd-425a-ad57-92f312a34a51: created new log segment /workdir/hadoop-ozone/integration-test/target/test-dir/MiniOzoneClusterImpl-0c6efe5f-9e3c-49a3-bcef-d31200f6a240/datanode-3/data/ratis/426ef396-d4fd-425a-ad57-92f312a34a51/current/log_inprogress_0
2019-08-27 21:52:07,857 | INFO  | SCMAudit | user=jenkins1000 | ip=192.168.69.113 | op=SEND_HEARTBEAT {datanodeUUID=7ad9a523-ea61-4de8-b564-9ed7c6de1fd1, command=[]} | ret=SUCCESS |  
2019-08-27 21:52:07,880 [Thread-785] INFO  impl.FollowerState (FollowerState.java:run(106)) - 676885e1-3491-47d8-84ec-d928b9cef1c5:group-3A6C64BD03A9 changes to CANDIDATE, lastRpcTime:5087, electionTimeout:5087ms
2019-08-27 21:52:07,881 [Thread-785] INFO  impl.RoleInfo (RoleInfo.java:shutdownFollowerState(121)) - 676885e1-3491-47d8-84ec-d928b9cef1c5: shutdown FollowerState
2019-08-27 21:52:07,881 [Thread-785] INFO  impl.RaftServerImpl (RaftServerImpl.java:setRole(171)) - 676885e1-3491-47d8-84ec-d928b9cef1c5:group-3A6C64BD03A9 changes role from FOLLOWER to CANDIDATE at term 0 for changeToCandidate
2019-08-27 21:52:07,881 [Thread-785] INFO  impl.RoleInfo (RoleInfo.java:updateAndGet(143)) - 676885e1-3491-47d8-84ec-d928b9cef1c5: start LeaderElection
2019-08-27 21:52:07,894 [676885e1-3491-47d8-84ec-d928b9cef1c5:group-3A6C64BD03A9:LeaderElection24] INFO  impl.LeaderElection (LeaderElection.java:askForVotes(181)) - 676885e1-3491-47d8-84ec-d928b9cef1c5:group-3A6C64BD03A9:LeaderElection24: begin an election at term 1 for -1: [676885e1-3491-47d8-84ec-d928b9cef1c5:192.168.69.113:43396], old=null
2019-08-27 21:52:07,894 [676885e1-3491-47d8-84ec-d928b9cef1c5:group-3A6C64BD03A9:LeaderElection24] INFO  impl.RoleInfo (RoleInfo.java:shutdownLeaderElection(134)) - 676885e1-3491-47d8-84ec-d928b9cef1c5: shutdown LeaderElection
2019-08-27 21:52:07,894 [676885e1-3491-47d8-84ec-d928b9cef1c5:group-3A6C64BD03A9:LeaderElection24] INFO  impl.RaftServerImpl (RaftServerImpl.java:setRole(171)) - 676885e1-3491-47d8-84ec-d928b9cef1c5:group-3A6C64BD03A9 changes role from CANDIDATE to LEADER at term 1 for changeToLeader
2019-08-27 21:52:07,894 [676885e1-3491-47d8-84ec-d928b9cef1c5:group-3A6C64BD03A9:LeaderElection24] INFO  impl.RaftServerImpl (ServerState.java:setLeader(263)) - 676885e1-3491-47d8-84ec-d928b9cef1c5:group-3A6C64BD03A9 change Leader from null to 676885e1-3491-47d8-84ec-d928b9cef1c5 at term 1 for becomeLeader, leader elected after 5107ms
2019-08-27 21:52:07,904 [676885e1-3491-47d8-84ec-d928b9cef1c5:group-3A6C64BD03A9:LeaderElection24] INFO  server.RaftServerConfigKeys (ConfUtils.java:logGet(43)) - raft.server.staging.catchup.gap = 1000 (default)
2019-08-27 21:52:07,904 [676885e1-3491-47d8-84ec-d928b9cef1c5:group-3A6C64BD03A9:LeaderElection24] INFO  server.RaftServerConfigKeys (ConfUtils.java:logGet(43)) - raft.server.rpc.sleep.time = 25ms (default)
2019-08-27 21:52:07,905 [676885e1-3491-47d8-84ec-d928b9cef1c5:group-3A6C64BD03A9:LeaderElection24] INFO  server.RaftServerConfigKeys (ConfUtils.java:logGet(43)) - raft.server.write.element-limit = 4096 (default)
2019-08-27 21:52:07,905 [676885e1-3491-47d8-84ec-d928b9cef1c5:group-3A6C64BD03A9:LeaderElection24] INFO  server.RaftServerConfigKeys (ConfUtils.java:logGet(43)) - raft.server.watch.timeout = 10s (default)
2019-08-27 21:52:07,905 [676885e1-3491-47d8-84ec-d928b9cef1c5:group-3A6C64BD03A9:LeaderElection24] INFO  server.RaftServerConfigKeys (ConfUtils.java:logGet(43)) - raft.server.watch.timeout.denomination = 1s (default)
2019-08-27 21:52:07,905 [676885e1-3491-47d8-84ec-d928b9cef1c5:group-3A6C64BD03A9:LeaderElection24] INFO  server.RaftServerConfigKeys (ConfUtils.java:logGet(43)) - raft.server.watch.element-limit = 65536 (default)
2019-08-27 21:52:07,905 [676885e1-3491-47d8-84ec-d928b9cef1c5:group-3A6C64BD03A9:LeaderElection24] INFO  impl.RoleInfo (RoleInfo.java:updateAndGet(143)) - 676885e1-3491-47d8-84ec-d928b9cef1c5: start LeaderState
2019-08-27 21:52:07,906 [676885e1-3491-47d8-84ec-d928b9cef1c5:group-3A6C64BD03A9:LeaderElection24] INFO  segmented.SegmentedRaftLogWorker (SegmentedRaftLogWorker.java:startLogSegment(380)) - 676885e1-3491-47d8-84ec-d928b9cef1c5-SegmentedRaftLogWorker:Storage Directory /workdir/hadoop-ozone/integration-test/target/test-dir/MiniOzoneClusterImpl-0c6efe5f-9e3c-49a3-bcef-d31200f6a240/datanode-6/data/ratis/7ca5a1f5-118a-43b3-989b-3a6c64bd03a9: Starting segment from index:0
2019-08-27 21:52:07,906 [676885e1-3491-47d8-84ec-d928b9cef1c5:group-3A6C64BD03A9:LeaderElection24] INFO  impl.RaftServerImpl (ServerState.java:setRaftConf(361)) - 676885e1-3491-47d8-84ec-d928b9cef1c5:group-3A6C64BD03A9 set configuration 0: [676885e1-3491-47d8-84ec-d928b9cef1c5:192.168.69.113:43396], old=null at 0
2019-08-27 21:52:07,949 [grpc-default-executor-5] INFO  client.GrpcClientProtocolClient (GrpcClientProtocolClient.java:onNext(255)) - client-9C14CD88FCAE->ff101aed-a6b7-4de5-96bc-8545c1bca62b: receive RaftClientReply:client-9C14CD88FCAE->ff101aed-a6b7-4de5-96bc-8545c1bca62b@group-92F312A34A51, cid=42, FAILED org.apache.ratis.protocol.NotLeaderException: Server ff101aed-a6b7-4de5-96bc-8545c1bca62b is not the leader (d16fede7-9c95-4edf-9c33-745cfaca74f6:192.168.69.113:38146). Request must be sent to leader., logIndex=0, commits[ff101aed-a6b7-4de5-96bc-8545c1bca62b:c-1, d16fede7-9c95-4edf-9c33-745cfaca74f6:c-1, 7ad9a523-ea61-4de8-b564-9ed7c6de1fd1:c-1]
2019-08-27 21:52:07,957 [676885e1-3491-47d8-84ec-d928b9cef1c5-SegmentedRaftLogWorker:Storage Directory /workdir/hadoop-ozone/integration-test/target/test-dir/MiniOzoneClusterImpl-0c6efe5f-9e3c-49a3-bcef-d31200f6a240/datanode-6/data/ratis/7ca5a1f5-118a-43b3-989b-3a6c64bd03a9] INFO  segmented.SegmentedRaftLogWorker (SegmentedRaftLogWorker.java:execute(569)) - 676885e1-3491-47d8-84ec-d928b9cef1c5-SegmentedRaftLogWorker:Storage Directory /workdir/hadoop-ozone/integration-test/target/test-dir/MiniOzoneClusterImpl-0c6efe5f-9e3c-49a3-bcef-d31200f6a240/datanode-6/data/ratis/7ca5a1f5-118a-43b3-989b-3a6c64bd03a9: created new log segment /workdir/hadoop-ozone/integration-test/target/test-dir/MiniOzoneClusterImpl-0c6efe5f-9e3c-49a3-bcef-d31200f6a240/datanode-6/data/ratis/7ca5a1f5-118a-43b3-989b-3a6c64bd03a9/current/log_inprogress_0
2019-08-27 21:52:08,044 | INFO  | DNAudit | user=null | ip=null | op=CREATE_CONTAINER {containerID=1, containerType=KeyValueContainer} | ret=SUCCESS |  
2019-08-27 21:52:08,049 | INFO  | SCMAudit | user=jenkins1000 | ip=192.168.69.113 | op=SEND_HEARTBEAT {datanodeUUID=d16fede7-9c95-4edf-9c33-745cfaca74f6, command=[]} | ret=SUCCESS |  
2019-08-27 21:52:08,050 [grpc-default-executor-1] INFO  client.GrpcClientProtocolClient (GrpcClientProtocolClient.java:onNext(255)) - client-9C14CD88FCAE->d16fede7-9c95-4edf-9c33-745cfaca74f6: receive RaftClientReply:client-9C14CD88FCAE->d16fede7-9c95-4edf-9c33-745cfaca74f6@group-92F312A34A51, cid=42, SUCCESS, logIndex=1, commits[d16fede7-9c95-4edf-9c33-745cfaca74f6:c2, ff101aed-a6b7-4de5-96bc-8545c1bca62b:c1, 7ad9a523-ea61-4de8-b564-9ed7c6de1fd1:c1]
2019-08-27 21:52:08,074 | INFO  | DNAudit | user=null | ip=null | op=CREATE_CONTAINER {containerID=1, containerType=KeyValueContainer} | ret=SUCCESS |  
2019-08-27 21:52:08,074 | INFO  | DNAudit | user=null | ip=null | op=CREATE_CONTAINER {containerID=1, containerType=KeyValueContainer} | ret=SUCCESS |  
2019-08-27 21:52:08,075 | INFO  | SCMAudit | user=jenkins1000 | ip=192.168.69.113 | op=SEND_HEARTBEAT {datanodeUUID=ff101aed-a6b7-4de5-96bc-8545c1bca62b, command=[]} | ret=SUCCESS |  
2019-08-27 21:52:08,075 | INFO  | SCMAudit | user=jenkins1000 | ip=192.168.69.113 | op=SEND_HEARTBEAT {datanodeUUID=7ad9a523-ea61-4de8-b564-9ed7c6de1fd1, command=[]} | ret=SUCCESS |  
2019-08-27 21:52:08,137 | INFO  | DNAudit | user=null | ip=null | op=CREATE_CONTAINER {containerID=2, containerType=KeyValueContainer} | ret=SUCCESS |  
2019-08-27 21:52:08,143 | INFO  | SCMAudit | user=jenkins1000 | ip=192.168.69.113 | op=SEND_HEARTBEAT {datanodeUUID=6da4aad8-a4f6-4be0-a3fe-0ce626d82d81, command=[]} | ret=SUCCESS |  
2019-08-27 21:52:08,144 | INFO  | SCMAudit | user=jenkins1000 | ip=192.168.69.113 | op=SEND_HEARTBEAT {datanodeUUID=d16fede7-9c95-4edf-9c33-745cfaca74f6, command=[]} | ret=SUCCESS |  
2019-08-27 21:52:08,145 [grpc-default-executor-1] INFO  client.GrpcClientProtocolClient (GrpcClientProtocolClient.java:onNext(255)) - client-9C14CD88FCAE->d16fede7-9c95-4edf-9c33-745cfaca74f6: receive RaftClientReply:client-9C14CD88FCAE->d16fede7-9c95-4edf-9c33-745cfaca74f6@group-92F312A34A51, cid=43, SUCCESS, logIndex=3, commits[d16fede7-9c95-4edf-9c33-745cfaca74f6:c4, ff101aed-a6b7-4de5-96bc-8545c1bca62b:c3, 7ad9a523-ea61-4de8-b564-9ed7c6de1fd1:c3]
2019-08-27 21:52:08,158 | INFO  | DNAudit | user=null | ip=null | op=CREATE_CONTAINER {containerID=2, containerType=KeyValueContainer} | ret=SUCCESS |  
2019-08-27 21:52:08,158 | INFO  | DNAudit | user=null | ip=null | op=CREATE_CONTAINER {containerID=2, containerType=KeyValueContainer} | ret=SUCCESS |  
2019-08-27 21:52:08,166 | INFO  | SCMAudit | user=jenkins1000 | ip=192.168.69.113 | op=SEND_HEARTBEAT {datanodeUUID=7ad9a523-ea61-4de8-b564-9ed7c6de1fd1, command=[]} | ret=SUCCESS |  
2019-08-27 21:52:08,166 | INFO  | SCMAudit | user=jenkins1000 | ip=192.168.69.113 | op=SEND_HEARTBEAT {datanodeUUID=ff101aed-a6b7-4de5-96bc-8545c1bca62b, command=[]} | ret=SUCCESS |  
2019-08-27 21:52:08,239 | INFO  | DNAudit | user=null | ip=null | op=CREATE_CONTAINER {containerID=3, containerType=KeyValueContainer} | ret=SUCCESS |  
2019-08-27 21:52:08,240 | INFO  | SCMAudit | user=jenkins1000 | ip=192.168.69.113 | op=SEND_HEARTBEAT {datanodeUUID=d16fede7-9c95-4edf-9c33-745cfaca74f6, command=[]} | ret=SUCCESS |  
2019-08-27 21:52:08,241 [grpc-default-executor-1] INFO  client.GrpcClientProtocolClient (GrpcClientProtocolClient.java:onNext(255)) - client-9C14CD88FCAE->d16fede7-9c95-4edf-9c33-745cfaca74f6: receive RaftClientReply:client-9C14CD88FCAE->d16fede7-9c95-4edf-9c33-745cfaca74f6@group-92F312A34A51, cid=44, SUCCESS, logIndex=5, commits[d16fede7-9c95-4edf-9c33-745cfaca74f6:c6, ff101aed-a6b7-4de5-96bc-8545c1bca62b:c5, 7ad9a523-ea61-4de8-b564-9ed7c6de1fd1:c5]
2019-08-27 21:52:08,255 | INFO  | DNAudit | user=null | ip=null | op=CREATE_CONTAINER {containerID=3, containerType=KeyValueContainer} | ret=SUCCESS |  
2019-08-27 21:52:08,255 | INFO  | DNAudit | user=null | ip=null | op=CREATE_CONTAINER {containerID=3, containerType=KeyValueContainer} | ret=SUCCESS |  
2019-08-27 21:52:08,256 | INFO  | SCMAudit | user=jenkins1000 | ip=192.168.69.113 | op=SEND_HEARTBEAT {datanodeUUID=7ad9a523-ea61-4de8-b564-9ed7c6de1fd1, command=[]} | ret=SUCCESS |  
2019-08-27 21:52:08,256 | INFO  | SCMAudit | user=jenkins1000 | ip=192.168.69.113 | op=SEND_HEARTBEAT {datanodeUUID=ff101aed-a6b7-4de5-96bc-8545c1bca62b, command=[]} | ret=SUCCESS |  
2019-08-27 21:52:08,359 | INFO  | SCMAudit | user=jenkins1000 | ip=192.168.69.113 | op=SEND_HEARTBEAT {datanodeUUID=6fbb6c8f-68ec-4eec-acdd-5276ddf30de1, command=[]} | ret=SUCCESS |  
2019-08-27 21:52:08,585 | INFO  | SCMAudit | user=jenkins1000 | ip=192.168.69.113 | op=SEND_HEARTBEAT {datanodeUUID=803e2962-4b43-470b-a1eb-8fa95db682ee, command=[]} | ret=SUCCESS |  
2019-08-27 21:52:08,777 | INFO  | SCMAudit | user=jenkins1000 | ip=192.168.69.113 | op=SEND_HEARTBEAT {datanodeUUID=676885e1-3491-47d8-84ec-d928b9cef1c5, command=[]} | ret=SUCCESS |  
2019-08-27 21:52:09,142 | INFO  | SCMAudit | user=jenkins1000 | ip=192.168.69.113 | op=SEND_HEARTBEAT {datanodeUUID=6da4aad8-a4f6-4be0-a3fe-0ce626d82d81, command=[]} | ret=SUCCESS |  
2019-08-27 21:52:09,240 | INFO  | SCMAudit | user=jenkins1000 | ip=192.168.69.113 | op=SEND_HEARTBEAT {datanodeUUID=d16fede7-9c95-4edf-9c33-745cfaca74f6, command=[]} | ret=SUCCESS |  
2019-08-27 21:52:09,255 | INFO  | SCMAudit | user=jenkins1000 | ip=192.168.69.113 | op=SEND_HEARTBEAT {datanodeUUID=7ad9a523-ea61-4de8-b564-9ed7c6de1fd1, command=[]} | ret=SUCCESS |  
2019-08-27 21:52:09,255 | INFO  | SCMAudit | user=jenkins1000 | ip=192.168.69.113 | op=SEND_HEARTBEAT {datanodeUUID=ff101aed-a6b7-4de5-96bc-8545c1bca62b, command=[]} | ret=SUCCESS |  
2019-08-27 21:52:09,359 | INFO  | SCMAudit | user=jenkins1000 | ip=192.168.69.113 | op=SEND_HEARTBEAT {datanodeUUID=6fbb6c8f-68ec-4eec-acdd-5276ddf30de1, command=[]} | ret=SUCCESS |  
2019-08-27 21:52:09,585 | INFO  | SCMAudit | user=jenkins1000 | ip=192.168.69.113 | op=SEND_HEARTBEAT {datanodeUUID=803e2962-4b43-470b-a1eb-8fa95db682ee, command=[]} | ret=SUCCESS |  
2019-08-27 21:52:09,778 | INFO  | SCMAudit | user=jenkins1000 | ip=192.168.69.113 | op=SEND_HEARTBEAT {datanodeUUID=676885e1-3491-47d8-84ec-d928b9cef1c5, command=[]} | ret=SUCCESS |  
2019-08-27 21:52:10,142 | INFO  | SCMAudit | user=jenkins1000 | ip=192.168.69.113 | op=SEND_HEARTBEAT {datanodeUUID=6da4aad8-a4f6-4be0-a3fe-0ce626d82d81, command=[]} | ret=SUCCESS |  
2019-08-27 21:52:10,240 | INFO  | SCMAudit | user=jenkins1000 | ip=192.168.69.113 | op=SEND_HEARTBEAT {datanodeUUID=d16fede7-9c95-4edf-9c33-745cfaca74f6, command=[]} | ret=SUCCESS |  
2019-08-27 21:52:10,255 | INFO  | SCMAudit | user=jenkins1000 | ip=192.168.69.113 | op=SEND_HEARTBEAT {datanodeUUID=7ad9a523-ea61-4de8-b564-9ed7c6de1fd1, command=[]} | ret=SUCCESS |  
2019-08-27 21:52:10,255 | INFO  | SCMAudit | user=jenkins1000 | ip=192.168.69.113 | op=SEND_HEARTBEAT {datanodeUUID=ff101aed-a6b7-4de5-96bc-8545c1bca62b, command=[]} | ret=SUCCESS |  
2019-08-27 21:52:10,359 | INFO  | SCMAudit | user=jenkins1000 | ip=192.168.69.113 | op=SEND_HEARTBEAT {datanodeUUID=6fbb6c8f-68ec-4eec-acdd-5276ddf30de1, command=[]} | ret=SUCCESS |  
2019-08-27 21:52:10,585 | INFO  | SCMAudit | user=jenkins1000 | ip=192.168.69.113 | op=SEND_HEARTBEAT {datanodeUUID=803e2962-4b43-470b-a1eb-8fa95db682ee, command=[]} | ret=SUCCESS |  
2019-08-27 21:52:10,778 | INFO  | SCMAudit | user=jenkins1000 | ip=192.168.69.113 | op=SEND_HEARTBEAT {datanodeUUID=676885e1-3491-47d8-84ec-d928b9cef1c5, command=[]} | ret=SUCCESS |  
2019-08-27 21:52:11,141 | INFO  | SCMAudit | user=jenkins1000 | ip=192.168.69.113 | op=SEND_HEARTBEAT {datanodeUUID=6da4aad8-a4f6-4be0-a3fe-0ce626d82d81, command=[]} | ret=SUCCESS |  
2019-08-27 21:52:11,241 | INFO  | SCMAudit | user=jenkins1000 | ip=192.168.69.113 | op=SEND_HEARTBEAT {datanodeUUID=d16fede7-9c95-4edf-9c33-745cfaca74f6, command=[]} | ret=SUCCESS |  
2019-08-27 21:52:11,255 | INFO  | SCMAudit | user=jenkins1000 | ip=192.168.69.113 | op=SEND_HEARTBEAT {datanodeUUID=ff101aed-a6b7-4de5-96bc-8545c1bca62b, command=[]} | ret=SUCCESS |  
2019-08-27 21:52:11,255 | INFO  | SCMAudit | user=jenkins1000 | ip=192.168.69.113 | op=SEND_HEARTBEAT {datanodeUUID=7ad9a523-ea61-4de8-b564-9ed7c6de1fd1, command=[]} | ret=SUCCESS |  
2019-08-27 21:52:11,360 | INFO  | SCMAudit | user=jenkins1000 | ip=192.168.69.113 | op=SEND_HEARTBEAT {datanodeUUID=6fbb6c8f-68ec-4eec-acdd-5276ddf30de1, command=[]} | ret=SUCCESS |  
2019-08-27 21:52:11,585 | INFO  | SCMAudit | user=jenkins1000 | ip=192.168.69.113 | op=SEND_HEARTBEAT {datanodeUUID=803e2962-4b43-470b-a1eb-8fa95db682ee, command=[]} | ret=SUCCESS |  
2019-08-27 21:52:11,778 | INFO  | SCMAudit | user=jenkins1000 | ip=192.168.69.113 | op=SEND_HEARTBEAT {datanodeUUID=676885e1-3491-47d8-84ec-d928b9cef1c5, command=[]} | ret=SUCCESS |  
2019-08-27 21:52:12,142 | INFO  | SCMAudit | user=jenkins1000 | ip=192.168.69.113 | op=SEND_HEARTBEAT {datanodeUUID=6da4aad8-a4f6-4be0-a3fe-0ce626d82d81, command=[]} | ret=SUCCESS |  
2019-08-27 21:52:12,241 | INFO  | SCMAudit | user=jenkins1000 | ip=192.168.69.113 | op=SEND_HEARTBEAT {datanodeUUID=d16fede7-9c95-4edf-9c33-745cfaca74f6, command=[]} | ret=SUCCESS |  
2019-08-27 21:52:12,267 | INFO  | SCMAudit | user=jenkins1000 | ip=192.168.69.113 | op=SEND_HEARTBEAT {datanodeUUID=ff101aed-a6b7-4de5-96bc-8545c1bca62b, command=[]} | ret=SUCCESS |  
2019-08-27 21:52:12,267 | INFO  | SCMAudit | user=jenkins1000 | ip=192.168.69.113 | op=SEND_HEARTBEAT {datanodeUUID=7ad9a523-ea61-4de8-b564-9ed7c6de1fd1, command=[]} | ret=SUCCESS |  
2019-08-27 21:52:12,360 | INFO  | SCMAudit | user=jenkins1000 | ip=192.168.69.113 | op=SEND_HEARTBEAT {datanodeUUID=6fbb6c8f-68ec-4eec-acdd-5276ddf30de1, command=[]} | ret=SUCCESS |  
2019-08-27 21:52:12,584 | INFO  | SCMAudit | user=jenkins1000 | ip=192.168.69.113 | op=SEND_HEARTBEAT {datanodeUUID=803e2962-4b43-470b-a1eb-8fa95db682ee, command=[]} | ret=SUCCESS |  
2019-08-27 21:52:12,778 | INFO  | SCMAudit | user=jenkins1000 | ip=192.168.69.113 | op=SEND_HEARTBEAT {datanodeUUID=676885e1-3491-47d8-84ec-d928b9cef1c5, command=[]} | ret=SUCCESS |  
2019-08-27 21:52:13,142 | INFO  | SCMAudit | user=jenkins1000 | ip=192.168.69.113 | op=SEND_HEARTBEAT {datanodeUUID=6da4aad8-a4f6-4be0-a3fe-0ce626d82d81, command=[]} | ret=SUCCESS |  
2019-08-27 21:52:13,242 | INFO  | SCMAudit | user=jenkins1000 | ip=192.168.69.113 | op=SEND_HEARTBEAT {datanodeUUID=d16fede7-9c95-4edf-9c33-745cfaca74f6, command=[]} | ret=SUCCESS |  
2019-08-27 21:52:13,267 | INFO  | SCMAudit | user=jenkins1000 | ip=192.168.69.113 | op=SEND_HEARTBEAT {datanodeUUID=7ad9a523-ea61-4de8-b564-9ed7c6de1fd1, command=[]} | ret=SUCCESS |  
2019-08-27 21:52:13,267 | INFO  | SCMAudit | user=jenkins1000 | ip=192.168.69.113 | op=SEND_HEARTBEAT {datanodeUUID=ff101aed-a6b7-4de5-96bc-8545c1bca62b, command=[]} | ret=SUCCESS |  
2019-08-27 21:52:13,292 [grpc-default-executor-5] INFO  client.GrpcClientProtocolClient (GrpcClientProtocolClient.java:onNext(255)) - client-9C14CD88FCAE->ff101aed-a6b7-4de5-96bc-8545c1bca62b: receive RaftClientReply:client-9C14CD88FCAE->ff101aed-a6b7-4de5-96bc-8545c1bca62b@group-92F312A34A51, cid=45, FAILED org.apache.ratis.protocol.NotLeaderException: Server ff101aed-a6b7-4de5-96bc-8545c1bca62b is not the leader (d16fede7-9c95-4edf-9c33-745cfaca74f6:192.168.69.113:38146). Request must be sent to leader., logIndex=0, commits[ff101aed-a6b7-4de5-96bc-8545c1bca62b:c8, d16fede7-9c95-4edf-9c33-745cfaca74f6:c8, 7ad9a523-ea61-4de8-b564-9ed7c6de1fd1:c8]
2019-08-27 21:52:13,359 | INFO  | SCMAudit | user=jenkins1000 | ip=192.168.69.113 | op=SEND_HEARTBEAT {datanodeUUID=6fbb6c8f-68ec-4eec-acdd-5276ddf30de1, command=[]} | ret=SUCCESS |  
2019-08-27 21:52:13,585 | INFO  | SCMAudit | user=jenkins1000 | ip=192.168.69.113 | op=SEND_HEARTBEAT {datanodeUUID=803e2962-4b43-470b-a1eb-8fa95db682ee, command=[]} | ret=SUCCESS |  
2019-08-27 21:52:13,778 | INFO  | SCMAudit | user=jenkins1000 | ip=192.168.69.113 | op=SEND_HEARTBEAT {datanodeUUID=676885e1-3491-47d8-84ec-d928b9cef1c5, command=[]} | ret=SUCCESS |  
2019-08-27 21:52:14,143 | INFO  | SCMAudit | user=jenkins1000 | ip=192.168.69.113 | op=SEND_HEARTBEAT {datanodeUUID=6da4aad8-a4f6-4be0-a3fe-0ce626d82d81, command=[]} | ret=SUCCESS |  
2019-08-27 21:52:14,242 | INFO  | SCMAudit | user=jenkins1000 | ip=192.168.69.113 | op=SEND_HEARTBEAT {datanodeUUID=d16fede7-9c95-4edf-9c33-745cfaca74f6, command=[]} | ret=SUCCESS |  
2019-08-27 21:52:14,268 | INFO  | SCMAudit | user=jenkins1000 | ip=192.168.69.113 | op=SEND_HEARTBEAT {datanodeUUID=ff101aed-a6b7-4de5-96bc-8545c1bca62b, command=[]} | ret=SUCCESS |  
2019-08-27 21:52:14,268 | INFO  | SCMAudit | user=jenkins1000 | ip=192.168.69.113 | op=SEND_HEARTBEAT {datanodeUUID=7ad9a523-ea61-4de8-b564-9ed7c6de1fd1, command=[]} | ret=SUCCESS |  
2019-08-27 21:52:14,359 | INFO  | SCMAudit | user=jenkins1000 | ip=192.168.69.113 | op=SEND_HEARTBEAT {datanodeUUID=6fbb6c8f-68ec-4eec-acdd-5276ddf30de1, command=[]} | ret=SUCCESS |  
2019-08-27 21:52:14,585 | INFO  | SCMAudit | user=jenkins1000 | ip=192.168.69.113 | op=SEND_HEARTBEAT {datanodeUUID=803e2962-4b43-470b-a1eb-8fa95db682ee, command=[]} | ret=SUCCESS |  
2019-08-27 21:52:14,778 | INFO  | SCMAudit | user=jenkins1000 | ip=192.168.69.113 | op=SEND_HEARTBEAT {datanodeUUID=676885e1-3491-47d8-84ec-d928b9cef1c5, command=[]} | ret=SUCCESS |  
2019-08-27 21:52:15,142 | INFO  | SCMAudit | user=jenkins1000 | ip=192.168.69.113 | op=SEND_HEARTBEAT {datanodeUUID=6da4aad8-a4f6-4be0-a3fe-0ce626d82d81, command=[]} | ret=SUCCESS |  
2019-08-27 21:52:15,242 | INFO  | SCMAudit | user=jenkins1000 | ip=192.168.69.113 | op=SEND_HEARTBEAT {datanodeUUID=d16fede7-9c95-4edf-9c33-745cfaca74f6, command=[]} | ret=SUCCESS |  
2019-08-27 21:52:15,267 | INFO  | SCMAudit | user=jenkins1000 | ip=192.168.69.113 | op=SEND_HEARTBEAT {datanodeUUID=ff101aed-a6b7-4de5-96bc-8545c1bca62b, command=[]} | ret=SUCCESS |  
2019-08-27 21:52:15,267 | INFO  | SCMAudit | user=jenkins1000 | ip=192.168.69.113 | op=SEND_HEARTBEAT {datanodeUUID=7ad9a523-ea61-4de8-b564-9ed7c6de1fd1, command=[]} | ret=SUCCESS |  
2019-08-27 21:52:15,359 | INFO  | SCMAudit | user=jenkins1000 | ip=192.168.69.113 | op=SEND_HEARTBEAT {datanodeUUID=6fbb6c8f-68ec-4eec-acdd-5276ddf30de1, command=[]} | ret=SUCCESS |  
2019-08-27 21:52:15,585 | INFO  | SCMAudit | user=jenkins1000 | ip=192.168.69.113 | op=SEND_HEARTBEAT {datanodeUUID=803e2962-4b43-470b-a1eb-8fa95db682ee, command=[]} | ret=SUCCESS |  
2019-08-27 21:52:15,778 | INFO  | SCMAudit | user=jenkins1000 | ip=192.168.69.113 | op=SEND_HEARTBEAT {datanodeUUID=676885e1-3491-47d8-84ec-d928b9cef1c5, command=[]} | ret=SUCCESS |  
2019-08-27 21:52:16,143 | INFO  | SCMAudit | user=jenkins1000 | ip=192.168.69.113 | op=SEND_HEARTBEAT {datanodeUUID=6da4aad8-a4f6-4be0-a3fe-0ce626d82d81, command=[]} | ret=SUCCESS |  
2019-08-27 21:52:16,242 | INFO  | SCMAudit | user=jenkins1000 | ip=192.168.69.113 | op=SEND_HEARTBEAT {datanodeUUID=d16fede7-9c95-4edf-9c33-745cfaca74f6, command=[]} | ret=SUCCESS |  
2019-08-27 21:52:16,268 | INFO  | SCMAudit | user=jenkins1000 | ip=192.168.69.113 | op=SEND_HEARTBEAT {datanodeUUID=ff101aed-a6b7-4de5-96bc-8545c1bca62b, command=[]} | ret=SUCCESS |  
2019-08-27 21:52:16,268 | INFO  | SCMAudit | user=jenkins1000 | ip=192.168.69.113 | op=SEND_HEARTBEAT {datanodeUUID=7ad9a523-ea61-4de8-b564-9ed7c6de1fd1, command=[]} | ret=SUCCESS |  
2019-08-27 21:52:16,362 | INFO  | SCMAudit | user=jenkins1000 | ip=192.168.69.113 | op=SEND_HEARTBEAT {datanodeUUID=6fbb6c8f-68ec-4eec-acdd-5276ddf30de1, command=[]} | ret=SUCCESS |  
2019-08-27 21:52:16,585 | INFO  | SCMAudit | user=jenkins1000 | ip=192.168.69.113 | op=SEND_HEARTBEAT {datanodeUUID=803e2962-4b43-470b-a1eb-8fa95db682ee, command=[]} | ret=SUCCESS |  
2019-08-27 21:52:16,777 | INFO  | SCMAudit | user=jenkins1000 | ip=192.168.69.113 | op=SEND_HEARTBEAT {datanodeUUID=676885e1-3491-47d8-84ec-d928b9cef1c5, command=[]} | ret=SUCCESS |  
2019-08-27 21:52:17,143 | INFO  | SCMAudit | user=jenkins1000 | ip=192.168.69.113 | op=SEND_HEARTBEAT {datanodeUUID=6da4aad8-a4f6-4be0-a3fe-0ce626d82d81, command=[]} | ret=SUCCESS |  
2019-08-27 21:52:17,241 | INFO  | SCMAudit | user=jenkins1000 | ip=192.168.69.113 | op=SEND_HEARTBEAT {datanodeUUID=d16fede7-9c95-4edf-9c33-745cfaca74f6, command=[]} | ret=SUCCESS |  
2019-08-27 21:52:17,267 | INFO  | SCMAudit | user=jenkins1000 | ip=192.168.69.113 | op=SEND_HEARTBEAT {datanodeUUID=ff101aed-a6b7-4de5-96bc-8545c1bca62b, command=[]} | ret=SUCCESS |  
2019-08-27 21:52:17,267 | INFO  | SCMAudit | user=jenkins1000 | ip=192.168.69.113 | op=SEND_HEARTBEAT {datanodeUUID=7ad9a523-ea61-4de8-b564-9ed7c6de1fd1, command=[]} | ret=SUCCESS |  
2019-08-27 21:52:17,359 | INFO  | SCMAudit | user=jenkins1000 | ip=192.168.69.113 | op=SEND_HEARTBEAT {datanodeUUID=6fbb6c8f-68ec-4eec-acdd-5276ddf30de1, command=[]} | ret=SUCCESS |  
2019-08-27 21:52:17,588 | INFO  | SCMAudit | user=jenkins1000 | ip=192.168.69.113 | op=SEND_HEARTBEAT {datanodeUUID=803e2962-4b43-470b-a1eb-8fa95db682ee, command=[]} | ret=SUCCESS |  
2019-08-27 21:52:17,778 | INFO  | SCMAudit | user=jenkins1000 | ip=192.168.69.113 | op=SEND_HEARTBEAT {datanodeUUID=676885e1-3491-47d8-84ec-d928b9cef1c5, command=[]} | ret=SUCCESS |  
2019-08-27 21:52:18,143 | INFO  | SCMAudit | user=jenkins1000 | ip=192.168.69.113 | op=SEND_HEARTBEAT {datanodeUUID=6da4aad8-a4f6-4be0-a3fe-0ce626d82d81, command=[]} | ret=SUCCESS |  
2019-08-27 21:52:18,241 | INFO  | SCMAudit | user=jenkins1000 | ip=192.168.69.113 | op=SEND_HEARTBEAT {datanodeUUID=d16fede7-9c95-4edf-9c33-745cfaca74f6, command=[]} | ret=SUCCESS |  
2019-08-27 21:52:18,268 | INFO  | SCMAudit | user=jenkins1000 | ip=192.168.69.113 | op=SEND_HEARTBEAT {datanodeUUID=ff101aed-a6b7-4de5-96bc-8545c1bca62b, command=[]} | ret=SUCCESS |  
2019-08-27 21:52:18,268 | INFO  | SCMAudit | user=jenkins1000 | ip=192.168.69.113 | op=SEND_HEARTBEAT {datanodeUUID=7ad9a523-ea61-4de8-b564-9ed7c6de1fd1, command=[]} | ret=SUCCESS |  
2019-08-27 21:52:18,344 [grpc-default-executor-5] INFO  client.GrpcClientProtocolClient (GrpcClientProtocolClient.java:onNext(255)) - client-9C14CD88FCAE->7ad9a523-ea61-4de8-b564-9ed7c6de1fd1: receive RaftClientReply:client-9C14CD88FCAE->7ad9a523-ea61-4de8-b564-9ed7c6de1fd1@group-92F312A34A51, cid=45, FAILED org.apache.ratis.protocol.NotLeaderException: Server 7ad9a523-ea61-4de8-b564-9ed7c6de1fd1 is not the leader (d16fede7-9c95-4edf-9c33-745cfaca74f6:192.168.69.113:38146). Request must be sent to leader., logIndex=0, commits[7ad9a523-ea61-4de8-b564-9ed7c6de1fd1:c8, d16fede7-9c95-4edf-9c33-745cfaca74f6:c8, ff101aed-a6b7-4de5-96bc-8545c1bca62b:c8]
2019-08-27 21:52:18,360 | INFO  | SCMAudit | user=jenkins1000 | ip=192.168.69.113 | op=SEND_HEARTBEAT {datanodeUUID=6fbb6c8f-68ec-4eec-acdd-5276ddf30de1, command=[]} | ret=SUCCESS |  
2019-08-27 21:52:18,587 | INFO  | SCMAudit | user=jenkins1000 | ip=192.168.69.113 | op=SEND_HEARTBEAT {datanodeUUID=803e2962-4b43-470b-a1eb-8fa95db682ee, command=[]} | ret=SUCCESS |  
2019-08-27 21:52:18,779 | INFO  | SCMAudit | user=jenkins1000 | ip=192.168.69.113 | op=SEND_HEARTBEAT {datanodeUUID=676885e1-3491-47d8-84ec-d928b9cef1c5, command=[]} | ret=SUCCESS |  
2019-08-27 21:52:19,143 | INFO  | SCMAudit | user=jenkins1000 | ip=192.168.69.113 | op=SEND_HEARTBEAT {datanodeUUID=6da4aad8-a4f6-4be0-a3fe-0ce626d82d81, command=[]} | ret=SUCCESS |  
2019-08-27 21:52:19,242 | INFO  | SCMAudit | user=jenkins1000 | ip=192.168.69.113 | op=SEND_HEARTBEAT {datanodeUUID=d16fede7-9c95-4edf-9c33-745cfaca74f6, command=[]} | ret=SUCCESS |  
2019-08-27 21:52:19,267 | INFO  | SCMAudit | user=jenkins1000 | ip=192.168.69.113 | op=SEND_HEARTBEAT {datanodeUUID=ff101aed-a6b7-4de5-96bc-8545c1bca62b, command=[]} | ret=SUCCESS |  
2019-08-27 21:52:19,268 | INFO  | SCMAudit | user=jenkins1000 | ip=192.168.69.113 | op=SEND_HEARTBEAT {datanodeUUID=7ad9a523-ea61-4de8-b564-9ed7c6de1fd1, command=[]} | ret=SUCCESS |  
2019-08-27 21:52:19,360 | INFO  | SCMAudit | user=jenkins1000 | ip=192.168.69.113 | op=SEND_HEARTBEAT {datanodeUUID=6fbb6c8f-68ec-4eec-acdd-5276ddf30de1, command=[]} | ret=SUCCESS |  
2019-08-27 21:52:19,587 | INFO  | SCMAudit | user=jenkins1000 | ip=192.168.69.113 | op=SEND_HEARTBEAT {datanodeUUID=803e2962-4b43-470b-a1eb-8fa95db682ee, command=[]} | ret=SUCCESS |  
2019-08-27 21:52:19,779 | INFO  | SCMAudit | user=jenkins1000 | ip=192.168.69.113 | op=SEND_HEARTBEAT {datanodeUUID=676885e1-3491-47d8-84ec-d928b9cef1c5, command=[]} | ret=SUCCESS |  
2019-08-27 21:52:20,143 | INFO  | SCMAudit | user=jenkins1000 | ip=192.168.69.113 | op=SEND_HEARTBEAT {datanodeUUID=6da4aad8-a4f6-4be0-a3fe-0ce626d82d81, command=[]} | ret=SUCCESS |  
2019-08-27 21:52:20,242 | INFO  | SCMAudit | user=jenkins1000 | ip=192.168.69.113 | op=SEND_HEARTBEAT {datanodeUUID=d16fede7-9c95-4edf-9c33-745cfaca74f6, command=[]} | ret=SUCCESS |  
2019-08-27 21:52:20,268 | INFO  | SCMAudit | user=jenkins1000 | ip=192.168.69.113 | op=SEND_HEARTBEAT {datanodeUUID=7ad9a523-ea61-4de8-b564-9ed7c6de1fd1, command=[]} | ret=SUCCESS |  
2019-08-27 21:52:20,268 | INFO  | SCMAudit | user=jenkins1000 | ip=192.168.69.113 | op=SEND_HEARTBEAT {datanodeUUID=ff101aed-a6b7-4de5-96bc-8545c1bca62b, command=[]} | ret=SUCCESS |  
2019-08-27 21:52:20,360 | INFO  | SCMAudit | user=jenkins1000 | ip=192.168.69.113 | op=SEND_HEARTBEAT {datanodeUUID=6fbb6c8f-68ec-4eec-acdd-5276ddf30de1, command=[]} | ret=SUCCESS |  
2019-08-27 21:52:20,587 | INFO  | SCMAudit | user=jenkins1000 | ip=192.168.69.113 | op=SEND_HEARTBEAT {datanodeUUID=803e2962-4b43-470b-a1eb-8fa95db682ee, command=[]} | ret=SUCCESS |  
2019-08-27 21:52:20,780 | INFO  | SCMAudit | user=jenkins1000 | ip=192.168.69.113 | op=SEND_HEARTBEAT {datanodeUUID=676885e1-3491-47d8-84ec-d928b9cef1c5, command=[]} | ret=SUCCESS |  
2019-08-27 21:52:21,143 | INFO  | SCMAudit | user=jenkins1000 | ip=192.168.69.113 | op=SEND_HEARTBEAT {datanodeUUID=6da4aad8-a4f6-4be0-a3fe-0ce626d82d81, command=[]} | ret=SUCCESS |  
2019-08-27 21:52:21,242 | INFO  | SCMAudit | user=jenkins1000 | ip=192.168.69.113 | op=SEND_HEARTBEAT {datanodeUUID=d16fede7-9c95-4edf-9c33-745cfaca74f6, command=[]} | ret=SUCCESS |  
2019-08-27 21:52:21,267 | INFO  | SCMAudit | user=jenkins1000 | ip=192.168.69.113 | op=SEND_HEARTBEAT {datanodeUUID=7ad9a523-ea61-4de8-b564-9ed7c6de1fd1, command=[]} | ret=SUCCESS |  
2019-08-27 21:52:21,267 | INFO  | SCMAudit | user=jenkins1000 | ip=192.168.69.113 | op=SEND_HEARTBEAT {datanodeUUID=ff101aed-a6b7-4de5-96bc-8545c1bca62b, command=[]} | ret=SUCCESS |  
2019-08-27 21:52:21,362 | INFO  | SCMAudit | user=jenkins1000 | ip=192.168.69.113 | op=SEND_HEARTBEAT {datanodeUUID=6fbb6c8f-68ec-4eec-acdd-5276ddf30de1, command=[]} | ret=SUCCESS |  
2019-08-27 21:52:21,587 | INFO  | SCMAudit | user=jenkins1000 | ip=192.168.69.113 | op=SEND_HEARTBEAT {datanodeUUID=803e2962-4b43-470b-a1eb-8fa95db682ee, command=[]} | ret=SUCCESS |  
2019-08-27 21:52:21,780 | INFO  | SCMAudit | user=jenkins1000 | ip=192.168.69.113 | op=SEND_HEARTBEAT {datanodeUUID=676885e1-3491-47d8-84ec-d928b9cef1c5, command=[]} | ret=SUCCESS |  
2019-08-27 21:52:22,143 | INFO  | SCMAudit | user=jenkins1000 | ip=192.168.69.113 | op=SEND_HEARTBEAT {datanodeUUID=6da4aad8-a4f6-4be0-a3fe-0ce626d82d81, command=[]} | ret=SUCCESS |  
2019-08-27 21:52:22,242 | INFO  | SCMAudit | user=jenkins1000 | ip=192.168.69.113 | op=SEND_HEARTBEAT {datanodeUUID=d16fede7-9c95-4edf-9c33-745cfaca74f6, command=[]} | ret=SUCCESS |  
2019-08-27 21:52:22,267 | INFO  | SCMAudit | user=jenkins1000 | ip=192.168.69.113 | op=SEND_HEARTBEAT {datanodeUUID=ff101aed-a6b7-4de5-96bc-8545c1bca62b, command=[]} | ret=SUCCESS |  
2019-08-27 21:52:22,268 | INFO  | SCMAudit | user=jenkins1000 | ip=192.168.69.113 | op=SEND_HEARTBEAT {datanodeUUID=7ad9a523-ea61-4de8-b564-9ed7c6de1fd1, command=[]} | ret=SUCCESS |  
2019-08-27 21:52:22,365 | INFO  | SCMAudit | user=jenkins1000 | ip=192.168.69.113 | op=SEND_HEARTBEAT {datanodeUUID=6fbb6c8f-68ec-4eec-acdd-5276ddf30de1, command=[]} | ret=SUCCESS |  
2019-08-27 21:52:22,587 | INFO  | SCMAudit | user=jenkins1000 | ip=192.168.69.113 | op=SEND_HEARTBEAT {datanodeUUID=803e2962-4b43-470b-a1eb-8fa95db682ee, command=[]} | ret=SUCCESS |  
2019-08-27 21:52:22,780 | INFO  | SCMAudit | user=jenkins1000 | ip=192.168.69.113 | op=SEND_HEARTBEAT {datanodeUUID=676885e1-3491-47d8-84ec-d928b9cef1c5, command=[]} | ret=SUCCESS |  
2019-08-27 21:52:23,143 | INFO  | SCMAudit | user=jenkins1000 | ip=192.168.69.113 | op=SEND_HEARTBEAT {datanodeUUID=6da4aad8-a4f6-4be0-a3fe-0ce626d82d81, command=[]} | ret=SUCCESS |  
2019-08-27 21:52:23,241 | INFO  | SCMAudit | user=jenkins1000 | ip=192.168.69.113 | op=SEND_HEARTBEAT {datanodeUUID=d16fede7-9c95-4edf-9c33-745cfaca74f6, command=[]} | ret=SUCCESS |  
2019-08-27 21:52:23,268 | INFO  | SCMAudit | user=jenkins1000 | ip=192.168.69.113 | op=SEND_HEARTBEAT {datanodeUUID=ff101aed-a6b7-4de5-96bc-8545c1bca62b, command=[]} | ret=SUCCESS |  
2019-08-27 21:52:23,268 | INFO  | SCMAudit | user=jenkins1000 | ip=192.168.69.113 | op=SEND_HEARTBEAT {datanodeUUID=7ad9a523-ea61-4de8-b564-9ed7c6de1fd1, command=[]} | ret=SUCCESS |  
2019-08-27 21:52:23,362 | INFO  | SCMAudit | user=jenkins1000 | ip=192.168.69.113 | op=SEND_HEARTBEAT {datanodeUUID=6fbb6c8f-68ec-4eec-acdd-5276ddf30de1, command=[]} | ret=SUCCESS |  
2019-08-27 21:52:23,393 [grpc-default-executor-5] INFO  client.GrpcClientProtocolClient (GrpcClientProtocolClient.java:onNext(255)) - client-9C14CD88FCAE->7ad9a523-ea61-4de8-b564-9ed7c6de1fd1: receive RaftClientReply:client-9C14CD88FCAE->7ad9a523-ea61-4de8-b564-9ed7c6de1fd1@group-92F312A34A51, cid=45, FAILED org.apache.ratis.protocol.NotLeaderException: Server 7ad9a523-ea61-4de8-b564-9ed7c6de1fd1 is not the leader (d16fede7-9c95-4edf-9c33-745cfaca74f6:192.168.69.113:38146). Request must be sent to leader., logIndex=0, commits[7ad9a523-ea61-4de8-b564-9ed7c6de1fd1:c8, d16fede7-9c95-4edf-9c33-745cfaca74f6:c8, ff101aed-a6b7-4de5-96bc-8545c1bca62b:c8]
2019-08-27 21:52:23,588 | INFO  | SCMAudit | user=jenkins1000 | ip=192.168.69.113 | op=SEND_HEARTBEAT {datanodeUUID=803e2962-4b43-470b-a1eb-8fa95db682ee, command=[]} | ret=SUCCESS |  
2019-08-27 21:52:23,780 | INFO  | SCMAudit | user=jenkins1000 | ip=192.168.69.113 | op=SEND_HEARTBEAT {datanodeUUID=676885e1-3491-47d8-84ec-d928b9cef1c5, command=[]} | ret=SUCCESS |  
2019-08-27 21:52:24,143 | INFO  | SCMAudit | user=jenkins1000 | ip=192.168.69.113 | op=SEND_HEARTBEAT {datanodeUUID=6da4aad8-a4f6-4be0-a3fe-0ce626d82d81, command=[]} | ret=SUCCESS |  
2019-08-27 21:52:24,243 | INFO  | SCMAudit | user=jenkins1000 | ip=192.168.69.113 | op=SEND_HEARTBEAT {datanodeUUID=d16fede7-9c95-4edf-9c33-745cfaca74f6, command=[]} | ret=SUCCESS |  
2019-08-27 21:52:24,269 | INFO  | SCMAudit | user=jenkins1000 | ip=192.168.69.113 | op=SEND_HEARTBEAT {datanodeUUID=ff101aed-a6b7-4de5-96bc-8545c1bca62b, command=[]} | ret=SUCCESS |  
2019-08-27 21:52:24,269 | INFO  | SCMAudit | user=jenkins1000 | ip=192.168.69.113 | op=SEND_HEARTBEAT {datanodeUUID=7ad9a523-ea61-4de8-b564-9ed7c6de1fd1, command=[]} | ret=SUCCESS |  
2019-08-27 21:52:24,363 | INFO  | SCMAudit | user=jenkins1000 | ip=192.168.69.113 | op=SEND_HEARTBEAT {datanodeUUID=6fbb6c8f-68ec-4eec-acdd-5276ddf30de1, command=[]} | ret=SUCCESS |  
2019-08-27 21:52:24,587 | INFO  | SCMAudit | user=jenkins1000 | ip=192.168.69.113 | op=SEND_HEARTBEAT {datanodeUUID=803e2962-4b43-470b-a1eb-8fa95db682ee, command=[]} | ret=SUCCESS |  
2019-08-27 21:52:24,780 | INFO  | SCMAudit | user=jenkins1000 | ip=192.168.69.113 | op=SEND_HEARTBEAT {datanodeUUID=676885e1-3491-47d8-84ec-d928b9cef1c5, command=[]} | ret=SUCCESS |  
2019-08-27 21:52:25,142 | INFO  | SCMAudit | user=jenkins1000 | ip=192.168.69.113 | op=SEND_HEARTBEAT {datanodeUUID=6da4aad8-a4f6-4be0-a3fe-0ce626d82d81, command=[]} | ret=SUCCESS |  
2019-08-27 21:52:25,243 | INFO  | SCMAudit | user=jenkins1000 | ip=192.168.69.113 | op=SEND_HEARTBEAT {datanodeUUID=d16fede7-9c95-4edf-9c33-745cfaca74f6, command=[]} | ret=SUCCESS |  
2019-08-27 21:52:25,268 | INFO  | SCMAudit | user=jenkins1000 | ip=192.168.69.113 | op=SEND_HEARTBEAT {datanodeUUID=ff101aed-a6b7-4de5-96bc-8545c1bca62b, command=[]} | ret=SUCCESS |  
2019-08-27 21:52:25,269 | INFO  | SCMAudit | user=jenkins1000 | ip=192.168.69.113 | op=SEND_HEARTBEAT {datanodeUUID=7ad9a523-ea61-4de8-b564-9ed7c6de1fd1, command=[]} | ret=SUCCESS |  
2019-08-27 21:52:25,364 | INFO  | SCMAudit | user=jenkins1000 | ip=192.168.69.113 | op=SEND_HEARTBEAT {datanodeUUID=6fbb6c8f-68ec-4eec-acdd-5276ddf30de1, command=[]} | ret=SUCCESS |  
2019-08-27 21:52:25,587 | INFO  | SCMAudit | user=jenkins1000 | ip=192.168.69.113 | op=SEND_HEARTBEAT {datanodeUUID=803e2962-4b43-470b-a1eb-8fa95db682ee, command=[]} | ret=SUCCESS |  
2019-08-27 21:52:25,780 | INFO  | SCMAudit | user=jenkins1000 | ip=192.168.69.113 | op=SEND_HEARTBEAT {datanodeUUID=676885e1-3491-47d8-84ec-d928b9cef1c5, command=[]} | ret=SUCCESS |  
2019-08-27 21:52:26,142 | INFO  | SCMAudit | user=jenkins1000 | ip=192.168.69.113 | op=SEND_HEARTBEAT {datanodeUUID=6da4aad8-a4f6-4be0-a3fe-0ce626d82d81, command=[]} | ret=SUCCESS |  
2019-08-27 21:52:26,243 | INFO  | SCMAudit | user=jenkins1000 | ip=192.168.69.113 | op=SEND_HEARTBEAT {datanodeUUID=d16fede7-9c95-4edf-9c33-745cfaca74f6, command=[]} | ret=SUCCESS |  
2019-08-27 21:52:26,269 | INFO  | SCMAudit | user=jenkins1000 | ip=192.168.69.113 | op=SEND_HEARTBEAT {datanodeUUID=ff101aed-a6b7-4de5-96bc-8545c1bca62b, command=[]} | ret=SUCCESS |  
2019-08-27 21:52:26,269 | INFO  | SCMAudit | user=jenkins1000 | ip=192.168.69.113 | op=SEND_HEARTBEAT {datanodeUUID=7ad9a523-ea61-4de8-b564-9ed7c6de1fd1, command=[]} | ret=SUCCESS |  
2019-08-27 21:52:26,364 | INFO  | SCMAudit | user=jenkins1000 | ip=192.168.69.113 | op=SEND_HEARTBEAT {datanodeUUID=6fbb6c8f-68ec-4eec-acdd-5276ddf30de1, command=[]} | ret=SUCCESS |  
2019-08-27 21:52:26,587 | INFO  | SCMAudit | user=jenkins1000 | ip=192.168.69.113 | op=SEND_HEARTBEAT {datanodeUUID=803e2962-4b43-470b-a1eb-8fa95db682ee, command=[]} | ret=SUCCESS |  
2019-08-27 21:52:26,780 | INFO  | SCMAudit | user=jenkins1000 | ip=192.168.69.113 | op=SEND_HEARTBEAT {datanodeUUID=676885e1-3491-47d8-84ec-d928b9cef1c5, command=[]} | ret=SUCCESS |  
2019-08-27 21:52:27,142 | INFO  | SCMAudit | user=jenkins1000 | ip=192.168.69.113 | op=SEND_HEARTBEAT {datanodeUUID=6da4aad8-a4f6-4be0-a3fe-0ce626d82d81, command=[]} | ret=SUCCESS |  
2019-08-27 21:52:27,242 | INFO  | SCMAudit | user=jenkins1000 | ip=192.168.69.113 | op=SEND_HEARTBEAT {datanodeUUID=d16fede7-9c95-4edf-9c33-745cfaca74f6, command=[]} | ret=SUCCESS |  
2019-08-27 21:52:27,268 | INFO  | SCMAudit | user=jenkins1000 | ip=192.168.69.113 | op=SEND_HEARTBEAT {datanodeUUID=ff101aed-a6b7-4de5-96bc-8545c1bca62b, command=[]} | ret=SUCCESS |  
2019-08-27 21:52:27,269 | INFO  | SCMAudit | user=jenkins1000 | ip=192.168.69.113 | op=SEND_HEARTBEAT {datanodeUUID=7ad9a523-ea61-4de8-b564-9ed7c6de1fd1, command=[]} | ret=SUCCESS |  
2019-08-27 21:52:27,365 | INFO  | SCMAudit | user=jenkins1000 | ip=192.168.69.113 | op=SEND_HEARTBEAT {datanodeUUID=6fbb6c8f-68ec-4eec-acdd-5276ddf30de1, command=[]} | ret=SUCCESS |  
2019-08-27 21:52:27,587 | INFO  | SCMAudit | user=jenkins1000 | ip=192.168.69.113 | op=SEND_HEARTBEAT {datanodeUUID=803e2962-4b43-470b-a1eb-8fa95db682ee, command=[]} | ret=SUCCESS |  
2019-08-27 21:52:27,780 | INFO  | SCMAudit | user=jenkins1000 | ip=192.168.69.113 | op=SEND_HEARTBEAT {datanodeUUID=676885e1-3491-47d8-84ec-d928b9cef1c5, command=[]} | ret=SUCCESS |  
2019-08-27 21:52:28,143 | INFO  | SCMAudit | user=jenkins1000 | ip=192.168.69.113 | op=SEND_HEARTBEAT {datanodeUUID=6da4aad8-a4f6-4be0-a3fe-0ce626d82d81, command=[]} | ret=SUCCESS |  
2019-08-27 21:52:28,242 | INFO  | SCMAudit | user=jenkins1000 | ip=192.168.69.113 | op=SEND_HEARTBEAT {datanodeUUID=d16fede7-9c95-4edf-9c33-745cfaca74f6, command=[]} | ret=SUCCESS |  
2019-08-27 21:52:28,269 | INFO  | SCMAudit | user=jenkins1000 | ip=192.168.69.113 | op=SEND_HEARTBEAT {datanodeUUID=ff101aed-a6b7-4de5-96bc-8545c1bca62b, command=[]} | ret=SUCCESS |  
2019-08-27 21:52:28,270 | INFO  | SCMAudit | user=jenkins1000 | ip=192.168.69.113 | op=SEND_HEARTBEAT {datanodeUUID=7ad9a523-ea61-4de8-b564-9ed7c6de1fd1, command=[]} | ret=SUCCESS |  
2019-08-27 21:52:28,364 | INFO  | SCMAudit | user=jenkins1000 | ip=192.168.69.113 | op=SEND_HEARTBEAT {datanodeUUID=6fbb6c8f-68ec-4eec-acdd-5276ddf30de1, command=[]} | ret=SUCCESS |  
2019-08-27 21:52:28,434 [grpc-default-executor-1] INFO  client.GrpcClientProtocolClient (GrpcClientProtocolClient.java:onNext(255)) - client-9C14CD88FCAE->7ad9a523-ea61-4de8-b564-9ed7c6de1fd1: receive RaftClientReply:client-9C14CD88FCAE->7ad9a523-ea61-4de8-b564-9ed7c6de1fd1@group-92F312A34A51, cid=45, FAILED org.apache.ratis.protocol.NotLeaderException: Server 7ad9a523-ea61-4de8-b564-9ed7c6de1fd1 is not the leader (d16fede7-9c95-4edf-9c33-745cfaca74f6:192.168.69.113:38146). Request must be sent to leader., logIndex=0, commits[7ad9a523-ea61-4de8-b564-9ed7c6de1fd1:c8, d16fede7-9c95-4edf-9c33-745cfaca74f6:c8, ff101aed-a6b7-4de5-96bc-8545c1bca62b:c8]
2019-08-27 21:52:28,587 | INFO  | SCMAudit | user=jenkins1000 | ip=192.168.69.113 | op=SEND_HEARTBEAT {datanodeUUID=803e2962-4b43-470b-a1eb-8fa95db682ee, command=[]} | ret=SUCCESS |  
2019-08-27 21:52:28,780 | INFO  | SCMAudit | user=jenkins1000 | ip=192.168.69.113 | op=SEND_HEARTBEAT {datanodeUUID=676885e1-3491-47d8-84ec-d928b9cef1c5, command=[]} | ret=SUCCESS |  
2019-08-27 21:52:29,143 | INFO  | SCMAudit | user=jenkins1000 | ip=192.168.69.113 | op=SEND_HEARTBEAT {datanodeUUID=6da4aad8-a4f6-4be0-a3fe-0ce626d82d81, command=[]} | ret=SUCCESS |  
2019-08-27 21:52:29,243 | INFO  | SCMAudit | user=jenkins1000 | ip=192.168.69.113 | op=SEND_HEARTBEAT {datanodeUUID=d16fede7-9c95-4edf-9c33-745cfaca74f6, command=[]} | ret=SUCCESS |  
2019-08-27 21:52:29,268 | INFO  | SCMAudit | user=jenkins1000 | ip=192.168.69.113 | op=SEND_HEARTBEAT {datanodeUUID=ff101aed-a6b7-4de5-96bc-8545c1bca62b, command=[]} | ret=SUCCESS |  
2019-08-27 21:52:29,270 | INFO  | SCMAudit | user=jenkins1000 | ip=192.168.69.113 | op=SEND_HEARTBEAT {datanodeUUID=7ad9a523-ea61-4de8-b564-9ed7c6de1fd1, command=[]} | ret=SUCCESS |  
2019-08-27 21:52:29,364 | INFO  | SCMAudit | user=jenkins1000 | ip=192.168.69.113 | op=SEND_HEARTBEAT {datanodeUUID=6fbb6c8f-68ec-4eec-acdd-5276ddf30de1, command=[]} | ret=SUCCESS |  
2019-08-27 21:52:29,587 | INFO  | SCMAudit | user=jenkins1000 | ip=192.168.69.113 | op=SEND_HEARTBEAT {datanodeUUID=803e2962-4b43-470b-a1eb-8fa95db682ee, command=[]} | ret=SUCCESS |  
2019-08-27 21:52:29,780 | INFO  | SCMAudit | user=jenkins1000 | ip=192.168.69.113 | op=SEND_HEARTBEAT {datanodeUUID=676885e1-3491-47d8-84ec-d928b9cef1c5, command=[]} | ret=SUCCESS |  
2019-08-27 21:52:30,143 | INFO  | SCMAudit | user=jenkins1000 | ip=192.168.69.113 | op=SEND_HEARTBEAT {datanodeUUID=6da4aad8-a4f6-4be0-a3fe-0ce626d82d81, command=[]} | ret=SUCCESS |  
2019-08-27 21:52:30,242 | INFO  | SCMAudit | user=jenkins1000 | ip=192.168.69.113 | op=SEND_HEARTBEAT {datanodeUUID=d16fede7-9c95-4edf-9c33-745cfaca74f6, command=[]} | ret=SUCCESS |  
2019-08-27 21:52:30,269 | INFO  | SCMAudit | user=jenkins1000 | ip=192.168.69.113 | op=SEND_HEARTBEAT {datanodeUUID=ff101aed-a6b7-4de5-96bc-8545c1bca62b, command=[]} | ret=SUCCESS |  
2019-08-27 21:52:30,271 | INFO  | SCMAudit | user=jenkins1000 | ip=192.168.69.113 | op=SEND_HEARTBEAT {datanodeUUID=7ad9a523-ea61-4de8-b564-9ed7c6de1fd1, command=[]} | ret=SUCCESS |  
2019-08-27 21:52:30,365 | INFO  | SCMAudit | user=jenkins1000 | ip=192.168.69.113 | op=SEND_HEARTBEAT {datanodeUUID=6fbb6c8f-68ec-4eec-acdd-5276ddf30de1, command=[]} | ret=SUCCESS |  
2019-08-27 21:52:30,587 | INFO  | SCMAudit | user=jenkins1000 | ip=192.168.69.113 | op=SEND_HEARTBEAT {datanodeUUID=803e2962-4b43-470b-a1eb-8fa95db682ee, command=[]} | ret=SUCCESS |  
2019-08-27 21:52:30,780 | INFO  | SCMAudit | user=jenkins1000 | ip=192.168.69.113 | op=SEND_HEARTBEAT {datanodeUUID=676885e1-3491-47d8-84ec-d928b9cef1c5, command=[]} | ret=SUCCESS |  
2019-08-27 21:52:31,142 | INFO  | SCMAudit | user=jenkins1000 | ip=192.168.69.113 | op=SEND_HEARTBEAT {datanodeUUID=6da4aad8-a4f6-4be0-a3fe-0ce626d82d81, command=[]} | ret=SUCCESS |  
2019-08-27 21:52:31,242 | INFO  | SCMAudit | user=jenkins1000 | ip=192.168.69.113 | op=SEND_HEARTBEAT {datanodeUUID=d16fede7-9c95-4edf-9c33-745cfaca74f6, command=[]} | ret=SUCCESS |  
2019-08-27 21:52:31,269 | INFO  | SCMAudit | user=jenkins1000 | ip=192.168.69.113 | op=SEND_HEARTBEAT {datanodeUUID=ff101aed-a6b7-4de5-96bc-8545c1bca62b, command=[]} | ret=SUCCESS |  
2019-08-27 21:52:31,270 | INFO  | SCMAudit | user=jenkins1000 | ip=192.168.69.113 | op=SEND_HEARTBEAT {datanodeUUID=7ad9a523-ea61-4de8-b564-9ed7c6de1fd1, command=[]} | ret=SUCCESS |  
2019-08-27 21:52:31,365 | INFO  | SCMAudit | user=jenkins1000 | ip=192.168.69.113 | op=SEND_HEARTBEAT {datanodeUUID=6fbb6c8f-68ec-4eec-acdd-5276ddf30de1, command=[]} | ret=SUCCESS |  
2019-08-27 21:52:31,589 | INFO  | SCMAudit | user=jenkins1000 | ip=192.168.69.113 | op=SEND_HEARTBEAT {datanodeUUID=803e2962-4b43-470b-a1eb-8fa95db682ee, command=[]} | ret=SUCCESS |  
2019-08-27 21:52:31,780 | INFO  | SCMAudit | user=jenkins1000 | ip=192.168.69.113 | op=SEND_HEARTBEAT {datanodeUUID=676885e1-3491-47d8-84ec-d928b9cef1c5, command=[]} | ret=SUCCESS |  
2019-08-27 21:52:32,142 | INFO  | SCMAudit | user=jenkins1000 | ip=192.168.69.113 | op=SEND_HEARTBEAT {datanodeUUID=6da4aad8-a4f6-4be0-a3fe-0ce626d82d81, command=[]} | ret=SUCCESS |  
2019-08-27 21:52:32,242 | INFO  | SCMAudit | user=jenkins1000 | ip=192.168.69.113 | op=SEND_HEARTBEAT {datanodeUUID=d16fede7-9c95-4edf-9c33-745cfaca74f6, command=[]} | ret=SUCCESS |  
2019-08-27 21:52:32,268 | INFO  | SCMAudit | user=jenkins1000 | ip=192.168.69.113 | op=SEND_HEARTBEAT {datanodeUUID=ff101aed-a6b7-4de5-96bc-8545c1bca62b, command=[]} | ret=SUCCESS |  
2019-08-27 21:52:32,270 | INFO  | SCMAudit | user=jenkins1000 | ip=192.168.69.113 | op=SEND_HEARTBEAT {datanodeUUID=7ad9a523-ea61-4de8-b564-9ed7c6de1fd1, command=[]} | ret=SUCCESS |  
2019-08-27 21:52:32,365 | INFO  | SCMAudit | user=jenkins1000 | ip=192.168.69.113 | op=SEND_HEARTBEAT {datanodeUUID=6fbb6c8f-68ec-4eec-acdd-5276ddf30de1, command=[]} | ret=SUCCESS |  
2019-08-27 21:52:32,588 | INFO  | SCMAudit | user=jenkins1000 | ip=192.168.69.113 | op=SEND_HEARTBEAT {datanodeUUID=803e2962-4b43-470b-a1eb-8fa95db682ee, command=[]} | ret=SUCCESS |  
2019-08-27 21:52:32,780 | INFO  | SCMAudit | user=jenkins1000 | ip=192.168.69.113 | op=SEND_HEARTBEAT {datanodeUUID=676885e1-3491-47d8-84ec-d928b9cef1c5, command=[]} | ret=SUCCESS |  
2019-08-27 21:52:33,142 | INFO  | SCMAudit | user=jenkins1000 | ip=192.168.69.113 | op=SEND_HEARTBEAT {datanodeUUID=6da4aad8-a4f6-4be0-a3fe-0ce626d82d81, command=[]} | ret=SUCCESS |  
2019-08-27 21:52:33,242 | INFO  | SCMAudit | user=jenkins1000 | ip=192.168.69.113 | op=SEND_HEARTBEAT {datanodeUUID=d16fede7-9c95-4edf-9c33-745cfaca74f6, command=[]} | ret=SUCCESS |  
2019-08-27 21:52:33,268 | INFO  | SCMAudit | user=jenkins1000 | ip=192.168.69.113 | op=SEND_HEARTBEAT {datanodeUUID=ff101aed-a6b7-4de5-96bc-8545c1bca62b, command=[]} | ret=SUCCESS |  
2019-08-27 21:52:33,271 | INFO  | SCMAudit | user=jenkins1000 | ip=192.168.69.113 | op=SEND_HEARTBEAT {datanodeUUID=7ad9a523-ea61-4de8-b564-9ed7c6de1fd1, command=[]} | ret=SUCCESS |  
2019-08-27 21:52:33,364 | INFO  | SCMAudit | user=jenkins1000 | ip=192.168.69.113 | op=SEND_HEARTBEAT {datanodeUUID=6fbb6c8f-68ec-4eec-acdd-5276ddf30de1, command=[]} | ret=SUCCESS |  
2019-08-27 21:52:33,473 [grpc-default-executor-1] INFO  client.GrpcClientProtocolClient (GrpcClientProtocolClient.java:onNext(255)) - client-9C14CD88FCAE->7ad9a523-ea61-4de8-b564-9ed7c6de1fd1: receive RaftClientReply:client-9C14CD88FCAE->7ad9a523-ea61-4de8-b564-9ed7c6de1fd1@group-92F312A34A51, cid=45, FAILED org.apache.ratis.protocol.NotLeaderException: Server 7ad9a523-ea61-4de8-b564-9ed7c6de1fd1 is not the leader (d16fede7-9c95-4edf-9c33-745cfaca74f6:192.168.69.113:38146). Request must be sent to leader., logIndex=0, commits[7ad9a523-ea61-4de8-b564-9ed7c6de1fd1:c8, d16fede7-9c95-4edf-9c33-745cfaca74f6:c8, ff101aed-a6b7-4de5-96bc-8545c1bca62b:c8]
2019-08-27 21:52:33,587 | INFO  | SCMAudit | user=jenkins1000 | ip=192.168.69.113 | op=SEND_HEARTBEAT {datanodeUUID=803e2962-4b43-470b-a1eb-8fa95db682ee, command=[]} | ret=SUCCESS |  
2019-08-27 21:52:33,781 | INFO  | SCMAudit | user=jenkins1000 | ip=192.168.69.113 | op=SEND_HEARTBEAT {datanodeUUID=676885e1-3491-47d8-84ec-d928b9cef1c5, command=[]} | ret=SUCCESS |  
2019-08-27 21:52:34,143 | INFO  | SCMAudit | user=jenkins1000 | ip=192.168.69.113 | op=SEND_HEARTBEAT {datanodeUUID=6da4aad8-a4f6-4be0-a3fe-0ce626d82d81, command=[]} | ret=SUCCESS |  
2019-08-27 21:52:34,243 | INFO  | SCMAudit | user=jenkins1000 | ip=192.168.69.113 | op=SEND_HEARTBEAT {datanodeUUID=d16fede7-9c95-4edf-9c33-745cfaca74f6, command=[]} | ret=SUCCESS |  
2019-08-27 21:52:34,268 | INFO  | SCMAudit | user=jenkins1000 | ip=192.168.69.113 | op=SEND_HEARTBEAT {datanodeUUID=ff101aed-a6b7-4de5-96bc-8545c1bca62b, command=[]} | ret=SUCCESS |  
2019-08-27 21:52:34,271 | INFO  | SCMAudit | user=jenkins1000 | ip=192.168.69.113 | op=SEND_HEARTBEAT {datanodeUUID=7ad9a523-ea61-4de8-b564-9ed7c6de1fd1, command=[]} | ret=SUCCESS |  
2019-08-27 21:52:34,365 | INFO  | SCMAudit | user=jenkins1000 | ip=192.168.69.113 | op=SEND_HEARTBEAT {datanodeUUID=6fbb6c8f-68ec-4eec-acdd-5276ddf30de1, command=[]} | ret=SUCCESS |  
2019-08-27 21:52:34,588 | INFO  | SCMAudit | user=jenkins1000 | ip=192.168.69.113 | op=SEND_HEARTBEAT {datanodeUUID=803e2962-4b43-470b-a1eb-8fa95db682ee, command=[]} | ret=SUCCESS |  
2019-08-27 21:52:34,782 | INFO  | SCMAudit | user=jenkins1000 | ip=192.168.69.113 | op=SEND_HEARTBEAT {datanodeUUID=676885e1-3491-47d8-84ec-d928b9cef1c5, command=[]} | ret=SUCCESS |  
2019-08-27 21:52:35,143 | INFO  | SCMAudit | user=jenkins1000 | ip=192.168.69.113 | op=SEND_HEARTBEAT {datanodeUUID=6da4aad8-a4f6-4be0-a3fe-0ce626d82d81, command=[]} | ret=SUCCESS |  
2019-08-27 21:52:35,242 | INFO  | SCMAudit | user=jenkins1000 | ip=192.168.69.113 | op=SEND_HEARTBEAT {datanodeUUID=d16fede7-9c95-4edf-9c33-745cfaca74f6, command=[]} | ret=SUCCESS |  
2019-08-27 21:52:35,269 | INFO  | SCMAudit | user=jenkins1000 | ip=192.168.69.113 | op=SEND_HEARTBEAT {datanodeUUID=ff101aed-a6b7-4de5-96bc-8545c1bca62b, command=[]} | ret=SUCCESS |  
2019-08-27 21:52:35,271 | INFO  | SCMAudit | user=jenkins1000 | ip=192.168.69.113 | op=SEND_HEARTBEAT {datanodeUUID=7ad9a523-ea61-4de8-b564-9ed7c6de1fd1, command=[]} | ret=SUCCESS |  
2019-08-27 21:52:35,366 | INFO  | SCMAudit | user=jenkins1000 | ip=192.168.69.113 | op=SEND_HEARTBEAT {datanodeUUID=6fbb6c8f-68ec-4eec-acdd-5276ddf30de1, command=[]} | ret=SUCCESS |  
2019-08-27 21:52:35,589 | INFO  | SCMAudit | user=jenkins1000 | ip=192.168.69.113 | op=SEND_HEARTBEAT {datanodeUUID=803e2962-4b43-470b-a1eb-8fa95db682ee, command=[]} | ret=SUCCESS |  
2019-08-27 21:52:35,781 | INFO  | SCMAudit | user=jenkins1000 | ip=192.168.69.113 | op=SEND_HEARTBEAT {datanodeUUID=676885e1-3491-47d8-84ec-d928b9cef1c5, command=[]} | ret=SUCCESS |  
2019-08-27 21:52:36,142 | INFO  | SCMAudit | user=jenkins1000 | ip=192.168.69.113 | op=SEND_HEARTBEAT {datanodeUUID=6da4aad8-a4f6-4be0-a3fe-0ce626d82d81, command=[]} | ret=SUCCESS |  
2019-08-27 21:52:36,243 | INFO  | SCMAudit | user=jenkins1000 | ip=192.168.69.113 | op=SEND_HEARTBEAT {datanodeUUID=d16fede7-9c95-4edf-9c33-745cfaca74f6, command=[]} | ret=SUCCESS |  
2019-08-27 21:52:36,268 | INFO  | SCMAudit | user=jenkins1000 | ip=192.168.69.113 | op=SEND_HEARTBEAT {datanodeUUID=ff101aed-a6b7-4de5-96bc-8545c1bca62b, command=[]} | ret=SUCCESS |  
2019-08-27 21:52:36,272 | INFO  | SCMAudit | user=jenkins1000 | ip=192.168.69.113 | op=SEND_HEARTBEAT {datanodeUUID=7ad9a523-ea61-4de8-b564-9ed7c6de1fd1, command=[]} | ret=SUCCESS |  
2019-08-27 21:52:36,366 | INFO  | SCMAudit | user=jenkins1000 | ip=192.168.69.113 | op=SEND_HEARTBEAT {datanodeUUID=6fbb6c8f-68ec-4eec-acdd-5276ddf30de1, command=[]} | ret=SUCCESS |  
2019-08-27 21:52:36,588 | INFO  | SCMAudit | user=jenkins1000 | ip=192.168.69.113 | op=SEND_HEARTBEAT {datanodeUUID=803e2962-4b43-470b-a1eb-8fa95db682ee, command=[]} | ret=SUCCESS |  
2019-08-27 21:52:36,781 | INFO  | SCMAudit | user=jenkins1000 | ip=192.168.69.113 | op=SEND_HEARTBEAT {datanodeUUID=676885e1-3491-47d8-84ec-d928b9cef1c5, command=[]} | ret=SUCCESS |  
2019-08-27 21:52:37,143 | INFO  | SCMAudit | user=jenkins1000 | ip=192.168.69.113 | op=SEND_HEARTBEAT {datanodeUUID=6da4aad8-a4f6-4be0-a3fe-0ce626d82d81, command=[]} | ret=SUCCESS |  
2019-08-27 21:52:37,243 | INFO  | SCMAudit | user=jenkins1000 | ip=192.168.69.113 | op=SEND_HEARTBEAT {datanodeUUID=d16fede7-9c95-4edf-9c33-745cfaca74f6, command=[]} | ret=SUCCESS |  
2019-08-27 21:52:37,269 | INFO  | SCMAudit | user=jenkins1000 | ip=192.168.69.113 | op=SEND_HEARTBEAT {datanodeUUID=ff101aed-a6b7-4de5-96bc-8545c1bca62b, command=[]} | ret=SUCCESS |  
2019-08-27 21:52:37,271 | INFO  | SCMAudit | user=jenkins1000 | ip=192.168.69.113 | op=SEND_HEARTBEAT {datanodeUUID=7ad9a523-ea61-4de8-b564-9ed7c6de1fd1, command=[]} | ret=SUCCESS |  
2019-08-27 21:52:37,365 | INFO  | SCMAudit | user=jenkins1000 | ip=192.168.69.113 | op=SEND_HEARTBEAT {datanodeUUID=6fbb6c8f-68ec-4eec-acdd-5276ddf30de1, command=[]} | ret=SUCCESS |  
2019-08-27 21:52:37,589 | INFO  | SCMAudit | user=jenkins1000 | ip=192.168.69.113 | op=SEND_HEARTBEAT {datanodeUUID=803e2962-4b43-470b-a1eb-8fa95db682ee, command=[]} | ret=SUCCESS |  
2019-08-27 21:52:37,782 | INFO  | SCMAudit | user=jenkins1000 | ip=192.168.69.113 | op=SEND_HEARTBEAT {datanodeUUID=676885e1-3491-47d8-84ec-d928b9cef1c5, command=[]} | ret=SUCCESS |  
2019-08-27 21:52:38,144 | INFO  | SCMAudit | user=jenkins1000 | ip=192.168.69.113 | op=SEND_HEARTBEAT {datanodeUUID=6da4aad8-a4f6-4be0-a3fe-0ce626d82d81, command=[]} | ret=SUCCESS |  
2019-08-27 21:52:38,242 | INFO  | SCMAudit | user=jenkins1000 | ip=192.168.69.113 | op=SEND_HEARTBEAT {datanodeUUID=d16fede7-9c95-4edf-9c33-745cfaca74f6, command=[]} | ret=SUCCESS |  
2019-08-27 21:52:38,268 | INFO  | SCMAudit | user=jenkins1000 | ip=192.168.69.113 | op=SEND_HEARTBEAT {datanodeUUID=ff101aed-a6b7-4de5-96bc-8545c1bca62b, command=[]} | ret=SUCCESS |  
2019-08-27 21:52:38,271 | INFO  | SCMAudit | user=jenkins1000 | ip=192.168.69.113 | op=SEND_HEARTBEAT {datanodeUUID=7ad9a523-ea61-4de8-b564-9ed7c6de1fd1, command=[]} | ret=SUCCESS |  
2019-08-27 21:52:38,366 | INFO  | SCMAudit | user=jenkins1000 | ip=192.168.69.113 | op=SEND_HEARTBEAT {datanodeUUID=6fbb6c8f-68ec-4eec-acdd-5276ddf30de1, command=[]} | ret=SUCCESS |  
2019-08-27 21:52:38,523 [grpc-default-executor-5] INFO  client.GrpcClientProtocolClient (GrpcClientProtocolClient.java:onNext(255)) - client-9C14CD88FCAE->ff101aed-a6b7-4de5-96bc-8545c1bca62b: receive RaftClientReply:client-9C14CD88FCAE->ff101aed-a6b7-4de5-96bc-8545c1bca62b@group-92F312A34A51, cid=45, FAILED org.apache.ratis.protocol.NotLeaderException: Server ff101aed-a6b7-4de5-96bc-8545c1bca62b is not the leader (d16fede7-9c95-4edf-9c33-745cfaca74f6:192.168.69.113:38146). Request must be sent to leader., logIndex=0, commits[ff101aed-a6b7-4de5-96bc-8545c1bca62b:c8, d16fede7-9c95-4edf-9c33-745cfaca74f6:c8, 7ad9a523-ea61-4de8-b564-9ed7c6de1fd1:c8]
2019-08-27 21:52:38,589 | INFO  | SCMAudit | user=jenkins1000 | ip=192.168.69.113 | op=SEND_HEARTBEAT {datanodeUUID=803e2962-4b43-470b-a1eb-8fa95db682ee, command=[]} | ret=SUCCESS |  
2019-08-27 21:52:38,783 | INFO  | SCMAudit | user=jenkins1000 | ip=192.168.69.113 | op=SEND_HEARTBEAT {datanodeUUID=676885e1-3491-47d8-84ec-d928b9cef1c5, command=[]} | ret=SUCCESS |  
2019-08-27 21:52:39,143 | INFO  | SCMAudit | user=jenkins1000 | ip=192.168.69.113 | op=SEND_HEARTBEAT {datanodeUUID=6da4aad8-a4f6-4be0-a3fe-0ce626d82d81, command=[]} | ret=SUCCESS |  
2019-08-27 21:52:39,243 | INFO  | SCMAudit | user=jenkins1000 | ip=192.168.69.113 | op=SEND_HEARTBEAT {datanodeUUID=d16fede7-9c95-4edf-9c33-745cfaca74f6, command=[]} | ret=SUCCESS |  
2019-08-27 21:52:39,268 | INFO  | SCMAudit | user=jenkins1000 | ip=192.168.69.113 | op=SEND_HEARTBEAT {datanodeUUID=ff101aed-a6b7-4de5-96bc-8545c1bca62b, command=[]} | ret=SUCCESS |  
2019-08-27 21:52:39,271 | INFO  | SCMAudit | user=jenkins1000 | ip=192.168.69.113 | op=SEND_HEARTBEAT {datanodeUUID=7ad9a523-ea61-4de8-b564-9ed7c6de1fd1, command=[]} | ret=SUCCESS |  
2019-08-27 21:52:39,367 | INFO  | SCMAudit | user=jenkins1000 | ip=192.168.69.113 | op=SEND_HEARTBEAT {datanodeUUID=6fbb6c8f-68ec-4eec-acdd-5276ddf30de1, command=[]} | ret=SUCCESS |  
2019-08-27 21:52:39,589 | INFO  | SCMAudit | user=jenkins1000 | ip=192.168.69.113 | op=SEND_HEARTBEAT {datanodeUUID=803e2962-4b43-470b-a1eb-8fa95db682ee, command=[]} | ret=SUCCESS |  
2019-08-27 21:52:39,783 | INFO  | SCMAudit | user=jenkins1000 | ip=192.168.69.113 | op=SEND_HEARTBEAT {datanodeUUID=676885e1-3491-47d8-84ec-d928b9cef1c5, command=[]} | ret=SUCCESS |  
2019-08-27 21:52:40,144 | INFO  | SCMAudit | user=jenkins1000 | ip=192.168.69.113 | op=SEND_HEARTBEAT {datanodeUUID=6da4aad8-a4f6-4be0-a3fe-0ce626d82d81, command=[]} | ret=SUCCESS |  
2019-08-27 21:52:40,242 | INFO  | SCMAudit | user=jenkins1000 | ip=192.168.69.113 | op=SEND_HEARTBEAT {datanodeUUID=d16fede7-9c95-4edf-9c33-745cfaca74f6, command=[]} | ret=SUCCESS |  
2019-08-27 21:52:40,268 | INFO  | SCMAudit | user=jenkins1000 | ip=192.168.69.113 | op=SEND_HEARTBEAT {datanodeUUID=ff101aed-a6b7-4de5-96bc-8545c1bca62b, command=[]} | ret=SUCCESS |  
2019-08-27 21:52:40,272 | INFO  | SCMAudit | user=jenkins1000 | ip=192.168.69.113 | op=SEND_HEARTBEAT {datanodeUUID=7ad9a523-ea61-4de8-b564-9ed7c6de1fd1, command=[]} | ret=SUCCESS |  
2019-08-27 21:52:40,367 | INFO  | SCMAudit | user=jenkins1000 | ip=192.168.69.113 | op=SEND_HEARTBEAT {datanodeUUID=6fbb6c8f-68ec-4eec-acdd-5276ddf30de1, command=[]} | ret=SUCCESS |  
2019-08-27 21:52:40,589 | INFO  | SCMAudit | user=jenkins1000 | ip=192.168.69.113 | op=SEND_HEARTBEAT {datanodeUUID=803e2962-4b43-470b-a1eb-8fa95db682ee, command=[]} | ret=SUCCESS |  
2019-08-27 21:52:40,782 | INFO  | SCMAudit | user=jenkins1000 | ip=192.168.69.113 | op=SEND_HEARTBEAT {datanodeUUID=676885e1-3491-47d8-84ec-d928b9cef1c5, command=[]} | ret=SUCCESS |  
2019-08-27 21:52:41,145 | INFO  | SCMAudit | user=jenkins1000 | ip=192.168.69.113 | op=SEND_HEARTBEAT {datanodeUUID=6da4aad8-a4f6-4be0-a3fe-0ce626d82d81, command=[]} | ret=SUCCESS |  
2019-08-27 21:52:41,243 | INFO  | SCMAudit | user=jenkins1000 | ip=192.168.69.113 | op=SEND_HEARTBEAT {datanodeUUID=d16fede7-9c95-4edf-9c33-745cfaca74f6, command=[]} | ret=SUCCESS |  
2019-08-27 21:52:41,269 | INFO  | SCMAudit | user=jenkins1000 | ip=192.168.69.113 | op=SEND_HEARTBEAT {datanodeUUID=ff101aed-a6b7-4de5-96bc-8545c1bca62b, command=[]} | ret=SUCCESS |  
2019-08-27 21:52:41,273 | INFO  | SCMAudit | user=jenkins1000 | ip=192.168.69.113 | op=SEND_HEARTBEAT {datanodeUUID=7ad9a523-ea61-4de8-b564-9ed7c6de1fd1, command=[]} | ret=SUCCESS |  
2019-08-27 21:52:41,366 | INFO  | SCMAudit | user=jenkins1000 | ip=192.168.69.113 | op=SEND_HEARTBEAT {datanodeUUID=6fbb6c8f-68ec-4eec-acdd-5276ddf30de1, command=[]} | ret=SUCCESS |  
2019-08-27 21:52:41,589 | INFO  | SCMAudit | user=jenkins1000 | ip=192.168.69.113 | op=SEND_HEARTBEAT {datanodeUUID=803e2962-4b43-470b-a1eb-8fa95db682ee, command=[]} | ret=SUCCESS |  
2019-08-27 21:52:41,783 | INFO  | SCMAudit | user=jenkins1000 | ip=192.168.69.113 | op=SEND_HEARTBEAT {datanodeUUID=676885e1-3491-47d8-84ec-d928b9cef1c5, command=[]} | ret=SUCCESS |  
2019-08-27 21:52:42,145 | INFO  | SCMAudit | user=jenkins1000 | ip=192.168.69.113 | op=SEND_HEARTBEAT {datanodeUUID=6da4aad8-a4f6-4be0-a3fe-0ce626d82d81, command=[]} | ret=SUCCESS |  
2019-08-27 21:52:42,243 | INFO  | SCMAudit | user=jenkins1000 | ip=192.168.69.113 | op=SEND_HEARTBEAT {datanodeUUID=d16fede7-9c95-4edf-9c33-745cfaca74f6, command=[]} | ret=SUCCESS |  
2019-08-27 21:52:42,268 | INFO  | SCMAudit | user=jenkins1000 | ip=192.168.69.113 | op=SEND_HEARTBEAT {datanodeUUID=ff101aed-a6b7-4de5-96bc-8545c1bca62b, command=[]} | ret=SUCCESS |  
2019-08-27 21:52:42,272 | INFO  | SCMAudit | user=jenkins1000 | ip=192.168.69.113 | op=SEND_HEARTBEAT {datanodeUUID=7ad9a523-ea61-4de8-b564-9ed7c6de1fd1, command=[]} | ret=SUCCESS |  
2019-08-27 21:52:42,366 | INFO  | SCMAudit | user=jenkins1000 | ip=192.168.69.113 | op=SEND_HEARTBEAT {datanodeUUID=6fbb6c8f-68ec-4eec-acdd-5276ddf30de1, command=[]} | ret=SUCCESS |  
2019-08-27 21:52:42,589 | INFO  | SCMAudit | user=jenkins1000 | ip=192.168.69.113 | op=SEND_HEARTBEAT {datanodeUUID=803e2962-4b43-470b-a1eb-8fa95db682ee, command=[]} | ret=SUCCESS |  
2019-08-27 21:52:42,782 | INFO  | SCMAudit | user=jenkins1000 | ip=192.168.69.113 | op=SEND_HEARTBEAT {datanodeUUID=676885e1-3491-47d8-84ec-d928b9cef1c5, command=[]} | ret=SUCCESS |  
2019-08-27 21:52:43,145 | INFO  | SCMAudit | user=jenkins1000 | ip=192.168.69.113 | op=SEND_HEARTBEAT {datanodeUUID=6da4aad8-a4f6-4be0-a3fe-0ce626d82d81, command=[]} | ret=SUCCESS |  
2019-08-27 21:52:43,243 | INFO  | SCMAudit | user=jenkins1000 | ip=192.168.69.113 | op=SEND_HEARTBEAT {datanodeUUID=d16fede7-9c95-4edf-9c33-745cfaca74f6, command=[]} | ret=SUCCESS |  
2019-08-27 21:52:43,269 | INFO  | SCMAudit | user=jenkins1000 | ip=192.168.69.113 | op=SEND_HEARTBEAT {datanodeUUID=ff101aed-a6b7-4de5-96bc-8545c1bca62b, command=[]} | ret=SUCCESS |  
2019-08-27 21:52:43,272 | INFO  | SCMAudit | user=jenkins1000 | ip=192.168.69.113 | op=SEND_HEARTBEAT {datanodeUUID=7ad9a523-ea61-4de8-b564-9ed7c6de1fd1, command=[]} | ret=SUCCESS |  
2019-08-27 21:52:43,367 | INFO  | SCMAudit | user=jenkins1000 | ip=192.168.69.113 | op=SEND_HEARTBEAT {datanodeUUID=6fbb6c8f-68ec-4eec-acdd-5276ddf30de1, command=[]} | ret=SUCCESS |  
2019-08-27 21:52:43,563 [grpc-default-executor-5] INFO  client.GrpcClientProtocolClient (GrpcClientProtocolClient.java:onNext(255)) - client-9C14CD88FCAE->7ad9a523-ea61-4de8-b564-9ed7c6de1fd1: receive RaftClientReply:client-9C14CD88FCAE->7ad9a523-ea61-4de8-b564-9ed7c6de1fd1@group-92F312A34A51, cid=45, FAILED org.apache.ratis.protocol.NotLeaderException: Server 7ad9a523-ea61-4de8-b564-9ed7c6de1fd1 is not the leader (d16fede7-9c95-4edf-9c33-745cfaca74f6:192.168.69.113:38146). Request must be sent to leader., logIndex=0, commits[7ad9a523-ea61-4de8-b564-9ed7c6de1fd1:c8, d16fede7-9c95-4edf-9c33-745cfaca74f6:c8, ff101aed-a6b7-4de5-96bc-8545c1bca62b:c8]
2019-08-27 21:52:43,588 | INFO  | SCMAudit | user=jenkins1000 | ip=192.168.69.113 | op=SEND_HEARTBEAT {datanodeUUID=803e2962-4b43-470b-a1eb-8fa95db682ee, command=[]} | ret=SUCCESS |  
2019-08-27 21:52:43,782 | INFO  | SCMAudit | user=jenkins1000 | ip=192.168.69.113 | op=SEND_HEARTBEAT {datanodeUUID=676885e1-3491-47d8-84ec-d928b9cef1c5, command=[]} | ret=SUCCESS |  
2019-08-27 21:52:44,146 | INFO  | SCMAudit | user=jenkins1000 | ip=192.168.69.113 | op=SEND_HEARTBEAT {datanodeUUID=6da4aad8-a4f6-4be0-a3fe-0ce626d82d81, command=[]} | ret=SUCCESS |  
2019-08-27 21:52:44,244 | INFO  | SCMAudit | user=jenkins1000 | ip=192.168.69.113 | op=SEND_HEARTBEAT {datanodeUUID=d16fede7-9c95-4edf-9c33-745cfaca74f6, command=[]} | ret=SUCCESS |  
2019-08-27 21:52:44,268 | INFO  | SCMAudit | user=jenkins1000 | ip=192.168.69.113 | op=SEND_HEARTBEAT {datanodeUUID=ff101aed-a6b7-4de5-96bc-8545c1bca62b, command=[]} | ret=SUCCESS |  
2019-08-27 21:52:44,272 | INFO  | SCMAudit | user=jenkins1000 | ip=192.168.69.113 | op=SEND_HEARTBEAT {datanodeUUID=7ad9a523-ea61-4de8-b564-9ed7c6de1fd1, command=[]} | ret=SUCCESS |  
2019-08-27 21:52:44,368 | INFO  | SCMAudit | user=jenkins1000 | ip=192.168.69.113 | op=SEND_HEARTBEAT {datanodeUUID=6fbb6c8f-68ec-4eec-acdd-5276ddf30de1, command=[]} | ret=SUCCESS |  
2019-08-27 21:52:44,588 | INFO  | SCMAudit | user=jenkins1000 | ip=192.168.69.113 | op=SEND_HEARTBEAT {datanodeUUID=803e2962-4b43-470b-a1eb-8fa95db682ee, command=[]} | ret=SUCCESS |  
2019-08-27 21:52:44,783 | INFO  | SCMAudit | user=jenkins1000 | ip=192.168.69.113 | op=SEND_HEARTBEAT {datanodeUUID=676885e1-3491-47d8-84ec-d928b9cef1c5, command=[]} | ret=SUCCESS |  
2019-08-27 21:52:45,147 | INFO  | SCMAudit | user=jenkins1000 | ip=192.168.69.113 | op=SEND_HEARTBEAT {datanodeUUID=6da4aad8-a4f6-4be0-a3fe-0ce626d82d81, command=[]} | ret=SUCCESS |  
2019-08-27 21:52:45,243 | INFO  | SCMAudit | user=jenkins1000 | ip=192.168.69.113 | op=SEND_HEARTBEAT {datanodeUUID=d16fede7-9c95-4edf-9c33-745cfaca74f6, command=[]} | ret=SUCCESS |  
2019-08-27 21:52:45,268 | INFO  | SCMAudit | user=jenkins1000 | ip=192.168.69.113 | op=SEND_HEARTBEAT {datanodeUUID=ff101aed-a6b7-4de5-96bc-8545c1bca62b, command=[]} | ret=SUCCESS |  
2019-08-27 21:52:45,272 | INFO  | SCMAudit | user=jenkins1000 | ip=192.168.69.113 | op=SEND_HEARTBEAT {datanodeUUID=7ad9a523-ea61-4de8-b564-9ed7c6de1fd1, command=[]} | ret=SUCCESS |  
2019-08-27 21:52:45,367 | INFO  | SCMAudit | user=jenkins1000 | ip=192.168.69.113 | op=SEND_HEARTBEAT {datanodeUUID=6fbb6c8f-68ec-4eec-acdd-5276ddf30de1, command=[]} | ret=SUCCESS |  
2019-08-27 21:52:45,589 | INFO  | SCMAudit | user=jenkins1000 | ip=192.168.69.113 | op=SEND_HEARTBEAT {datanodeUUID=803e2962-4b43-470b-a1eb-8fa95db682ee, command=[]} | ret=SUCCESS |  
2019-08-27 21:52:45,782 | INFO  | SCMAudit | user=jenkins1000 | ip=192.168.69.113 | op=SEND_HEARTBEAT {datanodeUUID=676885e1-3491-47d8-84ec-d928b9cef1c5, command=[]} | ret=SUCCESS |  
2019-08-27 21:52:46,146 | INFO  | SCMAudit | user=jenkins1000 | ip=192.168.69.113 | op=SEND_HEARTBEAT {datanodeUUID=6da4aad8-a4f6-4be0-a3fe-0ce626d82d81, command=[]} | ret=SUCCESS |  
2019-08-27 21:52:46,243 | INFO  | SCMAudit | user=jenkins1000 | ip=192.168.69.113 | op=SEND_HEARTBEAT {datanodeUUID=d16fede7-9c95-4edf-9c33-745cfaca74f6, command=[]} | ret=SUCCESS |  
2019-08-27 21:52:46,269 | INFO  | SCMAudit | user=jenkins1000 | ip=192.168.69.113 | op=SEND_HEARTBEAT {datanodeUUID=ff101aed-a6b7-4de5-96bc-8545c1bca62b, command=[]} | ret=SUCCESS |  
2019-08-27 21:52:46,272 | INFO  | SCMAudit | user=jenkins1000 | ip=192.168.69.113 | op=SEND_HEARTBEAT {datanodeUUID=7ad9a523-ea61-4de8-b564-9ed7c6de1fd1, command=[]} | ret=SUCCESS |  
2019-08-27 21:52:46,368 | INFO  | SCMAudit | user=jenkins1000 | ip=192.168.69.113 | op=SEND_HEARTBEAT {datanodeUUID=6fbb6c8f-68ec-4eec-acdd-5276ddf30de1, command=[]} | ret=SUCCESS |  
2019-08-27 21:52:46,588 | INFO  | SCMAudit | user=jenkins1000 | ip=192.168.69.113 | op=SEND_HEARTBEAT {datanodeUUID=803e2962-4b43-470b-a1eb-8fa95db682ee, command=[]} | ret=SUCCESS |  
2019-08-27 21:52:46,782 | INFO  | SCMAudit | user=jenkins1000 | ip=192.168.69.113 | op=SEND_HEARTBEAT {datanodeUUID=676885e1-3491-47d8-84ec-d928b9cef1c5, command=[]} | ret=SUCCESS |  
2019-08-27 21:52:47,145 | INFO  | SCMAudit | user=jenkins1000 | ip=192.168.69.113 | op=SEND_HEARTBEAT {datanodeUUID=6da4aad8-a4f6-4be0-a3fe-0ce626d82d81, command=[]} | ret=SUCCESS |  
2019-08-27 21:52:47,244 | INFO  | SCMAudit | user=jenkins1000 | ip=192.168.69.113 | op=SEND_HEARTBEAT {datanodeUUID=d16fede7-9c95-4edf-9c33-745cfaca74f6, command=[]} | ret=SUCCESS |  
2019-08-27 21:52:47,269 | INFO  | SCMAudit | user=jenkins1000 | ip=192.168.69.113 | op=SEND_HEARTBEAT {datanodeUUID=ff101aed-a6b7-4de5-96bc-8545c1bca62b, command=[]} | ret=SUCCESS |  
2019-08-27 21:52:47,273 | INFO  | SCMAudit | user=jenkins1000 | ip=192.168.69.113 | op=SEND_HEARTBEAT {datanodeUUID=7ad9a523-ea61-4de8-b564-9ed7c6de1fd1, command=[]} | ret=SUCCESS |  
2019-08-27 21:52:47,367 | INFO  | SCMAudit | user=jenkins1000 | ip=192.168.69.113 | op=SEND_HEARTBEAT {datanodeUUID=6fbb6c8f-68ec-4eec-acdd-5276ddf30de1, command=[]} | ret=SUCCESS |  
2019-08-27 21:52:47,592 | INFO  | SCMAudit | user=jenkins1000 | ip=192.168.69.113 | op=SEND_HEARTBEAT {datanodeUUID=803e2962-4b43-470b-a1eb-8fa95db682ee, command=[]} | ret=SUCCESS |  
2019-08-27 21:52:47,783 | INFO  | SCMAudit | user=jenkins1000 | ip=192.168.69.113 | op=SEND_HEARTBEAT {datanodeUUID=676885e1-3491-47d8-84ec-d928b9cef1c5, command=[]} | ret=SUCCESS |  
2019-08-27 21:52:48,145 | INFO  | SCMAudit | user=jenkins1000 | ip=192.168.69.113 | op=SEND_HEARTBEAT {datanodeUUID=6da4aad8-a4f6-4be0-a3fe-0ce626d82d81, command=[]} | ret=SUCCESS |  
2019-08-27 21:52:48,245 | INFO  | SCMAudit | user=jenkins1000 | ip=192.168.69.113 | op=SEND_HEARTBEAT {datanodeUUID=d16fede7-9c95-4edf-9c33-745cfaca74f6, command=[]} | ret=SUCCESS |  
2019-08-27 21:52:48,269 | INFO  | SCMAudit | user=jenkins1000 | ip=192.168.69.113 | op=SEND_HEARTBEAT {datanodeUUID=ff101aed-a6b7-4de5-96bc-8545c1bca62b, command=[]} | ret=SUCCESS |  
2019-08-27 21:52:48,273 | INFO  | SCMAudit | user=jenkins1000 | ip=192.168.69.113 | op=SEND_HEARTBEAT {datanodeUUID=7ad9a523-ea61-4de8-b564-9ed7c6de1fd1, command=[]} | ret=SUCCESS |  
2019-08-27 21:52:48,367 | INFO  | SCMAudit | user=jenkins1000 | ip=192.168.69.113 | op=SEND_HEARTBEAT {datanodeUUID=6fbb6c8f-68ec-4eec-acdd-5276ddf30de1, command=[]} | ret=SUCCESS |  
2019-08-27 21:52:48,590 | INFO  | SCMAudit | user=jenkins1000 | ip=192.168.69.113 | op=SEND_HEARTBEAT {datanodeUUID=803e2962-4b43-470b-a1eb-8fa95db682ee, command=[]} | ret=SUCCESS |  
2019-08-27 21:52:48,623 [grpc-default-executor-5] INFO  client.GrpcClientProtocolClient (GrpcClientProtocolClient.java:onNext(255)) - client-9C14CD88FCAE->7ad9a523-ea61-4de8-b564-9ed7c6de1fd1: receive RaftClientReply:client-9C14CD88FCAE->7ad9a523-ea61-4de8-b564-9ed7c6de1fd1@group-92F312A34A51, cid=45, FAILED org.apache.ratis.protocol.NotLeaderException: Server 7ad9a523-ea61-4de8-b564-9ed7c6de1fd1 is not the leader (d16fede7-9c95-4edf-9c33-745cfaca74f6:192.168.69.113:38146). Request must be sent to leader., logIndex=0, commits[7ad9a523-ea61-4de8-b564-9ed7c6de1fd1:c8, d16fede7-9c95-4edf-9c33-745cfaca74f6:c8, ff101aed-a6b7-4de5-96bc-8545c1bca62b:c8]
2019-08-27 21:52:48,782 | INFO  | SCMAudit | user=jenkins1000 | ip=192.168.69.113 | op=SEND_HEARTBEAT {datanodeUUID=676885e1-3491-47d8-84ec-d928b9cef1c5, command=[]} | ret=SUCCESS |  
2019-08-27 21:52:49,145 | INFO  | SCMAudit | user=jenkins1000 | ip=192.168.69.113 | op=SEND_HEARTBEAT {datanodeUUID=6da4aad8-a4f6-4be0-a3fe-0ce626d82d81, command=[]} | ret=SUCCESS |  
2019-08-27 21:52:49,244 | INFO  | SCMAudit | user=jenkins1000 | ip=192.168.69.113 | op=SEND_HEARTBEAT {datanodeUUID=d16fede7-9c95-4edf-9c33-745cfaca74f6, command=[]} | ret=SUCCESS |  
2019-08-27 21:52:49,269 | INFO  | SCMAudit | user=jenkins1000 | ip=192.168.69.113 | op=SEND_HEARTBEAT {datanodeUUID=ff101aed-a6b7-4de5-96bc-8545c1bca62b, command=[]} | ret=SUCCESS |  
2019-08-27 21:52:49,274 | INFO  | SCMAudit | user=jenkins1000 | ip=192.168.69.113 | op=SEND_HEARTBEAT {datanodeUUID=7ad9a523-ea61-4de8-b564-9ed7c6de1fd1, command=[]} | ret=SUCCESS |  
2019-08-27 21:52:49,367 | INFO  | SCMAudit | user=jenkins1000 | ip=192.168.69.113 | op=SEND_HEARTBEAT {datanodeUUID=6fbb6c8f-68ec-4eec-acdd-5276ddf30de1, command=[]} | ret=SUCCESS |  
2019-08-27 21:52:49,591 | INFO  | SCMAudit | user=jenkins1000 | ip=192.168.69.113 | op=SEND_HEARTBEAT {datanodeUUID=803e2962-4b43-470b-a1eb-8fa95db682ee, command=[]} | ret=SUCCESS |  
2019-08-27 21:52:49,782 | INFO  | SCMAudit | user=jenkins1000 | ip=192.168.69.113 | op=SEND_HEARTBEAT {datanodeUUID=676885e1-3491-47d8-84ec-d928b9cef1c5, command=[]} | ret=SUCCESS |  
2019-08-27 21:52:50,146 | INFO  | SCMAudit | user=jenkins1000 | ip=192.168.69.113 | op=SEND_HEARTBEAT {datanodeUUID=6da4aad8-a4f6-4be0-a3fe-0ce626d82d81, command=[]} | ret=SUCCESS |  
2019-08-27 21:52:50,245 | INFO  | SCMAudit | user=jenkins1000 | ip=192.168.69.113 | op=SEND_HEARTBEAT {datanodeUUID=d16fede7-9c95-4edf-9c33-745cfaca74f6, command=[]} | ret=SUCCESS |  
2019-08-27 21:52:50,269 | INFO  | SCMAudit | user=jenkins1000 | ip=192.168.69.113 | op=SEND_HEARTBEAT {datanodeUUID=ff101aed-a6b7-4de5-96bc-8545c1bca62b, command=[]} | ret=SUCCESS |  
2019-08-27 21:52:50,273 | INFO  | SCMAudit | user=jenkins1000 | ip=192.168.69.113 | op=SEND_HEARTBEAT {datanodeUUID=7ad9a523-ea61-4de8-b564-9ed7c6de1fd1, command=[]} | ret=SUCCESS |  
2019-08-27 21:52:50,367 | INFO  | SCMAudit | user=jenkins1000 | ip=192.168.69.113 | op=SEND_HEARTBEAT {datanodeUUID=6fbb6c8f-68ec-4eec-acdd-5276ddf30de1, command=[]} | ret=SUCCESS |  
2019-08-27 21:52:50,590 | INFO  | SCMAudit | user=jenkins1000 | ip=192.168.69.113 | op=SEND_HEARTBEAT {datanodeUUID=803e2962-4b43-470b-a1eb-8fa95db682ee, command=[]} | ret=SUCCESS |  
2019-08-27 21:52:50,782 | INFO  | SCMAudit | user=jenkins1000 | ip=192.168.69.113 | op=SEND_HEARTBEAT {datanodeUUID=676885e1-3491-47d8-84ec-d928b9cef1c5, command=[]} | ret=SUCCESS |  
2019-08-27 21:52:51,147 | INFO  | SCMAudit | user=jenkins1000 | ip=192.168.69.113 | op=SEND_HEARTBEAT {datanodeUUID=6da4aad8-a4f6-4be0-a3fe-0ce626d82d81, command=[]} | ret=SUCCESS |  
2019-08-27 21:52:51,245 | INFO  | SCMAudit | user=jenkins1000 | ip=192.168.69.113 | op=SEND_HEARTBEAT {datanodeUUID=d16fede7-9c95-4edf-9c33-745cfaca74f6, command=[]} | ret=SUCCESS |  
2019-08-27 21:52:51,270 | INFO  | SCMAudit | user=jenkins1000 | ip=192.168.69.113 | op=SEND_HEARTBEAT {datanodeUUID=ff101aed-a6b7-4de5-96bc-8545c1bca62b, command=[]} | ret=SUCCESS |  
2019-08-27 21:52:51,273 | INFO  | SCMAudit | user=jenkins1000 | ip=192.168.69.113 | op=SEND_HEARTBEAT {datanodeUUID=7ad9a523-ea61-4de8-b564-9ed7c6de1fd1, command=[]} | ret=SUCCESS |  
2019-08-27 21:52:51,367 | INFO  | SCMAudit | user=jenkins1000 | ip=192.168.69.113 | op=SEND_HEARTBEAT {datanodeUUID=6fbb6c8f-68ec-4eec-acdd-5276ddf30de1, command=[]} | ret=SUCCESS |  
2019-08-27 21:52:51,591 | INFO  | SCMAudit | user=jenkins1000 | ip=192.168.69.113 | op=SEND_HEARTBEAT {datanodeUUID=803e2962-4b43-470b-a1eb-8fa95db682ee, command=[]} | ret=SUCCESS |  
2019-08-27 21:52:51,782 | INFO  | SCMAudit | user=jenkins1000 | ip=192.168.69.113 | op=SEND_HEARTBEAT {datanodeUUID=676885e1-3491-47d8-84ec-d928b9cef1c5, command=[]} | ret=SUCCESS |  
2019-08-27 21:52:52,146 | INFO  | SCMAudit | user=jenkins1000 | ip=192.168.69.113 | op=SEND_HEARTBEAT {datanodeUUID=6da4aad8-a4f6-4be0-a3fe-0ce626d82d81, command=[]} | ret=SUCCESS |  
2019-08-27 21:52:52,245 | INFO  | SCMAudit | user=jenkins1000 | ip=192.168.69.113 | op=SEND_HEARTBEAT {datanodeUUID=d16fede7-9c95-4edf-9c33-745cfaca74f6, command=[]} | ret=SUCCESS |  
2019-08-27 21:52:52,270 | INFO  | SCMAudit | user=jenkins1000 | ip=192.168.69.113 | op=SEND_HEARTBEAT {datanodeUUID=ff101aed-a6b7-4de5-96bc-8545c1bca62b, command=[]} | ret=SUCCESS |  
2019-08-27 21:52:52,274 | INFO  | SCMAudit | user=jenkins1000 | ip=192.168.69.113 | op=SEND_HEARTBEAT {datanodeUUID=7ad9a523-ea61-4de8-b564-9ed7c6de1fd1, command=[]} | ret=SUCCESS |  
2019-08-27 21:52:52,368 | INFO  | SCMAudit | user=jenkins1000 | ip=192.168.69.113 | op=SEND_HEARTBEAT {datanodeUUID=6fbb6c8f-68ec-4eec-acdd-5276ddf30de1, command=[]} | ret=SUCCESS |  
2019-08-27 21:52:52,591 | INFO  | SCMAudit | user=jenkins1000 | ip=192.168.69.113 | op=SEND_HEARTBEAT {datanodeUUID=803e2962-4b43-470b-a1eb-8fa95db682ee, command=[]} | ret=SUCCESS |  
2019-08-27 21:52:52,783 | INFO  | SCMAudit | user=jenkins1000 | ip=192.168.69.113 | op=SEND_HEARTBEAT {datanodeUUID=676885e1-3491-47d8-84ec-d928b9cef1c5, command=[]} | ret=SUCCESS |  
2019-08-27 21:52:53,148 | INFO  | SCMAudit | user=jenkins1000 | ip=192.168.69.113 | op=SEND_HEARTBEAT {datanodeUUID=6da4aad8-a4f6-4be0-a3fe-0ce626d82d81, command=[]} | ret=SUCCESS |  
2019-08-27 21:52:53,244 | INFO  | SCMAudit | user=jenkins1000 | ip=192.168.69.113 | op=SEND_HEARTBEAT {datanodeUUID=d16fede7-9c95-4edf-9c33-745cfaca74f6, command=[]} | ret=SUCCESS |  
2019-08-27 21:52:53,271 | INFO  | SCMAudit | user=jenkins1000 | ip=192.168.69.113 | op=SEND_HEARTBEAT {datanodeUUID=ff101aed-a6b7-4de5-96bc-8545c1bca62b, command=[]} | ret=SUCCESS |  
2019-08-27 21:52:53,275 | INFO  | SCMAudit | user=jenkins1000 | ip=192.168.69.113 | op=SEND_HEARTBEAT {datanodeUUID=7ad9a523-ea61-4de8-b564-9ed7c6de1fd1, command=[]} | ret=SUCCESS |  
2019-08-27 21:52:53,368 | INFO  | SCMAudit | user=jenkins1000 | ip=192.168.69.113 | op=SEND_HEARTBEAT {datanodeUUID=6fbb6c8f-68ec-4eec-acdd-5276ddf30de1, command=[]} | ret=SUCCESS |  
2019-08-27 21:52:53,592 | INFO  | SCMAudit | user=jenkins1000 | ip=192.168.69.113 | op=SEND_HEARTBEAT {datanodeUUID=803e2962-4b43-470b-a1eb-8fa95db682ee, command=[]} | ret=SUCCESS |  
2019-08-27 21:52:53,670 [grpc-default-executor-5] INFO  client.GrpcClientProtocolClient (GrpcClientProtocolClient.java:onNext(255)) - client-9C14CD88FCAE->7ad9a523-ea61-4de8-b564-9ed7c6de1fd1: receive RaftClientReply:client-9C14CD88FCAE->7ad9a523-ea61-4de8-b564-9ed7c6de1fd1@group-92F312A34A51, cid=45, FAILED org.apache.ratis.protocol.NotLeaderException: Server 7ad9a523-ea61-4de8-b564-9ed7c6de1fd1 is not the leader (d16fede7-9c95-4edf-9c33-745cfaca74f6:192.168.69.113:38146). Request must be sent to leader., logIndex=0, commits[7ad9a523-ea61-4de8-b564-9ed7c6de1fd1:c8, d16fede7-9c95-4edf-9c33-745cfaca74f6:c8, ff101aed-a6b7-4de5-96bc-8545c1bca62b:c8]
2019-08-27 21:52:53,782 | INFO  | SCMAudit | user=jenkins1000 | ip=192.168.69.113 | op=SEND_HEARTBEAT {datanodeUUID=676885e1-3491-47d8-84ec-d928b9cef1c5, command=[]} | ret=SUCCESS |  
2019-08-27 21:52:54,147 | INFO  | SCMAudit | user=jenkins1000 | ip=192.168.69.113 | op=SEND_HEARTBEAT {datanodeUUID=6da4aad8-a4f6-4be0-a3fe-0ce626d82d81, command=[]} | ret=SUCCESS |  
2019-08-27 21:52:54,245 | INFO  | SCMAudit | user=jenkins1000 | ip=192.168.69.113 | op=SEND_HEARTBEAT {datanodeUUID=d16fede7-9c95-4edf-9c33-745cfaca74f6, command=[]} | ret=SUCCESS |  
2019-08-27 21:52:54,272 | INFO  | SCMAudit | user=jenkins1000 | ip=192.168.69.113 | op=SEND_HEARTBEAT {datanodeUUID=ff101aed-a6b7-4de5-96bc-8545c1bca62b, command=[]} | ret=SUCCESS |  
2019-08-27 21:52:54,275 | INFO  | SCMAudit | user=jenkins1000 | ip=192.168.69.113 | op=SEND_HEARTBEAT {datanodeUUID=7ad9a523-ea61-4de8-b564-9ed7c6de1fd1, command=[]} | ret=SUCCESS |  
2019-08-27 21:52:54,369 | INFO  | SCMAudit | user=jenkins1000 | ip=192.168.69.113 | op=SEND_HEARTBEAT {datanodeUUID=6fbb6c8f-68ec-4eec-acdd-5276ddf30de1, command=[]} | ret=SUCCESS |  
2019-08-27 21:52:54,592 | INFO  | SCMAudit | user=jenkins1000 | ip=192.168.69.113 | op=SEND_HEARTBEAT {datanodeUUID=803e2962-4b43-470b-a1eb-8fa95db682ee, command=[]} | ret=SUCCESS |  
2019-08-27 21:52:54,783 | INFO  | SCMAudit | user=jenkins1000 | ip=192.168.69.113 | op=SEND_HEARTBEAT {datanodeUUID=676885e1-3491-47d8-84ec-d928b9cef1c5, command=[]} | ret=SUCCESS |  
2019-08-27 21:52:55,146 | INFO  | SCMAudit | user=jenkins1000 | ip=192.168.69.113 | op=SEND_HEARTBEAT {datanodeUUID=6da4aad8-a4f6-4be0-a3fe-0ce626d82d81, command=[]} | ret=SUCCESS |  
2019-08-27 21:52:55,245 | INFO  | SCMAudit | user=jenkins1000 | ip=192.168.69.113 | op=SEND_HEARTBEAT {datanodeUUID=d16fede7-9c95-4edf-9c33-745cfaca74f6, command=[]} | ret=SUCCESS |  
2019-08-27 21:52:55,271 | INFO  | SCMAudit | user=jenkins1000 | ip=192.168.69.113 | op=SEND_HEARTBEAT {datanodeUUID=ff101aed-a6b7-4de5-96bc-8545c1bca62b, command=[]} | ret=SUCCESS |  
2019-08-27 21:52:55,275 | INFO  | SCMAudit | user=jenkins1000 | ip=192.168.69.113 | op=SEND_HEARTBEAT {datanodeUUID=7ad9a523-ea61-4de8-b564-9ed7c6de1fd1, command=[]} | ret=SUCCESS |  
2019-08-27 21:52:55,368 | INFO  | SCMAudit | user=jenkins1000 | ip=192.168.69.113 | op=SEND_HEARTBEAT {datanodeUUID=6fbb6c8f-68ec-4eec-acdd-5276ddf30de1, command=[]} | ret=SUCCESS |  
2019-08-27 21:52:55,592 | INFO  | SCMAudit | user=jenkins1000 | ip=192.168.69.113 | op=SEND_HEARTBEAT {datanodeUUID=803e2962-4b43-470b-a1eb-8fa95db682ee, command=[]} | ret=SUCCESS |  
2019-08-27 21:52:55,783 | INFO  | SCMAudit | user=jenkins1000 | ip=192.168.69.113 | op=SEND_HEARTBEAT {datanodeUUID=676885e1-3491-47d8-84ec-d928b9cef1c5, command=[]} | ret=SUCCESS |  
2019-08-27 21:52:56,147 | INFO  | SCMAudit | user=jenkins1000 | ip=192.168.69.113 | op=SEND_HEARTBEAT {datanodeUUID=6da4aad8-a4f6-4be0-a3fe-0ce626d82d81, command=[]} | ret=SUCCESS |  
2019-08-27 21:52:56,244 | INFO  | SCMAudit | user=jenkins1000 | ip=192.168.69.113 | op=SEND_HEARTBEAT {datanodeUUID=d16fede7-9c95-4edf-9c33-745cfaca74f6, command=[]} | ret=SUCCESS |  
2019-08-27 21:52:56,271 | INFO  | SCMAudit | user=jenkins1000 | ip=192.168.69.113 | op=SEND_HEARTBEAT {datanodeUUID=ff101aed-a6b7-4de5-96bc-8545c1bca62b, command=[]} | ret=SUCCESS |  
2019-08-27 21:52:56,275 | INFO  | SCMAudit | user=jenkins1000 | ip=192.168.69.113 | op=SEND_HEARTBEAT {datanodeUUID=7ad9a523-ea61-4de8-b564-9ed7c6de1fd1, command=[]} | ret=SUCCESS |  
2019-08-27 21:52:56,368 | INFO  | SCMAudit | user=jenkins1000 | ip=192.168.69.113 | op=SEND_HEARTBEAT {datanodeUUID=6fbb6c8f-68ec-4eec-acdd-5276ddf30de1, command=[]} | ret=SUCCESS |  
2019-08-27 21:52:56,591 | INFO  | SCMAudit | user=jenkins1000 | ip=192.168.69.113 | op=SEND_HEARTBEAT {datanodeUUID=803e2962-4b43-470b-a1eb-8fa95db682ee, command=[]} | ret=SUCCESS |  
2019-08-27 21:52:56,782 | INFO  | SCMAudit | user=jenkins1000 | ip=192.168.69.113 | op=SEND_HEARTBEAT {datanodeUUID=676885e1-3491-47d8-84ec-d928b9cef1c5, command=[]} | ret=SUCCESS |  
2019-08-27 21:52:57,151 | INFO  | SCMAudit | user=jenkins1000 | ip=192.168.69.113 | op=SEND_HEARTBEAT {datanodeUUID=6da4aad8-a4f6-4be0-a3fe-0ce626d82d81, command=[]} | ret=SUCCESS |  
2019-08-27 21:52:57,245 | INFO  | SCMAudit | user=jenkins1000 | ip=192.168.69.113 | op=SEND_HEARTBEAT {datanodeUUID=d16fede7-9c95-4edf-9c33-745cfaca74f6, command=[]} | ret=SUCCESS |  
2019-08-27 21:52:57,271 | INFO  | SCMAudit | user=jenkins1000 | ip=192.168.69.113 | op=SEND_HEARTBEAT {datanodeUUID=ff101aed-a6b7-4de5-96bc-8545c1bca62b, command=[]} | ret=SUCCESS |  
2019-08-27 21:52:57,276 | INFO  | SCMAudit | user=jenkins1000 | ip=192.168.69.113 | op=SEND_HEARTBEAT {datanodeUUID=7ad9a523-ea61-4de8-b564-9ed7c6de1fd1, command=[]} | ret=SUCCESS |  
2019-08-27 21:52:57,369 | INFO  | SCMAudit | user=jenkins1000 | ip=192.168.69.113 | op=SEND_HEARTBEAT {datanodeUUID=6fbb6c8f-68ec-4eec-acdd-5276ddf30de1, command=[]} | ret=SUCCESS |  
2019-08-27 21:52:57,592 | INFO  | SCMAudit | user=jenkins1000 | ip=192.168.69.113 | op=SEND_HEARTBEAT {datanodeUUID=803e2962-4b43-470b-a1eb-8fa95db682ee, command=[]} | ret=SUCCESS |  
2019-08-27 21:52:57,783 | INFO  | SCMAudit | user=jenkins1000 | ip=192.168.69.113 | op=SEND_HEARTBEAT {datanodeUUID=676885e1-3491-47d8-84ec-d928b9cef1c5, command=[]} | ret=SUCCESS |  
2019-08-27 21:52:58,147 | INFO  | SCMAudit | user=jenkins1000 | ip=192.168.69.113 | op=SEND_HEARTBEAT {datanodeUUID=6da4aad8-a4f6-4be0-a3fe-0ce626d82d81, command=[]} | ret=SUCCESS |  
2019-08-27 21:52:58,244 | INFO  | SCMAudit | user=jenkins1000 | ip=192.168.69.113 | op=SEND_HEARTBEAT {datanodeUUID=d16fede7-9c95-4edf-9c33-745cfaca74f6, command=[]} | ret=SUCCESS |  
2019-08-27 21:52:58,271 | INFO  | SCMAudit | user=jenkins1000 | ip=192.168.69.113 | op=SEND_HEARTBEAT {datanodeUUID=ff101aed-a6b7-4de5-96bc-8545c1bca62b, command=[]} | ret=SUCCESS |  
2019-08-27 21:52:58,276 | INFO  | SCMAudit | user=jenkins1000 | ip=192.168.69.113 | op=SEND_HEARTBEAT {datanodeUUID=7ad9a523-ea61-4de8-b564-9ed7c6de1fd1, command=[]} | ret=SUCCESS |  
2019-08-27 21:52:58,370 | INFO  | SCMAudit | user=jenkins1000 | ip=192.168.69.113 | op=SEND_HEARTBEAT {datanodeUUID=6fbb6c8f-68ec-4eec-acdd-5276ddf30de1, command=[]} | ret=SUCCESS |  
2019-08-27 21:52:58,591 | INFO  | SCMAudit | user=jenkins1000 | ip=192.168.69.113 | op=SEND_HEARTBEAT {datanodeUUID=803e2962-4b43-470b-a1eb-8fa95db682ee, command=[]} | ret=SUCCESS |  
2019-08-27 21:52:58,710 [grpc-default-executor-5] INFO  client.GrpcClientProtocolClient (GrpcClientProtocolClient.java:onNext(255)) - client-9C14CD88FCAE->ff101aed-a6b7-4de5-96bc-8545c1bca62b: receive RaftClientReply:client-9C14CD88FCAE->ff101aed-a6b7-4de5-96bc-8545c1bca62b@group-92F312A34A51, cid=45, FAILED org.apache.ratis.protocol.NotLeaderException: Server ff101aed-a6b7-4de5-96bc-8545c1bca62b is not the leader (d16fede7-9c95-4edf-9c33-745cfaca74f6:192.168.69.113:38146). Request must be sent to leader., logIndex=0, commits[ff101aed-a6b7-4de5-96bc-8545c1bca62b:c8, d16fede7-9c95-4edf-9c33-745cfaca74f6:c8, 7ad9a523-ea61-4de8-b564-9ed7c6de1fd1:c8]
2019-08-27 21:52:58,782 | INFO  | SCMAudit | user=jenkins1000 | ip=192.168.69.113 | op=SEND_HEARTBEAT {datanodeUUID=676885e1-3491-47d8-84ec-d928b9cef1c5, command=[]} | ret=SUCCESS |  
2019-08-27 21:52:59,148 | INFO  | SCMAudit | user=jenkins1000 | ip=192.168.69.113 | op=SEND_HEARTBEAT {datanodeUUID=6da4aad8-a4f6-4be0-a3fe-0ce626d82d81, command=[]} | ret=SUCCESS |  
2019-08-27 21:52:59,245 | INFO  | SCMAudit | user=jenkins1000 | ip=192.168.69.113 | op=SEND_HEARTBEAT {datanodeUUID=d16fede7-9c95-4edf-9c33-745cfaca74f6, command=[]} | ret=SUCCESS |  
2019-08-27 21:52:59,272 | INFO  | SCMAudit | user=jenkins1000 | ip=192.168.69.113 | op=SEND_HEARTBEAT {datanodeUUID=ff101aed-a6b7-4de5-96bc-8545c1bca62b, command=[]} | ret=SUCCESS |  
2019-08-27 21:52:59,276 | INFO  | SCMAudit | user=jenkins1000 | ip=192.168.69.113 | op=SEND_HEARTBEAT {datanodeUUID=7ad9a523-ea61-4de8-b564-9ed7c6de1fd1, command=[]} | ret=SUCCESS |  
2019-08-27 21:52:59,370 | INFO  | SCMAudit | user=jenkins1000 | ip=192.168.69.113 | op=SEND_HEARTBEAT {datanodeUUID=6fbb6c8f-68ec-4eec-acdd-5276ddf30de1, command=[]} | ret=SUCCESS |  
2019-08-27 21:52:59,591 | INFO  | SCMAudit | user=jenkins1000 | ip=192.168.69.113 | op=SEND_HEARTBEAT {datanodeUUID=803e2962-4b43-470b-a1eb-8fa95db682ee, command=[]} | ret=SUCCESS |  
2019-08-27 21:52:59,783 | INFO  | SCMAudit | user=jenkins1000 | ip=192.168.69.113 | op=SEND_HEARTBEAT {datanodeUUID=676885e1-3491-47d8-84ec-d928b9cef1c5, command=[]} | ret=SUCCESS |  
2019-08-27 21:53:00,147 | INFO  | SCMAudit | user=jenkins1000 | ip=192.168.69.113 | op=SEND_HEARTBEAT {datanodeUUID=6da4aad8-a4f6-4be0-a3fe-0ce626d82d81, command=[]} | ret=SUCCESS |  
2019-08-27 21:53:00,244 | INFO  | SCMAudit | user=jenkins1000 | ip=192.168.69.113 | op=SEND_HEARTBEAT {datanodeUUID=d16fede7-9c95-4edf-9c33-745cfaca74f6, command=[]} | ret=SUCCESS |  
2019-08-27 21:53:00,271 | INFO  | SCMAudit | user=jenkins1000 | ip=192.168.69.113 | op=SEND_HEARTBEAT {datanodeUUID=ff101aed-a6b7-4de5-96bc-8545c1bca62b, command=[]} | ret=SUCCESS |  
2019-08-27 21:53:00,276 | INFO  | SCMAudit | user=jenkins1000 | ip=192.168.69.113 | op=SEND_HEARTBEAT {datanodeUUID=7ad9a523-ea61-4de8-b564-9ed7c6de1fd1, command=[]} | ret=SUCCESS |  
2019-08-27 21:53:00,371 | INFO  | SCMAudit | user=jenkins1000 | ip=192.168.69.113 | op=SEND_HEARTBEAT {datanodeUUID=6fbb6c8f-68ec-4eec-acdd-5276ddf30de1, command=[]} | ret=SUCCESS |  
2019-08-27 21:53:00,592 | INFO  | SCMAudit | user=jenkins1000 | ip=192.168.69.113 | op=SEND_HEARTBEAT {datanodeUUID=803e2962-4b43-470b-a1eb-8fa95db682ee, command=[]} | ret=SUCCESS |  
2019-08-27 21:53:00,783 | INFO  | SCMAudit | user=jenkins1000 | ip=192.168.69.113 | op=SEND_HEARTBEAT {datanodeUUID=676885e1-3491-47d8-84ec-d928b9cef1c5, command=[]} | ret=SUCCESS |  
2019-08-27 21:53:01,147 | INFO  | SCMAudit | user=jenkins1000 | ip=192.168.69.113 | op=SEND_HEARTBEAT {datanodeUUID=6da4aad8-a4f6-4be0-a3fe-0ce626d82d81, command=[]} | ret=SUCCESS |  
2019-08-27 21:53:01,244 | INFO  | SCMAudit | user=jenkins1000 | ip=192.168.69.113 | op=SEND_HEARTBEAT {datanodeUUID=d16fede7-9c95-4edf-9c33-745cfaca74f6, command=[]} | ret=SUCCESS |  
2019-08-27 21:53:01,272 | INFO  | SCMAudit | user=jenkins1000 | ip=192.168.69.113 | op=SEND_HEARTBEAT {datanodeUUID=ff101aed-a6b7-4de5-96bc-8545c1bca62b, command=[]} | ret=SUCCESS |  
2019-08-27 21:53:01,276 | INFO  | SCMAudit | user=jenkins1000 | ip=192.168.69.113 | op=SEND_HEARTBEAT {datanodeUUID=7ad9a523-ea61-4de8-b564-9ed7c6de1fd1, command=[]} | ret=SUCCESS |  
2019-08-27 21:53:01,370 | INFO  | SCMAudit | user=jenkins1000 | ip=192.168.69.113 | op=SEND_HEARTBEAT {datanodeUUID=6fbb6c8f-68ec-4eec-acdd-5276ddf30de1, command=[]} | ret=SUCCESS |  
2019-08-27 21:53:01,591 | INFO  | SCMAudit | user=jenkins1000 | ip=192.168.69.113 | op=SEND_HEARTBEAT {datanodeUUID=803e2962-4b43-470b-a1eb-8fa95db682ee, command=[]} | ret=SUCCESS |  
2019-08-27 21:53:01,783 | INFO  | SCMAudit | user=jenkins1000 | ip=192.168.69.113 | op=SEND_HEARTBEAT {datanodeUUID=676885e1-3491-47d8-84ec-d928b9cef1c5, command=[]} | ret=SUCCESS |  
2019-08-27 21:53:02,148 | INFO  | SCMAudit | user=jenkins1000 | ip=192.168.69.113 | op=SEND_HEARTBEAT {datanodeUUID=6da4aad8-a4f6-4be0-a3fe-0ce626d82d81, command=[]} | ret=SUCCESS |  
2019-08-27 21:53:02,244 | INFO  | SCMAudit | user=jenkins1000 | ip=192.168.69.113 | op=SEND_HEARTBEAT {datanodeUUID=d16fede7-9c95-4edf-9c33-745cfaca74f6, command=[]} | ret=SUCCESS |  
2019-08-27 21:53:02,272 | INFO  | SCMAudit | user=jenkins1000 | ip=192.168.69.113 | op=SEND_HEARTBEAT {datanodeUUID=ff101aed-a6b7-4de5-96bc-8545c1bca62b, command=[]} | ret=SUCCESS |  
2019-08-27 21:53:02,276 | INFO  | SCMAudit | user=jenkins1000 | ip=192.168.69.113 | op=SEND_HEARTBEAT {datanodeUUID=7ad9a523-ea61-4de8-b564-9ed7c6de1fd1, command=[]} | ret=SUCCESS |  
2019-08-27 21:53:02,370 | INFO  | SCMAudit | user=jenkins1000 | ip=192.168.69.113 | op=SEND_HEARTBEAT {datanodeUUID=6fbb6c8f-68ec-4eec-acdd-5276ddf30de1, command=[]} | ret=SUCCESS |  
2019-08-27 21:53:02,591 | INFO  | SCMAudit | user=jenkins1000 | ip=192.168.69.113 | op=SEND_HEARTBEAT {datanodeUUID=803e2962-4b43-470b-a1eb-8fa95db682ee, command=[]} | ret=SUCCESS |  
2019-08-27 21:53:02,783 | INFO  | SCMAudit | user=jenkins1000 | ip=192.168.69.113 | op=SEND_HEARTBEAT {datanodeUUID=676885e1-3491-47d8-84ec-d928b9cef1c5, command=[]} | ret=SUCCESS |  
2019-08-27 21:53:03,148 | INFO  | SCMAudit | user=jenkins1000 | ip=192.168.69.113 | op=SEND_HEARTBEAT {datanodeUUID=6da4aad8-a4f6-4be0-a3fe-0ce626d82d81, command=[]} | ret=SUCCESS |  
2019-08-27 21:53:03,245 | INFO  | SCMAudit | user=jenkins1000 | ip=192.168.69.113 | op=SEND_HEARTBEAT {datanodeUUID=d16fede7-9c95-4edf-9c33-745cfaca74f6, command=[]} | ret=SUCCESS |  
2019-08-27 21:53:03,273 | INFO  | SCMAudit | user=jenkins1000 | ip=192.168.69.113 | op=SEND_HEARTBEAT {datanodeUUID=ff101aed-a6b7-4de5-96bc-8545c1bca62b, command=[]} | ret=SUCCESS |  
2019-08-27 21:53:03,276 | INFO  | SCMAudit | user=jenkins1000 | ip=192.168.69.113 | op=SEND_HEARTBEAT {datanodeUUID=7ad9a523-ea61-4de8-b564-9ed7c6de1fd1, command=[]} | ret=SUCCESS |  
2019-08-27 21:53:03,372 | INFO  | SCMAudit | user=jenkins1000 | ip=192.168.69.113 | op=SEND_HEARTBEAT {datanodeUUID=6fbb6c8f-68ec-4eec-acdd-5276ddf30de1, command=[]} | ret=SUCCESS |  
2019-08-27 21:53:03,592 | INFO  | SCMAudit | user=jenkins1000 | ip=192.168.69.113 | op=SEND_HEARTBEAT {datanodeUUID=803e2962-4b43-470b-a1eb-8fa95db682ee, command=[]} | ret=SUCCESS |  
2019-08-27 21:53:03,753 [grpc-default-executor-5] INFO  client.GrpcClientProtocolClient (GrpcClientProtocolClient.java:onNext(255)) - client-9C14CD88FCAE->7ad9a523-ea61-4de8-b564-9ed7c6de1fd1: receive RaftClientReply:client-9C14CD88FCAE->7ad9a523-ea61-4de8-b564-9ed7c6de1fd1@group-92F312A34A51, cid=45, FAILED org.apache.ratis.protocol.NotLeaderException: Server 7ad9a523-ea61-4de8-b564-9ed7c6de1fd1 is not the leader (d16fede7-9c95-4edf-9c33-745cfaca74f6:192.168.69.113:38146). Request must be sent to leader., logIndex=0, commits[7ad9a523-ea61-4de8-b564-9ed7c6de1fd1:c8, d16fede7-9c95-4edf-9c33-745cfaca74f6:c8, ff101aed-a6b7-4de5-96bc-8545c1bca62b:c8]
2019-08-27 21:53:03,784 | INFO  | SCMAudit | user=jenkins1000 | ip=192.168.69.113 | op=SEND_HEARTBEAT {datanodeUUID=676885e1-3491-47d8-84ec-d928b9cef1c5, command=[]} | ret=SUCCESS |  
2019-08-27 21:53:04,149 | INFO  | SCMAudit | user=jenkins1000 | ip=192.168.69.113 | op=SEND_HEARTBEAT {datanodeUUID=6da4aad8-a4f6-4be0-a3fe-0ce626d82d81, command=[]} | ret=SUCCESS |  
2019-08-27 21:53:04,244 | INFO  | SCMAudit | user=jenkins1000 | ip=192.168.69.113 | op=SEND_HEARTBEAT {datanodeUUID=d16fede7-9c95-4edf-9c33-745cfaca74f6, command=[]} | ret=SUCCESS |  
2019-08-27 21:53:04,272 | INFO  | SCMAudit | user=jenkins1000 | ip=192.168.69.113 | op=SEND_HEARTBEAT {datanodeUUID=ff101aed-a6b7-4de5-96bc-8545c1bca62b, command=[]} | ret=SUCCESS |  
2019-08-27 21:53:04,277 | INFO  | SCMAudit | user=jenkins1000 | ip=192.168.69.113 | op=SEND_HEARTBEAT {datanodeUUID=7ad9a523-ea61-4de8-b564-9ed7c6de1fd1, command=[]} | ret=SUCCESS |  
2019-08-27 21:53:04,371 | INFO  | SCMAudit | user=jenkins1000 | ip=192.168.69.113 | op=SEND_HEARTBEAT {datanodeUUID=6fbb6c8f-68ec-4eec-acdd-5276ddf30de1, command=[]} | ret=SUCCESS |  
2019-08-27 21:53:04,591 | INFO  | SCMAudit | user=jenkins1000 | ip=192.168.69.113 | op=SEND_HEARTBEAT {datanodeUUID=803e2962-4b43-470b-a1eb-8fa95db682ee, command=[]} | ret=SUCCESS |  
2019-08-27 21:53:04,783 | INFO  | SCMAudit | user=jenkins1000 | ip=192.168.69.113 | op=SEND_HEARTBEAT {datanodeUUID=676885e1-3491-47d8-84ec-d928b9cef1c5, command=[]} | ret=SUCCESS |  
2019-08-27 21:53:05,149 | INFO  | SCMAudit | user=jenkins1000 | ip=192.168.69.113 | op=SEND_HEARTBEAT {datanodeUUID=6da4aad8-a4f6-4be0-a3fe-0ce626d82d81, command=[]} | ret=SUCCESS |  
2019-08-27 21:53:05,244 | INFO  | SCMAudit | user=jenkins1000 | ip=192.168.69.113 | op=SEND_HEARTBEAT {datanodeUUID=d16fede7-9c95-4edf-9c33-745cfaca74f6, command=[]} | ret=SUCCESS |  
2019-08-27 21:53:05,273 | INFO  | SCMAudit | user=jenkins1000 | ip=192.168.69.113 | op=SEND_HEARTBEAT {datanodeUUID=ff101aed-a6b7-4de5-96bc-8545c1bca62b, command=[]} | ret=SUCCESS |  
2019-08-27 21:53:05,276 | INFO  | SCMAudit | user=jenkins1000 | ip=192.168.69.113 | op=SEND_HEARTBEAT {datanodeUUID=7ad9a523-ea61-4de8-b564-9ed7c6de1fd1, command=[]} | ret=SUCCESS |  
2019-08-27 21:53:05,372 | INFO  | SCMAudit | user=jenkins1000 | ip=192.168.69.113 | op=SEND_HEARTBEAT {datanodeUUID=6fbb6c8f-68ec-4eec-acdd-5276ddf30de1, command=[]} | ret=SUCCESS |  
2019-08-27 21:53:05,592 | INFO  | SCMAudit | user=jenkins1000 | ip=192.168.69.113 | op=SEND_HEARTBEAT {datanodeUUID=803e2962-4b43-470b-a1eb-8fa95db682ee, command=[]} | ret=SUCCESS |  
2019-08-27 21:53:05,783 | INFO  | SCMAudit | user=jenkins1000 | ip=192.168.69.113 | op=SEND_HEARTBEAT {datanodeUUID=676885e1-3491-47d8-84ec-d928b9cef1c5, command=[]} | ret=SUCCESS |  
2019-08-27 21:53:06,150 | INFO  | SCMAudit | user=jenkins1000 | ip=192.168.69.113 | op=SEND_HEARTBEAT {datanodeUUID=6da4aad8-a4f6-4be0-a3fe-0ce626d82d81, command=[]} | ret=SUCCESS |  
2019-08-27 21:53:06,245 | INFO  | SCMAudit | user=jenkins1000 | ip=192.168.69.113 | op=SEND_HEARTBEAT {datanodeUUID=d16fede7-9c95-4edf-9c33-745cfaca74f6, command=[]} | ret=SUCCESS |  
2019-08-27 21:53:06,272 | INFO  | SCMAudit | user=jenkins1000 | ip=192.168.69.113 | op=SEND_HEARTBEAT {datanodeUUID=ff101aed-a6b7-4de5-96bc-8545c1bca62b, command=[]} | ret=SUCCESS |  
2019-08-27 21:53:06,276 | INFO  | SCMAudit | user=jenkins1000 | ip=192.168.69.113 | op=SEND_HEARTBEAT {datanodeUUID=7ad9a523-ea61-4de8-b564-9ed7c6de1fd1, command=[]} | ret=SUCCESS |  
2019-08-27 21:53:06,371 | INFO  | SCMAudit | user=jenkins1000 | ip=192.168.69.113 | op=SEND_HEARTBEAT {datanodeUUID=6fbb6c8f-68ec-4eec-acdd-5276ddf30de1, command=[]} | ret=SUCCESS |  
2019-08-27 21:53:06,592 | INFO  | SCMAudit | user=jenkins1000 | ip=192.168.69.113 | op=SEND_HEARTBEAT {datanodeUUID=803e2962-4b43-470b-a1eb-8fa95db682ee, command=[]} | ret=SUCCESS |  
2019-08-27 21:53:06,783 | INFO  | SCMAudit | user=jenkins1000 | ip=192.168.69.113 | op=SEND_HEARTBEAT {datanodeUUID=676885e1-3491-47d8-84ec-d928b9cef1c5, command=[]} | ret=SUCCESS |  
2019-08-27 21:53:07,150 | INFO  | SCMAudit | user=jenkins1000 | ip=192.168.69.113 | op=SEND_HEARTBEAT {datanodeUUID=6da4aad8-a4f6-4be0-a3fe-0ce626d82d81, command=[]} | ret=SUCCESS |  
2019-08-27 21:53:07,245 | INFO  | SCMAudit | user=jenkins1000 | ip=192.168.69.113 | op=SEND_HEARTBEAT {datanodeUUID=d16fede7-9c95-4edf-9c33-745cfaca74f6, command=[]} | ret=SUCCESS |  
2019-08-27 21:53:07,272 | INFO  | SCMAudit | user=jenkins1000 | ip=192.168.69.113 | op=SEND_HEARTBEAT {datanodeUUID=ff101aed-a6b7-4de5-96bc-8545c1bca62b, command=[]} | ret=SUCCESS |  
2019-08-27 21:53:07,276 | INFO  | SCMAudit | user=jenkins1000 | ip=192.168.69.113 | op=SEND_HEARTBEAT {datanodeUUID=7ad9a523-ea61-4de8-b564-9ed7c6de1fd1, command=[]} | ret=SUCCESS |  
2019-08-27 21:53:07,374 | INFO  | SCMAudit | user=jenkins1000 | ip=192.168.69.113 | op=SEND_HEARTBEAT {datanodeUUID=6fbb6c8f-68ec-4eec-acdd-5276ddf30de1, command=[]} | ret=SUCCESS |  
2019-08-27 21:53:07,593 | INFO  | SCMAudit | user=jenkins1000 | ip=192.168.69.113 | op=SEND_HEARTBEAT {datanodeUUID=803e2962-4b43-470b-a1eb-8fa95db682ee, command=[]} | ret=SUCCESS |  
2019-08-27 21:53:07,784 | INFO  | SCMAudit | user=jenkins1000 | ip=192.168.69.113 | op=SEND_HEARTBEAT {datanodeUUID=676885e1-3491-47d8-84ec-d928b9cef1c5, command=[]} | ret=SUCCESS |  
2019-08-27 21:53:08,150 | INFO  | SCMAudit | user=jenkins1000 | ip=192.168.69.113 | op=SEND_HEARTBEAT {datanodeUUID=6da4aad8-a4f6-4be0-a3fe-0ce626d82d81, command=[]} | ret=SUCCESS |  
2019-08-27 21:53:08,246 | INFO  | SCMAudit | user=jenkins1000 | ip=192.168.69.113 | op=SEND_HEARTBEAT {datanodeUUID=d16fede7-9c95-4edf-9c33-745cfaca74f6, command=[]} | ret=SUCCESS |  
2019-08-27 21:53:08,273 | INFO  | SCMAudit | user=jenkins1000 | ip=192.168.69.113 | op=SEND_HEARTBEAT {datanodeUUID=ff101aed-a6b7-4de5-96bc-8545c1bca62b, command=[]} | ret=SUCCESS |  
2019-08-27 21:53:08,277 | INFO  | SCMAudit | user=jenkins1000 | ip=192.168.69.113 | op=SEND_HEARTBEAT {datanodeUUID=7ad9a523-ea61-4de8-b564-9ed7c6de1fd1, command=[]} | ret=SUCCESS |  
2019-08-27 21:53:08,371 | INFO  | SCMAudit | user=jenkins1000 | ip=192.168.69.113 | op=SEND_HEARTBEAT {datanodeUUID=6fbb6c8f-68ec-4eec-acdd-5276ddf30de1, command=[]} | ret=SUCCESS |  
2019-08-27 21:53:08,594 | INFO  | SCMAudit | user=jenkins1000 | ip=192.168.69.113 | op=SEND_HEARTBEAT {datanodeUUID=803e2962-4b43-470b-a1eb-8fa95db682ee, command=[]} | ret=SUCCESS |  
2019-08-27 21:53:08,786 | INFO  | SCMAudit | user=jenkins1000 | ip=192.168.69.113 | op=SEND_HEARTBEAT {datanodeUUID=676885e1-3491-47d8-84ec-d928b9cef1c5, command=[]} | ret=SUCCESS |  
2019-08-27 21:53:08,795 [grpc-default-executor-5] INFO  client.GrpcClientProtocolClient (GrpcClientProtocolClient.java:onNext(255)) - client-9C14CD88FCAE->7ad9a523-ea61-4de8-b564-9ed7c6de1fd1: receive RaftClientReply:client-9C14CD88FCAE->7ad9a523-ea61-4de8-b564-9ed7c6de1fd1@group-92F312A34A51, cid=45, FAILED org.apache.ratis.protocol.NotLeaderException: Server 7ad9a523-ea61-4de8-b564-9ed7c6de1fd1 is not the leader (d16fede7-9c95-4edf-9c33-745cfaca74f6:192.168.69.113:38146). Request must be sent to leader., logIndex=0, commits[7ad9a523-ea61-4de8-b564-9ed7c6de1fd1:c8, d16fede7-9c95-4edf-9c33-745cfaca74f6:c8, ff101aed-a6b7-4de5-96bc-8545c1bca62b:c8]
2019-08-27 21:53:09,151 | INFO  | SCMAudit | user=jenkins1000 | ip=192.168.69.113 | op=SEND_HEARTBEAT {datanodeUUID=6da4aad8-a4f6-4be0-a3fe-0ce626d82d81, command=[]} | ret=SUCCESS |  
2019-08-27 21:53:09,245 | INFO  | SCMAudit | user=jenkins1000 | ip=192.168.69.113 | op=SEND_HEARTBEAT {datanodeUUID=d16fede7-9c95-4edf-9c33-745cfaca74f6, command=[]} | ret=SUCCESS |  
2019-08-27 21:53:09,272 | INFO  | SCMAudit | user=jenkins1000 | ip=192.168.69.113 | op=SEND_HEARTBEAT {datanodeUUID=ff101aed-a6b7-4de5-96bc-8545c1bca62b, command=[]} | ret=SUCCESS |  
2019-08-27 21:53:09,277 | INFO  | SCMAudit | user=jenkins1000 | ip=192.168.69.113 | op=SEND_HEARTBEAT {datanodeUUID=7ad9a523-ea61-4de8-b564-9ed7c6de1fd1, command=[]} | ret=SUCCESS |  
2019-08-27 21:53:09,371 | INFO  | SCMAudit | user=jenkins1000 | ip=192.168.69.113 | op=SEND_HEARTBEAT {datanodeUUID=6fbb6c8f-68ec-4eec-acdd-5276ddf30de1, command=[]} | ret=SUCCESS |  
2019-08-27 21:53:09,593 | INFO  | SCMAudit | user=jenkins1000 | ip=192.168.69.113 | op=SEND_HEARTBEAT {datanodeUUID=803e2962-4b43-470b-a1eb-8fa95db682ee, command=[]} | ret=SUCCESS |  
2019-08-27 21:53:09,785 | INFO  | SCMAudit | user=jenkins1000 | ip=192.168.69.113 | op=SEND_HEARTBEAT {datanodeUUID=676885e1-3491-47d8-84ec-d928b9cef1c5, command=[]} | ret=SUCCESS |  
2019-08-27 21:53:10,150 | INFO  | SCMAudit | user=jenkins1000 | ip=192.168.69.113 | op=SEND_HEARTBEAT {datanodeUUID=6da4aad8-a4f6-4be0-a3fe-0ce626d82d81, command=[]} | ret=SUCCESS |  
2019-08-27 21:53:10,245 | INFO  | SCMAudit | user=jenkins1000 | ip=192.168.69.113 | op=SEND_HEARTBEAT {datanodeUUID=d16fede7-9c95-4edf-9c33-745cfaca74f6, command=[]} | ret=SUCCESS |  
2019-08-27 21:53:10,272 | INFO  | SCMAudit | user=jenkins1000 | ip=192.168.69.113 | op=SEND_HEARTBEAT {datanodeUUID=ff101aed-a6b7-4de5-96bc-8545c1bca62b, command=[]} | ret=SUCCESS |  
2019-08-27 21:53:10,277 | INFO  | SCMAudit | user=jenkins1000 | ip=192.168.69.113 | op=SEND_HEARTBEAT {datanodeUUID=7ad9a523-ea61-4de8-b564-9ed7c6de1fd1, command=[]} | ret=SUCCESS |  
2019-08-27 21:53:10,371 | INFO  | SCMAudit | user=jenkins1000 | ip=192.168.69.113 | op=SEND_HEARTBEAT {datanodeUUID=6fbb6c8f-68ec-4eec-acdd-5276ddf30de1, command=[]} | ret=SUCCESS |  
2019-08-27 21:53:10,593 | INFO  | SCMAudit | user=jenkins1000 | ip=192.168.69.113 | op=SEND_HEARTBEAT {datanodeUUID=803e2962-4b43-470b-a1eb-8fa95db682ee, command=[]} | ret=SUCCESS |  
2019-08-27 21:53:10,786 | INFO  | SCMAudit | user=jenkins1000 | ip=192.168.69.113 | op=SEND_HEARTBEAT {datanodeUUID=676885e1-3491-47d8-84ec-d928b9cef1c5, command=[]} | ret=SUCCESS |  
2019-08-27 21:53:11,151 | INFO  | SCMAudit | user=jenkins1000 | ip=192.168.69.113 | op=SEND_HEARTBEAT {datanodeUUID=6da4aad8-a4f6-4be0-a3fe-0ce626d82d81, command=[]} | ret=SUCCESS |  
2019-08-27 21:53:11,246 | INFO  | SCMAudit | user=jenkins1000 | ip=192.168.69.113 | op=SEND_HEARTBEAT {datanodeUUID=d16fede7-9c95-4edf-9c33-745cfaca74f6, command=[]} | ret=SUCCESS |  
2019-08-27 21:53:11,273 | INFO  | SCMAudit | user=jenkins1000 | ip=192.168.69.113 | op=SEND_HEARTBEAT {datanodeUUID=ff101aed-a6b7-4de5-96bc-8545c1bca62b, command=[]} | ret=SUCCESS |  
2019-08-27 21:53:11,277 | INFO  | SCMAudit | user=jenkins1000 | ip=192.168.69.113 | op=SEND_HEARTBEAT {datanodeUUID=7ad9a523-ea61-4de8-b564-9ed7c6de1fd1, command=[]} | ret=SUCCESS |  
2019-08-27 21:53:11,371 | INFO  | SCMAudit | user=jenkins1000 | ip=192.168.69.113 | op=SEND_HEARTBEAT {datanodeUUID=6fbb6c8f-68ec-4eec-acdd-5276ddf30de1, command=[]} | ret=SUCCESS |  
2019-08-27 21:53:11,594 | INFO  | SCMAudit | user=jenkins1000 | ip=192.168.69.113 | op=SEND_HEARTBEAT {datanodeUUID=803e2962-4b43-470b-a1eb-8fa95db682ee, command=[]} | ret=SUCCESS |  
2019-08-27 21:53:11,790 | INFO  | SCMAudit | user=jenkins1000 | ip=192.168.69.113 | op=SEND_HEARTBEAT {datanodeUUID=676885e1-3491-47d8-84ec-d928b9cef1c5, command=[]} | ret=SUCCESS |  
2019-08-27 21:53:12,150 | INFO  | SCMAudit | user=jenkins1000 | ip=192.168.69.113 | op=SEND_HEARTBEAT {datanodeUUID=6da4aad8-a4f6-4be0-a3fe-0ce626d82d81, command=[]} | ret=SUCCESS |  
2019-08-27 21:53:12,246 | INFO  | SCMAudit | user=jenkins1000 | ip=192.168.69.113 | op=SEND_HEARTBEAT {datanodeUUID=d16fede7-9c95-4edf-9c33-745cfaca74f6, command=[]} | ret=SUCCESS |  
2019-08-27 21:53:12,274 | INFO  | SCMAudit | user=jenkins1000 | ip=192.168.69.113 | op=SEND_HEARTBEAT {datanodeUUID=ff101aed-a6b7-4de5-96bc-8545c1bca62b, command=[]} | ret=SUCCESS |  
2019-08-27 21:53:12,278 | INFO  | SCMAudit | user=jenkins1000 | ip=192.168.69.113 | op=SEND_HEARTBEAT {datanodeUUID=7ad9a523-ea61-4de8-b564-9ed7c6de1fd1, command=[]} | ret=SUCCESS |  
2019-08-27 21:53:12,372 | INFO  | SCMAudit | user=jenkins1000 | ip=192.168.69.113 | op=SEND_HEARTBEAT {datanodeUUID=6fbb6c8f-68ec-4eec-acdd-5276ddf30de1, command=[]} | ret=SUCCESS |  
2019-08-27 21:53:12,593 | INFO  | SCMAudit | user=jenkins1000 | ip=192.168.69.113 | op=SEND_HEARTBEAT {datanodeUUID=803e2962-4b43-470b-a1eb-8fa95db682ee, command=[]} | ret=SUCCESS |  
2019-08-27 21:53:12,787 | INFO  | SCMAudit | user=jenkins1000 | ip=192.168.69.113 | op=SEND_HEARTBEAT {datanodeUUID=676885e1-3491-47d8-84ec-d928b9cef1c5, command=[]} | ret=SUCCESS |  
2019-08-27 21:53:13,151 | INFO  | SCMAudit | user=jenkins1000 | ip=192.168.69.113 | op=SEND_HEARTBEAT {datanodeUUID=6da4aad8-a4f6-4be0-a3fe-0ce626d82d81, command=[]} | ret=SUCCESS |  
2019-08-27 21:53:13,246 | INFO  | SCMAudit | user=jenkins1000 | ip=192.168.69.113 | op=SEND_HEARTBEAT {datanodeUUID=d16fede7-9c95-4edf-9c33-745cfaca74f6, command=[]} | ret=SUCCESS |  
2019-08-27 21:53:13,273 | INFO  | SCMAudit | user=jenkins1000 | ip=192.168.69.113 | op=SEND_HEARTBEAT {datanodeUUID=ff101aed-a6b7-4de5-96bc-8545c1bca62b, command=[]} | ret=SUCCESS |  
2019-08-27 21:53:13,277 | INFO  | SCMAudit | user=jenkins1000 | ip=192.168.69.113 | op=SEND_HEARTBEAT {datanodeUUID=7ad9a523-ea61-4de8-b564-9ed7c6de1fd1, command=[]} | ret=SUCCESS |  
2019-08-27 21:53:13,372 | INFO  | SCMAudit | user=jenkins1000 | ip=192.168.69.113 | op=SEND_HEARTBEAT {datanodeUUID=6fbb6c8f-68ec-4eec-acdd-5276ddf30de1, command=[]} | ret=SUCCESS |  
2019-08-27 21:53:13,594 | INFO  | SCMAudit | user=jenkins1000 | ip=192.168.69.113 | op=SEND_HEARTBEAT {datanodeUUID=803e2962-4b43-470b-a1eb-8fa95db682ee, command=[]} | ret=SUCCESS |  
2019-08-27 21:53:13,786 | INFO  | SCMAudit | user=jenkins1000 | ip=192.168.69.113 | op=SEND_HEARTBEAT {datanodeUUID=676885e1-3491-47d8-84ec-d928b9cef1c5, command=[]} | ret=SUCCESS |  
2019-08-27 21:53:13,841 [grpc-default-executor-5] INFO  client.GrpcClientProtocolClient (GrpcClientProtocolClient.java:onNext(255)) - client-9C14CD88FCAE->7ad9a523-ea61-4de8-b564-9ed7c6de1fd1: receive RaftClientReply:client-9C14CD88FCAE->7ad9a523-ea61-4de8-b564-9ed7c6de1fd1@group-92F312A34A51, cid=45, FAILED org.apache.ratis.protocol.NotLeaderException: Server 7ad9a523-ea61-4de8-b564-9ed7c6de1fd1 is not the leader (d16fede7-9c95-4edf-9c33-745cfaca74f6:192.168.69.113:38146). Request must be sent to leader., logIndex=0, commits[7ad9a523-ea61-4de8-b564-9ed7c6de1fd1:c8, d16fede7-9c95-4edf-9c33-745cfaca74f6:c8, ff101aed-a6b7-4de5-96bc-8545c1bca62b:c8]
2019-08-27 21:53:14,151 | INFO  | SCMAudit | user=jenkins1000 | ip=192.168.69.113 | op=SEND_HEARTBEAT {datanodeUUID=6da4aad8-a4f6-4be0-a3fe-0ce626d82d81, command=[]} | ret=SUCCESS |  
2019-08-27 21:53:14,247 | INFO  | SCMAudit | user=jenkins1000 | ip=192.168.69.113 | op=SEND_HEARTBEAT {datanodeUUID=d16fede7-9c95-4edf-9c33-745cfaca74f6, command=[]} | ret=SUCCESS |  
2019-08-27 21:53:14,273 | INFO  | SCMAudit | user=jenkins1000 | ip=192.168.69.113 | op=SEND_HEARTBEAT {datanodeUUID=ff101aed-a6b7-4de5-96bc-8545c1bca62b, command=[]} | ret=SUCCESS |  
2019-08-27 21:53:14,278 | INFO  | SCMAudit | user=jenkins1000 | ip=192.168.69.113 | op=SEND_HEARTBEAT {datanodeUUID=7ad9a523-ea61-4de8-b564-9ed7c6de1fd1, command=[]} | ret=SUCCESS |  
2019-08-27 21:53:14,373 | INFO  | SCMAudit | user=jenkins1000 | ip=192.168.69.113 | op=SEND_HEARTBEAT {datanodeUUID=6fbb6c8f-68ec-4eec-acdd-5276ddf30de1, command=[]} | ret=SUCCESS |  
2019-08-27 21:53:14,594 | INFO  | SCMAudit | user=jenkins1000 | ip=192.168.69.113 | op=SEND_HEARTBEAT {datanodeUUID=803e2962-4b43-470b-a1eb-8fa95db682ee, command=[]} | ret=SUCCESS |  
2019-08-27 21:53:14,787 | INFO  | SCMAudit | user=jenkins1000 | ip=192.168.69.113 | op=SEND_HEARTBEAT {datanodeUUID=676885e1-3491-47d8-84ec-d928b9cef1c5, command=[]} | ret=SUCCESS |  
2019-08-27 21:53:15,151 | INFO  | SCMAudit | user=jenkins1000 | ip=192.168.69.113 | op=SEND_HEARTBEAT {datanodeUUID=6da4aad8-a4f6-4be0-a3fe-0ce626d82d81, command=[]} | ret=SUCCESS |  
2019-08-27 21:53:15,246 | INFO  | SCMAudit | user=jenkins1000 | ip=192.168.69.113 | op=SEND_HEARTBEAT {datanodeUUID=d16fede7-9c95-4edf-9c33-745cfaca74f6, command=[]} | ret=SUCCESS |  
2019-08-27 21:53:15,273 | INFO  | SCMAudit | user=jenkins1000 | ip=192.168.69.113 | op=SEND_HEARTBEAT {datanodeUUID=ff101aed-a6b7-4de5-96bc-8545c1bca62b, command=[]} | ret=SUCCESS |  
2019-08-27 21:53:15,278 | INFO  | SCMAudit | user=jenkins1000 | ip=192.168.69.113 | op=SEND_HEARTBEAT {datanodeUUID=7ad9a523-ea61-4de8-b564-9ed7c6de1fd1, command=[]} | ret=SUCCESS |  
2019-08-27 21:53:15,373 | INFO  | SCMAudit | user=jenkins1000 | ip=192.168.69.113 | op=SEND_HEARTBEAT {datanodeUUID=6fbb6c8f-68ec-4eec-acdd-5276ddf30de1, command=[]} | ret=SUCCESS |  
2019-08-27 21:53:15,593 | INFO  | SCMAudit | user=jenkins1000 | ip=192.168.69.113 | op=SEND_HEARTBEAT {datanodeUUID=803e2962-4b43-470b-a1eb-8fa95db682ee, command=[]} | ret=SUCCESS |  
2019-08-27 21:53:15,786 | INFO  | SCMAudit | user=jenkins1000 | ip=192.168.69.113 | op=SEND_HEARTBEAT {datanodeUUID=676885e1-3491-47d8-84ec-d928b9cef1c5, command=[]} | ret=SUCCESS |  
2019-08-27 21:53:16,152 | INFO  | SCMAudit | user=jenkins1000 | ip=192.168.69.113 | op=SEND_HEARTBEAT {datanodeUUID=6da4aad8-a4f6-4be0-a3fe-0ce626d82d81, command=[]} | ret=SUCCESS |  
2019-08-27 21:53:16,246 | INFO  | SCMAudit | user=jenkins1000 | ip=192.168.69.113 | op=SEND_HEARTBEAT {datanodeUUID=d16fede7-9c95-4edf-9c33-745cfaca74f6, command=[]} | ret=SUCCESS |  
2019-08-27 21:53:16,273 | INFO  | SCMAudit | user=jenkins1000 | ip=192.168.69.113 | op=SEND_HEARTBEAT {datanodeUUID=ff101aed-a6b7-4de5-96bc-8545c1bca62b, command=[]} | ret=SUCCESS |  
2019-08-27 21:53:16,277 | INFO  | SCMAudit | user=jenkins1000 | ip=192.168.69.113 | op=SEND_HEARTBEAT {datanodeUUID=7ad9a523-ea61-4de8-b564-9ed7c6de1fd1, command=[]} | ret=SUCCESS |  
2019-08-27 21:53:16,374 | INFO  | SCMAudit | user=jenkins1000 | ip=192.168.69.113 | op=SEND_HEARTBEAT {datanodeUUID=6fbb6c8f-68ec-4eec-acdd-5276ddf30de1, command=[]} | ret=SUCCESS |  
2019-08-27 21:53:16,594 | INFO  | SCMAudit | user=jenkins1000 | ip=192.168.69.113 | op=SEND_HEARTBEAT {datanodeUUID=803e2962-4b43-470b-a1eb-8fa95db682ee, command=[]} | ret=SUCCESS |  
2019-08-27 21:53:16,786 | INFO  | SCMAudit | user=jenkins1000 | ip=192.168.69.113 | op=SEND_HEARTBEAT {datanodeUUID=676885e1-3491-47d8-84ec-d928b9cef1c5, command=[]} | ret=SUCCESS |  
2019-08-27 21:53:17,151 | INFO  | SCMAudit | user=jenkins1000 | ip=192.168.69.113 | op=SEND_HEARTBEAT {datanodeUUID=6da4aad8-a4f6-4be0-a3fe-0ce626d82d81, command=[]} | ret=SUCCESS |  
2019-08-27 21:53:17,246 | INFO  | SCMAudit | user=jenkins1000 | ip=192.168.69.113 | op=SEND_HEARTBEAT {datanodeUUID=d16fede7-9c95-4edf-9c33-745cfaca74f6, command=[]} | ret=SUCCESS |  
2019-08-27 21:53:17,274 | INFO  | SCMAudit | user=jenkins1000 | ip=192.168.69.113 | op=SEND_HEARTBEAT {datanodeUUID=ff101aed-a6b7-4de5-96bc-8545c1bca62b, command=[]} | ret=SUCCESS |  
2019-08-27 21:53:17,277 | INFO  | SCMAudit | user=jenkins1000 | ip=192.168.69.113 | op=SEND_HEARTBEAT {datanodeUUID=7ad9a523-ea61-4de8-b564-9ed7c6de1fd1, command=[]} | ret=SUCCESS |  
2019-08-27 21:53:17,373 | INFO  | SCMAudit | user=jenkins1000 | ip=192.168.69.113 | op=SEND_HEARTBEAT {datanodeUUID=6fbb6c8f-68ec-4eec-acdd-5276ddf30de1, command=[]} | ret=SUCCESS |  
2019-08-27 21:53:17,595 | INFO  | SCMAudit | user=jenkins1000 | ip=192.168.69.113 | op=SEND_HEARTBEAT {datanodeUUID=803e2962-4b43-470b-a1eb-8fa95db682ee, command=[]} | ret=SUCCESS |  
2019-08-27 21:53:17,786 | INFO  | SCMAudit | user=jenkins1000 | ip=192.168.69.113 | op=SEND_HEARTBEAT {datanodeUUID=676885e1-3491-47d8-84ec-d928b9cef1c5, command=[]} | ret=SUCCESS |  
2019-08-27 21:53:18,152 | INFO  | SCMAudit | user=jenkins1000 | ip=192.168.69.113 | op=SEND_HEARTBEAT {datanodeUUID=6da4aad8-a4f6-4be0-a3fe-0ce626d82d81, command=[]} | ret=SUCCESS |  
2019-08-27 21:53:18,247 | INFO  | SCMAudit | user=jenkins1000 | ip=192.168.69.113 | op=SEND_HEARTBEAT {datanodeUUID=d16fede7-9c95-4edf-9c33-745cfaca74f6, command=[]} | ret=SUCCESS |  
2019-08-27 21:53:18,273 | INFO  | SCMAudit | user=jenkins1000 | ip=192.168.69.113 | op=SEND_HEARTBEAT {datanodeUUID=ff101aed-a6b7-4de5-96bc-8545c1bca62b, command=[]} | ret=SUCCESS |  
2019-08-27 21:53:18,277 | INFO  | SCMAudit | user=jenkins1000 | ip=192.168.69.113 | op=SEND_HEARTBEAT {datanodeUUID=7ad9a523-ea61-4de8-b564-9ed7c6de1fd1, command=[]} | ret=SUCCESS |  
2019-08-27 21:53:18,374 | INFO  | SCMAudit | user=jenkins1000 | ip=192.168.69.113 | op=SEND_HEARTBEAT {datanodeUUID=6fbb6c8f-68ec-4eec-acdd-5276ddf30de1, command=[]} | ret=SUCCESS |  
2019-08-27 21:53:18,594 | INFO  | SCMAudit | user=jenkins1000 | ip=192.168.69.113 | op=SEND_HEARTBEAT {datanodeUUID=803e2962-4b43-470b-a1eb-8fa95db682ee, command=[]} | ret=SUCCESS |  
2019-08-27 21:53:18,786 | INFO  | SCMAudit | user=jenkins1000 | ip=192.168.69.113 | op=SEND_HEARTBEAT {datanodeUUID=676885e1-3491-47d8-84ec-d928b9cef1c5, command=[]} | ret=SUCCESS |  
2019-08-27 21:53:18,886 [grpc-default-executor-1] INFO  client.GrpcClientProtocolClient (GrpcClientProtocolClient.java:onNext(255)) - client-9C14CD88FCAE->ff101aed-a6b7-4de5-96bc-8545c1bca62b: receive RaftClientReply:client-9C14CD88FCAE->ff101aed-a6b7-4de5-96bc-8545c1bca62b@group-92F312A34A51, cid=45, FAILED org.apache.ratis.protocol.NotLeaderException: Server ff101aed-a6b7-4de5-96bc-8545c1bca62b is not the leader (d16fede7-9c95-4edf-9c33-745cfaca74f6:192.168.69.113:38146). Request must be sent to leader., logIndex=0, commits[ff101aed-a6b7-4de5-96bc-8545c1bca62b:c8, d16fede7-9c95-4edf-9c33-745cfaca74f6:c8, 7ad9a523-ea61-4de8-b564-9ed7c6de1fd1:c8]
2019-08-27 21:53:19,151 | INFO  | SCMAudit | user=jenkins1000 | ip=192.168.69.113 | op=SEND_HEARTBEAT {datanodeUUID=6da4aad8-a4f6-4be0-a3fe-0ce626d82d81, command=[]} | ret=SUCCESS |  
2019-08-27 21:53:19,247 | INFO  | SCMAudit | user=jenkins1000 | ip=192.168.69.113 | op=SEND_HEARTBEAT {datanodeUUID=d16fede7-9c95-4edf-9c33-745cfaca74f6, command=[]} | ret=SUCCESS |  
2019-08-27 21:53:19,273 | INFO  | SCMAudit | user=jenkins1000 | ip=192.168.69.113 | op=SEND_HEARTBEAT {datanodeUUID=ff101aed-a6b7-4de5-96bc-8545c1bca62b, command=[]} | ret=SUCCESS |  
2019-08-27 21:53:19,278 | INFO  | SCMAudit | user=jenkins1000 | ip=192.168.69.113 | op=SEND_HEARTBEAT {datanodeUUID=7ad9a523-ea61-4de8-b564-9ed7c6de1fd1, command=[]} | ret=SUCCESS |  
2019-08-27 21:53:19,374 | INFO  | SCMAudit | user=jenkins1000 | ip=192.168.69.113 | op=SEND_HEARTBEAT {datanodeUUID=6fbb6c8f-68ec-4eec-acdd-5276ddf30de1, command=[]} | ret=SUCCESS |  
2019-08-27 21:53:19,594 | INFO  | SCMAudit | user=jenkins1000 | ip=192.168.69.113 | op=SEND_HEARTBEAT {datanodeUUID=803e2962-4b43-470b-a1eb-8fa95db682ee, command=[]} | ret=SUCCESS |  
2019-08-27 21:53:19,787 | INFO  | SCMAudit | user=jenkins1000 | ip=192.168.69.113 | op=SEND_HEARTBEAT {datanodeUUID=676885e1-3491-47d8-84ec-d928b9cef1c5, command=[]} | ret=SUCCESS |  
2019-08-27 21:53:20,151 | INFO  | SCMAudit | user=jenkins1000 | ip=192.168.69.113 | op=SEND_HEARTBEAT {datanodeUUID=6da4aad8-a4f6-4be0-a3fe-0ce626d82d81, command=[]} | ret=SUCCESS |  
2019-08-27 21:53:20,248 | INFO  | SCMAudit | user=jenkins1000 | ip=192.168.69.113 | op=SEND_HEARTBEAT {datanodeUUID=d16fede7-9c95-4edf-9c33-745cfaca74f6, command=[]} | ret=SUCCESS |  
2019-08-27 21:53:20,273 | INFO  | SCMAudit | user=jenkins1000 | ip=192.168.69.113 | op=SEND_HEARTBEAT {datanodeUUID=ff101aed-a6b7-4de5-96bc-8545c1bca62b, command=[]} | ret=SUCCESS |  
2019-08-27 21:53:20,278 | INFO  | SCMAudit | user=jenkins1000 | ip=192.168.69.113 | op=SEND_HEARTBEAT {datanodeUUID=7ad9a523-ea61-4de8-b564-9ed7c6de1fd1, command=[]} | ret=SUCCESS |  
2019-08-27 21:53:20,374 | INFO  | SCMAudit | user=jenkins1000 | ip=192.168.69.113 | op=SEND_HEARTBEAT {datanodeUUID=6fbb6c8f-68ec-4eec-acdd-5276ddf30de1, command=[]} | ret=SUCCESS |  
2019-08-27 21:53:20,595 | INFO  | SCMAudit | user=jenkins1000 | ip=192.168.69.113 | op=SEND_HEARTBEAT {datanodeUUID=803e2962-4b43-470b-a1eb-8fa95db682ee, command=[]} | ret=SUCCESS |  
2019-08-27 21:53:20,786 | INFO  | SCMAudit | user=jenkins1000 | ip=192.168.69.113 | op=SEND_HEARTBEAT {datanodeUUID=676885e1-3491-47d8-84ec-d928b9cef1c5, command=[]} | ret=SUCCESS |  
2019-08-27 21:53:21,151 | INFO  | SCMAudit | user=jenkins1000 | ip=192.168.69.113 | op=SEND_HEARTBEAT {datanodeUUID=6da4aad8-a4f6-4be0-a3fe-0ce626d82d81, command=[]} | ret=SUCCESS |  
2019-08-27 21:53:21,247 | INFO  | SCMAudit | user=jenkins1000 | ip=192.168.69.113 | op=SEND_HEARTBEAT {datanodeUUID=d16fede7-9c95-4edf-9c33-745cfaca74f6, command=[]} | ret=SUCCESS |  
2019-08-27 21:53:21,274 | INFO  | SCMAudit | user=jenkins1000 | ip=192.168.69.113 | op=SEND_HEARTBEAT {datanodeUUID=ff101aed-a6b7-4de5-96bc-8545c1bca62b, command=[]} | ret=SUCCESS |  
2019-08-27 21:53:21,278 | INFO  | SCMAudit | user=jenkins1000 | ip=192.168.69.113 | op=SEND_HEARTBEAT {datanodeUUID=7ad9a523-ea61-4de8-b564-9ed7c6de1fd1, command=[]} | ret=SUCCESS |  
2019-08-27 21:53:21,375 | INFO  | SCMAudit | user=jenkins1000 | ip=192.168.69.113 | op=SEND_HEARTBEAT {datanodeUUID=6fbb6c8f-68ec-4eec-acdd-5276ddf30de1, command=[]} | ret=SUCCESS |  
2019-08-27 21:53:21,594 | INFO  | SCMAudit | user=jenkins1000 | ip=192.168.69.113 | op=SEND_HEARTBEAT {datanodeUUID=803e2962-4b43-470b-a1eb-8fa95db682ee, command=[]} | ret=SUCCESS |  
2019-08-27 21:53:21,787 | INFO  | SCMAudit | user=jenkins1000 | ip=192.168.69.113 | op=SEND_HEARTBEAT {datanodeUUID=676885e1-3491-47d8-84ec-d928b9cef1c5, command=[]} | ret=SUCCESS |  
2019-08-27 21:53:22,152 | INFO  | SCMAudit | user=jenkins1000 | ip=192.168.69.113 | op=SEND_HEARTBEAT {datanodeUUID=6da4aad8-a4f6-4be0-a3fe-0ce626d82d81, command=[]} | ret=SUCCESS |  
2019-08-27 21:53:22,247 | INFO  | SCMAudit | user=jenkins1000 | ip=192.168.69.113 | op=SEND_HEARTBEAT {datanodeUUID=d16fede7-9c95-4edf-9c33-745cfaca74f6, command=[]} | ret=SUCCESS |  
2019-08-27 21:53:22,274 | INFO  | SCMAudit | user=jenkins1000 | ip=192.168.69.113 | op=SEND_HEARTBEAT {datanodeUUID=ff101aed-a6b7-4de5-96bc-8545c1bca62b, command=[]} | ret=SUCCESS |  
2019-08-27 21:53:22,278 | INFO  | SCMAudit | user=jenkins1000 | ip=192.168.69.113 | op=SEND_HEARTBEAT {datanodeUUID=7ad9a523-ea61-4de8-b564-9ed7c6de1fd1, command=[]} | ret=SUCCESS |  
2019-08-27 21:53:22,374 | INFO  | SCMAudit | user=jenkins1000 | ip=192.168.69.113 | op=SEND_HEARTBEAT {datanodeUUID=6fbb6c8f-68ec-4eec-acdd-5276ddf30de1, command=[]} | ret=SUCCESS |  
2019-08-27 21:53:22,594 | INFO  | SCMAudit | user=jenkins1000 | ip=192.168.69.113 | op=SEND_HEARTBEAT {datanodeUUID=803e2962-4b43-470b-a1eb-8fa95db682ee, command=[]} | ret=SUCCESS |  
2019-08-27 21:53:22,786 | INFO  | SCMAudit | user=jenkins1000 | ip=192.168.69.113 | op=SEND_HEARTBEAT {datanodeUUID=676885e1-3491-47d8-84ec-d928b9cef1c5, command=[]} | ret=SUCCESS |  
2019-08-27 21:53:23,151 | INFO  | SCMAudit | user=jenkins1000 | ip=192.168.69.113 | op=SEND_HEARTBEAT {datanodeUUID=6da4aad8-a4f6-4be0-a3fe-0ce626d82d81, command=[]} | ret=SUCCESS |  
2019-08-27 21:53:23,248 | INFO  | SCMAudit | user=jenkins1000 | ip=192.168.69.113 | op=SEND_HEARTBEAT {datanodeUUID=d16fede7-9c95-4edf-9c33-745cfaca74f6, command=[]} | ret=SUCCESS |  
2019-08-27 21:53:23,274 | INFO  | SCMAudit | user=jenkins1000 | ip=192.168.69.113 | op=SEND_HEARTBEAT {datanodeUUID=ff101aed-a6b7-4de5-96bc-8545c1bca62b, command=[]} | ret=SUCCESS |  
2019-08-27 21:53:23,278 | INFO  | SCMAudit | user=jenkins1000 | ip=192.168.69.113 | op=SEND_HEARTBEAT {datanodeUUID=7ad9a523-ea61-4de8-b564-9ed7c6de1fd1, command=[]} | ret=SUCCESS |  
2019-08-27 21:53:23,374 | INFO  | SCMAudit | user=jenkins1000 | ip=192.168.69.113 | op=SEND_HEARTBEAT {datanodeUUID=6fbb6c8f-68ec-4eec-acdd-5276ddf30de1, command=[]} | ret=SUCCESS |  
2019-08-27 21:53:23,595 | INFO  | SCMAudit | user=jenkins1000 | ip=192.168.69.113 | op=SEND_HEARTBEAT {datanodeUUID=803e2962-4b43-470b-a1eb-8fa95db682ee, command=[]} | ret=SUCCESS |  
2019-08-27 21:53:23,787 | INFO  | SCMAudit | user=jenkins1000 | ip=192.168.69.113 | op=SEND_HEARTBEAT {datanodeUUID=676885e1-3491-47d8-84ec-d928b9cef1c5, command=[]} | ret=SUCCESS |  
2019-08-27 21:53:23,952 [grpc-default-executor-1] INFO  client.GrpcClientProtocolClient (GrpcClientProtocolClient.java:onNext(255)) - client-9C14CD88FCAE->ff101aed-a6b7-4de5-96bc-8545c1bca62b: receive RaftClientReply:client-9C14CD88FCAE->ff101aed-a6b7-4de5-96bc-8545c1bca62b@group-92F312A34A51, cid=45, FAILED org.apache.ratis.protocol.NotLeaderException: Server ff101aed-a6b7-4de5-96bc-8545c1bca62b is not the leader (d16fede7-9c95-4edf-9c33-745cfaca74f6:192.168.69.113:38146). Request must be sent to leader., logIndex=0, commits[ff101aed-a6b7-4de5-96bc-8545c1bca62b:c8, d16fede7-9c95-4edf-9c33-745cfaca74f6:c8, 7ad9a523-ea61-4de8-b564-9ed7c6de1fd1:c8]
2019-08-27 21:53:24,151 | INFO  | SCMAudit | user=jenkins1000 | ip=192.168.69.113 | op=SEND_HEARTBEAT {datanodeUUID=6da4aad8-a4f6-4be0-a3fe-0ce626d82d81, command=[]} | ret=SUCCESS |  
2019-08-27 21:53:24,247 | INFO  | SCMAudit | user=jenkins1000 | ip=192.168.69.113 | op=SEND_HEARTBEAT {datanodeUUID=d16fede7-9c95-4edf-9c33-745cfaca74f6, command=[]} | ret=SUCCESS |  
2019-08-27 21:53:24,274 | INFO  | SCMAudit | user=jenkins1000 | ip=192.168.69.113 | op=SEND_HEARTBEAT {datanodeUUID=ff101aed-a6b7-4de5-96bc-8545c1bca62b, command=[]} | ret=SUCCESS |  
2019-08-27 21:53:24,279 | INFO  | SCMAudit | user=jenkins1000 | ip=192.168.69.113 | op=SEND_HEARTBEAT {datanodeUUID=7ad9a523-ea61-4de8-b564-9ed7c6de1fd1, command=[]} | ret=SUCCESS |  
2019-08-27 21:53:24,375 | INFO  | SCMAudit | user=jenkins1000 | ip=192.168.69.113 | op=SEND_HEARTBEAT {datanodeUUID=6fbb6c8f-68ec-4eec-acdd-5276ddf30de1, command=[]} | ret=SUCCESS |  
2019-08-27 21:53:24,594 | INFO  | SCMAudit | user=jenkins1000 | ip=192.168.69.113 | op=SEND_HEARTBEAT {datanodeUUID=803e2962-4b43-470b-a1eb-8fa95db682ee, command=[]} | ret=SUCCESS |  
2019-08-27 21:53:24,787 | INFO  | SCMAudit | user=jenkins1000 | ip=192.168.69.113 | op=SEND_HEARTBEAT {datanodeUUID=676885e1-3491-47d8-84ec-d928b9cef1c5, command=[]} | ret=SUCCESS |  
2019-08-27 21:53:25,151 | INFO  | SCMAudit | user=jenkins1000 | ip=192.168.69.113 | op=SEND_HEARTBEAT {datanodeUUID=6da4aad8-a4f6-4be0-a3fe-0ce626d82d81, command=[]} | ret=SUCCESS |  
2019-08-27 21:53:25,247 | INFO  | SCMAudit | user=jenkins1000 | ip=192.168.69.113 | op=SEND_HEARTBEAT {datanodeUUID=d16fede7-9c95-4edf-9c33-745cfaca74f6, command=[]} | ret=SUCCESS |  
2019-08-27 21:53:25,274 | INFO  | SCMAudit | user=jenkins1000 | ip=192.168.69.113 | op=SEND_HEARTBEAT {datanodeUUID=ff101aed-a6b7-4de5-96bc-8545c1bca62b, command=[]} | ret=SUCCESS |  
2019-08-27 21:53:25,278 | INFO  | SCMAudit | user=jenkins1000 | ip=192.168.69.113 | op=SEND_HEARTBEAT {datanodeUUID=7ad9a523-ea61-4de8-b564-9ed7c6de1fd1, command=[]} | ret=SUCCESS |  
2019-08-27 21:53:25,375 | INFO  | SCMAudit | user=jenkins1000 | ip=192.168.69.113 | op=SEND_HEARTBEAT {datanodeUUID=6fbb6c8f-68ec-4eec-acdd-5276ddf30de1, command=[]} | ret=SUCCESS |  
2019-08-27 21:53:25,594 | INFO  | SCMAudit | user=jenkins1000 | ip=192.168.69.113 | op=SEND_HEARTBEAT {datanodeUUID=803e2962-4b43-470b-a1eb-8fa95db682ee, command=[]} | ret=SUCCESS |  
2019-08-27 21:53:25,787 | INFO  | SCMAudit | user=jenkins1000 | ip=192.168.69.113 | op=SEND_HEARTBEAT {datanodeUUID=676885e1-3491-47d8-84ec-d928b9cef1c5, command=[]} | ret=SUCCESS |  
2019-08-27 21:53:26,152 | INFO  | SCMAudit | user=jenkins1000 | ip=192.168.69.113 | op=SEND_HEARTBEAT {datanodeUUID=6da4aad8-a4f6-4be0-a3fe-0ce626d82d81, command=[]} | ret=SUCCESS |  
2019-08-27 21:53:26,248 | INFO  | SCMAudit | user=jenkins1000 | ip=192.168.69.113 | op=SEND_HEARTBEAT {datanodeUUID=d16fede7-9c95-4edf-9c33-745cfaca74f6, command=[]} | ret=SUCCESS |  
2019-08-27 21:53:26,275 | INFO  | SCMAudit | user=jenkins1000 | ip=192.168.69.113 | op=SEND_HEARTBEAT {datanodeUUID=ff101aed-a6b7-4de5-96bc-8545c1bca62b, command=[]} | ret=SUCCESS |  
2019-08-27 21:53:26,278 | INFO  | SCMAudit | user=jenkins1000 | ip=192.168.69.113 | op=SEND_HEARTBEAT {datanodeUUID=7ad9a523-ea61-4de8-b564-9ed7c6de1fd1, command=[]} | ret=SUCCESS |  
2019-08-27 21:53:26,375 | INFO  | SCMAudit | user=jenkins1000 | ip=192.168.69.113 | op=SEND_HEARTBEAT {datanodeUUID=6fbb6c8f-68ec-4eec-acdd-5276ddf30de1, command=[]} | ret=SUCCESS |  
2019-08-27 21:53:26,594 | INFO  | SCMAudit | user=jenkins1000 | ip=192.168.69.113 | op=SEND_HEARTBEAT {datanodeUUID=803e2962-4b43-470b-a1eb-8fa95db682ee, command=[]} | ret=SUCCESS |  
2019-08-27 21:53:26,787 | INFO  | SCMAudit | user=jenkins1000 | ip=192.168.69.113 | op=SEND_HEARTBEAT {datanodeUUID=676885e1-3491-47d8-84ec-d928b9cef1c5, command=[]} | ret=SUCCESS |  
2019-08-27 21:53:27,152 | INFO  | SCMAudit | user=jenkins1000 | ip=192.168.69.113 | op=SEND_HEARTBEAT {datanodeUUID=6da4aad8-a4f6-4be0-a3fe-0ce626d82d81, command=[]} | ret=SUCCESS |  
2019-08-27 21:53:27,247 | INFO  | SCMAudit | user=jenkins1000 | ip=192.168.69.113 | op=SEND_HEARTBEAT {datanodeUUID=d16fede7-9c95-4edf-9c33-745cfaca74f6, command=[]} | ret=SUCCESS |  
2019-08-27 21:53:27,274 | INFO  | SCMAudit | user=jenkins1000 | ip=192.168.69.113 | op=SEND_HEARTBEAT {datanodeUUID=ff101aed-a6b7-4de5-96bc-8545c1bca62b, command=[]} | ret=SUCCESS |  
2019-08-27 21:53:27,278 | INFO  | SCMAudit | user=jenkins1000 | ip=192.168.69.113 | op=SEND_HEARTBEAT {datanodeUUID=7ad9a523-ea61-4de8-b564-9ed7c6de1fd1, command=[]} | ret=SUCCESS |  
2019-08-27 21:53:27,375 | INFO  | SCMAudit | user=jenkins1000 | ip=192.168.69.113 | op=SEND_HEARTBEAT {datanodeUUID=6fbb6c8f-68ec-4eec-acdd-5276ddf30de1, command=[]} | ret=SUCCESS |  
2019-08-27 21:53:27,595 | INFO  | SCMAudit | user=jenkins1000 | ip=192.168.69.113 | op=SEND_HEARTBEAT {datanodeUUID=803e2962-4b43-470b-a1eb-8fa95db682ee, command=[]} | ret=SUCCESS |  
2019-08-27 21:53:27,788 | INFO  | SCMAudit | user=jenkins1000 | ip=192.168.69.113 | op=SEND_HEARTBEAT {datanodeUUID=676885e1-3491-47d8-84ec-d928b9cef1c5, command=[]} | ret=SUCCESS |  
2019-08-27 21:53:28,152 | INFO  | SCMAudit | user=jenkins1000 | ip=192.168.69.113 | op=SEND_HEARTBEAT {datanodeUUID=6da4aad8-a4f6-4be0-a3fe-0ce626d82d81, command=[]} | ret=SUCCESS |  
2019-08-27 21:53:28,247 | INFO  | SCMAudit | user=jenkins1000 | ip=192.168.69.113 | op=SEND_HEARTBEAT {datanodeUUID=d16fede7-9c95-4edf-9c33-745cfaca74f6, command=[]} | ret=SUCCESS |  
2019-08-27 21:53:28,274 | INFO  | SCMAudit | user=jenkins1000 | ip=192.168.69.113 | op=SEND_HEARTBEAT {datanodeUUID=ff101aed-a6b7-4de5-96bc-8545c1bca62b, command=[]} | ret=SUCCESS |  
2019-08-27 21:53:28,278 | INFO  | SCMAudit | user=jenkins1000 | ip=192.168.69.113 | op=SEND_HEARTBEAT {datanodeUUID=7ad9a523-ea61-4de8-b564-9ed7c6de1fd1, command=[]} | ret=SUCCESS |  
2019-08-27 21:53:28,375 | INFO  | SCMAudit | user=jenkins1000 | ip=192.168.69.113 | op=SEND_HEARTBEAT {datanodeUUID=6fbb6c8f-68ec-4eec-acdd-5276ddf30de1, command=[]} | ret=SUCCESS |  
2019-08-27 21:53:28,594 | INFO  | SCMAudit | user=jenkins1000 | ip=192.168.69.113 | op=SEND_HEARTBEAT {datanodeUUID=803e2962-4b43-470b-a1eb-8fa95db682ee, command=[]} | ret=SUCCESS |  
2019-08-27 21:53:28,788 | INFO  | SCMAudit | user=jenkins1000 | ip=192.168.69.113 | op=SEND_HEARTBEAT {datanodeUUID=676885e1-3491-47d8-84ec-d928b9cef1c5, command=[]} | ret=SUCCESS |  
2019-08-27 21:53:28,995 [grpc-default-executor-1] INFO  client.GrpcClientProtocolClient (GrpcClientProtocolClient.java:onNext(255)) - client-9C14CD88FCAE->7ad9a523-ea61-4de8-b564-9ed7c6de1fd1: receive RaftClientReply:client-9C14CD88FCAE->7ad9a523-ea61-4de8-b564-9ed7c6de1fd1@group-92F312A34A51, cid=45, FAILED org.apache.ratis.protocol.NotLeaderException: Server 7ad9a523-ea61-4de8-b564-9ed7c6de1fd1 is not the leader (d16fede7-9c95-4edf-9c33-745cfaca74f6:192.168.69.113:38146). Request must be sent to leader., logIndex=0, commits[7ad9a523-ea61-4de8-b564-9ed7c6de1fd1:c8, d16fede7-9c95-4edf-9c33-745cfaca74f6:c8, ff101aed-a6b7-4de5-96bc-8545c1bca62b:c8]
2019-08-27 21:53:29,152 | INFO  | SCMAudit | user=jenkins1000 | ip=192.168.69.113 | op=SEND_HEARTBEAT {datanodeUUID=6da4aad8-a4f6-4be0-a3fe-0ce626d82d81, command=[]} | ret=SUCCESS |  
2019-08-27 21:53:29,248 | INFO  | SCMAudit | user=jenkins1000 | ip=192.168.69.113 | op=SEND_HEARTBEAT {datanodeUUID=d16fede7-9c95-4edf-9c33-745cfaca74f6, command=[]} | ret=SUCCESS |  
2019-08-27 21:53:29,274 | INFO  | SCMAudit | user=jenkins1000 | ip=192.168.69.113 | op=SEND_HEARTBEAT {datanodeUUID=ff101aed-a6b7-4de5-96bc-8545c1bca62b, command=[]} | ret=SUCCESS |  
2019-08-27 21:53:29,278 | INFO  | SCMAudit | user=jenkins1000 | ip=192.168.69.113 | op=SEND_HEARTBEAT {datanodeUUID=7ad9a523-ea61-4de8-b564-9ed7c6de1fd1, command=[]} | ret=SUCCESS |  
2019-08-27 21:53:29,375 | INFO  | SCMAudit | user=jenkins1000 | ip=192.168.69.113 | op=SEND_HEARTBEAT {datanodeUUID=6fbb6c8f-68ec-4eec-acdd-5276ddf30de1, command=[]} | ret=SUCCESS |  
2019-08-27 21:53:29,594 | INFO  | SCMAudit | user=jenkins1000 | ip=192.168.69.113 | op=SEND_HEARTBEAT {datanodeUUID=803e2962-4b43-470b-a1eb-8fa95db682ee, command=[]} | ret=SUCCESS |  
2019-08-27 21:53:29,788 | INFO  | SCMAudit | user=jenkins1000 | ip=192.168.69.113 | op=SEND_HEARTBEAT {datanodeUUID=676885e1-3491-47d8-84ec-d928b9cef1c5, command=[]} | ret=SUCCESS |  
2019-08-27 21:53:30,152 | INFO  | SCMAudit | user=jenkins1000 | ip=192.168.69.113 | op=SEND_HEARTBEAT {datanodeUUID=6da4aad8-a4f6-4be0-a3fe-0ce626d82d81, command=[]} | ret=SUCCESS |  
2019-08-27 21:53:30,247 | INFO  | SCMAudit | user=jenkins1000 | ip=192.168.69.113 | op=SEND_HEARTBEAT {datanodeUUID=d16fede7-9c95-4edf-9c33-745cfaca74f6, command=[]} | ret=SUCCESS |  
2019-08-27 21:53:30,274 | INFO  | SCMAudit | user=jenkins1000 | ip=192.168.69.113 | op=SEND_HEARTBEAT {datanodeUUID=ff101aed-a6b7-4de5-96bc-8545c1bca62b, command=[]} | ret=SUCCESS |  
2019-08-27 21:53:30,280 | INFO  | SCMAudit | user=jenkins1000 | ip=192.168.69.113 | op=SEND_HEARTBEAT {datanodeUUID=7ad9a523-ea61-4de8-b564-9ed7c6de1fd1, command=[]} | ret=SUCCESS |  
2019-08-27 21:53:30,375 | INFO  | SCMAudit | user=jenkins1000 | ip=192.168.69.113 | op=SEND_HEARTBEAT {datanodeUUID=6fbb6c8f-68ec-4eec-acdd-5276ddf30de1, command=[]} | ret=SUCCESS |  
2019-08-27 21:53:30,594 | INFO  | SCMAudit | user=jenkins1000 | ip=192.168.69.113 | op=SEND_HEARTBEAT {datanodeUUID=803e2962-4b43-470b-a1eb-8fa95db682ee, command=[]} | ret=SUCCESS |  
2019-08-27 21:53:30,789 | INFO  | SCMAudit | user=jenkins1000 | ip=192.168.69.113 | op=SEND_HEARTBEAT {datanodeUUID=676885e1-3491-47d8-84ec-d928b9cef1c5, command=[]} | ret=SUCCESS |  
2019-08-27 21:53:31,152 | INFO  | SCMAudit | user=jenkins1000 | ip=192.168.69.113 | op=SEND_HEARTBEAT {datanodeUUID=6da4aad8-a4f6-4be0-a3fe-0ce626d82d81, command=[]} | ret=SUCCESS |  
2019-08-27 21:53:31,248 | INFO  | SCMAudit | user=jenkins1000 | ip=192.168.69.113 | op=SEND_HEARTBEAT {datanodeUUID=d16fede7-9c95-4edf-9c33-745cfaca74f6, command=[]} | ret=SUCCESS |  
2019-08-27 21:53:31,274 | INFO  | SCMAudit | user=jenkins1000 | ip=192.168.69.113 | op=SEND_HEARTBEAT {datanodeUUID=ff101aed-a6b7-4de5-96bc-8545c1bca62b, command=[]} | ret=SUCCESS |  
2019-08-27 21:53:31,280 | INFO  | SCMAudit | user=jenkins1000 | ip=192.168.69.113 | op=SEND_HEARTBEAT {datanodeUUID=7ad9a523-ea61-4de8-b564-9ed7c6de1fd1, command=[]} | ret=SUCCESS |  
2019-08-27 21:53:31,375 | INFO  | SCMAudit | user=jenkins1000 | ip=192.168.69.113 | op=SEND_HEARTBEAT {datanodeUUID=6fbb6c8f-68ec-4eec-acdd-5276ddf30de1, command=[]} | ret=SUCCESS |  
2019-08-27 21:53:31,594 | INFO  | SCMAudit | user=jenkins1000 | ip=192.168.69.113 | op=SEND_HEARTBEAT {datanodeUUID=803e2962-4b43-470b-a1eb-8fa95db682ee, command=[]} | ret=SUCCESS |  
2019-08-27 21:53:31,789 | INFO  | SCMAudit | user=jenkins1000 | ip=192.168.69.113 | op=SEND_HEARTBEAT {datanodeUUID=676885e1-3491-47d8-84ec-d928b9cef1c5, command=[]} | ret=SUCCESS |  
2019-08-27 21:53:32,152 | INFO  | SCMAudit | user=jenkins1000 | ip=192.168.69.113 | op=SEND_HEARTBEAT {datanodeUUID=6da4aad8-a4f6-4be0-a3fe-0ce626d82d81, command=[]} | ret=SUCCESS |  
2019-08-27 21:53:32,247 | INFO  | SCMAudit | user=jenkins1000 | ip=192.168.69.113 | op=SEND_HEARTBEAT {datanodeUUID=d16fede7-9c95-4edf-9c33-745cfaca74f6, command=[]} | ret=SUCCESS |  
2019-08-27 21:53:32,275 | INFO  | SCMAudit | user=jenkins1000 | ip=192.168.69.113 | op=SEND_HEARTBEAT {datanodeUUID=ff101aed-a6b7-4de5-96bc-8545c1bca62b, command=[]} | ret=SUCCESS |  
2019-08-27 21:53:32,280 | INFO  | SCMAudit | user=jenkins1000 | ip=192.168.69.113 | op=SEND_HEARTBEAT {datanodeUUID=7ad9a523-ea61-4de8-b564-9ed7c6de1fd1, command=[]} | ret=SUCCESS |  
2019-08-27 21:53:32,376 | INFO  | SCMAudit | user=jenkins1000 | ip=192.168.69.113 | op=SEND_HEARTBEAT {datanodeUUID=6fbb6c8f-68ec-4eec-acdd-5276ddf30de1, command=[]} | ret=SUCCESS |  
2019-08-27 21:53:32,595 | INFO  | SCMAudit | user=jenkins1000 | ip=192.168.69.113 | op=SEND_HEARTBEAT {datanodeUUID=803e2962-4b43-470b-a1eb-8fa95db682ee, command=[]} | ret=SUCCESS |  
2019-08-27 21:53:32,789 | INFO  | SCMAudit | user=jenkins1000 | ip=192.168.69.113 | op=SEND_HEARTBEAT {datanodeUUID=676885e1-3491-47d8-84ec-d928b9cef1c5, command=[]} | ret=SUCCESS |  
2019-08-27 21:53:33,153 | INFO  | SCMAudit | user=jenkins1000 | ip=192.168.69.113 | op=SEND_HEARTBEAT {datanodeUUID=6da4aad8-a4f6-4be0-a3fe-0ce626d82d81, command=[]} | ret=SUCCESS |  
2019-08-27 21:53:33,248 | INFO  | SCMAudit | user=jenkins1000 | ip=192.168.69.113 | op=SEND_HEARTBEAT {datanodeUUID=d16fede7-9c95-4edf-9c33-745cfaca74f6, command=[]} | ret=SUCCESS |  
2019-08-27 21:53:33,274 | INFO  | SCMAudit | user=jenkins1000 | ip=192.168.69.113 | op=SEND_HEARTBEAT {datanodeUUID=ff101aed-a6b7-4de5-96bc-8545c1bca62b, command=[]} | ret=SUCCESS |  
2019-08-27 21:53:33,280 | INFO  | SCMAudit | user=jenkins1000 | ip=192.168.69.113 | op=SEND_HEARTBEAT {datanodeUUID=7ad9a523-ea61-4de8-b564-9ed7c6de1fd1, command=[]} | ret=SUCCESS |  
2019-08-27 21:53:33,376 | INFO  | SCMAudit | user=jenkins1000 | ip=192.168.69.113 | op=SEND_HEARTBEAT {datanodeUUID=6fbb6c8f-68ec-4eec-acdd-5276ddf30de1, command=[]} | ret=SUCCESS |  
2019-08-27 21:53:33,595 | INFO  | SCMAudit | user=jenkins1000 | ip=192.168.69.113 | op=SEND_HEARTBEAT {datanodeUUID=803e2962-4b43-470b-a1eb-8fa95db682ee, command=[]} | ret=SUCCESS |  
2019-08-27 21:53:33,789 | INFO  | SCMAudit | user=jenkins1000 | ip=192.168.69.113 | op=SEND_HEARTBEAT {datanodeUUID=676885e1-3491-47d8-84ec-d928b9cef1c5, command=[]} | ret=SUCCESS |  
2019-08-27 21:53:34,037 [grpc-default-executor-1] INFO  client.GrpcClientProtocolClient (GrpcClientProtocolClient.java:onNext(255)) - client-9C14CD88FCAE->7ad9a523-ea61-4de8-b564-9ed7c6de1fd1: receive RaftClientReply:client-9C14CD88FCAE->7ad9a523-ea61-4de8-b564-9ed7c6de1fd1@group-92F312A34A51, cid=45, FAILED org.apache.ratis.protocol.NotLeaderException: Server 7ad9a523-ea61-4de8-b564-9ed7c6de1fd1 is not the leader (d16fede7-9c95-4edf-9c33-745cfaca74f6:192.168.69.113:38146). Request must be sent to leader., logIndex=0, commits[7ad9a523-ea61-4de8-b564-9ed7c6de1fd1:c8, d16fede7-9c95-4edf-9c33-745cfaca74f6:c8, ff101aed-a6b7-4de5-96bc-8545c1bca62b:c8]
2019-08-27 21:53:34,154 | INFO  | SCMAudit | user=jenkins1000 | ip=192.168.69.113 | op=SEND_HEARTBEAT {datanodeUUID=6da4aad8-a4f6-4be0-a3fe-0ce626d82d81, command=[]} | ret=SUCCESS |  
2019-08-27 21:53:34,247 | INFO  | SCMAudit | user=jenkins1000 | ip=192.168.69.113 | op=SEND_HEARTBEAT {datanodeUUID=d16fede7-9c95-4edf-9c33-745cfaca74f6, command=[]} | ret=SUCCESS |  
2019-08-27 21:53:34,274 | INFO  | SCMAudit | user=jenkins1000 | ip=192.168.69.113 | op=SEND_HEARTBEAT {datanodeUUID=ff101aed-a6b7-4de5-96bc-8545c1bca62b, command=[]} | ret=SUCCESS |  
2019-08-27 21:53:34,280 | INFO  | SCMAudit | user=jenkins1000 | ip=192.168.69.113 | op=SEND_HEARTBEAT {datanodeUUID=7ad9a523-ea61-4de8-b564-9ed7c6de1fd1, command=[]} | ret=SUCCESS |  
2019-08-27 21:53:34,376 | INFO  | SCMAudit | user=jenkins1000 | ip=192.168.69.113 | op=SEND_HEARTBEAT {datanodeUUID=6fbb6c8f-68ec-4eec-acdd-5276ddf30de1, command=[]} | ret=SUCCESS |  
2019-08-27 21:53:34,594 | INFO  | SCMAudit | user=jenkins1000 | ip=192.168.69.113 | op=SEND_HEARTBEAT {datanodeUUID=803e2962-4b43-470b-a1eb-8fa95db682ee, command=[]} | ret=SUCCESS |  
2019-08-27 21:53:34,789 | INFO  | SCMAudit | user=jenkins1000 | ip=192.168.69.113 | op=SEND_HEARTBEAT {datanodeUUID=676885e1-3491-47d8-84ec-d928b9cef1c5, command=[]} | ret=SUCCESS |  
2019-08-27 21:53:35,153 | INFO  | SCMAudit | user=jenkins1000 | ip=192.168.69.113 | op=SEND_HEARTBEAT {datanodeUUID=6da4aad8-a4f6-4be0-a3fe-0ce626d82d81, command=[]} | ret=SUCCESS |  
2019-08-27 21:53:35,247 | INFO  | SCMAudit | user=jenkins1000 | ip=192.168.69.113 | op=SEND_HEARTBEAT {datanodeUUID=d16fede7-9c95-4edf-9c33-745cfaca74f6, command=[]} | ret=SUCCESS |  
2019-08-27 21:53:35,275 | INFO  | SCMAudit | user=jenkins1000 | ip=192.168.69.113 | op=SEND_HEARTBEAT {datanodeUUID=ff101aed-a6b7-4de5-96bc-8545c1bca62b, command=[]} | ret=SUCCESS |  
2019-08-27 21:53:35,280 | INFO  | SCMAudit | user=jenkins1000 | ip=192.168.69.113 | op=SEND_HEARTBEAT {datanodeUUID=7ad9a523-ea61-4de8-b564-9ed7c6de1fd1, command=[]} | ret=SUCCESS |  
2019-08-27 21:53:35,377 | INFO  | SCMAudit | user=jenkins1000 | ip=192.168.69.113 | op=SEND_HEARTBEAT {datanodeUUID=6fbb6c8f-68ec-4eec-acdd-5276ddf30de1, command=[]} | ret=SUCCESS |  
2019-08-27 21:53:35,595 | INFO  | SCMAudit | user=jenkins1000 | ip=192.168.69.113 | op=SEND_HEARTBEAT {datanodeUUID=803e2962-4b43-470b-a1eb-8fa95db682ee, command=[]} | ret=SUCCESS |  
2019-08-27 21:53:35,790 | INFO  | SCMAudit | user=jenkins1000 | ip=192.168.69.113 | op=SEND_HEARTBEAT {datanodeUUID=676885e1-3491-47d8-84ec-d928b9cef1c5, command=[]} | ret=SUCCESS |  
2019-08-27 21:53:36,154 | INFO  | SCMAudit | user=jenkins1000 | ip=192.168.69.113 | op=SEND_HEARTBEAT {datanodeUUID=6da4aad8-a4f6-4be0-a3fe-0ce626d82d81, command=[]} | ret=SUCCESS |  
2019-08-27 21:53:36,247 | INFO  | SCMAudit | user=jenkins1000 | ip=192.168.69.113 | op=SEND_HEARTBEAT {datanodeUUID=d16fede7-9c95-4edf-9c33-745cfaca74f6, command=[]} | ret=SUCCESS |  
2019-08-27 21:53:36,275 | INFO  | SCMAudit | user=jenkins1000 | ip=192.168.69.113 | op=SEND_HEARTBEAT {datanodeUUID=ff101aed-a6b7-4de5-96bc-8545c1bca62b, command=[]} | ret=SUCCESS |  
2019-08-27 21:53:36,280 | INFO  | SCMAudit | user=jenkins1000 | ip=192.168.69.113 | op=SEND_HEARTBEAT {datanodeUUID=7ad9a523-ea61-4de8-b564-9ed7c6de1fd1, command=[]} | ret=SUCCESS |  
2019-08-27 21:53:36,378 | INFO  | SCMAudit | user=jenkins1000 | ip=192.168.69.113 | op=SEND_HEARTBEAT {datanodeUUID=6fbb6c8f-68ec-4eec-acdd-5276ddf30de1, command=[]} | ret=SUCCESS |  
2019-08-27 21:53:36,594 | INFO  | SCMAudit | user=jenkins1000 | ip=192.168.69.113 | op=SEND_HEARTBEAT {datanodeUUID=803e2962-4b43-470b-a1eb-8fa95db682ee, command=[]} | ret=SUCCESS |  
2019-08-27 21:53:36,789 | INFO  | SCMAudit | user=jenkins1000 | ip=192.168.69.113 | op=SEND_HEARTBEAT {datanodeUUID=676885e1-3491-47d8-84ec-d928b9cef1c5, command=[]} | ret=SUCCESS |  
2019-08-27 21:53:37,153 | INFO  | SCMAudit | user=jenkins1000 | ip=192.168.69.113 | op=SEND_HEARTBEAT {datanodeUUID=6da4aad8-a4f6-4be0-a3fe-0ce626d82d81, command=[]} | ret=SUCCESS |  
2019-08-27 21:53:37,247 | INFO  | SCMAudit | user=jenkins1000 | ip=192.168.69.113 | op=SEND_HEARTBEAT {datanodeUUID=d16fede7-9c95-4edf-9c33-745cfaca74f6, command=[]} | ret=SUCCESS |  
2019-08-27 21:53:37,275 | INFO  | SCMAudit | user=jenkins1000 | ip=192.168.69.113 | op=SEND_HEARTBEAT {datanodeUUID=ff101aed-a6b7-4de5-96bc-8545c1bca62b, command=[]} | ret=SUCCESS |  
2019-08-27 21:53:37,281 | INFO  | SCMAudit | user=jenkins1000 | ip=192.168.69.113 | op=SEND_HEARTBEAT {datanodeUUID=7ad9a523-ea61-4de8-b564-9ed7c6de1fd1, command=[]} | ret=SUCCESS |  
2019-08-27 21:53:37,378 | INFO  | SCMAudit | user=jenkins1000 | ip=192.168.69.113 | op=SEND_HEARTBEAT {datanodeUUID=6fbb6c8f-68ec-4eec-acdd-5276ddf30de1, command=[]} | ret=SUCCESS |  
2019-08-27 21:53:37,595 | INFO  | SCMAudit | user=jenkins1000 | ip=192.168.69.113 | op=SEND_HEARTBEAT {datanodeUUID=803e2962-4b43-470b-a1eb-8fa95db682ee, command=[]} | ret=SUCCESS |  
2019-08-27 21:53:37,789 | INFO  | SCMAudit | user=jenkins1000 | ip=192.168.69.113 | op=SEND_HEARTBEAT {datanodeUUID=676885e1-3491-47d8-84ec-d928b9cef1c5, command=[]} | ret=SUCCESS |  
2019-08-27 21:53:38,154 | INFO  | SCMAudit | user=jenkins1000 | ip=192.168.69.113 | op=SEND_HEARTBEAT {datanodeUUID=6da4aad8-a4f6-4be0-a3fe-0ce626d82d81, command=[]} | ret=SUCCESS |  
2019-08-27 21:53:38,248 | INFO  | SCMAudit | user=jenkins1000 | ip=192.168.69.113 | op=SEND_HEARTBEAT {datanodeUUID=d16fede7-9c95-4edf-9c33-745cfaca74f6, command=[]} | ret=SUCCESS |  
2019-08-27 21:53:38,275 | INFO  | SCMAudit | user=jenkins1000 | ip=192.168.69.113 | op=SEND_HEARTBEAT {datanodeUUID=ff101aed-a6b7-4de5-96bc-8545c1bca62b, command=[]} | ret=SUCCESS |  
2019-08-27 21:53:38,281 | INFO  | SCMAudit | user=jenkins1000 | ip=192.168.69.113 | op=SEND_HEARTBEAT {datanodeUUID=7ad9a523-ea61-4de8-b564-9ed7c6de1fd1, command=[]} | ret=SUCCESS |  
2019-08-27 21:53:38,379 | INFO  | SCMAudit | user=jenkins1000 | ip=192.168.69.113 | op=SEND_HEARTBEAT {datanodeUUID=6fbb6c8f-68ec-4eec-acdd-5276ddf30de1, command=[]} | ret=SUCCESS |  
2019-08-27 21:53:38,594 | INFO  | SCMAudit | user=jenkins1000 | ip=192.168.69.113 | op=SEND_HEARTBEAT {datanodeUUID=803e2962-4b43-470b-a1eb-8fa95db682ee, command=[]} | ret=SUCCESS |  
2019-08-27 21:53:38,790 | INFO  | SCMAudit | user=jenkins1000 | ip=192.168.69.113 | op=SEND_HEARTBEAT {datanodeUUID=676885e1-3491-47d8-84ec-d928b9cef1c5, command=[]} | ret=SUCCESS |  
2019-08-27 21:53:39,092 [grpc-default-executor-5] INFO  client.GrpcClientProtocolClient (GrpcClientProtocolClient.java:onNext(255)) - client-9C14CD88FCAE->ff101aed-a6b7-4de5-96bc-8545c1bca62b: receive RaftClientReply:client-9C14CD88FCAE->ff101aed-a6b7-4de5-96bc-8545c1bca62b@group-92F312A34A51, cid=45, FAILED org.apache.ratis.protocol.NotLeaderException: Server ff101aed-a6b7-4de5-96bc-8545c1bca62b is not the leader (d16fede7-9c95-4edf-9c33-745cfaca74f6:192.168.69.113:38146). Request must be sent to leader., logIndex=0, commits[ff101aed-a6b7-4de5-96bc-8545c1bca62b:c8, d16fede7-9c95-4edf-9c33-745cfaca74f6:c8, 7ad9a523-ea61-4de8-b564-9ed7c6de1fd1:c8]
2019-08-27 21:53:39,153 | INFO  | SCMAudit | user=jenkins1000 | ip=192.168.69.113 | op=SEND_HEARTBEAT {datanodeUUID=6da4aad8-a4f6-4be0-a3fe-0ce626d82d81, command=[]} | ret=SUCCESS |  
2019-08-27 21:53:39,247 | INFO  | SCMAudit | user=jenkins1000 | ip=192.168.69.113 | op=SEND_HEARTBEAT {datanodeUUID=d16fede7-9c95-4edf-9c33-745cfaca74f6, command=[]} | ret=SUCCESS |  
2019-08-27 21:53:39,276 | INFO  | SCMAudit | user=jenkins1000 | ip=192.168.69.113 | op=SEND_HEARTBEAT {datanodeUUID=ff101aed-a6b7-4de5-96bc-8545c1bca62b, command=[]} | ret=SUCCESS |  
2019-08-27 21:53:39,281 | INFO  | SCMAudit | user=jenkins1000 | ip=192.168.69.113 | op=SEND_HEARTBEAT {datanodeUUID=7ad9a523-ea61-4de8-b564-9ed7c6de1fd1, command=[]} | ret=SUCCESS |  
2019-08-27 21:53:39,378 | INFO  | SCMAudit | user=jenkins1000 | ip=192.168.69.113 | op=SEND_HEARTBEAT {datanodeUUID=6fbb6c8f-68ec-4eec-acdd-5276ddf30de1, command=[]} | ret=SUCCESS |  
2019-08-27 21:53:39,594 | INFO  | SCMAudit | user=jenkins1000 | ip=192.168.69.113 | op=SEND_HEARTBEAT {datanodeUUID=803e2962-4b43-470b-a1eb-8fa95db682ee, command=[]} | ret=SUCCESS |  
2019-08-27 21:53:39,790 | INFO  | SCMAudit | user=jenkins1000 | ip=192.168.69.113 | op=SEND_HEARTBEAT {datanodeUUID=676885e1-3491-47d8-84ec-d928b9cef1c5, command=[]} | ret=SUCCESS |  
2019-08-27 21:53:40,153 | INFO  | SCMAudit | user=jenkins1000 | ip=192.168.69.113 | op=SEND_HEARTBEAT {datanodeUUID=6da4aad8-a4f6-4be0-a3fe-0ce626d82d81, command=[]} | ret=SUCCESS |  
2019-08-27 21:53:40,247 | INFO  | SCMAudit | user=jenkins1000 | ip=192.168.69.113 | op=SEND_HEARTBEAT {datanodeUUID=d16fede7-9c95-4edf-9c33-745cfaca74f6, command=[]} | ret=SUCCESS |  
2019-08-27 21:53:40,276 | INFO  | SCMAudit | user=jenkins1000 | ip=192.168.69.113 | op=SEND_HEARTBEAT {datanodeUUID=ff101aed-a6b7-4de5-96bc-8545c1bca62b, command=[]} | ret=SUCCESS |  
2019-08-27 21:53:40,281 | INFO  | SCMAudit | user=jenkins1000 | ip=192.168.69.113 | op=SEND_HEARTBEAT {datanodeUUID=7ad9a523-ea61-4de8-b564-9ed7c6de1fd1, command=[]} | ret=SUCCESS |  
2019-08-27 21:53:40,378 | INFO  | SCMAudit | user=jenkins1000 | ip=192.168.69.113 | op=SEND_HEARTBEAT {datanodeUUID=6fbb6c8f-68ec-4eec-acdd-5276ddf30de1, command=[]} | ret=SUCCESS |  
2019-08-27 21:53:40,594 | INFO  | SCMAudit | user=jenkins1000 | ip=192.168.69.113 | op=SEND_HEARTBEAT {datanodeUUID=803e2962-4b43-470b-a1eb-8fa95db682ee, command=[]} | ret=SUCCESS |  
2019-08-27 21:53:40,791 | INFO  | SCMAudit | user=jenkins1000 | ip=192.168.69.113 | op=SEND_HEARTBEAT {datanodeUUID=676885e1-3491-47d8-84ec-d928b9cef1c5, command=[]} | ret=SUCCESS |  
2019-08-27 21:53:41,154 | INFO  | SCMAudit | user=jenkins1000 | ip=192.168.69.113 | op=SEND_HEARTBEAT {datanodeUUID=6da4aad8-a4f6-4be0-a3fe-0ce626d82d81, command=[]} | ret=SUCCESS |  
2019-08-27 21:53:41,248 | INFO  | SCMAudit | user=jenkins1000 | ip=192.168.69.113 | op=SEND_HEARTBEAT {datanodeUUID=d16fede7-9c95-4edf-9c33-745cfaca74f6, command=[]} | ret=SUCCESS |  
2019-08-27 21:53:41,276 | INFO  | SCMAudit | user=jenkins1000 | ip=192.168.69.113 | op=SEND_HEARTBEAT {datanodeUUID=ff101aed-a6b7-4de5-96bc-8545c1bca62b, command=[]} | ret=SUCCESS |  
2019-08-27 21:53:41,281 | INFO  | SCMAudit | user=jenkins1000 | ip=192.168.69.113 | op=SEND_HEARTBEAT {datanodeUUID=7ad9a523-ea61-4de8-b564-9ed7c6de1fd1, command=[]} | ret=SUCCESS |  
2019-08-27 21:53:41,379 | INFO  | SCMAudit | user=jenkins1000 | ip=192.168.69.113 | op=SEND_HEARTBEAT {datanodeUUID=6fbb6c8f-68ec-4eec-acdd-5276ddf30de1, command=[]} | ret=SUCCESS |  
2019-08-27 21:53:41,594 | INFO  | SCMAudit | user=jenkins1000 | ip=192.168.69.113 | op=SEND_HEARTBEAT {datanodeUUID=803e2962-4b43-470b-a1eb-8fa95db682ee, command=[]} | ret=SUCCESS |  
2019-08-27 21:53:41,791 | INFO  | SCMAudit | user=jenkins1000 | ip=192.168.69.113 | op=SEND_HEARTBEAT {datanodeUUID=676885e1-3491-47d8-84ec-d928b9cef1c5, command=[]} | ret=SUCCESS |  
2019-08-27 21:53:42,154 | INFO  | SCMAudit | user=jenkins1000 | ip=192.168.69.113 | op=SEND_HEARTBEAT {datanodeUUID=6da4aad8-a4f6-4be0-a3fe-0ce626d82d81, command=[]} | ret=SUCCESS |  
2019-08-27 21:53:42,247 | INFO  | SCMAudit | user=jenkins1000 | ip=192.168.69.113 | op=SEND_HEARTBEAT {datanodeUUID=d16fede7-9c95-4edf-9c33-745cfaca74f6, command=[]} | ret=SUCCESS |  
2019-08-27 21:53:42,277 | INFO  | SCMAudit | user=jenkins1000 | ip=192.168.69.113 | op=SEND_HEARTBEAT {datanodeUUID=ff101aed-a6b7-4de5-96bc-8545c1bca62b, command=[]} | ret=SUCCESS |  
2019-08-27 21:53:42,281 | INFO  | SCMAudit | user=jenkins1000 | ip=192.168.69.113 | op=SEND_HEARTBEAT {datanodeUUID=7ad9a523-ea61-4de8-b564-9ed7c6de1fd1, command=[]} | ret=SUCCESS |  
2019-08-27 21:53:42,378 | INFO  | SCMAudit | user=jenkins1000 | ip=192.168.69.113 | op=SEND_HEARTBEAT {datanodeUUID=6fbb6c8f-68ec-4eec-acdd-5276ddf30de1, command=[]} | ret=SUCCESS |  
2019-08-27 21:53:42,595 | INFO  | SCMAudit | user=jenkins1000 | ip=192.168.69.113 | op=SEND_HEARTBEAT {datanodeUUID=803e2962-4b43-470b-a1eb-8fa95db682ee, command=[]} | ret=SUCCESS |  
2019-08-27 21:53:42,791 | INFO  | SCMAudit | user=jenkins1000 | ip=192.168.69.113 | op=SEND_HEARTBEAT {datanodeUUID=676885e1-3491-47d8-84ec-d928b9cef1c5, command=[]} | ret=SUCCESS |  
2019-08-27 21:53:43,154 | INFO  | SCMAudit | user=jenkins1000 | ip=192.168.69.113 | op=SEND_HEARTBEAT {datanodeUUID=6da4aad8-a4f6-4be0-a3fe-0ce626d82d81, command=[]} | ret=SUCCESS |  
2019-08-27 21:53:43,248 | INFO  | SCMAudit | user=jenkins1000 | ip=192.168.69.113 | op=SEND_HEARTBEAT {datanodeUUID=d16fede7-9c95-4edf-9c33-745cfaca74f6, command=[]} | ret=SUCCESS |  
2019-08-27 21:53:43,277 | INFO  | SCMAudit | user=jenkins1000 | ip=192.168.69.113 | op=SEND_HEARTBEAT {datanodeUUID=ff101aed-a6b7-4de5-96bc-8545c1bca62b, command=[]} | ret=SUCCESS |  
2019-08-27 21:53:43,281 | INFO  | SCMAudit | user=jenkins1000 | ip=192.168.69.113 | op=SEND_HEARTBEAT {datanodeUUID=7ad9a523-ea61-4de8-b564-9ed7c6de1fd1, command=[]} | ret=SUCCESS |  
2019-08-27 21:53:43,378 | INFO  | SCMAudit | user=jenkins1000 | ip=192.168.69.113 | op=SEND_HEARTBEAT {datanodeUUID=6fbb6c8f-68ec-4eec-acdd-5276ddf30de1, command=[]} | ret=SUCCESS |  
2019-08-27 21:53:43,594 | INFO  | SCMAudit | user=jenkins1000 | ip=192.168.69.113 | op=SEND_HEARTBEAT {datanodeUUID=803e2962-4b43-470b-a1eb-8fa95db682ee, command=[]} | ret=SUCCESS |  
2019-08-27 21:53:43,792 | INFO  | SCMAudit | user=jenkins1000 | ip=192.168.69.113 | op=SEND_HEARTBEAT {datanodeUUID=676885e1-3491-47d8-84ec-d928b9cef1c5, command=[]} | ret=SUCCESS |  
2019-08-27 21:53:44,124 [grpc-default-executor-1] INFO  client.GrpcClientProtocolClient (GrpcClientProtocolClient.java:onNext(255)) - client-9C14CD88FCAE->ff101aed-a6b7-4de5-96bc-8545c1bca62b: receive RaftClientReply:client-9C14CD88FCAE->ff101aed-a6b7-4de5-96bc-8545c1bca62b@group-92F312A34A51, cid=45, FAILED org.apache.ratis.protocol.NotLeaderException: Server ff101aed-a6b7-4de5-96bc-8545c1bca62b is not the leader (d16fede7-9c95-4edf-9c33-745cfaca74f6:192.168.69.113:38146). Request must be sent to leader., logIndex=0, commits[ff101aed-a6b7-4de5-96bc-8545c1bca62b:c8, d16fede7-9c95-4edf-9c33-745cfaca74f6:c8, 7ad9a523-ea61-4de8-b564-9ed7c6de1fd1:c8]
2019-08-27 21:53:44,155 | INFO  | SCMAudit | user=jenkins1000 | ip=192.168.69.113 | op=SEND_HEARTBEAT {datanodeUUID=6da4aad8-a4f6-4be0-a3fe-0ce626d82d81, command=[]} | ret=SUCCESS |  
2019-08-27 21:53:44,248 | INFO  | SCMAudit | user=jenkins1000 | ip=192.168.69.113 | op=SEND_HEARTBEAT {datanodeUUID=d16fede7-9c95-4edf-9c33-745cfaca74f6, command=[]} | ret=SUCCESS |  
2019-08-27 21:53:44,277 | INFO  | SCMAudit | user=jenkins1000 | ip=192.168.69.113 | op=SEND_HEARTBEAT {datanodeUUID=ff101aed-a6b7-4de5-96bc-8545c1bca62b, command=[]} | ret=SUCCESS |  
2019-08-27 21:53:44,283 | INFO  | SCMAudit | user=jenkins1000 | ip=192.168.69.113 | op=SEND_HEARTBEAT {datanodeUUID=7ad9a523-ea61-4de8-b564-9ed7c6de1fd1, command=[]} | ret=SUCCESS |  
2019-08-27 21:53:44,379 | INFO  | SCMAudit | user=jenkins1000 | ip=192.168.69.113 | op=SEND_HEARTBEAT {datanodeUUID=6fbb6c8f-68ec-4eec-acdd-5276ddf30de1, command=[]} | ret=SUCCESS |  
2019-08-27 21:53:44,594 | INFO  | SCMAudit | user=jenkins1000 | ip=192.168.69.113 | op=SEND_HEARTBEAT {datanodeUUID=803e2962-4b43-470b-a1eb-8fa95db682ee, command=[]} | ret=SUCCESS |  
2019-08-27 21:53:44,792 | INFO  | SCMAudit | user=jenkins1000 | ip=192.168.69.113 | op=SEND_HEARTBEAT {datanodeUUID=676885e1-3491-47d8-84ec-d928b9cef1c5, command=[]} | ret=SUCCESS |  
2019-08-27 21:53:45,154 | INFO  | SCMAudit | user=jenkins1000 | ip=192.168.69.113 | op=SEND_HEARTBEAT {datanodeUUID=6da4aad8-a4f6-4be0-a3fe-0ce626d82d81, command=[]} | ret=SUCCESS |  
2019-08-27 21:53:45,248 | INFO  | SCMAudit | user=jenkins1000 | ip=192.168.69.113 | op=SEND_HEARTBEAT {datanodeUUID=d16fede7-9c95-4edf-9c33-745cfaca74f6, command=[]} | ret=SUCCESS |  
2019-08-27 21:53:45,278 | INFO  | SCMAudit | user=jenkins1000 | ip=192.168.69.113 | op=SEND_HEARTBEAT {datanodeUUID=ff101aed-a6b7-4de5-96bc-8545c1bca62b, command=[]} | ret=SUCCESS |  
2019-08-27 21:53:45,283 | INFO  | SCMAudit | user=jenkins1000 | ip=192.168.69.113 | op=SEND_HEARTBEAT {datanodeUUID=7ad9a523-ea61-4de8-b564-9ed7c6de1fd1, command=[]} | ret=SUCCESS |  
2019-08-27 21:53:45,379 | INFO  | SCMAudit | user=jenkins1000 | ip=192.168.69.113 | op=SEND_HEARTBEAT {datanodeUUID=6fbb6c8f-68ec-4eec-acdd-5276ddf30de1, command=[]} | ret=SUCCESS |  
2019-08-27 21:53:45,594 | INFO  | SCMAudit | user=jenkins1000 | ip=192.168.69.113 | op=SEND_HEARTBEAT {datanodeUUID=803e2962-4b43-470b-a1eb-8fa95db682ee, command=[]} | ret=SUCCESS |  
2019-08-27 21:53:45,792 | INFO  | SCMAudit | user=jenkins1000 | ip=192.168.69.113 | op=SEND_HEARTBEAT {datanodeUUID=676885e1-3491-47d8-84ec-d928b9cef1c5, command=[]} | ret=SUCCESS |  
2019-08-27 21:53:46,156 | INFO  | SCMAudit | user=jenkins1000 | ip=192.168.69.113 | op=SEND_HEARTBEAT {datanodeUUID=6da4aad8-a4f6-4be0-a3fe-0ce626d82d81, command=[]} | ret=SUCCESS |  
2019-08-27 21:53:46,248 | INFO  | SCMAudit | user=jenkins1000 | ip=192.168.69.113 | op=SEND_HEARTBEAT {datanodeUUID=d16fede7-9c95-4edf-9c33-745cfaca74f6, command=[]} | ret=SUCCESS |  
2019-08-27 21:53:46,277 | INFO  | SCMAudit | user=jenkins1000 | ip=192.168.69.113 | op=SEND_HEARTBEAT {datanodeUUID=ff101aed-a6b7-4de5-96bc-8545c1bca62b, command=[]} | ret=SUCCESS |  
2019-08-27 21:53:46,283 | INFO  | SCMAudit | user=jenkins1000 | ip=192.168.69.113 | op=SEND_HEARTBEAT {datanodeUUID=7ad9a523-ea61-4de8-b564-9ed7c6de1fd1, command=[]} | ret=SUCCESS |  
2019-08-27 21:53:46,380 | INFO  | SCMAudit | user=jenkins1000 | ip=192.168.69.113 | op=SEND_HEARTBEAT {datanodeUUID=6fbb6c8f-68ec-4eec-acdd-5276ddf30de1, command=[]} | ret=SUCCESS |  
2019-08-27 21:53:46,595 | INFO  | SCMAudit | user=jenkins1000 | ip=192.168.69.113 | op=SEND_HEARTBEAT {datanodeUUID=803e2962-4b43-470b-a1eb-8fa95db682ee, command=[]} | ret=SUCCESS |  
2019-08-27 21:53:46,793 | INFO  | SCMAudit | user=jenkins1000 | ip=192.168.69.113 | op=SEND_HEARTBEAT {datanodeUUID=676885e1-3491-47d8-84ec-d928b9cef1c5, command=[]} | ret=SUCCESS |  
2019-08-27 21:53:47,154 | INFO  | SCMAudit | user=jenkins1000 | ip=192.168.69.113 | op=SEND_HEARTBEAT {datanodeUUID=6da4aad8-a4f6-4be0-a3fe-0ce626d82d81, command=[]} | ret=SUCCESS |  
2019-08-27 21:53:47,248 | INFO  | SCMAudit | user=jenkins1000 | ip=192.168.69.113 | op=SEND_HEARTBEAT {datanodeUUID=d16fede7-9c95-4edf-9c33-745cfaca74f6, command=[]} | ret=SUCCESS |  
2019-08-27 21:53:47,277 | INFO  | SCMAudit | user=jenkins1000 | ip=192.168.69.113 | op=SEND_HEARTBEAT {datanodeUUID=ff101aed-a6b7-4de5-96bc-8545c1bca62b, command=[]} | ret=SUCCESS |  
2019-08-27 21:53:47,283 | INFO  | SCMAudit | user=jenkins1000 | ip=192.168.69.113 | op=SEND_HEARTBEAT {datanodeUUID=7ad9a523-ea61-4de8-b564-9ed7c6de1fd1, command=[]} | ret=SUCCESS |  
2019-08-27 21:53:47,380 | INFO  | SCMAudit | user=jenkins1000 | ip=192.168.69.113 | op=SEND_HEARTBEAT {datanodeUUID=6fbb6c8f-68ec-4eec-acdd-5276ddf30de1, command=[]} | ret=SUCCESS |  
2019-08-27 21:53:47,595 | INFO  | SCMAudit | user=jenkins1000 | ip=192.168.69.113 | op=SEND_HEARTBEAT {datanodeUUID=803e2962-4b43-470b-a1eb-8fa95db682ee, command=[]} | ret=SUCCESS |  
2019-08-27 21:53:47,792 | INFO  | SCMAudit | user=jenkins1000 | ip=192.168.69.113 | op=SEND_HEARTBEAT {datanodeUUID=676885e1-3491-47d8-84ec-d928b9cef1c5, command=[]} | ret=SUCCESS |  
2019-08-27 21:53:48,155 | INFO  | SCMAudit | user=jenkins1000 | ip=192.168.69.113 | op=SEND_HEARTBEAT {datanodeUUID=6da4aad8-a4f6-4be0-a3fe-0ce626d82d81, command=[]} | ret=SUCCESS |  
2019-08-27 21:53:48,249 | INFO  | SCMAudit | user=jenkins1000 | ip=192.168.69.113 | op=SEND_HEARTBEAT {datanodeUUID=d16fede7-9c95-4edf-9c33-745cfaca74f6, command=[]} | ret=SUCCESS |  
2019-08-27 21:53:48,277 | INFO  | SCMAudit | user=jenkins1000 | ip=192.168.69.113 | op=SEND_HEARTBEAT {datanodeUUID=ff101aed-a6b7-4de5-96bc-8545c1bca62b, command=[]} | ret=SUCCESS |  
2019-08-27 21:53:48,283 | INFO  | SCMAudit | user=jenkins1000 | ip=192.168.69.113 | op=SEND_HEARTBEAT {datanodeUUID=7ad9a523-ea61-4de8-b564-9ed7c6de1fd1, command=[]} | ret=SUCCESS |  
2019-08-27 21:53:48,380 | INFO  | SCMAudit | user=jenkins1000 | ip=192.168.69.113 | op=SEND_HEARTBEAT {datanodeUUID=6fbb6c8f-68ec-4eec-acdd-5276ddf30de1, command=[]} | ret=SUCCESS |  
2019-08-27 21:53:48,596 | INFO  | SCMAudit | user=jenkins1000 | ip=192.168.69.113 | op=SEND_HEARTBEAT {datanodeUUID=803e2962-4b43-470b-a1eb-8fa95db682ee, command=[]} | ret=SUCCESS |  
2019-08-27 21:53:48,792 | INFO  | SCMAudit | user=jenkins1000 | ip=192.168.69.113 | op=SEND_HEARTBEAT {datanodeUUID=676885e1-3491-47d8-84ec-d928b9cef1c5, command=[]} | ret=SUCCESS |  
2019-08-27 21:53:49,156 | INFO  | SCMAudit | user=jenkins1000 | ip=192.168.69.113 | op=SEND_HEARTBEAT {datanodeUUID=6da4aad8-a4f6-4be0-a3fe-0ce626d82d81, command=[]} | ret=SUCCESS |  
2019-08-27 21:53:49,172 [grpc-default-executor-1] INFO  client.GrpcClientProtocolClient (GrpcClientProtocolClient.java:onNext(255)) - client-9C14CD88FCAE->7ad9a523-ea61-4de8-b564-9ed7c6de1fd1: receive RaftClientReply:client-9C14CD88FCAE->7ad9a523-ea61-4de8-b564-9ed7c6de1fd1@group-92F312A34A51, cid=45, FAILED org.apache.ratis.protocol.NotLeaderException: Server 7ad9a523-ea61-4de8-b564-9ed7c6de1fd1 is not the leader (d16fede7-9c95-4edf-9c33-745cfaca74f6:192.168.69.113:38146). Request must be sent to leader., logIndex=0, commits[7ad9a523-ea61-4de8-b564-9ed7c6de1fd1:c8, d16fede7-9c95-4edf-9c33-745cfaca74f6:c8, ff101aed-a6b7-4de5-96bc-8545c1bca62b:c8]
2019-08-27 21:53:49,249 | INFO  | SCMAudit | user=jenkins1000 | ip=192.168.69.113 | op=SEND_HEARTBEAT {datanodeUUID=d16fede7-9c95-4edf-9c33-745cfaca74f6, command=[]} | ret=SUCCESS |  
2019-08-27 21:53:49,277 | INFO  | SCMAudit | user=jenkins1000 | ip=192.168.69.113 | op=SEND_HEARTBEAT {datanodeUUID=ff101aed-a6b7-4de5-96bc-8545c1bca62b, command=[]} | ret=SUCCESS |  
2019-08-27 21:53:49,283 | INFO  | SCMAudit | user=jenkins1000 | ip=192.168.69.113 | op=SEND_HEARTBEAT {datanodeUUID=7ad9a523-ea61-4de8-b564-9ed7c6de1fd1, command=[]} | ret=SUCCESS |  
2019-08-27 21:53:49,381 | INFO  | SCMAudit | user=jenkins1000 | ip=192.168.69.113 | op=SEND_HEARTBEAT {datanodeUUID=6fbb6c8f-68ec-4eec-acdd-5276ddf30de1, command=[]} | ret=SUCCESS |  
2019-08-27 21:53:49,595 | INFO  | SCMAudit | user=jenkins1000 | ip=192.168.69.113 | op=SEND_HEARTBEAT {datanodeUUID=803e2962-4b43-470b-a1eb-8fa95db682ee, command=[]} | ret=SUCCESS |  
2019-08-27 21:53:49,793 | INFO  | SCMAudit | user=jenkins1000 | ip=192.168.69.113 | op=SEND_HEARTBEAT {datanodeUUID=676885e1-3491-47d8-84ec-d928b9cef1c5, command=[]} | ret=SUCCESS |  
2019-08-27 21:53:50,156 | INFO  | SCMAudit | user=jenkins1000 | ip=192.168.69.113 | op=SEND_HEARTBEAT {datanodeUUID=6da4aad8-a4f6-4be0-a3fe-0ce626d82d81, command=[]} | ret=SUCCESS |  
2019-08-27 21:53:50,249 | INFO  | SCMAudit | user=jenkins1000 | ip=192.168.69.113 | op=SEND_HEARTBEAT {datanodeUUID=d16fede7-9c95-4edf-9c33-745cfaca74f6, command=[]} | ret=SUCCESS |  
2019-08-27 21:53:50,277 | INFO  | SCMAudit | user=jenkins1000 | ip=192.168.69.113 | op=SEND_HEARTBEAT {datanodeUUID=ff101aed-a6b7-4de5-96bc-8545c1bca62b, command=[]} | ret=SUCCESS |  
2019-08-27 21:53:50,283 | INFO  | SCMAudit | user=jenkins1000 | ip=192.168.69.113 | op=SEND_HEARTBEAT {datanodeUUID=7ad9a523-ea61-4de8-b564-9ed7c6de1fd1, command=[]} | ret=SUCCESS |  
2019-08-27 21:53:50,380 | INFO  | SCMAudit | user=jenkins1000 | ip=192.168.69.113 | op=SEND_HEARTBEAT {datanodeUUID=6fbb6c8f-68ec-4eec-acdd-5276ddf30de1, command=[]} | ret=SUCCESS |  
2019-08-27 21:53:50,595 | INFO  | SCMAudit | user=jenkins1000 | ip=192.168.69.113 | op=SEND_HEARTBEAT {datanodeUUID=803e2962-4b43-470b-a1eb-8fa95db682ee, command=[]} | ret=SUCCESS |  
2019-08-27 21:53:50,792 | INFO  | SCMAudit | user=jenkins1000 | ip=192.168.69.113 | op=SEND_HEARTBEAT {datanodeUUID=676885e1-3491-47d8-84ec-d928b9cef1c5, command=[]} | ret=SUCCESS |  
2019-08-27 21:53:51,156 | INFO  | SCMAudit | user=jenkins1000 | ip=192.168.69.113 | op=SEND_HEARTBEAT {datanodeUUID=6da4aad8-a4f6-4be0-a3fe-0ce626d82d81, command=[]} | ret=SUCCESS |  
2019-08-27 21:53:51,249 | INFO  | SCMAudit | user=jenkins1000 | ip=192.168.69.113 | op=SEND_HEARTBEAT {datanodeUUID=d16fede7-9c95-4edf-9c33-745cfaca74f6, command=[]} | ret=SUCCESS |  
2019-08-27 21:53:51,277 | INFO  | SCMAudit | user=jenkins1000 | ip=192.168.69.113 | op=SEND_HEARTBEAT {datanodeUUID=ff101aed-a6b7-4de5-96bc-8545c1bca62b, command=[]} | ret=SUCCESS |  
2019-08-27 21:53:51,283 | INFO  | SCMAudit | user=jenkins1000 | ip=192.168.69.113 | op=SEND_HEARTBEAT {datanodeUUID=7ad9a523-ea61-4de8-b564-9ed7c6de1fd1, command=[]} | ret=SUCCESS |  
2019-08-27 21:53:51,380 | INFO  | SCMAudit | user=jenkins1000 | ip=192.168.69.113 | op=SEND_HEARTBEAT {datanodeUUID=6fbb6c8f-68ec-4eec-acdd-5276ddf30de1, command=[]} | ret=SUCCESS |  
2019-08-27 21:53:51,596 | INFO  | SCMAudit | user=jenkins1000 | ip=192.168.69.113 | op=SEND_HEARTBEAT {datanodeUUID=803e2962-4b43-470b-a1eb-8fa95db682ee, command=[]} | ret=SUCCESS |  
2019-08-27 21:53:51,792 | INFO  | SCMAudit | user=jenkins1000 | ip=192.168.69.113 | op=SEND_HEARTBEAT {datanodeUUID=676885e1-3491-47d8-84ec-d928b9cef1c5, command=[]} | ret=SUCCESS |  
2019-08-27 21:53:52,157 | INFO  | SCMAudit | user=jenkins1000 | ip=192.168.69.113 | op=SEND_HEARTBEAT {datanodeUUID=6da4aad8-a4f6-4be0-a3fe-0ce626d82d81, command=[]} | ret=SUCCESS |  
2019-08-27 21:53:52,249 | INFO  | SCMAudit | user=jenkins1000 | ip=192.168.69.113 | op=SEND_HEARTBEAT {datanodeUUID=d16fede7-9c95-4edf-9c33-745cfaca74f6, command=[]} | ret=SUCCESS |  
2019-08-27 21:53:52,277 | INFO  | SCMAudit | user=jenkins1000 | ip=192.168.69.113 | op=SEND_HEARTBEAT {datanodeUUID=ff101aed-a6b7-4de5-96bc-8545c1bca62b, command=[]} | ret=SUCCESS |  
2019-08-27 21:53:52,283 | INFO  | SCMAudit | user=jenkins1000 | ip=192.168.69.113 | op=SEND_HEARTBEAT {datanodeUUID=7ad9a523-ea61-4de8-b564-9ed7c6de1fd1, command=[]} | ret=SUCCESS |  
2019-08-27 21:53:52,380 | INFO  | SCMAudit | user=jenkins1000 | ip=192.168.69.113 | op=SEND_HEARTBEAT {datanodeUUID=6fbb6c8f-68ec-4eec-acdd-5276ddf30de1, command=[]} | ret=SUCCESS |  
2019-08-27 21:53:52,595 | INFO  | SCMAudit | user=jenkins1000 | ip=192.168.69.113 | op=SEND_HEARTBEAT {datanodeUUID=803e2962-4b43-470b-a1eb-8fa95db682ee, command=[]} | ret=SUCCESS |  
2019-08-27 21:53:52,792 | INFO  | SCMAudit | user=jenkins1000 | ip=192.168.69.113 | op=SEND_HEARTBEAT {datanodeUUID=676885e1-3491-47d8-84ec-d928b9cef1c5, command=[]} | ret=SUCCESS |  
2019-08-27 21:53:53,156 | INFO  | SCMAudit | user=jenkins1000 | ip=192.168.69.113 | op=SEND_HEARTBEAT {datanodeUUID=6da4aad8-a4f6-4be0-a3fe-0ce626d82d81, command=[]} | ret=SUCCESS |  
2019-08-27 21:53:53,250 | INFO  | SCMAudit | user=jenkins1000 | ip=192.168.69.113 | op=SEND_HEARTBEAT {datanodeUUID=d16fede7-9c95-4edf-9c33-745cfaca74f6, command=[]} | ret=SUCCESS |  
2019-08-27 21:53:53,277 | INFO  | SCMAudit | user=jenkins1000 | ip=192.168.69.113 | op=SEND_HEARTBEAT {datanodeUUID=ff101aed-a6b7-4de5-96bc-8545c1bca62b, command=[]} | ret=SUCCESS |  
2019-08-27 21:53:53,283 | INFO  | SCMAudit | user=jenkins1000 | ip=192.168.69.113 | op=SEND_HEARTBEAT {datanodeUUID=7ad9a523-ea61-4de8-b564-9ed7c6de1fd1, command=[]} | ret=SUCCESS |  
2019-08-27 21:53:53,381 | INFO  | SCMAudit | user=jenkins1000 | ip=192.168.69.113 | op=SEND_HEARTBEAT {datanodeUUID=6fbb6c8f-68ec-4eec-acdd-5276ddf30de1, command=[]} | ret=SUCCESS |  
2019-08-27 21:53:53,595 | INFO  | SCMAudit | user=jenkins1000 | ip=192.168.69.113 | op=SEND_HEARTBEAT {datanodeUUID=803e2962-4b43-470b-a1eb-8fa95db682ee, command=[]} | ret=SUCCESS |  
2019-08-27 21:53:53,793 | INFO  | SCMAudit | user=jenkins1000 | ip=192.168.69.113 | op=SEND_HEARTBEAT {datanodeUUID=676885e1-3491-47d8-84ec-d928b9cef1c5, command=[]} | ret=SUCCESS |  
2019-08-27 21:53:54,156 | INFO  | SCMAudit | user=jenkins1000 | ip=192.168.69.113 | op=SEND_HEARTBEAT {datanodeUUID=6da4aad8-a4f6-4be0-a3fe-0ce626d82d81, command=[]} | ret=SUCCESS |  
2019-08-27 21:53:54,210 [grpc-default-executor-1] INFO  client.GrpcClientProtocolClient (GrpcClientProtocolClient.java:onNext(255)) - client-9C14CD88FCAE->7ad9a523-ea61-4de8-b564-9ed7c6de1fd1: receive RaftClientReply:client-9C14CD88FCAE->7ad9a523-ea61-4de8-b564-9ed7c6de1fd1@group-92F312A34A51, cid=45, FAILED org.apache.ratis.protocol.NotLeaderException: Server 7ad9a523-ea61-4de8-b564-9ed7c6de1fd1 is not the leader (d16fede7-9c95-4edf-9c33-745cfaca74f6:192.168.69.113:38146). Request must be sent to leader., logIndex=0, commits[7ad9a523-ea61-4de8-b564-9ed7c6de1fd1:c8, d16fede7-9c95-4edf-9c33-745cfaca74f6:c8, ff101aed-a6b7-4de5-96bc-8545c1bca62b:c8]
2019-08-27 21:53:54,250 | INFO  | SCMAudit | user=jenkins1000 | ip=192.168.69.113 | op=SEND_HEARTBEAT {datanodeUUID=d16fede7-9c95-4edf-9c33-745cfaca74f6, command=[]} | ret=SUCCESS |  
2019-08-27 21:53:54,277 | INFO  | SCMAudit | user=jenkins1000 | ip=192.168.69.113 | op=SEND_HEARTBEAT {datanodeUUID=ff101aed-a6b7-4de5-96bc-8545c1bca62b, command=[]} | ret=SUCCESS |  
2019-08-27 21:53:54,283 | INFO  | SCMAudit | user=jenkins1000 | ip=192.168.69.113 | op=SEND_HEARTBEAT {datanodeUUID=7ad9a523-ea61-4de8-b564-9ed7c6de1fd1, command=[]} | ret=SUCCESS |  
2019-08-27 21:53:54,380 | INFO  | SCMAudit | user=jenkins1000 | ip=192.168.69.113 | op=SEND_HEARTBEAT {datanodeUUID=6fbb6c8f-68ec-4eec-acdd-5276ddf30de1, command=[]} | ret=SUCCESS |  
2019-08-27 21:53:54,595 | INFO  | SCMAudit | user=jenkins1000 | ip=192.168.69.113 | op=SEND_HEARTBEAT {datanodeUUID=803e2962-4b43-470b-a1eb-8fa95db682ee, command=[]} | ret=SUCCESS |  
2019-08-27 21:53:54,793 | INFO  | SCMAudit | user=jenkins1000 | ip=192.168.69.113 | op=SEND_HEARTBEAT {datanodeUUID=676885e1-3491-47d8-84ec-d928b9cef1c5, command=[]} | ret=SUCCESS |  
2019-08-27 21:53:55,157 | INFO  | SCMAudit | user=jenkins1000 | ip=192.168.69.113 | op=SEND_HEARTBEAT {datanodeUUID=6da4aad8-a4f6-4be0-a3fe-0ce626d82d81, command=[]} | ret=SUCCESS |  
2019-08-27 21:53:55,250 | INFO  | SCMAudit | user=jenkins1000 | ip=192.168.69.113 | op=SEND_HEARTBEAT {datanodeUUID=d16fede7-9c95-4edf-9c33-745cfaca74f6, command=[]} | ret=SUCCESS |  
2019-08-27 21:53:55,278 | INFO  | SCMAudit | user=jenkins1000 | ip=192.168.69.113 | op=SEND_HEARTBEAT {datanodeUUID=ff101aed-a6b7-4de5-96bc-8545c1bca62b, command=[]} | ret=SUCCESS |  
2019-08-27 21:53:55,285 | INFO  | SCMAudit | user=jenkins1000 | ip=192.168.69.113 | op=SEND_HEARTBEAT {datanodeUUID=7ad9a523-ea61-4de8-b564-9ed7c6de1fd1, command=[]} | ret=SUCCESS |  
2019-08-27 21:53:55,383 | INFO  | SCMAudit | user=jenkins1000 | ip=192.168.69.113 | op=SEND_HEARTBEAT {datanodeUUID=6fbb6c8f-68ec-4eec-acdd-5276ddf30de1, command=[]} | ret=SUCCESS |  
2019-08-27 21:53:55,595 | INFO  | SCMAudit | user=jenkins1000 | ip=192.168.69.113 | op=SEND_HEARTBEAT {datanodeUUID=803e2962-4b43-470b-a1eb-8fa95db682ee, command=[]} | ret=SUCCESS |  
2019-08-27 21:53:55,793 | INFO  | SCMAudit | user=jenkins1000 | ip=192.168.69.113 | op=SEND_HEARTBEAT {datanodeUUID=676885e1-3491-47d8-84ec-d928b9cef1c5, command=[]} | ret=SUCCESS |  
2019-08-27 21:53:56,157 | INFO  | SCMAudit | user=jenkins1000 | ip=192.168.69.113 | op=SEND_HEARTBEAT {datanodeUUID=6da4aad8-a4f6-4be0-a3fe-0ce626d82d81, command=[]} | ret=SUCCESS |  
2019-08-27 21:53:56,250 | INFO  | SCMAudit | user=jenkins1000 | ip=192.168.69.113 | op=SEND_HEARTBEAT {datanodeUUID=d16fede7-9c95-4edf-9c33-745cfaca74f6, command=[]} | ret=SUCCESS |  
2019-08-27 21:53:56,278 | INFO  | SCMAudit | user=jenkins1000 | ip=192.168.69.113 | op=SEND_HEARTBEAT {datanodeUUID=ff101aed-a6b7-4de5-96bc-8545c1bca62b, command=[]} | ret=SUCCESS |  
2019-08-27 21:53:56,285 | INFO  | SCMAudit | user=jenkins1000 | ip=192.168.69.113 | op=SEND_HEARTBEAT {datanodeUUID=7ad9a523-ea61-4de8-b564-9ed7c6de1fd1, command=[]} | ret=SUCCESS |  
2019-08-27 21:53:56,383 | INFO  | SCMAudit | user=jenkins1000 | ip=192.168.69.113 | op=SEND_HEARTBEAT {datanodeUUID=6fbb6c8f-68ec-4eec-acdd-5276ddf30de1, command=[]} | ret=SUCCESS |  
2019-08-27 21:53:56,596 | INFO  | SCMAudit | user=jenkins1000 | ip=192.168.69.113 | op=SEND_HEARTBEAT {datanodeUUID=803e2962-4b43-470b-a1eb-8fa95db682ee, command=[]} | ret=SUCCESS |  
2019-08-27 21:53:56,794 | INFO  | SCMAudit | user=jenkins1000 | ip=192.168.69.113 | op=SEND_HEARTBEAT {datanodeUUID=676885e1-3491-47d8-84ec-d928b9cef1c5, command=[]} | ret=SUCCESS |  
2019-08-27 21:53:57,158 | INFO  | SCMAudit | user=jenkins1000 | ip=192.168.69.113 | op=SEND_HEARTBEAT {datanodeUUID=6da4aad8-a4f6-4be0-a3fe-0ce626d82d81, command=[]} | ret=SUCCESS |  
2019-08-27 21:53:57,251 | INFO  | SCMAudit | user=jenkins1000 | ip=192.168.69.113 | op=SEND_HEARTBEAT {datanodeUUID=d16fede7-9c95-4edf-9c33-745cfaca74f6, command=[]} | ret=SUCCESS |  
2019-08-27 21:53:57,278 | INFO  | SCMAudit | user=jenkins1000 | ip=192.168.69.113 | op=SEND_HEARTBEAT {datanodeUUID=ff101aed-a6b7-4de5-96bc-8545c1bca62b, command=[]} | ret=SUCCESS |  
2019-08-27 21:53:57,285 | INFO  | SCMAudit | user=jenkins1000 | ip=192.168.69.113 | op=SEND_HEARTBEAT {datanodeUUID=7ad9a523-ea61-4de8-b564-9ed7c6de1fd1, command=[]} | ret=SUCCESS |  
2019-08-27 21:53:57,384 | INFO  | SCMAudit | user=jenkins1000 | ip=192.168.69.113 | op=SEND_HEARTBEAT {datanodeUUID=6fbb6c8f-68ec-4eec-acdd-5276ddf30de1, command=[]} | ret=SUCCESS |  
2019-08-27 21:53:57,596 | INFO  | SCMAudit | user=jenkins1000 | ip=192.168.69.113 | op=SEND_HEARTBEAT {datanodeUUID=803e2962-4b43-470b-a1eb-8fa95db682ee, command=[]} | ret=SUCCESS |  
2019-08-27 21:53:57,793 | INFO  | SCMAudit | user=jenkins1000 | ip=192.168.69.113 | op=SEND_HEARTBEAT {datanodeUUID=676885e1-3491-47d8-84ec-d928b9cef1c5, command=[]} | ret=SUCCESS |  
2019-08-27 21:53:58,157 | INFO  | SCMAudit | user=jenkins1000 | ip=192.168.69.113 | op=SEND_HEARTBEAT {datanodeUUID=6da4aad8-a4f6-4be0-a3fe-0ce626d82d81, command=[]} | ret=SUCCESS |  
2019-08-27 21:53:58,251 | INFO  | SCMAudit | user=jenkins1000 | ip=192.168.69.113 | op=SEND_HEARTBEAT {datanodeUUID=d16fede7-9c95-4edf-9c33-745cfaca74f6, command=[]} | ret=SUCCESS |  
2019-08-27 21:53:58,278 | INFO  | SCMAudit | user=jenkins1000 | ip=192.168.69.113 | op=SEND_HEARTBEAT {datanodeUUID=ff101aed-a6b7-4de5-96bc-8545c1bca62b, command=[]} | ret=SUCCESS |  
2019-08-27 21:53:58,285 | INFO  | SCMAudit | user=jenkins1000 | ip=192.168.69.113 | op=SEND_HEARTBEAT {datanodeUUID=7ad9a523-ea61-4de8-b564-9ed7c6de1fd1, command=[]} | ret=SUCCESS |  
2019-08-27 21:53:58,384 | INFO  | SCMAudit | user=jenkins1000 | ip=192.168.69.113 | op=SEND_HEARTBEAT {datanodeUUID=6fbb6c8f-68ec-4eec-acdd-5276ddf30de1, command=[]} | ret=SUCCESS |  
2019-08-27 21:53:58,595 | INFO  | SCMAudit | user=jenkins1000 | ip=192.168.69.113 | op=SEND_HEARTBEAT {datanodeUUID=803e2962-4b43-470b-a1eb-8fa95db682ee, command=[]} | ret=SUCCESS |  
2019-08-27 21:53:58,794 | INFO  | SCMAudit | user=jenkins1000 | ip=192.168.69.113 | op=SEND_HEARTBEAT {datanodeUUID=676885e1-3491-47d8-84ec-d928b9cef1c5, command=[]} | ret=SUCCESS |  
2019-08-27 21:53:59,158 | INFO  | SCMAudit | user=jenkins1000 | ip=192.168.69.113 | op=SEND_HEARTBEAT {datanodeUUID=6da4aad8-a4f6-4be0-a3fe-0ce626d82d81, command=[]} | ret=SUCCESS |  
2019-08-27 21:53:59,249 [grpc-default-executor-5] INFO  client.GrpcClientProtocolClient (GrpcClientProtocolClient.java:onNext(255)) - client-9C14CD88FCAE->ff101aed-a6b7-4de5-96bc-8545c1bca62b: receive RaftClientReply:client-9C14CD88FCAE->ff101aed-a6b7-4de5-96bc-8545c1bca62b@group-92F312A34A51, cid=45, FAILED org.apache.ratis.protocol.NotLeaderException: Server ff101aed-a6b7-4de5-96bc-8545c1bca62b is not the leader (d16fede7-9c95-4edf-9c33-745cfaca74f6:192.168.69.113:38146). Request must be sent to leader., logIndex=0, commits[ff101aed-a6b7-4de5-96bc-8545c1bca62b:c8, d16fede7-9c95-4edf-9c33-745cfaca74f6:c8, 7ad9a523-ea61-4de8-b564-9ed7c6de1fd1:c8]
2019-08-27 21:53:59,276 | INFO  | SCMAudit | user=jenkins1000 | ip=192.168.69.113 | op=SEND_HEARTBEAT {datanodeUUID=d16fede7-9c95-4edf-9c33-745cfaca74f6, command=[]} | ret=SUCCESS |  
2019-08-27 21:53:59,279 | INFO  | SCMAudit | user=jenkins1000 | ip=192.168.69.113 | op=SEND_HEARTBEAT {datanodeUUID=ff101aed-a6b7-4de5-96bc-8545c1bca62b, command=[]} | ret=SUCCESS |  
2019-08-27 21:53:59,285 | INFO  | SCMAudit | user=jenkins1000 | ip=192.168.69.113 | op=SEND_HEARTBEAT {datanodeUUID=7ad9a523-ea61-4de8-b564-9ed7c6de1fd1, command=[]} | ret=SUCCESS |  
2019-08-27 21:53:59,384 | INFO  | SCMAudit | user=jenkins1000 | ip=192.168.69.113 | op=SEND_HEARTBEAT {datanodeUUID=6fbb6c8f-68ec-4eec-acdd-5276ddf30de1, command=[]} | ret=SUCCESS |  
2019-08-27 21:53:59,595 | INFO  | SCMAudit | user=jenkins1000 | ip=192.168.69.113 | op=SEND_HEARTBEAT {datanodeUUID=803e2962-4b43-470b-a1eb-8fa95db682ee, command=[]} | ret=SUCCESS |  
2019-08-27 21:53:59,793 | INFO  | SCMAudit | user=jenkins1000 | ip=192.168.69.113 | op=SEND_HEARTBEAT {datanodeUUID=676885e1-3491-47d8-84ec-d928b9cef1c5, command=[]} | ret=SUCCESS |  
2019-08-27 21:54:00,157 | INFO  | SCMAudit | user=jenkins1000 | ip=192.168.69.113 | op=SEND_HEARTBEAT {datanodeUUID=6da4aad8-a4f6-4be0-a3fe-0ce626d82d81, command=[]} | ret=SUCCESS |  
2019-08-27 21:54:00,264 | INFO  | SCMAudit | user=jenkins1000 | ip=192.168.69.113 | op=SEND_HEARTBEAT {datanodeUUID=d16fede7-9c95-4edf-9c33-745cfaca74f6, command=[]} | ret=SUCCESS |  
2019-08-27 21:54:00,283 | INFO  | SCMAudit | user=jenkins1000 | ip=192.168.69.113 | op=SEND_HEARTBEAT {datanodeUUID=ff101aed-a6b7-4de5-96bc-8545c1bca62b, command=[]} | ret=SUCCESS |  
2019-08-27 21:54:00,285 | INFO  | SCMAudit | user=jenkins1000 | ip=192.168.69.113 | op=SEND_HEARTBEAT {datanodeUUID=7ad9a523-ea61-4de8-b564-9ed7c6de1fd1, command=[]} | ret=SUCCESS |  
2019-08-27 21:54:00,385 | INFO  | SCMAudit | user=jenkins1000 | ip=192.168.69.113 | op=SEND_HEARTBEAT {datanodeUUID=6fbb6c8f-68ec-4eec-acdd-5276ddf30de1, command=[]} | ret=SUCCESS |  
2019-08-27 21:54:00,596 | INFO  | SCMAudit | user=jenkins1000 | ip=192.168.69.113 | op=SEND_HEARTBEAT {datanodeUUID=803e2962-4b43-470b-a1eb-8fa95db682ee, command=[]} | ret=SUCCESS |  
2019-08-27 21:54:00,793 | INFO  | SCMAudit | user=jenkins1000 | ip=192.168.69.113 | op=SEND_HEARTBEAT {datanodeUUID=676885e1-3491-47d8-84ec-d928b9cef1c5, command=[]} | ret=SUCCESS |  
2019-08-27 21:54:01,157 | INFO  | SCMAudit | user=jenkins1000 | ip=192.168.69.113 | op=SEND_HEARTBEAT {datanodeUUID=6da4aad8-a4f6-4be0-a3fe-0ce626d82d81, command=[]} | ret=SUCCESS |  
2019-08-27 21:54:01,265 | INFO  | SCMAudit | user=jenkins1000 | ip=192.168.69.113 | op=SEND_HEARTBEAT {datanodeUUID=d16fede7-9c95-4edf-9c33-745cfaca74f6, command=[]} | ret=SUCCESS |  
2019-08-27 21:54:01,287 | INFO  | SCMAudit | user=jenkins1000 | ip=192.168.69.113 | op=SEND_HEARTBEAT {datanodeUUID=7ad9a523-ea61-4de8-b564-9ed7c6de1fd1, command=[]} | ret=SUCCESS |  
2019-08-27 21:54:01,287 | INFO  | SCMAudit | user=jenkins1000 | ip=192.168.69.113 | op=SEND_HEARTBEAT {datanodeUUID=ff101aed-a6b7-4de5-96bc-8545c1bca62b, command=[]} | ret=SUCCESS |  
2019-08-27 21:54:01,385 | INFO  | SCMAudit | user=jenkins1000 | ip=192.168.69.113 | op=SEND_HEARTBEAT {datanodeUUID=6fbb6c8f-68ec-4eec-acdd-5276ddf30de1, command=[]} | ret=SUCCESS |  
2019-08-27 21:54:01,595 | INFO  | SCMAudit | user=jenkins1000 | ip=192.168.69.113 | op=SEND_HEARTBEAT {datanodeUUID=803e2962-4b43-470b-a1eb-8fa95db682ee, command=[]} | ret=SUCCESS |  
2019-08-27 21:54:01,794 | INFO  | SCMAudit | user=jenkins1000 | ip=192.168.69.113 | op=SEND_HEARTBEAT {datanodeUUID=676885e1-3491-47d8-84ec-d928b9cef1c5, command=[]} | ret=SUCCESS |  
2019-08-27 21:54:02,157 | INFO  | SCMAudit | user=jenkins1000 | ip=192.168.69.113 | op=SEND_HEARTBEAT {datanodeUUID=6da4aad8-a4f6-4be0-a3fe-0ce626d82d81, command=[]} | ret=SUCCESS |  
2019-08-27 21:54:02,264 | INFO  | SCMAudit | user=jenkins1000 | ip=192.168.69.113 | op=SEND_HEARTBEAT {datanodeUUID=d16fede7-9c95-4edf-9c33-745cfaca74f6, command=[]} | ret=SUCCESS |  
2019-08-27 21:54:02,286 | INFO  | SCMAudit | user=jenkins1000 | ip=192.168.69.113 | op=SEND_HEARTBEAT {datanodeUUID=7ad9a523-ea61-4de8-b564-9ed7c6de1fd1, command=[]} | ret=SUCCESS |  
2019-08-27 21:54:02,287 | INFO  | SCMAudit | user=jenkins1000 | ip=192.168.69.113 | op=SEND_HEARTBEAT {datanodeUUID=ff101aed-a6b7-4de5-96bc-8545c1bca62b, command=[]} | ret=SUCCESS |  
2019-08-27 21:54:02,385 | INFO  | SCMAudit | user=jenkins1000 | ip=192.168.69.113 | op=SEND_HEARTBEAT {datanodeUUID=6fbb6c8f-68ec-4eec-acdd-5276ddf30de1, command=[]} | ret=SUCCESS |  
2019-08-27 21:54:02,596 | INFO  | SCMAudit | user=jenkins1000 | ip=192.168.69.113 | op=SEND_HEARTBEAT {datanodeUUID=803e2962-4b43-470b-a1eb-8fa95db682ee, command=[]} | ret=SUCCESS |  
2019-08-27 21:54:02,794 | INFO  | SCMAudit | user=jenkins1000 | ip=192.168.69.113 | op=SEND_HEARTBEAT {datanodeUUID=676885e1-3491-47d8-84ec-d928b9cef1c5, command=[]} | ret=SUCCESS |  
2019-08-27 21:54:03,157 | INFO  | SCMAudit | user=jenkins1000 | ip=192.168.69.113 | op=SEND_HEARTBEAT {datanodeUUID=6da4aad8-a4f6-4be0-a3fe-0ce626d82d81, command=[]} | ret=SUCCESS |  
2019-08-27 21:54:03,264 | INFO  | SCMAudit | user=jenkins1000 | ip=192.168.69.113 | op=SEND_HEARTBEAT {datanodeUUID=d16fede7-9c95-4edf-9c33-745cfaca74f6, command=[]} | ret=SUCCESS |  
2019-08-27 21:54:03,286 | INFO  | SCMAudit | user=jenkins1000 | ip=192.168.69.113 | op=SEND_HEARTBEAT {datanodeUUID=7ad9a523-ea61-4de8-b564-9ed7c6de1fd1, command=[]} | ret=SUCCESS |  
2019-08-27 21:54:03,287 | INFO  | SCMAudit | user=jenkins1000 | ip=192.168.69.113 | op=SEND_HEARTBEAT {datanodeUUID=ff101aed-a6b7-4de5-96bc-8545c1bca62b, command=[]} | ret=SUCCESS |  
2019-08-27 21:54:03,386 | INFO  | SCMAudit | user=jenkins1000 | ip=192.168.69.113 | op=SEND_HEARTBEAT {datanodeUUID=6fbb6c8f-68ec-4eec-acdd-5276ddf30de1, command=[]} | ret=SUCCESS |  
2019-08-27 21:54:03,595 | INFO  | SCMAudit | user=jenkins1000 | ip=192.168.69.113 | op=SEND_HEARTBEAT {datanodeUUID=803e2962-4b43-470b-a1eb-8fa95db682ee, command=[]} | ret=SUCCESS |  
2019-08-27 21:54:03,794 | INFO  | SCMAudit | user=jenkins1000 | ip=192.168.69.113 | op=SEND_HEARTBEAT {datanodeUUID=676885e1-3491-47d8-84ec-d928b9cef1c5, command=[]} | ret=SUCCESS |  
2019-08-27 21:54:04,158 | INFO  | SCMAudit | user=jenkins1000 | ip=192.168.69.113 | op=SEND_HEARTBEAT {datanodeUUID=6da4aad8-a4f6-4be0-a3fe-0ce626d82d81, command=[]} | ret=SUCCESS |  
2019-08-27 21:54:04,264 | INFO  | SCMAudit | user=jenkins1000 | ip=192.168.69.113 | op=SEND_HEARTBEAT {datanodeUUID=d16fede7-9c95-4edf-9c33-745cfaca74f6, command=[]} | ret=SUCCESS |  
2019-08-27 21:54:04,286 | INFO  | SCMAudit | user=jenkins1000 | ip=192.168.69.113 | op=SEND_HEARTBEAT {datanodeUUID=7ad9a523-ea61-4de8-b564-9ed7c6de1fd1, command=[]} | ret=SUCCESS |  
2019-08-27 21:54:04,286 | INFO  | SCMAudit | user=jenkins1000 | ip=192.168.69.113 | op=SEND_HEARTBEAT {datanodeUUID=ff101aed-a6b7-4de5-96bc-8545c1bca62b, command=[]} | ret=SUCCESS |  
2019-08-27 21:54:04,301 [grpc-default-executor-1] INFO  client.GrpcClientProtocolClient (GrpcClientProtocolClient.java:onNext(255)) - client-9C14CD88FCAE->7ad9a523-ea61-4de8-b564-9ed7c6de1fd1: receive RaftClientReply:client-9C14CD88FCAE->7ad9a523-ea61-4de8-b564-9ed7c6de1fd1@group-92F312A34A51, cid=45, FAILED org.apache.ratis.protocol.NotLeaderException: Server 7ad9a523-ea61-4de8-b564-9ed7c6de1fd1 is not the leader (d16fede7-9c95-4edf-9c33-745cfaca74f6:192.168.69.113:38146). Request must be sent to leader., logIndex=0, commits[7ad9a523-ea61-4de8-b564-9ed7c6de1fd1:c8, d16fede7-9c95-4edf-9c33-745cfaca74f6:c8, ff101aed-a6b7-4de5-96bc-8545c1bca62b:c8]
2019-08-27 21:54:04,386 | INFO  | SCMAudit | user=jenkins1000 | ip=192.168.69.113 | op=SEND_HEARTBEAT {datanodeUUID=6fbb6c8f-68ec-4eec-acdd-5276ddf30de1, command=[]} | ret=SUCCESS |  
2019-08-27 21:54:04,595 | INFO  | SCMAudit | user=jenkins1000 | ip=192.168.69.113 | op=SEND_HEARTBEAT {datanodeUUID=803e2962-4b43-470b-a1eb-8fa95db682ee, command=[]} | ret=SUCCESS |  
2019-08-27 21:54:04,794 | INFO  | SCMAudit | user=jenkins1000 | ip=192.168.69.113 | op=SEND_HEARTBEAT {datanodeUUID=676885e1-3491-47d8-84ec-d928b9cef1c5, command=[]} | ret=SUCCESS |  
2019-08-27 21:54:05,157 | INFO  | SCMAudit | user=jenkins1000 | ip=192.168.69.113 | op=SEND_HEARTBEAT {datanodeUUID=6da4aad8-a4f6-4be0-a3fe-0ce626d82d81, command=[]} | ret=SUCCESS |  
2019-08-27 21:54:05,264 | INFO  | SCMAudit | user=jenkins1000 | ip=192.168.69.113 | op=SEND_HEARTBEAT {datanodeUUID=d16fede7-9c95-4edf-9c33-745cfaca74f6, command=[]} | ret=SUCCESS |  
2019-08-27 21:54:05,286 | INFO  | SCMAudit | user=jenkins1000 | ip=192.168.69.113 | op=SEND_HEARTBEAT {datanodeUUID=7ad9a523-ea61-4de8-b564-9ed7c6de1fd1, command=[]} | ret=SUCCESS |  
2019-08-27 21:54:05,287 | INFO  | SCMAudit | user=jenkins1000 | ip=192.168.69.113 | op=SEND_HEARTBEAT {datanodeUUID=ff101aed-a6b7-4de5-96bc-8545c1bca62b, command=[]} | ret=SUCCESS |  
2019-08-27 21:54:05,386 | INFO  | SCMAudit | user=jenkins1000 | ip=192.168.69.113 | op=SEND_HEARTBEAT {datanodeUUID=6fbb6c8f-68ec-4eec-acdd-5276ddf30de1, command=[]} | ret=SUCCESS |  
2019-08-27 21:54:05,595 | INFO  | SCMAudit | user=jenkins1000 | ip=192.168.69.113 | op=SEND_HEARTBEAT {datanodeUUID=803e2962-4b43-470b-a1eb-8fa95db682ee, command=[]} | ret=SUCCESS |  
2019-08-27 21:54:05,795 | INFO  | SCMAudit | user=jenkins1000 | ip=192.168.69.113 | op=SEND_HEARTBEAT {datanodeUUID=676885e1-3491-47d8-84ec-d928b9cef1c5, command=[]} | ret=SUCCESS |  
2019-08-27 21:54:06,157 | INFO  | SCMAudit | user=jenkins1000 | ip=192.168.69.113 | op=SEND_HEARTBEAT {datanodeUUID=6da4aad8-a4f6-4be0-a3fe-0ce626d82d81, command=[]} | ret=SUCCESS |  
2019-08-27 21:54:06,265 | INFO  | SCMAudit | user=jenkins1000 | ip=192.168.69.113 | op=SEND_HEARTBEAT {datanodeUUID=d16fede7-9c95-4edf-9c33-745cfaca74f6, command=[]} | ret=SUCCESS |  
2019-08-27 21:54:06,286 | INFO  | SCMAudit | user=jenkins1000 | ip=192.168.69.113 | op=SEND_HEARTBEAT {datanodeUUID=7ad9a523-ea61-4de8-b564-9ed7c6de1fd1, command=[]} | ret=SUCCESS |  
2019-08-27 21:54:06,287 | INFO  | SCMAudit | user=jenkins1000 | ip=192.168.69.113 | op=SEND_HEARTBEAT {datanodeUUID=ff101aed-a6b7-4de5-96bc-8545c1bca62b, command=[]} | ret=SUCCESS |  
2019-08-27 21:54:06,386 | INFO  | SCMAudit | user=jenkins1000 | ip=192.168.69.113 | op=SEND_HEARTBEAT {datanodeUUID=6fbb6c8f-68ec-4eec-acdd-5276ddf30de1, command=[]} | ret=SUCCESS |  
2019-08-27 21:54:06,595 | INFO  | SCMAudit | user=jenkins1000 | ip=192.168.69.113 | op=SEND_HEARTBEAT {datanodeUUID=803e2962-4b43-470b-a1eb-8fa95db682ee, command=[]} | ret=SUCCESS |  
2019-08-27 21:54:06,795 | INFO  | SCMAudit | user=jenkins1000 | ip=192.168.69.113 | op=SEND_HEARTBEAT {datanodeUUID=676885e1-3491-47d8-84ec-d928b9cef1c5, command=[]} | ret=SUCCESS |  
2019-08-27 21:54:07,157 | INFO  | SCMAudit | user=jenkins1000 | ip=192.168.69.113 | op=SEND_HEARTBEAT {datanodeUUID=6da4aad8-a4f6-4be0-a3fe-0ce626d82d81, command=[]} | ret=SUCCESS |  
2019-08-27 21:54:07,265 | INFO  | SCMAudit | user=jenkins1000 | ip=192.168.69.113 | op=SEND_HEARTBEAT {datanodeUUID=d16fede7-9c95-4edf-9c33-745cfaca74f6, command=[]} | ret=SUCCESS |  
2019-08-27 21:54:07,287 | INFO  | SCMAudit | user=jenkins1000 | ip=192.168.69.113 | op=SEND_HEARTBEAT {datanodeUUID=7ad9a523-ea61-4de8-b564-9ed7c6de1fd1, command=[]} | ret=SUCCESS |  
2019-08-27 21:54:07,287 | INFO  | SCMAudit | user=jenkins1000 | ip=192.168.69.113 | op=SEND_HEARTBEAT {datanodeUUID=ff101aed-a6b7-4de5-96bc-8545c1bca62b, command=[]} | ret=SUCCESS |  
2019-08-27 21:54:07,386 | INFO  | SCMAudit | user=jenkins1000 | ip=192.168.69.113 | op=SEND_HEARTBEAT {datanodeUUID=6fbb6c8f-68ec-4eec-acdd-5276ddf30de1, command=[]} | ret=SUCCESS |  
2019-08-27 21:54:07,596 | INFO  | SCMAudit | user=jenkins1000 | ip=192.168.69.113 | op=SEND_HEARTBEAT {datanodeUUID=803e2962-4b43-470b-a1eb-8fa95db682ee, command=[]} | ret=SUCCESS |  
2019-08-27 21:54:07,795 | INFO  | SCMAudit | user=jenkins1000 | ip=192.168.69.113 | op=SEND_HEARTBEAT {datanodeUUID=676885e1-3491-47d8-84ec-d928b9cef1c5, command=[]} | ret=SUCCESS |  
2019-08-27 21:54:08,157 | INFO  | SCMAudit | user=jenkins1000 | ip=192.168.69.113 | op=SEND_HEARTBEAT {datanodeUUID=6da4aad8-a4f6-4be0-a3fe-0ce626d82d81, command=[]} | ret=SUCCESS |  
2019-08-27 21:54:08,265 | INFO  | SCMAudit | user=jenkins1000 | ip=192.168.69.113 | op=SEND_HEARTBEAT {datanodeUUID=d16fede7-9c95-4edf-9c33-745cfaca74f6, command=[]} | ret=SUCCESS |  
2019-08-27 21:54:08,286 | INFO  | SCMAudit | user=jenkins1000 | ip=192.168.69.113 | op=SEND_HEARTBEAT {datanodeUUID=7ad9a523-ea61-4de8-b564-9ed7c6de1fd1, command=[]} | ret=SUCCESS |  
2019-08-27 21:54:08,287 | INFO  | SCMAudit | user=jenkins1000 | ip=192.168.69.113 | op=SEND_HEARTBEAT {datanodeUUID=ff101aed-a6b7-4de5-96bc-8545c1bca62b, command=[]} | ret=SUCCESS |  
2019-08-27 21:54:08,386 | INFO  | SCMAudit | user=jenkins1000 | ip=192.168.69.113 | op=SEND_HEARTBEAT {datanodeUUID=6fbb6c8f-68ec-4eec-acdd-5276ddf30de1, command=[]} | ret=SUCCESS |  
2019-08-27 21:54:08,597 | INFO  | SCMAudit | user=jenkins1000 | ip=192.168.69.113 | op=SEND_HEARTBEAT {datanodeUUID=803e2962-4b43-470b-a1eb-8fa95db682ee, command=[]} | ret=SUCCESS |  
2019-08-27 21:54:08,795 | INFO  | SCMAudit | user=jenkins1000 | ip=192.168.69.113 | op=SEND_HEARTBEAT {datanodeUUID=676885e1-3491-47d8-84ec-d928b9cef1c5, command=[]} | ret=SUCCESS |  
2019-08-27 21:54:09,158 | INFO  | SCMAudit | user=jenkins1000 | ip=192.168.69.113 | op=SEND_HEARTBEAT {datanodeUUID=6da4aad8-a4f6-4be0-a3fe-0ce626d82d81, command=[]} | ret=SUCCESS |  
2019-08-27 21:54:09,265 | INFO  | SCMAudit | user=jenkins1000 | ip=192.168.69.113 | op=SEND_HEARTBEAT {datanodeUUID=d16fede7-9c95-4edf-9c33-745cfaca74f6, command=[]} | ret=SUCCESS |  
2019-08-27 21:54:09,286 | INFO  | SCMAudit | user=jenkins1000 | ip=192.168.69.113 | op=SEND_HEARTBEAT {datanodeUUID=7ad9a523-ea61-4de8-b564-9ed7c6de1fd1, command=[]} | ret=SUCCESS |  
2019-08-27 21:54:09,287 | INFO  | SCMAudit | user=jenkins1000 | ip=192.168.69.113 | op=SEND_HEARTBEAT {datanodeUUID=ff101aed-a6b7-4de5-96bc-8545c1bca62b, command=[]} | ret=SUCCESS |  
2019-08-27 21:54:09,330 [grpc-default-executor-5] INFO  client.GrpcClientProtocolClient (GrpcClientProtocolClient.java:onNext(255)) - client-9C14CD88FCAE->7ad9a523-ea61-4de8-b564-9ed7c6de1fd1: receive RaftClientReply:client-9C14CD88FCAE->7ad9a523-ea61-4de8-b564-9ed7c6de1fd1@group-92F312A34A51, cid=45, FAILED org.apache.ratis.protocol.NotLeaderException: Server 7ad9a523-ea61-4de8-b564-9ed7c6de1fd1 is not the leader (d16fede7-9c95-4edf-9c33-745cfaca74f6:192.168.69.113:38146). Request must be sent to leader., logIndex=0, commits[7ad9a523-ea61-4de8-b564-9ed7c6de1fd1:c8, d16fede7-9c95-4edf-9c33-745cfaca74f6:c8, ff101aed-a6b7-4de5-96bc-8545c1bca62b:c8]
2019-08-27 21:54:09,387 | INFO  | SCMAudit | user=jenkins1000 | ip=192.168.69.113 | op=SEND_HEARTBEAT {datanodeUUID=6fbb6c8f-68ec-4eec-acdd-5276ddf30de1, command=[]} | ret=SUCCESS |  
2019-08-27 21:54:09,597 | INFO  | SCMAudit | user=jenkins1000 | ip=192.168.69.113 | op=SEND_HEARTBEAT {datanodeUUID=803e2962-4b43-470b-a1eb-8fa95db682ee, command=[]} | ret=SUCCESS |  
2019-08-27 21:54:09,796 | INFO  | SCMAudit | user=jenkins1000 | ip=192.168.69.113 | op=SEND_HEARTBEAT {datanodeUUID=676885e1-3491-47d8-84ec-d928b9cef1c5, command=[]} | ret=SUCCESS |  
2019-08-27 21:54:10,157 | INFO  | SCMAudit | user=jenkins1000 | ip=192.168.69.113 | op=SEND_HEARTBEAT {datanodeUUID=6da4aad8-a4f6-4be0-a3fe-0ce626d82d81, command=[]} | ret=SUCCESS |  
2019-08-27 21:54:10,265 | INFO  | SCMAudit | user=jenkins1000 | ip=192.168.69.113 | op=SEND_HEARTBEAT {datanodeUUID=d16fede7-9c95-4edf-9c33-745cfaca74f6, command=[]} | ret=SUCCESS |  
2019-08-27 21:54:10,286 | INFO  | SCMAudit | user=jenkins1000 | ip=192.168.69.113 | op=SEND_HEARTBEAT {datanodeUUID=7ad9a523-ea61-4de8-b564-9ed7c6de1fd1, command=[]} | ret=SUCCESS |  
2019-08-27 21:54:10,287 | INFO  | SCMAudit | user=jenkins1000 | ip=192.168.69.113 | op=SEND_HEARTBEAT {datanodeUUID=ff101aed-a6b7-4de5-96bc-8545c1bca62b, command=[]} | ret=SUCCESS |  
2019-08-27 21:54:10,386 | INFO  | SCMAudit | user=jenkins1000 | ip=192.168.69.113 | op=SEND_HEARTBEAT {datanodeUUID=6fbb6c8f-68ec-4eec-acdd-5276ddf30de1, command=[]} | ret=SUCCESS |  
2019-08-27 21:54:10,597 | INFO  | SCMAudit | user=jenkins1000 | ip=192.168.69.113 | op=SEND_HEARTBEAT {datanodeUUID=803e2962-4b43-470b-a1eb-8fa95db682ee, command=[]} | ret=SUCCESS |  
2019-08-27 21:54:10,795 | INFO  | SCMAudit | user=jenkins1000 | ip=192.168.69.113 | op=SEND_HEARTBEAT {datanodeUUID=676885e1-3491-47d8-84ec-d928b9cef1c5, command=[]} | ret=SUCCESS |  
2019-08-27 21:54:11,157 | INFO  | SCMAudit | user=jenkins1000 | ip=192.168.69.113 | op=SEND_HEARTBEAT {datanodeUUID=6da4aad8-a4f6-4be0-a3fe-0ce626d82d81, command=[]} | ret=SUCCESS |  
2019-08-27 21:54:11,265 | INFO  | SCMAudit | user=jenkins1000 | ip=192.168.69.113 | op=SEND_HEARTBEAT {datanodeUUID=d16fede7-9c95-4edf-9c33-745cfaca74f6, command=[]} | ret=SUCCESS |  
2019-08-27 21:54:11,286 | INFO  | SCMAudit | user=jenkins1000 | ip=192.168.69.113 | op=SEND_HEARTBEAT {datanodeUUID=7ad9a523-ea61-4de8-b564-9ed7c6de1fd1, command=[]} | ret=SUCCESS |  
2019-08-27 21:54:11,287 | INFO  | SCMAudit | user=jenkins1000 | ip=192.168.69.113 | op=SEND_HEARTBEAT {datanodeUUID=ff101aed-a6b7-4de5-96bc-8545c1bca62b, command=[]} | ret=SUCCESS |  
2019-08-27 21:54:11,388 | INFO  | SCMAudit | user=jenkins1000 | ip=192.168.69.113 | op=SEND_HEARTBEAT {datanodeUUID=6fbb6c8f-68ec-4eec-acdd-5276ddf30de1, command=[]} | ret=SUCCESS |  
2019-08-27 21:54:11,597 | INFO  | SCMAudit | user=jenkins1000 | ip=192.168.69.113 | op=SEND_HEARTBEAT {datanodeUUID=803e2962-4b43-470b-a1eb-8fa95db682ee, command=[]} | ret=SUCCESS |  
2019-08-27 21:54:11,795 | INFO  | SCMAudit | user=jenkins1000 | ip=192.168.69.113 | op=SEND_HEARTBEAT {datanodeUUID=676885e1-3491-47d8-84ec-d928b9cef1c5, command=[]} | ret=SUCCESS |  
2019-08-27 21:54:12,157 | INFO  | SCMAudit | user=jenkins1000 | ip=192.168.69.113 | op=SEND_HEARTBEAT {datanodeUUID=6da4aad8-a4f6-4be0-a3fe-0ce626d82d81, command=[]} | ret=SUCCESS |  
2019-08-27 21:54:12,265 | INFO  | SCMAudit | user=jenkins1000 | ip=192.168.69.113 | op=SEND_HEARTBEAT {datanodeUUID=d16fede7-9c95-4edf-9c33-745cfaca74f6, command=[]} | ret=SUCCESS |  
2019-08-27 21:54:12,286 | INFO  | SCMAudit | user=jenkins1000 | ip=192.168.69.113 | op=SEND_HEARTBEAT {datanodeUUID=7ad9a523-ea61-4de8-b564-9ed7c6de1fd1, command=[]} | ret=SUCCESS |  
2019-08-27 21:54:12,286 | INFO  | SCMAudit | user=jenkins1000 | ip=192.168.69.113 | op=SEND_HEARTBEAT {datanodeUUID=ff101aed-a6b7-4de5-96bc-8545c1bca62b, command=[]} | ret=SUCCESS |  
2019-08-27 21:54:12,386 | INFO  | SCMAudit | user=jenkins1000 | ip=192.168.69.113 | op=SEND_HEARTBEAT {datanodeUUID=6fbb6c8f-68ec-4eec-acdd-5276ddf30de1, command=[]} | ret=SUCCESS |  
2019-08-27 21:54:12,597 | INFO  | SCMAudit | user=jenkins1000 | ip=192.168.69.113 | op=SEND_HEARTBEAT {datanodeUUID=803e2962-4b43-470b-a1eb-8fa95db682ee, command=[]} | ret=SUCCESS |  
2019-08-27 21:54:12,796 | INFO  | SCMAudit | user=jenkins1000 | ip=192.168.69.113 | op=SEND_HEARTBEAT {datanodeUUID=676885e1-3491-47d8-84ec-d928b9cef1c5, command=[]} | ret=SUCCESS |  
2019-08-27 21:54:13,158 | INFO  | SCMAudit | user=jenkins1000 | ip=192.168.69.113 | op=SEND_HEARTBEAT {datanodeUUID=6da4aad8-a4f6-4be0-a3fe-0ce626d82d81, command=[]} | ret=SUCCESS |  
2019-08-27 21:54:13,265 | INFO  | SCMAudit | user=jenkins1000 | ip=192.168.69.113 | op=SEND_HEARTBEAT {datanodeUUID=d16fede7-9c95-4edf-9c33-745cfaca74f6, command=[]} | ret=SUCCESS |  
2019-08-27 21:54:13,286 | INFO  | SCMAudit | user=jenkins1000 | ip=192.168.69.113 | op=SEND_HEARTBEAT {datanodeUUID=7ad9a523-ea61-4de8-b564-9ed7c6de1fd1, command=[]} | ret=SUCCESS |  
2019-08-27 21:54:13,287 | INFO  | SCMAudit | user=jenkins1000 | ip=192.168.69.113 | op=SEND_HEARTBEAT {datanodeUUID=ff101aed-a6b7-4de5-96bc-8545c1bca62b, command=[]} | ret=SUCCESS |  
2019-08-27 21:54:13,387 | INFO  | SCMAudit | user=jenkins1000 | ip=192.168.69.113 | op=SEND_HEARTBEAT {datanodeUUID=6fbb6c8f-68ec-4eec-acdd-5276ddf30de1, command=[]} | ret=SUCCESS |  
2019-08-27 21:54:13,598 | INFO  | SCMAudit | user=jenkins1000 | ip=192.168.69.113 | op=SEND_HEARTBEAT {datanodeUUID=803e2962-4b43-470b-a1eb-8fa95db682ee, command=[]} | ret=SUCCESS |  
2019-08-27 21:54:13,795 | INFO  | SCMAudit | user=jenkins1000 | ip=192.168.69.113 | op=SEND_HEARTBEAT {datanodeUUID=676885e1-3491-47d8-84ec-d928b9cef1c5, command=[]} | ret=SUCCESS |  
2019-08-27 21:54:14,158 | INFO  | SCMAudit | user=jenkins1000 | ip=192.168.69.113 | op=SEND_HEARTBEAT {datanodeUUID=6da4aad8-a4f6-4be0-a3fe-0ce626d82d81, command=[]} | ret=SUCCESS |  
2019-08-27 21:54:14,265 | INFO  | SCMAudit | user=jenkins1000 | ip=192.168.69.113 | op=SEND_HEARTBEAT {datanodeUUID=d16fede7-9c95-4edf-9c33-745cfaca74f6, command=[]} | ret=SUCCESS |  
2019-08-27 21:54:14,286 | INFO  | SCMAudit | user=jenkins1000 | ip=192.168.69.113 | op=SEND_HEARTBEAT {datanodeUUID=7ad9a523-ea61-4de8-b564-9ed7c6de1fd1, command=[]} | ret=SUCCESS |  
2019-08-27 21:54:14,287 | INFO  | SCMAudit | user=jenkins1000 | ip=192.168.69.113 | op=SEND_HEARTBEAT {datanodeUUID=ff101aed-a6b7-4de5-96bc-8545c1bca62b, command=[]} | ret=SUCCESS |  
2019-08-27 21:54:14,375 [grpc-default-executor-5] INFO  client.GrpcClientProtocolClient (GrpcClientProtocolClient.java:onNext(255)) - client-9C14CD88FCAE->ff101aed-a6b7-4de5-96bc-8545c1bca62b: receive RaftClientReply:client-9C14CD88FCAE->ff101aed-a6b7-4de5-96bc-8545c1bca62b@group-92F312A34A51, cid=45, FAILED org.apache.ratis.protocol.NotLeaderException: Server ff101aed-a6b7-4de5-96bc-8545c1bca62b is not the leader (d16fede7-9c95-4edf-9c33-745cfaca74f6:192.168.69.113:38146). Request must be sent to leader., logIndex=0, commits[ff101aed-a6b7-4de5-96bc-8545c1bca62b:c8, d16fede7-9c95-4edf-9c33-745cfaca74f6:c8, 7ad9a523-ea61-4de8-b564-9ed7c6de1fd1:c8]
2019-08-27 21:54:14,387 | INFO  | SCMAudit | user=jenkins1000 | ip=192.168.69.113 | op=SEND_HEARTBEAT {datanodeUUID=6fbb6c8f-68ec-4eec-acdd-5276ddf30de1, command=[]} | ret=SUCCESS |  
2019-08-27 21:54:14,597 | INFO  | SCMAudit | user=jenkins1000 | ip=192.168.69.113 | op=SEND_HEARTBEAT {datanodeUUID=803e2962-4b43-470b-a1eb-8fa95db682ee, command=[]} | ret=SUCCESS |  
2019-08-27 21:54:14,795 | INFO  | SCMAudit | user=jenkins1000 | ip=192.168.69.113 | op=SEND_HEARTBEAT {datanodeUUID=676885e1-3491-47d8-84ec-d928b9cef1c5, command=[]} | ret=SUCCESS |  
2019-08-27 21:54:15,159 | INFO  | SCMAudit | user=jenkins1000 | ip=192.168.69.113 | op=SEND_HEARTBEAT {datanodeUUID=6da4aad8-a4f6-4be0-a3fe-0ce626d82d81, command=[]} | ret=SUCCESS |  
2019-08-27 21:54:15,266 | INFO  | SCMAudit | user=jenkins1000 | ip=192.168.69.113 | op=SEND_HEARTBEAT {datanodeUUID=d16fede7-9c95-4edf-9c33-745cfaca74f6, command=[]} | ret=SUCCESS |  
2019-08-27 21:54:15,286 | INFO  | SCMAudit | user=jenkins1000 | ip=192.168.69.113 | op=SEND_HEARTBEAT {datanodeUUID=7ad9a523-ea61-4de8-b564-9ed7c6de1fd1, command=[]} | ret=SUCCESS |  
2019-08-27 21:54:15,287 | INFO  | SCMAudit | user=jenkins1000 | ip=192.168.69.113 | op=SEND_HEARTBEAT {datanodeUUID=ff101aed-a6b7-4de5-96bc-8545c1bca62b, command=[]} | ret=SUCCESS |  
2019-08-27 21:54:15,390 | INFO  | SCMAudit | user=jenkins1000 | ip=192.168.69.113 | op=SEND_HEARTBEAT {datanodeUUID=6fbb6c8f-68ec-4eec-acdd-5276ddf30de1, command=[]} | ret=SUCCESS |  
2019-08-27 21:54:15,597 | INFO  | SCMAudit | user=jenkins1000 | ip=192.168.69.113 | op=SEND_HEARTBEAT {datanodeUUID=803e2962-4b43-470b-a1eb-8fa95db682ee, command=[]} | ret=SUCCESS |  
2019-08-27 21:54:15,795 | INFO  | SCMAudit | user=jenkins1000 | ip=192.168.69.113 | op=SEND_HEARTBEAT {datanodeUUID=676885e1-3491-47d8-84ec-d928b9cef1c5, command=[]} | ret=SUCCESS |  
2019-08-27 21:54:16,159 | INFO  | SCMAudit | user=jenkins1000 | ip=192.168.69.113 | op=SEND_HEARTBEAT {datanodeUUID=6da4aad8-a4f6-4be0-a3fe-0ce626d82d81, command=[]} | ret=SUCCESS |  
2019-08-27 21:54:16,265 | INFO  | SCMAudit | user=jenkins1000 | ip=192.168.69.113 | op=SEND_HEARTBEAT {datanodeUUID=d16fede7-9c95-4edf-9c33-745cfaca74f6, command=[]} | ret=SUCCESS |  
2019-08-27 21:54:16,286 | INFO  | SCMAudit | user=jenkins1000 | ip=192.168.69.113 | op=SEND_HEARTBEAT {datanodeUUID=7ad9a523-ea61-4de8-b564-9ed7c6de1fd1, command=[]} | ret=SUCCESS |  
2019-08-27 21:54:16,287 | INFO  | SCMAudit | user=jenkins1000 | ip=192.168.69.113 | op=SEND_HEARTBEAT {datanodeUUID=ff101aed-a6b7-4de5-96bc-8545c1bca62b, command=[]} | ret=SUCCESS |  
2019-08-27 21:54:16,393 | INFO  | SCMAudit | user=jenkins1000 | ip=192.168.69.113 | op=SEND_HEARTBEAT {datanodeUUID=6fbb6c8f-68ec-4eec-acdd-5276ddf30de1, command=[]} | ret=SUCCESS |  
2019-08-27 21:54:16,597 | INFO  | SCMAudit | user=jenkins1000 | ip=192.168.69.113 | op=SEND_HEARTBEAT {datanodeUUID=803e2962-4b43-470b-a1eb-8fa95db682ee, command=[]} | ret=SUCCESS |  
2019-08-27 21:54:16,796 | INFO  | SCMAudit | user=jenkins1000 | ip=192.168.69.113 | op=SEND_HEARTBEAT {datanodeUUID=676885e1-3491-47d8-84ec-d928b9cef1c5, command=[]} | ret=SUCCESS |  
2019-08-27 21:54:17,159 | INFO  | SCMAudit | user=jenkins1000 | ip=192.168.69.113 | op=SEND_HEARTBEAT {datanodeUUID=6da4aad8-a4f6-4be0-a3fe-0ce626d82d81, command=[]} | ret=SUCCESS |  
2019-08-27 21:54:17,265 | INFO  | SCMAudit | user=jenkins1000 | ip=192.168.69.113 | op=SEND_HEARTBEAT {datanodeUUID=d16fede7-9c95-4edf-9c33-745cfaca74f6, command=[]} | ret=SUCCESS |  
2019-08-27 21:54:17,286 | INFO  | SCMAudit | user=jenkins1000 | ip=192.168.69.113 | op=SEND_HEARTBEAT {datanodeUUID=7ad9a523-ea61-4de8-b564-9ed7c6de1fd1, command=[]} | ret=SUCCESS |  
2019-08-27 21:54:17,287 | INFO  | SCMAudit | user=jenkins1000 | ip=192.168.69.113 | op=SEND_HEARTBEAT {datanodeUUID=ff101aed-a6b7-4de5-96bc-8545c1bca62b, command=[]} | ret=SUCCESS |  
2019-08-27 21:54:17,393 | INFO  | SCMAudit | user=jenkins1000 | ip=192.168.69.113 | op=SEND_HEARTBEAT {datanodeUUID=6fbb6c8f-68ec-4eec-acdd-5276ddf30de1, command=[]} | ret=SUCCESS |  
2019-08-27 21:54:17,598 | INFO  | SCMAudit | user=jenkins1000 | ip=192.168.69.113 | op=SEND_HEARTBEAT {datanodeUUID=803e2962-4b43-470b-a1eb-8fa95db682ee, command=[]} | ret=SUCCESS |  
2019-08-27 21:54:17,796 | INFO  | SCMAudit | user=jenkins1000 | ip=192.168.69.113 | op=SEND_HEARTBEAT {datanodeUUID=676885e1-3491-47d8-84ec-d928b9cef1c5, command=[]} | ret=SUCCESS |  
2019-08-27 21:54:18,159 | INFO  | SCMAudit | user=jenkins1000 | ip=192.168.69.113 | op=SEND_HEARTBEAT {datanodeUUID=6da4aad8-a4f6-4be0-a3fe-0ce626d82d81, command=[]} | ret=SUCCESS |  
2019-08-27 21:54:18,265 | INFO  | SCMAudit | user=jenkins1000 | ip=192.168.69.113 | op=SEND_HEARTBEAT {datanodeUUID=d16fede7-9c95-4edf-9c33-745cfaca74f6, command=[]} | ret=SUCCESS |  
2019-08-27 21:54:18,286 | INFO  | SCMAudit | user=jenkins1000 | ip=192.168.69.113 | op=SEND_HEARTBEAT {datanodeUUID=7ad9a523-ea61-4de8-b564-9ed7c6de1fd1, command=[]} | ret=SUCCESS |  
2019-08-27 21:54:18,287 | INFO  | SCMAudit | user=jenkins1000 | ip=192.168.69.113 | op=SEND_HEARTBEAT {datanodeUUID=ff101aed-a6b7-4de5-96bc-8545c1bca62b, command=[]} | ret=SUCCESS |  
2019-08-27 21:54:18,395 | INFO  | SCMAudit | user=jenkins1000 | ip=192.168.69.113 | op=SEND_HEARTBEAT {datanodeUUID=6fbb6c8f-68ec-4eec-acdd-5276ddf30de1, command=[]} | ret=SUCCESS |  
2019-08-27 21:54:18,598 | INFO  | SCMAudit | user=jenkins1000 | ip=192.168.69.113 | op=SEND_HEARTBEAT {datanodeUUID=803e2962-4b43-470b-a1eb-8fa95db682ee, command=[]} | ret=SUCCESS |  
2019-08-27 21:54:18,796 | INFO  | SCMAudit | user=jenkins1000 | ip=192.168.69.113 | op=SEND_HEARTBEAT {datanodeUUID=676885e1-3491-47d8-84ec-d928b9cef1c5, command=[]} | ret=SUCCESS |  
2019-08-27 21:54:19,159 | INFO  | SCMAudit | user=jenkins1000 | ip=192.168.69.113 | op=SEND_HEARTBEAT {datanodeUUID=6da4aad8-a4f6-4be0-a3fe-0ce626d82d81, command=[]} | ret=SUCCESS |  
2019-08-27 21:54:19,265 | INFO  | SCMAudit | user=jenkins1000 | ip=192.168.69.113 | op=SEND_HEARTBEAT {datanodeUUID=d16fede7-9c95-4edf-9c33-745cfaca74f6, command=[]} | ret=SUCCESS |  
2019-08-27 21:54:19,286 | INFO  | SCMAudit | user=jenkins1000 | ip=192.168.69.113 | op=SEND_HEARTBEAT {datanodeUUID=7ad9a523-ea61-4de8-b564-9ed7c6de1fd1, command=[]} | ret=SUCCESS |  
2019-08-27 21:54:19,287 | INFO  | SCMAudit | user=jenkins1000 | ip=192.168.69.113 | op=SEND_HEARTBEAT {datanodeUUID=ff101aed-a6b7-4de5-96bc-8545c1bca62b, command=[]} | ret=SUCCESS |  
2019-08-27 21:54:19,395 | INFO  | SCMAudit | user=jenkins1000 | ip=192.168.69.113 | op=SEND_HEARTBEAT {datanodeUUID=6fbb6c8f-68ec-4eec-acdd-5276ddf30de1, command=[]} | ret=SUCCESS |  
2019-08-27 21:54:19,413 [grpc-default-executor-5] INFO  client.GrpcClientProtocolClient (GrpcClientProtocolClient.java:onNext(255)) - client-9C14CD88FCAE->ff101aed-a6b7-4de5-96bc-8545c1bca62b: receive RaftClientReply:client-9C14CD88FCAE->ff101aed-a6b7-4de5-96bc-8545c1bca62b@group-92F312A34A51, cid=45, FAILED org.apache.ratis.protocol.NotLeaderException: Server ff101aed-a6b7-4de5-96bc-8545c1bca62b is not the leader (d16fede7-9c95-4edf-9c33-745cfaca74f6:192.168.69.113:38146). Request must be sent to leader., logIndex=0, commits[ff101aed-a6b7-4de5-96bc-8545c1bca62b:c8, d16fede7-9c95-4edf-9c33-745cfaca74f6:c8, 7ad9a523-ea61-4de8-b564-9ed7c6de1fd1:c8]
2019-08-27 21:54:19,598 | INFO  | SCMAudit | user=jenkins1000 | ip=192.168.69.113 | op=SEND_HEARTBEAT {datanodeUUID=803e2962-4b43-470b-a1eb-8fa95db682ee, command=[]} | ret=SUCCESS |  
2019-08-27 21:54:19,796 | INFO  | SCMAudit | user=jenkins1000 | ip=192.168.69.113 | op=SEND_HEARTBEAT {datanodeUUID=676885e1-3491-47d8-84ec-d928b9cef1c5, command=[]} | ret=SUCCESS |  
2019-08-27 21:54:20,159 | INFO  | SCMAudit | user=jenkins1000 | ip=192.168.69.113 | op=SEND_HEARTBEAT {datanodeUUID=6da4aad8-a4f6-4be0-a3fe-0ce626d82d81, command=[]} | ret=SUCCESS |  
2019-08-27 21:54:20,265 | INFO  | SCMAudit | user=jenkins1000 | ip=192.168.69.113 | op=SEND_HEARTBEAT {datanodeUUID=d16fede7-9c95-4edf-9c33-745cfaca74f6, command=[]} | ret=SUCCESS |  
2019-08-27 21:54:20,286 | INFO  | SCMAudit | user=jenkins1000 | ip=192.168.69.113 | op=SEND_HEARTBEAT {datanodeUUID=7ad9a523-ea61-4de8-b564-9ed7c6de1fd1, command=[]} | ret=SUCCESS |  
2019-08-27 21:54:20,287 | INFO  | SCMAudit | user=jenkins1000 | ip=192.168.69.113 | op=SEND_HEARTBEAT {datanodeUUID=ff101aed-a6b7-4de5-96bc-8545c1bca62b, command=[]} | ret=SUCCESS |  
2019-08-27 21:54:20,395 | INFO  | SCMAudit | user=jenkins1000 | ip=192.168.69.113 | op=SEND_HEARTBEAT {datanodeUUID=6fbb6c8f-68ec-4eec-acdd-5276ddf30de1, command=[]} | ret=SUCCESS |  
2019-08-27 21:54:20,598 | INFO  | SCMAudit | user=jenkins1000 | ip=192.168.69.113 | op=SEND_HEARTBEAT {datanodeUUID=803e2962-4b43-470b-a1eb-8fa95db682ee, command=[]} | ret=SUCCESS |  
2019-08-27 21:54:20,796 | INFO  | SCMAudit | user=jenkins1000 | ip=192.168.69.113 | op=SEND_HEARTBEAT {datanodeUUID=676885e1-3491-47d8-84ec-d928b9cef1c5, command=[]} | ret=SUCCESS |  
2019-08-27 21:54:21,159 | INFO  | SCMAudit | user=jenkins1000 | ip=192.168.69.113 | op=SEND_HEARTBEAT {datanodeUUID=6da4aad8-a4f6-4be0-a3fe-0ce626d82d81, command=[]} | ret=SUCCESS |  
2019-08-27 21:54:21,266 | INFO  | SCMAudit | user=jenkins1000 | ip=192.168.69.113 | op=SEND_HEARTBEAT {datanodeUUID=d16fede7-9c95-4edf-9c33-745cfaca74f6, command=[]} | ret=SUCCESS |  
2019-08-27 21:54:21,286 | INFO  | SCMAudit | user=jenkins1000 | ip=192.168.69.113 | op=SEND_HEARTBEAT {datanodeUUID=7ad9a523-ea61-4de8-b564-9ed7c6de1fd1, command=[]} | ret=SUCCESS |  
2019-08-27 21:54:21,287 | INFO  | SCMAudit | user=jenkins1000 | ip=192.168.69.113 | op=SEND_HEARTBEAT {datanodeUUID=ff101aed-a6b7-4de5-96bc-8545c1bca62b, command=[]} | ret=SUCCESS |  
2019-08-27 21:54:21,395 | INFO  | SCMAudit | user=jenkins1000 | ip=192.168.69.113 | op=SEND_HEARTBEAT {datanodeUUID=6fbb6c8f-68ec-4eec-acdd-5276ddf30de1, command=[]} | ret=SUCCESS |  
2019-08-27 21:54:21,598 | INFO  | SCMAudit | user=jenkins1000 | ip=192.168.69.113 | op=SEND_HEARTBEAT {datanodeUUID=803e2962-4b43-470b-a1eb-8fa95db682ee, command=[]} | ret=SUCCESS |  
2019-08-27 21:54:21,796 | INFO  | SCMAudit | user=jenkins1000 | ip=192.168.69.113 | op=SEND_HEARTBEAT {datanodeUUID=676885e1-3491-47d8-84ec-d928b9cef1c5, command=[]} | ret=SUCCESS |  
2019-08-27 21:54:22,160 | INFO  | SCMAudit | user=jenkins1000 | ip=192.168.69.113 | op=SEND_HEARTBEAT {datanodeUUID=6da4aad8-a4f6-4be0-a3fe-0ce626d82d81, command=[]} | ret=SUCCESS |  
2019-08-27 21:54:22,266 | INFO  | SCMAudit | user=jenkins1000 | ip=192.168.69.113 | op=SEND_HEARTBEAT {datanodeUUID=d16fede7-9c95-4edf-9c33-745cfaca74f6, command=[]} | ret=SUCCESS |  
2019-08-27 21:54:22,286 | INFO  | SCMAudit | user=jenkins1000 | ip=192.168.69.113 | op=SEND_HEARTBEAT {datanodeUUID=7ad9a523-ea61-4de8-b564-9ed7c6de1fd1, command=[]} | ret=SUCCESS |  
2019-08-27 21:54:22,288 | INFO  | SCMAudit | user=jenkins1000 | ip=192.168.69.113 | op=SEND_HEARTBEAT {datanodeUUID=ff101aed-a6b7-4de5-96bc-8545c1bca62b, command=[]} | ret=SUCCESS |  
2019-08-27 21:54:22,395 | INFO  | SCMAudit | user=jenkins1000 | ip=192.168.69.113 | op=SEND_HEARTBEAT {datanodeUUID=6fbb6c8f-68ec-4eec-acdd-5276ddf30de1, command=[]} | ret=SUCCESS |  
2019-08-27 21:54:22,599 | INFO  | SCMAudit | user=jenkins1000 | ip=192.168.69.113 | op=SEND_HEARTBEAT {datanodeUUID=803e2962-4b43-470b-a1eb-8fa95db682ee, command=[]} | ret=SUCCESS |  
2019-08-27 21:54:22,796 | INFO  | SCMAudit | user=jenkins1000 | ip=192.168.69.113 | op=SEND_HEARTBEAT {datanodeUUID=676885e1-3491-47d8-84ec-d928b9cef1c5, command=[]} | ret=SUCCESS |  
2019-08-27 21:54:23,159 | INFO  | SCMAudit | user=jenkins1000 | ip=192.168.69.113 | op=SEND_HEARTBEAT {datanodeUUID=6da4aad8-a4f6-4be0-a3fe-0ce626d82d81, command=[]} | ret=SUCCESS |  
2019-08-27 21:54:23,266 | INFO  | SCMAudit | user=jenkins1000 | ip=192.168.69.113 | op=SEND_HEARTBEAT {datanodeUUID=d16fede7-9c95-4edf-9c33-745cfaca74f6, command=[]} | ret=SUCCESS |  
2019-08-27 21:54:23,287 | INFO  | SCMAudit | user=jenkins1000 | ip=192.168.69.113 | op=SEND_HEARTBEAT {datanodeUUID=7ad9a523-ea61-4de8-b564-9ed7c6de1fd1, command=[]} | ret=SUCCESS |  
2019-08-27 21:54:23,287 | INFO  | SCMAudit | user=jenkins1000 | ip=192.168.69.113 | op=SEND_HEARTBEAT {datanodeUUID=ff101aed-a6b7-4de5-96bc-8545c1bca62b, command=[]} | ret=SUCCESS |  
2019-08-27 21:54:23,395 | INFO  | SCMAudit | user=jenkins1000 | ip=192.168.69.113 | op=SEND_HEARTBEAT {datanodeUUID=6fbb6c8f-68ec-4eec-acdd-5276ddf30de1, command=[]} | ret=SUCCESS |  
2019-08-27 21:54:23,598 | INFO  | SCMAudit | user=jenkins1000 | ip=192.168.69.113 | op=SEND_HEARTBEAT {datanodeUUID=803e2962-4b43-470b-a1eb-8fa95db682ee, command=[]} | ret=SUCCESS |  
2019-08-27 21:54:23,797 | INFO  | SCMAudit | user=jenkins1000 | ip=192.168.69.113 | op=SEND_HEARTBEAT {datanodeUUID=676885e1-3491-47d8-84ec-d928b9cef1c5, command=[]} | ret=SUCCESS |  
2019-08-27 21:54:24,159 | INFO  | SCMAudit | user=jenkins1000 | ip=192.168.69.113 | op=SEND_HEARTBEAT {datanodeUUID=6da4aad8-a4f6-4be0-a3fe-0ce626d82d81, command=[]} | ret=SUCCESS |  
2019-08-27 21:54:24,266 | INFO  | SCMAudit | user=jenkins1000 | ip=192.168.69.113 | op=SEND_HEARTBEAT {datanodeUUID=d16fede7-9c95-4edf-9c33-745cfaca74f6, command=[]} | ret=SUCCESS |  
2019-08-27 21:54:24,287 | INFO  | SCMAudit | user=jenkins1000 | ip=192.168.69.113 | op=SEND_HEARTBEAT {datanodeUUID=7ad9a523-ea61-4de8-b564-9ed7c6de1fd1, command=[]} | ret=SUCCESS |  
2019-08-27 21:54:24,288 | INFO  | SCMAudit | user=jenkins1000 | ip=192.168.69.113 | op=SEND_HEARTBEAT {datanodeUUID=ff101aed-a6b7-4de5-96bc-8545c1bca62b, command=[]} | ret=SUCCESS |  
2019-08-27 21:54:24,395 | INFO  | SCMAudit | user=jenkins1000 | ip=192.168.69.113 | op=SEND_HEARTBEAT {datanodeUUID=6fbb6c8f-68ec-4eec-acdd-5276ddf30de1, command=[]} | ret=SUCCESS |  
2019-08-27 21:54:24,447 [grpc-default-executor-5] INFO  client.GrpcClientProtocolClient (GrpcClientProtocolClient.java:onNext(255)) - client-9C14CD88FCAE->ff101aed-a6b7-4de5-96bc-8545c1bca62b: receive RaftClientReply:client-9C14CD88FCAE->ff101aed-a6b7-4de5-96bc-8545c1bca62b@group-92F312A34A51, cid=45, FAILED org.apache.ratis.protocol.NotLeaderException: Server ff101aed-a6b7-4de5-96bc-8545c1bca62b is not the leader (d16fede7-9c95-4edf-9c33-745cfaca74f6:192.168.69.113:38146). Request must be sent to leader., logIndex=0, commits[ff101aed-a6b7-4de5-96bc-8545c1bca62b:c8, d16fede7-9c95-4edf-9c33-745cfaca74f6:c8, 7ad9a523-ea61-4de8-b564-9ed7c6de1fd1:c8]
2019-08-27 21:54:24,598 | INFO  | SCMAudit | user=jenkins1000 | ip=192.168.69.113 | op=SEND_HEARTBEAT {datanodeUUID=803e2962-4b43-470b-a1eb-8fa95db682ee, command=[]} | ret=SUCCESS |  
2019-08-27 21:54:24,796 | INFO  | SCMAudit | user=jenkins1000 | ip=192.168.69.113 | op=SEND_HEARTBEAT {datanodeUUID=676885e1-3491-47d8-84ec-d928b9cef1c5, command=[]} | ret=SUCCESS |  
2019-08-27 21:54:25,160 | INFO  | SCMAudit | user=jenkins1000 | ip=192.168.69.113 | op=SEND_HEARTBEAT {datanodeUUID=6da4aad8-a4f6-4be0-a3fe-0ce626d82d81, command=[]} | ret=SUCCESS |  
2019-08-27 21:54:25,266 | INFO  | SCMAudit | user=jenkins1000 | ip=192.168.69.113 | op=SEND_HEARTBEAT {datanodeUUID=d16fede7-9c95-4edf-9c33-745cfaca74f6, command=[]} | ret=SUCCESS |  
2019-08-27 21:54:25,287 | INFO  | SCMAudit | user=jenkins1000 | ip=192.168.69.113 | op=SEND_HEARTBEAT {datanodeUUID=7ad9a523-ea61-4de8-b564-9ed7c6de1fd1, command=[]} | ret=SUCCESS |  
2019-08-27 21:54:25,288 | INFO  | SCMAudit | user=jenkins1000 | ip=192.168.69.113 | op=SEND_HEARTBEAT {datanodeUUID=ff101aed-a6b7-4de5-96bc-8545c1bca62b, command=[]} | ret=SUCCESS |  
2019-08-27 21:54:25,400 | INFO  | SCMAudit | user=jenkins1000 | ip=192.168.69.113 | op=SEND_HEARTBEAT {datanodeUUID=6fbb6c8f-68ec-4eec-acdd-5276ddf30de1, command=[]} | ret=SUCCESS |  
2019-08-27 21:54:25,598 | INFO  | SCMAudit | user=jenkins1000 | ip=192.168.69.113 | op=SEND_HEARTBEAT {datanodeUUID=803e2962-4b43-470b-a1eb-8fa95db682ee, command=[]} | ret=SUCCESS |  
2019-08-27 21:54:25,796 | INFO  | SCMAudit | user=jenkins1000 | ip=192.168.69.113 | op=SEND_HEARTBEAT {datanodeUUID=676885e1-3491-47d8-84ec-d928b9cef1c5, command=[]} | ret=SUCCESS |  
2019-08-27 21:54:26,159 | INFO  | SCMAudit | user=jenkins1000 | ip=192.168.69.113 | op=SEND_HEARTBEAT {datanodeUUID=6da4aad8-a4f6-4be0-a3fe-0ce626d82d81, command=[]} | ret=SUCCESS |  
2019-08-27 21:54:26,267 | INFO  | SCMAudit | user=jenkins1000 | ip=192.168.69.113 | op=SEND_HEARTBEAT {datanodeUUID=d16fede7-9c95-4edf-9c33-745cfaca74f6, command=[]} | ret=SUCCESS |  
2019-08-27 21:54:26,287 | INFO  | SCMAudit | user=jenkins1000 | ip=192.168.69.113 | op=SEND_HEARTBEAT {datanodeUUID=7ad9a523-ea61-4de8-b564-9ed7c6de1fd1, command=[]} | ret=SUCCESS |  
2019-08-27 21:54:26,288 | INFO  | SCMAudit | user=jenkins1000 | ip=192.168.69.113 | op=SEND_HEARTBEAT {datanodeUUID=ff101aed-a6b7-4de5-96bc-8545c1bca62b, command=[]} | ret=SUCCESS |  
2019-08-27 21:54:26,400 | INFO  | SCMAudit | user=jenkins1000 | ip=192.168.69.113 | op=SEND_HEARTBEAT {datanodeUUID=6fbb6c8f-68ec-4eec-acdd-5276ddf30de1, command=[]} | ret=SUCCESS |  
2019-08-27 21:54:26,599 | INFO  | SCMAudit | user=jenkins1000 | ip=192.168.69.113 | op=SEND_HEARTBEAT {datanodeUUID=803e2962-4b43-470b-a1eb-8fa95db682ee, command=[]} | ret=SUCCESS |  
2019-08-27 21:54:26,797 | INFO  | SCMAudit | user=jenkins1000 | ip=192.168.69.113 | op=SEND_HEARTBEAT {datanodeUUID=676885e1-3491-47d8-84ec-d928b9cef1c5, command=[]} | ret=SUCCESS |  
2019-08-27 21:54:27,159 | INFO  | SCMAudit | user=jenkins1000 | ip=192.168.69.113 | op=SEND_HEARTBEAT {datanodeUUID=6da4aad8-a4f6-4be0-a3fe-0ce626d82d81, command=[]} | ret=SUCCESS |  
2019-08-27 21:54:27,267 | INFO  | SCMAudit | user=jenkins1000 | ip=192.168.69.113 | op=SEND_HEARTBEAT {datanodeUUID=d16fede7-9c95-4edf-9c33-745cfaca74f6, command=[]} | ret=SUCCESS |  
2019-08-27 21:54:27,288 | INFO  | SCMAudit | user=jenkins1000 | ip=192.168.69.113 | op=SEND_HEARTBEAT {datanodeUUID=7ad9a523-ea61-4de8-b564-9ed7c6de1fd1, command=[]} | ret=SUCCESS |  
2019-08-27 21:54:27,288 | INFO  | SCMAudit | user=jenkins1000 | ip=192.168.69.113 | op=SEND_HEARTBEAT {datanodeUUID=ff101aed-a6b7-4de5-96bc-8545c1bca62b, command=[]} | ret=SUCCESS |  
2019-08-27 21:54:27,400 | INFO  | SCMAudit | user=jenkins1000 | ip=192.168.69.113 | op=SEND_HEARTBEAT {datanodeUUID=6fbb6c8f-68ec-4eec-acdd-5276ddf30de1, command=[]} | ret=SUCCESS |  
2019-08-27 21:54:27,598 | INFO  | SCMAudit | user=jenkins1000 | ip=192.168.69.113 | op=SEND_HEARTBEAT {datanodeUUID=803e2962-4b43-470b-a1eb-8fa95db682ee, command=[]} | ret=SUCCESS |  
2019-08-27 21:54:27,796 | INFO  | SCMAudit | user=jenkins1000 | ip=192.168.69.113 | op=SEND_HEARTBEAT {datanodeUUID=676885e1-3491-47d8-84ec-d928b9cef1c5, command=[]} | ret=SUCCESS |  
2019-08-27 21:54:28,159 | INFO  | SCMAudit | user=jenkins1000 | ip=192.168.69.113 | op=SEND_HEARTBEAT {datanodeUUID=6da4aad8-a4f6-4be0-a3fe-0ce626d82d81, command=[]} | ret=SUCCESS |  
2019-08-27 21:54:28,267 | INFO  | SCMAudit | user=jenkins1000 | ip=192.168.69.113 | op=SEND_HEARTBEAT {datanodeUUID=d16fede7-9c95-4edf-9c33-745cfaca74f6, command=[]} | ret=SUCCESS |  
2019-08-27 21:54:28,287 | INFO  | SCMAudit | user=jenkins1000 | ip=192.168.69.113 | op=SEND_HEARTBEAT {datanodeUUID=7ad9a523-ea61-4de8-b564-9ed7c6de1fd1, command=[]} | ret=SUCCESS |  
2019-08-27 21:54:28,288 | INFO  | SCMAudit | user=jenkins1000 | ip=192.168.69.113 | op=SEND_HEARTBEAT {datanodeUUID=ff101aed-a6b7-4de5-96bc-8545c1bca62b, command=[]} | ret=SUCCESS |  
2019-08-27 21:54:28,400 | INFO  | SCMAudit | user=jenkins1000 | ip=192.168.69.113 | op=SEND_HEARTBEAT {datanodeUUID=6fbb6c8f-68ec-4eec-acdd-5276ddf30de1, command=[]} | ret=SUCCESS |  
2019-08-27 21:54:28,598 | INFO  | SCMAudit | user=jenkins1000 | ip=192.168.69.113 | op=SEND_HEARTBEAT {datanodeUUID=803e2962-4b43-470b-a1eb-8fa95db682ee, command=[]} | ret=SUCCESS |  
2019-08-27 21:54:28,796 | INFO  | SCMAudit | user=jenkins1000 | ip=192.168.69.113 | op=SEND_HEARTBEAT {datanodeUUID=676885e1-3491-47d8-84ec-d928b9cef1c5, command=[]} | ret=SUCCESS |  
2019-08-27 21:54:29,159 | INFO  | SCMAudit | user=jenkins1000 | ip=192.168.69.113 | op=SEND_HEARTBEAT {datanodeUUID=6da4aad8-a4f6-4be0-a3fe-0ce626d82d81, command=[]} | ret=SUCCESS |  
2019-08-27 21:54:29,267 | INFO  | SCMAudit | user=jenkins1000 | ip=192.168.69.113 | op=SEND_HEARTBEAT {datanodeUUID=d16fede7-9c95-4edf-9c33-745cfaca74f6, command=[]} | ret=SUCCESS |  
2019-08-27 21:54:29,287 | INFO  | SCMAudit | user=jenkins1000 | ip=192.168.69.113 | op=SEND_HEARTBEAT {datanodeUUID=7ad9a523-ea61-4de8-b564-9ed7c6de1fd1, command=[]} | ret=SUCCESS |  
2019-08-27 21:54:29,288 | INFO  | SCMAudit | user=jenkins1000 | ip=192.168.69.113 | op=SEND_HEARTBEAT {datanodeUUID=ff101aed-a6b7-4de5-96bc-8545c1bca62b, command=[]} | ret=SUCCESS |  
2019-08-27 21:54:29,400 | INFO  | SCMAudit | user=jenkins1000 | ip=192.168.69.113 | op=SEND_HEARTBEAT {datanodeUUID=6fbb6c8f-68ec-4eec-acdd-5276ddf30de1, command=[]} | ret=SUCCESS |  
2019-08-27 21:54:29,479 [grpc-default-executor-5] INFO  client.GrpcClientProtocolClient (GrpcClientProtocolClient.java:onNext(255)) - client-9C14CD88FCAE->ff101aed-a6b7-4de5-96bc-8545c1bca62b: receive RaftClientReply:client-9C14CD88FCAE->ff101aed-a6b7-4de5-96bc-8545c1bca62b@group-92F312A34A51, cid=45, FAILED org.apache.ratis.protocol.NotLeaderException: Server ff101aed-a6b7-4de5-96bc-8545c1bca62b is not the leader (d16fede7-9c95-4edf-9c33-745cfaca74f6:192.168.69.113:38146). Request must be sent to leader., logIndex=0, commits[ff101aed-a6b7-4de5-96bc-8545c1bca62b:c8, d16fede7-9c95-4edf-9c33-745cfaca74f6:c8, 7ad9a523-ea61-4de8-b564-9ed7c6de1fd1:c8]
2019-08-27 21:54:29,598 | INFO  | SCMAudit | user=jenkins1000 | ip=192.168.69.113 | op=SEND_HEARTBEAT {datanodeUUID=803e2962-4b43-470b-a1eb-8fa95db682ee, command=[]} | ret=SUCCESS |  
2019-08-27 21:54:29,797 | INFO  | SCMAudit | user=jenkins1000 | ip=192.168.69.113 | op=SEND_HEARTBEAT {datanodeUUID=676885e1-3491-47d8-84ec-d928b9cef1c5, command=[]} | ret=SUCCESS |  
2019-08-27 21:54:30,160 | INFO  | SCMAudit | user=jenkins1000 | ip=192.168.69.113 | op=SEND_HEARTBEAT {datanodeUUID=6da4aad8-a4f6-4be0-a3fe-0ce626d82d81, command=[]} | ret=SUCCESS |  
2019-08-27 21:54:30,267 | INFO  | SCMAudit | user=jenkins1000 | ip=192.168.69.113 | op=SEND_HEARTBEAT {datanodeUUID=d16fede7-9c95-4edf-9c33-745cfaca74f6, command=[]} | ret=SUCCESS |  
2019-08-27 21:54:30,287 | INFO  | SCMAudit | user=jenkins1000 | ip=192.168.69.113 | op=SEND_HEARTBEAT {datanodeUUID=7ad9a523-ea61-4de8-b564-9ed7c6de1fd1, command=[]} | ret=SUCCESS |  
2019-08-27 21:54:30,288 | INFO  | SCMAudit | user=jenkins1000 | ip=192.168.69.113 | op=SEND_HEARTBEAT {datanodeUUID=ff101aed-a6b7-4de5-96bc-8545c1bca62b, command=[]} | ret=SUCCESS |  
2019-08-27 21:54:30,401 | INFO  | SCMAudit | user=jenkins1000 | ip=192.168.69.113 | op=SEND_HEARTBEAT {datanodeUUID=6fbb6c8f-68ec-4eec-acdd-5276ddf30de1, command=[]} | ret=SUCCESS |  
2019-08-27 21:54:30,599 | INFO  | SCMAudit | user=jenkins1000 | ip=192.168.69.113 | op=SEND_HEARTBEAT {datanodeUUID=803e2962-4b43-470b-a1eb-8fa95db682ee, command=[]} | ret=SUCCESS |  
2019-08-27 21:54:30,797 | INFO  | SCMAudit | user=jenkins1000 | ip=192.168.69.113 | op=SEND_HEARTBEAT {datanodeUUID=676885e1-3491-47d8-84ec-d928b9cef1c5, command=[]} | ret=SUCCESS |  
2019-08-27 21:54:31,159 | INFO  | SCMAudit | user=jenkins1000 | ip=192.168.69.113 | op=SEND_HEARTBEAT {datanodeUUID=6da4aad8-a4f6-4be0-a3fe-0ce626d82d81, command=[]} | ret=SUCCESS |  
2019-08-27 21:54:31,268 | INFO  | SCMAudit | user=jenkins1000 | ip=192.168.69.113 | op=SEND_HEARTBEAT {datanodeUUID=d16fede7-9c95-4edf-9c33-745cfaca74f6, command=[]} | ret=SUCCESS |  
2019-08-27 21:54:31,287 | INFO  | SCMAudit | user=jenkins1000 | ip=192.168.69.113 | op=SEND_HEARTBEAT {datanodeUUID=7ad9a523-ea61-4de8-b564-9ed7c6de1fd1, command=[]} | ret=SUCCESS |  
2019-08-27 21:54:31,288 | INFO  | SCMAudit | user=jenkins1000 | ip=192.168.69.113 | op=SEND_HEARTBEAT {datanodeUUID=ff101aed-a6b7-4de5-96bc-8545c1bca62b, command=[]} | ret=SUCCESS |  
2019-08-27 21:54:31,401 | INFO  | SCMAudit | user=jenkins1000 | ip=192.168.69.113 | op=SEND_HEARTBEAT {datanodeUUID=6fbb6c8f-68ec-4eec-acdd-5276ddf30de1, command=[]} | ret=SUCCESS |  
2019-08-27 21:54:31,598 | INFO  | SCMAudit | user=jenkins1000 | ip=192.168.69.113 | op=SEND_HEARTBEAT {datanodeUUID=803e2962-4b43-470b-a1eb-8fa95db682ee, command=[]} | ret=SUCCESS |  
2019-08-27 21:54:31,797 | INFO  | SCMAudit | user=jenkins1000 | ip=192.168.69.113 | op=SEND_HEARTBEAT {datanodeUUID=676885e1-3491-47d8-84ec-d928b9cef1c5, command=[]} | ret=SUCCESS |  
2019-08-27 21:54:32,159 | INFO  | SCMAudit | user=jenkins1000 | ip=192.168.69.113 | op=SEND_HEARTBEAT {datanodeUUID=6da4aad8-a4f6-4be0-a3fe-0ce626d82d81, command=[]} | ret=SUCCESS |  
2019-08-27 21:54:32,267 | INFO  | SCMAudit | user=jenkins1000 | ip=192.168.69.113 | op=SEND_HEARTBEAT {datanodeUUID=d16fede7-9c95-4edf-9c33-745cfaca74f6, command=[]} | ret=SUCCESS |  
2019-08-27 21:54:32,287 | INFO  | SCMAudit | user=jenkins1000 | ip=192.168.69.113 | op=SEND_HEARTBEAT {datanodeUUID=7ad9a523-ea61-4de8-b564-9ed7c6de1fd1, command=[]} | ret=SUCCESS |  
2019-08-27 21:54:32,288 | INFO  | SCMAudit | user=jenkins1000 | ip=192.168.69.113 | op=SEND_HEARTBEAT {datanodeUUID=ff101aed-a6b7-4de5-96bc-8545c1bca62b, command=[]} | ret=SUCCESS |  
2019-08-27 21:54:32,402 | INFO  | SCMAudit | user=jenkins1000 | ip=192.168.69.113 | op=SEND_HEARTBEAT {datanodeUUID=6fbb6c8f-68ec-4eec-acdd-5276ddf30de1, command=[]} | ret=SUCCESS |  
2019-08-27 21:54:32,598 | INFO  | SCMAudit | user=jenkins1000 | ip=192.168.69.113 | op=SEND_HEARTBEAT {datanodeUUID=803e2962-4b43-470b-a1eb-8fa95db682ee, command=[]} | ret=SUCCESS |  
2019-08-27 21:54:32,797 | INFO  | SCMAudit | user=jenkins1000 | ip=192.168.69.113 | op=SEND_HEARTBEAT {datanodeUUID=676885e1-3491-47d8-84ec-d928b9cef1c5, command=[]} | ret=SUCCESS |  
2019-08-27 21:54:33,159 | INFO  | SCMAudit | user=jenkins1000 | ip=192.168.69.113 | op=SEND_HEARTBEAT {datanodeUUID=6da4aad8-a4f6-4be0-a3fe-0ce626d82d81, command=[]} | ret=SUCCESS |  
2019-08-27 21:54:33,267 | INFO  | SCMAudit | user=jenkins1000 | ip=192.168.69.113 | op=SEND_HEARTBEAT {datanodeUUID=d16fede7-9c95-4edf-9c33-745cfaca74f6, command=[]} | ret=SUCCESS |  
2019-08-27 21:54:33,287 | INFO  | SCMAudit | user=jenkins1000 | ip=192.168.69.113 | op=SEND_HEARTBEAT {datanodeUUID=7ad9a523-ea61-4de8-b564-9ed7c6de1fd1, command=[]} | ret=SUCCESS |  
2019-08-27 21:54:33,288 | INFO  | SCMAudit | user=jenkins1000 | ip=192.168.69.113 | op=SEND_HEARTBEAT {datanodeUUID=ff101aed-a6b7-4de5-96bc-8545c1bca62b, command=[]} | ret=SUCCESS |  
2019-08-27 21:54:33,401 | INFO  | SCMAudit | user=jenkins1000 | ip=192.168.69.113 | op=SEND_HEARTBEAT {datanodeUUID=6fbb6c8f-68ec-4eec-acdd-5276ddf30de1, command=[]} | ret=SUCCESS |  
2019-08-27 21:54:33,598 | INFO  | SCMAudit | user=jenkins1000 | ip=192.168.69.113 | op=SEND_HEARTBEAT {datanodeUUID=803e2962-4b43-470b-a1eb-8fa95db682ee, command=[]} | ret=SUCCESS |  
2019-08-27 21:54:33,797 | INFO  | SCMAudit | user=jenkins1000 | ip=192.168.69.113 | op=SEND_HEARTBEAT {datanodeUUID=676885e1-3491-47d8-84ec-d928b9cef1c5, command=[]} | ret=SUCCESS |  
2019-08-27 21:54:34,160 | INFO  | SCMAudit | user=jenkins1000 | ip=192.168.69.113 | op=SEND_HEARTBEAT {datanodeUUID=6da4aad8-a4f6-4be0-a3fe-0ce626d82d81, command=[]} | ret=SUCCESS |  
2019-08-27 21:54:34,267 | INFO  | SCMAudit | user=jenkins1000 | ip=192.168.69.113 | op=SEND_HEARTBEAT {datanodeUUID=d16fede7-9c95-4edf-9c33-745cfaca74f6, command=[]} | ret=SUCCESS |  
2019-08-27 21:54:34,288 | INFO  | SCMAudit | user=jenkins1000 | ip=192.168.69.113 | op=SEND_HEARTBEAT {datanodeUUID=7ad9a523-ea61-4de8-b564-9ed7c6de1fd1, command=[]} | ret=SUCCESS |  
2019-08-27 21:54:34,288 | INFO  | SCMAudit | user=jenkins1000 | ip=192.168.69.113 | op=SEND_HEARTBEAT {datanodeUUID=ff101aed-a6b7-4de5-96bc-8545c1bca62b, command=[]} | ret=SUCCESS |  
2019-08-27 21:54:34,401 | INFO  | SCMAudit | user=jenkins1000 | ip=192.168.69.113 | op=SEND_HEARTBEAT {datanodeUUID=6fbb6c8f-68ec-4eec-acdd-5276ddf30de1, command=[]} | ret=SUCCESS |  
2019-08-27 21:54:34,528 [grpc-default-executor-5] INFO  client.GrpcClientProtocolClient (GrpcClientProtocolClient.java:onNext(255)) - client-9C14CD88FCAE->7ad9a523-ea61-4de8-b564-9ed7c6de1fd1: receive RaftClientReply:client-9C14CD88FCAE->7ad9a523-ea61-4de8-b564-9ed7c6de1fd1@group-92F312A34A51, cid=45, FAILED org.apache.ratis.protocol.NotLeaderException: Server 7ad9a523-ea61-4de8-b564-9ed7c6de1fd1 is not the leader (d16fede7-9c95-4edf-9c33-745cfaca74f6:192.168.69.113:38146). Request must be sent to leader., logIndex=0, commits[7ad9a523-ea61-4de8-b564-9ed7c6de1fd1:c8, d16fede7-9c95-4edf-9c33-745cfaca74f6:c8, ff101aed-a6b7-4de5-96bc-8545c1bca62b:c8]
2019-08-27 21:54:34,598 | INFO  | SCMAudit | user=jenkins1000 | ip=192.168.69.113 | op=SEND_HEARTBEAT {datanodeUUID=803e2962-4b43-470b-a1eb-8fa95db682ee, command=[]} | ret=SUCCESS |  
2019-08-27 21:54:34,797 | INFO  | SCMAudit | user=jenkins1000 | ip=192.168.69.113 | op=SEND_HEARTBEAT {datanodeUUID=676885e1-3491-47d8-84ec-d928b9cef1c5, command=[]} | ret=SUCCESS |  
2019-08-27 21:54:35,159 | INFO  | SCMAudit | user=jenkins1000 | ip=192.168.69.113 | op=SEND_HEARTBEAT {datanodeUUID=6da4aad8-a4f6-4be0-a3fe-0ce626d82d81, command=[]} | ret=SUCCESS |  
2019-08-27 21:54:35,267 | INFO  | SCMAudit | user=jenkins1000 | ip=192.168.69.113 | op=SEND_HEARTBEAT {datanodeUUID=d16fede7-9c95-4edf-9c33-745cfaca74f6, command=[]} | ret=SUCCESS |  
2019-08-27 21:54:35,287 | INFO  | SCMAudit | user=jenkins1000 | ip=192.168.69.113 | op=SEND_HEARTBEAT {datanodeUUID=7ad9a523-ea61-4de8-b564-9ed7c6de1fd1, command=[]} | ret=SUCCESS |  
2019-08-27 21:54:35,288 | INFO  | SCMAudit | user=jenkins1000 | ip=192.168.69.113 | op=SEND_HEARTBEAT {datanodeUUID=ff101aed-a6b7-4de5-96bc-8545c1bca62b, command=[]} | ret=SUCCESS |  
2019-08-27 21:54:35,402 | INFO  | SCMAudit | user=jenkins1000 | ip=192.168.69.113 | op=SEND_HEARTBEAT {datanodeUUID=6fbb6c8f-68ec-4eec-acdd-5276ddf30de1, command=[]} | ret=SUCCESS |  
2019-08-27 21:54:35,599 | INFO  | SCMAudit | user=jenkins1000 | ip=192.168.69.113 | op=SEND_HEARTBEAT {datanodeUUID=803e2962-4b43-470b-a1eb-8fa95db682ee, command=[]} | ret=SUCCESS |  
2019-08-27 21:54:35,798 | INFO  | SCMAudit | user=jenkins1000 | ip=192.168.69.113 | op=SEND_HEARTBEAT {datanodeUUID=676885e1-3491-47d8-84ec-d928b9cef1c5, command=[]} | ret=SUCCESS |  
2019-08-27 21:54:36,159 | INFO  | SCMAudit | user=jenkins1000 | ip=192.168.69.113 | op=SEND_HEARTBEAT {datanodeUUID=6da4aad8-a4f6-4be0-a3fe-0ce626d82d81, command=[]} | ret=SUCCESS |  
2019-08-27 21:54:36,268 | INFO  | SCMAudit | user=jenkins1000 | ip=192.168.69.113 | op=SEND_HEARTBEAT {datanodeUUID=d16fede7-9c95-4edf-9c33-745cfaca74f6, command=[]} | ret=SUCCESS |  
2019-08-27 21:54:36,287 | INFO  | SCMAudit | user=jenkins1000 | ip=192.168.69.113 | op=SEND_HEARTBEAT {datanodeUUID=7ad9a523-ea61-4de8-b564-9ed7c6de1fd1, command=[]} | ret=SUCCESS |  
2019-08-27 21:54:36,288 | INFO  | SCMAudit | user=jenkins1000 | ip=192.168.69.113 | op=SEND_HEARTBEAT {datanodeUUID=ff101aed-a6b7-4de5-96bc-8545c1bca62b, command=[]} | ret=SUCCESS |  
2019-08-27 21:54:36,401 | INFO  | SCMAudit | user=jenkins1000 | ip=192.168.69.113 | op=SEND_HEARTBEAT {datanodeUUID=6fbb6c8f-68ec-4eec-acdd-5276ddf30de1, command=[]} | ret=SUCCESS |  
2019-08-27 21:54:36,598 | INFO  | SCMAudit | user=jenkins1000 | ip=192.168.69.113 | op=SEND_HEARTBEAT {datanodeUUID=803e2962-4b43-470b-a1eb-8fa95db682ee, command=[]} | ret=SUCCESS |  
2019-08-27 21:54:36,798 | INFO  | SCMAudit | user=jenkins1000 | ip=192.168.69.113 | op=SEND_HEARTBEAT {datanodeUUID=676885e1-3491-47d8-84ec-d928b9cef1c5, command=[]} | ret=SUCCESS |  
2019-08-27 21:54:37,160 | INFO  | SCMAudit | user=jenkins1000 | ip=192.168.69.113 | op=SEND_HEARTBEAT {datanodeUUID=6da4aad8-a4f6-4be0-a3fe-0ce626d82d81, command=[]} | ret=SUCCESS |  
2019-08-27 21:54:37,268 | INFO  | SCMAudit | user=jenkins1000 | ip=192.168.69.113 | op=SEND_HEARTBEAT {datanodeUUID=d16fede7-9c95-4edf-9c33-745cfaca74f6, command=[]} | ret=SUCCESS |  
2019-08-27 21:54:37,287 | INFO  | SCMAudit | user=jenkins1000 | ip=192.168.69.113 | op=SEND_HEARTBEAT {datanodeUUID=7ad9a523-ea61-4de8-b564-9ed7c6de1fd1, command=[]} | ret=SUCCESS |  
2019-08-27 21:54:37,288 | INFO  | SCMAudit | user=jenkins1000 | ip=192.168.69.113 | op=SEND_HEARTBEAT {datanodeUUID=ff101aed-a6b7-4de5-96bc-8545c1bca62b, command=[]} | ret=SUCCESS |  
2019-08-27 21:54:37,402 | INFO  | SCMAudit | user=jenkins1000 | ip=192.168.69.113 | op=SEND_HEARTBEAT {datanodeUUID=6fbb6c8f-68ec-4eec-acdd-5276ddf30de1, command=[]} | ret=SUCCESS |  
2019-08-27 21:54:37,598 | INFO  | SCMAudit | user=jenkins1000 | ip=192.168.69.113 | op=SEND_HEARTBEAT {datanodeUUID=803e2962-4b43-470b-a1eb-8fa95db682ee, command=[]} | ret=SUCCESS |  
2019-08-27 21:54:37,799 | INFO  | SCMAudit | user=jenkins1000 | ip=192.168.69.113 | op=SEND_HEARTBEAT {datanodeUUID=676885e1-3491-47d8-84ec-d928b9cef1c5, command=[]} | ret=SUCCESS |  
2019-08-27 21:54:38,159 | INFO  | SCMAudit | user=jenkins1000 | ip=192.168.69.113 | op=SEND_HEARTBEAT {datanodeUUID=6da4aad8-a4f6-4be0-a3fe-0ce626d82d81, command=[]} | ret=SUCCESS |  
2019-08-27 21:54:38,268 | INFO  | SCMAudit | user=jenkins1000 | ip=192.168.69.113 | op=SEND_HEARTBEAT {datanodeUUID=d16fede7-9c95-4edf-9c33-745cfaca74f6, command=[]} | ret=SUCCESS |  
2019-08-27 21:54:38,287 | INFO  | SCMAudit | user=jenkins1000 | ip=192.168.69.113 | op=SEND_HEARTBEAT {datanodeUUID=7ad9a523-ea61-4de8-b564-9ed7c6de1fd1, command=[]} | ret=SUCCESS |  
2019-08-27 21:54:38,288 | INFO  | SCMAudit | user=jenkins1000 | ip=192.168.69.113 | op=SEND_HEARTBEAT {datanodeUUID=ff101aed-a6b7-4de5-96bc-8545c1bca62b, command=[]} | ret=SUCCESS |  
2019-08-27 21:54:38,401 | INFO  | SCMAudit | user=jenkins1000 | ip=192.168.69.113 | op=SEND_HEARTBEAT {datanodeUUID=6fbb6c8f-68ec-4eec-acdd-5276ddf30de1, command=[]} | ret=SUCCESS |  
2019-08-27 21:54:38,599 | INFO  | SCMAudit | user=jenkins1000 | ip=192.168.69.113 | op=SEND_HEARTBEAT {datanodeUUID=803e2962-4b43-470b-a1eb-8fa95db682ee, command=[]} | ret=SUCCESS |  
2019-08-27 21:54:38,798 | INFO  | SCMAudit | user=jenkins1000 | ip=192.168.69.113 | op=SEND_HEARTBEAT {datanodeUUID=676885e1-3491-47d8-84ec-d928b9cef1c5, command=[]} | ret=SUCCESS |  
2019-08-27 21:54:39,160 | INFO  | SCMAudit | user=jenkins1000 | ip=192.168.69.113 | op=SEND_HEARTBEAT {datanodeUUID=6da4aad8-a4f6-4be0-a3fe-0ce626d82d81, command=[]} | ret=SUCCESS |  
2019-08-27 21:54:39,269 | INFO  | SCMAudit | user=jenkins1000 | ip=192.168.69.113 | op=SEND_HEARTBEAT {datanodeUUID=d16fede7-9c95-4edf-9c33-745cfaca74f6, command=[]} | ret=SUCCESS |  
2019-08-27 21:54:39,288 | INFO  | SCMAudit | user=jenkins1000 | ip=192.168.69.113 | op=SEND_HEARTBEAT {datanodeUUID=7ad9a523-ea61-4de8-b564-9ed7c6de1fd1, command=[]} | ret=SUCCESS |  
2019-08-27 21:54:39,288 | INFO  | SCMAudit | user=jenkins1000 | ip=192.168.69.113 | op=SEND_HEARTBEAT {datanodeUUID=ff101aed-a6b7-4de5-96bc-8545c1bca62b, command=[]} | ret=SUCCESS |  
2019-08-27 21:54:39,402 | INFO  | SCMAudit | user=jenkins1000 | ip=192.168.69.113 | op=SEND_HEARTBEAT {datanodeUUID=6fbb6c8f-68ec-4eec-acdd-5276ddf30de1, command=[]} | ret=SUCCESS |  
2019-08-27 21:54:39,564 [grpc-default-executor-5] INFO  client.GrpcClientProtocolClient (GrpcClientProtocolClient.java:onNext(255)) - client-9C14CD88FCAE->7ad9a523-ea61-4de8-b564-9ed7c6de1fd1: receive RaftClientReply:client-9C14CD88FCAE->7ad9a523-ea61-4de8-b564-9ed7c6de1fd1@group-92F312A34A51, cid=45, FAILED org.apache.ratis.protocol.NotLeaderException: Server 7ad9a523-ea61-4de8-b564-9ed7c6de1fd1 is not the leader (d16fede7-9c95-4edf-9c33-745cfaca74f6:192.168.69.113:38146). Request must be sent to leader., logIndex=0, commits[7ad9a523-ea61-4de8-b564-9ed7c6de1fd1:c8, d16fede7-9c95-4edf-9c33-745cfaca74f6:c8, ff101aed-a6b7-4de5-96bc-8545c1bca62b:c8]
2019-08-27 21:54:39,599 | INFO  | SCMAudit | user=jenkins1000 | ip=192.168.69.113 | op=SEND_HEARTBEAT {datanodeUUID=803e2962-4b43-470b-a1eb-8fa95db682ee, command=[]} | ret=SUCCESS |  
2019-08-27 21:54:39,798 | INFO  | SCMAudit | user=jenkins1000 | ip=192.168.69.113 | op=SEND_HEARTBEAT {datanodeUUID=676885e1-3491-47d8-84ec-d928b9cef1c5, command=[]} | ret=SUCCESS |  
2019-08-27 21:54:40,159 | INFO  | SCMAudit | user=jenkins1000 | ip=192.168.69.113 | op=SEND_HEARTBEAT {datanodeUUID=6da4aad8-a4f6-4be0-a3fe-0ce626d82d81, command=[]} | ret=SUCCESS |  
2019-08-27 21:54:40,268 | INFO  | SCMAudit | user=jenkins1000 | ip=192.168.69.113 | op=SEND_HEARTBEAT {datanodeUUID=d16fede7-9c95-4edf-9c33-745cfaca74f6, command=[]} | ret=SUCCESS |  
2019-08-27 21:54:40,288 | INFO  | SCMAudit | user=jenkins1000 | ip=192.168.69.113 | op=SEND_HEARTBEAT {datanodeUUID=7ad9a523-ea61-4de8-b564-9ed7c6de1fd1, command=[]} | ret=SUCCESS |  
2019-08-27 21:54:40,288 | INFO  | SCMAudit | user=jenkins1000 | ip=192.168.69.113 | op=SEND_HEARTBEAT {datanodeUUID=ff101aed-a6b7-4de5-96bc-8545c1bca62b, command=[]} | ret=SUCCESS |  
2019-08-27 21:54:40,401 | INFO  | SCMAudit | user=jenkins1000 | ip=192.168.69.113 | op=SEND_HEARTBEAT {datanodeUUID=6fbb6c8f-68ec-4eec-acdd-5276ddf30de1, command=[]} | ret=SUCCESS |  
2019-08-27 21:54:40,600 | INFO  | SCMAudit | user=jenkins1000 | ip=192.168.69.113 | op=SEND_HEARTBEAT {datanodeUUID=803e2962-4b43-470b-a1eb-8fa95db682ee, command=[]} | ret=SUCCESS |  
2019-08-27 21:54:40,799 | INFO  | SCMAudit | user=jenkins1000 | ip=192.168.69.113 | op=SEND_HEARTBEAT {datanodeUUID=676885e1-3491-47d8-84ec-d928b9cef1c5, command=[]} | ret=SUCCESS |  
2019-08-27 21:54:41,159 | INFO  | SCMAudit | user=jenkins1000 | ip=192.168.69.113 | op=SEND_HEARTBEAT {datanodeUUID=6da4aad8-a4f6-4be0-a3fe-0ce626d82d81, command=[]} | ret=SUCCESS |  
2019-08-27 21:54:41,268 | INFO  | SCMAudit | user=jenkins1000 | ip=192.168.69.113 | op=SEND_HEARTBEAT {datanodeUUID=d16fede7-9c95-4edf-9c33-745cfaca74f6, command=[]} | ret=SUCCESS |  
2019-08-27 21:54:41,288 | INFO  | SCMAudit | user=jenkins1000 | ip=192.168.69.113 | op=SEND_HEARTBEAT {datanodeUUID=7ad9a523-ea61-4de8-b564-9ed7c6de1fd1, command=[]} | ret=SUCCESS |  
2019-08-27 21:54:41,288 | INFO  | SCMAudit | user=jenkins1000 | ip=192.168.69.113 | op=SEND_HEARTBEAT {datanodeUUID=ff101aed-a6b7-4de5-96bc-8545c1bca62b, command=[]} | ret=SUCCESS |  
2019-08-27 21:54:41,401 | INFO  | SCMAudit | user=jenkins1000 | ip=192.168.69.113 | op=SEND_HEARTBEAT {datanodeUUID=6fbb6c8f-68ec-4eec-acdd-5276ddf30de1, command=[]} | ret=SUCCESS |  
2019-08-27 21:54:41,599 | INFO  | SCMAudit | user=jenkins1000 | ip=192.168.69.113 | op=SEND_HEARTBEAT {datanodeUUID=803e2962-4b43-470b-a1eb-8fa95db682ee, command=[]} | ret=SUCCESS |  
2019-08-27 21:54:41,799 | INFO  | SCMAudit | user=jenkins1000 | ip=192.168.69.113 | op=SEND_HEARTBEAT {datanodeUUID=676885e1-3491-47d8-84ec-d928b9cef1c5, command=[]} | ret=SUCCESS |  
2019-08-27 21:54:42,159 | INFO  | SCMAudit | user=jenkins1000 | ip=192.168.69.113 | op=SEND_HEARTBEAT {datanodeUUID=6da4aad8-a4f6-4be0-a3fe-0ce626d82d81, command=[]} | ret=SUCCESS |  
2019-08-27 21:54:42,269 | INFO  | SCMAudit | user=jenkins1000 | ip=192.168.69.113 | op=SEND_HEARTBEAT {datanodeUUID=d16fede7-9c95-4edf-9c33-745cfaca74f6, command=[]} | ret=SUCCESS |  
2019-08-27 21:54:42,288 | INFO  | SCMAudit | user=jenkins1000 | ip=192.168.69.113 | op=SEND_HEARTBEAT {datanodeUUID=7ad9a523-ea61-4de8-b564-9ed7c6de1fd1, command=[]} | ret=SUCCESS |  
2019-08-27 21:54:42,289 | INFO  | SCMAudit | user=jenkins1000 | ip=192.168.69.113 | op=SEND_HEARTBEAT {datanodeUUID=ff101aed-a6b7-4de5-96bc-8545c1bca62b, command=[]} | ret=SUCCESS |  
2019-08-27 21:54:42,402 | INFO  | SCMAudit | user=jenkins1000 | ip=192.168.69.113 | op=SEND_HEARTBEAT {datanodeUUID=6fbb6c8f-68ec-4eec-acdd-5276ddf30de1, command=[]} | ret=SUCCESS |  
2019-08-27 21:54:42,599 | INFO  | SCMAudit | user=jenkins1000 | ip=192.168.69.113 | op=SEND_HEARTBEAT {datanodeUUID=803e2962-4b43-470b-a1eb-8fa95db682ee, command=[]} | ret=SUCCESS |  
2019-08-27 21:54:42,800 | INFO  | SCMAudit | user=jenkins1000 | ip=192.168.69.113 | op=SEND_HEARTBEAT {datanodeUUID=676885e1-3491-47d8-84ec-d928b9cef1c5, command=[]} | ret=SUCCESS |  
2019-08-27 21:54:43,159 | INFO  | SCMAudit | user=jenkins1000 | ip=192.168.69.113 | op=SEND_HEARTBEAT {datanodeUUID=6da4aad8-a4f6-4be0-a3fe-0ce626d82d81, command=[]} | ret=SUCCESS |  
2019-08-27 21:54:43,268 | INFO  | SCMAudit | user=jenkins1000 | ip=192.168.69.113 | op=SEND_HEARTBEAT {datanodeUUID=d16fede7-9c95-4edf-9c33-745cfaca74f6, command=[]} | ret=SUCCESS |  
2019-08-27 21:54:43,288 | INFO  | SCMAudit | user=jenkins1000 | ip=192.168.69.113 | op=SEND_HEARTBEAT {datanodeUUID=7ad9a523-ea61-4de8-b564-9ed7c6de1fd1, command=[]} | ret=SUCCESS |  
2019-08-27 21:54:43,289 | INFO  | SCMAudit | user=jenkins1000 | ip=192.168.69.113 | op=SEND_HEARTBEAT {datanodeUUID=ff101aed-a6b7-4de5-96bc-8545c1bca62b, command=[]} | ret=SUCCESS |  
2019-08-27 21:54:43,403 | INFO  | SCMAudit | user=jenkins1000 | ip=192.168.69.113 | op=SEND_HEARTBEAT {datanodeUUID=6fbb6c8f-68ec-4eec-acdd-5276ddf30de1, command=[]} | ret=SUCCESS |  
2019-08-27 21:54:43,599 | INFO  | SCMAudit | user=jenkins1000 | ip=192.168.69.113 | op=SEND_HEARTBEAT {datanodeUUID=803e2962-4b43-470b-a1eb-8fa95db682ee, command=[]} | ret=SUCCESS |  
2019-08-27 21:54:43,800 | INFO  | SCMAudit | user=jenkins1000 | ip=192.168.69.113 | op=SEND_HEARTBEAT {datanodeUUID=676885e1-3491-47d8-84ec-d928b9cef1c5, command=[]} | ret=SUCCESS |  
2019-08-27 21:54:44,160 | INFO  | SCMAudit | user=jenkins1000 | ip=192.168.69.113 | op=SEND_HEARTBEAT {datanodeUUID=6da4aad8-a4f6-4be0-a3fe-0ce626d82d81, command=[]} | ret=SUCCESS |  
2019-08-27 21:54:44,269 | INFO  | SCMAudit | user=jenkins1000 | ip=192.168.69.113 | op=SEND_HEARTBEAT {datanodeUUID=d16fede7-9c95-4edf-9c33-745cfaca74f6, command=[]} | ret=SUCCESS |  
2019-08-27 21:54:44,288 | INFO  | SCMAudit | user=jenkins1000 | ip=192.168.69.113 | op=SEND_HEARTBEAT {datanodeUUID=7ad9a523-ea61-4de8-b564-9ed7c6de1fd1, command=[]} | ret=SUCCESS |  
2019-08-27 21:54:44,289 | INFO  | SCMAudit | user=jenkins1000 | ip=192.168.69.113 | op=SEND_HEARTBEAT {datanodeUUID=ff101aed-a6b7-4de5-96bc-8545c1bca62b, command=[]} | ret=SUCCESS |  
2019-08-27 21:54:44,403 | INFO  | SCMAudit | user=jenkins1000 | ip=192.168.69.113 | op=SEND_HEARTBEAT {datanodeUUID=6fbb6c8f-68ec-4eec-acdd-5276ddf30de1, command=[]} | ret=SUCCESS |  
2019-08-27 21:54:44,599 | INFO  | SCMAudit | user=jenkins1000 | ip=192.168.69.113 | op=SEND_HEARTBEAT {datanodeUUID=803e2962-4b43-470b-a1eb-8fa95db682ee, command=[]} | ret=SUCCESS |  
2019-08-27 21:54:44,607 [grpc-default-executor-5] INFO  client.GrpcClientProtocolClient (GrpcClientProtocolClient.java:onNext(255)) - client-9C14CD88FCAE->7ad9a523-ea61-4de8-b564-9ed7c6de1fd1: receive RaftClientReply:client-9C14CD88FCAE->7ad9a523-ea61-4de8-b564-9ed7c6de1fd1@group-92F312A34A51, cid=45, FAILED org.apache.ratis.protocol.NotLeaderException: Server 7ad9a523-ea61-4de8-b564-9ed7c6de1fd1 is not the leader (d16fede7-9c95-4edf-9c33-745cfaca74f6:192.168.69.113:38146). Request must be sent to leader., logIndex=0, commits[7ad9a523-ea61-4de8-b564-9ed7c6de1fd1:c8, d16fede7-9c95-4edf-9c33-745cfaca74f6:c8, ff101aed-a6b7-4de5-96bc-8545c1bca62b:c8]
2019-08-27 21:54:44,801 | INFO  | SCMAudit | user=jenkins1000 | ip=192.168.69.113 | op=SEND_HEARTBEAT {datanodeUUID=676885e1-3491-47d8-84ec-d928b9cef1c5, command=[]} | ret=SUCCESS |  
2019-08-27 21:54:45,160 | INFO  | SCMAudit | user=jenkins1000 | ip=192.168.69.113 | op=SEND_HEARTBEAT {datanodeUUID=6da4aad8-a4f6-4be0-a3fe-0ce626d82d81, command=[]} | ret=SUCCESS |  
2019-08-27 21:54:45,270 | INFO  | SCMAudit | user=jenkins1000 | ip=192.168.69.113 | op=SEND_HEARTBEAT {datanodeUUID=d16fede7-9c95-4edf-9c33-745cfaca74f6, command=[]} | ret=SUCCESS |  
2019-08-27 21:54:45,289 | INFO  | SCMAudit | user=jenkins1000 | ip=192.168.69.113 | op=SEND_HEARTBEAT {datanodeUUID=7ad9a523-ea61-4de8-b564-9ed7c6de1fd1, command=[]} | ret=SUCCESS |  
2019-08-27 21:54:45,289 | INFO  | SCMAudit | user=jenkins1000 | ip=192.168.69.113 | op=SEND_HEARTBEAT {datanodeUUID=ff101aed-a6b7-4de5-96bc-8545c1bca62b, command=[]} | ret=SUCCESS |  
2019-08-27 21:54:45,404 | INFO  | SCMAudit | user=jenkins1000 | ip=192.168.69.113 | op=SEND_HEARTBEAT {datanodeUUID=6fbb6c8f-68ec-4eec-acdd-5276ddf30de1, command=[]} | ret=SUCCESS |  
2019-08-27 21:54:45,600 | INFO  | SCMAudit | user=jenkins1000 | ip=192.168.69.113 | op=SEND_HEARTBEAT {datanodeUUID=803e2962-4b43-470b-a1eb-8fa95db682ee, command=[]} | ret=SUCCESS |  
2019-08-27 21:54:45,800 | INFO  | SCMAudit | user=jenkins1000 | ip=192.168.69.113 | op=SEND_HEARTBEAT {datanodeUUID=676885e1-3491-47d8-84ec-d928b9cef1c5, command=[]} | ret=SUCCESS |  
2019-08-27 21:54:46,161 | INFO  | SCMAudit | user=jenkins1000 | ip=192.168.69.113 | op=SEND_HEARTBEAT {datanodeUUID=6da4aad8-a4f6-4be0-a3fe-0ce626d82d81, command=[]} | ret=SUCCESS |  
2019-08-27 21:54:46,269 | INFO  | SCMAudit | user=jenkins1000 | ip=192.168.69.113 | op=SEND_HEARTBEAT {datanodeUUID=d16fede7-9c95-4edf-9c33-745cfaca74f6, command=[]} | ret=SUCCESS |  
2019-08-27 21:54:46,289 | INFO  | SCMAudit | user=jenkins1000 | ip=192.168.69.113 | op=SEND_HEARTBEAT {datanodeUUID=7ad9a523-ea61-4de8-b564-9ed7c6de1fd1, command=[]} | ret=SUCCESS |  
2019-08-27 21:54:46,289 | INFO  | SCMAudit | user=jenkins1000 | ip=192.168.69.113 | op=SEND_HEARTBEAT {datanodeUUID=ff101aed-a6b7-4de5-96bc-8545c1bca62b, command=[]} | ret=SUCCESS |  
2019-08-27 21:54:46,403 | INFO  | SCMAudit | user=jenkins1000 | ip=192.168.69.113 | op=SEND_HEARTBEAT {datanodeUUID=6fbb6c8f-68ec-4eec-acdd-5276ddf30de1, command=[]} | ret=SUCCESS |  
2019-08-27 21:54:46,599 | INFO  | SCMAudit | user=jenkins1000 | ip=192.168.69.113 | op=SEND_HEARTBEAT {datanodeUUID=803e2962-4b43-470b-a1eb-8fa95db682ee, command=[]} | ret=SUCCESS |  
2019-08-27 21:54:46,801 | INFO  | SCMAudit | user=jenkins1000 | ip=192.168.69.113 | op=SEND_HEARTBEAT {datanodeUUID=676885e1-3491-47d8-84ec-d928b9cef1c5, command=[]} | ret=SUCCESS |  
2019-08-27 21:54:47,160 | INFO  | SCMAudit | user=jenkins1000 | ip=192.168.69.113 | op=SEND_HEARTBEAT {datanodeUUID=6da4aad8-a4f6-4be0-a3fe-0ce626d82d81, command=[]} | ret=SUCCESS |  
2019-08-27 21:54:47,269 | INFO  | SCMAudit | user=jenkins1000 | ip=192.168.69.113 | op=SEND_HEARTBEAT {datanodeUUID=d16fede7-9c95-4edf-9c33-745cfaca74f6, command=[]} | ret=SUCCESS |  
2019-08-27 21:54:47,289 | INFO  | SCMAudit | user=jenkins1000 | ip=192.168.69.113 | op=SEND_HEARTBEAT {datanodeUUID=7ad9a523-ea61-4de8-b564-9ed7c6de1fd1, command=[]} | ret=SUCCESS |  
2019-08-27 21:54:47,289 | INFO  | SCMAudit | user=jenkins1000 | ip=192.168.69.113 | op=SEND_HEARTBEAT {datanodeUUID=ff101aed-a6b7-4de5-96bc-8545c1bca62b, command=[]} | ret=SUCCESS |  
2019-08-27 21:54:47,403 | INFO  | SCMAudit | user=jenkins1000 | ip=192.168.69.113 | op=SEND_HEARTBEAT {datanodeUUID=6fbb6c8f-68ec-4eec-acdd-5276ddf30de1, command=[]} | ret=SUCCESS |  
2019-08-27 21:54:47,603 | INFO  | SCMAudit | user=jenkins1000 | ip=192.168.69.113 | op=SEND_HEARTBEAT {datanodeUUID=803e2962-4b43-470b-a1eb-8fa95db682ee, command=[]} | ret=SUCCESS |  
2019-08-27 21:54:47,800 | INFO  | SCMAudit | user=jenkins1000 | ip=192.168.69.113 | op=SEND_HEARTBEAT {datanodeUUID=676885e1-3491-47d8-84ec-d928b9cef1c5, command=[]} | ret=SUCCESS |  
2019-08-27 21:54:48,160 | INFO  | SCMAudit | user=jenkins1000 | ip=192.168.69.113 | op=SEND_HEARTBEAT {datanodeUUID=6da4aad8-a4f6-4be0-a3fe-0ce626d82d81, command=[]} | ret=SUCCESS |  
2019-08-27 21:54:48,270 | INFO  | SCMAudit | user=jenkins1000 | ip=192.168.69.113 | op=SEND_HEARTBEAT {datanodeUUID=d16fede7-9c95-4edf-9c33-745cfaca74f6, command=[]} | ret=SUCCESS |  
2019-08-27 21:54:48,289 | INFO  | SCMAudit | user=jenkins1000 | ip=192.168.69.113 | op=SEND_HEARTBEAT {datanodeUUID=7ad9a523-ea61-4de8-b564-9ed7c6de1fd1, command=[]} | ret=SUCCESS |  
2019-08-27 21:54:48,289 | INFO  | SCMAudit | user=jenkins1000 | ip=192.168.69.113 | op=SEND_HEARTBEAT {datanodeUUID=ff101aed-a6b7-4de5-96bc-8545c1bca62b, command=[]} | ret=SUCCESS |  
2019-08-27 21:54:48,404 | INFO  | SCMAudit | user=jenkins1000 | ip=192.168.69.113 | op=SEND_HEARTBEAT {datanodeUUID=6fbb6c8f-68ec-4eec-acdd-5276ddf30de1, command=[]} | ret=SUCCESS |  
2019-08-27 21:54:48,603 | INFO  | SCMAudit | user=jenkins1000 | ip=192.168.69.113 | op=SEND_HEARTBEAT {datanodeUUID=803e2962-4b43-470b-a1eb-8fa95db682ee, command=[]} | ret=SUCCESS |  
2019-08-27 21:54:48,800 | INFO  | SCMAudit | user=jenkins1000 | ip=192.168.69.113 | op=SEND_HEARTBEAT {datanodeUUID=676885e1-3491-47d8-84ec-d928b9cef1c5, command=[]} | ret=SUCCESS |  
2019-08-27 21:54:49,160 | INFO  | SCMAudit | user=jenkins1000 | ip=192.168.69.113 | op=SEND_HEARTBEAT {datanodeUUID=6da4aad8-a4f6-4be0-a3fe-0ce626d82d81, command=[]} | ret=SUCCESS |  
2019-08-27 21:54:49,269 | INFO  | SCMAudit | user=jenkins1000 | ip=192.168.69.113 | op=SEND_HEARTBEAT {datanodeUUID=d16fede7-9c95-4edf-9c33-745cfaca74f6, command=[]} | ret=SUCCESS |  
2019-08-27 21:54:49,289 | INFO  | SCMAudit | user=jenkins1000 | ip=192.168.69.113 | op=SEND_HEARTBEAT {datanodeUUID=7ad9a523-ea61-4de8-b564-9ed7c6de1fd1, command=[]} | ret=SUCCESS |  
2019-08-27 21:54:49,289 | INFO  | SCMAudit | user=jenkins1000 | ip=192.168.69.113 | op=SEND_HEARTBEAT {datanodeUUID=ff101aed-a6b7-4de5-96bc-8545c1bca62b, command=[]} | ret=SUCCESS |  
2019-08-27 21:54:49,403 | INFO  | SCMAudit | user=jenkins1000 | ip=192.168.69.113 | op=SEND_HEARTBEAT {datanodeUUID=6fbb6c8f-68ec-4eec-acdd-5276ddf30de1, command=[]} | ret=SUCCESS |  
2019-08-27 21:54:49,604 | INFO  | SCMAudit | user=jenkins1000 | ip=192.168.69.113 | op=SEND_HEARTBEAT {datanodeUUID=803e2962-4b43-470b-a1eb-8fa95db682ee, command=[]} | ret=SUCCESS |  
2019-08-27 21:54:49,649 [grpc-default-executor-6] INFO  client.GrpcClientProtocolClient (GrpcClientProtocolClient.java:onNext(255)) - client-9C14CD88FCAE->7ad9a523-ea61-4de8-b564-9ed7c6de1fd1: receive RaftClientReply:client-9C14CD88FCAE->7ad9a523-ea61-4de8-b564-9ed7c6de1fd1@group-92F312A34A51, cid=45, FAILED org.apache.ratis.protocol.NotLeaderException: Server 7ad9a523-ea61-4de8-b564-9ed7c6de1fd1 is not the leader (d16fede7-9c95-4edf-9c33-745cfaca74f6:192.168.69.113:38146). Request must be sent to leader., logIndex=0, commits[7ad9a523-ea61-4de8-b564-9ed7c6de1fd1:c8, d16fede7-9c95-4edf-9c33-745cfaca74f6:c8, ff101aed-a6b7-4de5-96bc-8545c1bca62b:c8]
2019-08-27 21:54:49,801 | INFO  | SCMAudit | user=jenkins1000 | ip=192.168.69.113 | op=SEND_HEARTBEAT {datanodeUUID=676885e1-3491-47d8-84ec-d928b9cef1c5, command=[]} | ret=SUCCESS |  
2019-08-27 21:54:50,160 | INFO  | SCMAudit | user=jenkins1000 | ip=192.168.69.113 | op=SEND_HEARTBEAT {datanodeUUID=6da4aad8-a4f6-4be0-a3fe-0ce626d82d81, command=[]} | ret=SUCCESS |  
2019-08-27 21:54:50,269 | INFO  | SCMAudit | user=jenkins1000 | ip=192.168.69.113 | op=SEND_HEARTBEAT {datanodeUUID=d16fede7-9c95-4edf-9c33-745cfaca74f6, command=[]} | ret=SUCCESS |  
2019-08-27 21:54:50,290 | INFO  | SCMAudit | user=jenkins1000 | ip=192.168.69.113 | op=SEND_HEARTBEAT {datanodeUUID=ff101aed-a6b7-4de5-96bc-8545c1bca62b, command=[]} | ret=SUCCESS |  
2019-08-27 21:54:50,290 | INFO  | SCMAudit | user=jenkins1000 | ip=192.168.69.113 | op=SEND_HEARTBEAT {datanodeUUID=7ad9a523-ea61-4de8-b564-9ed7c6de1fd1, command=[]} | ret=SUCCESS |  
2019-08-27 21:54:50,403 | INFO  | SCMAudit | user=jenkins1000 | ip=192.168.69.113 | op=SEND_HEARTBEAT {datanodeUUID=6fbb6c8f-68ec-4eec-acdd-5276ddf30de1, command=[]} | ret=SUCCESS |  
2019-08-27 21:54:50,603 | INFO  | SCMAudit | user=jenkins1000 | ip=192.168.69.113 | op=SEND_HEARTBEAT {datanodeUUID=803e2962-4b43-470b-a1eb-8fa95db682ee, command=[]} | ret=SUCCESS |  
2019-08-27 21:54:50,801 | INFO  | SCMAudit | user=jenkins1000 | ip=192.168.69.113 | op=SEND_HEARTBEAT {datanodeUUID=676885e1-3491-47d8-84ec-d928b9cef1c5, command=[]} | ret=SUCCESS |  
2019-08-27 21:54:51,160 | INFO  | SCMAudit | user=jenkins1000 | ip=192.168.69.113 | op=SEND_HEARTBEAT {datanodeUUID=6da4aad8-a4f6-4be0-a3fe-0ce626d82d81, command=[]} | ret=SUCCESS |  
2019-08-27 21:54:51,269 | INFO  | SCMAudit | user=jenkins1000 | ip=192.168.69.113 | op=SEND_HEARTBEAT {datanodeUUID=d16fede7-9c95-4edf-9c33-745cfaca74f6, command=[]} | ret=SUCCESS |  
2019-08-27 21:54:51,289 | INFO  | SCMAudit | user=jenkins1000 | ip=192.168.69.113 | op=SEND_HEARTBEAT {datanodeUUID=7ad9a523-ea61-4de8-b564-9ed7c6de1fd1, command=[]} | ret=SUCCESS |  
2019-08-27 21:54:51,290 | INFO  | SCMAudit | user=jenkins1000 | ip=192.168.69.113 | op=SEND_HEARTBEAT {datanodeUUID=ff101aed-a6b7-4de5-96bc-8545c1bca62b, command=[]} | ret=SUCCESS |  
2019-08-27 21:54:51,404 | INFO  | SCMAudit | user=jenkins1000 | ip=192.168.69.113 | op=SEND_HEARTBEAT {datanodeUUID=6fbb6c8f-68ec-4eec-acdd-5276ddf30de1, command=[]} | ret=SUCCESS |  
2019-08-27 21:54:51,604 | INFO  | SCMAudit | user=jenkins1000 | ip=192.168.69.113 | op=SEND_HEARTBEAT {datanodeUUID=803e2962-4b43-470b-a1eb-8fa95db682ee, command=[]} | ret=SUCCESS |  
2019-08-27 21:54:51,802 | INFO  | SCMAudit | user=jenkins1000 | ip=192.168.69.113 | op=SEND_HEARTBEAT {datanodeUUID=676885e1-3491-47d8-84ec-d928b9cef1c5, command=[]} | ret=SUCCESS |  
2019-08-27 21:54:52,160 | INFO  | SCMAudit | user=jenkins1000 | ip=192.168.69.113 | op=SEND_HEARTBEAT {datanodeUUID=6da4aad8-a4f6-4be0-a3fe-0ce626d82d81, command=[]} | ret=SUCCESS |  
2019-08-27 21:54:52,270 | INFO  | SCMAudit | user=jenkins1000 | ip=192.168.69.113 | op=SEND_HEARTBEAT {datanodeUUID=d16fede7-9c95-4edf-9c33-745cfaca74f6, command=[]} | ret=SUCCESS |  
2019-08-27 21:54:52,289 | INFO  | SCMAudit | user=jenkins1000 | ip=192.168.69.113 | op=SEND_HEARTBEAT {datanodeUUID=7ad9a523-ea61-4de8-b564-9ed7c6de1fd1, command=[]} | ret=SUCCESS |  
2019-08-27 21:54:52,291 | INFO  | SCMAudit | user=jenkins1000 | ip=192.168.69.113 | op=SEND_HEARTBEAT {datanodeUUID=ff101aed-a6b7-4de5-96bc-8545c1bca62b, command=[]} | ret=SUCCESS |  
2019-08-27 21:54:52,403 | INFO  | SCMAudit | user=jenkins1000 | ip=192.168.69.113 | op=SEND_HEARTBEAT {datanodeUUID=6fbb6c8f-68ec-4eec-acdd-5276ddf30de1, command=[]} | ret=SUCCESS |  
2019-08-27 21:54:52,603 | INFO  | SCMAudit | user=jenkins1000 | ip=192.168.69.113 | op=SEND_HEARTBEAT {datanodeUUID=803e2962-4b43-470b-a1eb-8fa95db682ee, command=[]} | ret=SUCCESS |  
2019-08-27 21:54:52,801 | INFO  | SCMAudit | user=jenkins1000 | ip=192.168.69.113 | op=SEND_HEARTBEAT {datanodeUUID=676885e1-3491-47d8-84ec-d928b9cef1c5, command=[]} | ret=SUCCESS |  
2019-08-27 21:54:53,161 | INFO  | SCMAudit | user=jenkins1000 | ip=192.168.69.113 | op=SEND_HEARTBEAT {datanodeUUID=6da4aad8-a4f6-4be0-a3fe-0ce626d82d81, command=[]} | ret=SUCCESS |  
2019-08-27 21:54:53,270 | INFO  | SCMAudit | user=jenkins1000 | ip=192.168.69.113 | op=SEND_HEARTBEAT {datanodeUUID=d16fede7-9c95-4edf-9c33-745cfaca74f6, command=[]} | ret=SUCCESS |  
2019-08-27 21:54:53,289 | INFO  | SCMAudit | user=jenkins1000 | ip=192.168.69.113 | op=SEND_HEARTBEAT {datanodeUUID=7ad9a523-ea61-4de8-b564-9ed7c6de1fd1, command=[]} | ret=SUCCESS |  
2019-08-27 21:54:53,291 | INFO  | SCMAudit | user=jenkins1000 | ip=192.168.69.113 | op=SEND_HEARTBEAT {datanodeUUID=ff101aed-a6b7-4de5-96bc-8545c1bca62b, command=[]} | ret=SUCCESS |  
2019-08-27 21:54:53,403 | INFO  | SCMAudit | user=jenkins1000 | ip=192.168.69.113 | op=SEND_HEARTBEAT {datanodeUUID=6fbb6c8f-68ec-4eec-acdd-5276ddf30de1, command=[]} | ret=SUCCESS |  
2019-08-27 21:54:53,603 | INFO  | SCMAudit | user=jenkins1000 | ip=192.168.69.113 | op=SEND_HEARTBEAT {datanodeUUID=803e2962-4b43-470b-a1eb-8fa95db682ee, command=[]} | ret=SUCCESS |  
2019-08-27 21:54:53,801 | INFO  | SCMAudit | user=jenkins1000 | ip=192.168.69.113 | op=SEND_HEARTBEAT {datanodeUUID=676885e1-3491-47d8-84ec-d928b9cef1c5, command=[]} | ret=SUCCESS |  
2019-08-27 21:54:54,161 | INFO  | SCMAudit | user=jenkins1000 | ip=192.168.69.113 | op=SEND_HEARTBEAT {datanodeUUID=6da4aad8-a4f6-4be0-a3fe-0ce626d82d81, command=[]} | ret=SUCCESS |  
2019-08-27 21:54:54,270 | INFO  | SCMAudit | user=jenkins1000 | ip=192.168.69.113 | op=SEND_HEARTBEAT {datanodeUUID=d16fede7-9c95-4edf-9c33-745cfaca74f6, command=[]} | ret=SUCCESS |  
2019-08-27 21:54:54,289 | INFO  | SCMAudit | user=jenkins1000 | ip=192.168.69.113 | op=SEND_HEARTBEAT {datanodeUUID=7ad9a523-ea61-4de8-b564-9ed7c6de1fd1, command=[]} | ret=SUCCESS |  
2019-08-27 21:54:54,291 | INFO  | SCMAudit | user=jenkins1000 | ip=192.168.69.113 | op=SEND_HEARTBEAT {datanodeUUID=ff101aed-a6b7-4de5-96bc-8545c1bca62b, command=[]} | ret=SUCCESS |  
2019-08-27 21:54:54,403 | INFO  | SCMAudit | user=jenkins1000 | ip=192.168.69.113 | op=SEND_HEARTBEAT {datanodeUUID=6fbb6c8f-68ec-4eec-acdd-5276ddf30de1, command=[]} | ret=SUCCESS |  
2019-08-27 21:54:54,604 | INFO  | SCMAudit | user=jenkins1000 | ip=192.168.69.113 | op=SEND_HEARTBEAT {datanodeUUID=803e2962-4b43-470b-a1eb-8fa95db682ee, command=[]} | ret=SUCCESS |  
2019-08-27 21:54:54,689 [grpc-default-executor-6] INFO  client.GrpcClientProtocolClient (GrpcClientProtocolClient.java:onNext(255)) - client-9C14CD88FCAE->ff101aed-a6b7-4de5-96bc-8545c1bca62b: receive RaftClientReply:client-9C14CD88FCAE->ff101aed-a6b7-4de5-96bc-8545c1bca62b@group-92F312A34A51, cid=45, FAILED org.apache.ratis.protocol.NotLeaderException: Server ff101aed-a6b7-4de5-96bc-8545c1bca62b is not the leader (d16fede7-9c95-4edf-9c33-745cfaca74f6:192.168.69.113:38146). Request must be sent to leader., logIndex=0, commits[ff101aed-a6b7-4de5-96bc-8545c1bca62b:c8, d16fede7-9c95-4edf-9c33-745cfaca74f6:c8, 7ad9a523-ea61-4de8-b564-9ed7c6de1fd1:c8]
2019-08-27 21:54:54,802 | INFO  | SCMAudit | user=jenkins1000 | ip=192.168.69.113 | op=SEND_HEARTBEAT {datanodeUUID=676885e1-3491-47d8-84ec-d928b9cef1c5, command=[]} | ret=SUCCESS |  
2019-08-27 21:54:55,161 | INFO  | SCMAudit | user=jenkins1000 | ip=192.168.69.113 | op=SEND_HEARTBEAT {datanodeUUID=6da4aad8-a4f6-4be0-a3fe-0ce626d82d81, command=[]} | ret=SUCCESS |  
2019-08-27 21:54:55,271 | INFO  | SCMAudit | user=jenkins1000 | ip=192.168.69.113 | op=SEND_HEARTBEAT {datanodeUUID=d16fede7-9c95-4edf-9c33-745cfaca74f6, command=[]} | ret=SUCCESS |  
2019-08-27 21:54:55,289 | INFO  | SCMAudit | user=jenkins1000 | ip=192.168.69.113 | op=SEND_HEARTBEAT {datanodeUUID=7ad9a523-ea61-4de8-b564-9ed7c6de1fd1, command=[]} | ret=SUCCESS |  
2019-08-27 21:54:55,291 | INFO  | SCMAudit | user=jenkins1000 | ip=192.168.69.113 | op=SEND_HEARTBEAT {datanodeUUID=ff101aed-a6b7-4de5-96bc-8545c1bca62b, command=[]} | ret=SUCCESS |  
2019-08-27 21:54:55,403 | INFO  | SCMAudit | user=jenkins1000 | ip=192.168.69.113 | op=SEND_HEARTBEAT {datanodeUUID=6fbb6c8f-68ec-4eec-acdd-5276ddf30de1, command=[]} | ret=SUCCESS |  
2019-08-27 21:54:55,603 | INFO  | SCMAudit | user=jenkins1000 | ip=192.168.69.113 | op=SEND_HEARTBEAT {datanodeUUID=803e2962-4b43-470b-a1eb-8fa95db682ee, command=[]} | ret=SUCCESS |  
2019-08-27 21:54:55,802 | INFO  | SCMAudit | user=jenkins1000 | ip=192.168.69.113 | op=SEND_HEARTBEAT {datanodeUUID=676885e1-3491-47d8-84ec-d928b9cef1c5, command=[]} | ret=SUCCESS |  
2019-08-27 21:54:56,161 | INFO  | SCMAudit | user=jenkins1000 | ip=192.168.69.113 | op=SEND_HEARTBEAT {datanodeUUID=6da4aad8-a4f6-4be0-a3fe-0ce626d82d81, command=[]} | ret=SUCCESS |  
2019-08-27 21:54:56,271 | INFO  | SCMAudit | user=jenkins1000 | ip=192.168.69.113 | op=SEND_HEARTBEAT {datanodeUUID=d16fede7-9c95-4edf-9c33-745cfaca74f6, command=[]} | ret=SUCCESS |  
2019-08-27 21:54:56,289 | INFO  | SCMAudit | user=jenkins1000 | ip=192.168.69.113 | op=SEND_HEARTBEAT {datanodeUUID=7ad9a523-ea61-4de8-b564-9ed7c6de1fd1, command=[]} | ret=SUCCESS |  
2019-08-27 21:54:56,291 | INFO  | SCMAudit | user=jenkins1000 | ip=192.168.69.113 | op=SEND_HEARTBEAT {datanodeUUID=ff101aed-a6b7-4de5-96bc-8545c1bca62b, command=[]} | ret=SUCCESS |  
2019-08-27 21:54:56,403 | INFO  | SCMAudit | user=jenkins1000 | ip=192.168.69.113 | op=SEND_HEARTBEAT {datanodeUUID=6fbb6c8f-68ec-4eec-acdd-5276ddf30de1, command=[]} | ret=SUCCESS |  
2019-08-27 21:54:56,603 | INFO  | SCMAudit | user=jenkins1000 | ip=192.168.69.113 | op=SEND_HEARTBEAT {datanodeUUID=803e2962-4b43-470b-a1eb-8fa95db682ee, command=[]} | ret=SUCCESS |  
2019-08-27 21:54:56,803 | INFO  | SCMAudit | user=jenkins1000 | ip=192.168.69.113 | op=SEND_HEARTBEAT {datanodeUUID=676885e1-3491-47d8-84ec-d928b9cef1c5, command=[]} | ret=SUCCESS |  
2019-08-27 21:54:57,162 | INFO  | SCMAudit | user=jenkins1000 | ip=192.168.69.113 | op=SEND_HEARTBEAT {datanodeUUID=6da4aad8-a4f6-4be0-a3fe-0ce626d82d81, command=[]} | ret=SUCCESS |  
2019-08-27 21:54:57,271 | INFO  | SCMAudit | user=jenkins1000 | ip=192.168.69.113 | op=SEND_HEARTBEAT {datanodeUUID=d16fede7-9c95-4edf-9c33-745cfaca74f6, command=[]} | ret=SUCCESS |  
2019-08-27 21:54:57,289 | INFO  | SCMAudit | user=jenkins1000 | ip=192.168.69.113 | op=SEND_HEARTBEAT {datanodeUUID=7ad9a523-ea61-4de8-b564-9ed7c6de1fd1, command=[]} | ret=SUCCESS |  
2019-08-27 21:54:57,291 | INFO  | SCMAudit | user=jenkins1000 | ip=192.168.69.113 | op=SEND_HEARTBEAT {datanodeUUID=ff101aed-a6b7-4de5-96bc-8545c1bca62b, command=[]} | ret=SUCCESS |  
2019-08-27 21:54:57,405 | INFO  | SCMAudit | user=jenkins1000 | ip=192.168.69.113 | op=SEND_HEARTBEAT {datanodeUUID=6fbb6c8f-68ec-4eec-acdd-5276ddf30de1, command=[]} | ret=SUCCESS |  
2019-08-27 21:54:57,604 | INFO  | SCMAudit | user=jenkins1000 | ip=192.168.69.113 | op=SEND_HEARTBEAT {datanodeUUID=803e2962-4b43-470b-a1eb-8fa95db682ee, command=[]} | ret=SUCCESS |  
2019-08-27 21:54:57,802 | INFO  | SCMAudit | user=jenkins1000 | ip=192.168.69.113 | op=SEND_HEARTBEAT {datanodeUUID=676885e1-3491-47d8-84ec-d928b9cef1c5, command=[]} | ret=SUCCESS |  
2019-08-27 21:54:58,161 | INFO  | SCMAudit | user=jenkins1000 | ip=192.168.69.113 | op=SEND_HEARTBEAT {datanodeUUID=6da4aad8-a4f6-4be0-a3fe-0ce626d82d81, command=[]} | ret=SUCCESS |  
2019-08-27 21:54:58,271 | INFO  | SCMAudit | user=jenkins1000 | ip=192.168.69.113 | op=SEND_HEARTBEAT {datanodeUUID=d16fede7-9c95-4edf-9c33-745cfaca74f6, command=[]} | ret=SUCCESS |  
2019-08-27 21:54:58,290 | INFO  | SCMAudit | user=jenkins1000 | ip=192.168.69.113 | op=SEND_HEARTBEAT {datanodeUUID=7ad9a523-ea61-4de8-b564-9ed7c6de1fd1, command=[]} | ret=SUCCESS |  
2019-08-27 21:54:58,291 | INFO  | SCMAudit | user=jenkins1000 | ip=192.168.69.113 | op=SEND_HEARTBEAT {datanodeUUID=ff101aed-a6b7-4de5-96bc-8545c1bca62b, command=[]} | ret=SUCCESS |  
2019-08-27 21:54:58,403 | INFO  | SCMAudit | user=jenkins1000 | ip=192.168.69.113 | op=SEND_HEARTBEAT {datanodeUUID=6fbb6c8f-68ec-4eec-acdd-5276ddf30de1, command=[]} | ret=SUCCESS |  
2019-08-27 21:54:58,603 | INFO  | SCMAudit | user=jenkins1000 | ip=192.168.69.113 | op=SEND_HEARTBEAT {datanodeUUID=803e2962-4b43-470b-a1eb-8fa95db682ee, command=[]} | ret=SUCCESS |  
2019-08-27 21:54:58,802 | INFO  | SCMAudit | user=jenkins1000 | ip=192.168.69.113 | op=SEND_HEARTBEAT {datanodeUUID=676885e1-3491-47d8-84ec-d928b9cef1c5, command=[]} | ret=SUCCESS |  
2019-08-27 21:54:59,162 | INFO  | SCMAudit | user=jenkins1000 | ip=192.168.69.113 | op=SEND_HEARTBEAT {datanodeUUID=6da4aad8-a4f6-4be0-a3fe-0ce626d82d81, command=[]} | ret=SUCCESS |  
2019-08-27 21:54:59,271 | INFO  | SCMAudit | user=jenkins1000 | ip=192.168.69.113 | op=SEND_HEARTBEAT {datanodeUUID=d16fede7-9c95-4edf-9c33-745cfaca74f6, command=[]} | ret=SUCCESS |  
2019-08-27 21:54:59,289 | INFO  | SCMAudit | user=jenkins1000 | ip=192.168.69.113 | op=SEND_HEARTBEAT {datanodeUUID=7ad9a523-ea61-4de8-b564-9ed7c6de1fd1, command=[]} | ret=SUCCESS |  
2019-08-27 21:54:59,291 | INFO  | SCMAudit | user=jenkins1000 | ip=192.168.69.113 | op=SEND_HEARTBEAT {datanodeUUID=ff101aed-a6b7-4de5-96bc-8545c1bca62b, command=[]} | ret=SUCCESS |  
2019-08-27 21:54:59,403 | INFO  | SCMAudit | user=jenkins1000 | ip=192.168.69.113 | op=SEND_HEARTBEAT {datanodeUUID=6fbb6c8f-68ec-4eec-acdd-5276ddf30de1, command=[]} | ret=SUCCESS |  
2019-08-27 21:54:59,604 | INFO  | SCMAudit | user=jenkins1000 | ip=192.168.69.113 | op=SEND_HEARTBEAT {datanodeUUID=803e2962-4b43-470b-a1eb-8fa95db682ee, command=[]} | ret=SUCCESS |  
2019-08-27 21:54:59,733 [grpc-default-executor-6] INFO  client.GrpcClientProtocolClient (GrpcClientProtocolClient.java:onNext(255)) - client-9C14CD88FCAE->ff101aed-a6b7-4de5-96bc-8545c1bca62b: receive RaftClientReply:client-9C14CD88FCAE->ff101aed-a6b7-4de5-96bc-8545c1bca62b@group-92F312A34A51, cid=45, FAILED org.apache.ratis.protocol.NotLeaderException: Server ff101aed-a6b7-4de5-96bc-8545c1bca62b is not the leader (d16fede7-9c95-4edf-9c33-745cfaca74f6:192.168.69.113:38146). Request must be sent to leader., logIndex=0, commits[ff101aed-a6b7-4de5-96bc-8545c1bca62b:c8, d16fede7-9c95-4edf-9c33-745cfaca74f6:c8, 7ad9a523-ea61-4de8-b564-9ed7c6de1fd1:c8]
2019-08-27 21:54:59,803 | INFO  | SCMAudit | user=jenkins1000 | ip=192.168.69.113 | op=SEND_HEARTBEAT {datanodeUUID=676885e1-3491-47d8-84ec-d928b9cef1c5, command=[]} | ret=SUCCESS |  
2019-08-27 21:55:00,161 | INFO  | SCMAudit | user=jenkins1000 | ip=192.168.69.113 | op=SEND_HEARTBEAT {datanodeUUID=6da4aad8-a4f6-4be0-a3fe-0ce626d82d81, command=[]} | ret=SUCCESS |  
2019-08-27 21:55:00,271 | INFO  | SCMAudit | user=jenkins1000 | ip=192.168.69.113 | op=SEND_HEARTBEAT {datanodeUUID=d16fede7-9c95-4edf-9c33-745cfaca74f6, command=[]} | ret=SUCCESS |  
2019-08-27 21:55:00,289 | INFO  | SCMAudit | user=jenkins1000 | ip=192.168.69.113 | op=SEND_HEARTBEAT {datanodeUUID=7ad9a523-ea61-4de8-b564-9ed7c6de1fd1, command=[]} | ret=SUCCESS |  
2019-08-27 21:55:00,291 | INFO  | SCMAudit | user=jenkins1000 | ip=192.168.69.113 | op=SEND_HEARTBEAT {datanodeUUID=ff101aed-a6b7-4de5-96bc-8545c1bca62b, command=[]} | ret=SUCCESS |  
2019-08-27 21:55:00,404 | INFO  | SCMAudit | user=jenkins1000 | ip=192.168.69.113 | op=SEND_HEARTBEAT {datanodeUUID=6fbb6c8f-68ec-4eec-acdd-5276ddf30de1, command=[]} | ret=SUCCESS |  
2019-08-27 21:55:00,603 | INFO  | SCMAudit | user=jenkins1000 | ip=192.168.69.113 | op=SEND_HEARTBEAT {datanodeUUID=803e2962-4b43-470b-a1eb-8fa95db682ee, command=[]} | ret=SUCCESS |  
2019-08-27 21:55:00,803 | INFO  | SCMAudit | user=jenkins1000 | ip=192.168.69.113 | op=SEND_HEARTBEAT {datanodeUUID=676885e1-3491-47d8-84ec-d928b9cef1c5, command=[]} | ret=SUCCESS |  
2019-08-27 21:55:01,161 | INFO  | SCMAudit | user=jenkins1000 | ip=192.168.69.113 | op=SEND_HEARTBEAT {datanodeUUID=6da4aad8-a4f6-4be0-a3fe-0ce626d82d81, command=[]} | ret=SUCCESS |  
2019-08-27 21:55:01,271 | INFO  | SCMAudit | user=jenkins1000 | ip=192.168.69.113 | op=SEND_HEARTBEAT {datanodeUUID=d16fede7-9c95-4edf-9c33-745cfaca74f6, command=[]} | ret=SUCCESS |  
2019-08-27 21:55:01,289 | INFO  | SCMAudit | user=jenkins1000 | ip=192.168.69.113 | op=SEND_HEARTBEAT {datanodeUUID=7ad9a523-ea61-4de8-b564-9ed7c6de1fd1, command=[]} | ret=SUCCESS |  
2019-08-27 21:55:01,291 | INFO  | SCMAudit | user=jenkins1000 | ip=192.168.69.113 | op=SEND_HEARTBEAT {datanodeUUID=ff101aed-a6b7-4de5-96bc-8545c1bca62b, command=[]} | ret=SUCCESS |  
2019-08-27 21:55:01,404 | INFO  | SCMAudit | user=jenkins1000 | ip=192.168.69.113 | op=SEND_HEARTBEAT {datanodeUUID=6fbb6c8f-68ec-4eec-acdd-5276ddf30de1, command=[]} | ret=SUCCESS |  
2019-08-27 21:55:01,603 | INFO  | SCMAudit | user=jenkins1000 | ip=192.168.69.113 | op=SEND_HEARTBEAT {datanodeUUID=803e2962-4b43-470b-a1eb-8fa95db682ee, command=[]} | ret=SUCCESS |  
2019-08-27 21:55:01,803 | INFO  | SCMAudit | user=jenkins1000 | ip=192.168.69.113 | op=SEND_HEARTBEAT {datanodeUUID=676885e1-3491-47d8-84ec-d928b9cef1c5, command=[]} | ret=SUCCESS |  
2019-08-27 21:55:02,162 | INFO  | SCMAudit | user=jenkins1000 | ip=192.168.69.113 | op=SEND_HEARTBEAT {datanodeUUID=6da4aad8-a4f6-4be0-a3fe-0ce626d82d81, command=[]} | ret=SUCCESS |  
2019-08-27 21:55:02,272 | INFO  | SCMAudit | user=jenkins1000 | ip=192.168.69.113 | op=SEND_HEARTBEAT {datanodeUUID=d16fede7-9c95-4edf-9c33-745cfaca74f6, command=[]} | ret=SUCCESS |  
2019-08-27 21:55:02,289 | INFO  | SCMAudit | user=jenkins1000 | ip=192.168.69.113 | op=SEND_HEARTBEAT {datanodeUUID=7ad9a523-ea61-4de8-b564-9ed7c6de1fd1, command=[]} | ret=SUCCESS |  
2019-08-27 21:55:02,292 | INFO  | SCMAudit | user=jenkins1000 | ip=192.168.69.113 | op=SEND_HEARTBEAT {datanodeUUID=ff101aed-a6b7-4de5-96bc-8545c1bca62b, command=[]} | ret=SUCCESS |  
2019-08-27 21:55:02,404 | INFO  | SCMAudit | user=jenkins1000 | ip=192.168.69.113 | op=SEND_HEARTBEAT {datanodeUUID=6fbb6c8f-68ec-4eec-acdd-5276ddf30de1, command=[]} | ret=SUCCESS |  
2019-08-27 21:55:02,604 | INFO  | SCMAudit | user=jenkins1000 | ip=192.168.69.113 | op=SEND_HEARTBEAT {datanodeUUID=803e2962-4b43-470b-a1eb-8fa95db682ee, command=[]} | ret=SUCCESS |  
2019-08-27 21:55:02,804 | INFO  | SCMAudit | user=jenkins1000 | ip=192.168.69.113 | op=SEND_HEARTBEAT {datanodeUUID=676885e1-3491-47d8-84ec-d928b9cef1c5, command=[]} | ret=SUCCESS |  
2019-08-27 21:55:03,161 | INFO  | SCMAudit | user=jenkins1000 | ip=192.168.69.113 | op=SEND_HEARTBEAT {datanodeUUID=6da4aad8-a4f6-4be0-a3fe-0ce626d82d81, command=[]} | ret=SUCCESS |  
2019-08-27 21:55:03,272 | INFO  | SCMAudit | user=jenkins1000 | ip=192.168.69.113 | op=SEND_HEARTBEAT {datanodeUUID=d16fede7-9c95-4edf-9c33-745cfaca74f6, command=[]} | ret=SUCCESS |  
2019-08-27 21:55:03,289 | INFO  | SCMAudit | user=jenkins1000 | ip=192.168.69.113 | op=SEND_HEARTBEAT {datanodeUUID=7ad9a523-ea61-4de8-b564-9ed7c6de1fd1, command=[]} | ret=SUCCESS |  
2019-08-27 21:55:03,297 | INFO  | SCMAudit | user=jenkins1000 | ip=192.168.69.113 | op=SEND_HEARTBEAT {datanodeUUID=ff101aed-a6b7-4de5-96bc-8545c1bca62b, command=[]} | ret=SUCCESS |  
2019-08-27 21:55:03,407 | INFO  | SCMAudit | user=jenkins1000 | ip=192.168.69.113 | op=SEND_HEARTBEAT {datanodeUUID=6fbb6c8f-68ec-4eec-acdd-5276ddf30de1, command=[]} | ret=SUCCESS |  
2019-08-27 21:55:03,603 | INFO  | SCMAudit | user=jenkins1000 | ip=192.168.69.113 | op=SEND_HEARTBEAT {datanodeUUID=803e2962-4b43-470b-a1eb-8fa95db682ee, command=[]} | ret=SUCCESS |  
2019-08-27 21:55:03,803 | INFO  | SCMAudit | user=jenkins1000 | ip=192.168.69.113 | op=SEND_HEARTBEAT {datanodeUUID=676885e1-3491-47d8-84ec-d928b9cef1c5, command=[]} | ret=SUCCESS |  
2019-08-27 21:55:04,161 | INFO  | SCMAudit | user=jenkins1000 | ip=192.168.69.113 | op=SEND_HEARTBEAT {datanodeUUID=6da4aad8-a4f6-4be0-a3fe-0ce626d82d81, command=[]} | ret=SUCCESS |  
2019-08-27 21:55:04,273 | INFO  | SCMAudit | user=jenkins1000 | ip=192.168.69.113 | op=SEND_HEARTBEAT {datanodeUUID=d16fede7-9c95-4edf-9c33-745cfaca74f6, command=[]} | ret=SUCCESS |  
2019-08-27 21:55:04,289 | INFO  | SCMAudit | user=jenkins1000 | ip=192.168.69.113 | op=SEND_HEARTBEAT {datanodeUUID=7ad9a523-ea61-4de8-b564-9ed7c6de1fd1, command=[]} | ret=SUCCESS |  
2019-08-27 21:55:04,293 | INFO  | SCMAudit | user=jenkins1000 | ip=192.168.69.113 | op=SEND_HEARTBEAT {datanodeUUID=ff101aed-a6b7-4de5-96bc-8545c1bca62b, command=[]} | ret=SUCCESS |  
2019-08-27 21:55:04,404 | INFO  | SCMAudit | user=jenkins1000 | ip=192.168.69.113 | op=SEND_HEARTBEAT {datanodeUUID=6fbb6c8f-68ec-4eec-acdd-5276ddf30de1, command=[]} | ret=SUCCESS |  
2019-08-27 21:55:04,603 | INFO  | SCMAudit | user=jenkins1000 | ip=192.168.69.113 | op=SEND_HEARTBEAT {datanodeUUID=803e2962-4b43-470b-a1eb-8fa95db682ee, command=[]} | ret=SUCCESS |  
2019-08-27 21:55:04,786 [grpc-default-executor-6] INFO  client.GrpcClientProtocolClient (GrpcClientProtocolClient.java:onNext(255)) - client-9C14CD88FCAE->7ad9a523-ea61-4de8-b564-9ed7c6de1fd1: receive RaftClientReply:client-9C14CD88FCAE->7ad9a523-ea61-4de8-b564-9ed7c6de1fd1@group-92F312A34A51, cid=45, FAILED org.apache.ratis.protocol.NotLeaderException: Server 7ad9a523-ea61-4de8-b564-9ed7c6de1fd1 is not the leader (d16fede7-9c95-4edf-9c33-745cfaca74f6:192.168.69.113:38146). Request must be sent to leader., logIndex=0, commits[7ad9a523-ea61-4de8-b564-9ed7c6de1fd1:c8, d16fede7-9c95-4edf-9c33-745cfaca74f6:c8, ff101aed-a6b7-4de5-96bc-8545c1bca62b:c8]
2019-08-27 21:55:04,803 | INFO  | SCMAudit | user=jenkins1000 | ip=192.168.69.113 | op=SEND_HEARTBEAT {datanodeUUID=676885e1-3491-47d8-84ec-d928b9cef1c5, command=[]} | ret=SUCCESS |  
2019-08-27 21:55:05,162 | INFO  | SCMAudit | user=jenkins1000 | ip=192.168.69.113 | op=SEND_HEARTBEAT {datanodeUUID=6da4aad8-a4f6-4be0-a3fe-0ce626d82d81, command=[]} | ret=SUCCESS |  
2019-08-27 21:55:05,272 | INFO  | SCMAudit | user=jenkins1000 | ip=192.168.69.113 | op=SEND_HEARTBEAT {datanodeUUID=d16fede7-9c95-4edf-9c33-745cfaca74f6, command=[]} | ret=SUCCESS |  
2019-08-27 21:55:05,290 | INFO  | SCMAudit | user=jenkins1000 | ip=192.168.69.113 | op=SEND_HEARTBEAT {datanodeUUID=7ad9a523-ea61-4de8-b564-9ed7c6de1fd1, command=[]} | ret=SUCCESS |  
2019-08-27 21:55:05,294 | INFO  | SCMAudit | user=jenkins1000 | ip=192.168.69.113 | op=SEND_HEARTBEAT {datanodeUUID=ff101aed-a6b7-4de5-96bc-8545c1bca62b, command=[]} | ret=SUCCESS |  
2019-08-27 21:55:05,404 | INFO  | SCMAudit | user=jenkins1000 | ip=192.168.69.113 | op=SEND_HEARTBEAT {datanodeUUID=6fbb6c8f-68ec-4eec-acdd-5276ddf30de1, command=[]} | ret=SUCCESS |  
2019-08-27 21:55:05,603 | INFO  | SCMAudit | user=jenkins1000 | ip=192.168.69.113 | op=SEND_HEARTBEAT {datanodeUUID=803e2962-4b43-470b-a1eb-8fa95db682ee, command=[]} | ret=SUCCESS |  
2019-08-27 21:55:05,804 | INFO  | SCMAudit | user=jenkins1000 | ip=192.168.69.113 | op=SEND_HEARTBEAT {datanodeUUID=676885e1-3491-47d8-84ec-d928b9cef1c5, command=[]} | ret=SUCCESS |  
2019-08-27 21:55:06,161 | INFO  | SCMAudit | user=jenkins1000 | ip=192.168.69.113 | op=SEND_HEARTBEAT {datanodeUUID=6da4aad8-a4f6-4be0-a3fe-0ce626d82d81, command=[]} | ret=SUCCESS |  
2019-08-27 21:55:06,272 | INFO  | SCMAudit | user=jenkins1000 | ip=192.168.69.113 | op=SEND_HEARTBEAT {datanodeUUID=d16fede7-9c95-4edf-9c33-745cfaca74f6, command=[]} | ret=SUCCESS |  
2019-08-27 21:55:06,291 | INFO  | SCMAudit | user=jenkins1000 | ip=192.168.69.113 | op=SEND_HEARTBEAT {datanodeUUID=7ad9a523-ea61-4de8-b564-9ed7c6de1fd1, command=[]} | ret=SUCCESS |  
2019-08-27 21:55:06,294 | INFO  | SCMAudit | user=jenkins1000 | ip=192.168.69.113 | op=SEND_HEARTBEAT {datanodeUUID=ff101aed-a6b7-4de5-96bc-8545c1bca62b, command=[]} | ret=SUCCESS |  
2019-08-27 21:55:06,405 | INFO  | SCMAudit | user=jenkins1000 | ip=192.168.69.113 | op=SEND_HEARTBEAT {datanodeUUID=6fbb6c8f-68ec-4eec-acdd-5276ddf30de1, command=[]} | ret=SUCCESS |  
2019-08-27 21:55:06,604 | INFO  | SCMAudit | user=jenkins1000 | ip=192.168.69.113 | op=SEND_HEARTBEAT {datanodeUUID=803e2962-4b43-470b-a1eb-8fa95db682ee, command=[]} | ret=SUCCESS |  
2019-08-27 21:55:06,805 | INFO  | SCMAudit | user=jenkins1000 | ip=192.168.69.113 | op=SEND_HEARTBEAT {datanodeUUID=676885e1-3491-47d8-84ec-d928b9cef1c5, command=[]} | ret=SUCCESS |  
2019-08-27 21:55:07,161 | INFO  | SCMAudit | user=jenkins1000 | ip=192.168.69.113 | op=SEND_HEARTBEAT {datanodeUUID=6da4aad8-a4f6-4be0-a3fe-0ce626d82d81, command=[]} | ret=SUCCESS |  
2019-08-27 21:55:07,273 | INFO  | SCMAudit | user=jenkins1000 | ip=192.168.69.113 | op=SEND_HEARTBEAT {datanodeUUID=d16fede7-9c95-4edf-9c33-745cfaca74f6, command=[]} | ret=SUCCESS |  
2019-08-27 21:55:07,293 | INFO  | SCMAudit | user=jenkins1000 | ip=192.168.69.113 | op=SEND_HEARTBEAT {datanodeUUID=7ad9a523-ea61-4de8-b564-9ed7c6de1fd1, command=[]} | ret=SUCCESS |  
2019-08-27 21:55:07,295 | INFO  | SCMAudit | user=jenkins1000 | ip=192.168.69.113 | op=SEND_HEARTBEAT {datanodeUUID=ff101aed-a6b7-4de5-96bc-8545c1bca62b, command=[]} | ret=SUCCESS |  
2019-08-27 21:55:07,405 | INFO  | SCMAudit | user=jenkins1000 | ip=192.168.69.113 | op=SEND_HEARTBEAT {datanodeUUID=6fbb6c8f-68ec-4eec-acdd-5276ddf30de1, command=[]} | ret=SUCCESS |  
2019-08-27 21:55:07,603 | INFO  | SCMAudit | user=jenkins1000 | ip=192.168.69.113 | op=SEND_HEARTBEAT {datanodeUUID=803e2962-4b43-470b-a1eb-8fa95db682ee, command=[]} | ret=SUCCESS |  
2019-08-27 21:55:07,806 | INFO  | SCMAudit | user=jenkins1000 | ip=192.168.69.113 | op=SEND_HEARTBEAT {datanodeUUID=676885e1-3491-47d8-84ec-d928b9cef1c5, command=[]} | ret=SUCCESS |  
2019-08-27 21:55:08,162 | INFO  | SCMAudit | user=jenkins1000 | ip=192.168.69.113 | op=SEND_HEARTBEAT {datanodeUUID=6da4aad8-a4f6-4be0-a3fe-0ce626d82d81, command=[]} | ret=SUCCESS |  
2019-08-27 21:55:08,273 | INFO  | SCMAudit | user=jenkins1000 | ip=192.168.69.113 | op=SEND_HEARTBEAT {datanodeUUID=d16fede7-9c95-4edf-9c33-745cfaca74f6, command=[]} | ret=SUCCESS |  
2019-08-27 21:55:08,293 | INFO  | SCMAudit | user=jenkins1000 | ip=192.168.69.113 | op=SEND_HEARTBEAT {datanodeUUID=7ad9a523-ea61-4de8-b564-9ed7c6de1fd1, command=[]} | ret=SUCCESS |  
2019-08-27 21:55:08,295 | INFO  | SCMAudit | user=jenkins1000 | ip=192.168.69.113 | op=SEND_HEARTBEAT {datanodeUUID=ff101aed-a6b7-4de5-96bc-8545c1bca62b, command=[]} | ret=SUCCESS |  
2019-08-27 21:55:08,406 | INFO  | SCMAudit | user=jenkins1000 | ip=192.168.69.113 | op=SEND_HEARTBEAT {datanodeUUID=6fbb6c8f-68ec-4eec-acdd-5276ddf30de1, command=[]} | ret=SUCCESS |  
2019-08-27 21:55:08,604 | INFO  | SCMAudit | user=jenkins1000 | ip=192.168.69.113 | op=SEND_HEARTBEAT {datanodeUUID=803e2962-4b43-470b-a1eb-8fa95db682ee, command=[]} | ret=SUCCESS |  
2019-08-27 21:55:08,806 | INFO  | SCMAudit | user=jenkins1000 | ip=192.168.69.113 | op=SEND_HEARTBEAT {datanodeUUID=676885e1-3491-47d8-84ec-d928b9cef1c5, command=[]} | ret=SUCCESS |  
2019-08-27 21:55:09,162 | INFO  | SCMAudit | user=jenkins1000 | ip=192.168.69.113 | op=SEND_HEARTBEAT {datanodeUUID=6da4aad8-a4f6-4be0-a3fe-0ce626d82d81, command=[]} | ret=SUCCESS |  
2019-08-27 21:55:09,274 | INFO  | SCMAudit | user=jenkins1000 | ip=192.168.69.113 | op=SEND_HEARTBEAT {datanodeUUID=d16fede7-9c95-4edf-9c33-745cfaca74f6, command=[]} | ret=SUCCESS |  
2019-08-27 21:55:09,293 | INFO  | SCMAudit | user=jenkins1000 | ip=192.168.69.113 | op=SEND_HEARTBEAT {datanodeUUID=7ad9a523-ea61-4de8-b564-9ed7c6de1fd1, command=[]} | ret=SUCCESS |  
2019-08-27 21:55:09,295 | INFO  | SCMAudit | user=jenkins1000 | ip=192.168.69.113 | op=SEND_HEARTBEAT {datanodeUUID=ff101aed-a6b7-4de5-96bc-8545c1bca62b, command=[]} | ret=SUCCESS |  
2019-08-27 21:55:09,406 | INFO  | SCMAudit | user=jenkins1000 | ip=192.168.69.113 | op=SEND_HEARTBEAT {datanodeUUID=6fbb6c8f-68ec-4eec-acdd-5276ddf30de1, command=[]} | ret=SUCCESS |  
2019-08-27 21:55:09,603 | INFO  | SCMAudit | user=jenkins1000 | ip=192.168.69.113 | op=SEND_HEARTBEAT {datanodeUUID=803e2962-4b43-470b-a1eb-8fa95db682ee, command=[]} | ret=SUCCESS |  
2019-08-27 21:55:09,806 | INFO  | SCMAudit | user=jenkins1000 | ip=192.168.69.113 | op=SEND_HEARTBEAT {datanodeUUID=676885e1-3491-47d8-84ec-d928b9cef1c5, command=[]} | ret=SUCCESS |  
2019-08-27 21:55:09,825 [grpc-default-executor-5] INFO  client.GrpcClientProtocolClient (GrpcClientProtocolClient.java:onNext(255)) - client-9C14CD88FCAE->ff101aed-a6b7-4de5-96bc-8545c1bca62b: receive RaftClientReply:client-9C14CD88FCAE->ff101aed-a6b7-4de5-96bc-8545c1bca62b@group-92F312A34A51, cid=45, FAILED org.apache.ratis.protocol.NotLeaderException: Server ff101aed-a6b7-4de5-96bc-8545c1bca62b is not the leader (d16fede7-9c95-4edf-9c33-745cfaca74f6:192.168.69.113:38146). Request must be sent to leader., logIndex=0, commits[ff101aed-a6b7-4de5-96bc-8545c1bca62b:c8, d16fede7-9c95-4edf-9c33-745cfaca74f6:c8, 7ad9a523-ea61-4de8-b564-9ed7c6de1fd1:c8]
2019-08-27 21:55:10,162 | INFO  | SCMAudit | user=jenkins1000 | ip=192.168.69.113 | op=SEND_HEARTBEAT {datanodeUUID=6da4aad8-a4f6-4be0-a3fe-0ce626d82d81, command=[]} | ret=SUCCESS |  
2019-08-27 21:55:10,273 | INFO  | SCMAudit | user=jenkins1000 | ip=192.168.69.113 | op=SEND_HEARTBEAT {datanodeUUID=d16fede7-9c95-4edf-9c33-745cfaca74f6, command=[]} | ret=SUCCESS |  
2019-08-27 21:55:10,293 | INFO  | SCMAudit | user=jenkins1000 | ip=192.168.69.113 | op=SEND_HEARTBEAT {datanodeUUID=7ad9a523-ea61-4de8-b564-9ed7c6de1fd1, command=[]} | ret=SUCCESS |  
2019-08-27 21:55:10,295 | INFO  | SCMAudit | user=jenkins1000 | ip=192.168.69.113 | op=SEND_HEARTBEAT {datanodeUUID=ff101aed-a6b7-4de5-96bc-8545c1bca62b, command=[]} | ret=SUCCESS |  
2019-08-27 21:55:10,407 | INFO  | SCMAudit | user=jenkins1000 | ip=192.168.69.113 | op=SEND_HEARTBEAT {datanodeUUID=6fbb6c8f-68ec-4eec-acdd-5276ddf30de1, command=[]} | ret=SUCCESS |  
2019-08-27 21:55:10,603 | INFO  | SCMAudit | user=jenkins1000 | ip=192.168.69.113 | op=SEND_HEARTBEAT {datanodeUUID=803e2962-4b43-470b-a1eb-8fa95db682ee, command=[]} | ret=SUCCESS |  
2019-08-27 21:55:10,807 | INFO  | SCMAudit | user=jenkins1000 | ip=192.168.69.113 | op=SEND_HEARTBEAT {datanodeUUID=676885e1-3491-47d8-84ec-d928b9cef1c5, command=[]} | ret=SUCCESS |  
2019-08-27 21:55:11,162 | INFO  | SCMAudit | user=jenkins1000 | ip=192.168.69.113 | op=SEND_HEARTBEAT {datanodeUUID=6da4aad8-a4f6-4be0-a3fe-0ce626d82d81, command=[]} | ret=SUCCESS |  
2019-08-27 21:55:11,273 | INFO  | SCMAudit | user=jenkins1000 | ip=192.168.69.113 | op=SEND_HEARTBEAT {datanodeUUID=d16fede7-9c95-4edf-9c33-745cfaca74f6, command=[]} | ret=SUCCESS |  
2019-08-27 21:55:11,293 | INFO  | SCMAudit | user=jenkins1000 | ip=192.168.69.113 | op=SEND_HEARTBEAT {datanodeUUID=7ad9a523-ea61-4de8-b564-9ed7c6de1fd1, command=[]} | ret=SUCCESS |  
2019-08-27 21:55:11,295 | INFO  | SCMAudit | user=jenkins1000 | ip=192.168.69.113 | op=SEND_HEARTBEAT {datanodeUUID=ff101aed-a6b7-4de5-96bc-8545c1bca62b, command=[]} | ret=SUCCESS |  
2019-08-27 21:55:11,407 | INFO  | SCMAudit | user=jenkins1000 | ip=192.168.69.113 | op=SEND_HEARTBEAT {datanodeUUID=6fbb6c8f-68ec-4eec-acdd-5276ddf30de1, command=[]} | ret=SUCCESS |  
2019-08-27 21:55:11,603 | INFO  | SCMAudit | user=jenkins1000 | ip=192.168.69.113 | op=SEND_HEARTBEAT {datanodeUUID=803e2962-4b43-470b-a1eb-8fa95db682ee, command=[]} | ret=SUCCESS |  
2019-08-27 21:55:11,806 | INFO  | SCMAudit | user=jenkins1000 | ip=192.168.69.113 | op=SEND_HEARTBEAT {datanodeUUID=676885e1-3491-47d8-84ec-d928b9cef1c5, command=[]} | ret=SUCCESS |  
2019-08-27 21:55:12,162 | INFO  | SCMAudit | user=jenkins1000 | ip=192.168.69.113 | op=SEND_HEARTBEAT {datanodeUUID=6da4aad8-a4f6-4be0-a3fe-0ce626d82d81, command=[]} | ret=SUCCESS |  
2019-08-27 21:55:12,273 | INFO  | SCMAudit | user=jenkins1000 | ip=192.168.69.113 | op=SEND_HEARTBEAT {datanodeUUID=d16fede7-9c95-4edf-9c33-745cfaca74f6, command=[]} | ret=SUCCESS |  
2019-08-27 21:55:12,294 | INFO  | SCMAudit | user=jenkins1000 | ip=192.168.69.113 | op=SEND_HEARTBEAT {datanodeUUID=7ad9a523-ea61-4de8-b564-9ed7c6de1fd1, command=[]} | ret=SUCCESS |  
2019-08-27 21:55:12,297 | INFO  | SCMAudit | user=jenkins1000 | ip=192.168.69.113 | op=SEND_HEARTBEAT {datanodeUUID=ff101aed-a6b7-4de5-96bc-8545c1bca62b, command=[]} | ret=SUCCESS |  
2019-08-27 21:55:12,407 | INFO  | SCMAudit | user=jenkins1000 | ip=192.168.69.113 | op=SEND_HEARTBEAT {datanodeUUID=6fbb6c8f-68ec-4eec-acdd-5276ddf30de1, command=[]} | ret=SUCCESS |  
2019-08-27 21:55:12,604 | INFO  | SCMAudit | user=jenkins1000 | ip=192.168.69.113 | op=SEND_HEARTBEAT {datanodeUUID=803e2962-4b43-470b-a1eb-8fa95db682ee, command=[]} | ret=SUCCESS |  
2019-08-27 21:55:12,806 | INFO  | SCMAudit | user=jenkins1000 | ip=192.168.69.113 | op=SEND_HEARTBEAT {datanodeUUID=676885e1-3491-47d8-84ec-d928b9cef1c5, command=[]} | ret=SUCCESS |  
2019-08-27 21:55:13,162 | INFO  | SCMAudit | user=jenkins1000 | ip=192.168.69.113 | op=SEND_HEARTBEAT {datanodeUUID=6da4aad8-a4f6-4be0-a3fe-0ce626d82d81, command=[]} | ret=SUCCESS |  
2019-08-27 21:55:13,274 | INFO  | SCMAudit | user=jenkins1000 | ip=192.168.69.113 | op=SEND_HEARTBEAT {datanodeUUID=d16fede7-9c95-4edf-9c33-745cfaca74f6, command=[]} | ret=SUCCESS |  
2019-08-27 21:55:13,293 | INFO  | SCMAudit | user=jenkins1000 | ip=192.168.69.113 | op=SEND_HEARTBEAT {datanodeUUID=7ad9a523-ea61-4de8-b564-9ed7c6de1fd1, command=[]} | ret=SUCCESS |  
2019-08-27 21:55:13,295 | INFO  | SCMAudit | user=jenkins1000 | ip=192.168.69.113 | op=SEND_HEARTBEAT {datanodeUUID=ff101aed-a6b7-4de5-96bc-8545c1bca62b, command=[]} | ret=SUCCESS |  
2019-08-27 21:55:13,408 | INFO  | SCMAudit | user=jenkins1000 | ip=192.168.69.113 | op=SEND_HEARTBEAT {datanodeUUID=6fbb6c8f-68ec-4eec-acdd-5276ddf30de1, command=[]} | ret=SUCCESS |  
2019-08-27 21:55:13,604 | INFO  | SCMAudit | user=jenkins1000 | ip=192.168.69.113 | op=SEND_HEARTBEAT {datanodeUUID=803e2962-4b43-470b-a1eb-8fa95db682ee, command=[]} | ret=SUCCESS |  
2019-08-27 21:55:13,806 | INFO  | SCMAudit | user=jenkins1000 | ip=192.168.69.113 | op=SEND_HEARTBEAT {datanodeUUID=676885e1-3491-47d8-84ec-d928b9cef1c5, command=[]} | ret=SUCCESS |  
2019-08-27 21:55:14,162 | INFO  | SCMAudit | user=jenkins1000 | ip=192.168.69.113 | op=SEND_HEARTBEAT {datanodeUUID=6da4aad8-a4f6-4be0-a3fe-0ce626d82d81, command=[]} | ret=SUCCESS |  
2019-08-27 21:55:14,273 | INFO  | SCMAudit | user=jenkins1000 | ip=192.168.69.113 | op=SEND_HEARTBEAT {datanodeUUID=d16fede7-9c95-4edf-9c33-745cfaca74f6, command=[]} | ret=SUCCESS |  
2019-08-27 21:55:14,293 | INFO  | SCMAudit | user=jenkins1000 | ip=192.168.69.113 | op=SEND_HEARTBEAT {datanodeUUID=7ad9a523-ea61-4de8-b564-9ed7c6de1fd1, command=[]} | ret=SUCCESS |  
2019-08-27 21:55:14,295 | INFO  | SCMAudit | user=jenkins1000 | ip=192.168.69.113 | op=SEND_HEARTBEAT {datanodeUUID=ff101aed-a6b7-4de5-96bc-8545c1bca62b, command=[]} | ret=SUCCESS |  
2019-08-27 21:55:14,408 | INFO  | SCMAudit | user=jenkins1000 | ip=192.168.69.113 | op=SEND_HEARTBEAT {datanodeUUID=6fbb6c8f-68ec-4eec-acdd-5276ddf30de1, command=[]} | ret=SUCCESS |  
2019-08-27 21:55:14,606 | INFO  | SCMAudit | user=jenkins1000 | ip=192.168.69.113 | op=SEND_HEARTBEAT {datanodeUUID=803e2962-4b43-470b-a1eb-8fa95db682ee, command=[]} | ret=SUCCESS |  
2019-08-27 21:55:14,807 | INFO  | SCMAudit | user=jenkins1000 | ip=192.168.69.113 | op=SEND_HEARTBEAT {datanodeUUID=676885e1-3491-47d8-84ec-d928b9cef1c5, command=[]} | ret=SUCCESS |  
2019-08-27 21:55:14,883 [grpc-default-executor-5] INFO  client.GrpcClientProtocolClient (GrpcClientProtocolClient.java:onNext(255)) - client-9C14CD88FCAE->7ad9a523-ea61-4de8-b564-9ed7c6de1fd1: receive RaftClientReply:client-9C14CD88FCAE->7ad9a523-ea61-4de8-b564-9ed7c6de1fd1@group-92F312A34A51, cid=45, FAILED org.apache.ratis.protocol.NotLeaderException: Server 7ad9a523-ea61-4de8-b564-9ed7c6de1fd1 is not the leader (d16fede7-9c95-4edf-9c33-745cfaca74f6:192.168.69.113:38146). Request must be sent to leader., logIndex=0, commits[7ad9a523-ea61-4de8-b564-9ed7c6de1fd1:c8, d16fede7-9c95-4edf-9c33-745cfaca74f6:c8, ff101aed-a6b7-4de5-96bc-8545c1bca62b:c8]
2019-08-27 21:55:15,162 | INFO  | SCMAudit | user=jenkins1000 | ip=192.168.69.113 | op=SEND_HEARTBEAT {datanodeUUID=6da4aad8-a4f6-4be0-a3fe-0ce626d82d81, command=[]} | ret=SUCCESS |  
2019-08-27 21:55:15,273 | INFO  | SCMAudit | user=jenkins1000 | ip=192.168.69.113 | op=SEND_HEARTBEAT {datanodeUUID=d16fede7-9c95-4edf-9c33-745cfaca74f6, command=[]} | ret=SUCCESS |  
2019-08-27 21:55:15,293 | INFO  | SCMAudit | user=jenkins1000 | ip=192.168.69.113 | op=SEND_HEARTBEAT {datanodeUUID=7ad9a523-ea61-4de8-b564-9ed7c6de1fd1, command=[]} | ret=SUCCESS |  
2019-08-27 21:55:15,295 | INFO  | SCMAudit | user=jenkins1000 | ip=192.168.69.113 | op=SEND_HEARTBEAT {datanodeUUID=ff101aed-a6b7-4de5-96bc-8545c1bca62b, command=[]} | ret=SUCCESS |  
2019-08-27 21:55:15,408 | INFO  | SCMAudit | user=jenkins1000 | ip=192.168.69.113 | op=SEND_HEARTBEAT {datanodeUUID=6fbb6c8f-68ec-4eec-acdd-5276ddf30de1, command=[]} | ret=SUCCESS |  
2019-08-27 21:55:15,605 | INFO  | SCMAudit | user=jenkins1000 | ip=192.168.69.113 | op=SEND_HEARTBEAT {datanodeUUID=803e2962-4b43-470b-a1eb-8fa95db682ee, command=[]} | ret=SUCCESS |  
2019-08-27 21:55:15,806 | INFO  | SCMAudit | user=jenkins1000 | ip=192.168.69.113 | op=SEND_HEARTBEAT {datanodeUUID=676885e1-3491-47d8-84ec-d928b9cef1c5, command=[]} | ret=SUCCESS |  
2019-08-27 21:55:16,162 | INFO  | SCMAudit | user=jenkins1000 | ip=192.168.69.113 | op=SEND_HEARTBEAT {datanodeUUID=6da4aad8-a4f6-4be0-a3fe-0ce626d82d81, command=[]} | ret=SUCCESS |  
2019-08-27 21:55:16,273 | INFO  | SCMAudit | user=jenkins1000 | ip=192.168.69.113 | op=SEND_HEARTBEAT {datanodeUUID=d16fede7-9c95-4edf-9c33-745cfaca74f6, command=[]} | ret=SUCCESS |  
2019-08-27 21:55:16,293 | INFO  | SCMAudit | user=jenkins1000 | ip=192.168.69.113 | op=SEND_HEARTBEAT {datanodeUUID=7ad9a523-ea61-4de8-b564-9ed7c6de1fd1, command=[]} | ret=SUCCESS |  
2019-08-27 21:55:16,295 | INFO  | SCMAudit | user=jenkins1000 | ip=192.168.69.113 | op=SEND_HEARTBEAT {datanodeUUID=ff101aed-a6b7-4de5-96bc-8545c1bca62b, command=[]} | ret=SUCCESS |  
2019-08-27 21:55:16,408 | INFO  | SCMAudit | user=jenkins1000 | ip=192.168.69.113 | op=SEND_HEARTBEAT {datanodeUUID=6fbb6c8f-68ec-4eec-acdd-5276ddf30de1, command=[]} | ret=SUCCESS |  
2019-08-27 21:55:16,605 | INFO  | SCMAudit | user=jenkins1000 | ip=192.168.69.113 | op=SEND_HEARTBEAT {datanodeUUID=803e2962-4b43-470b-a1eb-8fa95db682ee, command=[]} | ret=SUCCESS |  
2019-08-27 21:55:16,806 | INFO  | SCMAudit | user=jenkins1000 | ip=192.168.69.113 | op=SEND_HEARTBEAT {datanodeUUID=676885e1-3491-47d8-84ec-d928b9cef1c5, command=[]} | ret=SUCCESS |  
2019-08-27 21:55:17,162 | INFO  | SCMAudit | user=jenkins1000 | ip=192.168.69.113 | op=SEND_HEARTBEAT {datanodeUUID=6da4aad8-a4f6-4be0-a3fe-0ce626d82d81, command=[]} | ret=SUCCESS |  
2019-08-27 21:55:17,273 | INFO  | SCMAudit | user=jenkins1000 | ip=192.168.69.113 | op=SEND_HEARTBEAT {datanodeUUID=d16fede7-9c95-4edf-9c33-745cfaca74f6, command=[]} | ret=SUCCESS |  
2019-08-27 21:55:17,293 | INFO  | SCMAudit | user=jenkins1000 | ip=192.168.69.113 | op=SEND_HEARTBEAT {datanodeUUID=7ad9a523-ea61-4de8-b564-9ed7c6de1fd1, command=[]} | ret=SUCCESS |  
2019-08-27 21:55:17,295 | INFO  | SCMAudit | user=jenkins1000 | ip=192.168.69.113 | op=SEND_HEARTBEAT {datanodeUUID=ff101aed-a6b7-4de5-96bc-8545c1bca62b, command=[]} | ret=SUCCESS |  
2019-08-27 21:55:17,408 | INFO  | SCMAudit | user=jenkins1000 | ip=192.168.69.113 | op=SEND_HEARTBEAT {datanodeUUID=6fbb6c8f-68ec-4eec-acdd-5276ddf30de1, command=[]} | ret=SUCCESS |  
2019-08-27 21:55:17,606 | INFO  | SCMAudit | user=jenkins1000 | ip=192.168.69.113 | op=SEND_HEARTBEAT {datanodeUUID=803e2962-4b43-470b-a1eb-8fa95db682ee, command=[]} | ret=SUCCESS |  
2019-08-27 21:55:17,806 | INFO  | SCMAudit | user=jenkins1000 | ip=192.168.69.113 | op=SEND_HEARTBEAT {datanodeUUID=676885e1-3491-47d8-84ec-d928b9cef1c5, command=[]} | ret=SUCCESS |  
2019-08-27 21:55:18,162 | INFO  | SCMAudit | user=jenkins1000 | ip=192.168.69.113 | op=SEND_HEARTBEAT {datanodeUUID=6da4aad8-a4f6-4be0-a3fe-0ce626d82d81, command=[]} | ret=SUCCESS |  
2019-08-27 21:55:18,273 | INFO  | SCMAudit | user=jenkins1000 | ip=192.168.69.113 | op=SEND_HEARTBEAT {datanodeUUID=d16fede7-9c95-4edf-9c33-745cfaca74f6, command=[]} | ret=SUCCESS |  
2019-08-27 21:55:18,293 | INFO  | SCMAudit | user=jenkins1000 | ip=192.168.69.113 | op=SEND_HEARTBEAT {datanodeUUID=7ad9a523-ea61-4de8-b564-9ed7c6de1fd1, command=[]} | ret=SUCCESS |  
2019-08-27 21:55:18,295 | INFO  | SCMAudit | user=jenkins1000 | ip=192.168.69.113 | op=SEND_HEARTBEAT {datanodeUUID=ff101aed-a6b7-4de5-96bc-8545c1bca62b, command=[]} | ret=SUCCESS |  
2019-08-27 21:55:18,409 | INFO  | SCMAudit | user=jenkins1000 | ip=192.168.69.113 | op=SEND_HEARTBEAT {datanodeUUID=6fbb6c8f-68ec-4eec-acdd-5276ddf30de1, command=[]} | ret=SUCCESS |  
2019-08-27 21:55:18,605 | INFO  | SCMAudit | user=jenkins1000 | ip=192.168.69.113 | op=SEND_HEARTBEAT {datanodeUUID=803e2962-4b43-470b-a1eb-8fa95db682ee, command=[]} | ret=SUCCESS |  
2019-08-27 21:55:18,807 | INFO  | SCMAudit | user=jenkins1000 | ip=192.168.69.113 | op=SEND_HEARTBEAT {datanodeUUID=676885e1-3491-47d8-84ec-d928b9cef1c5, command=[]} | ret=SUCCESS |  
2019-08-27 21:55:19,162 | INFO  | SCMAudit | user=jenkins1000 | ip=192.168.69.113 | op=SEND_HEARTBEAT {datanodeUUID=6da4aad8-a4f6-4be0-a3fe-0ce626d82d81, command=[]} | ret=SUCCESS |  
2019-08-27 21:55:19,273 | INFO  | SCMAudit | user=jenkins1000 | ip=192.168.69.113 | op=SEND_HEARTBEAT {datanodeUUID=d16fede7-9c95-4edf-9c33-745cfaca74f6, command=[]} | ret=SUCCESS |  
2019-08-27 21:55:19,293 | INFO  | SCMAudit | user=jenkins1000 | ip=192.168.69.113 | op=SEND_HEARTBEAT {datanodeUUID=7ad9a523-ea61-4de8-b564-9ed7c6de1fd1, command=[]} | ret=SUCCESS |  
2019-08-27 21:55:19,295 | INFO  | SCMAudit | user=jenkins1000 | ip=192.168.69.113 | op=SEND_HEARTBEAT {datanodeUUID=ff101aed-a6b7-4de5-96bc-8545c1bca62b, command=[]} | ret=SUCCESS |  
2019-08-27 21:55:19,409 | INFO  | SCMAudit | user=jenkins1000 | ip=192.168.69.113 | op=SEND_HEARTBEAT {datanodeUUID=6fbb6c8f-68ec-4eec-acdd-5276ddf30de1, command=[]} | ret=SUCCESS |  
2019-08-27 21:55:19,605 | INFO  | SCMAudit | user=jenkins1000 | ip=192.168.69.113 | op=SEND_HEARTBEAT {datanodeUUID=803e2962-4b43-470b-a1eb-8fa95db682ee, command=[]} | ret=SUCCESS |  
2019-08-27 21:55:19,807 | INFO  | SCMAudit | user=jenkins1000 | ip=192.168.69.113 | op=SEND_HEARTBEAT {datanodeUUID=676885e1-3491-47d8-84ec-d928b9cef1c5, command=[]} | ret=SUCCESS |  
2019-08-27 21:55:19,913 [grpc-default-executor-5] INFO  client.GrpcClientProtocolClient (GrpcClientProtocolClient.java:onNext(255)) - client-9C14CD88FCAE->7ad9a523-ea61-4de8-b564-9ed7c6de1fd1: receive RaftClientReply:client-9C14CD88FCAE->7ad9a523-ea61-4de8-b564-9ed7c6de1fd1@group-92F312A34A51, cid=45, FAILED org.apache.ratis.protocol.NotLeaderException: Server 7ad9a523-ea61-4de8-b564-9ed7c6de1fd1 is not the leader (d16fede7-9c95-4edf-9c33-745cfaca74f6:192.168.69.113:38146). Request must be sent to leader., logIndex=0, commits[7ad9a523-ea61-4de8-b564-9ed7c6de1fd1:c8, d16fede7-9c95-4edf-9c33-745cfaca74f6:c8, ff101aed-a6b7-4de5-96bc-8545c1bca62b:c8]
2019-08-27 21:55:20,162 | INFO  | SCMAudit | user=jenkins1000 | ip=192.168.69.113 | op=SEND_HEARTBEAT {datanodeUUID=6da4aad8-a4f6-4be0-a3fe-0ce626d82d81, command=[]} | ret=SUCCESS |  
2019-08-27 21:55:20,273 | INFO  | SCMAudit | user=jenkins1000 | ip=192.168.69.113 | op=SEND_HEARTBEAT {datanodeUUID=d16fede7-9c95-4edf-9c33-745cfaca74f6, command=[]} | ret=SUCCESS |  
2019-08-27 21:55:20,293 | INFO  | SCMAudit | user=jenkins1000 | ip=192.168.69.113 | op=SEND_HEARTBEAT {datanodeUUID=7ad9a523-ea61-4de8-b564-9ed7c6de1fd1, command=[]} | ret=SUCCESS |  
2019-08-27 21:55:20,295 | INFO  | SCMAudit | user=jenkins1000 | ip=192.168.69.113 | op=SEND_HEARTBEAT {datanodeUUID=ff101aed-a6b7-4de5-96bc-8545c1bca62b, command=[]} | ret=SUCCESS |  
2019-08-27 21:55:20,409 | INFO  | SCMAudit | user=jenkins1000 | ip=192.168.69.113 | op=SEND_HEARTBEAT {datanodeUUID=6fbb6c8f-68ec-4eec-acdd-5276ddf30de1, command=[]} | ret=SUCCESS |  
2019-08-27 21:55:20,605 | INFO  | SCMAudit | user=jenkins1000 | ip=192.168.69.113 | op=SEND_HEARTBEAT {datanodeUUID=803e2962-4b43-470b-a1eb-8fa95db682ee, command=[]} | ret=SUCCESS |  
2019-08-27 21:55:20,807 | INFO  | SCMAudit | user=jenkins1000 | ip=192.168.69.113 | op=SEND_HEARTBEAT {datanodeUUID=676885e1-3491-47d8-84ec-d928b9cef1c5, command=[]} | ret=SUCCESS |  
2019-08-27 21:55:21,162 | INFO  | SCMAudit | user=jenkins1000 | ip=192.168.69.113 | op=SEND_HEARTBEAT {datanodeUUID=6da4aad8-a4f6-4be0-a3fe-0ce626d82d81, command=[]} | ret=SUCCESS |  
2019-08-27 21:55:21,274 | INFO  | SCMAudit | user=jenkins1000 | ip=192.168.69.113 | op=SEND_HEARTBEAT {datanodeUUID=d16fede7-9c95-4edf-9c33-745cfaca74f6, command=[]} | ret=SUCCESS |  
2019-08-27 21:55:21,293 | INFO  | SCMAudit | user=jenkins1000 | ip=192.168.69.113 | op=SEND_HEARTBEAT {datanodeUUID=7ad9a523-ea61-4de8-b564-9ed7c6de1fd1, command=[]} | ret=SUCCESS |  
2019-08-27 21:55:21,295 | INFO  | SCMAudit | user=jenkins1000 | ip=192.168.69.113 | op=SEND_HEARTBEAT {datanodeUUID=ff101aed-a6b7-4de5-96bc-8545c1bca62b, command=[]} | ret=SUCCESS |  
2019-08-27 21:55:21,409 | INFO  | SCMAudit | user=jenkins1000 | ip=192.168.69.113 | op=SEND_HEARTBEAT {datanodeUUID=6fbb6c8f-68ec-4eec-acdd-5276ddf30de1, command=[]} | ret=SUCCESS |  
2019-08-27 21:55:21,605 | INFO  | SCMAudit | user=jenkins1000 | ip=192.168.69.113 | op=SEND_HEARTBEAT {datanodeUUID=803e2962-4b43-470b-a1eb-8fa95db682ee, command=[]} | ret=SUCCESS |  
2019-08-27 21:55:21,807 | INFO  | SCMAudit | user=jenkins1000 | ip=192.168.69.113 | op=SEND_HEARTBEAT {datanodeUUID=676885e1-3491-47d8-84ec-d928b9cef1c5, command=[]} | ret=SUCCESS |  
2019-08-27 21:55:22,163 | INFO  | SCMAudit | user=jenkins1000 | ip=192.168.69.113 | op=SEND_HEARTBEAT {datanodeUUID=6da4aad8-a4f6-4be0-a3fe-0ce626d82d81, command=[]} | ret=SUCCESS |  
2019-08-27 21:55:22,274 | INFO  | SCMAudit | user=jenkins1000 | ip=192.168.69.113 | op=SEND_HEARTBEAT {datanodeUUID=d16fede7-9c95-4edf-9c33-745cfaca74f6, command=[]} | ret=SUCCESS |  
2019-08-27 21:55:22,293 | INFO  | SCMAudit | user=jenkins1000 | ip=192.168.69.113 | op=SEND_HEARTBEAT {datanodeUUID=7ad9a523-ea61-4de8-b564-9ed7c6de1fd1, command=[]} | ret=SUCCESS |  
2019-08-27 21:55:22,295 | INFO  | SCMAudit | user=jenkins1000 | ip=192.168.69.113 | op=SEND_HEARTBEAT {datanodeUUID=ff101aed-a6b7-4de5-96bc-8545c1bca62b, command=[]} | ret=SUCCESS |  
2019-08-27 21:55:22,410 | INFO  | SCMAudit | user=jenkins1000 | ip=192.168.69.113 | op=SEND_HEARTBEAT {datanodeUUID=6fbb6c8f-68ec-4eec-acdd-5276ddf30de1, command=[]} | ret=SUCCESS |  
2019-08-27 21:55:22,605 | INFO  | SCMAudit | user=jenkins1000 | ip=192.168.69.113 | op=SEND_HEARTBEAT {datanodeUUID=803e2962-4b43-470b-a1eb-8fa95db682ee, command=[]} | ret=SUCCESS |  
2019-08-27 21:55:22,807 | INFO  | SCMAudit | user=jenkins1000 | ip=192.168.69.113 | op=SEND_HEARTBEAT {datanodeUUID=676885e1-3491-47d8-84ec-d928b9cef1c5, command=[]} | ret=SUCCESS |  
2019-08-27 21:55:23,163 | INFO  | SCMAudit | user=jenkins1000 | ip=192.168.69.113 | op=SEND_HEARTBEAT {datanodeUUID=6da4aad8-a4f6-4be0-a3fe-0ce626d82d81, command=[]} | ret=SUCCESS |  
2019-08-27 21:55:23,274 | INFO  | SCMAudit | user=jenkins1000 | ip=192.168.69.113 | op=SEND_HEARTBEAT {datanodeUUID=d16fede7-9c95-4edf-9c33-745cfaca74f6, command=[]} | ret=SUCCESS |  
2019-08-27 21:55:23,293 | INFO  | SCMAudit | user=jenkins1000 | ip=192.168.69.113 | op=SEND_HEARTBEAT {datanodeUUID=7ad9a523-ea61-4de8-b564-9ed7c6de1fd1, command=[]} | ret=SUCCESS |  
2019-08-27 21:55:23,295 | INFO  | SCMAudit | user=jenkins1000 | ip=192.168.69.113 | op=SEND_HEARTBEAT {datanodeUUID=ff101aed-a6b7-4de5-96bc-8545c1bca62b, command=[]} | ret=SUCCESS |  
2019-08-27 21:55:23,409 | INFO  | SCMAudit | user=jenkins1000 | ip=192.168.69.113 | op=SEND_HEARTBEAT {datanodeUUID=6fbb6c8f-68ec-4eec-acdd-5276ddf30de1, command=[]} | ret=SUCCESS |  
2019-08-27 21:55:23,606 | INFO  | SCMAudit | user=jenkins1000 | ip=192.168.69.113 | op=SEND_HEARTBEAT {datanodeUUID=803e2962-4b43-470b-a1eb-8fa95db682ee, command=[]} | ret=SUCCESS |  
2019-08-27 21:55:23,807 | INFO  | SCMAudit | user=jenkins1000 | ip=192.168.69.113 | op=SEND_HEARTBEAT {datanodeUUID=676885e1-3491-47d8-84ec-d928b9cef1c5, command=[]} | ret=SUCCESS |  
2019-08-27 21:55:24,163 | INFO  | SCMAudit | user=jenkins1000 | ip=192.168.69.113 | op=SEND_HEARTBEAT {datanodeUUID=6da4aad8-a4f6-4be0-a3fe-0ce626d82d81, command=[]} | ret=SUCCESS |  
2019-08-27 21:55:24,274 | INFO  | SCMAudit | user=jenkins1000 | ip=192.168.69.113 | op=SEND_HEARTBEAT {datanodeUUID=d16fede7-9c95-4edf-9c33-745cfaca74f6, command=[]} | ret=SUCCESS |  
2019-08-27 21:55:24,293 | INFO  | SCMAudit | user=jenkins1000 | ip=192.168.69.113 | op=SEND_HEARTBEAT {datanodeUUID=7ad9a523-ea61-4de8-b564-9ed7c6de1fd1, command=[]} | ret=SUCCESS |  
2019-08-27 21:55:24,295 | INFO  | SCMAudit | user=jenkins1000 | ip=192.168.69.113 | op=SEND_HEARTBEAT {datanodeUUID=ff101aed-a6b7-4de5-96bc-8545c1bca62b, command=[]} | ret=SUCCESS |  
2019-08-27 21:55:24,410 | INFO  | SCMAudit | user=jenkins1000 | ip=192.168.69.113 | op=SEND_HEARTBEAT {datanodeUUID=6fbb6c8f-68ec-4eec-acdd-5276ddf30de1, command=[]} | ret=SUCCESS |  
2019-08-27 21:55:24,606 | INFO  | SCMAudit | user=jenkins1000 | ip=192.168.69.113 | op=SEND_HEARTBEAT {datanodeUUID=803e2962-4b43-470b-a1eb-8fa95db682ee, command=[]} | ret=SUCCESS |  
2019-08-27 21:55:24,808 | INFO  | SCMAudit | user=jenkins1000 | ip=192.168.69.113 | op=SEND_HEARTBEAT {datanodeUUID=676885e1-3491-47d8-84ec-d928b9cef1c5, command=[]} | ret=SUCCESS |  
2019-08-27 21:55:24,944 [grpc-default-executor-6] INFO  client.GrpcClientProtocolClient (GrpcClientProtocolClient.java:onNext(255)) - client-9C14CD88FCAE->ff101aed-a6b7-4de5-96bc-8545c1bca62b: receive RaftClientReply:client-9C14CD88FCAE->ff101aed-a6b7-4de5-96bc-8545c1bca62b@group-92F312A34A51, cid=45, FAILED org.apache.ratis.protocol.NotLeaderException: Server ff101aed-a6b7-4de5-96bc-8545c1bca62b is not the leader (d16fede7-9c95-4edf-9c33-745cfaca74f6:192.168.69.113:38146). Request must be sent to leader., logIndex=0, commits[ff101aed-a6b7-4de5-96bc-8545c1bca62b:c8, d16fede7-9c95-4edf-9c33-745cfaca74f6:c8, 7ad9a523-ea61-4de8-b564-9ed7c6de1fd1:c8]
2019-08-27 21:55:25,163 | INFO  | SCMAudit | user=jenkins1000 | ip=192.168.69.113 | op=SEND_HEARTBEAT {datanodeUUID=6da4aad8-a4f6-4be0-a3fe-0ce626d82d81, command=[]} | ret=SUCCESS |  
2019-08-27 21:55:25,274 | INFO  | SCMAudit | user=jenkins1000 | ip=192.168.69.113 | op=SEND_HEARTBEAT {datanodeUUID=d16fede7-9c95-4edf-9c33-745cfaca74f6, command=[]} | ret=SUCCESS |  
2019-08-27 21:55:25,294 | INFO  | SCMAudit | user=jenkins1000 | ip=192.168.69.113 | op=SEND_HEARTBEAT {datanodeUUID=7ad9a523-ea61-4de8-b564-9ed7c6de1fd1, command=[]} | ret=SUCCESS |  
2019-08-27 21:55:25,295 | INFO  | SCMAudit | user=jenkins1000 | ip=192.168.69.113 | op=SEND_HEARTBEAT {datanodeUUID=ff101aed-a6b7-4de5-96bc-8545c1bca62b, command=[]} | ret=SUCCESS |  
2019-08-27 21:55:25,409 | INFO  | SCMAudit | user=jenkins1000 | ip=192.168.69.113 | op=SEND_HEARTBEAT {datanodeUUID=6fbb6c8f-68ec-4eec-acdd-5276ddf30de1, command=[]} | ret=SUCCESS |  
2019-08-27 21:55:25,607 | INFO  | SCMAudit | user=jenkins1000 | ip=192.168.69.113 | op=SEND_HEARTBEAT {datanodeUUID=803e2962-4b43-470b-a1eb-8fa95db682ee, command=[]} | ret=SUCCESS |  
2019-08-27 21:55:25,807 | INFO  | SCMAudit | user=jenkins1000 | ip=192.168.69.113 | op=SEND_HEARTBEAT {datanodeUUID=676885e1-3491-47d8-84ec-d928b9cef1c5, command=[]} | ret=SUCCESS |  
2019-08-27 21:55:26,164 | INFO  | SCMAudit | user=jenkins1000 | ip=192.168.69.113 | op=SEND_HEARTBEAT {datanodeUUID=6da4aad8-a4f6-4be0-a3fe-0ce626d82d81, command=[]} | ret=SUCCESS |  
2019-08-27 21:55:26,275 | INFO  | SCMAudit | user=jenkins1000 | ip=192.168.69.113 | op=SEND_HEARTBEAT {datanodeUUID=d16fede7-9c95-4edf-9c33-745cfaca74f6, command=[]} | ret=SUCCESS |  
2019-08-27 21:55:26,294 | INFO  | SCMAudit | user=jenkins1000 | ip=192.168.69.113 | op=SEND_HEARTBEAT {datanodeUUID=7ad9a523-ea61-4de8-b564-9ed7c6de1fd1, command=[]} | ret=SUCCESS |  
2019-08-27 21:55:26,295 | INFO  | SCMAudit | user=jenkins1000 | ip=192.168.69.113 | op=SEND_HEARTBEAT {datanodeUUID=ff101aed-a6b7-4de5-96bc-8545c1bca62b, command=[]} | ret=SUCCESS |  
2019-08-27 21:55:26,409 | INFO  | SCMAudit | user=jenkins1000 | ip=192.168.69.113 | op=SEND_HEARTBEAT {datanodeUUID=6fbb6c8f-68ec-4eec-acdd-5276ddf30de1, command=[]} | ret=SUCCESS |  
2019-08-27 21:55:26,607 | INFO  | SCMAudit | user=jenkins1000 | ip=192.168.69.113 | op=SEND_HEARTBEAT {datanodeUUID=803e2962-4b43-470b-a1eb-8fa95db682ee, command=[]} | ret=SUCCESS |  
2019-08-27 21:55:26,810 | INFO  | SCMAudit | user=jenkins1000 | ip=192.168.69.113 | op=SEND_HEARTBEAT {datanodeUUID=676885e1-3491-47d8-84ec-d928b9cef1c5, command=[]} | ret=SUCCESS |  
2019-08-27 21:55:27,163 | INFO  | SCMAudit | user=jenkins1000 | ip=192.168.69.113 | op=SEND_HEARTBEAT {datanodeUUID=6da4aad8-a4f6-4be0-a3fe-0ce626d82d81, command=[]} | ret=SUCCESS |  
2019-08-27 21:55:27,274 | INFO  | SCMAudit | user=jenkins1000 | ip=192.168.69.113 | op=SEND_HEARTBEAT {datanodeUUID=d16fede7-9c95-4edf-9c33-745cfaca74f6, command=[]} | ret=SUCCESS |  
2019-08-27 21:55:27,294 | INFO  | SCMAudit | user=jenkins1000 | ip=192.168.69.113 | op=SEND_HEARTBEAT {datanodeUUID=7ad9a523-ea61-4de8-b564-9ed7c6de1fd1, command=[]} | ret=SUCCESS |  
2019-08-27 21:55:27,295 | INFO  | SCMAudit | user=jenkins1000 | ip=192.168.69.113 | op=SEND_HEARTBEAT {datanodeUUID=ff101aed-a6b7-4de5-96bc-8545c1bca62b, command=[]} | ret=SUCCESS |  
2019-08-27 21:55:27,410 | INFO  | SCMAudit | user=jenkins1000 | ip=192.168.69.113 | op=SEND_HEARTBEAT {datanodeUUID=6fbb6c8f-68ec-4eec-acdd-5276ddf30de1, command=[]} | ret=SUCCESS |  
2019-08-27 21:55:27,607 | INFO  | SCMAudit | user=jenkins1000 | ip=192.168.69.113 | op=SEND_HEARTBEAT {datanodeUUID=803e2962-4b43-470b-a1eb-8fa95db682ee, command=[]} | ret=SUCCESS |  
2019-08-27 21:55:27,807 | INFO  | SCMAudit | user=jenkins1000 | ip=192.168.69.113 | op=SEND_HEARTBEAT {datanodeUUID=676885e1-3491-47d8-84ec-d928b9cef1c5, command=[]} | ret=SUCCESS |  
2019-08-27 21:55:28,164 | INFO  | SCMAudit | user=jenkins1000 | ip=192.168.69.113 | op=SEND_HEARTBEAT {datanodeUUID=6da4aad8-a4f6-4be0-a3fe-0ce626d82d81, command=[]} | ret=SUCCESS |  
2019-08-27 21:55:28,274 | INFO  | SCMAudit | user=jenkins1000 | ip=192.168.69.113 | op=SEND_HEARTBEAT {datanodeUUID=d16fede7-9c95-4edf-9c33-745cfaca74f6, command=[]} | ret=SUCCESS |  
2019-08-27 21:55:28,294 | INFO  | SCMAudit | user=jenkins1000 | ip=192.168.69.113 | op=SEND_HEARTBEAT {datanodeUUID=7ad9a523-ea61-4de8-b564-9ed7c6de1fd1, command=[]} | ret=SUCCESS |  
2019-08-27 21:55:28,295 | INFO  | SCMAudit | user=jenkins1000 | ip=192.168.69.113 | op=SEND_HEARTBEAT {datanodeUUID=ff101aed-a6b7-4de5-96bc-8545c1bca62b, command=[]} | ret=SUCCESS |  
2019-08-27 21:55:28,410 | INFO  | SCMAudit | user=jenkins1000 | ip=192.168.69.113 | op=SEND_HEARTBEAT {datanodeUUID=6fbb6c8f-68ec-4eec-acdd-5276ddf30de1, command=[]} | ret=SUCCESS |  
2019-08-27 21:55:28,608 | INFO  | SCMAudit | user=jenkins1000 | ip=192.168.69.113 | op=SEND_HEARTBEAT {datanodeUUID=803e2962-4b43-470b-a1eb-8fa95db682ee, command=[]} | ret=SUCCESS |  
2019-08-27 21:55:28,808 | INFO  | SCMAudit | user=jenkins1000 | ip=192.168.69.113 | op=SEND_HEARTBEAT {datanodeUUID=676885e1-3491-47d8-84ec-d928b9cef1c5, command=[]} | ret=SUCCESS |  
2019-08-27 21:55:29,164 | INFO  | SCMAudit | user=jenkins1000 | ip=192.168.69.113 | op=SEND_HEARTBEAT {datanodeUUID=6da4aad8-a4f6-4be0-a3fe-0ce626d82d81, command=[]} | ret=SUCCESS |  
2019-08-27 21:55:29,274 | INFO  | SCMAudit | user=jenkins1000 | ip=192.168.69.113 | op=SEND_HEARTBEAT {datanodeUUID=d16fede7-9c95-4edf-9c33-745cfaca74f6, command=[]} | ret=SUCCESS |  
2019-08-27 21:55:29,294 | INFO  | SCMAudit | user=jenkins1000 | ip=192.168.69.113 | op=SEND_HEARTBEAT {datanodeUUID=7ad9a523-ea61-4de8-b564-9ed7c6de1fd1, command=[]} | ret=SUCCESS |  
2019-08-27 21:55:29,295 | INFO  | SCMAudit | user=jenkins1000 | ip=192.168.69.113 | op=SEND_HEARTBEAT {datanodeUUID=ff101aed-a6b7-4de5-96bc-8545c1bca62b, command=[]} | ret=SUCCESS |  
2019-08-27 21:55:29,410 | INFO  | SCMAudit | user=jenkins1000 | ip=192.168.69.113 | op=SEND_HEARTBEAT {datanodeUUID=6fbb6c8f-68ec-4eec-acdd-5276ddf30de1, command=[]} | ret=SUCCESS |  
2019-08-27 21:55:29,608 | INFO  | SCMAudit | user=jenkins1000 | ip=192.168.69.113 | op=SEND_HEARTBEAT {datanodeUUID=803e2962-4b43-470b-a1eb-8fa95db682ee, command=[]} | ret=SUCCESS |  
2019-08-27 21:55:29,807 | INFO  | SCMAudit | user=jenkins1000 | ip=192.168.69.113 | op=SEND_HEARTBEAT {datanodeUUID=676885e1-3491-47d8-84ec-d928b9cef1c5, command=[]} | ret=SUCCESS |  
2019-08-27 21:55:29,986 [grpc-default-executor-5] INFO  client.GrpcClientProtocolClient (GrpcClientProtocolClient.java:onNext(255)) - client-9C14CD88FCAE->ff101aed-a6b7-4de5-96bc-8545c1bca62b: receive RaftClientReply:client-9C14CD88FCAE->ff101aed-a6b7-4de5-96bc-8545c1bca62b@group-92F312A34A51, cid=45, FAILED org.apache.ratis.protocol.NotLeaderException: Server ff101aed-a6b7-4de5-96bc-8545c1bca62b is not the leader (d16fede7-9c95-4edf-9c33-745cfaca74f6:192.168.69.113:38146). Request must be sent to leader., logIndex=0, commits[ff101aed-a6b7-4de5-96bc-8545c1bca62b:c8, d16fede7-9c95-4edf-9c33-745cfaca74f6:c8, 7ad9a523-ea61-4de8-b564-9ed7c6de1fd1:c8]
2019-08-27 21:55:30,163 | INFO  | SCMAudit | user=jenkins1000 | ip=192.168.69.113 | op=SEND_HEARTBEAT {datanodeUUID=6da4aad8-a4f6-4be0-a3fe-0ce626d82d81, command=[]} | ret=SUCCESS |  
2019-08-27 21:55:30,274 | INFO  | SCMAudit | user=jenkins1000 | ip=192.168.69.113 | op=SEND_HEARTBEAT {datanodeUUID=d16fede7-9c95-4edf-9c33-745cfaca74f6, command=[]} | ret=SUCCESS |  
2019-08-27 21:55:30,295 | INFO  | SCMAudit | user=jenkins1000 | ip=192.168.69.113 | op=SEND_HEARTBEAT {datanodeUUID=7ad9a523-ea61-4de8-b564-9ed7c6de1fd1, command=[]} | ret=SUCCESS |  
2019-08-27 21:55:30,295 | INFO  | SCMAudit | user=jenkins1000 | ip=192.168.69.113 | op=SEND_HEARTBEAT {datanodeUUID=ff101aed-a6b7-4de5-96bc-8545c1bca62b, command=[]} | ret=SUCCESS |  
2019-08-27 21:55:30,410 | INFO  | SCMAudit | user=jenkins1000 | ip=192.168.69.113 | op=SEND_HEARTBEAT {datanodeUUID=6fbb6c8f-68ec-4eec-acdd-5276ddf30de1, command=[]} | ret=SUCCESS |  
2019-08-27 21:55:30,608 | INFO  | SCMAudit | user=jenkins1000 | ip=192.168.69.113 | op=SEND_HEARTBEAT {datanodeUUID=803e2962-4b43-470b-a1eb-8fa95db682ee, command=[]} | ret=SUCCESS |  
2019-08-27 21:55:30,807 | INFO  | SCMAudit | user=jenkins1000 | ip=192.168.69.113 | op=SEND_HEARTBEAT {datanodeUUID=676885e1-3491-47d8-84ec-d928b9cef1c5, command=[]} | ret=SUCCESS |  
2019-08-27 21:55:31,163 | INFO  | SCMAudit | user=jenkins1000 | ip=192.168.69.113 | op=SEND_HEARTBEAT {datanodeUUID=6da4aad8-a4f6-4be0-a3fe-0ce626d82d81, command=[]} | ret=SUCCESS |  
2019-08-27 21:55:31,275 | INFO  | SCMAudit | user=jenkins1000 | ip=192.168.69.113 | op=SEND_HEARTBEAT {datanodeUUID=d16fede7-9c95-4edf-9c33-745cfaca74f6, command=[]} | ret=SUCCESS |  
2019-08-27 21:55:31,294 | INFO  | SCMAudit | user=jenkins1000 | ip=192.168.69.113 | op=SEND_HEARTBEAT {datanodeUUID=7ad9a523-ea61-4de8-b564-9ed7c6de1fd1, command=[]} | ret=SUCCESS |  
2019-08-27 21:55:31,295 | INFO  | SCMAudit | user=jenkins1000 | ip=192.168.69.113 | op=SEND_HEARTBEAT {datanodeUUID=ff101aed-a6b7-4de5-96bc-8545c1bca62b, command=[]} | ret=SUCCESS |  
2019-08-27 21:55:31,411 | INFO  | SCMAudit | user=jenkins1000 | ip=192.168.69.113 | op=SEND_HEARTBEAT {datanodeUUID=6fbb6c8f-68ec-4eec-acdd-5276ddf30de1, command=[]} | ret=SUCCESS |  
2019-08-27 21:55:31,609 | INFO  | SCMAudit | user=jenkins1000 | ip=192.168.69.113 | op=SEND_HEARTBEAT {datanodeUUID=803e2962-4b43-470b-a1eb-8fa95db682ee, command=[]} | ret=SUCCESS |  
2019-08-27 21:55:31,807 | INFO  | SCMAudit | user=jenkins1000 | ip=192.168.69.113 | op=SEND_HEARTBEAT {datanodeUUID=676885e1-3491-47d8-84ec-d928b9cef1c5, command=[]} | ret=SUCCESS |  
2019-08-27 21:55:32,163 | INFO  | SCMAudit | user=jenkins1000 | ip=192.168.69.113 | op=SEND_HEARTBEAT {datanodeUUID=6da4aad8-a4f6-4be0-a3fe-0ce626d82d81, command=[]} | ret=SUCCESS |  
2019-08-27 21:55:32,275 | INFO  | SCMAudit | user=jenkins1000 | ip=192.168.69.113 | op=SEND_HEARTBEAT {datanodeUUID=d16fede7-9c95-4edf-9c33-745cfaca74f6, command=[]} | ret=SUCCESS |  
2019-08-27 21:55:32,294 | INFO  | SCMAudit | user=jenkins1000 | ip=192.168.69.113 | op=SEND_HEARTBEAT {datanodeUUID=7ad9a523-ea61-4de8-b564-9ed7c6de1fd1, command=[]} | ret=SUCCESS |  
2019-08-27 21:55:32,295 | INFO  | SCMAudit | user=jenkins1000 | ip=192.168.69.113 | op=SEND_HEARTBEAT {datanodeUUID=ff101aed-a6b7-4de5-96bc-8545c1bca62b, command=[]} | ret=SUCCESS |  
2019-08-27 21:55:32,411 | INFO  | SCMAudit | user=jenkins1000 | ip=192.168.69.113 | op=SEND_HEARTBEAT {datanodeUUID=6fbb6c8f-68ec-4eec-acdd-5276ddf30de1, command=[]} | ret=SUCCESS |  
2019-08-27 21:55:32,609 | INFO  | SCMAudit | user=jenkins1000 | ip=192.168.69.113 | op=SEND_HEARTBEAT {datanodeUUID=803e2962-4b43-470b-a1eb-8fa95db682ee, command=[]} | ret=SUCCESS |  
2019-08-27 21:55:32,807 | INFO  | SCMAudit | user=jenkins1000 | ip=192.168.69.113 | op=SEND_HEARTBEAT {datanodeUUID=676885e1-3491-47d8-84ec-d928b9cef1c5, command=[]} | ret=SUCCESS |  
2019-08-27 21:55:33,163 | INFO  | SCMAudit | user=jenkins1000 | ip=192.168.69.113 | op=SEND_HEARTBEAT {datanodeUUID=6da4aad8-a4f6-4be0-a3fe-0ce626d82d81, command=[]} | ret=SUCCESS |  
2019-08-27 21:55:33,275 | INFO  | SCMAudit | user=jenkins1000 | ip=192.168.69.113 | op=SEND_HEARTBEAT {datanodeUUID=d16fede7-9c95-4edf-9c33-745cfaca74f6, command=[]} | ret=SUCCESS |  
2019-08-27 21:55:33,294 | INFO  | SCMAudit | user=jenkins1000 | ip=192.168.69.113 | op=SEND_HEARTBEAT {datanodeUUID=7ad9a523-ea61-4de8-b564-9ed7c6de1fd1, command=[]} | ret=SUCCESS |  
2019-08-27 21:55:33,295 | INFO  | SCMAudit | user=jenkins1000 | ip=192.168.69.113 | op=SEND_HEARTBEAT {datanodeUUID=ff101aed-a6b7-4de5-96bc-8545c1bca62b, command=[]} | ret=SUCCESS |  
2019-08-27 21:55:33,411 | INFO  | SCMAudit | user=jenkins1000 | ip=192.168.69.113 | op=SEND_HEARTBEAT {datanodeUUID=6fbb6c8f-68ec-4eec-acdd-5276ddf30de1, command=[]} | ret=SUCCESS |  
2019-08-27 21:55:33,609 | INFO  | SCMAudit | user=jenkins1000 | ip=192.168.69.113 | op=SEND_HEARTBEAT {datanodeUUID=803e2962-4b43-470b-a1eb-8fa95db682ee, command=[]} | ret=SUCCESS |  
2019-08-27 21:55:33,808 | INFO  | SCMAudit | user=jenkins1000 | ip=192.168.69.113 | op=SEND_HEARTBEAT {datanodeUUID=676885e1-3491-47d8-84ec-d928b9cef1c5, command=[]} | ret=SUCCESS |  
2019-08-27 21:55:34,164 | INFO  | SCMAudit | user=jenkins1000 | ip=192.168.69.113 | op=SEND_HEARTBEAT {datanodeUUID=6da4aad8-a4f6-4be0-a3fe-0ce626d82d81, command=[]} | ret=SUCCESS |  
2019-08-27 21:55:34,276 | INFO  | SCMAudit | user=jenkins1000 | ip=192.168.69.113 | op=SEND_HEARTBEAT {datanodeUUID=d16fede7-9c95-4edf-9c33-745cfaca74f6, command=[]} | ret=SUCCESS |  
2019-08-27 21:55:34,295 | INFO  | SCMAudit | user=jenkins1000 | ip=192.168.69.113 | op=SEND_HEARTBEAT {datanodeUUID=7ad9a523-ea61-4de8-b564-9ed7c6de1fd1, command=[]} | ret=SUCCESS |  
2019-08-27 21:55:34,295 | INFO  | SCMAudit | user=jenkins1000 | ip=192.168.69.113 | op=SEND_HEARTBEAT {datanodeUUID=ff101aed-a6b7-4de5-96bc-8545c1bca62b, command=[]} | ret=SUCCESS |  
2019-08-27 21:55:34,411 | INFO  | SCMAudit | user=jenkins1000 | ip=192.168.69.113 | op=SEND_HEARTBEAT {datanodeUUID=6fbb6c8f-68ec-4eec-acdd-5276ddf30de1, command=[]} | ret=SUCCESS |  
2019-08-27 21:55:34,610 | INFO  | SCMAudit | user=jenkins1000 | ip=192.168.69.113 | op=SEND_HEARTBEAT {datanodeUUID=803e2962-4b43-470b-a1eb-8fa95db682ee, command=[]} | ret=SUCCESS |  
2019-08-27 21:55:34,807 | INFO  | SCMAudit | user=jenkins1000 | ip=192.168.69.113 | op=SEND_HEARTBEAT {datanodeUUID=676885e1-3491-47d8-84ec-d928b9cef1c5, command=[]} | ret=SUCCESS |  
2019-08-27 21:55:35,020 [grpc-default-executor-6] INFO  client.GrpcClientProtocolClient (GrpcClientProtocolClient.java:onNext(255)) - client-9C14CD88FCAE->ff101aed-a6b7-4de5-96bc-8545c1bca62b: receive RaftClientReply:client-9C14CD88FCAE->ff101aed-a6b7-4de5-96bc-8545c1bca62b@group-92F312A34A51, cid=45, FAILED org.apache.ratis.protocol.NotLeaderException: Server ff101aed-a6b7-4de5-96bc-8545c1bca62b is not the leader (d16fede7-9c95-4edf-9c33-745cfaca74f6:192.168.69.113:38146). Request must be sent to leader., logIndex=0, commits[ff101aed-a6b7-4de5-96bc-8545c1bca62b:c8, d16fede7-9c95-4edf-9c33-745cfaca74f6:c8, 7ad9a523-ea61-4de8-b564-9ed7c6de1fd1:c8]
2019-08-27 21:55:35,164 | INFO  | SCMAudit | user=jenkins1000 | ip=192.168.69.113 | op=SEND_HEARTBEAT {datanodeUUID=6da4aad8-a4f6-4be0-a3fe-0ce626d82d81, command=[]} | ret=SUCCESS |  
2019-08-27 21:55:35,275 | INFO  | SCMAudit | user=jenkins1000 | ip=192.168.69.113 | op=SEND_HEARTBEAT {datanodeUUID=d16fede7-9c95-4edf-9c33-745cfaca74f6, command=[]} | ret=SUCCESS |  
2019-08-27 21:55:35,294 | INFO  | SCMAudit | user=jenkins1000 | ip=192.168.69.113 | op=SEND_HEARTBEAT {datanodeUUID=7ad9a523-ea61-4de8-b564-9ed7c6de1fd1, command=[]} | ret=SUCCESS |  
2019-08-27 21:55:35,295 | INFO  | SCMAudit | user=jenkins1000 | ip=192.168.69.113 | op=SEND_HEARTBEAT {datanodeUUID=ff101aed-a6b7-4de5-96bc-8545c1bca62b, command=[]} | ret=SUCCESS |  
2019-08-27 21:55:35,412 | INFO  | SCMAudit | user=jenkins1000 | ip=192.168.69.113 | op=SEND_HEARTBEAT {datanodeUUID=6fbb6c8f-68ec-4eec-acdd-5276ddf30de1, command=[]} | ret=SUCCESS |  
2019-08-27 21:55:35,609 | INFO  | SCMAudit | user=jenkins1000 | ip=192.168.69.113 | op=SEND_HEARTBEAT {datanodeUUID=803e2962-4b43-470b-a1eb-8fa95db682ee, command=[]} | ret=SUCCESS |  
2019-08-27 21:55:35,807 | INFO  | SCMAudit | user=jenkins1000 | ip=192.168.69.113 | op=SEND_HEARTBEAT {datanodeUUID=676885e1-3491-47d8-84ec-d928b9cef1c5, command=[]} | ret=SUCCESS |  
2019-08-27 21:55:36,164 | INFO  | SCMAudit | user=jenkins1000 | ip=192.168.69.113 | op=SEND_HEARTBEAT {datanodeUUID=6da4aad8-a4f6-4be0-a3fe-0ce626d82d81, command=[]} | ret=SUCCESS |  
2019-08-27 21:55:36,275 | INFO  | SCMAudit | user=jenkins1000 | ip=192.168.69.113 | op=SEND_HEARTBEAT {datanodeUUID=d16fede7-9c95-4edf-9c33-745cfaca74f6, command=[]} | ret=SUCCESS |  
2019-08-27 21:55:36,294 | INFO  | SCMAudit | user=jenkins1000 | ip=192.168.69.113 | op=SEND_HEARTBEAT {datanodeUUID=7ad9a523-ea61-4de8-b564-9ed7c6de1fd1, command=[]} | ret=SUCCESS |  
2019-08-27 21:55:36,295 | INFO  | SCMAudit | user=jenkins1000 | ip=192.168.69.113 | op=SEND_HEARTBEAT {datanodeUUID=ff101aed-a6b7-4de5-96bc-8545c1bca62b, command=[]} | ret=SUCCESS |  
2019-08-27 21:55:36,411 | INFO  | SCMAudit | user=jenkins1000 | ip=192.168.69.113 | op=SEND_HEARTBEAT {datanodeUUID=6fbb6c8f-68ec-4eec-acdd-5276ddf30de1, command=[]} | ret=SUCCESS |  
2019-08-27 21:55:36,610 | INFO  | SCMAudit | user=jenkins1000 | ip=192.168.69.113 | op=SEND_HEARTBEAT {datanodeUUID=803e2962-4b43-470b-a1eb-8fa95db682ee, command=[]} | ret=SUCCESS |  
2019-08-27 21:55:36,807 | INFO  | SCMAudit | user=jenkins1000 | ip=192.168.69.113 | op=SEND_HEARTBEAT {datanodeUUID=676885e1-3491-47d8-84ec-d928b9cef1c5, command=[]} | ret=SUCCESS |  
2019-08-27 21:55:37,164 | INFO  | SCMAudit | user=jenkins1000 | ip=192.168.69.113 | op=SEND_HEARTBEAT {datanodeUUID=6da4aad8-a4f6-4be0-a3fe-0ce626d82d81, command=[]} | ret=SUCCESS |  
2019-08-27 21:55:37,275 | INFO  | SCMAudit | user=jenkins1000 | ip=192.168.69.113 | op=SEND_HEARTBEAT {datanodeUUID=d16fede7-9c95-4edf-9c33-745cfaca74f6, command=[]} | ret=SUCCESS |  
2019-08-27 21:55:37,294 | INFO  | SCMAudit | user=jenkins1000 | ip=192.168.69.113 | op=SEND_HEARTBEAT {datanodeUUID=7ad9a523-ea61-4de8-b564-9ed7c6de1fd1, command=[]} | ret=SUCCESS |  
2019-08-27 21:55:37,295 | INFO  | SCMAudit | user=jenkins1000 | ip=192.168.69.113 | op=SEND_HEARTBEAT {datanodeUUID=ff101aed-a6b7-4de5-96bc-8545c1bca62b, command=[]} | ret=SUCCESS |  
2019-08-27 21:55:37,411 | INFO  | SCMAudit | user=jenkins1000 | ip=192.168.69.113 | op=SEND_HEARTBEAT {datanodeUUID=6fbb6c8f-68ec-4eec-acdd-5276ddf30de1, command=[]} | ret=SUCCESS |  
2019-08-27 21:55:37,609 | INFO  | SCMAudit | user=jenkins1000 | ip=192.168.69.113 | op=SEND_HEARTBEAT {datanodeUUID=803e2962-4b43-470b-a1eb-8fa95db682ee, command=[]} | ret=SUCCESS |  
2019-08-27 21:55:37,808 | INFO  | SCMAudit | user=jenkins1000 | ip=192.168.69.113 | op=SEND_HEARTBEAT {datanodeUUID=676885e1-3491-47d8-84ec-d928b9cef1c5, command=[]} | ret=SUCCESS |  
2019-08-27 21:55:38,164 | INFO  | SCMAudit | user=jenkins1000 | ip=192.168.69.113 | op=SEND_HEARTBEAT {datanodeUUID=6da4aad8-a4f6-4be0-a3fe-0ce626d82d81, command=[]} | ret=SUCCESS |  
2019-08-27 21:55:38,276 | INFO  | SCMAudit | user=jenkins1000 | ip=192.168.69.113 | op=SEND_HEARTBEAT {datanodeUUID=d16fede7-9c95-4edf-9c33-745cfaca74f6, command=[]} | ret=SUCCESS |  
2019-08-27 21:55:38,294 | INFO  | SCMAudit | user=jenkins1000 | ip=192.168.69.113 | op=SEND_HEARTBEAT {datanodeUUID=7ad9a523-ea61-4de8-b564-9ed7c6de1fd1, command=[]} | ret=SUCCESS |  
2019-08-27 21:55:38,295 | INFO  | SCMAudit | user=jenkins1000 | ip=192.168.69.113 | op=SEND_HEARTBEAT {datanodeUUID=ff101aed-a6b7-4de5-96bc-8545c1bca62b, command=[]} | ret=SUCCESS |  
2019-08-27 21:55:38,411 | INFO  | SCMAudit | user=jenkins1000 | ip=192.168.69.113 | op=SEND_HEARTBEAT {datanodeUUID=6fbb6c8f-68ec-4eec-acdd-5276ddf30de1, command=[]} | ret=SUCCESS |  
2019-08-27 21:55:38,609 | INFO  | SCMAudit | user=jenkins1000 | ip=192.168.69.113 | op=SEND_HEARTBEAT {datanodeUUID=803e2962-4b43-470b-a1eb-8fa95db682ee, command=[]} | ret=SUCCESS |  
2019-08-27 21:55:38,807 | INFO  | SCMAudit | user=jenkins1000 | ip=192.168.69.113 | op=SEND_HEARTBEAT {datanodeUUID=676885e1-3491-47d8-84ec-d928b9cef1c5, command=[]} | ret=SUCCESS |  
2019-08-27 21:55:39,165 | INFO  | SCMAudit | user=jenkins1000 | ip=192.168.69.113 | op=SEND_HEARTBEAT {datanodeUUID=6da4aad8-a4f6-4be0-a3fe-0ce626d82d81, command=[]} | ret=SUCCESS |  
2019-08-27 21:55:39,275 | INFO  | SCMAudit | user=jenkins1000 | ip=192.168.69.113 | op=SEND_HEARTBEAT {datanodeUUID=d16fede7-9c95-4edf-9c33-745cfaca74f6, command=[]} | ret=SUCCESS |  
2019-08-27 21:55:39,294 | INFO  | SCMAudit | user=jenkins1000 | ip=192.168.69.113 | op=SEND_HEARTBEAT {datanodeUUID=7ad9a523-ea61-4de8-b564-9ed7c6de1fd1, command=[]} | ret=SUCCESS |  
2019-08-27 21:55:39,296 | INFO  | SCMAudit | user=jenkins1000 | ip=192.168.69.113 | op=SEND_HEARTBEAT {datanodeUUID=ff101aed-a6b7-4de5-96bc-8545c1bca62b, command=[]} | ret=SUCCESS |  
2019-08-27 21:55:39,412 | INFO  | SCMAudit | user=jenkins1000 | ip=192.168.69.113 | op=SEND_HEARTBEAT {datanodeUUID=6fbb6c8f-68ec-4eec-acdd-5276ddf30de1, command=[]} | ret=SUCCESS |  
2019-08-27 21:55:39,609 | INFO  | SCMAudit | user=jenkins1000 | ip=192.168.69.113 | op=SEND_HEARTBEAT {datanodeUUID=803e2962-4b43-470b-a1eb-8fa95db682ee, command=[]} | ret=SUCCESS |  
2019-08-27 21:55:39,808 | INFO  | SCMAudit | user=jenkins1000 | ip=192.168.69.113 | op=SEND_HEARTBEAT {datanodeUUID=676885e1-3491-47d8-84ec-d928b9cef1c5, command=[]} | ret=SUCCESS |  
2019-08-27 21:55:40,057 [grpc-default-executor-6] INFO  client.GrpcClientProtocolClient (GrpcClientProtocolClient.java:onNext(255)) - client-9C14CD88FCAE->7ad9a523-ea61-4de8-b564-9ed7c6de1fd1: receive RaftClientReply:client-9C14CD88FCAE->7ad9a523-ea61-4de8-b564-9ed7c6de1fd1@group-92F312A34A51, cid=45, FAILED org.apache.ratis.protocol.NotLeaderException: Server 7ad9a523-ea61-4de8-b564-9ed7c6de1fd1 is not the leader (d16fede7-9c95-4edf-9c33-745cfaca74f6:192.168.69.113:38146). Request must be sent to leader., logIndex=0, commits[7ad9a523-ea61-4de8-b564-9ed7c6de1fd1:c8, d16fede7-9c95-4edf-9c33-745cfaca74f6:c8, ff101aed-a6b7-4de5-96bc-8545c1bca62b:c8]
2019-08-27 21:55:40,165 | INFO  | SCMAudit | user=jenkins1000 | ip=192.168.69.113 | op=SEND_HEARTBEAT {datanodeUUID=6da4aad8-a4f6-4be0-a3fe-0ce626d82d81, command=[]} | ret=SUCCESS |  
2019-08-27 21:55:40,275 | INFO  | SCMAudit | user=jenkins1000 | ip=192.168.69.113 | op=SEND_HEARTBEAT {datanodeUUID=d16fede7-9c95-4edf-9c33-745cfaca74f6, command=[]} | ret=SUCCESS |  
2019-08-27 21:55:40,294 | INFO  | SCMAudit | user=jenkins1000 | ip=192.168.69.113 | op=SEND_HEARTBEAT {datanodeUUID=7ad9a523-ea61-4de8-b564-9ed7c6de1fd1, command=[]} | ret=SUCCESS |  
2019-08-27 21:55:40,295 | INFO  | SCMAudit | user=jenkins1000 | ip=192.168.69.113 | op=SEND_HEARTBEAT {datanodeUUID=ff101aed-a6b7-4de5-96bc-8545c1bca62b, command=[]} | ret=SUCCESS |  
2019-08-27 21:55:40,411 | INFO  | SCMAudit | user=jenkins1000 | ip=192.168.69.113 | op=SEND_HEARTBEAT {datanodeUUID=6fbb6c8f-68ec-4eec-acdd-5276ddf30de1, command=[]} | ret=SUCCESS |  
2019-08-27 21:55:40,610 | INFO  | SCMAudit | user=jenkins1000 | ip=192.168.69.113 | op=SEND_HEARTBEAT {datanodeUUID=803e2962-4b43-470b-a1eb-8fa95db682ee, command=[]} | ret=SUCCESS |  
2019-08-27 21:55:40,807 | INFO  | SCMAudit | user=jenkins1000 | ip=192.168.69.113 | op=SEND_HEARTBEAT {datanodeUUID=676885e1-3491-47d8-84ec-d928b9cef1c5, command=[]} | ret=SUCCESS |  
2019-08-27 21:55:41,166 | INFO  | SCMAudit | user=jenkins1000 | ip=192.168.69.113 | op=SEND_HEARTBEAT {datanodeUUID=6da4aad8-a4f6-4be0-a3fe-0ce626d82d81, command=[]} | ret=SUCCESS |  
2019-08-27 21:55:41,275 | INFO  | SCMAudit | user=jenkins1000 | ip=192.168.69.113 | op=SEND_HEARTBEAT {datanodeUUID=d16fede7-9c95-4edf-9c33-745cfaca74f6, command=[]} | ret=SUCCESS |  
2019-08-27 21:55:41,294 | INFO  | SCMAudit | user=jenkins1000 | ip=192.168.69.113 | op=SEND_HEARTBEAT {datanodeUUID=7ad9a523-ea61-4de8-b564-9ed7c6de1fd1, command=[]} | ret=SUCCESS |  
2019-08-27 21:55:41,296 | INFO  | SCMAudit | user=jenkins1000 | ip=192.168.69.113 | op=SEND_HEARTBEAT {datanodeUUID=ff101aed-a6b7-4de5-96bc-8545c1bca62b, command=[]} | ret=SUCCESS |  
2019-08-27 21:55:41,411 | INFO  | SCMAudit | user=jenkins1000 | ip=192.168.69.113 | op=SEND_HEARTBEAT {datanodeUUID=6fbb6c8f-68ec-4eec-acdd-5276ddf30de1, command=[]} | ret=SUCCESS |  
2019-08-27 21:55:41,609 | INFO  | SCMAudit | user=jenkins1000 | ip=192.168.69.113 | op=SEND_HEARTBEAT {datanodeUUID=803e2962-4b43-470b-a1eb-8fa95db682ee, command=[]} | ret=SUCCESS |  
2019-08-27 21:55:41,807 | INFO  | SCMAudit | user=jenkins1000 | ip=192.168.69.113 | op=SEND_HEARTBEAT {datanodeUUID=676885e1-3491-47d8-84ec-d928b9cef1c5, command=[]} | ret=SUCCESS |  
2019-08-27 21:55:42,167 | INFO  | SCMAudit | user=jenkins1000 | ip=192.168.69.113 | op=SEND_HEARTBEAT {datanodeUUID=6da4aad8-a4f6-4be0-a3fe-0ce626d82d81, command=[]} | ret=SUCCESS |  
2019-08-27 21:55:42,276 | INFO  | SCMAudit | user=jenkins1000 | ip=192.168.69.113 | op=SEND_HEARTBEAT {datanodeUUID=d16fede7-9c95-4edf-9c33-745cfaca74f6, command=[]} | ret=SUCCESS |  
2019-08-27 21:55:42,294 | INFO  | SCMAudit | user=jenkins1000 | ip=192.168.69.113 | op=SEND_HEARTBEAT {datanodeUUID=7ad9a523-ea61-4de8-b564-9ed7c6de1fd1, command=[]} | ret=SUCCESS |  
2019-08-27 21:55:42,296 | INFO  | SCMAudit | user=jenkins1000 | ip=192.168.69.113 | op=SEND_HEARTBEAT {datanodeUUID=ff101aed-a6b7-4de5-96bc-8545c1bca62b, command=[]} | ret=SUCCESS |  
2019-08-27 21:55:42,411 | INFO  | SCMAudit | user=jenkins1000 | ip=192.168.69.113 | op=SEND_HEARTBEAT {datanodeUUID=6fbb6c8f-68ec-4eec-acdd-5276ddf30de1, command=[]} | ret=SUCCESS |  
2019-08-27 21:55:42,609 | INFO  | SCMAudit | user=jenkins1000 | ip=192.168.69.113 | op=SEND_HEARTBEAT {datanodeUUID=803e2962-4b43-470b-a1eb-8fa95db682ee, command=[]} | ret=SUCCESS |  
2019-08-27 21:55:42,807 | INFO  | SCMAudit | user=jenkins1000 | ip=192.168.69.113 | op=SEND_HEARTBEAT {datanodeUUID=676885e1-3491-47d8-84ec-d928b9cef1c5, command=[]} | ret=SUCCESS |  
2019-08-27 21:55:43,167 | INFO  | SCMAudit | user=jenkins1000 | ip=192.168.69.113 | op=SEND_HEARTBEAT {datanodeUUID=6da4aad8-a4f6-4be0-a3fe-0ce626d82d81, command=[]} | ret=SUCCESS |  
2019-08-27 21:55:43,275 | INFO  | SCMAudit | user=jenkins1000 | ip=192.168.69.113 | op=SEND_HEARTBEAT {datanodeUUID=d16fede7-9c95-4edf-9c33-745cfaca74f6, command=[]} | ret=SUCCESS |  
2019-08-27 21:55:43,294 | INFO  | SCMAudit | user=jenkins1000 | ip=192.168.69.113 | op=SEND_HEARTBEAT {datanodeUUID=7ad9a523-ea61-4de8-b564-9ed7c6de1fd1, command=[]} | ret=SUCCESS |  
2019-08-27 21:55:43,296 | INFO  | SCMAudit | user=jenkins1000 | ip=192.168.69.113 | op=SEND_HEARTBEAT {datanodeUUID=ff101aed-a6b7-4de5-96bc-8545c1bca62b, command=[]} | ret=SUCCESS |  
2019-08-27 21:55:43,412 | INFO  | SCMAudit | user=jenkins1000 | ip=192.168.69.113 | op=SEND_HEARTBEAT {datanodeUUID=6fbb6c8f-68ec-4eec-acdd-5276ddf30de1, command=[]} | ret=SUCCESS |  
2019-08-27 21:55:43,609 | INFO  | SCMAudit | user=jenkins1000 | ip=192.168.69.113 | op=SEND_HEARTBEAT {datanodeUUID=803e2962-4b43-470b-a1eb-8fa95db682ee, command=[]} | ret=SUCCESS |  
2019-08-27 21:55:43,807 | INFO  | SCMAudit | user=jenkins1000 | ip=192.168.69.113 | op=SEND_HEARTBEAT {datanodeUUID=676885e1-3491-47d8-84ec-d928b9cef1c5, command=[]} | ret=SUCCESS |  
2019-08-27 21:55:44,167 | INFO  | SCMAudit | user=jenkins1000 | ip=192.168.69.113 | op=SEND_HEARTBEAT {datanodeUUID=6da4aad8-a4f6-4be0-a3fe-0ce626d82d81, command=[]} | ret=SUCCESS |  
2019-08-27 21:55:44,275 | INFO  | SCMAudit | user=jenkins1000 | ip=192.168.69.113 | op=SEND_HEARTBEAT {datanodeUUID=d16fede7-9c95-4edf-9c33-745cfaca74f6, command=[]} | ret=SUCCESS |  
2019-08-27 21:55:44,295 | INFO  | SCMAudit | user=jenkins1000 | ip=192.168.69.113 | op=SEND_HEARTBEAT {datanodeUUID=7ad9a523-ea61-4de8-b564-9ed7c6de1fd1, command=[]} | ret=SUCCESS |  
2019-08-27 21:55:44,296 | INFO  | SCMAudit | user=jenkins1000 | ip=192.168.69.113 | op=SEND_HEARTBEAT {datanodeUUID=ff101aed-a6b7-4de5-96bc-8545c1bca62b, command=[]} | ret=SUCCESS |  
2019-08-27 21:55:44,411 | INFO  | SCMAudit | user=jenkins1000 | ip=192.168.69.113 | op=SEND_HEARTBEAT {datanodeUUID=6fbb6c8f-68ec-4eec-acdd-5276ddf30de1, command=[]} | ret=SUCCESS |  
2019-08-27 21:55:44,610 | INFO  | SCMAudit | user=jenkins1000 | ip=192.168.69.113 | op=SEND_HEARTBEAT {datanodeUUID=803e2962-4b43-470b-a1eb-8fa95db682ee, command=[]} | ret=SUCCESS |  
2019-08-27 21:55:44,808 | INFO  | SCMAudit | user=jenkins1000 | ip=192.168.69.113 | op=SEND_HEARTBEAT {datanodeUUID=676885e1-3491-47d8-84ec-d928b9cef1c5, command=[]} | ret=SUCCESS |  
2019-08-27 21:55:45,093 [grpc-default-executor-5] INFO  client.GrpcClientProtocolClient (GrpcClientProtocolClient.java:onNext(255)) - client-9C14CD88FCAE->ff101aed-a6b7-4de5-96bc-8545c1bca62b: receive RaftClientReply:client-9C14CD88FCAE->ff101aed-a6b7-4de5-96bc-8545c1bca62b@group-92F312A34A51, cid=45, FAILED org.apache.ratis.protocol.NotLeaderException: Server ff101aed-a6b7-4de5-96bc-8545c1bca62b is not the leader (d16fede7-9c95-4edf-9c33-745cfaca74f6:192.168.69.113:38146). Request must be sent to leader., logIndex=0, commits[ff101aed-a6b7-4de5-96bc-8545c1bca62b:c8, d16fede7-9c95-4edf-9c33-745cfaca74f6:c8, 7ad9a523-ea61-4de8-b564-9ed7c6de1fd1:c8]
2019-08-27 21:55:45,167 | INFO  | SCMAudit | user=jenkins1000 | ip=192.168.69.113 | op=SEND_HEARTBEAT {datanodeUUID=6da4aad8-a4f6-4be0-a3fe-0ce626d82d81, command=[]} | ret=SUCCESS |  
2019-08-27 21:55:45,275 | INFO  | SCMAudit | user=jenkins1000 | ip=192.168.69.113 | op=SEND_HEARTBEAT {datanodeUUID=d16fede7-9c95-4edf-9c33-745cfaca74f6, command=[]} | ret=SUCCESS |  
2019-08-27 21:55:45,294 | INFO  | SCMAudit | user=jenkins1000 | ip=192.168.69.113 | op=SEND_HEARTBEAT {datanodeUUID=7ad9a523-ea61-4de8-b564-9ed7c6de1fd1, command=[]} | ret=SUCCESS |  
2019-08-27 21:55:45,297 | INFO  | SCMAudit | user=jenkins1000 | ip=192.168.69.113 | op=SEND_HEARTBEAT {datanodeUUID=ff101aed-a6b7-4de5-96bc-8545c1bca62b, command=[]} | ret=SUCCESS |  
2019-08-27 21:55:45,411 | INFO  | SCMAudit | user=jenkins1000 | ip=192.168.69.113 | op=SEND_HEARTBEAT {datanodeUUID=6fbb6c8f-68ec-4eec-acdd-5276ddf30de1, command=[]} | ret=SUCCESS |  
2019-08-27 21:55:45,609 | INFO  | SCMAudit | user=jenkins1000 | ip=192.168.69.113 | op=SEND_HEARTBEAT {datanodeUUID=803e2962-4b43-470b-a1eb-8fa95db682ee, command=[]} | ret=SUCCESS |  
2019-08-27 21:55:45,807 | INFO  | SCMAudit | user=jenkins1000 | ip=192.168.69.113 | op=SEND_HEARTBEAT {datanodeUUID=676885e1-3491-47d8-84ec-d928b9cef1c5, command=[]} | ret=SUCCESS |  
2019-08-27 21:55:46,168 | INFO  | SCMAudit | user=jenkins1000 | ip=192.168.69.113 | op=SEND_HEARTBEAT {datanodeUUID=6da4aad8-a4f6-4be0-a3fe-0ce626d82d81, command=[]} | ret=SUCCESS |  
2019-08-27 21:55:46,275 | INFO  | SCMAudit | user=jenkins1000 | ip=192.168.69.113 | op=SEND_HEARTBEAT {datanodeUUID=d16fede7-9c95-4edf-9c33-745cfaca74f6, command=[]} | ret=SUCCESS |  
2019-08-27 21:55:46,294 | INFO  | SCMAudit | user=jenkins1000 | ip=192.168.69.113 | op=SEND_HEARTBEAT {datanodeUUID=7ad9a523-ea61-4de8-b564-9ed7c6de1fd1, command=[]} | ret=SUCCESS |  
2019-08-27 21:55:46,297 | INFO  | SCMAudit | user=jenkins1000 | ip=192.168.69.113 | op=SEND_HEARTBEAT {datanodeUUID=ff101aed-a6b7-4de5-96bc-8545c1bca62b, command=[]} | ret=SUCCESS |  
2019-08-27 21:55:46,411 | INFO  | SCMAudit | user=jenkins1000 | ip=192.168.69.113 | op=SEND_HEARTBEAT {datanodeUUID=6fbb6c8f-68ec-4eec-acdd-5276ddf30de1, command=[]} | ret=SUCCESS |  
2019-08-27 21:55:46,609 | INFO  | SCMAudit | user=jenkins1000 | ip=192.168.69.113 | op=SEND_HEARTBEAT {datanodeUUID=803e2962-4b43-470b-a1eb-8fa95db682ee, command=[]} | ret=SUCCESS |  
2019-08-27 21:55:46,807 | INFO  | SCMAudit | user=jenkins1000 | ip=192.168.69.113 | op=SEND_HEARTBEAT {datanodeUUID=676885e1-3491-47d8-84ec-d928b9cef1c5, command=[]} | ret=SUCCESS |  
2019-08-27 21:55:47,168 | INFO  | SCMAudit | user=jenkins1000 | ip=192.168.69.113 | op=SEND_HEARTBEAT {datanodeUUID=6da4aad8-a4f6-4be0-a3fe-0ce626d82d81, command=[]} | ret=SUCCESS |  
2019-08-27 21:55:47,276 | INFO  | SCMAudit | user=jenkins1000 | ip=192.168.69.113 | op=SEND_HEARTBEAT {datanodeUUID=d16fede7-9c95-4edf-9c33-745cfaca74f6, command=[]} | ret=SUCCESS |  
2019-08-27 21:55:47,294 | INFO  | SCMAudit | user=jenkins1000 | ip=192.168.69.113 | op=SEND_HEARTBEAT {datanodeUUID=7ad9a523-ea61-4de8-b564-9ed7c6de1fd1, command=[]} | ret=SUCCESS |  
2019-08-27 21:55:47,297 | INFO  | SCMAudit | user=jenkins1000 | ip=192.168.69.113 | op=SEND_HEARTBEAT {datanodeUUID=ff101aed-a6b7-4de5-96bc-8545c1bca62b, command=[]} | ret=SUCCESS |  
2019-08-27 21:55:47,411 | INFO  | SCMAudit | user=jenkins1000 | ip=192.168.69.113 | op=SEND_HEARTBEAT {datanodeUUID=6fbb6c8f-68ec-4eec-acdd-5276ddf30de1, command=[]} | ret=SUCCESS |  
2019-08-27 21:55:47,609 | INFO  | SCMAudit | user=jenkins1000 | ip=192.168.69.113 | op=SEND_HEARTBEAT {datanodeUUID=803e2962-4b43-470b-a1eb-8fa95db682ee, command=[]} | ret=SUCCESS |  
2019-08-27 21:55:47,808 | INFO  | SCMAudit | user=jenkins1000 | ip=192.168.69.113 | op=SEND_HEARTBEAT {datanodeUUID=676885e1-3491-47d8-84ec-d928b9cef1c5, command=[]} | ret=SUCCESS |  
2019-08-27 21:55:48,168 | INFO  | SCMAudit | user=jenkins1000 | ip=192.168.69.113 | op=SEND_HEARTBEAT {datanodeUUID=6da4aad8-a4f6-4be0-a3fe-0ce626d82d81, command=[]} | ret=SUCCESS |  
2019-08-27 21:55:48,275 | INFO  | SCMAudit | user=jenkins1000 | ip=192.168.69.113 | op=SEND_HEARTBEAT {datanodeUUID=d16fede7-9c95-4edf-9c33-745cfaca74f6, command=[]} | ret=SUCCESS |  
2019-08-27 21:55:48,294 | INFO  | SCMAudit | user=jenkins1000 | ip=192.168.69.113 | op=SEND_HEARTBEAT {datanodeUUID=7ad9a523-ea61-4de8-b564-9ed7c6de1fd1, command=[]} | ret=SUCCESS |  
2019-08-27 21:55:48,297 | INFO  | SCMAudit | user=jenkins1000 | ip=192.168.69.113 | op=SEND_HEARTBEAT {datanodeUUID=ff101aed-a6b7-4de5-96bc-8545c1bca62b, command=[]} | ret=SUCCESS |  
2019-08-27 21:55:48,412 | INFO  | SCMAudit | user=jenkins1000 | ip=192.168.69.113 | op=SEND_HEARTBEAT {datanodeUUID=6fbb6c8f-68ec-4eec-acdd-5276ddf30de1, command=[]} | ret=SUCCESS |  
2019-08-27 21:55:48,609 | INFO  | SCMAudit | user=jenkins1000 | ip=192.168.69.113 | op=SEND_HEARTBEAT {datanodeUUID=803e2962-4b43-470b-a1eb-8fa95db682ee, command=[]} | ret=SUCCESS |  
2019-08-27 21:55:48,807 | INFO  | SCMAudit | user=jenkins1000 | ip=192.168.69.113 | op=SEND_HEARTBEAT {datanodeUUID=676885e1-3491-47d8-84ec-d928b9cef1c5, command=[]} | ret=SUCCESS |  
2019-08-27 21:55:49,168 | INFO  | SCMAudit | user=jenkins1000 | ip=192.168.69.113 | op=SEND_HEARTBEAT {datanodeUUID=6da4aad8-a4f6-4be0-a3fe-0ce626d82d81, command=[]} | ret=SUCCESS |  
2019-08-27 21:55:49,276 | INFO  | SCMAudit | user=jenkins1000 | ip=192.168.69.113 | op=SEND_HEARTBEAT {datanodeUUID=d16fede7-9c95-4edf-9c33-745cfaca74f6, command=[]} | ret=SUCCESS |  
2019-08-27 21:55:49,295 | INFO  | SCMAudit | user=jenkins1000 | ip=192.168.69.113 | op=SEND_HEARTBEAT {datanodeUUID=7ad9a523-ea61-4de8-b564-9ed7c6de1fd1, command=[]} | ret=SUCCESS |  
2019-08-27 21:55:49,297 | INFO  | SCMAudit | user=jenkins1000 | ip=192.168.69.113 | op=SEND_HEARTBEAT {datanodeUUID=ff101aed-a6b7-4de5-96bc-8545c1bca62b, command=[]} | ret=SUCCESS |  
2019-08-27 21:55:49,411 | INFO  | SCMAudit | user=jenkins1000 | ip=192.168.69.113 | op=SEND_HEARTBEAT {datanodeUUID=6fbb6c8f-68ec-4eec-acdd-5276ddf30de1, command=[]} | ret=SUCCESS |  
2019-08-27 21:55:49,610 | INFO  | SCMAudit | user=jenkins1000 | ip=192.168.69.113 | op=SEND_HEARTBEAT {datanodeUUID=803e2962-4b43-470b-a1eb-8fa95db682ee, command=[]} | ret=SUCCESS |  
2019-08-27 21:55:49,807 | INFO  | SCMAudit | user=jenkins1000 | ip=192.168.69.113 | op=SEND_HEARTBEAT {datanodeUUID=676885e1-3491-47d8-84ec-d928b9cef1c5, command=[]} | ret=SUCCESS |  
2019-08-27 21:55:50,149 [grpc-default-executor-6] INFO  client.GrpcClientProtocolClient (GrpcClientProtocolClient.java:onNext(255)) - client-9C14CD88FCAE->ff101aed-a6b7-4de5-96bc-8545c1bca62b: receive RaftClientReply:client-9C14CD88FCAE->ff101aed-a6b7-4de5-96bc-8545c1bca62b@group-92F312A34A51, cid=45, FAILED org.apache.ratis.protocol.NotLeaderException: Server ff101aed-a6b7-4de5-96bc-8545c1bca62b is not the leader (d16fede7-9c95-4edf-9c33-745cfaca74f6:192.168.69.113:38146). Request must be sent to leader., logIndex=0, commits[ff101aed-a6b7-4de5-96bc-8545c1bca62b:c8, d16fede7-9c95-4edf-9c33-745cfaca74f6:c8, 7ad9a523-ea61-4de8-b564-9ed7c6de1fd1:c8]
2019-08-27 21:55:50,168 | INFO  | SCMAudit | user=jenkins1000 | ip=192.168.69.113 | op=SEND_HEARTBEAT {datanodeUUID=6da4aad8-a4f6-4be0-a3fe-0ce626d82d81, command=[]} | ret=SUCCESS |  
2019-08-27 21:55:50,275 | INFO  | SCMAudit | user=jenkins1000 | ip=192.168.69.113 | op=SEND_HEARTBEAT {datanodeUUID=d16fede7-9c95-4edf-9c33-745cfaca74f6, command=[]} | ret=SUCCESS |  
2019-08-27 21:55:50,295 | INFO  | SCMAudit | user=jenkins1000 | ip=192.168.69.113 | op=SEND_HEARTBEAT {datanodeUUID=7ad9a523-ea61-4de8-b564-9ed7c6de1fd1, command=[]} | ret=SUCCESS |  
2019-08-27 21:55:50,297 | INFO  | SCMAudit | user=jenkins1000 | ip=192.168.69.113 | op=SEND_HEARTBEAT {datanodeUUID=ff101aed-a6b7-4de5-96bc-8545c1bca62b, command=[]} | ret=SUCCESS |  
2019-08-27 21:55:50,411 | INFO  | SCMAudit | user=jenkins1000 | ip=192.168.69.113 | op=SEND_HEARTBEAT {datanodeUUID=6fbb6c8f-68ec-4eec-acdd-5276ddf30de1, command=[]} | ret=SUCCESS |  
2019-08-27 21:55:50,610 | INFO  | SCMAudit | user=jenkins1000 | ip=192.168.69.113 | op=SEND_HEARTBEAT {datanodeUUID=803e2962-4b43-470b-a1eb-8fa95db682ee, command=[]} | ret=SUCCESS |  
2019-08-27 21:55:50,808 | INFO  | SCMAudit | user=jenkins1000 | ip=192.168.69.113 | op=SEND_HEARTBEAT {datanodeUUID=676885e1-3491-47d8-84ec-d928b9cef1c5, command=[]} | ret=SUCCESS |  
2019-08-27 21:55:51,169 | INFO  | SCMAudit | user=jenkins1000 | ip=192.168.69.113 | op=SEND_HEARTBEAT {datanodeUUID=6da4aad8-a4f6-4be0-a3fe-0ce626d82d81, command=[]} | ret=SUCCESS |  
2019-08-27 21:55:51,275 | INFO  | SCMAudit | user=jenkins1000 | ip=192.168.69.113 | op=SEND_HEARTBEAT {datanodeUUID=d16fede7-9c95-4edf-9c33-745cfaca74f6, command=[]} | ret=SUCCESS |  
2019-08-27 21:55:51,295 | INFO  | SCMAudit | user=jenkins1000 | ip=192.168.69.113 | op=SEND_HEARTBEAT {datanodeUUID=7ad9a523-ea61-4de8-b564-9ed7c6de1fd1, command=[]} | ret=SUCCESS |  
2019-08-27 21:55:51,296 | INFO  | SCMAudit | user=jenkins1000 | ip=192.168.69.113 | op=SEND_HEARTBEAT {datanodeUUID=ff101aed-a6b7-4de5-96bc-8545c1bca62b, command=[]} | ret=SUCCESS |  
2019-08-27 21:55:51,411 | INFO  | SCMAudit | user=jenkins1000 | ip=192.168.69.113 | op=SEND_HEARTBEAT {datanodeUUID=6fbb6c8f-68ec-4eec-acdd-5276ddf30de1, command=[]} | ret=SUCCESS |  
2019-08-27 21:55:51,610 | INFO  | SCMAudit | user=jenkins1000 | ip=192.168.69.113 | op=SEND_HEARTBEAT {datanodeUUID=803e2962-4b43-470b-a1eb-8fa95db682ee, command=[]} | ret=SUCCESS |  
2019-08-27 21:55:51,808 | INFO  | SCMAudit | user=jenkins1000 | ip=192.168.69.113 | op=SEND_HEARTBEAT {datanodeUUID=676885e1-3491-47d8-84ec-d928b9cef1c5, command=[]} | ret=SUCCESS |  
2019-08-27 21:55:52,169 | INFO  | SCMAudit | user=jenkins1000 | ip=192.168.69.113 | op=SEND_HEARTBEAT {datanodeUUID=6da4aad8-a4f6-4be0-a3fe-0ce626d82d81, command=[]} | ret=SUCCESS |  
2019-08-27 21:55:52,275 | INFO  | SCMAudit | user=jenkins1000 | ip=192.168.69.113 | op=SEND_HEARTBEAT {datanodeUUID=d16fede7-9c95-4edf-9c33-745cfaca74f6, command=[]} | ret=SUCCESS |  
2019-08-27 21:55:52,296 | INFO  | SCMAudit | user=jenkins1000 | ip=192.168.69.113 | op=SEND_HEARTBEAT {datanodeUUID=7ad9a523-ea61-4de8-b564-9ed7c6de1fd1, command=[]} | ret=SUCCESS |  
2019-08-27 21:55:52,298 | INFO  | SCMAudit | user=jenkins1000 | ip=192.168.69.113 | op=SEND_HEARTBEAT {datanodeUUID=ff101aed-a6b7-4de5-96bc-8545c1bca62b, command=[]} | ret=SUCCESS |  
2019-08-27 21:55:52,411 | INFO  | SCMAudit | user=jenkins1000 | ip=192.168.69.113 | op=SEND_HEARTBEAT {datanodeUUID=6fbb6c8f-68ec-4eec-acdd-5276ddf30de1, command=[]} | ret=SUCCESS |  
2019-08-27 21:55:52,611 | INFO  | SCMAudit | user=jenkins1000 | ip=192.168.69.113 | op=SEND_HEARTBEAT {datanodeUUID=803e2962-4b43-470b-a1eb-8fa95db682ee, command=[]} | ret=SUCCESS |  
2019-08-27 21:55:52,807 | INFO  | SCMAudit | user=jenkins1000 | ip=192.168.69.113 | op=SEND_HEARTBEAT {datanodeUUID=676885e1-3491-47d8-84ec-d928b9cef1c5, command=[]} | ret=SUCCESS |  
2019-08-27 21:55:53,170 | INFO  | SCMAudit | user=jenkins1000 | ip=192.168.69.113 | op=SEND_HEARTBEAT {datanodeUUID=6da4aad8-a4f6-4be0-a3fe-0ce626d82d81, command=[]} | ret=SUCCESS |  
2019-08-27 21:55:53,276 | INFO  | SCMAudit | user=jenkins1000 | ip=192.168.69.113 | op=SEND_HEARTBEAT {datanodeUUID=d16fede7-9c95-4edf-9c33-745cfaca74f6, command=[]} | ret=SUCCESS |  
2019-08-27 21:55:53,295 | INFO  | SCMAudit | user=jenkins1000 | ip=192.168.69.113 | op=SEND_HEARTBEAT {datanodeUUID=7ad9a523-ea61-4de8-b564-9ed7c6de1fd1, command=[]} | ret=SUCCESS |  
2019-08-27 21:55:53,297 | INFO  | SCMAudit | user=jenkins1000 | ip=192.168.69.113 | op=SEND_HEARTBEAT {datanodeUUID=ff101aed-a6b7-4de5-96bc-8545c1bca62b, command=[]} | ret=SUCCESS |  
2019-08-27 21:55:53,412 | INFO  | SCMAudit | user=jenkins1000 | ip=192.168.69.113 | op=SEND_HEARTBEAT {datanodeUUID=6fbb6c8f-68ec-4eec-acdd-5276ddf30de1, command=[]} | ret=SUCCESS |  
2019-08-27 21:55:53,610 | INFO  | SCMAudit | user=jenkins1000 | ip=192.168.69.113 | op=SEND_HEARTBEAT {datanodeUUID=803e2962-4b43-470b-a1eb-8fa95db682ee, command=[]} | ret=SUCCESS |  
2019-08-27 21:55:53,807 | INFO  | SCMAudit | user=jenkins1000 | ip=192.168.69.113 | op=SEND_HEARTBEAT {datanodeUUID=676885e1-3491-47d8-84ec-d928b9cef1c5, command=[]} | ret=SUCCESS |  
2019-08-27 21:55:54,170 | INFO  | SCMAudit | user=jenkins1000 | ip=192.168.69.113 | op=SEND_HEARTBEAT {datanodeUUID=6da4aad8-a4f6-4be0-a3fe-0ce626d82d81, command=[]} | ret=SUCCESS |  
2019-08-27 21:55:54,276 | INFO  | SCMAudit | user=jenkins1000 | ip=192.168.69.113 | op=SEND_HEARTBEAT {datanodeUUID=d16fede7-9c95-4edf-9c33-745cfaca74f6, command=[]} | ret=SUCCESS |  
2019-08-27 21:55:54,297 | INFO  | SCMAudit | user=jenkins1000 | ip=192.168.69.113 | op=SEND_HEARTBEAT {datanodeUUID=7ad9a523-ea61-4de8-b564-9ed7c6de1fd1, command=[]} | ret=SUCCESS |  
2019-08-27 21:55:54,297 | INFO  | SCMAudit | user=jenkins1000 | ip=192.168.69.113 | op=SEND_HEARTBEAT {datanodeUUID=ff101aed-a6b7-4de5-96bc-8545c1bca62b, command=[]} | ret=SUCCESS |  
2019-08-27 21:55:54,411 | INFO  | SCMAudit | user=jenkins1000 | ip=192.168.69.113 | op=SEND_HEARTBEAT {datanodeUUID=6fbb6c8f-68ec-4eec-acdd-5276ddf30de1, command=[]} | ret=SUCCESS |  
2019-08-27 21:55:54,610 | INFO  | SCMAudit | user=jenkins1000 | ip=192.168.69.113 | op=SEND_HEARTBEAT {datanodeUUID=803e2962-4b43-470b-a1eb-8fa95db682ee, command=[]} | ret=SUCCESS |  
2019-08-27 21:55:54,808 | INFO  | SCMAudit | user=jenkins1000 | ip=192.168.69.113 | op=SEND_HEARTBEAT {datanodeUUID=676885e1-3491-47d8-84ec-d928b9cef1c5, command=[]} | ret=SUCCESS |  
2019-08-27 21:55:55,170 | INFO  | SCMAudit | user=jenkins1000 | ip=192.168.69.113 | op=SEND_HEARTBEAT {datanodeUUID=6da4aad8-a4f6-4be0-a3fe-0ce626d82d81, command=[]} | ret=SUCCESS |  
2019-08-27 21:55:55,187 [grpc-default-executor-6] INFO  client.GrpcClientProtocolClient (GrpcClientProtocolClient.java:onNext(255)) - client-9C14CD88FCAE->7ad9a523-ea61-4de8-b564-9ed7c6de1fd1: receive RaftClientReply:client-9C14CD88FCAE->7ad9a523-ea61-4de8-b564-9ed7c6de1fd1@group-92F312A34A51, cid=45, FAILED org.apache.ratis.protocol.NotLeaderException: Server 7ad9a523-ea61-4de8-b564-9ed7c6de1fd1 is not the leader (d16fede7-9c95-4edf-9c33-745cfaca74f6:192.168.69.113:38146). Request must be sent to leader., logIndex=0, commits[7ad9a523-ea61-4de8-b564-9ed7c6de1fd1:c8, d16fede7-9c95-4edf-9c33-745cfaca74f6:c8, ff101aed-a6b7-4de5-96bc-8545c1bca62b:c8]
2019-08-27 21:55:55,277 | INFO  | SCMAudit | user=jenkins1000 | ip=192.168.69.113 | op=SEND_HEARTBEAT {datanodeUUID=d16fede7-9c95-4edf-9c33-745cfaca74f6, command=[]} | ret=SUCCESS |  
2019-08-27 21:55:55,297 | INFO  | SCMAudit | user=jenkins1000 | ip=192.168.69.113 | op=SEND_HEARTBEAT {datanodeUUID=ff101aed-a6b7-4de5-96bc-8545c1bca62b, command=[]} | ret=SUCCESS |  
2019-08-27 21:55:55,297 | INFO  | SCMAudit | user=jenkins1000 | ip=192.168.69.113 | op=SEND_HEARTBEAT {datanodeUUID=7ad9a523-ea61-4de8-b564-9ed7c6de1fd1, command=[]} | ret=SUCCESS |  
2019-08-27 21:55:55,411 | INFO  | SCMAudit | user=jenkins1000 | ip=192.168.69.113 | op=SEND_HEARTBEAT {datanodeUUID=6fbb6c8f-68ec-4eec-acdd-5276ddf30de1, command=[]} | ret=SUCCESS |  
2019-08-27 21:55:55,611 | INFO  | SCMAudit | user=jenkins1000 | ip=192.168.69.113 | op=SEND_HEARTBEAT {datanodeUUID=803e2962-4b43-470b-a1eb-8fa95db682ee, command=[]} | ret=SUCCESS |  
2019-08-27 21:55:55,807 | INFO  | SCMAudit | user=jenkins1000 | ip=192.168.69.113 | op=SEND_HEARTBEAT {datanodeUUID=676885e1-3491-47d8-84ec-d928b9cef1c5, command=[]} | ret=SUCCESS |  
2019-08-27 21:55:56,170 | INFO  | SCMAudit | user=jenkins1000 | ip=192.168.69.113 | op=SEND_HEARTBEAT {datanodeUUID=6da4aad8-a4f6-4be0-a3fe-0ce626d82d81, command=[]} | ret=SUCCESS |  
2019-08-27 21:55:56,277 | INFO  | SCMAudit | user=jenkins1000 | ip=192.168.69.113 | op=SEND_HEARTBEAT {datanodeUUID=d16fede7-9c95-4edf-9c33-745cfaca74f6, command=[]} | ret=SUCCESS |  
2019-08-27 21:55:56,297 | INFO  | SCMAudit | user=jenkins1000 | ip=192.168.69.113 | op=SEND_HEARTBEAT {datanodeUUID=ff101aed-a6b7-4de5-96bc-8545c1bca62b, command=[]} | ret=SUCCESS |  
2019-08-27 21:55:56,298 | INFO  | SCMAudit | user=jenkins1000 | ip=192.168.69.113 | op=SEND_HEARTBEAT {datanodeUUID=7ad9a523-ea61-4de8-b564-9ed7c6de1fd1, command=[]} | ret=SUCCESS |  
2019-08-27 21:55:56,412 | INFO  | SCMAudit | user=jenkins1000 | ip=192.168.69.113 | op=SEND_HEARTBEAT {datanodeUUID=6fbb6c8f-68ec-4eec-acdd-5276ddf30de1, command=[]} | ret=SUCCESS |  
2019-08-27 21:55:56,611 | INFO  | SCMAudit | user=jenkins1000 | ip=192.168.69.113 | op=SEND_HEARTBEAT {datanodeUUID=803e2962-4b43-470b-a1eb-8fa95db682ee, command=[]} | ret=SUCCESS |  
2019-08-27 21:55:56,807 | INFO  | SCMAudit | user=jenkins1000 | ip=192.168.69.113 | op=SEND_HEARTBEAT {datanodeUUID=676885e1-3491-47d8-84ec-d928b9cef1c5, command=[]} | ret=SUCCESS |  
2019-08-27 21:55:57,171 | INFO  | SCMAudit | user=jenkins1000 | ip=192.168.69.113 | op=SEND_HEARTBEAT {datanodeUUID=6da4aad8-a4f6-4be0-a3fe-0ce626d82d81, command=[]} | ret=SUCCESS |  
2019-08-27 21:55:57,277 | INFO  | SCMAudit | user=jenkins1000 | ip=192.168.69.113 | op=SEND_HEARTBEAT {datanodeUUID=d16fede7-9c95-4edf-9c33-745cfaca74f6, command=[]} | ret=SUCCESS |  
2019-08-27 21:55:57,298 | INFO  | SCMAudit | user=jenkins1000 | ip=192.168.69.113 | op=SEND_HEARTBEAT {datanodeUUID=ff101aed-a6b7-4de5-96bc-8545c1bca62b, command=[]} | ret=SUCCESS |  
2019-08-27 21:55:57,298 | INFO  | SCMAudit | user=jenkins1000 | ip=192.168.69.113 | op=SEND_HEARTBEAT {datanodeUUID=7ad9a523-ea61-4de8-b564-9ed7c6de1fd1, command=[]} | ret=SUCCESS |  
2019-08-27 21:55:57,411 | INFO  | SCMAudit | user=jenkins1000 | ip=192.168.69.113 | op=SEND_HEARTBEAT {datanodeUUID=6fbb6c8f-68ec-4eec-acdd-5276ddf30de1, command=[]} | ret=SUCCESS |  
2019-08-27 21:55:57,611 | INFO  | SCMAudit | user=jenkins1000 | ip=192.168.69.113 | op=SEND_HEARTBEAT {datanodeUUID=803e2962-4b43-470b-a1eb-8fa95db682ee, command=[]} | ret=SUCCESS |  
2019-08-27 21:55:57,807 | INFO  | SCMAudit | user=jenkins1000 | ip=192.168.69.113 | op=SEND_HEARTBEAT {datanodeUUID=676885e1-3491-47d8-84ec-d928b9cef1c5, command=[]} | ret=SUCCESS |  
2019-08-27 21:55:58,171 | INFO  | SCMAudit | user=jenkins1000 | ip=192.168.69.113 | op=SEND_HEARTBEAT {datanodeUUID=6da4aad8-a4f6-4be0-a3fe-0ce626d82d81, command=[]} | ret=SUCCESS |  
2019-08-27 21:55:58,277 | INFO  | SCMAudit | user=jenkins1000 | ip=192.168.69.113 | op=SEND_HEARTBEAT {datanodeUUID=d16fede7-9c95-4edf-9c33-745cfaca74f6, command=[]} | ret=SUCCESS |  
2019-08-27 21:55:58,298 | INFO  | SCMAudit | user=jenkins1000 | ip=192.168.69.113 | op=SEND_HEARTBEAT {datanodeUUID=ff101aed-a6b7-4de5-96bc-8545c1bca62b, command=[]} | ret=SUCCESS |  
2019-08-27 21:55:58,298 | INFO  | SCMAudit | user=jenkins1000 | ip=192.168.69.113 | op=SEND_HEARTBEAT {datanodeUUID=7ad9a523-ea61-4de8-b564-9ed7c6de1fd1, command=[]} | ret=SUCCESS |  
2019-08-27 21:55:58,411 | INFO  | SCMAudit | user=jenkins1000 | ip=192.168.69.113 | op=SEND_HEARTBEAT {datanodeUUID=6fbb6c8f-68ec-4eec-acdd-5276ddf30de1, command=[]} | ret=SUCCESS |  
2019-08-27 21:55:58,611 | INFO  | SCMAudit | user=jenkins1000 | ip=192.168.69.113 | op=SEND_HEARTBEAT {datanodeUUID=803e2962-4b43-470b-a1eb-8fa95db682ee, command=[]} | ret=SUCCESS |  
2019-08-27 21:55:58,808 | INFO  | SCMAudit | user=jenkins1000 | ip=192.168.69.113 | op=SEND_HEARTBEAT {datanodeUUID=676885e1-3491-47d8-84ec-d928b9cef1c5, command=[]} | ret=SUCCESS |  
2019-08-27 21:55:59,171 | INFO  | SCMAudit | user=jenkins1000 | ip=192.168.69.113 | op=SEND_HEARTBEAT {datanodeUUID=6da4aad8-a4f6-4be0-a3fe-0ce626d82d81, command=[]} | ret=SUCCESS |  
2019-08-27 21:55:59,277 | INFO  | SCMAudit | user=jenkins1000 | ip=192.168.69.113 | op=SEND_HEARTBEAT {datanodeUUID=d16fede7-9c95-4edf-9c33-745cfaca74f6, command=[]} | ret=SUCCESS |  
2019-08-27 21:55:59,298 | INFO  | SCMAudit | user=jenkins1000 | ip=192.168.69.113 | op=SEND_HEARTBEAT {datanodeUUID=7ad9a523-ea61-4de8-b564-9ed7c6de1fd1, command=[]} | ret=SUCCESS |  
2019-08-27 21:55:59,298 | INFO  | SCMAudit | user=jenkins1000 | ip=192.168.69.113 | op=SEND_HEARTBEAT {datanodeUUID=ff101aed-a6b7-4de5-96bc-8545c1bca62b, command=[]} | ret=SUCCESS |  
2019-08-27 21:55:59,412 | INFO  | SCMAudit | user=jenkins1000 | ip=192.168.69.113 | op=SEND_HEARTBEAT {datanodeUUID=6fbb6c8f-68ec-4eec-acdd-5276ddf30de1, command=[]} | ret=SUCCESS |  
2019-08-27 21:55:59,612 | INFO  | SCMAudit | user=jenkins1000 | ip=192.168.69.113 | op=SEND_HEARTBEAT {datanodeUUID=803e2962-4b43-470b-a1eb-8fa95db682ee, command=[]} | ret=SUCCESS |  
2019-08-27 21:55:59,808 | INFO  | SCMAudit | user=jenkins1000 | ip=192.168.69.113 | op=SEND_HEARTBEAT {datanodeUUID=676885e1-3491-47d8-84ec-d928b9cef1c5, command=[]} | ret=SUCCESS |  
2019-08-27 21:56:00,171 | INFO  | SCMAudit | user=jenkins1000 | ip=192.168.69.113 | op=SEND_HEARTBEAT {datanodeUUID=6da4aad8-a4f6-4be0-a3fe-0ce626d82d81, command=[]} | ret=SUCCESS |  
2019-08-27 21:56:00,222 [grpc-default-executor-5] INFO  client.GrpcClientProtocolClient (GrpcClientProtocolClient.java:onNext(255)) - client-9C14CD88FCAE->ff101aed-a6b7-4de5-96bc-8545c1bca62b: receive RaftClientReply:client-9C14CD88FCAE->ff101aed-a6b7-4de5-96bc-8545c1bca62b@group-92F312A34A51, cid=45, FAILED org.apache.ratis.protocol.NotLeaderException: Server ff101aed-a6b7-4de5-96bc-8545c1bca62b is not the leader (d16fede7-9c95-4edf-9c33-745cfaca74f6:192.168.69.113:38146). Request must be sent to leader., logIndex=0, commits[ff101aed-a6b7-4de5-96bc-8545c1bca62b:c8, d16fede7-9c95-4edf-9c33-745cfaca74f6:c8, 7ad9a523-ea61-4de8-b564-9ed7c6de1fd1:c8]
2019-08-27 21:56:00,278 | INFO  | SCMAudit | user=jenkins1000 | ip=192.168.69.113 | op=SEND_HEARTBEAT {datanodeUUID=d16fede7-9c95-4edf-9c33-745cfaca74f6, command=[]} | ret=SUCCESS |  
2019-08-27 21:56:00,298 | INFO  | SCMAudit | user=jenkins1000 | ip=192.168.69.113 | op=SEND_HEARTBEAT {datanodeUUID=7ad9a523-ea61-4de8-b564-9ed7c6de1fd1, command=[]} | ret=SUCCESS |  
2019-08-27 21:56:00,298 | INFO  | SCMAudit | user=jenkins1000 | ip=192.168.69.113 | op=SEND_HEARTBEAT {datanodeUUID=ff101aed-a6b7-4de5-96bc-8545c1bca62b, command=[]} | ret=SUCCESS |  
2019-08-27 21:56:00,411 | INFO  | SCMAudit | user=jenkins1000 | ip=192.168.69.113 | op=SEND_HEARTBEAT {datanodeUUID=6fbb6c8f-68ec-4eec-acdd-5276ddf30de1, command=[]} | ret=SUCCESS |  
2019-08-27 21:56:00,611 | INFO  | SCMAudit | user=jenkins1000 | ip=192.168.69.113 | op=SEND_HEARTBEAT {datanodeUUID=803e2962-4b43-470b-a1eb-8fa95db682ee, command=[]} | ret=SUCCESS |  
2019-08-27 21:56:00,808 | INFO  | SCMAudit | user=jenkins1000 | ip=192.168.69.113 | op=SEND_HEARTBEAT {datanodeUUID=676885e1-3491-47d8-84ec-d928b9cef1c5, command=[]} | ret=SUCCESS |  
2019-08-27 21:56:01,171 | INFO  | SCMAudit | user=jenkins1000 | ip=192.168.69.113 | op=SEND_HEARTBEAT {datanodeUUID=6da4aad8-a4f6-4be0-a3fe-0ce626d82d81, command=[]} | ret=SUCCESS |  
2019-08-27 21:56:01,279 | INFO  | SCMAudit | user=jenkins1000 | ip=192.168.69.113 | op=SEND_HEARTBEAT {datanodeUUID=d16fede7-9c95-4edf-9c33-745cfaca74f6, command=[]} | ret=SUCCESS |  
2019-08-27 21:56:01,298 | INFO  | SCMAudit | user=jenkins1000 | ip=192.168.69.113 | op=SEND_HEARTBEAT {datanodeUUID=ff101aed-a6b7-4de5-96bc-8545c1bca62b, command=[]} | ret=SUCCESS |  
2019-08-27 21:56:01,298 | INFO  | SCMAudit | user=jenkins1000 | ip=192.168.69.113 | op=SEND_HEARTBEAT {datanodeUUID=7ad9a523-ea61-4de8-b564-9ed7c6de1fd1, command=[]} | ret=SUCCESS |  
2019-08-27 21:56:01,412 | INFO  | SCMAudit | user=jenkins1000 | ip=192.168.69.113 | op=SEND_HEARTBEAT {datanodeUUID=6fbb6c8f-68ec-4eec-acdd-5276ddf30de1, command=[]} | ret=SUCCESS |  
2019-08-27 21:56:01,611 | INFO  | SCMAudit | user=jenkins1000 | ip=192.168.69.113 | op=SEND_HEARTBEAT {datanodeUUID=803e2962-4b43-470b-a1eb-8fa95db682ee, command=[]} | ret=SUCCESS |  
2019-08-27 21:56:01,808 | INFO  | SCMAudit | user=jenkins1000 | ip=192.168.69.113 | op=SEND_HEARTBEAT {datanodeUUID=676885e1-3491-47d8-84ec-d928b9cef1c5, command=[]} | ret=SUCCESS |  
2019-08-27 21:56:02,172 | INFO  | SCMAudit | user=jenkins1000 | ip=192.168.69.113 | op=SEND_HEARTBEAT {datanodeUUID=6da4aad8-a4f6-4be0-a3fe-0ce626d82d81, command=[]} | ret=SUCCESS |  
2019-08-27 21:56:02,279 | INFO  | SCMAudit | user=jenkins1000 | ip=192.168.69.113 | op=SEND_HEARTBEAT {datanodeUUID=d16fede7-9c95-4edf-9c33-745cfaca74f6, command=[]} | ret=SUCCESS |  
2019-08-27 21:56:02,298 | INFO  | SCMAudit | user=jenkins1000 | ip=192.168.69.113 | op=SEND_HEARTBEAT {datanodeUUID=7ad9a523-ea61-4de8-b564-9ed7c6de1fd1, command=[]} | ret=SUCCESS |  
2019-08-27 21:56:02,298 | INFO  | SCMAudit | user=jenkins1000 | ip=192.168.69.113 | op=SEND_HEARTBEAT {datanodeUUID=ff101aed-a6b7-4de5-96bc-8545c1bca62b, command=[]} | ret=SUCCESS |  
2019-08-27 21:56:02,411 | INFO  | SCMAudit | user=jenkins1000 | ip=192.168.69.113 | op=SEND_HEARTBEAT {datanodeUUID=6fbb6c8f-68ec-4eec-acdd-5276ddf30de1, command=[]} | ret=SUCCESS |  
2019-08-27 21:56:02,612 | INFO  | SCMAudit | user=jenkins1000 | ip=192.168.69.113 | op=SEND_HEARTBEAT {datanodeUUID=803e2962-4b43-470b-a1eb-8fa95db682ee, command=[]} | ret=SUCCESS |  
2019-08-27 21:56:02,809 | INFO  | SCMAudit | user=jenkins1000 | ip=192.168.69.113 | op=SEND_HEARTBEAT {datanodeUUID=676885e1-3491-47d8-84ec-d928b9cef1c5, command=[]} | ret=SUCCESS |  
2019-08-27 21:56:03,172 | INFO  | SCMAudit | user=jenkins1000 | ip=192.168.69.113 | op=SEND_HEARTBEAT {datanodeUUID=6da4aad8-a4f6-4be0-a3fe-0ce626d82d81, command=[]} | ret=SUCCESS |  
2019-08-27 21:56:03,279 | INFO  | SCMAudit | user=jenkins1000 | ip=192.168.69.113 | op=SEND_HEARTBEAT {datanodeUUID=d16fede7-9c95-4edf-9c33-745cfaca74f6, command=[]} | ret=SUCCESS |  
2019-08-27 21:56:03,299 | INFO  | SCMAudit | user=jenkins1000 | ip=192.168.69.113 | op=SEND_HEARTBEAT {datanodeUUID=7ad9a523-ea61-4de8-b564-9ed7c6de1fd1, command=[]} | ret=SUCCESS |  
2019-08-27 21:56:03,299 | INFO  | SCMAudit | user=jenkins1000 | ip=192.168.69.113 | op=SEND_HEARTBEAT {datanodeUUID=ff101aed-a6b7-4de5-96bc-8545c1bca62b, command=[]} | ret=SUCCESS |  
2019-08-27 21:56:03,412 | INFO  | SCMAudit | user=jenkins1000 | ip=192.168.69.113 | op=SEND_HEARTBEAT {datanodeUUID=6fbb6c8f-68ec-4eec-acdd-5276ddf30de1, command=[]} | ret=SUCCESS |  
2019-08-27 21:56:03,611 | INFO  | SCMAudit | user=jenkins1000 | ip=192.168.69.113 | op=SEND_HEARTBEAT {datanodeUUID=803e2962-4b43-470b-a1eb-8fa95db682ee, command=[]} | ret=SUCCESS |  
2019-08-27 21:56:03,809 | INFO  | SCMAudit | user=jenkins1000 | ip=192.168.69.113 | op=SEND_HEARTBEAT {datanodeUUID=676885e1-3491-47d8-84ec-d928b9cef1c5, command=[]} | ret=SUCCESS |  
2019-08-27 21:56:04,173 | INFO  | SCMAudit | user=jenkins1000 | ip=192.168.69.113 | op=SEND_HEARTBEAT {datanodeUUID=6da4aad8-a4f6-4be0-a3fe-0ce626d82d81, command=[]} | ret=SUCCESS |  
2019-08-27 21:56:04,280 | INFO  | SCMAudit | user=jenkins1000 | ip=192.168.69.113 | op=SEND_HEARTBEAT {datanodeUUID=d16fede7-9c95-4edf-9c33-745cfaca74f6, command=[]} | ret=SUCCESS |  
2019-08-27 21:56:04,299 | INFO  | SCMAudit | user=jenkins1000 | ip=192.168.69.113 | op=SEND_HEARTBEAT {datanodeUUID=ff101aed-a6b7-4de5-96bc-8545c1bca62b, command=[]} | ret=SUCCESS |  
2019-08-27 21:56:04,299 | INFO  | SCMAudit | user=jenkins1000 | ip=192.168.69.113 | op=SEND_HEARTBEAT {datanodeUUID=7ad9a523-ea61-4de8-b564-9ed7c6de1fd1, command=[]} | ret=SUCCESS |  
2019-08-27 21:56:04,411 | INFO  | SCMAudit | user=jenkins1000 | ip=192.168.69.113 | op=SEND_HEARTBEAT {datanodeUUID=6fbb6c8f-68ec-4eec-acdd-5276ddf30de1, command=[]} | ret=SUCCESS |  
2019-08-27 21:56:04,611 | INFO  | SCMAudit | user=jenkins1000 | ip=192.168.69.113 | op=SEND_HEARTBEAT {datanodeUUID=803e2962-4b43-470b-a1eb-8fa95db682ee, command=[]} | ret=SUCCESS |  
2019-08-27 21:56:04,809 | INFO  | SCMAudit | user=jenkins1000 | ip=192.168.69.113 | op=SEND_HEARTBEAT {datanodeUUID=676885e1-3491-47d8-84ec-d928b9cef1c5, command=[]} | ret=SUCCESS |  
2019-08-27 21:56:05,173 | INFO  | SCMAudit | user=jenkins1000 | ip=192.168.69.113 | op=SEND_HEARTBEAT {datanodeUUID=6da4aad8-a4f6-4be0-a3fe-0ce626d82d81, command=[]} | ret=SUCCESS |  
2019-08-27 21:56:05,264 [grpc-default-executor-6] INFO  client.GrpcClientProtocolClient (GrpcClientProtocolClient.java:onNext(255)) - client-9C14CD88FCAE->7ad9a523-ea61-4de8-b564-9ed7c6de1fd1: receive RaftClientReply:client-9C14CD88FCAE->7ad9a523-ea61-4de8-b564-9ed7c6de1fd1@group-92F312A34A51, cid=45, FAILED org.apache.ratis.protocol.NotLeaderException: Server 7ad9a523-ea61-4de8-b564-9ed7c6de1fd1 is not the leader (d16fede7-9c95-4edf-9c33-745cfaca74f6:192.168.69.113:38146). Request must be sent to leader., logIndex=0, commits[7ad9a523-ea61-4de8-b564-9ed7c6de1fd1:c8, d16fede7-9c95-4edf-9c33-745cfaca74f6:c8, ff101aed-a6b7-4de5-96bc-8545c1bca62b:c8]
2019-08-27 21:56:05,280 | INFO  | SCMAudit | user=jenkins1000 | ip=192.168.69.113 | op=SEND_HEARTBEAT {datanodeUUID=d16fede7-9c95-4edf-9c33-745cfaca74f6, command=[]} | ret=SUCCESS |  
2019-08-27 21:56:05,299 | INFO  | SCMAudit | user=jenkins1000 | ip=192.168.69.113 | op=SEND_HEARTBEAT {datanodeUUID=7ad9a523-ea61-4de8-b564-9ed7c6de1fd1, command=[]} | ret=SUCCESS |  
2019-08-27 21:56:05,299 | INFO  | SCMAudit | user=jenkins1000 | ip=192.168.69.113 | op=SEND_HEARTBEAT {datanodeUUID=ff101aed-a6b7-4de5-96bc-8545c1bca62b, command=[]} | ret=SUCCESS |  
2019-08-27 21:56:05,414 | INFO  | SCMAudit | user=jenkins1000 | ip=192.168.69.113 | op=SEND_HEARTBEAT {datanodeUUID=6fbb6c8f-68ec-4eec-acdd-5276ddf30de1, command=[]} | ret=SUCCESS |  
2019-08-27 21:56:05,612 | INFO  | SCMAudit | user=jenkins1000 | ip=192.168.69.113 | op=SEND_HEARTBEAT {datanodeUUID=803e2962-4b43-470b-a1eb-8fa95db682ee, command=[]} | ret=SUCCESS |  
2019-08-27 21:56:05,810 | INFO  | SCMAudit | user=jenkins1000 | ip=192.168.69.113 | op=SEND_HEARTBEAT {datanodeUUID=676885e1-3491-47d8-84ec-d928b9cef1c5, command=[]} | ret=SUCCESS |  
2019-08-27 21:56:06,173 | INFO  | SCMAudit | user=jenkins1000 | ip=192.168.69.113 | op=SEND_HEARTBEAT {datanodeUUID=6da4aad8-a4f6-4be0-a3fe-0ce626d82d81, command=[]} | ret=SUCCESS |  
2019-08-27 21:56:06,280 | INFO  | SCMAudit | user=jenkins1000 | ip=192.168.69.113 | op=SEND_HEARTBEAT {datanodeUUID=d16fede7-9c95-4edf-9c33-745cfaca74f6, command=[]} | ret=SUCCESS |  
2019-08-27 21:56:06,299 | INFO  | SCMAudit | user=jenkins1000 | ip=192.168.69.113 | op=SEND_HEARTBEAT {datanodeUUID=7ad9a523-ea61-4de8-b564-9ed7c6de1fd1, command=[]} | ret=SUCCESS |  
2019-08-27 21:56:06,299 | INFO  | SCMAudit | user=jenkins1000 | ip=192.168.69.113 | op=SEND_HEARTBEAT {datanodeUUID=ff101aed-a6b7-4de5-96bc-8545c1bca62b, command=[]} | ret=SUCCESS |  
2019-08-27 21:56:06,411 | INFO  | SCMAudit | user=jenkins1000 | ip=192.168.69.113 | op=SEND_HEARTBEAT {datanodeUUID=6fbb6c8f-68ec-4eec-acdd-5276ddf30de1, command=[]} | ret=SUCCESS |  
2019-08-27 21:56:06,611 | INFO  | SCMAudit | user=jenkins1000 | ip=192.168.69.113 | op=SEND_HEARTBEAT {datanodeUUID=803e2962-4b43-470b-a1eb-8fa95db682ee, command=[]} | ret=SUCCESS |  
2019-08-27 21:56:06,810 | INFO  | SCMAudit | user=jenkins1000 | ip=192.168.69.113 | op=SEND_HEARTBEAT {datanodeUUID=676885e1-3491-47d8-84ec-d928b9cef1c5, command=[]} | ret=SUCCESS |  
2019-08-27 21:56:07,174 | INFO  | SCMAudit | user=jenkins1000 | ip=192.168.69.113 | op=SEND_HEARTBEAT {datanodeUUID=6da4aad8-a4f6-4be0-a3fe-0ce626d82d81, command=[]} | ret=SUCCESS |  
2019-08-27 21:56:07,280 | INFO  | SCMAudit | user=jenkins1000 | ip=192.168.69.113 | op=SEND_HEARTBEAT {datanodeUUID=d16fede7-9c95-4edf-9c33-745cfaca74f6, command=[]} | ret=SUCCESS |  
2019-08-27 21:56:07,299 | INFO  | SCMAudit | user=jenkins1000 | ip=192.168.69.113 | op=SEND_HEARTBEAT {datanodeUUID=7ad9a523-ea61-4de8-b564-9ed7c6de1fd1, command=[]} | ret=SUCCESS |  
2019-08-27 21:56:07,299 | INFO  | SCMAudit | user=jenkins1000 | ip=192.168.69.113 | op=SEND_HEARTBEAT {datanodeUUID=ff101aed-a6b7-4de5-96bc-8545c1bca62b, command=[]} | ret=SUCCESS |  
2019-08-27 21:56:07,412 | INFO  | SCMAudit | user=jenkins1000 | ip=192.168.69.113 | op=SEND_HEARTBEAT {datanodeUUID=6fbb6c8f-68ec-4eec-acdd-5276ddf30de1, command=[]} | ret=SUCCESS |  
2019-08-27 21:56:07,611 | INFO  | SCMAudit | user=jenkins1000 | ip=192.168.69.113 | op=SEND_HEARTBEAT {datanodeUUID=803e2962-4b43-470b-a1eb-8fa95db682ee, command=[]} | ret=SUCCESS |  
2019-08-27 21:56:07,811 | INFO  | SCMAudit | user=jenkins1000 | ip=192.168.69.113 | op=SEND_HEARTBEAT {datanodeUUID=676885e1-3491-47d8-84ec-d928b9cef1c5, command=[]} | ret=SUCCESS |  
2019-08-27 21:56:08,173 | INFO  | SCMAudit | user=jenkins1000 | ip=192.168.69.113 | op=SEND_HEARTBEAT {datanodeUUID=6da4aad8-a4f6-4be0-a3fe-0ce626d82d81, command=[]} | ret=SUCCESS |  
2019-08-27 21:56:08,286 | INFO  | SCMAudit | user=jenkins1000 | ip=192.168.69.113 | op=SEND_HEARTBEAT {datanodeUUID=d16fede7-9c95-4edf-9c33-745cfaca74f6, command=[]} | ret=SUCCESS |  
2019-08-27 21:56:08,299 | INFO  | SCMAudit | user=jenkins1000 | ip=192.168.69.113 | op=SEND_HEARTBEAT {datanodeUUID=7ad9a523-ea61-4de8-b564-9ed7c6de1fd1, command=[]} | ret=SUCCESS |  
2019-08-27 21:56:08,299 | INFO  | SCMAudit | user=jenkins1000 | ip=192.168.69.113 | op=SEND_HEARTBEAT {datanodeUUID=ff101aed-a6b7-4de5-96bc-8545c1bca62b, command=[]} | ret=SUCCESS |  
2019-08-27 21:56:08,411 | INFO  | SCMAudit | user=jenkins1000 | ip=192.168.69.113 | op=SEND_HEARTBEAT {datanodeUUID=6fbb6c8f-68ec-4eec-acdd-5276ddf30de1, command=[]} | ret=SUCCESS |  
2019-08-27 21:56:08,612 | INFO  | SCMAudit | user=jenkins1000 | ip=192.168.69.113 | op=SEND_HEARTBEAT {datanodeUUID=803e2962-4b43-470b-a1eb-8fa95db682ee, command=[]} | ret=SUCCESS |  
2019-08-27 21:56:08,810 | INFO  | SCMAudit | user=jenkins1000 | ip=192.168.69.113 | op=SEND_HEARTBEAT {datanodeUUID=676885e1-3491-47d8-84ec-d928b9cef1c5, command=[]} | ret=SUCCESS |  
2019-08-27 21:56:09,173 | INFO  | SCMAudit | user=jenkins1000 | ip=192.168.69.113 | op=SEND_HEARTBEAT {datanodeUUID=6da4aad8-a4f6-4be0-a3fe-0ce626d82d81, command=[]} | ret=SUCCESS |  
2019-08-27 21:56:09,286 | INFO  | SCMAudit | user=jenkins1000 | ip=192.168.69.113 | op=SEND_HEARTBEAT {datanodeUUID=d16fede7-9c95-4edf-9c33-745cfaca74f6, command=[]} | ret=SUCCESS |  
2019-08-27 21:56:09,299 | INFO  | SCMAudit | user=jenkins1000 | ip=192.168.69.113 | op=SEND_HEARTBEAT {datanodeUUID=7ad9a523-ea61-4de8-b564-9ed7c6de1fd1, command=[]} | ret=SUCCESS |  
2019-08-27 21:56:09,299 | INFO  | SCMAudit | user=jenkins1000 | ip=192.168.69.113 | op=SEND_HEARTBEAT {datanodeUUID=ff101aed-a6b7-4de5-96bc-8545c1bca62b, command=[]} | ret=SUCCESS |  
2019-08-27 21:56:09,411 | INFO  | SCMAudit | user=jenkins1000 | ip=192.168.69.113 | op=SEND_HEARTBEAT {datanodeUUID=6fbb6c8f-68ec-4eec-acdd-5276ddf30de1, command=[]} | ret=SUCCESS |  
2019-08-27 21:56:09,611 | INFO  | SCMAudit | user=jenkins1000 | ip=192.168.69.113 | op=SEND_HEARTBEAT {datanodeUUID=803e2962-4b43-470b-a1eb-8fa95db682ee, command=[]} | ret=SUCCESS |  
2019-08-27 21:56:09,810 | INFO  | SCMAudit | user=jenkins1000 | ip=192.168.69.113 | op=SEND_HEARTBEAT {datanodeUUID=676885e1-3491-47d8-84ec-d928b9cef1c5, command=[]} | ret=SUCCESS |  
2019-08-27 21:56:10,173 | INFO  | SCMAudit | user=jenkins1000 | ip=192.168.69.113 | op=SEND_HEARTBEAT {datanodeUUID=6da4aad8-a4f6-4be0-a3fe-0ce626d82d81, command=[]} | ret=SUCCESS |  
2019-08-27 21:56:10,286 | INFO  | SCMAudit | user=jenkins1000 | ip=192.168.69.113 | op=SEND_HEARTBEAT {datanodeUUID=d16fede7-9c95-4edf-9c33-745cfaca74f6, command=[]} | ret=SUCCESS |  
2019-08-27 21:56:10,302 | INFO  | SCMAudit | user=jenkins1000 | ip=192.168.69.113 | op=SEND_HEARTBEAT {datanodeUUID=7ad9a523-ea61-4de8-b564-9ed7c6de1fd1, command=[]} | ret=SUCCESS |  
2019-08-27 21:56:10,302 | INFO  | SCMAudit | user=jenkins1000 | ip=192.168.69.113 | op=SEND_HEARTBEAT {datanodeUUID=ff101aed-a6b7-4de5-96bc-8545c1bca62b, command=[]} | ret=SUCCESS |  
2019-08-27 21:56:10,303 [grpc-default-executor-6] INFO  client.GrpcClientProtocolClient (GrpcClientProtocolClient.java:onNext(255)) - client-9C14CD88FCAE->ff101aed-a6b7-4de5-96bc-8545c1bca62b: receive RaftClientReply:client-9C14CD88FCAE->ff101aed-a6b7-4de5-96bc-8545c1bca62b@group-92F312A34A51, cid=45, FAILED org.apache.ratis.protocol.NotLeaderException: Server ff101aed-a6b7-4de5-96bc-8545c1bca62b is not the leader (d16fede7-9c95-4edf-9c33-745cfaca74f6:192.168.69.113:38146). Request must be sent to leader., logIndex=0, commits[ff101aed-a6b7-4de5-96bc-8545c1bca62b:c8, d16fede7-9c95-4edf-9c33-745cfaca74f6:c8, 7ad9a523-ea61-4de8-b564-9ed7c6de1fd1:c8]
2019-08-27 21:56:10,411 | INFO  | SCMAudit | user=jenkins1000 | ip=192.168.69.113 | op=SEND_HEARTBEAT {datanodeUUID=6fbb6c8f-68ec-4eec-acdd-5276ddf30de1, command=[]} | ret=SUCCESS |  
2019-08-27 21:56:10,611 | INFO  | SCMAudit | user=jenkins1000 | ip=192.168.69.113 | op=SEND_HEARTBEAT {datanodeUUID=803e2962-4b43-470b-a1eb-8fa95db682ee, command=[]} | ret=SUCCESS |  
2019-08-27 21:56:10,811 | INFO  | SCMAudit | user=jenkins1000 | ip=192.168.69.113 | op=SEND_HEARTBEAT {datanodeUUID=676885e1-3491-47d8-84ec-d928b9cef1c5, command=[]} | ret=SUCCESS |  
2019-08-27 21:56:11,174 | INFO  | SCMAudit | user=jenkins1000 | ip=192.168.69.113 | op=SEND_HEARTBEAT {datanodeUUID=6da4aad8-a4f6-4be0-a3fe-0ce626d82d81, command=[]} | ret=SUCCESS |  
2019-08-27 21:56:11,287 | INFO  | SCMAudit | user=jenkins1000 | ip=192.168.69.113 | op=SEND_HEARTBEAT {datanodeUUID=d16fede7-9c95-4edf-9c33-745cfaca74f6, command=[]} | ret=SUCCESS |  
2019-08-27 21:56:11,299 | INFO  | SCMAudit | user=jenkins1000 | ip=192.168.69.113 | op=SEND_HEARTBEAT {datanodeUUID=ff101aed-a6b7-4de5-96bc-8545c1bca62b, command=[]} | ret=SUCCESS |  
2019-08-27 21:56:11,299 | INFO  | SCMAudit | user=jenkins1000 | ip=192.168.69.113 | op=SEND_HEARTBEAT {datanodeUUID=7ad9a523-ea61-4de8-b564-9ed7c6de1fd1, command=[]} | ret=SUCCESS |  
2019-08-27 21:56:11,411 | INFO  | SCMAudit | user=jenkins1000 | ip=192.168.69.113 | op=SEND_HEARTBEAT {datanodeUUID=6fbb6c8f-68ec-4eec-acdd-5276ddf30de1, command=[]} | ret=SUCCESS |  
2019-08-27 21:56:11,611 | INFO  | SCMAudit | user=jenkins1000 | ip=192.168.69.113 | op=SEND_HEARTBEAT {datanodeUUID=803e2962-4b43-470b-a1eb-8fa95db682ee, command=[]} | ret=SUCCESS |  
2019-08-27 21:56:11,810 | INFO  | SCMAudit | user=jenkins1000 | ip=192.168.69.113 | op=SEND_HEARTBEAT {datanodeUUID=676885e1-3491-47d8-84ec-d928b9cef1c5, command=[]} | ret=SUCCESS |  
2019-08-27 21:56:12,173 | INFO  | SCMAudit | user=jenkins1000 | ip=192.168.69.113 | op=SEND_HEARTBEAT {datanodeUUID=6da4aad8-a4f6-4be0-a3fe-0ce626d82d81, command=[]} | ret=SUCCESS |  
2019-08-27 21:56:12,287 | INFO  | SCMAudit | user=jenkins1000 | ip=192.168.69.113 | op=SEND_HEARTBEAT {datanodeUUID=d16fede7-9c95-4edf-9c33-745cfaca74f6, command=[]} | ret=SUCCESS |  
2019-08-27 21:56:12,299 | INFO  | SCMAudit | user=jenkins1000 | ip=192.168.69.113 | op=SEND_HEARTBEAT {datanodeUUID=7ad9a523-ea61-4de8-b564-9ed7c6de1fd1, command=[]} | ret=SUCCESS |  
2019-08-27 21:56:12,299 | INFO  | SCMAudit | user=jenkins1000 | ip=192.168.69.113 | op=SEND_HEARTBEAT {datanodeUUID=ff101aed-a6b7-4de5-96bc-8545c1bca62b, command=[]} | ret=SUCCESS |  
2019-08-27 21:56:12,412 | INFO  | SCMAudit | user=jenkins1000 | ip=192.168.69.113 | op=SEND_HEARTBEAT {datanodeUUID=6fbb6c8f-68ec-4eec-acdd-5276ddf30de1, command=[]} | ret=SUCCESS |  
2019-08-27 21:56:12,612 | INFO  | SCMAudit | user=jenkins1000 | ip=192.168.69.113 | op=SEND_HEARTBEAT {datanodeUUID=803e2962-4b43-470b-a1eb-8fa95db682ee, command=[]} | ret=SUCCESS |  
2019-08-27 21:56:12,810 | INFO  | SCMAudit | user=jenkins1000 | ip=192.168.69.113 | op=SEND_HEARTBEAT {datanodeUUID=676885e1-3491-47d8-84ec-d928b9cef1c5, command=[]} | ret=SUCCESS |  
2019-08-27 21:56:13,173 | INFO  | SCMAudit | user=jenkins1000 | ip=192.168.69.113 | op=SEND_HEARTBEAT {datanodeUUID=6da4aad8-a4f6-4be0-a3fe-0ce626d82d81, command=[]} | ret=SUCCESS |  
2019-08-27 21:56:13,288 | INFO  | SCMAudit | user=jenkins1000 | ip=192.168.69.113 | op=SEND_HEARTBEAT {datanodeUUID=d16fede7-9c95-4edf-9c33-745cfaca74f6, command=[]} | ret=SUCCESS |  
2019-08-27 21:56:13,299 | INFO  | SCMAudit | user=jenkins1000 | ip=192.168.69.113 | op=SEND_HEARTBEAT {datanodeUUID=7ad9a523-ea61-4de8-b564-9ed7c6de1fd1, command=[]} | ret=SUCCESS |  
2019-08-27 21:56:13,299 | INFO  | SCMAudit | user=jenkins1000 | ip=192.168.69.113 | op=SEND_HEARTBEAT {datanodeUUID=ff101aed-a6b7-4de5-96bc-8545c1bca62b, command=[]} | ret=SUCCESS |  
2019-08-27 21:56:13,411 | INFO  | SCMAudit | user=jenkins1000 | ip=192.168.69.113 | op=SEND_HEARTBEAT {datanodeUUID=6fbb6c8f-68ec-4eec-acdd-5276ddf30de1, command=[]} | ret=SUCCESS |  
2019-08-27 21:56:13,611 | INFO  | SCMAudit | user=jenkins1000 | ip=192.168.69.113 | op=SEND_HEARTBEAT {datanodeUUID=803e2962-4b43-470b-a1eb-8fa95db682ee, command=[]} | ret=SUCCESS |  
2019-08-27 21:56:13,811 | INFO  | SCMAudit | user=jenkins1000 | ip=192.168.69.113 | op=SEND_HEARTBEAT {datanodeUUID=676885e1-3491-47d8-84ec-d928b9cef1c5, command=[]} | ret=SUCCESS |  
2019-08-27 21:56:14,174 | INFO  | SCMAudit | user=jenkins1000 | ip=192.168.69.113 | op=SEND_HEARTBEAT {datanodeUUID=6da4aad8-a4f6-4be0-a3fe-0ce626d82d81, command=[]} | ret=SUCCESS |  
2019-08-27 21:56:14,288 | INFO  | SCMAudit | user=jenkins1000 | ip=192.168.69.113 | op=SEND_HEARTBEAT {datanodeUUID=d16fede7-9c95-4edf-9c33-745cfaca74f6, command=[]} | ret=SUCCESS |  
2019-08-27 21:56:14,300 | INFO  | SCMAudit | user=jenkins1000 | ip=192.168.69.113 | op=SEND_HEARTBEAT {datanodeUUID=ff101aed-a6b7-4de5-96bc-8545c1bca62b, command=[]} | ret=SUCCESS |  
2019-08-27 21:56:14,301 | INFO  | SCMAudit | user=jenkins1000 | ip=192.168.69.113 | op=SEND_HEARTBEAT {datanodeUUID=7ad9a523-ea61-4de8-b564-9ed7c6de1fd1, command=[]} | ret=SUCCESS |  
2019-08-27 21:56:14,411 | INFO  | SCMAudit | user=jenkins1000 | ip=192.168.69.113 | op=SEND_HEARTBEAT {datanodeUUID=6fbb6c8f-68ec-4eec-acdd-5276ddf30de1, command=[]} | ret=SUCCESS |  
2019-08-27 21:56:14,611 | INFO  | SCMAudit | user=jenkins1000 | ip=192.168.69.113 | op=SEND_HEARTBEAT {datanodeUUID=803e2962-4b43-470b-a1eb-8fa95db682ee, command=[]} | ret=SUCCESS |  
2019-08-27 21:56:14,810 | INFO  | SCMAudit | user=jenkins1000 | ip=192.168.69.113 | op=SEND_HEARTBEAT {datanodeUUID=676885e1-3491-47d8-84ec-d928b9cef1c5, command=[]} | ret=SUCCESS |  
2019-08-27 21:56:15,173 | INFO  | SCMAudit | user=jenkins1000 | ip=192.168.69.113 | op=SEND_HEARTBEAT {datanodeUUID=6da4aad8-a4f6-4be0-a3fe-0ce626d82d81, command=[]} | ret=SUCCESS |  
2019-08-27 21:56:15,288 | INFO  | SCMAudit | user=jenkins1000 | ip=192.168.69.113 | op=SEND_HEARTBEAT {datanodeUUID=d16fede7-9c95-4edf-9c33-745cfaca74f6, command=[]} | ret=SUCCESS |  
2019-08-27 21:56:15,300 | INFO  | SCMAudit | user=jenkins1000 | ip=192.168.69.113 | op=SEND_HEARTBEAT {datanodeUUID=7ad9a523-ea61-4de8-b564-9ed7c6de1fd1, command=[]} | ret=SUCCESS |  
2019-08-27 21:56:15,300 | INFO  | SCMAudit | user=jenkins1000 | ip=192.168.69.113 | op=SEND_HEARTBEAT {datanodeUUID=ff101aed-a6b7-4de5-96bc-8545c1bca62b, command=[]} | ret=SUCCESS |  
2019-08-27 21:56:15,354 [grpc-default-executor-5] INFO  client.GrpcClientProtocolClient (GrpcClientProtocolClient.java:onNext(255)) - client-9C14CD88FCAE->ff101aed-a6b7-4de5-96bc-8545c1bca62b: receive RaftClientReply:client-9C14CD88FCAE->ff101aed-a6b7-4de5-96bc-8545c1bca62b@group-92F312A34A51, cid=45, FAILED org.apache.ratis.protocol.NotLeaderException: Server ff101aed-a6b7-4de5-96bc-8545c1bca62b is not the leader (d16fede7-9c95-4edf-9c33-745cfaca74f6:192.168.69.113:38146). Request must be sent to leader., logIndex=0, commits[ff101aed-a6b7-4de5-96bc-8545c1bca62b:c8, d16fede7-9c95-4edf-9c33-745cfaca74f6:c8, 7ad9a523-ea61-4de8-b564-9ed7c6de1fd1:c8]
2019-08-27 21:56:15,412 | INFO  | SCMAudit | user=jenkins1000 | ip=192.168.69.113 | op=SEND_HEARTBEAT {datanodeUUID=6fbb6c8f-68ec-4eec-acdd-5276ddf30de1, command=[]} | ret=SUCCESS |  
2019-08-27 21:56:15,612 | INFO  | SCMAudit | user=jenkins1000 | ip=192.168.69.113 | op=SEND_HEARTBEAT {datanodeUUID=803e2962-4b43-470b-a1eb-8fa95db682ee, command=[]} | ret=SUCCESS |  
2019-08-27 21:56:15,810 | INFO  | SCMAudit | user=jenkins1000 | ip=192.168.69.113 | op=SEND_HEARTBEAT {datanodeUUID=676885e1-3491-47d8-84ec-d928b9cef1c5, command=[]} | ret=SUCCESS |  
2019-08-27 21:56:16,174 | INFO  | SCMAudit | user=jenkins1000 | ip=192.168.69.113 | op=SEND_HEARTBEAT {datanodeUUID=6da4aad8-a4f6-4be0-a3fe-0ce626d82d81, command=[]} | ret=SUCCESS |  
2019-08-27 21:56:16,289 | INFO  | SCMAudit | user=jenkins1000 | ip=192.168.69.113 | op=SEND_HEARTBEAT {datanodeUUID=d16fede7-9c95-4edf-9c33-745cfaca74f6, command=[]} | ret=SUCCESS |  
2019-08-27 21:56:16,300 | INFO  | SCMAudit | user=jenkins1000 | ip=192.168.69.113 | op=SEND_HEARTBEAT {datanodeUUID=7ad9a523-ea61-4de8-b564-9ed7c6de1fd1, command=[]} | ret=SUCCESS |  
2019-08-27 21:56:16,300 | INFO  | SCMAudit | user=jenkins1000 | ip=192.168.69.113 | op=SEND_HEARTBEAT {datanodeUUID=ff101aed-a6b7-4de5-96bc-8545c1bca62b, command=[]} | ret=SUCCESS |  
2019-08-27 21:56:16,411 | INFO  | SCMAudit | user=jenkins1000 | ip=192.168.69.113 | op=SEND_HEARTBEAT {datanodeUUID=6fbb6c8f-68ec-4eec-acdd-5276ddf30de1, command=[]} | ret=SUCCESS |  
2019-08-27 21:56:16,611 | INFO  | SCMAudit | user=jenkins1000 | ip=192.168.69.113 | op=SEND_HEARTBEAT {datanodeUUID=803e2962-4b43-470b-a1eb-8fa95db682ee, command=[]} | ret=SUCCESS |  
2019-08-27 21:56:16,810 | INFO  | SCMAudit | user=jenkins1000 | ip=192.168.69.113 | op=SEND_HEARTBEAT {datanodeUUID=676885e1-3491-47d8-84ec-d928b9cef1c5, command=[]} | ret=SUCCESS |  
2019-08-27 21:56:17,173 | INFO  | SCMAudit | user=jenkins1000 | ip=192.168.69.113 | op=SEND_HEARTBEAT {datanodeUUID=6da4aad8-a4f6-4be0-a3fe-0ce626d82d81, command=[]} | ret=SUCCESS |  
2019-08-27 21:56:17,289 | INFO  | SCMAudit | user=jenkins1000 | ip=192.168.69.113 | op=SEND_HEARTBEAT {datanodeUUID=d16fede7-9c95-4edf-9c33-745cfaca74f6, command=[]} | ret=SUCCESS |  
2019-08-27 21:56:17,300 | INFO  | SCMAudit | user=jenkins1000 | ip=192.168.69.113 | op=SEND_HEARTBEAT {datanodeUUID=7ad9a523-ea61-4de8-b564-9ed7c6de1fd1, command=[]} | ret=SUCCESS |  
2019-08-27 21:56:17,300 | INFO  | SCMAudit | user=jenkins1000 | ip=192.168.69.113 | op=SEND_HEARTBEAT {datanodeUUID=ff101aed-a6b7-4de5-96bc-8545c1bca62b, command=[]} | ret=SUCCESS |  
2019-08-27 21:56:17,411 | INFO  | SCMAudit | user=jenkins1000 | ip=192.168.69.113 | op=SEND_HEARTBEAT {datanodeUUID=6fbb6c8f-68ec-4eec-acdd-5276ddf30de1, command=[]} | ret=SUCCESS |  
2019-08-27 21:56:17,612 | INFO  | SCMAudit | user=jenkins1000 | ip=192.168.69.113 | op=SEND_HEARTBEAT {datanodeUUID=803e2962-4b43-470b-a1eb-8fa95db682ee, command=[]} | ret=SUCCESS |  
2019-08-27 21:56:17,811 | INFO  | SCMAudit | user=jenkins1000 | ip=192.168.69.113 | op=SEND_HEARTBEAT {datanodeUUID=676885e1-3491-47d8-84ec-d928b9cef1c5, command=[]} | ret=SUCCESS |  
2019-08-27 21:56:18,174 | INFO  | SCMAudit | user=jenkins1000 | ip=192.168.69.113 | op=SEND_HEARTBEAT {datanodeUUID=6da4aad8-a4f6-4be0-a3fe-0ce626d82d81, command=[]} | ret=SUCCESS |  
2019-08-27 21:56:18,290 | INFO  | SCMAudit | user=jenkins1000 | ip=192.168.69.113 | op=SEND_HEARTBEAT {datanodeUUID=d16fede7-9c95-4edf-9c33-745cfaca74f6, command=[]} | ret=SUCCESS |  
2019-08-27 21:56:18,300 | INFO  | SCMAudit | user=jenkins1000 | ip=192.168.69.113 | op=SEND_HEARTBEAT {datanodeUUID=7ad9a523-ea61-4de8-b564-9ed7c6de1fd1, command=[]} | ret=SUCCESS |  
2019-08-27 21:56:18,301 | INFO  | SCMAudit | user=jenkins1000 | ip=192.168.69.113 | op=SEND_HEARTBEAT {datanodeUUID=ff101aed-a6b7-4de5-96bc-8545c1bca62b, command=[]} | ret=SUCCESS |  
2019-08-27 21:56:18,412 | INFO  | SCMAudit | user=jenkins1000 | ip=192.168.69.113 | op=SEND_HEARTBEAT {datanodeUUID=6fbb6c8f-68ec-4eec-acdd-5276ddf30de1, command=[]} | ret=SUCCESS |  
2019-08-27 21:56:18,611 | INFO  | SCMAudit | user=jenkins1000 | ip=192.168.69.113 | op=SEND_HEARTBEAT {datanodeUUID=803e2962-4b43-470b-a1eb-8fa95db682ee, command=[]} | ret=SUCCESS |  
2019-08-27 21:56:18,810 | INFO  | SCMAudit | user=jenkins1000 | ip=192.168.69.113 | op=SEND_HEARTBEAT {datanodeUUID=676885e1-3491-47d8-84ec-d928b9cef1c5, command=[]} | ret=SUCCESS |  
2019-08-27 21:56:19,173 | INFO  | SCMAudit | user=jenkins1000 | ip=192.168.69.113 | op=SEND_HEARTBEAT {datanodeUUID=6da4aad8-a4f6-4be0-a3fe-0ce626d82d81, command=[]} | ret=SUCCESS |  
2019-08-27 21:56:19,289 | INFO  | SCMAudit | user=jenkins1000 | ip=192.168.69.113 | op=SEND_HEARTBEAT {datanodeUUID=d16fede7-9c95-4edf-9c33-745cfaca74f6, command=[]} | ret=SUCCESS |  
2019-08-27 21:56:19,300 | INFO  | SCMAudit | user=jenkins1000 | ip=192.168.69.113 | op=SEND_HEARTBEAT {datanodeUUID=7ad9a523-ea61-4de8-b564-9ed7c6de1fd1, command=[]} | ret=SUCCESS |  
2019-08-27 21:56:19,300 | INFO  | SCMAudit | user=jenkins1000 | ip=192.168.69.113 | op=SEND_HEARTBEAT {datanodeUUID=ff101aed-a6b7-4de5-96bc-8545c1bca62b, command=[]} | ret=SUCCESS |  
2019-08-27 21:56:19,412 | INFO  | SCMAudit | user=jenkins1000 | ip=192.168.69.113 | op=SEND_HEARTBEAT {datanodeUUID=6fbb6c8f-68ec-4eec-acdd-5276ddf30de1, command=[]} | ret=SUCCESS |  
2019-08-27 21:56:19,612 | INFO  | SCMAudit | user=jenkins1000 | ip=192.168.69.113 | op=SEND_HEARTBEAT {datanodeUUID=803e2962-4b43-470b-a1eb-8fa95db682ee, command=[]} | ret=SUCCESS |  
2019-08-27 21:56:19,810 | INFO  | SCMAudit | user=jenkins1000 | ip=192.168.69.113 | op=SEND_HEARTBEAT {datanodeUUID=676885e1-3491-47d8-84ec-d928b9cef1c5, command=[]} | ret=SUCCESS |  
2019-08-27 21:56:20,173 | INFO  | SCMAudit | user=jenkins1000 | ip=192.168.69.113 | op=SEND_HEARTBEAT {datanodeUUID=6da4aad8-a4f6-4be0-a3fe-0ce626d82d81, command=[]} | ret=SUCCESS |  
2019-08-27 21:56:20,289 | INFO  | SCMAudit | user=jenkins1000 | ip=192.168.69.113 | op=SEND_HEARTBEAT {datanodeUUID=d16fede7-9c95-4edf-9c33-745cfaca74f6, command=[]} | ret=SUCCESS |  
2019-08-27 21:56:20,300 | INFO  | SCMAudit | user=jenkins1000 | ip=192.168.69.113 | op=SEND_HEARTBEAT {datanodeUUID=ff101aed-a6b7-4de5-96bc-8545c1bca62b, command=[]} | ret=SUCCESS |  
2019-08-27 21:56:20,300 | INFO  | SCMAudit | user=jenkins1000 | ip=192.168.69.113 | op=SEND_HEARTBEAT {datanodeUUID=7ad9a523-ea61-4de8-b564-9ed7c6de1fd1, command=[]} | ret=SUCCESS |  
2019-08-27 21:56:20,389 [grpc-default-executor-5] INFO  client.GrpcClientProtocolClient (GrpcClientProtocolClient.java:onNext(255)) - client-9C14CD88FCAE->7ad9a523-ea61-4de8-b564-9ed7c6de1fd1: receive RaftClientReply:client-9C14CD88FCAE->7ad9a523-ea61-4de8-b564-9ed7c6de1fd1@group-92F312A34A51, cid=45, FAILED org.apache.ratis.protocol.NotLeaderException: Server 7ad9a523-ea61-4de8-b564-9ed7c6de1fd1 is not the leader (d16fede7-9c95-4edf-9c33-745cfaca74f6:192.168.69.113:38146). Request must be sent to leader., logIndex=0, commits[7ad9a523-ea61-4de8-b564-9ed7c6de1fd1:c8, d16fede7-9c95-4edf-9c33-745cfaca74f6:c8, ff101aed-a6b7-4de5-96bc-8545c1bca62b:c8]
2019-08-27 21:56:20,412 | INFO  | SCMAudit | user=jenkins1000 | ip=192.168.69.113 | op=SEND_HEARTBEAT {datanodeUUID=6fbb6c8f-68ec-4eec-acdd-5276ddf30de1, command=[]} | ret=SUCCESS |  
2019-08-27 21:56:20,611 | INFO  | SCMAudit | user=jenkins1000 | ip=192.168.69.113 | op=SEND_HEARTBEAT {datanodeUUID=803e2962-4b43-470b-a1eb-8fa95db682ee, command=[]} | ret=SUCCESS |  
2019-08-27 21:56:20,810 | INFO  | SCMAudit | user=jenkins1000 | ip=192.168.69.113 | op=SEND_HEARTBEAT {datanodeUUID=676885e1-3491-47d8-84ec-d928b9cef1c5, command=[]} | ret=SUCCESS |  
2019-08-27 21:56:21,174 | INFO  | SCMAudit | user=jenkins1000 | ip=192.168.69.113 | op=SEND_HEARTBEAT {datanodeUUID=6da4aad8-a4f6-4be0-a3fe-0ce626d82d81, command=[]} | ret=SUCCESS |  
2019-08-27 21:56:21,289 | INFO  | SCMAudit | user=jenkins1000 | ip=192.168.69.113 | op=SEND_HEARTBEAT {datanodeUUID=d16fede7-9c95-4edf-9c33-745cfaca74f6, command=[]} | ret=SUCCESS |  
2019-08-27 21:56:21,300 | INFO  | SCMAudit | user=jenkins1000 | ip=192.168.69.113 | op=SEND_HEARTBEAT {datanodeUUID=ff101aed-a6b7-4de5-96bc-8545c1bca62b, command=[]} | ret=SUCCESS |  
2019-08-27 21:56:21,302 | INFO  | SCMAudit | user=jenkins1000 | ip=192.168.69.113 | op=SEND_HEARTBEAT {datanodeUUID=7ad9a523-ea61-4de8-b564-9ed7c6de1fd1, command=[]} | ret=SUCCESS |  
2019-08-27 21:56:21,413 | INFO  | SCMAudit | user=jenkins1000 | ip=192.168.69.113 | op=SEND_HEARTBEAT {datanodeUUID=6fbb6c8f-68ec-4eec-acdd-5276ddf30de1, command=[]} | ret=SUCCESS |  
2019-08-27 21:56:21,612 | INFO  | SCMAudit | user=jenkins1000 | ip=192.168.69.113 | op=SEND_HEARTBEAT {datanodeUUID=803e2962-4b43-470b-a1eb-8fa95db682ee, command=[]} | ret=SUCCESS |  
2019-08-27 21:56:21,811 | INFO  | SCMAudit | user=jenkins1000 | ip=192.168.69.113 | op=SEND_HEARTBEAT {datanodeUUID=676885e1-3491-47d8-84ec-d928b9cef1c5, command=[]} | ret=SUCCESS |  
2019-08-27 21:56:22,174 | INFO  | SCMAudit | user=jenkins1000 | ip=192.168.69.113 | op=SEND_HEARTBEAT {datanodeUUID=6da4aad8-a4f6-4be0-a3fe-0ce626d82d81, command=[]} | ret=SUCCESS |  
2019-08-27 21:56:22,289 | INFO  | SCMAudit | user=jenkins1000 | ip=192.168.69.113 | op=SEND_HEARTBEAT {datanodeUUID=d16fede7-9c95-4edf-9c33-745cfaca74f6, command=[]} | ret=SUCCESS |  
2019-08-27 21:56:22,300 | INFO  | SCMAudit | user=jenkins1000 | ip=192.168.69.113 | op=SEND_HEARTBEAT {datanodeUUID=ff101aed-a6b7-4de5-96bc-8545c1bca62b, command=[]} | ret=SUCCESS |  
2019-08-27 21:56:22,302 | INFO  | SCMAudit | user=jenkins1000 | ip=192.168.69.113 | op=SEND_HEARTBEAT {datanodeUUID=7ad9a523-ea61-4de8-b564-9ed7c6de1fd1, command=[]} | ret=SUCCESS |  
2019-08-27 21:56:22,412 | INFO  | SCMAudit | user=jenkins1000 | ip=192.168.69.113 | op=SEND_HEARTBEAT {datanodeUUID=6fbb6c8f-68ec-4eec-acdd-5276ddf30de1, command=[]} | ret=SUCCESS |  
2019-08-27 21:56:22,612 | INFO  | SCMAudit | user=jenkins1000 | ip=192.168.69.113 | op=SEND_HEARTBEAT {datanodeUUID=803e2962-4b43-470b-a1eb-8fa95db682ee, command=[]} | ret=SUCCESS |  
2019-08-27 21:56:22,810 | INFO  | SCMAudit | user=jenkins1000 | ip=192.168.69.113 | op=SEND_HEARTBEAT {datanodeUUID=676885e1-3491-47d8-84ec-d928b9cef1c5, command=[]} | ret=SUCCESS |  
2019-08-27 21:56:23,175 | INFO  | SCMAudit | user=jenkins1000 | ip=192.168.69.113 | op=SEND_HEARTBEAT {datanodeUUID=6da4aad8-a4f6-4be0-a3fe-0ce626d82d81, command=[]} | ret=SUCCESS |  
2019-08-27 21:56:23,290 | INFO  | SCMAudit | user=jenkins1000 | ip=192.168.69.113 | op=SEND_HEARTBEAT {datanodeUUID=d16fede7-9c95-4edf-9c33-745cfaca74f6, command=[]} | ret=SUCCESS |  
2019-08-27 21:56:23,300 | INFO  | SCMAudit | user=jenkins1000 | ip=192.168.69.113 | op=SEND_HEARTBEAT {datanodeUUID=ff101aed-a6b7-4de5-96bc-8545c1bca62b, command=[]} | ret=SUCCESS |  
2019-08-27 21:56:23,302 | INFO  | SCMAudit | user=jenkins1000 | ip=192.168.69.113 | op=SEND_HEARTBEAT {datanodeUUID=7ad9a523-ea61-4de8-b564-9ed7c6de1fd1, command=[]} | ret=SUCCESS |  
2019-08-27 21:56:23,412 | INFO  | SCMAudit | user=jenkins1000 | ip=192.168.69.113 | op=SEND_HEARTBEAT {datanodeUUID=6fbb6c8f-68ec-4eec-acdd-5276ddf30de1, command=[]} | ret=SUCCESS |  
2019-08-27 21:56:23,613 | INFO  | SCMAudit | user=jenkins1000 | ip=192.168.69.113 | op=SEND_HEARTBEAT {datanodeUUID=803e2962-4b43-470b-a1eb-8fa95db682ee, command=[]} | ret=SUCCESS |  
2019-08-27 21:56:23,810 | INFO  | SCMAudit | user=jenkins1000 | ip=192.168.69.113 | op=SEND_HEARTBEAT {datanodeUUID=676885e1-3491-47d8-84ec-d928b9cef1c5, command=[]} | ret=SUCCESS |  
2019-08-27 21:56:24,174 | INFO  | SCMAudit | user=jenkins1000 | ip=192.168.69.113 | op=SEND_HEARTBEAT {datanodeUUID=6da4aad8-a4f6-4be0-a3fe-0ce626d82d81, command=[]} | ret=SUCCESS |  
2019-08-27 21:56:24,290 | INFO  | SCMAudit | user=jenkins1000 | ip=192.168.69.113 | op=SEND_HEARTBEAT {datanodeUUID=d16fede7-9c95-4edf-9c33-745cfaca74f6, command=[]} | ret=SUCCESS |  
2019-08-27 21:56:24,300 | INFO  | SCMAudit | user=jenkins1000 | ip=192.168.69.113 | op=SEND_HEARTBEAT {datanodeUUID=ff101aed-a6b7-4de5-96bc-8545c1bca62b, command=[]} | ret=SUCCESS |  
2019-08-27 21:56:24,302 | INFO  | SCMAudit | user=jenkins1000 | ip=192.168.69.113 | op=SEND_HEARTBEAT {datanodeUUID=7ad9a523-ea61-4de8-b564-9ed7c6de1fd1, command=[]} | ret=SUCCESS |  
2019-08-27 21:56:24,412 | INFO  | SCMAudit | user=jenkins1000 | ip=192.168.69.113 | op=SEND_HEARTBEAT {datanodeUUID=6fbb6c8f-68ec-4eec-acdd-5276ddf30de1, command=[]} | ret=SUCCESS |  
2019-08-27 21:56:24,612 | INFO  | SCMAudit | user=jenkins1000 | ip=192.168.69.113 | op=SEND_HEARTBEAT {datanodeUUID=803e2962-4b43-470b-a1eb-8fa95db682ee, command=[]} | ret=SUCCESS |  
2019-08-27 21:56:24,810 | INFO  | SCMAudit | user=jenkins1000 | ip=192.168.69.113 | op=SEND_HEARTBEAT {datanodeUUID=676885e1-3491-47d8-84ec-d928b9cef1c5, command=[]} | ret=SUCCESS |  
2019-08-27 21:56:25,175 | INFO  | SCMAudit | user=jenkins1000 | ip=192.168.69.113 | op=SEND_HEARTBEAT {datanodeUUID=6da4aad8-a4f6-4be0-a3fe-0ce626d82d81, command=[]} | ret=SUCCESS |  
2019-08-27 21:56:25,290 | INFO  | SCMAudit | user=jenkins1000 | ip=192.168.69.113 | op=SEND_HEARTBEAT {datanodeUUID=d16fede7-9c95-4edf-9c33-745cfaca74f6, command=[]} | ret=SUCCESS |  
2019-08-27 21:56:25,300 | INFO  | SCMAudit | user=jenkins1000 | ip=192.168.69.113 | op=SEND_HEARTBEAT {datanodeUUID=ff101aed-a6b7-4de5-96bc-8545c1bca62b, command=[]} | ret=SUCCESS |  
2019-08-27 21:56:25,302 | INFO  | SCMAudit | user=jenkins1000 | ip=192.168.69.113 | op=SEND_HEARTBEAT {datanodeUUID=7ad9a523-ea61-4de8-b564-9ed7c6de1fd1, command=[]} | ret=SUCCESS |  
2019-08-27 21:56:25,412 | INFO  | SCMAudit | user=jenkins1000 | ip=192.168.69.113 | op=SEND_HEARTBEAT {datanodeUUID=6fbb6c8f-68ec-4eec-acdd-5276ddf30de1, command=[]} | ret=SUCCESS |  
2019-08-27 21:56:25,427 [grpc-default-executor-5] INFO  client.GrpcClientProtocolClient (GrpcClientProtocolClient.java:onNext(255)) - client-9C14CD88FCAE->7ad9a523-ea61-4de8-b564-9ed7c6de1fd1: receive RaftClientReply:client-9C14CD88FCAE->7ad9a523-ea61-4de8-b564-9ed7c6de1fd1@group-92F312A34A51, cid=45, FAILED org.apache.ratis.protocol.NotLeaderException: Server 7ad9a523-ea61-4de8-b564-9ed7c6de1fd1 is not the leader (d16fede7-9c95-4edf-9c33-745cfaca74f6:192.168.69.113:38146). Request must be sent to leader., logIndex=0, commits[7ad9a523-ea61-4de8-b564-9ed7c6de1fd1:c8, d16fede7-9c95-4edf-9c33-745cfaca74f6:c8, ff101aed-a6b7-4de5-96bc-8545c1bca62b:c8]
2019-08-27 21:56:25,612 | INFO  | SCMAudit | user=jenkins1000 | ip=192.168.69.113 | op=SEND_HEARTBEAT {datanodeUUID=803e2962-4b43-470b-a1eb-8fa95db682ee, command=[]} | ret=SUCCESS |  
2019-08-27 21:56:25,811 | INFO  | SCMAudit | user=jenkins1000 | ip=192.168.69.113 | op=SEND_HEARTBEAT {datanodeUUID=676885e1-3491-47d8-84ec-d928b9cef1c5, command=[]} | ret=SUCCESS |  
2019-08-27 21:56:26,174 | INFO  | SCMAudit | user=jenkins1000 | ip=192.168.69.113 | op=SEND_HEARTBEAT {datanodeUUID=6da4aad8-a4f6-4be0-a3fe-0ce626d82d81, command=[]} | ret=SUCCESS |  
2019-08-27 21:56:26,291 | INFO  | SCMAudit | user=jenkins1000 | ip=192.168.69.113 | op=SEND_HEARTBEAT {datanodeUUID=d16fede7-9c95-4edf-9c33-745cfaca74f6, command=[]} | ret=SUCCESS |  
2019-08-27 21:56:26,301 | INFO  | SCMAudit | user=jenkins1000 | ip=192.168.69.113 | op=SEND_HEARTBEAT {datanodeUUID=ff101aed-a6b7-4de5-96bc-8545c1bca62b, command=[]} | ret=SUCCESS |  
2019-08-27 21:56:26,302 | INFO  | SCMAudit | user=jenkins1000 | ip=192.168.69.113 | op=SEND_HEARTBEAT {datanodeUUID=7ad9a523-ea61-4de8-b564-9ed7c6de1fd1, command=[]} | ret=SUCCESS |  
2019-08-27 21:56:26,412 | INFO  | SCMAudit | user=jenkins1000 | ip=192.168.69.113 | op=SEND_HEARTBEAT {datanodeUUID=6fbb6c8f-68ec-4eec-acdd-5276ddf30de1, command=[]} | ret=SUCCESS |  
2019-08-27 21:56:26,612 | INFO  | SCMAudit | user=jenkins1000 | ip=192.168.69.113 | op=SEND_HEARTBEAT {datanodeUUID=803e2962-4b43-470b-a1eb-8fa95db682ee, command=[]} | ret=SUCCESS |  
2019-08-27 21:56:26,811 | INFO  | SCMAudit | user=jenkins1000 | ip=192.168.69.113 | op=SEND_HEARTBEAT {datanodeUUID=676885e1-3491-47d8-84ec-d928b9cef1c5, command=[]} | ret=SUCCESS |  
2019-08-27 21:56:27,175 | INFO  | SCMAudit | user=jenkins1000 | ip=192.168.69.113 | op=SEND_HEARTBEAT {datanodeUUID=6da4aad8-a4f6-4be0-a3fe-0ce626d82d81, command=[]} | ret=SUCCESS |  
2019-08-27 21:56:27,291 | INFO  | SCMAudit | user=jenkins1000 | ip=192.168.69.113 | op=SEND_HEARTBEAT {datanodeUUID=d16fede7-9c95-4edf-9c33-745cfaca74f6, command=[]} | ret=SUCCESS |  
2019-08-27 21:56:27,301 | INFO  | SCMAudit | user=jenkins1000 | ip=192.168.69.113 | op=SEND_HEARTBEAT {datanodeUUID=ff101aed-a6b7-4de5-96bc-8545c1bca62b, command=[]} | ret=SUCCESS |  
2019-08-27 21:56:27,302 | INFO  | SCMAudit | user=jenkins1000 | ip=192.168.69.113 | op=SEND_HEARTBEAT {datanodeUUID=7ad9a523-ea61-4de8-b564-9ed7c6de1fd1, command=[]} | ret=SUCCESS |  
2019-08-27 21:56:27,417 | INFO  | SCMAudit | user=jenkins1000 | ip=192.168.69.113 | op=SEND_HEARTBEAT {datanodeUUID=6fbb6c8f-68ec-4eec-acdd-5276ddf30de1, command=[]} | ret=SUCCESS |  
2019-08-27 21:56:27,613 | INFO  | SCMAudit | user=jenkins1000 | ip=192.168.69.113 | op=SEND_HEARTBEAT {datanodeUUID=803e2962-4b43-470b-a1eb-8fa95db682ee, command=[]} | ret=SUCCESS |  
2019-08-27 21:56:27,811 | INFO  | SCMAudit | user=jenkins1000 | ip=192.168.69.113 | op=SEND_HEARTBEAT {datanodeUUID=676885e1-3491-47d8-84ec-d928b9cef1c5, command=[]} | ret=SUCCESS |  
2019-08-27 21:56:28,175 | INFO  | SCMAudit | user=jenkins1000 | ip=192.168.69.113 | op=SEND_HEARTBEAT {datanodeUUID=6da4aad8-a4f6-4be0-a3fe-0ce626d82d81, command=[]} | ret=SUCCESS |  
2019-08-27 21:56:28,291 | INFO  | SCMAudit | user=jenkins1000 | ip=192.168.69.113 | op=SEND_HEARTBEAT {datanodeUUID=d16fede7-9c95-4edf-9c33-745cfaca74f6, command=[]} | ret=SUCCESS |  
2019-08-27 21:56:28,301 | INFO  | SCMAudit | user=jenkins1000 | ip=192.168.69.113 | op=SEND_HEARTBEAT {datanodeUUID=ff101aed-a6b7-4de5-96bc-8545c1bca62b, command=[]} | ret=SUCCESS |  
2019-08-27 21:56:28,302 | INFO  | SCMAudit | user=jenkins1000 | ip=192.168.69.113 | op=SEND_HEARTBEAT {datanodeUUID=7ad9a523-ea61-4de8-b564-9ed7c6de1fd1, command=[]} | ret=SUCCESS |  
2019-08-27 21:56:28,412 | INFO  | SCMAudit | user=jenkins1000 | ip=192.168.69.113 | op=SEND_HEARTBEAT {datanodeUUID=6fbb6c8f-68ec-4eec-acdd-5276ddf30de1, command=[]} | ret=SUCCESS |  
2019-08-27 21:56:28,613 | INFO  | SCMAudit | user=jenkins1000 | ip=192.168.69.113 | op=SEND_HEARTBEAT {datanodeUUID=803e2962-4b43-470b-a1eb-8fa95db682ee, command=[]} | ret=SUCCESS |  
2019-08-27 21:56:28,811 | INFO  | SCMAudit | user=jenkins1000 | ip=192.168.69.113 | op=SEND_HEARTBEAT {datanodeUUID=676885e1-3491-47d8-84ec-d928b9cef1c5, command=[]} | ret=SUCCESS |  
2019-08-27 21:56:29,175 | INFO  | SCMAudit | user=jenkins1000 | ip=192.168.69.113 | op=SEND_HEARTBEAT {datanodeUUID=6da4aad8-a4f6-4be0-a3fe-0ce626d82d81, command=[]} | ret=SUCCESS |  
2019-08-27 21:56:29,291 | INFO  | SCMAudit | user=jenkins1000 | ip=192.168.69.113 | op=SEND_HEARTBEAT {datanodeUUID=d16fede7-9c95-4edf-9c33-745cfaca74f6, command=[]} | ret=SUCCESS |  
2019-08-27 21:56:29,301 | INFO  | SCMAudit | user=jenkins1000 | ip=192.168.69.113 | op=SEND_HEARTBEAT {datanodeUUID=ff101aed-a6b7-4de5-96bc-8545c1bca62b, command=[]} | ret=SUCCESS |  
2019-08-27 21:56:29,302 | INFO  | SCMAudit | user=jenkins1000 | ip=192.168.69.113 | op=SEND_HEARTBEAT {datanodeUUID=7ad9a523-ea61-4de8-b564-9ed7c6de1fd1, command=[]} | ret=SUCCESS |  
2019-08-27 21:56:29,413 | INFO  | SCMAudit | user=jenkins1000 | ip=192.168.69.113 | op=SEND_HEARTBEAT {datanodeUUID=6fbb6c8f-68ec-4eec-acdd-5276ddf30de1, command=[]} | ret=SUCCESS |  
2019-08-27 21:56:29,614 | INFO  | SCMAudit | user=jenkins1000 | ip=192.168.69.113 | op=SEND_HEARTBEAT {datanodeUUID=803e2962-4b43-470b-a1eb-8fa95db682ee, command=[]} | ret=SUCCESS |  
2019-08-27 21:56:29,811 | INFO  | SCMAudit | user=jenkins1000 | ip=192.168.69.113 | op=SEND_HEARTBEAT {datanodeUUID=676885e1-3491-47d8-84ec-d928b9cef1c5, command=[]} | ret=SUCCESS |  
2019-08-27 21:56:30,175 | INFO  | SCMAudit | user=jenkins1000 | ip=192.168.69.113 | op=SEND_HEARTBEAT {datanodeUUID=6da4aad8-a4f6-4be0-a3fe-0ce626d82d81, command=[]} | ret=SUCCESS |  
2019-08-27 21:56:30,291 | INFO  | SCMAudit | user=jenkins1000 | ip=192.168.69.113 | op=SEND_HEARTBEAT {datanodeUUID=d16fede7-9c95-4edf-9c33-745cfaca74f6, command=[]} | ret=SUCCESS |  
2019-08-27 21:56:30,301 | INFO  | SCMAudit | user=jenkins1000 | ip=192.168.69.113 | op=SEND_HEARTBEAT {datanodeUUID=ff101aed-a6b7-4de5-96bc-8545c1bca62b, command=[]} | ret=SUCCESS |  
2019-08-27 21:56:30,303 | INFO  | SCMAudit | user=jenkins1000 | ip=192.168.69.113 | op=SEND_HEARTBEAT {datanodeUUID=7ad9a523-ea61-4de8-b564-9ed7c6de1fd1, command=[]} | ret=SUCCESS |  
2019-08-27 21:56:30,412 | INFO  | SCMAudit | user=jenkins1000 | ip=192.168.69.113 | op=SEND_HEARTBEAT {datanodeUUID=6fbb6c8f-68ec-4eec-acdd-5276ddf30de1, command=[]} | ret=SUCCESS |  
2019-08-27 21:56:30,495 [grpc-default-executor-6] INFO  client.GrpcClientProtocolClient (GrpcClientProtocolClient.java:onNext(255)) - client-9C14CD88FCAE->ff101aed-a6b7-4de5-96bc-8545c1bca62b: receive RaftClientReply:client-9C14CD88FCAE->ff101aed-a6b7-4de5-96bc-8545c1bca62b@group-92F312A34A51, cid=45, FAILED org.apache.ratis.protocol.NotLeaderException: Server ff101aed-a6b7-4de5-96bc-8545c1bca62b is not the leader (d16fede7-9c95-4edf-9c33-745cfaca74f6:192.168.69.113:38146). Request must be sent to leader., logIndex=0, commits[ff101aed-a6b7-4de5-96bc-8545c1bca62b:c8, d16fede7-9c95-4edf-9c33-745cfaca74f6:c8, 7ad9a523-ea61-4de8-b564-9ed7c6de1fd1:c8]
2019-08-27 21:56:30,614 | INFO  | SCMAudit | user=jenkins1000 | ip=192.168.69.113 | op=SEND_HEARTBEAT {datanodeUUID=803e2962-4b43-470b-a1eb-8fa95db682ee, command=[]} | ret=SUCCESS |  
2019-08-27 21:56:30,813 | INFO  | SCMAudit | user=jenkins1000 | ip=192.168.69.113 | op=SEND_HEARTBEAT {datanodeUUID=676885e1-3491-47d8-84ec-d928b9cef1c5, command=[]} | ret=SUCCESS |  
2019-08-27 21:56:31,175 | INFO  | SCMAudit | user=jenkins1000 | ip=192.168.69.113 | op=SEND_HEARTBEAT {datanodeUUID=6da4aad8-a4f6-4be0-a3fe-0ce626d82d81, command=[]} | ret=SUCCESS |  
2019-08-27 21:56:31,291 | INFO  | SCMAudit | user=jenkins1000 | ip=192.168.69.113 | op=SEND_HEARTBEAT {datanodeUUID=d16fede7-9c95-4edf-9c33-745cfaca74f6, command=[]} | ret=SUCCESS |  
2019-08-27 21:56:31,302 | INFO  | SCMAudit | user=jenkins1000 | ip=192.168.69.113 | op=SEND_HEARTBEAT {datanodeUUID=ff101aed-a6b7-4de5-96bc-8545c1bca62b, command=[]} | ret=SUCCESS |  
2019-08-27 21:56:31,304 | INFO  | SCMAudit | user=jenkins1000 | ip=192.168.69.113 | op=SEND_HEARTBEAT {datanodeUUID=7ad9a523-ea61-4de8-b564-9ed7c6de1fd1, command=[]} | ret=SUCCESS |  
2019-08-27 21:56:31,412 | INFO  | SCMAudit | user=jenkins1000 | ip=192.168.69.113 | op=SEND_HEARTBEAT {datanodeUUID=6fbb6c8f-68ec-4eec-acdd-5276ddf30de1, command=[]} | ret=SUCCESS |  
2019-08-27 21:56:31,614 | INFO  | SCMAudit | user=jenkins1000 | ip=192.168.69.113 | op=SEND_HEARTBEAT {datanodeUUID=803e2962-4b43-470b-a1eb-8fa95db682ee, command=[]} | ret=SUCCESS |  
2019-08-27 21:56:31,813 | INFO  | SCMAudit | user=jenkins1000 | ip=192.168.69.113 | op=SEND_HEARTBEAT {datanodeUUID=676885e1-3491-47d8-84ec-d928b9cef1c5, command=[]} | ret=SUCCESS |  
2019-08-27 21:56:32,176 | INFO  | SCMAudit | user=jenkins1000 | ip=192.168.69.113 | op=SEND_HEARTBEAT {datanodeUUID=6da4aad8-a4f6-4be0-a3fe-0ce626d82d81, command=[]} | ret=SUCCESS |  
2019-08-27 21:56:32,292 | INFO  | SCMAudit | user=jenkins1000 | ip=192.168.69.113 | op=SEND_HEARTBEAT {datanodeUUID=d16fede7-9c95-4edf-9c33-745cfaca74f6, command=[]} | ret=SUCCESS |  
2019-08-27 21:56:32,301 | INFO  | SCMAudit | user=jenkins1000 | ip=192.168.69.113 | op=SEND_HEARTBEAT {datanodeUUID=ff101aed-a6b7-4de5-96bc-8545c1bca62b, command=[]} | ret=SUCCESS |  
2019-08-27 21:56:32,304 | INFO  | SCMAudit | user=jenkins1000 | ip=192.168.69.113 | op=SEND_HEARTBEAT {datanodeUUID=7ad9a523-ea61-4de8-b564-9ed7c6de1fd1, command=[]} | ret=SUCCESS |  
2019-08-27 21:56:32,412 | INFO  | SCMAudit | user=jenkins1000 | ip=192.168.69.113 | op=SEND_HEARTBEAT {datanodeUUID=6fbb6c8f-68ec-4eec-acdd-5276ddf30de1, command=[]} | ret=SUCCESS |  
2019-08-27 21:56:32,615 | INFO  | SCMAudit | user=jenkins1000 | ip=192.168.69.113 | op=SEND_HEARTBEAT {datanodeUUID=803e2962-4b43-470b-a1eb-8fa95db682ee, command=[]} | ret=SUCCESS |  
2019-08-27 21:56:32,813 | INFO  | SCMAudit | user=jenkins1000 | ip=192.168.69.113 | op=SEND_HEARTBEAT {datanodeUUID=676885e1-3491-47d8-84ec-d928b9cef1c5, command=[]} | ret=SUCCESS |  
2019-08-27 21:56:33,176 | INFO  | SCMAudit | user=jenkins1000 | ip=192.168.69.113 | op=SEND_HEARTBEAT {datanodeUUID=6da4aad8-a4f6-4be0-a3fe-0ce626d82d81, command=[]} | ret=SUCCESS |  
2019-08-27 21:56:33,292 | INFO  | SCMAudit | user=jenkins1000 | ip=192.168.69.113 | op=SEND_HEARTBEAT {datanodeUUID=d16fede7-9c95-4edf-9c33-745cfaca74f6, command=[]} | ret=SUCCESS |  
2019-08-27 21:56:33,301 | INFO  | SCMAudit | user=jenkins1000 | ip=192.168.69.113 | op=SEND_HEARTBEAT {datanodeUUID=ff101aed-a6b7-4de5-96bc-8545c1bca62b, command=[]} | ret=SUCCESS |  
2019-08-27 21:56:33,304 | INFO  | SCMAudit | user=jenkins1000 | ip=192.168.69.113 | op=SEND_HEARTBEAT {datanodeUUID=7ad9a523-ea61-4de8-b564-9ed7c6de1fd1, command=[]} | ret=SUCCESS |  
2019-08-27 21:56:33,413 | INFO  | SCMAudit | user=jenkins1000 | ip=192.168.69.113 | op=SEND_HEARTBEAT {datanodeUUID=6fbb6c8f-68ec-4eec-acdd-5276ddf30de1, command=[]} | ret=SUCCESS |  
2019-08-27 21:56:33,615 | INFO  | SCMAudit | user=jenkins1000 | ip=192.168.69.113 | op=SEND_HEARTBEAT {datanodeUUID=803e2962-4b43-470b-a1eb-8fa95db682ee, command=[]} | ret=SUCCESS |  
2019-08-27 21:56:33,813 | INFO  | SCMAudit | user=jenkins1000 | ip=192.168.69.113 | op=SEND_HEARTBEAT {datanodeUUID=676885e1-3491-47d8-84ec-d928b9cef1c5, command=[]} | ret=SUCCESS |  
2019-08-27 21:56:34,177 | INFO  | SCMAudit | user=jenkins1000 | ip=192.168.69.113 | op=SEND_HEARTBEAT {datanodeUUID=6da4aad8-a4f6-4be0-a3fe-0ce626d82d81, command=[]} | ret=SUCCESS |  
2019-08-27 21:56:34,293 | INFO  | SCMAudit | user=jenkins1000 | ip=192.168.69.113 | op=SEND_HEARTBEAT {datanodeUUID=d16fede7-9c95-4edf-9c33-745cfaca74f6, command=[]} | ret=SUCCESS |  
2019-08-27 21:56:34,301 | INFO  | SCMAudit | user=jenkins1000 | ip=192.168.69.113 | op=SEND_HEARTBEAT {datanodeUUID=ff101aed-a6b7-4de5-96bc-8545c1bca62b, command=[]} | ret=SUCCESS |  
2019-08-27 21:56:34,304 | INFO  | SCMAudit | user=jenkins1000 | ip=192.168.69.113 | op=SEND_HEARTBEAT {datanodeUUID=7ad9a523-ea61-4de8-b564-9ed7c6de1fd1, command=[]} | ret=SUCCESS |  
2019-08-27 21:56:34,413 | INFO  | SCMAudit | user=jenkins1000 | ip=192.168.69.113 | op=SEND_HEARTBEAT {datanodeUUID=6fbb6c8f-68ec-4eec-acdd-5276ddf30de1, command=[]} | ret=SUCCESS |  
2019-08-27 21:56:34,616 | INFO  | SCMAudit | user=jenkins1000 | ip=192.168.69.113 | op=SEND_HEARTBEAT {datanodeUUID=803e2962-4b43-470b-a1eb-8fa95db682ee, command=[]} | ret=SUCCESS |  
2019-08-27 21:56:34,813 | INFO  | SCMAudit | user=jenkins1000 | ip=192.168.69.113 | op=SEND_HEARTBEAT {datanodeUUID=676885e1-3491-47d8-84ec-d928b9cef1c5, command=[]} | ret=SUCCESS |  
2019-08-27 21:56:35,177 | INFO  | SCMAudit | user=jenkins1000 | ip=192.168.69.113 | op=SEND_HEARTBEAT {datanodeUUID=6da4aad8-a4f6-4be0-a3fe-0ce626d82d81, command=[]} | ret=SUCCESS |  
2019-08-27 21:56:35,292 | INFO  | SCMAudit | user=jenkins1000 | ip=192.168.69.113 | op=SEND_HEARTBEAT {datanodeUUID=d16fede7-9c95-4edf-9c33-745cfaca74f6, command=[]} | ret=SUCCESS |  
2019-08-27 21:56:35,301 | INFO  | SCMAudit | user=jenkins1000 | ip=192.168.69.113 | op=SEND_HEARTBEAT {datanodeUUID=ff101aed-a6b7-4de5-96bc-8545c1bca62b, command=[]} | ret=SUCCESS |  
2019-08-27 21:56:35,304 | INFO  | SCMAudit | user=jenkins1000 | ip=192.168.69.113 | op=SEND_HEARTBEAT {datanodeUUID=7ad9a523-ea61-4de8-b564-9ed7c6de1fd1, command=[]} | ret=SUCCESS |  
2019-08-27 21:56:35,414 | INFO  | SCMAudit | user=jenkins1000 | ip=192.168.69.113 | op=SEND_HEARTBEAT {datanodeUUID=6fbb6c8f-68ec-4eec-acdd-5276ddf30de1, command=[]} | ret=SUCCESS |  
2019-08-27 21:56:35,540 [grpc-default-executor-5] INFO  client.GrpcClientProtocolClient (GrpcClientProtocolClient.java:onNext(255)) - client-9C14CD88FCAE->7ad9a523-ea61-4de8-b564-9ed7c6de1fd1: receive RaftClientReply:client-9C14CD88FCAE->7ad9a523-ea61-4de8-b564-9ed7c6de1fd1@group-92F312A34A51, cid=45, FAILED org.apache.ratis.protocol.NotLeaderException: Server 7ad9a523-ea61-4de8-b564-9ed7c6de1fd1 is not the leader (d16fede7-9c95-4edf-9c33-745cfaca74f6:192.168.69.113:38146). Request must be sent to leader., logIndex=0, commits[7ad9a523-ea61-4de8-b564-9ed7c6de1fd1:c8, d16fede7-9c95-4edf-9c33-745cfaca74f6:c8, ff101aed-a6b7-4de5-96bc-8545c1bca62b:c8]
2019-08-27 21:56:35,615 | INFO  | SCMAudit | user=jenkins1000 | ip=192.168.69.113 | op=SEND_HEARTBEAT {datanodeUUID=803e2962-4b43-470b-a1eb-8fa95db682ee, command=[]} | ret=SUCCESS |  
2019-08-27 21:56:35,813 | INFO  | SCMAudit | user=jenkins1000 | ip=192.168.69.113 | op=SEND_HEARTBEAT {datanodeUUID=676885e1-3491-47d8-84ec-d928b9cef1c5, command=[]} | ret=SUCCESS |  
2019-08-27 21:56:36,178 | INFO  | SCMAudit | user=jenkins1000 | ip=192.168.69.113 | op=SEND_HEARTBEAT {datanodeUUID=6da4aad8-a4f6-4be0-a3fe-0ce626d82d81, command=[]} | ret=SUCCESS |  
2019-08-27 21:56:36,293 | INFO  | SCMAudit | user=jenkins1000 | ip=192.168.69.113 | op=SEND_HEARTBEAT {datanodeUUID=d16fede7-9c95-4edf-9c33-745cfaca74f6, command=[]} | ret=SUCCESS |  
2019-08-27 21:56:36,301 | INFO  | SCMAudit | user=jenkins1000 | ip=192.168.69.113 | op=SEND_HEARTBEAT {datanodeUUID=ff101aed-a6b7-4de5-96bc-8545c1bca62b, command=[]} | ret=SUCCESS |  
2019-08-27 21:56:36,304 | INFO  | SCMAudit | user=jenkins1000 | ip=192.168.69.113 | op=SEND_HEARTBEAT {datanodeUUID=7ad9a523-ea61-4de8-b564-9ed7c6de1fd1, command=[]} | ret=SUCCESS |  
2019-08-27 21:56:36,413 | INFO  | SCMAudit | user=jenkins1000 | ip=192.168.69.113 | op=SEND_HEARTBEAT {datanodeUUID=6fbb6c8f-68ec-4eec-acdd-5276ddf30de1, command=[]} | ret=SUCCESS |  
2019-08-27 21:56:36,615 | INFO  | SCMAudit | user=jenkins1000 | ip=192.168.69.113 | op=SEND_HEARTBEAT {datanodeUUID=803e2962-4b43-470b-a1eb-8fa95db682ee, command=[]} | ret=SUCCESS |  
2019-08-27 21:56:36,813 | INFO  | SCMAudit | user=jenkins1000 | ip=192.168.69.113 | op=SEND_HEARTBEAT {datanodeUUID=676885e1-3491-47d8-84ec-d928b9cef1c5, command=[]} | ret=SUCCESS |  
2019-08-27 21:56:37,177 | INFO  | SCMAudit | user=jenkins1000 | ip=192.168.69.113 | op=SEND_HEARTBEAT {datanodeUUID=6da4aad8-a4f6-4be0-a3fe-0ce626d82d81, command=[]} | ret=SUCCESS |  
2019-08-27 21:56:37,292 | INFO  | SCMAudit | user=jenkins1000 | ip=192.168.69.113 | op=SEND_HEARTBEAT {datanodeUUID=d16fede7-9c95-4edf-9c33-745cfaca74f6, command=[]} | ret=SUCCESS |  
2019-08-27 21:56:37,301 | INFO  | SCMAudit | user=jenkins1000 | ip=192.168.69.113 | op=SEND_HEARTBEAT {datanodeUUID=ff101aed-a6b7-4de5-96bc-8545c1bca62b, command=[]} | ret=SUCCESS |  
2019-08-27 21:56:37,304 | INFO  | SCMAudit | user=jenkins1000 | ip=192.168.69.113 | op=SEND_HEARTBEAT {datanodeUUID=7ad9a523-ea61-4de8-b564-9ed7c6de1fd1, command=[]} | ret=SUCCESS |  
2019-08-27 21:56:37,417 | INFO  | SCMAudit | user=jenkins1000 | ip=192.168.69.113 | op=SEND_HEARTBEAT {datanodeUUID=6fbb6c8f-68ec-4eec-acdd-5276ddf30de1, command=[]} | ret=SUCCESS |  
2019-08-27 21:56:37,616 | INFO  | SCMAudit | user=jenkins1000 | ip=192.168.69.113 | op=SEND_HEARTBEAT {datanodeUUID=803e2962-4b43-470b-a1eb-8fa95db682ee, command=[]} | ret=SUCCESS |  
2019-08-27 21:56:37,814 | INFO  | SCMAudit | user=jenkins1000 | ip=192.168.69.113 | op=SEND_HEARTBEAT {datanodeUUID=676885e1-3491-47d8-84ec-d928b9cef1c5, command=[]} | ret=SUCCESS |  
2019-08-27 21:56:38,178 | INFO  | SCMAudit | user=jenkins1000 | ip=192.168.69.113 | op=SEND_HEARTBEAT {datanodeUUID=6da4aad8-a4f6-4be0-a3fe-0ce626d82d81, command=[]} | ret=SUCCESS |  
2019-08-27 21:56:38,292 | INFO  | SCMAudit | user=jenkins1000 | ip=192.168.69.113 | op=SEND_HEARTBEAT {datanodeUUID=d16fede7-9c95-4edf-9c33-745cfaca74f6, command=[]} | ret=SUCCESS |  
2019-08-27 21:56:38,302 | INFO  | SCMAudit | user=jenkins1000 | ip=192.168.69.113 | op=SEND_HEARTBEAT {datanodeUUID=ff101aed-a6b7-4de5-96bc-8545c1bca62b, command=[]} | ret=SUCCESS |  
2019-08-27 21:56:38,304 | INFO  | SCMAudit | user=jenkins1000 | ip=192.168.69.113 | op=SEND_HEARTBEAT {datanodeUUID=7ad9a523-ea61-4de8-b564-9ed7c6de1fd1, command=[]} | ret=SUCCESS |  
2019-08-27 21:56:38,416 | INFO  | SCMAudit | user=jenkins1000 | ip=192.168.69.113 | op=SEND_HEARTBEAT {datanodeUUID=6fbb6c8f-68ec-4eec-acdd-5276ddf30de1, command=[]} | ret=SUCCESS |  
2019-08-27 21:56:38,617 | INFO  | SCMAudit | user=jenkins1000 | ip=192.168.69.113 | op=SEND_HEARTBEAT {datanodeUUID=803e2962-4b43-470b-a1eb-8fa95db682ee, command=[]} | ret=SUCCESS |  
2019-08-27 21:56:38,814 | INFO  | SCMAudit | user=jenkins1000 | ip=192.168.69.113 | op=SEND_HEARTBEAT {datanodeUUID=676885e1-3491-47d8-84ec-d928b9cef1c5, command=[]} | ret=SUCCESS |  
2019-08-27 21:56:39,177 | INFO  | SCMAudit | user=jenkins1000 | ip=192.168.69.113 | op=SEND_HEARTBEAT {datanodeUUID=6da4aad8-a4f6-4be0-a3fe-0ce626d82d81, command=[]} | ret=SUCCESS |  
2019-08-27 21:56:39,293 | INFO  | SCMAudit | user=jenkins1000 | ip=192.168.69.113 | op=SEND_HEARTBEAT {datanodeUUID=d16fede7-9c95-4edf-9c33-745cfaca74f6, command=[]} | ret=SUCCESS |  
2019-08-27 21:56:39,302 | INFO  | SCMAudit | user=jenkins1000 | ip=192.168.69.113 | op=SEND_HEARTBEAT {datanodeUUID=ff101aed-a6b7-4de5-96bc-8545c1bca62b, command=[]} | ret=SUCCESS |  
2019-08-27 21:56:39,304 | INFO  | SCMAudit | user=jenkins1000 | ip=192.168.69.113 | op=SEND_HEARTBEAT {datanodeUUID=7ad9a523-ea61-4de8-b564-9ed7c6de1fd1, command=[]} | ret=SUCCESS |  
2019-08-27 21:56:39,416 | INFO  | SCMAudit | user=jenkins1000 | ip=192.168.69.113 | op=SEND_HEARTBEAT {datanodeUUID=6fbb6c8f-68ec-4eec-acdd-5276ddf30de1, command=[]} | ret=SUCCESS |  
2019-08-27 21:56:39,617 | INFO  | SCMAudit | user=jenkins1000 | ip=192.168.69.113 | op=SEND_HEARTBEAT {datanodeUUID=803e2962-4b43-470b-a1eb-8fa95db682ee, command=[]} | ret=SUCCESS |  
2019-08-27 21:56:39,814 | INFO  | SCMAudit | user=jenkins1000 | ip=192.168.69.113 | op=SEND_HEARTBEAT {datanodeUUID=676885e1-3491-47d8-84ec-d928b9cef1c5, command=[]} | ret=SUCCESS |  
2019-08-27 21:56:40,178 | INFO  | SCMAudit | user=jenkins1000 | ip=192.168.69.113 | op=SEND_HEARTBEAT {datanodeUUID=6da4aad8-a4f6-4be0-a3fe-0ce626d82d81, command=[]} | ret=SUCCESS |  
2019-08-27 21:56:40,292 | INFO  | SCMAudit | user=jenkins1000 | ip=192.168.69.113 | op=SEND_HEARTBEAT {datanodeUUID=d16fede7-9c95-4edf-9c33-745cfaca74f6, command=[]} | ret=SUCCESS |  
2019-08-27 21:56:40,302 | INFO  | SCMAudit | user=jenkins1000 | ip=192.168.69.113 | op=SEND_HEARTBEAT {datanodeUUID=ff101aed-a6b7-4de5-96bc-8545c1bca62b, command=[]} | ret=SUCCESS |  
2019-08-27 21:56:40,304 | INFO  | SCMAudit | user=jenkins1000 | ip=192.168.69.113 | op=SEND_HEARTBEAT {datanodeUUID=7ad9a523-ea61-4de8-b564-9ed7c6de1fd1, command=[]} | ret=SUCCESS |  
2019-08-27 21:56:40,417 | INFO  | SCMAudit | user=jenkins1000 | ip=192.168.69.113 | op=SEND_HEARTBEAT {datanodeUUID=6fbb6c8f-68ec-4eec-acdd-5276ddf30de1, command=[]} | ret=SUCCESS |  
2019-08-27 21:56:40,584 [grpc-default-executor-5] INFO  client.GrpcClientProtocolClient (GrpcClientProtocolClient.java:onNext(255)) - client-9C14CD88FCAE->7ad9a523-ea61-4de8-b564-9ed7c6de1fd1: receive RaftClientReply:client-9C14CD88FCAE->7ad9a523-ea61-4de8-b564-9ed7c6de1fd1@group-92F312A34A51, cid=45, FAILED org.apache.ratis.protocol.NotLeaderException: Server 7ad9a523-ea61-4de8-b564-9ed7c6de1fd1 is not the leader (d16fede7-9c95-4edf-9c33-745cfaca74f6:192.168.69.113:38146). Request must be sent to leader., logIndex=0, commits[7ad9a523-ea61-4de8-b564-9ed7c6de1fd1:c8, d16fede7-9c95-4edf-9c33-745cfaca74f6:c8, ff101aed-a6b7-4de5-96bc-8545c1bca62b:c8]
2019-08-27 21:56:40,616 | INFO  | SCMAudit | user=jenkins1000 | ip=192.168.69.113 | op=SEND_HEARTBEAT {datanodeUUID=803e2962-4b43-470b-a1eb-8fa95db682ee, command=[]} | ret=SUCCESS |  
2019-08-27 21:56:40,815 | INFO  | SCMAudit | user=jenkins1000 | ip=192.168.69.113 | op=SEND_HEARTBEAT {datanodeUUID=676885e1-3491-47d8-84ec-d928b9cef1c5, command=[]} | ret=SUCCESS |  
2019-08-27 21:56:41,177 | INFO  | SCMAudit | user=jenkins1000 | ip=192.168.69.113 | op=SEND_HEARTBEAT {datanodeUUID=6da4aad8-a4f6-4be0-a3fe-0ce626d82d81, command=[]} | ret=SUCCESS |  
2019-08-27 21:56:41,292 | INFO  | SCMAudit | user=jenkins1000 | ip=192.168.69.113 | op=SEND_HEARTBEAT {datanodeUUID=d16fede7-9c95-4edf-9c33-745cfaca74f6, command=[]} | ret=SUCCESS |  
2019-08-27 21:56:41,302 | INFO  | SCMAudit | user=jenkins1000 | ip=192.168.69.113 | op=SEND_HEARTBEAT {datanodeUUID=ff101aed-a6b7-4de5-96bc-8545c1bca62b, command=[]} | ret=SUCCESS |  
2019-08-27 21:56:41,304 | INFO  | SCMAudit | user=jenkins1000 | ip=192.168.69.113 | op=SEND_HEARTBEAT {datanodeUUID=7ad9a523-ea61-4de8-b564-9ed7c6de1fd1, command=[]} | ret=SUCCESS |  
2019-08-27 21:56:41,416 | INFO  | SCMAudit | user=jenkins1000 | ip=192.168.69.113 | op=SEND_HEARTBEAT {datanodeUUID=6fbb6c8f-68ec-4eec-acdd-5276ddf30de1, command=[]} | ret=SUCCESS |  
2019-08-27 21:56:41,616 | INFO  | SCMAudit | user=jenkins1000 | ip=192.168.69.113 | op=SEND_HEARTBEAT {datanodeUUID=803e2962-4b43-470b-a1eb-8fa95db682ee, command=[]} | ret=SUCCESS |  
2019-08-27 21:56:41,815 | INFO  | SCMAudit | user=jenkins1000 | ip=192.168.69.113 | op=SEND_HEARTBEAT {datanodeUUID=676885e1-3491-47d8-84ec-d928b9cef1c5, command=[]} | ret=SUCCESS |  
2019-08-27 21:56:42,177 | INFO  | SCMAudit | user=jenkins1000 | ip=192.168.69.113 | op=SEND_HEARTBEAT {datanodeUUID=6da4aad8-a4f6-4be0-a3fe-0ce626d82d81, command=[]} | ret=SUCCESS |  
2019-08-27 21:56:42,292 | INFO  | SCMAudit | user=jenkins1000 | ip=192.168.69.113 | op=SEND_HEARTBEAT {datanodeUUID=d16fede7-9c95-4edf-9c33-745cfaca74f6, command=[]} | ret=SUCCESS |  
2019-08-27 21:56:42,302 | INFO  | SCMAudit | user=jenkins1000 | ip=192.168.69.113 | op=SEND_HEARTBEAT {datanodeUUID=ff101aed-a6b7-4de5-96bc-8545c1bca62b, command=[]} | ret=SUCCESS |  
2019-08-27 21:56:42,304 | INFO  | SCMAudit | user=jenkins1000 | ip=192.168.69.113 | op=SEND_HEARTBEAT {datanodeUUID=7ad9a523-ea61-4de8-b564-9ed7c6de1fd1, command=[]} | ret=SUCCESS |  
2019-08-27 21:56:42,416 | INFO  | SCMAudit | user=jenkins1000 | ip=192.168.69.113 | op=SEND_HEARTBEAT {datanodeUUID=6fbb6c8f-68ec-4eec-acdd-5276ddf30de1, command=[]} | ret=SUCCESS |  
2019-08-27 21:56:42,616 | INFO  | SCMAudit | user=jenkins1000 | ip=192.168.69.113 | op=SEND_HEARTBEAT {datanodeUUID=803e2962-4b43-470b-a1eb-8fa95db682ee, command=[]} | ret=SUCCESS |  
2019-08-27 21:56:42,816 | INFO  | SCMAudit | user=jenkins1000 | ip=192.168.69.113 | op=SEND_HEARTBEAT {datanodeUUID=676885e1-3491-47d8-84ec-d928b9cef1c5, command=[]} | ret=SUCCESS |  
2019-08-27 21:56:43,178 | INFO  | SCMAudit | user=jenkins1000 | ip=192.168.69.113 | op=SEND_HEARTBEAT {datanodeUUID=6da4aad8-a4f6-4be0-a3fe-0ce626d82d81, command=[]} | ret=SUCCESS |  
2019-08-27 21:56:43,293 | INFO  | SCMAudit | user=jenkins1000 | ip=192.168.69.113 | op=SEND_HEARTBEAT {datanodeUUID=d16fede7-9c95-4edf-9c33-745cfaca74f6, command=[]} | ret=SUCCESS |  
2019-08-27 21:56:43,303 | INFO  | SCMAudit | user=jenkins1000 | ip=192.168.69.113 | op=SEND_HEARTBEAT {datanodeUUID=ff101aed-a6b7-4de5-96bc-8545c1bca62b, command=[]} | ret=SUCCESS |  
2019-08-27 21:56:43,304 | INFO  | SCMAudit | user=jenkins1000 | ip=192.168.69.113 | op=SEND_HEARTBEAT {datanodeUUID=7ad9a523-ea61-4de8-b564-9ed7c6de1fd1, command=[]} | ret=SUCCESS |  
2019-08-27 21:56:43,417 | INFO  | SCMAudit | user=jenkins1000 | ip=192.168.69.113 | op=SEND_HEARTBEAT {datanodeUUID=6fbb6c8f-68ec-4eec-acdd-5276ddf30de1, command=[]} | ret=SUCCESS |  
2019-08-27 21:56:43,617 | INFO  | SCMAudit | user=jenkins1000 | ip=192.168.69.113 | op=SEND_HEARTBEAT {datanodeUUID=803e2962-4b43-470b-a1eb-8fa95db682ee, command=[]} | ret=SUCCESS |  
2019-08-27 21:56:43,816 | INFO  | SCMAudit | user=jenkins1000 | ip=192.168.69.113 | op=SEND_HEARTBEAT {datanodeUUID=676885e1-3491-47d8-84ec-d928b9cef1c5, command=[]} | ret=SUCCESS |  
2019-08-27 21:56:44,178 | INFO  | SCMAudit | user=jenkins1000 | ip=192.168.69.113 | op=SEND_HEARTBEAT {datanodeUUID=6da4aad8-a4f6-4be0-a3fe-0ce626d82d81, command=[]} | ret=SUCCESS |  
2019-08-27 21:56:44,293 | INFO  | SCMAudit | user=jenkins1000 | ip=192.168.69.113 | op=SEND_HEARTBEAT {datanodeUUID=d16fede7-9c95-4edf-9c33-745cfaca74f6, command=[]} | ret=SUCCESS |  
2019-08-27 21:56:44,302 | INFO  | SCMAudit | user=jenkins1000 | ip=192.168.69.113 | op=SEND_HEARTBEAT {datanodeUUID=ff101aed-a6b7-4de5-96bc-8545c1bca62b, command=[]} | ret=SUCCESS |  
2019-08-27 21:56:44,304 | INFO  | SCMAudit | user=jenkins1000 | ip=192.168.69.113 | op=SEND_HEARTBEAT {datanodeUUID=7ad9a523-ea61-4de8-b564-9ed7c6de1fd1, command=[]} | ret=SUCCESS |  
2019-08-27 21:56:44,417 | INFO  | SCMAudit | user=jenkins1000 | ip=192.168.69.113 | op=SEND_HEARTBEAT {datanodeUUID=6fbb6c8f-68ec-4eec-acdd-5276ddf30de1, command=[]} | ret=SUCCESS |  
2019-08-27 21:56:44,616 | INFO  | SCMAudit | user=jenkins1000 | ip=192.168.69.113 | op=SEND_HEARTBEAT {datanodeUUID=803e2962-4b43-470b-a1eb-8fa95db682ee, command=[]} | ret=SUCCESS |  
2019-08-27 21:56:44,817 | INFO  | SCMAudit | user=jenkins1000 | ip=192.168.69.113 | op=SEND_HEARTBEAT {datanodeUUID=676885e1-3491-47d8-84ec-d928b9cef1c5, command=[]} | ret=SUCCESS |  
2019-08-27 21:56:45,178 | INFO  | SCMAudit | user=jenkins1000 | ip=192.168.69.113 | op=SEND_HEARTBEAT {datanodeUUID=6da4aad8-a4f6-4be0-a3fe-0ce626d82d81, command=[]} | ret=SUCCESS |  
2019-08-27 21:56:45,293 | INFO  | SCMAudit | user=jenkins1000 | ip=192.168.69.113 | op=SEND_HEARTBEAT {datanodeUUID=d16fede7-9c95-4edf-9c33-745cfaca74f6, command=[]} | ret=SUCCESS |  
2019-08-27 21:56:45,302 | INFO  | SCMAudit | user=jenkins1000 | ip=192.168.69.113 | op=SEND_HEARTBEAT {datanodeUUID=ff101aed-a6b7-4de5-96bc-8545c1bca62b, command=[]} | ret=SUCCESS |  
2019-08-27 21:56:45,304 | INFO  | SCMAudit | user=jenkins1000 | ip=192.168.69.113 | op=SEND_HEARTBEAT {datanodeUUID=7ad9a523-ea61-4de8-b564-9ed7c6de1fd1, command=[]} | ret=SUCCESS |  
2019-08-27 21:56:45,417 | INFO  | SCMAudit | user=jenkins1000 | ip=192.168.69.113 | op=SEND_HEARTBEAT {datanodeUUID=6fbb6c8f-68ec-4eec-acdd-5276ddf30de1, command=[]} | ret=SUCCESS |  
2019-08-27 21:56:45,616 | INFO  | SCMAudit | user=jenkins1000 | ip=192.168.69.113 | op=SEND_HEARTBEAT {datanodeUUID=803e2962-4b43-470b-a1eb-8fa95db682ee, command=[]} | ret=SUCCESS |  
2019-08-27 21:56:45,621 [grpc-default-executor-6] INFO  client.GrpcClientProtocolClient (GrpcClientProtocolClient.java:onNext(255)) - client-9C14CD88FCAE->ff101aed-a6b7-4de5-96bc-8545c1bca62b: receive RaftClientReply:client-9C14CD88FCAE->ff101aed-a6b7-4de5-96bc-8545c1bca62b@group-92F312A34A51, cid=45, FAILED org.apache.ratis.protocol.NotLeaderException: Server ff101aed-a6b7-4de5-96bc-8545c1bca62b is not the leader (d16fede7-9c95-4edf-9c33-745cfaca74f6:192.168.69.113:38146). Request must be sent to leader., logIndex=0, commits[ff101aed-a6b7-4de5-96bc-8545c1bca62b:c8, d16fede7-9c95-4edf-9c33-745cfaca74f6:c8, 7ad9a523-ea61-4de8-b564-9ed7c6de1fd1:c8]
2019-08-27 21:56:45,816 | INFO  | SCMAudit | user=jenkins1000 | ip=192.168.69.113 | op=SEND_HEARTBEAT {datanodeUUID=676885e1-3491-47d8-84ec-d928b9cef1c5, command=[]} | ret=SUCCESS |  
2019-08-27 21:56:46,179 | INFO  | SCMAudit | user=jenkins1000 | ip=192.168.69.113 | op=SEND_HEARTBEAT {datanodeUUID=6da4aad8-a4f6-4be0-a3fe-0ce626d82d81, command=[]} | ret=SUCCESS |  
2019-08-27 21:56:46,293 | INFO  | SCMAudit | user=jenkins1000 | ip=192.168.69.113 | op=SEND_HEARTBEAT {datanodeUUID=d16fede7-9c95-4edf-9c33-745cfaca74f6, command=[]} | ret=SUCCESS |  
2019-08-27 21:56:46,302 | INFO  | SCMAudit | user=jenkins1000 | ip=192.168.69.113 | op=SEND_HEARTBEAT {datanodeUUID=ff101aed-a6b7-4de5-96bc-8545c1bca62b, command=[]} | ret=SUCCESS |  
2019-08-27 21:56:46,304 | INFO  | SCMAudit | user=jenkins1000 | ip=192.168.69.113 | op=SEND_HEARTBEAT {datanodeUUID=7ad9a523-ea61-4de8-b564-9ed7c6de1fd1, command=[]} | ret=SUCCESS |  
2019-08-27 21:56:46,417 | INFO  | SCMAudit | user=jenkins1000 | ip=192.168.69.113 | op=SEND_HEARTBEAT {datanodeUUID=6fbb6c8f-68ec-4eec-acdd-5276ddf30de1, command=[]} | ret=SUCCESS |  
2019-08-27 21:56:46,616 | INFO  | SCMAudit | user=jenkins1000 | ip=192.168.69.113 | op=SEND_HEARTBEAT {datanodeUUID=803e2962-4b43-470b-a1eb-8fa95db682ee, command=[]} | ret=SUCCESS |  
2019-08-27 21:56:46,816 | INFO  | SCMAudit | user=jenkins1000 | ip=192.168.69.113 | op=SEND_HEARTBEAT {datanodeUUID=676885e1-3491-47d8-84ec-d928b9cef1c5, command=[]} | ret=SUCCESS |  
2019-08-27 21:56:47,178 | INFO  | SCMAudit | user=jenkins1000 | ip=192.168.69.113 | op=SEND_HEARTBEAT {datanodeUUID=6da4aad8-a4f6-4be0-a3fe-0ce626d82d81, command=[]} | ret=SUCCESS |  
2019-08-27 21:56:47,294 | INFO  | SCMAudit | user=jenkins1000 | ip=192.168.69.113 | op=SEND_HEARTBEAT {datanodeUUID=d16fede7-9c95-4edf-9c33-745cfaca74f6, command=[]} | ret=SUCCESS |  
2019-08-27 21:56:47,302 | INFO  | SCMAudit | user=jenkins1000 | ip=192.168.69.113 | op=SEND_HEARTBEAT {datanodeUUID=ff101aed-a6b7-4de5-96bc-8545c1bca62b, command=[]} | ret=SUCCESS |  
2019-08-27 21:56:47,304 | INFO  | SCMAudit | user=jenkins1000 | ip=192.168.69.113 | op=SEND_HEARTBEAT {datanodeUUID=7ad9a523-ea61-4de8-b564-9ed7c6de1fd1, command=[]} | ret=SUCCESS |  
2019-08-27 21:56:47,418 | INFO  | SCMAudit | user=jenkins1000 | ip=192.168.69.113 | op=SEND_HEARTBEAT {datanodeUUID=6fbb6c8f-68ec-4eec-acdd-5276ddf30de1, command=[]} | ret=SUCCESS |  
2019-08-27 21:56:47,616 | INFO  | SCMAudit | user=jenkins1000 | ip=192.168.69.113 | op=SEND_HEARTBEAT {datanodeUUID=803e2962-4b43-470b-a1eb-8fa95db682ee, command=[]} | ret=SUCCESS |  
2019-08-27 21:56:47,817 | INFO  | SCMAudit | user=jenkins1000 | ip=192.168.69.113 | op=SEND_HEARTBEAT {datanodeUUID=676885e1-3491-47d8-84ec-d928b9cef1c5, command=[]} | ret=SUCCESS |  
2019-08-27 21:56:48,179 | INFO  | SCMAudit | user=jenkins1000 | ip=192.168.69.113 | op=SEND_HEARTBEAT {datanodeUUID=6da4aad8-a4f6-4be0-a3fe-0ce626d82d81, command=[]} | ret=SUCCESS |  
2019-08-27 21:56:48,294 | INFO  | SCMAudit | user=jenkins1000 | ip=192.168.69.113 | op=SEND_HEARTBEAT {datanodeUUID=d16fede7-9c95-4edf-9c33-745cfaca74f6, command=[]} | ret=SUCCESS |  
2019-08-27 21:56:48,302 | INFO  | SCMAudit | user=jenkins1000 | ip=192.168.69.113 | op=SEND_HEARTBEAT {datanodeUUID=ff101aed-a6b7-4de5-96bc-8545c1bca62b, command=[]} | ret=SUCCESS |  
2019-08-27 21:56:48,304 | INFO  | SCMAudit | user=jenkins1000 | ip=192.168.69.113 | op=SEND_HEARTBEAT {datanodeUUID=7ad9a523-ea61-4de8-b564-9ed7c6de1fd1, command=[]} | ret=SUCCESS |  
2019-08-27 21:56:48,417 | INFO  | SCMAudit | user=jenkins1000 | ip=192.168.69.113 | op=SEND_HEARTBEAT {datanodeUUID=6fbb6c8f-68ec-4eec-acdd-5276ddf30de1, command=[]} | ret=SUCCESS |  
2019-08-27 21:56:48,618 | INFO  | SCMAudit | user=jenkins1000 | ip=192.168.69.113 | op=SEND_HEARTBEAT {datanodeUUID=803e2962-4b43-470b-a1eb-8fa95db682ee, command=[]} | ret=SUCCESS |  
2019-08-27 21:56:48,816 | INFO  | SCMAudit | user=jenkins1000 | ip=192.168.69.113 | op=SEND_HEARTBEAT {datanodeUUID=676885e1-3491-47d8-84ec-d928b9cef1c5, command=[]} | ret=SUCCESS |  
2019-08-27 21:56:49,178 | INFO  | SCMAudit | user=jenkins1000 | ip=192.168.69.113 | op=SEND_HEARTBEAT {datanodeUUID=6da4aad8-a4f6-4be0-a3fe-0ce626d82d81, command=[]} | ret=SUCCESS |  
2019-08-27 21:56:49,294 | INFO  | SCMAudit | user=jenkins1000 | ip=192.168.69.113 | op=SEND_HEARTBEAT {datanodeUUID=d16fede7-9c95-4edf-9c33-745cfaca74f6, command=[]} | ret=SUCCESS |  
2019-08-27 21:56:49,302 | INFO  | SCMAudit | user=jenkins1000 | ip=192.168.69.113 | op=SEND_HEARTBEAT {datanodeUUID=ff101aed-a6b7-4de5-96bc-8545c1bca62b, command=[]} | ret=SUCCESS |  
2019-08-27 21:56:49,304 | INFO  | SCMAudit | user=jenkins1000 | ip=192.168.69.113 | op=SEND_HEARTBEAT {datanodeUUID=7ad9a523-ea61-4de8-b564-9ed7c6de1fd1, command=[]} | ret=SUCCESS |  
2019-08-27 21:56:49,417 | INFO  | SCMAudit | user=jenkins1000 | ip=192.168.69.113 | op=SEND_HEARTBEAT {datanodeUUID=6fbb6c8f-68ec-4eec-acdd-5276ddf30de1, command=[]} | ret=SUCCESS |  
2019-08-27 21:56:49,618 | INFO  | SCMAudit | user=jenkins1000 | ip=192.168.69.113 | op=SEND_HEARTBEAT {datanodeUUID=803e2962-4b43-470b-a1eb-8fa95db682ee, command=[]} | ret=SUCCESS |  
2019-08-27 21:56:49,816 | INFO  | SCMAudit | user=jenkins1000 | ip=192.168.69.113 | op=SEND_HEARTBEAT {datanodeUUID=676885e1-3491-47d8-84ec-d928b9cef1c5, command=[]} | ret=SUCCESS |  
2019-08-27 21:56:50,178 | INFO  | SCMAudit | user=jenkins1000 | ip=192.168.69.113 | op=SEND_HEARTBEAT {datanodeUUID=6da4aad8-a4f6-4be0-a3fe-0ce626d82d81, command=[]} | ret=SUCCESS |  
2019-08-27 21:56:50,294 | INFO  | SCMAudit | user=jenkins1000 | ip=192.168.69.113 | op=SEND_HEARTBEAT {datanodeUUID=d16fede7-9c95-4edf-9c33-745cfaca74f6, command=[]} | ret=SUCCESS |  
2019-08-27 21:56:50,302 | INFO  | SCMAudit | user=jenkins1000 | ip=192.168.69.113 | op=SEND_HEARTBEAT {datanodeUUID=ff101aed-a6b7-4de5-96bc-8545c1bca62b, command=[]} | ret=SUCCESS |  
2019-08-27 21:56:50,304 | INFO  | SCMAudit | user=jenkins1000 | ip=192.168.69.113 | op=SEND_HEARTBEAT {datanodeUUID=7ad9a523-ea61-4de8-b564-9ed7c6de1fd1, command=[]} | ret=SUCCESS |  
2019-08-27 21:56:50,417 | INFO  | SCMAudit | user=jenkins1000 | ip=192.168.69.113 | op=SEND_HEARTBEAT {datanodeUUID=6fbb6c8f-68ec-4eec-acdd-5276ddf30de1, command=[]} | ret=SUCCESS |  
2019-08-27 21:56:50,619 | INFO  | SCMAudit | user=jenkins1000 | ip=192.168.69.113 | op=SEND_HEARTBEAT {datanodeUUID=803e2962-4b43-470b-a1eb-8fa95db682ee, command=[]} | ret=SUCCESS |  
2019-08-27 21:56:50,654 [grpc-default-executor-6] INFO  client.GrpcClientProtocolClient (GrpcClientProtocolClient.java:onNext(255)) - client-9C14CD88FCAE->7ad9a523-ea61-4de8-b564-9ed7c6de1fd1: receive RaftClientReply:client-9C14CD88FCAE->7ad9a523-ea61-4de8-b564-9ed7c6de1fd1@group-92F312A34A51, cid=45, FAILED org.apache.ratis.protocol.NotLeaderException: Server 7ad9a523-ea61-4de8-b564-9ed7c6de1fd1 is not the leader (d16fede7-9c95-4edf-9c33-745cfaca74f6:192.168.69.113:38146). Request must be sent to leader., logIndex=0, commits[7ad9a523-ea61-4de8-b564-9ed7c6de1fd1:c8, d16fede7-9c95-4edf-9c33-745cfaca74f6:c8, ff101aed-a6b7-4de5-96bc-8545c1bca62b:c8]
2019-08-27 21:56:50,817 | INFO  | SCMAudit | user=jenkins1000 | ip=192.168.69.113 | op=SEND_HEARTBEAT {datanodeUUID=676885e1-3491-47d8-84ec-d928b9cef1c5, command=[]} | ret=SUCCESS |  
2019-08-27 21:56:51,178 | INFO  | SCMAudit | user=jenkins1000 | ip=192.168.69.113 | op=SEND_HEARTBEAT {datanodeUUID=6da4aad8-a4f6-4be0-a3fe-0ce626d82d81, command=[]} | ret=SUCCESS |  
2019-08-27 21:56:51,295 | INFO  | SCMAudit | user=jenkins1000 | ip=192.168.69.113 | op=SEND_HEARTBEAT {datanodeUUID=d16fede7-9c95-4edf-9c33-745cfaca74f6, command=[]} | ret=SUCCESS |  
2019-08-27 21:56:51,302 | INFO  | SCMAudit | user=jenkins1000 | ip=192.168.69.113 | op=SEND_HEARTBEAT {datanodeUUID=ff101aed-a6b7-4de5-96bc-8545c1bca62b, command=[]} | ret=SUCCESS |  
2019-08-27 21:56:51,303 | INFO  | SCMAudit | user=jenkins1000 | ip=192.168.69.113 | op=SEND_HEARTBEAT {datanodeUUID=7ad9a523-ea61-4de8-b564-9ed7c6de1fd1, command=[]} | ret=SUCCESS |  
2019-08-27 21:56:51,417 | INFO  | SCMAudit | user=jenkins1000 | ip=192.168.69.113 | op=SEND_HEARTBEAT {datanodeUUID=6fbb6c8f-68ec-4eec-acdd-5276ddf30de1, command=[]} | ret=SUCCESS |  
2019-08-27 21:56:51,619 | INFO  | SCMAudit | user=jenkins1000 | ip=192.168.69.113 | op=SEND_HEARTBEAT {datanodeUUID=803e2962-4b43-470b-a1eb-8fa95db682ee, command=[]} | ret=SUCCESS |  
2019-08-27 21:56:51,816 | INFO  | SCMAudit | user=jenkins1000 | ip=192.168.69.113 | op=SEND_HEARTBEAT {datanodeUUID=676885e1-3491-47d8-84ec-d928b9cef1c5, command=[]} | ret=SUCCESS |  
2019-08-27 21:56:52,179 | INFO  | SCMAudit | user=jenkins1000 | ip=192.168.69.113 | op=SEND_HEARTBEAT {datanodeUUID=6da4aad8-a4f6-4be0-a3fe-0ce626d82d81, command=[]} | ret=SUCCESS |  
2019-08-27 21:56:52,294 | INFO  | SCMAudit | user=jenkins1000 | ip=192.168.69.113 | op=SEND_HEARTBEAT {datanodeUUID=d16fede7-9c95-4edf-9c33-745cfaca74f6, command=[]} | ret=SUCCESS |  
2019-08-27 21:56:52,302 | INFO  | SCMAudit | user=jenkins1000 | ip=192.168.69.113 | op=SEND_HEARTBEAT {datanodeUUID=ff101aed-a6b7-4de5-96bc-8545c1bca62b, command=[]} | ret=SUCCESS |  
2019-08-27 21:56:52,304 | INFO  | SCMAudit | user=jenkins1000 | ip=192.168.69.113 | op=SEND_HEARTBEAT {datanodeUUID=7ad9a523-ea61-4de8-b564-9ed7c6de1fd1, command=[]} | ret=SUCCESS |  
2019-08-27 21:56:52,418 | INFO  | SCMAudit | user=jenkins1000 | ip=192.168.69.113 | op=SEND_HEARTBEAT {datanodeUUID=6fbb6c8f-68ec-4eec-acdd-5276ddf30de1, command=[]} | ret=SUCCESS |  
2019-08-27 21:56:52,620 | INFO  | SCMAudit | user=jenkins1000 | ip=192.168.69.113 | op=SEND_HEARTBEAT {datanodeUUID=803e2962-4b43-470b-a1eb-8fa95db682ee, command=[]} | ret=SUCCESS |  
2019-08-27 21:56:52,816 | INFO  | SCMAudit | user=jenkins1000 | ip=192.168.69.113 | op=SEND_HEARTBEAT {datanodeUUID=676885e1-3491-47d8-84ec-d928b9cef1c5, command=[]} | ret=SUCCESS |  
2019-08-27 21:56:53,178 | INFO  | SCMAudit | user=jenkins1000 | ip=192.168.69.113 | op=SEND_HEARTBEAT {datanodeUUID=6da4aad8-a4f6-4be0-a3fe-0ce626d82d81, command=[]} | ret=SUCCESS |  
2019-08-27 21:56:53,295 | INFO  | SCMAudit | user=jenkins1000 | ip=192.168.69.113 | op=SEND_HEARTBEAT {datanodeUUID=d16fede7-9c95-4edf-9c33-745cfaca74f6, command=[]} | ret=SUCCESS |  
2019-08-27 21:56:53,302 | INFO  | SCMAudit | user=jenkins1000 | ip=192.168.69.113 | op=SEND_HEARTBEAT {datanodeUUID=ff101aed-a6b7-4de5-96bc-8545c1bca62b, command=[]} | ret=SUCCESS |  
2019-08-27 21:56:53,304 | INFO  | SCMAudit | user=jenkins1000 | ip=192.168.69.113 | op=SEND_HEARTBEAT {datanodeUUID=7ad9a523-ea61-4de8-b564-9ed7c6de1fd1, command=[]} | ret=SUCCESS |  
2019-08-27 21:56:53,417 | INFO  | SCMAudit | user=jenkins1000 | ip=192.168.69.113 | op=SEND_HEARTBEAT {datanodeUUID=6fbb6c8f-68ec-4eec-acdd-5276ddf30de1, command=[]} | ret=SUCCESS |  
2019-08-27 21:56:53,620 | INFO  | SCMAudit | user=jenkins1000 | ip=192.168.69.113 | op=SEND_HEARTBEAT {datanodeUUID=803e2962-4b43-470b-a1eb-8fa95db682ee, command=[]} | ret=SUCCESS |  
2019-08-27 21:56:53,816 | INFO  | SCMAudit | user=jenkins1000 | ip=192.168.69.113 | op=SEND_HEARTBEAT {datanodeUUID=676885e1-3491-47d8-84ec-d928b9cef1c5, command=[]} | ret=SUCCESS |  
2019-08-27 21:56:54,179 | INFO  | SCMAudit | user=jenkins1000 | ip=192.168.69.113 | op=SEND_HEARTBEAT {datanodeUUID=6da4aad8-a4f6-4be0-a3fe-0ce626d82d81, command=[]} | ret=SUCCESS |  
2019-08-27 21:56:54,294 | INFO  | SCMAudit | user=jenkins1000 | ip=192.168.69.113 | op=SEND_HEARTBEAT {datanodeUUID=d16fede7-9c95-4edf-9c33-745cfaca74f6, command=[]} | ret=SUCCESS |  
2019-08-27 21:56:54,303 | INFO  | SCMAudit | user=jenkins1000 | ip=192.168.69.113 | op=SEND_HEARTBEAT {datanodeUUID=ff101aed-a6b7-4de5-96bc-8545c1bca62b, command=[]} | ret=SUCCESS |  
2019-08-27 21:56:54,305 | INFO  | SCMAudit | user=jenkins1000 | ip=192.168.69.113 | op=SEND_HEARTBEAT {datanodeUUID=7ad9a523-ea61-4de8-b564-9ed7c6de1fd1, command=[]} | ret=SUCCESS |  
2019-08-27 21:56:54,417 | INFO  | SCMAudit | user=jenkins1000 | ip=192.168.69.113 | op=SEND_HEARTBEAT {datanodeUUID=6fbb6c8f-68ec-4eec-acdd-5276ddf30de1, command=[]} | ret=SUCCESS |  
2019-08-27 21:56:54,620 | INFO  | SCMAudit | user=jenkins1000 | ip=192.168.69.113 | op=SEND_HEARTBEAT {datanodeUUID=803e2962-4b43-470b-a1eb-8fa95db682ee, command=[]} | ret=SUCCESS |  
2019-08-27 21:56:54,816 | INFO  | SCMAudit | user=jenkins1000 | ip=192.168.69.113 | op=SEND_HEARTBEAT {datanodeUUID=676885e1-3491-47d8-84ec-d928b9cef1c5, command=[]} | ret=SUCCESS |  
2019-08-27 21:56:55,181 | INFO  | SCMAudit | user=jenkins1000 | ip=192.168.69.113 | op=SEND_HEARTBEAT {datanodeUUID=6da4aad8-a4f6-4be0-a3fe-0ce626d82d81, command=[]} | ret=SUCCESS |  
2019-08-27 21:56:55,294 | INFO  | SCMAudit | user=jenkins1000 | ip=192.168.69.113 | op=SEND_HEARTBEAT {datanodeUUID=d16fede7-9c95-4edf-9c33-745cfaca74f6, command=[]} | ret=SUCCESS |  
2019-08-27 21:56:55,303 | INFO  | SCMAudit | user=jenkins1000 | ip=192.168.69.113 | op=SEND_HEARTBEAT {datanodeUUID=ff101aed-a6b7-4de5-96bc-8545c1bca62b, command=[]} | ret=SUCCESS |  
2019-08-27 21:56:55,306 | INFO  | SCMAudit | user=jenkins1000 | ip=192.168.69.113 | op=SEND_HEARTBEAT {datanodeUUID=7ad9a523-ea61-4de8-b564-9ed7c6de1fd1, command=[]} | ret=SUCCESS |  
2019-08-27 21:56:55,418 | INFO  | SCMAudit | user=jenkins1000 | ip=192.168.69.113 | op=SEND_HEARTBEAT {datanodeUUID=6fbb6c8f-68ec-4eec-acdd-5276ddf30de1, command=[]} | ret=SUCCESS |  
2019-08-27 21:56:55,620 | INFO  | SCMAudit | user=jenkins1000 | ip=192.168.69.113 | op=SEND_HEARTBEAT {datanodeUUID=803e2962-4b43-470b-a1eb-8fa95db682ee, command=[]} | ret=SUCCESS |  
2019-08-27 21:56:55,695 [grpc-default-executor-5] INFO  client.GrpcClientProtocolClient (GrpcClientProtocolClient.java:onNext(255)) - client-9C14CD88FCAE->ff101aed-a6b7-4de5-96bc-8545c1bca62b: receive RaftClientReply:client-9C14CD88FCAE->ff101aed-a6b7-4de5-96bc-8545c1bca62b@group-92F312A34A51, cid=45, FAILED org.apache.ratis.protocol.NotLeaderException: Server ff101aed-a6b7-4de5-96bc-8545c1bca62b is not the leader (d16fede7-9c95-4edf-9c33-745cfaca74f6:192.168.69.113:38146). Request must be sent to leader., logIndex=0, commits[ff101aed-a6b7-4de5-96bc-8545c1bca62b:c8, d16fede7-9c95-4edf-9c33-745cfaca74f6:c8, 7ad9a523-ea61-4de8-b564-9ed7c6de1fd1:c8]
2019-08-27 21:56:55,817 | INFO  | SCMAudit | user=jenkins1000 | ip=192.168.69.113 | op=SEND_HEARTBEAT {datanodeUUID=676885e1-3491-47d8-84ec-d928b9cef1c5, command=[]} | ret=SUCCESS |  
2019-08-27 21:56:56,178 | INFO  | SCMAudit | user=jenkins1000 | ip=192.168.69.113 | op=SEND_HEARTBEAT {datanodeUUID=6da4aad8-a4f6-4be0-a3fe-0ce626d82d81, command=[]} | ret=SUCCESS |  
2019-08-27 21:56:56,295 | INFO  | SCMAudit | user=jenkins1000 | ip=192.168.69.113 | op=SEND_HEARTBEAT {datanodeUUID=d16fede7-9c95-4edf-9c33-745cfaca74f6, command=[]} | ret=SUCCESS |  
2019-08-27 21:56:56,303 | INFO  | SCMAudit | user=jenkins1000 | ip=192.168.69.113 | op=SEND_HEARTBEAT {datanodeUUID=ff101aed-a6b7-4de5-96bc-8545c1bca62b, command=[]} | ret=SUCCESS |  
2019-08-27 21:56:56,306 | INFO  | SCMAudit | user=jenkins1000 | ip=192.168.69.113 | op=SEND_HEARTBEAT {datanodeUUID=7ad9a523-ea61-4de8-b564-9ed7c6de1fd1, command=[]} | ret=SUCCESS |  
2019-08-27 21:56:56,418 | INFO  | SCMAudit | user=jenkins1000 | ip=192.168.69.113 | op=SEND_HEARTBEAT {datanodeUUID=6fbb6c8f-68ec-4eec-acdd-5276ddf30de1, command=[]} | ret=SUCCESS |  
2019-08-27 21:56:56,621 | INFO  | SCMAudit | user=jenkins1000 | ip=192.168.69.113 | op=SEND_HEARTBEAT {datanodeUUID=803e2962-4b43-470b-a1eb-8fa95db682ee, command=[]} | ret=SUCCESS |  
2019-08-27 21:56:56,817 | INFO  | SCMAudit | user=jenkins1000 | ip=192.168.69.113 | op=SEND_HEARTBEAT {datanodeUUID=676885e1-3491-47d8-84ec-d928b9cef1c5, command=[]} | ret=SUCCESS |  
2019-08-27 21:56:57,179 | INFO  | SCMAudit | user=jenkins1000 | ip=192.168.69.113 | op=SEND_HEARTBEAT {datanodeUUID=6da4aad8-a4f6-4be0-a3fe-0ce626d82d81, command=[]} | ret=SUCCESS |  
2019-08-27 21:56:57,295 | INFO  | SCMAudit | user=jenkins1000 | ip=192.168.69.113 | op=SEND_HEARTBEAT {datanodeUUID=d16fede7-9c95-4edf-9c33-745cfaca74f6, command=[]} | ret=SUCCESS |  
2019-08-27 21:56:57,303 | INFO  | SCMAudit | user=jenkins1000 | ip=192.168.69.113 | op=SEND_HEARTBEAT {datanodeUUID=ff101aed-a6b7-4de5-96bc-8545c1bca62b, command=[]} | ret=SUCCESS |  
2019-08-27 21:56:57,307 | INFO  | SCMAudit | user=jenkins1000 | ip=192.168.69.113 | op=SEND_HEARTBEAT {datanodeUUID=7ad9a523-ea61-4de8-b564-9ed7c6de1fd1, command=[]} | ret=SUCCESS |  
2019-08-27 21:56:57,419 | INFO  | SCMAudit | user=jenkins1000 | ip=192.168.69.113 | op=SEND_HEARTBEAT {datanodeUUID=6fbb6c8f-68ec-4eec-acdd-5276ddf30de1, command=[]} | ret=SUCCESS |  
2019-08-27 21:56:57,622 | INFO  | SCMAudit | user=jenkins1000 | ip=192.168.69.113 | op=SEND_HEARTBEAT {datanodeUUID=803e2962-4b43-470b-a1eb-8fa95db682ee, command=[]} | ret=SUCCESS |  
2019-08-27 21:56:57,818 | INFO  | SCMAudit | user=jenkins1000 | ip=192.168.69.113 | op=SEND_HEARTBEAT {datanodeUUID=676885e1-3491-47d8-84ec-d928b9cef1c5, command=[]} | ret=SUCCESS |  
2019-08-27 21:56:58,180 | INFO  | SCMAudit | user=jenkins1000 | ip=192.168.69.113 | op=SEND_HEARTBEAT {datanodeUUID=6da4aad8-a4f6-4be0-a3fe-0ce626d82d81, command=[]} | ret=SUCCESS |  
2019-08-27 21:56:58,295 | INFO  | SCMAudit | user=jenkins1000 | ip=192.168.69.113 | op=SEND_HEARTBEAT {datanodeUUID=d16fede7-9c95-4edf-9c33-745cfaca74f6, command=[]} | ret=SUCCESS |  
2019-08-27 21:56:58,304 | INFO  | SCMAudit | user=jenkins1000 | ip=192.168.69.113 | op=SEND_HEARTBEAT {datanodeUUID=ff101aed-a6b7-4de5-96bc-8545c1bca62b, command=[]} | ret=SUCCESS |  
2019-08-27 21:56:58,307 | INFO  | SCMAudit | user=jenkins1000 | ip=192.168.69.113 | op=SEND_HEARTBEAT {datanodeUUID=7ad9a523-ea61-4de8-b564-9ed7c6de1fd1, command=[]} | ret=SUCCESS |  
2019-08-27 21:56:58,419 | INFO  | SCMAudit | user=jenkins1000 | ip=192.168.69.113 | op=SEND_HEARTBEAT {datanodeUUID=6fbb6c8f-68ec-4eec-acdd-5276ddf30de1, command=[]} | ret=SUCCESS |  
2019-08-27 21:56:58,621 | INFO  | SCMAudit | user=jenkins1000 | ip=192.168.69.113 | op=SEND_HEARTBEAT {datanodeUUID=803e2962-4b43-470b-a1eb-8fa95db682ee, command=[]} | ret=SUCCESS |  
2019-08-27 21:56:58,818 | INFO  | SCMAudit | user=jenkins1000 | ip=192.168.69.113 | op=SEND_HEARTBEAT {datanodeUUID=676885e1-3491-47d8-84ec-d928b9cef1c5, command=[]} | ret=SUCCESS |  
2019-08-27 21:56:59,180 | INFO  | SCMAudit | user=jenkins1000 | ip=192.168.69.113 | op=SEND_HEARTBEAT {datanodeUUID=6da4aad8-a4f6-4be0-a3fe-0ce626d82d81, command=[]} | ret=SUCCESS |  
2019-08-27 21:56:59,296 | INFO  | SCMAudit | user=jenkins1000 | ip=192.168.69.113 | op=SEND_HEARTBEAT {datanodeUUID=d16fede7-9c95-4edf-9c33-745cfaca74f6, command=[]} | ret=SUCCESS |  
2019-08-27 21:56:59,303 | INFO  | SCMAudit | user=jenkins1000 | ip=192.168.69.113 | op=SEND_HEARTBEAT {datanodeUUID=ff101aed-a6b7-4de5-96bc-8545c1bca62b, command=[]} | ret=SUCCESS |  
2019-08-27 21:56:59,307 | INFO  | SCMAudit | user=jenkins1000 | ip=192.168.69.113 | op=SEND_HEARTBEAT {datanodeUUID=7ad9a523-ea61-4de8-b564-9ed7c6de1fd1, command=[]} | ret=SUCCESS |  
2019-08-27 21:56:59,420 | INFO  | SCMAudit | user=jenkins1000 | ip=192.168.69.113 | op=SEND_HEARTBEAT {datanodeUUID=6fbb6c8f-68ec-4eec-acdd-5276ddf30de1, command=[]} | ret=SUCCESS |  
2019-08-27 21:56:59,622 | INFO  | SCMAudit | user=jenkins1000 | ip=192.168.69.113 | op=SEND_HEARTBEAT {datanodeUUID=803e2962-4b43-470b-a1eb-8fa95db682ee, command=[]} | ret=SUCCESS |  
2019-08-27 21:56:59,818 | INFO  | SCMAudit | user=jenkins1000 | ip=192.168.69.113 | op=SEND_HEARTBEAT {datanodeUUID=676885e1-3491-47d8-84ec-d928b9cef1c5, command=[]} | ret=SUCCESS |  
2019-08-27 21:57:00,181 | INFO  | SCMAudit | user=jenkins1000 | ip=192.168.69.113 | op=SEND_HEARTBEAT {datanodeUUID=6da4aad8-a4f6-4be0-a3fe-0ce626d82d81, command=[]} | ret=SUCCESS |  
2019-08-27 21:57:00,296 | INFO  | SCMAudit | user=jenkins1000 | ip=192.168.69.113 | op=SEND_HEARTBEAT {datanodeUUID=d16fede7-9c95-4edf-9c33-745cfaca74f6, command=[]} | ret=SUCCESS |  
2019-08-27 21:57:00,303 | INFO  | SCMAudit | user=jenkins1000 | ip=192.168.69.113 | op=SEND_HEARTBEAT {datanodeUUID=ff101aed-a6b7-4de5-96bc-8545c1bca62b, command=[]} | ret=SUCCESS |  
2019-08-27 21:57:00,307 | INFO  | SCMAudit | user=jenkins1000 | ip=192.168.69.113 | op=SEND_HEARTBEAT {datanodeUUID=7ad9a523-ea61-4de8-b564-9ed7c6de1fd1, command=[]} | ret=SUCCESS |  
2019-08-27 21:57:00,419 | INFO  | SCMAudit | user=jenkins1000 | ip=192.168.69.113 | op=SEND_HEARTBEAT {datanodeUUID=6fbb6c8f-68ec-4eec-acdd-5276ddf30de1, command=[]} | ret=SUCCESS |  
2019-08-27 21:57:00,622 | INFO  | SCMAudit | user=jenkins1000 | ip=192.168.69.113 | op=SEND_HEARTBEAT {datanodeUUID=803e2962-4b43-470b-a1eb-8fa95db682ee, command=[]} | ret=SUCCESS |  
2019-08-27 21:57:00,751 [grpc-default-executor-6] INFO  client.GrpcClientProtocolClient (GrpcClientProtocolClient.java:onNext(255)) - client-9C14CD88FCAE->ff101aed-a6b7-4de5-96bc-8545c1bca62b: receive RaftClientReply:client-9C14CD88FCAE->ff101aed-a6b7-4de5-96bc-8545c1bca62b@group-92F312A34A51, cid=45, FAILED org.apache.ratis.protocol.NotLeaderException: Server ff101aed-a6b7-4de5-96bc-8545c1bca62b is not the leader (d16fede7-9c95-4edf-9c33-745cfaca74f6:192.168.69.113:38146). Request must be sent to leader., logIndex=0, commits[ff101aed-a6b7-4de5-96bc-8545c1bca62b:c8, d16fede7-9c95-4edf-9c33-745cfaca74f6:c8, 7ad9a523-ea61-4de8-b564-9ed7c6de1fd1:c8]
2019-08-27 21:57:00,819 | INFO  | SCMAudit | user=jenkins1000 | ip=192.168.69.113 | op=SEND_HEARTBEAT {datanodeUUID=676885e1-3491-47d8-84ec-d928b9cef1c5, command=[]} | ret=SUCCESS |  
2019-08-27 21:57:01,181 | INFO  | SCMAudit | user=jenkins1000 | ip=192.168.69.113 | op=SEND_HEARTBEAT {datanodeUUID=6da4aad8-a4f6-4be0-a3fe-0ce626d82d81, command=[]} | ret=SUCCESS |  
2019-08-27 21:57:01,295 | INFO  | SCMAudit | user=jenkins1000 | ip=192.168.69.113 | op=SEND_HEARTBEAT {datanodeUUID=d16fede7-9c95-4edf-9c33-745cfaca74f6, command=[]} | ret=SUCCESS |  
2019-08-27 21:57:01,306 | INFO  | SCMAudit | user=jenkins1000 | ip=192.168.69.113 | op=SEND_HEARTBEAT {datanodeUUID=ff101aed-a6b7-4de5-96bc-8545c1bca62b, command=[]} | ret=SUCCESS |  
2019-08-27 21:57:01,307 | INFO  | SCMAudit | user=jenkins1000 | ip=192.168.69.113 | op=SEND_HEARTBEAT {datanodeUUID=7ad9a523-ea61-4de8-b564-9ed7c6de1fd1, command=[]} | ret=SUCCESS |  
2019-08-27 21:57:01,420 | INFO  | SCMAudit | user=jenkins1000 | ip=192.168.69.113 | op=SEND_HEARTBEAT {datanodeUUID=6fbb6c8f-68ec-4eec-acdd-5276ddf30de1, command=[]} | ret=SUCCESS |  
2019-08-27 21:57:01,622 | INFO  | SCMAudit | user=jenkins1000 | ip=192.168.69.113 | op=SEND_HEARTBEAT {datanodeUUID=803e2962-4b43-470b-a1eb-8fa95db682ee, command=[]} | ret=SUCCESS |  
2019-08-27 21:57:01,818 | INFO  | SCMAudit | user=jenkins1000 | ip=192.168.69.113 | op=SEND_HEARTBEAT {datanodeUUID=676885e1-3491-47d8-84ec-d928b9cef1c5, command=[]} | ret=SUCCESS |  
2019-08-27 21:57:02,182 | INFO  | SCMAudit | user=jenkins1000 | ip=192.168.69.113 | op=SEND_HEARTBEAT {datanodeUUID=6da4aad8-a4f6-4be0-a3fe-0ce626d82d81, command=[]} | ret=SUCCESS |  
2019-08-27 21:57:02,295 | INFO  | SCMAudit | user=jenkins1000 | ip=192.168.69.113 | op=SEND_HEARTBEAT {datanodeUUID=d16fede7-9c95-4edf-9c33-745cfaca74f6, command=[]} | ret=SUCCESS |  
2019-08-27 21:57:02,303 | INFO  | SCMAudit | user=jenkins1000 | ip=192.168.69.113 | op=SEND_HEARTBEAT {datanodeUUID=ff101aed-a6b7-4de5-96bc-8545c1bca62b, command=[]} | ret=SUCCESS |  
2019-08-27 21:57:02,307 | INFO  | SCMAudit | user=jenkins1000 | ip=192.168.69.113 | op=SEND_HEARTBEAT {datanodeUUID=7ad9a523-ea61-4de8-b564-9ed7c6de1fd1, command=[]} | ret=SUCCESS |  
2019-08-27 21:57:02,420 | INFO  | SCMAudit | user=jenkins1000 | ip=192.168.69.113 | op=SEND_HEARTBEAT {datanodeUUID=6fbb6c8f-68ec-4eec-acdd-5276ddf30de1, command=[]} | ret=SUCCESS |  
2019-08-27 21:57:02,622 | INFO  | SCMAudit | user=jenkins1000 | ip=192.168.69.113 | op=SEND_HEARTBEAT {datanodeUUID=803e2962-4b43-470b-a1eb-8fa95db682ee, command=[]} | ret=SUCCESS |  
2019-08-27 21:57:02,819 | INFO  | SCMAudit | user=jenkins1000 | ip=192.168.69.113 | op=SEND_HEARTBEAT {datanodeUUID=676885e1-3491-47d8-84ec-d928b9cef1c5, command=[]} | ret=SUCCESS |  
2019-08-27 21:57:03,181 | INFO  | SCMAudit | user=jenkins1000 | ip=192.168.69.113 | op=SEND_HEARTBEAT {datanodeUUID=6da4aad8-a4f6-4be0-a3fe-0ce626d82d81, command=[]} | ret=SUCCESS |  
2019-08-27 21:57:03,295 | INFO  | SCMAudit | user=jenkins1000 | ip=192.168.69.113 | op=SEND_HEARTBEAT {datanodeUUID=d16fede7-9c95-4edf-9c33-745cfaca74f6, command=[]} | ret=SUCCESS |  
2019-08-27 21:57:03,304 | INFO  | SCMAudit | user=jenkins1000 | ip=192.168.69.113 | op=SEND_HEARTBEAT {datanodeUUID=ff101aed-a6b7-4de5-96bc-8545c1bca62b, command=[]} | ret=SUCCESS |  
2019-08-27 21:57:03,307 | INFO  | SCMAudit | user=jenkins1000 | ip=192.168.69.113 | op=SEND_HEARTBEAT {datanodeUUID=7ad9a523-ea61-4de8-b564-9ed7c6de1fd1, command=[]} | ret=SUCCESS |  
2019-08-27 21:57:03,420 | INFO  | SCMAudit | user=jenkins1000 | ip=192.168.69.113 | op=SEND_HEARTBEAT {datanodeUUID=6fbb6c8f-68ec-4eec-acdd-5276ddf30de1, command=[]} | ret=SUCCESS |  
2019-08-27 21:57:03,623 | INFO  | SCMAudit | user=jenkins1000 | ip=192.168.69.113 | op=SEND_HEARTBEAT {datanodeUUID=803e2962-4b43-470b-a1eb-8fa95db682ee, command=[]} | ret=SUCCESS |  
2019-08-27 21:57:03,818 | INFO  | SCMAudit | user=jenkins1000 | ip=192.168.69.113 | op=SEND_HEARTBEAT {datanodeUUID=676885e1-3491-47d8-84ec-d928b9cef1c5, command=[]} | ret=SUCCESS |  
2019-08-27 21:57:04,163 [ReplicationMonitor] INFO  container.ReplicationManager (ReplicationManager.java:run(215)) - Replication Monitor Thread took 0 milliseconds for processing 3 containers.
2019-08-27 21:57:04,182 | INFO  | SCMAudit | user=jenkins1000 | ip=192.168.69.113 | op=SEND_HEARTBEAT {datanodeUUID=6da4aad8-a4f6-4be0-a3fe-0ce626d82d81, command=[]} | ret=SUCCESS |  
2019-08-27 21:57:04,296 | INFO  | SCMAudit | user=jenkins1000 | ip=192.168.69.113 | op=SEND_HEARTBEAT {datanodeUUID=d16fede7-9c95-4edf-9c33-745cfaca74f6, command=[]} | ret=SUCCESS |  
2019-08-27 21:57:04,303 | INFO  | SCMAudit | user=jenkins1000 | ip=192.168.69.113 | op=SEND_HEARTBEAT {datanodeUUID=ff101aed-a6b7-4de5-96bc-8545c1bca62b, command=[]} | ret=SUCCESS |  
2019-08-27 21:57:04,307 | INFO  | SCMAudit | user=jenkins1000 | ip=192.168.69.113 | op=SEND_HEARTBEAT {datanodeUUID=7ad9a523-ea61-4de8-b564-9ed7c6de1fd1, command=[]} | ret=SUCCESS |  
2019-08-27 21:57:04,421 | INFO  | SCMAudit | user=jenkins1000 | ip=192.168.69.113 | op=SEND_HEARTBEAT {datanodeUUID=6fbb6c8f-68ec-4eec-acdd-5276ddf30de1, command=[]} | ret=SUCCESS |  
2019-08-27 21:57:04,622 | INFO  | SCMAudit | user=jenkins1000 | ip=192.168.69.113 | op=SEND_HEARTBEAT {datanodeUUID=803e2962-4b43-470b-a1eb-8fa95db682ee, command=[]} | ret=SUCCESS |  
2019-08-27 21:57:04,818 | INFO  | SCMAudit | user=jenkins1000 | ip=192.168.69.113 | op=SEND_HEARTBEAT {datanodeUUID=676885e1-3491-47d8-84ec-d928b9cef1c5, command=[]} | ret=SUCCESS |  
2019-08-27 21:57:05,181 | INFO  | SCMAudit | user=jenkins1000 | ip=192.168.69.113 | op=SEND_HEARTBEAT {datanodeUUID=6da4aad8-a4f6-4be0-a3fe-0ce626d82d81, command=[]} | ret=SUCCESS |  
2019-08-27 21:57:05,295 | INFO  | SCMAudit | user=jenkins1000 | ip=192.168.69.113 | op=SEND_HEARTBEAT {datanodeUUID=d16fede7-9c95-4edf-9c33-745cfaca74f6, command=[]} | ret=SUCCESS |  
2019-08-27 21:57:05,303 | INFO  | SCMAudit | user=jenkins1000 | ip=192.168.69.113 | op=SEND_HEARTBEAT {datanodeUUID=ff101aed-a6b7-4de5-96bc-8545c1bca62b, command=[]} | ret=SUCCESS |  
2019-08-27 21:57:05,308 | INFO  | SCMAudit | user=jenkins1000 | ip=192.168.69.113 | op=SEND_HEARTBEAT {datanodeUUID=7ad9a523-ea61-4de8-b564-9ed7c6de1fd1, command=[]} | ret=SUCCESS |  
2019-08-27 21:57:05,420 | INFO  | SCMAudit | user=jenkins1000 | ip=192.168.69.113 | op=SEND_HEARTBEAT {datanodeUUID=6fbb6c8f-68ec-4eec-acdd-5276ddf30de1, command=[]} | ret=SUCCESS |  
2019-08-27 21:57:05,623 | INFO  | SCMAudit | user=jenkins1000 | ip=192.168.69.113 | op=SEND_HEARTBEAT {datanodeUUID=803e2962-4b43-470b-a1eb-8fa95db682ee, command=[]} | ret=SUCCESS |  
2019-08-27 21:57:05,790 [grpc-default-executor-6] INFO  client.GrpcClientProtocolClient (GrpcClientProtocolClient.java:onNext(255)) - client-9C14CD88FCAE->7ad9a523-ea61-4de8-b564-9ed7c6de1fd1: receive RaftClientReply:client-9C14CD88FCAE->7ad9a523-ea61-4de8-b564-9ed7c6de1fd1@group-92F312A34A51, cid=45, FAILED org.apache.ratis.protocol.NotLeaderException: Server 7ad9a523-ea61-4de8-b564-9ed7c6de1fd1 is not the leader (d16fede7-9c95-4edf-9c33-745cfaca74f6:192.168.69.113:38146). Request must be sent to leader., logIndex=0, commits[7ad9a523-ea61-4de8-b564-9ed7c6de1fd1:c8, d16fede7-9c95-4edf-9c33-745cfaca74f6:c8, ff101aed-a6b7-4de5-96bc-8545c1bca62b:c8]
2019-08-27 21:57:05,818 | INFO  | SCMAudit | user=jenkins1000 | ip=192.168.69.113 | op=SEND_HEARTBEAT {datanodeUUID=676885e1-3491-47d8-84ec-d928b9cef1c5, command=[]} | ret=SUCCESS |  
2019-08-27 21:57:06,182 | INFO  | SCMAudit | user=jenkins1000 | ip=192.168.69.113 | op=SEND_HEARTBEAT {datanodeUUID=6da4aad8-a4f6-4be0-a3fe-0ce626d82d81, command=[]} | ret=SUCCESS |  
2019-08-27 21:57:06,295 | INFO  | SCMAudit | user=jenkins1000 | ip=192.168.69.113 | op=SEND_HEARTBEAT {datanodeUUID=d16fede7-9c95-4edf-9c33-745cfaca74f6, command=[]} | ret=SUCCESS |  
2019-08-27 21:57:06,303 | INFO  | SCMAudit | user=jenkins1000 | ip=192.168.69.113 | op=SEND_HEARTBEAT {datanodeUUID=ff101aed-a6b7-4de5-96bc-8545c1bca62b, command=[]} | ret=SUCCESS |  
2019-08-27 21:57:06,307 | INFO  | SCMAudit | user=jenkins1000 | ip=192.168.69.113 | op=SEND_HEARTBEAT {datanodeUUID=7ad9a523-ea61-4de8-b564-9ed7c6de1fd1, command=[]} | ret=SUCCESS |  
2019-08-27 21:57:06,420 | INFO  | SCMAudit | user=jenkins1000 | ip=192.168.69.113 | op=SEND_HEARTBEAT {datanodeUUID=6fbb6c8f-68ec-4eec-acdd-5276ddf30de1, command=[]} | ret=SUCCESS |  
2019-08-27 21:57:06,622 | INFO  | SCMAudit | user=jenkins1000 | ip=192.168.69.113 | op=SEND_HEARTBEAT {datanodeUUID=803e2962-4b43-470b-a1eb-8fa95db682ee, command=[]} | ret=SUCCESS |  
2019-08-27 21:57:06,819 | INFO  | SCMAudit | user=jenkins1000 | ip=192.168.69.113 | op=SEND_HEARTBEAT {datanodeUUID=676885e1-3491-47d8-84ec-d928b9cef1c5, command=[]} | ret=SUCCESS |  
2019-08-27 21:57:07,182 | INFO  | SCMAudit | user=jenkins1000 | ip=192.168.69.113 | op=SEND_HEARTBEAT {datanodeUUID=6da4aad8-a4f6-4be0-a3fe-0ce626d82d81, command=[]} | ret=SUCCESS |  
2019-08-27 21:57:07,296 | INFO  | SCMAudit | user=jenkins1000 | ip=192.168.69.113 | op=SEND_HEARTBEAT {datanodeUUID=d16fede7-9c95-4edf-9c33-745cfaca74f6, command=[]} | ret=SUCCESS |  
2019-08-27 21:57:07,303 | INFO  | SCMAudit | user=jenkins1000 | ip=192.168.69.113 | op=SEND_HEARTBEAT {datanodeUUID=ff101aed-a6b7-4de5-96bc-8545c1bca62b, command=[]} | ret=SUCCESS |  
2019-08-27 21:57:07,307 | INFO  | SCMAudit | user=jenkins1000 | ip=192.168.69.113 | op=SEND_HEARTBEAT {datanodeUUID=7ad9a523-ea61-4de8-b564-9ed7c6de1fd1, command=[]} | ret=SUCCESS |  
2019-08-27 21:57:07,420 | INFO  | SCMAudit | user=jenkins1000 | ip=192.168.69.113 | op=SEND_HEARTBEAT {datanodeUUID=6fbb6c8f-68ec-4eec-acdd-5276ddf30de1, command=[]} | ret=SUCCESS |  
2019-08-27 21:57:07,622 | INFO  | SCMAudit | user=jenkins1000 | ip=192.168.69.113 | op=SEND_HEARTBEAT {datanodeUUID=803e2962-4b43-470b-a1eb-8fa95db682ee, command=[]} | ret=SUCCESS |  
2019-08-27 21:57:07,818 | INFO  | SCMAudit | user=jenkins1000 | ip=192.168.69.113 | op=SEND_HEARTBEAT {datanodeUUID=676885e1-3491-47d8-84ec-d928b9cef1c5, command=[]} | ret=SUCCESS |  
2019-08-27 21:57:08,182 | INFO  | SCMAudit | user=jenkins1000 | ip=192.168.69.113 | op=SEND_HEARTBEAT {datanodeUUID=6da4aad8-a4f6-4be0-a3fe-0ce626d82d81, command=[]} | ret=SUCCESS |  
2019-08-27 21:57:08,295 | INFO  | SCMAudit | user=jenkins1000 | ip=192.168.69.113 | op=SEND_HEARTBEAT {datanodeUUID=d16fede7-9c95-4edf-9c33-745cfaca74f6, command=[]} | ret=SUCCESS |  
2019-08-27 21:57:08,304 | INFO  | SCMAudit | user=jenkins1000 | ip=192.168.69.113 | op=SEND_HEARTBEAT {datanodeUUID=ff101aed-a6b7-4de5-96bc-8545c1bca62b, command=[]} | ret=SUCCESS |  
2019-08-27 21:57:08,307 | INFO  | SCMAudit | user=jenkins1000 | ip=192.168.69.113 | op=SEND_HEARTBEAT {datanodeUUID=7ad9a523-ea61-4de8-b564-9ed7c6de1fd1, command=[]} | ret=SUCCESS |  
2019-08-27 21:57:08,420 | INFO  | SCMAudit | user=jenkins1000 | ip=192.168.69.113 | op=SEND_HEARTBEAT {datanodeUUID=6fbb6c8f-68ec-4eec-acdd-5276ddf30de1, command=[]} | ret=SUCCESS |  
2019-08-27 21:57:08,623 | INFO  | SCMAudit | user=jenkins1000 | ip=192.168.69.113 | op=SEND_HEARTBEAT {datanodeUUID=803e2962-4b43-470b-a1eb-8fa95db682ee, command=[]} | ret=SUCCESS |  
2019-08-27 21:57:08,818 | INFO  | SCMAudit | user=jenkins1000 | ip=192.168.69.113 | op=SEND_HEARTBEAT {datanodeUUID=676885e1-3491-47d8-84ec-d928b9cef1c5, command=[]} | ret=SUCCESS |  
2019-08-27 21:57:09,182 | INFO  | SCMAudit | user=jenkins1000 | ip=192.168.69.113 | op=SEND_HEARTBEAT {datanodeUUID=6da4aad8-a4f6-4be0-a3fe-0ce626d82d81, command=[]} | ret=SUCCESS |  
2019-08-27 21:57:09,295 | INFO  | SCMAudit | user=jenkins1000 | ip=192.168.69.113 | op=SEND_HEARTBEAT {datanodeUUID=d16fede7-9c95-4edf-9c33-745cfaca74f6, command=[]} | ret=SUCCESS |  
2019-08-27 21:57:09,304 | INFO  | SCMAudit | user=jenkins1000 | ip=192.168.69.113 | op=SEND_HEARTBEAT {datanodeUUID=ff101aed-a6b7-4de5-96bc-8545c1bca62b, command=[]} | ret=SUCCESS |  
2019-08-27 21:57:09,307 | INFO  | SCMAudit | user=jenkins1000 | ip=192.168.69.113 | op=SEND_HEARTBEAT {datanodeUUID=7ad9a523-ea61-4de8-b564-9ed7c6de1fd1, command=[]} | ret=SUCCESS |  
2019-08-27 21:57:09,421 | INFO  | SCMAudit | user=jenkins1000 | ip=192.168.69.113 | op=SEND_HEARTBEAT {datanodeUUID=6fbb6c8f-68ec-4eec-acdd-5276ddf30de1, command=[]} | ret=SUCCESS |  
2019-08-27 21:57:09,622 | INFO  | SCMAudit | user=jenkins1000 | ip=192.168.69.113 | op=SEND_HEARTBEAT {datanodeUUID=803e2962-4b43-470b-a1eb-8fa95db682ee, command=[]} | ret=SUCCESS |  
2019-08-27 21:57:09,818 | INFO  | SCMAudit | user=jenkins1000 | ip=192.168.69.113 | op=SEND_HEARTBEAT {datanodeUUID=676885e1-3491-47d8-84ec-d928b9cef1c5, command=[]} | ret=SUCCESS |  
2019-08-27 21:57:10,183 | INFO  | SCMAudit | user=jenkins1000 | ip=192.168.69.113 | op=SEND_HEARTBEAT {datanodeUUID=6da4aad8-a4f6-4be0-a3fe-0ce626d82d81, command=[]} | ret=SUCCESS |  
2019-08-27 21:57:10,296 | INFO  | SCMAudit | user=jenkins1000 | ip=192.168.69.113 | op=SEND_HEARTBEAT {datanodeUUID=d16fede7-9c95-4edf-9c33-745cfaca74f6, command=[]} | ret=SUCCESS |  
2019-08-27 21:57:10,304 | INFO  | SCMAudit | user=jenkins1000 | ip=192.168.69.113 | op=SEND_HEARTBEAT {datanodeUUID=ff101aed-a6b7-4de5-96bc-8545c1bca62b, command=[]} | ret=SUCCESS |  
2019-08-27 21:57:10,307 | INFO  | SCMAudit | user=jenkins1000 | ip=192.168.69.113 | op=SEND_HEARTBEAT {datanodeUUID=7ad9a523-ea61-4de8-b564-9ed7c6de1fd1, command=[]} | ret=SUCCESS |  
2019-08-27 21:57:10,421 | INFO  | SCMAudit | user=jenkins1000 | ip=192.168.69.113 | op=SEND_HEARTBEAT {datanodeUUID=6fbb6c8f-68ec-4eec-acdd-5276ddf30de1, command=[]} | ret=SUCCESS |  
2019-08-27 21:57:10,622 | INFO  | SCMAudit | user=jenkins1000 | ip=192.168.69.113 | op=SEND_HEARTBEAT {datanodeUUID=803e2962-4b43-470b-a1eb-8fa95db682ee, command=[]} | ret=SUCCESS |  
2019-08-27 21:57:10,819 | INFO  | SCMAudit | user=jenkins1000 | ip=192.168.69.113 | op=SEND_HEARTBEAT {datanodeUUID=676885e1-3491-47d8-84ec-d928b9cef1c5, command=[]} | ret=SUCCESS |  
2019-08-27 21:57:10,827 [grpc-default-executor-6] INFO  client.GrpcClientProtocolClient (GrpcClientProtocolClient.java:onNext(255)) - client-9C14CD88FCAE->7ad9a523-ea61-4de8-b564-9ed7c6de1fd1: receive RaftClientReply:client-9C14CD88FCAE->7ad9a523-ea61-4de8-b564-9ed7c6de1fd1@group-92F312A34A51, cid=45, FAILED org.apache.ratis.protocol.NotLeaderException: Server 7ad9a523-ea61-4de8-b564-9ed7c6de1fd1 is not the leader (d16fede7-9c95-4edf-9c33-745cfaca74f6:192.168.69.113:38146). Request must be sent to leader., logIndex=0, commits[7ad9a523-ea61-4de8-b564-9ed7c6de1fd1:c8, d16fede7-9c95-4edf-9c33-745cfaca74f6:c8, ff101aed-a6b7-4de5-96bc-8545c1bca62b:c8]
2019-08-27 21:57:10,838 [main] INFO  ozone.MiniOzoneClusterImpl (MiniOzoneClusterImpl.java:shutdown(321)) - Shutting down the Mini Ozone Cluster
2019-08-27 21:57:10,839 | INFO  | SCMAudit | user=null | ip=null | op=GET_SCM_INFO null | ret=SUCCESS |  
2019-08-27 21:57:10,839 [main] INFO  ozone.MiniOzoneClusterImpl (MiniOzoneClusterImpl.java:stop(336)) - Stopping the Mini Ozone Cluster
2019-08-27 21:57:10,839 [main] INFO  ozone.MiniOzoneClusterImpl (MiniOzoneClusterImpl.java:stop(338)) - Stopping the OzoneManager
2019-08-27 21:57:10,840 [main] INFO  ipc.Server (Server.java:stop(3082)) - Stopping server on 39585
2019-08-27 21:57:10,863 [IPC Server listener on 39585] INFO  ipc.Server (Server.java:run(1185)) - Stopping IPC Server listener on 39585
2019-08-27 21:57:10,868 [IPC Server Responder] INFO  ipc.Server (Server.java:run(1319)) - Stopping IPC Server Responder
2019-08-27 21:57:10,863 [main] INFO  ratis.OzoneManagerDoubleBuffer (OzoneManagerDoubleBuffer.java:stop(248)) - Stopping OMDoubleBuffer flush thread
2019-08-27 21:57:10,890 [OMDoubleBufferFlushThread] INFO  ratis.OzoneManagerDoubleBuffer (OzoneManagerDoubleBuffer.java:flushTransactions(191)) - OMDoubleBuffer flush thread OMDoubleBufferFlushThread is interrupted and will exit. OMDoubleBufferFlushThread
2019-08-27 21:57:10,890 [main] INFO  utils.BackgroundService (BackgroundService.java:shutdown(148)) - Shutting down service KeyDeletingService
2019-08-27 21:57:10,892 [main] INFO  handler.ContextHandler (ContextHandler.java:doStop(910)) - Stopped o.e.j.w.WebAppContext@134abd78{/,null,UNAVAILABLE}{/ozoneManager}
2019-08-27 21:57:10,893 [main] INFO  server.AbstractConnector (AbstractConnector.java:doStop(318)) - Stopped ServerConnector@3b0ed98a{HTTP/1.1,[http/1.1]}{0.0.0.0:0}
2019-08-27 21:57:10,893 [main] INFO  handler.ContextHandler (ContextHandler.java:doStop(910)) - Stopped o.e.j.s.ServletContextHandler@60ed0b9d{/static,file:///workdir/hadoop-ozone/integration-test/target/test-classes/webapps/static,UNAVAILABLE}
2019-08-27 21:57:10,894 [main] INFO  handler.ContextHandler (ContextHandler.java:doStop(910)) - Stopped o.e.j.s.ServletContextHandler@15e8c040{/logs,file:///workdir/hadoop-ozone/integration-test/target/log,UNAVAILABLE}
2019-08-27 21:57:10,897 [main] INFO  ozone.MiniOzoneClusterImpl (MiniOzoneClusterImpl.java:stop(344)) - Shutting the HddsDatanodes
2019-08-27 21:57:10,897 [main] INFO  datanode.ObjectStoreHandler (ObjectStoreHandler.java:close(155)) - Closing ObjectStoreHandler.
2019-08-27 21:57:10,898 [ForkJoinPool.commonPool-worker-0] INFO  datanode.ObjectStoreHandler (ObjectStoreHandler.java:close(155)) - Closing ObjectStoreHandler.
2019-08-27 21:57:10,899 [main] INFO  ozone.HddsDatanodeService (HddsDatanodeService.java:stop(451)) - Stopped plug-in org.apache.hadoop.ozone.web.OzoneHddsDatanodeService@18d22ecf
2019-08-27 21:57:10,899 [ForkJoinPool.commonPool-worker-0] INFO  ozone.HddsDatanodeService (HddsDatanodeService.java:stop(451)) - Stopped plug-in org.apache.hadoop.ozone.web.OzoneHddsDatanodeService@563843f1
2019-08-27 21:57:11,183 | INFO  | SCMAudit | user=jenkins1000 | ip=192.168.69.113 | op=SEND_HEARTBEAT {datanodeUUID=6da4aad8-a4f6-4be0-a3fe-0ce626d82d81, command=[]} | ret=SUCCESS |  
2019-08-27 21:57:11,296 | INFO  | SCMAudit | user=jenkins1000 | ip=192.168.69.113 | op=SEND_HEARTBEAT {datanodeUUID=d16fede7-9c95-4edf-9c33-745cfaca74f6, command=[]} | ret=SUCCESS |  
2019-08-27 21:57:11,304 [Datanode State Machine Thread - 0] INFO  statemachine.DatanodeStateMachine (DatanodeStateMachine.java:lambda$startDaemon$0(350)) - Ozone container server started.
2019-08-27 21:57:11,307 | INFO  | SCMAudit | user=jenkins1000 | ip=192.168.69.113 | op=SEND_HEARTBEAT {datanodeUUID=7ad9a523-ea61-4de8-b564-9ed7c6de1fd1, command=[]} | ret=SUCCESS |  
2019-08-27 21:57:11,420 [Datanode State Machine Thread - 0] INFO  statemachine.DatanodeStateMachine (DatanodeStateMachine.java:lambda$startDaemon$0(350)) - Ozone container server started.
2019-08-27 21:57:11,623 | INFO  | SCMAudit | user=jenkins1000 | ip=192.168.69.113 | op=SEND_HEARTBEAT {datanodeUUID=803e2962-4b43-470b-a1eb-8fa95db682ee, command=[]} | ret=SUCCESS |  
2019-08-27 21:57:11,819 | INFO  | SCMAudit | user=jenkins1000 | ip=192.168.69.113 | op=SEND_HEARTBEAT {datanodeUUID=676885e1-3491-47d8-84ec-d928b9cef1c5, command=[]} | ret=SUCCESS |  
2019-08-27 21:57:12,183 | INFO  | SCMAudit | user=jenkins1000 | ip=192.168.69.113 | op=SEND_HEARTBEAT {datanodeUUID=6da4aad8-a4f6-4be0-a3fe-0ce626d82d81, command=[]} | ret=SUCCESS |  
2019-08-27 21:57:12,297 | INFO  | SCMAudit | user=jenkins1000 | ip=192.168.69.113 | op=SEND_HEARTBEAT {datanodeUUID=d16fede7-9c95-4edf-9c33-745cfaca74f6, command=[]} | ret=SUCCESS |  
2019-08-27 21:57:12,308 | INFO  | SCMAudit | user=jenkins1000 | ip=192.168.69.113 | op=SEND_HEARTBEAT {datanodeUUID=7ad9a523-ea61-4de8-b564-9ed7c6de1fd1, command=[]} | ret=SUCCESS |  
2019-08-27 21:57:12,622 | INFO  | SCMAudit | user=jenkins1000 | ip=192.168.69.113 | op=SEND_HEARTBEAT {datanodeUUID=803e2962-4b43-470b-a1eb-8fa95db682ee, command=[]} | ret=SUCCESS |  
2019-08-27 21:57:12,820 | INFO  | SCMAudit | user=jenkins1000 | ip=192.168.69.113 | op=SEND_HEARTBEAT {datanodeUUID=676885e1-3491-47d8-84ec-d928b9cef1c5, command=[]} | ret=SUCCESS |  
2019-08-27 21:57:13,183 | INFO  | SCMAudit | user=jenkins1000 | ip=192.168.69.113 | op=SEND_HEARTBEAT {datanodeUUID=6da4aad8-a4f6-4be0-a3fe-0ce626d82d81, command=[]} | ret=SUCCESS |  
2019-08-27 21:57:13,296 | INFO  | SCMAudit | user=jenkins1000 | ip=192.168.69.113 | op=SEND_HEARTBEAT {datanodeUUID=d16fede7-9c95-4edf-9c33-745cfaca74f6, command=[]} | ret=SUCCESS |  
2019-08-27 21:57:13,308 | INFO  | SCMAudit | user=jenkins1000 | ip=192.168.69.113 | op=SEND_HEARTBEAT {datanodeUUID=7ad9a523-ea61-4de8-b564-9ed7c6de1fd1, command=[]} | ret=SUCCESS |  
2019-08-27 21:57:13,623 | INFO  | SCMAudit | user=jenkins1000 | ip=192.168.69.113 | op=SEND_HEARTBEAT {datanodeUUID=803e2962-4b43-470b-a1eb-8fa95db682ee, command=[]} | ret=SUCCESS |  
2019-08-27 21:57:13,819 | INFO  | SCMAudit | user=jenkins1000 | ip=192.168.69.113 | op=SEND_HEARTBEAT {datanodeUUID=676885e1-3491-47d8-84ec-d928b9cef1c5, command=[]} | ret=SUCCESS |  
2019-08-27 21:57:14,186 | INFO  | SCMAudit | user=jenkins1000 | ip=192.168.69.113 | op=SEND_HEARTBEAT {datanodeUUID=6da4aad8-a4f6-4be0-a3fe-0ce626d82d81, command=[]} | ret=SUCCESS |  
2019-08-27 21:57:14,296 | INFO  | SCMAudit | user=jenkins1000 | ip=192.168.69.113 | op=SEND_HEARTBEAT {datanodeUUID=d16fede7-9c95-4edf-9c33-745cfaca74f6, command=[]} | ret=SUCCESS |  
2019-08-27 21:57:14,308 | INFO  | SCMAudit | user=jenkins1000 | ip=192.168.69.113 | op=SEND_HEARTBEAT {datanodeUUID=7ad9a523-ea61-4de8-b564-9ed7c6de1fd1, command=[]} | ret=SUCCESS |  
2019-08-27 21:57:14,622 | INFO  | SCMAudit | user=jenkins1000 | ip=192.168.69.113 | op=SEND_HEARTBEAT {datanodeUUID=803e2962-4b43-470b-a1eb-8fa95db682ee, command=[]} | ret=SUCCESS |  
2019-08-27 21:57:14,819 | INFO  | SCMAudit | user=jenkins1000 | ip=192.168.69.113 | op=SEND_HEARTBEAT {datanodeUUID=676885e1-3491-47d8-84ec-d928b9cef1c5, command=[]} | ret=SUCCESS |  
2019-08-27 21:57:15,186 | INFO  | SCMAudit | user=jenkins1000 | ip=192.168.69.113 | op=SEND_HEARTBEAT {datanodeUUID=6da4aad8-a4f6-4be0-a3fe-0ce626d82d81, command=[]} | ret=SUCCESS |  
2019-08-27 21:57:15,297 | INFO  | SCMAudit | user=jenkins1000 | ip=192.168.69.113 | op=SEND_HEARTBEAT {datanodeUUID=d16fede7-9c95-4edf-9c33-745cfaca74f6, command=[]} | ret=SUCCESS |  
2019-08-27 21:57:15,308 | INFO  | SCMAudit | user=jenkins1000 | ip=192.168.69.113 | op=SEND_HEARTBEAT {datanodeUUID=7ad9a523-ea61-4de8-b564-9ed7c6de1fd1, command=[]} | ret=SUCCESS |  
2019-08-27 21:57:15,622 | INFO  | SCMAudit | user=jenkins1000 | ip=192.168.69.113 | op=SEND_HEARTBEAT {datanodeUUID=803e2962-4b43-470b-a1eb-8fa95db682ee, command=[]} | ret=SUCCESS |  
2019-08-27 21:57:15,820 | INFO  | SCMAudit | user=jenkins1000 | ip=192.168.69.113 | op=SEND_HEARTBEAT {datanodeUUID=676885e1-3491-47d8-84ec-d928b9cef1c5, command=[]} | ret=SUCCESS |  
2019-08-27 21:57:15,900 [ForkJoinPool.commonPool-worker-0] INFO  ozoneimpl.OzoneContainer (OzoneContainer.java:stop(214)) - Attempting to stop container services.
2019-08-27 21:57:15,900 [main] INFO  ozoneimpl.OzoneContainer (OzoneContainer.java:stop(214)) - Attempting to stop container services.
2019-08-27 21:57:15,901 [ForkJoinPool.commonPool-worker-0] INFO  impl.RaftServerProxy (RaftServerProxy.java:lambda$close$4(314)) - 6fbb6c8f-68ec-4eec-acdd-5276ddf30de1: close
2019-08-27 21:57:15,901 [main] INFO  impl.RaftServerProxy (RaftServerProxy.java:lambda$close$4(314)) - ff101aed-a6b7-4de5-96bc-8545c1bca62b: close
2019-08-27 21:57:15,901 [ForkJoinPool.commonPool-worker-0] INFO  impl.RaftServerImpl (RaftServerImpl.java:lambda$shutdown$3(245)) - 6fbb6c8f-68ec-4eec-acdd-5276ddf30de1: shutdown group-2A62E423243A
2019-08-27 21:57:15,902 [main] INFO  impl.RaftServerImpl (RaftServerImpl.java:lambda$shutdown$3(245)) - ff101aed-a6b7-4de5-96bc-8545c1bca62b: shutdown group-85F14359FA09
2019-08-27 21:57:15,902 [ForkJoinPool.commonPool-worker-0] INFO  util.JmxRegister (JmxRegister.java:unregister(73)) - Successfully un-registered JMX Bean with object name Ratis:service=RaftServer,group=group-2A62E423243A,id=6fbb6c8f-68ec-4eec-acdd-5276ddf30de1
2019-08-27 21:57:15,903 [main] INFO  util.JmxRegister (JmxRegister.java:unregister(73)) - Successfully un-registered JMX Bean with object name Ratis:service=RaftServer,group=group-85F14359FA09,id=ff101aed-a6b7-4de5-96bc-8545c1bca62b
2019-08-27 21:57:15,903 [ForkJoinPool.commonPool-worker-0] INFO  impl.RoleInfo (RoleInfo.java:shutdownLeaderState(104)) - 6fbb6c8f-68ec-4eec-acdd-5276ddf30de1: shutdown LeaderState
2019-08-27 21:57:15,903 [main] INFO  impl.RoleInfo (RoleInfo.java:shutdownLeaderState(104)) - ff101aed-a6b7-4de5-96bc-8545c1bca62b: shutdown LeaderState
2019-08-27 21:57:15,904 [ForkJoinPool.commonPool-worker-0] INFO  impl.PendingRequests (PendingRequests.java:sendNotLeaderResponses(202)) - 6fbb6c8f-68ec-4eec-acdd-5276ddf30de1-PendingRequests: sendNotLeaderResponses
2019-08-27 21:57:15,904 [main] INFO  impl.PendingRequests (PendingRequests.java:sendNotLeaderResponses(202)) - ff101aed-a6b7-4de5-96bc-8545c1bca62b-PendingRequests: sendNotLeaderResponses
2019-08-27 21:57:15,905 [ForkJoinPool.commonPool-worker-0] INFO  impl.StateMachineUpdater (StateMachineUpdater.java:stopAndJoin(115)) - StateMachineUpdater:6fbb6c8f-68ec-4eec-acdd-5276ddf30de1:group-2A62E423243A: set stopIndex = 0
2019-08-27 21:57:15,905 [main] INFO  impl.StateMachineUpdater (StateMachineUpdater.java:stopAndJoin(115)) - StateMachineUpdater:ff101aed-a6b7-4de5-96bc-8545c1bca62b:group-85F14359FA09: set stopIndex = 0
2019-08-27 21:57:15,905 [ForkJoinPool.commonPool-worker-0] INFO  impl.RaftServerImpl (ServerState.java:close(394)) - 6fbb6c8f-68ec-4eec-acdd-5276ddf30de1:group-2A62E423243A closes. The last applied log index is 0
2019-08-27 21:57:15,906 [main] INFO  impl.RaftServerImpl (ServerState.java:close(394)) - ff101aed-a6b7-4de5-96bc-8545c1bca62b:group-85F14359FA09 closes. The last applied log index is 0
2019-08-27 21:57:15,906 [6fbb6c8f-68ec-4eec-acdd-5276ddf30de1-SegmentedRaftLogWorker:Storage Directory /workdir/hadoop-ozone/integration-test/target/test-dir/MiniOzoneClusterImpl-0c6efe5f-9e3c-49a3-bcef-d31200f6a240/datanode-1/data/ratis/e85338f6-4446-43f1-8479-2a62e423243a] INFO  segmented.SegmentedRaftLogWorker (SegmentedRaftLogWorker.java:run(313)) - 6fbb6c8f-68ec-4eec-acdd-5276ddf30de1-SegmentedRaftLogWorker:Storage Directory /workdir/hadoop-ozone/integration-test/target/test-dir/MiniOzoneClusterImpl-0c6efe5f-9e3c-49a3-bcef-d31200f6a240/datanode-1/data/ratis/e85338f6-4446-43f1-8479-2a62e423243a was interrupted, exiting. There are 0 tasks remaining in the queue.
2019-08-27 21:57:15,907 [ff101aed-a6b7-4de5-96bc-8545c1bca62b-SegmentedRaftLogWorker:Storage Directory /workdir/hadoop-ozone/integration-test/target/test-dir/MiniOzoneClusterImpl-0c6efe5f-9e3c-49a3-bcef-d31200f6a240/datanode-4/data/ratis/8b88aa3b-82dc-4b8c-808b-85f14359fa09] INFO  segmented.SegmentedRaftLogWorker (SegmentedRaftLogWorker.java:run(313)) - ff101aed-a6b7-4de5-96bc-8545c1bca62b-SegmentedRaftLogWorker:Storage Directory /workdir/hadoop-ozone/integration-test/target/test-dir/MiniOzoneClusterImpl-0c6efe5f-9e3c-49a3-bcef-d31200f6a240/datanode-4/data/ratis/8b88aa3b-82dc-4b8c-808b-85f14359fa09 was interrupted, exiting. There are 0 tasks remaining in the queue.
2019-08-27 21:57:15,913 [ForkJoinPool.commonPool-worker-0] INFO  segmented.SegmentedRaftLogWorker (SegmentedRaftLogWorker.java:close(228)) - 6fbb6c8f-68ec-4eec-acdd-5276ddf30de1-SegmentedRaftLogWorker:Storage Directory /workdir/hadoop-ozone/integration-test/target/test-dir/MiniOzoneClusterImpl-0c6efe5f-9e3c-49a3-bcef-d31200f6a240/datanode-1/data/ratis/e85338f6-4446-43f1-8479-2a62e423243a close()
2019-08-27 21:57:15,914 [main] INFO  segmented.SegmentedRaftLogWorker (SegmentedRaftLogWorker.java:close(228)) - ff101aed-a6b7-4de5-96bc-8545c1bca62b-SegmentedRaftLogWorker:Storage Directory /workdir/hadoop-ozone/integration-test/target/test-dir/MiniOzoneClusterImpl-0c6efe5f-9e3c-49a3-bcef-d31200f6a240/datanode-4/data/ratis/8b88aa3b-82dc-4b8c-808b-85f14359fa09 close()
2019-08-27 21:57:15,919 [ForkJoinPool.commonPool-worker-0] INFO  impl.RaftServerImpl (RaftServerImpl.java:lambda$shutdown$3(245)) - 6fbb6c8f-68ec-4eec-acdd-5276ddf30de1: shutdown group-7320CB8F9FF5
2019-08-27 21:57:15,925 [main] INFO  impl.RaftServerImpl (RaftServerImpl.java:lambda$shutdown$3(245)) - ff101aed-a6b7-4de5-96bc-8545c1bca62b: shutdown group-92F312A34A51
2019-08-27 21:57:15,925 [ForkJoinPool.commonPool-worker-0] INFO  util.JmxRegister (JmxRegister.java:unregister(73)) - Successfully un-registered JMX Bean with object name Ratis:service=RaftServer,group=group-7320CB8F9FF5,id=6fbb6c8f-68ec-4eec-acdd-5276ddf30de1
2019-08-27 21:57:15,926 [main] INFO  util.JmxRegister (JmxRegister.java:unregister(73)) - Successfully un-registered JMX Bean with object name Ratis:service=RaftServer,group=group-92F312A34A51,id=ff101aed-a6b7-4de5-96bc-8545c1bca62b
2019-08-27 21:57:15,926 [main] INFO  impl.RoleInfo (RoleInfo.java:shutdownFollowerState(121)) - ff101aed-a6b7-4de5-96bc-8545c1bca62b: shutdown FollowerState
2019-08-27 21:57:15,926 [ForkJoinPool.commonPool-worker-0] INFO  impl.RoleInfo (RoleInfo.java:shutdownLeaderState(104)) - 6fbb6c8f-68ec-4eec-acdd-5276ddf30de1: shutdown LeaderState
2019-08-27 21:57:15,927 [Thread-831] INFO  impl.FollowerState (FollowerState.java:run(114)) - ff101aed-a6b7-4de5-96bc-8545c1bca62b: FollowerState was interrupted: java.lang.InterruptedException: sleep interrupted
2019-08-27 21:57:15,927 [main] INFO  impl.StateMachineUpdater (StateMachineUpdater.java:stopAndJoin(115)) - StateMachineUpdater:ff101aed-a6b7-4de5-96bc-8545c1bca62b:group-92F312A34A51: set stopIndex = 8
2019-08-27 21:57:15,934 [org.apache.ratis.server.impl.LogAppender$AppenderDaemon$$Lambda$504/961321778@7e6346a2] WARN  server.GrpcLogAppender (GrpcLogAppender.java:mayWait(143)) - GrpcLogAppender(6fbb6c8f-68ec-4eec-acdd-5276ddf30de1->6da4aad8-a4f6-4be0-a3fe-0ce626d82d81): Wait interrupted by java.lang.InterruptedException
2019-08-27 21:57:15,934 [org.apache.ratis.server.impl.LogAppender$AppenderDaemon$$Lambda$504/961321778@3b61cfaa] WARN  server.GrpcLogAppender (GrpcLogAppender.java:mayWait(143)) - GrpcLogAppender(6fbb6c8f-68ec-4eec-acdd-5276ddf30de1->803e2962-4b43-470b-a1eb-8fa95db682ee): Wait interrupted by java.lang.InterruptedException
2019-08-27 21:57:15,931 [ForkJoinPool.commonPool-worker-0] INFO  impl.PendingRequests (PendingRequests.java:sendNotLeaderResponses(202)) - 6fbb6c8f-68ec-4eec-acdd-5276ddf30de1-PendingRequests: sendNotLeaderResponses
2019-08-27 21:57:15,929 [StateMachineUpdater:ff101aed-a6b7-4de5-96bc-8545c1bca62b:group-92F312A34A51] INFO  ratis.ContainerStateMachine (ContainerStateMachine.java:takeSnapshot(283)) - group-92F312A34A51: Taking a snapshot at:(t:1, i:6) file /workdir/hadoop-ozone/integration-test/target/test-dir/MiniOzoneClusterImpl-0c6efe5f-9e3c-49a3-bcef-d31200f6a240/datanode-4/data/ratis/426ef396-d4fd-425a-ad57-92f312a34a51/sm/snapshot.1_6
2019-08-27 21:57:15,936 [grpc-default-executor-7] INFO  server.GrpcServerProtocolService (GrpcServerProtocolService.java:onCompleted(104)) - 803e2962-4b43-470b-a1eb-8fa95db682ee: appendEntries completed
2019-08-27 21:57:15,936 [ForkJoinPool.commonPool-worker-0] INFO  impl.StateMachineUpdater (StateMachineUpdater.java:stopAndJoin(115)) - StateMachineUpdater:6fbb6c8f-68ec-4eec-acdd-5276ddf30de1:group-7320CB8F9FF5: set stopIndex = 0
2019-08-27 21:57:15,936 [ForkJoinPool.commonPool-worker-0] INFO  impl.RaftServerImpl (ServerState.java:close(394)) - 6fbb6c8f-68ec-4eec-acdd-5276ddf30de1:group-7320CB8F9FF5 closes. The last applied log index is 0
2019-08-27 21:57:15,937 [grpc-default-executor-7] INFO  server.GrpcLogAppender (GrpcLogAppender.java:onCompleted(292)) - 6fbb6c8f-68ec-4eec-acdd-5276ddf30de1->803e2962-4b43-470b-a1eb-8fa95db682ee: follower responses appendEntries COMPLETED
2019-08-27 21:57:15,935 [grpc-default-executor-6] INFO  server.GrpcServerProtocolService (GrpcServerProtocolService.java:onCompleted(104)) - 6da4aad8-a4f6-4be0-a3fe-0ce626d82d81: appendEntries completed
2019-08-27 21:57:15,937 [6fbb6c8f-68ec-4eec-acdd-5276ddf30de1-SegmentedRaftLogWorker:Storage Directory /workdir/hadoop-ozone/integration-test/target/test-dir/MiniOzoneClusterImpl-0c6efe5f-9e3c-49a3-bcef-d31200f6a240/datanode-1/data/ratis/1e50b401-368a-4911-9917-7320cb8f9ff5] INFO  segmented.SegmentedRaftLogWorker (SegmentedRaftLogWorker.java:run(313)) - 6fbb6c8f-68ec-4eec-acdd-5276ddf30de1-SegmentedRaftLogWorker:Storage Directory /workdir/hadoop-ozone/integration-test/target/test-dir/MiniOzoneClusterImpl-0c6efe5f-9e3c-49a3-bcef-d31200f6a240/datanode-1/data/ratis/1e50b401-368a-4911-9917-7320cb8f9ff5 was interrupted, exiting. There are 0 tasks remaining in the queue.
2019-08-27 21:57:15,939 [grpc-default-executor-7] INFO  impl.FollowerInfo (FollowerInfo.java:lambda$new$0(50)) - 6fbb6c8f-68ec-4eec-acdd-5276ddf30de1->803e2962-4b43-470b-a1eb-8fa95db682ee: nextIndex: updateUnconditionally 1 -> 0
2019-08-27 21:57:15,942 [grpc-default-executor-6] INFO  server.GrpcLogAppender (GrpcLogAppender.java:onCompleted(292)) - 6fbb6c8f-68ec-4eec-acdd-5276ddf30de1->6da4aad8-a4f6-4be0-a3fe-0ce626d82d81: follower responses appendEntries COMPLETED
2019-08-27 21:57:15,945 [grpc-default-executor-6] INFO  impl.FollowerInfo (FollowerInfo.java:lambda$new$0(50)) - 6fbb6c8f-68ec-4eec-acdd-5276ddf30de1->6da4aad8-a4f6-4be0-a3fe-0ce626d82d81: nextIndex: updateUnconditionally 1 -> 0
2019-08-27 21:57:15,948 [ForkJoinPool.commonPool-worker-0] INFO  segmented.SegmentedRaftLogWorker (SegmentedRaftLogWorker.java:close(228)) - 6fbb6c8f-68ec-4eec-acdd-5276ddf30de1-SegmentedRaftLogWorker:Storage Directory /workdir/hadoop-ozone/integration-test/target/test-dir/MiniOzoneClusterImpl-0c6efe5f-9e3c-49a3-bcef-d31200f6a240/datanode-1/data/ratis/1e50b401-368a-4911-9917-7320cb8f9ff5 close()
2019-08-27 21:57:15,952 [ForkJoinPool.commonPool-worker-0] INFO  server.GrpcService (GrpcService.java:closeImpl(155)) - 6fbb6c8f-68ec-4eec-acdd-5276ddf30de1: shutdown server with port 36253 now
2019-08-27 21:57:15,952 [StateMachineUpdater:ff101aed-a6b7-4de5-96bc-8545c1bca62b:group-92F312A34A51] INFO  ratis.ContainerStateMachine (ContainerStateMachine.java:takeSnapshot(294)) - group-92F312A34A51: Finished taking a snapshot at:(t:1, i:6) file:/workdir/hadoop-ozone/integration-test/target/test-dir/MiniOzoneClusterImpl-0c6efe5f-9e3c-49a3-bcef-d31200f6a240/datanode-4/data/ratis/426ef396-d4fd-425a-ad57-92f312a34a51/sm/snapshot.1_6 time:25
2019-08-27 21:57:15,952 [StateMachineUpdater:ff101aed-a6b7-4de5-96bc-8545c1bca62b:group-92F312A34A51] INFO  impl.StateMachineUpdater (StateMachineUpdater.java:takeSnapshot(242)) - StateMachineUpdater:ff101aed-a6b7-4de5-96bc-8545c1bca62b:group-92F312A34A51: Took a snapshot at index 6
2019-08-27 21:57:15,952 [ForkJoinPool.commonPool-worker-0] INFO  server.GrpcService (GrpcService.java:closeImpl(163)) - 6fbb6c8f-68ec-4eec-acdd-5276ddf30de1: shutdown server with port 36253 successfully
2019-08-27 21:57:15,952 [StateMachineUpdater:ff101aed-a6b7-4de5-96bc-8545c1bca62b:group-92F312A34A51] INFO  impl.StateMachineUpdater (StateMachineUpdater.java:lambda$new$0(80)) - StateMachineUpdater:ff101aed-a6b7-4de5-96bc-8545c1bca62b:group-92F312A34A51: snapshotIndex: updateIncreasingly -1 -> 6
2019-08-27 21:57:15,953 [main] INFO  impl.RaftServerImpl (ServerState.java:close(394)) - ff101aed-a6b7-4de5-96bc-8545c1bca62b:group-92F312A34A51 closes. The last applied log index is 8
2019-08-27 21:57:15,955 [ForkJoinPool.commonPool-worker-0] INFO  utils.BackgroundService (BackgroundService.java:shutdown(148)) - Shutting down service BlockDeletingService
2019-08-27 21:57:15,956 [ff101aed-a6b7-4de5-96bc-8545c1bca62b-SegmentedRaftLogWorker:Storage Directory /workdir/hadoop-ozone/integration-test/target/test-dir/MiniOzoneClusterImpl-0c6efe5f-9e3c-49a3-bcef-d31200f6a240/datanode-4/data/ratis/426ef396-d4fd-425a-ad57-92f312a34a51] INFO  segmented.SegmentedRaftLogWorker (SegmentedRaftLogWorker.java:run(313)) - ff101aed-a6b7-4de5-96bc-8545c1bca62b-SegmentedRaftLogWorker:Storage Directory /workdir/hadoop-ozone/integration-test/target/test-dir/MiniOzoneClusterImpl-0c6efe5f-9e3c-49a3-bcef-d31200f6a240/datanode-4/data/ratis/426ef396-d4fd-425a-ad57-92f312a34a51 was interrupted, exiting. There are 0 tasks remaining in the queue.
2019-08-27 21:57:15,958 [main] INFO  segmented.SegmentedRaftLogWorker (SegmentedRaftLogWorker.java:close(228)) - ff101aed-a6b7-4de5-96bc-8545c1bca62b-SegmentedRaftLogWorker:Storage Directory /workdir/hadoop-ozone/integration-test/target/test-dir/MiniOzoneClusterImpl-0c6efe5f-9e3c-49a3-bcef-d31200f6a240/datanode-4/data/ratis/426ef396-d4fd-425a-ad57-92f312a34a51 close()
2019-08-27 21:57:15,975 [main] INFO  server.GrpcService (GrpcService.java:closeImpl(155)) - ff101aed-a6b7-4de5-96bc-8545c1bca62b: shutdown server with port 37617 now
2019-08-27 21:57:15,976 [refreshUsed-/workdir/hadoop-ozone/integration-test/target/test-dir/MiniOzoneClusterImpl-0c6efe5f-9e3c-49a3-bcef-d31200f6a240/datanode-1/data/containers] WARN  fs.CachingGetSpaceUsed (CachingGetSpaceUsed.java:run(183)) - Thread Interrupted waiting to refresh disk information: sleep interrupted
2019-08-27 21:57:15,976 [grpc-default-executor-7] WARN  server.GrpcServerProtocolService (LogUtils.java:warn(134)) - ff101aed-a6b7-4de5-96bc-8545c1bca62b: appendEntries onError: org.apache.ratis.thirdparty.io.grpc.StatusRuntimeException: CANCELLED: cancelled before receiving half close
2019-08-27 21:57:15,976 [main] INFO  server.GrpcService (GrpcService.java:closeImpl(163)) - ff101aed-a6b7-4de5-96bc-8545c1bca62b: shutdown server with port 37617 successfully
2019-08-27 21:57:15,977 [grpc-default-executor-7] WARN  server.GrpcLogAppender (LogUtils.java:warn(134)) - d16fede7-9c95-4edf-9c33-745cfaca74f6->ff101aed-a6b7-4de5-96bc-8545c1bca62b: Failed appendEntries: org.apache.ratis.thirdparty.io.grpc.StatusRuntimeException: CANCELLED: HTTP/2 error code: CANCEL
Received Rst Stream
2019-08-27 21:57:15,980 [grpc-default-executor-7] INFO  impl.FollowerInfo (FollowerInfo.java:lambda$new$0(50)) - d16fede7-9c95-4edf-9c33-745cfaca74f6->ff101aed-a6b7-4de5-96bc-8545c1bca62b: nextIndex: updateUnconditionally 9 -> 8
2019-08-27 21:57:15,983 [main] INFO  utils.BackgroundService (BackgroundService.java:shutdown(148)) - Shutting down service BlockDeletingService
2019-08-27 21:57:15,985 [refreshUsed-/workdir/hadoop-ozone/integration-test/target/test-dir/MiniOzoneClusterImpl-0c6efe5f-9e3c-49a3-bcef-d31200f6a240/datanode-4/data/containers] WARN  fs.CachingGetSpaceUsed (CachingGetSpaceUsed.java:run(183)) - Thread Interrupted waiting to refresh disk information: sleep interrupted
2019-08-27 21:57:16,003 [ForkJoinPool.commonPool-worker-0] INFO  statemachine.DatanodeStateMachine (DatanodeStateMachine.java:stopDaemon(395)) - Ozone container server stopped.
2019-08-27 21:57:16,010 [main] INFO  statemachine.DatanodeStateMachine (DatanodeStateMachine.java:stopDaemon(395)) - Ozone container server stopped.
2019-08-27 21:57:16,012 [ForkJoinPool.commonPool-worker-0] INFO  handler.ContextHandler (ContextHandler.java:doStop(910)) - Stopped o.e.j.w.WebAppContext@393ae7a0{/,null,UNAVAILABLE}{/hddsDatanode}
2019-08-27 21:57:16,013 [main] INFO  handler.ContextHandler (ContextHandler.java:doStop(910)) - Stopped o.e.j.w.WebAppContext@17f41739{/,null,UNAVAILABLE}{/hddsDatanode}
2019-08-27 21:57:16,013 [ForkJoinPool.commonPool-worker-0] INFO  server.AbstractConnector (AbstractConnector.java:doStop(318)) - Stopped ServerConnector@63326a3a{HTTP/1.1,[http/1.1]}{0.0.0.0:0}
2019-08-27 21:57:16,014 [ForkJoinPool.commonPool-worker-0] INFO  handler.ContextHandler (ContextHandler.java:doStop(910)) - Stopped o.e.j.s.ServletContextHandler@29b8df5{/static,jar:file:/home/user/.m2/repository/org/apache/hadoop/hadoop-hdds-container-service/0.5.0-SNAPSHOT/hadoop-hdds-container-service-0.5.0-SNAPSHOT.jar!/webapps/static,UNAVAILABLE}
2019-08-27 21:57:16,014 [main] INFO  server.AbstractConnector (AbstractConnector.java:doStop(318)) - Stopped ServerConnector@2b3b1124{HTTP/1.1,[http/1.1]}{0.0.0.0:0}
2019-08-27 21:57:16,016 [ForkJoinPool.commonPool-worker-0] INFO  handler.ContextHandler (ContextHandler.java:doStop(910)) - Stopped o.e.j.s.ServletContextHandler@1857fe6c{/logs,file:///workdir/hadoop-ozone/integration-test/target/log,UNAVAILABLE}
2019-08-27 21:57:16,016 [main] INFO  handler.ContextHandler (ContextHandler.java:doStop(910)) - Stopped o.e.j.s.ServletContextHandler@647ff23e{/static,jar:file:/home/user/.m2/repository/org/apache/hadoop/hadoop-hdds-container-service/0.5.0-SNAPSHOT/hadoop-hdds-container-service-0.5.0-SNAPSHOT.jar!/webapps/static,UNAVAILABLE}
2019-08-27 21:57:16,017 [ForkJoinPool.commonPool-worker-0] INFO  datanode.ObjectStoreHandler (ObjectStoreHandler.java:close(155)) - Closing ObjectStoreHandler.
2019-08-27 21:57:16,017 [main] INFO  handler.ContextHandler (ContextHandler.java:doStop(910)) - Stopped o.e.j.s.ServletContextHandler@3b2c8bda{/logs,file:///workdir/hadoop-ozone/integration-test/target/log,UNAVAILABLE}
2019-08-27 21:57:16,017 [ForkJoinPool.commonPool-worker-0] INFO  ozone.HddsDatanodeService (HddsDatanodeService.java:stop(451)) - Stopped plug-in org.apache.hadoop.ozone.web.OzoneHddsDatanodeService@149b53fa
2019-08-27 21:57:16,018 [main] INFO  datanode.ObjectStoreHandler (ObjectStoreHandler.java:close(155)) - Closing ObjectStoreHandler.
2019-08-27 21:57:16,019 [main] INFO  ozone.HddsDatanodeService (HddsDatanodeService.java:stop(451)) - Stopped plug-in org.apache.hadoop.ozone.web.OzoneHddsDatanodeService@1cb44a2f
2019-08-27 21:57:16,133 [grpc-default-executor-5] WARN  server.GrpcLogAppender (LogUtils.java:warn(134)) - d16fede7-9c95-4edf-9c33-745cfaca74f6->ff101aed-a6b7-4de5-96bc-8545c1bca62b: Failed appendEntries: org.apache.ratis.thirdparty.io.grpc.StatusRuntimeException: UNAVAILABLE: io exception
2019-08-27 21:57:16,136 [grpc-default-executor-5] INFO  impl.FollowerInfo (FollowerInfo.java:lambda$new$0(50)) - d16fede7-9c95-4edf-9c33-745cfaca74f6->ff101aed-a6b7-4de5-96bc-8545c1bca62b: nextIndex: updateUnconditionally 8 -> 7
2019-08-27 21:57:16,186 | INFO  | SCMAudit | user=jenkins1000 | ip=192.168.69.113 | op=SEND_HEARTBEAT {datanodeUUID=6da4aad8-a4f6-4be0-a3fe-0ce626d82d81, command=[]} | ret=SUCCESS |  
2019-08-27 21:57:16,296 | INFO  | SCMAudit | user=jenkins1000 | ip=192.168.69.113 | op=SEND_HEARTBEAT {datanodeUUID=d16fede7-9c95-4edf-9c33-745cfaca74f6, command=[]} | ret=SUCCESS |  
2019-08-27 21:57:16,307 [Datanode State Machine Thread - 0] INFO  statemachine.DatanodeStateMachine (DatanodeStateMachine.java:lambda$startDaemon$0(350)) - Ozone container server started.
2019-08-27 21:57:16,622 [Datanode State Machine Thread - 0] INFO  statemachine.DatanodeStateMachine (DatanodeStateMachine.java:lambda$startDaemon$0(350)) - Ozone container server started.
2019-08-27 21:57:16,820 | INFO  | SCMAudit | user=jenkins1000 | ip=192.168.69.113 | op=SEND_HEARTBEAT {datanodeUUID=676885e1-3491-47d8-84ec-d928b9cef1c5, command=[]} | ret=SUCCESS |  
2019-08-27 21:57:17,186 | INFO  | SCMAudit | user=jenkins1000 | ip=192.168.69.113 | op=SEND_HEARTBEAT {datanodeUUID=6da4aad8-a4f6-4be0-a3fe-0ce626d82d81, command=[]} | ret=SUCCESS |  
2019-08-27 21:57:17,296 | INFO  | SCMAudit | user=jenkins1000 | ip=192.168.69.113 | op=SEND_HEARTBEAT {datanodeUUID=d16fede7-9c95-4edf-9c33-745cfaca74f6, command=[]} | ret=SUCCESS |  
2019-08-27 21:57:17,821 | INFO  | SCMAudit | user=jenkins1000 | ip=192.168.69.113 | op=SEND_HEARTBEAT {datanodeUUID=676885e1-3491-47d8-84ec-d928b9cef1c5, command=[]} | ret=SUCCESS |  
2019-08-27 21:57:18,186 | INFO  | SCMAudit | user=jenkins1000 | ip=192.168.69.113 | op=SEND_HEARTBEAT {datanodeUUID=6da4aad8-a4f6-4be0-a3fe-0ce626d82d81, command=[]} | ret=SUCCESS |  
2019-08-27 21:57:18,296 | INFO  | SCMAudit | user=jenkins1000 | ip=192.168.69.113 | op=SEND_HEARTBEAT {datanodeUUID=d16fede7-9c95-4edf-9c33-745cfaca74f6, command=[]} | ret=SUCCESS |  
2019-08-27 21:57:18,637 [grpc-default-executor-7] WARN  server.GrpcLogAppender (LogUtils.java:warn(134)) - d16fede7-9c95-4edf-9c33-745cfaca74f6->ff101aed-a6b7-4de5-96bc-8545c1bca62b: Failed appendEntries: org.apache.ratis.thirdparty.io.grpc.StatusRuntimeException: UNAVAILABLE: io exception
2019-08-27 21:57:18,640 [grpc-default-executor-7] INFO  impl.FollowerInfo (FollowerInfo.java:lambda$new$0(50)) - d16fede7-9c95-4edf-9c33-745cfaca74f6->ff101aed-a6b7-4de5-96bc-8545c1bca62b: nextIndex: updateUnconditionally 7 -> 6
2019-08-27 21:57:18,821 | INFO  | SCMAudit | user=jenkins1000 | ip=192.168.69.113 | op=SEND_HEARTBEAT {datanodeUUID=676885e1-3491-47d8-84ec-d928b9cef1c5, command=[]} | ret=SUCCESS |  
2019-08-27 21:57:19,187 | INFO  | SCMAudit | user=jenkins1000 | ip=192.168.69.113 | op=SEND_HEARTBEAT {datanodeUUID=6da4aad8-a4f6-4be0-a3fe-0ce626d82d81, command=[]} | ret=SUCCESS |  
2019-08-27 21:57:19,296 | INFO  | SCMAudit | user=jenkins1000 | ip=192.168.69.113 | op=SEND_HEARTBEAT {datanodeUUID=d16fede7-9c95-4edf-9c33-745cfaca74f6, command=[]} | ret=SUCCESS |  
2019-08-27 21:57:19,822 | INFO  | SCMAudit | user=jenkins1000 | ip=192.168.69.113 | op=SEND_HEARTBEAT {datanodeUUID=676885e1-3491-47d8-84ec-d928b9cef1c5, command=[]} | ret=SUCCESS |  
2019-08-27 21:57:20,187 | INFO  | SCMAudit | user=jenkins1000 | ip=192.168.69.113 | op=SEND_HEARTBEAT {datanodeUUID=6da4aad8-a4f6-4be0-a3fe-0ce626d82d81, command=[]} | ret=SUCCESS |  
2019-08-27 21:57:20,296 | INFO  | SCMAudit | user=jenkins1000 | ip=192.168.69.113 | op=SEND_HEARTBEAT {datanodeUUID=d16fede7-9c95-4edf-9c33-745cfaca74f6, command=[]} | ret=SUCCESS |  
2019-08-27 21:57:20,821 | INFO  | SCMAudit | user=jenkins1000 | ip=192.168.69.113 | op=SEND_HEARTBEAT {datanodeUUID=676885e1-3491-47d8-84ec-d928b9cef1c5, command=[]} | ret=SUCCESS |  
2019-08-27 21:57:21,018 [ForkJoinPool.commonPool-worker-0] INFO  ozoneimpl.OzoneContainer (OzoneContainer.java:stop(214)) - Attempting to stop container services.
2019-08-27 21:57:21,019 [ForkJoinPool.commonPool-worker-0] INFO  impl.RaftServerProxy (RaftServerProxy.java:lambda$close$4(314)) - 803e2962-4b43-470b-a1eb-8fa95db682ee: close
2019-08-27 21:57:21,019 [main] INFO  ozoneimpl.OzoneContainer (OzoneContainer.java:stop(214)) - Attempting to stop container services.
2019-08-27 21:57:21,020 [ForkJoinPool.commonPool-worker-0] INFO  impl.RaftServerImpl (RaftServerImpl.java:lambda$shutdown$3(245)) - 803e2962-4b43-470b-a1eb-8fa95db682ee: shutdown group-7320CB8F9FF5
2019-08-27 21:57:21,020 [main] INFO  impl.RaftServerProxy (RaftServerProxy.java:lambda$close$4(314)) - 7ad9a523-ea61-4de8-b564-9ed7c6de1fd1: close
2019-08-27 21:57:21,020 [ForkJoinPool.commonPool-worker-0] INFO  util.JmxRegister (JmxRegister.java:unregister(73)) - Successfully un-registered JMX Bean with object name Ratis:service=RaftServer,group=group-7320CB8F9FF5,id=803e2962-4b43-470b-a1eb-8fa95db682ee
2019-08-27 21:57:21,021 [main] INFO  impl.RaftServerImpl (RaftServerImpl.java:lambda$shutdown$3(245)) - 7ad9a523-ea61-4de8-b564-9ed7c6de1fd1: shutdown group-92F312A34A51
2019-08-27 21:57:21,021 [ForkJoinPool.commonPool-worker-0] INFO  impl.RoleInfo (RoleInfo.java:shutdownFollowerState(121)) - 803e2962-4b43-470b-a1eb-8fa95db682ee: shutdown FollowerState
2019-08-27 21:57:21,022 [main] INFO  util.JmxRegister (JmxRegister.java:unregister(73)) - Successfully un-registered JMX Bean with object name Ratis:service=RaftServer,group=group-92F312A34A51,id=7ad9a523-ea61-4de8-b564-9ed7c6de1fd1
2019-08-27 21:57:21,022 [Thread-808] INFO  impl.FollowerState (FollowerState.java:run(114)) - 803e2962-4b43-470b-a1eb-8fa95db682ee: FollowerState was interrupted: java.lang.InterruptedException: sleep interrupted
2019-08-27 21:57:21,022 [ForkJoinPool.commonPool-worker-0] INFO  impl.StateMachineUpdater (StateMachineUpdater.java:stopAndJoin(115)) - StateMachineUpdater:803e2962-4b43-470b-a1eb-8fa95db682ee:group-7320CB8F9FF5: set stopIndex = 0
2019-08-27 21:57:21,026 [ForkJoinPool.commonPool-worker-0] INFO  impl.RaftServerImpl (ServerState.java:close(394)) - 803e2962-4b43-470b-a1eb-8fa95db682ee:group-7320CB8F9FF5 closes. The last applied log index is 0
2019-08-27 21:57:21,022 [main] INFO  impl.RoleInfo (RoleInfo.java:shutdownFollowerState(121)) - 7ad9a523-ea61-4de8-b564-9ed7c6de1fd1: shutdown FollowerState
2019-08-27 21:57:21,027 [803e2962-4b43-470b-a1eb-8fa95db682ee-SegmentedRaftLogWorker:Storage Directory /workdir/hadoop-ozone/integration-test/target/test-dir/MiniOzoneClusterImpl-0c6efe5f-9e3c-49a3-bcef-d31200f6a240/datanode-2/data/ratis/1e50b401-368a-4911-9917-7320cb8f9ff5] INFO  segmented.SegmentedRaftLogWorker (SegmentedRaftLogWorker.java:run(313)) - 803e2962-4b43-470b-a1eb-8fa95db682ee-SegmentedRaftLogWorker:Storage Directory /workdir/hadoop-ozone/integration-test/target/test-dir/MiniOzoneClusterImpl-0c6efe5f-9e3c-49a3-bcef-d31200f6a240/datanode-2/data/ratis/1e50b401-368a-4911-9917-7320cb8f9ff5 was interrupted, exiting. There are 0 tasks remaining in the queue.
2019-08-27 21:57:21,027 [Thread-832] INFO  impl.FollowerState (FollowerState.java:run(114)) - 7ad9a523-ea61-4de8-b564-9ed7c6de1fd1: FollowerState was interrupted: java.lang.InterruptedException: sleep interrupted
2019-08-27 21:57:21,027 [main] INFO  impl.StateMachineUpdater (StateMachineUpdater.java:stopAndJoin(115)) - StateMachineUpdater:7ad9a523-ea61-4de8-b564-9ed7c6de1fd1:group-92F312A34A51: set stopIndex = 8
2019-08-27 21:57:21,032 [ForkJoinPool.commonPool-worker-0] INFO  segmented.SegmentedRaftLogWorker (SegmentedRaftLogWorker.java:close(228)) - 803e2962-4b43-470b-a1eb-8fa95db682ee-SegmentedRaftLogWorker:Storage Directory /workdir/hadoop-ozone/integration-test/target/test-dir/MiniOzoneClusterImpl-0c6efe5f-9e3c-49a3-bcef-d31200f6a240/datanode-2/data/ratis/1e50b401-368a-4911-9917-7320cb8f9ff5 close()
2019-08-27 21:57:21,027 [StateMachineUpdater:7ad9a523-ea61-4de8-b564-9ed7c6de1fd1:group-92F312A34A51] INFO  ratis.ContainerStateMachine (ContainerStateMachine.java:takeSnapshot(283)) - group-92F312A34A51: Taking a snapshot at:(t:1, i:6) file /workdir/hadoop-ozone/integration-test/target/test-dir/MiniOzoneClusterImpl-0c6efe5f-9e3c-49a3-bcef-d31200f6a240/datanode-3/data/ratis/426ef396-d4fd-425a-ad57-92f312a34a51/sm/snapshot.1_6
2019-08-27 21:57:21,034 [ForkJoinPool.commonPool-worker-0] INFO  impl.RaftServerImpl (RaftServerImpl.java:lambda$shutdown$3(245)) - 803e2962-4b43-470b-a1eb-8fa95db682ee: shutdown group-618646FDE4E2
2019-08-27 21:57:21,035 [ForkJoinPool.commonPool-worker-0] INFO  util.JmxRegister (JmxRegister.java:unregister(73)) - Successfully un-registered JMX Bean with object name Ratis:service=RaftServer,group=group-618646FDE4E2,id=803e2962-4b43-470b-a1eb-8fa95db682ee
2019-08-27 21:57:21,035 [ForkJoinPool.commonPool-worker-0] INFO  impl.RoleInfo (RoleInfo.java:shutdownLeaderState(104)) - 803e2962-4b43-470b-a1eb-8fa95db682ee: shutdown LeaderState
2019-08-27 21:57:21,035 [ForkJoinPool.commonPool-worker-0] INFO  impl.PendingRequests (PendingRequests.java:sendNotLeaderResponses(202)) - 803e2962-4b43-470b-a1eb-8fa95db682ee-PendingRequests: sendNotLeaderResponses
2019-08-27 21:57:21,036 [ForkJoinPool.commonPool-worker-0] INFO  impl.StateMachineUpdater (StateMachineUpdater.java:stopAndJoin(115)) - StateMachineUpdater:803e2962-4b43-470b-a1eb-8fa95db682ee:group-618646FDE4E2: set stopIndex = 0
2019-08-27 21:57:21,036 [ForkJoinPool.commonPool-worker-0] INFO  impl.RaftServerImpl (ServerState.java:close(394)) - 803e2962-4b43-470b-a1eb-8fa95db682ee:group-618646FDE4E2 closes. The last applied log index is 0
2019-08-27 21:57:21,037 [803e2962-4b43-470b-a1eb-8fa95db682ee-SegmentedRaftLogWorker:Storage Directory /workdir/hadoop-ozone/integration-test/target/test-dir/MiniOzoneClusterImpl-0c6efe5f-9e3c-49a3-bcef-d31200f6a240/datanode-2/data/ratis/6de7fb5e-7a65-4172-849d-618646fde4e2] INFO  segmented.SegmentedRaftLogWorker (SegmentedRaftLogWorker.java:run(313)) - 803e2962-4b43-470b-a1eb-8fa95db682ee-SegmentedRaftLogWorker:Storage Directory /workdir/hadoop-ozone/integration-test/target/test-dir/MiniOzoneClusterImpl-0c6efe5f-9e3c-49a3-bcef-d31200f6a240/datanode-2/data/ratis/6de7fb5e-7a65-4172-849d-618646fde4e2 was interrupted, exiting. There are 0 tasks remaining in the queue.
2019-08-27 21:57:21,047 [ForkJoinPool.commonPool-worker-0] INFO  segmented.SegmentedRaftLogWorker (SegmentedRaftLogWorker.java:close(228)) - 803e2962-4b43-470b-a1eb-8fa95db682ee-SegmentedRaftLogWorker:Storage Directory /workdir/hadoop-ozone/integration-test/target/test-dir/MiniOzoneClusterImpl-0c6efe5f-9e3c-49a3-bcef-d31200f6a240/datanode-2/data/ratis/6de7fb5e-7a65-4172-849d-618646fde4e2 close()
2019-08-27 21:57:21,049 [StateMachineUpdater:7ad9a523-ea61-4de8-b564-9ed7c6de1fd1:group-92F312A34A51] INFO  ratis.ContainerStateMachine (ContainerStateMachine.java:takeSnapshot(294)) - group-92F312A34A51: Finished taking a snapshot at:(t:1, i:6) file:/workdir/hadoop-ozone/integration-test/target/test-dir/MiniOzoneClusterImpl-0c6efe5f-9e3c-49a3-bcef-d31200f6a240/datanode-3/data/ratis/426ef396-d4fd-425a-ad57-92f312a34a51/sm/snapshot.1_6 time:22
2019-08-27 21:57:21,049 [ForkJoinPool.commonPool-worker-0] INFO  server.GrpcService (GrpcService.java:closeImpl(155)) - 803e2962-4b43-470b-a1eb-8fa95db682ee: shutdown server with port 42940 now
2019-08-27 21:57:21,049 [StateMachineUpdater:7ad9a523-ea61-4de8-b564-9ed7c6de1fd1:group-92F312A34A51] INFO  impl.StateMachineUpdater (StateMachineUpdater.java:takeSnapshot(242)) - StateMachineUpdater:7ad9a523-ea61-4de8-b564-9ed7c6de1fd1:group-92F312A34A51: Took a snapshot at index 6
2019-08-27 21:57:21,050 [StateMachineUpdater:7ad9a523-ea61-4de8-b564-9ed7c6de1fd1:group-92F312A34A51] INFO  impl.StateMachineUpdater (StateMachineUpdater.java:lambda$new$0(80)) - StateMachineUpdater:7ad9a523-ea61-4de8-b564-9ed7c6de1fd1:group-92F312A34A51: snapshotIndex: updateIncreasingly -1 -> 6
2019-08-27 21:57:21,050 [ForkJoinPool.commonPool-worker-0] INFO  server.GrpcService (GrpcService.java:closeImpl(163)) - 803e2962-4b43-470b-a1eb-8fa95db682ee: shutdown server with port 42940 successfully
2019-08-27 21:57:21,051 [main] INFO  impl.RaftServerImpl (ServerState.java:close(394)) - 7ad9a523-ea61-4de8-b564-9ed7c6de1fd1:group-92F312A34A51 closes. The last applied log index is 8
2019-08-27 21:57:21,052 [7ad9a523-ea61-4de8-b564-9ed7c6de1fd1-SegmentedRaftLogWorker:Storage Directory /workdir/hadoop-ozone/integration-test/target/test-dir/MiniOzoneClusterImpl-0c6efe5f-9e3c-49a3-bcef-d31200f6a240/datanode-3/data/ratis/426ef396-d4fd-425a-ad57-92f312a34a51] INFO  segmented.SegmentedRaftLogWorker (SegmentedRaftLogWorker.java:run(313)) - 7ad9a523-ea61-4de8-b564-9ed7c6de1fd1-SegmentedRaftLogWorker:Storage Directory /workdir/hadoop-ozone/integration-test/target/test-dir/MiniOzoneClusterImpl-0c6efe5f-9e3c-49a3-bcef-d31200f6a240/datanode-3/data/ratis/426ef396-d4fd-425a-ad57-92f312a34a51 was interrupted, exiting. There are 0 tasks remaining in the queue.
2019-08-27 21:57:21,055 [main] INFO  segmented.SegmentedRaftLogWorker (SegmentedRaftLogWorker.java:close(228)) - 7ad9a523-ea61-4de8-b564-9ed7c6de1fd1-SegmentedRaftLogWorker:Storage Directory /workdir/hadoop-ozone/integration-test/target/test-dir/MiniOzoneClusterImpl-0c6efe5f-9e3c-49a3-bcef-d31200f6a240/datanode-3/data/ratis/426ef396-d4fd-425a-ad57-92f312a34a51 close()
2019-08-27 21:57:21,058 [main] INFO  impl.RaftServerImpl (RaftServerImpl.java:lambda$shutdown$3(245)) - 7ad9a523-ea61-4de8-b564-9ed7c6de1fd1: shutdown group-C8BA09E12EE7
2019-08-27 21:57:21,059 [main] INFO  util.JmxRegister (JmxRegister.java:unregister(73)) - Successfully un-registered JMX Bean with object name Ratis:service=RaftServer,group=group-C8BA09E12EE7,id=7ad9a523-ea61-4de8-b564-9ed7c6de1fd1
2019-08-27 21:57:21,059 [ForkJoinPool.commonPool-worker-0] INFO  utils.BackgroundService (BackgroundService.java:shutdown(148)) - Shutting down service BlockDeletingService
2019-08-27 21:57:21,060 [main] INFO  impl.RoleInfo (RoleInfo.java:shutdownLeaderState(104)) - 7ad9a523-ea61-4de8-b564-9ed7c6de1fd1: shutdown LeaderState
2019-08-27 21:57:21,061 [main] INFO  impl.PendingRequests (PendingRequests.java:sendNotLeaderResponses(202)) - 7ad9a523-ea61-4de8-b564-9ed7c6de1fd1-PendingRequests: sendNotLeaderResponses
2019-08-27 21:57:21,063 [main] INFO  impl.StateMachineUpdater (StateMachineUpdater.java:stopAndJoin(115)) - StateMachineUpdater:7ad9a523-ea61-4de8-b564-9ed7c6de1fd1:group-C8BA09E12EE7: set stopIndex = 0
2019-08-27 21:57:21,064 [main] INFO  impl.RaftServerImpl (ServerState.java:close(394)) - 7ad9a523-ea61-4de8-b564-9ed7c6de1fd1:group-C8BA09E12EE7 closes. The last applied log index is 0
2019-08-27 21:57:21,064 [refreshUsed-/workdir/hadoop-ozone/integration-test/target/test-dir/MiniOzoneClusterImpl-0c6efe5f-9e3c-49a3-bcef-d31200f6a240/datanode-2/data/containers] WARN  fs.CachingGetSpaceUsed (CachingGetSpaceUsed.java:run(183)) - Thread Interrupted waiting to refresh disk information: sleep interrupted
2019-08-27 21:57:21,065 [7ad9a523-ea61-4de8-b564-9ed7c6de1fd1-SegmentedRaftLogWorker:Storage Directory /workdir/hadoop-ozone/integration-test/target/test-dir/MiniOzoneClusterImpl-0c6efe5f-9e3c-49a3-bcef-d31200f6a240/datanode-3/data/ratis/3d515661-2ec4-4b44-9f87-c8ba09e12ee7] INFO  segmented.SegmentedRaftLogWorker (SegmentedRaftLogWorker.java:run(313)) - 7ad9a523-ea61-4de8-b564-9ed7c6de1fd1-SegmentedRaftLogWorker:Storage Directory /workdir/hadoop-ozone/integration-test/target/test-dir/MiniOzoneClusterImpl-0c6efe5f-9e3c-49a3-bcef-d31200f6a240/datanode-3/data/ratis/3d515661-2ec4-4b44-9f87-c8ba09e12ee7 was interrupted, exiting. There are 0 tasks remaining in the queue.
2019-08-27 21:57:21,067 [main] INFO  segmented.SegmentedRaftLogWorker (SegmentedRaftLogWorker.java:close(228)) - 7ad9a523-ea61-4de8-b564-9ed7c6de1fd1-SegmentedRaftLogWorker:Storage Directory /workdir/hadoop-ozone/integration-test/target/test-dir/MiniOzoneClusterImpl-0c6efe5f-9e3c-49a3-bcef-d31200f6a240/datanode-3/data/ratis/3d515661-2ec4-4b44-9f87-c8ba09e12ee7 close()
2019-08-27 21:57:21,069 [main] INFO  server.GrpcService (GrpcService.java:closeImpl(155)) - 7ad9a523-ea61-4de8-b564-9ed7c6de1fd1: shutdown server with port 33912 now
2019-08-27 21:57:21,070 [grpc-default-executor-8] WARN  server.GrpcServerProtocolService (LogUtils.java:warn(134)) - 7ad9a523-ea61-4de8-b564-9ed7c6de1fd1: appendEntries onError: org.apache.ratis.thirdparty.io.grpc.StatusRuntimeException: CANCELLED: cancelled before receiving half close
2019-08-27 21:57:21,070 [main] INFO  server.GrpcService (GrpcService.java:closeImpl(163)) - 7ad9a523-ea61-4de8-b564-9ed7c6de1fd1: shutdown server with port 33912 successfully
2019-08-27 21:57:21,070 [grpc-default-executor-7] WARN  server.GrpcLogAppender (LogUtils.java:warn(134)) - d16fede7-9c95-4edf-9c33-745cfaca74f6->7ad9a523-ea61-4de8-b564-9ed7c6de1fd1: Failed appendEntries: org.apache.ratis.thirdparty.io.grpc.StatusRuntimeException: CANCELLED: HTTP/2 error code: CANCEL
Received Rst Stream
2019-08-27 21:57:21,071 [grpc-default-executor-5] WARN  client.GrpcClientProtocolService (LogUtils.java:warn(134)) - 33-OrderedRequestStreamObserver33: onError: org.apache.ratis.thirdparty.io.grpc.StatusRuntimeException: CANCELLED: cancelled before receiving half close
2019-08-27 21:57:21,073 [grpc-default-executor-7] INFO  impl.FollowerInfo (FollowerInfo.java:lambda$new$0(50)) - d16fede7-9c95-4edf-9c33-745cfaca74f6->7ad9a523-ea61-4de8-b564-9ed7c6de1fd1: nextIndex: updateUnconditionally 9 -> 8
2019-08-27 21:57:21,074 [main] INFO  utils.BackgroundService (BackgroundService.java:shutdown(148)) - Shutting down service BlockDeletingService
2019-08-27 21:57:21,076 [refreshUsed-/workdir/hadoop-ozone/integration-test/target/test-dir/MiniOzoneClusterImpl-0c6efe5f-9e3c-49a3-bcef-d31200f6a240/datanode-3/data/containers] WARN  fs.CachingGetSpaceUsed (CachingGetSpaceUsed.java:run(183)) - Thread Interrupted waiting to refresh disk information: sleep interrupted
2019-08-27 21:57:21,092 [ForkJoinPool.commonPool-worker-0] INFO  statemachine.DatanodeStateMachine (DatanodeStateMachine.java:stopDaemon(395)) - Ozone container server stopped.
2019-08-27 21:57:21,097 [ForkJoinPool.commonPool-worker-0] INFO  handler.ContextHandler (ContextHandler.java:doStop(910)) - Stopped o.e.j.w.WebAppContext@35536760{/,null,UNAVAILABLE}{/hddsDatanode}
2019-08-27 21:57:21,098 [ForkJoinPool.commonPool-worker-0] INFO  server.AbstractConnector (AbstractConnector.java:doStop(318)) - Stopped ServerConnector@1c8f71a7{HTTP/1.1,[http/1.1]}{0.0.0.0:0}
2019-08-27 21:57:21,100 [ForkJoinPool.commonPool-worker-0] INFO  handler.ContextHandler (ContextHandler.java:doStop(910)) - Stopped o.e.j.s.ServletContextHandler@4ab455e2{/static,jar:file:/home/user/.m2/repository/org/apache/hadoop/hadoop-hdds-container-service/0.5.0-SNAPSHOT/hadoop-hdds-container-service-0.5.0-SNAPSHOT.jar!/webapps/static,UNAVAILABLE}
2019-08-27 21:57:21,102 [ForkJoinPool.commonPool-worker-0] INFO  handler.ContextHandler (ContextHandler.java:doStop(910)) - Stopped o.e.j.s.ServletContextHandler@391d28ea{/logs,file:///workdir/hadoop-ozone/integration-test/target/log,UNAVAILABLE}
2019-08-27 21:57:21,106 [main] INFO  statemachine.DatanodeStateMachine (DatanodeStateMachine.java:stopDaemon(395)) - Ozone container server stopped.
2019-08-27 21:57:21,107 [ForkJoinPool.commonPool-worker-0] INFO  datanode.ObjectStoreHandler (ObjectStoreHandler.java:close(155)) - Closing ObjectStoreHandler.
2019-08-27 21:57:21,107 [ForkJoinPool.commonPool-worker-0] INFO  ozone.HddsDatanodeService (HddsDatanodeService.java:stop(451)) - Stopped plug-in org.apache.hadoop.ozone.web.OzoneHddsDatanodeService@72a3462f
2019-08-27 21:57:21,107 [main] INFO  handler.ContextHandler (ContextHandler.java:doStop(910)) - Stopped o.e.j.w.WebAppContext@702b656a{/,null,UNAVAILABLE}{/hddsDatanode}
2019-08-27 21:57:21,108 [main] INFO  server.AbstractConnector (AbstractConnector.java:doStop(318)) - Stopped ServerConnector@528f5b7f{HTTP/1.1,[http/1.1]}{0.0.0.0:0}
2019-08-27 21:57:21,109 [main] INFO  handler.ContextHandler (ContextHandler.java:doStop(910)) - Stopped o.e.j.s.ServletContextHandler@2a54c92e{/static,jar:file:/home/user/.m2/repository/org/apache/hadoop/hadoop-hdds-container-service/0.5.0-SNAPSHOT/hadoop-hdds-container-service-0.5.0-SNAPSHOT.jar!/webapps/static,UNAVAILABLE}
2019-08-27 21:57:21,109 [main] INFO  handler.ContextHandler (ContextHandler.java:doStop(910)) - Stopped o.e.j.s.ServletContextHandler@e5c5e6{/logs,file:///workdir/hadoop-ozone/integration-test/target/log,UNAVAILABLE}
2019-08-27 21:57:21,110 [main] INFO  datanode.ObjectStoreHandler (ObjectStoreHandler.java:close(155)) - Closing ObjectStoreHandler.
2019-08-27 21:57:21,111 [main] INFO  ozone.HddsDatanodeService (HddsDatanodeService.java:stop(451)) - Stopped plug-in org.apache.hadoop.ozone.web.OzoneHddsDatanodeService@ef85567
2019-08-27 21:57:21,135 [grpc-default-executor-8] WARN  server.GrpcLogAppender (LogUtils.java:warn(134)) - d16fede7-9c95-4edf-9c33-745cfaca74f6->ff101aed-a6b7-4de5-96bc-8545c1bca62b: Failed appendEntries: org.apache.ratis.thirdparty.io.grpc.StatusRuntimeException: UNAVAILABLE: io exception
2019-08-27 21:57:21,137 [grpc-default-executor-8] INFO  impl.FollowerInfo (FollowerInfo.java:lambda$new$0(50)) - d16fede7-9c95-4edf-9c33-745cfaca74f6->ff101aed-a6b7-4de5-96bc-8545c1bca62b: nextIndex: updateUnconditionally 6 -> 5
2019-08-27 21:57:21,143 [grpc-default-executor-7] WARN  server.GrpcLogAppender (LogUtils.java:warn(134)) - d16fede7-9c95-4edf-9c33-745cfaca74f6->7ad9a523-ea61-4de8-b564-9ed7c6de1fd1: Failed appendEntries: org.apache.ratis.thirdparty.io.grpc.StatusRuntimeException: UNAVAILABLE: io exception
2019-08-27 21:57:21,145 [grpc-default-executor-7] INFO  impl.FollowerInfo (FollowerInfo.java:lambda$new$0(50)) - d16fede7-9c95-4edf-9c33-745cfaca74f6->7ad9a523-ea61-4de8-b564-9ed7c6de1fd1: nextIndex: updateUnconditionally 8 -> 7
2019-08-27 21:57:21,187 [Datanode State Machine Thread - 0] INFO  statemachine.DatanodeStateMachine (DatanodeStateMachine.java:lambda$startDaemon$0(350)) - Ozone container server started.
2019-08-27 21:57:21,296 | INFO  | SCMAudit | user=jenkins1000 | ip=192.168.69.113 | op=SEND_HEARTBEAT {datanodeUUID=d16fede7-9c95-4edf-9c33-745cfaca74f6, command=[]} | ret=SUCCESS |  
2019-08-27 21:57:21,821 [Datanode State Machine Thread - 0] INFO  statemachine.DatanodeStateMachine (DatanodeStateMachine.java:lambda$startDaemon$0(350)) - Ozone container server started.
2019-08-27 21:57:22,297 | INFO  | SCMAudit | user=jenkins1000 | ip=192.168.69.113 | op=SEND_HEARTBEAT {datanodeUUID=d16fede7-9c95-4edf-9c33-745cfaca74f6, command=[]} | ret=SUCCESS |  
2019-08-27 21:57:22,470 [Thread-809] INFO  impl.FollowerState (FollowerState.java:run(106)) - 6da4aad8-a4f6-4be0-a3fe-0ce626d82d81:group-7320CB8F9FF5 changes to CANDIDATE, lastRpcTime:7687, electionTimeout:5053ms
2019-08-27 21:57:22,470 [Thread-809] INFO  impl.RoleInfo (RoleInfo.java:shutdownFollowerState(121)) - 6da4aad8-a4f6-4be0-a3fe-0ce626d82d81: shutdown FollowerState
2019-08-27 21:57:22,471 [Thread-809] INFO  impl.RaftServerImpl (RaftServerImpl.java:setRole(171)) - 6da4aad8-a4f6-4be0-a3fe-0ce626d82d81:group-7320CB8F9FF5 changes role from FOLLOWER to CANDIDATE at term 1 for changeToCandidate
2019-08-27 21:57:22,471 [Thread-809] INFO  impl.RoleInfo (RoleInfo.java:updateAndGet(143)) - 6da4aad8-a4f6-4be0-a3fe-0ce626d82d81: start LeaderElection
2019-08-27 21:57:22,474 [6da4aad8-a4f6-4be0-a3fe-0ce626d82d81:group-7320CB8F9FF5:LeaderElection25] INFO  impl.RaftServerImpl (ServerState.java:setLeader(263)) - 6da4aad8-a4f6-4be0-a3fe-0ce626d82d81:group-7320CB8F9FF5 change Leader from 6fbb6c8f-68ec-4eec-acdd-5276ddf30de1 to null at term 1 for initElection
2019-08-27 21:57:22,502 [6da4aad8-a4f6-4be0-a3fe-0ce626d82d81:group-7320CB8F9FF5:LeaderElection25] INFO  impl.LeaderElection (LeaderElection.java:askForVotes(181)) - 6da4aad8-a4f6-4be0-a3fe-0ce626d82d81:group-7320CB8F9FF5:LeaderElection25: begin an election at term 2 for 0: [803e2962-4b43-470b-a1eb-8fa95db682ee:192.168.69.113:42940, 6da4aad8-a4f6-4be0-a3fe-0ce626d82d81:192.168.69.113:42674, 6fbb6c8f-68ec-4eec-acdd-5276ddf30de1:192.168.69.113:36253], old=null
2019-08-27 21:57:22,512 [6da4aad8-a4f6-4be0-a3fe-0ce626d82d81:group-7320CB8F9FF5:LeaderElection25] INFO  impl.LeaderElection (LogUtils.java:infoOrTrace(149)) - 6da4aad8-a4f6-4be0-a3fe-0ce626d82d81:group-7320CB8F9FF5:LeaderElection25 got exception when requesting votes: {}
java.util.concurrent.ExecutionException: org.apache.ratis.thirdparty.io.grpc.StatusRuntimeException: UNAVAILABLE: io exception
	at java.util.concurrent.FutureTask.report(FutureTask.java:122)
	at java.util.concurrent.FutureTask.get(FutureTask.java:192)
	at org.apache.ratis.server.impl.LeaderElection.waitForResults(LeaderElection.java:262)
	at org.apache.ratis.server.impl.LeaderElection.askForVotes(LeaderElection.java:200)
	at org.apache.ratis.server.impl.LeaderElection.run(LeaderElection.java:130)
	at java.lang.Thread.run(Thread.java:748)
Caused by: org.apache.ratis.thirdparty.io.grpc.StatusRuntimeException: UNAVAILABLE: io exception
	at org.apache.ratis.thirdparty.io.grpc.stub.ClientCalls.toStatusRuntimeException(ClientCalls.java:233)
	at org.apache.ratis.thirdparty.io.grpc.stub.ClientCalls.getUnchecked(ClientCalls.java:214)
	at org.apache.ratis.thirdparty.io.grpc.stub.ClientCalls.blockingUnaryCall(ClientCalls.java:139)
	at org.apache.ratis.proto.grpc.RaftServerProtocolServiceGrpc$RaftServerProtocolServiceBlockingStub.requestVote(RaftServerProtocolServiceGrpc.java:265)
	at org.apache.ratis.grpc.server.GrpcServerProtocolClient.requestVote(GrpcServerProtocolClient.java:83)
	at org.apache.ratis.grpc.server.GrpcService.requestVote(GrpcService.java:195)
	at org.apache.ratis.server.impl.LeaderElection.lambda$submitRequests$1(LeaderElection.java:237)
	at java.util.concurrent.FutureTask.run(FutureTask.java:266)
	at java.util.concurrent.Executors$RunnableAdapter.call(Executors.java:511)
	at java.util.concurrent.FutureTask.run(FutureTask.java:266)
	at java.util.concurrent.ThreadPoolExecutor.runWorker(ThreadPoolExecutor.java:1149)
	at java.util.concurrent.ThreadPoolExecutor$Worker.run(ThreadPoolExecutor.java:624)
	... 1 more
Caused by: org.apache.ratis.thirdparty.io.netty.channel.AbstractChannel$AnnotatedConnectException: Connection refused: /192.168.69.113:36253
	at sun.nio.ch.SocketChannelImpl.checkConnect(Native Method)
	at sun.nio.ch.SocketChannelImpl.finishConnect(SocketChannelImpl.java:717)
	at org.apache.ratis.thirdparty.io.netty.channel.socket.nio.NioSocketChannel.doFinishConnect(NioSocketChannel.java:327)
	at org.apache.ratis.thirdparty.io.netty.channel.nio.AbstractNioChannel$AbstractNioUnsafe.finishConnect(AbstractNioChannel.java:340)
	at org.apache.ratis.thirdparty.io.netty.channel.nio.NioEventLoop.processSelectedKey(NioEventLoop.java:632)
	at org.apache.ratis.thirdparty.io.netty.channel.nio.NioEventLoop.processSelectedKeysOptimized(NioEventLoop.java:579)
	at org.apache.ratis.thirdparty.io.netty.channel.nio.NioEventLoop.processSelectedKeys(NioEventLoop.java:496)
	at org.apache.ratis.thirdparty.io.netty.channel.nio.NioEventLoop.run(NioEventLoop.java:458)
	at org.apache.ratis.thirdparty.io.netty.util.concurrent.SingleThreadEventExecutor$5.run(SingleThreadEventExecutor.java:897)
	at org.apache.ratis.thirdparty.io.netty.util.concurrent.FastThreadLocalRunnable.run(FastThreadLocalRunnable.java:30)
	... 1 more
Caused by: java.net.ConnectException: Connection refused
	... 11 more
2019-08-27 21:57:22,517 [6da4aad8-a4f6-4be0-a3fe-0ce626d82d81:group-7320CB8F9FF5:LeaderElection25] INFO  impl.LeaderElection (LogUtils.java:infoOrTrace(149)) - 6da4aad8-a4f6-4be0-a3fe-0ce626d82d81:group-7320CB8F9FF5:LeaderElection25 got exception when requesting votes: {}
java.util.concurrent.ExecutionException: org.apache.ratis.thirdparty.io.grpc.StatusRuntimeException: UNAVAILABLE: io exception
	at java.util.concurrent.FutureTask.report(FutureTask.java:122)
	at java.util.concurrent.FutureTask.get(FutureTask.java:192)
	at org.apache.ratis.server.impl.LeaderElection.waitForResults(LeaderElection.java:262)
	at org.apache.ratis.server.impl.LeaderElection.askForVotes(LeaderElection.java:200)
	at org.apache.ratis.server.impl.LeaderElection.run(LeaderElection.java:130)
	at java.lang.Thread.run(Thread.java:748)
Caused by: org.apache.ratis.thirdparty.io.grpc.StatusRuntimeException: UNAVAILABLE: io exception
	at org.apache.ratis.thirdparty.io.grpc.stub.ClientCalls.toStatusRuntimeException(ClientCalls.java:233)
	at org.apache.ratis.thirdparty.io.grpc.stub.ClientCalls.getUnchecked(ClientCalls.java:214)
	at org.apache.ratis.thirdparty.io.grpc.stub.ClientCalls.blockingUnaryCall(ClientCalls.java:139)
	at org.apache.ratis.proto.grpc.RaftServerProtocolServiceGrpc$RaftServerProtocolServiceBlockingStub.requestVote(RaftServerProtocolServiceGrpc.java:265)
	at org.apache.ratis.grpc.server.GrpcServerProtocolClient.requestVote(GrpcServerProtocolClient.java:83)
	at org.apache.ratis.grpc.server.GrpcService.requestVote(GrpcService.java:195)
	at org.apache.ratis.server.impl.LeaderElection.lambda$submitRequests$1(LeaderElection.java:237)
	at java.util.concurrent.FutureTask.run(FutureTask.java:266)
	at java.util.concurrent.Executors$RunnableAdapter.call(Executors.java:511)
	at java.util.concurrent.FutureTask.run(FutureTask.java:266)
	at java.util.concurrent.ThreadPoolExecutor.runWorker(ThreadPoolExecutor.java:1149)
	at java.util.concurrent.ThreadPoolExecutor$Worker.run(ThreadPoolExecutor.java:624)
	... 1 more
Caused by: org.apache.ratis.thirdparty.io.netty.channel.AbstractChannel$AnnotatedConnectException: Connection refused: /192.168.69.113:42940
	at sun.nio.ch.SocketChannelImpl.checkConnect(Native Method)
	at sun.nio.ch.SocketChannelImpl.finishConnect(SocketChannelImpl.java:717)
	at org.apache.ratis.thirdparty.io.netty.channel.socket.nio.NioSocketChannel.doFinishConnect(NioSocketChannel.java:327)
	at org.apache.ratis.thirdparty.io.netty.channel.nio.AbstractNioChannel$AbstractNioUnsafe.finishConnect(AbstractNioChannel.java:340)
	at org.apache.ratis.thirdparty.io.netty.channel.nio.NioEventLoop.processSelectedKey(NioEventLoop.java:632)
	at org.apache.ratis.thirdparty.io.netty.channel.nio.NioEventLoop.processSelectedKeysOptimized(NioEventLoop.java:579)
	at org.apache.ratis.thirdparty.io.netty.channel.nio.NioEventLoop.processSelectedKeys(NioEventLoop.java:496)
	at org.apache.ratis.thirdparty.io.netty.channel.nio.NioEventLoop.run(NioEventLoop.java:458)
	at org.apache.ratis.thirdparty.io.netty.util.concurrent.SingleThreadEventExecutor$5.run(SingleThreadEventExecutor.java:897)
	at org.apache.ratis.thirdparty.io.netty.util.concurrent.FastThreadLocalRunnable.run(FastThreadLocalRunnable.java:30)
	... 1 more
Caused by: java.net.ConnectException: Connection refused
	... 11 more
2019-08-27 21:57:22,519 [6da4aad8-a4f6-4be0-a3fe-0ce626d82d81:group-7320CB8F9FF5:LeaderElection25] INFO  impl.LeaderElection (LeaderElection.java:logAndReturn(56)) - 6da4aad8-a4f6-4be0-a3fe-0ce626d82d81:group-7320CB8F9FF5:LeaderElection25: Election REJECTED; received 0 response(s) [] and 2 exception(s); 6da4aad8-a4f6-4be0-a3fe-0ce626d82d81:t2, leader=null, voted=6da4aad8-a4f6-4be0-a3fe-0ce626d82d81, raftlog=6da4aad8-a4f6-4be0-a3fe-0ce626d82d81-SegmentedRaftLog:OPENED:c0,f0,i0, conf=0: [803e2962-4b43-470b-a1eb-8fa95db682ee:192.168.69.113:42940, 6da4aad8-a4f6-4be0-a3fe-0ce626d82d81:192.168.69.113:42674, 6fbb6c8f-68ec-4eec-acdd-5276ddf30de1:192.168.69.113:36253], old=null
2019-08-27 21:57:22,519 [6da4aad8-a4f6-4be0-a3fe-0ce626d82d81:group-7320CB8F9FF5:LeaderElection25] INFO  impl.LeaderElection (LogUtils.java:infoOrTrace(149)) -   Exception 0: {}
java.util.concurrent.ExecutionException: org.apache.ratis.thirdparty.io.grpc.StatusRuntimeException: UNAVAILABLE: io exception
	at java.util.concurrent.FutureTask.report(FutureTask.java:122)
	at java.util.concurrent.FutureTask.get(FutureTask.java:192)
	at org.apache.ratis.server.impl.LeaderElection.waitForResults(LeaderElection.java:262)
	at org.apache.ratis.server.impl.LeaderElection.askForVotes(LeaderElection.java:200)
	at org.apache.ratis.server.impl.LeaderElection.run(LeaderElection.java:130)
	at java.lang.Thread.run(Thread.java:748)
Caused by: org.apache.ratis.thirdparty.io.grpc.StatusRuntimeException: UNAVAILABLE: io exception
	at org.apache.ratis.thirdparty.io.grpc.stub.ClientCalls.toStatusRuntimeException(ClientCalls.java:233)
	at org.apache.ratis.thirdparty.io.grpc.stub.ClientCalls.getUnchecked(ClientCalls.java:214)
	at org.apache.ratis.thirdparty.io.grpc.stub.ClientCalls.blockingUnaryCall(ClientCalls.java:139)
	at org.apache.ratis.proto.grpc.RaftServerProtocolServiceGrpc$RaftServerProtocolServiceBlockingStub.requestVote(RaftServerProtocolServiceGrpc.java:265)
	at org.apache.ratis.grpc.server.GrpcServerProtocolClient.requestVote(GrpcServerProtocolClient.java:83)
	at org.apache.ratis.grpc.server.GrpcService.requestVote(GrpcService.java:195)
	at org.apache.ratis.server.impl.LeaderElection.lambda$submitRequests$1(LeaderElection.java:237)
	at java.util.concurrent.FutureTask.run(FutureTask.java:266)
	at java.util.concurrent.Executors$RunnableAdapter.call(Executors.java:511)
	at java.util.concurrent.FutureTask.run(FutureTask.java:266)
	at java.util.concurrent.ThreadPoolExecutor.runWorker(ThreadPoolExecutor.java:1149)
	at java.util.concurrent.ThreadPoolExecutor$Worker.run(ThreadPoolExecutor.java:624)
	... 1 more
Caused by: org.apache.ratis.thirdparty.io.netty.channel.AbstractChannel$AnnotatedConnectException: Connection refused: /192.168.69.113:36253
	at sun.nio.ch.SocketChannelImpl.checkConnect(Native Method)
	at sun.nio.ch.SocketChannelImpl.finishConnect(SocketChannelImpl.java:717)
	at org.apache.ratis.thirdparty.io.netty.channel.socket.nio.NioSocketChannel.doFinishConnect(NioSocketChannel.java:327)
	at org.apache.ratis.thirdparty.io.netty.channel.nio.AbstractNioChannel$AbstractNioUnsafe.finishConnect(AbstractNioChannel.java:340)
	at org.apache.ratis.thirdparty.io.netty.channel.nio.NioEventLoop.processSelectedKey(NioEventLoop.java:632)
	at org.apache.ratis.thirdparty.io.netty.channel.nio.NioEventLoop.processSelectedKeysOptimized(NioEventLoop.java:579)
	at org.apache.ratis.thirdparty.io.netty.channel.nio.NioEventLoop.processSelectedKeys(NioEventLoop.java:496)
	at org.apache.ratis.thirdparty.io.netty.channel.nio.NioEventLoop.run(NioEventLoop.java:458)
	at org.apache.ratis.thirdparty.io.netty.util.concurrent.SingleThreadEventExecutor$5.run(SingleThreadEventExecutor.java:897)
	at org.apache.ratis.thirdparty.io.netty.util.concurrent.FastThreadLocalRunnable.run(FastThreadLocalRunnable.java:30)
	... 1 more
Caused by: java.net.ConnectException: Connection refused
	... 11 more
2019-08-27 21:57:22,520 [6da4aad8-a4f6-4be0-a3fe-0ce626d82d81:group-7320CB8F9FF5:LeaderElection25] INFO  impl.LeaderElection (LogUtils.java:infoOrTrace(149)) -   Exception 1: {}
java.util.concurrent.ExecutionException: org.apache.ratis.thirdparty.io.grpc.StatusRuntimeException: UNAVAILABLE: io exception
	at java.util.concurrent.FutureTask.report(FutureTask.java:122)
	at java.util.concurrent.FutureTask.get(FutureTask.java:192)
	at org.apache.ratis.server.impl.LeaderElection.waitForResults(LeaderElection.java:262)
	at org.apache.ratis.server.impl.LeaderElection.askForVotes(LeaderElection.java:200)
	at org.apache.ratis.server.impl.LeaderElection.run(LeaderElection.java:130)
	at java.lang.Thread.run(Thread.java:748)
Caused by: org.apache.ratis.thirdparty.io.grpc.StatusRuntimeException: UNAVAILABLE: io exception
	at org.apache.ratis.thirdparty.io.grpc.stub.ClientCalls.toStatusRuntimeException(ClientCalls.java:233)
	at org.apache.ratis.thirdparty.io.grpc.stub.ClientCalls.getUnchecked(ClientCalls.java:214)
	at org.apache.ratis.thirdparty.io.grpc.stub.ClientCalls.blockingUnaryCall(ClientCalls.java:139)
	at org.apache.ratis.proto.grpc.RaftServerProtocolServiceGrpc$RaftServerProtocolServiceBlockingStub.requestVote(RaftServerProtocolServiceGrpc.java:265)
	at org.apache.ratis.grpc.server.GrpcServerProtocolClient.requestVote(GrpcServerProtocolClient.java:83)
	at org.apache.ratis.grpc.server.GrpcService.requestVote(GrpcService.java:195)
	at org.apache.ratis.server.impl.LeaderElection.lambda$submitRequests$1(LeaderElection.java:237)
	at java.util.concurrent.FutureTask.run(FutureTask.java:266)
	at java.util.concurrent.Executors$RunnableAdapter.call(Executors.java:511)
	at java.util.concurrent.FutureTask.run(FutureTask.java:266)
	at java.util.concurrent.ThreadPoolExecutor.runWorker(ThreadPoolExecutor.java:1149)
	at java.util.concurrent.ThreadPoolExecutor$Worker.run(ThreadPoolExecutor.java:624)
	... 1 more
Caused by: org.apache.ratis.thirdparty.io.netty.channel.AbstractChannel$AnnotatedConnectException: Connection refused: /192.168.69.113:42940
	at sun.nio.ch.SocketChannelImpl.checkConnect(Native Method)
	at sun.nio.ch.SocketChannelImpl.finishConnect(SocketChannelImpl.java:717)
	at org.apache.ratis.thirdparty.io.netty.channel.socket.nio.NioSocketChannel.doFinishConnect(NioSocketChannel.java:327)
	at org.apache.ratis.thirdparty.io.netty.channel.nio.AbstractNioChannel$AbstractNioUnsafe.finishConnect(AbstractNioChannel.java:340)
	at org.apache.ratis.thirdparty.io.netty.channel.nio.NioEventLoop.processSelectedKey(NioEventLoop.java:632)
	at org.apache.ratis.thirdparty.io.netty.channel.nio.NioEventLoop.processSelectedKeysOptimized(NioEventLoop.java:579)
	at org.apache.ratis.thirdparty.io.netty.channel.nio.NioEventLoop.processSelectedKeys(NioEventLoop.java:496)
	at org.apache.ratis.thirdparty.io.netty.channel.nio.NioEventLoop.run(NioEventLoop.java:458)
	at org.apache.ratis.thirdparty.io.netty.util.concurrent.SingleThreadEventExecutor$5.run(SingleThreadEventExecutor.java:897)
	at org.apache.ratis.thirdparty.io.netty.util.concurrent.FastThreadLocalRunnable.run(FastThreadLocalRunnable.java:30)
	... 1 more
Caused by: java.net.ConnectException: Connection refused
	... 11 more
2019-08-27 21:57:22,521 [6da4aad8-a4f6-4be0-a3fe-0ce626d82d81:group-7320CB8F9FF5:LeaderElection25] INFO  impl.RaftServerImpl (RaftServerImpl.java:setRole(171)) - 6da4aad8-a4f6-4be0-a3fe-0ce626d82d81:group-7320CB8F9FF5 changes role from CANDIDATE to FOLLOWER at term 2 for DISCOVERED_A_NEW_TERM
2019-08-27 21:57:22,521 [6da4aad8-a4f6-4be0-a3fe-0ce626d82d81:group-7320CB8F9FF5:LeaderElection25] INFO  impl.RoleInfo (RoleInfo.java:shutdownLeaderElection(134)) - 6da4aad8-a4f6-4be0-a3fe-0ce626d82d81: shutdown LeaderElection
2019-08-27 21:57:22,521 [6da4aad8-a4f6-4be0-a3fe-0ce626d82d81:group-7320CB8F9FF5:LeaderElection25] INFO  impl.RoleInfo (RoleInfo.java:updateAndGet(143)) - 6da4aad8-a4f6-4be0-a3fe-0ce626d82d81: start FollowerState
2019-08-27 21:57:23,297 | INFO  | SCMAudit | user=jenkins1000 | ip=192.168.69.113 | op=SEND_HEARTBEAT {datanodeUUID=d16fede7-9c95-4edf-9c33-745cfaca74f6, command=[]} | ret=SUCCESS |  
2019-08-27 21:57:23,648 [grpc-default-executor-5] WARN  server.GrpcLogAppender (LogUtils.java:warn(134)) - d16fede7-9c95-4edf-9c33-745cfaca74f6->ff101aed-a6b7-4de5-96bc-8545c1bca62b: Failed appendEntries: org.apache.ratis.thirdparty.io.grpc.StatusRuntimeException: UNAVAILABLE: io exception
2019-08-27 21:57:23,651 [grpc-default-executor-5] INFO  impl.FollowerInfo (FollowerInfo.java:lambda$new$0(50)) - d16fede7-9c95-4edf-9c33-745cfaca74f6->ff101aed-a6b7-4de5-96bc-8545c1bca62b: nextIndex: updateUnconditionally 5 -> 4
2019-08-27 21:57:23,652 [grpc-default-executor-7] WARN  server.GrpcLogAppender (LogUtils.java:warn(134)) - d16fede7-9c95-4edf-9c33-745cfaca74f6->7ad9a523-ea61-4de8-b564-9ed7c6de1fd1: Failed appendEntries: org.apache.ratis.thirdparty.io.grpc.StatusRuntimeException: UNAVAILABLE: io exception
2019-08-27 21:57:23,654 [grpc-default-executor-7] INFO  impl.FollowerInfo (FollowerInfo.java:lambda$new$0(50)) - d16fede7-9c95-4edf-9c33-745cfaca74f6->7ad9a523-ea61-4de8-b564-9ed7c6de1fd1: nextIndex: updateUnconditionally 7 -> 6
2019-08-27 21:57:24,298 | INFO  | SCMAudit | user=jenkins1000 | ip=192.168.69.113 | op=SEND_HEARTBEAT {datanodeUUID=d16fede7-9c95-4edf-9c33-745cfaca74f6, command=[]} | ret=SUCCESS |  
2019-08-27 21:57:25,298 | INFO  | SCMAudit | user=jenkins1000 | ip=192.168.69.113 | op=SEND_HEARTBEAT {datanodeUUID=d16fede7-9c95-4edf-9c33-745cfaca74f6, command=[]} | ret=SUCCESS |  
2019-08-27 21:57:26,108 [ForkJoinPool.commonPool-worker-0] INFO  ozoneimpl.OzoneContainer (OzoneContainer.java:stop(214)) - Attempting to stop container services.
2019-08-27 21:57:26,109 [ForkJoinPool.commonPool-worker-0] INFO  impl.RaftServerProxy (RaftServerProxy.java:lambda$close$4(314)) - 6da4aad8-a4f6-4be0-a3fe-0ce626d82d81: close
2019-08-27 21:57:26,109 [ForkJoinPool.commonPool-worker-0] INFO  impl.RaftServerImpl (RaftServerImpl.java:lambda$shutdown$3(245)) - 6da4aad8-a4f6-4be0-a3fe-0ce626d82d81: shutdown group-7320CB8F9FF5
2019-08-27 21:57:26,109 [ForkJoinPool.commonPool-worker-0] INFO  util.JmxRegister (JmxRegister.java:unregister(73)) - Successfully un-registered JMX Bean with object name Ratis:service=RaftServer,group=group-7320CB8F9FF5,id=6da4aad8-a4f6-4be0-a3fe-0ce626d82d81
2019-08-27 21:57:26,110 [ForkJoinPool.commonPool-worker-0] INFO  impl.RoleInfo (RoleInfo.java:shutdownFollowerState(121)) - 6da4aad8-a4f6-4be0-a3fe-0ce626d82d81: shutdown FollowerState
2019-08-27 21:57:26,110 [ForkJoinPool.commonPool-worker-0] INFO  impl.StateMachineUpdater (StateMachineUpdater.java:stopAndJoin(115)) - StateMachineUpdater:6da4aad8-a4f6-4be0-a3fe-0ce626d82d81:group-7320CB8F9FF5: set stopIndex = 0
2019-08-27 21:57:26,110 [Thread-1770] INFO  impl.FollowerState (FollowerState.java:run(114)) - 6da4aad8-a4f6-4be0-a3fe-0ce626d82d81: FollowerState was interrupted: java.lang.InterruptedException: sleep interrupted
2019-08-27 21:57:26,110 [ForkJoinPool.commonPool-worker-0] INFO  impl.RaftServerImpl (ServerState.java:close(394)) - 6da4aad8-a4f6-4be0-a3fe-0ce626d82d81:group-7320CB8F9FF5 closes. The last applied log index is 0
2019-08-27 21:57:26,113 [main] INFO  ozoneimpl.OzoneContainer (OzoneContainer.java:stop(214)) - Attempting to stop container services.
2019-08-27 21:57:26,113 [6da4aad8-a4f6-4be0-a3fe-0ce626d82d81-SegmentedRaftLogWorker:Storage Directory /workdir/hadoop-ozone/integration-test/target/test-dir/MiniOzoneClusterImpl-0c6efe5f-9e3c-49a3-bcef-d31200f6a240/datanode-0/data/ratis/1e50b401-368a-4911-9917-7320cb8f9ff5] INFO  segmented.SegmentedRaftLogWorker (SegmentedRaftLogWorker.java:run(313)) - 6da4aad8-a4f6-4be0-a3fe-0ce626d82d81-SegmentedRaftLogWorker:Storage Directory /workdir/hadoop-ozone/integration-test/target/test-dir/MiniOzoneClusterImpl-0c6efe5f-9e3c-49a3-bcef-d31200f6a240/datanode-0/data/ratis/1e50b401-368a-4911-9917-7320cb8f9ff5 was interrupted, exiting. There are 0 tasks remaining in the queue.
2019-08-27 21:57:26,114 [main] INFO  impl.RaftServerProxy (RaftServerProxy.java:lambda$close$4(314)) - 676885e1-3491-47d8-84ec-d928b9cef1c5: close
2019-08-27 21:57:26,116 [ForkJoinPool.commonPool-worker-0] INFO  segmented.SegmentedRaftLogWorker (SegmentedRaftLogWorker.java:close(228)) - 6da4aad8-a4f6-4be0-a3fe-0ce626d82d81-SegmentedRaftLogWorker:Storage Directory /workdir/hadoop-ozone/integration-test/target/test-dir/MiniOzoneClusterImpl-0c6efe5f-9e3c-49a3-bcef-d31200f6a240/datanode-0/data/ratis/1e50b401-368a-4911-9917-7320cb8f9ff5 close()
2019-08-27 21:57:26,116 [main] INFO  impl.RaftServerImpl (RaftServerImpl.java:lambda$shutdown$3(245)) - 676885e1-3491-47d8-84ec-d928b9cef1c5: shutdown group-3A6C64BD03A9
2019-08-27 21:57:26,118 [ForkJoinPool.commonPool-worker-0] INFO  impl.RaftServerImpl (RaftServerImpl.java:lambda$shutdown$3(245)) - 6da4aad8-a4f6-4be0-a3fe-0ce626d82d81: shutdown group-F53D5622B164
2019-08-27 21:57:26,118 [main] INFO  util.JmxRegister (JmxRegister.java:unregister(73)) - Successfully un-registered JMX Bean with object name Ratis:service=RaftServer,group=group-3A6C64BD03A9,id=676885e1-3491-47d8-84ec-d928b9cef1c5
2019-08-27 21:57:26,118 [ForkJoinPool.commonPool-worker-0] INFO  util.JmxRegister (JmxRegister.java:unregister(73)) - Successfully un-registered JMX Bean with object name Ratis:service=RaftServer,group=group-F53D5622B164,id=6da4aad8-a4f6-4be0-a3fe-0ce626d82d81
2019-08-27 21:57:26,119 [main] INFO  impl.RoleInfo (RoleInfo.java:shutdownLeaderState(104)) - 676885e1-3491-47d8-84ec-d928b9cef1c5: shutdown LeaderState
2019-08-27 21:57:26,119 [ForkJoinPool.commonPool-worker-0] INFO  impl.RoleInfo (RoleInfo.java:shutdownLeaderState(104)) - 6da4aad8-a4f6-4be0-a3fe-0ce626d82d81: shutdown LeaderState
2019-08-27 21:57:26,120 [main] INFO  impl.PendingRequests (PendingRequests.java:sendNotLeaderResponses(202)) - 676885e1-3491-47d8-84ec-d928b9cef1c5-PendingRequests: sendNotLeaderResponses
2019-08-27 21:57:26,120 [ForkJoinPool.commonPool-worker-0] INFO  impl.PendingRequests (PendingRequests.java:sendNotLeaderResponses(202)) - 6da4aad8-a4f6-4be0-a3fe-0ce626d82d81-PendingRequests: sendNotLeaderResponses
2019-08-27 21:57:26,120 [main] INFO  impl.StateMachineUpdater (StateMachineUpdater.java:stopAndJoin(115)) - StateMachineUpdater:676885e1-3491-47d8-84ec-d928b9cef1c5:group-3A6C64BD03A9: set stopIndex = 0
2019-08-27 21:57:26,121 [ForkJoinPool.commonPool-worker-0] INFO  impl.StateMachineUpdater (StateMachineUpdater.java:stopAndJoin(115)) - StateMachineUpdater:6da4aad8-a4f6-4be0-a3fe-0ce626d82d81:group-F53D5622B164: set stopIndex = 0
2019-08-27 21:57:26,121 [main] INFO  impl.RaftServerImpl (ServerState.java:close(394)) - 676885e1-3491-47d8-84ec-d928b9cef1c5:group-3A6C64BD03A9 closes. The last applied log index is 0
2019-08-27 21:57:26,121 [ForkJoinPool.commonPool-worker-0] INFO  impl.RaftServerImpl (ServerState.java:close(394)) - 6da4aad8-a4f6-4be0-a3fe-0ce626d82d81:group-F53D5622B164 closes. The last applied log index is 0
2019-08-27 21:57:26,122 [676885e1-3491-47d8-84ec-d928b9cef1c5-SegmentedRaftLogWorker:Storage Directory /workdir/hadoop-ozone/integration-test/target/test-dir/MiniOzoneClusterImpl-0c6efe5f-9e3c-49a3-bcef-d31200f6a240/datanode-6/data/ratis/7ca5a1f5-118a-43b3-989b-3a6c64bd03a9] INFO  segmented.SegmentedRaftLogWorker (SegmentedRaftLogWorker.java:run(313)) - 676885e1-3491-47d8-84ec-d928b9cef1c5-SegmentedRaftLogWorker:Storage Directory /workdir/hadoop-ozone/integration-test/target/test-dir/MiniOzoneClusterImpl-0c6efe5f-9e3c-49a3-bcef-d31200f6a240/datanode-6/data/ratis/7ca5a1f5-118a-43b3-989b-3a6c64bd03a9 was interrupted, exiting. There are 0 tasks remaining in the queue.
2019-08-27 21:57:26,122 [6da4aad8-a4f6-4be0-a3fe-0ce626d82d81-SegmentedRaftLogWorker:Storage Directory /workdir/hadoop-ozone/integration-test/target/test-dir/MiniOzoneClusterImpl-0c6efe5f-9e3c-49a3-bcef-d31200f6a240/datanode-0/data/ratis/fc5ee4a7-d885-4616-aa88-f53d5622b164] INFO  segmented.SegmentedRaftLogWorker (SegmentedRaftLogWorker.java:run(313)) - 6da4aad8-a4f6-4be0-a3fe-0ce626d82d81-SegmentedRaftLogWorker:Storage Directory /workdir/hadoop-ozone/integration-test/target/test-dir/MiniOzoneClusterImpl-0c6efe5f-9e3c-49a3-bcef-d31200f6a240/datanode-0/data/ratis/fc5ee4a7-d885-4616-aa88-f53d5622b164 was interrupted, exiting. There are 0 tasks remaining in the queue.
2019-08-27 21:57:26,131 [ForkJoinPool.commonPool-worker-0] INFO  segmented.SegmentedRaftLogWorker (SegmentedRaftLogWorker.java:close(228)) - 6da4aad8-a4f6-4be0-a3fe-0ce626d82d81-SegmentedRaftLogWorker:Storage Directory /workdir/hadoop-ozone/integration-test/target/test-dir/MiniOzoneClusterImpl-0c6efe5f-9e3c-49a3-bcef-d31200f6a240/datanode-0/data/ratis/fc5ee4a7-d885-4616-aa88-f53d5622b164 close()
2019-08-27 21:57:26,131 [main] INFO  segmented.SegmentedRaftLogWorker (SegmentedRaftLogWorker.java:close(228)) - 676885e1-3491-47d8-84ec-d928b9cef1c5-SegmentedRaftLogWorker:Storage Directory /workdir/hadoop-ozone/integration-test/target/test-dir/MiniOzoneClusterImpl-0c6efe5f-9e3c-49a3-bcef-d31200f6a240/datanode-6/data/ratis/7ca5a1f5-118a-43b3-989b-3a6c64bd03a9 close()
2019-08-27 21:57:26,132 [ForkJoinPool.commonPool-worker-0] INFO  server.GrpcService (GrpcService.java:closeImpl(155)) - 6da4aad8-a4f6-4be0-a3fe-0ce626d82d81: shutdown server with port 42674 now
2019-08-27 21:57:26,133 [main] INFO  server.GrpcService (GrpcService.java:closeImpl(155)) - 676885e1-3491-47d8-84ec-d928b9cef1c5: shutdown server with port 43396 now
2019-08-27 21:57:26,139 [ForkJoinPool.commonPool-worker-0] INFO  server.GrpcService (GrpcService.java:closeImpl(163)) - 6da4aad8-a4f6-4be0-a3fe-0ce626d82d81: shutdown server with port 42674 successfully
2019-08-27 21:57:26,141 [main] INFO  server.GrpcService (GrpcService.java:closeImpl(163)) - 676885e1-3491-47d8-84ec-d928b9cef1c5: shutdown server with port 43396 successfully
2019-08-27 21:57:26,143 [main] INFO  utils.BackgroundService (BackgroundService.java:shutdown(148)) - Shutting down service BlockDeletingService
2019-08-27 21:57:26,143 [grpc-default-executor-8] WARN  server.GrpcLogAppender (LogUtils.java:warn(134)) - d16fede7-9c95-4edf-9c33-745cfaca74f6->ff101aed-a6b7-4de5-96bc-8545c1bca62b: Failed appendEntries: org.apache.ratis.thirdparty.io.grpc.StatusRuntimeException: UNAVAILABLE: io exception
2019-08-27 21:57:26,143 [ForkJoinPool.commonPool-worker-0] INFO  utils.BackgroundService (BackgroundService.java:shutdown(148)) - Shutting down service BlockDeletingService
2019-08-27 21:57:26,146 [grpc-default-executor-8] INFO  impl.FollowerInfo (FollowerInfo.java:lambda$new$0(50)) - d16fede7-9c95-4edf-9c33-745cfaca74f6->ff101aed-a6b7-4de5-96bc-8545c1bca62b: nextIndex: updateUnconditionally 4 -> 3
2019-08-27 21:57:26,150 [refreshUsed-/workdir/hadoop-ozone/integration-test/target/test-dir/MiniOzoneClusterImpl-0c6efe5f-9e3c-49a3-bcef-d31200f6a240/datanode-0/data/containers] WARN  fs.CachingGetSpaceUsed (CachingGetSpaceUsed.java:run(183)) - Thread Interrupted waiting to refresh disk information: sleep interrupted
2019-08-27 21:57:26,151 [refreshUsed-/workdir/hadoop-ozone/integration-test/target/test-dir/MiniOzoneClusterImpl-0c6efe5f-9e3c-49a3-bcef-d31200f6a240/datanode-6/data/containers] WARN  fs.CachingGetSpaceUsed (CachingGetSpaceUsed.java:run(183)) - Thread Interrupted waiting to refresh disk information: sleep interrupted
2019-08-27 21:57:26,153 [grpc-default-executor-8] WARN  server.GrpcLogAppender (LogUtils.java:warn(134)) - d16fede7-9c95-4edf-9c33-745cfaca74f6->7ad9a523-ea61-4de8-b564-9ed7c6de1fd1: Failed appendEntries: org.apache.ratis.thirdparty.io.grpc.StatusRuntimeException: UNAVAILABLE: io exception
2019-08-27 21:57:26,155 [grpc-default-executor-8] INFO  impl.FollowerInfo (FollowerInfo.java:lambda$new$0(50)) - d16fede7-9c95-4edf-9c33-745cfaca74f6->7ad9a523-ea61-4de8-b564-9ed7c6de1fd1: nextIndex: updateUnconditionally 6 -> 5
2019-08-27 21:57:26,171 [main] INFO  statemachine.DatanodeStateMachine (DatanodeStateMachine.java:stopDaemon(395)) - Ozone container server stopped.
2019-08-27 21:57:26,172 [main] INFO  handler.ContextHandler (ContextHandler.java:doStop(910)) - Stopped o.e.j.w.WebAppContext@2125535d{/,null,UNAVAILABLE}{/hddsDatanode}
2019-08-27 21:57:26,177 [ForkJoinPool.commonPool-worker-0] INFO  statemachine.DatanodeStateMachine (DatanodeStateMachine.java:stopDaemon(395)) - Ozone container server stopped.
2019-08-27 21:57:26,177 [main] INFO  server.AbstractConnector (AbstractConnector.java:doStop(318)) - Stopped ServerConnector@d190639{HTTP/1.1,[http/1.1]}{0.0.0.0:0}
2019-08-27 21:57:26,180 [main] INFO  handler.ContextHandler (ContextHandler.java:doStop(910)) - Stopped o.e.j.s.ServletContextHandler@215a0264{/static,jar:file:/home/user/.m2/repository/org/apache/hadoop/hadoop-hdds-container-service/0.5.0-SNAPSHOT/hadoop-hdds-container-service-0.5.0-SNAPSHOT.jar!/webapps/static,UNAVAILABLE}
2019-08-27 21:57:26,182 [ForkJoinPool.commonPool-worker-0] INFO  handler.ContextHandler (ContextHandler.java:doStop(910)) - Stopped o.e.j.w.WebAppContext@2a4e939a{/,null,UNAVAILABLE}{/hddsDatanode}
2019-08-27 21:57:26,182 [main] INFO  handler.ContextHandler (ContextHandler.java:doStop(910)) - Stopped o.e.j.s.ServletContextHandler@2d2f09a4{/logs,file:///workdir/hadoop-ozone/integration-test/target/log,UNAVAILABLE}
2019-08-27 21:57:26,182 [ForkJoinPool.commonPool-worker-0] INFO  server.AbstractConnector (AbstractConnector.java:doStop(318)) - Stopped ServerConnector@110620d{HTTP/1.1,[http/1.1]}{0.0.0.0:0}
2019-08-27 21:57:26,186 [ForkJoinPool.commonPool-worker-0] INFO  handler.ContextHandler (ContextHandler.java:doStop(910)) - Stopped o.e.j.s.ServletContextHandler@315b5913{/static,jar:file:/home/user/.m2/repository/org/apache/hadoop/hadoop-hdds-container-service/0.5.0-SNAPSHOT/hadoop-hdds-container-service-0.5.0-SNAPSHOT.jar!/webapps/static,UNAVAILABLE}
2019-08-27 21:57:26,187 [main] INFO  datanode.ObjectStoreHandler (ObjectStoreHandler.java:close(155)) - Closing ObjectStoreHandler.
2019-08-27 21:57:26,187 [ForkJoinPool.commonPool-worker-0] INFO  handler.ContextHandler (ContextHandler.java:doStop(910)) - Stopped o.e.j.s.ServletContextHandler@11574592{/logs,file:///workdir/hadoop-ozone/integration-test/target/log,UNAVAILABLE}
2019-08-27 21:57:26,188 [main] INFO  ozone.HddsDatanodeService (HddsDatanodeService.java:stop(451)) - Stopped plug-in org.apache.hadoop.ozone.web.OzoneHddsDatanodeService@3c8758d1
2019-08-27 21:57:26,298 [Datanode State Machine Thread - 0] INFO  statemachine.DatanodeStateMachine (DatanodeStateMachine.java:lambda$startDaemon$0(350)) - Ozone container server started.
2019-08-27 21:57:28,645 [grpc-default-executor-5] WARN  server.GrpcLogAppender (LogUtils.java:warn(134)) - d16fede7-9c95-4edf-9c33-745cfaca74f6->ff101aed-a6b7-4de5-96bc-8545c1bca62b: Failed appendEntries: org.apache.ratis.thirdparty.io.grpc.StatusRuntimeException: UNAVAILABLE: io exception
2019-08-27 21:57:28,647 [grpc-default-executor-5] INFO  impl.FollowerInfo (FollowerInfo.java:lambda$new$0(50)) - d16fede7-9c95-4edf-9c33-745cfaca74f6->ff101aed-a6b7-4de5-96bc-8545c1bca62b: nextIndex: updateUnconditionally 3 -> 2
2019-08-27 21:57:28,652 [grpc-default-executor-7] WARN  server.GrpcLogAppender (LogUtils.java:warn(134)) - d16fede7-9c95-4edf-9c33-745cfaca74f6->7ad9a523-ea61-4de8-b564-9ed7c6de1fd1: Failed appendEntries: org.apache.ratis.thirdparty.io.grpc.StatusRuntimeException: UNAVAILABLE: io exception
2019-08-27 21:57:28,653 [grpc-default-executor-7] INFO  impl.FollowerInfo (FollowerInfo.java:lambda$new$0(50)) - d16fede7-9c95-4edf-9c33-745cfaca74f6->7ad9a523-ea61-4de8-b564-9ed7c6de1fd1: nextIndex: updateUnconditionally 5 -> 4
2019-08-27 21:57:31,147 [grpc-default-executor-7] WARN  server.GrpcLogAppender (LogUtils.java:warn(134)) - d16fede7-9c95-4edf-9c33-745cfaca74f6->ff101aed-a6b7-4de5-96bc-8545c1bca62b: Failed appendEntries: org.apache.ratis.thirdparty.io.grpc.StatusRuntimeException: UNAVAILABLE: io exception
2019-08-27 21:57:31,149 [grpc-default-executor-7] INFO  impl.FollowerInfo (FollowerInfo.java:lambda$new$0(50)) - d16fede7-9c95-4edf-9c33-745cfaca74f6->ff101aed-a6b7-4de5-96bc-8545c1bca62b: nextIndex: updateUnconditionally 2 -> 1
2019-08-27 21:57:31,153 [grpc-default-executor-8] WARN  server.GrpcLogAppender (LogUtils.java:warn(134)) - d16fede7-9c95-4edf-9c33-745cfaca74f6->7ad9a523-ea61-4de8-b564-9ed7c6de1fd1: Failed appendEntries: org.apache.ratis.thirdparty.io.grpc.StatusRuntimeException: UNAVAILABLE: io exception
2019-08-27 21:57:31,154 [grpc-default-executor-8] INFO  impl.FollowerInfo (FollowerInfo.java:lambda$new$0(50)) - d16fede7-9c95-4edf-9c33-745cfaca74f6->7ad9a523-ea61-4de8-b564-9ed7c6de1fd1: nextIndex: updateUnconditionally 4 -> 3
2019-08-27 21:57:31,189 [main] INFO  ozoneimpl.OzoneContainer (OzoneContainer.java:stop(214)) - Attempting to stop container services.
2019-08-27 21:57:31,190 [main] INFO  impl.RaftServerProxy (RaftServerProxy.java:lambda$close$4(314)) - d16fede7-9c95-4edf-9c33-745cfaca74f6: close
2019-08-27 21:57:31,191 [main] INFO  impl.RaftServerImpl (RaftServerImpl.java:lambda$shutdown$3(245)) - d16fede7-9c95-4edf-9c33-745cfaca74f6: shutdown group-28EC5A582FAB
2019-08-27 21:57:31,191 [ForkJoinPool.commonPool-worker-1] INFO  impl.RaftServerImpl (RaftServerImpl.java:lambda$shutdown$3(245)) - d16fede7-9c95-4edf-9c33-745cfaca74f6: shutdown group-92F312A34A51
2019-08-27 21:57:31,191 [main] INFO  util.JmxRegister (JmxRegister.java:unregister(73)) - Successfully un-registered JMX Bean with object name Ratis:service=RaftServer,group=group-28EC5A582FAB,id=d16fede7-9c95-4edf-9c33-745cfaca74f6
2019-08-27 21:57:31,192 [ForkJoinPool.commonPool-worker-1] INFO  util.JmxRegister (JmxRegister.java:unregister(73)) - Successfully un-registered JMX Bean with object name Ratis:service=RaftServer,group=group-92F312A34A51,id=d16fede7-9c95-4edf-9c33-745cfaca74f6
2019-08-27 21:57:31,192 [main] INFO  impl.RoleInfo (RoleInfo.java:shutdownLeaderState(104)) - d16fede7-9c95-4edf-9c33-745cfaca74f6: shutdown LeaderState
2019-08-27 21:57:31,192 [ForkJoinPool.commonPool-worker-1] INFO  impl.RoleInfo (RoleInfo.java:shutdownLeaderState(104)) - d16fede7-9c95-4edf-9c33-745cfaca74f6: shutdown LeaderState
2019-08-27 21:57:31,193 [main] INFO  impl.PendingRequests (PendingRequests.java:sendNotLeaderResponses(202)) - d16fede7-9c95-4edf-9c33-745cfaca74f6-PendingRequests: sendNotLeaderResponses
2019-08-27 21:57:31,195 [org.apache.ratis.server.impl.LogAppender$AppenderDaemon$$Lambda$504/961321778@73425658] WARN  server.GrpcLogAppender (GrpcLogAppender.java:mayWait(143)) - GrpcLogAppender(d16fede7-9c95-4edf-9c33-745cfaca74f6->7ad9a523-ea61-4de8-b564-9ed7c6de1fd1): Wait interrupted by java.lang.InterruptedException
2019-08-27 21:57:31,195 [org.apache.ratis.server.impl.LogAppender$AppenderDaemon$$Lambda$504/961321778@3640def4] WARN  server.GrpcLogAppender (GrpcLogAppender.java:mayWait(143)) - GrpcLogAppender(d16fede7-9c95-4edf-9c33-745cfaca74f6->ff101aed-a6b7-4de5-96bc-8545c1bca62b): Wait interrupted by java.lang.InterruptedException
2019-08-27 21:57:31,195 [ForkJoinPool.commonPool-worker-1] INFO  impl.PendingRequests (PendingRequests.java:sendNotLeaderResponses(202)) - d16fede7-9c95-4edf-9c33-745cfaca74f6-PendingRequests: sendNotLeaderResponses
2019-08-27 21:57:31,195 [main] INFO  impl.StateMachineUpdater (StateMachineUpdater.java:stopAndJoin(115)) - StateMachineUpdater:d16fede7-9c95-4edf-9c33-745cfaca74f6:group-28EC5A582FAB: set stopIndex = 0
2019-08-27 21:57:31,197 [main] INFO  impl.RaftServerImpl (ServerState.java:close(394)) - d16fede7-9c95-4edf-9c33-745cfaca74f6:group-28EC5A582FAB closes. The last applied log index is 0
2019-08-27 21:57:31,198 [ForkJoinPool.commonPool-worker-1] INFO  impl.StateMachineUpdater (StateMachineUpdater.java:stopAndJoin(115)) - StateMachineUpdater:d16fede7-9c95-4edf-9c33-745cfaca74f6:group-92F312A34A51: set stopIndex = 8
2019-08-27 21:57:31,198 [d16fede7-9c95-4edf-9c33-745cfaca74f6-SegmentedRaftLogWorker:Storage Directory /workdir/hadoop-ozone/integration-test/target/test-dir/MiniOzoneClusterImpl-0c6efe5f-9e3c-49a3-bcef-d31200f6a240/datanode-5/data/ratis/79d1310c-30fe-4671-b26a-28ec5a582fab] INFO  segmented.SegmentedRaftLogWorker (SegmentedRaftLogWorker.java:run(313)) - d16fede7-9c95-4edf-9c33-745cfaca74f6-SegmentedRaftLogWorker:Storage Directory /workdir/hadoop-ozone/integration-test/target/test-dir/MiniOzoneClusterImpl-0c6efe5f-9e3c-49a3-bcef-d31200f6a240/datanode-5/data/ratis/79d1310c-30fe-4671-b26a-28ec5a582fab was interrupted, exiting. There are 0 tasks remaining in the queue.
2019-08-27 21:57:31,199 [StateMachineUpdater:d16fede7-9c95-4edf-9c33-745cfaca74f6:group-92F312A34A51] INFO  ratis.ContainerStateMachine (ContainerStateMachine.java:takeSnapshot(283)) - group-92F312A34A51: Taking a snapshot at:(t:1, i:6) file /workdir/hadoop-ozone/integration-test/target/test-dir/MiniOzoneClusterImpl-0c6efe5f-9e3c-49a3-bcef-d31200f6a240/datanode-5/data/ratis/426ef396-d4fd-425a-ad57-92f312a34a51/sm/snapshot.1_6
2019-08-27 21:57:31,199 [main] INFO  segmented.SegmentedRaftLogWorker (SegmentedRaftLogWorker.java:close(228)) - d16fede7-9c95-4edf-9c33-745cfaca74f6-SegmentedRaftLogWorker:Storage Directory /workdir/hadoop-ozone/integration-test/target/test-dir/MiniOzoneClusterImpl-0c6efe5f-9e3c-49a3-bcef-d31200f6a240/datanode-5/data/ratis/79d1310c-30fe-4671-b26a-28ec5a582fab close()
2019-08-27 21:57:31,212 [StateMachineUpdater:d16fede7-9c95-4edf-9c33-745cfaca74f6:group-92F312A34A51] INFO  ratis.ContainerStateMachine (ContainerStateMachine.java:takeSnapshot(294)) - group-92F312A34A51: Finished taking a snapshot at:(t:1, i:6) file:/workdir/hadoop-ozone/integration-test/target/test-dir/MiniOzoneClusterImpl-0c6efe5f-9e3c-49a3-bcef-d31200f6a240/datanode-5/data/ratis/426ef396-d4fd-425a-ad57-92f312a34a51/sm/snapshot.1_6 time:13
2019-08-27 21:57:31,212 [StateMachineUpdater:d16fede7-9c95-4edf-9c33-745cfaca74f6:group-92F312A34A51] INFO  impl.StateMachineUpdater (StateMachineUpdater.java:takeSnapshot(242)) - StateMachineUpdater:d16fede7-9c95-4edf-9c33-745cfaca74f6:group-92F312A34A51: Took a snapshot at index 6
2019-08-27 21:57:31,212 [StateMachineUpdater:d16fede7-9c95-4edf-9c33-745cfaca74f6:group-92F312A34A51] INFO  impl.StateMachineUpdater (StateMachineUpdater.java:lambda$new$0(80)) - StateMachineUpdater:d16fede7-9c95-4edf-9c33-745cfaca74f6:group-92F312A34A51: snapshotIndex: updateIncreasingly -1 -> 6
2019-08-27 21:57:31,213 [ForkJoinPool.commonPool-worker-1] INFO  impl.RaftServerImpl (ServerState.java:close(394)) - d16fede7-9c95-4edf-9c33-745cfaca74f6:group-92F312A34A51 closes. The last applied log index is 8
2019-08-27 21:57:31,213 [d16fede7-9c95-4edf-9c33-745cfaca74f6-SegmentedRaftLogWorker:Storage Directory /workdir/hadoop-ozone/integration-test/target/test-dir/MiniOzoneClusterImpl-0c6efe5f-9e3c-49a3-bcef-d31200f6a240/datanode-5/data/ratis/426ef396-d4fd-425a-ad57-92f312a34a51] INFO  segmented.SegmentedRaftLogWorker (SegmentedRaftLogWorker.java:run(313)) - d16fede7-9c95-4edf-9c33-745cfaca74f6-SegmentedRaftLogWorker:Storage Directory /workdir/hadoop-ozone/integration-test/target/test-dir/MiniOzoneClusterImpl-0c6efe5f-9e3c-49a3-bcef-d31200f6a240/datanode-5/data/ratis/426ef396-d4fd-425a-ad57-92f312a34a51 was interrupted, exiting. There are 0 tasks remaining in the queue.
2019-08-27 21:57:31,214 [ForkJoinPool.commonPool-worker-1] INFO  segmented.SegmentedRaftLogWorker (SegmentedRaftLogWorker.java:close(228)) - d16fede7-9c95-4edf-9c33-745cfaca74f6-SegmentedRaftLogWorker:Storage Directory /workdir/hadoop-ozone/integration-test/target/test-dir/MiniOzoneClusterImpl-0c6efe5f-9e3c-49a3-bcef-d31200f6a240/datanode-5/data/ratis/426ef396-d4fd-425a-ad57-92f312a34a51 close()
2019-08-27 21:57:31,214 [main] INFO  server.GrpcService (GrpcService.java:closeImpl(155)) - d16fede7-9c95-4edf-9c33-745cfaca74f6: shutdown server with port 38146 now
2019-08-27 21:57:31,215 [main] INFO  server.GrpcService (GrpcService.java:closeImpl(163)) - d16fede7-9c95-4edf-9c33-745cfaca74f6: shutdown server with port 38146 successfully
2019-08-27 21:57:31,217 [main] INFO  utils.BackgroundService (BackgroundService.java:shutdown(148)) - Shutting down service BlockDeletingService
2019-08-27 21:57:31,220 [refreshUsed-/workdir/hadoop-ozone/integration-test/target/test-dir/MiniOzoneClusterImpl-0c6efe5f-9e3c-49a3-bcef-d31200f6a240/datanode-5/data/containers] WARN  fs.CachingGetSpaceUsed (CachingGetSpaceUsed.java:run(183)) - Thread Interrupted waiting to refresh disk information: sleep interrupted
2019-08-27 21:57:31,243 [main] INFO  statemachine.DatanodeStateMachine (DatanodeStateMachine.java:stopDaemon(395)) - Ozone container server stopped.
2019-08-27 21:57:31,244 [main] INFO  handler.ContextHandler (ContextHandler.java:doStop(910)) - Stopped o.e.j.w.WebAppContext@6ef4297d{/,null,UNAVAILABLE}{/hddsDatanode}
2019-08-27 21:57:31,245 [main] INFO  server.AbstractConnector (AbstractConnector.java:doStop(318)) - Stopped ServerConnector@4c000cc4{HTTP/1.1,[http/1.1]}{0.0.0.0:0}
2019-08-27 21:57:31,246 [main] INFO  handler.ContextHandler (ContextHandler.java:doStop(910)) - Stopped o.e.j.s.ServletContextHandler@63f3366a{/static,jar:file:/home/user/.m2/repository/org/apache/hadoop/hadoop-hdds-container-service/0.5.0-SNAPSHOT/hadoop-hdds-container-service-0.5.0-SNAPSHOT.jar!/webapps/static,UNAVAILABLE}
2019-08-27 21:57:31,246 [main] INFO  handler.ContextHandler (ContextHandler.java:doStop(910)) - Stopped o.e.j.s.ServletContextHandler@c2e33{/logs,file:///workdir/hadoop-ozone/integration-test/target/log,UNAVAILABLE}
2019-08-27 21:57:31,248 [main] INFO  ozone.MiniOzoneClusterImpl (MiniOzoneClusterImpl.java:stop(353)) - Stopping the StorageContainerManager
2019-08-27 21:57:31,248 [main] INFO  server.StorageContainerManager (StorageContainerManager.java:stop(797)) - Stopping Replication Manager Service.
2019-08-27 21:57:31,248 [main] INFO  container.ReplicationManager (ReplicationManager.java:stop(193)) - Stopping Replication Monitor Thread.
2019-08-27 21:57:31,248 [main] INFO  server.StorageContainerManager (StorageContainerManager.java:stop(804)) - Stopping Lease Manager of the command watchers
2019-08-27 21:57:31,249 [main] INFO  server.StorageContainerManager (StorageContainerManager.java:stop(811)) - Stopping datanode service RPC server
2019-08-27 21:57:31,249 [main] INFO  server.SCMDatanodeProtocolServer (SCMDatanodeProtocolServer.java:stop(367)) - Stopping the RPC server for DataNodes
2019-08-27 21:57:31,249 [main] INFO  ipc.Server (Server.java:stop(3082)) - Stopping server on 38993
2019-08-27 21:57:31,252 [IPC Server listener on 38993] INFO  ipc.Server (Server.java:run(1185)) - Stopping IPC Server listener on 38993
2019-08-27 21:57:31,253 [IPC Server Responder] INFO  ipc.Server (Server.java:run(1319)) - Stopping IPC Server Responder
2019-08-27 21:57:31,325 [SCM Heartbeat Processing Thread - 0] WARN  node.NodeStateManager (NodeStateManager.java:scheduleNextHealthCheck(646)) - Current Thread is interrupted, shutting down HB processing thread for Node Manager.
2019-08-27 21:57:31,325 [main] INFO  server.StorageContainerManager (StorageContainerManager.java:stop(819)) - Stopping block service RPC server
2019-08-27 21:57:31,325 [main] INFO  server.SCMBlockProtocolServer (SCMBlockProtocolServer.java:stop(148)) - Stopping the RPC server for Block Protocol
2019-08-27 21:57:31,326 [main] INFO  ipc.Server (Server.java:stop(3082)) - Stopping server on 46407
2019-08-27 21:57:31,329 [IPC Server listener on 46407] INFO  ipc.Server (Server.java:run(1185)) - Stopping IPC Server listener on 46407
2019-08-27 21:57:31,329 [main] INFO  server.StorageContainerManager (StorageContainerManager.java:stop(826)) - Stopping the StorageContainerLocationProtocol RPC server
2019-08-27 21:57:31,329 [IPC Server Responder] INFO  ipc.Server (Server.java:run(1319)) - Stopping IPC Server Responder
2019-08-27 21:57:31,331 [main] INFO  server.SCMClientProtocolServer (SCMClientProtocolServer.java:stop(159)) - Stopping the RPC server for Client Protocol
2019-08-27 21:57:31,331 [main] INFO  ipc.Server (Server.java:stop(3082)) - Stopping server on 39752
2019-08-27 21:57:31,335 [IPC Server listener on 39752] INFO  ipc.Server (Server.java:run(1185)) - Stopping IPC Server listener on 39752
2019-08-27 21:57:31,335 [main] INFO  server.StorageContainerManager (StorageContainerManager.java:stop(833)) - Stopping Storage Container Manager HTTP server.
2019-08-27 21:57:31,336 [IPC Server Responder] INFO  ipc.Server (Server.java:run(1319)) - Stopping IPC Server Responder
2019-08-27 21:57:31,337 [main] INFO  handler.ContextHandler (ContextHandler.java:doStop(910)) - Stopped o.e.j.w.WebAppContext@4cc26df{/,null,UNAVAILABLE}{/scm}
2019-08-27 21:57:31,338 [main] INFO  server.AbstractConnector (AbstractConnector.java:doStop(318)) - Stopped ServerConnector@7848321e{HTTP/1.1,[http/1.1]}{0.0.0.0:0}
2019-08-27 21:57:31,338 [main] INFO  handler.ContextHandler (ContextHandler.java:doStop(910)) - Stopped o.e.j.s.ServletContextHandler@5086623f{/static,file:///workdir/hadoop-ozone/integration-test/target/test-classes/webapps/static,UNAVAILABLE}
2019-08-27 21:57:31,339 [main] INFO  handler.ContextHandler (ContextHandler.java:doStop(910)) - Stopped o.e.j.s.ServletContextHandler@42cc420b{/logs,file:///workdir/hadoop-ozone/integration-test/target/log,UNAVAILABLE}
2019-08-27 21:57:31,340 [main] INFO  server.StorageContainerManager (StorageContainerManager.java:stop(844)) - Stopping Block Manager Service.
2019-08-27 21:57:31,340 [main] INFO  utils.BackgroundService (BackgroundService.java:shutdown(148)) - Shutting down service SCMBlockDeletingService
2019-08-27 21:57:31,341 [main] INFO  utils.BackgroundService (BackgroundService.java:shutdown(148)) - Shutting down service SCMBlockDeletingService
2019-08-27 21:57:31,341 [main] INFO  server.StorageContainerManager (StorageContainerManager.java:stop(866)) - Stopping SCM Event Queue.
2019-08-27 21:57:31,347 [main] INFO  impl.MetricsSystemImpl (MetricsSystemImpl.java:stop(210)) - Stopping HddsDatanode metrics system...
2019-08-27 21:57:31,354 [main] INFO  impl.MetricsSystemImpl (MetricsSystemImpl.java:stop(216)) - HddsDatanode metrics system stopped.
]]></system-out>
    <system-err><![CDATA[Aug 27, 2019 9:51:56 PM com.sun.jersey.server.impl.application.WebApplicationImpl _initiate
INFO: Initiating Jersey application, version 'Jersey: 1.19 02/11/2015 03:25 AM'
Aug 27, 2019 9:51:57 PM com.sun.jersey.server.impl.application.WebApplicationImpl _initiate
INFO: Initiating Jersey application, version 'Jersey: 1.19 02/11/2015 03:25 AM'
Aug 27, 2019 9:51:57 PM com.sun.jersey.server.impl.application.WebApplicationImpl _initiate
INFO: Initiating Jersey application, version 'Jersey: 1.19 02/11/2015 03:25 AM'
Aug 27, 2019 9:51:57 PM com.sun.jersey.server.impl.application.WebApplicationImpl _initiate
INFO: Initiating Jersey application, version 'Jersey: 1.19 02/11/2015 03:25 AM'
Aug 27, 2019 9:51:57 PM com.sun.jersey.server.impl.application.WebApplicationImpl _initiate
INFO: Initiating Jersey application, version 'Jersey: 1.19 02/11/2015 03:25 AM'
Aug 27, 2019 9:51:58 PM com.sun.jersey.server.impl.application.WebApplicationImpl _initiate
INFO: Initiating Jersey application, version 'Jersey: 1.19 02/11/2015 03:25 AM'
Aug 27, 2019 9:51:58 PM com.sun.jersey.server.impl.application.WebApplicationImpl _initiate
INFO: Initiating Jersey application, version 'Jersey: 1.19 02/11/2015 03:25 AM'
]]></system-err>
  </testcase>
</testsuite>