<?xml version="1.0" encoding="UTF-8"?>
<testsuite xmlns:xsi="http://www.w3.org/2001/XMLSchema-instance" xsi:noNamespaceSchemaLocation="https://maven.apache.org/surefire/maven-surefire-plugin/xsd/surefire-test-report.xsd" name="org.apache.hadoop.ozone.freon.TestDataValidateWithSafeByteOperations" time="59.275" tests="3" errors="3" skipped="0" failures="0">
  <properties>
    <property name="awt.toolkit" value="sun.awt.X11.XToolkit"/>
    <property name="file.encoding.pkg" value="sun.io"/>
    <property name="java.specification.version" value="1.8"/>
    <property name="sun.cpu.isalist" value=""/>
    <property name="sun.jnu.encoding" value="UTF-8"/>
    <property name="java.class.path" value="/workdir/hadoop-ozone/tools/target/test-classes:/workdir/hadoop-ozone/tools/target/classes:/home/user/.m2/repository/org/apache/hadoop/hadoop-ozone-ozone-manager/0.5.0-SNAPSHOT/hadoop-ozone-ozone-manager-0.5.0-SNAPSHOT.jar:/home/user/.m2/repository/org/apache/hadoop/hadoop-hdds-docs/0.5.0-SNAPSHOT/hadoop-hdds-docs-0.5.0-SNAPSHOT.jar:/home/user/.m2/repository/org/bouncycastle/bcprov-jdk15on/1.60/bcprov-jdk15on-1.60.jar:/home/user/.m2/repository/org/apache/hadoop/hadoop-ozone-common/0.5.0-SNAPSHOT/hadoop-ozone-common-0.5.0-SNAPSHOT.jar:/home/user/.m2/repository/org/apache/commons/commons-compress/1.4.1/commons-compress-1.4.1.jar:/home/user/.m2/repository/org/tukaani/xz/1.0/xz-1.0.jar:/home/user/.m2/repository/org/apache/hadoop/hadoop-hdfs-client/3.2.0/hadoop-hdfs-client-3.2.0.jar:/home/user/.m2/repository/com/fasterxml/jackson/core/jackson-annotations/2.9.5/jackson-annotations-2.9.5.jar:/home/user/.m2/repository/org/apache/hadoop/hadoop-hdds-common/0.5.0-SNAPSHOT/hadoop-hdds-common-0.5.0-SNAPSHOT.jar:/home/user/.m2/repository/org/apache/hadoop/hadoop-hdds-config/0.5.0-SNAPSHOT/hadoop-hdds-config-0.5.0-SNAPSHOT.jar:/home/user/.m2/repository/javax/annotation/javax.annotation-api/1.2/javax.annotation-api-1.2.jar:/home/user/.m2/repository/org/apache/ratis/ratis-server/0.4.0-2337318-SNAPSHOT/ratis-server-0.4.0-2337318-SNAPSHOT.jar:/home/user/.m2/repository/org/apache/ratis/ratis-thirdparty-misc/0.2.0/ratis-thirdparty-misc-0.2.0.jar:/home/user/.m2/repository/org/apache/ratis/ratis-proto/0.4.0-2337318-SNAPSHOT/ratis-proto-0.4.0-2337318-SNAPSHOT.jar:/home/user/.m2/repository/org/apache/ratis/ratis-common/0.4.0-2337318-SNAPSHOT/ratis-common-0.4.0-2337318-SNAPSHOT.jar:/home/user/.m2/repository/org/apache/ratis/ratis-client/0.4.0-2337318-SNAPSHOT/ratis-client-0.4.0-2337318-SNAPSHOT.jar:/home/user/.m2/repository/org/apache/ratis/ratis-metrics/0.4.0-2337318-SNAPSHOT/ratis-metrics-0.4.0-2337318-SNAPSHOT.jar:/home/user/.m2/repository/org/apache/ratis/ratis-netty/0.4.0-2337318-SNAPSHOT/ratis-netty-0.4.0-2337318-SNAPSHOT.jar:/home/user/.m2/repository/org/apache/ratis/ratis-grpc/0.4.0-2337318-SNAPSHOT/ratis-grpc-0.4.0-2337318-SNAPSHOT.jar:/home/user/.m2/repository/org/rocksdb/rocksdbjni/6.0.1/rocksdbjni-6.0.1.jar:/home/user/.m2/repository/org/apache/logging/log4j/log4j-api/2.11.0/log4j-api-2.11.0.jar:/home/user/.m2/repository/org/apache/logging/log4j/log4j-core/2.11.0/log4j-core-2.11.0.jar:/home/user/.m2/repository/com/lmax/disruptor/3.4.2/disruptor-3.4.2.jar:/home/user/.m2/repository/org/apache/commons/commons-pool2/2.6.0/commons-pool2-2.6.0.jar:/home/user/.m2/repository/org/bouncycastle/bcpkix-jdk15on/1.60/bcpkix-jdk15on-1.60.jar:/home/user/.m2/repository/commons-validator/commons-validator/1.6/commons-validator-1.6.jar:/home/user/.m2/repository/commons-digester/commons-digester/1.8.1/commons-digester-1.8.1.jar:/home/user/.m2/repository/io/jaegertracing/jaeger-client/0.33.1/jaeger-client-0.33.1.jar:/home/user/.m2/repository/io/jaegertracing/jaeger-thrift/0.33.1/jaeger-thrift-0.33.1.jar:/home/user/.m2/repository/org/apache/thrift/libthrift/0.11.0/libthrift-0.11.0.jar:/home/user/.m2/repository/com/squareup/okhttp3/okhttp/3.9.0/okhttp-3.9.0.jar:/home/user/.m2/repository/com/squareup/okio/okio/1.13.0/okio-1.13.0.jar:/home/user/.m2/repository/io/jaegertracing/jaeger-core/0.33.1/jaeger-core-0.33.1.jar:/home/user/.m2/repository/io/jaegertracing/jaeger-tracerresolver/0.33.1/jaeger-tracerresolver-0.33.1.jar:/home/user/.m2/repository/io/opentracing/contrib/opentracing-tracerresolver/0.1.5/opentracing-tracerresolver-0.1.5.jar:/home/user/.m2/repository/io/opentracing/opentracing-util/0.31.0/opentracing-util-0.31.0.jar:/home/user/.m2/repository/io/opentracing/opentracing-api/0.31.0/opentracing-api-0.31.0.jar:/home/user/.m2/repository/io/opentracing/opentracing-noop/0.31.0/opentracing-noop-0.31.0.jar:/home/user/.m2/repository/org/yaml/snakeyaml/1.16/snakeyaml-1.16.jar:/home/user/.m2/repository/org/apache/hadoop/hadoop-hdds-container-service/0.5.0-SNAPSHOT/hadoop-hdds-container-service-0.5.0-SNAPSHOT.jar:/home/user/.m2/repository/org/apache/hadoop/hadoop-hdds-client/0.5.0-SNAPSHOT/hadoop-hdds-client-0.5.0-SNAPSHOT.jar:/home/user/.m2/repository/org/apache/hadoop/hadoop-hdds-tools/0.5.0-SNAPSHOT/hadoop-hdds-tools-0.5.0-SNAPSHOT.jar:/home/user/.m2/repository/org/xerial/sqlite-jdbc/3.25.2/sqlite-jdbc-3.25.2.jar:/home/user/.m2/repository/org/apache/hadoop/hadoop-hdds-server-scm/0.5.0-SNAPSHOT/hadoop-hdds-server-scm-0.5.0-SNAPSHOT.jar:/home/user/.m2/repository/org/hamcrest/hamcrest-all/1.3/hamcrest-all-1.3.jar:/home/user/.m2/repository/info/picocli/picocli/3.9.6/picocli-3.9.6.jar:/home/user/.m2/repository/com/google/protobuf/protobuf-java/2.5.0/protobuf-java-2.5.0.jar:/home/user/.m2/repository/com/google/guava/guava/11.0.2/guava-11.0.2.jar:/home/user/.m2/repository/org/apache/hadoop/hadoop-ozone-client/0.5.0-SNAPSHOT/hadoop-ozone-client-0.5.0-SNAPSHOT.jar:/workdir/hadoop-ozone/ozonefs/target/classes:/home/user/.m2/repository/org/apache/hadoop/hadoop-hdds-server-framework/0.5.0-SNAPSHOT/hadoop-hdds-server-framework-0.5.0-SNAPSHOT.jar:/home/user/.m2/repository/org/apache/hadoop/hadoop-common/3.2.0/hadoop-common-3.2.0.jar:/home/user/.m2/repository/org/apache/hadoop/hadoop-annotations/3.2.0/hadoop-annotations-3.2.0.jar:/usr/lib/jvm/java-1.8-openjdk/jre/../lib/tools.jar:/home/user/.m2/repository/commons-cli/commons-cli/1.2/commons-cli-1.2.jar:/home/user/.m2/repository/org/apache/commons/commons-math3/3.1.1/commons-math3-3.1.1.jar:/home/user/.m2/repository/org/apache/httpcomponents/httpclient/4.5.2/httpclient-4.5.2.jar:/home/user/.m2/repository/org/apache/httpcomponents/httpcore/4.4.4/httpcore-4.4.4.jar:/home/user/.m2/repository/commons-codec/commons-codec/1.11/commons-codec-1.11.jar:/home/user/.m2/repository/commons-io/commons-io/2.5/commons-io-2.5.jar:/home/user/.m2/repository/commons-net/commons-net/3.6/commons-net-3.6.jar:/home/user/.m2/repository/commons-collections/commons-collections/3.2.2/commons-collections-3.2.2.jar:/home/user/.m2/repository/javax/servlet/javax.servlet-api/3.1.0/javax.servlet-api-3.1.0.jar:/home/user/.m2/repository/org/eclipse/jetty/jetty-server/9.3.24.v20180605/jetty-server-9.3.24.v20180605.jar:/home/user/.m2/repository/org/eclipse/jetty/jetty-http/9.3.24.v20180605/jetty-http-9.3.24.v20180605.jar:/home/user/.m2/repository/org/eclipse/jetty/jetty-io/9.3.24.v20180605/jetty-io-9.3.24.v20180605.jar:/home/user/.m2/repository/org/eclipse/jetty/jetty-util/9.3.24.v20180605/jetty-util-9.3.24.v20180605.jar:/home/user/.m2/repository/org/eclipse/jetty/jetty-servlet/9.3.24.v20180605/jetty-servlet-9.3.24.v20180605.jar:/home/user/.m2/repository/org/eclipse/jetty/jetty-security/9.3.24.v20180605/jetty-security-9.3.24.v20180605.jar:/home/user/.m2/repository/org/eclipse/jetty/jetty-webapp/9.3.24.v20180605/jetty-webapp-9.3.24.v20180605.jar:/home/user/.m2/repository/org/eclipse/jetty/jetty-xml/9.3.24.v20180605/jetty-xml-9.3.24.v20180605.jar:/home/user/.m2/repository/javax/servlet/jsp/jsp-api/2.1/jsp-api-2.1.jar:/home/user/.m2/repository/com/sun/jersey/jersey-core/1.19/jersey-core-1.19.jar:/home/user/.m2/repository/javax/ws/rs/jsr311-api/1.1.1/jsr311-api-1.1.1.jar:/home/user/.m2/repository/com/sun/jersey/jersey-servlet/1.19/jersey-servlet-1.19.jar:/home/user/.m2/repository/com/sun/jersey/jersey-json/1.19/jersey-json-1.19.jar:/home/user/.m2/repository/org/codehaus/jettison/jettison/1.1/jettison-1.1.jar:/home/user/.m2/repository/com/sun/xml/bind/jaxb-impl/2.3.0.1/jaxb-impl-2.3.0.1.jar:/home/user/.m2/repository/org/codehaus/jackson/jackson-core-asl/1.9.13/jackson-core-asl-1.9.13.jar:/home/user/.m2/repository/org/codehaus/jackson/jackson-mapper-asl/1.9.13/jackson-mapper-asl-1.9.13.jar:/home/user/.m2/repository/org/codehaus/jackson/jackson-jaxrs/1.9.13/jackson-jaxrs-1.9.13.jar:/home/user/.m2/repository/org/codehaus/jackson/jackson-xc/1.9.13/jackson-xc-1.9.13.jar:/home/user/.m2/repository/com/sun/jersey/jersey-server/1.19/jersey-server-1.19.jar:/home/user/.m2/repository/commons-logging/commons-logging/1.1.3/commons-logging-1.1.3.jar:/home/user/.m2/repository/log4j/log4j/1.2.17/log4j-1.2.17.jar:/home/user/.m2/repository/commons-beanutils/commons-beanutils/1.9.3/commons-beanutils-1.9.3.jar:/home/user/.m2/repository/org/apache/commons/commons-configuration2/2.1.1/commons-configuration2-2.1.1.jar:/home/user/.m2/repository/org/apache/commons/commons-lang3/3.7/commons-lang3-3.7.jar:/home/user/.m2/repository/org/apache/commons/commons-text/1.4/commons-text-1.4.jar:/home/user/.m2/repository/org/slf4j/slf4j-api/1.7.25/slf4j-api-1.7.25.jar:/home/user/.m2/repository/org/slf4j/slf4j-log4j12/1.7.25/slf4j-log4j12-1.7.25.jar:/home/user/.m2/repository/org/apache/avro/avro/1.7.7/avro-1.7.7.jar:/home/user/.m2/repository/com/thoughtworks/paranamer/paranamer/2.3/paranamer-2.3.jar:/home/user/.m2/repository/org/xerial/snappy/snappy-java/1.0.5/snappy-java-1.0.5.jar:/home/user/.m2/repository/com/google/re2j/re2j/1.1/re2j-1.1.jar:/home/user/.m2/repository/com/google/code/gson/gson/2.2.4/gson-2.2.4.jar:/home/user/.m2/repository/org/apache/hadoop/hadoop-auth/3.2.0/hadoop-auth-3.2.0.jar:/home/user/.m2/repository/com/nimbusds/nimbus-jose-jwt/4.41.1/nimbus-jose-jwt-4.41.1.jar:/home/user/.m2/repository/com/github/stephenc/jcip/jcip-annotations/1.0-1/jcip-annotations-1.0-1.jar:/home/user/.m2/repository/net/minidev/json-smart/2.3/json-smart-2.3.jar:/home/user/.m2/repository/net/minidev/accessors-smart/1.2/accessors-smart-1.2.jar:/home/user/.m2/repository/org/apache/curator/curator-framework/2.12.0/curator-framework-2.12.0.jar:/home/user/.m2/repository/com/jcraft/jsch/0.1.54/jsch-0.1.54.jar:/home/user/.m2/repository/org/apache/curator/curator-client/2.12.0/curator-client-2.12.0.jar:/home/user/.m2/repository/org/apache/curator/curator-recipes/2.12.0/curator-recipes-2.12.0.jar:/home/user/.m2/repository/com/google/code/findbugs/jsr305/3.0.0/jsr305-3.0.0.jar:/home/user/.m2/repository/org/apache/htrace/htrace-core4/4.1.0-incubating/htrace-core4-4.1.0-incubating.jar:/home/user/.m2/repository/org/apache/zookeeper/zookeeper/3.4.13/zookeeper-3.4.13.jar:/home/user/.m2/repository/org/apache/yetus/audience-annotations/0.5.0/audience-annotations-0.5.0.jar:/home/user/.m2/repository/org/apache/kerby/kerb-simplekdc/1.0.1/kerb-simplekdc-1.0.1.jar:/home/user/.m2/repository/org/apache/kerby/kerb-client/1.0.1/kerb-client-1.0.1.jar:/home/user/.m2/repository/org/apache/kerby/kerby-config/1.0.1/kerby-config-1.0.1.jar:/home/user/.m2/repository/org/apache/kerby/kerb-core/1.0.1/kerb-core-1.0.1.jar:/home/user/.m2/repository/org/apache/kerby/kerby-pkix/1.0.1/kerby-pkix-1.0.1.jar:/home/user/.m2/repository/org/apache/kerby/kerby-asn1/1.0.1/kerby-asn1-1.0.1.jar:/home/user/.m2/repository/org/apache/kerby/kerby-util/1.0.1/kerby-util-1.0.1.jar:/home/user/.m2/repository/org/apache/kerby/kerb-common/1.0.1/kerb-common-1.0.1.jar:/home/user/.m2/repository/org/apache/kerby/kerb-crypto/1.0.1/kerb-crypto-1.0.1.jar:/home/user/.m2/repository/org/apache/kerby/kerb-util/1.0.1/kerb-util-1.0.1.jar:/home/user/.m2/repository/org/apache/kerby/token-provider/1.0.1/token-provider-1.0.1.jar:/home/user/.m2/repository/org/apache/kerby/kerb-admin/1.0.1/kerb-admin-1.0.1.jar:/home/user/.m2/repository/org/apache/kerby/kerb-server/1.0.1/kerb-server-1.0.1.jar:/home/user/.m2/repository/org/apache/kerby/kerb-identity/1.0.1/kerb-identity-1.0.1.jar:/home/user/.m2/repository/org/apache/kerby/kerby-xdr/1.0.1/kerby-xdr-1.0.1.jar:/home/user/.m2/repository/com/fasterxml/jackson/core/jackson-databind/2.9.5/jackson-databind-2.9.5.jar:/home/user/.m2/repository/com/fasterxml/jackson/core/jackson-core/2.9.5/jackson-core-2.9.5.jar:/home/user/.m2/repository/org/codehaus/woodstox/stax2-api/3.1.4/stax2-api-3.1.4.jar:/home/user/.m2/repository/com/fasterxml/woodstox/woodstox-core/5.0.3/woodstox-core-5.0.3.jar:/home/user/.m2/repository/dnsjava/dnsjava/2.1.7/dnsjava-2.1.7.jar:/home/user/.m2/repository/org/apache/hadoop/hadoop-hdfs/3.2.0/hadoop-hdfs-3.2.0.jar:/home/user/.m2/repository/org/eclipse/jetty/jetty-util-ajax/9.3.24.v20180605/jetty-util-ajax-9.3.24.v20180605.jar:/home/user/.m2/repository/commons-daemon/commons-daemon/1.0.13/commons-daemon-1.0.13.jar:/home/user/.m2/repository/io/netty/netty/3.10.5.Final/netty-3.10.5.Final.jar:/home/user/.m2/repository/io/netty/netty-all/4.0.52.Final/netty-all-4.0.52.Final.jar:/home/user/.m2/repository/org/fusesource/leveldbjni/leveldbjni-all/1.8/leveldbjni-all-1.8.jar:/home/user/.m2/repository/com/sun/xml/bind/jaxb-core/2.3.0.1/jaxb-core-2.3.0.1.jar:/home/user/.m2/repository/javax/xml/bind/jaxb-api/2.3.0/jaxb-api-2.3.0.jar:/home/user/.m2/repository/javax/activation/activation/1.1.1/activation-1.1.1.jar:/home/user/.m2/repository/io/dropwizard/metrics/metrics-core/3.2.4/metrics-core-3.2.4.jar:/home/user/.m2/repository/org/openjdk/jmh/jmh-core/1.19/jmh-core-1.19.jar:/home/user/.m2/repository/net/sf/jopt-simple/jopt-simple/4.6/jopt-simple-4.6.jar:/home/user/.m2/repository/org/openjdk/jmh/jmh-generator-annprocess/1.19/jmh-generator-annprocess-1.19.jar:/home/user/.m2/repository/com/google/code/findbugs/findbugs/3.0.1/findbugs-3.0.1.jar:/home/user/.m2/repository/net/jcip/jcip-annotations/1.0/jcip-annotations-1.0.jar:/home/user/.m2/repository/com/google/code/findbugs/bcel-findbugs/6.0/bcel-findbugs-6.0.jar:/home/user/.m2/repository/com/google/code/findbugs/jFormatString/2.0.1/jFormatString-2.0.1.jar:/home/user/.m2/repository/dom4j/dom4j/1.6.1/dom4j-1.6.1.jar:/home/user/.m2/repository/xml-apis/xml-apis/1.0.b2/xml-apis-1.0.b2.jar:/home/user/.m2/repository/org/ow2/asm/asm-debug-all/5.0.2/asm-debug-all-5.0.2.jar:/home/user/.m2/repository/org/ow2/asm/asm-commons/5.0.2/asm-commons-5.0.2.jar:/home/user/.m2/repository/org/ow2/asm/asm-tree/5.0.2/asm-tree-5.0.2.jar:/home/user/.m2/repository/org/ow2/asm/asm/5.0.4/asm-5.0.4.jar:/home/user/.m2/repository/commons-lang/commons-lang/2.6/commons-lang-2.6.jar:/home/user/.m2/repository/com/apple/AppleJavaExtensions/1.4/AppleJavaExtensions-1.4.jar:/home/user/.m2/repository/jaxen/jaxen/1.1.6/jaxen-1.1.6.jar:/home/user/.m2/repository/junit/junit/4.11/junit-4.11.jar:/home/user/.m2/repository/org/hamcrest/hamcrest-core/1.3/hamcrest-core-1.3.jar:/home/user/.m2/repository/org/apache/hadoop/hadoop-common/3.2.0/hadoop-common-3.2.0-tests.jar:/workdir/hadoop-ozone/integration-test/target/test-classes:/home/user/.m2/repository/org/apache/hadoop/hadoop-ozone-objectstore-service/0.5.0-SNAPSHOT/hadoop-ozone-objectstore-service-0.5.0-SNAPSHOT.jar:/home/user/.m2/repository/org/apache/hadoop/hadoop-ozone-s3gateway/0.5.0-SNAPSHOT/hadoop-ozone-s3gateway-0.5.0-SNAPSHOT.jar:/home/user/.m2/repository/org/jboss/weld/servlet/weld-servlet/2.4.7.Final/weld-servlet-2.4.7.Final.jar:/home/user/.m2/repository/org/glassfish/jersey/containers/jersey-container-servlet-core/2.27/jersey-container-servlet-core-2.27.jar:/home/user/.m2/repository/org/glassfish/hk2/external/javax.inject/2.5.0-b42/javax.inject-2.5.0-b42.jar:/home/user/.m2/repository/org/glassfish/jersey/core/jersey-common/2.27/jersey-common-2.27.jar:/home/user/.m2/repository/org/glassfish/hk2/osgi-resource-locator/1.0.1/osgi-resource-locator-1.0.1.jar:/home/user/.m2/repository/javax/ws/rs/javax.ws.rs-api/2.1/javax.ws.rs-api-2.1.jar:/home/user/.m2/repository/org/glassfish/jersey/ext/cdi/jersey-cdi1x/2.27/jersey-cdi1x-2.27.jar:/home/user/.m2/repository/org/glassfish/jersey/inject/jersey-hk2/2.27/jersey-hk2-2.27.jar:/home/user/.m2/repository/org/glassfish/hk2/hk2-locator/2.5.0-b42/hk2-locator-2.5.0-b42.jar:/home/user/.m2/repository/org/javassist/javassist/3.22.0-CR2/javassist-3.22.0-CR2.jar:/home/user/.m2/repository/org/glassfish/hk2/hk2-api/2.5.0/hk2-api-2.5.0.jar:/home/user/.m2/repository/org/glassfish/hk2/external/jakarta.inject/2.5.0/jakarta.inject-2.5.0.jar:/home/user/.m2/repository/org/glassfish/hk2/hk2-utils/2.5.0/hk2-utils-2.5.0.jar:/home/user/.m2/repository/jakarta/annotation/jakarta.annotation-api/1.3.4/jakarta.annotation-api-1.3.4.jar:/home/user/.m2/repository/org/glassfish/hk2/external/aopalliance-repackaged/2.5.0/aopalliance-repackaged-2.5.0.jar:/home/user/.m2/repository/com/fasterxml/jackson/dataformat/jackson-dataformat-xml/2.9.0/jackson-dataformat-xml-2.9.0.jar:/home/user/.m2/repository/com/fasterxml/jackson/module/jackson-module-jaxb-annotations/2.9.5/jackson-module-jaxb-annotations-2.9.5.jar:/home/user/.m2/repository/javax/enterprise/cdi-api/1.2/cdi-api-1.2.jar:/home/user/.m2/repository/javax/el/javax.el-api/3.0.0/javax.el-api-3.0.0.jar:/home/user/.m2/repository/javax/interceptor/javax.interceptor-api/1.2/javax.interceptor-api-1.2.jar:/home/user/.m2/repository/javax/inject/javax.inject/1/javax.inject-1.jar:/home/user/.m2/repository/org/apache/hadoop/hadoop-ozone-csi/0.5.0-SNAPSHOT/hadoop-ozone-csi-0.5.0-SNAPSHOT.jar:/home/user/.m2/repository/com/google/protobuf/protobuf-java-util/3.5.1/protobuf-java-util-3.5.1.jar:/home/user/.m2/repository/io/grpc/grpc-netty/1.17.1/grpc-netty-1.17.1.jar:/home/user/.m2/repository/io/grpc/grpc-core/1.17.1/grpc-core-1.17.1.jar:/home/user/.m2/repository/io/grpc/grpc-context/1.17.1/grpc-context-1.17.1.jar:/home/user/.m2/repository/com/google/errorprone/error_prone_annotations/2.2.0/error_prone_annotations-2.2.0.jar:/home/user/.m2/repository/org/codehaus/mojo/animal-sniffer-annotations/1.17/animal-sniffer-annotations-1.17.jar:/home/user/.m2/repository/io/opencensus/opencensus-api/0.17.0/opencensus-api-0.17.0.jar:/home/user/.m2/repository/io/opencensus/opencensus-contrib-grpc-metrics/0.17.0/opencensus-contrib-grpc-metrics-0.17.0.jar:/home/user/.m2/repository/io/netty/netty-codec-http2/4.1.30.Final/netty-codec-http2-4.1.30.Final.jar:/home/user/.m2/repository/io/netty/netty-codec-http/4.1.30.Final/netty-codec-http-4.1.30.Final.jar:/home/user/.m2/repository/io/netty/netty-codec/4.1.30.Final/netty-codec-4.1.30.Final.jar:/home/user/.m2/repository/io/netty/netty-handler/4.1.30.Final/netty-handler-4.1.30.Final.jar:/home/user/.m2/repository/io/netty/netty-handler-proxy/4.1.30.Final/netty-handler-proxy-4.1.30.Final.jar:/home/user/.m2/repository/io/netty/netty-codec-socks/4.1.30.Final/netty-codec-socks-4.1.30.Final.jar:/home/user/.m2/repository/io/netty/netty-transport-native-epoll/4.1.30.Final/netty-transport-native-epoll-4.1.30.Final.jar:/home/user/.m2/repository/io/netty/netty-common/4.1.30.Final/netty-common-4.1.30.Final.jar:/home/user/.m2/repository/io/netty/netty-buffer/4.1.30.Final/netty-buffer-4.1.30.Final.jar:/home/user/.m2/repository/io/netty/netty-transport/4.1.30.Final/netty-transport-4.1.30.Final.jar:/home/user/.m2/repository/io/netty/netty-resolver/4.1.30.Final/netty-resolver-4.1.30.Final.jar:/home/user/.m2/repository/io/netty/netty-transport-native-unix-common/4.1.30.Final/netty-transport-native-unix-common-4.1.30.Final.jar:/home/user/.m2/repository/io/grpc/grpc-protobuf/1.17.1/grpc-protobuf-1.17.1.jar:/home/user/.m2/repository/com/google/api/grpc/proto-google-common-protos/1.0.0/proto-google-common-protos-1.0.0.jar:/home/user/.m2/repository/io/grpc/grpc-protobuf-lite/1.17.1/grpc-protobuf-lite-1.17.1.jar:/home/user/.m2/repository/io/grpc/grpc-stub/1.17.1/grpc-stub-1.17.1.jar:/home/user/.m2/repository/org/apache/hadoop/hadoop-ozone-recon/0.5.0-SNAPSHOT/hadoop-ozone-recon-0.5.0-SNAPSHOT.jar:/home/user/.m2/repository/org/apache/hadoop/hadoop-ozone-reconcodegen/0.5.0-SNAPSHOT/hadoop-ozone-reconcodegen-0.5.0-SNAPSHOT.jar:/home/user/.m2/repository/com/google/inject/extensions/guice-multibindings/4.0/guice-multibindings-4.0.jar:/home/user/.m2/repository/com/google/inject/guice/4.0/guice-4.0.jar:/home/user/.m2/repository/aopalliance/aopalliance/1.0/aopalliance-1.0.jar:/home/user/.m2/repository/com/google/inject/extensions/guice-servlet/4.0/guice-servlet-4.0.jar:/home/user/.m2/repository/org/glassfish/jersey/containers/jersey-container-servlet/2.27/jersey-container-servlet-2.27.jar:/home/user/.m2/repository/org/glassfish/hk2/guice-bridge/2.5.0/guice-bridge-2.5.0.jar:/home/user/.m2/repository/org/glassfish/jersey/core/jersey-server/2.27/jersey-server-2.27.jar:/home/user/.m2/repository/org/glassfish/jersey/core/jersey-client/2.27/jersey-client-2.27.jar:/home/user/.m2/repository/org/glassfish/jersey/media/jersey-media-jaxb/2.27/jersey-media-jaxb-2.27.jar:/home/user/.m2/repository/javax/validation/validation-api/1.1.0.Final/validation-api-1.1.0.Final.jar:/home/user/.m2/repository/org/glassfish/jersey/media/jersey-media-json-jackson/2.27/jersey-media-json-jackson-2.27.jar:/home/user/.m2/repository/org/glassfish/jersey/ext/jersey-entity-filtering/2.27/jersey-entity-filtering-2.27.jar:/home/user/.m2/repository/com/google/inject/extensions/guice-assistedinject/4.0/guice-assistedinject-4.0.jar:/home/user/.m2/repository/org/jooq/jooq/3.11.10/jooq-3.11.10.jar:/home/user/.m2/repository/org/jooq/jooq-meta/3.11.10/jooq-meta-3.11.10.jar:/home/user/.m2/repository/org/jooq/jooq-codegen/3.11.10/jooq-codegen-3.11.10.jar:/home/user/.m2/repository/com/jolbox/bonecp/0.8.0.RELEASE/bonecp-0.8.0.RELEASE.jar:/home/user/.m2/repository/org/springframework/spring-jdbc/5.1.3.RELEASE/spring-jdbc-5.1.3.RELEASE.jar:/home/user/.m2/repository/org/springframework/spring-beans/5.1.3.RELEASE/spring-beans-5.1.3.RELEASE.jar:/home/user/.m2/repository/org/springframework/spring-core/5.1.3.RELEASE/spring-core-5.1.3.RELEASE.jar:/home/user/.m2/repository/org/springframework/spring-jcl/5.1.3.RELEASE/spring-jcl-5.1.3.RELEASE.jar:/home/user/.m2/repository/org/springframework/spring-tx/5.1.3.RELEASE/spring-tx-5.1.3.RELEASE.jar:/home/user/.m2/repository/org/mockito/mockito-core/2.15.0/mockito-core-2.15.0.jar:/home/user/.m2/repository/net/bytebuddy/byte-buddy/1.7.9/byte-buddy-1.7.9.jar:/home/user/.m2/repository/net/bytebuddy/byte-buddy-agent/1.7.9/byte-buddy-agent-1.7.9.jar:/home/user/.m2/repository/org/objenesis/objenesis/1.0/objenesis-1.0.jar:"/>
    <property name="java.vm.vendor" value="IcedTea"/>
    <property name="sun.arch.data.model" value="64"/>
    <property name="test.build.dir" value="/workdir/hadoop-ozone/tools/target/test-dir"/>
    <property name="test.cache.data" value=""/>
    <property name="java.vendor.url" value="https://icedtea.classpath.org"/>
    <property name="user.timezone" value=""/>
    <property name="java.vm.specification.version" value="1.8"/>
    <property name="os.name" value="Linux"/>
    <property name="test.build.data" value="/workdir/hadoop-ozone/tools/target/test-dir"/>
    <property name="user.country" value="US"/>
    <property name="sun.java.launcher" value="SUN_STANDARD"/>
    <property name="sun.boot.library.path" value="/usr/lib/jvm/java-1.8-openjdk/jre/lib/amd64"/>
    <property name="sun.java.command" value="/workdir/hadoop-ozone/tools/target/surefire/surefirebooter8777312609089079747.jar /workdir/hadoop-ozone/tools/target/surefire 2019-09-20T03-51-17_086-jvmRun1 surefire3390691849943394494tmp surefire_118187194446707580573tmp"/>
    <property name="test" value="!TestMiniChaosOzoneCluster"/>
    <property name="surefire.test.class.path" value="/workdir/hadoop-ozone/tools/target/test-classes:/workdir/hadoop-ozone/tools/target/classes:/home/user/.m2/repository/org/apache/hadoop/hadoop-ozone-ozone-manager/0.5.0-SNAPSHOT/hadoop-ozone-ozone-manager-0.5.0-SNAPSHOT.jar:/home/user/.m2/repository/org/apache/hadoop/hadoop-hdds-docs/0.5.0-SNAPSHOT/hadoop-hdds-docs-0.5.0-SNAPSHOT.jar:/home/user/.m2/repository/org/bouncycastle/bcprov-jdk15on/1.60/bcprov-jdk15on-1.60.jar:/home/user/.m2/repository/org/apache/hadoop/hadoop-ozone-common/0.5.0-SNAPSHOT/hadoop-ozone-common-0.5.0-SNAPSHOT.jar:/home/user/.m2/repository/org/apache/commons/commons-compress/1.4.1/commons-compress-1.4.1.jar:/home/user/.m2/repository/org/tukaani/xz/1.0/xz-1.0.jar:/home/user/.m2/repository/org/apache/hadoop/hadoop-hdfs-client/3.2.0/hadoop-hdfs-client-3.2.0.jar:/home/user/.m2/repository/com/fasterxml/jackson/core/jackson-annotations/2.9.5/jackson-annotations-2.9.5.jar:/home/user/.m2/repository/org/apache/hadoop/hadoop-hdds-common/0.5.0-SNAPSHOT/hadoop-hdds-common-0.5.0-SNAPSHOT.jar:/home/user/.m2/repository/org/apache/hadoop/hadoop-hdds-config/0.5.0-SNAPSHOT/hadoop-hdds-config-0.5.0-SNAPSHOT.jar:/home/user/.m2/repository/javax/annotation/javax.annotation-api/1.2/javax.annotation-api-1.2.jar:/home/user/.m2/repository/org/apache/ratis/ratis-server/0.4.0-2337318-SNAPSHOT/ratis-server-0.4.0-2337318-SNAPSHOT.jar:/home/user/.m2/repository/org/apache/ratis/ratis-thirdparty-misc/0.2.0/ratis-thirdparty-misc-0.2.0.jar:/home/user/.m2/repository/org/apache/ratis/ratis-proto/0.4.0-2337318-SNAPSHOT/ratis-proto-0.4.0-2337318-SNAPSHOT.jar:/home/user/.m2/repository/org/apache/ratis/ratis-common/0.4.0-2337318-SNAPSHOT/ratis-common-0.4.0-2337318-SNAPSHOT.jar:/home/user/.m2/repository/org/apache/ratis/ratis-client/0.4.0-2337318-SNAPSHOT/ratis-client-0.4.0-2337318-SNAPSHOT.jar:/home/user/.m2/repository/org/apache/ratis/ratis-metrics/0.4.0-2337318-SNAPSHOT/ratis-metrics-0.4.0-2337318-SNAPSHOT.jar:/home/user/.m2/repository/org/apache/ratis/ratis-netty/0.4.0-2337318-SNAPSHOT/ratis-netty-0.4.0-2337318-SNAPSHOT.jar:/home/user/.m2/repository/org/apache/ratis/ratis-grpc/0.4.0-2337318-SNAPSHOT/ratis-grpc-0.4.0-2337318-SNAPSHOT.jar:/home/user/.m2/repository/org/rocksdb/rocksdbjni/6.0.1/rocksdbjni-6.0.1.jar:/home/user/.m2/repository/org/apache/logging/log4j/log4j-api/2.11.0/log4j-api-2.11.0.jar:/home/user/.m2/repository/org/apache/logging/log4j/log4j-core/2.11.0/log4j-core-2.11.0.jar:/home/user/.m2/repository/com/lmax/disruptor/3.4.2/disruptor-3.4.2.jar:/home/user/.m2/repository/org/apache/commons/commons-pool2/2.6.0/commons-pool2-2.6.0.jar:/home/user/.m2/repository/org/bouncycastle/bcpkix-jdk15on/1.60/bcpkix-jdk15on-1.60.jar:/home/user/.m2/repository/commons-validator/commons-validator/1.6/commons-validator-1.6.jar:/home/user/.m2/repository/commons-digester/commons-digester/1.8.1/commons-digester-1.8.1.jar:/home/user/.m2/repository/io/jaegertracing/jaeger-client/0.33.1/jaeger-client-0.33.1.jar:/home/user/.m2/repository/io/jaegertracing/jaeger-thrift/0.33.1/jaeger-thrift-0.33.1.jar:/home/user/.m2/repository/org/apache/thrift/libthrift/0.11.0/libthrift-0.11.0.jar:/home/user/.m2/repository/com/squareup/okhttp3/okhttp/3.9.0/okhttp-3.9.0.jar:/home/user/.m2/repository/com/squareup/okio/okio/1.13.0/okio-1.13.0.jar:/home/user/.m2/repository/io/jaegertracing/jaeger-core/0.33.1/jaeger-core-0.33.1.jar:/home/user/.m2/repository/io/jaegertracing/jaeger-tracerresolver/0.33.1/jaeger-tracerresolver-0.33.1.jar:/home/user/.m2/repository/io/opentracing/contrib/opentracing-tracerresolver/0.1.5/opentracing-tracerresolver-0.1.5.jar:/home/user/.m2/repository/io/opentracing/opentracing-util/0.31.0/opentracing-util-0.31.0.jar:/home/user/.m2/repository/io/opentracing/opentracing-api/0.31.0/opentracing-api-0.31.0.jar:/home/user/.m2/repository/io/opentracing/opentracing-noop/0.31.0/opentracing-noop-0.31.0.jar:/home/user/.m2/repository/org/yaml/snakeyaml/1.16/snakeyaml-1.16.jar:/home/user/.m2/repository/org/apache/hadoop/hadoop-hdds-container-service/0.5.0-SNAPSHOT/hadoop-hdds-container-service-0.5.0-SNAPSHOT.jar:/home/user/.m2/repository/org/apache/hadoop/hadoop-hdds-client/0.5.0-SNAPSHOT/hadoop-hdds-client-0.5.0-SNAPSHOT.jar:/home/user/.m2/repository/org/apache/hadoop/hadoop-hdds-tools/0.5.0-SNAPSHOT/hadoop-hdds-tools-0.5.0-SNAPSHOT.jar:/home/user/.m2/repository/org/xerial/sqlite-jdbc/3.25.2/sqlite-jdbc-3.25.2.jar:/home/user/.m2/repository/org/apache/hadoop/hadoop-hdds-server-scm/0.5.0-SNAPSHOT/hadoop-hdds-server-scm-0.5.0-SNAPSHOT.jar:/home/user/.m2/repository/org/hamcrest/hamcrest-all/1.3/hamcrest-all-1.3.jar:/home/user/.m2/repository/info/picocli/picocli/3.9.6/picocli-3.9.6.jar:/home/user/.m2/repository/com/google/protobuf/protobuf-java/2.5.0/protobuf-java-2.5.0.jar:/home/user/.m2/repository/com/google/guava/guava/11.0.2/guava-11.0.2.jar:/home/user/.m2/repository/org/apache/hadoop/hadoop-ozone-client/0.5.0-SNAPSHOT/hadoop-ozone-client-0.5.0-SNAPSHOT.jar:/workdir/hadoop-ozone/ozonefs/target/classes:/home/user/.m2/repository/org/apache/hadoop/hadoop-hdds-server-framework/0.5.0-SNAPSHOT/hadoop-hdds-server-framework-0.5.0-SNAPSHOT.jar:/home/user/.m2/repository/org/apache/hadoop/hadoop-common/3.2.0/hadoop-common-3.2.0.jar:/home/user/.m2/repository/org/apache/hadoop/hadoop-annotations/3.2.0/hadoop-annotations-3.2.0.jar:/usr/lib/jvm/java-1.8-openjdk/jre/../lib/tools.jar:/home/user/.m2/repository/commons-cli/commons-cli/1.2/commons-cli-1.2.jar:/home/user/.m2/repository/org/apache/commons/commons-math3/3.1.1/commons-math3-3.1.1.jar:/home/user/.m2/repository/org/apache/httpcomponents/httpclient/4.5.2/httpclient-4.5.2.jar:/home/user/.m2/repository/org/apache/httpcomponents/httpcore/4.4.4/httpcore-4.4.4.jar:/home/user/.m2/repository/commons-codec/commons-codec/1.11/commons-codec-1.11.jar:/home/user/.m2/repository/commons-io/commons-io/2.5/commons-io-2.5.jar:/home/user/.m2/repository/commons-net/commons-net/3.6/commons-net-3.6.jar:/home/user/.m2/repository/commons-collections/commons-collections/3.2.2/commons-collections-3.2.2.jar:/home/user/.m2/repository/javax/servlet/javax.servlet-api/3.1.0/javax.servlet-api-3.1.0.jar:/home/user/.m2/repository/org/eclipse/jetty/jetty-server/9.3.24.v20180605/jetty-server-9.3.24.v20180605.jar:/home/user/.m2/repository/org/eclipse/jetty/jetty-http/9.3.24.v20180605/jetty-http-9.3.24.v20180605.jar:/home/user/.m2/repository/org/eclipse/jetty/jetty-io/9.3.24.v20180605/jetty-io-9.3.24.v20180605.jar:/home/user/.m2/repository/org/eclipse/jetty/jetty-util/9.3.24.v20180605/jetty-util-9.3.24.v20180605.jar:/home/user/.m2/repository/org/eclipse/jetty/jetty-servlet/9.3.24.v20180605/jetty-servlet-9.3.24.v20180605.jar:/home/user/.m2/repository/org/eclipse/jetty/jetty-security/9.3.24.v20180605/jetty-security-9.3.24.v20180605.jar:/home/user/.m2/repository/org/eclipse/jetty/jetty-webapp/9.3.24.v20180605/jetty-webapp-9.3.24.v20180605.jar:/home/user/.m2/repository/org/eclipse/jetty/jetty-xml/9.3.24.v20180605/jetty-xml-9.3.24.v20180605.jar:/home/user/.m2/repository/javax/servlet/jsp/jsp-api/2.1/jsp-api-2.1.jar:/home/user/.m2/repository/com/sun/jersey/jersey-core/1.19/jersey-core-1.19.jar:/home/user/.m2/repository/javax/ws/rs/jsr311-api/1.1.1/jsr311-api-1.1.1.jar:/home/user/.m2/repository/com/sun/jersey/jersey-servlet/1.19/jersey-servlet-1.19.jar:/home/user/.m2/repository/com/sun/jersey/jersey-json/1.19/jersey-json-1.19.jar:/home/user/.m2/repository/org/codehaus/jettison/jettison/1.1/jettison-1.1.jar:/home/user/.m2/repository/com/sun/xml/bind/jaxb-impl/2.3.0.1/jaxb-impl-2.3.0.1.jar:/home/user/.m2/repository/org/codehaus/jackson/jackson-core-asl/1.9.13/jackson-core-asl-1.9.13.jar:/home/user/.m2/repository/org/codehaus/jackson/jackson-mapper-asl/1.9.13/jackson-mapper-asl-1.9.13.jar:/home/user/.m2/repository/org/codehaus/jackson/jackson-jaxrs/1.9.13/jackson-jaxrs-1.9.13.jar:/home/user/.m2/repository/org/codehaus/jackson/jackson-xc/1.9.13/jackson-xc-1.9.13.jar:/home/user/.m2/repository/com/sun/jersey/jersey-server/1.19/jersey-server-1.19.jar:/home/user/.m2/repository/commons-logging/commons-logging/1.1.3/commons-logging-1.1.3.jar:/home/user/.m2/repository/log4j/log4j/1.2.17/log4j-1.2.17.jar:/home/user/.m2/repository/commons-beanutils/commons-beanutils/1.9.3/commons-beanutils-1.9.3.jar:/home/user/.m2/repository/org/apache/commons/commons-configuration2/2.1.1/commons-configuration2-2.1.1.jar:/home/user/.m2/repository/org/apache/commons/commons-lang3/3.7/commons-lang3-3.7.jar:/home/user/.m2/repository/org/apache/commons/commons-text/1.4/commons-text-1.4.jar:/home/user/.m2/repository/org/slf4j/slf4j-api/1.7.25/slf4j-api-1.7.25.jar:/home/user/.m2/repository/org/slf4j/slf4j-log4j12/1.7.25/slf4j-log4j12-1.7.25.jar:/home/user/.m2/repository/org/apache/avro/avro/1.7.7/avro-1.7.7.jar:/home/user/.m2/repository/com/thoughtworks/paranamer/paranamer/2.3/paranamer-2.3.jar:/home/user/.m2/repository/org/xerial/snappy/snappy-java/1.0.5/snappy-java-1.0.5.jar:/home/user/.m2/repository/com/google/re2j/re2j/1.1/re2j-1.1.jar:/home/user/.m2/repository/com/google/code/gson/gson/2.2.4/gson-2.2.4.jar:/home/user/.m2/repository/org/apache/hadoop/hadoop-auth/3.2.0/hadoop-auth-3.2.0.jar:/home/user/.m2/repository/com/nimbusds/nimbus-jose-jwt/4.41.1/nimbus-jose-jwt-4.41.1.jar:/home/user/.m2/repository/com/github/stephenc/jcip/jcip-annotations/1.0-1/jcip-annotations-1.0-1.jar:/home/user/.m2/repository/net/minidev/json-smart/2.3/json-smart-2.3.jar:/home/user/.m2/repository/net/minidev/accessors-smart/1.2/accessors-smart-1.2.jar:/home/user/.m2/repository/org/apache/curator/curator-framework/2.12.0/curator-framework-2.12.0.jar:/home/user/.m2/repository/com/jcraft/jsch/0.1.54/jsch-0.1.54.jar:/home/user/.m2/repository/org/apache/curator/curator-client/2.12.0/curator-client-2.12.0.jar:/home/user/.m2/repository/org/apache/curator/curator-recipes/2.12.0/curator-recipes-2.12.0.jar:/home/user/.m2/repository/com/google/code/findbugs/jsr305/3.0.0/jsr305-3.0.0.jar:/home/user/.m2/repository/org/apache/htrace/htrace-core4/4.1.0-incubating/htrace-core4-4.1.0-incubating.jar:/home/user/.m2/repository/org/apache/zookeeper/zookeeper/3.4.13/zookeeper-3.4.13.jar:/home/user/.m2/repository/org/apache/yetus/audience-annotations/0.5.0/audience-annotations-0.5.0.jar:/home/user/.m2/repository/org/apache/kerby/kerb-simplekdc/1.0.1/kerb-simplekdc-1.0.1.jar:/home/user/.m2/repository/org/apache/kerby/kerb-client/1.0.1/kerb-client-1.0.1.jar:/home/user/.m2/repository/org/apache/kerby/kerby-config/1.0.1/kerby-config-1.0.1.jar:/home/user/.m2/repository/org/apache/kerby/kerb-core/1.0.1/kerb-core-1.0.1.jar:/home/user/.m2/repository/org/apache/kerby/kerby-pkix/1.0.1/kerby-pkix-1.0.1.jar:/home/user/.m2/repository/org/apache/kerby/kerby-asn1/1.0.1/kerby-asn1-1.0.1.jar:/home/user/.m2/repository/org/apache/kerby/kerby-util/1.0.1/kerby-util-1.0.1.jar:/home/user/.m2/repository/org/apache/kerby/kerb-common/1.0.1/kerb-common-1.0.1.jar:/home/user/.m2/repository/org/apache/kerby/kerb-crypto/1.0.1/kerb-crypto-1.0.1.jar:/home/user/.m2/repository/org/apache/kerby/kerb-util/1.0.1/kerb-util-1.0.1.jar:/home/user/.m2/repository/org/apache/kerby/token-provider/1.0.1/token-provider-1.0.1.jar:/home/user/.m2/repository/org/apache/kerby/kerb-admin/1.0.1/kerb-admin-1.0.1.jar:/home/user/.m2/repository/org/apache/kerby/kerb-server/1.0.1/kerb-server-1.0.1.jar:/home/user/.m2/repository/org/apache/kerby/kerb-identity/1.0.1/kerb-identity-1.0.1.jar:/home/user/.m2/repository/org/apache/kerby/kerby-xdr/1.0.1/kerby-xdr-1.0.1.jar:/home/user/.m2/repository/com/fasterxml/jackson/core/jackson-databind/2.9.5/jackson-databind-2.9.5.jar:/home/user/.m2/repository/com/fasterxml/jackson/core/jackson-core/2.9.5/jackson-core-2.9.5.jar:/home/user/.m2/repository/org/codehaus/woodstox/stax2-api/3.1.4/stax2-api-3.1.4.jar:/home/user/.m2/repository/com/fasterxml/woodstox/woodstox-core/5.0.3/woodstox-core-5.0.3.jar:/home/user/.m2/repository/dnsjava/dnsjava/2.1.7/dnsjava-2.1.7.jar:/home/user/.m2/repository/org/apache/hadoop/hadoop-hdfs/3.2.0/hadoop-hdfs-3.2.0.jar:/home/user/.m2/repository/org/eclipse/jetty/jetty-util-ajax/9.3.24.v20180605/jetty-util-ajax-9.3.24.v20180605.jar:/home/user/.m2/repository/commons-daemon/commons-daemon/1.0.13/commons-daemon-1.0.13.jar:/home/user/.m2/repository/io/netty/netty/3.10.5.Final/netty-3.10.5.Final.jar:/home/user/.m2/repository/io/netty/netty-all/4.0.52.Final/netty-all-4.0.52.Final.jar:/home/user/.m2/repository/org/fusesource/leveldbjni/leveldbjni-all/1.8/leveldbjni-all-1.8.jar:/home/user/.m2/repository/com/sun/xml/bind/jaxb-core/2.3.0.1/jaxb-core-2.3.0.1.jar:/home/user/.m2/repository/javax/xml/bind/jaxb-api/2.3.0/jaxb-api-2.3.0.jar:/home/user/.m2/repository/javax/activation/activation/1.1.1/activation-1.1.1.jar:/home/user/.m2/repository/io/dropwizard/metrics/metrics-core/3.2.4/metrics-core-3.2.4.jar:/home/user/.m2/repository/org/openjdk/jmh/jmh-core/1.19/jmh-core-1.19.jar:/home/user/.m2/repository/net/sf/jopt-simple/jopt-simple/4.6/jopt-simple-4.6.jar:/home/user/.m2/repository/org/openjdk/jmh/jmh-generator-annprocess/1.19/jmh-generator-annprocess-1.19.jar:/home/user/.m2/repository/com/google/code/findbugs/findbugs/3.0.1/findbugs-3.0.1.jar:/home/user/.m2/repository/net/jcip/jcip-annotations/1.0/jcip-annotations-1.0.jar:/home/user/.m2/repository/com/google/code/findbugs/bcel-findbugs/6.0/bcel-findbugs-6.0.jar:/home/user/.m2/repository/com/google/code/findbugs/jFormatString/2.0.1/jFormatString-2.0.1.jar:/home/user/.m2/repository/dom4j/dom4j/1.6.1/dom4j-1.6.1.jar:/home/user/.m2/repository/xml-apis/xml-apis/1.0.b2/xml-apis-1.0.b2.jar:/home/user/.m2/repository/org/ow2/asm/asm-debug-all/5.0.2/asm-debug-all-5.0.2.jar:/home/user/.m2/repository/org/ow2/asm/asm-commons/5.0.2/asm-commons-5.0.2.jar:/home/user/.m2/repository/org/ow2/asm/asm-tree/5.0.2/asm-tree-5.0.2.jar:/home/user/.m2/repository/org/ow2/asm/asm/5.0.4/asm-5.0.4.jar:/home/user/.m2/repository/commons-lang/commons-lang/2.6/commons-lang-2.6.jar:/home/user/.m2/repository/com/apple/AppleJavaExtensions/1.4/AppleJavaExtensions-1.4.jar:/home/user/.m2/repository/jaxen/jaxen/1.1.6/jaxen-1.1.6.jar:/home/user/.m2/repository/junit/junit/4.11/junit-4.11.jar:/home/user/.m2/repository/org/hamcrest/hamcrest-core/1.3/hamcrest-core-1.3.jar:/home/user/.m2/repository/org/apache/hadoop/hadoop-common/3.2.0/hadoop-common-3.2.0-tests.jar:/workdir/hadoop-ozone/integration-test/target/test-classes:/home/user/.m2/repository/org/apache/hadoop/hadoop-ozone-objectstore-service/0.5.0-SNAPSHOT/hadoop-ozone-objectstore-service-0.5.0-SNAPSHOT.jar:/home/user/.m2/repository/org/apache/hadoop/hadoop-ozone-s3gateway/0.5.0-SNAPSHOT/hadoop-ozone-s3gateway-0.5.0-SNAPSHOT.jar:/home/user/.m2/repository/org/jboss/weld/servlet/weld-servlet/2.4.7.Final/weld-servlet-2.4.7.Final.jar:/home/user/.m2/repository/org/glassfish/jersey/containers/jersey-container-servlet-core/2.27/jersey-container-servlet-core-2.27.jar:/home/user/.m2/repository/org/glassfish/hk2/external/javax.inject/2.5.0-b42/javax.inject-2.5.0-b42.jar:/home/user/.m2/repository/org/glassfish/jersey/core/jersey-common/2.27/jersey-common-2.27.jar:/home/user/.m2/repository/org/glassfish/hk2/osgi-resource-locator/1.0.1/osgi-resource-locator-1.0.1.jar:/home/user/.m2/repository/javax/ws/rs/javax.ws.rs-api/2.1/javax.ws.rs-api-2.1.jar:/home/user/.m2/repository/org/glassfish/jersey/ext/cdi/jersey-cdi1x/2.27/jersey-cdi1x-2.27.jar:/home/user/.m2/repository/org/glassfish/jersey/inject/jersey-hk2/2.27/jersey-hk2-2.27.jar:/home/user/.m2/repository/org/glassfish/hk2/hk2-locator/2.5.0-b42/hk2-locator-2.5.0-b42.jar:/home/user/.m2/repository/org/javassist/javassist/3.22.0-CR2/javassist-3.22.0-CR2.jar:/home/user/.m2/repository/org/glassfish/hk2/hk2-api/2.5.0/hk2-api-2.5.0.jar:/home/user/.m2/repository/org/glassfish/hk2/external/jakarta.inject/2.5.0/jakarta.inject-2.5.0.jar:/home/user/.m2/repository/org/glassfish/hk2/hk2-utils/2.5.0/hk2-utils-2.5.0.jar:/home/user/.m2/repository/jakarta/annotation/jakarta.annotation-api/1.3.4/jakarta.annotation-api-1.3.4.jar:/home/user/.m2/repository/org/glassfish/hk2/external/aopalliance-repackaged/2.5.0/aopalliance-repackaged-2.5.0.jar:/home/user/.m2/repository/com/fasterxml/jackson/dataformat/jackson-dataformat-xml/2.9.0/jackson-dataformat-xml-2.9.0.jar:/home/user/.m2/repository/com/fasterxml/jackson/module/jackson-module-jaxb-annotations/2.9.5/jackson-module-jaxb-annotations-2.9.5.jar:/home/user/.m2/repository/javax/enterprise/cdi-api/1.2/cdi-api-1.2.jar:/home/user/.m2/repository/javax/el/javax.el-api/3.0.0/javax.el-api-3.0.0.jar:/home/user/.m2/repository/javax/interceptor/javax.interceptor-api/1.2/javax.interceptor-api-1.2.jar:/home/user/.m2/repository/javax/inject/javax.inject/1/javax.inject-1.jar:/home/user/.m2/repository/org/apache/hadoop/hadoop-ozone-csi/0.5.0-SNAPSHOT/hadoop-ozone-csi-0.5.0-SNAPSHOT.jar:/home/user/.m2/repository/com/google/protobuf/protobuf-java-util/3.5.1/protobuf-java-util-3.5.1.jar:/home/user/.m2/repository/io/grpc/grpc-netty/1.17.1/grpc-netty-1.17.1.jar:/home/user/.m2/repository/io/grpc/grpc-core/1.17.1/grpc-core-1.17.1.jar:/home/user/.m2/repository/io/grpc/grpc-context/1.17.1/grpc-context-1.17.1.jar:/home/user/.m2/repository/com/google/errorprone/error_prone_annotations/2.2.0/error_prone_annotations-2.2.0.jar:/home/user/.m2/repository/org/codehaus/mojo/animal-sniffer-annotations/1.17/animal-sniffer-annotations-1.17.jar:/home/user/.m2/repository/io/opencensus/opencensus-api/0.17.0/opencensus-api-0.17.0.jar:/home/user/.m2/repository/io/opencensus/opencensus-contrib-grpc-metrics/0.17.0/opencensus-contrib-grpc-metrics-0.17.0.jar:/home/user/.m2/repository/io/netty/netty-codec-http2/4.1.30.Final/netty-codec-http2-4.1.30.Final.jar:/home/user/.m2/repository/io/netty/netty-codec-http/4.1.30.Final/netty-codec-http-4.1.30.Final.jar:/home/user/.m2/repository/io/netty/netty-codec/4.1.30.Final/netty-codec-4.1.30.Final.jar:/home/user/.m2/repository/io/netty/netty-handler/4.1.30.Final/netty-handler-4.1.30.Final.jar:/home/user/.m2/repository/io/netty/netty-handler-proxy/4.1.30.Final/netty-handler-proxy-4.1.30.Final.jar:/home/user/.m2/repository/io/netty/netty-codec-socks/4.1.30.Final/netty-codec-socks-4.1.30.Final.jar:/home/user/.m2/repository/io/netty/netty-transport-native-epoll/4.1.30.Final/netty-transport-native-epoll-4.1.30.Final.jar:/home/user/.m2/repository/io/netty/netty-common/4.1.30.Final/netty-common-4.1.30.Final.jar:/home/user/.m2/repository/io/netty/netty-buffer/4.1.30.Final/netty-buffer-4.1.30.Final.jar:/home/user/.m2/repository/io/netty/netty-transport/4.1.30.Final/netty-transport-4.1.30.Final.jar:/home/user/.m2/repository/io/netty/netty-resolver/4.1.30.Final/netty-resolver-4.1.30.Final.jar:/home/user/.m2/repository/io/netty/netty-transport-native-unix-common/4.1.30.Final/netty-transport-native-unix-common-4.1.30.Final.jar:/home/user/.m2/repository/io/grpc/grpc-protobuf/1.17.1/grpc-protobuf-1.17.1.jar:/home/user/.m2/repository/com/google/api/grpc/proto-google-common-protos/1.0.0/proto-google-common-protos-1.0.0.jar:/home/user/.m2/repository/io/grpc/grpc-protobuf-lite/1.17.1/grpc-protobuf-lite-1.17.1.jar:/home/user/.m2/repository/io/grpc/grpc-stub/1.17.1/grpc-stub-1.17.1.jar:/home/user/.m2/repository/org/apache/hadoop/hadoop-ozone-recon/0.5.0-SNAPSHOT/hadoop-ozone-recon-0.5.0-SNAPSHOT.jar:/home/user/.m2/repository/org/apache/hadoop/hadoop-ozone-reconcodegen/0.5.0-SNAPSHOT/hadoop-ozone-reconcodegen-0.5.0-SNAPSHOT.jar:/home/user/.m2/repository/com/google/inject/extensions/guice-multibindings/4.0/guice-multibindings-4.0.jar:/home/user/.m2/repository/com/google/inject/guice/4.0/guice-4.0.jar:/home/user/.m2/repository/aopalliance/aopalliance/1.0/aopalliance-1.0.jar:/home/user/.m2/repository/com/google/inject/extensions/guice-servlet/4.0/guice-servlet-4.0.jar:/home/user/.m2/repository/org/glassfish/jersey/containers/jersey-container-servlet/2.27/jersey-container-servlet-2.27.jar:/home/user/.m2/repository/org/glassfish/hk2/guice-bridge/2.5.0/guice-bridge-2.5.0.jar:/home/user/.m2/repository/org/glassfish/jersey/core/jersey-server/2.27/jersey-server-2.27.jar:/home/user/.m2/repository/org/glassfish/jersey/core/jersey-client/2.27/jersey-client-2.27.jar:/home/user/.m2/repository/org/glassfish/jersey/media/jersey-media-jaxb/2.27/jersey-media-jaxb-2.27.jar:/home/user/.m2/repository/javax/validation/validation-api/1.1.0.Final/validation-api-1.1.0.Final.jar:/home/user/.m2/repository/org/glassfish/jersey/media/jersey-media-json-jackson/2.27/jersey-media-json-jackson-2.27.jar:/home/user/.m2/repository/org/glassfish/jersey/ext/jersey-entity-filtering/2.27/jersey-entity-filtering-2.27.jar:/home/user/.m2/repository/com/google/inject/extensions/guice-assistedinject/4.0/guice-assistedinject-4.0.jar:/home/user/.m2/repository/org/jooq/jooq/3.11.10/jooq-3.11.10.jar:/home/user/.m2/repository/org/jooq/jooq-meta/3.11.10/jooq-meta-3.11.10.jar:/home/user/.m2/repository/org/jooq/jooq-codegen/3.11.10/jooq-codegen-3.11.10.jar:/home/user/.m2/repository/com/jolbox/bonecp/0.8.0.RELEASE/bonecp-0.8.0.RELEASE.jar:/home/user/.m2/repository/org/springframework/spring-jdbc/5.1.3.RELEASE/spring-jdbc-5.1.3.RELEASE.jar:/home/user/.m2/repository/org/springframework/spring-beans/5.1.3.RELEASE/spring-beans-5.1.3.RELEASE.jar:/home/user/.m2/repository/org/springframework/spring-core/5.1.3.RELEASE/spring-core-5.1.3.RELEASE.jar:/home/user/.m2/repository/org/springframework/spring-jcl/5.1.3.RELEASE/spring-jcl-5.1.3.RELEASE.jar:/home/user/.m2/repository/org/springframework/spring-tx/5.1.3.RELEASE/spring-tx-5.1.3.RELEASE.jar:/home/user/.m2/repository/org/mockito/mockito-core/2.15.0/mockito-core-2.15.0.jar:/home/user/.m2/repository/net/bytebuddy/byte-buddy/1.7.9/byte-buddy-1.7.9.jar:/home/user/.m2/repository/net/bytebuddy/byte-buddy-agent/1.7.9/byte-buddy-agent-1.7.9.jar:/home/user/.m2/repository/org/objenesis/objenesis/1.0/objenesis-1.0.jar:"/>
    <property name="sun.cpu.endian" value="little"/>
    <property name="user.home" value="/home/user"/>
    <property name="user.language" value="en"/>
    <property name="java.specification.vendor" value="Oracle Corporation"/>
    <property name="java.home" value="/usr/lib/jvm/java-1.8-openjdk/jre"/>
    <property name="java.security.krb5.conf" value="/workdir/hadoop-ozone/tools/target/test-classes/krb5.conf"/>
    <property name="basedir" value="/workdir/hadoop-ozone/tools"/>
    <property name="file.separator" value="/"/>
    <property name="line.separator" value="&#10;"/>
    <property name="java.vm.specification.vendor" value="Oracle Corporation"/>
    <property name="java.specification.name" value="Java Platform API Specification"/>
    <property name="java.awt.graphicsenv" value="sun.awt.X11GraphicsEnvironment"/>
    <property name="surefire.real.class.path" value="/workdir/hadoop-ozone/tools/target/surefire/surefirebooter8777312609089079747.jar"/>
    <property name="hadoop.log.dir" value="/workdir/hadoop-ozone/tools/target/log"/>
    <property name="sun.boot.class.path" value="/usr/lib/jvm/java-1.8-openjdk/jre/lib/resources.jar:/usr/lib/jvm/java-1.8-openjdk/jre/lib/rt.jar:/usr/lib/jvm/java-1.8-openjdk/jre/lib/sunrsasign.jar:/usr/lib/jvm/java-1.8-openjdk/jre/lib/jsse.jar:/usr/lib/jvm/java-1.8-openjdk/jre/lib/jce.jar:/usr/lib/jvm/java-1.8-openjdk/jre/lib/charsets.jar:/usr/lib/jvm/java-1.8-openjdk/jre/lib/jfr.jar:/usr/lib/jvm/java-1.8-openjdk/jre/classes"/>
    <property name="sun.management.compiler" value="HotSpot 64-Bit Tiered Compilers"/>
    <property name="java.runtime.version" value="1.8.0_212-b04"/>
    <property name="java.net.preferIPv4Stack" value="true"/>
    <property name="user.name" value="jenkins1000"/>
    <property name="path.separator" value=":"/>
    <property name="java.security.egd" value="file:///dev/urandom"/>
    <property name="os.version" value="3.10.0-957.12.2.el7.x86_64"/>
    <property name="java.endorsed.dirs" value="/usr/lib/jvm/java-1.8-openjdk/jre/lib/endorsed"/>
    <property name="java.runtime.name" value="OpenJDK Runtime Environment"/>
    <property name="file.encoding" value="UTF-8"/>
    <property name="java.vm.name" value="OpenJDK 64-Bit Server VM"/>
    <property name="test.build.webapps" value=""/>
    <property name="localRepository" value="/home/user/.m2/repository"/>
    <property name="java.vendor.url.bug" value="https://icedtea.classpath.org/bugzilla"/>
    <property name="java.io.tmpdir" value="/tmp"/>
    <property name="require.test.libhadoop" value=""/>
    <property name="java.version" value="1.8.0_212"/>
    <property name="user.dir" value="/workdir/hadoop-ozone/tools"/>
    <property name="os.arch" value="amd64"/>
    <property name="java.vm.specification.name" value="Java Virtual Machine Specification"/>
    <property name="test.build.classes" value="/workdir/hadoop-ozone/tools/target/test-classes"/>
    <property name="java.awt.printerjob" value="sun.print.PSPrinterJob"/>
    <property name="sun.os.patch.level" value="unknown"/>
    <property name="hadoop.tmp.dir" value="/workdir/hadoop-ozone/tools/target/tmp"/>
    <property name="java.library.path" value="/usr/lib/jvm/java-1.8-openjdk/jre/lib/amd64/server:/usr/lib/jvm/java-1.8-openjdk/jre/lib/amd64:/usr/lib/jvm/java-1.8-openjdk/jre/../lib/amd64:/workdir/hadoop-ozone/tools/target/native/target/usr/local/lib:/workdir/hadoop-ozone/tools/../../hadoop-common-project/hadoop-common/target/native/target/usr/local/lib:/usr/java/packages/lib/amd64:/usr/lib64:/lib64:/lib:/usr/lib"/>
    <property name="java.vm.info" value="mixed mode"/>
    <property name="java.vendor" value="IcedTea"/>
    <property name="java.vm.version" value="25.212-b04"/>
    <property name="java.ext.dirs" value="/usr/lib/jvm/java-1.8-openjdk/jre/lib/ext:/usr/java/packages/lib/ext"/>
    <property name="sun.io.unicode.encoding" value="UnicodeLittle"/>
    <property name="java.class.version" value="52.0"/>
  </properties>
  <testcase name="ratisTestLargeKey" classname="org.apache.hadoop.ozone.freon.TestDataValidateWithSafeByteOperations" time="10.495">
    <error message="Allocated 0 blocks. Requested 5 blocks" type="INTERNAL_ERROR org.apache.hadoop.ozone.om.exceptions.OMException">INTERNAL_ERROR org.apache.hadoop.ozone.om.exceptions.OMException: Allocated 0 blocks. Requested 5 blocks
	at org.apache.hadoop.ozone.om.protocolPB.OzoneManagerProtocolClientSideTranslatorPB.handleError(OzoneManagerProtocolClientSideTranslatorPB.java:725)
	at org.apache.hadoop.ozone.om.protocolPB.OzoneManagerProtocolClientSideTranslatorPB.openKey(OzoneManagerProtocolClientSideTranslatorPB.java:716)
	at org.apache.hadoop.ozone.client.rpc.RpcClient.createKey(RpcClient.java:615)
	at org.apache.hadoop.ozone.client.OzoneBucket.createKey(OzoneBucket.java:323)
	at org.apache.hadoop.ozone.freon.RandomKeyGenerator.createKey(RandomKeyGenerator.java:686)
	at org.apache.hadoop.ozone.freon.RandomKeyGenerator.access$1100(RandomKeyGenerator.java:87)
	at org.apache.hadoop.ozone.freon.RandomKeyGenerator$ObjectCreator.run(RandomKeyGenerator.java:606)
	at java.util.concurrent.Executors$RunnableAdapter.call(Executors.java:511)
	at java.util.concurrent.FutureTask.run(FutureTask.java:266)
	at java.util.concurrent.ThreadPoolExecutor.runWorker(ThreadPoolExecutor.java:1149)
	at java.util.concurrent.ThreadPoolExecutor$Worker.run(ThreadPoolExecutor.java:624)
	at java.lang.Thread.run(Thread.java:748)
</error>
    <system-out><![CDATA[2019-09-20 08:51:53,288 [main] WARN  server.ServerUtils (ServerUtils.java:getScmDbDir(145)) - ozone.scm.db.dirs is not configured. We recommend adding this setting. Falling back to ozone.metadata.dirs instead.
2019-09-20 08:51:53,411 [main] WARN  server.ServerUtils (ServerUtils.java:getScmDbDir(145)) - ozone.scm.db.dirs is not configured. We recommend adding this setting. Falling back to ozone.metadata.dirs instead.
2019-09-20 08:51:53,415 [main] WARN  server.ServerUtils (ServerUtils.java:getScmDbDir(145)) - ozone.scm.db.dirs is not configured. We recommend adding this setting. Falling back to ozone.metadata.dirs instead.
2019-09-20 08:51:53,432 [main] INFO  util.log (Log.java:initialized(192)) - Logging initialized @967ms
2019-09-20 08:51:53,555 [main] INFO  db.DBStoreBuilder (DBStoreBuilder.java:addTable(110)) - using custom profile for table: deletedBlocks
2019-09-20 08:51:53,556 [main] INFO  db.DBStoreBuilder (DBStoreBuilder.java:processTables(161)) - Using default column profile:DBProfile.DISK for Table:deletedBlocks
2019-09-20 08:51:53,556 [main] INFO  db.DBStoreBuilder (DBStoreBuilder.java:addTable(110)) - using custom profile for table: validCerts
2019-09-20 08:51:53,556 [main] INFO  db.DBStoreBuilder (DBStoreBuilder.java:processTables(161)) - Using default column profile:DBProfile.DISK for Table:validCerts
2019-09-20 08:51:53,557 [main] INFO  db.DBStoreBuilder (DBStoreBuilder.java:addTable(110)) - using custom profile for table: revokedCerts
2019-09-20 08:51:53,557 [main] INFO  db.DBStoreBuilder (DBStoreBuilder.java:processTables(161)) - Using default column profile:DBProfile.DISK for Table:revokedCerts
2019-09-20 08:51:53,570 [main] INFO  db.DBStoreBuilder (DBStoreBuilder.java:addTable(110)) - using custom profile for table: default
2019-09-20 08:51:53,570 [main] INFO  db.DBStoreBuilder (DBStoreBuilder.java:processTables(167)) - Using default column profile:DBProfile.DISK for Table:default
2019-09-20 08:51:53,571 [main] INFO  db.DBStoreBuilder (DBStoreBuilder.java:getDbProfile(198)) - Using default options. DBProfile.DISK
2019-09-20 08:51:53,889 [main] INFO  net.NodeSchemaLoader (NodeSchemaLoader.java:loadSchemaFromFile(125)) - Loading file from sun.misc.CompoundEnumeration@3835c46
2019-09-20 08:51:53,892 [main] INFO  net.NodeSchemaLoader (NodeSchemaLoader.java:loadSchema(171)) - Loading network topology layer schema file
2019-09-20 08:51:53,975 [main] WARN  server.ServerUtils (ServerUtils.java:sanitizeUserArgs(70)) - ozone.scm.stale.node.interval value = 300000 is larger than max = 100000 based on the key value of ozone.scm.heartbeat.thread.interval, reset to the max value 100000.
2019-09-20 08:51:53,977 [main] WARN  server.ServerUtils (ServerUtils.java:sanitizeUserArgs(70)) - ozone.scm.stale.node.interval value = 300000 is larger than max = 100000 based on the key value of ozone.scm.heartbeat.thread.interval, reset to the max value 100000.
2019-09-20 08:51:53,980 [main] INFO  node.SCMNodeManager (SCMNodeManager.java:<init>(121)) - Entering startup safe mode.
2019-09-20 08:51:54,050 [main] INFO  algorithms.ContainerPlacementPolicyFactory (ContainerPlacementPolicyFactory.java:getPolicy(56)) - Create container placement policy of type org.apache.hadoop.hdds.scm.container.placement.algorithms.SCMContainerPlacementRandom
2019-09-20 08:51:54,066 [main] WARN  server.ServerUtils (ServerUtils.java:getScmDbDir(145)) - ozone.scm.db.dirs is not configured. We recommend adding this setting. Falling back to ozone.metadata.dirs instead.
2019-09-20 08:51:54,235 [main] INFO  pipeline.SCMPipelineManager (SCMPipelineManager.java:initializePipelineState(126)) - No pipeline exists in current db
2019-09-20 08:51:54,239 [main] WARN  server.ServerUtils (ServerUtils.java:getScmDbDir(145)) - ozone.scm.db.dirs is not configured. We recommend adding this setting. Falling back to ozone.metadata.dirs instead.
2019-09-20 08:51:54,415 [main] WARN  events.EventQueue (EventQueue.java:fireEvent(175)) - No event handler registered for event TypedEvent{payloadType=SafeModeStatus, name='SafeModeStatus'}
2019-09-20 08:51:54,960 [main] INFO  ipc.CallQueueManager (CallQueueManager.java:<init>(84)) - Using callQueue: class java.util.concurrent.LinkedBlockingQueue, queueCapacity: 2000, scheduler: class org.apache.hadoop.ipc.DefaultRpcScheduler, ipcBackoff: false.
2019-09-20 08:51:55,346 [Socket Reader #1 for port 41654] INFO  ipc.Server (Server.java:run(1074)) - Starting Socket Reader #1 for port 41654
2019-09-20 08:51:55,379 [main] INFO  ipc.CallQueueManager (CallQueueManager.java:<init>(84)) - Using callQueue: class java.util.concurrent.LinkedBlockingQueue, queueCapacity: 2000, scheduler: class org.apache.hadoop.ipc.DefaultRpcScheduler, ipcBackoff: false.
2019-09-20 08:51:55,380 [Socket Reader #1 for port 37160] INFO  ipc.Server (Server.java:run(1074)) - Starting Socket Reader #1 for port 37160
2019-09-20 08:51:55,390 [main] INFO  ipc.CallQueueManager (CallQueueManager.java:<init>(84)) - Using callQueue: class java.util.concurrent.LinkedBlockingQueue, queueCapacity: 2000, scheduler: class org.apache.hadoop.ipc.DefaultRpcScheduler, ipcBackoff: false.
2019-09-20 08:51:55,391 [Socket Reader #1 for port 40007] INFO  ipc.Server (Server.java:run(1074)) - Starting Socket Reader #1 for port 40007
2019-09-20 08:51:55,416 [main] INFO  hdfs.DFSUtil (DFSUtil.java:httpServerTemplateForNNAndJN(1641)) - Starting Web-server for scm at: http://0.0.0.0:0
2019-09-20 08:51:55,569 [main] INFO  server.AuthenticationFilter (AuthenticationFilter.java:constructSecretProvider(240)) - Unable to initialize FileSignerSecretProvider, falling back to use random secrets.
2019-09-20 08:51:55,585 [main] WARN  http.HttpRequestLog (HttpRequestLog.java:getRequestLog(97)) - Jetty request log can only be enabled using Log4j
2019-09-20 08:51:55,594 [main] INFO  http.HttpServer2 (HttpServer2.java:addGlobalFilter(975)) - Added global filter 'safety' (class=org.apache.hadoop.http.HttpServer2$QuotingInputFilter)
2019-09-20 08:51:55,597 [main] INFO  http.HttpServer2 (HttpServer2.java:addFilter(948)) - Added filter static_user_filter (class=org.apache.hadoop.http.lib.StaticUserWebFilter$StaticUserFilter) to context scm
2019-09-20 08:51:55,597 [main] INFO  http.HttpServer2 (HttpServer2.java:addFilter(958)) - Added filter static_user_filter (class=org.apache.hadoop.http.lib.StaticUserWebFilter$StaticUserFilter) to context logs
2019-09-20 08:51:55,597 [main] INFO  http.HttpServer2 (HttpServer2.java:addFilter(958)) - Added filter static_user_filter (class=org.apache.hadoop.http.lib.StaticUserWebFilter$StaticUserFilter) to context static
2019-09-20 08:51:55,623 [main] INFO  server.StorageContainerManager (StorageContainerManager.java:start(759)) - StorageContainerLocationProtocol RPC server is listening at /0.0.0.0:40007
2019-09-20 08:51:55,678 [main] WARN  impl.MetricsConfig (MetricsConfig.java:loadFirst(134)) - Cannot locate configuration: tried hadoop-metrics2-storagecontainermanager.properties,hadoop-metrics2.properties
2019-09-20 08:51:55,691 [main] INFO  impl.MetricsSystemImpl (MetricsSystemImpl.java:startTimer(374)) - Scheduled Metric snapshot period at 10 second(s).
2019-09-20 08:51:55,692 [main] INFO  impl.MetricsSystemImpl (MetricsSystemImpl.java:start(191)) - StorageContainerManager metrics system started
2019-09-20 08:51:55,951 [main] INFO  server.SCMClientProtocolServer (SCMClientProtocolServer.java:start(151)) - RPC server for Client  is listening at /0.0.0.0:40007
2019-09-20 08:51:55,951 [IPC Server Responder] INFO  ipc.Server (Server.java:run(1314)) - IPC Server Responder: starting
2019-09-20 08:51:55,951 [IPC Server listener on 40007] INFO  ipc.Server (Server.java:run(1153)) - IPC Server listener on 40007: starting
2019-09-20 08:51:55,954 [main] INFO  server.StorageContainerManager (StorageContainerManager.java:start(769)) - ScmBlockLocationProtocol RPC server is listening at /0.0.0.0:37160
2019-09-20 08:51:55,955 [main] INFO  server.SCMBlockProtocolServer (SCMBlockProtocolServer.java:start(140)) - RPC server for Block Protocol is listening at /0.0.0.0:37160
2019-09-20 08:51:55,955 [IPC Server Responder] INFO  ipc.Server (Server.java:run(1314)) - IPC Server Responder: starting
2019-09-20 08:51:55,955 [IPC Server listener on 37160] INFO  ipc.Server (Server.java:run(1153)) - IPC Server listener on 37160: starting
2019-09-20 08:51:55,958 [main] INFO  server.StorageContainerManager (StorageContainerManager.java:start(773)) - ScmDatanodeProtocl RPC server is listening at /0.0.0.0:41654
2019-09-20 08:51:55,958 [main] INFO  server.SCMDatanodeProtocolServer (SCMDatanodeProtocolServer.java:start(191)) - RPC server for DataNodes is listening at /0.0.0.0:41654
2019-09-20 08:51:55,959 [IPC Server Responder] INFO  ipc.Server (Server.java:run(1314)) - IPC Server Responder: starting
2019-09-20 08:51:55,959 [IPC Server listener on 41654] INFO  ipc.Server (Server.java:run(1153)) - IPC Server listener on 41654: starting
2019-09-20 08:51:55,963 [main] INFO  http.HttpServer2 (HttpServer2.java:bindListener(1191)) - Jetty bound to port 43832
2019-09-20 08:51:55,965 [main] INFO  server.Server (Server.java:doStart(351)) - jetty-9.3.24.v20180605, build timestamp: 2018-06-05T17:11:56Z, git hash: 84205aa28f11a4f31f2a3b86d1bba2cc8ab69827
2019-09-20 08:51:56,001 [main] INFO  handler.ContextHandler (ContextHandler.java:doStart(781)) - Started o.e.j.s.ServletContextHandler@4e70a728{/logs,file:///workdir/hadoop-ozone/tools/target/log,AVAILABLE}
2019-09-20 08:51:56,002 [main] INFO  handler.ContextHandler (ContextHandler.java:doStart(781)) - Started o.e.j.s.ServletContextHandler@1c3146bc{/static,jar:file:/home/user/.m2/repository/org/apache/hadoop/hadoop-hdds-server-scm/0.5.0-SNAPSHOT/hadoop-hdds-server-scm-0.5.0-SNAPSHOT.jar!/webapps/static,AVAILABLE}
2019-09-20 08:51:56,086 [main] INFO  handler.ContextHandler (ContextHandler.java:doStart(781)) - Started o.e.j.w.WebAppContext@72efb5c1{/,file:///tmp/jetty-0.0.0.0-43832-scm-_-any-4017796130880338759.dir/webapp/,AVAILABLE}{/scm}
2019-09-20 08:51:56,094 [main] INFO  server.AbstractConnector (AbstractConnector.java:doStart(278)) - Started ServerConnector@7a0e1b5e{HTTP/1.1,[http/1.1]}{0.0.0.0:43832}
2019-09-20 08:51:56,095 [main] INFO  server.Server (Server.java:doStart(419)) - Started @3630ms
2019-09-20 08:51:56,096 [main] INFO  server.BaseHttpServer (BaseHttpServer.java:updateConnectorAddress(213)) - HTTP server of SCM is listening at http://0.0.0.0:43832
2019-09-20 08:51:56,104 [org.apache.hadoop.util.JvmPauseMonitor$Monitor@15bcf458] INFO  util.JvmPauseMonitor (JvmPauseMonitor.java:run(188)) - Starting JVM pause monitor
2019-09-20 08:51:56,108 [main] WARN  server.ServerUtils (ServerUtils.java:getDBPath(222)) - ozone.om.db.dirs is not configured. We recommend adding this setting. Falling back to ozone.metadata.dirs instead.
2019-09-20 08:51:56,265 [main] WARN  server.ServerUtils (ServerUtils.java:getDBPath(222)) - ozone.om.db.dirs is not configured. We recommend adding this setting. Falling back to ozone.metadata.dirs instead.
2019-09-20 08:51:56,266 [main] WARN  server.ServerUtils (ServerUtils.java:getDBPath(222)) - ozone.om.db.dirs is not configured. We recommend adding this setting. Falling back to ozone.metadata.dirs instead.
2019-09-20 08:51:56,267 [main] INFO  om.OzoneManager (OzoneManager.java:setOMNodeDetails(645)) - OM Service ID is not set. Setting it to the default ID: omServiceIdDefault
2019-09-20 08:51:56,268 [main] INFO  om.OzoneManager (OzoneManager.java:setOMNodeDetails(651)) - OM Node ID is not set. Setting it to the OmStorage's OmID: 5a3af98b-a9db-4f05-bcae-222a3f2838c6
2019-09-20 08:51:56,269 [main] INFO  om.OzoneManager (OzoneManager.java:loadOMHAConfigs(602)) - Found matching OM address with OMServiceId: null, OMNodeId: null, RPC Address: localhost:0 and Ratis port: 9872
2019-09-20 08:51:56,533 | INFO  | SCMAudit | user=jenkins1000 | ip=192.168.36.79 | op=GET_SCM_INFO null | ret=SUCCESS |  
2019-09-20 08:51:57,017 [main] WARN  server.ServerUtils (ServerUtils.java:getDBPath(222)) - ozone.om.db.dirs is not configured. We recommend adding this setting. Falling back to ozone.metadata.dirs instead.
2019-09-20 08:51:57,027 [main] INFO  db.DBStoreBuilder (DBStoreBuilder.java:addTable(110)) - using custom profile for table: userTable
2019-09-20 08:51:57,028 [main] INFO  db.DBStoreBuilder (DBStoreBuilder.java:processTables(161)) - Using default column profile:DBProfile.DISK for Table:userTable
2019-09-20 08:51:57,028 [main] INFO  db.DBStoreBuilder (DBStoreBuilder.java:addTable(110)) - using custom profile for table: volumeTable
2019-09-20 08:51:57,028 [main] INFO  db.DBStoreBuilder (DBStoreBuilder.java:processTables(161)) - Using default column profile:DBProfile.DISK for Table:volumeTable
2019-09-20 08:51:57,029 [main] INFO  db.DBStoreBuilder (DBStoreBuilder.java:addTable(110)) - using custom profile for table: bucketTable
2019-09-20 08:51:57,029 [main] INFO  db.DBStoreBuilder (DBStoreBuilder.java:processTables(161)) - Using default column profile:DBProfile.DISK for Table:bucketTable
2019-09-20 08:51:57,029 [main] INFO  db.DBStoreBuilder (DBStoreBuilder.java:addTable(110)) - using custom profile for table: keyTable
2019-09-20 08:51:57,030 [main] INFO  db.DBStoreBuilder (DBStoreBuilder.java:processTables(161)) - Using default column profile:DBProfile.DISK for Table:keyTable
2019-09-20 08:51:57,030 [main] INFO  db.DBStoreBuilder (DBStoreBuilder.java:addTable(110)) - using custom profile for table: deletedTable
2019-09-20 08:51:57,030 [main] INFO  db.DBStoreBuilder (DBStoreBuilder.java:processTables(161)) - Using default column profile:DBProfile.DISK for Table:deletedTable
2019-09-20 08:51:57,031 [main] INFO  db.DBStoreBuilder (DBStoreBuilder.java:addTable(110)) - using custom profile for table: openKeyTable
2019-09-20 08:51:57,031 [main] INFO  db.DBStoreBuilder (DBStoreBuilder.java:processTables(161)) - Using default column profile:DBProfile.DISK for Table:openKeyTable
2019-09-20 08:51:57,031 [main] INFO  db.DBStoreBuilder (DBStoreBuilder.java:addTable(110)) - using custom profile for table: s3Table
2019-09-20 08:51:57,032 [main] INFO  db.DBStoreBuilder (DBStoreBuilder.java:processTables(161)) - Using default column profile:DBProfile.DISK for Table:s3Table
2019-09-20 08:51:57,032 [main] INFO  db.DBStoreBuilder (DBStoreBuilder.java:addTable(110)) - using custom profile for table: multipartInfoTable
2019-09-20 08:51:57,032 [main] INFO  db.DBStoreBuilder (DBStoreBuilder.java:processTables(161)) - Using default column profile:DBProfile.DISK for Table:multipartInfoTable
2019-09-20 08:51:57,033 [main] INFO  db.DBStoreBuilder (DBStoreBuilder.java:addTable(110)) - using custom profile for table: dTokenTable
2019-09-20 08:51:57,033 [main] INFO  db.DBStoreBuilder (DBStoreBuilder.java:processTables(161)) - Using default column profile:DBProfile.DISK for Table:dTokenTable
2019-09-20 08:51:57,033 [main] INFO  db.DBStoreBuilder (DBStoreBuilder.java:addTable(110)) - using custom profile for table: s3SecretTable
2019-09-20 08:51:57,033 [main] INFO  db.DBStoreBuilder (DBStoreBuilder.java:processTables(161)) - Using default column profile:DBProfile.DISK for Table:s3SecretTable
2019-09-20 08:51:57,034 [main] INFO  db.DBStoreBuilder (DBStoreBuilder.java:addTable(110)) - using custom profile for table: prefixTable
2019-09-20 08:51:57,034 [main] INFO  db.DBStoreBuilder (DBStoreBuilder.java:processTables(161)) - Using default column profile:DBProfile.DISK for Table:prefixTable
2019-09-20 08:51:57,035 [main] INFO  db.DBStoreBuilder (DBStoreBuilder.java:addTable(110)) - using custom profile for table: default
2019-09-20 08:51:57,035 [main] INFO  db.DBStoreBuilder (DBStoreBuilder.java:processTables(167)) - Using default column profile:DBProfile.DISK for Table:default
2019-09-20 08:51:57,035 [main] INFO  db.DBStoreBuilder (DBStoreBuilder.java:getDbProfile(198)) - Using default options. DBProfile.DISK
2019-09-20 08:51:57,605 [main] INFO  ipc.CallQueueManager (CallQueueManager.java:<init>(84)) - Using callQueue: class java.util.concurrent.LinkedBlockingQueue, queueCapacity: 2000, scheduler: class org.apache.hadoop.ipc.DefaultRpcScheduler, ipcBackoff: false.
2019-09-20 08:51:57,606 [Socket Reader #1 for port 43834] INFO  ipc.Server (Server.java:run(1074)) - Starting Socket Reader #1 for port 43834
2019-09-20 08:51:57,626 [main] INFO  om.OzoneManager (OzoneManager.java:start(1256)) - OzoneManager RPC server is listening at localhost/127.0.0.1:43834
2019-09-20 08:51:57,627 [main] INFO  impl.MetricsSystemImpl (MetricsSystemImpl.java:init(158)) - OzoneManager metrics system started (again)
2019-09-20 08:51:57,628 [IPC Server Responder] INFO  ipc.Server (Server.java:run(1314)) - IPC Server Responder: starting
2019-09-20 08:51:57,628 [IPC Server listener on 43834] INFO  ipc.Server (Server.java:run(1153)) - IPC Server listener on 43834: starting
2019-09-20 08:51:57,634 [main] INFO  hdfs.DFSUtil (DFSUtil.java:httpServerTemplateForNNAndJN(1641)) - Starting Web-server for ozoneManager at: http://0.0.0.0:0
2019-09-20 08:51:57,636 [main] INFO  server.AuthenticationFilter (AuthenticationFilter.java:constructSecretProvider(240)) - Unable to initialize FileSignerSecretProvider, falling back to use random secrets.
2019-09-20 08:51:57,636 [main] WARN  http.HttpRequestLog (HttpRequestLog.java:getRequestLog(97)) - Jetty request log can only be enabled using Log4j
2019-09-20 08:51:57,638 [main] INFO  http.HttpServer2 (HttpServer2.java:addGlobalFilter(975)) - Added global filter 'safety' (class=org.apache.hadoop.http.HttpServer2$QuotingInputFilter)
2019-09-20 08:51:57,640 [main] INFO  http.HttpServer2 (HttpServer2.java:addFilter(948)) - Added filter static_user_filter (class=org.apache.hadoop.http.lib.StaticUserWebFilter$StaticUserFilter) to context ozoneManager
2019-09-20 08:51:57,640 [main] INFO  http.HttpServer2 (HttpServer2.java:addFilter(958)) - Added filter static_user_filter (class=org.apache.hadoop.http.lib.StaticUserWebFilter$StaticUserFilter) to context logs
2019-09-20 08:51:57,640 [main] INFO  http.HttpServer2 (HttpServer2.java:addFilter(958)) - Added filter static_user_filter (class=org.apache.hadoop.http.lib.StaticUserWebFilter$StaticUserFilter) to context static
2019-09-20 08:51:57,683 [main] INFO  http.HttpServer2 (HttpServer2.java:bindListener(1191)) - Jetty bound to port 38298
2019-09-20 08:51:57,684 [main] INFO  server.Server (Server.java:doStart(351)) - jetty-9.3.24.v20180605, build timestamp: 2018-06-05T17:11:56Z, git hash: 84205aa28f11a4f31f2a3b86d1bba2cc8ab69827
2019-09-20 08:51:57,686 [main] INFO  handler.ContextHandler (ContextHandler.java:doStart(781)) - Started o.e.j.s.ServletContextHandler@782168b7{/logs,file:///workdir/hadoop-ozone/tools/target/log,AVAILABLE}
2019-09-20 08:51:57,687 [main] INFO  handler.ContextHandler (ContextHandler.java:doStart(781)) - Started o.e.j.s.ServletContextHandler@7435a578{/static,jar:file:/home/user/.m2/repository/org/apache/hadoop/hadoop-ozone-ozone-manager/0.5.0-SNAPSHOT/hadoop-ozone-ozone-manager-0.5.0-SNAPSHOT.jar!/webapps/static,AVAILABLE}
2019-09-20 08:51:57,748 [main] INFO  handler.ContextHandler (ContextHandler.java:doStart(781)) - Started o.e.j.w.WebAppContext@10876a6{/,file:///tmp/jetty-0.0.0.0-38298-ozoneManager-_-any-6135487129336748509.dir/webapp/,AVAILABLE}{/ozoneManager}
2019-09-20 08:51:57,749 [main] INFO  server.AbstractConnector (AbstractConnector.java:doStart(278)) - Started ServerConnector@71870da7{HTTP/1.1,[http/1.1]}{0.0.0.0:38298}
2019-09-20 08:51:57,750 [main] INFO  server.Server (Server.java:doStart(419)) - Started @5285ms
2019-09-20 08:51:57,751 [main] INFO  server.BaseHttpServer (BaseHttpServer.java:updateConnectorAddress(213)) - HTTP server of OZONEMANAGER is listening at http://0.0.0.0:38298
2019-09-20 08:51:58,094 [main] INFO  impl.MetricsSystemImpl (MetricsSystemImpl.java:init(158)) - HddsDatanode metrics system started (again)
2019-09-20 08:51:58,205 [main] INFO  ozone.HddsDatanodeService (HddsDatanodeService.java:start(184)) - HddsDatanodeService host:pr-hdds-1569-s8kj2-2266485376 ip:192.168.36.79
2019-09-20 08:51:58,246 [main] INFO  volume.HddsVolume (HddsVolume.java:<init>(176)) - Creating Volume: /workdir/hadoop-ozone/tools/target/test-dir/MiniOzoneClusterImpl-da4e238f-9df3-4b07-9cd3-d36e1b7a1734/datanode-0/data/containers/hdds of  storage type : DISK and capacity : 1482555576320
2019-09-20 08:51:58,249 [main] INFO  volume.VolumeSet (VolumeSet.java:initializeVolumeSet(170)) - Added Volume : /workdir/hadoop-ozone/tools/target/test-dir/MiniOzoneClusterImpl-da4e238f-9df3-4b07-9cd3-d36e1b7a1734/datanode-0/data/containers/hdds to VolumeSet
2019-09-20 08:51:58,254 [main] INFO  volume.ThrottledAsyncChecker (ThrottledAsyncChecker.java:schedule(140)) - Scheduling a check for org.apache.hadoop.ozone.container.common.volume.HddsVolume@ce9b9a9
2019-09-20 08:51:58,275 [main] INFO  volume.HddsVolumeChecker (HddsVolumeChecker.java:checkAllVolumes(203)) - Scheduled health check for volume org.apache.hadoop.ozone.container.common.volume.HddsVolume@ce9b9a9
2019-09-20 08:51:58,386 [main] INFO  impl.RaftServerProxy (ConfUtils.java:logGet(43)) - raft.rpc.type = GRPC (default)
2019-09-20 08:51:58,473 [main] INFO  grpc.GrpcFactory (GrpcFactory.java:checkPooledByteBufAllocatorUseCacheForAllThreads(45)) - PERFORMANCE WARNING: useCacheForAllThreads is true that may cause Netty to create a lot garbage objects and, as a result, trigger GC.
	It is recommended to disable useCacheForAllThreads by setting -Dorg.apache.ratis.thirdparty.io.netty.allocator.useCacheForAllThreads=false in command line.
2019-09-20 08:51:58,478 [main] INFO  grpc.GrpcConfigKeys$Server (ConfUtils.java:logGet(43)) - raft.grpc.server.port = 0 (default)
2019-09-20 08:51:58,479 [main] INFO  server.GrpcService (ConfUtils.java:logGet(43)) - raft.grpc.message.size.max = 33570816 (custom)
2019-09-20 08:51:58,480 [main] INFO  server.RaftServerConfigKeys (ConfUtils.java:logGet(43)) - raft.server.log.appender.buffer.byte-limit = 33554432 (custom)
2019-09-20 08:51:58,481 [main] INFO  server.GrpcService (ConfUtils.java:logGet(43)) - raft.grpc.flow.control.window = 1MB (=1048576) (default)
2019-09-20 08:51:58,482 [main] INFO  server.RaftServerConfigKeys (ConfUtils.java:logGet(43)) - raft.server.rpc.request.timeout = 3000ms (default)
2019-09-20 08:51:58,641 [main] INFO  server.RaftServerConfigKeys (ConfUtils.java:logGet(43)) - raft.server.storage.dir = [/workdir/hadoop-ozone/tools/target/test-dir/MiniOzoneClusterImpl-da4e238f-9df3-4b07-9cd3-d36e1b7a1734/datanode-0/data/ratis] (custom)
2019-09-20 08:51:58,672 [main] INFO  replication.SimpleContainerDownloader (SimpleContainerDownloader.java:<init>(72)) - Starting container downloader service to copy containers to replicate.
2019-09-20 08:51:58,682 [main] INFO  hdfs.DFSUtil (DFSUtil.java:httpServerTemplateForNNAndJN(1641)) - Starting Web-server for hddsDatanode at: http://0.0.0.0:0
2019-09-20 08:51:58,684 [main] INFO  server.AuthenticationFilter (AuthenticationFilter.java:constructSecretProvider(240)) - Unable to initialize FileSignerSecretProvider, falling back to use random secrets.
2019-09-20 08:51:58,685 [main] WARN  http.HttpRequestLog (HttpRequestLog.java:getRequestLog(97)) - Jetty request log can only be enabled using Log4j
2019-09-20 08:51:58,686 [main] INFO  http.HttpServer2 (HttpServer2.java:addGlobalFilter(975)) - Added global filter 'safety' (class=org.apache.hadoop.http.HttpServer2$QuotingInputFilter)
2019-09-20 08:51:58,686 [main] INFO  http.HttpServer2 (HttpServer2.java:addFilter(948)) - Added filter static_user_filter (class=org.apache.hadoop.http.lib.StaticUserWebFilter$StaticUserFilter) to context hddsDatanode
2019-09-20 08:51:58,687 [main] INFO  http.HttpServer2 (HttpServer2.java:addFilter(958)) - Added filter static_user_filter (class=org.apache.hadoop.http.lib.StaticUserWebFilter$StaticUserFilter) to context logs
2019-09-20 08:51:58,687 [main] INFO  http.HttpServer2 (HttpServer2.java:addFilter(958)) - Added filter static_user_filter (class=org.apache.hadoop.http.lib.StaticUserWebFilter$StaticUserFilter) to context static
2019-09-20 08:51:58,687 [main] INFO  http.HttpServer2 (HttpServer2.java:bindListener(1191)) - Jetty bound to port 41321
2019-09-20 08:51:58,688 [main] INFO  server.Server (Server.java:doStart(351)) - jetty-9.3.24.v20180605, build timestamp: 2018-06-05T17:11:56Z, git hash: 84205aa28f11a4f31f2a3b86d1bba2cc8ab69827
2019-09-20 08:51:58,689 [main] INFO  handler.ContextHandler (ContextHandler.java:doStart(781)) - Started o.e.j.s.ServletContextHandler@75d982d3{/logs,file:///workdir/hadoop-ozone/tools/target/log,AVAILABLE}
2019-09-20 08:51:58,690 [main] INFO  handler.ContextHandler (ContextHandler.java:doStart(781)) - Started o.e.j.s.ServletContextHandler@618ff5c2{/static,jar:file:/home/user/.m2/repository/org/apache/hadoop/hadoop-hdds-container-service/0.5.0-SNAPSHOT/hadoop-hdds-container-service-0.5.0-SNAPSHOT.jar!/webapps/static,AVAILABLE}
2019-09-20 08:51:58,715 [main] INFO  handler.ContextHandler (ContextHandler.java:doStart(781)) - Started o.e.j.w.WebAppContext@74ea46e2{/,file:///tmp/jetty-0.0.0.0-41321-hddsDatanode-_-any-4787554021000451637.dir/webapp/,AVAILABLE}{/hddsDatanode}
2019-09-20 08:51:58,716 [main] INFO  server.AbstractConnector (AbstractConnector.java:doStart(278)) - Started ServerConnector@6f911326{HTTP/1.1,[http/1.1]}{0.0.0.0:41321}
2019-09-20 08:51:58,717 [main] INFO  server.Server (Server.java:doStart(419)) - Started @6253ms
2019-09-20 08:51:58,718 [main] INFO  server.BaseHttpServer (BaseHttpServer.java:updateConnectorAddress(213)) - HTTP server of HDDSDATANODE is listening at http://0.0.0.0:41321
2019-09-20 08:51:59,879 | INFO  | ObjectStoreRestHttpServer | Listening HDDS REST traffic on /0.0.0.0:37919 |  
2019-09-20 08:51:59,880 [main] INFO  ozone.HddsDatanodeService (HddsDatanodeService.java:startPlugins(395)) - Started plug-in org.apache.hadoop.ozone.web.OzoneHddsDatanodeService@184823ed
2019-09-20 08:51:59,882 [main] INFO  impl.MetricsSystemImpl (MetricsSystemImpl.java:init(158)) - HddsDatanode metrics system started (again)
2019-09-20 08:51:59,885 [main] INFO  ozone.HddsDatanodeService (HddsDatanodeService.java:start(184)) - HddsDatanodeService host:pr-hdds-1569-s8kj2-2266485376 ip:192.168.36.79
2019-09-20 08:51:59,888 [org.apache.hadoop.util.JvmPauseMonitor$Monitor@426d0f79] INFO  util.JvmPauseMonitor (JvmPauseMonitor.java:run(188)) - Starting JVM pause monitor
2019-09-20 08:51:59,898 [main] INFO  volume.HddsVolume (HddsVolume.java:<init>(176)) - Creating Volume: /workdir/hadoop-ozone/tools/target/test-dir/MiniOzoneClusterImpl-da4e238f-9df3-4b07-9cd3-d36e1b7a1734/datanode-1/data/containers/hdds of  storage type : DISK and capacity : 1482555576320
2019-09-20 08:51:59,900 [main] INFO  volume.VolumeSet (VolumeSet.java:initializeVolumeSet(170)) - Added Volume : /workdir/hadoop-ozone/tools/target/test-dir/MiniOzoneClusterImpl-da4e238f-9df3-4b07-9cd3-d36e1b7a1734/datanode-1/data/containers/hdds to VolumeSet
2019-09-20 08:51:59,900 [main] INFO  volume.ThrottledAsyncChecker (ThrottledAsyncChecker.java:schedule(140)) - Scheduling a check for org.apache.hadoop.ozone.container.common.volume.HddsVolume@b5b9333
2019-09-20 08:51:59,901 [main] INFO  volume.HddsVolumeChecker (HddsVolumeChecker.java:checkAllVolumes(203)) - Scheduled health check for volume org.apache.hadoop.ozone.container.common.volume.HddsVolume@b5b9333
2019-09-20 08:51:59,926 [main] INFO  impl.RaftServerProxy (ConfUtils.java:logGet(43)) - raft.rpc.type = GRPC (default)
2019-09-20 08:51:59,926 [main] INFO  grpc.GrpcFactory (GrpcFactory.java:checkPooledByteBufAllocatorUseCacheForAllThreads(45)) - PERFORMANCE WARNING: useCacheForAllThreads is true that may cause Netty to create a lot garbage objects and, as a result, trigger GC.
	It is recommended to disable useCacheForAllThreads by setting -Dorg.apache.ratis.thirdparty.io.netty.allocator.useCacheForAllThreads=false in command line.
2019-09-20 08:51:59,927 [main] INFO  grpc.GrpcConfigKeys$Server (ConfUtils.java:logGet(43)) - raft.grpc.server.port = 0 (default)
2019-09-20 08:51:59,927 [main] INFO  server.GrpcService (ConfUtils.java:logGet(43)) - raft.grpc.message.size.max = 33570816 (custom)
2019-09-20 08:51:59,927 [main] INFO  server.RaftServerConfigKeys (ConfUtils.java:logGet(43)) - raft.server.log.appender.buffer.byte-limit = 33554432 (custom)
2019-09-20 08:51:59,928 [main] INFO  server.GrpcService (ConfUtils.java:logGet(43)) - raft.grpc.flow.control.window = 1MB (=1048576) (default)
2019-09-20 08:51:59,928 [main] INFO  server.RaftServerConfigKeys (ConfUtils.java:logGet(43)) - raft.server.rpc.request.timeout = 3000ms (default)
2019-09-20 08:51:59,929 [main] INFO  server.RaftServerConfigKeys (ConfUtils.java:logGet(43)) - raft.server.storage.dir = [/workdir/hadoop-ozone/tools/target/test-dir/MiniOzoneClusterImpl-da4e238f-9df3-4b07-9cd3-d36e1b7a1734/datanode-1/data/ratis] (custom)
2019-09-20 08:51:59,929 [main] INFO  replication.SimpleContainerDownloader (SimpleContainerDownloader.java:<init>(72)) - Starting container downloader service to copy containers to replicate.
2019-09-20 08:51:59,931 [main] INFO  hdfs.DFSUtil (DFSUtil.java:httpServerTemplateForNNAndJN(1641)) - Starting Web-server for hddsDatanode at: http://0.0.0.0:0
2019-09-20 08:51:59,934 [main] INFO  server.AuthenticationFilter (AuthenticationFilter.java:constructSecretProvider(240)) - Unable to initialize FileSignerSecretProvider, falling back to use random secrets.
2019-09-20 08:51:59,935 [main] WARN  http.HttpRequestLog (HttpRequestLog.java:getRequestLog(97)) - Jetty request log can only be enabled using Log4j
2019-09-20 08:51:59,938 [main] INFO  http.HttpServer2 (HttpServer2.java:addGlobalFilter(975)) - Added global filter 'safety' (class=org.apache.hadoop.http.HttpServer2$QuotingInputFilter)
2019-09-20 08:51:59,939 [main] INFO  http.HttpServer2 (HttpServer2.java:addFilter(948)) - Added filter static_user_filter (class=org.apache.hadoop.http.lib.StaticUserWebFilter$StaticUserFilter) to context hddsDatanode
2019-09-20 08:51:59,939 [main] INFO  http.HttpServer2 (HttpServer2.java:addFilter(958)) - Added filter static_user_filter (class=org.apache.hadoop.http.lib.StaticUserWebFilter$StaticUserFilter) to context static
2019-09-20 08:51:59,939 [main] INFO  http.HttpServer2 (HttpServer2.java:addFilter(958)) - Added filter static_user_filter (class=org.apache.hadoop.http.lib.StaticUserWebFilter$StaticUserFilter) to context logs
2019-09-20 08:51:59,941 [main] INFO  http.HttpServer2 (HttpServer2.java:bindListener(1191)) - Jetty bound to port 42517
2019-09-20 08:51:59,941 [main] INFO  server.Server (Server.java:doStart(351)) - jetty-9.3.24.v20180605, build timestamp: 2018-06-05T17:11:56Z, git hash: 84205aa28f11a4f31f2a3b86d1bba2cc8ab69827
2019-09-20 08:51:59,946 [main] INFO  handler.ContextHandler (ContextHandler.java:doStart(781)) - Started o.e.j.s.ServletContextHandler@59096b66{/logs,file:///workdir/hadoop-ozone/tools/target/log,AVAILABLE}
2019-09-20 08:51:59,947 [main] INFO  handler.ContextHandler (ContextHandler.java:doStart(781)) - Started o.e.j.s.ServletContextHandler@65be88ae{/static,jar:file:/home/user/.m2/repository/org/apache/hadoop/hadoop-hdds-container-service/0.5.0-SNAPSHOT/hadoop-hdds-container-service-0.5.0-SNAPSHOT.jar!/webapps/static,AVAILABLE}
2019-09-20 08:51:59,998 [main] INFO  handler.ContextHandler (ContextHandler.java:doStart(781)) - Started o.e.j.w.WebAppContext@7c46c9c3{/,file:///tmp/jetty-0.0.0.0-42517-hddsDatanode-_-any-4780940612730644030.dir/webapp/,AVAILABLE}{/hddsDatanode}
2019-09-20 08:51:59,999 [main] INFO  server.AbstractConnector (AbstractConnector.java:doStart(278)) - Started ServerConnector@7197b07f{HTTP/1.1,[http/1.1]}{0.0.0.0:42517}
2019-09-20 08:52:00,000 [main] INFO  server.Server (Server.java:doStart(419)) - Started @7536ms
2019-09-20 08:52:00,001 [main] INFO  server.BaseHttpServer (BaseHttpServer.java:updateConnectorAddress(213)) - HTTP server of HDDSDATANODE is listening at http://0.0.0.0:42517
2019-09-20 08:52:00,026 [Datanode State Machine Thread - 0] INFO  datanode.InitDatanodeState (InitDatanodeState.java:persistContainerDatanodeDetails(140)) - DatanodeDetails is persisted to /workdir/hadoop-ozone/tools/target/test-dir/MiniOzoneClusterImpl-da4e238f-9df3-4b07-9cd3-d36e1b7a1734/datanode-0/meta/datanode.id
2019-09-20 08:52:00,178 | INFO  | ObjectStoreRestHttpServer | Listening HDDS REST traffic on /0.0.0.0:37397 |  
2019-09-20 08:52:00,178 [main] INFO  ozone.HddsDatanodeService (HddsDatanodeService.java:startPlugins(395)) - Started plug-in org.apache.hadoop.ozone.web.OzoneHddsDatanodeService@57bd6a8f
2019-09-20 08:52:00,179 [main] INFO  impl.MetricsSystemImpl (MetricsSystemImpl.java:init(158)) - HddsDatanode metrics system started (again)
2019-09-20 08:52:00,182 [main] INFO  ozone.HddsDatanodeService (HddsDatanodeService.java:start(184)) - HddsDatanodeService host:pr-hdds-1569-s8kj2-2266485376 ip:192.168.36.79
2019-09-20 08:52:00,182 [org.apache.hadoop.util.JvmPauseMonitor$Monitor@17ffe10c] INFO  util.JvmPauseMonitor (JvmPauseMonitor.java:run(188)) - Starting JVM pause monitor
2019-09-20 08:52:00,187 [Datanode State Machine Thread - 0] INFO  datanode.InitDatanodeState (InitDatanodeState.java:persistContainerDatanodeDetails(140)) - DatanodeDetails is persisted to /workdir/hadoop-ozone/tools/target/test-dir/MiniOzoneClusterImpl-da4e238f-9df3-4b07-9cd3-d36e1b7a1734/datanode-1/meta/datanode.id
2019-09-20 08:52:00,190 [main] INFO  volume.HddsVolume (HddsVolume.java:<init>(176)) - Creating Volume: /workdir/hadoop-ozone/tools/target/test-dir/MiniOzoneClusterImpl-da4e238f-9df3-4b07-9cd3-d36e1b7a1734/datanode-2/data/containers/hdds of  storage type : DISK and capacity : 1482555576320
2019-09-20 08:52:00,191 [main] INFO  volume.VolumeSet (VolumeSet.java:initializeVolumeSet(170)) - Added Volume : /workdir/hadoop-ozone/tools/target/test-dir/MiniOzoneClusterImpl-da4e238f-9df3-4b07-9cd3-d36e1b7a1734/datanode-2/data/containers/hdds to VolumeSet
2019-09-20 08:52:00,191 [main] INFO  volume.ThrottledAsyncChecker (ThrottledAsyncChecker.java:schedule(140)) - Scheduling a check for org.apache.hadoop.ozone.container.common.volume.HddsVolume@265c1a7c
2019-09-20 08:52:00,192 [main] INFO  volume.HddsVolumeChecker (HddsVolumeChecker.java:checkAllVolumes(203)) - Scheduled health check for volume org.apache.hadoop.ozone.container.common.volume.HddsVolume@265c1a7c
2019-09-20 08:52:00,209 [main] INFO  impl.RaftServerProxy (ConfUtils.java:logGet(43)) - raft.rpc.type = GRPC (default)
2019-09-20 08:52:00,209 [main] INFO  grpc.GrpcFactory (GrpcFactory.java:checkPooledByteBufAllocatorUseCacheForAllThreads(45)) - PERFORMANCE WARNING: useCacheForAllThreads is true that may cause Netty to create a lot garbage objects and, as a result, trigger GC.
	It is recommended to disable useCacheForAllThreads by setting -Dorg.apache.ratis.thirdparty.io.netty.allocator.useCacheForAllThreads=false in command line.
2019-09-20 08:52:00,209 [main] INFO  grpc.GrpcConfigKeys$Server (ConfUtils.java:logGet(43)) - raft.grpc.server.port = 0 (default)
2019-09-20 08:52:00,209 [main] INFO  server.GrpcService (ConfUtils.java:logGet(43)) - raft.grpc.message.size.max = 33570816 (custom)
2019-09-20 08:52:00,210 [main] INFO  server.RaftServerConfigKeys (ConfUtils.java:logGet(43)) - raft.server.log.appender.buffer.byte-limit = 33554432 (custom)
2019-09-20 08:52:00,210 [main] INFO  server.GrpcService (ConfUtils.java:logGet(43)) - raft.grpc.flow.control.window = 1MB (=1048576) (default)
2019-09-20 08:52:00,210 [main] INFO  server.RaftServerConfigKeys (ConfUtils.java:logGet(43)) - raft.server.rpc.request.timeout = 3000ms (default)
2019-09-20 08:52:00,211 [main] INFO  server.RaftServerConfigKeys (ConfUtils.java:logGet(43)) - raft.server.storage.dir = [/workdir/hadoop-ozone/tools/target/test-dir/MiniOzoneClusterImpl-da4e238f-9df3-4b07-9cd3-d36e1b7a1734/datanode-2/data/ratis] (custom)
2019-09-20 08:52:00,211 [main] INFO  replication.SimpleContainerDownloader (SimpleContainerDownloader.java:<init>(72)) - Starting container downloader service to copy containers to replicate.
2019-09-20 08:52:00,214 [main] INFO  hdfs.DFSUtil (DFSUtil.java:httpServerTemplateForNNAndJN(1641)) - Starting Web-server for hddsDatanode at: http://0.0.0.0:0
2019-09-20 08:52:00,216 [main] INFO  server.AuthenticationFilter (AuthenticationFilter.java:constructSecretProvider(240)) - Unable to initialize FileSignerSecretProvider, falling back to use random secrets.
2019-09-20 08:52:00,216 [main] WARN  http.HttpRequestLog (HttpRequestLog.java:getRequestLog(97)) - Jetty request log can only be enabled using Log4j
2019-09-20 08:52:00,219 [main] INFO  http.HttpServer2 (HttpServer2.java:addGlobalFilter(975)) - Added global filter 'safety' (class=org.apache.hadoop.http.HttpServer2$QuotingInputFilter)
2019-09-20 08:52:00,220 [main] INFO  http.HttpServer2 (HttpServer2.java:addFilter(948)) - Added filter static_user_filter (class=org.apache.hadoop.http.lib.StaticUserWebFilter$StaticUserFilter) to context hddsDatanode
2019-09-20 08:52:00,220 [main] INFO  http.HttpServer2 (HttpServer2.java:addFilter(958)) - Added filter static_user_filter (class=org.apache.hadoop.http.lib.StaticUserWebFilter$StaticUserFilter) to context logs
2019-09-20 08:52:00,220 [main] INFO  http.HttpServer2 (HttpServer2.java:addFilter(958)) - Added filter static_user_filter (class=org.apache.hadoop.http.lib.StaticUserWebFilter$StaticUserFilter) to context static
2019-09-20 08:52:00,221 [main] INFO  http.HttpServer2 (HttpServer2.java:bindListener(1191)) - Jetty bound to port 44860
2019-09-20 08:52:00,221 [main] INFO  server.Server (Server.java:doStart(351)) - jetty-9.3.24.v20180605, build timestamp: 2018-06-05T17:11:56Z, git hash: 84205aa28f11a4f31f2a3b86d1bba2cc8ab69827
2019-09-20 08:52:00,224 [main] INFO  handler.ContextHandler (ContextHandler.java:doStart(781)) - Started o.e.j.s.ServletContextHandler@7aea704c{/logs,file:///workdir/hadoop-ozone/tools/target/log,AVAILABLE}
2019-09-20 08:52:00,225 [main] INFO  handler.ContextHandler (ContextHandler.java:doStart(781)) - Started o.e.j.s.ServletContextHandler@32507479{/static,jar:file:/home/user/.m2/repository/org/apache/hadoop/hadoop-hdds-container-service/0.5.0-SNAPSHOT/hadoop-hdds-container-service-0.5.0-SNAPSHOT.jar!/webapps/static,AVAILABLE}
2019-09-20 08:52:00,262 [main] INFO  handler.ContextHandler (ContextHandler.java:doStart(781)) - Started o.e.j.w.WebAppContext@42fc4ac4{/,file:///tmp/jetty-0.0.0.0-44860-hddsDatanode-_-any-4453146796744202734.dir/webapp/,AVAILABLE}{/hddsDatanode}
2019-09-20 08:52:00,263 [main] INFO  server.AbstractConnector (AbstractConnector.java:doStart(278)) - Started ServerConnector@20a24edf{HTTP/1.1,[http/1.1]}{0.0.0.0:44860}
2019-09-20 08:52:00,263 [main] INFO  server.Server (Server.java:doStart(419)) - Started @7799ms
2019-09-20 08:52:00,264 [main] INFO  server.BaseHttpServer (BaseHttpServer.java:updateConnectorAddress(213)) - HTTP server of HDDSDATANODE is listening at http://0.0.0.0:44860
2019-09-20 08:52:00,429 | INFO  | ObjectStoreRestHttpServer | Listening HDDS REST traffic on /0.0.0.0:43350 |  
2019-09-20 08:52:00,429 [main] INFO  ozone.HddsDatanodeService (HddsDatanodeService.java:startPlugins(395)) - Started plug-in org.apache.hadoop.ozone.web.OzoneHddsDatanodeService@7b96de8d
2019-09-20 08:52:00,430 [main] INFO  impl.MetricsSystemImpl (MetricsSystemImpl.java:init(158)) - HddsDatanode metrics system started (again)
2019-09-20 08:52:00,434 [main] INFO  ozone.HddsDatanodeService (HddsDatanodeService.java:start(184)) - HddsDatanodeService host:pr-hdds-1569-s8kj2-2266485376 ip:192.168.36.79
2019-09-20 08:52:00,434 [org.apache.hadoop.util.JvmPauseMonitor$Monitor@163ba5b6] INFO  util.JvmPauseMonitor (JvmPauseMonitor.java:run(188)) - Starting JVM pause monitor
2019-09-20 08:52:00,437 [Datanode State Machine Thread - 0] INFO  datanode.InitDatanodeState (InitDatanodeState.java:persistContainerDatanodeDetails(140)) - DatanodeDetails is persisted to /workdir/hadoop-ozone/tools/target/test-dir/MiniOzoneClusterImpl-da4e238f-9df3-4b07-9cd3-d36e1b7a1734/datanode-2/meta/datanode.id
2019-09-20 08:52:00,443 [main] INFO  volume.HddsVolume (HddsVolume.java:<init>(176)) - Creating Volume: /workdir/hadoop-ozone/tools/target/test-dir/MiniOzoneClusterImpl-da4e238f-9df3-4b07-9cd3-d36e1b7a1734/datanode-3/data/containers/hdds of  storage type : DISK and capacity : 1482555576320
2019-09-20 08:52:00,443 [main] INFO  volume.VolumeSet (VolumeSet.java:initializeVolumeSet(170)) - Added Volume : /workdir/hadoop-ozone/tools/target/test-dir/MiniOzoneClusterImpl-da4e238f-9df3-4b07-9cd3-d36e1b7a1734/datanode-3/data/containers/hdds to VolumeSet
2019-09-20 08:52:00,443 [main] INFO  volume.ThrottledAsyncChecker (ThrottledAsyncChecker.java:schedule(140)) - Scheduling a check for org.apache.hadoop.ozone.container.common.volume.HddsVolume@5fef0c19
2019-09-20 08:52:00,444 [main] INFO  volume.HddsVolumeChecker (HddsVolumeChecker.java:checkAllVolumes(203)) - Scheduled health check for volume org.apache.hadoop.ozone.container.common.volume.HddsVolume@5fef0c19
2019-09-20 08:52:00,462 [main] INFO  impl.RaftServerProxy (ConfUtils.java:logGet(43)) - raft.rpc.type = GRPC (default)
2019-09-20 08:52:00,462 [main] INFO  grpc.GrpcFactory (GrpcFactory.java:checkPooledByteBufAllocatorUseCacheForAllThreads(45)) - PERFORMANCE WARNING: useCacheForAllThreads is true that may cause Netty to create a lot garbage objects and, as a result, trigger GC.
	It is recommended to disable useCacheForAllThreads by setting -Dorg.apache.ratis.thirdparty.io.netty.allocator.useCacheForAllThreads=false in command line.
2019-09-20 08:52:00,462 [main] INFO  grpc.GrpcConfigKeys$Server (ConfUtils.java:logGet(43)) - raft.grpc.server.port = 0 (default)
2019-09-20 08:52:00,462 [main] INFO  server.GrpcService (ConfUtils.java:logGet(43)) - raft.grpc.message.size.max = 33570816 (custom)
2019-09-20 08:52:00,463 [main] INFO  server.RaftServerConfigKeys (ConfUtils.java:logGet(43)) - raft.server.log.appender.buffer.byte-limit = 33554432 (custom)
2019-09-20 08:52:00,463 [main] INFO  server.GrpcService (ConfUtils.java:logGet(43)) - raft.grpc.flow.control.window = 1MB (=1048576) (default)
2019-09-20 08:52:00,463 [main] INFO  server.RaftServerConfigKeys (ConfUtils.java:logGet(43)) - raft.server.rpc.request.timeout = 3000ms (default)
2019-09-20 08:52:00,464 [main] INFO  server.RaftServerConfigKeys (ConfUtils.java:logGet(43)) - raft.server.storage.dir = [/workdir/hadoop-ozone/tools/target/test-dir/MiniOzoneClusterImpl-da4e238f-9df3-4b07-9cd3-d36e1b7a1734/datanode-3/data/ratis] (custom)
2019-09-20 08:52:00,464 [main] INFO  replication.SimpleContainerDownloader (SimpleContainerDownloader.java:<init>(72)) - Starting container downloader service to copy containers to replicate.
2019-09-20 08:52:00,466 [main] INFO  hdfs.DFSUtil (DFSUtil.java:httpServerTemplateForNNAndJN(1641)) - Starting Web-server for hddsDatanode at: http://0.0.0.0:0
2019-09-20 08:52:00,468 [main] INFO  server.AuthenticationFilter (AuthenticationFilter.java:constructSecretProvider(240)) - Unable to initialize FileSignerSecretProvider, falling back to use random secrets.
2019-09-20 08:52:00,469 [main] WARN  http.HttpRequestLog (HttpRequestLog.java:getRequestLog(97)) - Jetty request log can only be enabled using Log4j
2019-09-20 08:52:00,472 [main] INFO  http.HttpServer2 (HttpServer2.java:addGlobalFilter(975)) - Added global filter 'safety' (class=org.apache.hadoop.http.HttpServer2$QuotingInputFilter)
2019-09-20 08:52:00,473 [main] INFO  http.HttpServer2 (HttpServer2.java:addFilter(948)) - Added filter static_user_filter (class=org.apache.hadoop.http.lib.StaticUserWebFilter$StaticUserFilter) to context hddsDatanode
2019-09-20 08:52:00,473 [main] INFO  http.HttpServer2 (HttpServer2.java:addFilter(958)) - Added filter static_user_filter (class=org.apache.hadoop.http.lib.StaticUserWebFilter$StaticUserFilter) to context logs
2019-09-20 08:52:00,473 [main] INFO  http.HttpServer2 (HttpServer2.java:addFilter(958)) - Added filter static_user_filter (class=org.apache.hadoop.http.lib.StaticUserWebFilter$StaticUserFilter) to context static
2019-09-20 08:52:00,474 [main] INFO  http.HttpServer2 (HttpServer2.java:bindListener(1191)) - Jetty bound to port 44398
2019-09-20 08:52:00,475 [main] INFO  server.Server (Server.java:doStart(351)) - jetty-9.3.24.v20180605, build timestamp: 2018-06-05T17:11:56Z, git hash: 84205aa28f11a4f31f2a3b86d1bba2cc8ab69827
2019-09-20 08:52:00,480 [main] INFO  handler.ContextHandler (ContextHandler.java:doStart(781)) - Started o.e.j.s.ServletContextHandler@5cfed0ba{/logs,file:///workdir/hadoop-ozone/tools/target/log,AVAILABLE}
2019-09-20 08:52:00,480 [main] INFO  handler.ContextHandler (ContextHandler.java:doStart(781)) - Started o.e.j.s.ServletContextHandler@6a567f7b{/static,jar:file:/home/user/.m2/repository/org/apache/hadoop/hadoop-hdds-container-service/0.5.0-SNAPSHOT/hadoop-hdds-container-service-0.5.0-SNAPSHOT.jar!/webapps/static,AVAILABLE}
2019-09-20 08:52:00,531 [main] INFO  handler.ContextHandler (ContextHandler.java:doStart(781)) - Started o.e.j.w.WebAppContext@71936a92{/,file:///tmp/jetty-0.0.0.0-44398-hddsDatanode-_-any-5688767962148949105.dir/webapp/,AVAILABLE}{/hddsDatanode}
2019-09-20 08:52:00,532 [main] INFO  server.AbstractConnector (AbstractConnector.java:doStart(278)) - Started ServerConnector@61359e87{HTTP/1.1,[http/1.1]}{0.0.0.0:44398}
2019-09-20 08:52:00,533 [main] INFO  server.Server (Server.java:doStart(419)) - Started @8068ms
2019-09-20 08:52:00,534 [main] INFO  server.BaseHttpServer (BaseHttpServer.java:updateConnectorAddress(213)) - HTTP server of HDDSDATANODE is listening at http://0.0.0.0:44398
2019-09-20 08:52:00,714 | INFO  | ObjectStoreRestHttpServer | Listening HDDS REST traffic on /0.0.0.0:41422 |  
2019-09-20 08:52:00,714 [main] INFO  ozone.HddsDatanodeService (HddsDatanodeService.java:startPlugins(395)) - Started plug-in org.apache.hadoop.ozone.web.OzoneHddsDatanodeService@124eb83d
2019-09-20 08:52:00,714 [main] INFO  impl.MetricsSystemImpl (MetricsSystemImpl.java:init(158)) - HddsDatanode metrics system started (again)
2019-09-20 08:52:00,718 [main] INFO  ozone.HddsDatanodeService (HddsDatanodeService.java:start(184)) - HddsDatanodeService host:pr-hdds-1569-s8kj2-2266485376 ip:192.168.36.79
2019-09-20 08:52:00,718 [org.apache.hadoop.util.JvmPauseMonitor$Monitor@7033ae8c] INFO  util.JvmPauseMonitor (JvmPauseMonitor.java:run(188)) - Starting JVM pause monitor
2019-09-20 08:52:00,721 [Datanode State Machine Thread - 0] INFO  datanode.InitDatanodeState (InitDatanodeState.java:persistContainerDatanodeDetails(140)) - DatanodeDetails is persisted to /workdir/hadoop-ozone/tools/target/test-dir/MiniOzoneClusterImpl-da4e238f-9df3-4b07-9cd3-d36e1b7a1734/datanode-3/meta/datanode.id
2019-09-20 08:52:00,727 [main] INFO  volume.HddsVolume (HddsVolume.java:<init>(176)) - Creating Volume: /workdir/hadoop-ozone/tools/target/test-dir/MiniOzoneClusterImpl-da4e238f-9df3-4b07-9cd3-d36e1b7a1734/datanode-4/data/containers/hdds of  storage type : DISK and capacity : 1482555576320
2019-09-20 08:52:00,728 [main] INFO  volume.VolumeSet (VolumeSet.java:initializeVolumeSet(170)) - Added Volume : /workdir/hadoop-ozone/tools/target/test-dir/MiniOzoneClusterImpl-da4e238f-9df3-4b07-9cd3-d36e1b7a1734/datanode-4/data/containers/hdds to VolumeSet
2019-09-20 08:52:00,728 [main] INFO  volume.ThrottledAsyncChecker (ThrottledAsyncChecker.java:schedule(140)) - Scheduling a check for org.apache.hadoop.ozone.container.common.volume.HddsVolume@565d7d2f
2019-09-20 08:52:00,730 [main] INFO  volume.HddsVolumeChecker (HddsVolumeChecker.java:checkAllVolumes(203)) - Scheduled health check for volume org.apache.hadoop.ozone.container.common.volume.HddsVolume@565d7d2f
2019-09-20 08:52:00,754 [main] INFO  impl.RaftServerProxy (ConfUtils.java:logGet(43)) - raft.rpc.type = GRPC (default)
2019-09-20 08:52:00,754 [main] INFO  grpc.GrpcFactory (GrpcFactory.java:checkPooledByteBufAllocatorUseCacheForAllThreads(45)) - PERFORMANCE WARNING: useCacheForAllThreads is true that may cause Netty to create a lot garbage objects and, as a result, trigger GC.
	It is recommended to disable useCacheForAllThreads by setting -Dorg.apache.ratis.thirdparty.io.netty.allocator.useCacheForAllThreads=false in command line.
2019-09-20 08:52:00,755 [main] INFO  grpc.GrpcConfigKeys$Server (ConfUtils.java:logGet(43)) - raft.grpc.server.port = 0 (default)
2019-09-20 08:52:00,755 [main] INFO  server.GrpcService (ConfUtils.java:logGet(43)) - raft.grpc.message.size.max = 33570816 (custom)
2019-09-20 08:52:00,755 [main] INFO  server.RaftServerConfigKeys (ConfUtils.java:logGet(43)) - raft.server.log.appender.buffer.byte-limit = 33554432 (custom)
2019-09-20 08:52:00,756 [main] INFO  server.GrpcService (ConfUtils.java:logGet(43)) - raft.grpc.flow.control.window = 1MB (=1048576) (default)
2019-09-20 08:52:00,756 [main] INFO  server.RaftServerConfigKeys (ConfUtils.java:logGet(43)) - raft.server.rpc.request.timeout = 3000ms (default)
2019-09-20 08:52:00,757 [main] INFO  server.RaftServerConfigKeys (ConfUtils.java:logGet(43)) - raft.server.storage.dir = [/workdir/hadoop-ozone/tools/target/test-dir/MiniOzoneClusterImpl-da4e238f-9df3-4b07-9cd3-d36e1b7a1734/datanode-4/data/ratis] (custom)
2019-09-20 08:52:00,758 [main] INFO  replication.SimpleContainerDownloader (SimpleContainerDownloader.java:<init>(72)) - Starting container downloader service to copy containers to replicate.
2019-09-20 08:52:00,759 [main] INFO  hdfs.DFSUtil (DFSUtil.java:httpServerTemplateForNNAndJN(1641)) - Starting Web-server for hddsDatanode at: http://0.0.0.0:0
2019-09-20 08:52:00,761 [main] INFO  server.AuthenticationFilter (AuthenticationFilter.java:constructSecretProvider(240)) - Unable to initialize FileSignerSecretProvider, falling back to use random secrets.
2019-09-20 08:52:00,762 [main] WARN  http.HttpRequestLog (HttpRequestLog.java:getRequestLog(97)) - Jetty request log can only be enabled using Log4j
2019-09-20 08:52:00,764 [main] INFO  http.HttpServer2 (HttpServer2.java:addGlobalFilter(975)) - Added global filter 'safety' (class=org.apache.hadoop.http.HttpServer2$QuotingInputFilter)
2019-09-20 08:52:00,765 [main] INFO  http.HttpServer2 (HttpServer2.java:addFilter(948)) - Added filter static_user_filter (class=org.apache.hadoop.http.lib.StaticUserWebFilter$StaticUserFilter) to context hddsDatanode
2019-09-20 08:52:00,765 [main] INFO  http.HttpServer2 (HttpServer2.java:addFilter(958)) - Added filter static_user_filter (class=org.apache.hadoop.http.lib.StaticUserWebFilter$StaticUserFilter) to context static
2019-09-20 08:52:00,765 [main] INFO  http.HttpServer2 (HttpServer2.java:addFilter(958)) - Added filter static_user_filter (class=org.apache.hadoop.http.lib.StaticUserWebFilter$StaticUserFilter) to context logs
2019-09-20 08:52:00,766 [main] INFO  http.HttpServer2 (HttpServer2.java:bindListener(1191)) - Jetty bound to port 40089
2019-09-20 08:52:00,767 [main] INFO  server.Server (Server.java:doStart(351)) - jetty-9.3.24.v20180605, build timestamp: 2018-06-05T17:11:56Z, git hash: 84205aa28f11a4f31f2a3b86d1bba2cc8ab69827
2019-09-20 08:52:00,769 [main] INFO  handler.ContextHandler (ContextHandler.java:doStart(781)) - Started o.e.j.s.ServletContextHandler@559991f5{/logs,file:///workdir/hadoop-ozone/tools/target/log,AVAILABLE}
2019-09-20 08:52:00,770 [main] INFO  handler.ContextHandler (ContextHandler.java:doStart(781)) - Started o.e.j.s.ServletContextHandler@30b3d899{/static,jar:file:/home/user/.m2/repository/org/apache/hadoop/hadoop-hdds-container-service/0.5.0-SNAPSHOT/hadoop-hdds-container-service-0.5.0-SNAPSHOT.jar!/webapps/static,AVAILABLE}
2019-09-20 08:52:00,808 [main] INFO  handler.ContextHandler (ContextHandler.java:doStart(781)) - Started o.e.j.w.WebAppContext@3e43f049{/,file:///tmp/jetty-0.0.0.0-40089-hddsDatanode-_-any-2130945111733079675.dir/webapp/,AVAILABLE}{/hddsDatanode}
2019-09-20 08:52:00,809 [main] INFO  server.AbstractConnector (AbstractConnector.java:doStart(278)) - Started ServerConnector@147cc940{HTTP/1.1,[http/1.1]}{0.0.0.0:40089}
2019-09-20 08:52:00,810 [main] INFO  server.Server (Server.java:doStart(419)) - Started @8346ms
2019-09-20 08:52:00,811 [main] INFO  server.BaseHttpServer (BaseHttpServer.java:updateConnectorAddress(213)) - HTTP server of HDDSDATANODE is listening at http://0.0.0.0:40089
2019-09-20 08:52:00,987 | INFO  | ObjectStoreRestHttpServer | Listening HDDS REST traffic on /0.0.0.0:42223 |  
2019-09-20 08:52:00,987 [main] INFO  ozone.HddsDatanodeService (HddsDatanodeService.java:startPlugins(395)) - Started plug-in org.apache.hadoop.ozone.web.OzoneHddsDatanodeService@407b8435
2019-09-20 08:52:00,990 [main] INFO  ozone.MiniOzoneClusterImpl (MiniOzoneClusterImpl.java:lambda$waitForClusterToBeReady$0(142)) - Waiting for cluster to be ready. Got 0 of 5 DN Heartbeats.
2019-09-20 08:52:00,990 [org.apache.hadoop.util.JvmPauseMonitor$Monitor@4e4ef95a] INFO  util.JvmPauseMonitor (JvmPauseMonitor.java:run(188)) - Starting JVM pause monitor
2019-09-20 08:52:00,994 [Datanode State Machine Thread - 0] INFO  datanode.InitDatanodeState (InitDatanodeState.java:persistContainerDatanodeDetails(140)) - DatanodeDetails is persisted to /workdir/hadoop-ozone/tools/target/test-dir/MiniOzoneClusterImpl-da4e238f-9df3-4b07-9cd3-d36e1b7a1734/datanode-4/meta/datanode.id
2019-09-20 08:52:01,922 | INFO  | SCMAudit | user=jenkins1000 | ip=192.168.36.79 | op=GET_VERSION null | ret=SUCCESS |  
2019-09-20 08:52:01,945 [Datanode State Machine Thread - 0] INFO  ozoneimpl.OzoneContainer (OzoneContainer.java:start(186)) - Attempting to start container services.
2019-09-20 08:52:01,947 [Datanode State Machine Thread - 0] INFO  ozoneimpl.OzoneContainer (OzoneContainer.java:startContainerScrub(160)) - Background container scrubber has been disabled by hdds.containerscrub.enabled
2019-09-20 08:52:01,947 [Datanode State Machine Thread - 0] INFO  ratis.XceiverServerRatis (XceiverServerRatis.java:start(404)) - Starting XceiverServerRatis 3b3ba6e7-bc1c-4c2c-a22e-347ee35d38bc at port 0
2019-09-20 08:52:01,970 [Datanode State Machine Thread - 0] INFO  impl.RaftServerProxy (RaftServerProxy.java:lambda$start$3(299)) - 3b3ba6e7-bc1c-4c2c-a22e-347ee35d38bc: start RPC server
2019-09-20 08:52:01,990 [main] INFO  ozone.MiniOzoneClusterImpl (MiniOzoneClusterImpl.java:lambda$waitForClusterToBeReady$0(142)) - Waiting for cluster to be ready. Got 0 of 5 DN Heartbeats.
2019-09-20 08:52:02,184 | INFO  | SCMAudit | user=jenkins1000 | ip=192.168.36.79 | op=GET_VERSION null | ret=SUCCESS |  
2019-09-20 08:52:02,203 [Datanode State Machine Thread - 0] INFO  server.GrpcService (GrpcService.java:startImpl(149)) - 3b3ba6e7-bc1c-4c2c-a22e-347ee35d38bc: GrpcService started, listening on 0.0.0.0/0.0.0.0:34077
2019-09-20 08:52:02,204 [Datanode State Machine Thread - 0] INFO  ratis.XceiverServerRatis (XceiverServerRatis.java:start(414)) - XceiverServerRatis 3b3ba6e7-bc1c-4c2c-a22e-347ee35d38bc is started using port 34077
2019-09-20 08:52:02,206 [Datanode State Machine Thread - 0] INFO  server.XceiverServerGrpc (XceiverServerGrpc.java:start(163)) - XceiverServerGrpc 3b3ba6e7-bc1c-4c2c-a22e-347ee35d38bc is started using port 44195
2019-09-20 08:52:02,219 [Datanode State Machine Thread - 0] INFO  ozoneimpl.OzoneContainer (OzoneContainer.java:start(186)) - Attempting to start container services.
2019-09-20 08:52:02,221 [Datanode State Machine Thread - 0] INFO  ozoneimpl.OzoneContainer (OzoneContainer.java:startContainerScrub(160)) - Background container scrubber has been disabled by hdds.containerscrub.enabled
2019-09-20 08:52:02,222 [Datanode State Machine Thread - 0] INFO  ratis.XceiverServerRatis (XceiverServerRatis.java:start(404)) - Starting XceiverServerRatis b94e02b2-da92-474d-abbd-fccabaa9f79e at port 0
2019-09-20 08:52:02,231 [Datanode State Machine Thread - 0] INFO  impl.RaftServerProxy (RaftServerProxy.java:lambda$start$3(299)) - b94e02b2-da92-474d-abbd-fccabaa9f79e: start RPC server
2019-09-20 08:52:02,233 [Datanode State Machine Thread - 0] INFO  server.GrpcService (GrpcService.java:startImpl(149)) - b94e02b2-da92-474d-abbd-fccabaa9f79e: GrpcService started, listening on 0.0.0.0/0.0.0.0:36876
2019-09-20 08:52:02,234 [Datanode State Machine Thread - 0] INFO  ratis.XceiverServerRatis (XceiverServerRatis.java:start(414)) - XceiverServerRatis b94e02b2-da92-474d-abbd-fccabaa9f79e is started using port 36876
2019-09-20 08:52:02,236 [Datanode State Machine Thread - 0] INFO  server.XceiverServerGrpc (XceiverServerGrpc.java:start(163)) - XceiverServerGrpc b94e02b2-da92-474d-abbd-fccabaa9f79e is started using port 42890
2019-09-20 08:52:02,436 | INFO  | SCMAudit | user=jenkins1000 | ip=192.168.36.79 | op=GET_VERSION null | ret=SUCCESS |  
2019-09-20 08:52:02,465 [Datanode State Machine Thread - 0] INFO  ozoneimpl.OzoneContainer (OzoneContainer.java:start(186)) - Attempting to start container services.
2019-09-20 08:52:02,467 [Datanode State Machine Thread - 0] INFO  ozoneimpl.OzoneContainer (OzoneContainer.java:startContainerScrub(160)) - Background container scrubber has been disabled by hdds.containerscrub.enabled
2019-09-20 08:52:02,468 [Datanode State Machine Thread - 0] INFO  ratis.XceiverServerRatis (XceiverServerRatis.java:start(404)) - Starting XceiverServerRatis 44c728ea-0f6d-4328-96aa-117f098b9c99 at port 0
2019-09-20 08:52:02,477 [Datanode State Machine Thread - 0] INFO  impl.RaftServerProxy (RaftServerProxy.java:lambda$start$3(299)) - 44c728ea-0f6d-4328-96aa-117f098b9c99: start RPC server
2019-09-20 08:52:02,481 [Datanode State Machine Thread - 0] INFO  server.GrpcService (GrpcService.java:startImpl(149)) - 44c728ea-0f6d-4328-96aa-117f098b9c99: GrpcService started, listening on 0.0.0.0/0.0.0.0:38728
2019-09-20 08:52:02,481 [Datanode State Machine Thread - 0] INFO  ratis.XceiverServerRatis (XceiverServerRatis.java:start(414)) - XceiverServerRatis 44c728ea-0f6d-4328-96aa-117f098b9c99 is started using port 38728
2019-09-20 08:52:02,484 [Datanode State Machine Thread - 0] INFO  server.XceiverServerGrpc (XceiverServerGrpc.java:start(163)) - XceiverServerGrpc 44c728ea-0f6d-4328-96aa-117f098b9c99 is started using port 33219
2019-09-20 08:52:02,721 | INFO  | SCMAudit | user=jenkins1000 | ip=192.168.36.79 | op=GET_VERSION null | ret=SUCCESS |  
2019-09-20 08:52:02,749 [Datanode State Machine Thread - 0] INFO  ozoneimpl.OzoneContainer (OzoneContainer.java:start(186)) - Attempting to start container services.
2019-09-20 08:52:02,751 [Datanode State Machine Thread - 0] INFO  ozoneimpl.OzoneContainer (OzoneContainer.java:startContainerScrub(160)) - Background container scrubber has been disabled by hdds.containerscrub.enabled
2019-09-20 08:52:02,751 [Datanode State Machine Thread - 0] INFO  ratis.XceiverServerRatis (XceiverServerRatis.java:start(404)) - Starting XceiverServerRatis f6ec089b-5516-4b64-9212-97eb604ab2a5 at port 0
2019-09-20 08:52:02,760 [Datanode State Machine Thread - 0] INFO  impl.RaftServerProxy (RaftServerProxy.java:lambda$start$3(299)) - f6ec089b-5516-4b64-9212-97eb604ab2a5: start RPC server
2019-09-20 08:52:02,764 [Datanode State Machine Thread - 0] INFO  server.GrpcService (GrpcService.java:startImpl(149)) - f6ec089b-5516-4b64-9212-97eb604ab2a5: GrpcService started, listening on 0.0.0.0/0.0.0.0:40071
2019-09-20 08:52:02,764 [Datanode State Machine Thread - 0] INFO  ratis.XceiverServerRatis (XceiverServerRatis.java:start(414)) - XceiverServerRatis f6ec089b-5516-4b64-9212-97eb604ab2a5 is started using port 40071
2019-09-20 08:52:02,767 [Datanode State Machine Thread - 0] INFO  server.XceiverServerGrpc (XceiverServerGrpc.java:start(163)) - XceiverServerGrpc f6ec089b-5516-4b64-9212-97eb604ab2a5 is started using port 46036
2019-09-20 08:52:02,991 [main] INFO  ozone.MiniOzoneClusterImpl (MiniOzoneClusterImpl.java:lambda$waitForClusterToBeReady$0(142)) - Waiting for cluster to be ready. Got 0 of 5 DN Heartbeats.
2019-09-20 08:52:02,994 | INFO  | SCMAudit | user=jenkins1000 | ip=192.168.36.79 | op=GET_VERSION null | ret=SUCCESS |  
2019-09-20 08:52:03,027 [Datanode State Machine Thread - 0] INFO  ozoneimpl.OzoneContainer (OzoneContainer.java:start(186)) - Attempting to start container services.
2019-09-20 08:52:03,035 [Datanode State Machine Thread - 0] INFO  ozoneimpl.OzoneContainer (OzoneContainer.java:startContainerScrub(160)) - Background container scrubber has been disabled by hdds.containerscrub.enabled
2019-09-20 08:52:03,035 [Datanode State Machine Thread - 0] INFO  ratis.XceiverServerRatis (XceiverServerRatis.java:start(404)) - Starting XceiverServerRatis 2ddefaab-8349-47ab-a504-e432f9d495c5 at port 0
2019-09-20 08:52:03,044 [Datanode State Machine Thread - 0] INFO  impl.RaftServerProxy (RaftServerProxy.java:lambda$start$3(299)) - 2ddefaab-8349-47ab-a504-e432f9d495c5: start RPC server
2019-09-20 08:52:03,048 [Datanode State Machine Thread - 0] INFO  server.GrpcService (GrpcService.java:startImpl(149)) - 2ddefaab-8349-47ab-a504-e432f9d495c5: GrpcService started, listening on 0.0.0.0/0.0.0.0:39000
2019-09-20 08:52:03,048 [Datanode State Machine Thread - 0] INFO  ratis.XceiverServerRatis (XceiverServerRatis.java:start(414)) - XceiverServerRatis 2ddefaab-8349-47ab-a504-e432f9d495c5 is started using port 39000
2019-09-20 08:52:03,051 [Datanode State Machine Thread - 0] INFO  server.XceiverServerGrpc (XceiverServerGrpc.java:start(163)) - XceiverServerGrpc 2ddefaab-8349-47ab-a504-e432f9d495c5 is started using port 37021
2019-09-20 08:52:03,932 [IPC Server handler 4 on 41654] INFO  net.NetworkTopology (NetworkTopologyImpl.java:add(110)) - Added a new node: /default-rack/3b3ba6e7-bc1c-4c2c-a22e-347ee35d38bc
2019-09-20 08:52:03,932 [IPC Server handler 4 on 41654] INFO  node.SCMNodeManager (SCMNodeManager.java:register(273)) - Registered Data node : 3b3ba6e7-bc1c-4c2c-a22e-347ee35d38bc{ip: 192.168.36.79, host: pr-hdds-1569-s8kj2-2266485376, networkLocation: /default-rack, certSerialId: null}
2019-09-20 08:52:03,939 [EventQueue-NodeRegistrationContainerReportForDataNodeSafeModeRule] INFO  safemode.SCMSafeModeManager (DataNodeSafeModeRule.java:process(71)) - SCM in safe mode. 1 DataNodes registered, 1 required.
2019-09-20 08:52:03,939 [EventQueue-NodeRegistrationContainerReportForDataNodeSafeModeRule] INFO  safemode.SCMSafeModeManager (SCMSafeModeManager.java:validateSafeModeExitRules(177)) - ScmSafeModeManager, all rules are successfully validated
2019-09-20 08:52:03,940 [EventQueue-NodeRegistrationContainerReportForDataNodeSafeModeRule] INFO  safemode.SCMSafeModeManager (SCMSafeModeManager.java:exitSafeMode(193)) - SCM exiting safe mode.
2019-09-20 08:52:03,953 | INFO  | SCMAudit | user=jenkins1000 | ip=192.168.36.79 | op=REGISTER {datanodeDetails=3b3ba6e7-bc1c-4c2c-a22e-347ee35d38bc{ip: 192.168.36.79, host: pr-hdds-1569-s8kj2-2266485376, networkLocation: /default-rack, certSerialId: null}} | ret=SUCCESS |  
2019-09-20 08:52:03,991 [main] INFO  ozone.MiniOzoneClusterImpl (MiniOzoneClusterImpl.java:lambda$waitForClusterToBeReady$0(142)) - Waiting for cluster to be ready. Got 1 of 5 DN Heartbeats.
2019-09-20 08:52:04,188 [IPC Server handler 1 on 41654] INFO  net.NetworkTopology (NetworkTopologyImpl.java:add(110)) - Added a new node: /default-rack/b94e02b2-da92-474d-abbd-fccabaa9f79e
2019-09-20 08:52:04,188 [IPC Server handler 1 on 41654] INFO  node.SCMNodeManager (SCMNodeManager.java:register(273)) - Registered Data node : b94e02b2-da92-474d-abbd-fccabaa9f79e{ip: 192.168.36.79, host: pr-hdds-1569-s8kj2-2266485376, networkLocation: /default-rack, certSerialId: null}
2019-09-20 08:52:04,189 | INFO  | SCMAudit | user=jenkins1000 | ip=192.168.36.79 | op=REGISTER {datanodeDetails=b94e02b2-da92-474d-abbd-fccabaa9f79e{ip: 192.168.36.79, host: pr-hdds-1569-s8kj2-2266485376, networkLocation: /default-rack, certSerialId: null}} | ret=SUCCESS |  
2019-09-20 08:52:04,438 [IPC Server handler 2 on 41654] INFO  net.NetworkTopology (NetworkTopologyImpl.java:add(110)) - Added a new node: /default-rack/44c728ea-0f6d-4328-96aa-117f098b9c99
2019-09-20 08:52:04,439 [IPC Server handler 2 on 41654] INFO  node.SCMNodeManager (SCMNodeManager.java:register(273)) - Registered Data node : 44c728ea-0f6d-4328-96aa-117f098b9c99{ip: 192.168.36.79, host: pr-hdds-1569-s8kj2-2266485376, networkLocation: /default-rack, certSerialId: null}
2019-09-20 08:52:04,439 | INFO  | SCMAudit | user=jenkins1000 | ip=192.168.36.79 | op=REGISTER {datanodeDetails=44c728ea-0f6d-4328-96aa-117f098b9c99{ip: 192.168.36.79, host: pr-hdds-1569-s8kj2-2266485376, networkLocation: /default-rack, certSerialId: null}} | ret=SUCCESS |  
2019-09-20 08:52:04,499 [grpc-default-executor-0] INFO  impl.RaftServerProxy (RaftServerProxy.java:addNew(89)) - 3b3ba6e7-bc1c-4c2c-a22e-347ee35d38bc: addNew group-4FE9ABC208CF:[3b3ba6e7-bc1c-4c2c-a22e-347ee35d38bc:192.168.36.79:34077] returns group-4FE9ABC208CF:java.util.concurrent.CompletableFuture@36866ed8[Not completed]
2019-09-20 08:52:04,528 [pool-27-thread-1] INFO  impl.RaftServerImpl (RaftServerImpl.java:<init>(93)) - 3b3ba6e7-bc1c-4c2c-a22e-347ee35d38bc: new RaftServerImpl for group-4FE9ABC208CF:[3b3ba6e7-bc1c-4c2c-a22e-347ee35d38bc:192.168.36.79:34077] with ContainerStateMachine:uninitialized
2019-09-20 08:52:04,530 [pool-27-thread-1] INFO  server.RaftServerConfigKeys (ConfUtils.java:logGet(43)) - raft.server.rpc.timeout.min = 5s (custom)
2019-09-20 08:52:04,532 [pool-27-thread-1] INFO  server.RaftServerConfigKeys (ConfUtils.java:logGet(43)) - raft.server.rpc.timeout.max = 5200ms (custom)
2019-09-20 08:52:04,532 [pool-27-thread-1] INFO  server.RaftServerConfigKeys (ConfUtils.java:logGet(43)) - raft.server.rpcslowness.timeout = 120s (custom)
2019-09-20 08:52:04,533 [pool-27-thread-1] INFO  server.RaftServerConfigKeys (ConfUtils.java:logGet(43)) - raft.server.sleep.deviation.threshold = 300 (default)
2019-09-20 08:52:04,534 [pool-27-thread-1] INFO  server.RaftServerConfigKeys (ConfUtils.java:logGet(43)) - raft.server.log.appender.install.snapshot.enabled = false (custom)
2019-09-20 08:52:04,965 [IPC Server handler 17 on 41654] INFO  net.NetworkTopology (NetworkTopologyImpl.java:add(110)) - Added a new node: /default-rack/f6ec089b-5516-4b64-9212-97eb604ab2a5
2019-09-20 08:52:04,966 [IPC Server handler 17 on 41654] INFO  node.SCMNodeManager (SCMNodeManager.java:register(273)) - Registered Data node : f6ec089b-5516-4b64-9212-97eb604ab2a5{ip: 192.168.36.79, host: pr-hdds-1569-s8kj2-2266485376, networkLocation: /default-rack, certSerialId: null}
2019-09-20 08:52:04,966 | INFO  | SCMAudit | user=jenkins1000 | ip=192.168.36.79 | op=REGISTER {datanodeDetails=f6ec089b-5516-4b64-9212-97eb604ab2a5{ip: 192.168.36.79, host: pr-hdds-1569-s8kj2-2266485376, networkLocation: /default-rack, certSerialId: null}} | ret=SUCCESS |  
2019-09-20 08:52:04,971 [pool-27-thread-1] INFO  impl.RaftServerImpl (ServerState.java:<init>(105)) - 3b3ba6e7-bc1c-4c2c-a22e-347ee35d38bc:group-4FE9ABC208CF ConfigurationManager, init=-1: [3b3ba6e7-bc1c-4c2c-a22e-347ee35d38bc:192.168.36.79:34077], old=null, confs=<EMPTY_MAP>
2019-09-20 08:52:04,971 [pool-27-thread-1] INFO  server.RaftServerConfigKeys (ConfUtils.java:logGet(43)) - raft.server.storage.dir = [/workdir/hadoop-ozone/tools/target/test-dir/MiniOzoneClusterImpl-da4e238f-9df3-4b07-9cd3-d36e1b7a1734/datanode-0/data/ratis] (custom)
2019-09-20 08:52:04,983 [pool-27-thread-1] INFO  storage.RaftStorageDirectory (RaftStorageDirectory.java:analyzeStorage(246)) - The storage directory /workdir/hadoop-ozone/tools/target/test-dir/MiniOzoneClusterImpl-da4e238f-9df3-4b07-9cd3-d36e1b7a1734/datanode-0/data/ratis/e3eac372-14b0-43dd-b48e-4fe9abc208cf does not exist. Creating ...
2019-09-20 08:52:04,994 [main] INFO  ozone.MiniOzoneClusterImpl (MiniOzoneClusterImpl.java:lambda$waitForClusterToBeReady$0(142)) - Waiting for cluster to be ready. Got 4 of 5 DN Heartbeats.
2019-09-20 08:52:04,995 [IPC Server handler 1 on 41654] INFO  net.NetworkTopology (NetworkTopologyImpl.java:add(110)) - Added a new node: /default-rack/2ddefaab-8349-47ab-a504-e432f9d495c5
2019-09-20 08:52:04,995 [IPC Server handler 1 on 41654] INFO  node.SCMNodeManager (SCMNodeManager.java:register(273)) - Registered Data node : 2ddefaab-8349-47ab-a504-e432f9d495c5{ip: 192.168.36.79, host: pr-hdds-1569-s8kj2-2266485376, networkLocation: /default-rack, certSerialId: null}
2019-09-20 08:52:04,996 | INFO  | SCMAudit | user=jenkins1000 | ip=192.168.36.79 | op=REGISTER {datanodeDetails=2ddefaab-8349-47ab-a504-e432f9d495c5{ip: 192.168.36.79, host: pr-hdds-1569-s8kj2-2266485376, networkLocation: /default-rack, certSerialId: null}} | ret=SUCCESS |  
2019-09-20 08:52:05,014 [pool-27-thread-1] INFO  storage.RaftStorageDirectory (RaftStorageDirectory.java:tryLock(328)) - Lock on /workdir/hadoop-ozone/tools/target/test-dir/MiniOzoneClusterImpl-da4e238f-9df3-4b07-9cd3-d36e1b7a1734/datanode-0/data/ratis/e3eac372-14b0-43dd-b48e-4fe9abc208cf/in_use.lock acquired by nodename 18156@pr-hdds-1569-s8kj2-2266485376
2019-09-20 08:52:05,043 [pool-27-thread-1] INFO  storage.RaftStorage (RaftStorage.java:format(72)) - Storage directory /workdir/hadoop-ozone/tools/target/test-dir/MiniOzoneClusterImpl-da4e238f-9df3-4b07-9cd3-d36e1b7a1734/datanode-0/data/ratis/e3eac372-14b0-43dd-b48e-4fe9abc208cf has been successfully formatted.
2019-09-20 08:52:05,047 [pool-27-thread-1] INFO  ratis.ContainerStateMachine (ContainerStateMachine.java:loadSnapshot(226)) - group-4FE9ABC208CF: The snapshot info is null. Setting the last applied indexto:(t:0, i:~)
2019-09-20 08:52:05,047 [pool-27-thread-1] INFO  server.RaftServerConfigKeys (ConfUtils.java:logGet(43)) - raft.server.leader.election.timeout = 120s (custom)
2019-09-20 08:52:05,051 [pool-27-thread-1] INFO  server.RaftServerConfigKeys (ConfUtils.java:logGet(43)) - raft.server.log.use.memory = false (default)
2019-09-20 08:52:05,059 [pool-27-thread-1] INFO  server.RaftServerConfigKeys (ConfUtils.java:logGet(43)) - raft.server.log.purge.gap = 1000000 (custom)
2019-09-20 08:52:05,059 [pool-27-thread-1] INFO  server.RaftServerConfigKeys (ConfUtils.java:logGet(43)) - raft.server.log.appender.buffer.byte-limit = 33554432 (custom)
2019-09-20 08:52:05,061 [pool-27-thread-1] INFO  server.RaftServerConfigKeys (ConfUtils.java:logGet(43)) - raft.server.log.segment.size.max = 1048576 (custom)
2019-09-20 08:52:05,068 [pool-27-thread-1] INFO  server.RaftServerConfigKeys (ConfUtils.java:logGet(43)) - raft.server.log.segment.cache.num.max = 2 (custom)
2019-09-20 08:52:05,075 [pool-27-thread-1] INFO  segmented.SegmentedRaftLogWorker (SegmentedRaftLogWorker.java:<init>(172)) - new 3b3ba6e7-bc1c-4c2c-a22e-347ee35d38bc-SegmentedRaftLogWorker:Storage Directory /workdir/hadoop-ozone/tools/target/test-dir/MiniOzoneClusterImpl-da4e238f-9df3-4b07-9cd3-d36e1b7a1734/datanode-0/data/ratis/e3eac372-14b0-43dd-b48e-4fe9abc208cf for RaftStorage:Storage Directory /workdir/hadoop-ozone/tools/target/test-dir/MiniOzoneClusterImpl-da4e238f-9df3-4b07-9cd3-d36e1b7a1734/datanode-0/data/ratis/e3eac372-14b0-43dd-b48e-4fe9abc208cf
2019-09-20 08:52:05,092 [pool-27-thread-1] INFO  server.RaftServerConfigKeys (ConfUtils.java:logGet(43)) - raft.server.log.queue.byte-limit = 2147483647 (custom)
2019-09-20 08:52:05,093 [pool-27-thread-1] INFO  server.RaftServerConfigKeys (ConfUtils.java:logGet(43)) - raft.server.log.queue.element-limit = 1024 (custom)
2019-09-20 08:52:05,099 [pool-27-thread-1] INFO  server.RaftServerConfigKeys (ConfUtils.java:logGet(43)) - raft.server.log.segment.size.max = 1048576 (custom)
2019-09-20 08:52:05,100 [pool-27-thread-1] INFO  server.RaftServerConfigKeys (ConfUtils.java:logGet(43)) - raft.server.log.preallocated.size = 16384 (custom)
2019-09-20 08:52:05,100 [pool-27-thread-1] INFO  server.RaftServerConfigKeys (ConfUtils.java:logGet(43)) - raft.server.log.write.buffer.size = 33554432 (custom)
2019-09-20 08:52:05,101 [pool-27-thread-1] INFO  server.RaftServerConfigKeys (ConfUtils.java:logGet(43)) - raft.server.log.force.sync.num = 128 (default)
2019-09-20 08:52:05,102 [pool-27-thread-1] INFO  server.RaftServerConfigKeys (ConfUtils.java:logGet(43)) - raft.server.log.statemachine.data.sync = true (default)
2019-09-20 08:52:05,102 [pool-27-thread-1] INFO  server.RaftServerConfigKeys (ConfUtils.java:logGet(43)) - raft.server.log.statemachine.data.sync.timeout = 10s (default)
2019-09-20 08:52:05,103 [pool-27-thread-1] INFO  server.RaftServerConfigKeys (ConfUtils.java:logGet(43)) - raft.server.log.statemachine.data.sync.timeout.retry = -1 (default)
2019-09-20 08:52:05,116 [pool-27-thread-1] INFO  server.RaftServerConfigKeys (ConfUtils.java:logGet(43)) - raft.server.log.statemachine.data.caching.enabled = true (custom)
2019-09-20 08:52:05,121 [pool-27-thread-1] INFO  segmented.SegmentedRaftLogWorker (SegmentedRaftLogWorker.java:lambda$new$0(132)) - 3b3ba6e7-bc1c-4c2c-a22e-347ee35d38bc-SegmentedRaftLogWorker:Storage Directory /workdir/hadoop-ozone/tools/target/test-dir/MiniOzoneClusterImpl-da4e238f-9df3-4b07-9cd3-d36e1b7a1734/datanode-0/data/ratis/e3eac372-14b0-43dd-b48e-4fe9abc208cf: flushIndex: setUnconditionally 0 -> -1
2019-09-20 08:52:05,125 [pool-27-thread-1] INFO  server.RaftServerConfigKeys (ConfUtils.java:logGet(43)) - raft.server.snapshot.auto.trigger.enabled = true (custom)
2019-09-20 08:52:05,126 [pool-27-thread-1] INFO  server.RaftServerConfigKeys (ConfUtils.java:logGet(43)) - raft.server.snapshot.auto.trigger.threshold = 10000 (custom)
2019-09-20 08:52:05,127 [pool-27-thread-1] INFO  server.RaftServerConfigKeys (ConfUtils.java:logGet(43)) - raft.server.retrycache.expirytime = 600000ms (custom)
2019-09-20 08:52:05,149 [pool-27-thread-1] INFO  impl.RaftServerImpl (RaftServerImpl.java:start(180)) - 3b3ba6e7-bc1c-4c2c-a22e-347ee35d38bc: start group-4FE9ABC208CF
2019-09-20 08:52:05,150 [pool-27-thread-1] INFO  impl.RaftServerImpl (RaftServerImpl.java:setRole(171)) - 3b3ba6e7-bc1c-4c2c-a22e-347ee35d38bc:group-4FE9ABC208CF changes role from null to FOLLOWER at term 0 for startAsFollower
2019-09-20 08:52:05,151 [pool-27-thread-1] INFO  impl.RoleInfo (RoleInfo.java:updateAndGet(143)) - 3b3ba6e7-bc1c-4c2c-a22e-347ee35d38bc: start FollowerState
2019-09-20 08:52:05,153 [pool-27-thread-1] INFO  util.JmxRegister (JmxRegister.java:tryRegister(44)) - Successfully registered JMX Bean with object name Ratis:service=RaftServer,group=group-4FE9ABC208CF,id=3b3ba6e7-bc1c-4c2c-a22e-347ee35d38bc
2019-09-20 08:52:05,229 [RatisPipelineUtilsThread] INFO  pipeline.PipelineStateManager (PipelineStateManager.java:addPipeline(56)) - Created pipeline Pipeline[ Id: e3eac372-14b0-43dd-b48e-4fe9abc208cf, Nodes: 3b3ba6e7-bc1c-4c2c-a22e-347ee35d38bc{ip: 192.168.36.79, host: pr-hdds-1569-s8kj2-2266485376, networkLocation: /default-rack, certSerialId: null}, Type:RATIS, Factor:ONE, State:OPEN]
2019-09-20 08:52:05,252 [grpc-default-executor-0] INFO  impl.RaftServerProxy (RaftServerProxy.java:addNew(89)) - 3b3ba6e7-bc1c-4c2c-a22e-347ee35d38bc: addNew group-393129320E14:[3b3ba6e7-bc1c-4c2c-a22e-347ee35d38bc:192.168.36.79:34077] returns group-393129320E14:java.util.concurrent.CompletableFuture@7a45e456[Not completed]
2019-09-20 08:52:05,254 [pool-27-thread-1] INFO  impl.RaftServerImpl (RaftServerImpl.java:<init>(93)) - 3b3ba6e7-bc1c-4c2c-a22e-347ee35d38bc: new RaftServerImpl for group-393129320E14:[3b3ba6e7-bc1c-4c2c-a22e-347ee35d38bc:192.168.36.79:34077] with ContainerStateMachine:uninitialized
2019-09-20 08:52:05,254 [pool-27-thread-1] INFO  server.RaftServerConfigKeys (ConfUtils.java:logGet(43)) - raft.server.rpc.timeout.min = 5s (custom)
2019-09-20 08:52:05,254 [pool-27-thread-1] INFO  server.RaftServerConfigKeys (ConfUtils.java:logGet(43)) - raft.server.rpc.timeout.max = 5200ms (custom)
2019-09-20 08:52:05,254 [pool-27-thread-1] INFO  server.RaftServerConfigKeys (ConfUtils.java:logGet(43)) - raft.server.rpcslowness.timeout = 120s (custom)
2019-09-20 08:52:05,254 [pool-27-thread-1] INFO  server.RaftServerConfigKeys (ConfUtils.java:logGet(43)) - raft.server.sleep.deviation.threshold = 300 (default)
2019-09-20 08:52:05,255 [pool-27-thread-1] INFO  server.RaftServerConfigKeys (ConfUtils.java:logGet(43)) - raft.server.log.appender.install.snapshot.enabled = false (custom)
2019-09-20 08:52:05,255 [pool-27-thread-1] INFO  impl.RaftServerImpl (ServerState.java:<init>(105)) - 3b3ba6e7-bc1c-4c2c-a22e-347ee35d38bc:group-393129320E14 ConfigurationManager, init=-1: [3b3ba6e7-bc1c-4c2c-a22e-347ee35d38bc:192.168.36.79:34077], old=null, confs=<EMPTY_MAP>
2019-09-20 08:52:05,255 [pool-27-thread-1] INFO  server.RaftServerConfigKeys (ConfUtils.java:logGet(43)) - raft.server.storage.dir = [/workdir/hadoop-ozone/tools/target/test-dir/MiniOzoneClusterImpl-da4e238f-9df3-4b07-9cd3-d36e1b7a1734/datanode-0/data/ratis] (custom)
2019-09-20 08:52:05,255 [pool-27-thread-1] INFO  storage.RaftStorageDirectory (RaftStorageDirectory.java:analyzeStorage(246)) - The storage directory /workdir/hadoop-ozone/tools/target/test-dir/MiniOzoneClusterImpl-da4e238f-9df3-4b07-9cd3-d36e1b7a1734/datanode-0/data/ratis/a68fcd65-838d-4e9c-8a5f-393129320e14 does not exist. Creating ...
2019-09-20 08:52:05,282 [pool-27-thread-1] INFO  storage.RaftStorageDirectory (RaftStorageDirectory.java:tryLock(328)) - Lock on /workdir/hadoop-ozone/tools/target/test-dir/MiniOzoneClusterImpl-da4e238f-9df3-4b07-9cd3-d36e1b7a1734/datanode-0/data/ratis/a68fcd65-838d-4e9c-8a5f-393129320e14/in_use.lock acquired by nodename 18156@pr-hdds-1569-s8kj2-2266485376
2019-09-20 08:52:05,338 [pool-27-thread-1] INFO  storage.RaftStorage (RaftStorage.java:format(72)) - Storage directory /workdir/hadoop-ozone/tools/target/test-dir/MiniOzoneClusterImpl-da4e238f-9df3-4b07-9cd3-d36e1b7a1734/datanode-0/data/ratis/a68fcd65-838d-4e9c-8a5f-393129320e14 has been successfully formatted.
2019-09-20 08:52:05,338 [pool-27-thread-1] INFO  ratis.ContainerStateMachine (ContainerStateMachine.java:loadSnapshot(226)) - group-393129320E14: The snapshot info is null. Setting the last applied indexto:(t:0, i:~)
2019-09-20 08:52:05,339 [pool-27-thread-1] INFO  server.RaftServerConfigKeys (ConfUtils.java:logGet(43)) - raft.server.leader.election.timeout = 120s (custom)
2019-09-20 08:52:05,339 [pool-27-thread-1] INFO  server.RaftServerConfigKeys (ConfUtils.java:logGet(43)) - raft.server.log.use.memory = false (default)
2019-09-20 08:52:05,339 [pool-27-thread-1] INFO  server.RaftServerConfigKeys (ConfUtils.java:logGet(43)) - raft.server.log.purge.gap = 1000000 (custom)
2019-09-20 08:52:05,339 [pool-27-thread-1] INFO  server.RaftServerConfigKeys (ConfUtils.java:logGet(43)) - raft.server.log.appender.buffer.byte-limit = 33554432 (custom)
2019-09-20 08:52:05,340 [pool-27-thread-1] INFO  server.RaftServerConfigKeys (ConfUtils.java:logGet(43)) - raft.server.log.segment.size.max = 1048576 (custom)
2019-09-20 08:52:05,340 [pool-27-thread-1] INFO  server.RaftServerConfigKeys (ConfUtils.java:logGet(43)) - raft.server.log.segment.cache.num.max = 2 (custom)
2019-09-20 08:52:05,340 [pool-27-thread-1] INFO  segmented.SegmentedRaftLogWorker (SegmentedRaftLogWorker.java:<init>(172)) - new 3b3ba6e7-bc1c-4c2c-a22e-347ee35d38bc-SegmentedRaftLogWorker:Storage Directory /workdir/hadoop-ozone/tools/target/test-dir/MiniOzoneClusterImpl-da4e238f-9df3-4b07-9cd3-d36e1b7a1734/datanode-0/data/ratis/a68fcd65-838d-4e9c-8a5f-393129320e14 for RaftStorage:Storage Directory /workdir/hadoop-ozone/tools/target/test-dir/MiniOzoneClusterImpl-da4e238f-9df3-4b07-9cd3-d36e1b7a1734/datanode-0/data/ratis/a68fcd65-838d-4e9c-8a5f-393129320e14
2019-09-20 08:52:05,340 [pool-27-thread-1] INFO  server.RaftServerConfigKeys (ConfUtils.java:logGet(43)) - raft.server.log.queue.byte-limit = 2147483647 (custom)
2019-09-20 08:52:05,340 [pool-27-thread-1] INFO  server.RaftServerConfigKeys (ConfUtils.java:logGet(43)) - raft.server.log.queue.element-limit = 1024 (custom)
2019-09-20 08:52:05,341 [pool-27-thread-1] INFO  server.RaftServerConfigKeys (ConfUtils.java:logGet(43)) - raft.server.log.segment.size.max = 1048576 (custom)
2019-09-20 08:52:05,341 [pool-27-thread-1] INFO  server.RaftServerConfigKeys (ConfUtils.java:logGet(43)) - raft.server.log.preallocated.size = 16384 (custom)
2019-09-20 08:52:05,341 [pool-27-thread-1] INFO  server.RaftServerConfigKeys (ConfUtils.java:logGet(43)) - raft.server.log.write.buffer.size = 33554432 (custom)
2019-09-20 08:52:05,341 [pool-27-thread-1] INFO  server.RaftServerConfigKeys (ConfUtils.java:logGet(43)) - raft.server.log.force.sync.num = 128 (default)
2019-09-20 08:52:05,341 [pool-27-thread-1] INFO  server.RaftServerConfigKeys (ConfUtils.java:logGet(43)) - raft.server.log.statemachine.data.sync = true (default)
2019-09-20 08:52:05,342 [pool-27-thread-1] INFO  server.RaftServerConfigKeys (ConfUtils.java:logGet(43)) - raft.server.log.statemachine.data.sync.timeout = 10s (default)
2019-09-20 08:52:05,342 [pool-27-thread-1] INFO  server.RaftServerConfigKeys (ConfUtils.java:logGet(43)) - raft.server.log.statemachine.data.sync.timeout.retry = -1 (default)
2019-09-20 08:52:05,342 [pool-27-thread-1] INFO  server.RaftServerConfigKeys (ConfUtils.java:logGet(43)) - raft.server.log.statemachine.data.caching.enabled = true (custom)
2019-09-20 08:52:05,343 [pool-27-thread-1] INFO  segmented.SegmentedRaftLogWorker (SegmentedRaftLogWorker.java:lambda$new$0(132)) - 3b3ba6e7-bc1c-4c2c-a22e-347ee35d38bc-SegmentedRaftLogWorker:Storage Directory /workdir/hadoop-ozone/tools/target/test-dir/MiniOzoneClusterImpl-da4e238f-9df3-4b07-9cd3-d36e1b7a1734/datanode-0/data/ratis/a68fcd65-838d-4e9c-8a5f-393129320e14: flushIndex: setUnconditionally 0 -> -1
2019-09-20 08:52:05,343 [pool-27-thread-1] INFO  server.RaftServerConfigKeys (ConfUtils.java:logGet(43)) - raft.server.snapshot.auto.trigger.enabled = true (custom)
2019-09-20 08:52:05,343 [pool-27-thread-1] INFO  server.RaftServerConfigKeys (ConfUtils.java:logGet(43)) - raft.server.snapshot.auto.trigger.threshold = 10000 (custom)
2019-09-20 08:52:05,343 [pool-27-thread-1] INFO  server.RaftServerConfigKeys (ConfUtils.java:logGet(43)) - raft.server.retrycache.expirytime = 600000ms (custom)
2019-09-20 08:52:05,344 [pool-27-thread-1] INFO  impl.RaftServerImpl (RaftServerImpl.java:start(180)) - 3b3ba6e7-bc1c-4c2c-a22e-347ee35d38bc: start group-393129320E14
2019-09-20 08:52:05,344 [pool-27-thread-1] INFO  impl.RaftServerImpl (RaftServerImpl.java:setRole(171)) - 3b3ba6e7-bc1c-4c2c-a22e-347ee35d38bc:group-393129320E14 changes role from null to FOLLOWER at term 0 for startAsFollower
2019-09-20 08:52:05,344 [pool-27-thread-1] INFO  impl.RoleInfo (RoleInfo.java:updateAndGet(143)) - 3b3ba6e7-bc1c-4c2c-a22e-347ee35d38bc: start FollowerState
2019-09-20 08:52:05,345 [pool-27-thread-1] INFO  util.JmxRegister (JmxRegister.java:tryRegister(44)) - Successfully registered JMX Bean with object name Ratis:service=RaftServer,group=group-393129320E14,id=3b3ba6e7-bc1c-4c2c-a22e-347ee35d38bc
2019-09-20 08:52:05,371 [RatisPipelineUtilsThread] INFO  pipeline.PipelineStateManager (PipelineStateManager.java:addPipeline(56)) - Created pipeline Pipeline[ Id: a68fcd65-838d-4e9c-8a5f-393129320e14, Nodes: 3b3ba6e7-bc1c-4c2c-a22e-347ee35d38bc{ip: 192.168.36.79, host: pr-hdds-1569-s8kj2-2266485376, networkLocation: /default-rack, certSerialId: null}, Type:RATIS, Factor:ONE, State:OPEN]
2019-09-20 08:52:05,389 [grpc-default-executor-0] INFO  impl.RaftServerProxy (RaftServerProxy.java:addNew(89)) - 44c728ea-0f6d-4328-96aa-117f098b9c99: addNew group-EA7FA9048126:[44c728ea-0f6d-4328-96aa-117f098b9c99:192.168.36.79:38728] returns group-EA7FA9048126:java.util.concurrent.CompletableFuture@48a05d15[Not completed]
2019-09-20 08:52:05,424 [pool-49-thread-1] INFO  impl.RaftServerImpl (RaftServerImpl.java:<init>(93)) - 44c728ea-0f6d-4328-96aa-117f098b9c99: new RaftServerImpl for group-EA7FA9048126:[44c728ea-0f6d-4328-96aa-117f098b9c99:192.168.36.79:38728] with ContainerStateMachine:uninitialized
2019-09-20 08:52:05,425 [pool-49-thread-1] INFO  server.RaftServerConfigKeys (ConfUtils.java:logGet(43)) - raft.server.rpc.timeout.min = 5s (custom)
2019-09-20 08:52:05,426 [pool-49-thread-1] INFO  server.RaftServerConfigKeys (ConfUtils.java:logGet(43)) - raft.server.rpc.timeout.max = 5200ms (custom)
2019-09-20 08:52:05,426 [pool-49-thread-1] INFO  server.RaftServerConfigKeys (ConfUtils.java:logGet(43)) - raft.server.rpcslowness.timeout = 120s (custom)
2019-09-20 08:52:05,426 [pool-49-thread-1] INFO  server.RaftServerConfigKeys (ConfUtils.java:logGet(43)) - raft.server.sleep.deviation.threshold = 300 (default)
2019-09-20 08:52:05,426 [pool-49-thread-1] INFO  server.RaftServerConfigKeys (ConfUtils.java:logGet(43)) - raft.server.log.appender.install.snapshot.enabled = false (custom)
2019-09-20 08:52:05,426 [pool-49-thread-1] INFO  impl.RaftServerImpl (ServerState.java:<init>(105)) - 44c728ea-0f6d-4328-96aa-117f098b9c99:group-EA7FA9048126 ConfigurationManager, init=-1: [44c728ea-0f6d-4328-96aa-117f098b9c99:192.168.36.79:38728], old=null, confs=<EMPTY_MAP>
2019-09-20 08:52:05,427 [pool-49-thread-1] INFO  server.RaftServerConfigKeys (ConfUtils.java:logGet(43)) - raft.server.storage.dir = [/workdir/hadoop-ozone/tools/target/test-dir/MiniOzoneClusterImpl-da4e238f-9df3-4b07-9cd3-d36e1b7a1734/datanode-2/data/ratis] (custom)
2019-09-20 08:52:05,427 [pool-49-thread-1] INFO  storage.RaftStorageDirectory (RaftStorageDirectory.java:analyzeStorage(246)) - The storage directory /workdir/hadoop-ozone/tools/target/test-dir/MiniOzoneClusterImpl-da4e238f-9df3-4b07-9cd3-d36e1b7a1734/datanode-2/data/ratis/6eb21066-843f-428b-875a-ea7fa9048126 does not exist. Creating ...
2019-09-20 08:52:05,461 [pool-49-thread-1] INFO  storage.RaftStorageDirectory (RaftStorageDirectory.java:tryLock(328)) - Lock on /workdir/hadoop-ozone/tools/target/test-dir/MiniOzoneClusterImpl-da4e238f-9df3-4b07-9cd3-d36e1b7a1734/datanode-2/data/ratis/6eb21066-843f-428b-875a-ea7fa9048126/in_use.lock acquired by nodename 18156@pr-hdds-1569-s8kj2-2266485376
2019-09-20 08:52:05,487 [pool-49-thread-1] INFO  storage.RaftStorage (RaftStorage.java:format(72)) - Storage directory /workdir/hadoop-ozone/tools/target/test-dir/MiniOzoneClusterImpl-da4e238f-9df3-4b07-9cd3-d36e1b7a1734/datanode-2/data/ratis/6eb21066-843f-428b-875a-ea7fa9048126 has been successfully formatted.
2019-09-20 08:52:05,489 [pool-49-thread-1] INFO  ratis.ContainerStateMachine (ContainerStateMachine.java:loadSnapshot(226)) - group-EA7FA9048126: The snapshot info is null. Setting the last applied indexto:(t:0, i:~)
2019-09-20 08:52:05,490 [pool-49-thread-1] INFO  server.RaftServerConfigKeys (ConfUtils.java:logGet(43)) - raft.server.leader.election.timeout = 120s (custom)
2019-09-20 08:52:05,491 [pool-49-thread-1] INFO  server.RaftServerConfigKeys (ConfUtils.java:logGet(43)) - raft.server.log.use.memory = false (default)
2019-09-20 08:52:05,491 [pool-49-thread-1] INFO  server.RaftServerConfigKeys (ConfUtils.java:logGet(43)) - raft.server.log.purge.gap = 1000000 (custom)
2019-09-20 08:52:05,491 [pool-49-thread-1] INFO  server.RaftServerConfigKeys (ConfUtils.java:logGet(43)) - raft.server.log.appender.buffer.byte-limit = 33554432 (custom)
2019-09-20 08:52:05,491 [pool-49-thread-1] INFO  server.RaftServerConfigKeys (ConfUtils.java:logGet(43)) - raft.server.log.segment.size.max = 1048576 (custom)
2019-09-20 08:52:05,491 [pool-49-thread-1] INFO  server.RaftServerConfigKeys (ConfUtils.java:logGet(43)) - raft.server.log.segment.cache.num.max = 2 (custom)
2019-09-20 08:52:05,492 [pool-49-thread-1] INFO  segmented.SegmentedRaftLogWorker (SegmentedRaftLogWorker.java:<init>(172)) - new 44c728ea-0f6d-4328-96aa-117f098b9c99-SegmentedRaftLogWorker:Storage Directory /workdir/hadoop-ozone/tools/target/test-dir/MiniOzoneClusterImpl-da4e238f-9df3-4b07-9cd3-d36e1b7a1734/datanode-2/data/ratis/6eb21066-843f-428b-875a-ea7fa9048126 for RaftStorage:Storage Directory /workdir/hadoop-ozone/tools/target/test-dir/MiniOzoneClusterImpl-da4e238f-9df3-4b07-9cd3-d36e1b7a1734/datanode-2/data/ratis/6eb21066-843f-428b-875a-ea7fa9048126
2019-09-20 08:52:05,493 [pool-49-thread-1] INFO  server.RaftServerConfigKeys (ConfUtils.java:logGet(43)) - raft.server.log.queue.byte-limit = 2147483647 (custom)
2019-09-20 08:52:05,494 [pool-49-thread-1] INFO  server.RaftServerConfigKeys (ConfUtils.java:logGet(43)) - raft.server.log.queue.element-limit = 1024 (custom)
2019-09-20 08:52:05,494 [pool-49-thread-1] INFO  server.RaftServerConfigKeys (ConfUtils.java:logGet(43)) - raft.server.log.segment.size.max = 1048576 (custom)
2019-09-20 08:52:05,494 [pool-49-thread-1] INFO  server.RaftServerConfigKeys (ConfUtils.java:logGet(43)) - raft.server.log.preallocated.size = 16384 (custom)
2019-09-20 08:52:05,494 [pool-49-thread-1] INFO  server.RaftServerConfigKeys (ConfUtils.java:logGet(43)) - raft.server.log.write.buffer.size = 33554432 (custom)
2019-09-20 08:52:05,495 [pool-49-thread-1] INFO  server.RaftServerConfigKeys (ConfUtils.java:logGet(43)) - raft.server.log.force.sync.num = 128 (default)
2019-09-20 08:52:05,495 [pool-49-thread-1] INFO  server.RaftServerConfigKeys (ConfUtils.java:logGet(43)) - raft.server.log.statemachine.data.sync = true (default)
2019-09-20 08:52:05,495 [pool-49-thread-1] INFO  server.RaftServerConfigKeys (ConfUtils.java:logGet(43)) - raft.server.log.statemachine.data.sync.timeout = 10s (default)
2019-09-20 08:52:05,495 [pool-49-thread-1] INFO  server.RaftServerConfigKeys (ConfUtils.java:logGet(43)) - raft.server.log.statemachine.data.sync.timeout.retry = -1 (default)
2019-09-20 08:52:05,496 [pool-49-thread-1] INFO  server.RaftServerConfigKeys (ConfUtils.java:logGet(43)) - raft.server.log.statemachine.data.caching.enabled = true (custom)
2019-09-20 08:52:05,496 [pool-49-thread-1] INFO  segmented.SegmentedRaftLogWorker (SegmentedRaftLogWorker.java:lambda$new$0(132)) - 44c728ea-0f6d-4328-96aa-117f098b9c99-SegmentedRaftLogWorker:Storage Directory /workdir/hadoop-ozone/tools/target/test-dir/MiniOzoneClusterImpl-da4e238f-9df3-4b07-9cd3-d36e1b7a1734/datanode-2/data/ratis/6eb21066-843f-428b-875a-ea7fa9048126: flushIndex: setUnconditionally 0 -> -1
2019-09-20 08:52:05,497 [pool-49-thread-1] INFO  server.RaftServerConfigKeys (ConfUtils.java:logGet(43)) - raft.server.snapshot.auto.trigger.enabled = true (custom)
2019-09-20 08:52:05,497 [pool-49-thread-1] INFO  server.RaftServerConfigKeys (ConfUtils.java:logGet(43)) - raft.server.snapshot.auto.trigger.threshold = 10000 (custom)
2019-09-20 08:52:05,497 [pool-49-thread-1] INFO  server.RaftServerConfigKeys (ConfUtils.java:logGet(43)) - raft.server.retrycache.expirytime = 600000ms (custom)
2019-09-20 08:52:05,498 [pool-49-thread-1] INFO  impl.RaftServerImpl (RaftServerImpl.java:start(180)) - 44c728ea-0f6d-4328-96aa-117f098b9c99: start group-EA7FA9048126
2019-09-20 08:52:05,498 [pool-49-thread-1] INFO  impl.RaftServerImpl (RaftServerImpl.java:setRole(171)) - 44c728ea-0f6d-4328-96aa-117f098b9c99:group-EA7FA9048126 changes role from null to FOLLOWER at term 0 for startAsFollower
2019-09-20 08:52:05,498 [pool-49-thread-1] INFO  impl.RoleInfo (RoleInfo.java:updateAndGet(143)) - 44c728ea-0f6d-4328-96aa-117f098b9c99: start FollowerState
2019-09-20 08:52:05,500 [pool-49-thread-1] INFO  util.JmxRegister (JmxRegister.java:tryRegister(44)) - Successfully registered JMX Bean with object name Ratis:service=RaftServer,group=group-EA7FA9048126,id=44c728ea-0f6d-4328-96aa-117f098b9c99
2019-09-20 08:52:05,514 [RatisPipelineUtilsThread] INFO  pipeline.PipelineStateManager (PipelineStateManager.java:addPipeline(56)) - Created pipeline Pipeline[ Id: 6eb21066-843f-428b-875a-ea7fa9048126, Nodes: 44c728ea-0f6d-4328-96aa-117f098b9c99{ip: 192.168.36.79, host: pr-hdds-1569-s8kj2-2266485376, networkLocation: /default-rack, certSerialId: null}, Type:RATIS, Factor:ONE, State:OPEN]
2019-09-20 08:52:05,535 [grpc-default-executor-0] INFO  impl.RaftServerProxy (RaftServerProxy.java:addNew(89)) - 44c728ea-0f6d-4328-96aa-117f098b9c99: addNew group-F055A1DF12A9:[44c728ea-0f6d-4328-96aa-117f098b9c99:192.168.36.79:38728] returns group-F055A1DF12A9:java.util.concurrent.CompletableFuture@505daf7c[Not completed]
2019-09-20 08:52:05,537 [pool-49-thread-1] INFO  impl.RaftServerImpl (RaftServerImpl.java:<init>(93)) - 44c728ea-0f6d-4328-96aa-117f098b9c99: new RaftServerImpl for group-F055A1DF12A9:[44c728ea-0f6d-4328-96aa-117f098b9c99:192.168.36.79:38728] with ContainerStateMachine:uninitialized
2019-09-20 08:52:05,537 [pool-49-thread-1] INFO  server.RaftServerConfigKeys (ConfUtils.java:logGet(43)) - raft.server.rpc.timeout.min = 5s (custom)
2019-09-20 08:52:05,537 [pool-49-thread-1] INFO  server.RaftServerConfigKeys (ConfUtils.java:logGet(43)) - raft.server.rpc.timeout.max = 5200ms (custom)
2019-09-20 08:52:05,537 [pool-49-thread-1] INFO  server.RaftServerConfigKeys (ConfUtils.java:logGet(43)) - raft.server.rpcslowness.timeout = 120s (custom)
2019-09-20 08:52:05,538 [pool-49-thread-1] INFO  server.RaftServerConfigKeys (ConfUtils.java:logGet(43)) - raft.server.sleep.deviation.threshold = 300 (default)
2019-09-20 08:52:05,538 [pool-49-thread-1] INFO  server.RaftServerConfigKeys (ConfUtils.java:logGet(43)) - raft.server.log.appender.install.snapshot.enabled = false (custom)
2019-09-20 08:52:05,538 [pool-49-thread-1] INFO  impl.RaftServerImpl (ServerState.java:<init>(105)) - 44c728ea-0f6d-4328-96aa-117f098b9c99:group-F055A1DF12A9 ConfigurationManager, init=-1: [44c728ea-0f6d-4328-96aa-117f098b9c99:192.168.36.79:38728], old=null, confs=<EMPTY_MAP>
2019-09-20 08:52:05,538 [pool-49-thread-1] INFO  server.RaftServerConfigKeys (ConfUtils.java:logGet(43)) - raft.server.storage.dir = [/workdir/hadoop-ozone/tools/target/test-dir/MiniOzoneClusterImpl-da4e238f-9df3-4b07-9cd3-d36e1b7a1734/datanode-2/data/ratis] (custom)
2019-09-20 08:52:05,539 [pool-49-thread-1] INFO  storage.RaftStorageDirectory (RaftStorageDirectory.java:analyzeStorage(246)) - The storage directory /workdir/hadoop-ozone/tools/target/test-dir/MiniOzoneClusterImpl-da4e238f-9df3-4b07-9cd3-d36e1b7a1734/datanode-2/data/ratis/4580bc81-35b3-4a94-9a57-f055a1df12a9 does not exist. Creating ...
2019-09-20 08:52:05,567 [pool-49-thread-1] INFO  storage.RaftStorageDirectory (RaftStorageDirectory.java:tryLock(328)) - Lock on /workdir/hadoop-ozone/tools/target/test-dir/MiniOzoneClusterImpl-da4e238f-9df3-4b07-9cd3-d36e1b7a1734/datanode-2/data/ratis/4580bc81-35b3-4a94-9a57-f055a1df12a9/in_use.lock acquired by nodename 18156@pr-hdds-1569-s8kj2-2266485376
2019-09-20 08:52:05,594 [pool-49-thread-1] INFO  storage.RaftStorage (RaftStorage.java:format(72)) - Storage directory /workdir/hadoop-ozone/tools/target/test-dir/MiniOzoneClusterImpl-da4e238f-9df3-4b07-9cd3-d36e1b7a1734/datanode-2/data/ratis/4580bc81-35b3-4a94-9a57-f055a1df12a9 has been successfully formatted.
2019-09-20 08:52:05,594 [pool-49-thread-1] INFO  ratis.ContainerStateMachine (ContainerStateMachine.java:loadSnapshot(226)) - group-F055A1DF12A9: The snapshot info is null. Setting the last applied indexto:(t:0, i:~)
2019-09-20 08:52:05,595 [pool-49-thread-1] INFO  server.RaftServerConfigKeys (ConfUtils.java:logGet(43)) - raft.server.leader.election.timeout = 120s (custom)
2019-09-20 08:52:05,595 [pool-49-thread-1] INFO  server.RaftServerConfigKeys (ConfUtils.java:logGet(43)) - raft.server.log.use.memory = false (default)
2019-09-20 08:52:05,595 [pool-49-thread-1] INFO  server.RaftServerConfigKeys (ConfUtils.java:logGet(43)) - raft.server.log.purge.gap = 1000000 (custom)
2019-09-20 08:52:05,595 [pool-49-thread-1] INFO  server.RaftServerConfigKeys (ConfUtils.java:logGet(43)) - raft.server.log.appender.buffer.byte-limit = 33554432 (custom)
2019-09-20 08:52:05,595 [pool-49-thread-1] INFO  server.RaftServerConfigKeys (ConfUtils.java:logGet(43)) - raft.server.log.segment.size.max = 1048576 (custom)
2019-09-20 08:52:05,596 [pool-49-thread-1] INFO  server.RaftServerConfigKeys (ConfUtils.java:logGet(43)) - raft.server.log.segment.cache.num.max = 2 (custom)
2019-09-20 08:52:05,596 [pool-49-thread-1] INFO  segmented.SegmentedRaftLogWorker (SegmentedRaftLogWorker.java:<init>(172)) - new 44c728ea-0f6d-4328-96aa-117f098b9c99-SegmentedRaftLogWorker:Storage Directory /workdir/hadoop-ozone/tools/target/test-dir/MiniOzoneClusterImpl-da4e238f-9df3-4b07-9cd3-d36e1b7a1734/datanode-2/data/ratis/4580bc81-35b3-4a94-9a57-f055a1df12a9 for RaftStorage:Storage Directory /workdir/hadoop-ozone/tools/target/test-dir/MiniOzoneClusterImpl-da4e238f-9df3-4b07-9cd3-d36e1b7a1734/datanode-2/data/ratis/4580bc81-35b3-4a94-9a57-f055a1df12a9
2019-09-20 08:52:05,596 [pool-49-thread-1] INFO  server.RaftServerConfigKeys (ConfUtils.java:logGet(43)) - raft.server.log.queue.byte-limit = 2147483647 (custom)
2019-09-20 08:52:05,596 [pool-49-thread-1] INFO  server.RaftServerConfigKeys (ConfUtils.java:logGet(43)) - raft.server.log.queue.element-limit = 1024 (custom)
2019-09-20 08:52:05,596 [pool-49-thread-1] INFO  server.RaftServerConfigKeys (ConfUtils.java:logGet(43)) - raft.server.log.segment.size.max = 1048576 (custom)
2019-09-20 08:52:05,597 [pool-49-thread-1] INFO  server.RaftServerConfigKeys (ConfUtils.java:logGet(43)) - raft.server.log.preallocated.size = 16384 (custom)
2019-09-20 08:52:05,597 [pool-49-thread-1] INFO  server.RaftServerConfigKeys (ConfUtils.java:logGet(43)) - raft.server.log.write.buffer.size = 33554432 (custom)
2019-09-20 08:52:05,597 [pool-49-thread-1] INFO  server.RaftServerConfigKeys (ConfUtils.java:logGet(43)) - raft.server.log.force.sync.num = 128 (default)
2019-09-20 08:52:05,597 [pool-49-thread-1] INFO  server.RaftServerConfigKeys (ConfUtils.java:logGet(43)) - raft.server.log.statemachine.data.sync = true (default)
2019-09-20 08:52:05,597 [pool-49-thread-1] INFO  server.RaftServerConfigKeys (ConfUtils.java:logGet(43)) - raft.server.log.statemachine.data.sync.timeout = 10s (default)
2019-09-20 08:52:05,598 [pool-49-thread-1] INFO  server.RaftServerConfigKeys (ConfUtils.java:logGet(43)) - raft.server.log.statemachine.data.sync.timeout.retry = -1 (default)
2019-09-20 08:52:05,598 [pool-49-thread-1] INFO  server.RaftServerConfigKeys (ConfUtils.java:logGet(43)) - raft.server.log.statemachine.data.caching.enabled = true (custom)
2019-09-20 08:52:05,598 [pool-49-thread-1] INFO  segmented.SegmentedRaftLogWorker (SegmentedRaftLogWorker.java:lambda$new$0(132)) - 44c728ea-0f6d-4328-96aa-117f098b9c99-SegmentedRaftLogWorker:Storage Directory /workdir/hadoop-ozone/tools/target/test-dir/MiniOzoneClusterImpl-da4e238f-9df3-4b07-9cd3-d36e1b7a1734/datanode-2/data/ratis/4580bc81-35b3-4a94-9a57-f055a1df12a9: flushIndex: setUnconditionally 0 -> -1
2019-09-20 08:52:05,599 [pool-49-thread-1] INFO  server.RaftServerConfigKeys (ConfUtils.java:logGet(43)) - raft.server.snapshot.auto.trigger.enabled = true (custom)
2019-09-20 08:52:05,599 [pool-49-thread-1] INFO  server.RaftServerConfigKeys (ConfUtils.java:logGet(43)) - raft.server.snapshot.auto.trigger.threshold = 10000 (custom)
2019-09-20 08:52:05,599 [pool-49-thread-1] INFO  server.RaftServerConfigKeys (ConfUtils.java:logGet(43)) - raft.server.retrycache.expirytime = 600000ms (custom)
2019-09-20 08:52:05,600 [pool-49-thread-1] INFO  impl.RaftServerImpl (RaftServerImpl.java:start(180)) - 44c728ea-0f6d-4328-96aa-117f098b9c99: start group-F055A1DF12A9
2019-09-20 08:52:05,600 [pool-49-thread-1] INFO  impl.RaftServerImpl (RaftServerImpl.java:setRole(171)) - 44c728ea-0f6d-4328-96aa-117f098b9c99:group-F055A1DF12A9 changes role from null to FOLLOWER at term 0 for startAsFollower
2019-09-20 08:52:05,600 [pool-49-thread-1] INFO  impl.RoleInfo (RoleInfo.java:updateAndGet(143)) - 44c728ea-0f6d-4328-96aa-117f098b9c99: start FollowerState
2019-09-20 08:52:05,601 [pool-49-thread-1] INFO  util.JmxRegister (JmxRegister.java:tryRegister(44)) - Successfully registered JMX Bean with object name Ratis:service=RaftServer,group=group-F055A1DF12A9,id=44c728ea-0f6d-4328-96aa-117f098b9c99
2019-09-20 08:52:05,613 [RatisPipelineUtilsThread] INFO  pipeline.PipelineStateManager (PipelineStateManager.java:addPipeline(56)) - Created pipeline Pipeline[ Id: 4580bc81-35b3-4a94-9a57-f055a1df12a9, Nodes: 44c728ea-0f6d-4328-96aa-117f098b9c99{ip: 192.168.36.79, host: pr-hdds-1569-s8kj2-2266485376, networkLocation: /default-rack, certSerialId: null}, Type:RATIS, Factor:ONE, State:OPEN]
2019-09-20 08:52:05,639 [grpc-default-executor-0] INFO  impl.RaftServerProxy (RaftServerProxy.java:addNew(89)) - f6ec089b-5516-4b64-9212-97eb604ab2a5: addNew group-DCB8E4BF8297:[f6ec089b-5516-4b64-9212-97eb604ab2a5:192.168.36.79:40071] returns group-DCB8E4BF8297:java.util.concurrent.CompletableFuture@70dfbb4e[Not completed]
2019-09-20 08:52:05,650 [pool-60-thread-1] INFO  impl.RaftServerImpl (RaftServerImpl.java:<init>(93)) - f6ec089b-5516-4b64-9212-97eb604ab2a5: new RaftServerImpl for group-DCB8E4BF8297:[f6ec089b-5516-4b64-9212-97eb604ab2a5:192.168.36.79:40071] with ContainerStateMachine:uninitialized
2019-09-20 08:52:05,651 [pool-60-thread-1] INFO  server.RaftServerConfigKeys (ConfUtils.java:logGet(43)) - raft.server.rpc.timeout.min = 5s (custom)
2019-09-20 08:52:05,651 [pool-60-thread-1] INFO  server.RaftServerConfigKeys (ConfUtils.java:logGet(43)) - raft.server.rpc.timeout.max = 5200ms (custom)
2019-09-20 08:52:05,651 [pool-60-thread-1] INFO  server.RaftServerConfigKeys (ConfUtils.java:logGet(43)) - raft.server.rpcslowness.timeout = 120s (custom)
2019-09-20 08:52:05,651 [pool-60-thread-1] INFO  server.RaftServerConfigKeys (ConfUtils.java:logGet(43)) - raft.server.sleep.deviation.threshold = 300 (default)
2019-09-20 08:52:05,652 [pool-60-thread-1] INFO  server.RaftServerConfigKeys (ConfUtils.java:logGet(43)) - raft.server.log.appender.install.snapshot.enabled = false (custom)
2019-09-20 08:52:05,652 [pool-60-thread-1] INFO  impl.RaftServerImpl (ServerState.java:<init>(105)) - f6ec089b-5516-4b64-9212-97eb604ab2a5:group-DCB8E4BF8297 ConfigurationManager, init=-1: [f6ec089b-5516-4b64-9212-97eb604ab2a5:192.168.36.79:40071], old=null, confs=<EMPTY_MAP>
2019-09-20 08:52:05,652 [pool-60-thread-1] INFO  server.RaftServerConfigKeys (ConfUtils.java:logGet(43)) - raft.server.storage.dir = [/workdir/hadoop-ozone/tools/target/test-dir/MiniOzoneClusterImpl-da4e238f-9df3-4b07-9cd3-d36e1b7a1734/datanode-3/data/ratis] (custom)
2019-09-20 08:52:05,653 [pool-60-thread-1] INFO  storage.RaftStorageDirectory (RaftStorageDirectory.java:analyzeStorage(246)) - The storage directory /workdir/hadoop-ozone/tools/target/test-dir/MiniOzoneClusterImpl-da4e238f-9df3-4b07-9cd3-d36e1b7a1734/datanode-3/data/ratis/7610321f-995a-4009-b365-dcb8e4bf8297 does not exist. Creating ...
2019-09-20 08:52:05,681 [pool-60-thread-1] INFO  storage.RaftStorageDirectory (RaftStorageDirectory.java:tryLock(328)) - Lock on /workdir/hadoop-ozone/tools/target/test-dir/MiniOzoneClusterImpl-da4e238f-9df3-4b07-9cd3-d36e1b7a1734/datanode-3/data/ratis/7610321f-995a-4009-b365-dcb8e4bf8297/in_use.lock acquired by nodename 18156@pr-hdds-1569-s8kj2-2266485376
2019-09-20 08:52:05,721 [pool-60-thread-1] INFO  storage.RaftStorage (RaftStorage.java:format(72)) - Storage directory /workdir/hadoop-ozone/tools/target/test-dir/MiniOzoneClusterImpl-da4e238f-9df3-4b07-9cd3-d36e1b7a1734/datanode-3/data/ratis/7610321f-995a-4009-b365-dcb8e4bf8297 has been successfully formatted.
2019-09-20 08:52:05,722 [pool-60-thread-1] INFO  ratis.ContainerStateMachine (ContainerStateMachine.java:loadSnapshot(226)) - group-DCB8E4BF8297: The snapshot info is null. Setting the last applied indexto:(t:0, i:~)
2019-09-20 08:52:05,722 [pool-60-thread-1] INFO  server.RaftServerConfigKeys (ConfUtils.java:logGet(43)) - raft.server.leader.election.timeout = 120s (custom)
2019-09-20 08:52:05,722 [pool-60-thread-1] INFO  server.RaftServerConfigKeys (ConfUtils.java:logGet(43)) - raft.server.log.use.memory = false (default)
2019-09-20 08:52:05,722 [pool-60-thread-1] INFO  server.RaftServerConfigKeys (ConfUtils.java:logGet(43)) - raft.server.log.purge.gap = 1000000 (custom)
2019-09-20 08:52:05,722 [pool-60-thread-1] INFO  server.RaftServerConfigKeys (ConfUtils.java:logGet(43)) - raft.server.log.appender.buffer.byte-limit = 33554432 (custom)
2019-09-20 08:52:05,723 [pool-60-thread-1] INFO  server.RaftServerConfigKeys (ConfUtils.java:logGet(43)) - raft.server.log.segment.size.max = 1048576 (custom)
2019-09-20 08:52:05,723 [pool-60-thread-1] INFO  server.RaftServerConfigKeys (ConfUtils.java:logGet(43)) - raft.server.log.segment.cache.num.max = 2 (custom)
2019-09-20 08:52:05,723 [pool-60-thread-1] INFO  segmented.SegmentedRaftLogWorker (SegmentedRaftLogWorker.java:<init>(172)) - new f6ec089b-5516-4b64-9212-97eb604ab2a5-SegmentedRaftLogWorker:Storage Directory /workdir/hadoop-ozone/tools/target/test-dir/MiniOzoneClusterImpl-da4e238f-9df3-4b07-9cd3-d36e1b7a1734/datanode-3/data/ratis/7610321f-995a-4009-b365-dcb8e4bf8297 for RaftStorage:Storage Directory /workdir/hadoop-ozone/tools/target/test-dir/MiniOzoneClusterImpl-da4e238f-9df3-4b07-9cd3-d36e1b7a1734/datanode-3/data/ratis/7610321f-995a-4009-b365-dcb8e4bf8297
2019-09-20 08:52:05,723 [pool-60-thread-1] INFO  server.RaftServerConfigKeys (ConfUtils.java:logGet(43)) - raft.server.log.queue.byte-limit = 2147483647 (custom)
2019-09-20 08:52:05,723 [pool-60-thread-1] INFO  server.RaftServerConfigKeys (ConfUtils.java:logGet(43)) - raft.server.log.queue.element-limit = 1024 (custom)
2019-09-20 08:52:05,724 [pool-60-thread-1] INFO  server.RaftServerConfigKeys (ConfUtils.java:logGet(43)) - raft.server.log.segment.size.max = 1048576 (custom)
2019-09-20 08:52:05,724 [pool-60-thread-1] INFO  server.RaftServerConfigKeys (ConfUtils.java:logGet(43)) - raft.server.log.preallocated.size = 16384 (custom)
2019-09-20 08:52:05,724 [pool-60-thread-1] INFO  server.RaftServerConfigKeys (ConfUtils.java:logGet(43)) - raft.server.log.write.buffer.size = 33554432 (custom)
2019-09-20 08:52:05,724 [pool-60-thread-1] INFO  server.RaftServerConfigKeys (ConfUtils.java:logGet(43)) - raft.server.log.force.sync.num = 128 (default)
2019-09-20 08:52:05,724 [pool-60-thread-1] INFO  server.RaftServerConfigKeys (ConfUtils.java:logGet(43)) - raft.server.log.statemachine.data.sync = true (default)
2019-09-20 08:52:05,725 [pool-60-thread-1] INFO  server.RaftServerConfigKeys (ConfUtils.java:logGet(43)) - raft.server.log.statemachine.data.sync.timeout = 10s (default)
2019-09-20 08:52:05,725 [pool-60-thread-1] INFO  server.RaftServerConfigKeys (ConfUtils.java:logGet(43)) - raft.server.log.statemachine.data.sync.timeout.retry = -1 (default)
2019-09-20 08:52:05,725 [pool-60-thread-1] INFO  server.RaftServerConfigKeys (ConfUtils.java:logGet(43)) - raft.server.log.statemachine.data.caching.enabled = true (custom)
2019-09-20 08:52:05,726 [pool-60-thread-1] INFO  segmented.SegmentedRaftLogWorker (SegmentedRaftLogWorker.java:lambda$new$0(132)) - f6ec089b-5516-4b64-9212-97eb604ab2a5-SegmentedRaftLogWorker:Storage Directory /workdir/hadoop-ozone/tools/target/test-dir/MiniOzoneClusterImpl-da4e238f-9df3-4b07-9cd3-d36e1b7a1734/datanode-3/data/ratis/7610321f-995a-4009-b365-dcb8e4bf8297: flushIndex: setUnconditionally 0 -> -1
2019-09-20 08:52:05,726 [pool-60-thread-1] INFO  server.RaftServerConfigKeys (ConfUtils.java:logGet(43)) - raft.server.snapshot.auto.trigger.enabled = true (custom)
2019-09-20 08:52:05,726 [pool-60-thread-1] INFO  server.RaftServerConfigKeys (ConfUtils.java:logGet(43)) - raft.server.snapshot.auto.trigger.threshold = 10000 (custom)
2019-09-20 08:52:05,726 [pool-60-thread-1] INFO  server.RaftServerConfigKeys (ConfUtils.java:logGet(43)) - raft.server.retrycache.expirytime = 600000ms (custom)
2019-09-20 08:52:05,727 [pool-60-thread-1] INFO  impl.RaftServerImpl (RaftServerImpl.java:start(180)) - f6ec089b-5516-4b64-9212-97eb604ab2a5: start group-DCB8E4BF8297
2019-09-20 08:52:05,727 [pool-60-thread-1] INFO  impl.RaftServerImpl (RaftServerImpl.java:setRole(171)) - f6ec089b-5516-4b64-9212-97eb604ab2a5:group-DCB8E4BF8297 changes role from null to FOLLOWER at term 0 for startAsFollower
2019-09-20 08:52:05,727 [pool-60-thread-1] INFO  impl.RoleInfo (RoleInfo.java:updateAndGet(143)) - f6ec089b-5516-4b64-9212-97eb604ab2a5: start FollowerState
2019-09-20 08:52:05,727 [pool-60-thread-1] INFO  util.JmxRegister (JmxRegister.java:tryRegister(44)) - Successfully registered JMX Bean with object name Ratis:service=RaftServer,group=group-DCB8E4BF8297,id=f6ec089b-5516-4b64-9212-97eb604ab2a5
2019-09-20 08:52:05,738 [RatisPipelineUtilsThread] INFO  pipeline.PipelineStateManager (PipelineStateManager.java:addPipeline(56)) - Created pipeline Pipeline[ Id: 7610321f-995a-4009-b365-dcb8e4bf8297, Nodes: f6ec089b-5516-4b64-9212-97eb604ab2a5{ip: 192.168.36.79, host: pr-hdds-1569-s8kj2-2266485376, networkLocation: /default-rack, certSerialId: null}, Type:RATIS, Factor:ONE, State:OPEN]
2019-09-20 08:52:05,758 [grpc-default-executor-0] INFO  impl.RaftServerProxy (RaftServerProxy.java:addNew(89)) - b94e02b2-da92-474d-abbd-fccabaa9f79e: addNew group-CA166D0450FD:[b94e02b2-da92-474d-abbd-fccabaa9f79e:192.168.36.79:36876] returns group-CA166D0450FD:java.util.concurrent.CompletableFuture@1242c980[Not completed]
2019-09-20 08:52:05,760 [pool-38-thread-1] INFO  impl.RaftServerImpl (RaftServerImpl.java:<init>(93)) - b94e02b2-da92-474d-abbd-fccabaa9f79e: new RaftServerImpl for group-CA166D0450FD:[b94e02b2-da92-474d-abbd-fccabaa9f79e:192.168.36.79:36876] with ContainerStateMachine:uninitialized
2019-09-20 08:52:05,760 [pool-38-thread-1] INFO  server.RaftServerConfigKeys (ConfUtils.java:logGet(43)) - raft.server.rpc.timeout.min = 5s (custom)
2019-09-20 08:52:05,761 [pool-38-thread-1] INFO  server.RaftServerConfigKeys (ConfUtils.java:logGet(43)) - raft.server.rpc.timeout.max = 5200ms (custom)
2019-09-20 08:52:05,761 [pool-38-thread-1] INFO  server.RaftServerConfigKeys (ConfUtils.java:logGet(43)) - raft.server.rpcslowness.timeout = 120s (custom)
2019-09-20 08:52:05,761 [pool-38-thread-1] INFO  server.RaftServerConfigKeys (ConfUtils.java:logGet(43)) - raft.server.sleep.deviation.threshold = 300 (default)
2019-09-20 08:52:05,761 [pool-38-thread-1] INFO  server.RaftServerConfigKeys (ConfUtils.java:logGet(43)) - raft.server.log.appender.install.snapshot.enabled = false (custom)
2019-09-20 08:52:05,762 [pool-38-thread-1] INFO  impl.RaftServerImpl (ServerState.java:<init>(105)) - b94e02b2-da92-474d-abbd-fccabaa9f79e:group-CA166D0450FD ConfigurationManager, init=-1: [b94e02b2-da92-474d-abbd-fccabaa9f79e:192.168.36.79:36876], old=null, confs=<EMPTY_MAP>
2019-09-20 08:52:05,762 [pool-38-thread-1] INFO  server.RaftServerConfigKeys (ConfUtils.java:logGet(43)) - raft.server.storage.dir = [/workdir/hadoop-ozone/tools/target/test-dir/MiniOzoneClusterImpl-da4e238f-9df3-4b07-9cd3-d36e1b7a1734/datanode-1/data/ratis] (custom)
2019-09-20 08:52:05,762 [pool-38-thread-1] INFO  storage.RaftStorageDirectory (RaftStorageDirectory.java:analyzeStorage(246)) - The storage directory /workdir/hadoop-ozone/tools/target/test-dir/MiniOzoneClusterImpl-da4e238f-9df3-4b07-9cd3-d36e1b7a1734/datanode-1/data/ratis/d504ac0e-a480-4156-b1fc-ca166d0450fd does not exist. Creating ...
2019-09-20 08:52:05,813 [pool-38-thread-1] INFO  storage.RaftStorageDirectory (RaftStorageDirectory.java:tryLock(328)) - Lock on /workdir/hadoop-ozone/tools/target/test-dir/MiniOzoneClusterImpl-da4e238f-9df3-4b07-9cd3-d36e1b7a1734/datanode-1/data/ratis/d504ac0e-a480-4156-b1fc-ca166d0450fd/in_use.lock acquired by nodename 18156@pr-hdds-1569-s8kj2-2266485376
2019-09-20 08:52:05,847 [pool-38-thread-1] INFO  storage.RaftStorage (RaftStorage.java:format(72)) - Storage directory /workdir/hadoop-ozone/tools/target/test-dir/MiniOzoneClusterImpl-da4e238f-9df3-4b07-9cd3-d36e1b7a1734/datanode-1/data/ratis/d504ac0e-a480-4156-b1fc-ca166d0450fd has been successfully formatted.
2019-09-20 08:52:05,848 [pool-38-thread-1] INFO  ratis.ContainerStateMachine (ContainerStateMachine.java:loadSnapshot(226)) - group-CA166D0450FD: The snapshot info is null. Setting the last applied indexto:(t:0, i:~)
2019-09-20 08:52:05,848 [pool-38-thread-1] INFO  server.RaftServerConfigKeys (ConfUtils.java:logGet(43)) - raft.server.leader.election.timeout = 120s (custom)
2019-09-20 08:52:05,848 [pool-38-thread-1] INFO  server.RaftServerConfigKeys (ConfUtils.java:logGet(43)) - raft.server.log.use.memory = false (default)
2019-09-20 08:52:05,848 [pool-38-thread-1] INFO  server.RaftServerConfigKeys (ConfUtils.java:logGet(43)) - raft.server.log.purge.gap = 1000000 (custom)
2019-09-20 08:52:05,848 [pool-38-thread-1] INFO  server.RaftServerConfigKeys (ConfUtils.java:logGet(43)) - raft.server.log.appender.buffer.byte-limit = 33554432 (custom)
2019-09-20 08:52:05,849 [pool-38-thread-1] INFO  server.RaftServerConfigKeys (ConfUtils.java:logGet(43)) - raft.server.log.segment.size.max = 1048576 (custom)
2019-09-20 08:52:05,849 [pool-38-thread-1] INFO  server.RaftServerConfigKeys (ConfUtils.java:logGet(43)) - raft.server.log.segment.cache.num.max = 2 (custom)
2019-09-20 08:52:05,849 [pool-38-thread-1] INFO  segmented.SegmentedRaftLogWorker (SegmentedRaftLogWorker.java:<init>(172)) - new b94e02b2-da92-474d-abbd-fccabaa9f79e-SegmentedRaftLogWorker:Storage Directory /workdir/hadoop-ozone/tools/target/test-dir/MiniOzoneClusterImpl-da4e238f-9df3-4b07-9cd3-d36e1b7a1734/datanode-1/data/ratis/d504ac0e-a480-4156-b1fc-ca166d0450fd for RaftStorage:Storage Directory /workdir/hadoop-ozone/tools/target/test-dir/MiniOzoneClusterImpl-da4e238f-9df3-4b07-9cd3-d36e1b7a1734/datanode-1/data/ratis/d504ac0e-a480-4156-b1fc-ca166d0450fd
2019-09-20 08:52:05,849 [pool-38-thread-1] INFO  server.RaftServerConfigKeys (ConfUtils.java:logGet(43)) - raft.server.log.queue.byte-limit = 2147483647 (custom)
2019-09-20 08:52:05,850 [pool-38-thread-1] INFO  server.RaftServerConfigKeys (ConfUtils.java:logGet(43)) - raft.server.log.queue.element-limit = 1024 (custom)
2019-09-20 08:52:05,850 [pool-38-thread-1] INFO  server.RaftServerConfigKeys (ConfUtils.java:logGet(43)) - raft.server.log.segment.size.max = 1048576 (custom)
2019-09-20 08:52:05,850 [pool-38-thread-1] INFO  server.RaftServerConfigKeys (ConfUtils.java:logGet(43)) - raft.server.log.preallocated.size = 16384 (custom)
2019-09-20 08:52:05,850 [pool-38-thread-1] INFO  server.RaftServerConfigKeys (ConfUtils.java:logGet(43)) - raft.server.log.write.buffer.size = 33554432 (custom)
2019-09-20 08:52:05,851 [pool-38-thread-1] INFO  server.RaftServerConfigKeys (ConfUtils.java:logGet(43)) - raft.server.log.force.sync.num = 128 (default)
2019-09-20 08:52:05,851 [pool-38-thread-1] INFO  server.RaftServerConfigKeys (ConfUtils.java:logGet(43)) - raft.server.log.statemachine.data.sync = true (default)
2019-09-20 08:52:05,851 [pool-38-thread-1] INFO  server.RaftServerConfigKeys (ConfUtils.java:logGet(43)) - raft.server.log.statemachine.data.sync.timeout = 10s (default)
2019-09-20 08:52:05,851 [pool-38-thread-1] INFO  server.RaftServerConfigKeys (ConfUtils.java:logGet(43)) - raft.server.log.statemachine.data.sync.timeout.retry = -1 (default)
2019-09-20 08:52:05,852 [pool-38-thread-1] INFO  server.RaftServerConfigKeys (ConfUtils.java:logGet(43)) - raft.server.log.statemachine.data.caching.enabled = true (custom)
2019-09-20 08:52:05,852 [pool-38-thread-1] INFO  segmented.SegmentedRaftLogWorker (SegmentedRaftLogWorker.java:lambda$new$0(132)) - b94e02b2-da92-474d-abbd-fccabaa9f79e-SegmentedRaftLogWorker:Storage Directory /workdir/hadoop-ozone/tools/target/test-dir/MiniOzoneClusterImpl-da4e238f-9df3-4b07-9cd3-d36e1b7a1734/datanode-1/data/ratis/d504ac0e-a480-4156-b1fc-ca166d0450fd: flushIndex: setUnconditionally 0 -> -1
2019-09-20 08:52:05,853 [pool-38-thread-1] INFO  server.RaftServerConfigKeys (ConfUtils.java:logGet(43)) - raft.server.snapshot.auto.trigger.enabled = true (custom)
2019-09-20 08:52:05,853 [pool-38-thread-1] INFO  server.RaftServerConfigKeys (ConfUtils.java:logGet(43)) - raft.server.snapshot.auto.trigger.threshold = 10000 (custom)
2019-09-20 08:52:05,853 [pool-38-thread-1] INFO  server.RaftServerConfigKeys (ConfUtils.java:logGet(43)) - raft.server.retrycache.expirytime = 600000ms (custom)
2019-09-20 08:52:05,853 [pool-38-thread-1] INFO  impl.RaftServerImpl (RaftServerImpl.java:start(180)) - b94e02b2-da92-474d-abbd-fccabaa9f79e: start group-CA166D0450FD
2019-09-20 08:52:05,854 [pool-38-thread-1] INFO  impl.RaftServerImpl (RaftServerImpl.java:setRole(171)) - b94e02b2-da92-474d-abbd-fccabaa9f79e:group-CA166D0450FD changes role from null to FOLLOWER at term 0 for startAsFollower
2019-09-20 08:52:05,854 [pool-38-thread-1] INFO  impl.RoleInfo (RoleInfo.java:updateAndGet(143)) - b94e02b2-da92-474d-abbd-fccabaa9f79e: start FollowerState
2019-09-20 08:52:05,854 [pool-38-thread-1] INFO  util.JmxRegister (JmxRegister.java:tryRegister(44)) - Successfully registered JMX Bean with object name Ratis:service=RaftServer,group=group-CA166D0450FD,id=b94e02b2-da92-474d-abbd-fccabaa9f79e
2019-09-20 08:52:05,873 [RatisPipelineUtilsThread] INFO  pipeline.PipelineStateManager (PipelineStateManager.java:addPipeline(56)) - Created pipeline Pipeline[ Id: d504ac0e-a480-4156-b1fc-ca166d0450fd, Nodes: b94e02b2-da92-474d-abbd-fccabaa9f79e{ip: 192.168.36.79, host: pr-hdds-1569-s8kj2-2266485376, networkLocation: /default-rack, certSerialId: null}, Type:RATIS, Factor:ONE, State:OPEN]
2019-09-20 08:52:05,892 [grpc-default-executor-0] INFO  impl.RaftServerProxy (RaftServerProxy.java:addNew(89)) - 2ddefaab-8349-47ab-a504-e432f9d495c5: addNew group-3C7F04F63509:[2ddefaab-8349-47ab-a504-e432f9d495c5:192.168.36.79:39000] returns group-3C7F04F63509:java.util.concurrent.CompletableFuture@7e8f42ba[Not completed]
2019-09-20 08:52:05,898 [pool-71-thread-1] INFO  impl.RaftServerImpl (RaftServerImpl.java:<init>(93)) - 2ddefaab-8349-47ab-a504-e432f9d495c5: new RaftServerImpl for group-3C7F04F63509:[2ddefaab-8349-47ab-a504-e432f9d495c5:192.168.36.79:39000] with ContainerStateMachine:uninitialized
2019-09-20 08:52:05,898 [pool-71-thread-1] INFO  server.RaftServerConfigKeys (ConfUtils.java:logGet(43)) - raft.server.rpc.timeout.min = 5s (custom)
2019-09-20 08:52:05,898 [pool-71-thread-1] INFO  server.RaftServerConfigKeys (ConfUtils.java:logGet(43)) - raft.server.rpc.timeout.max = 5200ms (custom)
2019-09-20 08:52:05,899 [pool-71-thread-1] INFO  server.RaftServerConfigKeys (ConfUtils.java:logGet(43)) - raft.server.rpcslowness.timeout = 120s (custom)
2019-09-20 08:52:05,899 [pool-71-thread-1] INFO  server.RaftServerConfigKeys (ConfUtils.java:logGet(43)) - raft.server.sleep.deviation.threshold = 300 (default)
2019-09-20 08:52:05,899 [pool-71-thread-1] INFO  server.RaftServerConfigKeys (ConfUtils.java:logGet(43)) - raft.server.log.appender.install.snapshot.enabled = false (custom)
2019-09-20 08:52:05,899 [pool-71-thread-1] INFO  impl.RaftServerImpl (ServerState.java:<init>(105)) - 2ddefaab-8349-47ab-a504-e432f9d495c5:group-3C7F04F63509 ConfigurationManager, init=-1: [2ddefaab-8349-47ab-a504-e432f9d495c5:192.168.36.79:39000], old=null, confs=<EMPTY_MAP>
2019-09-20 08:52:05,899 [pool-71-thread-1] INFO  server.RaftServerConfigKeys (ConfUtils.java:logGet(43)) - raft.server.storage.dir = [/workdir/hadoop-ozone/tools/target/test-dir/MiniOzoneClusterImpl-da4e238f-9df3-4b07-9cd3-d36e1b7a1734/datanode-4/data/ratis] (custom)
2019-09-20 08:52:05,900 [pool-71-thread-1] INFO  storage.RaftStorageDirectory (RaftStorageDirectory.java:analyzeStorage(246)) - The storage directory /workdir/hadoop-ozone/tools/target/test-dir/MiniOzoneClusterImpl-da4e238f-9df3-4b07-9cd3-d36e1b7a1734/datanode-4/data/ratis/9d967111-edb9-4efa-b1b0-3c7f04f63509 does not exist. Creating ...
2019-09-20 08:52:05,912 | INFO  | SCMAudit | user=jenkins1000 | ip=192.168.36.79 | op=SEND_HEARTBEAT {datanodeUUID=3b3ba6e7-bc1c-4c2c-a22e-347ee35d38bc, command=[]} | ret=SUCCESS |  
2019-09-20 08:52:05,922 [pool-71-thread-1] INFO  storage.RaftStorageDirectory (RaftStorageDirectory.java:tryLock(328)) - Lock on /workdir/hadoop-ozone/tools/target/test-dir/MiniOzoneClusterImpl-da4e238f-9df3-4b07-9cd3-d36e1b7a1734/datanode-4/data/ratis/9d967111-edb9-4efa-b1b0-3c7f04f63509/in_use.lock acquired by nodename 18156@pr-hdds-1569-s8kj2-2266485376
2019-09-20 08:52:05,948 [pool-71-thread-1] INFO  storage.RaftStorage (RaftStorage.java:format(72)) - Storage directory /workdir/hadoop-ozone/tools/target/test-dir/MiniOzoneClusterImpl-da4e238f-9df3-4b07-9cd3-d36e1b7a1734/datanode-4/data/ratis/9d967111-edb9-4efa-b1b0-3c7f04f63509 has been successfully formatted.
2019-09-20 08:52:05,948 [pool-71-thread-1] INFO  ratis.ContainerStateMachine (ContainerStateMachine.java:loadSnapshot(226)) - group-3C7F04F63509: The snapshot info is null. Setting the last applied indexto:(t:0, i:~)
2019-09-20 08:52:05,949 [pool-71-thread-1] INFO  server.RaftServerConfigKeys (ConfUtils.java:logGet(43)) - raft.server.leader.election.timeout = 120s (custom)
2019-09-20 08:52:05,949 [pool-71-thread-1] INFO  server.RaftServerConfigKeys (ConfUtils.java:logGet(43)) - raft.server.log.use.memory = false (default)
2019-09-20 08:52:05,949 [pool-71-thread-1] INFO  server.RaftServerConfigKeys (ConfUtils.java:logGet(43)) - raft.server.log.purge.gap = 1000000 (custom)
2019-09-20 08:52:05,949 [pool-71-thread-1] INFO  server.RaftServerConfigKeys (ConfUtils.java:logGet(43)) - raft.server.log.appender.buffer.byte-limit = 33554432 (custom)
2019-09-20 08:52:05,949 [pool-71-thread-1] INFO  server.RaftServerConfigKeys (ConfUtils.java:logGet(43)) - raft.server.log.segment.size.max = 1048576 (custom)
2019-09-20 08:52:05,950 [pool-71-thread-1] INFO  server.RaftServerConfigKeys (ConfUtils.java:logGet(43)) - raft.server.log.segment.cache.num.max = 2 (custom)
2019-09-20 08:52:05,950 [pool-71-thread-1] INFO  segmented.SegmentedRaftLogWorker (SegmentedRaftLogWorker.java:<init>(172)) - new 2ddefaab-8349-47ab-a504-e432f9d495c5-SegmentedRaftLogWorker:Storage Directory /workdir/hadoop-ozone/tools/target/test-dir/MiniOzoneClusterImpl-da4e238f-9df3-4b07-9cd3-d36e1b7a1734/datanode-4/data/ratis/9d967111-edb9-4efa-b1b0-3c7f04f63509 for RaftStorage:Storage Directory /workdir/hadoop-ozone/tools/target/test-dir/MiniOzoneClusterImpl-da4e238f-9df3-4b07-9cd3-d36e1b7a1734/datanode-4/data/ratis/9d967111-edb9-4efa-b1b0-3c7f04f63509
2019-09-20 08:52:05,950 [pool-71-thread-1] INFO  server.RaftServerConfigKeys (ConfUtils.java:logGet(43)) - raft.server.log.queue.byte-limit = 2147483647 (custom)
2019-09-20 08:52:05,950 [pool-71-thread-1] INFO  server.RaftServerConfigKeys (ConfUtils.java:logGet(43)) - raft.server.log.queue.element-limit = 1024 (custom)
2019-09-20 08:52:05,951 [pool-71-thread-1] INFO  server.RaftServerConfigKeys (ConfUtils.java:logGet(43)) - raft.server.log.segment.size.max = 1048576 (custom)
2019-09-20 08:52:05,951 [pool-71-thread-1] INFO  server.RaftServerConfigKeys (ConfUtils.java:logGet(43)) - raft.server.log.preallocated.size = 16384 (custom)
2019-09-20 08:52:05,951 [pool-71-thread-1] INFO  server.RaftServerConfigKeys (ConfUtils.java:logGet(43)) - raft.server.log.write.buffer.size = 33554432 (custom)
2019-09-20 08:52:05,951 [pool-71-thread-1] INFO  server.RaftServerConfigKeys (ConfUtils.java:logGet(43)) - raft.server.log.force.sync.num = 128 (default)
2019-09-20 08:52:05,952 [pool-71-thread-1] INFO  server.RaftServerConfigKeys (ConfUtils.java:logGet(43)) - raft.server.log.statemachine.data.sync = true (default)
2019-09-20 08:52:05,952 [pool-71-thread-1] INFO  server.RaftServerConfigKeys (ConfUtils.java:logGet(43)) - raft.server.log.statemachine.data.sync.timeout = 10s (default)
2019-09-20 08:52:05,952 [pool-71-thread-1] INFO  server.RaftServerConfigKeys (ConfUtils.java:logGet(43)) - raft.server.log.statemachine.data.sync.timeout.retry = -1 (default)
2019-09-20 08:52:05,953 [pool-71-thread-1] INFO  server.RaftServerConfigKeys (ConfUtils.java:logGet(43)) - raft.server.log.statemachine.data.caching.enabled = true (custom)
2019-09-20 08:52:05,953 [pool-71-thread-1] INFO  segmented.SegmentedRaftLogWorker (SegmentedRaftLogWorker.java:lambda$new$0(132)) - 2ddefaab-8349-47ab-a504-e432f9d495c5-SegmentedRaftLogWorker:Storage Directory /workdir/hadoop-ozone/tools/target/test-dir/MiniOzoneClusterImpl-da4e238f-9df3-4b07-9cd3-d36e1b7a1734/datanode-4/data/ratis/9d967111-edb9-4efa-b1b0-3c7f04f63509: flushIndex: setUnconditionally 0 -> -1
2019-09-20 08:52:05,953 [pool-71-thread-1] INFO  server.RaftServerConfigKeys (ConfUtils.java:logGet(43)) - raft.server.snapshot.auto.trigger.enabled = true (custom)
2019-09-20 08:52:05,954 [pool-71-thread-1] INFO  server.RaftServerConfigKeys (ConfUtils.java:logGet(43)) - raft.server.snapshot.auto.trigger.threshold = 10000 (custom)
2019-09-20 08:52:05,954 [pool-71-thread-1] INFO  server.RaftServerConfigKeys (ConfUtils.java:logGet(43)) - raft.server.retrycache.expirytime = 600000ms (custom)
2019-09-20 08:52:05,954 [pool-71-thread-1] INFO  impl.RaftServerImpl (RaftServerImpl.java:start(180)) - 2ddefaab-8349-47ab-a504-e432f9d495c5: start group-3C7F04F63509
2019-09-20 08:52:05,955 [pool-71-thread-1] INFO  impl.RaftServerImpl (RaftServerImpl.java:setRole(171)) - 2ddefaab-8349-47ab-a504-e432f9d495c5:group-3C7F04F63509 changes role from null to FOLLOWER at term 0 for startAsFollower
2019-09-20 08:52:05,955 [pool-71-thread-1] INFO  impl.RoleInfo (RoleInfo.java:updateAndGet(143)) - 2ddefaab-8349-47ab-a504-e432f9d495c5: start FollowerState
2019-09-20 08:52:05,955 [pool-71-thread-1] INFO  util.JmxRegister (JmxRegister.java:tryRegister(44)) - Successfully registered JMX Bean with object name Ratis:service=RaftServer,group=group-3C7F04F63509,id=2ddefaab-8349-47ab-a504-e432f9d495c5
2019-09-20 08:52:05,975 [RatisPipelineUtilsThread] INFO  pipeline.PipelineStateManager (PipelineStateManager.java:addPipeline(56)) - Created pipeline Pipeline[ Id: 9d967111-edb9-4efa-b1b0-3c7f04f63509, Nodes: 2ddefaab-8349-47ab-a504-e432f9d495c5{ip: 192.168.36.79, host: pr-hdds-1569-s8kj2-2266485376, networkLocation: /default-rack, certSerialId: null}, Type:RATIS, Factor:ONE, State:OPEN]
2019-09-20 08:52:05,991 [grpc-default-executor-0] INFO  impl.RaftServerProxy (RaftServerProxy.java:addNew(89)) - b94e02b2-da92-474d-abbd-fccabaa9f79e: addNew group-A939E289124A:[b94e02b2-da92-474d-abbd-fccabaa9f79e:192.168.36.79:36876] returns group-A939E289124A:java.util.concurrent.CompletableFuture@35aa8852[Not completed]
2019-09-20 08:52:05,994 [main] INFO  ozone.MiniOzoneClusterImpl (MiniOzoneClusterImpl.java:lambda$waitForClusterToBeReady$0(142)) - Cluster is ready. Got 5 of 5 DN Heartbeats.
2019-09-20 08:52:05,994 [pool-38-thread-1] INFO  impl.RaftServerImpl (RaftServerImpl.java:<init>(93)) - b94e02b2-da92-474d-abbd-fccabaa9f79e: new RaftServerImpl for group-A939E289124A:[b94e02b2-da92-474d-abbd-fccabaa9f79e:192.168.36.79:36876] with ContainerStateMachine:uninitialized
2019-09-20 08:52:05,995 [pool-38-thread-1] INFO  server.RaftServerConfigKeys (ConfUtils.java:logGet(43)) - raft.server.rpc.timeout.min = 5s (custom)
2019-09-20 08:52:05,995 [pool-38-thread-1] INFO  server.RaftServerConfigKeys (ConfUtils.java:logGet(43)) - raft.server.rpc.timeout.max = 5200ms (custom)
2019-09-20 08:52:05,995 [pool-38-thread-1] INFO  server.RaftServerConfigKeys (ConfUtils.java:logGet(43)) - raft.server.rpcslowness.timeout = 120s (custom)
2019-09-20 08:52:05,996 [pool-38-thread-1] INFO  server.RaftServerConfigKeys (ConfUtils.java:logGet(43)) - raft.server.sleep.deviation.threshold = 300 (default)
2019-09-20 08:52:05,996 [pool-38-thread-1] INFO  server.RaftServerConfigKeys (ConfUtils.java:logGet(43)) - raft.server.log.appender.install.snapshot.enabled = false (custom)
2019-09-20 08:52:05,996 [pool-38-thread-1] INFO  impl.RaftServerImpl (ServerState.java:<init>(105)) - b94e02b2-da92-474d-abbd-fccabaa9f79e:group-A939E289124A ConfigurationManager, init=-1: [b94e02b2-da92-474d-abbd-fccabaa9f79e:192.168.36.79:36876], old=null, confs=<EMPTY_MAP>
2019-09-20 08:52:05,996 [pool-38-thread-1] INFO  server.RaftServerConfigKeys (ConfUtils.java:logGet(43)) - raft.server.storage.dir = [/workdir/hadoop-ozone/tools/target/test-dir/MiniOzoneClusterImpl-da4e238f-9df3-4b07-9cd3-d36e1b7a1734/datanode-1/data/ratis] (custom)
2019-09-20 08:52:05,997 [pool-38-thread-1] INFO  storage.RaftStorageDirectory (RaftStorageDirectory.java:analyzeStorage(246)) - The storage directory /workdir/hadoop-ozone/tools/target/test-dir/MiniOzoneClusterImpl-da4e238f-9df3-4b07-9cd3-d36e1b7a1734/datanode-1/data/ratis/074ba9f1-a38c-498c-a2f7-a939e289124a does not exist. Creating ...
2019-09-20 08:52:06,031 [pool-38-thread-1] INFO  storage.RaftStorageDirectory (RaftStorageDirectory.java:tryLock(328)) - Lock on /workdir/hadoop-ozone/tools/target/test-dir/MiniOzoneClusterImpl-da4e238f-9df3-4b07-9cd3-d36e1b7a1734/datanode-1/data/ratis/074ba9f1-a38c-498c-a2f7-a939e289124a/in_use.lock acquired by nodename 18156@pr-hdds-1569-s8kj2-2266485376
2019-09-20 08:52:06,073 [pool-38-thread-1] INFO  storage.RaftStorage (RaftStorage.java:format(72)) - Storage directory /workdir/hadoop-ozone/tools/target/test-dir/MiniOzoneClusterImpl-da4e238f-9df3-4b07-9cd3-d36e1b7a1734/datanode-1/data/ratis/074ba9f1-a38c-498c-a2f7-a939e289124a has been successfully formatted.
2019-09-20 08:52:06,074 [pool-38-thread-1] INFO  ratis.ContainerStateMachine (ContainerStateMachine.java:loadSnapshot(226)) - group-A939E289124A: The snapshot info is null. Setting the last applied indexto:(t:0, i:~)
2019-09-20 08:52:06,074 [pool-38-thread-1] INFO  server.RaftServerConfigKeys (ConfUtils.java:logGet(43)) - raft.server.leader.election.timeout = 120s (custom)
2019-09-20 08:52:06,074 [pool-38-thread-1] INFO  server.RaftServerConfigKeys (ConfUtils.java:logGet(43)) - raft.server.log.use.memory = false (default)
2019-09-20 08:52:06,074 [pool-38-thread-1] INFO  server.RaftServerConfigKeys (ConfUtils.java:logGet(43)) - raft.server.log.purge.gap = 1000000 (custom)
2019-09-20 08:52:06,075 [pool-38-thread-1] INFO  server.RaftServerConfigKeys (ConfUtils.java:logGet(43)) - raft.server.log.appender.buffer.byte-limit = 33554432 (custom)
2019-09-20 08:52:06,075 [pool-38-thread-1] INFO  server.RaftServerConfigKeys (ConfUtils.java:logGet(43)) - raft.server.log.segment.size.max = 1048576 (custom)
2019-09-20 08:52:06,075 [pool-38-thread-1] INFO  server.RaftServerConfigKeys (ConfUtils.java:logGet(43)) - raft.server.log.segment.cache.num.max = 2 (custom)
2019-09-20 08:52:06,075 [pool-38-thread-1] INFO  segmented.SegmentedRaftLogWorker (SegmentedRaftLogWorker.java:<init>(172)) - new b94e02b2-da92-474d-abbd-fccabaa9f79e-SegmentedRaftLogWorker:Storage Directory /workdir/hadoop-ozone/tools/target/test-dir/MiniOzoneClusterImpl-da4e238f-9df3-4b07-9cd3-d36e1b7a1734/datanode-1/data/ratis/074ba9f1-a38c-498c-a2f7-a939e289124a for RaftStorage:Storage Directory /workdir/hadoop-ozone/tools/target/test-dir/MiniOzoneClusterImpl-da4e238f-9df3-4b07-9cd3-d36e1b7a1734/datanode-1/data/ratis/074ba9f1-a38c-498c-a2f7-a939e289124a
2019-09-20 08:52:06,075 [pool-38-thread-1] INFO  server.RaftServerConfigKeys (ConfUtils.java:logGet(43)) - raft.server.log.queue.byte-limit = 2147483647 (custom)
2019-09-20 08:52:06,075 [pool-38-thread-1] INFO  server.RaftServerConfigKeys (ConfUtils.java:logGet(43)) - raft.server.log.queue.element-limit = 1024 (custom)
2019-09-20 08:52:06,076 [pool-38-thread-1] INFO  server.RaftServerConfigKeys (ConfUtils.java:logGet(43)) - raft.server.log.segment.size.max = 1048576 (custom)
2019-09-20 08:52:06,076 [pool-38-thread-1] INFO  server.RaftServerConfigKeys (ConfUtils.java:logGet(43)) - raft.server.log.preallocated.size = 16384 (custom)
2019-09-20 08:52:06,076 [pool-38-thread-1] INFO  server.RaftServerConfigKeys (ConfUtils.java:logGet(43)) - raft.server.log.write.buffer.size = 33554432 (custom)
2019-09-20 08:52:06,076 [pool-38-thread-1] INFO  server.RaftServerConfigKeys (ConfUtils.java:logGet(43)) - raft.server.log.force.sync.num = 128 (default)
2019-09-20 08:52:06,076 [pool-38-thread-1] INFO  server.RaftServerConfigKeys (ConfUtils.java:logGet(43)) - raft.server.log.statemachine.data.sync = true (default)
2019-09-20 08:52:06,077 [pool-38-thread-1] INFO  server.RaftServerConfigKeys (ConfUtils.java:logGet(43)) - raft.server.log.statemachine.data.sync.timeout = 10s (default)
2019-09-20 08:52:06,077 [pool-38-thread-1] INFO  server.RaftServerConfigKeys (ConfUtils.java:logGet(43)) - raft.server.log.statemachine.data.sync.timeout.retry = -1 (default)
2019-09-20 08:52:06,077 [pool-38-thread-1] INFO  server.RaftServerConfigKeys (ConfUtils.java:logGet(43)) - raft.server.log.statemachine.data.caching.enabled = true (custom)
2019-09-20 08:52:06,077 [pool-38-thread-1] INFO  segmented.SegmentedRaftLogWorker (SegmentedRaftLogWorker.java:lambda$new$0(132)) - b94e02b2-da92-474d-abbd-fccabaa9f79e-SegmentedRaftLogWorker:Storage Directory /workdir/hadoop-ozone/tools/target/test-dir/MiniOzoneClusterImpl-da4e238f-9df3-4b07-9cd3-d36e1b7a1734/datanode-1/data/ratis/074ba9f1-a38c-498c-a2f7-a939e289124a: flushIndex: setUnconditionally 0 -> -1
2019-09-20 08:52:06,078 [pool-38-thread-1] INFO  server.RaftServerConfigKeys (ConfUtils.java:logGet(43)) - raft.server.snapshot.auto.trigger.enabled = true (custom)
2019-09-20 08:52:06,078 [pool-38-thread-1] INFO  server.RaftServerConfigKeys (ConfUtils.java:logGet(43)) - raft.server.snapshot.auto.trigger.threshold = 10000 (custom)
2019-09-20 08:52:06,078 [pool-38-thread-1] INFO  server.RaftServerConfigKeys (ConfUtils.java:logGet(43)) - raft.server.retrycache.expirytime = 600000ms (custom)
2019-09-20 08:52:06,079 [pool-38-thread-1] INFO  impl.RaftServerImpl (RaftServerImpl.java:start(180)) - b94e02b2-da92-474d-abbd-fccabaa9f79e: start group-A939E289124A
2019-09-20 08:52:06,079 [pool-38-thread-1] INFO  impl.RaftServerImpl (RaftServerImpl.java:setRole(171)) - b94e02b2-da92-474d-abbd-fccabaa9f79e:group-A939E289124A changes role from null to FOLLOWER at term 0 for startAsFollower
2019-09-20 08:52:06,079 [pool-38-thread-1] INFO  impl.RoleInfo (RoleInfo.java:updateAndGet(143)) - b94e02b2-da92-474d-abbd-fccabaa9f79e: start FollowerState
2019-09-20 08:52:06,080 [pool-38-thread-1] INFO  util.JmxRegister (JmxRegister.java:tryRegister(44)) - Successfully registered JMX Bean with object name Ratis:service=RaftServer,group=group-A939E289124A,id=b94e02b2-da92-474d-abbd-fccabaa9f79e
2019-09-20 08:52:06,094 [RatisPipelineUtilsThread] INFO  pipeline.PipelineStateManager (PipelineStateManager.java:addPipeline(56)) - Created pipeline Pipeline[ Id: 074ba9f1-a38c-498c-a2f7-a939e289124a, Nodes: b94e02b2-da92-474d-abbd-fccabaa9f79e{ip: 192.168.36.79, host: pr-hdds-1569-s8kj2-2266485376, networkLocation: /default-rack, certSerialId: null}, Type:RATIS, Factor:ONE, State:OPEN]
2019-09-20 08:52:06,110 [grpc-default-executor-0] INFO  impl.RaftServerProxy (RaftServerProxy.java:addNew(89)) - 44c728ea-0f6d-4328-96aa-117f098b9c99: addNew group-64ABCF2F53DA:[44c728ea-0f6d-4328-96aa-117f098b9c99:192.168.36.79:38728] returns group-64ABCF2F53DA:java.util.concurrent.CompletableFuture@73194a3c[Not completed]
2019-09-20 08:52:06,112 [pool-49-thread-1] INFO  impl.RaftServerImpl (RaftServerImpl.java:<init>(93)) - 44c728ea-0f6d-4328-96aa-117f098b9c99: new RaftServerImpl for group-64ABCF2F53DA:[44c728ea-0f6d-4328-96aa-117f098b9c99:192.168.36.79:38728] with ContainerStateMachine:uninitialized
2019-09-20 08:52:06,112 [pool-49-thread-1] INFO  server.RaftServerConfigKeys (ConfUtils.java:logGet(43)) - raft.server.rpc.timeout.min = 5s (custom)
2019-09-20 08:52:06,112 [pool-49-thread-1] INFO  server.RaftServerConfigKeys (ConfUtils.java:logGet(43)) - raft.server.rpc.timeout.max = 5200ms (custom)
2019-09-20 08:52:06,113 [pool-49-thread-1] INFO  server.RaftServerConfigKeys (ConfUtils.java:logGet(43)) - raft.server.rpcslowness.timeout = 120s (custom)
2019-09-20 08:52:06,113 [pool-49-thread-1] INFO  server.RaftServerConfigKeys (ConfUtils.java:logGet(43)) - raft.server.sleep.deviation.threshold = 300 (default)
2019-09-20 08:52:06,113 [pool-49-thread-1] INFO  server.RaftServerConfigKeys (ConfUtils.java:logGet(43)) - raft.server.log.appender.install.snapshot.enabled = false (custom)
2019-09-20 08:52:06,113 [pool-49-thread-1] INFO  impl.RaftServerImpl (ServerState.java:<init>(105)) - 44c728ea-0f6d-4328-96aa-117f098b9c99:group-64ABCF2F53DA ConfigurationManager, init=-1: [44c728ea-0f6d-4328-96aa-117f098b9c99:192.168.36.79:38728], old=null, confs=<EMPTY_MAP>
2019-09-20 08:52:06,113 [pool-49-thread-1] INFO  server.RaftServerConfigKeys (ConfUtils.java:logGet(43)) - raft.server.storage.dir = [/workdir/hadoop-ozone/tools/target/test-dir/MiniOzoneClusterImpl-da4e238f-9df3-4b07-9cd3-d36e1b7a1734/datanode-2/data/ratis] (custom)
2019-09-20 08:52:06,114 [pool-49-thread-1] INFO  storage.RaftStorageDirectory (RaftStorageDirectory.java:analyzeStorage(246)) - The storage directory /workdir/hadoop-ozone/tools/target/test-dir/MiniOzoneClusterImpl-da4e238f-9df3-4b07-9cd3-d36e1b7a1734/datanode-2/data/ratis/58bfd97e-3e10-4f27-8d66-64abcf2f53da does not exist. Creating ...
2019-09-20 08:52:06,149 [pool-49-thread-1] INFO  storage.RaftStorageDirectory (RaftStorageDirectory.java:tryLock(328)) - Lock on /workdir/hadoop-ozone/tools/target/test-dir/MiniOzoneClusterImpl-da4e238f-9df3-4b07-9cd3-d36e1b7a1734/datanode-2/data/ratis/58bfd97e-3e10-4f27-8d66-64abcf2f53da/in_use.lock acquired by nodename 18156@pr-hdds-1569-s8kj2-2266485376
2019-09-20 08:52:06,184 [pool-49-thread-1] INFO  storage.RaftStorage (RaftStorage.java:format(72)) - Storage directory /workdir/hadoop-ozone/tools/target/test-dir/MiniOzoneClusterImpl-da4e238f-9df3-4b07-9cd3-d36e1b7a1734/datanode-2/data/ratis/58bfd97e-3e10-4f27-8d66-64abcf2f53da has been successfully formatted.
2019-09-20 08:52:06,185 [pool-49-thread-1] INFO  ratis.ContainerStateMachine (ContainerStateMachine.java:loadSnapshot(226)) - group-64ABCF2F53DA: The snapshot info is null. Setting the last applied indexto:(t:0, i:~)
2019-09-20 08:52:06,185 [pool-49-thread-1] INFO  server.RaftServerConfigKeys (ConfUtils.java:logGet(43)) - raft.server.leader.election.timeout = 120s (custom)
2019-09-20 08:52:06,185 [pool-49-thread-1] INFO  server.RaftServerConfigKeys (ConfUtils.java:logGet(43)) - raft.server.log.use.memory = false (default)
2019-09-20 08:52:06,185 | INFO  | SCMAudit | user=jenkins1000 | ip=192.168.36.79 | op=SEND_HEARTBEAT {datanodeUUID=b94e02b2-da92-474d-abbd-fccabaa9f79e, command=[]} | ret=SUCCESS |  
2019-09-20 08:52:06,185 [pool-49-thread-1] INFO  server.RaftServerConfigKeys (ConfUtils.java:logGet(43)) - raft.server.log.purge.gap = 1000000 (custom)
2019-09-20 08:52:06,185 [pool-49-thread-1] INFO  server.RaftServerConfigKeys (ConfUtils.java:logGet(43)) - raft.server.log.appender.buffer.byte-limit = 33554432 (custom)
2019-09-20 08:52:06,186 [pool-49-thread-1] INFO  server.RaftServerConfigKeys (ConfUtils.java:logGet(43)) - raft.server.log.segment.size.max = 1048576 (custom)
2019-09-20 08:52:06,186 [pool-49-thread-1] INFO  server.RaftServerConfigKeys (ConfUtils.java:logGet(43)) - raft.server.log.segment.cache.num.max = 2 (custom)
2019-09-20 08:52:06,186 [pool-49-thread-1] INFO  segmented.SegmentedRaftLogWorker (SegmentedRaftLogWorker.java:<init>(172)) - new 44c728ea-0f6d-4328-96aa-117f098b9c99-SegmentedRaftLogWorker:Storage Directory /workdir/hadoop-ozone/tools/target/test-dir/MiniOzoneClusterImpl-da4e238f-9df3-4b07-9cd3-d36e1b7a1734/datanode-2/data/ratis/58bfd97e-3e10-4f27-8d66-64abcf2f53da for RaftStorage:Storage Directory /workdir/hadoop-ozone/tools/target/test-dir/MiniOzoneClusterImpl-da4e238f-9df3-4b07-9cd3-d36e1b7a1734/datanode-2/data/ratis/58bfd97e-3e10-4f27-8d66-64abcf2f53da
2019-09-20 08:52:06,186 [pool-49-thread-1] INFO  server.RaftServerConfigKeys (ConfUtils.java:logGet(43)) - raft.server.log.queue.byte-limit = 2147483647 (custom)
2019-09-20 08:52:06,187 [pool-49-thread-1] INFO  server.RaftServerConfigKeys (ConfUtils.java:logGet(43)) - raft.server.log.queue.element-limit = 1024 (custom)
2019-09-20 08:52:06,187 [pool-49-thread-1] INFO  server.RaftServerConfigKeys (ConfUtils.java:logGet(43)) - raft.server.log.segment.size.max = 1048576 (custom)
2019-09-20 08:52:06,187 [pool-49-thread-1] INFO  server.RaftServerConfigKeys (ConfUtils.java:logGet(43)) - raft.server.log.preallocated.size = 16384 (custom)
2019-09-20 08:52:06,187 [pool-49-thread-1] INFO  server.RaftServerConfigKeys (ConfUtils.java:logGet(43)) - raft.server.log.write.buffer.size = 33554432 (custom)
2019-09-20 08:52:06,187 [pool-49-thread-1] INFO  server.RaftServerConfigKeys (ConfUtils.java:logGet(43)) - raft.server.log.force.sync.num = 128 (default)
2019-09-20 08:52:06,188 [pool-49-thread-1] INFO  server.RaftServerConfigKeys (ConfUtils.java:logGet(43)) - raft.server.log.statemachine.data.sync = true (default)
2019-09-20 08:52:06,188 [pool-49-thread-1] INFO  server.RaftServerConfigKeys (ConfUtils.java:logGet(43)) - raft.server.log.statemachine.data.sync.timeout = 10s (default)
2019-09-20 08:52:06,188 [pool-49-thread-1] INFO  server.RaftServerConfigKeys (ConfUtils.java:logGet(43)) - raft.server.log.statemachine.data.sync.timeout.retry = -1 (default)
2019-09-20 08:52:06,188 [pool-49-thread-1] INFO  server.RaftServerConfigKeys (ConfUtils.java:logGet(43)) - raft.server.log.statemachine.data.caching.enabled = true (custom)
2019-09-20 08:52:06,189 [pool-49-thread-1] INFO  segmented.SegmentedRaftLogWorker (SegmentedRaftLogWorker.java:lambda$new$0(132)) - 44c728ea-0f6d-4328-96aa-117f098b9c99-SegmentedRaftLogWorker:Storage Directory /workdir/hadoop-ozone/tools/target/test-dir/MiniOzoneClusterImpl-da4e238f-9df3-4b07-9cd3-d36e1b7a1734/datanode-2/data/ratis/58bfd97e-3e10-4f27-8d66-64abcf2f53da: flushIndex: setUnconditionally 0 -> -1
2019-09-20 08:52:06,189 [pool-49-thread-1] INFO  server.RaftServerConfigKeys (ConfUtils.java:logGet(43)) - raft.server.snapshot.auto.trigger.enabled = true (custom)
2019-09-20 08:52:06,189 [pool-49-thread-1] INFO  server.RaftServerConfigKeys (ConfUtils.java:logGet(43)) - raft.server.snapshot.auto.trigger.threshold = 10000 (custom)
2019-09-20 08:52:06,190 [pool-49-thread-1] INFO  server.RaftServerConfigKeys (ConfUtils.java:logGet(43)) - raft.server.retrycache.expirytime = 600000ms (custom)
2019-09-20 08:52:06,190 [pool-49-thread-1] INFO  impl.RaftServerImpl (RaftServerImpl.java:start(180)) - 44c728ea-0f6d-4328-96aa-117f098b9c99: start group-64ABCF2F53DA
2019-09-20 08:52:06,190 [pool-49-thread-1] INFO  impl.RaftServerImpl (RaftServerImpl.java:setRole(171)) - 44c728ea-0f6d-4328-96aa-117f098b9c99:group-64ABCF2F53DA changes role from null to FOLLOWER at term 0 for startAsFollower
2019-09-20 08:52:06,191 [pool-49-thread-1] INFO  impl.RoleInfo (RoleInfo.java:updateAndGet(143)) - 44c728ea-0f6d-4328-96aa-117f098b9c99: start FollowerState
2019-09-20 08:52:06,191 [pool-49-thread-1] INFO  util.JmxRegister (JmxRegister.java:tryRegister(44)) - Successfully registered JMX Bean with object name Ratis:service=RaftServer,group=group-64ABCF2F53DA,id=44c728ea-0f6d-4328-96aa-117f098b9c99
2019-09-20 08:52:06,203 [RatisPipelineUtilsThread] INFO  pipeline.PipelineStateManager (PipelineStateManager.java:addPipeline(56)) - Created pipeline Pipeline[ Id: 58bfd97e-3e10-4f27-8d66-64abcf2f53da, Nodes: 44c728ea-0f6d-4328-96aa-117f098b9c99{ip: 192.168.36.79, host: pr-hdds-1569-s8kj2-2266485376, networkLocation: /default-rack, certSerialId: null}, Type:RATIS, Factor:ONE, State:OPEN]
2019-09-20 08:52:06,219 [grpc-default-executor-0] INFO  impl.RaftServerProxy (RaftServerProxy.java:addNew(89)) - f6ec089b-5516-4b64-9212-97eb604ab2a5: addNew group-BF6464206AB4:[f6ec089b-5516-4b64-9212-97eb604ab2a5:192.168.36.79:40071] returns group-BF6464206AB4:java.util.concurrent.CompletableFuture@44927e0e[Not completed]
2019-09-20 08:52:06,221 [pool-60-thread-1] INFO  impl.RaftServerImpl (RaftServerImpl.java:<init>(93)) - f6ec089b-5516-4b64-9212-97eb604ab2a5: new RaftServerImpl for group-BF6464206AB4:[f6ec089b-5516-4b64-9212-97eb604ab2a5:192.168.36.79:40071] with ContainerStateMachine:uninitialized
2019-09-20 08:52:06,221 [pool-60-thread-1] INFO  server.RaftServerConfigKeys (ConfUtils.java:logGet(43)) - raft.server.rpc.timeout.min = 5s (custom)
2019-09-20 08:52:06,221 [pool-60-thread-1] INFO  server.RaftServerConfigKeys (ConfUtils.java:logGet(43)) - raft.server.rpc.timeout.max = 5200ms (custom)
2019-09-20 08:52:06,221 [pool-60-thread-1] INFO  server.RaftServerConfigKeys (ConfUtils.java:logGet(43)) - raft.server.rpcslowness.timeout = 120s (custom)
2019-09-20 08:52:06,221 [pool-60-thread-1] INFO  server.RaftServerConfigKeys (ConfUtils.java:logGet(43)) - raft.server.sleep.deviation.threshold = 300 (default)
2019-09-20 08:52:06,221 [pool-60-thread-1] INFO  server.RaftServerConfigKeys (ConfUtils.java:logGet(43)) - raft.server.log.appender.install.snapshot.enabled = false (custom)
2019-09-20 08:52:06,222 [pool-60-thread-1] INFO  impl.RaftServerImpl (ServerState.java:<init>(105)) - f6ec089b-5516-4b64-9212-97eb604ab2a5:group-BF6464206AB4 ConfigurationManager, init=-1: [f6ec089b-5516-4b64-9212-97eb604ab2a5:192.168.36.79:40071], old=null, confs=<EMPTY_MAP>
2019-09-20 08:52:06,222 [pool-60-thread-1] INFO  server.RaftServerConfigKeys (ConfUtils.java:logGet(43)) - raft.server.storage.dir = [/workdir/hadoop-ozone/tools/target/test-dir/MiniOzoneClusterImpl-da4e238f-9df3-4b07-9cd3-d36e1b7a1734/datanode-3/data/ratis] (custom)
2019-09-20 08:52:06,222 [pool-60-thread-1] INFO  storage.RaftStorageDirectory (RaftStorageDirectory.java:analyzeStorage(246)) - The storage directory /workdir/hadoop-ozone/tools/target/test-dir/MiniOzoneClusterImpl-da4e238f-9df3-4b07-9cd3-d36e1b7a1734/datanode-3/data/ratis/d63849fb-b5b3-405d-b948-bf6464206ab4 does not exist. Creating ...
2019-09-20 08:52:06,267 [pool-60-thread-1] INFO  storage.RaftStorageDirectory (RaftStorageDirectory.java:tryLock(328)) - Lock on /workdir/hadoop-ozone/tools/target/test-dir/MiniOzoneClusterImpl-da4e238f-9df3-4b07-9cd3-d36e1b7a1734/datanode-3/data/ratis/d63849fb-b5b3-405d-b948-bf6464206ab4/in_use.lock acquired by nodename 18156@pr-hdds-1569-s8kj2-2266485376
2019-09-20 08:52:06,308 [pool-60-thread-1] INFO  storage.RaftStorage (RaftStorage.java:format(72)) - Storage directory /workdir/hadoop-ozone/tools/target/test-dir/MiniOzoneClusterImpl-da4e238f-9df3-4b07-9cd3-d36e1b7a1734/datanode-3/data/ratis/d63849fb-b5b3-405d-b948-bf6464206ab4 has been successfully formatted.
2019-09-20 08:52:06,309 [pool-60-thread-1] INFO  ratis.ContainerStateMachine (ContainerStateMachine.java:loadSnapshot(226)) - group-BF6464206AB4: The snapshot info is null. Setting the last applied indexto:(t:0, i:~)
2019-09-20 08:52:06,309 [pool-60-thread-1] INFO  server.RaftServerConfigKeys (ConfUtils.java:logGet(43)) - raft.server.leader.election.timeout = 120s (custom)
2019-09-20 08:52:06,309 [pool-60-thread-1] INFO  server.RaftServerConfigKeys (ConfUtils.java:logGet(43)) - raft.server.log.use.memory = false (default)
2019-09-20 08:52:06,310 [pool-60-thread-1] INFO  server.RaftServerConfigKeys (ConfUtils.java:logGet(43)) - raft.server.log.purge.gap = 1000000 (custom)
2019-09-20 08:52:06,310 [pool-60-thread-1] INFO  server.RaftServerConfigKeys (ConfUtils.java:logGet(43)) - raft.server.log.appender.buffer.byte-limit = 33554432 (custom)
2019-09-20 08:52:06,310 [pool-60-thread-1] INFO  server.RaftServerConfigKeys (ConfUtils.java:logGet(43)) - raft.server.log.segment.size.max = 1048576 (custom)
2019-09-20 08:52:06,310 [pool-60-thread-1] INFO  server.RaftServerConfigKeys (ConfUtils.java:logGet(43)) - raft.server.log.segment.cache.num.max = 2 (custom)
2019-09-20 08:52:06,310 [pool-60-thread-1] INFO  segmented.SegmentedRaftLogWorker (SegmentedRaftLogWorker.java:<init>(172)) - new f6ec089b-5516-4b64-9212-97eb604ab2a5-SegmentedRaftLogWorker:Storage Directory /workdir/hadoop-ozone/tools/target/test-dir/MiniOzoneClusterImpl-da4e238f-9df3-4b07-9cd3-d36e1b7a1734/datanode-3/data/ratis/d63849fb-b5b3-405d-b948-bf6464206ab4 for RaftStorage:Storage Directory /workdir/hadoop-ozone/tools/target/test-dir/MiniOzoneClusterImpl-da4e238f-9df3-4b07-9cd3-d36e1b7a1734/datanode-3/data/ratis/d63849fb-b5b3-405d-b948-bf6464206ab4
2019-09-20 08:52:06,311 [pool-60-thread-1] INFO  server.RaftServerConfigKeys (ConfUtils.java:logGet(43)) - raft.server.log.queue.byte-limit = 2147483647 (custom)
2019-09-20 08:52:06,311 [pool-60-thread-1] INFO  server.RaftServerConfigKeys (ConfUtils.java:logGet(43)) - raft.server.log.queue.element-limit = 1024 (custom)
2019-09-20 08:52:06,311 [pool-60-thread-1] INFO  server.RaftServerConfigKeys (ConfUtils.java:logGet(43)) - raft.server.log.segment.size.max = 1048576 (custom)
2019-09-20 08:52:06,311 [pool-60-thread-1] INFO  server.RaftServerConfigKeys (ConfUtils.java:logGet(43)) - raft.server.log.preallocated.size = 16384 (custom)
2019-09-20 08:52:06,311 [pool-60-thread-1] INFO  server.RaftServerConfigKeys (ConfUtils.java:logGet(43)) - raft.server.log.write.buffer.size = 33554432 (custom)
2019-09-20 08:52:06,312 [pool-60-thread-1] INFO  server.RaftServerConfigKeys (ConfUtils.java:logGet(43)) - raft.server.log.force.sync.num = 128 (default)
2019-09-20 08:52:06,312 [pool-60-thread-1] INFO  server.RaftServerConfigKeys (ConfUtils.java:logGet(43)) - raft.server.log.statemachine.data.sync = true (default)
2019-09-20 08:52:06,312 [pool-60-thread-1] INFO  server.RaftServerConfigKeys (ConfUtils.java:logGet(43)) - raft.server.log.statemachine.data.sync.timeout = 10s (default)
2019-09-20 08:52:06,312 [pool-60-thread-1] INFO  server.RaftServerConfigKeys (ConfUtils.java:logGet(43)) - raft.server.log.statemachine.data.sync.timeout.retry = -1 (default)
2019-09-20 08:52:06,312 [pool-60-thread-1] INFO  server.RaftServerConfigKeys (ConfUtils.java:logGet(43)) - raft.server.log.statemachine.data.caching.enabled = true (custom)
2019-09-20 08:52:06,313 [pool-60-thread-1] INFO  segmented.SegmentedRaftLogWorker (SegmentedRaftLogWorker.java:lambda$new$0(132)) - f6ec089b-5516-4b64-9212-97eb604ab2a5-SegmentedRaftLogWorker:Storage Directory /workdir/hadoop-ozone/tools/target/test-dir/MiniOzoneClusterImpl-da4e238f-9df3-4b07-9cd3-d36e1b7a1734/datanode-3/data/ratis/d63849fb-b5b3-405d-b948-bf6464206ab4: flushIndex: setUnconditionally 0 -> -1
2019-09-20 08:52:06,313 [pool-60-thread-1] INFO  server.RaftServerConfigKeys (ConfUtils.java:logGet(43)) - raft.server.snapshot.auto.trigger.enabled = true (custom)
2019-09-20 08:52:06,314 [pool-60-thread-1] INFO  server.RaftServerConfigKeys (ConfUtils.java:logGet(43)) - raft.server.snapshot.auto.trigger.threshold = 10000 (custom)
2019-09-20 08:52:06,314 [pool-60-thread-1] INFO  server.RaftServerConfigKeys (ConfUtils.java:logGet(43)) - raft.server.retrycache.expirytime = 600000ms (custom)
2019-09-20 08:52:06,314 [pool-60-thread-1] INFO  impl.RaftServerImpl (RaftServerImpl.java:start(180)) - f6ec089b-5516-4b64-9212-97eb604ab2a5: start group-BF6464206AB4
2019-09-20 08:52:06,314 [pool-60-thread-1] INFO  impl.RaftServerImpl (RaftServerImpl.java:setRole(171)) - f6ec089b-5516-4b64-9212-97eb604ab2a5:group-BF6464206AB4 changes role from null to FOLLOWER at term 0 for startAsFollower
2019-09-20 08:52:06,315 [pool-60-thread-1] INFO  impl.RoleInfo (RoleInfo.java:updateAndGet(143)) - f6ec089b-5516-4b64-9212-97eb604ab2a5: start FollowerState
2019-09-20 08:52:06,315 [pool-60-thread-1] INFO  util.JmxRegister (JmxRegister.java:tryRegister(44)) - Successfully registered JMX Bean with object name Ratis:service=RaftServer,group=group-BF6464206AB4,id=f6ec089b-5516-4b64-9212-97eb604ab2a5
2019-09-20 08:52:06,327 [RatisPipelineUtilsThread] INFO  pipeline.PipelineStateManager (PipelineStateManager.java:addPipeline(56)) - Created pipeline Pipeline[ Id: d63849fb-b5b3-405d-b948-bf6464206ab4, Nodes: f6ec089b-5516-4b64-9212-97eb604ab2a5{ip: 192.168.36.79, host: pr-hdds-1569-s8kj2-2266485376, networkLocation: /default-rack, certSerialId: null}, Type:RATIS, Factor:ONE, State:OPEN]
2019-09-20 08:52:06,347 [grpc-default-executor-0] INFO  impl.RaftServerProxy (RaftServerProxy.java:addNew(89)) - b94e02b2-da92-474d-abbd-fccabaa9f79e: addNew group-D3A8DCC8AB6D:[b94e02b2-da92-474d-abbd-fccabaa9f79e:192.168.36.79:36876] returns group-D3A8DCC8AB6D:java.util.concurrent.CompletableFuture@304e9935[Not completed]
2019-09-20 08:52:06,349 [pool-38-thread-1] INFO  impl.RaftServerImpl (RaftServerImpl.java:<init>(93)) - b94e02b2-da92-474d-abbd-fccabaa9f79e: new RaftServerImpl for group-D3A8DCC8AB6D:[b94e02b2-da92-474d-abbd-fccabaa9f79e:192.168.36.79:36876] with ContainerStateMachine:uninitialized
2019-09-20 08:52:06,349 [pool-38-thread-1] INFO  server.RaftServerConfigKeys (ConfUtils.java:logGet(43)) - raft.server.rpc.timeout.min = 5s (custom)
2019-09-20 08:52:06,349 [pool-38-thread-1] INFO  server.RaftServerConfigKeys (ConfUtils.java:logGet(43)) - raft.server.rpc.timeout.max = 5200ms (custom)
2019-09-20 08:52:06,350 [pool-38-thread-1] INFO  server.RaftServerConfigKeys (ConfUtils.java:logGet(43)) - raft.server.rpcslowness.timeout = 120s (custom)
2019-09-20 08:52:06,350 [pool-38-thread-1] INFO  server.RaftServerConfigKeys (ConfUtils.java:logGet(43)) - raft.server.sleep.deviation.threshold = 300 (default)
2019-09-20 08:52:06,350 [pool-38-thread-1] INFO  server.RaftServerConfigKeys (ConfUtils.java:logGet(43)) - raft.server.log.appender.install.snapshot.enabled = false (custom)
2019-09-20 08:52:06,350 [pool-38-thread-1] INFO  impl.RaftServerImpl (ServerState.java:<init>(105)) - b94e02b2-da92-474d-abbd-fccabaa9f79e:group-D3A8DCC8AB6D ConfigurationManager, init=-1: [b94e02b2-da92-474d-abbd-fccabaa9f79e:192.168.36.79:36876], old=null, confs=<EMPTY_MAP>
2019-09-20 08:52:06,350 [pool-38-thread-1] INFO  server.RaftServerConfigKeys (ConfUtils.java:logGet(43)) - raft.server.storage.dir = [/workdir/hadoop-ozone/tools/target/test-dir/MiniOzoneClusterImpl-da4e238f-9df3-4b07-9cd3-d36e1b7a1734/datanode-1/data/ratis] (custom)
2019-09-20 08:52:06,351 [pool-38-thread-1] INFO  storage.RaftStorageDirectory (RaftStorageDirectory.java:analyzeStorage(246)) - The storage directory /workdir/hadoop-ozone/tools/target/test-dir/MiniOzoneClusterImpl-da4e238f-9df3-4b07-9cd3-d36e1b7a1734/datanode-1/data/ratis/38976374-8e17-4b4c-a90a-d3a8dcc8ab6d does not exist. Creating ...
2019-09-20 08:52:06,384 [pool-38-thread-1] INFO  storage.RaftStorageDirectory (RaftStorageDirectory.java:tryLock(328)) - Lock on /workdir/hadoop-ozone/tools/target/test-dir/MiniOzoneClusterImpl-da4e238f-9df3-4b07-9cd3-d36e1b7a1734/datanode-1/data/ratis/38976374-8e17-4b4c-a90a-d3a8dcc8ab6d/in_use.lock acquired by nodename 18156@pr-hdds-1569-s8kj2-2266485376
2019-09-20 08:52:06,409 [pool-38-thread-1] INFO  storage.RaftStorage (RaftStorage.java:format(72)) - Storage directory /workdir/hadoop-ozone/tools/target/test-dir/MiniOzoneClusterImpl-da4e238f-9df3-4b07-9cd3-d36e1b7a1734/datanode-1/data/ratis/38976374-8e17-4b4c-a90a-d3a8dcc8ab6d has been successfully formatted.
2019-09-20 08:52:06,410 [pool-38-thread-1] INFO  ratis.ContainerStateMachine (ContainerStateMachine.java:loadSnapshot(226)) - group-D3A8DCC8AB6D: The snapshot info is null. Setting the last applied indexto:(t:0, i:~)
2019-09-20 08:52:06,410 [pool-38-thread-1] INFO  server.RaftServerConfigKeys (ConfUtils.java:logGet(43)) - raft.server.leader.election.timeout = 120s (custom)
2019-09-20 08:52:06,411 [pool-38-thread-1] INFO  server.RaftServerConfigKeys (ConfUtils.java:logGet(43)) - raft.server.log.use.memory = false (default)
2019-09-20 08:52:06,411 [pool-38-thread-1] INFO  server.RaftServerConfigKeys (ConfUtils.java:logGet(43)) - raft.server.log.purge.gap = 1000000 (custom)
2019-09-20 08:52:06,411 [pool-38-thread-1] INFO  server.RaftServerConfigKeys (ConfUtils.java:logGet(43)) - raft.server.log.appender.buffer.byte-limit = 33554432 (custom)
2019-09-20 08:52:06,411 [pool-38-thread-1] INFO  server.RaftServerConfigKeys (ConfUtils.java:logGet(43)) - raft.server.log.segment.size.max = 1048576 (custom)
2019-09-20 08:52:06,412 [pool-38-thread-1] INFO  server.RaftServerConfigKeys (ConfUtils.java:logGet(43)) - raft.server.log.segment.cache.num.max = 2 (custom)
2019-09-20 08:52:06,412 [pool-38-thread-1] INFO  segmented.SegmentedRaftLogWorker (SegmentedRaftLogWorker.java:<init>(172)) - new b94e02b2-da92-474d-abbd-fccabaa9f79e-SegmentedRaftLogWorker:Storage Directory /workdir/hadoop-ozone/tools/target/test-dir/MiniOzoneClusterImpl-da4e238f-9df3-4b07-9cd3-d36e1b7a1734/datanode-1/data/ratis/38976374-8e17-4b4c-a90a-d3a8dcc8ab6d for RaftStorage:Storage Directory /workdir/hadoop-ozone/tools/target/test-dir/MiniOzoneClusterImpl-da4e238f-9df3-4b07-9cd3-d36e1b7a1734/datanode-1/data/ratis/38976374-8e17-4b4c-a90a-d3a8dcc8ab6d
2019-09-20 08:52:06,412 [pool-38-thread-1] INFO  server.RaftServerConfigKeys (ConfUtils.java:logGet(43)) - raft.server.log.queue.byte-limit = 2147483647 (custom)
2019-09-20 08:52:06,412 [pool-38-thread-1] INFO  server.RaftServerConfigKeys (ConfUtils.java:logGet(43)) - raft.server.log.queue.element-limit = 1024 (custom)
2019-09-20 08:52:06,413 [pool-38-thread-1] INFO  server.RaftServerConfigKeys (ConfUtils.java:logGet(43)) - raft.server.log.segment.size.max = 1048576 (custom)
2019-09-20 08:52:06,413 [pool-38-thread-1] INFO  server.RaftServerConfigKeys (ConfUtils.java:logGet(43)) - raft.server.log.preallocated.size = 16384 (custom)
2019-09-20 08:52:06,413 [pool-38-thread-1] INFO  server.RaftServerConfigKeys (ConfUtils.java:logGet(43)) - raft.server.log.write.buffer.size = 33554432 (custom)
2019-09-20 08:52:06,413 [pool-38-thread-1] INFO  server.RaftServerConfigKeys (ConfUtils.java:logGet(43)) - raft.server.log.force.sync.num = 128 (default)
2019-09-20 08:52:06,414 [pool-38-thread-1] INFO  server.RaftServerConfigKeys (ConfUtils.java:logGet(43)) - raft.server.log.statemachine.data.sync = true (default)
2019-09-20 08:52:06,414 [pool-38-thread-1] INFO  server.RaftServerConfigKeys (ConfUtils.java:logGet(43)) - raft.server.log.statemachine.data.sync.timeout = 10s (default)
2019-09-20 08:52:06,414 [pool-38-thread-1] INFO  server.RaftServerConfigKeys (ConfUtils.java:logGet(43)) - raft.server.log.statemachine.data.sync.timeout.retry = -1 (default)
2019-09-20 08:52:06,415 [pool-38-thread-1] INFO  server.RaftServerConfigKeys (ConfUtils.java:logGet(43)) - raft.server.log.statemachine.data.caching.enabled = true (custom)
2019-09-20 08:52:06,415 [pool-38-thread-1] INFO  segmented.SegmentedRaftLogWorker (SegmentedRaftLogWorker.java:lambda$new$0(132)) - b94e02b2-da92-474d-abbd-fccabaa9f79e-SegmentedRaftLogWorker:Storage Directory /workdir/hadoop-ozone/tools/target/test-dir/MiniOzoneClusterImpl-da4e238f-9df3-4b07-9cd3-d36e1b7a1734/datanode-1/data/ratis/38976374-8e17-4b4c-a90a-d3a8dcc8ab6d: flushIndex: setUnconditionally 0 -> -1
2019-09-20 08:52:06,416 [pool-38-thread-1] INFO  server.RaftServerConfigKeys (ConfUtils.java:logGet(43)) - raft.server.snapshot.auto.trigger.enabled = true (custom)
2019-09-20 08:52:06,416 [pool-38-thread-1] INFO  server.RaftServerConfigKeys (ConfUtils.java:logGet(43)) - raft.server.snapshot.auto.trigger.threshold = 10000 (custom)
2019-09-20 08:52:06,416 [pool-38-thread-1] INFO  server.RaftServerConfigKeys (ConfUtils.java:logGet(43)) - raft.server.retrycache.expirytime = 600000ms (custom)
2019-09-20 08:52:06,417 [pool-38-thread-1] INFO  impl.RaftServerImpl (RaftServerImpl.java:start(180)) - b94e02b2-da92-474d-abbd-fccabaa9f79e: start group-D3A8DCC8AB6D
2019-09-20 08:52:06,417 [pool-38-thread-1] INFO  impl.RaftServerImpl (RaftServerImpl.java:setRole(171)) - b94e02b2-da92-474d-abbd-fccabaa9f79e:group-D3A8DCC8AB6D changes role from null to FOLLOWER at term 0 for startAsFollower
2019-09-20 08:52:06,417 [pool-38-thread-1] INFO  impl.RoleInfo (RoleInfo.java:updateAndGet(143)) - b94e02b2-da92-474d-abbd-fccabaa9f79e: start FollowerState
2019-09-20 08:52:06,418 [pool-38-thread-1] INFO  util.JmxRegister (JmxRegister.java:tryRegister(44)) - Successfully registered JMX Bean with object name Ratis:service=RaftServer,group=group-D3A8DCC8AB6D,id=b94e02b2-da92-474d-abbd-fccabaa9f79e
2019-09-20 08:52:06,433 [RatisPipelineUtilsThread] INFO  pipeline.PipelineStateManager (PipelineStateManager.java:addPipeline(56)) - Created pipeline Pipeline[ Id: 38976374-8e17-4b4c-a90a-d3a8dcc8ab6d, Nodes: b94e02b2-da92-474d-abbd-fccabaa9f79e{ip: 192.168.36.79, host: pr-hdds-1569-s8kj2-2266485376, networkLocation: /default-rack, certSerialId: null}, Type:RATIS, Factor:ONE, State:OPEN]
2019-09-20 08:52:06,438 | INFO  | SCMAudit | user=jenkins1000 | ip=192.168.36.79 | op=SEND_HEARTBEAT {datanodeUUID=44c728ea-0f6d-4328-96aa-117f098b9c99, command=[]} | ret=SUCCESS |  
2019-09-20 08:52:06,445 [grpc-default-executor-0] INFO  impl.RaftServerProxy (RaftServerProxy.java:addNew(89)) - f6ec089b-5516-4b64-9212-97eb604ab2a5: addNew group-5873F581BB86:[f6ec089b-5516-4b64-9212-97eb604ab2a5:192.168.36.79:40071] returns group-5873F581BB86:java.util.concurrent.CompletableFuture@1ece94c6[Not completed]
2019-09-20 08:52:06,447 [pool-60-thread-1] INFO  impl.RaftServerImpl (RaftServerImpl.java:<init>(93)) - f6ec089b-5516-4b64-9212-97eb604ab2a5: new RaftServerImpl for group-5873F581BB86:[f6ec089b-5516-4b64-9212-97eb604ab2a5:192.168.36.79:40071] with ContainerStateMachine:uninitialized
2019-09-20 08:52:06,447 [pool-60-thread-1] INFO  server.RaftServerConfigKeys (ConfUtils.java:logGet(43)) - raft.server.rpc.timeout.min = 5s (custom)
2019-09-20 08:52:06,447 [pool-60-thread-1] INFO  server.RaftServerConfigKeys (ConfUtils.java:logGet(43)) - raft.server.rpc.timeout.max = 5200ms (custom)
2019-09-20 08:52:06,447 [pool-60-thread-1] INFO  server.RaftServerConfigKeys (ConfUtils.java:logGet(43)) - raft.server.rpcslowness.timeout = 120s (custom)
2019-09-20 08:52:06,447 [pool-60-thread-1] INFO  server.RaftServerConfigKeys (ConfUtils.java:logGet(43)) - raft.server.sleep.deviation.threshold = 300 (default)
2019-09-20 08:52:06,447 [pool-60-thread-1] INFO  server.RaftServerConfigKeys (ConfUtils.java:logGet(43)) - raft.server.log.appender.install.snapshot.enabled = false (custom)
2019-09-20 08:52:06,447 [pool-60-thread-1] INFO  impl.RaftServerImpl (ServerState.java:<init>(105)) - f6ec089b-5516-4b64-9212-97eb604ab2a5:group-5873F581BB86 ConfigurationManager, init=-1: [f6ec089b-5516-4b64-9212-97eb604ab2a5:192.168.36.79:40071], old=null, confs=<EMPTY_MAP>
2019-09-20 08:52:06,447 [pool-60-thread-1] INFO  server.RaftServerConfigKeys (ConfUtils.java:logGet(43)) - raft.server.storage.dir = [/workdir/hadoop-ozone/tools/target/test-dir/MiniOzoneClusterImpl-da4e238f-9df3-4b07-9cd3-d36e1b7a1734/datanode-3/data/ratis] (custom)
2019-09-20 08:52:06,448 [pool-60-thread-1] INFO  storage.RaftStorageDirectory (RaftStorageDirectory.java:analyzeStorage(246)) - The storage directory /workdir/hadoop-ozone/tools/target/test-dir/MiniOzoneClusterImpl-da4e238f-9df3-4b07-9cd3-d36e1b7a1734/datanode-3/data/ratis/e19c806a-8f0f-4594-b8b1-5873f581bb86 does not exist. Creating ...
2019-09-20 08:52:06,472 [main] INFO  freon.RandomKeyGenerator (RandomKeyGenerator.java:call(275)) - Number of Threads: 10
2019-09-20 08:52:06,473 [main] INFO  freon.RandomKeyGenerator (RandomKeyGenerator.java:call(280)) - Number of Volumes: 1.
2019-09-20 08:52:06,473 [main] INFO  freon.RandomKeyGenerator (RandomKeyGenerator.java:call(281)) - Number of Buckets per Volume: 1.
2019-09-20 08:52:06,473 [main] INFO  freon.RandomKeyGenerator (RandomKeyGenerator.java:call(282)) - Number of Keys per Bucket: 1.
2019-09-20 08:52:06,473 [main] INFO  freon.RandomKeyGenerator (RandomKeyGenerator.java:call(283)) - Key size: 20971520 bytes
2019-09-20 08:52:06,473 [main] INFO  freon.RandomKeyGenerator (RandomKeyGenerator.java:call(284)) - Buffer size: 4096 bytes
2019-09-20 08:52:06,478 [main] INFO  freon.RandomKeyGenerator (RandomKeyGenerator.java:call(298)) - Data validation is enabled.
2019-09-20 08:52:06,480 [main] INFO  freon.RandomKeyGenerator (RandomKeyGenerator.java:call(304)) - Starting progress bar Thread.

 0.00% |█                                                                                                    |  0/1 Time: 0:00:002019-09-20 08:52:06,485 [pool-60-thread-1] INFO  storage.RaftStorageDirectory (RaftStorageDirectory.java:tryLock(328)) - Lock on /workdir/hadoop-ozone/tools/target/test-dir/MiniOzoneClusterImpl-da4e238f-9df3-4b07-9cd3-d36e1b7a1734/datanode-3/data/ratis/e19c806a-8f0f-4594-b8b1-5873f581bb86/in_use.lock acquired by nodename 18156@pr-hdds-1569-s8kj2-2266485376
2019-09-20 08:52:06,509 [pool-78-thread-1] INFO  rpc.RpcClient (RpcClient.java:createVolume(293)) - Creating Volume: vol-0-41791, with jenkins1000 as owner.
2019-09-20 08:52:06,511 [pool-60-thread-1] INFO  storage.RaftStorage (RaftStorage.java:format(72)) - Storage directory /workdir/hadoop-ozone/tools/target/test-dir/MiniOzoneClusterImpl-da4e238f-9df3-4b07-9cd3-d36e1b7a1734/datanode-3/data/ratis/e19c806a-8f0f-4594-b8b1-5873f581bb86 has been successfully formatted.
2019-09-20 08:52:06,511 [pool-60-thread-1] INFO  ratis.ContainerStateMachine (ContainerStateMachine.java:loadSnapshot(226)) - group-5873F581BB86: The snapshot info is null. Setting the last applied indexto:(t:0, i:~)
2019-09-20 08:52:06,511 [pool-60-thread-1] INFO  server.RaftServerConfigKeys (ConfUtils.java:logGet(43)) - raft.server.leader.election.timeout = 120s (custom)
2019-09-20 08:52:06,512 [pool-60-thread-1] INFO  server.RaftServerConfigKeys (ConfUtils.java:logGet(43)) - raft.server.log.use.memory = false (default)
2019-09-20 08:52:06,512 [pool-60-thread-1] INFO  server.RaftServerConfigKeys (ConfUtils.java:logGet(43)) - raft.server.log.purge.gap = 1000000 (custom)
2019-09-20 08:52:06,512 [pool-60-thread-1] INFO  server.RaftServerConfigKeys (ConfUtils.java:logGet(43)) - raft.server.log.appender.buffer.byte-limit = 33554432 (custom)
2019-09-20 08:52:06,512 [pool-60-thread-1] INFO  server.RaftServerConfigKeys (ConfUtils.java:logGet(43)) - raft.server.log.segment.size.max = 1048576 (custom)
2019-09-20 08:52:06,512 [pool-60-thread-1] INFO  server.RaftServerConfigKeys (ConfUtils.java:logGet(43)) - raft.server.log.segment.cache.num.max = 2 (custom)
2019-09-20 08:52:06,512 [pool-60-thread-1] INFO  segmented.SegmentedRaftLogWorker (SegmentedRaftLogWorker.java:<init>(172)) - new f6ec089b-5516-4b64-9212-97eb604ab2a5-SegmentedRaftLogWorker:Storage Directory /workdir/hadoop-ozone/tools/target/test-dir/MiniOzoneClusterImpl-da4e238f-9df3-4b07-9cd3-d36e1b7a1734/datanode-3/data/ratis/e19c806a-8f0f-4594-b8b1-5873f581bb86 for RaftStorage:Storage Directory /workdir/hadoop-ozone/tools/target/test-dir/MiniOzoneClusterImpl-da4e238f-9df3-4b07-9cd3-d36e1b7a1734/datanode-3/data/ratis/e19c806a-8f0f-4594-b8b1-5873f581bb86
2019-09-20 08:52:06,512 [pool-60-thread-1] INFO  server.RaftServerConfigKeys (ConfUtils.java:logGet(43)) - raft.server.log.queue.byte-limit = 2147483647 (custom)
2019-09-20 08:52:06,512 [pool-60-thread-1] INFO  server.RaftServerConfigKeys (ConfUtils.java:logGet(43)) - raft.server.log.queue.element-limit = 1024 (custom)
2019-09-20 08:52:06,513 [pool-60-thread-1] INFO  server.RaftServerConfigKeys (ConfUtils.java:logGet(43)) - raft.server.log.segment.size.max = 1048576 (custom)
2019-09-20 08:52:06,513 [pool-60-thread-1] INFO  server.RaftServerConfigKeys (ConfUtils.java:logGet(43)) - raft.server.log.preallocated.size = 16384 (custom)
2019-09-20 08:52:06,513 [pool-60-thread-1] INFO  server.RaftServerConfigKeys (ConfUtils.java:logGet(43)) - raft.server.log.write.buffer.size = 33554432 (custom)
2019-09-20 08:52:06,513 [pool-60-thread-1] INFO  server.RaftServerConfigKeys (ConfUtils.java:logGet(43)) - raft.server.log.force.sync.num = 128 (default)
2019-09-20 08:52:06,513 [pool-60-thread-1] INFO  server.RaftServerConfigKeys (ConfUtils.java:logGet(43)) - raft.server.log.statemachine.data.sync = true (default)
2019-09-20 08:52:06,513 [pool-60-thread-1] INFO  server.RaftServerConfigKeys (ConfUtils.java:logGet(43)) - raft.server.log.statemachine.data.sync.timeout = 10s (default)
2019-09-20 08:52:06,514 [pool-60-thread-1] INFO  server.RaftServerConfigKeys (ConfUtils.java:logGet(43)) - raft.server.log.statemachine.data.sync.timeout.retry = -1 (default)
2019-09-20 08:52:06,514 [pool-60-thread-1] INFO  server.RaftServerConfigKeys (ConfUtils.java:logGet(43)) - raft.server.log.statemachine.data.caching.enabled = true (custom)
2019-09-20 08:52:06,515 [pool-60-thread-1] INFO  segmented.SegmentedRaftLogWorker (SegmentedRaftLogWorker.java:lambda$new$0(132)) - f6ec089b-5516-4b64-9212-97eb604ab2a5-SegmentedRaftLogWorker:Storage Directory /workdir/hadoop-ozone/tools/target/test-dir/MiniOzoneClusterImpl-da4e238f-9df3-4b07-9cd3-d36e1b7a1734/datanode-3/data/ratis/e19c806a-8f0f-4594-b8b1-5873f581bb86: flushIndex: setUnconditionally 0 -> -1
2019-09-20 08:52:06,515 [pool-60-thread-1] INFO  server.RaftServerConfigKeys (ConfUtils.java:logGet(43)) - raft.server.snapshot.auto.trigger.enabled = true (custom)
2019-09-20 08:52:06,517 [pool-60-thread-1] INFO  server.RaftServerConfigKeys (ConfUtils.java:logGet(43)) - raft.server.snapshot.auto.trigger.threshold = 10000 (custom)
2019-09-20 08:52:06,517 [pool-60-thread-1] INFO  server.RaftServerConfigKeys (ConfUtils.java:logGet(43)) - raft.server.retrycache.expirytime = 600000ms (custom)
2019-09-20 08:52:06,517 [pool-60-thread-1] INFO  impl.RaftServerImpl (RaftServerImpl.java:start(180)) - f6ec089b-5516-4b64-9212-97eb604ab2a5: start group-5873F581BB86
2019-09-20 08:52:06,517 [pool-60-thread-1] INFO  impl.RaftServerImpl (RaftServerImpl.java:setRole(171)) - f6ec089b-5516-4b64-9212-97eb604ab2a5:group-5873F581BB86 changes role from null to FOLLOWER at term 0 for startAsFollower
2019-09-20 08:52:06,518 [pool-60-thread-1] INFO  impl.RoleInfo (RoleInfo.java:updateAndGet(143)) - f6ec089b-5516-4b64-9212-97eb604ab2a5: start FollowerState
2019-09-20 08:52:06,518 [pool-60-thread-1] INFO  util.JmxRegister (JmxRegister.java:tryRegister(44)) - Successfully registered JMX Bean with object name Ratis:service=RaftServer,group=group-5873F581BB86,id=f6ec089b-5516-4b64-9212-97eb604ab2a5
2019-09-20 08:52:06,526 [RatisPipelineUtilsThread] INFO  pipeline.PipelineStateManager (PipelineStateManager.java:addPipeline(56)) - Created pipeline Pipeline[ Id: e19c806a-8f0f-4594-b8b1-5873f581bb86, Nodes: f6ec089b-5516-4b64-9212-97eb604ab2a5{ip: 192.168.36.79, host: pr-hdds-1569-s8kj2-2266485376, networkLocation: /default-rack, certSerialId: null}, Type:RATIS, Factor:ONE, State:OPEN]
2019-09-20 08:52:06,538 [grpc-default-executor-0] INFO  impl.RaftServerProxy (RaftServerProxy.java:addNew(89)) - 44c728ea-0f6d-4328-96aa-117f098b9c99: addNew group-235D17DDE0F5:[44c728ea-0f6d-4328-96aa-117f098b9c99:192.168.36.79:38728] returns group-235D17DDE0F5:java.util.concurrent.CompletableFuture@28940dcf[Not completed]
2019-09-20 08:52:06,539 [pool-49-thread-1] INFO  impl.RaftServerImpl (RaftServerImpl.java:<init>(93)) - 44c728ea-0f6d-4328-96aa-117f098b9c99: new RaftServerImpl for group-235D17DDE0F5:[44c728ea-0f6d-4328-96aa-117f098b9c99:192.168.36.79:38728] with ContainerStateMachine:uninitialized
2019-09-20 08:52:06,539 [pool-49-thread-1] INFO  server.RaftServerConfigKeys (ConfUtils.java:logGet(43)) - raft.server.rpc.timeout.min = 5s (custom)
2019-09-20 08:52:06,540 [pool-49-thread-1] INFO  server.RaftServerConfigKeys (ConfUtils.java:logGet(43)) - raft.server.rpc.timeout.max = 5200ms (custom)
2019-09-20 08:52:06,540 [pool-49-thread-1] INFO  server.RaftServerConfigKeys (ConfUtils.java:logGet(43)) - raft.server.rpcslowness.timeout = 120s (custom)
2019-09-20 08:52:06,540 [pool-49-thread-1] INFO  server.RaftServerConfigKeys (ConfUtils.java:logGet(43)) - raft.server.sleep.deviation.threshold = 300 (default)
2019-09-20 08:52:06,540 [pool-49-thread-1] INFO  server.RaftServerConfigKeys (ConfUtils.java:logGet(43)) - raft.server.log.appender.install.snapshot.enabled = false (custom)
2019-09-20 08:52:06,540 [pool-49-thread-1] INFO  impl.RaftServerImpl (ServerState.java:<init>(105)) - 44c728ea-0f6d-4328-96aa-117f098b9c99:group-235D17DDE0F5 ConfigurationManager, init=-1: [44c728ea-0f6d-4328-96aa-117f098b9c99:192.168.36.79:38728], old=null, confs=<EMPTY_MAP>
2019-09-20 08:52:06,540 [pool-49-thread-1] INFO  server.RaftServerConfigKeys (ConfUtils.java:logGet(43)) - raft.server.storage.dir = [/workdir/hadoop-ozone/tools/target/test-dir/MiniOzoneClusterImpl-da4e238f-9df3-4b07-9cd3-d36e1b7a1734/datanode-2/data/ratis] (custom)
2019-09-20 08:52:06,541 [pool-49-thread-1] INFO  storage.RaftStorageDirectory (RaftStorageDirectory.java:analyzeStorage(246)) - The storage directory /workdir/hadoop-ozone/tools/target/test-dir/MiniOzoneClusterImpl-da4e238f-9df3-4b07-9cd3-d36e1b7a1734/datanode-2/data/ratis/b7c145b1-8371-4706-aac3-235d17dde0f5 does not exist. Creating ...
2019-09-20 08:52:06,543 | INFO  | OMAudit | user=jenkins1000 | ip=127.0.0.1 | op=CREATE_VOLUME {admin=jenkins1000, owner=jenkins1000, volume=vol-0-41791, creationTime=1568969526538, quotaInBytes=1152921504606846976} | ret=SUCCESS |  
2019-09-20 08:52:06,557 | INFO  | OMAudit | user=jenkins1000 | ip=127.0.0.1 | op=READ_VOLUME {volume=vol-0-41791} | ret=SUCCESS |  
2019-09-20 08:52:06,571 [pool-78-thread-2] INFO  rpc.RpcClient (RpcClient.java:createBucket(432)) - Creating Bucket: vol-0-41791/bucket-0-33872, with Versioning false and Storage Type set to DISK and Encryption set to false 
2019-09-20 08:52:06,592 [pool-49-thread-1] INFO  storage.RaftStorageDirectory (RaftStorageDirectory.java:tryLock(328)) - Lock on /workdir/hadoop-ozone/tools/target/test-dir/MiniOzoneClusterImpl-da4e238f-9df3-4b07-9cd3-d36e1b7a1734/datanode-2/data/ratis/b7c145b1-8371-4706-aac3-235d17dde0f5/in_use.lock acquired by nodename 18156@pr-hdds-1569-s8kj2-2266485376
2019-09-20 08:52:06,596 | INFO  | OMAudit | user=jenkins1000 | ip=127.0.0.1 | op=CREATE_BUCKET {volume=vol-0-41791, bucket=bucket-0-33872, acls=[user:jenkins1000:a[ACCESS], group:default:a[ACCESS]], isVersionEnabled=false, storageType=DISK, creationTime=0} | ret=SUCCESS |  
2019-09-20 08:52:06,603 | INFO  | OMAudit | user=jenkins1000 | ip=127.0.0.1 | op=READ_BUCKET {volume=vol-0-41791, bucket=bucket-0-33872} | ret=SUCCESS |  
2019-09-20 08:52:06,616 [pool-49-thread-1] INFO  storage.RaftStorage (RaftStorage.java:format(72)) - Storage directory /workdir/hadoop-ozone/tools/target/test-dir/MiniOzoneClusterImpl-da4e238f-9df3-4b07-9cd3-d36e1b7a1734/datanode-2/data/ratis/b7c145b1-8371-4706-aac3-235d17dde0f5 has been successfully formatted.
2019-09-20 08:52:06,617 [pool-49-thread-1] INFO  ratis.ContainerStateMachine (ContainerStateMachine.java:loadSnapshot(226)) - group-235D17DDE0F5: The snapshot info is null. Setting the last applied indexto:(t:0, i:~)
2019-09-20 08:52:06,617 [pool-49-thread-1] INFO  server.RaftServerConfigKeys (ConfUtils.java:logGet(43)) - raft.server.leader.election.timeout = 120s (custom)
2019-09-20 08:52:06,617 [pool-49-thread-1] INFO  server.RaftServerConfigKeys (ConfUtils.java:logGet(43)) - raft.server.log.use.memory = false (default)
2019-09-20 08:52:06,617 [pool-49-thread-1] INFO  server.RaftServerConfigKeys (ConfUtils.java:logGet(43)) - raft.server.log.purge.gap = 1000000 (custom)
2019-09-20 08:52:06,617 [pool-49-thread-1] INFO  server.RaftServerConfigKeys (ConfUtils.java:logGet(43)) - raft.server.log.appender.buffer.byte-limit = 33554432 (custom)
2019-09-20 08:52:06,618 [pool-49-thread-1] INFO  server.RaftServerConfigKeys (ConfUtils.java:logGet(43)) - raft.server.log.segment.size.max = 1048576 (custom)
2019-09-20 08:52:06,618 [pool-49-thread-1] INFO  server.RaftServerConfigKeys (ConfUtils.java:logGet(43)) - raft.server.log.segment.cache.num.max = 2 (custom)
2019-09-20 08:52:06,618 [pool-49-thread-1] INFO  segmented.SegmentedRaftLogWorker (SegmentedRaftLogWorker.java:<init>(172)) - new 44c728ea-0f6d-4328-96aa-117f098b9c99-SegmentedRaftLogWorker:Storage Directory /workdir/hadoop-ozone/tools/target/test-dir/MiniOzoneClusterImpl-da4e238f-9df3-4b07-9cd3-d36e1b7a1734/datanode-2/data/ratis/b7c145b1-8371-4706-aac3-235d17dde0f5 for RaftStorage:Storage Directory /workdir/hadoop-ozone/tools/target/test-dir/MiniOzoneClusterImpl-da4e238f-9df3-4b07-9cd3-d36e1b7a1734/datanode-2/data/ratis/b7c145b1-8371-4706-aac3-235d17dde0f5
2019-09-20 08:52:06,618 [pool-49-thread-1] INFO  server.RaftServerConfigKeys (ConfUtils.java:logGet(43)) - raft.server.log.queue.byte-limit = 2147483647 (custom)
2019-09-20 08:52:06,618 [pool-49-thread-1] INFO  server.RaftServerConfigKeys (ConfUtils.java:logGet(43)) - raft.server.log.queue.element-limit = 1024 (custom)
2019-09-20 08:52:06,618 [pool-49-thread-1] INFO  server.RaftServerConfigKeys (ConfUtils.java:logGet(43)) - raft.server.log.segment.size.max = 1048576 (custom)
2019-09-20 08:52:06,619 [pool-49-thread-1] INFO  server.RaftServerConfigKeys (ConfUtils.java:logGet(43)) - raft.server.log.preallocated.size = 16384 (custom)
2019-09-20 08:52:06,619 [pool-49-thread-1] INFO  server.RaftServerConfigKeys (ConfUtils.java:logGet(43)) - raft.server.log.write.buffer.size = 33554432 (custom)
2019-09-20 08:52:06,619 [pool-49-thread-1] INFO  server.RaftServerConfigKeys (ConfUtils.java:logGet(43)) - raft.server.log.force.sync.num = 128 (default)
2019-09-20 08:52:06,619 [pool-49-thread-1] INFO  server.RaftServerConfigKeys (ConfUtils.java:logGet(43)) - raft.server.log.statemachine.data.sync = true (default)
2019-09-20 08:52:06,619 [pool-49-thread-1] INFO  server.RaftServerConfigKeys (ConfUtils.java:logGet(43)) - raft.server.log.statemachine.data.sync.timeout = 10s (default)
2019-09-20 08:52:06,619 [pool-49-thread-1] INFO  server.RaftServerConfigKeys (ConfUtils.java:logGet(43)) - raft.server.log.statemachine.data.sync.timeout.retry = -1 (default)
2019-09-20 08:52:06,620 [pool-49-thread-1] INFO  server.RaftServerConfigKeys (ConfUtils.java:logGet(43)) - raft.server.log.statemachine.data.caching.enabled = true (custom)
2019-09-20 08:52:06,620 [pool-49-thread-1] INFO  segmented.SegmentedRaftLogWorker (SegmentedRaftLogWorker.java:lambda$new$0(132)) - 44c728ea-0f6d-4328-96aa-117f098b9c99-SegmentedRaftLogWorker:Storage Directory /workdir/hadoop-ozone/tools/target/test-dir/MiniOzoneClusterImpl-da4e238f-9df3-4b07-9cd3-d36e1b7a1734/datanode-2/data/ratis/b7c145b1-8371-4706-aac3-235d17dde0f5: flushIndex: setUnconditionally 0 -> -1
2019-09-20 08:52:06,620 [pool-49-thread-1] INFO  server.RaftServerConfigKeys (ConfUtils.java:logGet(43)) - raft.server.snapshot.auto.trigger.enabled = true (custom)
2019-09-20 08:52:06,620 [pool-49-thread-1] INFO  server.RaftServerConfigKeys (ConfUtils.java:logGet(43)) - raft.server.snapshot.auto.trigger.threshold = 10000 (custom)
2019-09-20 08:52:06,621 [pool-49-thread-1] INFO  server.RaftServerConfigKeys (ConfUtils.java:logGet(43)) - raft.server.retrycache.expirytime = 600000ms (custom)
2019-09-20 08:52:06,621 [pool-49-thread-1] INFO  impl.RaftServerImpl (RaftServerImpl.java:start(180)) - 44c728ea-0f6d-4328-96aa-117f098b9c99: start group-235D17DDE0F5
2019-09-20 08:52:06,621 [pool-49-thread-1] INFO  impl.RaftServerImpl (RaftServerImpl.java:setRole(171)) - 44c728ea-0f6d-4328-96aa-117f098b9c99:group-235D17DDE0F5 changes role from null to FOLLOWER at term 0 for startAsFollower
2019-09-20 08:52:06,621 [pool-49-thread-1] INFO  impl.RoleInfo (RoleInfo.java:updateAndGet(143)) - 44c728ea-0f6d-4328-96aa-117f098b9c99: start FollowerState
2019-09-20 08:52:06,622 [pool-49-thread-1] INFO  util.JmxRegister (JmxRegister.java:tryRegister(44)) - Successfully registered JMX Bean with object name Ratis:service=RaftServer,group=group-235D17DDE0F5,id=44c728ea-0f6d-4328-96aa-117f098b9c99
2019-09-20 08:52:06,637 [RatisPipelineUtilsThread] INFO  pipeline.PipelineStateManager (PipelineStateManager.java:addPipeline(56)) - Created pipeline Pipeline[ Id: b7c145b1-8371-4706-aac3-235d17dde0f5, Nodes: 44c728ea-0f6d-4328-96aa-117f098b9c99{ip: 192.168.36.79, host: pr-hdds-1569-s8kj2-2266485376, networkLocation: /default-rack, certSerialId: null}, Type:RATIS, Factor:ONE, State:OPEN]
2019-09-20 08:52:06,649 [grpc-default-executor-0] INFO  impl.RaftServerProxy (RaftServerProxy.java:addNew(89)) - b94e02b2-da92-474d-abbd-fccabaa9f79e: addNew group-85CB9E7CD171:[b94e02b2-da92-474d-abbd-fccabaa9f79e:192.168.36.79:36876] returns group-85CB9E7CD171:java.util.concurrent.CompletableFuture@54749e31[Not completed]
2019-09-20 08:52:06,650 [pool-38-thread-1] INFO  impl.RaftServerImpl (RaftServerImpl.java:<init>(93)) - b94e02b2-da92-474d-abbd-fccabaa9f79e: new RaftServerImpl for group-85CB9E7CD171:[b94e02b2-da92-474d-abbd-fccabaa9f79e:192.168.36.79:36876] with ContainerStateMachine:uninitialized
2019-09-20 08:52:06,650 [pool-38-thread-1] INFO  server.RaftServerConfigKeys (ConfUtils.java:logGet(43)) - raft.server.rpc.timeout.min = 5s (custom)
2019-09-20 08:52:06,650 [pool-38-thread-1] INFO  server.RaftServerConfigKeys (ConfUtils.java:logGet(43)) - raft.server.rpc.timeout.max = 5200ms (custom)
2019-09-20 08:52:06,650 [pool-38-thread-1] INFO  server.RaftServerConfigKeys (ConfUtils.java:logGet(43)) - raft.server.rpcslowness.timeout = 120s (custom)
2019-09-20 08:52:06,651 [pool-38-thread-1] INFO  server.RaftServerConfigKeys (ConfUtils.java:logGet(43)) - raft.server.sleep.deviation.threshold = 300 (default)
2019-09-20 08:52:06,651 [pool-38-thread-1] INFO  server.RaftServerConfigKeys (ConfUtils.java:logGet(43)) - raft.server.log.appender.install.snapshot.enabled = false (custom)
2019-09-20 08:52:06,651 [pool-38-thread-1] INFO  impl.RaftServerImpl (ServerState.java:<init>(105)) - b94e02b2-da92-474d-abbd-fccabaa9f79e:group-85CB9E7CD171 ConfigurationManager, init=-1: [b94e02b2-da92-474d-abbd-fccabaa9f79e:192.168.36.79:36876], old=null, confs=<EMPTY_MAP>
2019-09-20 08:52:06,651 [pool-38-thread-1] INFO  server.RaftServerConfigKeys (ConfUtils.java:logGet(43)) - raft.server.storage.dir = [/workdir/hadoop-ozone/tools/target/test-dir/MiniOzoneClusterImpl-da4e238f-9df3-4b07-9cd3-d36e1b7a1734/datanode-1/data/ratis] (custom)
2019-09-20 08:52:06,651 [pool-38-thread-1] INFO  storage.RaftStorageDirectory (RaftStorageDirectory.java:analyzeStorage(246)) - The storage directory /workdir/hadoop-ozone/tools/target/test-dir/MiniOzoneClusterImpl-da4e238f-9df3-4b07-9cd3-d36e1b7a1734/datanode-1/data/ratis/df374a0b-306a-4074-8fad-85cb9e7cd171 does not exist. Creating ...
2019-09-20 08:52:06,685 [pool-38-thread-1] INFO  storage.RaftStorageDirectory (RaftStorageDirectory.java:tryLock(328)) - Lock on /workdir/hadoop-ozone/tools/target/test-dir/MiniOzoneClusterImpl-da4e238f-9df3-4b07-9cd3-d36e1b7a1734/datanode-1/data/ratis/df374a0b-306a-4074-8fad-85cb9e7cd171/in_use.lock acquired by nodename 18156@pr-hdds-1569-s8kj2-2266485376
2019-09-20 08:52:06,711 [pool-38-thread-1] INFO  storage.RaftStorage (RaftStorage.java:format(72)) - Storage directory /workdir/hadoop-ozone/tools/target/test-dir/MiniOzoneClusterImpl-da4e238f-9df3-4b07-9cd3-d36e1b7a1734/datanode-1/data/ratis/df374a0b-306a-4074-8fad-85cb9e7cd171 has been successfully formatted.
2019-09-20 08:52:06,712 [pool-38-thread-1] INFO  ratis.ContainerStateMachine (ContainerStateMachine.java:loadSnapshot(226)) - group-85CB9E7CD171: The snapshot info is null. Setting the last applied indexto:(t:0, i:~)
2019-09-20 08:52:06,712 [pool-38-thread-1] INFO  server.RaftServerConfigKeys (ConfUtils.java:logGet(43)) - raft.server.leader.election.timeout = 120s (custom)
2019-09-20 08:52:06,712 [pool-38-thread-1] INFO  server.RaftServerConfigKeys (ConfUtils.java:logGet(43)) - raft.server.log.use.memory = false (default)
2019-09-20 08:52:06,712 [pool-38-thread-1] INFO  server.RaftServerConfigKeys (ConfUtils.java:logGet(43)) - raft.server.log.purge.gap = 1000000 (custom)
2019-09-20 08:52:06,712 [pool-38-thread-1] INFO  server.RaftServerConfigKeys (ConfUtils.java:logGet(43)) - raft.server.log.appender.buffer.byte-limit = 33554432 (custom)
2019-09-20 08:52:06,713 [pool-38-thread-1] INFO  server.RaftServerConfigKeys (ConfUtils.java:logGet(43)) - raft.server.log.segment.size.max = 1048576 (custom)
2019-09-20 08:52:06,713 [pool-38-thread-1] INFO  server.RaftServerConfigKeys (ConfUtils.java:logGet(43)) - raft.server.log.segment.cache.num.max = 2 (custom)
2019-09-20 08:52:06,713 [pool-38-thread-1] INFO  segmented.SegmentedRaftLogWorker (SegmentedRaftLogWorker.java:<init>(172)) - new b94e02b2-da92-474d-abbd-fccabaa9f79e-SegmentedRaftLogWorker:Storage Directory /workdir/hadoop-ozone/tools/target/test-dir/MiniOzoneClusterImpl-da4e238f-9df3-4b07-9cd3-d36e1b7a1734/datanode-1/data/ratis/df374a0b-306a-4074-8fad-85cb9e7cd171 for RaftStorage:Storage Directory /workdir/hadoop-ozone/tools/target/test-dir/MiniOzoneClusterImpl-da4e238f-9df3-4b07-9cd3-d36e1b7a1734/datanode-1/data/ratis/df374a0b-306a-4074-8fad-85cb9e7cd171
2019-09-20 08:52:06,713 [pool-38-thread-1] INFO  server.RaftServerConfigKeys (ConfUtils.java:logGet(43)) - raft.server.log.queue.byte-limit = 2147483647 (custom)
2019-09-20 08:52:06,713 [pool-38-thread-1] INFO  server.RaftServerConfigKeys (ConfUtils.java:logGet(43)) - raft.server.log.queue.element-limit = 1024 (custom)
2019-09-20 08:52:06,714 [pool-38-thread-1] INFO  server.RaftServerConfigKeys (ConfUtils.java:logGet(43)) - raft.server.log.segment.size.max = 1048576 (custom)
2019-09-20 08:52:06,714 [pool-38-thread-1] INFO  server.RaftServerConfigKeys (ConfUtils.java:logGet(43)) - raft.server.log.preallocated.size = 16384 (custom)
2019-09-20 08:52:06,714 [pool-38-thread-1] INFO  server.RaftServerConfigKeys (ConfUtils.java:logGet(43)) - raft.server.log.write.buffer.size = 33554432 (custom)
2019-09-20 08:52:06,714 [pool-38-thread-1] INFO  server.RaftServerConfigKeys (ConfUtils.java:logGet(43)) - raft.server.log.force.sync.num = 128 (default)
2019-09-20 08:52:06,714 [pool-38-thread-1] INFO  server.RaftServerConfigKeys (ConfUtils.java:logGet(43)) - raft.server.log.statemachine.data.sync = true (default)
2019-09-20 08:52:06,714 [pool-38-thread-1] INFO  server.RaftServerConfigKeys (ConfUtils.java:logGet(43)) - raft.server.log.statemachine.data.sync.timeout = 10s (default)
2019-09-20 08:52:06,714 [pool-38-thread-1] INFO  server.RaftServerConfigKeys (ConfUtils.java:logGet(43)) - raft.server.log.statemachine.data.sync.timeout.retry = -1 (default)
2019-09-20 08:52:06,715 [pool-38-thread-1] INFO  server.RaftServerConfigKeys (ConfUtils.java:logGet(43)) - raft.server.log.statemachine.data.caching.enabled = true (custom)
2019-09-20 08:52:06,715 [pool-38-thread-1] INFO  segmented.SegmentedRaftLogWorker (SegmentedRaftLogWorker.java:lambda$new$0(132)) - b94e02b2-da92-474d-abbd-fccabaa9f79e-SegmentedRaftLogWorker:Storage Directory /workdir/hadoop-ozone/tools/target/test-dir/MiniOzoneClusterImpl-da4e238f-9df3-4b07-9cd3-d36e1b7a1734/datanode-1/data/ratis/df374a0b-306a-4074-8fad-85cb9e7cd171: flushIndex: setUnconditionally 0 -> -1
2019-09-20 08:52:06,716 [pool-38-thread-1] INFO  server.RaftServerConfigKeys (ConfUtils.java:logGet(43)) - raft.server.snapshot.auto.trigger.enabled = true (custom)
2019-09-20 08:52:06,716 [pool-38-thread-1] INFO  server.RaftServerConfigKeys (ConfUtils.java:logGet(43)) - raft.server.snapshot.auto.trigger.threshold = 10000 (custom)
2019-09-20 08:52:06,716 [pool-38-thread-1] INFO  server.RaftServerConfigKeys (ConfUtils.java:logGet(43)) - raft.server.retrycache.expirytime = 600000ms (custom)
2019-09-20 08:52:06,716 [pool-38-thread-1] INFO  impl.RaftServerImpl (RaftServerImpl.java:start(180)) - b94e02b2-da92-474d-abbd-fccabaa9f79e: start group-85CB9E7CD171
2019-09-20 08:52:06,716 [pool-38-thread-1] INFO  impl.RaftServerImpl (RaftServerImpl.java:setRole(171)) - b94e02b2-da92-474d-abbd-fccabaa9f79e:group-85CB9E7CD171 changes role from null to FOLLOWER at term 0 for startAsFollower
2019-09-20 08:52:06,717 [pool-38-thread-1] INFO  impl.RoleInfo (RoleInfo.java:updateAndGet(143)) - b94e02b2-da92-474d-abbd-fccabaa9f79e: start FollowerState
2019-09-20 08:52:06,717 [pool-38-thread-1] INFO  util.JmxRegister (JmxRegister.java:tryRegister(44)) - Successfully registered JMX Bean with object name Ratis:service=RaftServer,group=group-85CB9E7CD171,id=b94e02b2-da92-474d-abbd-fccabaa9f79e
2019-09-20 08:52:06,728 [RatisPipelineUtilsThread] INFO  pipeline.PipelineStateManager (PipelineStateManager.java:addPipeline(56)) - Created pipeline Pipeline[ Id: df374a0b-306a-4074-8fad-85cb9e7cd171, Nodes: b94e02b2-da92-474d-abbd-fccabaa9f79e{ip: 192.168.36.79, host: pr-hdds-1569-s8kj2-2266485376, networkLocation: /default-rack, certSerialId: null}, Type:RATIS, Factor:ONE, State:OPEN]
2019-09-20 08:52:06,744 [grpc-default-executor-0] INFO  impl.RaftServerProxy (RaftServerProxy.java:addNew(89)) - 3b3ba6e7-bc1c-4c2c-a22e-347ee35d38bc: addNew group-E7DDA92ADC1B:[3b3ba6e7-bc1c-4c2c-a22e-347ee35d38bc:192.168.36.79:34077] returns group-E7DDA92ADC1B:java.util.concurrent.CompletableFuture@db2d042[Not completed]
2019-09-20 08:52:06,746 [pool-27-thread-1] INFO  impl.RaftServerImpl (RaftServerImpl.java:<init>(93)) - 3b3ba6e7-bc1c-4c2c-a22e-347ee35d38bc: new RaftServerImpl for group-E7DDA92ADC1B:[3b3ba6e7-bc1c-4c2c-a22e-347ee35d38bc:192.168.36.79:34077] with ContainerStateMachine:uninitialized
2019-09-20 08:52:06,746 [pool-27-thread-1] INFO  server.RaftServerConfigKeys (ConfUtils.java:logGet(43)) - raft.server.rpc.timeout.min = 5s (custom)
2019-09-20 08:52:06,747 [pool-27-thread-1] INFO  server.RaftServerConfigKeys (ConfUtils.java:logGet(43)) - raft.server.rpc.timeout.max = 5200ms (custom)
2019-09-20 08:52:06,747 [pool-27-thread-1] INFO  server.RaftServerConfigKeys (ConfUtils.java:logGet(43)) - raft.server.rpcslowness.timeout = 120s (custom)
2019-09-20 08:52:06,747 [pool-27-thread-1] INFO  server.RaftServerConfigKeys (ConfUtils.java:logGet(43)) - raft.server.sleep.deviation.threshold = 300 (default)
2019-09-20 08:52:06,747 [pool-27-thread-1] INFO  server.RaftServerConfigKeys (ConfUtils.java:logGet(43)) - raft.server.log.appender.install.snapshot.enabled = false (custom)
2019-09-20 08:52:06,747 [pool-27-thread-1] INFO  impl.RaftServerImpl (ServerState.java:<init>(105)) - 3b3ba6e7-bc1c-4c2c-a22e-347ee35d38bc:group-E7DDA92ADC1B ConfigurationManager, init=-1: [3b3ba6e7-bc1c-4c2c-a22e-347ee35d38bc:192.168.36.79:34077], old=null, confs=<EMPTY_MAP>
2019-09-20 08:52:06,747 [pool-27-thread-1] INFO  server.RaftServerConfigKeys (ConfUtils.java:logGet(43)) - raft.server.storage.dir = [/workdir/hadoop-ozone/tools/target/test-dir/MiniOzoneClusterImpl-da4e238f-9df3-4b07-9cd3-d36e1b7a1734/datanode-0/data/ratis] (custom)
2019-09-20 08:52:06,748 [pool-27-thread-1] INFO  storage.RaftStorageDirectory (RaftStorageDirectory.java:analyzeStorage(246)) - The storage directory /workdir/hadoop-ozone/tools/target/test-dir/MiniOzoneClusterImpl-da4e238f-9df3-4b07-9cd3-d36e1b7a1734/datanode-0/data/ratis/c68d3735-33a1-4fbb-8a63-e7dda92adc1b does not exist. Creating ...
2019-09-20 08:52:06,772 [pool-27-thread-1] INFO  storage.RaftStorageDirectory (RaftStorageDirectory.java:tryLock(328)) - Lock on /workdir/hadoop-ozone/tools/target/test-dir/MiniOzoneClusterImpl-da4e238f-9df3-4b07-9cd3-d36e1b7a1734/datanode-0/data/ratis/c68d3735-33a1-4fbb-8a63-e7dda92adc1b/in_use.lock acquired by nodename 18156@pr-hdds-1569-s8kj2-2266485376
2019-09-20 08:52:06,828 [pool-27-thread-1] INFO  storage.RaftStorage (RaftStorage.java:format(72)) - Storage directory /workdir/hadoop-ozone/tools/target/test-dir/MiniOzoneClusterImpl-da4e238f-9df3-4b07-9cd3-d36e1b7a1734/datanode-0/data/ratis/c68d3735-33a1-4fbb-8a63-e7dda92adc1b has been successfully formatted.
2019-09-20 08:52:06,828 [pool-27-thread-1] INFO  ratis.ContainerStateMachine (ContainerStateMachine.java:loadSnapshot(226)) - group-E7DDA92ADC1B: The snapshot info is null. Setting the last applied indexto:(t:0, i:~)
2019-09-20 08:52:06,829 [pool-27-thread-1] INFO  server.RaftServerConfigKeys (ConfUtils.java:logGet(43)) - raft.server.leader.election.timeout = 120s (custom)
2019-09-20 08:52:06,829 [pool-27-thread-1] INFO  server.RaftServerConfigKeys (ConfUtils.java:logGet(43)) - raft.server.log.use.memory = false (default)
2019-09-20 08:52:06,829 [pool-27-thread-1] INFO  server.RaftServerConfigKeys (ConfUtils.java:logGet(43)) - raft.server.log.purge.gap = 1000000 (custom)
2019-09-20 08:52:06,829 [pool-27-thread-1] INFO  server.RaftServerConfigKeys (ConfUtils.java:logGet(43)) - raft.server.log.appender.buffer.byte-limit = 33554432 (custom)
2019-09-20 08:52:06,830 [pool-27-thread-1] INFO  server.RaftServerConfigKeys (ConfUtils.java:logGet(43)) - raft.server.log.segment.size.max = 1048576 (custom)
2019-09-20 08:52:06,830 [pool-27-thread-1] INFO  server.RaftServerConfigKeys (ConfUtils.java:logGet(43)) - raft.server.log.segment.cache.num.max = 2 (custom)
2019-09-20 08:52:06,830 [pool-27-thread-1] INFO  segmented.SegmentedRaftLogWorker (SegmentedRaftLogWorker.java:<init>(172)) - new 3b3ba6e7-bc1c-4c2c-a22e-347ee35d38bc-SegmentedRaftLogWorker:Storage Directory /workdir/hadoop-ozone/tools/target/test-dir/MiniOzoneClusterImpl-da4e238f-9df3-4b07-9cd3-d36e1b7a1734/datanode-0/data/ratis/c68d3735-33a1-4fbb-8a63-e7dda92adc1b for RaftStorage:Storage Directory /workdir/hadoop-ozone/tools/target/test-dir/MiniOzoneClusterImpl-da4e238f-9df3-4b07-9cd3-d36e1b7a1734/datanode-0/data/ratis/c68d3735-33a1-4fbb-8a63-e7dda92adc1b
2019-09-20 08:52:06,830 [pool-27-thread-1] INFO  server.RaftServerConfigKeys (ConfUtils.java:logGet(43)) - raft.server.log.queue.byte-limit = 2147483647 (custom)
2019-09-20 08:52:06,830 [pool-27-thread-1] INFO  server.RaftServerConfigKeys (ConfUtils.java:logGet(43)) - raft.server.log.queue.element-limit = 1024 (custom)
2019-09-20 08:52:06,831 [pool-27-thread-1] INFO  server.RaftServerConfigKeys (ConfUtils.java:logGet(43)) - raft.server.log.segment.size.max = 1048576 (custom)
2019-09-20 08:52:06,831 [pool-27-thread-1] INFO  server.RaftServerConfigKeys (ConfUtils.java:logGet(43)) - raft.server.log.preallocated.size = 16384 (custom)
2019-09-20 08:52:06,831 [pool-27-thread-1] INFO  server.RaftServerConfigKeys (ConfUtils.java:logGet(43)) - raft.server.log.write.buffer.size = 33554432 (custom)
2019-09-20 08:52:06,831 [pool-27-thread-1] INFO  server.RaftServerConfigKeys (ConfUtils.java:logGet(43)) - raft.server.log.force.sync.num = 128 (default)
2019-09-20 08:52:06,831 [pool-27-thread-1] INFO  server.RaftServerConfigKeys (ConfUtils.java:logGet(43)) - raft.server.log.statemachine.data.sync = true (default)
2019-09-20 08:52:06,832 [pool-27-thread-1] INFO  server.RaftServerConfigKeys (ConfUtils.java:logGet(43)) - raft.server.log.statemachine.data.sync.timeout = 10s (default)
2019-09-20 08:52:06,832 [pool-27-thread-1] INFO  server.RaftServerConfigKeys (ConfUtils.java:logGet(43)) - raft.server.log.statemachine.data.sync.timeout.retry = -1 (default)
2019-09-20 08:52:06,832 [pool-27-thread-1] INFO  server.RaftServerConfigKeys (ConfUtils.java:logGet(43)) - raft.server.log.statemachine.data.caching.enabled = true (custom)
2019-09-20 08:52:06,833 [pool-27-thread-1] INFO  segmented.SegmentedRaftLogWorker (SegmentedRaftLogWorker.java:lambda$new$0(132)) - 3b3ba6e7-bc1c-4c2c-a22e-347ee35d38bc-SegmentedRaftLogWorker:Storage Directory /workdir/hadoop-ozone/tools/target/test-dir/MiniOzoneClusterImpl-da4e238f-9df3-4b07-9cd3-d36e1b7a1734/datanode-0/data/ratis/c68d3735-33a1-4fbb-8a63-e7dda92adc1b: flushIndex: setUnconditionally 0 -> -1
2019-09-20 08:52:06,833 [pool-27-thread-1] INFO  server.RaftServerConfigKeys (ConfUtils.java:logGet(43)) - raft.server.snapshot.auto.trigger.enabled = true (custom)
2019-09-20 08:52:06,833 [pool-27-thread-1] INFO  server.RaftServerConfigKeys (ConfUtils.java:logGet(43)) - raft.server.snapshot.auto.trigger.threshold = 10000 (custom)
2019-09-20 08:52:06,834 [pool-27-thread-1] INFO  server.RaftServerConfigKeys (ConfUtils.java:logGet(43)) - raft.server.retrycache.expirytime = 600000ms (custom)
2019-09-20 08:52:06,834 [pool-27-thread-1] INFO  impl.RaftServerImpl (RaftServerImpl.java:start(180)) - 3b3ba6e7-bc1c-4c2c-a22e-347ee35d38bc: start group-E7DDA92ADC1B
2019-09-20 08:52:06,834 [pool-27-thread-1] INFO  impl.RaftServerImpl (RaftServerImpl.java:setRole(171)) - 3b3ba6e7-bc1c-4c2c-a22e-347ee35d38bc:group-E7DDA92ADC1B changes role from null to FOLLOWER at term 0 for startAsFollower
2019-09-20 08:52:06,834 [pool-27-thread-1] INFO  impl.RoleInfo (RoleInfo.java:updateAndGet(143)) - 3b3ba6e7-bc1c-4c2c-a22e-347ee35d38bc: start FollowerState
2019-09-20 08:52:06,835 [pool-27-thread-1] INFO  util.JmxRegister (JmxRegister.java:tryRegister(44)) - Successfully registered JMX Bean with object name Ratis:service=RaftServer,group=group-E7DDA92ADC1B,id=3b3ba6e7-bc1c-4c2c-a22e-347ee35d38bc
2019-09-20 08:52:06,841 [RatisPipelineUtilsThread] INFO  pipeline.PipelineStateManager (PipelineStateManager.java:addPipeline(56)) - Created pipeline Pipeline[ Id: c68d3735-33a1-4fbb-8a63-e7dda92adc1b, Nodes: 3b3ba6e7-bc1c-4c2c-a22e-347ee35d38bc{ip: 192.168.36.79, host: pr-hdds-1569-s8kj2-2266485376, networkLocation: /default-rack, certSerialId: null}, Type:RATIS, Factor:ONE, State:OPEN]
2019-09-20 08:52:06,853 [grpc-default-executor-0] INFO  impl.RaftServerProxy (RaftServerProxy.java:addNew(89)) - 44c728ea-0f6d-4328-96aa-117f098b9c99: addNew group-A463BB94265F:[44c728ea-0f6d-4328-96aa-117f098b9c99:192.168.36.79:38728] returns group-A463BB94265F:java.util.concurrent.CompletableFuture@6d0720a5[Not completed]
2019-09-20 08:52:06,855 [pool-49-thread-1] INFO  impl.RaftServerImpl (RaftServerImpl.java:<init>(93)) - 44c728ea-0f6d-4328-96aa-117f098b9c99: new RaftServerImpl for group-A463BB94265F:[44c728ea-0f6d-4328-96aa-117f098b9c99:192.168.36.79:38728] with ContainerStateMachine:uninitialized
2019-09-20 08:52:06,855 [pool-49-thread-1] INFO  server.RaftServerConfigKeys (ConfUtils.java:logGet(43)) - raft.server.rpc.timeout.min = 5s (custom)
2019-09-20 08:52:06,856 [pool-49-thread-1] INFO  server.RaftServerConfigKeys (ConfUtils.java:logGet(43)) - raft.server.rpc.timeout.max = 5200ms (custom)
2019-09-20 08:52:06,856 [pool-49-thread-1] INFO  server.RaftServerConfigKeys (ConfUtils.java:logGet(43)) - raft.server.rpcslowness.timeout = 120s (custom)
2019-09-20 08:52:06,856 [pool-49-thread-1] INFO  server.RaftServerConfigKeys (ConfUtils.java:logGet(43)) - raft.server.sleep.deviation.threshold = 300 (default)
2019-09-20 08:52:06,856 [pool-49-thread-1] INFO  server.RaftServerConfigKeys (ConfUtils.java:logGet(43)) - raft.server.log.appender.install.snapshot.enabled = false (custom)
2019-09-20 08:52:06,856 [pool-49-thread-1] INFO  impl.RaftServerImpl (ServerState.java:<init>(105)) - 44c728ea-0f6d-4328-96aa-117f098b9c99:group-A463BB94265F ConfigurationManager, init=-1: [44c728ea-0f6d-4328-96aa-117f098b9c99:192.168.36.79:38728], old=null, confs=<EMPTY_MAP>
2019-09-20 08:52:06,856 [pool-49-thread-1] INFO  server.RaftServerConfigKeys (ConfUtils.java:logGet(43)) - raft.server.storage.dir = [/workdir/hadoop-ozone/tools/target/test-dir/MiniOzoneClusterImpl-da4e238f-9df3-4b07-9cd3-d36e1b7a1734/datanode-2/data/ratis] (custom)
2019-09-20 08:52:06,857 [pool-49-thread-1] INFO  storage.RaftStorageDirectory (RaftStorageDirectory.java:analyzeStorage(246)) - The storage directory /workdir/hadoop-ozone/tools/target/test-dir/MiniOzoneClusterImpl-da4e238f-9df3-4b07-9cd3-d36e1b7a1734/datanode-2/data/ratis/1c1de28a-1ab8-466f-aaf9-a463bb94265f does not exist. Creating ...
2019-09-20 08:52:06,890 | INFO  | SCMAudit | user=jenkins1000 | ip=192.168.36.79 | op=SEND_HEARTBEAT {datanodeUUID=3b3ba6e7-bc1c-4c2c-a22e-347ee35d38bc, command=[]} | ret=SUCCESS |  
2019-09-20 08:52:06,901 [pool-49-thread-1] INFO  storage.RaftStorageDirectory (RaftStorageDirectory.java:tryLock(328)) - Lock on /workdir/hadoop-ozone/tools/target/test-dir/MiniOzoneClusterImpl-da4e238f-9df3-4b07-9cd3-d36e1b7a1734/datanode-2/data/ratis/1c1de28a-1ab8-466f-aaf9-a463bb94265f/in_use.lock acquired by nodename 18156@pr-hdds-1569-s8kj2-2266485376
2019-09-20 08:52:06,935 [pool-49-thread-1] INFO  storage.RaftStorage (RaftStorage.java:format(72)) - Storage directory /workdir/hadoop-ozone/tools/target/test-dir/MiniOzoneClusterImpl-da4e238f-9df3-4b07-9cd3-d36e1b7a1734/datanode-2/data/ratis/1c1de28a-1ab8-466f-aaf9-a463bb94265f has been successfully formatted.
2019-09-20 08:52:06,936 [pool-49-thread-1] INFO  ratis.ContainerStateMachine (ContainerStateMachine.java:loadSnapshot(226)) - group-A463BB94265F: The snapshot info is null. Setting the last applied indexto:(t:0, i:~)
2019-09-20 08:52:06,936 [pool-49-thread-1] INFO  server.RaftServerConfigKeys (ConfUtils.java:logGet(43)) - raft.server.leader.election.timeout = 120s (custom)
2019-09-20 08:52:06,936 [pool-49-thread-1] INFO  server.RaftServerConfigKeys (ConfUtils.java:logGet(43)) - raft.server.log.use.memory = false (default)
2019-09-20 08:52:06,936 [pool-49-thread-1] INFO  server.RaftServerConfigKeys (ConfUtils.java:logGet(43)) - raft.server.log.purge.gap = 1000000 (custom)
2019-09-20 08:52:06,936 [pool-49-thread-1] INFO  server.RaftServerConfigKeys (ConfUtils.java:logGet(43)) - raft.server.log.appender.buffer.byte-limit = 33554432 (custom)
2019-09-20 08:52:06,937 [pool-49-thread-1] INFO  server.RaftServerConfigKeys (ConfUtils.java:logGet(43)) - raft.server.log.segment.size.max = 1048576 (custom)
2019-09-20 08:52:06,937 [pool-49-thread-1] INFO  server.RaftServerConfigKeys (ConfUtils.java:logGet(43)) - raft.server.log.segment.cache.num.max = 2 (custom)
2019-09-20 08:52:06,937 [pool-49-thread-1] INFO  segmented.SegmentedRaftLogWorker (SegmentedRaftLogWorker.java:<init>(172)) - new 44c728ea-0f6d-4328-96aa-117f098b9c99-SegmentedRaftLogWorker:Storage Directory /workdir/hadoop-ozone/tools/target/test-dir/MiniOzoneClusterImpl-da4e238f-9df3-4b07-9cd3-d36e1b7a1734/datanode-2/data/ratis/1c1de28a-1ab8-466f-aaf9-a463bb94265f for RaftStorage:Storage Directory /workdir/hadoop-ozone/tools/target/test-dir/MiniOzoneClusterImpl-da4e238f-9df3-4b07-9cd3-d36e1b7a1734/datanode-2/data/ratis/1c1de28a-1ab8-466f-aaf9-a463bb94265f
2019-09-20 08:52:06,937 [pool-49-thread-1] INFO  server.RaftServerConfigKeys (ConfUtils.java:logGet(43)) - raft.server.log.queue.byte-limit = 2147483647 (custom)
2019-09-20 08:52:06,937 [pool-49-thread-1] INFO  server.RaftServerConfigKeys (ConfUtils.java:logGet(43)) - raft.server.log.queue.element-limit = 1024 (custom)
2019-09-20 08:52:06,937 [pool-49-thread-1] INFO  server.RaftServerConfigKeys (ConfUtils.java:logGet(43)) - raft.server.log.segment.size.max = 1048576 (custom)
2019-09-20 08:52:06,938 [pool-49-thread-1] INFO  server.RaftServerConfigKeys (ConfUtils.java:logGet(43)) - raft.server.log.preallocated.size = 16384 (custom)
2019-09-20 08:52:06,938 [pool-49-thread-1] INFO  server.RaftServerConfigKeys (ConfUtils.java:logGet(43)) - raft.server.log.write.buffer.size = 33554432 (custom)
2019-09-20 08:52:06,938 [pool-49-thread-1] INFO  server.RaftServerConfigKeys (ConfUtils.java:logGet(43)) - raft.server.log.force.sync.num = 128 (default)
2019-09-20 08:52:06,938 [pool-49-thread-1] INFO  server.RaftServerConfigKeys (ConfUtils.java:logGet(43)) - raft.server.log.statemachine.data.sync = true (default)
2019-09-20 08:52:06,938 [pool-49-thread-1] INFO  server.RaftServerConfigKeys (ConfUtils.java:logGet(43)) - raft.server.log.statemachine.data.sync.timeout = 10s (default)
2019-09-20 08:52:06,939 [pool-49-thread-1] INFO  server.RaftServerConfigKeys (ConfUtils.java:logGet(43)) - raft.server.log.statemachine.data.sync.timeout.retry = -1 (default)
2019-09-20 08:52:06,939 [pool-49-thread-1] INFO  server.RaftServerConfigKeys (ConfUtils.java:logGet(43)) - raft.server.log.statemachine.data.caching.enabled = true (custom)
2019-09-20 08:52:06,939 [pool-49-thread-1] INFO  segmented.SegmentedRaftLogWorker (SegmentedRaftLogWorker.java:lambda$new$0(132)) - 44c728ea-0f6d-4328-96aa-117f098b9c99-SegmentedRaftLogWorker:Storage Directory /workdir/hadoop-ozone/tools/target/test-dir/MiniOzoneClusterImpl-da4e238f-9df3-4b07-9cd3-d36e1b7a1734/datanode-2/data/ratis/1c1de28a-1ab8-466f-aaf9-a463bb94265f: flushIndex: setUnconditionally 0 -> -1
2019-09-20 08:52:06,940 [pool-49-thread-1] INFO  server.RaftServerConfigKeys (ConfUtils.java:logGet(43)) - raft.server.snapshot.auto.trigger.enabled = true (custom)
2019-09-20 08:52:06,940 [pool-49-thread-1] INFO  server.RaftServerConfigKeys (ConfUtils.java:logGet(43)) - raft.server.snapshot.auto.trigger.threshold = 10000 (custom)
2019-09-20 08:52:06,940 [pool-49-thread-1] INFO  server.RaftServerConfigKeys (ConfUtils.java:logGet(43)) - raft.server.retrycache.expirytime = 600000ms (custom)
2019-09-20 08:52:06,940 [pool-49-thread-1] INFO  impl.RaftServerImpl (RaftServerImpl.java:start(180)) - 44c728ea-0f6d-4328-96aa-117f098b9c99: start group-A463BB94265F
2019-09-20 08:52:06,941 [pool-49-thread-1] INFO  impl.RaftServerImpl (RaftServerImpl.java:setRole(171)) - 44c728ea-0f6d-4328-96aa-117f098b9c99:group-A463BB94265F changes role from null to FOLLOWER at term 0 for startAsFollower
2019-09-20 08:52:06,941 [pool-49-thread-1] INFO  impl.RoleInfo (RoleInfo.java:updateAndGet(143)) - 44c728ea-0f6d-4328-96aa-117f098b9c99: start FollowerState
2019-09-20 08:52:06,941 [pool-49-thread-1] INFO  util.JmxRegister (JmxRegister.java:tryRegister(44)) - Successfully registered JMX Bean with object name Ratis:service=RaftServer,group=group-A463BB94265F,id=44c728ea-0f6d-4328-96aa-117f098b9c99
2019-09-20 08:52:06,942 [Thread-207] INFO  container.ReplicationManager (ReplicationManager.java:start(151)) - Starting Replication Monitor Thread.
2019-09-20 08:52:06,947 [ReplicationMonitor] INFO  container.ReplicationManager (ReplicationManager.java:run(214)) - Replication Monitor Thread took 0 milliseconds for processing 0 containers.
2019-09-20 08:52:06,949 [RatisPipelineUtilsThread] INFO  pipeline.PipelineStateManager (PipelineStateManager.java:addPipeline(56)) - Created pipeline Pipeline[ Id: 1c1de28a-1ab8-466f-aaf9-a463bb94265f, Nodes: 44c728ea-0f6d-4328-96aa-117f098b9c99{ip: 192.168.36.79, host: pr-hdds-1569-s8kj2-2266485376, networkLocation: /default-rack, certSerialId: null}, Type:RATIS, Factor:ONE, State:OPEN]
2019-09-20 08:52:06,962 [grpc-default-executor-0] INFO  impl.RaftServerProxy (RaftServerProxy.java:addNew(89)) - 44c728ea-0f6d-4328-96aa-117f098b9c99: addNew group-DFAB0ED64EDF:[44c728ea-0f6d-4328-96aa-117f098b9c99:192.168.36.79:38728] returns group-DFAB0ED64EDF:java.util.concurrent.CompletableFuture@31b682eb[Not completed]
2019-09-20 08:52:06,962 | INFO  | SCMAudit | user=jenkins1000 | ip=192.168.36.79 | op=SEND_HEARTBEAT {datanodeUUID=f6ec089b-5516-4b64-9212-97eb604ab2a5, command=[]} | ret=SUCCESS |  
2019-09-20 08:52:06,963 [pool-49-thread-1] INFO  impl.RaftServerImpl (RaftServerImpl.java:<init>(93)) - 44c728ea-0f6d-4328-96aa-117f098b9c99: new RaftServerImpl for group-DFAB0ED64EDF:[44c728ea-0f6d-4328-96aa-117f098b9c99:192.168.36.79:38728] with ContainerStateMachine:uninitialized
2019-09-20 08:52:06,964 [pool-49-thread-1] INFO  server.RaftServerConfigKeys (ConfUtils.java:logGet(43)) - raft.server.rpc.timeout.min = 5s (custom)
2019-09-20 08:52:06,964 [pool-49-thread-1] INFO  server.RaftServerConfigKeys (ConfUtils.java:logGet(43)) - raft.server.rpc.timeout.max = 5200ms (custom)
2019-09-20 08:52:06,964 [pool-49-thread-1] INFO  server.RaftServerConfigKeys (ConfUtils.java:logGet(43)) - raft.server.rpcslowness.timeout = 120s (custom)
2019-09-20 08:52:06,964 [pool-49-thread-1] INFO  server.RaftServerConfigKeys (ConfUtils.java:logGet(43)) - raft.server.sleep.deviation.threshold = 300 (default)
2019-09-20 08:52:06,964 [pool-49-thread-1] INFO  server.RaftServerConfigKeys (ConfUtils.java:logGet(43)) - raft.server.log.appender.install.snapshot.enabled = false (custom)
2019-09-20 08:52:06,964 [pool-49-thread-1] INFO  impl.RaftServerImpl (ServerState.java:<init>(105)) - 44c728ea-0f6d-4328-96aa-117f098b9c99:group-DFAB0ED64EDF ConfigurationManager, init=-1: [44c728ea-0f6d-4328-96aa-117f098b9c99:192.168.36.79:38728], old=null, confs=<EMPTY_MAP>
2019-09-20 08:52:06,965 [pool-49-thread-1] INFO  server.RaftServerConfigKeys (ConfUtils.java:logGet(43)) - raft.server.storage.dir = [/workdir/hadoop-ozone/tools/target/test-dir/MiniOzoneClusterImpl-da4e238f-9df3-4b07-9cd3-d36e1b7a1734/datanode-2/data/ratis] (custom)
2019-09-20 08:52:06,965 [pool-49-thread-1] INFO  storage.RaftStorageDirectory (RaftStorageDirectory.java:analyzeStorage(246)) - The storage directory /workdir/hadoop-ozone/tools/target/test-dir/MiniOzoneClusterImpl-da4e238f-9df3-4b07-9cd3-d36e1b7a1734/datanode-2/data/ratis/2f50f672-993b-4418-a3ef-dfab0ed64edf does not exist. Creating ...
2019-09-20 08:52:06,993 | INFO  | SCMAudit | user=jenkins1000 | ip=192.168.36.79 | op=SEND_HEARTBEAT {datanodeUUID=2ddefaab-8349-47ab-a504-e432f9d495c5, command=[]} | ret=SUCCESS |  
2019-09-20 08:52:07,020 [pool-49-thread-1] INFO  storage.RaftStorageDirectory (RaftStorageDirectory.java:tryLock(328)) - Lock on /workdir/hadoop-ozone/tools/target/test-dir/MiniOzoneClusterImpl-da4e238f-9df3-4b07-9cd3-d36e1b7a1734/datanode-2/data/ratis/2f50f672-993b-4418-a3ef-dfab0ed64edf/in_use.lock acquired by nodename 18156@pr-hdds-1569-s8kj2-2266485376
2019-09-20 08:52:07,079 [pool-49-thread-1] INFO  storage.RaftStorage (RaftStorage.java:format(72)) - Storage directory /workdir/hadoop-ozone/tools/target/test-dir/MiniOzoneClusterImpl-da4e238f-9df3-4b07-9cd3-d36e1b7a1734/datanode-2/data/ratis/2f50f672-993b-4418-a3ef-dfab0ed64edf has been successfully formatted.
2019-09-20 08:52:07,079 [pool-49-thread-1] INFO  ratis.ContainerStateMachine (ContainerStateMachine.java:loadSnapshot(226)) - group-DFAB0ED64EDF: The snapshot info is null. Setting the last applied indexto:(t:0, i:~)
2019-09-20 08:52:07,079 [pool-49-thread-1] INFO  server.RaftServerConfigKeys (ConfUtils.java:logGet(43)) - raft.server.leader.election.timeout = 120s (custom)
2019-09-20 08:52:07,080 [pool-49-thread-1] INFO  server.RaftServerConfigKeys (ConfUtils.java:logGet(43)) - raft.server.log.use.memory = false (default)
2019-09-20 08:52:07,080 [pool-49-thread-1] INFO  server.RaftServerConfigKeys (ConfUtils.java:logGet(43)) - raft.server.log.purge.gap = 1000000 (custom)
2019-09-20 08:52:07,080 [pool-49-thread-1] INFO  server.RaftServerConfigKeys (ConfUtils.java:logGet(43)) - raft.server.log.appender.buffer.byte-limit = 33554432 (custom)
2019-09-20 08:52:07,080 [pool-49-thread-1] INFO  server.RaftServerConfigKeys (ConfUtils.java:logGet(43)) - raft.server.log.segment.size.max = 1048576 (custom)
2019-09-20 08:52:07,080 [pool-49-thread-1] INFO  server.RaftServerConfigKeys (ConfUtils.java:logGet(43)) - raft.server.log.segment.cache.num.max = 2 (custom)
2019-09-20 08:52:07,080 [pool-49-thread-1] INFO  segmented.SegmentedRaftLogWorker (SegmentedRaftLogWorker.java:<init>(172)) - new 44c728ea-0f6d-4328-96aa-117f098b9c99-SegmentedRaftLogWorker:Storage Directory /workdir/hadoop-ozone/tools/target/test-dir/MiniOzoneClusterImpl-da4e238f-9df3-4b07-9cd3-d36e1b7a1734/datanode-2/data/ratis/2f50f672-993b-4418-a3ef-dfab0ed64edf for RaftStorage:Storage Directory /workdir/hadoop-ozone/tools/target/test-dir/MiniOzoneClusterImpl-da4e238f-9df3-4b07-9cd3-d36e1b7a1734/datanode-2/data/ratis/2f50f672-993b-4418-a3ef-dfab0ed64edf
2019-09-20 08:52:07,081 [pool-49-thread-1] INFO  server.RaftServerConfigKeys (ConfUtils.java:logGet(43)) - raft.server.log.queue.byte-limit = 2147483647 (custom)
2019-09-20 08:52:07,081 [pool-49-thread-1] INFO  server.RaftServerConfigKeys (ConfUtils.java:logGet(43)) - raft.server.log.queue.element-limit = 1024 (custom)
2019-09-20 08:52:07,081 [pool-49-thread-1] INFO  server.RaftServerConfigKeys (ConfUtils.java:logGet(43)) - raft.server.log.segment.size.max = 1048576 (custom)
2019-09-20 08:52:07,081 [pool-49-thread-1] INFO  server.RaftServerConfigKeys (ConfUtils.java:logGet(43)) - raft.server.log.preallocated.size = 16384 (custom)
2019-09-20 08:52:07,081 [pool-49-thread-1] INFO  server.RaftServerConfigKeys (ConfUtils.java:logGet(43)) - raft.server.log.write.buffer.size = 33554432 (custom)
2019-09-20 08:52:07,081 [pool-49-thread-1] INFO  server.RaftServerConfigKeys (ConfUtils.java:logGet(43)) - raft.server.log.force.sync.num = 128 (default)
2019-09-20 08:52:07,081 [pool-49-thread-1] INFO  server.RaftServerConfigKeys (ConfUtils.java:logGet(43)) - raft.server.log.statemachine.data.sync = true (default)
2019-09-20 08:52:07,082 [pool-49-thread-1] INFO  server.RaftServerConfigKeys (ConfUtils.java:logGet(43)) - raft.server.log.statemachine.data.sync.timeout = 10s (default)
2019-09-20 08:52:07,082 [pool-49-thread-1] INFO  server.RaftServerConfigKeys (ConfUtils.java:logGet(43)) - raft.server.log.statemachine.data.sync.timeout.retry = -1 (default)
2019-09-20 08:52:07,082 [pool-49-thread-1] INFO  server.RaftServerConfigKeys (ConfUtils.java:logGet(43)) - raft.server.log.statemachine.data.caching.enabled = true (custom)
2019-09-20 08:52:07,082 [pool-49-thread-1] INFO  segmented.SegmentedRaftLogWorker (SegmentedRaftLogWorker.java:lambda$new$0(132)) - 44c728ea-0f6d-4328-96aa-117f098b9c99-SegmentedRaftLogWorker:Storage Directory /workdir/hadoop-ozone/tools/target/test-dir/MiniOzoneClusterImpl-da4e238f-9df3-4b07-9cd3-d36e1b7a1734/datanode-2/data/ratis/2f50f672-993b-4418-a3ef-dfab0ed64edf: flushIndex: setUnconditionally 0 -> -1
2019-09-20 08:52:07,083 [pool-49-thread-1] INFO  server.RaftServerConfigKeys (ConfUtils.java:logGet(43)) - raft.server.snapshot.auto.trigger.enabled = true (custom)
2019-09-20 08:52:07,083 [pool-49-thread-1] INFO  server.RaftServerConfigKeys (ConfUtils.java:logGet(43)) - raft.server.snapshot.auto.trigger.threshold = 10000 (custom)
2019-09-20 08:52:07,083 [pool-49-thread-1] INFO  server.RaftServerConfigKeys (ConfUtils.java:logGet(43)) - raft.server.retrycache.expirytime = 600000ms (custom)
2019-09-20 08:52:07,083 [pool-49-thread-1] INFO  impl.RaftServerImpl (RaftServerImpl.java:start(180)) - 44c728ea-0f6d-4328-96aa-117f098b9c99: start group-DFAB0ED64EDF
2019-09-20 08:52:07,083 [pool-49-thread-1] INFO  impl.RaftServerImpl (RaftServerImpl.java:setRole(171)) - 44c728ea-0f6d-4328-96aa-117f098b9c99:group-DFAB0ED64EDF changes role from null to FOLLOWER at term 0 for startAsFollower
2019-09-20 08:52:07,084 [pool-49-thread-1] INFO  impl.RoleInfo (RoleInfo.java:updateAndGet(143)) - 44c728ea-0f6d-4328-96aa-117f098b9c99: start FollowerState
2019-09-20 08:52:07,084 [pool-49-thread-1] INFO  util.JmxRegister (JmxRegister.java:tryRegister(44)) - Successfully registered JMX Bean with object name Ratis:service=RaftServer,group=group-DFAB0ED64EDF,id=44c728ea-0f6d-4328-96aa-117f098b9c99
2019-09-20 08:52:07,089 [RatisPipelineUtilsThread] INFO  pipeline.PipelineStateManager (PipelineStateManager.java:addPipeline(56)) - Created pipeline Pipeline[ Id: 2f50f672-993b-4418-a3ef-dfab0ed64edf, Nodes: 44c728ea-0f6d-4328-96aa-117f098b9c99{ip: 192.168.36.79, host: pr-hdds-1569-s8kj2-2266485376, networkLocation: /default-rack, certSerialId: null}, Type:RATIS, Factor:ONE, State:OPEN]
2019-09-20 08:52:07,091 [RatisPipelineUtilsThread] INFO  pipeline.PipelinePlacementPolicy (PipelinePlacementPolicy.java:meetCriteria(91)) - Pipeline Placement: Doesn't meet the criteria to be viable node： 44c728ea-0f6d-4328-96aa-117f098b9c99 Heaviness: 6 limit: 5
2019-09-20 08:52:07,101 [grpc-default-executor-0] INFO  impl.RaftServerProxy (RaftServerProxy.java:addNew(89)) - 3b3ba6e7-bc1c-4c2c-a22e-347ee35d38bc: addNew group-9354C97C4D87:[3b3ba6e7-bc1c-4c2c-a22e-347ee35d38bc:192.168.36.79:34077] returns group-9354C97C4D87:java.util.concurrent.CompletableFuture@75ab1f63[Not completed]
2019-09-20 08:52:07,102 [pool-27-thread-1] INFO  impl.RaftServerImpl (RaftServerImpl.java:<init>(93)) - 3b3ba6e7-bc1c-4c2c-a22e-347ee35d38bc: new RaftServerImpl for group-9354C97C4D87:[3b3ba6e7-bc1c-4c2c-a22e-347ee35d38bc:192.168.36.79:34077] with ContainerStateMachine:uninitialized
2019-09-20 08:52:07,103 [pool-27-thread-1] INFO  server.RaftServerConfigKeys (ConfUtils.java:logGet(43)) - raft.server.rpc.timeout.min = 5s (custom)
2019-09-20 08:52:07,103 [pool-27-thread-1] INFO  server.RaftServerConfigKeys (ConfUtils.java:logGet(43)) - raft.server.rpc.timeout.max = 5200ms (custom)
2019-09-20 08:52:07,103 [pool-27-thread-1] INFO  server.RaftServerConfigKeys (ConfUtils.java:logGet(43)) - raft.server.rpcslowness.timeout = 120s (custom)
2019-09-20 08:52:07,103 [pool-27-thread-1] INFO  server.RaftServerConfigKeys (ConfUtils.java:logGet(43)) - raft.server.sleep.deviation.threshold = 300 (default)
2019-09-20 08:52:07,103 [pool-27-thread-1] INFO  server.RaftServerConfigKeys (ConfUtils.java:logGet(43)) - raft.server.log.appender.install.snapshot.enabled = false (custom)
2019-09-20 08:52:07,104 [pool-27-thread-1] INFO  impl.RaftServerImpl (ServerState.java:<init>(105)) - 3b3ba6e7-bc1c-4c2c-a22e-347ee35d38bc:group-9354C97C4D87 ConfigurationManager, init=-1: [3b3ba6e7-bc1c-4c2c-a22e-347ee35d38bc:192.168.36.79:34077], old=null, confs=<EMPTY_MAP>
2019-09-20 08:52:07,104 [pool-27-thread-1] INFO  server.RaftServerConfigKeys (ConfUtils.java:logGet(43)) - raft.server.storage.dir = [/workdir/hadoop-ozone/tools/target/test-dir/MiniOzoneClusterImpl-da4e238f-9df3-4b07-9cd3-d36e1b7a1734/datanode-0/data/ratis] (custom)
2019-09-20 08:52:07,105 [pool-27-thread-1] INFO  storage.RaftStorageDirectory (RaftStorageDirectory.java:analyzeStorage(246)) - The storage directory /workdir/hadoop-ozone/tools/target/test-dir/MiniOzoneClusterImpl-da4e238f-9df3-4b07-9cd3-d36e1b7a1734/datanode-0/data/ratis/f178edc0-bc20-4aa8-a9cb-9354c97c4d87 does not exist. Creating ...
2019-09-20 08:52:07,136 [pool-27-thread-1] INFO  storage.RaftStorageDirectory (RaftStorageDirectory.java:tryLock(328)) - Lock on /workdir/hadoop-ozone/tools/target/test-dir/MiniOzoneClusterImpl-da4e238f-9df3-4b07-9cd3-d36e1b7a1734/datanode-0/data/ratis/f178edc0-bc20-4aa8-a9cb-9354c97c4d87/in_use.lock acquired by nodename 18156@pr-hdds-1569-s8kj2-2266485376
2019-09-20 08:52:07,182 [pool-27-thread-1] INFO  storage.RaftStorage (RaftStorage.java:format(72)) - Storage directory /workdir/hadoop-ozone/tools/target/test-dir/MiniOzoneClusterImpl-da4e238f-9df3-4b07-9cd3-d36e1b7a1734/datanode-0/data/ratis/f178edc0-bc20-4aa8-a9cb-9354c97c4d87 has been successfully formatted.
2019-09-20 08:52:07,183 [pool-27-thread-1] INFO  ratis.ContainerStateMachine (ContainerStateMachine.java:loadSnapshot(226)) - group-9354C97C4D87: The snapshot info is null. Setting the last applied indexto:(t:0, i:~)
2019-09-20 08:52:07,184 [pool-27-thread-1] INFO  server.RaftServerConfigKeys (ConfUtils.java:logGet(43)) - raft.server.leader.election.timeout = 120s (custom)
2019-09-20 08:52:07,185 [pool-27-thread-1] INFO  server.RaftServerConfigKeys (ConfUtils.java:logGet(43)) - raft.server.log.use.memory = false (default)
2019-09-20 08:52:07,185 [pool-27-thread-1] INFO  server.RaftServerConfigKeys (ConfUtils.java:logGet(43)) - raft.server.log.purge.gap = 1000000 (custom)
2019-09-20 08:52:07,185 [pool-27-thread-1] INFO  server.RaftServerConfigKeys (ConfUtils.java:logGet(43)) - raft.server.log.appender.buffer.byte-limit = 33554432 (custom)
2019-09-20 08:52:07,185 [pool-27-thread-1] INFO  server.RaftServerConfigKeys (ConfUtils.java:logGet(43)) - raft.server.log.segment.size.max = 1048576 (custom)
2019-09-20 08:52:07,185 | INFO  | SCMAudit | user=jenkins1000 | ip=192.168.36.79 | op=SEND_HEARTBEAT {datanodeUUID=b94e02b2-da92-474d-abbd-fccabaa9f79e, command=[]} | ret=SUCCESS |  
2019-09-20 08:52:07,185 [pool-27-thread-1] INFO  server.RaftServerConfigKeys (ConfUtils.java:logGet(43)) - raft.server.log.segment.cache.num.max = 2 (custom)
2019-09-20 08:52:07,186 [pool-27-thread-1] INFO  segmented.SegmentedRaftLogWorker (SegmentedRaftLogWorker.java:<init>(172)) - new 3b3ba6e7-bc1c-4c2c-a22e-347ee35d38bc-SegmentedRaftLogWorker:Storage Directory /workdir/hadoop-ozone/tools/target/test-dir/MiniOzoneClusterImpl-da4e238f-9df3-4b07-9cd3-d36e1b7a1734/datanode-0/data/ratis/f178edc0-bc20-4aa8-a9cb-9354c97c4d87 for RaftStorage:Storage Directory /workdir/hadoop-ozone/tools/target/test-dir/MiniOzoneClusterImpl-da4e238f-9df3-4b07-9cd3-d36e1b7a1734/datanode-0/data/ratis/f178edc0-bc20-4aa8-a9cb-9354c97c4d87
2019-09-20 08:52:07,186 [pool-27-thread-1] INFO  server.RaftServerConfigKeys (ConfUtils.java:logGet(43)) - raft.server.log.queue.byte-limit = 2147483647 (custom)
2019-09-20 08:52:07,186 [pool-27-thread-1] INFO  server.RaftServerConfigKeys (ConfUtils.java:logGet(43)) - raft.server.log.queue.element-limit = 1024 (custom)
2019-09-20 08:52:07,186 [pool-27-thread-1] INFO  server.RaftServerConfigKeys (ConfUtils.java:logGet(43)) - raft.server.log.segment.size.max = 1048576 (custom)
2019-09-20 08:52:07,186 [pool-27-thread-1] INFO  server.RaftServerConfigKeys (ConfUtils.java:logGet(43)) - raft.server.log.preallocated.size = 16384 (custom)
2019-09-20 08:52:07,186 [pool-27-thread-1] INFO  server.RaftServerConfigKeys (ConfUtils.java:logGet(43)) - raft.server.log.write.buffer.size = 33554432 (custom)
2019-09-20 08:52:07,187 [pool-27-thread-1] INFO  server.RaftServerConfigKeys (ConfUtils.java:logGet(43)) - raft.server.log.force.sync.num = 128 (default)
2019-09-20 08:52:07,187 [pool-27-thread-1] INFO  server.RaftServerConfigKeys (ConfUtils.java:logGet(43)) - raft.server.log.statemachine.data.sync = true (default)
2019-09-20 08:52:07,187 [pool-27-thread-1] INFO  server.RaftServerConfigKeys (ConfUtils.java:logGet(43)) - raft.server.log.statemachine.data.sync.timeout = 10s (default)
2019-09-20 08:52:07,187 [pool-27-thread-1] INFO  server.RaftServerConfigKeys (ConfUtils.java:logGet(43)) - raft.server.log.statemachine.data.sync.timeout.retry = -1 (default)
2019-09-20 08:52:07,187 [pool-27-thread-1] INFO  server.RaftServerConfigKeys (ConfUtils.java:logGet(43)) - raft.server.log.statemachine.data.caching.enabled = true (custom)
2019-09-20 08:52:07,188 [pool-27-thread-1] INFO  segmented.SegmentedRaftLogWorker (SegmentedRaftLogWorker.java:lambda$new$0(132)) - 3b3ba6e7-bc1c-4c2c-a22e-347ee35d38bc-SegmentedRaftLogWorker:Storage Directory /workdir/hadoop-ozone/tools/target/test-dir/MiniOzoneClusterImpl-da4e238f-9df3-4b07-9cd3-d36e1b7a1734/datanode-0/data/ratis/f178edc0-bc20-4aa8-a9cb-9354c97c4d87: flushIndex: setUnconditionally 0 -> -1
2019-09-20 08:52:07,188 [pool-27-thread-1] INFO  server.RaftServerConfigKeys (ConfUtils.java:logGet(43)) - raft.server.snapshot.auto.trigger.enabled = true (custom)
2019-09-20 08:52:07,188 [pool-27-thread-1] INFO  server.RaftServerConfigKeys (ConfUtils.java:logGet(43)) - raft.server.snapshot.auto.trigger.threshold = 10000 (custom)
2019-09-20 08:52:07,189 [pool-27-thread-1] INFO  server.RaftServerConfigKeys (ConfUtils.java:logGet(43)) - raft.server.retrycache.expirytime = 600000ms (custom)
2019-09-20 08:52:07,189 [pool-27-thread-1] INFO  impl.RaftServerImpl (RaftServerImpl.java:start(180)) - 3b3ba6e7-bc1c-4c2c-a22e-347ee35d38bc: start group-9354C97C4D87
2019-09-20 08:52:07,189 [pool-27-thread-1] INFO  impl.RaftServerImpl (RaftServerImpl.java:setRole(171)) - 3b3ba6e7-bc1c-4c2c-a22e-347ee35d38bc:group-9354C97C4D87 changes role from null to FOLLOWER at term 0 for startAsFollower
2019-09-20 08:52:07,189 [pool-27-thread-1] INFO  impl.RoleInfo (RoleInfo.java:updateAndGet(143)) - 3b3ba6e7-bc1c-4c2c-a22e-347ee35d38bc: start FollowerState
2019-09-20 08:52:07,190 [pool-27-thread-1] INFO  util.JmxRegister (JmxRegister.java:tryRegister(44)) - Successfully registered JMX Bean with object name Ratis:service=RaftServer,group=group-9354C97C4D87,id=3b3ba6e7-bc1c-4c2c-a22e-347ee35d38bc
2019-09-20 08:52:07,195 [RatisPipelineUtilsThread] INFO  pipeline.PipelineStateManager (PipelineStateManager.java:addPipeline(56)) - Created pipeline Pipeline[ Id: f178edc0-bc20-4aa8-a9cb-9354c97c4d87, Nodes: 3b3ba6e7-bc1c-4c2c-a22e-347ee35d38bc{ip: 192.168.36.79, host: pr-hdds-1569-s8kj2-2266485376, networkLocation: /default-rack, certSerialId: null}, Type:RATIS, Factor:ONE, State:OPEN]
2019-09-20 08:52:07,197 [RatisPipelineUtilsThread] INFO  pipeline.PipelinePlacementPolicy (PipelinePlacementPolicy.java:meetCriteria(91)) - Pipeline Placement: Doesn't meet the criteria to be viable node： 44c728ea-0f6d-4328-96aa-117f098b9c99 Heaviness: 6 limit: 5
2019-09-20 08:52:07,207 [grpc-default-executor-0] INFO  impl.RaftServerProxy (RaftServerProxy.java:addNew(89)) - f6ec089b-5516-4b64-9212-97eb604ab2a5: addNew group-CA8F299BF1CD:[f6ec089b-5516-4b64-9212-97eb604ab2a5:192.168.36.79:40071] returns group-CA8F299BF1CD:java.util.concurrent.CompletableFuture@16f2a68f[Not completed]
2019-09-20 08:52:07,209 [pool-60-thread-1] INFO  impl.RaftServerImpl (RaftServerImpl.java:<init>(93)) - f6ec089b-5516-4b64-9212-97eb604ab2a5: new RaftServerImpl for group-CA8F299BF1CD:[f6ec089b-5516-4b64-9212-97eb604ab2a5:192.168.36.79:40071] with ContainerStateMachine:uninitialized
2019-09-20 08:52:07,209 [pool-60-thread-1] INFO  server.RaftServerConfigKeys (ConfUtils.java:logGet(43)) - raft.server.rpc.timeout.min = 5s (custom)
2019-09-20 08:52:07,209 [pool-60-thread-1] INFO  server.RaftServerConfigKeys (ConfUtils.java:logGet(43)) - raft.server.rpc.timeout.max = 5200ms (custom)
2019-09-20 08:52:07,210 [pool-60-thread-1] INFO  server.RaftServerConfigKeys (ConfUtils.java:logGet(43)) - raft.server.rpcslowness.timeout = 120s (custom)
2019-09-20 08:52:07,210 [pool-60-thread-1] INFO  server.RaftServerConfigKeys (ConfUtils.java:logGet(43)) - raft.server.sleep.deviation.threshold = 300 (default)
2019-09-20 08:52:07,210 [pool-60-thread-1] INFO  server.RaftServerConfigKeys (ConfUtils.java:logGet(43)) - raft.server.log.appender.install.snapshot.enabled = false (custom)
2019-09-20 08:52:07,210 [pool-60-thread-1] INFO  impl.RaftServerImpl (ServerState.java:<init>(105)) - f6ec089b-5516-4b64-9212-97eb604ab2a5:group-CA8F299BF1CD ConfigurationManager, init=-1: [f6ec089b-5516-4b64-9212-97eb604ab2a5:192.168.36.79:40071], old=null, confs=<EMPTY_MAP>
2019-09-20 08:52:07,211 [pool-60-thread-1] INFO  server.RaftServerConfigKeys (ConfUtils.java:logGet(43)) - raft.server.storage.dir = [/workdir/hadoop-ozone/tools/target/test-dir/MiniOzoneClusterImpl-da4e238f-9df3-4b07-9cd3-d36e1b7a1734/datanode-3/data/ratis] (custom)
2019-09-20 08:52:07,211 [pool-60-thread-1] INFO  storage.RaftStorageDirectory (RaftStorageDirectory.java:analyzeStorage(246)) - The storage directory /workdir/hadoop-ozone/tools/target/test-dir/MiniOzoneClusterImpl-da4e238f-9df3-4b07-9cd3-d36e1b7a1734/datanode-3/data/ratis/6691072f-e5f7-4583-a738-ca8f299bf1cd does not exist. Creating ...
2019-09-20 08:52:07,241 [pool-60-thread-1] INFO  storage.RaftStorageDirectory (RaftStorageDirectory.java:tryLock(328)) - Lock on /workdir/hadoop-ozone/tools/target/test-dir/MiniOzoneClusterImpl-da4e238f-9df3-4b07-9cd3-d36e1b7a1734/datanode-3/data/ratis/6691072f-e5f7-4583-a738-ca8f299bf1cd/in_use.lock acquired by nodename 18156@pr-hdds-1569-s8kj2-2266485376
2019-09-20 08:52:07,274 [pool-60-thread-1] INFO  storage.RaftStorage (RaftStorage.java:format(72)) - Storage directory /workdir/hadoop-ozone/tools/target/test-dir/MiniOzoneClusterImpl-da4e238f-9df3-4b07-9cd3-d36e1b7a1734/datanode-3/data/ratis/6691072f-e5f7-4583-a738-ca8f299bf1cd has been successfully formatted.
2019-09-20 08:52:07,275 [pool-60-thread-1] INFO  ratis.ContainerStateMachine (ContainerStateMachine.java:loadSnapshot(226)) - group-CA8F299BF1CD: The snapshot info is null. Setting the last applied indexto:(t:0, i:~)
2019-09-20 08:52:07,275 [pool-60-thread-1] INFO  server.RaftServerConfigKeys (ConfUtils.java:logGet(43)) - raft.server.leader.election.timeout = 120s (custom)
2019-09-20 08:52:07,275 [pool-60-thread-1] INFO  server.RaftServerConfigKeys (ConfUtils.java:logGet(43)) - raft.server.log.use.memory = false (default)
2019-09-20 08:52:07,275 [pool-60-thread-1] INFO  server.RaftServerConfigKeys (ConfUtils.java:logGet(43)) - raft.server.log.purge.gap = 1000000 (custom)
2019-09-20 08:52:07,275 [pool-60-thread-1] INFO  server.RaftServerConfigKeys (ConfUtils.java:logGet(43)) - raft.server.log.appender.buffer.byte-limit = 33554432 (custom)
2019-09-20 08:52:07,276 [pool-60-thread-1] INFO  server.RaftServerConfigKeys (ConfUtils.java:logGet(43)) - raft.server.log.segment.size.max = 1048576 (custom)
2019-09-20 08:52:07,276 [pool-60-thread-1] INFO  server.RaftServerConfigKeys (ConfUtils.java:logGet(43)) - raft.server.log.segment.cache.num.max = 2 (custom)
2019-09-20 08:52:07,276 [pool-60-thread-1] INFO  segmented.SegmentedRaftLogWorker (SegmentedRaftLogWorker.java:<init>(172)) - new f6ec089b-5516-4b64-9212-97eb604ab2a5-SegmentedRaftLogWorker:Storage Directory /workdir/hadoop-ozone/tools/target/test-dir/MiniOzoneClusterImpl-da4e238f-9df3-4b07-9cd3-d36e1b7a1734/datanode-3/data/ratis/6691072f-e5f7-4583-a738-ca8f299bf1cd for RaftStorage:Storage Directory /workdir/hadoop-ozone/tools/target/test-dir/MiniOzoneClusterImpl-da4e238f-9df3-4b07-9cd3-d36e1b7a1734/datanode-3/data/ratis/6691072f-e5f7-4583-a738-ca8f299bf1cd
2019-09-20 08:52:07,276 [pool-60-thread-1] INFO  server.RaftServerConfigKeys (ConfUtils.java:logGet(43)) - raft.server.log.queue.byte-limit = 2147483647 (custom)
2019-09-20 08:52:07,276 [pool-60-thread-1] INFO  server.RaftServerConfigKeys (ConfUtils.java:logGet(43)) - raft.server.log.queue.element-limit = 1024 (custom)
2019-09-20 08:52:07,277 [pool-60-thread-1] INFO  server.RaftServerConfigKeys (ConfUtils.java:logGet(43)) - raft.server.log.segment.size.max = 1048576 (custom)
2019-09-20 08:52:07,277 [pool-60-thread-1] INFO  server.RaftServerConfigKeys (ConfUtils.java:logGet(43)) - raft.server.log.preallocated.size = 16384 (custom)
2019-09-20 08:52:07,277 [pool-60-thread-1] INFO  server.RaftServerConfigKeys (ConfUtils.java:logGet(43)) - raft.server.log.write.buffer.size = 33554432 (custom)
2019-09-20 08:52:07,277 [pool-60-thread-1] INFO  server.RaftServerConfigKeys (ConfUtils.java:logGet(43)) - raft.server.log.force.sync.num = 128 (default)
2019-09-20 08:52:07,277 [pool-60-thread-1] INFO  server.RaftServerConfigKeys (ConfUtils.java:logGet(43)) - raft.server.log.statemachine.data.sync = true (default)
2019-09-20 08:52:07,277 [pool-60-thread-1] INFO  server.RaftServerConfigKeys (ConfUtils.java:logGet(43)) - raft.server.log.statemachine.data.sync.timeout = 10s (default)
2019-09-20 08:52:07,277 [pool-60-thread-1] INFO  server.RaftServerConfigKeys (ConfUtils.java:logGet(43)) - raft.server.log.statemachine.data.sync.timeout.retry = -1 (default)
2019-09-20 08:52:07,278 [pool-60-thread-1] INFO  server.RaftServerConfigKeys (ConfUtils.java:logGet(43)) - raft.server.log.statemachine.data.caching.enabled = true (custom)
2019-09-20 08:52:07,278 [pool-60-thread-1] INFO  segmented.SegmentedRaftLogWorker (SegmentedRaftLogWorker.java:lambda$new$0(132)) - f6ec089b-5516-4b64-9212-97eb604ab2a5-SegmentedRaftLogWorker:Storage Directory /workdir/hadoop-ozone/tools/target/test-dir/MiniOzoneClusterImpl-da4e238f-9df3-4b07-9cd3-d36e1b7a1734/datanode-3/data/ratis/6691072f-e5f7-4583-a738-ca8f299bf1cd: flushIndex: setUnconditionally 0 -> -1
2019-09-20 08:52:07,278 [pool-60-thread-1] INFO  server.RaftServerConfigKeys (ConfUtils.java:logGet(43)) - raft.server.snapshot.auto.trigger.enabled = true (custom)
2019-09-20 08:52:07,279 [pool-60-thread-1] INFO  server.RaftServerConfigKeys (ConfUtils.java:logGet(43)) - raft.server.snapshot.auto.trigger.threshold = 10000 (custom)
2019-09-20 08:52:07,279 [pool-60-thread-1] INFO  server.RaftServerConfigKeys (ConfUtils.java:logGet(43)) - raft.server.retrycache.expirytime = 600000ms (custom)
2019-09-20 08:52:07,279 [pool-60-thread-1] INFO  impl.RaftServerImpl (RaftServerImpl.java:start(180)) - f6ec089b-5516-4b64-9212-97eb604ab2a5: start group-CA8F299BF1CD
2019-09-20 08:52:07,279 [pool-60-thread-1] INFO  impl.RaftServerImpl (RaftServerImpl.java:setRole(171)) - f6ec089b-5516-4b64-9212-97eb604ab2a5:group-CA8F299BF1CD changes role from null to FOLLOWER at term 0 for startAsFollower
2019-09-20 08:52:07,279 [pool-60-thread-1] INFO  impl.RoleInfo (RoleInfo.java:updateAndGet(143)) - f6ec089b-5516-4b64-9212-97eb604ab2a5: start FollowerState
2019-09-20 08:52:07,280 [pool-60-thread-1] INFO  util.JmxRegister (JmxRegister.java:tryRegister(44)) - Successfully registered JMX Bean with object name Ratis:service=RaftServer,group=group-CA8F299BF1CD,id=f6ec089b-5516-4b64-9212-97eb604ab2a5
2019-09-20 08:52:07,286 [RatisPipelineUtilsThread] INFO  pipeline.PipelineStateManager (PipelineStateManager.java:addPipeline(56)) - Created pipeline Pipeline[ Id: 6691072f-e5f7-4583-a738-ca8f299bf1cd, Nodes: f6ec089b-5516-4b64-9212-97eb604ab2a5{ip: 192.168.36.79, host: pr-hdds-1569-s8kj2-2266485376, networkLocation: /default-rack, certSerialId: null}, Type:RATIS, Factor:ONE, State:OPEN]
2019-09-20 08:52:07,287 [RatisPipelineUtilsThread] INFO  pipeline.PipelinePlacementPolicy (PipelinePlacementPolicy.java:meetCriteria(91)) - Pipeline Placement: Doesn't meet the criteria to be viable node： 44c728ea-0f6d-4328-96aa-117f098b9c99 Heaviness: 6 limit: 5
2019-09-20 08:52:07,309 [grpc-default-executor-0] INFO  impl.RaftServerProxy (RaftServerProxy.java:addNew(89)) - 3b3ba6e7-bc1c-4c2c-a22e-347ee35d38bc: addNew group-A72AD8E99695:[3b3ba6e7-bc1c-4c2c-a22e-347ee35d38bc:192.168.36.79:34077] returns group-A72AD8E99695:java.util.concurrent.CompletableFuture@72b48324[Not completed]
2019-09-20 08:52:07,310 [pool-27-thread-1] INFO  impl.RaftServerImpl (RaftServerImpl.java:<init>(93)) - 3b3ba6e7-bc1c-4c2c-a22e-347ee35d38bc: new RaftServerImpl for group-A72AD8E99695:[3b3ba6e7-bc1c-4c2c-a22e-347ee35d38bc:192.168.36.79:34077] with ContainerStateMachine:uninitialized
2019-09-20 08:52:07,311 [pool-27-thread-1] INFO  server.RaftServerConfigKeys (ConfUtils.java:logGet(43)) - raft.server.rpc.timeout.min = 5s (custom)
2019-09-20 08:52:07,311 [pool-27-thread-1] INFO  server.RaftServerConfigKeys (ConfUtils.java:logGet(43)) - raft.server.rpc.timeout.max = 5200ms (custom)
2019-09-20 08:52:07,311 [pool-27-thread-1] INFO  server.RaftServerConfigKeys (ConfUtils.java:logGet(43)) - raft.server.rpcslowness.timeout = 120s (custom)
2019-09-20 08:52:07,311 [pool-27-thread-1] INFO  server.RaftServerConfigKeys (ConfUtils.java:logGet(43)) - raft.server.sleep.deviation.threshold = 300 (default)
2019-09-20 08:52:07,311 [pool-27-thread-1] INFO  server.RaftServerConfigKeys (ConfUtils.java:logGet(43)) - raft.server.log.appender.install.snapshot.enabled = false (custom)
2019-09-20 08:52:07,311 [pool-27-thread-1] INFO  impl.RaftServerImpl (ServerState.java:<init>(105)) - 3b3ba6e7-bc1c-4c2c-a22e-347ee35d38bc:group-A72AD8E99695 ConfigurationManager, init=-1: [3b3ba6e7-bc1c-4c2c-a22e-347ee35d38bc:192.168.36.79:34077], old=null, confs=<EMPTY_MAP>
2019-09-20 08:52:07,312 [pool-27-thread-1] INFO  server.RaftServerConfigKeys (ConfUtils.java:logGet(43)) - raft.server.storage.dir = [/workdir/hadoop-ozone/tools/target/test-dir/MiniOzoneClusterImpl-da4e238f-9df3-4b07-9cd3-d36e1b7a1734/datanode-0/data/ratis] (custom)
2019-09-20 08:52:07,312 [pool-27-thread-1] INFO  storage.RaftStorageDirectory (RaftStorageDirectory.java:analyzeStorage(246)) - The storage directory /workdir/hadoop-ozone/tools/target/test-dir/MiniOzoneClusterImpl-da4e238f-9df3-4b07-9cd3-d36e1b7a1734/datanode-0/data/ratis/c257e347-ddc9-4b44-a0ca-a72ad8e99695 does not exist. Creating ...
2019-09-20 08:52:07,366 [pool-27-thread-1] INFO  storage.RaftStorageDirectory (RaftStorageDirectory.java:tryLock(328)) - Lock on /workdir/hadoop-ozone/tools/target/test-dir/MiniOzoneClusterImpl-da4e238f-9df3-4b07-9cd3-d36e1b7a1734/datanode-0/data/ratis/c257e347-ddc9-4b44-a0ca-a72ad8e99695/in_use.lock acquired by nodename 18156@pr-hdds-1569-s8kj2-2266485376
2019-09-20 08:52:07,392 [pool-27-thread-1] INFO  storage.RaftStorage (RaftStorage.java:format(72)) - Storage directory /workdir/hadoop-ozone/tools/target/test-dir/MiniOzoneClusterImpl-da4e238f-9df3-4b07-9cd3-d36e1b7a1734/datanode-0/data/ratis/c257e347-ddc9-4b44-a0ca-a72ad8e99695 has been successfully formatted.
2019-09-20 08:52:07,392 [pool-27-thread-1] INFO  ratis.ContainerStateMachine (ContainerStateMachine.java:loadSnapshot(226)) - group-A72AD8E99695: The snapshot info is null. Setting the last applied indexto:(t:0, i:~)
2019-09-20 08:52:07,393 [pool-27-thread-1] INFO  server.RaftServerConfigKeys (ConfUtils.java:logGet(43)) - raft.server.leader.election.timeout = 120s (custom)
2019-09-20 08:52:07,393 [pool-27-thread-1] INFO  server.RaftServerConfigKeys (ConfUtils.java:logGet(43)) - raft.server.log.use.memory = false (default)
2019-09-20 08:52:07,393 [pool-27-thread-1] INFO  server.RaftServerConfigKeys (ConfUtils.java:logGet(43)) - raft.server.log.purge.gap = 1000000 (custom)
2019-09-20 08:52:07,393 [pool-27-thread-1] INFO  server.RaftServerConfigKeys (ConfUtils.java:logGet(43)) - raft.server.log.appender.buffer.byte-limit = 33554432 (custom)
2019-09-20 08:52:07,393 [pool-27-thread-1] INFO  server.RaftServerConfigKeys (ConfUtils.java:logGet(43)) - raft.server.log.segment.size.max = 1048576 (custom)
2019-09-20 08:52:07,394 [pool-27-thread-1] INFO  server.RaftServerConfigKeys (ConfUtils.java:logGet(43)) - raft.server.log.segment.cache.num.max = 2 (custom)
2019-09-20 08:52:07,394 [pool-27-thread-1] INFO  segmented.SegmentedRaftLogWorker (SegmentedRaftLogWorker.java:<init>(172)) - new 3b3ba6e7-bc1c-4c2c-a22e-347ee35d38bc-SegmentedRaftLogWorker:Storage Directory /workdir/hadoop-ozone/tools/target/test-dir/MiniOzoneClusterImpl-da4e238f-9df3-4b07-9cd3-d36e1b7a1734/datanode-0/data/ratis/c257e347-ddc9-4b44-a0ca-a72ad8e99695 for RaftStorage:Storage Directory /workdir/hadoop-ozone/tools/target/test-dir/MiniOzoneClusterImpl-da4e238f-9df3-4b07-9cd3-d36e1b7a1734/datanode-0/data/ratis/c257e347-ddc9-4b44-a0ca-a72ad8e99695
2019-09-20 08:52:07,394 [pool-27-thread-1] INFO  server.RaftServerConfigKeys (ConfUtils.java:logGet(43)) - raft.server.log.queue.byte-limit = 2147483647 (custom)
2019-09-20 08:52:07,394 [pool-27-thread-1] INFO  server.RaftServerConfigKeys (ConfUtils.java:logGet(43)) - raft.server.log.queue.element-limit = 1024 (custom)
2019-09-20 08:52:07,394 [pool-27-thread-1] INFO  server.RaftServerConfigKeys (ConfUtils.java:logGet(43)) - raft.server.log.segment.size.max = 1048576 (custom)
2019-09-20 08:52:07,394 [pool-27-thread-1] INFO  server.RaftServerConfigKeys (ConfUtils.java:logGet(43)) - raft.server.log.preallocated.size = 16384 (custom)
2019-09-20 08:52:07,394 [pool-27-thread-1] INFO  server.RaftServerConfigKeys (ConfUtils.java:logGet(43)) - raft.server.log.write.buffer.size = 33554432 (custom)
2019-09-20 08:52:07,395 [pool-27-thread-1] INFO  server.RaftServerConfigKeys (ConfUtils.java:logGet(43)) - raft.server.log.force.sync.num = 128 (default)
2019-09-20 08:52:07,395 [pool-27-thread-1] INFO  server.RaftServerConfigKeys (ConfUtils.java:logGet(43)) - raft.server.log.statemachine.data.sync = true (default)
2019-09-20 08:52:07,395 [pool-27-thread-1] INFO  server.RaftServerConfigKeys (ConfUtils.java:logGet(43)) - raft.server.log.statemachine.data.sync.timeout = 10s (default)
2019-09-20 08:52:07,395 [pool-27-thread-1] INFO  server.RaftServerConfigKeys (ConfUtils.java:logGet(43)) - raft.server.log.statemachine.data.sync.timeout.retry = -1 (default)
2019-09-20 08:52:07,395 [pool-27-thread-1] INFO  server.RaftServerConfigKeys (ConfUtils.java:logGet(43)) - raft.server.log.statemachine.data.caching.enabled = true (custom)
2019-09-20 08:52:07,396 [pool-27-thread-1] INFO  segmented.SegmentedRaftLogWorker (SegmentedRaftLogWorker.java:lambda$new$0(132)) - 3b3ba6e7-bc1c-4c2c-a22e-347ee35d38bc-SegmentedRaftLogWorker:Storage Directory /workdir/hadoop-ozone/tools/target/test-dir/MiniOzoneClusterImpl-da4e238f-9df3-4b07-9cd3-d36e1b7a1734/datanode-0/data/ratis/c257e347-ddc9-4b44-a0ca-a72ad8e99695: flushIndex: setUnconditionally 0 -> -1
2019-09-20 08:52:07,396 [pool-27-thread-1] INFO  server.RaftServerConfigKeys (ConfUtils.java:logGet(43)) - raft.server.snapshot.auto.trigger.enabled = true (custom)
2019-09-20 08:52:07,396 [pool-27-thread-1] INFO  server.RaftServerConfigKeys (ConfUtils.java:logGet(43)) - raft.server.snapshot.auto.trigger.threshold = 10000 (custom)
2019-09-20 08:52:07,397 [pool-27-thread-1] INFO  server.RaftServerConfigKeys (ConfUtils.java:logGet(43)) - raft.server.retrycache.expirytime = 600000ms (custom)
2019-09-20 08:52:07,397 [pool-27-thread-1] INFO  impl.RaftServerImpl (RaftServerImpl.java:start(180)) - 3b3ba6e7-bc1c-4c2c-a22e-347ee35d38bc: start group-A72AD8E99695
2019-09-20 08:52:07,397 [pool-27-thread-1] INFO  impl.RaftServerImpl (RaftServerImpl.java:setRole(171)) - 3b3ba6e7-bc1c-4c2c-a22e-347ee35d38bc:group-A72AD8E99695 changes role from null to FOLLOWER at term 0 for startAsFollower
2019-09-20 08:52:07,397 [pool-27-thread-1] INFO  impl.RoleInfo (RoleInfo.java:updateAndGet(143)) - 3b3ba6e7-bc1c-4c2c-a22e-347ee35d38bc: start FollowerState
2019-09-20 08:52:07,403 [pool-27-thread-1] INFO  util.JmxRegister (JmxRegister.java:tryRegister(44)) - Successfully registered JMX Bean with object name Ratis:service=RaftServer,group=group-A72AD8E99695,id=3b3ba6e7-bc1c-4c2c-a22e-347ee35d38bc
2019-09-20 08:52:07,417 [RatisPipelineUtilsThread] INFO  pipeline.PipelineStateManager (PipelineStateManager.java:addPipeline(56)) - Created pipeline Pipeline[ Id: c257e347-ddc9-4b44-a0ca-a72ad8e99695, Nodes: 3b3ba6e7-bc1c-4c2c-a22e-347ee35d38bc{ip: 192.168.36.79, host: pr-hdds-1569-s8kj2-2266485376, networkLocation: /default-rack, certSerialId: null}, Type:RATIS, Factor:ONE, State:OPEN]
2019-09-20 08:52:07,420 [RatisPipelineUtilsThread] INFO  pipeline.PipelinePlacementPolicy (PipelinePlacementPolicy.java:meetCriteria(91)) - Pipeline Placement: Doesn't meet the criteria to be viable node： 44c728ea-0f6d-4328-96aa-117f098b9c99 Heaviness: 6 limit: 5
2019-09-20 08:52:07,430 [grpc-default-executor-0] INFO  impl.RaftServerProxy (RaftServerProxy.java:addNew(89)) - 2ddefaab-8349-47ab-a504-e432f9d495c5: addNew group-B4C4E8D49CC5:[2ddefaab-8349-47ab-a504-e432f9d495c5:192.168.36.79:39000] returns group-B4C4E8D49CC5:java.util.concurrent.CompletableFuture@54fc58ff[Not completed]
2019-09-20 08:52:07,432 [pool-71-thread-1] INFO  impl.RaftServerImpl (RaftServerImpl.java:<init>(93)) - 2ddefaab-8349-47ab-a504-e432f9d495c5: new RaftServerImpl for group-B4C4E8D49CC5:[2ddefaab-8349-47ab-a504-e432f9d495c5:192.168.36.79:39000] with ContainerStateMachine:uninitialized
2019-09-20 08:52:07,432 [pool-71-thread-1] INFO  server.RaftServerConfigKeys (ConfUtils.java:logGet(43)) - raft.server.rpc.timeout.min = 5s (custom)
2019-09-20 08:52:07,432 [pool-71-thread-1] INFO  server.RaftServerConfigKeys (ConfUtils.java:logGet(43)) - raft.server.rpc.timeout.max = 5200ms (custom)
2019-09-20 08:52:07,432 [pool-71-thread-1] INFO  server.RaftServerConfigKeys (ConfUtils.java:logGet(43)) - raft.server.rpcslowness.timeout = 120s (custom)
2019-09-20 08:52:07,432 [pool-71-thread-1] INFO  server.RaftServerConfigKeys (ConfUtils.java:logGet(43)) - raft.server.sleep.deviation.threshold = 300 (default)
2019-09-20 08:52:07,432 [pool-71-thread-1] INFO  server.RaftServerConfigKeys (ConfUtils.java:logGet(43)) - raft.server.log.appender.install.snapshot.enabled = false (custom)
2019-09-20 08:52:07,432 [pool-71-thread-1] INFO  impl.RaftServerImpl (ServerState.java:<init>(105)) - 2ddefaab-8349-47ab-a504-e432f9d495c5:group-B4C4E8D49CC5 ConfigurationManager, init=-1: [2ddefaab-8349-47ab-a504-e432f9d495c5:192.168.36.79:39000], old=null, confs=<EMPTY_MAP>
2019-09-20 08:52:07,433 [pool-71-thread-1] INFO  server.RaftServerConfigKeys (ConfUtils.java:logGet(43)) - raft.server.storage.dir = [/workdir/hadoop-ozone/tools/target/test-dir/MiniOzoneClusterImpl-da4e238f-9df3-4b07-9cd3-d36e1b7a1734/datanode-4/data/ratis] (custom)
2019-09-20 08:52:07,433 [pool-71-thread-1] INFO  storage.RaftStorageDirectory (RaftStorageDirectory.java:analyzeStorage(246)) - The storage directory /workdir/hadoop-ozone/tools/target/test-dir/MiniOzoneClusterImpl-da4e238f-9df3-4b07-9cd3-d36e1b7a1734/datanode-4/data/ratis/d8b18052-e9cb-4101-85c4-b4c4e8d49cc5 does not exist. Creating ...
2019-09-20 08:52:07,438 | INFO  | SCMAudit | user=jenkins1000 | ip=192.168.36.79 | op=SEND_HEARTBEAT {datanodeUUID=44c728ea-0f6d-4328-96aa-117f098b9c99, command=[]} | ret=SUCCESS |  
2019-09-20 08:52:07,476 [pool-71-thread-1] INFO  storage.RaftStorageDirectory (RaftStorageDirectory.java:tryLock(328)) - Lock on /workdir/hadoop-ozone/tools/target/test-dir/MiniOzoneClusterImpl-da4e238f-9df3-4b07-9cd3-d36e1b7a1734/datanode-4/data/ratis/d8b18052-e9cb-4101-85c4-b4c4e8d49cc5/in_use.lock acquired by nodename 18156@pr-hdds-1569-s8kj2-2266485376
 0.00% |█                                                                                                    |  0/1 Time: 0:00:012019-09-20 08:52:07,509 [pool-71-thread-1] INFO  storage.RaftStorage (RaftStorage.java:format(72)) - Storage directory /workdir/hadoop-ozone/tools/target/test-dir/MiniOzoneClusterImpl-da4e238f-9df3-4b07-9cd3-d36e1b7a1734/datanode-4/data/ratis/d8b18052-e9cb-4101-85c4-b4c4e8d49cc5 has been successfully formatted.
2019-09-20 08:52:07,510 [pool-71-thread-1] INFO  ratis.ContainerStateMachine (ContainerStateMachine.java:loadSnapshot(226)) - group-B4C4E8D49CC5: The snapshot info is null. Setting the last applied indexto:(t:0, i:~)
2019-09-20 08:52:07,510 [pool-71-thread-1] INFO  server.RaftServerConfigKeys (ConfUtils.java:logGet(43)) - raft.server.leader.election.timeout = 120s (custom)
2019-09-20 08:52:07,510 [pool-71-thread-1] INFO  server.RaftServerConfigKeys (ConfUtils.java:logGet(43)) - raft.server.log.use.memory = false (default)
2019-09-20 08:52:07,510 [pool-71-thread-1] INFO  server.RaftServerConfigKeys (ConfUtils.java:logGet(43)) - raft.server.log.purge.gap = 1000000 (custom)
2019-09-20 08:52:07,510 [pool-71-thread-1] INFO  server.RaftServerConfigKeys (ConfUtils.java:logGet(43)) - raft.server.log.appender.buffer.byte-limit = 33554432 (custom)
2019-09-20 08:52:07,511 [pool-71-thread-1] INFO  server.RaftServerConfigKeys (ConfUtils.java:logGet(43)) - raft.server.log.segment.size.max = 1048576 (custom)
2019-09-20 08:52:07,511 [pool-71-thread-1] INFO  server.RaftServerConfigKeys (ConfUtils.java:logGet(43)) - raft.server.log.segment.cache.num.max = 2 (custom)
2019-09-20 08:52:07,511 [pool-71-thread-1] INFO  segmented.SegmentedRaftLogWorker (SegmentedRaftLogWorker.java:<init>(172)) - new 2ddefaab-8349-47ab-a504-e432f9d495c5-SegmentedRaftLogWorker:Storage Directory /workdir/hadoop-ozone/tools/target/test-dir/MiniOzoneClusterImpl-da4e238f-9df3-4b07-9cd3-d36e1b7a1734/datanode-4/data/ratis/d8b18052-e9cb-4101-85c4-b4c4e8d49cc5 for RaftStorage:Storage Directory /workdir/hadoop-ozone/tools/target/test-dir/MiniOzoneClusterImpl-da4e238f-9df3-4b07-9cd3-d36e1b7a1734/datanode-4/data/ratis/d8b18052-e9cb-4101-85c4-b4c4e8d49cc5
2019-09-20 08:52:07,511 [pool-71-thread-1] INFO  server.RaftServerConfigKeys (ConfUtils.java:logGet(43)) - raft.server.log.queue.byte-limit = 2147483647 (custom)
2019-09-20 08:52:07,511 [pool-71-thread-1] INFO  server.RaftServerConfigKeys (ConfUtils.java:logGet(43)) - raft.server.log.queue.element-limit = 1024 (custom)
2019-09-20 08:52:07,511 [pool-71-thread-1] INFO  server.RaftServerConfigKeys (ConfUtils.java:logGet(43)) - raft.server.log.segment.size.max = 1048576 (custom)
2019-09-20 08:52:07,512 [pool-71-thread-1] INFO  server.RaftServerConfigKeys (ConfUtils.java:logGet(43)) - raft.server.log.preallocated.size = 16384 (custom)
2019-09-20 08:52:07,512 [pool-71-thread-1] INFO  server.RaftServerConfigKeys (ConfUtils.java:logGet(43)) - raft.server.log.write.buffer.size = 33554432 (custom)
2019-09-20 08:52:07,512 [pool-71-thread-1] INFO  server.RaftServerConfigKeys (ConfUtils.java:logGet(43)) - raft.server.log.force.sync.num = 128 (default)
2019-09-20 08:52:07,512 [pool-71-thread-1] INFO  server.RaftServerConfigKeys (ConfUtils.java:logGet(43)) - raft.server.log.statemachine.data.sync = true (default)
2019-09-20 08:52:07,512 [pool-71-thread-1] INFO  server.RaftServerConfigKeys (ConfUtils.java:logGet(43)) - raft.server.log.statemachine.data.sync.timeout = 10s (default)
2019-09-20 08:52:07,512 [pool-71-thread-1] INFO  server.RaftServerConfigKeys (ConfUtils.java:logGet(43)) - raft.server.log.statemachine.data.sync.timeout.retry = -1 (default)
2019-09-20 08:52:07,513 [pool-71-thread-1] INFO  server.RaftServerConfigKeys (ConfUtils.java:logGet(43)) - raft.server.log.statemachine.data.caching.enabled = true (custom)
2019-09-20 08:52:07,513 [pool-71-thread-1] INFO  segmented.SegmentedRaftLogWorker (SegmentedRaftLogWorker.java:lambda$new$0(132)) - 2ddefaab-8349-47ab-a504-e432f9d495c5-SegmentedRaftLogWorker:Storage Directory /workdir/hadoop-ozone/tools/target/test-dir/MiniOzoneClusterImpl-da4e238f-9df3-4b07-9cd3-d36e1b7a1734/datanode-4/data/ratis/d8b18052-e9cb-4101-85c4-b4c4e8d49cc5: flushIndex: setUnconditionally 0 -> -1
2019-09-20 08:52:07,513 [pool-71-thread-1] INFO  server.RaftServerConfigKeys (ConfUtils.java:logGet(43)) - raft.server.snapshot.auto.trigger.enabled = true (custom)
2019-09-20 08:52:07,514 [pool-71-thread-1] INFO  server.RaftServerConfigKeys (ConfUtils.java:logGet(43)) - raft.server.snapshot.auto.trigger.threshold = 10000 (custom)
2019-09-20 08:52:07,514 [pool-71-thread-1] INFO  server.RaftServerConfigKeys (ConfUtils.java:logGet(43)) - raft.server.retrycache.expirytime = 600000ms (custom)
2019-09-20 08:52:07,514 [pool-71-thread-1] INFO  impl.RaftServerImpl (RaftServerImpl.java:start(180)) - 2ddefaab-8349-47ab-a504-e432f9d495c5: start group-B4C4E8D49CC5
2019-09-20 08:52:07,514 [pool-71-thread-1] INFO  impl.RaftServerImpl (RaftServerImpl.java:setRole(171)) - 2ddefaab-8349-47ab-a504-e432f9d495c5:group-B4C4E8D49CC5 changes role from null to FOLLOWER at term 0 for startAsFollower
2019-09-20 08:52:07,514 [pool-71-thread-1] INFO  impl.RoleInfo (RoleInfo.java:updateAndGet(143)) - 2ddefaab-8349-47ab-a504-e432f9d495c5: start FollowerState
2019-09-20 08:52:07,515 [pool-71-thread-1] INFO  util.JmxRegister (JmxRegister.java:tryRegister(44)) - Successfully registered JMX Bean with object name Ratis:service=RaftServer,group=group-B4C4E8D49CC5,id=2ddefaab-8349-47ab-a504-e432f9d495c5
2019-09-20 08:52:07,521 [RatisPipelineUtilsThread] INFO  pipeline.PipelineStateManager (PipelineStateManager.java:addPipeline(56)) - Created pipeline Pipeline[ Id: d8b18052-e9cb-4101-85c4-b4c4e8d49cc5, Nodes: 2ddefaab-8349-47ab-a504-e432f9d495c5{ip: 192.168.36.79, host: pr-hdds-1569-s8kj2-2266485376, networkLocation: /default-rack, certSerialId: null}, Type:RATIS, Factor:ONE, State:OPEN]
2019-09-20 08:52:07,522 [RatisPipelineUtilsThread] INFO  pipeline.PipelinePlacementPolicy (PipelinePlacementPolicy.java:meetCriteria(91)) - Pipeline Placement: Doesn't meet the criteria to be viable node： 44c728ea-0f6d-4328-96aa-117f098b9c99 Heaviness: 6 limit: 5
2019-09-20 08:52:07,534 [grpc-default-executor-0] INFO  impl.RaftServerProxy (RaftServerProxy.java:addNew(89)) - f6ec089b-5516-4b64-9212-97eb604ab2a5: addNew group-3CDCA54FF083:[f6ec089b-5516-4b64-9212-97eb604ab2a5:192.168.36.79:40071] returns group-3CDCA54FF083:java.util.concurrent.CompletableFuture@1322f7e2[Not completed]
2019-09-20 08:52:07,536 [pool-60-thread-1] INFO  impl.RaftServerImpl (RaftServerImpl.java:<init>(93)) - f6ec089b-5516-4b64-9212-97eb604ab2a5: new RaftServerImpl for group-3CDCA54FF083:[f6ec089b-5516-4b64-9212-97eb604ab2a5:192.168.36.79:40071] with ContainerStateMachine:uninitialized
2019-09-20 08:52:07,536 [pool-60-thread-1] INFO  server.RaftServerConfigKeys (ConfUtils.java:logGet(43)) - raft.server.rpc.timeout.min = 5s (custom)
2019-09-20 08:52:07,536 [pool-60-thread-1] INFO  server.RaftServerConfigKeys (ConfUtils.java:logGet(43)) - raft.server.rpc.timeout.max = 5200ms (custom)
2019-09-20 08:52:07,537 [pool-60-thread-1] INFO  server.RaftServerConfigKeys (ConfUtils.java:logGet(43)) - raft.server.rpcslowness.timeout = 120s (custom)
2019-09-20 08:52:07,537 [pool-60-thread-1] INFO  server.RaftServerConfigKeys (ConfUtils.java:logGet(43)) - raft.server.sleep.deviation.threshold = 300 (default)
2019-09-20 08:52:07,537 [pool-60-thread-1] INFO  server.RaftServerConfigKeys (ConfUtils.java:logGet(43)) - raft.server.log.appender.install.snapshot.enabled = false (custom)
2019-09-20 08:52:07,537 [pool-60-thread-1] INFO  impl.RaftServerImpl (ServerState.java:<init>(105)) - f6ec089b-5516-4b64-9212-97eb604ab2a5:group-3CDCA54FF083 ConfigurationManager, init=-1: [f6ec089b-5516-4b64-9212-97eb604ab2a5:192.168.36.79:40071], old=null, confs=<EMPTY_MAP>
2019-09-20 08:52:07,537 [pool-60-thread-1] INFO  server.RaftServerConfigKeys (ConfUtils.java:logGet(43)) - raft.server.storage.dir = [/workdir/hadoop-ozone/tools/target/test-dir/MiniOzoneClusterImpl-da4e238f-9df3-4b07-9cd3-d36e1b7a1734/datanode-3/data/ratis] (custom)
2019-09-20 08:52:07,537 [pool-60-thread-1] INFO  storage.RaftStorageDirectory (RaftStorageDirectory.java:analyzeStorage(246)) - The storage directory /workdir/hadoop-ozone/tools/target/test-dir/MiniOzoneClusterImpl-da4e238f-9df3-4b07-9cd3-d36e1b7a1734/datanode-3/data/ratis/87d54d8b-ed3d-409e-a1a5-3cdca54ff083 does not exist. Creating ...
2019-09-20 08:52:07,568 [pool-60-thread-1] INFO  storage.RaftStorageDirectory (RaftStorageDirectory.java:tryLock(328)) - Lock on /workdir/hadoop-ozone/tools/target/test-dir/MiniOzoneClusterImpl-da4e238f-9df3-4b07-9cd3-d36e1b7a1734/datanode-3/data/ratis/87d54d8b-ed3d-409e-a1a5-3cdca54ff083/in_use.lock acquired by nodename 18156@pr-hdds-1569-s8kj2-2266485376
2019-09-20 08:52:07,603 [pool-60-thread-1] INFO  storage.RaftStorage (RaftStorage.java:format(72)) - Storage directory /workdir/hadoop-ozone/tools/target/test-dir/MiniOzoneClusterImpl-da4e238f-9df3-4b07-9cd3-d36e1b7a1734/datanode-3/data/ratis/87d54d8b-ed3d-409e-a1a5-3cdca54ff083 has been successfully formatted.
2019-09-20 08:52:07,603 [pool-60-thread-1] INFO  ratis.ContainerStateMachine (ContainerStateMachine.java:loadSnapshot(226)) - group-3CDCA54FF083: The snapshot info is null. Setting the last applied indexto:(t:0, i:~)
2019-09-20 08:52:07,603 [pool-60-thread-1] INFO  server.RaftServerConfigKeys (ConfUtils.java:logGet(43)) - raft.server.leader.election.timeout = 120s (custom)
2019-09-20 08:52:07,603 [pool-60-thread-1] INFO  server.RaftServerConfigKeys (ConfUtils.java:logGet(43)) - raft.server.log.use.memory = false (default)
2019-09-20 08:52:07,604 [pool-60-thread-1] INFO  server.RaftServerConfigKeys (ConfUtils.java:logGet(43)) - raft.server.log.purge.gap = 1000000 (custom)
2019-09-20 08:52:07,604 [pool-60-thread-1] INFO  server.RaftServerConfigKeys (ConfUtils.java:logGet(43)) - raft.server.log.appender.buffer.byte-limit = 33554432 (custom)
2019-09-20 08:52:07,604 [pool-60-thread-1] INFO  server.RaftServerConfigKeys (ConfUtils.java:logGet(43)) - raft.server.log.segment.size.max = 1048576 (custom)
2019-09-20 08:52:07,604 [pool-60-thread-1] INFO  server.RaftServerConfigKeys (ConfUtils.java:logGet(43)) - raft.server.log.segment.cache.num.max = 2 (custom)
2019-09-20 08:52:07,604 [pool-60-thread-1] INFO  segmented.SegmentedRaftLogWorker (SegmentedRaftLogWorker.java:<init>(172)) - new f6ec089b-5516-4b64-9212-97eb604ab2a5-SegmentedRaftLogWorker:Storage Directory /workdir/hadoop-ozone/tools/target/test-dir/MiniOzoneClusterImpl-da4e238f-9df3-4b07-9cd3-d36e1b7a1734/datanode-3/data/ratis/87d54d8b-ed3d-409e-a1a5-3cdca54ff083 for RaftStorage:Storage Directory /workdir/hadoop-ozone/tools/target/test-dir/MiniOzoneClusterImpl-da4e238f-9df3-4b07-9cd3-d36e1b7a1734/datanode-3/data/ratis/87d54d8b-ed3d-409e-a1a5-3cdca54ff083
2019-09-20 08:52:07,604 [pool-60-thread-1] INFO  server.RaftServerConfigKeys (ConfUtils.java:logGet(43)) - raft.server.log.queue.byte-limit = 2147483647 (custom)
2019-09-20 08:52:07,604 [pool-60-thread-1] INFO  server.RaftServerConfigKeys (ConfUtils.java:logGet(43)) - raft.server.log.queue.element-limit = 1024 (custom)
2019-09-20 08:52:07,604 [pool-60-thread-1] INFO  server.RaftServerConfigKeys (ConfUtils.java:logGet(43)) - raft.server.log.segment.size.max = 1048576 (custom)
2019-09-20 08:52:07,605 [pool-60-thread-1] INFO  server.RaftServerConfigKeys (ConfUtils.java:logGet(43)) - raft.server.log.preallocated.size = 16384 (custom)
2019-09-20 08:52:07,605 [pool-60-thread-1] INFO  server.RaftServerConfigKeys (ConfUtils.java:logGet(43)) - raft.server.log.write.buffer.size = 33554432 (custom)
2019-09-20 08:52:07,605 [pool-60-thread-1] INFO  server.RaftServerConfigKeys (ConfUtils.java:logGet(43)) - raft.server.log.force.sync.num = 128 (default)
2019-09-20 08:52:07,605 [pool-60-thread-1] INFO  server.RaftServerConfigKeys (ConfUtils.java:logGet(43)) - raft.server.log.statemachine.data.sync = true (default)
2019-09-20 08:52:07,605 [pool-60-thread-1] INFO  server.RaftServerConfigKeys (ConfUtils.java:logGet(43)) - raft.server.log.statemachine.data.sync.timeout = 10s (default)
2019-09-20 08:52:07,605 [pool-60-thread-1] INFO  server.RaftServerConfigKeys (ConfUtils.java:logGet(43)) - raft.server.log.statemachine.data.sync.timeout.retry = -1 (default)
2019-09-20 08:52:07,605 [pool-60-thread-1] INFO  server.RaftServerConfigKeys (ConfUtils.java:logGet(43)) - raft.server.log.statemachine.data.caching.enabled = true (custom)
2019-09-20 08:52:07,606 [pool-60-thread-1] INFO  segmented.SegmentedRaftLogWorker (SegmentedRaftLogWorker.java:lambda$new$0(132)) - f6ec089b-5516-4b64-9212-97eb604ab2a5-SegmentedRaftLogWorker:Storage Directory /workdir/hadoop-ozone/tools/target/test-dir/MiniOzoneClusterImpl-da4e238f-9df3-4b07-9cd3-d36e1b7a1734/datanode-3/data/ratis/87d54d8b-ed3d-409e-a1a5-3cdca54ff083: flushIndex: setUnconditionally 0 -> -1
2019-09-20 08:52:07,606 [pool-60-thread-1] INFO  server.RaftServerConfigKeys (ConfUtils.java:logGet(43)) - raft.server.snapshot.auto.trigger.enabled = true (custom)
2019-09-20 08:52:07,606 [pool-60-thread-1] INFO  server.RaftServerConfigKeys (ConfUtils.java:logGet(43)) - raft.server.snapshot.auto.trigger.threshold = 10000 (custom)
2019-09-20 08:52:07,606 [pool-60-thread-1] INFO  server.RaftServerConfigKeys (ConfUtils.java:logGet(43)) - raft.server.retrycache.expirytime = 600000ms (custom)
2019-09-20 08:52:07,606 [pool-60-thread-1] INFO  impl.RaftServerImpl (RaftServerImpl.java:start(180)) - f6ec089b-5516-4b64-9212-97eb604ab2a5: start group-3CDCA54FF083
2019-09-20 08:52:07,606 [pool-60-thread-1] INFO  impl.RaftServerImpl (RaftServerImpl.java:setRole(171)) - f6ec089b-5516-4b64-9212-97eb604ab2a5:group-3CDCA54FF083 changes role from null to FOLLOWER at term 0 for startAsFollower
2019-09-20 08:52:07,607 [pool-60-thread-1] INFO  impl.RoleInfo (RoleInfo.java:updateAndGet(143)) - f6ec089b-5516-4b64-9212-97eb604ab2a5: start FollowerState
2019-09-20 08:52:07,607 [pool-60-thread-1] INFO  util.JmxRegister (JmxRegister.java:tryRegister(44)) - Successfully registered JMX Bean with object name Ratis:service=RaftServer,group=group-3CDCA54FF083,id=f6ec089b-5516-4b64-9212-97eb604ab2a5
2019-09-20 08:52:07,613 [RatisPipelineUtilsThread] INFO  pipeline.PipelineStateManager (PipelineStateManager.java:addPipeline(56)) - Created pipeline Pipeline[ Id: 87d54d8b-ed3d-409e-a1a5-3cdca54ff083, Nodes: f6ec089b-5516-4b64-9212-97eb604ab2a5{ip: 192.168.36.79, host: pr-hdds-1569-s8kj2-2266485376, networkLocation: /default-rack, certSerialId: null}, Type:RATIS, Factor:ONE, State:OPEN]
2019-09-20 08:52:07,615 [RatisPipelineUtilsThread] INFO  pipeline.PipelinePlacementPolicy (PipelinePlacementPolicy.java:meetCriteria(91)) - Pipeline Placement: Doesn't meet the criteria to be viable node： 44c728ea-0f6d-4328-96aa-117f098b9c99 Heaviness: 6 limit: 5
2019-09-20 08:52:07,624 [grpc-default-executor-0] INFO  impl.RaftServerProxy (RaftServerProxy.java:addNew(89)) - f6ec089b-5516-4b64-9212-97eb604ab2a5: addNew group-99C44C54AE89:[f6ec089b-5516-4b64-9212-97eb604ab2a5:192.168.36.79:40071] returns group-99C44C54AE89:java.util.concurrent.CompletableFuture@38591648[Not completed]
2019-09-20 08:52:07,626 [pool-60-thread-1] INFO  impl.RaftServerImpl (RaftServerImpl.java:<init>(93)) - f6ec089b-5516-4b64-9212-97eb604ab2a5: new RaftServerImpl for group-99C44C54AE89:[f6ec089b-5516-4b64-9212-97eb604ab2a5:192.168.36.79:40071] with ContainerStateMachine:uninitialized
2019-09-20 08:52:07,626 [pool-60-thread-1] INFO  server.RaftServerConfigKeys (ConfUtils.java:logGet(43)) - raft.server.rpc.timeout.min = 5s (custom)
2019-09-20 08:52:07,626 [pool-60-thread-1] INFO  server.RaftServerConfigKeys (ConfUtils.java:logGet(43)) - raft.server.rpc.timeout.max = 5200ms (custom)
2019-09-20 08:52:07,626 [pool-60-thread-1] INFO  server.RaftServerConfigKeys (ConfUtils.java:logGet(43)) - raft.server.rpcslowness.timeout = 120s (custom)
2019-09-20 08:52:07,626 [pool-60-thread-1] INFO  server.RaftServerConfigKeys (ConfUtils.java:logGet(43)) - raft.server.sleep.deviation.threshold = 300 (default)
2019-09-20 08:52:07,626 [pool-60-thread-1] INFO  server.RaftServerConfigKeys (ConfUtils.java:logGet(43)) - raft.server.log.appender.install.snapshot.enabled = false (custom)
2019-09-20 08:52:07,626 [pool-60-thread-1] INFO  impl.RaftServerImpl (ServerState.java:<init>(105)) - f6ec089b-5516-4b64-9212-97eb604ab2a5:group-99C44C54AE89 ConfigurationManager, init=-1: [f6ec089b-5516-4b64-9212-97eb604ab2a5:192.168.36.79:40071], old=null, confs=<EMPTY_MAP>
2019-09-20 08:52:07,626 [pool-60-thread-1] INFO  server.RaftServerConfigKeys (ConfUtils.java:logGet(43)) - raft.server.storage.dir = [/workdir/hadoop-ozone/tools/target/test-dir/MiniOzoneClusterImpl-da4e238f-9df3-4b07-9cd3-d36e1b7a1734/datanode-3/data/ratis] (custom)
2019-09-20 08:52:07,627 [pool-60-thread-1] INFO  storage.RaftStorageDirectory (RaftStorageDirectory.java:analyzeStorage(246)) - The storage directory /workdir/hadoop-ozone/tools/target/test-dir/MiniOzoneClusterImpl-da4e238f-9df3-4b07-9cd3-d36e1b7a1734/datanode-3/data/ratis/bb5b7072-5445-45f1-81d4-99c44c54ae89 does not exist. Creating ...
2019-09-20 08:52:07,653 [pool-60-thread-1] INFO  storage.RaftStorageDirectory (RaftStorageDirectory.java:tryLock(328)) - Lock on /workdir/hadoop-ozone/tools/target/test-dir/MiniOzoneClusterImpl-da4e238f-9df3-4b07-9cd3-d36e1b7a1734/datanode-3/data/ratis/bb5b7072-5445-45f1-81d4-99c44c54ae89/in_use.lock acquired by nodename 18156@pr-hdds-1569-s8kj2-2266485376
2019-09-20 08:52:07,678 [pool-60-thread-1] INFO  storage.RaftStorage (RaftStorage.java:format(72)) - Storage directory /workdir/hadoop-ozone/tools/target/test-dir/MiniOzoneClusterImpl-da4e238f-9df3-4b07-9cd3-d36e1b7a1734/datanode-3/data/ratis/bb5b7072-5445-45f1-81d4-99c44c54ae89 has been successfully formatted.
2019-09-20 08:52:07,679 [pool-60-thread-1] INFO  ratis.ContainerStateMachine (ContainerStateMachine.java:loadSnapshot(226)) - group-99C44C54AE89: The snapshot info is null. Setting the last applied indexto:(t:0, i:~)
2019-09-20 08:52:07,679 [pool-60-thread-1] INFO  server.RaftServerConfigKeys (ConfUtils.java:logGet(43)) - raft.server.leader.election.timeout = 120s (custom)
2019-09-20 08:52:07,679 [pool-60-thread-1] INFO  server.RaftServerConfigKeys (ConfUtils.java:logGet(43)) - raft.server.log.use.memory = false (default)
2019-09-20 08:52:07,679 [pool-60-thread-1] INFO  server.RaftServerConfigKeys (ConfUtils.java:logGet(43)) - raft.server.log.purge.gap = 1000000 (custom)
2019-09-20 08:52:07,679 [pool-60-thread-1] INFO  server.RaftServerConfigKeys (ConfUtils.java:logGet(43)) - raft.server.log.appender.buffer.byte-limit = 33554432 (custom)
2019-09-20 08:52:07,680 [pool-60-thread-1] INFO  server.RaftServerConfigKeys (ConfUtils.java:logGet(43)) - raft.server.log.segment.size.max = 1048576 (custom)
2019-09-20 08:52:07,680 [pool-60-thread-1] INFO  server.RaftServerConfigKeys (ConfUtils.java:logGet(43)) - raft.server.log.segment.cache.num.max = 2 (custom)
2019-09-20 08:52:07,680 [pool-60-thread-1] INFO  segmented.SegmentedRaftLogWorker (SegmentedRaftLogWorker.java:<init>(172)) - new f6ec089b-5516-4b64-9212-97eb604ab2a5-SegmentedRaftLogWorker:Storage Directory /workdir/hadoop-ozone/tools/target/test-dir/MiniOzoneClusterImpl-da4e238f-9df3-4b07-9cd3-d36e1b7a1734/datanode-3/data/ratis/bb5b7072-5445-45f1-81d4-99c44c54ae89 for RaftStorage:Storage Directory /workdir/hadoop-ozone/tools/target/test-dir/MiniOzoneClusterImpl-da4e238f-9df3-4b07-9cd3-d36e1b7a1734/datanode-3/data/ratis/bb5b7072-5445-45f1-81d4-99c44c54ae89
2019-09-20 08:52:07,680 [pool-60-thread-1] INFO  server.RaftServerConfigKeys (ConfUtils.java:logGet(43)) - raft.server.log.queue.byte-limit = 2147483647 (custom)
2019-09-20 08:52:07,680 [pool-60-thread-1] INFO  server.RaftServerConfigKeys (ConfUtils.java:logGet(43)) - raft.server.log.queue.element-limit = 1024 (custom)
2019-09-20 08:52:07,681 [pool-60-thread-1] INFO  server.RaftServerConfigKeys (ConfUtils.java:logGet(43)) - raft.server.log.segment.size.max = 1048576 (custom)
2019-09-20 08:52:07,681 [pool-60-thread-1] INFO  server.RaftServerConfigKeys (ConfUtils.java:logGet(43)) - raft.server.log.preallocated.size = 16384 (custom)
2019-09-20 08:52:07,681 [pool-60-thread-1] INFO  server.RaftServerConfigKeys (ConfUtils.java:logGet(43)) - raft.server.log.write.buffer.size = 33554432 (custom)
2019-09-20 08:52:07,681 [pool-60-thread-1] INFO  server.RaftServerConfigKeys (ConfUtils.java:logGet(43)) - raft.server.log.force.sync.num = 128 (default)
2019-09-20 08:52:07,681 [pool-60-thread-1] INFO  server.RaftServerConfigKeys (ConfUtils.java:logGet(43)) - raft.server.log.statemachine.data.sync = true (default)
2019-09-20 08:52:07,682 [pool-60-thread-1] INFO  server.RaftServerConfigKeys (ConfUtils.java:logGet(43)) - raft.server.log.statemachine.data.sync.timeout = 10s (default)
2019-09-20 08:52:07,682 [pool-60-thread-1] INFO  server.RaftServerConfigKeys (ConfUtils.java:logGet(43)) - raft.server.log.statemachine.data.sync.timeout.retry = -1 (default)
2019-09-20 08:52:07,682 [pool-60-thread-1] INFO  server.RaftServerConfigKeys (ConfUtils.java:logGet(43)) - raft.server.log.statemachine.data.caching.enabled = true (custom)
2019-09-20 08:52:07,682 [pool-60-thread-1] INFO  segmented.SegmentedRaftLogWorker (SegmentedRaftLogWorker.java:lambda$new$0(132)) - f6ec089b-5516-4b64-9212-97eb604ab2a5-SegmentedRaftLogWorker:Storage Directory /workdir/hadoop-ozone/tools/target/test-dir/MiniOzoneClusterImpl-da4e238f-9df3-4b07-9cd3-d36e1b7a1734/datanode-3/data/ratis/bb5b7072-5445-45f1-81d4-99c44c54ae89: flushIndex: setUnconditionally 0 -> -1
2019-09-20 08:52:07,683 [pool-60-thread-1] INFO  server.RaftServerConfigKeys (ConfUtils.java:logGet(43)) - raft.server.snapshot.auto.trigger.enabled = true (custom)
2019-09-20 08:52:07,683 [pool-60-thread-1] INFO  server.RaftServerConfigKeys (ConfUtils.java:logGet(43)) - raft.server.snapshot.auto.trigger.threshold = 10000 (custom)
2019-09-20 08:52:07,683 [pool-60-thread-1] INFO  server.RaftServerConfigKeys (ConfUtils.java:logGet(43)) - raft.server.retrycache.expirytime = 600000ms (custom)
2019-09-20 08:52:07,684 [pool-60-thread-1] INFO  impl.RaftServerImpl (RaftServerImpl.java:start(180)) - f6ec089b-5516-4b64-9212-97eb604ab2a5: start group-99C44C54AE89
2019-09-20 08:52:07,684 [pool-60-thread-1] INFO  impl.RaftServerImpl (RaftServerImpl.java:setRole(171)) - f6ec089b-5516-4b64-9212-97eb604ab2a5:group-99C44C54AE89 changes role from null to FOLLOWER at term 0 for startAsFollower
2019-09-20 08:52:07,684 [pool-60-thread-1] INFO  impl.RoleInfo (RoleInfo.java:updateAndGet(143)) - f6ec089b-5516-4b64-9212-97eb604ab2a5: start FollowerState
2019-09-20 08:52:07,685 [pool-60-thread-1] INFO  util.JmxRegister (JmxRegister.java:tryRegister(44)) - Successfully registered JMX Bean with object name Ratis:service=RaftServer,group=group-99C44C54AE89,id=f6ec089b-5516-4b64-9212-97eb604ab2a5
2019-09-20 08:52:07,690 [RatisPipelineUtilsThread] INFO  pipeline.PipelineStateManager (PipelineStateManager.java:addPipeline(56)) - Created pipeline Pipeline[ Id: bb5b7072-5445-45f1-81d4-99c44c54ae89, Nodes: f6ec089b-5516-4b64-9212-97eb604ab2a5{ip: 192.168.36.79, host: pr-hdds-1569-s8kj2-2266485376, networkLocation: /default-rack, certSerialId: null}, Type:RATIS, Factor:ONE, State:OPEN]
2019-09-20 08:52:07,692 [RatisPipelineUtilsThread] INFO  pipeline.PipelinePlacementPolicy (PipelinePlacementPolicy.java:meetCriteria(91)) - Pipeline Placement: Doesn't meet the criteria to be viable node： f6ec089b-5516-4b64-9212-97eb604ab2a5 Heaviness: 6 limit: 5
2019-09-20 08:52:07,692 [RatisPipelineUtilsThread] INFO  pipeline.PipelinePlacementPolicy (PipelinePlacementPolicy.java:meetCriteria(91)) - Pipeline Placement: Doesn't meet the criteria to be viable node： 44c728ea-0f6d-4328-96aa-117f098b9c99 Heaviness: 6 limit: 5
2019-09-20 08:52:07,701 [grpc-default-executor-0] INFO  impl.RaftServerProxy (RaftServerProxy.java:addNew(89)) - 3b3ba6e7-bc1c-4c2c-a22e-347ee35d38bc: addNew group-F0D700A86957:[3b3ba6e7-bc1c-4c2c-a22e-347ee35d38bc:192.168.36.79:34077] returns group-F0D700A86957:java.util.concurrent.CompletableFuture@369dabd9[Not completed]
2019-09-20 08:52:07,702 [pool-27-thread-1] INFO  impl.RaftServerImpl (RaftServerImpl.java:<init>(93)) - 3b3ba6e7-bc1c-4c2c-a22e-347ee35d38bc: new RaftServerImpl for group-F0D700A86957:[3b3ba6e7-bc1c-4c2c-a22e-347ee35d38bc:192.168.36.79:34077] with ContainerStateMachine:uninitialized
2019-09-20 08:52:07,703 [pool-27-thread-1] INFO  server.RaftServerConfigKeys (ConfUtils.java:logGet(43)) - raft.server.rpc.timeout.min = 5s (custom)
2019-09-20 08:52:07,703 [pool-27-thread-1] INFO  server.RaftServerConfigKeys (ConfUtils.java:logGet(43)) - raft.server.rpc.timeout.max = 5200ms (custom)
2019-09-20 08:52:07,703 [pool-27-thread-1] INFO  server.RaftServerConfigKeys (ConfUtils.java:logGet(43)) - raft.server.rpcslowness.timeout = 120s (custom)
2019-09-20 08:52:07,703 [pool-27-thread-1] INFO  server.RaftServerConfigKeys (ConfUtils.java:logGet(43)) - raft.server.sleep.deviation.threshold = 300 (default)
2019-09-20 08:52:07,703 [pool-27-thread-1] INFO  server.RaftServerConfigKeys (ConfUtils.java:logGet(43)) - raft.server.log.appender.install.snapshot.enabled = false (custom)
2019-09-20 08:52:07,703 [pool-27-thread-1] INFO  impl.RaftServerImpl (ServerState.java:<init>(105)) - 3b3ba6e7-bc1c-4c2c-a22e-347ee35d38bc:group-F0D700A86957 ConfigurationManager, init=-1: [3b3ba6e7-bc1c-4c2c-a22e-347ee35d38bc:192.168.36.79:34077], old=null, confs=<EMPTY_MAP>
2019-09-20 08:52:07,703 [pool-27-thread-1] INFO  server.RaftServerConfigKeys (ConfUtils.java:logGet(43)) - raft.server.storage.dir = [/workdir/hadoop-ozone/tools/target/test-dir/MiniOzoneClusterImpl-da4e238f-9df3-4b07-9cd3-d36e1b7a1734/datanode-0/data/ratis] (custom)
2019-09-20 08:52:07,704 [pool-27-thread-1] INFO  storage.RaftStorageDirectory (RaftStorageDirectory.java:analyzeStorage(246)) - The storage directory /workdir/hadoop-ozone/tools/target/test-dir/MiniOzoneClusterImpl-da4e238f-9df3-4b07-9cd3-d36e1b7a1734/datanode-0/data/ratis/469e888f-1f81-49e3-9fe0-f0d700a86957 does not exist. Creating ...
2019-09-20 08:52:07,737 [pool-27-thread-1] INFO  storage.RaftStorageDirectory (RaftStorageDirectory.java:tryLock(328)) - Lock on /workdir/hadoop-ozone/tools/target/test-dir/MiniOzoneClusterImpl-da4e238f-9df3-4b07-9cd3-d36e1b7a1734/datanode-0/data/ratis/469e888f-1f81-49e3-9fe0-f0d700a86957/in_use.lock acquired by nodename 18156@pr-hdds-1569-s8kj2-2266485376
2019-09-20 08:52:07,771 [pool-27-thread-1] INFO  storage.RaftStorage (RaftStorage.java:format(72)) - Storage directory /workdir/hadoop-ozone/tools/target/test-dir/MiniOzoneClusterImpl-da4e238f-9df3-4b07-9cd3-d36e1b7a1734/datanode-0/data/ratis/469e888f-1f81-49e3-9fe0-f0d700a86957 has been successfully formatted.
2019-09-20 08:52:07,771 [pool-27-thread-1] INFO  ratis.ContainerStateMachine (ContainerStateMachine.java:loadSnapshot(226)) - group-F0D700A86957: The snapshot info is null. Setting the last applied indexto:(t:0, i:~)
2019-09-20 08:52:07,771 [pool-27-thread-1] INFO  server.RaftServerConfigKeys (ConfUtils.java:logGet(43)) - raft.server.leader.election.timeout = 120s (custom)
2019-09-20 08:52:07,771 [pool-27-thread-1] INFO  server.RaftServerConfigKeys (ConfUtils.java:logGet(43)) - raft.server.log.use.memory = false (default)
2019-09-20 08:52:07,771 [pool-27-thread-1] INFO  server.RaftServerConfigKeys (ConfUtils.java:logGet(43)) - raft.server.log.purge.gap = 1000000 (custom)
2019-09-20 08:52:07,772 [pool-27-thread-1] INFO  server.RaftServerConfigKeys (ConfUtils.java:logGet(43)) - raft.server.log.appender.buffer.byte-limit = 33554432 (custom)
2019-09-20 08:52:07,772 [pool-27-thread-1] INFO  server.RaftServerConfigKeys (ConfUtils.java:logGet(43)) - raft.server.log.segment.size.max = 1048576 (custom)
2019-09-20 08:52:07,772 [pool-27-thread-1] INFO  server.RaftServerConfigKeys (ConfUtils.java:logGet(43)) - raft.server.log.segment.cache.num.max = 2 (custom)
2019-09-20 08:52:07,772 [pool-27-thread-1] INFO  segmented.SegmentedRaftLogWorker (SegmentedRaftLogWorker.java:<init>(172)) - new 3b3ba6e7-bc1c-4c2c-a22e-347ee35d38bc-SegmentedRaftLogWorker:Storage Directory /workdir/hadoop-ozone/tools/target/test-dir/MiniOzoneClusterImpl-da4e238f-9df3-4b07-9cd3-d36e1b7a1734/datanode-0/data/ratis/469e888f-1f81-49e3-9fe0-f0d700a86957 for RaftStorage:Storage Directory /workdir/hadoop-ozone/tools/target/test-dir/MiniOzoneClusterImpl-da4e238f-9df3-4b07-9cd3-d36e1b7a1734/datanode-0/data/ratis/469e888f-1f81-49e3-9fe0-f0d700a86957
2019-09-20 08:52:07,772 [pool-27-thread-1] INFO  server.RaftServerConfigKeys (ConfUtils.java:logGet(43)) - raft.server.log.queue.byte-limit = 2147483647 (custom)
2019-09-20 08:52:07,772 [pool-27-thread-1] INFO  server.RaftServerConfigKeys (ConfUtils.java:logGet(43)) - raft.server.log.queue.element-limit = 1024 (custom)
2019-09-20 08:52:07,773 [pool-27-thread-1] INFO  server.RaftServerConfigKeys (ConfUtils.java:logGet(43)) - raft.server.log.segment.size.max = 1048576 (custom)
2019-09-20 08:52:07,773 [pool-27-thread-1] INFO  server.RaftServerConfigKeys (ConfUtils.java:logGet(43)) - raft.server.log.preallocated.size = 16384 (custom)
2019-09-20 08:52:07,773 [pool-27-thread-1] INFO  server.RaftServerConfigKeys (ConfUtils.java:logGet(43)) - raft.server.log.write.buffer.size = 33554432 (custom)
2019-09-20 08:52:07,773 [pool-27-thread-1] INFO  server.RaftServerConfigKeys (ConfUtils.java:logGet(43)) - raft.server.log.force.sync.num = 128 (default)
2019-09-20 08:52:07,773 [pool-27-thread-1] INFO  server.RaftServerConfigKeys (ConfUtils.java:logGet(43)) - raft.server.log.statemachine.data.sync = true (default)
2019-09-20 08:52:07,773 [pool-27-thread-1] INFO  server.RaftServerConfigKeys (ConfUtils.java:logGet(43)) - raft.server.log.statemachine.data.sync.timeout = 10s (default)
2019-09-20 08:52:07,774 [pool-27-thread-1] INFO  server.RaftServerConfigKeys (ConfUtils.java:logGet(43)) - raft.server.log.statemachine.data.sync.timeout.retry = -1 (default)
2019-09-20 08:52:07,774 [pool-27-thread-1] INFO  server.RaftServerConfigKeys (ConfUtils.java:logGet(43)) - raft.server.log.statemachine.data.caching.enabled = true (custom)
2019-09-20 08:52:07,774 [pool-27-thread-1] INFO  segmented.SegmentedRaftLogWorker (SegmentedRaftLogWorker.java:lambda$new$0(132)) - 3b3ba6e7-bc1c-4c2c-a22e-347ee35d38bc-SegmentedRaftLogWorker:Storage Directory /workdir/hadoop-ozone/tools/target/test-dir/MiniOzoneClusterImpl-da4e238f-9df3-4b07-9cd3-d36e1b7a1734/datanode-0/data/ratis/469e888f-1f81-49e3-9fe0-f0d700a86957: flushIndex: setUnconditionally 0 -> -1
2019-09-20 08:52:07,774 [pool-27-thread-1] INFO  server.RaftServerConfigKeys (ConfUtils.java:logGet(43)) - raft.server.snapshot.auto.trigger.enabled = true (custom)
2019-09-20 08:52:07,775 [pool-27-thread-1] INFO  server.RaftServerConfigKeys (ConfUtils.java:logGet(43)) - raft.server.snapshot.auto.trigger.threshold = 10000 (custom)
2019-09-20 08:52:07,775 [pool-27-thread-1] INFO  server.RaftServerConfigKeys (ConfUtils.java:logGet(43)) - raft.server.retrycache.expirytime = 600000ms (custom)
2019-09-20 08:52:07,775 [pool-27-thread-1] INFO  impl.RaftServerImpl (RaftServerImpl.java:start(180)) - 3b3ba6e7-bc1c-4c2c-a22e-347ee35d38bc: start group-F0D700A86957
2019-09-20 08:52:07,775 [pool-27-thread-1] INFO  impl.RaftServerImpl (RaftServerImpl.java:setRole(171)) - 3b3ba6e7-bc1c-4c2c-a22e-347ee35d38bc:group-F0D700A86957 changes role from null to FOLLOWER at term 0 for startAsFollower
2019-09-20 08:52:07,775 [pool-27-thread-1] INFO  impl.RoleInfo (RoleInfo.java:updateAndGet(143)) - 3b3ba6e7-bc1c-4c2c-a22e-347ee35d38bc: start FollowerState
2019-09-20 08:52:07,776 [pool-27-thread-1] INFO  util.JmxRegister (JmxRegister.java:tryRegister(44)) - Successfully registered JMX Bean with object name Ratis:service=RaftServer,group=group-F0D700A86957,id=3b3ba6e7-bc1c-4c2c-a22e-347ee35d38bc
2019-09-20 08:52:07,781 [RatisPipelineUtilsThread] INFO  pipeline.PipelineStateManager (PipelineStateManager.java:addPipeline(56)) - Created pipeline Pipeline[ Id: 469e888f-1f81-49e3-9fe0-f0d700a86957, Nodes: 3b3ba6e7-bc1c-4c2c-a22e-347ee35d38bc{ip: 192.168.36.79, host: pr-hdds-1569-s8kj2-2266485376, networkLocation: /default-rack, certSerialId: null}, Type:RATIS, Factor:ONE, State:OPEN]
2019-09-20 08:52:07,783 [RatisPipelineUtilsThread] INFO  pipeline.PipelinePlacementPolicy (PipelinePlacementPolicy.java:meetCriteria(91)) - Pipeline Placement: Doesn't meet the criteria to be viable node： f6ec089b-5516-4b64-9212-97eb604ab2a5 Heaviness: 6 limit: 5
2019-09-20 08:52:07,783 [RatisPipelineUtilsThread] INFO  pipeline.PipelinePlacementPolicy (PipelinePlacementPolicy.java:meetCriteria(91)) - Pipeline Placement: Doesn't meet the criteria to be viable node： 3b3ba6e7-bc1c-4c2c-a22e-347ee35d38bc Heaviness: 6 limit: 5
2019-09-20 08:52:07,783 [RatisPipelineUtilsThread] INFO  pipeline.PipelinePlacementPolicy (PipelinePlacementPolicy.java:meetCriteria(91)) - Pipeline Placement: Doesn't meet the criteria to be viable node： 44c728ea-0f6d-4328-96aa-117f098b9c99 Heaviness: 6 limit: 5
2019-09-20 08:52:07,792 [grpc-default-executor-0] INFO  impl.RaftServerProxy (RaftServerProxy.java:addNew(89)) - b94e02b2-da92-474d-abbd-fccabaa9f79e: addNew group-D00EBB75C235:[b94e02b2-da92-474d-abbd-fccabaa9f79e:192.168.36.79:36876] returns group-D00EBB75C235:java.util.concurrent.CompletableFuture@6c1e55ad[Not completed]
2019-09-20 08:52:07,795 [pool-38-thread-1] INFO  impl.RaftServerImpl (RaftServerImpl.java:<init>(93)) - b94e02b2-da92-474d-abbd-fccabaa9f79e: new RaftServerImpl for group-D00EBB75C235:[b94e02b2-da92-474d-abbd-fccabaa9f79e:192.168.36.79:36876] with ContainerStateMachine:uninitialized
2019-09-20 08:52:07,795 [pool-38-thread-1] INFO  server.RaftServerConfigKeys (ConfUtils.java:logGet(43)) - raft.server.rpc.timeout.min = 5s (custom)
2019-09-20 08:52:07,796 [pool-38-thread-1] INFO  server.RaftServerConfigKeys (ConfUtils.java:logGet(43)) - raft.server.rpc.timeout.max = 5200ms (custom)
2019-09-20 08:52:07,796 [pool-38-thread-1] INFO  server.RaftServerConfigKeys (ConfUtils.java:logGet(43)) - raft.server.rpcslowness.timeout = 120s (custom)
2019-09-20 08:52:07,796 [pool-38-thread-1] INFO  server.RaftServerConfigKeys (ConfUtils.java:logGet(43)) - raft.server.sleep.deviation.threshold = 300 (default)
2019-09-20 08:52:07,796 [pool-38-thread-1] INFO  server.RaftServerConfigKeys (ConfUtils.java:logGet(43)) - raft.server.log.appender.install.snapshot.enabled = false (custom)
2019-09-20 08:52:07,796 [pool-38-thread-1] INFO  impl.RaftServerImpl (ServerState.java:<init>(105)) - b94e02b2-da92-474d-abbd-fccabaa9f79e:group-D00EBB75C235 ConfigurationManager, init=-1: [b94e02b2-da92-474d-abbd-fccabaa9f79e:192.168.36.79:36876], old=null, confs=<EMPTY_MAP>
2019-09-20 08:52:07,797 [pool-38-thread-1] INFO  server.RaftServerConfigKeys (ConfUtils.java:logGet(43)) - raft.server.storage.dir = [/workdir/hadoop-ozone/tools/target/test-dir/MiniOzoneClusterImpl-da4e238f-9df3-4b07-9cd3-d36e1b7a1734/datanode-1/data/ratis] (custom)
2019-09-20 08:52:07,797 [pool-38-thread-1] INFO  storage.RaftStorageDirectory (RaftStorageDirectory.java:analyzeStorage(246)) - The storage directory /workdir/hadoop-ozone/tools/target/test-dir/MiniOzoneClusterImpl-da4e238f-9df3-4b07-9cd3-d36e1b7a1734/datanode-1/data/ratis/1117cfaf-665d-4d3e-957c-d00ebb75c235 does not exist. Creating ...
2019-09-20 08:52:07,829 [pool-38-thread-1] INFO  storage.RaftStorageDirectory (RaftStorageDirectory.java:tryLock(328)) - Lock on /workdir/hadoop-ozone/tools/target/test-dir/MiniOzoneClusterImpl-da4e238f-9df3-4b07-9cd3-d36e1b7a1734/datanode-1/data/ratis/1117cfaf-665d-4d3e-957c-d00ebb75c235/in_use.lock acquired by nodename 18156@pr-hdds-1569-s8kj2-2266485376
2019-09-20 08:52:07,855 [pool-38-thread-1] INFO  storage.RaftStorage (RaftStorage.java:format(72)) - Storage directory /workdir/hadoop-ozone/tools/target/test-dir/MiniOzoneClusterImpl-da4e238f-9df3-4b07-9cd3-d36e1b7a1734/datanode-1/data/ratis/1117cfaf-665d-4d3e-957c-d00ebb75c235 has been successfully formatted.
2019-09-20 08:52:07,855 [pool-38-thread-1] INFO  ratis.ContainerStateMachine (ContainerStateMachine.java:loadSnapshot(226)) - group-D00EBB75C235: The snapshot info is null. Setting the last applied indexto:(t:0, i:~)
2019-09-20 08:52:07,855 [pool-38-thread-1] INFO  server.RaftServerConfigKeys (ConfUtils.java:logGet(43)) - raft.server.leader.election.timeout = 120s (custom)
2019-09-20 08:52:07,855 [pool-38-thread-1] INFO  server.RaftServerConfigKeys (ConfUtils.java:logGet(43)) - raft.server.log.use.memory = false (default)
2019-09-20 08:52:07,856 [pool-38-thread-1] INFO  server.RaftServerConfigKeys (ConfUtils.java:logGet(43)) - raft.server.log.purge.gap = 1000000 (custom)
2019-09-20 08:52:07,856 [pool-38-thread-1] INFO  server.RaftServerConfigKeys (ConfUtils.java:logGet(43)) - raft.server.log.appender.buffer.byte-limit = 33554432 (custom)
2019-09-20 08:52:07,856 [pool-38-thread-1] INFO  server.RaftServerConfigKeys (ConfUtils.java:logGet(43)) - raft.server.log.segment.size.max = 1048576 (custom)
2019-09-20 08:52:07,856 [pool-38-thread-1] INFO  server.RaftServerConfigKeys (ConfUtils.java:logGet(43)) - raft.server.log.segment.cache.num.max = 2 (custom)
2019-09-20 08:52:07,856 [pool-38-thread-1] INFO  segmented.SegmentedRaftLogWorker (SegmentedRaftLogWorker.java:<init>(172)) - new b94e02b2-da92-474d-abbd-fccabaa9f79e-SegmentedRaftLogWorker:Storage Directory /workdir/hadoop-ozone/tools/target/test-dir/MiniOzoneClusterImpl-da4e238f-9df3-4b07-9cd3-d36e1b7a1734/datanode-1/data/ratis/1117cfaf-665d-4d3e-957c-d00ebb75c235 for RaftStorage:Storage Directory /workdir/hadoop-ozone/tools/target/test-dir/MiniOzoneClusterImpl-da4e238f-9df3-4b07-9cd3-d36e1b7a1734/datanode-1/data/ratis/1117cfaf-665d-4d3e-957c-d00ebb75c235
2019-09-20 08:52:07,856 [pool-38-thread-1] INFO  server.RaftServerConfigKeys (ConfUtils.java:logGet(43)) - raft.server.log.queue.byte-limit = 2147483647 (custom)
2019-09-20 08:52:07,857 [pool-38-thread-1] INFO  server.RaftServerConfigKeys (ConfUtils.java:logGet(43)) - raft.server.log.queue.element-limit = 1024 (custom)
2019-09-20 08:52:07,857 [pool-38-thread-1] INFO  server.RaftServerConfigKeys (ConfUtils.java:logGet(43)) - raft.server.log.segment.size.max = 1048576 (custom)
2019-09-20 08:52:07,857 [pool-38-thread-1] INFO  server.RaftServerConfigKeys (ConfUtils.java:logGet(43)) - raft.server.log.preallocated.size = 16384 (custom)
2019-09-20 08:52:07,857 [pool-38-thread-1] INFO  server.RaftServerConfigKeys (ConfUtils.java:logGet(43)) - raft.server.log.write.buffer.size = 33554432 (custom)
2019-09-20 08:52:07,857 [pool-38-thread-1] INFO  server.RaftServerConfigKeys (ConfUtils.java:logGet(43)) - raft.server.log.force.sync.num = 128 (default)
2019-09-20 08:52:07,857 [pool-38-thread-1] INFO  server.RaftServerConfigKeys (ConfUtils.java:logGet(43)) - raft.server.log.statemachine.data.sync = true (default)
2019-09-20 08:52:07,858 [pool-38-thread-1] INFO  server.RaftServerConfigKeys (ConfUtils.java:logGet(43)) - raft.server.log.statemachine.data.sync.timeout = 10s (default)
2019-09-20 08:52:07,858 [pool-38-thread-1] INFO  server.RaftServerConfigKeys (ConfUtils.java:logGet(43)) - raft.server.log.statemachine.data.sync.timeout.retry = -1 (default)
2019-09-20 08:52:07,858 [pool-38-thread-1] INFO  server.RaftServerConfigKeys (ConfUtils.java:logGet(43)) - raft.server.log.statemachine.data.caching.enabled = true (custom)
2019-09-20 08:52:07,858 [pool-38-thread-1] INFO  segmented.SegmentedRaftLogWorker (SegmentedRaftLogWorker.java:lambda$new$0(132)) - b94e02b2-da92-474d-abbd-fccabaa9f79e-SegmentedRaftLogWorker:Storage Directory /workdir/hadoop-ozone/tools/target/test-dir/MiniOzoneClusterImpl-da4e238f-9df3-4b07-9cd3-d36e1b7a1734/datanode-1/data/ratis/1117cfaf-665d-4d3e-957c-d00ebb75c235: flushIndex: setUnconditionally 0 -> -1
2019-09-20 08:52:07,859 [pool-38-thread-1] INFO  server.RaftServerConfigKeys (ConfUtils.java:logGet(43)) - raft.server.snapshot.auto.trigger.enabled = true (custom)
2019-09-20 08:52:07,859 [pool-38-thread-1] INFO  server.RaftServerConfigKeys (ConfUtils.java:logGet(43)) - raft.server.snapshot.auto.trigger.threshold = 10000 (custom)
2019-09-20 08:52:07,859 [pool-38-thread-1] INFO  server.RaftServerConfigKeys (ConfUtils.java:logGet(43)) - raft.server.retrycache.expirytime = 600000ms (custom)
2019-09-20 08:52:07,859 [pool-38-thread-1] INFO  impl.RaftServerImpl (RaftServerImpl.java:start(180)) - b94e02b2-da92-474d-abbd-fccabaa9f79e: start group-D00EBB75C235
2019-09-20 08:52:07,859 [pool-38-thread-1] INFO  impl.RaftServerImpl (RaftServerImpl.java:setRole(171)) - b94e02b2-da92-474d-abbd-fccabaa9f79e:group-D00EBB75C235 changes role from null to FOLLOWER at term 0 for startAsFollower
2019-09-20 08:52:07,859 [pool-38-thread-1] INFO  impl.RoleInfo (RoleInfo.java:updateAndGet(143)) - b94e02b2-da92-474d-abbd-fccabaa9f79e: start FollowerState
2019-09-20 08:52:07,860 [pool-38-thread-1] INFO  util.JmxRegister (JmxRegister.java:tryRegister(44)) - Successfully registered JMX Bean with object name Ratis:service=RaftServer,group=group-D00EBB75C235,id=b94e02b2-da92-474d-abbd-fccabaa9f79e
2019-09-20 08:52:07,865 [RatisPipelineUtilsThread] INFO  pipeline.PipelineStateManager (PipelineStateManager.java:addPipeline(56)) - Created pipeline Pipeline[ Id: 1117cfaf-665d-4d3e-957c-d00ebb75c235, Nodes: b94e02b2-da92-474d-abbd-fccabaa9f79e{ip: 192.168.36.79, host: pr-hdds-1569-s8kj2-2266485376, networkLocation: /default-rack, certSerialId: null}, Type:RATIS, Factor:ONE, State:OPEN]
2019-09-20 08:52:07,867 [RatisPipelineUtilsThread] INFO  pipeline.PipelinePlacementPolicy (PipelinePlacementPolicy.java:meetCriteria(91)) - Pipeline Placement: Doesn't meet the criteria to be viable node： f6ec089b-5516-4b64-9212-97eb604ab2a5 Heaviness: 6 limit: 5
2019-09-20 08:52:07,867 [RatisPipelineUtilsThread] INFO  pipeline.PipelinePlacementPolicy (PipelinePlacementPolicy.java:meetCriteria(91)) - Pipeline Placement: Doesn't meet the criteria to be viable node： 3b3ba6e7-bc1c-4c2c-a22e-347ee35d38bc Heaviness: 6 limit: 5
2019-09-20 08:52:07,867 [RatisPipelineUtilsThread] INFO  pipeline.PipelinePlacementPolicy (PipelinePlacementPolicy.java:meetCriteria(91)) - Pipeline Placement: Doesn't meet the criteria to be viable node： 44c728ea-0f6d-4328-96aa-117f098b9c99 Heaviness: 6 limit: 5
2019-09-20 08:52:07,876 [grpc-default-executor-0] INFO  impl.RaftServerProxy (RaftServerProxy.java:addNew(89)) - 2ddefaab-8349-47ab-a504-e432f9d495c5: addNew group-3B3C08469AF5:[2ddefaab-8349-47ab-a504-e432f9d495c5:192.168.36.79:39000] returns group-3B3C08469AF5:java.util.concurrent.CompletableFuture@232af8b9[Not completed]
2019-09-20 08:52:07,878 [pool-71-thread-1] INFO  impl.RaftServerImpl (RaftServerImpl.java:<init>(93)) - 2ddefaab-8349-47ab-a504-e432f9d495c5: new RaftServerImpl for group-3B3C08469AF5:[2ddefaab-8349-47ab-a504-e432f9d495c5:192.168.36.79:39000] with ContainerStateMachine:uninitialized
2019-09-20 08:52:07,878 [pool-71-thread-1] INFO  server.RaftServerConfigKeys (ConfUtils.java:logGet(43)) - raft.server.rpc.timeout.min = 5s (custom)
2019-09-20 08:52:07,878 [pool-71-thread-1] INFO  server.RaftServerConfigKeys (ConfUtils.java:logGet(43)) - raft.server.rpc.timeout.max = 5200ms (custom)
2019-09-20 08:52:07,878 [pool-71-thread-1] INFO  server.RaftServerConfigKeys (ConfUtils.java:logGet(43)) - raft.server.rpcslowness.timeout = 120s (custom)
2019-09-20 08:52:07,878 [pool-71-thread-1] INFO  server.RaftServerConfigKeys (ConfUtils.java:logGet(43)) - raft.server.sleep.deviation.threshold = 300 (default)
2019-09-20 08:52:07,879 [pool-71-thread-1] INFO  server.RaftServerConfigKeys (ConfUtils.java:logGet(43)) - raft.server.log.appender.install.snapshot.enabled = false (custom)
2019-09-20 08:52:07,879 [pool-71-thread-1] INFO  impl.RaftServerImpl (ServerState.java:<init>(105)) - 2ddefaab-8349-47ab-a504-e432f9d495c5:group-3B3C08469AF5 ConfigurationManager, init=-1: [2ddefaab-8349-47ab-a504-e432f9d495c5:192.168.36.79:39000], old=null, confs=<EMPTY_MAP>
2019-09-20 08:52:07,879 [pool-71-thread-1] INFO  server.RaftServerConfigKeys (ConfUtils.java:logGet(43)) - raft.server.storage.dir = [/workdir/hadoop-ozone/tools/target/test-dir/MiniOzoneClusterImpl-da4e238f-9df3-4b07-9cd3-d36e1b7a1734/datanode-4/data/ratis] (custom)
2019-09-20 08:52:07,879 [pool-71-thread-1] INFO  storage.RaftStorageDirectory (RaftStorageDirectory.java:analyzeStorage(246)) - The storage directory /workdir/hadoop-ozone/tools/target/test-dir/MiniOzoneClusterImpl-da4e238f-9df3-4b07-9cd3-d36e1b7a1734/datanode-4/data/ratis/938339bc-c14f-419e-b14f-3b3c08469af5 does not exist. Creating ...
2019-09-20 08:52:07,889 | INFO  | SCMAudit | user=jenkins1000 | ip=192.168.36.79 | op=SEND_HEARTBEAT {datanodeUUID=3b3ba6e7-bc1c-4c2c-a22e-347ee35d38bc, command=[]} | ret=SUCCESS |  
2019-09-20 08:52:07,905 [pool-71-thread-1] INFO  storage.RaftStorageDirectory (RaftStorageDirectory.java:tryLock(328)) - Lock on /workdir/hadoop-ozone/tools/target/test-dir/MiniOzoneClusterImpl-da4e238f-9df3-4b07-9cd3-d36e1b7a1734/datanode-4/data/ratis/938339bc-c14f-419e-b14f-3b3c08469af5/in_use.lock acquired by nodename 18156@pr-hdds-1569-s8kj2-2266485376
2019-09-20 08:52:07,931 [pool-71-thread-1] INFO  storage.RaftStorage (RaftStorage.java:format(72)) - Storage directory /workdir/hadoop-ozone/tools/target/test-dir/MiniOzoneClusterImpl-da4e238f-9df3-4b07-9cd3-d36e1b7a1734/datanode-4/data/ratis/938339bc-c14f-419e-b14f-3b3c08469af5 has been successfully formatted.
2019-09-20 08:52:07,931 [pool-71-thread-1] INFO  ratis.ContainerStateMachine (ContainerStateMachine.java:loadSnapshot(226)) - group-3B3C08469AF5: The snapshot info is null. Setting the last applied indexto:(t:0, i:~)
2019-09-20 08:52:07,932 [pool-71-thread-1] INFO  server.RaftServerConfigKeys (ConfUtils.java:logGet(43)) - raft.server.leader.election.timeout = 120s (custom)
2019-09-20 08:52:07,932 [pool-71-thread-1] INFO  server.RaftServerConfigKeys (ConfUtils.java:logGet(43)) - raft.server.log.use.memory = false (default)
2019-09-20 08:52:07,932 [pool-71-thread-1] INFO  server.RaftServerConfigKeys (ConfUtils.java:logGet(43)) - raft.server.log.purge.gap = 1000000 (custom)
2019-09-20 08:52:07,932 [pool-71-thread-1] INFO  server.RaftServerConfigKeys (ConfUtils.java:logGet(43)) - raft.server.log.appender.buffer.byte-limit = 33554432 (custom)
2019-09-20 08:52:07,932 [pool-71-thread-1] INFO  server.RaftServerConfigKeys (ConfUtils.java:logGet(43)) - raft.server.log.segment.size.max = 1048576 (custom)
2019-09-20 08:52:07,932 [pool-71-thread-1] INFO  server.RaftServerConfigKeys (ConfUtils.java:logGet(43)) - raft.server.log.segment.cache.num.max = 2 (custom)
2019-09-20 08:52:07,932 [pool-71-thread-1] INFO  segmented.SegmentedRaftLogWorker (SegmentedRaftLogWorker.java:<init>(172)) - new 2ddefaab-8349-47ab-a504-e432f9d495c5-SegmentedRaftLogWorker:Storage Directory /workdir/hadoop-ozone/tools/target/test-dir/MiniOzoneClusterImpl-da4e238f-9df3-4b07-9cd3-d36e1b7a1734/datanode-4/data/ratis/938339bc-c14f-419e-b14f-3b3c08469af5 for RaftStorage:Storage Directory /workdir/hadoop-ozone/tools/target/test-dir/MiniOzoneClusterImpl-da4e238f-9df3-4b07-9cd3-d36e1b7a1734/datanode-4/data/ratis/938339bc-c14f-419e-b14f-3b3c08469af5
2019-09-20 08:52:07,933 [pool-71-thread-1] INFO  server.RaftServerConfigKeys (ConfUtils.java:logGet(43)) - raft.server.log.queue.byte-limit = 2147483647 (custom)
2019-09-20 08:52:07,933 [pool-71-thread-1] INFO  server.RaftServerConfigKeys (ConfUtils.java:logGet(43)) - raft.server.log.queue.element-limit = 1024 (custom)
2019-09-20 08:52:07,933 [pool-71-thread-1] INFO  server.RaftServerConfigKeys (ConfUtils.java:logGet(43)) - raft.server.log.segment.size.max = 1048576 (custom)
2019-09-20 08:52:07,933 [pool-71-thread-1] INFO  server.RaftServerConfigKeys (ConfUtils.java:logGet(43)) - raft.server.log.preallocated.size = 16384 (custom)
2019-09-20 08:52:07,933 [pool-71-thread-1] INFO  server.RaftServerConfigKeys (ConfUtils.java:logGet(43)) - raft.server.log.write.buffer.size = 33554432 (custom)
2019-09-20 08:52:07,933 [pool-71-thread-1] INFO  server.RaftServerConfigKeys (ConfUtils.java:logGet(43)) - raft.server.log.force.sync.num = 128 (default)
2019-09-20 08:52:07,934 [pool-71-thread-1] INFO  server.RaftServerConfigKeys (ConfUtils.java:logGet(43)) - raft.server.log.statemachine.data.sync = true (default)
2019-09-20 08:52:07,934 [pool-71-thread-1] INFO  server.RaftServerConfigKeys (ConfUtils.java:logGet(43)) - raft.server.log.statemachine.data.sync.timeout = 10s (default)
2019-09-20 08:52:07,934 [pool-71-thread-1] INFO  server.RaftServerConfigKeys (ConfUtils.java:logGet(43)) - raft.server.log.statemachine.data.sync.timeout.retry = -1 (default)
2019-09-20 08:52:07,934 [pool-71-thread-1] INFO  server.RaftServerConfigKeys (ConfUtils.java:logGet(43)) - raft.server.log.statemachine.data.caching.enabled = true (custom)
2019-09-20 08:52:07,934 [pool-71-thread-1] INFO  segmented.SegmentedRaftLogWorker (SegmentedRaftLogWorker.java:lambda$new$0(132)) - 2ddefaab-8349-47ab-a504-e432f9d495c5-SegmentedRaftLogWorker:Storage Directory /workdir/hadoop-ozone/tools/target/test-dir/MiniOzoneClusterImpl-da4e238f-9df3-4b07-9cd3-d36e1b7a1734/datanode-4/data/ratis/938339bc-c14f-419e-b14f-3b3c08469af5: flushIndex: setUnconditionally 0 -> -1
2019-09-20 08:52:07,935 [pool-71-thread-1] INFO  server.RaftServerConfigKeys (ConfUtils.java:logGet(43)) - raft.server.snapshot.auto.trigger.enabled = true (custom)
2019-09-20 08:52:07,935 [pool-71-thread-1] INFO  server.RaftServerConfigKeys (ConfUtils.java:logGet(43)) - raft.server.snapshot.auto.trigger.threshold = 10000 (custom)
2019-09-20 08:52:07,935 [pool-71-thread-1] INFO  server.RaftServerConfigKeys (ConfUtils.java:logGet(43)) - raft.server.retrycache.expirytime = 600000ms (custom)
2019-09-20 08:52:07,935 [pool-71-thread-1] INFO  impl.RaftServerImpl (RaftServerImpl.java:start(180)) - 2ddefaab-8349-47ab-a504-e432f9d495c5: start group-3B3C08469AF5
2019-09-20 08:52:07,935 [pool-71-thread-1] INFO  impl.RaftServerImpl (RaftServerImpl.java:setRole(171)) - 2ddefaab-8349-47ab-a504-e432f9d495c5:group-3B3C08469AF5 changes role from null to FOLLOWER at term 0 for startAsFollower
2019-09-20 08:52:07,936 [pool-71-thread-1] INFO  impl.RoleInfo (RoleInfo.java:updateAndGet(143)) - 2ddefaab-8349-47ab-a504-e432f9d495c5: start FollowerState
2019-09-20 08:52:07,936 [pool-71-thread-1] INFO  util.JmxRegister (JmxRegister.java:tryRegister(44)) - Successfully registered JMX Bean with object name Ratis:service=RaftServer,group=group-3B3C08469AF5,id=2ddefaab-8349-47ab-a504-e432f9d495c5
2019-09-20 08:52:07,942 [RatisPipelineUtilsThread] INFO  pipeline.PipelineStateManager (PipelineStateManager.java:addPipeline(56)) - Created pipeline Pipeline[ Id: 938339bc-c14f-419e-b14f-3b3c08469af5, Nodes: 2ddefaab-8349-47ab-a504-e432f9d495c5{ip: 192.168.36.79, host: pr-hdds-1569-s8kj2-2266485376, networkLocation: /default-rack, certSerialId: null}, Type:RATIS, Factor:ONE, State:OPEN]
2019-09-20 08:52:07,944 [RatisPipelineUtilsThread] INFO  pipeline.PipelinePlacementPolicy (PipelinePlacementPolicy.java:meetCriteria(91)) - Pipeline Placement: Doesn't meet the criteria to be viable node： f6ec089b-5516-4b64-9212-97eb604ab2a5 Heaviness: 6 limit: 5
2019-09-20 08:52:07,944 [RatisPipelineUtilsThread] INFO  pipeline.PipelinePlacementPolicy (PipelinePlacementPolicy.java:meetCriteria(91)) - Pipeline Placement: Doesn't meet the criteria to be viable node： 3b3ba6e7-bc1c-4c2c-a22e-347ee35d38bc Heaviness: 6 limit: 5
2019-09-20 08:52:07,944 [RatisPipelineUtilsThread] INFO  pipeline.PipelinePlacementPolicy (PipelinePlacementPolicy.java:meetCriteria(91)) - Pipeline Placement: Doesn't meet the criteria to be viable node： 44c728ea-0f6d-4328-96aa-117f098b9c99 Heaviness: 6 limit: 5
2019-09-20 08:52:07,954 [grpc-default-executor-0] INFO  impl.RaftServerProxy (RaftServerProxy.java:addNew(89)) - b94e02b2-da92-474d-abbd-fccabaa9f79e: addNew group-A357E985B3DC:[b94e02b2-da92-474d-abbd-fccabaa9f79e:192.168.36.79:36876] returns group-A357E985B3DC:java.util.concurrent.CompletableFuture@e68df94[Not completed]
2019-09-20 08:52:07,956 [pool-38-thread-1] INFO  impl.RaftServerImpl (RaftServerImpl.java:<init>(93)) - b94e02b2-da92-474d-abbd-fccabaa9f79e: new RaftServerImpl for group-A357E985B3DC:[b94e02b2-da92-474d-abbd-fccabaa9f79e:192.168.36.79:36876] with ContainerStateMachine:uninitialized
2019-09-20 08:52:07,956 [pool-38-thread-1] INFO  server.RaftServerConfigKeys (ConfUtils.java:logGet(43)) - raft.server.rpc.timeout.min = 5s (custom)
2019-09-20 08:52:07,957 [pool-38-thread-1] INFO  server.RaftServerConfigKeys (ConfUtils.java:logGet(43)) - raft.server.rpc.timeout.max = 5200ms (custom)
2019-09-20 08:52:07,957 [pool-38-thread-1] INFO  server.RaftServerConfigKeys (ConfUtils.java:logGet(43)) - raft.server.rpcslowness.timeout = 120s (custom)
2019-09-20 08:52:07,957 [pool-38-thread-1] INFO  server.RaftServerConfigKeys (ConfUtils.java:logGet(43)) - raft.server.sleep.deviation.threshold = 300 (default)
2019-09-20 08:52:07,957 [pool-38-thread-1] INFO  server.RaftServerConfigKeys (ConfUtils.java:logGet(43)) - raft.server.log.appender.install.snapshot.enabled = false (custom)
2019-09-20 08:52:07,957 [pool-38-thread-1] INFO  impl.RaftServerImpl (ServerState.java:<init>(105)) - b94e02b2-da92-474d-abbd-fccabaa9f79e:group-A357E985B3DC ConfigurationManager, init=-1: [b94e02b2-da92-474d-abbd-fccabaa9f79e:192.168.36.79:36876], old=null, confs=<EMPTY_MAP>
2019-09-20 08:52:07,957 [pool-38-thread-1] INFO  server.RaftServerConfigKeys (ConfUtils.java:logGet(43)) - raft.server.storage.dir = [/workdir/hadoop-ozone/tools/target/test-dir/MiniOzoneClusterImpl-da4e238f-9df3-4b07-9cd3-d36e1b7a1734/datanode-1/data/ratis] (custom)
2019-09-20 08:52:07,958 [pool-38-thread-1] INFO  storage.RaftStorageDirectory (RaftStorageDirectory.java:analyzeStorage(246)) - The storage directory /workdir/hadoop-ozone/tools/target/test-dir/MiniOzoneClusterImpl-da4e238f-9df3-4b07-9cd3-d36e1b7a1734/datanode-1/data/ratis/d76a5587-9561-4d72-9814-a357e985b3dc does not exist. Creating ...
2019-09-20 08:52:07,963 | INFO  | SCMAudit | user=jenkins1000 | ip=192.168.36.79 | op=SEND_HEARTBEAT {datanodeUUID=f6ec089b-5516-4b64-9212-97eb604ab2a5, command=[]} | ret=SUCCESS |  
2019-09-20 08:52:07,989 [pool-38-thread-1] INFO  storage.RaftStorageDirectory (RaftStorageDirectory.java:tryLock(328)) - Lock on /workdir/hadoop-ozone/tools/target/test-dir/MiniOzoneClusterImpl-da4e238f-9df3-4b07-9cd3-d36e1b7a1734/datanode-1/data/ratis/d76a5587-9561-4d72-9814-a357e985b3dc/in_use.lock acquired by nodename 18156@pr-hdds-1569-s8kj2-2266485376
2019-09-20 08:52:07,994 | INFO  | SCMAudit | user=jenkins1000 | ip=192.168.36.79 | op=SEND_HEARTBEAT {datanodeUUID=2ddefaab-8349-47ab-a504-e432f9d495c5, command=[]} | ret=SUCCESS |  
2019-09-20 08:52:08,015 [pool-38-thread-1] INFO  storage.RaftStorage (RaftStorage.java:format(72)) - Storage directory /workdir/hadoop-ozone/tools/target/test-dir/MiniOzoneClusterImpl-da4e238f-9df3-4b07-9cd3-d36e1b7a1734/datanode-1/data/ratis/d76a5587-9561-4d72-9814-a357e985b3dc has been successfully formatted.
2019-09-20 08:52:08,015 [pool-38-thread-1] INFO  ratis.ContainerStateMachine (ContainerStateMachine.java:loadSnapshot(226)) - group-A357E985B3DC: The snapshot info is null. Setting the last applied indexto:(t:0, i:~)
2019-09-20 08:52:08,015 [pool-38-thread-1] INFO  server.RaftServerConfigKeys (ConfUtils.java:logGet(43)) - raft.server.leader.election.timeout = 120s (custom)
2019-09-20 08:52:08,016 [pool-38-thread-1] INFO  server.RaftServerConfigKeys (ConfUtils.java:logGet(43)) - raft.server.log.use.memory = false (default)
2019-09-20 08:52:08,016 [pool-38-thread-1] INFO  server.RaftServerConfigKeys (ConfUtils.java:logGet(43)) - raft.server.log.purge.gap = 1000000 (custom)
2019-09-20 08:52:08,016 [pool-38-thread-1] INFO  server.RaftServerConfigKeys (ConfUtils.java:logGet(43)) - raft.server.log.appender.buffer.byte-limit = 33554432 (custom)
2019-09-20 08:52:08,016 [pool-38-thread-1] INFO  server.RaftServerConfigKeys (ConfUtils.java:logGet(43)) - raft.server.log.segment.size.max = 1048576 (custom)
2019-09-20 08:52:08,017 [pool-38-thread-1] INFO  server.RaftServerConfigKeys (ConfUtils.java:logGet(43)) - raft.server.log.segment.cache.num.max = 2 (custom)
2019-09-20 08:52:08,017 [pool-38-thread-1] INFO  segmented.SegmentedRaftLogWorker (SegmentedRaftLogWorker.java:<init>(172)) - new b94e02b2-da92-474d-abbd-fccabaa9f79e-SegmentedRaftLogWorker:Storage Directory /workdir/hadoop-ozone/tools/target/test-dir/MiniOzoneClusterImpl-da4e238f-9df3-4b07-9cd3-d36e1b7a1734/datanode-1/data/ratis/d76a5587-9561-4d72-9814-a357e985b3dc for RaftStorage:Storage Directory /workdir/hadoop-ozone/tools/target/test-dir/MiniOzoneClusterImpl-da4e238f-9df3-4b07-9cd3-d36e1b7a1734/datanode-1/data/ratis/d76a5587-9561-4d72-9814-a357e985b3dc
2019-09-20 08:52:08,017 [pool-38-thread-1] INFO  server.RaftServerConfigKeys (ConfUtils.java:logGet(43)) - raft.server.log.queue.byte-limit = 2147483647 (custom)
2019-09-20 08:52:08,017 [pool-38-thread-1] INFO  server.RaftServerConfigKeys (ConfUtils.java:logGet(43)) - raft.server.log.queue.element-limit = 1024 (custom)
2019-09-20 08:52:08,017 [pool-38-thread-1] INFO  server.RaftServerConfigKeys (ConfUtils.java:logGet(43)) - raft.server.log.segment.size.max = 1048576 (custom)
2019-09-20 08:52:08,018 [pool-38-thread-1] INFO  server.RaftServerConfigKeys (ConfUtils.java:logGet(43)) - raft.server.log.preallocated.size = 16384 (custom)
2019-09-20 08:52:08,018 [pool-38-thread-1] INFO  server.RaftServerConfigKeys (ConfUtils.java:logGet(43)) - raft.server.log.write.buffer.size = 33554432 (custom)
2019-09-20 08:52:08,018 [pool-38-thread-1] INFO  server.RaftServerConfigKeys (ConfUtils.java:logGet(43)) - raft.server.log.force.sync.num = 128 (default)
2019-09-20 08:52:08,018 [pool-38-thread-1] INFO  server.RaftServerConfigKeys (ConfUtils.java:logGet(43)) - raft.server.log.statemachine.data.sync = true (default)
2019-09-20 08:52:08,018 [pool-38-thread-1] INFO  server.RaftServerConfigKeys (ConfUtils.java:logGet(43)) - raft.server.log.statemachine.data.sync.timeout = 10s (default)
2019-09-20 08:52:08,018 [pool-38-thread-1] INFO  server.RaftServerConfigKeys (ConfUtils.java:logGet(43)) - raft.server.log.statemachine.data.sync.timeout.retry = -1 (default)
2019-09-20 08:52:08,019 [pool-38-thread-1] INFO  server.RaftServerConfigKeys (ConfUtils.java:logGet(43)) - raft.server.log.statemachine.data.caching.enabled = true (custom)
2019-09-20 08:52:08,019 [pool-38-thread-1] INFO  segmented.SegmentedRaftLogWorker (SegmentedRaftLogWorker.java:lambda$new$0(132)) - b94e02b2-da92-474d-abbd-fccabaa9f79e-SegmentedRaftLogWorker:Storage Directory /workdir/hadoop-ozone/tools/target/test-dir/MiniOzoneClusterImpl-da4e238f-9df3-4b07-9cd3-d36e1b7a1734/datanode-1/data/ratis/d76a5587-9561-4d72-9814-a357e985b3dc: flushIndex: setUnconditionally 0 -> -1
2019-09-20 08:52:08,020 [pool-38-thread-1] INFO  server.RaftServerConfigKeys (ConfUtils.java:logGet(43)) - raft.server.snapshot.auto.trigger.enabled = true (custom)
2019-09-20 08:52:08,020 [pool-38-thread-1] INFO  server.RaftServerConfigKeys (ConfUtils.java:logGet(43)) - raft.server.snapshot.auto.trigger.threshold = 10000 (custom)
2019-09-20 08:52:08,020 [pool-38-thread-1] INFO  server.RaftServerConfigKeys (ConfUtils.java:logGet(43)) - raft.server.retrycache.expirytime = 600000ms (custom)
2019-09-20 08:52:08,020 [pool-38-thread-1] INFO  impl.RaftServerImpl (RaftServerImpl.java:start(180)) - b94e02b2-da92-474d-abbd-fccabaa9f79e: start group-A357E985B3DC
2019-09-20 08:52:08,021 [pool-38-thread-1] INFO  impl.RaftServerImpl (RaftServerImpl.java:setRole(171)) - b94e02b2-da92-474d-abbd-fccabaa9f79e:group-A357E985B3DC changes role from null to FOLLOWER at term 0 for startAsFollower
2019-09-20 08:52:08,021 [pool-38-thread-1] INFO  impl.RoleInfo (RoleInfo.java:updateAndGet(143)) - b94e02b2-da92-474d-abbd-fccabaa9f79e: start FollowerState
2019-09-20 08:52:08,021 [pool-38-thread-1] INFO  util.JmxRegister (JmxRegister.java:tryRegister(44)) - Successfully registered JMX Bean with object name Ratis:service=RaftServer,group=group-A357E985B3DC,id=b94e02b2-da92-474d-abbd-fccabaa9f79e
2019-09-20 08:52:08,029 [RatisPipelineUtilsThread] INFO  pipeline.PipelineStateManager (PipelineStateManager.java:addPipeline(56)) - Created pipeline Pipeline[ Id: d76a5587-9561-4d72-9814-a357e985b3dc, Nodes: b94e02b2-da92-474d-abbd-fccabaa9f79e{ip: 192.168.36.79, host: pr-hdds-1569-s8kj2-2266485376, networkLocation: /default-rack, certSerialId: null}, Type:RATIS, Factor:ONE, State:OPEN]
2019-09-20 08:52:08,031 [RatisPipelineUtilsThread] INFO  pipeline.PipelinePlacementPolicy (PipelinePlacementPolicy.java:meetCriteria(91)) - Pipeline Placement: Doesn't meet the criteria to be viable node： b94e02b2-da92-474d-abbd-fccabaa9f79e Heaviness: 6 limit: 5
2019-09-20 08:52:08,031 [RatisPipelineUtilsThread] INFO  pipeline.PipelinePlacementPolicy (PipelinePlacementPolicy.java:meetCriteria(91)) - Pipeline Placement: Doesn't meet the criteria to be viable node： f6ec089b-5516-4b64-9212-97eb604ab2a5 Heaviness: 6 limit: 5
2019-09-20 08:52:08,031 [RatisPipelineUtilsThread] INFO  pipeline.PipelinePlacementPolicy (PipelinePlacementPolicy.java:meetCriteria(91)) - Pipeline Placement: Doesn't meet the criteria to be viable node： 3b3ba6e7-bc1c-4c2c-a22e-347ee35d38bc Heaviness: 6 limit: 5
2019-09-20 08:52:08,031 [RatisPipelineUtilsThread] INFO  pipeline.PipelinePlacementPolicy (PipelinePlacementPolicy.java:meetCriteria(91)) - Pipeline Placement: Doesn't meet the criteria to be viable node： 44c728ea-0f6d-4328-96aa-117f098b9c99 Heaviness: 6 limit: 5
2019-09-20 08:52:08,043 [grpc-default-executor-0] INFO  impl.RaftServerProxy (RaftServerProxy.java:addNew(89)) - 2ddefaab-8349-47ab-a504-e432f9d495c5: addNew group-2D007E88E1E1:[2ddefaab-8349-47ab-a504-e432f9d495c5:192.168.36.79:39000] returns group-2D007E88E1E1:java.util.concurrent.CompletableFuture@1013e82b[Not completed]
2019-09-20 08:52:08,045 [pool-71-thread-1] INFO  impl.RaftServerImpl (RaftServerImpl.java:<init>(93)) - 2ddefaab-8349-47ab-a504-e432f9d495c5: new RaftServerImpl for group-2D007E88E1E1:[2ddefaab-8349-47ab-a504-e432f9d495c5:192.168.36.79:39000] with ContainerStateMachine:uninitialized
2019-09-20 08:52:08,045 [pool-71-thread-1] INFO  server.RaftServerConfigKeys (ConfUtils.java:logGet(43)) - raft.server.rpc.timeout.min = 5s (custom)
2019-09-20 08:52:08,045 [pool-71-thread-1] INFO  server.RaftServerConfigKeys (ConfUtils.java:logGet(43)) - raft.server.rpc.timeout.max = 5200ms (custom)
2019-09-20 08:52:08,045 [pool-71-thread-1] INFO  server.RaftServerConfigKeys (ConfUtils.java:logGet(43)) - raft.server.rpcslowness.timeout = 120s (custom)
2019-09-20 08:52:08,046 [pool-71-thread-1] INFO  server.RaftServerConfigKeys (ConfUtils.java:logGet(43)) - raft.server.sleep.deviation.threshold = 300 (default)
2019-09-20 08:52:08,046 [pool-71-thread-1] INFO  server.RaftServerConfigKeys (ConfUtils.java:logGet(43)) - raft.server.log.appender.install.snapshot.enabled = false (custom)
2019-09-20 08:52:08,046 [pool-71-thread-1] INFO  impl.RaftServerImpl (ServerState.java:<init>(105)) - 2ddefaab-8349-47ab-a504-e432f9d495c5:group-2D007E88E1E1 ConfigurationManager, init=-1: [2ddefaab-8349-47ab-a504-e432f9d495c5:192.168.36.79:39000], old=null, confs=<EMPTY_MAP>
2019-09-20 08:52:08,046 [pool-71-thread-1] INFO  server.RaftServerConfigKeys (ConfUtils.java:logGet(43)) - raft.server.storage.dir = [/workdir/hadoop-ozone/tools/target/test-dir/MiniOzoneClusterImpl-da4e238f-9df3-4b07-9cd3-d36e1b7a1734/datanode-4/data/ratis] (custom)
2019-09-20 08:52:08,047 [pool-71-thread-1] INFO  storage.RaftStorageDirectory (RaftStorageDirectory.java:analyzeStorage(246)) - The storage directory /workdir/hadoop-ozone/tools/target/test-dir/MiniOzoneClusterImpl-da4e238f-9df3-4b07-9cd3-d36e1b7a1734/datanode-4/data/ratis/bfb4049b-bb8d-4568-9a5b-2d007e88e1e1 does not exist. Creating ...
2019-09-20 08:52:08,090 [pool-71-thread-1] INFO  storage.RaftStorageDirectory (RaftStorageDirectory.java:tryLock(328)) - Lock on /workdir/hadoop-ozone/tools/target/test-dir/MiniOzoneClusterImpl-da4e238f-9df3-4b07-9cd3-d36e1b7a1734/datanode-4/data/ratis/bfb4049b-bb8d-4568-9a5b-2d007e88e1e1/in_use.lock acquired by nodename 18156@pr-hdds-1569-s8kj2-2266485376
2019-09-20 08:52:08,115 [pool-71-thread-1] INFO  storage.RaftStorage (RaftStorage.java:format(72)) - Storage directory /workdir/hadoop-ozone/tools/target/test-dir/MiniOzoneClusterImpl-da4e238f-9df3-4b07-9cd3-d36e1b7a1734/datanode-4/data/ratis/bfb4049b-bb8d-4568-9a5b-2d007e88e1e1 has been successfully formatted.
2019-09-20 08:52:08,116 [pool-71-thread-1] INFO  ratis.ContainerStateMachine (ContainerStateMachine.java:loadSnapshot(226)) - group-2D007E88E1E1: The snapshot info is null. Setting the last applied indexto:(t:0, i:~)
2019-09-20 08:52:08,116 [pool-71-thread-1] INFO  server.RaftServerConfigKeys (ConfUtils.java:logGet(43)) - raft.server.leader.election.timeout = 120s (custom)
2019-09-20 08:52:08,116 [pool-71-thread-1] INFO  server.RaftServerConfigKeys (ConfUtils.java:logGet(43)) - raft.server.log.use.memory = false (default)
2019-09-20 08:52:08,117 [pool-71-thread-1] INFO  server.RaftServerConfigKeys (ConfUtils.java:logGet(43)) - raft.server.log.purge.gap = 1000000 (custom)
2019-09-20 08:52:08,117 [pool-71-thread-1] INFO  server.RaftServerConfigKeys (ConfUtils.java:logGet(43)) - raft.server.log.appender.buffer.byte-limit = 33554432 (custom)
2019-09-20 08:52:08,117 [pool-71-thread-1] INFO  server.RaftServerConfigKeys (ConfUtils.java:logGet(43)) - raft.server.log.segment.size.max = 1048576 (custom)
2019-09-20 08:52:08,117 [pool-71-thread-1] INFO  server.RaftServerConfigKeys (ConfUtils.java:logGet(43)) - raft.server.log.segment.cache.num.max = 2 (custom)
2019-09-20 08:52:08,117 [pool-71-thread-1] INFO  segmented.SegmentedRaftLogWorker (SegmentedRaftLogWorker.java:<init>(172)) - new 2ddefaab-8349-47ab-a504-e432f9d495c5-SegmentedRaftLogWorker:Storage Directory /workdir/hadoop-ozone/tools/target/test-dir/MiniOzoneClusterImpl-da4e238f-9df3-4b07-9cd3-d36e1b7a1734/datanode-4/data/ratis/bfb4049b-bb8d-4568-9a5b-2d007e88e1e1 for RaftStorage:Storage Directory /workdir/hadoop-ozone/tools/target/test-dir/MiniOzoneClusterImpl-da4e238f-9df3-4b07-9cd3-d36e1b7a1734/datanode-4/data/ratis/bfb4049b-bb8d-4568-9a5b-2d007e88e1e1
2019-09-20 08:52:08,118 [pool-71-thread-1] INFO  server.RaftServerConfigKeys (ConfUtils.java:logGet(43)) - raft.server.log.queue.byte-limit = 2147483647 (custom)
2019-09-20 08:52:08,118 [pool-71-thread-1] INFO  server.RaftServerConfigKeys (ConfUtils.java:logGet(43)) - raft.server.log.queue.element-limit = 1024 (custom)
2019-09-20 08:52:08,118 [pool-71-thread-1] INFO  server.RaftServerConfigKeys (ConfUtils.java:logGet(43)) - raft.server.log.segment.size.max = 1048576 (custom)
2019-09-20 08:52:08,118 [pool-71-thread-1] INFO  server.RaftServerConfigKeys (ConfUtils.java:logGet(43)) - raft.server.log.preallocated.size = 16384 (custom)
2019-09-20 08:52:08,118 [pool-71-thread-1] INFO  server.RaftServerConfigKeys (ConfUtils.java:logGet(43)) - raft.server.log.write.buffer.size = 33554432 (custom)
2019-09-20 08:52:08,118 [pool-71-thread-1] INFO  server.RaftServerConfigKeys (ConfUtils.java:logGet(43)) - raft.server.log.force.sync.num = 128 (default)
2019-09-20 08:52:08,119 [pool-71-thread-1] INFO  server.RaftServerConfigKeys (ConfUtils.java:logGet(43)) - raft.server.log.statemachine.data.sync = true (default)
2019-09-20 08:52:08,119 [pool-71-thread-1] INFO  server.RaftServerConfigKeys (ConfUtils.java:logGet(43)) - raft.server.log.statemachine.data.sync.timeout = 10s (default)
2019-09-20 08:52:08,119 [pool-71-thread-1] INFO  server.RaftServerConfigKeys (ConfUtils.java:logGet(43)) - raft.server.log.statemachine.data.sync.timeout.retry = -1 (default)
2019-09-20 08:52:08,119 [pool-71-thread-1] INFO  server.RaftServerConfigKeys (ConfUtils.java:logGet(43)) - raft.server.log.statemachine.data.caching.enabled = true (custom)
2019-09-20 08:52:08,120 [pool-71-thread-1] INFO  segmented.SegmentedRaftLogWorker (SegmentedRaftLogWorker.java:lambda$new$0(132)) - 2ddefaab-8349-47ab-a504-e432f9d495c5-SegmentedRaftLogWorker:Storage Directory /workdir/hadoop-ozone/tools/target/test-dir/MiniOzoneClusterImpl-da4e238f-9df3-4b07-9cd3-d36e1b7a1734/datanode-4/data/ratis/bfb4049b-bb8d-4568-9a5b-2d007e88e1e1: flushIndex: setUnconditionally 0 -> -1
2019-09-20 08:52:08,120 [pool-71-thread-1] INFO  server.RaftServerConfigKeys (ConfUtils.java:logGet(43)) - raft.server.snapshot.auto.trigger.enabled = true (custom)
2019-09-20 08:52:08,120 [pool-71-thread-1] INFO  server.RaftServerConfigKeys (ConfUtils.java:logGet(43)) - raft.server.snapshot.auto.trigger.threshold = 10000 (custom)
2019-09-20 08:52:08,121 [pool-71-thread-1] INFO  server.RaftServerConfigKeys (ConfUtils.java:logGet(43)) - raft.server.retrycache.expirytime = 600000ms (custom)
2019-09-20 08:52:08,121 [pool-71-thread-1] INFO  impl.RaftServerImpl (RaftServerImpl.java:start(180)) - 2ddefaab-8349-47ab-a504-e432f9d495c5: start group-2D007E88E1E1
2019-09-20 08:52:08,121 [pool-71-thread-1] INFO  impl.RaftServerImpl (RaftServerImpl.java:setRole(171)) - 2ddefaab-8349-47ab-a504-e432f9d495c5:group-2D007E88E1E1 changes role from null to FOLLOWER at term 0 for startAsFollower
2019-09-20 08:52:08,121 [pool-71-thread-1] INFO  impl.RoleInfo (RoleInfo.java:updateAndGet(143)) - 2ddefaab-8349-47ab-a504-e432f9d495c5: start FollowerState
2019-09-20 08:52:08,122 [pool-71-thread-1] INFO  util.JmxRegister (JmxRegister.java:tryRegister(44)) - Successfully registered JMX Bean with object name Ratis:service=RaftServer,group=group-2D007E88E1E1,id=2ddefaab-8349-47ab-a504-e432f9d495c5
2019-09-20 08:52:08,128 [RatisPipelineUtilsThread] INFO  pipeline.PipelineStateManager (PipelineStateManager.java:addPipeline(56)) - Created pipeline Pipeline[ Id: bfb4049b-bb8d-4568-9a5b-2d007e88e1e1, Nodes: 2ddefaab-8349-47ab-a504-e432f9d495c5{ip: 192.168.36.79, host: pr-hdds-1569-s8kj2-2266485376, networkLocation: /default-rack, certSerialId: null}, Type:RATIS, Factor:ONE, State:OPEN]
2019-09-20 08:52:08,130 [RatisPipelineUtilsThread] INFO  pipeline.PipelinePlacementPolicy (PipelinePlacementPolicy.java:meetCriteria(91)) - Pipeline Placement: Doesn't meet the criteria to be viable node： b94e02b2-da92-474d-abbd-fccabaa9f79e Heaviness: 6 limit: 5
2019-09-20 08:52:08,131 [RatisPipelineUtilsThread] INFO  pipeline.PipelinePlacementPolicy (PipelinePlacementPolicy.java:meetCriteria(91)) - Pipeline Placement: Doesn't meet the criteria to be viable node： f6ec089b-5516-4b64-9212-97eb604ab2a5 Heaviness: 6 limit: 5
2019-09-20 08:52:08,131 [RatisPipelineUtilsThread] INFO  pipeline.PipelinePlacementPolicy (PipelinePlacementPolicy.java:meetCriteria(91)) - Pipeline Placement: Doesn't meet the criteria to be viable node： 3b3ba6e7-bc1c-4c2c-a22e-347ee35d38bc Heaviness: 6 limit: 5
2019-09-20 08:52:08,131 [RatisPipelineUtilsThread] INFO  pipeline.PipelinePlacementPolicy (PipelinePlacementPolicy.java:meetCriteria(91)) - Pipeline Placement: Doesn't meet the criteria to be viable node： 44c728ea-0f6d-4328-96aa-117f098b9c99 Heaviness: 6 limit: 5
2019-09-20 08:52:08,143 [grpc-default-executor-0] INFO  impl.RaftServerProxy (RaftServerProxy.java:addNew(89)) - 2ddefaab-8349-47ab-a504-e432f9d495c5: addNew group-FAFF09914785:[2ddefaab-8349-47ab-a504-e432f9d495c5:192.168.36.79:39000] returns group-FAFF09914785:java.util.concurrent.CompletableFuture@62a8ea23[Not completed]
2019-09-20 08:52:08,144 [pool-71-thread-1] INFO  impl.RaftServerImpl (RaftServerImpl.java:<init>(93)) - 2ddefaab-8349-47ab-a504-e432f9d495c5: new RaftServerImpl for group-FAFF09914785:[2ddefaab-8349-47ab-a504-e432f9d495c5:192.168.36.79:39000] with ContainerStateMachine:uninitialized
2019-09-20 08:52:08,144 [pool-71-thread-1] INFO  server.RaftServerConfigKeys (ConfUtils.java:logGet(43)) - raft.server.rpc.timeout.min = 5s (custom)
2019-09-20 08:52:08,145 [pool-71-thread-1] INFO  server.RaftServerConfigKeys (ConfUtils.java:logGet(43)) - raft.server.rpc.timeout.max = 5200ms (custom)
2019-09-20 08:52:08,145 [pool-71-thread-1] INFO  server.RaftServerConfigKeys (ConfUtils.java:logGet(43)) - raft.server.rpcslowness.timeout = 120s (custom)
2019-09-20 08:52:08,145 [pool-71-thread-1] INFO  server.RaftServerConfigKeys (ConfUtils.java:logGet(43)) - raft.server.sleep.deviation.threshold = 300 (default)
2019-09-20 08:52:08,145 [pool-71-thread-1] INFO  server.RaftServerConfigKeys (ConfUtils.java:logGet(43)) - raft.server.log.appender.install.snapshot.enabled = false (custom)
2019-09-20 08:52:08,145 [pool-71-thread-1] INFO  impl.RaftServerImpl (ServerState.java:<init>(105)) - 2ddefaab-8349-47ab-a504-e432f9d495c5:group-FAFF09914785 ConfigurationManager, init=-1: [2ddefaab-8349-47ab-a504-e432f9d495c5:192.168.36.79:39000], old=null, confs=<EMPTY_MAP>
2019-09-20 08:52:08,145 [pool-71-thread-1] INFO  server.RaftServerConfigKeys (ConfUtils.java:logGet(43)) - raft.server.storage.dir = [/workdir/hadoop-ozone/tools/target/test-dir/MiniOzoneClusterImpl-da4e238f-9df3-4b07-9cd3-d36e1b7a1734/datanode-4/data/ratis] (custom)
2019-09-20 08:52:08,146 [pool-71-thread-1] INFO  storage.RaftStorageDirectory (RaftStorageDirectory.java:analyzeStorage(246)) - The storage directory /workdir/hadoop-ozone/tools/target/test-dir/MiniOzoneClusterImpl-da4e238f-9df3-4b07-9cd3-d36e1b7a1734/datanode-4/data/ratis/e52fb920-0858-4b0f-844f-faff09914785 does not exist. Creating ...
2019-09-20 08:52:08,174 [pool-71-thread-1] INFO  storage.RaftStorageDirectory (RaftStorageDirectory.java:tryLock(328)) - Lock on /workdir/hadoop-ozone/tools/target/test-dir/MiniOzoneClusterImpl-da4e238f-9df3-4b07-9cd3-d36e1b7a1734/datanode-4/data/ratis/e52fb920-0858-4b0f-844f-faff09914785/in_use.lock acquired by nodename 18156@pr-hdds-1569-s8kj2-2266485376
2019-09-20 08:52:08,186 | INFO  | SCMAudit | user=jenkins1000 | ip=192.168.36.79 | op=SEND_HEARTBEAT {datanodeUUID=b94e02b2-da92-474d-abbd-fccabaa9f79e, command=[]} | ret=SUCCESS |  
2019-09-20 08:52:08,208 [pool-71-thread-1] INFO  storage.RaftStorage (RaftStorage.java:format(72)) - Storage directory /workdir/hadoop-ozone/tools/target/test-dir/MiniOzoneClusterImpl-da4e238f-9df3-4b07-9cd3-d36e1b7a1734/datanode-4/data/ratis/e52fb920-0858-4b0f-844f-faff09914785 has been successfully formatted.
2019-09-20 08:52:08,208 [pool-71-thread-1] INFO  ratis.ContainerStateMachine (ContainerStateMachine.java:loadSnapshot(226)) - group-FAFF09914785: The snapshot info is null. Setting the last applied indexto:(t:0, i:~)
2019-09-20 08:52:08,209 [pool-71-thread-1] INFO  server.RaftServerConfigKeys (ConfUtils.java:logGet(43)) - raft.server.leader.election.timeout = 120s (custom)
2019-09-20 08:52:08,209 [pool-71-thread-1] INFO  server.RaftServerConfigKeys (ConfUtils.java:logGet(43)) - raft.server.log.use.memory = false (default)
2019-09-20 08:52:08,209 [pool-71-thread-1] INFO  server.RaftServerConfigKeys (ConfUtils.java:logGet(43)) - raft.server.log.purge.gap = 1000000 (custom)
2019-09-20 08:52:08,209 [pool-71-thread-1] INFO  server.RaftServerConfigKeys (ConfUtils.java:logGet(43)) - raft.server.log.appender.buffer.byte-limit = 33554432 (custom)
2019-09-20 08:52:08,209 [pool-71-thread-1] INFO  server.RaftServerConfigKeys (ConfUtils.java:logGet(43)) - raft.server.log.segment.size.max = 1048576 (custom)
2019-09-20 08:52:08,210 [pool-71-thread-1] INFO  server.RaftServerConfigKeys (ConfUtils.java:logGet(43)) - raft.server.log.segment.cache.num.max = 2 (custom)
2019-09-20 08:52:08,210 [pool-71-thread-1] INFO  segmented.SegmentedRaftLogWorker (SegmentedRaftLogWorker.java:<init>(172)) - new 2ddefaab-8349-47ab-a504-e432f9d495c5-SegmentedRaftLogWorker:Storage Directory /workdir/hadoop-ozone/tools/target/test-dir/MiniOzoneClusterImpl-da4e238f-9df3-4b07-9cd3-d36e1b7a1734/datanode-4/data/ratis/e52fb920-0858-4b0f-844f-faff09914785 for RaftStorage:Storage Directory /workdir/hadoop-ozone/tools/target/test-dir/MiniOzoneClusterImpl-da4e238f-9df3-4b07-9cd3-d36e1b7a1734/datanode-4/data/ratis/e52fb920-0858-4b0f-844f-faff09914785
2019-09-20 08:52:08,210 [pool-71-thread-1] INFO  server.RaftServerConfigKeys (ConfUtils.java:logGet(43)) - raft.server.log.queue.byte-limit = 2147483647 (custom)
2019-09-20 08:52:08,210 [pool-71-thread-1] INFO  server.RaftServerConfigKeys (ConfUtils.java:logGet(43)) - raft.server.log.queue.element-limit = 1024 (custom)
2019-09-20 08:52:08,210 [pool-71-thread-1] INFO  server.RaftServerConfigKeys (ConfUtils.java:logGet(43)) - raft.server.log.segment.size.max = 1048576 (custom)
2019-09-20 08:52:08,211 [pool-71-thread-1] INFO  server.RaftServerConfigKeys (ConfUtils.java:logGet(43)) - raft.server.log.preallocated.size = 16384 (custom)
2019-09-20 08:52:08,211 [pool-71-thread-1] INFO  server.RaftServerConfigKeys (ConfUtils.java:logGet(43)) - raft.server.log.write.buffer.size = 33554432 (custom)
2019-09-20 08:52:08,211 [pool-71-thread-1] INFO  server.RaftServerConfigKeys (ConfUtils.java:logGet(43)) - raft.server.log.force.sync.num = 128 (default)
2019-09-20 08:52:08,211 [pool-71-thread-1] INFO  server.RaftServerConfigKeys (ConfUtils.java:logGet(43)) - raft.server.log.statemachine.data.sync = true (default)
2019-09-20 08:52:08,211 [pool-71-thread-1] INFO  server.RaftServerConfigKeys (ConfUtils.java:logGet(43)) - raft.server.log.statemachine.data.sync.timeout = 10s (default)
2019-09-20 08:52:08,211 [pool-71-thread-1] INFO  server.RaftServerConfigKeys (ConfUtils.java:logGet(43)) - raft.server.log.statemachine.data.sync.timeout.retry = -1 (default)
2019-09-20 08:52:08,212 [pool-71-thread-1] INFO  server.RaftServerConfigKeys (ConfUtils.java:logGet(43)) - raft.server.log.statemachine.data.caching.enabled = true (custom)
2019-09-20 08:52:08,212 [pool-71-thread-1] INFO  segmented.SegmentedRaftLogWorker (SegmentedRaftLogWorker.java:lambda$new$0(132)) - 2ddefaab-8349-47ab-a504-e432f9d495c5-SegmentedRaftLogWorker:Storage Directory /workdir/hadoop-ozone/tools/target/test-dir/MiniOzoneClusterImpl-da4e238f-9df3-4b07-9cd3-d36e1b7a1734/datanode-4/data/ratis/e52fb920-0858-4b0f-844f-faff09914785: flushIndex: setUnconditionally 0 -> -1
2019-09-20 08:52:08,213 [pool-71-thread-1] INFO  server.RaftServerConfigKeys (ConfUtils.java:logGet(43)) - raft.server.snapshot.auto.trigger.enabled = true (custom)
2019-09-20 08:52:08,213 [pool-71-thread-1] INFO  server.RaftServerConfigKeys (ConfUtils.java:logGet(43)) - raft.server.snapshot.auto.trigger.threshold = 10000 (custom)
2019-09-20 08:52:08,213 [pool-71-thread-1] INFO  server.RaftServerConfigKeys (ConfUtils.java:logGet(43)) - raft.server.retrycache.expirytime = 600000ms (custom)
2019-09-20 08:52:08,213 [pool-71-thread-1] INFO  impl.RaftServerImpl (RaftServerImpl.java:start(180)) - 2ddefaab-8349-47ab-a504-e432f9d495c5: start group-FAFF09914785
2019-09-20 08:52:08,213 [pool-71-thread-1] INFO  impl.RaftServerImpl (RaftServerImpl.java:setRole(171)) - 2ddefaab-8349-47ab-a504-e432f9d495c5:group-FAFF09914785 changes role from null to FOLLOWER at term 0 for startAsFollower
2019-09-20 08:52:08,214 [pool-71-thread-1] INFO  impl.RoleInfo (RoleInfo.java:updateAndGet(143)) - 2ddefaab-8349-47ab-a504-e432f9d495c5: start FollowerState
2019-09-20 08:52:08,214 [pool-71-thread-1] INFO  util.JmxRegister (JmxRegister.java:tryRegister(44)) - Successfully registered JMX Bean with object name Ratis:service=RaftServer,group=group-FAFF09914785,id=2ddefaab-8349-47ab-a504-e432f9d495c5
2019-09-20 08:52:08,220 [RatisPipelineUtilsThread] INFO  pipeline.PipelineStateManager (PipelineStateManager.java:addPipeline(56)) - Created pipeline Pipeline[ Id: e52fb920-0858-4b0f-844f-faff09914785, Nodes: 2ddefaab-8349-47ab-a504-e432f9d495c5{ip: 192.168.36.79, host: pr-hdds-1569-s8kj2-2266485376, networkLocation: /default-rack, certSerialId: null}, Type:RATIS, Factor:ONE, State:OPEN]
2019-09-20 08:52:08,222 [RatisPipelineUtilsThread] INFO  pipeline.PipelinePlacementPolicy (PipelinePlacementPolicy.java:meetCriteria(91)) - Pipeline Placement: Doesn't meet the criteria to be viable node： b94e02b2-da92-474d-abbd-fccabaa9f79e Heaviness: 6 limit: 5
2019-09-20 08:52:08,222 [RatisPipelineUtilsThread] INFO  pipeline.PipelinePlacementPolicy (PipelinePlacementPolicy.java:meetCriteria(91)) - Pipeline Placement: Doesn't meet the criteria to be viable node： f6ec089b-5516-4b64-9212-97eb604ab2a5 Heaviness: 6 limit: 5
2019-09-20 08:52:08,223 [RatisPipelineUtilsThread] INFO  pipeline.PipelinePlacementPolicy (PipelinePlacementPolicy.java:meetCriteria(91)) - Pipeline Placement: Doesn't meet the criteria to be viable node： 3b3ba6e7-bc1c-4c2c-a22e-347ee35d38bc Heaviness: 6 limit: 5
2019-09-20 08:52:08,223 [RatisPipelineUtilsThread] INFO  pipeline.PipelinePlacementPolicy (PipelinePlacementPolicy.java:meetCriteria(91)) - Pipeline Placement: Doesn't meet the criteria to be viable node： 44c728ea-0f6d-4328-96aa-117f098b9c99 Heaviness: 6 limit: 5
2019-09-20 08:52:08,234 [grpc-default-executor-0] INFO  impl.RaftServerProxy (RaftServerProxy.java:addNew(89)) - 2ddefaab-8349-47ab-a504-e432f9d495c5: addNew group-80C412948F6B:[2ddefaab-8349-47ab-a504-e432f9d495c5:192.168.36.79:39000] returns group-80C412948F6B:java.util.concurrent.CompletableFuture@48817e16[Not completed]
2019-09-20 08:52:08,236 [pool-71-thread-1] INFO  impl.RaftServerImpl (RaftServerImpl.java:<init>(93)) - 2ddefaab-8349-47ab-a504-e432f9d495c5: new RaftServerImpl for group-80C412948F6B:[2ddefaab-8349-47ab-a504-e432f9d495c5:192.168.36.79:39000] with ContainerStateMachine:uninitialized
2019-09-20 08:52:08,236 [pool-71-thread-1] INFO  server.RaftServerConfigKeys (ConfUtils.java:logGet(43)) - raft.server.rpc.timeout.min = 5s (custom)
2019-09-20 08:52:08,236 [pool-71-thread-1] INFO  server.RaftServerConfigKeys (ConfUtils.java:logGet(43)) - raft.server.rpc.timeout.max = 5200ms (custom)
2019-09-20 08:52:08,236 [pool-71-thread-1] INFO  server.RaftServerConfigKeys (ConfUtils.java:logGet(43)) - raft.server.rpcslowness.timeout = 120s (custom)
2019-09-20 08:52:08,236 [pool-71-thread-1] INFO  server.RaftServerConfigKeys (ConfUtils.java:logGet(43)) - raft.server.sleep.deviation.threshold = 300 (default)
2019-09-20 08:52:08,236 [pool-71-thread-1] INFO  server.RaftServerConfigKeys (ConfUtils.java:logGet(43)) - raft.server.log.appender.install.snapshot.enabled = false (custom)
2019-09-20 08:52:08,237 [pool-71-thread-1] INFO  impl.RaftServerImpl (ServerState.java:<init>(105)) - 2ddefaab-8349-47ab-a504-e432f9d495c5:group-80C412948F6B ConfigurationManager, init=-1: [2ddefaab-8349-47ab-a504-e432f9d495c5:192.168.36.79:39000], old=null, confs=<EMPTY_MAP>
2019-09-20 08:52:08,237 [pool-71-thread-1] INFO  server.RaftServerConfigKeys (ConfUtils.java:logGet(43)) - raft.server.storage.dir = [/workdir/hadoop-ozone/tools/target/test-dir/MiniOzoneClusterImpl-da4e238f-9df3-4b07-9cd3-d36e1b7a1734/datanode-4/data/ratis] (custom)
2019-09-20 08:52:08,237 [pool-71-thread-1] INFO  storage.RaftStorageDirectory (RaftStorageDirectory.java:analyzeStorage(246)) - The storage directory /workdir/hadoop-ozone/tools/target/test-dir/MiniOzoneClusterImpl-da4e238f-9df3-4b07-9cd3-d36e1b7a1734/datanode-4/data/ratis/04080981-0d5a-4063-a9f8-80c412948f6b does not exist. Creating ...
2019-09-20 08:52:08,267 [pool-71-thread-1] INFO  storage.RaftStorageDirectory (RaftStorageDirectory.java:tryLock(328)) - Lock on /workdir/hadoop-ozone/tools/target/test-dir/MiniOzoneClusterImpl-da4e238f-9df3-4b07-9cd3-d36e1b7a1734/datanode-4/data/ratis/04080981-0d5a-4063-a9f8-80c412948f6b/in_use.lock acquired by nodename 18156@pr-hdds-1569-s8kj2-2266485376
2019-09-20 08:52:08,292 [pool-71-thread-1] INFO  storage.RaftStorage (RaftStorage.java:format(72)) - Storage directory /workdir/hadoop-ozone/tools/target/test-dir/MiniOzoneClusterImpl-da4e238f-9df3-4b07-9cd3-d36e1b7a1734/datanode-4/data/ratis/04080981-0d5a-4063-a9f8-80c412948f6b has been successfully formatted.
2019-09-20 08:52:08,292 [pool-71-thread-1] INFO  ratis.ContainerStateMachine (ContainerStateMachine.java:loadSnapshot(226)) - group-80C412948F6B: The snapshot info is null. Setting the last applied indexto:(t:0, i:~)
2019-09-20 08:52:08,293 [pool-71-thread-1] INFO  server.RaftServerConfigKeys (ConfUtils.java:logGet(43)) - raft.server.leader.election.timeout = 120s (custom)
2019-09-20 08:52:08,293 [pool-71-thread-1] INFO  server.RaftServerConfigKeys (ConfUtils.java:logGet(43)) - raft.server.log.use.memory = false (default)
2019-09-20 08:52:08,293 [pool-71-thread-1] INFO  server.RaftServerConfigKeys (ConfUtils.java:logGet(43)) - raft.server.log.purge.gap = 1000000 (custom)
2019-09-20 08:52:08,293 [pool-71-thread-1] INFO  server.RaftServerConfigKeys (ConfUtils.java:logGet(43)) - raft.server.log.appender.buffer.byte-limit = 33554432 (custom)
2019-09-20 08:52:08,293 [pool-71-thread-1] INFO  server.RaftServerConfigKeys (ConfUtils.java:logGet(43)) - raft.server.log.segment.size.max = 1048576 (custom)
2019-09-20 08:52:08,294 [pool-71-thread-1] INFO  server.RaftServerConfigKeys (ConfUtils.java:logGet(43)) - raft.server.log.segment.cache.num.max = 2 (custom)
2019-09-20 08:52:08,294 [pool-71-thread-1] INFO  segmented.SegmentedRaftLogWorker (SegmentedRaftLogWorker.java:<init>(172)) - new 2ddefaab-8349-47ab-a504-e432f9d495c5-SegmentedRaftLogWorker:Storage Directory /workdir/hadoop-ozone/tools/target/test-dir/MiniOzoneClusterImpl-da4e238f-9df3-4b07-9cd3-d36e1b7a1734/datanode-4/data/ratis/04080981-0d5a-4063-a9f8-80c412948f6b for RaftStorage:Storage Directory /workdir/hadoop-ozone/tools/target/test-dir/MiniOzoneClusterImpl-da4e238f-9df3-4b07-9cd3-d36e1b7a1734/datanode-4/data/ratis/04080981-0d5a-4063-a9f8-80c412948f6b
2019-09-20 08:52:08,294 [pool-71-thread-1] INFO  server.RaftServerConfigKeys (ConfUtils.java:logGet(43)) - raft.server.log.queue.byte-limit = 2147483647 (custom)
2019-09-20 08:52:08,294 [pool-71-thread-1] INFO  server.RaftServerConfigKeys (ConfUtils.java:logGet(43)) - raft.server.log.queue.element-limit = 1024 (custom)
2019-09-20 08:52:08,294 [pool-71-thread-1] INFO  server.RaftServerConfigKeys (ConfUtils.java:logGet(43)) - raft.server.log.segment.size.max = 1048576 (custom)
2019-09-20 08:52:08,295 [pool-71-thread-1] INFO  server.RaftServerConfigKeys (ConfUtils.java:logGet(43)) - raft.server.log.preallocated.size = 16384 (custom)
2019-09-20 08:52:08,295 [pool-71-thread-1] INFO  server.RaftServerConfigKeys (ConfUtils.java:logGet(43)) - raft.server.log.write.buffer.size = 33554432 (custom)
2019-09-20 08:52:08,295 [pool-71-thread-1] INFO  server.RaftServerConfigKeys (ConfUtils.java:logGet(43)) - raft.server.log.force.sync.num = 128 (default)
2019-09-20 08:52:08,295 [pool-71-thread-1] INFO  server.RaftServerConfigKeys (ConfUtils.java:logGet(43)) - raft.server.log.statemachine.data.sync = true (default)
2019-09-20 08:52:08,295 [pool-71-thread-1] INFO  server.RaftServerConfigKeys (ConfUtils.java:logGet(43)) - raft.server.log.statemachine.data.sync.timeout = 10s (default)
2019-09-20 08:52:08,296 [pool-71-thread-1] INFO  server.RaftServerConfigKeys (ConfUtils.java:logGet(43)) - raft.server.log.statemachine.data.sync.timeout.retry = -1 (default)
2019-09-20 08:52:08,296 [pool-71-thread-1] INFO  server.RaftServerConfigKeys (ConfUtils.java:logGet(43)) - raft.server.log.statemachine.data.caching.enabled = true (custom)
2019-09-20 08:52:08,296 [pool-71-thread-1] INFO  segmented.SegmentedRaftLogWorker (SegmentedRaftLogWorker.java:lambda$new$0(132)) - 2ddefaab-8349-47ab-a504-e432f9d495c5-SegmentedRaftLogWorker:Storage Directory /workdir/hadoop-ozone/tools/target/test-dir/MiniOzoneClusterImpl-da4e238f-9df3-4b07-9cd3-d36e1b7a1734/datanode-4/data/ratis/04080981-0d5a-4063-a9f8-80c412948f6b: flushIndex: setUnconditionally 0 -> -1
2019-09-20 08:52:08,297 [pool-71-thread-1] INFO  server.RaftServerConfigKeys (ConfUtils.java:logGet(43)) - raft.server.snapshot.auto.trigger.enabled = true (custom)
2019-09-20 08:52:08,297 [pool-71-thread-1] INFO  server.RaftServerConfigKeys (ConfUtils.java:logGet(43)) - raft.server.snapshot.auto.trigger.threshold = 10000 (custom)
2019-09-20 08:52:08,297 [pool-71-thread-1] INFO  server.RaftServerConfigKeys (ConfUtils.java:logGet(43)) - raft.server.retrycache.expirytime = 600000ms (custom)
2019-09-20 08:52:08,297 [pool-71-thread-1] INFO  impl.RaftServerImpl (RaftServerImpl.java:start(180)) - 2ddefaab-8349-47ab-a504-e432f9d495c5: start group-80C412948F6B
2019-09-20 08:52:08,297 [pool-71-thread-1] INFO  impl.RaftServerImpl (RaftServerImpl.java:setRole(171)) - 2ddefaab-8349-47ab-a504-e432f9d495c5:group-80C412948F6B changes role from null to FOLLOWER at term 0 for startAsFollower
2019-09-20 08:52:08,298 [pool-71-thread-1] INFO  impl.RoleInfo (RoleInfo.java:updateAndGet(143)) - 2ddefaab-8349-47ab-a504-e432f9d495c5: start FollowerState
2019-09-20 08:52:08,298 [pool-71-thread-1] INFO  util.JmxRegister (JmxRegister.java:tryRegister(44)) - Successfully registered JMX Bean with object name Ratis:service=RaftServer,group=group-80C412948F6B,id=2ddefaab-8349-47ab-a504-e432f9d495c5
2019-09-20 08:52:08,304 [RatisPipelineUtilsThread] INFO  pipeline.PipelineStateManager (PipelineStateManager.java:addPipeline(56)) - Created pipeline Pipeline[ Id: 04080981-0d5a-4063-a9f8-80c412948f6b, Nodes: 2ddefaab-8349-47ab-a504-e432f9d495c5{ip: 192.168.36.79, host: pr-hdds-1569-s8kj2-2266485376, networkLocation: /default-rack, certSerialId: null}, Type:RATIS, Factor:ONE, State:OPEN]
2019-09-20 08:52:08,306 [RatisPipelineUtilsThread] INFO  pipeline.PipelinePlacementPolicy (PipelinePlacementPolicy.java:meetCriteria(91)) - Pipeline Placement: Doesn't meet the criteria to be viable node： 2ddefaab-8349-47ab-a504-e432f9d495c5 Heaviness: 6 limit: 5
2019-09-20 08:52:08,306 [RatisPipelineUtilsThread] INFO  pipeline.PipelinePlacementPolicy (PipelinePlacementPolicy.java:meetCriteria(91)) - Pipeline Placement: Doesn't meet the criteria to be viable node： b94e02b2-da92-474d-abbd-fccabaa9f79e Heaviness: 6 limit: 5
2019-09-20 08:52:08,307 [RatisPipelineUtilsThread] INFO  pipeline.PipelinePlacementPolicy (PipelinePlacementPolicy.java:meetCriteria(91)) - Pipeline Placement: Doesn't meet the criteria to be viable node： f6ec089b-5516-4b64-9212-97eb604ab2a5 Heaviness: 6 limit: 5
2019-09-20 08:52:08,307 [RatisPipelineUtilsThread] INFO  pipeline.PipelinePlacementPolicy (PipelinePlacementPolicy.java:meetCriteria(91)) - Pipeline Placement: Doesn't meet the criteria to be viable node： 3b3ba6e7-bc1c-4c2c-a22e-347ee35d38bc Heaviness: 6 limit: 5
2019-09-20 08:52:08,307 [RatisPipelineUtilsThread] INFO  pipeline.PipelinePlacementPolicy (PipelinePlacementPolicy.java:meetCriteria(91)) - Pipeline Placement: Doesn't meet the criteria to be viable node： 44c728ea-0f6d-4328-96aa-117f098b9c99 Heaviness: 6 limit: 5
2019-09-20 08:52:08,307 [RatisPipelineUtilsThread] ERROR pipeline.PipelinePlacementPolicy (PipelinePlacementPolicy.java:filterViableNodes(148)) - Unable to find enough nodes that meet the criteria that cannot engage in more than 5 pipelines. Nodes required: 1 Found: 0, healthy nodes count inNodeManager: 5.
2019-09-20 08:52:08,309 [RatisPipelineUtilsThread] ERROR pipeline.SCMPipelineManager (SCMPipelineManager.java:createPipeline(161)) - Pipeline creation failed due to exception: Unable to find enough nodes that meet the criteria that cannot engage in more than 5 pipelines. Nodes required: 1 Found: 0, healthy nodes count inNodeManager: 5.
2019-09-20 08:52:08,310 [RatisPipelineUtilsThread] INFO  pipeline.PipelinePlacementPolicy (PipelinePlacementPolicy.java:meetCriteria(91)) - Pipeline Placement: Doesn't meet the criteria to be viable node： 2ddefaab-8349-47ab-a504-e432f9d495c5 Heaviness: 6 limit: 5
2019-09-20 08:52:08,310 [RatisPipelineUtilsThread] INFO  pipeline.PipelinePlacementPolicy (PipelinePlacementPolicy.java:meetCriteria(91)) - Pipeline Placement: Doesn't meet the criteria to be viable node： b94e02b2-da92-474d-abbd-fccabaa9f79e Heaviness: 6 limit: 5
2019-09-20 08:52:08,310 [RatisPipelineUtilsThread] INFO  pipeline.PipelinePlacementPolicy (PipelinePlacementPolicy.java:meetCriteria(91)) - Pipeline Placement: Doesn't meet the criteria to be viable node： f6ec089b-5516-4b64-9212-97eb604ab2a5 Heaviness: 6 limit: 5
2019-09-20 08:52:08,311 [RatisPipelineUtilsThread] INFO  pipeline.PipelinePlacementPolicy (PipelinePlacementPolicy.java:meetCriteria(91)) - Pipeline Placement: Doesn't meet the criteria to be viable node： 3b3ba6e7-bc1c-4c2c-a22e-347ee35d38bc Heaviness: 6 limit: 5
2019-09-20 08:52:08,311 [RatisPipelineUtilsThread] INFO  pipeline.PipelinePlacementPolicy (PipelinePlacementPolicy.java:meetCriteria(91)) - Pipeline Placement: Doesn't meet the criteria to be viable node： 44c728ea-0f6d-4328-96aa-117f098b9c99 Heaviness: 6 limit: 5
2019-09-20 08:52:08,311 [RatisPipelineUtilsThread] ERROR pipeline.PipelinePlacementPolicy (PipelinePlacementPolicy.java:filterViableNodes(148)) - Unable to find enough nodes that meet the criteria that cannot engage in more than 5 pipelines. Nodes required: 3 Found: 0, healthy nodes count inNodeManager: 5.
2019-09-20 08:52:08,311 [RatisPipelineUtilsThread] ERROR pipeline.SCMPipelineManager (SCMPipelineManager.java:createPipeline(161)) - Pipeline creation failed due to exception: Unable to find enough nodes that meet the criteria that cannot engage in more than 5 pipelines. Nodes required: 3 Found: 0, healthy nodes count inNodeManager: 5.
2019-09-20 08:52:08,314 [RatisPipelineUtilsThread] INFO  pipeline.PipelinePlacementPolicy (PipelinePlacementPolicy.java:meetCriteria(91)) - Pipeline Placement: Doesn't meet the criteria to be viable node： 2ddefaab-8349-47ab-a504-e432f9d495c5 Heaviness: 6 limit: 5
2019-09-20 08:52:08,314 [RatisPipelineUtilsThread] INFO  pipeline.PipelinePlacementPolicy (PipelinePlacementPolicy.java:meetCriteria(91)) - Pipeline Placement: Doesn't meet the criteria to be viable node： b94e02b2-da92-474d-abbd-fccabaa9f79e Heaviness: 6 limit: 5
2019-09-20 08:52:08,314 [RatisPipelineUtilsThread] INFO  pipeline.PipelinePlacementPolicy (PipelinePlacementPolicy.java:meetCriteria(91)) - Pipeline Placement: Doesn't meet the criteria to be viable node： f6ec089b-5516-4b64-9212-97eb604ab2a5 Heaviness: 6 limit: 5
2019-09-20 08:52:08,314 [RatisPipelineUtilsThread] INFO  pipeline.PipelinePlacementPolicy (PipelinePlacementPolicy.java:meetCriteria(91)) - Pipeline Placement: Doesn't meet the criteria to be viable node： 3b3ba6e7-bc1c-4c2c-a22e-347ee35d38bc Heaviness: 6 limit: 5
2019-09-20 08:52:08,315 [RatisPipelineUtilsThread] INFO  pipeline.PipelinePlacementPolicy (PipelinePlacementPolicy.java:meetCriteria(91)) - Pipeline Placement: Doesn't meet the criteria to be viable node： 44c728ea-0f6d-4328-96aa-117f098b9c99 Heaviness: 6 limit: 5
2019-09-20 08:52:08,315 [RatisPipelineUtilsThread] ERROR pipeline.PipelinePlacementPolicy (PipelinePlacementPolicy.java:filterViableNodes(148)) - Unable to find enough nodes that meet the criteria that cannot engage in more than 5 pipelines. Nodes required: 1 Found: 0, healthy nodes count inNodeManager: 5.
2019-09-20 08:52:08,315 [RatisPipelineUtilsThread] ERROR pipeline.SCMPipelineManager (SCMPipelineManager.java:createPipeline(161)) - Pipeline creation failed due to exception: Unable to find enough nodes that meet the criteria that cannot engage in more than 5 pipelines. Nodes required: 1 Found: 0, healthy nodes count inNodeManager: 5.
2019-09-20 08:52:08,315 [RatisPipelineUtilsThread] INFO  pipeline.PipelinePlacementPolicy (PipelinePlacementPolicy.java:meetCriteria(91)) - Pipeline Placement: Doesn't meet the criteria to be viable node： 2ddefaab-8349-47ab-a504-e432f9d495c5 Heaviness: 6 limit: 5
2019-09-20 08:52:08,316 [RatisPipelineUtilsThread] INFO  pipeline.PipelinePlacementPolicy (PipelinePlacementPolicy.java:meetCriteria(91)) - Pipeline Placement: Doesn't meet the criteria to be viable node： b94e02b2-da92-474d-abbd-fccabaa9f79e Heaviness: 6 limit: 5
2019-09-20 08:52:08,316 [RatisPipelineUtilsThread] INFO  pipeline.PipelinePlacementPolicy (PipelinePlacementPolicy.java:meetCriteria(91)) - Pipeline Placement: Doesn't meet the criteria to be viable node： f6ec089b-5516-4b64-9212-97eb604ab2a5 Heaviness: 6 limit: 5
2019-09-20 08:52:08,316 [RatisPipelineUtilsThread] INFO  pipeline.PipelinePlacementPolicy (PipelinePlacementPolicy.java:meetCriteria(91)) - Pipeline Placement: Doesn't meet the criteria to be viable node： 3b3ba6e7-bc1c-4c2c-a22e-347ee35d38bc Heaviness: 6 limit: 5
2019-09-20 08:52:08,316 [RatisPipelineUtilsThread] INFO  pipeline.PipelinePlacementPolicy (PipelinePlacementPolicy.java:meetCriteria(91)) - Pipeline Placement: Doesn't meet the criteria to be viable node： 44c728ea-0f6d-4328-96aa-117f098b9c99 Heaviness: 6 limit: 5
2019-09-20 08:52:08,317 [RatisPipelineUtilsThread] ERROR pipeline.PipelinePlacementPolicy (PipelinePlacementPolicy.java:filterViableNodes(148)) - Unable to find enough nodes that meet the criteria that cannot engage in more than 5 pipelines. Nodes required: 3 Found: 0, healthy nodes count inNodeManager: 5.
2019-09-20 08:52:08,317 [RatisPipelineUtilsThread] ERROR pipeline.SCMPipelineManager (SCMPipelineManager.java:createPipeline(161)) - Pipeline creation failed due to exception: Unable to find enough nodes that meet the criteria that cannot engage in more than 5 pipelines. Nodes required: 3 Found: 0, healthy nodes count inNodeManager: 5.
2019-09-20 08:52:08,317 [IPC Server handler 13 on 37160] INFO  pipeline.PipelinePlacementPolicy (PipelinePlacementPolicy.java:meetCriteria(91)) - Pipeline Placement: Doesn't meet the criteria to be viable node： 2ddefaab-8349-47ab-a504-e432f9d495c5 Heaviness: 6 limit: 5
2019-09-20 08:52:08,318 [IPC Server handler 13 on 37160] INFO  pipeline.PipelinePlacementPolicy (PipelinePlacementPolicy.java:meetCriteria(91)) - Pipeline Placement: Doesn't meet the criteria to be viable node： b94e02b2-da92-474d-abbd-fccabaa9f79e Heaviness: 6 limit: 5
2019-09-20 08:52:08,318 [IPC Server handler 13 on 37160] INFO  pipeline.PipelinePlacementPolicy (PipelinePlacementPolicy.java:meetCriteria(91)) - Pipeline Placement: Doesn't meet the criteria to be viable node： f6ec089b-5516-4b64-9212-97eb604ab2a5 Heaviness: 6 limit: 5
2019-09-20 08:52:08,318 [IPC Server handler 13 on 37160] INFO  pipeline.PipelinePlacementPolicy (PipelinePlacementPolicy.java:meetCriteria(91)) - Pipeline Placement: Doesn't meet the criteria to be viable node： 3b3ba6e7-bc1c-4c2c-a22e-347ee35d38bc Heaviness: 6 limit: 5
2019-09-20 08:52:08,318 [IPC Server handler 13 on 37160] INFO  pipeline.PipelinePlacementPolicy (PipelinePlacementPolicy.java:meetCriteria(91)) - Pipeline Placement: Doesn't meet the criteria to be viable node： 44c728ea-0f6d-4328-96aa-117f098b9c99 Heaviness: 6 limit: 5
2019-09-20 08:52:08,319 [IPC Server handler 13 on 37160] ERROR pipeline.PipelinePlacementPolicy (PipelinePlacementPolicy.java:filterViableNodes(148)) - Unable to find enough nodes that meet the criteria that cannot engage in more than 5 pipelines. Nodes required: 3 Found: 0, healthy nodes count inNodeManager: 5.
2019-09-20 08:52:08,319 [IPC Server handler 13 on 37160] ERROR pipeline.SCMPipelineManager (SCMPipelineManager.java:createPipeline(161)) - Pipeline creation failed due to exception: Unable to find enough nodes that meet the criteria that cannot engage in more than 5 pipelines. Nodes required: 3 Found: 0, healthy nodes count inNodeManager: 5.
2019-09-20 08:52:08,320 [IPC Server handler 13 on 37160] WARN  block.BlockManagerImpl (BlockManagerImpl.java:allocateBlock(192)) - Pipeline creation failed for type:RATIS factor:THREE. Retrying get pipelines call once.
org.apache.hadoop.hdds.scm.exceptions.SCMException: Unable to find enough nodes that meet the criteria that cannot engage in more than 5 pipelines. Nodes required: 3 Found: 0, healthy nodes count inNodeManager: 5.
	at org.apache.hadoop.hdds.scm.pipeline.PipelinePlacementPolicy.filterViableNodes(PipelinePlacementPolicy.java:149)
	at org.apache.hadoop.hdds.scm.pipeline.PipelinePlacementPolicy.chooseDatanodes(PipelinePlacementPolicy.java:172)
	at org.apache.hadoop.hdds.scm.pipeline.RatisPipelineProvider.create(RatisPipelineProvider.java:92)
	at org.apache.hadoop.hdds.scm.pipeline.PipelineFactory.create(PipelineFactory.java:57)
	at org.apache.hadoop.hdds.scm.pipeline.SCMPipelineManager.createPipeline(SCMPipelineManager.java:149)
	at org.apache.hadoop.hdds.scm.block.BlockManagerImpl.allocateBlock(BlockManagerImpl.java:190)
	at org.apache.hadoop.hdds.scm.server.SCMBlockProtocolServer.allocateBlock(SCMBlockProtocolServer.java:175)
	at org.apache.hadoop.ozone.protocolPB.ScmBlockLocationProtocolServerSideTranslatorPB.allocateScmBlock(ScmBlockLocationProtocolServerSideTranslatorPB.java:153)
	at org.apache.hadoop.ozone.protocolPB.ScmBlockLocationProtocolServerSideTranslatorPB.send(ScmBlockLocationProtocolServerSideTranslatorPB.java:112)
	at org.apache.hadoop.hdds.protocol.proto.ScmBlockLocationProtocolProtos$ScmBlockLocationProtocolService$2.callBlockingMethod(ScmBlockLocationProtocolProtos.java:13157)
	at org.apache.hadoop.ipc.ProtobufRpcEngine$Server$ProtoBufRpcInvoker.call(ProtobufRpcEngine.java:524)
	at org.apache.hadoop.ipc.RPC$Server.call(RPC.java:1025)
	at org.apache.hadoop.ipc.Server$RpcCall.run(Server.java:876)
	at org.apache.hadoop.ipc.Server$RpcCall.run(Server.java:822)
	at java.security.AccessController.doPrivileged(Native Method)
	at javax.security.auth.Subject.doAs(Subject.java:422)
	at org.apache.hadoop.security.UserGroupInformation.doAs(UserGroupInformation.java:1730)
	at org.apache.hadoop.ipc.Server$Handler.run(Server.java:2682)
2019-09-20 08:52:08,323 [IPC Server handler 13 on 37160] INFO  block.BlockManagerImpl (BlockManagerImpl.java:allocateBlock(198)) - Could not find available pipeline of type:RATIS and factor:THREE even after retrying
2019-09-20 08:52:08,323 [IPC Server handler 13 on 37160] ERROR block.BlockManagerImpl (BlockManagerImpl.java:allocateBlock(222)) - Unable to allocate a block for the size: 4194304, type: RATIS, factor: THREE
2019-09-20 08:52:08,323 [IPC Server handler 13 on 37160] INFO  pipeline.PipelinePlacementPolicy (PipelinePlacementPolicy.java:meetCriteria(91)) - Pipeline Placement: Doesn't meet the criteria to be viable node： 2ddefaab-8349-47ab-a504-e432f9d495c5 Heaviness: 6 limit: 5
2019-09-20 08:52:08,323 [IPC Server handler 13 on 37160] INFO  pipeline.PipelinePlacementPolicy (PipelinePlacementPolicy.java:meetCriteria(91)) - Pipeline Placement: Doesn't meet the criteria to be viable node： b94e02b2-da92-474d-abbd-fccabaa9f79e Heaviness: 6 limit: 5
2019-09-20 08:52:08,324 [IPC Server handler 13 on 37160] INFO  pipeline.PipelinePlacementPolicy (PipelinePlacementPolicy.java:meetCriteria(91)) - Pipeline Placement: Doesn't meet the criteria to be viable node： f6ec089b-5516-4b64-9212-97eb604ab2a5 Heaviness: 6 limit: 5
2019-09-20 08:52:08,324 [IPC Server handler 13 on 37160] INFO  pipeline.PipelinePlacementPolicy (PipelinePlacementPolicy.java:meetCriteria(91)) - Pipeline Placement: Doesn't meet the criteria to be viable node： 3b3ba6e7-bc1c-4c2c-a22e-347ee35d38bc Heaviness: 6 limit: 5
2019-09-20 08:52:08,324 [IPC Server handler 13 on 37160] INFO  pipeline.PipelinePlacementPolicy (PipelinePlacementPolicy.java:meetCriteria(91)) - Pipeline Placement: Doesn't meet the criteria to be viable node： 44c728ea-0f6d-4328-96aa-117f098b9c99 Heaviness: 6 limit: 5
2019-09-20 08:52:08,324 [IPC Server handler 13 on 37160] ERROR pipeline.PipelinePlacementPolicy (PipelinePlacementPolicy.java:filterViableNodes(148)) - Unable to find enough nodes that meet the criteria that cannot engage in more than 5 pipelines. Nodes required: 3 Found: 0, healthy nodes count inNodeManager: 5.
2019-09-20 08:52:08,325 [IPC Server handler 13 on 37160] ERROR pipeline.SCMPipelineManager (SCMPipelineManager.java:createPipeline(161)) - Pipeline creation failed due to exception: Unable to find enough nodes that meet the criteria that cannot engage in more than 5 pipelines. Nodes required: 3 Found: 0, healthy nodes count inNodeManager: 5.
2019-09-20 08:52:08,325 [IPC Server handler 13 on 37160] WARN  block.BlockManagerImpl (BlockManagerImpl.java:allocateBlock(192)) - Pipeline creation failed for type:RATIS factor:THREE. Retrying get pipelines call once.
org.apache.hadoop.hdds.scm.exceptions.SCMException: Unable to find enough nodes that meet the criteria that cannot engage in more than 5 pipelines. Nodes required: 3 Found: 0, healthy nodes count inNodeManager: 5.
	at org.apache.hadoop.hdds.scm.pipeline.PipelinePlacementPolicy.filterViableNodes(PipelinePlacementPolicy.java:149)
	at org.apache.hadoop.hdds.scm.pipeline.PipelinePlacementPolicy.chooseDatanodes(PipelinePlacementPolicy.java:172)
	at org.apache.hadoop.hdds.scm.pipeline.RatisPipelineProvider.create(RatisPipelineProvider.java:92)
	at org.apache.hadoop.hdds.scm.pipeline.PipelineFactory.create(PipelineFactory.java:57)
	at org.apache.hadoop.hdds.scm.pipeline.SCMPipelineManager.createPipeline(SCMPipelineManager.java:149)
	at org.apache.hadoop.hdds.scm.block.BlockManagerImpl.allocateBlock(BlockManagerImpl.java:190)
	at org.apache.hadoop.hdds.scm.server.SCMBlockProtocolServer.allocateBlock(SCMBlockProtocolServer.java:175)
	at org.apache.hadoop.ozone.protocolPB.ScmBlockLocationProtocolServerSideTranslatorPB.allocateScmBlock(ScmBlockLocationProtocolServerSideTranslatorPB.java:153)
	at org.apache.hadoop.ozone.protocolPB.ScmBlockLocationProtocolServerSideTranslatorPB.send(ScmBlockLocationProtocolServerSideTranslatorPB.java:112)
	at org.apache.hadoop.hdds.protocol.proto.ScmBlockLocationProtocolProtos$ScmBlockLocationProtocolService$2.callBlockingMethod(ScmBlockLocationProtocolProtos.java:13157)
	at org.apache.hadoop.ipc.ProtobufRpcEngine$Server$ProtoBufRpcInvoker.call(ProtobufRpcEngine.java:524)
	at org.apache.hadoop.ipc.RPC$Server.call(RPC.java:1025)
	at org.apache.hadoop.ipc.Server$RpcCall.run(Server.java:876)
	at org.apache.hadoop.ipc.Server$RpcCall.run(Server.java:822)
	at java.security.AccessController.doPrivileged(Native Method)
	at javax.security.auth.Subject.doAs(Subject.java:422)
	at org.apache.hadoop.security.UserGroupInformation.doAs(UserGroupInformation.java:1730)
	at org.apache.hadoop.ipc.Server$Handler.run(Server.java:2682)
2019-09-20 08:52:08,325 [IPC Server handler 13 on 37160] INFO  block.BlockManagerImpl (BlockManagerImpl.java:allocateBlock(198)) - Could not find available pipeline of type:RATIS and factor:THREE even after retrying
2019-09-20 08:52:08,326 [IPC Server handler 13 on 37160] ERROR block.BlockManagerImpl (BlockManagerImpl.java:allocateBlock(222)) - Unable to allocate a block for the size: 4194304, type: RATIS, factor: THREE
2019-09-20 08:52:08,326 [IPC Server handler 13 on 37160] INFO  pipeline.PipelinePlacementPolicy (PipelinePlacementPolicy.java:meetCriteria(91)) - Pipeline Placement: Doesn't meet the criteria to be viable node： 2ddefaab-8349-47ab-a504-e432f9d495c5 Heaviness: 6 limit: 5
2019-09-20 08:52:08,326 [IPC Server handler 13 on 37160] INFO  pipeline.PipelinePlacementPolicy (PipelinePlacementPolicy.java:meetCriteria(91)) - Pipeline Placement: Doesn't meet the criteria to be viable node： b94e02b2-da92-474d-abbd-fccabaa9f79e Heaviness: 6 limit: 5
2019-09-20 08:52:08,326 [IPC Server handler 13 on 37160] INFO  pipeline.PipelinePlacementPolicy (PipelinePlacementPolicy.java:meetCriteria(91)) - Pipeline Placement: Doesn't meet the criteria to be viable node： f6ec089b-5516-4b64-9212-97eb604ab2a5 Heaviness: 6 limit: 5
2019-09-20 08:52:08,327 [IPC Server handler 13 on 37160] INFO  pipeline.PipelinePlacementPolicy (PipelinePlacementPolicy.java:meetCriteria(91)) - Pipeline Placement: Doesn't meet the criteria to be viable node： 3b3ba6e7-bc1c-4c2c-a22e-347ee35d38bc Heaviness: 6 limit: 5
2019-09-20 08:52:08,327 [IPC Server handler 13 on 37160] INFO  pipeline.PipelinePlacementPolicy (PipelinePlacementPolicy.java:meetCriteria(91)) - Pipeline Placement: Doesn't meet the criteria to be viable node： 44c728ea-0f6d-4328-96aa-117f098b9c99 Heaviness: 6 limit: 5
2019-09-20 08:52:08,327 [IPC Server handler 13 on 37160] ERROR pipeline.PipelinePlacementPolicy (PipelinePlacementPolicy.java:filterViableNodes(148)) - Unable to find enough nodes that meet the criteria that cannot engage in more than 5 pipelines. Nodes required: 3 Found: 0, healthy nodes count inNodeManager: 5.
2019-09-20 08:52:08,327 [IPC Server handler 13 on 37160] ERROR pipeline.SCMPipelineManager (SCMPipelineManager.java:createPipeline(161)) - Pipeline creation failed due to exception: Unable to find enough nodes that meet the criteria that cannot engage in more than 5 pipelines. Nodes required: 3 Found: 0, healthy nodes count inNodeManager: 5.
2019-09-20 08:52:08,327 [IPC Server handler 13 on 37160] WARN  block.BlockManagerImpl (BlockManagerImpl.java:allocateBlock(192)) - Pipeline creation failed for type:RATIS factor:THREE. Retrying get pipelines call once.
org.apache.hadoop.hdds.scm.exceptions.SCMException: Unable to find enough nodes that meet the criteria that cannot engage in more than 5 pipelines. Nodes required: 3 Found: 0, healthy nodes count inNodeManager: 5.
	at org.apache.hadoop.hdds.scm.pipeline.PipelinePlacementPolicy.filterViableNodes(PipelinePlacementPolicy.java:149)
	at org.apache.hadoop.hdds.scm.pipeline.PipelinePlacementPolicy.chooseDatanodes(PipelinePlacementPolicy.java:172)
	at org.apache.hadoop.hdds.scm.pipeline.RatisPipelineProvider.create(RatisPipelineProvider.java:92)
	at org.apache.hadoop.hdds.scm.pipeline.PipelineFactory.create(PipelineFactory.java:57)
	at org.apache.hadoop.hdds.scm.pipeline.SCMPipelineManager.createPipeline(SCMPipelineManager.java:149)
	at org.apache.hadoop.hdds.scm.block.BlockManagerImpl.allocateBlock(BlockManagerImpl.java:190)
	at org.apache.hadoop.hdds.scm.server.SCMBlockProtocolServer.allocateBlock(SCMBlockProtocolServer.java:175)
	at org.apache.hadoop.ozone.protocolPB.ScmBlockLocationProtocolServerSideTranslatorPB.allocateScmBlock(ScmBlockLocationProtocolServerSideTranslatorPB.java:153)
	at org.apache.hadoop.ozone.protocolPB.ScmBlockLocationProtocolServerSideTranslatorPB.send(ScmBlockLocationProtocolServerSideTranslatorPB.java:112)
	at org.apache.hadoop.hdds.protocol.proto.ScmBlockLocationProtocolProtos$ScmBlockLocationProtocolService$2.callBlockingMethod(ScmBlockLocationProtocolProtos.java:13157)
	at org.apache.hadoop.ipc.ProtobufRpcEngine$Server$ProtoBufRpcInvoker.call(ProtobufRpcEngine.java:524)
	at org.apache.hadoop.ipc.RPC$Server.call(RPC.java:1025)
	at org.apache.hadoop.ipc.Server$RpcCall.run(Server.java:876)
	at org.apache.hadoop.ipc.Server$RpcCall.run(Server.java:822)
	at java.security.AccessController.doPrivileged(Native Method)
	at javax.security.auth.Subject.doAs(Subject.java:422)
	at org.apache.hadoop.security.UserGroupInformation.doAs(UserGroupInformation.java:1730)
	at org.apache.hadoop.ipc.Server$Handler.run(Server.java:2682)
2019-09-20 08:52:08,328 [IPC Server handler 13 on 37160] INFO  block.BlockManagerImpl (BlockManagerImpl.java:allocateBlock(198)) - Could not find available pipeline of type:RATIS and factor:THREE even after retrying
2019-09-20 08:52:08,328 [IPC Server handler 13 on 37160] ERROR block.BlockManagerImpl (BlockManagerImpl.java:allocateBlock(222)) - Unable to allocate a block for the size: 4194304, type: RATIS, factor: THREE
2019-09-20 08:52:08,328 [IPC Server handler 13 on 37160] INFO  pipeline.PipelinePlacementPolicy (PipelinePlacementPolicy.java:meetCriteria(91)) - Pipeline Placement: Doesn't meet the criteria to be viable node： 2ddefaab-8349-47ab-a504-e432f9d495c5 Heaviness: 6 limit: 5
2019-09-20 08:52:08,329 [IPC Server handler 13 on 37160] INFO  pipeline.PipelinePlacementPolicy (PipelinePlacementPolicy.java:meetCriteria(91)) - Pipeline Placement: Doesn't meet the criteria to be viable node： b94e02b2-da92-474d-abbd-fccabaa9f79e Heaviness: 6 limit: 5
2019-09-20 08:52:08,329 [IPC Server handler 13 on 37160] INFO  pipeline.PipelinePlacementPolicy (PipelinePlacementPolicy.java:meetCriteria(91)) - Pipeline Placement: Doesn't meet the criteria to be viable node： f6ec089b-5516-4b64-9212-97eb604ab2a5 Heaviness: 6 limit: 5
2019-09-20 08:52:08,329 [IPC Server handler 13 on 37160] INFO  pipeline.PipelinePlacementPolicy (PipelinePlacementPolicy.java:meetCriteria(91)) - Pipeline Placement: Doesn't meet the criteria to be viable node： 3b3ba6e7-bc1c-4c2c-a22e-347ee35d38bc Heaviness: 6 limit: 5
2019-09-20 08:52:08,329 [IPC Server handler 13 on 37160] INFO  pipeline.PipelinePlacementPolicy (PipelinePlacementPolicy.java:meetCriteria(91)) - Pipeline Placement: Doesn't meet the criteria to be viable node： 44c728ea-0f6d-4328-96aa-117f098b9c99 Heaviness: 6 limit: 5
2019-09-20 08:52:08,330 [IPC Server handler 13 on 37160] ERROR pipeline.PipelinePlacementPolicy (PipelinePlacementPolicy.java:filterViableNodes(148)) - Unable to find enough nodes that meet the criteria that cannot engage in more than 5 pipelines. Nodes required: 3 Found: 0, healthy nodes count inNodeManager: 5.
2019-09-20 08:52:08,330 [IPC Server handler 13 on 37160] ERROR pipeline.SCMPipelineManager (SCMPipelineManager.java:createPipeline(161)) - Pipeline creation failed due to exception: Unable to find enough nodes that meet the criteria that cannot engage in more than 5 pipelines. Nodes required: 3 Found: 0, healthy nodes count inNodeManager: 5.
2019-09-20 08:52:08,330 [IPC Server handler 13 on 37160] WARN  block.BlockManagerImpl (BlockManagerImpl.java:allocateBlock(192)) - Pipeline creation failed for type:RATIS factor:THREE. Retrying get pipelines call once.
org.apache.hadoop.hdds.scm.exceptions.SCMException: Unable to find enough nodes that meet the criteria that cannot engage in more than 5 pipelines. Nodes required: 3 Found: 0, healthy nodes count inNodeManager: 5.
	at org.apache.hadoop.hdds.scm.pipeline.PipelinePlacementPolicy.filterViableNodes(PipelinePlacementPolicy.java:149)
	at org.apache.hadoop.hdds.scm.pipeline.PipelinePlacementPolicy.chooseDatanodes(PipelinePlacementPolicy.java:172)
	at org.apache.hadoop.hdds.scm.pipeline.RatisPipelineProvider.create(RatisPipelineProvider.java:92)
	at org.apache.hadoop.hdds.scm.pipeline.PipelineFactory.create(PipelineFactory.java:57)
	at org.apache.hadoop.hdds.scm.pipeline.SCMPipelineManager.createPipeline(SCMPipelineManager.java:149)
	at org.apache.hadoop.hdds.scm.block.BlockManagerImpl.allocateBlock(BlockManagerImpl.java:190)
	at org.apache.hadoop.hdds.scm.server.SCMBlockProtocolServer.allocateBlock(SCMBlockProtocolServer.java:175)
	at org.apache.hadoop.ozone.protocolPB.ScmBlockLocationProtocolServerSideTranslatorPB.allocateScmBlock(ScmBlockLocationProtocolServerSideTranslatorPB.java:153)
	at org.apache.hadoop.ozone.protocolPB.ScmBlockLocationProtocolServerSideTranslatorPB.send(ScmBlockLocationProtocolServerSideTranslatorPB.java:112)
	at org.apache.hadoop.hdds.protocol.proto.ScmBlockLocationProtocolProtos$ScmBlockLocationProtocolService$2.callBlockingMethod(ScmBlockLocationProtocolProtos.java:13157)
	at org.apache.hadoop.ipc.ProtobufRpcEngine$Server$ProtoBufRpcInvoker.call(ProtobufRpcEngine.java:524)
	at org.apache.hadoop.ipc.RPC$Server.call(RPC.java:1025)
	at org.apache.hadoop.ipc.Server$RpcCall.run(Server.java:876)
	at org.apache.hadoop.ipc.Server$RpcCall.run(Server.java:822)
	at java.security.AccessController.doPrivileged(Native Method)
	at javax.security.auth.Subject.doAs(Subject.java:422)
	at org.apache.hadoop.security.UserGroupInformation.doAs(UserGroupInformation.java:1730)
	at org.apache.hadoop.ipc.Server$Handler.run(Server.java:2682)
2019-09-20 08:52:08,331 [IPC Server handler 13 on 37160] INFO  block.BlockManagerImpl (BlockManagerImpl.java:allocateBlock(198)) - Could not find available pipeline of type:RATIS and factor:THREE even after retrying
2019-09-20 08:52:08,331 [IPC Server handler 13 on 37160] ERROR block.BlockManagerImpl (BlockManagerImpl.java:allocateBlock(222)) - Unable to allocate a block for the size: 4194304, type: RATIS, factor: THREE
2019-09-20 08:52:08,331 [IPC Server handler 13 on 37160] INFO  pipeline.PipelinePlacementPolicy (PipelinePlacementPolicy.java:meetCriteria(91)) - Pipeline Placement: Doesn't meet the criteria to be viable node： 2ddefaab-8349-47ab-a504-e432f9d495c5 Heaviness: 6 limit: 5
2019-09-20 08:52:08,331 [IPC Server handler 13 on 37160] INFO  pipeline.PipelinePlacementPolicy (PipelinePlacementPolicy.java:meetCriteria(91)) - Pipeline Placement: Doesn't meet the criteria to be viable node： b94e02b2-da92-474d-abbd-fccabaa9f79e Heaviness: 6 limit: 5
2019-09-20 08:52:08,332 [IPC Server handler 13 on 37160] INFO  pipeline.PipelinePlacementPolicy (PipelinePlacementPolicy.java:meetCriteria(91)) - Pipeline Placement: Doesn't meet the criteria to be viable node： f6ec089b-5516-4b64-9212-97eb604ab2a5 Heaviness: 6 limit: 5
2019-09-20 08:52:08,332 [IPC Server handler 13 on 37160] INFO  pipeline.PipelinePlacementPolicy (PipelinePlacementPolicy.java:meetCriteria(91)) - Pipeline Placement: Doesn't meet the criteria to be viable node： 3b3ba6e7-bc1c-4c2c-a22e-347ee35d38bc Heaviness: 6 limit: 5
2019-09-20 08:52:08,332 [IPC Server handler 13 on 37160] INFO  pipeline.PipelinePlacementPolicy (PipelinePlacementPolicy.java:meetCriteria(91)) - Pipeline Placement: Doesn't meet the criteria to be viable node： 44c728ea-0f6d-4328-96aa-117f098b9c99 Heaviness: 6 limit: 5
2019-09-20 08:52:08,332 [IPC Server handler 13 on 37160] ERROR pipeline.PipelinePlacementPolicy (PipelinePlacementPolicy.java:filterViableNodes(148)) - Unable to find enough nodes that meet the criteria that cannot engage in more than 5 pipelines. Nodes required: 3 Found: 0, healthy nodes count inNodeManager: 5.
2019-09-20 08:52:08,333 [IPC Server handler 13 on 37160] ERROR pipeline.SCMPipelineManager (SCMPipelineManager.java:createPipeline(161)) - Pipeline creation failed due to exception: Unable to find enough nodes that meet the criteria that cannot engage in more than 5 pipelines. Nodes required: 3 Found: 0, healthy nodes count inNodeManager: 5.
2019-09-20 08:52:08,333 [IPC Server handler 13 on 37160] WARN  block.BlockManagerImpl (BlockManagerImpl.java:allocateBlock(192)) - Pipeline creation failed for type:RATIS factor:THREE. Retrying get pipelines call once.
org.apache.hadoop.hdds.scm.exceptions.SCMException: Unable to find enough nodes that meet the criteria that cannot engage in more than 5 pipelines. Nodes required: 3 Found: 0, healthy nodes count inNodeManager: 5.
	at org.apache.hadoop.hdds.scm.pipeline.PipelinePlacementPolicy.filterViableNodes(PipelinePlacementPolicy.java:149)
	at org.apache.hadoop.hdds.scm.pipeline.PipelinePlacementPolicy.chooseDatanodes(PipelinePlacementPolicy.java:172)
	at org.apache.hadoop.hdds.scm.pipeline.RatisPipelineProvider.create(RatisPipelineProvider.java:92)
	at org.apache.hadoop.hdds.scm.pipeline.PipelineFactory.create(PipelineFactory.java:57)
	at org.apache.hadoop.hdds.scm.pipeline.SCMPipelineManager.createPipeline(SCMPipelineManager.java:149)
	at org.apache.hadoop.hdds.scm.block.BlockManagerImpl.allocateBlock(BlockManagerImpl.java:190)
	at org.apache.hadoop.hdds.scm.server.SCMBlockProtocolServer.allocateBlock(SCMBlockProtocolServer.java:175)
	at org.apache.hadoop.ozone.protocolPB.ScmBlockLocationProtocolServerSideTranslatorPB.allocateScmBlock(ScmBlockLocationProtocolServerSideTranslatorPB.java:153)
	at org.apache.hadoop.ozone.protocolPB.ScmBlockLocationProtocolServerSideTranslatorPB.send(ScmBlockLocationProtocolServerSideTranslatorPB.java:112)
	at org.apache.hadoop.hdds.protocol.proto.ScmBlockLocationProtocolProtos$ScmBlockLocationProtocolService$2.callBlockingMethod(ScmBlockLocationProtocolProtos.java:13157)
	at org.apache.hadoop.ipc.ProtobufRpcEngine$Server$ProtoBufRpcInvoker.call(ProtobufRpcEngine.java:524)
	at org.apache.hadoop.ipc.RPC$Server.call(RPC.java:1025)
	at org.apache.hadoop.ipc.Server$RpcCall.run(Server.java:876)
	at org.apache.hadoop.ipc.Server$RpcCall.run(Server.java:822)
	at java.security.AccessController.doPrivileged(Native Method)
	at javax.security.auth.Subject.doAs(Subject.java:422)
	at org.apache.hadoop.security.UserGroupInformation.doAs(UserGroupInformation.java:1730)
	at org.apache.hadoop.ipc.Server$Handler.run(Server.java:2682)
2019-09-20 08:52:08,333 [IPC Server handler 13 on 37160] INFO  block.BlockManagerImpl (BlockManagerImpl.java:allocateBlock(198)) - Could not find available pipeline of type:RATIS and factor:THREE even after retrying
2019-09-20 08:52:08,334 [IPC Server handler 13 on 37160] ERROR block.BlockManagerImpl (BlockManagerImpl.java:allocateBlock(222)) - Unable to allocate a block for the size: 4194304, type: RATIS, factor: THREE
2019-09-20 08:52:08,334 | INFO  | SCMAudit | user=jenkins1000 | ip=192.168.36.79 | op=ALLOCATE_BLOCK {owner=5a3af98b-a9db-4f05-bcae-222a3f2838c6, size=4194304, type=RATIS, factor=THREE} | ret=SUCCESS |  
2019-09-20 08:52:08,340 | ERROR | OMAudit | user=jenkins1000 | ip=127.0.0.1 | op=ALLOCATE_KEY {volume=vol-0-41791, bucket=bucket-0-33872, key=key-0-65405, dataSize=20971520, replicationType=RATIS, replicationFactor=THREE, keyLocationInfo=null} | ret=FAILURE | org.apache.hadoop.hdds.scm.exceptions.SCMException: Allocated 0 blocks. Requested 5 blocks
	at org.apache.hadoop.hdds.scm.protocolPB.ScmBlockLocationProtocolClientSideTranslatorPB.handleError(ScmBlockLocationProtocolClientSideTranslatorPB.java:118)
	at org.apache.hadoop.hdds.scm.protocolPB.ScmBlockLocationProtocolClientSideTranslatorPB.allocateBlock(ScmBlockLocationProtocolClientSideTranslatorPB.java:156) 
2019-09-20 08:52:08,345 [pool-78-thread-3] ERROR freon.RandomKeyGenerator (RandomKeyGenerator.java:createKey(724)) - Exception while adding key: key-0-65405 in bucket: bucket-0-33872 of volume: vol-0-41791.
INTERNAL_ERROR org.apache.hadoop.ozone.om.exceptions.OMException: Allocated 0 blocks. Requested 5 blocks
	at org.apache.hadoop.ozone.om.protocolPB.OzoneManagerProtocolClientSideTranslatorPB.handleError(OzoneManagerProtocolClientSideTranslatorPB.java:725)
	at org.apache.hadoop.ozone.om.protocolPB.OzoneManagerProtocolClientSideTranslatorPB.openKey(OzoneManagerProtocolClientSideTranslatorPB.java:716)
	at org.apache.hadoop.ozone.client.rpc.RpcClient.createKey(RpcClient.java:615)
	at org.apache.hadoop.ozone.client.OzoneBucket.createKey(OzoneBucket.java:323)
	at org.apache.hadoop.ozone.freon.RandomKeyGenerator.createKey(RandomKeyGenerator.java:686)
	at org.apache.hadoop.ozone.freon.RandomKeyGenerator.access$1100(RandomKeyGenerator.java:87)
	at org.apache.hadoop.ozone.freon.RandomKeyGenerator$ObjectCreator.run(RandomKeyGenerator.java:606)
	at java.util.concurrent.Executors$RunnableAdapter.call(Executors.java:511)
	at java.util.concurrent.FutureTask.run(FutureTask.java:266)
	at java.util.concurrent.ThreadPoolExecutor.runWorker(ThreadPoolExecutor.java:1149)
	at java.util.concurrent.ThreadPoolExecutor$Worker.run(ThreadPoolExecutor.java:624)
	at java.lang.Thread.run(Thread.java:748)
2019-09-20 08:52:08,439 | INFO  | SCMAudit | user=jenkins1000 | ip=192.168.36.79 | op=SEND_HEARTBEAT {datanodeUUID=44c728ea-0f6d-4328-96aa-117f098b9c99, command=[]} | ret=SUCCESS |  
 0.00% |█                                                                                                    |  0/1 Time: 0:00:022019-09-20 08:52:08,892 | INFO  | SCMAudit | user=jenkins1000 | ip=192.168.36.79 | op=SEND_HEARTBEAT {datanodeUUID=3b3ba6e7-bc1c-4c2c-a22e-347ee35d38bc, command=[]} | ret=SUCCESS |  
2019-09-20 08:52:08,964 | INFO  | SCMAudit | user=jenkins1000 | ip=192.168.36.79 | op=SEND_HEARTBEAT {datanodeUUID=f6ec089b-5516-4b64-9212-97eb604ab2a5, command=[]} | ret=SUCCESS |  
2019-09-20 08:52:08,996 | INFO  | SCMAudit | user=jenkins1000 | ip=192.168.36.79 | op=SEND_HEARTBEAT {datanodeUUID=2ddefaab-8349-47ab-a504-e432f9d495c5, command=[]} | ret=SUCCESS |  
2019-09-20 08:52:09,186 | INFO  | SCMAudit | user=jenkins1000 | ip=192.168.36.79 | op=SEND_HEARTBEAT {datanodeUUID=b94e02b2-da92-474d-abbd-fccabaa9f79e, command=[]} | ret=SUCCESS |  
2019-09-20 08:52:09,440 | INFO  | SCMAudit | user=jenkins1000 | ip=192.168.36.79 | op=SEND_HEARTBEAT {datanodeUUID=44c728ea-0f6d-4328-96aa-117f098b9c99, command=[]} | ret=SUCCESS |  
 0.00% |█                                                                                                    |  0/1 Time: 0:00:032019-09-20 08:52:09,892 | INFO  | SCMAudit | user=jenkins1000 | ip=192.168.36.79 | op=SEND_HEARTBEAT {datanodeUUID=3b3ba6e7-bc1c-4c2c-a22e-347ee35d38bc, command=[]} | ret=SUCCESS |  
2019-09-20 08:52:09,963 | INFO  | SCMAudit | user=jenkins1000 | ip=192.168.36.79 | op=SEND_HEARTBEAT {datanodeUUID=f6ec089b-5516-4b64-9212-97eb604ab2a5, command=[]} | ret=SUCCESS |  
2019-09-20 08:52:09,996 | INFO  | SCMAudit | user=jenkins1000 | ip=192.168.36.79 | op=SEND_HEARTBEAT {datanodeUUID=2ddefaab-8349-47ab-a504-e432f9d495c5, command=[]} | ret=SUCCESS |  
2019-09-20 08:52:10,195 | INFO  | SCMAudit | user=jenkins1000 | ip=192.168.36.79 | op=SEND_HEARTBEAT {datanodeUUID=b94e02b2-da92-474d-abbd-fccabaa9f79e, command=[]} | ret=SUCCESS |  
2019-09-20 08:52:10,259 [Thread-209] INFO  impl.FollowerState (FollowerState.java:run(106)) - 3b3ba6e7-bc1c-4c2c-a22e-347ee35d38bc:group-4FE9ABC208CF changes to CANDIDATE, lastRpcTime:5108, electionTimeout:5107ms
2019-09-20 08:52:10,260 [Thread-209] INFO  impl.RoleInfo (RoleInfo.java:shutdownFollowerState(121)) - 3b3ba6e7-bc1c-4c2c-a22e-347ee35d38bc: shutdown FollowerState
2019-09-20 08:52:10,260 [Thread-209] INFO  impl.RaftServerImpl (RaftServerImpl.java:setRole(171)) - 3b3ba6e7-bc1c-4c2c-a22e-347ee35d38bc:group-4FE9ABC208CF changes role from FOLLOWER to CANDIDATE at term 0 for changeToCandidate
2019-09-20 08:52:10,267 [Thread-209] INFO  impl.RoleInfo (RoleInfo.java:updateAndGet(143)) - 3b3ba6e7-bc1c-4c2c-a22e-347ee35d38bc: start LeaderElection
2019-09-20 08:52:10,309 [3b3ba6e7-bc1c-4c2c-a22e-347ee35d38bc:group-4FE9ABC208CF:LeaderElection1] INFO  impl.LeaderElection (LeaderElection.java:askForVotes(181)) - 3b3ba6e7-bc1c-4c2c-a22e-347ee35d38bc:group-4FE9ABC208CF:LeaderElection1: begin an election at term 1 for -1: [3b3ba6e7-bc1c-4c2c-a22e-347ee35d38bc:192.168.36.79:34077], old=null
2019-09-20 08:52:10,311 [3b3ba6e7-bc1c-4c2c-a22e-347ee35d38bc:group-4FE9ABC208CF:LeaderElection1] INFO  impl.RoleInfo (RoleInfo.java:shutdownLeaderElection(134)) - 3b3ba6e7-bc1c-4c2c-a22e-347ee35d38bc: shutdown LeaderElection
2019-09-20 08:52:10,312 [3b3ba6e7-bc1c-4c2c-a22e-347ee35d38bc:group-4FE9ABC208CF:LeaderElection1] INFO  impl.RaftServerImpl (RaftServerImpl.java:setRole(171)) - 3b3ba6e7-bc1c-4c2c-a22e-347ee35d38bc:group-4FE9ABC208CF changes role from CANDIDATE to LEADER at term 1 for changeToLeader
2019-09-20 08:52:10,313 [3b3ba6e7-bc1c-4c2c-a22e-347ee35d38bc:group-4FE9ABC208CF:LeaderElection1] INFO  impl.RaftServerImpl (ServerState.java:setLeader(263)) - 3b3ba6e7-bc1c-4c2c-a22e-347ee35d38bc:group-4FE9ABC208CF change Leader from null to 3b3ba6e7-bc1c-4c2c-a22e-347ee35d38bc at term 1 for becomeLeader, leader elected after 5265ms
2019-09-20 08:52:10,322 [3b3ba6e7-bc1c-4c2c-a22e-347ee35d38bc:group-4FE9ABC208CF:LeaderElection1] INFO  server.RaftServerConfigKeys (ConfUtils.java:logGet(43)) - raft.server.staging.catchup.gap = 1000 (default)
2019-09-20 08:52:10,323 [3b3ba6e7-bc1c-4c2c-a22e-347ee35d38bc:group-4FE9ABC208CF:LeaderElection1] INFO  server.RaftServerConfigKeys (ConfUtils.java:logGet(43)) - raft.server.rpc.sleep.time = 25ms (default)
2019-09-20 08:52:10,326 [3b3ba6e7-bc1c-4c2c-a22e-347ee35d38bc:group-4FE9ABC208CF:LeaderElection1] INFO  server.RaftServerConfigKeys (ConfUtils.java:logGet(43)) - raft.server.write.element-limit = 4096 (default)
2019-09-20 08:52:10,330 [3b3ba6e7-bc1c-4c2c-a22e-347ee35d38bc:group-4FE9ABC208CF:LeaderElection1] INFO  server.RaftServerConfigKeys (ConfUtils.java:logGet(43)) - raft.server.watch.timeout = 10s (default)
2019-09-20 08:52:10,330 [3b3ba6e7-bc1c-4c2c-a22e-347ee35d38bc:group-4FE9ABC208CF:LeaderElection1] INFO  server.RaftServerConfigKeys (ConfUtils.java:logGet(43)) - raft.server.watch.timeout.denomination = 1s (default)
2019-09-20 08:52:10,331 [3b3ba6e7-bc1c-4c2c-a22e-347ee35d38bc:group-4FE9ABC208CF:LeaderElection1] INFO  server.RaftServerConfigKeys (ConfUtils.java:logGet(43)) - raft.server.watch.element-limit = 65536 (default)
2019-09-20 08:52:10,343 [3b3ba6e7-bc1c-4c2c-a22e-347ee35d38bc:group-4FE9ABC208CF:LeaderElection1] INFO  impl.RoleInfo (RoleInfo.java:updateAndGet(143)) - 3b3ba6e7-bc1c-4c2c-a22e-347ee35d38bc: start LeaderState
2019-09-20 08:52:10,369 [3b3ba6e7-bc1c-4c2c-a22e-347ee35d38bc:group-4FE9ABC208CF:LeaderElection1] INFO  segmented.SegmentedRaftLogWorker (SegmentedRaftLogWorker.java:startLogSegment(380)) - 3b3ba6e7-bc1c-4c2c-a22e-347ee35d38bc-SegmentedRaftLogWorker:Storage Directory /workdir/hadoop-ozone/tools/target/test-dir/MiniOzoneClusterImpl-da4e238f-9df3-4b07-9cd3-d36e1b7a1734/datanode-0/data/ratis/e3eac372-14b0-43dd-b48e-4fe9abc208cf: Starting segment from index:0
2019-09-20 08:52:10,379 [3b3ba6e7-bc1c-4c2c-a22e-347ee35d38bc:group-4FE9ABC208CF:LeaderElection1] INFO  impl.RaftServerImpl (ServerState.java:setRaftConf(361)) - 3b3ba6e7-bc1c-4c2c-a22e-347ee35d38bc:group-4FE9ABC208CF set configuration 0: [3b3ba6e7-bc1c-4c2c-a22e-347ee35d38bc:192.168.36.79:34077], old=null at 0
2019-09-20 08:52:10,437 | INFO  | SCMAudit | user=jenkins1000 | ip=192.168.36.79 | op=SEND_HEARTBEAT {datanodeUUID=44c728ea-0f6d-4328-96aa-117f098b9c99, command=[]} | ret=SUCCESS |  
 0.00% |█                                                                                                    |  0/1 Time: 0:00:042019-09-20 08:52:10,500 [Thread-212] INFO  impl.FollowerState (FollowerState.java:run(106)) - 3b3ba6e7-bc1c-4c2c-a22e-347ee35d38bc:group-393129320E14 changes to CANDIDATE, lastRpcTime:5155, electionTimeout:5155ms
2019-09-20 08:52:10,502 [Thread-212] INFO  impl.RoleInfo (RoleInfo.java:shutdownFollowerState(121)) - 3b3ba6e7-bc1c-4c2c-a22e-347ee35d38bc: shutdown FollowerState
2019-09-20 08:52:10,502 [Thread-212] INFO  impl.RaftServerImpl (RaftServerImpl.java:setRole(171)) - 3b3ba6e7-bc1c-4c2c-a22e-347ee35d38bc:group-393129320E14 changes role from FOLLOWER to CANDIDATE at term 0 for changeToCandidate
2019-09-20 08:52:10,502 [Thread-212] INFO  impl.RoleInfo (RoleInfo.java:updateAndGet(143)) - 3b3ba6e7-bc1c-4c2c-a22e-347ee35d38bc: start LeaderElection
2019-09-20 08:52:10,551 [3b3ba6e7-bc1c-4c2c-a22e-347ee35d38bc:group-393129320E14:LeaderElection2] INFO  impl.LeaderElection (LeaderElection.java:askForVotes(181)) - 3b3ba6e7-bc1c-4c2c-a22e-347ee35d38bc:group-393129320E14:LeaderElection2: begin an election at term 1 for -1: [3b3ba6e7-bc1c-4c2c-a22e-347ee35d38bc:192.168.36.79:34077], old=null
2019-09-20 08:52:10,571 [3b3ba6e7-bc1c-4c2c-a22e-347ee35d38bc:group-393129320E14:LeaderElection2] INFO  impl.RoleInfo (RoleInfo.java:shutdownLeaderElection(134)) - 3b3ba6e7-bc1c-4c2c-a22e-347ee35d38bc: shutdown LeaderElection
2019-09-20 08:52:10,571 [3b3ba6e7-bc1c-4c2c-a22e-347ee35d38bc:group-393129320E14:LeaderElection2] INFO  impl.RaftServerImpl (RaftServerImpl.java:setRole(171)) - 3b3ba6e7-bc1c-4c2c-a22e-347ee35d38bc:group-393129320E14 changes role from CANDIDATE to LEADER at term 1 for changeToLeader
2019-09-20 08:52:10,571 [3b3ba6e7-bc1c-4c2c-a22e-347ee35d38bc:group-393129320E14:LeaderElection2] INFO  impl.RaftServerImpl (ServerState.java:setLeader(263)) - 3b3ba6e7-bc1c-4c2c-a22e-347ee35d38bc:group-393129320E14 change Leader from null to 3b3ba6e7-bc1c-4c2c-a22e-347ee35d38bc at term 1 for becomeLeader, leader elected after 5232ms
2019-09-20 08:52:10,572 [3b3ba6e7-bc1c-4c2c-a22e-347ee35d38bc:group-393129320E14:LeaderElection2] INFO  server.RaftServerConfigKeys (ConfUtils.java:logGet(43)) - raft.server.staging.catchup.gap = 1000 (default)
2019-09-20 08:52:10,572 [3b3ba6e7-bc1c-4c2c-a22e-347ee35d38bc:group-393129320E14:LeaderElection2] INFO  server.RaftServerConfigKeys (ConfUtils.java:logGet(43)) - raft.server.rpc.sleep.time = 25ms (default)
2019-09-20 08:52:10,572 [3b3ba6e7-bc1c-4c2c-a22e-347ee35d38bc:group-393129320E14:LeaderElection2] INFO  server.RaftServerConfigKeys (ConfUtils.java:logGet(43)) - raft.server.write.element-limit = 4096 (default)
2019-09-20 08:52:10,572 [3b3ba6e7-bc1c-4c2c-a22e-347ee35d38bc:group-393129320E14:LeaderElection2] INFO  server.RaftServerConfigKeys (ConfUtils.java:logGet(43)) - raft.server.watch.timeout = 10s (default)
2019-09-20 08:52:10,572 [3b3ba6e7-bc1c-4c2c-a22e-347ee35d38bc:group-393129320E14:LeaderElection2] INFO  server.RaftServerConfigKeys (ConfUtils.java:logGet(43)) - raft.server.watch.timeout.denomination = 1s (default)
2019-09-20 08:52:10,573 [3b3ba6e7-bc1c-4c2c-a22e-347ee35d38bc:group-393129320E14:LeaderElection2] INFO  server.RaftServerConfigKeys (ConfUtils.java:logGet(43)) - raft.server.watch.element-limit = 65536 (default)
2019-09-20 08:52:10,573 [3b3ba6e7-bc1c-4c2c-a22e-347ee35d38bc:group-393129320E14:LeaderElection2] INFO  impl.RoleInfo (RoleInfo.java:updateAndGet(143)) - 3b3ba6e7-bc1c-4c2c-a22e-347ee35d38bc: start LeaderState
2019-09-20 08:52:10,573 [3b3ba6e7-bc1c-4c2c-a22e-347ee35d38bc:group-393129320E14:LeaderElection2] INFO  segmented.SegmentedRaftLogWorker (SegmentedRaftLogWorker.java:startLogSegment(380)) - 3b3ba6e7-bc1c-4c2c-a22e-347ee35d38bc-SegmentedRaftLogWorker:Storage Directory /workdir/hadoop-ozone/tools/target/test-dir/MiniOzoneClusterImpl-da4e238f-9df3-4b07-9cd3-d36e1b7a1734/datanode-0/data/ratis/a68fcd65-838d-4e9c-8a5f-393129320e14: Starting segment from index:0
2019-09-20 08:52:10,574 [3b3ba6e7-bc1c-4c2c-a22e-347ee35d38bc:group-393129320E14:LeaderElection2] INFO  impl.RaftServerImpl (ServerState.java:setRaftConf(361)) - 3b3ba6e7-bc1c-4c2c-a22e-347ee35d38bc:group-393129320E14 set configuration 0: [3b3ba6e7-bc1c-4c2c-a22e-347ee35d38bc:192.168.36.79:34077], old=null at 0
2019-09-20 08:52:10,637 [Thread-215] INFO  impl.FollowerState (FollowerState.java:run(106)) - 44c728ea-0f6d-4328-96aa-117f098b9c99:group-EA7FA9048126 changes to CANDIDATE, lastRpcTime:5138, electionTimeout:5137ms
2019-09-20 08:52:10,637 [Thread-215] INFO  impl.RoleInfo (RoleInfo.java:shutdownFollowerState(121)) - 44c728ea-0f6d-4328-96aa-117f098b9c99: shutdown FollowerState
2019-09-20 08:52:10,637 [Thread-215] INFO  impl.RaftServerImpl (RaftServerImpl.java:setRole(171)) - 44c728ea-0f6d-4328-96aa-117f098b9c99:group-EA7FA9048126 changes role from FOLLOWER to CANDIDATE at term 0 for changeToCandidate
2019-09-20 08:52:10,637 [Thread-215] INFO  impl.RoleInfo (RoleInfo.java:updateAndGet(143)) - 44c728ea-0f6d-4328-96aa-117f098b9c99: start LeaderElection
2019-09-20 08:52:10,652 [3b3ba6e7-bc1c-4c2c-a22e-347ee35d38bc-SegmentedRaftLogWorker:Storage Directory /workdir/hadoop-ozone/tools/target/test-dir/MiniOzoneClusterImpl-da4e238f-9df3-4b07-9cd3-d36e1b7a1734/datanode-0/data/ratis/a68fcd65-838d-4e9c-8a5f-393129320e14] INFO  segmented.SegmentedRaftLogWorker (SegmentedRaftLogWorker.java:execute(569)) - 3b3ba6e7-bc1c-4c2c-a22e-347ee35d38bc-SegmentedRaftLogWorker:Storage Directory /workdir/hadoop-ozone/tools/target/test-dir/MiniOzoneClusterImpl-da4e238f-9df3-4b07-9cd3-d36e1b7a1734/datanode-0/data/ratis/a68fcd65-838d-4e9c-8a5f-393129320e14: created new log segment /workdir/hadoop-ozone/tools/target/test-dir/MiniOzoneClusterImpl-da4e238f-9df3-4b07-9cd3-d36e1b7a1734/datanode-0/data/ratis/a68fcd65-838d-4e9c-8a5f-393129320e14/current/log_inprogress_0
2019-09-20 08:52:10,652 [3b3ba6e7-bc1c-4c2c-a22e-347ee35d38bc-SegmentedRaftLogWorker:Storage Directory /workdir/hadoop-ozone/tools/target/test-dir/MiniOzoneClusterImpl-da4e238f-9df3-4b07-9cd3-d36e1b7a1734/datanode-0/data/ratis/e3eac372-14b0-43dd-b48e-4fe9abc208cf] INFO  segmented.SegmentedRaftLogWorker (SegmentedRaftLogWorker.java:execute(569)) - 3b3ba6e7-bc1c-4c2c-a22e-347ee35d38bc-SegmentedRaftLogWorker:Storage Directory /workdir/hadoop-ozone/tools/target/test-dir/MiniOzoneClusterImpl-da4e238f-9df3-4b07-9cd3-d36e1b7a1734/datanode-0/data/ratis/e3eac372-14b0-43dd-b48e-4fe9abc208cf: created new log segment /workdir/hadoop-ozone/tools/target/test-dir/MiniOzoneClusterImpl-da4e238f-9df3-4b07-9cd3-d36e1b7a1734/datanode-0/data/ratis/e3eac372-14b0-43dd-b48e-4fe9abc208cf/current/log_inprogress_0
2019-09-20 08:52:10,669 [44c728ea-0f6d-4328-96aa-117f098b9c99:group-EA7FA9048126:LeaderElection3] INFO  impl.LeaderElection (LeaderElection.java:askForVotes(181)) - 44c728ea-0f6d-4328-96aa-117f098b9c99:group-EA7FA9048126:LeaderElection3: begin an election at term 1 for -1: [44c728ea-0f6d-4328-96aa-117f098b9c99:192.168.36.79:38728], old=null
2019-09-20 08:52:10,670 [44c728ea-0f6d-4328-96aa-117f098b9c99:group-EA7FA9048126:LeaderElection3] INFO  impl.RoleInfo (RoleInfo.java:shutdownLeaderElection(134)) - 44c728ea-0f6d-4328-96aa-117f098b9c99: shutdown LeaderElection
2019-09-20 08:52:10,671 [44c728ea-0f6d-4328-96aa-117f098b9c99:group-EA7FA9048126:LeaderElection3] INFO  impl.RaftServerImpl (RaftServerImpl.java:setRole(171)) - 44c728ea-0f6d-4328-96aa-117f098b9c99:group-EA7FA9048126 changes role from CANDIDATE to LEADER at term 1 for changeToLeader
2019-09-20 08:52:10,671 [44c728ea-0f6d-4328-96aa-117f098b9c99:group-EA7FA9048126:LeaderElection3] INFO  impl.RaftServerImpl (ServerState.java:setLeader(263)) - 44c728ea-0f6d-4328-96aa-117f098b9c99:group-EA7FA9048126 change Leader from null to 44c728ea-0f6d-4328-96aa-117f098b9c99 at term 1 for becomeLeader, leader elected after 5180ms
2019-09-20 08:52:10,672 [44c728ea-0f6d-4328-96aa-117f098b9c99:group-EA7FA9048126:LeaderElection3] INFO  server.RaftServerConfigKeys (ConfUtils.java:logGet(43)) - raft.server.staging.catchup.gap = 1000 (default)
2019-09-20 08:52:10,672 [44c728ea-0f6d-4328-96aa-117f098b9c99:group-EA7FA9048126:LeaderElection3] INFO  server.RaftServerConfigKeys (ConfUtils.java:logGet(43)) - raft.server.rpc.sleep.time = 25ms (default)
2019-09-20 08:52:10,673 [44c728ea-0f6d-4328-96aa-117f098b9c99:group-EA7FA9048126:LeaderElection3] INFO  server.RaftServerConfigKeys (ConfUtils.java:logGet(43)) - raft.server.write.element-limit = 4096 (default)
2019-09-20 08:52:10,673 [44c728ea-0f6d-4328-96aa-117f098b9c99:group-EA7FA9048126:LeaderElection3] INFO  server.RaftServerConfigKeys (ConfUtils.java:logGet(43)) - raft.server.watch.timeout = 10s (default)
2019-09-20 08:52:10,673 [44c728ea-0f6d-4328-96aa-117f098b9c99:group-EA7FA9048126:LeaderElection3] INFO  server.RaftServerConfigKeys (ConfUtils.java:logGet(43)) - raft.server.watch.timeout.denomination = 1s (default)
2019-09-20 08:52:10,673 [44c728ea-0f6d-4328-96aa-117f098b9c99:group-EA7FA9048126:LeaderElection3] INFO  server.RaftServerConfigKeys (ConfUtils.java:logGet(43)) - raft.server.watch.element-limit = 65536 (default)
2019-09-20 08:52:10,674 [44c728ea-0f6d-4328-96aa-117f098b9c99:group-EA7FA9048126:LeaderElection3] INFO  impl.RoleInfo (RoleInfo.java:updateAndGet(143)) - 44c728ea-0f6d-4328-96aa-117f098b9c99: start LeaderState
2019-09-20 08:52:10,674 [44c728ea-0f6d-4328-96aa-117f098b9c99:group-EA7FA9048126:LeaderElection3] INFO  segmented.SegmentedRaftLogWorker (SegmentedRaftLogWorker.java:startLogSegment(380)) - 44c728ea-0f6d-4328-96aa-117f098b9c99-SegmentedRaftLogWorker:Storage Directory /workdir/hadoop-ozone/tools/target/test-dir/MiniOzoneClusterImpl-da4e238f-9df3-4b07-9cd3-d36e1b7a1734/datanode-2/data/ratis/6eb21066-843f-428b-875a-ea7fa9048126: Starting segment from index:0
2019-09-20 08:52:10,675 [44c728ea-0f6d-4328-96aa-117f098b9c99:group-EA7FA9048126:LeaderElection3] INFO  impl.RaftServerImpl (ServerState.java:setRaftConf(361)) - 44c728ea-0f6d-4328-96aa-117f098b9c99:group-EA7FA9048126 set configuration 0: [44c728ea-0f6d-4328-96aa-117f098b9c99:192.168.36.79:38728], old=null at 0
2019-09-20 08:52:10,735 [Thread-221] INFO  impl.FollowerState (FollowerState.java:run(106)) - f6ec089b-5516-4b64-9212-97eb604ab2a5:group-DCB8E4BF8297 changes to CANDIDATE, lastRpcTime:5007, electionTimeout:5007ms
2019-09-20 08:52:10,737 [Thread-221] INFO  impl.RoleInfo (RoleInfo.java:shutdownFollowerState(121)) - f6ec089b-5516-4b64-9212-97eb604ab2a5: shutdown FollowerState
2019-09-20 08:52:10,737 [44c728ea-0f6d-4328-96aa-117f098b9c99-SegmentedRaftLogWorker:Storage Directory /workdir/hadoop-ozone/tools/target/test-dir/MiniOzoneClusterImpl-da4e238f-9df3-4b07-9cd3-d36e1b7a1734/datanode-2/data/ratis/6eb21066-843f-428b-875a-ea7fa9048126] INFO  segmented.SegmentedRaftLogWorker (SegmentedRaftLogWorker.java:execute(569)) - 44c728ea-0f6d-4328-96aa-117f098b9c99-SegmentedRaftLogWorker:Storage Directory /workdir/hadoop-ozone/tools/target/test-dir/MiniOzoneClusterImpl-da4e238f-9df3-4b07-9cd3-d36e1b7a1734/datanode-2/data/ratis/6eb21066-843f-428b-875a-ea7fa9048126: created new log segment /workdir/hadoop-ozone/tools/target/test-dir/MiniOzoneClusterImpl-da4e238f-9df3-4b07-9cd3-d36e1b7a1734/datanode-2/data/ratis/6eb21066-843f-428b-875a-ea7fa9048126/current/log_inprogress_0
2019-09-20 08:52:10,737 [Thread-221] INFO  impl.RaftServerImpl (RaftServerImpl.java:setRole(171)) - f6ec089b-5516-4b64-9212-97eb604ab2a5:group-DCB8E4BF8297 changes role from FOLLOWER to CANDIDATE at term 0 for changeToCandidate
2019-09-20 08:52:10,737 [Thread-221] INFO  impl.RoleInfo (RoleInfo.java:updateAndGet(143)) - f6ec089b-5516-4b64-9212-97eb604ab2a5: start LeaderElection
2019-09-20 08:52:10,800 [Thread-218] INFO  impl.FollowerState (FollowerState.java:run(106)) - 44c728ea-0f6d-4328-96aa-117f098b9c99:group-F055A1DF12A9 changes to CANDIDATE, lastRpcTime:5199, electionTimeout:5199ms
2019-09-20 08:52:10,801 [Thread-218] INFO  impl.RoleInfo (RoleInfo.java:shutdownFollowerState(121)) - 44c728ea-0f6d-4328-96aa-117f098b9c99: shutdown FollowerState
2019-09-20 08:52:10,801 [Thread-218] INFO  impl.RaftServerImpl (RaftServerImpl.java:setRole(171)) - 44c728ea-0f6d-4328-96aa-117f098b9c99:group-F055A1DF12A9 changes role from FOLLOWER to CANDIDATE at term 0 for changeToCandidate
2019-09-20 08:52:10,802 [Thread-218] INFO  impl.RoleInfo (RoleInfo.java:updateAndGet(143)) - 44c728ea-0f6d-4328-96aa-117f098b9c99: start LeaderElection
2019-09-20 08:52:10,806 [f6ec089b-5516-4b64-9212-97eb604ab2a5:group-DCB8E4BF8297:LeaderElection4] INFO  impl.LeaderElection (LeaderElection.java:askForVotes(181)) - f6ec089b-5516-4b64-9212-97eb604ab2a5:group-DCB8E4BF8297:LeaderElection4: begin an election at term 1 for -1: [f6ec089b-5516-4b64-9212-97eb604ab2a5:192.168.36.79:40071], old=null
2019-09-20 08:52:10,807 [f6ec089b-5516-4b64-9212-97eb604ab2a5:group-DCB8E4BF8297:LeaderElection4] INFO  impl.RoleInfo (RoleInfo.java:shutdownLeaderElection(134)) - f6ec089b-5516-4b64-9212-97eb604ab2a5: shutdown LeaderElection
2019-09-20 08:52:10,807 [f6ec089b-5516-4b64-9212-97eb604ab2a5:group-DCB8E4BF8297:LeaderElection4] INFO  impl.RaftServerImpl (RaftServerImpl.java:setRole(171)) - f6ec089b-5516-4b64-9212-97eb604ab2a5:group-DCB8E4BF8297 changes role from CANDIDATE to LEADER at term 1 for changeToLeader
2019-09-20 08:52:10,807 [f6ec089b-5516-4b64-9212-97eb604ab2a5:group-DCB8E4BF8297:LeaderElection4] INFO  impl.RaftServerImpl (ServerState.java:setLeader(263)) - f6ec089b-5516-4b64-9212-97eb604ab2a5:group-DCB8E4BF8297 change Leader from null to f6ec089b-5516-4b64-9212-97eb604ab2a5 at term 1 for becomeLeader, leader elected after 5085ms
2019-09-20 08:52:10,809 [f6ec089b-5516-4b64-9212-97eb604ab2a5:group-DCB8E4BF8297:LeaderElection4] INFO  server.RaftServerConfigKeys (ConfUtils.java:logGet(43)) - raft.server.staging.catchup.gap = 1000 (default)
2019-09-20 08:52:10,809 [f6ec089b-5516-4b64-9212-97eb604ab2a5:group-DCB8E4BF8297:LeaderElection4] INFO  server.RaftServerConfigKeys (ConfUtils.java:logGet(43)) - raft.server.rpc.sleep.time = 25ms (default)
2019-09-20 08:52:10,809 [f6ec089b-5516-4b64-9212-97eb604ab2a5:group-DCB8E4BF8297:LeaderElection4] INFO  server.RaftServerConfigKeys (ConfUtils.java:logGet(43)) - raft.server.write.element-limit = 4096 (default)
2019-09-20 08:52:10,810 [f6ec089b-5516-4b64-9212-97eb604ab2a5:group-DCB8E4BF8297:LeaderElection4] INFO  server.RaftServerConfigKeys (ConfUtils.java:logGet(43)) - raft.server.watch.timeout = 10s (default)
2019-09-20 08:52:10,810 [f6ec089b-5516-4b64-9212-97eb604ab2a5:group-DCB8E4BF8297:LeaderElection4] INFO  server.RaftServerConfigKeys (ConfUtils.java:logGet(43)) - raft.server.watch.timeout.denomination = 1s (default)
2019-09-20 08:52:10,810 [f6ec089b-5516-4b64-9212-97eb604ab2a5:group-DCB8E4BF8297:LeaderElection4] INFO  server.RaftServerConfigKeys (ConfUtils.java:logGet(43)) - raft.server.watch.element-limit = 65536 (default)
2019-09-20 08:52:10,810 [f6ec089b-5516-4b64-9212-97eb604ab2a5:group-DCB8E4BF8297:LeaderElection4] INFO  impl.RoleInfo (RoleInfo.java:updateAndGet(143)) - f6ec089b-5516-4b64-9212-97eb604ab2a5: start LeaderState
2019-09-20 08:52:10,811 [f6ec089b-5516-4b64-9212-97eb604ab2a5:group-DCB8E4BF8297:LeaderElection4] INFO  segmented.SegmentedRaftLogWorker (SegmentedRaftLogWorker.java:startLogSegment(380)) - f6ec089b-5516-4b64-9212-97eb604ab2a5-SegmentedRaftLogWorker:Storage Directory /workdir/hadoop-ozone/tools/target/test-dir/MiniOzoneClusterImpl-da4e238f-9df3-4b07-9cd3-d36e1b7a1734/datanode-3/data/ratis/7610321f-995a-4009-b365-dcb8e4bf8297: Starting segment from index:0
2019-09-20 08:52:10,811 [f6ec089b-5516-4b64-9212-97eb604ab2a5:group-DCB8E4BF8297:LeaderElection4] INFO  impl.RaftServerImpl (ServerState.java:setRaftConf(361)) - f6ec089b-5516-4b64-9212-97eb604ab2a5:group-DCB8E4BF8297 set configuration 0: [f6ec089b-5516-4b64-9212-97eb604ab2a5:192.168.36.79:40071], old=null at 0
2019-09-20 08:52:10,843 [44c728ea-0f6d-4328-96aa-117f098b9c99:group-F055A1DF12A9:LeaderElection5] INFO  impl.LeaderElection (LeaderElection.java:askForVotes(181)) - 44c728ea-0f6d-4328-96aa-117f098b9c99:group-F055A1DF12A9:LeaderElection5: begin an election at term 1 for -1: [44c728ea-0f6d-4328-96aa-117f098b9c99:192.168.36.79:38728], old=null
2019-09-20 08:52:10,844 [44c728ea-0f6d-4328-96aa-117f098b9c99:group-F055A1DF12A9:LeaderElection5] INFO  impl.RoleInfo (RoleInfo.java:shutdownLeaderElection(134)) - 44c728ea-0f6d-4328-96aa-117f098b9c99: shutdown LeaderElection
2019-09-20 08:52:10,844 [44c728ea-0f6d-4328-96aa-117f098b9c99:group-F055A1DF12A9:LeaderElection5] INFO  impl.RaftServerImpl (RaftServerImpl.java:setRole(171)) - 44c728ea-0f6d-4328-96aa-117f098b9c99:group-F055A1DF12A9 changes role from CANDIDATE to LEADER at term 1 for changeToLeader
2019-09-20 08:52:10,844 [44c728ea-0f6d-4328-96aa-117f098b9c99:group-F055A1DF12A9:LeaderElection5] INFO  impl.RaftServerImpl (ServerState.java:setLeader(263)) - 44c728ea-0f6d-4328-96aa-117f098b9c99:group-F055A1DF12A9 change Leader from null to 44c728ea-0f6d-4328-96aa-117f098b9c99 at term 1 for becomeLeader, leader elected after 5249ms
2019-09-20 08:52:10,844 [44c728ea-0f6d-4328-96aa-117f098b9c99:group-F055A1DF12A9:LeaderElection5] INFO  server.RaftServerConfigKeys (ConfUtils.java:logGet(43)) - raft.server.staging.catchup.gap = 1000 (default)
2019-09-20 08:52:10,844 [44c728ea-0f6d-4328-96aa-117f098b9c99:group-F055A1DF12A9:LeaderElection5] INFO  server.RaftServerConfigKeys (ConfUtils.java:logGet(43)) - raft.server.rpc.sleep.time = 25ms (default)
2019-09-20 08:52:10,845 [44c728ea-0f6d-4328-96aa-117f098b9c99:group-F055A1DF12A9:LeaderElection5] INFO  server.RaftServerConfigKeys (ConfUtils.java:logGet(43)) - raft.server.write.element-limit = 4096 (default)
2019-09-20 08:52:10,845 [44c728ea-0f6d-4328-96aa-117f098b9c99:group-F055A1DF12A9:LeaderElection5] INFO  server.RaftServerConfigKeys (ConfUtils.java:logGet(43)) - raft.server.watch.timeout = 10s (default)
2019-09-20 08:52:10,845 [44c728ea-0f6d-4328-96aa-117f098b9c99:group-F055A1DF12A9:LeaderElection5] INFO  server.RaftServerConfigKeys (ConfUtils.java:logGet(43)) - raft.server.watch.timeout.denomination = 1s (default)
2019-09-20 08:52:10,845 [44c728ea-0f6d-4328-96aa-117f098b9c99:group-F055A1DF12A9:LeaderElection5] INFO  server.RaftServerConfigKeys (ConfUtils.java:logGet(43)) - raft.server.watch.element-limit = 65536 (default)
2019-09-20 08:52:10,845 [44c728ea-0f6d-4328-96aa-117f098b9c99:group-F055A1DF12A9:LeaderElection5] INFO  impl.RoleInfo (RoleInfo.java:updateAndGet(143)) - 44c728ea-0f6d-4328-96aa-117f098b9c99: start LeaderState
2019-09-20 08:52:10,846 [44c728ea-0f6d-4328-96aa-117f098b9c99:group-F055A1DF12A9:LeaderElection5] INFO  segmented.SegmentedRaftLogWorker (SegmentedRaftLogWorker.java:startLogSegment(380)) - 44c728ea-0f6d-4328-96aa-117f098b9c99-SegmentedRaftLogWorker:Storage Directory /workdir/hadoop-ozone/tools/target/test-dir/MiniOzoneClusterImpl-da4e238f-9df3-4b07-9cd3-d36e1b7a1734/datanode-2/data/ratis/4580bc81-35b3-4a94-9a57-f055a1df12a9: Starting segment from index:0
2019-09-20 08:52:10,847 [44c728ea-0f6d-4328-96aa-117f098b9c99:group-F055A1DF12A9:LeaderElection5] INFO  impl.RaftServerImpl (ServerState.java:setRaftConf(361)) - 44c728ea-0f6d-4328-96aa-117f098b9c99:group-F055A1DF12A9 set configuration 0: [44c728ea-0f6d-4328-96aa-117f098b9c99:192.168.36.79:38728], old=null at 0
2019-09-20 08:52:10,893 | INFO  | SCMAudit | user=jenkins1000 | ip=192.168.36.79 | op=SEND_HEARTBEAT {datanodeUUID=3b3ba6e7-bc1c-4c2c-a22e-347ee35d38bc, command=[]} | ret=SUCCESS |  
2019-09-20 08:52:10,905 [f6ec089b-5516-4b64-9212-97eb604ab2a5-SegmentedRaftLogWorker:Storage Directory /workdir/hadoop-ozone/tools/target/test-dir/MiniOzoneClusterImpl-da4e238f-9df3-4b07-9cd3-d36e1b7a1734/datanode-3/data/ratis/7610321f-995a-4009-b365-dcb8e4bf8297] INFO  segmented.SegmentedRaftLogWorker (SegmentedRaftLogWorker.java:execute(569)) - f6ec089b-5516-4b64-9212-97eb604ab2a5-SegmentedRaftLogWorker:Storage Directory /workdir/hadoop-ozone/tools/target/test-dir/MiniOzoneClusterImpl-da4e238f-9df3-4b07-9cd3-d36e1b7a1734/datanode-3/data/ratis/7610321f-995a-4009-b365-dcb8e4bf8297: created new log segment /workdir/hadoop-ozone/tools/target/test-dir/MiniOzoneClusterImpl-da4e238f-9df3-4b07-9cd3-d36e1b7a1734/datanode-3/data/ratis/7610321f-995a-4009-b365-dcb8e4bf8297/current/log_inprogress_0
2019-09-20 08:52:10,947 [44c728ea-0f6d-4328-96aa-117f098b9c99-SegmentedRaftLogWorker:Storage Directory /workdir/hadoop-ozone/tools/target/test-dir/MiniOzoneClusterImpl-da4e238f-9df3-4b07-9cd3-d36e1b7a1734/datanode-2/data/ratis/4580bc81-35b3-4a94-9a57-f055a1df12a9] INFO  segmented.SegmentedRaftLogWorker (SegmentedRaftLogWorker.java:execute(569)) - 44c728ea-0f6d-4328-96aa-117f098b9c99-SegmentedRaftLogWorker:Storage Directory /workdir/hadoop-ozone/tools/target/test-dir/MiniOzoneClusterImpl-da4e238f-9df3-4b07-9cd3-d36e1b7a1734/datanode-2/data/ratis/4580bc81-35b3-4a94-9a57-f055a1df12a9: created new log segment /workdir/hadoop-ozone/tools/target/test-dir/MiniOzoneClusterImpl-da4e238f-9df3-4b07-9cd3-d36e1b7a1734/datanode-2/data/ratis/4580bc81-35b3-4a94-9a57-f055a1df12a9/current/log_inprogress_0
2019-09-20 08:52:10,961 | INFO  | SCMAudit | user=jenkins1000 | ip=192.168.36.79 | op=SEND_HEARTBEAT {datanodeUUID=f6ec089b-5516-4b64-9212-97eb604ab2a5, command=[]} | ret=SUCCESS |  
2019-09-20 08:52:10,993 | INFO  | SCMAudit | user=jenkins1000 | ip=192.168.36.79 | op=SEND_HEARTBEAT {datanodeUUID=2ddefaab-8349-47ab-a504-e432f9d495c5, command=[]} | ret=SUCCESS |  
2019-09-20 08:52:11,009 [Thread-224] INFO  impl.FollowerState (FollowerState.java:run(106)) - b94e02b2-da92-474d-abbd-fccabaa9f79e:group-CA166D0450FD changes to CANDIDATE, lastRpcTime:5155, electionTimeout:5154ms
2019-09-20 08:52:11,012 [Thread-224] INFO  impl.RoleInfo (RoleInfo.java:shutdownFollowerState(121)) - b94e02b2-da92-474d-abbd-fccabaa9f79e: shutdown FollowerState
2019-09-20 08:52:11,012 [Thread-224] INFO  impl.RaftServerImpl (RaftServerImpl.java:setRole(171)) - b94e02b2-da92-474d-abbd-fccabaa9f79e:group-CA166D0450FD changes role from FOLLOWER to CANDIDATE at term 0 for changeToCandidate
2019-09-20 08:52:11,012 [Thread-224] INFO  impl.RoleInfo (RoleInfo.java:updateAndGet(143)) - b94e02b2-da92-474d-abbd-fccabaa9f79e: start LeaderElection
2019-09-20 08:52:11,039 [b94e02b2-da92-474d-abbd-fccabaa9f79e:group-CA166D0450FD:LeaderElection6] INFO  impl.LeaderElection (LeaderElection.java:askForVotes(181)) - b94e02b2-da92-474d-abbd-fccabaa9f79e:group-CA166D0450FD:LeaderElection6: begin an election at term 1 for -1: [b94e02b2-da92-474d-abbd-fccabaa9f79e:192.168.36.79:36876], old=null
2019-09-20 08:52:11,041 [b94e02b2-da92-474d-abbd-fccabaa9f79e:group-CA166D0450FD:LeaderElection6] INFO  impl.RoleInfo (RoleInfo.java:shutdownLeaderElection(134)) - b94e02b2-da92-474d-abbd-fccabaa9f79e: shutdown LeaderElection
2019-09-20 08:52:11,041 [b94e02b2-da92-474d-abbd-fccabaa9f79e:group-CA166D0450FD:LeaderElection6] INFO  impl.RaftServerImpl (RaftServerImpl.java:setRole(171)) - b94e02b2-da92-474d-abbd-fccabaa9f79e:group-CA166D0450FD changes role from CANDIDATE to LEADER at term 1 for changeToLeader
2019-09-20 08:52:11,041 [b94e02b2-da92-474d-abbd-fccabaa9f79e:group-CA166D0450FD:LeaderElection6] INFO  impl.RaftServerImpl (ServerState.java:setLeader(263)) - b94e02b2-da92-474d-abbd-fccabaa9f79e:group-CA166D0450FD change Leader from null to b94e02b2-da92-474d-abbd-fccabaa9f79e at term 1 for becomeLeader, leader elected after 5193ms
2019-09-20 08:52:11,043 [b94e02b2-da92-474d-abbd-fccabaa9f79e:group-CA166D0450FD:LeaderElection6] INFO  server.RaftServerConfigKeys (ConfUtils.java:logGet(43)) - raft.server.staging.catchup.gap = 1000 (default)
2019-09-20 08:52:11,043 [b94e02b2-da92-474d-abbd-fccabaa9f79e:group-CA166D0450FD:LeaderElection6] INFO  server.RaftServerConfigKeys (ConfUtils.java:logGet(43)) - raft.server.rpc.sleep.time = 25ms (default)
2019-09-20 08:52:11,043 [b94e02b2-da92-474d-abbd-fccabaa9f79e:group-CA166D0450FD:LeaderElection6] INFO  server.RaftServerConfigKeys (ConfUtils.java:logGet(43)) - raft.server.write.element-limit = 4096 (default)
2019-09-20 08:52:11,043 [b94e02b2-da92-474d-abbd-fccabaa9f79e:group-CA166D0450FD:LeaderElection6] INFO  server.RaftServerConfigKeys (ConfUtils.java:logGet(43)) - raft.server.watch.timeout = 10s (default)
2019-09-20 08:52:11,044 [b94e02b2-da92-474d-abbd-fccabaa9f79e:group-CA166D0450FD:LeaderElection6] INFO  server.RaftServerConfigKeys (ConfUtils.java:logGet(43)) - raft.server.watch.timeout.denomination = 1s (default)
2019-09-20 08:52:11,044 [b94e02b2-da92-474d-abbd-fccabaa9f79e:group-CA166D0450FD:LeaderElection6] INFO  server.RaftServerConfigKeys (ConfUtils.java:logGet(43)) - raft.server.watch.element-limit = 65536 (default)
2019-09-20 08:52:11,044 [b94e02b2-da92-474d-abbd-fccabaa9f79e:group-CA166D0450FD:LeaderElection6] INFO  impl.RoleInfo (RoleInfo.java:updateAndGet(143)) - b94e02b2-da92-474d-abbd-fccabaa9f79e: start LeaderState
2019-09-20 08:52:11,045 [b94e02b2-da92-474d-abbd-fccabaa9f79e:group-CA166D0450FD:LeaderElection6] INFO  segmented.SegmentedRaftLogWorker (SegmentedRaftLogWorker.java:startLogSegment(380)) - b94e02b2-da92-474d-abbd-fccabaa9f79e-SegmentedRaftLogWorker:Storage Directory /workdir/hadoop-ozone/tools/target/test-dir/MiniOzoneClusterImpl-da4e238f-9df3-4b07-9cd3-d36e1b7a1734/datanode-1/data/ratis/d504ac0e-a480-4156-b1fc-ca166d0450fd: Starting segment from index:0
2019-09-20 08:52:11,045 [b94e02b2-da92-474d-abbd-fccabaa9f79e:group-CA166D0450FD:LeaderElection6] INFO  impl.RaftServerImpl (ServerState.java:setRaftConf(361)) - b94e02b2-da92-474d-abbd-fccabaa9f79e:group-CA166D0450FD set configuration 0: [b94e02b2-da92-474d-abbd-fccabaa9f79e:192.168.36.79:36876], old=null at 0
2019-09-20 08:52:11,106 [b94e02b2-da92-474d-abbd-fccabaa9f79e-SegmentedRaftLogWorker:Storage Directory /workdir/hadoop-ozone/tools/target/test-dir/MiniOzoneClusterImpl-da4e238f-9df3-4b07-9cd3-d36e1b7a1734/datanode-1/data/ratis/d504ac0e-a480-4156-b1fc-ca166d0450fd] INFO  segmented.SegmentedRaftLogWorker (SegmentedRaftLogWorker.java:execute(569)) - b94e02b2-da92-474d-abbd-fccabaa9f79e-SegmentedRaftLogWorker:Storage Directory /workdir/hadoop-ozone/tools/target/test-dir/MiniOzoneClusterImpl-da4e238f-9df3-4b07-9cd3-d36e1b7a1734/datanode-1/data/ratis/d504ac0e-a480-4156-b1fc-ca166d0450fd: created new log segment /workdir/hadoop-ozone/tools/target/test-dir/MiniOzoneClusterImpl-da4e238f-9df3-4b07-9cd3-d36e1b7a1734/datanode-1/data/ratis/d504ac0e-a480-4156-b1fc-ca166d0450fd/current/log_inprogress_0
2019-09-20 08:52:11,109 [Thread-227] INFO  impl.FollowerState (FollowerState.java:run(106)) - 2ddefaab-8349-47ab-a504-e432f9d495c5:group-3C7F04F63509 changes to CANDIDATE, lastRpcTime:5154, electionTimeout:5154ms
2019-09-20 08:52:11,110 [Thread-227] INFO  impl.RoleInfo (RoleInfo.java:shutdownFollowerState(121)) - 2ddefaab-8349-47ab-a504-e432f9d495c5: shutdown FollowerState
2019-09-20 08:52:11,110 [Thread-227] INFO  impl.RaftServerImpl (RaftServerImpl.java:setRole(171)) - 2ddefaab-8349-47ab-a504-e432f9d495c5:group-3C7F04F63509 changes role from FOLLOWER to CANDIDATE at term 0 for changeToCandidate
2019-09-20 08:52:11,110 [Thread-227] INFO  impl.RoleInfo (RoleInfo.java:updateAndGet(143)) - 2ddefaab-8349-47ab-a504-e432f9d495c5: start LeaderElection
2019-09-20 08:52:11,148 [2ddefaab-8349-47ab-a504-e432f9d495c5:group-3C7F04F63509:LeaderElection7] INFO  impl.LeaderElection (LeaderElection.java:askForVotes(181)) - 2ddefaab-8349-47ab-a504-e432f9d495c5:group-3C7F04F63509:LeaderElection7: begin an election at term 1 for -1: [2ddefaab-8349-47ab-a504-e432f9d495c5:192.168.36.79:39000], old=null
2019-09-20 08:52:11,149 [2ddefaab-8349-47ab-a504-e432f9d495c5:group-3C7F04F63509:LeaderElection7] INFO  impl.RoleInfo (RoleInfo.java:shutdownLeaderElection(134)) - 2ddefaab-8349-47ab-a504-e432f9d495c5: shutdown LeaderElection
2019-09-20 08:52:11,150 [2ddefaab-8349-47ab-a504-e432f9d495c5:group-3C7F04F63509:LeaderElection7] INFO  impl.RaftServerImpl (RaftServerImpl.java:setRole(171)) - 2ddefaab-8349-47ab-a504-e432f9d495c5:group-3C7F04F63509 changes role from CANDIDATE to LEADER at term 1 for changeToLeader
2019-09-20 08:52:11,150 [2ddefaab-8349-47ab-a504-e432f9d495c5:group-3C7F04F63509:LeaderElection7] INFO  impl.RaftServerImpl (ServerState.java:setLeader(263)) - 2ddefaab-8349-47ab-a504-e432f9d495c5:group-3C7F04F63509 change Leader from null to 2ddefaab-8349-47ab-a504-e432f9d495c5 at term 1 for becomeLeader, leader elected after 5201ms
2019-09-20 08:52:11,151 [2ddefaab-8349-47ab-a504-e432f9d495c5:group-3C7F04F63509:LeaderElection7] INFO  server.RaftServerConfigKeys (ConfUtils.java:logGet(43)) - raft.server.staging.catchup.gap = 1000 (default)
2019-09-20 08:52:11,151 [2ddefaab-8349-47ab-a504-e432f9d495c5:group-3C7F04F63509:LeaderElection7] INFO  server.RaftServerConfigKeys (ConfUtils.java:logGet(43)) - raft.server.rpc.sleep.time = 25ms (default)
2019-09-20 08:52:11,152 [2ddefaab-8349-47ab-a504-e432f9d495c5:group-3C7F04F63509:LeaderElection7] INFO  server.RaftServerConfigKeys (ConfUtils.java:logGet(43)) - raft.server.write.element-limit = 4096 (default)
2019-09-20 08:52:11,152 [2ddefaab-8349-47ab-a504-e432f9d495c5:group-3C7F04F63509:LeaderElection7] INFO  server.RaftServerConfigKeys (ConfUtils.java:logGet(43)) - raft.server.watch.timeout = 10s (default)
2019-09-20 08:52:11,152 [2ddefaab-8349-47ab-a504-e432f9d495c5:group-3C7F04F63509:LeaderElection7] INFO  server.RaftServerConfigKeys (ConfUtils.java:logGet(43)) - raft.server.watch.timeout.denomination = 1s (default)
2019-09-20 08:52:11,152 [2ddefaab-8349-47ab-a504-e432f9d495c5:group-3C7F04F63509:LeaderElection7] INFO  server.RaftServerConfigKeys (ConfUtils.java:logGet(43)) - raft.server.watch.element-limit = 65536 (default)
2019-09-20 08:52:11,153 [2ddefaab-8349-47ab-a504-e432f9d495c5:group-3C7F04F63509:LeaderElection7] INFO  impl.RoleInfo (RoleInfo.java:updateAndGet(143)) - 2ddefaab-8349-47ab-a504-e432f9d495c5: start LeaderState
2019-09-20 08:52:11,153 [2ddefaab-8349-47ab-a504-e432f9d495c5:group-3C7F04F63509:LeaderElection7] INFO  segmented.SegmentedRaftLogWorker (SegmentedRaftLogWorker.java:startLogSegment(380)) - 2ddefaab-8349-47ab-a504-e432f9d495c5-SegmentedRaftLogWorker:Storage Directory /workdir/hadoop-ozone/tools/target/test-dir/MiniOzoneClusterImpl-da4e238f-9df3-4b07-9cd3-d36e1b7a1734/datanode-4/data/ratis/9d967111-edb9-4efa-b1b0-3c7f04f63509: Starting segment from index:0
2019-09-20 08:52:11,154 [2ddefaab-8349-47ab-a504-e432f9d495c5:group-3C7F04F63509:LeaderElection7] INFO  impl.RaftServerImpl (ServerState.java:setRaftConf(361)) - 2ddefaab-8349-47ab-a504-e432f9d495c5:group-3C7F04F63509 set configuration 0: [2ddefaab-8349-47ab-a504-e432f9d495c5:192.168.36.79:39000], old=null at 0
2019-09-20 08:52:11,179 [Thread-231] INFO  impl.FollowerState (FollowerState.java:run(106)) - b94e02b2-da92-474d-abbd-fccabaa9f79e:group-A939E289124A changes to CANDIDATE, lastRpcTime:5099, electionTimeout:5091ms
2019-09-20 08:52:11,179 [Thread-231] INFO  impl.RoleInfo (RoleInfo.java:shutdownFollowerState(121)) - b94e02b2-da92-474d-abbd-fccabaa9f79e: shutdown FollowerState
2019-09-20 08:52:11,179 [Thread-231] INFO  impl.RaftServerImpl (RaftServerImpl.java:setRole(171)) - b94e02b2-da92-474d-abbd-fccabaa9f79e:group-A939E289124A changes role from FOLLOWER to CANDIDATE at term 0 for changeToCandidate
2019-09-20 08:52:11,179 [Thread-231] INFO  impl.RoleInfo (RoleInfo.java:updateAndGet(143)) - b94e02b2-da92-474d-abbd-fccabaa9f79e: start LeaderElection
2019-09-20 08:52:11,185 | INFO  | SCMAudit | user=jenkins1000 | ip=192.168.36.79 | op=SEND_HEARTBEAT {datanodeUUID=b94e02b2-da92-474d-abbd-fccabaa9f79e, command=[]} | ret=SUCCESS |  
2019-09-20 08:52:11,215 [2ddefaab-8349-47ab-a504-e432f9d495c5-SegmentedRaftLogWorker:Storage Directory /workdir/hadoop-ozone/tools/target/test-dir/MiniOzoneClusterImpl-da4e238f-9df3-4b07-9cd3-d36e1b7a1734/datanode-4/data/ratis/9d967111-edb9-4efa-b1b0-3c7f04f63509] INFO  segmented.SegmentedRaftLogWorker (SegmentedRaftLogWorker.java:execute(569)) - 2ddefaab-8349-47ab-a504-e432f9d495c5-SegmentedRaftLogWorker:Storage Directory /workdir/hadoop-ozone/tools/target/test-dir/MiniOzoneClusterImpl-da4e238f-9df3-4b07-9cd3-d36e1b7a1734/datanode-4/data/ratis/9d967111-edb9-4efa-b1b0-3c7f04f63509: created new log segment /workdir/hadoop-ozone/tools/target/test-dir/MiniOzoneClusterImpl-da4e238f-9df3-4b07-9cd3-d36e1b7a1734/datanode-4/data/ratis/9d967111-edb9-4efa-b1b0-3c7f04f63509/current/log_inprogress_0
2019-09-20 08:52:11,215 [b94e02b2-da92-474d-abbd-fccabaa9f79e:group-A939E289124A:LeaderElection8] INFO  impl.LeaderElection (LeaderElection.java:askForVotes(181)) - b94e02b2-da92-474d-abbd-fccabaa9f79e:group-A939E289124A:LeaderElection8: begin an election at term 1 for -1: [b94e02b2-da92-474d-abbd-fccabaa9f79e:192.168.36.79:36876], old=null
2019-09-20 08:52:11,215 [b94e02b2-da92-474d-abbd-fccabaa9f79e:group-A939E289124A:LeaderElection8] INFO  impl.RoleInfo (RoleInfo.java:shutdownLeaderElection(134)) - b94e02b2-da92-474d-abbd-fccabaa9f79e: shutdown LeaderElection
2019-09-20 08:52:11,215 [b94e02b2-da92-474d-abbd-fccabaa9f79e:group-A939E289124A:LeaderElection8] INFO  impl.RaftServerImpl (RaftServerImpl.java:setRole(171)) - b94e02b2-da92-474d-abbd-fccabaa9f79e:group-A939E289124A changes role from CANDIDATE to LEADER at term 1 for changeToLeader
2019-09-20 08:52:11,215 [b94e02b2-da92-474d-abbd-fccabaa9f79e:group-A939E289124A:LeaderElection8] INFO  impl.RaftServerImpl (ServerState.java:setLeader(263)) - b94e02b2-da92-474d-abbd-fccabaa9f79e:group-A939E289124A change Leader from null to b94e02b2-da92-474d-abbd-fccabaa9f79e at term 1 for becomeLeader, leader elected after 5141ms
2019-09-20 08:52:11,216 [b94e02b2-da92-474d-abbd-fccabaa9f79e:group-A939E289124A:LeaderElection8] INFO  server.RaftServerConfigKeys (ConfUtils.java:logGet(43)) - raft.server.staging.catchup.gap = 1000 (default)
2019-09-20 08:52:11,216 [b94e02b2-da92-474d-abbd-fccabaa9f79e:group-A939E289124A:LeaderElection8] INFO  server.RaftServerConfigKeys (ConfUtils.java:logGet(43)) - raft.server.rpc.sleep.time = 25ms (default)
2019-09-20 08:52:11,216 [b94e02b2-da92-474d-abbd-fccabaa9f79e:group-A939E289124A:LeaderElection8] INFO  server.RaftServerConfigKeys (ConfUtils.java:logGet(43)) - raft.server.write.element-limit = 4096 (default)
2019-09-20 08:52:11,216 [b94e02b2-da92-474d-abbd-fccabaa9f79e:group-A939E289124A:LeaderElection8] INFO  server.RaftServerConfigKeys (ConfUtils.java:logGet(43)) - raft.server.watch.timeout = 10s (default)
2019-09-20 08:52:11,216 [b94e02b2-da92-474d-abbd-fccabaa9f79e:group-A939E289124A:LeaderElection8] INFO  server.RaftServerConfigKeys (ConfUtils.java:logGet(43)) - raft.server.watch.timeout.denomination = 1s (default)
2019-09-20 08:52:11,217 [b94e02b2-da92-474d-abbd-fccabaa9f79e:group-A939E289124A:LeaderElection8] INFO  server.RaftServerConfigKeys (ConfUtils.java:logGet(43)) - raft.server.watch.element-limit = 65536 (default)
2019-09-20 08:52:11,217 [b94e02b2-da92-474d-abbd-fccabaa9f79e:group-A939E289124A:LeaderElection8] INFO  impl.RoleInfo (RoleInfo.java:updateAndGet(143)) - b94e02b2-da92-474d-abbd-fccabaa9f79e: start LeaderState
2019-09-20 08:52:11,217 [b94e02b2-da92-474d-abbd-fccabaa9f79e:group-A939E289124A:LeaderElection8] INFO  segmented.SegmentedRaftLogWorker (SegmentedRaftLogWorker.java:startLogSegment(380)) - b94e02b2-da92-474d-abbd-fccabaa9f79e-SegmentedRaftLogWorker:Storage Directory /workdir/hadoop-ozone/tools/target/test-dir/MiniOzoneClusterImpl-da4e238f-9df3-4b07-9cd3-d36e1b7a1734/datanode-1/data/ratis/074ba9f1-a38c-498c-a2f7-a939e289124a: Starting segment from index:0
2019-09-20 08:52:11,218 [b94e02b2-da92-474d-abbd-fccabaa9f79e:group-A939E289124A:LeaderElection8] INFO  impl.RaftServerImpl (ServerState.java:setRaftConf(361)) - b94e02b2-da92-474d-abbd-fccabaa9f79e:group-A939E289124A set configuration 0: [b94e02b2-da92-474d-abbd-fccabaa9f79e:192.168.36.79:36876], old=null at 0
2019-09-20 08:52:11,265 [b94e02b2-da92-474d-abbd-fccabaa9f79e-SegmentedRaftLogWorker:Storage Directory /workdir/hadoop-ozone/tools/target/test-dir/MiniOzoneClusterImpl-da4e238f-9df3-4b07-9cd3-d36e1b7a1734/datanode-1/data/ratis/074ba9f1-a38c-498c-a2f7-a939e289124a] INFO  segmented.SegmentedRaftLogWorker (SegmentedRaftLogWorker.java:execute(569)) - b94e02b2-da92-474d-abbd-fccabaa9f79e-SegmentedRaftLogWorker:Storage Directory /workdir/hadoop-ozone/tools/target/test-dir/MiniOzoneClusterImpl-da4e238f-9df3-4b07-9cd3-d36e1b7a1734/datanode-1/data/ratis/074ba9f1-a38c-498c-a2f7-a939e289124a: created new log segment /workdir/hadoop-ozone/tools/target/test-dir/MiniOzoneClusterImpl-da4e238f-9df3-4b07-9cd3-d36e1b7a1734/datanode-1/data/ratis/074ba9f1-a38c-498c-a2f7-a939e289124a/current/log_inprogress_0
2019-09-20 08:52:11,323 [Thread-234] INFO  impl.FollowerState (FollowerState.java:run(106)) - 44c728ea-0f6d-4328-96aa-117f098b9c99:group-64ABCF2F53DA changes to CANDIDATE, lastRpcTime:5132, electionTimeout:5132ms
2019-09-20 08:52:11,323 [Thread-234] INFO  impl.RoleInfo (RoleInfo.java:shutdownFollowerState(121)) - 44c728ea-0f6d-4328-96aa-117f098b9c99: shutdown FollowerState
2019-09-20 08:52:11,323 [Thread-234] INFO  impl.RaftServerImpl (RaftServerImpl.java:setRole(171)) - 44c728ea-0f6d-4328-96aa-117f098b9c99:group-64ABCF2F53DA changes role from FOLLOWER to CANDIDATE at term 0 for changeToCandidate
2019-09-20 08:52:11,324 [Thread-234] INFO  impl.RoleInfo (RoleInfo.java:updateAndGet(143)) - 44c728ea-0f6d-4328-96aa-117f098b9c99: start LeaderElection
2019-09-20 08:52:11,374 [44c728ea-0f6d-4328-96aa-117f098b9c99:group-64ABCF2F53DA:LeaderElection9] INFO  impl.LeaderElection (LeaderElection.java:askForVotes(181)) - 44c728ea-0f6d-4328-96aa-117f098b9c99:group-64ABCF2F53DA:LeaderElection9: begin an election at term 1 for -1: [44c728ea-0f6d-4328-96aa-117f098b9c99:192.168.36.79:38728], old=null
2019-09-20 08:52:11,376 [44c728ea-0f6d-4328-96aa-117f098b9c99:group-64ABCF2F53DA:LeaderElection9] INFO  impl.RoleInfo (RoleInfo.java:shutdownLeaderElection(134)) - 44c728ea-0f6d-4328-96aa-117f098b9c99: shutdown LeaderElection
2019-09-20 08:52:11,376 [44c728ea-0f6d-4328-96aa-117f098b9c99:group-64ABCF2F53DA:LeaderElection9] INFO  impl.RaftServerImpl (RaftServerImpl.java:setRole(171)) - 44c728ea-0f6d-4328-96aa-117f098b9c99:group-64ABCF2F53DA changes role from CANDIDATE to LEADER at term 1 for changeToLeader
2019-09-20 08:52:11,376 [44c728ea-0f6d-4328-96aa-117f098b9c99:group-64ABCF2F53DA:LeaderElection9] INFO  impl.RaftServerImpl (ServerState.java:setLeader(263)) - 44c728ea-0f6d-4328-96aa-117f098b9c99:group-64ABCF2F53DA change Leader from null to 44c728ea-0f6d-4328-96aa-117f098b9c99 at term 1 for becomeLeader, leader elected after 5191ms
2019-09-20 08:52:11,377 [44c728ea-0f6d-4328-96aa-117f098b9c99:group-64ABCF2F53DA:LeaderElection9] INFO  server.RaftServerConfigKeys (ConfUtils.java:logGet(43)) - raft.server.staging.catchup.gap = 1000 (default)
2019-09-20 08:52:11,377 [44c728ea-0f6d-4328-96aa-117f098b9c99:group-64ABCF2F53DA:LeaderElection9] INFO  server.RaftServerConfigKeys (ConfUtils.java:logGet(43)) - raft.server.rpc.sleep.time = 25ms (default)
2019-09-20 08:52:11,377 [44c728ea-0f6d-4328-96aa-117f098b9c99:group-64ABCF2F53DA:LeaderElection9] INFO  server.RaftServerConfigKeys (ConfUtils.java:logGet(43)) - raft.server.write.element-limit = 4096 (default)
2019-09-20 08:52:11,377 [44c728ea-0f6d-4328-96aa-117f098b9c99:group-64ABCF2F53DA:LeaderElection9] INFO  server.RaftServerConfigKeys (ConfUtils.java:logGet(43)) - raft.server.watch.timeout = 10s (default)
2019-09-20 08:52:11,378 [44c728ea-0f6d-4328-96aa-117f098b9c99:group-64ABCF2F53DA:LeaderElection9] INFO  server.RaftServerConfigKeys (ConfUtils.java:logGet(43)) - raft.server.watch.timeout.denomination = 1s (default)
2019-09-20 08:52:11,378 [44c728ea-0f6d-4328-96aa-117f098b9c99:group-64ABCF2F53DA:LeaderElection9] INFO  server.RaftServerConfigKeys (ConfUtils.java:logGet(43)) - raft.server.watch.element-limit = 65536 (default)
2019-09-20 08:52:11,378 [44c728ea-0f6d-4328-96aa-117f098b9c99:group-64ABCF2F53DA:LeaderElection9] INFO  impl.RoleInfo (RoleInfo.java:updateAndGet(143)) - 44c728ea-0f6d-4328-96aa-117f098b9c99: start LeaderState
2019-09-20 08:52:11,379 [44c728ea-0f6d-4328-96aa-117f098b9c99:group-64ABCF2F53DA:LeaderElection9] INFO  segmented.SegmentedRaftLogWorker (SegmentedRaftLogWorker.java:startLogSegment(380)) - 44c728ea-0f6d-4328-96aa-117f098b9c99-SegmentedRaftLogWorker:Storage Directory /workdir/hadoop-ozone/tools/target/test-dir/MiniOzoneClusterImpl-da4e238f-9df3-4b07-9cd3-d36e1b7a1734/datanode-2/data/ratis/58bfd97e-3e10-4f27-8d66-64abcf2f53da: Starting segment from index:0
2019-09-20 08:52:11,379 [44c728ea-0f6d-4328-96aa-117f098b9c99:group-64ABCF2F53DA:LeaderElection9] INFO  impl.RaftServerImpl (ServerState.java:setRaftConf(361)) - 44c728ea-0f6d-4328-96aa-117f098b9c99:group-64ABCF2F53DA set configuration 0: [44c728ea-0f6d-4328-96aa-117f098b9c99:192.168.36.79:38728], old=null at 0
2019-09-20 08:52:11,438 | INFO  | SCMAudit | user=jenkins1000 | ip=192.168.36.79 | op=SEND_HEARTBEAT {datanodeUUID=44c728ea-0f6d-4328-96aa-117f098b9c99, command=[]} | ret=SUCCESS |  
2019-09-20 08:52:11,449 [44c728ea-0f6d-4328-96aa-117f098b9c99-SegmentedRaftLogWorker:Storage Directory /workdir/hadoop-ozone/tools/target/test-dir/MiniOzoneClusterImpl-da4e238f-9df3-4b07-9cd3-d36e1b7a1734/datanode-2/data/ratis/58bfd97e-3e10-4f27-8d66-64abcf2f53da] INFO  segmented.SegmentedRaftLogWorker (SegmentedRaftLogWorker.java:execute(569)) - 44c728ea-0f6d-4328-96aa-117f098b9c99-SegmentedRaftLogWorker:Storage Directory /workdir/hadoop-ozone/tools/target/test-dir/MiniOzoneClusterImpl-da4e238f-9df3-4b07-9cd3-d36e1b7a1734/datanode-2/data/ratis/58bfd97e-3e10-4f27-8d66-64abcf2f53da: created new log segment /workdir/hadoop-ozone/tools/target/test-dir/MiniOzoneClusterImpl-da4e238f-9df3-4b07-9cd3-d36e1b7a1734/datanode-2/data/ratis/58bfd97e-3e10-4f27-8d66-64abcf2f53da/current/log_inprogress_0
 100.00% |█████████████████████████████████████████████████████████████████████████████████████████████████████|  1/1 Time: 0:00:05
2019-09-20 08:52:11,484 [Thread-238] INFO  impl.FollowerState (FollowerState.java:run(106)) - f6ec089b-5516-4b64-9212-97eb604ab2a5:group-BF6464206AB4 changes to CANDIDATE, lastRpcTime:5169, electionTimeout:5169ms
2019-09-20 08:52:11,484 [Thread-238] INFO  impl.RoleInfo (RoleInfo.java:shutdownFollowerState(121)) - f6ec089b-5516-4b64-9212-97eb604ab2a5: shutdown FollowerState
2019-09-20 08:52:11,485 [Thread-238] INFO  impl.RaftServerImpl (RaftServerImpl.java:setRole(171)) - f6ec089b-5516-4b64-9212-97eb604ab2a5:group-BF6464206AB4 changes role from FOLLOWER to CANDIDATE at term 0 for changeToCandidate
2019-09-20 08:52:11,485 [Thread-238] INFO  impl.RoleInfo (RoleInfo.java:updateAndGet(143)) - f6ec089b-5516-4b64-9212-97eb604ab2a5: start LeaderElection
2019-09-20 08:52:11,497 [Thread-241] INFO  impl.FollowerState (FollowerState.java:run(106)) - b94e02b2-da92-474d-abbd-fccabaa9f79e:group-D3A8DCC8AB6D changes to CANDIDATE, lastRpcTime:5079, electionTimeout:5079ms
2019-09-20 08:52:11,504 [Thread-241] INFO  impl.RoleInfo (RoleInfo.java:shutdownFollowerState(121)) - b94e02b2-da92-474d-abbd-fccabaa9f79e: shutdown FollowerState
2019-09-20 08:52:11,504 [Thread-241] INFO  impl.RaftServerImpl (RaftServerImpl.java:setRole(171)) - b94e02b2-da92-474d-abbd-fccabaa9f79e:group-D3A8DCC8AB6D changes role from FOLLOWER to CANDIDATE at term 0 for changeToCandidate
2019-09-20 08:52:11,505 [Thread-241] INFO  impl.RoleInfo (RoleInfo.java:updateAndGet(143)) - b94e02b2-da92-474d-abbd-fccabaa9f79e: start LeaderElection
2019-09-20 08:52:11,525 [b94e02b2-da92-474d-abbd-fccabaa9f79e:group-D3A8DCC8AB6D:LeaderElection11] INFO  impl.LeaderElection (LeaderElection.java:askForVotes(181)) - b94e02b2-da92-474d-abbd-fccabaa9f79e:group-D3A8DCC8AB6D:LeaderElection11: begin an election at term 1 for -1: [b94e02b2-da92-474d-abbd-fccabaa9f79e:192.168.36.79:36876], old=null
2019-09-20 08:52:11,525 [f6ec089b-5516-4b64-9212-97eb604ab2a5:group-BF6464206AB4:LeaderElection10] INFO  impl.LeaderElection (LeaderElection.java:askForVotes(181)) - f6ec089b-5516-4b64-9212-97eb604ab2a5:group-BF6464206AB4:LeaderElection10: begin an election at term 1 for -1: [f6ec089b-5516-4b64-9212-97eb604ab2a5:192.168.36.79:40071], old=null
2019-09-20 08:52:11,525 [b94e02b2-da92-474d-abbd-fccabaa9f79e:group-D3A8DCC8AB6D:LeaderElection11] INFO  impl.RoleInfo (RoleInfo.java:shutdownLeaderElection(134)) - b94e02b2-da92-474d-abbd-fccabaa9f79e: shutdown LeaderElection
2019-09-20 08:52:11,525 [f6ec089b-5516-4b64-9212-97eb604ab2a5:group-BF6464206AB4:LeaderElection10] INFO  impl.RoleInfo (RoleInfo.java:shutdownLeaderElection(134)) - f6ec089b-5516-4b64-9212-97eb604ab2a5: shutdown LeaderElection
2019-09-20 08:52:11,525 [b94e02b2-da92-474d-abbd-fccabaa9f79e:group-D3A8DCC8AB6D:LeaderElection11] INFO  impl.RaftServerImpl (RaftServerImpl.java:setRole(171)) - b94e02b2-da92-474d-abbd-fccabaa9f79e:group-D3A8DCC8AB6D changes role from CANDIDATE to LEADER at term 1 for changeToLeader
2019-09-20 08:52:11,525 [f6ec089b-5516-4b64-9212-97eb604ab2a5:group-BF6464206AB4:LeaderElection10] INFO  impl.RaftServerImpl (RaftServerImpl.java:setRole(171)) - f6ec089b-5516-4b64-9212-97eb604ab2a5:group-BF6464206AB4 changes role from CANDIDATE to LEADER at term 1 for changeToLeader
2019-09-20 08:52:11,525 [b94e02b2-da92-474d-abbd-fccabaa9f79e:group-D3A8DCC8AB6D:LeaderElection11] INFO  impl.RaftServerImpl (ServerState.java:setLeader(263)) - b94e02b2-da92-474d-abbd-fccabaa9f79e:group-D3A8DCC8AB6D change Leader from null to b94e02b2-da92-474d-abbd-fccabaa9f79e at term 1 for becomeLeader, leader elected after 5115ms
2019-09-20 08:52:11,526 [f6ec089b-5516-4b64-9212-97eb604ab2a5:group-BF6464206AB4:LeaderElection10] INFO  impl.RaftServerImpl (ServerState.java:setLeader(263)) - f6ec089b-5516-4b64-9212-97eb604ab2a5:group-BF6464206AB4 change Leader from null to f6ec089b-5516-4b64-9212-97eb604ab2a5 at term 1 for becomeLeader, leader elected after 5216ms
2019-09-20 08:52:11,526 [b94e02b2-da92-474d-abbd-fccabaa9f79e:group-D3A8DCC8AB6D:LeaderElection11] INFO  server.RaftServerConfigKeys (ConfUtils.java:logGet(43)) - raft.server.staging.catchup.gap = 1000 (default)
2019-09-20 08:52:11,526 [b94e02b2-da92-474d-abbd-fccabaa9f79e:group-D3A8DCC8AB6D:LeaderElection11] INFO  server.RaftServerConfigKeys (ConfUtils.java:logGet(43)) - raft.server.rpc.sleep.time = 25ms (default)
2019-09-20 08:52:11,526 [f6ec089b-5516-4b64-9212-97eb604ab2a5:group-BF6464206AB4:LeaderElection10] INFO  server.RaftServerConfigKeys (ConfUtils.java:logGet(43)) - raft.server.staging.catchup.gap = 1000 (default)
2019-09-20 08:52:11,526 [b94e02b2-da92-474d-abbd-fccabaa9f79e:group-D3A8DCC8AB6D:LeaderElection11] INFO  server.RaftServerConfigKeys (ConfUtils.java:logGet(43)) - raft.server.write.element-limit = 4096 (default)
2019-09-20 08:52:11,526 [f6ec089b-5516-4b64-9212-97eb604ab2a5:group-BF6464206AB4:LeaderElection10] INFO  server.RaftServerConfigKeys (ConfUtils.java:logGet(43)) - raft.server.rpc.sleep.time = 25ms (default)
2019-09-20 08:52:11,526 [b94e02b2-da92-474d-abbd-fccabaa9f79e:group-D3A8DCC8AB6D:LeaderElection11] INFO  server.RaftServerConfigKeys (ConfUtils.java:logGet(43)) - raft.server.watch.timeout = 10s (default)
2019-09-20 08:52:11,527 [b94e02b2-da92-474d-abbd-fccabaa9f79e:group-D3A8DCC8AB6D:LeaderElection11] INFO  server.RaftServerConfigKeys (ConfUtils.java:logGet(43)) - raft.server.watch.timeout.denomination = 1s (default)
2019-09-20 08:52:11,527 [f6ec089b-5516-4b64-9212-97eb604ab2a5:group-BF6464206AB4:LeaderElection10] INFO  server.RaftServerConfigKeys (ConfUtils.java:logGet(43)) - raft.server.write.element-limit = 4096 (default)
2019-09-20 08:52:11,527 [b94e02b2-da92-474d-abbd-fccabaa9f79e:group-D3A8DCC8AB6D:LeaderElection11] INFO  server.RaftServerConfigKeys (ConfUtils.java:logGet(43)) - raft.server.watch.element-limit = 65536 (default)
2019-09-20 08:52:11,527 [f6ec089b-5516-4b64-9212-97eb604ab2a5:group-BF6464206AB4:LeaderElection10] INFO  server.RaftServerConfigKeys (ConfUtils.java:logGet(43)) - raft.server.watch.timeout = 10s (default)
2019-09-20 08:52:11,527 [b94e02b2-da92-474d-abbd-fccabaa9f79e:group-D3A8DCC8AB6D:LeaderElection11] INFO  impl.RoleInfo (RoleInfo.java:updateAndGet(143)) - b94e02b2-da92-474d-abbd-fccabaa9f79e: start LeaderState
2019-09-20 08:52:11,527 [f6ec089b-5516-4b64-9212-97eb604ab2a5:group-BF6464206AB4:LeaderElection10] INFO  server.RaftServerConfigKeys (ConfUtils.java:logGet(43)) - raft.server.watch.timeout.denomination = 1s (default)
2019-09-20 08:52:11,527 [b94e02b2-da92-474d-abbd-fccabaa9f79e:group-D3A8DCC8AB6D:LeaderElection11] INFO  segmented.SegmentedRaftLogWorker (SegmentedRaftLogWorker.java:startLogSegment(380)) - b94e02b2-da92-474d-abbd-fccabaa9f79e-SegmentedRaftLogWorker:Storage Directory /workdir/hadoop-ozone/tools/target/test-dir/MiniOzoneClusterImpl-da4e238f-9df3-4b07-9cd3-d36e1b7a1734/datanode-1/data/ratis/38976374-8e17-4b4c-a90a-d3a8dcc8ab6d: Starting segment from index:0
2019-09-20 08:52:11,527 [f6ec089b-5516-4b64-9212-97eb604ab2a5:group-BF6464206AB4:LeaderElection10] INFO  server.RaftServerConfigKeys (ConfUtils.java:logGet(43)) - raft.server.watch.element-limit = 65536 (default)
2019-09-20 08:52:11,528 [f6ec089b-5516-4b64-9212-97eb604ab2a5:group-BF6464206AB4:LeaderElection10] INFO  impl.RoleInfo (RoleInfo.java:updateAndGet(143)) - f6ec089b-5516-4b64-9212-97eb604ab2a5: start LeaderState
2019-09-20 08:52:11,528 [b94e02b2-da92-474d-abbd-fccabaa9f79e:group-D3A8DCC8AB6D:LeaderElection11] INFO  impl.RaftServerImpl (ServerState.java:setRaftConf(361)) - b94e02b2-da92-474d-abbd-fccabaa9f79e:group-D3A8DCC8AB6D set configuration 0: [b94e02b2-da92-474d-abbd-fccabaa9f79e:192.168.36.79:36876], old=null at 0
2019-09-20 08:52:11,562 [f6ec089b-5516-4b64-9212-97eb604ab2a5:group-BF6464206AB4:LeaderElection10] INFO  segmented.SegmentedRaftLogWorker (SegmentedRaftLogWorker.java:startLogSegment(380)) - f6ec089b-5516-4b64-9212-97eb604ab2a5-SegmentedRaftLogWorker:Storage Directory /workdir/hadoop-ozone/tools/target/test-dir/MiniOzoneClusterImpl-da4e238f-9df3-4b07-9cd3-d36e1b7a1734/datanode-3/data/ratis/d63849fb-b5b3-405d-b948-bf6464206ab4: Starting segment from index:0
2019-09-20 08:52:11,563 [f6ec089b-5516-4b64-9212-97eb604ab2a5:group-BF6464206AB4:LeaderElection10] INFO  impl.RaftServerImpl (ServerState.java:setRaftConf(361)) - f6ec089b-5516-4b64-9212-97eb604ab2a5:group-BF6464206AB4 set configuration 0: [f6ec089b-5516-4b64-9212-97eb604ab2a5:192.168.36.79:40071], old=null at 0
2019-09-20 08:52:11,600 [b94e02b2-da92-474d-abbd-fccabaa9f79e-SegmentedRaftLogWorker:Storage Directory /workdir/hadoop-ozone/tools/target/test-dir/MiniOzoneClusterImpl-da4e238f-9df3-4b07-9cd3-d36e1b7a1734/datanode-1/data/ratis/38976374-8e17-4b4c-a90a-d3a8dcc8ab6d] INFO  segmented.SegmentedRaftLogWorker (SegmentedRaftLogWorker.java:execute(569)) - b94e02b2-da92-474d-abbd-fccabaa9f79e-SegmentedRaftLogWorker:Storage Directory /workdir/hadoop-ozone/tools/target/test-dir/MiniOzoneClusterImpl-da4e238f-9df3-4b07-9cd3-d36e1b7a1734/datanode-1/data/ratis/38976374-8e17-4b4c-a90a-d3a8dcc8ab6d: created new log segment /workdir/hadoop-ozone/tools/target/test-dir/MiniOzoneClusterImpl-da4e238f-9df3-4b07-9cd3-d36e1b7a1734/datanode-1/data/ratis/38976374-8e17-4b4c-a90a-d3a8dcc8ab6d/current/log_inprogress_0
2019-09-20 08:52:11,608 [Thread-248] INFO  impl.FollowerState (FollowerState.java:run(106)) - f6ec089b-5516-4b64-9212-97eb604ab2a5:group-5873F581BB86 changes to CANDIDATE, lastRpcTime:5090, electionTimeout:5090ms
2019-09-20 08:52:11,608 [Thread-248] INFO  impl.RoleInfo (RoleInfo.java:shutdownFollowerState(121)) - f6ec089b-5516-4b64-9212-97eb604ab2a5: shutdown FollowerState
2019-09-20 08:52:11,608 [Thread-248] INFO  impl.RaftServerImpl (RaftServerImpl.java:setRole(171)) - f6ec089b-5516-4b64-9212-97eb604ab2a5:group-5873F581BB86 changes role from FOLLOWER to CANDIDATE at term 0 for changeToCandidate
2019-09-20 08:52:11,609 [Thread-248] INFO  impl.RoleInfo (RoleInfo.java:updateAndGet(143)) - f6ec089b-5516-4b64-9212-97eb604ab2a5: start LeaderElection
2019-09-20 08:52:11,625 [f6ec089b-5516-4b64-9212-97eb604ab2a5-SegmentedRaftLogWorker:Storage Directory /workdir/hadoop-ozone/tools/target/test-dir/MiniOzoneClusterImpl-da4e238f-9df3-4b07-9cd3-d36e1b7a1734/datanode-3/data/ratis/d63849fb-b5b3-405d-b948-bf6464206ab4] INFO  segmented.SegmentedRaftLogWorker (SegmentedRaftLogWorker.java:execute(569)) - f6ec089b-5516-4b64-9212-97eb604ab2a5-SegmentedRaftLogWorker:Storage Directory /workdir/hadoop-ozone/tools/target/test-dir/MiniOzoneClusterImpl-da4e238f-9df3-4b07-9cd3-d36e1b7a1734/datanode-3/data/ratis/d63849fb-b5b3-405d-b948-bf6464206ab4: created new log segment /workdir/hadoop-ozone/tools/target/test-dir/MiniOzoneClusterImpl-da4e238f-9df3-4b07-9cd3-d36e1b7a1734/datanode-3/data/ratis/d63849fb-b5b3-405d-b948-bf6464206ab4/current/log_inprogress_0
2019-09-20 08:52:11,651 [f6ec089b-5516-4b64-9212-97eb604ab2a5:group-5873F581BB86:LeaderElection12] INFO  impl.LeaderElection (LeaderElection.java:askForVotes(181)) - f6ec089b-5516-4b64-9212-97eb604ab2a5:group-5873F581BB86:LeaderElection12: begin an election at term 1 for -1: [f6ec089b-5516-4b64-9212-97eb604ab2a5:192.168.36.79:40071], old=null
2019-09-20 08:52:11,651 [f6ec089b-5516-4b64-9212-97eb604ab2a5:group-5873F581BB86:LeaderElection12] INFO  impl.RoleInfo (RoleInfo.java:shutdownLeaderElection(134)) - f6ec089b-5516-4b64-9212-97eb604ab2a5: shutdown LeaderElection
2019-09-20 08:52:11,651 [f6ec089b-5516-4b64-9212-97eb604ab2a5:group-5873F581BB86:LeaderElection12] INFO  impl.RaftServerImpl (RaftServerImpl.java:setRole(171)) - f6ec089b-5516-4b64-9212-97eb604ab2a5:group-5873F581BB86 changes role from CANDIDATE to LEADER at term 1 for changeToLeader
2019-09-20 08:52:11,651 [f6ec089b-5516-4b64-9212-97eb604ab2a5:group-5873F581BB86:LeaderElection12] INFO  impl.RaftServerImpl (ServerState.java:setLeader(263)) - f6ec089b-5516-4b64-9212-97eb604ab2a5:group-5873F581BB86 change Leader from null to f6ec089b-5516-4b64-9212-97eb604ab2a5 at term 1 for becomeLeader, leader elected after 5140ms
2019-09-20 08:52:11,652 [f6ec089b-5516-4b64-9212-97eb604ab2a5:group-5873F581BB86:LeaderElection12] INFO  server.RaftServerConfigKeys (ConfUtils.java:logGet(43)) - raft.server.staging.catchup.gap = 1000 (default)
2019-09-20 08:52:11,652 [f6ec089b-5516-4b64-9212-97eb604ab2a5:group-5873F581BB86:LeaderElection12] INFO  server.RaftServerConfigKeys (ConfUtils.java:logGet(43)) - raft.server.rpc.sleep.time = 25ms (default)
2019-09-20 08:52:11,652 [f6ec089b-5516-4b64-9212-97eb604ab2a5:group-5873F581BB86:LeaderElection12] INFO  server.RaftServerConfigKeys (ConfUtils.java:logGet(43)) - raft.server.write.element-limit = 4096 (default)
2019-09-20 08:52:11,652 [f6ec089b-5516-4b64-9212-97eb604ab2a5:group-5873F581BB86:LeaderElection12] INFO  server.RaftServerConfigKeys (ConfUtils.java:logGet(43)) - raft.server.watch.timeout = 10s (default)
2019-09-20 08:52:11,652 [f6ec089b-5516-4b64-9212-97eb604ab2a5:group-5873F581BB86:LeaderElection12] INFO  server.RaftServerConfigKeys (ConfUtils.java:logGet(43)) - raft.server.watch.timeout.denomination = 1s (default)
2019-09-20 08:52:11,653 [f6ec089b-5516-4b64-9212-97eb604ab2a5:group-5873F581BB86:LeaderElection12] INFO  server.RaftServerConfigKeys (ConfUtils.java:logGet(43)) - raft.server.watch.element-limit = 65536 (default)
2019-09-20 08:52:11,653 [f6ec089b-5516-4b64-9212-97eb604ab2a5:group-5873F581BB86:LeaderElection12] INFO  impl.RoleInfo (RoleInfo.java:updateAndGet(143)) - f6ec089b-5516-4b64-9212-97eb604ab2a5: start LeaderState
2019-09-20 08:52:11,653 [f6ec089b-5516-4b64-9212-97eb604ab2a5:group-5873F581BB86:LeaderElection12] INFO  segmented.SegmentedRaftLogWorker (SegmentedRaftLogWorker.java:startLogSegment(380)) - f6ec089b-5516-4b64-9212-97eb604ab2a5-SegmentedRaftLogWorker:Storage Directory /workdir/hadoop-ozone/tools/target/test-dir/MiniOzoneClusterImpl-da4e238f-9df3-4b07-9cd3-d36e1b7a1734/datanode-3/data/ratis/e19c806a-8f0f-4594-b8b1-5873f581bb86: Starting segment from index:0
2019-09-20 08:52:11,654 [f6ec089b-5516-4b64-9212-97eb604ab2a5:group-5873F581BB86:LeaderElection12] INFO  impl.RaftServerImpl (ServerState.java:setRaftConf(361)) - f6ec089b-5516-4b64-9212-97eb604ab2a5:group-5873F581BB86 set configuration 0: [f6ec089b-5516-4b64-9212-97eb604ab2a5:192.168.36.79:40071], old=null at 0
2019-09-20 08:52:11,687 [Thread-251] INFO  impl.FollowerState (FollowerState.java:run(106)) - 44c728ea-0f6d-4328-96aa-117f098b9c99:group-235D17DDE0F5 changes to CANDIDATE, lastRpcTime:5065, electionTimeout:5065ms
2019-09-20 08:52:11,687 [Thread-251] INFO  impl.RoleInfo (RoleInfo.java:shutdownFollowerState(121)) - 44c728ea-0f6d-4328-96aa-117f098b9c99: shutdown FollowerState
2019-09-20 08:52:11,687 [Thread-251] INFO  impl.RaftServerImpl (RaftServerImpl.java:setRole(171)) - 44c728ea-0f6d-4328-96aa-117f098b9c99:group-235D17DDE0F5 changes role from FOLLOWER to CANDIDATE at term 0 for changeToCandidate
2019-09-20 08:52:11,687 [Thread-251] INFO  impl.RoleInfo (RoleInfo.java:updateAndGet(143)) - 44c728ea-0f6d-4328-96aa-117f098b9c99: start LeaderElection
2019-09-20 08:52:11,726 [f6ec089b-5516-4b64-9212-97eb604ab2a5-SegmentedRaftLogWorker:Storage Directory /workdir/hadoop-ozone/tools/target/test-dir/MiniOzoneClusterImpl-da4e238f-9df3-4b07-9cd3-d36e1b7a1734/datanode-3/data/ratis/e19c806a-8f0f-4594-b8b1-5873f581bb86] INFO  segmented.SegmentedRaftLogWorker (SegmentedRaftLogWorker.java:execute(569)) - f6ec089b-5516-4b64-9212-97eb604ab2a5-SegmentedRaftLogWorker:Storage Directory /workdir/hadoop-ozone/tools/target/test-dir/MiniOzoneClusterImpl-da4e238f-9df3-4b07-9cd3-d36e1b7a1734/datanode-3/data/ratis/e19c806a-8f0f-4594-b8b1-5873f581bb86: created new log segment /workdir/hadoop-ozone/tools/target/test-dir/MiniOzoneClusterImpl-da4e238f-9df3-4b07-9cd3-d36e1b7a1734/datanode-3/data/ratis/e19c806a-8f0f-4594-b8b1-5873f581bb86/current/log_inprogress_0
2019-09-20 08:52:11,777 [44c728ea-0f6d-4328-96aa-117f098b9c99:group-235D17DDE0F5:LeaderElection13] INFO  impl.LeaderElection (LeaderElection.java:askForVotes(181)) - 44c728ea-0f6d-4328-96aa-117f098b9c99:group-235D17DDE0F5:LeaderElection13: begin an election at term 1 for -1: [44c728ea-0f6d-4328-96aa-117f098b9c99:192.168.36.79:38728], old=null
2019-09-20 08:52:11,778 [44c728ea-0f6d-4328-96aa-117f098b9c99:group-235D17DDE0F5:LeaderElection13] INFO  impl.RoleInfo (RoleInfo.java:shutdownLeaderElection(134)) - 44c728ea-0f6d-4328-96aa-117f098b9c99: shutdown LeaderElection
2019-09-20 08:52:11,778 [44c728ea-0f6d-4328-96aa-117f098b9c99:group-235D17DDE0F5:LeaderElection13] INFO  impl.RaftServerImpl (RaftServerImpl.java:setRole(171)) - 44c728ea-0f6d-4328-96aa-117f098b9c99:group-235D17DDE0F5 changes role from CANDIDATE to LEADER at term 1 for changeToLeader
2019-09-20 08:52:11,778 [44c728ea-0f6d-4328-96aa-117f098b9c99:group-235D17DDE0F5:LeaderElection13] INFO  impl.RaftServerImpl (ServerState.java:setLeader(263)) - 44c728ea-0f6d-4328-96aa-117f098b9c99:group-235D17DDE0F5 change Leader from null to 44c728ea-0f6d-4328-96aa-117f098b9c99 at term 1 for becomeLeader, leader elected after 5161ms
2019-09-20 08:52:11,778 [44c728ea-0f6d-4328-96aa-117f098b9c99:group-235D17DDE0F5:LeaderElection13] INFO  server.RaftServerConfigKeys (ConfUtils.java:logGet(43)) - raft.server.staging.catchup.gap = 1000 (default)
2019-09-20 08:52:11,778 [44c728ea-0f6d-4328-96aa-117f098b9c99:group-235D17DDE0F5:LeaderElection13] INFO  server.RaftServerConfigKeys (ConfUtils.java:logGet(43)) - raft.server.rpc.sleep.time = 25ms (default)
2019-09-20 08:52:11,779 [44c728ea-0f6d-4328-96aa-117f098b9c99:group-235D17DDE0F5:LeaderElection13] INFO  server.RaftServerConfigKeys (ConfUtils.java:logGet(43)) - raft.server.write.element-limit = 4096 (default)
2019-09-20 08:52:11,779 [44c728ea-0f6d-4328-96aa-117f098b9c99:group-235D17DDE0F5:LeaderElection13] INFO  server.RaftServerConfigKeys (ConfUtils.java:logGet(43)) - raft.server.watch.timeout = 10s (default)
2019-09-20 08:52:11,779 [44c728ea-0f6d-4328-96aa-117f098b9c99:group-235D17DDE0F5:LeaderElection13] INFO  server.RaftServerConfigKeys (ConfUtils.java:logGet(43)) - raft.server.watch.timeout.denomination = 1s (default)
2019-09-20 08:52:11,779 [44c728ea-0f6d-4328-96aa-117f098b9c99:group-235D17DDE0F5:LeaderElection13] INFO  server.RaftServerConfigKeys (ConfUtils.java:logGet(43)) - raft.server.watch.element-limit = 65536 (default)
2019-09-20 08:52:11,779 [44c728ea-0f6d-4328-96aa-117f098b9c99:group-235D17DDE0F5:LeaderElection13] INFO  impl.RoleInfo (RoleInfo.java:updateAndGet(143)) - 44c728ea-0f6d-4328-96aa-117f098b9c99: start LeaderState
2019-09-20 08:52:11,779 [44c728ea-0f6d-4328-96aa-117f098b9c99:group-235D17DDE0F5:LeaderElection13] INFO  segmented.SegmentedRaftLogWorker (SegmentedRaftLogWorker.java:startLogSegment(380)) - 44c728ea-0f6d-4328-96aa-117f098b9c99-SegmentedRaftLogWorker:Storage Directory /workdir/hadoop-ozone/tools/target/test-dir/MiniOzoneClusterImpl-da4e238f-9df3-4b07-9cd3-d36e1b7a1734/datanode-2/data/ratis/b7c145b1-8371-4706-aac3-235d17dde0f5: Starting segment from index:0
2019-09-20 08:52:11,780 [44c728ea-0f6d-4328-96aa-117f098b9c99:group-235D17DDE0F5:LeaderElection13] INFO  impl.RaftServerImpl (ServerState.java:setRaftConf(361)) - 44c728ea-0f6d-4328-96aa-117f098b9c99:group-235D17DDE0F5 set configuration 0: [44c728ea-0f6d-4328-96aa-117f098b9c99:192.168.36.79:38728], old=null at 0
2019-09-20 08:52:11,839 [44c728ea-0f6d-4328-96aa-117f098b9c99-SegmentedRaftLogWorker:Storage Directory /workdir/hadoop-ozone/tools/target/test-dir/MiniOzoneClusterImpl-da4e238f-9df3-4b07-9cd3-d36e1b7a1734/datanode-2/data/ratis/b7c145b1-8371-4706-aac3-235d17dde0f5] INFO  segmented.SegmentedRaftLogWorker (SegmentedRaftLogWorker.java:execute(569)) - 44c728ea-0f6d-4328-96aa-117f098b9c99-SegmentedRaftLogWorker:Storage Directory /workdir/hadoop-ozone/tools/target/test-dir/MiniOzoneClusterImpl-da4e238f-9df3-4b07-9cd3-d36e1b7a1734/datanode-2/data/ratis/b7c145b1-8371-4706-aac3-235d17dde0f5: created new log segment /workdir/hadoop-ozone/tools/target/test-dir/MiniOzoneClusterImpl-da4e238f-9df3-4b07-9cd3-d36e1b7a1734/datanode-2/data/ratis/b7c145b1-8371-4706-aac3-235d17dde0f5/current/log_inprogress_0
2019-09-20 08:52:11,892 | INFO  | SCMAudit | user=jenkins1000 | ip=192.168.36.79 | op=SEND_HEARTBEAT {datanodeUUID=3b3ba6e7-bc1c-4c2c-a22e-347ee35d38bc, command=[]} | ret=SUCCESS |  
2019-09-20 08:52:11,902 [Thread-255] INFO  impl.FollowerState (FollowerState.java:run(106)) - b94e02b2-da92-474d-abbd-fccabaa9f79e:group-85CB9E7CD171 changes to CANDIDATE, lastRpcTime:5185, electionTimeout:5185ms
2019-09-20 08:52:11,902 [Thread-255] INFO  impl.RoleInfo (RoleInfo.java:shutdownFollowerState(121)) - b94e02b2-da92-474d-abbd-fccabaa9f79e: shutdown FollowerState
2019-09-20 08:52:11,903 [Thread-255] INFO  impl.RaftServerImpl (RaftServerImpl.java:setRole(171)) - b94e02b2-da92-474d-abbd-fccabaa9f79e:group-85CB9E7CD171 changes role from FOLLOWER to CANDIDATE at term 0 for changeToCandidate
2019-09-20 08:52:11,903 [Thread-255] INFO  impl.RoleInfo (RoleInfo.java:updateAndGet(143)) - b94e02b2-da92-474d-abbd-fccabaa9f79e: start LeaderElection
2019-09-20 08:52:11,933 [b94e02b2-da92-474d-abbd-fccabaa9f79e:group-85CB9E7CD171:LeaderElection14] INFO  impl.LeaderElection (LeaderElection.java:askForVotes(181)) - b94e02b2-da92-474d-abbd-fccabaa9f79e:group-85CB9E7CD171:LeaderElection14: begin an election at term 1 for -1: [b94e02b2-da92-474d-abbd-fccabaa9f79e:192.168.36.79:36876], old=null
2019-09-20 08:52:11,933 [b94e02b2-da92-474d-abbd-fccabaa9f79e:group-85CB9E7CD171:LeaderElection14] INFO  impl.RoleInfo (RoleInfo.java:shutdownLeaderElection(134)) - b94e02b2-da92-474d-abbd-fccabaa9f79e: shutdown LeaderElection
2019-09-20 08:52:11,933 [b94e02b2-da92-474d-abbd-fccabaa9f79e:group-85CB9E7CD171:LeaderElection14] INFO  impl.RaftServerImpl (RaftServerImpl.java:setRole(171)) - b94e02b2-da92-474d-abbd-fccabaa9f79e:group-85CB9E7CD171 changes role from CANDIDATE to LEADER at term 1 for changeToLeader
2019-09-20 08:52:11,934 [b94e02b2-da92-474d-abbd-fccabaa9f79e:group-85CB9E7CD171:LeaderElection14] INFO  impl.RaftServerImpl (ServerState.java:setLeader(263)) - b94e02b2-da92-474d-abbd-fccabaa9f79e:group-85CB9E7CD171 change Leader from null to b94e02b2-da92-474d-abbd-fccabaa9f79e at term 1 for becomeLeader, leader elected after 5221ms
2019-09-20 08:52:11,934 [b94e02b2-da92-474d-abbd-fccabaa9f79e:group-85CB9E7CD171:LeaderElection14] INFO  server.RaftServerConfigKeys (ConfUtils.java:logGet(43)) - raft.server.staging.catchup.gap = 1000 (default)
2019-09-20 08:52:11,934 [b94e02b2-da92-474d-abbd-fccabaa9f79e:group-85CB9E7CD171:LeaderElection14] INFO  server.RaftServerConfigKeys (ConfUtils.java:logGet(43)) - raft.server.rpc.sleep.time = 25ms (default)
2019-09-20 08:52:11,934 [b94e02b2-da92-474d-abbd-fccabaa9f79e:group-85CB9E7CD171:LeaderElection14] INFO  server.RaftServerConfigKeys (ConfUtils.java:logGet(43)) - raft.server.write.element-limit = 4096 (default)
2019-09-20 08:52:11,934 [b94e02b2-da92-474d-abbd-fccabaa9f79e:group-85CB9E7CD171:LeaderElection14] INFO  server.RaftServerConfigKeys (ConfUtils.java:logGet(43)) - raft.server.watch.timeout = 10s (default)
2019-09-20 08:52:11,935 [b94e02b2-da92-474d-abbd-fccabaa9f79e:group-85CB9E7CD171:LeaderElection14] INFO  server.RaftServerConfigKeys (ConfUtils.java:logGet(43)) - raft.server.watch.timeout.denomination = 1s (default)
2019-09-20 08:52:11,935 [b94e02b2-da92-474d-abbd-fccabaa9f79e:group-85CB9E7CD171:LeaderElection14] INFO  server.RaftServerConfigKeys (ConfUtils.java:logGet(43)) - raft.server.watch.element-limit = 65536 (default)
2019-09-20 08:52:11,935 [b94e02b2-da92-474d-abbd-fccabaa9f79e:group-85CB9E7CD171:LeaderElection14] INFO  impl.RoleInfo (RoleInfo.java:updateAndGet(143)) - b94e02b2-da92-474d-abbd-fccabaa9f79e: start LeaderState
2019-09-20 08:52:11,935 [Thread-258] INFO  impl.FollowerState (FollowerState.java:run(106)) - 3b3ba6e7-bc1c-4c2c-a22e-347ee35d38bc:group-E7DDA92ADC1B changes to CANDIDATE, lastRpcTime:5100, electionTimeout:5100ms
2019-09-20 08:52:11,935 [b94e02b2-da92-474d-abbd-fccabaa9f79e:group-85CB9E7CD171:LeaderElection14] INFO  segmented.SegmentedRaftLogWorker (SegmentedRaftLogWorker.java:startLogSegment(380)) - b94e02b2-da92-474d-abbd-fccabaa9f79e-SegmentedRaftLogWorker:Storage Directory /workdir/hadoop-ozone/tools/target/test-dir/MiniOzoneClusterImpl-da4e238f-9df3-4b07-9cd3-d36e1b7a1734/datanode-1/data/ratis/df374a0b-306a-4074-8fad-85cb9e7cd171: Starting segment from index:0
2019-09-20 08:52:11,935 [Thread-258] INFO  impl.RoleInfo (RoleInfo.java:shutdownFollowerState(121)) - 3b3ba6e7-bc1c-4c2c-a22e-347ee35d38bc: shutdown FollowerState
2019-09-20 08:52:11,936 [Thread-258] INFO  impl.RaftServerImpl (RaftServerImpl.java:setRole(171)) - 3b3ba6e7-bc1c-4c2c-a22e-347ee35d38bc:group-E7DDA92ADC1B changes role from FOLLOWER to CANDIDATE at term 0 for changeToCandidate
2019-09-20 08:52:11,936 [Thread-258] INFO  impl.RoleInfo (RoleInfo.java:updateAndGet(143)) - 3b3ba6e7-bc1c-4c2c-a22e-347ee35d38bc: start LeaderElection
2019-09-20 08:52:11,936 [b94e02b2-da92-474d-abbd-fccabaa9f79e:group-85CB9E7CD171:LeaderElection14] INFO  impl.RaftServerImpl (ServerState.java:setRaftConf(361)) - b94e02b2-da92-474d-abbd-fccabaa9f79e:group-85CB9E7CD171 set configuration 0: [b94e02b2-da92-474d-abbd-fccabaa9f79e:192.168.36.79:36876], old=null at 0
2019-09-20 08:52:11,979 | INFO  | SCMAudit | user=jenkins1000 | ip=192.168.36.79 | op=SEND_HEARTBEAT {datanodeUUID=f6ec089b-5516-4b64-9212-97eb604ab2a5, command=[]} | ret=SUCCESS |  
2019-09-20 08:52:11,981 [Thread-261] INFO  impl.FollowerState (FollowerState.java:run(106)) - 44c728ea-0f6d-4328-96aa-117f098b9c99:group-A463BB94265F changes to CANDIDATE, lastRpcTime:5040, electionTimeout:5040ms
2019-09-20 08:52:11,982 [Thread-261] INFO  impl.RoleInfo (RoleInfo.java:shutdownFollowerState(121)) - 44c728ea-0f6d-4328-96aa-117f098b9c99: shutdown FollowerState
2019-09-20 08:52:11,982 [Thread-261] INFO  impl.RaftServerImpl (RaftServerImpl.java:setRole(171)) - 44c728ea-0f6d-4328-96aa-117f098b9c99:group-A463BB94265F changes role from FOLLOWER to CANDIDATE at term 0 for changeToCandidate
2019-09-20 08:52:11,982 [Thread-261] INFO  impl.RoleInfo (RoleInfo.java:updateAndGet(143)) - 44c728ea-0f6d-4328-96aa-117f098b9c99: start LeaderElection
2019-09-20 08:52:11,993 | INFO  | SCMAudit | user=jenkins1000 | ip=192.168.36.79 | op=SEND_HEARTBEAT {datanodeUUID=2ddefaab-8349-47ab-a504-e432f9d495c5, command=[]} | ret=SUCCESS |  
2019-09-20 08:52:12,026 [b94e02b2-da92-474d-abbd-fccabaa9f79e-SegmentedRaftLogWorker:Storage Directory /workdir/hadoop-ozone/tools/target/test-dir/MiniOzoneClusterImpl-da4e238f-9df3-4b07-9cd3-d36e1b7a1734/datanode-1/data/ratis/df374a0b-306a-4074-8fad-85cb9e7cd171] INFO  segmented.SegmentedRaftLogWorker (SegmentedRaftLogWorker.java:execute(569)) - b94e02b2-da92-474d-abbd-fccabaa9f79e-SegmentedRaftLogWorker:Storage Directory /workdir/hadoop-ozone/tools/target/test-dir/MiniOzoneClusterImpl-da4e238f-9df3-4b07-9cd3-d36e1b7a1734/datanode-1/data/ratis/df374a0b-306a-4074-8fad-85cb9e7cd171: created new log segment /workdir/hadoop-ozone/tools/target/test-dir/MiniOzoneClusterImpl-da4e238f-9df3-4b07-9cd3-d36e1b7a1734/datanode-1/data/ratis/df374a0b-306a-4074-8fad-85cb9e7cd171/current/log_inprogress_0
2019-09-20 08:52:12,026 [3b3ba6e7-bc1c-4c2c-a22e-347ee35d38bc:group-E7DDA92ADC1B:LeaderElection15] INFO  impl.LeaderElection (LeaderElection.java:askForVotes(181)) - 3b3ba6e7-bc1c-4c2c-a22e-347ee35d38bc:group-E7DDA92ADC1B:LeaderElection15: begin an election at term 1 for -1: [3b3ba6e7-bc1c-4c2c-a22e-347ee35d38bc:192.168.36.79:34077], old=null
2019-09-20 08:52:12,026 [44c728ea-0f6d-4328-96aa-117f098b9c99:group-A463BB94265F:LeaderElection16] INFO  impl.LeaderElection (LeaderElection.java:askForVotes(181)) - 44c728ea-0f6d-4328-96aa-117f098b9c99:group-A463BB94265F:LeaderElection16: begin an election at term 1 for -1: [44c728ea-0f6d-4328-96aa-117f098b9c99:192.168.36.79:38728], old=null
2019-09-20 08:52:12,026 [3b3ba6e7-bc1c-4c2c-a22e-347ee35d38bc:group-E7DDA92ADC1B:LeaderElection15] INFO  impl.RoleInfo (RoleInfo.java:shutdownLeaderElection(134)) - 3b3ba6e7-bc1c-4c2c-a22e-347ee35d38bc: shutdown LeaderElection
2019-09-20 08:52:12,027 [44c728ea-0f6d-4328-96aa-117f098b9c99:group-A463BB94265F:LeaderElection16] INFO  impl.RoleInfo (RoleInfo.java:shutdownLeaderElection(134)) - 44c728ea-0f6d-4328-96aa-117f098b9c99: shutdown LeaderElection
2019-09-20 08:52:12,027 [3b3ba6e7-bc1c-4c2c-a22e-347ee35d38bc:group-E7DDA92ADC1B:LeaderElection15] INFO  impl.RaftServerImpl (RaftServerImpl.java:setRole(171)) - 3b3ba6e7-bc1c-4c2c-a22e-347ee35d38bc:group-E7DDA92ADC1B changes role from CANDIDATE to LEADER at term 1 for changeToLeader
2019-09-20 08:52:12,027 [44c728ea-0f6d-4328-96aa-117f098b9c99:group-A463BB94265F:LeaderElection16] INFO  impl.RaftServerImpl (RaftServerImpl.java:setRole(171)) - 44c728ea-0f6d-4328-96aa-117f098b9c99:group-A463BB94265F changes role from CANDIDATE to LEADER at term 1 for changeToLeader
2019-09-20 08:52:12,027 [3b3ba6e7-bc1c-4c2c-a22e-347ee35d38bc:group-E7DDA92ADC1B:LeaderElection15] INFO  impl.RaftServerImpl (ServerState.java:setLeader(263)) - 3b3ba6e7-bc1c-4c2c-a22e-347ee35d38bc:group-E7DDA92ADC1B change Leader from null to 3b3ba6e7-bc1c-4c2c-a22e-347ee35d38bc at term 1 for becomeLeader, leader elected after 5198ms
2019-09-20 08:52:12,027 [44c728ea-0f6d-4328-96aa-117f098b9c99:group-A463BB94265F:LeaderElection16] INFO  impl.RaftServerImpl (ServerState.java:setLeader(263)) - 44c728ea-0f6d-4328-96aa-117f098b9c99:group-A463BB94265F change Leader from null to 44c728ea-0f6d-4328-96aa-117f098b9c99 at term 1 for becomeLeader, leader elected after 5091ms
2019-09-20 08:52:12,027 [3b3ba6e7-bc1c-4c2c-a22e-347ee35d38bc:group-E7DDA92ADC1B:LeaderElection15] INFO  server.RaftServerConfigKeys (ConfUtils.java:logGet(43)) - raft.server.staging.catchup.gap = 1000 (default)
2019-09-20 08:52:12,027 [44c728ea-0f6d-4328-96aa-117f098b9c99:group-A463BB94265F:LeaderElection16] INFO  server.RaftServerConfigKeys (ConfUtils.java:logGet(43)) - raft.server.staging.catchup.gap = 1000 (default)
2019-09-20 08:52:12,027 [3b3ba6e7-bc1c-4c2c-a22e-347ee35d38bc:group-E7DDA92ADC1B:LeaderElection15] INFO  server.RaftServerConfigKeys (ConfUtils.java:logGet(43)) - raft.server.rpc.sleep.time = 25ms (default)
2019-09-20 08:52:12,027 [44c728ea-0f6d-4328-96aa-117f098b9c99:group-A463BB94265F:LeaderElection16] INFO  server.RaftServerConfigKeys (ConfUtils.java:logGet(43)) - raft.server.rpc.sleep.time = 25ms (default)
2019-09-20 08:52:12,028 [3b3ba6e7-bc1c-4c2c-a22e-347ee35d38bc:group-E7DDA92ADC1B:LeaderElection15] INFO  server.RaftServerConfigKeys (ConfUtils.java:logGet(43)) - raft.server.write.element-limit = 4096 (default)
2019-09-20 08:52:12,028 [44c728ea-0f6d-4328-96aa-117f098b9c99:group-A463BB94265F:LeaderElection16] INFO  server.RaftServerConfigKeys (ConfUtils.java:logGet(43)) - raft.server.write.element-limit = 4096 (default)
2019-09-20 08:52:12,028 [3b3ba6e7-bc1c-4c2c-a22e-347ee35d38bc:group-E7DDA92ADC1B:LeaderElection15] INFO  server.RaftServerConfigKeys (ConfUtils.java:logGet(43)) - raft.server.watch.timeout = 10s (default)
2019-09-20 08:52:12,028 [44c728ea-0f6d-4328-96aa-117f098b9c99:group-A463BB94265F:LeaderElection16] INFO  server.RaftServerConfigKeys (ConfUtils.java:logGet(43)) - raft.server.watch.timeout = 10s (default)
2019-09-20 08:52:12,028 [3b3ba6e7-bc1c-4c2c-a22e-347ee35d38bc:group-E7DDA92ADC1B:LeaderElection15] INFO  server.RaftServerConfigKeys (ConfUtils.java:logGet(43)) - raft.server.watch.timeout.denomination = 1s (default)
2019-09-20 08:52:12,028 [44c728ea-0f6d-4328-96aa-117f098b9c99:group-A463BB94265F:LeaderElection16] INFO  server.RaftServerConfigKeys (ConfUtils.java:logGet(43)) - raft.server.watch.timeout.denomination = 1s (default)
2019-09-20 08:52:12,028 [3b3ba6e7-bc1c-4c2c-a22e-347ee35d38bc:group-E7DDA92ADC1B:LeaderElection15] INFO  server.RaftServerConfigKeys (ConfUtils.java:logGet(43)) - raft.server.watch.element-limit = 65536 (default)
2019-09-20 08:52:12,028 [44c728ea-0f6d-4328-96aa-117f098b9c99:group-A463BB94265F:LeaderElection16] INFO  server.RaftServerConfigKeys (ConfUtils.java:logGet(43)) - raft.server.watch.element-limit = 65536 (default)
2019-09-20 08:52:12,029 [3b3ba6e7-bc1c-4c2c-a22e-347ee35d38bc:group-E7DDA92ADC1B:LeaderElection15] INFO  impl.RoleInfo (RoleInfo.java:updateAndGet(143)) - 3b3ba6e7-bc1c-4c2c-a22e-347ee35d38bc: start LeaderState
2019-09-20 08:52:12,029 [44c728ea-0f6d-4328-96aa-117f098b9c99:group-A463BB94265F:LeaderElection16] INFO  impl.RoleInfo (RoleInfo.java:updateAndGet(143)) - 44c728ea-0f6d-4328-96aa-117f098b9c99: start LeaderState
2019-09-20 08:52:12,029 [3b3ba6e7-bc1c-4c2c-a22e-347ee35d38bc:group-E7DDA92ADC1B:LeaderElection15] INFO  segmented.SegmentedRaftLogWorker (SegmentedRaftLogWorker.java:startLogSegment(380)) - 3b3ba6e7-bc1c-4c2c-a22e-347ee35d38bc-SegmentedRaftLogWorker:Storage Directory /workdir/hadoop-ozone/tools/target/test-dir/MiniOzoneClusterImpl-da4e238f-9df3-4b07-9cd3-d36e1b7a1734/datanode-0/data/ratis/c68d3735-33a1-4fbb-8a63-e7dda92adc1b: Starting segment from index:0
2019-09-20 08:52:12,029 [44c728ea-0f6d-4328-96aa-117f098b9c99:group-A463BB94265F:LeaderElection16] INFO  segmented.SegmentedRaftLogWorker (SegmentedRaftLogWorker.java:startLogSegment(380)) - 44c728ea-0f6d-4328-96aa-117f098b9c99-SegmentedRaftLogWorker:Storage Directory /workdir/hadoop-ozone/tools/target/test-dir/MiniOzoneClusterImpl-da4e238f-9df3-4b07-9cd3-d36e1b7a1734/datanode-2/data/ratis/1c1de28a-1ab8-466f-aaf9-a463bb94265f: Starting segment from index:0
2019-09-20 08:52:12,029 [3b3ba6e7-bc1c-4c2c-a22e-347ee35d38bc:group-E7DDA92ADC1B:LeaderElection15] INFO  impl.RaftServerImpl (ServerState.java:setRaftConf(361)) - 3b3ba6e7-bc1c-4c2c-a22e-347ee35d38bc:group-E7DDA92ADC1B set configuration 0: [3b3ba6e7-bc1c-4c2c-a22e-347ee35d38bc:192.168.36.79:34077], old=null at 0
2019-09-20 08:52:12,063 [44c728ea-0f6d-4328-96aa-117f098b9c99:group-A463BB94265F:LeaderElection16] INFO  impl.RaftServerImpl (ServerState.java:setRaftConf(361)) - 44c728ea-0f6d-4328-96aa-117f098b9c99:group-A463BB94265F set configuration 0: [44c728ea-0f6d-4328-96aa-117f098b9c99:192.168.36.79:38728], old=null at 0
2019-09-20 08:52:12,106 [3b3ba6e7-bc1c-4c2c-a22e-347ee35d38bc-SegmentedRaftLogWorker:Storage Directory /workdir/hadoop-ozone/tools/target/test-dir/MiniOzoneClusterImpl-da4e238f-9df3-4b07-9cd3-d36e1b7a1734/datanode-0/data/ratis/c68d3735-33a1-4fbb-8a63-e7dda92adc1b] INFO  segmented.SegmentedRaftLogWorker (SegmentedRaftLogWorker.java:execute(569)) - 3b3ba6e7-bc1c-4c2c-a22e-347ee35d38bc-SegmentedRaftLogWorker:Storage Directory /workdir/hadoop-ozone/tools/target/test-dir/MiniOzoneClusterImpl-da4e238f-9df3-4b07-9cd3-d36e1b7a1734/datanode-0/data/ratis/c68d3735-33a1-4fbb-8a63-e7dda92adc1b: created new log segment /workdir/hadoop-ozone/tools/target/test-dir/MiniOzoneClusterImpl-da4e238f-9df3-4b07-9cd3-d36e1b7a1734/datanode-0/data/ratis/c68d3735-33a1-4fbb-8a63-e7dda92adc1b/current/log_inprogress_0
2019-09-20 08:52:12,148 [Thread-265] INFO  impl.FollowerState (FollowerState.java:run(106)) - 44c728ea-0f6d-4328-96aa-117f098b9c99:group-DFAB0ED64EDF changes to CANDIDATE, lastRpcTime:5064, electionTimeout:5064ms
2019-09-20 08:52:12,148 [Thread-265] INFO  impl.RoleInfo (RoleInfo.java:shutdownFollowerState(121)) - 44c728ea-0f6d-4328-96aa-117f098b9c99: shutdown FollowerState
2019-09-20 08:52:12,148 [Thread-265] INFO  impl.RaftServerImpl (RaftServerImpl.java:setRole(171)) - 44c728ea-0f6d-4328-96aa-117f098b9c99:group-DFAB0ED64EDF changes role from FOLLOWER to CANDIDATE at term 0 for changeToCandidate
2019-09-20 08:52:12,149 [Thread-265] INFO  impl.RoleInfo (RoleInfo.java:updateAndGet(143)) - 44c728ea-0f6d-4328-96aa-117f098b9c99: start LeaderElection
2019-09-20 08:52:12,157 [44c728ea-0f6d-4328-96aa-117f098b9c99-SegmentedRaftLogWorker:Storage Directory /workdir/hadoop-ozone/tools/target/test-dir/MiniOzoneClusterImpl-da4e238f-9df3-4b07-9cd3-d36e1b7a1734/datanode-2/data/ratis/1c1de28a-1ab8-466f-aaf9-a463bb94265f] INFO  segmented.SegmentedRaftLogWorker (SegmentedRaftLogWorker.java:execute(569)) - 44c728ea-0f6d-4328-96aa-117f098b9c99-SegmentedRaftLogWorker:Storage Directory /workdir/hadoop-ozone/tools/target/test-dir/MiniOzoneClusterImpl-da4e238f-9df3-4b07-9cd3-d36e1b7a1734/datanode-2/data/ratis/1c1de28a-1ab8-466f-aaf9-a463bb94265f: created new log segment /workdir/hadoop-ozone/tools/target/test-dir/MiniOzoneClusterImpl-da4e238f-9df3-4b07-9cd3-d36e1b7a1734/datanode-2/data/ratis/1c1de28a-1ab8-466f-aaf9-a463bb94265f/current/log_inprogress_0
2019-09-20 08:52:12,184 | INFO  | SCMAudit | user=jenkins1000 | ip=192.168.36.79 | op=SEND_HEARTBEAT {datanodeUUID=b94e02b2-da92-474d-abbd-fccabaa9f79e, command=[]} | ret=SUCCESS |  
2019-09-20 08:52:12,194 [44c728ea-0f6d-4328-96aa-117f098b9c99:group-DFAB0ED64EDF:LeaderElection17] INFO  impl.LeaderElection (LeaderElection.java:askForVotes(181)) - 44c728ea-0f6d-4328-96aa-117f098b9c99:group-DFAB0ED64EDF:LeaderElection17: begin an election at term 1 for -1: [44c728ea-0f6d-4328-96aa-117f098b9c99:192.168.36.79:38728], old=null
2019-09-20 08:52:12,194 [44c728ea-0f6d-4328-96aa-117f098b9c99:group-DFAB0ED64EDF:LeaderElection17] INFO  impl.RoleInfo (RoleInfo.java:shutdownLeaderElection(134)) - 44c728ea-0f6d-4328-96aa-117f098b9c99: shutdown LeaderElection
2019-09-20 08:52:12,195 [44c728ea-0f6d-4328-96aa-117f098b9c99:group-DFAB0ED64EDF:LeaderElection17] INFO  impl.RaftServerImpl (RaftServerImpl.java:setRole(171)) - 44c728ea-0f6d-4328-96aa-117f098b9c99:group-DFAB0ED64EDF changes role from CANDIDATE to LEADER at term 1 for changeToLeader
2019-09-20 08:52:12,195 [44c728ea-0f6d-4328-96aa-117f098b9c99:group-DFAB0ED64EDF:LeaderElection17] INFO  impl.RaftServerImpl (ServerState.java:setLeader(263)) - 44c728ea-0f6d-4328-96aa-117f098b9c99:group-DFAB0ED64EDF change Leader from null to 44c728ea-0f6d-4328-96aa-117f098b9c99 at term 1 for becomeLeader, leader elected after 5115ms
2019-09-20 08:52:12,195 [44c728ea-0f6d-4328-96aa-117f098b9c99:group-DFAB0ED64EDF:LeaderElection17] INFO  server.RaftServerConfigKeys (ConfUtils.java:logGet(43)) - raft.server.staging.catchup.gap = 1000 (default)
2019-09-20 08:52:12,195 [44c728ea-0f6d-4328-96aa-117f098b9c99:group-DFAB0ED64EDF:LeaderElection17] INFO  server.RaftServerConfigKeys (ConfUtils.java:logGet(43)) - raft.server.rpc.sleep.time = 25ms (default)
2019-09-20 08:52:12,196 [44c728ea-0f6d-4328-96aa-117f098b9c99:group-DFAB0ED64EDF:LeaderElection17] INFO  server.RaftServerConfigKeys (ConfUtils.java:logGet(43)) - raft.server.write.element-limit = 4096 (default)
2019-09-20 08:52:12,196 [44c728ea-0f6d-4328-96aa-117f098b9c99:group-DFAB0ED64EDF:LeaderElection17] INFO  server.RaftServerConfigKeys (ConfUtils.java:logGet(43)) - raft.server.watch.timeout = 10s (default)
2019-09-20 08:52:12,196 [44c728ea-0f6d-4328-96aa-117f098b9c99:group-DFAB0ED64EDF:LeaderElection17] INFO  server.RaftServerConfigKeys (ConfUtils.java:logGet(43)) - raft.server.watch.timeout.denomination = 1s (default)
2019-09-20 08:52:12,196 [44c728ea-0f6d-4328-96aa-117f098b9c99:group-DFAB0ED64EDF:LeaderElection17] INFO  server.RaftServerConfigKeys (ConfUtils.java:logGet(43)) - raft.server.watch.element-limit = 65536 (default)
2019-09-20 08:52:12,197 [44c728ea-0f6d-4328-96aa-117f098b9c99:group-DFAB0ED64EDF:LeaderElection17] INFO  impl.RoleInfo (RoleInfo.java:updateAndGet(143)) - 44c728ea-0f6d-4328-96aa-117f098b9c99: start LeaderState
2019-09-20 08:52:12,197 [44c728ea-0f6d-4328-96aa-117f098b9c99:group-DFAB0ED64EDF:LeaderElection17] INFO  segmented.SegmentedRaftLogWorker (SegmentedRaftLogWorker.java:startLogSegment(380)) - 44c728ea-0f6d-4328-96aa-117f098b9c99-SegmentedRaftLogWorker:Storage Directory /workdir/hadoop-ozone/tools/target/test-dir/MiniOzoneClusterImpl-da4e238f-9df3-4b07-9cd3-d36e1b7a1734/datanode-2/data/ratis/2f50f672-993b-4418-a3ef-dfab0ed64edf: Starting segment from index:0
2019-09-20 08:52:12,198 [44c728ea-0f6d-4328-96aa-117f098b9c99:group-DFAB0ED64EDF:LeaderElection17] INFO  impl.RaftServerImpl (ServerState.java:setRaftConf(361)) - 44c728ea-0f6d-4328-96aa-117f098b9c99:group-DFAB0ED64EDF set configuration 0: [44c728ea-0f6d-4328-96aa-117f098b9c99:192.168.36.79:38728], old=null at 0
2019-09-20 08:52:12,268 [44c728ea-0f6d-4328-96aa-117f098b9c99-SegmentedRaftLogWorker:Storage Directory /workdir/hadoop-ozone/tools/target/test-dir/MiniOzoneClusterImpl-da4e238f-9df3-4b07-9cd3-d36e1b7a1734/datanode-2/data/ratis/2f50f672-993b-4418-a3ef-dfab0ed64edf] INFO  segmented.SegmentedRaftLogWorker (SegmentedRaftLogWorker.java:execute(569)) - 44c728ea-0f6d-4328-96aa-117f098b9c99-SegmentedRaftLogWorker:Storage Directory /workdir/hadoop-ozone/tools/target/test-dir/MiniOzoneClusterImpl-da4e238f-9df3-4b07-9cd3-d36e1b7a1734/datanode-2/data/ratis/2f50f672-993b-4418-a3ef-dfab0ed64edf: created new log segment /workdir/hadoop-ozone/tools/target/test-dir/MiniOzoneClusterImpl-da4e238f-9df3-4b07-9cd3-d36e1b7a1734/datanode-2/data/ratis/2f50f672-993b-4418-a3ef-dfab0ed64edf/current/log_inprogress_0
2019-09-20 08:52:12,320 [Thread-268] INFO  impl.FollowerState (FollowerState.java:run(106)) - 3b3ba6e7-bc1c-4c2c-a22e-347ee35d38bc:group-9354C97C4D87 changes to CANDIDATE, lastRpcTime:5130, electionTimeout:5130ms
2019-09-20 08:52:12,320 [Thread-268] INFO  impl.RoleInfo (RoleInfo.java:shutdownFollowerState(121)) - 3b3ba6e7-bc1c-4c2c-a22e-347ee35d38bc: shutdown FollowerState
2019-09-20 08:52:12,320 [Thread-268] INFO  impl.RaftServerImpl (RaftServerImpl.java:setRole(171)) - 3b3ba6e7-bc1c-4c2c-a22e-347ee35d38bc:group-9354C97C4D87 changes role from FOLLOWER to CANDIDATE at term 0 for changeToCandidate
2019-09-20 08:52:12,320 [Thread-268] INFO  impl.RoleInfo (RoleInfo.java:updateAndGet(143)) - 3b3ba6e7-bc1c-4c2c-a22e-347ee35d38bc: start LeaderElection
2019-09-20 08:52:12,381 [3b3ba6e7-bc1c-4c2c-a22e-347ee35d38bc:group-9354C97C4D87:LeaderElection18] INFO  impl.LeaderElection (LeaderElection.java:askForVotes(181)) - 3b3ba6e7-bc1c-4c2c-a22e-347ee35d38bc:group-9354C97C4D87:LeaderElection18: begin an election at term 1 for -1: [3b3ba6e7-bc1c-4c2c-a22e-347ee35d38bc:192.168.36.79:34077], old=null
2019-09-20 08:52:12,381 [3b3ba6e7-bc1c-4c2c-a22e-347ee35d38bc:group-9354C97C4D87:LeaderElection18] INFO  impl.RoleInfo (RoleInfo.java:shutdownLeaderElection(134)) - 3b3ba6e7-bc1c-4c2c-a22e-347ee35d38bc: shutdown LeaderElection
2019-09-20 08:52:12,381 [3b3ba6e7-bc1c-4c2c-a22e-347ee35d38bc:group-9354C97C4D87:LeaderElection18] INFO  impl.RaftServerImpl (RaftServerImpl.java:setRole(171)) - 3b3ba6e7-bc1c-4c2c-a22e-347ee35d38bc:group-9354C97C4D87 changes role from CANDIDATE to LEADER at term 1 for changeToLeader
2019-09-20 08:52:12,381 [3b3ba6e7-bc1c-4c2c-a22e-347ee35d38bc:group-9354C97C4D87:LeaderElection18] INFO  impl.RaftServerImpl (ServerState.java:setLeader(263)) - 3b3ba6e7-bc1c-4c2c-a22e-347ee35d38bc:group-9354C97C4D87 change Leader from null to 3b3ba6e7-bc1c-4c2c-a22e-347ee35d38bc at term 1 for becomeLeader, leader elected after 5198ms
2019-09-20 08:52:12,381 [3b3ba6e7-bc1c-4c2c-a22e-347ee35d38bc:group-9354C97C4D87:LeaderElection18] INFO  server.RaftServerConfigKeys (ConfUtils.java:logGet(43)) - raft.server.staging.catchup.gap = 1000 (default)
2019-09-20 08:52:12,381 [3b3ba6e7-bc1c-4c2c-a22e-347ee35d38bc:group-9354C97C4D87:LeaderElection18] INFO  server.RaftServerConfigKeys (ConfUtils.java:logGet(43)) - raft.server.rpc.sleep.time = 25ms (default)
2019-09-20 08:52:12,381 [3b3ba6e7-bc1c-4c2c-a22e-347ee35d38bc:group-9354C97C4D87:LeaderElection18] INFO  server.RaftServerConfigKeys (ConfUtils.java:logGet(43)) - raft.server.write.element-limit = 4096 (default)
2019-09-20 08:52:12,382 [3b3ba6e7-bc1c-4c2c-a22e-347ee35d38bc:group-9354C97C4D87:LeaderElection18] INFO  server.RaftServerConfigKeys (ConfUtils.java:logGet(43)) - raft.server.watch.timeout = 10s (default)
2019-09-20 08:52:12,382 [3b3ba6e7-bc1c-4c2c-a22e-347ee35d38bc:group-9354C97C4D87:LeaderElection18] INFO  server.RaftServerConfigKeys (ConfUtils.java:logGet(43)) - raft.server.watch.timeout.denomination = 1s (default)
2019-09-20 08:52:12,382 [3b3ba6e7-bc1c-4c2c-a22e-347ee35d38bc:group-9354C97C4D87:LeaderElection18] INFO  server.RaftServerConfigKeys (ConfUtils.java:logGet(43)) - raft.server.watch.element-limit = 65536 (default)
2019-09-20 08:52:12,382 [3b3ba6e7-bc1c-4c2c-a22e-347ee35d38bc:group-9354C97C4D87:LeaderElection18] INFO  impl.RoleInfo (RoleInfo.java:updateAndGet(143)) - 3b3ba6e7-bc1c-4c2c-a22e-347ee35d38bc: start LeaderState
2019-09-20 08:52:12,382 [3b3ba6e7-bc1c-4c2c-a22e-347ee35d38bc:group-9354C97C4D87:LeaderElection18] INFO  segmented.SegmentedRaftLogWorker (SegmentedRaftLogWorker.java:startLogSegment(380)) - 3b3ba6e7-bc1c-4c2c-a22e-347ee35d38bc-SegmentedRaftLogWorker:Storage Directory /workdir/hadoop-ozone/tools/target/test-dir/MiniOzoneClusterImpl-da4e238f-9df3-4b07-9cd3-d36e1b7a1734/datanode-0/data/ratis/f178edc0-bc20-4aa8-a9cb-9354c97c4d87: Starting segment from index:0
2019-09-20 08:52:12,383 [3b3ba6e7-bc1c-4c2c-a22e-347ee35d38bc:group-9354C97C4D87:LeaderElection18] INFO  impl.RaftServerImpl (ServerState.java:setRaftConf(361)) - 3b3ba6e7-bc1c-4c2c-a22e-347ee35d38bc:group-9354C97C4D87 set configuration 0: [3b3ba6e7-bc1c-4c2c-a22e-347ee35d38bc:192.168.36.79:34077], old=null at 0
2019-09-20 08:52:12,416 [Thread-274] INFO  impl.FollowerState (FollowerState.java:run(106)) - 3b3ba6e7-bc1c-4c2c-a22e-347ee35d38bc:group-A72AD8E99695 changes to CANDIDATE, lastRpcTime:5019, electionTimeout:5011ms
2019-09-20 08:52:12,416 [Thread-274] INFO  impl.RoleInfo (RoleInfo.java:shutdownFollowerState(121)) - 3b3ba6e7-bc1c-4c2c-a22e-347ee35d38bc: shutdown FollowerState
2019-09-20 08:52:12,416 [Thread-274] INFO  impl.RaftServerImpl (RaftServerImpl.java:setRole(171)) - 3b3ba6e7-bc1c-4c2c-a22e-347ee35d38bc:group-A72AD8E99695 changes role from FOLLOWER to CANDIDATE at term 0 for changeToCandidate
2019-09-20 08:52:12,417 [Thread-274] INFO  impl.RoleInfo (RoleInfo.java:updateAndGet(143)) - 3b3ba6e7-bc1c-4c2c-a22e-347ee35d38bc: start LeaderElection
2019-09-20 08:52:12,428 [Thread-271] INFO  impl.FollowerState (FollowerState.java:run(106)) - f6ec089b-5516-4b64-9212-97eb604ab2a5:group-CA8F299BF1CD changes to CANDIDATE, lastRpcTime:5148, electionTimeout:5148ms
2019-09-20 08:52:12,428 [Thread-271] INFO  impl.RoleInfo (RoleInfo.java:shutdownFollowerState(121)) - f6ec089b-5516-4b64-9212-97eb604ab2a5: shutdown FollowerState
2019-09-20 08:52:12,428 [Thread-271] INFO  impl.RaftServerImpl (RaftServerImpl.java:setRole(171)) - f6ec089b-5516-4b64-9212-97eb604ab2a5:group-CA8F299BF1CD changes role from FOLLOWER to CANDIDATE at term 0 for changeToCandidate
2019-09-20 08:52:12,428 [Thread-271] INFO  impl.RoleInfo (RoleInfo.java:updateAndGet(143)) - f6ec089b-5516-4b64-9212-97eb604ab2a5: start LeaderElection
2019-09-20 08:52:12,444 | INFO  | SCMAudit | user=jenkins1000 | ip=192.168.36.79 | op=SEND_HEARTBEAT {datanodeUUID=44c728ea-0f6d-4328-96aa-117f098b9c99, command=[]} | ret=SUCCESS |  
2019-09-20 08:52:12,456 [3b3ba6e7-bc1c-4c2c-a22e-347ee35d38bc:group-A72AD8E99695:LeaderElection19] INFO  impl.LeaderElection (LeaderElection.java:askForVotes(181)) - 3b3ba6e7-bc1c-4c2c-a22e-347ee35d38bc:group-A72AD8E99695:LeaderElection19: begin an election at term 1 for -1: [3b3ba6e7-bc1c-4c2c-a22e-347ee35d38bc:192.168.36.79:34077], old=null
2019-09-20 08:52:12,456 [3b3ba6e7-bc1c-4c2c-a22e-347ee35d38bc-SegmentedRaftLogWorker:Storage Directory /workdir/hadoop-ozone/tools/target/test-dir/MiniOzoneClusterImpl-da4e238f-9df3-4b07-9cd3-d36e1b7a1734/datanode-0/data/ratis/f178edc0-bc20-4aa8-a9cb-9354c97c4d87] INFO  segmented.SegmentedRaftLogWorker (SegmentedRaftLogWorker.java:execute(569)) - 3b3ba6e7-bc1c-4c2c-a22e-347ee35d38bc-SegmentedRaftLogWorker:Storage Directory /workdir/hadoop-ozone/tools/target/test-dir/MiniOzoneClusterImpl-da4e238f-9df3-4b07-9cd3-d36e1b7a1734/datanode-0/data/ratis/f178edc0-bc20-4aa8-a9cb-9354c97c4d87: created new log segment /workdir/hadoop-ozone/tools/target/test-dir/MiniOzoneClusterImpl-da4e238f-9df3-4b07-9cd3-d36e1b7a1734/datanode-0/data/ratis/f178edc0-bc20-4aa8-a9cb-9354c97c4d87/current/log_inprogress_0
2019-09-20 08:52:12,456 [3b3ba6e7-bc1c-4c2c-a22e-347ee35d38bc:group-A72AD8E99695:LeaderElection19] INFO  impl.RoleInfo (RoleInfo.java:shutdownLeaderElection(134)) - 3b3ba6e7-bc1c-4c2c-a22e-347ee35d38bc: shutdown LeaderElection
2019-09-20 08:52:12,457 [3b3ba6e7-bc1c-4c2c-a22e-347ee35d38bc:group-A72AD8E99695:LeaderElection19] INFO  impl.RaftServerImpl (RaftServerImpl.java:setRole(171)) - 3b3ba6e7-bc1c-4c2c-a22e-347ee35d38bc:group-A72AD8E99695 changes role from CANDIDATE to LEADER at term 1 for changeToLeader
2019-09-20 08:52:12,457 [3b3ba6e7-bc1c-4c2c-a22e-347ee35d38bc:group-A72AD8E99695:LeaderElection19] INFO  impl.RaftServerImpl (ServerState.java:setLeader(263)) - 3b3ba6e7-bc1c-4c2c-a22e-347ee35d38bc:group-A72AD8E99695 change Leader from null to 3b3ba6e7-bc1c-4c2c-a22e-347ee35d38bc at term 1 for becomeLeader, leader elected after 5064ms
2019-09-20 08:52:12,457 [3b3ba6e7-bc1c-4c2c-a22e-347ee35d38bc:group-A72AD8E99695:LeaderElection19] INFO  server.RaftServerConfigKeys (ConfUtils.java:logGet(43)) - raft.server.staging.catchup.gap = 1000 (default)
2019-09-20 08:52:12,457 [3b3ba6e7-bc1c-4c2c-a22e-347ee35d38bc:group-A72AD8E99695:LeaderElection19] INFO  server.RaftServerConfigKeys (ConfUtils.java:logGet(43)) - raft.server.rpc.sleep.time = 25ms (default)
2019-09-20 08:52:12,457 [3b3ba6e7-bc1c-4c2c-a22e-347ee35d38bc:group-A72AD8E99695:LeaderElection19] INFO  server.RaftServerConfigKeys (ConfUtils.java:logGet(43)) - raft.server.write.element-limit = 4096 (default)
2019-09-20 08:52:12,457 [3b3ba6e7-bc1c-4c2c-a22e-347ee35d38bc:group-A72AD8E99695:LeaderElection19] INFO  server.RaftServerConfigKeys (ConfUtils.java:logGet(43)) - raft.server.watch.timeout = 10s (default)
2019-09-20 08:52:12,457 [3b3ba6e7-bc1c-4c2c-a22e-347ee35d38bc:group-A72AD8E99695:LeaderElection19] INFO  server.RaftServerConfigKeys (ConfUtils.java:logGet(43)) - raft.server.watch.timeout.denomination = 1s (default)
2019-09-20 08:52:12,458 [3b3ba6e7-bc1c-4c2c-a22e-347ee35d38bc:group-A72AD8E99695:LeaderElection19] INFO  server.RaftServerConfigKeys (ConfUtils.java:logGet(43)) - raft.server.watch.element-limit = 65536 (default)
2019-09-20 08:52:12,458 [3b3ba6e7-bc1c-4c2c-a22e-347ee35d38bc:group-A72AD8E99695:LeaderElection19] INFO  impl.RoleInfo (RoleInfo.java:updateAndGet(143)) - 3b3ba6e7-bc1c-4c2c-a22e-347ee35d38bc: start LeaderState
2019-09-20 08:52:12,458 [3b3ba6e7-bc1c-4c2c-a22e-347ee35d38bc:group-A72AD8E99695:LeaderElection19] INFO  segmented.SegmentedRaftLogWorker (SegmentedRaftLogWorker.java:startLogSegment(380)) - 3b3ba6e7-bc1c-4c2c-a22e-347ee35d38bc-SegmentedRaftLogWorker:Storage Directory /workdir/hadoop-ozone/tools/target/test-dir/MiniOzoneClusterImpl-da4e238f-9df3-4b07-9cd3-d36e1b7a1734/datanode-0/data/ratis/c257e347-ddc9-4b44-a0ca-a72ad8e99695: Starting segment from index:0
2019-09-20 08:52:12,459 [3b3ba6e7-bc1c-4c2c-a22e-347ee35d38bc:group-A72AD8E99695:LeaderElection19] INFO  impl.RaftServerImpl (ServerState.java:setRaftConf(361)) - 3b3ba6e7-bc1c-4c2c-a22e-347ee35d38bc:group-A72AD8E99695 set configuration 0: [3b3ba6e7-bc1c-4c2c-a22e-347ee35d38bc:192.168.36.79:34077], old=null at 0
2019-09-20 08:52:12,484 [f6ec089b-5516-4b64-9212-97eb604ab2a5:group-CA8F299BF1CD:LeaderElection20] INFO  impl.LeaderElection (LeaderElection.java:askForVotes(181)) - f6ec089b-5516-4b64-9212-97eb604ab2a5:group-CA8F299BF1CD:LeaderElection20: begin an election at term 1 for -1: [f6ec089b-5516-4b64-9212-97eb604ab2a5:192.168.36.79:40071], old=null
2019-09-20 08:52:12,484 [f6ec089b-5516-4b64-9212-97eb604ab2a5:group-CA8F299BF1CD:LeaderElection20] INFO  impl.RoleInfo (RoleInfo.java:shutdownLeaderElection(134)) - f6ec089b-5516-4b64-9212-97eb604ab2a5: shutdown LeaderElection
2019-09-20 08:52:12,484 [f6ec089b-5516-4b64-9212-97eb604ab2a5:group-CA8F299BF1CD:LeaderElection20] INFO  impl.RaftServerImpl (RaftServerImpl.java:setRole(171)) - f6ec089b-5516-4b64-9212-97eb604ab2a5:group-CA8F299BF1CD changes role from CANDIDATE to LEADER at term 1 for changeToLeader
2019-09-20 08:52:12,484 [f6ec089b-5516-4b64-9212-97eb604ab2a5:group-CA8F299BF1CD:LeaderElection20] INFO  impl.RaftServerImpl (ServerState.java:setLeader(263)) - f6ec089b-5516-4b64-9212-97eb604ab2a5:group-CA8F299BF1CD change Leader from null to f6ec089b-5516-4b64-9212-97eb604ab2a5 at term 1 for becomeLeader, leader elected after 5209ms
2019-09-20 08:52:12,484 [f6ec089b-5516-4b64-9212-97eb604ab2a5:group-CA8F299BF1CD:LeaderElection20] INFO  server.RaftServerConfigKeys (ConfUtils.java:logGet(43)) - raft.server.staging.catchup.gap = 1000 (default)
2019-09-20 08:52:12,485 [f6ec089b-5516-4b64-9212-97eb604ab2a5:group-CA8F299BF1CD:LeaderElection20] INFO  server.RaftServerConfigKeys (ConfUtils.java:logGet(43)) - raft.server.rpc.sleep.time = 25ms (default)
2019-09-20 08:52:12,485 [f6ec089b-5516-4b64-9212-97eb604ab2a5:group-CA8F299BF1CD:LeaderElection20] INFO  server.RaftServerConfigKeys (ConfUtils.java:logGet(43)) - raft.server.write.element-limit = 4096 (default)
2019-09-20 08:52:12,485 [f6ec089b-5516-4b64-9212-97eb604ab2a5:group-CA8F299BF1CD:LeaderElection20] INFO  server.RaftServerConfigKeys (ConfUtils.java:logGet(43)) - raft.server.watch.timeout = 10s (default)
2019-09-20 08:52:12,485 [f6ec089b-5516-4b64-9212-97eb604ab2a5:group-CA8F299BF1CD:LeaderElection20] INFO  server.RaftServerConfigKeys (ConfUtils.java:logGet(43)) - raft.server.watch.timeout.denomination = 1s (default)
2019-09-20 08:52:12,485 [f6ec089b-5516-4b64-9212-97eb604ab2a5:group-CA8F299BF1CD:LeaderElection20] INFO  server.RaftServerConfigKeys (ConfUtils.java:logGet(43)) - raft.server.watch.element-limit = 65536 (default)
2019-09-20 08:52:12,485 [f6ec089b-5516-4b64-9212-97eb604ab2a5:group-CA8F299BF1CD:LeaderElection20] INFO  impl.RoleInfo (RoleInfo.java:updateAndGet(143)) - f6ec089b-5516-4b64-9212-97eb604ab2a5: start LeaderState
2019-09-20 08:52:12,486 [f6ec089b-5516-4b64-9212-97eb604ab2a5:group-CA8F299BF1CD:LeaderElection20] INFO  segmented.SegmentedRaftLogWorker (SegmentedRaftLogWorker.java:startLogSegment(380)) - f6ec089b-5516-4b64-9212-97eb604ab2a5-SegmentedRaftLogWorker:Storage Directory /workdir/hadoop-ozone/tools/target/test-dir/MiniOzoneClusterImpl-da4e238f-9df3-4b07-9cd3-d36e1b7a1734/datanode-3/data/ratis/6691072f-e5f7-4583-a738-ca8f299bf1cd: Starting segment from index:0
2019-09-20 08:52:12,486 [f6ec089b-5516-4b64-9212-97eb604ab2a5:group-CA8F299BF1CD:LeaderElection20] INFO  impl.RaftServerImpl (ServerState.java:setRaftConf(361)) - f6ec089b-5516-4b64-9212-97eb604ab2a5:group-CA8F299BF1CD set configuration 0: [f6ec089b-5516-4b64-9212-97eb604ab2a5:192.168.36.79:40071], old=null at 0
2019-09-20 08:52:12,532 [f6ec089b-5516-4b64-9212-97eb604ab2a5-SegmentedRaftLogWorker:Storage Directory /workdir/hadoop-ozone/tools/target/test-dir/MiniOzoneClusterImpl-da4e238f-9df3-4b07-9cd3-d36e1b7a1734/datanode-3/data/ratis/6691072f-e5f7-4583-a738-ca8f299bf1cd] INFO  segmented.SegmentedRaftLogWorker (SegmentedRaftLogWorker.java:execute(569)) - f6ec089b-5516-4b64-9212-97eb604ab2a5-SegmentedRaftLogWorker:Storage Directory /workdir/hadoop-ozone/tools/target/test-dir/MiniOzoneClusterImpl-da4e238f-9df3-4b07-9cd3-d36e1b7a1734/datanode-3/data/ratis/6691072f-e5f7-4583-a738-ca8f299bf1cd: created new log segment /workdir/hadoop-ozone/tools/target/test-dir/MiniOzoneClusterImpl-da4e238f-9df3-4b07-9cd3-d36e1b7a1734/datanode-3/data/ratis/6691072f-e5f7-4583-a738-ca8f299bf1cd/current/log_inprogress_0
2019-09-20 08:52:12,532 [3b3ba6e7-bc1c-4c2c-a22e-347ee35d38bc-SegmentedRaftLogWorker:Storage Directory /workdir/hadoop-ozone/tools/target/test-dir/MiniOzoneClusterImpl-da4e238f-9df3-4b07-9cd3-d36e1b7a1734/datanode-0/data/ratis/c257e347-ddc9-4b44-a0ca-a72ad8e99695] INFO  segmented.SegmentedRaftLogWorker (SegmentedRaftLogWorker.java:execute(569)) - 3b3ba6e7-bc1c-4c2c-a22e-347ee35d38bc-SegmentedRaftLogWorker:Storage Directory /workdir/hadoop-ozone/tools/target/test-dir/MiniOzoneClusterImpl-da4e238f-9df3-4b07-9cd3-d36e1b7a1734/datanode-0/data/ratis/c257e347-ddc9-4b44-a0ca-a72ad8e99695: created new log segment /workdir/hadoop-ozone/tools/target/test-dir/MiniOzoneClusterImpl-da4e238f-9df3-4b07-9cd3-d36e1b7a1734/datanode-0/data/ratis/c257e347-ddc9-4b44-a0ca-a72ad8e99695/current/log_inprogress_0
2019-09-20 08:52:12,662 [Thread-277] INFO  impl.FollowerState (FollowerState.java:run(106)) - 2ddefaab-8349-47ab-a504-e432f9d495c5:group-B4C4E8D49CC5 changes to CANDIDATE, lastRpcTime:5147, electionTimeout:5147ms
2019-09-20 08:52:12,662 [Thread-277] INFO  impl.RoleInfo (RoleInfo.java:shutdownFollowerState(121)) - 2ddefaab-8349-47ab-a504-e432f9d495c5: shutdown FollowerState
2019-09-20 08:52:12,662 [Thread-277] INFO  impl.RaftServerImpl (RaftServerImpl.java:setRole(171)) - 2ddefaab-8349-47ab-a504-e432f9d495c5:group-B4C4E8D49CC5 changes role from FOLLOWER to CANDIDATE at term 0 for changeToCandidate
2019-09-20 08:52:12,662 [Thread-277] INFO  impl.RoleInfo (RoleInfo.java:updateAndGet(143)) - 2ddefaab-8349-47ab-a504-e432f9d495c5: start LeaderElection
2019-09-20 08:52:12,690 [Thread-280] INFO  impl.FollowerState (FollowerState.java:run(106)) - f6ec089b-5516-4b64-9212-97eb604ab2a5:group-3CDCA54FF083 changes to CANDIDATE, lastRpcTime:5083, electionTimeout:5083ms
2019-09-20 08:52:12,690 [Thread-280] INFO  impl.RoleInfo (RoleInfo.java:shutdownFollowerState(121)) - f6ec089b-5516-4b64-9212-97eb604ab2a5: shutdown FollowerState
2019-09-20 08:52:12,690 [Thread-280] INFO  impl.RaftServerImpl (RaftServerImpl.java:setRole(171)) - f6ec089b-5516-4b64-9212-97eb604ab2a5:group-3CDCA54FF083 changes role from FOLLOWER to CANDIDATE at term 0 for changeToCandidate
2019-09-20 08:52:12,691 [Thread-280] INFO  impl.RoleInfo (RoleInfo.java:updateAndGet(143)) - f6ec089b-5516-4b64-9212-97eb604ab2a5: start LeaderElection
2019-09-20 08:52:12,700 [2ddefaab-8349-47ab-a504-e432f9d495c5:group-B4C4E8D49CC5:LeaderElection21] INFO  impl.LeaderElection (LeaderElection.java:askForVotes(181)) - 2ddefaab-8349-47ab-a504-e432f9d495c5:group-B4C4E8D49CC5:LeaderElection21: begin an election at term 1 for -1: [2ddefaab-8349-47ab-a504-e432f9d495c5:192.168.36.79:39000], old=null
2019-09-20 08:52:12,700 [2ddefaab-8349-47ab-a504-e432f9d495c5:group-B4C4E8D49CC5:LeaderElection21] INFO  impl.RoleInfo (RoleInfo.java:shutdownLeaderElection(134)) - 2ddefaab-8349-47ab-a504-e432f9d495c5: shutdown LeaderElection
2019-09-20 08:52:12,700 [2ddefaab-8349-47ab-a504-e432f9d495c5:group-B4C4E8D49CC5:LeaderElection21] INFO  impl.RaftServerImpl (RaftServerImpl.java:setRole(171)) - 2ddefaab-8349-47ab-a504-e432f9d495c5:group-B4C4E8D49CC5 changes role from CANDIDATE to LEADER at term 1 for changeToLeader
2019-09-20 08:52:12,700 [2ddefaab-8349-47ab-a504-e432f9d495c5:group-B4C4E8D49CC5:LeaderElection21] INFO  impl.RaftServerImpl (ServerState.java:setLeader(263)) - 2ddefaab-8349-47ab-a504-e432f9d495c5:group-B4C4E8D49CC5 change Leader from null to 2ddefaab-8349-47ab-a504-e432f9d495c5 at term 1 for becomeLeader, leader elected after 5190ms
2019-09-20 08:52:12,700 [2ddefaab-8349-47ab-a504-e432f9d495c5:group-B4C4E8D49CC5:LeaderElection21] INFO  server.RaftServerConfigKeys (ConfUtils.java:logGet(43)) - raft.server.staging.catchup.gap = 1000 (default)
2019-09-20 08:52:12,700 [2ddefaab-8349-47ab-a504-e432f9d495c5:group-B4C4E8D49CC5:LeaderElection21] INFO  server.RaftServerConfigKeys (ConfUtils.java:logGet(43)) - raft.server.rpc.sleep.time = 25ms (default)
2019-09-20 08:52:12,700 [2ddefaab-8349-47ab-a504-e432f9d495c5:group-B4C4E8D49CC5:LeaderElection21] INFO  server.RaftServerConfigKeys (ConfUtils.java:logGet(43)) - raft.server.write.element-limit = 4096 (default)
2019-09-20 08:52:12,700 [2ddefaab-8349-47ab-a504-e432f9d495c5:group-B4C4E8D49CC5:LeaderElection21] INFO  server.RaftServerConfigKeys (ConfUtils.java:logGet(43)) - raft.server.watch.timeout = 10s (default)
2019-09-20 08:52:12,700 [2ddefaab-8349-47ab-a504-e432f9d495c5:group-B4C4E8D49CC5:LeaderElection21] INFO  server.RaftServerConfigKeys (ConfUtils.java:logGet(43)) - raft.server.watch.timeout.denomination = 1s (default)
2019-09-20 08:52:12,701 [2ddefaab-8349-47ab-a504-e432f9d495c5:group-B4C4E8D49CC5:LeaderElection21] INFO  server.RaftServerConfigKeys (ConfUtils.java:logGet(43)) - raft.server.watch.element-limit = 65536 (default)
2019-09-20 08:52:12,701 [2ddefaab-8349-47ab-a504-e432f9d495c5:group-B4C4E8D49CC5:LeaderElection21] INFO  impl.RoleInfo (RoleInfo.java:updateAndGet(143)) - 2ddefaab-8349-47ab-a504-e432f9d495c5: start LeaderState
2019-09-20 08:52:12,701 [2ddefaab-8349-47ab-a504-e432f9d495c5:group-B4C4E8D49CC5:LeaderElection21] INFO  segmented.SegmentedRaftLogWorker (SegmentedRaftLogWorker.java:startLogSegment(380)) - 2ddefaab-8349-47ab-a504-e432f9d495c5-SegmentedRaftLogWorker:Storage Directory /workdir/hadoop-ozone/tools/target/test-dir/MiniOzoneClusterImpl-da4e238f-9df3-4b07-9cd3-d36e1b7a1734/datanode-4/data/ratis/d8b18052-e9cb-4101-85c4-b4c4e8d49cc5: Starting segment from index:0
2019-09-20 08:52:12,702 [2ddefaab-8349-47ab-a504-e432f9d495c5:group-B4C4E8D49CC5:LeaderElection21] INFO  impl.RaftServerImpl (ServerState.java:setRaftConf(361)) - 2ddefaab-8349-47ab-a504-e432f9d495c5:group-B4C4E8D49CC5 set configuration 0: [2ddefaab-8349-47ab-a504-e432f9d495c5:192.168.36.79:39000], old=null at 0
2019-09-20 08:52:12,725 [f6ec089b-5516-4b64-9212-97eb604ab2a5:group-3CDCA54FF083:LeaderElection22] INFO  impl.LeaderElection (LeaderElection.java:askForVotes(181)) - f6ec089b-5516-4b64-9212-97eb604ab2a5:group-3CDCA54FF083:LeaderElection22: begin an election at term 1 for -1: [f6ec089b-5516-4b64-9212-97eb604ab2a5:192.168.36.79:40071], old=null
2019-09-20 08:52:12,725 [f6ec089b-5516-4b64-9212-97eb604ab2a5:group-3CDCA54FF083:LeaderElection22] INFO  impl.RoleInfo (RoleInfo.java:shutdownLeaderElection(134)) - f6ec089b-5516-4b64-9212-97eb604ab2a5: shutdown LeaderElection
2019-09-20 08:52:12,725 [f6ec089b-5516-4b64-9212-97eb604ab2a5:group-3CDCA54FF083:LeaderElection22] INFO  impl.RaftServerImpl (RaftServerImpl.java:setRole(171)) - f6ec089b-5516-4b64-9212-97eb604ab2a5:group-3CDCA54FF083 changes role from CANDIDATE to LEADER at term 1 for changeToLeader
2019-09-20 08:52:12,725 [f6ec089b-5516-4b64-9212-97eb604ab2a5:group-3CDCA54FF083:LeaderElection22] INFO  impl.RaftServerImpl (ServerState.java:setLeader(263)) - f6ec089b-5516-4b64-9212-97eb604ab2a5:group-3CDCA54FF083 change Leader from null to f6ec089b-5516-4b64-9212-97eb604ab2a5 at term 1 for becomeLeader, leader elected after 5122ms
2019-09-20 08:52:12,726 [f6ec089b-5516-4b64-9212-97eb604ab2a5:group-3CDCA54FF083:LeaderElection22] INFO  server.RaftServerConfigKeys (ConfUtils.java:logGet(43)) - raft.server.staging.catchup.gap = 1000 (default)
2019-09-20 08:52:12,726 [f6ec089b-5516-4b64-9212-97eb604ab2a5:group-3CDCA54FF083:LeaderElection22] INFO  server.RaftServerConfigKeys (ConfUtils.java:logGet(43)) - raft.server.rpc.sleep.time = 25ms (default)
2019-09-20 08:52:12,726 [f6ec089b-5516-4b64-9212-97eb604ab2a5:group-3CDCA54FF083:LeaderElection22] INFO  server.RaftServerConfigKeys (ConfUtils.java:logGet(43)) - raft.server.write.element-limit = 4096 (default)
2019-09-20 08:52:12,726 [f6ec089b-5516-4b64-9212-97eb604ab2a5:group-3CDCA54FF083:LeaderElection22] INFO  server.RaftServerConfigKeys (ConfUtils.java:logGet(43)) - raft.server.watch.timeout = 10s (default)
2019-09-20 08:52:12,726 [f6ec089b-5516-4b64-9212-97eb604ab2a5:group-3CDCA54FF083:LeaderElection22] INFO  server.RaftServerConfigKeys (ConfUtils.java:logGet(43)) - raft.server.watch.timeout.denomination = 1s (default)
2019-09-20 08:52:12,726 [f6ec089b-5516-4b64-9212-97eb604ab2a5:group-3CDCA54FF083:LeaderElection22] INFO  server.RaftServerConfigKeys (ConfUtils.java:logGet(43)) - raft.server.watch.element-limit = 65536 (default)
2019-09-20 08:52:12,726 [f6ec089b-5516-4b64-9212-97eb604ab2a5:group-3CDCA54FF083:LeaderElection22] INFO  impl.RoleInfo (RoleInfo.java:updateAndGet(143)) - f6ec089b-5516-4b64-9212-97eb604ab2a5: start LeaderState
2019-09-20 08:52:12,727 [f6ec089b-5516-4b64-9212-97eb604ab2a5:group-3CDCA54FF083:LeaderElection22] INFO  segmented.SegmentedRaftLogWorker (SegmentedRaftLogWorker.java:startLogSegment(380)) - f6ec089b-5516-4b64-9212-97eb604ab2a5-SegmentedRaftLogWorker:Storage Directory /workdir/hadoop-ozone/tools/target/test-dir/MiniOzoneClusterImpl-da4e238f-9df3-4b07-9cd3-d36e1b7a1734/datanode-3/data/ratis/87d54d8b-ed3d-409e-a1a5-3cdca54ff083: Starting segment from index:0
2019-09-20 08:52:12,727 [f6ec089b-5516-4b64-9212-97eb604ab2a5:group-3CDCA54FF083:LeaderElection22] INFO  impl.RaftServerImpl (ServerState.java:setRaftConf(361)) - f6ec089b-5516-4b64-9212-97eb604ab2a5:group-3CDCA54FF083 set configuration 0: [f6ec089b-5516-4b64-9212-97eb604ab2a5:192.168.36.79:40071], old=null at 0
2019-09-20 08:52:12,757 [2ddefaab-8349-47ab-a504-e432f9d495c5-SegmentedRaftLogWorker:Storage Directory /workdir/hadoop-ozone/tools/target/test-dir/MiniOzoneClusterImpl-da4e238f-9df3-4b07-9cd3-d36e1b7a1734/datanode-4/data/ratis/d8b18052-e9cb-4101-85c4-b4c4e8d49cc5] INFO  segmented.SegmentedRaftLogWorker (SegmentedRaftLogWorker.java:execute(569)) - 2ddefaab-8349-47ab-a504-e432f9d495c5-SegmentedRaftLogWorker:Storage Directory /workdir/hadoop-ozone/tools/target/test-dir/MiniOzoneClusterImpl-da4e238f-9df3-4b07-9cd3-d36e1b7a1734/datanode-4/data/ratis/d8b18052-e9cb-4101-85c4-b4c4e8d49cc5: created new log segment /workdir/hadoop-ozone/tools/target/test-dir/MiniOzoneClusterImpl-da4e238f-9df3-4b07-9cd3-d36e1b7a1734/datanode-4/data/ratis/d8b18052-e9cb-4101-85c4-b4c4e8d49cc5/current/log_inprogress_0
2019-09-20 08:52:12,794 [f6ec089b-5516-4b64-9212-97eb604ab2a5-SegmentedRaftLogWorker:Storage Directory /workdir/hadoop-ozone/tools/target/test-dir/MiniOzoneClusterImpl-da4e238f-9df3-4b07-9cd3-d36e1b7a1734/datanode-3/data/ratis/87d54d8b-ed3d-409e-a1a5-3cdca54ff083] INFO  segmented.SegmentedRaftLogWorker (SegmentedRaftLogWorker.java:execute(569)) - f6ec089b-5516-4b64-9212-97eb604ab2a5-SegmentedRaftLogWorker:Storage Directory /workdir/hadoop-ozone/tools/target/test-dir/MiniOzoneClusterImpl-da4e238f-9df3-4b07-9cd3-d36e1b7a1734/datanode-3/data/ratis/87d54d8b-ed3d-409e-a1a5-3cdca54ff083: created new log segment /workdir/hadoop-ozone/tools/target/test-dir/MiniOzoneClusterImpl-da4e238f-9df3-4b07-9cd3-d36e1b7a1734/datanode-3/data/ratis/87d54d8b-ed3d-409e-a1a5-3cdca54ff083/current/log_inprogress_0
2019-09-20 08:52:12,823 [Thread-283] INFO  impl.FollowerState (FollowerState.java:run(106)) - f6ec089b-5516-4b64-9212-97eb604ab2a5:group-99C44C54AE89 changes to CANDIDATE, lastRpcTime:5138, electionTimeout:5138ms
2019-09-20 08:52:12,823 [Thread-283] INFO  impl.RoleInfo (RoleInfo.java:shutdownFollowerState(121)) - f6ec089b-5516-4b64-9212-97eb604ab2a5: shutdown FollowerState
2019-09-20 08:52:12,823 [Thread-283] INFO  impl.RaftServerImpl (RaftServerImpl.java:setRole(171)) - f6ec089b-5516-4b64-9212-97eb604ab2a5:group-99C44C54AE89 changes role from FOLLOWER to CANDIDATE at term 0 for changeToCandidate
2019-09-20 08:52:12,823 [Thread-283] INFO  impl.RoleInfo (RoleInfo.java:updateAndGet(143)) - f6ec089b-5516-4b64-9212-97eb604ab2a5: start LeaderElection
2019-09-20 08:52:12,848 [Thread-286] INFO  impl.FollowerState (FollowerState.java:run(106)) - 3b3ba6e7-bc1c-4c2c-a22e-347ee35d38bc:group-F0D700A86957 changes to CANDIDATE, lastRpcTime:5072, electionTimeout:5072ms
2019-09-20 08:52:12,848 [Thread-286] INFO  impl.RoleInfo (RoleInfo.java:shutdownFollowerState(121)) - 3b3ba6e7-bc1c-4c2c-a22e-347ee35d38bc: shutdown FollowerState
2019-09-20 08:52:12,848 [Thread-286] INFO  impl.RaftServerImpl (RaftServerImpl.java:setRole(171)) - 3b3ba6e7-bc1c-4c2c-a22e-347ee35d38bc:group-F0D700A86957 changes role from FOLLOWER to CANDIDATE at term 0 for changeToCandidate
2019-09-20 08:52:12,848 [Thread-286] INFO  impl.RoleInfo (RoleInfo.java:updateAndGet(143)) - 3b3ba6e7-bc1c-4c2c-a22e-347ee35d38bc: start LeaderElection
2019-09-20 08:52:12,851 [f6ec089b-5516-4b64-9212-97eb604ab2a5:group-99C44C54AE89:LeaderElection23] INFO  impl.LeaderElection (LeaderElection.java:askForVotes(181)) - f6ec089b-5516-4b64-9212-97eb604ab2a5:group-99C44C54AE89:LeaderElection23: begin an election at term 1 for -1: [f6ec089b-5516-4b64-9212-97eb604ab2a5:192.168.36.79:40071], old=null
2019-09-20 08:52:12,851 [f6ec089b-5516-4b64-9212-97eb604ab2a5:group-99C44C54AE89:LeaderElection23] INFO  impl.RoleInfo (RoleInfo.java:shutdownLeaderElection(134)) - f6ec089b-5516-4b64-9212-97eb604ab2a5: shutdown LeaderElection
2019-09-20 08:52:12,851 [f6ec089b-5516-4b64-9212-97eb604ab2a5:group-99C44C54AE89:LeaderElection23] INFO  impl.RaftServerImpl (RaftServerImpl.java:setRole(171)) - f6ec089b-5516-4b64-9212-97eb604ab2a5:group-99C44C54AE89 changes role from CANDIDATE to LEADER at term 1 for changeToLeader
2019-09-20 08:52:12,851 [f6ec089b-5516-4b64-9212-97eb604ab2a5:group-99C44C54AE89:LeaderElection23] INFO  impl.RaftServerImpl (ServerState.java:setLeader(263)) - f6ec089b-5516-4b64-9212-97eb604ab2a5:group-99C44C54AE89 change Leader from null to f6ec089b-5516-4b64-9212-97eb604ab2a5 at term 1 for becomeLeader, leader elected after 5172ms
2019-09-20 08:52:12,851 [f6ec089b-5516-4b64-9212-97eb604ab2a5:group-99C44C54AE89:LeaderElection23] INFO  server.RaftServerConfigKeys (ConfUtils.java:logGet(43)) - raft.server.staging.catchup.gap = 1000 (default)
2019-09-20 08:52:12,851 [f6ec089b-5516-4b64-9212-97eb604ab2a5:group-99C44C54AE89:LeaderElection23] INFO  server.RaftServerConfigKeys (ConfUtils.java:logGet(43)) - raft.server.rpc.sleep.time = 25ms (default)
2019-09-20 08:52:12,851 [f6ec089b-5516-4b64-9212-97eb604ab2a5:group-99C44C54AE89:LeaderElection23] INFO  server.RaftServerConfigKeys (ConfUtils.java:logGet(43)) - raft.server.write.element-limit = 4096 (default)
2019-09-20 08:52:12,852 [f6ec089b-5516-4b64-9212-97eb604ab2a5:group-99C44C54AE89:LeaderElection23] INFO  server.RaftServerConfigKeys (ConfUtils.java:logGet(43)) - raft.server.watch.timeout = 10s (default)
2019-09-20 08:52:12,852 [f6ec089b-5516-4b64-9212-97eb604ab2a5:group-99C44C54AE89:LeaderElection23] INFO  server.RaftServerConfigKeys (ConfUtils.java:logGet(43)) - raft.server.watch.timeout.denomination = 1s (default)
2019-09-20 08:52:12,852 [f6ec089b-5516-4b64-9212-97eb604ab2a5:group-99C44C54AE89:LeaderElection23] INFO  server.RaftServerConfigKeys (ConfUtils.java:logGet(43)) - raft.server.watch.element-limit = 65536 (default)
2019-09-20 08:52:12,852 [f6ec089b-5516-4b64-9212-97eb604ab2a5:group-99C44C54AE89:LeaderElection23] INFO  impl.RoleInfo (RoleInfo.java:updateAndGet(143)) - f6ec089b-5516-4b64-9212-97eb604ab2a5: start LeaderState
2019-09-20 08:52:12,852 [f6ec089b-5516-4b64-9212-97eb604ab2a5:group-99C44C54AE89:LeaderElection23] INFO  segmented.SegmentedRaftLogWorker (SegmentedRaftLogWorker.java:startLogSegment(380)) - f6ec089b-5516-4b64-9212-97eb604ab2a5-SegmentedRaftLogWorker:Storage Directory /workdir/hadoop-ozone/tools/target/test-dir/MiniOzoneClusterImpl-da4e238f-9df3-4b07-9cd3-d36e1b7a1734/datanode-3/data/ratis/bb5b7072-5445-45f1-81d4-99c44c54ae89: Starting segment from index:0
2019-09-20 08:52:12,853 [f6ec089b-5516-4b64-9212-97eb604ab2a5:group-99C44C54AE89:LeaderElection23] INFO  impl.RaftServerImpl (ServerState.java:setRaftConf(361)) - f6ec089b-5516-4b64-9212-97eb604ab2a5:group-99C44C54AE89 set configuration 0: [f6ec089b-5516-4b64-9212-97eb604ab2a5:192.168.36.79:40071], old=null at 0
2019-09-20 08:52:12,876 [3b3ba6e7-bc1c-4c2c-a22e-347ee35d38bc:group-F0D700A86957:LeaderElection24] INFO  impl.LeaderElection (LeaderElection.java:askForVotes(181)) - 3b3ba6e7-bc1c-4c2c-a22e-347ee35d38bc:group-F0D700A86957:LeaderElection24: begin an election at term 1 for -1: [3b3ba6e7-bc1c-4c2c-a22e-347ee35d38bc:192.168.36.79:34077], old=null
2019-09-20 08:52:12,877 [3b3ba6e7-bc1c-4c2c-a22e-347ee35d38bc:group-F0D700A86957:LeaderElection24] INFO  impl.RoleInfo (RoleInfo.java:shutdownLeaderElection(134)) - 3b3ba6e7-bc1c-4c2c-a22e-347ee35d38bc: shutdown LeaderElection
2019-09-20 08:52:12,877 [3b3ba6e7-bc1c-4c2c-a22e-347ee35d38bc:group-F0D700A86957:LeaderElection24] INFO  impl.RaftServerImpl (RaftServerImpl.java:setRole(171)) - 3b3ba6e7-bc1c-4c2c-a22e-347ee35d38bc:group-F0D700A86957 changes role from CANDIDATE to LEADER at term 1 for changeToLeader
2019-09-20 08:52:12,877 [3b3ba6e7-bc1c-4c2c-a22e-347ee35d38bc:group-F0D700A86957:LeaderElection24] INFO  impl.RaftServerImpl (ServerState.java:setLeader(263)) - 3b3ba6e7-bc1c-4c2c-a22e-347ee35d38bc:group-F0D700A86957 change Leader from null to 3b3ba6e7-bc1c-4c2c-a22e-347ee35d38bc at term 1 for becomeLeader, leader elected after 5105ms
2019-09-20 08:52:12,877 [3b3ba6e7-bc1c-4c2c-a22e-347ee35d38bc:group-F0D700A86957:LeaderElection24] INFO  server.RaftServerConfigKeys (ConfUtils.java:logGet(43)) - raft.server.staging.catchup.gap = 1000 (default)
2019-09-20 08:52:12,877 [3b3ba6e7-bc1c-4c2c-a22e-347ee35d38bc:group-F0D700A86957:LeaderElection24] INFO  server.RaftServerConfigKeys (ConfUtils.java:logGet(43)) - raft.server.rpc.sleep.time = 25ms (default)
2019-09-20 08:52:12,877 [3b3ba6e7-bc1c-4c2c-a22e-347ee35d38bc:group-F0D700A86957:LeaderElection24] INFO  server.RaftServerConfigKeys (ConfUtils.java:logGet(43)) - raft.server.write.element-limit = 4096 (default)
2019-09-20 08:52:12,877 [3b3ba6e7-bc1c-4c2c-a22e-347ee35d38bc:group-F0D700A86957:LeaderElection24] INFO  server.RaftServerConfigKeys (ConfUtils.java:logGet(43)) - raft.server.watch.timeout = 10s (default)
2019-09-20 08:52:12,877 [3b3ba6e7-bc1c-4c2c-a22e-347ee35d38bc:group-F0D700A86957:LeaderElection24] INFO  server.RaftServerConfigKeys (ConfUtils.java:logGet(43)) - raft.server.watch.timeout.denomination = 1s (default)
2019-09-20 08:52:12,878 [3b3ba6e7-bc1c-4c2c-a22e-347ee35d38bc:group-F0D700A86957:LeaderElection24] INFO  server.RaftServerConfigKeys (ConfUtils.java:logGet(43)) - raft.server.watch.element-limit = 65536 (default)
2019-09-20 08:52:12,878 [3b3ba6e7-bc1c-4c2c-a22e-347ee35d38bc:group-F0D700A86957:LeaderElection24] INFO  impl.RoleInfo (RoleInfo.java:updateAndGet(143)) - 3b3ba6e7-bc1c-4c2c-a22e-347ee35d38bc: start LeaderState
2019-09-20 08:52:12,878 [3b3ba6e7-bc1c-4c2c-a22e-347ee35d38bc:group-F0D700A86957:LeaderElection24] INFO  segmented.SegmentedRaftLogWorker (SegmentedRaftLogWorker.java:startLogSegment(380)) - 3b3ba6e7-bc1c-4c2c-a22e-347ee35d38bc-SegmentedRaftLogWorker:Storage Directory /workdir/hadoop-ozone/tools/target/test-dir/MiniOzoneClusterImpl-da4e238f-9df3-4b07-9cd3-d36e1b7a1734/datanode-0/data/ratis/469e888f-1f81-49e3-9fe0-f0d700a86957: Starting segment from index:0
2019-09-20 08:52:12,878 [3b3ba6e7-bc1c-4c2c-a22e-347ee35d38bc:group-F0D700A86957:LeaderElection24] INFO  impl.RaftServerImpl (ServerState.java:setRaftConf(361)) - 3b3ba6e7-bc1c-4c2c-a22e-347ee35d38bc:group-F0D700A86957 set configuration 0: [3b3ba6e7-bc1c-4c2c-a22e-347ee35d38bc:192.168.36.79:34077], old=null at 0
2019-09-20 08:52:12,905 | INFO  | SCMAudit | user=jenkins1000 | ip=192.168.36.79 | op=SEND_HEARTBEAT {datanodeUUID=3b3ba6e7-bc1c-4c2c-a22e-347ee35d38bc, command=[]} | ret=SUCCESS |  
2019-09-20 08:52:12,917 [f6ec089b-5516-4b64-9212-97eb604ab2a5-SegmentedRaftLogWorker:Storage Directory /workdir/hadoop-ozone/tools/target/test-dir/MiniOzoneClusterImpl-da4e238f-9df3-4b07-9cd3-d36e1b7a1734/datanode-3/data/ratis/bb5b7072-5445-45f1-81d4-99c44c54ae89] INFO  segmented.SegmentedRaftLogWorker (SegmentedRaftLogWorker.java:execute(569)) - f6ec089b-5516-4b64-9212-97eb604ab2a5-SegmentedRaftLogWorker:Storage Directory /workdir/hadoop-ozone/tools/target/test-dir/MiniOzoneClusterImpl-da4e238f-9df3-4b07-9cd3-d36e1b7a1734/datanode-3/data/ratis/bb5b7072-5445-45f1-81d4-99c44c54ae89: created new log segment /workdir/hadoop-ozone/tools/target/test-dir/MiniOzoneClusterImpl-da4e238f-9df3-4b07-9cd3-d36e1b7a1734/datanode-3/data/ratis/bb5b7072-5445-45f1-81d4-99c44c54ae89/current/log_inprogress_0
2019-09-20 08:52:12,934 [3b3ba6e7-bc1c-4c2c-a22e-347ee35d38bc-SegmentedRaftLogWorker:Storage Directory /workdir/hadoop-ozone/tools/target/test-dir/MiniOzoneClusterImpl-da4e238f-9df3-4b07-9cd3-d36e1b7a1734/datanode-0/data/ratis/469e888f-1f81-49e3-9fe0-f0d700a86957] INFO  segmented.SegmentedRaftLogWorker (SegmentedRaftLogWorker.java:execute(569)) - 3b3ba6e7-bc1c-4c2c-a22e-347ee35d38bc-SegmentedRaftLogWorker:Storage Directory /workdir/hadoop-ozone/tools/target/test-dir/MiniOzoneClusterImpl-da4e238f-9df3-4b07-9cd3-d36e1b7a1734/datanode-0/data/ratis/469e888f-1f81-49e3-9fe0-f0d700a86957: created new log segment /workdir/hadoop-ozone/tools/target/test-dir/MiniOzoneClusterImpl-da4e238f-9df3-4b07-9cd3-d36e1b7a1734/datanode-0/data/ratis/469e888f-1f81-49e3-9fe0-f0d700a86957/current/log_inprogress_0
2019-09-20 08:52:12,955 [Thread-292] INFO  impl.FollowerState (FollowerState.java:run(106)) - 2ddefaab-8349-47ab-a504-e432f9d495c5:group-3B3C08469AF5 changes to CANDIDATE, lastRpcTime:5019, electionTimeout:5019ms
2019-09-20 08:52:12,955 [Thread-292] INFO  impl.RoleInfo (RoleInfo.java:shutdownFollowerState(121)) - 2ddefaab-8349-47ab-a504-e432f9d495c5: shutdown FollowerState
2019-09-20 08:52:12,955 [Thread-292] INFO  impl.RaftServerImpl (RaftServerImpl.java:setRole(171)) - 2ddefaab-8349-47ab-a504-e432f9d495c5:group-3B3C08469AF5 changes role from FOLLOWER to CANDIDATE at term 0 for changeToCandidate
2019-09-20 08:52:12,956 [Thread-292] INFO  impl.RoleInfo (RoleInfo.java:updateAndGet(143)) - 2ddefaab-8349-47ab-a504-e432f9d495c5: start LeaderElection
2019-09-20 08:52:12,974 | INFO  | SCMAudit | user=jenkins1000 | ip=192.168.36.79 | op=SEND_HEARTBEAT {datanodeUUID=f6ec089b-5516-4b64-9212-97eb604ab2a5, command=[]} | ret=SUCCESS |  
2019-09-20 08:52:12,983 [Thread-289] INFO  impl.FollowerState (FollowerState.java:run(106)) - b94e02b2-da92-474d-abbd-fccabaa9f79e:group-D00EBB75C235 changes to CANDIDATE, lastRpcTime:5123, electionTimeout:5123ms
2019-09-20 08:52:12,983 [Thread-289] INFO  impl.RoleInfo (RoleInfo.java:shutdownFollowerState(121)) - b94e02b2-da92-474d-abbd-fccabaa9f79e: shutdown FollowerState
2019-09-20 08:52:12,983 [Thread-289] INFO  impl.RaftServerImpl (RaftServerImpl.java:setRole(171)) - b94e02b2-da92-474d-abbd-fccabaa9f79e:group-D00EBB75C235 changes role from FOLLOWER to CANDIDATE at term 0 for changeToCandidate
2019-09-20 08:52:12,984 [Thread-289] INFO  impl.RoleInfo (RoleInfo.java:updateAndGet(143)) - b94e02b2-da92-474d-abbd-fccabaa9f79e: start LeaderElection
2019-09-20 08:52:12,986 [2ddefaab-8349-47ab-a504-e432f9d495c5:group-3B3C08469AF5:LeaderElection25] INFO  impl.LeaderElection (LeaderElection.java:askForVotes(181)) - 2ddefaab-8349-47ab-a504-e432f9d495c5:group-3B3C08469AF5:LeaderElection25: begin an election at term 1 for -1: [2ddefaab-8349-47ab-a504-e432f9d495c5:192.168.36.79:39000], old=null
2019-09-20 08:52:12,987 [2ddefaab-8349-47ab-a504-e432f9d495c5:group-3B3C08469AF5:LeaderElection25] INFO  impl.RoleInfo (RoleInfo.java:shutdownLeaderElection(134)) - 2ddefaab-8349-47ab-a504-e432f9d495c5: shutdown LeaderElection
2019-09-20 08:52:12,987 [2ddefaab-8349-47ab-a504-e432f9d495c5:group-3B3C08469AF5:LeaderElection25] INFO  impl.RaftServerImpl (RaftServerImpl.java:setRole(171)) - 2ddefaab-8349-47ab-a504-e432f9d495c5:group-3B3C08469AF5 changes role from CANDIDATE to LEADER at term 1 for changeToLeader
2019-09-20 08:52:12,987 [2ddefaab-8349-47ab-a504-e432f9d495c5:group-3B3C08469AF5:LeaderElection25] INFO  impl.RaftServerImpl (ServerState.java:setLeader(263)) - 2ddefaab-8349-47ab-a504-e432f9d495c5:group-3B3C08469AF5 change Leader from null to 2ddefaab-8349-47ab-a504-e432f9d495c5 at term 1 for becomeLeader, leader elected after 5055ms
2019-09-20 08:52:12,987 [2ddefaab-8349-47ab-a504-e432f9d495c5:group-3B3C08469AF5:LeaderElection25] INFO  server.RaftServerConfigKeys (ConfUtils.java:logGet(43)) - raft.server.staging.catchup.gap = 1000 (default)
2019-09-20 08:52:12,987 [2ddefaab-8349-47ab-a504-e432f9d495c5:group-3B3C08469AF5:LeaderElection25] INFO  server.RaftServerConfigKeys (ConfUtils.java:logGet(43)) - raft.server.rpc.sleep.time = 25ms (default)
2019-09-20 08:52:12,987 [2ddefaab-8349-47ab-a504-e432f9d495c5:group-3B3C08469AF5:LeaderElection25] INFO  server.RaftServerConfigKeys (ConfUtils.java:logGet(43)) - raft.server.write.element-limit = 4096 (default)
2019-09-20 08:52:12,988 [2ddefaab-8349-47ab-a504-e432f9d495c5:group-3B3C08469AF5:LeaderElection25] INFO  server.RaftServerConfigKeys (ConfUtils.java:logGet(43)) - raft.server.watch.timeout = 10s (default)
2019-09-20 08:52:12,988 [2ddefaab-8349-47ab-a504-e432f9d495c5:group-3B3C08469AF5:LeaderElection25] INFO  server.RaftServerConfigKeys (ConfUtils.java:logGet(43)) - raft.server.watch.timeout.denomination = 1s (default)
2019-09-20 08:52:12,988 [2ddefaab-8349-47ab-a504-e432f9d495c5:group-3B3C08469AF5:LeaderElection25] INFO  server.RaftServerConfigKeys (ConfUtils.java:logGet(43)) - raft.server.watch.element-limit = 65536 (default)
2019-09-20 08:52:12,988 [2ddefaab-8349-47ab-a504-e432f9d495c5:group-3B3C08469AF5:LeaderElection25] INFO  impl.RoleInfo (RoleInfo.java:updateAndGet(143)) - 2ddefaab-8349-47ab-a504-e432f9d495c5: start LeaderState
2019-09-20 08:52:12,988 [2ddefaab-8349-47ab-a504-e432f9d495c5:group-3B3C08469AF5:LeaderElection25] INFO  segmented.SegmentedRaftLogWorker (SegmentedRaftLogWorker.java:startLogSegment(380)) - 2ddefaab-8349-47ab-a504-e432f9d495c5-SegmentedRaftLogWorker:Storage Directory /workdir/hadoop-ozone/tools/target/test-dir/MiniOzoneClusterImpl-da4e238f-9df3-4b07-9cd3-d36e1b7a1734/datanode-4/data/ratis/938339bc-c14f-419e-b14f-3b3c08469af5: Starting segment from index:0
2019-09-20 08:52:12,989 [2ddefaab-8349-47ab-a504-e432f9d495c5:group-3B3C08469AF5:LeaderElection25] INFO  impl.RaftServerImpl (ServerState.java:setRaftConf(361)) - 2ddefaab-8349-47ab-a504-e432f9d495c5:group-3B3C08469AF5 set configuration 0: [2ddefaab-8349-47ab-a504-e432f9d495c5:192.168.36.79:39000], old=null at 0
2019-09-20 08:52:13,026 [b94e02b2-da92-474d-abbd-fccabaa9f79e:group-D00EBB75C235:LeaderElection26] INFO  impl.LeaderElection (LeaderElection.java:askForVotes(181)) - b94e02b2-da92-474d-abbd-fccabaa9f79e:group-D00EBB75C235:LeaderElection26: begin an election at term 1 for -1: [b94e02b2-da92-474d-abbd-fccabaa9f79e:192.168.36.79:36876], old=null
2019-09-20 08:52:13,026 [b94e02b2-da92-474d-abbd-fccabaa9f79e:group-D00EBB75C235:LeaderElection26] INFO  impl.RoleInfo (RoleInfo.java:shutdownLeaderElection(134)) - b94e02b2-da92-474d-abbd-fccabaa9f79e: shutdown LeaderElection
2019-09-20 08:52:13,027 [b94e02b2-da92-474d-abbd-fccabaa9f79e:group-D00EBB75C235:LeaderElection26] INFO  impl.RaftServerImpl (RaftServerImpl.java:setRole(171)) - b94e02b2-da92-474d-abbd-fccabaa9f79e:group-D00EBB75C235 changes role from CANDIDATE to LEADER at term 1 for changeToLeader
2019-09-20 08:52:13,027 [b94e02b2-da92-474d-abbd-fccabaa9f79e:group-D00EBB75C235:LeaderElection26] INFO  impl.RaftServerImpl (ServerState.java:setLeader(263)) - b94e02b2-da92-474d-abbd-fccabaa9f79e:group-D00EBB75C235 change Leader from null to b94e02b2-da92-474d-abbd-fccabaa9f79e at term 1 for becomeLeader, leader elected after 5171ms
2019-09-20 08:52:13,027 [b94e02b2-da92-474d-abbd-fccabaa9f79e:group-D00EBB75C235:LeaderElection26] INFO  server.RaftServerConfigKeys (ConfUtils.java:logGet(43)) - raft.server.staging.catchup.gap = 1000 (default)
2019-09-20 08:52:13,027 [b94e02b2-da92-474d-abbd-fccabaa9f79e:group-D00EBB75C235:LeaderElection26] INFO  server.RaftServerConfigKeys (ConfUtils.java:logGet(43)) - raft.server.rpc.sleep.time = 25ms (default)
2019-09-20 08:52:13,028 | INFO  | SCMAudit | user=jenkins1000 | ip=192.168.36.79 | op=SEND_HEARTBEAT {datanodeUUID=2ddefaab-8349-47ab-a504-e432f9d495c5, command=[]} | ret=SUCCESS |  
2019-09-20 08:52:13,028 [b94e02b2-da92-474d-abbd-fccabaa9f79e:group-D00EBB75C235:LeaderElection26] INFO  server.RaftServerConfigKeys (ConfUtils.java:logGet(43)) - raft.server.write.element-limit = 4096 (default)
2019-09-20 08:52:13,028 [b94e02b2-da92-474d-abbd-fccabaa9f79e:group-D00EBB75C235:LeaderElection26] INFO  server.RaftServerConfigKeys (ConfUtils.java:logGet(43)) - raft.server.watch.timeout = 10s (default)
2019-09-20 08:52:13,028 [b94e02b2-da92-474d-abbd-fccabaa9f79e:group-D00EBB75C235:LeaderElection26] INFO  server.RaftServerConfigKeys (ConfUtils.java:logGet(43)) - raft.server.watch.timeout.denomination = 1s (default)
2019-09-20 08:52:13,028 [b94e02b2-da92-474d-abbd-fccabaa9f79e:group-D00EBB75C235:LeaderElection26] INFO  server.RaftServerConfigKeys (ConfUtils.java:logGet(43)) - raft.server.watch.element-limit = 65536 (default)
2019-09-20 08:52:13,029 [b94e02b2-da92-474d-abbd-fccabaa9f79e:group-D00EBB75C235:LeaderElection26] INFO  impl.RoleInfo (RoleInfo.java:updateAndGet(143)) - b94e02b2-da92-474d-abbd-fccabaa9f79e: start LeaderState
2019-09-20 08:52:13,029 [b94e02b2-da92-474d-abbd-fccabaa9f79e:group-D00EBB75C235:LeaderElection26] INFO  segmented.SegmentedRaftLogWorker (SegmentedRaftLogWorker.java:startLogSegment(380)) - b94e02b2-da92-474d-abbd-fccabaa9f79e-SegmentedRaftLogWorker:Storage Directory /workdir/hadoop-ozone/tools/target/test-dir/MiniOzoneClusterImpl-da4e238f-9df3-4b07-9cd3-d36e1b7a1734/datanode-1/data/ratis/1117cfaf-665d-4d3e-957c-d00ebb75c235: Starting segment from index:0
2019-09-20 08:52:13,030 [b94e02b2-da92-474d-abbd-fccabaa9f79e:group-D00EBB75C235:LeaderElection26] INFO  impl.RaftServerImpl (ServerState.java:setRaftConf(361)) - b94e02b2-da92-474d-abbd-fccabaa9f79e:group-D00EBB75C235 set configuration 0: [b94e02b2-da92-474d-abbd-fccabaa9f79e:192.168.36.79:36876], old=null at 0
2019-09-20 08:52:13,064 [2ddefaab-8349-47ab-a504-e432f9d495c5-SegmentedRaftLogWorker:Storage Directory /workdir/hadoop-ozone/tools/target/test-dir/MiniOzoneClusterImpl-da4e238f-9df3-4b07-9cd3-d36e1b7a1734/datanode-4/data/ratis/938339bc-c14f-419e-b14f-3b3c08469af5] INFO  segmented.SegmentedRaftLogWorker (SegmentedRaftLogWorker.java:execute(569)) - 2ddefaab-8349-47ab-a504-e432f9d495c5-SegmentedRaftLogWorker:Storage Directory /workdir/hadoop-ozone/tools/target/test-dir/MiniOzoneClusterImpl-da4e238f-9df3-4b07-9cd3-d36e1b7a1734/datanode-4/data/ratis/938339bc-c14f-419e-b14f-3b3c08469af5: created new log segment /workdir/hadoop-ozone/tools/target/test-dir/MiniOzoneClusterImpl-da4e238f-9df3-4b07-9cd3-d36e1b7a1734/datanode-4/data/ratis/938339bc-c14f-419e-b14f-3b3c08469af5/current/log_inprogress_0
2019-09-20 08:52:13,077 [Thread-295] INFO  impl.FollowerState (FollowerState.java:run(106)) - b94e02b2-da92-474d-abbd-fccabaa9f79e:group-A357E985B3DC changes to CANDIDATE, lastRpcTime:5056, electionTimeout:5056ms
2019-09-20 08:52:13,078 [Thread-295] INFO  impl.RoleInfo (RoleInfo.java:shutdownFollowerState(121)) - b94e02b2-da92-474d-abbd-fccabaa9f79e: shutdown FollowerState
2019-09-20 08:52:13,078 [Thread-295] INFO  impl.RaftServerImpl (RaftServerImpl.java:setRole(171)) - b94e02b2-da92-474d-abbd-fccabaa9f79e:group-A357E985B3DC changes role from FOLLOWER to CANDIDATE at term 0 for changeToCandidate
2019-09-20 08:52:13,078 [Thread-295] INFO  impl.RoleInfo (RoleInfo.java:updateAndGet(143)) - b94e02b2-da92-474d-abbd-fccabaa9f79e: start LeaderElection
2019-09-20 08:52:13,094 [b94e02b2-da92-474d-abbd-fccabaa9f79e-SegmentedRaftLogWorker:Storage Directory /workdir/hadoop-ozone/tools/target/test-dir/MiniOzoneClusterImpl-da4e238f-9df3-4b07-9cd3-d36e1b7a1734/datanode-1/data/ratis/1117cfaf-665d-4d3e-957c-d00ebb75c235] INFO  segmented.SegmentedRaftLogWorker (SegmentedRaftLogWorker.java:execute(569)) - b94e02b2-da92-474d-abbd-fccabaa9f79e-SegmentedRaftLogWorker:Storage Directory /workdir/hadoop-ozone/tools/target/test-dir/MiniOzoneClusterImpl-da4e238f-9df3-4b07-9cd3-d36e1b7a1734/datanode-1/data/ratis/1117cfaf-665d-4d3e-957c-d00ebb75c235: created new log segment /workdir/hadoop-ozone/tools/target/test-dir/MiniOzoneClusterImpl-da4e238f-9df3-4b07-9cd3-d36e1b7a1734/datanode-1/data/ratis/1117cfaf-665d-4d3e-957c-d00ebb75c235/current/log_inprogress_0
2019-09-20 08:52:13,119 [b94e02b2-da92-474d-abbd-fccabaa9f79e:group-A357E985B3DC:LeaderElection27] INFO  impl.LeaderElection (LeaderElection.java:askForVotes(181)) - b94e02b2-da92-474d-abbd-fccabaa9f79e:group-A357E985B3DC:LeaderElection27: begin an election at term 1 for -1: [b94e02b2-da92-474d-abbd-fccabaa9f79e:192.168.36.79:36876], old=null
2019-09-20 08:52:13,120 [b94e02b2-da92-474d-abbd-fccabaa9f79e:group-A357E985B3DC:LeaderElection27] INFO  impl.RoleInfo (RoleInfo.java:shutdownLeaderElection(134)) - b94e02b2-da92-474d-abbd-fccabaa9f79e: shutdown LeaderElection
2019-09-20 08:52:13,120 [b94e02b2-da92-474d-abbd-fccabaa9f79e:group-A357E985B3DC:LeaderElection27] INFO  impl.RaftServerImpl (RaftServerImpl.java:setRole(171)) - b94e02b2-da92-474d-abbd-fccabaa9f79e:group-A357E985B3DC changes role from CANDIDATE to LEADER at term 1 for changeToLeader
2019-09-20 08:52:13,120 [b94e02b2-da92-474d-abbd-fccabaa9f79e:group-A357E985B3DC:LeaderElection27] INFO  impl.RaftServerImpl (ServerState.java:setLeader(263)) - b94e02b2-da92-474d-abbd-fccabaa9f79e:group-A357E985B3DC change Leader from null to b94e02b2-da92-474d-abbd-fccabaa9f79e at term 1 for becomeLeader, leader elected after 5104ms
2019-09-20 08:52:13,120 [b94e02b2-da92-474d-abbd-fccabaa9f79e:group-A357E985B3DC:LeaderElection27] INFO  server.RaftServerConfigKeys (ConfUtils.java:logGet(43)) - raft.server.staging.catchup.gap = 1000 (default)
2019-09-20 08:52:13,120 [b94e02b2-da92-474d-abbd-fccabaa9f79e:group-A357E985B3DC:LeaderElection27] INFO  server.RaftServerConfigKeys (ConfUtils.java:logGet(43)) - raft.server.rpc.sleep.time = 25ms (default)
2019-09-20 08:52:13,121 [b94e02b2-da92-474d-abbd-fccabaa9f79e:group-A357E985B3DC:LeaderElection27] INFO  server.RaftServerConfigKeys (ConfUtils.java:logGet(43)) - raft.server.write.element-limit = 4096 (default)
2019-09-20 08:52:13,121 [b94e02b2-da92-474d-abbd-fccabaa9f79e:group-A357E985B3DC:LeaderElection27] INFO  server.RaftServerConfigKeys (ConfUtils.java:logGet(43)) - raft.server.watch.timeout = 10s (default)
2019-09-20 08:52:13,121 [b94e02b2-da92-474d-abbd-fccabaa9f79e:group-A357E985B3DC:LeaderElection27] INFO  server.RaftServerConfigKeys (ConfUtils.java:logGet(43)) - raft.server.watch.timeout.denomination = 1s (default)
2019-09-20 08:52:13,121 [b94e02b2-da92-474d-abbd-fccabaa9f79e:group-A357E985B3DC:LeaderElection27] INFO  server.RaftServerConfigKeys (ConfUtils.java:logGet(43)) - raft.server.watch.element-limit = 65536 (default)
2019-09-20 08:52:13,121 [b94e02b2-da92-474d-abbd-fccabaa9f79e:group-A357E985B3DC:LeaderElection27] INFO  impl.RoleInfo (RoleInfo.java:updateAndGet(143)) - b94e02b2-da92-474d-abbd-fccabaa9f79e: start LeaderState
2019-09-20 08:52:13,122 [b94e02b2-da92-474d-abbd-fccabaa9f79e:group-A357E985B3DC:LeaderElection27] INFO  segmented.SegmentedRaftLogWorker (SegmentedRaftLogWorker.java:startLogSegment(380)) - b94e02b2-da92-474d-abbd-fccabaa9f79e-SegmentedRaftLogWorker:Storage Directory /workdir/hadoop-ozone/tools/target/test-dir/MiniOzoneClusterImpl-da4e238f-9df3-4b07-9cd3-d36e1b7a1734/datanode-1/data/ratis/d76a5587-9561-4d72-9814-a357e985b3dc: Starting segment from index:0
2019-09-20 08:52:13,122 [b94e02b2-da92-474d-abbd-fccabaa9f79e:group-A357E985B3DC:LeaderElection27] INFO  impl.RaftServerImpl (ServerState.java:setRaftConf(361)) - b94e02b2-da92-474d-abbd-fccabaa9f79e:group-A357E985B3DC set configuration 0: [b94e02b2-da92-474d-abbd-fccabaa9f79e:192.168.36.79:36876], old=null at 0
2019-09-20 08:52:13,156 [Thread-298] INFO  impl.FollowerState (FollowerState.java:run(106)) - 2ddefaab-8349-47ab-a504-e432f9d495c5:group-2D007E88E1E1 changes to CANDIDATE, lastRpcTime:5035, electionTimeout:5031ms
2019-09-20 08:52:13,157 [Thread-298] INFO  impl.RoleInfo (RoleInfo.java:shutdownFollowerState(121)) - 2ddefaab-8349-47ab-a504-e432f9d495c5: shutdown FollowerState
2019-09-20 08:52:13,157 [Thread-298] INFO  impl.RaftServerImpl (RaftServerImpl.java:setRole(171)) - 2ddefaab-8349-47ab-a504-e432f9d495c5:group-2D007E88E1E1 changes role from FOLLOWER to CANDIDATE at term 0 for changeToCandidate
2019-09-20 08:52:13,157 [Thread-298] INFO  impl.RoleInfo (RoleInfo.java:updateAndGet(143)) - 2ddefaab-8349-47ab-a504-e432f9d495c5: start LeaderElection
2019-09-20 08:52:13,184 | INFO  | SCMAudit | user=jenkins1000 | ip=192.168.36.79 | op=SEND_HEARTBEAT {datanodeUUID=b94e02b2-da92-474d-abbd-fccabaa9f79e, command=[]} | ret=SUCCESS |  
2019-09-20 08:52:13,186 [b94e02b2-da92-474d-abbd-fccabaa9f79e-SegmentedRaftLogWorker:Storage Directory /workdir/hadoop-ozone/tools/target/test-dir/MiniOzoneClusterImpl-da4e238f-9df3-4b07-9cd3-d36e1b7a1734/datanode-1/data/ratis/d76a5587-9561-4d72-9814-a357e985b3dc] INFO  segmented.SegmentedRaftLogWorker (SegmentedRaftLogWorker.java:execute(569)) - b94e02b2-da92-474d-abbd-fccabaa9f79e-SegmentedRaftLogWorker:Storage Directory /workdir/hadoop-ozone/tools/target/test-dir/MiniOzoneClusterImpl-da4e238f-9df3-4b07-9cd3-d36e1b7a1734/datanode-1/data/ratis/d76a5587-9561-4d72-9814-a357e985b3dc: created new log segment /workdir/hadoop-ozone/tools/target/test-dir/MiniOzoneClusterImpl-da4e238f-9df3-4b07-9cd3-d36e1b7a1734/datanode-1/data/ratis/d76a5587-9561-4d72-9814-a357e985b3dc/current/log_inprogress_0
2019-09-20 08:52:13,187 [2ddefaab-8349-47ab-a504-e432f9d495c5:group-2D007E88E1E1:LeaderElection28] INFO  impl.LeaderElection (LeaderElection.java:askForVotes(181)) - 2ddefaab-8349-47ab-a504-e432f9d495c5:group-2D007E88E1E1:LeaderElection28: begin an election at term 1 for -1: [2ddefaab-8349-47ab-a504-e432f9d495c5:192.168.36.79:39000], old=null
2019-09-20 08:52:13,187 [2ddefaab-8349-47ab-a504-e432f9d495c5:group-2D007E88E1E1:LeaderElection28] INFO  impl.RoleInfo (RoleInfo.java:shutdownLeaderElection(134)) - 2ddefaab-8349-47ab-a504-e432f9d495c5: shutdown LeaderElection
2019-09-20 08:52:13,187 [2ddefaab-8349-47ab-a504-e432f9d495c5:group-2D007E88E1E1:LeaderElection28] INFO  impl.RaftServerImpl (RaftServerImpl.java:setRole(171)) - 2ddefaab-8349-47ab-a504-e432f9d495c5:group-2D007E88E1E1 changes role from CANDIDATE to LEADER at term 1 for changeToLeader
2019-09-20 08:52:13,187 [2ddefaab-8349-47ab-a504-e432f9d495c5:group-2D007E88E1E1:LeaderElection28] INFO  impl.RaftServerImpl (ServerState.java:setLeader(263)) - 2ddefaab-8349-47ab-a504-e432f9d495c5:group-2D007E88E1E1 change Leader from null to 2ddefaab-8349-47ab-a504-e432f9d495c5 at term 1 for becomeLeader, leader elected after 5071ms
2019-09-20 08:52:13,187 [2ddefaab-8349-47ab-a504-e432f9d495c5:group-2D007E88E1E1:LeaderElection28] INFO  server.RaftServerConfigKeys (ConfUtils.java:logGet(43)) - raft.server.staging.catchup.gap = 1000 (default)
2019-09-20 08:52:13,187 [2ddefaab-8349-47ab-a504-e432f9d495c5:group-2D007E88E1E1:LeaderElection28] INFO  server.RaftServerConfigKeys (ConfUtils.java:logGet(43)) - raft.server.rpc.sleep.time = 25ms (default)
2019-09-20 08:52:13,188 [2ddefaab-8349-47ab-a504-e432f9d495c5:group-2D007E88E1E1:LeaderElection28] INFO  server.RaftServerConfigKeys (ConfUtils.java:logGet(43)) - raft.server.write.element-limit = 4096 (default)
2019-09-20 08:52:13,188 [2ddefaab-8349-47ab-a504-e432f9d495c5:group-2D007E88E1E1:LeaderElection28] INFO  server.RaftServerConfigKeys (ConfUtils.java:logGet(43)) - raft.server.watch.timeout = 10s (default)
2019-09-20 08:52:13,188 [2ddefaab-8349-47ab-a504-e432f9d495c5:group-2D007E88E1E1:LeaderElection28] INFO  server.RaftServerConfigKeys (ConfUtils.java:logGet(43)) - raft.server.watch.timeout.denomination = 1s (default)
2019-09-20 08:52:13,188 [2ddefaab-8349-47ab-a504-e432f9d495c5:group-2D007E88E1E1:LeaderElection28] INFO  server.RaftServerConfigKeys (ConfUtils.java:logGet(43)) - raft.server.watch.element-limit = 65536 (default)
2019-09-20 08:52:13,188 [2ddefaab-8349-47ab-a504-e432f9d495c5:group-2D007E88E1E1:LeaderElection28] INFO  impl.RoleInfo (RoleInfo.java:updateAndGet(143)) - 2ddefaab-8349-47ab-a504-e432f9d495c5: start LeaderState
2019-09-20 08:52:13,188 [2ddefaab-8349-47ab-a504-e432f9d495c5:group-2D007E88E1E1:LeaderElection28] INFO  segmented.SegmentedRaftLogWorker (SegmentedRaftLogWorker.java:startLogSegment(380)) - 2ddefaab-8349-47ab-a504-e432f9d495c5-SegmentedRaftLogWorker:Storage Directory /workdir/hadoop-ozone/tools/target/test-dir/MiniOzoneClusterImpl-da4e238f-9df3-4b07-9cd3-d36e1b7a1734/datanode-4/data/ratis/bfb4049b-bb8d-4568-9a5b-2d007e88e1e1: Starting segment from index:0
2019-09-20 08:52:13,189 [2ddefaab-8349-47ab-a504-e432f9d495c5:group-2D007E88E1E1:LeaderElection28] INFO  impl.RaftServerImpl (ServerState.java:setRaftConf(361)) - 2ddefaab-8349-47ab-a504-e432f9d495c5:group-2D007E88E1E1 set configuration 0: [2ddefaab-8349-47ab-a504-e432f9d495c5:192.168.36.79:39000], old=null at 0
2019-09-20 08:52:13,245 [2ddefaab-8349-47ab-a504-e432f9d495c5-SegmentedRaftLogWorker:Storage Directory /workdir/hadoop-ozone/tools/target/test-dir/MiniOzoneClusterImpl-da4e238f-9df3-4b07-9cd3-d36e1b7a1734/datanode-4/data/ratis/bfb4049b-bb8d-4568-9a5b-2d007e88e1e1] INFO  segmented.SegmentedRaftLogWorker (SegmentedRaftLogWorker.java:execute(569)) - 2ddefaab-8349-47ab-a504-e432f9d495c5-SegmentedRaftLogWorker:Storage Directory /workdir/hadoop-ozone/tools/target/test-dir/MiniOzoneClusterImpl-da4e238f-9df3-4b07-9cd3-d36e1b7a1734/datanode-4/data/ratis/bfb4049b-bb8d-4568-9a5b-2d007e88e1e1: created new log segment /workdir/hadoop-ozone/tools/target/test-dir/MiniOzoneClusterImpl-da4e238f-9df3-4b07-9cd3-d36e1b7a1734/datanode-4/data/ratis/bfb4049b-bb8d-4568-9a5b-2d007e88e1e1/current/log_inprogress_0
2019-09-20 08:52:13,298 [Thread-301] INFO  impl.FollowerState (FollowerState.java:run(106)) - 2ddefaab-8349-47ab-a504-e432f9d495c5:group-FAFF09914785 changes to CANDIDATE, lastRpcTime:5084, electionTimeout:5084ms
2019-09-20 08:52:13,298 [Thread-301] INFO  impl.RoleInfo (RoleInfo.java:shutdownFollowerState(121)) - 2ddefaab-8349-47ab-a504-e432f9d495c5: shutdown FollowerState
2019-09-20 08:52:13,299 [Thread-301] INFO  impl.RaftServerImpl (RaftServerImpl.java:setRole(171)) - 2ddefaab-8349-47ab-a504-e432f9d495c5:group-FAFF09914785 changes role from FOLLOWER to CANDIDATE at term 0 for changeToCandidate
2019-09-20 08:52:13,299 [Thread-301] INFO  impl.RoleInfo (RoleInfo.java:updateAndGet(143)) - 2ddefaab-8349-47ab-a504-e432f9d495c5: start LeaderElection
2019-09-20 08:52:13,310 [Thread-304] INFO  impl.FollowerState (FollowerState.java:run(106)) - 2ddefaab-8349-47ab-a504-e432f9d495c5:group-80C412948F6B changes to CANDIDATE, lastRpcTime:5012, electionTimeout:5012ms
2019-09-20 08:52:13,311 [Thread-304] INFO  impl.RoleInfo (RoleInfo.java:shutdownFollowerState(121)) - 2ddefaab-8349-47ab-a504-e432f9d495c5: shutdown FollowerState
2019-09-20 08:52:13,311 [Thread-304] INFO  impl.RaftServerImpl (RaftServerImpl.java:setRole(171)) - 2ddefaab-8349-47ab-a504-e432f9d495c5:group-80C412948F6B changes role from FOLLOWER to CANDIDATE at term 0 for changeToCandidate
2019-09-20 08:52:13,311 [Thread-304] INFO  impl.RoleInfo (RoleInfo.java:updateAndGet(143)) - 2ddefaab-8349-47ab-a504-e432f9d495c5: start LeaderElection
2019-09-20 08:52:13,346 [2ddefaab-8349-47ab-a504-e432f9d495c5:group-FAFF09914785:LeaderElection29] INFO  impl.LeaderElection (LeaderElection.java:askForVotes(181)) - 2ddefaab-8349-47ab-a504-e432f9d495c5:group-FAFF09914785:LeaderElection29: begin an election at term 1 for -1: [2ddefaab-8349-47ab-a504-e432f9d495c5:192.168.36.79:39000], old=null
2019-09-20 08:52:13,346 [2ddefaab-8349-47ab-a504-e432f9d495c5:group-80C412948F6B:LeaderElection30] INFO  impl.LeaderElection (LeaderElection.java:askForVotes(181)) - 2ddefaab-8349-47ab-a504-e432f9d495c5:group-80C412948F6B:LeaderElection30: begin an election at term 1 for -1: [2ddefaab-8349-47ab-a504-e432f9d495c5:192.168.36.79:39000], old=null
2019-09-20 08:52:13,346 [2ddefaab-8349-47ab-a504-e432f9d495c5:group-FAFF09914785:LeaderElection29] INFO  impl.RoleInfo (RoleInfo.java:shutdownLeaderElection(134)) - 2ddefaab-8349-47ab-a504-e432f9d495c5: shutdown LeaderElection
2019-09-20 08:52:13,346 [2ddefaab-8349-47ab-a504-e432f9d495c5:group-80C412948F6B:LeaderElection30] INFO  impl.RoleInfo (RoleInfo.java:shutdownLeaderElection(134)) - 2ddefaab-8349-47ab-a504-e432f9d495c5: shutdown LeaderElection
2019-09-20 08:52:13,346 [2ddefaab-8349-47ab-a504-e432f9d495c5:group-FAFF09914785:LeaderElection29] INFO  impl.RaftServerImpl (RaftServerImpl.java:setRole(171)) - 2ddefaab-8349-47ab-a504-e432f9d495c5:group-FAFF09914785 changes role from CANDIDATE to LEADER at term 1 for changeToLeader
2019-09-20 08:52:13,346 [2ddefaab-8349-47ab-a504-e432f9d495c5:group-80C412948F6B:LeaderElection30] INFO  impl.RaftServerImpl (RaftServerImpl.java:setRole(171)) - 2ddefaab-8349-47ab-a504-e432f9d495c5:group-80C412948F6B changes role from CANDIDATE to LEADER at term 1 for changeToLeader
2019-09-20 08:52:13,346 [2ddefaab-8349-47ab-a504-e432f9d495c5:group-FAFF09914785:LeaderElection29] INFO  impl.RaftServerImpl (ServerState.java:setLeader(263)) - 2ddefaab-8349-47ab-a504-e432f9d495c5:group-FAFF09914785 change Leader from null to 2ddefaab-8349-47ab-a504-e432f9d495c5 at term 1 for becomeLeader, leader elected after 5137ms
2019-09-20 08:52:13,346 [2ddefaab-8349-47ab-a504-e432f9d495c5:group-80C412948F6B:LeaderElection30] INFO  impl.RaftServerImpl (ServerState.java:setLeader(263)) - 2ddefaab-8349-47ab-a504-e432f9d495c5:group-80C412948F6B change Leader from null to 2ddefaab-8349-47ab-a504-e432f9d495c5 at term 1 for becomeLeader, leader elected after 5053ms
2019-09-20 08:52:13,347 [2ddefaab-8349-47ab-a504-e432f9d495c5:group-FAFF09914785:LeaderElection29] INFO  server.RaftServerConfigKeys (ConfUtils.java:logGet(43)) - raft.server.staging.catchup.gap = 1000 (default)
2019-09-20 08:52:13,347 [2ddefaab-8349-47ab-a504-e432f9d495c5:group-80C412948F6B:LeaderElection30] INFO  server.RaftServerConfigKeys (ConfUtils.java:logGet(43)) - raft.server.staging.catchup.gap = 1000 (default)
2019-09-20 08:52:13,347 [2ddefaab-8349-47ab-a504-e432f9d495c5:group-FAFF09914785:LeaderElection29] INFO  server.RaftServerConfigKeys (ConfUtils.java:logGet(43)) - raft.server.rpc.sleep.time = 25ms (default)
2019-09-20 08:52:13,347 [2ddefaab-8349-47ab-a504-e432f9d495c5:group-80C412948F6B:LeaderElection30] INFO  server.RaftServerConfigKeys (ConfUtils.java:logGet(43)) - raft.server.rpc.sleep.time = 25ms (default)
2019-09-20 08:52:13,347 [2ddefaab-8349-47ab-a504-e432f9d495c5:group-FAFF09914785:LeaderElection29] INFO  server.RaftServerConfigKeys (ConfUtils.java:logGet(43)) - raft.server.write.element-limit = 4096 (default)
2019-09-20 08:52:13,347 [2ddefaab-8349-47ab-a504-e432f9d495c5:group-80C412948F6B:LeaderElection30] INFO  server.RaftServerConfigKeys (ConfUtils.java:logGet(43)) - raft.server.write.element-limit = 4096 (default)
2019-09-20 08:52:13,347 [2ddefaab-8349-47ab-a504-e432f9d495c5:group-FAFF09914785:LeaderElection29] INFO  server.RaftServerConfigKeys (ConfUtils.java:logGet(43)) - raft.server.watch.timeout = 10s (default)
2019-09-20 08:52:13,348 [2ddefaab-8349-47ab-a504-e432f9d495c5:group-80C412948F6B:LeaderElection30] INFO  server.RaftServerConfigKeys (ConfUtils.java:logGet(43)) - raft.server.watch.timeout = 10s (default)
2019-09-20 08:52:13,348 [2ddefaab-8349-47ab-a504-e432f9d495c5:group-FAFF09914785:LeaderElection29] INFO  server.RaftServerConfigKeys (ConfUtils.java:logGet(43)) - raft.server.watch.timeout.denomination = 1s (default)
2019-09-20 08:52:13,348 [2ddefaab-8349-47ab-a504-e432f9d495c5:group-80C412948F6B:LeaderElection30] INFO  server.RaftServerConfigKeys (ConfUtils.java:logGet(43)) - raft.server.watch.timeout.denomination = 1s (default)
2019-09-20 08:52:13,348 [2ddefaab-8349-47ab-a504-e432f9d495c5:group-FAFF09914785:LeaderElection29] INFO  server.RaftServerConfigKeys (ConfUtils.java:logGet(43)) - raft.server.watch.element-limit = 65536 (default)
2019-09-20 08:52:13,348 [2ddefaab-8349-47ab-a504-e432f9d495c5:group-80C412948F6B:LeaderElection30] INFO  server.RaftServerConfigKeys (ConfUtils.java:logGet(43)) - raft.server.watch.element-limit = 65536 (default)
2019-09-20 08:52:13,348 [2ddefaab-8349-47ab-a504-e432f9d495c5:group-FAFF09914785:LeaderElection29] INFO  impl.RoleInfo (RoleInfo.java:updateAndGet(143)) - 2ddefaab-8349-47ab-a504-e432f9d495c5: start LeaderState
2019-09-20 08:52:13,348 [2ddefaab-8349-47ab-a504-e432f9d495c5:group-80C412948F6B:LeaderElection30] INFO  impl.RoleInfo (RoleInfo.java:updateAndGet(143)) - 2ddefaab-8349-47ab-a504-e432f9d495c5: start LeaderState
2019-09-20 08:52:13,349 [2ddefaab-8349-47ab-a504-e432f9d495c5:group-FAFF09914785:LeaderElection29] INFO  segmented.SegmentedRaftLogWorker (SegmentedRaftLogWorker.java:startLogSegment(380)) - 2ddefaab-8349-47ab-a504-e432f9d495c5-SegmentedRaftLogWorker:Storage Directory /workdir/hadoop-ozone/tools/target/test-dir/MiniOzoneClusterImpl-da4e238f-9df3-4b07-9cd3-d36e1b7a1734/datanode-4/data/ratis/e52fb920-0858-4b0f-844f-faff09914785: Starting segment from index:0
2019-09-20 08:52:13,349 [2ddefaab-8349-47ab-a504-e432f9d495c5:group-80C412948F6B:LeaderElection30] INFO  segmented.SegmentedRaftLogWorker (SegmentedRaftLogWorker.java:startLogSegment(380)) - 2ddefaab-8349-47ab-a504-e432f9d495c5-SegmentedRaftLogWorker:Storage Directory /workdir/hadoop-ozone/tools/target/test-dir/MiniOzoneClusterImpl-da4e238f-9df3-4b07-9cd3-d36e1b7a1734/datanode-4/data/ratis/04080981-0d5a-4063-a9f8-80c412948f6b: Starting segment from index:0
2019-09-20 08:52:13,349 [2ddefaab-8349-47ab-a504-e432f9d495c5:group-FAFF09914785:LeaderElection29] INFO  impl.RaftServerImpl (ServerState.java:setRaftConf(361)) - 2ddefaab-8349-47ab-a504-e432f9d495c5:group-FAFF09914785 set configuration 0: [2ddefaab-8349-47ab-a504-e432f9d495c5:192.168.36.79:39000], old=null at 0
2019-09-20 08:52:13,384 [2ddefaab-8349-47ab-a504-e432f9d495c5:group-80C412948F6B:LeaderElection30] INFO  impl.RaftServerImpl (ServerState.java:setRaftConf(361)) - 2ddefaab-8349-47ab-a504-e432f9d495c5:group-80C412948F6B set configuration 0: [2ddefaab-8349-47ab-a504-e432f9d495c5:192.168.36.79:39000], old=null at 0
2019-09-20 08:52:13,413 [2ddefaab-8349-47ab-a504-e432f9d495c5-SegmentedRaftLogWorker:Storage Directory /workdir/hadoop-ozone/tools/target/test-dir/MiniOzoneClusterImpl-da4e238f-9df3-4b07-9cd3-d36e1b7a1734/datanode-4/data/ratis/e52fb920-0858-4b0f-844f-faff09914785] INFO  segmented.SegmentedRaftLogWorker (SegmentedRaftLogWorker.java:execute(569)) - 2ddefaab-8349-47ab-a504-e432f9d495c5-SegmentedRaftLogWorker:Storage Directory /workdir/hadoop-ozone/tools/target/test-dir/MiniOzoneClusterImpl-da4e238f-9df3-4b07-9cd3-d36e1b7a1734/datanode-4/data/ratis/e52fb920-0858-4b0f-844f-faff09914785: created new log segment /workdir/hadoop-ozone/tools/target/test-dir/MiniOzoneClusterImpl-da4e238f-9df3-4b07-9cd3-d36e1b7a1734/datanode-4/data/ratis/e52fb920-0858-4b0f-844f-faff09914785/current/log_inprogress_0
2019-09-20 08:52:13,439 [2ddefaab-8349-47ab-a504-e432f9d495c5-SegmentedRaftLogWorker:Storage Directory /workdir/hadoop-ozone/tools/target/test-dir/MiniOzoneClusterImpl-da4e238f-9df3-4b07-9cd3-d36e1b7a1734/datanode-4/data/ratis/04080981-0d5a-4063-a9f8-80c412948f6b] INFO  segmented.SegmentedRaftLogWorker (SegmentedRaftLogWorker.java:execute(569)) - 2ddefaab-8349-47ab-a504-e432f9d495c5-SegmentedRaftLogWorker:Storage Directory /workdir/hadoop-ozone/tools/target/test-dir/MiniOzoneClusterImpl-da4e238f-9df3-4b07-9cd3-d36e1b7a1734/datanode-4/data/ratis/04080981-0d5a-4063-a9f8-80c412948f6b: created new log segment /workdir/hadoop-ozone/tools/target/test-dir/MiniOzoneClusterImpl-da4e238f-9df3-4b07-9cd3-d36e1b7a1734/datanode-4/data/ratis/04080981-0d5a-4063-a9f8-80c412948f6b/current/log_inprogress_0
2019-09-20 08:52:13,444 | INFO  | SCMAudit | user=jenkins1000 | ip=192.168.36.79 | op=SEND_HEARTBEAT {datanodeUUID=44c728ea-0f6d-4328-96aa-117f098b9c99, command=[]} | ret=SUCCESS |  
2019-09-20 08:52:13,905 | INFO  | SCMAudit | user=jenkins1000 | ip=192.168.36.79 | op=SEND_HEARTBEAT {datanodeUUID=3b3ba6e7-bc1c-4c2c-a22e-347ee35d38bc, command=[]} | ret=SUCCESS |  
2019-09-20 08:52:13,975 | INFO  | SCMAudit | user=jenkins1000 | ip=192.168.36.79 | op=SEND_HEARTBEAT {datanodeUUID=f6ec089b-5516-4b64-9212-97eb604ab2a5, command=[]} | ret=SUCCESS |  
2019-09-20 08:52:14,027 | INFO  | SCMAudit | user=jenkins1000 | ip=192.168.36.79 | op=SEND_HEARTBEAT {datanodeUUID=2ddefaab-8349-47ab-a504-e432f9d495c5, command=[]} | ret=SUCCESS |  
2019-09-20 08:52:14,185 | INFO  | SCMAudit | user=jenkins1000 | ip=192.168.36.79 | op=SEND_HEARTBEAT {datanodeUUID=b94e02b2-da92-474d-abbd-fccabaa9f79e, command=[]} | ret=SUCCESS |  
2019-09-20 08:52:14,444 | INFO  | SCMAudit | user=jenkins1000 | ip=192.168.36.79 | op=SEND_HEARTBEAT {datanodeUUID=44c728ea-0f6d-4328-96aa-117f098b9c99, command=[]} | ret=SUCCESS |  
2019-09-20 08:52:14,906 | INFO  | SCMAudit | user=jenkins1000 | ip=192.168.36.79 | op=SEND_HEARTBEAT {datanodeUUID=3b3ba6e7-bc1c-4c2c-a22e-347ee35d38bc, command=[]} | ret=SUCCESS |  
2019-09-20 08:52:14,976 | INFO  | SCMAudit | user=jenkins1000 | ip=192.168.36.79 | op=SEND_HEARTBEAT {datanodeUUID=f6ec089b-5516-4b64-9212-97eb604ab2a5, command=[]} | ret=SUCCESS |  
2019-09-20 08:52:15,029 | INFO  | SCMAudit | user=jenkins1000 | ip=192.168.36.79 | op=SEND_HEARTBEAT {datanodeUUID=2ddefaab-8349-47ab-a504-e432f9d495c5, command=[]} | ret=SUCCESS |  
2019-09-20 08:52:15,185 | INFO  | SCMAudit | user=jenkins1000 | ip=192.168.36.79 | op=SEND_HEARTBEAT {datanodeUUID=b94e02b2-da92-474d-abbd-fccabaa9f79e, command=[]} | ret=SUCCESS |  
2019-09-20 08:52:15,445 | INFO  | SCMAudit | user=jenkins1000 | ip=192.168.36.79 | op=SEND_HEARTBEAT {datanodeUUID=44c728ea-0f6d-4328-96aa-117f098b9c99, command=[]} | ret=SUCCESS |  
2019-09-20 08:52:15,905 | INFO  | SCMAudit | user=jenkins1000 | ip=192.168.36.79 | op=SEND_HEARTBEAT {datanodeUUID=3b3ba6e7-bc1c-4c2c-a22e-347ee35d38bc, command=[]} | ret=SUCCESS |  
2019-09-20 08:52:15,975 | INFO  | SCMAudit | user=jenkins1000 | ip=192.168.36.79 | op=SEND_HEARTBEAT {datanodeUUID=f6ec089b-5516-4b64-9212-97eb604ab2a5, command=[]} | ret=SUCCESS |  
2019-09-20 08:52:16,028 | INFO  | SCMAudit | user=jenkins1000 | ip=192.168.36.79 | op=SEND_HEARTBEAT {datanodeUUID=2ddefaab-8349-47ab-a504-e432f9d495c5, command=[]} | ret=SUCCESS |  
2019-09-20 08:52:16,184 | INFO  | SCMAudit | user=jenkins1000 | ip=192.168.36.79 | op=SEND_HEARTBEAT {datanodeUUID=b94e02b2-da92-474d-abbd-fccabaa9f79e, command=[]} | ret=SUCCESS |  
2019-09-20 08:52:16,444 | INFO  | SCMAudit | user=jenkins1000 | ip=192.168.36.79 | op=SEND_HEARTBEAT {datanodeUUID=44c728ea-0f6d-4328-96aa-117f098b9c99, command=[]} | ret=SUCCESS |  
]]></system-out>
    <system-err><![CDATA[Sep 20, 2019 8:51:58 AM com.sun.jersey.server.impl.application.WebApplicationImpl _initiate
INFO: Initiating Jersey application, version 'Jersey: 1.19 02/11/2015 03:25 AM'
Sep 20, 2019 8:52:00 AM com.sun.jersey.server.impl.application.WebApplicationImpl _initiate
INFO: Initiating Jersey application, version 'Jersey: 1.19 02/11/2015 03:25 AM'
Sep 20, 2019 8:52:00 AM com.sun.jersey.server.impl.application.WebApplicationImpl _initiate
INFO: Initiating Jersey application, version 'Jersey: 1.19 02/11/2015 03:25 AM'
Sep 20, 2019 8:52:00 AM com.sun.jersey.server.impl.application.WebApplicationImpl _initiate
INFO: Initiating Jersey application, version 'Jersey: 1.19 02/11/2015 03:25 AM'
Sep 20, 2019 8:52:00 AM com.sun.jersey.server.impl.application.WebApplicationImpl _initiate
INFO: Initiating Jersey application, version 'Jersey: 1.19 02/11/2015 03:25 AM'
]]></system-err>
  </testcase>
  <testcase name="standaloneTestLargeKey" classname="org.apache.hadoop.ozone.freon.TestDataValidateWithSafeByteOperations" time="10.124">
    <error message="Allocated 0 blocks. Requested 5 blocks" type="INTERNAL_ERROR org.apache.hadoop.ozone.om.exceptions.OMException">INTERNAL_ERROR org.apache.hadoop.ozone.om.exceptions.OMException: Allocated 0 blocks. Requested 5 blocks
	at org.apache.hadoop.ozone.om.protocolPB.OzoneManagerProtocolClientSideTranslatorPB.handleError(OzoneManagerProtocolClientSideTranslatorPB.java:725)
	at org.apache.hadoop.ozone.om.protocolPB.OzoneManagerProtocolClientSideTranslatorPB.openKey(OzoneManagerProtocolClientSideTranslatorPB.java:716)
	at org.apache.hadoop.ozone.client.rpc.RpcClient.createKey(RpcClient.java:615)
	at org.apache.hadoop.ozone.client.OzoneBucket.createKey(OzoneBucket.java:323)
	at org.apache.hadoop.ozone.freon.RandomKeyGenerator.createKey(RandomKeyGenerator.java:686)
	at org.apache.hadoop.ozone.freon.RandomKeyGenerator.access$1100(RandomKeyGenerator.java:87)
	at org.apache.hadoop.ozone.freon.RandomKeyGenerator$ObjectCreator.run(RandomKeyGenerator.java:606)
	at java.util.concurrent.Executors$RunnableAdapter.call(Executors.java:511)
	at java.util.concurrent.FutureTask.run(FutureTask.java:266)
	at java.util.concurrent.ThreadPoolExecutor.runWorker(ThreadPoolExecutor.java:1149)
	at java.util.concurrent.ThreadPoolExecutor$Worker.run(ThreadPoolExecutor.java:624)
	at java.lang.Thread.run(Thread.java:748)
</error>
    <system-out><![CDATA[2019-09-20 08:52:16,611 [main] INFO  freon.RandomKeyGenerator (RandomKeyGenerator.java:call(275)) - Number of Threads: 10
2019-09-20 08:52:16,612 [main] INFO  freon.RandomKeyGenerator (RandomKeyGenerator.java:call(280)) - Number of Volumes: 1.
2019-09-20 08:52:16,612 [main] INFO  freon.RandomKeyGenerator (RandomKeyGenerator.java:call(281)) - Number of Buckets per Volume: 1.
2019-09-20 08:52:16,612 [main] INFO  freon.RandomKeyGenerator (RandomKeyGenerator.java:call(282)) - Number of Keys per Bucket: 1.
2019-09-20 08:52:16,612 [main] INFO  freon.RandomKeyGenerator (RandomKeyGenerator.java:call(283)) - Key size: 20971520 bytes
2019-09-20 08:52:16,612 [main] INFO  freon.RandomKeyGenerator (RandomKeyGenerator.java:call(284)) - Buffer size: 4096 bytes
2019-09-20 08:52:16,613 [pool-79-thread-1] INFO  rpc.RpcClient (RpcClient.java:createVolume(293)) - Creating Volume: vol-0-06150, with jenkins1000 as owner.
2019-09-20 08:52:16,614 [main] INFO  freon.RandomKeyGenerator (RandomKeyGenerator.java:call(298)) - Data validation is enabled.
2019-09-20 08:52:16,614 [main] INFO  freon.RandomKeyGenerator (RandomKeyGenerator.java:call(304)) - Starting progress bar Thread.

 0.00% |█                                                                                                    |  0/1 Time: 0:00:002019-09-20 08:52:16,619 | INFO  | OMAudit | user=jenkins1000 | ip=127.0.0.1 | op=CREATE_VOLUME {admin=jenkins1000, owner=jenkins1000, volume=vol-0-06150, creationTime=1568969536618, quotaInBytes=1152921504606846976} | ret=SUCCESS |  
2019-09-20 08:52:16,622 | INFO  | OMAudit | user=jenkins1000 | ip=127.0.0.1 | op=READ_VOLUME {volume=vol-0-06150} | ret=SUCCESS |  
2019-09-20 08:52:16,635 [pool-79-thread-3] INFO  rpc.RpcClient (RpcClient.java:createBucket(432)) - Creating Bucket: vol-0-06150/bucket-0-53538, with Versioning false and Storage Type set to DISK and Encryption set to false 
2019-09-20 08:52:16,637 | INFO  | OMAudit | user=jenkins1000 | ip=127.0.0.1 | op=CREATE_BUCKET {volume=vol-0-06150, bucket=bucket-0-53538, acls=[user:jenkins1000:a[ACCESS], group:default:a[ACCESS]], isVersionEnabled=false, storageType=DISK, creationTime=0} | ret=SUCCESS |  
2019-09-20 08:52:16,639 | INFO  | OMAudit | user=jenkins1000 | ip=127.0.0.1 | op=READ_BUCKET {volume=vol-0-06150, bucket=bucket-0-53538} | ret=SUCCESS |  
2019-09-20 08:52:16,650 [IPC Server handler 9 on 37160] INFO  pipeline.PipelinePlacementPolicy (PipelinePlacementPolicy.java:meetCriteria(91)) - Pipeline Placement: Doesn't meet the criteria to be viable node： 2ddefaab-8349-47ab-a504-e432f9d495c5 Heaviness: 6 limit: 5
2019-09-20 08:52:16,650 [IPC Server handler 9 on 37160] INFO  pipeline.PipelinePlacementPolicy (PipelinePlacementPolicy.java:meetCriteria(91)) - Pipeline Placement: Doesn't meet the criteria to be viable node： b94e02b2-da92-474d-abbd-fccabaa9f79e Heaviness: 6 limit: 5
2019-09-20 08:52:16,650 [IPC Server handler 9 on 37160] INFO  pipeline.PipelinePlacementPolicy (PipelinePlacementPolicy.java:meetCriteria(91)) - Pipeline Placement: Doesn't meet the criteria to be viable node： f6ec089b-5516-4b64-9212-97eb604ab2a5 Heaviness: 6 limit: 5
2019-09-20 08:52:16,650 [IPC Server handler 9 on 37160] INFO  pipeline.PipelinePlacementPolicy (PipelinePlacementPolicy.java:meetCriteria(91)) - Pipeline Placement: Doesn't meet the criteria to be viable node： 3b3ba6e7-bc1c-4c2c-a22e-347ee35d38bc Heaviness: 6 limit: 5
2019-09-20 08:52:16,651 [IPC Server handler 9 on 37160] INFO  pipeline.PipelinePlacementPolicy (PipelinePlacementPolicy.java:meetCriteria(91)) - Pipeline Placement: Doesn't meet the criteria to be viable node： 44c728ea-0f6d-4328-96aa-117f098b9c99 Heaviness: 6 limit: 5
2019-09-20 08:52:16,651 [IPC Server handler 9 on 37160] ERROR pipeline.PipelinePlacementPolicy (PipelinePlacementPolicy.java:filterViableNodes(148)) - Unable to find enough nodes that meet the criteria that cannot engage in more than 5 pipelines. Nodes required: 3 Found: 0, healthy nodes count inNodeManager: 5.
2019-09-20 08:52:16,651 [IPC Server handler 9 on 37160] ERROR pipeline.SCMPipelineManager (SCMPipelineManager.java:createPipeline(161)) - Pipeline creation failed due to exception: Unable to find enough nodes that meet the criteria that cannot engage in more than 5 pipelines. Nodes required: 3 Found: 0, healthy nodes count inNodeManager: 5.
2019-09-20 08:52:16,651 [IPC Server handler 9 on 37160] WARN  block.BlockManagerImpl (BlockManagerImpl.java:allocateBlock(192)) - Pipeline creation failed for type:RATIS factor:THREE. Retrying get pipelines call once.
org.apache.hadoop.hdds.scm.exceptions.SCMException: Unable to find enough nodes that meet the criteria that cannot engage in more than 5 pipelines. Nodes required: 3 Found: 0, healthy nodes count inNodeManager: 5.
	at org.apache.hadoop.hdds.scm.pipeline.PipelinePlacementPolicy.filterViableNodes(PipelinePlacementPolicy.java:149)
	at org.apache.hadoop.hdds.scm.pipeline.PipelinePlacementPolicy.chooseDatanodes(PipelinePlacementPolicy.java:172)
	at org.apache.hadoop.hdds.scm.pipeline.RatisPipelineProvider.create(RatisPipelineProvider.java:92)
	at org.apache.hadoop.hdds.scm.pipeline.PipelineFactory.create(PipelineFactory.java:57)
	at org.apache.hadoop.hdds.scm.pipeline.SCMPipelineManager.createPipeline(SCMPipelineManager.java:149)
	at org.apache.hadoop.hdds.scm.block.BlockManagerImpl.allocateBlock(BlockManagerImpl.java:190)
	at org.apache.hadoop.hdds.scm.server.SCMBlockProtocolServer.allocateBlock(SCMBlockProtocolServer.java:175)
	at org.apache.hadoop.ozone.protocolPB.ScmBlockLocationProtocolServerSideTranslatorPB.allocateScmBlock(ScmBlockLocationProtocolServerSideTranslatorPB.java:153)
	at org.apache.hadoop.ozone.protocolPB.ScmBlockLocationProtocolServerSideTranslatorPB.send(ScmBlockLocationProtocolServerSideTranslatorPB.java:112)
	at org.apache.hadoop.hdds.protocol.proto.ScmBlockLocationProtocolProtos$ScmBlockLocationProtocolService$2.callBlockingMethod(ScmBlockLocationProtocolProtos.java:13157)
	at org.apache.hadoop.ipc.ProtobufRpcEngine$Server$ProtoBufRpcInvoker.call(ProtobufRpcEngine.java:524)
	at org.apache.hadoop.ipc.RPC$Server.call(RPC.java:1025)
	at org.apache.hadoop.ipc.Server$RpcCall.run(Server.java:876)
	at org.apache.hadoop.ipc.Server$RpcCall.run(Server.java:822)
	at java.security.AccessController.doPrivileged(Native Method)
	at javax.security.auth.Subject.doAs(Subject.java:422)
	at org.apache.hadoop.security.UserGroupInformation.doAs(UserGroupInformation.java:1730)
	at org.apache.hadoop.ipc.Server$Handler.run(Server.java:2682)
2019-09-20 08:52:16,652 [IPC Server handler 9 on 37160] INFO  block.BlockManagerImpl (BlockManagerImpl.java:allocateBlock(198)) - Could not find available pipeline of type:RATIS and factor:THREE even after retrying
2019-09-20 08:52:16,652 [IPC Server handler 9 on 37160] ERROR block.BlockManagerImpl (BlockManagerImpl.java:allocateBlock(222)) - Unable to allocate a block for the size: 4194304, type: RATIS, factor: THREE
2019-09-20 08:52:16,652 [IPC Server handler 9 on 37160] INFO  pipeline.PipelinePlacementPolicy (PipelinePlacementPolicy.java:meetCriteria(91)) - Pipeline Placement: Doesn't meet the criteria to be viable node： 2ddefaab-8349-47ab-a504-e432f9d495c5 Heaviness: 6 limit: 5
2019-09-20 08:52:16,653 [IPC Server handler 9 on 37160] INFO  pipeline.PipelinePlacementPolicy (PipelinePlacementPolicy.java:meetCriteria(91)) - Pipeline Placement: Doesn't meet the criteria to be viable node： b94e02b2-da92-474d-abbd-fccabaa9f79e Heaviness: 6 limit: 5
2019-09-20 08:52:16,653 [IPC Server handler 9 on 37160] INFO  pipeline.PipelinePlacementPolicy (PipelinePlacementPolicy.java:meetCriteria(91)) - Pipeline Placement: Doesn't meet the criteria to be viable node： f6ec089b-5516-4b64-9212-97eb604ab2a5 Heaviness: 6 limit: 5
2019-09-20 08:52:16,653 [IPC Server handler 9 on 37160] INFO  pipeline.PipelinePlacementPolicy (PipelinePlacementPolicy.java:meetCriteria(91)) - Pipeline Placement: Doesn't meet the criteria to be viable node： 3b3ba6e7-bc1c-4c2c-a22e-347ee35d38bc Heaviness: 6 limit: 5
2019-09-20 08:52:16,653 [IPC Server handler 9 on 37160] INFO  pipeline.PipelinePlacementPolicy (PipelinePlacementPolicy.java:meetCriteria(91)) - Pipeline Placement: Doesn't meet the criteria to be viable node： 44c728ea-0f6d-4328-96aa-117f098b9c99 Heaviness: 6 limit: 5
2019-09-20 08:52:16,654 [IPC Server handler 9 on 37160] ERROR pipeline.PipelinePlacementPolicy (PipelinePlacementPolicy.java:filterViableNodes(148)) - Unable to find enough nodes that meet the criteria that cannot engage in more than 5 pipelines. Nodes required: 3 Found: 0, healthy nodes count inNodeManager: 5.
2019-09-20 08:52:16,654 [IPC Server handler 9 on 37160] ERROR pipeline.SCMPipelineManager (SCMPipelineManager.java:createPipeline(161)) - Pipeline creation failed due to exception: Unable to find enough nodes that meet the criteria that cannot engage in more than 5 pipelines. Nodes required: 3 Found: 0, healthy nodes count inNodeManager: 5.
2019-09-20 08:52:16,654 [IPC Server handler 9 on 37160] WARN  block.BlockManagerImpl (BlockManagerImpl.java:allocateBlock(192)) - Pipeline creation failed for type:RATIS factor:THREE. Retrying get pipelines call once.
org.apache.hadoop.hdds.scm.exceptions.SCMException: Unable to find enough nodes that meet the criteria that cannot engage in more than 5 pipelines. Nodes required: 3 Found: 0, healthy nodes count inNodeManager: 5.
	at org.apache.hadoop.hdds.scm.pipeline.PipelinePlacementPolicy.filterViableNodes(PipelinePlacementPolicy.java:149)
	at org.apache.hadoop.hdds.scm.pipeline.PipelinePlacementPolicy.chooseDatanodes(PipelinePlacementPolicy.java:172)
	at org.apache.hadoop.hdds.scm.pipeline.RatisPipelineProvider.create(RatisPipelineProvider.java:92)
	at org.apache.hadoop.hdds.scm.pipeline.PipelineFactory.create(PipelineFactory.java:57)
	at org.apache.hadoop.hdds.scm.pipeline.SCMPipelineManager.createPipeline(SCMPipelineManager.java:149)
	at org.apache.hadoop.hdds.scm.block.BlockManagerImpl.allocateBlock(BlockManagerImpl.java:190)
	at org.apache.hadoop.hdds.scm.server.SCMBlockProtocolServer.allocateBlock(SCMBlockProtocolServer.java:175)
	at org.apache.hadoop.ozone.protocolPB.ScmBlockLocationProtocolServerSideTranslatorPB.allocateScmBlock(ScmBlockLocationProtocolServerSideTranslatorPB.java:153)
	at org.apache.hadoop.ozone.protocolPB.ScmBlockLocationProtocolServerSideTranslatorPB.send(ScmBlockLocationProtocolServerSideTranslatorPB.java:112)
	at org.apache.hadoop.hdds.protocol.proto.ScmBlockLocationProtocolProtos$ScmBlockLocationProtocolService$2.callBlockingMethod(ScmBlockLocationProtocolProtos.java:13157)
	at org.apache.hadoop.ipc.ProtobufRpcEngine$Server$ProtoBufRpcInvoker.call(ProtobufRpcEngine.java:524)
	at org.apache.hadoop.ipc.RPC$Server.call(RPC.java:1025)
	at org.apache.hadoop.ipc.Server$RpcCall.run(Server.java:876)
	at org.apache.hadoop.ipc.Server$RpcCall.run(Server.java:822)
	at java.security.AccessController.doPrivileged(Native Method)
	at javax.security.auth.Subject.doAs(Subject.java:422)
	at org.apache.hadoop.security.UserGroupInformation.doAs(UserGroupInformation.java:1730)
	at org.apache.hadoop.ipc.Server$Handler.run(Server.java:2682)
2019-09-20 08:52:16,656 [IPC Server handler 9 on 37160] INFO  block.BlockManagerImpl (BlockManagerImpl.java:allocateBlock(198)) - Could not find available pipeline of type:RATIS and factor:THREE even after retrying
2019-09-20 08:52:16,656 [IPC Server handler 9 on 37160] ERROR block.BlockManagerImpl (BlockManagerImpl.java:allocateBlock(222)) - Unable to allocate a block for the size: 4194304, type: RATIS, factor: THREE
2019-09-20 08:52:16,657 [IPC Server handler 9 on 37160] INFO  pipeline.PipelinePlacementPolicy (PipelinePlacementPolicy.java:meetCriteria(91)) - Pipeline Placement: Doesn't meet the criteria to be viable node： 2ddefaab-8349-47ab-a504-e432f9d495c5 Heaviness: 6 limit: 5
2019-09-20 08:52:16,657 [IPC Server handler 9 on 37160] INFO  pipeline.PipelinePlacementPolicy (PipelinePlacementPolicy.java:meetCriteria(91)) - Pipeline Placement: Doesn't meet the criteria to be viable node： b94e02b2-da92-474d-abbd-fccabaa9f79e Heaviness: 6 limit: 5
2019-09-20 08:52:16,657 [IPC Server handler 9 on 37160] INFO  pipeline.PipelinePlacementPolicy (PipelinePlacementPolicy.java:meetCriteria(91)) - Pipeline Placement: Doesn't meet the criteria to be viable node： f6ec089b-5516-4b64-9212-97eb604ab2a5 Heaviness: 6 limit: 5
2019-09-20 08:52:16,657 [IPC Server handler 9 on 37160] INFO  pipeline.PipelinePlacementPolicy (PipelinePlacementPolicy.java:meetCriteria(91)) - Pipeline Placement: Doesn't meet the criteria to be viable node： 3b3ba6e7-bc1c-4c2c-a22e-347ee35d38bc Heaviness: 6 limit: 5
2019-09-20 08:52:16,657 [IPC Server handler 9 on 37160] INFO  pipeline.PipelinePlacementPolicy (PipelinePlacementPolicy.java:meetCriteria(91)) - Pipeline Placement: Doesn't meet the criteria to be viable node： 44c728ea-0f6d-4328-96aa-117f098b9c99 Heaviness: 6 limit: 5
2019-09-20 08:52:16,658 [IPC Server handler 9 on 37160] ERROR pipeline.PipelinePlacementPolicy (PipelinePlacementPolicy.java:filterViableNodes(148)) - Unable to find enough nodes that meet the criteria that cannot engage in more than 5 pipelines. Nodes required: 3 Found: 0, healthy nodes count inNodeManager: 5.
2019-09-20 08:52:16,658 [IPC Server handler 9 on 37160] ERROR pipeline.SCMPipelineManager (SCMPipelineManager.java:createPipeline(161)) - Pipeline creation failed due to exception: Unable to find enough nodes that meet the criteria that cannot engage in more than 5 pipelines. Nodes required: 3 Found: 0, healthy nodes count inNodeManager: 5.
2019-09-20 08:52:16,658 [IPC Server handler 9 on 37160] WARN  block.BlockManagerImpl (BlockManagerImpl.java:allocateBlock(192)) - Pipeline creation failed for type:RATIS factor:THREE. Retrying get pipelines call once.
org.apache.hadoop.hdds.scm.exceptions.SCMException: Unable to find enough nodes that meet the criteria that cannot engage in more than 5 pipelines. Nodes required: 3 Found: 0, healthy nodes count inNodeManager: 5.
	at org.apache.hadoop.hdds.scm.pipeline.PipelinePlacementPolicy.filterViableNodes(PipelinePlacementPolicy.java:149)
	at org.apache.hadoop.hdds.scm.pipeline.PipelinePlacementPolicy.chooseDatanodes(PipelinePlacementPolicy.java:172)
	at org.apache.hadoop.hdds.scm.pipeline.RatisPipelineProvider.create(RatisPipelineProvider.java:92)
	at org.apache.hadoop.hdds.scm.pipeline.PipelineFactory.create(PipelineFactory.java:57)
	at org.apache.hadoop.hdds.scm.pipeline.SCMPipelineManager.createPipeline(SCMPipelineManager.java:149)
	at org.apache.hadoop.hdds.scm.block.BlockManagerImpl.allocateBlock(BlockManagerImpl.java:190)
	at org.apache.hadoop.hdds.scm.server.SCMBlockProtocolServer.allocateBlock(SCMBlockProtocolServer.java:175)
	at org.apache.hadoop.ozone.protocolPB.ScmBlockLocationProtocolServerSideTranslatorPB.allocateScmBlock(ScmBlockLocationProtocolServerSideTranslatorPB.java:153)
	at org.apache.hadoop.ozone.protocolPB.ScmBlockLocationProtocolServerSideTranslatorPB.send(ScmBlockLocationProtocolServerSideTranslatorPB.java:112)
	at org.apache.hadoop.hdds.protocol.proto.ScmBlockLocationProtocolProtos$ScmBlockLocationProtocolService$2.callBlockingMethod(ScmBlockLocationProtocolProtos.java:13157)
	at org.apache.hadoop.ipc.ProtobufRpcEngine$Server$ProtoBufRpcInvoker.call(ProtobufRpcEngine.java:524)
	at org.apache.hadoop.ipc.RPC$Server.call(RPC.java:1025)
	at org.apache.hadoop.ipc.Server$RpcCall.run(Server.java:876)
	at org.apache.hadoop.ipc.Server$RpcCall.run(Server.java:822)
	at java.security.AccessController.doPrivileged(Native Method)
	at javax.security.auth.Subject.doAs(Subject.java:422)
	at org.apache.hadoop.security.UserGroupInformation.doAs(UserGroupInformation.java:1730)
	at org.apache.hadoop.ipc.Server$Handler.run(Server.java:2682)
2019-09-20 08:52:16,659 [IPC Server handler 9 on 37160] INFO  block.BlockManagerImpl (BlockManagerImpl.java:allocateBlock(198)) - Could not find available pipeline of type:RATIS and factor:THREE even after retrying
2019-09-20 08:52:16,659 [IPC Server handler 9 on 37160] ERROR block.BlockManagerImpl (BlockManagerImpl.java:allocateBlock(222)) - Unable to allocate a block for the size: 4194304, type: RATIS, factor: THREE
2019-09-20 08:52:16,659 [IPC Server handler 9 on 37160] INFO  pipeline.PipelinePlacementPolicy (PipelinePlacementPolicy.java:meetCriteria(91)) - Pipeline Placement: Doesn't meet the criteria to be viable node： 2ddefaab-8349-47ab-a504-e432f9d495c5 Heaviness: 6 limit: 5
2019-09-20 08:52:16,659 [IPC Server handler 9 on 37160] INFO  pipeline.PipelinePlacementPolicy (PipelinePlacementPolicy.java:meetCriteria(91)) - Pipeline Placement: Doesn't meet the criteria to be viable node： b94e02b2-da92-474d-abbd-fccabaa9f79e Heaviness: 6 limit: 5
2019-09-20 08:52:16,659 [IPC Server handler 9 on 37160] INFO  pipeline.PipelinePlacementPolicy (PipelinePlacementPolicy.java:meetCriteria(91)) - Pipeline Placement: Doesn't meet the criteria to be viable node： f6ec089b-5516-4b64-9212-97eb604ab2a5 Heaviness: 6 limit: 5
2019-09-20 08:52:16,660 [IPC Server handler 9 on 37160] INFO  pipeline.PipelinePlacementPolicy (PipelinePlacementPolicy.java:meetCriteria(91)) - Pipeline Placement: Doesn't meet the criteria to be viable node： 3b3ba6e7-bc1c-4c2c-a22e-347ee35d38bc Heaviness: 6 limit: 5
2019-09-20 08:52:16,660 [IPC Server handler 9 on 37160] INFO  pipeline.PipelinePlacementPolicy (PipelinePlacementPolicy.java:meetCriteria(91)) - Pipeline Placement: Doesn't meet the criteria to be viable node： 44c728ea-0f6d-4328-96aa-117f098b9c99 Heaviness: 6 limit: 5
2019-09-20 08:52:16,660 [IPC Server handler 9 on 37160] ERROR pipeline.PipelinePlacementPolicy (PipelinePlacementPolicy.java:filterViableNodes(148)) - Unable to find enough nodes that meet the criteria that cannot engage in more than 5 pipelines. Nodes required: 3 Found: 0, healthy nodes count inNodeManager: 5.
2019-09-20 08:52:16,660 [IPC Server handler 9 on 37160] ERROR pipeline.SCMPipelineManager (SCMPipelineManager.java:createPipeline(161)) - Pipeline creation failed due to exception: Unable to find enough nodes that meet the criteria that cannot engage in more than 5 pipelines. Nodes required: 3 Found: 0, healthy nodes count inNodeManager: 5.
2019-09-20 08:52:16,660 [IPC Server handler 9 on 37160] WARN  block.BlockManagerImpl (BlockManagerImpl.java:allocateBlock(192)) - Pipeline creation failed for type:RATIS factor:THREE. Retrying get pipelines call once.
org.apache.hadoop.hdds.scm.exceptions.SCMException: Unable to find enough nodes that meet the criteria that cannot engage in more than 5 pipelines. Nodes required: 3 Found: 0, healthy nodes count inNodeManager: 5.
	at org.apache.hadoop.hdds.scm.pipeline.PipelinePlacementPolicy.filterViableNodes(PipelinePlacementPolicy.java:149)
	at org.apache.hadoop.hdds.scm.pipeline.PipelinePlacementPolicy.chooseDatanodes(PipelinePlacementPolicy.java:172)
	at org.apache.hadoop.hdds.scm.pipeline.RatisPipelineProvider.create(RatisPipelineProvider.java:92)
	at org.apache.hadoop.hdds.scm.pipeline.PipelineFactory.create(PipelineFactory.java:57)
	at org.apache.hadoop.hdds.scm.pipeline.SCMPipelineManager.createPipeline(SCMPipelineManager.java:149)
	at org.apache.hadoop.hdds.scm.block.BlockManagerImpl.allocateBlock(BlockManagerImpl.java:190)
	at org.apache.hadoop.hdds.scm.server.SCMBlockProtocolServer.allocateBlock(SCMBlockProtocolServer.java:175)
	at org.apache.hadoop.ozone.protocolPB.ScmBlockLocationProtocolServerSideTranslatorPB.allocateScmBlock(ScmBlockLocationProtocolServerSideTranslatorPB.java:153)
	at org.apache.hadoop.ozone.protocolPB.ScmBlockLocationProtocolServerSideTranslatorPB.send(ScmBlockLocationProtocolServerSideTranslatorPB.java:112)
	at org.apache.hadoop.hdds.protocol.proto.ScmBlockLocationProtocolProtos$ScmBlockLocationProtocolService$2.callBlockingMethod(ScmBlockLocationProtocolProtos.java:13157)
	at org.apache.hadoop.ipc.ProtobufRpcEngine$Server$ProtoBufRpcInvoker.call(ProtobufRpcEngine.java:524)
	at org.apache.hadoop.ipc.RPC$Server.call(RPC.java:1025)
	at org.apache.hadoop.ipc.Server$RpcCall.run(Server.java:876)
	at org.apache.hadoop.ipc.Server$RpcCall.run(Server.java:822)
	at java.security.AccessController.doPrivileged(Native Method)
	at javax.security.auth.Subject.doAs(Subject.java:422)
	at org.apache.hadoop.security.UserGroupInformation.doAs(UserGroupInformation.java:1730)
	at org.apache.hadoop.ipc.Server$Handler.run(Server.java:2682)
2019-09-20 08:52:16,661 [IPC Server handler 9 on 37160] INFO  block.BlockManagerImpl (BlockManagerImpl.java:allocateBlock(198)) - Could not find available pipeline of type:RATIS and factor:THREE even after retrying
2019-09-20 08:52:16,661 [IPC Server handler 9 on 37160] ERROR block.BlockManagerImpl (BlockManagerImpl.java:allocateBlock(222)) - Unable to allocate a block for the size: 4194304, type: RATIS, factor: THREE
2019-09-20 08:52:16,661 [IPC Server handler 9 on 37160] INFO  pipeline.PipelinePlacementPolicy (PipelinePlacementPolicy.java:meetCriteria(91)) - Pipeline Placement: Doesn't meet the criteria to be viable node： 2ddefaab-8349-47ab-a504-e432f9d495c5 Heaviness: 6 limit: 5
2019-09-20 08:52:16,662 [IPC Server handler 9 on 37160] INFO  pipeline.PipelinePlacementPolicy (PipelinePlacementPolicy.java:meetCriteria(91)) - Pipeline Placement: Doesn't meet the criteria to be viable node： b94e02b2-da92-474d-abbd-fccabaa9f79e Heaviness: 6 limit: 5
2019-09-20 08:52:16,662 [IPC Server handler 9 on 37160] INFO  pipeline.PipelinePlacementPolicy (PipelinePlacementPolicy.java:meetCriteria(91)) - Pipeline Placement: Doesn't meet the criteria to be viable node： f6ec089b-5516-4b64-9212-97eb604ab2a5 Heaviness: 6 limit: 5
2019-09-20 08:52:16,662 [IPC Server handler 9 on 37160] INFO  pipeline.PipelinePlacementPolicy (PipelinePlacementPolicy.java:meetCriteria(91)) - Pipeline Placement: Doesn't meet the criteria to be viable node： 3b3ba6e7-bc1c-4c2c-a22e-347ee35d38bc Heaviness: 6 limit: 5
2019-09-20 08:52:16,662 [IPC Server handler 9 on 37160] INFO  pipeline.PipelinePlacementPolicy (PipelinePlacementPolicy.java:meetCriteria(91)) - Pipeline Placement: Doesn't meet the criteria to be viable node： 44c728ea-0f6d-4328-96aa-117f098b9c99 Heaviness: 6 limit: 5
2019-09-20 08:52:16,663 [IPC Server handler 9 on 37160] ERROR pipeline.PipelinePlacementPolicy (PipelinePlacementPolicy.java:filterViableNodes(148)) - Unable to find enough nodes that meet the criteria that cannot engage in more than 5 pipelines. Nodes required: 3 Found: 0, healthy nodes count inNodeManager: 5.
2019-09-20 08:52:16,663 [IPC Server handler 9 on 37160] ERROR pipeline.SCMPipelineManager (SCMPipelineManager.java:createPipeline(161)) - Pipeline creation failed due to exception: Unable to find enough nodes that meet the criteria that cannot engage in more than 5 pipelines. Nodes required: 3 Found: 0, healthy nodes count inNodeManager: 5.
2019-09-20 08:52:16,663 [IPC Server handler 9 on 37160] WARN  block.BlockManagerImpl (BlockManagerImpl.java:allocateBlock(192)) - Pipeline creation failed for type:RATIS factor:THREE. Retrying get pipelines call once.
org.apache.hadoop.hdds.scm.exceptions.SCMException: Unable to find enough nodes that meet the criteria that cannot engage in more than 5 pipelines. Nodes required: 3 Found: 0, healthy nodes count inNodeManager: 5.
	at org.apache.hadoop.hdds.scm.pipeline.PipelinePlacementPolicy.filterViableNodes(PipelinePlacementPolicy.java:149)
	at org.apache.hadoop.hdds.scm.pipeline.PipelinePlacementPolicy.chooseDatanodes(PipelinePlacementPolicy.java:172)
	at org.apache.hadoop.hdds.scm.pipeline.RatisPipelineProvider.create(RatisPipelineProvider.java:92)
	at org.apache.hadoop.hdds.scm.pipeline.PipelineFactory.create(PipelineFactory.java:57)
	at org.apache.hadoop.hdds.scm.pipeline.SCMPipelineManager.createPipeline(SCMPipelineManager.java:149)
	at org.apache.hadoop.hdds.scm.block.BlockManagerImpl.allocateBlock(BlockManagerImpl.java:190)
	at org.apache.hadoop.hdds.scm.server.SCMBlockProtocolServer.allocateBlock(SCMBlockProtocolServer.java:175)
	at org.apache.hadoop.ozone.protocolPB.ScmBlockLocationProtocolServerSideTranslatorPB.allocateScmBlock(ScmBlockLocationProtocolServerSideTranslatorPB.java:153)
	at org.apache.hadoop.ozone.protocolPB.ScmBlockLocationProtocolServerSideTranslatorPB.send(ScmBlockLocationProtocolServerSideTranslatorPB.java:112)
	at org.apache.hadoop.hdds.protocol.proto.ScmBlockLocationProtocolProtos$ScmBlockLocationProtocolService$2.callBlockingMethod(ScmBlockLocationProtocolProtos.java:13157)
	at org.apache.hadoop.ipc.ProtobufRpcEngine$Server$ProtoBufRpcInvoker.call(ProtobufRpcEngine.java:524)
	at org.apache.hadoop.ipc.RPC$Server.call(RPC.java:1025)
	at org.apache.hadoop.ipc.Server$RpcCall.run(Server.java:876)
	at org.apache.hadoop.ipc.Server$RpcCall.run(Server.java:822)
	at java.security.AccessController.doPrivileged(Native Method)
	at javax.security.auth.Subject.doAs(Subject.java:422)
	at org.apache.hadoop.security.UserGroupInformation.doAs(UserGroupInformation.java:1730)
	at org.apache.hadoop.ipc.Server$Handler.run(Server.java:2682)
2019-09-20 08:52:16,663 [IPC Server handler 9 on 37160] INFO  block.BlockManagerImpl (BlockManagerImpl.java:allocateBlock(198)) - Could not find available pipeline of type:RATIS and factor:THREE even after retrying
2019-09-20 08:52:16,664 [IPC Server handler 9 on 37160] ERROR block.BlockManagerImpl (BlockManagerImpl.java:allocateBlock(222)) - Unable to allocate a block for the size: 4194304, type: RATIS, factor: THREE
2019-09-20 08:52:16,664 | INFO  | SCMAudit | user=jenkins1000 | ip=192.168.36.79 | op=ALLOCATE_BLOCK {owner=5a3af98b-a9db-4f05-bcae-222a3f2838c6, size=4194304, type=RATIS, factor=THREE} | ret=SUCCESS |  
2019-09-20 08:52:16,666 | ERROR | OMAudit | user=jenkins1000 | ip=127.0.0.1 | op=ALLOCATE_KEY {volume=vol-0-06150, bucket=bucket-0-53538, key=key-0-98037, dataSize=20971520, replicationType=RATIS, replicationFactor=THREE, keyLocationInfo=null} | ret=FAILURE | org.apache.hadoop.hdds.scm.exceptions.SCMException: Allocated 0 blocks. Requested 5 blocks
	at org.apache.hadoop.hdds.scm.protocolPB.ScmBlockLocationProtocolClientSideTranslatorPB.handleError(ScmBlockLocationProtocolClientSideTranslatorPB.java:118)
	at org.apache.hadoop.hdds.scm.protocolPB.ScmBlockLocationProtocolClientSideTranslatorPB.allocateBlock(ScmBlockLocationProtocolClientSideTranslatorPB.java:156) 
2019-09-20 08:52:16,667 [pool-79-thread-2] ERROR freon.RandomKeyGenerator (RandomKeyGenerator.java:createKey(724)) - Exception while adding key: key-0-98037 in bucket: bucket-0-53538 of volume: vol-0-06150.
INTERNAL_ERROR org.apache.hadoop.ozone.om.exceptions.OMException: Allocated 0 blocks. Requested 5 blocks
	at org.apache.hadoop.ozone.om.protocolPB.OzoneManagerProtocolClientSideTranslatorPB.handleError(OzoneManagerProtocolClientSideTranslatorPB.java:725)
	at org.apache.hadoop.ozone.om.protocolPB.OzoneManagerProtocolClientSideTranslatorPB.openKey(OzoneManagerProtocolClientSideTranslatorPB.java:716)
	at org.apache.hadoop.ozone.client.rpc.RpcClient.createKey(RpcClient.java:615)
	at org.apache.hadoop.ozone.client.OzoneBucket.createKey(OzoneBucket.java:323)
	at org.apache.hadoop.ozone.freon.RandomKeyGenerator.createKey(RandomKeyGenerator.java:686)
	at org.apache.hadoop.ozone.freon.RandomKeyGenerator.access$1100(RandomKeyGenerator.java:87)
	at org.apache.hadoop.ozone.freon.RandomKeyGenerator$ObjectCreator.run(RandomKeyGenerator.java:606)
	at java.util.concurrent.Executors$RunnableAdapter.call(Executors.java:511)
	at java.util.concurrent.FutureTask.run(FutureTask.java:266)
	at java.util.concurrent.ThreadPoolExecutor.runWorker(ThreadPoolExecutor.java:1149)
	at java.util.concurrent.ThreadPoolExecutor$Worker.run(ThreadPoolExecutor.java:624)
	at java.lang.Thread.run(Thread.java:748)
2019-09-20 08:52:16,906 | INFO  | SCMAudit | user=jenkins1000 | ip=192.168.36.79 | op=SEND_HEARTBEAT {datanodeUUID=3b3ba6e7-bc1c-4c2c-a22e-347ee35d38bc, command=[]} | ret=SUCCESS |  
2019-09-20 08:52:16,975 | INFO  | SCMAudit | user=jenkins1000 | ip=192.168.36.79 | op=SEND_HEARTBEAT {datanodeUUID=f6ec089b-5516-4b64-9212-97eb604ab2a5, command=[]} | ret=SUCCESS |  
2019-09-20 08:52:17,028 | INFO  | SCMAudit | user=jenkins1000 | ip=192.168.36.79 | op=SEND_HEARTBEAT {datanodeUUID=2ddefaab-8349-47ab-a504-e432f9d495c5, command=[]} | ret=SUCCESS |  
2019-09-20 08:52:17,185 | INFO  | SCMAudit | user=jenkins1000 | ip=192.168.36.79 | op=SEND_HEARTBEAT {datanodeUUID=b94e02b2-da92-474d-abbd-fccabaa9f79e, command=[]} | ret=SUCCESS |  
2019-09-20 08:52:17,444 | INFO  | SCMAudit | user=jenkins1000 | ip=192.168.36.79 | op=SEND_HEARTBEAT {datanodeUUID=44c728ea-0f6d-4328-96aa-117f098b9c99, command=[]} | ret=SUCCESS |  
 0.00% |█                                                                                                    |  0/1 Time: 0:00:012019-09-20 08:52:17,906 | INFO  | SCMAudit | user=jenkins1000 | ip=192.168.36.79 | op=SEND_HEARTBEAT {datanodeUUID=3b3ba6e7-bc1c-4c2c-a22e-347ee35d38bc, command=[]} | ret=SUCCESS |  
2019-09-20 08:52:17,975 | INFO  | SCMAudit | user=jenkins1000 | ip=192.168.36.79 | op=SEND_HEARTBEAT {datanodeUUID=f6ec089b-5516-4b64-9212-97eb604ab2a5, command=[]} | ret=SUCCESS |  
2019-09-20 08:52:18,029 | INFO  | SCMAudit | user=jenkins1000 | ip=192.168.36.79 | op=SEND_HEARTBEAT {datanodeUUID=2ddefaab-8349-47ab-a504-e432f9d495c5, command=[]} | ret=SUCCESS |  
2019-09-20 08:52:18,184 | INFO  | SCMAudit | user=jenkins1000 | ip=192.168.36.79 | op=SEND_HEARTBEAT {datanodeUUID=b94e02b2-da92-474d-abbd-fccabaa9f79e, command=[]} | ret=SUCCESS |  
2019-09-20 08:52:18,444 | INFO  | SCMAudit | user=jenkins1000 | ip=192.168.36.79 | op=SEND_HEARTBEAT {datanodeUUID=44c728ea-0f6d-4328-96aa-117f098b9c99, command=[]} | ret=SUCCESS |  
 0.00% |█                                                                                                    |  0/1 Time: 0:00:022019-09-20 08:52:18,905 | INFO  | SCMAudit | user=jenkins1000 | ip=192.168.36.79 | op=SEND_HEARTBEAT {datanodeUUID=3b3ba6e7-bc1c-4c2c-a22e-347ee35d38bc, command=[]} | ret=SUCCESS |  
2019-09-20 08:52:18,976 | INFO  | SCMAudit | user=jenkins1000 | ip=192.168.36.79 | op=SEND_HEARTBEAT {datanodeUUID=f6ec089b-5516-4b64-9212-97eb604ab2a5, command=[]} | ret=SUCCESS |  
2019-09-20 08:52:19,029 | INFO  | SCMAudit | user=jenkins1000 | ip=192.168.36.79 | op=SEND_HEARTBEAT {datanodeUUID=2ddefaab-8349-47ab-a504-e432f9d495c5, command=[]} | ret=SUCCESS |  
2019-09-20 08:52:19,184 | INFO  | SCMAudit | user=jenkins1000 | ip=192.168.36.79 | op=SEND_HEARTBEAT {datanodeUUID=b94e02b2-da92-474d-abbd-fccabaa9f79e, command=[]} | ret=SUCCESS |  
2019-09-20 08:52:19,445 | INFO  | SCMAudit | user=jenkins1000 | ip=192.168.36.79 | op=SEND_HEARTBEAT {datanodeUUID=44c728ea-0f6d-4328-96aa-117f098b9c99, command=[]} | ret=SUCCESS |  
 0.00% |█                                                                                                    |  0/1 Time: 0:00:032019-09-20 08:52:19,905 | INFO  | SCMAudit | user=jenkins1000 | ip=192.168.36.79 | op=SEND_HEARTBEAT {datanodeUUID=3b3ba6e7-bc1c-4c2c-a22e-347ee35d38bc, command=[]} | ret=SUCCESS |  
2019-09-20 08:52:19,975 | INFO  | SCMAudit | user=jenkins1000 | ip=192.168.36.79 | op=SEND_HEARTBEAT {datanodeUUID=f6ec089b-5516-4b64-9212-97eb604ab2a5, command=[]} | ret=SUCCESS |  
2019-09-20 08:52:20,029 | INFO  | SCMAudit | user=jenkins1000 | ip=192.168.36.79 | op=SEND_HEARTBEAT {datanodeUUID=2ddefaab-8349-47ab-a504-e432f9d495c5, command=[]} | ret=SUCCESS |  
2019-09-20 08:52:20,185 | INFO  | SCMAudit | user=jenkins1000 | ip=192.168.36.79 | op=SEND_HEARTBEAT {datanodeUUID=b94e02b2-da92-474d-abbd-fccabaa9f79e, command=[]} | ret=SUCCESS |  
2019-09-20 08:52:20,444 | INFO  | SCMAudit | user=jenkins1000 | ip=192.168.36.79 | op=SEND_HEARTBEAT {datanodeUUID=44c728ea-0f6d-4328-96aa-117f098b9c99, command=[]} | ret=SUCCESS |  
 0.00% |█                                                                                                    |  0/1 Time: 0:00:042019-09-20 08:52:20,906 | INFO  | SCMAudit | user=jenkins1000 | ip=192.168.36.79 | op=SEND_HEARTBEAT {datanodeUUID=3b3ba6e7-bc1c-4c2c-a22e-347ee35d38bc, command=[]} | ret=SUCCESS |  
2019-09-20 08:52:20,976 | INFO  | SCMAudit | user=jenkins1000 | ip=192.168.36.79 | op=SEND_HEARTBEAT {datanodeUUID=f6ec089b-5516-4b64-9212-97eb604ab2a5, command=[]} | ret=SUCCESS |  
2019-09-20 08:52:21,030 | INFO  | SCMAudit | user=jenkins1000 | ip=192.168.36.79 | op=SEND_HEARTBEAT {datanodeUUID=2ddefaab-8349-47ab-a504-e432f9d495c5, command=[]} | ret=SUCCESS |  
2019-09-20 08:52:21,185 | INFO  | SCMAudit | user=jenkins1000 | ip=192.168.36.79 | op=SEND_HEARTBEAT {datanodeUUID=b94e02b2-da92-474d-abbd-fccabaa9f79e, command=[]} | ret=SUCCESS |  
2019-09-20 08:52:21,445 | INFO  | SCMAudit | user=jenkins1000 | ip=192.168.36.79 | op=SEND_HEARTBEAT {datanodeUUID=44c728ea-0f6d-4328-96aa-117f098b9c99, command=[]} | ret=SUCCESS |  
 100.00% |█████████████████████████████████████████████████████████████████████████████████████████████████████|  1/1 Time: 0:00:05
2019-09-20 08:52:21,906 | INFO  | SCMAudit | user=jenkins1000 | ip=192.168.36.79 | op=SEND_HEARTBEAT {datanodeUUID=3b3ba6e7-bc1c-4c2c-a22e-347ee35d38bc, command=[]} | ret=SUCCESS |  
2019-09-20 08:52:21,975 | INFO  | SCMAudit | user=jenkins1000 | ip=192.168.36.79 | op=SEND_HEARTBEAT {datanodeUUID=f6ec089b-5516-4b64-9212-97eb604ab2a5, command=[]} | ret=SUCCESS |  
2019-09-20 08:52:22,029 | INFO  | SCMAudit | user=jenkins1000 | ip=192.168.36.79 | op=SEND_HEARTBEAT {datanodeUUID=2ddefaab-8349-47ab-a504-e432f9d495c5, command=[]} | ret=SUCCESS |  
2019-09-20 08:52:22,185 | INFO  | SCMAudit | user=jenkins1000 | ip=192.168.36.79 | op=SEND_HEARTBEAT {datanodeUUID=b94e02b2-da92-474d-abbd-fccabaa9f79e, command=[]} | ret=SUCCESS |  
2019-09-20 08:52:22,445 | INFO  | SCMAudit | user=jenkins1000 | ip=192.168.36.79 | op=SEND_HEARTBEAT {datanodeUUID=44c728ea-0f6d-4328-96aa-117f098b9c99, command=[]} | ret=SUCCESS |  
2019-09-20 08:52:22,906 | INFO  | SCMAudit | user=jenkins1000 | ip=192.168.36.79 | op=SEND_HEARTBEAT {datanodeUUID=3b3ba6e7-bc1c-4c2c-a22e-347ee35d38bc, command=[]} | ret=SUCCESS |  
2019-09-20 08:52:22,975 | INFO  | SCMAudit | user=jenkins1000 | ip=192.168.36.79 | op=SEND_HEARTBEAT {datanodeUUID=f6ec089b-5516-4b64-9212-97eb604ab2a5, command=[]} | ret=SUCCESS |  
2019-09-20 08:52:23,029 | INFO  | SCMAudit | user=jenkins1000 | ip=192.168.36.79 | op=SEND_HEARTBEAT {datanodeUUID=2ddefaab-8349-47ab-a504-e432f9d495c5, command=[]} | ret=SUCCESS |  
2019-09-20 08:52:23,186 | INFO  | SCMAudit | user=jenkins1000 | ip=192.168.36.79 | op=SEND_HEARTBEAT {datanodeUUID=b94e02b2-da92-474d-abbd-fccabaa9f79e, command=[]} | ret=SUCCESS |  
2019-09-20 08:52:23,446 | INFO  | SCMAudit | user=jenkins1000 | ip=192.168.36.79 | op=SEND_HEARTBEAT {datanodeUUID=44c728ea-0f6d-4328-96aa-117f098b9c99, command=[]} | ret=SUCCESS |  
2019-09-20 08:52:23,907 | INFO  | SCMAudit | user=jenkins1000 | ip=192.168.36.79 | op=SEND_HEARTBEAT {datanodeUUID=3b3ba6e7-bc1c-4c2c-a22e-347ee35d38bc, command=[]} | ret=SUCCESS |  
2019-09-20 08:52:23,975 | INFO  | SCMAudit | user=jenkins1000 | ip=192.168.36.79 | op=SEND_HEARTBEAT {datanodeUUID=f6ec089b-5516-4b64-9212-97eb604ab2a5, command=[]} | ret=SUCCESS |  
2019-09-20 08:52:24,029 | INFO  | SCMAudit | user=jenkins1000 | ip=192.168.36.79 | op=SEND_HEARTBEAT {datanodeUUID=2ddefaab-8349-47ab-a504-e432f9d495c5, command=[]} | ret=SUCCESS |  
2019-09-20 08:52:24,185 | INFO  | SCMAudit | user=jenkins1000 | ip=192.168.36.79 | op=SEND_HEARTBEAT {datanodeUUID=b94e02b2-da92-474d-abbd-fccabaa9f79e, command=[]} | ret=SUCCESS |  
2019-09-20 08:52:24,445 | INFO  | SCMAudit | user=jenkins1000 | ip=192.168.36.79 | op=SEND_HEARTBEAT {datanodeUUID=44c728ea-0f6d-4328-96aa-117f098b9c99, command=[]} | ret=SUCCESS |  
2019-09-20 08:52:24,906 | INFO  | SCMAudit | user=jenkins1000 | ip=192.168.36.79 | op=SEND_HEARTBEAT {datanodeUUID=3b3ba6e7-bc1c-4c2c-a22e-347ee35d38bc, command=[]} | ret=SUCCESS |  
2019-09-20 08:52:24,975 | INFO  | SCMAudit | user=jenkins1000 | ip=192.168.36.79 | op=SEND_HEARTBEAT {datanodeUUID=f6ec089b-5516-4b64-9212-97eb604ab2a5, command=[]} | ret=SUCCESS |  
2019-09-20 08:52:25,030 | INFO  | SCMAudit | user=jenkins1000 | ip=192.168.36.79 | op=SEND_HEARTBEAT {datanodeUUID=2ddefaab-8349-47ab-a504-e432f9d495c5, command=[]} | ret=SUCCESS |  
2019-09-20 08:52:25,185 | INFO  | SCMAudit | user=jenkins1000 | ip=192.168.36.79 | op=SEND_HEARTBEAT {datanodeUUID=b94e02b2-da92-474d-abbd-fccabaa9f79e, command=[]} | ret=SUCCESS |  
2019-09-20 08:52:25,446 | INFO  | SCMAudit | user=jenkins1000 | ip=192.168.36.79 | op=SEND_HEARTBEAT {datanodeUUID=44c728ea-0f6d-4328-96aa-117f098b9c99, command=[]} | ret=SUCCESS |  
2019-09-20 08:52:25,907 | INFO  | SCMAudit | user=jenkins1000 | ip=192.168.36.79 | op=SEND_HEARTBEAT {datanodeUUID=3b3ba6e7-bc1c-4c2c-a22e-347ee35d38bc, command=[]} | ret=SUCCESS |  
2019-09-20 08:52:25,976 | INFO  | SCMAudit | user=jenkins1000 | ip=192.168.36.79 | op=SEND_HEARTBEAT {datanodeUUID=f6ec089b-5516-4b64-9212-97eb604ab2a5, command=[]} | ret=SUCCESS |  
2019-09-20 08:52:26,031 | INFO  | SCMAudit | user=jenkins1000 | ip=192.168.36.79 | op=SEND_HEARTBEAT {datanodeUUID=2ddefaab-8349-47ab-a504-e432f9d495c5, command=[]} | ret=SUCCESS |  
2019-09-20 08:52:26,186 | INFO  | SCMAudit | user=jenkins1000 | ip=192.168.36.79 | op=SEND_HEARTBEAT {datanodeUUID=b94e02b2-da92-474d-abbd-fccabaa9f79e, command=[]} | ret=SUCCESS |  
2019-09-20 08:52:26,446 | INFO  | SCMAudit | user=jenkins1000 | ip=192.168.36.79 | op=SEND_HEARTBEAT {datanodeUUID=44c728ea-0f6d-4328-96aa-117f098b9c99, command=[]} | ret=SUCCESS |  
]]></system-out>
  </testcase>
  <testcase name="validateWriteTest" classname="org.apache.hadoop.ozone.freon.TestDataValidateWithSafeByteOperations" time="10.03">
    <error message="Allocated 0 blocks. Requested 1 blocks" type="INTERNAL_ERROR org.apache.hadoop.ozone.om.exceptions.OMException">INTERNAL_ERROR org.apache.hadoop.ozone.om.exceptions.OMException: Allocated 0 blocks. Requested 1 blocks
	at org.apache.hadoop.ozone.om.protocolPB.OzoneManagerProtocolClientSideTranslatorPB.handleError(OzoneManagerProtocolClientSideTranslatorPB.java:725)
	at org.apache.hadoop.ozone.om.protocolPB.OzoneManagerProtocolClientSideTranslatorPB.openKey(OzoneManagerProtocolClientSideTranslatorPB.java:716)
	at org.apache.hadoop.ozone.client.rpc.RpcClient.createKey(RpcClient.java:615)
	at org.apache.hadoop.ozone.client.OzoneBucket.createKey(OzoneBucket.java:323)
	at org.apache.hadoop.ozone.freon.RandomKeyGenerator.createKey(RandomKeyGenerator.java:686)
	at org.apache.hadoop.ozone.freon.RandomKeyGenerator.access$1100(RandomKeyGenerator.java:87)
	at org.apache.hadoop.ozone.freon.RandomKeyGenerator$ObjectCreator.run(RandomKeyGenerator.java:606)
	at java.util.concurrent.Executors$RunnableAdapter.call(Executors.java:511)
	at java.util.concurrent.FutureTask.run(FutureTask.java:266)
	at java.util.concurrent.ThreadPoolExecutor.runWorker(ThreadPoolExecutor.java:1149)
	at java.util.concurrent.ThreadPoolExecutor$Worker.run(ThreadPoolExecutor.java:624)
	at java.lang.Thread.run(Thread.java:748)
</error>
    <system-out><![CDATA[2019-09-20 08:52:26,641 [main] INFO  freon.RandomKeyGenerator (RandomKeyGenerator.java:call(275)) - Number of Threads: 10
2019-09-20 08:52:26,642 [main] INFO  freon.RandomKeyGenerator (RandomKeyGenerator.java:call(280)) - Number of Volumes: 2.
2019-09-20 08:52:26,642 [main] INFO  freon.RandomKeyGenerator (RandomKeyGenerator.java:call(281)) - Number of Buckets per Volume: 5.
2019-09-20 08:52:26,642 [main] INFO  freon.RandomKeyGenerator (RandomKeyGenerator.java:call(282)) - Number of Keys per Bucket: 10.
2019-09-20 08:52:26,642 [main] INFO  freon.RandomKeyGenerator (RandomKeyGenerator.java:call(283)) - Key size: 10240 bytes
2019-09-20 08:52:26,642 [main] INFO  freon.RandomKeyGenerator (RandomKeyGenerator.java:call(284)) - Buffer size: 4096 bytes
2019-09-20 08:52:26,644 [pool-80-thread-2] INFO  rpc.RpcClient (RpcClient.java:createVolume(293)) - Creating Volume: vol-1-74399, with jenkins1000 as owner.
2019-09-20 08:52:26,644 [pool-80-thread-1] INFO  rpc.RpcClient (RpcClient.java:createVolume(293)) - Creating Volume: vol-0-31779, with jenkins1000 as owner.
2019-09-20 08:52:26,645 [main] INFO  freon.RandomKeyGenerator (RandomKeyGenerator.java:call(298)) - Data validation is enabled.
2019-09-20 08:52:26,647 [main] INFO  freon.RandomKeyGenerator (RandomKeyGenerator.java:call(304)) - Starting progress bar Thread.

 0.00% |█                                                                                                    |  0/100 Time: 0:00:002019-09-20 08:52:26,652 | INFO  | OMAudit | user=jenkins1000 | ip=127.0.0.1 | op=CREATE_VOLUME {admin=jenkins1000, owner=jenkins1000, volume=vol-1-74399, creationTime=1568969546651, quotaInBytes=1152921504606846976} | ret=SUCCESS |  
2019-09-20 08:52:26,654 | INFO  | OMAudit | user=jenkins1000 | ip=127.0.0.1 | op=CREATE_VOLUME {admin=jenkins1000, owner=jenkins1000, volume=vol-0-31779, creationTime=1568969546651, quotaInBytes=1152921504606846976} | ret=SUCCESS |  
2019-09-20 08:52:26,658 | INFO  | OMAudit | user=jenkins1000 | ip=127.0.0.1 | op=READ_VOLUME {volume=vol-1-74399} | ret=SUCCESS |  
2019-09-20 08:52:26,658 | INFO  | OMAudit | user=jenkins1000 | ip=127.0.0.1 | op=READ_VOLUME {volume=vol-0-31779} | ret=SUCCESS |  
2019-09-20 08:52:26,662 [pool-80-thread-1] INFO  rpc.RpcClient (RpcClient.java:createBucket(432)) - Creating Bucket: vol-1-74399/bucket-4-29377, with Versioning false and Storage Type set to DISK and Encryption set to false 
2019-09-20 08:52:26,664 [pool-80-thread-3] INFO  rpc.RpcClient (RpcClient.java:createBucket(432)) - Creating Bucket: vol-0-31779/bucket-0-37834, with Versioning false and Storage Type set to DISK and Encryption set to false 
2019-09-20 08:52:26,664 [pool-80-thread-5] INFO  rpc.RpcClient (RpcClient.java:createBucket(432)) - Creating Bucket: vol-0-31779/bucket-1-16827, with Versioning false and Storage Type set to DISK and Encryption set to false 
2019-09-20 08:52:26,665 [pool-80-thread-4] INFO  rpc.RpcClient (RpcClient.java:createBucket(432)) - Creating Bucket: vol-1-74399/bucket-0-09565, with Versioning false and Storage Type set to DISK and Encryption set to false 
2019-09-20 08:52:26,665 | INFO  | OMAudit | user=jenkins1000 | ip=127.0.0.1 | op=CREATE_BUCKET {volume=vol-1-74399, bucket=bucket-4-29377, acls=[user:jenkins1000:a[ACCESS], group:default:a[ACCESS]], isVersionEnabled=false, storageType=DISK, creationTime=0} | ret=SUCCESS |  
2019-09-20 08:52:26,665 [pool-80-thread-6] INFO  rpc.RpcClient (RpcClient.java:createBucket(432)) - Creating Bucket: vol-1-74399/bucket-1-77168, with Versioning false and Storage Type set to DISK and Encryption set to false 
2019-09-20 08:52:26,665 [pool-80-thread-7] INFO  rpc.RpcClient (RpcClient.java:createBucket(432)) - Creating Bucket: vol-0-31779/bucket-2-55413, with Versioning false and Storage Type set to DISK and Encryption set to false 
2019-09-20 08:52:26,665 [pool-80-thread-8] INFO  rpc.RpcClient (RpcClient.java:createBucket(432)) - Creating Bucket: vol-1-74399/bucket-2-11836, with Versioning false and Storage Type set to DISK and Encryption set to false 
2019-09-20 08:52:26,665 [pool-80-thread-9] INFO  rpc.RpcClient (RpcClient.java:createBucket(432)) - Creating Bucket: vol-0-31779/bucket-3-85854, with Versioning false and Storage Type set to DISK and Encryption set to false 
2019-09-20 08:52:26,666 [pool-80-thread-10] INFO  rpc.RpcClient (RpcClient.java:createBucket(432)) - Creating Bucket: vol-1-74399/bucket-3-43977, with Versioning false and Storage Type set to DISK and Encryption set to false 
2019-09-20 08:52:26,666 | INFO  | OMAudit | user=jenkins1000 | ip=127.0.0.1 | op=CREATE_BUCKET {volume=vol-0-31779, bucket=bucket-0-37834, acls=[user:jenkins1000:a[ACCESS], group:default:a[ACCESS]], isVersionEnabled=false, storageType=DISK, creationTime=0} | ret=SUCCESS |  
2019-09-20 08:52:26,669 | INFO  | OMAudit | user=jenkins1000 | ip=127.0.0.1 | op=CREATE_BUCKET {volume=vol-1-74399, bucket=bucket-0-09565, acls=[user:jenkins1000:a[ACCESS], group:default:a[ACCESS]], isVersionEnabled=false, storageType=DISK, creationTime=0} | ret=SUCCESS |  
2019-09-20 08:52:26,667 | INFO  | OMAudit | user=jenkins1000 | ip=127.0.0.1 | op=CREATE_BUCKET {volume=vol-0-31779, bucket=bucket-1-16827, acls=[user:jenkins1000:a[ACCESS], group:default:a[ACCESS]], isVersionEnabled=false, storageType=DISK, creationTime=0} | ret=SUCCESS |  
2019-09-20 08:52:26,669 | INFO  | OMAudit | user=jenkins1000 | ip=127.0.0.1 | op=CREATE_BUCKET {volume=vol-0-31779, bucket=bucket-2-55413, acls=[user:jenkins1000:a[ACCESS], group:default:a[ACCESS]], isVersionEnabled=false, storageType=DISK, creationTime=0} | ret=SUCCESS |  
2019-09-20 08:52:26,669 | INFO  | OMAudit | user=jenkins1000 | ip=127.0.0.1 | op=READ_BUCKET {volume=vol-1-74399, bucket=bucket-4-29377} | ret=SUCCESS |  
2019-09-20 08:52:26,672 | INFO  | OMAudit | user=jenkins1000 | ip=127.0.0.1 | op=CREATE_BUCKET {volume=vol-1-74399, bucket=bucket-1-77168, acls=[user:jenkins1000:a[ACCESS], group:default:a[ACCESS]], isVersionEnabled=false, storageType=DISK, creationTime=0} | ret=SUCCESS |  
2019-09-20 08:52:26,672 | INFO  | OMAudit | user=jenkins1000 | ip=127.0.0.1 | op=CREATE_BUCKET {volume=vol-1-74399, bucket=bucket-2-11836, acls=[user:jenkins1000:a[ACCESS], group:default:a[ACCESS]], isVersionEnabled=false, storageType=DISK, creationTime=0} | ret=SUCCESS |  
2019-09-20 08:52:26,672 | INFO  | OMAudit | user=jenkins1000 | ip=127.0.0.1 | op=CREATE_BUCKET {volume=vol-0-31779, bucket=bucket-3-85854, acls=[user:jenkins1000:a[ACCESS], group:default:a[ACCESS]], isVersionEnabled=false, storageType=DISK, creationTime=0} | ret=SUCCESS |  
2019-09-20 08:52:26,672 [pool-80-thread-2] INFO  rpc.RpcClient (RpcClient.java:createBucket(432)) - Creating Bucket: vol-0-31779/bucket-4-59703, with Versioning false and Storage Type set to DISK and Encryption set to false 
2019-09-20 08:52:26,673 | INFO  | OMAudit | user=jenkins1000 | ip=127.0.0.1 | op=CREATE_BUCKET {volume=vol-1-74399, bucket=bucket-3-43977, acls=[user:jenkins1000:a[ACCESS], group:default:a[ACCESS]], isVersionEnabled=false, storageType=DISK, creationTime=0} | ret=SUCCESS |  
2019-09-20 08:52:26,673 | INFO  | OMAudit | user=jenkins1000 | ip=127.0.0.1 | op=READ_BUCKET {volume=vol-0-31779, bucket=bucket-0-37834} | ret=SUCCESS |  
2019-09-20 08:52:26,673 | INFO  | OMAudit | user=jenkins1000 | ip=127.0.0.1 | op=READ_BUCKET {volume=vol-1-74399, bucket=bucket-0-09565} | ret=SUCCESS |  
2019-09-20 08:52:26,673 | INFO  | OMAudit | user=jenkins1000 | ip=127.0.0.1 | op=READ_BUCKET {volume=vol-0-31779, bucket=bucket-1-16827} | ret=SUCCESS |  
2019-09-20 08:52:26,673 | INFO  | OMAudit | user=jenkins1000 | ip=127.0.0.1 | op=READ_BUCKET {volume=vol-0-31779, bucket=bucket-2-55413} | ret=SUCCESS |  
2019-09-20 08:52:26,673 | INFO  | OMAudit | user=jenkins1000 | ip=127.0.0.1 | op=READ_BUCKET {volume=vol-1-74399, bucket=bucket-1-77168} | ret=SUCCESS |  
2019-09-20 08:52:26,674 | INFO  | OMAudit | user=jenkins1000 | ip=127.0.0.1 | op=READ_BUCKET {volume=vol-1-74399, bucket=bucket-2-11836} | ret=SUCCESS |  
2019-09-20 08:52:26,674 | INFO  | OMAudit | user=jenkins1000 | ip=127.0.0.1 | op=READ_BUCKET {volume=vol-0-31779, bucket=bucket-3-85854} | ret=SUCCESS |  
2019-09-20 08:52:26,674 | INFO  | OMAudit | user=jenkins1000 | ip=127.0.0.1 | op=CREATE_BUCKET {volume=vol-0-31779, bucket=bucket-4-59703, acls=[user:jenkins1000:a[ACCESS], group:default:a[ACCESS]], isVersionEnabled=false, storageType=DISK, creationTime=0} | ret=SUCCESS |  
2019-09-20 08:52:26,675 | INFO  | OMAudit | user=jenkins1000 | ip=127.0.0.1 | op=READ_BUCKET {volume=vol-1-74399, bucket=bucket-3-43977} | ret=SUCCESS |  
2019-09-20 08:52:26,676 | INFO  | OMAudit | user=jenkins1000 | ip=127.0.0.1 | op=READ_BUCKET {volume=vol-0-31779, bucket=bucket-4-59703} | ret=SUCCESS |  
2019-09-20 08:52:26,682 [IPC Server handler 8 on 37160] INFO  pipeline.PipelinePlacementPolicy (PipelinePlacementPolicy.java:meetCriteria(91)) - Pipeline Placement: Doesn't meet the criteria to be viable node： 2ddefaab-8349-47ab-a504-e432f9d495c5 Heaviness: 6 limit: 5
2019-09-20 08:52:26,683 [IPC Server handler 8 on 37160] INFO  pipeline.PipelinePlacementPolicy (PipelinePlacementPolicy.java:meetCriteria(91)) - Pipeline Placement: Doesn't meet the criteria to be viable node： b94e02b2-da92-474d-abbd-fccabaa9f79e Heaviness: 6 limit: 5
2019-09-20 08:52:26,683 [IPC Server handler 8 on 37160] INFO  pipeline.PipelinePlacementPolicy (PipelinePlacementPolicy.java:meetCriteria(91)) - Pipeline Placement: Doesn't meet the criteria to be viable node： f6ec089b-5516-4b64-9212-97eb604ab2a5 Heaviness: 6 limit: 5
2019-09-20 08:52:26,683 [IPC Server handler 8 on 37160] INFO  pipeline.PipelinePlacementPolicy (PipelinePlacementPolicy.java:meetCriteria(91)) - Pipeline Placement: Doesn't meet the criteria to be viable node： 3b3ba6e7-bc1c-4c2c-a22e-347ee35d38bc Heaviness: 6 limit: 5
2019-09-20 08:52:26,683 [IPC Server handler 8 on 37160] INFO  pipeline.PipelinePlacementPolicy (PipelinePlacementPolicy.java:meetCriteria(91)) - Pipeline Placement: Doesn't meet the criteria to be viable node： 44c728ea-0f6d-4328-96aa-117f098b9c99 Heaviness: 6 limit: 5
2019-09-20 08:52:26,684 [IPC Server handler 8 on 37160] ERROR pipeline.PipelinePlacementPolicy (PipelinePlacementPolicy.java:filterViableNodes(148)) - Unable to find enough nodes that meet the criteria that cannot engage in more than 5 pipelines. Nodes required: 3 Found: 0, healthy nodes count inNodeManager: 5.
2019-09-20 08:52:26,684 [IPC Server handler 8 on 37160] ERROR pipeline.SCMPipelineManager (SCMPipelineManager.java:createPipeline(161)) - Pipeline creation failed due to exception: Unable to find enough nodes that meet the criteria that cannot engage in more than 5 pipelines. Nodes required: 3 Found: 0, healthy nodes count inNodeManager: 5.
2019-09-20 08:52:26,684 [IPC Server handler 8 on 37160] WARN  block.BlockManagerImpl (BlockManagerImpl.java:allocateBlock(192)) - Pipeline creation failed for type:RATIS factor:THREE. Retrying get pipelines call once.
org.apache.hadoop.hdds.scm.exceptions.SCMException: Unable to find enough nodes that meet the criteria that cannot engage in more than 5 pipelines. Nodes required: 3 Found: 0, healthy nodes count inNodeManager: 5.
	at org.apache.hadoop.hdds.scm.pipeline.PipelinePlacementPolicy.filterViableNodes(PipelinePlacementPolicy.java:149)
	at org.apache.hadoop.hdds.scm.pipeline.PipelinePlacementPolicy.chooseDatanodes(PipelinePlacementPolicy.java:172)
	at org.apache.hadoop.hdds.scm.pipeline.RatisPipelineProvider.create(RatisPipelineProvider.java:92)
	at org.apache.hadoop.hdds.scm.pipeline.PipelineFactory.create(PipelineFactory.java:57)
	at org.apache.hadoop.hdds.scm.pipeline.SCMPipelineManager.createPipeline(SCMPipelineManager.java:149)
	at org.apache.hadoop.hdds.scm.block.BlockManagerImpl.allocateBlock(BlockManagerImpl.java:190)
	at org.apache.hadoop.hdds.scm.server.SCMBlockProtocolServer.allocateBlock(SCMBlockProtocolServer.java:175)
	at org.apache.hadoop.ozone.protocolPB.ScmBlockLocationProtocolServerSideTranslatorPB.allocateScmBlock(ScmBlockLocationProtocolServerSideTranslatorPB.java:153)
	at org.apache.hadoop.ozone.protocolPB.ScmBlockLocationProtocolServerSideTranslatorPB.send(ScmBlockLocationProtocolServerSideTranslatorPB.java:112)
	at org.apache.hadoop.hdds.protocol.proto.ScmBlockLocationProtocolProtos$ScmBlockLocationProtocolService$2.callBlockingMethod(ScmBlockLocationProtocolProtos.java:13157)
	at org.apache.hadoop.ipc.ProtobufRpcEngine$Server$ProtoBufRpcInvoker.call(ProtobufRpcEngine.java:524)
	at org.apache.hadoop.ipc.RPC$Server.call(RPC.java:1025)
	at org.apache.hadoop.ipc.Server$RpcCall.run(Server.java:876)
	at org.apache.hadoop.ipc.Server$RpcCall.run(Server.java:822)
	at java.security.AccessController.doPrivileged(Native Method)
	at javax.security.auth.Subject.doAs(Subject.java:422)
	at org.apache.hadoop.security.UserGroupInformation.doAs(UserGroupInformation.java:1730)
	at org.apache.hadoop.ipc.Server$Handler.run(Server.java:2682)
2019-09-20 08:52:26,684 [IPC Server handler 7 on 37160] INFO  pipeline.PipelinePlacementPolicy (PipelinePlacementPolicy.java:meetCriteria(91)) - Pipeline Placement: Doesn't meet the criteria to be viable node： 2ddefaab-8349-47ab-a504-e432f9d495c5 Heaviness: 6 limit: 5
2019-09-20 08:52:26,686 [IPC Server handler 7 on 37160] INFO  pipeline.PipelinePlacementPolicy (PipelinePlacementPolicy.java:meetCriteria(91)) - Pipeline Placement: Doesn't meet the criteria to be viable node： b94e02b2-da92-474d-abbd-fccabaa9f79e Heaviness: 6 limit: 5
2019-09-20 08:52:26,686 [IPC Server handler 7 on 37160] INFO  pipeline.PipelinePlacementPolicy (PipelinePlacementPolicy.java:meetCriteria(91)) - Pipeline Placement: Doesn't meet the criteria to be viable node： f6ec089b-5516-4b64-9212-97eb604ab2a5 Heaviness: 6 limit: 5
2019-09-20 08:52:26,686 [IPC Server handler 7 on 37160] INFO  pipeline.PipelinePlacementPolicy (PipelinePlacementPolicy.java:meetCriteria(91)) - Pipeline Placement: Doesn't meet the criteria to be viable node： 3b3ba6e7-bc1c-4c2c-a22e-347ee35d38bc Heaviness: 6 limit: 5
2019-09-20 08:52:26,687 [IPC Server handler 7 on 37160] INFO  pipeline.PipelinePlacementPolicy (PipelinePlacementPolicy.java:meetCriteria(91)) - Pipeline Placement: Doesn't meet the criteria to be viable node： 44c728ea-0f6d-4328-96aa-117f098b9c99 Heaviness: 6 limit: 5
2019-09-20 08:52:26,687 [IPC Server handler 7 on 37160] ERROR pipeline.PipelinePlacementPolicy (PipelinePlacementPolicy.java:filterViableNodes(148)) - Unable to find enough nodes that meet the criteria that cannot engage in more than 5 pipelines. Nodes required: 3 Found: 0, healthy nodes count inNodeManager: 5.
2019-09-20 08:52:26,687 [IPC Server handler 7 on 37160] ERROR pipeline.SCMPipelineManager (SCMPipelineManager.java:createPipeline(161)) - Pipeline creation failed due to exception: Unable to find enough nodes that meet the criteria that cannot engage in more than 5 pipelines. Nodes required: 3 Found: 0, healthy nodes count inNodeManager: 5.
2019-09-20 08:52:26,687 [IPC Server handler 7 on 37160] WARN  block.BlockManagerImpl (BlockManagerImpl.java:allocateBlock(192)) - Pipeline creation failed for type:RATIS factor:THREE. Retrying get pipelines call once.
org.apache.hadoop.hdds.scm.exceptions.SCMException: Unable to find enough nodes that meet the criteria that cannot engage in more than 5 pipelines. Nodes required: 3 Found: 0, healthy nodes count inNodeManager: 5.
	at org.apache.hadoop.hdds.scm.pipeline.PipelinePlacementPolicy.filterViableNodes(PipelinePlacementPolicy.java:149)
	at org.apache.hadoop.hdds.scm.pipeline.PipelinePlacementPolicy.chooseDatanodes(PipelinePlacementPolicy.java:172)
	at org.apache.hadoop.hdds.scm.pipeline.RatisPipelineProvider.create(RatisPipelineProvider.java:92)
	at org.apache.hadoop.hdds.scm.pipeline.PipelineFactory.create(PipelineFactory.java:57)
	at org.apache.hadoop.hdds.scm.pipeline.SCMPipelineManager.createPipeline(SCMPipelineManager.java:149)
	at org.apache.hadoop.hdds.scm.block.BlockManagerImpl.allocateBlock(BlockManagerImpl.java:190)
	at org.apache.hadoop.hdds.scm.server.SCMBlockProtocolServer.allocateBlock(SCMBlockProtocolServer.java:175)
	at org.apache.hadoop.ozone.protocolPB.ScmBlockLocationProtocolServerSideTranslatorPB.allocateScmBlock(ScmBlockLocationProtocolServerSideTranslatorPB.java:153)
	at org.apache.hadoop.ozone.protocolPB.ScmBlockLocationProtocolServerSideTranslatorPB.send(ScmBlockLocationProtocolServerSideTranslatorPB.java:112)
	at org.apache.hadoop.hdds.protocol.proto.ScmBlockLocationProtocolProtos$ScmBlockLocationProtocolService$2.callBlockingMethod(ScmBlockLocationProtocolProtos.java:13157)
	at org.apache.hadoop.ipc.ProtobufRpcEngine$Server$ProtoBufRpcInvoker.call(ProtobufRpcEngine.java:524)
	at org.apache.hadoop.ipc.RPC$Server.call(RPC.java:1025)
	at org.apache.hadoop.ipc.Server$RpcCall.run(Server.java:876)
	at org.apache.hadoop.ipc.Server$RpcCall.run(Server.java:822)
	at java.security.AccessController.doPrivileged(Native Method)
	at javax.security.auth.Subject.doAs(Subject.java:422)
	at org.apache.hadoop.security.UserGroupInformation.doAs(UserGroupInformation.java:1730)
	at org.apache.hadoop.ipc.Server$Handler.run(Server.java:2682)
2019-09-20 08:52:26,688 [IPC Server handler 5 on 37160] INFO  pipeline.PipelinePlacementPolicy (PipelinePlacementPolicy.java:meetCriteria(91)) - Pipeline Placement: Doesn't meet the criteria to be viable node： 2ddefaab-8349-47ab-a504-e432f9d495c5 Heaviness: 6 limit: 5
2019-09-20 08:52:26,687 [IPC Server handler 8 on 37160] INFO  block.BlockManagerImpl (BlockManagerImpl.java:allocateBlock(198)) - Could not find available pipeline of type:RATIS and factor:THREE even after retrying
2019-09-20 08:52:26,688 [IPC Server handler 5 on 37160] INFO  pipeline.PipelinePlacementPolicy (PipelinePlacementPolicy.java:meetCriteria(91)) - Pipeline Placement: Doesn't meet the criteria to be viable node： b94e02b2-da92-474d-abbd-fccabaa9f79e Heaviness: 6 limit: 5
2019-09-20 08:52:26,688 [IPC Server handler 8 on 37160] ERROR block.BlockManagerImpl (BlockManagerImpl.java:allocateBlock(222)) - Unable to allocate a block for the size: 4194304, type: RATIS, factor: THREE
2019-09-20 08:52:26,689 [IPC Server handler 5 on 37160] INFO  pipeline.PipelinePlacementPolicy (PipelinePlacementPolicy.java:meetCriteria(91)) - Pipeline Placement: Doesn't meet the criteria to be viable node： f6ec089b-5516-4b64-9212-97eb604ab2a5 Heaviness: 6 limit: 5
2019-09-20 08:52:26,689 | INFO  | SCMAudit | user=jenkins1000 | ip=192.168.36.79 | op=ALLOCATE_BLOCK {owner=5a3af98b-a9db-4f05-bcae-222a3f2838c6, size=4194304, type=RATIS, factor=THREE} | ret=SUCCESS |  
2019-09-20 08:52:26,689 [IPC Server handler 5 on 37160] INFO  pipeline.PipelinePlacementPolicy (PipelinePlacementPolicy.java:meetCriteria(91)) - Pipeline Placement: Doesn't meet the criteria to be viable node： 3b3ba6e7-bc1c-4c2c-a22e-347ee35d38bc Heaviness: 6 limit: 5
2019-09-20 08:52:26,689 [IPC Server handler 5 on 37160] INFO  pipeline.PipelinePlacementPolicy (PipelinePlacementPolicy.java:meetCriteria(91)) - Pipeline Placement: Doesn't meet the criteria to be viable node： 44c728ea-0f6d-4328-96aa-117f098b9c99 Heaviness: 6 limit: 5
2019-09-20 08:52:26,689 [IPC Server handler 5 on 37160] ERROR pipeline.PipelinePlacementPolicy (PipelinePlacementPolicy.java:filterViableNodes(148)) - Unable to find enough nodes that meet the criteria that cannot engage in more than 5 pipelines. Nodes required: 3 Found: 0, healthy nodes count inNodeManager: 5.
2019-09-20 08:52:26,690 [IPC Server handler 5 on 37160] ERROR pipeline.SCMPipelineManager (SCMPipelineManager.java:createPipeline(161)) - Pipeline creation failed due to exception: Unable to find enough nodes that meet the criteria that cannot engage in more than 5 pipelines. Nodes required: 3 Found: 0, healthy nodes count inNodeManager: 5.
2019-09-20 08:52:26,690 [IPC Server handler 5 on 37160] WARN  block.BlockManagerImpl (BlockManagerImpl.java:allocateBlock(192)) - Pipeline creation failed for type:RATIS factor:THREE. Retrying get pipelines call once.
org.apache.hadoop.hdds.scm.exceptions.SCMException: Unable to find enough nodes that meet the criteria that cannot engage in more than 5 pipelines. Nodes required: 3 Found: 0, healthy nodes count inNodeManager: 5.
	at org.apache.hadoop.hdds.scm.pipeline.PipelinePlacementPolicy.filterViableNodes(PipelinePlacementPolicy.java:149)
	at org.apache.hadoop.hdds.scm.pipeline.PipelinePlacementPolicy.chooseDatanodes(PipelinePlacementPolicy.java:172)
	at org.apache.hadoop.hdds.scm.pipeline.RatisPipelineProvider.create(RatisPipelineProvider.java:92)
	at org.apache.hadoop.hdds.scm.pipeline.PipelineFactory.create(PipelineFactory.java:57)
	at org.apache.hadoop.hdds.scm.pipeline.SCMPipelineManager.createPipeline(SCMPipelineManager.java:149)
	at org.apache.hadoop.hdds.scm.block.BlockManagerImpl.allocateBlock(BlockManagerImpl.java:190)
	at org.apache.hadoop.hdds.scm.server.SCMBlockProtocolServer.allocateBlock(SCMBlockProtocolServer.java:175)
	at org.apache.hadoop.ozone.protocolPB.ScmBlockLocationProtocolServerSideTranslatorPB.allocateScmBlock(ScmBlockLocationProtocolServerSideTranslatorPB.java:153)
	at org.apache.hadoop.ozone.protocolPB.ScmBlockLocationProtocolServerSideTranslatorPB.send(ScmBlockLocationProtocolServerSideTranslatorPB.java:112)
	at org.apache.hadoop.hdds.protocol.proto.ScmBlockLocationProtocolProtos$ScmBlockLocationProtocolService$2.callBlockingMethod(ScmBlockLocationProtocolProtos.java:13157)
	at org.apache.hadoop.ipc.ProtobufRpcEngine$Server$ProtoBufRpcInvoker.call(ProtobufRpcEngine.java:524)
	at org.apache.hadoop.ipc.RPC$Server.call(RPC.java:1025)
	at org.apache.hadoop.ipc.Server$RpcCall.run(Server.java:876)
	at org.apache.hadoop.ipc.Server$RpcCall.run(Server.java:822)
	at java.security.AccessController.doPrivileged(Native Method)
	at javax.security.auth.Subject.doAs(Subject.java:422)
	at org.apache.hadoop.security.UserGroupInformation.doAs(UserGroupInformation.java:1730)
	at org.apache.hadoop.ipc.Server$Handler.run(Server.java:2682)
2019-09-20 08:52:26,692 [IPC Server handler 6 on 37160] INFO  pipeline.PipelinePlacementPolicy (PipelinePlacementPolicy.java:meetCriteria(91)) - Pipeline Placement: Doesn't meet the criteria to be viable node： 2ddefaab-8349-47ab-a504-e432f9d495c5 Heaviness: 6 limit: 5
2019-09-20 08:52:26,690 | ERROR | OMAudit | user=jenkins1000 | ip=127.0.0.1 | op=ALLOCATE_KEY {volume=vol-0-31779, bucket=bucket-2-55413, key=key-0-24836, dataSize=10240, replicationType=RATIS, replicationFactor=THREE, keyLocationInfo=null} | ret=FAILURE | org.apache.hadoop.hdds.scm.exceptions.SCMException: Allocated 0 blocks. Requested 1 blocks
	at org.apache.hadoop.hdds.scm.protocolPB.ScmBlockLocationProtocolClientSideTranslatorPB.handleError(ScmBlockLocationProtocolClientSideTranslatorPB.java:118)
	at org.apache.hadoop.hdds.scm.protocolPB.ScmBlockLocationProtocolClientSideTranslatorPB.allocateBlock(ScmBlockLocationProtocolClientSideTranslatorPB.java:156) 
2019-09-20 08:52:26,692 [IPC Server handler 6 on 37160] INFO  pipeline.PipelinePlacementPolicy (PipelinePlacementPolicy.java:meetCriteria(91)) - Pipeline Placement: Doesn't meet the criteria to be viable node： b94e02b2-da92-474d-abbd-fccabaa9f79e Heaviness: 6 limit: 5
2019-09-20 08:52:26,690 [IPC Server handler 7 on 37160] INFO  block.BlockManagerImpl (BlockManagerImpl.java:allocateBlock(198)) - Could not find available pipeline of type:RATIS and factor:THREE even after retrying
2019-09-20 08:52:26,692 [IPC Server handler 6 on 37160] INFO  pipeline.PipelinePlacementPolicy (PipelinePlacementPolicy.java:meetCriteria(91)) - Pipeline Placement: Doesn't meet the criteria to be viable node： f6ec089b-5516-4b64-9212-97eb604ab2a5 Heaviness: 6 limit: 5
2019-09-20 08:52:26,693 [IPC Server handler 7 on 37160] ERROR block.BlockManagerImpl (BlockManagerImpl.java:allocateBlock(222)) - Unable to allocate a block for the size: 4194304, type: RATIS, factor: THREE
2019-09-20 08:52:26,693 | INFO  | SCMAudit | user=jenkins1000 | ip=192.168.36.79 | op=ALLOCATE_BLOCK {owner=5a3af98b-a9db-4f05-bcae-222a3f2838c6, size=4194304, type=RATIS, factor=THREE} | ret=SUCCESS |  
2019-09-20 08:52:26,693 [pool-80-thread-7] ERROR freon.RandomKeyGenerator (RandomKeyGenerator.java:createKey(724)) - Exception while adding key: key-0-24836 in bucket: bucket-2-55413 of volume: vol-0-31779.
INTERNAL_ERROR org.apache.hadoop.ozone.om.exceptions.OMException: Allocated 0 blocks. Requested 1 blocks
	at org.apache.hadoop.ozone.om.protocolPB.OzoneManagerProtocolClientSideTranslatorPB.handleError(OzoneManagerProtocolClientSideTranslatorPB.java:725)
	at org.apache.hadoop.ozone.om.protocolPB.OzoneManagerProtocolClientSideTranslatorPB.openKey(OzoneManagerProtocolClientSideTranslatorPB.java:716)
	at org.apache.hadoop.ozone.client.rpc.RpcClient.createKey(RpcClient.java:615)
	at org.apache.hadoop.ozone.client.OzoneBucket.createKey(OzoneBucket.java:323)
	at org.apache.hadoop.ozone.freon.RandomKeyGenerator.createKey(RandomKeyGenerator.java:686)
	at org.apache.hadoop.ozone.freon.RandomKeyGenerator.access$1100(RandomKeyGenerator.java:87)
	at org.apache.hadoop.ozone.freon.RandomKeyGenerator$ObjectCreator.run(RandomKeyGenerator.java:606)
	at java.util.concurrent.Executors$RunnableAdapter.call(Executors.java:511)
	at java.util.concurrent.FutureTask.run(FutureTask.java:266)
	at java.util.concurrent.ThreadPoolExecutor.runWorker(ThreadPoolExecutor.java:1149)
	at java.util.concurrent.ThreadPoolExecutor$Worker.run(ThreadPoolExecutor.java:624)
	at java.lang.Thread.run(Thread.java:748)
2019-09-20 08:52:26,693 [IPC Server handler 6 on 37160] INFO  pipeline.PipelinePlacementPolicy (PipelinePlacementPolicy.java:meetCriteria(91)) - Pipeline Placement: Doesn't meet the criteria to be viable node： 3b3ba6e7-bc1c-4c2c-a22e-347ee35d38bc Heaviness: 6 limit: 5
2019-09-20 08:52:26,695 [IPC Server handler 6 on 37160] INFO  pipeline.PipelinePlacementPolicy (PipelinePlacementPolicy.java:meetCriteria(91)) - Pipeline Placement: Doesn't meet the criteria to be viable node： 44c728ea-0f6d-4328-96aa-117f098b9c99 Heaviness: 6 limit: 5
2019-09-20 08:52:26,695 [IPC Server handler 6 on 37160] ERROR pipeline.PipelinePlacementPolicy (PipelinePlacementPolicy.java:filterViableNodes(148)) - Unable to find enough nodes that meet the criteria that cannot engage in more than 5 pipelines. Nodes required: 3 Found: 0, healthy nodes count inNodeManager: 5.
2019-09-20 08:52:26,703 [IPC Server handler 6 on 37160] ERROR pipeline.SCMPipelineManager (SCMPipelineManager.java:createPipeline(161)) - Pipeline creation failed due to exception: Unable to find enough nodes that meet the criteria that cannot engage in more than 5 pipelines. Nodes required: 3 Found: 0, healthy nodes count inNodeManager: 5.
2019-09-20 08:52:26,695 | ERROR | OMAudit | user=jenkins1000 | ip=127.0.0.1 | op=ALLOCATE_KEY {volume=vol-1-74399, bucket=bucket-4-29377, key=key-0-91789, dataSize=10240, replicationType=RATIS, replicationFactor=THREE, keyLocationInfo=null} | ret=FAILURE | org.apache.hadoop.hdds.scm.exceptions.SCMException: Allocated 0 blocks. Requested 1 blocks
	at org.apache.hadoop.hdds.scm.protocolPB.ScmBlockLocationProtocolClientSideTranslatorPB.handleError(ScmBlockLocationProtocolClientSideTranslatorPB.java:118)
	at org.apache.hadoop.hdds.scm.protocolPB.ScmBlockLocationProtocolClientSideTranslatorPB.allocateBlock(ScmBlockLocationProtocolClientSideTranslatorPB.java:156) 
2019-09-20 08:52:26,703 [IPC Server handler 6 on 37160] WARN  block.BlockManagerImpl (BlockManagerImpl.java:allocateBlock(192)) - Pipeline creation failed for type:RATIS factor:THREE. Retrying get pipelines call once.
org.apache.hadoop.hdds.scm.exceptions.SCMException: Unable to find enough nodes that meet the criteria that cannot engage in more than 5 pipelines. Nodes required: 3 Found: 0, healthy nodes count inNodeManager: 5.
	at org.apache.hadoop.hdds.scm.pipeline.PipelinePlacementPolicy.filterViableNodes(PipelinePlacementPolicy.java:149)
	at org.apache.hadoop.hdds.scm.pipeline.PipelinePlacementPolicy.chooseDatanodes(PipelinePlacementPolicy.java:172)
	at org.apache.hadoop.hdds.scm.pipeline.RatisPipelineProvider.create(RatisPipelineProvider.java:92)
	at org.apache.hadoop.hdds.scm.pipeline.PipelineFactory.create(PipelineFactory.java:57)
	at org.apache.hadoop.hdds.scm.pipeline.SCMPipelineManager.createPipeline(SCMPipelineManager.java:149)
	at org.apache.hadoop.hdds.scm.block.BlockManagerImpl.allocateBlock(BlockManagerImpl.java:190)
	at org.apache.hadoop.hdds.scm.server.SCMBlockProtocolServer.allocateBlock(SCMBlockProtocolServer.java:175)
	at org.apache.hadoop.ozone.protocolPB.ScmBlockLocationProtocolServerSideTranslatorPB.allocateScmBlock(ScmBlockLocationProtocolServerSideTranslatorPB.java:153)
	at org.apache.hadoop.ozone.protocolPB.ScmBlockLocationProtocolServerSideTranslatorPB.send(ScmBlockLocationProtocolServerSideTranslatorPB.java:112)
	at org.apache.hadoop.hdds.protocol.proto.ScmBlockLocationProtocolProtos$ScmBlockLocationProtocolService$2.callBlockingMethod(ScmBlockLocationProtocolProtos.java:13157)
	at org.apache.hadoop.ipc.ProtobufRpcEngine$Server$ProtoBufRpcInvoker.call(ProtobufRpcEngine.java:524)
	at org.apache.hadoop.ipc.RPC$Server.call(RPC.java:1025)
	at org.apache.hadoop.ipc.Server$RpcCall.run(Server.java:876)
	at org.apache.hadoop.ipc.Server$RpcCall.run(Server.java:822)
	at java.security.AccessController.doPrivileged(Native Method)
	at javax.security.auth.Subject.doAs(Subject.java:422)
	at org.apache.hadoop.security.UserGroupInformation.doAs(UserGroupInformation.java:1730)
	at org.apache.hadoop.ipc.Server$Handler.run(Server.java:2682)
2019-09-20 08:52:26,703 [IPC Server handler 4 on 37160] INFO  pipeline.PipelinePlacementPolicy (PipelinePlacementPolicy.java:meetCriteria(91)) - Pipeline Placement: Doesn't meet the criteria to be viable node： 2ddefaab-8349-47ab-a504-e432f9d495c5 Heaviness: 6 limit: 5
2019-09-20 08:52:26,704 [IPC Server handler 4 on 37160] INFO  pipeline.PipelinePlacementPolicy (PipelinePlacementPolicy.java:meetCriteria(91)) - Pipeline Placement: Doesn't meet the criteria to be viable node： b94e02b2-da92-474d-abbd-fccabaa9f79e Heaviness: 6 limit: 5
2019-09-20 08:52:26,703 [IPC Server handler 5 on 37160] INFO  block.BlockManagerImpl (BlockManagerImpl.java:allocateBlock(198)) - Could not find available pipeline of type:RATIS and factor:THREE even after retrying
2019-09-20 08:52:26,704 [IPC Server handler 4 on 37160] INFO  pipeline.PipelinePlacementPolicy (PipelinePlacementPolicy.java:meetCriteria(91)) - Pipeline Placement: Doesn't meet the criteria to be viable node： f6ec089b-5516-4b64-9212-97eb604ab2a5 Heaviness: 6 limit: 5
2019-09-20 08:52:26,704 [IPC Server handler 4 on 37160] INFO  pipeline.PipelinePlacementPolicy (PipelinePlacementPolicy.java:meetCriteria(91)) - Pipeline Placement: Doesn't meet the criteria to be viable node： 3b3ba6e7-bc1c-4c2c-a22e-347ee35d38bc Heaviness: 6 limit: 5
2019-09-20 08:52:26,704 [pool-80-thread-2] ERROR freon.RandomKeyGenerator (RandomKeyGenerator.java:createKey(724)) - Exception while adding key: key-0-91789 in bucket: bucket-4-29377 of volume: vol-1-74399.
INTERNAL_ERROR org.apache.hadoop.ozone.om.exceptions.OMException: Allocated 0 blocks. Requested 1 blocks
	at org.apache.hadoop.ozone.om.protocolPB.OzoneManagerProtocolClientSideTranslatorPB.handleError(OzoneManagerProtocolClientSideTranslatorPB.java:725)
	at org.apache.hadoop.ozone.om.protocolPB.OzoneManagerProtocolClientSideTranslatorPB.openKey(OzoneManagerProtocolClientSideTranslatorPB.java:716)
	at org.apache.hadoop.ozone.client.rpc.RpcClient.createKey(RpcClient.java:615)
	at org.apache.hadoop.ozone.client.OzoneBucket.createKey(OzoneBucket.java:323)
	at org.apache.hadoop.ozone.freon.RandomKeyGenerator.createKey(RandomKeyGenerator.java:686)
	at org.apache.hadoop.ozone.freon.RandomKeyGenerator.access$1100(RandomKeyGenerator.java:87)
	at org.apache.hadoop.ozone.freon.RandomKeyGenerator$ObjectCreator.run(RandomKeyGenerator.java:606)
	at java.util.concurrent.Executors$RunnableAdapter.call(Executors.java:511)
	at java.util.concurrent.FutureTask.run(FutureTask.java:266)
	at java.util.concurrent.ThreadPoolExecutor.runWorker(ThreadPoolExecutor.java:1149)
	at java.util.concurrent.ThreadPoolExecutor$Worker.run(ThreadPoolExecutor.java:624)
	at java.lang.Thread.run(Thread.java:748)
2019-09-20 08:52:26,705 [IPC Server handler 4 on 37160] INFO  pipeline.PipelinePlacementPolicy (PipelinePlacementPolicy.java:meetCriteria(91)) - Pipeline Placement: Doesn't meet the criteria to be viable node： 44c728ea-0f6d-4328-96aa-117f098b9c99 Heaviness: 6 limit: 5
2019-09-20 08:52:26,704 [IPC Server handler 5 on 37160] ERROR block.BlockManagerImpl (BlockManagerImpl.java:allocateBlock(222)) - Unable to allocate a block for the size: 4194304, type: RATIS, factor: THREE
2019-09-20 08:52:26,705 [IPC Server handler 4 on 37160] ERROR pipeline.PipelinePlacementPolicy (PipelinePlacementPolicy.java:filterViableNodes(148)) - Unable to find enough nodes that meet the criteria that cannot engage in more than 5 pipelines. Nodes required: 3 Found: 0, healthy nodes count inNodeManager: 5.
2019-09-20 08:52:26,705 | INFO  | SCMAudit | user=jenkins1000 | ip=192.168.36.79 | op=ALLOCATE_BLOCK {owner=5a3af98b-a9db-4f05-bcae-222a3f2838c6, size=4194304, type=RATIS, factor=THREE} | ret=SUCCESS |  
2019-09-20 08:52:26,706 [IPC Server handler 4 on 37160] ERROR pipeline.SCMPipelineManager (SCMPipelineManager.java:createPipeline(161)) - Pipeline creation failed due to exception: Unable to find enough nodes that meet the criteria that cannot engage in more than 5 pipelines. Nodes required: 3 Found: 0, healthy nodes count inNodeManager: 5.
2019-09-20 08:52:26,706 [IPC Server handler 4 on 37160] WARN  block.BlockManagerImpl (BlockManagerImpl.java:allocateBlock(192)) - Pipeline creation failed for type:RATIS factor:THREE. Retrying get pipelines call once.
org.apache.hadoop.hdds.scm.exceptions.SCMException: Unable to find enough nodes that meet the criteria that cannot engage in more than 5 pipelines. Nodes required: 3 Found: 0, healthy nodes count inNodeManager: 5.
	at org.apache.hadoop.hdds.scm.pipeline.PipelinePlacementPolicy.filterViableNodes(PipelinePlacementPolicy.java:149)
	at org.apache.hadoop.hdds.scm.pipeline.PipelinePlacementPolicy.chooseDatanodes(PipelinePlacementPolicy.java:172)
	at org.apache.hadoop.hdds.scm.pipeline.RatisPipelineProvider.create(RatisPipelineProvider.java:92)
	at org.apache.hadoop.hdds.scm.pipeline.PipelineFactory.create(PipelineFactory.java:57)
	at org.apache.hadoop.hdds.scm.pipeline.SCMPipelineManager.createPipeline(SCMPipelineManager.java:149)
	at org.apache.hadoop.hdds.scm.block.BlockManagerImpl.allocateBlock(BlockManagerImpl.java:190)
	at org.apache.hadoop.hdds.scm.server.SCMBlockProtocolServer.allocateBlock(SCMBlockProtocolServer.java:175)
	at org.apache.hadoop.ozone.protocolPB.ScmBlockLocationProtocolServerSideTranslatorPB.allocateScmBlock(ScmBlockLocationProtocolServerSideTranslatorPB.java:153)
	at org.apache.hadoop.ozone.protocolPB.ScmBlockLocationProtocolServerSideTranslatorPB.send(ScmBlockLocationProtocolServerSideTranslatorPB.java:112)
	at org.apache.hadoop.hdds.protocol.proto.ScmBlockLocationProtocolProtos$ScmBlockLocationProtocolService$2.callBlockingMethod(ScmBlockLocationProtocolProtos.java:13157)
	at org.apache.hadoop.ipc.ProtobufRpcEngine$Server$ProtoBufRpcInvoker.call(ProtobufRpcEngine.java:524)
	at org.apache.hadoop.ipc.RPC$Server.call(RPC.java:1025)
	at org.apache.hadoop.ipc.Server$RpcCall.run(Server.java:876)
	at org.apache.hadoop.ipc.Server$RpcCall.run(Server.java:822)
	at java.security.AccessController.doPrivileged(Native Method)
	at javax.security.auth.Subject.doAs(Subject.java:422)
	at org.apache.hadoop.security.UserGroupInformation.doAs(UserGroupInformation.java:1730)
	at org.apache.hadoop.ipc.Server$Handler.run(Server.java:2682)
2019-09-20 08:52:26,706 [IPC Server handler 3 on 37160] INFO  pipeline.PipelinePlacementPolicy (PipelinePlacementPolicy.java:meetCriteria(91)) - Pipeline Placement: Doesn't meet the criteria to be viable node： 2ddefaab-8349-47ab-a504-e432f9d495c5 Heaviness: 6 limit: 5
2019-09-20 08:52:26,706 | ERROR | OMAudit | user=jenkins1000 | ip=127.0.0.1 | op=ALLOCATE_KEY {volume=vol-0-31779, bucket=bucket-0-37834, key=key-0-99973, dataSize=10240, replicationType=RATIS, replicationFactor=THREE, keyLocationInfo=null} | ret=FAILURE | org.apache.hadoop.hdds.scm.exceptions.SCMException: Allocated 0 blocks. Requested 1 blocks
	at org.apache.hadoop.hdds.scm.protocolPB.ScmBlockLocationProtocolClientSideTranslatorPB.handleError(ScmBlockLocationProtocolClientSideTranslatorPB.java:118)
	at org.apache.hadoop.hdds.scm.protocolPB.ScmBlockLocationProtocolClientSideTranslatorPB.allocateBlock(ScmBlockLocationProtocolClientSideTranslatorPB.java:156) 
2019-09-20 08:52:26,706 [IPC Server handler 6 on 37160] INFO  block.BlockManagerImpl (BlockManagerImpl.java:allocateBlock(198)) - Could not find available pipeline of type:RATIS and factor:THREE even after retrying
2019-09-20 08:52:26,708 [IPC Server handler 3 on 37160] INFO  pipeline.PipelinePlacementPolicy (PipelinePlacementPolicy.java:meetCriteria(91)) - Pipeline Placement: Doesn't meet the criteria to be viable node： b94e02b2-da92-474d-abbd-fccabaa9f79e Heaviness: 6 limit: 5
2019-09-20 08:52:26,708 [IPC Server handler 6 on 37160] ERROR block.BlockManagerImpl (BlockManagerImpl.java:allocateBlock(222)) - Unable to allocate a block for the size: 4194304, type: RATIS, factor: THREE
2019-09-20 08:52:26,709 | INFO  | SCMAudit | user=jenkins1000 | ip=192.168.36.79 | op=ALLOCATE_BLOCK {owner=5a3af98b-a9db-4f05-bcae-222a3f2838c6, size=4194304, type=RATIS, factor=THREE} | ret=SUCCESS |  
2019-09-20 08:52:26,709 [pool-80-thread-1] ERROR freon.RandomKeyGenerator (RandomKeyGenerator.java:createKey(724)) - Exception while adding key: key-0-99973 in bucket: bucket-0-37834 of volume: vol-0-31779.
INTERNAL_ERROR org.apache.hadoop.ozone.om.exceptions.OMException: Allocated 0 blocks. Requested 1 blocks
	at org.apache.hadoop.ozone.om.protocolPB.OzoneManagerProtocolClientSideTranslatorPB.handleError(OzoneManagerProtocolClientSideTranslatorPB.java:725)
	at org.apache.hadoop.ozone.om.protocolPB.OzoneManagerProtocolClientSideTranslatorPB.openKey(OzoneManagerProtocolClientSideTranslatorPB.java:716)
	at org.apache.hadoop.ozone.client.rpc.RpcClient.createKey(RpcClient.java:615)
	at org.apache.hadoop.ozone.client.OzoneBucket.createKey(OzoneBucket.java:323)
	at org.apache.hadoop.ozone.freon.RandomKeyGenerator.createKey(RandomKeyGenerator.java:686)
	at org.apache.hadoop.ozone.freon.RandomKeyGenerator.access$1100(RandomKeyGenerator.java:87)
	at org.apache.hadoop.ozone.freon.RandomKeyGenerator$ObjectCreator.run(RandomKeyGenerator.java:606)
	at java.util.concurrent.Executors$RunnableAdapter.call(Executors.java:511)
	at java.util.concurrent.FutureTask.run(FutureTask.java:266)
	at java.util.concurrent.ThreadPoolExecutor.runWorker(ThreadPoolExecutor.java:1149)
	at java.util.concurrent.ThreadPoolExecutor$Worker.run(ThreadPoolExecutor.java:624)
	at java.lang.Thread.run(Thread.java:748)
2019-09-20 08:52:26,709 [IPC Server handler 3 on 37160] INFO  pipeline.PipelinePlacementPolicy (PipelinePlacementPolicy.java:meetCriteria(91)) - Pipeline Placement: Doesn't meet the criteria to be viable node： f6ec089b-5516-4b64-9212-97eb604ab2a5 Heaviness: 6 limit: 5
2019-09-20 08:52:26,709 [IPC Server handler 3 on 37160] INFO  pipeline.PipelinePlacementPolicy (PipelinePlacementPolicy.java:meetCriteria(91)) - Pipeline Placement: Doesn't meet the criteria to be viable node： 3b3ba6e7-bc1c-4c2c-a22e-347ee35d38bc Heaviness: 6 limit: 5
2019-09-20 08:52:26,710 [IPC Server handler 3 on 37160] INFO  pipeline.PipelinePlacementPolicy (PipelinePlacementPolicy.java:meetCriteria(91)) - Pipeline Placement: Doesn't meet the criteria to be viable node： 44c728ea-0f6d-4328-96aa-117f098b9c99 Heaviness: 6 limit: 5
2019-09-20 08:52:26,710 | ERROR | OMAudit | user=jenkins1000 | ip=127.0.0.1 | op=ALLOCATE_KEY {volume=vol-1-74399, bucket=bucket-1-77168, key=key-0-79003, dataSize=10240, replicationType=RATIS, replicationFactor=THREE, keyLocationInfo=null} | ret=FAILURE | org.apache.hadoop.hdds.scm.exceptions.SCMException: Allocated 0 blocks. Requested 1 blocks
	at org.apache.hadoop.hdds.scm.protocolPB.ScmBlockLocationProtocolClientSideTranslatorPB.handleError(ScmBlockLocationProtocolClientSideTranslatorPB.java:118)
	at org.apache.hadoop.hdds.scm.protocolPB.ScmBlockLocationProtocolClientSideTranslatorPB.allocateBlock(ScmBlockLocationProtocolClientSideTranslatorPB.java:156) 
2019-09-20 08:52:26,710 [IPC Server handler 3 on 37160] ERROR pipeline.PipelinePlacementPolicy (PipelinePlacementPolicy.java:filterViableNodes(148)) - Unable to find enough nodes that meet the criteria that cannot engage in more than 5 pipelines. Nodes required: 3 Found: 0, healthy nodes count inNodeManager: 5.
2019-09-20 08:52:26,710 [IPC Server handler 3 on 37160] ERROR pipeline.SCMPipelineManager (SCMPipelineManager.java:createPipeline(161)) - Pipeline creation failed due to exception: Unable to find enough nodes that meet the criteria that cannot engage in more than 5 pipelines. Nodes required: 3 Found: 0, healthy nodes count inNodeManager: 5.
2019-09-20 08:52:26,710 [IPC Server handler 3 on 37160] WARN  block.BlockManagerImpl (BlockManagerImpl.java:allocateBlock(192)) - Pipeline creation failed for type:RATIS factor:THREE. Retrying get pipelines call once.
org.apache.hadoop.hdds.scm.exceptions.SCMException: Unable to find enough nodes that meet the criteria that cannot engage in more than 5 pipelines. Nodes required: 3 Found: 0, healthy nodes count inNodeManager: 5.
	at org.apache.hadoop.hdds.scm.pipeline.PipelinePlacementPolicy.filterViableNodes(PipelinePlacementPolicy.java:149)
	at org.apache.hadoop.hdds.scm.pipeline.PipelinePlacementPolicy.chooseDatanodes(PipelinePlacementPolicy.java:172)
	at org.apache.hadoop.hdds.scm.pipeline.RatisPipelineProvider.create(RatisPipelineProvider.java:92)
	at org.apache.hadoop.hdds.scm.pipeline.PipelineFactory.create(PipelineFactory.java:57)
	at org.apache.hadoop.hdds.scm.pipeline.SCMPipelineManager.createPipeline(SCMPipelineManager.java:149)
	at org.apache.hadoop.hdds.scm.block.BlockManagerImpl.allocateBlock(BlockManagerImpl.java:190)
	at org.apache.hadoop.hdds.scm.server.SCMBlockProtocolServer.allocateBlock(SCMBlockProtocolServer.java:175)
	at org.apache.hadoop.ozone.protocolPB.ScmBlockLocationProtocolServerSideTranslatorPB.allocateScmBlock(ScmBlockLocationProtocolServerSideTranslatorPB.java:153)
	at org.apache.hadoop.ozone.protocolPB.ScmBlockLocationProtocolServerSideTranslatorPB.send(ScmBlockLocationProtocolServerSideTranslatorPB.java:112)
	at org.apache.hadoop.hdds.protocol.proto.ScmBlockLocationProtocolProtos$ScmBlockLocationProtocolService$2.callBlockingMethod(ScmBlockLocationProtocolProtos.java:13157)
	at org.apache.hadoop.ipc.ProtobufRpcEngine$Server$ProtoBufRpcInvoker.call(ProtobufRpcEngine.java:524)
	at org.apache.hadoop.ipc.RPC$Server.call(RPC.java:1025)
	at org.apache.hadoop.ipc.Server$RpcCall.run(Server.java:876)
	at org.apache.hadoop.ipc.Server$RpcCall.run(Server.java:822)
	at java.security.AccessController.doPrivileged(Native Method)
	at javax.security.auth.Subject.doAs(Subject.java:422)
	at org.apache.hadoop.security.UserGroupInformation.doAs(UserGroupInformation.java:1730)
	at org.apache.hadoop.ipc.Server$Handler.run(Server.java:2682)
2019-09-20 08:52:26,711 [pool-80-thread-5] ERROR freon.RandomKeyGenerator (RandomKeyGenerator.java:createKey(724)) - Exception while adding key: key-0-79003 in bucket: bucket-1-77168 of volume: vol-1-74399.
INTERNAL_ERROR org.apache.hadoop.ozone.om.exceptions.OMException: Allocated 0 blocks. Requested 1 blocks
	at org.apache.hadoop.ozone.om.protocolPB.OzoneManagerProtocolClientSideTranslatorPB.handleError(OzoneManagerProtocolClientSideTranslatorPB.java:725)
	at org.apache.hadoop.ozone.om.protocolPB.OzoneManagerProtocolClientSideTranslatorPB.openKey(OzoneManagerProtocolClientSideTranslatorPB.java:716)
	at org.apache.hadoop.ozone.client.rpc.RpcClient.createKey(RpcClient.java:615)
	at org.apache.hadoop.ozone.client.OzoneBucket.createKey(OzoneBucket.java:323)
	at org.apache.hadoop.ozone.freon.RandomKeyGenerator.createKey(RandomKeyGenerator.java:686)
	at org.apache.hadoop.ozone.freon.RandomKeyGenerator.access$1100(RandomKeyGenerator.java:87)
	at org.apache.hadoop.ozone.freon.RandomKeyGenerator$ObjectCreator.run(RandomKeyGenerator.java:606)
	at java.util.concurrent.Executors$RunnableAdapter.call(Executors.java:511)
	at java.util.concurrent.FutureTask.run(FutureTask.java:266)
	at java.util.concurrent.ThreadPoolExecutor.runWorker(ThreadPoolExecutor.java:1149)
	at java.util.concurrent.ThreadPoolExecutor$Worker.run(ThreadPoolExecutor.java:624)
	at java.lang.Thread.run(Thread.java:748)
2019-09-20 08:52:26,710 [IPC Server handler 2 on 37160] INFO  pipeline.PipelinePlacementPolicy (PipelinePlacementPolicy.java:meetCriteria(91)) - Pipeline Placement: Doesn't meet the criteria to be viable node： 2ddefaab-8349-47ab-a504-e432f9d495c5 Heaviness: 6 limit: 5
2019-09-20 08:52:26,712 [IPC Server handler 2 on 37160] INFO  pipeline.PipelinePlacementPolicy (PipelinePlacementPolicy.java:meetCriteria(91)) - Pipeline Placement: Doesn't meet the criteria to be viable node： b94e02b2-da92-474d-abbd-fccabaa9f79e Heaviness: 6 limit: 5
2019-09-20 08:52:26,712 [IPC Server handler 2 on 37160] INFO  pipeline.PipelinePlacementPolicy (PipelinePlacementPolicy.java:meetCriteria(91)) - Pipeline Placement: Doesn't meet the criteria to be viable node： f6ec089b-5516-4b64-9212-97eb604ab2a5 Heaviness: 6 limit: 5
2019-09-20 08:52:26,712 [IPC Server handler 2 on 37160] INFO  pipeline.PipelinePlacementPolicy (PipelinePlacementPolicy.java:meetCriteria(91)) - Pipeline Placement: Doesn't meet the criteria to be viable node： 3b3ba6e7-bc1c-4c2c-a22e-347ee35d38bc Heaviness: 6 limit: 5
2019-09-20 08:52:26,712 [IPC Server handler 2 on 37160] INFO  pipeline.PipelinePlacementPolicy (PipelinePlacementPolicy.java:meetCriteria(91)) - Pipeline Placement: Doesn't meet the criteria to be viable node： 44c728ea-0f6d-4328-96aa-117f098b9c99 Heaviness: 6 limit: 5
2019-09-20 08:52:26,712 [IPC Server handler 2 on 37160] ERROR pipeline.PipelinePlacementPolicy (PipelinePlacementPolicy.java:filterViableNodes(148)) - Unable to find enough nodes that meet the criteria that cannot engage in more than 5 pipelines. Nodes required: 3 Found: 0, healthy nodes count inNodeManager: 5.
2019-09-20 08:52:26,713 [IPC Server handler 2 on 37160] ERROR pipeline.SCMPipelineManager (SCMPipelineManager.java:createPipeline(161)) - Pipeline creation failed due to exception: Unable to find enough nodes that meet the criteria that cannot engage in more than 5 pipelines. Nodes required: 3 Found: 0, healthy nodes count inNodeManager: 5.
2019-09-20 08:52:26,713 [IPC Server handler 2 on 37160] WARN  block.BlockManagerImpl (BlockManagerImpl.java:allocateBlock(192)) - Pipeline creation failed for type:RATIS factor:THREE. Retrying get pipelines call once.
org.apache.hadoop.hdds.scm.exceptions.SCMException: Unable to find enough nodes that meet the criteria that cannot engage in more than 5 pipelines. Nodes required: 3 Found: 0, healthy nodes count inNodeManager: 5.
	at org.apache.hadoop.hdds.scm.pipeline.PipelinePlacementPolicy.filterViableNodes(PipelinePlacementPolicy.java:149)
	at org.apache.hadoop.hdds.scm.pipeline.PipelinePlacementPolicy.chooseDatanodes(PipelinePlacementPolicy.java:172)
	at org.apache.hadoop.hdds.scm.pipeline.RatisPipelineProvider.create(RatisPipelineProvider.java:92)
	at org.apache.hadoop.hdds.scm.pipeline.PipelineFactory.create(PipelineFactory.java:57)
	at org.apache.hadoop.hdds.scm.pipeline.SCMPipelineManager.createPipeline(SCMPipelineManager.java:149)
	at org.apache.hadoop.hdds.scm.block.BlockManagerImpl.allocateBlock(BlockManagerImpl.java:190)
	at org.apache.hadoop.hdds.scm.server.SCMBlockProtocolServer.allocateBlock(SCMBlockProtocolServer.java:175)
	at org.apache.hadoop.ozone.protocolPB.ScmBlockLocationProtocolServerSideTranslatorPB.allocateScmBlock(ScmBlockLocationProtocolServerSideTranslatorPB.java:153)
	at org.apache.hadoop.ozone.protocolPB.ScmBlockLocationProtocolServerSideTranslatorPB.send(ScmBlockLocationProtocolServerSideTranslatorPB.java:112)
	at org.apache.hadoop.hdds.protocol.proto.ScmBlockLocationProtocolProtos$ScmBlockLocationProtocolService$2.callBlockingMethod(ScmBlockLocationProtocolProtos.java:13157)
	at org.apache.hadoop.ipc.ProtobufRpcEngine$Server$ProtoBufRpcInvoker.call(ProtobufRpcEngine.java:524)
	at org.apache.hadoop.ipc.RPC$Server.call(RPC.java:1025)
	at org.apache.hadoop.ipc.Server$RpcCall.run(Server.java:876)
	at org.apache.hadoop.ipc.Server$RpcCall.run(Server.java:822)
	at java.security.AccessController.doPrivileged(Native Method)
	at javax.security.auth.Subject.doAs(Subject.java:422)
	at org.apache.hadoop.security.UserGroupInformation.doAs(UserGroupInformation.java:1730)
	at org.apache.hadoop.ipc.Server$Handler.run(Server.java:2682)
2019-09-20 08:52:26,713 [IPC Server handler 15 on 37160] INFO  pipeline.PipelinePlacementPolicy (PipelinePlacementPolicy.java:meetCriteria(91)) - Pipeline Placement: Doesn't meet the criteria to be viable node： 2ddefaab-8349-47ab-a504-e432f9d495c5 Heaviness: 6 limit: 5
2019-09-20 08:52:26,714 [IPC Server handler 15 on 37160] INFO  pipeline.PipelinePlacementPolicy (PipelinePlacementPolicy.java:meetCriteria(91)) - Pipeline Placement: Doesn't meet the criteria to be viable node： b94e02b2-da92-474d-abbd-fccabaa9f79e Heaviness: 6 limit: 5
2019-09-20 08:52:26,713 [IPC Server handler 3 on 37160] INFO  block.BlockManagerImpl (BlockManagerImpl.java:allocateBlock(198)) - Could not find available pipeline of type:RATIS and factor:THREE even after retrying
2019-09-20 08:52:26,713 [IPC Server handler 4 on 37160] INFO  block.BlockManagerImpl (BlockManagerImpl.java:allocateBlock(198)) - Could not find available pipeline of type:RATIS and factor:THREE even after retrying
2019-09-20 08:52:26,714 [IPC Server handler 4 on 37160] ERROR block.BlockManagerImpl (BlockManagerImpl.java:allocateBlock(222)) - Unable to allocate a block for the size: 4194304, type: RATIS, factor: THREE
2019-09-20 08:52:26,714 [IPC Server handler 3 on 37160] ERROR block.BlockManagerImpl (BlockManagerImpl.java:allocateBlock(222)) - Unable to allocate a block for the size: 4194304, type: RATIS, factor: THREE
2019-09-20 08:52:26,715 | INFO  | SCMAudit | user=jenkins1000 | ip=192.168.36.79 | op=ALLOCATE_BLOCK {owner=5a3af98b-a9db-4f05-bcae-222a3f2838c6, size=4194304, type=RATIS, factor=THREE} | ret=SUCCESS |  
2019-09-20 08:52:26,715 | INFO  | SCMAudit | user=jenkins1000 | ip=192.168.36.79 | op=ALLOCATE_BLOCK {owner=5a3af98b-a9db-4f05-bcae-222a3f2838c6, size=4194304, type=RATIS, factor=THREE} | ret=SUCCESS |  
2019-09-20 08:52:26,714 [IPC Server handler 15 on 37160] INFO  pipeline.PipelinePlacementPolicy (PipelinePlacementPolicy.java:meetCriteria(91)) - Pipeline Placement: Doesn't meet the criteria to be viable node： f6ec089b-5516-4b64-9212-97eb604ab2a5 Heaviness: 6 limit: 5
2019-09-20 08:52:26,715 [IPC Server handler 15 on 37160] INFO  pipeline.PipelinePlacementPolicy (PipelinePlacementPolicy.java:meetCriteria(91)) - Pipeline Placement: Doesn't meet the criteria to be viable node： 3b3ba6e7-bc1c-4c2c-a22e-347ee35d38bc Heaviness: 6 limit: 5
2019-09-20 08:52:26,715 [IPC Server handler 15 on 37160] INFO  pipeline.PipelinePlacementPolicy (PipelinePlacementPolicy.java:meetCriteria(91)) - Pipeline Placement: Doesn't meet the criteria to be viable node： 44c728ea-0f6d-4328-96aa-117f098b9c99 Heaviness: 6 limit: 5
2019-09-20 08:52:26,717 [IPC Server handler 15 on 37160] ERROR pipeline.PipelinePlacementPolicy (PipelinePlacementPolicy.java:filterViableNodes(148)) - Unable to find enough nodes that meet the criteria that cannot engage in more than 5 pipelines. Nodes required: 3 Found: 0, healthy nodes count inNodeManager: 5.
2019-09-20 08:52:26,715 | ERROR | OMAudit | user=jenkins1000 | ip=127.0.0.1 | op=ALLOCATE_KEY {volume=vol-1-74399, bucket=bucket-0-09565, key=key-0-88704, dataSize=10240, replicationType=RATIS, replicationFactor=THREE, keyLocationInfo=null} | ret=FAILURE | org.apache.hadoop.hdds.scm.exceptions.SCMException: Allocated 0 blocks. Requested 1 blocks
	at org.apache.hadoop.hdds.scm.protocolPB.ScmBlockLocationProtocolClientSideTranslatorPB.handleError(ScmBlockLocationProtocolClientSideTranslatorPB.java:118)
	at org.apache.hadoop.hdds.scm.protocolPB.ScmBlockLocationProtocolClientSideTranslatorPB.allocateBlock(ScmBlockLocationProtocolClientSideTranslatorPB.java:156) 
2019-09-20 08:52:26,715 | ERROR | OMAudit | user=jenkins1000 | ip=127.0.0.1 | op=ALLOCATE_KEY {volume=vol-0-31779, bucket=bucket-1-16827, key=key-0-82497, dataSize=10240, replicationType=RATIS, replicationFactor=THREE, keyLocationInfo=null} | ret=FAILURE | org.apache.hadoop.hdds.scm.exceptions.SCMException: Allocated 0 blocks. Requested 1 blocks
	at org.apache.hadoop.hdds.scm.protocolPB.ScmBlockLocationProtocolClientSideTranslatorPB.handleError(ScmBlockLocationProtocolClientSideTranslatorPB.java:118)
	at org.apache.hadoop.hdds.scm.protocolPB.ScmBlockLocationProtocolClientSideTranslatorPB.allocateBlock(ScmBlockLocationProtocolClientSideTranslatorPB.java:156) 
2019-09-20 08:52:26,718 [IPC Server handler 15 on 37160] ERROR pipeline.SCMPipelineManager (SCMPipelineManager.java:createPipeline(161)) - Pipeline creation failed due to exception: Unable to find enough nodes that meet the criteria that cannot engage in more than 5 pipelines. Nodes required: 3 Found: 0, healthy nodes count inNodeManager: 5.
2019-09-20 08:52:26,718 [IPC Server handler 15 on 37160] WARN  block.BlockManagerImpl (BlockManagerImpl.java:allocateBlock(192)) - Pipeline creation failed for type:RATIS factor:THREE. Retrying get pipelines call once.
org.apache.hadoop.hdds.scm.exceptions.SCMException: Unable to find enough nodes that meet the criteria that cannot engage in more than 5 pipelines. Nodes required: 3 Found: 0, healthy nodes count inNodeManager: 5.
	at org.apache.hadoop.hdds.scm.pipeline.PipelinePlacementPolicy.filterViableNodes(PipelinePlacementPolicy.java:149)
	at org.apache.hadoop.hdds.scm.pipeline.PipelinePlacementPolicy.chooseDatanodes(PipelinePlacementPolicy.java:172)
	at org.apache.hadoop.hdds.scm.pipeline.RatisPipelineProvider.create(RatisPipelineProvider.java:92)
	at org.apache.hadoop.hdds.scm.pipeline.PipelineFactory.create(PipelineFactory.java:57)
	at org.apache.hadoop.hdds.scm.pipeline.SCMPipelineManager.createPipeline(SCMPipelineManager.java:149)
	at org.apache.hadoop.hdds.scm.block.BlockManagerImpl.allocateBlock(BlockManagerImpl.java:190)
	at org.apache.hadoop.hdds.scm.server.SCMBlockProtocolServer.allocateBlock(SCMBlockProtocolServer.java:175)
	at org.apache.hadoop.ozone.protocolPB.ScmBlockLocationProtocolServerSideTranslatorPB.allocateScmBlock(ScmBlockLocationProtocolServerSideTranslatorPB.java:153)
	at org.apache.hadoop.ozone.protocolPB.ScmBlockLocationProtocolServerSideTranslatorPB.send(ScmBlockLocationProtocolServerSideTranslatorPB.java:112)
	at org.apache.hadoop.hdds.protocol.proto.ScmBlockLocationProtocolProtos$ScmBlockLocationProtocolService$2.callBlockingMethod(ScmBlockLocationProtocolProtos.java:13157)
	at org.apache.hadoop.ipc.ProtobufRpcEngine$Server$ProtoBufRpcInvoker.call(ProtobufRpcEngine.java:524)
	at org.apache.hadoop.ipc.RPC$Server.call(RPC.java:1025)
	at org.apache.hadoop.ipc.Server$RpcCall.run(Server.java:876)
	at org.apache.hadoop.ipc.Server$RpcCall.run(Server.java:822)
	at java.security.AccessController.doPrivileged(Native Method)
	at javax.security.auth.Subject.doAs(Subject.java:422)
	at org.apache.hadoop.security.UserGroupInformation.doAs(UserGroupInformation.java:1730)
	at org.apache.hadoop.ipc.Server$Handler.run(Server.java:2682)
2019-09-20 08:52:26,718 [pool-80-thread-4] ERROR freon.RandomKeyGenerator (RandomKeyGenerator.java:createKey(724)) - Exception while adding key: key-0-82497 in bucket: bucket-1-16827 of volume: vol-0-31779.
INTERNAL_ERROR org.apache.hadoop.ozone.om.exceptions.OMException: Allocated 0 blocks. Requested 1 blocks
	at org.apache.hadoop.ozone.om.protocolPB.OzoneManagerProtocolClientSideTranslatorPB.handleError(OzoneManagerProtocolClientSideTranslatorPB.java:725)
	at org.apache.hadoop.ozone.om.protocolPB.OzoneManagerProtocolClientSideTranslatorPB.openKey(OzoneManagerProtocolClientSideTranslatorPB.java:716)
	at org.apache.hadoop.ozone.client.rpc.RpcClient.createKey(RpcClient.java:615)
	at org.apache.hadoop.ozone.client.OzoneBucket.createKey(OzoneBucket.java:323)
	at org.apache.hadoop.ozone.freon.RandomKeyGenerator.createKey(RandomKeyGenerator.java:686)
	at org.apache.hadoop.ozone.freon.RandomKeyGenerator.access$1100(RandomKeyGenerator.java:87)
	at org.apache.hadoop.ozone.freon.RandomKeyGenerator$ObjectCreator.run(RandomKeyGenerator.java:606)
	at java.util.concurrent.Executors$RunnableAdapter.call(Executors.java:511)
	at java.util.concurrent.FutureTask.run(FutureTask.java:266)
	at java.util.concurrent.ThreadPoolExecutor.runWorker(ThreadPoolExecutor.java:1149)
	at java.util.concurrent.ThreadPoolExecutor$Worker.run(ThreadPoolExecutor.java:624)
	at java.lang.Thread.run(Thread.java:748)
2019-09-20 08:52:26,718 [pool-80-thread-3] ERROR freon.RandomKeyGenerator (RandomKeyGenerator.java:createKey(724)) - Exception while adding key: key-0-88704 in bucket: bucket-0-09565 of volume: vol-1-74399.
INTERNAL_ERROR org.apache.hadoop.ozone.om.exceptions.OMException: Allocated 0 blocks. Requested 1 blocks
	at org.apache.hadoop.ozone.om.protocolPB.OzoneManagerProtocolClientSideTranslatorPB.handleError(OzoneManagerProtocolClientSideTranslatorPB.java:725)
	at org.apache.hadoop.ozone.om.protocolPB.OzoneManagerProtocolClientSideTranslatorPB.openKey(OzoneManagerProtocolClientSideTranslatorPB.java:716)
	at org.apache.hadoop.ozone.client.rpc.RpcClient.createKey(RpcClient.java:615)
	at org.apache.hadoop.ozone.client.OzoneBucket.createKey(OzoneBucket.java:323)
	at org.apache.hadoop.ozone.freon.RandomKeyGenerator.createKey(RandomKeyGenerator.java:686)
	at org.apache.hadoop.ozone.freon.RandomKeyGenerator.access$1100(RandomKeyGenerator.java:87)
	at org.apache.hadoop.ozone.freon.RandomKeyGenerator$ObjectCreator.run(RandomKeyGenerator.java:606)
	at java.util.concurrent.Executors$RunnableAdapter.call(Executors.java:511)
	at java.util.concurrent.FutureTask.run(FutureTask.java:266)
	at java.util.concurrent.ThreadPoolExecutor.runWorker(ThreadPoolExecutor.java:1149)
	at java.util.concurrent.ThreadPoolExecutor$Worker.run(ThreadPoolExecutor.java:624)
	at java.lang.Thread.run(Thread.java:748)
2019-09-20 08:52:26,718 [IPC Server handler 0 on 37160] INFO  pipeline.PipelinePlacementPolicy (PipelinePlacementPolicy.java:meetCriteria(91)) - Pipeline Placement: Doesn't meet the criteria to be viable node： 2ddefaab-8349-47ab-a504-e432f9d495c5 Heaviness: 6 limit: 5
2019-09-20 08:52:26,720 [IPC Server handler 0 on 37160] INFO  pipeline.PipelinePlacementPolicy (PipelinePlacementPolicy.java:meetCriteria(91)) - Pipeline Placement: Doesn't meet the criteria to be viable node： b94e02b2-da92-474d-abbd-fccabaa9f79e Heaviness: 6 limit: 5
2019-09-20 08:52:26,720 [IPC Server handler 0 on 37160] INFO  pipeline.PipelinePlacementPolicy (PipelinePlacementPolicy.java:meetCriteria(91)) - Pipeline Placement: Doesn't meet the criteria to be viable node： f6ec089b-5516-4b64-9212-97eb604ab2a5 Heaviness: 6 limit: 5
2019-09-20 08:52:26,720 [IPC Server handler 0 on 37160] INFO  pipeline.PipelinePlacementPolicy (PipelinePlacementPolicy.java:meetCriteria(91)) - Pipeline Placement: Doesn't meet the criteria to be viable node： 3b3ba6e7-bc1c-4c2c-a22e-347ee35d38bc Heaviness: 6 limit: 5
2019-09-20 08:52:26,720 [IPC Server handler 0 on 37160] INFO  pipeline.PipelinePlacementPolicy (PipelinePlacementPolicy.java:meetCriteria(91)) - Pipeline Placement: Doesn't meet the criteria to be viable node： 44c728ea-0f6d-4328-96aa-117f098b9c99 Heaviness: 6 limit: 5
2019-09-20 08:52:26,721 [IPC Server handler 0 on 37160] ERROR pipeline.PipelinePlacementPolicy (PipelinePlacementPolicy.java:filterViableNodes(148)) - Unable to find enough nodes that meet the criteria that cannot engage in more than 5 pipelines. Nodes required: 3 Found: 0, healthy nodes count inNodeManager: 5.
2019-09-20 08:52:26,721 [IPC Server handler 0 on 37160] ERROR pipeline.SCMPipelineManager (SCMPipelineManager.java:createPipeline(161)) - Pipeline creation failed due to exception: Unable to find enough nodes that meet the criteria that cannot engage in more than 5 pipelines. Nodes required: 3 Found: 0, healthy nodes count inNodeManager: 5.
2019-09-20 08:52:26,721 [IPC Server handler 0 on 37160] WARN  block.BlockManagerImpl (BlockManagerImpl.java:allocateBlock(192)) - Pipeline creation failed for type:RATIS factor:THREE. Retrying get pipelines call once.
org.apache.hadoop.hdds.scm.exceptions.SCMException: Unable to find enough nodes that meet the criteria that cannot engage in more than 5 pipelines. Nodes required: 3 Found: 0, healthy nodes count inNodeManager: 5.
	at org.apache.hadoop.hdds.scm.pipeline.PipelinePlacementPolicy.filterViableNodes(PipelinePlacementPolicy.java:149)
	at org.apache.hadoop.hdds.scm.pipeline.PipelinePlacementPolicy.chooseDatanodes(PipelinePlacementPolicy.java:172)
	at org.apache.hadoop.hdds.scm.pipeline.RatisPipelineProvider.create(RatisPipelineProvider.java:92)
	at org.apache.hadoop.hdds.scm.pipeline.PipelineFactory.create(PipelineFactory.java:57)
	at org.apache.hadoop.hdds.scm.pipeline.SCMPipelineManager.createPipeline(SCMPipelineManager.java:149)
	at org.apache.hadoop.hdds.scm.block.BlockManagerImpl.allocateBlock(BlockManagerImpl.java:190)
	at org.apache.hadoop.hdds.scm.server.SCMBlockProtocolServer.allocateBlock(SCMBlockProtocolServer.java:175)
	at org.apache.hadoop.ozone.protocolPB.ScmBlockLocationProtocolServerSideTranslatorPB.allocateScmBlock(ScmBlockLocationProtocolServerSideTranslatorPB.java:153)
	at org.apache.hadoop.ozone.protocolPB.ScmBlockLocationProtocolServerSideTranslatorPB.send(ScmBlockLocationProtocolServerSideTranslatorPB.java:112)
	at org.apache.hadoop.hdds.protocol.proto.ScmBlockLocationProtocolProtos$ScmBlockLocationProtocolService$2.callBlockingMethod(ScmBlockLocationProtocolProtos.java:13157)
	at org.apache.hadoop.ipc.ProtobufRpcEngine$Server$ProtoBufRpcInvoker.call(ProtobufRpcEngine.java:524)
	at org.apache.hadoop.ipc.RPC$Server.call(RPC.java:1025)
	at org.apache.hadoop.ipc.Server$RpcCall.run(Server.java:876)
	at org.apache.hadoop.ipc.Server$RpcCall.run(Server.java:822)
	at java.security.AccessController.doPrivileged(Native Method)
	at javax.security.auth.Subject.doAs(Subject.java:422)
	at org.apache.hadoop.security.UserGroupInformation.doAs(UserGroupInformation.java:1730)
	at org.apache.hadoop.ipc.Server$Handler.run(Server.java:2682)
2019-09-20 08:52:26,721 [IPC Server handler 1 on 37160] INFO  pipeline.PipelinePlacementPolicy (PipelinePlacementPolicy.java:meetCriteria(91)) - Pipeline Placement: Doesn't meet the criteria to be viable node： 2ddefaab-8349-47ab-a504-e432f9d495c5 Heaviness: 6 limit: 5
2019-09-20 08:52:26,722 [IPC Server handler 1 on 37160] INFO  pipeline.PipelinePlacementPolicy (PipelinePlacementPolicy.java:meetCriteria(91)) - Pipeline Placement: Doesn't meet the criteria to be viable node： b94e02b2-da92-474d-abbd-fccabaa9f79e Heaviness: 6 limit: 5
2019-09-20 08:52:26,722 [IPC Server handler 1 on 37160] INFO  pipeline.PipelinePlacementPolicy (PipelinePlacementPolicy.java:meetCriteria(91)) - Pipeline Placement: Doesn't meet the criteria to be viable node： f6ec089b-5516-4b64-9212-97eb604ab2a5 Heaviness: 6 limit: 5
2019-09-20 08:52:26,721 [IPC Server handler 2 on 37160] INFO  block.BlockManagerImpl (BlockManagerImpl.java:allocateBlock(198)) - Could not find available pipeline of type:RATIS and factor:THREE even after retrying
2019-09-20 08:52:26,721 [IPC Server handler 15 on 37160] INFO  block.BlockManagerImpl (BlockManagerImpl.java:allocateBlock(198)) - Could not find available pipeline of type:RATIS and factor:THREE even after retrying
2019-09-20 08:52:26,723 [IPC Server handler 2 on 37160] ERROR block.BlockManagerImpl (BlockManagerImpl.java:allocateBlock(222)) - Unable to allocate a block for the size: 4194304, type: RATIS, factor: THREE
2019-09-20 08:52:26,723 | INFO  | SCMAudit | user=jenkins1000 | ip=192.168.36.79 | op=ALLOCATE_BLOCK {owner=5a3af98b-a9db-4f05-bcae-222a3f2838c6, size=4194304, type=RATIS, factor=THREE} | ret=SUCCESS |  
2019-09-20 08:52:26,722 [IPC Server handler 1 on 37160] INFO  pipeline.PipelinePlacementPolicy (PipelinePlacementPolicy.java:meetCriteria(91)) - Pipeline Placement: Doesn't meet the criteria to be viable node： 3b3ba6e7-bc1c-4c2c-a22e-347ee35d38bc Heaviness: 6 limit: 5
2019-09-20 08:52:26,723 [IPC Server handler 1 on 37160] INFO  pipeline.PipelinePlacementPolicy (PipelinePlacementPolicy.java:meetCriteria(91)) - Pipeline Placement: Doesn't meet the criteria to be viable node： 44c728ea-0f6d-4328-96aa-117f098b9c99 Heaviness: 6 limit: 5
2019-09-20 08:52:26,723 [IPC Server handler 15 on 37160] ERROR block.BlockManagerImpl (BlockManagerImpl.java:allocateBlock(222)) - Unable to allocate a block for the size: 4194304, type: RATIS, factor: THREE
2019-09-20 08:52:26,723 [IPC Server handler 1 on 37160] ERROR pipeline.PipelinePlacementPolicy (PipelinePlacementPolicy.java:filterViableNodes(148)) - Unable to find enough nodes that meet the criteria that cannot engage in more than 5 pipelines. Nodes required: 3 Found: 0, healthy nodes count inNodeManager: 5.
2019-09-20 08:52:26,724 | INFO  | SCMAudit | user=jenkins1000 | ip=192.168.36.79 | op=ALLOCATE_BLOCK {owner=5a3af98b-a9db-4f05-bcae-222a3f2838c6, size=4194304, type=RATIS, factor=THREE} | ret=SUCCESS |  
2019-09-20 08:52:26,724 [IPC Server handler 1 on 37160] ERROR pipeline.SCMPipelineManager (SCMPipelineManager.java:createPipeline(161)) - Pipeline creation failed due to exception: Unable to find enough nodes that meet the criteria that cannot engage in more than 5 pipelines. Nodes required: 3 Found: 0, healthy nodes count inNodeManager: 5.
2019-09-20 08:52:26,724 | ERROR | OMAudit | user=jenkins1000 | ip=127.0.0.1 | op=ALLOCATE_KEY {volume=vol-1-74399, bucket=bucket-2-11836, key=key-0-67782, dataSize=10240, replicationType=RATIS, replicationFactor=THREE, keyLocationInfo=null} | ret=FAILURE | org.apache.hadoop.hdds.scm.exceptions.SCMException: Allocated 0 blocks. Requested 1 blocks
	at org.apache.hadoop.hdds.scm.protocolPB.ScmBlockLocationProtocolClientSideTranslatorPB.handleError(ScmBlockLocationProtocolClientSideTranslatorPB.java:118)
	at org.apache.hadoop.hdds.scm.protocolPB.ScmBlockLocationProtocolClientSideTranslatorPB.allocateBlock(ScmBlockLocationProtocolClientSideTranslatorPB.java:156) 
2019-09-20 08:52:26,724 [IPC Server handler 1 on 37160] WARN  block.BlockManagerImpl (BlockManagerImpl.java:allocateBlock(192)) - Pipeline creation failed for type:RATIS factor:THREE. Retrying get pipelines call once.
org.apache.hadoop.hdds.scm.exceptions.SCMException: Unable to find enough nodes that meet the criteria that cannot engage in more than 5 pipelines. Nodes required: 3 Found: 0, healthy nodes count inNodeManager: 5.
	at org.apache.hadoop.hdds.scm.pipeline.PipelinePlacementPolicy.filterViableNodes(PipelinePlacementPolicy.java:149)
	at org.apache.hadoop.hdds.scm.pipeline.PipelinePlacementPolicy.chooseDatanodes(PipelinePlacementPolicy.java:172)
	at org.apache.hadoop.hdds.scm.pipeline.RatisPipelineProvider.create(RatisPipelineProvider.java:92)
	at org.apache.hadoop.hdds.scm.pipeline.PipelineFactory.create(PipelineFactory.java:57)
	at org.apache.hadoop.hdds.scm.pipeline.SCMPipelineManager.createPipeline(SCMPipelineManager.java:149)
	at org.apache.hadoop.hdds.scm.block.BlockManagerImpl.allocateBlock(BlockManagerImpl.java:190)
	at org.apache.hadoop.hdds.scm.server.SCMBlockProtocolServer.allocateBlock(SCMBlockProtocolServer.java:175)
	at org.apache.hadoop.ozone.protocolPB.ScmBlockLocationProtocolServerSideTranslatorPB.allocateScmBlock(ScmBlockLocationProtocolServerSideTranslatorPB.java:153)
	at org.apache.hadoop.ozone.protocolPB.ScmBlockLocationProtocolServerSideTranslatorPB.send(ScmBlockLocationProtocolServerSideTranslatorPB.java:112)
	at org.apache.hadoop.hdds.protocol.proto.ScmBlockLocationProtocolProtos$ScmBlockLocationProtocolService$2.callBlockingMethod(ScmBlockLocationProtocolProtos.java:13157)
	at org.apache.hadoop.ipc.ProtobufRpcEngine$Server$ProtoBufRpcInvoker.call(ProtobufRpcEngine.java:524)
	at org.apache.hadoop.ipc.RPC$Server.call(RPC.java:1025)
	at org.apache.hadoop.ipc.Server$RpcCall.run(Server.java:876)
	at org.apache.hadoop.ipc.Server$RpcCall.run(Server.java:822)
	at java.security.AccessController.doPrivileged(Native Method)
	at javax.security.auth.Subject.doAs(Subject.java:422)
	at org.apache.hadoop.security.UserGroupInformation.doAs(UserGroupInformation.java:1730)
	at org.apache.hadoop.ipc.Server$Handler.run(Server.java:2682)
2019-09-20 08:52:26,724 [IPC Server handler 0 on 37160] INFO  block.BlockManagerImpl (BlockManagerImpl.java:allocateBlock(198)) - Could not find available pipeline of type:RATIS and factor:THREE even after retrying
2019-09-20 08:52:26,725 [IPC Server handler 1 on 37160] INFO  block.BlockManagerImpl (BlockManagerImpl.java:allocateBlock(198)) - Could not find available pipeline of type:RATIS and factor:THREE even after retrying
2019-09-20 08:52:26,725 | ERROR | OMAudit | user=jenkins1000 | ip=127.0.0.1 | op=ALLOCATE_KEY {volume=vol-0-31779, bucket=bucket-4-59703, key=key-0-15174, dataSize=10240, replicationType=RATIS, replicationFactor=THREE, keyLocationInfo=null} | ret=FAILURE | org.apache.hadoop.hdds.scm.exceptions.SCMException: Allocated 0 blocks. Requested 1 blocks
	at org.apache.hadoop.hdds.scm.protocolPB.ScmBlockLocationProtocolClientSideTranslatorPB.handleError(ScmBlockLocationProtocolClientSideTranslatorPB.java:118)
	at org.apache.hadoop.hdds.scm.protocolPB.ScmBlockLocationProtocolClientSideTranslatorPB.allocateBlock(ScmBlockLocationProtocolClientSideTranslatorPB.java:156) 
2019-09-20 08:52:26,728 [pool-80-thread-6] ERROR freon.RandomKeyGenerator (RandomKeyGenerator.java:createKey(724)) - Exception while adding key: key-0-67782 in bucket: bucket-2-11836 of volume: vol-1-74399.
INTERNAL_ERROR org.apache.hadoop.ozone.om.exceptions.OMException: Allocated 0 blocks. Requested 1 blocks
	at org.apache.hadoop.ozone.om.protocolPB.OzoneManagerProtocolClientSideTranslatorPB.handleError(OzoneManagerProtocolClientSideTranslatorPB.java:725)
	at org.apache.hadoop.ozone.om.protocolPB.OzoneManagerProtocolClientSideTranslatorPB.openKey(OzoneManagerProtocolClientSideTranslatorPB.java:716)
	at org.apache.hadoop.ozone.client.rpc.RpcClient.createKey(RpcClient.java:615)
	at org.apache.hadoop.ozone.client.OzoneBucket.createKey(OzoneBucket.java:323)
	at org.apache.hadoop.ozone.freon.RandomKeyGenerator.createKey(RandomKeyGenerator.java:686)
	at org.apache.hadoop.ozone.freon.RandomKeyGenerator.access$1100(RandomKeyGenerator.java:87)
	at org.apache.hadoop.ozone.freon.RandomKeyGenerator$ObjectCreator.run(RandomKeyGenerator.java:606)
	at java.util.concurrent.Executors$RunnableAdapter.call(Executors.java:511)
	at java.util.concurrent.FutureTask.run(FutureTask.java:266)
	at java.util.concurrent.ThreadPoolExecutor.runWorker(ThreadPoolExecutor.java:1149)
	at java.util.concurrent.ThreadPoolExecutor$Worker.run(ThreadPoolExecutor.java:624)
	at java.lang.Thread.run(Thread.java:748)
2019-09-20 08:52:26,725 [IPC Server handler 0 on 37160] ERROR block.BlockManagerImpl (BlockManagerImpl.java:allocateBlock(222)) - Unable to allocate a block for the size: 4194304, type: RATIS, factor: THREE
2019-09-20 08:52:26,729 | INFO  | SCMAudit | user=jenkins1000 | ip=192.168.36.79 | op=ALLOCATE_BLOCK {owner=5a3af98b-a9db-4f05-bcae-222a3f2838c6, size=4194304, type=RATIS, factor=THREE} | ret=SUCCESS |  
2019-09-20 08:52:26,728 [IPC Server handler 1 on 37160] ERROR block.BlockManagerImpl (BlockManagerImpl.java:allocateBlock(222)) - Unable to allocate a block for the size: 4194304, type: RATIS, factor: THREE
2019-09-20 08:52:26,729 | INFO  | SCMAudit | user=jenkins1000 | ip=192.168.36.79 | op=ALLOCATE_BLOCK {owner=5a3af98b-a9db-4f05-bcae-222a3f2838c6, size=4194304, type=RATIS, factor=THREE} | ret=SUCCESS |  
2019-09-20 08:52:26,729 [pool-80-thread-10] ERROR freon.RandomKeyGenerator (RandomKeyGenerator.java:createKey(724)) - Exception while adding key: key-0-15174 in bucket: bucket-4-59703 of volume: vol-0-31779.
INTERNAL_ERROR org.apache.hadoop.ozone.om.exceptions.OMException: Allocated 0 blocks. Requested 1 blocks
	at org.apache.hadoop.ozone.om.protocolPB.OzoneManagerProtocolClientSideTranslatorPB.handleError(OzoneManagerProtocolClientSideTranslatorPB.java:725)
	at org.apache.hadoop.ozone.om.protocolPB.OzoneManagerProtocolClientSideTranslatorPB.openKey(OzoneManagerProtocolClientSideTranslatorPB.java:716)
	at org.apache.hadoop.ozone.client.rpc.RpcClient.createKey(RpcClient.java:615)
	at org.apache.hadoop.ozone.client.OzoneBucket.createKey(OzoneBucket.java:323)
	at org.apache.hadoop.ozone.freon.RandomKeyGenerator.createKey(RandomKeyGenerator.java:686)
	at org.apache.hadoop.ozone.freon.RandomKeyGenerator.access$1100(RandomKeyGenerator.java:87)
	at org.apache.hadoop.ozone.freon.RandomKeyGenerator$ObjectCreator.run(RandomKeyGenerator.java:606)
	at java.util.concurrent.Executors$RunnableAdapter.call(Executors.java:511)
	at java.util.concurrent.FutureTask.run(FutureTask.java:266)
	at java.util.concurrent.ThreadPoolExecutor.runWorker(ThreadPoolExecutor.java:1149)
	at java.util.concurrent.ThreadPoolExecutor$Worker.run(ThreadPoolExecutor.java:624)
	at java.lang.Thread.run(Thread.java:748)
2019-09-20 08:52:26,730 | ERROR | OMAudit | user=jenkins1000 | ip=127.0.0.1 | op=ALLOCATE_KEY {volume=vol-0-31779, bucket=bucket-3-85854, key=key-0-24752, dataSize=10240, replicationType=RATIS, replicationFactor=THREE, keyLocationInfo=null} | ret=FAILURE | org.apache.hadoop.hdds.scm.exceptions.SCMException: Allocated 0 blocks. Requested 1 blocks
	at org.apache.hadoop.hdds.scm.protocolPB.ScmBlockLocationProtocolClientSideTranslatorPB.handleError(ScmBlockLocationProtocolClientSideTranslatorPB.java:118)
	at org.apache.hadoop.hdds.scm.protocolPB.ScmBlockLocationProtocolClientSideTranslatorPB.allocateBlock(ScmBlockLocationProtocolClientSideTranslatorPB.java:156) 
2019-09-20 08:52:26,732 | ERROR | OMAudit | user=jenkins1000 | ip=127.0.0.1 | op=ALLOCATE_KEY {volume=vol-1-74399, bucket=bucket-3-43977, key=key-0-68613, dataSize=10240, replicationType=RATIS, replicationFactor=THREE, keyLocationInfo=null} | ret=FAILURE | org.apache.hadoop.hdds.scm.exceptions.SCMException: Allocated 0 blocks. Requested 1 blocks
	at org.apache.hadoop.hdds.scm.protocolPB.ScmBlockLocationProtocolClientSideTranslatorPB.handleError(ScmBlockLocationProtocolClientSideTranslatorPB.java:118)
	at org.apache.hadoop.hdds.scm.protocolPB.ScmBlockLocationProtocolClientSideTranslatorPB.allocateBlock(ScmBlockLocationProtocolClientSideTranslatorPB.java:156) 
2019-09-20 08:52:26,733 [pool-80-thread-8] ERROR freon.RandomKeyGenerator (RandomKeyGenerator.java:createKey(724)) - Exception while adding key: key-0-24752 in bucket: bucket-3-85854 of volume: vol-0-31779.
INTERNAL_ERROR org.apache.hadoop.ozone.om.exceptions.OMException: Allocated 0 blocks. Requested 1 blocks
	at org.apache.hadoop.ozone.om.protocolPB.OzoneManagerProtocolClientSideTranslatorPB.handleError(OzoneManagerProtocolClientSideTranslatorPB.java:725)
	at org.apache.hadoop.ozone.om.protocolPB.OzoneManagerProtocolClientSideTranslatorPB.openKey(OzoneManagerProtocolClientSideTranslatorPB.java:716)
	at org.apache.hadoop.ozone.client.rpc.RpcClient.createKey(RpcClient.java:615)
	at org.apache.hadoop.ozone.client.OzoneBucket.createKey(OzoneBucket.java:323)
	at org.apache.hadoop.ozone.freon.RandomKeyGenerator.createKey(RandomKeyGenerator.java:686)
	at org.apache.hadoop.ozone.freon.RandomKeyGenerator.access$1100(RandomKeyGenerator.java:87)
	at org.apache.hadoop.ozone.freon.RandomKeyGenerator$ObjectCreator.run(RandomKeyGenerator.java:606)
	at java.util.concurrent.Executors$RunnableAdapter.call(Executors.java:511)
	at java.util.concurrent.FutureTask.run(FutureTask.java:266)
	at java.util.concurrent.ThreadPoolExecutor.runWorker(ThreadPoolExecutor.java:1149)
	at java.util.concurrent.ThreadPoolExecutor$Worker.run(ThreadPoolExecutor.java:624)
	at java.lang.Thread.run(Thread.java:748)
2019-09-20 08:52:26,733 [pool-80-thread-9] ERROR freon.RandomKeyGenerator (RandomKeyGenerator.java:createKey(724)) - Exception while adding key: key-0-68613 in bucket: bucket-3-43977 of volume: vol-1-74399.
INTERNAL_ERROR org.apache.hadoop.ozone.om.exceptions.OMException: Allocated 0 blocks. Requested 1 blocks
	at org.apache.hadoop.ozone.om.protocolPB.OzoneManagerProtocolClientSideTranslatorPB.handleError(OzoneManagerProtocolClientSideTranslatorPB.java:725)
	at org.apache.hadoop.ozone.om.protocolPB.OzoneManagerProtocolClientSideTranslatorPB.openKey(OzoneManagerProtocolClientSideTranslatorPB.java:716)
	at org.apache.hadoop.ozone.client.rpc.RpcClient.createKey(RpcClient.java:615)
	at org.apache.hadoop.ozone.client.OzoneBucket.createKey(OzoneBucket.java:323)
	at org.apache.hadoop.ozone.freon.RandomKeyGenerator.createKey(RandomKeyGenerator.java:686)
	at org.apache.hadoop.ozone.freon.RandomKeyGenerator.access$1100(RandomKeyGenerator.java:87)
	at org.apache.hadoop.ozone.freon.RandomKeyGenerator$ObjectCreator.run(RandomKeyGenerator.java:606)
	at java.util.concurrent.Executors$RunnableAdapter.call(Executors.java:511)
	at java.util.concurrent.FutureTask.run(FutureTask.java:266)
	at java.util.concurrent.ThreadPoolExecutor.runWorker(ThreadPoolExecutor.java:1149)
	at java.util.concurrent.ThreadPoolExecutor$Worker.run(ThreadPoolExecutor.java:624)
	at java.lang.Thread.run(Thread.java:748)
2019-09-20 08:52:26,906 | INFO  | SCMAudit | user=jenkins1000 | ip=192.168.36.79 | op=SEND_HEARTBEAT {datanodeUUID=3b3ba6e7-bc1c-4c2c-a22e-347ee35d38bc, command=[]} | ret=SUCCESS |  
2019-09-20 08:52:26,975 | INFO  | SCMAudit | user=jenkins1000 | ip=192.168.36.79 | op=SEND_HEARTBEAT {datanodeUUID=f6ec089b-5516-4b64-9212-97eb604ab2a5, command=[]} | ret=SUCCESS |  
2019-09-20 08:52:27,031 | INFO  | SCMAudit | user=jenkins1000 | ip=192.168.36.79 | op=SEND_HEARTBEAT {datanodeUUID=2ddefaab-8349-47ab-a504-e432f9d495c5, command=[]} | ret=SUCCESS |  
2019-09-20 08:52:27,185 | INFO  | SCMAudit | user=jenkins1000 | ip=192.168.36.79 | op=SEND_HEARTBEAT {datanodeUUID=b94e02b2-da92-474d-abbd-fccabaa9f79e, command=[]} | ret=SUCCESS |  
2019-09-20 08:52:27,445 | INFO  | SCMAudit | user=jenkins1000 | ip=192.168.36.79 | op=SEND_HEARTBEAT {datanodeUUID=44c728ea-0f6d-4328-96aa-117f098b9c99, command=[]} | ret=SUCCESS |  
 0.00% |█                                                                                                    |  0/100 Time: 0:00:012019-09-20 08:52:27,907 | INFO  | SCMAudit | user=jenkins1000 | ip=192.168.36.79 | op=SEND_HEARTBEAT {datanodeUUID=3b3ba6e7-bc1c-4c2c-a22e-347ee35d38bc, command=[]} | ret=SUCCESS |  
2019-09-20 08:52:27,977 | INFO  | SCMAudit | user=jenkins1000 | ip=192.168.36.79 | op=SEND_HEARTBEAT {datanodeUUID=f6ec089b-5516-4b64-9212-97eb604ab2a5, command=[]} | ret=SUCCESS |  
2019-09-20 08:52:28,031 | INFO  | SCMAudit | user=jenkins1000 | ip=192.168.36.79 | op=SEND_HEARTBEAT {datanodeUUID=2ddefaab-8349-47ab-a504-e432f9d495c5, command=[]} | ret=SUCCESS |  
2019-09-20 08:52:28,185 | INFO  | SCMAudit | user=jenkins1000 | ip=192.168.36.79 | op=SEND_HEARTBEAT {datanodeUUID=b94e02b2-da92-474d-abbd-fccabaa9f79e, command=[]} | ret=SUCCESS |  
2019-09-20 08:52:28,446 | INFO  | SCMAudit | user=jenkins1000 | ip=192.168.36.79 | op=SEND_HEARTBEAT {datanodeUUID=44c728ea-0f6d-4328-96aa-117f098b9c99, command=[]} | ret=SUCCESS |  
 0.00% |█                                                                                                    |  0/100 Time: 0:00:022019-09-20 08:52:28,906 | INFO  | SCMAudit | user=jenkins1000 | ip=192.168.36.79 | op=SEND_HEARTBEAT {datanodeUUID=3b3ba6e7-bc1c-4c2c-a22e-347ee35d38bc, command=[]} | ret=SUCCESS |  
2019-09-20 08:52:28,976 | INFO  | SCMAudit | user=jenkins1000 | ip=192.168.36.79 | op=SEND_HEARTBEAT {datanodeUUID=f6ec089b-5516-4b64-9212-97eb604ab2a5, command=[]} | ret=SUCCESS |  
2019-09-20 08:52:29,032 | INFO  | SCMAudit | user=jenkins1000 | ip=192.168.36.79 | op=SEND_HEARTBEAT {datanodeUUID=2ddefaab-8349-47ab-a504-e432f9d495c5, command=[]} | ret=SUCCESS |  
2019-09-20 08:52:29,186 | INFO  | SCMAudit | user=jenkins1000 | ip=192.168.36.79 | op=SEND_HEARTBEAT {datanodeUUID=b94e02b2-da92-474d-abbd-fccabaa9f79e, command=[]} | ret=SUCCESS |  
2019-09-20 08:52:29,445 | INFO  | SCMAudit | user=jenkins1000 | ip=192.168.36.79 | op=SEND_HEARTBEAT {datanodeUUID=44c728ea-0f6d-4328-96aa-117f098b9c99, command=[]} | ret=SUCCESS |  
 0.00% |█                                                                                                    |  0/100 Time: 0:00:032019-09-20 08:52:29,907 | INFO  | SCMAudit | user=jenkins1000 | ip=192.168.36.79 | op=SEND_HEARTBEAT {datanodeUUID=3b3ba6e7-bc1c-4c2c-a22e-347ee35d38bc, command=[]} | ret=SUCCESS |  
2019-09-20 08:52:29,976 | INFO  | SCMAudit | user=jenkins1000 | ip=192.168.36.79 | op=SEND_HEARTBEAT {datanodeUUID=f6ec089b-5516-4b64-9212-97eb604ab2a5, command=[]} | ret=SUCCESS |  
2019-09-20 08:52:30,031 | INFO  | SCMAudit | user=jenkins1000 | ip=192.168.36.79 | op=SEND_HEARTBEAT {datanodeUUID=2ddefaab-8349-47ab-a504-e432f9d495c5, command=[]} | ret=SUCCESS |  
2019-09-20 08:52:30,187 | INFO  | SCMAudit | user=jenkins1000 | ip=192.168.36.79 | op=SEND_HEARTBEAT {datanodeUUID=b94e02b2-da92-474d-abbd-fccabaa9f79e, command=[]} | ret=SUCCESS |  
2019-09-20 08:52:30,446 | INFO  | SCMAudit | user=jenkins1000 | ip=192.168.36.79 | op=SEND_HEARTBEAT {datanodeUUID=44c728ea-0f6d-4328-96aa-117f098b9c99, command=[]} | ret=SUCCESS |  
 0.00% |█                                                                                                    |  0/100 Time: 0:00:042019-09-20 08:52:30,907 | INFO  | SCMAudit | user=jenkins1000 | ip=192.168.36.79 | op=SEND_HEARTBEAT {datanodeUUID=3b3ba6e7-bc1c-4c2c-a22e-347ee35d38bc, command=[]} | ret=SUCCESS |  
2019-09-20 08:52:30,977 | INFO  | SCMAudit | user=jenkins1000 | ip=192.168.36.79 | op=SEND_HEARTBEAT {datanodeUUID=f6ec089b-5516-4b64-9212-97eb604ab2a5, command=[]} | ret=SUCCESS |  
2019-09-20 08:52:31,031 | INFO  | SCMAudit | user=jenkins1000 | ip=192.168.36.79 | op=SEND_HEARTBEAT {datanodeUUID=2ddefaab-8349-47ab-a504-e432f9d495c5, command=[]} | ret=SUCCESS |  
2019-09-20 08:52:31,186 | INFO  | SCMAudit | user=jenkins1000 | ip=192.168.36.79 | op=SEND_HEARTBEAT {datanodeUUID=b94e02b2-da92-474d-abbd-fccabaa9f79e, command=[]} | ret=SUCCESS |  
2019-09-20 08:52:31,446 | INFO  | SCMAudit | user=jenkins1000 | ip=192.168.36.79 | op=SEND_HEARTBEAT {datanodeUUID=44c728ea-0f6d-4328-96aa-117f098b9c99, command=[]} | ret=SUCCESS |  
 100.00% |█████████████████████████████████████████████████████████████████████████████████████████████████████|  100/100 Time: 0:00:05
2019-09-20 08:52:31,906 | INFO  | SCMAudit | user=jenkins1000 | ip=192.168.36.79 | op=SEND_HEARTBEAT {datanodeUUID=3b3ba6e7-bc1c-4c2c-a22e-347ee35d38bc, command=[]} | ret=SUCCESS |  
2019-09-20 08:52:31,977 | INFO  | SCMAudit | user=jenkins1000 | ip=192.168.36.79 | op=SEND_HEARTBEAT {datanodeUUID=f6ec089b-5516-4b64-9212-97eb604ab2a5, command=[]} | ret=SUCCESS |  
2019-09-20 08:52:32,031 | INFO  | SCMAudit | user=jenkins1000 | ip=192.168.36.79 | op=SEND_HEARTBEAT {datanodeUUID=2ddefaab-8349-47ab-a504-e432f9d495c5, command=[]} | ret=SUCCESS |  
2019-09-20 08:52:32,187 | INFO  | SCMAudit | user=jenkins1000 | ip=192.168.36.79 | op=SEND_HEARTBEAT {datanodeUUID=b94e02b2-da92-474d-abbd-fccabaa9f79e, command=[]} | ret=SUCCESS |  
2019-09-20 08:52:32,445 | INFO  | SCMAudit | user=jenkins1000 | ip=192.168.36.79 | op=SEND_HEARTBEAT {datanodeUUID=44c728ea-0f6d-4328-96aa-117f098b9c99, command=[]} | ret=SUCCESS |  
2019-09-20 08:52:32,906 | INFO  | SCMAudit | user=jenkins1000 | ip=192.168.36.79 | op=SEND_HEARTBEAT {datanodeUUID=3b3ba6e7-bc1c-4c2c-a22e-347ee35d38bc, command=[]} | ret=SUCCESS |  
2019-09-20 08:52:32,977 | INFO  | SCMAudit | user=jenkins1000 | ip=192.168.36.79 | op=SEND_HEARTBEAT {datanodeUUID=f6ec089b-5516-4b64-9212-97eb604ab2a5, command=[]} | ret=SUCCESS |  
2019-09-20 08:52:33,032 | INFO  | SCMAudit | user=jenkins1000 | ip=192.168.36.79 | op=SEND_HEARTBEAT {datanodeUUID=2ddefaab-8349-47ab-a504-e432f9d495c5, command=[]} | ret=SUCCESS |  
2019-09-20 08:52:33,186 | INFO  | SCMAudit | user=jenkins1000 | ip=192.168.36.79 | op=SEND_HEARTBEAT {datanodeUUID=b94e02b2-da92-474d-abbd-fccabaa9f79e, command=[]} | ret=SUCCESS |  
2019-09-20 08:52:33,446 | INFO  | SCMAudit | user=jenkins1000 | ip=192.168.36.79 | op=SEND_HEARTBEAT {datanodeUUID=44c728ea-0f6d-4328-96aa-117f098b9c99, command=[]} | ret=SUCCESS |  
2019-09-20 08:52:33,907 | INFO  | SCMAudit | user=jenkins1000 | ip=192.168.36.79 | op=SEND_HEARTBEAT {datanodeUUID=3b3ba6e7-bc1c-4c2c-a22e-347ee35d38bc, command=[]} | ret=SUCCESS |  
2019-09-20 08:52:33,976 | INFO  | SCMAudit | user=jenkins1000 | ip=192.168.36.79 | op=SEND_HEARTBEAT {datanodeUUID=f6ec089b-5516-4b64-9212-97eb604ab2a5, command=[]} | ret=SUCCESS |  
2019-09-20 08:52:34,032 | INFO  | SCMAudit | user=jenkins1000 | ip=192.168.36.79 | op=SEND_HEARTBEAT {datanodeUUID=2ddefaab-8349-47ab-a504-e432f9d495c5, command=[]} | ret=SUCCESS |  
2019-09-20 08:52:34,186 | INFO  | SCMAudit | user=jenkins1000 | ip=192.168.36.79 | op=SEND_HEARTBEAT {datanodeUUID=b94e02b2-da92-474d-abbd-fccabaa9f79e, command=[]} | ret=SUCCESS |  
2019-09-20 08:52:34,449 | INFO  | SCMAudit | user=jenkins1000 | ip=192.168.36.79 | op=SEND_HEARTBEAT {datanodeUUID=44c728ea-0f6d-4328-96aa-117f098b9c99, command=[]} | ret=SUCCESS |  
2019-09-20 08:52:34,906 | INFO  | SCMAudit | user=jenkins1000 | ip=192.168.36.79 | op=SEND_HEARTBEAT {datanodeUUID=3b3ba6e7-bc1c-4c2c-a22e-347ee35d38bc, command=[]} | ret=SUCCESS |  
2019-09-20 08:52:34,977 | INFO  | SCMAudit | user=jenkins1000 | ip=192.168.36.79 | op=SEND_HEARTBEAT {datanodeUUID=f6ec089b-5516-4b64-9212-97eb604ab2a5, command=[]} | ret=SUCCESS |  
2019-09-20 08:52:35,032 | INFO  | SCMAudit | user=jenkins1000 | ip=192.168.36.79 | op=SEND_HEARTBEAT {datanodeUUID=2ddefaab-8349-47ab-a504-e432f9d495c5, command=[]} | ret=SUCCESS |  
2019-09-20 08:52:35,186 | INFO  | SCMAudit | user=jenkins1000 | ip=192.168.36.79 | op=SEND_HEARTBEAT {datanodeUUID=b94e02b2-da92-474d-abbd-fccabaa9f79e, command=[]} | ret=SUCCESS |  
2019-09-20 08:52:35,456 | INFO  | SCMAudit | user=jenkins1000 | ip=192.168.36.79 | op=SEND_HEARTBEAT {datanodeUUID=44c728ea-0f6d-4328-96aa-117f098b9c99, command=[]} | ret=SUCCESS |  
2019-09-20 08:52:35,907 | INFO  | SCMAudit | user=jenkins1000 | ip=192.168.36.79 | op=SEND_HEARTBEAT {datanodeUUID=3b3ba6e7-bc1c-4c2c-a22e-347ee35d38bc, command=[]} | ret=SUCCESS |  
2019-09-20 08:52:35,978 | INFO  | SCMAudit | user=jenkins1000 | ip=192.168.36.79 | op=SEND_HEARTBEAT {datanodeUUID=f6ec089b-5516-4b64-9212-97eb604ab2a5, command=[]} | ret=SUCCESS |  
2019-09-20 08:52:36,032 | INFO  | SCMAudit | user=jenkins1000 | ip=192.168.36.79 | op=SEND_HEARTBEAT {datanodeUUID=2ddefaab-8349-47ab-a504-e432f9d495c5, command=[]} | ret=SUCCESS |  
2019-09-20 08:52:36,187 | INFO  | SCMAudit | user=jenkins1000 | ip=192.168.36.79 | op=SEND_HEARTBEAT {datanodeUUID=b94e02b2-da92-474d-abbd-fccabaa9f79e, command=[]} | ret=SUCCESS |  
2019-09-20 08:52:36,456 | INFO  | SCMAudit | user=jenkins1000 | ip=192.168.36.79 | op=SEND_HEARTBEAT {datanodeUUID=44c728ea-0f6d-4328-96aa-117f098b9c99, command=[]} | ret=SUCCESS |  
]]></system-out>
  </testcase>
</testsuite>