<?xml version="1.0" encoding="UTF-8"?>
<testsuite xmlns:xsi="http://www.w3.org/2001/XMLSchema-instance" xsi:noNamespaceSchemaLocation="https://maven.apache.org/surefire/maven-surefire-plugin/xsd/surefire-test-report.xsd" name="org.apache.hadoop.ozone.freon.TestDataValidateWithUnsafeByteOperations" time="59.657" tests="3" errors="3" skipped="0" failures="0">
  <properties>
    <property name="awt.toolkit" value="sun.awt.X11.XToolkit"/>
    <property name="file.encoding.pkg" value="sun.io"/>
    <property name="java.specification.version" value="1.8"/>
    <property name="sun.cpu.isalist" value=""/>
    <property name="sun.jnu.encoding" value="UTF-8"/>
    <property name="java.class.path" value="/workdir/hadoop-ozone/tools/target/test-classes:/workdir/hadoop-ozone/tools/target/classes:/home/user/.m2/repository/org/apache/hadoop/hadoop-ozone-ozone-manager/0.5.0-SNAPSHOT/hadoop-ozone-ozone-manager-0.5.0-SNAPSHOT.jar:/home/user/.m2/repository/org/apache/hadoop/hadoop-hdds-docs/0.5.0-SNAPSHOT/hadoop-hdds-docs-0.5.0-SNAPSHOT.jar:/home/user/.m2/repository/org/bouncycastle/bcprov-jdk15on/1.60/bcprov-jdk15on-1.60.jar:/home/user/.m2/repository/org/apache/hadoop/hadoop-ozone-common/0.5.0-SNAPSHOT/hadoop-ozone-common-0.5.0-SNAPSHOT.jar:/home/user/.m2/repository/org/apache/commons/commons-compress/1.4.1/commons-compress-1.4.1.jar:/home/user/.m2/repository/org/tukaani/xz/1.0/xz-1.0.jar:/home/user/.m2/repository/org/apache/hadoop/hadoop-hdfs-client/3.2.0/hadoop-hdfs-client-3.2.0.jar:/home/user/.m2/repository/com/fasterxml/jackson/core/jackson-annotations/2.9.5/jackson-annotations-2.9.5.jar:/home/user/.m2/repository/org/apache/hadoop/hadoop-hdds-common/0.5.0-SNAPSHOT/hadoop-hdds-common-0.5.0-SNAPSHOT.jar:/home/user/.m2/repository/org/apache/hadoop/hadoop-hdds-config/0.5.0-SNAPSHOT/hadoop-hdds-config-0.5.0-SNAPSHOT.jar:/home/user/.m2/repository/javax/annotation/javax.annotation-api/1.2/javax.annotation-api-1.2.jar:/home/user/.m2/repository/org/apache/ratis/ratis-server/0.4.0-2337318-SNAPSHOT/ratis-server-0.4.0-2337318-SNAPSHOT.jar:/home/user/.m2/repository/org/apache/ratis/ratis-thirdparty-misc/0.2.0/ratis-thirdparty-misc-0.2.0.jar:/home/user/.m2/repository/org/apache/ratis/ratis-proto/0.4.0-2337318-SNAPSHOT/ratis-proto-0.4.0-2337318-SNAPSHOT.jar:/home/user/.m2/repository/org/apache/ratis/ratis-common/0.4.0-2337318-SNAPSHOT/ratis-common-0.4.0-2337318-SNAPSHOT.jar:/home/user/.m2/repository/org/apache/ratis/ratis-client/0.4.0-2337318-SNAPSHOT/ratis-client-0.4.0-2337318-SNAPSHOT.jar:/home/user/.m2/repository/org/apache/ratis/ratis-metrics/0.4.0-2337318-SNAPSHOT/ratis-metrics-0.4.0-2337318-SNAPSHOT.jar:/home/user/.m2/repository/org/apache/ratis/ratis-netty/0.4.0-2337318-SNAPSHOT/ratis-netty-0.4.0-2337318-SNAPSHOT.jar:/home/user/.m2/repository/org/apache/ratis/ratis-grpc/0.4.0-2337318-SNAPSHOT/ratis-grpc-0.4.0-2337318-SNAPSHOT.jar:/home/user/.m2/repository/org/rocksdb/rocksdbjni/6.0.1/rocksdbjni-6.0.1.jar:/home/user/.m2/repository/org/apache/logging/log4j/log4j-api/2.11.0/log4j-api-2.11.0.jar:/home/user/.m2/repository/org/apache/logging/log4j/log4j-core/2.11.0/log4j-core-2.11.0.jar:/home/user/.m2/repository/com/lmax/disruptor/3.4.2/disruptor-3.4.2.jar:/home/user/.m2/repository/org/apache/commons/commons-pool2/2.6.0/commons-pool2-2.6.0.jar:/home/user/.m2/repository/org/bouncycastle/bcpkix-jdk15on/1.60/bcpkix-jdk15on-1.60.jar:/home/user/.m2/repository/commons-validator/commons-validator/1.6/commons-validator-1.6.jar:/home/user/.m2/repository/commons-digester/commons-digester/1.8.1/commons-digester-1.8.1.jar:/home/user/.m2/repository/io/jaegertracing/jaeger-client/0.33.1/jaeger-client-0.33.1.jar:/home/user/.m2/repository/io/jaegertracing/jaeger-thrift/0.33.1/jaeger-thrift-0.33.1.jar:/home/user/.m2/repository/org/apache/thrift/libthrift/0.11.0/libthrift-0.11.0.jar:/home/user/.m2/repository/com/squareup/okhttp3/okhttp/3.9.0/okhttp-3.9.0.jar:/home/user/.m2/repository/com/squareup/okio/okio/1.13.0/okio-1.13.0.jar:/home/user/.m2/repository/io/jaegertracing/jaeger-core/0.33.1/jaeger-core-0.33.1.jar:/home/user/.m2/repository/io/jaegertracing/jaeger-tracerresolver/0.33.1/jaeger-tracerresolver-0.33.1.jar:/home/user/.m2/repository/io/opentracing/contrib/opentracing-tracerresolver/0.1.5/opentracing-tracerresolver-0.1.5.jar:/home/user/.m2/repository/io/opentracing/opentracing-util/0.31.0/opentracing-util-0.31.0.jar:/home/user/.m2/repository/io/opentracing/opentracing-api/0.31.0/opentracing-api-0.31.0.jar:/home/user/.m2/repository/io/opentracing/opentracing-noop/0.31.0/opentracing-noop-0.31.0.jar:/home/user/.m2/repository/org/yaml/snakeyaml/1.16/snakeyaml-1.16.jar:/home/user/.m2/repository/org/apache/hadoop/hadoop-hdds-container-service/0.5.0-SNAPSHOT/hadoop-hdds-container-service-0.5.0-SNAPSHOT.jar:/home/user/.m2/repository/org/apache/hadoop/hadoop-hdds-client/0.5.0-SNAPSHOT/hadoop-hdds-client-0.5.0-SNAPSHOT.jar:/home/user/.m2/repository/org/apache/hadoop/hadoop-hdds-tools/0.5.0-SNAPSHOT/hadoop-hdds-tools-0.5.0-SNAPSHOT.jar:/home/user/.m2/repository/org/xerial/sqlite-jdbc/3.25.2/sqlite-jdbc-3.25.2.jar:/home/user/.m2/repository/org/apache/hadoop/hadoop-hdds-server-scm/0.5.0-SNAPSHOT/hadoop-hdds-server-scm-0.5.0-SNAPSHOT.jar:/home/user/.m2/repository/org/hamcrest/hamcrest-all/1.3/hamcrest-all-1.3.jar:/home/user/.m2/repository/info/picocli/picocli/3.9.6/picocli-3.9.6.jar:/home/user/.m2/repository/com/google/protobuf/protobuf-java/2.5.0/protobuf-java-2.5.0.jar:/home/user/.m2/repository/com/google/guava/guava/11.0.2/guava-11.0.2.jar:/home/user/.m2/repository/org/apache/hadoop/hadoop-ozone-client/0.5.0-SNAPSHOT/hadoop-ozone-client-0.5.0-SNAPSHOT.jar:/workdir/hadoop-ozone/ozonefs/target/classes:/home/user/.m2/repository/org/apache/hadoop/hadoop-hdds-server-framework/0.5.0-SNAPSHOT/hadoop-hdds-server-framework-0.5.0-SNAPSHOT.jar:/home/user/.m2/repository/org/apache/hadoop/hadoop-common/3.2.0/hadoop-common-3.2.0.jar:/home/user/.m2/repository/org/apache/hadoop/hadoop-annotations/3.2.0/hadoop-annotations-3.2.0.jar:/usr/lib/jvm/java-1.8-openjdk/jre/../lib/tools.jar:/home/user/.m2/repository/commons-cli/commons-cli/1.2/commons-cli-1.2.jar:/home/user/.m2/repository/org/apache/commons/commons-math3/3.1.1/commons-math3-3.1.1.jar:/home/user/.m2/repository/org/apache/httpcomponents/httpclient/4.5.2/httpclient-4.5.2.jar:/home/user/.m2/repository/org/apache/httpcomponents/httpcore/4.4.4/httpcore-4.4.4.jar:/home/user/.m2/repository/commons-codec/commons-codec/1.11/commons-codec-1.11.jar:/home/user/.m2/repository/commons-io/commons-io/2.5/commons-io-2.5.jar:/home/user/.m2/repository/commons-net/commons-net/3.6/commons-net-3.6.jar:/home/user/.m2/repository/commons-collections/commons-collections/3.2.2/commons-collections-3.2.2.jar:/home/user/.m2/repository/javax/servlet/javax.servlet-api/3.1.0/javax.servlet-api-3.1.0.jar:/home/user/.m2/repository/org/eclipse/jetty/jetty-server/9.3.24.v20180605/jetty-server-9.3.24.v20180605.jar:/home/user/.m2/repository/org/eclipse/jetty/jetty-http/9.3.24.v20180605/jetty-http-9.3.24.v20180605.jar:/home/user/.m2/repository/org/eclipse/jetty/jetty-io/9.3.24.v20180605/jetty-io-9.3.24.v20180605.jar:/home/user/.m2/repository/org/eclipse/jetty/jetty-util/9.3.24.v20180605/jetty-util-9.3.24.v20180605.jar:/home/user/.m2/repository/org/eclipse/jetty/jetty-servlet/9.3.24.v20180605/jetty-servlet-9.3.24.v20180605.jar:/home/user/.m2/repository/org/eclipse/jetty/jetty-security/9.3.24.v20180605/jetty-security-9.3.24.v20180605.jar:/home/user/.m2/repository/org/eclipse/jetty/jetty-webapp/9.3.24.v20180605/jetty-webapp-9.3.24.v20180605.jar:/home/user/.m2/repository/org/eclipse/jetty/jetty-xml/9.3.24.v20180605/jetty-xml-9.3.24.v20180605.jar:/home/user/.m2/repository/javax/servlet/jsp/jsp-api/2.1/jsp-api-2.1.jar:/home/user/.m2/repository/com/sun/jersey/jersey-core/1.19/jersey-core-1.19.jar:/home/user/.m2/repository/javax/ws/rs/jsr311-api/1.1.1/jsr311-api-1.1.1.jar:/home/user/.m2/repository/com/sun/jersey/jersey-servlet/1.19/jersey-servlet-1.19.jar:/home/user/.m2/repository/com/sun/jersey/jersey-json/1.19/jersey-json-1.19.jar:/home/user/.m2/repository/org/codehaus/jettison/jettison/1.1/jettison-1.1.jar:/home/user/.m2/repository/com/sun/xml/bind/jaxb-impl/2.3.0.1/jaxb-impl-2.3.0.1.jar:/home/user/.m2/repository/org/codehaus/jackson/jackson-core-asl/1.9.13/jackson-core-asl-1.9.13.jar:/home/user/.m2/repository/org/codehaus/jackson/jackson-mapper-asl/1.9.13/jackson-mapper-asl-1.9.13.jar:/home/user/.m2/repository/org/codehaus/jackson/jackson-jaxrs/1.9.13/jackson-jaxrs-1.9.13.jar:/home/user/.m2/repository/org/codehaus/jackson/jackson-xc/1.9.13/jackson-xc-1.9.13.jar:/home/user/.m2/repository/com/sun/jersey/jersey-server/1.19/jersey-server-1.19.jar:/home/user/.m2/repository/commons-logging/commons-logging/1.1.3/commons-logging-1.1.3.jar:/home/user/.m2/repository/log4j/log4j/1.2.17/log4j-1.2.17.jar:/home/user/.m2/repository/commons-beanutils/commons-beanutils/1.9.3/commons-beanutils-1.9.3.jar:/home/user/.m2/repository/org/apache/commons/commons-configuration2/2.1.1/commons-configuration2-2.1.1.jar:/home/user/.m2/repository/org/apache/commons/commons-lang3/3.7/commons-lang3-3.7.jar:/home/user/.m2/repository/org/apache/commons/commons-text/1.4/commons-text-1.4.jar:/home/user/.m2/repository/org/slf4j/slf4j-api/1.7.25/slf4j-api-1.7.25.jar:/home/user/.m2/repository/org/slf4j/slf4j-log4j12/1.7.25/slf4j-log4j12-1.7.25.jar:/home/user/.m2/repository/org/apache/avro/avro/1.7.7/avro-1.7.7.jar:/home/user/.m2/repository/com/thoughtworks/paranamer/paranamer/2.3/paranamer-2.3.jar:/home/user/.m2/repository/org/xerial/snappy/snappy-java/1.0.5/snappy-java-1.0.5.jar:/home/user/.m2/repository/com/google/re2j/re2j/1.1/re2j-1.1.jar:/home/user/.m2/repository/com/google/code/gson/gson/2.2.4/gson-2.2.4.jar:/home/user/.m2/repository/org/apache/hadoop/hadoop-auth/3.2.0/hadoop-auth-3.2.0.jar:/home/user/.m2/repository/com/nimbusds/nimbus-jose-jwt/4.41.1/nimbus-jose-jwt-4.41.1.jar:/home/user/.m2/repository/com/github/stephenc/jcip/jcip-annotations/1.0-1/jcip-annotations-1.0-1.jar:/home/user/.m2/repository/net/minidev/json-smart/2.3/json-smart-2.3.jar:/home/user/.m2/repository/net/minidev/accessors-smart/1.2/accessors-smart-1.2.jar:/home/user/.m2/repository/org/apache/curator/curator-framework/2.12.0/curator-framework-2.12.0.jar:/home/user/.m2/repository/com/jcraft/jsch/0.1.54/jsch-0.1.54.jar:/home/user/.m2/repository/org/apache/curator/curator-client/2.12.0/curator-client-2.12.0.jar:/home/user/.m2/repository/org/apache/curator/curator-recipes/2.12.0/curator-recipes-2.12.0.jar:/home/user/.m2/repository/com/google/code/findbugs/jsr305/3.0.0/jsr305-3.0.0.jar:/home/user/.m2/repository/org/apache/htrace/htrace-core4/4.1.0-incubating/htrace-core4-4.1.0-incubating.jar:/home/user/.m2/repository/org/apache/zookeeper/zookeeper/3.4.13/zookeeper-3.4.13.jar:/home/user/.m2/repository/org/apache/yetus/audience-annotations/0.5.0/audience-annotations-0.5.0.jar:/home/user/.m2/repository/org/apache/kerby/kerb-simplekdc/1.0.1/kerb-simplekdc-1.0.1.jar:/home/user/.m2/repository/org/apache/kerby/kerb-client/1.0.1/kerb-client-1.0.1.jar:/home/user/.m2/repository/org/apache/kerby/kerby-config/1.0.1/kerby-config-1.0.1.jar:/home/user/.m2/repository/org/apache/kerby/kerb-core/1.0.1/kerb-core-1.0.1.jar:/home/user/.m2/repository/org/apache/kerby/kerby-pkix/1.0.1/kerby-pkix-1.0.1.jar:/home/user/.m2/repository/org/apache/kerby/kerby-asn1/1.0.1/kerby-asn1-1.0.1.jar:/home/user/.m2/repository/org/apache/kerby/kerby-util/1.0.1/kerby-util-1.0.1.jar:/home/user/.m2/repository/org/apache/kerby/kerb-common/1.0.1/kerb-common-1.0.1.jar:/home/user/.m2/repository/org/apache/kerby/kerb-crypto/1.0.1/kerb-crypto-1.0.1.jar:/home/user/.m2/repository/org/apache/kerby/kerb-util/1.0.1/kerb-util-1.0.1.jar:/home/user/.m2/repository/org/apache/kerby/token-provider/1.0.1/token-provider-1.0.1.jar:/home/user/.m2/repository/org/apache/kerby/kerb-admin/1.0.1/kerb-admin-1.0.1.jar:/home/user/.m2/repository/org/apache/kerby/kerb-server/1.0.1/kerb-server-1.0.1.jar:/home/user/.m2/repository/org/apache/kerby/kerb-identity/1.0.1/kerb-identity-1.0.1.jar:/home/user/.m2/repository/org/apache/kerby/kerby-xdr/1.0.1/kerby-xdr-1.0.1.jar:/home/user/.m2/repository/com/fasterxml/jackson/core/jackson-databind/2.9.5/jackson-databind-2.9.5.jar:/home/user/.m2/repository/com/fasterxml/jackson/core/jackson-core/2.9.5/jackson-core-2.9.5.jar:/home/user/.m2/repository/org/codehaus/woodstox/stax2-api/3.1.4/stax2-api-3.1.4.jar:/home/user/.m2/repository/com/fasterxml/woodstox/woodstox-core/5.0.3/woodstox-core-5.0.3.jar:/home/user/.m2/repository/dnsjava/dnsjava/2.1.7/dnsjava-2.1.7.jar:/home/user/.m2/repository/org/apache/hadoop/hadoop-hdfs/3.2.0/hadoop-hdfs-3.2.0.jar:/home/user/.m2/repository/org/eclipse/jetty/jetty-util-ajax/9.3.24.v20180605/jetty-util-ajax-9.3.24.v20180605.jar:/home/user/.m2/repository/commons-daemon/commons-daemon/1.0.13/commons-daemon-1.0.13.jar:/home/user/.m2/repository/io/netty/netty/3.10.5.Final/netty-3.10.5.Final.jar:/home/user/.m2/repository/io/netty/netty-all/4.0.52.Final/netty-all-4.0.52.Final.jar:/home/user/.m2/repository/org/fusesource/leveldbjni/leveldbjni-all/1.8/leveldbjni-all-1.8.jar:/home/user/.m2/repository/com/sun/xml/bind/jaxb-core/2.3.0.1/jaxb-core-2.3.0.1.jar:/home/user/.m2/repository/javax/xml/bind/jaxb-api/2.3.0/jaxb-api-2.3.0.jar:/home/user/.m2/repository/javax/activation/activation/1.1.1/activation-1.1.1.jar:/home/user/.m2/repository/io/dropwizard/metrics/metrics-core/3.2.4/metrics-core-3.2.4.jar:/home/user/.m2/repository/org/openjdk/jmh/jmh-core/1.19/jmh-core-1.19.jar:/home/user/.m2/repository/net/sf/jopt-simple/jopt-simple/4.6/jopt-simple-4.6.jar:/home/user/.m2/repository/org/openjdk/jmh/jmh-generator-annprocess/1.19/jmh-generator-annprocess-1.19.jar:/home/user/.m2/repository/com/google/code/findbugs/findbugs/3.0.1/findbugs-3.0.1.jar:/home/user/.m2/repository/net/jcip/jcip-annotations/1.0/jcip-annotations-1.0.jar:/home/user/.m2/repository/com/google/code/findbugs/bcel-findbugs/6.0/bcel-findbugs-6.0.jar:/home/user/.m2/repository/com/google/code/findbugs/jFormatString/2.0.1/jFormatString-2.0.1.jar:/home/user/.m2/repository/dom4j/dom4j/1.6.1/dom4j-1.6.1.jar:/home/user/.m2/repository/xml-apis/xml-apis/1.0.b2/xml-apis-1.0.b2.jar:/home/user/.m2/repository/org/ow2/asm/asm-debug-all/5.0.2/asm-debug-all-5.0.2.jar:/home/user/.m2/repository/org/ow2/asm/asm-commons/5.0.2/asm-commons-5.0.2.jar:/home/user/.m2/repository/org/ow2/asm/asm-tree/5.0.2/asm-tree-5.0.2.jar:/home/user/.m2/repository/org/ow2/asm/asm/5.0.4/asm-5.0.4.jar:/home/user/.m2/repository/commons-lang/commons-lang/2.6/commons-lang-2.6.jar:/home/user/.m2/repository/com/apple/AppleJavaExtensions/1.4/AppleJavaExtensions-1.4.jar:/home/user/.m2/repository/jaxen/jaxen/1.1.6/jaxen-1.1.6.jar:/home/user/.m2/repository/junit/junit/4.11/junit-4.11.jar:/home/user/.m2/repository/org/hamcrest/hamcrest-core/1.3/hamcrest-core-1.3.jar:/home/user/.m2/repository/org/apache/hadoop/hadoop-common/3.2.0/hadoop-common-3.2.0-tests.jar:/workdir/hadoop-ozone/integration-test/target/test-classes:/home/user/.m2/repository/org/apache/hadoop/hadoop-ozone-objectstore-service/0.5.0-SNAPSHOT/hadoop-ozone-objectstore-service-0.5.0-SNAPSHOT.jar:/home/user/.m2/repository/org/apache/hadoop/hadoop-ozone-s3gateway/0.5.0-SNAPSHOT/hadoop-ozone-s3gateway-0.5.0-SNAPSHOT.jar:/home/user/.m2/repository/org/jboss/weld/servlet/weld-servlet/2.4.7.Final/weld-servlet-2.4.7.Final.jar:/home/user/.m2/repository/org/glassfish/jersey/containers/jersey-container-servlet-core/2.27/jersey-container-servlet-core-2.27.jar:/home/user/.m2/repository/org/glassfish/hk2/external/javax.inject/2.5.0-b42/javax.inject-2.5.0-b42.jar:/home/user/.m2/repository/org/glassfish/jersey/core/jersey-common/2.27/jersey-common-2.27.jar:/home/user/.m2/repository/org/glassfish/hk2/osgi-resource-locator/1.0.1/osgi-resource-locator-1.0.1.jar:/home/user/.m2/repository/javax/ws/rs/javax.ws.rs-api/2.1/javax.ws.rs-api-2.1.jar:/home/user/.m2/repository/org/glassfish/jersey/ext/cdi/jersey-cdi1x/2.27/jersey-cdi1x-2.27.jar:/home/user/.m2/repository/org/glassfish/jersey/inject/jersey-hk2/2.27/jersey-hk2-2.27.jar:/home/user/.m2/repository/org/glassfish/hk2/hk2-locator/2.5.0-b42/hk2-locator-2.5.0-b42.jar:/home/user/.m2/repository/org/javassist/javassist/3.22.0-CR2/javassist-3.22.0-CR2.jar:/home/user/.m2/repository/org/glassfish/hk2/hk2-api/2.5.0/hk2-api-2.5.0.jar:/home/user/.m2/repository/org/glassfish/hk2/external/jakarta.inject/2.5.0/jakarta.inject-2.5.0.jar:/home/user/.m2/repository/org/glassfish/hk2/hk2-utils/2.5.0/hk2-utils-2.5.0.jar:/home/user/.m2/repository/jakarta/annotation/jakarta.annotation-api/1.3.4/jakarta.annotation-api-1.3.4.jar:/home/user/.m2/repository/org/glassfish/hk2/external/aopalliance-repackaged/2.5.0/aopalliance-repackaged-2.5.0.jar:/home/user/.m2/repository/com/fasterxml/jackson/dataformat/jackson-dataformat-xml/2.9.0/jackson-dataformat-xml-2.9.0.jar:/home/user/.m2/repository/com/fasterxml/jackson/module/jackson-module-jaxb-annotations/2.9.5/jackson-module-jaxb-annotations-2.9.5.jar:/home/user/.m2/repository/javax/enterprise/cdi-api/1.2/cdi-api-1.2.jar:/home/user/.m2/repository/javax/el/javax.el-api/3.0.0/javax.el-api-3.0.0.jar:/home/user/.m2/repository/javax/interceptor/javax.interceptor-api/1.2/javax.interceptor-api-1.2.jar:/home/user/.m2/repository/javax/inject/javax.inject/1/javax.inject-1.jar:/home/user/.m2/repository/org/apache/hadoop/hadoop-ozone-csi/0.5.0-SNAPSHOT/hadoop-ozone-csi-0.5.0-SNAPSHOT.jar:/home/user/.m2/repository/com/google/protobuf/protobuf-java-util/3.5.1/protobuf-java-util-3.5.1.jar:/home/user/.m2/repository/io/grpc/grpc-netty/1.17.1/grpc-netty-1.17.1.jar:/home/user/.m2/repository/io/grpc/grpc-core/1.17.1/grpc-core-1.17.1.jar:/home/user/.m2/repository/io/grpc/grpc-context/1.17.1/grpc-context-1.17.1.jar:/home/user/.m2/repository/com/google/errorprone/error_prone_annotations/2.2.0/error_prone_annotations-2.2.0.jar:/home/user/.m2/repository/org/codehaus/mojo/animal-sniffer-annotations/1.17/animal-sniffer-annotations-1.17.jar:/home/user/.m2/repository/io/opencensus/opencensus-api/0.17.0/opencensus-api-0.17.0.jar:/home/user/.m2/repository/io/opencensus/opencensus-contrib-grpc-metrics/0.17.0/opencensus-contrib-grpc-metrics-0.17.0.jar:/home/user/.m2/repository/io/netty/netty-codec-http2/4.1.30.Final/netty-codec-http2-4.1.30.Final.jar:/home/user/.m2/repository/io/netty/netty-codec-http/4.1.30.Final/netty-codec-http-4.1.30.Final.jar:/home/user/.m2/repository/io/netty/netty-codec/4.1.30.Final/netty-codec-4.1.30.Final.jar:/home/user/.m2/repository/io/netty/netty-handler/4.1.30.Final/netty-handler-4.1.30.Final.jar:/home/user/.m2/repository/io/netty/netty-handler-proxy/4.1.30.Final/netty-handler-proxy-4.1.30.Final.jar:/home/user/.m2/repository/io/netty/netty-codec-socks/4.1.30.Final/netty-codec-socks-4.1.30.Final.jar:/home/user/.m2/repository/io/netty/netty-transport-native-epoll/4.1.30.Final/netty-transport-native-epoll-4.1.30.Final.jar:/home/user/.m2/repository/io/netty/netty-common/4.1.30.Final/netty-common-4.1.30.Final.jar:/home/user/.m2/repository/io/netty/netty-buffer/4.1.30.Final/netty-buffer-4.1.30.Final.jar:/home/user/.m2/repository/io/netty/netty-transport/4.1.30.Final/netty-transport-4.1.30.Final.jar:/home/user/.m2/repository/io/netty/netty-resolver/4.1.30.Final/netty-resolver-4.1.30.Final.jar:/home/user/.m2/repository/io/netty/netty-transport-native-unix-common/4.1.30.Final/netty-transport-native-unix-common-4.1.30.Final.jar:/home/user/.m2/repository/io/grpc/grpc-protobuf/1.17.1/grpc-protobuf-1.17.1.jar:/home/user/.m2/repository/com/google/api/grpc/proto-google-common-protos/1.0.0/proto-google-common-protos-1.0.0.jar:/home/user/.m2/repository/io/grpc/grpc-protobuf-lite/1.17.1/grpc-protobuf-lite-1.17.1.jar:/home/user/.m2/repository/io/grpc/grpc-stub/1.17.1/grpc-stub-1.17.1.jar:/home/user/.m2/repository/org/apache/hadoop/hadoop-ozone-recon/0.5.0-SNAPSHOT/hadoop-ozone-recon-0.5.0-SNAPSHOT.jar:/home/user/.m2/repository/org/apache/hadoop/hadoop-ozone-reconcodegen/0.5.0-SNAPSHOT/hadoop-ozone-reconcodegen-0.5.0-SNAPSHOT.jar:/home/user/.m2/repository/com/google/inject/extensions/guice-multibindings/4.0/guice-multibindings-4.0.jar:/home/user/.m2/repository/com/google/inject/guice/4.0/guice-4.0.jar:/home/user/.m2/repository/aopalliance/aopalliance/1.0/aopalliance-1.0.jar:/home/user/.m2/repository/com/google/inject/extensions/guice-servlet/4.0/guice-servlet-4.0.jar:/home/user/.m2/repository/org/glassfish/jersey/containers/jersey-container-servlet/2.27/jersey-container-servlet-2.27.jar:/home/user/.m2/repository/org/glassfish/hk2/guice-bridge/2.5.0/guice-bridge-2.5.0.jar:/home/user/.m2/repository/org/glassfish/jersey/core/jersey-server/2.27/jersey-server-2.27.jar:/home/user/.m2/repository/org/glassfish/jersey/core/jersey-client/2.27/jersey-client-2.27.jar:/home/user/.m2/repository/org/glassfish/jersey/media/jersey-media-jaxb/2.27/jersey-media-jaxb-2.27.jar:/home/user/.m2/repository/javax/validation/validation-api/1.1.0.Final/validation-api-1.1.0.Final.jar:/home/user/.m2/repository/org/glassfish/jersey/media/jersey-media-json-jackson/2.27/jersey-media-json-jackson-2.27.jar:/home/user/.m2/repository/org/glassfish/jersey/ext/jersey-entity-filtering/2.27/jersey-entity-filtering-2.27.jar:/home/user/.m2/repository/com/google/inject/extensions/guice-assistedinject/4.0/guice-assistedinject-4.0.jar:/home/user/.m2/repository/org/jooq/jooq/3.11.10/jooq-3.11.10.jar:/home/user/.m2/repository/org/jooq/jooq-meta/3.11.10/jooq-meta-3.11.10.jar:/home/user/.m2/repository/org/jooq/jooq-codegen/3.11.10/jooq-codegen-3.11.10.jar:/home/user/.m2/repository/com/jolbox/bonecp/0.8.0.RELEASE/bonecp-0.8.0.RELEASE.jar:/home/user/.m2/repository/org/springframework/spring-jdbc/5.1.3.RELEASE/spring-jdbc-5.1.3.RELEASE.jar:/home/user/.m2/repository/org/springframework/spring-beans/5.1.3.RELEASE/spring-beans-5.1.3.RELEASE.jar:/home/user/.m2/repository/org/springframework/spring-core/5.1.3.RELEASE/spring-core-5.1.3.RELEASE.jar:/home/user/.m2/repository/org/springframework/spring-jcl/5.1.3.RELEASE/spring-jcl-5.1.3.RELEASE.jar:/home/user/.m2/repository/org/springframework/spring-tx/5.1.3.RELEASE/spring-tx-5.1.3.RELEASE.jar:/home/user/.m2/repository/org/mockito/mockito-core/2.15.0/mockito-core-2.15.0.jar:/home/user/.m2/repository/net/bytebuddy/byte-buddy/1.7.9/byte-buddy-1.7.9.jar:/home/user/.m2/repository/net/bytebuddy/byte-buddy-agent/1.7.9/byte-buddy-agent-1.7.9.jar:/home/user/.m2/repository/org/objenesis/objenesis/1.0/objenesis-1.0.jar:"/>
    <property name="java.vm.vendor" value="IcedTea"/>
    <property name="sun.arch.data.model" value="64"/>
    <property name="test.build.dir" value="/workdir/hadoop-ozone/tools/target/test-dir"/>
    <property name="test.cache.data" value=""/>
    <property name="java.vendor.url" value="https://icedtea.classpath.org"/>
    <property name="user.timezone" value=""/>
    <property name="java.vm.specification.version" value="1.8"/>
    <property name="os.name" value="Linux"/>
    <property name="test.build.data" value="/workdir/hadoop-ozone/tools/target/test-dir"/>
    <property name="user.country" value="US"/>
    <property name="sun.java.launcher" value="SUN_STANDARD"/>
    <property name="sun.boot.library.path" value="/usr/lib/jvm/java-1.8-openjdk/jre/lib/amd64"/>
    <property name="sun.java.command" value="/workdir/hadoop-ozone/tools/target/surefire/surefirebooter6667168333084971617.jar /workdir/hadoop-ozone/tools/target/surefire 2019-09-20T03-51-17_086-jvmRun1 surefire1478039280962774993tmp surefire_1195956502680977354155tmp"/>
    <property name="test" value="!TestMiniChaosOzoneCluster"/>
    <property name="surefire.test.class.path" value="/workdir/hadoop-ozone/tools/target/test-classes:/workdir/hadoop-ozone/tools/target/classes:/home/user/.m2/repository/org/apache/hadoop/hadoop-ozone-ozone-manager/0.5.0-SNAPSHOT/hadoop-ozone-ozone-manager-0.5.0-SNAPSHOT.jar:/home/user/.m2/repository/org/apache/hadoop/hadoop-hdds-docs/0.5.0-SNAPSHOT/hadoop-hdds-docs-0.5.0-SNAPSHOT.jar:/home/user/.m2/repository/org/bouncycastle/bcprov-jdk15on/1.60/bcprov-jdk15on-1.60.jar:/home/user/.m2/repository/org/apache/hadoop/hadoop-ozone-common/0.5.0-SNAPSHOT/hadoop-ozone-common-0.5.0-SNAPSHOT.jar:/home/user/.m2/repository/org/apache/commons/commons-compress/1.4.1/commons-compress-1.4.1.jar:/home/user/.m2/repository/org/tukaani/xz/1.0/xz-1.0.jar:/home/user/.m2/repository/org/apache/hadoop/hadoop-hdfs-client/3.2.0/hadoop-hdfs-client-3.2.0.jar:/home/user/.m2/repository/com/fasterxml/jackson/core/jackson-annotations/2.9.5/jackson-annotations-2.9.5.jar:/home/user/.m2/repository/org/apache/hadoop/hadoop-hdds-common/0.5.0-SNAPSHOT/hadoop-hdds-common-0.5.0-SNAPSHOT.jar:/home/user/.m2/repository/org/apache/hadoop/hadoop-hdds-config/0.5.0-SNAPSHOT/hadoop-hdds-config-0.5.0-SNAPSHOT.jar:/home/user/.m2/repository/javax/annotation/javax.annotation-api/1.2/javax.annotation-api-1.2.jar:/home/user/.m2/repository/org/apache/ratis/ratis-server/0.4.0-2337318-SNAPSHOT/ratis-server-0.4.0-2337318-SNAPSHOT.jar:/home/user/.m2/repository/org/apache/ratis/ratis-thirdparty-misc/0.2.0/ratis-thirdparty-misc-0.2.0.jar:/home/user/.m2/repository/org/apache/ratis/ratis-proto/0.4.0-2337318-SNAPSHOT/ratis-proto-0.4.0-2337318-SNAPSHOT.jar:/home/user/.m2/repository/org/apache/ratis/ratis-common/0.4.0-2337318-SNAPSHOT/ratis-common-0.4.0-2337318-SNAPSHOT.jar:/home/user/.m2/repository/org/apache/ratis/ratis-client/0.4.0-2337318-SNAPSHOT/ratis-client-0.4.0-2337318-SNAPSHOT.jar:/home/user/.m2/repository/org/apache/ratis/ratis-metrics/0.4.0-2337318-SNAPSHOT/ratis-metrics-0.4.0-2337318-SNAPSHOT.jar:/home/user/.m2/repository/org/apache/ratis/ratis-netty/0.4.0-2337318-SNAPSHOT/ratis-netty-0.4.0-2337318-SNAPSHOT.jar:/home/user/.m2/repository/org/apache/ratis/ratis-grpc/0.4.0-2337318-SNAPSHOT/ratis-grpc-0.4.0-2337318-SNAPSHOT.jar:/home/user/.m2/repository/org/rocksdb/rocksdbjni/6.0.1/rocksdbjni-6.0.1.jar:/home/user/.m2/repository/org/apache/logging/log4j/log4j-api/2.11.0/log4j-api-2.11.0.jar:/home/user/.m2/repository/org/apache/logging/log4j/log4j-core/2.11.0/log4j-core-2.11.0.jar:/home/user/.m2/repository/com/lmax/disruptor/3.4.2/disruptor-3.4.2.jar:/home/user/.m2/repository/org/apache/commons/commons-pool2/2.6.0/commons-pool2-2.6.0.jar:/home/user/.m2/repository/org/bouncycastle/bcpkix-jdk15on/1.60/bcpkix-jdk15on-1.60.jar:/home/user/.m2/repository/commons-validator/commons-validator/1.6/commons-validator-1.6.jar:/home/user/.m2/repository/commons-digester/commons-digester/1.8.1/commons-digester-1.8.1.jar:/home/user/.m2/repository/io/jaegertracing/jaeger-client/0.33.1/jaeger-client-0.33.1.jar:/home/user/.m2/repository/io/jaegertracing/jaeger-thrift/0.33.1/jaeger-thrift-0.33.1.jar:/home/user/.m2/repository/org/apache/thrift/libthrift/0.11.0/libthrift-0.11.0.jar:/home/user/.m2/repository/com/squareup/okhttp3/okhttp/3.9.0/okhttp-3.9.0.jar:/home/user/.m2/repository/com/squareup/okio/okio/1.13.0/okio-1.13.0.jar:/home/user/.m2/repository/io/jaegertracing/jaeger-core/0.33.1/jaeger-core-0.33.1.jar:/home/user/.m2/repository/io/jaegertracing/jaeger-tracerresolver/0.33.1/jaeger-tracerresolver-0.33.1.jar:/home/user/.m2/repository/io/opentracing/contrib/opentracing-tracerresolver/0.1.5/opentracing-tracerresolver-0.1.5.jar:/home/user/.m2/repository/io/opentracing/opentracing-util/0.31.0/opentracing-util-0.31.0.jar:/home/user/.m2/repository/io/opentracing/opentracing-api/0.31.0/opentracing-api-0.31.0.jar:/home/user/.m2/repository/io/opentracing/opentracing-noop/0.31.0/opentracing-noop-0.31.0.jar:/home/user/.m2/repository/org/yaml/snakeyaml/1.16/snakeyaml-1.16.jar:/home/user/.m2/repository/org/apache/hadoop/hadoop-hdds-container-service/0.5.0-SNAPSHOT/hadoop-hdds-container-service-0.5.0-SNAPSHOT.jar:/home/user/.m2/repository/org/apache/hadoop/hadoop-hdds-client/0.5.0-SNAPSHOT/hadoop-hdds-client-0.5.0-SNAPSHOT.jar:/home/user/.m2/repository/org/apache/hadoop/hadoop-hdds-tools/0.5.0-SNAPSHOT/hadoop-hdds-tools-0.5.0-SNAPSHOT.jar:/home/user/.m2/repository/org/xerial/sqlite-jdbc/3.25.2/sqlite-jdbc-3.25.2.jar:/home/user/.m2/repository/org/apache/hadoop/hadoop-hdds-server-scm/0.5.0-SNAPSHOT/hadoop-hdds-server-scm-0.5.0-SNAPSHOT.jar:/home/user/.m2/repository/org/hamcrest/hamcrest-all/1.3/hamcrest-all-1.3.jar:/home/user/.m2/repository/info/picocli/picocli/3.9.6/picocli-3.9.6.jar:/home/user/.m2/repository/com/google/protobuf/protobuf-java/2.5.0/protobuf-java-2.5.0.jar:/home/user/.m2/repository/com/google/guava/guava/11.0.2/guava-11.0.2.jar:/home/user/.m2/repository/org/apache/hadoop/hadoop-ozone-client/0.5.0-SNAPSHOT/hadoop-ozone-client-0.5.0-SNAPSHOT.jar:/workdir/hadoop-ozone/ozonefs/target/classes:/home/user/.m2/repository/org/apache/hadoop/hadoop-hdds-server-framework/0.5.0-SNAPSHOT/hadoop-hdds-server-framework-0.5.0-SNAPSHOT.jar:/home/user/.m2/repository/org/apache/hadoop/hadoop-common/3.2.0/hadoop-common-3.2.0.jar:/home/user/.m2/repository/org/apache/hadoop/hadoop-annotations/3.2.0/hadoop-annotations-3.2.0.jar:/usr/lib/jvm/java-1.8-openjdk/jre/../lib/tools.jar:/home/user/.m2/repository/commons-cli/commons-cli/1.2/commons-cli-1.2.jar:/home/user/.m2/repository/org/apache/commons/commons-math3/3.1.1/commons-math3-3.1.1.jar:/home/user/.m2/repository/org/apache/httpcomponents/httpclient/4.5.2/httpclient-4.5.2.jar:/home/user/.m2/repository/org/apache/httpcomponents/httpcore/4.4.4/httpcore-4.4.4.jar:/home/user/.m2/repository/commons-codec/commons-codec/1.11/commons-codec-1.11.jar:/home/user/.m2/repository/commons-io/commons-io/2.5/commons-io-2.5.jar:/home/user/.m2/repository/commons-net/commons-net/3.6/commons-net-3.6.jar:/home/user/.m2/repository/commons-collections/commons-collections/3.2.2/commons-collections-3.2.2.jar:/home/user/.m2/repository/javax/servlet/javax.servlet-api/3.1.0/javax.servlet-api-3.1.0.jar:/home/user/.m2/repository/org/eclipse/jetty/jetty-server/9.3.24.v20180605/jetty-server-9.3.24.v20180605.jar:/home/user/.m2/repository/org/eclipse/jetty/jetty-http/9.3.24.v20180605/jetty-http-9.3.24.v20180605.jar:/home/user/.m2/repository/org/eclipse/jetty/jetty-io/9.3.24.v20180605/jetty-io-9.3.24.v20180605.jar:/home/user/.m2/repository/org/eclipse/jetty/jetty-util/9.3.24.v20180605/jetty-util-9.3.24.v20180605.jar:/home/user/.m2/repository/org/eclipse/jetty/jetty-servlet/9.3.24.v20180605/jetty-servlet-9.3.24.v20180605.jar:/home/user/.m2/repository/org/eclipse/jetty/jetty-security/9.3.24.v20180605/jetty-security-9.3.24.v20180605.jar:/home/user/.m2/repository/org/eclipse/jetty/jetty-webapp/9.3.24.v20180605/jetty-webapp-9.3.24.v20180605.jar:/home/user/.m2/repository/org/eclipse/jetty/jetty-xml/9.3.24.v20180605/jetty-xml-9.3.24.v20180605.jar:/home/user/.m2/repository/javax/servlet/jsp/jsp-api/2.1/jsp-api-2.1.jar:/home/user/.m2/repository/com/sun/jersey/jersey-core/1.19/jersey-core-1.19.jar:/home/user/.m2/repository/javax/ws/rs/jsr311-api/1.1.1/jsr311-api-1.1.1.jar:/home/user/.m2/repository/com/sun/jersey/jersey-servlet/1.19/jersey-servlet-1.19.jar:/home/user/.m2/repository/com/sun/jersey/jersey-json/1.19/jersey-json-1.19.jar:/home/user/.m2/repository/org/codehaus/jettison/jettison/1.1/jettison-1.1.jar:/home/user/.m2/repository/com/sun/xml/bind/jaxb-impl/2.3.0.1/jaxb-impl-2.3.0.1.jar:/home/user/.m2/repository/org/codehaus/jackson/jackson-core-asl/1.9.13/jackson-core-asl-1.9.13.jar:/home/user/.m2/repository/org/codehaus/jackson/jackson-mapper-asl/1.9.13/jackson-mapper-asl-1.9.13.jar:/home/user/.m2/repository/org/codehaus/jackson/jackson-jaxrs/1.9.13/jackson-jaxrs-1.9.13.jar:/home/user/.m2/repository/org/codehaus/jackson/jackson-xc/1.9.13/jackson-xc-1.9.13.jar:/home/user/.m2/repository/com/sun/jersey/jersey-server/1.19/jersey-server-1.19.jar:/home/user/.m2/repository/commons-logging/commons-logging/1.1.3/commons-logging-1.1.3.jar:/home/user/.m2/repository/log4j/log4j/1.2.17/log4j-1.2.17.jar:/home/user/.m2/repository/commons-beanutils/commons-beanutils/1.9.3/commons-beanutils-1.9.3.jar:/home/user/.m2/repository/org/apache/commons/commons-configuration2/2.1.1/commons-configuration2-2.1.1.jar:/home/user/.m2/repository/org/apache/commons/commons-lang3/3.7/commons-lang3-3.7.jar:/home/user/.m2/repository/org/apache/commons/commons-text/1.4/commons-text-1.4.jar:/home/user/.m2/repository/org/slf4j/slf4j-api/1.7.25/slf4j-api-1.7.25.jar:/home/user/.m2/repository/org/slf4j/slf4j-log4j12/1.7.25/slf4j-log4j12-1.7.25.jar:/home/user/.m2/repository/org/apache/avro/avro/1.7.7/avro-1.7.7.jar:/home/user/.m2/repository/com/thoughtworks/paranamer/paranamer/2.3/paranamer-2.3.jar:/home/user/.m2/repository/org/xerial/snappy/snappy-java/1.0.5/snappy-java-1.0.5.jar:/home/user/.m2/repository/com/google/re2j/re2j/1.1/re2j-1.1.jar:/home/user/.m2/repository/com/google/code/gson/gson/2.2.4/gson-2.2.4.jar:/home/user/.m2/repository/org/apache/hadoop/hadoop-auth/3.2.0/hadoop-auth-3.2.0.jar:/home/user/.m2/repository/com/nimbusds/nimbus-jose-jwt/4.41.1/nimbus-jose-jwt-4.41.1.jar:/home/user/.m2/repository/com/github/stephenc/jcip/jcip-annotations/1.0-1/jcip-annotations-1.0-1.jar:/home/user/.m2/repository/net/minidev/json-smart/2.3/json-smart-2.3.jar:/home/user/.m2/repository/net/minidev/accessors-smart/1.2/accessors-smart-1.2.jar:/home/user/.m2/repository/org/apache/curator/curator-framework/2.12.0/curator-framework-2.12.0.jar:/home/user/.m2/repository/com/jcraft/jsch/0.1.54/jsch-0.1.54.jar:/home/user/.m2/repository/org/apache/curator/curator-client/2.12.0/curator-client-2.12.0.jar:/home/user/.m2/repository/org/apache/curator/curator-recipes/2.12.0/curator-recipes-2.12.0.jar:/home/user/.m2/repository/com/google/code/findbugs/jsr305/3.0.0/jsr305-3.0.0.jar:/home/user/.m2/repository/org/apache/htrace/htrace-core4/4.1.0-incubating/htrace-core4-4.1.0-incubating.jar:/home/user/.m2/repository/org/apache/zookeeper/zookeeper/3.4.13/zookeeper-3.4.13.jar:/home/user/.m2/repository/org/apache/yetus/audience-annotations/0.5.0/audience-annotations-0.5.0.jar:/home/user/.m2/repository/org/apache/kerby/kerb-simplekdc/1.0.1/kerb-simplekdc-1.0.1.jar:/home/user/.m2/repository/org/apache/kerby/kerb-client/1.0.1/kerb-client-1.0.1.jar:/home/user/.m2/repository/org/apache/kerby/kerby-config/1.0.1/kerby-config-1.0.1.jar:/home/user/.m2/repository/org/apache/kerby/kerb-core/1.0.1/kerb-core-1.0.1.jar:/home/user/.m2/repository/org/apache/kerby/kerby-pkix/1.0.1/kerby-pkix-1.0.1.jar:/home/user/.m2/repository/org/apache/kerby/kerby-asn1/1.0.1/kerby-asn1-1.0.1.jar:/home/user/.m2/repository/org/apache/kerby/kerby-util/1.0.1/kerby-util-1.0.1.jar:/home/user/.m2/repository/org/apache/kerby/kerb-common/1.0.1/kerb-common-1.0.1.jar:/home/user/.m2/repository/org/apache/kerby/kerb-crypto/1.0.1/kerb-crypto-1.0.1.jar:/home/user/.m2/repository/org/apache/kerby/kerb-util/1.0.1/kerb-util-1.0.1.jar:/home/user/.m2/repository/org/apache/kerby/token-provider/1.0.1/token-provider-1.0.1.jar:/home/user/.m2/repository/org/apache/kerby/kerb-admin/1.0.1/kerb-admin-1.0.1.jar:/home/user/.m2/repository/org/apache/kerby/kerb-server/1.0.1/kerb-server-1.0.1.jar:/home/user/.m2/repository/org/apache/kerby/kerb-identity/1.0.1/kerb-identity-1.0.1.jar:/home/user/.m2/repository/org/apache/kerby/kerby-xdr/1.0.1/kerby-xdr-1.0.1.jar:/home/user/.m2/repository/com/fasterxml/jackson/core/jackson-databind/2.9.5/jackson-databind-2.9.5.jar:/home/user/.m2/repository/com/fasterxml/jackson/core/jackson-core/2.9.5/jackson-core-2.9.5.jar:/home/user/.m2/repository/org/codehaus/woodstox/stax2-api/3.1.4/stax2-api-3.1.4.jar:/home/user/.m2/repository/com/fasterxml/woodstox/woodstox-core/5.0.3/woodstox-core-5.0.3.jar:/home/user/.m2/repository/dnsjava/dnsjava/2.1.7/dnsjava-2.1.7.jar:/home/user/.m2/repository/org/apache/hadoop/hadoop-hdfs/3.2.0/hadoop-hdfs-3.2.0.jar:/home/user/.m2/repository/org/eclipse/jetty/jetty-util-ajax/9.3.24.v20180605/jetty-util-ajax-9.3.24.v20180605.jar:/home/user/.m2/repository/commons-daemon/commons-daemon/1.0.13/commons-daemon-1.0.13.jar:/home/user/.m2/repository/io/netty/netty/3.10.5.Final/netty-3.10.5.Final.jar:/home/user/.m2/repository/io/netty/netty-all/4.0.52.Final/netty-all-4.0.52.Final.jar:/home/user/.m2/repository/org/fusesource/leveldbjni/leveldbjni-all/1.8/leveldbjni-all-1.8.jar:/home/user/.m2/repository/com/sun/xml/bind/jaxb-core/2.3.0.1/jaxb-core-2.3.0.1.jar:/home/user/.m2/repository/javax/xml/bind/jaxb-api/2.3.0/jaxb-api-2.3.0.jar:/home/user/.m2/repository/javax/activation/activation/1.1.1/activation-1.1.1.jar:/home/user/.m2/repository/io/dropwizard/metrics/metrics-core/3.2.4/metrics-core-3.2.4.jar:/home/user/.m2/repository/org/openjdk/jmh/jmh-core/1.19/jmh-core-1.19.jar:/home/user/.m2/repository/net/sf/jopt-simple/jopt-simple/4.6/jopt-simple-4.6.jar:/home/user/.m2/repository/org/openjdk/jmh/jmh-generator-annprocess/1.19/jmh-generator-annprocess-1.19.jar:/home/user/.m2/repository/com/google/code/findbugs/findbugs/3.0.1/findbugs-3.0.1.jar:/home/user/.m2/repository/net/jcip/jcip-annotations/1.0/jcip-annotations-1.0.jar:/home/user/.m2/repository/com/google/code/findbugs/bcel-findbugs/6.0/bcel-findbugs-6.0.jar:/home/user/.m2/repository/com/google/code/findbugs/jFormatString/2.0.1/jFormatString-2.0.1.jar:/home/user/.m2/repository/dom4j/dom4j/1.6.1/dom4j-1.6.1.jar:/home/user/.m2/repository/xml-apis/xml-apis/1.0.b2/xml-apis-1.0.b2.jar:/home/user/.m2/repository/org/ow2/asm/asm-debug-all/5.0.2/asm-debug-all-5.0.2.jar:/home/user/.m2/repository/org/ow2/asm/asm-commons/5.0.2/asm-commons-5.0.2.jar:/home/user/.m2/repository/org/ow2/asm/asm-tree/5.0.2/asm-tree-5.0.2.jar:/home/user/.m2/repository/org/ow2/asm/asm/5.0.4/asm-5.0.4.jar:/home/user/.m2/repository/commons-lang/commons-lang/2.6/commons-lang-2.6.jar:/home/user/.m2/repository/com/apple/AppleJavaExtensions/1.4/AppleJavaExtensions-1.4.jar:/home/user/.m2/repository/jaxen/jaxen/1.1.6/jaxen-1.1.6.jar:/home/user/.m2/repository/junit/junit/4.11/junit-4.11.jar:/home/user/.m2/repository/org/hamcrest/hamcrest-core/1.3/hamcrest-core-1.3.jar:/home/user/.m2/repository/org/apache/hadoop/hadoop-common/3.2.0/hadoop-common-3.2.0-tests.jar:/workdir/hadoop-ozone/integration-test/target/test-classes:/home/user/.m2/repository/org/apache/hadoop/hadoop-ozone-objectstore-service/0.5.0-SNAPSHOT/hadoop-ozone-objectstore-service-0.5.0-SNAPSHOT.jar:/home/user/.m2/repository/org/apache/hadoop/hadoop-ozone-s3gateway/0.5.0-SNAPSHOT/hadoop-ozone-s3gateway-0.5.0-SNAPSHOT.jar:/home/user/.m2/repository/org/jboss/weld/servlet/weld-servlet/2.4.7.Final/weld-servlet-2.4.7.Final.jar:/home/user/.m2/repository/org/glassfish/jersey/containers/jersey-container-servlet-core/2.27/jersey-container-servlet-core-2.27.jar:/home/user/.m2/repository/org/glassfish/hk2/external/javax.inject/2.5.0-b42/javax.inject-2.5.0-b42.jar:/home/user/.m2/repository/org/glassfish/jersey/core/jersey-common/2.27/jersey-common-2.27.jar:/home/user/.m2/repository/org/glassfish/hk2/osgi-resource-locator/1.0.1/osgi-resource-locator-1.0.1.jar:/home/user/.m2/repository/javax/ws/rs/javax.ws.rs-api/2.1/javax.ws.rs-api-2.1.jar:/home/user/.m2/repository/org/glassfish/jersey/ext/cdi/jersey-cdi1x/2.27/jersey-cdi1x-2.27.jar:/home/user/.m2/repository/org/glassfish/jersey/inject/jersey-hk2/2.27/jersey-hk2-2.27.jar:/home/user/.m2/repository/org/glassfish/hk2/hk2-locator/2.5.0-b42/hk2-locator-2.5.0-b42.jar:/home/user/.m2/repository/org/javassist/javassist/3.22.0-CR2/javassist-3.22.0-CR2.jar:/home/user/.m2/repository/org/glassfish/hk2/hk2-api/2.5.0/hk2-api-2.5.0.jar:/home/user/.m2/repository/org/glassfish/hk2/external/jakarta.inject/2.5.0/jakarta.inject-2.5.0.jar:/home/user/.m2/repository/org/glassfish/hk2/hk2-utils/2.5.0/hk2-utils-2.5.0.jar:/home/user/.m2/repository/jakarta/annotation/jakarta.annotation-api/1.3.4/jakarta.annotation-api-1.3.4.jar:/home/user/.m2/repository/org/glassfish/hk2/external/aopalliance-repackaged/2.5.0/aopalliance-repackaged-2.5.0.jar:/home/user/.m2/repository/com/fasterxml/jackson/dataformat/jackson-dataformat-xml/2.9.0/jackson-dataformat-xml-2.9.0.jar:/home/user/.m2/repository/com/fasterxml/jackson/module/jackson-module-jaxb-annotations/2.9.5/jackson-module-jaxb-annotations-2.9.5.jar:/home/user/.m2/repository/javax/enterprise/cdi-api/1.2/cdi-api-1.2.jar:/home/user/.m2/repository/javax/el/javax.el-api/3.0.0/javax.el-api-3.0.0.jar:/home/user/.m2/repository/javax/interceptor/javax.interceptor-api/1.2/javax.interceptor-api-1.2.jar:/home/user/.m2/repository/javax/inject/javax.inject/1/javax.inject-1.jar:/home/user/.m2/repository/org/apache/hadoop/hadoop-ozone-csi/0.5.0-SNAPSHOT/hadoop-ozone-csi-0.5.0-SNAPSHOT.jar:/home/user/.m2/repository/com/google/protobuf/protobuf-java-util/3.5.1/protobuf-java-util-3.5.1.jar:/home/user/.m2/repository/io/grpc/grpc-netty/1.17.1/grpc-netty-1.17.1.jar:/home/user/.m2/repository/io/grpc/grpc-core/1.17.1/grpc-core-1.17.1.jar:/home/user/.m2/repository/io/grpc/grpc-context/1.17.1/grpc-context-1.17.1.jar:/home/user/.m2/repository/com/google/errorprone/error_prone_annotations/2.2.0/error_prone_annotations-2.2.0.jar:/home/user/.m2/repository/org/codehaus/mojo/animal-sniffer-annotations/1.17/animal-sniffer-annotations-1.17.jar:/home/user/.m2/repository/io/opencensus/opencensus-api/0.17.0/opencensus-api-0.17.0.jar:/home/user/.m2/repository/io/opencensus/opencensus-contrib-grpc-metrics/0.17.0/opencensus-contrib-grpc-metrics-0.17.0.jar:/home/user/.m2/repository/io/netty/netty-codec-http2/4.1.30.Final/netty-codec-http2-4.1.30.Final.jar:/home/user/.m2/repository/io/netty/netty-codec-http/4.1.30.Final/netty-codec-http-4.1.30.Final.jar:/home/user/.m2/repository/io/netty/netty-codec/4.1.30.Final/netty-codec-4.1.30.Final.jar:/home/user/.m2/repository/io/netty/netty-handler/4.1.30.Final/netty-handler-4.1.30.Final.jar:/home/user/.m2/repository/io/netty/netty-handler-proxy/4.1.30.Final/netty-handler-proxy-4.1.30.Final.jar:/home/user/.m2/repository/io/netty/netty-codec-socks/4.1.30.Final/netty-codec-socks-4.1.30.Final.jar:/home/user/.m2/repository/io/netty/netty-transport-native-epoll/4.1.30.Final/netty-transport-native-epoll-4.1.30.Final.jar:/home/user/.m2/repository/io/netty/netty-common/4.1.30.Final/netty-common-4.1.30.Final.jar:/home/user/.m2/repository/io/netty/netty-buffer/4.1.30.Final/netty-buffer-4.1.30.Final.jar:/home/user/.m2/repository/io/netty/netty-transport/4.1.30.Final/netty-transport-4.1.30.Final.jar:/home/user/.m2/repository/io/netty/netty-resolver/4.1.30.Final/netty-resolver-4.1.30.Final.jar:/home/user/.m2/repository/io/netty/netty-transport-native-unix-common/4.1.30.Final/netty-transport-native-unix-common-4.1.30.Final.jar:/home/user/.m2/repository/io/grpc/grpc-protobuf/1.17.1/grpc-protobuf-1.17.1.jar:/home/user/.m2/repository/com/google/api/grpc/proto-google-common-protos/1.0.0/proto-google-common-protos-1.0.0.jar:/home/user/.m2/repository/io/grpc/grpc-protobuf-lite/1.17.1/grpc-protobuf-lite-1.17.1.jar:/home/user/.m2/repository/io/grpc/grpc-stub/1.17.1/grpc-stub-1.17.1.jar:/home/user/.m2/repository/org/apache/hadoop/hadoop-ozone-recon/0.5.0-SNAPSHOT/hadoop-ozone-recon-0.5.0-SNAPSHOT.jar:/home/user/.m2/repository/org/apache/hadoop/hadoop-ozone-reconcodegen/0.5.0-SNAPSHOT/hadoop-ozone-reconcodegen-0.5.0-SNAPSHOT.jar:/home/user/.m2/repository/com/google/inject/extensions/guice-multibindings/4.0/guice-multibindings-4.0.jar:/home/user/.m2/repository/com/google/inject/guice/4.0/guice-4.0.jar:/home/user/.m2/repository/aopalliance/aopalliance/1.0/aopalliance-1.0.jar:/home/user/.m2/repository/com/google/inject/extensions/guice-servlet/4.0/guice-servlet-4.0.jar:/home/user/.m2/repository/org/glassfish/jersey/containers/jersey-container-servlet/2.27/jersey-container-servlet-2.27.jar:/home/user/.m2/repository/org/glassfish/hk2/guice-bridge/2.5.0/guice-bridge-2.5.0.jar:/home/user/.m2/repository/org/glassfish/jersey/core/jersey-server/2.27/jersey-server-2.27.jar:/home/user/.m2/repository/org/glassfish/jersey/core/jersey-client/2.27/jersey-client-2.27.jar:/home/user/.m2/repository/org/glassfish/jersey/media/jersey-media-jaxb/2.27/jersey-media-jaxb-2.27.jar:/home/user/.m2/repository/javax/validation/validation-api/1.1.0.Final/validation-api-1.1.0.Final.jar:/home/user/.m2/repository/org/glassfish/jersey/media/jersey-media-json-jackson/2.27/jersey-media-json-jackson-2.27.jar:/home/user/.m2/repository/org/glassfish/jersey/ext/jersey-entity-filtering/2.27/jersey-entity-filtering-2.27.jar:/home/user/.m2/repository/com/google/inject/extensions/guice-assistedinject/4.0/guice-assistedinject-4.0.jar:/home/user/.m2/repository/org/jooq/jooq/3.11.10/jooq-3.11.10.jar:/home/user/.m2/repository/org/jooq/jooq-meta/3.11.10/jooq-meta-3.11.10.jar:/home/user/.m2/repository/org/jooq/jooq-codegen/3.11.10/jooq-codegen-3.11.10.jar:/home/user/.m2/repository/com/jolbox/bonecp/0.8.0.RELEASE/bonecp-0.8.0.RELEASE.jar:/home/user/.m2/repository/org/springframework/spring-jdbc/5.1.3.RELEASE/spring-jdbc-5.1.3.RELEASE.jar:/home/user/.m2/repository/org/springframework/spring-beans/5.1.3.RELEASE/spring-beans-5.1.3.RELEASE.jar:/home/user/.m2/repository/org/springframework/spring-core/5.1.3.RELEASE/spring-core-5.1.3.RELEASE.jar:/home/user/.m2/repository/org/springframework/spring-jcl/5.1.3.RELEASE/spring-jcl-5.1.3.RELEASE.jar:/home/user/.m2/repository/org/springframework/spring-tx/5.1.3.RELEASE/spring-tx-5.1.3.RELEASE.jar:/home/user/.m2/repository/org/mockito/mockito-core/2.15.0/mockito-core-2.15.0.jar:/home/user/.m2/repository/net/bytebuddy/byte-buddy/1.7.9/byte-buddy-1.7.9.jar:/home/user/.m2/repository/net/bytebuddy/byte-buddy-agent/1.7.9/byte-buddy-agent-1.7.9.jar:/home/user/.m2/repository/org/objenesis/objenesis/1.0/objenesis-1.0.jar:"/>
    <property name="sun.cpu.endian" value="little"/>
    <property name="user.home" value="/home/user"/>
    <property name="user.language" value="en"/>
    <property name="java.specification.vendor" value="Oracle Corporation"/>
    <property name="java.home" value="/usr/lib/jvm/java-1.8-openjdk/jre"/>
    <property name="java.security.krb5.conf" value="/workdir/hadoop-ozone/tools/target/test-classes/krb5.conf"/>
    <property name="basedir" value="/workdir/hadoop-ozone/tools"/>
    <property name="file.separator" value="/"/>
    <property name="line.separator" value="&#10;"/>
    <property name="java.vm.specification.vendor" value="Oracle Corporation"/>
    <property name="java.specification.name" value="Java Platform API Specification"/>
    <property name="java.awt.graphicsenv" value="sun.awt.X11GraphicsEnvironment"/>
    <property name="surefire.real.class.path" value="/workdir/hadoop-ozone/tools/target/surefire/surefirebooter6667168333084971617.jar"/>
    <property name="hadoop.log.dir" value="/workdir/hadoop-ozone/tools/target/log"/>
    <property name="sun.boot.class.path" value="/usr/lib/jvm/java-1.8-openjdk/jre/lib/resources.jar:/usr/lib/jvm/java-1.8-openjdk/jre/lib/rt.jar:/usr/lib/jvm/java-1.8-openjdk/jre/lib/sunrsasign.jar:/usr/lib/jvm/java-1.8-openjdk/jre/lib/jsse.jar:/usr/lib/jvm/java-1.8-openjdk/jre/lib/jce.jar:/usr/lib/jvm/java-1.8-openjdk/jre/lib/charsets.jar:/usr/lib/jvm/java-1.8-openjdk/jre/lib/jfr.jar:/usr/lib/jvm/java-1.8-openjdk/jre/classes"/>
    <property name="sun.management.compiler" value="HotSpot 64-Bit Tiered Compilers"/>
    <property name="java.runtime.version" value="1.8.0_212-b04"/>
    <property name="java.net.preferIPv4Stack" value="true"/>
    <property name="user.name" value="jenkins1000"/>
    <property name="path.separator" value=":"/>
    <property name="java.security.egd" value="file:///dev/urandom"/>
    <property name="os.version" value="3.10.0-957.12.2.el7.x86_64"/>
    <property name="java.endorsed.dirs" value="/usr/lib/jvm/java-1.8-openjdk/jre/lib/endorsed"/>
    <property name="java.runtime.name" value="OpenJDK Runtime Environment"/>
    <property name="file.encoding" value="UTF-8"/>
    <property name="java.vm.name" value="OpenJDK 64-Bit Server VM"/>
    <property name="test.build.webapps" value=""/>
    <property name="localRepository" value="/home/user/.m2/repository"/>
    <property name="java.vendor.url.bug" value="https://icedtea.classpath.org/bugzilla"/>
    <property name="java.io.tmpdir" value="/tmp"/>
    <property name="require.test.libhadoop" value=""/>
    <property name="java.version" value="1.8.0_212"/>
    <property name="user.dir" value="/workdir/hadoop-ozone/tools"/>
    <property name="os.arch" value="amd64"/>
    <property name="java.vm.specification.name" value="Java Virtual Machine Specification"/>
    <property name="test.build.classes" value="/workdir/hadoop-ozone/tools/target/test-classes"/>
    <property name="java.awt.printerjob" value="sun.print.PSPrinterJob"/>
    <property name="sun.os.patch.level" value="unknown"/>
    <property name="hadoop.tmp.dir" value="/workdir/hadoop-ozone/tools/target/tmp"/>
    <property name="java.library.path" value="/usr/lib/jvm/java-1.8-openjdk/jre/lib/amd64/server:/usr/lib/jvm/java-1.8-openjdk/jre/lib/amd64:/usr/lib/jvm/java-1.8-openjdk/jre/../lib/amd64:/workdir/hadoop-ozone/tools/target/native/target/usr/local/lib:/workdir/hadoop-ozone/tools/../../hadoop-common-project/hadoop-common/target/native/target/usr/local/lib:/usr/java/packages/lib/amd64:/usr/lib64:/lib64:/lib:/usr/lib"/>
    <property name="java.vm.info" value="mixed mode"/>
    <property name="java.vendor" value="IcedTea"/>
    <property name="java.vm.version" value="25.212-b04"/>
    <property name="java.ext.dirs" value="/usr/lib/jvm/java-1.8-openjdk/jre/lib/ext:/usr/java/packages/lib/ext"/>
    <property name="sun.io.unicode.encoding" value="UnicodeLittle"/>
    <property name="java.class.version" value="52.0"/>
  </properties>
  <testcase name="ratisTestLargeKey" classname="org.apache.hadoop.ozone.freon.TestDataValidateWithUnsafeByteOperations" time="10.582">
    <error message="Allocated 0 blocks. Requested 5 blocks" type="INTERNAL_ERROR org.apache.hadoop.ozone.om.exceptions.OMException">INTERNAL_ERROR org.apache.hadoop.ozone.om.exceptions.OMException: Allocated 0 blocks. Requested 5 blocks
	at org.apache.hadoop.ozone.om.protocolPB.OzoneManagerProtocolClientSideTranslatorPB.handleError(OzoneManagerProtocolClientSideTranslatorPB.java:725)
	at org.apache.hadoop.ozone.om.protocolPB.OzoneManagerProtocolClientSideTranslatorPB.openKey(OzoneManagerProtocolClientSideTranslatorPB.java:716)
	at org.apache.hadoop.ozone.client.rpc.RpcClient.createKey(RpcClient.java:615)
	at org.apache.hadoop.ozone.client.OzoneBucket.createKey(OzoneBucket.java:323)
	at org.apache.hadoop.ozone.freon.RandomKeyGenerator.createKey(RandomKeyGenerator.java:686)
	at org.apache.hadoop.ozone.freon.RandomKeyGenerator.access$1100(RandomKeyGenerator.java:87)
	at org.apache.hadoop.ozone.freon.RandomKeyGenerator$ObjectCreator.run(RandomKeyGenerator.java:606)
	at java.util.concurrent.Executors$RunnableAdapter.call(Executors.java:511)
	at java.util.concurrent.FutureTask.run(FutureTask.java:266)
	at java.util.concurrent.ThreadPoolExecutor.runWorker(ThreadPoolExecutor.java:1149)
	at java.util.concurrent.ThreadPoolExecutor$Worker.run(ThreadPoolExecutor.java:624)
	at java.lang.Thread.run(Thread.java:748)
</error>
    <system-out><![CDATA[2019-09-20 08:52:53,576 [main] WARN  server.ServerUtils (ServerUtils.java:getScmDbDir(145)) - ozone.scm.db.dirs is not configured. We recommend adding this setting. Falling back to ozone.metadata.dirs instead.
2019-09-20 08:52:53,726 [main] WARN  server.ServerUtils (ServerUtils.java:getScmDbDir(145)) - ozone.scm.db.dirs is not configured. We recommend adding this setting. Falling back to ozone.metadata.dirs instead.
2019-09-20 08:52:53,730 [main] WARN  server.ServerUtils (ServerUtils.java:getScmDbDir(145)) - ozone.scm.db.dirs is not configured. We recommend adding this setting. Falling back to ozone.metadata.dirs instead.
2019-09-20 08:52:53,750 [main] INFO  util.log (Log.java:initialized(192)) - Logging initialized @982ms
2019-09-20 08:52:53,873 [main] INFO  db.DBStoreBuilder (DBStoreBuilder.java:addTable(110)) - using custom profile for table: deletedBlocks
2019-09-20 08:52:53,873 [main] INFO  db.DBStoreBuilder (DBStoreBuilder.java:processTables(161)) - Using default column profile:DBProfile.DISK for Table:deletedBlocks
2019-09-20 08:52:53,874 [main] INFO  db.DBStoreBuilder (DBStoreBuilder.java:addTable(110)) - using custom profile for table: validCerts
2019-09-20 08:52:53,874 [main] INFO  db.DBStoreBuilder (DBStoreBuilder.java:processTables(161)) - Using default column profile:DBProfile.DISK for Table:validCerts
2019-09-20 08:52:53,875 [main] INFO  db.DBStoreBuilder (DBStoreBuilder.java:addTable(110)) - using custom profile for table: revokedCerts
2019-09-20 08:52:53,875 [main] INFO  db.DBStoreBuilder (DBStoreBuilder.java:processTables(161)) - Using default column profile:DBProfile.DISK for Table:revokedCerts
2019-09-20 08:52:53,890 [main] INFO  db.DBStoreBuilder (DBStoreBuilder.java:addTable(110)) - using custom profile for table: default
2019-09-20 08:52:53,891 [main] INFO  db.DBStoreBuilder (DBStoreBuilder.java:processTables(167)) - Using default column profile:DBProfile.DISK for Table:default
2019-09-20 08:52:53,892 [main] INFO  db.DBStoreBuilder (DBStoreBuilder.java:getDbProfile(198)) - Using default options. DBProfile.DISK
2019-09-20 08:52:54,318 [main] INFO  net.NodeSchemaLoader (NodeSchemaLoader.java:loadSchemaFromFile(125)) - Loading file from sun.misc.CompoundEnumeration@3835c46
2019-09-20 08:52:54,320 [main] INFO  net.NodeSchemaLoader (NodeSchemaLoader.java:loadSchema(171)) - Loading network topology layer schema file
2019-09-20 08:52:54,430 [main] WARN  server.ServerUtils (ServerUtils.java:sanitizeUserArgs(70)) - ozone.scm.stale.node.interval value = 300000 is larger than max = 100000 based on the key value of ozone.scm.heartbeat.thread.interval, reset to the max value 100000.
2019-09-20 08:52:54,432 [main] WARN  server.ServerUtils (ServerUtils.java:sanitizeUserArgs(70)) - ozone.scm.stale.node.interval value = 300000 is larger than max = 100000 based on the key value of ozone.scm.heartbeat.thread.interval, reset to the max value 100000.
2019-09-20 08:52:54,435 [main] INFO  node.SCMNodeManager (SCMNodeManager.java:<init>(121)) - Entering startup safe mode.
2019-09-20 08:52:54,508 [main] INFO  algorithms.ContainerPlacementPolicyFactory (ContainerPlacementPolicyFactory.java:getPolicy(56)) - Create container placement policy of type org.apache.hadoop.hdds.scm.container.placement.algorithms.SCMContainerPlacementRandom
2019-09-20 08:52:54,524 [main] WARN  server.ServerUtils (ServerUtils.java:getScmDbDir(145)) - ozone.scm.db.dirs is not configured. We recommend adding this setting. Falling back to ozone.metadata.dirs instead.
2019-09-20 08:52:54,646 [main] INFO  pipeline.SCMPipelineManager (SCMPipelineManager.java:initializePipelineState(126)) - No pipeline exists in current db
2019-09-20 08:52:54,650 [main] WARN  server.ServerUtils (ServerUtils.java:getScmDbDir(145)) - ozone.scm.db.dirs is not configured. We recommend adding this setting. Falling back to ozone.metadata.dirs instead.
2019-09-20 08:52:54,822 [main] WARN  events.EventQueue (EventQueue.java:fireEvent(175)) - No event handler registered for event TypedEvent{payloadType=SafeModeStatus, name='SafeModeStatus'}
2019-09-20 08:52:55,438 [main] INFO  ipc.CallQueueManager (CallQueueManager.java:<init>(84)) - Using callQueue: class java.util.concurrent.LinkedBlockingQueue, queueCapacity: 2000, scheduler: class org.apache.hadoop.ipc.DefaultRpcScheduler, ipcBackoff: false.
2019-09-20 08:52:55,802 [Socket Reader #1 for port 43257] INFO  ipc.Server (Server.java:run(1074)) - Starting Socket Reader #1 for port 43257
2019-09-20 08:52:55,837 [main] INFO  ipc.CallQueueManager (CallQueueManager.java:<init>(84)) - Using callQueue: class java.util.concurrent.LinkedBlockingQueue, queueCapacity: 2000, scheduler: class org.apache.hadoop.ipc.DefaultRpcScheduler, ipcBackoff: false.
2019-09-20 08:52:55,838 [Socket Reader #1 for port 38744] INFO  ipc.Server (Server.java:run(1074)) - Starting Socket Reader #1 for port 38744
2019-09-20 08:52:55,847 [main] INFO  ipc.CallQueueManager (CallQueueManager.java:<init>(84)) - Using callQueue: class java.util.concurrent.LinkedBlockingQueue, queueCapacity: 2000, scheduler: class org.apache.hadoop.ipc.DefaultRpcScheduler, ipcBackoff: false.
2019-09-20 08:52:55,848 [Socket Reader #1 for port 34452] INFO  ipc.Server (Server.java:run(1074)) - Starting Socket Reader #1 for port 34452
2019-09-20 08:52:55,872 [main] INFO  hdfs.DFSUtil (DFSUtil.java:httpServerTemplateForNNAndJN(1641)) - Starting Web-server for scm at: http://0.0.0.0:0
2019-09-20 08:52:55,998 [main] INFO  server.AuthenticationFilter (AuthenticationFilter.java:constructSecretProvider(240)) - Unable to initialize FileSignerSecretProvider, falling back to use random secrets.
2019-09-20 08:52:56,013 [main] WARN  http.HttpRequestLog (HttpRequestLog.java:getRequestLog(97)) - Jetty request log can only be enabled using Log4j
2019-09-20 08:52:56,023 [main] INFO  http.HttpServer2 (HttpServer2.java:addGlobalFilter(975)) - Added global filter 'safety' (class=org.apache.hadoop.http.HttpServer2$QuotingInputFilter)
2019-09-20 08:52:56,026 [main] INFO  http.HttpServer2 (HttpServer2.java:addFilter(948)) - Added filter static_user_filter (class=org.apache.hadoop.http.lib.StaticUserWebFilter$StaticUserFilter) to context scm
2019-09-20 08:52:56,026 [main] INFO  http.HttpServer2 (HttpServer2.java:addFilter(958)) - Added filter static_user_filter (class=org.apache.hadoop.http.lib.StaticUserWebFilter$StaticUserFilter) to context logs
2019-09-20 08:52:56,026 [main] INFO  http.HttpServer2 (HttpServer2.java:addFilter(958)) - Added filter static_user_filter (class=org.apache.hadoop.http.lib.StaticUserWebFilter$StaticUserFilter) to context static
2019-09-20 08:52:56,052 [main] INFO  server.StorageContainerManager (StorageContainerManager.java:start(759)) - StorageContainerLocationProtocol RPC server is listening at /0.0.0.0:34452
2019-09-20 08:52:56,125 [main] WARN  impl.MetricsConfig (MetricsConfig.java:loadFirst(134)) - Cannot locate configuration: tried hadoop-metrics2-storagecontainermanager.properties,hadoop-metrics2.properties
2019-09-20 08:52:56,142 [main] INFO  impl.MetricsSystemImpl (MetricsSystemImpl.java:startTimer(374)) - Scheduled Metric snapshot period at 10 second(s).
2019-09-20 08:52:56,142 [main] INFO  impl.MetricsSystemImpl (MetricsSystemImpl.java:start(191)) - StorageContainerManager metrics system started
2019-09-20 08:52:56,375 [main] INFO  server.SCMClientProtocolServer (SCMClientProtocolServer.java:start(151)) - RPC server for Client  is listening at /0.0.0.0:34452
2019-09-20 08:52:56,376 [IPC Server Responder] INFO  ipc.Server (Server.java:run(1314)) - IPC Server Responder: starting
2019-09-20 08:52:56,376 [IPC Server listener on 34452] INFO  ipc.Server (Server.java:run(1153)) - IPC Server listener on 34452: starting
2019-09-20 08:52:56,378 [main] INFO  server.StorageContainerManager (StorageContainerManager.java:start(769)) - ScmBlockLocationProtocol RPC server is listening at /0.0.0.0:38744
2019-09-20 08:52:56,379 [main] INFO  server.SCMBlockProtocolServer (SCMBlockProtocolServer.java:start(140)) - RPC server for Block Protocol is listening at /0.0.0.0:38744
2019-09-20 08:52:56,379 [IPC Server Responder] INFO  ipc.Server (Server.java:run(1314)) - IPC Server Responder: starting
2019-09-20 08:52:56,379 [IPC Server listener on 38744] INFO  ipc.Server (Server.java:run(1153)) - IPC Server listener on 38744: starting
2019-09-20 08:52:56,381 [main] INFO  server.StorageContainerManager (StorageContainerManager.java:start(773)) - ScmDatanodeProtocl RPC server is listening at /0.0.0.0:43257
2019-09-20 08:52:56,382 [main] INFO  server.SCMDatanodeProtocolServer (SCMDatanodeProtocolServer.java:start(191)) - RPC server for DataNodes is listening at /0.0.0.0:43257
2019-09-20 08:52:56,382 [IPC Server Responder] INFO  ipc.Server (Server.java:run(1314)) - IPC Server Responder: starting
2019-09-20 08:52:56,382 [IPC Server listener on 43257] INFO  ipc.Server (Server.java:run(1153)) - IPC Server listener on 43257: starting
2019-09-20 08:52:56,386 [main] INFO  http.HttpServer2 (HttpServer2.java:bindListener(1191)) - Jetty bound to port 42704
2019-09-20 08:52:56,388 [main] INFO  server.Server (Server.java:doStart(351)) - jetty-9.3.24.v20180605, build timestamp: 2018-06-05T17:11:56Z, git hash: 84205aa28f11a4f31f2a3b86d1bba2cc8ab69827
2019-09-20 08:52:56,423 [main] INFO  handler.ContextHandler (ContextHandler.java:doStart(781)) - Started o.e.j.s.ServletContextHandler@4e70a728{/logs,file:///workdir/hadoop-ozone/tools/target/log,AVAILABLE}
2019-09-20 08:52:56,424 [main] INFO  handler.ContextHandler (ContextHandler.java:doStart(781)) - Started o.e.j.s.ServletContextHandler@1c3146bc{/static,jar:file:/home/user/.m2/repository/org/apache/hadoop/hadoop-hdds-server-scm/0.5.0-SNAPSHOT/hadoop-hdds-server-scm-0.5.0-SNAPSHOT.jar!/webapps/static,AVAILABLE}
2019-09-20 08:52:56,496 [main] INFO  handler.ContextHandler (ContextHandler.java:doStart(781)) - Started o.e.j.w.WebAppContext@72efb5c1{/,file:///tmp/jetty-0.0.0.0-42704-scm-_-any-5572984003049230647.dir/webapp/,AVAILABLE}{/scm}
2019-09-20 08:52:56,502 [main] INFO  server.AbstractConnector (AbstractConnector.java:doStart(278)) - Started ServerConnector@7a0e1b5e{HTTP/1.1,[http/1.1]}{0.0.0.0:42704}
2019-09-20 08:52:56,502 [main] INFO  server.Server (Server.java:doStart(419)) - Started @3735ms
2019-09-20 08:52:56,504 [main] INFO  server.BaseHttpServer (BaseHttpServer.java:updateConnectorAddress(213)) - HTTP server of SCM is listening at http://0.0.0.0:42704
2019-09-20 08:52:56,514 [org.apache.hadoop.util.JvmPauseMonitor$Monitor@15bcf458] INFO  util.JvmPauseMonitor (JvmPauseMonitor.java:run(188)) - Starting JVM pause monitor
2019-09-20 08:52:56,518 [main] WARN  server.ServerUtils (ServerUtils.java:getDBPath(222)) - ozone.om.db.dirs is not configured. We recommend adding this setting. Falling back to ozone.metadata.dirs instead.
2019-09-20 08:52:56,655 [main] WARN  server.ServerUtils (ServerUtils.java:getDBPath(222)) - ozone.om.db.dirs is not configured. We recommend adding this setting. Falling back to ozone.metadata.dirs instead.
2019-09-20 08:52:56,656 [main] WARN  server.ServerUtils (ServerUtils.java:getDBPath(222)) - ozone.om.db.dirs is not configured. We recommend adding this setting. Falling back to ozone.metadata.dirs instead.
2019-09-20 08:52:56,657 [main] INFO  om.OzoneManager (OzoneManager.java:setOMNodeDetails(645)) - OM Service ID is not set. Setting it to the default ID: omServiceIdDefault
2019-09-20 08:52:56,657 [main] INFO  om.OzoneManager (OzoneManager.java:setOMNodeDetails(651)) - OM Node ID is not set. Setting it to the OmStorage's OmID: c318fcb2-a2a7-462c-bde4-c48d09afc4b6
2019-09-20 08:52:56,659 [main] INFO  om.OzoneManager (OzoneManager.java:loadOMHAConfigs(602)) - Found matching OM address with OMServiceId: null, OMNodeId: null, RPC Address: localhost:0 and Ratis port: 9872
2019-09-20 08:52:56,955 | INFO  | SCMAudit | user=jenkins1000 | ip=192.168.36.79 | op=GET_SCM_INFO null | ret=SUCCESS |  
2019-09-20 08:52:57,405 [main] WARN  server.ServerUtils (ServerUtils.java:getDBPath(222)) - ozone.om.db.dirs is not configured. We recommend adding this setting. Falling back to ozone.metadata.dirs instead.
2019-09-20 08:52:57,412 [main] INFO  db.DBStoreBuilder (DBStoreBuilder.java:addTable(110)) - using custom profile for table: userTable
2019-09-20 08:52:57,413 [main] INFO  db.DBStoreBuilder (DBStoreBuilder.java:processTables(161)) - Using default column profile:DBProfile.DISK for Table:userTable
2019-09-20 08:52:57,413 [main] INFO  db.DBStoreBuilder (DBStoreBuilder.java:addTable(110)) - using custom profile for table: volumeTable
2019-09-20 08:52:57,413 [main] INFO  db.DBStoreBuilder (DBStoreBuilder.java:processTables(161)) - Using default column profile:DBProfile.DISK for Table:volumeTable
2019-09-20 08:52:57,413 [main] INFO  db.DBStoreBuilder (DBStoreBuilder.java:addTable(110)) - using custom profile for table: bucketTable
2019-09-20 08:52:57,414 [main] INFO  db.DBStoreBuilder (DBStoreBuilder.java:processTables(161)) - Using default column profile:DBProfile.DISK for Table:bucketTable
2019-09-20 08:52:57,414 [main] INFO  db.DBStoreBuilder (DBStoreBuilder.java:addTable(110)) - using custom profile for table: keyTable
2019-09-20 08:52:57,414 [main] INFO  db.DBStoreBuilder (DBStoreBuilder.java:processTables(161)) - Using default column profile:DBProfile.DISK for Table:keyTable
2019-09-20 08:52:57,414 [main] INFO  db.DBStoreBuilder (DBStoreBuilder.java:addTable(110)) - using custom profile for table: deletedTable
2019-09-20 08:52:57,415 [main] INFO  db.DBStoreBuilder (DBStoreBuilder.java:processTables(161)) - Using default column profile:DBProfile.DISK for Table:deletedTable
2019-09-20 08:52:57,415 [main] INFO  db.DBStoreBuilder (DBStoreBuilder.java:addTable(110)) - using custom profile for table: openKeyTable
2019-09-20 08:52:57,415 [main] INFO  db.DBStoreBuilder (DBStoreBuilder.java:processTables(161)) - Using default column profile:DBProfile.DISK for Table:openKeyTable
2019-09-20 08:52:57,415 [main] INFO  db.DBStoreBuilder (DBStoreBuilder.java:addTable(110)) - using custom profile for table: s3Table
2019-09-20 08:52:57,416 [main] INFO  db.DBStoreBuilder (DBStoreBuilder.java:processTables(161)) - Using default column profile:DBProfile.DISK for Table:s3Table
2019-09-20 08:52:57,416 [main] INFO  db.DBStoreBuilder (DBStoreBuilder.java:addTable(110)) - using custom profile for table: multipartInfoTable
2019-09-20 08:52:57,416 [main] INFO  db.DBStoreBuilder (DBStoreBuilder.java:processTables(161)) - Using default column profile:DBProfile.DISK for Table:multipartInfoTable
2019-09-20 08:52:57,416 [main] INFO  db.DBStoreBuilder (DBStoreBuilder.java:addTable(110)) - using custom profile for table: dTokenTable
2019-09-20 08:52:57,417 [main] INFO  db.DBStoreBuilder (DBStoreBuilder.java:processTables(161)) - Using default column profile:DBProfile.DISK for Table:dTokenTable
2019-09-20 08:52:57,417 [main] INFO  db.DBStoreBuilder (DBStoreBuilder.java:addTable(110)) - using custom profile for table: s3SecretTable
2019-09-20 08:52:57,417 [main] INFO  db.DBStoreBuilder (DBStoreBuilder.java:processTables(161)) - Using default column profile:DBProfile.DISK for Table:s3SecretTable
2019-09-20 08:52:57,417 [main] INFO  db.DBStoreBuilder (DBStoreBuilder.java:addTable(110)) - using custom profile for table: prefixTable
2019-09-20 08:52:57,418 [main] INFO  db.DBStoreBuilder (DBStoreBuilder.java:processTables(161)) - Using default column profile:DBProfile.DISK for Table:prefixTable
2019-09-20 08:52:57,418 [main] INFO  db.DBStoreBuilder (DBStoreBuilder.java:addTable(110)) - using custom profile for table: default
2019-09-20 08:52:57,418 [main] INFO  db.DBStoreBuilder (DBStoreBuilder.java:processTables(167)) - Using default column profile:DBProfile.DISK for Table:default
2019-09-20 08:52:57,418 [main] INFO  db.DBStoreBuilder (DBStoreBuilder.java:getDbProfile(198)) - Using default options. DBProfile.DISK
2019-09-20 08:52:58,294 [main] INFO  ipc.CallQueueManager (CallQueueManager.java:<init>(84)) - Using callQueue: class java.util.concurrent.LinkedBlockingQueue, queueCapacity: 2000, scheduler: class org.apache.hadoop.ipc.DefaultRpcScheduler, ipcBackoff: false.
2019-09-20 08:52:58,295 [Socket Reader #1 for port 40784] INFO  ipc.Server (Server.java:run(1074)) - Starting Socket Reader #1 for port 40784
2019-09-20 08:52:58,321 [main] INFO  om.OzoneManager (OzoneManager.java:start(1256)) - OzoneManager RPC server is listening at localhost/127.0.0.1:40784
2019-09-20 08:52:58,321 [main] INFO  impl.MetricsSystemImpl (MetricsSystemImpl.java:init(158)) - OzoneManager metrics system started (again)
2019-09-20 08:52:58,323 [IPC Server Responder] INFO  ipc.Server (Server.java:run(1314)) - IPC Server Responder: starting
2019-09-20 08:52:58,323 [IPC Server listener on 40784] INFO  ipc.Server (Server.java:run(1153)) - IPC Server listener on 40784: starting
2019-09-20 08:52:58,331 [main] INFO  hdfs.DFSUtil (DFSUtil.java:httpServerTemplateForNNAndJN(1641)) - Starting Web-server for ozoneManager at: http://0.0.0.0:0
2019-09-20 08:52:58,519 [main] INFO  server.AuthenticationFilter (AuthenticationFilter.java:constructSecretProvider(240)) - Unable to initialize FileSignerSecretProvider, falling back to use random secrets.
2019-09-20 08:52:58,520 [main] WARN  http.HttpRequestLog (HttpRequestLog.java:getRequestLog(97)) - Jetty request log can only be enabled using Log4j
2019-09-20 08:52:58,527 [main] INFO  http.HttpServer2 (HttpServer2.java:addGlobalFilter(975)) - Added global filter 'safety' (class=org.apache.hadoop.http.HttpServer2$QuotingInputFilter)
2019-09-20 08:52:58,528 [main] INFO  http.HttpServer2 (HttpServer2.java:addFilter(948)) - Added filter static_user_filter (class=org.apache.hadoop.http.lib.StaticUserWebFilter$StaticUserFilter) to context ozoneManager
2019-09-20 08:52:58,528 [main] INFO  http.HttpServer2 (HttpServer2.java:addFilter(958)) - Added filter static_user_filter (class=org.apache.hadoop.http.lib.StaticUserWebFilter$StaticUserFilter) to context logs
2019-09-20 08:52:58,529 [main] INFO  http.HttpServer2 (HttpServer2.java:addFilter(958)) - Added filter static_user_filter (class=org.apache.hadoop.http.lib.StaticUserWebFilter$StaticUserFilter) to context static
2019-09-20 08:52:58,532 [main] INFO  http.HttpServer2 (HttpServer2.java:bindListener(1191)) - Jetty bound to port 43115
2019-09-20 08:52:58,532 [main] INFO  server.Server (Server.java:doStart(351)) - jetty-9.3.24.v20180605, build timestamp: 2018-06-05T17:11:56Z, git hash: 84205aa28f11a4f31f2a3b86d1bba2cc8ab69827
2019-09-20 08:52:58,535 [main] INFO  handler.ContextHandler (ContextHandler.java:doStart(781)) - Started o.e.j.s.ServletContextHandler@782168b7{/logs,file:///workdir/hadoop-ozone/tools/target/log,AVAILABLE}
2019-09-20 08:52:58,536 [main] INFO  handler.ContextHandler (ContextHandler.java:doStart(781)) - Started o.e.j.s.ServletContextHandler@7435a578{/static,jar:file:/home/user/.m2/repository/org/apache/hadoop/hadoop-ozone-ozone-manager/0.5.0-SNAPSHOT/hadoop-ozone-ozone-manager-0.5.0-SNAPSHOT.jar!/webapps/static,AVAILABLE}
2019-09-20 08:52:58,603 [main] INFO  handler.ContextHandler (ContextHandler.java:doStart(781)) - Started o.e.j.w.WebAppContext@10876a6{/,file:///tmp/jetty-0.0.0.0-43115-ozoneManager-_-any-2362221135874330826.dir/webapp/,AVAILABLE}{/ozoneManager}
2019-09-20 08:52:58,605 [main] INFO  server.AbstractConnector (AbstractConnector.java:doStart(278)) - Started ServerConnector@71870da7{HTTP/1.1,[http/1.1]}{0.0.0.0:43115}
2019-09-20 08:52:58,605 [main] INFO  server.Server (Server.java:doStart(419)) - Started @5838ms
2019-09-20 08:52:58,607 [main] INFO  server.BaseHttpServer (BaseHttpServer.java:updateConnectorAddress(213)) - HTTP server of OZONEMANAGER is listening at http://0.0.0.0:43115
2019-09-20 08:52:58,754 [main] INFO  impl.MetricsSystemImpl (MetricsSystemImpl.java:init(158)) - HddsDatanode metrics system started (again)
2019-09-20 08:52:58,838 [main] INFO  ozone.HddsDatanodeService (HddsDatanodeService.java:start(184)) - HddsDatanodeService host:pr-hdds-1569-s8kj2-2266485376 ip:192.168.36.79
2019-09-20 08:52:58,872 [main] INFO  volume.HddsVolume (HddsVolume.java:<init>(176)) - Creating Volume: /workdir/hadoop-ozone/tools/target/test-dir/MiniOzoneClusterImpl-fdb7164d-332a-4161-9ef6-b429f59a210d/datanode-0/data/containers/hdds of  storage type : DISK and capacity : 1482555576320
2019-09-20 08:52:58,873 [main] INFO  volume.VolumeSet (VolumeSet.java:initializeVolumeSet(170)) - Added Volume : /workdir/hadoop-ozone/tools/target/test-dir/MiniOzoneClusterImpl-fdb7164d-332a-4161-9ef6-b429f59a210d/datanode-0/data/containers/hdds to VolumeSet
2019-09-20 08:52:58,876 [main] INFO  volume.ThrottledAsyncChecker (ThrottledAsyncChecker.java:schedule(140)) - Scheduling a check for org.apache.hadoop.ozone.container.common.volume.HddsVolume@ce9b9a9
2019-09-20 08:52:58,894 [main] INFO  volume.HddsVolumeChecker (HddsVolumeChecker.java:checkAllVolumes(203)) - Scheduled health check for volume org.apache.hadoop.ozone.container.common.volume.HddsVolume@ce9b9a9
2019-09-20 08:52:59,001 [main] INFO  impl.RaftServerProxy (ConfUtils.java:logGet(43)) - raft.rpc.type = GRPC (default)
2019-09-20 08:52:59,070 [main] INFO  grpc.GrpcFactory (GrpcFactory.java:checkPooledByteBufAllocatorUseCacheForAllThreads(45)) - PERFORMANCE WARNING: useCacheForAllThreads is true that may cause Netty to create a lot garbage objects and, as a result, trigger GC.
	It is recommended to disable useCacheForAllThreads by setting -Dorg.apache.ratis.thirdparty.io.netty.allocator.useCacheForAllThreads=false in command line.
2019-09-20 08:52:59,075 [main] INFO  grpc.GrpcConfigKeys$Server (ConfUtils.java:logGet(43)) - raft.grpc.server.port = 0 (default)
2019-09-20 08:52:59,076 [main] INFO  server.GrpcService (ConfUtils.java:logGet(43)) - raft.grpc.message.size.max = 33570816 (custom)
2019-09-20 08:52:59,077 [main] INFO  server.RaftServerConfigKeys (ConfUtils.java:logGet(43)) - raft.server.log.appender.buffer.byte-limit = 33554432 (custom)
2019-09-20 08:52:59,078 [main] INFO  server.GrpcService (ConfUtils.java:logGet(43)) - raft.grpc.flow.control.window = 1MB (=1048576) (default)
2019-09-20 08:52:59,079 [main] INFO  server.RaftServerConfigKeys (ConfUtils.java:logGet(43)) - raft.server.rpc.request.timeout = 3000ms (default)
2019-09-20 08:52:59,248 [main] INFO  server.RaftServerConfigKeys (ConfUtils.java:logGet(43)) - raft.server.storage.dir = [/workdir/hadoop-ozone/tools/target/test-dir/MiniOzoneClusterImpl-fdb7164d-332a-4161-9ef6-b429f59a210d/datanode-0/data/ratis] (custom)
2019-09-20 08:52:59,308 [main] INFO  replication.SimpleContainerDownloader (SimpleContainerDownloader.java:<init>(72)) - Starting container downloader service to copy containers to replicate.
2019-09-20 08:52:59,321 [main] INFO  hdfs.DFSUtil (DFSUtil.java:httpServerTemplateForNNAndJN(1641)) - Starting Web-server for hddsDatanode at: http://0.0.0.0:0
2019-09-20 08:52:59,325 [main] INFO  server.AuthenticationFilter (AuthenticationFilter.java:constructSecretProvider(240)) - Unable to initialize FileSignerSecretProvider, falling back to use random secrets.
2019-09-20 08:52:59,326 [main] WARN  http.HttpRequestLog (HttpRequestLog.java:getRequestLog(97)) - Jetty request log can only be enabled using Log4j
2019-09-20 08:52:59,329 [main] INFO  http.HttpServer2 (HttpServer2.java:addGlobalFilter(975)) - Added global filter 'safety' (class=org.apache.hadoop.http.HttpServer2$QuotingInputFilter)
2019-09-20 08:52:59,330 [main] INFO  http.HttpServer2 (HttpServer2.java:addFilter(948)) - Added filter static_user_filter (class=org.apache.hadoop.http.lib.StaticUserWebFilter$StaticUserFilter) to context hddsDatanode
2019-09-20 08:52:59,330 [main] INFO  http.HttpServer2 (HttpServer2.java:addFilter(958)) - Added filter static_user_filter (class=org.apache.hadoop.http.lib.StaticUserWebFilter$StaticUserFilter) to context logs
2019-09-20 08:52:59,331 [main] INFO  http.HttpServer2 (HttpServer2.java:addFilter(958)) - Added filter static_user_filter (class=org.apache.hadoop.http.lib.StaticUserWebFilter$StaticUserFilter) to context static
2019-09-20 08:52:59,332 [main] INFO  http.HttpServer2 (HttpServer2.java:bindListener(1191)) - Jetty bound to port 34273
2019-09-20 08:52:59,333 [main] INFO  server.Server (Server.java:doStart(351)) - jetty-9.3.24.v20180605, build timestamp: 2018-06-05T17:11:56Z, git hash: 84205aa28f11a4f31f2a3b86d1bba2cc8ab69827
2019-09-20 08:52:59,336 [main] INFO  handler.ContextHandler (ContextHandler.java:doStart(781)) - Started o.e.j.s.ServletContextHandler@75d982d3{/logs,file:///workdir/hadoop-ozone/tools/target/log,AVAILABLE}
2019-09-20 08:52:59,337 [main] INFO  handler.ContextHandler (ContextHandler.java:doStart(781)) - Started o.e.j.s.ServletContextHandler@618ff5c2{/static,jar:file:/home/user/.m2/repository/org/apache/hadoop/hadoop-hdds-container-service/0.5.0-SNAPSHOT/hadoop-hdds-container-service-0.5.0-SNAPSHOT.jar!/webapps/static,AVAILABLE}
2019-09-20 08:52:59,383 [main] INFO  handler.ContextHandler (ContextHandler.java:doStart(781)) - Started o.e.j.w.WebAppContext@74ea46e2{/,file:///tmp/jetty-0.0.0.0-34273-hddsDatanode-_-any-7690579184266576463.dir/webapp/,AVAILABLE}{/hddsDatanode}
2019-09-20 08:52:59,384 [main] INFO  server.AbstractConnector (AbstractConnector.java:doStart(278)) - Started ServerConnector@6f911326{HTTP/1.1,[http/1.1]}{0.0.0.0:34273}
2019-09-20 08:52:59,385 [main] INFO  server.Server (Server.java:doStart(419)) - Started @6618ms
2019-09-20 08:52:59,387 [main] INFO  server.BaseHttpServer (BaseHttpServer.java:updateConnectorAddress(213)) - HTTP server of HDDSDATANODE is listening at http://0.0.0.0:34273
2019-09-20 08:53:00,502 | INFO  | ObjectStoreRestHttpServer | Listening HDDS REST traffic on /0.0.0.0:46599 |  
2019-09-20 08:53:00,503 [main] INFO  ozone.HddsDatanodeService (HddsDatanodeService.java:startPlugins(395)) - Started plug-in org.apache.hadoop.ozone.web.OzoneHddsDatanodeService@644d1b61
2019-09-20 08:53:00,505 [main] INFO  impl.MetricsSystemImpl (MetricsSystemImpl.java:init(158)) - HddsDatanode metrics system started (again)
2019-09-20 08:53:00,508 [main] INFO  ozone.HddsDatanodeService (HddsDatanodeService.java:start(184)) - HddsDatanodeService host:pr-hdds-1569-s8kj2-2266485376 ip:192.168.36.79
2019-09-20 08:53:00,513 [org.apache.hadoop.util.JvmPauseMonitor$Monitor@38535b46] INFO  util.JvmPauseMonitor (JvmPauseMonitor.java:run(188)) - Starting JVM pause monitor
2019-09-20 08:53:00,521 [main] INFO  volume.HddsVolume (HddsVolume.java:<init>(176)) - Creating Volume: /workdir/hadoop-ozone/tools/target/test-dir/MiniOzoneClusterImpl-fdb7164d-332a-4161-9ef6-b429f59a210d/datanode-1/data/containers/hdds of  storage type : DISK and capacity : 1482555576320
2019-09-20 08:53:00,522 [main] INFO  volume.VolumeSet (VolumeSet.java:initializeVolumeSet(170)) - Added Volume : /workdir/hadoop-ozone/tools/target/test-dir/MiniOzoneClusterImpl-fdb7164d-332a-4161-9ef6-b429f59a210d/datanode-1/data/containers/hdds to VolumeSet
2019-09-20 08:53:00,522 [main] INFO  volume.ThrottledAsyncChecker (ThrottledAsyncChecker.java:schedule(140)) - Scheduling a check for org.apache.hadoop.ozone.container.common.volume.HddsVolume@6371cf2f
2019-09-20 08:53:00,523 [main] INFO  volume.HddsVolumeChecker (HddsVolumeChecker.java:checkAllVolumes(203)) - Scheduled health check for volume org.apache.hadoop.ozone.container.common.volume.HddsVolume@6371cf2f
2019-09-20 08:53:00,542 [main] INFO  impl.RaftServerProxy (ConfUtils.java:logGet(43)) - raft.rpc.type = GRPC (default)
2019-09-20 08:53:00,542 [main] INFO  grpc.GrpcFactory (GrpcFactory.java:checkPooledByteBufAllocatorUseCacheForAllThreads(45)) - PERFORMANCE WARNING: useCacheForAllThreads is true that may cause Netty to create a lot garbage objects and, as a result, trigger GC.
	It is recommended to disable useCacheForAllThreads by setting -Dorg.apache.ratis.thirdparty.io.netty.allocator.useCacheForAllThreads=false in command line.
2019-09-20 08:53:00,543 [main] INFO  grpc.GrpcConfigKeys$Server (ConfUtils.java:logGet(43)) - raft.grpc.server.port = 0 (default)
2019-09-20 08:53:00,543 [main] INFO  server.GrpcService (ConfUtils.java:logGet(43)) - raft.grpc.message.size.max = 33570816 (custom)
2019-09-20 08:53:00,543 [main] INFO  server.RaftServerConfigKeys (ConfUtils.java:logGet(43)) - raft.server.log.appender.buffer.byte-limit = 33554432 (custom)
2019-09-20 08:53:00,543 [main] INFO  server.GrpcService (ConfUtils.java:logGet(43)) - raft.grpc.flow.control.window = 1MB (=1048576) (default)
2019-09-20 08:53:00,544 [main] INFO  server.RaftServerConfigKeys (ConfUtils.java:logGet(43)) - raft.server.rpc.request.timeout = 3000ms (default)
2019-09-20 08:53:00,544 [main] INFO  server.RaftServerConfigKeys (ConfUtils.java:logGet(43)) - raft.server.storage.dir = [/workdir/hadoop-ozone/tools/target/test-dir/MiniOzoneClusterImpl-fdb7164d-332a-4161-9ef6-b429f59a210d/datanode-1/data/ratis] (custom)
2019-09-20 08:53:00,545 [main] INFO  replication.SimpleContainerDownloader (SimpleContainerDownloader.java:<init>(72)) - Starting container downloader service to copy containers to replicate.
2019-09-20 08:53:00,546 [main] INFO  hdfs.DFSUtil (DFSUtil.java:httpServerTemplateForNNAndJN(1641)) - Starting Web-server for hddsDatanode at: http://0.0.0.0:0
2019-09-20 08:53:00,547 [main] INFO  server.AuthenticationFilter (AuthenticationFilter.java:constructSecretProvider(240)) - Unable to initialize FileSignerSecretProvider, falling back to use random secrets.
2019-09-20 08:53:00,548 [main] WARN  http.HttpRequestLog (HttpRequestLog.java:getRequestLog(97)) - Jetty request log can only be enabled using Log4j
2019-09-20 08:53:00,550 [main] INFO  http.HttpServer2 (HttpServer2.java:addGlobalFilter(975)) - Added global filter 'safety' (class=org.apache.hadoop.http.HttpServer2$QuotingInputFilter)
2019-09-20 08:53:00,550 [main] INFO  http.HttpServer2 (HttpServer2.java:addFilter(948)) - Added filter static_user_filter (class=org.apache.hadoop.http.lib.StaticUserWebFilter$StaticUserFilter) to context hddsDatanode
2019-09-20 08:53:00,551 [main] INFO  http.HttpServer2 (HttpServer2.java:addFilter(958)) - Added filter static_user_filter (class=org.apache.hadoop.http.lib.StaticUserWebFilter$StaticUserFilter) to context logs
2019-09-20 08:53:00,551 [main] INFO  http.HttpServer2 (HttpServer2.java:addFilter(958)) - Added filter static_user_filter (class=org.apache.hadoop.http.lib.StaticUserWebFilter$StaticUserFilter) to context static
2019-09-20 08:53:00,551 [main] INFO  http.HttpServer2 (HttpServer2.java:bindListener(1191)) - Jetty bound to port 36461
2019-09-20 08:53:00,552 [main] INFO  server.Server (Server.java:doStart(351)) - jetty-9.3.24.v20180605, build timestamp: 2018-06-05T17:11:56Z, git hash: 84205aa28f11a4f31f2a3b86d1bba2cc8ab69827
2019-09-20 08:53:00,555 [main] INFO  handler.ContextHandler (ContextHandler.java:doStart(781)) - Started o.e.j.s.ServletContextHandler@3b97907c{/logs,file:///workdir/hadoop-ozone/tools/target/log,AVAILABLE}
2019-09-20 08:53:00,556 [main] INFO  handler.ContextHandler (ContextHandler.java:doStart(781)) - Started o.e.j.s.ServletContextHandler@631c6d11{/static,jar:file:/home/user/.m2/repository/org/apache/hadoop/hadoop-hdds-container-service/0.5.0-SNAPSHOT/hadoop-hdds-container-service-0.5.0-SNAPSHOT.jar!/webapps/static,AVAILABLE}
2019-09-20 08:53:00,584 [main] INFO  handler.ContextHandler (ContextHandler.java:doStart(781)) - Started o.e.j.w.WebAppContext@61608e1a{/,file:///tmp/jetty-0.0.0.0-36461-hddsDatanode-_-any-7182628472787023398.dir/webapp/,AVAILABLE}{/hddsDatanode}
2019-09-20 08:53:00,585 [main] INFO  server.AbstractConnector (AbstractConnector.java:doStart(278)) - Started ServerConnector@7c46c9c3{HTTP/1.1,[http/1.1]}{0.0.0.0:36461}
2019-09-20 08:53:00,586 [main] INFO  server.Server (Server.java:doStart(419)) - Started @7819ms
2019-09-20 08:53:00,587 [main] INFO  server.BaseHttpServer (BaseHttpServer.java:updateConnectorAddress(213)) - HTTP server of HDDSDATANODE is listening at http://0.0.0.0:36461
2019-09-20 08:53:00,630 [Datanode State Machine Thread - 0] INFO  datanode.InitDatanodeState (InitDatanodeState.java:persistContainerDatanodeDetails(140)) - DatanodeDetails is persisted to /workdir/hadoop-ozone/tools/target/test-dir/MiniOzoneClusterImpl-fdb7164d-332a-4161-9ef6-b429f59a210d/datanode-0/meta/datanode.id
2019-09-20 08:53:00,751 | INFO  | ObjectStoreRestHttpServer | Listening HDDS REST traffic on /0.0.0.0:34801 |  
2019-09-20 08:53:00,751 [main] INFO  ozone.HddsDatanodeService (HddsDatanodeService.java:startPlugins(395)) - Started plug-in org.apache.hadoop.ozone.web.OzoneHddsDatanodeService@12fcb2c3
2019-09-20 08:53:00,752 [main] INFO  impl.MetricsSystemImpl (MetricsSystemImpl.java:init(158)) - HddsDatanode metrics system started (again)
2019-09-20 08:53:00,756 [org.apache.hadoop.util.JvmPauseMonitor$Monitor@1b3c2615] INFO  util.JvmPauseMonitor (JvmPauseMonitor.java:run(188)) - Starting JVM pause monitor
2019-09-20 08:53:00,756 [main] INFO  ozone.HddsDatanodeService (HddsDatanodeService.java:start(184)) - HddsDatanodeService host:pr-hdds-1569-s8kj2-2266485376 ip:192.168.36.79
2019-09-20 08:53:00,763 [Datanode State Machine Thread - 0] INFO  datanode.InitDatanodeState (InitDatanodeState.java:persistContainerDatanodeDetails(140)) - DatanodeDetails is persisted to /workdir/hadoop-ozone/tools/target/test-dir/MiniOzoneClusterImpl-fdb7164d-332a-4161-9ef6-b429f59a210d/datanode-1/meta/datanode.id
2019-09-20 08:53:00,769 [main] INFO  volume.HddsVolume (HddsVolume.java:<init>(176)) - Creating Volume: /workdir/hadoop-ozone/tools/target/test-dir/MiniOzoneClusterImpl-fdb7164d-332a-4161-9ef6-b429f59a210d/datanode-2/data/containers/hdds of  storage type : DISK and capacity : 1482555576320
2019-09-20 08:53:00,770 [main] INFO  volume.VolumeSet (VolumeSet.java:initializeVolumeSet(170)) - Added Volume : /workdir/hadoop-ozone/tools/target/test-dir/MiniOzoneClusterImpl-fdb7164d-332a-4161-9ef6-b429f59a210d/datanode-2/data/containers/hdds to VolumeSet
2019-09-20 08:53:00,770 [main] INFO  volume.ThrottledAsyncChecker (ThrottledAsyncChecker.java:schedule(140)) - Scheduling a check for org.apache.hadoop.ozone.container.common.volume.HddsVolume@740a0d5e
2019-09-20 08:53:00,771 [main] INFO  volume.HddsVolumeChecker (HddsVolumeChecker.java:checkAllVolumes(203)) - Scheduled health check for volume org.apache.hadoop.ozone.container.common.volume.HddsVolume@740a0d5e
2019-09-20 08:53:00,798 [main] INFO  impl.RaftServerProxy (ConfUtils.java:logGet(43)) - raft.rpc.type = GRPC (default)
2019-09-20 08:53:00,799 [main] INFO  grpc.GrpcFactory (GrpcFactory.java:checkPooledByteBufAllocatorUseCacheForAllThreads(45)) - PERFORMANCE WARNING: useCacheForAllThreads is true that may cause Netty to create a lot garbage objects and, as a result, trigger GC.
	It is recommended to disable useCacheForAllThreads by setting -Dorg.apache.ratis.thirdparty.io.netty.allocator.useCacheForAllThreads=false in command line.
2019-09-20 08:53:00,799 [main] INFO  grpc.GrpcConfigKeys$Server (ConfUtils.java:logGet(43)) - raft.grpc.server.port = 0 (default)
2019-09-20 08:53:00,799 [main] INFO  server.GrpcService (ConfUtils.java:logGet(43)) - raft.grpc.message.size.max = 33570816 (custom)
2019-09-20 08:53:00,800 [main] INFO  server.RaftServerConfigKeys (ConfUtils.java:logGet(43)) - raft.server.log.appender.buffer.byte-limit = 33554432 (custom)
2019-09-20 08:53:00,800 [main] INFO  server.GrpcService (ConfUtils.java:logGet(43)) - raft.grpc.flow.control.window = 1MB (=1048576) (default)
2019-09-20 08:53:00,800 [main] INFO  server.RaftServerConfigKeys (ConfUtils.java:logGet(43)) - raft.server.rpc.request.timeout = 3000ms (default)
2019-09-20 08:53:00,801 [main] INFO  server.RaftServerConfigKeys (ConfUtils.java:logGet(43)) - raft.server.storage.dir = [/workdir/hadoop-ozone/tools/target/test-dir/MiniOzoneClusterImpl-fdb7164d-332a-4161-9ef6-b429f59a210d/datanode-2/data/ratis] (custom)
2019-09-20 08:53:00,802 [main] INFO  replication.SimpleContainerDownloader (SimpleContainerDownloader.java:<init>(72)) - Starting container downloader service to copy containers to replicate.
2019-09-20 08:53:00,804 [main] INFO  hdfs.DFSUtil (DFSUtil.java:httpServerTemplateForNNAndJN(1641)) - Starting Web-server for hddsDatanode at: http://0.0.0.0:0
2019-09-20 08:53:00,806 [main] INFO  server.AuthenticationFilter (AuthenticationFilter.java:constructSecretProvider(240)) - Unable to initialize FileSignerSecretProvider, falling back to use random secrets.
2019-09-20 08:53:00,807 [main] WARN  http.HttpRequestLog (HttpRequestLog.java:getRequestLog(97)) - Jetty request log can only be enabled using Log4j
2019-09-20 08:53:00,810 [main] INFO  http.HttpServer2 (HttpServer2.java:addGlobalFilter(975)) - Added global filter 'safety' (class=org.apache.hadoop.http.HttpServer2$QuotingInputFilter)
2019-09-20 08:53:00,811 [main] INFO  http.HttpServer2 (HttpServer2.java:addFilter(948)) - Added filter static_user_filter (class=org.apache.hadoop.http.lib.StaticUserWebFilter$StaticUserFilter) to context hddsDatanode
2019-09-20 08:53:00,811 [main] INFO  http.HttpServer2 (HttpServer2.java:addFilter(958)) - Added filter static_user_filter (class=org.apache.hadoop.http.lib.StaticUserWebFilter$StaticUserFilter) to context static
2019-09-20 08:53:00,812 [main] INFO  http.HttpServer2 (HttpServer2.java:addFilter(958)) - Added filter static_user_filter (class=org.apache.hadoop.http.lib.StaticUserWebFilter$StaticUserFilter) to context logs
2019-09-20 08:53:00,813 [main] INFO  http.HttpServer2 (HttpServer2.java:bindListener(1191)) - Jetty bound to port 46391
2019-09-20 08:53:00,813 [main] INFO  server.Server (Server.java:doStart(351)) - jetty-9.3.24.v20180605, build timestamp: 2018-06-05T17:11:56Z, git hash: 84205aa28f11a4f31f2a3b86d1bba2cc8ab69827
2019-09-20 08:53:00,816 [main] INFO  handler.ContextHandler (ContextHandler.java:doStart(781)) - Started o.e.j.s.ServletContextHandler@296edc75{/logs,file:///workdir/hadoop-ozone/tools/target/log,AVAILABLE}
2019-09-20 08:53:00,817 [main] INFO  handler.ContextHandler (ContextHandler.java:doStart(781)) - Started o.e.j.s.ServletContextHandler@7aea704c{/static,jar:file:/home/user/.m2/repository/org/apache/hadoop/hadoop-hdds-container-service/0.5.0-SNAPSHOT/hadoop-hdds-container-service-0.5.0-SNAPSHOT.jar!/webapps/static,AVAILABLE}
2019-09-20 08:53:00,858 [main] INFO  handler.ContextHandler (ContextHandler.java:doStart(781)) - Started o.e.j.w.WebAppContext@49580ca8{/,file:///tmp/jetty-0.0.0.0-46391-hddsDatanode-_-any-8210545652410237962.dir/webapp/,AVAILABLE}{/hddsDatanode}
2019-09-20 08:53:00,858 [main] INFO  server.AbstractConnector (AbstractConnector.java:doStart(278)) - Started ServerConnector@525647f3{HTTP/1.1,[http/1.1]}{0.0.0.0:46391}
2019-09-20 08:53:00,859 [main] INFO  server.Server (Server.java:doStart(419)) - Started @8092ms
2019-09-20 08:53:00,860 [main] INFO  server.BaseHttpServer (BaseHttpServer.java:updateConnectorAddress(213)) - HTTP server of HDDSDATANODE is listening at http://0.0.0.0:46391
2019-09-20 08:53:01,020 | INFO  | ObjectStoreRestHttpServer | Listening HDDS REST traffic on /0.0.0.0:39060 |  
2019-09-20 08:53:01,020 [main] INFO  ozone.HddsDatanodeService (HddsDatanodeService.java:startPlugins(395)) - Started plug-in org.apache.hadoop.ozone.web.OzoneHddsDatanodeService@51ac12ac
2019-09-20 08:53:01,021 [main] INFO  impl.MetricsSystemImpl (MetricsSystemImpl.java:init(158)) - HddsDatanode metrics system started (again)
2019-09-20 08:53:01,025 [main] INFO  ozone.HddsDatanodeService (HddsDatanodeService.java:start(184)) - HddsDatanodeService host:pr-hdds-1569-s8kj2-2266485376 ip:192.168.36.79
2019-09-20 08:53:01,025 [org.apache.hadoop.util.JvmPauseMonitor$Monitor@55d9c408] INFO  util.JvmPauseMonitor (JvmPauseMonitor.java:run(188)) - Starting JVM pause monitor
2019-09-20 08:53:01,028 [Datanode State Machine Thread - 0] INFO  datanode.InitDatanodeState (InitDatanodeState.java:persistContainerDatanodeDetails(140)) - DatanodeDetails is persisted to /workdir/hadoop-ozone/tools/target/test-dir/MiniOzoneClusterImpl-fdb7164d-332a-4161-9ef6-b429f59a210d/datanode-2/meta/datanode.id
2019-09-20 08:53:01,033 [main] INFO  volume.HddsVolume (HddsVolume.java:<init>(176)) - Creating Volume: /workdir/hadoop-ozone/tools/target/test-dir/MiniOzoneClusterImpl-fdb7164d-332a-4161-9ef6-b429f59a210d/datanode-3/data/containers/hdds of  storage type : DISK and capacity : 1482555576320
2019-09-20 08:53:01,034 [main] INFO  volume.VolumeSet (VolumeSet.java:initializeVolumeSet(170)) - Added Volume : /workdir/hadoop-ozone/tools/target/test-dir/MiniOzoneClusterImpl-fdb7164d-332a-4161-9ef6-b429f59a210d/datanode-3/data/containers/hdds to VolumeSet
2019-09-20 08:53:01,034 [main] INFO  volume.ThrottledAsyncChecker (ThrottledAsyncChecker.java:schedule(140)) - Scheduling a check for org.apache.hadoop.ozone.container.common.volume.HddsVolume@615db358
2019-09-20 08:53:01,035 [main] INFO  volume.HddsVolumeChecker (HddsVolumeChecker.java:checkAllVolumes(203)) - Scheduled health check for volume org.apache.hadoop.ozone.container.common.volume.HddsVolume@615db358
2019-09-20 08:53:01,051 [main] INFO  impl.RaftServerProxy (ConfUtils.java:logGet(43)) - raft.rpc.type = GRPC (default)
2019-09-20 08:53:01,052 [main] INFO  grpc.GrpcFactory (GrpcFactory.java:checkPooledByteBufAllocatorUseCacheForAllThreads(45)) - PERFORMANCE WARNING: useCacheForAllThreads is true that may cause Netty to create a lot garbage objects and, as a result, trigger GC.
	It is recommended to disable useCacheForAllThreads by setting -Dorg.apache.ratis.thirdparty.io.netty.allocator.useCacheForAllThreads=false in command line.
2019-09-20 08:53:01,052 [main] INFO  grpc.GrpcConfigKeys$Server (ConfUtils.java:logGet(43)) - raft.grpc.server.port = 0 (default)
2019-09-20 08:53:01,052 [main] INFO  server.GrpcService (ConfUtils.java:logGet(43)) - raft.grpc.message.size.max = 33570816 (custom)
2019-09-20 08:53:01,052 [main] INFO  server.RaftServerConfigKeys (ConfUtils.java:logGet(43)) - raft.server.log.appender.buffer.byte-limit = 33554432 (custom)
2019-09-20 08:53:01,053 [main] INFO  server.GrpcService (ConfUtils.java:logGet(43)) - raft.grpc.flow.control.window = 1MB (=1048576) (default)
2019-09-20 08:53:01,053 [main] INFO  server.RaftServerConfigKeys (ConfUtils.java:logGet(43)) - raft.server.rpc.request.timeout = 3000ms (default)
2019-09-20 08:53:01,053 [main] INFO  server.RaftServerConfigKeys (ConfUtils.java:logGet(43)) - raft.server.storage.dir = [/workdir/hadoop-ozone/tools/target/test-dir/MiniOzoneClusterImpl-fdb7164d-332a-4161-9ef6-b429f59a210d/datanode-3/data/ratis] (custom)
2019-09-20 08:53:01,054 [main] INFO  replication.SimpleContainerDownloader (SimpleContainerDownloader.java:<init>(72)) - Starting container downloader service to copy containers to replicate.
2019-09-20 08:53:01,055 [main] INFO  hdfs.DFSUtil (DFSUtil.java:httpServerTemplateForNNAndJN(1641)) - Starting Web-server for hddsDatanode at: http://0.0.0.0:0
2019-09-20 08:53:01,056 [main] INFO  server.AuthenticationFilter (AuthenticationFilter.java:constructSecretProvider(240)) - Unable to initialize FileSignerSecretProvider, falling back to use random secrets.
2019-09-20 08:53:01,057 [main] WARN  http.HttpRequestLog (HttpRequestLog.java:getRequestLog(97)) - Jetty request log can only be enabled using Log4j
2019-09-20 08:53:01,059 [main] INFO  http.HttpServer2 (HttpServer2.java:addGlobalFilter(975)) - Added global filter 'safety' (class=org.apache.hadoop.http.HttpServer2$QuotingInputFilter)
2019-09-20 08:53:01,059 [main] INFO  http.HttpServer2 (HttpServer2.java:addFilter(948)) - Added filter static_user_filter (class=org.apache.hadoop.http.lib.StaticUserWebFilter$StaticUserFilter) to context hddsDatanode
2019-09-20 08:53:01,060 [main] INFO  http.HttpServer2 (HttpServer2.java:addFilter(958)) - Added filter static_user_filter (class=org.apache.hadoop.http.lib.StaticUserWebFilter$StaticUserFilter) to context logs
2019-09-20 08:53:01,060 [main] INFO  http.HttpServer2 (HttpServer2.java:addFilter(958)) - Added filter static_user_filter (class=org.apache.hadoop.http.lib.StaticUserWebFilter$StaticUserFilter) to context static
2019-09-20 08:53:01,060 [main] INFO  http.HttpServer2 (HttpServer2.java:bindListener(1191)) - Jetty bound to port 34655
2019-09-20 08:53:01,061 [main] INFO  server.Server (Server.java:doStart(351)) - jetty-9.3.24.v20180605, build timestamp: 2018-06-05T17:11:56Z, git hash: 84205aa28f11a4f31f2a3b86d1bba2cc8ab69827
2019-09-20 08:53:01,066 [main] INFO  handler.ContextHandler (ContextHandler.java:doStart(781)) - Started o.e.j.s.ServletContextHandler@de77146{/logs,file:///workdir/hadoop-ozone/tools/target/log,AVAILABLE}
2019-09-20 08:53:01,067 [main] INFO  handler.ContextHandler (ContextHandler.java:doStart(781)) - Started o.e.j.s.ServletContextHandler@5cfed0ba{/static,jar:file:/home/user/.m2/repository/org/apache/hadoop/hadoop-hdds-container-service/0.5.0-SNAPSHOT/hadoop-hdds-container-service-0.5.0-SNAPSHOT.jar!/webapps/static,AVAILABLE}
2019-09-20 08:53:01,095 [main] INFO  handler.ContextHandler (ContextHandler.java:doStart(781)) - Started o.e.j.w.WebAppContext@6de43bc1{/,file:///tmp/jetty-0.0.0.0-34655-hddsDatanode-_-any-1659846691736267432.dir/webapp/,AVAILABLE}{/hddsDatanode}
2019-09-20 08:53:01,097 [main] INFO  server.AbstractConnector (AbstractConnector.java:doStart(278)) - Started ServerConnector@27a9f025{HTTP/1.1,[http/1.1]}{0.0.0.0:34655}
2019-09-20 08:53:01,097 [main] INFO  server.Server (Server.java:doStart(419)) - Started @8331ms
2019-09-20 08:53:01,099 [main] INFO  server.BaseHttpServer (BaseHttpServer.java:updateConnectorAddress(213)) - HTTP server of HDDSDATANODE is listening at http://0.0.0.0:34655
2019-09-20 08:53:01,261 | INFO  | ObjectStoreRestHttpServer | Listening HDDS REST traffic on /0.0.0.0:38677 |  
2019-09-20 08:53:01,261 [main] INFO  ozone.HddsDatanodeService (HddsDatanodeService.java:startPlugins(395)) - Started plug-in org.apache.hadoop.ozone.web.OzoneHddsDatanodeService@50e5032c
2019-09-20 08:53:01,262 [main] INFO  impl.MetricsSystemImpl (MetricsSystemImpl.java:init(158)) - HddsDatanode metrics system started (again)
2019-09-20 08:53:01,266 [main] INFO  ozone.HddsDatanodeService (HddsDatanodeService.java:start(184)) - HddsDatanodeService host:pr-hdds-1569-s8kj2-2266485376 ip:192.168.36.79
2019-09-20 08:53:01,266 [org.apache.hadoop.util.JvmPauseMonitor$Monitor@6ba75066] INFO  util.JvmPauseMonitor (JvmPauseMonitor.java:run(188)) - Starting JVM pause monitor
2019-09-20 08:53:01,269 [Datanode State Machine Thread - 0] INFO  datanode.InitDatanodeState (InitDatanodeState.java:persistContainerDatanodeDetails(140)) - DatanodeDetails is persisted to /workdir/hadoop-ozone/tools/target/test-dir/MiniOzoneClusterImpl-fdb7164d-332a-4161-9ef6-b429f59a210d/datanode-3/meta/datanode.id
2019-09-20 08:53:01,273 [main] INFO  volume.HddsVolume (HddsVolume.java:<init>(176)) - Creating Volume: /workdir/hadoop-ozone/tools/target/test-dir/MiniOzoneClusterImpl-fdb7164d-332a-4161-9ef6-b429f59a210d/datanode-4/data/containers/hdds of  storage type : DISK and capacity : 1482555576320
2019-09-20 08:53:01,274 [main] INFO  volume.VolumeSet (VolumeSet.java:initializeVolumeSet(170)) - Added Volume : /workdir/hadoop-ozone/tools/target/test-dir/MiniOzoneClusterImpl-fdb7164d-332a-4161-9ef6-b429f59a210d/datanode-4/data/containers/hdds to VolumeSet
2019-09-20 08:53:01,274 [main] INFO  volume.ThrottledAsyncChecker (ThrottledAsyncChecker.java:schedule(140)) - Scheduling a check for org.apache.hadoop.ozone.container.common.volume.HddsVolume@284990de
2019-09-20 08:53:01,275 [main] INFO  volume.HddsVolumeChecker (HddsVolumeChecker.java:checkAllVolumes(203)) - Scheduled health check for volume org.apache.hadoop.ozone.container.common.volume.HddsVolume@284990de
2019-09-20 08:53:01,297 [main] INFO  impl.RaftServerProxy (ConfUtils.java:logGet(43)) - raft.rpc.type = GRPC (default)
2019-09-20 08:53:01,297 [main] INFO  grpc.GrpcFactory (GrpcFactory.java:checkPooledByteBufAllocatorUseCacheForAllThreads(45)) - PERFORMANCE WARNING: useCacheForAllThreads is true that may cause Netty to create a lot garbage objects and, as a result, trigger GC.
	It is recommended to disable useCacheForAllThreads by setting -Dorg.apache.ratis.thirdparty.io.netty.allocator.useCacheForAllThreads=false in command line.
2019-09-20 08:53:01,297 [main] INFO  grpc.GrpcConfigKeys$Server (ConfUtils.java:logGet(43)) - raft.grpc.server.port = 0 (default)
2019-09-20 08:53:01,298 [main] INFO  server.GrpcService (ConfUtils.java:logGet(43)) - raft.grpc.message.size.max = 33570816 (custom)
2019-09-20 08:53:01,298 [main] INFO  server.RaftServerConfigKeys (ConfUtils.java:logGet(43)) - raft.server.log.appender.buffer.byte-limit = 33554432 (custom)
2019-09-20 08:53:01,299 [main] INFO  server.GrpcService (ConfUtils.java:logGet(43)) - raft.grpc.flow.control.window = 1MB (=1048576) (default)
2019-09-20 08:53:01,299 [main] INFO  server.RaftServerConfigKeys (ConfUtils.java:logGet(43)) - raft.server.rpc.request.timeout = 3000ms (default)
2019-09-20 08:53:01,300 [main] INFO  server.RaftServerConfigKeys (ConfUtils.java:logGet(43)) - raft.server.storage.dir = [/workdir/hadoop-ozone/tools/target/test-dir/MiniOzoneClusterImpl-fdb7164d-332a-4161-9ef6-b429f59a210d/datanode-4/data/ratis] (custom)
2019-09-20 08:53:01,301 [main] INFO  replication.SimpleContainerDownloader (SimpleContainerDownloader.java:<init>(72)) - Starting container downloader service to copy containers to replicate.
2019-09-20 08:53:01,302 [main] INFO  hdfs.DFSUtil (DFSUtil.java:httpServerTemplateForNNAndJN(1641)) - Starting Web-server for hddsDatanode at: http://0.0.0.0:0
2019-09-20 08:53:01,305 [main] INFO  server.AuthenticationFilter (AuthenticationFilter.java:constructSecretProvider(240)) - Unable to initialize FileSignerSecretProvider, falling back to use random secrets.
2019-09-20 08:53:01,306 [main] WARN  http.HttpRequestLog (HttpRequestLog.java:getRequestLog(97)) - Jetty request log can only be enabled using Log4j
2019-09-20 08:53:01,309 [main] INFO  http.HttpServer2 (HttpServer2.java:addGlobalFilter(975)) - Added global filter 'safety' (class=org.apache.hadoop.http.HttpServer2$QuotingInputFilter)
2019-09-20 08:53:01,310 [main] INFO  http.HttpServer2 (HttpServer2.java:addFilter(948)) - Added filter static_user_filter (class=org.apache.hadoop.http.lib.StaticUserWebFilter$StaticUserFilter) to context hddsDatanode
2019-09-20 08:53:01,310 [main] INFO  http.HttpServer2 (HttpServer2.java:addFilter(958)) - Added filter static_user_filter (class=org.apache.hadoop.http.lib.StaticUserWebFilter$StaticUserFilter) to context static
2019-09-20 08:53:01,311 [main] INFO  http.HttpServer2 (HttpServer2.java:addFilter(958)) - Added filter static_user_filter (class=org.apache.hadoop.http.lib.StaticUserWebFilter$StaticUserFilter) to context logs
2019-09-20 08:53:01,312 [main] INFO  http.HttpServer2 (HttpServer2.java:bindListener(1191)) - Jetty bound to port 38820
2019-09-20 08:53:01,312 [main] INFO  server.Server (Server.java:doStart(351)) - jetty-9.3.24.v20180605, build timestamp: 2018-06-05T17:11:56Z, git hash: 84205aa28f11a4f31f2a3b86d1bba2cc8ab69827
2019-09-20 08:53:01,315 [main] INFO  handler.ContextHandler (ContextHandler.java:doStart(781)) - Started o.e.j.s.ServletContextHandler@723742b2{/logs,file:///workdir/hadoop-ozone/tools/target/log,AVAILABLE}
2019-09-20 08:53:01,316 [main] INFO  handler.ContextHandler (ContextHandler.java:doStart(781)) - Started o.e.j.s.ServletContextHandler@34c76167{/static,jar:file:/home/user/.m2/repository/org/apache/hadoop/hadoop-hdds-container-service/0.5.0-SNAPSHOT/hadoop-hdds-container-service-0.5.0-SNAPSHOT.jar!/webapps/static,AVAILABLE}
2019-09-20 08:53:01,361 [main] INFO  handler.ContextHandler (ContextHandler.java:doStart(781)) - Started o.e.j.w.WebAppContext@4bc9ca97{/,file:///tmp/jetty-0.0.0.0-38820-hddsDatanode-_-any-123415755215325235.dir/webapp/,AVAILABLE}{/hddsDatanode}
2019-09-20 08:53:01,361 [main] INFO  server.AbstractConnector (AbstractConnector.java:doStart(278)) - Started ServerConnector@3e43f049{HTTP/1.1,[http/1.1]}{0.0.0.0:38820}
2019-09-20 08:53:01,362 [main] INFO  server.Server (Server.java:doStart(419)) - Started @8596ms
2019-09-20 08:53:01,363 [main] INFO  server.BaseHttpServer (BaseHttpServer.java:updateConnectorAddress(213)) - HTTP server of HDDSDATANODE is listening at http://0.0.0.0:38820
2019-09-20 08:53:01,504 | INFO  | ObjectStoreRestHttpServer | Listening HDDS REST traffic on /0.0.0.0:41548 |  
2019-09-20 08:53:01,504 [main] INFO  ozone.HddsDatanodeService (HddsDatanodeService.java:startPlugins(395)) - Started plug-in org.apache.hadoop.ozone.web.OzoneHddsDatanodeService@7db5b890
2019-09-20 08:53:01,507 [main] INFO  ozone.MiniOzoneClusterImpl (MiniOzoneClusterImpl.java:lambda$waitForClusterToBeReady$0(142)) - Waiting for cluster to be ready. Got 0 of 5 DN Heartbeats.
2019-09-20 08:53:01,508 [org.apache.hadoop.util.JvmPauseMonitor$Monitor@480de1bd] INFO  util.JvmPauseMonitor (JvmPauseMonitor.java:run(188)) - Starting JVM pause monitor
2019-09-20 08:53:01,512 [Datanode State Machine Thread - 0] INFO  datanode.InitDatanodeState (InitDatanodeState.java:persistContainerDatanodeDetails(140)) - DatanodeDetails is persisted to /workdir/hadoop-ozone/tools/target/test-dir/MiniOzoneClusterImpl-fdb7164d-332a-4161-9ef6-b429f59a210d/datanode-4/meta/datanode.id
2019-09-20 08:53:02,507 [main] INFO  ozone.MiniOzoneClusterImpl (MiniOzoneClusterImpl.java:lambda$waitForClusterToBeReady$0(142)) - Waiting for cluster to be ready. Got 0 of 5 DN Heartbeats.
2019-09-20 08:53:02,544 | INFO  | SCMAudit | user=jenkins1000 | ip=192.168.36.79 | op=GET_VERSION null | ret=SUCCESS |  
2019-09-20 08:53:02,580 [Datanode State Machine Thread - 0] INFO  ozoneimpl.OzoneContainer (OzoneContainer.java:start(186)) - Attempting to start container services.
2019-09-20 08:53:02,582 [Datanode State Machine Thread - 0] INFO  ozoneimpl.OzoneContainer (OzoneContainer.java:startContainerScrub(160)) - Background container scrubber has been disabled by hdds.containerscrub.enabled
2019-09-20 08:53:02,583 [Datanode State Machine Thread - 0] INFO  ratis.XceiverServerRatis (XceiverServerRatis.java:start(404)) - Starting XceiverServerRatis f78c6f6f-b83c-4bef-83c8-4f247fc2f9cb at port 0
2019-09-20 08:53:02,710 [Datanode State Machine Thread - 0] INFO  impl.RaftServerProxy (RaftServerProxy.java:lambda$start$3(299)) - f78c6f6f-b83c-4bef-83c8-4f247fc2f9cb: start RPC server
2019-09-20 08:53:02,758 | INFO  | SCMAudit | user=jenkins1000 | ip=192.168.36.79 | op=GET_VERSION null | ret=SUCCESS |  
2019-09-20 08:53:02,786 [Datanode State Machine Thread - 0] INFO  ozoneimpl.OzoneContainer (OzoneContainer.java:start(186)) - Attempting to start container services.
2019-09-20 08:53:02,789 [Datanode State Machine Thread - 0] INFO  ozoneimpl.OzoneContainer (OzoneContainer.java:startContainerScrub(160)) - Background container scrubber has been disabled by hdds.containerscrub.enabled
2019-09-20 08:53:02,789 [Datanode State Machine Thread - 0] INFO  ratis.XceiverServerRatis (XceiverServerRatis.java:start(404)) - Starting XceiverServerRatis 036c7012-de9e-4e05-8743-9a12868644f9 at port 0
2019-09-20 08:53:02,800 [Datanode State Machine Thread - 0] INFO  impl.RaftServerProxy (RaftServerProxy.java:lambda$start$3(299)) - 036c7012-de9e-4e05-8743-9a12868644f9: start RPC server
2019-09-20 08:53:02,867 [Datanode State Machine Thread - 0] INFO  server.GrpcService (GrpcService.java:startImpl(149)) - 036c7012-de9e-4e05-8743-9a12868644f9: GrpcService started, listening on 0.0.0.0/0.0.0.0:42237
2019-09-20 08:53:02,867 [Datanode State Machine Thread - 0] INFO  server.GrpcService (GrpcService.java:startImpl(149)) - f78c6f6f-b83c-4bef-83c8-4f247fc2f9cb: GrpcService started, listening on 0.0.0.0/0.0.0.0:33749
2019-09-20 08:53:02,868 [Datanode State Machine Thread - 0] INFO  ratis.XceiverServerRatis (XceiverServerRatis.java:start(414)) - XceiverServerRatis 036c7012-de9e-4e05-8743-9a12868644f9 is started using port 42237
2019-09-20 08:53:02,868 [Datanode State Machine Thread - 0] INFO  ratis.XceiverServerRatis (XceiverServerRatis.java:start(414)) - XceiverServerRatis f78c6f6f-b83c-4bef-83c8-4f247fc2f9cb is started using port 33749
2019-09-20 08:53:02,872 [Datanode State Machine Thread - 0] INFO  server.XceiverServerGrpc (XceiverServerGrpc.java:start(163)) - XceiverServerGrpc 036c7012-de9e-4e05-8743-9a12868644f9 is started using port 36261
2019-09-20 08:53:02,872 [Datanode State Machine Thread - 0] INFO  server.XceiverServerGrpc (XceiverServerGrpc.java:start(163)) - XceiverServerGrpc f78c6f6f-b83c-4bef-83c8-4f247fc2f9cb is started using port 44471
2019-09-20 08:53:03,028 | INFO  | SCMAudit | user=jenkins1000 | ip=192.168.36.79 | op=GET_VERSION null | ret=SUCCESS |  
2019-09-20 08:53:03,058 [Datanode State Machine Thread - 0] INFO  ozoneimpl.OzoneContainer (OzoneContainer.java:start(186)) - Attempting to start container services.
2019-09-20 08:53:03,061 [Datanode State Machine Thread - 0] INFO  ozoneimpl.OzoneContainer (OzoneContainer.java:startContainerScrub(160)) - Background container scrubber has been disabled by hdds.containerscrub.enabled
2019-09-20 08:53:03,061 [Datanode State Machine Thread - 0] INFO  ratis.XceiverServerRatis (XceiverServerRatis.java:start(404)) - Starting XceiverServerRatis b44e7e57-9837-469e-aba7-9d7779212b32 at port 0
2019-09-20 08:53:03,069 [Datanode State Machine Thread - 0] INFO  impl.RaftServerProxy (RaftServerProxy.java:lambda$start$3(299)) - b44e7e57-9837-469e-aba7-9d7779212b32: start RPC server
2019-09-20 08:53:03,073 [Datanode State Machine Thread - 0] INFO  server.GrpcService (GrpcService.java:startImpl(149)) - b44e7e57-9837-469e-aba7-9d7779212b32: GrpcService started, listening on 0.0.0.0/0.0.0.0:41325
2019-09-20 08:53:03,073 [Datanode State Machine Thread - 0] INFO  ratis.XceiverServerRatis (XceiverServerRatis.java:start(414)) - XceiverServerRatis b44e7e57-9837-469e-aba7-9d7779212b32 is started using port 41325
2019-09-20 08:53:03,076 [Datanode State Machine Thread - 0] INFO  server.XceiverServerGrpc (XceiverServerGrpc.java:start(163)) - XceiverServerGrpc b44e7e57-9837-469e-aba7-9d7779212b32 is started using port 45414
2019-09-20 08:53:03,270 | INFO  | SCMAudit | user=jenkins1000 | ip=192.168.36.79 | op=GET_VERSION null | ret=SUCCESS |  
2019-09-20 08:53:03,296 [Datanode State Machine Thread - 0] INFO  ozoneimpl.OzoneContainer (OzoneContainer.java:start(186)) - Attempting to start container services.
2019-09-20 08:53:03,298 [Datanode State Machine Thread - 0] INFO  ozoneimpl.OzoneContainer (OzoneContainer.java:startContainerScrub(160)) - Background container scrubber has been disabled by hdds.containerscrub.enabled
2019-09-20 08:53:03,299 [Datanode State Machine Thread - 0] INFO  ratis.XceiverServerRatis (XceiverServerRatis.java:start(404)) - Starting XceiverServerRatis f924f469-4e73-41d9-9d19-420bd0dc75a2 at port 0
2019-09-20 08:53:03,308 [Datanode State Machine Thread - 0] INFO  impl.RaftServerProxy (RaftServerProxy.java:lambda$start$3(299)) - f924f469-4e73-41d9-9d19-420bd0dc75a2: start RPC server
2019-09-20 08:53:03,312 [Datanode State Machine Thread - 0] INFO  server.GrpcService (GrpcService.java:startImpl(149)) - f924f469-4e73-41d9-9d19-420bd0dc75a2: GrpcService started, listening on 0.0.0.0/0.0.0.0:42715
2019-09-20 08:53:03,312 [Datanode State Machine Thread - 0] INFO  ratis.XceiverServerRatis (XceiverServerRatis.java:start(414)) - XceiverServerRatis f924f469-4e73-41d9-9d19-420bd0dc75a2 is started using port 42715
2019-09-20 08:53:03,315 [Datanode State Machine Thread - 0] INFO  server.XceiverServerGrpc (XceiverServerGrpc.java:start(163)) - XceiverServerGrpc f924f469-4e73-41d9-9d19-420bd0dc75a2 is started using port 38267
2019-09-20 08:53:03,508 [main] INFO  ozone.MiniOzoneClusterImpl (MiniOzoneClusterImpl.java:lambda$waitForClusterToBeReady$0(142)) - Waiting for cluster to be ready. Got 0 of 5 DN Heartbeats.
2019-09-20 08:53:03,512 | INFO  | SCMAudit | user=jenkins1000 | ip=192.168.36.79 | op=GET_VERSION null | ret=SUCCESS |  
2019-09-20 08:53:03,538 [Datanode State Machine Thread - 0] INFO  ozoneimpl.OzoneContainer (OzoneContainer.java:start(186)) - Attempting to start container services.
2019-09-20 08:53:03,546 [Datanode State Machine Thread - 0] INFO  ozoneimpl.OzoneContainer (OzoneContainer.java:startContainerScrub(160)) - Background container scrubber has been disabled by hdds.containerscrub.enabled
2019-09-20 08:53:03,547 [Datanode State Machine Thread - 0] INFO  ratis.XceiverServerRatis (XceiverServerRatis.java:start(404)) - Starting XceiverServerRatis 93e6190b-41b6-4f2c-abfa-7324859860a0 at port 0
2019-09-20 08:53:03,556 [Datanode State Machine Thread - 0] INFO  impl.RaftServerProxy (RaftServerProxy.java:lambda$start$3(299)) - 93e6190b-41b6-4f2c-abfa-7324859860a0: start RPC server
2019-09-20 08:53:03,560 [Datanode State Machine Thread - 0] INFO  server.GrpcService (GrpcService.java:startImpl(149)) - 93e6190b-41b6-4f2c-abfa-7324859860a0: GrpcService started, listening on 0.0.0.0/0.0.0.0:37080
2019-09-20 08:53:03,561 [Datanode State Machine Thread - 0] INFO  ratis.XceiverServerRatis (XceiverServerRatis.java:start(414)) - XceiverServerRatis 93e6190b-41b6-4f2c-abfa-7324859860a0 is started using port 37080
2019-09-20 08:53:03,564 [Datanode State Machine Thread - 0] INFO  server.XceiverServerGrpc (XceiverServerGrpc.java:start(163)) - XceiverServerGrpc 93e6190b-41b6-4f2c-abfa-7324859860a0 is started using port 34831
2019-09-20 08:53:04,509 [main] INFO  ozone.MiniOzoneClusterImpl (MiniOzoneClusterImpl.java:lambda$waitForClusterToBeReady$0(142)) - Waiting for cluster to be ready. Got 0 of 5 DN Heartbeats.
2019-09-20 08:53:04,564 [IPC Server handler 1 on 43257] INFO  net.NetworkTopology (NetworkTopologyImpl.java:add(110)) - Added a new node: /default-rack/f78c6f6f-b83c-4bef-83c8-4f247fc2f9cb
2019-09-20 08:53:04,564 [IPC Server handler 1 on 43257] INFO  node.SCMNodeManager (SCMNodeManager.java:register(273)) - Registered Data node : f78c6f6f-b83c-4bef-83c8-4f247fc2f9cb{ip: 192.168.36.79, host: pr-hdds-1569-s8kj2-2266485376, networkLocation: /default-rack, certSerialId: null}
2019-09-20 08:53:04,571 [EventQueue-NodeRegistrationContainerReportForDataNodeSafeModeRule] INFO  safemode.SCMSafeModeManager (DataNodeSafeModeRule.java:process(71)) - SCM in safe mode. 1 DataNodes registered, 1 required.
2019-09-20 08:53:04,571 [EventQueue-NodeRegistrationContainerReportForDataNodeSafeModeRule] INFO  safemode.SCMSafeModeManager (SCMSafeModeManager.java:validateSafeModeExitRules(177)) - ScmSafeModeManager, all rules are successfully validated
2019-09-20 08:53:04,571 [EventQueue-NodeRegistrationContainerReportForDataNodeSafeModeRule] INFO  safemode.SCMSafeModeManager (SCMSafeModeManager.java:exitSafeMode(193)) - SCM exiting safe mode.
2019-09-20 08:53:04,582 | INFO  | SCMAudit | user=jenkins1000 | ip=192.168.36.79 | op=REGISTER {datanodeDetails=f78c6f6f-b83c-4bef-83c8-4f247fc2f9cb{ip: 192.168.36.79, host: pr-hdds-1569-s8kj2-2266485376, networkLocation: /default-rack, certSerialId: null}} | ret=SUCCESS |  
2019-09-20 08:53:04,761 [IPC Server handler 17 on 43257] INFO  net.NetworkTopology (NetworkTopologyImpl.java:add(110)) - Added a new node: /default-rack/036c7012-de9e-4e05-8743-9a12868644f9
2019-09-20 08:53:04,761 [IPC Server handler 17 on 43257] INFO  node.SCMNodeManager (SCMNodeManager.java:register(273)) - Registered Data node : 036c7012-de9e-4e05-8743-9a12868644f9{ip: 192.168.36.79, host: pr-hdds-1569-s8kj2-2266485376, networkLocation: /default-rack, certSerialId: null}
2019-09-20 08:53:04,762 | INFO  | SCMAudit | user=jenkins1000 | ip=192.168.36.79 | op=REGISTER {datanodeDetails=036c7012-de9e-4e05-8743-9a12868644f9{ip: 192.168.36.79, host: pr-hdds-1569-s8kj2-2266485376, networkLocation: /default-rack, certSerialId: null}} | ret=SUCCESS |  
2019-09-20 08:53:05,032 [IPC Server handler 19 on 43257] INFO  net.NetworkTopology (NetworkTopologyImpl.java:add(110)) - Added a new node: /default-rack/b44e7e57-9837-469e-aba7-9d7779212b32
2019-09-20 08:53:05,032 [IPC Server handler 19 on 43257] INFO  node.SCMNodeManager (SCMNodeManager.java:register(273)) - Registered Data node : b44e7e57-9837-469e-aba7-9d7779212b32{ip: 192.168.36.79, host: pr-hdds-1569-s8kj2-2266485376, networkLocation: /default-rack, certSerialId: null}
2019-09-20 08:53:05,033 | INFO  | SCMAudit | user=jenkins1000 | ip=192.168.36.79 | op=REGISTER {datanodeDetails=b44e7e57-9837-469e-aba7-9d7779212b32{ip: 192.168.36.79, host: pr-hdds-1569-s8kj2-2266485376, networkLocation: /default-rack, certSerialId: null}} | ret=SUCCESS |  
2019-09-20 08:53:05,497 [IPC Server handler 2 on 43257] INFO  net.NetworkTopology (NetworkTopologyImpl.java:add(110)) - Added a new node: /default-rack/f924f469-4e73-41d9-9d19-420bd0dc75a2
2019-09-20 08:53:05,497 [IPC Server handler 2 on 43257] INFO  node.SCMNodeManager (SCMNodeManager.java:register(273)) - Registered Data node : f924f469-4e73-41d9-9d19-420bd0dc75a2{ip: 192.168.36.79, host: pr-hdds-1569-s8kj2-2266485376, networkLocation: /default-rack, certSerialId: null}
2019-09-20 08:53:05,498 | INFO  | SCMAudit | user=jenkins1000 | ip=192.168.36.79 | op=REGISTER {datanodeDetails=f924f469-4e73-41d9-9d19-420bd0dc75a2{ip: 192.168.36.79, host: pr-hdds-1569-s8kj2-2266485376, networkLocation: /default-rack, certSerialId: null}} | ret=SUCCESS |  
2019-09-20 08:53:05,510 [main] INFO  ozone.MiniOzoneClusterImpl (MiniOzoneClusterImpl.java:lambda$waitForClusterToBeReady$0(142)) - Waiting for cluster to be ready. Got 4 of 5 DN Heartbeats.
2019-09-20 08:53:05,510 [IPC Server handler 5 on 43257] INFO  net.NetworkTopology (NetworkTopologyImpl.java:add(110)) - Added a new node: /default-rack/93e6190b-41b6-4f2c-abfa-7324859860a0
2019-09-20 08:53:05,511 [IPC Server handler 5 on 43257] INFO  node.SCMNodeManager (SCMNodeManager.java:register(273)) - Registered Data node : 93e6190b-41b6-4f2c-abfa-7324859860a0{ip: 192.168.36.79, host: pr-hdds-1569-s8kj2-2266485376, networkLocation: /default-rack, certSerialId: null}
2019-09-20 08:53:05,511 | INFO  | SCMAudit | user=jenkins1000 | ip=192.168.36.79 | op=REGISTER {datanodeDetails=93e6190b-41b6-4f2c-abfa-7324859860a0{ip: 192.168.36.79, host: pr-hdds-1569-s8kj2-2266485376, networkLocation: /default-rack, certSerialId: null}} | ret=SUCCESS |  
2019-09-20 08:53:05,579 [grpc-default-executor-0] INFO  impl.RaftServerProxy (RaftServerProxy.java:addNew(89)) - f78c6f6f-b83c-4bef-83c8-4f247fc2f9cb: addNew group-22DACA2D8C6A:[f78c6f6f-b83c-4bef-83c8-4f247fc2f9cb:192.168.36.79:33749] returns group-22DACA2D8C6A:java.util.concurrent.CompletableFuture@37e0d738[Not completed]
2019-09-20 08:53:05,596 [pool-27-thread-1] INFO  impl.RaftServerImpl (RaftServerImpl.java:<init>(93)) - f78c6f6f-b83c-4bef-83c8-4f247fc2f9cb: new RaftServerImpl for group-22DACA2D8C6A:[f78c6f6f-b83c-4bef-83c8-4f247fc2f9cb:192.168.36.79:33749] with ContainerStateMachine:uninitialized
2019-09-20 08:53:05,598 [pool-27-thread-1] INFO  server.RaftServerConfigKeys (ConfUtils.java:logGet(43)) - raft.server.rpc.timeout.min = 5s (custom)
2019-09-20 08:53:05,599 [pool-27-thread-1] INFO  server.RaftServerConfigKeys (ConfUtils.java:logGet(43)) - raft.server.rpc.timeout.max = 5200ms (custom)
2019-09-20 08:53:05,600 [pool-27-thread-1] INFO  server.RaftServerConfigKeys (ConfUtils.java:logGet(43)) - raft.server.rpcslowness.timeout = 120s (custom)
2019-09-20 08:53:05,601 [pool-27-thread-1] INFO  server.RaftServerConfigKeys (ConfUtils.java:logGet(43)) - raft.server.sleep.deviation.threshold = 300 (default)
2019-09-20 08:53:05,601 [pool-27-thread-1] INFO  server.RaftServerConfigKeys (ConfUtils.java:logGet(43)) - raft.server.log.appender.install.snapshot.enabled = false (custom)
2019-09-20 08:53:05,611 [pool-27-thread-1] INFO  impl.RaftServerImpl (ServerState.java:<init>(105)) - f78c6f6f-b83c-4bef-83c8-4f247fc2f9cb:group-22DACA2D8C6A ConfigurationManager, init=-1: [f78c6f6f-b83c-4bef-83c8-4f247fc2f9cb:192.168.36.79:33749], old=null, confs=<EMPTY_MAP>
2019-09-20 08:53:05,612 [pool-27-thread-1] INFO  server.RaftServerConfigKeys (ConfUtils.java:logGet(43)) - raft.server.storage.dir = [/workdir/hadoop-ozone/tools/target/test-dir/MiniOzoneClusterImpl-fdb7164d-332a-4161-9ef6-b429f59a210d/datanode-0/data/ratis] (custom)
2019-09-20 08:53:05,621 [pool-27-thread-1] INFO  storage.RaftStorageDirectory (RaftStorageDirectory.java:analyzeStorage(246)) - The storage directory /workdir/hadoop-ozone/tools/target/test-dir/MiniOzoneClusterImpl-fdb7164d-332a-4161-9ef6-b429f59a210d/datanode-0/data/ratis/98c610c8-6ddf-4899-9406-22daca2d8c6a does not exist. Creating ...
2019-09-20 08:53:05,649 [pool-27-thread-1] INFO  storage.RaftStorageDirectory (RaftStorageDirectory.java:tryLock(328)) - Lock on /workdir/hadoop-ozone/tools/target/test-dir/MiniOzoneClusterImpl-fdb7164d-332a-4161-9ef6-b429f59a210d/datanode-0/data/ratis/98c610c8-6ddf-4899-9406-22daca2d8c6a/in_use.lock acquired by nodename 19168@pr-hdds-1569-s8kj2-2266485376
2019-09-20 08:53:05,676 [pool-27-thread-1] INFO  storage.RaftStorage (RaftStorage.java:format(72)) - Storage directory /workdir/hadoop-ozone/tools/target/test-dir/MiniOzoneClusterImpl-fdb7164d-332a-4161-9ef6-b429f59a210d/datanode-0/data/ratis/98c610c8-6ddf-4899-9406-22daca2d8c6a has been successfully formatted.
2019-09-20 08:53:05,679 [pool-27-thread-1] INFO  ratis.ContainerStateMachine (ContainerStateMachine.java:loadSnapshot(226)) - group-22DACA2D8C6A: The snapshot info is null. Setting the last applied indexto:(t:0, i:~)
2019-09-20 08:53:05,680 [pool-27-thread-1] INFO  server.RaftServerConfigKeys (ConfUtils.java:logGet(43)) - raft.server.leader.election.timeout = 120s (custom)
2019-09-20 08:53:05,682 [pool-27-thread-1] INFO  server.RaftServerConfigKeys (ConfUtils.java:logGet(43)) - raft.server.log.use.memory = false (default)
2019-09-20 08:53:05,690 [pool-27-thread-1] INFO  server.RaftServerConfigKeys (ConfUtils.java:logGet(43)) - raft.server.log.purge.gap = 1000000 (custom)
2019-09-20 08:53:05,690 [pool-27-thread-1] INFO  server.RaftServerConfigKeys (ConfUtils.java:logGet(43)) - raft.server.log.appender.buffer.byte-limit = 33554432 (custom)
2019-09-20 08:53:05,692 [pool-27-thread-1] INFO  server.RaftServerConfigKeys (ConfUtils.java:logGet(43)) - raft.server.log.segment.size.max = 1048576 (custom)
2019-09-20 08:53:05,698 [pool-27-thread-1] INFO  server.RaftServerConfigKeys (ConfUtils.java:logGet(43)) - raft.server.log.segment.cache.num.max = 2 (custom)
2019-09-20 08:53:05,706 [pool-27-thread-1] INFO  segmented.SegmentedRaftLogWorker (SegmentedRaftLogWorker.java:<init>(172)) - new f78c6f6f-b83c-4bef-83c8-4f247fc2f9cb-SegmentedRaftLogWorker:Storage Directory /workdir/hadoop-ozone/tools/target/test-dir/MiniOzoneClusterImpl-fdb7164d-332a-4161-9ef6-b429f59a210d/datanode-0/data/ratis/98c610c8-6ddf-4899-9406-22daca2d8c6a for RaftStorage:Storage Directory /workdir/hadoop-ozone/tools/target/test-dir/MiniOzoneClusterImpl-fdb7164d-332a-4161-9ef6-b429f59a210d/datanode-0/data/ratis/98c610c8-6ddf-4899-9406-22daca2d8c6a
2019-09-20 08:53:05,722 [pool-27-thread-1] INFO  server.RaftServerConfigKeys (ConfUtils.java:logGet(43)) - raft.server.log.queue.byte-limit = 2147483647 (custom)
2019-09-20 08:53:05,723 [pool-27-thread-1] INFO  server.RaftServerConfigKeys (ConfUtils.java:logGet(43)) - raft.server.log.queue.element-limit = 1024 (custom)
2019-09-20 08:53:05,729 [pool-27-thread-1] INFO  server.RaftServerConfigKeys (ConfUtils.java:logGet(43)) - raft.server.log.segment.size.max = 1048576 (custom)
2019-09-20 08:53:05,730 [pool-27-thread-1] INFO  server.RaftServerConfigKeys (ConfUtils.java:logGet(43)) - raft.server.log.preallocated.size = 16384 (custom)
2019-09-20 08:53:05,731 [pool-27-thread-1] INFO  server.RaftServerConfigKeys (ConfUtils.java:logGet(43)) - raft.server.log.write.buffer.size = 33554432 (custom)
2019-09-20 08:53:05,731 [pool-27-thread-1] INFO  server.RaftServerConfigKeys (ConfUtils.java:logGet(43)) - raft.server.log.force.sync.num = 128 (default)
2019-09-20 08:53:05,732 [pool-27-thread-1] INFO  server.RaftServerConfigKeys (ConfUtils.java:logGet(43)) - raft.server.log.statemachine.data.sync = true (default)
2019-09-20 08:53:05,732 [pool-27-thread-1] INFO  server.RaftServerConfigKeys (ConfUtils.java:logGet(43)) - raft.server.log.statemachine.data.sync.timeout = 10s (default)
2019-09-20 08:53:05,733 [pool-27-thread-1] INFO  server.RaftServerConfigKeys (ConfUtils.java:logGet(43)) - raft.server.log.statemachine.data.sync.timeout.retry = -1 (default)
2019-09-20 08:53:05,745 [pool-27-thread-1] INFO  server.RaftServerConfigKeys (ConfUtils.java:logGet(43)) - raft.server.log.statemachine.data.caching.enabled = true (custom)
2019-09-20 08:53:05,750 [pool-27-thread-1] INFO  segmented.SegmentedRaftLogWorker (SegmentedRaftLogWorker.java:lambda$new$0(132)) - f78c6f6f-b83c-4bef-83c8-4f247fc2f9cb-SegmentedRaftLogWorker:Storage Directory /workdir/hadoop-ozone/tools/target/test-dir/MiniOzoneClusterImpl-fdb7164d-332a-4161-9ef6-b429f59a210d/datanode-0/data/ratis/98c610c8-6ddf-4899-9406-22daca2d8c6a: flushIndex: setUnconditionally 0 -> -1
2019-09-20 08:53:05,755 [pool-27-thread-1] INFO  server.RaftServerConfigKeys (ConfUtils.java:logGet(43)) - raft.server.snapshot.auto.trigger.enabled = true (custom)
2019-09-20 08:53:05,756 [pool-27-thread-1] INFO  server.RaftServerConfigKeys (ConfUtils.java:logGet(43)) - raft.server.snapshot.auto.trigger.threshold = 10000 (custom)
2019-09-20 08:53:05,756 [pool-27-thread-1] INFO  server.RaftServerConfigKeys (ConfUtils.java:logGet(43)) - raft.server.retrycache.expirytime = 600000ms (custom)
2019-09-20 08:53:05,777 [pool-27-thread-1] INFO  impl.RaftServerImpl (RaftServerImpl.java:start(180)) - f78c6f6f-b83c-4bef-83c8-4f247fc2f9cb: start group-22DACA2D8C6A
2019-09-20 08:53:05,778 [pool-27-thread-1] INFO  impl.RaftServerImpl (RaftServerImpl.java:setRole(171)) - f78c6f6f-b83c-4bef-83c8-4f247fc2f9cb:group-22DACA2D8C6A changes role from null to FOLLOWER at term 0 for startAsFollower
2019-09-20 08:53:05,779 [pool-27-thread-1] INFO  impl.RoleInfo (RoleInfo.java:updateAndGet(143)) - f78c6f6f-b83c-4bef-83c8-4f247fc2f9cb: start FollowerState
2019-09-20 08:53:05,781 [pool-27-thread-1] INFO  util.JmxRegister (JmxRegister.java:tryRegister(44)) - Successfully registered JMX Bean with object name Ratis:service=RaftServer,group=group-22DACA2D8C6A,id=f78c6f6f-b83c-4bef-83c8-4f247fc2f9cb
2019-09-20 08:53:05,847 [RatisPipelineUtilsThread] INFO  pipeline.PipelineStateManager (PipelineStateManager.java:addPipeline(56)) - Created pipeline Pipeline[ Id: 98c610c8-6ddf-4899-9406-22daca2d8c6a, Nodes: f78c6f6f-b83c-4bef-83c8-4f247fc2f9cb{ip: 192.168.36.79, host: pr-hdds-1569-s8kj2-2266485376, networkLocation: /default-rack, certSerialId: null}, Type:RATIS, Factor:ONE, State:OPEN]
2019-09-20 08:53:05,876 [grpc-default-executor-0] INFO  impl.RaftServerProxy (RaftServerProxy.java:addNew(89)) - b44e7e57-9837-469e-aba7-9d7779212b32: addNew group-E8B1A41B4B16:[b44e7e57-9837-469e-aba7-9d7779212b32:192.168.36.79:41325] returns group-E8B1A41B4B16:java.util.concurrent.CompletableFuture@47309788[Not completed]
2019-09-20 08:53:05,925 [pool-49-thread-1] INFO  impl.RaftServerImpl (RaftServerImpl.java:<init>(93)) - b44e7e57-9837-469e-aba7-9d7779212b32: new RaftServerImpl for group-E8B1A41B4B16:[b44e7e57-9837-469e-aba7-9d7779212b32:192.168.36.79:41325] with ContainerStateMachine:uninitialized
2019-09-20 08:53:05,927 [pool-49-thread-1] INFO  server.RaftServerConfigKeys (ConfUtils.java:logGet(43)) - raft.server.rpc.timeout.min = 5s (custom)
2019-09-20 08:53:05,927 [pool-49-thread-1] INFO  server.RaftServerConfigKeys (ConfUtils.java:logGet(43)) - raft.server.rpc.timeout.max = 5200ms (custom)
2019-09-20 08:53:05,927 [pool-49-thread-1] INFO  server.RaftServerConfigKeys (ConfUtils.java:logGet(43)) - raft.server.rpcslowness.timeout = 120s (custom)
2019-09-20 08:53:05,927 [pool-49-thread-1] INFO  server.RaftServerConfigKeys (ConfUtils.java:logGet(43)) - raft.server.sleep.deviation.threshold = 300 (default)
2019-09-20 08:53:05,927 [pool-49-thread-1] INFO  server.RaftServerConfigKeys (ConfUtils.java:logGet(43)) - raft.server.log.appender.install.snapshot.enabled = false (custom)
2019-09-20 08:53:05,927 [pool-49-thread-1] INFO  impl.RaftServerImpl (ServerState.java:<init>(105)) - b44e7e57-9837-469e-aba7-9d7779212b32:group-E8B1A41B4B16 ConfigurationManager, init=-1: [b44e7e57-9837-469e-aba7-9d7779212b32:192.168.36.79:41325], old=null, confs=<EMPTY_MAP>
2019-09-20 08:53:05,928 [pool-49-thread-1] INFO  server.RaftServerConfigKeys (ConfUtils.java:logGet(43)) - raft.server.storage.dir = [/workdir/hadoop-ozone/tools/target/test-dir/MiniOzoneClusterImpl-fdb7164d-332a-4161-9ef6-b429f59a210d/datanode-2/data/ratis] (custom)
2019-09-20 08:53:05,928 [pool-49-thread-1] INFO  storage.RaftStorageDirectory (RaftStorageDirectory.java:analyzeStorage(246)) - The storage directory /workdir/hadoop-ozone/tools/target/test-dir/MiniOzoneClusterImpl-fdb7164d-332a-4161-9ef6-b429f59a210d/datanode-2/data/ratis/65e631cf-98b6-4d50-8186-e8b1a41b4b16 does not exist. Creating ...
2019-09-20 08:53:05,960 [pool-49-thread-1] INFO  storage.RaftStorageDirectory (RaftStorageDirectory.java:tryLock(328)) - Lock on /workdir/hadoop-ozone/tools/target/test-dir/MiniOzoneClusterImpl-fdb7164d-332a-4161-9ef6-b429f59a210d/datanode-2/data/ratis/65e631cf-98b6-4d50-8186-e8b1a41b4b16/in_use.lock acquired by nodename 19168@pr-hdds-1569-s8kj2-2266485376
2019-09-20 08:53:05,985 [pool-49-thread-1] INFO  storage.RaftStorage (RaftStorage.java:format(72)) - Storage directory /workdir/hadoop-ozone/tools/target/test-dir/MiniOzoneClusterImpl-fdb7164d-332a-4161-9ef6-b429f59a210d/datanode-2/data/ratis/65e631cf-98b6-4d50-8186-e8b1a41b4b16 has been successfully formatted.
2019-09-20 08:53:05,987 [pool-49-thread-1] INFO  ratis.ContainerStateMachine (ContainerStateMachine.java:loadSnapshot(226)) - group-E8B1A41B4B16: The snapshot info is null. Setting the last applied indexto:(t:0, i:~)
2019-09-20 08:53:05,989 [pool-49-thread-1] INFO  server.RaftServerConfigKeys (ConfUtils.java:logGet(43)) - raft.server.leader.election.timeout = 120s (custom)
2019-09-20 08:53:05,989 [pool-49-thread-1] INFO  server.RaftServerConfigKeys (ConfUtils.java:logGet(43)) - raft.server.log.use.memory = false (default)
2019-09-20 08:53:05,989 [pool-49-thread-1] INFO  server.RaftServerConfigKeys (ConfUtils.java:logGet(43)) - raft.server.log.purge.gap = 1000000 (custom)
2019-09-20 08:53:05,989 [pool-49-thread-1] INFO  server.RaftServerConfigKeys (ConfUtils.java:logGet(43)) - raft.server.log.appender.buffer.byte-limit = 33554432 (custom)
2019-09-20 08:53:05,990 [pool-49-thread-1] INFO  server.RaftServerConfigKeys (ConfUtils.java:logGet(43)) - raft.server.log.segment.size.max = 1048576 (custom)
2019-09-20 08:53:05,990 [pool-49-thread-1] INFO  server.RaftServerConfigKeys (ConfUtils.java:logGet(43)) - raft.server.log.segment.cache.num.max = 2 (custom)
2019-09-20 08:53:05,990 [pool-49-thread-1] INFO  segmented.SegmentedRaftLogWorker (SegmentedRaftLogWorker.java:<init>(172)) - new b44e7e57-9837-469e-aba7-9d7779212b32-SegmentedRaftLogWorker:Storage Directory /workdir/hadoop-ozone/tools/target/test-dir/MiniOzoneClusterImpl-fdb7164d-332a-4161-9ef6-b429f59a210d/datanode-2/data/ratis/65e631cf-98b6-4d50-8186-e8b1a41b4b16 for RaftStorage:Storage Directory /workdir/hadoop-ozone/tools/target/test-dir/MiniOzoneClusterImpl-fdb7164d-332a-4161-9ef6-b429f59a210d/datanode-2/data/ratis/65e631cf-98b6-4d50-8186-e8b1a41b4b16
2019-09-20 08:53:05,992 [pool-49-thread-1] INFO  server.RaftServerConfigKeys (ConfUtils.java:logGet(43)) - raft.server.log.queue.byte-limit = 2147483647 (custom)
2019-09-20 08:53:05,992 [pool-49-thread-1] INFO  server.RaftServerConfigKeys (ConfUtils.java:logGet(43)) - raft.server.log.queue.element-limit = 1024 (custom)
2019-09-20 08:53:05,992 [pool-49-thread-1] INFO  server.RaftServerConfigKeys (ConfUtils.java:logGet(43)) - raft.server.log.segment.size.max = 1048576 (custom)
2019-09-20 08:53:05,992 [pool-49-thread-1] INFO  server.RaftServerConfigKeys (ConfUtils.java:logGet(43)) - raft.server.log.preallocated.size = 16384 (custom)
2019-09-20 08:53:05,993 [pool-49-thread-1] INFO  server.RaftServerConfigKeys (ConfUtils.java:logGet(43)) - raft.server.log.write.buffer.size = 33554432 (custom)
2019-09-20 08:53:05,993 [pool-49-thread-1] INFO  server.RaftServerConfigKeys (ConfUtils.java:logGet(43)) - raft.server.log.force.sync.num = 128 (default)
2019-09-20 08:53:05,993 [pool-49-thread-1] INFO  server.RaftServerConfigKeys (ConfUtils.java:logGet(43)) - raft.server.log.statemachine.data.sync = true (default)
2019-09-20 08:53:05,993 [pool-49-thread-1] INFO  server.RaftServerConfigKeys (ConfUtils.java:logGet(43)) - raft.server.log.statemachine.data.sync.timeout = 10s (default)
2019-09-20 08:53:05,993 [pool-49-thread-1] INFO  server.RaftServerConfigKeys (ConfUtils.java:logGet(43)) - raft.server.log.statemachine.data.sync.timeout.retry = -1 (default)
2019-09-20 08:53:05,994 [pool-49-thread-1] INFO  server.RaftServerConfigKeys (ConfUtils.java:logGet(43)) - raft.server.log.statemachine.data.caching.enabled = true (custom)
2019-09-20 08:53:05,994 [pool-49-thread-1] INFO  segmented.SegmentedRaftLogWorker (SegmentedRaftLogWorker.java:lambda$new$0(132)) - b44e7e57-9837-469e-aba7-9d7779212b32-SegmentedRaftLogWorker:Storage Directory /workdir/hadoop-ozone/tools/target/test-dir/MiniOzoneClusterImpl-fdb7164d-332a-4161-9ef6-b429f59a210d/datanode-2/data/ratis/65e631cf-98b6-4d50-8186-e8b1a41b4b16: flushIndex: setUnconditionally 0 -> -1
2019-09-20 08:53:05,995 [pool-49-thread-1] INFO  server.RaftServerConfigKeys (ConfUtils.java:logGet(43)) - raft.server.snapshot.auto.trigger.enabled = true (custom)
2019-09-20 08:53:05,995 [pool-49-thread-1] INFO  server.RaftServerConfigKeys (ConfUtils.java:logGet(43)) - raft.server.snapshot.auto.trigger.threshold = 10000 (custom)
2019-09-20 08:53:05,995 [pool-49-thread-1] INFO  server.RaftServerConfigKeys (ConfUtils.java:logGet(43)) - raft.server.retrycache.expirytime = 600000ms (custom)
2019-09-20 08:53:05,995 [pool-49-thread-1] INFO  impl.RaftServerImpl (RaftServerImpl.java:start(180)) - b44e7e57-9837-469e-aba7-9d7779212b32: start group-E8B1A41B4B16
2019-09-20 08:53:05,996 [pool-49-thread-1] INFO  impl.RaftServerImpl (RaftServerImpl.java:setRole(171)) - b44e7e57-9837-469e-aba7-9d7779212b32:group-E8B1A41B4B16 changes role from null to FOLLOWER at term 0 for startAsFollower
2019-09-20 08:53:05,996 [pool-49-thread-1] INFO  impl.RoleInfo (RoleInfo.java:updateAndGet(143)) - b44e7e57-9837-469e-aba7-9d7779212b32: start FollowerState
2019-09-20 08:53:05,998 [pool-49-thread-1] INFO  util.JmxRegister (JmxRegister.java:tryRegister(44)) - Successfully registered JMX Bean with object name Ratis:service=RaftServer,group=group-E8B1A41B4B16,id=b44e7e57-9837-469e-aba7-9d7779212b32
2019-09-20 08:53:06,021 [RatisPipelineUtilsThread] INFO  pipeline.PipelineStateManager (PipelineStateManager.java:addPipeline(56)) - Created pipeline Pipeline[ Id: 65e631cf-98b6-4d50-8186-e8b1a41b4b16, Nodes: b44e7e57-9837-469e-aba7-9d7779212b32{ip: 192.168.36.79, host: pr-hdds-1569-s8kj2-2266485376, networkLocation: /default-rack, certSerialId: null}, Type:RATIS, Factor:ONE, State:OPEN]
2019-09-20 08:53:06,040 [grpc-default-executor-0] INFO  impl.RaftServerProxy (RaftServerProxy.java:addNew(89)) - b44e7e57-9837-469e-aba7-9d7779212b32: addNew group-3DE20A33B442:[b44e7e57-9837-469e-aba7-9d7779212b32:192.168.36.79:41325] returns group-3DE20A33B442:java.util.concurrent.CompletableFuture@25f4fa9d[Not completed]
2019-09-20 08:53:06,042 [pool-49-thread-1] INFO  impl.RaftServerImpl (RaftServerImpl.java:<init>(93)) - b44e7e57-9837-469e-aba7-9d7779212b32: new RaftServerImpl for group-3DE20A33B442:[b44e7e57-9837-469e-aba7-9d7779212b32:192.168.36.79:41325] with ContainerStateMachine:uninitialized
2019-09-20 08:53:06,043 [pool-49-thread-1] INFO  server.RaftServerConfigKeys (ConfUtils.java:logGet(43)) - raft.server.rpc.timeout.min = 5s (custom)
2019-09-20 08:53:06,043 [pool-49-thread-1] INFO  server.RaftServerConfigKeys (ConfUtils.java:logGet(43)) - raft.server.rpc.timeout.max = 5200ms (custom)
2019-09-20 08:53:06,043 [pool-49-thread-1] INFO  server.RaftServerConfigKeys (ConfUtils.java:logGet(43)) - raft.server.rpcslowness.timeout = 120s (custom)
2019-09-20 08:53:06,043 [pool-49-thread-1] INFO  server.RaftServerConfigKeys (ConfUtils.java:logGet(43)) - raft.server.sleep.deviation.threshold = 300 (default)
2019-09-20 08:53:06,043 [pool-49-thread-1] INFO  server.RaftServerConfigKeys (ConfUtils.java:logGet(43)) - raft.server.log.appender.install.snapshot.enabled = false (custom)
2019-09-20 08:53:06,044 [pool-49-thread-1] INFO  impl.RaftServerImpl (ServerState.java:<init>(105)) - b44e7e57-9837-469e-aba7-9d7779212b32:group-3DE20A33B442 ConfigurationManager, init=-1: [b44e7e57-9837-469e-aba7-9d7779212b32:192.168.36.79:41325], old=null, confs=<EMPTY_MAP>
2019-09-20 08:53:06,044 [pool-49-thread-1] INFO  server.RaftServerConfigKeys (ConfUtils.java:logGet(43)) - raft.server.storage.dir = [/workdir/hadoop-ozone/tools/target/test-dir/MiniOzoneClusterImpl-fdb7164d-332a-4161-9ef6-b429f59a210d/datanode-2/data/ratis] (custom)
2019-09-20 08:53:06,044 [pool-49-thread-1] INFO  storage.RaftStorageDirectory (RaftStorageDirectory.java:analyzeStorage(246)) - The storage directory /workdir/hadoop-ozone/tools/target/test-dir/MiniOzoneClusterImpl-fdb7164d-332a-4161-9ef6-b429f59a210d/datanode-2/data/ratis/9c0ab8e1-9c0c-4efe-bb36-3de20a33b442 does not exist. Creating ...
2019-09-20 08:53:06,070 [pool-49-thread-1] INFO  storage.RaftStorageDirectory (RaftStorageDirectory.java:tryLock(328)) - Lock on /workdir/hadoop-ozone/tools/target/test-dir/MiniOzoneClusterImpl-fdb7164d-332a-4161-9ef6-b429f59a210d/datanode-2/data/ratis/9c0ab8e1-9c0c-4efe-bb36-3de20a33b442/in_use.lock acquired by nodename 19168@pr-hdds-1569-s8kj2-2266485376
2019-09-20 08:53:06,093 [pool-49-thread-1] INFO  storage.RaftStorage (RaftStorage.java:format(72)) - Storage directory /workdir/hadoop-ozone/tools/target/test-dir/MiniOzoneClusterImpl-fdb7164d-332a-4161-9ef6-b429f59a210d/datanode-2/data/ratis/9c0ab8e1-9c0c-4efe-bb36-3de20a33b442 has been successfully formatted.
2019-09-20 08:53:06,094 [pool-49-thread-1] INFO  ratis.ContainerStateMachine (ContainerStateMachine.java:loadSnapshot(226)) - group-3DE20A33B442: The snapshot info is null. Setting the last applied indexto:(t:0, i:~)
2019-09-20 08:53:06,094 [pool-49-thread-1] INFO  server.RaftServerConfigKeys (ConfUtils.java:logGet(43)) - raft.server.leader.election.timeout = 120s (custom)
2019-09-20 08:53:06,094 [pool-49-thread-1] INFO  server.RaftServerConfigKeys (ConfUtils.java:logGet(43)) - raft.server.log.use.memory = false (default)
2019-09-20 08:53:06,094 [pool-49-thread-1] INFO  server.RaftServerConfigKeys (ConfUtils.java:logGet(43)) - raft.server.log.purge.gap = 1000000 (custom)
2019-09-20 08:53:06,095 [pool-49-thread-1] INFO  server.RaftServerConfigKeys (ConfUtils.java:logGet(43)) - raft.server.log.appender.buffer.byte-limit = 33554432 (custom)
2019-09-20 08:53:06,095 [pool-49-thread-1] INFO  server.RaftServerConfigKeys (ConfUtils.java:logGet(43)) - raft.server.log.segment.size.max = 1048576 (custom)
2019-09-20 08:53:06,095 [pool-49-thread-1] INFO  server.RaftServerConfigKeys (ConfUtils.java:logGet(43)) - raft.server.log.segment.cache.num.max = 2 (custom)
2019-09-20 08:53:06,095 [pool-49-thread-1] INFO  segmented.SegmentedRaftLogWorker (SegmentedRaftLogWorker.java:<init>(172)) - new b44e7e57-9837-469e-aba7-9d7779212b32-SegmentedRaftLogWorker:Storage Directory /workdir/hadoop-ozone/tools/target/test-dir/MiniOzoneClusterImpl-fdb7164d-332a-4161-9ef6-b429f59a210d/datanode-2/data/ratis/9c0ab8e1-9c0c-4efe-bb36-3de20a33b442 for RaftStorage:Storage Directory /workdir/hadoop-ozone/tools/target/test-dir/MiniOzoneClusterImpl-fdb7164d-332a-4161-9ef6-b429f59a210d/datanode-2/data/ratis/9c0ab8e1-9c0c-4efe-bb36-3de20a33b442
2019-09-20 08:53:06,096 [pool-49-thread-1] INFO  server.RaftServerConfigKeys (ConfUtils.java:logGet(43)) - raft.server.log.queue.byte-limit = 2147483647 (custom)
2019-09-20 08:53:06,096 [pool-49-thread-1] INFO  server.RaftServerConfigKeys (ConfUtils.java:logGet(43)) - raft.server.log.queue.element-limit = 1024 (custom)
2019-09-20 08:53:06,096 [pool-49-thread-1] INFO  server.RaftServerConfigKeys (ConfUtils.java:logGet(43)) - raft.server.log.segment.size.max = 1048576 (custom)
2019-09-20 08:53:06,096 [pool-49-thread-1] INFO  server.RaftServerConfigKeys (ConfUtils.java:logGet(43)) - raft.server.log.preallocated.size = 16384 (custom)
2019-09-20 08:53:06,097 [pool-49-thread-1] INFO  server.RaftServerConfigKeys (ConfUtils.java:logGet(43)) - raft.server.log.write.buffer.size = 33554432 (custom)
2019-09-20 08:53:06,097 [pool-49-thread-1] INFO  server.RaftServerConfigKeys (ConfUtils.java:logGet(43)) - raft.server.log.force.sync.num = 128 (default)
2019-09-20 08:53:06,097 [pool-49-thread-1] INFO  server.RaftServerConfigKeys (ConfUtils.java:logGet(43)) - raft.server.log.statemachine.data.sync = true (default)
2019-09-20 08:53:06,097 [pool-49-thread-1] INFO  server.RaftServerConfigKeys (ConfUtils.java:logGet(43)) - raft.server.log.statemachine.data.sync.timeout = 10s (default)
2019-09-20 08:53:06,097 [pool-49-thread-1] INFO  server.RaftServerConfigKeys (ConfUtils.java:logGet(43)) - raft.server.log.statemachine.data.sync.timeout.retry = -1 (default)
2019-09-20 08:53:06,098 [pool-49-thread-1] INFO  server.RaftServerConfigKeys (ConfUtils.java:logGet(43)) - raft.server.log.statemachine.data.caching.enabled = true (custom)
2019-09-20 08:53:06,098 [pool-49-thread-1] INFO  segmented.SegmentedRaftLogWorker (SegmentedRaftLogWorker.java:lambda$new$0(132)) - b44e7e57-9837-469e-aba7-9d7779212b32-SegmentedRaftLogWorker:Storage Directory /workdir/hadoop-ozone/tools/target/test-dir/MiniOzoneClusterImpl-fdb7164d-332a-4161-9ef6-b429f59a210d/datanode-2/data/ratis/9c0ab8e1-9c0c-4efe-bb36-3de20a33b442: flushIndex: setUnconditionally 0 -> -1
2019-09-20 08:53:06,099 [pool-49-thread-1] INFO  server.RaftServerConfigKeys (ConfUtils.java:logGet(43)) - raft.server.snapshot.auto.trigger.enabled = true (custom)
2019-09-20 08:53:06,099 [pool-49-thread-1] INFO  server.RaftServerConfigKeys (ConfUtils.java:logGet(43)) - raft.server.snapshot.auto.trigger.threshold = 10000 (custom)
2019-09-20 08:53:06,099 [pool-49-thread-1] INFO  server.RaftServerConfigKeys (ConfUtils.java:logGet(43)) - raft.server.retrycache.expirytime = 600000ms (custom)
2019-09-20 08:53:06,099 [pool-49-thread-1] INFO  impl.RaftServerImpl (RaftServerImpl.java:start(180)) - b44e7e57-9837-469e-aba7-9d7779212b32: start group-3DE20A33B442
2019-09-20 08:53:06,100 [pool-49-thread-1] INFO  impl.RaftServerImpl (RaftServerImpl.java:setRole(171)) - b44e7e57-9837-469e-aba7-9d7779212b32:group-3DE20A33B442 changes role from null to FOLLOWER at term 0 for startAsFollower
2019-09-20 08:53:06,100 [pool-49-thread-1] INFO  impl.RoleInfo (RoleInfo.java:updateAndGet(143)) - b44e7e57-9837-469e-aba7-9d7779212b32: start FollowerState
2019-09-20 08:53:06,100 [pool-49-thread-1] INFO  util.JmxRegister (JmxRegister.java:tryRegister(44)) - Successfully registered JMX Bean with object name Ratis:service=RaftServer,group=group-3DE20A33B442,id=b44e7e57-9837-469e-aba7-9d7779212b32
2019-09-20 08:53:06,111 [RatisPipelineUtilsThread] INFO  pipeline.PipelineStateManager (PipelineStateManager.java:addPipeline(56)) - Created pipeline Pipeline[ Id: 9c0ab8e1-9c0c-4efe-bb36-3de20a33b442, Nodes: b44e7e57-9837-469e-aba7-9d7779212b32{ip: 192.168.36.79, host: pr-hdds-1569-s8kj2-2266485376, networkLocation: /default-rack, certSerialId: null}, Type:RATIS, Factor:ONE, State:OPEN]
2019-09-20 08:53:06,127 [grpc-default-executor-0] INFO  impl.RaftServerProxy (RaftServerProxy.java:addNew(89)) - b44e7e57-9837-469e-aba7-9d7779212b32: addNew group-54202B3324C8:[b44e7e57-9837-469e-aba7-9d7779212b32:192.168.36.79:41325] returns group-54202B3324C8:java.util.concurrent.CompletableFuture@5f5e8e73[Not completed]
2019-09-20 08:53:06,129 [pool-49-thread-1] INFO  impl.RaftServerImpl (RaftServerImpl.java:<init>(93)) - b44e7e57-9837-469e-aba7-9d7779212b32: new RaftServerImpl for group-54202B3324C8:[b44e7e57-9837-469e-aba7-9d7779212b32:192.168.36.79:41325] with ContainerStateMachine:uninitialized
2019-09-20 08:53:06,129 [pool-49-thread-1] INFO  server.RaftServerConfigKeys (ConfUtils.java:logGet(43)) - raft.server.rpc.timeout.min = 5s (custom)
2019-09-20 08:53:06,129 [pool-49-thread-1] INFO  server.RaftServerConfigKeys (ConfUtils.java:logGet(43)) - raft.server.rpc.timeout.max = 5200ms (custom)
2019-09-20 08:53:06,129 [pool-49-thread-1] INFO  server.RaftServerConfigKeys (ConfUtils.java:logGet(43)) - raft.server.rpcslowness.timeout = 120s (custom)
2019-09-20 08:53:06,130 [pool-49-thread-1] INFO  server.RaftServerConfigKeys (ConfUtils.java:logGet(43)) - raft.server.sleep.deviation.threshold = 300 (default)
2019-09-20 08:53:06,130 [pool-49-thread-1] INFO  server.RaftServerConfigKeys (ConfUtils.java:logGet(43)) - raft.server.log.appender.install.snapshot.enabled = false (custom)
2019-09-20 08:53:06,130 [pool-49-thread-1] INFO  impl.RaftServerImpl (ServerState.java:<init>(105)) - b44e7e57-9837-469e-aba7-9d7779212b32:group-54202B3324C8 ConfigurationManager, init=-1: [b44e7e57-9837-469e-aba7-9d7779212b32:192.168.36.79:41325], old=null, confs=<EMPTY_MAP>
2019-09-20 08:53:06,130 [pool-49-thread-1] INFO  server.RaftServerConfigKeys (ConfUtils.java:logGet(43)) - raft.server.storage.dir = [/workdir/hadoop-ozone/tools/target/test-dir/MiniOzoneClusterImpl-fdb7164d-332a-4161-9ef6-b429f59a210d/datanode-2/data/ratis] (custom)
2019-09-20 08:53:06,131 [pool-49-thread-1] INFO  storage.RaftStorageDirectory (RaftStorageDirectory.java:analyzeStorage(246)) - The storage directory /workdir/hadoop-ozone/tools/target/test-dir/MiniOzoneClusterImpl-fdb7164d-332a-4161-9ef6-b429f59a210d/datanode-2/data/ratis/77d603ce-8a01-46cb-8d55-54202b3324c8 does not exist. Creating ...
2019-09-20 08:53:06,154 [pool-49-thread-1] INFO  storage.RaftStorageDirectory (RaftStorageDirectory.java:tryLock(328)) - Lock on /workdir/hadoop-ozone/tools/target/test-dir/MiniOzoneClusterImpl-fdb7164d-332a-4161-9ef6-b429f59a210d/datanode-2/data/ratis/77d603ce-8a01-46cb-8d55-54202b3324c8/in_use.lock acquired by nodename 19168@pr-hdds-1569-s8kj2-2266485376
2019-09-20 08:53:06,186 [pool-49-thread-1] INFO  storage.RaftStorage (RaftStorage.java:format(72)) - Storage directory /workdir/hadoop-ozone/tools/target/test-dir/MiniOzoneClusterImpl-fdb7164d-332a-4161-9ef6-b429f59a210d/datanode-2/data/ratis/77d603ce-8a01-46cb-8d55-54202b3324c8 has been successfully formatted.
2019-09-20 08:53:06,187 [pool-49-thread-1] INFO  ratis.ContainerStateMachine (ContainerStateMachine.java:loadSnapshot(226)) - group-54202B3324C8: The snapshot info is null. Setting the last applied indexto:(t:0, i:~)
2019-09-20 08:53:06,187 [pool-49-thread-1] INFO  server.RaftServerConfigKeys (ConfUtils.java:logGet(43)) - raft.server.leader.election.timeout = 120s (custom)
2019-09-20 08:53:06,187 [pool-49-thread-1] INFO  server.RaftServerConfigKeys (ConfUtils.java:logGet(43)) - raft.server.log.use.memory = false (default)
2019-09-20 08:53:06,187 [pool-49-thread-1] INFO  server.RaftServerConfigKeys (ConfUtils.java:logGet(43)) - raft.server.log.purge.gap = 1000000 (custom)
2019-09-20 08:53:06,187 [pool-49-thread-1] INFO  server.RaftServerConfigKeys (ConfUtils.java:logGet(43)) - raft.server.log.appender.buffer.byte-limit = 33554432 (custom)
2019-09-20 08:53:06,188 [pool-49-thread-1] INFO  server.RaftServerConfigKeys (ConfUtils.java:logGet(43)) - raft.server.log.segment.size.max = 1048576 (custom)
2019-09-20 08:53:06,188 [pool-49-thread-1] INFO  server.RaftServerConfigKeys (ConfUtils.java:logGet(43)) - raft.server.log.segment.cache.num.max = 2 (custom)
2019-09-20 08:53:06,188 [pool-49-thread-1] INFO  segmented.SegmentedRaftLogWorker (SegmentedRaftLogWorker.java:<init>(172)) - new b44e7e57-9837-469e-aba7-9d7779212b32-SegmentedRaftLogWorker:Storage Directory /workdir/hadoop-ozone/tools/target/test-dir/MiniOzoneClusterImpl-fdb7164d-332a-4161-9ef6-b429f59a210d/datanode-2/data/ratis/77d603ce-8a01-46cb-8d55-54202b3324c8 for RaftStorage:Storage Directory /workdir/hadoop-ozone/tools/target/test-dir/MiniOzoneClusterImpl-fdb7164d-332a-4161-9ef6-b429f59a210d/datanode-2/data/ratis/77d603ce-8a01-46cb-8d55-54202b3324c8
2019-09-20 08:53:06,188 [pool-49-thread-1] INFO  server.RaftServerConfigKeys (ConfUtils.java:logGet(43)) - raft.server.log.queue.byte-limit = 2147483647 (custom)
2019-09-20 08:53:06,189 [pool-49-thread-1] INFO  server.RaftServerConfigKeys (ConfUtils.java:logGet(43)) - raft.server.log.queue.element-limit = 1024 (custom)
2019-09-20 08:53:06,189 [pool-49-thread-1] INFO  server.RaftServerConfigKeys (ConfUtils.java:logGet(43)) - raft.server.log.segment.size.max = 1048576 (custom)
2019-09-20 08:53:06,189 [pool-49-thread-1] INFO  server.RaftServerConfigKeys (ConfUtils.java:logGet(43)) - raft.server.log.preallocated.size = 16384 (custom)
2019-09-20 08:53:06,189 [pool-49-thread-1] INFO  server.RaftServerConfigKeys (ConfUtils.java:logGet(43)) - raft.server.log.write.buffer.size = 33554432 (custom)
2019-09-20 08:53:06,189 [pool-49-thread-1] INFO  server.RaftServerConfigKeys (ConfUtils.java:logGet(43)) - raft.server.log.force.sync.num = 128 (default)
2019-09-20 08:53:06,189 [pool-49-thread-1] INFO  server.RaftServerConfigKeys (ConfUtils.java:logGet(43)) - raft.server.log.statemachine.data.sync = true (default)
2019-09-20 08:53:06,190 [pool-49-thread-1] INFO  server.RaftServerConfigKeys (ConfUtils.java:logGet(43)) - raft.server.log.statemachine.data.sync.timeout = 10s (default)
2019-09-20 08:53:06,190 [pool-49-thread-1] INFO  server.RaftServerConfigKeys (ConfUtils.java:logGet(43)) - raft.server.log.statemachine.data.sync.timeout.retry = -1 (default)
2019-09-20 08:53:06,190 [pool-49-thread-1] INFO  server.RaftServerConfigKeys (ConfUtils.java:logGet(43)) - raft.server.log.statemachine.data.caching.enabled = true (custom)
2019-09-20 08:53:06,191 [pool-49-thread-1] INFO  segmented.SegmentedRaftLogWorker (SegmentedRaftLogWorker.java:lambda$new$0(132)) - b44e7e57-9837-469e-aba7-9d7779212b32-SegmentedRaftLogWorker:Storage Directory /workdir/hadoop-ozone/tools/target/test-dir/MiniOzoneClusterImpl-fdb7164d-332a-4161-9ef6-b429f59a210d/datanode-2/data/ratis/77d603ce-8a01-46cb-8d55-54202b3324c8: flushIndex: setUnconditionally 0 -> -1
2019-09-20 08:53:06,191 [pool-49-thread-1] INFO  server.RaftServerConfigKeys (ConfUtils.java:logGet(43)) - raft.server.snapshot.auto.trigger.enabled = true (custom)
2019-09-20 08:53:06,191 [pool-49-thread-1] INFO  server.RaftServerConfigKeys (ConfUtils.java:logGet(43)) - raft.server.snapshot.auto.trigger.threshold = 10000 (custom)
2019-09-20 08:53:06,191 [pool-49-thread-1] INFO  server.RaftServerConfigKeys (ConfUtils.java:logGet(43)) - raft.server.retrycache.expirytime = 600000ms (custom)
2019-09-20 08:53:06,192 [pool-49-thread-1] INFO  impl.RaftServerImpl (RaftServerImpl.java:start(180)) - b44e7e57-9837-469e-aba7-9d7779212b32: start group-54202B3324C8
2019-09-20 08:53:06,192 [pool-49-thread-1] INFO  impl.RaftServerImpl (RaftServerImpl.java:setRole(171)) - b44e7e57-9837-469e-aba7-9d7779212b32:group-54202B3324C8 changes role from null to FOLLOWER at term 0 for startAsFollower
2019-09-20 08:53:06,192 [pool-49-thread-1] INFO  impl.RoleInfo (RoleInfo.java:updateAndGet(143)) - b44e7e57-9837-469e-aba7-9d7779212b32: start FollowerState
2019-09-20 08:53:06,193 [pool-49-thread-1] INFO  util.JmxRegister (JmxRegister.java:tryRegister(44)) - Successfully registered JMX Bean with object name Ratis:service=RaftServer,group=group-54202B3324C8,id=b44e7e57-9837-469e-aba7-9d7779212b32
2019-09-20 08:53:06,206 [RatisPipelineUtilsThread] INFO  pipeline.PipelineStateManager (PipelineStateManager.java:addPipeline(56)) - Created pipeline Pipeline[ Id: 77d603ce-8a01-46cb-8d55-54202b3324c8, Nodes: b44e7e57-9837-469e-aba7-9d7779212b32{ip: 192.168.36.79, host: pr-hdds-1569-s8kj2-2266485376, networkLocation: /default-rack, certSerialId: null}, Type:RATIS, Factor:ONE, State:OPEN]
2019-09-20 08:53:06,238 [grpc-default-executor-0] INFO  impl.RaftServerProxy (RaftServerProxy.java:addNew(89)) - f78c6f6f-b83c-4bef-83c8-4f247fc2f9cb: addNew group-394B48DC2488:[f78c6f6f-b83c-4bef-83c8-4f247fc2f9cb:192.168.36.79:33749] returns group-394B48DC2488:java.util.concurrent.CompletableFuture@4d46b26a[Not completed]
2019-09-20 08:53:06,250 [pool-27-thread-1] INFO  impl.RaftServerImpl (RaftServerImpl.java:<init>(93)) - f78c6f6f-b83c-4bef-83c8-4f247fc2f9cb: new RaftServerImpl for group-394B48DC2488:[f78c6f6f-b83c-4bef-83c8-4f247fc2f9cb:192.168.36.79:33749] with ContainerStateMachine:uninitialized
2019-09-20 08:53:06,250 [pool-27-thread-1] INFO  server.RaftServerConfigKeys (ConfUtils.java:logGet(43)) - raft.server.rpc.timeout.min = 5s (custom)
2019-09-20 08:53:06,250 [pool-27-thread-1] INFO  server.RaftServerConfigKeys (ConfUtils.java:logGet(43)) - raft.server.rpc.timeout.max = 5200ms (custom)
2019-09-20 08:53:06,250 [pool-27-thread-1] INFO  server.RaftServerConfigKeys (ConfUtils.java:logGet(43)) - raft.server.rpcslowness.timeout = 120s (custom)
2019-09-20 08:53:06,251 [pool-27-thread-1] INFO  server.RaftServerConfigKeys (ConfUtils.java:logGet(43)) - raft.server.sleep.deviation.threshold = 300 (default)
2019-09-20 08:53:06,251 [pool-27-thread-1] INFO  server.RaftServerConfigKeys (ConfUtils.java:logGet(43)) - raft.server.log.appender.install.snapshot.enabled = false (custom)
2019-09-20 08:53:06,251 [pool-27-thread-1] INFO  impl.RaftServerImpl (ServerState.java:<init>(105)) - f78c6f6f-b83c-4bef-83c8-4f247fc2f9cb:group-394B48DC2488 ConfigurationManager, init=-1: [f78c6f6f-b83c-4bef-83c8-4f247fc2f9cb:192.168.36.79:33749], old=null, confs=<EMPTY_MAP>
2019-09-20 08:53:06,251 [pool-27-thread-1] INFO  server.RaftServerConfigKeys (ConfUtils.java:logGet(43)) - raft.server.storage.dir = [/workdir/hadoop-ozone/tools/target/test-dir/MiniOzoneClusterImpl-fdb7164d-332a-4161-9ef6-b429f59a210d/datanode-0/data/ratis] (custom)
2019-09-20 08:53:06,252 [pool-27-thread-1] INFO  storage.RaftStorageDirectory (RaftStorageDirectory.java:analyzeStorage(246)) - The storage directory /workdir/hadoop-ozone/tools/target/test-dir/MiniOzoneClusterImpl-fdb7164d-332a-4161-9ef6-b429f59a210d/datanode-0/data/ratis/6fdd9427-d381-43e5-aa5d-394b48dc2488 does not exist. Creating ...
2019-09-20 08:53:06,293 [pool-27-thread-1] INFO  storage.RaftStorageDirectory (RaftStorageDirectory.java:tryLock(328)) - Lock on /workdir/hadoop-ozone/tools/target/test-dir/MiniOzoneClusterImpl-fdb7164d-332a-4161-9ef6-b429f59a210d/datanode-0/data/ratis/6fdd9427-d381-43e5-aa5d-394b48dc2488/in_use.lock acquired by nodename 19168@pr-hdds-1569-s8kj2-2266485376
2019-09-20 08:53:06,328 [pool-27-thread-1] INFO  storage.RaftStorage (RaftStorage.java:format(72)) - Storage directory /workdir/hadoop-ozone/tools/target/test-dir/MiniOzoneClusterImpl-fdb7164d-332a-4161-9ef6-b429f59a210d/datanode-0/data/ratis/6fdd9427-d381-43e5-aa5d-394b48dc2488 has been successfully formatted.
2019-09-20 08:53:06,329 [pool-27-thread-1] INFO  ratis.ContainerStateMachine (ContainerStateMachine.java:loadSnapshot(226)) - group-394B48DC2488: The snapshot info is null. Setting the last applied indexto:(t:0, i:~)
2019-09-20 08:53:06,329 [pool-27-thread-1] INFO  server.RaftServerConfigKeys (ConfUtils.java:logGet(43)) - raft.server.leader.election.timeout = 120s (custom)
2019-09-20 08:53:06,329 [pool-27-thread-1] INFO  server.RaftServerConfigKeys (ConfUtils.java:logGet(43)) - raft.server.log.use.memory = false (default)
2019-09-20 08:53:06,329 [pool-27-thread-1] INFO  server.RaftServerConfigKeys (ConfUtils.java:logGet(43)) - raft.server.log.purge.gap = 1000000 (custom)
2019-09-20 08:53:06,329 [pool-27-thread-1] INFO  server.RaftServerConfigKeys (ConfUtils.java:logGet(43)) - raft.server.log.appender.buffer.byte-limit = 33554432 (custom)
2019-09-20 08:53:06,330 [pool-27-thread-1] INFO  server.RaftServerConfigKeys (ConfUtils.java:logGet(43)) - raft.server.log.segment.size.max = 1048576 (custom)
2019-09-20 08:53:06,330 [pool-27-thread-1] INFO  server.RaftServerConfigKeys (ConfUtils.java:logGet(43)) - raft.server.log.segment.cache.num.max = 2 (custom)
2019-09-20 08:53:06,330 [pool-27-thread-1] INFO  segmented.SegmentedRaftLogWorker (SegmentedRaftLogWorker.java:<init>(172)) - new f78c6f6f-b83c-4bef-83c8-4f247fc2f9cb-SegmentedRaftLogWorker:Storage Directory /workdir/hadoop-ozone/tools/target/test-dir/MiniOzoneClusterImpl-fdb7164d-332a-4161-9ef6-b429f59a210d/datanode-0/data/ratis/6fdd9427-d381-43e5-aa5d-394b48dc2488 for RaftStorage:Storage Directory /workdir/hadoop-ozone/tools/target/test-dir/MiniOzoneClusterImpl-fdb7164d-332a-4161-9ef6-b429f59a210d/datanode-0/data/ratis/6fdd9427-d381-43e5-aa5d-394b48dc2488
2019-09-20 08:53:06,330 [pool-27-thread-1] INFO  server.RaftServerConfigKeys (ConfUtils.java:logGet(43)) - raft.server.log.queue.byte-limit = 2147483647 (custom)
2019-09-20 08:53:06,330 [pool-27-thread-1] INFO  server.RaftServerConfigKeys (ConfUtils.java:logGet(43)) - raft.server.log.queue.element-limit = 1024 (custom)
2019-09-20 08:53:06,331 [pool-27-thread-1] INFO  server.RaftServerConfigKeys (ConfUtils.java:logGet(43)) - raft.server.log.segment.size.max = 1048576 (custom)
2019-09-20 08:53:06,331 [pool-27-thread-1] INFO  server.RaftServerConfigKeys (ConfUtils.java:logGet(43)) - raft.server.log.preallocated.size = 16384 (custom)
2019-09-20 08:53:06,331 [pool-27-thread-1] INFO  server.RaftServerConfigKeys (ConfUtils.java:logGet(43)) - raft.server.log.write.buffer.size = 33554432 (custom)
2019-09-20 08:53:06,331 [pool-27-thread-1] INFO  server.RaftServerConfigKeys (ConfUtils.java:logGet(43)) - raft.server.log.force.sync.num = 128 (default)
2019-09-20 08:53:06,332 [pool-27-thread-1] INFO  server.RaftServerConfigKeys (ConfUtils.java:logGet(43)) - raft.server.log.statemachine.data.sync = true (default)
2019-09-20 08:53:06,332 [pool-27-thread-1] INFO  server.RaftServerConfigKeys (ConfUtils.java:logGet(43)) - raft.server.log.statemachine.data.sync.timeout = 10s (default)
2019-09-20 08:53:06,332 [pool-27-thread-1] INFO  server.RaftServerConfigKeys (ConfUtils.java:logGet(43)) - raft.server.log.statemachine.data.sync.timeout.retry = -1 (default)
2019-09-20 08:53:06,332 [pool-27-thread-1] INFO  server.RaftServerConfigKeys (ConfUtils.java:logGet(43)) - raft.server.log.statemachine.data.caching.enabled = true (custom)
2019-09-20 08:53:06,333 [pool-27-thread-1] INFO  segmented.SegmentedRaftLogWorker (SegmentedRaftLogWorker.java:lambda$new$0(132)) - f78c6f6f-b83c-4bef-83c8-4f247fc2f9cb-SegmentedRaftLogWorker:Storage Directory /workdir/hadoop-ozone/tools/target/test-dir/MiniOzoneClusterImpl-fdb7164d-332a-4161-9ef6-b429f59a210d/datanode-0/data/ratis/6fdd9427-d381-43e5-aa5d-394b48dc2488: flushIndex: setUnconditionally 0 -> -1
2019-09-20 08:53:06,333 [pool-27-thread-1] INFO  server.RaftServerConfigKeys (ConfUtils.java:logGet(43)) - raft.server.snapshot.auto.trigger.enabled = true (custom)
2019-09-20 08:53:06,333 [pool-27-thread-1] INFO  server.RaftServerConfigKeys (ConfUtils.java:logGet(43)) - raft.server.snapshot.auto.trigger.threshold = 10000 (custom)
2019-09-20 08:53:06,334 [pool-27-thread-1] INFO  server.RaftServerConfigKeys (ConfUtils.java:logGet(43)) - raft.server.retrycache.expirytime = 600000ms (custom)
2019-09-20 08:53:06,334 [pool-27-thread-1] INFO  impl.RaftServerImpl (RaftServerImpl.java:start(180)) - f78c6f6f-b83c-4bef-83c8-4f247fc2f9cb: start group-394B48DC2488
2019-09-20 08:53:06,334 [pool-27-thread-1] INFO  impl.RaftServerImpl (RaftServerImpl.java:setRole(171)) - f78c6f6f-b83c-4bef-83c8-4f247fc2f9cb:group-394B48DC2488 changes role from null to FOLLOWER at term 0 for startAsFollower
2019-09-20 08:53:06,335 [pool-27-thread-1] INFO  impl.RoleInfo (RoleInfo.java:updateAndGet(143)) - f78c6f6f-b83c-4bef-83c8-4f247fc2f9cb: start FollowerState
2019-09-20 08:53:06,335 [pool-27-thread-1] INFO  util.JmxRegister (JmxRegister.java:tryRegister(44)) - Successfully registered JMX Bean with object name Ratis:service=RaftServer,group=group-394B48DC2488,id=f78c6f6f-b83c-4bef-83c8-4f247fc2f9cb
2019-09-20 08:53:06,347 [RatisPipelineUtilsThread] INFO  pipeline.PipelineStateManager (PipelineStateManager.java:addPipeline(56)) - Created pipeline Pipeline[ Id: 6fdd9427-d381-43e5-aa5d-394b48dc2488, Nodes: f78c6f6f-b83c-4bef-83c8-4f247fc2f9cb{ip: 192.168.36.79, host: pr-hdds-1569-s8kj2-2266485376, networkLocation: /default-rack, certSerialId: null}, Type:RATIS, Factor:ONE, State:OPEN]
2019-09-20 08:53:06,368 [grpc-default-executor-0] INFO  impl.RaftServerProxy (RaftServerProxy.java:addNew(89)) - b44e7e57-9837-469e-aba7-9d7779212b32: addNew group-518361B733BA:[b44e7e57-9837-469e-aba7-9d7779212b32:192.168.36.79:41325] returns group-518361B733BA:java.util.concurrent.CompletableFuture@74769941[Not completed]
2019-09-20 08:53:06,370 [pool-49-thread-1] INFO  impl.RaftServerImpl (RaftServerImpl.java:<init>(93)) - b44e7e57-9837-469e-aba7-9d7779212b32: new RaftServerImpl for group-518361B733BA:[b44e7e57-9837-469e-aba7-9d7779212b32:192.168.36.79:41325] with ContainerStateMachine:uninitialized
2019-09-20 08:53:06,371 [pool-49-thread-1] INFO  server.RaftServerConfigKeys (ConfUtils.java:logGet(43)) - raft.server.rpc.timeout.min = 5s (custom)
2019-09-20 08:53:06,371 [pool-49-thread-1] INFO  server.RaftServerConfigKeys (ConfUtils.java:logGet(43)) - raft.server.rpc.timeout.max = 5200ms (custom)
2019-09-20 08:53:06,371 [pool-49-thread-1] INFO  server.RaftServerConfigKeys (ConfUtils.java:logGet(43)) - raft.server.rpcslowness.timeout = 120s (custom)
2019-09-20 08:53:06,371 [pool-49-thread-1] INFO  server.RaftServerConfigKeys (ConfUtils.java:logGet(43)) - raft.server.sleep.deviation.threshold = 300 (default)
2019-09-20 08:53:06,372 [pool-49-thread-1] INFO  server.RaftServerConfigKeys (ConfUtils.java:logGet(43)) - raft.server.log.appender.install.snapshot.enabled = false (custom)
2019-09-20 08:53:06,372 [pool-49-thread-1] INFO  impl.RaftServerImpl (ServerState.java:<init>(105)) - b44e7e57-9837-469e-aba7-9d7779212b32:group-518361B733BA ConfigurationManager, init=-1: [b44e7e57-9837-469e-aba7-9d7779212b32:192.168.36.79:41325], old=null, confs=<EMPTY_MAP>
2019-09-20 08:53:06,372 [pool-49-thread-1] INFO  server.RaftServerConfigKeys (ConfUtils.java:logGet(43)) - raft.server.storage.dir = [/workdir/hadoop-ozone/tools/target/test-dir/MiniOzoneClusterImpl-fdb7164d-332a-4161-9ef6-b429f59a210d/datanode-2/data/ratis] (custom)
2019-09-20 08:53:06,372 [pool-49-thread-1] INFO  storage.RaftStorageDirectory (RaftStorageDirectory.java:analyzeStorage(246)) - The storage directory /workdir/hadoop-ozone/tools/target/test-dir/MiniOzoneClusterImpl-fdb7164d-332a-4161-9ef6-b429f59a210d/datanode-2/data/ratis/508b6196-7575-408e-8168-518361b733ba does not exist. Creating ...
2019-09-20 08:53:06,403 [pool-49-thread-1] INFO  storage.RaftStorageDirectory (RaftStorageDirectory.java:tryLock(328)) - Lock on /workdir/hadoop-ozone/tools/target/test-dir/MiniOzoneClusterImpl-fdb7164d-332a-4161-9ef6-b429f59a210d/datanode-2/data/ratis/508b6196-7575-408e-8168-518361b733ba/in_use.lock acquired by nodename 19168@pr-hdds-1569-s8kj2-2266485376
2019-09-20 08:53:06,429 [pool-49-thread-1] INFO  storage.RaftStorage (RaftStorage.java:format(72)) - Storage directory /workdir/hadoop-ozone/tools/target/test-dir/MiniOzoneClusterImpl-fdb7164d-332a-4161-9ef6-b429f59a210d/datanode-2/data/ratis/508b6196-7575-408e-8168-518361b733ba has been successfully formatted.
2019-09-20 08:53:06,429 [pool-49-thread-1] INFO  ratis.ContainerStateMachine (ContainerStateMachine.java:loadSnapshot(226)) - group-518361B733BA: The snapshot info is null. Setting the last applied indexto:(t:0, i:~)
2019-09-20 08:53:06,430 [pool-49-thread-1] INFO  server.RaftServerConfigKeys (ConfUtils.java:logGet(43)) - raft.server.leader.election.timeout = 120s (custom)
2019-09-20 08:53:06,430 [pool-49-thread-1] INFO  server.RaftServerConfigKeys (ConfUtils.java:logGet(43)) - raft.server.log.use.memory = false (default)
2019-09-20 08:53:06,430 [pool-49-thread-1] INFO  server.RaftServerConfigKeys (ConfUtils.java:logGet(43)) - raft.server.log.purge.gap = 1000000 (custom)
2019-09-20 08:53:06,430 [pool-49-thread-1] INFO  server.RaftServerConfigKeys (ConfUtils.java:logGet(43)) - raft.server.log.appender.buffer.byte-limit = 33554432 (custom)
2019-09-20 08:53:06,430 [pool-49-thread-1] INFO  server.RaftServerConfigKeys (ConfUtils.java:logGet(43)) - raft.server.log.segment.size.max = 1048576 (custom)
2019-09-20 08:53:06,431 [pool-49-thread-1] INFO  server.RaftServerConfigKeys (ConfUtils.java:logGet(43)) - raft.server.log.segment.cache.num.max = 2 (custom)
2019-09-20 08:53:06,431 [pool-49-thread-1] INFO  segmented.SegmentedRaftLogWorker (SegmentedRaftLogWorker.java:<init>(172)) - new b44e7e57-9837-469e-aba7-9d7779212b32-SegmentedRaftLogWorker:Storage Directory /workdir/hadoop-ozone/tools/target/test-dir/MiniOzoneClusterImpl-fdb7164d-332a-4161-9ef6-b429f59a210d/datanode-2/data/ratis/508b6196-7575-408e-8168-518361b733ba for RaftStorage:Storage Directory /workdir/hadoop-ozone/tools/target/test-dir/MiniOzoneClusterImpl-fdb7164d-332a-4161-9ef6-b429f59a210d/datanode-2/data/ratis/508b6196-7575-408e-8168-518361b733ba
2019-09-20 08:53:06,431 [pool-49-thread-1] INFO  server.RaftServerConfigKeys (ConfUtils.java:logGet(43)) - raft.server.log.queue.byte-limit = 2147483647 (custom)
2019-09-20 08:53:06,431 [pool-49-thread-1] INFO  server.RaftServerConfigKeys (ConfUtils.java:logGet(43)) - raft.server.log.queue.element-limit = 1024 (custom)
2019-09-20 08:53:06,432 [pool-49-thread-1] INFO  server.RaftServerConfigKeys (ConfUtils.java:logGet(43)) - raft.server.log.segment.size.max = 1048576 (custom)
2019-09-20 08:53:06,432 [pool-49-thread-1] INFO  server.RaftServerConfigKeys (ConfUtils.java:logGet(43)) - raft.server.log.preallocated.size = 16384 (custom)
2019-09-20 08:53:06,432 [pool-49-thread-1] INFO  server.RaftServerConfigKeys (ConfUtils.java:logGet(43)) - raft.server.log.write.buffer.size = 33554432 (custom)
2019-09-20 08:53:06,432 [pool-49-thread-1] INFO  server.RaftServerConfigKeys (ConfUtils.java:logGet(43)) - raft.server.log.force.sync.num = 128 (default)
2019-09-20 08:53:06,432 [pool-49-thread-1] INFO  server.RaftServerConfigKeys (ConfUtils.java:logGet(43)) - raft.server.log.statemachine.data.sync = true (default)
2019-09-20 08:53:06,433 [pool-49-thread-1] INFO  server.RaftServerConfigKeys (ConfUtils.java:logGet(43)) - raft.server.log.statemachine.data.sync.timeout = 10s (default)
2019-09-20 08:53:06,433 [pool-49-thread-1] INFO  server.RaftServerConfigKeys (ConfUtils.java:logGet(43)) - raft.server.log.statemachine.data.sync.timeout.retry = -1 (default)
2019-09-20 08:53:06,433 [pool-49-thread-1] INFO  server.RaftServerConfigKeys (ConfUtils.java:logGet(43)) - raft.server.log.statemachine.data.caching.enabled = true (custom)
2019-09-20 08:53:06,433 [pool-49-thread-1] INFO  segmented.SegmentedRaftLogWorker (SegmentedRaftLogWorker.java:lambda$new$0(132)) - b44e7e57-9837-469e-aba7-9d7779212b32-SegmentedRaftLogWorker:Storage Directory /workdir/hadoop-ozone/tools/target/test-dir/MiniOzoneClusterImpl-fdb7164d-332a-4161-9ef6-b429f59a210d/datanode-2/data/ratis/508b6196-7575-408e-8168-518361b733ba: flushIndex: setUnconditionally 0 -> -1
2019-09-20 08:53:06,434 [pool-49-thread-1] INFO  server.RaftServerConfigKeys (ConfUtils.java:logGet(43)) - raft.server.snapshot.auto.trigger.enabled = true (custom)
2019-09-20 08:53:06,434 [pool-49-thread-1] INFO  server.RaftServerConfigKeys (ConfUtils.java:logGet(43)) - raft.server.snapshot.auto.trigger.threshold = 10000 (custom)
2019-09-20 08:53:06,434 [pool-49-thread-1] INFO  server.RaftServerConfigKeys (ConfUtils.java:logGet(43)) - raft.server.retrycache.expirytime = 600000ms (custom)
2019-09-20 08:53:06,435 [pool-49-thread-1] INFO  impl.RaftServerImpl (RaftServerImpl.java:start(180)) - b44e7e57-9837-469e-aba7-9d7779212b32: start group-518361B733BA
2019-09-20 08:53:06,435 [pool-49-thread-1] INFO  impl.RaftServerImpl (RaftServerImpl.java:setRole(171)) - b44e7e57-9837-469e-aba7-9d7779212b32:group-518361B733BA changes role from null to FOLLOWER at term 0 for startAsFollower
2019-09-20 08:53:06,435 [pool-49-thread-1] INFO  impl.RoleInfo (RoleInfo.java:updateAndGet(143)) - b44e7e57-9837-469e-aba7-9d7779212b32: start FollowerState
2019-09-20 08:53:06,436 [pool-49-thread-1] INFO  util.JmxRegister (JmxRegister.java:tryRegister(44)) - Successfully registered JMX Bean with object name Ratis:service=RaftServer,group=group-518361B733BA,id=b44e7e57-9837-469e-aba7-9d7779212b32
2019-09-20 08:53:06,459 [RatisPipelineUtilsThread] INFO  pipeline.PipelineStateManager (PipelineStateManager.java:addPipeline(56)) - Created pipeline Pipeline[ Id: 508b6196-7575-408e-8168-518361b733ba, Nodes: b44e7e57-9837-469e-aba7-9d7779212b32{ip: 192.168.36.79, host: pr-hdds-1569-s8kj2-2266485376, networkLocation: /default-rack, certSerialId: null}, Type:RATIS, Factor:ONE, State:OPEN]
2019-09-20 08:53:06,475 [grpc-default-executor-0] INFO  impl.RaftServerProxy (RaftServerProxy.java:addNew(89)) - 036c7012-de9e-4e05-8743-9a12868644f9: addNew group-3F9ED881412F:[036c7012-de9e-4e05-8743-9a12868644f9:192.168.36.79:42237] returns group-3F9ED881412F:java.util.concurrent.CompletableFuture@3d7805b9[Not completed]
2019-09-20 08:53:06,478 [pool-38-thread-1] INFO  impl.RaftServerImpl (RaftServerImpl.java:<init>(93)) - 036c7012-de9e-4e05-8743-9a12868644f9: new RaftServerImpl for group-3F9ED881412F:[036c7012-de9e-4e05-8743-9a12868644f9:192.168.36.79:42237] with ContainerStateMachine:uninitialized
2019-09-20 08:53:06,478 [pool-38-thread-1] INFO  server.RaftServerConfigKeys (ConfUtils.java:logGet(43)) - raft.server.rpc.timeout.min = 5s (custom)
2019-09-20 08:53:06,478 [pool-38-thread-1] INFO  server.RaftServerConfigKeys (ConfUtils.java:logGet(43)) - raft.server.rpc.timeout.max = 5200ms (custom)
2019-09-20 08:53:06,479 [pool-38-thread-1] INFO  server.RaftServerConfigKeys (ConfUtils.java:logGet(43)) - raft.server.rpcslowness.timeout = 120s (custom)
2019-09-20 08:53:06,479 [pool-38-thread-1] INFO  server.RaftServerConfigKeys (ConfUtils.java:logGet(43)) - raft.server.sleep.deviation.threshold = 300 (default)
2019-09-20 08:53:06,479 [pool-38-thread-1] INFO  server.RaftServerConfigKeys (ConfUtils.java:logGet(43)) - raft.server.log.appender.install.snapshot.enabled = false (custom)
2019-09-20 08:53:06,479 [pool-38-thread-1] INFO  impl.RaftServerImpl (ServerState.java:<init>(105)) - 036c7012-de9e-4e05-8743-9a12868644f9:group-3F9ED881412F ConfigurationManager, init=-1: [036c7012-de9e-4e05-8743-9a12868644f9:192.168.36.79:42237], old=null, confs=<EMPTY_MAP>
2019-09-20 08:53:06,479 [pool-38-thread-1] INFO  server.RaftServerConfigKeys (ConfUtils.java:logGet(43)) - raft.server.storage.dir = [/workdir/hadoop-ozone/tools/target/test-dir/MiniOzoneClusterImpl-fdb7164d-332a-4161-9ef6-b429f59a210d/datanode-1/data/ratis] (custom)
2019-09-20 08:53:06,480 [pool-38-thread-1] INFO  storage.RaftStorageDirectory (RaftStorageDirectory.java:analyzeStorage(246)) - The storage directory /workdir/hadoop-ozone/tools/target/test-dir/MiniOzoneClusterImpl-fdb7164d-332a-4161-9ef6-b429f59a210d/datanode-1/data/ratis/1a6b2784-5da7-4596-a632-3f9ed881412f does not exist. Creating ...
2019-09-20 08:53:06,504 [pool-38-thread-1] INFO  storage.RaftStorageDirectory (RaftStorageDirectory.java:tryLock(328)) - Lock on /workdir/hadoop-ozone/tools/target/test-dir/MiniOzoneClusterImpl-fdb7164d-332a-4161-9ef6-b429f59a210d/datanode-1/data/ratis/1a6b2784-5da7-4596-a632-3f9ed881412f/in_use.lock acquired by nodename 19168@pr-hdds-1569-s8kj2-2266485376
2019-09-20 08:53:06,510 [main] INFO  ozone.MiniOzoneClusterImpl (MiniOzoneClusterImpl.java:lambda$waitForClusterToBeReady$0(142)) - Cluster is ready. Got 5 of 5 DN Heartbeats.
2019-09-20 08:53:06,538 [pool-38-thread-1] INFO  storage.RaftStorage (RaftStorage.java:format(72)) - Storage directory /workdir/hadoop-ozone/tools/target/test-dir/MiniOzoneClusterImpl-fdb7164d-332a-4161-9ef6-b429f59a210d/datanode-1/data/ratis/1a6b2784-5da7-4596-a632-3f9ed881412f has been successfully formatted.
2019-09-20 08:53:06,538 [pool-38-thread-1] INFO  ratis.ContainerStateMachine (ContainerStateMachine.java:loadSnapshot(226)) - group-3F9ED881412F: The snapshot info is null. Setting the last applied indexto:(t:0, i:~)
2019-09-20 08:53:06,539 [pool-38-thread-1] INFO  server.RaftServerConfigKeys (ConfUtils.java:logGet(43)) - raft.server.leader.election.timeout = 120s (custom)
2019-09-20 08:53:06,539 [pool-38-thread-1] INFO  server.RaftServerConfigKeys (ConfUtils.java:logGet(43)) - raft.server.log.use.memory = false (default)
2019-09-20 08:53:06,539 [pool-38-thread-1] INFO  server.RaftServerConfigKeys (ConfUtils.java:logGet(43)) - raft.server.log.purge.gap = 1000000 (custom)
2019-09-20 08:53:06,539 [pool-38-thread-1] INFO  server.RaftServerConfigKeys (ConfUtils.java:logGet(43)) - raft.server.log.appender.buffer.byte-limit = 33554432 (custom)
2019-09-20 08:53:06,540 [pool-38-thread-1] INFO  server.RaftServerConfigKeys (ConfUtils.java:logGet(43)) - raft.server.log.segment.size.max = 1048576 (custom)
2019-09-20 08:53:06,540 [pool-38-thread-1] INFO  server.RaftServerConfigKeys (ConfUtils.java:logGet(43)) - raft.server.log.segment.cache.num.max = 2 (custom)
2019-09-20 08:53:06,540 [pool-38-thread-1] INFO  segmented.SegmentedRaftLogWorker (SegmentedRaftLogWorker.java:<init>(172)) - new 036c7012-de9e-4e05-8743-9a12868644f9-SegmentedRaftLogWorker:Storage Directory /workdir/hadoop-ozone/tools/target/test-dir/MiniOzoneClusterImpl-fdb7164d-332a-4161-9ef6-b429f59a210d/datanode-1/data/ratis/1a6b2784-5da7-4596-a632-3f9ed881412f for RaftStorage:Storage Directory /workdir/hadoop-ozone/tools/target/test-dir/MiniOzoneClusterImpl-fdb7164d-332a-4161-9ef6-b429f59a210d/datanode-1/data/ratis/1a6b2784-5da7-4596-a632-3f9ed881412f
2019-09-20 08:53:06,540 [pool-38-thread-1] INFO  server.RaftServerConfigKeys (ConfUtils.java:logGet(43)) - raft.server.log.queue.byte-limit = 2147483647 (custom)
2019-09-20 08:53:06,540 [pool-38-thread-1] INFO  server.RaftServerConfigKeys (ConfUtils.java:logGet(43)) - raft.server.log.queue.element-limit = 1024 (custom)
2019-09-20 08:53:06,541 [pool-38-thread-1] INFO  server.RaftServerConfigKeys (ConfUtils.java:logGet(43)) - raft.server.log.segment.size.max = 1048576 (custom)
2019-09-20 08:53:06,541 [pool-38-thread-1] INFO  server.RaftServerConfigKeys (ConfUtils.java:logGet(43)) - raft.server.log.preallocated.size = 16384 (custom)
2019-09-20 08:53:06,541 [pool-38-thread-1] INFO  server.RaftServerConfigKeys (ConfUtils.java:logGet(43)) - raft.server.log.write.buffer.size = 33554432 (custom)
2019-09-20 08:53:06,541 [pool-38-thread-1] INFO  server.RaftServerConfigKeys (ConfUtils.java:logGet(43)) - raft.server.log.force.sync.num = 128 (default)
2019-09-20 08:53:06,542 | INFO  | SCMAudit | user=jenkins1000 | ip=192.168.36.79 | op=SEND_HEARTBEAT {datanodeUUID=f78c6f6f-b83c-4bef-83c8-4f247fc2f9cb, command=[]} | ret=SUCCESS |  
2019-09-20 08:53:06,542 [pool-38-thread-1] INFO  server.RaftServerConfigKeys (ConfUtils.java:logGet(43)) - raft.server.log.statemachine.data.sync = true (default)
2019-09-20 08:53:06,542 [pool-38-thread-1] INFO  server.RaftServerConfigKeys (ConfUtils.java:logGet(43)) - raft.server.log.statemachine.data.sync.timeout = 10s (default)
2019-09-20 08:53:06,542 [pool-38-thread-1] INFO  server.RaftServerConfigKeys (ConfUtils.java:logGet(43)) - raft.server.log.statemachine.data.sync.timeout.retry = -1 (default)
2019-09-20 08:53:06,543 [pool-38-thread-1] INFO  server.RaftServerConfigKeys (ConfUtils.java:logGet(43)) - raft.server.log.statemachine.data.caching.enabled = true (custom)
2019-09-20 08:53:06,543 [pool-38-thread-1] INFO  segmented.SegmentedRaftLogWorker (SegmentedRaftLogWorker.java:lambda$new$0(132)) - 036c7012-de9e-4e05-8743-9a12868644f9-SegmentedRaftLogWorker:Storage Directory /workdir/hadoop-ozone/tools/target/test-dir/MiniOzoneClusterImpl-fdb7164d-332a-4161-9ef6-b429f59a210d/datanode-1/data/ratis/1a6b2784-5da7-4596-a632-3f9ed881412f: flushIndex: setUnconditionally 0 -> -1
2019-09-20 08:53:06,543 [pool-38-thread-1] INFO  server.RaftServerConfigKeys (ConfUtils.java:logGet(43)) - raft.server.snapshot.auto.trigger.enabled = true (custom)
2019-09-20 08:53:06,544 [pool-38-thread-1] INFO  server.RaftServerConfigKeys (ConfUtils.java:logGet(43)) - raft.server.snapshot.auto.trigger.threshold = 10000 (custom)
2019-09-20 08:53:06,544 [pool-38-thread-1] INFO  server.RaftServerConfigKeys (ConfUtils.java:logGet(43)) - raft.server.retrycache.expirytime = 600000ms (custom)
2019-09-20 08:53:06,544 [pool-38-thread-1] INFO  impl.RaftServerImpl (RaftServerImpl.java:start(180)) - 036c7012-de9e-4e05-8743-9a12868644f9: start group-3F9ED881412F
2019-09-20 08:53:06,544 [pool-38-thread-1] INFO  impl.RaftServerImpl (RaftServerImpl.java:setRole(171)) - 036c7012-de9e-4e05-8743-9a12868644f9:group-3F9ED881412F changes role from null to FOLLOWER at term 0 for startAsFollower
2019-09-20 08:53:06,545 [pool-38-thread-1] INFO  impl.RoleInfo (RoleInfo.java:updateAndGet(143)) - 036c7012-de9e-4e05-8743-9a12868644f9: start FollowerState
2019-09-20 08:53:06,545 [pool-38-thread-1] INFO  util.JmxRegister (JmxRegister.java:tryRegister(44)) - Successfully registered JMX Bean with object name Ratis:service=RaftServer,group=group-3F9ED881412F,id=036c7012-de9e-4e05-8743-9a12868644f9
2019-09-20 08:53:06,560 [RatisPipelineUtilsThread] INFO  pipeline.PipelineStateManager (PipelineStateManager.java:addPipeline(56)) - Created pipeline Pipeline[ Id: 1a6b2784-5da7-4596-a632-3f9ed881412f, Nodes: 036c7012-de9e-4e05-8743-9a12868644f9{ip: 192.168.36.79, host: pr-hdds-1569-s8kj2-2266485376, networkLocation: /default-rack, certSerialId: null}, Type:RATIS, Factor:ONE, State:OPEN]
2019-09-20 08:53:06,588 [grpc-default-executor-0] INFO  impl.RaftServerProxy (RaftServerProxy.java:addNew(89)) - f78c6f6f-b83c-4bef-83c8-4f247fc2f9cb: addNew group-4DC6218FB91D:[f78c6f6f-b83c-4bef-83c8-4f247fc2f9cb:192.168.36.79:33749] returns group-4DC6218FB91D:java.util.concurrent.CompletableFuture@69f11323[Not completed]
2019-09-20 08:53:06,591 [pool-27-thread-1] INFO  impl.RaftServerImpl (RaftServerImpl.java:<init>(93)) - f78c6f6f-b83c-4bef-83c8-4f247fc2f9cb: new RaftServerImpl for group-4DC6218FB91D:[f78c6f6f-b83c-4bef-83c8-4f247fc2f9cb:192.168.36.79:33749] with ContainerStateMachine:uninitialized
2019-09-20 08:53:06,591 [pool-27-thread-1] INFO  server.RaftServerConfigKeys (ConfUtils.java:logGet(43)) - raft.server.rpc.timeout.min = 5s (custom)
2019-09-20 08:53:06,591 [pool-27-thread-1] INFO  server.RaftServerConfigKeys (ConfUtils.java:logGet(43)) - raft.server.rpc.timeout.max = 5200ms (custom)
2019-09-20 08:53:06,591 [pool-27-thread-1] INFO  server.RaftServerConfigKeys (ConfUtils.java:logGet(43)) - raft.server.rpcslowness.timeout = 120s (custom)
2019-09-20 08:53:06,597 [pool-27-thread-1] INFO  server.RaftServerConfigKeys (ConfUtils.java:logGet(43)) - raft.server.sleep.deviation.threshold = 300 (default)
2019-09-20 08:53:06,597 [pool-27-thread-1] INFO  server.RaftServerConfigKeys (ConfUtils.java:logGet(43)) - raft.server.log.appender.install.snapshot.enabled = false (custom)
2019-09-20 08:53:06,597 [pool-27-thread-1] INFO  impl.RaftServerImpl (ServerState.java:<init>(105)) - f78c6f6f-b83c-4bef-83c8-4f247fc2f9cb:group-4DC6218FB91D ConfigurationManager, init=-1: [f78c6f6f-b83c-4bef-83c8-4f247fc2f9cb:192.168.36.79:33749], old=null, confs=<EMPTY_MAP>
2019-09-20 08:53:06,598 [pool-27-thread-1] INFO  server.RaftServerConfigKeys (ConfUtils.java:logGet(43)) - raft.server.storage.dir = [/workdir/hadoop-ozone/tools/target/test-dir/MiniOzoneClusterImpl-fdb7164d-332a-4161-9ef6-b429f59a210d/datanode-0/data/ratis] (custom)
2019-09-20 08:53:06,598 [pool-27-thread-1] INFO  storage.RaftStorageDirectory (RaftStorageDirectory.java:analyzeStorage(246)) - The storage directory /workdir/hadoop-ozone/tools/target/test-dir/MiniOzoneClusterImpl-fdb7164d-332a-4161-9ef6-b429f59a210d/datanode-0/data/ratis/9e748c69-e2e6-4b9f-85eb-4dc6218fb91d does not exist. Creating ...
2019-09-20 08:53:06,630 [pool-27-thread-1] INFO  storage.RaftStorageDirectory (RaftStorageDirectory.java:tryLock(328)) - Lock on /workdir/hadoop-ozone/tools/target/test-dir/MiniOzoneClusterImpl-fdb7164d-332a-4161-9ef6-b429f59a210d/datanode-0/data/ratis/9e748c69-e2e6-4b9f-85eb-4dc6218fb91d/in_use.lock acquired by nodename 19168@pr-hdds-1569-s8kj2-2266485376
2019-09-20 08:53:06,655 [pool-27-thread-1] INFO  storage.RaftStorage (RaftStorage.java:format(72)) - Storage directory /workdir/hadoop-ozone/tools/target/test-dir/MiniOzoneClusterImpl-fdb7164d-332a-4161-9ef6-b429f59a210d/datanode-0/data/ratis/9e748c69-e2e6-4b9f-85eb-4dc6218fb91d has been successfully formatted.
2019-09-20 08:53:06,656 [pool-27-thread-1] INFO  ratis.ContainerStateMachine (ContainerStateMachine.java:loadSnapshot(226)) - group-4DC6218FB91D: The snapshot info is null. Setting the last applied indexto:(t:0, i:~)
2019-09-20 08:53:06,656 [pool-27-thread-1] INFO  server.RaftServerConfigKeys (ConfUtils.java:logGet(43)) - raft.server.leader.election.timeout = 120s (custom)
2019-09-20 08:53:06,657 [pool-27-thread-1] INFO  server.RaftServerConfigKeys (ConfUtils.java:logGet(43)) - raft.server.log.use.memory = false (default)
2019-09-20 08:53:06,657 [pool-27-thread-1] INFO  server.RaftServerConfigKeys (ConfUtils.java:logGet(43)) - raft.server.log.purge.gap = 1000000 (custom)
2019-09-20 08:53:06,657 [pool-27-thread-1] INFO  server.RaftServerConfigKeys (ConfUtils.java:logGet(43)) - raft.server.log.appender.buffer.byte-limit = 33554432 (custom)
2019-09-20 08:53:06,657 [pool-27-thread-1] INFO  server.RaftServerConfigKeys (ConfUtils.java:logGet(43)) - raft.server.log.segment.size.max = 1048576 (custom)
2019-09-20 08:53:06,658 [pool-27-thread-1] INFO  server.RaftServerConfigKeys (ConfUtils.java:logGet(43)) - raft.server.log.segment.cache.num.max = 2 (custom)
2019-09-20 08:53:06,658 [pool-27-thread-1] INFO  segmented.SegmentedRaftLogWorker (SegmentedRaftLogWorker.java:<init>(172)) - new f78c6f6f-b83c-4bef-83c8-4f247fc2f9cb-SegmentedRaftLogWorker:Storage Directory /workdir/hadoop-ozone/tools/target/test-dir/MiniOzoneClusterImpl-fdb7164d-332a-4161-9ef6-b429f59a210d/datanode-0/data/ratis/9e748c69-e2e6-4b9f-85eb-4dc6218fb91d for RaftStorage:Storage Directory /workdir/hadoop-ozone/tools/target/test-dir/MiniOzoneClusterImpl-fdb7164d-332a-4161-9ef6-b429f59a210d/datanode-0/data/ratis/9e748c69-e2e6-4b9f-85eb-4dc6218fb91d
2019-09-20 08:53:06,658 [pool-27-thread-1] INFO  server.RaftServerConfigKeys (ConfUtils.java:logGet(43)) - raft.server.log.queue.byte-limit = 2147483647 (custom)
2019-09-20 08:53:06,658 [pool-27-thread-1] INFO  server.RaftServerConfigKeys (ConfUtils.java:logGet(43)) - raft.server.log.queue.element-limit = 1024 (custom)
2019-09-20 08:53:06,659 [pool-27-thread-1] INFO  server.RaftServerConfigKeys (ConfUtils.java:logGet(43)) - raft.server.log.segment.size.max = 1048576 (custom)
2019-09-20 08:53:06,659 [pool-27-thread-1] INFO  server.RaftServerConfigKeys (ConfUtils.java:logGet(43)) - raft.server.log.preallocated.size = 16384 (custom)
2019-09-20 08:53:06,659 [pool-27-thread-1] INFO  server.RaftServerConfigKeys (ConfUtils.java:logGet(43)) - raft.server.log.write.buffer.size = 33554432 (custom)
2019-09-20 08:53:06,659 [pool-27-thread-1] INFO  server.RaftServerConfigKeys (ConfUtils.java:logGet(43)) - raft.server.log.force.sync.num = 128 (default)
2019-09-20 08:53:06,660 [pool-27-thread-1] INFO  server.RaftServerConfigKeys (ConfUtils.java:logGet(43)) - raft.server.log.statemachine.data.sync = true (default)
2019-09-20 08:53:06,660 [pool-27-thread-1] INFO  server.RaftServerConfigKeys (ConfUtils.java:logGet(43)) - raft.server.log.statemachine.data.sync.timeout = 10s (default)
2019-09-20 08:53:06,660 [pool-27-thread-1] INFO  server.RaftServerConfigKeys (ConfUtils.java:logGet(43)) - raft.server.log.statemachine.data.sync.timeout.retry = -1 (default)
2019-09-20 08:53:06,660 [pool-27-thread-1] INFO  server.RaftServerConfigKeys (ConfUtils.java:logGet(43)) - raft.server.log.statemachine.data.caching.enabled = true (custom)
2019-09-20 08:53:06,661 [pool-27-thread-1] INFO  segmented.SegmentedRaftLogWorker (SegmentedRaftLogWorker.java:lambda$new$0(132)) - f78c6f6f-b83c-4bef-83c8-4f247fc2f9cb-SegmentedRaftLogWorker:Storage Directory /workdir/hadoop-ozone/tools/target/test-dir/MiniOzoneClusterImpl-fdb7164d-332a-4161-9ef6-b429f59a210d/datanode-0/data/ratis/9e748c69-e2e6-4b9f-85eb-4dc6218fb91d: flushIndex: setUnconditionally 0 -> -1
2019-09-20 08:53:06,661 [pool-27-thread-1] INFO  server.RaftServerConfigKeys (ConfUtils.java:logGet(43)) - raft.server.snapshot.auto.trigger.enabled = true (custom)
2019-09-20 08:53:06,662 [pool-27-thread-1] INFO  server.RaftServerConfigKeys (ConfUtils.java:logGet(43)) - raft.server.snapshot.auto.trigger.threshold = 10000 (custom)
2019-09-20 08:53:06,662 [pool-27-thread-1] INFO  server.RaftServerConfigKeys (ConfUtils.java:logGet(43)) - raft.server.retrycache.expirytime = 600000ms (custom)
2019-09-20 08:53:06,662 [pool-27-thread-1] INFO  impl.RaftServerImpl (RaftServerImpl.java:start(180)) - f78c6f6f-b83c-4bef-83c8-4f247fc2f9cb: start group-4DC6218FB91D
2019-09-20 08:53:06,662 [pool-27-thread-1] INFO  impl.RaftServerImpl (RaftServerImpl.java:setRole(171)) - f78c6f6f-b83c-4bef-83c8-4f247fc2f9cb:group-4DC6218FB91D changes role from null to FOLLOWER at term 0 for startAsFollower
2019-09-20 08:53:06,663 [pool-27-thread-1] INFO  impl.RoleInfo (RoleInfo.java:updateAndGet(143)) - f78c6f6f-b83c-4bef-83c8-4f247fc2f9cb: start FollowerState
2019-09-20 08:53:06,663 [pool-27-thread-1] INFO  util.JmxRegister (JmxRegister.java:tryRegister(44)) - Successfully registered JMX Bean with object name Ratis:service=RaftServer,group=group-4DC6218FB91D,id=f78c6f6f-b83c-4bef-83c8-4f247fc2f9cb
2019-09-20 08:53:06,676 [RatisPipelineUtilsThread] INFO  pipeline.PipelineStateManager (PipelineStateManager.java:addPipeline(56)) - Created pipeline Pipeline[ Id: 9e748c69-e2e6-4b9f-85eb-4dc6218fb91d, Nodes: f78c6f6f-b83c-4bef-83c8-4f247fc2f9cb{ip: 192.168.36.79, host: pr-hdds-1569-s8kj2-2266485376, networkLocation: /default-rack, certSerialId: null}, Type:RATIS, Factor:ONE, State:OPEN]
2019-09-20 08:53:06,694 [grpc-default-executor-0] INFO  impl.RaftServerProxy (RaftServerProxy.java:addNew(89)) - 036c7012-de9e-4e05-8743-9a12868644f9: addNew group-6555022F64F6:[036c7012-de9e-4e05-8743-9a12868644f9:192.168.36.79:42237] returns group-6555022F64F6:java.util.concurrent.CompletableFuture@11336285[Not completed]
2019-09-20 08:53:06,697 [pool-38-thread-1] INFO  impl.RaftServerImpl (RaftServerImpl.java:<init>(93)) - 036c7012-de9e-4e05-8743-9a12868644f9: new RaftServerImpl for group-6555022F64F6:[036c7012-de9e-4e05-8743-9a12868644f9:192.168.36.79:42237] with ContainerStateMachine:uninitialized
2019-09-20 08:53:06,697 [pool-38-thread-1] INFO  server.RaftServerConfigKeys (ConfUtils.java:logGet(43)) - raft.server.rpc.timeout.min = 5s (custom)
2019-09-20 08:53:06,697 [pool-38-thread-1] INFO  server.RaftServerConfigKeys (ConfUtils.java:logGet(43)) - raft.server.rpc.timeout.max = 5200ms (custom)
2019-09-20 08:53:06,697 [pool-38-thread-1] INFO  server.RaftServerConfigKeys (ConfUtils.java:logGet(43)) - raft.server.rpcslowness.timeout = 120s (custom)
2019-09-20 08:53:06,697 [pool-38-thread-1] INFO  server.RaftServerConfigKeys (ConfUtils.java:logGet(43)) - raft.server.sleep.deviation.threshold = 300 (default)
2019-09-20 08:53:06,697 [pool-38-thread-1] INFO  server.RaftServerConfigKeys (ConfUtils.java:logGet(43)) - raft.server.log.appender.install.snapshot.enabled = false (custom)
2019-09-20 08:53:06,697 [pool-38-thread-1] INFO  impl.RaftServerImpl (ServerState.java:<init>(105)) - 036c7012-de9e-4e05-8743-9a12868644f9:group-6555022F64F6 ConfigurationManager, init=-1: [036c7012-de9e-4e05-8743-9a12868644f9:192.168.36.79:42237], old=null, confs=<EMPTY_MAP>
2019-09-20 08:53:06,698 [pool-38-thread-1] INFO  server.RaftServerConfigKeys (ConfUtils.java:logGet(43)) - raft.server.storage.dir = [/workdir/hadoop-ozone/tools/target/test-dir/MiniOzoneClusterImpl-fdb7164d-332a-4161-9ef6-b429f59a210d/datanode-1/data/ratis] (custom)
2019-09-20 08:53:06,698 [pool-38-thread-1] INFO  storage.RaftStorageDirectory (RaftStorageDirectory.java:analyzeStorage(246)) - The storage directory /workdir/hadoop-ozone/tools/target/test-dir/MiniOzoneClusterImpl-fdb7164d-332a-4161-9ef6-b429f59a210d/datanode-1/data/ratis/d1ece87b-88dc-4e5f-a823-6555022f64f6 does not exist. Creating ...
2019-09-20 08:53:06,722 [pool-38-thread-1] INFO  storage.RaftStorageDirectory (RaftStorageDirectory.java:tryLock(328)) - Lock on /workdir/hadoop-ozone/tools/target/test-dir/MiniOzoneClusterImpl-fdb7164d-332a-4161-9ef6-b429f59a210d/datanode-1/data/ratis/d1ece87b-88dc-4e5f-a823-6555022f64f6/in_use.lock acquired by nodename 19168@pr-hdds-1569-s8kj2-2266485376
2019-09-20 08:53:06,756 [pool-38-thread-1] INFO  storage.RaftStorage (RaftStorage.java:format(72)) - Storage directory /workdir/hadoop-ozone/tools/target/test-dir/MiniOzoneClusterImpl-fdb7164d-332a-4161-9ef6-b429f59a210d/datanode-1/data/ratis/d1ece87b-88dc-4e5f-a823-6555022f64f6 has been successfully formatted.
2019-09-20 08:53:06,757 [pool-38-thread-1] INFO  ratis.ContainerStateMachine (ContainerStateMachine.java:loadSnapshot(226)) - group-6555022F64F6: The snapshot info is null. Setting the last applied indexto:(t:0, i:~)
2019-09-20 08:53:06,759 [pool-38-thread-1] INFO  server.RaftServerConfigKeys (ConfUtils.java:logGet(43)) - raft.server.leader.election.timeout = 120s (custom)
2019-09-20 08:53:06,759 [pool-38-thread-1] INFO  server.RaftServerConfigKeys (ConfUtils.java:logGet(43)) - raft.server.log.use.memory = false (default)
2019-09-20 08:53:06,759 [pool-38-thread-1] INFO  server.RaftServerConfigKeys (ConfUtils.java:logGet(43)) - raft.server.log.purge.gap = 1000000 (custom)
2019-09-20 08:53:06,759 [pool-38-thread-1] INFO  server.RaftServerConfigKeys (ConfUtils.java:logGet(43)) - raft.server.log.appender.buffer.byte-limit = 33554432 (custom)
2019-09-20 08:53:06,760 [pool-38-thread-1] INFO  server.RaftServerConfigKeys (ConfUtils.java:logGet(43)) - raft.server.log.segment.size.max = 1048576 (custom)
2019-09-20 08:53:06,760 | INFO  | SCMAudit | user=jenkins1000 | ip=192.168.36.79 | op=SEND_HEARTBEAT {datanodeUUID=036c7012-de9e-4e05-8743-9a12868644f9, command=[]} | ret=SUCCESS |  
2019-09-20 08:53:06,760 [pool-38-thread-1] INFO  server.RaftServerConfigKeys (ConfUtils.java:logGet(43)) - raft.server.log.segment.cache.num.max = 2 (custom)
2019-09-20 08:53:06,760 [pool-38-thread-1] INFO  segmented.SegmentedRaftLogWorker (SegmentedRaftLogWorker.java:<init>(172)) - new 036c7012-de9e-4e05-8743-9a12868644f9-SegmentedRaftLogWorker:Storage Directory /workdir/hadoop-ozone/tools/target/test-dir/MiniOzoneClusterImpl-fdb7164d-332a-4161-9ef6-b429f59a210d/datanode-1/data/ratis/d1ece87b-88dc-4e5f-a823-6555022f64f6 for RaftStorage:Storage Directory /workdir/hadoop-ozone/tools/target/test-dir/MiniOzoneClusterImpl-fdb7164d-332a-4161-9ef6-b429f59a210d/datanode-1/data/ratis/d1ece87b-88dc-4e5f-a823-6555022f64f6
2019-09-20 08:53:06,760 [pool-38-thread-1] INFO  server.RaftServerConfigKeys (ConfUtils.java:logGet(43)) - raft.server.log.queue.byte-limit = 2147483647 (custom)
2019-09-20 08:53:06,760 [pool-38-thread-1] INFO  server.RaftServerConfigKeys (ConfUtils.java:logGet(43)) - raft.server.log.queue.element-limit = 1024 (custom)
2019-09-20 08:53:06,761 [pool-38-thread-1] INFO  server.RaftServerConfigKeys (ConfUtils.java:logGet(43)) - raft.server.log.segment.size.max = 1048576 (custom)
2019-09-20 08:53:06,761 [pool-38-thread-1] INFO  server.RaftServerConfigKeys (ConfUtils.java:logGet(43)) - raft.server.log.preallocated.size = 16384 (custom)
2019-09-20 08:53:06,761 [pool-38-thread-1] INFO  server.RaftServerConfigKeys (ConfUtils.java:logGet(43)) - raft.server.log.write.buffer.size = 33554432 (custom)
2019-09-20 08:53:06,761 [pool-38-thread-1] INFO  server.RaftServerConfigKeys (ConfUtils.java:logGet(43)) - raft.server.log.force.sync.num = 128 (default)
2019-09-20 08:53:06,761 [pool-38-thread-1] INFO  server.RaftServerConfigKeys (ConfUtils.java:logGet(43)) - raft.server.log.statemachine.data.sync = true (default)
2019-09-20 08:53:06,761 [pool-38-thread-1] INFO  server.RaftServerConfigKeys (ConfUtils.java:logGet(43)) - raft.server.log.statemachine.data.sync.timeout = 10s (default)
2019-09-20 08:53:06,762 [pool-38-thread-1] INFO  server.RaftServerConfigKeys (ConfUtils.java:logGet(43)) - raft.server.log.statemachine.data.sync.timeout.retry = -1 (default)
2019-09-20 08:53:06,762 [pool-38-thread-1] INFO  server.RaftServerConfigKeys (ConfUtils.java:logGet(43)) - raft.server.log.statemachine.data.caching.enabled = true (custom)
2019-09-20 08:53:06,762 [pool-38-thread-1] INFO  segmented.SegmentedRaftLogWorker (SegmentedRaftLogWorker.java:lambda$new$0(132)) - 036c7012-de9e-4e05-8743-9a12868644f9-SegmentedRaftLogWorker:Storage Directory /workdir/hadoop-ozone/tools/target/test-dir/MiniOzoneClusterImpl-fdb7164d-332a-4161-9ef6-b429f59a210d/datanode-1/data/ratis/d1ece87b-88dc-4e5f-a823-6555022f64f6: flushIndex: setUnconditionally 0 -> -1
2019-09-20 08:53:06,763 [pool-38-thread-1] INFO  server.RaftServerConfigKeys (ConfUtils.java:logGet(43)) - raft.server.snapshot.auto.trigger.enabled = true (custom)
2019-09-20 08:53:06,763 [pool-38-thread-1] INFO  server.RaftServerConfigKeys (ConfUtils.java:logGet(43)) - raft.server.snapshot.auto.trigger.threshold = 10000 (custom)
2019-09-20 08:53:06,763 [pool-38-thread-1] INFO  server.RaftServerConfigKeys (ConfUtils.java:logGet(43)) - raft.server.retrycache.expirytime = 600000ms (custom)
2019-09-20 08:53:06,763 [pool-38-thread-1] INFO  impl.RaftServerImpl (RaftServerImpl.java:start(180)) - 036c7012-de9e-4e05-8743-9a12868644f9: start group-6555022F64F6
2019-09-20 08:53:06,763 [pool-38-thread-1] INFO  impl.RaftServerImpl (RaftServerImpl.java:setRole(171)) - 036c7012-de9e-4e05-8743-9a12868644f9:group-6555022F64F6 changes role from null to FOLLOWER at term 0 for startAsFollower
2019-09-20 08:53:06,764 [pool-38-thread-1] INFO  impl.RoleInfo (RoleInfo.java:updateAndGet(143)) - 036c7012-de9e-4e05-8743-9a12868644f9: start FollowerState
2019-09-20 08:53:06,764 [pool-38-thread-1] INFO  util.JmxRegister (JmxRegister.java:tryRegister(44)) - Successfully registered JMX Bean with object name Ratis:service=RaftServer,group=group-6555022F64F6,id=036c7012-de9e-4e05-8743-9a12868644f9
2019-09-20 08:53:06,794 [RatisPipelineUtilsThread] INFO  pipeline.PipelineStateManager (PipelineStateManager.java:addPipeline(56)) - Created pipeline Pipeline[ Id: d1ece87b-88dc-4e5f-a823-6555022f64f6, Nodes: 036c7012-de9e-4e05-8743-9a12868644f9{ip: 192.168.36.79, host: pr-hdds-1569-s8kj2-2266485376, networkLocation: /default-rack, certSerialId: null}, Type:RATIS, Factor:ONE, State:OPEN]
2019-09-20 08:53:06,811 [grpc-default-executor-0] INFO  impl.RaftServerProxy (RaftServerProxy.java:addNew(89)) - b44e7e57-9837-469e-aba7-9d7779212b32: addNew group-C7256D5F81AD:[b44e7e57-9837-469e-aba7-9d7779212b32:192.168.36.79:41325] returns group-C7256D5F81AD:java.util.concurrent.CompletableFuture@2c9c6ff0[Not completed]
2019-09-20 08:53:06,813 [pool-49-thread-1] INFO  impl.RaftServerImpl (RaftServerImpl.java:<init>(93)) - b44e7e57-9837-469e-aba7-9d7779212b32: new RaftServerImpl for group-C7256D5F81AD:[b44e7e57-9837-469e-aba7-9d7779212b32:192.168.36.79:41325] with ContainerStateMachine:uninitialized
2019-09-20 08:53:06,813 [pool-49-thread-1] INFO  server.RaftServerConfigKeys (ConfUtils.java:logGet(43)) - raft.server.rpc.timeout.min = 5s (custom)
2019-09-20 08:53:06,813 [pool-49-thread-1] INFO  server.RaftServerConfigKeys (ConfUtils.java:logGet(43)) - raft.server.rpc.timeout.max = 5200ms (custom)
2019-09-20 08:53:06,813 [pool-49-thread-1] INFO  server.RaftServerConfigKeys (ConfUtils.java:logGet(43)) - raft.server.rpcslowness.timeout = 120s (custom)
2019-09-20 08:53:06,813 [pool-49-thread-1] INFO  server.RaftServerConfigKeys (ConfUtils.java:logGet(43)) - raft.server.sleep.deviation.threshold = 300 (default)
2019-09-20 08:53:06,813 [pool-49-thread-1] INFO  server.RaftServerConfigKeys (ConfUtils.java:logGet(43)) - raft.server.log.appender.install.snapshot.enabled = false (custom)
2019-09-20 08:53:06,814 [pool-49-thread-1] INFO  impl.RaftServerImpl (ServerState.java:<init>(105)) - b44e7e57-9837-469e-aba7-9d7779212b32:group-C7256D5F81AD ConfigurationManager, init=-1: [b44e7e57-9837-469e-aba7-9d7779212b32:192.168.36.79:41325], old=null, confs=<EMPTY_MAP>
2019-09-20 08:53:06,814 [pool-49-thread-1] INFO  server.RaftServerConfigKeys (ConfUtils.java:logGet(43)) - raft.server.storage.dir = [/workdir/hadoop-ozone/tools/target/test-dir/MiniOzoneClusterImpl-fdb7164d-332a-4161-9ef6-b429f59a210d/datanode-2/data/ratis] (custom)
2019-09-20 08:53:06,814 [pool-49-thread-1] INFO  storage.RaftStorageDirectory (RaftStorageDirectory.java:analyzeStorage(246)) - The storage directory /workdir/hadoop-ozone/tools/target/test-dir/MiniOzoneClusterImpl-fdb7164d-332a-4161-9ef6-b429f59a210d/datanode-2/data/ratis/8de939e1-73fb-4eaa-8bad-c7256d5f81ad does not exist. Creating ...
2019-09-20 08:53:06,865 [pool-49-thread-1] INFO  storage.RaftStorageDirectory (RaftStorageDirectory.java:tryLock(328)) - Lock on /workdir/hadoop-ozone/tools/target/test-dir/MiniOzoneClusterImpl-fdb7164d-332a-4161-9ef6-b429f59a210d/datanode-2/data/ratis/8de939e1-73fb-4eaa-8bad-c7256d5f81ad/in_use.lock acquired by nodename 19168@pr-hdds-1569-s8kj2-2266485376
2019-09-20 08:53:06,899 [pool-49-thread-1] INFO  storage.RaftStorage (RaftStorage.java:format(72)) - Storage directory /workdir/hadoop-ozone/tools/target/test-dir/MiniOzoneClusterImpl-fdb7164d-332a-4161-9ef6-b429f59a210d/datanode-2/data/ratis/8de939e1-73fb-4eaa-8bad-c7256d5f81ad has been successfully formatted.
2019-09-20 08:53:06,899 [pool-49-thread-1] INFO  ratis.ContainerStateMachine (ContainerStateMachine.java:loadSnapshot(226)) - group-C7256D5F81AD: The snapshot info is null. Setting the last applied indexto:(t:0, i:~)
2019-09-20 08:53:06,899 [pool-49-thread-1] INFO  server.RaftServerConfigKeys (ConfUtils.java:logGet(43)) - raft.server.leader.election.timeout = 120s (custom)
2019-09-20 08:53:06,899 [pool-49-thread-1] INFO  server.RaftServerConfigKeys (ConfUtils.java:logGet(43)) - raft.server.log.use.memory = false (default)
2019-09-20 08:53:06,900 [pool-49-thread-1] INFO  server.RaftServerConfigKeys (ConfUtils.java:logGet(43)) - raft.server.log.purge.gap = 1000000 (custom)
2019-09-20 08:53:06,900 [pool-49-thread-1] INFO  server.RaftServerConfigKeys (ConfUtils.java:logGet(43)) - raft.server.log.appender.buffer.byte-limit = 33554432 (custom)
2019-09-20 08:53:06,900 [pool-49-thread-1] INFO  server.RaftServerConfigKeys (ConfUtils.java:logGet(43)) - raft.server.log.segment.size.max = 1048576 (custom)
2019-09-20 08:53:06,900 [pool-49-thread-1] INFO  server.RaftServerConfigKeys (ConfUtils.java:logGet(43)) - raft.server.log.segment.cache.num.max = 2 (custom)
2019-09-20 08:53:06,901 [pool-49-thread-1] INFO  segmented.SegmentedRaftLogWorker (SegmentedRaftLogWorker.java:<init>(172)) - new b44e7e57-9837-469e-aba7-9d7779212b32-SegmentedRaftLogWorker:Storage Directory /workdir/hadoop-ozone/tools/target/test-dir/MiniOzoneClusterImpl-fdb7164d-332a-4161-9ef6-b429f59a210d/datanode-2/data/ratis/8de939e1-73fb-4eaa-8bad-c7256d5f81ad for RaftStorage:Storage Directory /workdir/hadoop-ozone/tools/target/test-dir/MiniOzoneClusterImpl-fdb7164d-332a-4161-9ef6-b429f59a210d/datanode-2/data/ratis/8de939e1-73fb-4eaa-8bad-c7256d5f81ad
2019-09-20 08:53:06,901 [pool-49-thread-1] INFO  server.RaftServerConfigKeys (ConfUtils.java:logGet(43)) - raft.server.log.queue.byte-limit = 2147483647 (custom)
2019-09-20 08:53:06,901 [pool-49-thread-1] INFO  server.RaftServerConfigKeys (ConfUtils.java:logGet(43)) - raft.server.log.queue.element-limit = 1024 (custom)
2019-09-20 08:53:06,901 [pool-49-thread-1] INFO  server.RaftServerConfigKeys (ConfUtils.java:logGet(43)) - raft.server.log.segment.size.max = 1048576 (custom)
2019-09-20 08:53:06,901 [pool-49-thread-1] INFO  server.RaftServerConfigKeys (ConfUtils.java:logGet(43)) - raft.server.log.preallocated.size = 16384 (custom)
2019-09-20 08:53:06,902 [pool-49-thread-1] INFO  server.RaftServerConfigKeys (ConfUtils.java:logGet(43)) - raft.server.log.write.buffer.size = 33554432 (custom)
2019-09-20 08:53:06,902 [pool-49-thread-1] INFO  server.RaftServerConfigKeys (ConfUtils.java:logGet(43)) - raft.server.log.force.sync.num = 128 (default)
2019-09-20 08:53:06,902 [pool-49-thread-1] INFO  server.RaftServerConfigKeys (ConfUtils.java:logGet(43)) - raft.server.log.statemachine.data.sync = true (default)
2019-09-20 08:53:06,902 [pool-49-thread-1] INFO  server.RaftServerConfigKeys (ConfUtils.java:logGet(43)) - raft.server.log.statemachine.data.sync.timeout = 10s (default)
2019-09-20 08:53:06,902 [pool-49-thread-1] INFO  server.RaftServerConfigKeys (ConfUtils.java:logGet(43)) - raft.server.log.statemachine.data.sync.timeout.retry = -1 (default)
2019-09-20 08:53:06,903 [pool-49-thread-1] INFO  server.RaftServerConfigKeys (ConfUtils.java:logGet(43)) - raft.server.log.statemachine.data.caching.enabled = true (custom)
2019-09-20 08:53:06,903 [pool-49-thread-1] INFO  segmented.SegmentedRaftLogWorker (SegmentedRaftLogWorker.java:lambda$new$0(132)) - b44e7e57-9837-469e-aba7-9d7779212b32-SegmentedRaftLogWorker:Storage Directory /workdir/hadoop-ozone/tools/target/test-dir/MiniOzoneClusterImpl-fdb7164d-332a-4161-9ef6-b429f59a210d/datanode-2/data/ratis/8de939e1-73fb-4eaa-8bad-c7256d5f81ad: flushIndex: setUnconditionally 0 -> -1
2019-09-20 08:53:06,904 [pool-49-thread-1] INFO  server.RaftServerConfigKeys (ConfUtils.java:logGet(43)) - raft.server.snapshot.auto.trigger.enabled = true (custom)
2019-09-20 08:53:06,904 [pool-49-thread-1] INFO  server.RaftServerConfigKeys (ConfUtils.java:logGet(43)) - raft.server.snapshot.auto.trigger.threshold = 10000 (custom)
2019-09-20 08:53:06,904 [pool-49-thread-1] INFO  server.RaftServerConfigKeys (ConfUtils.java:logGet(43)) - raft.server.retrycache.expirytime = 600000ms (custom)
2019-09-20 08:53:06,904 [pool-49-thread-1] INFO  impl.RaftServerImpl (RaftServerImpl.java:start(180)) - b44e7e57-9837-469e-aba7-9d7779212b32: start group-C7256D5F81AD
2019-09-20 08:53:06,905 [pool-49-thread-1] INFO  impl.RaftServerImpl (RaftServerImpl.java:setRole(171)) - b44e7e57-9837-469e-aba7-9d7779212b32:group-C7256D5F81AD changes role from null to FOLLOWER at term 0 for startAsFollower
2019-09-20 08:53:06,905 [pool-49-thread-1] INFO  impl.RoleInfo (RoleInfo.java:updateAndGet(143)) - b44e7e57-9837-469e-aba7-9d7779212b32: start FollowerState
2019-09-20 08:53:06,905 [pool-49-thread-1] INFO  util.JmxRegister (JmxRegister.java:tryRegister(44)) - Successfully registered JMX Bean with object name Ratis:service=RaftServer,group=group-C7256D5F81AD,id=b44e7e57-9837-469e-aba7-9d7779212b32
2019-09-20 08:53:06,916 [RatisPipelineUtilsThread] INFO  pipeline.PipelineStateManager (PipelineStateManager.java:addPipeline(56)) - Created pipeline Pipeline[ Id: 8de939e1-73fb-4eaa-8bad-c7256d5f81ad, Nodes: b44e7e57-9837-469e-aba7-9d7779212b32{ip: 192.168.36.79, host: pr-hdds-1569-s8kj2-2266485376, networkLocation: /default-rack, certSerialId: null}, Type:RATIS, Factor:ONE, State:OPEN]
2019-09-20 08:53:06,936 [grpc-default-executor-0] INFO  impl.RaftServerProxy (RaftServerProxy.java:addNew(89)) - 93e6190b-41b6-4f2c-abfa-7324859860a0: addNew group-14797B22EECB:[93e6190b-41b6-4f2c-abfa-7324859860a0:192.168.36.79:37080] returns group-14797B22EECB:java.util.concurrent.CompletableFuture@70f9bad3[Not completed]
2019-09-20 08:53:06,939 [pool-71-thread-1] INFO  impl.RaftServerImpl (RaftServerImpl.java:<init>(93)) - 93e6190b-41b6-4f2c-abfa-7324859860a0: new RaftServerImpl for group-14797B22EECB:[93e6190b-41b6-4f2c-abfa-7324859860a0:192.168.36.79:37080] with ContainerStateMachine:uninitialized
2019-09-20 08:53:06,939 [pool-71-thread-1] INFO  server.RaftServerConfigKeys (ConfUtils.java:logGet(43)) - raft.server.rpc.timeout.min = 5s (custom)
2019-09-20 08:53:06,939 [pool-71-thread-1] INFO  server.RaftServerConfigKeys (ConfUtils.java:logGet(43)) - raft.server.rpc.timeout.max = 5200ms (custom)
2019-09-20 08:53:06,940 [pool-71-thread-1] INFO  server.RaftServerConfigKeys (ConfUtils.java:logGet(43)) - raft.server.rpcslowness.timeout = 120s (custom)
2019-09-20 08:53:06,940 [pool-71-thread-1] INFO  server.RaftServerConfigKeys (ConfUtils.java:logGet(43)) - raft.server.sleep.deviation.threshold = 300 (default)
2019-09-20 08:53:06,940 [pool-71-thread-1] INFO  server.RaftServerConfigKeys (ConfUtils.java:logGet(43)) - raft.server.log.appender.install.snapshot.enabled = false (custom)
2019-09-20 08:53:06,940 [pool-71-thread-1] INFO  impl.RaftServerImpl (ServerState.java:<init>(105)) - 93e6190b-41b6-4f2c-abfa-7324859860a0:group-14797B22EECB ConfigurationManager, init=-1: [93e6190b-41b6-4f2c-abfa-7324859860a0:192.168.36.79:37080], old=null, confs=<EMPTY_MAP>
2019-09-20 08:53:06,940 [pool-71-thread-1] INFO  server.RaftServerConfigKeys (ConfUtils.java:logGet(43)) - raft.server.storage.dir = [/workdir/hadoop-ozone/tools/target/test-dir/MiniOzoneClusterImpl-fdb7164d-332a-4161-9ef6-b429f59a210d/datanode-4/data/ratis] (custom)
2019-09-20 08:53:06,941 [pool-71-thread-1] INFO  storage.RaftStorageDirectory (RaftStorageDirectory.java:analyzeStorage(246)) - The storage directory /workdir/hadoop-ozone/tools/target/test-dir/MiniOzoneClusterImpl-fdb7164d-332a-4161-9ef6-b429f59a210d/datanode-4/data/ratis/f5611950-1c29-43e1-82ac-14797b22eecb does not exist. Creating ...
2019-09-20 08:53:06,982 [pool-71-thread-1] INFO  storage.RaftStorageDirectory (RaftStorageDirectory.java:tryLock(328)) - Lock on /workdir/hadoop-ozone/tools/target/test-dir/MiniOzoneClusterImpl-fdb7164d-332a-4161-9ef6-b429f59a210d/datanode-4/data/ratis/f5611950-1c29-43e1-82ac-14797b22eecb/in_use.lock acquired by nodename 19168@pr-hdds-1569-s8kj2-2266485376
2019-09-20 08:53:07,008 [pool-71-thread-1] INFO  storage.RaftStorage (RaftStorage.java:format(72)) - Storage directory /workdir/hadoop-ozone/tools/target/test-dir/MiniOzoneClusterImpl-fdb7164d-332a-4161-9ef6-b429f59a210d/datanode-4/data/ratis/f5611950-1c29-43e1-82ac-14797b22eecb has been successfully formatted.
2019-09-20 08:53:07,008 [pool-71-thread-1] INFO  ratis.ContainerStateMachine (ContainerStateMachine.java:loadSnapshot(226)) - group-14797B22EECB: The snapshot info is null. Setting the last applied indexto:(t:0, i:~)
2019-09-20 08:53:07,009 [pool-71-thread-1] INFO  server.RaftServerConfigKeys (ConfUtils.java:logGet(43)) - raft.server.leader.election.timeout = 120s (custom)
2019-09-20 08:53:07,009 [pool-71-thread-1] INFO  server.RaftServerConfigKeys (ConfUtils.java:logGet(43)) - raft.server.log.use.memory = false (default)
2019-09-20 08:53:07,009 [pool-71-thread-1] INFO  server.RaftServerConfigKeys (ConfUtils.java:logGet(43)) - raft.server.log.purge.gap = 1000000 (custom)
2019-09-20 08:53:07,009 [pool-71-thread-1] INFO  server.RaftServerConfigKeys (ConfUtils.java:logGet(43)) - raft.server.log.appender.buffer.byte-limit = 33554432 (custom)
2019-09-20 08:53:07,010 [pool-71-thread-1] INFO  server.RaftServerConfigKeys (ConfUtils.java:logGet(43)) - raft.server.log.segment.size.max = 1048576 (custom)
2019-09-20 08:53:07,010 [pool-71-thread-1] INFO  server.RaftServerConfigKeys (ConfUtils.java:logGet(43)) - raft.server.log.segment.cache.num.max = 2 (custom)
2019-09-20 08:53:07,010 [pool-71-thread-1] INFO  segmented.SegmentedRaftLogWorker (SegmentedRaftLogWorker.java:<init>(172)) - new 93e6190b-41b6-4f2c-abfa-7324859860a0-SegmentedRaftLogWorker:Storage Directory /workdir/hadoop-ozone/tools/target/test-dir/MiniOzoneClusterImpl-fdb7164d-332a-4161-9ef6-b429f59a210d/datanode-4/data/ratis/f5611950-1c29-43e1-82ac-14797b22eecb for RaftStorage:Storage Directory /workdir/hadoop-ozone/tools/target/test-dir/MiniOzoneClusterImpl-fdb7164d-332a-4161-9ef6-b429f59a210d/datanode-4/data/ratis/f5611950-1c29-43e1-82ac-14797b22eecb
2019-09-20 08:53:07,010 [pool-71-thread-1] INFO  server.RaftServerConfigKeys (ConfUtils.java:logGet(43)) - raft.server.log.queue.byte-limit = 2147483647 (custom)
2019-09-20 08:53:07,010 [pool-71-thread-1] INFO  server.RaftServerConfigKeys (ConfUtils.java:logGet(43)) - raft.server.log.queue.element-limit = 1024 (custom)
2019-09-20 08:53:07,011 [pool-71-thread-1] INFO  server.RaftServerConfigKeys (ConfUtils.java:logGet(43)) - raft.server.log.segment.size.max = 1048576 (custom)
2019-09-20 08:53:07,011 [pool-71-thread-1] INFO  server.RaftServerConfigKeys (ConfUtils.java:logGet(43)) - raft.server.log.preallocated.size = 16384 (custom)
2019-09-20 08:53:07,011 [pool-71-thread-1] INFO  server.RaftServerConfigKeys (ConfUtils.java:logGet(43)) - raft.server.log.write.buffer.size = 33554432 (custom)
2019-09-20 08:53:07,011 [pool-71-thread-1] INFO  server.RaftServerConfigKeys (ConfUtils.java:logGet(43)) - raft.server.log.force.sync.num = 128 (default)
2019-09-20 08:53:07,011 [pool-71-thread-1] INFO  server.RaftServerConfigKeys (ConfUtils.java:logGet(43)) - raft.server.log.statemachine.data.sync = true (default)
2019-09-20 08:53:07,012 [pool-71-thread-1] INFO  server.RaftServerConfigKeys (ConfUtils.java:logGet(43)) - raft.server.log.statemachine.data.sync.timeout = 10s (default)
2019-09-20 08:53:07,012 [pool-71-thread-1] INFO  server.RaftServerConfigKeys (ConfUtils.java:logGet(43)) - raft.server.log.statemachine.data.sync.timeout.retry = -1 (default)
2019-09-20 08:53:07,012 [pool-71-thread-1] INFO  server.RaftServerConfigKeys (ConfUtils.java:logGet(43)) - raft.server.log.statemachine.data.caching.enabled = true (custom)
2019-09-20 08:53:07,013 [pool-71-thread-1] INFO  segmented.SegmentedRaftLogWorker (SegmentedRaftLogWorker.java:lambda$new$0(132)) - 93e6190b-41b6-4f2c-abfa-7324859860a0-SegmentedRaftLogWorker:Storage Directory /workdir/hadoop-ozone/tools/target/test-dir/MiniOzoneClusterImpl-fdb7164d-332a-4161-9ef6-b429f59a210d/datanode-4/data/ratis/f5611950-1c29-43e1-82ac-14797b22eecb: flushIndex: setUnconditionally 0 -> -1
2019-09-20 08:53:07,013 [pool-71-thread-1] INFO  server.RaftServerConfigKeys (ConfUtils.java:logGet(43)) - raft.server.snapshot.auto.trigger.enabled = true (custom)
2019-09-20 08:53:07,013 [pool-71-thread-1] INFO  server.RaftServerConfigKeys (ConfUtils.java:logGet(43)) - raft.server.snapshot.auto.trigger.threshold = 10000 (custom)
2019-09-20 08:53:07,013 [pool-71-thread-1] INFO  server.RaftServerConfigKeys (ConfUtils.java:logGet(43)) - raft.server.retrycache.expirytime = 600000ms (custom)
2019-09-20 08:53:07,014 [pool-71-thread-1] INFO  impl.RaftServerImpl (RaftServerImpl.java:start(180)) - 93e6190b-41b6-4f2c-abfa-7324859860a0: start group-14797B22EECB
2019-09-20 08:53:07,014 [pool-71-thread-1] INFO  impl.RaftServerImpl (RaftServerImpl.java:setRole(171)) - 93e6190b-41b6-4f2c-abfa-7324859860a0:group-14797B22EECB changes role from null to FOLLOWER at term 0 for startAsFollower
2019-09-20 08:53:07,014 [pool-71-thread-1] INFO  impl.RoleInfo (RoleInfo.java:updateAndGet(143)) - 93e6190b-41b6-4f2c-abfa-7324859860a0: start FollowerState
2019-09-20 08:53:07,015 [pool-71-thread-1] INFO  util.JmxRegister (JmxRegister.java:tryRegister(44)) - Successfully registered JMX Bean with object name Ratis:service=RaftServer,group=group-14797B22EECB,id=93e6190b-41b6-4f2c-abfa-7324859860a0
2019-09-20 08:53:07,040 [RatisPipelineUtilsThread] INFO  pipeline.PipelineStateManager (PipelineStateManager.java:addPipeline(56)) - Created pipeline Pipeline[ Id: f5611950-1c29-43e1-82ac-14797b22eecb, Nodes: 93e6190b-41b6-4f2c-abfa-7324859860a0{ip: 192.168.36.79, host: pr-hdds-1569-s8kj2-2266485376, networkLocation: /default-rack, certSerialId: null}, Type:RATIS, Factor:ONE, State:OPEN]
2019-09-20 08:53:07,042 | INFO  | SCMAudit | user=jenkins1000 | ip=192.168.36.79 | op=SEND_HEARTBEAT {datanodeUUID=b44e7e57-9837-469e-aba7-9d7779212b32, command=[]} | ret=SUCCESS |  
2019-09-20 08:53:07,058 [grpc-default-executor-0] INFO  impl.RaftServerProxy (RaftServerProxy.java:addNew(89)) - 036c7012-de9e-4e05-8743-9a12868644f9: addNew group-2BB01ABB89A6:[036c7012-de9e-4e05-8743-9a12868644f9:192.168.36.79:42237] returns group-2BB01ABB89A6:java.util.concurrent.CompletableFuture@59d7c642[Not completed]
2019-09-20 08:53:07,060 [pool-38-thread-1] INFO  impl.RaftServerImpl (RaftServerImpl.java:<init>(93)) - 036c7012-de9e-4e05-8743-9a12868644f9: new RaftServerImpl for group-2BB01ABB89A6:[036c7012-de9e-4e05-8743-9a12868644f9:192.168.36.79:42237] with ContainerStateMachine:uninitialized
2019-09-20 08:53:07,060 [pool-38-thread-1] INFO  server.RaftServerConfigKeys (ConfUtils.java:logGet(43)) - raft.server.rpc.timeout.min = 5s (custom)
2019-09-20 08:53:07,061 [pool-38-thread-1] INFO  server.RaftServerConfigKeys (ConfUtils.java:logGet(43)) - raft.server.rpc.timeout.max = 5200ms (custom)
2019-09-20 08:53:07,061 [pool-38-thread-1] INFO  server.RaftServerConfigKeys (ConfUtils.java:logGet(43)) - raft.server.rpcslowness.timeout = 120s (custom)
2019-09-20 08:53:07,061 [pool-38-thread-1] INFO  server.RaftServerConfigKeys (ConfUtils.java:logGet(43)) - raft.server.sleep.deviation.threshold = 300 (default)
2019-09-20 08:53:07,061 [pool-38-thread-1] INFO  server.RaftServerConfigKeys (ConfUtils.java:logGet(43)) - raft.server.log.appender.install.snapshot.enabled = false (custom)
2019-09-20 08:53:07,061 [pool-38-thread-1] INFO  impl.RaftServerImpl (ServerState.java:<init>(105)) - 036c7012-de9e-4e05-8743-9a12868644f9:group-2BB01ABB89A6 ConfigurationManager, init=-1: [036c7012-de9e-4e05-8743-9a12868644f9:192.168.36.79:42237], old=null, confs=<EMPTY_MAP>
2019-09-20 08:53:07,061 [pool-38-thread-1] INFO  server.RaftServerConfigKeys (ConfUtils.java:logGet(43)) - raft.server.storage.dir = [/workdir/hadoop-ozone/tools/target/test-dir/MiniOzoneClusterImpl-fdb7164d-332a-4161-9ef6-b429f59a210d/datanode-1/data/ratis] (custom)
2019-09-20 08:53:07,062 [pool-38-thread-1] INFO  storage.RaftStorageDirectory (RaftStorageDirectory.java:analyzeStorage(246)) - The storage directory /workdir/hadoop-ozone/tools/target/test-dir/MiniOzoneClusterImpl-fdb7164d-332a-4161-9ef6-b429f59a210d/datanode-1/data/ratis/abbbade9-ad3a-49c1-af37-2bb01abb89a6 does not exist. Creating ...
2019-09-20 08:53:07,080 [main] INFO  freon.RandomKeyGenerator (RandomKeyGenerator.java:call(275)) - Number of Threads: 10
2019-09-20 08:53:07,082 [main] INFO  freon.RandomKeyGenerator (RandomKeyGenerator.java:call(280)) - Number of Volumes: 1.
2019-09-20 08:53:07,083 [main] INFO  freon.RandomKeyGenerator (RandomKeyGenerator.java:call(281)) - Number of Buckets per Volume: 1.
2019-09-20 08:53:07,083 [main] INFO  freon.RandomKeyGenerator (RandomKeyGenerator.java:call(282)) - Number of Keys per Bucket: 1.
2019-09-20 08:53:07,083 [main] INFO  freon.RandomKeyGenerator (RandomKeyGenerator.java:call(283)) - Key size: 20971520 bytes
2019-09-20 08:53:07,083 [main] INFO  freon.RandomKeyGenerator (RandomKeyGenerator.java:call(284)) - Buffer size: 4096 bytes
2019-09-20 08:53:07,089 [main] INFO  freon.RandomKeyGenerator (RandomKeyGenerator.java:call(298)) - Data validation is enabled.
2019-09-20 08:53:07,091 [pool-38-thread-1] INFO  storage.RaftStorageDirectory (RaftStorageDirectory.java:tryLock(328)) - Lock on /workdir/hadoop-ozone/tools/target/test-dir/MiniOzoneClusterImpl-fdb7164d-332a-4161-9ef6-b429f59a210d/datanode-1/data/ratis/abbbade9-ad3a-49c1-af37-2bb01abb89a6/in_use.lock acquired by nodename 19168@pr-hdds-1569-s8kj2-2266485376
2019-09-20 08:53:07,091 [main] INFO  freon.RandomKeyGenerator (RandomKeyGenerator.java:call(304)) - Starting progress bar Thread.

 0.00% |█                                                                                                    |  0/1 Time: 0:00:002019-09-20 08:53:07,126 [pool-38-thread-1] INFO  storage.RaftStorage (RaftStorage.java:format(72)) - Storage directory /workdir/hadoop-ozone/tools/target/test-dir/MiniOzoneClusterImpl-fdb7164d-332a-4161-9ef6-b429f59a210d/datanode-1/data/ratis/abbbade9-ad3a-49c1-af37-2bb01abb89a6 has been successfully formatted.
2019-09-20 08:53:07,126 [pool-38-thread-1] INFO  ratis.ContainerStateMachine (ContainerStateMachine.java:loadSnapshot(226)) - group-2BB01ABB89A6: The snapshot info is null. Setting the last applied indexto:(t:0, i:~)
2019-09-20 08:53:07,127 [pool-38-thread-1] INFO  server.RaftServerConfigKeys (ConfUtils.java:logGet(43)) - raft.server.leader.election.timeout = 120s (custom)
2019-09-20 08:53:07,127 [pool-38-thread-1] INFO  server.RaftServerConfigKeys (ConfUtils.java:logGet(43)) - raft.server.log.use.memory = false (default)
2019-09-20 08:53:07,127 [pool-38-thread-1] INFO  server.RaftServerConfigKeys (ConfUtils.java:logGet(43)) - raft.server.log.purge.gap = 1000000 (custom)
2019-09-20 08:53:07,127 [pool-38-thread-1] INFO  server.RaftServerConfigKeys (ConfUtils.java:logGet(43)) - raft.server.log.appender.buffer.byte-limit = 33554432 (custom)
2019-09-20 08:53:07,128 [pool-38-thread-1] INFO  server.RaftServerConfigKeys (ConfUtils.java:logGet(43)) - raft.server.log.segment.size.max = 1048576 (custom)
2019-09-20 08:53:07,128 [pool-38-thread-1] INFO  server.RaftServerConfigKeys (ConfUtils.java:logGet(43)) - raft.server.log.segment.cache.num.max = 2 (custom)
2019-09-20 08:53:07,128 [pool-38-thread-1] INFO  segmented.SegmentedRaftLogWorker (SegmentedRaftLogWorker.java:<init>(172)) - new 036c7012-de9e-4e05-8743-9a12868644f9-SegmentedRaftLogWorker:Storage Directory /workdir/hadoop-ozone/tools/target/test-dir/MiniOzoneClusterImpl-fdb7164d-332a-4161-9ef6-b429f59a210d/datanode-1/data/ratis/abbbade9-ad3a-49c1-af37-2bb01abb89a6 for RaftStorage:Storage Directory /workdir/hadoop-ozone/tools/target/test-dir/MiniOzoneClusterImpl-fdb7164d-332a-4161-9ef6-b429f59a210d/datanode-1/data/ratis/abbbade9-ad3a-49c1-af37-2bb01abb89a6
2019-09-20 08:53:07,128 [pool-78-thread-1] INFO  rpc.RpcClient (RpcClient.java:createVolume(293)) - Creating Volume: vol-0-11548, with jenkins1000 as owner.
2019-09-20 08:53:07,128 [pool-38-thread-1] INFO  server.RaftServerConfigKeys (ConfUtils.java:logGet(43)) - raft.server.log.queue.byte-limit = 2147483647 (custom)
2019-09-20 08:53:07,130 [pool-38-thread-1] INFO  server.RaftServerConfigKeys (ConfUtils.java:logGet(43)) - raft.server.log.queue.element-limit = 1024 (custom)
2019-09-20 08:53:07,130 [pool-38-thread-1] INFO  server.RaftServerConfigKeys (ConfUtils.java:logGet(43)) - raft.server.log.segment.size.max = 1048576 (custom)
2019-09-20 08:53:07,131 [pool-38-thread-1] INFO  server.RaftServerConfigKeys (ConfUtils.java:logGet(43)) - raft.server.log.preallocated.size = 16384 (custom)
2019-09-20 08:53:07,131 [pool-38-thread-1] INFO  server.RaftServerConfigKeys (ConfUtils.java:logGet(43)) - raft.server.log.write.buffer.size = 33554432 (custom)
2019-09-20 08:53:07,131 [pool-38-thread-1] INFO  server.RaftServerConfigKeys (ConfUtils.java:logGet(43)) - raft.server.log.force.sync.num = 128 (default)
2019-09-20 08:53:07,131 [pool-38-thread-1] INFO  server.RaftServerConfigKeys (ConfUtils.java:logGet(43)) - raft.server.log.statemachine.data.sync = true (default)
2019-09-20 08:53:07,131 [pool-38-thread-1] INFO  server.RaftServerConfigKeys (ConfUtils.java:logGet(43)) - raft.server.log.statemachine.data.sync.timeout = 10s (default)
2019-09-20 08:53:07,132 [pool-38-thread-1] INFO  server.RaftServerConfigKeys (ConfUtils.java:logGet(43)) - raft.server.log.statemachine.data.sync.timeout.retry = -1 (default)
2019-09-20 08:53:07,132 [pool-38-thread-1] INFO  server.RaftServerConfigKeys (ConfUtils.java:logGet(43)) - raft.server.log.statemachine.data.caching.enabled = true (custom)
2019-09-20 08:53:07,132 [pool-38-thread-1] INFO  segmented.SegmentedRaftLogWorker (SegmentedRaftLogWorker.java:lambda$new$0(132)) - 036c7012-de9e-4e05-8743-9a12868644f9-SegmentedRaftLogWorker:Storage Directory /workdir/hadoop-ozone/tools/target/test-dir/MiniOzoneClusterImpl-fdb7164d-332a-4161-9ef6-b429f59a210d/datanode-1/data/ratis/abbbade9-ad3a-49c1-af37-2bb01abb89a6: flushIndex: setUnconditionally 0 -> -1
2019-09-20 08:53:07,133 [pool-38-thread-1] INFO  server.RaftServerConfigKeys (ConfUtils.java:logGet(43)) - raft.server.snapshot.auto.trigger.enabled = true (custom)
2019-09-20 08:53:07,133 [pool-38-thread-1] INFO  server.RaftServerConfigKeys (ConfUtils.java:logGet(43)) - raft.server.snapshot.auto.trigger.threshold = 10000 (custom)
2019-09-20 08:53:07,133 [pool-38-thread-1] INFO  server.RaftServerConfigKeys (ConfUtils.java:logGet(43)) - raft.server.retrycache.expirytime = 600000ms (custom)
2019-09-20 08:53:07,134 [pool-38-thread-1] INFO  impl.RaftServerImpl (RaftServerImpl.java:start(180)) - 036c7012-de9e-4e05-8743-9a12868644f9: start group-2BB01ABB89A6
2019-09-20 08:53:07,134 [pool-38-thread-1] INFO  impl.RaftServerImpl (RaftServerImpl.java:setRole(171)) - 036c7012-de9e-4e05-8743-9a12868644f9:group-2BB01ABB89A6 changes role from null to FOLLOWER at term 0 for startAsFollower
2019-09-20 08:53:07,134 [pool-38-thread-1] INFO  impl.RoleInfo (RoleInfo.java:updateAndGet(143)) - 036c7012-de9e-4e05-8743-9a12868644f9: start FollowerState
2019-09-20 08:53:07,135 [pool-38-thread-1] INFO  util.JmxRegister (JmxRegister.java:tryRegister(44)) - Successfully registered JMX Bean with object name Ratis:service=RaftServer,group=group-2BB01ABB89A6,id=036c7012-de9e-4e05-8743-9a12868644f9
2019-09-20 08:53:07,146 [RatisPipelineUtilsThread] INFO  pipeline.PipelineStateManager (PipelineStateManager.java:addPipeline(56)) - Created pipeline Pipeline[ Id: abbbade9-ad3a-49c1-af37-2bb01abb89a6, Nodes: 036c7012-de9e-4e05-8743-9a12868644f9{ip: 192.168.36.79, host: pr-hdds-1569-s8kj2-2266485376, networkLocation: /default-rack, certSerialId: null}, Type:RATIS, Factor:ONE, State:OPEN]
2019-09-20 08:53:07,160 [grpc-default-executor-0] INFO  impl.RaftServerProxy (RaftServerProxy.java:addNew(89)) - b44e7e57-9837-469e-aba7-9d7779212b32: addNew group-88701D5B9D87:[b44e7e57-9837-469e-aba7-9d7779212b32:192.168.36.79:41325] returns group-88701D5B9D87:java.util.concurrent.CompletableFuture@63fa609f[Not completed]
2019-09-20 08:53:07,162 [pool-49-thread-1] INFO  impl.RaftServerImpl (RaftServerImpl.java:<init>(93)) - b44e7e57-9837-469e-aba7-9d7779212b32: new RaftServerImpl for group-88701D5B9D87:[b44e7e57-9837-469e-aba7-9d7779212b32:192.168.36.79:41325] with ContainerStateMachine:uninitialized
2019-09-20 08:53:07,163 [pool-49-thread-1] INFO  server.RaftServerConfigKeys (ConfUtils.java:logGet(43)) - raft.server.rpc.timeout.min = 5s (custom)
2019-09-20 08:53:07,163 [pool-49-thread-1] INFO  server.RaftServerConfigKeys (ConfUtils.java:logGet(43)) - raft.server.rpc.timeout.max = 5200ms (custom)
2019-09-20 08:53:07,163 [pool-49-thread-1] INFO  server.RaftServerConfigKeys (ConfUtils.java:logGet(43)) - raft.server.rpcslowness.timeout = 120s (custom)
2019-09-20 08:53:07,163 [pool-49-thread-1] INFO  server.RaftServerConfigKeys (ConfUtils.java:logGet(43)) - raft.server.sleep.deviation.threshold = 300 (default)
2019-09-20 08:53:07,163 [pool-49-thread-1] INFO  server.RaftServerConfigKeys (ConfUtils.java:logGet(43)) - raft.server.log.appender.install.snapshot.enabled = false (custom)
2019-09-20 08:53:07,163 [pool-49-thread-1] INFO  impl.RaftServerImpl (ServerState.java:<init>(105)) - b44e7e57-9837-469e-aba7-9d7779212b32:group-88701D5B9D87 ConfigurationManager, init=-1: [b44e7e57-9837-469e-aba7-9d7779212b32:192.168.36.79:41325], old=null, confs=<EMPTY_MAP>
2019-09-20 08:53:07,164 [pool-49-thread-1] INFO  server.RaftServerConfigKeys (ConfUtils.java:logGet(43)) - raft.server.storage.dir = [/workdir/hadoop-ozone/tools/target/test-dir/MiniOzoneClusterImpl-fdb7164d-332a-4161-9ef6-b429f59a210d/datanode-2/data/ratis] (custom)
2019-09-20 08:53:07,164 [pool-49-thread-1] INFO  storage.RaftStorageDirectory (RaftStorageDirectory.java:analyzeStorage(246)) - The storage directory /workdir/hadoop-ozone/tools/target/test-dir/MiniOzoneClusterImpl-fdb7164d-332a-4161-9ef6-b429f59a210d/datanode-2/data/ratis/8c061586-630b-4851-a618-88701d5b9d87 does not exist. Creating ...
2019-09-20 08:53:07,169 | INFO  | OMAudit | user=jenkins1000 | ip=127.0.0.1 | op=CREATE_VOLUME {admin=jenkins1000, owner=jenkins1000, volume=vol-0-11548, creationTime=1568969587164, quotaInBytes=1152921504606846976} | ret=SUCCESS |  
2019-09-20 08:53:07,186 | INFO  | OMAudit | user=jenkins1000 | ip=127.0.0.1 | op=READ_VOLUME {volume=vol-0-11548} | ret=SUCCESS |  
2019-09-20 08:53:07,191 [pool-49-thread-1] INFO  storage.RaftStorageDirectory (RaftStorageDirectory.java:tryLock(328)) - Lock on /workdir/hadoop-ozone/tools/target/test-dir/MiniOzoneClusterImpl-fdb7164d-332a-4161-9ef6-b429f59a210d/datanode-2/data/ratis/8c061586-630b-4851-a618-88701d5b9d87/in_use.lock acquired by nodename 19168@pr-hdds-1569-s8kj2-2266485376
2019-09-20 08:53:07,199 [pool-78-thread-2] INFO  rpc.RpcClient (RpcClient.java:createBucket(432)) - Creating Bucket: vol-0-11548/bucket-0-18196, with Versioning false and Storage Type set to DISK and Encryption set to false 
2019-09-20 08:53:07,219 | INFO  | OMAudit | user=jenkins1000 | ip=127.0.0.1 | op=CREATE_BUCKET {volume=vol-0-11548, bucket=bucket-0-18196, acls=[user:jenkins1000:a[ACCESS], group:default:a[ACCESS]], isVersionEnabled=false, storageType=DISK, creationTime=0} | ret=SUCCESS |  
2019-09-20 08:53:07,219 [pool-49-thread-1] INFO  storage.RaftStorage (RaftStorage.java:format(72)) - Storage directory /workdir/hadoop-ozone/tools/target/test-dir/MiniOzoneClusterImpl-fdb7164d-332a-4161-9ef6-b429f59a210d/datanode-2/data/ratis/8c061586-630b-4851-a618-88701d5b9d87 has been successfully formatted.
2019-09-20 08:53:07,219 [pool-49-thread-1] INFO  ratis.ContainerStateMachine (ContainerStateMachine.java:loadSnapshot(226)) - group-88701D5B9D87: The snapshot info is null. Setting the last applied indexto:(t:0, i:~)
2019-09-20 08:53:07,220 [pool-49-thread-1] INFO  server.RaftServerConfigKeys (ConfUtils.java:logGet(43)) - raft.server.leader.election.timeout = 120s (custom)
2019-09-20 08:53:07,220 [pool-49-thread-1] INFO  server.RaftServerConfigKeys (ConfUtils.java:logGet(43)) - raft.server.log.use.memory = false (default)
2019-09-20 08:53:07,220 [pool-49-thread-1] INFO  server.RaftServerConfigKeys (ConfUtils.java:logGet(43)) - raft.server.log.purge.gap = 1000000 (custom)
2019-09-20 08:53:07,220 [pool-49-thread-1] INFO  server.RaftServerConfigKeys (ConfUtils.java:logGet(43)) - raft.server.log.appender.buffer.byte-limit = 33554432 (custom)
2019-09-20 08:53:07,221 [pool-49-thread-1] INFO  server.RaftServerConfigKeys (ConfUtils.java:logGet(43)) - raft.server.log.segment.size.max = 1048576 (custom)
2019-09-20 08:53:07,221 [pool-49-thread-1] INFO  server.RaftServerConfigKeys (ConfUtils.java:logGet(43)) - raft.server.log.segment.cache.num.max = 2 (custom)
2019-09-20 08:53:07,221 [pool-49-thread-1] INFO  segmented.SegmentedRaftLogWorker (SegmentedRaftLogWorker.java:<init>(172)) - new b44e7e57-9837-469e-aba7-9d7779212b32-SegmentedRaftLogWorker:Storage Directory /workdir/hadoop-ozone/tools/target/test-dir/MiniOzoneClusterImpl-fdb7164d-332a-4161-9ef6-b429f59a210d/datanode-2/data/ratis/8c061586-630b-4851-a618-88701d5b9d87 for RaftStorage:Storage Directory /workdir/hadoop-ozone/tools/target/test-dir/MiniOzoneClusterImpl-fdb7164d-332a-4161-9ef6-b429f59a210d/datanode-2/data/ratis/8c061586-630b-4851-a618-88701d5b9d87
2019-09-20 08:53:07,221 [pool-49-thread-1] INFO  server.RaftServerConfigKeys (ConfUtils.java:logGet(43)) - raft.server.log.queue.byte-limit = 2147483647 (custom)
2019-09-20 08:53:07,221 [pool-49-thread-1] INFO  server.RaftServerConfigKeys (ConfUtils.java:logGet(43)) - raft.server.log.queue.element-limit = 1024 (custom)
2019-09-20 08:53:07,223 [pool-49-thread-1] INFO  server.RaftServerConfigKeys (ConfUtils.java:logGet(43)) - raft.server.log.segment.size.max = 1048576 (custom)
2019-09-20 08:53:07,223 [pool-49-thread-1] INFO  server.RaftServerConfigKeys (ConfUtils.java:logGet(43)) - raft.server.log.preallocated.size = 16384 (custom)
2019-09-20 08:53:07,223 [pool-49-thread-1] INFO  server.RaftServerConfigKeys (ConfUtils.java:logGet(43)) - raft.server.log.write.buffer.size = 33554432 (custom)
2019-09-20 08:53:07,223 [pool-49-thread-1] INFO  server.RaftServerConfigKeys (ConfUtils.java:logGet(43)) - raft.server.log.force.sync.num = 128 (default)
2019-09-20 08:53:07,224 [pool-49-thread-1] INFO  server.RaftServerConfigKeys (ConfUtils.java:logGet(43)) - raft.server.log.statemachine.data.sync = true (default)
2019-09-20 08:53:07,224 [pool-49-thread-1] INFO  server.RaftServerConfigKeys (ConfUtils.java:logGet(43)) - raft.server.log.statemachine.data.sync.timeout = 10s (default)
2019-09-20 08:53:07,224 [pool-49-thread-1] INFO  server.RaftServerConfigKeys (ConfUtils.java:logGet(43)) - raft.server.log.statemachine.data.sync.timeout.retry = -1 (default)
2019-09-20 08:53:07,224 [pool-49-thread-1] INFO  server.RaftServerConfigKeys (ConfUtils.java:logGet(43)) - raft.server.log.statemachine.data.caching.enabled = true (custom)
2019-09-20 08:53:07,225 [pool-49-thread-1] INFO  segmented.SegmentedRaftLogWorker (SegmentedRaftLogWorker.java:lambda$new$0(132)) - b44e7e57-9837-469e-aba7-9d7779212b32-SegmentedRaftLogWorker:Storage Directory /workdir/hadoop-ozone/tools/target/test-dir/MiniOzoneClusterImpl-fdb7164d-332a-4161-9ef6-b429f59a210d/datanode-2/data/ratis/8c061586-630b-4851-a618-88701d5b9d87: flushIndex: setUnconditionally 0 -> -1
2019-09-20 08:53:07,225 [pool-49-thread-1] INFO  server.RaftServerConfigKeys (ConfUtils.java:logGet(43)) - raft.server.snapshot.auto.trigger.enabled = true (custom)
2019-09-20 08:53:07,225 [pool-49-thread-1] INFO  server.RaftServerConfigKeys (ConfUtils.java:logGet(43)) - raft.server.snapshot.auto.trigger.threshold = 10000 (custom)
2019-09-20 08:53:07,226 [pool-49-thread-1] INFO  server.RaftServerConfigKeys (ConfUtils.java:logGet(43)) - raft.server.retrycache.expirytime = 600000ms (custom)
2019-09-20 08:53:07,226 [pool-49-thread-1] INFO  impl.RaftServerImpl (RaftServerImpl.java:start(180)) - b44e7e57-9837-469e-aba7-9d7779212b32: start group-88701D5B9D87
2019-09-20 08:53:07,226 [pool-49-thread-1] INFO  impl.RaftServerImpl (RaftServerImpl.java:setRole(171)) - b44e7e57-9837-469e-aba7-9d7779212b32:group-88701D5B9D87 changes role from null to FOLLOWER at term 0 for startAsFollower
2019-09-20 08:53:07,226 [pool-49-thread-1] INFO  impl.RoleInfo (RoleInfo.java:updateAndGet(143)) - b44e7e57-9837-469e-aba7-9d7779212b32: start FollowerState
2019-09-20 08:53:07,226 | INFO  | OMAudit | user=jenkins1000 | ip=127.0.0.1 | op=READ_BUCKET {volume=vol-0-11548, bucket=bucket-0-18196} | ret=SUCCESS |  
2019-09-20 08:53:07,227 [pool-49-thread-1] INFO  util.JmxRegister (JmxRegister.java:tryRegister(44)) - Successfully registered JMX Bean with object name Ratis:service=RaftServer,group=group-88701D5B9D87,id=b44e7e57-9837-469e-aba7-9d7779212b32
2019-09-20 08:53:07,236 [RatisPipelineUtilsThread] INFO  pipeline.PipelineStateManager (PipelineStateManager.java:addPipeline(56)) - Created pipeline Pipeline[ Id: 8c061586-630b-4851-a618-88701d5b9d87, Nodes: b44e7e57-9837-469e-aba7-9d7779212b32{ip: 192.168.36.79, host: pr-hdds-1569-s8kj2-2266485376, networkLocation: /default-rack, certSerialId: null}, Type:RATIS, Factor:ONE, State:OPEN]
2019-09-20 08:53:07,237 [RatisPipelineUtilsThread] INFO  pipeline.PipelinePlacementPolicy (PipelinePlacementPolicy.java:meetCriteria(91)) - Pipeline Placement: Doesn't meet the criteria to be viable node： b44e7e57-9837-469e-aba7-9d7779212b32 Heaviness: 6 limit: 5
2019-09-20 08:53:07,269 [grpc-default-executor-0] INFO  impl.RaftServerProxy (RaftServerProxy.java:addNew(89)) - f924f469-4e73-41d9-9d19-420bd0dc75a2: addNew group-19F680C1944F:[f924f469-4e73-41d9-9d19-420bd0dc75a2:192.168.36.79:42715] returns group-19F680C1944F:java.util.concurrent.CompletableFuture@b39c33a[Not completed]
2019-09-20 08:53:07,270 [pool-60-thread-1] INFO  impl.RaftServerImpl (RaftServerImpl.java:<init>(93)) - f924f469-4e73-41d9-9d19-420bd0dc75a2: new RaftServerImpl for group-19F680C1944F:[f924f469-4e73-41d9-9d19-420bd0dc75a2:192.168.36.79:42715] with ContainerStateMachine:uninitialized
2019-09-20 08:53:07,271 [pool-60-thread-1] INFO  server.RaftServerConfigKeys (ConfUtils.java:logGet(43)) - raft.server.rpc.timeout.min = 5s (custom)
2019-09-20 08:53:07,271 [pool-60-thread-1] INFO  server.RaftServerConfigKeys (ConfUtils.java:logGet(43)) - raft.server.rpc.timeout.max = 5200ms (custom)
2019-09-20 08:53:07,271 [pool-60-thread-1] INFO  server.RaftServerConfigKeys (ConfUtils.java:logGet(43)) - raft.server.rpcslowness.timeout = 120s (custom)
2019-09-20 08:53:07,271 [pool-60-thread-1] INFO  server.RaftServerConfigKeys (ConfUtils.java:logGet(43)) - raft.server.sleep.deviation.threshold = 300 (default)
2019-09-20 08:53:07,271 [pool-60-thread-1] INFO  server.RaftServerConfigKeys (ConfUtils.java:logGet(43)) - raft.server.log.appender.install.snapshot.enabled = false (custom)
2019-09-20 08:53:07,271 [pool-60-thread-1] INFO  impl.RaftServerImpl (ServerState.java:<init>(105)) - f924f469-4e73-41d9-9d19-420bd0dc75a2:group-19F680C1944F ConfigurationManager, init=-1: [f924f469-4e73-41d9-9d19-420bd0dc75a2:192.168.36.79:42715], old=null, confs=<EMPTY_MAP>
2019-09-20 08:53:07,271 [pool-60-thread-1] INFO  server.RaftServerConfigKeys (ConfUtils.java:logGet(43)) - raft.server.storage.dir = [/workdir/hadoop-ozone/tools/target/test-dir/MiniOzoneClusterImpl-fdb7164d-332a-4161-9ef6-b429f59a210d/datanode-3/data/ratis] (custom)
2019-09-20 08:53:07,272 [pool-60-thread-1] INFO  storage.RaftStorageDirectory (RaftStorageDirectory.java:analyzeStorage(246)) - The storage directory /workdir/hadoop-ozone/tools/target/test-dir/MiniOzoneClusterImpl-fdb7164d-332a-4161-9ef6-b429f59a210d/datanode-3/data/ratis/db463672-f160-4217-9729-19f680c1944f does not exist. Creating ...
2019-09-20 08:53:07,302 [pool-60-thread-1] INFO  storage.RaftStorageDirectory (RaftStorageDirectory.java:tryLock(328)) - Lock on /workdir/hadoop-ozone/tools/target/test-dir/MiniOzoneClusterImpl-fdb7164d-332a-4161-9ef6-b429f59a210d/datanode-3/data/ratis/db463672-f160-4217-9729-19f680c1944f/in_use.lock acquired by nodename 19168@pr-hdds-1569-s8kj2-2266485376
2019-09-20 08:53:07,325 [pool-60-thread-1] INFO  storage.RaftStorage (RaftStorage.java:format(72)) - Storage directory /workdir/hadoop-ozone/tools/target/test-dir/MiniOzoneClusterImpl-fdb7164d-332a-4161-9ef6-b429f59a210d/datanode-3/data/ratis/db463672-f160-4217-9729-19f680c1944f has been successfully formatted.
2019-09-20 08:53:07,326 [pool-60-thread-1] INFO  ratis.ContainerStateMachine (ContainerStateMachine.java:loadSnapshot(226)) - group-19F680C1944F: The snapshot info is null. Setting the last applied indexto:(t:0, i:~)
2019-09-20 08:53:07,326 [pool-60-thread-1] INFO  server.RaftServerConfigKeys (ConfUtils.java:logGet(43)) - raft.server.leader.election.timeout = 120s (custom)
2019-09-20 08:53:07,326 [pool-60-thread-1] INFO  server.RaftServerConfigKeys (ConfUtils.java:logGet(43)) - raft.server.log.use.memory = false (default)
2019-09-20 08:53:07,326 [pool-60-thread-1] INFO  server.RaftServerConfigKeys (ConfUtils.java:logGet(43)) - raft.server.log.purge.gap = 1000000 (custom)
2019-09-20 08:53:07,327 [pool-60-thread-1] INFO  server.RaftServerConfigKeys (ConfUtils.java:logGet(43)) - raft.server.log.appender.buffer.byte-limit = 33554432 (custom)
2019-09-20 08:53:07,327 [pool-60-thread-1] INFO  server.RaftServerConfigKeys (ConfUtils.java:logGet(43)) - raft.server.log.segment.size.max = 1048576 (custom)
2019-09-20 08:53:07,327 [pool-60-thread-1] INFO  server.RaftServerConfigKeys (ConfUtils.java:logGet(43)) - raft.server.log.segment.cache.num.max = 2 (custom)
2019-09-20 08:53:07,327 [pool-60-thread-1] INFO  segmented.SegmentedRaftLogWorker (SegmentedRaftLogWorker.java:<init>(172)) - new f924f469-4e73-41d9-9d19-420bd0dc75a2-SegmentedRaftLogWorker:Storage Directory /workdir/hadoop-ozone/tools/target/test-dir/MiniOzoneClusterImpl-fdb7164d-332a-4161-9ef6-b429f59a210d/datanode-3/data/ratis/db463672-f160-4217-9729-19f680c1944f for RaftStorage:Storage Directory /workdir/hadoop-ozone/tools/target/test-dir/MiniOzoneClusterImpl-fdb7164d-332a-4161-9ef6-b429f59a210d/datanode-3/data/ratis/db463672-f160-4217-9729-19f680c1944f
2019-09-20 08:53:07,327 [pool-60-thread-1] INFO  server.RaftServerConfigKeys (ConfUtils.java:logGet(43)) - raft.server.log.queue.byte-limit = 2147483647 (custom)
2019-09-20 08:53:07,327 [pool-60-thread-1] INFO  server.RaftServerConfigKeys (ConfUtils.java:logGet(43)) - raft.server.log.queue.element-limit = 1024 (custom)
2019-09-20 08:53:07,328 [pool-60-thread-1] INFO  server.RaftServerConfigKeys (ConfUtils.java:logGet(43)) - raft.server.log.segment.size.max = 1048576 (custom)
2019-09-20 08:53:07,328 [pool-60-thread-1] INFO  server.RaftServerConfigKeys (ConfUtils.java:logGet(43)) - raft.server.log.preallocated.size = 16384 (custom)
2019-09-20 08:53:07,328 [pool-60-thread-1] INFO  server.RaftServerConfigKeys (ConfUtils.java:logGet(43)) - raft.server.log.write.buffer.size = 33554432 (custom)
2019-09-20 08:53:07,328 [pool-60-thread-1] INFO  server.RaftServerConfigKeys (ConfUtils.java:logGet(43)) - raft.server.log.force.sync.num = 128 (default)
2019-09-20 08:53:07,328 [pool-60-thread-1] INFO  server.RaftServerConfigKeys (ConfUtils.java:logGet(43)) - raft.server.log.statemachine.data.sync = true (default)
2019-09-20 08:53:07,328 [pool-60-thread-1] INFO  server.RaftServerConfigKeys (ConfUtils.java:logGet(43)) - raft.server.log.statemachine.data.sync.timeout = 10s (default)
2019-09-20 08:53:07,329 [pool-60-thread-1] INFO  server.RaftServerConfigKeys (ConfUtils.java:logGet(43)) - raft.server.log.statemachine.data.sync.timeout.retry = -1 (default)
2019-09-20 08:53:07,329 [pool-60-thread-1] INFO  server.RaftServerConfigKeys (ConfUtils.java:logGet(43)) - raft.server.log.statemachine.data.caching.enabled = true (custom)
2019-09-20 08:53:07,329 [pool-60-thread-1] INFO  segmented.SegmentedRaftLogWorker (SegmentedRaftLogWorker.java:lambda$new$0(132)) - f924f469-4e73-41d9-9d19-420bd0dc75a2-SegmentedRaftLogWorker:Storage Directory /workdir/hadoop-ozone/tools/target/test-dir/MiniOzoneClusterImpl-fdb7164d-332a-4161-9ef6-b429f59a210d/datanode-3/data/ratis/db463672-f160-4217-9729-19f680c1944f: flushIndex: setUnconditionally 0 -> -1
2019-09-20 08:53:07,330 [pool-60-thread-1] INFO  server.RaftServerConfigKeys (ConfUtils.java:logGet(43)) - raft.server.snapshot.auto.trigger.enabled = true (custom)
2019-09-20 08:53:07,330 [pool-60-thread-1] INFO  server.RaftServerConfigKeys (ConfUtils.java:logGet(43)) - raft.server.snapshot.auto.trigger.threshold = 10000 (custom)
2019-09-20 08:53:07,330 [pool-60-thread-1] INFO  server.RaftServerConfigKeys (ConfUtils.java:logGet(43)) - raft.server.retrycache.expirytime = 600000ms (custom)
2019-09-20 08:53:07,330 [pool-60-thread-1] INFO  impl.RaftServerImpl (RaftServerImpl.java:start(180)) - f924f469-4e73-41d9-9d19-420bd0dc75a2: start group-19F680C1944F
2019-09-20 08:53:07,330 [pool-60-thread-1] INFO  impl.RaftServerImpl (RaftServerImpl.java:setRole(171)) - f924f469-4e73-41d9-9d19-420bd0dc75a2:group-19F680C1944F changes role from null to FOLLOWER at term 0 for startAsFollower
2019-09-20 08:53:07,331 [pool-60-thread-1] INFO  impl.RoleInfo (RoleInfo.java:updateAndGet(143)) - f924f469-4e73-41d9-9d19-420bd0dc75a2: start FollowerState
2019-09-20 08:53:07,331 [pool-60-thread-1] INFO  util.JmxRegister (JmxRegister.java:tryRegister(44)) - Successfully registered JMX Bean with object name Ratis:service=RaftServer,group=group-19F680C1944F,id=f924f469-4e73-41d9-9d19-420bd0dc75a2
2019-09-20 08:53:07,343 [RatisPipelineUtilsThread] INFO  pipeline.PipelineStateManager (PipelineStateManager.java:addPipeline(56)) - Created pipeline Pipeline[ Id: db463672-f160-4217-9729-19f680c1944f, Nodes: f924f469-4e73-41d9-9d19-420bd0dc75a2{ip: 192.168.36.79, host: pr-hdds-1569-s8kj2-2266485376, networkLocation: /default-rack, certSerialId: null}, Type:RATIS, Factor:ONE, State:OPEN]
2019-09-20 08:53:07,345 [RatisPipelineUtilsThread] INFO  pipeline.PipelinePlacementPolicy (PipelinePlacementPolicy.java:meetCriteria(91)) - Pipeline Placement: Doesn't meet the criteria to be viable node： b44e7e57-9837-469e-aba7-9d7779212b32 Heaviness: 6 limit: 5
2019-09-20 08:53:07,362 [grpc-default-executor-0] INFO  impl.RaftServerProxy (RaftServerProxy.java:addNew(89)) - 036c7012-de9e-4e05-8743-9a12868644f9: addNew group-FFB5C8A78151:[036c7012-de9e-4e05-8743-9a12868644f9:192.168.36.79:42237] returns group-FFB5C8A78151:java.util.concurrent.CompletableFuture@14dbe7e0[Not completed]
2019-09-20 08:53:07,364 [pool-38-thread-1] INFO  impl.RaftServerImpl (RaftServerImpl.java:<init>(93)) - 036c7012-de9e-4e05-8743-9a12868644f9: new RaftServerImpl for group-FFB5C8A78151:[036c7012-de9e-4e05-8743-9a12868644f9:192.168.36.79:42237] with ContainerStateMachine:uninitialized
2019-09-20 08:53:07,364 [pool-38-thread-1] INFO  server.RaftServerConfigKeys (ConfUtils.java:logGet(43)) - raft.server.rpc.timeout.min = 5s (custom)
2019-09-20 08:53:07,364 [pool-38-thread-1] INFO  server.RaftServerConfigKeys (ConfUtils.java:logGet(43)) - raft.server.rpc.timeout.max = 5200ms (custom)
2019-09-20 08:53:07,364 [pool-38-thread-1] INFO  server.RaftServerConfigKeys (ConfUtils.java:logGet(43)) - raft.server.rpcslowness.timeout = 120s (custom)
2019-09-20 08:53:07,365 [pool-38-thread-1] INFO  server.RaftServerConfigKeys (ConfUtils.java:logGet(43)) - raft.server.sleep.deviation.threshold = 300 (default)
2019-09-20 08:53:07,365 [pool-38-thread-1] INFO  server.RaftServerConfigKeys (ConfUtils.java:logGet(43)) - raft.server.log.appender.install.snapshot.enabled = false (custom)
2019-09-20 08:53:07,365 [pool-38-thread-1] INFO  impl.RaftServerImpl (ServerState.java:<init>(105)) - 036c7012-de9e-4e05-8743-9a12868644f9:group-FFB5C8A78151 ConfigurationManager, init=-1: [036c7012-de9e-4e05-8743-9a12868644f9:192.168.36.79:42237], old=null, confs=<EMPTY_MAP>
2019-09-20 08:53:07,365 [pool-38-thread-1] INFO  server.RaftServerConfigKeys (ConfUtils.java:logGet(43)) - raft.server.storage.dir = [/workdir/hadoop-ozone/tools/target/test-dir/MiniOzoneClusterImpl-fdb7164d-332a-4161-9ef6-b429f59a210d/datanode-1/data/ratis] (custom)
2019-09-20 08:53:07,366 [pool-38-thread-1] INFO  storage.RaftStorageDirectory (RaftStorageDirectory.java:analyzeStorage(246)) - The storage directory /workdir/hadoop-ozone/tools/target/test-dir/MiniOzoneClusterImpl-fdb7164d-332a-4161-9ef6-b429f59a210d/datanode-1/data/ratis/6ca05c1a-5264-4b7f-b15d-ffb5c8a78151 does not exist. Creating ...
2019-09-20 08:53:07,396 [pool-38-thread-1] INFO  storage.RaftStorageDirectory (RaftStorageDirectory.java:tryLock(328)) - Lock on /workdir/hadoop-ozone/tools/target/test-dir/MiniOzoneClusterImpl-fdb7164d-332a-4161-9ef6-b429f59a210d/datanode-1/data/ratis/6ca05c1a-5264-4b7f-b15d-ffb5c8a78151/in_use.lock acquired by nodename 19168@pr-hdds-1569-s8kj2-2266485376
2019-09-20 08:53:07,426 [pool-38-thread-1] INFO  storage.RaftStorage (RaftStorage.java:format(72)) - Storage directory /workdir/hadoop-ozone/tools/target/test-dir/MiniOzoneClusterImpl-fdb7164d-332a-4161-9ef6-b429f59a210d/datanode-1/data/ratis/6ca05c1a-5264-4b7f-b15d-ffb5c8a78151 has been successfully formatted.
2019-09-20 08:53:07,426 [pool-38-thread-1] INFO  ratis.ContainerStateMachine (ContainerStateMachine.java:loadSnapshot(226)) - group-FFB5C8A78151: The snapshot info is null. Setting the last applied indexto:(t:0, i:~)
2019-09-20 08:53:07,427 [pool-38-thread-1] INFO  server.RaftServerConfigKeys (ConfUtils.java:logGet(43)) - raft.server.leader.election.timeout = 120s (custom)
2019-09-20 08:53:07,427 [pool-38-thread-1] INFO  server.RaftServerConfigKeys (ConfUtils.java:logGet(43)) - raft.server.log.use.memory = false (default)
2019-09-20 08:53:07,427 [pool-38-thread-1] INFO  server.RaftServerConfigKeys (ConfUtils.java:logGet(43)) - raft.server.log.purge.gap = 1000000 (custom)
2019-09-20 08:53:07,427 [pool-38-thread-1] INFO  server.RaftServerConfigKeys (ConfUtils.java:logGet(43)) - raft.server.log.appender.buffer.byte-limit = 33554432 (custom)
2019-09-20 08:53:07,427 [pool-38-thread-1] INFO  server.RaftServerConfigKeys (ConfUtils.java:logGet(43)) - raft.server.log.segment.size.max = 1048576 (custom)
2019-09-20 08:53:07,428 [pool-38-thread-1] INFO  server.RaftServerConfigKeys (ConfUtils.java:logGet(43)) - raft.server.log.segment.cache.num.max = 2 (custom)
2019-09-20 08:53:07,428 [pool-38-thread-1] INFO  segmented.SegmentedRaftLogWorker (SegmentedRaftLogWorker.java:<init>(172)) - new 036c7012-de9e-4e05-8743-9a12868644f9-SegmentedRaftLogWorker:Storage Directory /workdir/hadoop-ozone/tools/target/test-dir/MiniOzoneClusterImpl-fdb7164d-332a-4161-9ef6-b429f59a210d/datanode-1/data/ratis/6ca05c1a-5264-4b7f-b15d-ffb5c8a78151 for RaftStorage:Storage Directory /workdir/hadoop-ozone/tools/target/test-dir/MiniOzoneClusterImpl-fdb7164d-332a-4161-9ef6-b429f59a210d/datanode-1/data/ratis/6ca05c1a-5264-4b7f-b15d-ffb5c8a78151
2019-09-20 08:53:07,428 [pool-38-thread-1] INFO  server.RaftServerConfigKeys (ConfUtils.java:logGet(43)) - raft.server.log.queue.byte-limit = 2147483647 (custom)
2019-09-20 08:53:07,428 [pool-38-thread-1] INFO  server.RaftServerConfigKeys (ConfUtils.java:logGet(43)) - raft.server.log.queue.element-limit = 1024 (custom)
2019-09-20 08:53:07,429 [pool-38-thread-1] INFO  server.RaftServerConfigKeys (ConfUtils.java:logGet(43)) - raft.server.log.segment.size.max = 1048576 (custom)
2019-09-20 08:53:07,429 [pool-38-thread-1] INFO  server.RaftServerConfigKeys (ConfUtils.java:logGet(43)) - raft.server.log.preallocated.size = 16384 (custom)
2019-09-20 08:53:07,429 [pool-38-thread-1] INFO  server.RaftServerConfigKeys (ConfUtils.java:logGet(43)) - raft.server.log.write.buffer.size = 33554432 (custom)
2019-09-20 08:53:07,429 [pool-38-thread-1] INFO  server.RaftServerConfigKeys (ConfUtils.java:logGet(43)) - raft.server.log.force.sync.num = 128 (default)
2019-09-20 08:53:07,429 [pool-38-thread-1] INFO  server.RaftServerConfigKeys (ConfUtils.java:logGet(43)) - raft.server.log.statemachine.data.sync = true (default)
2019-09-20 08:53:07,429 [pool-38-thread-1] INFO  server.RaftServerConfigKeys (ConfUtils.java:logGet(43)) - raft.server.log.statemachine.data.sync.timeout = 10s (default)
2019-09-20 08:53:07,430 [pool-38-thread-1] INFO  server.RaftServerConfigKeys (ConfUtils.java:logGet(43)) - raft.server.log.statemachine.data.sync.timeout.retry = -1 (default)
2019-09-20 08:53:07,430 [pool-38-thread-1] INFO  server.RaftServerConfigKeys (ConfUtils.java:logGet(43)) - raft.server.log.statemachine.data.caching.enabled = true (custom)
2019-09-20 08:53:07,430 [pool-38-thread-1] INFO  segmented.SegmentedRaftLogWorker (SegmentedRaftLogWorker.java:lambda$new$0(132)) - 036c7012-de9e-4e05-8743-9a12868644f9-SegmentedRaftLogWorker:Storage Directory /workdir/hadoop-ozone/tools/target/test-dir/MiniOzoneClusterImpl-fdb7164d-332a-4161-9ef6-b429f59a210d/datanode-1/data/ratis/6ca05c1a-5264-4b7f-b15d-ffb5c8a78151: flushIndex: setUnconditionally 0 -> -1
2019-09-20 08:53:07,431 [pool-38-thread-1] INFO  server.RaftServerConfigKeys (ConfUtils.java:logGet(43)) - raft.server.snapshot.auto.trigger.enabled = true (custom)
2019-09-20 08:53:07,431 [pool-38-thread-1] INFO  server.RaftServerConfigKeys (ConfUtils.java:logGet(43)) - raft.server.snapshot.auto.trigger.threshold = 10000 (custom)
2019-09-20 08:53:07,431 [pool-38-thread-1] INFO  server.RaftServerConfigKeys (ConfUtils.java:logGet(43)) - raft.server.retrycache.expirytime = 600000ms (custom)
2019-09-20 08:53:07,432 [pool-38-thread-1] INFO  impl.RaftServerImpl (RaftServerImpl.java:start(180)) - 036c7012-de9e-4e05-8743-9a12868644f9: start group-FFB5C8A78151
2019-09-20 08:53:07,432 [pool-38-thread-1] INFO  impl.RaftServerImpl (RaftServerImpl.java:setRole(171)) - 036c7012-de9e-4e05-8743-9a12868644f9:group-FFB5C8A78151 changes role from null to FOLLOWER at term 0 for startAsFollower
2019-09-20 08:53:07,432 [pool-38-thread-1] INFO  impl.RoleInfo (RoleInfo.java:updateAndGet(143)) - 036c7012-de9e-4e05-8743-9a12868644f9: start FollowerState
2019-09-20 08:53:07,433 [pool-38-thread-1] INFO  util.JmxRegister (JmxRegister.java:tryRegister(44)) - Successfully registered JMX Bean with object name Ratis:service=RaftServer,group=group-FFB5C8A78151,id=036c7012-de9e-4e05-8743-9a12868644f9
2019-09-20 08:53:07,439 [RatisPipelineUtilsThread] INFO  pipeline.PipelineStateManager (PipelineStateManager.java:addPipeline(56)) - Created pipeline Pipeline[ Id: 6ca05c1a-5264-4b7f-b15d-ffb5c8a78151, Nodes: 036c7012-de9e-4e05-8743-9a12868644f9{ip: 192.168.36.79, host: pr-hdds-1569-s8kj2-2266485376, networkLocation: /default-rack, certSerialId: null}, Type:RATIS, Factor:ONE, State:OPEN]
2019-09-20 08:53:07,441 [RatisPipelineUtilsThread] INFO  pipeline.PipelinePlacementPolicy (PipelinePlacementPolicy.java:meetCriteria(91)) - Pipeline Placement: Doesn't meet the criteria to be viable node： b44e7e57-9837-469e-aba7-9d7779212b32 Heaviness: 6 limit: 5
2019-09-20 08:53:07,453 [grpc-default-executor-0] INFO  impl.RaftServerProxy (RaftServerProxy.java:addNew(89)) - 036c7012-de9e-4e05-8743-9a12868644f9: addNew group-6A831EA04C39:[036c7012-de9e-4e05-8743-9a12868644f9:192.168.36.79:42237] returns group-6A831EA04C39:java.util.concurrent.CompletableFuture@45f7a306[Not completed]
2019-09-20 08:53:07,455 [pool-38-thread-1] INFO  impl.RaftServerImpl (RaftServerImpl.java:<init>(93)) - 036c7012-de9e-4e05-8743-9a12868644f9: new RaftServerImpl for group-6A831EA04C39:[036c7012-de9e-4e05-8743-9a12868644f9:192.168.36.79:42237] with ContainerStateMachine:uninitialized
2019-09-20 08:53:07,455 [pool-38-thread-1] INFO  server.RaftServerConfigKeys (ConfUtils.java:logGet(43)) - raft.server.rpc.timeout.min = 5s (custom)
2019-09-20 08:53:07,455 [pool-38-thread-1] INFO  server.RaftServerConfigKeys (ConfUtils.java:logGet(43)) - raft.server.rpc.timeout.max = 5200ms (custom)
2019-09-20 08:53:07,455 [pool-38-thread-1] INFO  server.RaftServerConfigKeys (ConfUtils.java:logGet(43)) - raft.server.rpcslowness.timeout = 120s (custom)
2019-09-20 08:53:07,455 [pool-38-thread-1] INFO  server.RaftServerConfigKeys (ConfUtils.java:logGet(43)) - raft.server.sleep.deviation.threshold = 300 (default)
2019-09-20 08:53:07,456 [pool-38-thread-1] INFO  server.RaftServerConfigKeys (ConfUtils.java:logGet(43)) - raft.server.log.appender.install.snapshot.enabled = false (custom)
2019-09-20 08:53:07,456 [pool-38-thread-1] INFO  impl.RaftServerImpl (ServerState.java:<init>(105)) - 036c7012-de9e-4e05-8743-9a12868644f9:group-6A831EA04C39 ConfigurationManager, init=-1: [036c7012-de9e-4e05-8743-9a12868644f9:192.168.36.79:42237], old=null, confs=<EMPTY_MAP>
2019-09-20 08:53:07,456 [pool-38-thread-1] INFO  server.RaftServerConfigKeys (ConfUtils.java:logGet(43)) - raft.server.storage.dir = [/workdir/hadoop-ozone/tools/target/test-dir/MiniOzoneClusterImpl-fdb7164d-332a-4161-9ef6-b429f59a210d/datanode-1/data/ratis] (custom)
2019-09-20 08:53:07,456 [pool-38-thread-1] INFO  storage.RaftStorageDirectory (RaftStorageDirectory.java:analyzeStorage(246)) - The storage directory /workdir/hadoop-ozone/tools/target/test-dir/MiniOzoneClusterImpl-fdb7164d-332a-4161-9ef6-b429f59a210d/datanode-1/data/ratis/33b06a5e-8c4a-4b6f-8810-6a831ea04c39 does not exist. Creating ...
2019-09-20 08:53:07,496 | INFO  | SCMAudit | user=jenkins1000 | ip=192.168.36.79 | op=SEND_HEARTBEAT {datanodeUUID=f924f469-4e73-41d9-9d19-420bd0dc75a2, command=[]} | ret=SUCCESS |  
2019-09-20 08:53:07,511 | INFO  | SCMAudit | user=jenkins1000 | ip=192.168.36.79 | op=SEND_HEARTBEAT {datanodeUUID=93e6190b-41b6-4f2c-abfa-7324859860a0, command=[]} | ret=SUCCESS |  
2019-09-20 08:53:07,513 [pool-38-thread-1] INFO  storage.RaftStorageDirectory (RaftStorageDirectory.java:tryLock(328)) - Lock on /workdir/hadoop-ozone/tools/target/test-dir/MiniOzoneClusterImpl-fdb7164d-332a-4161-9ef6-b429f59a210d/datanode-1/data/ratis/33b06a5e-8c4a-4b6f-8810-6a831ea04c39/in_use.lock acquired by nodename 19168@pr-hdds-1569-s8kj2-2266485376
2019-09-20 08:53:07,516 | INFO  | SCMAudit | user=jenkins1000 | ip=192.168.36.79 | op=SEND_HEARTBEAT {datanodeUUID=f78c6f6f-b83c-4bef-83c8-4f247fc2f9cb, command=[]} | ret=SUCCESS |  
2019-09-20 08:53:07,554 [pool-38-thread-1] INFO  storage.RaftStorage (RaftStorage.java:format(72)) - Storage directory /workdir/hadoop-ozone/tools/target/test-dir/MiniOzoneClusterImpl-fdb7164d-332a-4161-9ef6-b429f59a210d/datanode-1/data/ratis/33b06a5e-8c4a-4b6f-8810-6a831ea04c39 has been successfully formatted.
2019-09-20 08:53:07,555 [pool-38-thread-1] INFO  ratis.ContainerStateMachine (ContainerStateMachine.java:loadSnapshot(226)) - group-6A831EA04C39: The snapshot info is null. Setting the last applied indexto:(t:0, i:~)
2019-09-20 08:53:07,555 [pool-38-thread-1] INFO  server.RaftServerConfigKeys (ConfUtils.java:logGet(43)) - raft.server.leader.election.timeout = 120s (custom)
2019-09-20 08:53:07,555 [pool-38-thread-1] INFO  server.RaftServerConfigKeys (ConfUtils.java:logGet(43)) - raft.server.log.use.memory = false (default)
2019-09-20 08:53:07,556 [pool-38-thread-1] INFO  server.RaftServerConfigKeys (ConfUtils.java:logGet(43)) - raft.server.log.purge.gap = 1000000 (custom)
2019-09-20 08:53:07,556 [pool-38-thread-1] INFO  server.RaftServerConfigKeys (ConfUtils.java:logGet(43)) - raft.server.log.appender.buffer.byte-limit = 33554432 (custom)
2019-09-20 08:53:07,556 [pool-38-thread-1] INFO  server.RaftServerConfigKeys (ConfUtils.java:logGet(43)) - raft.server.log.segment.size.max = 1048576 (custom)
2019-09-20 08:53:07,556 [pool-38-thread-1] INFO  server.RaftServerConfigKeys (ConfUtils.java:logGet(43)) - raft.server.log.segment.cache.num.max = 2 (custom)
2019-09-20 08:53:07,556 [pool-38-thread-1] INFO  segmented.SegmentedRaftLogWorker (SegmentedRaftLogWorker.java:<init>(172)) - new 036c7012-de9e-4e05-8743-9a12868644f9-SegmentedRaftLogWorker:Storage Directory /workdir/hadoop-ozone/tools/target/test-dir/MiniOzoneClusterImpl-fdb7164d-332a-4161-9ef6-b429f59a210d/datanode-1/data/ratis/33b06a5e-8c4a-4b6f-8810-6a831ea04c39 for RaftStorage:Storage Directory /workdir/hadoop-ozone/tools/target/test-dir/MiniOzoneClusterImpl-fdb7164d-332a-4161-9ef6-b429f59a210d/datanode-1/data/ratis/33b06a5e-8c4a-4b6f-8810-6a831ea04c39
2019-09-20 08:53:07,557 [pool-38-thread-1] INFO  server.RaftServerConfigKeys (ConfUtils.java:logGet(43)) - raft.server.log.queue.byte-limit = 2147483647 (custom)
2019-09-20 08:53:07,557 [pool-38-thread-1] INFO  server.RaftServerConfigKeys (ConfUtils.java:logGet(43)) - raft.server.log.queue.element-limit = 1024 (custom)
2019-09-20 08:53:07,557 [pool-38-thread-1] INFO  server.RaftServerConfigKeys (ConfUtils.java:logGet(43)) - raft.server.log.segment.size.max = 1048576 (custom)
2019-09-20 08:53:07,557 [pool-38-thread-1] INFO  server.RaftServerConfigKeys (ConfUtils.java:logGet(43)) - raft.server.log.preallocated.size = 16384 (custom)
2019-09-20 08:53:07,557 [pool-38-thread-1] INFO  server.RaftServerConfigKeys (ConfUtils.java:logGet(43)) - raft.server.log.write.buffer.size = 33554432 (custom)
2019-09-20 08:53:07,557 [pool-38-thread-1] INFO  server.RaftServerConfigKeys (ConfUtils.java:logGet(43)) - raft.server.log.force.sync.num = 128 (default)
2019-09-20 08:53:07,558 [pool-38-thread-1] INFO  server.RaftServerConfigKeys (ConfUtils.java:logGet(43)) - raft.server.log.statemachine.data.sync = true (default)
2019-09-20 08:53:07,558 [pool-38-thread-1] INFO  server.RaftServerConfigKeys (ConfUtils.java:logGet(43)) - raft.server.log.statemachine.data.sync.timeout = 10s (default)
2019-09-20 08:53:07,558 [pool-38-thread-1] INFO  server.RaftServerConfigKeys (ConfUtils.java:logGet(43)) - raft.server.log.statemachine.data.sync.timeout.retry = -1 (default)
2019-09-20 08:53:07,558 [pool-38-thread-1] INFO  server.RaftServerConfigKeys (ConfUtils.java:logGet(43)) - raft.server.log.statemachine.data.caching.enabled = true (custom)
2019-09-20 08:53:07,559 [pool-38-thread-1] INFO  segmented.SegmentedRaftLogWorker (SegmentedRaftLogWorker.java:lambda$new$0(132)) - 036c7012-de9e-4e05-8743-9a12868644f9-SegmentedRaftLogWorker:Storage Directory /workdir/hadoop-ozone/tools/target/test-dir/MiniOzoneClusterImpl-fdb7164d-332a-4161-9ef6-b429f59a210d/datanode-1/data/ratis/33b06a5e-8c4a-4b6f-8810-6a831ea04c39: flushIndex: setUnconditionally 0 -> -1
2019-09-20 08:53:07,559 [pool-38-thread-1] INFO  server.RaftServerConfigKeys (ConfUtils.java:logGet(43)) - raft.server.snapshot.auto.trigger.enabled = true (custom)
2019-09-20 08:53:07,559 [pool-38-thread-1] INFO  server.RaftServerConfigKeys (ConfUtils.java:logGet(43)) - raft.server.snapshot.auto.trigger.threshold = 10000 (custom)
2019-09-20 08:53:07,559 [pool-38-thread-1] INFO  server.RaftServerConfigKeys (ConfUtils.java:logGet(43)) - raft.server.retrycache.expirytime = 600000ms (custom)
2019-09-20 08:53:07,560 [pool-38-thread-1] INFO  impl.RaftServerImpl (RaftServerImpl.java:start(180)) - 036c7012-de9e-4e05-8743-9a12868644f9: start group-6A831EA04C39
2019-09-20 08:53:07,560 [pool-38-thread-1] INFO  impl.RaftServerImpl (RaftServerImpl.java:setRole(171)) - 036c7012-de9e-4e05-8743-9a12868644f9:group-6A831EA04C39 changes role from null to FOLLOWER at term 0 for startAsFollower
2019-09-20 08:53:07,560 [pool-38-thread-1] INFO  impl.RoleInfo (RoleInfo.java:updateAndGet(143)) - 036c7012-de9e-4e05-8743-9a12868644f9: start FollowerState
2019-09-20 08:53:07,561 [pool-38-thread-1] INFO  util.JmxRegister (JmxRegister.java:tryRegister(44)) - Successfully registered JMX Bean with object name Ratis:service=RaftServer,group=group-6A831EA04C39,id=036c7012-de9e-4e05-8743-9a12868644f9
2019-09-20 08:53:07,566 [RatisPipelineUtilsThread] INFO  pipeline.PipelineStateManager (PipelineStateManager.java:addPipeline(56)) - Created pipeline Pipeline[ Id: 33b06a5e-8c4a-4b6f-8810-6a831ea04c39, Nodes: 036c7012-de9e-4e05-8743-9a12868644f9{ip: 192.168.36.79, host: pr-hdds-1569-s8kj2-2266485376, networkLocation: /default-rack, certSerialId: null}, Type:RATIS, Factor:ONE, State:OPEN]
2019-09-20 08:53:07,568 [RatisPipelineUtilsThread] INFO  pipeline.PipelinePlacementPolicy (PipelinePlacementPolicy.java:meetCriteria(91)) - Pipeline Placement: Doesn't meet the criteria to be viable node： b44e7e57-9837-469e-aba7-9d7779212b32 Heaviness: 6 limit: 5
2019-09-20 08:53:07,573 [Thread-207] INFO  container.ReplicationManager (ReplicationManager.java:start(151)) - Starting Replication Monitor Thread.
2019-09-20 08:53:07,575 [ReplicationMonitor] INFO  container.ReplicationManager (ReplicationManager.java:run(214)) - Replication Monitor Thread took 0 milliseconds for processing 0 containers.
2019-09-20 08:53:07,577 [grpc-default-executor-0] INFO  impl.RaftServerProxy (RaftServerProxy.java:addNew(89)) - f924f469-4e73-41d9-9d19-420bd0dc75a2: addNew group-AF84BC3E7188:[f924f469-4e73-41d9-9d19-420bd0dc75a2:192.168.36.79:42715] returns group-AF84BC3E7188:java.util.concurrent.CompletableFuture@292a0f09[Not completed]
2019-09-20 08:53:07,579 [pool-60-thread-1] INFO  impl.RaftServerImpl (RaftServerImpl.java:<init>(93)) - f924f469-4e73-41d9-9d19-420bd0dc75a2: new RaftServerImpl for group-AF84BC3E7188:[f924f469-4e73-41d9-9d19-420bd0dc75a2:192.168.36.79:42715] with ContainerStateMachine:uninitialized
2019-09-20 08:53:07,579 [pool-60-thread-1] INFO  server.RaftServerConfigKeys (ConfUtils.java:logGet(43)) - raft.server.rpc.timeout.min = 5s (custom)
2019-09-20 08:53:07,579 [pool-60-thread-1] INFO  server.RaftServerConfigKeys (ConfUtils.java:logGet(43)) - raft.server.rpc.timeout.max = 5200ms (custom)
2019-09-20 08:53:07,579 [pool-60-thread-1] INFO  server.RaftServerConfigKeys (ConfUtils.java:logGet(43)) - raft.server.rpcslowness.timeout = 120s (custom)
2019-09-20 08:53:07,580 [pool-60-thread-1] INFO  server.RaftServerConfigKeys (ConfUtils.java:logGet(43)) - raft.server.sleep.deviation.threshold = 300 (default)
2019-09-20 08:53:07,580 [pool-60-thread-1] INFO  server.RaftServerConfigKeys (ConfUtils.java:logGet(43)) - raft.server.log.appender.install.snapshot.enabled = false (custom)
2019-09-20 08:53:07,580 [pool-60-thread-1] INFO  impl.RaftServerImpl (ServerState.java:<init>(105)) - f924f469-4e73-41d9-9d19-420bd0dc75a2:group-AF84BC3E7188 ConfigurationManager, init=-1: [f924f469-4e73-41d9-9d19-420bd0dc75a2:192.168.36.79:42715], old=null, confs=<EMPTY_MAP>
2019-09-20 08:53:07,580 [pool-60-thread-1] INFO  server.RaftServerConfigKeys (ConfUtils.java:logGet(43)) - raft.server.storage.dir = [/workdir/hadoop-ozone/tools/target/test-dir/MiniOzoneClusterImpl-fdb7164d-332a-4161-9ef6-b429f59a210d/datanode-3/data/ratis] (custom)
2019-09-20 08:53:07,580 [pool-60-thread-1] INFO  storage.RaftStorageDirectory (RaftStorageDirectory.java:analyzeStorage(246)) - The storage directory /workdir/hadoop-ozone/tools/target/test-dir/MiniOzoneClusterImpl-fdb7164d-332a-4161-9ef6-b429f59a210d/datanode-3/data/ratis/24f94675-dcb6-45fc-bcba-af84bc3e7188 does not exist. Creating ...
2019-09-20 08:53:07,621 [pool-60-thread-1] INFO  storage.RaftStorageDirectory (RaftStorageDirectory.java:tryLock(328)) - Lock on /workdir/hadoop-ozone/tools/target/test-dir/MiniOzoneClusterImpl-fdb7164d-332a-4161-9ef6-b429f59a210d/datanode-3/data/ratis/24f94675-dcb6-45fc-bcba-af84bc3e7188/in_use.lock acquired by nodename 19168@pr-hdds-1569-s8kj2-2266485376
2019-09-20 08:53:07,647 [pool-60-thread-1] INFO  storage.RaftStorage (RaftStorage.java:format(72)) - Storage directory /workdir/hadoop-ozone/tools/target/test-dir/MiniOzoneClusterImpl-fdb7164d-332a-4161-9ef6-b429f59a210d/datanode-3/data/ratis/24f94675-dcb6-45fc-bcba-af84bc3e7188 has been successfully formatted.
2019-09-20 08:53:07,647 [pool-60-thread-1] INFO  ratis.ContainerStateMachine (ContainerStateMachine.java:loadSnapshot(226)) - group-AF84BC3E7188: The snapshot info is null. Setting the last applied indexto:(t:0, i:~)
2019-09-20 08:53:07,647 [pool-60-thread-1] INFO  server.RaftServerConfigKeys (ConfUtils.java:logGet(43)) - raft.server.leader.election.timeout = 120s (custom)
2019-09-20 08:53:07,647 [pool-60-thread-1] INFO  server.RaftServerConfigKeys (ConfUtils.java:logGet(43)) - raft.server.log.use.memory = false (default)
2019-09-20 08:53:07,648 [pool-60-thread-1] INFO  server.RaftServerConfigKeys (ConfUtils.java:logGet(43)) - raft.server.log.purge.gap = 1000000 (custom)
2019-09-20 08:53:07,648 [pool-60-thread-1] INFO  server.RaftServerConfigKeys (ConfUtils.java:logGet(43)) - raft.server.log.appender.buffer.byte-limit = 33554432 (custom)
2019-09-20 08:53:07,648 [pool-60-thread-1] INFO  server.RaftServerConfigKeys (ConfUtils.java:logGet(43)) - raft.server.log.segment.size.max = 1048576 (custom)
2019-09-20 08:53:07,648 [pool-60-thread-1] INFO  server.RaftServerConfigKeys (ConfUtils.java:logGet(43)) - raft.server.log.segment.cache.num.max = 2 (custom)
2019-09-20 08:53:07,649 [pool-60-thread-1] INFO  segmented.SegmentedRaftLogWorker (SegmentedRaftLogWorker.java:<init>(172)) - new f924f469-4e73-41d9-9d19-420bd0dc75a2-SegmentedRaftLogWorker:Storage Directory /workdir/hadoop-ozone/tools/target/test-dir/MiniOzoneClusterImpl-fdb7164d-332a-4161-9ef6-b429f59a210d/datanode-3/data/ratis/24f94675-dcb6-45fc-bcba-af84bc3e7188 for RaftStorage:Storage Directory /workdir/hadoop-ozone/tools/target/test-dir/MiniOzoneClusterImpl-fdb7164d-332a-4161-9ef6-b429f59a210d/datanode-3/data/ratis/24f94675-dcb6-45fc-bcba-af84bc3e7188
2019-09-20 08:53:07,649 [pool-60-thread-1] INFO  server.RaftServerConfigKeys (ConfUtils.java:logGet(43)) - raft.server.log.queue.byte-limit = 2147483647 (custom)
2019-09-20 08:53:07,649 [pool-60-thread-1] INFO  server.RaftServerConfigKeys (ConfUtils.java:logGet(43)) - raft.server.log.queue.element-limit = 1024 (custom)
2019-09-20 08:53:07,649 [pool-60-thread-1] INFO  server.RaftServerConfigKeys (ConfUtils.java:logGet(43)) - raft.server.log.segment.size.max = 1048576 (custom)
2019-09-20 08:53:07,649 [pool-60-thread-1] INFO  server.RaftServerConfigKeys (ConfUtils.java:logGet(43)) - raft.server.log.preallocated.size = 16384 (custom)
2019-09-20 08:53:07,649 [pool-60-thread-1] INFO  server.RaftServerConfigKeys (ConfUtils.java:logGet(43)) - raft.server.log.write.buffer.size = 33554432 (custom)
2019-09-20 08:53:07,650 [pool-60-thread-1] INFO  server.RaftServerConfigKeys (ConfUtils.java:logGet(43)) - raft.server.log.force.sync.num = 128 (default)
2019-09-20 08:53:07,650 [pool-60-thread-1] INFO  server.RaftServerConfigKeys (ConfUtils.java:logGet(43)) - raft.server.log.statemachine.data.sync = true (default)
2019-09-20 08:53:07,650 [pool-60-thread-1] INFO  server.RaftServerConfigKeys (ConfUtils.java:logGet(43)) - raft.server.log.statemachine.data.sync.timeout = 10s (default)
2019-09-20 08:53:07,650 [pool-60-thread-1] INFO  server.RaftServerConfigKeys (ConfUtils.java:logGet(43)) - raft.server.log.statemachine.data.sync.timeout.retry = -1 (default)
2019-09-20 08:53:07,651 [pool-60-thread-1] INFO  server.RaftServerConfigKeys (ConfUtils.java:logGet(43)) - raft.server.log.statemachine.data.caching.enabled = true (custom)
2019-09-20 08:53:07,651 [pool-60-thread-1] INFO  segmented.SegmentedRaftLogWorker (SegmentedRaftLogWorker.java:lambda$new$0(132)) - f924f469-4e73-41d9-9d19-420bd0dc75a2-SegmentedRaftLogWorker:Storage Directory /workdir/hadoop-ozone/tools/target/test-dir/MiniOzoneClusterImpl-fdb7164d-332a-4161-9ef6-b429f59a210d/datanode-3/data/ratis/24f94675-dcb6-45fc-bcba-af84bc3e7188: flushIndex: setUnconditionally 0 -> -1
2019-09-20 08:53:07,651 [pool-60-thread-1] INFO  server.RaftServerConfigKeys (ConfUtils.java:logGet(43)) - raft.server.snapshot.auto.trigger.enabled = true (custom)
2019-09-20 08:53:07,652 [pool-60-thread-1] INFO  server.RaftServerConfigKeys (ConfUtils.java:logGet(43)) - raft.server.snapshot.auto.trigger.threshold = 10000 (custom)
2019-09-20 08:53:07,652 [pool-60-thread-1] INFO  server.RaftServerConfigKeys (ConfUtils.java:logGet(43)) - raft.server.retrycache.expirytime = 600000ms (custom)
2019-09-20 08:53:07,652 [pool-60-thread-1] INFO  impl.RaftServerImpl (RaftServerImpl.java:start(180)) - f924f469-4e73-41d9-9d19-420bd0dc75a2: start group-AF84BC3E7188
2019-09-20 08:53:07,652 [pool-60-thread-1] INFO  impl.RaftServerImpl (RaftServerImpl.java:setRole(171)) - f924f469-4e73-41d9-9d19-420bd0dc75a2:group-AF84BC3E7188 changes role from null to FOLLOWER at term 0 for startAsFollower
2019-09-20 08:53:07,653 [pool-60-thread-1] INFO  impl.RoleInfo (RoleInfo.java:updateAndGet(143)) - f924f469-4e73-41d9-9d19-420bd0dc75a2: start FollowerState
2019-09-20 08:53:07,653 [pool-60-thread-1] INFO  util.JmxRegister (JmxRegister.java:tryRegister(44)) - Successfully registered JMX Bean with object name Ratis:service=RaftServer,group=group-AF84BC3E7188,id=f924f469-4e73-41d9-9d19-420bd0dc75a2
2019-09-20 08:53:07,660 [RatisPipelineUtilsThread] INFO  pipeline.PipelineStateManager (PipelineStateManager.java:addPipeline(56)) - Created pipeline Pipeline[ Id: 24f94675-dcb6-45fc-bcba-af84bc3e7188, Nodes: f924f469-4e73-41d9-9d19-420bd0dc75a2{ip: 192.168.36.79, host: pr-hdds-1569-s8kj2-2266485376, networkLocation: /default-rack, certSerialId: null}, Type:RATIS, Factor:ONE, State:OPEN]
2019-09-20 08:53:07,662 [RatisPipelineUtilsThread] INFO  pipeline.PipelinePlacementPolicy (PipelinePlacementPolicy.java:meetCriteria(91)) - Pipeline Placement: Doesn't meet the criteria to be viable node： b44e7e57-9837-469e-aba7-9d7779212b32 Heaviness: 6 limit: 5
2019-09-20 08:53:07,673 [grpc-default-executor-0] INFO  impl.RaftServerProxy (RaftServerProxy.java:addNew(89)) - 93e6190b-41b6-4f2c-abfa-7324859860a0: addNew group-48BCF1DE81BC:[93e6190b-41b6-4f2c-abfa-7324859860a0:192.168.36.79:37080] returns group-48BCF1DE81BC:java.util.concurrent.CompletableFuture@1a204dc4[Not completed]
2019-09-20 08:53:07,674 [pool-71-thread-1] INFO  impl.RaftServerImpl (RaftServerImpl.java:<init>(93)) - 93e6190b-41b6-4f2c-abfa-7324859860a0: new RaftServerImpl for group-48BCF1DE81BC:[93e6190b-41b6-4f2c-abfa-7324859860a0:192.168.36.79:37080] with ContainerStateMachine:uninitialized
2019-09-20 08:53:07,675 [pool-71-thread-1] INFO  server.RaftServerConfigKeys (ConfUtils.java:logGet(43)) - raft.server.rpc.timeout.min = 5s (custom)
2019-09-20 08:53:07,675 [pool-71-thread-1] INFO  server.RaftServerConfigKeys (ConfUtils.java:logGet(43)) - raft.server.rpc.timeout.max = 5200ms (custom)
2019-09-20 08:53:07,675 [pool-71-thread-1] INFO  server.RaftServerConfigKeys (ConfUtils.java:logGet(43)) - raft.server.rpcslowness.timeout = 120s (custom)
2019-09-20 08:53:07,675 [pool-71-thread-1] INFO  server.RaftServerConfigKeys (ConfUtils.java:logGet(43)) - raft.server.sleep.deviation.threshold = 300 (default)
2019-09-20 08:53:07,675 [pool-71-thread-1] INFO  server.RaftServerConfigKeys (ConfUtils.java:logGet(43)) - raft.server.log.appender.install.snapshot.enabled = false (custom)
2019-09-20 08:53:07,675 [pool-71-thread-1] INFO  impl.RaftServerImpl (ServerState.java:<init>(105)) - 93e6190b-41b6-4f2c-abfa-7324859860a0:group-48BCF1DE81BC ConfigurationManager, init=-1: [93e6190b-41b6-4f2c-abfa-7324859860a0:192.168.36.79:37080], old=null, confs=<EMPTY_MAP>
2019-09-20 08:53:07,675 [pool-71-thread-1] INFO  server.RaftServerConfigKeys (ConfUtils.java:logGet(43)) - raft.server.storage.dir = [/workdir/hadoop-ozone/tools/target/test-dir/MiniOzoneClusterImpl-fdb7164d-332a-4161-9ef6-b429f59a210d/datanode-4/data/ratis] (custom)
2019-09-20 08:53:07,676 [pool-71-thread-1] INFO  storage.RaftStorageDirectory (RaftStorageDirectory.java:analyzeStorage(246)) - The storage directory /workdir/hadoop-ozone/tools/target/test-dir/MiniOzoneClusterImpl-fdb7164d-332a-4161-9ef6-b429f59a210d/datanode-4/data/ratis/23e7f4e7-27a4-49e1-bbad-48bcf1de81bc does not exist. Creating ...
2019-09-20 08:53:07,705 [pool-71-thread-1] INFO  storage.RaftStorageDirectory (RaftStorageDirectory.java:tryLock(328)) - Lock on /workdir/hadoop-ozone/tools/target/test-dir/MiniOzoneClusterImpl-fdb7164d-332a-4161-9ef6-b429f59a210d/datanode-4/data/ratis/23e7f4e7-27a4-49e1-bbad-48bcf1de81bc/in_use.lock acquired by nodename 19168@pr-hdds-1569-s8kj2-2266485376
2019-09-20 08:53:07,731 [pool-71-thread-1] INFO  storage.RaftStorage (RaftStorage.java:format(72)) - Storage directory /workdir/hadoop-ozone/tools/target/test-dir/MiniOzoneClusterImpl-fdb7164d-332a-4161-9ef6-b429f59a210d/datanode-4/data/ratis/23e7f4e7-27a4-49e1-bbad-48bcf1de81bc has been successfully formatted.
2019-09-20 08:53:07,731 [pool-71-thread-1] INFO  ratis.ContainerStateMachine (ContainerStateMachine.java:loadSnapshot(226)) - group-48BCF1DE81BC: The snapshot info is null. Setting the last applied indexto:(t:0, i:~)
2019-09-20 08:53:07,731 [pool-71-thread-1] INFO  server.RaftServerConfigKeys (ConfUtils.java:logGet(43)) - raft.server.leader.election.timeout = 120s (custom)
2019-09-20 08:53:07,732 [pool-71-thread-1] INFO  server.RaftServerConfigKeys (ConfUtils.java:logGet(43)) - raft.server.log.use.memory = false (default)
2019-09-20 08:53:07,732 [pool-71-thread-1] INFO  server.RaftServerConfigKeys (ConfUtils.java:logGet(43)) - raft.server.log.purge.gap = 1000000 (custom)
2019-09-20 08:53:07,732 [pool-71-thread-1] INFO  server.RaftServerConfigKeys (ConfUtils.java:logGet(43)) - raft.server.log.appender.buffer.byte-limit = 33554432 (custom)
2019-09-20 08:53:07,732 [pool-71-thread-1] INFO  server.RaftServerConfigKeys (ConfUtils.java:logGet(43)) - raft.server.log.segment.size.max = 1048576 (custom)
2019-09-20 08:53:07,732 [pool-71-thread-1] INFO  server.RaftServerConfigKeys (ConfUtils.java:logGet(43)) - raft.server.log.segment.cache.num.max = 2 (custom)
2019-09-20 08:53:07,733 [pool-71-thread-1] INFO  segmented.SegmentedRaftLogWorker (SegmentedRaftLogWorker.java:<init>(172)) - new 93e6190b-41b6-4f2c-abfa-7324859860a0-SegmentedRaftLogWorker:Storage Directory /workdir/hadoop-ozone/tools/target/test-dir/MiniOzoneClusterImpl-fdb7164d-332a-4161-9ef6-b429f59a210d/datanode-4/data/ratis/23e7f4e7-27a4-49e1-bbad-48bcf1de81bc for RaftStorage:Storage Directory /workdir/hadoop-ozone/tools/target/test-dir/MiniOzoneClusterImpl-fdb7164d-332a-4161-9ef6-b429f59a210d/datanode-4/data/ratis/23e7f4e7-27a4-49e1-bbad-48bcf1de81bc
2019-09-20 08:53:07,733 [pool-71-thread-1] INFO  server.RaftServerConfigKeys (ConfUtils.java:logGet(43)) - raft.server.log.queue.byte-limit = 2147483647 (custom)
2019-09-20 08:53:07,733 [pool-71-thread-1] INFO  server.RaftServerConfigKeys (ConfUtils.java:logGet(43)) - raft.server.log.queue.element-limit = 1024 (custom)
2019-09-20 08:53:07,733 [pool-71-thread-1] INFO  server.RaftServerConfigKeys (ConfUtils.java:logGet(43)) - raft.server.log.segment.size.max = 1048576 (custom)
2019-09-20 08:53:07,733 [pool-71-thread-1] INFO  server.RaftServerConfigKeys (ConfUtils.java:logGet(43)) - raft.server.log.preallocated.size = 16384 (custom)
2019-09-20 08:53:07,733 [pool-71-thread-1] INFO  server.RaftServerConfigKeys (ConfUtils.java:logGet(43)) - raft.server.log.write.buffer.size = 33554432 (custom)
2019-09-20 08:53:07,733 [pool-71-thread-1] INFO  server.RaftServerConfigKeys (ConfUtils.java:logGet(43)) - raft.server.log.force.sync.num = 128 (default)
2019-09-20 08:53:07,734 [pool-71-thread-1] INFO  server.RaftServerConfigKeys (ConfUtils.java:logGet(43)) - raft.server.log.statemachine.data.sync = true (default)
2019-09-20 08:53:07,734 [pool-71-thread-1] INFO  server.RaftServerConfigKeys (ConfUtils.java:logGet(43)) - raft.server.log.statemachine.data.sync.timeout = 10s (default)
2019-09-20 08:53:07,734 [pool-71-thread-1] INFO  server.RaftServerConfigKeys (ConfUtils.java:logGet(43)) - raft.server.log.statemachine.data.sync.timeout.retry = -1 (default)
2019-09-20 08:53:07,734 [pool-71-thread-1] INFO  server.RaftServerConfigKeys (ConfUtils.java:logGet(43)) - raft.server.log.statemachine.data.caching.enabled = true (custom)
2019-09-20 08:53:07,734 [pool-71-thread-1] INFO  segmented.SegmentedRaftLogWorker (SegmentedRaftLogWorker.java:lambda$new$0(132)) - 93e6190b-41b6-4f2c-abfa-7324859860a0-SegmentedRaftLogWorker:Storage Directory /workdir/hadoop-ozone/tools/target/test-dir/MiniOzoneClusterImpl-fdb7164d-332a-4161-9ef6-b429f59a210d/datanode-4/data/ratis/23e7f4e7-27a4-49e1-bbad-48bcf1de81bc: flushIndex: setUnconditionally 0 -> -1
2019-09-20 08:53:07,735 [pool-71-thread-1] INFO  server.RaftServerConfigKeys (ConfUtils.java:logGet(43)) - raft.server.snapshot.auto.trigger.enabled = true (custom)
2019-09-20 08:53:07,735 [pool-71-thread-1] INFO  server.RaftServerConfigKeys (ConfUtils.java:logGet(43)) - raft.server.snapshot.auto.trigger.threshold = 10000 (custom)
2019-09-20 08:53:07,735 [pool-71-thread-1] INFO  server.RaftServerConfigKeys (ConfUtils.java:logGet(43)) - raft.server.retrycache.expirytime = 600000ms (custom)
2019-09-20 08:53:07,735 [pool-71-thread-1] INFO  impl.RaftServerImpl (RaftServerImpl.java:start(180)) - 93e6190b-41b6-4f2c-abfa-7324859860a0: start group-48BCF1DE81BC
2019-09-20 08:53:07,735 [pool-71-thread-1] INFO  impl.RaftServerImpl (RaftServerImpl.java:setRole(171)) - 93e6190b-41b6-4f2c-abfa-7324859860a0:group-48BCF1DE81BC changes role from null to FOLLOWER at term 0 for startAsFollower
2019-09-20 08:53:07,736 [pool-71-thread-1] INFO  impl.RoleInfo (RoleInfo.java:updateAndGet(143)) - 93e6190b-41b6-4f2c-abfa-7324859860a0: start FollowerState
2019-09-20 08:53:07,736 [pool-71-thread-1] INFO  util.JmxRegister (JmxRegister.java:tryRegister(44)) - Successfully registered JMX Bean with object name Ratis:service=RaftServer,group=group-48BCF1DE81BC,id=93e6190b-41b6-4f2c-abfa-7324859860a0
2019-09-20 08:53:07,743 [RatisPipelineUtilsThread] INFO  pipeline.PipelineStateManager (PipelineStateManager.java:addPipeline(56)) - Created pipeline Pipeline[ Id: 23e7f4e7-27a4-49e1-bbad-48bcf1de81bc, Nodes: 93e6190b-41b6-4f2c-abfa-7324859860a0{ip: 192.168.36.79, host: pr-hdds-1569-s8kj2-2266485376, networkLocation: /default-rack, certSerialId: null}, Type:RATIS, Factor:ONE, State:OPEN]
2019-09-20 08:53:07,744 [RatisPipelineUtilsThread] INFO  pipeline.PipelinePlacementPolicy (PipelinePlacementPolicy.java:meetCriteria(91)) - Pipeline Placement: Doesn't meet the criteria to be viable node： b44e7e57-9837-469e-aba7-9d7779212b32 Heaviness: 6 limit: 5
2019-09-20 08:53:07,756 [grpc-default-executor-0] INFO  impl.RaftServerProxy (RaftServerProxy.java:addNew(89)) - 036c7012-de9e-4e05-8743-9a12868644f9: addNew group-668F88E51E52:[036c7012-de9e-4e05-8743-9a12868644f9:192.168.36.79:42237] returns group-668F88E51E52:java.util.concurrent.CompletableFuture@4b36251a[Not completed]
2019-09-20 08:53:07,759 | INFO  | SCMAudit | user=jenkins1000 | ip=192.168.36.79 | op=SEND_HEARTBEAT {datanodeUUID=036c7012-de9e-4e05-8743-9a12868644f9, command=[]} | ret=SUCCESS |  
2019-09-20 08:53:07,760 [pool-38-thread-1] INFO  impl.RaftServerImpl (RaftServerImpl.java:<init>(93)) - 036c7012-de9e-4e05-8743-9a12868644f9: new RaftServerImpl for group-668F88E51E52:[036c7012-de9e-4e05-8743-9a12868644f9:192.168.36.79:42237] with ContainerStateMachine:uninitialized
2019-09-20 08:53:07,760 [pool-38-thread-1] INFO  server.RaftServerConfigKeys (ConfUtils.java:logGet(43)) - raft.server.rpc.timeout.min = 5s (custom)
2019-09-20 08:53:07,760 [pool-38-thread-1] INFO  server.RaftServerConfigKeys (ConfUtils.java:logGet(43)) - raft.server.rpc.timeout.max = 5200ms (custom)
2019-09-20 08:53:07,760 [pool-38-thread-1] INFO  server.RaftServerConfigKeys (ConfUtils.java:logGet(43)) - raft.server.rpcslowness.timeout = 120s (custom)
2019-09-20 08:53:07,760 [pool-38-thread-1] INFO  server.RaftServerConfigKeys (ConfUtils.java:logGet(43)) - raft.server.sleep.deviation.threshold = 300 (default)
2019-09-20 08:53:07,760 [pool-38-thread-1] INFO  server.RaftServerConfigKeys (ConfUtils.java:logGet(43)) - raft.server.log.appender.install.snapshot.enabled = false (custom)
2019-09-20 08:53:07,761 [pool-38-thread-1] INFO  impl.RaftServerImpl (ServerState.java:<init>(105)) - 036c7012-de9e-4e05-8743-9a12868644f9:group-668F88E51E52 ConfigurationManager, init=-1: [036c7012-de9e-4e05-8743-9a12868644f9:192.168.36.79:42237], old=null, confs=<EMPTY_MAP>
2019-09-20 08:53:07,761 [pool-38-thread-1] INFO  server.RaftServerConfigKeys (ConfUtils.java:logGet(43)) - raft.server.storage.dir = [/workdir/hadoop-ozone/tools/target/test-dir/MiniOzoneClusterImpl-fdb7164d-332a-4161-9ef6-b429f59a210d/datanode-1/data/ratis] (custom)
2019-09-20 08:53:07,761 [pool-38-thread-1] INFO  storage.RaftStorageDirectory (RaftStorageDirectory.java:analyzeStorage(246)) - The storage directory /workdir/hadoop-ozone/tools/target/test-dir/MiniOzoneClusterImpl-fdb7164d-332a-4161-9ef6-b429f59a210d/datanode-1/data/ratis/508cf58e-d464-4c24-a438-668f88e51e52 does not exist. Creating ...
2019-09-20 08:53:07,789 [pool-38-thread-1] INFO  storage.RaftStorageDirectory (RaftStorageDirectory.java:tryLock(328)) - Lock on /workdir/hadoop-ozone/tools/target/test-dir/MiniOzoneClusterImpl-fdb7164d-332a-4161-9ef6-b429f59a210d/datanode-1/data/ratis/508cf58e-d464-4c24-a438-668f88e51e52/in_use.lock acquired by nodename 19168@pr-hdds-1569-s8kj2-2266485376
2019-09-20 08:53:07,815 [pool-38-thread-1] INFO  storage.RaftStorage (RaftStorage.java:format(72)) - Storage directory /workdir/hadoop-ozone/tools/target/test-dir/MiniOzoneClusterImpl-fdb7164d-332a-4161-9ef6-b429f59a210d/datanode-1/data/ratis/508cf58e-d464-4c24-a438-668f88e51e52 has been successfully formatted.
2019-09-20 08:53:07,815 [pool-38-thread-1] INFO  ratis.ContainerStateMachine (ContainerStateMachine.java:loadSnapshot(226)) - group-668F88E51E52: The snapshot info is null. Setting the last applied indexto:(t:0, i:~)
2019-09-20 08:53:07,815 [pool-38-thread-1] INFO  server.RaftServerConfigKeys (ConfUtils.java:logGet(43)) - raft.server.leader.election.timeout = 120s (custom)
2019-09-20 08:53:07,816 [pool-38-thread-1] INFO  server.RaftServerConfigKeys (ConfUtils.java:logGet(43)) - raft.server.log.use.memory = false (default)
2019-09-20 08:53:07,816 [pool-38-thread-1] INFO  server.RaftServerConfigKeys (ConfUtils.java:logGet(43)) - raft.server.log.purge.gap = 1000000 (custom)
2019-09-20 08:53:07,816 [pool-38-thread-1] INFO  server.RaftServerConfigKeys (ConfUtils.java:logGet(43)) - raft.server.log.appender.buffer.byte-limit = 33554432 (custom)
2019-09-20 08:53:07,816 [pool-38-thread-1] INFO  server.RaftServerConfigKeys (ConfUtils.java:logGet(43)) - raft.server.log.segment.size.max = 1048576 (custom)
2019-09-20 08:53:07,816 [pool-38-thread-1] INFO  server.RaftServerConfigKeys (ConfUtils.java:logGet(43)) - raft.server.log.segment.cache.num.max = 2 (custom)
2019-09-20 08:53:07,817 [pool-38-thread-1] INFO  segmented.SegmentedRaftLogWorker (SegmentedRaftLogWorker.java:<init>(172)) - new 036c7012-de9e-4e05-8743-9a12868644f9-SegmentedRaftLogWorker:Storage Directory /workdir/hadoop-ozone/tools/target/test-dir/MiniOzoneClusterImpl-fdb7164d-332a-4161-9ef6-b429f59a210d/datanode-1/data/ratis/508cf58e-d464-4c24-a438-668f88e51e52 for RaftStorage:Storage Directory /workdir/hadoop-ozone/tools/target/test-dir/MiniOzoneClusterImpl-fdb7164d-332a-4161-9ef6-b429f59a210d/datanode-1/data/ratis/508cf58e-d464-4c24-a438-668f88e51e52
2019-09-20 08:53:07,817 [pool-38-thread-1] INFO  server.RaftServerConfigKeys (ConfUtils.java:logGet(43)) - raft.server.log.queue.byte-limit = 2147483647 (custom)
2019-09-20 08:53:07,817 [pool-38-thread-1] INFO  server.RaftServerConfigKeys (ConfUtils.java:logGet(43)) - raft.server.log.queue.element-limit = 1024 (custom)
2019-09-20 08:53:07,817 [pool-38-thread-1] INFO  server.RaftServerConfigKeys (ConfUtils.java:logGet(43)) - raft.server.log.segment.size.max = 1048576 (custom)
2019-09-20 08:53:07,817 [pool-38-thread-1] INFO  server.RaftServerConfigKeys (ConfUtils.java:logGet(43)) - raft.server.log.preallocated.size = 16384 (custom)
2019-09-20 08:53:07,817 [pool-38-thread-1] INFO  server.RaftServerConfigKeys (ConfUtils.java:logGet(43)) - raft.server.log.write.buffer.size = 33554432 (custom)
2019-09-20 08:53:07,818 [pool-38-thread-1] INFO  server.RaftServerConfigKeys (ConfUtils.java:logGet(43)) - raft.server.log.force.sync.num = 128 (default)
2019-09-20 08:53:07,818 [pool-38-thread-1] INFO  server.RaftServerConfigKeys (ConfUtils.java:logGet(43)) - raft.server.log.statemachine.data.sync = true (default)
2019-09-20 08:53:07,818 [pool-38-thread-1] INFO  server.RaftServerConfigKeys (ConfUtils.java:logGet(43)) - raft.server.log.statemachine.data.sync.timeout = 10s (default)
2019-09-20 08:53:07,818 [pool-38-thread-1] INFO  server.RaftServerConfigKeys (ConfUtils.java:logGet(43)) - raft.server.log.statemachine.data.sync.timeout.retry = -1 (default)
2019-09-20 08:53:07,818 [pool-38-thread-1] INFO  server.RaftServerConfigKeys (ConfUtils.java:logGet(43)) - raft.server.log.statemachine.data.caching.enabled = true (custom)
2019-09-20 08:53:07,819 [pool-38-thread-1] INFO  segmented.SegmentedRaftLogWorker (SegmentedRaftLogWorker.java:lambda$new$0(132)) - 036c7012-de9e-4e05-8743-9a12868644f9-SegmentedRaftLogWorker:Storage Directory /workdir/hadoop-ozone/tools/target/test-dir/MiniOzoneClusterImpl-fdb7164d-332a-4161-9ef6-b429f59a210d/datanode-1/data/ratis/508cf58e-d464-4c24-a438-668f88e51e52: flushIndex: setUnconditionally 0 -> -1
2019-09-20 08:53:07,819 [pool-38-thread-1] INFO  server.RaftServerConfigKeys (ConfUtils.java:logGet(43)) - raft.server.snapshot.auto.trigger.enabled = true (custom)
2019-09-20 08:53:07,819 [pool-38-thread-1] INFO  server.RaftServerConfigKeys (ConfUtils.java:logGet(43)) - raft.server.snapshot.auto.trigger.threshold = 10000 (custom)
2019-09-20 08:53:07,820 [pool-38-thread-1] INFO  server.RaftServerConfigKeys (ConfUtils.java:logGet(43)) - raft.server.retrycache.expirytime = 600000ms (custom)
2019-09-20 08:53:07,820 [pool-38-thread-1] INFO  impl.RaftServerImpl (RaftServerImpl.java:start(180)) - 036c7012-de9e-4e05-8743-9a12868644f9: start group-668F88E51E52
2019-09-20 08:53:07,820 [pool-38-thread-1] INFO  impl.RaftServerImpl (RaftServerImpl.java:setRole(171)) - 036c7012-de9e-4e05-8743-9a12868644f9:group-668F88E51E52 changes role from null to FOLLOWER at term 0 for startAsFollower
2019-09-20 08:53:07,820 [pool-38-thread-1] INFO  impl.RoleInfo (RoleInfo.java:updateAndGet(143)) - 036c7012-de9e-4e05-8743-9a12868644f9: start FollowerState
2019-09-20 08:53:07,821 [pool-38-thread-1] INFO  util.JmxRegister (JmxRegister.java:tryRegister(44)) - Successfully registered JMX Bean with object name Ratis:service=RaftServer,group=group-668F88E51E52,id=036c7012-de9e-4e05-8743-9a12868644f9
2019-09-20 08:53:07,827 [RatisPipelineUtilsThread] INFO  pipeline.PipelineStateManager (PipelineStateManager.java:addPipeline(56)) - Created pipeline Pipeline[ Id: 508cf58e-d464-4c24-a438-668f88e51e52, Nodes: 036c7012-de9e-4e05-8743-9a12868644f9{ip: 192.168.36.79, host: pr-hdds-1569-s8kj2-2266485376, networkLocation: /default-rack, certSerialId: null}, Type:RATIS, Factor:ONE, State:OPEN]
2019-09-20 08:53:07,829 [RatisPipelineUtilsThread] INFO  pipeline.PipelinePlacementPolicy (PipelinePlacementPolicy.java:meetCriteria(91)) - Pipeline Placement: Doesn't meet the criteria to be viable node： b44e7e57-9837-469e-aba7-9d7779212b32 Heaviness: 6 limit: 5
2019-09-20 08:53:07,829 [RatisPipelineUtilsThread] INFO  pipeline.PipelinePlacementPolicy (PipelinePlacementPolicy.java:meetCriteria(91)) - Pipeline Placement: Doesn't meet the criteria to be viable node： 036c7012-de9e-4e05-8743-9a12868644f9 Heaviness: 6 limit: 5
2019-09-20 08:53:07,852 [grpc-default-executor-0] INFO  impl.RaftServerProxy (RaftServerProxy.java:addNew(89)) - f924f469-4e73-41d9-9d19-420bd0dc75a2: addNew group-5E2940612D64:[f924f469-4e73-41d9-9d19-420bd0dc75a2:192.168.36.79:42715] returns group-5E2940612D64:java.util.concurrent.CompletableFuture@8e447c1[Not completed]
2019-09-20 08:53:07,854 [pool-60-thread-1] INFO  impl.RaftServerImpl (RaftServerImpl.java:<init>(93)) - f924f469-4e73-41d9-9d19-420bd0dc75a2: new RaftServerImpl for group-5E2940612D64:[f924f469-4e73-41d9-9d19-420bd0dc75a2:192.168.36.79:42715] with ContainerStateMachine:uninitialized
2019-09-20 08:53:07,854 [pool-60-thread-1] INFO  server.RaftServerConfigKeys (ConfUtils.java:logGet(43)) - raft.server.rpc.timeout.min = 5s (custom)
2019-09-20 08:53:07,854 [pool-60-thread-1] INFO  server.RaftServerConfigKeys (ConfUtils.java:logGet(43)) - raft.server.rpc.timeout.max = 5200ms (custom)
2019-09-20 08:53:07,854 [pool-60-thread-1] INFO  server.RaftServerConfigKeys (ConfUtils.java:logGet(43)) - raft.server.rpcslowness.timeout = 120s (custom)
2019-09-20 08:53:07,854 [pool-60-thread-1] INFO  server.RaftServerConfigKeys (ConfUtils.java:logGet(43)) - raft.server.sleep.deviation.threshold = 300 (default)
2019-09-20 08:53:07,855 [pool-60-thread-1] INFO  server.RaftServerConfigKeys (ConfUtils.java:logGet(43)) - raft.server.log.appender.install.snapshot.enabled = false (custom)
2019-09-20 08:53:07,855 [pool-60-thread-1] INFO  impl.RaftServerImpl (ServerState.java:<init>(105)) - f924f469-4e73-41d9-9d19-420bd0dc75a2:group-5E2940612D64 ConfigurationManager, init=-1: [f924f469-4e73-41d9-9d19-420bd0dc75a2:192.168.36.79:42715], old=null, confs=<EMPTY_MAP>
2019-09-20 08:53:07,855 [pool-60-thread-1] INFO  server.RaftServerConfigKeys (ConfUtils.java:logGet(43)) - raft.server.storage.dir = [/workdir/hadoop-ozone/tools/target/test-dir/MiniOzoneClusterImpl-fdb7164d-332a-4161-9ef6-b429f59a210d/datanode-3/data/ratis] (custom)
2019-09-20 08:53:07,856 [pool-60-thread-1] INFO  storage.RaftStorageDirectory (RaftStorageDirectory.java:analyzeStorage(246)) - The storage directory /workdir/hadoop-ozone/tools/target/test-dir/MiniOzoneClusterImpl-fdb7164d-332a-4161-9ef6-b429f59a210d/datanode-3/data/ratis/98c8e66e-bbc2-45c9-a534-5e2940612d64 does not exist. Creating ...
2019-09-20 08:53:07,890 [pool-60-thread-1] INFO  storage.RaftStorageDirectory (RaftStorageDirectory.java:tryLock(328)) - Lock on /workdir/hadoop-ozone/tools/target/test-dir/MiniOzoneClusterImpl-fdb7164d-332a-4161-9ef6-b429f59a210d/datanode-3/data/ratis/98c8e66e-bbc2-45c9-a534-5e2940612d64/in_use.lock acquired by nodename 19168@pr-hdds-1569-s8kj2-2266485376
2019-09-20 08:53:07,916 [pool-60-thread-1] INFO  storage.RaftStorage (RaftStorage.java:format(72)) - Storage directory /workdir/hadoop-ozone/tools/target/test-dir/MiniOzoneClusterImpl-fdb7164d-332a-4161-9ef6-b429f59a210d/datanode-3/data/ratis/98c8e66e-bbc2-45c9-a534-5e2940612d64 has been successfully formatted.
2019-09-20 08:53:07,916 [pool-60-thread-1] INFO  ratis.ContainerStateMachine (ContainerStateMachine.java:loadSnapshot(226)) - group-5E2940612D64: The snapshot info is null. Setting the last applied indexto:(t:0, i:~)
2019-09-20 08:53:07,917 [pool-60-thread-1] INFO  server.RaftServerConfigKeys (ConfUtils.java:logGet(43)) - raft.server.leader.election.timeout = 120s (custom)
2019-09-20 08:53:07,917 [pool-60-thread-1] INFO  server.RaftServerConfigKeys (ConfUtils.java:logGet(43)) - raft.server.log.use.memory = false (default)
2019-09-20 08:53:07,917 [pool-60-thread-1] INFO  server.RaftServerConfigKeys (ConfUtils.java:logGet(43)) - raft.server.log.purge.gap = 1000000 (custom)
2019-09-20 08:53:07,917 [pool-60-thread-1] INFO  server.RaftServerConfigKeys (ConfUtils.java:logGet(43)) - raft.server.log.appender.buffer.byte-limit = 33554432 (custom)
2019-09-20 08:53:07,918 [pool-60-thread-1] INFO  server.RaftServerConfigKeys (ConfUtils.java:logGet(43)) - raft.server.log.segment.size.max = 1048576 (custom)
2019-09-20 08:53:07,918 [pool-60-thread-1] INFO  server.RaftServerConfigKeys (ConfUtils.java:logGet(43)) - raft.server.log.segment.cache.num.max = 2 (custom)
2019-09-20 08:53:07,918 [pool-60-thread-1] INFO  segmented.SegmentedRaftLogWorker (SegmentedRaftLogWorker.java:<init>(172)) - new f924f469-4e73-41d9-9d19-420bd0dc75a2-SegmentedRaftLogWorker:Storage Directory /workdir/hadoop-ozone/tools/target/test-dir/MiniOzoneClusterImpl-fdb7164d-332a-4161-9ef6-b429f59a210d/datanode-3/data/ratis/98c8e66e-bbc2-45c9-a534-5e2940612d64 for RaftStorage:Storage Directory /workdir/hadoop-ozone/tools/target/test-dir/MiniOzoneClusterImpl-fdb7164d-332a-4161-9ef6-b429f59a210d/datanode-3/data/ratis/98c8e66e-bbc2-45c9-a534-5e2940612d64
2019-09-20 08:53:07,918 [pool-60-thread-1] INFO  server.RaftServerConfigKeys (ConfUtils.java:logGet(43)) - raft.server.log.queue.byte-limit = 2147483647 (custom)
2019-09-20 08:53:07,919 [pool-60-thread-1] INFO  server.RaftServerConfigKeys (ConfUtils.java:logGet(43)) - raft.server.log.queue.element-limit = 1024 (custom)
2019-09-20 08:53:07,919 [pool-60-thread-1] INFO  server.RaftServerConfigKeys (ConfUtils.java:logGet(43)) - raft.server.log.segment.size.max = 1048576 (custom)
2019-09-20 08:53:07,919 [pool-60-thread-1] INFO  server.RaftServerConfigKeys (ConfUtils.java:logGet(43)) - raft.server.log.preallocated.size = 16384 (custom)
2019-09-20 08:53:07,919 [pool-60-thread-1] INFO  server.RaftServerConfigKeys (ConfUtils.java:logGet(43)) - raft.server.log.write.buffer.size = 33554432 (custom)
2019-09-20 08:53:07,920 [pool-60-thread-1] INFO  server.RaftServerConfigKeys (ConfUtils.java:logGet(43)) - raft.server.log.force.sync.num = 128 (default)
2019-09-20 08:53:07,920 [pool-60-thread-1] INFO  server.RaftServerConfigKeys (ConfUtils.java:logGet(43)) - raft.server.log.statemachine.data.sync = true (default)
2019-09-20 08:53:07,920 [pool-60-thread-1] INFO  server.RaftServerConfigKeys (ConfUtils.java:logGet(43)) - raft.server.log.statemachine.data.sync.timeout = 10s (default)
2019-09-20 08:53:07,920 [pool-60-thread-1] INFO  server.RaftServerConfigKeys (ConfUtils.java:logGet(43)) - raft.server.log.statemachine.data.sync.timeout.retry = -1 (default)
2019-09-20 08:53:07,921 [pool-60-thread-1] INFO  server.RaftServerConfigKeys (ConfUtils.java:logGet(43)) - raft.server.log.statemachine.data.caching.enabled = true (custom)
2019-09-20 08:53:07,921 [pool-60-thread-1] INFO  segmented.SegmentedRaftLogWorker (SegmentedRaftLogWorker.java:lambda$new$0(132)) - f924f469-4e73-41d9-9d19-420bd0dc75a2-SegmentedRaftLogWorker:Storage Directory /workdir/hadoop-ozone/tools/target/test-dir/MiniOzoneClusterImpl-fdb7164d-332a-4161-9ef6-b429f59a210d/datanode-3/data/ratis/98c8e66e-bbc2-45c9-a534-5e2940612d64: flushIndex: setUnconditionally 0 -> -1
2019-09-20 08:53:07,922 [pool-60-thread-1] INFO  server.RaftServerConfigKeys (ConfUtils.java:logGet(43)) - raft.server.snapshot.auto.trigger.enabled = true (custom)
2019-09-20 08:53:07,922 [pool-60-thread-1] INFO  server.RaftServerConfigKeys (ConfUtils.java:logGet(43)) - raft.server.snapshot.auto.trigger.threshold = 10000 (custom)
2019-09-20 08:53:07,922 [pool-60-thread-1] INFO  server.RaftServerConfigKeys (ConfUtils.java:logGet(43)) - raft.server.retrycache.expirytime = 600000ms (custom)
2019-09-20 08:53:07,922 [pool-60-thread-1] INFO  impl.RaftServerImpl (RaftServerImpl.java:start(180)) - f924f469-4e73-41d9-9d19-420bd0dc75a2: start group-5E2940612D64
2019-09-20 08:53:07,923 [pool-60-thread-1] INFO  impl.RaftServerImpl (RaftServerImpl.java:setRole(171)) - f924f469-4e73-41d9-9d19-420bd0dc75a2:group-5E2940612D64 changes role from null to FOLLOWER at term 0 for startAsFollower
2019-09-20 08:53:07,923 [pool-60-thread-1] INFO  impl.RoleInfo (RoleInfo.java:updateAndGet(143)) - f924f469-4e73-41d9-9d19-420bd0dc75a2: start FollowerState
2019-09-20 08:53:07,937 [pool-60-thread-1] INFO  util.JmxRegister (JmxRegister.java:tryRegister(44)) - Successfully registered JMX Bean with object name Ratis:service=RaftServer,group=group-5E2940612D64,id=f924f469-4e73-41d9-9d19-420bd0dc75a2
2019-09-20 08:53:07,953 [RatisPipelineUtilsThread] INFO  pipeline.PipelineStateManager (PipelineStateManager.java:addPipeline(56)) - Created pipeline Pipeline[ Id: 98c8e66e-bbc2-45c9-a534-5e2940612d64, Nodes: f924f469-4e73-41d9-9d19-420bd0dc75a2{ip: 192.168.36.79, host: pr-hdds-1569-s8kj2-2266485376, networkLocation: /default-rack, certSerialId: null}, Type:RATIS, Factor:ONE, State:OPEN]
2019-09-20 08:53:07,958 [RatisPipelineUtilsThread] INFO  pipeline.PipelinePlacementPolicy (PipelinePlacementPolicy.java:meetCriteria(91)) - Pipeline Placement: Doesn't meet the criteria to be viable node： b44e7e57-9837-469e-aba7-9d7779212b32 Heaviness: 6 limit: 5
2019-09-20 08:53:07,958 [RatisPipelineUtilsThread] INFO  pipeline.PipelinePlacementPolicy (PipelinePlacementPolicy.java:meetCriteria(91)) - Pipeline Placement: Doesn't meet the criteria to be viable node： 036c7012-de9e-4e05-8743-9a12868644f9 Heaviness: 6 limit: 5
2019-09-20 08:53:07,970 [grpc-default-executor-0] INFO  impl.RaftServerProxy (RaftServerProxy.java:addNew(89)) - f78c6f6f-b83c-4bef-83c8-4f247fc2f9cb: addNew group-C52A164CF3BF:[f78c6f6f-b83c-4bef-83c8-4f247fc2f9cb:192.168.36.79:33749] returns group-C52A164CF3BF:java.util.concurrent.CompletableFuture@297694d9[Not completed]
2019-09-20 08:53:07,974 [pool-27-thread-1] INFO  impl.RaftServerImpl (RaftServerImpl.java:<init>(93)) - f78c6f6f-b83c-4bef-83c8-4f247fc2f9cb: new RaftServerImpl for group-C52A164CF3BF:[f78c6f6f-b83c-4bef-83c8-4f247fc2f9cb:192.168.36.79:33749] with ContainerStateMachine:uninitialized
2019-09-20 08:53:07,974 [pool-27-thread-1] INFO  server.RaftServerConfigKeys (ConfUtils.java:logGet(43)) - raft.server.rpc.timeout.min = 5s (custom)
2019-09-20 08:53:07,974 [pool-27-thread-1] INFO  server.RaftServerConfigKeys (ConfUtils.java:logGet(43)) - raft.server.rpc.timeout.max = 5200ms (custom)
2019-09-20 08:53:07,975 [pool-27-thread-1] INFO  server.RaftServerConfigKeys (ConfUtils.java:logGet(43)) - raft.server.rpcslowness.timeout = 120s (custom)
2019-09-20 08:53:07,975 [pool-27-thread-1] INFO  server.RaftServerConfigKeys (ConfUtils.java:logGet(43)) - raft.server.sleep.deviation.threshold = 300 (default)
2019-09-20 08:53:07,975 [pool-27-thread-1] INFO  server.RaftServerConfigKeys (ConfUtils.java:logGet(43)) - raft.server.log.appender.install.snapshot.enabled = false (custom)
2019-09-20 08:53:07,975 [pool-27-thread-1] INFO  impl.RaftServerImpl (ServerState.java:<init>(105)) - f78c6f6f-b83c-4bef-83c8-4f247fc2f9cb:group-C52A164CF3BF ConfigurationManager, init=-1: [f78c6f6f-b83c-4bef-83c8-4f247fc2f9cb:192.168.36.79:33749], old=null, confs=<EMPTY_MAP>
2019-09-20 08:53:07,975 [pool-27-thread-1] INFO  server.RaftServerConfigKeys (ConfUtils.java:logGet(43)) - raft.server.storage.dir = [/workdir/hadoop-ozone/tools/target/test-dir/MiniOzoneClusterImpl-fdb7164d-332a-4161-9ef6-b429f59a210d/datanode-0/data/ratis] (custom)
2019-09-20 08:53:07,976 [pool-27-thread-1] INFO  storage.RaftStorageDirectory (RaftStorageDirectory.java:analyzeStorage(246)) - The storage directory /workdir/hadoop-ozone/tools/target/test-dir/MiniOzoneClusterImpl-fdb7164d-332a-4161-9ef6-b429f59a210d/datanode-0/data/ratis/213b81b0-d8f9-4663-b3df-c52a164cf3bf does not exist. Creating ...
2019-09-20 08:53:08,008 [pool-27-thread-1] INFO  storage.RaftStorageDirectory (RaftStorageDirectory.java:tryLock(328)) - Lock on /workdir/hadoop-ozone/tools/target/test-dir/MiniOzoneClusterImpl-fdb7164d-332a-4161-9ef6-b429f59a210d/datanode-0/data/ratis/213b81b0-d8f9-4663-b3df-c52a164cf3bf/in_use.lock acquired by nodename 19168@pr-hdds-1569-s8kj2-2266485376
2019-09-20 08:53:08,033 [pool-27-thread-1] INFO  storage.RaftStorage (RaftStorage.java:format(72)) - Storage directory /workdir/hadoop-ozone/tools/target/test-dir/MiniOzoneClusterImpl-fdb7164d-332a-4161-9ef6-b429f59a210d/datanode-0/data/ratis/213b81b0-d8f9-4663-b3df-c52a164cf3bf has been successfully formatted.
2019-09-20 08:53:08,033 | INFO  | SCMAudit | user=jenkins1000 | ip=192.168.36.79 | op=SEND_HEARTBEAT {datanodeUUID=b44e7e57-9837-469e-aba7-9d7779212b32, command=[]} | ret=SUCCESS |  
2019-09-20 08:53:08,034 [pool-27-thread-1] INFO  ratis.ContainerStateMachine (ContainerStateMachine.java:loadSnapshot(226)) - group-C52A164CF3BF: The snapshot info is null. Setting the last applied indexto:(t:0, i:~)
2019-09-20 08:53:08,034 [pool-27-thread-1] INFO  server.RaftServerConfigKeys (ConfUtils.java:logGet(43)) - raft.server.leader.election.timeout = 120s (custom)
2019-09-20 08:53:08,034 [pool-27-thread-1] INFO  server.RaftServerConfigKeys (ConfUtils.java:logGet(43)) - raft.server.log.use.memory = false (default)
2019-09-20 08:53:08,034 [pool-27-thread-1] INFO  server.RaftServerConfigKeys (ConfUtils.java:logGet(43)) - raft.server.log.purge.gap = 1000000 (custom)
2019-09-20 08:53:08,035 [pool-27-thread-1] INFO  server.RaftServerConfigKeys (ConfUtils.java:logGet(43)) - raft.server.log.appender.buffer.byte-limit = 33554432 (custom)
2019-09-20 08:53:08,035 [pool-27-thread-1] INFO  server.RaftServerConfigKeys (ConfUtils.java:logGet(43)) - raft.server.log.segment.size.max = 1048576 (custom)
2019-09-20 08:53:08,035 [pool-27-thread-1] INFO  server.RaftServerConfigKeys (ConfUtils.java:logGet(43)) - raft.server.log.segment.cache.num.max = 2 (custom)
2019-09-20 08:53:08,035 [pool-27-thread-1] INFO  segmented.SegmentedRaftLogWorker (SegmentedRaftLogWorker.java:<init>(172)) - new f78c6f6f-b83c-4bef-83c8-4f247fc2f9cb-SegmentedRaftLogWorker:Storage Directory /workdir/hadoop-ozone/tools/target/test-dir/MiniOzoneClusterImpl-fdb7164d-332a-4161-9ef6-b429f59a210d/datanode-0/data/ratis/213b81b0-d8f9-4663-b3df-c52a164cf3bf for RaftStorage:Storage Directory /workdir/hadoop-ozone/tools/target/test-dir/MiniOzoneClusterImpl-fdb7164d-332a-4161-9ef6-b429f59a210d/datanode-0/data/ratis/213b81b0-d8f9-4663-b3df-c52a164cf3bf
2019-09-20 08:53:08,035 [pool-27-thread-1] INFO  server.RaftServerConfigKeys (ConfUtils.java:logGet(43)) - raft.server.log.queue.byte-limit = 2147483647 (custom)
2019-09-20 08:53:08,036 [pool-27-thread-1] INFO  server.RaftServerConfigKeys (ConfUtils.java:logGet(43)) - raft.server.log.queue.element-limit = 1024 (custom)
2019-09-20 08:53:08,036 [pool-27-thread-1] INFO  server.RaftServerConfigKeys (ConfUtils.java:logGet(43)) - raft.server.log.segment.size.max = 1048576 (custom)
2019-09-20 08:53:08,036 [pool-27-thread-1] INFO  server.RaftServerConfigKeys (ConfUtils.java:logGet(43)) - raft.server.log.preallocated.size = 16384 (custom)
2019-09-20 08:53:08,036 [pool-27-thread-1] INFO  server.RaftServerConfigKeys (ConfUtils.java:logGet(43)) - raft.server.log.write.buffer.size = 33554432 (custom)
2019-09-20 08:53:08,037 [pool-27-thread-1] INFO  server.RaftServerConfigKeys (ConfUtils.java:logGet(43)) - raft.server.log.force.sync.num = 128 (default)
2019-09-20 08:53:08,037 [pool-27-thread-1] INFO  server.RaftServerConfigKeys (ConfUtils.java:logGet(43)) - raft.server.log.statemachine.data.sync = true (default)
2019-09-20 08:53:08,037 [pool-27-thread-1] INFO  server.RaftServerConfigKeys (ConfUtils.java:logGet(43)) - raft.server.log.statemachine.data.sync.timeout = 10s (default)
2019-09-20 08:53:08,037 [pool-27-thread-1] INFO  server.RaftServerConfigKeys (ConfUtils.java:logGet(43)) - raft.server.log.statemachine.data.sync.timeout.retry = -1 (default)
2019-09-20 08:53:08,038 [pool-27-thread-1] INFO  server.RaftServerConfigKeys (ConfUtils.java:logGet(43)) - raft.server.log.statemachine.data.caching.enabled = true (custom)
2019-09-20 08:53:08,038 [pool-27-thread-1] INFO  segmented.SegmentedRaftLogWorker (SegmentedRaftLogWorker.java:lambda$new$0(132)) - f78c6f6f-b83c-4bef-83c8-4f247fc2f9cb-SegmentedRaftLogWorker:Storage Directory /workdir/hadoop-ozone/tools/target/test-dir/MiniOzoneClusterImpl-fdb7164d-332a-4161-9ef6-b429f59a210d/datanode-0/data/ratis/213b81b0-d8f9-4663-b3df-c52a164cf3bf: flushIndex: setUnconditionally 0 -> -1
2019-09-20 08:53:08,039 [pool-27-thread-1] INFO  server.RaftServerConfigKeys (ConfUtils.java:logGet(43)) - raft.server.snapshot.auto.trigger.enabled = true (custom)
2019-09-20 08:53:08,039 [pool-27-thread-1] INFO  server.RaftServerConfigKeys (ConfUtils.java:logGet(43)) - raft.server.snapshot.auto.trigger.threshold = 10000 (custom)
2019-09-20 08:53:08,039 [pool-27-thread-1] INFO  server.RaftServerConfigKeys (ConfUtils.java:logGet(43)) - raft.server.retrycache.expirytime = 600000ms (custom)
2019-09-20 08:53:08,039 [pool-27-thread-1] INFO  impl.RaftServerImpl (RaftServerImpl.java:start(180)) - f78c6f6f-b83c-4bef-83c8-4f247fc2f9cb: start group-C52A164CF3BF
2019-09-20 08:53:08,040 [pool-27-thread-1] INFO  impl.RaftServerImpl (RaftServerImpl.java:setRole(171)) - f78c6f6f-b83c-4bef-83c8-4f247fc2f9cb:group-C52A164CF3BF changes role from null to FOLLOWER at term 0 for startAsFollower
2019-09-20 08:53:08,040 [pool-27-thread-1] INFO  impl.RoleInfo (RoleInfo.java:updateAndGet(143)) - f78c6f6f-b83c-4bef-83c8-4f247fc2f9cb: start FollowerState
2019-09-20 08:53:08,041 [pool-27-thread-1] INFO  util.JmxRegister (JmxRegister.java:tryRegister(44)) - Successfully registered JMX Bean with object name Ratis:service=RaftServer,group=group-C52A164CF3BF,id=f78c6f6f-b83c-4bef-83c8-4f247fc2f9cb
2019-09-20 08:53:08,047 [RatisPipelineUtilsThread] INFO  pipeline.PipelineStateManager (PipelineStateManager.java:addPipeline(56)) - Created pipeline Pipeline[ Id: 213b81b0-d8f9-4663-b3df-c52a164cf3bf, Nodes: f78c6f6f-b83c-4bef-83c8-4f247fc2f9cb{ip: 192.168.36.79, host: pr-hdds-1569-s8kj2-2266485376, networkLocation: /default-rack, certSerialId: null}, Type:RATIS, Factor:ONE, State:OPEN]
2019-09-20 08:53:08,049 [RatisPipelineUtilsThread] INFO  pipeline.PipelinePlacementPolicy (PipelinePlacementPolicy.java:meetCriteria(91)) - Pipeline Placement: Doesn't meet the criteria to be viable node： b44e7e57-9837-469e-aba7-9d7779212b32 Heaviness: 6 limit: 5
2019-09-20 08:53:08,049 [RatisPipelineUtilsThread] INFO  pipeline.PipelinePlacementPolicy (PipelinePlacementPolicy.java:meetCriteria(91)) - Pipeline Placement: Doesn't meet the criteria to be viable node： 036c7012-de9e-4e05-8743-9a12868644f9 Heaviness: 6 limit: 5
2019-09-20 08:53:08,060 [grpc-default-executor-0] INFO  impl.RaftServerProxy (RaftServerProxy.java:addNew(89)) - f924f469-4e73-41d9-9d19-420bd0dc75a2: addNew group-3D22B4892CE4:[f924f469-4e73-41d9-9d19-420bd0dc75a2:192.168.36.79:42715] returns group-3D22B4892CE4:java.util.concurrent.CompletableFuture@486cf[Not completed]
2019-09-20 08:53:08,062 [pool-60-thread-1] INFO  impl.RaftServerImpl (RaftServerImpl.java:<init>(93)) - f924f469-4e73-41d9-9d19-420bd0dc75a2: new RaftServerImpl for group-3D22B4892CE4:[f924f469-4e73-41d9-9d19-420bd0dc75a2:192.168.36.79:42715] with ContainerStateMachine:uninitialized
2019-09-20 08:53:08,063 [pool-60-thread-1] INFO  server.RaftServerConfigKeys (ConfUtils.java:logGet(43)) - raft.server.rpc.timeout.min = 5s (custom)
2019-09-20 08:53:08,063 [pool-60-thread-1] INFO  server.RaftServerConfigKeys (ConfUtils.java:logGet(43)) - raft.server.rpc.timeout.max = 5200ms (custom)
2019-09-20 08:53:08,063 [pool-60-thread-1] INFO  server.RaftServerConfigKeys (ConfUtils.java:logGet(43)) - raft.server.rpcslowness.timeout = 120s (custom)
2019-09-20 08:53:08,063 [pool-60-thread-1] INFO  server.RaftServerConfigKeys (ConfUtils.java:logGet(43)) - raft.server.sleep.deviation.threshold = 300 (default)
2019-09-20 08:53:08,063 [pool-60-thread-1] INFO  server.RaftServerConfigKeys (ConfUtils.java:logGet(43)) - raft.server.log.appender.install.snapshot.enabled = false (custom)
2019-09-20 08:53:08,064 [pool-60-thread-1] INFO  impl.RaftServerImpl (ServerState.java:<init>(105)) - f924f469-4e73-41d9-9d19-420bd0dc75a2:group-3D22B4892CE4 ConfigurationManager, init=-1: [f924f469-4e73-41d9-9d19-420bd0dc75a2:192.168.36.79:42715], old=null, confs=<EMPTY_MAP>
2019-09-20 08:53:08,064 [pool-60-thread-1] INFO  server.RaftServerConfigKeys (ConfUtils.java:logGet(43)) - raft.server.storage.dir = [/workdir/hadoop-ozone/tools/target/test-dir/MiniOzoneClusterImpl-fdb7164d-332a-4161-9ef6-b429f59a210d/datanode-3/data/ratis] (custom)
2019-09-20 08:53:08,064 [pool-60-thread-1] INFO  storage.RaftStorageDirectory (RaftStorageDirectory.java:analyzeStorage(246)) - The storage directory /workdir/hadoop-ozone/tools/target/test-dir/MiniOzoneClusterImpl-fdb7164d-332a-4161-9ef6-b429f59a210d/datanode-3/data/ratis/e718e4f1-5801-40ec-8e56-3d22b4892ce4 does not exist. Creating ...
2019-09-20 08:53:08,092 [pool-60-thread-1] INFO  storage.RaftStorageDirectory (RaftStorageDirectory.java:tryLock(328)) - Lock on /workdir/hadoop-ozone/tools/target/test-dir/MiniOzoneClusterImpl-fdb7164d-332a-4161-9ef6-b429f59a210d/datanode-3/data/ratis/e718e4f1-5801-40ec-8e56-3d22b4892ce4/in_use.lock acquired by nodename 19168@pr-hdds-1569-s8kj2-2266485376
 0.00% |█                                                                                                    |  0/1 Time: 0:00:012019-09-20 08:53:08,126 [pool-60-thread-1] INFO  storage.RaftStorage (RaftStorage.java:format(72)) - Storage directory /workdir/hadoop-ozone/tools/target/test-dir/MiniOzoneClusterImpl-fdb7164d-332a-4161-9ef6-b429f59a210d/datanode-3/data/ratis/e718e4f1-5801-40ec-8e56-3d22b4892ce4 has been successfully formatted.
2019-09-20 08:53:08,126 [pool-60-thread-1] INFO  ratis.ContainerStateMachine (ContainerStateMachine.java:loadSnapshot(226)) - group-3D22B4892CE4: The snapshot info is null. Setting the last applied indexto:(t:0, i:~)
2019-09-20 08:53:08,126 [pool-60-thread-1] INFO  server.RaftServerConfigKeys (ConfUtils.java:logGet(43)) - raft.server.leader.election.timeout = 120s (custom)
2019-09-20 08:53:08,127 [pool-60-thread-1] INFO  server.RaftServerConfigKeys (ConfUtils.java:logGet(43)) - raft.server.log.use.memory = false (default)
2019-09-20 08:53:08,127 [pool-60-thread-1] INFO  server.RaftServerConfigKeys (ConfUtils.java:logGet(43)) - raft.server.log.purge.gap = 1000000 (custom)
2019-09-20 08:53:08,127 [pool-60-thread-1] INFO  server.RaftServerConfigKeys (ConfUtils.java:logGet(43)) - raft.server.log.appender.buffer.byte-limit = 33554432 (custom)
2019-09-20 08:53:08,127 [pool-60-thread-1] INFO  server.RaftServerConfigKeys (ConfUtils.java:logGet(43)) - raft.server.log.segment.size.max = 1048576 (custom)
2019-09-20 08:53:08,128 [pool-60-thread-1] INFO  server.RaftServerConfigKeys (ConfUtils.java:logGet(43)) - raft.server.log.segment.cache.num.max = 2 (custom)
2019-09-20 08:53:08,128 [pool-60-thread-1] INFO  segmented.SegmentedRaftLogWorker (SegmentedRaftLogWorker.java:<init>(172)) - new f924f469-4e73-41d9-9d19-420bd0dc75a2-SegmentedRaftLogWorker:Storage Directory /workdir/hadoop-ozone/tools/target/test-dir/MiniOzoneClusterImpl-fdb7164d-332a-4161-9ef6-b429f59a210d/datanode-3/data/ratis/e718e4f1-5801-40ec-8e56-3d22b4892ce4 for RaftStorage:Storage Directory /workdir/hadoop-ozone/tools/target/test-dir/MiniOzoneClusterImpl-fdb7164d-332a-4161-9ef6-b429f59a210d/datanode-3/data/ratis/e718e4f1-5801-40ec-8e56-3d22b4892ce4
2019-09-20 08:53:08,128 [pool-60-thread-1] INFO  server.RaftServerConfigKeys (ConfUtils.java:logGet(43)) - raft.server.log.queue.byte-limit = 2147483647 (custom)
2019-09-20 08:53:08,128 [pool-60-thread-1] INFO  server.RaftServerConfigKeys (ConfUtils.java:logGet(43)) - raft.server.log.queue.element-limit = 1024 (custom)
2019-09-20 08:53:08,128 [pool-60-thread-1] INFO  server.RaftServerConfigKeys (ConfUtils.java:logGet(43)) - raft.server.log.segment.size.max = 1048576 (custom)
2019-09-20 08:53:08,129 [pool-60-thread-1] INFO  server.RaftServerConfigKeys (ConfUtils.java:logGet(43)) - raft.server.log.preallocated.size = 16384 (custom)
2019-09-20 08:53:08,129 [pool-60-thread-1] INFO  server.RaftServerConfigKeys (ConfUtils.java:logGet(43)) - raft.server.log.write.buffer.size = 33554432 (custom)
2019-09-20 08:53:08,129 [pool-60-thread-1] INFO  server.RaftServerConfigKeys (ConfUtils.java:logGet(43)) - raft.server.log.force.sync.num = 128 (default)
2019-09-20 08:53:08,129 [pool-60-thread-1] INFO  server.RaftServerConfigKeys (ConfUtils.java:logGet(43)) - raft.server.log.statemachine.data.sync = true (default)
2019-09-20 08:53:08,129 [pool-60-thread-1] INFO  server.RaftServerConfigKeys (ConfUtils.java:logGet(43)) - raft.server.log.statemachine.data.sync.timeout = 10s (default)
2019-09-20 08:53:08,129 [pool-60-thread-1] INFO  server.RaftServerConfigKeys (ConfUtils.java:logGet(43)) - raft.server.log.statemachine.data.sync.timeout.retry = -1 (default)
2019-09-20 08:53:08,130 [pool-60-thread-1] INFO  server.RaftServerConfigKeys (ConfUtils.java:logGet(43)) - raft.server.log.statemachine.data.caching.enabled = true (custom)
2019-09-20 08:53:08,130 [pool-60-thread-1] INFO  segmented.SegmentedRaftLogWorker (SegmentedRaftLogWorker.java:lambda$new$0(132)) - f924f469-4e73-41d9-9d19-420bd0dc75a2-SegmentedRaftLogWorker:Storage Directory /workdir/hadoop-ozone/tools/target/test-dir/MiniOzoneClusterImpl-fdb7164d-332a-4161-9ef6-b429f59a210d/datanode-3/data/ratis/e718e4f1-5801-40ec-8e56-3d22b4892ce4: flushIndex: setUnconditionally 0 -> -1
2019-09-20 08:53:08,130 [pool-60-thread-1] INFO  server.RaftServerConfigKeys (ConfUtils.java:logGet(43)) - raft.server.snapshot.auto.trigger.enabled = true (custom)
2019-09-20 08:53:08,131 [pool-60-thread-1] INFO  server.RaftServerConfigKeys (ConfUtils.java:logGet(43)) - raft.server.snapshot.auto.trigger.threshold = 10000 (custom)
2019-09-20 08:53:08,131 [pool-60-thread-1] INFO  server.RaftServerConfigKeys (ConfUtils.java:logGet(43)) - raft.server.retrycache.expirytime = 600000ms (custom)
2019-09-20 08:53:08,131 [pool-60-thread-1] INFO  impl.RaftServerImpl (RaftServerImpl.java:start(180)) - f924f469-4e73-41d9-9d19-420bd0dc75a2: start group-3D22B4892CE4
2019-09-20 08:53:08,131 [pool-60-thread-1] INFO  impl.RaftServerImpl (RaftServerImpl.java:setRole(171)) - f924f469-4e73-41d9-9d19-420bd0dc75a2:group-3D22B4892CE4 changes role from null to FOLLOWER at term 0 for startAsFollower
2019-09-20 08:53:08,132 [pool-60-thread-1] INFO  impl.RoleInfo (RoleInfo.java:updateAndGet(143)) - f924f469-4e73-41d9-9d19-420bd0dc75a2: start FollowerState
2019-09-20 08:53:08,132 [pool-60-thread-1] INFO  util.JmxRegister (JmxRegister.java:tryRegister(44)) - Successfully registered JMX Bean with object name Ratis:service=RaftServer,group=group-3D22B4892CE4,id=f924f469-4e73-41d9-9d19-420bd0dc75a2
2019-09-20 08:53:08,138 [RatisPipelineUtilsThread] INFO  pipeline.PipelineStateManager (PipelineStateManager.java:addPipeline(56)) - Created pipeline Pipeline[ Id: e718e4f1-5801-40ec-8e56-3d22b4892ce4, Nodes: f924f469-4e73-41d9-9d19-420bd0dc75a2{ip: 192.168.36.79, host: pr-hdds-1569-s8kj2-2266485376, networkLocation: /default-rack, certSerialId: null}, Type:RATIS, Factor:ONE, State:OPEN]
2019-09-20 08:53:08,140 [RatisPipelineUtilsThread] INFO  pipeline.PipelinePlacementPolicy (PipelinePlacementPolicy.java:meetCriteria(91)) - Pipeline Placement: Doesn't meet the criteria to be viable node： b44e7e57-9837-469e-aba7-9d7779212b32 Heaviness: 6 limit: 5
2019-09-20 08:53:08,141 [RatisPipelineUtilsThread] INFO  pipeline.PipelinePlacementPolicy (PipelinePlacementPolicy.java:meetCriteria(91)) - Pipeline Placement: Doesn't meet the criteria to be viable node： 036c7012-de9e-4e05-8743-9a12868644f9 Heaviness: 6 limit: 5
2019-09-20 08:53:08,151 [grpc-default-executor-0] INFO  impl.RaftServerProxy (RaftServerProxy.java:addNew(89)) - 93e6190b-41b6-4f2c-abfa-7324859860a0: addNew group-FFA7CE54F89F:[93e6190b-41b6-4f2c-abfa-7324859860a0:192.168.36.79:37080] returns group-FFA7CE54F89F:java.util.concurrent.CompletableFuture@5d317f44[Not completed]
2019-09-20 08:53:08,153 [pool-71-thread-1] INFO  impl.RaftServerImpl (RaftServerImpl.java:<init>(93)) - 93e6190b-41b6-4f2c-abfa-7324859860a0: new RaftServerImpl for group-FFA7CE54F89F:[93e6190b-41b6-4f2c-abfa-7324859860a0:192.168.36.79:37080] with ContainerStateMachine:uninitialized
2019-09-20 08:53:08,154 [pool-71-thread-1] INFO  server.RaftServerConfigKeys (ConfUtils.java:logGet(43)) - raft.server.rpc.timeout.min = 5s (custom)
2019-09-20 08:53:08,154 [pool-71-thread-1] INFO  server.RaftServerConfigKeys (ConfUtils.java:logGet(43)) - raft.server.rpc.timeout.max = 5200ms (custom)
2019-09-20 08:53:08,154 [pool-71-thread-1] INFO  server.RaftServerConfigKeys (ConfUtils.java:logGet(43)) - raft.server.rpcslowness.timeout = 120s (custom)
2019-09-20 08:53:08,154 [pool-71-thread-1] INFO  server.RaftServerConfigKeys (ConfUtils.java:logGet(43)) - raft.server.sleep.deviation.threshold = 300 (default)
2019-09-20 08:53:08,154 [pool-71-thread-1] INFO  server.RaftServerConfigKeys (ConfUtils.java:logGet(43)) - raft.server.log.appender.install.snapshot.enabled = false (custom)
2019-09-20 08:53:08,154 [pool-71-thread-1] INFO  impl.RaftServerImpl (ServerState.java:<init>(105)) - 93e6190b-41b6-4f2c-abfa-7324859860a0:group-FFA7CE54F89F ConfigurationManager, init=-1: [93e6190b-41b6-4f2c-abfa-7324859860a0:192.168.36.79:37080], old=null, confs=<EMPTY_MAP>
2019-09-20 08:53:08,155 [pool-71-thread-1] INFO  server.RaftServerConfigKeys (ConfUtils.java:logGet(43)) - raft.server.storage.dir = [/workdir/hadoop-ozone/tools/target/test-dir/MiniOzoneClusterImpl-fdb7164d-332a-4161-9ef6-b429f59a210d/datanode-4/data/ratis] (custom)
2019-09-20 08:53:08,155 [pool-71-thread-1] INFO  storage.RaftStorageDirectory (RaftStorageDirectory.java:analyzeStorage(246)) - The storage directory /workdir/hadoop-ozone/tools/target/test-dir/MiniOzoneClusterImpl-fdb7164d-332a-4161-9ef6-b429f59a210d/datanode-4/data/ratis/51dcd0c9-6bbd-4821-9e0b-ffa7ce54f89f does not exist. Creating ...
2019-09-20 08:53:08,192 [pool-71-thread-1] INFO  storage.RaftStorageDirectory (RaftStorageDirectory.java:tryLock(328)) - Lock on /workdir/hadoop-ozone/tools/target/test-dir/MiniOzoneClusterImpl-fdb7164d-332a-4161-9ef6-b429f59a210d/datanode-4/data/ratis/51dcd0c9-6bbd-4821-9e0b-ffa7ce54f89f/in_use.lock acquired by nodename 19168@pr-hdds-1569-s8kj2-2266485376
2019-09-20 08:53:08,219 [pool-71-thread-1] INFO  storage.RaftStorage (RaftStorage.java:format(72)) - Storage directory /workdir/hadoop-ozone/tools/target/test-dir/MiniOzoneClusterImpl-fdb7164d-332a-4161-9ef6-b429f59a210d/datanode-4/data/ratis/51dcd0c9-6bbd-4821-9e0b-ffa7ce54f89f has been successfully formatted.
2019-09-20 08:53:08,219 [pool-71-thread-1] INFO  ratis.ContainerStateMachine (ContainerStateMachine.java:loadSnapshot(226)) - group-FFA7CE54F89F: The snapshot info is null. Setting the last applied indexto:(t:0, i:~)
2019-09-20 08:53:08,219 [pool-71-thread-1] INFO  server.RaftServerConfigKeys (ConfUtils.java:logGet(43)) - raft.server.leader.election.timeout = 120s (custom)
2019-09-20 08:53:08,220 [pool-71-thread-1] INFO  server.RaftServerConfigKeys (ConfUtils.java:logGet(43)) - raft.server.log.use.memory = false (default)
2019-09-20 08:53:08,220 [pool-71-thread-1] INFO  server.RaftServerConfigKeys (ConfUtils.java:logGet(43)) - raft.server.log.purge.gap = 1000000 (custom)
2019-09-20 08:53:08,220 [pool-71-thread-1] INFO  server.RaftServerConfigKeys (ConfUtils.java:logGet(43)) - raft.server.log.appender.buffer.byte-limit = 33554432 (custom)
2019-09-20 08:53:08,220 [pool-71-thread-1] INFO  server.RaftServerConfigKeys (ConfUtils.java:logGet(43)) - raft.server.log.segment.size.max = 1048576 (custom)
2019-09-20 08:53:08,220 [pool-71-thread-1] INFO  server.RaftServerConfigKeys (ConfUtils.java:logGet(43)) - raft.server.log.segment.cache.num.max = 2 (custom)
2019-09-20 08:53:08,220 [pool-71-thread-1] INFO  segmented.SegmentedRaftLogWorker (SegmentedRaftLogWorker.java:<init>(172)) - new 93e6190b-41b6-4f2c-abfa-7324859860a0-SegmentedRaftLogWorker:Storage Directory /workdir/hadoop-ozone/tools/target/test-dir/MiniOzoneClusterImpl-fdb7164d-332a-4161-9ef6-b429f59a210d/datanode-4/data/ratis/51dcd0c9-6bbd-4821-9e0b-ffa7ce54f89f for RaftStorage:Storage Directory /workdir/hadoop-ozone/tools/target/test-dir/MiniOzoneClusterImpl-fdb7164d-332a-4161-9ef6-b429f59a210d/datanode-4/data/ratis/51dcd0c9-6bbd-4821-9e0b-ffa7ce54f89f
2019-09-20 08:53:08,221 [pool-71-thread-1] INFO  server.RaftServerConfigKeys (ConfUtils.java:logGet(43)) - raft.server.log.queue.byte-limit = 2147483647 (custom)
2019-09-20 08:53:08,221 [pool-71-thread-1] INFO  server.RaftServerConfigKeys (ConfUtils.java:logGet(43)) - raft.server.log.queue.element-limit = 1024 (custom)
2019-09-20 08:53:08,221 [pool-71-thread-1] INFO  server.RaftServerConfigKeys (ConfUtils.java:logGet(43)) - raft.server.log.segment.size.max = 1048576 (custom)
2019-09-20 08:53:08,221 [pool-71-thread-1] INFO  server.RaftServerConfigKeys (ConfUtils.java:logGet(43)) - raft.server.log.preallocated.size = 16384 (custom)
2019-09-20 08:53:08,221 [pool-71-thread-1] INFO  server.RaftServerConfigKeys (ConfUtils.java:logGet(43)) - raft.server.log.write.buffer.size = 33554432 (custom)
2019-09-20 08:53:08,221 [pool-71-thread-1] INFO  server.RaftServerConfigKeys (ConfUtils.java:logGet(43)) - raft.server.log.force.sync.num = 128 (default)
2019-09-20 08:53:08,221 [pool-71-thread-1] INFO  server.RaftServerConfigKeys (ConfUtils.java:logGet(43)) - raft.server.log.statemachine.data.sync = true (default)
2019-09-20 08:53:08,222 [pool-71-thread-1] INFO  server.RaftServerConfigKeys (ConfUtils.java:logGet(43)) - raft.server.log.statemachine.data.sync.timeout = 10s (default)
2019-09-20 08:53:08,222 [pool-71-thread-1] INFO  server.RaftServerConfigKeys (ConfUtils.java:logGet(43)) - raft.server.log.statemachine.data.sync.timeout.retry = -1 (default)
2019-09-20 08:53:08,222 [pool-71-thread-1] INFO  server.RaftServerConfigKeys (ConfUtils.java:logGet(43)) - raft.server.log.statemachine.data.caching.enabled = true (custom)
2019-09-20 08:53:08,222 [pool-71-thread-1] INFO  segmented.SegmentedRaftLogWorker (SegmentedRaftLogWorker.java:lambda$new$0(132)) - 93e6190b-41b6-4f2c-abfa-7324859860a0-SegmentedRaftLogWorker:Storage Directory /workdir/hadoop-ozone/tools/target/test-dir/MiniOzoneClusterImpl-fdb7164d-332a-4161-9ef6-b429f59a210d/datanode-4/data/ratis/51dcd0c9-6bbd-4821-9e0b-ffa7ce54f89f: flushIndex: setUnconditionally 0 -> -1
2019-09-20 08:53:08,223 [pool-71-thread-1] INFO  server.RaftServerConfigKeys (ConfUtils.java:logGet(43)) - raft.server.snapshot.auto.trigger.enabled = true (custom)
2019-09-20 08:53:08,223 [pool-71-thread-1] INFO  server.RaftServerConfigKeys (ConfUtils.java:logGet(43)) - raft.server.snapshot.auto.trigger.threshold = 10000 (custom)
2019-09-20 08:53:08,223 [pool-71-thread-1] INFO  server.RaftServerConfigKeys (ConfUtils.java:logGet(43)) - raft.server.retrycache.expirytime = 600000ms (custom)
2019-09-20 08:53:08,223 [pool-71-thread-1] INFO  impl.RaftServerImpl (RaftServerImpl.java:start(180)) - 93e6190b-41b6-4f2c-abfa-7324859860a0: start group-FFA7CE54F89F
2019-09-20 08:53:08,224 [pool-71-thread-1] INFO  impl.RaftServerImpl (RaftServerImpl.java:setRole(171)) - 93e6190b-41b6-4f2c-abfa-7324859860a0:group-FFA7CE54F89F changes role from null to FOLLOWER at term 0 for startAsFollower
2019-09-20 08:53:08,224 [pool-71-thread-1] INFO  impl.RoleInfo (RoleInfo.java:updateAndGet(143)) - 93e6190b-41b6-4f2c-abfa-7324859860a0: start FollowerState
2019-09-20 08:53:08,224 [pool-71-thread-1] INFO  util.JmxRegister (JmxRegister.java:tryRegister(44)) - Successfully registered JMX Bean with object name Ratis:service=RaftServer,group=group-FFA7CE54F89F,id=93e6190b-41b6-4f2c-abfa-7324859860a0
2019-09-20 08:53:08,236 [RatisPipelineUtilsThread] INFO  pipeline.PipelineStateManager (PipelineStateManager.java:addPipeline(56)) - Created pipeline Pipeline[ Id: 51dcd0c9-6bbd-4821-9e0b-ffa7ce54f89f, Nodes: 93e6190b-41b6-4f2c-abfa-7324859860a0{ip: 192.168.36.79, host: pr-hdds-1569-s8kj2-2266485376, networkLocation: /default-rack, certSerialId: null}, Type:RATIS, Factor:ONE, State:OPEN]
2019-09-20 08:53:08,238 [RatisPipelineUtilsThread] INFO  pipeline.PipelinePlacementPolicy (PipelinePlacementPolicy.java:meetCriteria(91)) - Pipeline Placement: Doesn't meet the criteria to be viable node： b44e7e57-9837-469e-aba7-9d7779212b32 Heaviness: 6 limit: 5
2019-09-20 08:53:08,239 [RatisPipelineUtilsThread] INFO  pipeline.PipelinePlacementPolicy (PipelinePlacementPolicy.java:meetCriteria(91)) - Pipeline Placement: Doesn't meet the criteria to be viable node： 036c7012-de9e-4e05-8743-9a12868644f9 Heaviness: 6 limit: 5
2019-09-20 08:53:08,250 [grpc-default-executor-0] INFO  impl.RaftServerProxy (RaftServerProxy.java:addNew(89)) - f924f469-4e73-41d9-9d19-420bd0dc75a2: addNew group-578D5E334CF7:[f924f469-4e73-41d9-9d19-420bd0dc75a2:192.168.36.79:42715] returns group-578D5E334CF7:java.util.concurrent.CompletableFuture@7369884d[Not completed]
2019-09-20 08:53:08,253 [pool-60-thread-1] INFO  impl.RaftServerImpl (RaftServerImpl.java:<init>(93)) - f924f469-4e73-41d9-9d19-420bd0dc75a2: new RaftServerImpl for group-578D5E334CF7:[f924f469-4e73-41d9-9d19-420bd0dc75a2:192.168.36.79:42715] with ContainerStateMachine:uninitialized
2019-09-20 08:53:08,253 [pool-60-thread-1] INFO  server.RaftServerConfigKeys (ConfUtils.java:logGet(43)) - raft.server.rpc.timeout.min = 5s (custom)
2019-09-20 08:53:08,253 [pool-60-thread-1] INFO  server.RaftServerConfigKeys (ConfUtils.java:logGet(43)) - raft.server.rpc.timeout.max = 5200ms (custom)
2019-09-20 08:53:08,253 [pool-60-thread-1] INFO  server.RaftServerConfigKeys (ConfUtils.java:logGet(43)) - raft.server.rpcslowness.timeout = 120s (custom)
2019-09-20 08:53:08,253 [pool-60-thread-1] INFO  server.RaftServerConfigKeys (ConfUtils.java:logGet(43)) - raft.server.sleep.deviation.threshold = 300 (default)
2019-09-20 08:53:08,253 [pool-60-thread-1] INFO  server.RaftServerConfigKeys (ConfUtils.java:logGet(43)) - raft.server.log.appender.install.snapshot.enabled = false (custom)
2019-09-20 08:53:08,253 [pool-60-thread-1] INFO  impl.RaftServerImpl (ServerState.java:<init>(105)) - f924f469-4e73-41d9-9d19-420bd0dc75a2:group-578D5E334CF7 ConfigurationManager, init=-1: [f924f469-4e73-41d9-9d19-420bd0dc75a2:192.168.36.79:42715], old=null, confs=<EMPTY_MAP>
2019-09-20 08:53:08,254 [pool-60-thread-1] INFO  server.RaftServerConfigKeys (ConfUtils.java:logGet(43)) - raft.server.storage.dir = [/workdir/hadoop-ozone/tools/target/test-dir/MiniOzoneClusterImpl-fdb7164d-332a-4161-9ef6-b429f59a210d/datanode-3/data/ratis] (custom)
2019-09-20 08:53:08,254 [pool-60-thread-1] INFO  storage.RaftStorageDirectory (RaftStorageDirectory.java:analyzeStorage(246)) - The storage directory /workdir/hadoop-ozone/tools/target/test-dir/MiniOzoneClusterImpl-fdb7164d-332a-4161-9ef6-b429f59a210d/datanode-3/data/ratis/ebbc8b75-4c4c-451c-83df-578d5e334cf7 does not exist. Creating ...
2019-09-20 08:53:08,286 [pool-60-thread-1] INFO  storage.RaftStorageDirectory (RaftStorageDirectory.java:tryLock(328)) - Lock on /workdir/hadoop-ozone/tools/target/test-dir/MiniOzoneClusterImpl-fdb7164d-332a-4161-9ef6-b429f59a210d/datanode-3/data/ratis/ebbc8b75-4c4c-451c-83df-578d5e334cf7/in_use.lock acquired by nodename 19168@pr-hdds-1569-s8kj2-2266485376
2019-09-20 08:53:08,311 [pool-60-thread-1] INFO  storage.RaftStorage (RaftStorage.java:format(72)) - Storage directory /workdir/hadoop-ozone/tools/target/test-dir/MiniOzoneClusterImpl-fdb7164d-332a-4161-9ef6-b429f59a210d/datanode-3/data/ratis/ebbc8b75-4c4c-451c-83df-578d5e334cf7 has been successfully formatted.
2019-09-20 08:53:08,311 [pool-60-thread-1] INFO  ratis.ContainerStateMachine (ContainerStateMachine.java:loadSnapshot(226)) - group-578D5E334CF7: The snapshot info is null. Setting the last applied indexto:(t:0, i:~)
2019-09-20 08:53:08,312 [pool-60-thread-1] INFO  server.RaftServerConfigKeys (ConfUtils.java:logGet(43)) - raft.server.leader.election.timeout = 120s (custom)
2019-09-20 08:53:08,312 [pool-60-thread-1] INFO  server.RaftServerConfigKeys (ConfUtils.java:logGet(43)) - raft.server.log.use.memory = false (default)
2019-09-20 08:53:08,312 [pool-60-thread-1] INFO  server.RaftServerConfigKeys (ConfUtils.java:logGet(43)) - raft.server.log.purge.gap = 1000000 (custom)
2019-09-20 08:53:08,312 [pool-60-thread-1] INFO  server.RaftServerConfigKeys (ConfUtils.java:logGet(43)) - raft.server.log.appender.buffer.byte-limit = 33554432 (custom)
2019-09-20 08:53:08,312 [pool-60-thread-1] INFO  server.RaftServerConfigKeys (ConfUtils.java:logGet(43)) - raft.server.log.segment.size.max = 1048576 (custom)
2019-09-20 08:53:08,313 [pool-60-thread-1] INFO  server.RaftServerConfigKeys (ConfUtils.java:logGet(43)) - raft.server.log.segment.cache.num.max = 2 (custom)
2019-09-20 08:53:08,313 [pool-60-thread-1] INFO  segmented.SegmentedRaftLogWorker (SegmentedRaftLogWorker.java:<init>(172)) - new f924f469-4e73-41d9-9d19-420bd0dc75a2-SegmentedRaftLogWorker:Storage Directory /workdir/hadoop-ozone/tools/target/test-dir/MiniOzoneClusterImpl-fdb7164d-332a-4161-9ef6-b429f59a210d/datanode-3/data/ratis/ebbc8b75-4c4c-451c-83df-578d5e334cf7 for RaftStorage:Storage Directory /workdir/hadoop-ozone/tools/target/test-dir/MiniOzoneClusterImpl-fdb7164d-332a-4161-9ef6-b429f59a210d/datanode-3/data/ratis/ebbc8b75-4c4c-451c-83df-578d5e334cf7
2019-09-20 08:53:08,313 [pool-60-thread-1] INFO  server.RaftServerConfigKeys (ConfUtils.java:logGet(43)) - raft.server.log.queue.byte-limit = 2147483647 (custom)
2019-09-20 08:53:08,313 [pool-60-thread-1] INFO  server.RaftServerConfigKeys (ConfUtils.java:logGet(43)) - raft.server.log.queue.element-limit = 1024 (custom)
2019-09-20 08:53:08,313 [pool-60-thread-1] INFO  server.RaftServerConfigKeys (ConfUtils.java:logGet(43)) - raft.server.log.segment.size.max = 1048576 (custom)
2019-09-20 08:53:08,314 [pool-60-thread-1] INFO  server.RaftServerConfigKeys (ConfUtils.java:logGet(43)) - raft.server.log.preallocated.size = 16384 (custom)
2019-09-20 08:53:08,314 [pool-60-thread-1] INFO  server.RaftServerConfigKeys (ConfUtils.java:logGet(43)) - raft.server.log.write.buffer.size = 33554432 (custom)
2019-09-20 08:53:08,314 [pool-60-thread-1] INFO  server.RaftServerConfigKeys (ConfUtils.java:logGet(43)) - raft.server.log.force.sync.num = 128 (default)
2019-09-20 08:53:08,314 [pool-60-thread-1] INFO  server.RaftServerConfigKeys (ConfUtils.java:logGet(43)) - raft.server.log.statemachine.data.sync = true (default)
2019-09-20 08:53:08,314 [pool-60-thread-1] INFO  server.RaftServerConfigKeys (ConfUtils.java:logGet(43)) - raft.server.log.statemachine.data.sync.timeout = 10s (default)
2019-09-20 08:53:08,314 [pool-60-thread-1] INFO  server.RaftServerConfigKeys (ConfUtils.java:logGet(43)) - raft.server.log.statemachine.data.sync.timeout.retry = -1 (default)
2019-09-20 08:53:08,315 [pool-60-thread-1] INFO  server.RaftServerConfigKeys (ConfUtils.java:logGet(43)) - raft.server.log.statemachine.data.caching.enabled = true (custom)
2019-09-20 08:53:08,315 [pool-60-thread-1] INFO  segmented.SegmentedRaftLogWorker (SegmentedRaftLogWorker.java:lambda$new$0(132)) - f924f469-4e73-41d9-9d19-420bd0dc75a2-SegmentedRaftLogWorker:Storage Directory /workdir/hadoop-ozone/tools/target/test-dir/MiniOzoneClusterImpl-fdb7164d-332a-4161-9ef6-b429f59a210d/datanode-3/data/ratis/ebbc8b75-4c4c-451c-83df-578d5e334cf7: flushIndex: setUnconditionally 0 -> -1
2019-09-20 08:53:08,315 [pool-60-thread-1] INFO  server.RaftServerConfigKeys (ConfUtils.java:logGet(43)) - raft.server.snapshot.auto.trigger.enabled = true (custom)
2019-09-20 08:53:08,316 [pool-60-thread-1] INFO  server.RaftServerConfigKeys (ConfUtils.java:logGet(43)) - raft.server.snapshot.auto.trigger.threshold = 10000 (custom)
2019-09-20 08:53:08,316 [pool-60-thread-1] INFO  server.RaftServerConfigKeys (ConfUtils.java:logGet(43)) - raft.server.retrycache.expirytime = 600000ms (custom)
2019-09-20 08:53:08,316 [pool-60-thread-1] INFO  impl.RaftServerImpl (RaftServerImpl.java:start(180)) - f924f469-4e73-41d9-9d19-420bd0dc75a2: start group-578D5E334CF7
2019-09-20 08:53:08,316 [pool-60-thread-1] INFO  impl.RaftServerImpl (RaftServerImpl.java:setRole(171)) - f924f469-4e73-41d9-9d19-420bd0dc75a2:group-578D5E334CF7 changes role from null to FOLLOWER at term 0 for startAsFollower
2019-09-20 08:53:08,316 [pool-60-thread-1] INFO  impl.RoleInfo (RoleInfo.java:updateAndGet(143)) - f924f469-4e73-41d9-9d19-420bd0dc75a2: start FollowerState
2019-09-20 08:53:08,317 [pool-60-thread-1] INFO  util.JmxRegister (JmxRegister.java:tryRegister(44)) - Successfully registered JMX Bean with object name Ratis:service=RaftServer,group=group-578D5E334CF7,id=f924f469-4e73-41d9-9d19-420bd0dc75a2
2019-09-20 08:53:08,324 [RatisPipelineUtilsThread] INFO  pipeline.PipelineStateManager (PipelineStateManager.java:addPipeline(56)) - Created pipeline Pipeline[ Id: ebbc8b75-4c4c-451c-83df-578d5e334cf7, Nodes: f924f469-4e73-41d9-9d19-420bd0dc75a2{ip: 192.168.36.79, host: pr-hdds-1569-s8kj2-2266485376, networkLocation: /default-rack, certSerialId: null}, Type:RATIS, Factor:ONE, State:OPEN]
2019-09-20 08:53:08,326 [RatisPipelineUtilsThread] INFO  pipeline.PipelinePlacementPolicy (PipelinePlacementPolicy.java:meetCriteria(91)) - Pipeline Placement: Doesn't meet the criteria to be viable node： b44e7e57-9837-469e-aba7-9d7779212b32 Heaviness: 6 limit: 5
2019-09-20 08:53:08,327 [RatisPipelineUtilsThread] INFO  pipeline.PipelinePlacementPolicy (PipelinePlacementPolicy.java:meetCriteria(91)) - Pipeline Placement: Doesn't meet the criteria to be viable node： 036c7012-de9e-4e05-8743-9a12868644f9 Heaviness: 6 limit: 5
2019-09-20 08:53:08,338 [grpc-default-executor-0] INFO  impl.RaftServerProxy (RaftServerProxy.java:addNew(89)) - f924f469-4e73-41d9-9d19-420bd0dc75a2: addNew group-74FDFC2256B3:[f924f469-4e73-41d9-9d19-420bd0dc75a2:192.168.36.79:42715] returns group-74FDFC2256B3:java.util.concurrent.CompletableFuture@271a163[Not completed]
2019-09-20 08:53:08,340 [pool-60-thread-1] INFO  impl.RaftServerImpl (RaftServerImpl.java:<init>(93)) - f924f469-4e73-41d9-9d19-420bd0dc75a2: new RaftServerImpl for group-74FDFC2256B3:[f924f469-4e73-41d9-9d19-420bd0dc75a2:192.168.36.79:42715] with ContainerStateMachine:uninitialized
2019-09-20 08:53:08,340 [pool-60-thread-1] INFO  server.RaftServerConfigKeys (ConfUtils.java:logGet(43)) - raft.server.rpc.timeout.min = 5s (custom)
2019-09-20 08:53:08,340 [pool-60-thread-1] INFO  server.RaftServerConfigKeys (ConfUtils.java:logGet(43)) - raft.server.rpc.timeout.max = 5200ms (custom)
2019-09-20 08:53:08,340 [pool-60-thread-1] INFO  server.RaftServerConfigKeys (ConfUtils.java:logGet(43)) - raft.server.rpcslowness.timeout = 120s (custom)
2019-09-20 08:53:08,340 [pool-60-thread-1] INFO  server.RaftServerConfigKeys (ConfUtils.java:logGet(43)) - raft.server.sleep.deviation.threshold = 300 (default)
2019-09-20 08:53:08,340 [pool-60-thread-1] INFO  server.RaftServerConfigKeys (ConfUtils.java:logGet(43)) - raft.server.log.appender.install.snapshot.enabled = false (custom)
2019-09-20 08:53:08,340 [pool-60-thread-1] INFO  impl.RaftServerImpl (ServerState.java:<init>(105)) - f924f469-4e73-41d9-9d19-420bd0dc75a2:group-74FDFC2256B3 ConfigurationManager, init=-1: [f924f469-4e73-41d9-9d19-420bd0dc75a2:192.168.36.79:42715], old=null, confs=<EMPTY_MAP>
2019-09-20 08:53:08,341 [pool-60-thread-1] INFO  server.RaftServerConfigKeys (ConfUtils.java:logGet(43)) - raft.server.storage.dir = [/workdir/hadoop-ozone/tools/target/test-dir/MiniOzoneClusterImpl-fdb7164d-332a-4161-9ef6-b429f59a210d/datanode-3/data/ratis] (custom)
2019-09-20 08:53:08,341 [pool-60-thread-1] INFO  storage.RaftStorageDirectory (RaftStorageDirectory.java:analyzeStorage(246)) - The storage directory /workdir/hadoop-ozone/tools/target/test-dir/MiniOzoneClusterImpl-fdb7164d-332a-4161-9ef6-b429f59a210d/datanode-3/data/ratis/e8d8036a-7afb-4ea9-9441-74fdfc2256b3 does not exist. Creating ...
2019-09-20 08:53:08,370 [pool-60-thread-1] INFO  storage.RaftStorageDirectory (RaftStorageDirectory.java:tryLock(328)) - Lock on /workdir/hadoop-ozone/tools/target/test-dir/MiniOzoneClusterImpl-fdb7164d-332a-4161-9ef6-b429f59a210d/datanode-3/data/ratis/e8d8036a-7afb-4ea9-9441-74fdfc2256b3/in_use.lock acquired by nodename 19168@pr-hdds-1569-s8kj2-2266485376
2019-09-20 08:53:08,404 [pool-60-thread-1] INFO  storage.RaftStorage (RaftStorage.java:format(72)) - Storage directory /workdir/hadoop-ozone/tools/target/test-dir/MiniOzoneClusterImpl-fdb7164d-332a-4161-9ef6-b429f59a210d/datanode-3/data/ratis/e8d8036a-7afb-4ea9-9441-74fdfc2256b3 has been successfully formatted.
2019-09-20 08:53:08,404 [pool-60-thread-1] INFO  ratis.ContainerStateMachine (ContainerStateMachine.java:loadSnapshot(226)) - group-74FDFC2256B3: The snapshot info is null. Setting the last applied indexto:(t:0, i:~)
2019-09-20 08:53:08,404 [pool-60-thread-1] INFO  server.RaftServerConfigKeys (ConfUtils.java:logGet(43)) - raft.server.leader.election.timeout = 120s (custom)
2019-09-20 08:53:08,404 [pool-60-thread-1] INFO  server.RaftServerConfigKeys (ConfUtils.java:logGet(43)) - raft.server.log.use.memory = false (default)
2019-09-20 08:53:08,405 [pool-60-thread-1] INFO  server.RaftServerConfigKeys (ConfUtils.java:logGet(43)) - raft.server.log.purge.gap = 1000000 (custom)
2019-09-20 08:53:08,405 [pool-60-thread-1] INFO  server.RaftServerConfigKeys (ConfUtils.java:logGet(43)) - raft.server.log.appender.buffer.byte-limit = 33554432 (custom)
2019-09-20 08:53:08,405 [pool-60-thread-1] INFO  server.RaftServerConfigKeys (ConfUtils.java:logGet(43)) - raft.server.log.segment.size.max = 1048576 (custom)
2019-09-20 08:53:08,405 [pool-60-thread-1] INFO  server.RaftServerConfigKeys (ConfUtils.java:logGet(43)) - raft.server.log.segment.cache.num.max = 2 (custom)
2019-09-20 08:53:08,405 [pool-60-thread-1] INFO  segmented.SegmentedRaftLogWorker (SegmentedRaftLogWorker.java:<init>(172)) - new f924f469-4e73-41d9-9d19-420bd0dc75a2-SegmentedRaftLogWorker:Storage Directory /workdir/hadoop-ozone/tools/target/test-dir/MiniOzoneClusterImpl-fdb7164d-332a-4161-9ef6-b429f59a210d/datanode-3/data/ratis/e8d8036a-7afb-4ea9-9441-74fdfc2256b3 for RaftStorage:Storage Directory /workdir/hadoop-ozone/tools/target/test-dir/MiniOzoneClusterImpl-fdb7164d-332a-4161-9ef6-b429f59a210d/datanode-3/data/ratis/e8d8036a-7afb-4ea9-9441-74fdfc2256b3
2019-09-20 08:53:08,406 [pool-60-thread-1] INFO  server.RaftServerConfigKeys (ConfUtils.java:logGet(43)) - raft.server.log.queue.byte-limit = 2147483647 (custom)
2019-09-20 08:53:08,406 [pool-60-thread-1] INFO  server.RaftServerConfigKeys (ConfUtils.java:logGet(43)) - raft.server.log.queue.element-limit = 1024 (custom)
2019-09-20 08:53:08,406 [pool-60-thread-1] INFO  server.RaftServerConfigKeys (ConfUtils.java:logGet(43)) - raft.server.log.segment.size.max = 1048576 (custom)
2019-09-20 08:53:08,406 [pool-60-thread-1] INFO  server.RaftServerConfigKeys (ConfUtils.java:logGet(43)) - raft.server.log.preallocated.size = 16384 (custom)
2019-09-20 08:53:08,406 [pool-60-thread-1] INFO  server.RaftServerConfigKeys (ConfUtils.java:logGet(43)) - raft.server.log.write.buffer.size = 33554432 (custom)
2019-09-20 08:53:08,407 [pool-60-thread-1] INFO  server.RaftServerConfigKeys (ConfUtils.java:logGet(43)) - raft.server.log.force.sync.num = 128 (default)
2019-09-20 08:53:08,407 [pool-60-thread-1] INFO  server.RaftServerConfigKeys (ConfUtils.java:logGet(43)) - raft.server.log.statemachine.data.sync = true (default)
2019-09-20 08:53:08,407 [pool-60-thread-1] INFO  server.RaftServerConfigKeys (ConfUtils.java:logGet(43)) - raft.server.log.statemachine.data.sync.timeout = 10s (default)
2019-09-20 08:53:08,407 [pool-60-thread-1] INFO  server.RaftServerConfigKeys (ConfUtils.java:logGet(43)) - raft.server.log.statemachine.data.sync.timeout.retry = -1 (default)
2019-09-20 08:53:08,407 [pool-60-thread-1] INFO  server.RaftServerConfigKeys (ConfUtils.java:logGet(43)) - raft.server.log.statemachine.data.caching.enabled = true (custom)
2019-09-20 08:53:08,408 [pool-60-thread-1] INFO  segmented.SegmentedRaftLogWorker (SegmentedRaftLogWorker.java:lambda$new$0(132)) - f924f469-4e73-41d9-9d19-420bd0dc75a2-SegmentedRaftLogWorker:Storage Directory /workdir/hadoop-ozone/tools/target/test-dir/MiniOzoneClusterImpl-fdb7164d-332a-4161-9ef6-b429f59a210d/datanode-3/data/ratis/e8d8036a-7afb-4ea9-9441-74fdfc2256b3: flushIndex: setUnconditionally 0 -> -1
2019-09-20 08:53:08,408 [pool-60-thread-1] INFO  server.RaftServerConfigKeys (ConfUtils.java:logGet(43)) - raft.server.snapshot.auto.trigger.enabled = true (custom)
2019-09-20 08:53:08,408 [pool-60-thread-1] INFO  server.RaftServerConfigKeys (ConfUtils.java:logGet(43)) - raft.server.snapshot.auto.trigger.threshold = 10000 (custom)
2019-09-20 08:53:08,409 [pool-60-thread-1] INFO  server.RaftServerConfigKeys (ConfUtils.java:logGet(43)) - raft.server.retrycache.expirytime = 600000ms (custom)
2019-09-20 08:53:08,409 [pool-60-thread-1] INFO  impl.RaftServerImpl (RaftServerImpl.java:start(180)) - f924f469-4e73-41d9-9d19-420bd0dc75a2: start group-74FDFC2256B3
2019-09-20 08:53:08,409 [pool-60-thread-1] INFO  impl.RaftServerImpl (RaftServerImpl.java:setRole(171)) - f924f469-4e73-41d9-9d19-420bd0dc75a2:group-74FDFC2256B3 changes role from null to FOLLOWER at term 0 for startAsFollower
2019-09-20 08:53:08,409 [pool-60-thread-1] INFO  impl.RoleInfo (RoleInfo.java:updateAndGet(143)) - f924f469-4e73-41d9-9d19-420bd0dc75a2: start FollowerState
2019-09-20 08:53:08,410 [pool-60-thread-1] INFO  util.JmxRegister (JmxRegister.java:tryRegister(44)) - Successfully registered JMX Bean with object name Ratis:service=RaftServer,group=group-74FDFC2256B3,id=f924f469-4e73-41d9-9d19-420bd0dc75a2
2019-09-20 08:53:08,417 [RatisPipelineUtilsThread] INFO  pipeline.PipelineStateManager (PipelineStateManager.java:addPipeline(56)) - Created pipeline Pipeline[ Id: e8d8036a-7afb-4ea9-9441-74fdfc2256b3, Nodes: f924f469-4e73-41d9-9d19-420bd0dc75a2{ip: 192.168.36.79, host: pr-hdds-1569-s8kj2-2266485376, networkLocation: /default-rack, certSerialId: null}, Type:RATIS, Factor:ONE, State:OPEN]
2019-09-20 08:53:08,419 [RatisPipelineUtilsThread] INFO  pipeline.PipelinePlacementPolicy (PipelinePlacementPolicy.java:meetCriteria(91)) - Pipeline Placement: Doesn't meet the criteria to be viable node： b44e7e57-9837-469e-aba7-9d7779212b32 Heaviness: 6 limit: 5
2019-09-20 08:53:08,419 [RatisPipelineUtilsThread] INFO  pipeline.PipelinePlacementPolicy (PipelinePlacementPolicy.java:meetCriteria(91)) - Pipeline Placement: Doesn't meet the criteria to be viable node： 036c7012-de9e-4e05-8743-9a12868644f9 Heaviness: 6 limit: 5
2019-09-20 08:53:08,419 [RatisPipelineUtilsThread] INFO  pipeline.PipelinePlacementPolicy (PipelinePlacementPolicy.java:meetCriteria(91)) - Pipeline Placement: Doesn't meet the criteria to be viable node： f924f469-4e73-41d9-9d19-420bd0dc75a2 Heaviness: 6 limit: 5
2019-09-20 08:53:08,430 [grpc-default-executor-0] INFO  impl.RaftServerProxy (RaftServerProxy.java:addNew(89)) - 93e6190b-41b6-4f2c-abfa-7324859860a0: addNew group-6738A0AE8FE2:[93e6190b-41b6-4f2c-abfa-7324859860a0:192.168.36.79:37080] returns group-6738A0AE8FE2:java.util.concurrent.CompletableFuture@1043222f[Not completed]
2019-09-20 08:53:08,433 [pool-71-thread-1] INFO  impl.RaftServerImpl (RaftServerImpl.java:<init>(93)) - 93e6190b-41b6-4f2c-abfa-7324859860a0: new RaftServerImpl for group-6738A0AE8FE2:[93e6190b-41b6-4f2c-abfa-7324859860a0:192.168.36.79:37080] with ContainerStateMachine:uninitialized
2019-09-20 08:53:08,433 [pool-71-thread-1] INFO  server.RaftServerConfigKeys (ConfUtils.java:logGet(43)) - raft.server.rpc.timeout.min = 5s (custom)
2019-09-20 08:53:08,433 [pool-71-thread-1] INFO  server.RaftServerConfigKeys (ConfUtils.java:logGet(43)) - raft.server.rpc.timeout.max = 5200ms (custom)
2019-09-20 08:53:08,433 [pool-71-thread-1] INFO  server.RaftServerConfigKeys (ConfUtils.java:logGet(43)) - raft.server.rpcslowness.timeout = 120s (custom)
2019-09-20 08:53:08,434 [pool-71-thread-1] INFO  server.RaftServerConfigKeys (ConfUtils.java:logGet(43)) - raft.server.sleep.deviation.threshold = 300 (default)
2019-09-20 08:53:08,434 [pool-71-thread-1] INFO  server.RaftServerConfigKeys (ConfUtils.java:logGet(43)) - raft.server.log.appender.install.snapshot.enabled = false (custom)
2019-09-20 08:53:08,434 [pool-71-thread-1] INFO  impl.RaftServerImpl (ServerState.java:<init>(105)) - 93e6190b-41b6-4f2c-abfa-7324859860a0:group-6738A0AE8FE2 ConfigurationManager, init=-1: [93e6190b-41b6-4f2c-abfa-7324859860a0:192.168.36.79:37080], old=null, confs=<EMPTY_MAP>
2019-09-20 08:53:08,434 [pool-71-thread-1] INFO  server.RaftServerConfigKeys (ConfUtils.java:logGet(43)) - raft.server.storage.dir = [/workdir/hadoop-ozone/tools/target/test-dir/MiniOzoneClusterImpl-fdb7164d-332a-4161-9ef6-b429f59a210d/datanode-4/data/ratis] (custom)
2019-09-20 08:53:08,435 [pool-71-thread-1] INFO  storage.RaftStorageDirectory (RaftStorageDirectory.java:analyzeStorage(246)) - The storage directory /workdir/hadoop-ozone/tools/target/test-dir/MiniOzoneClusterImpl-fdb7164d-332a-4161-9ef6-b429f59a210d/datanode-4/data/ratis/a3b53284-3580-4935-8009-6738a0ae8fe2 does not exist. Creating ...
2019-09-20 08:53:08,462 [pool-71-thread-1] INFO  storage.RaftStorageDirectory (RaftStorageDirectory.java:tryLock(328)) - Lock on /workdir/hadoop-ozone/tools/target/test-dir/MiniOzoneClusterImpl-fdb7164d-332a-4161-9ef6-b429f59a210d/datanode-4/data/ratis/a3b53284-3580-4935-8009-6738a0ae8fe2/in_use.lock acquired by nodename 19168@pr-hdds-1569-s8kj2-2266485376
2019-09-20 08:53:08,488 [pool-71-thread-1] INFO  storage.RaftStorage (RaftStorage.java:format(72)) - Storage directory /workdir/hadoop-ozone/tools/target/test-dir/MiniOzoneClusterImpl-fdb7164d-332a-4161-9ef6-b429f59a210d/datanode-4/data/ratis/a3b53284-3580-4935-8009-6738a0ae8fe2 has been successfully formatted.
2019-09-20 08:53:08,489 [pool-71-thread-1] INFO  ratis.ContainerStateMachine (ContainerStateMachine.java:loadSnapshot(226)) - group-6738A0AE8FE2: The snapshot info is null. Setting the last applied indexto:(t:0, i:~)
2019-09-20 08:53:08,489 [pool-71-thread-1] INFO  server.RaftServerConfigKeys (ConfUtils.java:logGet(43)) - raft.server.leader.election.timeout = 120s (custom)
2019-09-20 08:53:08,489 [pool-71-thread-1] INFO  server.RaftServerConfigKeys (ConfUtils.java:logGet(43)) - raft.server.log.use.memory = false (default)
2019-09-20 08:53:08,489 [pool-71-thread-1] INFO  server.RaftServerConfigKeys (ConfUtils.java:logGet(43)) - raft.server.log.purge.gap = 1000000 (custom)
2019-09-20 08:53:08,490 [pool-71-thread-1] INFO  server.RaftServerConfigKeys (ConfUtils.java:logGet(43)) - raft.server.log.appender.buffer.byte-limit = 33554432 (custom)
2019-09-20 08:53:08,490 [pool-71-thread-1] INFO  server.RaftServerConfigKeys (ConfUtils.java:logGet(43)) - raft.server.log.segment.size.max = 1048576 (custom)
2019-09-20 08:53:08,490 [pool-71-thread-1] INFO  server.RaftServerConfigKeys (ConfUtils.java:logGet(43)) - raft.server.log.segment.cache.num.max = 2 (custom)
2019-09-20 08:53:08,490 [pool-71-thread-1] INFO  segmented.SegmentedRaftLogWorker (SegmentedRaftLogWorker.java:<init>(172)) - new 93e6190b-41b6-4f2c-abfa-7324859860a0-SegmentedRaftLogWorker:Storage Directory /workdir/hadoop-ozone/tools/target/test-dir/MiniOzoneClusterImpl-fdb7164d-332a-4161-9ef6-b429f59a210d/datanode-4/data/ratis/a3b53284-3580-4935-8009-6738a0ae8fe2 for RaftStorage:Storage Directory /workdir/hadoop-ozone/tools/target/test-dir/MiniOzoneClusterImpl-fdb7164d-332a-4161-9ef6-b429f59a210d/datanode-4/data/ratis/a3b53284-3580-4935-8009-6738a0ae8fe2
2019-09-20 08:53:08,491 [pool-71-thread-1] INFO  server.RaftServerConfigKeys (ConfUtils.java:logGet(43)) - raft.server.log.queue.byte-limit = 2147483647 (custom)
2019-09-20 08:53:08,491 [pool-71-thread-1] INFO  server.RaftServerConfigKeys (ConfUtils.java:logGet(43)) - raft.server.log.queue.element-limit = 1024 (custom)
2019-09-20 08:53:08,491 [pool-71-thread-1] INFO  server.RaftServerConfigKeys (ConfUtils.java:logGet(43)) - raft.server.log.segment.size.max = 1048576 (custom)
2019-09-20 08:53:08,491 [pool-71-thread-1] INFO  server.RaftServerConfigKeys (ConfUtils.java:logGet(43)) - raft.server.log.preallocated.size = 16384 (custom)
2019-09-20 08:53:08,491 [pool-71-thread-1] INFO  server.RaftServerConfigKeys (ConfUtils.java:logGet(43)) - raft.server.log.write.buffer.size = 33554432 (custom)
2019-09-20 08:53:08,492 [pool-71-thread-1] INFO  server.RaftServerConfigKeys (ConfUtils.java:logGet(43)) - raft.server.log.force.sync.num = 128 (default)
2019-09-20 08:53:08,492 [pool-71-thread-1] INFO  server.RaftServerConfigKeys (ConfUtils.java:logGet(43)) - raft.server.log.statemachine.data.sync = true (default)
2019-09-20 08:53:08,492 [pool-71-thread-1] INFO  server.RaftServerConfigKeys (ConfUtils.java:logGet(43)) - raft.server.log.statemachine.data.sync.timeout = 10s (default)
2019-09-20 08:53:08,495 [pool-71-thread-1] INFO  server.RaftServerConfigKeys (ConfUtils.java:logGet(43)) - raft.server.log.statemachine.data.sync.timeout.retry = -1 (default)
2019-09-20 08:53:08,495 [pool-71-thread-1] INFO  server.RaftServerConfigKeys (ConfUtils.java:logGet(43)) - raft.server.log.statemachine.data.caching.enabled = true (custom)
2019-09-20 08:53:08,496 | INFO  | SCMAudit | user=jenkins1000 | ip=192.168.36.79 | op=SEND_HEARTBEAT {datanodeUUID=f924f469-4e73-41d9-9d19-420bd0dc75a2, command=[]} | ret=SUCCESS |  
2019-09-20 08:53:08,496 [pool-71-thread-1] INFO  segmented.SegmentedRaftLogWorker (SegmentedRaftLogWorker.java:lambda$new$0(132)) - 93e6190b-41b6-4f2c-abfa-7324859860a0-SegmentedRaftLogWorker:Storage Directory /workdir/hadoop-ozone/tools/target/test-dir/MiniOzoneClusterImpl-fdb7164d-332a-4161-9ef6-b429f59a210d/datanode-4/data/ratis/a3b53284-3580-4935-8009-6738a0ae8fe2: flushIndex: setUnconditionally 0 -> -1
2019-09-20 08:53:08,496 [pool-71-thread-1] INFO  server.RaftServerConfigKeys (ConfUtils.java:logGet(43)) - raft.server.snapshot.auto.trigger.enabled = true (custom)
2019-09-20 08:53:08,497 [pool-71-thread-1] INFO  server.RaftServerConfigKeys (ConfUtils.java:logGet(43)) - raft.server.snapshot.auto.trigger.threshold = 10000 (custom)
2019-09-20 08:53:08,497 [pool-71-thread-1] INFO  server.RaftServerConfigKeys (ConfUtils.java:logGet(43)) - raft.server.retrycache.expirytime = 600000ms (custom)
2019-09-20 08:53:08,497 [pool-71-thread-1] INFO  impl.RaftServerImpl (RaftServerImpl.java:start(180)) - 93e6190b-41b6-4f2c-abfa-7324859860a0: start group-6738A0AE8FE2
2019-09-20 08:53:08,497 [pool-71-thread-1] INFO  impl.RaftServerImpl (RaftServerImpl.java:setRole(171)) - 93e6190b-41b6-4f2c-abfa-7324859860a0:group-6738A0AE8FE2 changes role from null to FOLLOWER at term 0 for startAsFollower
2019-09-20 08:53:08,498 [pool-71-thread-1] INFO  impl.RoleInfo (RoleInfo.java:updateAndGet(143)) - 93e6190b-41b6-4f2c-abfa-7324859860a0: start FollowerState
2019-09-20 08:53:08,498 [pool-71-thread-1] INFO  util.JmxRegister (JmxRegister.java:tryRegister(44)) - Successfully registered JMX Bean with object name Ratis:service=RaftServer,group=group-6738A0AE8FE2,id=93e6190b-41b6-4f2c-abfa-7324859860a0
2019-09-20 08:53:08,505 [RatisPipelineUtilsThread] INFO  pipeline.PipelineStateManager (PipelineStateManager.java:addPipeline(56)) - Created pipeline Pipeline[ Id: a3b53284-3580-4935-8009-6738a0ae8fe2, Nodes: 93e6190b-41b6-4f2c-abfa-7324859860a0{ip: 192.168.36.79, host: pr-hdds-1569-s8kj2-2266485376, networkLocation: /default-rack, certSerialId: null}, Type:RATIS, Factor:ONE, State:OPEN]
2019-09-20 08:53:08,506 [RatisPipelineUtilsThread] INFO  pipeline.PipelinePlacementPolicy (PipelinePlacementPolicy.java:meetCriteria(91)) - Pipeline Placement: Doesn't meet the criteria to be viable node： b44e7e57-9837-469e-aba7-9d7779212b32 Heaviness: 6 limit: 5
2019-09-20 08:53:08,507 [RatisPipelineUtilsThread] INFO  pipeline.PipelinePlacementPolicy (PipelinePlacementPolicy.java:meetCriteria(91)) - Pipeline Placement: Doesn't meet the criteria to be viable node： 036c7012-de9e-4e05-8743-9a12868644f9 Heaviness: 6 limit: 5
2019-09-20 08:53:08,507 [RatisPipelineUtilsThread] INFO  pipeline.PipelinePlacementPolicy (PipelinePlacementPolicy.java:meetCriteria(91)) - Pipeline Placement: Doesn't meet the criteria to be viable node： f924f469-4e73-41d9-9d19-420bd0dc75a2 Heaviness: 6 limit: 5
2019-09-20 08:53:08,512 | INFO  | SCMAudit | user=jenkins1000 | ip=192.168.36.79 | op=SEND_HEARTBEAT {datanodeUUID=93e6190b-41b6-4f2c-abfa-7324859860a0, command=[]} | ret=SUCCESS |  
2019-09-20 08:53:08,515 | INFO  | SCMAudit | user=jenkins1000 | ip=192.168.36.79 | op=SEND_HEARTBEAT {datanodeUUID=f78c6f6f-b83c-4bef-83c8-4f247fc2f9cb, command=[]} | ret=SUCCESS |  
2019-09-20 08:53:08,520 [grpc-default-executor-0] INFO  impl.RaftServerProxy (RaftServerProxy.java:addNew(89)) - f78c6f6f-b83c-4bef-83c8-4f247fc2f9cb: addNew group-F0D241628170:[f78c6f6f-b83c-4bef-83c8-4f247fc2f9cb:192.168.36.79:33749] returns group-F0D241628170:java.util.concurrent.CompletableFuture@2a1063b3[Not completed]
2019-09-20 08:53:08,521 [pool-27-thread-1] INFO  impl.RaftServerImpl (RaftServerImpl.java:<init>(93)) - f78c6f6f-b83c-4bef-83c8-4f247fc2f9cb: new RaftServerImpl for group-F0D241628170:[f78c6f6f-b83c-4bef-83c8-4f247fc2f9cb:192.168.36.79:33749] with ContainerStateMachine:uninitialized
2019-09-20 08:53:08,521 [pool-27-thread-1] INFO  server.RaftServerConfigKeys (ConfUtils.java:logGet(43)) - raft.server.rpc.timeout.min = 5s (custom)
2019-09-20 08:53:08,521 [pool-27-thread-1] INFO  server.RaftServerConfigKeys (ConfUtils.java:logGet(43)) - raft.server.rpc.timeout.max = 5200ms (custom)
2019-09-20 08:53:08,522 [pool-27-thread-1] INFO  server.RaftServerConfigKeys (ConfUtils.java:logGet(43)) - raft.server.rpcslowness.timeout = 120s (custom)
2019-09-20 08:53:08,522 [pool-27-thread-1] INFO  server.RaftServerConfigKeys (ConfUtils.java:logGet(43)) - raft.server.sleep.deviation.threshold = 300 (default)
2019-09-20 08:53:08,522 [pool-27-thread-1] INFO  server.RaftServerConfigKeys (ConfUtils.java:logGet(43)) - raft.server.log.appender.install.snapshot.enabled = false (custom)
2019-09-20 08:53:08,522 [pool-27-thread-1] INFO  impl.RaftServerImpl (ServerState.java:<init>(105)) - f78c6f6f-b83c-4bef-83c8-4f247fc2f9cb:group-F0D241628170 ConfigurationManager, init=-1: [f78c6f6f-b83c-4bef-83c8-4f247fc2f9cb:192.168.36.79:33749], old=null, confs=<EMPTY_MAP>
2019-09-20 08:53:08,522 [pool-27-thread-1] INFO  server.RaftServerConfigKeys (ConfUtils.java:logGet(43)) - raft.server.storage.dir = [/workdir/hadoop-ozone/tools/target/test-dir/MiniOzoneClusterImpl-fdb7164d-332a-4161-9ef6-b429f59a210d/datanode-0/data/ratis] (custom)
2019-09-20 08:53:08,523 [pool-27-thread-1] INFO  storage.RaftStorageDirectory (RaftStorageDirectory.java:analyzeStorage(246)) - The storage directory /workdir/hadoop-ozone/tools/target/test-dir/MiniOzoneClusterImpl-fdb7164d-332a-4161-9ef6-b429f59a210d/datanode-0/data/ratis/0521397f-21de-4177-9dff-f0d241628170 does not exist. Creating ...
2019-09-20 08:53:08,546 [pool-27-thread-1] INFO  storage.RaftStorageDirectory (RaftStorageDirectory.java:tryLock(328)) - Lock on /workdir/hadoop-ozone/tools/target/test-dir/MiniOzoneClusterImpl-fdb7164d-332a-4161-9ef6-b429f59a210d/datanode-0/data/ratis/0521397f-21de-4177-9dff-f0d241628170/in_use.lock acquired by nodename 19168@pr-hdds-1569-s8kj2-2266485376
2019-09-20 08:53:08,572 [pool-27-thread-1] INFO  storage.RaftStorage (RaftStorage.java:format(72)) - Storage directory /workdir/hadoop-ozone/tools/target/test-dir/MiniOzoneClusterImpl-fdb7164d-332a-4161-9ef6-b429f59a210d/datanode-0/data/ratis/0521397f-21de-4177-9dff-f0d241628170 has been successfully formatted.
2019-09-20 08:53:08,572 [pool-27-thread-1] INFO  ratis.ContainerStateMachine (ContainerStateMachine.java:loadSnapshot(226)) - group-F0D241628170: The snapshot info is null. Setting the last applied indexto:(t:0, i:~)
2019-09-20 08:53:08,573 [pool-27-thread-1] INFO  server.RaftServerConfigKeys (ConfUtils.java:logGet(43)) - raft.server.leader.election.timeout = 120s (custom)
2019-09-20 08:53:08,573 [pool-27-thread-1] INFO  server.RaftServerConfigKeys (ConfUtils.java:logGet(43)) - raft.server.log.use.memory = false (default)
2019-09-20 08:53:08,573 [pool-27-thread-1] INFO  server.RaftServerConfigKeys (ConfUtils.java:logGet(43)) - raft.server.log.purge.gap = 1000000 (custom)
2019-09-20 08:53:08,573 [pool-27-thread-1] INFO  server.RaftServerConfigKeys (ConfUtils.java:logGet(43)) - raft.server.log.appender.buffer.byte-limit = 33554432 (custom)
2019-09-20 08:53:08,573 [pool-27-thread-1] INFO  server.RaftServerConfigKeys (ConfUtils.java:logGet(43)) - raft.server.log.segment.size.max = 1048576 (custom)
2019-09-20 08:53:08,573 [pool-27-thread-1] INFO  server.RaftServerConfigKeys (ConfUtils.java:logGet(43)) - raft.server.log.segment.cache.num.max = 2 (custom)
2019-09-20 08:53:08,573 [pool-27-thread-1] INFO  segmented.SegmentedRaftLogWorker (SegmentedRaftLogWorker.java:<init>(172)) - new f78c6f6f-b83c-4bef-83c8-4f247fc2f9cb-SegmentedRaftLogWorker:Storage Directory /workdir/hadoop-ozone/tools/target/test-dir/MiniOzoneClusterImpl-fdb7164d-332a-4161-9ef6-b429f59a210d/datanode-0/data/ratis/0521397f-21de-4177-9dff-f0d241628170 for RaftStorage:Storage Directory /workdir/hadoop-ozone/tools/target/test-dir/MiniOzoneClusterImpl-fdb7164d-332a-4161-9ef6-b429f59a210d/datanode-0/data/ratis/0521397f-21de-4177-9dff-f0d241628170
2019-09-20 08:53:08,573 [pool-27-thread-1] INFO  server.RaftServerConfigKeys (ConfUtils.java:logGet(43)) - raft.server.log.queue.byte-limit = 2147483647 (custom)
2019-09-20 08:53:08,574 [pool-27-thread-1] INFO  server.RaftServerConfigKeys (ConfUtils.java:logGet(43)) - raft.server.log.queue.element-limit = 1024 (custom)
2019-09-20 08:53:08,574 [pool-27-thread-1] INFO  server.RaftServerConfigKeys (ConfUtils.java:logGet(43)) - raft.server.log.segment.size.max = 1048576 (custom)
2019-09-20 08:53:08,574 [pool-27-thread-1] INFO  server.RaftServerConfigKeys (ConfUtils.java:logGet(43)) - raft.server.log.preallocated.size = 16384 (custom)
2019-09-20 08:53:08,574 [pool-27-thread-1] INFO  server.RaftServerConfigKeys (ConfUtils.java:logGet(43)) - raft.server.log.write.buffer.size = 33554432 (custom)
2019-09-20 08:53:08,574 [pool-27-thread-1] INFO  server.RaftServerConfigKeys (ConfUtils.java:logGet(43)) - raft.server.log.force.sync.num = 128 (default)
2019-09-20 08:53:08,574 [pool-27-thread-1] INFO  server.RaftServerConfigKeys (ConfUtils.java:logGet(43)) - raft.server.log.statemachine.data.sync = true (default)
2019-09-20 08:53:08,574 [pool-27-thread-1] INFO  server.RaftServerConfigKeys (ConfUtils.java:logGet(43)) - raft.server.log.statemachine.data.sync.timeout = 10s (default)
2019-09-20 08:53:08,574 [pool-27-thread-1] INFO  server.RaftServerConfigKeys (ConfUtils.java:logGet(43)) - raft.server.log.statemachine.data.sync.timeout.retry = -1 (default)
2019-09-20 08:53:08,575 [pool-27-thread-1] INFO  server.RaftServerConfigKeys (ConfUtils.java:logGet(43)) - raft.server.log.statemachine.data.caching.enabled = true (custom)
2019-09-20 08:53:08,575 [pool-27-thread-1] INFO  segmented.SegmentedRaftLogWorker (SegmentedRaftLogWorker.java:lambda$new$0(132)) - f78c6f6f-b83c-4bef-83c8-4f247fc2f9cb-SegmentedRaftLogWorker:Storage Directory /workdir/hadoop-ozone/tools/target/test-dir/MiniOzoneClusterImpl-fdb7164d-332a-4161-9ef6-b429f59a210d/datanode-0/data/ratis/0521397f-21de-4177-9dff-f0d241628170: flushIndex: setUnconditionally 0 -> -1
2019-09-20 08:53:08,575 [pool-27-thread-1] INFO  server.RaftServerConfigKeys (ConfUtils.java:logGet(43)) - raft.server.snapshot.auto.trigger.enabled = true (custom)
2019-09-20 08:53:08,575 [pool-27-thread-1] INFO  server.RaftServerConfigKeys (ConfUtils.java:logGet(43)) - raft.server.snapshot.auto.trigger.threshold = 10000 (custom)
2019-09-20 08:53:08,576 [pool-27-thread-1] INFO  server.RaftServerConfigKeys (ConfUtils.java:logGet(43)) - raft.server.retrycache.expirytime = 600000ms (custom)
2019-09-20 08:53:08,576 [pool-27-thread-1] INFO  impl.RaftServerImpl (RaftServerImpl.java:start(180)) - f78c6f6f-b83c-4bef-83c8-4f247fc2f9cb: start group-F0D241628170
2019-09-20 08:53:08,576 [pool-27-thread-1] INFO  impl.RaftServerImpl (RaftServerImpl.java:setRole(171)) - f78c6f6f-b83c-4bef-83c8-4f247fc2f9cb:group-F0D241628170 changes role from null to FOLLOWER at term 0 for startAsFollower
2019-09-20 08:53:08,576 [pool-27-thread-1] INFO  impl.RoleInfo (RoleInfo.java:updateAndGet(143)) - f78c6f6f-b83c-4bef-83c8-4f247fc2f9cb: start FollowerState
2019-09-20 08:53:08,577 [pool-27-thread-1] INFO  util.JmxRegister (JmxRegister.java:tryRegister(44)) - Successfully registered JMX Bean with object name Ratis:service=RaftServer,group=group-F0D241628170,id=f78c6f6f-b83c-4bef-83c8-4f247fc2f9cb
2019-09-20 08:53:08,582 [RatisPipelineUtilsThread] INFO  pipeline.PipelineStateManager (PipelineStateManager.java:addPipeline(56)) - Created pipeline Pipeline[ Id: 0521397f-21de-4177-9dff-f0d241628170, Nodes: f78c6f6f-b83c-4bef-83c8-4f247fc2f9cb{ip: 192.168.36.79, host: pr-hdds-1569-s8kj2-2266485376, networkLocation: /default-rack, certSerialId: null}, Type:RATIS, Factor:ONE, State:OPEN]
2019-09-20 08:53:08,583 [RatisPipelineUtilsThread] INFO  pipeline.PipelinePlacementPolicy (PipelinePlacementPolicy.java:meetCriteria(91)) - Pipeline Placement: Doesn't meet the criteria to be viable node： b44e7e57-9837-469e-aba7-9d7779212b32 Heaviness: 6 limit: 5
2019-09-20 08:53:08,583 [RatisPipelineUtilsThread] INFO  pipeline.PipelinePlacementPolicy (PipelinePlacementPolicy.java:meetCriteria(91)) - Pipeline Placement: Doesn't meet the criteria to be viable node： 036c7012-de9e-4e05-8743-9a12868644f9 Heaviness: 6 limit: 5
2019-09-20 08:53:08,584 [RatisPipelineUtilsThread] INFO  pipeline.PipelinePlacementPolicy (PipelinePlacementPolicy.java:meetCriteria(91)) - Pipeline Placement: Doesn't meet the criteria to be viable node： f924f469-4e73-41d9-9d19-420bd0dc75a2 Heaviness: 6 limit: 5
2019-09-20 08:53:08,594 [grpc-default-executor-0] INFO  impl.RaftServerProxy (RaftServerProxy.java:addNew(89)) - f78c6f6f-b83c-4bef-83c8-4f247fc2f9cb: addNew group-6762E4356154:[f78c6f6f-b83c-4bef-83c8-4f247fc2f9cb:192.168.36.79:33749] returns group-6762E4356154:java.util.concurrent.CompletableFuture@336f6186[Not completed]
2019-09-20 08:53:08,595 [pool-27-thread-1] INFO  impl.RaftServerImpl (RaftServerImpl.java:<init>(93)) - f78c6f6f-b83c-4bef-83c8-4f247fc2f9cb: new RaftServerImpl for group-6762E4356154:[f78c6f6f-b83c-4bef-83c8-4f247fc2f9cb:192.168.36.79:33749] with ContainerStateMachine:uninitialized
2019-09-20 08:53:08,595 [pool-27-thread-1] INFO  server.RaftServerConfigKeys (ConfUtils.java:logGet(43)) - raft.server.rpc.timeout.min = 5s (custom)
2019-09-20 08:53:08,595 [pool-27-thread-1] INFO  server.RaftServerConfigKeys (ConfUtils.java:logGet(43)) - raft.server.rpc.timeout.max = 5200ms (custom)
2019-09-20 08:53:08,595 [pool-27-thread-1] INFO  server.RaftServerConfigKeys (ConfUtils.java:logGet(43)) - raft.server.rpcslowness.timeout = 120s (custom)
2019-09-20 08:53:08,595 [pool-27-thread-1] INFO  server.RaftServerConfigKeys (ConfUtils.java:logGet(43)) - raft.server.sleep.deviation.threshold = 300 (default)
2019-09-20 08:53:08,595 [pool-27-thread-1] INFO  server.RaftServerConfigKeys (ConfUtils.java:logGet(43)) - raft.server.log.appender.install.snapshot.enabled = false (custom)
2019-09-20 08:53:08,595 [pool-27-thread-1] INFO  impl.RaftServerImpl (ServerState.java:<init>(105)) - f78c6f6f-b83c-4bef-83c8-4f247fc2f9cb:group-6762E4356154 ConfigurationManager, init=-1: [f78c6f6f-b83c-4bef-83c8-4f247fc2f9cb:192.168.36.79:33749], old=null, confs=<EMPTY_MAP>
2019-09-20 08:53:08,596 [pool-27-thread-1] INFO  server.RaftServerConfigKeys (ConfUtils.java:logGet(43)) - raft.server.storage.dir = [/workdir/hadoop-ozone/tools/target/test-dir/MiniOzoneClusterImpl-fdb7164d-332a-4161-9ef6-b429f59a210d/datanode-0/data/ratis] (custom)
2019-09-20 08:53:08,596 [pool-27-thread-1] INFO  storage.RaftStorageDirectory (RaftStorageDirectory.java:analyzeStorage(246)) - The storage directory /workdir/hadoop-ozone/tools/target/test-dir/MiniOzoneClusterImpl-fdb7164d-332a-4161-9ef6-b429f59a210d/datanode-0/data/ratis/8699a2e3-af6e-47b4-949b-6762e4356154 does not exist. Creating ...
2019-09-20 08:53:08,639 [pool-27-thread-1] INFO  storage.RaftStorageDirectory (RaftStorageDirectory.java:tryLock(328)) - Lock on /workdir/hadoop-ozone/tools/target/test-dir/MiniOzoneClusterImpl-fdb7164d-332a-4161-9ef6-b429f59a210d/datanode-0/data/ratis/8699a2e3-af6e-47b4-949b-6762e4356154/in_use.lock acquired by nodename 19168@pr-hdds-1569-s8kj2-2266485376
2019-09-20 08:53:08,673 [pool-27-thread-1] INFO  storage.RaftStorage (RaftStorage.java:format(72)) - Storage directory /workdir/hadoop-ozone/tools/target/test-dir/MiniOzoneClusterImpl-fdb7164d-332a-4161-9ef6-b429f59a210d/datanode-0/data/ratis/8699a2e3-af6e-47b4-949b-6762e4356154 has been successfully formatted.
2019-09-20 08:53:08,673 [pool-27-thread-1] INFO  ratis.ContainerStateMachine (ContainerStateMachine.java:loadSnapshot(226)) - group-6762E4356154: The snapshot info is null. Setting the last applied indexto:(t:0, i:~)
2019-09-20 08:53:08,673 [pool-27-thread-1] INFO  server.RaftServerConfigKeys (ConfUtils.java:logGet(43)) - raft.server.leader.election.timeout = 120s (custom)
2019-09-20 08:53:08,673 [pool-27-thread-1] INFO  server.RaftServerConfigKeys (ConfUtils.java:logGet(43)) - raft.server.log.use.memory = false (default)
2019-09-20 08:53:08,673 [pool-27-thread-1] INFO  server.RaftServerConfigKeys (ConfUtils.java:logGet(43)) - raft.server.log.purge.gap = 1000000 (custom)
2019-09-20 08:53:08,673 [pool-27-thread-1] INFO  server.RaftServerConfigKeys (ConfUtils.java:logGet(43)) - raft.server.log.appender.buffer.byte-limit = 33554432 (custom)
2019-09-20 08:53:08,674 [pool-27-thread-1] INFO  server.RaftServerConfigKeys (ConfUtils.java:logGet(43)) - raft.server.log.segment.size.max = 1048576 (custom)
2019-09-20 08:53:08,674 [pool-27-thread-1] INFO  server.RaftServerConfigKeys (ConfUtils.java:logGet(43)) - raft.server.log.segment.cache.num.max = 2 (custom)
2019-09-20 08:53:08,674 [pool-27-thread-1] INFO  segmented.SegmentedRaftLogWorker (SegmentedRaftLogWorker.java:<init>(172)) - new f78c6f6f-b83c-4bef-83c8-4f247fc2f9cb-SegmentedRaftLogWorker:Storage Directory /workdir/hadoop-ozone/tools/target/test-dir/MiniOzoneClusterImpl-fdb7164d-332a-4161-9ef6-b429f59a210d/datanode-0/data/ratis/8699a2e3-af6e-47b4-949b-6762e4356154 for RaftStorage:Storage Directory /workdir/hadoop-ozone/tools/target/test-dir/MiniOzoneClusterImpl-fdb7164d-332a-4161-9ef6-b429f59a210d/datanode-0/data/ratis/8699a2e3-af6e-47b4-949b-6762e4356154
2019-09-20 08:53:08,674 [pool-27-thread-1] INFO  server.RaftServerConfigKeys (ConfUtils.java:logGet(43)) - raft.server.log.queue.byte-limit = 2147483647 (custom)
2019-09-20 08:53:08,674 [pool-27-thread-1] INFO  server.RaftServerConfigKeys (ConfUtils.java:logGet(43)) - raft.server.log.queue.element-limit = 1024 (custom)
2019-09-20 08:53:08,674 [pool-27-thread-1] INFO  server.RaftServerConfigKeys (ConfUtils.java:logGet(43)) - raft.server.log.segment.size.max = 1048576 (custom)
2019-09-20 08:53:08,674 [pool-27-thread-1] INFO  server.RaftServerConfigKeys (ConfUtils.java:logGet(43)) - raft.server.log.preallocated.size = 16384 (custom)
2019-09-20 08:53:08,675 [pool-27-thread-1] INFO  server.RaftServerConfigKeys (ConfUtils.java:logGet(43)) - raft.server.log.write.buffer.size = 33554432 (custom)
2019-09-20 08:53:08,675 [pool-27-thread-1] INFO  server.RaftServerConfigKeys (ConfUtils.java:logGet(43)) - raft.server.log.force.sync.num = 128 (default)
2019-09-20 08:53:08,675 [pool-27-thread-1] INFO  server.RaftServerConfigKeys (ConfUtils.java:logGet(43)) - raft.server.log.statemachine.data.sync = true (default)
2019-09-20 08:53:08,675 [pool-27-thread-1] INFO  server.RaftServerConfigKeys (ConfUtils.java:logGet(43)) - raft.server.log.statemachine.data.sync.timeout = 10s (default)
2019-09-20 08:53:08,675 [pool-27-thread-1] INFO  server.RaftServerConfigKeys (ConfUtils.java:logGet(43)) - raft.server.log.statemachine.data.sync.timeout.retry = -1 (default)
2019-09-20 08:53:08,675 [pool-27-thread-1] INFO  server.RaftServerConfigKeys (ConfUtils.java:logGet(43)) - raft.server.log.statemachine.data.caching.enabled = true (custom)
2019-09-20 08:53:08,676 [pool-27-thread-1] INFO  segmented.SegmentedRaftLogWorker (SegmentedRaftLogWorker.java:lambda$new$0(132)) - f78c6f6f-b83c-4bef-83c8-4f247fc2f9cb-SegmentedRaftLogWorker:Storage Directory /workdir/hadoop-ozone/tools/target/test-dir/MiniOzoneClusterImpl-fdb7164d-332a-4161-9ef6-b429f59a210d/datanode-0/data/ratis/8699a2e3-af6e-47b4-949b-6762e4356154: flushIndex: setUnconditionally 0 -> -1
2019-09-20 08:53:08,676 [pool-27-thread-1] INFO  server.RaftServerConfigKeys (ConfUtils.java:logGet(43)) - raft.server.snapshot.auto.trigger.enabled = true (custom)
2019-09-20 08:53:08,676 [pool-27-thread-1] INFO  server.RaftServerConfigKeys (ConfUtils.java:logGet(43)) - raft.server.snapshot.auto.trigger.threshold = 10000 (custom)
2019-09-20 08:53:08,676 [pool-27-thread-1] INFO  server.RaftServerConfigKeys (ConfUtils.java:logGet(43)) - raft.server.retrycache.expirytime = 600000ms (custom)
2019-09-20 08:53:08,676 [pool-27-thread-1] INFO  impl.RaftServerImpl (RaftServerImpl.java:start(180)) - f78c6f6f-b83c-4bef-83c8-4f247fc2f9cb: start group-6762E4356154
2019-09-20 08:53:08,676 [pool-27-thread-1] INFO  impl.RaftServerImpl (RaftServerImpl.java:setRole(171)) - f78c6f6f-b83c-4bef-83c8-4f247fc2f9cb:group-6762E4356154 changes role from null to FOLLOWER at term 0 for startAsFollower
2019-09-20 08:53:08,677 [pool-27-thread-1] INFO  impl.RoleInfo (RoleInfo.java:updateAndGet(143)) - f78c6f6f-b83c-4bef-83c8-4f247fc2f9cb: start FollowerState
2019-09-20 08:53:08,677 [pool-27-thread-1] INFO  util.JmxRegister (JmxRegister.java:tryRegister(44)) - Successfully registered JMX Bean with object name Ratis:service=RaftServer,group=group-6762E4356154,id=f78c6f6f-b83c-4bef-83c8-4f247fc2f9cb
2019-09-20 08:53:08,682 [RatisPipelineUtilsThread] INFO  pipeline.PipelineStateManager (PipelineStateManager.java:addPipeline(56)) - Created pipeline Pipeline[ Id: 8699a2e3-af6e-47b4-949b-6762e4356154, Nodes: f78c6f6f-b83c-4bef-83c8-4f247fc2f9cb{ip: 192.168.36.79, host: pr-hdds-1569-s8kj2-2266485376, networkLocation: /default-rack, certSerialId: null}, Type:RATIS, Factor:ONE, State:OPEN]
2019-09-20 08:53:08,684 [RatisPipelineUtilsThread] INFO  pipeline.PipelinePlacementPolicy (PipelinePlacementPolicy.java:meetCriteria(91)) - Pipeline Placement: Doesn't meet the criteria to be viable node： b44e7e57-9837-469e-aba7-9d7779212b32 Heaviness: 6 limit: 5
2019-09-20 08:53:08,684 [RatisPipelineUtilsThread] INFO  pipeline.PipelinePlacementPolicy (PipelinePlacementPolicy.java:meetCriteria(91)) - Pipeline Placement: Doesn't meet the criteria to be viable node： f78c6f6f-b83c-4bef-83c8-4f247fc2f9cb Heaviness: 6 limit: 5
2019-09-20 08:53:08,684 [RatisPipelineUtilsThread] INFO  pipeline.PipelinePlacementPolicy (PipelinePlacementPolicy.java:meetCriteria(91)) - Pipeline Placement: Doesn't meet the criteria to be viable node： 036c7012-de9e-4e05-8743-9a12868644f9 Heaviness: 6 limit: 5
2019-09-20 08:53:08,684 [RatisPipelineUtilsThread] INFO  pipeline.PipelinePlacementPolicy (PipelinePlacementPolicy.java:meetCriteria(91)) - Pipeline Placement: Doesn't meet the criteria to be viable node： f924f469-4e73-41d9-9d19-420bd0dc75a2 Heaviness: 6 limit: 5
2019-09-20 08:53:08,694 [grpc-default-executor-0] INFO  impl.RaftServerProxy (RaftServerProxy.java:addNew(89)) - 93e6190b-41b6-4f2c-abfa-7324859860a0: addNew group-794915BC5043:[93e6190b-41b6-4f2c-abfa-7324859860a0:192.168.36.79:37080] returns group-794915BC5043:java.util.concurrent.CompletableFuture@1200d99e[Not completed]
2019-09-20 08:53:08,696 [pool-71-thread-1] INFO  impl.RaftServerImpl (RaftServerImpl.java:<init>(93)) - 93e6190b-41b6-4f2c-abfa-7324859860a0: new RaftServerImpl for group-794915BC5043:[93e6190b-41b6-4f2c-abfa-7324859860a0:192.168.36.79:37080] with ContainerStateMachine:uninitialized
2019-09-20 08:53:08,696 [pool-71-thread-1] INFO  server.RaftServerConfigKeys (ConfUtils.java:logGet(43)) - raft.server.rpc.timeout.min = 5s (custom)
2019-09-20 08:53:08,696 [pool-71-thread-1] INFO  server.RaftServerConfigKeys (ConfUtils.java:logGet(43)) - raft.server.rpc.timeout.max = 5200ms (custom)
2019-09-20 08:53:08,696 [pool-71-thread-1] INFO  server.RaftServerConfigKeys (ConfUtils.java:logGet(43)) - raft.server.rpcslowness.timeout = 120s (custom)
2019-09-20 08:53:08,697 [pool-71-thread-1] INFO  server.RaftServerConfigKeys (ConfUtils.java:logGet(43)) - raft.server.sleep.deviation.threshold = 300 (default)
2019-09-20 08:53:08,697 [pool-71-thread-1] INFO  server.RaftServerConfigKeys (ConfUtils.java:logGet(43)) - raft.server.log.appender.install.snapshot.enabled = false (custom)
2019-09-20 08:53:08,697 [pool-71-thread-1] INFO  impl.RaftServerImpl (ServerState.java:<init>(105)) - 93e6190b-41b6-4f2c-abfa-7324859860a0:group-794915BC5043 ConfigurationManager, init=-1: [93e6190b-41b6-4f2c-abfa-7324859860a0:192.168.36.79:37080], old=null, confs=<EMPTY_MAP>
2019-09-20 08:53:08,697 [pool-71-thread-1] INFO  server.RaftServerConfigKeys (ConfUtils.java:logGet(43)) - raft.server.storage.dir = [/workdir/hadoop-ozone/tools/target/test-dir/MiniOzoneClusterImpl-fdb7164d-332a-4161-9ef6-b429f59a210d/datanode-4/data/ratis] (custom)
2019-09-20 08:53:08,698 [pool-71-thread-1] INFO  storage.RaftStorageDirectory (RaftStorageDirectory.java:analyzeStorage(246)) - The storage directory /workdir/hadoop-ozone/tools/target/test-dir/MiniOzoneClusterImpl-fdb7164d-332a-4161-9ef6-b429f59a210d/datanode-4/data/ratis/23915fdc-d6d7-480e-8671-794915bc5043 does not exist. Creating ...
2019-09-20 08:53:08,731 [pool-71-thread-1] INFO  storage.RaftStorageDirectory (RaftStorageDirectory.java:tryLock(328)) - Lock on /workdir/hadoop-ozone/tools/target/test-dir/MiniOzoneClusterImpl-fdb7164d-332a-4161-9ef6-b429f59a210d/datanode-4/data/ratis/23915fdc-d6d7-480e-8671-794915bc5043/in_use.lock acquired by nodename 19168@pr-hdds-1569-s8kj2-2266485376
2019-09-20 08:53:08,758 [pool-71-thread-1] INFO  storage.RaftStorage (RaftStorage.java:format(72)) - Storage directory /workdir/hadoop-ozone/tools/target/test-dir/MiniOzoneClusterImpl-fdb7164d-332a-4161-9ef6-b429f59a210d/datanode-4/data/ratis/23915fdc-d6d7-480e-8671-794915bc5043 has been successfully formatted.
2019-09-20 08:53:08,759 [pool-71-thread-1] INFO  ratis.ContainerStateMachine (ContainerStateMachine.java:loadSnapshot(226)) - group-794915BC5043: The snapshot info is null. Setting the last applied indexto:(t:0, i:~)
2019-09-20 08:53:08,759 [pool-71-thread-1] INFO  server.RaftServerConfigKeys (ConfUtils.java:logGet(43)) - raft.server.leader.election.timeout = 120s (custom)
2019-09-20 08:53:08,759 | INFO  | SCMAudit | user=jenkins1000 | ip=192.168.36.79 | op=SEND_HEARTBEAT {datanodeUUID=036c7012-de9e-4e05-8743-9a12868644f9, command=[]} | ret=SUCCESS |  
2019-09-20 08:53:08,759 [pool-71-thread-1] INFO  server.RaftServerConfigKeys (ConfUtils.java:logGet(43)) - raft.server.log.use.memory = false (default)
2019-09-20 08:53:08,759 [pool-71-thread-1] INFO  server.RaftServerConfigKeys (ConfUtils.java:logGet(43)) - raft.server.log.purge.gap = 1000000 (custom)
2019-09-20 08:53:08,759 [pool-71-thread-1] INFO  server.RaftServerConfigKeys (ConfUtils.java:logGet(43)) - raft.server.log.appender.buffer.byte-limit = 33554432 (custom)
2019-09-20 08:53:08,760 [pool-71-thread-1] INFO  server.RaftServerConfigKeys (ConfUtils.java:logGet(43)) - raft.server.log.segment.size.max = 1048576 (custom)
2019-09-20 08:53:08,760 [pool-71-thread-1] INFO  server.RaftServerConfigKeys (ConfUtils.java:logGet(43)) - raft.server.log.segment.cache.num.max = 2 (custom)
2019-09-20 08:53:08,760 [pool-71-thread-1] INFO  segmented.SegmentedRaftLogWorker (SegmentedRaftLogWorker.java:<init>(172)) - new 93e6190b-41b6-4f2c-abfa-7324859860a0-SegmentedRaftLogWorker:Storage Directory /workdir/hadoop-ozone/tools/target/test-dir/MiniOzoneClusterImpl-fdb7164d-332a-4161-9ef6-b429f59a210d/datanode-4/data/ratis/23915fdc-d6d7-480e-8671-794915bc5043 for RaftStorage:Storage Directory /workdir/hadoop-ozone/tools/target/test-dir/MiniOzoneClusterImpl-fdb7164d-332a-4161-9ef6-b429f59a210d/datanode-4/data/ratis/23915fdc-d6d7-480e-8671-794915bc5043
2019-09-20 08:53:08,760 [pool-71-thread-1] INFO  server.RaftServerConfigKeys (ConfUtils.java:logGet(43)) - raft.server.log.queue.byte-limit = 2147483647 (custom)
2019-09-20 08:53:08,760 [pool-71-thread-1] INFO  server.RaftServerConfigKeys (ConfUtils.java:logGet(43)) - raft.server.log.queue.element-limit = 1024 (custom)
2019-09-20 08:53:08,761 [pool-71-thread-1] INFO  server.RaftServerConfigKeys (ConfUtils.java:logGet(43)) - raft.server.log.segment.size.max = 1048576 (custom)
2019-09-20 08:53:08,761 [pool-71-thread-1] INFO  server.RaftServerConfigKeys (ConfUtils.java:logGet(43)) - raft.server.log.preallocated.size = 16384 (custom)
2019-09-20 08:53:08,761 [pool-71-thread-1] INFO  server.RaftServerConfigKeys (ConfUtils.java:logGet(43)) - raft.server.log.write.buffer.size = 33554432 (custom)
2019-09-20 08:53:08,761 [pool-71-thread-1] INFO  server.RaftServerConfigKeys (ConfUtils.java:logGet(43)) - raft.server.log.force.sync.num = 128 (default)
2019-09-20 08:53:08,761 [pool-71-thread-1] INFO  server.RaftServerConfigKeys (ConfUtils.java:logGet(43)) - raft.server.log.statemachine.data.sync = true (default)
2019-09-20 08:53:08,762 [pool-71-thread-1] INFO  server.RaftServerConfigKeys (ConfUtils.java:logGet(43)) - raft.server.log.statemachine.data.sync.timeout = 10s (default)
2019-09-20 08:53:08,762 [pool-71-thread-1] INFO  server.RaftServerConfigKeys (ConfUtils.java:logGet(43)) - raft.server.log.statemachine.data.sync.timeout.retry = -1 (default)
2019-09-20 08:53:08,762 [pool-71-thread-1] INFO  server.RaftServerConfigKeys (ConfUtils.java:logGet(43)) - raft.server.log.statemachine.data.caching.enabled = true (custom)
2019-09-20 08:53:08,763 [pool-71-thread-1] INFO  segmented.SegmentedRaftLogWorker (SegmentedRaftLogWorker.java:lambda$new$0(132)) - 93e6190b-41b6-4f2c-abfa-7324859860a0-SegmentedRaftLogWorker:Storage Directory /workdir/hadoop-ozone/tools/target/test-dir/MiniOzoneClusterImpl-fdb7164d-332a-4161-9ef6-b429f59a210d/datanode-4/data/ratis/23915fdc-d6d7-480e-8671-794915bc5043: flushIndex: setUnconditionally 0 -> -1
2019-09-20 08:53:08,763 [pool-71-thread-1] INFO  server.RaftServerConfigKeys (ConfUtils.java:logGet(43)) - raft.server.snapshot.auto.trigger.enabled = true (custom)
2019-09-20 08:53:08,763 [pool-71-thread-1] INFO  server.RaftServerConfigKeys (ConfUtils.java:logGet(43)) - raft.server.snapshot.auto.trigger.threshold = 10000 (custom)
2019-09-20 08:53:08,763 [pool-71-thread-1] INFO  server.RaftServerConfigKeys (ConfUtils.java:logGet(43)) - raft.server.retrycache.expirytime = 600000ms (custom)
2019-09-20 08:53:08,764 [pool-71-thread-1] INFO  impl.RaftServerImpl (RaftServerImpl.java:start(180)) - 93e6190b-41b6-4f2c-abfa-7324859860a0: start group-794915BC5043
2019-09-20 08:53:08,764 [pool-71-thread-1] INFO  impl.RaftServerImpl (RaftServerImpl.java:setRole(171)) - 93e6190b-41b6-4f2c-abfa-7324859860a0:group-794915BC5043 changes role from null to FOLLOWER at term 0 for startAsFollower
2019-09-20 08:53:08,764 [pool-71-thread-1] INFO  impl.RoleInfo (RoleInfo.java:updateAndGet(143)) - 93e6190b-41b6-4f2c-abfa-7324859860a0: start FollowerState
2019-09-20 08:53:08,765 [pool-71-thread-1] INFO  util.JmxRegister (JmxRegister.java:tryRegister(44)) - Successfully registered JMX Bean with object name Ratis:service=RaftServer,group=group-794915BC5043,id=93e6190b-41b6-4f2c-abfa-7324859860a0
2019-09-20 08:53:08,770 [RatisPipelineUtilsThread] INFO  pipeline.PipelineStateManager (PipelineStateManager.java:addPipeline(56)) - Created pipeline Pipeline[ Id: 23915fdc-d6d7-480e-8671-794915bc5043, Nodes: 93e6190b-41b6-4f2c-abfa-7324859860a0{ip: 192.168.36.79, host: pr-hdds-1569-s8kj2-2266485376, networkLocation: /default-rack, certSerialId: null}, Type:RATIS, Factor:ONE, State:OPEN]
2019-09-20 08:53:08,771 [RatisPipelineUtilsThread] INFO  pipeline.PipelinePlacementPolicy (PipelinePlacementPolicy.java:meetCriteria(91)) - Pipeline Placement: Doesn't meet the criteria to be viable node： b44e7e57-9837-469e-aba7-9d7779212b32 Heaviness: 6 limit: 5
2019-09-20 08:53:08,771 [RatisPipelineUtilsThread] INFO  pipeline.PipelinePlacementPolicy (PipelinePlacementPolicy.java:meetCriteria(91)) - Pipeline Placement: Doesn't meet the criteria to be viable node： f78c6f6f-b83c-4bef-83c8-4f247fc2f9cb Heaviness: 6 limit: 5
2019-09-20 08:53:08,772 [RatisPipelineUtilsThread] INFO  pipeline.PipelinePlacementPolicy (PipelinePlacementPolicy.java:meetCriteria(91)) - Pipeline Placement: Doesn't meet the criteria to be viable node： 036c7012-de9e-4e05-8743-9a12868644f9 Heaviness: 6 limit: 5
2019-09-20 08:53:08,772 [RatisPipelineUtilsThread] INFO  pipeline.PipelinePlacementPolicy (PipelinePlacementPolicy.java:meetCriteria(91)) - Pipeline Placement: Doesn't meet the criteria to be viable node： f924f469-4e73-41d9-9d19-420bd0dc75a2 Heaviness: 6 limit: 5
2019-09-20 08:53:08,781 [grpc-default-executor-0] INFO  impl.RaftServerProxy (RaftServerProxy.java:addNew(89)) - 93e6190b-41b6-4f2c-abfa-7324859860a0: addNew group-0915C6C7D51B:[93e6190b-41b6-4f2c-abfa-7324859860a0:192.168.36.79:37080] returns group-0915C6C7D51B:java.util.concurrent.CompletableFuture@4373ff11[Not completed]
2019-09-20 08:53:08,784 [pool-71-thread-1] INFO  impl.RaftServerImpl (RaftServerImpl.java:<init>(93)) - 93e6190b-41b6-4f2c-abfa-7324859860a0: new RaftServerImpl for group-0915C6C7D51B:[93e6190b-41b6-4f2c-abfa-7324859860a0:192.168.36.79:37080] with ContainerStateMachine:uninitialized
2019-09-20 08:53:08,784 [pool-71-thread-1] INFO  server.RaftServerConfigKeys (ConfUtils.java:logGet(43)) - raft.server.rpc.timeout.min = 5s (custom)
2019-09-20 08:53:08,784 [pool-71-thread-1] INFO  server.RaftServerConfigKeys (ConfUtils.java:logGet(43)) - raft.server.rpc.timeout.max = 5200ms (custom)
2019-09-20 08:53:08,784 [pool-71-thread-1] INFO  server.RaftServerConfigKeys (ConfUtils.java:logGet(43)) - raft.server.rpcslowness.timeout = 120s (custom)
2019-09-20 08:53:08,785 [pool-71-thread-1] INFO  server.RaftServerConfigKeys (ConfUtils.java:logGet(43)) - raft.server.sleep.deviation.threshold = 300 (default)
2019-09-20 08:53:08,785 [pool-71-thread-1] INFO  server.RaftServerConfigKeys (ConfUtils.java:logGet(43)) - raft.server.log.appender.install.snapshot.enabled = false (custom)
2019-09-20 08:53:08,785 [pool-71-thread-1] INFO  impl.RaftServerImpl (ServerState.java:<init>(105)) - 93e6190b-41b6-4f2c-abfa-7324859860a0:group-0915C6C7D51B ConfigurationManager, init=-1: [93e6190b-41b6-4f2c-abfa-7324859860a0:192.168.36.79:37080], old=null, confs=<EMPTY_MAP>
2019-09-20 08:53:08,785 [pool-71-thread-1] INFO  server.RaftServerConfigKeys (ConfUtils.java:logGet(43)) - raft.server.storage.dir = [/workdir/hadoop-ozone/tools/target/test-dir/MiniOzoneClusterImpl-fdb7164d-332a-4161-9ef6-b429f59a210d/datanode-4/data/ratis] (custom)
2019-09-20 08:53:08,786 [pool-71-thread-1] INFO  storage.RaftStorageDirectory (RaftStorageDirectory.java:analyzeStorage(246)) - The storage directory /workdir/hadoop-ozone/tools/target/test-dir/MiniOzoneClusterImpl-fdb7164d-332a-4161-9ef6-b429f59a210d/datanode-4/data/ratis/88456ae3-b397-463e-8f95-0915c6c7d51b does not exist. Creating ...
2019-09-20 08:53:08,815 [pool-71-thread-1] INFO  storage.RaftStorageDirectory (RaftStorageDirectory.java:tryLock(328)) - Lock on /workdir/hadoop-ozone/tools/target/test-dir/MiniOzoneClusterImpl-fdb7164d-332a-4161-9ef6-b429f59a210d/datanode-4/data/ratis/88456ae3-b397-463e-8f95-0915c6c7d51b/in_use.lock acquired by nodename 19168@pr-hdds-1569-s8kj2-2266485376
2019-09-20 08:53:08,849 [pool-71-thread-1] INFO  storage.RaftStorage (RaftStorage.java:format(72)) - Storage directory /workdir/hadoop-ozone/tools/target/test-dir/MiniOzoneClusterImpl-fdb7164d-332a-4161-9ef6-b429f59a210d/datanode-4/data/ratis/88456ae3-b397-463e-8f95-0915c6c7d51b has been successfully formatted.
2019-09-20 08:53:08,850 [pool-71-thread-1] INFO  ratis.ContainerStateMachine (ContainerStateMachine.java:loadSnapshot(226)) - group-0915C6C7D51B: The snapshot info is null. Setting the last applied indexto:(t:0, i:~)
2019-09-20 08:53:08,850 [pool-71-thread-1] INFO  server.RaftServerConfigKeys (ConfUtils.java:logGet(43)) - raft.server.leader.election.timeout = 120s (custom)
2019-09-20 08:53:08,850 [pool-71-thread-1] INFO  server.RaftServerConfigKeys (ConfUtils.java:logGet(43)) - raft.server.log.use.memory = false (default)
2019-09-20 08:53:08,850 [pool-71-thread-1] INFO  server.RaftServerConfigKeys (ConfUtils.java:logGet(43)) - raft.server.log.purge.gap = 1000000 (custom)
2019-09-20 08:53:08,850 [pool-71-thread-1] INFO  server.RaftServerConfigKeys (ConfUtils.java:logGet(43)) - raft.server.log.appender.buffer.byte-limit = 33554432 (custom)
2019-09-20 08:53:08,851 [pool-71-thread-1] INFO  server.RaftServerConfigKeys (ConfUtils.java:logGet(43)) - raft.server.log.segment.size.max = 1048576 (custom)
2019-09-20 08:53:08,851 [pool-71-thread-1] INFO  server.RaftServerConfigKeys (ConfUtils.java:logGet(43)) - raft.server.log.segment.cache.num.max = 2 (custom)
2019-09-20 08:53:08,851 [pool-71-thread-1] INFO  segmented.SegmentedRaftLogWorker (SegmentedRaftLogWorker.java:<init>(172)) - new 93e6190b-41b6-4f2c-abfa-7324859860a0-SegmentedRaftLogWorker:Storage Directory /workdir/hadoop-ozone/tools/target/test-dir/MiniOzoneClusterImpl-fdb7164d-332a-4161-9ef6-b429f59a210d/datanode-4/data/ratis/88456ae3-b397-463e-8f95-0915c6c7d51b for RaftStorage:Storage Directory /workdir/hadoop-ozone/tools/target/test-dir/MiniOzoneClusterImpl-fdb7164d-332a-4161-9ef6-b429f59a210d/datanode-4/data/ratis/88456ae3-b397-463e-8f95-0915c6c7d51b
2019-09-20 08:53:08,851 [pool-71-thread-1] INFO  server.RaftServerConfigKeys (ConfUtils.java:logGet(43)) - raft.server.log.queue.byte-limit = 2147483647 (custom)
2019-09-20 08:53:08,852 [pool-71-thread-1] INFO  server.RaftServerConfigKeys (ConfUtils.java:logGet(43)) - raft.server.log.queue.element-limit = 1024 (custom)
2019-09-20 08:53:08,852 [pool-71-thread-1] INFO  server.RaftServerConfigKeys (ConfUtils.java:logGet(43)) - raft.server.log.segment.size.max = 1048576 (custom)
2019-09-20 08:53:08,852 [pool-71-thread-1] INFO  server.RaftServerConfigKeys (ConfUtils.java:logGet(43)) - raft.server.log.preallocated.size = 16384 (custom)
2019-09-20 08:53:08,852 [pool-71-thread-1] INFO  server.RaftServerConfigKeys (ConfUtils.java:logGet(43)) - raft.server.log.write.buffer.size = 33554432 (custom)
2019-09-20 08:53:08,852 [pool-71-thread-1] INFO  server.RaftServerConfigKeys (ConfUtils.java:logGet(43)) - raft.server.log.force.sync.num = 128 (default)
2019-09-20 08:53:08,853 [pool-71-thread-1] INFO  server.RaftServerConfigKeys (ConfUtils.java:logGet(43)) - raft.server.log.statemachine.data.sync = true (default)
2019-09-20 08:53:08,853 [pool-71-thread-1] INFO  server.RaftServerConfigKeys (ConfUtils.java:logGet(43)) - raft.server.log.statemachine.data.sync.timeout = 10s (default)
2019-09-20 08:53:08,853 [pool-71-thread-1] INFO  server.RaftServerConfigKeys (ConfUtils.java:logGet(43)) - raft.server.log.statemachine.data.sync.timeout.retry = -1 (default)
2019-09-20 08:53:08,853 [pool-71-thread-1] INFO  server.RaftServerConfigKeys (ConfUtils.java:logGet(43)) - raft.server.log.statemachine.data.caching.enabled = true (custom)
2019-09-20 08:53:08,854 [pool-71-thread-1] INFO  segmented.SegmentedRaftLogWorker (SegmentedRaftLogWorker.java:lambda$new$0(132)) - 93e6190b-41b6-4f2c-abfa-7324859860a0-SegmentedRaftLogWorker:Storage Directory /workdir/hadoop-ozone/tools/target/test-dir/MiniOzoneClusterImpl-fdb7164d-332a-4161-9ef6-b429f59a210d/datanode-4/data/ratis/88456ae3-b397-463e-8f95-0915c6c7d51b: flushIndex: setUnconditionally 0 -> -1
2019-09-20 08:53:08,854 [pool-71-thread-1] INFO  server.RaftServerConfigKeys (ConfUtils.java:logGet(43)) - raft.server.snapshot.auto.trigger.enabled = true (custom)
2019-09-20 08:53:08,854 [pool-71-thread-1] INFO  server.RaftServerConfigKeys (ConfUtils.java:logGet(43)) - raft.server.snapshot.auto.trigger.threshold = 10000 (custom)
2019-09-20 08:53:08,855 [pool-71-thread-1] INFO  server.RaftServerConfigKeys (ConfUtils.java:logGet(43)) - raft.server.retrycache.expirytime = 600000ms (custom)
2019-09-20 08:53:08,855 [pool-71-thread-1] INFO  impl.RaftServerImpl (RaftServerImpl.java:start(180)) - 93e6190b-41b6-4f2c-abfa-7324859860a0: start group-0915C6C7D51B
2019-09-20 08:53:08,855 [pool-71-thread-1] INFO  impl.RaftServerImpl (RaftServerImpl.java:setRole(171)) - 93e6190b-41b6-4f2c-abfa-7324859860a0:group-0915C6C7D51B changes role from null to FOLLOWER at term 0 for startAsFollower
2019-09-20 08:53:08,855 [pool-71-thread-1] INFO  impl.RoleInfo (RoleInfo.java:updateAndGet(143)) - 93e6190b-41b6-4f2c-abfa-7324859860a0: start FollowerState
2019-09-20 08:53:08,856 [pool-71-thread-1] INFO  util.JmxRegister (JmxRegister.java:tryRegister(44)) - Successfully registered JMX Bean with object name Ratis:service=RaftServer,group=group-0915C6C7D51B,id=93e6190b-41b6-4f2c-abfa-7324859860a0
2019-09-20 08:53:08,862 [RatisPipelineUtilsThread] INFO  pipeline.PipelineStateManager (PipelineStateManager.java:addPipeline(56)) - Created pipeline Pipeline[ Id: 88456ae3-b397-463e-8f95-0915c6c7d51b, Nodes: 93e6190b-41b6-4f2c-abfa-7324859860a0{ip: 192.168.36.79, host: pr-hdds-1569-s8kj2-2266485376, networkLocation: /default-rack, certSerialId: null}, Type:RATIS, Factor:ONE, State:OPEN]
2019-09-20 08:53:08,864 [RatisPipelineUtilsThread] INFO  pipeline.PipelinePlacementPolicy (PipelinePlacementPolicy.java:meetCriteria(91)) - Pipeline Placement: Doesn't meet the criteria to be viable node： 93e6190b-41b6-4f2c-abfa-7324859860a0 Heaviness: 6 limit: 5
2019-09-20 08:53:08,864 [RatisPipelineUtilsThread] INFO  pipeline.PipelinePlacementPolicy (PipelinePlacementPolicy.java:meetCriteria(91)) - Pipeline Placement: Doesn't meet the criteria to be viable node： b44e7e57-9837-469e-aba7-9d7779212b32 Heaviness: 6 limit: 5
2019-09-20 08:53:08,864 [RatisPipelineUtilsThread] INFO  pipeline.PipelinePlacementPolicy (PipelinePlacementPolicy.java:meetCriteria(91)) - Pipeline Placement: Doesn't meet the criteria to be viable node： f78c6f6f-b83c-4bef-83c8-4f247fc2f9cb Heaviness: 6 limit: 5
2019-09-20 08:53:08,864 [RatisPipelineUtilsThread] INFO  pipeline.PipelinePlacementPolicy (PipelinePlacementPolicy.java:meetCriteria(91)) - Pipeline Placement: Doesn't meet the criteria to be viable node： 036c7012-de9e-4e05-8743-9a12868644f9 Heaviness: 6 limit: 5
2019-09-20 08:53:08,865 [RatisPipelineUtilsThread] INFO  pipeline.PipelinePlacementPolicy (PipelinePlacementPolicy.java:meetCriteria(91)) - Pipeline Placement: Doesn't meet the criteria to be viable node： f924f469-4e73-41d9-9d19-420bd0dc75a2 Heaviness: 6 limit: 5
2019-09-20 08:53:08,865 [RatisPipelineUtilsThread] ERROR pipeline.PipelinePlacementPolicy (PipelinePlacementPolicy.java:filterViableNodes(148)) - Unable to find enough nodes that meet the criteria that cannot engage in more than 5 pipelines. Nodes required: 1 Found: 0, healthy nodes count inNodeManager: 5.
2019-09-20 08:53:08,867 [RatisPipelineUtilsThread] ERROR pipeline.SCMPipelineManager (SCMPipelineManager.java:createPipeline(161)) - Pipeline creation failed due to exception: Unable to find enough nodes that meet the criteria that cannot engage in more than 5 pipelines. Nodes required: 1 Found: 0, healthy nodes count inNodeManager: 5.
2019-09-20 08:53:08,867 [RatisPipelineUtilsThread] INFO  pipeline.PipelinePlacementPolicy (PipelinePlacementPolicy.java:meetCriteria(91)) - Pipeline Placement: Doesn't meet the criteria to be viable node： 93e6190b-41b6-4f2c-abfa-7324859860a0 Heaviness: 6 limit: 5
2019-09-20 08:53:08,868 [RatisPipelineUtilsThread] INFO  pipeline.PipelinePlacementPolicy (PipelinePlacementPolicy.java:meetCriteria(91)) - Pipeline Placement: Doesn't meet the criteria to be viable node： b44e7e57-9837-469e-aba7-9d7779212b32 Heaviness: 6 limit: 5
2019-09-20 08:53:08,868 [RatisPipelineUtilsThread] INFO  pipeline.PipelinePlacementPolicy (PipelinePlacementPolicy.java:meetCriteria(91)) - Pipeline Placement: Doesn't meet the criteria to be viable node： f78c6f6f-b83c-4bef-83c8-4f247fc2f9cb Heaviness: 6 limit: 5
2019-09-20 08:53:08,868 [RatisPipelineUtilsThread] INFO  pipeline.PipelinePlacementPolicy (PipelinePlacementPolicy.java:meetCriteria(91)) - Pipeline Placement: Doesn't meet the criteria to be viable node： 036c7012-de9e-4e05-8743-9a12868644f9 Heaviness: 6 limit: 5
2019-09-20 08:53:08,869 [RatisPipelineUtilsThread] INFO  pipeline.PipelinePlacementPolicy (PipelinePlacementPolicy.java:meetCriteria(91)) - Pipeline Placement: Doesn't meet the criteria to be viable node： f924f469-4e73-41d9-9d19-420bd0dc75a2 Heaviness: 6 limit: 5
2019-09-20 08:53:08,869 [RatisPipelineUtilsThread] ERROR pipeline.PipelinePlacementPolicy (PipelinePlacementPolicy.java:filterViableNodes(148)) - Unable to find enough nodes that meet the criteria that cannot engage in more than 5 pipelines. Nodes required: 3 Found: 0, healthy nodes count inNodeManager: 5.
2019-09-20 08:53:08,869 [RatisPipelineUtilsThread] ERROR pipeline.SCMPipelineManager (SCMPipelineManager.java:createPipeline(161)) - Pipeline creation failed due to exception: Unable to find enough nodes that meet the criteria that cannot engage in more than 5 pipelines. Nodes required: 3 Found: 0, healthy nodes count inNodeManager: 5.
2019-09-20 08:53:08,872 [RatisPipelineUtilsThread] INFO  pipeline.PipelinePlacementPolicy (PipelinePlacementPolicy.java:meetCriteria(91)) - Pipeline Placement: Doesn't meet the criteria to be viable node： 93e6190b-41b6-4f2c-abfa-7324859860a0 Heaviness: 6 limit: 5
2019-09-20 08:53:08,872 [RatisPipelineUtilsThread] INFO  pipeline.PipelinePlacementPolicy (PipelinePlacementPolicy.java:meetCriteria(91)) - Pipeline Placement: Doesn't meet the criteria to be viable node： b44e7e57-9837-469e-aba7-9d7779212b32 Heaviness: 6 limit: 5
2019-09-20 08:53:08,872 [RatisPipelineUtilsThread] INFO  pipeline.PipelinePlacementPolicy (PipelinePlacementPolicy.java:meetCriteria(91)) - Pipeline Placement: Doesn't meet the criteria to be viable node： f78c6f6f-b83c-4bef-83c8-4f247fc2f9cb Heaviness: 6 limit: 5
2019-09-20 08:53:08,872 [RatisPipelineUtilsThread] INFO  pipeline.PipelinePlacementPolicy (PipelinePlacementPolicy.java:meetCriteria(91)) - Pipeline Placement: Doesn't meet the criteria to be viable node： 036c7012-de9e-4e05-8743-9a12868644f9 Heaviness: 6 limit: 5
2019-09-20 08:53:08,873 [RatisPipelineUtilsThread] INFO  pipeline.PipelinePlacementPolicy (PipelinePlacementPolicy.java:meetCriteria(91)) - Pipeline Placement: Doesn't meet the criteria to be viable node： f924f469-4e73-41d9-9d19-420bd0dc75a2 Heaviness: 6 limit: 5
2019-09-20 08:53:08,873 [RatisPipelineUtilsThread] ERROR pipeline.PipelinePlacementPolicy (PipelinePlacementPolicy.java:filterViableNodes(148)) - Unable to find enough nodes that meet the criteria that cannot engage in more than 5 pipelines. Nodes required: 1 Found: 0, healthy nodes count inNodeManager: 5.
2019-09-20 08:53:08,873 [RatisPipelineUtilsThread] ERROR pipeline.SCMPipelineManager (SCMPipelineManager.java:createPipeline(161)) - Pipeline creation failed due to exception: Unable to find enough nodes that meet the criteria that cannot engage in more than 5 pipelines. Nodes required: 1 Found: 0, healthy nodes count inNodeManager: 5.
2019-09-20 08:53:08,873 [RatisPipelineUtilsThread] INFO  pipeline.PipelinePlacementPolicy (PipelinePlacementPolicy.java:meetCriteria(91)) - Pipeline Placement: Doesn't meet the criteria to be viable node： 93e6190b-41b6-4f2c-abfa-7324859860a0 Heaviness: 6 limit: 5
2019-09-20 08:53:08,874 [RatisPipelineUtilsThread] INFO  pipeline.PipelinePlacementPolicy (PipelinePlacementPolicy.java:meetCriteria(91)) - Pipeline Placement: Doesn't meet the criteria to be viable node： b44e7e57-9837-469e-aba7-9d7779212b32 Heaviness: 6 limit: 5
2019-09-20 08:53:08,874 [RatisPipelineUtilsThread] INFO  pipeline.PipelinePlacementPolicy (PipelinePlacementPolicy.java:meetCriteria(91)) - Pipeline Placement: Doesn't meet the criteria to be viable node： f78c6f6f-b83c-4bef-83c8-4f247fc2f9cb Heaviness: 6 limit: 5
2019-09-20 08:53:08,874 [RatisPipelineUtilsThread] INFO  pipeline.PipelinePlacementPolicy (PipelinePlacementPolicy.java:meetCriteria(91)) - Pipeline Placement: Doesn't meet the criteria to be viable node： 036c7012-de9e-4e05-8743-9a12868644f9 Heaviness: 6 limit: 5
2019-09-20 08:53:08,874 [RatisPipelineUtilsThread] INFO  pipeline.PipelinePlacementPolicy (PipelinePlacementPolicy.java:meetCriteria(91)) - Pipeline Placement: Doesn't meet the criteria to be viable node： f924f469-4e73-41d9-9d19-420bd0dc75a2 Heaviness: 6 limit: 5
2019-09-20 08:53:08,875 [RatisPipelineUtilsThread] ERROR pipeline.PipelinePlacementPolicy (PipelinePlacementPolicy.java:filterViableNodes(148)) - Unable to find enough nodes that meet the criteria that cannot engage in more than 5 pipelines. Nodes required: 3 Found: 0, healthy nodes count inNodeManager: 5.
2019-09-20 08:53:08,875 [RatisPipelineUtilsThread] ERROR pipeline.SCMPipelineManager (SCMPipelineManager.java:createPipeline(161)) - Pipeline creation failed due to exception: Unable to find enough nodes that meet the criteria that cannot engage in more than 5 pipelines. Nodes required: 3 Found: 0, healthy nodes count inNodeManager: 5.
2019-09-20 08:53:08,875 [IPC Server handler 18 on 38744] INFO  pipeline.PipelinePlacementPolicy (PipelinePlacementPolicy.java:meetCriteria(91)) - Pipeline Placement: Doesn't meet the criteria to be viable node： 93e6190b-41b6-4f2c-abfa-7324859860a0 Heaviness: 6 limit: 5
2019-09-20 08:53:08,876 [IPC Server handler 18 on 38744] INFO  pipeline.PipelinePlacementPolicy (PipelinePlacementPolicy.java:meetCriteria(91)) - Pipeline Placement: Doesn't meet the criteria to be viable node： b44e7e57-9837-469e-aba7-9d7779212b32 Heaviness: 6 limit: 5
2019-09-20 08:53:08,876 [IPC Server handler 18 on 38744] INFO  pipeline.PipelinePlacementPolicy (PipelinePlacementPolicy.java:meetCriteria(91)) - Pipeline Placement: Doesn't meet the criteria to be viable node： f78c6f6f-b83c-4bef-83c8-4f247fc2f9cb Heaviness: 6 limit: 5
2019-09-20 08:53:08,876 [IPC Server handler 18 on 38744] INFO  pipeline.PipelinePlacementPolicy (PipelinePlacementPolicy.java:meetCriteria(91)) - Pipeline Placement: Doesn't meet the criteria to be viable node： 036c7012-de9e-4e05-8743-9a12868644f9 Heaviness: 6 limit: 5
2019-09-20 08:53:08,877 [IPC Server handler 18 on 38744] INFO  pipeline.PipelinePlacementPolicy (PipelinePlacementPolicy.java:meetCriteria(91)) - Pipeline Placement: Doesn't meet the criteria to be viable node： f924f469-4e73-41d9-9d19-420bd0dc75a2 Heaviness: 6 limit: 5
2019-09-20 08:53:08,877 [IPC Server handler 18 on 38744] ERROR pipeline.PipelinePlacementPolicy (PipelinePlacementPolicy.java:filterViableNodes(148)) - Unable to find enough nodes that meet the criteria that cannot engage in more than 5 pipelines. Nodes required: 3 Found: 0, healthy nodes count inNodeManager: 5.
2019-09-20 08:53:08,877 [IPC Server handler 18 on 38744] ERROR pipeline.SCMPipelineManager (SCMPipelineManager.java:createPipeline(161)) - Pipeline creation failed due to exception: Unable to find enough nodes that meet the criteria that cannot engage in more than 5 pipelines. Nodes required: 3 Found: 0, healthy nodes count inNodeManager: 5.
2019-09-20 08:53:08,879 [IPC Server handler 18 on 38744] WARN  block.BlockManagerImpl (BlockManagerImpl.java:allocateBlock(192)) - Pipeline creation failed for type:RATIS factor:THREE. Retrying get pipelines call once.
org.apache.hadoop.hdds.scm.exceptions.SCMException: Unable to find enough nodes that meet the criteria that cannot engage in more than 5 pipelines. Nodes required: 3 Found: 0, healthy nodes count inNodeManager: 5.
	at org.apache.hadoop.hdds.scm.pipeline.PipelinePlacementPolicy.filterViableNodes(PipelinePlacementPolicy.java:149)
	at org.apache.hadoop.hdds.scm.pipeline.PipelinePlacementPolicy.chooseDatanodes(PipelinePlacementPolicy.java:172)
	at org.apache.hadoop.hdds.scm.pipeline.RatisPipelineProvider.create(RatisPipelineProvider.java:92)
	at org.apache.hadoop.hdds.scm.pipeline.PipelineFactory.create(PipelineFactory.java:57)
	at org.apache.hadoop.hdds.scm.pipeline.SCMPipelineManager.createPipeline(SCMPipelineManager.java:149)
	at org.apache.hadoop.hdds.scm.block.BlockManagerImpl.allocateBlock(BlockManagerImpl.java:190)
	at org.apache.hadoop.hdds.scm.server.SCMBlockProtocolServer.allocateBlock(SCMBlockProtocolServer.java:175)
	at org.apache.hadoop.ozone.protocolPB.ScmBlockLocationProtocolServerSideTranslatorPB.allocateScmBlock(ScmBlockLocationProtocolServerSideTranslatorPB.java:153)
	at org.apache.hadoop.ozone.protocolPB.ScmBlockLocationProtocolServerSideTranslatorPB.send(ScmBlockLocationProtocolServerSideTranslatorPB.java:112)
	at org.apache.hadoop.hdds.protocol.proto.ScmBlockLocationProtocolProtos$ScmBlockLocationProtocolService$2.callBlockingMethod(ScmBlockLocationProtocolProtos.java:13157)
	at org.apache.hadoop.ipc.ProtobufRpcEngine$Server$ProtoBufRpcInvoker.call(ProtobufRpcEngine.java:524)
	at org.apache.hadoop.ipc.RPC$Server.call(RPC.java:1025)
	at org.apache.hadoop.ipc.Server$RpcCall.run(Server.java:876)
	at org.apache.hadoop.ipc.Server$RpcCall.run(Server.java:822)
	at java.security.AccessController.doPrivileged(Native Method)
	at javax.security.auth.Subject.doAs(Subject.java:422)
	at org.apache.hadoop.security.UserGroupInformation.doAs(UserGroupInformation.java:1730)
	at org.apache.hadoop.ipc.Server$Handler.run(Server.java:2682)
2019-09-20 08:53:08,882 [IPC Server handler 18 on 38744] INFO  block.BlockManagerImpl (BlockManagerImpl.java:allocateBlock(198)) - Could not find available pipeline of type:RATIS and factor:THREE even after retrying
2019-09-20 08:53:08,882 [IPC Server handler 18 on 38744] ERROR block.BlockManagerImpl (BlockManagerImpl.java:allocateBlock(222)) - Unable to allocate a block for the size: 4194304, type: RATIS, factor: THREE
2019-09-20 08:53:08,882 [IPC Server handler 18 on 38744] INFO  pipeline.PipelinePlacementPolicy (PipelinePlacementPolicy.java:meetCriteria(91)) - Pipeline Placement: Doesn't meet the criteria to be viable node： 93e6190b-41b6-4f2c-abfa-7324859860a0 Heaviness: 6 limit: 5
2019-09-20 08:53:08,882 [IPC Server handler 18 on 38744] INFO  pipeline.PipelinePlacementPolicy (PipelinePlacementPolicy.java:meetCriteria(91)) - Pipeline Placement: Doesn't meet the criteria to be viable node： b44e7e57-9837-469e-aba7-9d7779212b32 Heaviness: 6 limit: 5
2019-09-20 08:53:08,883 [IPC Server handler 18 on 38744] INFO  pipeline.PipelinePlacementPolicy (PipelinePlacementPolicy.java:meetCriteria(91)) - Pipeline Placement: Doesn't meet the criteria to be viable node： f78c6f6f-b83c-4bef-83c8-4f247fc2f9cb Heaviness: 6 limit: 5
2019-09-20 08:53:08,883 [IPC Server handler 18 on 38744] INFO  pipeline.PipelinePlacementPolicy (PipelinePlacementPolicy.java:meetCriteria(91)) - Pipeline Placement: Doesn't meet the criteria to be viable node： 036c7012-de9e-4e05-8743-9a12868644f9 Heaviness: 6 limit: 5
2019-09-20 08:53:08,883 [IPC Server handler 18 on 38744] INFO  pipeline.PipelinePlacementPolicy (PipelinePlacementPolicy.java:meetCriteria(91)) - Pipeline Placement: Doesn't meet the criteria to be viable node： f924f469-4e73-41d9-9d19-420bd0dc75a2 Heaviness: 6 limit: 5
2019-09-20 08:53:08,883 [IPC Server handler 18 on 38744] ERROR pipeline.PipelinePlacementPolicy (PipelinePlacementPolicy.java:filterViableNodes(148)) - Unable to find enough nodes that meet the criteria that cannot engage in more than 5 pipelines. Nodes required: 3 Found: 0, healthy nodes count inNodeManager: 5.
2019-09-20 08:53:08,884 [IPC Server handler 18 on 38744] ERROR pipeline.SCMPipelineManager (SCMPipelineManager.java:createPipeline(161)) - Pipeline creation failed due to exception: Unable to find enough nodes that meet the criteria that cannot engage in more than 5 pipelines. Nodes required: 3 Found: 0, healthy nodes count inNodeManager: 5.
2019-09-20 08:53:08,884 [IPC Server handler 18 on 38744] WARN  block.BlockManagerImpl (BlockManagerImpl.java:allocateBlock(192)) - Pipeline creation failed for type:RATIS factor:THREE. Retrying get pipelines call once.
org.apache.hadoop.hdds.scm.exceptions.SCMException: Unable to find enough nodes that meet the criteria that cannot engage in more than 5 pipelines. Nodes required: 3 Found: 0, healthy nodes count inNodeManager: 5.
	at org.apache.hadoop.hdds.scm.pipeline.PipelinePlacementPolicy.filterViableNodes(PipelinePlacementPolicy.java:149)
	at org.apache.hadoop.hdds.scm.pipeline.PipelinePlacementPolicy.chooseDatanodes(PipelinePlacementPolicy.java:172)
	at org.apache.hadoop.hdds.scm.pipeline.RatisPipelineProvider.create(RatisPipelineProvider.java:92)
	at org.apache.hadoop.hdds.scm.pipeline.PipelineFactory.create(PipelineFactory.java:57)
	at org.apache.hadoop.hdds.scm.pipeline.SCMPipelineManager.createPipeline(SCMPipelineManager.java:149)
	at org.apache.hadoop.hdds.scm.block.BlockManagerImpl.allocateBlock(BlockManagerImpl.java:190)
	at org.apache.hadoop.hdds.scm.server.SCMBlockProtocolServer.allocateBlock(SCMBlockProtocolServer.java:175)
	at org.apache.hadoop.ozone.protocolPB.ScmBlockLocationProtocolServerSideTranslatorPB.allocateScmBlock(ScmBlockLocationProtocolServerSideTranslatorPB.java:153)
	at org.apache.hadoop.ozone.protocolPB.ScmBlockLocationProtocolServerSideTranslatorPB.send(ScmBlockLocationProtocolServerSideTranslatorPB.java:112)
	at org.apache.hadoop.hdds.protocol.proto.ScmBlockLocationProtocolProtos$ScmBlockLocationProtocolService$2.callBlockingMethod(ScmBlockLocationProtocolProtos.java:13157)
	at org.apache.hadoop.ipc.ProtobufRpcEngine$Server$ProtoBufRpcInvoker.call(ProtobufRpcEngine.java:524)
	at org.apache.hadoop.ipc.RPC$Server.call(RPC.java:1025)
	at org.apache.hadoop.ipc.Server$RpcCall.run(Server.java:876)
	at org.apache.hadoop.ipc.Server$RpcCall.run(Server.java:822)
	at java.security.AccessController.doPrivileged(Native Method)
	at javax.security.auth.Subject.doAs(Subject.java:422)
	at org.apache.hadoop.security.UserGroupInformation.doAs(UserGroupInformation.java:1730)
	at org.apache.hadoop.ipc.Server$Handler.run(Server.java:2682)
2019-09-20 08:53:08,885 [IPC Server handler 18 on 38744] INFO  block.BlockManagerImpl (BlockManagerImpl.java:allocateBlock(198)) - Could not find available pipeline of type:RATIS and factor:THREE even after retrying
2019-09-20 08:53:08,885 [IPC Server handler 18 on 38744] ERROR block.BlockManagerImpl (BlockManagerImpl.java:allocateBlock(222)) - Unable to allocate a block for the size: 4194304, type: RATIS, factor: THREE
2019-09-20 08:53:08,885 [IPC Server handler 18 on 38744] INFO  pipeline.PipelinePlacementPolicy (PipelinePlacementPolicy.java:meetCriteria(91)) - Pipeline Placement: Doesn't meet the criteria to be viable node： 93e6190b-41b6-4f2c-abfa-7324859860a0 Heaviness: 6 limit: 5
2019-09-20 08:53:08,885 [IPC Server handler 18 on 38744] INFO  pipeline.PipelinePlacementPolicy (PipelinePlacementPolicy.java:meetCriteria(91)) - Pipeline Placement: Doesn't meet the criteria to be viable node： b44e7e57-9837-469e-aba7-9d7779212b32 Heaviness: 6 limit: 5
2019-09-20 08:53:08,886 [IPC Server handler 18 on 38744] INFO  pipeline.PipelinePlacementPolicy (PipelinePlacementPolicy.java:meetCriteria(91)) - Pipeline Placement: Doesn't meet the criteria to be viable node： f78c6f6f-b83c-4bef-83c8-4f247fc2f9cb Heaviness: 6 limit: 5
2019-09-20 08:53:08,886 [IPC Server handler 18 on 38744] INFO  pipeline.PipelinePlacementPolicy (PipelinePlacementPolicy.java:meetCriteria(91)) - Pipeline Placement: Doesn't meet the criteria to be viable node： 036c7012-de9e-4e05-8743-9a12868644f9 Heaviness: 6 limit: 5
2019-09-20 08:53:08,887 [IPC Server handler 18 on 38744] INFO  pipeline.PipelinePlacementPolicy (PipelinePlacementPolicy.java:meetCriteria(91)) - Pipeline Placement: Doesn't meet the criteria to be viable node： f924f469-4e73-41d9-9d19-420bd0dc75a2 Heaviness: 6 limit: 5
2019-09-20 08:53:08,888 [IPC Server handler 18 on 38744] ERROR pipeline.PipelinePlacementPolicy (PipelinePlacementPolicy.java:filterViableNodes(148)) - Unable to find enough nodes that meet the criteria that cannot engage in more than 5 pipelines. Nodes required: 3 Found: 0, healthy nodes count inNodeManager: 5.
2019-09-20 08:53:08,888 [IPC Server handler 18 on 38744] ERROR pipeline.SCMPipelineManager (SCMPipelineManager.java:createPipeline(161)) - Pipeline creation failed due to exception: Unable to find enough nodes that meet the criteria that cannot engage in more than 5 pipelines. Nodes required: 3 Found: 0, healthy nodes count inNodeManager: 5.
2019-09-20 08:53:08,888 [IPC Server handler 18 on 38744] WARN  block.BlockManagerImpl (BlockManagerImpl.java:allocateBlock(192)) - Pipeline creation failed for type:RATIS factor:THREE. Retrying get pipelines call once.
org.apache.hadoop.hdds.scm.exceptions.SCMException: Unable to find enough nodes that meet the criteria that cannot engage in more than 5 pipelines. Nodes required: 3 Found: 0, healthy nodes count inNodeManager: 5.
	at org.apache.hadoop.hdds.scm.pipeline.PipelinePlacementPolicy.filterViableNodes(PipelinePlacementPolicy.java:149)
	at org.apache.hadoop.hdds.scm.pipeline.PipelinePlacementPolicy.chooseDatanodes(PipelinePlacementPolicy.java:172)
	at org.apache.hadoop.hdds.scm.pipeline.RatisPipelineProvider.create(RatisPipelineProvider.java:92)
	at org.apache.hadoop.hdds.scm.pipeline.PipelineFactory.create(PipelineFactory.java:57)
	at org.apache.hadoop.hdds.scm.pipeline.SCMPipelineManager.createPipeline(SCMPipelineManager.java:149)
	at org.apache.hadoop.hdds.scm.block.BlockManagerImpl.allocateBlock(BlockManagerImpl.java:190)
	at org.apache.hadoop.hdds.scm.server.SCMBlockProtocolServer.allocateBlock(SCMBlockProtocolServer.java:175)
	at org.apache.hadoop.ozone.protocolPB.ScmBlockLocationProtocolServerSideTranslatorPB.allocateScmBlock(ScmBlockLocationProtocolServerSideTranslatorPB.java:153)
	at org.apache.hadoop.ozone.protocolPB.ScmBlockLocationProtocolServerSideTranslatorPB.send(ScmBlockLocationProtocolServerSideTranslatorPB.java:112)
	at org.apache.hadoop.hdds.protocol.proto.ScmBlockLocationProtocolProtos$ScmBlockLocationProtocolService$2.callBlockingMethod(ScmBlockLocationProtocolProtos.java:13157)
	at org.apache.hadoop.ipc.ProtobufRpcEngine$Server$ProtoBufRpcInvoker.call(ProtobufRpcEngine.java:524)
	at org.apache.hadoop.ipc.RPC$Server.call(RPC.java:1025)
	at org.apache.hadoop.ipc.Server$RpcCall.run(Server.java:876)
	at org.apache.hadoop.ipc.Server$RpcCall.run(Server.java:822)
	at java.security.AccessController.doPrivileged(Native Method)
	at javax.security.auth.Subject.doAs(Subject.java:422)
	at org.apache.hadoop.security.UserGroupInformation.doAs(UserGroupInformation.java:1730)
	at org.apache.hadoop.ipc.Server$Handler.run(Server.java:2682)
2019-09-20 08:53:08,889 [IPC Server handler 18 on 38744] INFO  block.BlockManagerImpl (BlockManagerImpl.java:allocateBlock(198)) - Could not find available pipeline of type:RATIS and factor:THREE even after retrying
2019-09-20 08:53:08,889 [IPC Server handler 18 on 38744] ERROR block.BlockManagerImpl (BlockManagerImpl.java:allocateBlock(222)) - Unable to allocate a block for the size: 4194304, type: RATIS, factor: THREE
2019-09-20 08:53:08,890 [IPC Server handler 18 on 38744] INFO  pipeline.PipelinePlacementPolicy (PipelinePlacementPolicy.java:meetCriteria(91)) - Pipeline Placement: Doesn't meet the criteria to be viable node： 93e6190b-41b6-4f2c-abfa-7324859860a0 Heaviness: 6 limit: 5
2019-09-20 08:53:08,890 [IPC Server handler 18 on 38744] INFO  pipeline.PipelinePlacementPolicy (PipelinePlacementPolicy.java:meetCriteria(91)) - Pipeline Placement: Doesn't meet the criteria to be viable node： b44e7e57-9837-469e-aba7-9d7779212b32 Heaviness: 6 limit: 5
2019-09-20 08:53:08,890 [IPC Server handler 18 on 38744] INFO  pipeline.PipelinePlacementPolicy (PipelinePlacementPolicy.java:meetCriteria(91)) - Pipeline Placement: Doesn't meet the criteria to be viable node： f78c6f6f-b83c-4bef-83c8-4f247fc2f9cb Heaviness: 6 limit: 5
2019-09-20 08:53:08,891 [IPC Server handler 18 on 38744] INFO  pipeline.PipelinePlacementPolicy (PipelinePlacementPolicy.java:meetCriteria(91)) - Pipeline Placement: Doesn't meet the criteria to be viable node： 036c7012-de9e-4e05-8743-9a12868644f9 Heaviness: 6 limit: 5
2019-09-20 08:53:08,891 [IPC Server handler 18 on 38744] INFO  pipeline.PipelinePlacementPolicy (PipelinePlacementPolicy.java:meetCriteria(91)) - Pipeline Placement: Doesn't meet the criteria to be viable node： f924f469-4e73-41d9-9d19-420bd0dc75a2 Heaviness: 6 limit: 5
2019-09-20 08:53:08,891 [IPC Server handler 18 on 38744] ERROR pipeline.PipelinePlacementPolicy (PipelinePlacementPolicy.java:filterViableNodes(148)) - Unable to find enough nodes that meet the criteria that cannot engage in more than 5 pipelines. Nodes required: 3 Found: 0, healthy nodes count inNodeManager: 5.
2019-09-20 08:53:08,891 [IPC Server handler 18 on 38744] ERROR pipeline.SCMPipelineManager (SCMPipelineManager.java:createPipeline(161)) - Pipeline creation failed due to exception: Unable to find enough nodes that meet the criteria that cannot engage in more than 5 pipelines. Nodes required: 3 Found: 0, healthy nodes count inNodeManager: 5.
2019-09-20 08:53:08,892 [IPC Server handler 18 on 38744] WARN  block.BlockManagerImpl (BlockManagerImpl.java:allocateBlock(192)) - Pipeline creation failed for type:RATIS factor:THREE. Retrying get pipelines call once.
org.apache.hadoop.hdds.scm.exceptions.SCMException: Unable to find enough nodes that meet the criteria that cannot engage in more than 5 pipelines. Nodes required: 3 Found: 0, healthy nodes count inNodeManager: 5.
	at org.apache.hadoop.hdds.scm.pipeline.PipelinePlacementPolicy.filterViableNodes(PipelinePlacementPolicy.java:149)
	at org.apache.hadoop.hdds.scm.pipeline.PipelinePlacementPolicy.chooseDatanodes(PipelinePlacementPolicy.java:172)
	at org.apache.hadoop.hdds.scm.pipeline.RatisPipelineProvider.create(RatisPipelineProvider.java:92)
	at org.apache.hadoop.hdds.scm.pipeline.PipelineFactory.create(PipelineFactory.java:57)
	at org.apache.hadoop.hdds.scm.pipeline.SCMPipelineManager.createPipeline(SCMPipelineManager.java:149)
	at org.apache.hadoop.hdds.scm.block.BlockManagerImpl.allocateBlock(BlockManagerImpl.java:190)
	at org.apache.hadoop.hdds.scm.server.SCMBlockProtocolServer.allocateBlock(SCMBlockProtocolServer.java:175)
	at org.apache.hadoop.ozone.protocolPB.ScmBlockLocationProtocolServerSideTranslatorPB.allocateScmBlock(ScmBlockLocationProtocolServerSideTranslatorPB.java:153)
	at org.apache.hadoop.ozone.protocolPB.ScmBlockLocationProtocolServerSideTranslatorPB.send(ScmBlockLocationProtocolServerSideTranslatorPB.java:112)
	at org.apache.hadoop.hdds.protocol.proto.ScmBlockLocationProtocolProtos$ScmBlockLocationProtocolService$2.callBlockingMethod(ScmBlockLocationProtocolProtos.java:13157)
	at org.apache.hadoop.ipc.ProtobufRpcEngine$Server$ProtoBufRpcInvoker.call(ProtobufRpcEngine.java:524)
	at org.apache.hadoop.ipc.RPC$Server.call(RPC.java:1025)
	at org.apache.hadoop.ipc.Server$RpcCall.run(Server.java:876)
	at org.apache.hadoop.ipc.Server$RpcCall.run(Server.java:822)
	at java.security.AccessController.doPrivileged(Native Method)
	at javax.security.auth.Subject.doAs(Subject.java:422)
	at org.apache.hadoop.security.UserGroupInformation.doAs(UserGroupInformation.java:1730)
	at org.apache.hadoop.ipc.Server$Handler.run(Server.java:2682)
2019-09-20 08:53:08,892 [IPC Server handler 18 on 38744] INFO  block.BlockManagerImpl (BlockManagerImpl.java:allocateBlock(198)) - Could not find available pipeline of type:RATIS and factor:THREE even after retrying
2019-09-20 08:53:08,893 [IPC Server handler 18 on 38744] ERROR block.BlockManagerImpl (BlockManagerImpl.java:allocateBlock(222)) - Unable to allocate a block for the size: 4194304, type: RATIS, factor: THREE
2019-09-20 08:53:08,893 [IPC Server handler 18 on 38744] INFO  pipeline.PipelinePlacementPolicy (PipelinePlacementPolicy.java:meetCriteria(91)) - Pipeline Placement: Doesn't meet the criteria to be viable node： 93e6190b-41b6-4f2c-abfa-7324859860a0 Heaviness: 6 limit: 5
2019-09-20 08:53:08,893 [IPC Server handler 18 on 38744] INFO  pipeline.PipelinePlacementPolicy (PipelinePlacementPolicy.java:meetCriteria(91)) - Pipeline Placement: Doesn't meet the criteria to be viable node： b44e7e57-9837-469e-aba7-9d7779212b32 Heaviness: 6 limit: 5
2019-09-20 08:53:08,893 [IPC Server handler 18 on 38744] INFO  pipeline.PipelinePlacementPolicy (PipelinePlacementPolicy.java:meetCriteria(91)) - Pipeline Placement: Doesn't meet the criteria to be viable node： f78c6f6f-b83c-4bef-83c8-4f247fc2f9cb Heaviness: 6 limit: 5
2019-09-20 08:53:08,894 [IPC Server handler 18 on 38744] INFO  pipeline.PipelinePlacementPolicy (PipelinePlacementPolicy.java:meetCriteria(91)) - Pipeline Placement: Doesn't meet the criteria to be viable node： 036c7012-de9e-4e05-8743-9a12868644f9 Heaviness: 6 limit: 5
2019-09-20 08:53:08,894 [IPC Server handler 18 on 38744] INFO  pipeline.PipelinePlacementPolicy (PipelinePlacementPolicy.java:meetCriteria(91)) - Pipeline Placement: Doesn't meet the criteria to be viable node： f924f469-4e73-41d9-9d19-420bd0dc75a2 Heaviness: 6 limit: 5
2019-09-20 08:53:08,894 [IPC Server handler 18 on 38744] ERROR pipeline.PipelinePlacementPolicy (PipelinePlacementPolicy.java:filterViableNodes(148)) - Unable to find enough nodes that meet the criteria that cannot engage in more than 5 pipelines. Nodes required: 3 Found: 0, healthy nodes count inNodeManager: 5.
2019-09-20 08:53:08,894 [IPC Server handler 18 on 38744] ERROR pipeline.SCMPipelineManager (SCMPipelineManager.java:createPipeline(161)) - Pipeline creation failed due to exception: Unable to find enough nodes that meet the criteria that cannot engage in more than 5 pipelines. Nodes required: 3 Found: 0, healthy nodes count inNodeManager: 5.
2019-09-20 08:53:08,894 [IPC Server handler 18 on 38744] WARN  block.BlockManagerImpl (BlockManagerImpl.java:allocateBlock(192)) - Pipeline creation failed for type:RATIS factor:THREE. Retrying get pipelines call once.
org.apache.hadoop.hdds.scm.exceptions.SCMException: Unable to find enough nodes that meet the criteria that cannot engage in more than 5 pipelines. Nodes required: 3 Found: 0, healthy nodes count inNodeManager: 5.
	at org.apache.hadoop.hdds.scm.pipeline.PipelinePlacementPolicy.filterViableNodes(PipelinePlacementPolicy.java:149)
	at org.apache.hadoop.hdds.scm.pipeline.PipelinePlacementPolicy.chooseDatanodes(PipelinePlacementPolicy.java:172)
	at org.apache.hadoop.hdds.scm.pipeline.RatisPipelineProvider.create(RatisPipelineProvider.java:92)
	at org.apache.hadoop.hdds.scm.pipeline.PipelineFactory.create(PipelineFactory.java:57)
	at org.apache.hadoop.hdds.scm.pipeline.SCMPipelineManager.createPipeline(SCMPipelineManager.java:149)
	at org.apache.hadoop.hdds.scm.block.BlockManagerImpl.allocateBlock(BlockManagerImpl.java:190)
	at org.apache.hadoop.hdds.scm.server.SCMBlockProtocolServer.allocateBlock(SCMBlockProtocolServer.java:175)
	at org.apache.hadoop.ozone.protocolPB.ScmBlockLocationProtocolServerSideTranslatorPB.allocateScmBlock(ScmBlockLocationProtocolServerSideTranslatorPB.java:153)
	at org.apache.hadoop.ozone.protocolPB.ScmBlockLocationProtocolServerSideTranslatorPB.send(ScmBlockLocationProtocolServerSideTranslatorPB.java:112)
	at org.apache.hadoop.hdds.protocol.proto.ScmBlockLocationProtocolProtos$ScmBlockLocationProtocolService$2.callBlockingMethod(ScmBlockLocationProtocolProtos.java:13157)
	at org.apache.hadoop.ipc.ProtobufRpcEngine$Server$ProtoBufRpcInvoker.call(ProtobufRpcEngine.java:524)
	at org.apache.hadoop.ipc.RPC$Server.call(RPC.java:1025)
	at org.apache.hadoop.ipc.Server$RpcCall.run(Server.java:876)
	at org.apache.hadoop.ipc.Server$RpcCall.run(Server.java:822)
	at java.security.AccessController.doPrivileged(Native Method)
	at javax.security.auth.Subject.doAs(Subject.java:422)
	at org.apache.hadoop.security.UserGroupInformation.doAs(UserGroupInformation.java:1730)
	at org.apache.hadoop.ipc.Server$Handler.run(Server.java:2682)
2019-09-20 08:53:08,895 [IPC Server handler 18 on 38744] INFO  block.BlockManagerImpl (BlockManagerImpl.java:allocateBlock(198)) - Could not find available pipeline of type:RATIS and factor:THREE even after retrying
2019-09-20 08:53:08,895 [IPC Server handler 18 on 38744] ERROR block.BlockManagerImpl (BlockManagerImpl.java:allocateBlock(222)) - Unable to allocate a block for the size: 4194304, type: RATIS, factor: THREE
2019-09-20 08:53:08,896 | INFO  | SCMAudit | user=jenkins1000 | ip=192.168.36.79 | op=ALLOCATE_BLOCK {owner=c318fcb2-a2a7-462c-bde4-c48d09afc4b6, size=4194304, type=RATIS, factor=THREE} | ret=SUCCESS |  
2019-09-20 08:53:08,904 | ERROR | OMAudit | user=jenkins1000 | ip=127.0.0.1 | op=ALLOCATE_KEY {volume=vol-0-11548, bucket=bucket-0-18196, key=key-0-38222, dataSize=20971520, replicationType=RATIS, replicationFactor=THREE, keyLocationInfo=null} | ret=FAILURE | org.apache.hadoop.hdds.scm.exceptions.SCMException: Allocated 0 blocks. Requested 5 blocks
	at org.apache.hadoop.hdds.scm.protocolPB.ScmBlockLocationProtocolClientSideTranslatorPB.handleError(ScmBlockLocationProtocolClientSideTranslatorPB.java:118)
	at org.apache.hadoop.hdds.scm.protocolPB.ScmBlockLocationProtocolClientSideTranslatorPB.allocateBlock(ScmBlockLocationProtocolClientSideTranslatorPB.java:156) 
2019-09-20 08:53:08,913 [pool-78-thread-3] ERROR freon.RandomKeyGenerator (RandomKeyGenerator.java:createKey(724)) - Exception while adding key: key-0-38222 in bucket: bucket-0-18196 of volume: vol-0-11548.
INTERNAL_ERROR org.apache.hadoop.ozone.om.exceptions.OMException: Allocated 0 blocks. Requested 5 blocks
	at org.apache.hadoop.ozone.om.protocolPB.OzoneManagerProtocolClientSideTranslatorPB.handleError(OzoneManagerProtocolClientSideTranslatorPB.java:725)
	at org.apache.hadoop.ozone.om.protocolPB.OzoneManagerProtocolClientSideTranslatorPB.openKey(OzoneManagerProtocolClientSideTranslatorPB.java:716)
	at org.apache.hadoop.ozone.client.rpc.RpcClient.createKey(RpcClient.java:615)
	at org.apache.hadoop.ozone.client.OzoneBucket.createKey(OzoneBucket.java:323)
	at org.apache.hadoop.ozone.freon.RandomKeyGenerator.createKey(RandomKeyGenerator.java:686)
	at org.apache.hadoop.ozone.freon.RandomKeyGenerator.access$1100(RandomKeyGenerator.java:87)
	at org.apache.hadoop.ozone.freon.RandomKeyGenerator$ObjectCreator.run(RandomKeyGenerator.java:606)
	at java.util.concurrent.Executors$RunnableAdapter.call(Executors.java:511)
	at java.util.concurrent.FutureTask.run(FutureTask.java:266)
	at java.util.concurrent.ThreadPoolExecutor.runWorker(ThreadPoolExecutor.java:1149)
	at java.util.concurrent.ThreadPoolExecutor$Worker.run(ThreadPoolExecutor.java:624)
	at java.lang.Thread.run(Thread.java:748)
2019-09-20 08:53:09,037 | INFO  | SCMAudit | user=jenkins1000 | ip=192.168.36.79 | op=SEND_HEARTBEAT {datanodeUUID=b44e7e57-9837-469e-aba7-9d7779212b32, command=[]} | ret=SUCCESS |  
 0.00% |█                                                                                                    |  0/1 Time: 0:00:022019-09-20 08:53:09,497 | INFO  | SCMAudit | user=jenkins1000 | ip=192.168.36.79 | op=SEND_HEARTBEAT {datanodeUUID=f924f469-4e73-41d9-9d19-420bd0dc75a2, command=[]} | ret=SUCCESS |  
2019-09-20 08:53:09,511 | INFO  | SCMAudit | user=jenkins1000 | ip=192.168.36.79 | op=SEND_HEARTBEAT {datanodeUUID=93e6190b-41b6-4f2c-abfa-7324859860a0, command=[]} | ret=SUCCESS |  
2019-09-20 08:53:09,516 | INFO  | SCMAudit | user=jenkins1000 | ip=192.168.36.79 | op=SEND_HEARTBEAT {datanodeUUID=f78c6f6f-b83c-4bef-83c8-4f247fc2f9cb, command=[]} | ret=SUCCESS |  
2019-09-20 08:53:09,761 | INFO  | SCMAudit | user=jenkins1000 | ip=192.168.36.79 | op=SEND_HEARTBEAT {datanodeUUID=036c7012-de9e-4e05-8743-9a12868644f9, command=[]} | ret=SUCCESS |  
2019-09-20 08:53:10,034 | INFO  | SCMAudit | user=jenkins1000 | ip=192.168.36.79 | op=SEND_HEARTBEAT {datanodeUUID=b44e7e57-9837-469e-aba7-9d7779212b32, command=[]} | ret=SUCCESS |  
 0.00% |█                                                                                                    |  0/1 Time: 0:00:032019-09-20 08:53:10,497 | INFO  | SCMAudit | user=jenkins1000 | ip=192.168.36.79 | op=SEND_HEARTBEAT {datanodeUUID=f924f469-4e73-41d9-9d19-420bd0dc75a2, command=[]} | ret=SUCCESS |  
2019-09-20 08:53:10,512 | INFO  | SCMAudit | user=jenkins1000 | ip=192.168.36.79 | op=SEND_HEARTBEAT {datanodeUUID=93e6190b-41b6-4f2c-abfa-7324859860a0, command=[]} | ret=SUCCESS |  
2019-09-20 08:53:10,516 | INFO  | SCMAudit | user=jenkins1000 | ip=192.168.36.79 | op=SEND_HEARTBEAT {datanodeUUID=f78c6f6f-b83c-4bef-83c8-4f247fc2f9cb, command=[]} | ret=SUCCESS |  
2019-09-20 08:53:10,771 | INFO  | SCMAudit | user=jenkins1000 | ip=192.168.36.79 | op=SEND_HEARTBEAT {datanodeUUID=036c7012-de9e-4e05-8743-9a12868644f9, command=[]} | ret=SUCCESS |  
2019-09-20 08:53:10,787 [Thread-209] INFO  impl.FollowerState (FollowerState.java:run(106)) - f78c6f6f-b83c-4bef-83c8-4f247fc2f9cb:group-22DACA2D8C6A changes to CANDIDATE, lastRpcTime:5008, electionTimeout:5007ms
2019-09-20 08:53:10,788 [Thread-209] INFO  impl.RoleInfo (RoleInfo.java:shutdownFollowerState(121)) - f78c6f6f-b83c-4bef-83c8-4f247fc2f9cb: shutdown FollowerState
2019-09-20 08:53:10,788 [Thread-209] INFO  impl.RaftServerImpl (RaftServerImpl.java:setRole(171)) - f78c6f6f-b83c-4bef-83c8-4f247fc2f9cb:group-22DACA2D8C6A changes role from FOLLOWER to CANDIDATE at term 0 for changeToCandidate
2019-09-20 08:53:10,795 [Thread-209] INFO  impl.RoleInfo (RoleInfo.java:updateAndGet(143)) - f78c6f6f-b83c-4bef-83c8-4f247fc2f9cb: start LeaderElection
2019-09-20 08:53:10,841 [f78c6f6f-b83c-4bef-83c8-4f247fc2f9cb:group-22DACA2D8C6A:LeaderElection1] INFO  impl.LeaderElection (LeaderElection.java:askForVotes(181)) - f78c6f6f-b83c-4bef-83c8-4f247fc2f9cb:group-22DACA2D8C6A:LeaderElection1: begin an election at term 1 for -1: [f78c6f6f-b83c-4bef-83c8-4f247fc2f9cb:192.168.36.79:33749], old=null
2019-09-20 08:53:10,844 [f78c6f6f-b83c-4bef-83c8-4f247fc2f9cb:group-22DACA2D8C6A:LeaderElection1] INFO  impl.RoleInfo (RoleInfo.java:shutdownLeaderElection(134)) - f78c6f6f-b83c-4bef-83c8-4f247fc2f9cb: shutdown LeaderElection
2019-09-20 08:53:10,845 [f78c6f6f-b83c-4bef-83c8-4f247fc2f9cb:group-22DACA2D8C6A:LeaderElection1] INFO  impl.RaftServerImpl (RaftServerImpl.java:setRole(171)) - f78c6f6f-b83c-4bef-83c8-4f247fc2f9cb:group-22DACA2D8C6A changes role from CANDIDATE to LEADER at term 1 for changeToLeader
2019-09-20 08:53:10,845 [f78c6f6f-b83c-4bef-83c8-4f247fc2f9cb:group-22DACA2D8C6A:LeaderElection1] INFO  impl.RaftServerImpl (ServerState.java:setLeader(263)) - f78c6f6f-b83c-4bef-83c8-4f247fc2f9cb:group-22DACA2D8C6A change Leader from null to f78c6f6f-b83c-4bef-83c8-4f247fc2f9cb at term 1 for becomeLeader, leader elected after 5165ms
2019-09-20 08:53:10,855 [f78c6f6f-b83c-4bef-83c8-4f247fc2f9cb:group-22DACA2D8C6A:LeaderElection1] INFO  server.RaftServerConfigKeys (ConfUtils.java:logGet(43)) - raft.server.staging.catchup.gap = 1000 (default)
2019-09-20 08:53:10,856 [f78c6f6f-b83c-4bef-83c8-4f247fc2f9cb:group-22DACA2D8C6A:LeaderElection1] INFO  server.RaftServerConfigKeys (ConfUtils.java:logGet(43)) - raft.server.rpc.sleep.time = 25ms (default)
2019-09-20 08:53:10,860 [f78c6f6f-b83c-4bef-83c8-4f247fc2f9cb:group-22DACA2D8C6A:LeaderElection1] INFO  server.RaftServerConfigKeys (ConfUtils.java:logGet(43)) - raft.server.write.element-limit = 4096 (default)
2019-09-20 08:53:10,863 [f78c6f6f-b83c-4bef-83c8-4f247fc2f9cb:group-22DACA2D8C6A:LeaderElection1] INFO  server.RaftServerConfigKeys (ConfUtils.java:logGet(43)) - raft.server.watch.timeout = 10s (default)
2019-09-20 08:53:10,864 [f78c6f6f-b83c-4bef-83c8-4f247fc2f9cb:group-22DACA2D8C6A:LeaderElection1] INFO  server.RaftServerConfigKeys (ConfUtils.java:logGet(43)) - raft.server.watch.timeout.denomination = 1s (default)
2019-09-20 08:53:10,865 [f78c6f6f-b83c-4bef-83c8-4f247fc2f9cb:group-22DACA2D8C6A:LeaderElection1] INFO  server.RaftServerConfigKeys (ConfUtils.java:logGet(43)) - raft.server.watch.element-limit = 65536 (default)
2019-09-20 08:53:10,877 [f78c6f6f-b83c-4bef-83c8-4f247fc2f9cb:group-22DACA2D8C6A:LeaderElection1] INFO  impl.RoleInfo (RoleInfo.java:updateAndGet(143)) - f78c6f6f-b83c-4bef-83c8-4f247fc2f9cb: start LeaderState
2019-09-20 08:53:10,905 [f78c6f6f-b83c-4bef-83c8-4f247fc2f9cb:group-22DACA2D8C6A:LeaderElection1] INFO  segmented.SegmentedRaftLogWorker (SegmentedRaftLogWorker.java:startLogSegment(380)) - f78c6f6f-b83c-4bef-83c8-4f247fc2f9cb-SegmentedRaftLogWorker:Storage Directory /workdir/hadoop-ozone/tools/target/test-dir/MiniOzoneClusterImpl-fdb7164d-332a-4161-9ef6-b429f59a210d/datanode-0/data/ratis/98c610c8-6ddf-4899-9406-22daca2d8c6a: Starting segment from index:0
2019-09-20 08:53:10,915 [f78c6f6f-b83c-4bef-83c8-4f247fc2f9cb:group-22DACA2D8C6A:LeaderElection1] INFO  impl.RaftServerImpl (ServerState.java:setRaftConf(361)) - f78c6f6f-b83c-4bef-83c8-4f247fc2f9cb:group-22DACA2D8C6A set configuration 0: [f78c6f6f-b83c-4bef-83c8-4f247fc2f9cb:192.168.36.79:33749], old=null at 0
2019-09-20 08:53:11,021 [Thread-212] INFO  impl.FollowerState (FollowerState.java:run(106)) - b44e7e57-9837-469e-aba7-9d7779212b32:group-E8B1A41B4B16 changes to CANDIDATE, lastRpcTime:5024, electionTimeout:5023ms
2019-09-20 08:53:11,023 [Thread-212] INFO  impl.RoleInfo (RoleInfo.java:shutdownFollowerState(121)) - b44e7e57-9837-469e-aba7-9d7779212b32: shutdown FollowerState
2019-09-20 08:53:11,024 [Thread-212] INFO  impl.RaftServerImpl (RaftServerImpl.java:setRole(171)) - b44e7e57-9837-469e-aba7-9d7779212b32:group-E8B1A41B4B16 changes role from FOLLOWER to CANDIDATE at term 0 for changeToCandidate
2019-09-20 08:53:11,024 [Thread-212] INFO  impl.RoleInfo (RoleInfo.java:updateAndGet(143)) - b44e7e57-9837-469e-aba7-9d7779212b32: start LeaderElection
2019-09-20 08:53:11,031 | INFO  | SCMAudit | user=jenkins1000 | ip=192.168.36.79 | op=SEND_HEARTBEAT {datanodeUUID=b44e7e57-9837-469e-aba7-9d7779212b32, command=[]} | ret=SUCCESS |  
2019-09-20 08:53:11,058 [b44e7e57-9837-469e-aba7-9d7779212b32:group-E8B1A41B4B16:LeaderElection2] INFO  impl.LeaderElection (LeaderElection.java:askForVotes(181)) - b44e7e57-9837-469e-aba7-9d7779212b32:group-E8B1A41B4B16:LeaderElection2: begin an election at term 1 for -1: [b44e7e57-9837-469e-aba7-9d7779212b32:192.168.36.79:41325], old=null
2019-09-20 08:53:11,060 [b44e7e57-9837-469e-aba7-9d7779212b32:group-E8B1A41B4B16:LeaderElection2] INFO  impl.RoleInfo (RoleInfo.java:shutdownLeaderElection(134)) - b44e7e57-9837-469e-aba7-9d7779212b32: shutdown LeaderElection
2019-09-20 08:53:11,061 [b44e7e57-9837-469e-aba7-9d7779212b32:group-E8B1A41B4B16:LeaderElection2] INFO  impl.RaftServerImpl (RaftServerImpl.java:setRole(171)) - b44e7e57-9837-469e-aba7-9d7779212b32:group-E8B1A41B4B16 changes role from CANDIDATE to LEADER at term 1 for changeToLeader
2019-09-20 08:53:11,061 [b44e7e57-9837-469e-aba7-9d7779212b32:group-E8B1A41B4B16:LeaderElection2] INFO  impl.RaftServerImpl (ServerState.java:setLeader(263)) - b44e7e57-9837-469e-aba7-9d7779212b32:group-E8B1A41B4B16 change Leader from null to b44e7e57-9837-469e-aba7-9d7779212b32 at term 1 for becomeLeader, leader elected after 5072ms
2019-09-20 08:53:11,062 [b44e7e57-9837-469e-aba7-9d7779212b32:group-E8B1A41B4B16:LeaderElection2] INFO  server.RaftServerConfigKeys (ConfUtils.java:logGet(43)) - raft.server.staging.catchup.gap = 1000 (default)
2019-09-20 08:53:11,063 [b44e7e57-9837-469e-aba7-9d7779212b32:group-E8B1A41B4B16:LeaderElection2] INFO  server.RaftServerConfigKeys (ConfUtils.java:logGet(43)) - raft.server.rpc.sleep.time = 25ms (default)
2019-09-20 08:53:11,063 [b44e7e57-9837-469e-aba7-9d7779212b32:group-E8B1A41B4B16:LeaderElection2] INFO  server.RaftServerConfigKeys (ConfUtils.java:logGet(43)) - raft.server.write.element-limit = 4096 (default)
2019-09-20 08:53:11,063 [b44e7e57-9837-469e-aba7-9d7779212b32:group-E8B1A41B4B16:LeaderElection2] INFO  server.RaftServerConfigKeys (ConfUtils.java:logGet(43)) - raft.server.watch.timeout = 10s (default)
2019-09-20 08:53:11,063 [b44e7e57-9837-469e-aba7-9d7779212b32:group-E8B1A41B4B16:LeaderElection2] INFO  server.RaftServerConfigKeys (ConfUtils.java:logGet(43)) - raft.server.watch.timeout.denomination = 1s (default)
2019-09-20 08:53:11,064 [b44e7e57-9837-469e-aba7-9d7779212b32:group-E8B1A41B4B16:LeaderElection2] INFO  server.RaftServerConfigKeys (ConfUtils.java:logGet(43)) - raft.server.watch.element-limit = 65536 (default)
2019-09-20 08:53:11,064 [b44e7e57-9837-469e-aba7-9d7779212b32:group-E8B1A41B4B16:LeaderElection2] INFO  impl.RoleInfo (RoleInfo.java:updateAndGet(143)) - b44e7e57-9837-469e-aba7-9d7779212b32: start LeaderState
2019-09-20 08:53:11,064 [b44e7e57-9837-469e-aba7-9d7779212b32:group-E8B1A41B4B16:LeaderElection2] INFO  segmented.SegmentedRaftLogWorker (SegmentedRaftLogWorker.java:startLogSegment(380)) - b44e7e57-9837-469e-aba7-9d7779212b32-SegmentedRaftLogWorker:Storage Directory /workdir/hadoop-ozone/tools/target/test-dir/MiniOzoneClusterImpl-fdb7164d-332a-4161-9ef6-b429f59a210d/datanode-2/data/ratis/65e631cf-98b6-4d50-8186-e8b1a41b4b16: Starting segment from index:0
2019-09-20 08:53:11,065 [b44e7e57-9837-469e-aba7-9d7779212b32:group-E8B1A41B4B16:LeaderElection2] INFO  impl.RaftServerImpl (ServerState.java:setRaftConf(361)) - b44e7e57-9837-469e-aba7-9d7779212b32:group-E8B1A41B4B16 set configuration 0: [b44e7e57-9837-469e-aba7-9d7779212b32:192.168.36.79:41325], old=null at 0
 0.00% |█                                                                                                    |  0/1 Time: 0:00:042019-09-20 08:53:11,139 [Thread-215] INFO  impl.FollowerState (FollowerState.java:run(106)) - b44e7e57-9837-469e-aba7-9d7779212b32:group-3DE20A33B442 changes to CANDIDATE, lastRpcTime:5039, electionTimeout:5039ms
2019-09-20 08:53:11,140 [Thread-215] INFO  impl.RoleInfo (RoleInfo.java:shutdownFollowerState(121)) - b44e7e57-9837-469e-aba7-9d7779212b32: shutdown FollowerState
2019-09-20 08:53:11,140 [Thread-215] INFO  impl.RaftServerImpl (RaftServerImpl.java:setRole(171)) - b44e7e57-9837-469e-aba7-9d7779212b32:group-3DE20A33B442 changes role from FOLLOWER to CANDIDATE at term 0 for changeToCandidate
2019-09-20 08:53:11,140 [Thread-215] INFO  impl.RoleInfo (RoleInfo.java:updateAndGet(143)) - b44e7e57-9837-469e-aba7-9d7779212b32: start LeaderElection
2019-09-20 08:53:11,145 [f78c6f6f-b83c-4bef-83c8-4f247fc2f9cb-SegmentedRaftLogWorker:Storage Directory /workdir/hadoop-ozone/tools/target/test-dir/MiniOzoneClusterImpl-fdb7164d-332a-4161-9ef6-b429f59a210d/datanode-0/data/ratis/98c610c8-6ddf-4899-9406-22daca2d8c6a] INFO  segmented.SegmentedRaftLogWorker (SegmentedRaftLogWorker.java:execute(569)) - f78c6f6f-b83c-4bef-83c8-4f247fc2f9cb-SegmentedRaftLogWorker:Storage Directory /workdir/hadoop-ozone/tools/target/test-dir/MiniOzoneClusterImpl-fdb7164d-332a-4161-9ef6-b429f59a210d/datanode-0/data/ratis/98c610c8-6ddf-4899-9406-22daca2d8c6a: created new log segment /workdir/hadoop-ozone/tools/target/test-dir/MiniOzoneClusterImpl-fdb7164d-332a-4161-9ef6-b429f59a210d/datanode-0/data/ratis/98c610c8-6ddf-4899-9406-22daca2d8c6a/current/log_inprogress_0
2019-09-20 08:53:11,146 [b44e7e57-9837-469e-aba7-9d7779212b32-SegmentedRaftLogWorker:Storage Directory /workdir/hadoop-ozone/tools/target/test-dir/MiniOzoneClusterImpl-fdb7164d-332a-4161-9ef6-b429f59a210d/datanode-2/data/ratis/65e631cf-98b6-4d50-8186-e8b1a41b4b16] INFO  segmented.SegmentedRaftLogWorker (SegmentedRaftLogWorker.java:execute(569)) - b44e7e57-9837-469e-aba7-9d7779212b32-SegmentedRaftLogWorker:Storage Directory /workdir/hadoop-ozone/tools/target/test-dir/MiniOzoneClusterImpl-fdb7164d-332a-4161-9ef6-b429f59a210d/datanode-2/data/ratis/65e631cf-98b6-4d50-8186-e8b1a41b4b16: created new log segment /workdir/hadoop-ozone/tools/target/test-dir/MiniOzoneClusterImpl-fdb7164d-332a-4161-9ef6-b429f59a210d/datanode-2/data/ratis/65e631cf-98b6-4d50-8186-e8b1a41b4b16/current/log_inprogress_0
2019-09-20 08:53:11,176 [b44e7e57-9837-469e-aba7-9d7779212b32:group-3DE20A33B442:LeaderElection3] INFO  impl.LeaderElection (LeaderElection.java:askForVotes(181)) - b44e7e57-9837-469e-aba7-9d7779212b32:group-3DE20A33B442:LeaderElection3: begin an election at term 1 for -1: [b44e7e57-9837-469e-aba7-9d7779212b32:192.168.36.79:41325], old=null
2019-09-20 08:53:11,178 [b44e7e57-9837-469e-aba7-9d7779212b32:group-3DE20A33B442:LeaderElection3] INFO  impl.RoleInfo (RoleInfo.java:shutdownLeaderElection(134)) - b44e7e57-9837-469e-aba7-9d7779212b32: shutdown LeaderElection
2019-09-20 08:53:11,178 [b44e7e57-9837-469e-aba7-9d7779212b32:group-3DE20A33B442:LeaderElection3] INFO  impl.RaftServerImpl (RaftServerImpl.java:setRole(171)) - b44e7e57-9837-469e-aba7-9d7779212b32:group-3DE20A33B442 changes role from CANDIDATE to LEADER at term 1 for changeToLeader
2019-09-20 08:53:11,178 [b44e7e57-9837-469e-aba7-9d7779212b32:group-3DE20A33B442:LeaderElection3] INFO  impl.RaftServerImpl (ServerState.java:setLeader(263)) - b44e7e57-9837-469e-aba7-9d7779212b32:group-3DE20A33B442 change Leader from null to b44e7e57-9837-469e-aba7-9d7779212b32 at term 1 for becomeLeader, leader elected after 5083ms
2019-09-20 08:53:11,178 [b44e7e57-9837-469e-aba7-9d7779212b32:group-3DE20A33B442:LeaderElection3] INFO  server.RaftServerConfigKeys (ConfUtils.java:logGet(43)) - raft.server.staging.catchup.gap = 1000 (default)
2019-09-20 08:53:11,178 [b44e7e57-9837-469e-aba7-9d7779212b32:group-3DE20A33B442:LeaderElection3] INFO  server.RaftServerConfigKeys (ConfUtils.java:logGet(43)) - raft.server.rpc.sleep.time = 25ms (default)
2019-09-20 08:53:11,178 [b44e7e57-9837-469e-aba7-9d7779212b32:group-3DE20A33B442:LeaderElection3] INFO  server.RaftServerConfigKeys (ConfUtils.java:logGet(43)) - raft.server.write.element-limit = 4096 (default)
2019-09-20 08:53:11,179 [b44e7e57-9837-469e-aba7-9d7779212b32:group-3DE20A33B442:LeaderElection3] INFO  server.RaftServerConfigKeys (ConfUtils.java:logGet(43)) - raft.server.watch.timeout = 10s (default)
2019-09-20 08:53:11,179 [b44e7e57-9837-469e-aba7-9d7779212b32:group-3DE20A33B442:LeaderElection3] INFO  server.RaftServerConfigKeys (ConfUtils.java:logGet(43)) - raft.server.watch.timeout.denomination = 1s (default)
2019-09-20 08:53:11,179 [b44e7e57-9837-469e-aba7-9d7779212b32:group-3DE20A33B442:LeaderElection3] INFO  server.RaftServerConfigKeys (ConfUtils.java:logGet(43)) - raft.server.watch.element-limit = 65536 (default)
2019-09-20 08:53:11,179 [b44e7e57-9837-469e-aba7-9d7779212b32:group-3DE20A33B442:LeaderElection3] INFO  impl.RoleInfo (RoleInfo.java:updateAndGet(143)) - b44e7e57-9837-469e-aba7-9d7779212b32: start LeaderState
2019-09-20 08:53:11,179 [b44e7e57-9837-469e-aba7-9d7779212b32:group-3DE20A33B442:LeaderElection3] INFO  segmented.SegmentedRaftLogWorker (SegmentedRaftLogWorker.java:startLogSegment(380)) - b44e7e57-9837-469e-aba7-9d7779212b32-SegmentedRaftLogWorker:Storage Directory /workdir/hadoop-ozone/tools/target/test-dir/MiniOzoneClusterImpl-fdb7164d-332a-4161-9ef6-b429f59a210d/datanode-2/data/ratis/9c0ab8e1-9c0c-4efe-bb36-3de20a33b442: Starting segment from index:0
2019-09-20 08:53:11,180 [b44e7e57-9837-469e-aba7-9d7779212b32:group-3DE20A33B442:LeaderElection3] INFO  impl.RaftServerImpl (ServerState.java:setRaftConf(361)) - b44e7e57-9837-469e-aba7-9d7779212b32:group-3DE20A33B442 set configuration 0: [b44e7e57-9837-469e-aba7-9d7779212b32:192.168.36.79:41325], old=null at 0
2019-09-20 08:53:11,251 [b44e7e57-9837-469e-aba7-9d7779212b32-SegmentedRaftLogWorker:Storage Directory /workdir/hadoop-ozone/tools/target/test-dir/MiniOzoneClusterImpl-fdb7164d-332a-4161-9ef6-b429f59a210d/datanode-2/data/ratis/9c0ab8e1-9c0c-4efe-bb36-3de20a33b442] INFO  segmented.SegmentedRaftLogWorker (SegmentedRaftLogWorker.java:execute(569)) - b44e7e57-9837-469e-aba7-9d7779212b32-SegmentedRaftLogWorker:Storage Directory /workdir/hadoop-ozone/tools/target/test-dir/MiniOzoneClusterImpl-fdb7164d-332a-4161-9ef6-b429f59a210d/datanode-2/data/ratis/9c0ab8e1-9c0c-4efe-bb36-3de20a33b442: created new log segment /workdir/hadoop-ozone/tools/target/test-dir/MiniOzoneClusterImpl-fdb7164d-332a-4161-9ef6-b429f59a210d/datanode-2/data/ratis/9c0ab8e1-9c0c-4efe-bb36-3de20a33b442/current/log_inprogress_0
2019-09-20 08:53:11,321 [Thread-218] INFO  impl.FollowerState (FollowerState.java:run(106)) - b44e7e57-9837-469e-aba7-9d7779212b32:group-54202B3324C8 changes to CANDIDATE, lastRpcTime:5128, electionTimeout:5128ms
2019-09-20 08:53:11,321 [Thread-218] INFO  impl.RoleInfo (RoleInfo.java:shutdownFollowerState(121)) - b44e7e57-9837-469e-aba7-9d7779212b32: shutdown FollowerState
2019-09-20 08:53:11,321 [Thread-218] INFO  impl.RaftServerImpl (RaftServerImpl.java:setRole(171)) - b44e7e57-9837-469e-aba7-9d7779212b32:group-54202B3324C8 changes role from FOLLOWER to CANDIDATE at term 0 for changeToCandidate
2019-09-20 08:53:11,322 [Thread-218] INFO  impl.RoleInfo (RoleInfo.java:updateAndGet(143)) - b44e7e57-9837-469e-aba7-9d7779212b32: start LeaderElection
2019-09-20 08:53:11,345 [Thread-221] INFO  impl.FollowerState (FollowerState.java:run(106)) - f78c6f6f-b83c-4bef-83c8-4f247fc2f9cb:group-394B48DC2488 changes to CANDIDATE, lastRpcTime:5010, electionTimeout:5010ms
2019-09-20 08:53:11,347 [Thread-221] INFO  impl.RoleInfo (RoleInfo.java:shutdownFollowerState(121)) - f78c6f6f-b83c-4bef-83c8-4f247fc2f9cb: shutdown FollowerState
2019-09-20 08:53:11,347 [Thread-221] INFO  impl.RaftServerImpl (RaftServerImpl.java:setRole(171)) - f78c6f6f-b83c-4bef-83c8-4f247fc2f9cb:group-394B48DC2488 changes role from FOLLOWER to CANDIDATE at term 0 for changeToCandidate
2019-09-20 08:53:11,347 [Thread-221] INFO  impl.RoleInfo (RoleInfo.java:updateAndGet(143)) - f78c6f6f-b83c-4bef-83c8-4f247fc2f9cb: start LeaderElection
2019-09-20 08:53:11,360 [b44e7e57-9837-469e-aba7-9d7779212b32:group-54202B3324C8:LeaderElection4] INFO  impl.LeaderElection (LeaderElection.java:askForVotes(181)) - b44e7e57-9837-469e-aba7-9d7779212b32:group-54202B3324C8:LeaderElection4: begin an election at term 1 for -1: [b44e7e57-9837-469e-aba7-9d7779212b32:192.168.36.79:41325], old=null
2019-09-20 08:53:11,360 [b44e7e57-9837-469e-aba7-9d7779212b32:group-54202B3324C8:LeaderElection4] INFO  impl.RoleInfo (RoleInfo.java:shutdownLeaderElection(134)) - b44e7e57-9837-469e-aba7-9d7779212b32: shutdown LeaderElection
2019-09-20 08:53:11,360 [b44e7e57-9837-469e-aba7-9d7779212b32:group-54202B3324C8:LeaderElection4] INFO  impl.RaftServerImpl (RaftServerImpl.java:setRole(171)) - b44e7e57-9837-469e-aba7-9d7779212b32:group-54202B3324C8 changes role from CANDIDATE to LEADER at term 1 for changeToLeader
2019-09-20 08:53:11,360 [b44e7e57-9837-469e-aba7-9d7779212b32:group-54202B3324C8:LeaderElection4] INFO  impl.RaftServerImpl (ServerState.java:setLeader(263)) - b44e7e57-9837-469e-aba7-9d7779212b32:group-54202B3324C8 change Leader from null to b44e7e57-9837-469e-aba7-9d7779212b32 at term 1 for becomeLeader, leader elected after 5173ms
2019-09-20 08:53:11,360 [b44e7e57-9837-469e-aba7-9d7779212b32:group-54202B3324C8:LeaderElection4] INFO  server.RaftServerConfigKeys (ConfUtils.java:logGet(43)) - raft.server.staging.catchup.gap = 1000 (default)
2019-09-20 08:53:11,361 [b44e7e57-9837-469e-aba7-9d7779212b32:group-54202B3324C8:LeaderElection4] INFO  server.RaftServerConfigKeys (ConfUtils.java:logGet(43)) - raft.server.rpc.sleep.time = 25ms (default)
2019-09-20 08:53:11,361 [b44e7e57-9837-469e-aba7-9d7779212b32:group-54202B3324C8:LeaderElection4] INFO  server.RaftServerConfigKeys (ConfUtils.java:logGet(43)) - raft.server.write.element-limit = 4096 (default)
2019-09-20 08:53:11,361 [b44e7e57-9837-469e-aba7-9d7779212b32:group-54202B3324C8:LeaderElection4] INFO  server.RaftServerConfigKeys (ConfUtils.java:logGet(43)) - raft.server.watch.timeout = 10s (default)
2019-09-20 08:53:11,361 [b44e7e57-9837-469e-aba7-9d7779212b32:group-54202B3324C8:LeaderElection4] INFO  server.RaftServerConfigKeys (ConfUtils.java:logGet(43)) - raft.server.watch.timeout.denomination = 1s (default)
2019-09-20 08:53:11,361 [b44e7e57-9837-469e-aba7-9d7779212b32:group-54202B3324C8:LeaderElection4] INFO  server.RaftServerConfigKeys (ConfUtils.java:logGet(43)) - raft.server.watch.element-limit = 65536 (default)
2019-09-20 08:53:11,361 [b44e7e57-9837-469e-aba7-9d7779212b32:group-54202B3324C8:LeaderElection4] INFO  impl.RoleInfo (RoleInfo.java:updateAndGet(143)) - b44e7e57-9837-469e-aba7-9d7779212b32: start LeaderState
2019-09-20 08:53:11,362 [b44e7e57-9837-469e-aba7-9d7779212b32:group-54202B3324C8:LeaderElection4] INFO  segmented.SegmentedRaftLogWorker (SegmentedRaftLogWorker.java:startLogSegment(380)) - b44e7e57-9837-469e-aba7-9d7779212b32-SegmentedRaftLogWorker:Storage Directory /workdir/hadoop-ozone/tools/target/test-dir/MiniOzoneClusterImpl-fdb7164d-332a-4161-9ef6-b429f59a210d/datanode-2/data/ratis/77d603ce-8a01-46cb-8d55-54202b3324c8: Starting segment from index:0
2019-09-20 08:53:11,362 [b44e7e57-9837-469e-aba7-9d7779212b32:group-54202B3324C8:LeaderElection4] INFO  impl.RaftServerImpl (ServerState.java:setRaftConf(361)) - b44e7e57-9837-469e-aba7-9d7779212b32:group-54202B3324C8 set configuration 0: [b44e7e57-9837-469e-aba7-9d7779212b32:192.168.36.79:41325], old=null at 0
2019-09-20 08:53:11,390 [f78c6f6f-b83c-4bef-83c8-4f247fc2f9cb:group-394B48DC2488:LeaderElection5] INFO  impl.LeaderElection (LeaderElection.java:askForVotes(181)) - f78c6f6f-b83c-4bef-83c8-4f247fc2f9cb:group-394B48DC2488:LeaderElection5: begin an election at term 1 for -1: [f78c6f6f-b83c-4bef-83c8-4f247fc2f9cb:192.168.36.79:33749], old=null
2019-09-20 08:53:11,391 [f78c6f6f-b83c-4bef-83c8-4f247fc2f9cb:group-394B48DC2488:LeaderElection5] INFO  impl.RoleInfo (RoleInfo.java:shutdownLeaderElection(134)) - f78c6f6f-b83c-4bef-83c8-4f247fc2f9cb: shutdown LeaderElection
2019-09-20 08:53:11,391 [f78c6f6f-b83c-4bef-83c8-4f247fc2f9cb:group-394B48DC2488:LeaderElection5] INFO  impl.RaftServerImpl (RaftServerImpl.java:setRole(171)) - f78c6f6f-b83c-4bef-83c8-4f247fc2f9cb:group-394B48DC2488 changes role from CANDIDATE to LEADER at term 1 for changeToLeader
2019-09-20 08:53:11,391 [f78c6f6f-b83c-4bef-83c8-4f247fc2f9cb:group-394B48DC2488:LeaderElection5] INFO  impl.RaftServerImpl (ServerState.java:setLeader(263)) - f78c6f6f-b83c-4bef-83c8-4f247fc2f9cb:group-394B48DC2488 change Leader from null to f78c6f6f-b83c-4bef-83c8-4f247fc2f9cb at term 1 for becomeLeader, leader elected after 5062ms
2019-09-20 08:53:11,391 [f78c6f6f-b83c-4bef-83c8-4f247fc2f9cb:group-394B48DC2488:LeaderElection5] INFO  server.RaftServerConfigKeys (ConfUtils.java:logGet(43)) - raft.server.staging.catchup.gap = 1000 (default)
2019-09-20 08:53:11,391 [f78c6f6f-b83c-4bef-83c8-4f247fc2f9cb:group-394B48DC2488:LeaderElection5] INFO  server.RaftServerConfigKeys (ConfUtils.java:logGet(43)) - raft.server.rpc.sleep.time = 25ms (default)
2019-09-20 08:53:11,391 [f78c6f6f-b83c-4bef-83c8-4f247fc2f9cb:group-394B48DC2488:LeaderElection5] INFO  server.RaftServerConfigKeys (ConfUtils.java:logGet(43)) - raft.server.write.element-limit = 4096 (default)
2019-09-20 08:53:11,391 [f78c6f6f-b83c-4bef-83c8-4f247fc2f9cb:group-394B48DC2488:LeaderElection5] INFO  server.RaftServerConfigKeys (ConfUtils.java:logGet(43)) - raft.server.watch.timeout = 10s (default)
2019-09-20 08:53:11,391 [f78c6f6f-b83c-4bef-83c8-4f247fc2f9cb:group-394B48DC2488:LeaderElection5] INFO  server.RaftServerConfigKeys (ConfUtils.java:logGet(43)) - raft.server.watch.timeout.denomination = 1s (default)
2019-09-20 08:53:11,391 [f78c6f6f-b83c-4bef-83c8-4f247fc2f9cb:group-394B48DC2488:LeaderElection5] INFO  server.RaftServerConfigKeys (ConfUtils.java:logGet(43)) - raft.server.watch.element-limit = 65536 (default)
2019-09-20 08:53:11,392 [f78c6f6f-b83c-4bef-83c8-4f247fc2f9cb:group-394B48DC2488:LeaderElection5] INFO  impl.RoleInfo (RoleInfo.java:updateAndGet(143)) - f78c6f6f-b83c-4bef-83c8-4f247fc2f9cb: start LeaderState
2019-09-20 08:53:11,392 [f78c6f6f-b83c-4bef-83c8-4f247fc2f9cb:group-394B48DC2488:LeaderElection5] INFO  segmented.SegmentedRaftLogWorker (SegmentedRaftLogWorker.java:startLogSegment(380)) - f78c6f6f-b83c-4bef-83c8-4f247fc2f9cb-SegmentedRaftLogWorker:Storage Directory /workdir/hadoop-ozone/tools/target/test-dir/MiniOzoneClusterImpl-fdb7164d-332a-4161-9ef6-b429f59a210d/datanode-0/data/ratis/6fdd9427-d381-43e5-aa5d-394b48dc2488: Starting segment from index:0
2019-09-20 08:53:11,392 [f78c6f6f-b83c-4bef-83c8-4f247fc2f9cb:group-394B48DC2488:LeaderElection5] INFO  impl.RaftServerImpl (ServerState.java:setRaftConf(361)) - f78c6f6f-b83c-4bef-83c8-4f247fc2f9cb:group-394B48DC2488 set configuration 0: [f78c6f6f-b83c-4bef-83c8-4f247fc2f9cb:192.168.36.79:33749], old=null at 0
2019-09-20 08:53:11,420 [b44e7e57-9837-469e-aba7-9d7779212b32-SegmentedRaftLogWorker:Storage Directory /workdir/hadoop-ozone/tools/target/test-dir/MiniOzoneClusterImpl-fdb7164d-332a-4161-9ef6-b429f59a210d/datanode-2/data/ratis/77d603ce-8a01-46cb-8d55-54202b3324c8] INFO  segmented.SegmentedRaftLogWorker (SegmentedRaftLogWorker.java:execute(569)) - b44e7e57-9837-469e-aba7-9d7779212b32-SegmentedRaftLogWorker:Storage Directory /workdir/hadoop-ozone/tools/target/test-dir/MiniOzoneClusterImpl-fdb7164d-332a-4161-9ef6-b429f59a210d/datanode-2/data/ratis/77d603ce-8a01-46cb-8d55-54202b3324c8: created new log segment /workdir/hadoop-ozone/tools/target/test-dir/MiniOzoneClusterImpl-fdb7164d-332a-4161-9ef6-b429f59a210d/datanode-2/data/ratis/77d603ce-8a01-46cb-8d55-54202b3324c8/current/log_inprogress_0
2019-09-20 08:53:11,453 [f78c6f6f-b83c-4bef-83c8-4f247fc2f9cb-SegmentedRaftLogWorker:Storage Directory /workdir/hadoop-ozone/tools/target/test-dir/MiniOzoneClusterImpl-fdb7164d-332a-4161-9ef6-b429f59a210d/datanode-0/data/ratis/6fdd9427-d381-43e5-aa5d-394b48dc2488] INFO  segmented.SegmentedRaftLogWorker (SegmentedRaftLogWorker.java:execute(569)) - f78c6f6f-b83c-4bef-83c8-4f247fc2f9cb-SegmentedRaftLogWorker:Storage Directory /workdir/hadoop-ozone/tools/target/test-dir/MiniOzoneClusterImpl-fdb7164d-332a-4161-9ef6-b429f59a210d/datanode-0/data/ratis/6fdd9427-d381-43e5-aa5d-394b48dc2488: created new log segment /workdir/hadoop-ozone/tools/target/test-dir/MiniOzoneClusterImpl-fdb7164d-332a-4161-9ef6-b429f59a210d/datanode-0/data/ratis/6fdd9427-d381-43e5-aa5d-394b48dc2488/current/log_inprogress_0
2019-09-20 08:53:11,494 | INFO  | SCMAudit | user=jenkins1000 | ip=192.168.36.79 | op=SEND_HEARTBEAT {datanodeUUID=f924f469-4e73-41d9-9d19-420bd0dc75a2, command=[]} | ret=SUCCESS |  
2019-09-20 08:53:11,501 [Thread-224] INFO  impl.FollowerState (FollowerState.java:run(106)) - b44e7e57-9837-469e-aba7-9d7779212b32:group-518361B733BA changes to CANDIDATE, lastRpcTime:5065, electionTimeout:5065ms
2019-09-20 08:53:11,503 [Thread-224] INFO  impl.RoleInfo (RoleInfo.java:shutdownFollowerState(121)) - b44e7e57-9837-469e-aba7-9d7779212b32: shutdown FollowerState
2019-09-20 08:53:11,504 [Thread-224] INFO  impl.RaftServerImpl (RaftServerImpl.java:setRole(171)) - b44e7e57-9837-469e-aba7-9d7779212b32:group-518361B733BA changes role from FOLLOWER to CANDIDATE at term 0 for changeToCandidate
2019-09-20 08:53:11,504 [Thread-224] INFO  impl.RoleInfo (RoleInfo.java:updateAndGet(143)) - b44e7e57-9837-469e-aba7-9d7779212b32: start LeaderElection
2019-09-20 08:53:11,510 | INFO  | SCMAudit | user=jenkins1000 | ip=192.168.36.79 | op=SEND_HEARTBEAT {datanodeUUID=93e6190b-41b6-4f2c-abfa-7324859860a0, command=[]} | ret=SUCCESS |  
2019-09-20 08:53:11,514 | INFO  | SCMAudit | user=jenkins1000 | ip=192.168.36.79 | op=SEND_HEARTBEAT {datanodeUUID=f78c6f6f-b83c-4bef-83c8-4f247fc2f9cb, command=[]} | ret=SUCCESS |  
2019-09-20 08:53:11,545 [b44e7e57-9837-469e-aba7-9d7779212b32:group-518361B733BA:LeaderElection6] INFO  impl.LeaderElection (LeaderElection.java:askForVotes(181)) - b44e7e57-9837-469e-aba7-9d7779212b32:group-518361B733BA:LeaderElection6: begin an election at term 1 for -1: [b44e7e57-9837-469e-aba7-9d7779212b32:192.168.36.79:41325], old=null
2019-09-20 08:53:11,547 [b44e7e57-9837-469e-aba7-9d7779212b32:group-518361B733BA:LeaderElection6] INFO  impl.RoleInfo (RoleInfo.java:shutdownLeaderElection(134)) - b44e7e57-9837-469e-aba7-9d7779212b32: shutdown LeaderElection
2019-09-20 08:53:11,547 [b44e7e57-9837-469e-aba7-9d7779212b32:group-518361B733BA:LeaderElection6] INFO  impl.RaftServerImpl (RaftServerImpl.java:setRole(171)) - b44e7e57-9837-469e-aba7-9d7779212b32:group-518361B733BA changes role from CANDIDATE to LEADER at term 1 for changeToLeader
2019-09-20 08:53:11,548 [b44e7e57-9837-469e-aba7-9d7779212b32:group-518361B733BA:LeaderElection6] INFO  impl.RaftServerImpl (ServerState.java:setLeader(263)) - b44e7e57-9837-469e-aba7-9d7779212b32:group-518361B733BA change Leader from null to b44e7e57-9837-469e-aba7-9d7779212b32 at term 1 for becomeLeader, leader elected after 5118ms
2019-09-20 08:53:11,548 [b44e7e57-9837-469e-aba7-9d7779212b32:group-518361B733BA:LeaderElection6] INFO  server.RaftServerConfigKeys (ConfUtils.java:logGet(43)) - raft.server.staging.catchup.gap = 1000 (default)
2019-09-20 08:53:11,548 [b44e7e57-9837-469e-aba7-9d7779212b32:group-518361B733BA:LeaderElection6] INFO  server.RaftServerConfigKeys (ConfUtils.java:logGet(43)) - raft.server.rpc.sleep.time = 25ms (default)
2019-09-20 08:53:11,548 [b44e7e57-9837-469e-aba7-9d7779212b32:group-518361B733BA:LeaderElection6] INFO  server.RaftServerConfigKeys (ConfUtils.java:logGet(43)) - raft.server.write.element-limit = 4096 (default)
2019-09-20 08:53:11,548 [b44e7e57-9837-469e-aba7-9d7779212b32:group-518361B733BA:LeaderElection6] INFO  server.RaftServerConfigKeys (ConfUtils.java:logGet(43)) - raft.server.watch.timeout = 10s (default)
2019-09-20 08:53:11,549 [b44e7e57-9837-469e-aba7-9d7779212b32:group-518361B733BA:LeaderElection6] INFO  server.RaftServerConfigKeys (ConfUtils.java:logGet(43)) - raft.server.watch.timeout.denomination = 1s (default)
2019-09-20 08:53:11,549 [b44e7e57-9837-469e-aba7-9d7779212b32:group-518361B733BA:LeaderElection6] INFO  server.RaftServerConfigKeys (ConfUtils.java:logGet(43)) - raft.server.watch.element-limit = 65536 (default)
2019-09-20 08:53:11,549 [b44e7e57-9837-469e-aba7-9d7779212b32:group-518361B733BA:LeaderElection6] INFO  impl.RoleInfo (RoleInfo.java:updateAndGet(143)) - b44e7e57-9837-469e-aba7-9d7779212b32: start LeaderState
2019-09-20 08:53:11,549 [b44e7e57-9837-469e-aba7-9d7779212b32:group-518361B733BA:LeaderElection6] INFO  segmented.SegmentedRaftLogWorker (SegmentedRaftLogWorker.java:startLogSegment(380)) - b44e7e57-9837-469e-aba7-9d7779212b32-SegmentedRaftLogWorker:Storage Directory /workdir/hadoop-ozone/tools/target/test-dir/MiniOzoneClusterImpl-fdb7164d-332a-4161-9ef6-b429f59a210d/datanode-2/data/ratis/508b6196-7575-408e-8168-518361b733ba: Starting segment from index:0
2019-09-20 08:53:11,550 [b44e7e57-9837-469e-aba7-9d7779212b32:group-518361B733BA:LeaderElection6] INFO  impl.RaftServerImpl (ServerState.java:setRaftConf(361)) - b44e7e57-9837-469e-aba7-9d7779212b32:group-518361B733BA set configuration 0: [b44e7e57-9837-469e-aba7-9d7779212b32:192.168.36.79:41325], old=null at 0
2019-09-20 08:53:11,610 [Thread-227] INFO  impl.FollowerState (FollowerState.java:run(106)) - 036c7012-de9e-4e05-8743-9a12868644f9:group-3F9ED881412F changes to CANDIDATE, lastRpcTime:5065, electionTimeout:5065ms
2019-09-20 08:53:11,610 [Thread-227] INFO  impl.RoleInfo (RoleInfo.java:shutdownFollowerState(121)) - 036c7012-de9e-4e05-8743-9a12868644f9: shutdown FollowerState
2019-09-20 08:53:11,611 [Thread-227] INFO  impl.RaftServerImpl (RaftServerImpl.java:setRole(171)) - 036c7012-de9e-4e05-8743-9a12868644f9:group-3F9ED881412F changes role from FOLLOWER to CANDIDATE at term 0 for changeToCandidate
2019-09-20 08:53:11,611 [Thread-227] INFO  impl.RoleInfo (RoleInfo.java:updateAndGet(143)) - 036c7012-de9e-4e05-8743-9a12868644f9: start LeaderElection
2019-09-20 08:53:11,614 [b44e7e57-9837-469e-aba7-9d7779212b32-SegmentedRaftLogWorker:Storage Directory /workdir/hadoop-ozone/tools/target/test-dir/MiniOzoneClusterImpl-fdb7164d-332a-4161-9ef6-b429f59a210d/datanode-2/data/ratis/508b6196-7575-408e-8168-518361b733ba] INFO  segmented.SegmentedRaftLogWorker (SegmentedRaftLogWorker.java:execute(569)) - b44e7e57-9837-469e-aba7-9d7779212b32-SegmentedRaftLogWorker:Storage Directory /workdir/hadoop-ozone/tools/target/test-dir/MiniOzoneClusterImpl-fdb7164d-332a-4161-9ef6-b429f59a210d/datanode-2/data/ratis/508b6196-7575-408e-8168-518361b733ba: created new log segment /workdir/hadoop-ozone/tools/target/test-dir/MiniOzoneClusterImpl-fdb7164d-332a-4161-9ef6-b429f59a210d/datanode-2/data/ratis/508b6196-7575-408e-8168-518361b733ba/current/log_inprogress_0
2019-09-20 08:53:11,646 [036c7012-de9e-4e05-8743-9a12868644f9:group-3F9ED881412F:LeaderElection7] INFO  impl.LeaderElection (LeaderElection.java:askForVotes(181)) - 036c7012-de9e-4e05-8743-9a12868644f9:group-3F9ED881412F:LeaderElection7: begin an election at term 1 for -1: [036c7012-de9e-4e05-8743-9a12868644f9:192.168.36.79:42237], old=null
2019-09-20 08:53:11,647 [036c7012-de9e-4e05-8743-9a12868644f9:group-3F9ED881412F:LeaderElection7] INFO  impl.RoleInfo (RoleInfo.java:shutdownLeaderElection(134)) - 036c7012-de9e-4e05-8743-9a12868644f9: shutdown LeaderElection
2019-09-20 08:53:11,647 [036c7012-de9e-4e05-8743-9a12868644f9:group-3F9ED881412F:LeaderElection7] INFO  impl.RaftServerImpl (RaftServerImpl.java:setRole(171)) - 036c7012-de9e-4e05-8743-9a12868644f9:group-3F9ED881412F changes role from CANDIDATE to LEADER at term 1 for changeToLeader
2019-09-20 08:53:11,647 [036c7012-de9e-4e05-8743-9a12868644f9:group-3F9ED881412F:LeaderElection7] INFO  impl.RaftServerImpl (ServerState.java:setLeader(263)) - 036c7012-de9e-4e05-8743-9a12868644f9:group-3F9ED881412F change Leader from null to 036c7012-de9e-4e05-8743-9a12868644f9 at term 1 for becomeLeader, leader elected after 5108ms
2019-09-20 08:53:11,649 [036c7012-de9e-4e05-8743-9a12868644f9:group-3F9ED881412F:LeaderElection7] INFO  server.RaftServerConfigKeys (ConfUtils.java:logGet(43)) - raft.server.staging.catchup.gap = 1000 (default)
2019-09-20 08:53:11,649 [036c7012-de9e-4e05-8743-9a12868644f9:group-3F9ED881412F:LeaderElection7] INFO  server.RaftServerConfigKeys (ConfUtils.java:logGet(43)) - raft.server.rpc.sleep.time = 25ms (default)
2019-09-20 08:53:11,650 [036c7012-de9e-4e05-8743-9a12868644f9:group-3F9ED881412F:LeaderElection7] INFO  server.RaftServerConfigKeys (ConfUtils.java:logGet(43)) - raft.server.write.element-limit = 4096 (default)
2019-09-20 08:53:11,650 [036c7012-de9e-4e05-8743-9a12868644f9:group-3F9ED881412F:LeaderElection7] INFO  server.RaftServerConfigKeys (ConfUtils.java:logGet(43)) - raft.server.watch.timeout = 10s (default)
2019-09-20 08:53:11,650 [036c7012-de9e-4e05-8743-9a12868644f9:group-3F9ED881412F:LeaderElection7] INFO  server.RaftServerConfigKeys (ConfUtils.java:logGet(43)) - raft.server.watch.timeout.denomination = 1s (default)
2019-09-20 08:53:11,650 [036c7012-de9e-4e05-8743-9a12868644f9:group-3F9ED881412F:LeaderElection7] INFO  server.RaftServerConfigKeys (ConfUtils.java:logGet(43)) - raft.server.watch.element-limit = 65536 (default)
2019-09-20 08:53:11,651 [036c7012-de9e-4e05-8743-9a12868644f9:group-3F9ED881412F:LeaderElection7] INFO  impl.RoleInfo (RoleInfo.java:updateAndGet(143)) - 036c7012-de9e-4e05-8743-9a12868644f9: start LeaderState
2019-09-20 08:53:11,651 [036c7012-de9e-4e05-8743-9a12868644f9:group-3F9ED881412F:LeaderElection7] INFO  segmented.SegmentedRaftLogWorker (SegmentedRaftLogWorker.java:startLogSegment(380)) - 036c7012-de9e-4e05-8743-9a12868644f9-SegmentedRaftLogWorker:Storage Directory /workdir/hadoop-ozone/tools/target/test-dir/MiniOzoneClusterImpl-fdb7164d-332a-4161-9ef6-b429f59a210d/datanode-1/data/ratis/1a6b2784-5da7-4596-a632-3f9ed881412f: Starting segment from index:0
2019-09-20 08:53:11,652 [036c7012-de9e-4e05-8743-9a12868644f9:group-3F9ED881412F:LeaderElection7] INFO  impl.RaftServerImpl (ServerState.java:setRaftConf(361)) - 036c7012-de9e-4e05-8743-9a12868644f9:group-3F9ED881412F set configuration 0: [036c7012-de9e-4e05-8743-9a12868644f9:192.168.36.79:42237], old=null at 0
2019-09-20 08:53:11,705 [036c7012-de9e-4e05-8743-9a12868644f9-SegmentedRaftLogWorker:Storage Directory /workdir/hadoop-ozone/tools/target/test-dir/MiniOzoneClusterImpl-fdb7164d-332a-4161-9ef6-b429f59a210d/datanode-1/data/ratis/1a6b2784-5da7-4596-a632-3f9ed881412f] INFO  segmented.SegmentedRaftLogWorker (SegmentedRaftLogWorker.java:execute(569)) - 036c7012-de9e-4e05-8743-9a12868644f9-SegmentedRaftLogWorker:Storage Directory /workdir/hadoop-ozone/tools/target/test-dir/MiniOzoneClusterImpl-fdb7164d-332a-4161-9ef6-b429f59a210d/datanode-1/data/ratis/1a6b2784-5da7-4596-a632-3f9ed881412f: created new log segment /workdir/hadoop-ozone/tools/target/test-dir/MiniOzoneClusterImpl-fdb7164d-332a-4161-9ef6-b429f59a210d/datanode-1/data/ratis/1a6b2784-5da7-4596-a632-3f9ed881412f/current/log_inprogress_0
2019-09-20 08:53:11,757 | INFO  | SCMAudit | user=jenkins1000 | ip=192.168.36.79 | op=SEND_HEARTBEAT {datanodeUUID=036c7012-de9e-4e05-8743-9a12868644f9, command=[]} | ret=SUCCESS |  
2019-09-20 08:53:11,829 [Thread-231] INFO  impl.FollowerState (FollowerState.java:run(106)) - f78c6f6f-b83c-4bef-83c8-4f247fc2f9cb:group-4DC6218FB91D changes to CANDIDATE, lastRpcTime:5166, electionTimeout:5166ms
2019-09-20 08:53:11,830 [Thread-231] INFO  impl.RoleInfo (RoleInfo.java:shutdownFollowerState(121)) - f78c6f6f-b83c-4bef-83c8-4f247fc2f9cb: shutdown FollowerState
2019-09-20 08:53:11,830 [Thread-231] INFO  impl.RaftServerImpl (RaftServerImpl.java:setRole(171)) - f78c6f6f-b83c-4bef-83c8-4f247fc2f9cb:group-4DC6218FB91D changes role from FOLLOWER to CANDIDATE at term 0 for changeToCandidate
2019-09-20 08:53:11,830 [Thread-231] INFO  impl.RoleInfo (RoleInfo.java:updateAndGet(143)) - f78c6f6f-b83c-4bef-83c8-4f247fc2f9cb: start LeaderElection
2019-09-20 08:53:11,880 [f78c6f6f-b83c-4bef-83c8-4f247fc2f9cb:group-4DC6218FB91D:LeaderElection8] INFO  impl.LeaderElection (LeaderElection.java:askForVotes(181)) - f78c6f6f-b83c-4bef-83c8-4f247fc2f9cb:group-4DC6218FB91D:LeaderElection8: begin an election at term 1 for -1: [f78c6f6f-b83c-4bef-83c8-4f247fc2f9cb:192.168.36.79:33749], old=null
2019-09-20 08:53:11,882 [f78c6f6f-b83c-4bef-83c8-4f247fc2f9cb:group-4DC6218FB91D:LeaderElection8] INFO  impl.RoleInfo (RoleInfo.java:shutdownLeaderElection(134)) - f78c6f6f-b83c-4bef-83c8-4f247fc2f9cb: shutdown LeaderElection
2019-09-20 08:53:11,882 [f78c6f6f-b83c-4bef-83c8-4f247fc2f9cb:group-4DC6218FB91D:LeaderElection8] INFO  impl.RaftServerImpl (RaftServerImpl.java:setRole(171)) - f78c6f6f-b83c-4bef-83c8-4f247fc2f9cb:group-4DC6218FB91D changes role from CANDIDATE to LEADER at term 1 for changeToLeader
2019-09-20 08:53:11,883 [f78c6f6f-b83c-4bef-83c8-4f247fc2f9cb:group-4DC6218FB91D:LeaderElection8] INFO  impl.RaftServerImpl (ServerState.java:setLeader(263)) - f78c6f6f-b83c-4bef-83c8-4f247fc2f9cb:group-4DC6218FB91D change Leader from null to f78c6f6f-b83c-4bef-83c8-4f247fc2f9cb at term 1 for becomeLeader, leader elected after 5226ms
2019-09-20 08:53:11,883 [f78c6f6f-b83c-4bef-83c8-4f247fc2f9cb:group-4DC6218FB91D:LeaderElection8] INFO  server.RaftServerConfigKeys (ConfUtils.java:logGet(43)) - raft.server.staging.catchup.gap = 1000 (default)
2019-09-20 08:53:11,883 [f78c6f6f-b83c-4bef-83c8-4f247fc2f9cb:group-4DC6218FB91D:LeaderElection8] INFO  server.RaftServerConfigKeys (ConfUtils.java:logGet(43)) - raft.server.rpc.sleep.time = 25ms (default)
2019-09-20 08:53:11,883 [f78c6f6f-b83c-4bef-83c8-4f247fc2f9cb:group-4DC6218FB91D:LeaderElection8] INFO  server.RaftServerConfigKeys (ConfUtils.java:logGet(43)) - raft.server.write.element-limit = 4096 (default)
2019-09-20 08:53:11,884 [f78c6f6f-b83c-4bef-83c8-4f247fc2f9cb:group-4DC6218FB91D:LeaderElection8] INFO  server.RaftServerConfigKeys (ConfUtils.java:logGet(43)) - raft.server.watch.timeout = 10s (default)
2019-09-20 08:53:11,884 [f78c6f6f-b83c-4bef-83c8-4f247fc2f9cb:group-4DC6218FB91D:LeaderElection8] INFO  server.RaftServerConfigKeys (ConfUtils.java:logGet(43)) - raft.server.watch.timeout.denomination = 1s (default)
2019-09-20 08:53:11,884 [f78c6f6f-b83c-4bef-83c8-4f247fc2f9cb:group-4DC6218FB91D:LeaderElection8] INFO  server.RaftServerConfigKeys (ConfUtils.java:logGet(43)) - raft.server.watch.element-limit = 65536 (default)
2019-09-20 08:53:11,885 [f78c6f6f-b83c-4bef-83c8-4f247fc2f9cb:group-4DC6218FB91D:LeaderElection8] INFO  impl.RoleInfo (RoleInfo.java:updateAndGet(143)) - f78c6f6f-b83c-4bef-83c8-4f247fc2f9cb: start LeaderState
2019-09-20 08:53:11,885 [f78c6f6f-b83c-4bef-83c8-4f247fc2f9cb:group-4DC6218FB91D:LeaderElection8] INFO  segmented.SegmentedRaftLogWorker (SegmentedRaftLogWorker.java:startLogSegment(380)) - f78c6f6f-b83c-4bef-83c8-4f247fc2f9cb-SegmentedRaftLogWorker:Storage Directory /workdir/hadoop-ozone/tools/target/test-dir/MiniOzoneClusterImpl-fdb7164d-332a-4161-9ef6-b429f59a210d/datanode-0/data/ratis/9e748c69-e2e6-4b9f-85eb-4dc6218fb91d: Starting segment from index:0
2019-09-20 08:53:11,886 [f78c6f6f-b83c-4bef-83c8-4f247fc2f9cb:group-4DC6218FB91D:LeaderElection8] INFO  impl.RaftServerImpl (ServerState.java:setRaftConf(361)) - f78c6f6f-b83c-4bef-83c8-4f247fc2f9cb:group-4DC6218FB91D set configuration 0: [f78c6f6f-b83c-4bef-83c8-4f247fc2f9cb:192.168.36.79:33749], old=null at 0
2019-09-20 08:53:11,923 [Thread-234] INFO  impl.FollowerState (FollowerState.java:run(106)) - 036c7012-de9e-4e05-8743-9a12868644f9:group-6555022F64F6 changes to CANDIDATE, lastRpcTime:5159, electionTimeout:5158ms
2019-09-20 08:53:11,923 [Thread-238] INFO  impl.FollowerState (FollowerState.java:run(106)) - b44e7e57-9837-469e-aba7-9d7779212b32:group-C7256D5F81AD changes to CANDIDATE, lastRpcTime:5018, electionTimeout:5005ms
2019-09-20 08:53:11,923 [Thread-234] INFO  impl.RoleInfo (RoleInfo.java:shutdownFollowerState(121)) - 036c7012-de9e-4e05-8743-9a12868644f9: shutdown FollowerState
2019-09-20 08:53:11,924 [Thread-238] INFO  impl.RoleInfo (RoleInfo.java:shutdownFollowerState(121)) - b44e7e57-9837-469e-aba7-9d7779212b32: shutdown FollowerState
2019-09-20 08:53:11,924 [Thread-234] INFO  impl.RaftServerImpl (RaftServerImpl.java:setRole(171)) - 036c7012-de9e-4e05-8743-9a12868644f9:group-6555022F64F6 changes role from FOLLOWER to CANDIDATE at term 0 for changeToCandidate
2019-09-20 08:53:11,924 [Thread-238] INFO  impl.RaftServerImpl (RaftServerImpl.java:setRole(171)) - b44e7e57-9837-469e-aba7-9d7779212b32:group-C7256D5F81AD changes role from FOLLOWER to CANDIDATE at term 0 for changeToCandidate
2019-09-20 08:53:11,924 [Thread-234] INFO  impl.RoleInfo (RoleInfo.java:updateAndGet(143)) - 036c7012-de9e-4e05-8743-9a12868644f9: start LeaderElection
2019-09-20 08:53:11,924 [Thread-238] INFO  impl.RoleInfo (RoleInfo.java:updateAndGet(143)) - b44e7e57-9837-469e-aba7-9d7779212b32: start LeaderElection
2019-09-20 08:53:11,969 [f78c6f6f-b83c-4bef-83c8-4f247fc2f9cb-SegmentedRaftLogWorker:Storage Directory /workdir/hadoop-ozone/tools/target/test-dir/MiniOzoneClusterImpl-fdb7164d-332a-4161-9ef6-b429f59a210d/datanode-0/data/ratis/9e748c69-e2e6-4b9f-85eb-4dc6218fb91d] INFO  segmented.SegmentedRaftLogWorker (SegmentedRaftLogWorker.java:execute(569)) - f78c6f6f-b83c-4bef-83c8-4f247fc2f9cb-SegmentedRaftLogWorker:Storage Directory /workdir/hadoop-ozone/tools/target/test-dir/MiniOzoneClusterImpl-fdb7164d-332a-4161-9ef6-b429f59a210d/datanode-0/data/ratis/9e748c69-e2e6-4b9f-85eb-4dc6218fb91d: created new log segment /workdir/hadoop-ozone/tools/target/test-dir/MiniOzoneClusterImpl-fdb7164d-332a-4161-9ef6-b429f59a210d/datanode-0/data/ratis/9e748c69-e2e6-4b9f-85eb-4dc6218fb91d/current/log_inprogress_0
2019-09-20 08:53:11,970 [b44e7e57-9837-469e-aba7-9d7779212b32:group-C7256D5F81AD:LeaderElection10] INFO  impl.LeaderElection (LeaderElection.java:askForVotes(181)) - b44e7e57-9837-469e-aba7-9d7779212b32:group-C7256D5F81AD:LeaderElection10: begin an election at term 1 for -1: [b44e7e57-9837-469e-aba7-9d7779212b32:192.168.36.79:41325], old=null
2019-09-20 08:53:11,970 [036c7012-de9e-4e05-8743-9a12868644f9:group-6555022F64F6:LeaderElection9] INFO  impl.LeaderElection (LeaderElection.java:askForVotes(181)) - 036c7012-de9e-4e05-8743-9a12868644f9:group-6555022F64F6:LeaderElection9: begin an election at term 1 for -1: [036c7012-de9e-4e05-8743-9a12868644f9:192.168.36.79:42237], old=null
2019-09-20 08:53:11,972 [b44e7e57-9837-469e-aba7-9d7779212b32:group-C7256D5F81AD:LeaderElection10] INFO  impl.RoleInfo (RoleInfo.java:shutdownLeaderElection(134)) - b44e7e57-9837-469e-aba7-9d7779212b32: shutdown LeaderElection
2019-09-20 08:53:11,972 [036c7012-de9e-4e05-8743-9a12868644f9:group-6555022F64F6:LeaderElection9] INFO  impl.RoleInfo (RoleInfo.java:shutdownLeaderElection(134)) - 036c7012-de9e-4e05-8743-9a12868644f9: shutdown LeaderElection
2019-09-20 08:53:11,972 [b44e7e57-9837-469e-aba7-9d7779212b32:group-C7256D5F81AD:LeaderElection10] INFO  impl.RaftServerImpl (RaftServerImpl.java:setRole(171)) - b44e7e57-9837-469e-aba7-9d7779212b32:group-C7256D5F81AD changes role from CANDIDATE to LEADER at term 1 for changeToLeader
2019-09-20 08:53:11,972 [036c7012-de9e-4e05-8743-9a12868644f9:group-6555022F64F6:LeaderElection9] INFO  impl.RaftServerImpl (RaftServerImpl.java:setRole(171)) - 036c7012-de9e-4e05-8743-9a12868644f9:group-6555022F64F6 changes role from CANDIDATE to LEADER at term 1 for changeToLeader
2019-09-20 08:53:11,972 [b44e7e57-9837-469e-aba7-9d7779212b32:group-C7256D5F81AD:LeaderElection10] INFO  impl.RaftServerImpl (ServerState.java:setLeader(263)) - b44e7e57-9837-469e-aba7-9d7779212b32:group-C7256D5F81AD change Leader from null to b44e7e57-9837-469e-aba7-9d7779212b32 at term 1 for becomeLeader, leader elected after 5073ms
2019-09-20 08:53:11,972 [036c7012-de9e-4e05-8743-9a12868644f9:group-6555022F64F6:LeaderElection9] INFO  impl.RaftServerImpl (ServerState.java:setLeader(263)) - 036c7012-de9e-4e05-8743-9a12868644f9:group-6555022F64F6 change Leader from null to 036c7012-de9e-4e05-8743-9a12868644f9 at term 1 for becomeLeader, leader elected after 5213ms
2019-09-20 08:53:11,973 [b44e7e57-9837-469e-aba7-9d7779212b32:group-C7256D5F81AD:LeaderElection10] INFO  server.RaftServerConfigKeys (ConfUtils.java:logGet(43)) - raft.server.staging.catchup.gap = 1000 (default)
2019-09-20 08:53:11,973 [036c7012-de9e-4e05-8743-9a12868644f9:group-6555022F64F6:LeaderElection9] INFO  server.RaftServerConfigKeys (ConfUtils.java:logGet(43)) - raft.server.staging.catchup.gap = 1000 (default)
2019-09-20 08:53:11,973 [b44e7e57-9837-469e-aba7-9d7779212b32:group-C7256D5F81AD:LeaderElection10] INFO  server.RaftServerConfigKeys (ConfUtils.java:logGet(43)) - raft.server.rpc.sleep.time = 25ms (default)
2019-09-20 08:53:11,973 [036c7012-de9e-4e05-8743-9a12868644f9:group-6555022F64F6:LeaderElection9] INFO  server.RaftServerConfigKeys (ConfUtils.java:logGet(43)) - raft.server.rpc.sleep.time = 25ms (default)
2019-09-20 08:53:11,973 [b44e7e57-9837-469e-aba7-9d7779212b32:group-C7256D5F81AD:LeaderElection10] INFO  server.RaftServerConfigKeys (ConfUtils.java:logGet(43)) - raft.server.write.element-limit = 4096 (default)
2019-09-20 08:53:11,974 [036c7012-de9e-4e05-8743-9a12868644f9:group-6555022F64F6:LeaderElection9] INFO  server.RaftServerConfigKeys (ConfUtils.java:logGet(43)) - raft.server.write.element-limit = 4096 (default)
2019-09-20 08:53:11,974 [b44e7e57-9837-469e-aba7-9d7779212b32:group-C7256D5F81AD:LeaderElection10] INFO  server.RaftServerConfigKeys (ConfUtils.java:logGet(43)) - raft.server.watch.timeout = 10s (default)
2019-09-20 08:53:11,974 [036c7012-de9e-4e05-8743-9a12868644f9:group-6555022F64F6:LeaderElection9] INFO  server.RaftServerConfigKeys (ConfUtils.java:logGet(43)) - raft.server.watch.timeout = 10s (default)
2019-09-20 08:53:11,974 [b44e7e57-9837-469e-aba7-9d7779212b32:group-C7256D5F81AD:LeaderElection10] INFO  server.RaftServerConfigKeys (ConfUtils.java:logGet(43)) - raft.server.watch.timeout.denomination = 1s (default)
2019-09-20 08:53:11,974 [036c7012-de9e-4e05-8743-9a12868644f9:group-6555022F64F6:LeaderElection9] INFO  server.RaftServerConfigKeys (ConfUtils.java:logGet(43)) - raft.server.watch.timeout.denomination = 1s (default)
2019-09-20 08:53:11,974 [b44e7e57-9837-469e-aba7-9d7779212b32:group-C7256D5F81AD:LeaderElection10] INFO  server.RaftServerConfigKeys (ConfUtils.java:logGet(43)) - raft.server.watch.element-limit = 65536 (default)
2019-09-20 08:53:11,974 [036c7012-de9e-4e05-8743-9a12868644f9:group-6555022F64F6:LeaderElection9] INFO  server.RaftServerConfigKeys (ConfUtils.java:logGet(43)) - raft.server.watch.element-limit = 65536 (default)
2019-09-20 08:53:11,975 [b44e7e57-9837-469e-aba7-9d7779212b32:group-C7256D5F81AD:LeaderElection10] INFO  impl.RoleInfo (RoleInfo.java:updateAndGet(143)) - b44e7e57-9837-469e-aba7-9d7779212b32: start LeaderState
2019-09-20 08:53:11,975 [036c7012-de9e-4e05-8743-9a12868644f9:group-6555022F64F6:LeaderElection9] INFO  impl.RoleInfo (RoleInfo.java:updateAndGet(143)) - 036c7012-de9e-4e05-8743-9a12868644f9: start LeaderState
2019-09-20 08:53:11,975 [b44e7e57-9837-469e-aba7-9d7779212b32:group-C7256D5F81AD:LeaderElection10] INFO  segmented.SegmentedRaftLogWorker (SegmentedRaftLogWorker.java:startLogSegment(380)) - b44e7e57-9837-469e-aba7-9d7779212b32-SegmentedRaftLogWorker:Storage Directory /workdir/hadoop-ozone/tools/target/test-dir/MiniOzoneClusterImpl-fdb7164d-332a-4161-9ef6-b429f59a210d/datanode-2/data/ratis/8de939e1-73fb-4eaa-8bad-c7256d5f81ad: Starting segment from index:0
2019-09-20 08:53:11,976 [036c7012-de9e-4e05-8743-9a12868644f9:group-6555022F64F6:LeaderElection9] INFO  segmented.SegmentedRaftLogWorker (SegmentedRaftLogWorker.java:startLogSegment(380)) - 036c7012-de9e-4e05-8743-9a12868644f9-SegmentedRaftLogWorker:Storage Directory /workdir/hadoop-ozone/tools/target/test-dir/MiniOzoneClusterImpl-fdb7164d-332a-4161-9ef6-b429f59a210d/datanode-1/data/ratis/d1ece87b-88dc-4e5f-a823-6555022f64f6: Starting segment from index:0
2019-09-20 08:53:11,976 [b44e7e57-9837-469e-aba7-9d7779212b32:group-C7256D5F81AD:LeaderElection10] INFO  impl.RaftServerImpl (ServerState.java:setRaftConf(361)) - b44e7e57-9837-469e-aba7-9d7779212b32:group-C7256D5F81AD set configuration 0: [b44e7e57-9837-469e-aba7-9d7779212b32:192.168.36.79:41325], old=null at 0
2019-09-20 08:53:11,976 [036c7012-de9e-4e05-8743-9a12868644f9:group-6555022F64F6:LeaderElection9] INFO  impl.RaftServerImpl (ServerState.java:setRaftConf(361)) - 036c7012-de9e-4e05-8743-9a12868644f9:group-6555022F64F6 set configuration 0: [036c7012-de9e-4e05-8743-9a12868644f9:192.168.36.79:42237], old=null at 0
2019-09-20 08:53:12,032 | INFO  | SCMAudit | user=jenkins1000 | ip=192.168.36.79 | op=SEND_HEARTBEAT {datanodeUUID=b44e7e57-9837-469e-aba7-9d7779212b32, command=[]} | ret=SUCCESS |  
2019-09-20 08:53:12,036 [036c7012-de9e-4e05-8743-9a12868644f9-SegmentedRaftLogWorker:Storage Directory /workdir/hadoop-ozone/tools/target/test-dir/MiniOzoneClusterImpl-fdb7164d-332a-4161-9ef6-b429f59a210d/datanode-1/data/ratis/d1ece87b-88dc-4e5f-a823-6555022f64f6] INFO  segmented.SegmentedRaftLogWorker (SegmentedRaftLogWorker.java:execute(569)) - 036c7012-de9e-4e05-8743-9a12868644f9-SegmentedRaftLogWorker:Storage Directory /workdir/hadoop-ozone/tools/target/test-dir/MiniOzoneClusterImpl-fdb7164d-332a-4161-9ef6-b429f59a210d/datanode-1/data/ratis/d1ece87b-88dc-4e5f-a823-6555022f64f6: created new log segment /workdir/hadoop-ozone/tools/target/test-dir/MiniOzoneClusterImpl-fdb7164d-332a-4161-9ef6-b429f59a210d/datanode-1/data/ratis/d1ece87b-88dc-4e5f-a823-6555022f64f6/current/log_inprogress_0
2019-09-20 08:53:12,036 [b44e7e57-9837-469e-aba7-9d7779212b32-SegmentedRaftLogWorker:Storage Directory /workdir/hadoop-ozone/tools/target/test-dir/MiniOzoneClusterImpl-fdb7164d-332a-4161-9ef6-b429f59a210d/datanode-2/data/ratis/8de939e1-73fb-4eaa-8bad-c7256d5f81ad] INFO  segmented.SegmentedRaftLogWorker (SegmentedRaftLogWorker.java:execute(569)) - b44e7e57-9837-469e-aba7-9d7779212b32-SegmentedRaftLogWorker:Storage Directory /workdir/hadoop-ozone/tools/target/test-dir/MiniOzoneClusterImpl-fdb7164d-332a-4161-9ef6-b429f59a210d/datanode-2/data/ratis/8de939e1-73fb-4eaa-8bad-c7256d5f81ad: created new log segment /workdir/hadoop-ozone/tools/target/test-dir/MiniOzoneClusterImpl-fdb7164d-332a-4161-9ef6-b429f59a210d/datanode-2/data/ratis/8de939e1-73fb-4eaa-8bad-c7256d5f81ad/current/log_inprogress_0
 100.00% |█████████████████████████████████████████████████████████████████████████████████████████████████████|  1/1 Time: 0:00:05
2019-09-20 08:53:12,215 [Thread-241] INFO  impl.FollowerState (FollowerState.java:run(106)) - 93e6190b-41b6-4f2c-abfa-7324859860a0:group-14797B22EECB changes to CANDIDATE, lastRpcTime:5200, electionTimeout:5200ms
2019-09-20 08:53:12,221 [Thread-241] INFO  impl.RoleInfo (RoleInfo.java:shutdownFollowerState(121)) - 93e6190b-41b6-4f2c-abfa-7324859860a0: shutdown FollowerState
2019-09-20 08:53:12,221 [Thread-241] INFO  impl.RaftServerImpl (RaftServerImpl.java:setRole(171)) - 93e6190b-41b6-4f2c-abfa-7324859860a0:group-14797B22EECB changes role from FOLLOWER to CANDIDATE at term 0 for changeToCandidate
2019-09-20 08:53:12,222 [Thread-241] INFO  impl.RoleInfo (RoleInfo.java:updateAndGet(143)) - 93e6190b-41b6-4f2c-abfa-7324859860a0: start LeaderElection
2019-09-20 08:53:12,242 [Thread-251] INFO  impl.FollowerState (FollowerState.java:run(106)) - b44e7e57-9837-469e-aba7-9d7779212b32:group-88701D5B9D87 changes to CANDIDATE, lastRpcTime:5015, electionTimeout:5015ms
2019-09-20 08:53:12,242 [Thread-251] INFO  impl.RoleInfo (RoleInfo.java:shutdownFollowerState(121)) - b44e7e57-9837-469e-aba7-9d7779212b32: shutdown FollowerState
2019-09-20 08:53:12,242 [Thread-251] INFO  impl.RaftServerImpl (RaftServerImpl.java:setRole(171)) - b44e7e57-9837-469e-aba7-9d7779212b32:group-88701D5B9D87 changes role from FOLLOWER to CANDIDATE at term 0 for changeToCandidate
2019-09-20 08:53:12,243 [Thread-251] INFO  impl.RoleInfo (RoleInfo.java:updateAndGet(143)) - b44e7e57-9837-469e-aba7-9d7779212b32: start LeaderElection
2019-09-20 08:53:12,256 [93e6190b-41b6-4f2c-abfa-7324859860a0:group-14797B22EECB:LeaderElection11] INFO  impl.LeaderElection (LeaderElection.java:askForVotes(181)) - 93e6190b-41b6-4f2c-abfa-7324859860a0:group-14797B22EECB:LeaderElection11: begin an election at term 1 for -1: [93e6190b-41b6-4f2c-abfa-7324859860a0:192.168.36.79:37080], old=null
2019-09-20 08:53:12,256 [93e6190b-41b6-4f2c-abfa-7324859860a0:group-14797B22EECB:LeaderElection11] INFO  impl.RoleInfo (RoleInfo.java:shutdownLeaderElection(134)) - 93e6190b-41b6-4f2c-abfa-7324859860a0: shutdown LeaderElection
2019-09-20 08:53:12,256 [93e6190b-41b6-4f2c-abfa-7324859860a0:group-14797B22EECB:LeaderElection11] INFO  impl.RaftServerImpl (RaftServerImpl.java:setRole(171)) - 93e6190b-41b6-4f2c-abfa-7324859860a0:group-14797B22EECB changes role from CANDIDATE to LEADER at term 1 for changeToLeader
2019-09-20 08:53:12,257 [93e6190b-41b6-4f2c-abfa-7324859860a0:group-14797B22EECB:LeaderElection11] INFO  impl.RaftServerImpl (ServerState.java:setLeader(263)) - 93e6190b-41b6-4f2c-abfa-7324859860a0:group-14797B22EECB change Leader from null to 93e6190b-41b6-4f2c-abfa-7324859860a0 at term 1 for becomeLeader, leader elected after 5247ms
2019-09-20 08:53:12,258 [93e6190b-41b6-4f2c-abfa-7324859860a0:group-14797B22EECB:LeaderElection11] INFO  server.RaftServerConfigKeys (ConfUtils.java:logGet(43)) - raft.server.staging.catchup.gap = 1000 (default)
2019-09-20 08:53:12,258 [93e6190b-41b6-4f2c-abfa-7324859860a0:group-14797B22EECB:LeaderElection11] INFO  server.RaftServerConfigKeys (ConfUtils.java:logGet(43)) - raft.server.rpc.sleep.time = 25ms (default)
2019-09-20 08:53:12,259 [93e6190b-41b6-4f2c-abfa-7324859860a0:group-14797B22EECB:LeaderElection11] INFO  server.RaftServerConfigKeys (ConfUtils.java:logGet(43)) - raft.server.write.element-limit = 4096 (default)
2019-09-20 08:53:12,259 [93e6190b-41b6-4f2c-abfa-7324859860a0:group-14797B22EECB:LeaderElection11] INFO  server.RaftServerConfigKeys (ConfUtils.java:logGet(43)) - raft.server.watch.timeout = 10s (default)
2019-09-20 08:53:12,259 [93e6190b-41b6-4f2c-abfa-7324859860a0:group-14797B22EECB:LeaderElection11] INFO  server.RaftServerConfigKeys (ConfUtils.java:logGet(43)) - raft.server.watch.timeout.denomination = 1s (default)
2019-09-20 08:53:12,259 [93e6190b-41b6-4f2c-abfa-7324859860a0:group-14797B22EECB:LeaderElection11] INFO  server.RaftServerConfigKeys (ConfUtils.java:logGet(43)) - raft.server.watch.element-limit = 65536 (default)
2019-09-20 08:53:12,260 [93e6190b-41b6-4f2c-abfa-7324859860a0:group-14797B22EECB:LeaderElection11] INFO  impl.RoleInfo (RoleInfo.java:updateAndGet(143)) - 93e6190b-41b6-4f2c-abfa-7324859860a0: start LeaderState
2019-09-20 08:53:12,260 [93e6190b-41b6-4f2c-abfa-7324859860a0:group-14797B22EECB:LeaderElection11] INFO  segmented.SegmentedRaftLogWorker (SegmentedRaftLogWorker.java:startLogSegment(380)) - 93e6190b-41b6-4f2c-abfa-7324859860a0-SegmentedRaftLogWorker:Storage Directory /workdir/hadoop-ozone/tools/target/test-dir/MiniOzoneClusterImpl-fdb7164d-332a-4161-9ef6-b429f59a210d/datanode-4/data/ratis/f5611950-1c29-43e1-82ac-14797b22eecb: Starting segment from index:0
2019-09-20 08:53:12,261 [93e6190b-41b6-4f2c-abfa-7324859860a0:group-14797B22EECB:LeaderElection11] INFO  impl.RaftServerImpl (ServerState.java:setRaftConf(361)) - 93e6190b-41b6-4f2c-abfa-7324859860a0:group-14797B22EECB set configuration 0: [93e6190b-41b6-4f2c-abfa-7324859860a0:192.168.36.79:37080], old=null at 0
2019-09-20 08:53:12,301 [Thread-248] INFO  impl.FollowerState (FollowerState.java:run(106)) - 036c7012-de9e-4e05-8743-9a12868644f9:group-2BB01ABB89A6 changes to CANDIDATE, lastRpcTime:5167, electionTimeout:5144ms
2019-09-20 08:53:12,302 [Thread-248] INFO  impl.RoleInfo (RoleInfo.java:shutdownFollowerState(121)) - 036c7012-de9e-4e05-8743-9a12868644f9: shutdown FollowerState
2019-09-20 08:53:12,302 [Thread-248] INFO  impl.RaftServerImpl (RaftServerImpl.java:setRole(171)) - 036c7012-de9e-4e05-8743-9a12868644f9:group-2BB01ABB89A6 changes role from FOLLOWER to CANDIDATE at term 0 for changeToCandidate
2019-09-20 08:53:12,302 [b44e7e57-9837-469e-aba7-9d7779212b32:group-88701D5B9D87:LeaderElection12] INFO  impl.LeaderElection (LeaderElection.java:askForVotes(181)) - b44e7e57-9837-469e-aba7-9d7779212b32:group-88701D5B9D87:LeaderElection12: begin an election at term 1 for -1: [b44e7e57-9837-469e-aba7-9d7779212b32:192.168.36.79:41325], old=null
2019-09-20 08:53:12,302 [Thread-248] INFO  impl.RoleInfo (RoleInfo.java:updateAndGet(143)) - 036c7012-de9e-4e05-8743-9a12868644f9: start LeaderElection
2019-09-20 08:53:12,303 [b44e7e57-9837-469e-aba7-9d7779212b32:group-88701D5B9D87:LeaderElection12] INFO  impl.RoleInfo (RoleInfo.java:shutdownLeaderElection(134)) - b44e7e57-9837-469e-aba7-9d7779212b32: shutdown LeaderElection
2019-09-20 08:53:12,310 [b44e7e57-9837-469e-aba7-9d7779212b32:group-88701D5B9D87:LeaderElection12] INFO  impl.RaftServerImpl (RaftServerImpl.java:setRole(171)) - b44e7e57-9837-469e-aba7-9d7779212b32:group-88701D5B9D87 changes role from CANDIDATE to LEADER at term 1 for changeToLeader
2019-09-20 08:53:12,310 [b44e7e57-9837-469e-aba7-9d7779212b32:group-88701D5B9D87:LeaderElection12] INFO  impl.RaftServerImpl (ServerState.java:setLeader(263)) - b44e7e57-9837-469e-aba7-9d7779212b32:group-88701D5B9D87 change Leader from null to b44e7e57-9837-469e-aba7-9d7779212b32 at term 1 for becomeLeader, leader elected after 5090ms
2019-09-20 08:53:12,311 [b44e7e57-9837-469e-aba7-9d7779212b32:group-88701D5B9D87:LeaderElection12] INFO  server.RaftServerConfigKeys (ConfUtils.java:logGet(43)) - raft.server.staging.catchup.gap = 1000 (default)
2019-09-20 08:53:12,311 [b44e7e57-9837-469e-aba7-9d7779212b32:group-88701D5B9D87:LeaderElection12] INFO  server.RaftServerConfigKeys (ConfUtils.java:logGet(43)) - raft.server.rpc.sleep.time = 25ms (default)
2019-09-20 08:53:12,311 [b44e7e57-9837-469e-aba7-9d7779212b32:group-88701D5B9D87:LeaderElection12] INFO  server.RaftServerConfigKeys (ConfUtils.java:logGet(43)) - raft.server.write.element-limit = 4096 (default)
2019-09-20 08:53:12,311 [b44e7e57-9837-469e-aba7-9d7779212b32:group-88701D5B9D87:LeaderElection12] INFO  server.RaftServerConfigKeys (ConfUtils.java:logGet(43)) - raft.server.watch.timeout = 10s (default)
2019-09-20 08:53:12,312 [b44e7e57-9837-469e-aba7-9d7779212b32:group-88701D5B9D87:LeaderElection12] INFO  server.RaftServerConfigKeys (ConfUtils.java:logGet(43)) - raft.server.watch.timeout.denomination = 1s (default)
2019-09-20 08:53:12,312 [b44e7e57-9837-469e-aba7-9d7779212b32:group-88701D5B9D87:LeaderElection12] INFO  server.RaftServerConfigKeys (ConfUtils.java:logGet(43)) - raft.server.watch.element-limit = 65536 (default)
2019-09-20 08:53:12,312 [b44e7e57-9837-469e-aba7-9d7779212b32:group-88701D5B9D87:LeaderElection12] INFO  impl.RoleInfo (RoleInfo.java:updateAndGet(143)) - b44e7e57-9837-469e-aba7-9d7779212b32: start LeaderState
2019-09-20 08:53:12,313 [b44e7e57-9837-469e-aba7-9d7779212b32:group-88701D5B9D87:LeaderElection12] INFO  segmented.SegmentedRaftLogWorker (SegmentedRaftLogWorker.java:startLogSegment(380)) - b44e7e57-9837-469e-aba7-9d7779212b32-SegmentedRaftLogWorker:Storage Directory /workdir/hadoop-ozone/tools/target/test-dir/MiniOzoneClusterImpl-fdb7164d-332a-4161-9ef6-b429f59a210d/datanode-2/data/ratis/8c061586-630b-4851-a618-88701d5b9d87: Starting segment from index:0
2019-09-20 08:53:12,313 [b44e7e57-9837-469e-aba7-9d7779212b32:group-88701D5B9D87:LeaderElection12] INFO  impl.RaftServerImpl (ServerState.java:setRaftConf(361)) - b44e7e57-9837-469e-aba7-9d7779212b32:group-88701D5B9D87 set configuration 0: [b44e7e57-9837-469e-aba7-9d7779212b32:192.168.36.79:41325], old=null at 0
2019-09-20 08:53:12,347 [93e6190b-41b6-4f2c-abfa-7324859860a0-SegmentedRaftLogWorker:Storage Directory /workdir/hadoop-ozone/tools/target/test-dir/MiniOzoneClusterImpl-fdb7164d-332a-4161-9ef6-b429f59a210d/datanode-4/data/ratis/f5611950-1c29-43e1-82ac-14797b22eecb] INFO  segmented.SegmentedRaftLogWorker (SegmentedRaftLogWorker.java:execute(569)) - 93e6190b-41b6-4f2c-abfa-7324859860a0-SegmentedRaftLogWorker:Storage Directory /workdir/hadoop-ozone/tools/target/test-dir/MiniOzoneClusterImpl-fdb7164d-332a-4161-9ef6-b429f59a210d/datanode-4/data/ratis/f5611950-1c29-43e1-82ac-14797b22eecb: created new log segment /workdir/hadoop-ozone/tools/target/test-dir/MiniOzoneClusterImpl-fdb7164d-332a-4161-9ef6-b429f59a210d/datanode-4/data/ratis/f5611950-1c29-43e1-82ac-14797b22eecb/current/log_inprogress_0
2019-09-20 08:53:12,348 [036c7012-de9e-4e05-8743-9a12868644f9:group-2BB01ABB89A6:LeaderElection13] INFO  impl.LeaderElection (LeaderElection.java:askForVotes(181)) - 036c7012-de9e-4e05-8743-9a12868644f9:group-2BB01ABB89A6:LeaderElection13: begin an election at term 1 for -1: [036c7012-de9e-4e05-8743-9a12868644f9:192.168.36.79:42237], old=null
2019-09-20 08:53:12,348 [036c7012-de9e-4e05-8743-9a12868644f9:group-2BB01ABB89A6:LeaderElection13] INFO  impl.RoleInfo (RoleInfo.java:shutdownLeaderElection(134)) - 036c7012-de9e-4e05-8743-9a12868644f9: shutdown LeaderElection
2019-09-20 08:53:12,348 [036c7012-de9e-4e05-8743-9a12868644f9:group-2BB01ABB89A6:LeaderElection13] INFO  impl.RaftServerImpl (RaftServerImpl.java:setRole(171)) - 036c7012-de9e-4e05-8743-9a12868644f9:group-2BB01ABB89A6 changes role from CANDIDATE to LEADER at term 1 for changeToLeader
2019-09-20 08:53:12,348 [036c7012-de9e-4e05-8743-9a12868644f9:group-2BB01ABB89A6:LeaderElection13] INFO  impl.RaftServerImpl (ServerState.java:setLeader(263)) - 036c7012-de9e-4e05-8743-9a12868644f9:group-2BB01ABB89A6 change Leader from null to 036c7012-de9e-4e05-8743-9a12868644f9 at term 1 for becomeLeader, leader elected after 5221ms
2019-09-20 08:53:12,348 [036c7012-de9e-4e05-8743-9a12868644f9:group-2BB01ABB89A6:LeaderElection13] INFO  server.RaftServerConfigKeys (ConfUtils.java:logGet(43)) - raft.server.staging.catchup.gap = 1000 (default)
2019-09-20 08:53:12,348 [036c7012-de9e-4e05-8743-9a12868644f9:group-2BB01ABB89A6:LeaderElection13] INFO  server.RaftServerConfigKeys (ConfUtils.java:logGet(43)) - raft.server.rpc.sleep.time = 25ms (default)
2019-09-20 08:53:12,349 [036c7012-de9e-4e05-8743-9a12868644f9:group-2BB01ABB89A6:LeaderElection13] INFO  server.RaftServerConfigKeys (ConfUtils.java:logGet(43)) - raft.server.write.element-limit = 4096 (default)
2019-09-20 08:53:12,349 [036c7012-de9e-4e05-8743-9a12868644f9:group-2BB01ABB89A6:LeaderElection13] INFO  server.RaftServerConfigKeys (ConfUtils.java:logGet(43)) - raft.server.watch.timeout = 10s (default)
2019-09-20 08:53:12,349 [036c7012-de9e-4e05-8743-9a12868644f9:group-2BB01ABB89A6:LeaderElection13] INFO  server.RaftServerConfigKeys (ConfUtils.java:logGet(43)) - raft.server.watch.timeout.denomination = 1s (default)
2019-09-20 08:53:12,349 [036c7012-de9e-4e05-8743-9a12868644f9:group-2BB01ABB89A6:LeaderElection13] INFO  server.RaftServerConfigKeys (ConfUtils.java:logGet(43)) - raft.server.watch.element-limit = 65536 (default)
2019-09-20 08:53:12,349 [036c7012-de9e-4e05-8743-9a12868644f9:group-2BB01ABB89A6:LeaderElection13] INFO  impl.RoleInfo (RoleInfo.java:updateAndGet(143)) - 036c7012-de9e-4e05-8743-9a12868644f9: start LeaderState
2019-09-20 08:53:12,350 [036c7012-de9e-4e05-8743-9a12868644f9:group-2BB01ABB89A6:LeaderElection13] INFO  segmented.SegmentedRaftLogWorker (SegmentedRaftLogWorker.java:startLogSegment(380)) - 036c7012-de9e-4e05-8743-9a12868644f9-SegmentedRaftLogWorker:Storage Directory /workdir/hadoop-ozone/tools/target/test-dir/MiniOzoneClusterImpl-fdb7164d-332a-4161-9ef6-b429f59a210d/datanode-1/data/ratis/abbbade9-ad3a-49c1-af37-2bb01abb89a6: Starting segment from index:0
2019-09-20 08:53:12,350 [036c7012-de9e-4e05-8743-9a12868644f9:group-2BB01ABB89A6:LeaderElection13] INFO  impl.RaftServerImpl (ServerState.java:setRaftConf(361)) - 036c7012-de9e-4e05-8743-9a12868644f9:group-2BB01ABB89A6 set configuration 0: [036c7012-de9e-4e05-8743-9a12868644f9:192.168.36.79:42237], old=null at 0
2019-09-20 08:53:12,376 [b44e7e57-9837-469e-aba7-9d7779212b32-SegmentedRaftLogWorker:Storage Directory /workdir/hadoop-ozone/tools/target/test-dir/MiniOzoneClusterImpl-fdb7164d-332a-4161-9ef6-b429f59a210d/datanode-2/data/ratis/8c061586-630b-4851-a618-88701d5b9d87] INFO  segmented.SegmentedRaftLogWorker (SegmentedRaftLogWorker.java:execute(569)) - b44e7e57-9837-469e-aba7-9d7779212b32-SegmentedRaftLogWorker:Storage Directory /workdir/hadoop-ozone/tools/target/test-dir/MiniOzoneClusterImpl-fdb7164d-332a-4161-9ef6-b429f59a210d/datanode-2/data/ratis/8c061586-630b-4851-a618-88701d5b9d87: created new log segment /workdir/hadoop-ozone/tools/target/test-dir/MiniOzoneClusterImpl-fdb7164d-332a-4161-9ef6-b429f59a210d/datanode-2/data/ratis/8c061586-630b-4851-a618-88701d5b9d87/current/log_inprogress_0
2019-09-20 08:53:12,406 [036c7012-de9e-4e05-8743-9a12868644f9-SegmentedRaftLogWorker:Storage Directory /workdir/hadoop-ozone/tools/target/test-dir/MiniOzoneClusterImpl-fdb7164d-332a-4161-9ef6-b429f59a210d/datanode-1/data/ratis/abbbade9-ad3a-49c1-af37-2bb01abb89a6] INFO  segmented.SegmentedRaftLogWorker (SegmentedRaftLogWorker.java:execute(569)) - 036c7012-de9e-4e05-8743-9a12868644f9-SegmentedRaftLogWorker:Storage Directory /workdir/hadoop-ozone/tools/target/test-dir/MiniOzoneClusterImpl-fdb7164d-332a-4161-9ef6-b429f59a210d/datanode-1/data/ratis/abbbade9-ad3a-49c1-af37-2bb01abb89a6: created new log segment /workdir/hadoop-ozone/tools/target/test-dir/MiniOzoneClusterImpl-fdb7164d-332a-4161-9ef6-b429f59a210d/datanode-1/data/ratis/abbbade9-ad3a-49c1-af37-2bb01abb89a6/current/log_inprogress_0
2019-09-20 08:53:12,449 [Thread-258] INFO  impl.FollowerState (FollowerState.java:run(106)) - 036c7012-de9e-4e05-8743-9a12868644f9:group-FFB5C8A78151 changes to CANDIDATE, lastRpcTime:5016, electionTimeout:5016ms
2019-09-20 08:53:12,449 [Thread-258] INFO  impl.RoleInfo (RoleInfo.java:shutdownFollowerState(121)) - 036c7012-de9e-4e05-8743-9a12868644f9: shutdown FollowerState
2019-09-20 08:53:12,449 [Thread-258] INFO  impl.RaftServerImpl (RaftServerImpl.java:setRole(171)) - 036c7012-de9e-4e05-8743-9a12868644f9:group-FFB5C8A78151 changes role from FOLLOWER to CANDIDATE at term 0 for changeToCandidate
2019-09-20 08:53:12,449 [Thread-258] INFO  impl.RoleInfo (RoleInfo.java:updateAndGet(143)) - 036c7012-de9e-4e05-8743-9a12868644f9: start LeaderElection
2019-09-20 08:53:12,493 | INFO  | SCMAudit | user=jenkins1000 | ip=192.168.36.79 | op=SEND_HEARTBEAT {datanodeUUID=f924f469-4e73-41d9-9d19-420bd0dc75a2, command=[]} | ret=SUCCESS |  
2019-09-20 08:53:12,510 | INFO  | SCMAudit | user=jenkins1000 | ip=192.168.36.79 | op=SEND_HEARTBEAT {datanodeUUID=93e6190b-41b6-4f2c-abfa-7324859860a0, command=[]} | ret=SUCCESS |  
2019-09-20 08:53:12,514 | INFO  | SCMAudit | user=jenkins1000 | ip=192.168.36.79 | op=SEND_HEARTBEAT {datanodeUUID=f78c6f6f-b83c-4bef-83c8-4f247fc2f9cb, command=[]} | ret=SUCCESS |  
2019-09-20 08:53:12,518 [Thread-255] INFO  impl.FollowerState (FollowerState.java:run(106)) - f924f469-4e73-41d9-9d19-420bd0dc75a2:group-19F680C1944F changes to CANDIDATE, lastRpcTime:5187, electionTimeout:5187ms
2019-09-20 08:53:12,518 [Thread-255] INFO  impl.RoleInfo (RoleInfo.java:shutdownFollowerState(121)) - f924f469-4e73-41d9-9d19-420bd0dc75a2: shutdown FollowerState
2019-09-20 08:53:12,518 [Thread-255] INFO  impl.RaftServerImpl (RaftServerImpl.java:setRole(171)) - f924f469-4e73-41d9-9d19-420bd0dc75a2:group-19F680C1944F changes role from FOLLOWER to CANDIDATE at term 0 for changeToCandidate
2019-09-20 08:53:12,519 [Thread-255] INFO  impl.RoleInfo (RoleInfo.java:updateAndGet(143)) - f924f469-4e73-41d9-9d19-420bd0dc75a2: start LeaderElection
2019-09-20 08:53:12,525 [036c7012-de9e-4e05-8743-9a12868644f9:group-FFB5C8A78151:LeaderElection14] INFO  impl.LeaderElection (LeaderElection.java:askForVotes(181)) - 036c7012-de9e-4e05-8743-9a12868644f9:group-FFB5C8A78151:LeaderElection14: begin an election at term 1 for -1: [036c7012-de9e-4e05-8743-9a12868644f9:192.168.36.79:42237], old=null
2019-09-20 08:53:12,525 [036c7012-de9e-4e05-8743-9a12868644f9:group-FFB5C8A78151:LeaderElection14] INFO  impl.RoleInfo (RoleInfo.java:shutdownLeaderElection(134)) - 036c7012-de9e-4e05-8743-9a12868644f9: shutdown LeaderElection
2019-09-20 08:53:12,526 [036c7012-de9e-4e05-8743-9a12868644f9:group-FFB5C8A78151:LeaderElection14] INFO  impl.RaftServerImpl (RaftServerImpl.java:setRole(171)) - 036c7012-de9e-4e05-8743-9a12868644f9:group-FFB5C8A78151 changes role from CANDIDATE to LEADER at term 1 for changeToLeader
2019-09-20 08:53:12,526 [036c7012-de9e-4e05-8743-9a12868644f9:group-FFB5C8A78151:LeaderElection14] INFO  impl.RaftServerImpl (ServerState.java:setLeader(263)) - 036c7012-de9e-4e05-8743-9a12868644f9:group-FFB5C8A78151 change Leader from null to 036c7012-de9e-4e05-8743-9a12868644f9 at term 1 for becomeLeader, leader elected after 5098ms
2019-09-20 08:53:12,526 [036c7012-de9e-4e05-8743-9a12868644f9:group-FFB5C8A78151:LeaderElection14] INFO  server.RaftServerConfigKeys (ConfUtils.java:logGet(43)) - raft.server.staging.catchup.gap = 1000 (default)
2019-09-20 08:53:12,526 [036c7012-de9e-4e05-8743-9a12868644f9:group-FFB5C8A78151:LeaderElection14] INFO  server.RaftServerConfigKeys (ConfUtils.java:logGet(43)) - raft.server.rpc.sleep.time = 25ms (default)
2019-09-20 08:53:12,526 [036c7012-de9e-4e05-8743-9a12868644f9:group-FFB5C8A78151:LeaderElection14] INFO  server.RaftServerConfigKeys (ConfUtils.java:logGet(43)) - raft.server.write.element-limit = 4096 (default)
2019-09-20 08:53:12,526 [036c7012-de9e-4e05-8743-9a12868644f9:group-FFB5C8A78151:LeaderElection14] INFO  server.RaftServerConfigKeys (ConfUtils.java:logGet(43)) - raft.server.watch.timeout = 10s (default)
2019-09-20 08:53:12,526 [036c7012-de9e-4e05-8743-9a12868644f9:group-FFB5C8A78151:LeaderElection14] INFO  server.RaftServerConfigKeys (ConfUtils.java:logGet(43)) - raft.server.watch.timeout.denomination = 1s (default)
2019-09-20 08:53:12,527 [036c7012-de9e-4e05-8743-9a12868644f9:group-FFB5C8A78151:LeaderElection14] INFO  server.RaftServerConfigKeys (ConfUtils.java:logGet(43)) - raft.server.watch.element-limit = 65536 (default)
2019-09-20 08:53:12,527 [036c7012-de9e-4e05-8743-9a12868644f9:group-FFB5C8A78151:LeaderElection14] INFO  impl.RoleInfo (RoleInfo.java:updateAndGet(143)) - 036c7012-de9e-4e05-8743-9a12868644f9: start LeaderState
2019-09-20 08:53:12,527 [036c7012-de9e-4e05-8743-9a12868644f9:group-FFB5C8A78151:LeaderElection14] INFO  segmented.SegmentedRaftLogWorker (SegmentedRaftLogWorker.java:startLogSegment(380)) - 036c7012-de9e-4e05-8743-9a12868644f9-SegmentedRaftLogWorker:Storage Directory /workdir/hadoop-ozone/tools/target/test-dir/MiniOzoneClusterImpl-fdb7164d-332a-4161-9ef6-b429f59a210d/datanode-1/data/ratis/6ca05c1a-5264-4b7f-b15d-ffb5c8a78151: Starting segment from index:0
2019-09-20 08:53:12,528 [036c7012-de9e-4e05-8743-9a12868644f9:group-FFB5C8A78151:LeaderElection14] INFO  impl.RaftServerImpl (ServerState.java:setRaftConf(361)) - 036c7012-de9e-4e05-8743-9a12868644f9:group-FFB5C8A78151 set configuration 0: [036c7012-de9e-4e05-8743-9a12868644f9:192.168.36.79:42237], old=null at 0
2019-09-20 08:53:12,564 [f924f469-4e73-41d9-9d19-420bd0dc75a2:group-19F680C1944F:LeaderElection15] INFO  impl.LeaderElection (LeaderElection.java:askForVotes(181)) - f924f469-4e73-41d9-9d19-420bd0dc75a2:group-19F680C1944F:LeaderElection15: begin an election at term 1 for -1: [f924f469-4e73-41d9-9d19-420bd0dc75a2:192.168.36.79:42715], old=null
2019-09-20 08:53:12,564 [f924f469-4e73-41d9-9d19-420bd0dc75a2:group-19F680C1944F:LeaderElection15] INFO  impl.RoleInfo (RoleInfo.java:shutdownLeaderElection(134)) - f924f469-4e73-41d9-9d19-420bd0dc75a2: shutdown LeaderElection
2019-09-20 08:53:12,565 [f924f469-4e73-41d9-9d19-420bd0dc75a2:group-19F680C1944F:LeaderElection15] INFO  impl.RaftServerImpl (RaftServerImpl.java:setRole(171)) - f924f469-4e73-41d9-9d19-420bd0dc75a2:group-19F680C1944F changes role from CANDIDATE to LEADER at term 1 for changeToLeader
2019-09-20 08:53:12,565 [f924f469-4e73-41d9-9d19-420bd0dc75a2:group-19F680C1944F:LeaderElection15] INFO  impl.RaftServerImpl (ServerState.java:setLeader(263)) - f924f469-4e73-41d9-9d19-420bd0dc75a2:group-19F680C1944F change Leader from null to f924f469-4e73-41d9-9d19-420bd0dc75a2 at term 1 for becomeLeader, leader elected after 5238ms
2019-09-20 08:53:12,567 [f924f469-4e73-41d9-9d19-420bd0dc75a2:group-19F680C1944F:LeaderElection15] INFO  server.RaftServerConfigKeys (ConfUtils.java:logGet(43)) - raft.server.staging.catchup.gap = 1000 (default)
2019-09-20 08:53:12,567 [f924f469-4e73-41d9-9d19-420bd0dc75a2:group-19F680C1944F:LeaderElection15] INFO  server.RaftServerConfigKeys (ConfUtils.java:logGet(43)) - raft.server.rpc.sleep.time = 25ms (default)
2019-09-20 08:53:12,567 [f924f469-4e73-41d9-9d19-420bd0dc75a2:group-19F680C1944F:LeaderElection15] INFO  server.RaftServerConfigKeys (ConfUtils.java:logGet(43)) - raft.server.write.element-limit = 4096 (default)
2019-09-20 08:53:12,567 [f924f469-4e73-41d9-9d19-420bd0dc75a2:group-19F680C1944F:LeaderElection15] INFO  server.RaftServerConfigKeys (ConfUtils.java:logGet(43)) - raft.server.watch.timeout = 10s (default)
2019-09-20 08:53:12,567 [f924f469-4e73-41d9-9d19-420bd0dc75a2:group-19F680C1944F:LeaderElection15] INFO  server.RaftServerConfigKeys (ConfUtils.java:logGet(43)) - raft.server.watch.timeout.denomination = 1s (default)
2019-09-20 08:53:12,568 [f924f469-4e73-41d9-9d19-420bd0dc75a2:group-19F680C1944F:LeaderElection15] INFO  server.RaftServerConfigKeys (ConfUtils.java:logGet(43)) - raft.server.watch.element-limit = 65536 (default)
2019-09-20 08:53:12,568 [f924f469-4e73-41d9-9d19-420bd0dc75a2:group-19F680C1944F:LeaderElection15] INFO  impl.RoleInfo (RoleInfo.java:updateAndGet(143)) - f924f469-4e73-41d9-9d19-420bd0dc75a2: start LeaderState
2019-09-20 08:53:12,568 [f924f469-4e73-41d9-9d19-420bd0dc75a2:group-19F680C1944F:LeaderElection15] INFO  segmented.SegmentedRaftLogWorker (SegmentedRaftLogWorker.java:startLogSegment(380)) - f924f469-4e73-41d9-9d19-420bd0dc75a2-SegmentedRaftLogWorker:Storage Directory /workdir/hadoop-ozone/tools/target/test-dir/MiniOzoneClusterImpl-fdb7164d-332a-4161-9ef6-b429f59a210d/datanode-3/data/ratis/db463672-f160-4217-9729-19f680c1944f: Starting segment from index:0
2019-09-20 08:53:12,569 [f924f469-4e73-41d9-9d19-420bd0dc75a2:group-19F680C1944F:LeaderElection15] INFO  impl.RaftServerImpl (ServerState.java:setRaftConf(361)) - f924f469-4e73-41d9-9d19-420bd0dc75a2:group-19F680C1944F set configuration 0: [f924f469-4e73-41d9-9d19-420bd0dc75a2:192.168.36.79:42715], old=null at 0
2019-09-20 08:53:12,613 [036c7012-de9e-4e05-8743-9a12868644f9-SegmentedRaftLogWorker:Storage Directory /workdir/hadoop-ozone/tools/target/test-dir/MiniOzoneClusterImpl-fdb7164d-332a-4161-9ef6-b429f59a210d/datanode-1/data/ratis/6ca05c1a-5264-4b7f-b15d-ffb5c8a78151] INFO  segmented.SegmentedRaftLogWorker (SegmentedRaftLogWorker.java:execute(569)) - 036c7012-de9e-4e05-8743-9a12868644f9-SegmentedRaftLogWorker:Storage Directory /workdir/hadoop-ozone/tools/target/test-dir/MiniOzoneClusterImpl-fdb7164d-332a-4161-9ef6-b429f59a210d/datanode-1/data/ratis/6ca05c1a-5264-4b7f-b15d-ffb5c8a78151: created new log segment /workdir/hadoop-ozone/tools/target/test-dir/MiniOzoneClusterImpl-fdb7164d-332a-4161-9ef6-b429f59a210d/datanode-1/data/ratis/6ca05c1a-5264-4b7f-b15d-ffb5c8a78151/current/log_inprogress_0
2019-09-20 08:53:12,634 [f924f469-4e73-41d9-9d19-420bd0dc75a2-SegmentedRaftLogWorker:Storage Directory /workdir/hadoop-ozone/tools/target/test-dir/MiniOzoneClusterImpl-fdb7164d-332a-4161-9ef6-b429f59a210d/datanode-3/data/ratis/db463672-f160-4217-9729-19f680c1944f] INFO  segmented.SegmentedRaftLogWorker (SegmentedRaftLogWorker.java:execute(569)) - f924f469-4e73-41d9-9d19-420bd0dc75a2-SegmentedRaftLogWorker:Storage Directory /workdir/hadoop-ozone/tools/target/test-dir/MiniOzoneClusterImpl-fdb7164d-332a-4161-9ef6-b429f59a210d/datanode-3/data/ratis/db463672-f160-4217-9729-19f680c1944f: created new log segment /workdir/hadoop-ozone/tools/target/test-dir/MiniOzoneClusterImpl-fdb7164d-332a-4161-9ef6-b429f59a210d/datanode-3/data/ratis/db463672-f160-4217-9729-19f680c1944f/current/log_inprogress_0
2019-09-20 08:53:12,683 [Thread-261] INFO  impl.FollowerState (FollowerState.java:run(106)) - 036c7012-de9e-4e05-8743-9a12868644f9:group-6A831EA04C39 changes to CANDIDATE, lastRpcTime:5122, electionTimeout:5122ms
2019-09-20 08:53:12,683 [Thread-261] INFO  impl.RoleInfo (RoleInfo.java:shutdownFollowerState(121)) - 036c7012-de9e-4e05-8743-9a12868644f9: shutdown FollowerState
2019-09-20 08:53:12,683 [Thread-261] INFO  impl.RaftServerImpl (RaftServerImpl.java:setRole(171)) - 036c7012-de9e-4e05-8743-9a12868644f9:group-6A831EA04C39 changes role from FOLLOWER to CANDIDATE at term 0 for changeToCandidate
2019-09-20 08:53:12,683 [Thread-261] INFO  impl.RoleInfo (RoleInfo.java:updateAndGet(143)) - 036c7012-de9e-4e05-8743-9a12868644f9: start LeaderElection
2019-09-20 08:53:12,726 [036c7012-de9e-4e05-8743-9a12868644f9:group-6A831EA04C39:LeaderElection16] INFO  impl.LeaderElection (LeaderElection.java:askForVotes(181)) - 036c7012-de9e-4e05-8743-9a12868644f9:group-6A831EA04C39:LeaderElection16: begin an election at term 1 for -1: [036c7012-de9e-4e05-8743-9a12868644f9:192.168.36.79:42237], old=null
2019-09-20 08:53:12,727 [036c7012-de9e-4e05-8743-9a12868644f9:group-6A831EA04C39:LeaderElection16] INFO  impl.RoleInfo (RoleInfo.java:shutdownLeaderElection(134)) - 036c7012-de9e-4e05-8743-9a12868644f9: shutdown LeaderElection
2019-09-20 08:53:12,727 [036c7012-de9e-4e05-8743-9a12868644f9:group-6A831EA04C39:LeaderElection16] INFO  impl.RaftServerImpl (RaftServerImpl.java:setRole(171)) - 036c7012-de9e-4e05-8743-9a12868644f9:group-6A831EA04C39 changes role from CANDIDATE to LEADER at term 1 for changeToLeader
2019-09-20 08:53:12,727 [036c7012-de9e-4e05-8743-9a12868644f9:group-6A831EA04C39:LeaderElection16] INFO  impl.RaftServerImpl (ServerState.java:setLeader(263)) - 036c7012-de9e-4e05-8743-9a12868644f9:group-6A831EA04C39 change Leader from null to 036c7012-de9e-4e05-8743-9a12868644f9 at term 1 for becomeLeader, leader elected after 5171ms
2019-09-20 08:53:12,727 [036c7012-de9e-4e05-8743-9a12868644f9:group-6A831EA04C39:LeaderElection16] INFO  server.RaftServerConfigKeys (ConfUtils.java:logGet(43)) - raft.server.staging.catchup.gap = 1000 (default)
2019-09-20 08:53:12,728 [036c7012-de9e-4e05-8743-9a12868644f9:group-6A831EA04C39:LeaderElection16] INFO  server.RaftServerConfigKeys (ConfUtils.java:logGet(43)) - raft.server.rpc.sleep.time = 25ms (default)
2019-09-20 08:53:12,728 [036c7012-de9e-4e05-8743-9a12868644f9:group-6A831EA04C39:LeaderElection16] INFO  server.RaftServerConfigKeys (ConfUtils.java:logGet(43)) - raft.server.write.element-limit = 4096 (default)
2019-09-20 08:53:12,728 [036c7012-de9e-4e05-8743-9a12868644f9:group-6A831EA04C39:LeaderElection16] INFO  server.RaftServerConfigKeys (ConfUtils.java:logGet(43)) - raft.server.watch.timeout = 10s (default)
2019-09-20 08:53:12,728 [036c7012-de9e-4e05-8743-9a12868644f9:group-6A831EA04C39:LeaderElection16] INFO  server.RaftServerConfigKeys (ConfUtils.java:logGet(43)) - raft.server.watch.timeout.denomination = 1s (default)
2019-09-20 08:53:12,728 [036c7012-de9e-4e05-8743-9a12868644f9:group-6A831EA04C39:LeaderElection16] INFO  server.RaftServerConfigKeys (ConfUtils.java:logGet(43)) - raft.server.watch.element-limit = 65536 (default)
2019-09-20 08:53:12,729 [036c7012-de9e-4e05-8743-9a12868644f9:group-6A831EA04C39:LeaderElection16] INFO  impl.RoleInfo (RoleInfo.java:updateAndGet(143)) - 036c7012-de9e-4e05-8743-9a12868644f9: start LeaderState
2019-09-20 08:53:12,729 [036c7012-de9e-4e05-8743-9a12868644f9:group-6A831EA04C39:LeaderElection16] INFO  segmented.SegmentedRaftLogWorker (SegmentedRaftLogWorker.java:startLogSegment(380)) - 036c7012-de9e-4e05-8743-9a12868644f9-SegmentedRaftLogWorker:Storage Directory /workdir/hadoop-ozone/tools/target/test-dir/MiniOzoneClusterImpl-fdb7164d-332a-4161-9ef6-b429f59a210d/datanode-1/data/ratis/33b06a5e-8c4a-4b6f-8810-6a831ea04c39: Starting segment from index:0
2019-09-20 08:53:12,730 [036c7012-de9e-4e05-8743-9a12868644f9:group-6A831EA04C39:LeaderElection16] INFO  impl.RaftServerImpl (ServerState.java:setRaftConf(361)) - 036c7012-de9e-4e05-8743-9a12868644f9:group-6A831EA04C39 set configuration 0: [036c7012-de9e-4e05-8743-9a12868644f9:192.168.36.79:42237], old=null at 0
2019-09-20 08:53:12,766 [Thread-265] INFO  impl.FollowerState (FollowerState.java:run(106)) - f924f469-4e73-41d9-9d19-420bd0dc75a2:group-AF84BC3E7188 changes to CANDIDATE, lastRpcTime:5113, electionTimeout:5096ms
2019-09-20 08:53:12,766 [Thread-265] INFO  impl.RoleInfo (RoleInfo.java:shutdownFollowerState(121)) - f924f469-4e73-41d9-9d19-420bd0dc75a2: shutdown FollowerState
2019-09-20 08:53:12,766 [Thread-265] INFO  impl.RaftServerImpl (RaftServerImpl.java:setRole(171)) - f924f469-4e73-41d9-9d19-420bd0dc75a2:group-AF84BC3E7188 changes role from FOLLOWER to CANDIDATE at term 0 for changeToCandidate
2019-09-20 08:53:12,766 [Thread-265] INFO  impl.RoleInfo (RoleInfo.java:updateAndGet(143)) - f924f469-4e73-41d9-9d19-420bd0dc75a2: start LeaderElection
2019-09-20 08:53:12,772 | INFO  | SCMAudit | user=jenkins1000 | ip=192.168.36.79 | op=SEND_HEARTBEAT {datanodeUUID=036c7012-de9e-4e05-8743-9a12868644f9, command=[]} | ret=SUCCESS |  
2019-09-20 08:53:12,802 [036c7012-de9e-4e05-8743-9a12868644f9-SegmentedRaftLogWorker:Storage Directory /workdir/hadoop-ozone/tools/target/test-dir/MiniOzoneClusterImpl-fdb7164d-332a-4161-9ef6-b429f59a210d/datanode-1/data/ratis/33b06a5e-8c4a-4b6f-8810-6a831ea04c39] INFO  segmented.SegmentedRaftLogWorker (SegmentedRaftLogWorker.java:execute(569)) - 036c7012-de9e-4e05-8743-9a12868644f9-SegmentedRaftLogWorker:Storage Directory /workdir/hadoop-ozone/tools/target/test-dir/MiniOzoneClusterImpl-fdb7164d-332a-4161-9ef6-b429f59a210d/datanode-1/data/ratis/33b06a5e-8c4a-4b6f-8810-6a831ea04c39: created new log segment /workdir/hadoop-ozone/tools/target/test-dir/MiniOzoneClusterImpl-fdb7164d-332a-4161-9ef6-b429f59a210d/datanode-1/data/ratis/33b06a5e-8c4a-4b6f-8810-6a831ea04c39/current/log_inprogress_0
2019-09-20 08:53:12,802 [f924f469-4e73-41d9-9d19-420bd0dc75a2:group-AF84BC3E7188:LeaderElection17] INFO  impl.LeaderElection (LeaderElection.java:askForVotes(181)) - f924f469-4e73-41d9-9d19-420bd0dc75a2:group-AF84BC3E7188:LeaderElection17: begin an election at term 1 for -1: [f924f469-4e73-41d9-9d19-420bd0dc75a2:192.168.36.79:42715], old=null
2019-09-20 08:53:12,802 [f924f469-4e73-41d9-9d19-420bd0dc75a2:group-AF84BC3E7188:LeaderElection17] INFO  impl.RoleInfo (RoleInfo.java:shutdownLeaderElection(134)) - f924f469-4e73-41d9-9d19-420bd0dc75a2: shutdown LeaderElection
2019-09-20 08:53:12,802 [f924f469-4e73-41d9-9d19-420bd0dc75a2:group-AF84BC3E7188:LeaderElection17] INFO  impl.RaftServerImpl (RaftServerImpl.java:setRole(171)) - f924f469-4e73-41d9-9d19-420bd0dc75a2:group-AF84BC3E7188 changes role from CANDIDATE to LEADER at term 1 for changeToLeader
2019-09-20 08:53:12,802 [f924f469-4e73-41d9-9d19-420bd0dc75a2:group-AF84BC3E7188:LeaderElection17] INFO  impl.RaftServerImpl (ServerState.java:setLeader(263)) - f924f469-4e73-41d9-9d19-420bd0dc75a2:group-AF84BC3E7188 change Leader from null to f924f469-4e73-41d9-9d19-420bd0dc75a2 at term 1 for becomeLeader, leader elected after 5155ms
2019-09-20 08:53:12,803 [f924f469-4e73-41d9-9d19-420bd0dc75a2:group-AF84BC3E7188:LeaderElection17] INFO  server.RaftServerConfigKeys (ConfUtils.java:logGet(43)) - raft.server.staging.catchup.gap = 1000 (default)
2019-09-20 08:53:12,803 [f924f469-4e73-41d9-9d19-420bd0dc75a2:group-AF84BC3E7188:LeaderElection17] INFO  server.RaftServerConfigKeys (ConfUtils.java:logGet(43)) - raft.server.rpc.sleep.time = 25ms (default)
2019-09-20 08:53:12,803 [f924f469-4e73-41d9-9d19-420bd0dc75a2:group-AF84BC3E7188:LeaderElection17] INFO  server.RaftServerConfigKeys (ConfUtils.java:logGet(43)) - raft.server.write.element-limit = 4096 (default)
2019-09-20 08:53:12,803 [f924f469-4e73-41d9-9d19-420bd0dc75a2:group-AF84BC3E7188:LeaderElection17] INFO  server.RaftServerConfigKeys (ConfUtils.java:logGet(43)) - raft.server.watch.timeout = 10s (default)
2019-09-20 08:53:12,803 [f924f469-4e73-41d9-9d19-420bd0dc75a2:group-AF84BC3E7188:LeaderElection17] INFO  server.RaftServerConfigKeys (ConfUtils.java:logGet(43)) - raft.server.watch.timeout.denomination = 1s (default)
2019-09-20 08:53:12,803 [f924f469-4e73-41d9-9d19-420bd0dc75a2:group-AF84BC3E7188:LeaderElection17] INFO  server.RaftServerConfigKeys (ConfUtils.java:logGet(43)) - raft.server.watch.element-limit = 65536 (default)
2019-09-20 08:53:12,804 [f924f469-4e73-41d9-9d19-420bd0dc75a2:group-AF84BC3E7188:LeaderElection17] INFO  impl.RoleInfo (RoleInfo.java:updateAndGet(143)) - f924f469-4e73-41d9-9d19-420bd0dc75a2: start LeaderState
2019-09-20 08:53:12,804 [f924f469-4e73-41d9-9d19-420bd0dc75a2:group-AF84BC3E7188:LeaderElection17] INFO  segmented.SegmentedRaftLogWorker (SegmentedRaftLogWorker.java:startLogSegment(380)) - f924f469-4e73-41d9-9d19-420bd0dc75a2-SegmentedRaftLogWorker:Storage Directory /workdir/hadoop-ozone/tools/target/test-dir/MiniOzoneClusterImpl-fdb7164d-332a-4161-9ef6-b429f59a210d/datanode-3/data/ratis/24f94675-dcb6-45fc-bcba-af84bc3e7188: Starting segment from index:0
2019-09-20 08:53:12,805 [f924f469-4e73-41d9-9d19-420bd0dc75a2:group-AF84BC3E7188:LeaderElection17] INFO  impl.RaftServerImpl (ServerState.java:setRaftConf(361)) - f924f469-4e73-41d9-9d19-420bd0dc75a2:group-AF84BC3E7188 set configuration 0: [f924f469-4e73-41d9-9d19-420bd0dc75a2:192.168.36.79:42715], old=null at 0
2019-09-20 08:53:12,869 [f924f469-4e73-41d9-9d19-420bd0dc75a2-SegmentedRaftLogWorker:Storage Directory /workdir/hadoop-ozone/tools/target/test-dir/MiniOzoneClusterImpl-fdb7164d-332a-4161-9ef6-b429f59a210d/datanode-3/data/ratis/24f94675-dcb6-45fc-bcba-af84bc3e7188] INFO  segmented.SegmentedRaftLogWorker (SegmentedRaftLogWorker.java:execute(569)) - f924f469-4e73-41d9-9d19-420bd0dc75a2-SegmentedRaftLogWorker:Storage Directory /workdir/hadoop-ozone/tools/target/test-dir/MiniOzoneClusterImpl-fdb7164d-332a-4161-9ef6-b429f59a210d/datanode-3/data/ratis/24f94675-dcb6-45fc-bcba-af84bc3e7188: created new log segment /workdir/hadoop-ozone/tools/target/test-dir/MiniOzoneClusterImpl-fdb7164d-332a-4161-9ef6-b429f59a210d/datanode-3/data/ratis/24f94675-dcb6-45fc-bcba-af84bc3e7188/current/log_inprogress_0
2019-09-20 08:53:12,869 [Thread-268] INFO  impl.FollowerState (FollowerState.java:run(106)) - 93e6190b-41b6-4f2c-abfa-7324859860a0:group-48BCF1DE81BC changes to CANDIDATE, lastRpcTime:5133, electionTimeout:5133ms
2019-09-20 08:53:12,869 [Thread-268] INFO  impl.RoleInfo (RoleInfo.java:shutdownFollowerState(121)) - 93e6190b-41b6-4f2c-abfa-7324859860a0: shutdown FollowerState
2019-09-20 08:53:12,869 [Thread-268] INFO  impl.RaftServerImpl (RaftServerImpl.java:setRole(171)) - 93e6190b-41b6-4f2c-abfa-7324859860a0:group-48BCF1DE81BC changes role from FOLLOWER to CANDIDATE at term 0 for changeToCandidate
2019-09-20 08:53:12,870 [Thread-268] INFO  impl.RoleInfo (RoleInfo.java:updateAndGet(143)) - 93e6190b-41b6-4f2c-abfa-7324859860a0: start LeaderElection
2019-09-20 08:53:12,919 [93e6190b-41b6-4f2c-abfa-7324859860a0:group-48BCF1DE81BC:LeaderElection18] INFO  impl.LeaderElection (LeaderElection.java:askForVotes(181)) - 93e6190b-41b6-4f2c-abfa-7324859860a0:group-48BCF1DE81BC:LeaderElection18: begin an election at term 1 for -1: [93e6190b-41b6-4f2c-abfa-7324859860a0:192.168.36.79:37080], old=null
2019-09-20 08:53:12,919 [93e6190b-41b6-4f2c-abfa-7324859860a0:group-48BCF1DE81BC:LeaderElection18] INFO  impl.RoleInfo (RoleInfo.java:shutdownLeaderElection(134)) - 93e6190b-41b6-4f2c-abfa-7324859860a0: shutdown LeaderElection
2019-09-20 08:53:12,920 [93e6190b-41b6-4f2c-abfa-7324859860a0:group-48BCF1DE81BC:LeaderElection18] INFO  impl.RaftServerImpl (RaftServerImpl.java:setRole(171)) - 93e6190b-41b6-4f2c-abfa-7324859860a0:group-48BCF1DE81BC changes role from CANDIDATE to LEADER at term 1 for changeToLeader
2019-09-20 08:53:12,920 [93e6190b-41b6-4f2c-abfa-7324859860a0:group-48BCF1DE81BC:LeaderElection18] INFO  impl.RaftServerImpl (ServerState.java:setLeader(263)) - 93e6190b-41b6-4f2c-abfa-7324859860a0:group-48BCF1DE81BC change Leader from null to 93e6190b-41b6-4f2c-abfa-7324859860a0 at term 1 for becomeLeader, leader elected after 5188ms
2019-09-20 08:53:12,920 [93e6190b-41b6-4f2c-abfa-7324859860a0:group-48BCF1DE81BC:LeaderElection18] INFO  server.RaftServerConfigKeys (ConfUtils.java:logGet(43)) - raft.server.staging.catchup.gap = 1000 (default)
2019-09-20 08:53:12,920 [93e6190b-41b6-4f2c-abfa-7324859860a0:group-48BCF1DE81BC:LeaderElection18] INFO  server.RaftServerConfigKeys (ConfUtils.java:logGet(43)) - raft.server.rpc.sleep.time = 25ms (default)
2019-09-20 08:53:12,921 [93e6190b-41b6-4f2c-abfa-7324859860a0:group-48BCF1DE81BC:LeaderElection18] INFO  server.RaftServerConfigKeys (ConfUtils.java:logGet(43)) - raft.server.write.element-limit = 4096 (default)
2019-09-20 08:53:12,921 [93e6190b-41b6-4f2c-abfa-7324859860a0:group-48BCF1DE81BC:LeaderElection18] INFO  server.RaftServerConfigKeys (ConfUtils.java:logGet(43)) - raft.server.watch.timeout = 10s (default)
2019-09-20 08:53:12,921 [93e6190b-41b6-4f2c-abfa-7324859860a0:group-48BCF1DE81BC:LeaderElection18] INFO  server.RaftServerConfigKeys (ConfUtils.java:logGet(43)) - raft.server.watch.timeout.denomination = 1s (default)
2019-09-20 08:53:12,921 [93e6190b-41b6-4f2c-abfa-7324859860a0:group-48BCF1DE81BC:LeaderElection18] INFO  server.RaftServerConfigKeys (ConfUtils.java:logGet(43)) - raft.server.watch.element-limit = 65536 (default)
2019-09-20 08:53:12,922 [93e6190b-41b6-4f2c-abfa-7324859860a0:group-48BCF1DE81BC:LeaderElection18] INFO  impl.RoleInfo (RoleInfo.java:updateAndGet(143)) - 93e6190b-41b6-4f2c-abfa-7324859860a0: start LeaderState
2019-09-20 08:53:12,922 [93e6190b-41b6-4f2c-abfa-7324859860a0:group-48BCF1DE81BC:LeaderElection18] INFO  segmented.SegmentedRaftLogWorker (SegmentedRaftLogWorker.java:startLogSegment(380)) - 93e6190b-41b6-4f2c-abfa-7324859860a0-SegmentedRaftLogWorker:Storage Directory /workdir/hadoop-ozone/tools/target/test-dir/MiniOzoneClusterImpl-fdb7164d-332a-4161-9ef6-b429f59a210d/datanode-4/data/ratis/23e7f4e7-27a4-49e1-bbad-48bcf1de81bc: Starting segment from index:0
2019-09-20 08:53:12,923 [93e6190b-41b6-4f2c-abfa-7324859860a0:group-48BCF1DE81BC:LeaderElection18] INFO  impl.RaftServerImpl (ServerState.java:setRaftConf(361)) - 93e6190b-41b6-4f2c-abfa-7324859860a0:group-48BCF1DE81BC set configuration 0: [93e6190b-41b6-4f2c-abfa-7324859860a0:192.168.36.79:37080], old=null at 0
2019-09-20 08:53:12,978 [93e6190b-41b6-4f2c-abfa-7324859860a0-SegmentedRaftLogWorker:Storage Directory /workdir/hadoop-ozone/tools/target/test-dir/MiniOzoneClusterImpl-fdb7164d-332a-4161-9ef6-b429f59a210d/datanode-4/data/ratis/23e7f4e7-27a4-49e1-bbad-48bcf1de81bc] INFO  segmented.SegmentedRaftLogWorker (SegmentedRaftLogWorker.java:execute(569)) - 93e6190b-41b6-4f2c-abfa-7324859860a0-SegmentedRaftLogWorker:Storage Directory /workdir/hadoop-ozone/tools/target/test-dir/MiniOzoneClusterImpl-fdb7164d-332a-4161-9ef6-b429f59a210d/datanode-4/data/ratis/23e7f4e7-27a4-49e1-bbad-48bcf1de81bc: created new log segment /workdir/hadoop-ozone/tools/target/test-dir/MiniOzoneClusterImpl-fdb7164d-332a-4161-9ef6-b429f59a210d/datanode-4/data/ratis/23e7f4e7-27a4-49e1-bbad-48bcf1de81bc/current/log_inprogress_0
2019-09-20 08:53:12,978 [Thread-271] INFO  impl.FollowerState (FollowerState.java:run(106)) - 036c7012-de9e-4e05-8743-9a12868644f9:group-668F88E51E52 changes to CANDIDATE, lastRpcTime:5157, electionTimeout:5157ms
2019-09-20 08:53:12,978 [Thread-271] INFO  impl.RoleInfo (RoleInfo.java:shutdownFollowerState(121)) - 036c7012-de9e-4e05-8743-9a12868644f9: shutdown FollowerState
2019-09-20 08:53:12,978 [Thread-271] INFO  impl.RaftServerImpl (RaftServerImpl.java:setRole(171)) - 036c7012-de9e-4e05-8743-9a12868644f9:group-668F88E51E52 changes role from FOLLOWER to CANDIDATE at term 0 for changeToCandidate
2019-09-20 08:53:12,979 [Thread-271] INFO  impl.RoleInfo (RoleInfo.java:updateAndGet(143)) - 036c7012-de9e-4e05-8743-9a12868644f9: start LeaderElection
2019-09-20 08:53:13,012 [036c7012-de9e-4e05-8743-9a12868644f9:group-668F88E51E52:LeaderElection19] INFO  impl.LeaderElection (LeaderElection.java:askForVotes(181)) - 036c7012-de9e-4e05-8743-9a12868644f9:group-668F88E51E52:LeaderElection19: begin an election at term 1 for -1: [036c7012-de9e-4e05-8743-9a12868644f9:192.168.36.79:42237], old=null
2019-09-20 08:53:13,013 [036c7012-de9e-4e05-8743-9a12868644f9:group-668F88E51E52:LeaderElection19] INFO  impl.RoleInfo (RoleInfo.java:shutdownLeaderElection(134)) - 036c7012-de9e-4e05-8743-9a12868644f9: shutdown LeaderElection
2019-09-20 08:53:13,013 [036c7012-de9e-4e05-8743-9a12868644f9:group-668F88E51E52:LeaderElection19] INFO  impl.RaftServerImpl (RaftServerImpl.java:setRole(171)) - 036c7012-de9e-4e05-8743-9a12868644f9:group-668F88E51E52 changes role from CANDIDATE to LEADER at term 1 for changeToLeader
2019-09-20 08:53:13,013 [036c7012-de9e-4e05-8743-9a12868644f9:group-668F88E51E52:LeaderElection19] INFO  impl.RaftServerImpl (ServerState.java:setLeader(263)) - 036c7012-de9e-4e05-8743-9a12868644f9:group-668F88E51E52 change Leader from null to 036c7012-de9e-4e05-8743-9a12868644f9 at term 1 for becomeLeader, leader elected after 5197ms
2019-09-20 08:53:13,013 [036c7012-de9e-4e05-8743-9a12868644f9:group-668F88E51E52:LeaderElection19] INFO  server.RaftServerConfigKeys (ConfUtils.java:logGet(43)) - raft.server.staging.catchup.gap = 1000 (default)
2019-09-20 08:53:13,013 [036c7012-de9e-4e05-8743-9a12868644f9:group-668F88E51E52:LeaderElection19] INFO  server.RaftServerConfigKeys (ConfUtils.java:logGet(43)) - raft.server.rpc.sleep.time = 25ms (default)
2019-09-20 08:53:13,014 [Thread-274] INFO  impl.FollowerState (FollowerState.java:run(106)) - f924f469-4e73-41d9-9d19-420bd0dc75a2:group-5E2940612D64 changes to CANDIDATE, lastRpcTime:5090, electionTimeout:5090ms
2019-09-20 08:53:13,014 [Thread-274] INFO  impl.RoleInfo (RoleInfo.java:shutdownFollowerState(121)) - f924f469-4e73-41d9-9d19-420bd0dc75a2: shutdown FollowerState
2019-09-20 08:53:13,014 [036c7012-de9e-4e05-8743-9a12868644f9:group-668F88E51E52:LeaderElection19] INFO  server.RaftServerConfigKeys (ConfUtils.java:logGet(43)) - raft.server.write.element-limit = 4096 (default)
2019-09-20 08:53:13,014 [Thread-274] INFO  impl.RaftServerImpl (RaftServerImpl.java:setRole(171)) - f924f469-4e73-41d9-9d19-420bd0dc75a2:group-5E2940612D64 changes role from FOLLOWER to CANDIDATE at term 0 for changeToCandidate
2019-09-20 08:53:13,014 [036c7012-de9e-4e05-8743-9a12868644f9:group-668F88E51E52:LeaderElection19] INFO  server.RaftServerConfigKeys (ConfUtils.java:logGet(43)) - raft.server.watch.timeout = 10s (default)
2019-09-20 08:53:13,014 [Thread-274] INFO  impl.RoleInfo (RoleInfo.java:updateAndGet(143)) - f924f469-4e73-41d9-9d19-420bd0dc75a2: start LeaderElection
2019-09-20 08:53:13,014 [036c7012-de9e-4e05-8743-9a12868644f9:group-668F88E51E52:LeaderElection19] INFO  server.RaftServerConfigKeys (ConfUtils.java:logGet(43)) - raft.server.watch.timeout.denomination = 1s (default)
2019-09-20 08:53:13,014 [036c7012-de9e-4e05-8743-9a12868644f9:group-668F88E51E52:LeaderElection19] INFO  server.RaftServerConfigKeys (ConfUtils.java:logGet(43)) - raft.server.watch.element-limit = 65536 (default)
2019-09-20 08:53:13,031 [036c7012-de9e-4e05-8743-9a12868644f9:group-668F88E51E52:LeaderElection19] INFO  impl.RoleInfo (RoleInfo.java:updateAndGet(143)) - 036c7012-de9e-4e05-8743-9a12868644f9: start LeaderState
2019-09-20 08:53:13,031 [036c7012-de9e-4e05-8743-9a12868644f9:group-668F88E51E52:LeaderElection19] INFO  segmented.SegmentedRaftLogWorker (SegmentedRaftLogWorker.java:startLogSegment(380)) - 036c7012-de9e-4e05-8743-9a12868644f9-SegmentedRaftLogWorker:Storage Directory /workdir/hadoop-ozone/tools/target/test-dir/MiniOzoneClusterImpl-fdb7164d-332a-4161-9ef6-b429f59a210d/datanode-1/data/ratis/508cf58e-d464-4c24-a438-668f88e51e52: Starting segment from index:0
2019-09-20 08:53:13,032 [036c7012-de9e-4e05-8743-9a12868644f9:group-668F88E51E52:LeaderElection19] INFO  impl.RaftServerImpl (ServerState.java:setRaftConf(361)) - 036c7012-de9e-4e05-8743-9a12868644f9:group-668F88E51E52 set configuration 0: [036c7012-de9e-4e05-8743-9a12868644f9:192.168.36.79:42237], old=null at 0
2019-09-20 08:53:13,065 [Thread-277] INFO  impl.FollowerState (FollowerState.java:run(106)) - f78c6f6f-b83c-4bef-83c8-4f247fc2f9cb:group-C52A164CF3BF changes to CANDIDATE, lastRpcTime:5024, electionTimeout:5004ms
2019-09-20 08:53:13,065 [Thread-277] INFO  impl.RoleInfo (RoleInfo.java:shutdownFollowerState(121)) - f78c6f6f-b83c-4bef-83c8-4f247fc2f9cb: shutdown FollowerState
2019-09-20 08:53:13,065 | INFO  | SCMAudit | user=jenkins1000 | ip=192.168.36.79 | op=SEND_HEARTBEAT {datanodeUUID=b44e7e57-9837-469e-aba7-9d7779212b32, command=[]} | ret=SUCCESS |  
2019-09-20 08:53:13,065 [Thread-277] INFO  impl.RaftServerImpl (RaftServerImpl.java:setRole(171)) - f78c6f6f-b83c-4bef-83c8-4f247fc2f9cb:group-C52A164CF3BF changes role from FOLLOWER to CANDIDATE at term 0 for changeToCandidate
2019-09-20 08:53:13,065 [Thread-277] INFO  impl.RoleInfo (RoleInfo.java:updateAndGet(143)) - f78c6f6f-b83c-4bef-83c8-4f247fc2f9cb: start LeaderElection
2019-09-20 08:53:13,088 [036c7012-de9e-4e05-8743-9a12868644f9-SegmentedRaftLogWorker:Storage Directory /workdir/hadoop-ozone/tools/target/test-dir/MiniOzoneClusterImpl-fdb7164d-332a-4161-9ef6-b429f59a210d/datanode-1/data/ratis/508cf58e-d464-4c24-a438-668f88e51e52] INFO  segmented.SegmentedRaftLogWorker (SegmentedRaftLogWorker.java:execute(569)) - 036c7012-de9e-4e05-8743-9a12868644f9-SegmentedRaftLogWorker:Storage Directory /workdir/hadoop-ozone/tools/target/test-dir/MiniOzoneClusterImpl-fdb7164d-332a-4161-9ef6-b429f59a210d/datanode-1/data/ratis/508cf58e-d464-4c24-a438-668f88e51e52: created new log segment /workdir/hadoop-ozone/tools/target/test-dir/MiniOzoneClusterImpl-fdb7164d-332a-4161-9ef6-b429f59a210d/datanode-1/data/ratis/508cf58e-d464-4c24-a438-668f88e51e52/current/log_inprogress_0
2019-09-20 08:53:13,088 [f78c6f6f-b83c-4bef-83c8-4f247fc2f9cb:group-C52A164CF3BF:LeaderElection21] INFO  impl.LeaderElection (LeaderElection.java:askForVotes(181)) - f78c6f6f-b83c-4bef-83c8-4f247fc2f9cb:group-C52A164CF3BF:LeaderElection21: begin an election at term 1 for -1: [f78c6f6f-b83c-4bef-83c8-4f247fc2f9cb:192.168.36.79:33749], old=null
2019-09-20 08:53:13,088 [f924f469-4e73-41d9-9d19-420bd0dc75a2:group-5E2940612D64:LeaderElection20] INFO  impl.LeaderElection (LeaderElection.java:askForVotes(181)) - f924f469-4e73-41d9-9d19-420bd0dc75a2:group-5E2940612D64:LeaderElection20: begin an election at term 1 for -1: [f924f469-4e73-41d9-9d19-420bd0dc75a2:192.168.36.79:42715], old=null
2019-09-20 08:53:13,088 [f78c6f6f-b83c-4bef-83c8-4f247fc2f9cb:group-C52A164CF3BF:LeaderElection21] INFO  impl.RoleInfo (RoleInfo.java:shutdownLeaderElection(134)) - f78c6f6f-b83c-4bef-83c8-4f247fc2f9cb: shutdown LeaderElection
2019-09-20 08:53:13,089 [f924f469-4e73-41d9-9d19-420bd0dc75a2:group-5E2940612D64:LeaderElection20] INFO  impl.RoleInfo (RoleInfo.java:shutdownLeaderElection(134)) - f924f469-4e73-41d9-9d19-420bd0dc75a2: shutdown LeaderElection
2019-09-20 08:53:13,089 [f78c6f6f-b83c-4bef-83c8-4f247fc2f9cb:group-C52A164CF3BF:LeaderElection21] INFO  impl.RaftServerImpl (RaftServerImpl.java:setRole(171)) - f78c6f6f-b83c-4bef-83c8-4f247fc2f9cb:group-C52A164CF3BF changes role from CANDIDATE to LEADER at term 1 for changeToLeader
2019-09-20 08:53:13,089 [f924f469-4e73-41d9-9d19-420bd0dc75a2:group-5E2940612D64:LeaderElection20] INFO  impl.RaftServerImpl (RaftServerImpl.java:setRole(171)) - f924f469-4e73-41d9-9d19-420bd0dc75a2:group-5E2940612D64 changes role from CANDIDATE to LEADER at term 1 for changeToLeader
2019-09-20 08:53:13,089 [f78c6f6f-b83c-4bef-83c8-4f247fc2f9cb:group-C52A164CF3BF:LeaderElection21] INFO  impl.RaftServerImpl (ServerState.java:setLeader(263)) - f78c6f6f-b83c-4bef-83c8-4f247fc2f9cb:group-C52A164CF3BF change Leader from null to f78c6f6f-b83c-4bef-83c8-4f247fc2f9cb at term 1 for becomeLeader, leader elected after 5055ms
2019-09-20 08:53:13,089 [f924f469-4e73-41d9-9d19-420bd0dc75a2:group-5E2940612D64:LeaderElection20] INFO  impl.RaftServerImpl (ServerState.java:setLeader(263)) - f924f469-4e73-41d9-9d19-420bd0dc75a2:group-5E2940612D64 change Leader from null to f924f469-4e73-41d9-9d19-420bd0dc75a2 at term 1 for becomeLeader, leader elected after 5172ms
2019-09-20 08:53:13,089 [f78c6f6f-b83c-4bef-83c8-4f247fc2f9cb:group-C52A164CF3BF:LeaderElection21] INFO  server.RaftServerConfigKeys (ConfUtils.java:logGet(43)) - raft.server.staging.catchup.gap = 1000 (default)
2019-09-20 08:53:13,089 [f924f469-4e73-41d9-9d19-420bd0dc75a2:group-5E2940612D64:LeaderElection20] INFO  server.RaftServerConfigKeys (ConfUtils.java:logGet(43)) - raft.server.staging.catchup.gap = 1000 (default)
2019-09-20 08:53:13,090 [f78c6f6f-b83c-4bef-83c8-4f247fc2f9cb:group-C52A164CF3BF:LeaderElection21] INFO  server.RaftServerConfigKeys (ConfUtils.java:logGet(43)) - raft.server.rpc.sleep.time = 25ms (default)
2019-09-20 08:53:13,090 [f924f469-4e73-41d9-9d19-420bd0dc75a2:group-5E2940612D64:LeaderElection20] INFO  server.RaftServerConfigKeys (ConfUtils.java:logGet(43)) - raft.server.rpc.sleep.time = 25ms (default)
2019-09-20 08:53:13,090 [f78c6f6f-b83c-4bef-83c8-4f247fc2f9cb:group-C52A164CF3BF:LeaderElection21] INFO  server.RaftServerConfigKeys (ConfUtils.java:logGet(43)) - raft.server.write.element-limit = 4096 (default)
2019-09-20 08:53:13,090 [f924f469-4e73-41d9-9d19-420bd0dc75a2:group-5E2940612D64:LeaderElection20] INFO  server.RaftServerConfigKeys (ConfUtils.java:logGet(43)) - raft.server.write.element-limit = 4096 (default)
2019-09-20 08:53:13,090 [f78c6f6f-b83c-4bef-83c8-4f247fc2f9cb:group-C52A164CF3BF:LeaderElection21] INFO  server.RaftServerConfigKeys (ConfUtils.java:logGet(43)) - raft.server.watch.timeout = 10s (default)
2019-09-20 08:53:13,090 [f924f469-4e73-41d9-9d19-420bd0dc75a2:group-5E2940612D64:LeaderElection20] INFO  server.RaftServerConfigKeys (ConfUtils.java:logGet(43)) - raft.server.watch.timeout = 10s (default)
2019-09-20 08:53:13,090 [f78c6f6f-b83c-4bef-83c8-4f247fc2f9cb:group-C52A164CF3BF:LeaderElection21] INFO  server.RaftServerConfigKeys (ConfUtils.java:logGet(43)) - raft.server.watch.timeout.denomination = 1s (default)
2019-09-20 08:53:13,091 [f924f469-4e73-41d9-9d19-420bd0dc75a2:group-5E2940612D64:LeaderElection20] INFO  server.RaftServerConfigKeys (ConfUtils.java:logGet(43)) - raft.server.watch.timeout.denomination = 1s (default)
2019-09-20 08:53:13,091 [f78c6f6f-b83c-4bef-83c8-4f247fc2f9cb:group-C52A164CF3BF:LeaderElection21] INFO  server.RaftServerConfigKeys (ConfUtils.java:logGet(43)) - raft.server.watch.element-limit = 65536 (default)
2019-09-20 08:53:13,091 [f924f469-4e73-41d9-9d19-420bd0dc75a2:group-5E2940612D64:LeaderElection20] INFO  server.RaftServerConfigKeys (ConfUtils.java:logGet(43)) - raft.server.watch.element-limit = 65536 (default)
2019-09-20 08:53:13,091 [f78c6f6f-b83c-4bef-83c8-4f247fc2f9cb:group-C52A164CF3BF:LeaderElection21] INFO  impl.RoleInfo (RoleInfo.java:updateAndGet(143)) - f78c6f6f-b83c-4bef-83c8-4f247fc2f9cb: start LeaderState
2019-09-20 08:53:13,091 [f924f469-4e73-41d9-9d19-420bd0dc75a2:group-5E2940612D64:LeaderElection20] INFO  impl.RoleInfo (RoleInfo.java:updateAndGet(143)) - f924f469-4e73-41d9-9d19-420bd0dc75a2: start LeaderState
2019-09-20 08:53:13,092 [f78c6f6f-b83c-4bef-83c8-4f247fc2f9cb:group-C52A164CF3BF:LeaderElection21] INFO  segmented.SegmentedRaftLogWorker (SegmentedRaftLogWorker.java:startLogSegment(380)) - f78c6f6f-b83c-4bef-83c8-4f247fc2f9cb-SegmentedRaftLogWorker:Storage Directory /workdir/hadoop-ozone/tools/target/test-dir/MiniOzoneClusterImpl-fdb7164d-332a-4161-9ef6-b429f59a210d/datanode-0/data/ratis/213b81b0-d8f9-4663-b3df-c52a164cf3bf: Starting segment from index:0
2019-09-20 08:53:13,092 [f924f469-4e73-41d9-9d19-420bd0dc75a2:group-5E2940612D64:LeaderElection20] INFO  segmented.SegmentedRaftLogWorker (SegmentedRaftLogWorker.java:startLogSegment(380)) - f924f469-4e73-41d9-9d19-420bd0dc75a2-SegmentedRaftLogWorker:Storage Directory /workdir/hadoop-ozone/tools/target/test-dir/MiniOzoneClusterImpl-fdb7164d-332a-4161-9ef6-b429f59a210d/datanode-3/data/ratis/98c8e66e-bbc2-45c9-a534-5e2940612d64: Starting segment from index:0
2019-09-20 08:53:13,092 [f78c6f6f-b83c-4bef-83c8-4f247fc2f9cb:group-C52A164CF3BF:LeaderElection21] INFO  impl.RaftServerImpl (ServerState.java:setRaftConf(361)) - f78c6f6f-b83c-4bef-83c8-4f247fc2f9cb:group-C52A164CF3BF set configuration 0: [f78c6f6f-b83c-4bef-83c8-4f247fc2f9cb:192.168.36.79:33749], old=null at 0
2019-09-20 08:53:13,133 [f924f469-4e73-41d9-9d19-420bd0dc75a2:group-5E2940612D64:LeaderElection20] INFO  impl.RaftServerImpl (ServerState.java:setRaftConf(361)) - f924f469-4e73-41d9-9d19-420bd0dc75a2:group-5E2940612D64 set configuration 0: [f924f469-4e73-41d9-9d19-420bd0dc75a2:192.168.36.79:42715], old=null at 0
2019-09-20 08:53:13,155 [f924f469-4e73-41d9-9d19-420bd0dc75a2-SegmentedRaftLogWorker:Storage Directory /workdir/hadoop-ozone/tools/target/test-dir/MiniOzoneClusterImpl-fdb7164d-332a-4161-9ef6-b429f59a210d/datanode-3/data/ratis/98c8e66e-bbc2-45c9-a534-5e2940612d64] INFO  segmented.SegmentedRaftLogWorker (SegmentedRaftLogWorker.java:execute(569)) - f924f469-4e73-41d9-9d19-420bd0dc75a2-SegmentedRaftLogWorker:Storage Directory /workdir/hadoop-ozone/tools/target/test-dir/MiniOzoneClusterImpl-fdb7164d-332a-4161-9ef6-b429f59a210d/datanode-3/data/ratis/98c8e66e-bbc2-45c9-a534-5e2940612d64: created new log segment /workdir/hadoop-ozone/tools/target/test-dir/MiniOzoneClusterImpl-fdb7164d-332a-4161-9ef6-b429f59a210d/datanode-3/data/ratis/98c8e66e-bbc2-45c9-a534-5e2940612d64/current/log_inprogress_0
2019-09-20 08:53:13,155 [f78c6f6f-b83c-4bef-83c8-4f247fc2f9cb-SegmentedRaftLogWorker:Storage Directory /workdir/hadoop-ozone/tools/target/test-dir/MiniOzoneClusterImpl-fdb7164d-332a-4161-9ef6-b429f59a210d/datanode-0/data/ratis/213b81b0-d8f9-4663-b3df-c52a164cf3bf] INFO  segmented.SegmentedRaftLogWorker (SegmentedRaftLogWorker.java:execute(569)) - f78c6f6f-b83c-4bef-83c8-4f247fc2f9cb-SegmentedRaftLogWorker:Storage Directory /workdir/hadoop-ozone/tools/target/test-dir/MiniOzoneClusterImpl-fdb7164d-332a-4161-9ef6-b429f59a210d/datanode-0/data/ratis/213b81b0-d8f9-4663-b3df-c52a164cf3bf: created new log segment /workdir/hadoop-ozone/tools/target/test-dir/MiniOzoneClusterImpl-fdb7164d-332a-4161-9ef6-b429f59a210d/datanode-0/data/ratis/213b81b0-d8f9-4663-b3df-c52a164cf3bf/current/log_inprogress_0
2019-09-20 08:53:13,259 [Thread-283] INFO  impl.FollowerState (FollowerState.java:run(106)) - 93e6190b-41b6-4f2c-abfa-7324859860a0:group-FFA7CE54F89F changes to CANDIDATE, lastRpcTime:5035, electionTimeout:5035ms
2019-09-20 08:53:13,260 [Thread-283] INFO  impl.RoleInfo (RoleInfo.java:shutdownFollowerState(121)) - 93e6190b-41b6-4f2c-abfa-7324859860a0: shutdown FollowerState
2019-09-20 08:53:13,260 [Thread-283] INFO  impl.RaftServerImpl (RaftServerImpl.java:setRole(171)) - 93e6190b-41b6-4f2c-abfa-7324859860a0:group-FFA7CE54F89F changes role from FOLLOWER to CANDIDATE at term 0 for changeToCandidate
2019-09-20 08:53:13,260 [Thread-283] INFO  impl.RoleInfo (RoleInfo.java:updateAndGet(143)) - 93e6190b-41b6-4f2c-abfa-7324859860a0: start LeaderElection
2019-09-20 08:53:13,292 [Thread-280] INFO  impl.FollowerState (FollowerState.java:run(106)) - f924f469-4e73-41d9-9d19-420bd0dc75a2:group-3D22B4892CE4 changes to CANDIDATE, lastRpcTime:5160, electionTimeout:5160ms
2019-09-20 08:53:13,292 [Thread-280] INFO  impl.RoleInfo (RoleInfo.java:shutdownFollowerState(121)) - f924f469-4e73-41d9-9d19-420bd0dc75a2: shutdown FollowerState
2019-09-20 08:53:13,293 [Thread-280] INFO  impl.RaftServerImpl (RaftServerImpl.java:setRole(171)) - f924f469-4e73-41d9-9d19-420bd0dc75a2:group-3D22B4892CE4 changes role from FOLLOWER to CANDIDATE at term 0 for changeToCandidate
2019-09-20 08:53:13,293 [Thread-280] INFO  impl.RoleInfo (RoleInfo.java:updateAndGet(143)) - f924f469-4e73-41d9-9d19-420bd0dc75a2: start LeaderElection
2019-09-20 08:53:13,322 [f924f469-4e73-41d9-9d19-420bd0dc75a2:group-3D22B4892CE4:LeaderElection23] INFO  impl.LeaderElection (LeaderElection.java:askForVotes(181)) - f924f469-4e73-41d9-9d19-420bd0dc75a2:group-3D22B4892CE4:LeaderElection23: begin an election at term 1 for -1: [f924f469-4e73-41d9-9d19-420bd0dc75a2:192.168.36.79:42715], old=null
2019-09-20 08:53:13,322 [93e6190b-41b6-4f2c-abfa-7324859860a0:group-FFA7CE54F89F:LeaderElection22] INFO  impl.LeaderElection (LeaderElection.java:askForVotes(181)) - 93e6190b-41b6-4f2c-abfa-7324859860a0:group-FFA7CE54F89F:LeaderElection22: begin an election at term 1 for -1: [93e6190b-41b6-4f2c-abfa-7324859860a0:192.168.36.79:37080], old=null
2019-09-20 08:53:13,323 [f924f469-4e73-41d9-9d19-420bd0dc75a2:group-3D22B4892CE4:LeaderElection23] INFO  impl.RoleInfo (RoleInfo.java:shutdownLeaderElection(134)) - f924f469-4e73-41d9-9d19-420bd0dc75a2: shutdown LeaderElection
2019-09-20 08:53:13,323 [93e6190b-41b6-4f2c-abfa-7324859860a0:group-FFA7CE54F89F:LeaderElection22] INFO  impl.RoleInfo (RoleInfo.java:shutdownLeaderElection(134)) - 93e6190b-41b6-4f2c-abfa-7324859860a0: shutdown LeaderElection
2019-09-20 08:53:13,323 [f924f469-4e73-41d9-9d19-420bd0dc75a2:group-3D22B4892CE4:LeaderElection23] INFO  impl.RaftServerImpl (RaftServerImpl.java:setRole(171)) - f924f469-4e73-41d9-9d19-420bd0dc75a2:group-3D22B4892CE4 changes role from CANDIDATE to LEADER at term 1 for changeToLeader
2019-09-20 08:53:13,323 [93e6190b-41b6-4f2c-abfa-7324859860a0:group-FFA7CE54F89F:LeaderElection22] INFO  impl.RaftServerImpl (RaftServerImpl.java:setRole(171)) - 93e6190b-41b6-4f2c-abfa-7324859860a0:group-FFA7CE54F89F changes role from CANDIDATE to LEADER at term 1 for changeToLeader
2019-09-20 08:53:13,323 [f924f469-4e73-41d9-9d19-420bd0dc75a2:group-3D22B4892CE4:LeaderElection23] INFO  impl.RaftServerImpl (ServerState.java:setLeader(263)) - f924f469-4e73-41d9-9d19-420bd0dc75a2:group-3D22B4892CE4 change Leader from null to f924f469-4e73-41d9-9d19-420bd0dc75a2 at term 1 for becomeLeader, leader elected after 5196ms
2019-09-20 08:53:13,323 [93e6190b-41b6-4f2c-abfa-7324859860a0:group-FFA7CE54F89F:LeaderElection22] INFO  impl.RaftServerImpl (ServerState.java:setLeader(263)) - 93e6190b-41b6-4f2c-abfa-7324859860a0:group-FFA7CE54F89F change Leader from null to 93e6190b-41b6-4f2c-abfa-7324859860a0 at term 1 for becomeLeader, leader elected after 5104ms
2019-09-20 08:53:13,324 [f924f469-4e73-41d9-9d19-420bd0dc75a2:group-3D22B4892CE4:LeaderElection23] INFO  server.RaftServerConfigKeys (ConfUtils.java:logGet(43)) - raft.server.staging.catchup.gap = 1000 (default)
2019-09-20 08:53:13,324 [93e6190b-41b6-4f2c-abfa-7324859860a0:group-FFA7CE54F89F:LeaderElection22] INFO  server.RaftServerConfigKeys (ConfUtils.java:logGet(43)) - raft.server.staging.catchup.gap = 1000 (default)
2019-09-20 08:53:13,324 [f924f469-4e73-41d9-9d19-420bd0dc75a2:group-3D22B4892CE4:LeaderElection23] INFO  server.RaftServerConfigKeys (ConfUtils.java:logGet(43)) - raft.server.rpc.sleep.time = 25ms (default)
2019-09-20 08:53:13,324 [93e6190b-41b6-4f2c-abfa-7324859860a0:group-FFA7CE54F89F:LeaderElection22] INFO  server.RaftServerConfigKeys (ConfUtils.java:logGet(43)) - raft.server.rpc.sleep.time = 25ms (default)
2019-09-20 08:53:13,325 [f924f469-4e73-41d9-9d19-420bd0dc75a2:group-3D22B4892CE4:LeaderElection23] INFO  server.RaftServerConfigKeys (ConfUtils.java:logGet(43)) - raft.server.write.element-limit = 4096 (default)
2019-09-20 08:53:13,325 [93e6190b-41b6-4f2c-abfa-7324859860a0:group-FFA7CE54F89F:LeaderElection22] INFO  server.RaftServerConfigKeys (ConfUtils.java:logGet(43)) - raft.server.write.element-limit = 4096 (default)
2019-09-20 08:53:13,325 [f924f469-4e73-41d9-9d19-420bd0dc75a2:group-3D22B4892CE4:LeaderElection23] INFO  server.RaftServerConfigKeys (ConfUtils.java:logGet(43)) - raft.server.watch.timeout = 10s (default)
2019-09-20 08:53:13,325 [93e6190b-41b6-4f2c-abfa-7324859860a0:group-FFA7CE54F89F:LeaderElection22] INFO  server.RaftServerConfigKeys (ConfUtils.java:logGet(43)) - raft.server.watch.timeout = 10s (default)
2019-09-20 08:53:13,325 [f924f469-4e73-41d9-9d19-420bd0dc75a2:group-3D22B4892CE4:LeaderElection23] INFO  server.RaftServerConfigKeys (ConfUtils.java:logGet(43)) - raft.server.watch.timeout.denomination = 1s (default)
2019-09-20 08:53:13,326 [93e6190b-41b6-4f2c-abfa-7324859860a0:group-FFA7CE54F89F:LeaderElection22] INFO  server.RaftServerConfigKeys (ConfUtils.java:logGet(43)) - raft.server.watch.timeout.denomination = 1s (default)
2019-09-20 08:53:13,326 [f924f469-4e73-41d9-9d19-420bd0dc75a2:group-3D22B4892CE4:LeaderElection23] INFO  server.RaftServerConfigKeys (ConfUtils.java:logGet(43)) - raft.server.watch.element-limit = 65536 (default)
2019-09-20 08:53:13,326 [93e6190b-41b6-4f2c-abfa-7324859860a0:group-FFA7CE54F89F:LeaderElection22] INFO  server.RaftServerConfigKeys (ConfUtils.java:logGet(43)) - raft.server.watch.element-limit = 65536 (default)
2019-09-20 08:53:13,326 [f924f469-4e73-41d9-9d19-420bd0dc75a2:group-3D22B4892CE4:LeaderElection23] INFO  impl.RoleInfo (RoleInfo.java:updateAndGet(143)) - f924f469-4e73-41d9-9d19-420bd0dc75a2: start LeaderState
2019-09-20 08:53:13,327 [93e6190b-41b6-4f2c-abfa-7324859860a0:group-FFA7CE54F89F:LeaderElection22] INFO  impl.RoleInfo (RoleInfo.java:updateAndGet(143)) - 93e6190b-41b6-4f2c-abfa-7324859860a0: start LeaderState
2019-09-20 08:53:13,327 [f924f469-4e73-41d9-9d19-420bd0dc75a2:group-3D22B4892CE4:LeaderElection23] INFO  segmented.SegmentedRaftLogWorker (SegmentedRaftLogWorker.java:startLogSegment(380)) - f924f469-4e73-41d9-9d19-420bd0dc75a2-SegmentedRaftLogWorker:Storage Directory /workdir/hadoop-ozone/tools/target/test-dir/MiniOzoneClusterImpl-fdb7164d-332a-4161-9ef6-b429f59a210d/datanode-3/data/ratis/e718e4f1-5801-40ec-8e56-3d22b4892ce4: Starting segment from index:0
2019-09-20 08:53:13,327 [93e6190b-41b6-4f2c-abfa-7324859860a0:group-FFA7CE54F89F:LeaderElection22] INFO  segmented.SegmentedRaftLogWorker (SegmentedRaftLogWorker.java:startLogSegment(380)) - 93e6190b-41b6-4f2c-abfa-7324859860a0-SegmentedRaftLogWorker:Storage Directory /workdir/hadoop-ozone/tools/target/test-dir/MiniOzoneClusterImpl-fdb7164d-332a-4161-9ef6-b429f59a210d/datanode-4/data/ratis/51dcd0c9-6bbd-4821-9e0b-ffa7ce54f89f: Starting segment from index:0
2019-09-20 08:53:13,328 [f924f469-4e73-41d9-9d19-420bd0dc75a2:group-3D22B4892CE4:LeaderElection23] INFO  impl.RaftServerImpl (ServerState.java:setRaftConf(361)) - f924f469-4e73-41d9-9d19-420bd0dc75a2:group-3D22B4892CE4 set configuration 0: [f924f469-4e73-41d9-9d19-420bd0dc75a2:192.168.36.79:42715], old=null at 0
2019-09-20 08:53:13,368 [93e6190b-41b6-4f2c-abfa-7324859860a0:group-FFA7CE54F89F:LeaderElection22] INFO  impl.RaftServerImpl (ServerState.java:setRaftConf(361)) - 93e6190b-41b6-4f2c-abfa-7324859860a0:group-FFA7CE54F89F set configuration 0: [93e6190b-41b6-4f2c-abfa-7324859860a0:192.168.36.79:37080], old=null at 0
2019-09-20 08:53:13,408 [f924f469-4e73-41d9-9d19-420bd0dc75a2-SegmentedRaftLogWorker:Storage Directory /workdir/hadoop-ozone/tools/target/test-dir/MiniOzoneClusterImpl-fdb7164d-332a-4161-9ef6-b429f59a210d/datanode-3/data/ratis/e718e4f1-5801-40ec-8e56-3d22b4892ce4] INFO  segmented.SegmentedRaftLogWorker (SegmentedRaftLogWorker.java:execute(569)) - f924f469-4e73-41d9-9d19-420bd0dc75a2-SegmentedRaftLogWorker:Storage Directory /workdir/hadoop-ozone/tools/target/test-dir/MiniOzoneClusterImpl-fdb7164d-332a-4161-9ef6-b429f59a210d/datanode-3/data/ratis/e718e4f1-5801-40ec-8e56-3d22b4892ce4: created new log segment /workdir/hadoop-ozone/tools/target/test-dir/MiniOzoneClusterImpl-fdb7164d-332a-4161-9ef6-b429f59a210d/datanode-3/data/ratis/e718e4f1-5801-40ec-8e56-3d22b4892ce4/current/log_inprogress_0
2019-09-20 08:53:13,416 [Thread-286] INFO  impl.FollowerState (FollowerState.java:run(106)) - f924f469-4e73-41d9-9d19-420bd0dc75a2:group-578D5E334CF7 changes to CANDIDATE, lastRpcTime:5099, electionTimeout:5099ms
2019-09-20 08:53:13,416 [Thread-286] INFO  impl.RoleInfo (RoleInfo.java:shutdownFollowerState(121)) - f924f469-4e73-41d9-9d19-420bd0dc75a2: shutdown FollowerState
2019-09-20 08:53:13,416 [Thread-286] INFO  impl.RaftServerImpl (RaftServerImpl.java:setRole(171)) - f924f469-4e73-41d9-9d19-420bd0dc75a2:group-578D5E334CF7 changes role from FOLLOWER to CANDIDATE at term 0 for changeToCandidate
2019-09-20 08:53:13,417 [Thread-286] INFO  impl.RoleInfo (RoleInfo.java:updateAndGet(143)) - f924f469-4e73-41d9-9d19-420bd0dc75a2: start LeaderElection
2019-09-20 08:53:13,423 [93e6190b-41b6-4f2c-abfa-7324859860a0-SegmentedRaftLogWorker:Storage Directory /workdir/hadoop-ozone/tools/target/test-dir/MiniOzoneClusterImpl-fdb7164d-332a-4161-9ef6-b429f59a210d/datanode-4/data/ratis/51dcd0c9-6bbd-4821-9e0b-ffa7ce54f89f] INFO  segmented.SegmentedRaftLogWorker (SegmentedRaftLogWorker.java:execute(569)) - 93e6190b-41b6-4f2c-abfa-7324859860a0-SegmentedRaftLogWorker:Storage Directory /workdir/hadoop-ozone/tools/target/test-dir/MiniOzoneClusterImpl-fdb7164d-332a-4161-9ef6-b429f59a210d/datanode-4/data/ratis/51dcd0c9-6bbd-4821-9e0b-ffa7ce54f89f: created new log segment /workdir/hadoop-ozone/tools/target/test-dir/MiniOzoneClusterImpl-fdb7164d-332a-4161-9ef6-b429f59a210d/datanode-4/data/ratis/51dcd0c9-6bbd-4821-9e0b-ffa7ce54f89f/current/log_inprogress_0
2019-09-20 08:53:13,448 [f924f469-4e73-41d9-9d19-420bd0dc75a2:group-578D5E334CF7:LeaderElection24] INFO  impl.LeaderElection (LeaderElection.java:askForVotes(181)) - f924f469-4e73-41d9-9d19-420bd0dc75a2:group-578D5E334CF7:LeaderElection24: begin an election at term 1 for -1: [f924f469-4e73-41d9-9d19-420bd0dc75a2:192.168.36.79:42715], old=null
2019-09-20 08:53:13,448 [f924f469-4e73-41d9-9d19-420bd0dc75a2:group-578D5E334CF7:LeaderElection24] INFO  impl.RoleInfo (RoleInfo.java:shutdownLeaderElection(134)) - f924f469-4e73-41d9-9d19-420bd0dc75a2: shutdown LeaderElection
2019-09-20 08:53:13,448 [f924f469-4e73-41d9-9d19-420bd0dc75a2:group-578D5E334CF7:LeaderElection24] INFO  impl.RaftServerImpl (RaftServerImpl.java:setRole(171)) - f924f469-4e73-41d9-9d19-420bd0dc75a2:group-578D5E334CF7 changes role from CANDIDATE to LEADER at term 1 for changeToLeader
2019-09-20 08:53:13,449 [f924f469-4e73-41d9-9d19-420bd0dc75a2:group-578D5E334CF7:LeaderElection24] INFO  impl.RaftServerImpl (ServerState.java:setLeader(263)) - f924f469-4e73-41d9-9d19-420bd0dc75a2:group-578D5E334CF7 change Leader from null to f924f469-4e73-41d9-9d19-420bd0dc75a2 at term 1 for becomeLeader, leader elected after 5136ms
2019-09-20 08:53:13,449 [f924f469-4e73-41d9-9d19-420bd0dc75a2:group-578D5E334CF7:LeaderElection24] INFO  server.RaftServerConfigKeys (ConfUtils.java:logGet(43)) - raft.server.staging.catchup.gap = 1000 (default)
2019-09-20 08:53:13,449 [f924f469-4e73-41d9-9d19-420bd0dc75a2:group-578D5E334CF7:LeaderElection24] INFO  server.RaftServerConfigKeys (ConfUtils.java:logGet(43)) - raft.server.rpc.sleep.time = 25ms (default)
2019-09-20 08:53:13,449 [f924f469-4e73-41d9-9d19-420bd0dc75a2:group-578D5E334CF7:LeaderElection24] INFO  server.RaftServerConfigKeys (ConfUtils.java:logGet(43)) - raft.server.write.element-limit = 4096 (default)
2019-09-20 08:53:13,449 [f924f469-4e73-41d9-9d19-420bd0dc75a2:group-578D5E334CF7:LeaderElection24] INFO  server.RaftServerConfigKeys (ConfUtils.java:logGet(43)) - raft.server.watch.timeout = 10s (default)
2019-09-20 08:53:13,449 [f924f469-4e73-41d9-9d19-420bd0dc75a2:group-578D5E334CF7:LeaderElection24] INFO  server.RaftServerConfigKeys (ConfUtils.java:logGet(43)) - raft.server.watch.timeout.denomination = 1s (default)
2019-09-20 08:53:13,450 [f924f469-4e73-41d9-9d19-420bd0dc75a2:group-578D5E334CF7:LeaderElection24] INFO  server.RaftServerConfigKeys (ConfUtils.java:logGet(43)) - raft.server.watch.element-limit = 65536 (default)
2019-09-20 08:53:13,450 [f924f469-4e73-41d9-9d19-420bd0dc75a2:group-578D5E334CF7:LeaderElection24] INFO  impl.RoleInfo (RoleInfo.java:updateAndGet(143)) - f924f469-4e73-41d9-9d19-420bd0dc75a2: start LeaderState
2019-09-20 08:53:13,450 [f924f469-4e73-41d9-9d19-420bd0dc75a2:group-578D5E334CF7:LeaderElection24] INFO  segmented.SegmentedRaftLogWorker (SegmentedRaftLogWorker.java:startLogSegment(380)) - f924f469-4e73-41d9-9d19-420bd0dc75a2-SegmentedRaftLogWorker:Storage Directory /workdir/hadoop-ozone/tools/target/test-dir/MiniOzoneClusterImpl-fdb7164d-332a-4161-9ef6-b429f59a210d/datanode-3/data/ratis/ebbc8b75-4c4c-451c-83df-578d5e334cf7: Starting segment from index:0
2019-09-20 08:53:13,451 [f924f469-4e73-41d9-9d19-420bd0dc75a2:group-578D5E334CF7:LeaderElection24] INFO  impl.RaftServerImpl (ServerState.java:setRaftConf(361)) - f924f469-4e73-41d9-9d19-420bd0dc75a2:group-578D5E334CF7 set configuration 0: [f924f469-4e73-41d9-9d19-420bd0dc75a2:192.168.36.79:42715], old=null at 0
2019-09-20 08:53:13,494 | INFO  | SCMAudit | user=jenkins1000 | ip=192.168.36.79 | op=SEND_HEARTBEAT {datanodeUUID=f924f469-4e73-41d9-9d19-420bd0dc75a2, command=[]} | ret=SUCCESS |  
2019-09-20 08:53:13,511 | INFO  | SCMAudit | user=jenkins1000 | ip=192.168.36.79 | op=SEND_HEARTBEAT {datanodeUUID=93e6190b-41b6-4f2c-abfa-7324859860a0, command=[]} | ret=SUCCESS |  
2019-09-20 08:53:13,514 | INFO  | SCMAudit | user=jenkins1000 | ip=192.168.36.79 | op=SEND_HEARTBEAT {datanodeUUID=f78c6f6f-b83c-4bef-83c8-4f247fc2f9cb, command=[]} | ret=SUCCESS |  
2019-09-20 08:53:13,532 [f924f469-4e73-41d9-9d19-420bd0dc75a2-SegmentedRaftLogWorker:Storage Directory /workdir/hadoop-ozone/tools/target/test-dir/MiniOzoneClusterImpl-fdb7164d-332a-4161-9ef6-b429f59a210d/datanode-3/data/ratis/ebbc8b75-4c4c-451c-83df-578d5e334cf7] INFO  segmented.SegmentedRaftLogWorker (SegmentedRaftLogWorker.java:execute(569)) - f924f469-4e73-41d9-9d19-420bd0dc75a2-SegmentedRaftLogWorker:Storage Directory /workdir/hadoop-ozone/tools/target/test-dir/MiniOzoneClusterImpl-fdb7164d-332a-4161-9ef6-b429f59a210d/datanode-3/data/ratis/ebbc8b75-4c4c-451c-83df-578d5e334cf7: created new log segment /workdir/hadoop-ozone/tools/target/test-dir/MiniOzoneClusterImpl-fdb7164d-332a-4161-9ef6-b429f59a210d/datanode-3/data/ratis/ebbc8b75-4c4c-451c-83df-578d5e334cf7/current/log_inprogress_0
2019-09-20 08:53:13,549 [Thread-289] INFO  impl.FollowerState (FollowerState.java:run(106)) - f924f469-4e73-41d9-9d19-420bd0dc75a2:group-74FDFC2256B3 changes to CANDIDATE, lastRpcTime:5139, electionTimeout:5139ms
2019-09-20 08:53:13,549 [Thread-289] INFO  impl.RoleInfo (RoleInfo.java:shutdownFollowerState(121)) - f924f469-4e73-41d9-9d19-420bd0dc75a2: shutdown FollowerState
2019-09-20 08:53:13,549 [Thread-289] INFO  impl.RaftServerImpl (RaftServerImpl.java:setRole(171)) - f924f469-4e73-41d9-9d19-420bd0dc75a2:group-74FDFC2256B3 changes role from FOLLOWER to CANDIDATE at term 0 for changeToCandidate
2019-09-20 08:53:13,550 [Thread-289] INFO  impl.RoleInfo (RoleInfo.java:updateAndGet(143)) - f924f469-4e73-41d9-9d19-420bd0dc75a2: start LeaderElection
2019-09-20 08:53:13,582 [f924f469-4e73-41d9-9d19-420bd0dc75a2:group-74FDFC2256B3:LeaderElection25] INFO  impl.LeaderElection (LeaderElection.java:askForVotes(181)) - f924f469-4e73-41d9-9d19-420bd0dc75a2:group-74FDFC2256B3:LeaderElection25: begin an election at term 1 for -1: [f924f469-4e73-41d9-9d19-420bd0dc75a2:192.168.36.79:42715], old=null
2019-09-20 08:53:13,582 [f924f469-4e73-41d9-9d19-420bd0dc75a2:group-74FDFC2256B3:LeaderElection25] INFO  impl.RoleInfo (RoleInfo.java:shutdownLeaderElection(134)) - f924f469-4e73-41d9-9d19-420bd0dc75a2: shutdown LeaderElection
2019-09-20 08:53:13,583 [f924f469-4e73-41d9-9d19-420bd0dc75a2:group-74FDFC2256B3:LeaderElection25] INFO  impl.RaftServerImpl (RaftServerImpl.java:setRole(171)) - f924f469-4e73-41d9-9d19-420bd0dc75a2:group-74FDFC2256B3 changes role from CANDIDATE to LEADER at term 1 for changeToLeader
2019-09-20 08:53:13,583 [f924f469-4e73-41d9-9d19-420bd0dc75a2:group-74FDFC2256B3:LeaderElection25] INFO  impl.RaftServerImpl (ServerState.java:setLeader(263)) - f924f469-4e73-41d9-9d19-420bd0dc75a2:group-74FDFC2256B3 change Leader from null to f924f469-4e73-41d9-9d19-420bd0dc75a2 at term 1 for becomeLeader, leader elected after 5178ms
2019-09-20 08:53:13,583 [f924f469-4e73-41d9-9d19-420bd0dc75a2:group-74FDFC2256B3:LeaderElection25] INFO  server.RaftServerConfigKeys (ConfUtils.java:logGet(43)) - raft.server.staging.catchup.gap = 1000 (default)
2019-09-20 08:53:13,584 [f924f469-4e73-41d9-9d19-420bd0dc75a2:group-74FDFC2256B3:LeaderElection25] INFO  server.RaftServerConfigKeys (ConfUtils.java:logGet(43)) - raft.server.rpc.sleep.time = 25ms (default)
2019-09-20 08:53:13,584 [f924f469-4e73-41d9-9d19-420bd0dc75a2:group-74FDFC2256B3:LeaderElection25] INFO  server.RaftServerConfigKeys (ConfUtils.java:logGet(43)) - raft.server.write.element-limit = 4096 (default)
2019-09-20 08:53:13,584 [f924f469-4e73-41d9-9d19-420bd0dc75a2:group-74FDFC2256B3:LeaderElection25] INFO  server.RaftServerConfigKeys (ConfUtils.java:logGet(43)) - raft.server.watch.timeout = 10s (default)
2019-09-20 08:53:13,584 [f924f469-4e73-41d9-9d19-420bd0dc75a2:group-74FDFC2256B3:LeaderElection25] INFO  server.RaftServerConfigKeys (ConfUtils.java:logGet(43)) - raft.server.watch.timeout.denomination = 1s (default)
2019-09-20 08:53:13,585 [f924f469-4e73-41d9-9d19-420bd0dc75a2:group-74FDFC2256B3:LeaderElection25] INFO  server.RaftServerConfigKeys (ConfUtils.java:logGet(43)) - raft.server.watch.element-limit = 65536 (default)
2019-09-20 08:53:13,585 [f924f469-4e73-41d9-9d19-420bd0dc75a2:group-74FDFC2256B3:LeaderElection25] INFO  impl.RoleInfo (RoleInfo.java:updateAndGet(143)) - f924f469-4e73-41d9-9d19-420bd0dc75a2: start LeaderState
2019-09-20 08:53:13,586 [f924f469-4e73-41d9-9d19-420bd0dc75a2:group-74FDFC2256B3:LeaderElection25] INFO  segmented.SegmentedRaftLogWorker (SegmentedRaftLogWorker.java:startLogSegment(380)) - f924f469-4e73-41d9-9d19-420bd0dc75a2-SegmentedRaftLogWorker:Storage Directory /workdir/hadoop-ozone/tools/target/test-dir/MiniOzoneClusterImpl-fdb7164d-332a-4161-9ef6-b429f59a210d/datanode-3/data/ratis/e8d8036a-7afb-4ea9-9441-74fdfc2256b3: Starting segment from index:0
2019-09-20 08:53:13,586 [f924f469-4e73-41d9-9d19-420bd0dc75a2:group-74FDFC2256B3:LeaderElection25] INFO  impl.RaftServerImpl (ServerState.java:setRaftConf(361)) - f924f469-4e73-41d9-9d19-420bd0dc75a2:group-74FDFC2256B3 set configuration 0: [f924f469-4e73-41d9-9d19-420bd0dc75a2:192.168.36.79:42715], old=null at 0
2019-09-20 08:53:13,629 [Thread-292] INFO  impl.FollowerState (FollowerState.java:run(106)) - 93e6190b-41b6-4f2c-abfa-7324859860a0:group-6738A0AE8FE2 changes to CANDIDATE, lastRpcTime:5131, electionTimeout:5097ms
2019-09-20 08:53:13,629 [Thread-292] INFO  impl.RoleInfo (RoleInfo.java:shutdownFollowerState(121)) - 93e6190b-41b6-4f2c-abfa-7324859860a0: shutdown FollowerState
2019-09-20 08:53:13,629 [Thread-292] INFO  impl.RaftServerImpl (RaftServerImpl.java:setRole(171)) - 93e6190b-41b6-4f2c-abfa-7324859860a0:group-6738A0AE8FE2 changes role from FOLLOWER to CANDIDATE at term 0 for changeToCandidate
2019-09-20 08:53:13,630 [Thread-292] INFO  impl.RoleInfo (RoleInfo.java:updateAndGet(143)) - 93e6190b-41b6-4f2c-abfa-7324859860a0: start LeaderElection
2019-09-20 08:53:13,649 [f924f469-4e73-41d9-9d19-420bd0dc75a2-SegmentedRaftLogWorker:Storage Directory /workdir/hadoop-ozone/tools/target/test-dir/MiniOzoneClusterImpl-fdb7164d-332a-4161-9ef6-b429f59a210d/datanode-3/data/ratis/e8d8036a-7afb-4ea9-9441-74fdfc2256b3] INFO  segmented.SegmentedRaftLogWorker (SegmentedRaftLogWorker.java:execute(569)) - f924f469-4e73-41d9-9d19-420bd0dc75a2-SegmentedRaftLogWorker:Storage Directory /workdir/hadoop-ozone/tools/target/test-dir/MiniOzoneClusterImpl-fdb7164d-332a-4161-9ef6-b429f59a210d/datanode-3/data/ratis/e8d8036a-7afb-4ea9-9441-74fdfc2256b3: created new log segment /workdir/hadoop-ozone/tools/target/test-dir/MiniOzoneClusterImpl-fdb7164d-332a-4161-9ef6-b429f59a210d/datanode-3/data/ratis/e8d8036a-7afb-4ea9-9441-74fdfc2256b3/current/log_inprogress_0
2019-09-20 08:53:13,650 [93e6190b-41b6-4f2c-abfa-7324859860a0:group-6738A0AE8FE2:LeaderElection26] INFO  impl.LeaderElection (LeaderElection.java:askForVotes(181)) - 93e6190b-41b6-4f2c-abfa-7324859860a0:group-6738A0AE8FE2:LeaderElection26: begin an election at term 1 for -1: [93e6190b-41b6-4f2c-abfa-7324859860a0:192.168.36.79:37080], old=null
2019-09-20 08:53:13,650 [93e6190b-41b6-4f2c-abfa-7324859860a0:group-6738A0AE8FE2:LeaderElection26] INFO  impl.RoleInfo (RoleInfo.java:shutdownLeaderElection(134)) - 93e6190b-41b6-4f2c-abfa-7324859860a0: shutdown LeaderElection
2019-09-20 08:53:13,650 [93e6190b-41b6-4f2c-abfa-7324859860a0:group-6738A0AE8FE2:LeaderElection26] INFO  impl.RaftServerImpl (RaftServerImpl.java:setRole(171)) - 93e6190b-41b6-4f2c-abfa-7324859860a0:group-6738A0AE8FE2 changes role from CANDIDATE to LEADER at term 1 for changeToLeader
2019-09-20 08:53:13,650 [93e6190b-41b6-4f2c-abfa-7324859860a0:group-6738A0AE8FE2:LeaderElection26] INFO  impl.RaftServerImpl (ServerState.java:setLeader(263)) - 93e6190b-41b6-4f2c-abfa-7324859860a0:group-6738A0AE8FE2 change Leader from null to 93e6190b-41b6-4f2c-abfa-7324859860a0 at term 1 for becomeLeader, leader elected after 5161ms
2019-09-20 08:53:13,650 [93e6190b-41b6-4f2c-abfa-7324859860a0:group-6738A0AE8FE2:LeaderElection26] INFO  server.RaftServerConfigKeys (ConfUtils.java:logGet(43)) - raft.server.staging.catchup.gap = 1000 (default)
2019-09-20 08:53:13,651 [93e6190b-41b6-4f2c-abfa-7324859860a0:group-6738A0AE8FE2:LeaderElection26] INFO  server.RaftServerConfigKeys (ConfUtils.java:logGet(43)) - raft.server.rpc.sleep.time = 25ms (default)
2019-09-20 08:53:13,651 [93e6190b-41b6-4f2c-abfa-7324859860a0:group-6738A0AE8FE2:LeaderElection26] INFO  server.RaftServerConfigKeys (ConfUtils.java:logGet(43)) - raft.server.write.element-limit = 4096 (default)
2019-09-20 08:53:13,651 [93e6190b-41b6-4f2c-abfa-7324859860a0:group-6738A0AE8FE2:LeaderElection26] INFO  server.RaftServerConfigKeys (ConfUtils.java:logGet(43)) - raft.server.watch.timeout = 10s (default)
2019-09-20 08:53:13,651 [93e6190b-41b6-4f2c-abfa-7324859860a0:group-6738A0AE8FE2:LeaderElection26] INFO  server.RaftServerConfigKeys (ConfUtils.java:logGet(43)) - raft.server.watch.timeout.denomination = 1s (default)
2019-09-20 08:53:13,651 [93e6190b-41b6-4f2c-abfa-7324859860a0:group-6738A0AE8FE2:LeaderElection26] INFO  server.RaftServerConfigKeys (ConfUtils.java:logGet(43)) - raft.server.watch.element-limit = 65536 (default)
2019-09-20 08:53:13,652 [93e6190b-41b6-4f2c-abfa-7324859860a0:group-6738A0AE8FE2:LeaderElection26] INFO  impl.RoleInfo (RoleInfo.java:updateAndGet(143)) - 93e6190b-41b6-4f2c-abfa-7324859860a0: start LeaderState
2019-09-20 08:53:13,652 [93e6190b-41b6-4f2c-abfa-7324859860a0:group-6738A0AE8FE2:LeaderElection26] INFO  segmented.SegmentedRaftLogWorker (SegmentedRaftLogWorker.java:startLogSegment(380)) - 93e6190b-41b6-4f2c-abfa-7324859860a0-SegmentedRaftLogWorker:Storage Directory /workdir/hadoop-ozone/tools/target/test-dir/MiniOzoneClusterImpl-fdb7164d-332a-4161-9ef6-b429f59a210d/datanode-4/data/ratis/a3b53284-3580-4935-8009-6738a0ae8fe2: Starting segment from index:0
2019-09-20 08:53:13,653 [93e6190b-41b6-4f2c-abfa-7324859860a0:group-6738A0AE8FE2:LeaderElection26] INFO  impl.RaftServerImpl (ServerState.java:setRaftConf(361)) - 93e6190b-41b6-4f2c-abfa-7324859860a0:group-6738A0AE8FE2 set configuration 0: [93e6190b-41b6-4f2c-abfa-7324859860a0:192.168.36.79:37080], old=null at 0
2019-09-20 08:53:13,708 [93e6190b-41b6-4f2c-abfa-7324859860a0-SegmentedRaftLogWorker:Storage Directory /workdir/hadoop-ozone/tools/target/test-dir/MiniOzoneClusterImpl-fdb7164d-332a-4161-9ef6-b429f59a210d/datanode-4/data/ratis/a3b53284-3580-4935-8009-6738a0ae8fe2] INFO  segmented.SegmentedRaftLogWorker (SegmentedRaftLogWorker.java:execute(569)) - 93e6190b-41b6-4f2c-abfa-7324859860a0-SegmentedRaftLogWorker:Storage Directory /workdir/hadoop-ozone/tools/target/test-dir/MiniOzoneClusterImpl-fdb7164d-332a-4161-9ef6-b429f59a210d/datanode-4/data/ratis/a3b53284-3580-4935-8009-6738a0ae8fe2: created new log segment /workdir/hadoop-ozone/tools/target/test-dir/MiniOzoneClusterImpl-fdb7164d-332a-4161-9ef6-b429f59a210d/datanode-4/data/ratis/a3b53284-3580-4935-8009-6738a0ae8fe2/current/log_inprogress_0
2019-09-20 08:53:13,751 [Thread-295] INFO  impl.FollowerState (FollowerState.java:run(106)) - f78c6f6f-b83c-4bef-83c8-4f247fc2f9cb:group-F0D241628170 changes to CANDIDATE, lastRpcTime:5175, electionTimeout:5175ms
2019-09-20 08:53:13,752 [Thread-295] INFO  impl.RoleInfo (RoleInfo.java:shutdownFollowerState(121)) - f78c6f6f-b83c-4bef-83c8-4f247fc2f9cb: shutdown FollowerState
2019-09-20 08:53:13,752 [Thread-295] INFO  impl.RaftServerImpl (RaftServerImpl.java:setRole(171)) - f78c6f6f-b83c-4bef-83c8-4f247fc2f9cb:group-F0D241628170 changes role from FOLLOWER to CANDIDATE at term 0 for changeToCandidate
2019-09-20 08:53:13,752 [Thread-295] INFO  impl.RoleInfo (RoleInfo.java:updateAndGet(143)) - f78c6f6f-b83c-4bef-83c8-4f247fc2f9cb: start LeaderElection
2019-09-20 08:53:13,769 | INFO  | SCMAudit | user=jenkins1000 | ip=192.168.36.79 | op=SEND_HEARTBEAT {datanodeUUID=036c7012-de9e-4e05-8743-9a12868644f9, command=[]} | ret=SUCCESS |  
2019-09-20 08:53:13,792 [f78c6f6f-b83c-4bef-83c8-4f247fc2f9cb:group-F0D241628170:LeaderElection27] INFO  impl.LeaderElection (LeaderElection.java:askForVotes(181)) - f78c6f6f-b83c-4bef-83c8-4f247fc2f9cb:group-F0D241628170:LeaderElection27: begin an election at term 1 for -1: [f78c6f6f-b83c-4bef-83c8-4f247fc2f9cb:192.168.36.79:33749], old=null
2019-09-20 08:53:13,792 [f78c6f6f-b83c-4bef-83c8-4f247fc2f9cb:group-F0D241628170:LeaderElection27] INFO  impl.RoleInfo (RoleInfo.java:shutdownLeaderElection(134)) - f78c6f6f-b83c-4bef-83c8-4f247fc2f9cb: shutdown LeaderElection
2019-09-20 08:53:13,792 [f78c6f6f-b83c-4bef-83c8-4f247fc2f9cb:group-F0D241628170:LeaderElection27] INFO  impl.RaftServerImpl (RaftServerImpl.java:setRole(171)) - f78c6f6f-b83c-4bef-83c8-4f247fc2f9cb:group-F0D241628170 changes role from CANDIDATE to LEADER at term 1 for changeToLeader
2019-09-20 08:53:13,792 [f78c6f6f-b83c-4bef-83c8-4f247fc2f9cb:group-F0D241628170:LeaderElection27] INFO  impl.RaftServerImpl (ServerState.java:setLeader(263)) - f78c6f6f-b83c-4bef-83c8-4f247fc2f9cb:group-F0D241628170 change Leader from null to f78c6f6f-b83c-4bef-83c8-4f247fc2f9cb at term 1 for becomeLeader, leader elected after 5219ms
2019-09-20 08:53:13,793 [f78c6f6f-b83c-4bef-83c8-4f247fc2f9cb:group-F0D241628170:LeaderElection27] INFO  server.RaftServerConfigKeys (ConfUtils.java:logGet(43)) - raft.server.staging.catchup.gap = 1000 (default)
2019-09-20 08:53:13,793 [f78c6f6f-b83c-4bef-83c8-4f247fc2f9cb:group-F0D241628170:LeaderElection27] INFO  server.RaftServerConfigKeys (ConfUtils.java:logGet(43)) - raft.server.rpc.sleep.time = 25ms (default)
2019-09-20 08:53:13,793 [f78c6f6f-b83c-4bef-83c8-4f247fc2f9cb:group-F0D241628170:LeaderElection27] INFO  server.RaftServerConfigKeys (ConfUtils.java:logGet(43)) - raft.server.write.element-limit = 4096 (default)
2019-09-20 08:53:13,793 [f78c6f6f-b83c-4bef-83c8-4f247fc2f9cb:group-F0D241628170:LeaderElection27] INFO  server.RaftServerConfigKeys (ConfUtils.java:logGet(43)) - raft.server.watch.timeout = 10s (default)
2019-09-20 08:53:13,793 [f78c6f6f-b83c-4bef-83c8-4f247fc2f9cb:group-F0D241628170:LeaderElection27] INFO  server.RaftServerConfigKeys (ConfUtils.java:logGet(43)) - raft.server.watch.timeout.denomination = 1s (default)
2019-09-20 08:53:13,794 [f78c6f6f-b83c-4bef-83c8-4f247fc2f9cb:group-F0D241628170:LeaderElection27] INFO  server.RaftServerConfigKeys (ConfUtils.java:logGet(43)) - raft.server.watch.element-limit = 65536 (default)
2019-09-20 08:53:13,794 [f78c6f6f-b83c-4bef-83c8-4f247fc2f9cb:group-F0D241628170:LeaderElection27] INFO  impl.RoleInfo (RoleInfo.java:updateAndGet(143)) - f78c6f6f-b83c-4bef-83c8-4f247fc2f9cb: start LeaderState
2019-09-20 08:53:13,794 [f78c6f6f-b83c-4bef-83c8-4f247fc2f9cb:group-F0D241628170:LeaderElection27] INFO  segmented.SegmentedRaftLogWorker (SegmentedRaftLogWorker.java:startLogSegment(380)) - f78c6f6f-b83c-4bef-83c8-4f247fc2f9cb-SegmentedRaftLogWorker:Storage Directory /workdir/hadoop-ozone/tools/target/test-dir/MiniOzoneClusterImpl-fdb7164d-332a-4161-9ef6-b429f59a210d/datanode-0/data/ratis/0521397f-21de-4177-9dff-f0d241628170: Starting segment from index:0
2019-09-20 08:53:13,795 [f78c6f6f-b83c-4bef-83c8-4f247fc2f9cb:group-F0D241628170:LeaderElection27] INFO  impl.RaftServerImpl (ServerState.java:setRaftConf(361)) - f78c6f6f-b83c-4bef-83c8-4f247fc2f9cb:group-F0D241628170 set configuration 0: [f78c6f6f-b83c-4bef-83c8-4f247fc2f9cb:192.168.36.79:33749], old=null at 0
2019-09-20 08:53:13,859 [f78c6f6f-b83c-4bef-83c8-4f247fc2f9cb-SegmentedRaftLogWorker:Storage Directory /workdir/hadoop-ozone/tools/target/test-dir/MiniOzoneClusterImpl-fdb7164d-332a-4161-9ef6-b429f59a210d/datanode-0/data/ratis/0521397f-21de-4177-9dff-f0d241628170] INFO  segmented.SegmentedRaftLogWorker (SegmentedRaftLogWorker.java:execute(569)) - f78c6f6f-b83c-4bef-83c8-4f247fc2f9cb-SegmentedRaftLogWorker:Storage Directory /workdir/hadoop-ozone/tools/target/test-dir/MiniOzoneClusterImpl-fdb7164d-332a-4161-9ef6-b429f59a210d/datanode-0/data/ratis/0521397f-21de-4177-9dff-f0d241628170: created new log segment /workdir/hadoop-ozone/tools/target/test-dir/MiniOzoneClusterImpl-fdb7164d-332a-4161-9ef6-b429f59a210d/datanode-0/data/ratis/0521397f-21de-4177-9dff-f0d241628170/current/log_inprogress_0
2019-09-20 08:53:13,860 [Thread-301] INFO  impl.FollowerState (FollowerState.java:run(106)) - 93e6190b-41b6-4f2c-abfa-7324859860a0:group-794915BC5043 changes to CANDIDATE, lastRpcTime:5095, electionTimeout:5095ms
2019-09-20 08:53:13,860 [Thread-301] INFO  impl.RoleInfo (RoleInfo.java:shutdownFollowerState(121)) - 93e6190b-41b6-4f2c-abfa-7324859860a0: shutdown FollowerState
2019-09-20 08:53:13,860 [Thread-301] INFO  impl.RaftServerImpl (RaftServerImpl.java:setRole(171)) - 93e6190b-41b6-4f2c-abfa-7324859860a0:group-794915BC5043 changes role from FOLLOWER to CANDIDATE at term 0 for changeToCandidate
2019-09-20 08:53:13,860 [Thread-301] INFO  impl.RoleInfo (RoleInfo.java:updateAndGet(143)) - 93e6190b-41b6-4f2c-abfa-7324859860a0: start LeaderElection
2019-09-20 08:53:13,871 [Thread-298] INFO  impl.FollowerState (FollowerState.java:run(106)) - f78c6f6f-b83c-4bef-83c8-4f247fc2f9cb:group-6762E4356154 changes to CANDIDATE, lastRpcTime:5194, electionTimeout:5194ms
2019-09-20 08:53:13,871 [Thread-298] INFO  impl.RoleInfo (RoleInfo.java:shutdownFollowerState(121)) - f78c6f6f-b83c-4bef-83c8-4f247fc2f9cb: shutdown FollowerState
2019-09-20 08:53:13,871 [Thread-298] INFO  impl.RaftServerImpl (RaftServerImpl.java:setRole(171)) - f78c6f6f-b83c-4bef-83c8-4f247fc2f9cb:group-6762E4356154 changes role from FOLLOWER to CANDIDATE at term 0 for changeToCandidate
2019-09-20 08:53:13,872 [Thread-298] INFO  impl.RoleInfo (RoleInfo.java:updateAndGet(143)) - f78c6f6f-b83c-4bef-83c8-4f247fc2f9cb: start LeaderElection
2019-09-20 08:53:13,893 [93e6190b-41b6-4f2c-abfa-7324859860a0:group-794915BC5043:LeaderElection28] INFO  impl.LeaderElection (LeaderElection.java:askForVotes(181)) - 93e6190b-41b6-4f2c-abfa-7324859860a0:group-794915BC5043:LeaderElection28: begin an election at term 1 for -1: [93e6190b-41b6-4f2c-abfa-7324859860a0:192.168.36.79:37080], old=null
2019-09-20 08:53:13,893 [93e6190b-41b6-4f2c-abfa-7324859860a0:group-794915BC5043:LeaderElection28] INFO  impl.RoleInfo (RoleInfo.java:shutdownLeaderElection(134)) - 93e6190b-41b6-4f2c-abfa-7324859860a0: shutdown LeaderElection
2019-09-20 08:53:13,893 [93e6190b-41b6-4f2c-abfa-7324859860a0:group-794915BC5043:LeaderElection28] INFO  impl.RaftServerImpl (RaftServerImpl.java:setRole(171)) - 93e6190b-41b6-4f2c-abfa-7324859860a0:group-794915BC5043 changes role from CANDIDATE to LEADER at term 1 for changeToLeader
2019-09-20 08:53:13,893 [93e6190b-41b6-4f2c-abfa-7324859860a0:group-794915BC5043:LeaderElection28] INFO  impl.RaftServerImpl (ServerState.java:setLeader(263)) - 93e6190b-41b6-4f2c-abfa-7324859860a0:group-794915BC5043 change Leader from null to 93e6190b-41b6-4f2c-abfa-7324859860a0 at term 1 for becomeLeader, leader elected after 5134ms
2019-09-20 08:53:13,894 [93e6190b-41b6-4f2c-abfa-7324859860a0:group-794915BC5043:LeaderElection28] INFO  server.RaftServerConfigKeys (ConfUtils.java:logGet(43)) - raft.server.staging.catchup.gap = 1000 (default)
2019-09-20 08:53:13,894 [93e6190b-41b6-4f2c-abfa-7324859860a0:group-794915BC5043:LeaderElection28] INFO  server.RaftServerConfigKeys (ConfUtils.java:logGet(43)) - raft.server.rpc.sleep.time = 25ms (default)
2019-09-20 08:53:13,894 [93e6190b-41b6-4f2c-abfa-7324859860a0:group-794915BC5043:LeaderElection28] INFO  server.RaftServerConfigKeys (ConfUtils.java:logGet(43)) - raft.server.write.element-limit = 4096 (default)
2019-09-20 08:53:13,894 [93e6190b-41b6-4f2c-abfa-7324859860a0:group-794915BC5043:LeaderElection28] INFO  server.RaftServerConfigKeys (ConfUtils.java:logGet(43)) - raft.server.watch.timeout = 10s (default)
2019-09-20 08:53:13,895 [93e6190b-41b6-4f2c-abfa-7324859860a0:group-794915BC5043:LeaderElection28] INFO  server.RaftServerConfigKeys (ConfUtils.java:logGet(43)) - raft.server.watch.timeout.denomination = 1s (default)
2019-09-20 08:53:13,895 [93e6190b-41b6-4f2c-abfa-7324859860a0:group-794915BC5043:LeaderElection28] INFO  server.RaftServerConfigKeys (ConfUtils.java:logGet(43)) - raft.server.watch.element-limit = 65536 (default)
2019-09-20 08:53:13,895 [93e6190b-41b6-4f2c-abfa-7324859860a0:group-794915BC5043:LeaderElection28] INFO  impl.RoleInfo (RoleInfo.java:updateAndGet(143)) - 93e6190b-41b6-4f2c-abfa-7324859860a0: start LeaderState
2019-09-20 08:53:13,896 [93e6190b-41b6-4f2c-abfa-7324859860a0:group-794915BC5043:LeaderElection28] INFO  segmented.SegmentedRaftLogWorker (SegmentedRaftLogWorker.java:startLogSegment(380)) - 93e6190b-41b6-4f2c-abfa-7324859860a0-SegmentedRaftLogWorker:Storage Directory /workdir/hadoop-ozone/tools/target/test-dir/MiniOzoneClusterImpl-fdb7164d-332a-4161-9ef6-b429f59a210d/datanode-4/data/ratis/23915fdc-d6d7-480e-8671-794915bc5043: Starting segment from index:0
2019-09-20 08:53:13,897 [93e6190b-41b6-4f2c-abfa-7324859860a0:group-794915BC5043:LeaderElection28] INFO  impl.RaftServerImpl (ServerState.java:setRaftConf(361)) - 93e6190b-41b6-4f2c-abfa-7324859860a0:group-794915BC5043 set configuration 0: [93e6190b-41b6-4f2c-abfa-7324859860a0:192.168.36.79:37080], old=null at 0
2019-09-20 08:53:13,933 [Thread-304] INFO  impl.FollowerState (FollowerState.java:run(106)) - 93e6190b-41b6-4f2c-abfa-7324859860a0:group-0915C6C7D51B changes to CANDIDATE, lastRpcTime:5077, electionTimeout:5058ms
2019-09-20 08:53:13,934 [f78c6f6f-b83c-4bef-83c8-4f247fc2f9cb:group-6762E4356154:LeaderElection29] INFO  impl.LeaderElection (LeaderElection.java:askForVotes(181)) - f78c6f6f-b83c-4bef-83c8-4f247fc2f9cb:group-6762E4356154:LeaderElection29: begin an election at term 1 for -1: [f78c6f6f-b83c-4bef-83c8-4f247fc2f9cb:192.168.36.79:33749], old=null
2019-09-20 08:53:13,934 [Thread-304] INFO  impl.RoleInfo (RoleInfo.java:shutdownFollowerState(121)) - 93e6190b-41b6-4f2c-abfa-7324859860a0: shutdown FollowerState
2019-09-20 08:53:13,934 [f78c6f6f-b83c-4bef-83c8-4f247fc2f9cb:group-6762E4356154:LeaderElection29] INFO  impl.RoleInfo (RoleInfo.java:shutdownLeaderElection(134)) - f78c6f6f-b83c-4bef-83c8-4f247fc2f9cb: shutdown LeaderElection
2019-09-20 08:53:13,934 [Thread-304] INFO  impl.RaftServerImpl (RaftServerImpl.java:setRole(171)) - 93e6190b-41b6-4f2c-abfa-7324859860a0:group-0915C6C7D51B changes role from FOLLOWER to CANDIDATE at term 0 for changeToCandidate
2019-09-20 08:53:13,934 [f78c6f6f-b83c-4bef-83c8-4f247fc2f9cb:group-6762E4356154:LeaderElection29] INFO  impl.RaftServerImpl (RaftServerImpl.java:setRole(171)) - f78c6f6f-b83c-4bef-83c8-4f247fc2f9cb:group-6762E4356154 changes role from CANDIDATE to LEADER at term 1 for changeToLeader
2019-09-20 08:53:13,934 [Thread-304] INFO  impl.RoleInfo (RoleInfo.java:updateAndGet(143)) - 93e6190b-41b6-4f2c-abfa-7324859860a0: start LeaderElection
2019-09-20 08:53:13,934 [f78c6f6f-b83c-4bef-83c8-4f247fc2f9cb:group-6762E4356154:LeaderElection29] INFO  impl.RaftServerImpl (ServerState.java:setLeader(263)) - f78c6f6f-b83c-4bef-83c8-4f247fc2f9cb:group-6762E4356154 change Leader from null to f78c6f6f-b83c-4bef-83c8-4f247fc2f9cb at term 1 for becomeLeader, leader elected after 5261ms
2019-09-20 08:53:13,935 [f78c6f6f-b83c-4bef-83c8-4f247fc2f9cb:group-6762E4356154:LeaderElection29] INFO  server.RaftServerConfigKeys (ConfUtils.java:logGet(43)) - raft.server.staging.catchup.gap = 1000 (default)
2019-09-20 08:53:13,937 [f78c6f6f-b83c-4bef-83c8-4f247fc2f9cb:group-6762E4356154:LeaderElection29] INFO  server.RaftServerConfigKeys (ConfUtils.java:logGet(43)) - raft.server.rpc.sleep.time = 25ms (default)
2019-09-20 08:53:13,937 [f78c6f6f-b83c-4bef-83c8-4f247fc2f9cb:group-6762E4356154:LeaderElection29] INFO  server.RaftServerConfigKeys (ConfUtils.java:logGet(43)) - raft.server.write.element-limit = 4096 (default)
2019-09-20 08:53:13,937 [f78c6f6f-b83c-4bef-83c8-4f247fc2f9cb:group-6762E4356154:LeaderElection29] INFO  server.RaftServerConfigKeys (ConfUtils.java:logGet(43)) - raft.server.watch.timeout = 10s (default)
2019-09-20 08:53:13,937 [f78c6f6f-b83c-4bef-83c8-4f247fc2f9cb:group-6762E4356154:LeaderElection29] INFO  server.RaftServerConfigKeys (ConfUtils.java:logGet(43)) - raft.server.watch.timeout.denomination = 1s (default)
2019-09-20 08:53:13,938 [f78c6f6f-b83c-4bef-83c8-4f247fc2f9cb:group-6762E4356154:LeaderElection29] INFO  server.RaftServerConfigKeys (ConfUtils.java:logGet(43)) - raft.server.watch.element-limit = 65536 (default)
2019-09-20 08:53:13,938 [f78c6f6f-b83c-4bef-83c8-4f247fc2f9cb:group-6762E4356154:LeaderElection29] INFO  impl.RoleInfo (RoleInfo.java:updateAndGet(143)) - f78c6f6f-b83c-4bef-83c8-4f247fc2f9cb: start LeaderState
2019-09-20 08:53:13,938 [f78c6f6f-b83c-4bef-83c8-4f247fc2f9cb:group-6762E4356154:LeaderElection29] INFO  segmented.SegmentedRaftLogWorker (SegmentedRaftLogWorker.java:startLogSegment(380)) - f78c6f6f-b83c-4bef-83c8-4f247fc2f9cb-SegmentedRaftLogWorker:Storage Directory /workdir/hadoop-ozone/tools/target/test-dir/MiniOzoneClusterImpl-fdb7164d-332a-4161-9ef6-b429f59a210d/datanode-0/data/ratis/8699a2e3-af6e-47b4-949b-6762e4356154: Starting segment from index:0
2019-09-20 08:53:13,939 [f78c6f6f-b83c-4bef-83c8-4f247fc2f9cb:group-6762E4356154:LeaderElection29] INFO  impl.RaftServerImpl (ServerState.java:setRaftConf(361)) - f78c6f6f-b83c-4bef-83c8-4f247fc2f9cb:group-6762E4356154 set configuration 0: [f78c6f6f-b83c-4bef-83c8-4f247fc2f9cb:192.168.36.79:33749], old=null at 0
2019-09-20 08:53:13,952 [93e6190b-41b6-4f2c-abfa-7324859860a0-SegmentedRaftLogWorker:Storage Directory /workdir/hadoop-ozone/tools/target/test-dir/MiniOzoneClusterImpl-fdb7164d-332a-4161-9ef6-b429f59a210d/datanode-4/data/ratis/23915fdc-d6d7-480e-8671-794915bc5043] INFO  segmented.SegmentedRaftLogWorker (SegmentedRaftLogWorker.java:execute(569)) - 93e6190b-41b6-4f2c-abfa-7324859860a0-SegmentedRaftLogWorker:Storage Directory /workdir/hadoop-ozone/tools/target/test-dir/MiniOzoneClusterImpl-fdb7164d-332a-4161-9ef6-b429f59a210d/datanode-4/data/ratis/23915fdc-d6d7-480e-8671-794915bc5043: created new log segment /workdir/hadoop-ozone/tools/target/test-dir/MiniOzoneClusterImpl-fdb7164d-332a-4161-9ef6-b429f59a210d/datanode-4/data/ratis/23915fdc-d6d7-480e-8671-794915bc5043/current/log_inprogress_0
2019-09-20 08:53:13,952 [93e6190b-41b6-4f2c-abfa-7324859860a0:group-0915C6C7D51B:LeaderElection30] INFO  impl.LeaderElection (LeaderElection.java:askForVotes(181)) - 93e6190b-41b6-4f2c-abfa-7324859860a0:group-0915C6C7D51B:LeaderElection30: begin an election at term 1 for -1: [93e6190b-41b6-4f2c-abfa-7324859860a0:192.168.36.79:37080], old=null
2019-09-20 08:53:13,952 [93e6190b-41b6-4f2c-abfa-7324859860a0:group-0915C6C7D51B:LeaderElection30] INFO  impl.RoleInfo (RoleInfo.java:shutdownLeaderElection(134)) - 93e6190b-41b6-4f2c-abfa-7324859860a0: shutdown LeaderElection
2019-09-20 08:53:13,952 [93e6190b-41b6-4f2c-abfa-7324859860a0:group-0915C6C7D51B:LeaderElection30] INFO  impl.RaftServerImpl (RaftServerImpl.java:setRole(171)) - 93e6190b-41b6-4f2c-abfa-7324859860a0:group-0915C6C7D51B changes role from CANDIDATE to LEADER at term 1 for changeToLeader
2019-09-20 08:53:13,952 [93e6190b-41b6-4f2c-abfa-7324859860a0:group-0915C6C7D51B:LeaderElection30] INFO  impl.RaftServerImpl (ServerState.java:setLeader(263)) - 93e6190b-41b6-4f2c-abfa-7324859860a0:group-0915C6C7D51B change Leader from null to 93e6190b-41b6-4f2c-abfa-7324859860a0 at term 1 for becomeLeader, leader elected after 5102ms
2019-09-20 08:53:13,952 [93e6190b-41b6-4f2c-abfa-7324859860a0:group-0915C6C7D51B:LeaderElection30] INFO  server.RaftServerConfigKeys (ConfUtils.java:logGet(43)) - raft.server.staging.catchup.gap = 1000 (default)
2019-09-20 08:53:13,953 [93e6190b-41b6-4f2c-abfa-7324859860a0:group-0915C6C7D51B:LeaderElection30] INFO  server.RaftServerConfigKeys (ConfUtils.java:logGet(43)) - raft.server.rpc.sleep.time = 25ms (default)
2019-09-20 08:53:13,953 [93e6190b-41b6-4f2c-abfa-7324859860a0:group-0915C6C7D51B:LeaderElection30] INFO  server.RaftServerConfigKeys (ConfUtils.java:logGet(43)) - raft.server.write.element-limit = 4096 (default)
2019-09-20 08:53:13,953 [93e6190b-41b6-4f2c-abfa-7324859860a0:group-0915C6C7D51B:LeaderElection30] INFO  server.RaftServerConfigKeys (ConfUtils.java:logGet(43)) - raft.server.watch.timeout = 10s (default)
2019-09-20 08:53:13,953 [93e6190b-41b6-4f2c-abfa-7324859860a0:group-0915C6C7D51B:LeaderElection30] INFO  server.RaftServerConfigKeys (ConfUtils.java:logGet(43)) - raft.server.watch.timeout.denomination = 1s (default)
2019-09-20 08:53:13,953 [93e6190b-41b6-4f2c-abfa-7324859860a0:group-0915C6C7D51B:LeaderElection30] INFO  server.RaftServerConfigKeys (ConfUtils.java:logGet(43)) - raft.server.watch.element-limit = 65536 (default)
2019-09-20 08:53:13,954 [93e6190b-41b6-4f2c-abfa-7324859860a0:group-0915C6C7D51B:LeaderElection30] INFO  impl.RoleInfo (RoleInfo.java:updateAndGet(143)) - 93e6190b-41b6-4f2c-abfa-7324859860a0: start LeaderState
2019-09-20 08:53:13,954 [93e6190b-41b6-4f2c-abfa-7324859860a0:group-0915C6C7D51B:LeaderElection30] INFO  segmented.SegmentedRaftLogWorker (SegmentedRaftLogWorker.java:startLogSegment(380)) - 93e6190b-41b6-4f2c-abfa-7324859860a0-SegmentedRaftLogWorker:Storage Directory /workdir/hadoop-ozone/tools/target/test-dir/MiniOzoneClusterImpl-fdb7164d-332a-4161-9ef6-b429f59a210d/datanode-4/data/ratis/88456ae3-b397-463e-8f95-0915c6c7d51b: Starting segment from index:0
2019-09-20 08:53:13,955 [93e6190b-41b6-4f2c-abfa-7324859860a0:group-0915C6C7D51B:LeaderElection30] INFO  impl.RaftServerImpl (ServerState.java:setRaftConf(361)) - 93e6190b-41b6-4f2c-abfa-7324859860a0:group-0915C6C7D51B set configuration 0: [93e6190b-41b6-4f2c-abfa-7324859860a0:192.168.36.79:37080], old=null at 0
2019-09-20 08:53:14,027 [93e6190b-41b6-4f2c-abfa-7324859860a0-SegmentedRaftLogWorker:Storage Directory /workdir/hadoop-ozone/tools/target/test-dir/MiniOzoneClusterImpl-fdb7164d-332a-4161-9ef6-b429f59a210d/datanode-4/data/ratis/88456ae3-b397-463e-8f95-0915c6c7d51b] INFO  segmented.SegmentedRaftLogWorker (SegmentedRaftLogWorker.java:execute(569)) - 93e6190b-41b6-4f2c-abfa-7324859860a0-SegmentedRaftLogWorker:Storage Directory /workdir/hadoop-ozone/tools/target/test-dir/MiniOzoneClusterImpl-fdb7164d-332a-4161-9ef6-b429f59a210d/datanode-4/data/ratis/88456ae3-b397-463e-8f95-0915c6c7d51b: created new log segment /workdir/hadoop-ozone/tools/target/test-dir/MiniOzoneClusterImpl-fdb7164d-332a-4161-9ef6-b429f59a210d/datanode-4/data/ratis/88456ae3-b397-463e-8f95-0915c6c7d51b/current/log_inprogress_0
2019-09-20 08:53:14,027 [f78c6f6f-b83c-4bef-83c8-4f247fc2f9cb-SegmentedRaftLogWorker:Storage Directory /workdir/hadoop-ozone/tools/target/test-dir/MiniOzoneClusterImpl-fdb7164d-332a-4161-9ef6-b429f59a210d/datanode-0/data/ratis/8699a2e3-af6e-47b4-949b-6762e4356154] INFO  segmented.SegmentedRaftLogWorker (SegmentedRaftLogWorker.java:execute(569)) - f78c6f6f-b83c-4bef-83c8-4f247fc2f9cb-SegmentedRaftLogWorker:Storage Directory /workdir/hadoop-ozone/tools/target/test-dir/MiniOzoneClusterImpl-fdb7164d-332a-4161-9ef6-b429f59a210d/datanode-0/data/ratis/8699a2e3-af6e-47b4-949b-6762e4356154: created new log segment /workdir/hadoop-ozone/tools/target/test-dir/MiniOzoneClusterImpl-fdb7164d-332a-4161-9ef6-b429f59a210d/datanode-0/data/ratis/8699a2e3-af6e-47b4-949b-6762e4356154/current/log_inprogress_0
2019-09-20 08:53:14,033 | INFO  | SCMAudit | user=jenkins1000 | ip=192.168.36.79 | op=SEND_HEARTBEAT {datanodeUUID=b44e7e57-9837-469e-aba7-9d7779212b32, command=[]} | ret=SUCCESS |  
2019-09-20 08:53:14,494 | INFO  | SCMAudit | user=jenkins1000 | ip=192.168.36.79 | op=SEND_HEARTBEAT {datanodeUUID=f924f469-4e73-41d9-9d19-420bd0dc75a2, command=[]} | ret=SUCCESS |  
2019-09-20 08:53:14,510 | INFO  | SCMAudit | user=jenkins1000 | ip=192.168.36.79 | op=SEND_HEARTBEAT {datanodeUUID=93e6190b-41b6-4f2c-abfa-7324859860a0, command=[]} | ret=SUCCESS |  
2019-09-20 08:53:14,514 | INFO  | SCMAudit | user=jenkins1000 | ip=192.168.36.79 | op=SEND_HEARTBEAT {datanodeUUID=f78c6f6f-b83c-4bef-83c8-4f247fc2f9cb, command=[]} | ret=SUCCESS |  
2019-09-20 08:53:14,767 | INFO  | SCMAudit | user=jenkins1000 | ip=192.168.36.79 | op=SEND_HEARTBEAT {datanodeUUID=036c7012-de9e-4e05-8743-9a12868644f9, command=[]} | ret=SUCCESS |  
2019-09-20 08:53:15,033 | INFO  | SCMAudit | user=jenkins1000 | ip=192.168.36.79 | op=SEND_HEARTBEAT {datanodeUUID=b44e7e57-9837-469e-aba7-9d7779212b32, command=[]} | ret=SUCCESS |  
2019-09-20 08:53:15,494 | INFO  | SCMAudit | user=jenkins1000 | ip=192.168.36.79 | op=SEND_HEARTBEAT {datanodeUUID=f924f469-4e73-41d9-9d19-420bd0dc75a2, command=[]} | ret=SUCCESS |  
2019-09-20 08:53:15,511 | INFO  | SCMAudit | user=jenkins1000 | ip=192.168.36.79 | op=SEND_HEARTBEAT {datanodeUUID=93e6190b-41b6-4f2c-abfa-7324859860a0, command=[]} | ret=SUCCESS |  
2019-09-20 08:53:15,515 | INFO  | SCMAudit | user=jenkins1000 | ip=192.168.36.79 | op=SEND_HEARTBEAT {datanodeUUID=f78c6f6f-b83c-4bef-83c8-4f247fc2f9cb, command=[]} | ret=SUCCESS |  
2019-09-20 08:53:15,768 | INFO  | SCMAudit | user=jenkins1000 | ip=192.168.36.79 | op=SEND_HEARTBEAT {datanodeUUID=036c7012-de9e-4e05-8743-9a12868644f9, command=[]} | ret=SUCCESS |  
2019-09-20 08:53:16,033 | INFO  | SCMAudit | user=jenkins1000 | ip=192.168.36.79 | op=SEND_HEARTBEAT {datanodeUUID=b44e7e57-9837-469e-aba7-9d7779212b32, command=[]} | ret=SUCCESS |  
2019-09-20 08:53:16,493 | INFO  | SCMAudit | user=jenkins1000 | ip=192.168.36.79 | op=SEND_HEARTBEAT {datanodeUUID=f924f469-4e73-41d9-9d19-420bd0dc75a2, command=[]} | ret=SUCCESS |  
2019-09-20 08:53:16,512 | INFO  | SCMAudit | user=jenkins1000 | ip=192.168.36.79 | op=SEND_HEARTBEAT {datanodeUUID=93e6190b-41b6-4f2c-abfa-7324859860a0, command=[]} | ret=SUCCESS |  
2019-09-20 08:53:16,514 | INFO  | SCMAudit | user=jenkins1000 | ip=192.168.36.79 | op=SEND_HEARTBEAT {datanodeUUID=f78c6f6f-b83c-4bef-83c8-4f247fc2f9cb, command=[]} | ret=SUCCESS |  
2019-09-20 08:53:16,769 | INFO  | SCMAudit | user=jenkins1000 | ip=192.168.36.79 | op=SEND_HEARTBEAT {datanodeUUID=036c7012-de9e-4e05-8743-9a12868644f9, command=[]} | ret=SUCCESS |  
2019-09-20 08:53:17,033 | INFO  | SCMAudit | user=jenkins1000 | ip=192.168.36.79 | op=SEND_HEARTBEAT {datanodeUUID=b44e7e57-9837-469e-aba7-9d7779212b32, command=[]} | ret=SUCCESS |  
]]></system-out>
    <system-err><![CDATA[Sep 20, 2019 8:52:59 AM com.sun.jersey.server.impl.application.WebApplicationImpl _initiate
INFO: Initiating Jersey application, version 'Jersey: 1.19 02/11/2015 03:25 AM'
Sep 20, 2019 8:53:00 AM com.sun.jersey.server.impl.application.WebApplicationImpl _initiate
INFO: Initiating Jersey application, version 'Jersey: 1.19 02/11/2015 03:25 AM'
Sep 20, 2019 8:53:00 AM com.sun.jersey.server.impl.application.WebApplicationImpl _initiate
INFO: Initiating Jersey application, version 'Jersey: 1.19 02/11/2015 03:25 AM'
Sep 20, 2019 8:53:01 AM com.sun.jersey.server.impl.application.WebApplicationImpl _initiate
INFO: Initiating Jersey application, version 'Jersey: 1.19 02/11/2015 03:25 AM'
Sep 20, 2019 8:53:01 AM com.sun.jersey.server.impl.application.WebApplicationImpl _initiate
INFO: Initiating Jersey application, version 'Jersey: 1.19 02/11/2015 03:25 AM'
]]></system-err>
  </testcase>
  <testcase name="standaloneTestLargeKey" classname="org.apache.hadoop.ozone.freon.TestDataValidateWithUnsafeByteOperations" time="10.122">
    <error message="Allocated 0 blocks. Requested 5 blocks" type="INTERNAL_ERROR org.apache.hadoop.ozone.om.exceptions.OMException">INTERNAL_ERROR org.apache.hadoop.ozone.om.exceptions.OMException: Allocated 0 blocks. Requested 5 blocks
	at org.apache.hadoop.ozone.om.protocolPB.OzoneManagerProtocolClientSideTranslatorPB.handleError(OzoneManagerProtocolClientSideTranslatorPB.java:725)
	at org.apache.hadoop.ozone.om.protocolPB.OzoneManagerProtocolClientSideTranslatorPB.openKey(OzoneManagerProtocolClientSideTranslatorPB.java:716)
	at org.apache.hadoop.ozone.client.rpc.RpcClient.createKey(RpcClient.java:615)
	at org.apache.hadoop.ozone.client.OzoneBucket.createKey(OzoneBucket.java:323)
	at org.apache.hadoop.ozone.freon.RandomKeyGenerator.createKey(RandomKeyGenerator.java:686)
	at org.apache.hadoop.ozone.freon.RandomKeyGenerator.access$1100(RandomKeyGenerator.java:87)
	at org.apache.hadoop.ozone.freon.RandomKeyGenerator$ObjectCreator.run(RandomKeyGenerator.java:606)
	at java.util.concurrent.Executors$RunnableAdapter.call(Executors.java:511)
	at java.util.concurrent.FutureTask.run(FutureTask.java:266)
	at java.util.concurrent.ThreadPoolExecutor.runWorker(ThreadPoolExecutor.java:1149)
	at java.util.concurrent.ThreadPoolExecutor$Worker.run(ThreadPoolExecutor.java:624)
	at java.lang.Thread.run(Thread.java:748)
</error>
    <system-out><![CDATA[2019-09-20 08:53:17,223 [main] INFO  freon.RandomKeyGenerator (RandomKeyGenerator.java:call(275)) - Number of Threads: 10
2019-09-20 08:53:17,224 [main] INFO  freon.RandomKeyGenerator (RandomKeyGenerator.java:call(280)) - Number of Volumes: 1.
2019-09-20 08:53:17,224 [main] INFO  freon.RandomKeyGenerator (RandomKeyGenerator.java:call(281)) - Number of Buckets per Volume: 1.
2019-09-20 08:53:17,224 [main] INFO  freon.RandomKeyGenerator (RandomKeyGenerator.java:call(282)) - Number of Keys per Bucket: 1.
2019-09-20 08:53:17,224 [main] INFO  freon.RandomKeyGenerator (RandomKeyGenerator.java:call(283)) - Key size: 20971520 bytes
2019-09-20 08:53:17,224 [main] INFO  freon.RandomKeyGenerator (RandomKeyGenerator.java:call(284)) - Buffer size: 4096 bytes
2019-09-20 08:53:17,226 [main] INFO  freon.RandomKeyGenerator (RandomKeyGenerator.java:call(298)) - Data validation is enabled.
2019-09-20 08:53:17,226 [main] INFO  freon.RandomKeyGenerator (RandomKeyGenerator.java:call(304)) - Starting progress bar Thread.

2019-09-20 08:53:17,226 [pool-79-thread-1] INFO  rpc.RpcClient (RpcClient.java:createVolume(293)) - Creating Volume: vol-0-80726, with jenkins1000 as owner.
 0.00% |█                                                                                                    |  0/1 Time: 0:00:002019-09-20 08:53:17,233 | INFO  | OMAudit | user=jenkins1000 | ip=127.0.0.1 | op=CREATE_VOLUME {admin=jenkins1000, owner=jenkins1000, volume=vol-0-80726, creationTime=1568969597233, quotaInBytes=1152921504606846976} | ret=SUCCESS |  
2019-09-20 08:53:17,236 | INFO  | OMAudit | user=jenkins1000 | ip=127.0.0.1 | op=READ_VOLUME {volume=vol-0-80726} | ret=SUCCESS |  
2019-09-20 08:53:17,246 [pool-79-thread-2] INFO  rpc.RpcClient (RpcClient.java:createBucket(432)) - Creating Bucket: vol-0-80726/bucket-0-19477, with Versioning false and Storage Type set to DISK and Encryption set to false 
2019-09-20 08:53:17,248 | INFO  | OMAudit | user=jenkins1000 | ip=127.0.0.1 | op=CREATE_BUCKET {volume=vol-0-80726, bucket=bucket-0-19477, acls=[user:jenkins1000:a[ACCESS], group:default:a[ACCESS]], isVersionEnabled=false, storageType=DISK, creationTime=0} | ret=SUCCESS |  
2019-09-20 08:53:17,251 | INFO  | OMAudit | user=jenkins1000 | ip=127.0.0.1 | op=READ_BUCKET {volume=vol-0-80726, bucket=bucket-0-19477} | ret=SUCCESS |  
2019-09-20 08:53:17,263 [IPC Server handler 10 on 38744] INFO  pipeline.PipelinePlacementPolicy (PipelinePlacementPolicy.java:meetCriteria(91)) - Pipeline Placement: Doesn't meet the criteria to be viable node： 93e6190b-41b6-4f2c-abfa-7324859860a0 Heaviness: 6 limit: 5
2019-09-20 08:53:17,263 [IPC Server handler 10 on 38744] INFO  pipeline.PipelinePlacementPolicy (PipelinePlacementPolicy.java:meetCriteria(91)) - Pipeline Placement: Doesn't meet the criteria to be viable node： b44e7e57-9837-469e-aba7-9d7779212b32 Heaviness: 6 limit: 5
2019-09-20 08:53:17,263 [IPC Server handler 10 on 38744] INFO  pipeline.PipelinePlacementPolicy (PipelinePlacementPolicy.java:meetCriteria(91)) - Pipeline Placement: Doesn't meet the criteria to be viable node： f78c6f6f-b83c-4bef-83c8-4f247fc2f9cb Heaviness: 6 limit: 5
2019-09-20 08:53:17,263 [IPC Server handler 10 on 38744] INFO  pipeline.PipelinePlacementPolicy (PipelinePlacementPolicy.java:meetCriteria(91)) - Pipeline Placement: Doesn't meet the criteria to be viable node： 036c7012-de9e-4e05-8743-9a12868644f9 Heaviness: 6 limit: 5
2019-09-20 08:53:17,264 [IPC Server handler 10 on 38744] INFO  pipeline.PipelinePlacementPolicy (PipelinePlacementPolicy.java:meetCriteria(91)) - Pipeline Placement: Doesn't meet the criteria to be viable node： f924f469-4e73-41d9-9d19-420bd0dc75a2 Heaviness: 6 limit: 5
2019-09-20 08:53:17,264 [IPC Server handler 10 on 38744] ERROR pipeline.PipelinePlacementPolicy (PipelinePlacementPolicy.java:filterViableNodes(148)) - Unable to find enough nodes that meet the criteria that cannot engage in more than 5 pipelines. Nodes required: 3 Found: 0, healthy nodes count inNodeManager: 5.
2019-09-20 08:53:17,264 [IPC Server handler 10 on 38744] ERROR pipeline.SCMPipelineManager (SCMPipelineManager.java:createPipeline(161)) - Pipeline creation failed due to exception: Unable to find enough nodes that meet the criteria that cannot engage in more than 5 pipelines. Nodes required: 3 Found: 0, healthy nodes count inNodeManager: 5.
2019-09-20 08:53:17,264 [IPC Server handler 10 on 38744] WARN  block.BlockManagerImpl (BlockManagerImpl.java:allocateBlock(192)) - Pipeline creation failed for type:RATIS factor:THREE. Retrying get pipelines call once.
org.apache.hadoop.hdds.scm.exceptions.SCMException: Unable to find enough nodes that meet the criteria that cannot engage in more than 5 pipelines. Nodes required: 3 Found: 0, healthy nodes count inNodeManager: 5.
	at org.apache.hadoop.hdds.scm.pipeline.PipelinePlacementPolicy.filterViableNodes(PipelinePlacementPolicy.java:149)
	at org.apache.hadoop.hdds.scm.pipeline.PipelinePlacementPolicy.chooseDatanodes(PipelinePlacementPolicy.java:172)
	at org.apache.hadoop.hdds.scm.pipeline.RatisPipelineProvider.create(RatisPipelineProvider.java:92)
	at org.apache.hadoop.hdds.scm.pipeline.PipelineFactory.create(PipelineFactory.java:57)
	at org.apache.hadoop.hdds.scm.pipeline.SCMPipelineManager.createPipeline(SCMPipelineManager.java:149)
	at org.apache.hadoop.hdds.scm.block.BlockManagerImpl.allocateBlock(BlockManagerImpl.java:190)
	at org.apache.hadoop.hdds.scm.server.SCMBlockProtocolServer.allocateBlock(SCMBlockProtocolServer.java:175)
	at org.apache.hadoop.ozone.protocolPB.ScmBlockLocationProtocolServerSideTranslatorPB.allocateScmBlock(ScmBlockLocationProtocolServerSideTranslatorPB.java:153)
	at org.apache.hadoop.ozone.protocolPB.ScmBlockLocationProtocolServerSideTranslatorPB.send(ScmBlockLocationProtocolServerSideTranslatorPB.java:112)
	at org.apache.hadoop.hdds.protocol.proto.ScmBlockLocationProtocolProtos$ScmBlockLocationProtocolService$2.callBlockingMethod(ScmBlockLocationProtocolProtos.java:13157)
	at org.apache.hadoop.ipc.ProtobufRpcEngine$Server$ProtoBufRpcInvoker.call(ProtobufRpcEngine.java:524)
	at org.apache.hadoop.ipc.RPC$Server.call(RPC.java:1025)
	at org.apache.hadoop.ipc.Server$RpcCall.run(Server.java:876)
	at org.apache.hadoop.ipc.Server$RpcCall.run(Server.java:822)
	at java.security.AccessController.doPrivileged(Native Method)
	at javax.security.auth.Subject.doAs(Subject.java:422)
	at org.apache.hadoop.security.UserGroupInformation.doAs(UserGroupInformation.java:1730)
	at org.apache.hadoop.ipc.Server$Handler.run(Server.java:2682)
2019-09-20 08:53:17,265 [IPC Server handler 10 on 38744] INFO  block.BlockManagerImpl (BlockManagerImpl.java:allocateBlock(198)) - Could not find available pipeline of type:RATIS and factor:THREE even after retrying
2019-09-20 08:53:17,265 [IPC Server handler 10 on 38744] ERROR block.BlockManagerImpl (BlockManagerImpl.java:allocateBlock(222)) - Unable to allocate a block for the size: 4194304, type: RATIS, factor: THREE
2019-09-20 08:53:17,265 [IPC Server handler 10 on 38744] INFO  pipeline.PipelinePlacementPolicy (PipelinePlacementPolicy.java:meetCriteria(91)) - Pipeline Placement: Doesn't meet the criteria to be viable node： 93e6190b-41b6-4f2c-abfa-7324859860a0 Heaviness: 6 limit: 5
2019-09-20 08:53:17,266 [IPC Server handler 10 on 38744] INFO  pipeline.PipelinePlacementPolicy (PipelinePlacementPolicy.java:meetCriteria(91)) - Pipeline Placement: Doesn't meet the criteria to be viable node： b44e7e57-9837-469e-aba7-9d7779212b32 Heaviness: 6 limit: 5
2019-09-20 08:53:17,266 [IPC Server handler 10 on 38744] INFO  pipeline.PipelinePlacementPolicy (PipelinePlacementPolicy.java:meetCriteria(91)) - Pipeline Placement: Doesn't meet the criteria to be viable node： f78c6f6f-b83c-4bef-83c8-4f247fc2f9cb Heaviness: 6 limit: 5
2019-09-20 08:53:17,266 [IPC Server handler 10 on 38744] INFO  pipeline.PipelinePlacementPolicy (PipelinePlacementPolicy.java:meetCriteria(91)) - Pipeline Placement: Doesn't meet the criteria to be viable node： 036c7012-de9e-4e05-8743-9a12868644f9 Heaviness: 6 limit: 5
2019-09-20 08:53:17,266 [IPC Server handler 10 on 38744] INFO  pipeline.PipelinePlacementPolicy (PipelinePlacementPolicy.java:meetCriteria(91)) - Pipeline Placement: Doesn't meet the criteria to be viable node： f924f469-4e73-41d9-9d19-420bd0dc75a2 Heaviness: 6 limit: 5
2019-09-20 08:53:17,266 [IPC Server handler 10 on 38744] ERROR pipeline.PipelinePlacementPolicy (PipelinePlacementPolicy.java:filterViableNodes(148)) - Unable to find enough nodes that meet the criteria that cannot engage in more than 5 pipelines. Nodes required: 3 Found: 0, healthy nodes count inNodeManager: 5.
2019-09-20 08:53:17,267 [IPC Server handler 10 on 38744] ERROR pipeline.SCMPipelineManager (SCMPipelineManager.java:createPipeline(161)) - Pipeline creation failed due to exception: Unable to find enough nodes that meet the criteria that cannot engage in more than 5 pipelines. Nodes required: 3 Found: 0, healthy nodes count inNodeManager: 5.
2019-09-20 08:53:17,267 [IPC Server handler 10 on 38744] WARN  block.BlockManagerImpl (BlockManagerImpl.java:allocateBlock(192)) - Pipeline creation failed for type:RATIS factor:THREE. Retrying get pipelines call once.
org.apache.hadoop.hdds.scm.exceptions.SCMException: Unable to find enough nodes that meet the criteria that cannot engage in more than 5 pipelines. Nodes required: 3 Found: 0, healthy nodes count inNodeManager: 5.
	at org.apache.hadoop.hdds.scm.pipeline.PipelinePlacementPolicy.filterViableNodes(PipelinePlacementPolicy.java:149)
	at org.apache.hadoop.hdds.scm.pipeline.PipelinePlacementPolicy.chooseDatanodes(PipelinePlacementPolicy.java:172)
	at org.apache.hadoop.hdds.scm.pipeline.RatisPipelineProvider.create(RatisPipelineProvider.java:92)
	at org.apache.hadoop.hdds.scm.pipeline.PipelineFactory.create(PipelineFactory.java:57)
	at org.apache.hadoop.hdds.scm.pipeline.SCMPipelineManager.createPipeline(SCMPipelineManager.java:149)
	at org.apache.hadoop.hdds.scm.block.BlockManagerImpl.allocateBlock(BlockManagerImpl.java:190)
	at org.apache.hadoop.hdds.scm.server.SCMBlockProtocolServer.allocateBlock(SCMBlockProtocolServer.java:175)
	at org.apache.hadoop.ozone.protocolPB.ScmBlockLocationProtocolServerSideTranslatorPB.allocateScmBlock(ScmBlockLocationProtocolServerSideTranslatorPB.java:153)
	at org.apache.hadoop.ozone.protocolPB.ScmBlockLocationProtocolServerSideTranslatorPB.send(ScmBlockLocationProtocolServerSideTranslatorPB.java:112)
	at org.apache.hadoop.hdds.protocol.proto.ScmBlockLocationProtocolProtos$ScmBlockLocationProtocolService$2.callBlockingMethod(ScmBlockLocationProtocolProtos.java:13157)
	at org.apache.hadoop.ipc.ProtobufRpcEngine$Server$ProtoBufRpcInvoker.call(ProtobufRpcEngine.java:524)
	at org.apache.hadoop.ipc.RPC$Server.call(RPC.java:1025)
	at org.apache.hadoop.ipc.Server$RpcCall.run(Server.java:876)
	at org.apache.hadoop.ipc.Server$RpcCall.run(Server.java:822)
	at java.security.AccessController.doPrivileged(Native Method)
	at javax.security.auth.Subject.doAs(Subject.java:422)
	at org.apache.hadoop.security.UserGroupInformation.doAs(UserGroupInformation.java:1730)
	at org.apache.hadoop.ipc.Server$Handler.run(Server.java:2682)
2019-09-20 08:53:17,269 [IPC Server handler 10 on 38744] INFO  block.BlockManagerImpl (BlockManagerImpl.java:allocateBlock(198)) - Could not find available pipeline of type:RATIS and factor:THREE even after retrying
2019-09-20 08:53:17,270 [IPC Server handler 10 on 38744] ERROR block.BlockManagerImpl (BlockManagerImpl.java:allocateBlock(222)) - Unable to allocate a block for the size: 4194304, type: RATIS, factor: THREE
2019-09-20 08:53:17,270 [IPC Server handler 10 on 38744] INFO  pipeline.PipelinePlacementPolicy (PipelinePlacementPolicy.java:meetCriteria(91)) - Pipeline Placement: Doesn't meet the criteria to be viable node： 93e6190b-41b6-4f2c-abfa-7324859860a0 Heaviness: 6 limit: 5
2019-09-20 08:53:17,270 [IPC Server handler 10 on 38744] INFO  pipeline.PipelinePlacementPolicy (PipelinePlacementPolicy.java:meetCriteria(91)) - Pipeline Placement: Doesn't meet the criteria to be viable node： b44e7e57-9837-469e-aba7-9d7779212b32 Heaviness: 6 limit: 5
2019-09-20 08:53:17,270 [IPC Server handler 10 on 38744] INFO  pipeline.PipelinePlacementPolicy (PipelinePlacementPolicy.java:meetCriteria(91)) - Pipeline Placement: Doesn't meet the criteria to be viable node： f78c6f6f-b83c-4bef-83c8-4f247fc2f9cb Heaviness: 6 limit: 5
2019-09-20 08:53:17,270 [IPC Server handler 10 on 38744] INFO  pipeline.PipelinePlacementPolicy (PipelinePlacementPolicy.java:meetCriteria(91)) - Pipeline Placement: Doesn't meet the criteria to be viable node： 036c7012-de9e-4e05-8743-9a12868644f9 Heaviness: 6 limit: 5
2019-09-20 08:53:17,271 [IPC Server handler 10 on 38744] INFO  pipeline.PipelinePlacementPolicy (PipelinePlacementPolicy.java:meetCriteria(91)) - Pipeline Placement: Doesn't meet the criteria to be viable node： f924f469-4e73-41d9-9d19-420bd0dc75a2 Heaviness: 6 limit: 5
2019-09-20 08:53:17,271 [IPC Server handler 10 on 38744] ERROR pipeline.PipelinePlacementPolicy (PipelinePlacementPolicy.java:filterViableNodes(148)) - Unable to find enough nodes that meet the criteria that cannot engage in more than 5 pipelines. Nodes required: 3 Found: 0, healthy nodes count inNodeManager: 5.
2019-09-20 08:53:17,271 [IPC Server handler 10 on 38744] ERROR pipeline.SCMPipelineManager (SCMPipelineManager.java:createPipeline(161)) - Pipeline creation failed due to exception: Unable to find enough nodes that meet the criteria that cannot engage in more than 5 pipelines. Nodes required: 3 Found: 0, healthy nodes count inNodeManager: 5.
2019-09-20 08:53:17,271 [IPC Server handler 10 on 38744] WARN  block.BlockManagerImpl (BlockManagerImpl.java:allocateBlock(192)) - Pipeline creation failed for type:RATIS factor:THREE. Retrying get pipelines call once.
org.apache.hadoop.hdds.scm.exceptions.SCMException: Unable to find enough nodes that meet the criteria that cannot engage in more than 5 pipelines. Nodes required: 3 Found: 0, healthy nodes count inNodeManager: 5.
	at org.apache.hadoop.hdds.scm.pipeline.PipelinePlacementPolicy.filterViableNodes(PipelinePlacementPolicy.java:149)
	at org.apache.hadoop.hdds.scm.pipeline.PipelinePlacementPolicy.chooseDatanodes(PipelinePlacementPolicy.java:172)
	at org.apache.hadoop.hdds.scm.pipeline.RatisPipelineProvider.create(RatisPipelineProvider.java:92)
	at org.apache.hadoop.hdds.scm.pipeline.PipelineFactory.create(PipelineFactory.java:57)
	at org.apache.hadoop.hdds.scm.pipeline.SCMPipelineManager.createPipeline(SCMPipelineManager.java:149)
	at org.apache.hadoop.hdds.scm.block.BlockManagerImpl.allocateBlock(BlockManagerImpl.java:190)
	at org.apache.hadoop.hdds.scm.server.SCMBlockProtocolServer.allocateBlock(SCMBlockProtocolServer.java:175)
	at org.apache.hadoop.ozone.protocolPB.ScmBlockLocationProtocolServerSideTranslatorPB.allocateScmBlock(ScmBlockLocationProtocolServerSideTranslatorPB.java:153)
	at org.apache.hadoop.ozone.protocolPB.ScmBlockLocationProtocolServerSideTranslatorPB.send(ScmBlockLocationProtocolServerSideTranslatorPB.java:112)
	at org.apache.hadoop.hdds.protocol.proto.ScmBlockLocationProtocolProtos$ScmBlockLocationProtocolService$2.callBlockingMethod(ScmBlockLocationProtocolProtos.java:13157)
	at org.apache.hadoop.ipc.ProtobufRpcEngine$Server$ProtoBufRpcInvoker.call(ProtobufRpcEngine.java:524)
	at org.apache.hadoop.ipc.RPC$Server.call(RPC.java:1025)
	at org.apache.hadoop.ipc.Server$RpcCall.run(Server.java:876)
	at org.apache.hadoop.ipc.Server$RpcCall.run(Server.java:822)
	at java.security.AccessController.doPrivileged(Native Method)
	at javax.security.auth.Subject.doAs(Subject.java:422)
	at org.apache.hadoop.security.UserGroupInformation.doAs(UserGroupInformation.java:1730)
	at org.apache.hadoop.ipc.Server$Handler.run(Server.java:2682)
2019-09-20 08:53:17,272 [IPC Server handler 10 on 38744] INFO  block.BlockManagerImpl (BlockManagerImpl.java:allocateBlock(198)) - Could not find available pipeline of type:RATIS and factor:THREE even after retrying
2019-09-20 08:53:17,272 [IPC Server handler 10 on 38744] ERROR block.BlockManagerImpl (BlockManagerImpl.java:allocateBlock(222)) - Unable to allocate a block for the size: 4194304, type: RATIS, factor: THREE
2019-09-20 08:53:17,272 [IPC Server handler 10 on 38744] INFO  pipeline.PipelinePlacementPolicy (PipelinePlacementPolicy.java:meetCriteria(91)) - Pipeline Placement: Doesn't meet the criteria to be viable node： 93e6190b-41b6-4f2c-abfa-7324859860a0 Heaviness: 6 limit: 5
2019-09-20 08:53:17,273 [IPC Server handler 10 on 38744] INFO  pipeline.PipelinePlacementPolicy (PipelinePlacementPolicy.java:meetCriteria(91)) - Pipeline Placement: Doesn't meet the criteria to be viable node： b44e7e57-9837-469e-aba7-9d7779212b32 Heaviness: 6 limit: 5
2019-09-20 08:53:17,273 [IPC Server handler 10 on 38744] INFO  pipeline.PipelinePlacementPolicy (PipelinePlacementPolicy.java:meetCriteria(91)) - Pipeline Placement: Doesn't meet the criteria to be viable node： f78c6f6f-b83c-4bef-83c8-4f247fc2f9cb Heaviness: 6 limit: 5
2019-09-20 08:53:17,273 [IPC Server handler 10 on 38744] INFO  pipeline.PipelinePlacementPolicy (PipelinePlacementPolicy.java:meetCriteria(91)) - Pipeline Placement: Doesn't meet the criteria to be viable node： 036c7012-de9e-4e05-8743-9a12868644f9 Heaviness: 6 limit: 5
2019-09-20 08:53:17,273 [IPC Server handler 10 on 38744] INFO  pipeline.PipelinePlacementPolicy (PipelinePlacementPolicy.java:meetCriteria(91)) - Pipeline Placement: Doesn't meet the criteria to be viable node： f924f469-4e73-41d9-9d19-420bd0dc75a2 Heaviness: 6 limit: 5
2019-09-20 08:53:17,273 [IPC Server handler 10 on 38744] ERROR pipeline.PipelinePlacementPolicy (PipelinePlacementPolicy.java:filterViableNodes(148)) - Unable to find enough nodes that meet the criteria that cannot engage in more than 5 pipelines. Nodes required: 3 Found: 0, healthy nodes count inNodeManager: 5.
2019-09-20 08:53:17,274 [IPC Server handler 10 on 38744] ERROR pipeline.SCMPipelineManager (SCMPipelineManager.java:createPipeline(161)) - Pipeline creation failed due to exception: Unable to find enough nodes that meet the criteria that cannot engage in more than 5 pipelines. Nodes required: 3 Found: 0, healthy nodes count inNodeManager: 5.
2019-09-20 08:53:17,274 [IPC Server handler 10 on 38744] WARN  block.BlockManagerImpl (BlockManagerImpl.java:allocateBlock(192)) - Pipeline creation failed for type:RATIS factor:THREE. Retrying get pipelines call once.
org.apache.hadoop.hdds.scm.exceptions.SCMException: Unable to find enough nodes that meet the criteria that cannot engage in more than 5 pipelines. Nodes required: 3 Found: 0, healthy nodes count inNodeManager: 5.
	at org.apache.hadoop.hdds.scm.pipeline.PipelinePlacementPolicy.filterViableNodes(PipelinePlacementPolicy.java:149)
	at org.apache.hadoop.hdds.scm.pipeline.PipelinePlacementPolicy.chooseDatanodes(PipelinePlacementPolicy.java:172)
	at org.apache.hadoop.hdds.scm.pipeline.RatisPipelineProvider.create(RatisPipelineProvider.java:92)
	at org.apache.hadoop.hdds.scm.pipeline.PipelineFactory.create(PipelineFactory.java:57)
	at org.apache.hadoop.hdds.scm.pipeline.SCMPipelineManager.createPipeline(SCMPipelineManager.java:149)
	at org.apache.hadoop.hdds.scm.block.BlockManagerImpl.allocateBlock(BlockManagerImpl.java:190)
	at org.apache.hadoop.hdds.scm.server.SCMBlockProtocolServer.allocateBlock(SCMBlockProtocolServer.java:175)
	at org.apache.hadoop.ozone.protocolPB.ScmBlockLocationProtocolServerSideTranslatorPB.allocateScmBlock(ScmBlockLocationProtocolServerSideTranslatorPB.java:153)
	at org.apache.hadoop.ozone.protocolPB.ScmBlockLocationProtocolServerSideTranslatorPB.send(ScmBlockLocationProtocolServerSideTranslatorPB.java:112)
	at org.apache.hadoop.hdds.protocol.proto.ScmBlockLocationProtocolProtos$ScmBlockLocationProtocolService$2.callBlockingMethod(ScmBlockLocationProtocolProtos.java:13157)
	at org.apache.hadoop.ipc.ProtobufRpcEngine$Server$ProtoBufRpcInvoker.call(ProtobufRpcEngine.java:524)
	at org.apache.hadoop.ipc.RPC$Server.call(RPC.java:1025)
	at org.apache.hadoop.ipc.Server$RpcCall.run(Server.java:876)
	at org.apache.hadoop.ipc.Server$RpcCall.run(Server.java:822)
	at java.security.AccessController.doPrivileged(Native Method)
	at javax.security.auth.Subject.doAs(Subject.java:422)
	at org.apache.hadoop.security.UserGroupInformation.doAs(UserGroupInformation.java:1730)
	at org.apache.hadoop.ipc.Server$Handler.run(Server.java:2682)
2019-09-20 08:53:17,274 [IPC Server handler 10 on 38744] INFO  block.BlockManagerImpl (BlockManagerImpl.java:allocateBlock(198)) - Could not find available pipeline of type:RATIS and factor:THREE even after retrying
2019-09-20 08:53:17,275 [IPC Server handler 10 on 38744] ERROR block.BlockManagerImpl (BlockManagerImpl.java:allocateBlock(222)) - Unable to allocate a block for the size: 4194304, type: RATIS, factor: THREE
2019-09-20 08:53:17,275 [IPC Server handler 10 on 38744] INFO  pipeline.PipelinePlacementPolicy (PipelinePlacementPolicy.java:meetCriteria(91)) - Pipeline Placement: Doesn't meet the criteria to be viable node： 93e6190b-41b6-4f2c-abfa-7324859860a0 Heaviness: 6 limit: 5
2019-09-20 08:53:17,275 [IPC Server handler 10 on 38744] INFO  pipeline.PipelinePlacementPolicy (PipelinePlacementPolicy.java:meetCriteria(91)) - Pipeline Placement: Doesn't meet the criteria to be viable node： b44e7e57-9837-469e-aba7-9d7779212b32 Heaviness: 6 limit: 5
2019-09-20 08:53:17,275 [IPC Server handler 10 on 38744] INFO  pipeline.PipelinePlacementPolicy (PipelinePlacementPolicy.java:meetCriteria(91)) - Pipeline Placement: Doesn't meet the criteria to be viable node： f78c6f6f-b83c-4bef-83c8-4f247fc2f9cb Heaviness: 6 limit: 5
2019-09-20 08:53:17,276 [IPC Server handler 10 on 38744] INFO  pipeline.PipelinePlacementPolicy (PipelinePlacementPolicy.java:meetCriteria(91)) - Pipeline Placement: Doesn't meet the criteria to be viable node： 036c7012-de9e-4e05-8743-9a12868644f9 Heaviness: 6 limit: 5
2019-09-20 08:53:17,276 [IPC Server handler 10 on 38744] INFO  pipeline.PipelinePlacementPolicy (PipelinePlacementPolicy.java:meetCriteria(91)) - Pipeline Placement: Doesn't meet the criteria to be viable node： f924f469-4e73-41d9-9d19-420bd0dc75a2 Heaviness: 6 limit: 5
2019-09-20 08:53:17,276 [IPC Server handler 10 on 38744] ERROR pipeline.PipelinePlacementPolicy (PipelinePlacementPolicy.java:filterViableNodes(148)) - Unable to find enough nodes that meet the criteria that cannot engage in more than 5 pipelines. Nodes required: 3 Found: 0, healthy nodes count inNodeManager: 5.
2019-09-20 08:53:17,276 [IPC Server handler 10 on 38744] ERROR pipeline.SCMPipelineManager (SCMPipelineManager.java:createPipeline(161)) - Pipeline creation failed due to exception: Unable to find enough nodes that meet the criteria that cannot engage in more than 5 pipelines. Nodes required: 3 Found: 0, healthy nodes count inNodeManager: 5.
2019-09-20 08:53:17,276 [IPC Server handler 10 on 38744] WARN  block.BlockManagerImpl (BlockManagerImpl.java:allocateBlock(192)) - Pipeline creation failed for type:RATIS factor:THREE. Retrying get pipelines call once.
org.apache.hadoop.hdds.scm.exceptions.SCMException: Unable to find enough nodes that meet the criteria that cannot engage in more than 5 pipelines. Nodes required: 3 Found: 0, healthy nodes count inNodeManager: 5.
	at org.apache.hadoop.hdds.scm.pipeline.PipelinePlacementPolicy.filterViableNodes(PipelinePlacementPolicy.java:149)
	at org.apache.hadoop.hdds.scm.pipeline.PipelinePlacementPolicy.chooseDatanodes(PipelinePlacementPolicy.java:172)
	at org.apache.hadoop.hdds.scm.pipeline.RatisPipelineProvider.create(RatisPipelineProvider.java:92)
	at org.apache.hadoop.hdds.scm.pipeline.PipelineFactory.create(PipelineFactory.java:57)
	at org.apache.hadoop.hdds.scm.pipeline.SCMPipelineManager.createPipeline(SCMPipelineManager.java:149)
	at org.apache.hadoop.hdds.scm.block.BlockManagerImpl.allocateBlock(BlockManagerImpl.java:190)
	at org.apache.hadoop.hdds.scm.server.SCMBlockProtocolServer.allocateBlock(SCMBlockProtocolServer.java:175)
	at org.apache.hadoop.ozone.protocolPB.ScmBlockLocationProtocolServerSideTranslatorPB.allocateScmBlock(ScmBlockLocationProtocolServerSideTranslatorPB.java:153)
	at org.apache.hadoop.ozone.protocolPB.ScmBlockLocationProtocolServerSideTranslatorPB.send(ScmBlockLocationProtocolServerSideTranslatorPB.java:112)
	at org.apache.hadoop.hdds.protocol.proto.ScmBlockLocationProtocolProtos$ScmBlockLocationProtocolService$2.callBlockingMethod(ScmBlockLocationProtocolProtos.java:13157)
	at org.apache.hadoop.ipc.ProtobufRpcEngine$Server$ProtoBufRpcInvoker.call(ProtobufRpcEngine.java:524)
	at org.apache.hadoop.ipc.RPC$Server.call(RPC.java:1025)
	at org.apache.hadoop.ipc.Server$RpcCall.run(Server.java:876)
	at org.apache.hadoop.ipc.Server$RpcCall.run(Server.java:822)
	at java.security.AccessController.doPrivileged(Native Method)
	at javax.security.auth.Subject.doAs(Subject.java:422)
	at org.apache.hadoop.security.UserGroupInformation.doAs(UserGroupInformation.java:1730)
	at org.apache.hadoop.ipc.Server$Handler.run(Server.java:2682)
2019-09-20 08:53:17,277 [IPC Server handler 10 on 38744] INFO  block.BlockManagerImpl (BlockManagerImpl.java:allocateBlock(198)) - Could not find available pipeline of type:RATIS and factor:THREE even after retrying
2019-09-20 08:53:17,277 [IPC Server handler 10 on 38744] ERROR block.BlockManagerImpl (BlockManagerImpl.java:allocateBlock(222)) - Unable to allocate a block for the size: 4194304, type: RATIS, factor: THREE
2019-09-20 08:53:17,277 | INFO  | SCMAudit | user=jenkins1000 | ip=192.168.36.79 | op=ALLOCATE_BLOCK {owner=c318fcb2-a2a7-462c-bde4-c48d09afc4b6, size=4194304, type=RATIS, factor=THREE} | ret=SUCCESS |  
2019-09-20 08:53:17,280 | ERROR | OMAudit | user=jenkins1000 | ip=127.0.0.1 | op=ALLOCATE_KEY {volume=vol-0-80726, bucket=bucket-0-19477, key=key-0-62990, dataSize=20971520, replicationType=RATIS, replicationFactor=THREE, keyLocationInfo=null} | ret=FAILURE | org.apache.hadoop.hdds.scm.exceptions.SCMException: Allocated 0 blocks. Requested 5 blocks
	at org.apache.hadoop.hdds.scm.protocolPB.ScmBlockLocationProtocolClientSideTranslatorPB.handleError(ScmBlockLocationProtocolClientSideTranslatorPB.java:118)
	at org.apache.hadoop.hdds.scm.protocolPB.ScmBlockLocationProtocolClientSideTranslatorPB.allocateBlock(ScmBlockLocationProtocolClientSideTranslatorPB.java:156) 
2019-09-20 08:53:17,281 [pool-79-thread-5] ERROR freon.RandomKeyGenerator (RandomKeyGenerator.java:createKey(724)) - Exception while adding key: key-0-62990 in bucket: bucket-0-19477 of volume: vol-0-80726.
INTERNAL_ERROR org.apache.hadoop.ozone.om.exceptions.OMException: Allocated 0 blocks. Requested 5 blocks
	at org.apache.hadoop.ozone.om.protocolPB.OzoneManagerProtocolClientSideTranslatorPB.handleError(OzoneManagerProtocolClientSideTranslatorPB.java:725)
	at org.apache.hadoop.ozone.om.protocolPB.OzoneManagerProtocolClientSideTranslatorPB.openKey(OzoneManagerProtocolClientSideTranslatorPB.java:716)
	at org.apache.hadoop.ozone.client.rpc.RpcClient.createKey(RpcClient.java:615)
	at org.apache.hadoop.ozone.client.OzoneBucket.createKey(OzoneBucket.java:323)
	at org.apache.hadoop.ozone.freon.RandomKeyGenerator.createKey(RandomKeyGenerator.java:686)
	at org.apache.hadoop.ozone.freon.RandomKeyGenerator.access$1100(RandomKeyGenerator.java:87)
	at org.apache.hadoop.ozone.freon.RandomKeyGenerator$ObjectCreator.run(RandomKeyGenerator.java:606)
	at java.util.concurrent.Executors$RunnableAdapter.call(Executors.java:511)
	at java.util.concurrent.FutureTask.run(FutureTask.java:266)
	at java.util.concurrent.ThreadPoolExecutor.runWorker(ThreadPoolExecutor.java:1149)
	at java.util.concurrent.ThreadPoolExecutor$Worker.run(ThreadPoolExecutor.java:624)
	at java.lang.Thread.run(Thread.java:748)
2019-09-20 08:53:17,493 | INFO  | SCMAudit | user=jenkins1000 | ip=192.168.36.79 | op=SEND_HEARTBEAT {datanodeUUID=f924f469-4e73-41d9-9d19-420bd0dc75a2, command=[]} | ret=SUCCESS |  
2019-09-20 08:53:17,511 | INFO  | SCMAudit | user=jenkins1000 | ip=192.168.36.79 | op=SEND_HEARTBEAT {datanodeUUID=93e6190b-41b6-4f2c-abfa-7324859860a0, command=[]} | ret=SUCCESS |  
2019-09-20 08:53:17,513 | INFO  | SCMAudit | user=jenkins1000 | ip=192.168.36.79 | op=SEND_HEARTBEAT {datanodeUUID=f78c6f6f-b83c-4bef-83c8-4f247fc2f9cb, command=[]} | ret=SUCCESS |  
2019-09-20 08:53:17,768 | INFO  | SCMAudit | user=jenkins1000 | ip=192.168.36.79 | op=SEND_HEARTBEAT {datanodeUUID=036c7012-de9e-4e05-8743-9a12868644f9, command=[]} | ret=SUCCESS |  
2019-09-20 08:53:18,033 | INFO  | SCMAudit | user=jenkins1000 | ip=192.168.36.79 | op=SEND_HEARTBEAT {datanodeUUID=b44e7e57-9837-469e-aba7-9d7779212b32, command=[]} | ret=SUCCESS |  
 0.00% |█                                                                                                    |  0/1 Time: 0:00:012019-09-20 08:53:18,494 | INFO  | SCMAudit | user=jenkins1000 | ip=192.168.36.79 | op=SEND_HEARTBEAT {datanodeUUID=f924f469-4e73-41d9-9d19-420bd0dc75a2, command=[]} | ret=SUCCESS |  
2019-09-20 08:53:18,512 | INFO  | SCMAudit | user=jenkins1000 | ip=192.168.36.79 | op=SEND_HEARTBEAT {datanodeUUID=93e6190b-41b6-4f2c-abfa-7324859860a0, command=[]} | ret=SUCCESS |  
2019-09-20 08:53:18,514 | INFO  | SCMAudit | user=jenkins1000 | ip=192.168.36.79 | op=SEND_HEARTBEAT {datanodeUUID=f78c6f6f-b83c-4bef-83c8-4f247fc2f9cb, command=[]} | ret=SUCCESS |  
2019-09-20 08:53:18,768 | INFO  | SCMAudit | user=jenkins1000 | ip=192.168.36.79 | op=SEND_HEARTBEAT {datanodeUUID=036c7012-de9e-4e05-8743-9a12868644f9, command=[]} | ret=SUCCESS |  
2019-09-20 08:53:19,034 | INFO  | SCMAudit | user=jenkins1000 | ip=192.168.36.79 | op=SEND_HEARTBEAT {datanodeUUID=b44e7e57-9837-469e-aba7-9d7779212b32, command=[]} | ret=SUCCESS |  
 0.00% |█                                                                                                    |  0/1 Time: 0:00:022019-09-20 08:53:19,494 | INFO  | SCMAudit | user=jenkins1000 | ip=192.168.36.79 | op=SEND_HEARTBEAT {datanodeUUID=f924f469-4e73-41d9-9d19-420bd0dc75a2, command=[]} | ret=SUCCESS |  
2019-09-20 08:53:19,512 | INFO  | SCMAudit | user=jenkins1000 | ip=192.168.36.79 | op=SEND_HEARTBEAT {datanodeUUID=93e6190b-41b6-4f2c-abfa-7324859860a0, command=[]} | ret=SUCCESS |  
2019-09-20 08:53:19,514 | INFO  | SCMAudit | user=jenkins1000 | ip=192.168.36.79 | op=SEND_HEARTBEAT {datanodeUUID=f78c6f6f-b83c-4bef-83c8-4f247fc2f9cb, command=[]} | ret=SUCCESS |  
2019-09-20 08:53:19,770 | INFO  | SCMAudit | user=jenkins1000 | ip=192.168.36.79 | op=SEND_HEARTBEAT {datanodeUUID=036c7012-de9e-4e05-8743-9a12868644f9, command=[]} | ret=SUCCESS |  
2019-09-20 08:53:20,033 | INFO  | SCMAudit | user=jenkins1000 | ip=192.168.36.79 | op=SEND_HEARTBEAT {datanodeUUID=b44e7e57-9837-469e-aba7-9d7779212b32, command=[]} | ret=SUCCESS |  
 0.00% |█                                                                                                    |  0/1 Time: 0:00:032019-09-20 08:53:20,495 | INFO  | SCMAudit | user=jenkins1000 | ip=192.168.36.79 | op=SEND_HEARTBEAT {datanodeUUID=f924f469-4e73-41d9-9d19-420bd0dc75a2, command=[]} | ret=SUCCESS |  
2019-09-20 08:53:20,512 | INFO  | SCMAudit | user=jenkins1000 | ip=192.168.36.79 | op=SEND_HEARTBEAT {datanodeUUID=93e6190b-41b6-4f2c-abfa-7324859860a0, command=[]} | ret=SUCCESS |  
2019-09-20 08:53:20,514 | INFO  | SCMAudit | user=jenkins1000 | ip=192.168.36.79 | op=SEND_HEARTBEAT {datanodeUUID=f78c6f6f-b83c-4bef-83c8-4f247fc2f9cb, command=[]} | ret=SUCCESS |  
2019-09-20 08:53:20,769 | INFO  | SCMAudit | user=jenkins1000 | ip=192.168.36.79 | op=SEND_HEARTBEAT {datanodeUUID=036c7012-de9e-4e05-8743-9a12868644f9, command=[]} | ret=SUCCESS |  
2019-09-20 08:53:21,034 | INFO  | SCMAudit | user=jenkins1000 | ip=192.168.36.79 | op=SEND_HEARTBEAT {datanodeUUID=b44e7e57-9837-469e-aba7-9d7779212b32, command=[]} | ret=SUCCESS |  
 0.00% |█                                                                                                    |  0/1 Time: 0:00:042019-09-20 08:53:21,495 | INFO  | SCMAudit | user=jenkins1000 | ip=192.168.36.79 | op=SEND_HEARTBEAT {datanodeUUID=f924f469-4e73-41d9-9d19-420bd0dc75a2, command=[]} | ret=SUCCESS |  
2019-09-20 08:53:21,512 | INFO  | SCMAudit | user=jenkins1000 | ip=192.168.36.79 | op=SEND_HEARTBEAT {datanodeUUID=93e6190b-41b6-4f2c-abfa-7324859860a0, command=[]} | ret=SUCCESS |  
2019-09-20 08:53:21,514 | INFO  | SCMAudit | user=jenkins1000 | ip=192.168.36.79 | op=SEND_HEARTBEAT {datanodeUUID=f78c6f6f-b83c-4bef-83c8-4f247fc2f9cb, command=[]} | ret=SUCCESS |  
2019-09-20 08:53:21,769 | INFO  | SCMAudit | user=jenkins1000 | ip=192.168.36.79 | op=SEND_HEARTBEAT {datanodeUUID=036c7012-de9e-4e05-8743-9a12868644f9, command=[]} | ret=SUCCESS |  
2019-09-20 08:53:22,033 | INFO  | SCMAudit | user=jenkins1000 | ip=192.168.36.79 | op=SEND_HEARTBEAT {datanodeUUID=b44e7e57-9837-469e-aba7-9d7779212b32, command=[]} | ret=SUCCESS |  
 100.00% |█████████████████████████████████████████████████████████████████████████████████████████████████████|  1/1 Time: 0:00:05
2019-09-20 08:53:22,495 | INFO  | SCMAudit | user=jenkins1000 | ip=192.168.36.79 | op=SEND_HEARTBEAT {datanodeUUID=f924f469-4e73-41d9-9d19-420bd0dc75a2, command=[]} | ret=SUCCESS |  
2019-09-20 08:53:22,512 | INFO  | SCMAudit | user=jenkins1000 | ip=192.168.36.79 | op=SEND_HEARTBEAT {datanodeUUID=93e6190b-41b6-4f2c-abfa-7324859860a0, command=[]} | ret=SUCCESS |  
2019-09-20 08:53:22,514 | INFO  | SCMAudit | user=jenkins1000 | ip=192.168.36.79 | op=SEND_HEARTBEAT {datanodeUUID=f78c6f6f-b83c-4bef-83c8-4f247fc2f9cb, command=[]} | ret=SUCCESS |  
2019-09-20 08:53:22,769 | INFO  | SCMAudit | user=jenkins1000 | ip=192.168.36.79 | op=SEND_HEARTBEAT {datanodeUUID=036c7012-de9e-4e05-8743-9a12868644f9, command=[]} | ret=SUCCESS |  
2019-09-20 08:53:23,034 | INFO  | SCMAudit | user=jenkins1000 | ip=192.168.36.79 | op=SEND_HEARTBEAT {datanodeUUID=b44e7e57-9837-469e-aba7-9d7779212b32, command=[]} | ret=SUCCESS |  
2019-09-20 08:53:23,495 | INFO  | SCMAudit | user=jenkins1000 | ip=192.168.36.79 | op=SEND_HEARTBEAT {datanodeUUID=f924f469-4e73-41d9-9d19-420bd0dc75a2, command=[]} | ret=SUCCESS |  
2019-09-20 08:53:23,513 | INFO  | SCMAudit | user=jenkins1000 | ip=192.168.36.79 | op=SEND_HEARTBEAT {datanodeUUID=93e6190b-41b6-4f2c-abfa-7324859860a0, command=[]} | ret=SUCCESS |  
2019-09-20 08:53:23,514 | INFO  | SCMAudit | user=jenkins1000 | ip=192.168.36.79 | op=SEND_HEARTBEAT {datanodeUUID=f78c6f6f-b83c-4bef-83c8-4f247fc2f9cb, command=[]} | ret=SUCCESS |  
2019-09-20 08:53:23,769 | INFO  | SCMAudit | user=jenkins1000 | ip=192.168.36.79 | op=SEND_HEARTBEAT {datanodeUUID=036c7012-de9e-4e05-8743-9a12868644f9, command=[]} | ret=SUCCESS |  
2019-09-20 08:53:24,034 | INFO  | SCMAudit | user=jenkins1000 | ip=192.168.36.79 | op=SEND_HEARTBEAT {datanodeUUID=b44e7e57-9837-469e-aba7-9d7779212b32, command=[]} | ret=SUCCESS |  
2019-09-20 08:53:24,495 | INFO  | SCMAudit | user=jenkins1000 | ip=192.168.36.79 | op=SEND_HEARTBEAT {datanodeUUID=f924f469-4e73-41d9-9d19-420bd0dc75a2, command=[]} | ret=SUCCESS |  
2019-09-20 08:53:24,512 | INFO  | SCMAudit | user=jenkins1000 | ip=192.168.36.79 | op=SEND_HEARTBEAT {datanodeUUID=93e6190b-41b6-4f2c-abfa-7324859860a0, command=[]} | ret=SUCCESS |  
2019-09-20 08:53:24,514 | INFO  | SCMAudit | user=jenkins1000 | ip=192.168.36.79 | op=SEND_HEARTBEAT {datanodeUUID=f78c6f6f-b83c-4bef-83c8-4f247fc2f9cb, command=[]} | ret=SUCCESS |  
2019-09-20 08:53:24,769 | INFO  | SCMAudit | user=jenkins1000 | ip=192.168.36.79 | op=SEND_HEARTBEAT {datanodeUUID=036c7012-de9e-4e05-8743-9a12868644f9, command=[]} | ret=SUCCESS |  
2019-09-20 08:53:25,034 | INFO  | SCMAudit | user=jenkins1000 | ip=192.168.36.79 | op=SEND_HEARTBEAT {datanodeUUID=b44e7e57-9837-469e-aba7-9d7779212b32, command=[]} | ret=SUCCESS |  
2019-09-20 08:53:25,495 | INFO  | SCMAudit | user=jenkins1000 | ip=192.168.36.79 | op=SEND_HEARTBEAT {datanodeUUID=f924f469-4e73-41d9-9d19-420bd0dc75a2, command=[]} | ret=SUCCESS |  
2019-09-20 08:53:25,513 | INFO  | SCMAudit | user=jenkins1000 | ip=192.168.36.79 | op=SEND_HEARTBEAT {datanodeUUID=93e6190b-41b6-4f2c-abfa-7324859860a0, command=[]} | ret=SUCCESS |  
2019-09-20 08:53:25,514 | INFO  | SCMAudit | user=jenkins1000 | ip=192.168.36.79 | op=SEND_HEARTBEAT {datanodeUUID=f78c6f6f-b83c-4bef-83c8-4f247fc2f9cb, command=[]} | ret=SUCCESS |  
2019-09-20 08:53:25,769 | INFO  | SCMAudit | user=jenkins1000 | ip=192.168.36.79 | op=SEND_HEARTBEAT {datanodeUUID=036c7012-de9e-4e05-8743-9a12868644f9, command=[]} | ret=SUCCESS |  
2019-09-20 08:53:26,034 | INFO  | SCMAudit | user=jenkins1000 | ip=192.168.36.79 | op=SEND_HEARTBEAT {datanodeUUID=b44e7e57-9837-469e-aba7-9d7779212b32, command=[]} | ret=SUCCESS |  
2019-09-20 08:53:26,495 | INFO  | SCMAudit | user=jenkins1000 | ip=192.168.36.79 | op=SEND_HEARTBEAT {datanodeUUID=f924f469-4e73-41d9-9d19-420bd0dc75a2, command=[]} | ret=SUCCESS |  
2019-09-20 08:53:26,512 | INFO  | SCMAudit | user=jenkins1000 | ip=192.168.36.79 | op=SEND_HEARTBEAT {datanodeUUID=93e6190b-41b6-4f2c-abfa-7324859860a0, command=[]} | ret=SUCCESS |  
2019-09-20 08:53:26,515 | INFO  | SCMAudit | user=jenkins1000 | ip=192.168.36.79 | op=SEND_HEARTBEAT {datanodeUUID=f78c6f6f-b83c-4bef-83c8-4f247fc2f9cb, command=[]} | ret=SUCCESS |  
2019-09-20 08:53:26,770 | INFO  | SCMAudit | user=jenkins1000 | ip=192.168.36.79 | op=SEND_HEARTBEAT {datanodeUUID=036c7012-de9e-4e05-8743-9a12868644f9, command=[]} | ret=SUCCESS |  
2019-09-20 08:53:27,034 | INFO  | SCMAudit | user=jenkins1000 | ip=192.168.36.79 | op=SEND_HEARTBEAT {datanodeUUID=b44e7e57-9837-469e-aba7-9d7779212b32, command=[]} | ret=SUCCESS |  
]]></system-out>
  </testcase>
  <testcase name="validateWriteTest" classname="org.apache.hadoop.ozone.freon.TestDataValidateWithUnsafeByteOperations" time="10.022">
    <error message="Allocated 0 blocks. Requested 1 blocks" type="INTERNAL_ERROR org.apache.hadoop.ozone.om.exceptions.OMException">INTERNAL_ERROR org.apache.hadoop.ozone.om.exceptions.OMException: Allocated 0 blocks. Requested 1 blocks
	at org.apache.hadoop.ozone.om.protocolPB.OzoneManagerProtocolClientSideTranslatorPB.handleError(OzoneManagerProtocolClientSideTranslatorPB.java:725)
	at org.apache.hadoop.ozone.om.protocolPB.OzoneManagerProtocolClientSideTranslatorPB.openKey(OzoneManagerProtocolClientSideTranslatorPB.java:716)
	at org.apache.hadoop.ozone.client.rpc.RpcClient.createKey(RpcClient.java:615)
	at org.apache.hadoop.ozone.client.OzoneBucket.createKey(OzoneBucket.java:323)
	at org.apache.hadoop.ozone.freon.RandomKeyGenerator.createKey(RandomKeyGenerator.java:686)
	at org.apache.hadoop.ozone.freon.RandomKeyGenerator.access$1100(RandomKeyGenerator.java:87)
	at org.apache.hadoop.ozone.freon.RandomKeyGenerator$ObjectCreator.run(RandomKeyGenerator.java:606)
	at java.util.concurrent.Executors$RunnableAdapter.call(Executors.java:511)
	at java.util.concurrent.FutureTask.run(FutureTask.java:266)
	at java.util.concurrent.ThreadPoolExecutor.runWorker(ThreadPoolExecutor.java:1149)
	at java.util.concurrent.ThreadPoolExecutor$Worker.run(ThreadPoolExecutor.java:624)
	at java.lang.Thread.run(Thread.java:748)
</error>
    <system-out><![CDATA[2019-09-20 08:53:27,246 [main] INFO  freon.RandomKeyGenerator (RandomKeyGenerator.java:call(275)) - Number of Threads: 10
2019-09-20 08:53:27,246 [main] INFO  freon.RandomKeyGenerator (RandomKeyGenerator.java:call(280)) - Number of Volumes: 2.
2019-09-20 08:53:27,246 [main] INFO  freon.RandomKeyGenerator (RandomKeyGenerator.java:call(281)) - Number of Buckets per Volume: 5.
2019-09-20 08:53:27,246 [main] INFO  freon.RandomKeyGenerator (RandomKeyGenerator.java:call(282)) - Number of Keys per Bucket: 10.
2019-09-20 08:53:27,247 [main] INFO  freon.RandomKeyGenerator (RandomKeyGenerator.java:call(283)) - Key size: 10240 bytes
2019-09-20 08:53:27,247 [main] INFO  freon.RandomKeyGenerator (RandomKeyGenerator.java:call(284)) - Buffer size: 4096 bytes
2019-09-20 08:53:27,248 [pool-80-thread-1] INFO  rpc.RpcClient (RpcClient.java:createVolume(293)) - Creating Volume: vol-0-45551, with jenkins1000 as owner.
2019-09-20 08:53:27,249 [main] INFO  freon.RandomKeyGenerator (RandomKeyGenerator.java:call(298)) - Data validation is enabled.
2019-09-20 08:53:27,248 [pool-80-thread-2] INFO  rpc.RpcClient (RpcClient.java:createVolume(293)) - Creating Volume: vol-1-75199, with jenkins1000 as owner.
2019-09-20 08:53:27,249 [main] INFO  freon.RandomKeyGenerator (RandomKeyGenerator.java:call(304)) - Starting progress bar Thread.

 0.00% |█                                                                                                    |  0/100 Time: 0:00:002019-09-20 08:53:27,252 | INFO  | OMAudit | user=jenkins1000 | ip=127.0.0.1 | op=CREATE_VOLUME {admin=jenkins1000, owner=jenkins1000, volume=vol-0-45551, creationTime=1568969607252, quotaInBytes=1152921504606846976} | ret=SUCCESS |  
2019-09-20 08:53:27,253 | INFO  | OMAudit | user=jenkins1000 | ip=127.0.0.1 | op=CREATE_VOLUME {admin=jenkins1000, owner=jenkins1000, volume=vol-1-75199, creationTime=1568969607252, quotaInBytes=1152921504606846976} | ret=SUCCESS |  
2019-09-20 08:53:27,257 | INFO  | OMAudit | user=jenkins1000 | ip=127.0.0.1 | op=READ_VOLUME {volume=vol-0-45551} | ret=SUCCESS |  
2019-09-20 08:53:27,258 | INFO  | OMAudit | user=jenkins1000 | ip=127.0.0.1 | op=READ_VOLUME {volume=vol-1-75199} | ret=SUCCESS |  
2019-09-20 08:53:27,262 [pool-80-thread-1] INFO  rpc.RpcClient (RpcClient.java:createBucket(432)) - Creating Bucket: vol-0-45551/bucket-4-60179, with Versioning false and Storage Type set to DISK and Encryption set to false 
2019-09-20 08:53:27,262 [pool-80-thread-7] INFO  rpc.RpcClient (RpcClient.java:createBucket(432)) - Creating Bucket: vol-0-45551/bucket-2-79361, with Versioning false and Storage Type set to DISK and Encryption set to false 
2019-09-20 08:53:27,262 [pool-80-thread-9] INFO  rpc.RpcClient (RpcClient.java:createBucket(432)) - Creating Bucket: vol-0-45551/bucket-3-36751, with Versioning false and Storage Type set to DISK and Encryption set to false 
2019-09-20 08:53:27,262 [pool-80-thread-2] INFO  rpc.RpcClient (RpcClient.java:createBucket(432)) - Creating Bucket: vol-1-75199/bucket-4-46139, with Versioning false and Storage Type set to DISK and Encryption set to false 
2019-09-20 08:53:27,264 | INFO  | OMAudit | user=jenkins1000 | ip=127.0.0.1 | op=CREATE_BUCKET {volume=vol-0-45551, bucket=bucket-2-79361, acls=[user:jenkins1000:a[ACCESS], group:default:a[ACCESS]], isVersionEnabled=false, storageType=DISK, creationTime=0} | ret=SUCCESS |  
2019-09-20 08:53:27,264 | INFO  | OMAudit | user=jenkins1000 | ip=127.0.0.1 | op=CREATE_BUCKET {volume=vol-0-45551, bucket=bucket-4-60179, acls=[user:jenkins1000:a[ACCESS], group:default:a[ACCESS]], isVersionEnabled=false, storageType=DISK, creationTime=0} | ret=SUCCESS |  
2019-09-20 08:53:27,264 | INFO  | OMAudit | user=jenkins1000 | ip=127.0.0.1 | op=CREATE_BUCKET {volume=vol-1-75199, bucket=bucket-4-46139, acls=[user:jenkins1000:a[ACCESS], group:default:a[ACCESS]], isVersionEnabled=false, storageType=DISK, creationTime=0} | ret=SUCCESS |  
2019-09-20 08:53:27,264 | INFO  | OMAudit | user=jenkins1000 | ip=127.0.0.1 | op=CREATE_BUCKET {volume=vol-0-45551, bucket=bucket-3-36751, acls=[user:jenkins1000:a[ACCESS], group:default:a[ACCESS]], isVersionEnabled=false, storageType=DISK, creationTime=0} | ret=SUCCESS |  
2019-09-20 08:53:27,266 | INFO  | OMAudit | user=jenkins1000 | ip=127.0.0.1 | op=READ_BUCKET {volume=vol-0-45551, bucket=bucket-2-79361} | ret=SUCCESS |  
2019-09-20 08:53:27,266 | INFO  | OMAudit | user=jenkins1000 | ip=127.0.0.1 | op=READ_BUCKET {volume=vol-0-45551, bucket=bucket-4-60179} | ret=SUCCESS |  
2019-09-20 08:53:27,266 | INFO  | OMAudit | user=jenkins1000 | ip=127.0.0.1 | op=READ_BUCKET {volume=vol-1-75199, bucket=bucket-4-46139} | ret=SUCCESS |  
2019-09-20 08:53:27,266 | INFO  | OMAudit | user=jenkins1000 | ip=127.0.0.1 | op=READ_BUCKET {volume=vol-0-45551, bucket=bucket-3-36751} | ret=SUCCESS |  
2019-09-20 08:53:27,268 [pool-80-thread-4] INFO  rpc.RpcClient (RpcClient.java:createBucket(432)) - Creating Bucket: vol-1-75199/bucket-0-83329, with Versioning false and Storage Type set to DISK and Encryption set to false 
2019-09-20 08:53:27,268 [pool-80-thread-5] INFO  rpc.RpcClient (RpcClient.java:createBucket(432)) - Creating Bucket: vol-0-45551/bucket-1-78790, with Versioning false and Storage Type set to DISK and Encryption set to false 
2019-09-20 08:53:27,268 [pool-80-thread-3] INFO  rpc.RpcClient (RpcClient.java:createBucket(432)) - Creating Bucket: vol-0-45551/bucket-0-79668, with Versioning false and Storage Type set to DISK and Encryption set to false 
2019-09-20 08:53:27,272 [pool-80-thread-10] INFO  rpc.RpcClient (RpcClient.java:createBucket(432)) - Creating Bucket: vol-1-75199/bucket-3-15044, with Versioning false and Storage Type set to DISK and Encryption set to false 
2019-09-20 08:53:27,272 | INFO  | OMAudit | user=jenkins1000 | ip=127.0.0.1 | op=CREATE_BUCKET {volume=vol-1-75199, bucket=bucket-0-83329, acls=[user:jenkins1000:a[ACCESS], group:default:a[ACCESS]], isVersionEnabled=false, storageType=DISK, creationTime=0} | ret=SUCCESS |  
2019-09-20 08:53:27,272 [pool-80-thread-8] INFO  rpc.RpcClient (RpcClient.java:createBucket(432)) - Creating Bucket: vol-1-75199/bucket-2-06097, with Versioning false and Storage Type set to DISK and Encryption set to false 
2019-09-20 08:53:27,272 [pool-80-thread-6] INFO  rpc.RpcClient (RpcClient.java:createBucket(432)) - Creating Bucket: vol-1-75199/bucket-1-75208, with Versioning false and Storage Type set to DISK and Encryption set to false 
2019-09-20 08:53:27,272 | INFO  | OMAudit | user=jenkins1000 | ip=127.0.0.1 | op=CREATE_BUCKET {volume=vol-0-45551, bucket=bucket-1-78790, acls=[user:jenkins1000:a[ACCESS], group:default:a[ACCESS]], isVersionEnabled=false, storageType=DISK, creationTime=0} | ret=SUCCESS |  
2019-09-20 08:53:27,272 | INFO  | OMAudit | user=jenkins1000 | ip=127.0.0.1 | op=CREATE_BUCKET {volume=vol-0-45551, bucket=bucket-0-79668, acls=[user:jenkins1000:a[ACCESS], group:default:a[ACCESS]], isVersionEnabled=false, storageType=DISK, creationTime=0} | ret=SUCCESS |  
2019-09-20 08:53:27,273 | INFO  | OMAudit | user=jenkins1000 | ip=127.0.0.1 | op=CREATE_BUCKET {volume=vol-1-75199, bucket=bucket-3-15044, acls=[user:jenkins1000:a[ACCESS], group:default:a[ACCESS]], isVersionEnabled=false, storageType=DISK, creationTime=0} | ret=SUCCESS |  
2019-09-20 08:53:27,273 | INFO  | OMAudit | user=jenkins1000 | ip=127.0.0.1 | op=READ_BUCKET {volume=vol-1-75199, bucket=bucket-0-83329} | ret=SUCCESS |  
2019-09-20 08:53:27,274 | INFO  | OMAudit | user=jenkins1000 | ip=127.0.0.1 | op=CREATE_BUCKET {volume=vol-1-75199, bucket=bucket-2-06097, acls=[user:jenkins1000:a[ACCESS], group:default:a[ACCESS]], isVersionEnabled=false, storageType=DISK, creationTime=0} | ret=SUCCESS |  
2019-09-20 08:53:27,274 | INFO  | OMAudit | user=jenkins1000 | ip=127.0.0.1 | op=READ_BUCKET {volume=vol-0-45551, bucket=bucket-1-78790} | ret=SUCCESS |  
2019-09-20 08:53:27,274 | INFO  | OMAudit | user=jenkins1000 | ip=127.0.0.1 | op=READ_BUCKET {volume=vol-0-45551, bucket=bucket-0-79668} | ret=SUCCESS |  
2019-09-20 08:53:27,274 | INFO  | OMAudit | user=jenkins1000 | ip=127.0.0.1 | op=CREATE_BUCKET {volume=vol-1-75199, bucket=bucket-1-75208, acls=[user:jenkins1000:a[ACCESS], group:default:a[ACCESS]], isVersionEnabled=false, storageType=DISK, creationTime=0} | ret=SUCCESS |  
2019-09-20 08:53:27,275 | INFO  | OMAudit | user=jenkins1000 | ip=127.0.0.1 | op=READ_BUCKET {volume=vol-1-75199, bucket=bucket-3-15044} | ret=SUCCESS |  
2019-09-20 08:53:27,275 | INFO  | OMAudit | user=jenkins1000 | ip=127.0.0.1 | op=READ_BUCKET {volume=vol-1-75199, bucket=bucket-2-06097} | ret=SUCCESS |  
2019-09-20 08:53:27,276 | INFO  | OMAudit | user=jenkins1000 | ip=127.0.0.1 | op=READ_BUCKET {volume=vol-1-75199, bucket=bucket-1-75208} | ret=SUCCESS |  
2019-09-20 08:53:27,286 [IPC Server handler 11 on 38744] INFO  pipeline.PipelinePlacementPolicy (PipelinePlacementPolicy.java:meetCriteria(91)) - Pipeline Placement: Doesn't meet the criteria to be viable node： 93e6190b-41b6-4f2c-abfa-7324859860a0 Heaviness: 6 limit: 5
2019-09-20 08:53:27,286 [IPC Server handler 11 on 38744] INFO  pipeline.PipelinePlacementPolicy (PipelinePlacementPolicy.java:meetCriteria(91)) - Pipeline Placement: Doesn't meet the criteria to be viable node： b44e7e57-9837-469e-aba7-9d7779212b32 Heaviness: 6 limit: 5
2019-09-20 08:53:27,286 [IPC Server handler 11 on 38744] INFO  pipeline.PipelinePlacementPolicy (PipelinePlacementPolicy.java:meetCriteria(91)) - Pipeline Placement: Doesn't meet the criteria to be viable node： f78c6f6f-b83c-4bef-83c8-4f247fc2f9cb Heaviness: 6 limit: 5
2019-09-20 08:53:27,286 [IPC Server handler 11 on 38744] INFO  pipeline.PipelinePlacementPolicy (PipelinePlacementPolicy.java:meetCriteria(91)) - Pipeline Placement: Doesn't meet the criteria to be viable node： 036c7012-de9e-4e05-8743-9a12868644f9 Heaviness: 6 limit: 5
2019-09-20 08:53:27,287 [IPC Server handler 11 on 38744] INFO  pipeline.PipelinePlacementPolicy (PipelinePlacementPolicy.java:meetCriteria(91)) - Pipeline Placement: Doesn't meet the criteria to be viable node： f924f469-4e73-41d9-9d19-420bd0dc75a2 Heaviness: 6 limit: 5
2019-09-20 08:53:27,287 [IPC Server handler 11 on 38744] ERROR pipeline.PipelinePlacementPolicy (PipelinePlacementPolicy.java:filterViableNodes(148)) - Unable to find enough nodes that meet the criteria that cannot engage in more than 5 pipelines. Nodes required: 3 Found: 0, healthy nodes count inNodeManager: 5.
2019-09-20 08:53:27,287 [IPC Server handler 11 on 38744] ERROR pipeline.SCMPipelineManager (SCMPipelineManager.java:createPipeline(161)) - Pipeline creation failed due to exception: Unable to find enough nodes that meet the criteria that cannot engage in more than 5 pipelines. Nodes required: 3 Found: 0, healthy nodes count inNodeManager: 5.
2019-09-20 08:53:27,287 [IPC Server handler 11 on 38744] WARN  block.BlockManagerImpl (BlockManagerImpl.java:allocateBlock(192)) - Pipeline creation failed for type:RATIS factor:THREE. Retrying get pipelines call once.
org.apache.hadoop.hdds.scm.exceptions.SCMException: Unable to find enough nodes that meet the criteria that cannot engage in more than 5 pipelines. Nodes required: 3 Found: 0, healthy nodes count inNodeManager: 5.
	at org.apache.hadoop.hdds.scm.pipeline.PipelinePlacementPolicy.filterViableNodes(PipelinePlacementPolicy.java:149)
	at org.apache.hadoop.hdds.scm.pipeline.PipelinePlacementPolicy.chooseDatanodes(PipelinePlacementPolicy.java:172)
	at org.apache.hadoop.hdds.scm.pipeline.RatisPipelineProvider.create(RatisPipelineProvider.java:92)
	at org.apache.hadoop.hdds.scm.pipeline.PipelineFactory.create(PipelineFactory.java:57)
	at org.apache.hadoop.hdds.scm.pipeline.SCMPipelineManager.createPipeline(SCMPipelineManager.java:149)
	at org.apache.hadoop.hdds.scm.block.BlockManagerImpl.allocateBlock(BlockManagerImpl.java:190)
	at org.apache.hadoop.hdds.scm.server.SCMBlockProtocolServer.allocateBlock(SCMBlockProtocolServer.java:175)
	at org.apache.hadoop.ozone.protocolPB.ScmBlockLocationProtocolServerSideTranslatorPB.allocateScmBlock(ScmBlockLocationProtocolServerSideTranslatorPB.java:153)
	at org.apache.hadoop.ozone.protocolPB.ScmBlockLocationProtocolServerSideTranslatorPB.send(ScmBlockLocationProtocolServerSideTranslatorPB.java:112)
	at org.apache.hadoop.hdds.protocol.proto.ScmBlockLocationProtocolProtos$ScmBlockLocationProtocolService$2.callBlockingMethod(ScmBlockLocationProtocolProtos.java:13157)
	at org.apache.hadoop.ipc.ProtobufRpcEngine$Server$ProtoBufRpcInvoker.call(ProtobufRpcEngine.java:524)
	at org.apache.hadoop.ipc.RPC$Server.call(RPC.java:1025)
	at org.apache.hadoop.ipc.Server$RpcCall.run(Server.java:876)
	at org.apache.hadoop.ipc.Server$RpcCall.run(Server.java:822)
	at java.security.AccessController.doPrivileged(Native Method)
	at javax.security.auth.Subject.doAs(Subject.java:422)
	at org.apache.hadoop.security.UserGroupInformation.doAs(UserGroupInformation.java:1730)
	at org.apache.hadoop.ipc.Server$Handler.run(Server.java:2682)
2019-09-20 08:53:27,288 [IPC Server handler 12 on 38744] INFO  pipeline.PipelinePlacementPolicy (PipelinePlacementPolicy.java:meetCriteria(91)) - Pipeline Placement: Doesn't meet the criteria to be viable node： 93e6190b-41b6-4f2c-abfa-7324859860a0 Heaviness: 6 limit: 5
2019-09-20 08:53:27,288 [IPC Server handler 12 on 38744] INFO  pipeline.PipelinePlacementPolicy (PipelinePlacementPolicy.java:meetCriteria(91)) - Pipeline Placement: Doesn't meet the criteria to be viable node： b44e7e57-9837-469e-aba7-9d7779212b32 Heaviness: 6 limit: 5
2019-09-20 08:53:27,288 [IPC Server handler 12 on 38744] INFO  pipeline.PipelinePlacementPolicy (PipelinePlacementPolicy.java:meetCriteria(91)) - Pipeline Placement: Doesn't meet the criteria to be viable node： f78c6f6f-b83c-4bef-83c8-4f247fc2f9cb Heaviness: 6 limit: 5
2019-09-20 08:53:27,288 [IPC Server handler 12 on 38744] INFO  pipeline.PipelinePlacementPolicy (PipelinePlacementPolicy.java:meetCriteria(91)) - Pipeline Placement: Doesn't meet the criteria to be viable node： 036c7012-de9e-4e05-8743-9a12868644f9 Heaviness: 6 limit: 5
2019-09-20 08:53:27,289 [IPC Server handler 12 on 38744] INFO  pipeline.PipelinePlacementPolicy (PipelinePlacementPolicy.java:meetCriteria(91)) - Pipeline Placement: Doesn't meet the criteria to be viable node： f924f469-4e73-41d9-9d19-420bd0dc75a2 Heaviness: 6 limit: 5
2019-09-20 08:53:27,289 [IPC Server handler 12 on 38744] ERROR pipeline.PipelinePlacementPolicy (PipelinePlacementPolicy.java:filterViableNodes(148)) - Unable to find enough nodes that meet the criteria that cannot engage in more than 5 pipelines. Nodes required: 3 Found: 0, healthy nodes count inNodeManager: 5.
2019-09-20 08:53:27,289 [IPC Server handler 12 on 38744] ERROR pipeline.SCMPipelineManager (SCMPipelineManager.java:createPipeline(161)) - Pipeline creation failed due to exception: Unable to find enough nodes that meet the criteria that cannot engage in more than 5 pipelines. Nodes required: 3 Found: 0, healthy nodes count inNodeManager: 5.
2019-09-20 08:53:27,289 [IPC Server handler 12 on 38744] WARN  block.BlockManagerImpl (BlockManagerImpl.java:allocateBlock(192)) - Pipeline creation failed for type:RATIS factor:THREE. Retrying get pipelines call once.
org.apache.hadoop.hdds.scm.exceptions.SCMException: Unable to find enough nodes that meet the criteria that cannot engage in more than 5 pipelines. Nodes required: 3 Found: 0, healthy nodes count inNodeManager: 5.
	at org.apache.hadoop.hdds.scm.pipeline.PipelinePlacementPolicy.filterViableNodes(PipelinePlacementPolicy.java:149)
	at org.apache.hadoop.hdds.scm.pipeline.PipelinePlacementPolicy.chooseDatanodes(PipelinePlacementPolicy.java:172)
	at org.apache.hadoop.hdds.scm.pipeline.RatisPipelineProvider.create(RatisPipelineProvider.java:92)
	at org.apache.hadoop.hdds.scm.pipeline.PipelineFactory.create(PipelineFactory.java:57)
	at org.apache.hadoop.hdds.scm.pipeline.SCMPipelineManager.createPipeline(SCMPipelineManager.java:149)
	at org.apache.hadoop.hdds.scm.block.BlockManagerImpl.allocateBlock(BlockManagerImpl.java:190)
	at org.apache.hadoop.hdds.scm.server.SCMBlockProtocolServer.allocateBlock(SCMBlockProtocolServer.java:175)
	at org.apache.hadoop.ozone.protocolPB.ScmBlockLocationProtocolServerSideTranslatorPB.allocateScmBlock(ScmBlockLocationProtocolServerSideTranslatorPB.java:153)
	at org.apache.hadoop.ozone.protocolPB.ScmBlockLocationProtocolServerSideTranslatorPB.send(ScmBlockLocationProtocolServerSideTranslatorPB.java:112)
	at org.apache.hadoop.hdds.protocol.proto.ScmBlockLocationProtocolProtos$ScmBlockLocationProtocolService$2.callBlockingMethod(ScmBlockLocationProtocolProtos.java:13157)
	at org.apache.hadoop.ipc.ProtobufRpcEngine$Server$ProtoBufRpcInvoker.call(ProtobufRpcEngine.java:524)
	at org.apache.hadoop.ipc.RPC$Server.call(RPC.java:1025)
	at org.apache.hadoop.ipc.Server$RpcCall.run(Server.java:876)
	at org.apache.hadoop.ipc.Server$RpcCall.run(Server.java:822)
	at java.security.AccessController.doPrivileged(Native Method)
	at javax.security.auth.Subject.doAs(Subject.java:422)
	at org.apache.hadoop.security.UserGroupInformation.doAs(UserGroupInformation.java:1730)
	at org.apache.hadoop.ipc.Server$Handler.run(Server.java:2682)
2019-09-20 08:53:27,289 [IPC Server handler 5 on 38744] INFO  pipeline.PipelinePlacementPolicy (PipelinePlacementPolicy.java:meetCriteria(91)) - Pipeline Placement: Doesn't meet the criteria to be viable node： 93e6190b-41b6-4f2c-abfa-7324859860a0 Heaviness: 6 limit: 5
2019-09-20 08:53:27,290 [IPC Server handler 5 on 38744] INFO  pipeline.PipelinePlacementPolicy (PipelinePlacementPolicy.java:meetCriteria(91)) - Pipeline Placement: Doesn't meet the criteria to be viable node： b44e7e57-9837-469e-aba7-9d7779212b32 Heaviness: 6 limit: 5
2019-09-20 08:53:27,290 [IPC Server handler 5 on 38744] INFO  pipeline.PipelinePlacementPolicy (PipelinePlacementPolicy.java:meetCriteria(91)) - Pipeline Placement: Doesn't meet the criteria to be viable node： f78c6f6f-b83c-4bef-83c8-4f247fc2f9cb Heaviness: 6 limit: 5
2019-09-20 08:53:27,290 [IPC Server handler 5 on 38744] INFO  pipeline.PipelinePlacementPolicy (PipelinePlacementPolicy.java:meetCriteria(91)) - Pipeline Placement: Doesn't meet the criteria to be viable node： 036c7012-de9e-4e05-8743-9a12868644f9 Heaviness: 6 limit: 5
2019-09-20 08:53:27,290 [IPC Server handler 5 on 38744] INFO  pipeline.PipelinePlacementPolicy (PipelinePlacementPolicy.java:meetCriteria(91)) - Pipeline Placement: Doesn't meet the criteria to be viable node： f924f469-4e73-41d9-9d19-420bd0dc75a2 Heaviness: 6 limit: 5
2019-09-20 08:53:27,290 [IPC Server handler 5 on 38744] ERROR pipeline.PipelinePlacementPolicy (PipelinePlacementPolicy.java:filterViableNodes(148)) - Unable to find enough nodes that meet the criteria that cannot engage in more than 5 pipelines. Nodes required: 3 Found: 0, healthy nodes count inNodeManager: 5.
2019-09-20 08:53:27,291 [IPC Server handler 5 on 38744] ERROR pipeline.SCMPipelineManager (SCMPipelineManager.java:createPipeline(161)) - Pipeline creation failed due to exception: Unable to find enough nodes that meet the criteria that cannot engage in more than 5 pipelines. Nodes required: 3 Found: 0, healthy nodes count inNodeManager: 5.
2019-09-20 08:53:27,291 [IPC Server handler 5 on 38744] WARN  block.BlockManagerImpl (BlockManagerImpl.java:allocateBlock(192)) - Pipeline creation failed for type:RATIS factor:THREE. Retrying get pipelines call once.
org.apache.hadoop.hdds.scm.exceptions.SCMException: Unable to find enough nodes that meet the criteria that cannot engage in more than 5 pipelines. Nodes required: 3 Found: 0, healthy nodes count inNodeManager: 5.
	at org.apache.hadoop.hdds.scm.pipeline.PipelinePlacementPolicy.filterViableNodes(PipelinePlacementPolicy.java:149)
	at org.apache.hadoop.hdds.scm.pipeline.PipelinePlacementPolicy.chooseDatanodes(PipelinePlacementPolicy.java:172)
	at org.apache.hadoop.hdds.scm.pipeline.RatisPipelineProvider.create(RatisPipelineProvider.java:92)
	at org.apache.hadoop.hdds.scm.pipeline.PipelineFactory.create(PipelineFactory.java:57)
	at org.apache.hadoop.hdds.scm.pipeline.SCMPipelineManager.createPipeline(SCMPipelineManager.java:149)
	at org.apache.hadoop.hdds.scm.block.BlockManagerImpl.allocateBlock(BlockManagerImpl.java:190)
	at org.apache.hadoop.hdds.scm.server.SCMBlockProtocolServer.allocateBlock(SCMBlockProtocolServer.java:175)
	at org.apache.hadoop.ozone.protocolPB.ScmBlockLocationProtocolServerSideTranslatorPB.allocateScmBlock(ScmBlockLocationProtocolServerSideTranslatorPB.java:153)
	at org.apache.hadoop.ozone.protocolPB.ScmBlockLocationProtocolServerSideTranslatorPB.send(ScmBlockLocationProtocolServerSideTranslatorPB.java:112)
	at org.apache.hadoop.hdds.protocol.proto.ScmBlockLocationProtocolProtos$ScmBlockLocationProtocolService$2.callBlockingMethod(ScmBlockLocationProtocolProtos.java:13157)
	at org.apache.hadoop.ipc.ProtobufRpcEngine$Server$ProtoBufRpcInvoker.call(ProtobufRpcEngine.java:524)
	at org.apache.hadoop.ipc.RPC$Server.call(RPC.java:1025)
	at org.apache.hadoop.ipc.Server$RpcCall.run(Server.java:876)
	at org.apache.hadoop.ipc.Server$RpcCall.run(Server.java:822)
	at java.security.AccessController.doPrivileged(Native Method)
	at javax.security.auth.Subject.doAs(Subject.java:422)
	at org.apache.hadoop.security.UserGroupInformation.doAs(UserGroupInformation.java:1730)
	at org.apache.hadoop.ipc.Server$Handler.run(Server.java:2682)
2019-09-20 08:53:27,291 [IPC Server handler 4 on 38744] INFO  pipeline.PipelinePlacementPolicy (PipelinePlacementPolicy.java:meetCriteria(91)) - Pipeline Placement: Doesn't meet the criteria to be viable node： 93e6190b-41b6-4f2c-abfa-7324859860a0 Heaviness: 6 limit: 5
2019-09-20 08:53:27,291 [IPC Server handler 4 on 38744] INFO  pipeline.PipelinePlacementPolicy (PipelinePlacementPolicy.java:meetCriteria(91)) - Pipeline Placement: Doesn't meet the criteria to be viable node： b44e7e57-9837-469e-aba7-9d7779212b32 Heaviness: 6 limit: 5
2019-09-20 08:53:27,291 [IPC Server handler 4 on 38744] INFO  pipeline.PipelinePlacementPolicy (PipelinePlacementPolicy.java:meetCriteria(91)) - Pipeline Placement: Doesn't meet the criteria to be viable node： f78c6f6f-b83c-4bef-83c8-4f247fc2f9cb Heaviness: 6 limit: 5
2019-09-20 08:53:27,292 [IPC Server handler 4 on 38744] INFO  pipeline.PipelinePlacementPolicy (PipelinePlacementPolicy.java:meetCriteria(91)) - Pipeline Placement: Doesn't meet the criteria to be viable node： 036c7012-de9e-4e05-8743-9a12868644f9 Heaviness: 6 limit: 5
2019-09-20 08:53:27,292 [IPC Server handler 4 on 38744] INFO  pipeline.PipelinePlacementPolicy (PipelinePlacementPolicy.java:meetCriteria(91)) - Pipeline Placement: Doesn't meet the criteria to be viable node： f924f469-4e73-41d9-9d19-420bd0dc75a2 Heaviness: 6 limit: 5
2019-09-20 08:53:27,292 [IPC Server handler 4 on 38744] ERROR pipeline.PipelinePlacementPolicy (PipelinePlacementPolicy.java:filterViableNodes(148)) - Unable to find enough nodes that meet the criteria that cannot engage in more than 5 pipelines. Nodes required: 3 Found: 0, healthy nodes count inNodeManager: 5.
2019-09-20 08:53:27,292 [IPC Server handler 4 on 38744] ERROR pipeline.SCMPipelineManager (SCMPipelineManager.java:createPipeline(161)) - Pipeline creation failed due to exception: Unable to find enough nodes that meet the criteria that cannot engage in more than 5 pipelines. Nodes required: 3 Found: 0, healthy nodes count inNodeManager: 5.
2019-09-20 08:53:27,292 [IPC Server handler 4 on 38744] WARN  block.BlockManagerImpl (BlockManagerImpl.java:allocateBlock(192)) - Pipeline creation failed for type:RATIS factor:THREE. Retrying get pipelines call once.
org.apache.hadoop.hdds.scm.exceptions.SCMException: Unable to find enough nodes that meet the criteria that cannot engage in more than 5 pipelines. Nodes required: 3 Found: 0, healthy nodes count inNodeManager: 5.
	at org.apache.hadoop.hdds.scm.pipeline.PipelinePlacementPolicy.filterViableNodes(PipelinePlacementPolicy.java:149)
	at org.apache.hadoop.hdds.scm.pipeline.PipelinePlacementPolicy.chooseDatanodes(PipelinePlacementPolicy.java:172)
	at org.apache.hadoop.hdds.scm.pipeline.RatisPipelineProvider.create(RatisPipelineProvider.java:92)
	at org.apache.hadoop.hdds.scm.pipeline.PipelineFactory.create(PipelineFactory.java:57)
	at org.apache.hadoop.hdds.scm.pipeline.SCMPipelineManager.createPipeline(SCMPipelineManager.java:149)
	at org.apache.hadoop.hdds.scm.block.BlockManagerImpl.allocateBlock(BlockManagerImpl.java:190)
	at org.apache.hadoop.hdds.scm.server.SCMBlockProtocolServer.allocateBlock(SCMBlockProtocolServer.java:175)
	at org.apache.hadoop.ozone.protocolPB.ScmBlockLocationProtocolServerSideTranslatorPB.allocateScmBlock(ScmBlockLocationProtocolServerSideTranslatorPB.java:153)
	at org.apache.hadoop.ozone.protocolPB.ScmBlockLocationProtocolServerSideTranslatorPB.send(ScmBlockLocationProtocolServerSideTranslatorPB.java:112)
	at org.apache.hadoop.hdds.protocol.proto.ScmBlockLocationProtocolProtos$ScmBlockLocationProtocolService$2.callBlockingMethod(ScmBlockLocationProtocolProtos.java:13157)
	at org.apache.hadoop.ipc.ProtobufRpcEngine$Server$ProtoBufRpcInvoker.call(ProtobufRpcEngine.java:524)
	at org.apache.hadoop.ipc.RPC$Server.call(RPC.java:1025)
	at org.apache.hadoop.ipc.Server$RpcCall.run(Server.java:876)
	at org.apache.hadoop.ipc.Server$RpcCall.run(Server.java:822)
	at java.security.AccessController.doPrivileged(Native Method)
	at javax.security.auth.Subject.doAs(Subject.java:422)
	at org.apache.hadoop.security.UserGroupInformation.doAs(UserGroupInformation.java:1730)
	at org.apache.hadoop.ipc.Server$Handler.run(Server.java:2682)
2019-09-20 08:53:27,292 [IPC Server handler 1 on 38744] INFO  pipeline.PipelinePlacementPolicy (PipelinePlacementPolicy.java:meetCriteria(91)) - Pipeline Placement: Doesn't meet the criteria to be viable node： 93e6190b-41b6-4f2c-abfa-7324859860a0 Heaviness: 6 limit: 5
2019-09-20 08:53:27,292 [IPC Server handler 12 on 38744] INFO  block.BlockManagerImpl (BlockManagerImpl.java:allocateBlock(198)) - Could not find available pipeline of type:RATIS and factor:THREE even after retrying
2019-09-20 08:53:27,292 [IPC Server handler 11 on 38744] INFO  block.BlockManagerImpl (BlockManagerImpl.java:allocateBlock(198)) - Could not find available pipeline of type:RATIS and factor:THREE even after retrying
2019-09-20 08:53:27,292 [IPC Server handler 5 on 38744] INFO  block.BlockManagerImpl (BlockManagerImpl.java:allocateBlock(198)) - Could not find available pipeline of type:RATIS and factor:THREE even after retrying
2019-09-20 08:53:27,293 [IPC Server handler 11 on 38744] ERROR block.BlockManagerImpl (BlockManagerImpl.java:allocateBlock(222)) - Unable to allocate a block for the size: 4194304, type: RATIS, factor: THREE
2019-09-20 08:53:27,293 [IPC Server handler 12 on 38744] ERROR block.BlockManagerImpl (BlockManagerImpl.java:allocateBlock(222)) - Unable to allocate a block for the size: 4194304, type: RATIS, factor: THREE
2019-09-20 08:53:27,294 | INFO  | SCMAudit | user=jenkins1000 | ip=192.168.36.79 | op=ALLOCATE_BLOCK {owner=c318fcb2-a2a7-462c-bde4-c48d09afc4b6, size=4194304, type=RATIS, factor=THREE} | ret=SUCCESS |  
2019-09-20 08:53:27,294 | INFO  | SCMAudit | user=jenkins1000 | ip=192.168.36.79 | op=ALLOCATE_BLOCK {owner=c318fcb2-a2a7-462c-bde4-c48d09afc4b6, size=4194304, type=RATIS, factor=THREE} | ret=SUCCESS |  
2019-09-20 08:53:27,293 [IPC Server handler 1 on 38744] INFO  pipeline.PipelinePlacementPolicy (PipelinePlacementPolicy.java:meetCriteria(91)) - Pipeline Placement: Doesn't meet the criteria to be viable node： b44e7e57-9837-469e-aba7-9d7779212b32 Heaviness: 6 limit: 5
2019-09-20 08:53:27,293 [IPC Server handler 5 on 38744] ERROR block.BlockManagerImpl (BlockManagerImpl.java:allocateBlock(222)) - Unable to allocate a block for the size: 4194304, type: RATIS, factor: THREE
2019-09-20 08:53:27,296 | INFO  | SCMAudit | user=jenkins1000 | ip=192.168.36.79 | op=ALLOCATE_BLOCK {owner=c318fcb2-a2a7-462c-bde4-c48d09afc4b6, size=4194304, type=RATIS, factor=THREE} | ret=SUCCESS |  
2019-09-20 08:53:27,294 [IPC Server handler 1 on 38744] INFO  pipeline.PipelinePlacementPolicy (PipelinePlacementPolicy.java:meetCriteria(91)) - Pipeline Placement: Doesn't meet the criteria to be viable node： f78c6f6f-b83c-4bef-83c8-4f247fc2f9cb Heaviness: 6 limit: 5
2019-09-20 08:53:27,296 [IPC Server handler 1 on 38744] INFO  pipeline.PipelinePlacementPolicy (PipelinePlacementPolicy.java:meetCriteria(91)) - Pipeline Placement: Doesn't meet the criteria to be viable node： 036c7012-de9e-4e05-8743-9a12868644f9 Heaviness: 6 limit: 5
2019-09-20 08:53:27,297 [IPC Server handler 1 on 38744] INFO  pipeline.PipelinePlacementPolicy (PipelinePlacementPolicy.java:meetCriteria(91)) - Pipeline Placement: Doesn't meet the criteria to be viable node： f924f469-4e73-41d9-9d19-420bd0dc75a2 Heaviness: 6 limit: 5
2019-09-20 08:53:27,297 [IPC Server handler 1 on 38744] ERROR pipeline.PipelinePlacementPolicy (PipelinePlacementPolicy.java:filterViableNodes(148)) - Unable to find enough nodes that meet the criteria that cannot engage in more than 5 pipelines. Nodes required: 3 Found: 0, healthy nodes count inNodeManager: 5.
2019-09-20 08:53:27,297 | ERROR | OMAudit | user=jenkins1000 | ip=127.0.0.1 | op=ALLOCATE_KEY {volume=vol-1-75199, bucket=bucket-2-06097, key=key-0-04674, dataSize=10240, replicationType=RATIS, replicationFactor=THREE, keyLocationInfo=null} | ret=FAILURE | org.apache.hadoop.hdds.scm.exceptions.SCMException: Allocated 0 blocks. Requested 1 blocks
	at org.apache.hadoop.hdds.scm.protocolPB.ScmBlockLocationProtocolClientSideTranslatorPB.handleError(ScmBlockLocationProtocolClientSideTranslatorPB.java:118)
	at org.apache.hadoop.hdds.scm.protocolPB.ScmBlockLocationProtocolClientSideTranslatorPB.allocateBlock(ScmBlockLocationProtocolClientSideTranslatorPB.java:156) 
2019-09-20 08:53:27,297 | ERROR | OMAudit | user=jenkins1000 | ip=127.0.0.1 | op=ALLOCATE_KEY {volume=vol-1-75199, bucket=bucket-3-15044, key=key-0-79581, dataSize=10240, replicationType=RATIS, replicationFactor=THREE, keyLocationInfo=null} | ret=FAILURE | org.apache.hadoop.hdds.scm.exceptions.SCMException: Allocated 0 blocks. Requested 1 blocks
	at org.apache.hadoop.hdds.scm.protocolPB.ScmBlockLocationProtocolClientSideTranslatorPB.handleError(ScmBlockLocationProtocolClientSideTranslatorPB.java:118)
	at org.apache.hadoop.hdds.scm.protocolPB.ScmBlockLocationProtocolClientSideTranslatorPB.allocateBlock(ScmBlockLocationProtocolClientSideTranslatorPB.java:156) 
2019-09-20 08:53:27,305 [IPC Server handler 1 on 38744] ERROR pipeline.SCMPipelineManager (SCMPipelineManager.java:createPipeline(161)) - Pipeline creation failed due to exception: Unable to find enough nodes that meet the criteria that cannot engage in more than 5 pipelines. Nodes required: 3 Found: 0, healthy nodes count inNodeManager: 5.
2019-09-20 08:53:27,297 | ERROR | OMAudit | user=jenkins1000 | ip=127.0.0.1 | op=ALLOCATE_KEY {volume=vol-0-45551, bucket=bucket-3-36751, key=key-0-91859, dataSize=10240, replicationType=RATIS, replicationFactor=THREE, keyLocationInfo=null} | ret=FAILURE | org.apache.hadoop.hdds.scm.exceptions.SCMException: Allocated 0 blocks. Requested 1 blocks
	at org.apache.hadoop.hdds.scm.protocolPB.ScmBlockLocationProtocolClientSideTranslatorPB.handleError(ScmBlockLocationProtocolClientSideTranslatorPB.java:118)
	at org.apache.hadoop.hdds.scm.protocolPB.ScmBlockLocationProtocolClientSideTranslatorPB.allocateBlock(ScmBlockLocationProtocolClientSideTranslatorPB.java:156) 
2019-09-20 08:53:27,305 [IPC Server handler 1 on 38744] WARN  block.BlockManagerImpl (BlockManagerImpl.java:allocateBlock(192)) - Pipeline creation failed for type:RATIS factor:THREE. Retrying get pipelines call once.
org.apache.hadoop.hdds.scm.exceptions.SCMException: Unable to find enough nodes that meet the criteria that cannot engage in more than 5 pipelines. Nodes required: 3 Found: 0, healthy nodes count inNodeManager: 5.
	at org.apache.hadoop.hdds.scm.pipeline.PipelinePlacementPolicy.filterViableNodes(PipelinePlacementPolicy.java:149)
	at org.apache.hadoop.hdds.scm.pipeline.PipelinePlacementPolicy.chooseDatanodes(PipelinePlacementPolicy.java:172)
	at org.apache.hadoop.hdds.scm.pipeline.RatisPipelineProvider.create(RatisPipelineProvider.java:92)
	at org.apache.hadoop.hdds.scm.pipeline.PipelineFactory.create(PipelineFactory.java:57)
	at org.apache.hadoop.hdds.scm.pipeline.SCMPipelineManager.createPipeline(SCMPipelineManager.java:149)
	at org.apache.hadoop.hdds.scm.block.BlockManagerImpl.allocateBlock(BlockManagerImpl.java:190)
	at org.apache.hadoop.hdds.scm.server.SCMBlockProtocolServer.allocateBlock(SCMBlockProtocolServer.java:175)
	at org.apache.hadoop.ozone.protocolPB.ScmBlockLocationProtocolServerSideTranslatorPB.allocateScmBlock(ScmBlockLocationProtocolServerSideTranslatorPB.java:153)
	at org.apache.hadoop.ozone.protocolPB.ScmBlockLocationProtocolServerSideTranslatorPB.send(ScmBlockLocationProtocolServerSideTranslatorPB.java:112)
	at org.apache.hadoop.hdds.protocol.proto.ScmBlockLocationProtocolProtos$ScmBlockLocationProtocolService$2.callBlockingMethod(ScmBlockLocationProtocolProtos.java:13157)
	at org.apache.hadoop.ipc.ProtobufRpcEngine$Server$ProtoBufRpcInvoker.call(ProtobufRpcEngine.java:524)
	at org.apache.hadoop.ipc.RPC$Server.call(RPC.java:1025)
	at org.apache.hadoop.ipc.Server$RpcCall.run(Server.java:876)
	at org.apache.hadoop.ipc.Server$RpcCall.run(Server.java:822)
	at java.security.AccessController.doPrivileged(Native Method)
	at javax.security.auth.Subject.doAs(Subject.java:422)
	at org.apache.hadoop.security.UserGroupInformation.doAs(UserGroupInformation.java:1730)
	at org.apache.hadoop.ipc.Server$Handler.run(Server.java:2682)
2019-09-20 08:53:27,306 [pool-80-thread-5] ERROR freon.RandomKeyGenerator (RandomKeyGenerator.java:createKey(724)) - Exception while adding key: key-0-04674 in bucket: bucket-2-06097 of volume: vol-1-75199.
INTERNAL_ERROR org.apache.hadoop.ozone.om.exceptions.OMException: Allocated 0 blocks. Requested 1 blocks
	at org.apache.hadoop.ozone.om.protocolPB.OzoneManagerProtocolClientSideTranslatorPB.handleError(OzoneManagerProtocolClientSideTranslatorPB.java:725)
	at org.apache.hadoop.ozone.om.protocolPB.OzoneManagerProtocolClientSideTranslatorPB.openKey(OzoneManagerProtocolClientSideTranslatorPB.java:716)
	at org.apache.hadoop.ozone.client.rpc.RpcClient.createKey(RpcClient.java:615)
	at org.apache.hadoop.ozone.client.OzoneBucket.createKey(OzoneBucket.java:323)
	at org.apache.hadoop.ozone.freon.RandomKeyGenerator.createKey(RandomKeyGenerator.java:686)
	at org.apache.hadoop.ozone.freon.RandomKeyGenerator.access$1100(RandomKeyGenerator.java:87)
	at org.apache.hadoop.ozone.freon.RandomKeyGenerator$ObjectCreator.run(RandomKeyGenerator.java:606)
	at java.util.concurrent.Executors$RunnableAdapter.call(Executors.java:511)
	at java.util.concurrent.FutureTask.run(FutureTask.java:266)
	at java.util.concurrent.ThreadPoolExecutor.runWorker(ThreadPoolExecutor.java:1149)
	at java.util.concurrent.ThreadPoolExecutor$Worker.run(ThreadPoolExecutor.java:624)
	at java.lang.Thread.run(Thread.java:748)
2019-09-20 08:53:27,305 [IPC Server handler 8 on 38744] INFO  pipeline.PipelinePlacementPolicy (PipelinePlacementPolicy.java:meetCriteria(91)) - Pipeline Placement: Doesn't meet the criteria to be viable node： 93e6190b-41b6-4f2c-abfa-7324859860a0 Heaviness: 6 limit: 5
2019-09-20 08:53:27,306 [pool-80-thread-10] ERROR freon.RandomKeyGenerator (RandomKeyGenerator.java:createKey(724)) - Exception while adding key: key-0-79581 in bucket: bucket-3-15044 of volume: vol-1-75199.
INTERNAL_ERROR org.apache.hadoop.ozone.om.exceptions.OMException: Allocated 0 blocks. Requested 1 blocks
	at org.apache.hadoop.ozone.om.protocolPB.OzoneManagerProtocolClientSideTranslatorPB.handleError(OzoneManagerProtocolClientSideTranslatorPB.java:725)
	at org.apache.hadoop.ozone.om.protocolPB.OzoneManagerProtocolClientSideTranslatorPB.openKey(OzoneManagerProtocolClientSideTranslatorPB.java:716)
	at org.apache.hadoop.ozone.client.rpc.RpcClient.createKey(RpcClient.java:615)
	at org.apache.hadoop.ozone.client.OzoneBucket.createKey(OzoneBucket.java:323)
	at org.apache.hadoop.ozone.freon.RandomKeyGenerator.createKey(RandomKeyGenerator.java:686)
	at org.apache.hadoop.ozone.freon.RandomKeyGenerator.access$1100(RandomKeyGenerator.java:87)
	at org.apache.hadoop.ozone.freon.RandomKeyGenerator$ObjectCreator.run(RandomKeyGenerator.java:606)
	at java.util.concurrent.Executors$RunnableAdapter.call(Executors.java:511)
	at java.util.concurrent.FutureTask.run(FutureTask.java:266)
	at java.util.concurrent.ThreadPoolExecutor.runWorker(ThreadPoolExecutor.java:1149)
	at java.util.concurrent.ThreadPoolExecutor$Worker.run(ThreadPoolExecutor.java:624)
	at java.lang.Thread.run(Thread.java:748)
2019-09-20 08:53:27,307 [IPC Server handler 8 on 38744] INFO  pipeline.PipelinePlacementPolicy (PipelinePlacementPolicy.java:meetCriteria(91)) - Pipeline Placement: Doesn't meet the criteria to be viable node： b44e7e57-9837-469e-aba7-9d7779212b32 Heaviness: 6 limit: 5
2019-09-20 08:53:27,307 [IPC Server handler 8 on 38744] INFO  pipeline.PipelinePlacementPolicy (PipelinePlacementPolicy.java:meetCriteria(91)) - Pipeline Placement: Doesn't meet the criteria to be viable node： f78c6f6f-b83c-4bef-83c8-4f247fc2f9cb Heaviness: 6 limit: 5
2019-09-20 08:53:27,306 [pool-80-thread-3] ERROR freon.RandomKeyGenerator (RandomKeyGenerator.java:createKey(724)) - Exception while adding key: key-0-91859 in bucket: bucket-3-36751 of volume: vol-0-45551.
INTERNAL_ERROR org.apache.hadoop.ozone.om.exceptions.OMException: Allocated 0 blocks. Requested 1 blocks
	at org.apache.hadoop.ozone.om.protocolPB.OzoneManagerProtocolClientSideTranslatorPB.handleError(OzoneManagerProtocolClientSideTranslatorPB.java:725)
	at org.apache.hadoop.ozone.om.protocolPB.OzoneManagerProtocolClientSideTranslatorPB.openKey(OzoneManagerProtocolClientSideTranslatorPB.java:716)
	at org.apache.hadoop.ozone.client.rpc.RpcClient.createKey(RpcClient.java:615)
	at org.apache.hadoop.ozone.client.OzoneBucket.createKey(OzoneBucket.java:323)
	at org.apache.hadoop.ozone.freon.RandomKeyGenerator.createKey(RandomKeyGenerator.java:686)
	at org.apache.hadoop.ozone.freon.RandomKeyGenerator.access$1100(RandomKeyGenerator.java:87)
	at org.apache.hadoop.ozone.freon.RandomKeyGenerator$ObjectCreator.run(RandomKeyGenerator.java:606)
	at java.util.concurrent.Executors$RunnableAdapter.call(Executors.java:511)
	at java.util.concurrent.FutureTask.run(FutureTask.java:266)
	at java.util.concurrent.ThreadPoolExecutor.runWorker(ThreadPoolExecutor.java:1149)
	at java.util.concurrent.ThreadPoolExecutor$Worker.run(ThreadPoolExecutor.java:624)
	at java.lang.Thread.run(Thread.java:748)
2019-09-20 08:53:27,307 [IPC Server handler 8 on 38744] INFO  pipeline.PipelinePlacementPolicy (PipelinePlacementPolicy.java:meetCriteria(91)) - Pipeline Placement: Doesn't meet the criteria to be viable node： 036c7012-de9e-4e05-8743-9a12868644f9 Heaviness: 6 limit: 5
2019-09-20 08:53:27,308 [IPC Server handler 8 on 38744] INFO  pipeline.PipelinePlacementPolicy (PipelinePlacementPolicy.java:meetCriteria(91)) - Pipeline Placement: Doesn't meet the criteria to be viable node： f924f469-4e73-41d9-9d19-420bd0dc75a2 Heaviness: 6 limit: 5
2019-09-20 08:53:27,308 [IPC Server handler 8 on 38744] ERROR pipeline.PipelinePlacementPolicy (PipelinePlacementPolicy.java:filterViableNodes(148)) - Unable to find enough nodes that meet the criteria that cannot engage in more than 5 pipelines. Nodes required: 3 Found: 0, healthy nodes count inNodeManager: 5.
2019-09-20 08:53:27,308 [IPC Server handler 8 on 38744] ERROR pipeline.SCMPipelineManager (SCMPipelineManager.java:createPipeline(161)) - Pipeline creation failed due to exception: Unable to find enough nodes that meet the criteria that cannot engage in more than 5 pipelines. Nodes required: 3 Found: 0, healthy nodes count inNodeManager: 5.
2019-09-20 08:53:27,309 [IPC Server handler 8 on 38744] WARN  block.BlockManagerImpl (BlockManagerImpl.java:allocateBlock(192)) - Pipeline creation failed for type:RATIS factor:THREE. Retrying get pipelines call once.
org.apache.hadoop.hdds.scm.exceptions.SCMException: Unable to find enough nodes that meet the criteria that cannot engage in more than 5 pipelines. Nodes required: 3 Found: 0, healthy nodes count inNodeManager: 5.
	at org.apache.hadoop.hdds.scm.pipeline.PipelinePlacementPolicy.filterViableNodes(PipelinePlacementPolicy.java:149)
	at org.apache.hadoop.hdds.scm.pipeline.PipelinePlacementPolicy.chooseDatanodes(PipelinePlacementPolicy.java:172)
	at org.apache.hadoop.hdds.scm.pipeline.RatisPipelineProvider.create(RatisPipelineProvider.java:92)
	at org.apache.hadoop.hdds.scm.pipeline.PipelineFactory.create(PipelineFactory.java:57)
	at org.apache.hadoop.hdds.scm.pipeline.SCMPipelineManager.createPipeline(SCMPipelineManager.java:149)
	at org.apache.hadoop.hdds.scm.block.BlockManagerImpl.allocateBlock(BlockManagerImpl.java:190)
	at org.apache.hadoop.hdds.scm.server.SCMBlockProtocolServer.allocateBlock(SCMBlockProtocolServer.java:175)
	at org.apache.hadoop.ozone.protocolPB.ScmBlockLocationProtocolServerSideTranslatorPB.allocateScmBlock(ScmBlockLocationProtocolServerSideTranslatorPB.java:153)
	at org.apache.hadoop.ozone.protocolPB.ScmBlockLocationProtocolServerSideTranslatorPB.send(ScmBlockLocationProtocolServerSideTranslatorPB.java:112)
	at org.apache.hadoop.hdds.protocol.proto.ScmBlockLocationProtocolProtos$ScmBlockLocationProtocolService$2.callBlockingMethod(ScmBlockLocationProtocolProtos.java:13157)
	at org.apache.hadoop.ipc.ProtobufRpcEngine$Server$ProtoBufRpcInvoker.call(ProtobufRpcEngine.java:524)
	at org.apache.hadoop.ipc.RPC$Server.call(RPC.java:1025)
	at org.apache.hadoop.ipc.Server$RpcCall.run(Server.java:876)
	at org.apache.hadoop.ipc.Server$RpcCall.run(Server.java:822)
	at java.security.AccessController.doPrivileged(Native Method)
	at javax.security.auth.Subject.doAs(Subject.java:422)
	at org.apache.hadoop.security.UserGroupInformation.doAs(UserGroupInformation.java:1730)
	at org.apache.hadoop.ipc.Server$Handler.run(Server.java:2682)
2019-09-20 08:53:27,309 [IPC Server handler 6 on 38744] INFO  pipeline.PipelinePlacementPolicy (PipelinePlacementPolicy.java:meetCriteria(91)) - Pipeline Placement: Doesn't meet the criteria to be viable node： 93e6190b-41b6-4f2c-abfa-7324859860a0 Heaviness: 6 limit: 5
2019-09-20 08:53:27,309 [IPC Server handler 1 on 38744] INFO  block.BlockManagerImpl (BlockManagerImpl.java:allocateBlock(198)) - Could not find available pipeline of type:RATIS and factor:THREE even after retrying
2019-09-20 08:53:27,309 [IPC Server handler 4 on 38744] INFO  block.BlockManagerImpl (BlockManagerImpl.java:allocateBlock(198)) - Could not find available pipeline of type:RATIS and factor:THREE even after retrying
2019-09-20 08:53:27,309 [IPC Server handler 1 on 38744] ERROR block.BlockManagerImpl (BlockManagerImpl.java:allocateBlock(222)) - Unable to allocate a block for the size: 4194304, type: RATIS, factor: THREE
2019-09-20 08:53:27,310 | INFO  | SCMAudit | user=jenkins1000 | ip=192.168.36.79 | op=ALLOCATE_BLOCK {owner=c318fcb2-a2a7-462c-bde4-c48d09afc4b6, size=4194304, type=RATIS, factor=THREE} | ret=SUCCESS |  
2019-09-20 08:53:27,309 [IPC Server handler 6 on 38744] INFO  pipeline.PipelinePlacementPolicy (PipelinePlacementPolicy.java:meetCriteria(91)) - Pipeline Placement: Doesn't meet the criteria to be viable node： b44e7e57-9837-469e-aba7-9d7779212b32 Heaviness: 6 limit: 5
2019-09-20 08:53:27,310 [IPC Server handler 4 on 38744] ERROR block.BlockManagerImpl (BlockManagerImpl.java:allocateBlock(222)) - Unable to allocate a block for the size: 4194304, type: RATIS, factor: THREE
2019-09-20 08:53:27,310 | INFO  | SCMAudit | user=jenkins1000 | ip=192.168.36.79 | op=ALLOCATE_BLOCK {owner=c318fcb2-a2a7-462c-bde4-c48d09afc4b6, size=4194304, type=RATIS, factor=THREE} | ret=SUCCESS |  
2019-09-20 08:53:27,310 [IPC Server handler 6 on 38744] INFO  pipeline.PipelinePlacementPolicy (PipelinePlacementPolicy.java:meetCriteria(91)) - Pipeline Placement: Doesn't meet the criteria to be viable node： f78c6f6f-b83c-4bef-83c8-4f247fc2f9cb Heaviness: 6 limit: 5
2019-09-20 08:53:27,310 [IPC Server handler 6 on 38744] INFO  pipeline.PipelinePlacementPolicy (PipelinePlacementPolicy.java:meetCriteria(91)) - Pipeline Placement: Doesn't meet the criteria to be viable node： 036c7012-de9e-4e05-8743-9a12868644f9 Heaviness: 6 limit: 5
2019-09-20 08:53:27,311 [IPC Server handler 6 on 38744] INFO  pipeline.PipelinePlacementPolicy (PipelinePlacementPolicy.java:meetCriteria(91)) - Pipeline Placement: Doesn't meet the criteria to be viable node： f924f469-4e73-41d9-9d19-420bd0dc75a2 Heaviness: 6 limit: 5
2019-09-20 08:53:27,311 [IPC Server handler 6 on 38744] ERROR pipeline.PipelinePlacementPolicy (PipelinePlacementPolicy.java:filterViableNodes(148)) - Unable to find enough nodes that meet the criteria that cannot engage in more than 5 pipelines. Nodes required: 3 Found: 0, healthy nodes count inNodeManager: 5.
2019-09-20 08:53:27,311 | ERROR | OMAudit | user=jenkins1000 | ip=127.0.0.1 | op=ALLOCATE_KEY {volume=vol-1-75199, bucket=bucket-4-46139, key=key-0-73764, dataSize=10240, replicationType=RATIS, replicationFactor=THREE, keyLocationInfo=null} | ret=FAILURE | org.apache.hadoop.hdds.scm.exceptions.SCMException: Allocated 0 blocks. Requested 1 blocks
	at org.apache.hadoop.hdds.scm.protocolPB.ScmBlockLocationProtocolClientSideTranslatorPB.handleError(ScmBlockLocationProtocolClientSideTranslatorPB.java:118)
	at org.apache.hadoop.hdds.scm.protocolPB.ScmBlockLocationProtocolClientSideTranslatorPB.allocateBlock(ScmBlockLocationProtocolClientSideTranslatorPB.java:156) 
2019-09-20 08:53:27,311 [IPC Server handler 6 on 38744] ERROR pipeline.SCMPipelineManager (SCMPipelineManager.java:createPipeline(161)) - Pipeline creation failed due to exception: Unable to find enough nodes that meet the criteria that cannot engage in more than 5 pipelines. Nodes required: 3 Found: 0, healthy nodes count inNodeManager: 5.
2019-09-20 08:53:27,311 | ERROR | OMAudit | user=jenkins1000 | ip=127.0.0.1 | op=ALLOCATE_KEY {volume=vol-0-45551, bucket=bucket-1-78790, key=key-0-33048, dataSize=10240, replicationType=RATIS, replicationFactor=THREE, keyLocationInfo=null} | ret=FAILURE | org.apache.hadoop.hdds.scm.exceptions.SCMException: Allocated 0 blocks. Requested 1 blocks
	at org.apache.hadoop.hdds.scm.protocolPB.ScmBlockLocationProtocolClientSideTranslatorPB.handleError(ScmBlockLocationProtocolClientSideTranslatorPB.java:118)
	at org.apache.hadoop.hdds.scm.protocolPB.ScmBlockLocationProtocolClientSideTranslatorPB.allocateBlock(ScmBlockLocationProtocolClientSideTranslatorPB.java:156) 
2019-09-20 08:53:27,311 [IPC Server handler 6 on 38744] WARN  block.BlockManagerImpl (BlockManagerImpl.java:allocateBlock(192)) - Pipeline creation failed for type:RATIS factor:THREE. Retrying get pipelines call once.
org.apache.hadoop.hdds.scm.exceptions.SCMException: Unable to find enough nodes that meet the criteria that cannot engage in more than 5 pipelines. Nodes required: 3 Found: 0, healthy nodes count inNodeManager: 5.
	at org.apache.hadoop.hdds.scm.pipeline.PipelinePlacementPolicy.filterViableNodes(PipelinePlacementPolicy.java:149)
	at org.apache.hadoop.hdds.scm.pipeline.PipelinePlacementPolicy.chooseDatanodes(PipelinePlacementPolicy.java:172)
	at org.apache.hadoop.hdds.scm.pipeline.RatisPipelineProvider.create(RatisPipelineProvider.java:92)
	at org.apache.hadoop.hdds.scm.pipeline.PipelineFactory.create(PipelineFactory.java:57)
	at org.apache.hadoop.hdds.scm.pipeline.SCMPipelineManager.createPipeline(SCMPipelineManager.java:149)
	at org.apache.hadoop.hdds.scm.block.BlockManagerImpl.allocateBlock(BlockManagerImpl.java:190)
	at org.apache.hadoop.hdds.scm.server.SCMBlockProtocolServer.allocateBlock(SCMBlockProtocolServer.java:175)
	at org.apache.hadoop.ozone.protocolPB.ScmBlockLocationProtocolServerSideTranslatorPB.allocateScmBlock(ScmBlockLocationProtocolServerSideTranslatorPB.java:153)
	at org.apache.hadoop.ozone.protocolPB.ScmBlockLocationProtocolServerSideTranslatorPB.send(ScmBlockLocationProtocolServerSideTranslatorPB.java:112)
	at org.apache.hadoop.hdds.protocol.proto.ScmBlockLocationProtocolProtos$ScmBlockLocationProtocolService$2.callBlockingMethod(ScmBlockLocationProtocolProtos.java:13157)
	at org.apache.hadoop.ipc.ProtobufRpcEngine$Server$ProtoBufRpcInvoker.call(ProtobufRpcEngine.java:524)
	at org.apache.hadoop.ipc.RPC$Server.call(RPC.java:1025)
	at org.apache.hadoop.ipc.Server$RpcCall.run(Server.java:876)
	at org.apache.hadoop.ipc.Server$RpcCall.run(Server.java:822)
	at java.security.AccessController.doPrivileged(Native Method)
	at javax.security.auth.Subject.doAs(Subject.java:422)
	at org.apache.hadoop.security.UserGroupInformation.doAs(UserGroupInformation.java:1730)
	at org.apache.hadoop.ipc.Server$Handler.run(Server.java:2682)
2019-09-20 08:53:27,312 [pool-80-thread-2] ERROR freon.RandomKeyGenerator (RandomKeyGenerator.java:createKey(724)) - Exception while adding key: key-0-33048 in bucket: bucket-1-78790 of volume: vol-0-45551.
INTERNAL_ERROR org.apache.hadoop.ozone.om.exceptions.OMException: Allocated 0 blocks. Requested 1 blocks
	at org.apache.hadoop.ozone.om.protocolPB.OzoneManagerProtocolClientSideTranslatorPB.handleError(OzoneManagerProtocolClientSideTranslatorPB.java:725)
	at org.apache.hadoop.ozone.om.protocolPB.OzoneManagerProtocolClientSideTranslatorPB.openKey(OzoneManagerProtocolClientSideTranslatorPB.java:716)
	at org.apache.hadoop.ozone.client.rpc.RpcClient.createKey(RpcClient.java:615)
	at org.apache.hadoop.ozone.client.OzoneBucket.createKey(OzoneBucket.java:323)
	at org.apache.hadoop.ozone.freon.RandomKeyGenerator.createKey(RandomKeyGenerator.java:686)
	at org.apache.hadoop.ozone.freon.RandomKeyGenerator.access$1100(RandomKeyGenerator.java:87)
	at org.apache.hadoop.ozone.freon.RandomKeyGenerator$ObjectCreator.run(RandomKeyGenerator.java:606)
	at java.util.concurrent.Executors$RunnableAdapter.call(Executors.java:511)
	at java.util.concurrent.FutureTask.run(FutureTask.java:266)
	at java.util.concurrent.ThreadPoolExecutor.runWorker(ThreadPoolExecutor.java:1149)
	at java.util.concurrent.ThreadPoolExecutor$Worker.run(ThreadPoolExecutor.java:624)
	at java.lang.Thread.run(Thread.java:748)
2019-09-20 08:53:27,312 [pool-80-thread-6] ERROR freon.RandomKeyGenerator (RandomKeyGenerator.java:createKey(724)) - Exception while adding key: key-0-73764 in bucket: bucket-4-46139 of volume: vol-1-75199.
INTERNAL_ERROR org.apache.hadoop.ozone.om.exceptions.OMException: Allocated 0 blocks. Requested 1 blocks
	at org.apache.hadoop.ozone.om.protocolPB.OzoneManagerProtocolClientSideTranslatorPB.handleError(OzoneManagerProtocolClientSideTranslatorPB.java:725)
	at org.apache.hadoop.ozone.om.protocolPB.OzoneManagerProtocolClientSideTranslatorPB.openKey(OzoneManagerProtocolClientSideTranslatorPB.java:716)
	at org.apache.hadoop.ozone.client.rpc.RpcClient.createKey(RpcClient.java:615)
	at org.apache.hadoop.ozone.client.OzoneBucket.createKey(OzoneBucket.java:323)
	at org.apache.hadoop.ozone.freon.RandomKeyGenerator.createKey(RandomKeyGenerator.java:686)
	at org.apache.hadoop.ozone.freon.RandomKeyGenerator.access$1100(RandomKeyGenerator.java:87)
	at org.apache.hadoop.ozone.freon.RandomKeyGenerator$ObjectCreator.run(RandomKeyGenerator.java:606)
	at java.util.concurrent.Executors$RunnableAdapter.call(Executors.java:511)
	at java.util.concurrent.FutureTask.run(FutureTask.java:266)
	at java.util.concurrent.ThreadPoolExecutor.runWorker(ThreadPoolExecutor.java:1149)
	at java.util.concurrent.ThreadPoolExecutor$Worker.run(ThreadPoolExecutor.java:624)
	at java.lang.Thread.run(Thread.java:748)
2019-09-20 08:53:27,311 [IPC Server handler 9 on 38744] INFO  pipeline.PipelinePlacementPolicy (PipelinePlacementPolicy.java:meetCriteria(91)) - Pipeline Placement: Doesn't meet the criteria to be viable node： 93e6190b-41b6-4f2c-abfa-7324859860a0 Heaviness: 6 limit: 5
2019-09-20 08:53:27,311 [IPC Server handler 8 on 38744] INFO  block.BlockManagerImpl (BlockManagerImpl.java:allocateBlock(198)) - Could not find available pipeline of type:RATIS and factor:THREE even after retrying
2019-09-20 08:53:27,313 [IPC Server handler 9 on 38744] INFO  pipeline.PipelinePlacementPolicy (PipelinePlacementPolicy.java:meetCriteria(91)) - Pipeline Placement: Doesn't meet the criteria to be viable node： b44e7e57-9837-469e-aba7-9d7779212b32 Heaviness: 6 limit: 5
2019-09-20 08:53:27,313 [IPC Server handler 8 on 38744] ERROR block.BlockManagerImpl (BlockManagerImpl.java:allocateBlock(222)) - Unable to allocate a block for the size: 4194304, type: RATIS, factor: THREE
2019-09-20 08:53:27,314 [IPC Server handler 9 on 38744] INFO  pipeline.PipelinePlacementPolicy (PipelinePlacementPolicy.java:meetCriteria(91)) - Pipeline Placement: Doesn't meet the criteria to be viable node： f78c6f6f-b83c-4bef-83c8-4f247fc2f9cb Heaviness: 6 limit: 5
2019-09-20 08:53:27,314 | INFO  | SCMAudit | user=jenkins1000 | ip=192.168.36.79 | op=ALLOCATE_BLOCK {owner=c318fcb2-a2a7-462c-bde4-c48d09afc4b6, size=4194304, type=RATIS, factor=THREE} | ret=SUCCESS |  
2019-09-20 08:53:27,314 [IPC Server handler 9 on 38744] INFO  pipeline.PipelinePlacementPolicy (PipelinePlacementPolicy.java:meetCriteria(91)) - Pipeline Placement: Doesn't meet the criteria to be viable node： 036c7012-de9e-4e05-8743-9a12868644f9 Heaviness: 6 limit: 5
2019-09-20 08:53:27,314 [IPC Server handler 9 on 38744] INFO  pipeline.PipelinePlacementPolicy (PipelinePlacementPolicy.java:meetCriteria(91)) - Pipeline Placement: Doesn't meet the criteria to be viable node： f924f469-4e73-41d9-9d19-420bd0dc75a2 Heaviness: 6 limit: 5
2019-09-20 08:53:27,314 [IPC Server handler 9 on 38744] ERROR pipeline.PipelinePlacementPolicy (PipelinePlacementPolicy.java:filterViableNodes(148)) - Unable to find enough nodes that meet the criteria that cannot engage in more than 5 pipelines. Nodes required: 3 Found: 0, healthy nodes count inNodeManager: 5.
2019-09-20 08:53:27,314 [IPC Server handler 9 on 38744] ERROR pipeline.SCMPipelineManager (SCMPipelineManager.java:createPipeline(161)) - Pipeline creation failed due to exception: Unable to find enough nodes that meet the criteria that cannot engage in more than 5 pipelines. Nodes required: 3 Found: 0, healthy nodes count inNodeManager: 5.
2019-09-20 08:53:27,314 | ERROR | OMAudit | user=jenkins1000 | ip=127.0.0.1 | op=ALLOCATE_KEY {volume=vol-1-75199, bucket=bucket-1-75208, key=key-0-72917, dataSize=10240, replicationType=RATIS, replicationFactor=THREE, keyLocationInfo=null} | ret=FAILURE | org.apache.hadoop.hdds.scm.exceptions.SCMException: Allocated 0 blocks. Requested 1 blocks
	at org.apache.hadoop.hdds.scm.protocolPB.ScmBlockLocationProtocolClientSideTranslatorPB.handleError(ScmBlockLocationProtocolClientSideTranslatorPB.java:118)
	at org.apache.hadoop.hdds.scm.protocolPB.ScmBlockLocationProtocolClientSideTranslatorPB.allocateBlock(ScmBlockLocationProtocolClientSideTranslatorPB.java:156) 
2019-09-20 08:53:27,315 [IPC Server handler 9 on 38744] WARN  block.BlockManagerImpl (BlockManagerImpl.java:allocateBlock(192)) - Pipeline creation failed for type:RATIS factor:THREE. Retrying get pipelines call once.
org.apache.hadoop.hdds.scm.exceptions.SCMException: Unable to find enough nodes that meet the criteria that cannot engage in more than 5 pipelines. Nodes required: 3 Found: 0, healthy nodes count inNodeManager: 5.
	at org.apache.hadoop.hdds.scm.pipeline.PipelinePlacementPolicy.filterViableNodes(PipelinePlacementPolicy.java:149)
	at org.apache.hadoop.hdds.scm.pipeline.PipelinePlacementPolicy.chooseDatanodes(PipelinePlacementPolicy.java:172)
	at org.apache.hadoop.hdds.scm.pipeline.RatisPipelineProvider.create(RatisPipelineProvider.java:92)
	at org.apache.hadoop.hdds.scm.pipeline.PipelineFactory.create(PipelineFactory.java:57)
	at org.apache.hadoop.hdds.scm.pipeline.SCMPipelineManager.createPipeline(SCMPipelineManager.java:149)
	at org.apache.hadoop.hdds.scm.block.BlockManagerImpl.allocateBlock(BlockManagerImpl.java:190)
	at org.apache.hadoop.hdds.scm.server.SCMBlockProtocolServer.allocateBlock(SCMBlockProtocolServer.java:175)
	at org.apache.hadoop.ozone.protocolPB.ScmBlockLocationProtocolServerSideTranslatorPB.allocateScmBlock(ScmBlockLocationProtocolServerSideTranslatorPB.java:153)
	at org.apache.hadoop.ozone.protocolPB.ScmBlockLocationProtocolServerSideTranslatorPB.send(ScmBlockLocationProtocolServerSideTranslatorPB.java:112)
	at org.apache.hadoop.hdds.protocol.proto.ScmBlockLocationProtocolProtos$ScmBlockLocationProtocolService$2.callBlockingMethod(ScmBlockLocationProtocolProtos.java:13157)
	at org.apache.hadoop.ipc.ProtobufRpcEngine$Server$ProtoBufRpcInvoker.call(ProtobufRpcEngine.java:524)
	at org.apache.hadoop.ipc.RPC$Server.call(RPC.java:1025)
	at org.apache.hadoop.ipc.Server$RpcCall.run(Server.java:876)
	at org.apache.hadoop.ipc.Server$RpcCall.run(Server.java:822)
	at java.security.AccessController.doPrivileged(Native Method)
	at javax.security.auth.Subject.doAs(Subject.java:422)
	at org.apache.hadoop.security.UserGroupInformation.doAs(UserGroupInformation.java:1730)
	at org.apache.hadoop.ipc.Server$Handler.run(Server.java:2682)
2019-09-20 08:53:27,315 [IPC Server handler 15 on 38744] INFO  pipeline.PipelinePlacementPolicy (PipelinePlacementPolicy.java:meetCriteria(91)) - Pipeline Placement: Doesn't meet the criteria to be viable node： 93e6190b-41b6-4f2c-abfa-7324859860a0 Heaviness: 6 limit: 5
2019-09-20 08:53:27,315 [IPC Server handler 15 on 38744] INFO  pipeline.PipelinePlacementPolicy (PipelinePlacementPolicy.java:meetCriteria(91)) - Pipeline Placement: Doesn't meet the criteria to be viable node： b44e7e57-9837-469e-aba7-9d7779212b32 Heaviness: 6 limit: 5
2019-09-20 08:53:27,315 [IPC Server handler 6 on 38744] INFO  block.BlockManagerImpl (BlockManagerImpl.java:allocateBlock(198)) - Could not find available pipeline of type:RATIS and factor:THREE even after retrying
2019-09-20 08:53:27,315 [pool-80-thread-9] ERROR freon.RandomKeyGenerator (RandomKeyGenerator.java:createKey(724)) - Exception while adding key: key-0-72917 in bucket: bucket-1-75208 of volume: vol-1-75199.
INTERNAL_ERROR org.apache.hadoop.ozone.om.exceptions.OMException: Allocated 0 blocks. Requested 1 blocks
	at org.apache.hadoop.ozone.om.protocolPB.OzoneManagerProtocolClientSideTranslatorPB.handleError(OzoneManagerProtocolClientSideTranslatorPB.java:725)
	at org.apache.hadoop.ozone.om.protocolPB.OzoneManagerProtocolClientSideTranslatorPB.openKey(OzoneManagerProtocolClientSideTranslatorPB.java:716)
	at org.apache.hadoop.ozone.client.rpc.RpcClient.createKey(RpcClient.java:615)
	at org.apache.hadoop.ozone.client.OzoneBucket.createKey(OzoneBucket.java:323)
	at org.apache.hadoop.ozone.freon.RandomKeyGenerator.createKey(RandomKeyGenerator.java:686)
	at org.apache.hadoop.ozone.freon.RandomKeyGenerator.access$1100(RandomKeyGenerator.java:87)
	at org.apache.hadoop.ozone.freon.RandomKeyGenerator$ObjectCreator.run(RandomKeyGenerator.java:606)
	at java.util.concurrent.Executors$RunnableAdapter.call(Executors.java:511)
	at java.util.concurrent.FutureTask.run(FutureTask.java:266)
	at java.util.concurrent.ThreadPoolExecutor.runWorker(ThreadPoolExecutor.java:1149)
	at java.util.concurrent.ThreadPoolExecutor$Worker.run(ThreadPoolExecutor.java:624)
	at java.lang.Thread.run(Thread.java:748)
2019-09-20 08:53:27,315 [IPC Server handler 15 on 38744] INFO  pipeline.PipelinePlacementPolicy (PipelinePlacementPolicy.java:meetCriteria(91)) - Pipeline Placement: Doesn't meet the criteria to be viable node： f78c6f6f-b83c-4bef-83c8-4f247fc2f9cb Heaviness: 6 limit: 5
2019-09-20 08:53:27,316 [IPC Server handler 15 on 38744] INFO  pipeline.PipelinePlacementPolicy (PipelinePlacementPolicy.java:meetCriteria(91)) - Pipeline Placement: Doesn't meet the criteria to be viable node： 036c7012-de9e-4e05-8743-9a12868644f9 Heaviness: 6 limit: 5
2019-09-20 08:53:27,316 [IPC Server handler 6 on 38744] ERROR block.BlockManagerImpl (BlockManagerImpl.java:allocateBlock(222)) - Unable to allocate a block for the size: 4194304, type: RATIS, factor: THREE
2019-09-20 08:53:27,316 [IPC Server handler 15 on 38744] INFO  pipeline.PipelinePlacementPolicy (PipelinePlacementPolicy.java:meetCriteria(91)) - Pipeline Placement: Doesn't meet the criteria to be viable node： f924f469-4e73-41d9-9d19-420bd0dc75a2 Heaviness: 6 limit: 5
2019-09-20 08:53:27,317 | INFO  | SCMAudit | user=jenkins1000 | ip=192.168.36.79 | op=ALLOCATE_BLOCK {owner=c318fcb2-a2a7-462c-bde4-c48d09afc4b6, size=4194304, type=RATIS, factor=THREE} | ret=SUCCESS |  
2019-09-20 08:53:27,317 [IPC Server handler 15 on 38744] ERROR pipeline.PipelinePlacementPolicy (PipelinePlacementPolicy.java:filterViableNodes(148)) - Unable to find enough nodes that meet the criteria that cannot engage in more than 5 pipelines. Nodes required: 3 Found: 0, healthy nodes count inNodeManager: 5.
2019-09-20 08:53:27,317 [IPC Server handler 15 on 38744] ERROR pipeline.SCMPipelineManager (SCMPipelineManager.java:createPipeline(161)) - Pipeline creation failed due to exception: Unable to find enough nodes that meet the criteria that cannot engage in more than 5 pipelines. Nodes required: 3 Found: 0, healthy nodes count inNodeManager: 5.
2019-09-20 08:53:27,317 [IPC Server handler 15 on 38744] WARN  block.BlockManagerImpl (BlockManagerImpl.java:allocateBlock(192)) - Pipeline creation failed for type:RATIS factor:THREE. Retrying get pipelines call once.
org.apache.hadoop.hdds.scm.exceptions.SCMException: Unable to find enough nodes that meet the criteria that cannot engage in more than 5 pipelines. Nodes required: 3 Found: 0, healthy nodes count inNodeManager: 5.
	at org.apache.hadoop.hdds.scm.pipeline.PipelinePlacementPolicy.filterViableNodes(PipelinePlacementPolicy.java:149)
	at org.apache.hadoop.hdds.scm.pipeline.PipelinePlacementPolicy.chooseDatanodes(PipelinePlacementPolicy.java:172)
	at org.apache.hadoop.hdds.scm.pipeline.RatisPipelineProvider.create(RatisPipelineProvider.java:92)
	at org.apache.hadoop.hdds.scm.pipeline.PipelineFactory.create(PipelineFactory.java:57)
	at org.apache.hadoop.hdds.scm.pipeline.SCMPipelineManager.createPipeline(SCMPipelineManager.java:149)
	at org.apache.hadoop.hdds.scm.block.BlockManagerImpl.allocateBlock(BlockManagerImpl.java:190)
	at org.apache.hadoop.hdds.scm.server.SCMBlockProtocolServer.allocateBlock(SCMBlockProtocolServer.java:175)
	at org.apache.hadoop.ozone.protocolPB.ScmBlockLocationProtocolServerSideTranslatorPB.allocateScmBlock(ScmBlockLocationProtocolServerSideTranslatorPB.java:153)
	at org.apache.hadoop.ozone.protocolPB.ScmBlockLocationProtocolServerSideTranslatorPB.send(ScmBlockLocationProtocolServerSideTranslatorPB.java:112)
	at org.apache.hadoop.hdds.protocol.proto.ScmBlockLocationProtocolProtos$ScmBlockLocationProtocolService$2.callBlockingMethod(ScmBlockLocationProtocolProtos.java:13157)
	at org.apache.hadoop.ipc.ProtobufRpcEngine$Server$ProtoBufRpcInvoker.call(ProtobufRpcEngine.java:524)
	at org.apache.hadoop.ipc.RPC$Server.call(RPC.java:1025)
	at org.apache.hadoop.ipc.Server$RpcCall.run(Server.java:876)
	at org.apache.hadoop.ipc.Server$RpcCall.run(Server.java:822)
	at java.security.AccessController.doPrivileged(Native Method)
	at javax.security.auth.Subject.doAs(Subject.java:422)
	at org.apache.hadoop.security.UserGroupInformation.doAs(UserGroupInformation.java:1730)
	at org.apache.hadoop.ipc.Server$Handler.run(Server.java:2682)
2019-09-20 08:53:27,317 [IPC Server handler 7 on 38744] INFO  pipeline.PipelinePlacementPolicy (PipelinePlacementPolicy.java:meetCriteria(91)) - Pipeline Placement: Doesn't meet the criteria to be viable node： 93e6190b-41b6-4f2c-abfa-7324859860a0 Heaviness: 6 limit: 5
2019-09-20 08:53:27,317 [IPC Server handler 7 on 38744] INFO  pipeline.PipelinePlacementPolicy (PipelinePlacementPolicy.java:meetCriteria(91)) - Pipeline Placement: Doesn't meet the criteria to be viable node： b44e7e57-9837-469e-aba7-9d7779212b32 Heaviness: 6 limit: 5
2019-09-20 08:53:27,317 | ERROR | OMAudit | user=jenkins1000 | ip=127.0.0.1 | op=ALLOCATE_KEY {volume=vol-0-45551, bucket=bucket-0-79668, key=key-0-96328, dataSize=10240, replicationType=RATIS, replicationFactor=THREE, keyLocationInfo=null} | ret=FAILURE | org.apache.hadoop.hdds.scm.exceptions.SCMException: Allocated 0 blocks. Requested 1 blocks
	at org.apache.hadoop.hdds.scm.protocolPB.ScmBlockLocationProtocolClientSideTranslatorPB.handleError(ScmBlockLocationProtocolClientSideTranslatorPB.java:118)
	at org.apache.hadoop.hdds.scm.protocolPB.ScmBlockLocationProtocolClientSideTranslatorPB.allocateBlock(ScmBlockLocationProtocolClientSideTranslatorPB.java:156) 
2019-09-20 08:53:27,318 [IPC Server handler 7 on 38744] INFO  pipeline.PipelinePlacementPolicy (PipelinePlacementPolicy.java:meetCriteria(91)) - Pipeline Placement: Doesn't meet the criteria to be viable node： f78c6f6f-b83c-4bef-83c8-4f247fc2f9cb Heaviness: 6 limit: 5
2019-09-20 08:53:27,318 [IPC Server handler 7 on 38744] INFO  pipeline.PipelinePlacementPolicy (PipelinePlacementPolicy.java:meetCriteria(91)) - Pipeline Placement: Doesn't meet the criteria to be viable node： 036c7012-de9e-4e05-8743-9a12868644f9 Heaviness: 6 limit: 5
2019-09-20 08:53:27,318 [IPC Server handler 7 on 38744] INFO  pipeline.PipelinePlacementPolicy (PipelinePlacementPolicy.java:meetCriteria(91)) - Pipeline Placement: Doesn't meet the criteria to be viable node： f924f469-4e73-41d9-9d19-420bd0dc75a2 Heaviness: 6 limit: 5
2019-09-20 08:53:27,318 [pool-80-thread-7] ERROR freon.RandomKeyGenerator (RandomKeyGenerator.java:createKey(724)) - Exception while adding key: key-0-96328 in bucket: bucket-0-79668 of volume: vol-0-45551.
INTERNAL_ERROR org.apache.hadoop.ozone.om.exceptions.OMException: Allocated 0 blocks. Requested 1 blocks
	at org.apache.hadoop.ozone.om.protocolPB.OzoneManagerProtocolClientSideTranslatorPB.handleError(OzoneManagerProtocolClientSideTranslatorPB.java:725)
	at org.apache.hadoop.ozone.om.protocolPB.OzoneManagerProtocolClientSideTranslatorPB.openKey(OzoneManagerProtocolClientSideTranslatorPB.java:716)
	at org.apache.hadoop.ozone.client.rpc.RpcClient.createKey(RpcClient.java:615)
	at org.apache.hadoop.ozone.client.OzoneBucket.createKey(OzoneBucket.java:323)
	at org.apache.hadoop.ozone.freon.RandomKeyGenerator.createKey(RandomKeyGenerator.java:686)
	at org.apache.hadoop.ozone.freon.RandomKeyGenerator.access$1100(RandomKeyGenerator.java:87)
	at org.apache.hadoop.ozone.freon.RandomKeyGenerator$ObjectCreator.run(RandomKeyGenerator.java:606)
	at java.util.concurrent.Executors$RunnableAdapter.call(Executors.java:511)
	at java.util.concurrent.FutureTask.run(FutureTask.java:266)
	at java.util.concurrent.ThreadPoolExecutor.runWorker(ThreadPoolExecutor.java:1149)
	at java.util.concurrent.ThreadPoolExecutor$Worker.run(ThreadPoolExecutor.java:624)
	at java.lang.Thread.run(Thread.java:748)
2019-09-20 08:53:27,318 [IPC Server handler 7 on 38744] ERROR pipeline.PipelinePlacementPolicy (PipelinePlacementPolicy.java:filterViableNodes(148)) - Unable to find enough nodes that meet the criteria that cannot engage in more than 5 pipelines. Nodes required: 3 Found: 0, healthy nodes count inNodeManager: 5.
2019-09-20 08:53:27,319 [IPC Server handler 7 on 38744] ERROR pipeline.SCMPipelineManager (SCMPipelineManager.java:createPipeline(161)) - Pipeline creation failed due to exception: Unable to find enough nodes that meet the criteria that cannot engage in more than 5 pipelines. Nodes required: 3 Found: 0, healthy nodes count inNodeManager: 5.
2019-09-20 08:53:27,319 [IPC Server handler 7 on 38744] WARN  block.BlockManagerImpl (BlockManagerImpl.java:allocateBlock(192)) - Pipeline creation failed for type:RATIS factor:THREE. Retrying get pipelines call once.
org.apache.hadoop.hdds.scm.exceptions.SCMException: Unable to find enough nodes that meet the criteria that cannot engage in more than 5 pipelines. Nodes required: 3 Found: 0, healthy nodes count inNodeManager: 5.
	at org.apache.hadoop.hdds.scm.pipeline.PipelinePlacementPolicy.filterViableNodes(PipelinePlacementPolicy.java:149)
	at org.apache.hadoop.hdds.scm.pipeline.PipelinePlacementPolicy.chooseDatanodes(PipelinePlacementPolicy.java:172)
	at org.apache.hadoop.hdds.scm.pipeline.RatisPipelineProvider.create(RatisPipelineProvider.java:92)
	at org.apache.hadoop.hdds.scm.pipeline.PipelineFactory.create(PipelineFactory.java:57)
	at org.apache.hadoop.hdds.scm.pipeline.SCMPipelineManager.createPipeline(SCMPipelineManager.java:149)
	at org.apache.hadoop.hdds.scm.block.BlockManagerImpl.allocateBlock(BlockManagerImpl.java:190)
	at org.apache.hadoop.hdds.scm.server.SCMBlockProtocolServer.allocateBlock(SCMBlockProtocolServer.java:175)
	at org.apache.hadoop.ozone.protocolPB.ScmBlockLocationProtocolServerSideTranslatorPB.allocateScmBlock(ScmBlockLocationProtocolServerSideTranslatorPB.java:153)
	at org.apache.hadoop.ozone.protocolPB.ScmBlockLocationProtocolServerSideTranslatorPB.send(ScmBlockLocationProtocolServerSideTranslatorPB.java:112)
	at org.apache.hadoop.hdds.protocol.proto.ScmBlockLocationProtocolProtos$ScmBlockLocationProtocolService$2.callBlockingMethod(ScmBlockLocationProtocolProtos.java:13157)
	at org.apache.hadoop.ipc.ProtobufRpcEngine$Server$ProtoBufRpcInvoker.call(ProtobufRpcEngine.java:524)
	at org.apache.hadoop.ipc.RPC$Server.call(RPC.java:1025)
	at org.apache.hadoop.ipc.Server$RpcCall.run(Server.java:876)
	at org.apache.hadoop.ipc.Server$RpcCall.run(Server.java:822)
	at java.security.AccessController.doPrivileged(Native Method)
	at javax.security.auth.Subject.doAs(Subject.java:422)
	at org.apache.hadoop.security.UserGroupInformation.doAs(UserGroupInformation.java:1730)
	at org.apache.hadoop.ipc.Server$Handler.run(Server.java:2682)
2019-09-20 08:53:27,320 [IPC Server handler 7 on 38744] INFO  block.BlockManagerImpl (BlockManagerImpl.java:allocateBlock(198)) - Could not find available pipeline of type:RATIS and factor:THREE even after retrying
2019-09-20 08:53:27,319 [IPC Server handler 15 on 38744] INFO  block.BlockManagerImpl (BlockManagerImpl.java:allocateBlock(198)) - Could not find available pipeline of type:RATIS and factor:THREE even after retrying
2019-09-20 08:53:27,319 [IPC Server handler 9 on 38744] INFO  block.BlockManagerImpl (BlockManagerImpl.java:allocateBlock(198)) - Could not find available pipeline of type:RATIS and factor:THREE even after retrying
2019-09-20 08:53:27,320 [IPC Server handler 15 on 38744] ERROR block.BlockManagerImpl (BlockManagerImpl.java:allocateBlock(222)) - Unable to allocate a block for the size: 4194304, type: RATIS, factor: THREE
2019-09-20 08:53:27,320 [IPC Server handler 7 on 38744] ERROR block.BlockManagerImpl (BlockManagerImpl.java:allocateBlock(222)) - Unable to allocate a block for the size: 4194304, type: RATIS, factor: THREE
2019-09-20 08:53:27,320 | INFO  | SCMAudit | user=jenkins1000 | ip=192.168.36.79 | op=ALLOCATE_BLOCK {owner=c318fcb2-a2a7-462c-bde4-c48d09afc4b6, size=4194304, type=RATIS, factor=THREE} | ret=SUCCESS |  
2019-09-20 08:53:27,320 [IPC Server handler 9 on 38744] ERROR block.BlockManagerImpl (BlockManagerImpl.java:allocateBlock(222)) - Unable to allocate a block for the size: 4194304, type: RATIS, factor: THREE
2019-09-20 08:53:27,320 | INFO  | SCMAudit | user=jenkins1000 | ip=192.168.36.79 | op=ALLOCATE_BLOCK {owner=c318fcb2-a2a7-462c-bde4-c48d09afc4b6, size=4194304, type=RATIS, factor=THREE} | ret=SUCCESS |  
2019-09-20 08:53:27,320 | INFO  | SCMAudit | user=jenkins1000 | ip=192.168.36.79 | op=ALLOCATE_BLOCK {owner=c318fcb2-a2a7-462c-bde4-c48d09afc4b6, size=4194304, type=RATIS, factor=THREE} | ret=SUCCESS |  
2019-09-20 08:53:27,321 | ERROR | OMAudit | user=jenkins1000 | ip=127.0.0.1 | op=ALLOCATE_KEY {volume=vol-1-75199, bucket=bucket-0-83329, key=key-0-66779, dataSize=10240, replicationType=RATIS, replicationFactor=THREE, keyLocationInfo=null} | ret=FAILURE | org.apache.hadoop.hdds.scm.exceptions.SCMException: Allocated 0 blocks. Requested 1 blocks
	at org.apache.hadoop.hdds.scm.protocolPB.ScmBlockLocationProtocolClientSideTranslatorPB.handleError(ScmBlockLocationProtocolClientSideTranslatorPB.java:118)
	at org.apache.hadoop.hdds.scm.protocolPB.ScmBlockLocationProtocolClientSideTranslatorPB.allocateBlock(ScmBlockLocationProtocolClientSideTranslatorPB.java:156) 
2019-09-20 08:53:27,321 | ERROR | OMAudit | user=jenkins1000 | ip=127.0.0.1 | op=ALLOCATE_KEY {volume=vol-0-45551, bucket=bucket-4-60179, key=key-0-12423, dataSize=10240, replicationType=RATIS, replicationFactor=THREE, keyLocationInfo=null} | ret=FAILURE | org.apache.hadoop.hdds.scm.exceptions.SCMException: Allocated 0 blocks. Requested 1 blocks
	at org.apache.hadoop.hdds.scm.protocolPB.ScmBlockLocationProtocolClientSideTranslatorPB.handleError(ScmBlockLocationProtocolClientSideTranslatorPB.java:118)
	at org.apache.hadoop.hdds.scm.protocolPB.ScmBlockLocationProtocolClientSideTranslatorPB.allocateBlock(ScmBlockLocationProtocolClientSideTranslatorPB.java:156) 
2019-09-20 08:53:27,321 | ERROR | OMAudit | user=jenkins1000 | ip=127.0.0.1 | op=ALLOCATE_KEY {volume=vol-0-45551, bucket=bucket-2-79361, key=key-0-35713, dataSize=10240, replicationType=RATIS, replicationFactor=THREE, keyLocationInfo=null} | ret=FAILURE | org.apache.hadoop.hdds.scm.exceptions.SCMException: Allocated 0 blocks. Requested 1 blocks
	at org.apache.hadoop.hdds.scm.protocolPB.ScmBlockLocationProtocolClientSideTranslatorPB.handleError(ScmBlockLocationProtocolClientSideTranslatorPB.java:118)
	at org.apache.hadoop.hdds.scm.protocolPB.ScmBlockLocationProtocolClientSideTranslatorPB.allocateBlock(ScmBlockLocationProtocolClientSideTranslatorPB.java:156) 
2019-09-20 08:53:27,322 [pool-80-thread-1] ERROR freon.RandomKeyGenerator (RandomKeyGenerator.java:createKey(724)) - Exception while adding key: key-0-66779 in bucket: bucket-0-83329 of volume: vol-1-75199.
INTERNAL_ERROR org.apache.hadoop.ozone.om.exceptions.OMException: Allocated 0 blocks. Requested 1 blocks
	at org.apache.hadoop.ozone.om.protocolPB.OzoneManagerProtocolClientSideTranslatorPB.handleError(OzoneManagerProtocolClientSideTranslatorPB.java:725)
	at org.apache.hadoop.ozone.om.protocolPB.OzoneManagerProtocolClientSideTranslatorPB.openKey(OzoneManagerProtocolClientSideTranslatorPB.java:716)
	at org.apache.hadoop.ozone.client.rpc.RpcClient.createKey(RpcClient.java:615)
	at org.apache.hadoop.ozone.client.OzoneBucket.createKey(OzoneBucket.java:323)
	at org.apache.hadoop.ozone.freon.RandomKeyGenerator.createKey(RandomKeyGenerator.java:686)
	at org.apache.hadoop.ozone.freon.RandomKeyGenerator.access$1100(RandomKeyGenerator.java:87)
	at org.apache.hadoop.ozone.freon.RandomKeyGenerator$ObjectCreator.run(RandomKeyGenerator.java:606)
	at java.util.concurrent.Executors$RunnableAdapter.call(Executors.java:511)
	at java.util.concurrent.FutureTask.run(FutureTask.java:266)
	at java.util.concurrent.ThreadPoolExecutor.runWorker(ThreadPoolExecutor.java:1149)
	at java.util.concurrent.ThreadPoolExecutor$Worker.run(ThreadPoolExecutor.java:624)
	at java.lang.Thread.run(Thread.java:748)
2019-09-20 08:53:27,322 [pool-80-thread-8] ERROR freon.RandomKeyGenerator (RandomKeyGenerator.java:createKey(724)) - Exception while adding key: key-0-12423 in bucket: bucket-4-60179 of volume: vol-0-45551.
INTERNAL_ERROR org.apache.hadoop.ozone.om.exceptions.OMException: Allocated 0 blocks. Requested 1 blocks
	at org.apache.hadoop.ozone.om.protocolPB.OzoneManagerProtocolClientSideTranslatorPB.handleError(OzoneManagerProtocolClientSideTranslatorPB.java:725)
	at org.apache.hadoop.ozone.om.protocolPB.OzoneManagerProtocolClientSideTranslatorPB.openKey(OzoneManagerProtocolClientSideTranslatorPB.java:716)
	at org.apache.hadoop.ozone.client.rpc.RpcClient.createKey(RpcClient.java:615)
	at org.apache.hadoop.ozone.client.OzoneBucket.createKey(OzoneBucket.java:323)
	at org.apache.hadoop.ozone.freon.RandomKeyGenerator.createKey(RandomKeyGenerator.java:686)
	at org.apache.hadoop.ozone.freon.RandomKeyGenerator.access$1100(RandomKeyGenerator.java:87)
	at org.apache.hadoop.ozone.freon.RandomKeyGenerator$ObjectCreator.run(RandomKeyGenerator.java:606)
	at java.util.concurrent.Executors$RunnableAdapter.call(Executors.java:511)
	at java.util.concurrent.FutureTask.run(FutureTask.java:266)
	at java.util.concurrent.ThreadPoolExecutor.runWorker(ThreadPoolExecutor.java:1149)
	at java.util.concurrent.ThreadPoolExecutor$Worker.run(ThreadPoolExecutor.java:624)
	at java.lang.Thread.run(Thread.java:748)
2019-09-20 08:53:27,322 [pool-80-thread-4] ERROR freon.RandomKeyGenerator (RandomKeyGenerator.java:createKey(724)) - Exception while adding key: key-0-35713 in bucket: bucket-2-79361 of volume: vol-0-45551.
INTERNAL_ERROR org.apache.hadoop.ozone.om.exceptions.OMException: Allocated 0 blocks. Requested 1 blocks
	at org.apache.hadoop.ozone.om.protocolPB.OzoneManagerProtocolClientSideTranslatorPB.handleError(OzoneManagerProtocolClientSideTranslatorPB.java:725)
	at org.apache.hadoop.ozone.om.protocolPB.OzoneManagerProtocolClientSideTranslatorPB.openKey(OzoneManagerProtocolClientSideTranslatorPB.java:716)
	at org.apache.hadoop.ozone.client.rpc.RpcClient.createKey(RpcClient.java:615)
	at org.apache.hadoop.ozone.client.OzoneBucket.createKey(OzoneBucket.java:323)
	at org.apache.hadoop.ozone.freon.RandomKeyGenerator.createKey(RandomKeyGenerator.java:686)
	at org.apache.hadoop.ozone.freon.RandomKeyGenerator.access$1100(RandomKeyGenerator.java:87)
	at org.apache.hadoop.ozone.freon.RandomKeyGenerator$ObjectCreator.run(RandomKeyGenerator.java:606)
	at java.util.concurrent.Executors$RunnableAdapter.call(Executors.java:511)
	at java.util.concurrent.FutureTask.run(FutureTask.java:266)
	at java.util.concurrent.ThreadPoolExecutor.runWorker(ThreadPoolExecutor.java:1149)
	at java.util.concurrent.ThreadPoolExecutor$Worker.run(ThreadPoolExecutor.java:624)
	at java.lang.Thread.run(Thread.java:748)
2019-09-20 08:53:27,494 | INFO  | SCMAudit | user=jenkins1000 | ip=192.168.36.79 | op=SEND_HEARTBEAT {datanodeUUID=f924f469-4e73-41d9-9d19-420bd0dc75a2, command=[]} | ret=SUCCESS |  
2019-09-20 08:53:27,512 | INFO  | SCMAudit | user=jenkins1000 | ip=192.168.36.79 | op=SEND_HEARTBEAT {datanodeUUID=93e6190b-41b6-4f2c-abfa-7324859860a0, command=[]} | ret=SUCCESS |  
2019-09-20 08:53:27,515 | INFO  | SCMAudit | user=jenkins1000 | ip=192.168.36.79 | op=SEND_HEARTBEAT {datanodeUUID=f78c6f6f-b83c-4bef-83c8-4f247fc2f9cb, command=[]} | ret=SUCCESS |  
2019-09-20 08:53:27,771 | INFO  | SCMAudit | user=jenkins1000 | ip=192.168.36.79 | op=SEND_HEARTBEAT {datanodeUUID=036c7012-de9e-4e05-8743-9a12868644f9, command=[]} | ret=SUCCESS |  
2019-09-20 08:53:28,033 | INFO  | SCMAudit | user=jenkins1000 | ip=192.168.36.79 | op=SEND_HEARTBEAT {datanodeUUID=b44e7e57-9837-469e-aba7-9d7779212b32, command=[]} | ret=SUCCESS |  
 0.00% |█                                                                                                    |  0/100 Time: 0:00:012019-09-20 08:53:28,494 | INFO  | SCMAudit | user=jenkins1000 | ip=192.168.36.79 | op=SEND_HEARTBEAT {datanodeUUID=f924f469-4e73-41d9-9d19-420bd0dc75a2, command=[]} | ret=SUCCESS |  
2019-09-20 08:53:28,512 | INFO  | SCMAudit | user=jenkins1000 | ip=192.168.36.79 | op=SEND_HEARTBEAT {datanodeUUID=93e6190b-41b6-4f2c-abfa-7324859860a0, command=[]} | ret=SUCCESS |  
2019-09-20 08:53:28,516 | INFO  | SCMAudit | user=jenkins1000 | ip=192.168.36.79 | op=SEND_HEARTBEAT {datanodeUUID=f78c6f6f-b83c-4bef-83c8-4f247fc2f9cb, command=[]} | ret=SUCCESS |  
2019-09-20 08:53:28,772 | INFO  | SCMAudit | user=jenkins1000 | ip=192.168.36.79 | op=SEND_HEARTBEAT {datanodeUUID=036c7012-de9e-4e05-8743-9a12868644f9, command=[]} | ret=SUCCESS |  
2019-09-20 08:53:29,034 | INFO  | SCMAudit | user=jenkins1000 | ip=192.168.36.79 | op=SEND_HEARTBEAT {datanodeUUID=b44e7e57-9837-469e-aba7-9d7779212b32, command=[]} | ret=SUCCESS |  
 0.00% |█                                                                                                    |  0/100 Time: 0:00:022019-09-20 08:53:29,495 | INFO  | SCMAudit | user=jenkins1000 | ip=192.168.36.79 | op=SEND_HEARTBEAT {datanodeUUID=f924f469-4e73-41d9-9d19-420bd0dc75a2, command=[]} | ret=SUCCESS |  
2019-09-20 08:53:29,512 | INFO  | SCMAudit | user=jenkins1000 | ip=192.168.36.79 | op=SEND_HEARTBEAT {datanodeUUID=93e6190b-41b6-4f2c-abfa-7324859860a0, command=[]} | ret=SUCCESS |  
2019-09-20 08:53:29,516 | INFO  | SCMAudit | user=jenkins1000 | ip=192.168.36.79 | op=SEND_HEARTBEAT {datanodeUUID=f78c6f6f-b83c-4bef-83c8-4f247fc2f9cb, command=[]} | ret=SUCCESS |  
2019-09-20 08:53:29,771 | INFO  | SCMAudit | user=jenkins1000 | ip=192.168.36.79 | op=SEND_HEARTBEAT {datanodeUUID=036c7012-de9e-4e05-8743-9a12868644f9, command=[]} | ret=SUCCESS |  
2019-09-20 08:53:30,033 | INFO  | SCMAudit | user=jenkins1000 | ip=192.168.36.79 | op=SEND_HEARTBEAT {datanodeUUID=b44e7e57-9837-469e-aba7-9d7779212b32, command=[]} | ret=SUCCESS |  
 0.00% |█                                                                                                    |  0/100 Time: 0:00:032019-09-20 08:53:30,495 | INFO  | SCMAudit | user=jenkins1000 | ip=192.168.36.79 | op=SEND_HEARTBEAT {datanodeUUID=f924f469-4e73-41d9-9d19-420bd0dc75a2, command=[]} | ret=SUCCESS |  
2019-09-20 08:53:30,512 | INFO  | SCMAudit | user=jenkins1000 | ip=192.168.36.79 | op=SEND_HEARTBEAT {datanodeUUID=93e6190b-41b6-4f2c-abfa-7324859860a0, command=[]} | ret=SUCCESS |  
2019-09-20 08:53:30,517 | INFO  | SCMAudit | user=jenkins1000 | ip=192.168.36.79 | op=SEND_HEARTBEAT {datanodeUUID=f78c6f6f-b83c-4bef-83c8-4f247fc2f9cb, command=[]} | ret=SUCCESS |  
2019-09-20 08:53:30,771 | INFO  | SCMAudit | user=jenkins1000 | ip=192.168.36.79 | op=SEND_HEARTBEAT {datanodeUUID=036c7012-de9e-4e05-8743-9a12868644f9, command=[]} | ret=SUCCESS |  
2019-09-20 08:53:31,034 | INFO  | SCMAudit | user=jenkins1000 | ip=192.168.36.79 | op=SEND_HEARTBEAT {datanodeUUID=b44e7e57-9837-469e-aba7-9d7779212b32, command=[]} | ret=SUCCESS |  
 0.00% |█                                                                                                    |  0/100 Time: 0:00:042019-09-20 08:53:31,494 | INFO  | SCMAudit | user=jenkins1000 | ip=192.168.36.79 | op=SEND_HEARTBEAT {datanodeUUID=f924f469-4e73-41d9-9d19-420bd0dc75a2, command=[]} | ret=SUCCESS |  
2019-09-20 08:53:31,512 | INFO  | SCMAudit | user=jenkins1000 | ip=192.168.36.79 | op=SEND_HEARTBEAT {datanodeUUID=93e6190b-41b6-4f2c-abfa-7324859860a0, command=[]} | ret=SUCCESS |  
2019-09-20 08:53:31,517 | INFO  | SCMAudit | user=jenkins1000 | ip=192.168.36.79 | op=SEND_HEARTBEAT {datanodeUUID=f78c6f6f-b83c-4bef-83c8-4f247fc2f9cb, command=[]} | ret=SUCCESS |  
2019-09-20 08:53:31,772 | INFO  | SCMAudit | user=jenkins1000 | ip=192.168.36.79 | op=SEND_HEARTBEAT {datanodeUUID=036c7012-de9e-4e05-8743-9a12868644f9, command=[]} | ret=SUCCESS |  
2019-09-20 08:53:32,035 | INFO  | SCMAudit | user=jenkins1000 | ip=192.168.36.79 | op=SEND_HEARTBEAT {datanodeUUID=b44e7e57-9837-469e-aba7-9d7779212b32, command=[]} | ret=SUCCESS |  
 100.00% |█████████████████████████████████████████████████████████████████████████████████████████████████████|  100/100 Time: 0:00:05
2019-09-20 08:53:32,495 | INFO  | SCMAudit | user=jenkins1000 | ip=192.168.36.79 | op=SEND_HEARTBEAT {datanodeUUID=f924f469-4e73-41d9-9d19-420bd0dc75a2, command=[]} | ret=SUCCESS |  
2019-09-20 08:53:32,512 | INFO  | SCMAudit | user=jenkins1000 | ip=192.168.36.79 | op=SEND_HEARTBEAT {datanodeUUID=93e6190b-41b6-4f2c-abfa-7324859860a0, command=[]} | ret=SUCCESS |  
2019-09-20 08:53:32,517 | INFO  | SCMAudit | user=jenkins1000 | ip=192.168.36.79 | op=SEND_HEARTBEAT {datanodeUUID=f78c6f6f-b83c-4bef-83c8-4f247fc2f9cb, command=[]} | ret=SUCCESS |  
2019-09-20 08:53:32,772 | INFO  | SCMAudit | user=jenkins1000 | ip=192.168.36.79 | op=SEND_HEARTBEAT {datanodeUUID=036c7012-de9e-4e05-8743-9a12868644f9, command=[]} | ret=SUCCESS |  
2019-09-20 08:53:33,034 | INFO  | SCMAudit | user=jenkins1000 | ip=192.168.36.79 | op=SEND_HEARTBEAT {datanodeUUID=b44e7e57-9837-469e-aba7-9d7779212b32, command=[]} | ret=SUCCESS |  
2019-09-20 08:53:33,495 | INFO  | SCMAudit | user=jenkins1000 | ip=192.168.36.79 | op=SEND_HEARTBEAT {datanodeUUID=f924f469-4e73-41d9-9d19-420bd0dc75a2, command=[]} | ret=SUCCESS |  
2019-09-20 08:53:33,512 | INFO  | SCMAudit | user=jenkins1000 | ip=192.168.36.79 | op=SEND_HEARTBEAT {datanodeUUID=93e6190b-41b6-4f2c-abfa-7324859860a0, command=[]} | ret=SUCCESS |  
2019-09-20 08:53:33,517 | INFO  | SCMAudit | user=jenkins1000 | ip=192.168.36.79 | op=SEND_HEARTBEAT {datanodeUUID=f78c6f6f-b83c-4bef-83c8-4f247fc2f9cb, command=[]} | ret=SUCCESS |  
2019-09-20 08:53:33,772 | INFO  | SCMAudit | user=jenkins1000 | ip=192.168.36.79 | op=SEND_HEARTBEAT {datanodeUUID=036c7012-de9e-4e05-8743-9a12868644f9, command=[]} | ret=SUCCESS |  
2019-09-20 08:53:34,035 | INFO  | SCMAudit | user=jenkins1000 | ip=192.168.36.79 | op=SEND_HEARTBEAT {datanodeUUID=b44e7e57-9837-469e-aba7-9d7779212b32, command=[]} | ret=SUCCESS |  
2019-09-20 08:53:34,496 | INFO  | SCMAudit | user=jenkins1000 | ip=192.168.36.79 | op=SEND_HEARTBEAT {datanodeUUID=f924f469-4e73-41d9-9d19-420bd0dc75a2, command=[]} | ret=SUCCESS |  
2019-09-20 08:53:34,512 | INFO  | SCMAudit | user=jenkins1000 | ip=192.168.36.79 | op=SEND_HEARTBEAT {datanodeUUID=93e6190b-41b6-4f2c-abfa-7324859860a0, command=[]} | ret=SUCCESS |  
2019-09-20 08:53:34,517 | INFO  | SCMAudit | user=jenkins1000 | ip=192.168.36.79 | op=SEND_HEARTBEAT {datanodeUUID=f78c6f6f-b83c-4bef-83c8-4f247fc2f9cb, command=[]} | ret=SUCCESS |  
2019-09-20 08:53:34,773 | INFO  | SCMAudit | user=jenkins1000 | ip=192.168.36.79 | op=SEND_HEARTBEAT {datanodeUUID=036c7012-de9e-4e05-8743-9a12868644f9, command=[]} | ret=SUCCESS |  
2019-09-20 08:53:35,036 | INFO  | SCMAudit | user=jenkins1000 | ip=192.168.36.79 | op=SEND_HEARTBEAT {datanodeUUID=b44e7e57-9837-469e-aba7-9d7779212b32, command=[]} | ret=SUCCESS |  
2019-09-20 08:53:35,496 | INFO  | SCMAudit | user=jenkins1000 | ip=192.168.36.79 | op=SEND_HEARTBEAT {datanodeUUID=f924f469-4e73-41d9-9d19-420bd0dc75a2, command=[]} | ret=SUCCESS |  
2019-09-20 08:53:35,513 | INFO  | SCMAudit | user=jenkins1000 | ip=192.168.36.79 | op=SEND_HEARTBEAT {datanodeUUID=93e6190b-41b6-4f2c-abfa-7324859860a0, command=[]} | ret=SUCCESS |  
2019-09-20 08:53:35,518 | INFO  | SCMAudit | user=jenkins1000 | ip=192.168.36.79 | op=SEND_HEARTBEAT {datanodeUUID=f78c6f6f-b83c-4bef-83c8-4f247fc2f9cb, command=[]} | ret=SUCCESS |  
2019-09-20 08:53:35,773 | INFO  | SCMAudit | user=jenkins1000 | ip=192.168.36.79 | op=SEND_HEARTBEAT {datanodeUUID=036c7012-de9e-4e05-8743-9a12868644f9, command=[]} | ret=SUCCESS |  
2019-09-20 08:53:36,035 | INFO  | SCMAudit | user=jenkins1000 | ip=192.168.36.79 | op=SEND_HEARTBEAT {datanodeUUID=b44e7e57-9837-469e-aba7-9d7779212b32, command=[]} | ret=SUCCESS |  
2019-09-20 08:53:36,495 | INFO  | SCMAudit | user=jenkins1000 | ip=192.168.36.79 | op=SEND_HEARTBEAT {datanodeUUID=f924f469-4e73-41d9-9d19-420bd0dc75a2, command=[]} | ret=SUCCESS |  
2019-09-20 08:53:36,513 | INFO  | SCMAudit | user=jenkins1000 | ip=192.168.36.79 | op=SEND_HEARTBEAT {datanodeUUID=93e6190b-41b6-4f2c-abfa-7324859860a0, command=[]} | ret=SUCCESS |  
2019-09-20 08:53:36,518 | INFO  | SCMAudit | user=jenkins1000 | ip=192.168.36.79 | op=SEND_HEARTBEAT {datanodeUUID=f78c6f6f-b83c-4bef-83c8-4f247fc2f9cb, command=[]} | ret=SUCCESS |  
2019-09-20 08:53:36,773 | INFO  | SCMAudit | user=jenkins1000 | ip=192.168.36.79 | op=SEND_HEARTBEAT {datanodeUUID=036c7012-de9e-4e05-8743-9a12868644f9, command=[]} | ret=SUCCESS |  
2019-09-20 08:53:37,036 | INFO  | SCMAudit | user=jenkins1000 | ip=192.168.36.79 | op=SEND_HEARTBEAT {datanodeUUID=b44e7e57-9837-469e-aba7-9d7779212b32, command=[]} | ret=SUCCESS |  
]]></system-out>
  </testcase>
</testsuite>