<?xml version="1.0" encoding="UTF-8"?>
<testsuite xmlns:xsi="http://www.w3.org/2001/XMLSchema-instance" xsi:noNamespaceSchemaLocation="https://maven.apache.org/surefire/maven-surefire-plugin/xsd/surefire-test-report.xsd" name="org.apache.hadoop.ozone.freon.TestRandomKeyGenerator" time="76.573" tests="6" errors="6" skipped="0" failures="0">
  <properties>
    <property name="awt.toolkit" value="sun.awt.X11.XToolkit"/>
    <property name="file.encoding.pkg" value="sun.io"/>
    <property name="java.specification.version" value="1.8"/>
    <property name="sun.cpu.isalist" value=""/>
    <property name="sun.jnu.encoding" value="UTF-8"/>
    <property name="java.class.path" value="/workdir/hadoop-ozone/tools/target/test-classes:/workdir/hadoop-ozone/tools/target/classes:/home/user/.m2/repository/org/apache/hadoop/hadoop-ozone-ozone-manager/0.5.0-SNAPSHOT/hadoop-ozone-ozone-manager-0.5.0-SNAPSHOT.jar:/home/user/.m2/repository/org/apache/hadoop/hadoop-hdds-docs/0.5.0-SNAPSHOT/hadoop-hdds-docs-0.5.0-SNAPSHOT.jar:/home/user/.m2/repository/org/bouncycastle/bcprov-jdk15on/1.60/bcprov-jdk15on-1.60.jar:/home/user/.m2/repository/org/apache/hadoop/hadoop-ozone-common/0.5.0-SNAPSHOT/hadoop-ozone-common-0.5.0-SNAPSHOT.jar:/home/user/.m2/repository/org/apache/commons/commons-compress/1.4.1/commons-compress-1.4.1.jar:/home/user/.m2/repository/org/tukaani/xz/1.0/xz-1.0.jar:/home/user/.m2/repository/org/apache/hadoop/hadoop-hdfs-client/3.2.0/hadoop-hdfs-client-3.2.0.jar:/home/user/.m2/repository/com/fasterxml/jackson/core/jackson-annotations/2.9.5/jackson-annotations-2.9.5.jar:/home/user/.m2/repository/org/apache/hadoop/hadoop-hdds-common/0.5.0-SNAPSHOT/hadoop-hdds-common-0.5.0-SNAPSHOT.jar:/home/user/.m2/repository/org/apache/hadoop/hadoop-hdds-config/0.5.0-SNAPSHOT/hadoop-hdds-config-0.5.0-SNAPSHOT.jar:/home/user/.m2/repository/javax/annotation/javax.annotation-api/1.2/javax.annotation-api-1.2.jar:/home/user/.m2/repository/org/apache/ratis/ratis-server/0.4.0-2337318-SNAPSHOT/ratis-server-0.4.0-2337318-SNAPSHOT.jar:/home/user/.m2/repository/org/apache/ratis/ratis-thirdparty-misc/0.2.0/ratis-thirdparty-misc-0.2.0.jar:/home/user/.m2/repository/org/apache/ratis/ratis-proto/0.4.0-2337318-SNAPSHOT/ratis-proto-0.4.0-2337318-SNAPSHOT.jar:/home/user/.m2/repository/org/apache/ratis/ratis-common/0.4.0-2337318-SNAPSHOT/ratis-common-0.4.0-2337318-SNAPSHOT.jar:/home/user/.m2/repository/org/apache/ratis/ratis-client/0.4.0-2337318-SNAPSHOT/ratis-client-0.4.0-2337318-SNAPSHOT.jar:/home/user/.m2/repository/org/apache/ratis/ratis-metrics/0.4.0-2337318-SNAPSHOT/ratis-metrics-0.4.0-2337318-SNAPSHOT.jar:/home/user/.m2/repository/org/apache/ratis/ratis-netty/0.4.0-2337318-SNAPSHOT/ratis-netty-0.4.0-2337318-SNAPSHOT.jar:/home/user/.m2/repository/org/apache/ratis/ratis-grpc/0.4.0-2337318-SNAPSHOT/ratis-grpc-0.4.0-2337318-SNAPSHOT.jar:/home/user/.m2/repository/org/rocksdb/rocksdbjni/6.0.1/rocksdbjni-6.0.1.jar:/home/user/.m2/repository/org/apache/logging/log4j/log4j-api/2.11.0/log4j-api-2.11.0.jar:/home/user/.m2/repository/org/apache/logging/log4j/log4j-core/2.11.0/log4j-core-2.11.0.jar:/home/user/.m2/repository/com/lmax/disruptor/3.4.2/disruptor-3.4.2.jar:/home/user/.m2/repository/org/apache/commons/commons-pool2/2.6.0/commons-pool2-2.6.0.jar:/home/user/.m2/repository/org/bouncycastle/bcpkix-jdk15on/1.60/bcpkix-jdk15on-1.60.jar:/home/user/.m2/repository/commons-validator/commons-validator/1.6/commons-validator-1.6.jar:/home/user/.m2/repository/commons-digester/commons-digester/1.8.1/commons-digester-1.8.1.jar:/home/user/.m2/repository/io/jaegertracing/jaeger-client/0.33.1/jaeger-client-0.33.1.jar:/home/user/.m2/repository/io/jaegertracing/jaeger-thrift/0.33.1/jaeger-thrift-0.33.1.jar:/home/user/.m2/repository/org/apache/thrift/libthrift/0.11.0/libthrift-0.11.0.jar:/home/user/.m2/repository/com/squareup/okhttp3/okhttp/3.9.0/okhttp-3.9.0.jar:/home/user/.m2/repository/com/squareup/okio/okio/1.13.0/okio-1.13.0.jar:/home/user/.m2/repository/io/jaegertracing/jaeger-core/0.33.1/jaeger-core-0.33.1.jar:/home/user/.m2/repository/io/jaegertracing/jaeger-tracerresolver/0.33.1/jaeger-tracerresolver-0.33.1.jar:/home/user/.m2/repository/io/opentracing/contrib/opentracing-tracerresolver/0.1.5/opentracing-tracerresolver-0.1.5.jar:/home/user/.m2/repository/io/opentracing/opentracing-util/0.31.0/opentracing-util-0.31.0.jar:/home/user/.m2/repository/io/opentracing/opentracing-api/0.31.0/opentracing-api-0.31.0.jar:/home/user/.m2/repository/io/opentracing/opentracing-noop/0.31.0/opentracing-noop-0.31.0.jar:/home/user/.m2/repository/org/yaml/snakeyaml/1.16/snakeyaml-1.16.jar:/home/user/.m2/repository/org/apache/hadoop/hadoop-hdds-container-service/0.5.0-SNAPSHOT/hadoop-hdds-container-service-0.5.0-SNAPSHOT.jar:/home/user/.m2/repository/org/apache/hadoop/hadoop-hdds-client/0.5.0-SNAPSHOT/hadoop-hdds-client-0.5.0-SNAPSHOT.jar:/home/user/.m2/repository/org/apache/hadoop/hadoop-hdds-tools/0.5.0-SNAPSHOT/hadoop-hdds-tools-0.5.0-SNAPSHOT.jar:/home/user/.m2/repository/org/xerial/sqlite-jdbc/3.25.2/sqlite-jdbc-3.25.2.jar:/home/user/.m2/repository/org/apache/hadoop/hadoop-hdds-server-scm/0.5.0-SNAPSHOT/hadoop-hdds-server-scm-0.5.0-SNAPSHOT.jar:/home/user/.m2/repository/org/hamcrest/hamcrest-all/1.3/hamcrest-all-1.3.jar:/home/user/.m2/repository/info/picocli/picocli/3.9.6/picocli-3.9.6.jar:/home/user/.m2/repository/com/google/protobuf/protobuf-java/2.5.0/protobuf-java-2.5.0.jar:/home/user/.m2/repository/com/google/guava/guava/11.0.2/guava-11.0.2.jar:/home/user/.m2/repository/org/apache/hadoop/hadoop-ozone-client/0.5.0-SNAPSHOT/hadoop-ozone-client-0.5.0-SNAPSHOT.jar:/workdir/hadoop-ozone/ozonefs/target/classes:/home/user/.m2/repository/org/apache/hadoop/hadoop-hdds-server-framework/0.5.0-SNAPSHOT/hadoop-hdds-server-framework-0.5.0-SNAPSHOT.jar:/home/user/.m2/repository/org/apache/hadoop/hadoop-common/3.2.0/hadoop-common-3.2.0.jar:/home/user/.m2/repository/org/apache/hadoop/hadoop-annotations/3.2.0/hadoop-annotations-3.2.0.jar:/usr/lib/jvm/java-1.8-openjdk/jre/../lib/tools.jar:/home/user/.m2/repository/commons-cli/commons-cli/1.2/commons-cli-1.2.jar:/home/user/.m2/repository/org/apache/commons/commons-math3/3.1.1/commons-math3-3.1.1.jar:/home/user/.m2/repository/org/apache/httpcomponents/httpclient/4.5.2/httpclient-4.5.2.jar:/home/user/.m2/repository/org/apache/httpcomponents/httpcore/4.4.4/httpcore-4.4.4.jar:/home/user/.m2/repository/commons-codec/commons-codec/1.11/commons-codec-1.11.jar:/home/user/.m2/repository/commons-io/commons-io/2.5/commons-io-2.5.jar:/home/user/.m2/repository/commons-net/commons-net/3.6/commons-net-3.6.jar:/home/user/.m2/repository/commons-collections/commons-collections/3.2.2/commons-collections-3.2.2.jar:/home/user/.m2/repository/javax/servlet/javax.servlet-api/3.1.0/javax.servlet-api-3.1.0.jar:/home/user/.m2/repository/org/eclipse/jetty/jetty-server/9.3.24.v20180605/jetty-server-9.3.24.v20180605.jar:/home/user/.m2/repository/org/eclipse/jetty/jetty-http/9.3.24.v20180605/jetty-http-9.3.24.v20180605.jar:/home/user/.m2/repository/org/eclipse/jetty/jetty-io/9.3.24.v20180605/jetty-io-9.3.24.v20180605.jar:/home/user/.m2/repository/org/eclipse/jetty/jetty-util/9.3.24.v20180605/jetty-util-9.3.24.v20180605.jar:/home/user/.m2/repository/org/eclipse/jetty/jetty-servlet/9.3.24.v20180605/jetty-servlet-9.3.24.v20180605.jar:/home/user/.m2/repository/org/eclipse/jetty/jetty-security/9.3.24.v20180605/jetty-security-9.3.24.v20180605.jar:/home/user/.m2/repository/org/eclipse/jetty/jetty-webapp/9.3.24.v20180605/jetty-webapp-9.3.24.v20180605.jar:/home/user/.m2/repository/org/eclipse/jetty/jetty-xml/9.3.24.v20180605/jetty-xml-9.3.24.v20180605.jar:/home/user/.m2/repository/javax/servlet/jsp/jsp-api/2.1/jsp-api-2.1.jar:/home/user/.m2/repository/com/sun/jersey/jersey-core/1.19/jersey-core-1.19.jar:/home/user/.m2/repository/javax/ws/rs/jsr311-api/1.1.1/jsr311-api-1.1.1.jar:/home/user/.m2/repository/com/sun/jersey/jersey-servlet/1.19/jersey-servlet-1.19.jar:/home/user/.m2/repository/com/sun/jersey/jersey-json/1.19/jersey-json-1.19.jar:/home/user/.m2/repository/org/codehaus/jettison/jettison/1.1/jettison-1.1.jar:/home/user/.m2/repository/com/sun/xml/bind/jaxb-impl/2.3.0.1/jaxb-impl-2.3.0.1.jar:/home/user/.m2/repository/org/codehaus/jackson/jackson-core-asl/1.9.13/jackson-core-asl-1.9.13.jar:/home/user/.m2/repository/org/codehaus/jackson/jackson-mapper-asl/1.9.13/jackson-mapper-asl-1.9.13.jar:/home/user/.m2/repository/org/codehaus/jackson/jackson-jaxrs/1.9.13/jackson-jaxrs-1.9.13.jar:/home/user/.m2/repository/org/codehaus/jackson/jackson-xc/1.9.13/jackson-xc-1.9.13.jar:/home/user/.m2/repository/com/sun/jersey/jersey-server/1.19/jersey-server-1.19.jar:/home/user/.m2/repository/commons-logging/commons-logging/1.1.3/commons-logging-1.1.3.jar:/home/user/.m2/repository/log4j/log4j/1.2.17/log4j-1.2.17.jar:/home/user/.m2/repository/commons-beanutils/commons-beanutils/1.9.3/commons-beanutils-1.9.3.jar:/home/user/.m2/repository/org/apache/commons/commons-configuration2/2.1.1/commons-configuration2-2.1.1.jar:/home/user/.m2/repository/org/apache/commons/commons-lang3/3.7/commons-lang3-3.7.jar:/home/user/.m2/repository/org/apache/commons/commons-text/1.4/commons-text-1.4.jar:/home/user/.m2/repository/org/slf4j/slf4j-api/1.7.25/slf4j-api-1.7.25.jar:/home/user/.m2/repository/org/slf4j/slf4j-log4j12/1.7.25/slf4j-log4j12-1.7.25.jar:/home/user/.m2/repository/org/apache/avro/avro/1.7.7/avro-1.7.7.jar:/home/user/.m2/repository/com/thoughtworks/paranamer/paranamer/2.3/paranamer-2.3.jar:/home/user/.m2/repository/org/xerial/snappy/snappy-java/1.0.5/snappy-java-1.0.5.jar:/home/user/.m2/repository/com/google/re2j/re2j/1.1/re2j-1.1.jar:/home/user/.m2/repository/com/google/code/gson/gson/2.2.4/gson-2.2.4.jar:/home/user/.m2/repository/org/apache/hadoop/hadoop-auth/3.2.0/hadoop-auth-3.2.0.jar:/home/user/.m2/repository/com/nimbusds/nimbus-jose-jwt/4.41.1/nimbus-jose-jwt-4.41.1.jar:/home/user/.m2/repository/com/github/stephenc/jcip/jcip-annotations/1.0-1/jcip-annotations-1.0-1.jar:/home/user/.m2/repository/net/minidev/json-smart/2.3/json-smart-2.3.jar:/home/user/.m2/repository/net/minidev/accessors-smart/1.2/accessors-smart-1.2.jar:/home/user/.m2/repository/org/apache/curator/curator-framework/2.12.0/curator-framework-2.12.0.jar:/home/user/.m2/repository/com/jcraft/jsch/0.1.54/jsch-0.1.54.jar:/home/user/.m2/repository/org/apache/curator/curator-client/2.12.0/curator-client-2.12.0.jar:/home/user/.m2/repository/org/apache/curator/curator-recipes/2.12.0/curator-recipes-2.12.0.jar:/home/user/.m2/repository/com/google/code/findbugs/jsr305/3.0.0/jsr305-3.0.0.jar:/home/user/.m2/repository/org/apache/htrace/htrace-core4/4.1.0-incubating/htrace-core4-4.1.0-incubating.jar:/home/user/.m2/repository/org/apache/zookeeper/zookeeper/3.4.13/zookeeper-3.4.13.jar:/home/user/.m2/repository/org/apache/yetus/audience-annotations/0.5.0/audience-annotations-0.5.0.jar:/home/user/.m2/repository/org/apache/kerby/kerb-simplekdc/1.0.1/kerb-simplekdc-1.0.1.jar:/home/user/.m2/repository/org/apache/kerby/kerb-client/1.0.1/kerb-client-1.0.1.jar:/home/user/.m2/repository/org/apache/kerby/kerby-config/1.0.1/kerby-config-1.0.1.jar:/home/user/.m2/repository/org/apache/kerby/kerb-core/1.0.1/kerb-core-1.0.1.jar:/home/user/.m2/repository/org/apache/kerby/kerby-pkix/1.0.1/kerby-pkix-1.0.1.jar:/home/user/.m2/repository/org/apache/kerby/kerby-asn1/1.0.1/kerby-asn1-1.0.1.jar:/home/user/.m2/repository/org/apache/kerby/kerby-util/1.0.1/kerby-util-1.0.1.jar:/home/user/.m2/repository/org/apache/kerby/kerb-common/1.0.1/kerb-common-1.0.1.jar:/home/user/.m2/repository/org/apache/kerby/kerb-crypto/1.0.1/kerb-crypto-1.0.1.jar:/home/user/.m2/repository/org/apache/kerby/kerb-util/1.0.1/kerb-util-1.0.1.jar:/home/user/.m2/repository/org/apache/kerby/token-provider/1.0.1/token-provider-1.0.1.jar:/home/user/.m2/repository/org/apache/kerby/kerb-admin/1.0.1/kerb-admin-1.0.1.jar:/home/user/.m2/repository/org/apache/kerby/kerb-server/1.0.1/kerb-server-1.0.1.jar:/home/user/.m2/repository/org/apache/kerby/kerb-identity/1.0.1/kerb-identity-1.0.1.jar:/home/user/.m2/repository/org/apache/kerby/kerby-xdr/1.0.1/kerby-xdr-1.0.1.jar:/home/user/.m2/repository/com/fasterxml/jackson/core/jackson-databind/2.9.5/jackson-databind-2.9.5.jar:/home/user/.m2/repository/com/fasterxml/jackson/core/jackson-core/2.9.5/jackson-core-2.9.5.jar:/home/user/.m2/repository/org/codehaus/woodstox/stax2-api/3.1.4/stax2-api-3.1.4.jar:/home/user/.m2/repository/com/fasterxml/woodstox/woodstox-core/5.0.3/woodstox-core-5.0.3.jar:/home/user/.m2/repository/dnsjava/dnsjava/2.1.7/dnsjava-2.1.7.jar:/home/user/.m2/repository/org/apache/hadoop/hadoop-hdfs/3.2.0/hadoop-hdfs-3.2.0.jar:/home/user/.m2/repository/org/eclipse/jetty/jetty-util-ajax/9.3.24.v20180605/jetty-util-ajax-9.3.24.v20180605.jar:/home/user/.m2/repository/commons-daemon/commons-daemon/1.0.13/commons-daemon-1.0.13.jar:/home/user/.m2/repository/io/netty/netty/3.10.5.Final/netty-3.10.5.Final.jar:/home/user/.m2/repository/io/netty/netty-all/4.0.52.Final/netty-all-4.0.52.Final.jar:/home/user/.m2/repository/org/fusesource/leveldbjni/leveldbjni-all/1.8/leveldbjni-all-1.8.jar:/home/user/.m2/repository/com/sun/xml/bind/jaxb-core/2.3.0.1/jaxb-core-2.3.0.1.jar:/home/user/.m2/repository/javax/xml/bind/jaxb-api/2.3.0/jaxb-api-2.3.0.jar:/home/user/.m2/repository/javax/activation/activation/1.1.1/activation-1.1.1.jar:/home/user/.m2/repository/io/dropwizard/metrics/metrics-core/3.2.4/metrics-core-3.2.4.jar:/home/user/.m2/repository/org/openjdk/jmh/jmh-core/1.19/jmh-core-1.19.jar:/home/user/.m2/repository/net/sf/jopt-simple/jopt-simple/4.6/jopt-simple-4.6.jar:/home/user/.m2/repository/org/openjdk/jmh/jmh-generator-annprocess/1.19/jmh-generator-annprocess-1.19.jar:/home/user/.m2/repository/com/google/code/findbugs/findbugs/3.0.1/findbugs-3.0.1.jar:/home/user/.m2/repository/net/jcip/jcip-annotations/1.0/jcip-annotations-1.0.jar:/home/user/.m2/repository/com/google/code/findbugs/bcel-findbugs/6.0/bcel-findbugs-6.0.jar:/home/user/.m2/repository/com/google/code/findbugs/jFormatString/2.0.1/jFormatString-2.0.1.jar:/home/user/.m2/repository/dom4j/dom4j/1.6.1/dom4j-1.6.1.jar:/home/user/.m2/repository/xml-apis/xml-apis/1.0.b2/xml-apis-1.0.b2.jar:/home/user/.m2/repository/org/ow2/asm/asm-debug-all/5.0.2/asm-debug-all-5.0.2.jar:/home/user/.m2/repository/org/ow2/asm/asm-commons/5.0.2/asm-commons-5.0.2.jar:/home/user/.m2/repository/org/ow2/asm/asm-tree/5.0.2/asm-tree-5.0.2.jar:/home/user/.m2/repository/org/ow2/asm/asm/5.0.4/asm-5.0.4.jar:/home/user/.m2/repository/commons-lang/commons-lang/2.6/commons-lang-2.6.jar:/home/user/.m2/repository/com/apple/AppleJavaExtensions/1.4/AppleJavaExtensions-1.4.jar:/home/user/.m2/repository/jaxen/jaxen/1.1.6/jaxen-1.1.6.jar:/home/user/.m2/repository/junit/junit/4.11/junit-4.11.jar:/home/user/.m2/repository/org/hamcrest/hamcrest-core/1.3/hamcrest-core-1.3.jar:/home/user/.m2/repository/org/apache/hadoop/hadoop-common/3.2.0/hadoop-common-3.2.0-tests.jar:/workdir/hadoop-ozone/integration-test/target/test-classes:/home/user/.m2/repository/org/apache/hadoop/hadoop-ozone-objectstore-service/0.5.0-SNAPSHOT/hadoop-ozone-objectstore-service-0.5.0-SNAPSHOT.jar:/home/user/.m2/repository/org/apache/hadoop/hadoop-ozone-s3gateway/0.5.0-SNAPSHOT/hadoop-ozone-s3gateway-0.5.0-SNAPSHOT.jar:/home/user/.m2/repository/org/jboss/weld/servlet/weld-servlet/2.4.7.Final/weld-servlet-2.4.7.Final.jar:/home/user/.m2/repository/org/glassfish/jersey/containers/jersey-container-servlet-core/2.27/jersey-container-servlet-core-2.27.jar:/home/user/.m2/repository/org/glassfish/hk2/external/javax.inject/2.5.0-b42/javax.inject-2.5.0-b42.jar:/home/user/.m2/repository/org/glassfish/jersey/core/jersey-common/2.27/jersey-common-2.27.jar:/home/user/.m2/repository/org/glassfish/hk2/osgi-resource-locator/1.0.1/osgi-resource-locator-1.0.1.jar:/home/user/.m2/repository/javax/ws/rs/javax.ws.rs-api/2.1/javax.ws.rs-api-2.1.jar:/home/user/.m2/repository/org/glassfish/jersey/ext/cdi/jersey-cdi1x/2.27/jersey-cdi1x-2.27.jar:/home/user/.m2/repository/org/glassfish/jersey/inject/jersey-hk2/2.27/jersey-hk2-2.27.jar:/home/user/.m2/repository/org/glassfish/hk2/hk2-locator/2.5.0-b42/hk2-locator-2.5.0-b42.jar:/home/user/.m2/repository/org/javassist/javassist/3.22.0-CR2/javassist-3.22.0-CR2.jar:/home/user/.m2/repository/org/glassfish/hk2/hk2-api/2.5.0/hk2-api-2.5.0.jar:/home/user/.m2/repository/org/glassfish/hk2/external/jakarta.inject/2.5.0/jakarta.inject-2.5.0.jar:/home/user/.m2/repository/org/glassfish/hk2/hk2-utils/2.5.0/hk2-utils-2.5.0.jar:/home/user/.m2/repository/jakarta/annotation/jakarta.annotation-api/1.3.4/jakarta.annotation-api-1.3.4.jar:/home/user/.m2/repository/org/glassfish/hk2/external/aopalliance-repackaged/2.5.0/aopalliance-repackaged-2.5.0.jar:/home/user/.m2/repository/com/fasterxml/jackson/dataformat/jackson-dataformat-xml/2.9.0/jackson-dataformat-xml-2.9.0.jar:/home/user/.m2/repository/com/fasterxml/jackson/module/jackson-module-jaxb-annotations/2.9.5/jackson-module-jaxb-annotations-2.9.5.jar:/home/user/.m2/repository/javax/enterprise/cdi-api/1.2/cdi-api-1.2.jar:/home/user/.m2/repository/javax/el/javax.el-api/3.0.0/javax.el-api-3.0.0.jar:/home/user/.m2/repository/javax/interceptor/javax.interceptor-api/1.2/javax.interceptor-api-1.2.jar:/home/user/.m2/repository/javax/inject/javax.inject/1/javax.inject-1.jar:/home/user/.m2/repository/org/apache/hadoop/hadoop-ozone-csi/0.5.0-SNAPSHOT/hadoop-ozone-csi-0.5.0-SNAPSHOT.jar:/home/user/.m2/repository/com/google/protobuf/protobuf-java-util/3.5.1/protobuf-java-util-3.5.1.jar:/home/user/.m2/repository/io/grpc/grpc-netty/1.17.1/grpc-netty-1.17.1.jar:/home/user/.m2/repository/io/grpc/grpc-core/1.17.1/grpc-core-1.17.1.jar:/home/user/.m2/repository/io/grpc/grpc-context/1.17.1/grpc-context-1.17.1.jar:/home/user/.m2/repository/com/google/errorprone/error_prone_annotations/2.2.0/error_prone_annotations-2.2.0.jar:/home/user/.m2/repository/org/codehaus/mojo/animal-sniffer-annotations/1.17/animal-sniffer-annotations-1.17.jar:/home/user/.m2/repository/io/opencensus/opencensus-api/0.17.0/opencensus-api-0.17.0.jar:/home/user/.m2/repository/io/opencensus/opencensus-contrib-grpc-metrics/0.17.0/opencensus-contrib-grpc-metrics-0.17.0.jar:/home/user/.m2/repository/io/netty/netty-codec-http2/4.1.30.Final/netty-codec-http2-4.1.30.Final.jar:/home/user/.m2/repository/io/netty/netty-codec-http/4.1.30.Final/netty-codec-http-4.1.30.Final.jar:/home/user/.m2/repository/io/netty/netty-codec/4.1.30.Final/netty-codec-4.1.30.Final.jar:/home/user/.m2/repository/io/netty/netty-handler/4.1.30.Final/netty-handler-4.1.30.Final.jar:/home/user/.m2/repository/io/netty/netty-handler-proxy/4.1.30.Final/netty-handler-proxy-4.1.30.Final.jar:/home/user/.m2/repository/io/netty/netty-codec-socks/4.1.30.Final/netty-codec-socks-4.1.30.Final.jar:/home/user/.m2/repository/io/netty/netty-transport-native-epoll/4.1.30.Final/netty-transport-native-epoll-4.1.30.Final.jar:/home/user/.m2/repository/io/netty/netty-common/4.1.30.Final/netty-common-4.1.30.Final.jar:/home/user/.m2/repository/io/netty/netty-buffer/4.1.30.Final/netty-buffer-4.1.30.Final.jar:/home/user/.m2/repository/io/netty/netty-transport/4.1.30.Final/netty-transport-4.1.30.Final.jar:/home/user/.m2/repository/io/netty/netty-resolver/4.1.30.Final/netty-resolver-4.1.30.Final.jar:/home/user/.m2/repository/io/netty/netty-transport-native-unix-common/4.1.30.Final/netty-transport-native-unix-common-4.1.30.Final.jar:/home/user/.m2/repository/io/grpc/grpc-protobuf/1.17.1/grpc-protobuf-1.17.1.jar:/home/user/.m2/repository/com/google/api/grpc/proto-google-common-protos/1.0.0/proto-google-common-protos-1.0.0.jar:/home/user/.m2/repository/io/grpc/grpc-protobuf-lite/1.17.1/grpc-protobuf-lite-1.17.1.jar:/home/user/.m2/repository/io/grpc/grpc-stub/1.17.1/grpc-stub-1.17.1.jar:/home/user/.m2/repository/org/apache/hadoop/hadoop-ozone-recon/0.5.0-SNAPSHOT/hadoop-ozone-recon-0.5.0-SNAPSHOT.jar:/home/user/.m2/repository/org/apache/hadoop/hadoop-ozone-reconcodegen/0.5.0-SNAPSHOT/hadoop-ozone-reconcodegen-0.5.0-SNAPSHOT.jar:/home/user/.m2/repository/com/google/inject/extensions/guice-multibindings/4.0/guice-multibindings-4.0.jar:/home/user/.m2/repository/com/google/inject/guice/4.0/guice-4.0.jar:/home/user/.m2/repository/aopalliance/aopalliance/1.0/aopalliance-1.0.jar:/home/user/.m2/repository/com/google/inject/extensions/guice-servlet/4.0/guice-servlet-4.0.jar:/home/user/.m2/repository/org/glassfish/jersey/containers/jersey-container-servlet/2.27/jersey-container-servlet-2.27.jar:/home/user/.m2/repository/org/glassfish/hk2/guice-bridge/2.5.0/guice-bridge-2.5.0.jar:/home/user/.m2/repository/org/glassfish/jersey/core/jersey-server/2.27/jersey-server-2.27.jar:/home/user/.m2/repository/org/glassfish/jersey/core/jersey-client/2.27/jersey-client-2.27.jar:/home/user/.m2/repository/org/glassfish/jersey/media/jersey-media-jaxb/2.27/jersey-media-jaxb-2.27.jar:/home/user/.m2/repository/javax/validation/validation-api/1.1.0.Final/validation-api-1.1.0.Final.jar:/home/user/.m2/repository/org/glassfish/jersey/media/jersey-media-json-jackson/2.27/jersey-media-json-jackson-2.27.jar:/home/user/.m2/repository/org/glassfish/jersey/ext/jersey-entity-filtering/2.27/jersey-entity-filtering-2.27.jar:/home/user/.m2/repository/com/google/inject/extensions/guice-assistedinject/4.0/guice-assistedinject-4.0.jar:/home/user/.m2/repository/org/jooq/jooq/3.11.10/jooq-3.11.10.jar:/home/user/.m2/repository/org/jooq/jooq-meta/3.11.10/jooq-meta-3.11.10.jar:/home/user/.m2/repository/org/jooq/jooq-codegen/3.11.10/jooq-codegen-3.11.10.jar:/home/user/.m2/repository/com/jolbox/bonecp/0.8.0.RELEASE/bonecp-0.8.0.RELEASE.jar:/home/user/.m2/repository/org/springframework/spring-jdbc/5.1.3.RELEASE/spring-jdbc-5.1.3.RELEASE.jar:/home/user/.m2/repository/org/springframework/spring-beans/5.1.3.RELEASE/spring-beans-5.1.3.RELEASE.jar:/home/user/.m2/repository/org/springframework/spring-core/5.1.3.RELEASE/spring-core-5.1.3.RELEASE.jar:/home/user/.m2/repository/org/springframework/spring-jcl/5.1.3.RELEASE/spring-jcl-5.1.3.RELEASE.jar:/home/user/.m2/repository/org/springframework/spring-tx/5.1.3.RELEASE/spring-tx-5.1.3.RELEASE.jar:/home/user/.m2/repository/org/mockito/mockito-core/2.15.0/mockito-core-2.15.0.jar:/home/user/.m2/repository/net/bytebuddy/byte-buddy/1.7.9/byte-buddy-1.7.9.jar:/home/user/.m2/repository/net/bytebuddy/byte-buddy-agent/1.7.9/byte-buddy-agent-1.7.9.jar:/home/user/.m2/repository/org/objenesis/objenesis/1.0/objenesis-1.0.jar:"/>
    <property name="java.vm.vendor" value="IcedTea"/>
    <property name="sun.arch.data.model" value="64"/>
    <property name="test.build.dir" value="/workdir/hadoop-ozone/tools/target/test-dir"/>
    <property name="test.cache.data" value=""/>
    <property name="java.vendor.url" value="https://icedtea.classpath.org"/>
    <property name="user.timezone" value=""/>
    <property name="java.vm.specification.version" value="1.8"/>
    <property name="os.name" value="Linux"/>
    <property name="test.build.data" value="/workdir/hadoop-ozone/tools/target/test-dir"/>
    <property name="user.country" value="US"/>
    <property name="sun.java.launcher" value="SUN_STANDARD"/>
    <property name="sun.boot.library.path" value="/usr/lib/jvm/java-1.8-openjdk/jre/lib/amd64"/>
    <property name="sun.java.command" value="/workdir/hadoop-ozone/tools/target/surefire/surefirebooter6201984144651792337.jar /workdir/hadoop-ozone/tools/target/surefire 2019-09-20T03-51-17_086-jvmRun1 surefire945029512568085785tmp surefire_1168970177731978624438tmp"/>
    <property name="test" value="!TestMiniChaosOzoneCluster"/>
    <property name="surefire.test.class.path" value="/workdir/hadoop-ozone/tools/target/test-classes:/workdir/hadoop-ozone/tools/target/classes:/home/user/.m2/repository/org/apache/hadoop/hadoop-ozone-ozone-manager/0.5.0-SNAPSHOT/hadoop-ozone-ozone-manager-0.5.0-SNAPSHOT.jar:/home/user/.m2/repository/org/apache/hadoop/hadoop-hdds-docs/0.5.0-SNAPSHOT/hadoop-hdds-docs-0.5.0-SNAPSHOT.jar:/home/user/.m2/repository/org/bouncycastle/bcprov-jdk15on/1.60/bcprov-jdk15on-1.60.jar:/home/user/.m2/repository/org/apache/hadoop/hadoop-ozone-common/0.5.0-SNAPSHOT/hadoop-ozone-common-0.5.0-SNAPSHOT.jar:/home/user/.m2/repository/org/apache/commons/commons-compress/1.4.1/commons-compress-1.4.1.jar:/home/user/.m2/repository/org/tukaani/xz/1.0/xz-1.0.jar:/home/user/.m2/repository/org/apache/hadoop/hadoop-hdfs-client/3.2.0/hadoop-hdfs-client-3.2.0.jar:/home/user/.m2/repository/com/fasterxml/jackson/core/jackson-annotations/2.9.5/jackson-annotations-2.9.5.jar:/home/user/.m2/repository/org/apache/hadoop/hadoop-hdds-common/0.5.0-SNAPSHOT/hadoop-hdds-common-0.5.0-SNAPSHOT.jar:/home/user/.m2/repository/org/apache/hadoop/hadoop-hdds-config/0.5.0-SNAPSHOT/hadoop-hdds-config-0.5.0-SNAPSHOT.jar:/home/user/.m2/repository/javax/annotation/javax.annotation-api/1.2/javax.annotation-api-1.2.jar:/home/user/.m2/repository/org/apache/ratis/ratis-server/0.4.0-2337318-SNAPSHOT/ratis-server-0.4.0-2337318-SNAPSHOT.jar:/home/user/.m2/repository/org/apache/ratis/ratis-thirdparty-misc/0.2.0/ratis-thirdparty-misc-0.2.0.jar:/home/user/.m2/repository/org/apache/ratis/ratis-proto/0.4.0-2337318-SNAPSHOT/ratis-proto-0.4.0-2337318-SNAPSHOT.jar:/home/user/.m2/repository/org/apache/ratis/ratis-common/0.4.0-2337318-SNAPSHOT/ratis-common-0.4.0-2337318-SNAPSHOT.jar:/home/user/.m2/repository/org/apache/ratis/ratis-client/0.4.0-2337318-SNAPSHOT/ratis-client-0.4.0-2337318-SNAPSHOT.jar:/home/user/.m2/repository/org/apache/ratis/ratis-metrics/0.4.0-2337318-SNAPSHOT/ratis-metrics-0.4.0-2337318-SNAPSHOT.jar:/home/user/.m2/repository/org/apache/ratis/ratis-netty/0.4.0-2337318-SNAPSHOT/ratis-netty-0.4.0-2337318-SNAPSHOT.jar:/home/user/.m2/repository/org/apache/ratis/ratis-grpc/0.4.0-2337318-SNAPSHOT/ratis-grpc-0.4.0-2337318-SNAPSHOT.jar:/home/user/.m2/repository/org/rocksdb/rocksdbjni/6.0.1/rocksdbjni-6.0.1.jar:/home/user/.m2/repository/org/apache/logging/log4j/log4j-api/2.11.0/log4j-api-2.11.0.jar:/home/user/.m2/repository/org/apache/logging/log4j/log4j-core/2.11.0/log4j-core-2.11.0.jar:/home/user/.m2/repository/com/lmax/disruptor/3.4.2/disruptor-3.4.2.jar:/home/user/.m2/repository/org/apache/commons/commons-pool2/2.6.0/commons-pool2-2.6.0.jar:/home/user/.m2/repository/org/bouncycastle/bcpkix-jdk15on/1.60/bcpkix-jdk15on-1.60.jar:/home/user/.m2/repository/commons-validator/commons-validator/1.6/commons-validator-1.6.jar:/home/user/.m2/repository/commons-digester/commons-digester/1.8.1/commons-digester-1.8.1.jar:/home/user/.m2/repository/io/jaegertracing/jaeger-client/0.33.1/jaeger-client-0.33.1.jar:/home/user/.m2/repository/io/jaegertracing/jaeger-thrift/0.33.1/jaeger-thrift-0.33.1.jar:/home/user/.m2/repository/org/apache/thrift/libthrift/0.11.0/libthrift-0.11.0.jar:/home/user/.m2/repository/com/squareup/okhttp3/okhttp/3.9.0/okhttp-3.9.0.jar:/home/user/.m2/repository/com/squareup/okio/okio/1.13.0/okio-1.13.0.jar:/home/user/.m2/repository/io/jaegertracing/jaeger-core/0.33.1/jaeger-core-0.33.1.jar:/home/user/.m2/repository/io/jaegertracing/jaeger-tracerresolver/0.33.1/jaeger-tracerresolver-0.33.1.jar:/home/user/.m2/repository/io/opentracing/contrib/opentracing-tracerresolver/0.1.5/opentracing-tracerresolver-0.1.5.jar:/home/user/.m2/repository/io/opentracing/opentracing-util/0.31.0/opentracing-util-0.31.0.jar:/home/user/.m2/repository/io/opentracing/opentracing-api/0.31.0/opentracing-api-0.31.0.jar:/home/user/.m2/repository/io/opentracing/opentracing-noop/0.31.0/opentracing-noop-0.31.0.jar:/home/user/.m2/repository/org/yaml/snakeyaml/1.16/snakeyaml-1.16.jar:/home/user/.m2/repository/org/apache/hadoop/hadoop-hdds-container-service/0.5.0-SNAPSHOT/hadoop-hdds-container-service-0.5.0-SNAPSHOT.jar:/home/user/.m2/repository/org/apache/hadoop/hadoop-hdds-client/0.5.0-SNAPSHOT/hadoop-hdds-client-0.5.0-SNAPSHOT.jar:/home/user/.m2/repository/org/apache/hadoop/hadoop-hdds-tools/0.5.0-SNAPSHOT/hadoop-hdds-tools-0.5.0-SNAPSHOT.jar:/home/user/.m2/repository/org/xerial/sqlite-jdbc/3.25.2/sqlite-jdbc-3.25.2.jar:/home/user/.m2/repository/org/apache/hadoop/hadoop-hdds-server-scm/0.5.0-SNAPSHOT/hadoop-hdds-server-scm-0.5.0-SNAPSHOT.jar:/home/user/.m2/repository/org/hamcrest/hamcrest-all/1.3/hamcrest-all-1.3.jar:/home/user/.m2/repository/info/picocli/picocli/3.9.6/picocli-3.9.6.jar:/home/user/.m2/repository/com/google/protobuf/protobuf-java/2.5.0/protobuf-java-2.5.0.jar:/home/user/.m2/repository/com/google/guava/guava/11.0.2/guava-11.0.2.jar:/home/user/.m2/repository/org/apache/hadoop/hadoop-ozone-client/0.5.0-SNAPSHOT/hadoop-ozone-client-0.5.0-SNAPSHOT.jar:/workdir/hadoop-ozone/ozonefs/target/classes:/home/user/.m2/repository/org/apache/hadoop/hadoop-hdds-server-framework/0.5.0-SNAPSHOT/hadoop-hdds-server-framework-0.5.0-SNAPSHOT.jar:/home/user/.m2/repository/org/apache/hadoop/hadoop-common/3.2.0/hadoop-common-3.2.0.jar:/home/user/.m2/repository/org/apache/hadoop/hadoop-annotations/3.2.0/hadoop-annotations-3.2.0.jar:/usr/lib/jvm/java-1.8-openjdk/jre/../lib/tools.jar:/home/user/.m2/repository/commons-cli/commons-cli/1.2/commons-cli-1.2.jar:/home/user/.m2/repository/org/apache/commons/commons-math3/3.1.1/commons-math3-3.1.1.jar:/home/user/.m2/repository/org/apache/httpcomponents/httpclient/4.5.2/httpclient-4.5.2.jar:/home/user/.m2/repository/org/apache/httpcomponents/httpcore/4.4.4/httpcore-4.4.4.jar:/home/user/.m2/repository/commons-codec/commons-codec/1.11/commons-codec-1.11.jar:/home/user/.m2/repository/commons-io/commons-io/2.5/commons-io-2.5.jar:/home/user/.m2/repository/commons-net/commons-net/3.6/commons-net-3.6.jar:/home/user/.m2/repository/commons-collections/commons-collections/3.2.2/commons-collections-3.2.2.jar:/home/user/.m2/repository/javax/servlet/javax.servlet-api/3.1.0/javax.servlet-api-3.1.0.jar:/home/user/.m2/repository/org/eclipse/jetty/jetty-server/9.3.24.v20180605/jetty-server-9.3.24.v20180605.jar:/home/user/.m2/repository/org/eclipse/jetty/jetty-http/9.3.24.v20180605/jetty-http-9.3.24.v20180605.jar:/home/user/.m2/repository/org/eclipse/jetty/jetty-io/9.3.24.v20180605/jetty-io-9.3.24.v20180605.jar:/home/user/.m2/repository/org/eclipse/jetty/jetty-util/9.3.24.v20180605/jetty-util-9.3.24.v20180605.jar:/home/user/.m2/repository/org/eclipse/jetty/jetty-servlet/9.3.24.v20180605/jetty-servlet-9.3.24.v20180605.jar:/home/user/.m2/repository/org/eclipse/jetty/jetty-security/9.3.24.v20180605/jetty-security-9.3.24.v20180605.jar:/home/user/.m2/repository/org/eclipse/jetty/jetty-webapp/9.3.24.v20180605/jetty-webapp-9.3.24.v20180605.jar:/home/user/.m2/repository/org/eclipse/jetty/jetty-xml/9.3.24.v20180605/jetty-xml-9.3.24.v20180605.jar:/home/user/.m2/repository/javax/servlet/jsp/jsp-api/2.1/jsp-api-2.1.jar:/home/user/.m2/repository/com/sun/jersey/jersey-core/1.19/jersey-core-1.19.jar:/home/user/.m2/repository/javax/ws/rs/jsr311-api/1.1.1/jsr311-api-1.1.1.jar:/home/user/.m2/repository/com/sun/jersey/jersey-servlet/1.19/jersey-servlet-1.19.jar:/home/user/.m2/repository/com/sun/jersey/jersey-json/1.19/jersey-json-1.19.jar:/home/user/.m2/repository/org/codehaus/jettison/jettison/1.1/jettison-1.1.jar:/home/user/.m2/repository/com/sun/xml/bind/jaxb-impl/2.3.0.1/jaxb-impl-2.3.0.1.jar:/home/user/.m2/repository/org/codehaus/jackson/jackson-core-asl/1.9.13/jackson-core-asl-1.9.13.jar:/home/user/.m2/repository/org/codehaus/jackson/jackson-mapper-asl/1.9.13/jackson-mapper-asl-1.9.13.jar:/home/user/.m2/repository/org/codehaus/jackson/jackson-jaxrs/1.9.13/jackson-jaxrs-1.9.13.jar:/home/user/.m2/repository/org/codehaus/jackson/jackson-xc/1.9.13/jackson-xc-1.9.13.jar:/home/user/.m2/repository/com/sun/jersey/jersey-server/1.19/jersey-server-1.19.jar:/home/user/.m2/repository/commons-logging/commons-logging/1.1.3/commons-logging-1.1.3.jar:/home/user/.m2/repository/log4j/log4j/1.2.17/log4j-1.2.17.jar:/home/user/.m2/repository/commons-beanutils/commons-beanutils/1.9.3/commons-beanutils-1.9.3.jar:/home/user/.m2/repository/org/apache/commons/commons-configuration2/2.1.1/commons-configuration2-2.1.1.jar:/home/user/.m2/repository/org/apache/commons/commons-lang3/3.7/commons-lang3-3.7.jar:/home/user/.m2/repository/org/apache/commons/commons-text/1.4/commons-text-1.4.jar:/home/user/.m2/repository/org/slf4j/slf4j-api/1.7.25/slf4j-api-1.7.25.jar:/home/user/.m2/repository/org/slf4j/slf4j-log4j12/1.7.25/slf4j-log4j12-1.7.25.jar:/home/user/.m2/repository/org/apache/avro/avro/1.7.7/avro-1.7.7.jar:/home/user/.m2/repository/com/thoughtworks/paranamer/paranamer/2.3/paranamer-2.3.jar:/home/user/.m2/repository/org/xerial/snappy/snappy-java/1.0.5/snappy-java-1.0.5.jar:/home/user/.m2/repository/com/google/re2j/re2j/1.1/re2j-1.1.jar:/home/user/.m2/repository/com/google/code/gson/gson/2.2.4/gson-2.2.4.jar:/home/user/.m2/repository/org/apache/hadoop/hadoop-auth/3.2.0/hadoop-auth-3.2.0.jar:/home/user/.m2/repository/com/nimbusds/nimbus-jose-jwt/4.41.1/nimbus-jose-jwt-4.41.1.jar:/home/user/.m2/repository/com/github/stephenc/jcip/jcip-annotations/1.0-1/jcip-annotations-1.0-1.jar:/home/user/.m2/repository/net/minidev/json-smart/2.3/json-smart-2.3.jar:/home/user/.m2/repository/net/minidev/accessors-smart/1.2/accessors-smart-1.2.jar:/home/user/.m2/repository/org/apache/curator/curator-framework/2.12.0/curator-framework-2.12.0.jar:/home/user/.m2/repository/com/jcraft/jsch/0.1.54/jsch-0.1.54.jar:/home/user/.m2/repository/org/apache/curator/curator-client/2.12.0/curator-client-2.12.0.jar:/home/user/.m2/repository/org/apache/curator/curator-recipes/2.12.0/curator-recipes-2.12.0.jar:/home/user/.m2/repository/com/google/code/findbugs/jsr305/3.0.0/jsr305-3.0.0.jar:/home/user/.m2/repository/org/apache/htrace/htrace-core4/4.1.0-incubating/htrace-core4-4.1.0-incubating.jar:/home/user/.m2/repository/org/apache/zookeeper/zookeeper/3.4.13/zookeeper-3.4.13.jar:/home/user/.m2/repository/org/apache/yetus/audience-annotations/0.5.0/audience-annotations-0.5.0.jar:/home/user/.m2/repository/org/apache/kerby/kerb-simplekdc/1.0.1/kerb-simplekdc-1.0.1.jar:/home/user/.m2/repository/org/apache/kerby/kerb-client/1.0.1/kerb-client-1.0.1.jar:/home/user/.m2/repository/org/apache/kerby/kerby-config/1.0.1/kerby-config-1.0.1.jar:/home/user/.m2/repository/org/apache/kerby/kerb-core/1.0.1/kerb-core-1.0.1.jar:/home/user/.m2/repository/org/apache/kerby/kerby-pkix/1.0.1/kerby-pkix-1.0.1.jar:/home/user/.m2/repository/org/apache/kerby/kerby-asn1/1.0.1/kerby-asn1-1.0.1.jar:/home/user/.m2/repository/org/apache/kerby/kerby-util/1.0.1/kerby-util-1.0.1.jar:/home/user/.m2/repository/org/apache/kerby/kerb-common/1.0.1/kerb-common-1.0.1.jar:/home/user/.m2/repository/org/apache/kerby/kerb-crypto/1.0.1/kerb-crypto-1.0.1.jar:/home/user/.m2/repository/org/apache/kerby/kerb-util/1.0.1/kerb-util-1.0.1.jar:/home/user/.m2/repository/org/apache/kerby/token-provider/1.0.1/token-provider-1.0.1.jar:/home/user/.m2/repository/org/apache/kerby/kerb-admin/1.0.1/kerb-admin-1.0.1.jar:/home/user/.m2/repository/org/apache/kerby/kerb-server/1.0.1/kerb-server-1.0.1.jar:/home/user/.m2/repository/org/apache/kerby/kerb-identity/1.0.1/kerb-identity-1.0.1.jar:/home/user/.m2/repository/org/apache/kerby/kerby-xdr/1.0.1/kerby-xdr-1.0.1.jar:/home/user/.m2/repository/com/fasterxml/jackson/core/jackson-databind/2.9.5/jackson-databind-2.9.5.jar:/home/user/.m2/repository/com/fasterxml/jackson/core/jackson-core/2.9.5/jackson-core-2.9.5.jar:/home/user/.m2/repository/org/codehaus/woodstox/stax2-api/3.1.4/stax2-api-3.1.4.jar:/home/user/.m2/repository/com/fasterxml/woodstox/woodstox-core/5.0.3/woodstox-core-5.0.3.jar:/home/user/.m2/repository/dnsjava/dnsjava/2.1.7/dnsjava-2.1.7.jar:/home/user/.m2/repository/org/apache/hadoop/hadoop-hdfs/3.2.0/hadoop-hdfs-3.2.0.jar:/home/user/.m2/repository/org/eclipse/jetty/jetty-util-ajax/9.3.24.v20180605/jetty-util-ajax-9.3.24.v20180605.jar:/home/user/.m2/repository/commons-daemon/commons-daemon/1.0.13/commons-daemon-1.0.13.jar:/home/user/.m2/repository/io/netty/netty/3.10.5.Final/netty-3.10.5.Final.jar:/home/user/.m2/repository/io/netty/netty-all/4.0.52.Final/netty-all-4.0.52.Final.jar:/home/user/.m2/repository/org/fusesource/leveldbjni/leveldbjni-all/1.8/leveldbjni-all-1.8.jar:/home/user/.m2/repository/com/sun/xml/bind/jaxb-core/2.3.0.1/jaxb-core-2.3.0.1.jar:/home/user/.m2/repository/javax/xml/bind/jaxb-api/2.3.0/jaxb-api-2.3.0.jar:/home/user/.m2/repository/javax/activation/activation/1.1.1/activation-1.1.1.jar:/home/user/.m2/repository/io/dropwizard/metrics/metrics-core/3.2.4/metrics-core-3.2.4.jar:/home/user/.m2/repository/org/openjdk/jmh/jmh-core/1.19/jmh-core-1.19.jar:/home/user/.m2/repository/net/sf/jopt-simple/jopt-simple/4.6/jopt-simple-4.6.jar:/home/user/.m2/repository/org/openjdk/jmh/jmh-generator-annprocess/1.19/jmh-generator-annprocess-1.19.jar:/home/user/.m2/repository/com/google/code/findbugs/findbugs/3.0.1/findbugs-3.0.1.jar:/home/user/.m2/repository/net/jcip/jcip-annotations/1.0/jcip-annotations-1.0.jar:/home/user/.m2/repository/com/google/code/findbugs/bcel-findbugs/6.0/bcel-findbugs-6.0.jar:/home/user/.m2/repository/com/google/code/findbugs/jFormatString/2.0.1/jFormatString-2.0.1.jar:/home/user/.m2/repository/dom4j/dom4j/1.6.1/dom4j-1.6.1.jar:/home/user/.m2/repository/xml-apis/xml-apis/1.0.b2/xml-apis-1.0.b2.jar:/home/user/.m2/repository/org/ow2/asm/asm-debug-all/5.0.2/asm-debug-all-5.0.2.jar:/home/user/.m2/repository/org/ow2/asm/asm-commons/5.0.2/asm-commons-5.0.2.jar:/home/user/.m2/repository/org/ow2/asm/asm-tree/5.0.2/asm-tree-5.0.2.jar:/home/user/.m2/repository/org/ow2/asm/asm/5.0.4/asm-5.0.4.jar:/home/user/.m2/repository/commons-lang/commons-lang/2.6/commons-lang-2.6.jar:/home/user/.m2/repository/com/apple/AppleJavaExtensions/1.4/AppleJavaExtensions-1.4.jar:/home/user/.m2/repository/jaxen/jaxen/1.1.6/jaxen-1.1.6.jar:/home/user/.m2/repository/junit/junit/4.11/junit-4.11.jar:/home/user/.m2/repository/org/hamcrest/hamcrest-core/1.3/hamcrest-core-1.3.jar:/home/user/.m2/repository/org/apache/hadoop/hadoop-common/3.2.0/hadoop-common-3.2.0-tests.jar:/workdir/hadoop-ozone/integration-test/target/test-classes:/home/user/.m2/repository/org/apache/hadoop/hadoop-ozone-objectstore-service/0.5.0-SNAPSHOT/hadoop-ozone-objectstore-service-0.5.0-SNAPSHOT.jar:/home/user/.m2/repository/org/apache/hadoop/hadoop-ozone-s3gateway/0.5.0-SNAPSHOT/hadoop-ozone-s3gateway-0.5.0-SNAPSHOT.jar:/home/user/.m2/repository/org/jboss/weld/servlet/weld-servlet/2.4.7.Final/weld-servlet-2.4.7.Final.jar:/home/user/.m2/repository/org/glassfish/jersey/containers/jersey-container-servlet-core/2.27/jersey-container-servlet-core-2.27.jar:/home/user/.m2/repository/org/glassfish/hk2/external/javax.inject/2.5.0-b42/javax.inject-2.5.0-b42.jar:/home/user/.m2/repository/org/glassfish/jersey/core/jersey-common/2.27/jersey-common-2.27.jar:/home/user/.m2/repository/org/glassfish/hk2/osgi-resource-locator/1.0.1/osgi-resource-locator-1.0.1.jar:/home/user/.m2/repository/javax/ws/rs/javax.ws.rs-api/2.1/javax.ws.rs-api-2.1.jar:/home/user/.m2/repository/org/glassfish/jersey/ext/cdi/jersey-cdi1x/2.27/jersey-cdi1x-2.27.jar:/home/user/.m2/repository/org/glassfish/jersey/inject/jersey-hk2/2.27/jersey-hk2-2.27.jar:/home/user/.m2/repository/org/glassfish/hk2/hk2-locator/2.5.0-b42/hk2-locator-2.5.0-b42.jar:/home/user/.m2/repository/org/javassist/javassist/3.22.0-CR2/javassist-3.22.0-CR2.jar:/home/user/.m2/repository/org/glassfish/hk2/hk2-api/2.5.0/hk2-api-2.5.0.jar:/home/user/.m2/repository/org/glassfish/hk2/external/jakarta.inject/2.5.0/jakarta.inject-2.5.0.jar:/home/user/.m2/repository/org/glassfish/hk2/hk2-utils/2.5.0/hk2-utils-2.5.0.jar:/home/user/.m2/repository/jakarta/annotation/jakarta.annotation-api/1.3.4/jakarta.annotation-api-1.3.4.jar:/home/user/.m2/repository/org/glassfish/hk2/external/aopalliance-repackaged/2.5.0/aopalliance-repackaged-2.5.0.jar:/home/user/.m2/repository/com/fasterxml/jackson/dataformat/jackson-dataformat-xml/2.9.0/jackson-dataformat-xml-2.9.0.jar:/home/user/.m2/repository/com/fasterxml/jackson/module/jackson-module-jaxb-annotations/2.9.5/jackson-module-jaxb-annotations-2.9.5.jar:/home/user/.m2/repository/javax/enterprise/cdi-api/1.2/cdi-api-1.2.jar:/home/user/.m2/repository/javax/el/javax.el-api/3.0.0/javax.el-api-3.0.0.jar:/home/user/.m2/repository/javax/interceptor/javax.interceptor-api/1.2/javax.interceptor-api-1.2.jar:/home/user/.m2/repository/javax/inject/javax.inject/1/javax.inject-1.jar:/home/user/.m2/repository/org/apache/hadoop/hadoop-ozone-csi/0.5.0-SNAPSHOT/hadoop-ozone-csi-0.5.0-SNAPSHOT.jar:/home/user/.m2/repository/com/google/protobuf/protobuf-java-util/3.5.1/protobuf-java-util-3.5.1.jar:/home/user/.m2/repository/io/grpc/grpc-netty/1.17.1/grpc-netty-1.17.1.jar:/home/user/.m2/repository/io/grpc/grpc-core/1.17.1/grpc-core-1.17.1.jar:/home/user/.m2/repository/io/grpc/grpc-context/1.17.1/grpc-context-1.17.1.jar:/home/user/.m2/repository/com/google/errorprone/error_prone_annotations/2.2.0/error_prone_annotations-2.2.0.jar:/home/user/.m2/repository/org/codehaus/mojo/animal-sniffer-annotations/1.17/animal-sniffer-annotations-1.17.jar:/home/user/.m2/repository/io/opencensus/opencensus-api/0.17.0/opencensus-api-0.17.0.jar:/home/user/.m2/repository/io/opencensus/opencensus-contrib-grpc-metrics/0.17.0/opencensus-contrib-grpc-metrics-0.17.0.jar:/home/user/.m2/repository/io/netty/netty-codec-http2/4.1.30.Final/netty-codec-http2-4.1.30.Final.jar:/home/user/.m2/repository/io/netty/netty-codec-http/4.1.30.Final/netty-codec-http-4.1.30.Final.jar:/home/user/.m2/repository/io/netty/netty-codec/4.1.30.Final/netty-codec-4.1.30.Final.jar:/home/user/.m2/repository/io/netty/netty-handler/4.1.30.Final/netty-handler-4.1.30.Final.jar:/home/user/.m2/repository/io/netty/netty-handler-proxy/4.1.30.Final/netty-handler-proxy-4.1.30.Final.jar:/home/user/.m2/repository/io/netty/netty-codec-socks/4.1.30.Final/netty-codec-socks-4.1.30.Final.jar:/home/user/.m2/repository/io/netty/netty-transport-native-epoll/4.1.30.Final/netty-transport-native-epoll-4.1.30.Final.jar:/home/user/.m2/repository/io/netty/netty-common/4.1.30.Final/netty-common-4.1.30.Final.jar:/home/user/.m2/repository/io/netty/netty-buffer/4.1.30.Final/netty-buffer-4.1.30.Final.jar:/home/user/.m2/repository/io/netty/netty-transport/4.1.30.Final/netty-transport-4.1.30.Final.jar:/home/user/.m2/repository/io/netty/netty-resolver/4.1.30.Final/netty-resolver-4.1.30.Final.jar:/home/user/.m2/repository/io/netty/netty-transport-native-unix-common/4.1.30.Final/netty-transport-native-unix-common-4.1.30.Final.jar:/home/user/.m2/repository/io/grpc/grpc-protobuf/1.17.1/grpc-protobuf-1.17.1.jar:/home/user/.m2/repository/com/google/api/grpc/proto-google-common-protos/1.0.0/proto-google-common-protos-1.0.0.jar:/home/user/.m2/repository/io/grpc/grpc-protobuf-lite/1.17.1/grpc-protobuf-lite-1.17.1.jar:/home/user/.m2/repository/io/grpc/grpc-stub/1.17.1/grpc-stub-1.17.1.jar:/home/user/.m2/repository/org/apache/hadoop/hadoop-ozone-recon/0.5.0-SNAPSHOT/hadoop-ozone-recon-0.5.0-SNAPSHOT.jar:/home/user/.m2/repository/org/apache/hadoop/hadoop-ozone-reconcodegen/0.5.0-SNAPSHOT/hadoop-ozone-reconcodegen-0.5.0-SNAPSHOT.jar:/home/user/.m2/repository/com/google/inject/extensions/guice-multibindings/4.0/guice-multibindings-4.0.jar:/home/user/.m2/repository/com/google/inject/guice/4.0/guice-4.0.jar:/home/user/.m2/repository/aopalliance/aopalliance/1.0/aopalliance-1.0.jar:/home/user/.m2/repository/com/google/inject/extensions/guice-servlet/4.0/guice-servlet-4.0.jar:/home/user/.m2/repository/org/glassfish/jersey/containers/jersey-container-servlet/2.27/jersey-container-servlet-2.27.jar:/home/user/.m2/repository/org/glassfish/hk2/guice-bridge/2.5.0/guice-bridge-2.5.0.jar:/home/user/.m2/repository/org/glassfish/jersey/core/jersey-server/2.27/jersey-server-2.27.jar:/home/user/.m2/repository/org/glassfish/jersey/core/jersey-client/2.27/jersey-client-2.27.jar:/home/user/.m2/repository/org/glassfish/jersey/media/jersey-media-jaxb/2.27/jersey-media-jaxb-2.27.jar:/home/user/.m2/repository/javax/validation/validation-api/1.1.0.Final/validation-api-1.1.0.Final.jar:/home/user/.m2/repository/org/glassfish/jersey/media/jersey-media-json-jackson/2.27/jersey-media-json-jackson-2.27.jar:/home/user/.m2/repository/org/glassfish/jersey/ext/jersey-entity-filtering/2.27/jersey-entity-filtering-2.27.jar:/home/user/.m2/repository/com/google/inject/extensions/guice-assistedinject/4.0/guice-assistedinject-4.0.jar:/home/user/.m2/repository/org/jooq/jooq/3.11.10/jooq-3.11.10.jar:/home/user/.m2/repository/org/jooq/jooq-meta/3.11.10/jooq-meta-3.11.10.jar:/home/user/.m2/repository/org/jooq/jooq-codegen/3.11.10/jooq-codegen-3.11.10.jar:/home/user/.m2/repository/com/jolbox/bonecp/0.8.0.RELEASE/bonecp-0.8.0.RELEASE.jar:/home/user/.m2/repository/org/springframework/spring-jdbc/5.1.3.RELEASE/spring-jdbc-5.1.3.RELEASE.jar:/home/user/.m2/repository/org/springframework/spring-beans/5.1.3.RELEASE/spring-beans-5.1.3.RELEASE.jar:/home/user/.m2/repository/org/springframework/spring-core/5.1.3.RELEASE/spring-core-5.1.3.RELEASE.jar:/home/user/.m2/repository/org/springframework/spring-jcl/5.1.3.RELEASE/spring-jcl-5.1.3.RELEASE.jar:/home/user/.m2/repository/org/springframework/spring-tx/5.1.3.RELEASE/spring-tx-5.1.3.RELEASE.jar:/home/user/.m2/repository/org/mockito/mockito-core/2.15.0/mockito-core-2.15.0.jar:/home/user/.m2/repository/net/bytebuddy/byte-buddy/1.7.9/byte-buddy-1.7.9.jar:/home/user/.m2/repository/net/bytebuddy/byte-buddy-agent/1.7.9/byte-buddy-agent-1.7.9.jar:/home/user/.m2/repository/org/objenesis/objenesis/1.0/objenesis-1.0.jar:"/>
    <property name="sun.cpu.endian" value="little"/>
    <property name="user.home" value="/home/user"/>
    <property name="user.language" value="en"/>
    <property name="java.specification.vendor" value="Oracle Corporation"/>
    <property name="java.home" value="/usr/lib/jvm/java-1.8-openjdk/jre"/>
    <property name="java.security.krb5.conf" value="/workdir/hadoop-ozone/tools/target/test-classes/krb5.conf"/>
    <property name="basedir" value="/workdir/hadoop-ozone/tools"/>
    <property name="file.separator" value="/"/>
    <property name="line.separator" value="&#10;"/>
    <property name="java.vm.specification.vendor" value="Oracle Corporation"/>
    <property name="java.specification.name" value="Java Platform API Specification"/>
    <property name="java.awt.graphicsenv" value="sun.awt.X11GraphicsEnvironment"/>
    <property name="surefire.real.class.path" value="/workdir/hadoop-ozone/tools/target/surefire/surefirebooter6201984144651792337.jar"/>
    <property name="hadoop.log.dir" value="/workdir/hadoop-ozone/tools/target/log"/>
    <property name="sun.boot.class.path" value="/usr/lib/jvm/java-1.8-openjdk/jre/lib/resources.jar:/usr/lib/jvm/java-1.8-openjdk/jre/lib/rt.jar:/usr/lib/jvm/java-1.8-openjdk/jre/lib/sunrsasign.jar:/usr/lib/jvm/java-1.8-openjdk/jre/lib/jsse.jar:/usr/lib/jvm/java-1.8-openjdk/jre/lib/jce.jar:/usr/lib/jvm/java-1.8-openjdk/jre/lib/charsets.jar:/usr/lib/jvm/java-1.8-openjdk/jre/lib/jfr.jar:/usr/lib/jvm/java-1.8-openjdk/jre/classes"/>
    <property name="sun.management.compiler" value="HotSpot 64-Bit Tiered Compilers"/>
    <property name="java.runtime.version" value="1.8.0_212-b04"/>
    <property name="java.net.preferIPv4Stack" value="true"/>
    <property name="user.name" value="jenkins1000"/>
    <property name="path.separator" value=":"/>
    <property name="java.security.egd" value="file:///dev/urandom"/>
    <property name="os.version" value="3.10.0-957.12.2.el7.x86_64"/>
    <property name="java.endorsed.dirs" value="/usr/lib/jvm/java-1.8-openjdk/jre/lib/endorsed"/>
    <property name="java.runtime.name" value="OpenJDK Runtime Environment"/>
    <property name="file.encoding" value="UTF-8"/>
    <property name="java.vm.name" value="OpenJDK 64-Bit Server VM"/>
    <property name="test.build.webapps" value=""/>
    <property name="localRepository" value="/home/user/.m2/repository"/>
    <property name="java.vendor.url.bug" value="https://icedtea.classpath.org/bugzilla"/>
    <property name="java.io.tmpdir" value="/tmp"/>
    <property name="require.test.libhadoop" value=""/>
    <property name="java.version" value="1.8.0_212"/>
    <property name="user.dir" value="/workdir/hadoop-ozone/tools"/>
    <property name="os.arch" value="amd64"/>
    <property name="java.vm.specification.name" value="Java Virtual Machine Specification"/>
    <property name="test.build.classes" value="/workdir/hadoop-ozone/tools/target/test-classes"/>
    <property name="java.awt.printerjob" value="sun.print.PSPrinterJob"/>
    <property name="sun.os.patch.level" value="unknown"/>
    <property name="hadoop.tmp.dir" value="/workdir/hadoop-ozone/tools/target/tmp"/>
    <property name="java.library.path" value="/usr/lib/jvm/java-1.8-openjdk/jre/lib/amd64/server:/usr/lib/jvm/java-1.8-openjdk/jre/lib/amd64:/usr/lib/jvm/java-1.8-openjdk/jre/../lib/amd64:/workdir/hadoop-ozone/tools/target/native/target/usr/local/lib:/workdir/hadoop-ozone/tools/../../hadoop-common-project/hadoop-common/target/native/target/usr/local/lib:/usr/java/packages/lib/amd64:/usr/lib64:/lib64:/lib:/usr/lib"/>
    <property name="java.vm.info" value="mixed mode"/>
    <property name="java.vendor" value="IcedTea"/>
    <property name="java.vm.version" value="25.212-b04"/>
    <property name="java.ext.dirs" value="/usr/lib/jvm/java-1.8-openjdk/jre/lib/ext:/usr/java/packages/lib/ext"/>
    <property name="sun.io.unicode.encoding" value="UnicodeLittle"/>
    <property name="java.class.version" value="52.0"/>
  </properties>
  <testcase name="ratisTest3" classname="org.apache.hadoop.ozone.freon.TestRandomKeyGenerator" time="5.604">
    <error message="Allocated 0 blocks. Requested 1 blocks" type="INTERNAL_ERROR org.apache.hadoop.ozone.om.exceptions.OMException">INTERNAL_ERROR org.apache.hadoop.ozone.om.exceptions.OMException: Allocated 0 blocks. Requested 1 blocks
	at org.apache.hadoop.ozone.om.protocolPB.OzoneManagerProtocolClientSideTranslatorPB.handleError(OzoneManagerProtocolClientSideTranslatorPB.java:725)
	at org.apache.hadoop.ozone.om.protocolPB.OzoneManagerProtocolClientSideTranslatorPB.openKey(OzoneManagerProtocolClientSideTranslatorPB.java:716)
	at org.apache.hadoop.ozone.client.rpc.RpcClient.createKey(RpcClient.java:615)
	at org.apache.hadoop.ozone.client.OzoneBucket.createKey(OzoneBucket.java:323)
	at org.apache.hadoop.ozone.freon.RandomKeyGenerator.createKey(RandomKeyGenerator.java:686)
	at org.apache.hadoop.ozone.freon.RandomKeyGenerator.access$1100(RandomKeyGenerator.java:87)
	at org.apache.hadoop.ozone.freon.RandomKeyGenerator$ObjectCreator.run(RandomKeyGenerator.java:606)
	at java.util.concurrent.Executors$RunnableAdapter.call(Executors.java:511)
	at java.util.concurrent.FutureTask.run(FutureTask.java:266)
	at java.util.concurrent.ThreadPoolExecutor.runWorker(ThreadPoolExecutor.java:1149)
	at java.util.concurrent.ThreadPoolExecutor$Worker.run(ThreadPoolExecutor.java:624)
	at java.lang.Thread.run(Thread.java:748)
</error>
    <system-out><![CDATA[2019-09-20 08:50:33,647 [main] WARN  server.ServerUtils (ServerUtils.java:getScmDbDir(145)) - ozone.scm.db.dirs is not configured. We recommend adding this setting. Falling back to ozone.metadata.dirs instead.
2019-09-20 08:50:33,779 [main] WARN  server.ServerUtils (ServerUtils.java:getScmDbDir(145)) - ozone.scm.db.dirs is not configured. We recommend adding this setting. Falling back to ozone.metadata.dirs instead.
2019-09-20 08:50:33,783 [main] WARN  server.ServerUtils (ServerUtils.java:getScmDbDir(145)) - ozone.scm.db.dirs is not configured. We recommend adding this setting. Falling back to ozone.metadata.dirs instead.
2019-09-20 08:50:33,803 [main] INFO  util.log (Log.java:initialized(192)) - Logging initialized @890ms
2019-09-20 08:50:33,891 [main] INFO  db.DBStoreBuilder (DBStoreBuilder.java:addTable(110)) - using custom profile for table: deletedBlocks
2019-09-20 08:50:33,891 [main] INFO  db.DBStoreBuilder (DBStoreBuilder.java:processTables(161)) - Using default column profile:DBProfile.DISK for Table:deletedBlocks
2019-09-20 08:50:33,892 [main] INFO  db.DBStoreBuilder (DBStoreBuilder.java:addTable(110)) - using custom profile for table: validCerts
2019-09-20 08:50:33,892 [main] INFO  db.DBStoreBuilder (DBStoreBuilder.java:processTables(161)) - Using default column profile:DBProfile.DISK for Table:validCerts
2019-09-20 08:50:33,892 [main] INFO  db.DBStoreBuilder (DBStoreBuilder.java:addTable(110)) - using custom profile for table: revokedCerts
2019-09-20 08:50:33,892 [main] INFO  db.DBStoreBuilder (DBStoreBuilder.java:processTables(161)) - Using default column profile:DBProfile.DISK for Table:revokedCerts
2019-09-20 08:50:33,902 [main] INFO  db.DBStoreBuilder (DBStoreBuilder.java:addTable(110)) - using custom profile for table: default
2019-09-20 08:50:33,902 [main] INFO  db.DBStoreBuilder (DBStoreBuilder.java:processTables(167)) - Using default column profile:DBProfile.DISK for Table:default
2019-09-20 08:50:33,903 [main] INFO  db.DBStoreBuilder (DBStoreBuilder.java:getDbProfile(198)) - Using default options. DBProfile.DISK
2019-09-20 08:50:34,241 [main] INFO  net.NodeSchemaLoader (NodeSchemaLoader.java:loadSchemaFromFile(125)) - Loading file from sun.misc.CompoundEnumeration@20deea7f
2019-09-20 08:50:34,244 [main] INFO  net.NodeSchemaLoader (NodeSchemaLoader.java:loadSchema(171)) - Loading network topology layer schema file
2019-09-20 08:50:34,329 [main] WARN  server.ServerUtils (ServerUtils.java:sanitizeUserArgs(70)) - ozone.scm.stale.node.interval value = 300000 is larger than max = 100000 based on the key value of ozone.scm.heartbeat.thread.interval, reset to the max value 100000.
2019-09-20 08:50:34,331 [main] WARN  server.ServerUtils (ServerUtils.java:sanitizeUserArgs(70)) - ozone.scm.stale.node.interval value = 300000 is larger than max = 100000 based on the key value of ozone.scm.heartbeat.thread.interval, reset to the max value 100000.
2019-09-20 08:50:34,333 [main] INFO  node.SCMNodeManager (SCMNodeManager.java:<init>(121)) - Entering startup safe mode.
2019-09-20 08:50:34,410 [main] INFO  algorithms.ContainerPlacementPolicyFactory (ContainerPlacementPolicyFactory.java:getPolicy(56)) - Create container placement policy of type org.apache.hadoop.hdds.scm.container.placement.algorithms.SCMContainerPlacementRandom
2019-09-20 08:50:34,431 [main] WARN  server.ServerUtils (ServerUtils.java:getScmDbDir(145)) - ozone.scm.db.dirs is not configured. We recommend adding this setting. Falling back to ozone.metadata.dirs instead.
2019-09-20 08:50:34,549 [main] INFO  pipeline.SCMPipelineManager (SCMPipelineManager.java:initializePipelineState(126)) - No pipeline exists in current db
2019-09-20 08:50:34,553 [main] WARN  server.ServerUtils (ServerUtils.java:getScmDbDir(145)) - ozone.scm.db.dirs is not configured. We recommend adding this setting. Falling back to ozone.metadata.dirs instead.
2019-09-20 08:50:34,691 [main] WARN  events.EventQueue (EventQueue.java:fireEvent(175)) - No event handler registered for event TypedEvent{payloadType=SafeModeStatus, name='SafeModeStatus'}
2019-09-20 08:50:35,122 [main] INFO  ipc.CallQueueManager (CallQueueManager.java:<init>(84)) - Using callQueue: class java.util.concurrent.LinkedBlockingQueue, queueCapacity: 2000, scheduler: class org.apache.hadoop.ipc.DefaultRpcScheduler, ipcBackoff: false.
2019-09-20 08:50:35,412 [Socket Reader #1 for port 37457] INFO  ipc.Server (Server.java:run(1074)) - Starting Socket Reader #1 for port 37457
2019-09-20 08:50:35,445 [main] INFO  ipc.CallQueueManager (CallQueueManager.java:<init>(84)) - Using callQueue: class java.util.concurrent.LinkedBlockingQueue, queueCapacity: 2000, scheduler: class org.apache.hadoop.ipc.DefaultRpcScheduler, ipcBackoff: false.
2019-09-20 08:50:35,446 [Socket Reader #1 for port 35288] INFO  ipc.Server (Server.java:run(1074)) - Starting Socket Reader #1 for port 35288
2019-09-20 08:50:35,455 [main] INFO  ipc.CallQueueManager (CallQueueManager.java:<init>(84)) - Using callQueue: class java.util.concurrent.LinkedBlockingQueue, queueCapacity: 2000, scheduler: class org.apache.hadoop.ipc.DefaultRpcScheduler, ipcBackoff: false.
2019-09-20 08:50:35,456 [Socket Reader #1 for port 43202] INFO  ipc.Server (Server.java:run(1074)) - Starting Socket Reader #1 for port 43202
2019-09-20 08:50:35,482 [main] INFO  hdfs.DFSUtil (DFSUtil.java:httpServerTemplateForNNAndJN(1641)) - Starting Web-server for scm at: http://0.0.0.0:0
2019-09-20 08:50:35,605 [main] INFO  server.AuthenticationFilter (AuthenticationFilter.java:constructSecretProvider(240)) - Unable to initialize FileSignerSecretProvider, falling back to use random secrets.
2019-09-20 08:50:35,621 [main] WARN  http.HttpRequestLog (HttpRequestLog.java:getRequestLog(97)) - Jetty request log can only be enabled using Log4j
2019-09-20 08:50:35,631 [main] INFO  http.HttpServer2 (HttpServer2.java:addGlobalFilter(975)) - Added global filter 'safety' (class=org.apache.hadoop.http.HttpServer2$QuotingInputFilter)
2019-09-20 08:50:35,634 [main] INFO  http.HttpServer2 (HttpServer2.java:addFilter(948)) - Added filter static_user_filter (class=org.apache.hadoop.http.lib.StaticUserWebFilter$StaticUserFilter) to context scm
2019-09-20 08:50:35,634 [main] INFO  http.HttpServer2 (HttpServer2.java:addFilter(958)) - Added filter static_user_filter (class=org.apache.hadoop.http.lib.StaticUserWebFilter$StaticUserFilter) to context static
2019-09-20 08:50:35,634 [main] INFO  http.HttpServer2 (HttpServer2.java:addFilter(958)) - Added filter static_user_filter (class=org.apache.hadoop.http.lib.StaticUserWebFilter$StaticUserFilter) to context logs
2019-09-20 08:50:35,677 [main] INFO  server.StorageContainerManager (StorageContainerManager.java:start(759)) - StorageContainerLocationProtocol RPC server is listening at /0.0.0.0:43202
2019-09-20 08:50:35,752 [main] WARN  impl.MetricsConfig (MetricsConfig.java:loadFirst(134)) - Cannot locate configuration: tried hadoop-metrics2-storagecontainermanager.properties,hadoop-metrics2.properties
2019-09-20 08:50:35,768 [main] INFO  impl.MetricsSystemImpl (MetricsSystemImpl.java:startTimer(374)) - Scheduled Metric snapshot period at 10 second(s).
2019-09-20 08:50:35,768 [main] INFO  impl.MetricsSystemImpl (MetricsSystemImpl.java:start(191)) - StorageContainerManager metrics system started
2019-09-20 08:50:36,025 [main] INFO  server.SCMClientProtocolServer (SCMClientProtocolServer.java:start(151)) - RPC server for Client  is listening at /0.0.0.0:43202
2019-09-20 08:50:36,026 [IPC Server Responder] INFO  ipc.Server (Server.java:run(1314)) - IPC Server Responder: starting
2019-09-20 08:50:36,026 [IPC Server listener on 43202] INFO  ipc.Server (Server.java:run(1153)) - IPC Server listener on 43202: starting
2019-09-20 08:50:36,029 [main] INFO  server.StorageContainerManager (StorageContainerManager.java:start(769)) - ScmBlockLocationProtocol RPC server is listening at /0.0.0.0:35288
2019-09-20 08:50:36,029 [main] INFO  server.SCMBlockProtocolServer (SCMBlockProtocolServer.java:start(140)) - RPC server for Block Protocol is listening at /0.0.0.0:35288
2019-09-20 08:50:36,029 [IPC Server Responder] INFO  ipc.Server (Server.java:run(1314)) - IPC Server Responder: starting
2019-09-20 08:50:36,029 [IPC Server listener on 35288] INFO  ipc.Server (Server.java:run(1153)) - IPC Server listener on 35288: starting
2019-09-20 08:50:36,032 [main] INFO  server.StorageContainerManager (StorageContainerManager.java:start(773)) - ScmDatanodeProtocl RPC server is listening at /0.0.0.0:37457
2019-09-20 08:50:36,032 [main] INFO  server.SCMDatanodeProtocolServer (SCMDatanodeProtocolServer.java:start(191)) - RPC server for DataNodes is listening at /0.0.0.0:37457
2019-09-20 08:50:36,033 [IPC Server Responder] INFO  ipc.Server (Server.java:run(1314)) - IPC Server Responder: starting
2019-09-20 08:50:36,033 [IPC Server listener on 37457] INFO  ipc.Server (Server.java:run(1153)) - IPC Server listener on 37457: starting
2019-09-20 08:50:36,036 [main] INFO  http.HttpServer2 (HttpServer2.java:bindListener(1191)) - Jetty bound to port 39385
2019-09-20 08:50:36,038 [main] INFO  server.Server (Server.java:doStart(351)) - jetty-9.3.24.v20180605, build timestamp: 2018-06-05T17:11:56Z, git hash: 84205aa28f11a4f31f2a3b86d1bba2cc8ab69827
2019-09-20 08:50:36,072 [main] INFO  handler.ContextHandler (ContextHandler.java:doStart(781)) - Started o.e.j.s.ServletContextHandler@435fb7b5{/logs,file:///workdir/hadoop-ozone/tools/target/log,AVAILABLE}
2019-09-20 08:50:36,072 [main] INFO  handler.ContextHandler (ContextHandler.java:doStart(781)) - Started o.e.j.s.ServletContextHandler@5733f295{/static,jar:file:/home/user/.m2/repository/org/apache/hadoop/hadoop-hdds-server-scm/0.5.0-SNAPSHOT/hadoop-hdds-server-scm-0.5.0-SNAPSHOT.jar!/webapps/static,AVAILABLE}
2019-09-20 08:50:36,146 [main] INFO  handler.ContextHandler (ContextHandler.java:doStart(781)) - Started o.e.j.w.WebAppContext@50305a{/,file:///tmp/jetty-0.0.0.0-39385-scm-_-any-6717839010749252564.dir/webapp/,AVAILABLE}{/scm}
2019-09-20 08:50:36,151 [main] INFO  server.AbstractConnector (AbstractConnector.java:doStart(278)) - Started ServerConnector@120f38e6{HTTP/1.1,[http/1.1]}{0.0.0.0:39385}
2019-09-20 08:50:36,152 [main] INFO  server.Server (Server.java:doStart(419)) - Started @3240ms
2019-09-20 08:50:36,153 [main] INFO  server.BaseHttpServer (BaseHttpServer.java:updateConnectorAddress(213)) - HTTP server of SCM is listening at http://0.0.0.0:39385
2019-09-20 08:50:36,159 [org.apache.hadoop.util.JvmPauseMonitor$Monitor@29ad44e3] INFO  util.JvmPauseMonitor (JvmPauseMonitor.java:run(188)) - Starting JVM pause monitor
2019-09-20 08:50:36,161 [main] WARN  server.ServerUtils (ServerUtils.java:getDBPath(222)) - ozone.om.db.dirs is not configured. We recommend adding this setting. Falling back to ozone.metadata.dirs instead.
2019-09-20 08:50:36,297 [main] WARN  server.ServerUtils (ServerUtils.java:getDBPath(222)) - ozone.om.db.dirs is not configured. We recommend adding this setting. Falling back to ozone.metadata.dirs instead.
2019-09-20 08:50:36,298 [main] WARN  server.ServerUtils (ServerUtils.java:getDBPath(222)) - ozone.om.db.dirs is not configured. We recommend adding this setting. Falling back to ozone.metadata.dirs instead.
2019-09-20 08:50:36,299 [main] INFO  om.OzoneManager (OzoneManager.java:setOMNodeDetails(645)) - OM Service ID is not set. Setting it to the default ID: omServiceIdDefault
2019-09-20 08:50:36,299 [main] INFO  om.OzoneManager (OzoneManager.java:setOMNodeDetails(651)) - OM Node ID is not set. Setting it to the OmStorage's OmID: de213d33-d5bc-4e32-9ee1-d102376c7a7f
2019-09-20 08:50:36,300 [main] INFO  om.OzoneManager (OzoneManager.java:loadOMHAConfigs(602)) - Found matching OM address with OMServiceId: null, OMNodeId: null, RPC Address: localhost:0 and Ratis port: 9872
2019-09-20 08:50:36,572 | INFO  | SCMAudit | user=jenkins1000 | ip=192.168.36.79 | op=GET_SCM_INFO null | ret=SUCCESS |  
2019-09-20 08:50:37,024 [main] WARN  server.ServerUtils (ServerUtils.java:getDBPath(222)) - ozone.om.db.dirs is not configured. We recommend adding this setting. Falling back to ozone.metadata.dirs instead.
2019-09-20 08:50:37,034 [main] INFO  db.DBStoreBuilder (DBStoreBuilder.java:addTable(110)) - using custom profile for table: userTable
2019-09-20 08:50:37,035 [main] INFO  db.DBStoreBuilder (DBStoreBuilder.java:processTables(161)) - Using default column profile:DBProfile.DISK for Table:userTable
2019-09-20 08:50:37,035 [main] INFO  db.DBStoreBuilder (DBStoreBuilder.java:addTable(110)) - using custom profile for table: volumeTable
2019-09-20 08:50:37,036 [main] INFO  db.DBStoreBuilder (DBStoreBuilder.java:processTables(161)) - Using default column profile:DBProfile.DISK for Table:volumeTable
2019-09-20 08:50:37,037 [main] INFO  db.DBStoreBuilder (DBStoreBuilder.java:addTable(110)) - using custom profile for table: bucketTable
2019-09-20 08:50:37,037 [main] INFO  db.DBStoreBuilder (DBStoreBuilder.java:processTables(161)) - Using default column profile:DBProfile.DISK for Table:bucketTable
2019-09-20 08:50:37,038 [main] INFO  db.DBStoreBuilder (DBStoreBuilder.java:addTable(110)) - using custom profile for table: keyTable
2019-09-20 08:50:37,038 [main] INFO  db.DBStoreBuilder (DBStoreBuilder.java:processTables(161)) - Using default column profile:DBProfile.DISK for Table:keyTable
2019-09-20 08:50:37,039 [main] INFO  db.DBStoreBuilder (DBStoreBuilder.java:addTable(110)) - using custom profile for table: deletedTable
2019-09-20 08:50:37,039 [main] INFO  db.DBStoreBuilder (DBStoreBuilder.java:processTables(161)) - Using default column profile:DBProfile.DISK for Table:deletedTable
2019-09-20 08:50:37,040 [main] INFO  db.DBStoreBuilder (DBStoreBuilder.java:addTable(110)) - using custom profile for table: openKeyTable
2019-09-20 08:50:37,040 [main] INFO  db.DBStoreBuilder (DBStoreBuilder.java:processTables(161)) - Using default column profile:DBProfile.DISK for Table:openKeyTable
2019-09-20 08:50:37,041 [main] INFO  db.DBStoreBuilder (DBStoreBuilder.java:addTable(110)) - using custom profile for table: s3Table
2019-09-20 08:50:37,041 [main] INFO  db.DBStoreBuilder (DBStoreBuilder.java:processTables(161)) - Using default column profile:DBProfile.DISK for Table:s3Table
2019-09-20 08:50:37,042 [main] INFO  db.DBStoreBuilder (DBStoreBuilder.java:addTable(110)) - using custom profile for table: multipartInfoTable
2019-09-20 08:50:37,042 [main] INFO  db.DBStoreBuilder (DBStoreBuilder.java:processTables(161)) - Using default column profile:DBProfile.DISK for Table:multipartInfoTable
2019-09-20 08:50:37,042 [main] INFO  db.DBStoreBuilder (DBStoreBuilder.java:addTable(110)) - using custom profile for table: dTokenTable
2019-09-20 08:50:37,043 [main] INFO  db.DBStoreBuilder (DBStoreBuilder.java:processTables(161)) - Using default column profile:DBProfile.DISK for Table:dTokenTable
2019-09-20 08:50:37,043 [main] INFO  db.DBStoreBuilder (DBStoreBuilder.java:addTable(110)) - using custom profile for table: s3SecretTable
2019-09-20 08:50:37,044 [main] INFO  db.DBStoreBuilder (DBStoreBuilder.java:processTables(161)) - Using default column profile:DBProfile.DISK for Table:s3SecretTable
2019-09-20 08:50:37,044 [main] INFO  db.DBStoreBuilder (DBStoreBuilder.java:addTable(110)) - using custom profile for table: prefixTable
2019-09-20 08:50:37,045 [main] INFO  db.DBStoreBuilder (DBStoreBuilder.java:processTables(161)) - Using default column profile:DBProfile.DISK for Table:prefixTable
2019-09-20 08:50:37,045 [main] INFO  db.DBStoreBuilder (DBStoreBuilder.java:addTable(110)) - using custom profile for table: default
2019-09-20 08:50:37,045 [main] INFO  db.DBStoreBuilder (DBStoreBuilder.java:processTables(167)) - Using default column profile:DBProfile.DISK for Table:default
2019-09-20 08:50:37,046 [main] INFO  db.DBStoreBuilder (DBStoreBuilder.java:getDbProfile(198)) - Using default options. DBProfile.DISK
2019-09-20 08:50:37,647 [main] INFO  ipc.CallQueueManager (CallQueueManager.java:<init>(84)) - Using callQueue: class java.util.concurrent.LinkedBlockingQueue, queueCapacity: 2000, scheduler: class org.apache.hadoop.ipc.DefaultRpcScheduler, ipcBackoff: false.
2019-09-20 08:50:37,648 [Socket Reader #1 for port 34616] INFO  ipc.Server (Server.java:run(1074)) - Starting Socket Reader #1 for port 34616
2019-09-20 08:50:37,672 [main] INFO  om.OzoneManager (OzoneManager.java:start(1256)) - OzoneManager RPC server is listening at localhost/127.0.0.1:34616
2019-09-20 08:50:37,673 [main] INFO  impl.MetricsSystemImpl (MetricsSystemImpl.java:init(158)) - OzoneManager metrics system started (again)
2019-09-20 08:50:37,674 [IPC Server Responder] INFO  ipc.Server (Server.java:run(1314)) - IPC Server Responder: starting
2019-09-20 08:50:37,674 [IPC Server listener on 34616] INFO  ipc.Server (Server.java:run(1153)) - IPC Server listener on 34616: starting
2019-09-20 08:50:37,680 [main] INFO  hdfs.DFSUtil (DFSUtil.java:httpServerTemplateForNNAndJN(1641)) - Starting Web-server for ozoneManager at: http://0.0.0.0:0
2019-09-20 08:50:37,681 [main] INFO  server.AuthenticationFilter (AuthenticationFilter.java:constructSecretProvider(240)) - Unable to initialize FileSignerSecretProvider, falling back to use random secrets.
2019-09-20 08:50:37,682 [main] WARN  http.HttpRequestLog (HttpRequestLog.java:getRequestLog(97)) - Jetty request log can only be enabled using Log4j
2019-09-20 08:50:37,885 [main] INFO  http.HttpServer2 (HttpServer2.java:addGlobalFilter(975)) - Added global filter 'safety' (class=org.apache.hadoop.http.HttpServer2$QuotingInputFilter)
2019-09-20 08:50:37,886 [main] INFO  http.HttpServer2 (HttpServer2.java:addFilter(948)) - Added filter static_user_filter (class=org.apache.hadoop.http.lib.StaticUserWebFilter$StaticUserFilter) to context ozoneManager
2019-09-20 08:50:37,886 [main] INFO  http.HttpServer2 (HttpServer2.java:addFilter(958)) - Added filter static_user_filter (class=org.apache.hadoop.http.lib.StaticUserWebFilter$StaticUserFilter) to context static
2019-09-20 08:50:37,887 [main] INFO  http.HttpServer2 (HttpServer2.java:addFilter(958)) - Added filter static_user_filter (class=org.apache.hadoop.http.lib.StaticUserWebFilter$StaticUserFilter) to context logs
2019-09-20 08:50:37,892 [main] INFO  http.HttpServer2 (HttpServer2.java:bindListener(1191)) - Jetty bound to port 41595
2019-09-20 08:50:37,892 [main] INFO  server.Server (Server.java:doStart(351)) - jetty-9.3.24.v20180605, build timestamp: 2018-06-05T17:11:56Z, git hash: 84205aa28f11a4f31f2a3b86d1bba2cc8ab69827
2019-09-20 08:50:37,895 [main] INFO  handler.ContextHandler (ContextHandler.java:doStart(781)) - Started o.e.j.s.ServletContextHandler@28d79cba{/logs,file:///workdir/hadoop-ozone/tools/target/log,AVAILABLE}
2019-09-20 08:50:37,896 [main] INFO  handler.ContextHandler (ContextHandler.java:doStart(781)) - Started o.e.j.s.ServletContextHandler@29f0c4f2{/static,jar:file:/home/user/.m2/repository/org/apache/hadoop/hadoop-ozone-ozone-manager/0.5.0-SNAPSHOT/hadoop-ozone-ozone-manager-0.5.0-SNAPSHOT.jar!/webapps/static,AVAILABLE}
2019-09-20 08:50:37,967 [main] INFO  handler.ContextHandler (ContextHandler.java:doStart(781)) - Started o.e.j.w.WebAppContext@35d3ab60{/,file:///tmp/jetty-0.0.0.0-41595-ozoneManager-_-any-3504939775479448448.dir/webapp/,AVAILABLE}{/ozoneManager}
2019-09-20 08:50:37,968 [main] INFO  server.AbstractConnector (AbstractConnector.java:doStart(278)) - Started ServerConnector@10876a6{HTTP/1.1,[http/1.1]}{0.0.0.0:41595}
2019-09-20 08:50:37,970 [main] INFO  server.Server (Server.java:doStart(419)) - Started @5057ms
2019-09-20 08:50:37,971 [main] INFO  server.BaseHttpServer (BaseHttpServer.java:updateConnectorAddress(213)) - HTTP server of OZONEMANAGER is listening at http://0.0.0.0:41595
2019-09-20 08:50:38,135 [main] INFO  impl.MetricsSystemImpl (MetricsSystemImpl.java:init(158)) - HddsDatanode metrics system started (again)
2019-09-20 08:50:38,214 [main] INFO  ozone.HddsDatanodeService (HddsDatanodeService.java:start(184)) - HddsDatanodeService host:pr-hdds-1569-s8kj2-2266485376 ip:192.168.36.79
2019-09-20 08:50:38,246 [main] INFO  volume.HddsVolume (HddsVolume.java:<init>(176)) - Creating Volume: /workdir/hadoop-ozone/tools/target/test-dir/MiniOzoneClusterImpl-1a1f1bd1-ce73-4756-923c-f2264fe476d0/datanode-0/data/containers/hdds of  storage type : DISK and capacity : 1482555576320
2019-09-20 08:50:38,248 [main] INFO  volume.VolumeSet (VolumeSet.java:initializeVolumeSet(170)) - Added Volume : /workdir/hadoop-ozone/tools/target/test-dir/MiniOzoneClusterImpl-1a1f1bd1-ce73-4756-923c-f2264fe476d0/datanode-0/data/containers/hdds to VolumeSet
2019-09-20 08:50:38,251 [main] INFO  volume.ThrottledAsyncChecker (ThrottledAsyncChecker.java:schedule(140)) - Scheduling a check for org.apache.hadoop.ozone.container.common.volume.HddsVolume@38018b62
2019-09-20 08:50:38,268 [main] INFO  volume.HddsVolumeChecker (HddsVolumeChecker.java:checkAllVolumes(203)) - Scheduled health check for volume org.apache.hadoop.ozone.container.common.volume.HddsVolume@38018b62
2019-09-20 08:50:38,374 [main] INFO  impl.RaftServerProxy (ConfUtils.java:logGet(43)) - raft.rpc.type = GRPC (default)
2019-09-20 08:50:38,462 [main] INFO  grpc.GrpcFactory (GrpcFactory.java:checkPooledByteBufAllocatorUseCacheForAllThreads(45)) - PERFORMANCE WARNING: useCacheForAllThreads is true that may cause Netty to create a lot garbage objects and, as a result, trigger GC.
	It is recommended to disable useCacheForAllThreads by setting -Dorg.apache.ratis.thirdparty.io.netty.allocator.useCacheForAllThreads=false in command line.
2019-09-20 08:50:38,468 [main] INFO  grpc.GrpcConfigKeys$Server (ConfUtils.java:logGet(43)) - raft.grpc.server.port = 0 (default)
2019-09-20 08:50:38,469 [main] INFO  server.GrpcService (ConfUtils.java:logGet(43)) - raft.grpc.message.size.max = 33570816 (custom)
2019-09-20 08:50:38,471 [main] INFO  server.RaftServerConfigKeys (ConfUtils.java:logGet(43)) - raft.server.log.appender.buffer.byte-limit = 33554432 (custom)
2019-09-20 08:50:38,472 [main] INFO  server.GrpcService (ConfUtils.java:logGet(43)) - raft.grpc.flow.control.window = 1MB (=1048576) (default)
2019-09-20 08:50:38,473 [main] INFO  server.RaftServerConfigKeys (ConfUtils.java:logGet(43)) - raft.server.rpc.request.timeout = 3000ms (default)
2019-09-20 08:50:38,640 [main] INFO  server.RaftServerConfigKeys (ConfUtils.java:logGet(43)) - raft.server.storage.dir = [/workdir/hadoop-ozone/tools/target/test-dir/MiniOzoneClusterImpl-1a1f1bd1-ce73-4756-923c-f2264fe476d0/datanode-0/data/ratis] (custom)
2019-09-20 08:50:38,678 [main] INFO  replication.SimpleContainerDownloader (SimpleContainerDownloader.java:<init>(72)) - Starting container downloader service to copy containers to replicate.
2019-09-20 08:50:38,691 [main] INFO  hdfs.DFSUtil (DFSUtil.java:httpServerTemplateForNNAndJN(1641)) - Starting Web-server for hddsDatanode at: http://0.0.0.0:0
2019-09-20 08:50:38,693 [main] INFO  server.AuthenticationFilter (AuthenticationFilter.java:constructSecretProvider(240)) - Unable to initialize FileSignerSecretProvider, falling back to use random secrets.
2019-09-20 08:50:38,694 [main] WARN  http.HttpRequestLog (HttpRequestLog.java:getRequestLog(97)) - Jetty request log can only be enabled using Log4j
2019-09-20 08:50:38,695 [main] INFO  http.HttpServer2 (HttpServer2.java:addGlobalFilter(975)) - Added global filter 'safety' (class=org.apache.hadoop.http.HttpServer2$QuotingInputFilter)
2019-09-20 08:50:38,696 [main] INFO  http.HttpServer2 (HttpServer2.java:addFilter(948)) - Added filter static_user_filter (class=org.apache.hadoop.http.lib.StaticUserWebFilter$StaticUserFilter) to context hddsDatanode
2019-09-20 08:50:38,696 [main] INFO  http.HttpServer2 (HttpServer2.java:addFilter(958)) - Added filter static_user_filter (class=org.apache.hadoop.http.lib.StaticUserWebFilter$StaticUserFilter) to context logs
2019-09-20 08:50:38,696 [main] INFO  http.HttpServer2 (HttpServer2.java:addFilter(958)) - Added filter static_user_filter (class=org.apache.hadoop.http.lib.StaticUserWebFilter$StaticUserFilter) to context static
2019-09-20 08:50:38,698 [main] INFO  http.HttpServer2 (HttpServer2.java:bindListener(1191)) - Jetty bound to port 41866
2019-09-20 08:50:38,698 [main] INFO  server.Server (Server.java:doStart(351)) - jetty-9.3.24.v20180605, build timestamp: 2018-06-05T17:11:56Z, git hash: 84205aa28f11a4f31f2a3b86d1bba2cc8ab69827
2019-09-20 08:50:38,700 [main] INFO  handler.ContextHandler (ContextHandler.java:doStart(781)) - Started o.e.j.s.ServletContextHandler@250a500b{/logs,file:///workdir/hadoop-ozone/tools/target/log,AVAILABLE}
2019-09-20 08:50:38,701 [main] INFO  handler.ContextHandler (ContextHandler.java:doStart(781)) - Started o.e.j.s.ServletContextHandler@4f89331f{/static,jar:file:/home/user/.m2/repository/org/apache/hadoop/hadoop-hdds-container-service/0.5.0-SNAPSHOT/hadoop-hdds-container-service-0.5.0-SNAPSHOT.jar!/webapps/static,AVAILABLE}
2019-09-20 08:50:38,729 [main] INFO  handler.ContextHandler (ContextHandler.java:doStart(781)) - Started o.e.j.w.WebAppContext@6ad16c5d{/,file:///tmp/jetty-0.0.0.0-41866-hddsDatanode-_-any-1974753691866499052.dir/webapp/,AVAILABLE}{/hddsDatanode}
2019-09-20 08:50:38,730 [main] INFO  server.AbstractConnector (AbstractConnector.java:doStart(278)) - Started ServerConnector@74ea46e2{HTTP/1.1,[http/1.1]}{0.0.0.0:41866}
2019-09-20 08:50:38,731 [main] INFO  server.Server (Server.java:doStart(419)) - Started @5819ms
2019-09-20 08:50:38,732 [main] INFO  server.BaseHttpServer (BaseHttpServer.java:updateConnectorAddress(213)) - HTTP server of HDDSDATANODE is listening at http://0.0.0.0:41866
2019-09-20 08:50:39,897 | INFO  | ObjectStoreRestHttpServer | Listening HDDS REST traffic on /0.0.0.0:43077 |  
2019-09-20 08:50:39,899 [main] INFO  ozone.HddsDatanodeService (HddsDatanodeService.java:startPlugins(395)) - Started plug-in org.apache.hadoop.ozone.web.OzoneHddsDatanodeService@413d2cd1
2019-09-20 08:50:39,902 [main] INFO  impl.MetricsSystemImpl (MetricsSystemImpl.java:init(158)) - HddsDatanode metrics system started (again)
2019-09-20 08:50:39,906 [main] INFO  ozone.HddsDatanodeService (HddsDatanodeService.java:start(184)) - HddsDatanodeService host:pr-hdds-1569-s8kj2-2266485376 ip:192.168.36.79
2019-09-20 08:50:39,910 [org.apache.hadoop.util.JvmPauseMonitor$Monitor@76129237] INFO  util.JvmPauseMonitor (JvmPauseMonitor.java:run(188)) - Starting JVM pause monitor
2019-09-20 08:50:39,918 [main] INFO  volume.HddsVolume (HddsVolume.java:<init>(176)) - Creating Volume: /workdir/hadoop-ozone/tools/target/test-dir/MiniOzoneClusterImpl-1a1f1bd1-ce73-4756-923c-f2264fe476d0/datanode-1/data/containers/hdds of  storage type : DISK and capacity : 1482555576320
2019-09-20 08:50:39,919 [main] INFO  volume.VolumeSet (VolumeSet.java:initializeVolumeSet(170)) - Added Volume : /workdir/hadoop-ozone/tools/target/test-dir/MiniOzoneClusterImpl-1a1f1bd1-ce73-4756-923c-f2264fe476d0/datanode-1/data/containers/hdds to VolumeSet
2019-09-20 08:50:39,921 [main] INFO  volume.ThrottledAsyncChecker (ThrottledAsyncChecker.java:schedule(140)) - Scheduling a check for org.apache.hadoop.ozone.container.common.volume.HddsVolume@79627d27
2019-09-20 08:50:39,922 [main] INFO  volume.HddsVolumeChecker (HddsVolumeChecker.java:checkAllVolumes(203)) - Scheduled health check for volume org.apache.hadoop.ozone.container.common.volume.HddsVolume@79627d27
2019-09-20 08:50:39,951 [main] INFO  impl.RaftServerProxy (ConfUtils.java:logGet(43)) - raft.rpc.type = GRPC (default)
2019-09-20 08:50:39,952 [main] INFO  grpc.GrpcFactory (GrpcFactory.java:checkPooledByteBufAllocatorUseCacheForAllThreads(45)) - PERFORMANCE WARNING: useCacheForAllThreads is true that may cause Netty to create a lot garbage objects and, as a result, trigger GC.
	It is recommended to disable useCacheForAllThreads by setting -Dorg.apache.ratis.thirdparty.io.netty.allocator.useCacheForAllThreads=false in command line.
2019-09-20 08:50:39,952 [main] INFO  grpc.GrpcConfigKeys$Server (ConfUtils.java:logGet(43)) - raft.grpc.server.port = 0 (default)
2019-09-20 08:50:39,953 [main] INFO  server.GrpcService (ConfUtils.java:logGet(43)) - raft.grpc.message.size.max = 33570816 (custom)
2019-09-20 08:50:39,953 [main] INFO  server.RaftServerConfigKeys (ConfUtils.java:logGet(43)) - raft.server.log.appender.buffer.byte-limit = 33554432 (custom)
2019-09-20 08:50:39,953 [main] INFO  server.GrpcService (ConfUtils.java:logGet(43)) - raft.grpc.flow.control.window = 1MB (=1048576) (default)
2019-09-20 08:50:39,954 [main] INFO  server.RaftServerConfigKeys (ConfUtils.java:logGet(43)) - raft.server.rpc.request.timeout = 3000ms (default)
2019-09-20 08:50:39,954 [main] INFO  server.RaftServerConfigKeys (ConfUtils.java:logGet(43)) - raft.server.storage.dir = [/workdir/hadoop-ozone/tools/target/test-dir/MiniOzoneClusterImpl-1a1f1bd1-ce73-4756-923c-f2264fe476d0/datanode-1/data/ratis] (custom)
2019-09-20 08:50:39,955 [main] INFO  replication.SimpleContainerDownloader (SimpleContainerDownloader.java:<init>(72)) - Starting container downloader service to copy containers to replicate.
2019-09-20 08:50:39,957 [main] INFO  hdfs.DFSUtil (DFSUtil.java:httpServerTemplateForNNAndJN(1641)) - Starting Web-server for hddsDatanode at: http://0.0.0.0:0
2019-09-20 08:50:39,959 [main] INFO  server.AuthenticationFilter (AuthenticationFilter.java:constructSecretProvider(240)) - Unable to initialize FileSignerSecretProvider, falling back to use random secrets.
2019-09-20 08:50:39,961 [main] WARN  http.HttpRequestLog (HttpRequestLog.java:getRequestLog(97)) - Jetty request log can only be enabled using Log4j
2019-09-20 08:50:39,963 [main] INFO  http.HttpServer2 (HttpServer2.java:addGlobalFilter(975)) - Added global filter 'safety' (class=org.apache.hadoop.http.HttpServer2$QuotingInputFilter)
2019-09-20 08:50:39,964 [main] INFO  http.HttpServer2 (HttpServer2.java:addFilter(948)) - Added filter static_user_filter (class=org.apache.hadoop.http.lib.StaticUserWebFilter$StaticUserFilter) to context hddsDatanode
2019-09-20 08:50:39,964 [main] INFO  http.HttpServer2 (HttpServer2.java:addFilter(958)) - Added filter static_user_filter (class=org.apache.hadoop.http.lib.StaticUserWebFilter$StaticUserFilter) to context logs
2019-09-20 08:50:39,964 [main] INFO  http.HttpServer2 (HttpServer2.java:addFilter(958)) - Added filter static_user_filter (class=org.apache.hadoop.http.lib.StaticUserWebFilter$StaticUserFilter) to context static
2019-09-20 08:50:39,965 [main] INFO  http.HttpServer2 (HttpServer2.java:bindListener(1191)) - Jetty bound to port 38845
2019-09-20 08:50:39,966 [main] INFO  server.Server (Server.java:doStart(351)) - jetty-9.3.24.v20180605, build timestamp: 2018-06-05T17:11:56Z, git hash: 84205aa28f11a4f31f2a3b86d1bba2cc8ab69827
2019-09-20 08:50:39,972 [main] INFO  handler.ContextHandler (ContextHandler.java:doStart(781)) - Started o.e.j.s.ServletContextHandler@608cd501{/logs,file:///workdir/hadoop-ozone/tools/target/log,AVAILABLE}
2019-09-20 08:50:39,973 [main] INFO  handler.ContextHandler (ContextHandler.java:doStart(781)) - Started o.e.j.s.ServletContextHandler@59096b66{/static,jar:file:/home/user/.m2/repository/org/apache/hadoop/hadoop-hdds-container-service/0.5.0-SNAPSHOT/hadoop-hdds-container-service-0.5.0-SNAPSHOT.jar!/webapps/static,AVAILABLE}
2019-09-20 08:50:40,010 [main] INFO  handler.ContextHandler (ContextHandler.java:doStart(781)) - Started o.e.j.w.WebAppContext@6fa02932{/,file:///tmp/jetty-0.0.0.0-38845-hddsDatanode-_-any-2277235093649502716.dir/webapp/,AVAILABLE}{/hddsDatanode}
2019-09-20 08:50:40,011 [main] INFO  server.AbstractConnector (AbstractConnector.java:doStart(278)) - Started ServerConnector@61608e1a{HTTP/1.1,[http/1.1]}{0.0.0.0:38845}
2019-09-20 08:50:40,011 [main] INFO  server.Server (Server.java:doStart(419)) - Started @7100ms
2019-09-20 08:50:40,014 [main] INFO  server.BaseHttpServer (BaseHttpServer.java:updateConnectorAddress(213)) - HTTP server of HDDSDATANODE is listening at http://0.0.0.0:38845
2019-09-20 08:50:40,038 [Datanode State Machine Thread - 0] INFO  datanode.InitDatanodeState (InitDatanodeState.java:persistContainerDatanodeDetails(140)) - DatanodeDetails is persisted to /workdir/hadoop-ozone/tools/target/test-dir/MiniOzoneClusterImpl-1a1f1bd1-ce73-4756-923c-f2264fe476d0/datanode-0/meta/datanode.id
2019-09-20 08:50:40,180 | INFO  | ObjectStoreRestHttpServer | Listening HDDS REST traffic on /0.0.0.0:39875 |  
2019-09-20 08:50:40,180 [main] INFO  ozone.HddsDatanodeService (HddsDatanodeService.java:startPlugins(395)) - Started plug-in org.apache.hadoop.ozone.web.OzoneHddsDatanodeService@68ea253b
2019-09-20 08:50:40,181 [main] INFO  impl.MetricsSystemImpl (MetricsSystemImpl.java:init(158)) - HddsDatanode metrics system started (again)
2019-09-20 08:50:40,184 [main] INFO  ozone.HddsDatanodeService (HddsDatanodeService.java:start(184)) - HddsDatanodeService host:pr-hdds-1569-s8kj2-2266485376 ip:192.168.36.79
2019-09-20 08:50:40,184 [org.apache.hadoop.util.JvmPauseMonitor$Monitor@5ec3bbd1] INFO  util.JvmPauseMonitor (JvmPauseMonitor.java:run(188)) - Starting JVM pause monitor
2019-09-20 08:50:40,191 [Datanode State Machine Thread - 0] INFO  datanode.InitDatanodeState (InitDatanodeState.java:persistContainerDatanodeDetails(140)) - DatanodeDetails is persisted to /workdir/hadoop-ozone/tools/target/test-dir/MiniOzoneClusterImpl-1a1f1bd1-ce73-4756-923c-f2264fe476d0/datanode-1/meta/datanode.id
2019-09-20 08:50:40,198 [main] INFO  volume.HddsVolume (HddsVolume.java:<init>(176)) - Creating Volume: /workdir/hadoop-ozone/tools/target/test-dir/MiniOzoneClusterImpl-1a1f1bd1-ce73-4756-923c-f2264fe476d0/datanode-2/data/containers/hdds of  storage type : DISK and capacity : 1482555576320
2019-09-20 08:50:40,199 [main] INFO  volume.VolumeSet (VolumeSet.java:initializeVolumeSet(170)) - Added Volume : /workdir/hadoop-ozone/tools/target/test-dir/MiniOzoneClusterImpl-1a1f1bd1-ce73-4756-923c-f2264fe476d0/datanode-2/data/containers/hdds to VolumeSet
2019-09-20 08:50:40,199 [main] INFO  volume.ThrottledAsyncChecker (ThrottledAsyncChecker.java:schedule(140)) - Scheduling a check for org.apache.hadoop.ozone.container.common.volume.HddsVolume@4f081b5d
2019-09-20 08:50:40,200 [main] INFO  volume.HddsVolumeChecker (HddsVolumeChecker.java:checkAllVolumes(203)) - Scheduled health check for volume org.apache.hadoop.ozone.container.common.volume.HddsVolume@4f081b5d
2019-09-20 08:50:40,218 [main] INFO  impl.RaftServerProxy (ConfUtils.java:logGet(43)) - raft.rpc.type = GRPC (default)
2019-09-20 08:50:40,218 [main] INFO  grpc.GrpcFactory (GrpcFactory.java:checkPooledByteBufAllocatorUseCacheForAllThreads(45)) - PERFORMANCE WARNING: useCacheForAllThreads is true that may cause Netty to create a lot garbage objects and, as a result, trigger GC.
	It is recommended to disable useCacheForAllThreads by setting -Dorg.apache.ratis.thirdparty.io.netty.allocator.useCacheForAllThreads=false in command line.
2019-09-20 08:50:40,218 [main] INFO  grpc.GrpcConfigKeys$Server (ConfUtils.java:logGet(43)) - raft.grpc.server.port = 0 (default)
2019-09-20 08:50:40,219 [main] INFO  server.GrpcService (ConfUtils.java:logGet(43)) - raft.grpc.message.size.max = 33570816 (custom)
2019-09-20 08:50:40,219 [main] INFO  server.RaftServerConfigKeys (ConfUtils.java:logGet(43)) - raft.server.log.appender.buffer.byte-limit = 33554432 (custom)
2019-09-20 08:50:40,219 [main] INFO  server.GrpcService (ConfUtils.java:logGet(43)) - raft.grpc.flow.control.window = 1MB (=1048576) (default)
2019-09-20 08:50:40,219 [main] INFO  server.RaftServerConfigKeys (ConfUtils.java:logGet(43)) - raft.server.rpc.request.timeout = 3000ms (default)
2019-09-20 08:50:40,220 [main] INFO  server.RaftServerConfigKeys (ConfUtils.java:logGet(43)) - raft.server.storage.dir = [/workdir/hadoop-ozone/tools/target/test-dir/MiniOzoneClusterImpl-1a1f1bd1-ce73-4756-923c-f2264fe476d0/datanode-2/data/ratis] (custom)
2019-09-20 08:50:40,221 [main] INFO  replication.SimpleContainerDownloader (SimpleContainerDownloader.java:<init>(72)) - Starting container downloader service to copy containers to replicate.
2019-09-20 08:50:40,222 [main] INFO  hdfs.DFSUtil (DFSUtil.java:httpServerTemplateForNNAndJN(1641)) - Starting Web-server for hddsDatanode at: http://0.0.0.0:0
2019-09-20 08:50:40,223 [main] INFO  server.AuthenticationFilter (AuthenticationFilter.java:constructSecretProvider(240)) - Unable to initialize FileSignerSecretProvider, falling back to use random secrets.
2019-09-20 08:50:40,224 [main] WARN  http.HttpRequestLog (HttpRequestLog.java:getRequestLog(97)) - Jetty request log can only be enabled using Log4j
2019-09-20 08:50:40,225 [main] INFO  http.HttpServer2 (HttpServer2.java:addGlobalFilter(975)) - Added global filter 'safety' (class=org.apache.hadoop.http.HttpServer2$QuotingInputFilter)
2019-09-20 08:50:40,226 [main] INFO  http.HttpServer2 (HttpServer2.java:addFilter(948)) - Added filter static_user_filter (class=org.apache.hadoop.http.lib.StaticUserWebFilter$StaticUserFilter) to context hddsDatanode
2019-09-20 08:50:40,226 [main] INFO  http.HttpServer2 (HttpServer2.java:addFilter(958)) - Added filter static_user_filter (class=org.apache.hadoop.http.lib.StaticUserWebFilter$StaticUserFilter) to context logs
2019-09-20 08:50:40,226 [main] INFO  http.HttpServer2 (HttpServer2.java:addFilter(958)) - Added filter static_user_filter (class=org.apache.hadoop.http.lib.StaticUserWebFilter$StaticUserFilter) to context static
2019-09-20 08:50:40,227 [main] INFO  http.HttpServer2 (HttpServer2.java:bindListener(1191)) - Jetty bound to port 45701
2019-09-20 08:50:40,227 [main] INFO  server.Server (Server.java:doStart(351)) - jetty-9.3.24.v20180605, build timestamp: 2018-06-05T17:11:56Z, git hash: 84205aa28f11a4f31f2a3b86d1bba2cc8ab69827
2019-09-20 08:50:40,229 [main] INFO  handler.ContextHandler (ContextHandler.java:doStart(781)) - Started o.e.j.s.ServletContextHandler@217dc48e{/logs,file:///workdir/hadoop-ozone/tools/target/log,AVAILABLE}
2019-09-20 08:50:40,230 [main] INFO  handler.ContextHandler (ContextHandler.java:doStart(781)) - Started o.e.j.s.ServletContextHandler@296edc75{/static,jar:file:/home/user/.m2/repository/org/apache/hadoop/hadoop-hdds-container-service/0.5.0-SNAPSHOT/hadoop-hdds-container-service-0.5.0-SNAPSHOT.jar!/webapps/static,AVAILABLE}
2019-09-20 08:50:40,258 [main] INFO  handler.ContextHandler (ContextHandler.java:doStart(781)) - Started o.e.j.w.WebAppContext@3554bdc0{/,file:///tmp/jetty-0.0.0.0-45701-hddsDatanode-_-any-3912955876002633047.dir/webapp/,AVAILABLE}{/hddsDatanode}
2019-09-20 08:50:40,259 [main] INFO  server.AbstractConnector (AbstractConnector.java:doStart(278)) - Started ServerConnector@3a3b10f4{HTTP/1.1,[http/1.1]}{0.0.0.0:45701}
2019-09-20 08:50:40,259 [main] INFO  server.Server (Server.java:doStart(419)) - Started @7347ms
2019-09-20 08:50:40,260 [main] INFO  server.BaseHttpServer (BaseHttpServer.java:updateConnectorAddress(213)) - HTTP server of HDDSDATANODE is listening at http://0.0.0.0:45701
2019-09-20 08:50:40,447 | INFO  | ObjectStoreRestHttpServer | Listening HDDS REST traffic on /0.0.0.0:42921 |  
2019-09-20 08:50:40,447 [main] INFO  ozone.HddsDatanodeService (HddsDatanodeService.java:startPlugins(395)) - Started plug-in org.apache.hadoop.ozone.web.OzoneHddsDatanodeService@76396509
2019-09-20 08:50:40,447 [main] INFO  impl.MetricsSystemImpl (MetricsSystemImpl.java:init(158)) - HddsDatanode metrics system started (again)
2019-09-20 08:50:40,451 [org.apache.hadoop.util.JvmPauseMonitor$Monitor@7f8517c5] INFO  util.JvmPauseMonitor (JvmPauseMonitor.java:run(188)) - Starting JVM pause monitor
2019-09-20 08:50:40,451 [main] INFO  ozone.HddsDatanodeService (HddsDatanodeService.java:start(184)) - HddsDatanodeService host:pr-hdds-1569-s8kj2-2266485376 ip:192.168.36.79
2019-09-20 08:50:40,454 [Datanode State Machine Thread - 0] INFO  datanode.InitDatanodeState (InitDatanodeState.java:persistContainerDatanodeDetails(140)) - DatanodeDetails is persisted to /workdir/hadoop-ozone/tools/target/test-dir/MiniOzoneClusterImpl-1a1f1bd1-ce73-4756-923c-f2264fe476d0/datanode-2/meta/datanode.id
2019-09-20 08:50:40,459 [main] INFO  volume.HddsVolume (HddsVolume.java:<init>(176)) - Creating Volume: /workdir/hadoop-ozone/tools/target/test-dir/MiniOzoneClusterImpl-1a1f1bd1-ce73-4756-923c-f2264fe476d0/datanode-3/data/containers/hdds of  storage type : DISK and capacity : 1482555576320
2019-09-20 08:50:40,460 [main] INFO  volume.VolumeSet (VolumeSet.java:initializeVolumeSet(170)) - Added Volume : /workdir/hadoop-ozone/tools/target/test-dir/MiniOzoneClusterImpl-1a1f1bd1-ce73-4756-923c-f2264fe476d0/datanode-3/data/containers/hdds to VolumeSet
2019-09-20 08:50:40,460 [main] INFO  volume.ThrottledAsyncChecker (ThrottledAsyncChecker.java:schedule(140)) - Scheduling a check for org.apache.hadoop.ozone.container.common.volume.HddsVolume@615db358
2019-09-20 08:50:40,461 [main] INFO  volume.HddsVolumeChecker (HddsVolumeChecker.java:checkAllVolumes(203)) - Scheduled health check for volume org.apache.hadoop.ozone.container.common.volume.HddsVolume@615db358
2019-09-20 08:50:40,484 [main] INFO  impl.RaftServerProxy (ConfUtils.java:logGet(43)) - raft.rpc.type = GRPC (default)
2019-09-20 08:50:40,484 [main] INFO  grpc.GrpcFactory (GrpcFactory.java:checkPooledByteBufAllocatorUseCacheForAllThreads(45)) - PERFORMANCE WARNING: useCacheForAllThreads is true that may cause Netty to create a lot garbage objects and, as a result, trigger GC.
	It is recommended to disable useCacheForAllThreads by setting -Dorg.apache.ratis.thirdparty.io.netty.allocator.useCacheForAllThreads=false in command line.
2019-09-20 08:50:40,485 [main] INFO  grpc.GrpcConfigKeys$Server (ConfUtils.java:logGet(43)) - raft.grpc.server.port = 0 (default)
2019-09-20 08:50:40,485 [main] INFO  server.GrpcService (ConfUtils.java:logGet(43)) - raft.grpc.message.size.max = 33570816 (custom)
2019-09-20 08:50:40,485 [main] INFO  server.RaftServerConfigKeys (ConfUtils.java:logGet(43)) - raft.server.log.appender.buffer.byte-limit = 33554432 (custom)
2019-09-20 08:50:40,486 [main] INFO  server.GrpcService (ConfUtils.java:logGet(43)) - raft.grpc.flow.control.window = 1MB (=1048576) (default)
2019-09-20 08:50:40,486 [main] INFO  server.RaftServerConfigKeys (ConfUtils.java:logGet(43)) - raft.server.rpc.request.timeout = 3000ms (default)
2019-09-20 08:50:40,487 [main] INFO  server.RaftServerConfigKeys (ConfUtils.java:logGet(43)) - raft.server.storage.dir = [/workdir/hadoop-ozone/tools/target/test-dir/MiniOzoneClusterImpl-1a1f1bd1-ce73-4756-923c-f2264fe476d0/datanode-3/data/ratis] (custom)
2019-09-20 08:50:40,488 [main] INFO  replication.SimpleContainerDownloader (SimpleContainerDownloader.java:<init>(72)) - Starting container downloader service to copy containers to replicate.
2019-09-20 08:50:40,490 [main] INFO  hdfs.DFSUtil (DFSUtil.java:httpServerTemplateForNNAndJN(1641)) - Starting Web-server for hddsDatanode at: http://0.0.0.0:0
2019-09-20 08:50:40,492 [main] INFO  server.AuthenticationFilter (AuthenticationFilter.java:constructSecretProvider(240)) - Unable to initialize FileSignerSecretProvider, falling back to use random secrets.
2019-09-20 08:50:40,493 [main] WARN  http.HttpRequestLog (HttpRequestLog.java:getRequestLog(97)) - Jetty request log can only be enabled using Log4j
2019-09-20 08:50:40,495 [main] INFO  http.HttpServer2 (HttpServer2.java:addGlobalFilter(975)) - Added global filter 'safety' (class=org.apache.hadoop.http.HttpServer2$QuotingInputFilter)
2019-09-20 08:50:40,496 [main] INFO  http.HttpServer2 (HttpServer2.java:addFilter(948)) - Added filter static_user_filter (class=org.apache.hadoop.http.lib.StaticUserWebFilter$StaticUserFilter) to context hddsDatanode
2019-09-20 08:50:40,496 [main] INFO  http.HttpServer2 (HttpServer2.java:addFilter(958)) - Added filter static_user_filter (class=org.apache.hadoop.http.lib.StaticUserWebFilter$StaticUserFilter) to context logs
2019-09-20 08:50:40,496 [main] INFO  http.HttpServer2 (HttpServer2.java:addFilter(958)) - Added filter static_user_filter (class=org.apache.hadoop.http.lib.StaticUserWebFilter$StaticUserFilter) to context static
2019-09-20 08:50:40,497 [main] INFO  http.HttpServer2 (HttpServer2.java:bindListener(1191)) - Jetty bound to port 41949
2019-09-20 08:50:40,497 [main] INFO  server.Server (Server.java:doStart(351)) - jetty-9.3.24.v20180605, build timestamp: 2018-06-05T17:11:56Z, git hash: 84205aa28f11a4f31f2a3b86d1bba2cc8ab69827
2019-09-20 08:50:40,502 [main] INFO  handler.ContextHandler (ContextHandler.java:doStart(781)) - Started o.e.j.s.ServletContextHandler@de77146{/logs,file:///workdir/hadoop-ozone/tools/target/log,AVAILABLE}
2019-09-20 08:50:40,503 [main] INFO  handler.ContextHandler (ContextHandler.java:doStart(781)) - Started o.e.j.s.ServletContextHandler@5cfed0ba{/static,jar:file:/home/user/.m2/repository/org/apache/hadoop/hadoop-hdds-container-service/0.5.0-SNAPSHOT/hadoop-hdds-container-service-0.5.0-SNAPSHOT.jar!/webapps/static,AVAILABLE}
2019-09-20 08:50:40,535 [main] INFO  handler.ContextHandler (ContextHandler.java:doStart(781)) - Started o.e.j.w.WebAppContext@6de43bc1{/,file:///tmp/jetty-0.0.0.0-41949-hddsDatanode-_-any-830334281861486960.dir/webapp/,AVAILABLE}{/hddsDatanode}
2019-09-20 08:50:40,536 [main] INFO  server.AbstractConnector (AbstractConnector.java:doStart(278)) - Started ServerConnector@27a9f025{HTTP/1.1,[http/1.1]}{0.0.0.0:41949}
2019-09-20 08:50:40,537 [main] INFO  server.Server (Server.java:doStart(419)) - Started @7625ms
2019-09-20 08:50:40,538 [main] INFO  server.BaseHttpServer (BaseHttpServer.java:updateConnectorAddress(213)) - HTTP server of HDDSDATANODE is listening at http://0.0.0.0:41949
2019-09-20 08:50:40,721 | INFO  | ObjectStoreRestHttpServer | Listening HDDS REST traffic on /0.0.0.0:41837 |  
2019-09-20 08:50:40,721 [main] INFO  ozone.HddsDatanodeService (HddsDatanodeService.java:startPlugins(395)) - Started plug-in org.apache.hadoop.ozone.web.OzoneHddsDatanodeService@50e5032c
2019-09-20 08:50:40,722 [main] INFO  impl.MetricsSystemImpl (MetricsSystemImpl.java:init(158)) - HddsDatanode metrics system started (again)
2019-09-20 08:50:40,726 [main] INFO  ozone.HddsDatanodeService (HddsDatanodeService.java:start(184)) - HddsDatanodeService host:pr-hdds-1569-s8kj2-2266485376 ip:192.168.36.79
2019-09-20 08:50:40,726 [org.apache.hadoop.util.JvmPauseMonitor$Monitor@7033ae8c] INFO  util.JvmPauseMonitor (JvmPauseMonitor.java:run(188)) - Starting JVM pause monitor
2019-09-20 08:50:40,729 [Datanode State Machine Thread - 0] INFO  datanode.InitDatanodeState (InitDatanodeState.java:persistContainerDatanodeDetails(140)) - DatanodeDetails is persisted to /workdir/hadoop-ozone/tools/target/test-dir/MiniOzoneClusterImpl-1a1f1bd1-ce73-4756-923c-f2264fe476d0/datanode-3/meta/datanode.id
2019-09-20 08:50:40,734 [main] INFO  volume.HddsVolume (HddsVolume.java:<init>(176)) - Creating Volume: /workdir/hadoop-ozone/tools/target/test-dir/MiniOzoneClusterImpl-1a1f1bd1-ce73-4756-923c-f2264fe476d0/datanode-4/data/containers/hdds of  storage type : DISK and capacity : 1482555576320
2019-09-20 08:50:40,734 [main] INFO  volume.VolumeSet (VolumeSet.java:initializeVolumeSet(170)) - Added Volume : /workdir/hadoop-ozone/tools/target/test-dir/MiniOzoneClusterImpl-1a1f1bd1-ce73-4756-923c-f2264fe476d0/datanode-4/data/containers/hdds to VolumeSet
2019-09-20 08:50:40,734 [main] INFO  volume.ThrottledAsyncChecker (ThrottledAsyncChecker.java:schedule(140)) - Scheduling a check for org.apache.hadoop.ozone.container.common.volume.HddsVolume@17ec335a
2019-09-20 08:50:40,735 [main] INFO  volume.HddsVolumeChecker (HddsVolumeChecker.java:checkAllVolumes(203)) - Scheduled health check for volume org.apache.hadoop.ozone.container.common.volume.HddsVolume@17ec335a
2019-09-20 08:50:40,750 [main] INFO  impl.RaftServerProxy (ConfUtils.java:logGet(43)) - raft.rpc.type = GRPC (default)
2019-09-20 08:50:40,751 [main] INFO  grpc.GrpcFactory (GrpcFactory.java:checkPooledByteBufAllocatorUseCacheForAllThreads(45)) - PERFORMANCE WARNING: useCacheForAllThreads is true that may cause Netty to create a lot garbage objects and, as a result, trigger GC.
	It is recommended to disable useCacheForAllThreads by setting -Dorg.apache.ratis.thirdparty.io.netty.allocator.useCacheForAllThreads=false in command line.
2019-09-20 08:50:40,751 [main] INFO  grpc.GrpcConfigKeys$Server (ConfUtils.java:logGet(43)) - raft.grpc.server.port = 0 (default)
2019-09-20 08:50:40,751 [main] INFO  server.GrpcService (ConfUtils.java:logGet(43)) - raft.grpc.message.size.max = 33570816 (custom)
2019-09-20 08:50:40,751 [main] INFO  server.RaftServerConfigKeys (ConfUtils.java:logGet(43)) - raft.server.log.appender.buffer.byte-limit = 33554432 (custom)
2019-09-20 08:50:40,752 [main] INFO  server.GrpcService (ConfUtils.java:logGet(43)) - raft.grpc.flow.control.window = 1MB (=1048576) (default)
2019-09-20 08:50:40,752 [main] INFO  server.RaftServerConfigKeys (ConfUtils.java:logGet(43)) - raft.server.rpc.request.timeout = 3000ms (default)
2019-09-20 08:50:40,752 [main] INFO  server.RaftServerConfigKeys (ConfUtils.java:logGet(43)) - raft.server.storage.dir = [/workdir/hadoop-ozone/tools/target/test-dir/MiniOzoneClusterImpl-1a1f1bd1-ce73-4756-923c-f2264fe476d0/datanode-4/data/ratis] (custom)
2019-09-20 08:50:40,753 [main] INFO  replication.SimpleContainerDownloader (SimpleContainerDownloader.java:<init>(72)) - Starting container downloader service to copy containers to replicate.
2019-09-20 08:50:40,754 [main] INFO  hdfs.DFSUtil (DFSUtil.java:httpServerTemplateForNNAndJN(1641)) - Starting Web-server for hddsDatanode at: http://0.0.0.0:0
2019-09-20 08:50:40,755 [main] INFO  server.AuthenticationFilter (AuthenticationFilter.java:constructSecretProvider(240)) - Unable to initialize FileSignerSecretProvider, falling back to use random secrets.
2019-09-20 08:50:40,756 [main] WARN  http.HttpRequestLog (HttpRequestLog.java:getRequestLog(97)) - Jetty request log can only be enabled using Log4j
2019-09-20 08:50:40,757 [main] INFO  http.HttpServer2 (HttpServer2.java:addGlobalFilter(975)) - Added global filter 'safety' (class=org.apache.hadoop.http.HttpServer2$QuotingInputFilter)
2019-09-20 08:50:40,758 [main] INFO  http.HttpServer2 (HttpServer2.java:addFilter(948)) - Added filter static_user_filter (class=org.apache.hadoop.http.lib.StaticUserWebFilter$StaticUserFilter) to context hddsDatanode
2019-09-20 08:50:40,758 [main] INFO  http.HttpServer2 (HttpServer2.java:addFilter(958)) - Added filter static_user_filter (class=org.apache.hadoop.http.lib.StaticUserWebFilter$StaticUserFilter) to context logs
2019-09-20 08:50:40,758 [main] INFO  http.HttpServer2 (HttpServer2.java:addFilter(958)) - Added filter static_user_filter (class=org.apache.hadoop.http.lib.StaticUserWebFilter$StaticUserFilter) to context static
2019-09-20 08:50:40,759 [main] INFO  http.HttpServer2 (HttpServer2.java:bindListener(1191)) - Jetty bound to port 36161
2019-09-20 08:50:40,759 [main] INFO  server.Server (Server.java:doStart(351)) - jetty-9.3.24.v20180605, build timestamp: 2018-06-05T17:11:56Z, git hash: 84205aa28f11a4f31f2a3b86d1bba2cc8ab69827
2019-09-20 08:50:40,762 [main] INFO  handler.ContextHandler (ContextHandler.java:doStart(781)) - Started o.e.j.s.ServletContextHandler@48499739{/logs,file:///workdir/hadoop-ozone/tools/target/log,AVAILABLE}
2019-09-20 08:50:40,762 [main] INFO  handler.ContextHandler (ContextHandler.java:doStart(781)) - Started o.e.j.s.ServletContextHandler@559991f5{/static,jar:file:/home/user/.m2/repository/org/apache/hadoop/hadoop-hdds-container-service/0.5.0-SNAPSHOT/hadoop-hdds-container-service-0.5.0-SNAPSHOT.jar!/webapps/static,AVAILABLE}
2019-09-20 08:50:40,790 [main] INFO  handler.ContextHandler (ContextHandler.java:doStart(781)) - Started o.e.j.w.WebAppContext@54f6b629{/,file:///tmp/jetty-0.0.0.0-36161-hddsDatanode-_-any-7243396414883493973.dir/webapp/,AVAILABLE}{/hddsDatanode}
2019-09-20 08:50:40,790 [main] INFO  server.AbstractConnector (AbstractConnector.java:doStart(278)) - Started ServerConnector@4bc9ca97{HTTP/1.1,[http/1.1]}{0.0.0.0:36161}
2019-09-20 08:50:40,791 [main] INFO  server.Server (Server.java:doStart(419)) - Started @7880ms
2019-09-20 08:50:40,792 [main] INFO  server.BaseHttpServer (BaseHttpServer.java:updateConnectorAddress(213)) - HTTP server of HDDSDATANODE is listening at http://0.0.0.0:36161
2019-09-20 08:50:40,940 | INFO  | ObjectStoreRestHttpServer | Listening HDDS REST traffic on /0.0.0.0:44170 |  
2019-09-20 08:50:40,941 [main] INFO  ozone.HddsDatanodeService (HddsDatanodeService.java:startPlugins(395)) - Started plug-in org.apache.hadoop.ozone.web.OzoneHddsDatanodeService@569348e1
2019-09-20 08:50:40,943 [main] INFO  ozone.MiniOzoneClusterImpl (MiniOzoneClusterImpl.java:lambda$waitForClusterToBeReady$0(142)) - Waiting for cluster to be ready. Got 0 of 5 DN Heartbeats.
2019-09-20 08:50:40,944 [org.apache.hadoop.util.JvmPauseMonitor$Monitor@5670fefb] INFO  util.JvmPauseMonitor (JvmPauseMonitor.java:run(188)) - Starting JVM pause monitor
2019-09-20 08:50:40,948 [Datanode State Machine Thread - 0] INFO  datanode.InitDatanodeState (InitDatanodeState.java:persistContainerDatanodeDetails(140)) - DatanodeDetails is persisted to /workdir/hadoop-ozone/tools/target/test-dir/MiniOzoneClusterImpl-1a1f1bd1-ce73-4756-923c-f2264fe476d0/datanode-4/meta/datanode.id
2019-09-20 08:50:41,943 | INFO  | SCMAudit | user=jenkins1000 | ip=192.168.36.79 | op=GET_VERSION null | ret=SUCCESS |  
2019-09-20 08:50:41,943 [main] INFO  ozone.MiniOzoneClusterImpl (MiniOzoneClusterImpl.java:lambda$waitForClusterToBeReady$0(142)) - Waiting for cluster to be ready. Got 0 of 5 DN Heartbeats.
2019-09-20 08:50:41,971 [Datanode State Machine Thread - 0] INFO  ozoneimpl.OzoneContainer (OzoneContainer.java:start(186)) - Attempting to start container services.
2019-09-20 08:50:41,973 [Datanode State Machine Thread - 0] INFO  ozoneimpl.OzoneContainer (OzoneContainer.java:startContainerScrub(160)) - Background container scrubber has been disabled by hdds.containerscrub.enabled
2019-09-20 08:50:41,973 [Datanode State Machine Thread - 0] INFO  ratis.XceiverServerRatis (XceiverServerRatis.java:start(404)) - Starting XceiverServerRatis 64119811-c299-4353-bef2-4f1f08694db1 at port 0
2019-09-20 08:50:41,995 [Datanode State Machine Thread - 0] INFO  impl.RaftServerProxy (RaftServerProxy.java:lambda$start$3(299)) - 64119811-c299-4353-bef2-4f1f08694db1: start RPC server
2019-09-20 08:50:42,196 | INFO  | SCMAudit | user=jenkins1000 | ip=192.168.36.79 | op=GET_VERSION null | ret=SUCCESS |  
2019-09-20 08:50:42,201 [Datanode State Machine Thread - 0] INFO  server.GrpcService (GrpcService.java:startImpl(149)) - 64119811-c299-4353-bef2-4f1f08694db1: GrpcService started, listening on 0.0.0.0/0.0.0.0:34202
2019-09-20 08:50:42,203 [Datanode State Machine Thread - 0] INFO  ratis.XceiverServerRatis (XceiverServerRatis.java:start(414)) - XceiverServerRatis 64119811-c299-4353-bef2-4f1f08694db1 is started using port 34202
2019-09-20 08:50:42,209 [Datanode State Machine Thread - 0] INFO  server.XceiverServerGrpc (XceiverServerGrpc.java:start(163)) - XceiverServerGrpc 64119811-c299-4353-bef2-4f1f08694db1 is started using port 39364
2019-09-20 08:50:42,224 [Datanode State Machine Thread - 0] INFO  ozoneimpl.OzoneContainer (OzoneContainer.java:start(186)) - Attempting to start container services.
2019-09-20 08:50:42,226 [Datanode State Machine Thread - 0] INFO  ozoneimpl.OzoneContainer (OzoneContainer.java:startContainerScrub(160)) - Background container scrubber has been disabled by hdds.containerscrub.enabled
2019-09-20 08:50:42,226 [Datanode State Machine Thread - 0] INFO  ratis.XceiverServerRatis (XceiverServerRatis.java:start(404)) - Starting XceiverServerRatis 972eec63-801b-4789-a14a-664c049671ee at port 0
2019-09-20 08:50:42,234 [Datanode State Machine Thread - 0] INFO  impl.RaftServerProxy (RaftServerProxy.java:lambda$start$3(299)) - 972eec63-801b-4789-a14a-664c049671ee: start RPC server
2019-09-20 08:50:42,238 [Datanode State Machine Thread - 0] INFO  server.GrpcService (GrpcService.java:startImpl(149)) - 972eec63-801b-4789-a14a-664c049671ee: GrpcService started, listening on 0.0.0.0/0.0.0.0:36941
2019-09-20 08:50:42,238 [Datanode State Machine Thread - 0] INFO  ratis.XceiverServerRatis (XceiverServerRatis.java:start(414)) - XceiverServerRatis 972eec63-801b-4789-a14a-664c049671ee is started using port 36941
2019-09-20 08:50:42,240 [Datanode State Machine Thread - 0] INFO  server.XceiverServerGrpc (XceiverServerGrpc.java:start(163)) - XceiverServerGrpc 972eec63-801b-4789-a14a-664c049671ee is started using port 39174
2019-09-20 08:50:42,453 | INFO  | SCMAudit | user=jenkins1000 | ip=192.168.36.79 | op=GET_VERSION null | ret=SUCCESS |  
2019-09-20 08:50:42,475 [Datanode State Machine Thread - 0] INFO  ozoneimpl.OzoneContainer (OzoneContainer.java:start(186)) - Attempting to start container services.
2019-09-20 08:50:42,477 [Datanode State Machine Thread - 0] INFO  ozoneimpl.OzoneContainer (OzoneContainer.java:startContainerScrub(160)) - Background container scrubber has been disabled by hdds.containerscrub.enabled
2019-09-20 08:50:42,477 [Datanode State Machine Thread - 0] INFO  ratis.XceiverServerRatis (XceiverServerRatis.java:start(404)) - Starting XceiverServerRatis 5e9b3ca5-d58f-427a-bd11-930d28ac57d8 at port 0
2019-09-20 08:50:42,487 [Datanode State Machine Thread - 0] INFO  impl.RaftServerProxy (RaftServerProxy.java:lambda$start$3(299)) - 5e9b3ca5-d58f-427a-bd11-930d28ac57d8: start RPC server
2019-09-20 08:50:42,490 [Datanode State Machine Thread - 0] INFO  server.GrpcService (GrpcService.java:startImpl(149)) - 5e9b3ca5-d58f-427a-bd11-930d28ac57d8: GrpcService started, listening on 0.0.0.0/0.0.0.0:44438
2019-09-20 08:50:42,490 [Datanode State Machine Thread - 0] INFO  ratis.XceiverServerRatis (XceiverServerRatis.java:start(414)) - XceiverServerRatis 5e9b3ca5-d58f-427a-bd11-930d28ac57d8 is started using port 44438
2019-09-20 08:50:42,493 [Datanode State Machine Thread - 0] INFO  server.XceiverServerGrpc (XceiverServerGrpc.java:start(163)) - XceiverServerGrpc 5e9b3ca5-d58f-427a-bd11-930d28ac57d8 is started using port 46722
2019-09-20 08:50:42,729 | INFO  | SCMAudit | user=jenkins1000 | ip=192.168.36.79 | op=GET_VERSION null | ret=SUCCESS |  
2019-09-20 08:50:42,758 [Datanode State Machine Thread - 0] INFO  ozoneimpl.OzoneContainer (OzoneContainer.java:start(186)) - Attempting to start container services.
2019-09-20 08:50:42,760 [Datanode State Machine Thread - 0] INFO  ozoneimpl.OzoneContainer (OzoneContainer.java:startContainerScrub(160)) - Background container scrubber has been disabled by hdds.containerscrub.enabled
2019-09-20 08:50:42,760 [Datanode State Machine Thread - 0] INFO  ratis.XceiverServerRatis (XceiverServerRatis.java:start(404)) - Starting XceiverServerRatis d183acf8-c1d4-40f7-ba5a-175455d3bd55 at port 0
2019-09-20 08:50:42,770 [Datanode State Machine Thread - 0] INFO  impl.RaftServerProxy (RaftServerProxy.java:lambda$start$3(299)) - d183acf8-c1d4-40f7-ba5a-175455d3bd55: start RPC server
2019-09-20 08:50:42,774 [Datanode State Machine Thread - 0] INFO  server.GrpcService (GrpcService.java:startImpl(149)) - d183acf8-c1d4-40f7-ba5a-175455d3bd55: GrpcService started, listening on 0.0.0.0/0.0.0.0:40696
2019-09-20 08:50:42,774 [Datanode State Machine Thread - 0] INFO  ratis.XceiverServerRatis (XceiverServerRatis.java:start(414)) - XceiverServerRatis d183acf8-c1d4-40f7-ba5a-175455d3bd55 is started using port 40696
2019-09-20 08:50:42,777 [Datanode State Machine Thread - 0] INFO  server.XceiverServerGrpc (XceiverServerGrpc.java:start(163)) - XceiverServerGrpc d183acf8-c1d4-40f7-ba5a-175455d3bd55 is started using port 45593
2019-09-20 08:50:42,944 [main] INFO  ozone.MiniOzoneClusterImpl (MiniOzoneClusterImpl.java:lambda$waitForClusterToBeReady$0(142)) - Waiting for cluster to be ready. Got 0 of 5 DN Heartbeats.
2019-09-20 08:50:42,948 | INFO  | SCMAudit | user=jenkins1000 | ip=192.168.36.79 | op=GET_VERSION null | ret=SUCCESS |  
2019-09-20 08:50:42,966 [Datanode State Machine Thread - 0] INFO  ozoneimpl.OzoneContainer (OzoneContainer.java:start(186)) - Attempting to start container services.
2019-09-20 08:50:42,973 [Datanode State Machine Thread - 0] INFO  ozoneimpl.OzoneContainer (OzoneContainer.java:startContainerScrub(160)) - Background container scrubber has been disabled by hdds.containerscrub.enabled
2019-09-20 08:50:42,973 [Datanode State Machine Thread - 0] INFO  ratis.XceiverServerRatis (XceiverServerRatis.java:start(404)) - Starting XceiverServerRatis 2a6ce4d1-5069-4aeb-8b94-5f253cd23bfc at port 0
2019-09-20 08:50:42,985 [Datanode State Machine Thread - 0] INFO  impl.RaftServerProxy (RaftServerProxy.java:lambda$start$3(299)) - 2a6ce4d1-5069-4aeb-8b94-5f253cd23bfc: start RPC server
2019-09-20 08:50:42,989 [Datanode State Machine Thread - 0] INFO  server.GrpcService (GrpcService.java:startImpl(149)) - 2a6ce4d1-5069-4aeb-8b94-5f253cd23bfc: GrpcService started, listening on 0.0.0.0/0.0.0.0:37829
2019-09-20 08:50:42,989 [Datanode State Machine Thread - 0] INFO  ratis.XceiverServerRatis (XceiverServerRatis.java:start(414)) - XceiverServerRatis 2a6ce4d1-5069-4aeb-8b94-5f253cd23bfc is started using port 37829
2019-09-20 08:50:42,993 [Datanode State Machine Thread - 0] INFO  server.XceiverServerGrpc (XceiverServerGrpc.java:start(163)) - XceiverServerGrpc 2a6ce4d1-5069-4aeb-8b94-5f253cd23bfc is started using port 46654
2019-09-20 08:50:43,945 [main] INFO  ozone.MiniOzoneClusterImpl (MiniOzoneClusterImpl.java:lambda$waitForClusterToBeReady$0(142)) - Waiting for cluster to be ready. Got 0 of 5 DN Heartbeats.
2019-09-20 08:50:43,956 [IPC Server handler 5 on 37457] INFO  net.NetworkTopology (NetworkTopologyImpl.java:add(110)) - Added a new node: /default-rack/64119811-c299-4353-bef2-4f1f08694db1
2019-09-20 08:50:43,957 [IPC Server handler 5 on 37457] INFO  node.SCMNodeManager (SCMNodeManager.java:register(273)) - Registered Data node : 64119811-c299-4353-bef2-4f1f08694db1{ip: 192.168.36.79, host: pr-hdds-1569-s8kj2-2266485376, networkLocation: /default-rack, certSerialId: null}
2019-09-20 08:50:43,963 [EventQueue-NodeRegistrationContainerReportForDataNodeSafeModeRule] INFO  safemode.SCMSafeModeManager (DataNodeSafeModeRule.java:process(71)) - SCM in safe mode. 1 DataNodes registered, 1 required.
2019-09-20 08:50:43,964 [EventQueue-NodeRegistrationContainerReportForDataNodeSafeModeRule] INFO  safemode.SCMSafeModeManager (SCMSafeModeManager.java:validateSafeModeExitRules(177)) - ScmSafeModeManager, all rules are successfully validated
2019-09-20 08:50:43,964 [EventQueue-NodeRegistrationContainerReportForDataNodeSafeModeRule] INFO  safemode.SCMSafeModeManager (SCMSafeModeManager.java:exitSafeMode(193)) - SCM exiting safe mode.
2019-09-20 08:50:43,973 | INFO  | SCMAudit | user=jenkins1000 | ip=192.168.36.79 | op=REGISTER {datanodeDetails=64119811-c299-4353-bef2-4f1f08694db1{ip: 192.168.36.79, host: pr-hdds-1569-s8kj2-2266485376, networkLocation: /default-rack, certSerialId: null}} | ret=SUCCESS |  
2019-09-20 08:50:44,191 [IPC Server handler 0 on 37457] INFO  net.NetworkTopology (NetworkTopologyImpl.java:add(110)) - Added a new node: /default-rack/972eec63-801b-4789-a14a-664c049671ee
2019-09-20 08:50:44,191 [IPC Server handler 0 on 37457] INFO  node.SCMNodeManager (SCMNodeManager.java:register(273)) - Registered Data node : 972eec63-801b-4789-a14a-664c049671ee{ip: 192.168.36.79, host: pr-hdds-1569-s8kj2-2266485376, networkLocation: /default-rack, certSerialId: null}
2019-09-20 08:50:44,192 | INFO  | SCMAudit | user=jenkins1000 | ip=192.168.36.79 | op=REGISTER {datanodeDetails=972eec63-801b-4789-a14a-664c049671ee{ip: 192.168.36.79, host: pr-hdds-1569-s8kj2-2266485376, networkLocation: /default-rack, certSerialId: null}} | ret=SUCCESS |  
2019-09-20 08:50:44,853 [IPC Server handler 5 on 37457] INFO  net.NetworkTopology (NetworkTopologyImpl.java:add(110)) - Added a new node: /default-rack/d183acf8-c1d4-40f7-ba5a-175455d3bd55
2019-09-20 08:50:44,853 [IPC Server handler 3 on 37457] INFO  net.NetworkTopology (NetworkTopologyImpl.java:add(110)) - Added a new node: /default-rack/5e9b3ca5-d58f-427a-bd11-930d28ac57d8
2019-09-20 08:50:44,853 [IPC Server handler 5 on 37457] INFO  node.SCMNodeManager (SCMNodeManager.java:register(273)) - Registered Data node : d183acf8-c1d4-40f7-ba5a-175455d3bd55{ip: 192.168.36.79, host: pr-hdds-1569-s8kj2-2266485376, networkLocation: /default-rack, certSerialId: null}
2019-09-20 08:50:44,854 [IPC Server handler 3 on 37457] INFO  node.SCMNodeManager (SCMNodeManager.java:register(273)) - Registered Data node : 5e9b3ca5-d58f-427a-bd11-930d28ac57d8{ip: 192.168.36.79, host: pr-hdds-1569-s8kj2-2266485376, networkLocation: /default-rack, certSerialId: null}
2019-09-20 08:50:44,854 | INFO  | SCMAudit | user=jenkins1000 | ip=192.168.36.79 | op=REGISTER {datanodeDetails=d183acf8-c1d4-40f7-ba5a-175455d3bd55{ip: 192.168.36.79, host: pr-hdds-1569-s8kj2-2266485376, networkLocation: /default-rack, certSerialId: null}} | ret=SUCCESS |  
2019-09-20 08:50:44,854 | INFO  | SCMAudit | user=jenkins1000 | ip=192.168.36.79 | op=REGISTER {datanodeDetails=5e9b3ca5-d58f-427a-bd11-930d28ac57d8{ip: 192.168.36.79, host: pr-hdds-1569-s8kj2-2266485376, networkLocation: /default-rack, certSerialId: null}} | ret=SUCCESS |  
2019-09-20 08:50:44,920 [grpc-default-executor-0] INFO  impl.RaftServerProxy (RaftServerProxy.java:addNew(89)) - 64119811-c299-4353-bef2-4f1f08694db1: addNew group-41F923F20CDD:[64119811-c299-4353-bef2-4f1f08694db1:192.168.36.79:34202] returns group-41F923F20CDD:java.util.concurrent.CompletableFuture@4b9c6cfe[Not completed]
2019-09-20 08:50:44,935 [pool-27-thread-1] INFO  impl.RaftServerImpl (RaftServerImpl.java:<init>(93)) - 64119811-c299-4353-bef2-4f1f08694db1: new RaftServerImpl for group-41F923F20CDD:[64119811-c299-4353-bef2-4f1f08694db1:192.168.36.79:34202] with ContainerStateMachine:uninitialized
2019-09-20 08:50:44,937 [pool-27-thread-1] INFO  server.RaftServerConfigKeys (ConfUtils.java:logGet(43)) - raft.server.rpc.timeout.min = 5s (custom)
2019-09-20 08:50:44,938 [pool-27-thread-1] INFO  server.RaftServerConfigKeys (ConfUtils.java:logGet(43)) - raft.server.rpc.timeout.max = 5200ms (custom)
2019-09-20 08:50:44,938 [pool-27-thread-1] INFO  server.RaftServerConfigKeys (ConfUtils.java:logGet(43)) - raft.server.rpcslowness.timeout = 120s (custom)
2019-09-20 08:50:44,939 [pool-27-thread-1] INFO  server.RaftServerConfigKeys (ConfUtils.java:logGet(43)) - raft.server.sleep.deviation.threshold = 300 (default)
2019-09-20 08:50:44,940 [pool-27-thread-1] INFO  server.RaftServerConfigKeys (ConfUtils.java:logGet(43)) - raft.server.log.appender.install.snapshot.enabled = false (custom)
2019-09-20 08:50:44,946 [main] INFO  ozone.MiniOzoneClusterImpl (MiniOzoneClusterImpl.java:lambda$waitForClusterToBeReady$0(142)) - Waiting for cluster to be ready. Got 4 of 5 DN Heartbeats.
2019-09-20 08:50:44,947 [IPC Server handler 6 on 37457] INFO  net.NetworkTopology (NetworkTopologyImpl.java:add(110)) - Added a new node: /default-rack/2a6ce4d1-5069-4aeb-8b94-5f253cd23bfc
2019-09-20 08:50:44,947 [IPC Server handler 6 on 37457] INFO  node.SCMNodeManager (SCMNodeManager.java:register(273)) - Registered Data node : 2a6ce4d1-5069-4aeb-8b94-5f253cd23bfc{ip: 192.168.36.79, host: pr-hdds-1569-s8kj2-2266485376, networkLocation: /default-rack, certSerialId: null}
2019-09-20 08:50:44,948 [pool-27-thread-1] INFO  impl.RaftServerImpl (ServerState.java:<init>(105)) - 64119811-c299-4353-bef2-4f1f08694db1:group-41F923F20CDD ConfigurationManager, init=-1: [64119811-c299-4353-bef2-4f1f08694db1:192.168.36.79:34202], old=null, confs=<EMPTY_MAP>
2019-09-20 08:50:44,948 [pool-27-thread-1] INFO  server.RaftServerConfigKeys (ConfUtils.java:logGet(43)) - raft.server.storage.dir = [/workdir/hadoop-ozone/tools/target/test-dir/MiniOzoneClusterImpl-1a1f1bd1-ce73-4756-923c-f2264fe476d0/datanode-0/data/ratis] (custom)
2019-09-20 08:50:44,948 | INFO  | SCMAudit | user=jenkins1000 | ip=192.168.36.79 | op=REGISTER {datanodeDetails=2a6ce4d1-5069-4aeb-8b94-5f253cd23bfc{ip: 192.168.36.79, host: pr-hdds-1569-s8kj2-2266485376, networkLocation: /default-rack, certSerialId: null}} | ret=SUCCESS |  
2019-09-20 08:50:44,955 [pool-27-thread-1] INFO  storage.RaftStorageDirectory (RaftStorageDirectory.java:analyzeStorage(246)) - The storage directory /workdir/hadoop-ozone/tools/target/test-dir/MiniOzoneClusterImpl-1a1f1bd1-ce73-4756-923c-f2264fe476d0/datanode-0/data/ratis/239ae580-daf7-46e8-9fea-41f923f20cdd does not exist. Creating ...
2019-09-20 08:50:45,000 [pool-27-thread-1] INFO  storage.RaftStorageDirectory (RaftStorageDirectory.java:tryLock(328)) - Lock on /workdir/hadoop-ozone/tools/target/test-dir/MiniOzoneClusterImpl-1a1f1bd1-ce73-4756-923c-f2264fe476d0/datanode-0/data/ratis/239ae580-daf7-46e8-9fea-41f923f20cdd/in_use.lock acquired by nodename 17078@pr-hdds-1569-s8kj2-2266485376
2019-09-20 08:50:45,025 [pool-27-thread-1] INFO  storage.RaftStorage (RaftStorage.java:format(72)) - Storage directory /workdir/hadoop-ozone/tools/target/test-dir/MiniOzoneClusterImpl-1a1f1bd1-ce73-4756-923c-f2264fe476d0/datanode-0/data/ratis/239ae580-daf7-46e8-9fea-41f923f20cdd has been successfully formatted.
2019-09-20 08:50:45,028 [pool-27-thread-1] INFO  ratis.ContainerStateMachine (ContainerStateMachine.java:loadSnapshot(226)) - group-41F923F20CDD: The snapshot info is null. Setting the last applied indexto:(t:0, i:~)
2019-09-20 08:50:45,028 [pool-27-thread-1] INFO  server.RaftServerConfigKeys (ConfUtils.java:logGet(43)) - raft.server.leader.election.timeout = 120s (custom)
2019-09-20 08:50:45,031 [pool-27-thread-1] INFO  server.RaftServerConfigKeys (ConfUtils.java:logGet(43)) - raft.server.log.use.memory = false (default)
2019-09-20 08:50:45,036 [pool-27-thread-1] INFO  server.RaftServerConfigKeys (ConfUtils.java:logGet(43)) - raft.server.log.purge.gap = 1000000 (custom)
2019-09-20 08:50:45,037 [pool-27-thread-1] INFO  server.RaftServerConfigKeys (ConfUtils.java:logGet(43)) - raft.server.log.appender.buffer.byte-limit = 33554432 (custom)
2019-09-20 08:50:45,038 [pool-27-thread-1] INFO  server.RaftServerConfigKeys (ConfUtils.java:logGet(43)) - raft.server.log.segment.size.max = 1048576 (custom)
2019-09-20 08:50:45,042 [pool-27-thread-1] INFO  server.RaftServerConfigKeys (ConfUtils.java:logGet(43)) - raft.server.log.segment.cache.num.max = 2 (custom)
2019-09-20 08:50:45,047 [pool-27-thread-1] INFO  segmented.SegmentedRaftLogWorker (SegmentedRaftLogWorker.java:<init>(172)) - new 64119811-c299-4353-bef2-4f1f08694db1-SegmentedRaftLogWorker:Storage Directory /workdir/hadoop-ozone/tools/target/test-dir/MiniOzoneClusterImpl-1a1f1bd1-ce73-4756-923c-f2264fe476d0/datanode-0/data/ratis/239ae580-daf7-46e8-9fea-41f923f20cdd for RaftStorage:Storage Directory /workdir/hadoop-ozone/tools/target/test-dir/MiniOzoneClusterImpl-1a1f1bd1-ce73-4756-923c-f2264fe476d0/datanode-0/data/ratis/239ae580-daf7-46e8-9fea-41f923f20cdd
2019-09-20 08:50:45,059 [pool-27-thread-1] INFO  server.RaftServerConfigKeys (ConfUtils.java:logGet(43)) - raft.server.log.queue.byte-limit = 2147483647 (custom)
2019-09-20 08:50:45,060 [pool-27-thread-1] INFO  server.RaftServerConfigKeys (ConfUtils.java:logGet(43)) - raft.server.log.queue.element-limit = 1024 (custom)
2019-09-20 08:50:45,064 [pool-27-thread-1] INFO  server.RaftServerConfigKeys (ConfUtils.java:logGet(43)) - raft.server.log.segment.size.max = 1048576 (custom)
2019-09-20 08:50:45,065 [pool-27-thread-1] INFO  server.RaftServerConfigKeys (ConfUtils.java:logGet(43)) - raft.server.log.preallocated.size = 16384 (custom)
2019-09-20 08:50:45,065 [pool-27-thread-1] INFO  server.RaftServerConfigKeys (ConfUtils.java:logGet(43)) - raft.server.log.write.buffer.size = 33554432 (custom)
2019-09-20 08:50:45,066 [pool-27-thread-1] INFO  server.RaftServerConfigKeys (ConfUtils.java:logGet(43)) - raft.server.log.force.sync.num = 128 (default)
2019-09-20 08:50:45,066 [pool-27-thread-1] INFO  server.RaftServerConfigKeys (ConfUtils.java:logGet(43)) - raft.server.log.statemachine.data.sync = true (default)
2019-09-20 08:50:45,067 [pool-27-thread-1] INFO  server.RaftServerConfigKeys (ConfUtils.java:logGet(43)) - raft.server.log.statemachine.data.sync.timeout = 10s (default)
2019-09-20 08:50:45,067 [pool-27-thread-1] INFO  server.RaftServerConfigKeys (ConfUtils.java:logGet(43)) - raft.server.log.statemachine.data.sync.timeout.retry = -1 (default)
2019-09-20 08:50:45,077 [pool-27-thread-1] INFO  server.RaftServerConfigKeys (ConfUtils.java:logGet(43)) - raft.server.log.statemachine.data.caching.enabled = true (custom)
2019-09-20 08:50:45,081 [pool-27-thread-1] INFO  segmented.SegmentedRaftLogWorker (SegmentedRaftLogWorker.java:lambda$new$0(132)) - 64119811-c299-4353-bef2-4f1f08694db1-SegmentedRaftLogWorker:Storage Directory /workdir/hadoop-ozone/tools/target/test-dir/MiniOzoneClusterImpl-1a1f1bd1-ce73-4756-923c-f2264fe476d0/datanode-0/data/ratis/239ae580-daf7-46e8-9fea-41f923f20cdd: flushIndex: setUnconditionally 0 -> -1
2019-09-20 08:50:45,085 [pool-27-thread-1] INFO  server.RaftServerConfigKeys (ConfUtils.java:logGet(43)) - raft.server.snapshot.auto.trigger.enabled = true (custom)
2019-09-20 08:50:45,086 [pool-27-thread-1] INFO  server.RaftServerConfigKeys (ConfUtils.java:logGet(43)) - raft.server.snapshot.auto.trigger.threshold = 10000 (custom)
2019-09-20 08:50:45,086 [pool-27-thread-1] INFO  server.RaftServerConfigKeys (ConfUtils.java:logGet(43)) - raft.server.retrycache.expirytime = 600000ms (custom)
2019-09-20 08:50:45,105 [pool-27-thread-1] INFO  impl.RaftServerImpl (RaftServerImpl.java:start(180)) - 64119811-c299-4353-bef2-4f1f08694db1: start group-41F923F20CDD
2019-09-20 08:50:45,106 [pool-27-thread-1] INFO  impl.RaftServerImpl (RaftServerImpl.java:setRole(171)) - 64119811-c299-4353-bef2-4f1f08694db1:group-41F923F20CDD changes role from null to FOLLOWER at term 0 for startAsFollower
2019-09-20 08:50:45,107 [pool-27-thread-1] INFO  impl.RoleInfo (RoleInfo.java:updateAndGet(143)) - 64119811-c299-4353-bef2-4f1f08694db1: start FollowerState
2019-09-20 08:50:45,108 [pool-27-thread-1] INFO  util.JmxRegister (JmxRegister.java:tryRegister(44)) - Successfully registered JMX Bean with object name Ratis:service=RaftServer,group=group-41F923F20CDD,id=64119811-c299-4353-bef2-4f1f08694db1
2019-09-20 08:50:45,179 [RatisPipelineUtilsThread] INFO  pipeline.PipelineStateManager (PipelineStateManager.java:addPipeline(56)) - Created pipeline Pipeline[ Id: 239ae580-daf7-46e8-9fea-41f923f20cdd, Nodes: 64119811-c299-4353-bef2-4f1f08694db1{ip: 192.168.36.79, host: pr-hdds-1569-s8kj2-2266485376, networkLocation: /default-rack, certSerialId: null}, Type:RATIS, Factor:ONE, State:OPEN]
2019-09-20 08:50:45,205 [grpc-default-executor-0] INFO  impl.RaftServerProxy (RaftServerProxy.java:addNew(89)) - d183acf8-c1d4-40f7-ba5a-175455d3bd55: addNew group-E032FBBE47BD:[d183acf8-c1d4-40f7-ba5a-175455d3bd55:192.168.36.79:40696] returns group-E032FBBE47BD:java.util.concurrent.CompletableFuture@4e12974[Not completed]
2019-09-20 08:50:45,245 [pool-60-thread-1] INFO  impl.RaftServerImpl (RaftServerImpl.java:<init>(93)) - d183acf8-c1d4-40f7-ba5a-175455d3bd55: new RaftServerImpl for group-E032FBBE47BD:[d183acf8-c1d4-40f7-ba5a-175455d3bd55:192.168.36.79:40696] with ContainerStateMachine:uninitialized
2019-09-20 08:50:45,246 [pool-60-thread-1] INFO  server.RaftServerConfigKeys (ConfUtils.java:logGet(43)) - raft.server.rpc.timeout.min = 5s (custom)
2019-09-20 08:50:45,246 [pool-60-thread-1] INFO  server.RaftServerConfigKeys (ConfUtils.java:logGet(43)) - raft.server.rpc.timeout.max = 5200ms (custom)
2019-09-20 08:50:45,246 [pool-60-thread-1] INFO  server.RaftServerConfigKeys (ConfUtils.java:logGet(43)) - raft.server.rpcslowness.timeout = 120s (custom)
2019-09-20 08:50:45,246 [pool-60-thread-1] INFO  server.RaftServerConfigKeys (ConfUtils.java:logGet(43)) - raft.server.sleep.deviation.threshold = 300 (default)
2019-09-20 08:50:45,246 [pool-60-thread-1] INFO  server.RaftServerConfigKeys (ConfUtils.java:logGet(43)) - raft.server.log.appender.install.snapshot.enabled = false (custom)
2019-09-20 08:50:45,246 [pool-60-thread-1] INFO  impl.RaftServerImpl (ServerState.java:<init>(105)) - d183acf8-c1d4-40f7-ba5a-175455d3bd55:group-E032FBBE47BD ConfigurationManager, init=-1: [d183acf8-c1d4-40f7-ba5a-175455d3bd55:192.168.36.79:40696], old=null, confs=<EMPTY_MAP>
2019-09-20 08:50:45,247 [pool-60-thread-1] INFO  server.RaftServerConfigKeys (ConfUtils.java:logGet(43)) - raft.server.storage.dir = [/workdir/hadoop-ozone/tools/target/test-dir/MiniOzoneClusterImpl-1a1f1bd1-ce73-4756-923c-f2264fe476d0/datanode-3/data/ratis] (custom)
2019-09-20 08:50:45,247 [pool-60-thread-1] INFO  storage.RaftStorageDirectory (RaftStorageDirectory.java:analyzeStorage(246)) - The storage directory /workdir/hadoop-ozone/tools/target/test-dir/MiniOzoneClusterImpl-1a1f1bd1-ce73-4756-923c-f2264fe476d0/datanode-3/data/ratis/cd4c5f8c-7170-4e4c-b110-e032fbbe47bd does not exist. Creating ...
2019-09-20 08:50:45,286 [pool-60-thread-1] INFO  storage.RaftStorageDirectory (RaftStorageDirectory.java:tryLock(328)) - Lock on /workdir/hadoop-ozone/tools/target/test-dir/MiniOzoneClusterImpl-1a1f1bd1-ce73-4756-923c-f2264fe476d0/datanode-3/data/ratis/cd4c5f8c-7170-4e4c-b110-e032fbbe47bd/in_use.lock acquired by nodename 17078@pr-hdds-1569-s8kj2-2266485376
2019-09-20 08:50:45,375 [pool-60-thread-1] INFO  storage.RaftStorage (RaftStorage.java:format(72)) - Storage directory /workdir/hadoop-ozone/tools/target/test-dir/MiniOzoneClusterImpl-1a1f1bd1-ce73-4756-923c-f2264fe476d0/datanode-3/data/ratis/cd4c5f8c-7170-4e4c-b110-e032fbbe47bd has been successfully formatted.
2019-09-20 08:50:45,377 [pool-60-thread-1] INFO  ratis.ContainerStateMachine (ContainerStateMachine.java:loadSnapshot(226)) - group-E032FBBE47BD: The snapshot info is null. Setting the last applied indexto:(t:0, i:~)
2019-09-20 08:50:45,378 [pool-60-thread-1] INFO  server.RaftServerConfigKeys (ConfUtils.java:logGet(43)) - raft.server.leader.election.timeout = 120s (custom)
2019-09-20 08:50:45,379 [pool-60-thread-1] INFO  server.RaftServerConfigKeys (ConfUtils.java:logGet(43)) - raft.server.log.use.memory = false (default)
2019-09-20 08:50:45,379 [pool-60-thread-1] INFO  server.RaftServerConfigKeys (ConfUtils.java:logGet(43)) - raft.server.log.purge.gap = 1000000 (custom)
2019-09-20 08:50:45,379 [pool-60-thread-1] INFO  server.RaftServerConfigKeys (ConfUtils.java:logGet(43)) - raft.server.log.appender.buffer.byte-limit = 33554432 (custom)
2019-09-20 08:50:45,379 [pool-60-thread-1] INFO  server.RaftServerConfigKeys (ConfUtils.java:logGet(43)) - raft.server.log.segment.size.max = 1048576 (custom)
2019-09-20 08:50:45,380 [pool-60-thread-1] INFO  server.RaftServerConfigKeys (ConfUtils.java:logGet(43)) - raft.server.log.segment.cache.num.max = 2 (custom)
2019-09-20 08:50:45,380 [pool-60-thread-1] INFO  segmented.SegmentedRaftLogWorker (SegmentedRaftLogWorker.java:<init>(172)) - new d183acf8-c1d4-40f7-ba5a-175455d3bd55-SegmentedRaftLogWorker:Storage Directory /workdir/hadoop-ozone/tools/target/test-dir/MiniOzoneClusterImpl-1a1f1bd1-ce73-4756-923c-f2264fe476d0/datanode-3/data/ratis/cd4c5f8c-7170-4e4c-b110-e032fbbe47bd for RaftStorage:Storage Directory /workdir/hadoop-ozone/tools/target/test-dir/MiniOzoneClusterImpl-1a1f1bd1-ce73-4756-923c-f2264fe476d0/datanode-3/data/ratis/cd4c5f8c-7170-4e4c-b110-e032fbbe47bd
2019-09-20 08:50:45,382 [pool-60-thread-1] INFO  server.RaftServerConfigKeys (ConfUtils.java:logGet(43)) - raft.server.log.queue.byte-limit = 2147483647 (custom)
2019-09-20 08:50:45,382 [pool-60-thread-1] INFO  server.RaftServerConfigKeys (ConfUtils.java:logGet(43)) - raft.server.log.queue.element-limit = 1024 (custom)
2019-09-20 08:50:45,383 [pool-60-thread-1] INFO  server.RaftServerConfigKeys (ConfUtils.java:logGet(43)) - raft.server.log.segment.size.max = 1048576 (custom)
2019-09-20 08:50:45,383 [pool-60-thread-1] INFO  server.RaftServerConfigKeys (ConfUtils.java:logGet(43)) - raft.server.log.preallocated.size = 16384 (custom)
2019-09-20 08:50:45,383 [pool-60-thread-1] INFO  server.RaftServerConfigKeys (ConfUtils.java:logGet(43)) - raft.server.log.write.buffer.size = 33554432 (custom)
2019-09-20 08:50:45,383 [pool-60-thread-1] INFO  server.RaftServerConfigKeys (ConfUtils.java:logGet(43)) - raft.server.log.force.sync.num = 128 (default)
2019-09-20 08:50:45,384 [pool-60-thread-1] INFO  server.RaftServerConfigKeys (ConfUtils.java:logGet(43)) - raft.server.log.statemachine.data.sync = true (default)
2019-09-20 08:50:45,384 [pool-60-thread-1] INFO  server.RaftServerConfigKeys (ConfUtils.java:logGet(43)) - raft.server.log.statemachine.data.sync.timeout = 10s (default)
2019-09-20 08:50:45,384 [pool-60-thread-1] INFO  server.RaftServerConfigKeys (ConfUtils.java:logGet(43)) - raft.server.log.statemachine.data.sync.timeout.retry = -1 (default)
2019-09-20 08:50:45,385 [pool-60-thread-1] INFO  server.RaftServerConfigKeys (ConfUtils.java:logGet(43)) - raft.server.log.statemachine.data.caching.enabled = true (custom)
2019-09-20 08:50:45,385 [pool-60-thread-1] INFO  segmented.SegmentedRaftLogWorker (SegmentedRaftLogWorker.java:lambda$new$0(132)) - d183acf8-c1d4-40f7-ba5a-175455d3bd55-SegmentedRaftLogWorker:Storage Directory /workdir/hadoop-ozone/tools/target/test-dir/MiniOzoneClusterImpl-1a1f1bd1-ce73-4756-923c-f2264fe476d0/datanode-3/data/ratis/cd4c5f8c-7170-4e4c-b110-e032fbbe47bd: flushIndex: setUnconditionally 0 -> -1
2019-09-20 08:50:45,386 [pool-60-thread-1] INFO  server.RaftServerConfigKeys (ConfUtils.java:logGet(43)) - raft.server.snapshot.auto.trigger.enabled = true (custom)
2019-09-20 08:50:45,386 [pool-60-thread-1] INFO  server.RaftServerConfigKeys (ConfUtils.java:logGet(43)) - raft.server.snapshot.auto.trigger.threshold = 10000 (custom)
2019-09-20 08:50:45,387 [pool-60-thread-1] INFO  server.RaftServerConfigKeys (ConfUtils.java:logGet(43)) - raft.server.retrycache.expirytime = 600000ms (custom)
2019-09-20 08:50:45,387 [pool-60-thread-1] INFO  impl.RaftServerImpl (RaftServerImpl.java:start(180)) - d183acf8-c1d4-40f7-ba5a-175455d3bd55: start group-E032FBBE47BD
2019-09-20 08:50:45,387 [pool-60-thread-1] INFO  impl.RaftServerImpl (RaftServerImpl.java:setRole(171)) - d183acf8-c1d4-40f7-ba5a-175455d3bd55:group-E032FBBE47BD changes role from null to FOLLOWER at term 0 for startAsFollower
2019-09-20 08:50:45,387 [pool-60-thread-1] INFO  impl.RoleInfo (RoleInfo.java:updateAndGet(143)) - d183acf8-c1d4-40f7-ba5a-175455d3bd55: start FollowerState
2019-09-20 08:50:45,389 [pool-60-thread-1] INFO  util.JmxRegister (JmxRegister.java:tryRegister(44)) - Successfully registered JMX Bean with object name Ratis:service=RaftServer,group=group-E032FBBE47BD,id=d183acf8-c1d4-40f7-ba5a-175455d3bd55
2019-09-20 08:50:45,409 [RatisPipelineUtilsThread] INFO  pipeline.PipelineStateManager (PipelineStateManager.java:addPipeline(56)) - Created pipeline Pipeline[ Id: cd4c5f8c-7170-4e4c-b110-e032fbbe47bd, Nodes: d183acf8-c1d4-40f7-ba5a-175455d3bd55{ip: 192.168.36.79, host: pr-hdds-1569-s8kj2-2266485376, networkLocation: /default-rack, certSerialId: null}, Type:RATIS, Factor:ONE, State:OPEN]
2019-09-20 08:50:45,431 [grpc-default-executor-0] INFO  impl.RaftServerProxy (RaftServerProxy.java:addNew(89)) - 5e9b3ca5-d58f-427a-bd11-930d28ac57d8: addNew group-58F0A0F4D5E0:[5e9b3ca5-d58f-427a-bd11-930d28ac57d8:192.168.36.79:44438] returns group-58F0A0F4D5E0:java.util.concurrent.CompletableFuture@1f6aa628[Not completed]
2019-09-20 08:50:45,444 [pool-49-thread-1] INFO  impl.RaftServerImpl (RaftServerImpl.java:<init>(93)) - 5e9b3ca5-d58f-427a-bd11-930d28ac57d8: new RaftServerImpl for group-58F0A0F4D5E0:[5e9b3ca5-d58f-427a-bd11-930d28ac57d8:192.168.36.79:44438] with ContainerStateMachine:uninitialized
2019-09-20 08:50:45,444 [pool-49-thread-1] INFO  server.RaftServerConfigKeys (ConfUtils.java:logGet(43)) - raft.server.rpc.timeout.min = 5s (custom)
2019-09-20 08:50:45,444 [pool-49-thread-1] INFO  server.RaftServerConfigKeys (ConfUtils.java:logGet(43)) - raft.server.rpc.timeout.max = 5200ms (custom)
2019-09-20 08:50:45,444 [pool-49-thread-1] INFO  server.RaftServerConfigKeys (ConfUtils.java:logGet(43)) - raft.server.rpcslowness.timeout = 120s (custom)
2019-09-20 08:50:45,445 [pool-49-thread-1] INFO  server.RaftServerConfigKeys (ConfUtils.java:logGet(43)) - raft.server.sleep.deviation.threshold = 300 (default)
2019-09-20 08:50:45,445 [pool-49-thread-1] INFO  server.RaftServerConfigKeys (ConfUtils.java:logGet(43)) - raft.server.log.appender.install.snapshot.enabled = false (custom)
2019-09-20 08:50:45,445 [pool-49-thread-1] INFO  impl.RaftServerImpl (ServerState.java:<init>(105)) - 5e9b3ca5-d58f-427a-bd11-930d28ac57d8:group-58F0A0F4D5E0 ConfigurationManager, init=-1: [5e9b3ca5-d58f-427a-bd11-930d28ac57d8:192.168.36.79:44438], old=null, confs=<EMPTY_MAP>
2019-09-20 08:50:45,445 [pool-49-thread-1] INFO  server.RaftServerConfigKeys (ConfUtils.java:logGet(43)) - raft.server.storage.dir = [/workdir/hadoop-ozone/tools/target/test-dir/MiniOzoneClusterImpl-1a1f1bd1-ce73-4756-923c-f2264fe476d0/datanode-2/data/ratis] (custom)
2019-09-20 08:50:45,446 [pool-49-thread-1] INFO  storage.RaftStorageDirectory (RaftStorageDirectory.java:analyzeStorage(246)) - The storage directory /workdir/hadoop-ozone/tools/target/test-dir/MiniOzoneClusterImpl-1a1f1bd1-ce73-4756-923c-f2264fe476d0/datanode-2/data/ratis/1ddf788f-4014-41e4-905d-58f0a0f4d5e0 does not exist. Creating ...
2019-09-20 08:50:45,470 [pool-49-thread-1] INFO  storage.RaftStorageDirectory (RaftStorageDirectory.java:tryLock(328)) - Lock on /workdir/hadoop-ozone/tools/target/test-dir/MiniOzoneClusterImpl-1a1f1bd1-ce73-4756-923c-f2264fe476d0/datanode-2/data/ratis/1ddf788f-4014-41e4-905d-58f0a0f4d5e0/in_use.lock acquired by nodename 17078@pr-hdds-1569-s8kj2-2266485376
2019-09-20 08:50:45,488 [pool-49-thread-1] INFO  storage.RaftStorage (RaftStorage.java:format(72)) - Storage directory /workdir/hadoop-ozone/tools/target/test-dir/MiniOzoneClusterImpl-1a1f1bd1-ce73-4756-923c-f2264fe476d0/datanode-2/data/ratis/1ddf788f-4014-41e4-905d-58f0a0f4d5e0 has been successfully formatted.
2019-09-20 08:50:45,489 [pool-49-thread-1] INFO  ratis.ContainerStateMachine (ContainerStateMachine.java:loadSnapshot(226)) - group-58F0A0F4D5E0: The snapshot info is null. Setting the last applied indexto:(t:0, i:~)
2019-09-20 08:50:45,489 [pool-49-thread-1] INFO  server.RaftServerConfigKeys (ConfUtils.java:logGet(43)) - raft.server.leader.election.timeout = 120s (custom)
2019-09-20 08:50:45,489 [pool-49-thread-1] INFO  server.RaftServerConfigKeys (ConfUtils.java:logGet(43)) - raft.server.log.use.memory = false (default)
2019-09-20 08:50:45,489 [pool-49-thread-1] INFO  server.RaftServerConfigKeys (ConfUtils.java:logGet(43)) - raft.server.log.purge.gap = 1000000 (custom)
2019-09-20 08:50:45,489 [pool-49-thread-1] INFO  server.RaftServerConfigKeys (ConfUtils.java:logGet(43)) - raft.server.log.appender.buffer.byte-limit = 33554432 (custom)
2019-09-20 08:50:45,490 [pool-49-thread-1] INFO  server.RaftServerConfigKeys (ConfUtils.java:logGet(43)) - raft.server.log.segment.size.max = 1048576 (custom)
2019-09-20 08:50:45,490 [pool-49-thread-1] INFO  server.RaftServerConfigKeys (ConfUtils.java:logGet(43)) - raft.server.log.segment.cache.num.max = 2 (custom)
2019-09-20 08:50:45,490 [pool-49-thread-1] INFO  segmented.SegmentedRaftLogWorker (SegmentedRaftLogWorker.java:<init>(172)) - new 5e9b3ca5-d58f-427a-bd11-930d28ac57d8-SegmentedRaftLogWorker:Storage Directory /workdir/hadoop-ozone/tools/target/test-dir/MiniOzoneClusterImpl-1a1f1bd1-ce73-4756-923c-f2264fe476d0/datanode-2/data/ratis/1ddf788f-4014-41e4-905d-58f0a0f4d5e0 for RaftStorage:Storage Directory /workdir/hadoop-ozone/tools/target/test-dir/MiniOzoneClusterImpl-1a1f1bd1-ce73-4756-923c-f2264fe476d0/datanode-2/data/ratis/1ddf788f-4014-41e4-905d-58f0a0f4d5e0
2019-09-20 08:50:45,490 [pool-49-thread-1] INFO  server.RaftServerConfigKeys (ConfUtils.java:logGet(43)) - raft.server.log.queue.byte-limit = 2147483647 (custom)
2019-09-20 08:50:45,490 [pool-49-thread-1] INFO  server.RaftServerConfigKeys (ConfUtils.java:logGet(43)) - raft.server.log.queue.element-limit = 1024 (custom)
2019-09-20 08:50:45,491 [pool-49-thread-1] INFO  server.RaftServerConfigKeys (ConfUtils.java:logGet(43)) - raft.server.log.segment.size.max = 1048576 (custom)
2019-09-20 08:50:45,491 [pool-49-thread-1] INFO  server.RaftServerConfigKeys (ConfUtils.java:logGet(43)) - raft.server.log.preallocated.size = 16384 (custom)
2019-09-20 08:50:45,491 [pool-49-thread-1] INFO  server.RaftServerConfigKeys (ConfUtils.java:logGet(43)) - raft.server.log.write.buffer.size = 33554432 (custom)
2019-09-20 08:50:45,491 [pool-49-thread-1] INFO  server.RaftServerConfigKeys (ConfUtils.java:logGet(43)) - raft.server.log.force.sync.num = 128 (default)
2019-09-20 08:50:45,492 [pool-49-thread-1] INFO  server.RaftServerConfigKeys (ConfUtils.java:logGet(43)) - raft.server.log.statemachine.data.sync = true (default)
2019-09-20 08:50:45,492 [pool-49-thread-1] INFO  server.RaftServerConfigKeys (ConfUtils.java:logGet(43)) - raft.server.log.statemachine.data.sync.timeout = 10s (default)
2019-09-20 08:50:45,492 [pool-49-thread-1] INFO  server.RaftServerConfigKeys (ConfUtils.java:logGet(43)) - raft.server.log.statemachine.data.sync.timeout.retry = -1 (default)
2019-09-20 08:50:45,492 [pool-49-thread-1] INFO  server.RaftServerConfigKeys (ConfUtils.java:logGet(43)) - raft.server.log.statemachine.data.caching.enabled = true (custom)
2019-09-20 08:50:45,493 [pool-49-thread-1] INFO  segmented.SegmentedRaftLogWorker (SegmentedRaftLogWorker.java:lambda$new$0(132)) - 5e9b3ca5-d58f-427a-bd11-930d28ac57d8-SegmentedRaftLogWorker:Storage Directory /workdir/hadoop-ozone/tools/target/test-dir/MiniOzoneClusterImpl-1a1f1bd1-ce73-4756-923c-f2264fe476d0/datanode-2/data/ratis/1ddf788f-4014-41e4-905d-58f0a0f4d5e0: flushIndex: setUnconditionally 0 -> -1
2019-09-20 08:50:45,493 [pool-49-thread-1] INFO  server.RaftServerConfigKeys (ConfUtils.java:logGet(43)) - raft.server.snapshot.auto.trigger.enabled = true (custom)
2019-09-20 08:50:45,493 [pool-49-thread-1] INFO  server.RaftServerConfigKeys (ConfUtils.java:logGet(43)) - raft.server.snapshot.auto.trigger.threshold = 10000 (custom)
2019-09-20 08:50:45,494 [pool-49-thread-1] INFO  server.RaftServerConfigKeys (ConfUtils.java:logGet(43)) - raft.server.retrycache.expirytime = 600000ms (custom)
2019-09-20 08:50:45,494 [pool-49-thread-1] INFO  impl.RaftServerImpl (RaftServerImpl.java:start(180)) - 5e9b3ca5-d58f-427a-bd11-930d28ac57d8: start group-58F0A0F4D5E0
2019-09-20 08:50:45,494 [pool-49-thread-1] INFO  impl.RaftServerImpl (RaftServerImpl.java:setRole(171)) - 5e9b3ca5-d58f-427a-bd11-930d28ac57d8:group-58F0A0F4D5E0 changes role from null to FOLLOWER at term 0 for startAsFollower
2019-09-20 08:50:45,494 [pool-49-thread-1] INFO  impl.RoleInfo (RoleInfo.java:updateAndGet(143)) - 5e9b3ca5-d58f-427a-bd11-930d28ac57d8: start FollowerState
2019-09-20 08:50:45,495 [pool-49-thread-1] INFO  util.JmxRegister (JmxRegister.java:tryRegister(44)) - Successfully registered JMX Bean with object name Ratis:service=RaftServer,group=group-58F0A0F4D5E0,id=5e9b3ca5-d58f-427a-bd11-930d28ac57d8
2019-09-20 08:50:45,508 [RatisPipelineUtilsThread] INFO  pipeline.PipelineStateManager (PipelineStateManager.java:addPipeline(56)) - Created pipeline Pipeline[ Id: 1ddf788f-4014-41e4-905d-58f0a0f4d5e0, Nodes: 5e9b3ca5-d58f-427a-bd11-930d28ac57d8{ip: 192.168.36.79, host: pr-hdds-1569-s8kj2-2266485376, networkLocation: /default-rack, certSerialId: null}, Type:RATIS, Factor:ONE, State:OPEN]
2019-09-20 08:50:45,528 [grpc-default-executor-1] INFO  impl.RaftServerProxy (RaftServerProxy.java:addNew(89)) - d183acf8-c1d4-40f7-ba5a-175455d3bd55: addNew group-2D6E0926852A:[d183acf8-c1d4-40f7-ba5a-175455d3bd55:192.168.36.79:40696] returns group-2D6E0926852A:java.util.concurrent.CompletableFuture@2f37b96a[Not completed]
2019-09-20 08:50:45,530 [pool-60-thread-1] INFO  impl.RaftServerImpl (RaftServerImpl.java:<init>(93)) - d183acf8-c1d4-40f7-ba5a-175455d3bd55: new RaftServerImpl for group-2D6E0926852A:[d183acf8-c1d4-40f7-ba5a-175455d3bd55:192.168.36.79:40696] with ContainerStateMachine:uninitialized
2019-09-20 08:50:45,530 [pool-60-thread-1] INFO  server.RaftServerConfigKeys (ConfUtils.java:logGet(43)) - raft.server.rpc.timeout.min = 5s (custom)
2019-09-20 08:50:45,531 [pool-60-thread-1] INFO  server.RaftServerConfigKeys (ConfUtils.java:logGet(43)) - raft.server.rpc.timeout.max = 5200ms (custom)
2019-09-20 08:50:45,531 [pool-60-thread-1] INFO  server.RaftServerConfigKeys (ConfUtils.java:logGet(43)) - raft.server.rpcslowness.timeout = 120s (custom)
2019-09-20 08:50:45,531 [pool-60-thread-1] INFO  server.RaftServerConfigKeys (ConfUtils.java:logGet(43)) - raft.server.sleep.deviation.threshold = 300 (default)
2019-09-20 08:50:45,531 [pool-60-thread-1] INFO  server.RaftServerConfigKeys (ConfUtils.java:logGet(43)) - raft.server.log.appender.install.snapshot.enabled = false (custom)
2019-09-20 08:50:45,531 [pool-60-thread-1] INFO  impl.RaftServerImpl (ServerState.java:<init>(105)) - d183acf8-c1d4-40f7-ba5a-175455d3bd55:group-2D6E0926852A ConfigurationManager, init=-1: [d183acf8-c1d4-40f7-ba5a-175455d3bd55:192.168.36.79:40696], old=null, confs=<EMPTY_MAP>
2019-09-20 08:50:45,532 [pool-60-thread-1] INFO  server.RaftServerConfigKeys (ConfUtils.java:logGet(43)) - raft.server.storage.dir = [/workdir/hadoop-ozone/tools/target/test-dir/MiniOzoneClusterImpl-1a1f1bd1-ce73-4756-923c-f2264fe476d0/datanode-3/data/ratis] (custom)
2019-09-20 08:50:45,532 [pool-60-thread-1] INFO  storage.RaftStorageDirectory (RaftStorageDirectory.java:analyzeStorage(246)) - The storage directory /workdir/hadoop-ozone/tools/target/test-dir/MiniOzoneClusterImpl-1a1f1bd1-ce73-4756-923c-f2264fe476d0/datanode-3/data/ratis/64a7dda0-0601-491e-8a78-2d6e0926852a does not exist. Creating ...
2019-09-20 08:50:45,566 [pool-60-thread-1] INFO  storage.RaftStorageDirectory (RaftStorageDirectory.java:tryLock(328)) - Lock on /workdir/hadoop-ozone/tools/target/test-dir/MiniOzoneClusterImpl-1a1f1bd1-ce73-4756-923c-f2264fe476d0/datanode-3/data/ratis/64a7dda0-0601-491e-8a78-2d6e0926852a/in_use.lock acquired by nodename 17078@pr-hdds-1569-s8kj2-2266485376
2019-09-20 08:50:45,601 [pool-60-thread-1] INFO  storage.RaftStorage (RaftStorage.java:format(72)) - Storage directory /workdir/hadoop-ozone/tools/target/test-dir/MiniOzoneClusterImpl-1a1f1bd1-ce73-4756-923c-f2264fe476d0/datanode-3/data/ratis/64a7dda0-0601-491e-8a78-2d6e0926852a has been successfully formatted.
2019-09-20 08:50:45,601 [pool-60-thread-1] INFO  ratis.ContainerStateMachine (ContainerStateMachine.java:loadSnapshot(226)) - group-2D6E0926852A: The snapshot info is null. Setting the last applied indexto:(t:0, i:~)
2019-09-20 08:50:45,602 [pool-60-thread-1] INFO  server.RaftServerConfigKeys (ConfUtils.java:logGet(43)) - raft.server.leader.election.timeout = 120s (custom)
2019-09-20 08:50:45,602 [pool-60-thread-1] INFO  server.RaftServerConfigKeys (ConfUtils.java:logGet(43)) - raft.server.log.use.memory = false (default)
2019-09-20 08:50:45,602 [pool-60-thread-1] INFO  server.RaftServerConfigKeys (ConfUtils.java:logGet(43)) - raft.server.log.purge.gap = 1000000 (custom)
2019-09-20 08:50:45,602 [pool-60-thread-1] INFO  server.RaftServerConfigKeys (ConfUtils.java:logGet(43)) - raft.server.log.appender.buffer.byte-limit = 33554432 (custom)
2019-09-20 08:50:45,603 [pool-60-thread-1] INFO  server.RaftServerConfigKeys (ConfUtils.java:logGet(43)) - raft.server.log.segment.size.max = 1048576 (custom)
2019-09-20 08:50:45,603 [pool-60-thread-1] INFO  server.RaftServerConfigKeys (ConfUtils.java:logGet(43)) - raft.server.log.segment.cache.num.max = 2 (custom)
2019-09-20 08:50:45,603 [pool-60-thread-1] INFO  segmented.SegmentedRaftLogWorker (SegmentedRaftLogWorker.java:<init>(172)) - new d183acf8-c1d4-40f7-ba5a-175455d3bd55-SegmentedRaftLogWorker:Storage Directory /workdir/hadoop-ozone/tools/target/test-dir/MiniOzoneClusterImpl-1a1f1bd1-ce73-4756-923c-f2264fe476d0/datanode-3/data/ratis/64a7dda0-0601-491e-8a78-2d6e0926852a for RaftStorage:Storage Directory /workdir/hadoop-ozone/tools/target/test-dir/MiniOzoneClusterImpl-1a1f1bd1-ce73-4756-923c-f2264fe476d0/datanode-3/data/ratis/64a7dda0-0601-491e-8a78-2d6e0926852a
2019-09-20 08:50:45,603 [pool-60-thread-1] INFO  server.RaftServerConfigKeys (ConfUtils.java:logGet(43)) - raft.server.log.queue.byte-limit = 2147483647 (custom)
2019-09-20 08:50:45,603 [pool-60-thread-1] INFO  server.RaftServerConfigKeys (ConfUtils.java:logGet(43)) - raft.server.log.queue.element-limit = 1024 (custom)
2019-09-20 08:50:45,604 [pool-60-thread-1] INFO  server.RaftServerConfigKeys (ConfUtils.java:logGet(43)) - raft.server.log.segment.size.max = 1048576 (custom)
2019-09-20 08:50:45,604 [pool-60-thread-1] INFO  server.RaftServerConfigKeys (ConfUtils.java:logGet(43)) - raft.server.log.preallocated.size = 16384 (custom)
2019-09-20 08:50:45,604 [pool-60-thread-1] INFO  server.RaftServerConfigKeys (ConfUtils.java:logGet(43)) - raft.server.log.write.buffer.size = 33554432 (custom)
2019-09-20 08:50:45,604 [pool-60-thread-1] INFO  server.RaftServerConfigKeys (ConfUtils.java:logGet(43)) - raft.server.log.force.sync.num = 128 (default)
2019-09-20 08:50:45,604 [pool-60-thread-1] INFO  server.RaftServerConfigKeys (ConfUtils.java:logGet(43)) - raft.server.log.statemachine.data.sync = true (default)
2019-09-20 08:50:45,605 [pool-60-thread-1] INFO  server.RaftServerConfigKeys (ConfUtils.java:logGet(43)) - raft.server.log.statemachine.data.sync.timeout = 10s (default)
2019-09-20 08:50:45,605 [pool-60-thread-1] INFO  server.RaftServerConfigKeys (ConfUtils.java:logGet(43)) - raft.server.log.statemachine.data.sync.timeout.retry = -1 (default)
2019-09-20 08:50:45,605 [pool-60-thread-1] INFO  server.RaftServerConfigKeys (ConfUtils.java:logGet(43)) - raft.server.log.statemachine.data.caching.enabled = true (custom)
2019-09-20 08:50:45,606 [pool-60-thread-1] INFO  segmented.SegmentedRaftLogWorker (SegmentedRaftLogWorker.java:lambda$new$0(132)) - d183acf8-c1d4-40f7-ba5a-175455d3bd55-SegmentedRaftLogWorker:Storage Directory /workdir/hadoop-ozone/tools/target/test-dir/MiniOzoneClusterImpl-1a1f1bd1-ce73-4756-923c-f2264fe476d0/datanode-3/data/ratis/64a7dda0-0601-491e-8a78-2d6e0926852a: flushIndex: setUnconditionally 0 -> -1
2019-09-20 08:50:45,606 [pool-60-thread-1] INFO  server.RaftServerConfigKeys (ConfUtils.java:logGet(43)) - raft.server.snapshot.auto.trigger.enabled = true (custom)
2019-09-20 08:50:45,606 [pool-60-thread-1] INFO  server.RaftServerConfigKeys (ConfUtils.java:logGet(43)) - raft.server.snapshot.auto.trigger.threshold = 10000 (custom)
2019-09-20 08:50:45,607 [pool-60-thread-1] INFO  server.RaftServerConfigKeys (ConfUtils.java:logGet(43)) - raft.server.retrycache.expirytime = 600000ms (custom)
2019-09-20 08:50:45,607 [pool-60-thread-1] INFO  impl.RaftServerImpl (RaftServerImpl.java:start(180)) - d183acf8-c1d4-40f7-ba5a-175455d3bd55: start group-2D6E0926852A
2019-09-20 08:50:45,607 [pool-60-thread-1] INFO  impl.RaftServerImpl (RaftServerImpl.java:setRole(171)) - d183acf8-c1d4-40f7-ba5a-175455d3bd55:group-2D6E0926852A changes role from null to FOLLOWER at term 0 for startAsFollower
2019-09-20 08:50:45,607 [pool-60-thread-1] INFO  impl.RoleInfo (RoleInfo.java:updateAndGet(143)) - d183acf8-c1d4-40f7-ba5a-175455d3bd55: start FollowerState
2019-09-20 08:50:45,608 [pool-60-thread-1] INFO  util.JmxRegister (JmxRegister.java:tryRegister(44)) - Successfully registered JMX Bean with object name Ratis:service=RaftServer,group=group-2D6E0926852A,id=d183acf8-c1d4-40f7-ba5a-175455d3bd55
2019-09-20 08:50:45,621 [RatisPipelineUtilsThread] INFO  pipeline.PipelineStateManager (PipelineStateManager.java:addPipeline(56)) - Created pipeline Pipeline[ Id: 64a7dda0-0601-491e-8a78-2d6e0926852a, Nodes: d183acf8-c1d4-40f7-ba5a-175455d3bd55{ip: 192.168.36.79, host: pr-hdds-1569-s8kj2-2266485376, networkLocation: /default-rack, certSerialId: null}, Type:RATIS, Factor:ONE, State:OPEN]
2019-09-20 08:50:45,648 [grpc-default-executor-1] INFO  impl.RaftServerProxy (RaftServerProxy.java:addNew(89)) - 972eec63-801b-4789-a14a-664c049671ee: addNew group-A66111DDF996:[972eec63-801b-4789-a14a-664c049671ee:192.168.36.79:36941] returns group-A66111DDF996:java.util.concurrent.CompletableFuture@60cd48c7[Not completed]
2019-09-20 08:50:45,650 [pool-38-thread-1] INFO  impl.RaftServerImpl (RaftServerImpl.java:<init>(93)) - 972eec63-801b-4789-a14a-664c049671ee: new RaftServerImpl for group-A66111DDF996:[972eec63-801b-4789-a14a-664c049671ee:192.168.36.79:36941] with ContainerStateMachine:uninitialized
2019-09-20 08:50:45,650 [pool-38-thread-1] INFO  server.RaftServerConfigKeys (ConfUtils.java:logGet(43)) - raft.server.rpc.timeout.min = 5s (custom)
2019-09-20 08:50:45,650 [pool-38-thread-1] INFO  server.RaftServerConfigKeys (ConfUtils.java:logGet(43)) - raft.server.rpc.timeout.max = 5200ms (custom)
2019-09-20 08:50:45,651 [pool-38-thread-1] INFO  server.RaftServerConfigKeys (ConfUtils.java:logGet(43)) - raft.server.rpcslowness.timeout = 120s (custom)
2019-09-20 08:50:45,651 [pool-38-thread-1] INFO  server.RaftServerConfigKeys (ConfUtils.java:logGet(43)) - raft.server.sleep.deviation.threshold = 300 (default)
2019-09-20 08:50:45,651 [pool-38-thread-1] INFO  server.RaftServerConfigKeys (ConfUtils.java:logGet(43)) - raft.server.log.appender.install.snapshot.enabled = false (custom)
2019-09-20 08:50:45,651 [pool-38-thread-1] INFO  impl.RaftServerImpl (ServerState.java:<init>(105)) - 972eec63-801b-4789-a14a-664c049671ee:group-A66111DDF996 ConfigurationManager, init=-1: [972eec63-801b-4789-a14a-664c049671ee:192.168.36.79:36941], old=null, confs=<EMPTY_MAP>
2019-09-20 08:50:45,651 [pool-38-thread-1] INFO  server.RaftServerConfigKeys (ConfUtils.java:logGet(43)) - raft.server.storage.dir = [/workdir/hadoop-ozone/tools/target/test-dir/MiniOzoneClusterImpl-1a1f1bd1-ce73-4756-923c-f2264fe476d0/datanode-1/data/ratis] (custom)
2019-09-20 08:50:45,652 [pool-38-thread-1] INFO  storage.RaftStorageDirectory (RaftStorageDirectory.java:analyzeStorage(246)) - The storage directory /workdir/hadoop-ozone/tools/target/test-dir/MiniOzoneClusterImpl-1a1f1bd1-ce73-4756-923c-f2264fe476d0/datanode-1/data/ratis/f3d35b0e-49eb-4e14-aa04-a66111ddf996 does not exist. Creating ...
2019-09-20 08:50:45,672 [pool-38-thread-1] INFO  storage.RaftStorageDirectory (RaftStorageDirectory.java:tryLock(328)) - Lock on /workdir/hadoop-ozone/tools/target/test-dir/MiniOzoneClusterImpl-1a1f1bd1-ce73-4756-923c-f2264fe476d0/datanode-1/data/ratis/f3d35b0e-49eb-4e14-aa04-a66111ddf996/in_use.lock acquired by nodename 17078@pr-hdds-1569-s8kj2-2266485376
2019-09-20 08:50:45,704 [pool-38-thread-1] INFO  storage.RaftStorage (RaftStorage.java:format(72)) - Storage directory /workdir/hadoop-ozone/tools/target/test-dir/MiniOzoneClusterImpl-1a1f1bd1-ce73-4756-923c-f2264fe476d0/datanode-1/data/ratis/f3d35b0e-49eb-4e14-aa04-a66111ddf996 has been successfully formatted.
2019-09-20 08:50:45,705 [pool-38-thread-1] INFO  ratis.ContainerStateMachine (ContainerStateMachine.java:loadSnapshot(226)) - group-A66111DDF996: The snapshot info is null. Setting the last applied indexto:(t:0, i:~)
2019-09-20 08:50:45,705 [pool-38-thread-1] INFO  server.RaftServerConfigKeys (ConfUtils.java:logGet(43)) - raft.server.leader.election.timeout = 120s (custom)
2019-09-20 08:50:45,705 [pool-38-thread-1] INFO  server.RaftServerConfigKeys (ConfUtils.java:logGet(43)) - raft.server.log.use.memory = false (default)
2019-09-20 08:50:45,705 [pool-38-thread-1] INFO  server.RaftServerConfigKeys (ConfUtils.java:logGet(43)) - raft.server.log.purge.gap = 1000000 (custom)
2019-09-20 08:50:45,706 [pool-38-thread-1] INFO  server.RaftServerConfigKeys (ConfUtils.java:logGet(43)) - raft.server.log.appender.buffer.byte-limit = 33554432 (custom)
2019-09-20 08:50:45,706 [pool-38-thread-1] INFO  server.RaftServerConfigKeys (ConfUtils.java:logGet(43)) - raft.server.log.segment.size.max = 1048576 (custom)
2019-09-20 08:50:45,706 [pool-38-thread-1] INFO  server.RaftServerConfigKeys (ConfUtils.java:logGet(43)) - raft.server.log.segment.cache.num.max = 2 (custom)
2019-09-20 08:50:45,706 [pool-38-thread-1] INFO  segmented.SegmentedRaftLogWorker (SegmentedRaftLogWorker.java:<init>(172)) - new 972eec63-801b-4789-a14a-664c049671ee-SegmentedRaftLogWorker:Storage Directory /workdir/hadoop-ozone/tools/target/test-dir/MiniOzoneClusterImpl-1a1f1bd1-ce73-4756-923c-f2264fe476d0/datanode-1/data/ratis/f3d35b0e-49eb-4e14-aa04-a66111ddf996 for RaftStorage:Storage Directory /workdir/hadoop-ozone/tools/target/test-dir/MiniOzoneClusterImpl-1a1f1bd1-ce73-4756-923c-f2264fe476d0/datanode-1/data/ratis/f3d35b0e-49eb-4e14-aa04-a66111ddf996
2019-09-20 08:50:45,707 [pool-38-thread-1] INFO  server.RaftServerConfigKeys (ConfUtils.java:logGet(43)) - raft.server.log.queue.byte-limit = 2147483647 (custom)
2019-09-20 08:50:45,707 [pool-38-thread-1] INFO  server.RaftServerConfigKeys (ConfUtils.java:logGet(43)) - raft.server.log.queue.element-limit = 1024 (custom)
2019-09-20 08:50:45,707 [pool-38-thread-1] INFO  server.RaftServerConfigKeys (ConfUtils.java:logGet(43)) - raft.server.log.segment.size.max = 1048576 (custom)
2019-09-20 08:50:45,707 [pool-38-thread-1] INFO  server.RaftServerConfigKeys (ConfUtils.java:logGet(43)) - raft.server.log.preallocated.size = 16384 (custom)
2019-09-20 08:50:45,708 [pool-38-thread-1] INFO  server.RaftServerConfigKeys (ConfUtils.java:logGet(43)) - raft.server.log.write.buffer.size = 33554432 (custom)
2019-09-20 08:50:45,708 [pool-38-thread-1] INFO  server.RaftServerConfigKeys (ConfUtils.java:logGet(43)) - raft.server.log.force.sync.num = 128 (default)
2019-09-20 08:50:45,708 [pool-38-thread-1] INFO  server.RaftServerConfigKeys (ConfUtils.java:logGet(43)) - raft.server.log.statemachine.data.sync = true (default)
2019-09-20 08:50:45,708 [pool-38-thread-1] INFO  server.RaftServerConfigKeys (ConfUtils.java:logGet(43)) - raft.server.log.statemachine.data.sync.timeout = 10s (default)
2019-09-20 08:50:45,709 [pool-38-thread-1] INFO  server.RaftServerConfigKeys (ConfUtils.java:logGet(43)) - raft.server.log.statemachine.data.sync.timeout.retry = -1 (default)
2019-09-20 08:50:45,709 [pool-38-thread-1] INFO  server.RaftServerConfigKeys (ConfUtils.java:logGet(43)) - raft.server.log.statemachine.data.caching.enabled = true (custom)
2019-09-20 08:50:45,710 [pool-38-thread-1] INFO  segmented.SegmentedRaftLogWorker (SegmentedRaftLogWorker.java:lambda$new$0(132)) - 972eec63-801b-4789-a14a-664c049671ee-SegmentedRaftLogWorker:Storage Directory /workdir/hadoop-ozone/tools/target/test-dir/MiniOzoneClusterImpl-1a1f1bd1-ce73-4756-923c-f2264fe476d0/datanode-1/data/ratis/f3d35b0e-49eb-4e14-aa04-a66111ddf996: flushIndex: setUnconditionally 0 -> -1
2019-09-20 08:50:45,710 [pool-38-thread-1] INFO  server.RaftServerConfigKeys (ConfUtils.java:logGet(43)) - raft.server.snapshot.auto.trigger.enabled = true (custom)
2019-09-20 08:50:45,710 [pool-38-thread-1] INFO  server.RaftServerConfigKeys (ConfUtils.java:logGet(43)) - raft.server.snapshot.auto.trigger.threshold = 10000 (custom)
2019-09-20 08:50:45,711 [pool-38-thread-1] INFO  server.RaftServerConfigKeys (ConfUtils.java:logGet(43)) - raft.server.retrycache.expirytime = 600000ms (custom)
2019-09-20 08:50:45,711 [pool-38-thread-1] INFO  impl.RaftServerImpl (RaftServerImpl.java:start(180)) - 972eec63-801b-4789-a14a-664c049671ee: start group-A66111DDF996
2019-09-20 08:50:45,711 [pool-38-thread-1] INFO  impl.RaftServerImpl (RaftServerImpl.java:setRole(171)) - 972eec63-801b-4789-a14a-664c049671ee:group-A66111DDF996 changes role from null to FOLLOWER at term 0 for startAsFollower
2019-09-20 08:50:45,711 [pool-38-thread-1] INFO  impl.RoleInfo (RoleInfo.java:updateAndGet(143)) - 972eec63-801b-4789-a14a-664c049671ee: start FollowerState
2019-09-20 08:50:45,712 [pool-38-thread-1] INFO  util.JmxRegister (JmxRegister.java:tryRegister(44)) - Successfully registered JMX Bean with object name Ratis:service=RaftServer,group=group-A66111DDF996,id=972eec63-801b-4789-a14a-664c049671ee
2019-09-20 08:50:45,723 [RatisPipelineUtilsThread] INFO  pipeline.PipelineStateManager (PipelineStateManager.java:addPipeline(56)) - Created pipeline Pipeline[ Id: f3d35b0e-49eb-4e14-aa04-a66111ddf996, Nodes: 972eec63-801b-4789-a14a-664c049671ee{ip: 192.168.36.79, host: pr-hdds-1569-s8kj2-2266485376, networkLocation: /default-rack, certSerialId: null}, Type:RATIS, Factor:ONE, State:OPEN]
2019-09-20 08:50:45,745 [grpc-default-executor-1] INFO  impl.RaftServerProxy (RaftServerProxy.java:addNew(89)) - d183acf8-c1d4-40f7-ba5a-175455d3bd55: addNew group-34CBC0A955DF:[d183acf8-c1d4-40f7-ba5a-175455d3bd55:192.168.36.79:40696] returns group-34CBC0A955DF:java.util.concurrent.CompletableFuture@51670a57[Not completed]
2019-09-20 08:50:45,746 [pool-60-thread-1] INFO  impl.RaftServerImpl (RaftServerImpl.java:<init>(93)) - d183acf8-c1d4-40f7-ba5a-175455d3bd55: new RaftServerImpl for group-34CBC0A955DF:[d183acf8-c1d4-40f7-ba5a-175455d3bd55:192.168.36.79:40696] with ContainerStateMachine:uninitialized
2019-09-20 08:50:45,747 [pool-60-thread-1] INFO  server.RaftServerConfigKeys (ConfUtils.java:logGet(43)) - raft.server.rpc.timeout.min = 5s (custom)
2019-09-20 08:50:45,747 [pool-60-thread-1] INFO  server.RaftServerConfigKeys (ConfUtils.java:logGet(43)) - raft.server.rpc.timeout.max = 5200ms (custom)
2019-09-20 08:50:45,747 [pool-60-thread-1] INFO  server.RaftServerConfigKeys (ConfUtils.java:logGet(43)) - raft.server.rpcslowness.timeout = 120s (custom)
2019-09-20 08:50:45,747 [pool-60-thread-1] INFO  server.RaftServerConfigKeys (ConfUtils.java:logGet(43)) - raft.server.sleep.deviation.threshold = 300 (default)
2019-09-20 08:50:45,747 [pool-60-thread-1] INFO  server.RaftServerConfigKeys (ConfUtils.java:logGet(43)) - raft.server.log.appender.install.snapshot.enabled = false (custom)
2019-09-20 08:50:45,748 [pool-60-thread-1] INFO  impl.RaftServerImpl (ServerState.java:<init>(105)) - d183acf8-c1d4-40f7-ba5a-175455d3bd55:group-34CBC0A955DF ConfigurationManager, init=-1: [d183acf8-c1d4-40f7-ba5a-175455d3bd55:192.168.36.79:40696], old=null, confs=<EMPTY_MAP>
2019-09-20 08:50:45,748 [pool-60-thread-1] INFO  server.RaftServerConfigKeys (ConfUtils.java:logGet(43)) - raft.server.storage.dir = [/workdir/hadoop-ozone/tools/target/test-dir/MiniOzoneClusterImpl-1a1f1bd1-ce73-4756-923c-f2264fe476d0/datanode-3/data/ratis] (custom)
2019-09-20 08:50:45,748 [pool-60-thread-1] INFO  storage.RaftStorageDirectory (RaftStorageDirectory.java:analyzeStorage(246)) - The storage directory /workdir/hadoop-ozone/tools/target/test-dir/MiniOzoneClusterImpl-1a1f1bd1-ce73-4756-923c-f2264fe476d0/datanode-3/data/ratis/9d200bb7-e35e-4628-98e5-34cbc0a955df does not exist. Creating ...
2019-09-20 08:50:45,771 [pool-60-thread-1] INFO  storage.RaftStorageDirectory (RaftStorageDirectory.java:tryLock(328)) - Lock on /workdir/hadoop-ozone/tools/target/test-dir/MiniOzoneClusterImpl-1a1f1bd1-ce73-4756-923c-f2264fe476d0/datanode-3/data/ratis/9d200bb7-e35e-4628-98e5-34cbc0a955df/in_use.lock acquired by nodename 17078@pr-hdds-1569-s8kj2-2266485376
2019-09-20 08:50:45,797 [pool-60-thread-1] INFO  storage.RaftStorage (RaftStorage.java:format(72)) - Storage directory /workdir/hadoop-ozone/tools/target/test-dir/MiniOzoneClusterImpl-1a1f1bd1-ce73-4756-923c-f2264fe476d0/datanode-3/data/ratis/9d200bb7-e35e-4628-98e5-34cbc0a955df has been successfully formatted.
2019-09-20 08:50:45,797 [pool-60-thread-1] INFO  ratis.ContainerStateMachine (ContainerStateMachine.java:loadSnapshot(226)) - group-34CBC0A955DF: The snapshot info is null. Setting the last applied indexto:(t:0, i:~)
2019-09-20 08:50:45,798 [pool-60-thread-1] INFO  server.RaftServerConfigKeys (ConfUtils.java:logGet(43)) - raft.server.leader.election.timeout = 120s (custom)
2019-09-20 08:50:45,798 [pool-60-thread-1] INFO  server.RaftServerConfigKeys (ConfUtils.java:logGet(43)) - raft.server.log.use.memory = false (default)
2019-09-20 08:50:45,798 [pool-60-thread-1] INFO  server.RaftServerConfigKeys (ConfUtils.java:logGet(43)) - raft.server.log.purge.gap = 1000000 (custom)
2019-09-20 08:50:45,798 [pool-60-thread-1] INFO  server.RaftServerConfigKeys (ConfUtils.java:logGet(43)) - raft.server.log.appender.buffer.byte-limit = 33554432 (custom)
2019-09-20 08:50:45,798 [pool-60-thread-1] INFO  server.RaftServerConfigKeys (ConfUtils.java:logGet(43)) - raft.server.log.segment.size.max = 1048576 (custom)
2019-09-20 08:50:45,799 [pool-60-thread-1] INFO  server.RaftServerConfigKeys (ConfUtils.java:logGet(43)) - raft.server.log.segment.cache.num.max = 2 (custom)
2019-09-20 08:50:45,799 [pool-60-thread-1] INFO  segmented.SegmentedRaftLogWorker (SegmentedRaftLogWorker.java:<init>(172)) - new d183acf8-c1d4-40f7-ba5a-175455d3bd55-SegmentedRaftLogWorker:Storage Directory /workdir/hadoop-ozone/tools/target/test-dir/MiniOzoneClusterImpl-1a1f1bd1-ce73-4756-923c-f2264fe476d0/datanode-3/data/ratis/9d200bb7-e35e-4628-98e5-34cbc0a955df for RaftStorage:Storage Directory /workdir/hadoop-ozone/tools/target/test-dir/MiniOzoneClusterImpl-1a1f1bd1-ce73-4756-923c-f2264fe476d0/datanode-3/data/ratis/9d200bb7-e35e-4628-98e5-34cbc0a955df
2019-09-20 08:50:45,799 [pool-60-thread-1] INFO  server.RaftServerConfigKeys (ConfUtils.java:logGet(43)) - raft.server.log.queue.byte-limit = 2147483647 (custom)
2019-09-20 08:50:45,799 [pool-60-thread-1] INFO  server.RaftServerConfigKeys (ConfUtils.java:logGet(43)) - raft.server.log.queue.element-limit = 1024 (custom)
2019-09-20 08:50:45,800 [pool-60-thread-1] INFO  server.RaftServerConfigKeys (ConfUtils.java:logGet(43)) - raft.server.log.segment.size.max = 1048576 (custom)
2019-09-20 08:50:45,800 [pool-60-thread-1] INFO  server.RaftServerConfigKeys (ConfUtils.java:logGet(43)) - raft.server.log.preallocated.size = 16384 (custom)
2019-09-20 08:50:45,800 [pool-60-thread-1] INFO  server.RaftServerConfigKeys (ConfUtils.java:logGet(43)) - raft.server.log.write.buffer.size = 33554432 (custom)
2019-09-20 08:50:45,800 [pool-60-thread-1] INFO  server.RaftServerConfigKeys (ConfUtils.java:logGet(43)) - raft.server.log.force.sync.num = 128 (default)
2019-09-20 08:50:45,801 [pool-60-thread-1] INFO  server.RaftServerConfigKeys (ConfUtils.java:logGet(43)) - raft.server.log.statemachine.data.sync = true (default)
2019-09-20 08:50:45,801 [pool-60-thread-1] INFO  server.RaftServerConfigKeys (ConfUtils.java:logGet(43)) - raft.server.log.statemachine.data.sync.timeout = 10s (default)
2019-09-20 08:50:45,801 [pool-60-thread-1] INFO  server.RaftServerConfigKeys (ConfUtils.java:logGet(43)) - raft.server.log.statemachine.data.sync.timeout.retry = -1 (default)
2019-09-20 08:50:45,801 [pool-60-thread-1] INFO  server.RaftServerConfigKeys (ConfUtils.java:logGet(43)) - raft.server.log.statemachine.data.caching.enabled = true (custom)
2019-09-20 08:50:45,802 [pool-60-thread-1] INFO  segmented.SegmentedRaftLogWorker (SegmentedRaftLogWorker.java:lambda$new$0(132)) - d183acf8-c1d4-40f7-ba5a-175455d3bd55-SegmentedRaftLogWorker:Storage Directory /workdir/hadoop-ozone/tools/target/test-dir/MiniOzoneClusterImpl-1a1f1bd1-ce73-4756-923c-f2264fe476d0/datanode-3/data/ratis/9d200bb7-e35e-4628-98e5-34cbc0a955df: flushIndex: setUnconditionally 0 -> -1
2019-09-20 08:50:45,802 [pool-60-thread-1] INFO  server.RaftServerConfigKeys (ConfUtils.java:logGet(43)) - raft.server.snapshot.auto.trigger.enabled = true (custom)
2019-09-20 08:50:45,803 [pool-60-thread-1] INFO  server.RaftServerConfigKeys (ConfUtils.java:logGet(43)) - raft.server.snapshot.auto.trigger.threshold = 10000 (custom)
2019-09-20 08:50:45,803 [pool-60-thread-1] INFO  server.RaftServerConfigKeys (ConfUtils.java:logGet(43)) - raft.server.retrycache.expirytime = 600000ms (custom)
2019-09-20 08:50:45,803 [pool-60-thread-1] INFO  impl.RaftServerImpl (RaftServerImpl.java:start(180)) - d183acf8-c1d4-40f7-ba5a-175455d3bd55: start group-34CBC0A955DF
2019-09-20 08:50:45,803 [pool-60-thread-1] INFO  impl.RaftServerImpl (RaftServerImpl.java:setRole(171)) - d183acf8-c1d4-40f7-ba5a-175455d3bd55:group-34CBC0A955DF changes role from null to FOLLOWER at term 0 for startAsFollower
2019-09-20 08:50:45,804 [pool-60-thread-1] INFO  impl.RoleInfo (RoleInfo.java:updateAndGet(143)) - d183acf8-c1d4-40f7-ba5a-175455d3bd55: start FollowerState
2019-09-20 08:50:45,804 [pool-60-thread-1] INFO  util.JmxRegister (JmxRegister.java:tryRegister(44)) - Successfully registered JMX Bean with object name Ratis:service=RaftServer,group=group-34CBC0A955DF,id=d183acf8-c1d4-40f7-ba5a-175455d3bd55
2019-09-20 08:50:45,822 [RatisPipelineUtilsThread] INFO  pipeline.PipelineStateManager (PipelineStateManager.java:addPipeline(56)) - Created pipeline Pipeline[ Id: 9d200bb7-e35e-4628-98e5-34cbc0a955df, Nodes: d183acf8-c1d4-40f7-ba5a-175455d3bd55{ip: 192.168.36.79, host: pr-hdds-1569-s8kj2-2266485376, networkLocation: /default-rack, certSerialId: null}, Type:RATIS, Factor:ONE, State:OPEN]
2019-09-20 08:50:45,838 [grpc-default-executor-1] INFO  impl.RaftServerProxy (RaftServerProxy.java:addNew(89)) - 5e9b3ca5-d58f-427a-bd11-930d28ac57d8: addNew group-8EEB29365185:[5e9b3ca5-d58f-427a-bd11-930d28ac57d8:192.168.36.79:44438] returns group-8EEB29365185:java.util.concurrent.CompletableFuture@e2b788[Not completed]
2019-09-20 08:50:45,840 [pool-49-thread-1] INFO  impl.RaftServerImpl (RaftServerImpl.java:<init>(93)) - 5e9b3ca5-d58f-427a-bd11-930d28ac57d8: new RaftServerImpl for group-8EEB29365185:[5e9b3ca5-d58f-427a-bd11-930d28ac57d8:192.168.36.79:44438] with ContainerStateMachine:uninitialized
2019-09-20 08:50:45,840 [pool-49-thread-1] INFO  server.RaftServerConfigKeys (ConfUtils.java:logGet(43)) - raft.server.rpc.timeout.min = 5s (custom)
2019-09-20 08:50:45,840 [pool-49-thread-1] INFO  server.RaftServerConfigKeys (ConfUtils.java:logGet(43)) - raft.server.rpc.timeout.max = 5200ms (custom)
2019-09-20 08:50:45,841 [pool-49-thread-1] INFO  server.RaftServerConfigKeys (ConfUtils.java:logGet(43)) - raft.server.rpcslowness.timeout = 120s (custom)
2019-09-20 08:50:45,841 [pool-49-thread-1] INFO  server.RaftServerConfigKeys (ConfUtils.java:logGet(43)) - raft.server.sleep.deviation.threshold = 300 (default)
2019-09-20 08:50:45,841 [pool-49-thread-1] INFO  server.RaftServerConfigKeys (ConfUtils.java:logGet(43)) - raft.server.log.appender.install.snapshot.enabled = false (custom)
2019-09-20 08:50:45,841 [pool-49-thread-1] INFO  impl.RaftServerImpl (ServerState.java:<init>(105)) - 5e9b3ca5-d58f-427a-bd11-930d28ac57d8:group-8EEB29365185 ConfigurationManager, init=-1: [5e9b3ca5-d58f-427a-bd11-930d28ac57d8:192.168.36.79:44438], old=null, confs=<EMPTY_MAP>
2019-09-20 08:50:45,841 [pool-49-thread-1] INFO  server.RaftServerConfigKeys (ConfUtils.java:logGet(43)) - raft.server.storage.dir = [/workdir/hadoop-ozone/tools/target/test-dir/MiniOzoneClusterImpl-1a1f1bd1-ce73-4756-923c-f2264fe476d0/datanode-2/data/ratis] (custom)
2019-09-20 08:50:45,842 [pool-49-thread-1] INFO  storage.RaftStorageDirectory (RaftStorageDirectory.java:analyzeStorage(246)) - The storage directory /workdir/hadoop-ozone/tools/target/test-dir/MiniOzoneClusterImpl-1a1f1bd1-ce73-4756-923c-f2264fe476d0/datanode-2/data/ratis/9d629677-3b32-4e53-b835-8eeb29365185 does not exist. Creating ...
2019-09-20 08:50:45,864 [pool-49-thread-1] INFO  storage.RaftStorageDirectory (RaftStorageDirectory.java:tryLock(328)) - Lock on /workdir/hadoop-ozone/tools/target/test-dir/MiniOzoneClusterImpl-1a1f1bd1-ce73-4756-923c-f2264fe476d0/datanode-2/data/ratis/9d629677-3b32-4e53-b835-8eeb29365185/in_use.lock acquired by nodename 17078@pr-hdds-1569-s8kj2-2266485376
2019-09-20 08:50:45,881 [pool-49-thread-1] INFO  storage.RaftStorage (RaftStorage.java:format(72)) - Storage directory /workdir/hadoop-ozone/tools/target/test-dir/MiniOzoneClusterImpl-1a1f1bd1-ce73-4756-923c-f2264fe476d0/datanode-2/data/ratis/9d629677-3b32-4e53-b835-8eeb29365185 has been successfully formatted.
2019-09-20 08:50:45,881 [pool-49-thread-1] INFO  ratis.ContainerStateMachine (ContainerStateMachine.java:loadSnapshot(226)) - group-8EEB29365185: The snapshot info is null. Setting the last applied indexto:(t:0, i:~)
2019-09-20 08:50:45,881 [pool-49-thread-1] INFO  server.RaftServerConfigKeys (ConfUtils.java:logGet(43)) - raft.server.leader.election.timeout = 120s (custom)
2019-09-20 08:50:45,882 [pool-49-thread-1] INFO  server.RaftServerConfigKeys (ConfUtils.java:logGet(43)) - raft.server.log.use.memory = false (default)
2019-09-20 08:50:45,882 [pool-49-thread-1] INFO  server.RaftServerConfigKeys (ConfUtils.java:logGet(43)) - raft.server.log.purge.gap = 1000000 (custom)
2019-09-20 08:50:45,882 [pool-49-thread-1] INFO  server.RaftServerConfigKeys (ConfUtils.java:logGet(43)) - raft.server.log.appender.buffer.byte-limit = 33554432 (custom)
2019-09-20 08:50:45,882 [pool-49-thread-1] INFO  server.RaftServerConfigKeys (ConfUtils.java:logGet(43)) - raft.server.log.segment.size.max = 1048576 (custom)
2019-09-20 08:50:45,882 [pool-49-thread-1] INFO  server.RaftServerConfigKeys (ConfUtils.java:logGet(43)) - raft.server.log.segment.cache.num.max = 2 (custom)
2019-09-20 08:50:45,883 [pool-49-thread-1] INFO  segmented.SegmentedRaftLogWorker (SegmentedRaftLogWorker.java:<init>(172)) - new 5e9b3ca5-d58f-427a-bd11-930d28ac57d8-SegmentedRaftLogWorker:Storage Directory /workdir/hadoop-ozone/tools/target/test-dir/MiniOzoneClusterImpl-1a1f1bd1-ce73-4756-923c-f2264fe476d0/datanode-2/data/ratis/9d629677-3b32-4e53-b835-8eeb29365185 for RaftStorage:Storage Directory /workdir/hadoop-ozone/tools/target/test-dir/MiniOzoneClusterImpl-1a1f1bd1-ce73-4756-923c-f2264fe476d0/datanode-2/data/ratis/9d629677-3b32-4e53-b835-8eeb29365185
2019-09-20 08:50:45,883 [pool-49-thread-1] INFO  server.RaftServerConfigKeys (ConfUtils.java:logGet(43)) - raft.server.log.queue.byte-limit = 2147483647 (custom)
2019-09-20 08:50:45,883 [pool-49-thread-1] INFO  server.RaftServerConfigKeys (ConfUtils.java:logGet(43)) - raft.server.log.queue.element-limit = 1024 (custom)
2019-09-20 08:50:45,883 [pool-49-thread-1] INFO  server.RaftServerConfigKeys (ConfUtils.java:logGet(43)) - raft.server.log.segment.size.max = 1048576 (custom)
2019-09-20 08:50:45,883 [pool-49-thread-1] INFO  server.RaftServerConfigKeys (ConfUtils.java:logGet(43)) - raft.server.log.preallocated.size = 16384 (custom)
2019-09-20 08:50:45,884 [pool-49-thread-1] INFO  server.RaftServerConfigKeys (ConfUtils.java:logGet(43)) - raft.server.log.write.buffer.size = 33554432 (custom)
2019-09-20 08:50:45,884 [pool-49-thread-1] INFO  server.RaftServerConfigKeys (ConfUtils.java:logGet(43)) - raft.server.log.force.sync.num = 128 (default)
2019-09-20 08:50:45,884 [pool-49-thread-1] INFO  server.RaftServerConfigKeys (ConfUtils.java:logGet(43)) - raft.server.log.statemachine.data.sync = true (default)
2019-09-20 08:50:45,884 [pool-49-thread-1] INFO  server.RaftServerConfigKeys (ConfUtils.java:logGet(43)) - raft.server.log.statemachine.data.sync.timeout = 10s (default)
2019-09-20 08:50:45,884 [pool-49-thread-1] INFO  server.RaftServerConfigKeys (ConfUtils.java:logGet(43)) - raft.server.log.statemachine.data.sync.timeout.retry = -1 (default)
2019-09-20 08:50:45,885 [pool-49-thread-1] INFO  server.RaftServerConfigKeys (ConfUtils.java:logGet(43)) - raft.server.log.statemachine.data.caching.enabled = true (custom)
2019-09-20 08:50:45,885 [pool-49-thread-1] INFO  segmented.SegmentedRaftLogWorker (SegmentedRaftLogWorker.java:lambda$new$0(132)) - 5e9b3ca5-d58f-427a-bd11-930d28ac57d8-SegmentedRaftLogWorker:Storage Directory /workdir/hadoop-ozone/tools/target/test-dir/MiniOzoneClusterImpl-1a1f1bd1-ce73-4756-923c-f2264fe476d0/datanode-2/data/ratis/9d629677-3b32-4e53-b835-8eeb29365185: flushIndex: setUnconditionally 0 -> -1
2019-09-20 08:50:45,885 [pool-49-thread-1] INFO  server.RaftServerConfigKeys (ConfUtils.java:logGet(43)) - raft.server.snapshot.auto.trigger.enabled = true (custom)
2019-09-20 08:50:45,886 [pool-49-thread-1] INFO  server.RaftServerConfigKeys (ConfUtils.java:logGet(43)) - raft.server.snapshot.auto.trigger.threshold = 10000 (custom)
2019-09-20 08:50:45,886 [pool-49-thread-1] INFO  server.RaftServerConfigKeys (ConfUtils.java:logGet(43)) - raft.server.retrycache.expirytime = 600000ms (custom)
2019-09-20 08:50:45,886 [pool-49-thread-1] INFO  impl.RaftServerImpl (RaftServerImpl.java:start(180)) - 5e9b3ca5-d58f-427a-bd11-930d28ac57d8: start group-8EEB29365185
2019-09-20 08:50:45,886 [pool-49-thread-1] INFO  impl.RaftServerImpl (RaftServerImpl.java:setRole(171)) - 5e9b3ca5-d58f-427a-bd11-930d28ac57d8:group-8EEB29365185 changes role from null to FOLLOWER at term 0 for startAsFollower
2019-09-20 08:50:45,887 [pool-49-thread-1] INFO  impl.RoleInfo (RoleInfo.java:updateAndGet(143)) - 5e9b3ca5-d58f-427a-bd11-930d28ac57d8: start FollowerState
2019-09-20 08:50:45,887 [pool-49-thread-1] INFO  util.JmxRegister (JmxRegister.java:tryRegister(44)) - Successfully registered JMX Bean with object name Ratis:service=RaftServer,group=group-8EEB29365185,id=5e9b3ca5-d58f-427a-bd11-930d28ac57d8
2019-09-20 08:50:45,903 [RatisPipelineUtilsThread] INFO  pipeline.PipelineStateManager (PipelineStateManager.java:addPipeline(56)) - Created pipeline Pipeline[ Id: 9d629677-3b32-4e53-b835-8eeb29365185, Nodes: 5e9b3ca5-d58f-427a-bd11-930d28ac57d8{ip: 192.168.36.79, host: pr-hdds-1569-s8kj2-2266485376, networkLocation: /default-rack, certSerialId: null}, Type:RATIS, Factor:ONE, State:OPEN]
2019-09-20 08:50:45,920 [grpc-default-executor-1] INFO  impl.RaftServerProxy (RaftServerProxy.java:addNew(89)) - 64119811-c299-4353-bef2-4f1f08694db1: addNew group-CC812774AEB1:[64119811-c299-4353-bef2-4f1f08694db1:192.168.36.79:34202] returns group-CC812774AEB1:java.util.concurrent.CompletableFuture@17f3d81[Not completed]
2019-09-20 08:50:45,922 [pool-27-thread-1] INFO  impl.RaftServerImpl (RaftServerImpl.java:<init>(93)) - 64119811-c299-4353-bef2-4f1f08694db1: new RaftServerImpl for group-CC812774AEB1:[64119811-c299-4353-bef2-4f1f08694db1:192.168.36.79:34202] with ContainerStateMachine:uninitialized
2019-09-20 08:50:45,923 [pool-27-thread-1] INFO  server.RaftServerConfigKeys (ConfUtils.java:logGet(43)) - raft.server.rpc.timeout.min = 5s (custom)
2019-09-20 08:50:45,923 [pool-27-thread-1] INFO  server.RaftServerConfigKeys (ConfUtils.java:logGet(43)) - raft.server.rpc.timeout.max = 5200ms (custom)
2019-09-20 08:50:45,923 [pool-27-thread-1] INFO  server.RaftServerConfigKeys (ConfUtils.java:logGet(43)) - raft.server.rpcslowness.timeout = 120s (custom)
2019-09-20 08:50:45,923 [pool-27-thread-1] INFO  server.RaftServerConfigKeys (ConfUtils.java:logGet(43)) - raft.server.sleep.deviation.threshold = 300 (default)
2019-09-20 08:50:45,923 [pool-27-thread-1] INFO  server.RaftServerConfigKeys (ConfUtils.java:logGet(43)) - raft.server.log.appender.install.snapshot.enabled = false (custom)
2019-09-20 08:50:45,924 [pool-27-thread-1] INFO  impl.RaftServerImpl (ServerState.java:<init>(105)) - 64119811-c299-4353-bef2-4f1f08694db1:group-CC812774AEB1 ConfigurationManager, init=-1: [64119811-c299-4353-bef2-4f1f08694db1:192.168.36.79:34202], old=null, confs=<EMPTY_MAP>
2019-09-20 08:50:45,924 [pool-27-thread-1] INFO  server.RaftServerConfigKeys (ConfUtils.java:logGet(43)) - raft.server.storage.dir = [/workdir/hadoop-ozone/tools/target/test-dir/MiniOzoneClusterImpl-1a1f1bd1-ce73-4756-923c-f2264fe476d0/datanode-0/data/ratis] (custom)
2019-09-20 08:50:45,925 [pool-27-thread-1] INFO  storage.RaftStorageDirectory (RaftStorageDirectory.java:analyzeStorage(246)) - The storage directory /workdir/hadoop-ozone/tools/target/test-dir/MiniOzoneClusterImpl-1a1f1bd1-ce73-4756-923c-f2264fe476d0/datanode-0/data/ratis/0d37bac5-b5fb-417d-8642-cc812774aeb1 does not exist. Creating ...
2019-09-20 08:50:45,935 | INFO  | SCMAudit | user=jenkins1000 | ip=192.168.36.79 | op=SEND_HEARTBEAT {datanodeUUID=64119811-c299-4353-bef2-4f1f08694db1, command=[]} | ret=SUCCESS |  
2019-09-20 08:50:45,947 [main] INFO  ozone.MiniOzoneClusterImpl (MiniOzoneClusterImpl.java:lambda$waitForClusterToBeReady$0(142)) - Cluster is ready. Got 5 of 5 DN Heartbeats.
2019-09-20 08:50:45,948 [pool-27-thread-1] INFO  storage.RaftStorageDirectory (RaftStorageDirectory.java:tryLock(328)) - Lock on /workdir/hadoop-ozone/tools/target/test-dir/MiniOzoneClusterImpl-1a1f1bd1-ce73-4756-923c-f2264fe476d0/datanode-0/data/ratis/0d37bac5-b5fb-417d-8642-cc812774aeb1/in_use.lock acquired by nodename 17078@pr-hdds-1569-s8kj2-2266485376
2019-09-20 08:50:45,973 [pool-27-thread-1] INFO  storage.RaftStorage (RaftStorage.java:format(72)) - Storage directory /workdir/hadoop-ozone/tools/target/test-dir/MiniOzoneClusterImpl-1a1f1bd1-ce73-4756-923c-f2264fe476d0/datanode-0/data/ratis/0d37bac5-b5fb-417d-8642-cc812774aeb1 has been successfully formatted.
2019-09-20 08:50:45,974 [pool-27-thread-1] INFO  ratis.ContainerStateMachine (ContainerStateMachine.java:loadSnapshot(226)) - group-CC812774AEB1: The snapshot info is null. Setting the last applied indexto:(t:0, i:~)
2019-09-20 08:50:45,974 [pool-27-thread-1] INFO  server.RaftServerConfigKeys (ConfUtils.java:logGet(43)) - raft.server.leader.election.timeout = 120s (custom)
2019-09-20 08:50:45,974 [pool-27-thread-1] INFO  server.RaftServerConfigKeys (ConfUtils.java:logGet(43)) - raft.server.log.use.memory = false (default)
2019-09-20 08:50:45,974 [pool-27-thread-1] INFO  server.RaftServerConfigKeys (ConfUtils.java:logGet(43)) - raft.server.log.purge.gap = 1000000 (custom)
2019-09-20 08:50:45,975 [pool-27-thread-1] INFO  server.RaftServerConfigKeys (ConfUtils.java:logGet(43)) - raft.server.log.appender.buffer.byte-limit = 33554432 (custom)
2019-09-20 08:50:45,975 [pool-27-thread-1] INFO  server.RaftServerConfigKeys (ConfUtils.java:logGet(43)) - raft.server.log.segment.size.max = 1048576 (custom)
2019-09-20 08:50:45,975 [pool-27-thread-1] INFO  server.RaftServerConfigKeys (ConfUtils.java:logGet(43)) - raft.server.log.segment.cache.num.max = 2 (custom)
2019-09-20 08:50:45,975 [pool-27-thread-1] INFO  segmented.SegmentedRaftLogWorker (SegmentedRaftLogWorker.java:<init>(172)) - new 64119811-c299-4353-bef2-4f1f08694db1-SegmentedRaftLogWorker:Storage Directory /workdir/hadoop-ozone/tools/target/test-dir/MiniOzoneClusterImpl-1a1f1bd1-ce73-4756-923c-f2264fe476d0/datanode-0/data/ratis/0d37bac5-b5fb-417d-8642-cc812774aeb1 for RaftStorage:Storage Directory /workdir/hadoop-ozone/tools/target/test-dir/MiniOzoneClusterImpl-1a1f1bd1-ce73-4756-923c-f2264fe476d0/datanode-0/data/ratis/0d37bac5-b5fb-417d-8642-cc812774aeb1
2019-09-20 08:50:45,975 [pool-27-thread-1] INFO  server.RaftServerConfigKeys (ConfUtils.java:logGet(43)) - raft.server.log.queue.byte-limit = 2147483647 (custom)
2019-09-20 08:50:45,976 [pool-27-thread-1] INFO  server.RaftServerConfigKeys (ConfUtils.java:logGet(43)) - raft.server.log.queue.element-limit = 1024 (custom)
2019-09-20 08:50:45,976 [pool-27-thread-1] INFO  server.RaftServerConfigKeys (ConfUtils.java:logGet(43)) - raft.server.log.segment.size.max = 1048576 (custom)
2019-09-20 08:50:45,976 [pool-27-thread-1] INFO  server.RaftServerConfigKeys (ConfUtils.java:logGet(43)) - raft.server.log.preallocated.size = 16384 (custom)
2019-09-20 08:50:45,976 [pool-27-thread-1] INFO  server.RaftServerConfigKeys (ConfUtils.java:logGet(43)) - raft.server.log.write.buffer.size = 33554432 (custom)
2019-09-20 08:50:45,976 [pool-27-thread-1] INFO  server.RaftServerConfigKeys (ConfUtils.java:logGet(43)) - raft.server.log.force.sync.num = 128 (default)
2019-09-20 08:50:45,977 [pool-27-thread-1] INFO  server.RaftServerConfigKeys (ConfUtils.java:logGet(43)) - raft.server.log.statemachine.data.sync = true (default)
2019-09-20 08:50:45,977 [pool-27-thread-1] INFO  server.RaftServerConfigKeys (ConfUtils.java:logGet(43)) - raft.server.log.statemachine.data.sync.timeout = 10s (default)
2019-09-20 08:50:45,977 [pool-27-thread-1] INFO  server.RaftServerConfigKeys (ConfUtils.java:logGet(43)) - raft.server.log.statemachine.data.sync.timeout.retry = -1 (default)
2019-09-20 08:50:45,977 [pool-27-thread-1] INFO  server.RaftServerConfigKeys (ConfUtils.java:logGet(43)) - raft.server.log.statemachine.data.caching.enabled = true (custom)
2019-09-20 08:50:45,978 [pool-27-thread-1] INFO  segmented.SegmentedRaftLogWorker (SegmentedRaftLogWorker.java:lambda$new$0(132)) - 64119811-c299-4353-bef2-4f1f08694db1-SegmentedRaftLogWorker:Storage Directory /workdir/hadoop-ozone/tools/target/test-dir/MiniOzoneClusterImpl-1a1f1bd1-ce73-4756-923c-f2264fe476d0/datanode-0/data/ratis/0d37bac5-b5fb-417d-8642-cc812774aeb1: flushIndex: setUnconditionally 0 -> -1
2019-09-20 08:50:45,978 [pool-27-thread-1] INFO  server.RaftServerConfigKeys (ConfUtils.java:logGet(43)) - raft.server.snapshot.auto.trigger.enabled = true (custom)
2019-09-20 08:50:45,978 [pool-27-thread-1] INFO  server.RaftServerConfigKeys (ConfUtils.java:logGet(43)) - raft.server.snapshot.auto.trigger.threshold = 10000 (custom)
2019-09-20 08:50:45,979 [pool-27-thread-1] INFO  server.RaftServerConfigKeys (ConfUtils.java:logGet(43)) - raft.server.retrycache.expirytime = 600000ms (custom)
2019-09-20 08:50:45,979 [pool-27-thread-1] INFO  impl.RaftServerImpl (RaftServerImpl.java:start(180)) - 64119811-c299-4353-bef2-4f1f08694db1: start group-CC812774AEB1
2019-09-20 08:50:45,979 [pool-27-thread-1] INFO  impl.RaftServerImpl (RaftServerImpl.java:setRole(171)) - 64119811-c299-4353-bef2-4f1f08694db1:group-CC812774AEB1 changes role from null to FOLLOWER at term 0 for startAsFollower
2019-09-20 08:50:45,979 [pool-27-thread-1] INFO  impl.RoleInfo (RoleInfo.java:updateAndGet(143)) - 64119811-c299-4353-bef2-4f1f08694db1: start FollowerState
2019-09-20 08:50:45,980 [pool-27-thread-1] INFO  util.JmxRegister (JmxRegister.java:tryRegister(44)) - Successfully registered JMX Bean with object name Ratis:service=RaftServer,group=group-CC812774AEB1,id=64119811-c299-4353-bef2-4f1f08694db1
2019-09-20 08:50:45,992 [RatisPipelineUtilsThread] INFO  pipeline.PipelineStateManager (PipelineStateManager.java:addPipeline(56)) - Created pipeline Pipeline[ Id: 0d37bac5-b5fb-417d-8642-cc812774aeb1, Nodes: 64119811-c299-4353-bef2-4f1f08694db1{ip: 192.168.36.79, host: pr-hdds-1569-s8kj2-2266485376, networkLocation: /default-rack, certSerialId: null}, Type:RATIS, Factor:ONE, State:OPEN]
2019-09-20 08:50:46,009 [grpc-default-executor-1] INFO  impl.RaftServerProxy (RaftServerProxy.java:addNew(89)) - 64119811-c299-4353-bef2-4f1f08694db1: addNew group-C4BE9FFD19CC:[64119811-c299-4353-bef2-4f1f08694db1:192.168.36.79:34202] returns group-C4BE9FFD19CC:java.util.concurrent.CompletableFuture@4accbcb[Not completed]
2019-09-20 08:50:46,010 [pool-27-thread-1] INFO  impl.RaftServerImpl (RaftServerImpl.java:<init>(93)) - 64119811-c299-4353-bef2-4f1f08694db1: new RaftServerImpl for group-C4BE9FFD19CC:[64119811-c299-4353-bef2-4f1f08694db1:192.168.36.79:34202] with ContainerStateMachine:uninitialized
2019-09-20 08:50:46,011 [pool-27-thread-1] INFO  server.RaftServerConfigKeys (ConfUtils.java:logGet(43)) - raft.server.rpc.timeout.min = 5s (custom)
2019-09-20 08:50:46,011 [pool-27-thread-1] INFO  server.RaftServerConfigKeys (ConfUtils.java:logGet(43)) - raft.server.rpc.timeout.max = 5200ms (custom)
2019-09-20 08:50:46,011 [pool-27-thread-1] INFO  server.RaftServerConfigKeys (ConfUtils.java:logGet(43)) - raft.server.rpcslowness.timeout = 120s (custom)
2019-09-20 08:50:46,011 [pool-27-thread-1] INFO  server.RaftServerConfigKeys (ConfUtils.java:logGet(43)) - raft.server.sleep.deviation.threshold = 300 (default)
2019-09-20 08:50:46,011 [pool-27-thread-1] INFO  server.RaftServerConfigKeys (ConfUtils.java:logGet(43)) - raft.server.log.appender.install.snapshot.enabled = false (custom)
2019-09-20 08:50:46,012 [pool-27-thread-1] INFO  impl.RaftServerImpl (ServerState.java:<init>(105)) - 64119811-c299-4353-bef2-4f1f08694db1:group-C4BE9FFD19CC ConfigurationManager, init=-1: [64119811-c299-4353-bef2-4f1f08694db1:192.168.36.79:34202], old=null, confs=<EMPTY_MAP>
2019-09-20 08:50:46,012 [pool-27-thread-1] INFO  server.RaftServerConfigKeys (ConfUtils.java:logGet(43)) - raft.server.storage.dir = [/workdir/hadoop-ozone/tools/target/test-dir/MiniOzoneClusterImpl-1a1f1bd1-ce73-4756-923c-f2264fe476d0/datanode-0/data/ratis] (custom)
2019-09-20 08:50:46,012 [pool-27-thread-1] INFO  storage.RaftStorageDirectory (RaftStorageDirectory.java:analyzeStorage(246)) - The storage directory /workdir/hadoop-ozone/tools/target/test-dir/MiniOzoneClusterImpl-1a1f1bd1-ce73-4756-923c-f2264fe476d0/datanode-0/data/ratis/3cf56649-9198-4b9b-b971-c4be9ffd19cc does not exist. Creating ...
2019-09-20 08:50:46,032 [pool-27-thread-1] INFO  storage.RaftStorageDirectory (RaftStorageDirectory.java:tryLock(328)) - Lock on /workdir/hadoop-ozone/tools/target/test-dir/MiniOzoneClusterImpl-1a1f1bd1-ce73-4756-923c-f2264fe476d0/datanode-0/data/ratis/3cf56649-9198-4b9b-b971-c4be9ffd19cc/in_use.lock acquired by nodename 17078@pr-hdds-1569-s8kj2-2266485376
2019-09-20 08:50:46,057 [pool-27-thread-1] INFO  storage.RaftStorage (RaftStorage.java:format(72)) - Storage directory /workdir/hadoop-ozone/tools/target/test-dir/MiniOzoneClusterImpl-1a1f1bd1-ce73-4756-923c-f2264fe476d0/datanode-0/data/ratis/3cf56649-9198-4b9b-b971-c4be9ffd19cc has been successfully formatted.
2019-09-20 08:50:46,058 [pool-27-thread-1] INFO  ratis.ContainerStateMachine (ContainerStateMachine.java:loadSnapshot(226)) - group-C4BE9FFD19CC: The snapshot info is null. Setting the last applied indexto:(t:0, i:~)
2019-09-20 08:50:46,058 [pool-27-thread-1] INFO  server.RaftServerConfigKeys (ConfUtils.java:logGet(43)) - raft.server.leader.election.timeout = 120s (custom)
2019-09-20 08:50:46,058 [pool-27-thread-1] INFO  server.RaftServerConfigKeys (ConfUtils.java:logGet(43)) - raft.server.log.use.memory = false (default)
2019-09-20 08:50:46,058 [pool-27-thread-1] INFO  server.RaftServerConfigKeys (ConfUtils.java:logGet(43)) - raft.server.log.purge.gap = 1000000 (custom)
2019-09-20 08:50:46,059 [pool-27-thread-1] INFO  server.RaftServerConfigKeys (ConfUtils.java:logGet(43)) - raft.server.log.appender.buffer.byte-limit = 33554432 (custom)
2019-09-20 08:50:46,059 [pool-27-thread-1] INFO  server.RaftServerConfigKeys (ConfUtils.java:logGet(43)) - raft.server.log.segment.size.max = 1048576 (custom)
2019-09-20 08:50:46,059 [pool-27-thread-1] INFO  server.RaftServerConfigKeys (ConfUtils.java:logGet(43)) - raft.server.log.segment.cache.num.max = 2 (custom)
2019-09-20 08:50:46,059 [pool-27-thread-1] INFO  segmented.SegmentedRaftLogWorker (SegmentedRaftLogWorker.java:<init>(172)) - new 64119811-c299-4353-bef2-4f1f08694db1-SegmentedRaftLogWorker:Storage Directory /workdir/hadoop-ozone/tools/target/test-dir/MiniOzoneClusterImpl-1a1f1bd1-ce73-4756-923c-f2264fe476d0/datanode-0/data/ratis/3cf56649-9198-4b9b-b971-c4be9ffd19cc for RaftStorage:Storage Directory /workdir/hadoop-ozone/tools/target/test-dir/MiniOzoneClusterImpl-1a1f1bd1-ce73-4756-923c-f2264fe476d0/datanode-0/data/ratis/3cf56649-9198-4b9b-b971-c4be9ffd19cc
2019-09-20 08:50:46,059 [pool-27-thread-1] INFO  server.RaftServerConfigKeys (ConfUtils.java:logGet(43)) - raft.server.log.queue.byte-limit = 2147483647 (custom)
2019-09-20 08:50:46,060 [pool-27-thread-1] INFO  server.RaftServerConfigKeys (ConfUtils.java:logGet(43)) - raft.server.log.queue.element-limit = 1024 (custom)
2019-09-20 08:50:46,060 [pool-27-thread-1] INFO  server.RaftServerConfigKeys (ConfUtils.java:logGet(43)) - raft.server.log.segment.size.max = 1048576 (custom)
2019-09-20 08:50:46,060 [pool-27-thread-1] INFO  server.RaftServerConfigKeys (ConfUtils.java:logGet(43)) - raft.server.log.preallocated.size = 16384 (custom)
2019-09-20 08:50:46,060 [pool-27-thread-1] INFO  server.RaftServerConfigKeys (ConfUtils.java:logGet(43)) - raft.server.log.write.buffer.size = 33554432 (custom)
2019-09-20 08:50:46,060 [pool-27-thread-1] INFO  server.RaftServerConfigKeys (ConfUtils.java:logGet(43)) - raft.server.log.force.sync.num = 128 (default)
2019-09-20 08:50:46,060 [pool-27-thread-1] INFO  server.RaftServerConfigKeys (ConfUtils.java:logGet(43)) - raft.server.log.statemachine.data.sync = true (default)
2019-09-20 08:50:46,061 [pool-27-thread-1] INFO  server.RaftServerConfigKeys (ConfUtils.java:logGet(43)) - raft.server.log.statemachine.data.sync.timeout = 10s (default)
2019-09-20 08:50:46,061 [pool-27-thread-1] INFO  server.RaftServerConfigKeys (ConfUtils.java:logGet(43)) - raft.server.log.statemachine.data.sync.timeout.retry = -1 (default)
2019-09-20 08:50:46,061 [pool-27-thread-1] INFO  server.RaftServerConfigKeys (ConfUtils.java:logGet(43)) - raft.server.log.statemachine.data.caching.enabled = true (custom)
2019-09-20 08:50:46,062 [pool-27-thread-1] INFO  segmented.SegmentedRaftLogWorker (SegmentedRaftLogWorker.java:lambda$new$0(132)) - 64119811-c299-4353-bef2-4f1f08694db1-SegmentedRaftLogWorker:Storage Directory /workdir/hadoop-ozone/tools/target/test-dir/MiniOzoneClusterImpl-1a1f1bd1-ce73-4756-923c-f2264fe476d0/datanode-0/data/ratis/3cf56649-9198-4b9b-b971-c4be9ffd19cc: flushIndex: setUnconditionally 0 -> -1
2019-09-20 08:50:46,062 [pool-27-thread-1] INFO  server.RaftServerConfigKeys (ConfUtils.java:logGet(43)) - raft.server.snapshot.auto.trigger.enabled = true (custom)
2019-09-20 08:50:46,062 [pool-27-thread-1] INFO  server.RaftServerConfigKeys (ConfUtils.java:logGet(43)) - raft.server.snapshot.auto.trigger.threshold = 10000 (custom)
2019-09-20 08:50:46,062 [pool-27-thread-1] INFO  server.RaftServerConfigKeys (ConfUtils.java:logGet(43)) - raft.server.retrycache.expirytime = 600000ms (custom)
2019-09-20 08:50:46,063 [pool-27-thread-1] INFO  impl.RaftServerImpl (RaftServerImpl.java:start(180)) - 64119811-c299-4353-bef2-4f1f08694db1: start group-C4BE9FFD19CC
2019-09-20 08:50:46,063 [pool-27-thread-1] INFO  impl.RaftServerImpl (RaftServerImpl.java:setRole(171)) - 64119811-c299-4353-bef2-4f1f08694db1:group-C4BE9FFD19CC changes role from null to FOLLOWER at term 0 for startAsFollower
2019-09-20 08:50:46,063 [pool-27-thread-1] INFO  impl.RoleInfo (RoleInfo.java:updateAndGet(143)) - 64119811-c299-4353-bef2-4f1f08694db1: start FollowerState
2019-09-20 08:50:46,064 [pool-27-thread-1] INFO  util.JmxRegister (JmxRegister.java:tryRegister(44)) - Successfully registered JMX Bean with object name Ratis:service=RaftServer,group=group-C4BE9FFD19CC,id=64119811-c299-4353-bef2-4f1f08694db1
2019-09-20 08:50:46,079 [RatisPipelineUtilsThread] INFO  pipeline.PipelineStateManager (PipelineStateManager.java:addPipeline(56)) - Created pipeline Pipeline[ Id: 3cf56649-9198-4b9b-b971-c4be9ffd19cc, Nodes: 64119811-c299-4353-bef2-4f1f08694db1{ip: 192.168.36.79, host: pr-hdds-1569-s8kj2-2266485376, networkLocation: /default-rack, certSerialId: null}, Type:RATIS, Factor:ONE, State:OPEN]
2019-09-20 08:50:46,093 [grpc-default-executor-1] INFO  impl.RaftServerProxy (RaftServerProxy.java:addNew(89)) - d183acf8-c1d4-40f7-ba5a-175455d3bd55: addNew group-352C7441975D:[d183acf8-c1d4-40f7-ba5a-175455d3bd55:192.168.36.79:40696] returns group-352C7441975D:java.util.concurrent.CompletableFuture@92a4c15[Not completed]
2019-09-20 08:50:46,095 [pool-60-thread-1] INFO  impl.RaftServerImpl (RaftServerImpl.java:<init>(93)) - d183acf8-c1d4-40f7-ba5a-175455d3bd55: new RaftServerImpl for group-352C7441975D:[d183acf8-c1d4-40f7-ba5a-175455d3bd55:192.168.36.79:40696] with ContainerStateMachine:uninitialized
2019-09-20 08:50:46,095 [pool-60-thread-1] INFO  server.RaftServerConfigKeys (ConfUtils.java:logGet(43)) - raft.server.rpc.timeout.min = 5s (custom)
2019-09-20 08:50:46,095 [pool-60-thread-1] INFO  server.RaftServerConfigKeys (ConfUtils.java:logGet(43)) - raft.server.rpc.timeout.max = 5200ms (custom)
2019-09-20 08:50:46,096 [pool-60-thread-1] INFO  server.RaftServerConfigKeys (ConfUtils.java:logGet(43)) - raft.server.rpcslowness.timeout = 120s (custom)
2019-09-20 08:50:46,096 [pool-60-thread-1] INFO  server.RaftServerConfigKeys (ConfUtils.java:logGet(43)) - raft.server.sleep.deviation.threshold = 300 (default)
2019-09-20 08:50:46,096 [pool-60-thread-1] INFO  server.RaftServerConfigKeys (ConfUtils.java:logGet(43)) - raft.server.log.appender.install.snapshot.enabled = false (custom)
2019-09-20 08:50:46,096 [pool-60-thread-1] INFO  impl.RaftServerImpl (ServerState.java:<init>(105)) - d183acf8-c1d4-40f7-ba5a-175455d3bd55:group-352C7441975D ConfigurationManager, init=-1: [d183acf8-c1d4-40f7-ba5a-175455d3bd55:192.168.36.79:40696], old=null, confs=<EMPTY_MAP>
2019-09-20 08:50:46,096 [pool-60-thread-1] INFO  server.RaftServerConfigKeys (ConfUtils.java:logGet(43)) - raft.server.storage.dir = [/workdir/hadoop-ozone/tools/target/test-dir/MiniOzoneClusterImpl-1a1f1bd1-ce73-4756-923c-f2264fe476d0/datanode-3/data/ratis] (custom)
2019-09-20 08:50:46,097 [pool-60-thread-1] INFO  storage.RaftStorageDirectory (RaftStorageDirectory.java:analyzeStorage(246)) - The storage directory /workdir/hadoop-ozone/tools/target/test-dir/MiniOzoneClusterImpl-1a1f1bd1-ce73-4756-923c-f2264fe476d0/datanode-3/data/ratis/211c5d68-3225-4e4e-b5b8-352c7441975d does not exist. Creating ...
2019-09-20 08:50:46,149 [pool-60-thread-1] INFO  storage.RaftStorageDirectory (RaftStorageDirectory.java:tryLock(328)) - Lock on /workdir/hadoop-ozone/tools/target/test-dir/MiniOzoneClusterImpl-1a1f1bd1-ce73-4756-923c-f2264fe476d0/datanode-3/data/ratis/211c5d68-3225-4e4e-b5b8-352c7441975d/in_use.lock acquired by nodename 17078@pr-hdds-1569-s8kj2-2266485376
2019-09-20 08:50:46,183 [pool-60-thread-1] INFO  storage.RaftStorage (RaftStorage.java:format(72)) - Storage directory /workdir/hadoop-ozone/tools/target/test-dir/MiniOzoneClusterImpl-1a1f1bd1-ce73-4756-923c-f2264fe476d0/datanode-3/data/ratis/211c5d68-3225-4e4e-b5b8-352c7441975d has been successfully formatted.
2019-09-20 08:50:46,184 [pool-60-thread-1] INFO  ratis.ContainerStateMachine (ContainerStateMachine.java:loadSnapshot(226)) - group-352C7441975D: The snapshot info is null. Setting the last applied indexto:(t:0, i:~)
2019-09-20 08:50:46,184 [pool-60-thread-1] INFO  server.RaftServerConfigKeys (ConfUtils.java:logGet(43)) - raft.server.leader.election.timeout = 120s (custom)
2019-09-20 08:50:46,184 [pool-60-thread-1] INFO  server.RaftServerConfigKeys (ConfUtils.java:logGet(43)) - raft.server.log.use.memory = false (default)
2019-09-20 08:50:46,184 [pool-60-thread-1] INFO  server.RaftServerConfigKeys (ConfUtils.java:logGet(43)) - raft.server.log.purge.gap = 1000000 (custom)
2019-09-20 08:50:46,184 [pool-60-thread-1] INFO  server.RaftServerConfigKeys (ConfUtils.java:logGet(43)) - raft.server.log.appender.buffer.byte-limit = 33554432 (custom)
2019-09-20 08:50:46,185 [pool-60-thread-1] INFO  server.RaftServerConfigKeys (ConfUtils.java:logGet(43)) - raft.server.log.segment.size.max = 1048576 (custom)
2019-09-20 08:50:46,185 [pool-60-thread-1] INFO  server.RaftServerConfigKeys (ConfUtils.java:logGet(43)) - raft.server.log.segment.cache.num.max = 2 (custom)
2019-09-20 08:50:46,185 [pool-60-thread-1] INFO  segmented.SegmentedRaftLogWorker (SegmentedRaftLogWorker.java:<init>(172)) - new d183acf8-c1d4-40f7-ba5a-175455d3bd55-SegmentedRaftLogWorker:Storage Directory /workdir/hadoop-ozone/tools/target/test-dir/MiniOzoneClusterImpl-1a1f1bd1-ce73-4756-923c-f2264fe476d0/datanode-3/data/ratis/211c5d68-3225-4e4e-b5b8-352c7441975d for RaftStorage:Storage Directory /workdir/hadoop-ozone/tools/target/test-dir/MiniOzoneClusterImpl-1a1f1bd1-ce73-4756-923c-f2264fe476d0/datanode-3/data/ratis/211c5d68-3225-4e4e-b5b8-352c7441975d
2019-09-20 08:50:46,185 [pool-60-thread-1] INFO  server.RaftServerConfigKeys (ConfUtils.java:logGet(43)) - raft.server.log.queue.byte-limit = 2147483647 (custom)
2019-09-20 08:50:46,185 [pool-60-thread-1] INFO  server.RaftServerConfigKeys (ConfUtils.java:logGet(43)) - raft.server.log.queue.element-limit = 1024 (custom)
2019-09-20 08:50:46,185 [pool-60-thread-1] INFO  server.RaftServerConfigKeys (ConfUtils.java:logGet(43)) - raft.server.log.segment.size.max = 1048576 (custom)
2019-09-20 08:50:46,186 [pool-60-thread-1] INFO  server.RaftServerConfigKeys (ConfUtils.java:logGet(43)) - raft.server.log.preallocated.size = 16384 (custom)
2019-09-20 08:50:46,186 [pool-60-thread-1] INFO  server.RaftServerConfigKeys (ConfUtils.java:logGet(43)) - raft.server.log.write.buffer.size = 33554432 (custom)
2019-09-20 08:50:46,186 [pool-60-thread-1] INFO  server.RaftServerConfigKeys (ConfUtils.java:logGet(43)) - raft.server.log.force.sync.num = 128 (default)
2019-09-20 08:50:46,186 [pool-60-thread-1] INFO  server.RaftServerConfigKeys (ConfUtils.java:logGet(43)) - raft.server.log.statemachine.data.sync = true (default)
2019-09-20 08:50:46,186 [pool-60-thread-1] INFO  server.RaftServerConfigKeys (ConfUtils.java:logGet(43)) - raft.server.log.statemachine.data.sync.timeout = 10s (default)
2019-09-20 08:50:46,187 [pool-60-thread-1] INFO  server.RaftServerConfigKeys (ConfUtils.java:logGet(43)) - raft.server.log.statemachine.data.sync.timeout.retry = -1 (default)
2019-09-20 08:50:46,187 [pool-60-thread-1] INFO  server.RaftServerConfigKeys (ConfUtils.java:logGet(43)) - raft.server.log.statemachine.data.caching.enabled = true (custom)
2019-09-20 08:50:46,187 [pool-60-thread-1] INFO  segmented.SegmentedRaftLogWorker (SegmentedRaftLogWorker.java:lambda$new$0(132)) - d183acf8-c1d4-40f7-ba5a-175455d3bd55-SegmentedRaftLogWorker:Storage Directory /workdir/hadoop-ozone/tools/target/test-dir/MiniOzoneClusterImpl-1a1f1bd1-ce73-4756-923c-f2264fe476d0/datanode-3/data/ratis/211c5d68-3225-4e4e-b5b8-352c7441975d: flushIndex: setUnconditionally 0 -> -1
2019-09-20 08:50:46,188 [pool-60-thread-1] INFO  server.RaftServerConfigKeys (ConfUtils.java:logGet(43)) - raft.server.snapshot.auto.trigger.enabled = true (custom)
2019-09-20 08:50:46,188 [pool-60-thread-1] INFO  server.RaftServerConfigKeys (ConfUtils.java:logGet(43)) - raft.server.snapshot.auto.trigger.threshold = 10000 (custom)
2019-09-20 08:50:46,188 [pool-60-thread-1] INFO  server.RaftServerConfigKeys (ConfUtils.java:logGet(43)) - raft.server.retrycache.expirytime = 600000ms (custom)
2019-09-20 08:50:46,190 [pool-60-thread-1] INFO  impl.RaftServerImpl (RaftServerImpl.java:start(180)) - d183acf8-c1d4-40f7-ba5a-175455d3bd55: start group-352C7441975D
2019-09-20 08:50:46,190 [pool-60-thread-1] INFO  impl.RaftServerImpl (RaftServerImpl.java:setRole(171)) - d183acf8-c1d4-40f7-ba5a-175455d3bd55:group-352C7441975D changes role from null to FOLLOWER at term 0 for startAsFollower
2019-09-20 08:50:46,191 [pool-60-thread-1] INFO  impl.RoleInfo (RoleInfo.java:updateAndGet(143)) - d183acf8-c1d4-40f7-ba5a-175455d3bd55: start FollowerState
2019-09-20 08:50:46,191 | INFO  | SCMAudit | user=jenkins1000 | ip=192.168.36.79 | op=SEND_HEARTBEAT {datanodeUUID=972eec63-801b-4789-a14a-664c049671ee, command=[]} | ret=SUCCESS |  
2019-09-20 08:50:46,191 [pool-60-thread-1] INFO  util.JmxRegister (JmxRegister.java:tryRegister(44)) - Successfully registered JMX Bean with object name Ratis:service=RaftServer,group=group-352C7441975D,id=d183acf8-c1d4-40f7-ba5a-175455d3bd55
2019-09-20 08:50:46,201 [RatisPipelineUtilsThread] INFO  pipeline.PipelineStateManager (PipelineStateManager.java:addPipeline(56)) - Created pipeline Pipeline[ Id: 211c5d68-3225-4e4e-b5b8-352c7441975d, Nodes: d183acf8-c1d4-40f7-ba5a-175455d3bd55{ip: 192.168.36.79, host: pr-hdds-1569-s8kj2-2266485376, networkLocation: /default-rack, certSerialId: null}, Type:RATIS, Factor:ONE, State:OPEN]
2019-09-20 08:50:46,225 [grpc-default-executor-1] INFO  impl.RaftServerProxy (RaftServerProxy.java:addNew(89)) - 5e9b3ca5-d58f-427a-bd11-930d28ac57d8: addNew group-40334F4181AC:[5e9b3ca5-d58f-427a-bd11-930d28ac57d8:192.168.36.79:44438] returns group-40334F4181AC:java.util.concurrent.CompletableFuture@41f36bac[Not completed]
2019-09-20 08:50:46,226 [pool-49-thread-1] INFO  impl.RaftServerImpl (RaftServerImpl.java:<init>(93)) - 5e9b3ca5-d58f-427a-bd11-930d28ac57d8: new RaftServerImpl for group-40334F4181AC:[5e9b3ca5-d58f-427a-bd11-930d28ac57d8:192.168.36.79:44438] with ContainerStateMachine:uninitialized
2019-09-20 08:50:46,226 [pool-49-thread-1] INFO  server.RaftServerConfigKeys (ConfUtils.java:logGet(43)) - raft.server.rpc.timeout.min = 5s (custom)
2019-09-20 08:50:46,226 [pool-49-thread-1] INFO  server.RaftServerConfigKeys (ConfUtils.java:logGet(43)) - raft.server.rpc.timeout.max = 5200ms (custom)
2019-09-20 08:50:46,227 [pool-49-thread-1] INFO  server.RaftServerConfigKeys (ConfUtils.java:logGet(43)) - raft.server.rpcslowness.timeout = 120s (custom)
2019-09-20 08:50:46,227 [pool-49-thread-1] INFO  server.RaftServerConfigKeys (ConfUtils.java:logGet(43)) - raft.server.sleep.deviation.threshold = 300 (default)
2019-09-20 08:50:46,227 [pool-49-thread-1] INFO  server.RaftServerConfigKeys (ConfUtils.java:logGet(43)) - raft.server.log.appender.install.snapshot.enabled = false (custom)
2019-09-20 08:50:46,227 [pool-49-thread-1] INFO  impl.RaftServerImpl (ServerState.java:<init>(105)) - 5e9b3ca5-d58f-427a-bd11-930d28ac57d8:group-40334F4181AC ConfigurationManager, init=-1: [5e9b3ca5-d58f-427a-bd11-930d28ac57d8:192.168.36.79:44438], old=null, confs=<EMPTY_MAP>
2019-09-20 08:50:46,227 [pool-49-thread-1] INFO  server.RaftServerConfigKeys (ConfUtils.java:logGet(43)) - raft.server.storage.dir = [/workdir/hadoop-ozone/tools/target/test-dir/MiniOzoneClusterImpl-1a1f1bd1-ce73-4756-923c-f2264fe476d0/datanode-2/data/ratis] (custom)
2019-09-20 08:50:46,228 [pool-49-thread-1] INFO  storage.RaftStorageDirectory (RaftStorageDirectory.java:analyzeStorage(246)) - The storage directory /workdir/hadoop-ozone/tools/target/test-dir/MiniOzoneClusterImpl-1a1f1bd1-ce73-4756-923c-f2264fe476d0/datanode-2/data/ratis/3bc65f0c-5bc2-4021-b843-40334f4181ac does not exist. Creating ...
2019-09-20 08:50:46,251 [pool-49-thread-1] INFO  storage.RaftStorageDirectory (RaftStorageDirectory.java:tryLock(328)) - Lock on /workdir/hadoop-ozone/tools/target/test-dir/MiniOzoneClusterImpl-1a1f1bd1-ce73-4756-923c-f2264fe476d0/datanode-2/data/ratis/3bc65f0c-5bc2-4021-b843-40334f4181ac/in_use.lock acquired by nodename 17078@pr-hdds-1569-s8kj2-2266485376
2019-09-20 08:50:46,276 [pool-49-thread-1] INFO  storage.RaftStorage (RaftStorage.java:format(72)) - Storage directory /workdir/hadoop-ozone/tools/target/test-dir/MiniOzoneClusterImpl-1a1f1bd1-ce73-4756-923c-f2264fe476d0/datanode-2/data/ratis/3bc65f0c-5bc2-4021-b843-40334f4181ac has been successfully formatted.
2019-09-20 08:50:46,276 [pool-49-thread-1] INFO  ratis.ContainerStateMachine (ContainerStateMachine.java:loadSnapshot(226)) - group-40334F4181AC: The snapshot info is null. Setting the last applied indexto:(t:0, i:~)
2019-09-20 08:50:46,276 [pool-49-thread-1] INFO  server.RaftServerConfigKeys (ConfUtils.java:logGet(43)) - raft.server.leader.election.timeout = 120s (custom)
2019-09-20 08:50:46,276 [pool-49-thread-1] INFO  server.RaftServerConfigKeys (ConfUtils.java:logGet(43)) - raft.server.log.use.memory = false (default)
2019-09-20 08:50:46,277 [pool-49-thread-1] INFO  server.RaftServerConfigKeys (ConfUtils.java:logGet(43)) - raft.server.log.purge.gap = 1000000 (custom)
2019-09-20 08:50:46,277 [pool-49-thread-1] INFO  server.RaftServerConfigKeys (ConfUtils.java:logGet(43)) - raft.server.log.appender.buffer.byte-limit = 33554432 (custom)
2019-09-20 08:50:46,277 [pool-49-thread-1] INFO  server.RaftServerConfigKeys (ConfUtils.java:logGet(43)) - raft.server.log.segment.size.max = 1048576 (custom)
2019-09-20 08:50:46,277 [pool-49-thread-1] INFO  server.RaftServerConfigKeys (ConfUtils.java:logGet(43)) - raft.server.log.segment.cache.num.max = 2 (custom)
2019-09-20 08:50:46,277 [pool-49-thread-1] INFO  segmented.SegmentedRaftLogWorker (SegmentedRaftLogWorker.java:<init>(172)) - new 5e9b3ca5-d58f-427a-bd11-930d28ac57d8-SegmentedRaftLogWorker:Storage Directory /workdir/hadoop-ozone/tools/target/test-dir/MiniOzoneClusterImpl-1a1f1bd1-ce73-4756-923c-f2264fe476d0/datanode-2/data/ratis/3bc65f0c-5bc2-4021-b843-40334f4181ac for RaftStorage:Storage Directory /workdir/hadoop-ozone/tools/target/test-dir/MiniOzoneClusterImpl-1a1f1bd1-ce73-4756-923c-f2264fe476d0/datanode-2/data/ratis/3bc65f0c-5bc2-4021-b843-40334f4181ac
2019-09-20 08:50:46,278 [pool-49-thread-1] INFO  server.RaftServerConfigKeys (ConfUtils.java:logGet(43)) - raft.server.log.queue.byte-limit = 2147483647 (custom)
2019-09-20 08:50:46,278 [pool-49-thread-1] INFO  server.RaftServerConfigKeys (ConfUtils.java:logGet(43)) - raft.server.log.queue.element-limit = 1024 (custom)
2019-09-20 08:50:46,278 [pool-49-thread-1] INFO  server.RaftServerConfigKeys (ConfUtils.java:logGet(43)) - raft.server.log.segment.size.max = 1048576 (custom)
2019-09-20 08:50:46,278 [pool-49-thread-1] INFO  server.RaftServerConfigKeys (ConfUtils.java:logGet(43)) - raft.server.log.preallocated.size = 16384 (custom)
2019-09-20 08:50:46,278 [pool-49-thread-1] INFO  server.RaftServerConfigKeys (ConfUtils.java:logGet(43)) - raft.server.log.write.buffer.size = 33554432 (custom)
2019-09-20 08:50:46,279 [pool-49-thread-1] INFO  server.RaftServerConfigKeys (ConfUtils.java:logGet(43)) - raft.server.log.force.sync.num = 128 (default)
2019-09-20 08:50:46,279 [pool-49-thread-1] INFO  server.RaftServerConfigKeys (ConfUtils.java:logGet(43)) - raft.server.log.statemachine.data.sync = true (default)
2019-09-20 08:50:46,279 [pool-49-thread-1] INFO  server.RaftServerConfigKeys (ConfUtils.java:logGet(43)) - raft.server.log.statemachine.data.sync.timeout = 10s (default)
2019-09-20 08:50:46,279 [pool-49-thread-1] INFO  server.RaftServerConfigKeys (ConfUtils.java:logGet(43)) - raft.server.log.statemachine.data.sync.timeout.retry = -1 (default)
2019-09-20 08:50:46,279 [pool-49-thread-1] INFO  server.RaftServerConfigKeys (ConfUtils.java:logGet(43)) - raft.server.log.statemachine.data.caching.enabled = true (custom)
2019-09-20 08:50:46,280 [pool-49-thread-1] INFO  segmented.SegmentedRaftLogWorker (SegmentedRaftLogWorker.java:lambda$new$0(132)) - 5e9b3ca5-d58f-427a-bd11-930d28ac57d8-SegmentedRaftLogWorker:Storage Directory /workdir/hadoop-ozone/tools/target/test-dir/MiniOzoneClusterImpl-1a1f1bd1-ce73-4756-923c-f2264fe476d0/datanode-2/data/ratis/3bc65f0c-5bc2-4021-b843-40334f4181ac: flushIndex: setUnconditionally 0 -> -1
2019-09-20 08:50:46,280 [pool-49-thread-1] INFO  server.RaftServerConfigKeys (ConfUtils.java:logGet(43)) - raft.server.snapshot.auto.trigger.enabled = true (custom)
2019-09-20 08:50:46,280 [pool-49-thread-1] INFO  server.RaftServerConfigKeys (ConfUtils.java:logGet(43)) - raft.server.snapshot.auto.trigger.threshold = 10000 (custom)
2019-09-20 08:50:46,281 [pool-49-thread-1] INFO  server.RaftServerConfigKeys (ConfUtils.java:logGet(43)) - raft.server.retrycache.expirytime = 600000ms (custom)
2019-09-20 08:50:46,281 [pool-49-thread-1] INFO  impl.RaftServerImpl (RaftServerImpl.java:start(180)) - 5e9b3ca5-d58f-427a-bd11-930d28ac57d8: start group-40334F4181AC
2019-09-20 08:50:46,281 [pool-49-thread-1] INFO  impl.RaftServerImpl (RaftServerImpl.java:setRole(171)) - 5e9b3ca5-d58f-427a-bd11-930d28ac57d8:group-40334F4181AC changes role from null to FOLLOWER at term 0 for startAsFollower
2019-09-20 08:50:46,281 [pool-49-thread-1] INFO  impl.RoleInfo (RoleInfo.java:updateAndGet(143)) - 5e9b3ca5-d58f-427a-bd11-930d28ac57d8: start FollowerState
2019-09-20 08:50:46,282 [pool-49-thread-1] INFO  util.JmxRegister (JmxRegister.java:tryRegister(44)) - Successfully registered JMX Bean with object name Ratis:service=RaftServer,group=group-40334F4181AC,id=5e9b3ca5-d58f-427a-bd11-930d28ac57d8
2019-09-20 08:50:46,296 [RatisPipelineUtilsThread] INFO  pipeline.PipelineStateManager (PipelineStateManager.java:addPipeline(56)) - Created pipeline Pipeline[ Id: 3bc65f0c-5bc2-4021-b843-40334f4181ac, Nodes: 5e9b3ca5-d58f-427a-bd11-930d28ac57d8{ip: 192.168.36.79, host: pr-hdds-1569-s8kj2-2266485376, networkLocation: /default-rack, certSerialId: null}, Type:RATIS, Factor:ONE, State:OPEN]
2019-09-20 08:50:46,310 [grpc-default-executor-1] INFO  impl.RaftServerProxy (RaftServerProxy.java:addNew(89)) - 64119811-c299-4353-bef2-4f1f08694db1: addNew group-15A0E16B6496:[64119811-c299-4353-bef2-4f1f08694db1:192.168.36.79:34202] returns group-15A0E16B6496:java.util.concurrent.CompletableFuture@64f983ab[Not completed]
2019-09-20 08:50:46,312 [pool-27-thread-1] INFO  impl.RaftServerImpl (RaftServerImpl.java:<init>(93)) - 64119811-c299-4353-bef2-4f1f08694db1: new RaftServerImpl for group-15A0E16B6496:[64119811-c299-4353-bef2-4f1f08694db1:192.168.36.79:34202] with ContainerStateMachine:uninitialized
2019-09-20 08:50:46,312 [pool-27-thread-1] INFO  server.RaftServerConfigKeys (ConfUtils.java:logGet(43)) - raft.server.rpc.timeout.min = 5s (custom)
2019-09-20 08:50:46,313 [pool-27-thread-1] INFO  server.RaftServerConfigKeys (ConfUtils.java:logGet(43)) - raft.server.rpc.timeout.max = 5200ms (custom)
2019-09-20 08:50:46,313 [pool-27-thread-1] INFO  server.RaftServerConfigKeys (ConfUtils.java:logGet(43)) - raft.server.rpcslowness.timeout = 120s (custom)
2019-09-20 08:50:46,313 [pool-27-thread-1] INFO  server.RaftServerConfigKeys (ConfUtils.java:logGet(43)) - raft.server.sleep.deviation.threshold = 300 (default)
2019-09-20 08:50:46,313 [pool-27-thread-1] INFO  server.RaftServerConfigKeys (ConfUtils.java:logGet(43)) - raft.server.log.appender.install.snapshot.enabled = false (custom)
2019-09-20 08:50:46,314 [pool-27-thread-1] INFO  impl.RaftServerImpl (ServerState.java:<init>(105)) - 64119811-c299-4353-bef2-4f1f08694db1:group-15A0E16B6496 ConfigurationManager, init=-1: [64119811-c299-4353-bef2-4f1f08694db1:192.168.36.79:34202], old=null, confs=<EMPTY_MAP>
2019-09-20 08:50:46,314 [pool-27-thread-1] INFO  server.RaftServerConfigKeys (ConfUtils.java:logGet(43)) - raft.server.storage.dir = [/workdir/hadoop-ozone/tools/target/test-dir/MiniOzoneClusterImpl-1a1f1bd1-ce73-4756-923c-f2264fe476d0/datanode-0/data/ratis] (custom)
2019-09-20 08:50:46,314 [pool-27-thread-1] INFO  storage.RaftStorageDirectory (RaftStorageDirectory.java:analyzeStorage(246)) - The storage directory /workdir/hadoop-ozone/tools/target/test-dir/MiniOzoneClusterImpl-1a1f1bd1-ce73-4756-923c-f2264fe476d0/datanode-0/data/ratis/c16a41de-5ef4-47d4-b80e-15a0e16b6496 does not exist. Creating ...
2019-09-20 08:50:46,343 [pool-27-thread-1] INFO  storage.RaftStorageDirectory (RaftStorageDirectory.java:tryLock(328)) - Lock on /workdir/hadoop-ozone/tools/target/test-dir/MiniOzoneClusterImpl-1a1f1bd1-ce73-4756-923c-f2264fe476d0/datanode-0/data/ratis/c16a41de-5ef4-47d4-b80e-15a0e16b6496/in_use.lock acquired by nodename 17078@pr-hdds-1569-s8kj2-2266485376
2019-09-20 08:50:46,362 [main] INFO  freon.RandomKeyGenerator (RandomKeyGenerator.java:call(275)) - Number of Threads: 10
2019-09-20 08:50:46,363 [main] INFO  freon.RandomKeyGenerator (RandomKeyGenerator.java:call(280)) - Number of Volumes: 10.
2019-09-20 08:50:46,363 [main] INFO  freon.RandomKeyGenerator (RandomKeyGenerator.java:call(281)) - Number of Buckets per Volume: 1.
2019-09-20 08:50:46,364 [main] INFO  freon.RandomKeyGenerator (RandomKeyGenerator.java:call(282)) - Number of Keys per Bucket: 10.
2019-09-20 08:50:46,364 [main] INFO  freon.RandomKeyGenerator (RandomKeyGenerator.java:call(283)) - Key size: 10240 bytes
2019-09-20 08:50:46,364 [main] INFO  freon.RandomKeyGenerator (RandomKeyGenerator.java:call(284)) - Buffer size: 4096 bytes
2019-09-20 08:50:46,377 [pool-27-thread-1] INFO  storage.RaftStorage (RaftStorage.java:format(72)) - Storage directory /workdir/hadoop-ozone/tools/target/test-dir/MiniOzoneClusterImpl-1a1f1bd1-ce73-4756-923c-f2264fe476d0/datanode-0/data/ratis/c16a41de-5ef4-47d4-b80e-15a0e16b6496 has been successfully formatted.
2019-09-20 08:50:46,378 [pool-27-thread-1] INFO  ratis.ContainerStateMachine (ContainerStateMachine.java:loadSnapshot(226)) - group-15A0E16B6496: The snapshot info is null. Setting the last applied indexto:(t:0, i:~)
2019-09-20 08:50:46,378 [pool-27-thread-1] INFO  server.RaftServerConfigKeys (ConfUtils.java:logGet(43)) - raft.server.leader.election.timeout = 120s (custom)
2019-09-20 08:50:46,378 [pool-27-thread-1] INFO  server.RaftServerConfigKeys (ConfUtils.java:logGet(43)) - raft.server.log.use.memory = false (default)
2019-09-20 08:50:46,378 [pool-27-thread-1] INFO  server.RaftServerConfigKeys (ConfUtils.java:logGet(43)) - raft.server.log.purge.gap = 1000000 (custom)
2019-09-20 08:50:46,379 [pool-27-thread-1] INFO  server.RaftServerConfigKeys (ConfUtils.java:logGet(43)) - raft.server.log.appender.buffer.byte-limit = 33554432 (custom)
2019-09-20 08:50:46,379 [pool-27-thread-1] INFO  server.RaftServerConfigKeys (ConfUtils.java:logGet(43)) - raft.server.log.segment.size.max = 1048576 (custom)
2019-09-20 08:50:46,379 [pool-27-thread-1] INFO  server.RaftServerConfigKeys (ConfUtils.java:logGet(43)) - raft.server.log.segment.cache.num.max = 2 (custom)
2019-09-20 08:50:46,379 [pool-27-thread-1] INFO  segmented.SegmentedRaftLogWorker (SegmentedRaftLogWorker.java:<init>(172)) - new 64119811-c299-4353-bef2-4f1f08694db1-SegmentedRaftLogWorker:Storage Directory /workdir/hadoop-ozone/tools/target/test-dir/MiniOzoneClusterImpl-1a1f1bd1-ce73-4756-923c-f2264fe476d0/datanode-0/data/ratis/c16a41de-5ef4-47d4-b80e-15a0e16b6496 for RaftStorage:Storage Directory /workdir/hadoop-ozone/tools/target/test-dir/MiniOzoneClusterImpl-1a1f1bd1-ce73-4756-923c-f2264fe476d0/datanode-0/data/ratis/c16a41de-5ef4-47d4-b80e-15a0e16b6496
2019-09-20 08:50:46,380 [pool-27-thread-1] INFO  server.RaftServerConfigKeys (ConfUtils.java:logGet(43)) - raft.server.log.queue.byte-limit = 2147483647 (custom)
2019-09-20 08:50:46,380 [pool-27-thread-1] INFO  server.RaftServerConfigKeys (ConfUtils.java:logGet(43)) - raft.server.log.queue.element-limit = 1024 (custom)
2019-09-20 08:50:46,380 [pool-27-thread-1] INFO  server.RaftServerConfigKeys (ConfUtils.java:logGet(43)) - raft.server.log.segment.size.max = 1048576 (custom)
2019-09-20 08:50:46,380 [pool-27-thread-1] INFO  server.RaftServerConfigKeys (ConfUtils.java:logGet(43)) - raft.server.log.preallocated.size = 16384 (custom)
2019-09-20 08:50:46,380 [pool-27-thread-1] INFO  server.RaftServerConfigKeys (ConfUtils.java:logGet(43)) - raft.server.log.write.buffer.size = 33554432 (custom)
2019-09-20 08:50:46,381 [pool-27-thread-1] INFO  server.RaftServerConfigKeys (ConfUtils.java:logGet(43)) - raft.server.log.force.sync.num = 128 (default)
2019-09-20 08:50:46,381 [pool-27-thread-1] INFO  server.RaftServerConfigKeys (ConfUtils.java:logGet(43)) - raft.server.log.statemachine.data.sync = true (default)
2019-09-20 08:50:46,381 [pool-27-thread-1] INFO  server.RaftServerConfigKeys (ConfUtils.java:logGet(43)) - raft.server.log.statemachine.data.sync.timeout = 10s (default)
2019-09-20 08:50:46,381 [pool-27-thread-1] INFO  server.RaftServerConfigKeys (ConfUtils.java:logGet(43)) - raft.server.log.statemachine.data.sync.timeout.retry = -1 (default)
2019-09-20 08:50:46,382 [pool-27-thread-1] INFO  server.RaftServerConfigKeys (ConfUtils.java:logGet(43)) - raft.server.log.statemachine.data.caching.enabled = true (custom)
2019-09-20 08:50:46,382 [pool-27-thread-1] INFO  segmented.SegmentedRaftLogWorker (SegmentedRaftLogWorker.java:lambda$new$0(132)) - 64119811-c299-4353-bef2-4f1f08694db1-SegmentedRaftLogWorker:Storage Directory /workdir/hadoop-ozone/tools/target/test-dir/MiniOzoneClusterImpl-1a1f1bd1-ce73-4756-923c-f2264fe476d0/datanode-0/data/ratis/c16a41de-5ef4-47d4-b80e-15a0e16b6496: flushIndex: setUnconditionally 0 -> -1
2019-09-20 08:50:46,383 [pool-27-thread-1] INFO  server.RaftServerConfigKeys (ConfUtils.java:logGet(43)) - raft.server.snapshot.auto.trigger.enabled = true (custom)
2019-09-20 08:50:46,383 [pool-27-thread-1] INFO  server.RaftServerConfigKeys (ConfUtils.java:logGet(43)) - raft.server.snapshot.auto.trigger.threshold = 10000 (custom)
2019-09-20 08:50:46,383 [pool-27-thread-1] INFO  server.RaftServerConfigKeys (ConfUtils.java:logGet(43)) - raft.server.retrycache.expirytime = 600000ms (custom)
2019-09-20 08:50:46,383 [pool-27-thread-1] INFO  impl.RaftServerImpl (RaftServerImpl.java:start(180)) - 64119811-c299-4353-bef2-4f1f08694db1: start group-15A0E16B6496
2019-09-20 08:50:46,384 [pool-27-thread-1] INFO  impl.RaftServerImpl (RaftServerImpl.java:setRole(171)) - 64119811-c299-4353-bef2-4f1f08694db1:group-15A0E16B6496 changes role from null to FOLLOWER at term 0 for startAsFollower
2019-09-20 08:50:46,384 [pool-27-thread-1] INFO  impl.RoleInfo (RoleInfo.java:updateAndGet(143)) - 64119811-c299-4353-bef2-4f1f08694db1: start FollowerState
2019-09-20 08:50:46,384 [pool-27-thread-1] INFO  util.JmxRegister (JmxRegister.java:tryRegister(44)) - Successfully registered JMX Bean with object name Ratis:service=RaftServer,group=group-15A0E16B6496,id=64119811-c299-4353-bef2-4f1f08694db1
2019-09-20 08:50:46,395 [RatisPipelineUtilsThread] INFO  pipeline.PipelineStateManager (PipelineStateManager.java:addPipeline(56)) - Created pipeline Pipeline[ Id: c16a41de-5ef4-47d4-b80e-15a0e16b6496, Nodes: 64119811-c299-4353-bef2-4f1f08694db1{ip: 192.168.36.79, host: pr-hdds-1569-s8kj2-2266485376, networkLocation: /default-rack, certSerialId: null}, Type:RATIS, Factor:ONE, State:OPEN]
2019-09-20 08:50:46,413 [grpc-default-executor-1] INFO  impl.RaftServerProxy (RaftServerProxy.java:addNew(89)) - 64119811-c299-4353-bef2-4f1f08694db1: addNew group-61DFFCCCB317:[64119811-c299-4353-bef2-4f1f08694db1:192.168.36.79:34202] returns group-61DFFCCCB317:java.util.concurrent.CompletableFuture@52178af[Not completed]
2019-09-20 08:50:46,414 [pool-27-thread-1] INFO  impl.RaftServerImpl (RaftServerImpl.java:<init>(93)) - 64119811-c299-4353-bef2-4f1f08694db1: new RaftServerImpl for group-61DFFCCCB317:[64119811-c299-4353-bef2-4f1f08694db1:192.168.36.79:34202] with ContainerStateMachine:uninitialized
2019-09-20 08:50:46,415 [pool-27-thread-1] INFO  server.RaftServerConfigKeys (ConfUtils.java:logGet(43)) - raft.server.rpc.timeout.min = 5s (custom)
2019-09-20 08:50:46,415 [pool-27-thread-1] INFO  server.RaftServerConfigKeys (ConfUtils.java:logGet(43)) - raft.server.rpc.timeout.max = 5200ms (custom)
2019-09-20 08:50:46,415 [pool-27-thread-1] INFO  server.RaftServerConfigKeys (ConfUtils.java:logGet(43)) - raft.server.rpcslowness.timeout = 120s (custom)
2019-09-20 08:50:46,415 [pool-27-thread-1] INFO  server.RaftServerConfigKeys (ConfUtils.java:logGet(43)) - raft.server.sleep.deviation.threshold = 300 (default)
2019-09-20 08:50:46,415 [pool-27-thread-1] INFO  server.RaftServerConfigKeys (ConfUtils.java:logGet(43)) - raft.server.log.appender.install.snapshot.enabled = false (custom)
2019-09-20 08:50:46,416 [pool-27-thread-1] INFO  impl.RaftServerImpl (ServerState.java:<init>(105)) - 64119811-c299-4353-bef2-4f1f08694db1:group-61DFFCCCB317 ConfigurationManager, init=-1: [64119811-c299-4353-bef2-4f1f08694db1:192.168.36.79:34202], old=null, confs=<EMPTY_MAP>
2019-09-20 08:50:46,416 [pool-27-thread-1] INFO  server.RaftServerConfigKeys (ConfUtils.java:logGet(43)) - raft.server.storage.dir = [/workdir/hadoop-ozone/tools/target/test-dir/MiniOzoneClusterImpl-1a1f1bd1-ce73-4756-923c-f2264fe476d0/datanode-0/data/ratis] (custom)
2019-09-20 08:50:46,416 [pool-27-thread-1] INFO  storage.RaftStorageDirectory (RaftStorageDirectory.java:analyzeStorage(246)) - The storage directory /workdir/hadoop-ozone/tools/target/test-dir/MiniOzoneClusterImpl-1a1f1bd1-ce73-4756-923c-f2264fe476d0/datanode-0/data/ratis/f73cc6b4-4624-43a0-90d8-61dffcccb317 does not exist. Creating ...
2019-09-20 08:50:46,453 [pool-27-thread-1] INFO  storage.RaftStorageDirectory (RaftStorageDirectory.java:tryLock(328)) - Lock on /workdir/hadoop-ozone/tools/target/test-dir/MiniOzoneClusterImpl-1a1f1bd1-ce73-4756-923c-f2264fe476d0/datanode-0/data/ratis/f73cc6b4-4624-43a0-90d8-61dffcccb317/in_use.lock acquired by nodename 17078@pr-hdds-1569-s8kj2-2266485376
2019-09-20 08:50:46,461 [pool-78-thread-2] INFO  rpc.RpcClient (RpcClient.java:createVolume(293)) - Creating Volume: vol-1-21344, with jenkins1000 as owner.
2019-09-20 08:50:46,463 [pool-78-thread-6] INFO  rpc.RpcClient (RpcClient.java:createVolume(293)) - Creating Volume: vol-5-79274, with jenkins1000 as owner.
2019-09-20 08:50:46,463 [pool-78-thread-4] INFO  rpc.RpcClient (RpcClient.java:createVolume(293)) - Creating Volume: vol-3-90408, with jenkins1000 as owner.
2019-09-20 08:50:46,463 [pool-78-thread-3] INFO  rpc.RpcClient (RpcClient.java:createVolume(293)) - Creating Volume: vol-2-12325, with jenkins1000 as owner.
2019-09-20 08:50:46,461 [pool-78-thread-8] INFO  rpc.RpcClient (RpcClient.java:createVolume(293)) - Creating Volume: vol-7-08768, with jenkins1000 as owner.
2019-09-20 08:50:46,463 [pool-78-thread-7] INFO  rpc.RpcClient (RpcClient.java:createVolume(293)) - Creating Volume: vol-6-37159, with jenkins1000 as owner.
2019-09-20 08:50:46,461 [pool-78-thread-9] INFO  rpc.RpcClient (RpcClient.java:createVolume(293)) - Creating Volume: vol-8-45245, with jenkins1000 as owner.
2019-09-20 08:50:46,463 [pool-78-thread-5] INFO  rpc.RpcClient (RpcClient.java:createVolume(293)) - Creating Volume: vol-4-54575, with jenkins1000 as owner.
2019-09-20 08:50:46,461 [pool-78-thread-10] INFO  rpc.RpcClient (RpcClient.java:createVolume(293)) - Creating Volume: vol-9-50918, with jenkins1000 as owner.
2019-09-20 08:50:46,461 [pool-78-thread-1] INFO  rpc.RpcClient (RpcClient.java:createVolume(293)) - Creating Volume: vol-0-65797, with jenkins1000 as owner.
2019-09-20 08:50:46,496 [main] INFO  freon.RandomKeyGenerator (RandomKeyGenerator.java:call(304)) - Starting progress bar Thread.

 0.00% |█                                                                                                    |  0/100 Time: 0:00:002019-09-20 08:50:46,511 [pool-27-thread-1] INFO  storage.RaftStorage (RaftStorage.java:format(72)) - Storage directory /workdir/hadoop-ozone/tools/target/test-dir/MiniOzoneClusterImpl-1a1f1bd1-ce73-4756-923c-f2264fe476d0/datanode-0/data/ratis/f73cc6b4-4624-43a0-90d8-61dffcccb317 has been successfully formatted.
2019-09-20 08:50:46,512 [pool-27-thread-1] INFO  ratis.ContainerStateMachine (ContainerStateMachine.java:loadSnapshot(226)) - group-61DFFCCCB317: The snapshot info is null. Setting the last applied indexto:(t:0, i:~)
2019-09-20 08:50:46,512 [pool-27-thread-1] INFO  server.RaftServerConfigKeys (ConfUtils.java:logGet(43)) - raft.server.leader.election.timeout = 120s (custom)
2019-09-20 08:50:46,512 [pool-27-thread-1] INFO  server.RaftServerConfigKeys (ConfUtils.java:logGet(43)) - raft.server.log.use.memory = false (default)
2019-09-20 08:50:46,512 [pool-27-thread-1] INFO  server.RaftServerConfigKeys (ConfUtils.java:logGet(43)) - raft.server.log.purge.gap = 1000000 (custom)
2019-09-20 08:50:46,513 [pool-27-thread-1] INFO  server.RaftServerConfigKeys (ConfUtils.java:logGet(43)) - raft.server.log.appender.buffer.byte-limit = 33554432 (custom)
2019-09-20 08:50:46,513 [pool-27-thread-1] INFO  server.RaftServerConfigKeys (ConfUtils.java:logGet(43)) - raft.server.log.segment.size.max = 1048576 (custom)
2019-09-20 08:50:46,513 [pool-27-thread-1] INFO  server.RaftServerConfigKeys (ConfUtils.java:logGet(43)) - raft.server.log.segment.cache.num.max = 2 (custom)
2019-09-20 08:50:46,513 [pool-27-thread-1] INFO  segmented.SegmentedRaftLogWorker (SegmentedRaftLogWorker.java:<init>(172)) - new 64119811-c299-4353-bef2-4f1f08694db1-SegmentedRaftLogWorker:Storage Directory /workdir/hadoop-ozone/tools/target/test-dir/MiniOzoneClusterImpl-1a1f1bd1-ce73-4756-923c-f2264fe476d0/datanode-0/data/ratis/f73cc6b4-4624-43a0-90d8-61dffcccb317 for RaftStorage:Storage Directory /workdir/hadoop-ozone/tools/target/test-dir/MiniOzoneClusterImpl-1a1f1bd1-ce73-4756-923c-f2264fe476d0/datanode-0/data/ratis/f73cc6b4-4624-43a0-90d8-61dffcccb317
2019-09-20 08:50:46,513 [pool-27-thread-1] INFO  server.RaftServerConfigKeys (ConfUtils.java:logGet(43)) - raft.server.log.queue.byte-limit = 2147483647 (custom)
2019-09-20 08:50:46,514 [pool-27-thread-1] INFO  server.RaftServerConfigKeys (ConfUtils.java:logGet(43)) - raft.server.log.queue.element-limit = 1024 (custom)
2019-09-20 08:50:46,514 [pool-27-thread-1] INFO  server.RaftServerConfigKeys (ConfUtils.java:logGet(43)) - raft.server.log.segment.size.max = 1048576 (custom)
2019-09-20 08:50:46,514 [pool-27-thread-1] INFO  server.RaftServerConfigKeys (ConfUtils.java:logGet(43)) - raft.server.log.preallocated.size = 16384 (custom)
2019-09-20 08:50:46,514 [pool-27-thread-1] INFO  server.RaftServerConfigKeys (ConfUtils.java:logGet(43)) - raft.server.log.write.buffer.size = 33554432 (custom)
2019-09-20 08:50:46,514 [pool-27-thread-1] INFO  server.RaftServerConfigKeys (ConfUtils.java:logGet(43)) - raft.server.log.force.sync.num = 128 (default)
2019-09-20 08:50:46,514 [pool-27-thread-1] INFO  server.RaftServerConfigKeys (ConfUtils.java:logGet(43)) - raft.server.log.statemachine.data.sync = true (default)
2019-09-20 08:50:46,515 [pool-27-thread-1] INFO  server.RaftServerConfigKeys (ConfUtils.java:logGet(43)) - raft.server.log.statemachine.data.sync.timeout = 10s (default)
2019-09-20 08:50:46,515 [pool-27-thread-1] INFO  server.RaftServerConfigKeys (ConfUtils.java:logGet(43)) - raft.server.log.statemachine.data.sync.timeout.retry = -1 (default)
2019-09-20 08:50:46,515 [pool-27-thread-1] INFO  server.RaftServerConfigKeys (ConfUtils.java:logGet(43)) - raft.server.log.statemachine.data.caching.enabled = true (custom)
2019-09-20 08:50:46,515 [pool-27-thread-1] INFO  segmented.SegmentedRaftLogWorker (SegmentedRaftLogWorker.java:lambda$new$0(132)) - 64119811-c299-4353-bef2-4f1f08694db1-SegmentedRaftLogWorker:Storage Directory /workdir/hadoop-ozone/tools/target/test-dir/MiniOzoneClusterImpl-1a1f1bd1-ce73-4756-923c-f2264fe476d0/datanode-0/data/ratis/f73cc6b4-4624-43a0-90d8-61dffcccb317: flushIndex: setUnconditionally 0 -> -1
2019-09-20 08:50:46,516 [pool-27-thread-1] INFO  server.RaftServerConfigKeys (ConfUtils.java:logGet(43)) - raft.server.snapshot.auto.trigger.enabled = true (custom)
2019-09-20 08:50:46,516 [pool-27-thread-1] INFO  server.RaftServerConfigKeys (ConfUtils.java:logGet(43)) - raft.server.snapshot.auto.trigger.threshold = 10000 (custom)
2019-09-20 08:50:46,518 [pool-27-thread-1] INFO  server.RaftServerConfigKeys (ConfUtils.java:logGet(43)) - raft.server.retrycache.expirytime = 600000ms (custom)
2019-09-20 08:50:46,518 [pool-27-thread-1] INFO  impl.RaftServerImpl (RaftServerImpl.java:start(180)) - 64119811-c299-4353-bef2-4f1f08694db1: start group-61DFFCCCB317
2019-09-20 08:50:46,518 [pool-27-thread-1] INFO  impl.RaftServerImpl (RaftServerImpl.java:setRole(171)) - 64119811-c299-4353-bef2-4f1f08694db1:group-61DFFCCCB317 changes role from null to FOLLOWER at term 0 for startAsFollower
2019-09-20 08:50:46,514 | INFO  | OMAudit | user=jenkins1000 | ip=127.0.0.1 | op=CREATE_VOLUME {admin=jenkins1000, owner=jenkins1000, volume=vol-1-21344, creationTime=1568969446514, quotaInBytes=1152921504606846976} | ret=SUCCESS |  
2019-09-20 08:50:46,514 | INFO  | OMAudit | user=jenkins1000 | ip=127.0.0.1 | op=CREATE_VOLUME {admin=jenkins1000, owner=jenkins1000, volume=vol-2-12325, creationTime=1568969446513, quotaInBytes=1152921504606846976} | ret=SUCCESS |  
2019-09-20 08:50:46,514 | INFO  | OMAudit | user=jenkins1000 | ip=127.0.0.1 | op=CREATE_VOLUME {admin=jenkins1000, owner=jenkins1000, volume=vol-0-65797, creationTime=1568969446515, quotaInBytes=1152921504606846976} | ret=SUCCESS |  
2019-09-20 08:50:46,515 | INFO  | OMAudit | user=jenkins1000 | ip=127.0.0.1 | op=CREATE_VOLUME {admin=jenkins1000, owner=jenkins1000, volume=vol-5-79274, creationTime=1568969446515, quotaInBytes=1152921504606846976} | ret=SUCCESS |  
2019-09-20 08:50:46,515 | INFO  | OMAudit | user=jenkins1000 | ip=127.0.0.1 | op=CREATE_VOLUME {admin=jenkins1000, owner=jenkins1000, volume=vol-7-08768, creationTime=1568969446514, quotaInBytes=1152921504606846976} | ret=SUCCESS |  
2019-09-20 08:50:46,514 | INFO  | OMAudit | user=jenkins1000 | ip=127.0.0.1 | op=CREATE_VOLUME {admin=jenkins1000, owner=jenkins1000, volume=vol-3-90408, creationTime=1568969446512, quotaInBytes=1152921504606846976} | ret=SUCCESS |  
2019-09-20 08:50:46,519 [pool-27-thread-1] INFO  impl.RoleInfo (RoleInfo.java:updateAndGet(143)) - 64119811-c299-4353-bef2-4f1f08694db1: start FollowerState
2019-09-20 08:50:46,518 | INFO  | OMAudit | user=jenkins1000 | ip=127.0.0.1 | op=CREATE_VOLUME {admin=jenkins1000, owner=jenkins1000, volume=vol-6-37159, creationTime=1568969446513, quotaInBytes=1152921504606846976} | ret=SUCCESS |  
2019-09-20 08:50:46,514 | INFO  | OMAudit | user=jenkins1000 | ip=127.0.0.1 | op=CREATE_VOLUME {admin=jenkins1000, owner=jenkins1000, volume=vol-8-45245, creationTime=1568969446507, quotaInBytes=1152921504606846976} | ret=SUCCESS |  
2019-09-20 08:50:46,514 | INFO  | OMAudit | user=jenkins1000 | ip=127.0.0.1 | op=CREATE_VOLUME {admin=jenkins1000, owner=jenkins1000, volume=vol-9-50918, creationTime=1568969446512, quotaInBytes=1152921504606846976} | ret=SUCCESS |  
2019-09-20 08:50:46,518 | INFO  | OMAudit | user=jenkins1000 | ip=127.0.0.1 | op=CREATE_VOLUME {admin=jenkins1000, owner=jenkins1000, volume=vol-4-54575, creationTime=1568969446516, quotaInBytes=1152921504606846976} | ret=SUCCESS |  
2019-09-20 08:50:46,519 [pool-27-thread-1] INFO  util.JmxRegister (JmxRegister.java:tryRegister(44)) - Successfully registered JMX Bean with object name Ratis:service=RaftServer,group=group-61DFFCCCB317,id=64119811-c299-4353-bef2-4f1f08694db1
2019-09-20 08:50:46,545 [RatisPipelineUtilsThread] INFO  pipeline.PipelineStateManager (PipelineStateManager.java:addPipeline(56)) - Created pipeline Pipeline[ Id: f73cc6b4-4624-43a0-90d8-61dffcccb317, Nodes: 64119811-c299-4353-bef2-4f1f08694db1{ip: 192.168.36.79, host: pr-hdds-1569-s8kj2-2266485376, networkLocation: /default-rack, certSerialId: null}, Type:RATIS, Factor:ONE, State:OPEN]
2019-09-20 08:50:46,555 | INFO  | OMAudit | user=jenkins1000 | ip=127.0.0.1 | op=READ_VOLUME {volume=vol-6-37159} | ret=SUCCESS |  
2019-09-20 08:50:46,556 | INFO  | OMAudit | user=jenkins1000 | ip=127.0.0.1 | op=READ_VOLUME {volume=vol-7-08768} | ret=SUCCESS |  
2019-09-20 08:50:46,556 | INFO  | OMAudit | user=jenkins1000 | ip=127.0.0.1 | op=READ_VOLUME {volume=vol-9-50918} | ret=SUCCESS |  
2019-09-20 08:50:46,556 | INFO  | OMAudit | user=jenkins1000 | ip=127.0.0.1 | op=READ_VOLUME {volume=vol-0-65797} | ret=SUCCESS |  
2019-09-20 08:50:46,556 | INFO  | OMAudit | user=jenkins1000 | ip=127.0.0.1 | op=READ_VOLUME {volume=vol-3-90408} | ret=SUCCESS |  
2019-09-20 08:50:46,556 | INFO  | OMAudit | user=jenkins1000 | ip=127.0.0.1 | op=READ_VOLUME {volume=vol-4-54575} | ret=SUCCESS |  
2019-09-20 08:50:46,556 | INFO  | OMAudit | user=jenkins1000 | ip=127.0.0.1 | op=READ_VOLUME {volume=vol-2-12325} | ret=SUCCESS |  
2019-09-20 08:50:46,556 | INFO  | OMAudit | user=jenkins1000 | ip=127.0.0.1 | op=READ_VOLUME {volume=vol-8-45245} | ret=SUCCESS |  
2019-09-20 08:50:46,556 | INFO  | OMAudit | user=jenkins1000 | ip=127.0.0.1 | op=READ_VOLUME {volume=vol-5-79274} | ret=SUCCESS |  
2019-09-20 08:50:46,556 | INFO  | OMAudit | user=jenkins1000 | ip=127.0.0.1 | op=READ_VOLUME {volume=vol-1-21344} | ret=SUCCESS |  
2019-09-20 08:50:46,569 [grpc-default-executor-1] INFO  impl.RaftServerProxy (RaftServerProxy.java:addNew(89)) - 5e9b3ca5-d58f-427a-bd11-930d28ac57d8: addNew group-D8F334CA0720:[5e9b3ca5-d58f-427a-bd11-930d28ac57d8:192.168.36.79:44438] returns group-D8F334CA0720:java.util.concurrent.CompletableFuture@532e67a2[Not completed]
2019-09-20 08:50:46,570 [pool-78-thread-4] INFO  rpc.RpcClient (RpcClient.java:createBucket(432)) - Creating Bucket: vol-3-90408/bucket-0-78979, with Versioning false and Storage Type set to DISK and Encryption set to false 
2019-09-20 08:50:46,570 [pool-78-thread-3] INFO  rpc.RpcClient (RpcClient.java:createBucket(432)) - Creating Bucket: vol-9-50918/bucket-0-16182, with Versioning false and Storage Type set to DISK and Encryption set to false 
2019-09-20 08:50:46,570 [pool-78-thread-7] INFO  rpc.RpcClient (RpcClient.java:createBucket(432)) - Creating Bucket: vol-1-21344/bucket-0-59544, with Versioning false and Storage Type set to DISK and Encryption set to false 
2019-09-20 08:50:46,570 [pool-78-thread-6] INFO  rpc.RpcClient (RpcClient.java:createBucket(432)) - Creating Bucket: vol-7-08768/bucket-0-25746, with Versioning false and Storage Type set to DISK and Encryption set to false 
2019-09-20 08:50:46,570 [pool-78-thread-8] INFO  rpc.RpcClient (RpcClient.java:createBucket(432)) - Creating Bucket: vol-6-37159/bucket-0-65737, with Versioning false and Storage Type set to DISK and Encryption set to false 
2019-09-20 08:50:46,570 [pool-78-thread-1] INFO  rpc.RpcClient (RpcClient.java:createBucket(432)) - Creating Bucket: vol-0-65797/bucket-0-55107, with Versioning false and Storage Type set to DISK and Encryption set to false 
2019-09-20 08:50:46,570 [pool-78-thread-5] INFO  rpc.RpcClient (RpcClient.java:createBucket(432)) - Creating Bucket: vol-8-45245/bucket-0-53122, with Versioning false and Storage Type set to DISK and Encryption set to false 
2019-09-20 08:50:46,572 [pool-49-thread-1] INFO  impl.RaftServerImpl (RaftServerImpl.java:<init>(93)) - 5e9b3ca5-d58f-427a-bd11-930d28ac57d8: new RaftServerImpl for group-D8F334CA0720:[5e9b3ca5-d58f-427a-bd11-930d28ac57d8:192.168.36.79:44438] with ContainerStateMachine:uninitialized
2019-09-20 08:50:46,572 [pool-49-thread-1] INFO  server.RaftServerConfigKeys (ConfUtils.java:logGet(43)) - raft.server.rpc.timeout.min = 5s (custom)
2019-09-20 08:50:46,573 [pool-49-thread-1] INFO  server.RaftServerConfigKeys (ConfUtils.java:logGet(43)) - raft.server.rpc.timeout.max = 5200ms (custom)
2019-09-20 08:50:46,573 [pool-49-thread-1] INFO  server.RaftServerConfigKeys (ConfUtils.java:logGet(43)) - raft.server.rpcslowness.timeout = 120s (custom)
2019-09-20 08:50:46,573 [pool-49-thread-1] INFO  server.RaftServerConfigKeys (ConfUtils.java:logGet(43)) - raft.server.sleep.deviation.threshold = 300 (default)
2019-09-20 08:50:46,573 [pool-49-thread-1] INFO  server.RaftServerConfigKeys (ConfUtils.java:logGet(43)) - raft.server.log.appender.install.snapshot.enabled = false (custom)
2019-09-20 08:50:46,574 [pool-49-thread-1] INFO  impl.RaftServerImpl (ServerState.java:<init>(105)) - 5e9b3ca5-d58f-427a-bd11-930d28ac57d8:group-D8F334CA0720 ConfigurationManager, init=-1: [5e9b3ca5-d58f-427a-bd11-930d28ac57d8:192.168.36.79:44438], old=null, confs=<EMPTY_MAP>
2019-09-20 08:50:46,574 [pool-49-thread-1] INFO  server.RaftServerConfigKeys (ConfUtils.java:logGet(43)) - raft.server.storage.dir = [/workdir/hadoop-ozone/tools/target/test-dir/MiniOzoneClusterImpl-1a1f1bd1-ce73-4756-923c-f2264fe476d0/datanode-2/data/ratis] (custom)
2019-09-20 08:50:46,575 [pool-49-thread-1] INFO  storage.RaftStorageDirectory (RaftStorageDirectory.java:analyzeStorage(246)) - The storage directory /workdir/hadoop-ozone/tools/target/test-dir/MiniOzoneClusterImpl-1a1f1bd1-ce73-4756-923c-f2264fe476d0/datanode-2/data/ratis/7afb4b70-d901-491d-9c0b-d8f334ca0720 does not exist. Creating ...
2019-09-20 08:50:46,575 [pool-78-thread-10] INFO  rpc.RpcClient (RpcClient.java:createBucket(432)) - Creating Bucket: vol-5-79274/bucket-0-86635, with Versioning false and Storage Type set to DISK and Encryption set to false 
2019-09-20 08:50:46,575 [pool-78-thread-9] INFO  rpc.RpcClient (RpcClient.java:createBucket(432)) - Creating Bucket: vol-4-54575/bucket-0-33539, with Versioning false and Storage Type set to DISK and Encryption set to false 
2019-09-20 08:50:46,575 [pool-78-thread-2] INFO  rpc.RpcClient (RpcClient.java:createBucket(432)) - Creating Bucket: vol-2-12325/bucket-0-71367, with Versioning false and Storage Type set to DISK and Encryption set to false 
2019-09-20 08:50:46,594 [pool-49-thread-1] INFO  storage.RaftStorageDirectory (RaftStorageDirectory.java:tryLock(328)) - Lock on /workdir/hadoop-ozone/tools/target/test-dir/MiniOzoneClusterImpl-1a1f1bd1-ce73-4756-923c-f2264fe476d0/datanode-2/data/ratis/7afb4b70-d901-491d-9c0b-d8f334ca0720/in_use.lock acquired by nodename 17078@pr-hdds-1569-s8kj2-2266485376
2019-09-20 08:50:46,611 | INFO  | OMAudit | user=jenkins1000 | ip=127.0.0.1 | op=CREATE_BUCKET {volume=vol-2-12325, bucket=bucket-0-71367, acls=[user:jenkins1000:a[ACCESS], group:default:a[ACCESS]], isVersionEnabled=false, storageType=DISK, creationTime=0} | ret=SUCCESS |  
2019-09-20 08:50:46,611 | INFO  | OMAudit | user=jenkins1000 | ip=127.0.0.1 | op=CREATE_BUCKET {volume=vol-1-21344, bucket=bucket-0-59544, acls=[user:jenkins1000:a[ACCESS], group:default:a[ACCESS]], isVersionEnabled=false, storageType=DISK, creationTime=0} | ret=SUCCESS |  
2019-09-20 08:50:46,611 | INFO  | OMAudit | user=jenkins1000 | ip=127.0.0.1 | op=CREATE_BUCKET {volume=vol-3-90408, bucket=bucket-0-78979, acls=[user:jenkins1000:a[ACCESS], group:default:a[ACCESS]], isVersionEnabled=false, storageType=DISK, creationTime=0} | ret=SUCCESS |  
2019-09-20 08:50:46,611 | INFO  | OMAudit | user=jenkins1000 | ip=127.0.0.1 | op=CREATE_BUCKET {volume=vol-5-79274, bucket=bucket-0-86635, acls=[user:jenkins1000:a[ACCESS], group:default:a[ACCESS]], isVersionEnabled=false, storageType=DISK, creationTime=0} | ret=SUCCESS |  
2019-09-20 08:50:46,611 | INFO  | OMAudit | user=jenkins1000 | ip=127.0.0.1 | op=CREATE_BUCKET {volume=vol-8-45245, bucket=bucket-0-53122, acls=[user:jenkins1000:a[ACCESS], group:default:a[ACCESS]], isVersionEnabled=false, storageType=DISK, creationTime=0} | ret=SUCCESS |  
2019-09-20 08:50:46,611 | INFO  | OMAudit | user=jenkins1000 | ip=127.0.0.1 | op=CREATE_BUCKET {volume=vol-7-08768, bucket=bucket-0-25746, acls=[user:jenkins1000:a[ACCESS], group:default:a[ACCESS]], isVersionEnabled=false, storageType=DISK, creationTime=0} | ret=SUCCESS |  
2019-09-20 08:50:46,611 | INFO  | OMAudit | user=jenkins1000 | ip=127.0.0.1 | op=CREATE_BUCKET {volume=vol-4-54575, bucket=bucket-0-33539, acls=[user:jenkins1000:a[ACCESS], group:default:a[ACCESS]], isVersionEnabled=false, storageType=DISK, creationTime=0} | ret=SUCCESS |  
2019-09-20 08:50:46,611 | INFO  | OMAudit | user=jenkins1000 | ip=127.0.0.1 | op=CREATE_BUCKET {volume=vol-9-50918, bucket=bucket-0-16182, acls=[user:jenkins1000:a[ACCESS], group:default:a[ACCESS]], isVersionEnabled=false, storageType=DISK, creationTime=0} | ret=SUCCESS |  
2019-09-20 08:50:46,611 | INFO  | OMAudit | user=jenkins1000 | ip=127.0.0.1 | op=CREATE_BUCKET {volume=vol-0-65797, bucket=bucket-0-55107, acls=[user:jenkins1000:a[ACCESS], group:default:a[ACCESS]], isVersionEnabled=false, storageType=DISK, creationTime=0} | ret=SUCCESS |  
2019-09-20 08:50:46,611 | INFO  | OMAudit | user=jenkins1000 | ip=127.0.0.1 | op=CREATE_BUCKET {volume=vol-6-37159, bucket=bucket-0-65737, acls=[user:jenkins1000:a[ACCESS], group:default:a[ACCESS]], isVersionEnabled=false, storageType=DISK, creationTime=0} | ret=SUCCESS |  
2019-09-20 08:50:46,619 | INFO  | OMAudit | user=jenkins1000 | ip=127.0.0.1 | op=READ_BUCKET {volume=vol-6-37159, bucket=bucket-0-65737} | ret=SUCCESS |  
2019-09-20 08:50:46,619 | INFO  | OMAudit | user=jenkins1000 | ip=127.0.0.1 | op=READ_BUCKET {volume=vol-3-90408, bucket=bucket-0-78979} | ret=SUCCESS |  
2019-09-20 08:50:46,620 | INFO  | OMAudit | user=jenkins1000 | ip=127.0.0.1 | op=READ_BUCKET {volume=vol-8-45245, bucket=bucket-0-53122} | ret=SUCCESS |  
2019-09-20 08:50:46,620 | INFO  | OMAudit | user=jenkins1000 | ip=127.0.0.1 | op=READ_BUCKET {volume=vol-4-54575, bucket=bucket-0-33539} | ret=SUCCESS |  
2019-09-20 08:50:46,620 | INFO  | OMAudit | user=jenkins1000 | ip=127.0.0.1 | op=READ_BUCKET {volume=vol-9-50918, bucket=bucket-0-16182} | ret=SUCCESS |  
2019-09-20 08:50:46,620 | INFO  | OMAudit | user=jenkins1000 | ip=127.0.0.1 | op=READ_BUCKET {volume=vol-1-21344, bucket=bucket-0-59544} | ret=SUCCESS |  
2019-09-20 08:50:46,620 | INFO  | OMAudit | user=jenkins1000 | ip=127.0.0.1 | op=READ_BUCKET {volume=vol-5-79274, bucket=bucket-0-86635} | ret=SUCCESS |  
2019-09-20 08:50:46,620 | INFO  | OMAudit | user=jenkins1000 | ip=127.0.0.1 | op=READ_BUCKET {volume=vol-2-12325, bucket=bucket-0-71367} | ret=SUCCESS |  
2019-09-20 08:50:46,620 | INFO  | OMAudit | user=jenkins1000 | ip=127.0.0.1 | op=READ_BUCKET {volume=vol-0-65797, bucket=bucket-0-55107} | ret=SUCCESS |  
2019-09-20 08:50:46,620 | INFO  | OMAudit | user=jenkins1000 | ip=127.0.0.1 | op=READ_BUCKET {volume=vol-7-08768, bucket=bucket-0-25746} | ret=SUCCESS |  
2019-09-20 08:50:46,623 [pool-49-thread-1] INFO  storage.RaftStorage (RaftStorage.java:format(72)) - Storage directory /workdir/hadoop-ozone/tools/target/test-dir/MiniOzoneClusterImpl-1a1f1bd1-ce73-4756-923c-f2264fe476d0/datanode-2/data/ratis/7afb4b70-d901-491d-9c0b-d8f334ca0720 has been successfully formatted.
2019-09-20 08:50:46,624 [pool-49-thread-1] INFO  ratis.ContainerStateMachine (ContainerStateMachine.java:loadSnapshot(226)) - group-D8F334CA0720: The snapshot info is null. Setting the last applied indexto:(t:0, i:~)
2019-09-20 08:50:46,624 [pool-49-thread-1] INFO  server.RaftServerConfigKeys (ConfUtils.java:logGet(43)) - raft.server.leader.election.timeout = 120s (custom)
2019-09-20 08:50:46,624 [pool-49-thread-1] INFO  server.RaftServerConfigKeys (ConfUtils.java:logGet(43)) - raft.server.log.use.memory = false (default)
2019-09-20 08:50:46,625 [pool-49-thread-1] INFO  server.RaftServerConfigKeys (ConfUtils.java:logGet(43)) - raft.server.log.purge.gap = 1000000 (custom)
2019-09-20 08:50:46,625 [pool-49-thread-1] INFO  server.RaftServerConfigKeys (ConfUtils.java:logGet(43)) - raft.server.log.appender.buffer.byte-limit = 33554432 (custom)
2019-09-20 08:50:46,625 [pool-49-thread-1] INFO  server.RaftServerConfigKeys (ConfUtils.java:logGet(43)) - raft.server.log.segment.size.max = 1048576 (custom)
2019-09-20 08:50:46,625 [pool-49-thread-1] INFO  server.RaftServerConfigKeys (ConfUtils.java:logGet(43)) - raft.server.log.segment.cache.num.max = 2 (custom)
2019-09-20 08:50:46,625 [pool-49-thread-1] INFO  segmented.SegmentedRaftLogWorker (SegmentedRaftLogWorker.java:<init>(172)) - new 5e9b3ca5-d58f-427a-bd11-930d28ac57d8-SegmentedRaftLogWorker:Storage Directory /workdir/hadoop-ozone/tools/target/test-dir/MiniOzoneClusterImpl-1a1f1bd1-ce73-4756-923c-f2264fe476d0/datanode-2/data/ratis/7afb4b70-d901-491d-9c0b-d8f334ca0720 for RaftStorage:Storage Directory /workdir/hadoop-ozone/tools/target/test-dir/MiniOzoneClusterImpl-1a1f1bd1-ce73-4756-923c-f2264fe476d0/datanode-2/data/ratis/7afb4b70-d901-491d-9c0b-d8f334ca0720
2019-09-20 08:50:46,626 [pool-49-thread-1] INFO  server.RaftServerConfigKeys (ConfUtils.java:logGet(43)) - raft.server.log.queue.byte-limit = 2147483647 (custom)
2019-09-20 08:50:46,626 [pool-49-thread-1] INFO  server.RaftServerConfigKeys (ConfUtils.java:logGet(43)) - raft.server.log.queue.element-limit = 1024 (custom)
2019-09-20 08:50:46,626 [pool-49-thread-1] INFO  server.RaftServerConfigKeys (ConfUtils.java:logGet(43)) - raft.server.log.segment.size.max = 1048576 (custom)
2019-09-20 08:50:46,626 [pool-49-thread-1] INFO  server.RaftServerConfigKeys (ConfUtils.java:logGet(43)) - raft.server.log.preallocated.size = 16384 (custom)
2019-09-20 08:50:46,627 [pool-49-thread-1] INFO  server.RaftServerConfigKeys (ConfUtils.java:logGet(43)) - raft.server.log.write.buffer.size = 33554432 (custom)
2019-09-20 08:50:46,627 [pool-49-thread-1] INFO  server.RaftServerConfigKeys (ConfUtils.java:logGet(43)) - raft.server.log.force.sync.num = 128 (default)
2019-09-20 08:50:46,627 [pool-49-thread-1] INFO  server.RaftServerConfigKeys (ConfUtils.java:logGet(43)) - raft.server.log.statemachine.data.sync = true (default)
2019-09-20 08:50:46,627 [pool-49-thread-1] INFO  server.RaftServerConfigKeys (ConfUtils.java:logGet(43)) - raft.server.log.statemachine.data.sync.timeout = 10s (default)
2019-09-20 08:50:46,628 [pool-49-thread-1] INFO  server.RaftServerConfigKeys (ConfUtils.java:logGet(43)) - raft.server.log.statemachine.data.sync.timeout.retry = -1 (default)
2019-09-20 08:50:46,628 [pool-49-thread-1] INFO  server.RaftServerConfigKeys (ConfUtils.java:logGet(43)) - raft.server.log.statemachine.data.caching.enabled = true (custom)
2019-09-20 08:50:46,628 [pool-49-thread-1] INFO  segmented.SegmentedRaftLogWorker (SegmentedRaftLogWorker.java:lambda$new$0(132)) - 5e9b3ca5-d58f-427a-bd11-930d28ac57d8-SegmentedRaftLogWorker:Storage Directory /workdir/hadoop-ozone/tools/target/test-dir/MiniOzoneClusterImpl-1a1f1bd1-ce73-4756-923c-f2264fe476d0/datanode-2/data/ratis/7afb4b70-d901-491d-9c0b-d8f334ca0720: flushIndex: setUnconditionally 0 -> -1
2019-09-20 08:50:46,629 [pool-49-thread-1] INFO  server.RaftServerConfigKeys (ConfUtils.java:logGet(43)) - raft.server.snapshot.auto.trigger.enabled = true (custom)
2019-09-20 08:50:46,629 [pool-49-thread-1] INFO  server.RaftServerConfigKeys (ConfUtils.java:logGet(43)) - raft.server.snapshot.auto.trigger.threshold = 10000 (custom)
2019-09-20 08:50:46,629 [pool-49-thread-1] INFO  server.RaftServerConfigKeys (ConfUtils.java:logGet(43)) - raft.server.retrycache.expirytime = 600000ms (custom)
2019-09-20 08:50:46,629 [pool-49-thread-1] INFO  impl.RaftServerImpl (RaftServerImpl.java:start(180)) - 5e9b3ca5-d58f-427a-bd11-930d28ac57d8: start group-D8F334CA0720
2019-09-20 08:50:46,630 [pool-49-thread-1] INFO  impl.RaftServerImpl (RaftServerImpl.java:setRole(171)) - 5e9b3ca5-d58f-427a-bd11-930d28ac57d8:group-D8F334CA0720 changes role from null to FOLLOWER at term 0 for startAsFollower
2019-09-20 08:50:46,630 [pool-49-thread-1] INFO  impl.RoleInfo (RoleInfo.java:updateAndGet(143)) - 5e9b3ca5-d58f-427a-bd11-930d28ac57d8: start FollowerState
2019-09-20 08:50:46,631 [pool-49-thread-1] INFO  util.JmxRegister (JmxRegister.java:tryRegister(44)) - Successfully registered JMX Bean with object name Ratis:service=RaftServer,group=group-D8F334CA0720,id=5e9b3ca5-d58f-427a-bd11-930d28ac57d8
2019-09-20 08:50:46,645 [RatisPipelineUtilsThread] INFO  pipeline.PipelineStateManager (PipelineStateManager.java:addPipeline(56)) - Created pipeline Pipeline[ Id: 7afb4b70-d901-491d-9c0b-d8f334ca0720, Nodes: 5e9b3ca5-d58f-427a-bd11-930d28ac57d8{ip: 192.168.36.79, host: pr-hdds-1569-s8kj2-2266485376, networkLocation: /default-rack, certSerialId: null}, Type:RATIS, Factor:ONE, State:OPEN]
2019-09-20 08:50:46,667 [grpc-default-executor-1] INFO  impl.RaftServerProxy (RaftServerProxy.java:addNew(89)) - 5e9b3ca5-d58f-427a-bd11-930d28ac57d8: addNew group-3B876D365237:[5e9b3ca5-d58f-427a-bd11-930d28ac57d8:192.168.36.79:44438] returns group-3B876D365237:java.util.concurrent.CompletableFuture@2c57b90b[Not completed]
2019-09-20 08:50:46,670 [pool-49-thread-1] INFO  impl.RaftServerImpl (RaftServerImpl.java:<init>(93)) - 5e9b3ca5-d58f-427a-bd11-930d28ac57d8: new RaftServerImpl for group-3B876D365237:[5e9b3ca5-d58f-427a-bd11-930d28ac57d8:192.168.36.79:44438] with ContainerStateMachine:uninitialized
2019-09-20 08:50:46,670 [pool-49-thread-1] INFO  server.RaftServerConfigKeys (ConfUtils.java:logGet(43)) - raft.server.rpc.timeout.min = 5s (custom)
2019-09-20 08:50:46,670 [pool-49-thread-1] INFO  server.RaftServerConfigKeys (ConfUtils.java:logGet(43)) - raft.server.rpc.timeout.max = 5200ms (custom)
2019-09-20 08:50:46,671 [pool-49-thread-1] INFO  server.RaftServerConfigKeys (ConfUtils.java:logGet(43)) - raft.server.rpcslowness.timeout = 120s (custom)
2019-09-20 08:50:46,672 [pool-49-thread-1] INFO  server.RaftServerConfigKeys (ConfUtils.java:logGet(43)) - raft.server.sleep.deviation.threshold = 300 (default)
2019-09-20 08:50:46,676 [pool-49-thread-1] INFO  server.RaftServerConfigKeys (ConfUtils.java:logGet(43)) - raft.server.log.appender.install.snapshot.enabled = false (custom)
2019-09-20 08:50:46,676 [pool-49-thread-1] INFO  impl.RaftServerImpl (ServerState.java:<init>(105)) - 5e9b3ca5-d58f-427a-bd11-930d28ac57d8:group-3B876D365237 ConfigurationManager, init=-1: [5e9b3ca5-d58f-427a-bd11-930d28ac57d8:192.168.36.79:44438], old=null, confs=<EMPTY_MAP>
2019-09-20 08:50:46,676 [pool-49-thread-1] INFO  server.RaftServerConfigKeys (ConfUtils.java:logGet(43)) - raft.server.storage.dir = [/workdir/hadoop-ozone/tools/target/test-dir/MiniOzoneClusterImpl-1a1f1bd1-ce73-4756-923c-f2264fe476d0/datanode-2/data/ratis] (custom)
2019-09-20 08:50:46,677 [pool-49-thread-1] INFO  storage.RaftStorageDirectory (RaftStorageDirectory.java:analyzeStorage(246)) - The storage directory /workdir/hadoop-ozone/tools/target/test-dir/MiniOzoneClusterImpl-1a1f1bd1-ce73-4756-923c-f2264fe476d0/datanode-2/data/ratis/dce05e81-8a73-4219-8401-3b876d365237 does not exist. Creating ...
2019-09-20 08:50:46,717 [pool-49-thread-1] INFO  storage.RaftStorageDirectory (RaftStorageDirectory.java:tryLock(328)) - Lock on /workdir/hadoop-ozone/tools/target/test-dir/MiniOzoneClusterImpl-1a1f1bd1-ce73-4756-923c-f2264fe476d0/datanode-2/data/ratis/dce05e81-8a73-4219-8401-3b876d365237/in_use.lock acquired by nodename 17078@pr-hdds-1569-s8kj2-2266485376
2019-09-20 08:50:46,733 [pool-49-thread-1] INFO  storage.RaftStorage (RaftStorage.java:format(72)) - Storage directory /workdir/hadoop-ozone/tools/target/test-dir/MiniOzoneClusterImpl-1a1f1bd1-ce73-4756-923c-f2264fe476d0/datanode-2/data/ratis/dce05e81-8a73-4219-8401-3b876d365237 has been successfully formatted.
2019-09-20 08:50:46,733 [pool-49-thread-1] INFO  ratis.ContainerStateMachine (ContainerStateMachine.java:loadSnapshot(226)) - group-3B876D365237: The snapshot info is null. Setting the last applied indexto:(t:0, i:~)
2019-09-20 08:50:46,733 [pool-49-thread-1] INFO  server.RaftServerConfigKeys (ConfUtils.java:logGet(43)) - raft.server.leader.election.timeout = 120s (custom)
2019-09-20 08:50:46,734 [pool-49-thread-1] INFO  server.RaftServerConfigKeys (ConfUtils.java:logGet(43)) - raft.server.log.use.memory = false (default)
2019-09-20 08:50:46,734 [pool-49-thread-1] INFO  server.RaftServerConfigKeys (ConfUtils.java:logGet(43)) - raft.server.log.purge.gap = 1000000 (custom)
2019-09-20 08:50:46,734 [pool-49-thread-1] INFO  server.RaftServerConfigKeys (ConfUtils.java:logGet(43)) - raft.server.log.appender.buffer.byte-limit = 33554432 (custom)
2019-09-20 08:50:46,734 [pool-49-thread-1] INFO  server.RaftServerConfigKeys (ConfUtils.java:logGet(43)) - raft.server.log.segment.size.max = 1048576 (custom)
2019-09-20 08:50:46,734 [pool-49-thread-1] INFO  server.RaftServerConfigKeys (ConfUtils.java:logGet(43)) - raft.server.log.segment.cache.num.max = 2 (custom)
2019-09-20 08:50:46,735 [pool-49-thread-1] INFO  segmented.SegmentedRaftLogWorker (SegmentedRaftLogWorker.java:<init>(172)) - new 5e9b3ca5-d58f-427a-bd11-930d28ac57d8-SegmentedRaftLogWorker:Storage Directory /workdir/hadoop-ozone/tools/target/test-dir/MiniOzoneClusterImpl-1a1f1bd1-ce73-4756-923c-f2264fe476d0/datanode-2/data/ratis/dce05e81-8a73-4219-8401-3b876d365237 for RaftStorage:Storage Directory /workdir/hadoop-ozone/tools/target/test-dir/MiniOzoneClusterImpl-1a1f1bd1-ce73-4756-923c-f2264fe476d0/datanode-2/data/ratis/dce05e81-8a73-4219-8401-3b876d365237
2019-09-20 08:50:46,735 [pool-49-thread-1] INFO  server.RaftServerConfigKeys (ConfUtils.java:logGet(43)) - raft.server.log.queue.byte-limit = 2147483647 (custom)
2019-09-20 08:50:46,735 [pool-49-thread-1] INFO  server.RaftServerConfigKeys (ConfUtils.java:logGet(43)) - raft.server.log.queue.element-limit = 1024 (custom)
2019-09-20 08:50:46,735 [pool-49-thread-1] INFO  server.RaftServerConfigKeys (ConfUtils.java:logGet(43)) - raft.server.log.segment.size.max = 1048576 (custom)
2019-09-20 08:50:46,735 [pool-49-thread-1] INFO  server.RaftServerConfigKeys (ConfUtils.java:logGet(43)) - raft.server.log.preallocated.size = 16384 (custom)
2019-09-20 08:50:46,736 [pool-49-thread-1] INFO  server.RaftServerConfigKeys (ConfUtils.java:logGet(43)) - raft.server.log.write.buffer.size = 33554432 (custom)
2019-09-20 08:50:46,736 [pool-49-thread-1] INFO  server.RaftServerConfigKeys (ConfUtils.java:logGet(43)) - raft.server.log.force.sync.num = 128 (default)
2019-09-20 08:50:46,736 [pool-49-thread-1] INFO  server.RaftServerConfigKeys (ConfUtils.java:logGet(43)) - raft.server.log.statemachine.data.sync = true (default)
2019-09-20 08:50:46,736 [pool-49-thread-1] INFO  server.RaftServerConfigKeys (ConfUtils.java:logGet(43)) - raft.server.log.statemachine.data.sync.timeout = 10s (default)
2019-09-20 08:50:46,736 [pool-49-thread-1] INFO  server.RaftServerConfigKeys (ConfUtils.java:logGet(43)) - raft.server.log.statemachine.data.sync.timeout.retry = -1 (default)
2019-09-20 08:50:46,737 [pool-49-thread-1] INFO  server.RaftServerConfigKeys (ConfUtils.java:logGet(43)) - raft.server.log.statemachine.data.caching.enabled = true (custom)
2019-09-20 08:50:46,737 [pool-49-thread-1] INFO  segmented.SegmentedRaftLogWorker (SegmentedRaftLogWorker.java:lambda$new$0(132)) - 5e9b3ca5-d58f-427a-bd11-930d28ac57d8-SegmentedRaftLogWorker:Storage Directory /workdir/hadoop-ozone/tools/target/test-dir/MiniOzoneClusterImpl-1a1f1bd1-ce73-4756-923c-f2264fe476d0/datanode-2/data/ratis/dce05e81-8a73-4219-8401-3b876d365237: flushIndex: setUnconditionally 0 -> -1
2019-09-20 08:50:46,738 [pool-49-thread-1] INFO  server.RaftServerConfigKeys (ConfUtils.java:logGet(43)) - raft.server.snapshot.auto.trigger.enabled = true (custom)
2019-09-20 08:50:46,738 [pool-49-thread-1] INFO  server.RaftServerConfigKeys (ConfUtils.java:logGet(43)) - raft.server.snapshot.auto.trigger.threshold = 10000 (custom)
2019-09-20 08:50:46,738 [pool-49-thread-1] INFO  server.RaftServerConfigKeys (ConfUtils.java:logGet(43)) - raft.server.retrycache.expirytime = 600000ms (custom)
2019-09-20 08:50:46,738 [pool-49-thread-1] INFO  impl.RaftServerImpl (RaftServerImpl.java:start(180)) - 5e9b3ca5-d58f-427a-bd11-930d28ac57d8: start group-3B876D365237
2019-09-20 08:50:46,739 [pool-49-thread-1] INFO  impl.RaftServerImpl (RaftServerImpl.java:setRole(171)) - 5e9b3ca5-d58f-427a-bd11-930d28ac57d8:group-3B876D365237 changes role from null to FOLLOWER at term 0 for startAsFollower
2019-09-20 08:50:46,739 [pool-49-thread-1] INFO  impl.RoleInfo (RoleInfo.java:updateAndGet(143)) - 5e9b3ca5-d58f-427a-bd11-930d28ac57d8: start FollowerState
2019-09-20 08:50:46,739 [pool-49-thread-1] INFO  util.JmxRegister (JmxRegister.java:tryRegister(44)) - Successfully registered JMX Bean with object name Ratis:service=RaftServer,group=group-3B876D365237,id=5e9b3ca5-d58f-427a-bd11-930d28ac57d8
2019-09-20 08:50:46,746 [RatisPipelineUtilsThread] INFO  pipeline.PipelineStateManager (PipelineStateManager.java:addPipeline(56)) - Created pipeline Pipeline[ Id: dce05e81-8a73-4219-8401-3b876d365237, Nodes: 5e9b3ca5-d58f-427a-bd11-930d28ac57d8{ip: 192.168.36.79, host: pr-hdds-1569-s8kj2-2266485376, networkLocation: /default-rack, certSerialId: null}, Type:RATIS, Factor:ONE, State:OPEN]
2019-09-20 08:50:46,759 [grpc-default-executor-1] INFO  impl.RaftServerProxy (RaftServerProxy.java:addNew(89)) - d183acf8-c1d4-40f7-ba5a-175455d3bd55: addNew group-BC2240DFB399:[d183acf8-c1d4-40f7-ba5a-175455d3bd55:192.168.36.79:40696] returns group-BC2240DFB399:java.util.concurrent.CompletableFuture@3c66fc2e[Not completed]
2019-09-20 08:50:46,760 [pool-60-thread-1] INFO  impl.RaftServerImpl (RaftServerImpl.java:<init>(93)) - d183acf8-c1d4-40f7-ba5a-175455d3bd55: new RaftServerImpl for group-BC2240DFB399:[d183acf8-c1d4-40f7-ba5a-175455d3bd55:192.168.36.79:40696] with ContainerStateMachine:uninitialized
2019-09-20 08:50:46,761 [pool-60-thread-1] INFO  server.RaftServerConfigKeys (ConfUtils.java:logGet(43)) - raft.server.rpc.timeout.min = 5s (custom)
2019-09-20 08:50:46,761 [pool-60-thread-1] INFO  server.RaftServerConfigKeys (ConfUtils.java:logGet(43)) - raft.server.rpc.timeout.max = 5200ms (custom)
2019-09-20 08:50:46,761 [pool-60-thread-1] INFO  server.RaftServerConfigKeys (ConfUtils.java:logGet(43)) - raft.server.rpcslowness.timeout = 120s (custom)
2019-09-20 08:50:46,761 [pool-60-thread-1] INFO  server.RaftServerConfigKeys (ConfUtils.java:logGet(43)) - raft.server.sleep.deviation.threshold = 300 (default)
2019-09-20 08:50:46,761 [pool-60-thread-1] INFO  server.RaftServerConfigKeys (ConfUtils.java:logGet(43)) - raft.server.log.appender.install.snapshot.enabled = false (custom)
2019-09-20 08:50:46,761 [pool-60-thread-1] INFO  impl.RaftServerImpl (ServerState.java:<init>(105)) - d183acf8-c1d4-40f7-ba5a-175455d3bd55:group-BC2240DFB399 ConfigurationManager, init=-1: [d183acf8-c1d4-40f7-ba5a-175455d3bd55:192.168.36.79:40696], old=null, confs=<EMPTY_MAP>
2019-09-20 08:50:46,762 [pool-60-thread-1] INFO  server.RaftServerConfigKeys (ConfUtils.java:logGet(43)) - raft.server.storage.dir = [/workdir/hadoop-ozone/tools/target/test-dir/MiniOzoneClusterImpl-1a1f1bd1-ce73-4756-923c-f2264fe476d0/datanode-3/data/ratis] (custom)
2019-09-20 08:50:46,762 [pool-60-thread-1] INFO  storage.RaftStorageDirectory (RaftStorageDirectory.java:analyzeStorage(246)) - The storage directory /workdir/hadoop-ozone/tools/target/test-dir/MiniOzoneClusterImpl-1a1f1bd1-ce73-4756-923c-f2264fe476d0/datanode-3/data/ratis/f73a9464-9863-46fb-a795-bc2240dfb399 does not exist. Creating ...
2019-09-20 08:50:46,781 [pool-60-thread-1] INFO  storage.RaftStorageDirectory (RaftStorageDirectory.java:tryLock(328)) - Lock on /workdir/hadoop-ozone/tools/target/test-dir/MiniOzoneClusterImpl-1a1f1bd1-ce73-4756-923c-f2264fe476d0/datanode-3/data/ratis/f73a9464-9863-46fb-a795-bc2240dfb399/in_use.lock acquired by nodename 17078@pr-hdds-1569-s8kj2-2266485376
2019-09-20 08:50:46,800 [pool-60-thread-1] INFO  storage.RaftStorage (RaftStorage.java:format(72)) - Storage directory /workdir/hadoop-ozone/tools/target/test-dir/MiniOzoneClusterImpl-1a1f1bd1-ce73-4756-923c-f2264fe476d0/datanode-3/data/ratis/f73a9464-9863-46fb-a795-bc2240dfb399 has been successfully formatted.
2019-09-20 08:50:46,801 [pool-60-thread-1] INFO  ratis.ContainerStateMachine (ContainerStateMachine.java:loadSnapshot(226)) - group-BC2240DFB399: The snapshot info is null. Setting the last applied indexto:(t:0, i:~)
2019-09-20 08:50:46,801 [pool-60-thread-1] INFO  server.RaftServerConfigKeys (ConfUtils.java:logGet(43)) - raft.server.leader.election.timeout = 120s (custom)
2019-09-20 08:50:46,801 [pool-60-thread-1] INFO  server.RaftServerConfigKeys (ConfUtils.java:logGet(43)) - raft.server.log.use.memory = false (default)
2019-09-20 08:50:46,801 [pool-60-thread-1] INFO  server.RaftServerConfigKeys (ConfUtils.java:logGet(43)) - raft.server.log.purge.gap = 1000000 (custom)
2019-09-20 08:50:46,802 [pool-60-thread-1] INFO  server.RaftServerConfigKeys (ConfUtils.java:logGet(43)) - raft.server.log.appender.buffer.byte-limit = 33554432 (custom)
2019-09-20 08:50:46,802 [pool-60-thread-1] INFO  server.RaftServerConfigKeys (ConfUtils.java:logGet(43)) - raft.server.log.segment.size.max = 1048576 (custom)
2019-09-20 08:50:46,802 [pool-60-thread-1] INFO  server.RaftServerConfigKeys (ConfUtils.java:logGet(43)) - raft.server.log.segment.cache.num.max = 2 (custom)
2019-09-20 08:50:46,802 [pool-60-thread-1] INFO  segmented.SegmentedRaftLogWorker (SegmentedRaftLogWorker.java:<init>(172)) - new d183acf8-c1d4-40f7-ba5a-175455d3bd55-SegmentedRaftLogWorker:Storage Directory /workdir/hadoop-ozone/tools/target/test-dir/MiniOzoneClusterImpl-1a1f1bd1-ce73-4756-923c-f2264fe476d0/datanode-3/data/ratis/f73a9464-9863-46fb-a795-bc2240dfb399 for RaftStorage:Storage Directory /workdir/hadoop-ozone/tools/target/test-dir/MiniOzoneClusterImpl-1a1f1bd1-ce73-4756-923c-f2264fe476d0/datanode-3/data/ratis/f73a9464-9863-46fb-a795-bc2240dfb399
2019-09-20 08:50:46,802 [pool-60-thread-1] INFO  server.RaftServerConfigKeys (ConfUtils.java:logGet(43)) - raft.server.log.queue.byte-limit = 2147483647 (custom)
2019-09-20 08:50:46,802 [pool-60-thread-1] INFO  server.RaftServerConfigKeys (ConfUtils.java:logGet(43)) - raft.server.log.queue.element-limit = 1024 (custom)
2019-09-20 08:50:46,803 [pool-60-thread-1] INFO  server.RaftServerConfigKeys (ConfUtils.java:logGet(43)) - raft.server.log.segment.size.max = 1048576 (custom)
2019-09-20 08:50:46,803 [pool-60-thread-1] INFO  server.RaftServerConfigKeys (ConfUtils.java:logGet(43)) - raft.server.log.preallocated.size = 16384 (custom)
2019-09-20 08:50:46,803 [pool-60-thread-1] INFO  server.RaftServerConfigKeys (ConfUtils.java:logGet(43)) - raft.server.log.write.buffer.size = 33554432 (custom)
2019-09-20 08:50:46,803 [pool-60-thread-1] INFO  server.RaftServerConfigKeys (ConfUtils.java:logGet(43)) - raft.server.log.force.sync.num = 128 (default)
2019-09-20 08:50:46,803 [pool-60-thread-1] INFO  server.RaftServerConfigKeys (ConfUtils.java:logGet(43)) - raft.server.log.statemachine.data.sync = true (default)
2019-09-20 08:50:46,803 [pool-60-thread-1] INFO  server.RaftServerConfigKeys (ConfUtils.java:logGet(43)) - raft.server.log.statemachine.data.sync.timeout = 10s (default)
2019-09-20 08:50:46,804 [pool-60-thread-1] INFO  server.RaftServerConfigKeys (ConfUtils.java:logGet(43)) - raft.server.log.statemachine.data.sync.timeout.retry = -1 (default)
2019-09-20 08:50:46,804 [pool-60-thread-1] INFO  server.RaftServerConfigKeys (ConfUtils.java:logGet(43)) - raft.server.log.statemachine.data.caching.enabled = true (custom)
2019-09-20 08:50:46,804 [pool-60-thread-1] INFO  segmented.SegmentedRaftLogWorker (SegmentedRaftLogWorker.java:lambda$new$0(132)) - d183acf8-c1d4-40f7-ba5a-175455d3bd55-SegmentedRaftLogWorker:Storage Directory /workdir/hadoop-ozone/tools/target/test-dir/MiniOzoneClusterImpl-1a1f1bd1-ce73-4756-923c-f2264fe476d0/datanode-3/data/ratis/f73a9464-9863-46fb-a795-bc2240dfb399: flushIndex: setUnconditionally 0 -> -1
2019-09-20 08:50:46,805 [pool-60-thread-1] INFO  server.RaftServerConfigKeys (ConfUtils.java:logGet(43)) - raft.server.snapshot.auto.trigger.enabled = true (custom)
2019-09-20 08:50:46,805 [pool-60-thread-1] INFO  server.RaftServerConfigKeys (ConfUtils.java:logGet(43)) - raft.server.snapshot.auto.trigger.threshold = 10000 (custom)
2019-09-20 08:50:46,805 [pool-60-thread-1] INFO  server.RaftServerConfigKeys (ConfUtils.java:logGet(43)) - raft.server.retrycache.expirytime = 600000ms (custom)
2019-09-20 08:50:46,805 [pool-60-thread-1] INFO  impl.RaftServerImpl (RaftServerImpl.java:start(180)) - d183acf8-c1d4-40f7-ba5a-175455d3bd55: start group-BC2240DFB399
2019-09-20 08:50:46,806 [pool-60-thread-1] INFO  impl.RaftServerImpl (RaftServerImpl.java:setRole(171)) - d183acf8-c1d4-40f7-ba5a-175455d3bd55:group-BC2240DFB399 changes role from null to FOLLOWER at term 0 for startAsFollower
2019-09-20 08:50:46,806 [pool-60-thread-1] INFO  impl.RoleInfo (RoleInfo.java:updateAndGet(143)) - d183acf8-c1d4-40f7-ba5a-175455d3bd55: start FollowerState
2019-09-20 08:50:46,806 [pool-60-thread-1] INFO  util.JmxRegister (JmxRegister.java:tryRegister(44)) - Successfully registered JMX Bean with object name Ratis:service=RaftServer,group=group-BC2240DFB399,id=d183acf8-c1d4-40f7-ba5a-175455d3bd55
2019-09-20 08:50:46,813 [RatisPipelineUtilsThread] INFO  pipeline.PipelineStateManager (PipelineStateManager.java:addPipeline(56)) - Created pipeline Pipeline[ Id: f73a9464-9863-46fb-a795-bc2240dfb399, Nodes: d183acf8-c1d4-40f7-ba5a-175455d3bd55{ip: 192.168.36.79, host: pr-hdds-1569-s8kj2-2266485376, networkLocation: /default-rack, certSerialId: null}, Type:RATIS, Factor:ONE, State:OPEN]
2019-09-20 08:50:46,824 [grpc-default-executor-1] INFO  impl.RaftServerProxy (RaftServerProxy.java:addNew(89)) - 5e9b3ca5-d58f-427a-bd11-930d28ac57d8: addNew group-177DDD750957:[5e9b3ca5-d58f-427a-bd11-930d28ac57d8:192.168.36.79:44438] returns group-177DDD750957:java.util.concurrent.CompletableFuture@78d0192[Not completed]
2019-09-20 08:50:46,825 [pool-49-thread-1] INFO  impl.RaftServerImpl (RaftServerImpl.java:<init>(93)) - 5e9b3ca5-d58f-427a-bd11-930d28ac57d8: new RaftServerImpl for group-177DDD750957:[5e9b3ca5-d58f-427a-bd11-930d28ac57d8:192.168.36.79:44438] with ContainerStateMachine:uninitialized
2019-09-20 08:50:46,826 [pool-49-thread-1] INFO  server.RaftServerConfigKeys (ConfUtils.java:logGet(43)) - raft.server.rpc.timeout.min = 5s (custom)
2019-09-20 08:50:46,826 [pool-49-thread-1] INFO  server.RaftServerConfigKeys (ConfUtils.java:logGet(43)) - raft.server.rpc.timeout.max = 5200ms (custom)
2019-09-20 08:50:46,826 [pool-49-thread-1] INFO  server.RaftServerConfigKeys (ConfUtils.java:logGet(43)) - raft.server.rpcslowness.timeout = 120s (custom)
2019-09-20 08:50:46,826 [pool-49-thread-1] INFO  server.RaftServerConfigKeys (ConfUtils.java:logGet(43)) - raft.server.sleep.deviation.threshold = 300 (default)
2019-09-20 08:50:46,826 [pool-49-thread-1] INFO  server.RaftServerConfigKeys (ConfUtils.java:logGet(43)) - raft.server.log.appender.install.snapshot.enabled = false (custom)
2019-09-20 08:50:46,827 [pool-49-thread-1] INFO  impl.RaftServerImpl (ServerState.java:<init>(105)) - 5e9b3ca5-d58f-427a-bd11-930d28ac57d8:group-177DDD750957 ConfigurationManager, init=-1: [5e9b3ca5-d58f-427a-bd11-930d28ac57d8:192.168.36.79:44438], old=null, confs=<EMPTY_MAP>
2019-09-20 08:50:46,827 [pool-49-thread-1] INFO  server.RaftServerConfigKeys (ConfUtils.java:logGet(43)) - raft.server.storage.dir = [/workdir/hadoop-ozone/tools/target/test-dir/MiniOzoneClusterImpl-1a1f1bd1-ce73-4756-923c-f2264fe476d0/datanode-2/data/ratis] (custom)
2019-09-20 08:50:46,827 [pool-49-thread-1] INFO  storage.RaftStorageDirectory (RaftStorageDirectory.java:analyzeStorage(246)) - The storage directory /workdir/hadoop-ozone/tools/target/test-dir/MiniOzoneClusterImpl-1a1f1bd1-ce73-4756-923c-f2264fe476d0/datanode-2/data/ratis/6e1755a8-f2d6-4635-8d3b-177ddd750957 does not exist. Creating ...
2019-09-20 08:50:46,849 [pool-49-thread-1] INFO  storage.RaftStorageDirectory (RaftStorageDirectory.java:tryLock(328)) - Lock on /workdir/hadoop-ozone/tools/target/test-dir/MiniOzoneClusterImpl-1a1f1bd1-ce73-4756-923c-f2264fe476d0/datanode-2/data/ratis/6e1755a8-f2d6-4635-8d3b-177ddd750957/in_use.lock acquired by nodename 17078@pr-hdds-1569-s8kj2-2266485376
2019-09-20 08:50:46,850 | INFO  | SCMAudit | user=jenkins1000 | ip=192.168.36.79 | op=SEND_HEARTBEAT {datanodeUUID=d183acf8-c1d4-40f7-ba5a-175455d3bd55, command=[]} | ret=SUCCESS |  
2019-09-20 08:50:46,851 | INFO  | SCMAudit | user=jenkins1000 | ip=192.168.36.79 | op=SEND_HEARTBEAT {datanodeUUID=5e9b3ca5-d58f-427a-bd11-930d28ac57d8, command=[]} | ret=SUCCESS |  
2019-09-20 08:50:46,898 [pool-49-thread-1] INFO  storage.RaftStorage (RaftStorage.java:format(72)) - Storage directory /workdir/hadoop-ozone/tools/target/test-dir/MiniOzoneClusterImpl-1a1f1bd1-ce73-4756-923c-f2264fe476d0/datanode-2/data/ratis/6e1755a8-f2d6-4635-8d3b-177ddd750957 has been successfully formatted.
2019-09-20 08:50:46,898 [pool-49-thread-1] INFO  ratis.ContainerStateMachine (ContainerStateMachine.java:loadSnapshot(226)) - group-177DDD750957: The snapshot info is null. Setting the last applied indexto:(t:0, i:~)
2019-09-20 08:50:46,899 [pool-49-thread-1] INFO  server.RaftServerConfigKeys (ConfUtils.java:logGet(43)) - raft.server.leader.election.timeout = 120s (custom)
2019-09-20 08:50:46,899 [pool-49-thread-1] INFO  server.RaftServerConfigKeys (ConfUtils.java:logGet(43)) - raft.server.log.use.memory = false (default)
2019-09-20 08:50:46,899 [pool-49-thread-1] INFO  server.RaftServerConfigKeys (ConfUtils.java:logGet(43)) - raft.server.log.purge.gap = 1000000 (custom)
2019-09-20 08:50:46,899 [pool-49-thread-1] INFO  server.RaftServerConfigKeys (ConfUtils.java:logGet(43)) - raft.server.log.appender.buffer.byte-limit = 33554432 (custom)
2019-09-20 08:50:46,899 [pool-49-thread-1] INFO  server.RaftServerConfigKeys (ConfUtils.java:logGet(43)) - raft.server.log.segment.size.max = 1048576 (custom)
2019-09-20 08:50:46,899 [pool-49-thread-1] INFO  server.RaftServerConfigKeys (ConfUtils.java:logGet(43)) - raft.server.log.segment.cache.num.max = 2 (custom)
2019-09-20 08:50:46,900 [pool-49-thread-1] INFO  segmented.SegmentedRaftLogWorker (SegmentedRaftLogWorker.java:<init>(172)) - new 5e9b3ca5-d58f-427a-bd11-930d28ac57d8-SegmentedRaftLogWorker:Storage Directory /workdir/hadoop-ozone/tools/target/test-dir/MiniOzoneClusterImpl-1a1f1bd1-ce73-4756-923c-f2264fe476d0/datanode-2/data/ratis/6e1755a8-f2d6-4635-8d3b-177ddd750957 for RaftStorage:Storage Directory /workdir/hadoop-ozone/tools/target/test-dir/MiniOzoneClusterImpl-1a1f1bd1-ce73-4756-923c-f2264fe476d0/datanode-2/data/ratis/6e1755a8-f2d6-4635-8d3b-177ddd750957
2019-09-20 08:50:46,900 [pool-49-thread-1] INFO  server.RaftServerConfigKeys (ConfUtils.java:logGet(43)) - raft.server.log.queue.byte-limit = 2147483647 (custom)
2019-09-20 08:50:46,900 [pool-49-thread-1] INFO  server.RaftServerConfigKeys (ConfUtils.java:logGet(43)) - raft.server.log.queue.element-limit = 1024 (custom)
2019-09-20 08:50:46,900 [pool-49-thread-1] INFO  server.RaftServerConfigKeys (ConfUtils.java:logGet(43)) - raft.server.log.segment.size.max = 1048576 (custom)
2019-09-20 08:50:46,900 [pool-49-thread-1] INFO  server.RaftServerConfigKeys (ConfUtils.java:logGet(43)) - raft.server.log.preallocated.size = 16384 (custom)
2019-09-20 08:50:46,900 [pool-49-thread-1] INFO  server.RaftServerConfigKeys (ConfUtils.java:logGet(43)) - raft.server.log.write.buffer.size = 33554432 (custom)
2019-09-20 08:50:46,901 [pool-49-thread-1] INFO  server.RaftServerConfigKeys (ConfUtils.java:logGet(43)) - raft.server.log.force.sync.num = 128 (default)
2019-09-20 08:50:46,901 [pool-49-thread-1] INFO  server.RaftServerConfigKeys (ConfUtils.java:logGet(43)) - raft.server.log.statemachine.data.sync = true (default)
2019-09-20 08:50:46,901 [pool-49-thread-1] INFO  server.RaftServerConfigKeys (ConfUtils.java:logGet(43)) - raft.server.log.statemachine.data.sync.timeout = 10s (default)
2019-09-20 08:50:46,901 [pool-49-thread-1] INFO  server.RaftServerConfigKeys (ConfUtils.java:logGet(43)) - raft.server.log.statemachine.data.sync.timeout.retry = -1 (default)
2019-09-20 08:50:46,901 [pool-49-thread-1] INFO  server.RaftServerConfigKeys (ConfUtils.java:logGet(43)) - raft.server.log.statemachine.data.caching.enabled = true (custom)
2019-09-20 08:50:46,902 [pool-49-thread-1] INFO  segmented.SegmentedRaftLogWorker (SegmentedRaftLogWorker.java:lambda$new$0(132)) - 5e9b3ca5-d58f-427a-bd11-930d28ac57d8-SegmentedRaftLogWorker:Storage Directory /workdir/hadoop-ozone/tools/target/test-dir/MiniOzoneClusterImpl-1a1f1bd1-ce73-4756-923c-f2264fe476d0/datanode-2/data/ratis/6e1755a8-f2d6-4635-8d3b-177ddd750957: flushIndex: setUnconditionally 0 -> -1
2019-09-20 08:50:46,902 [pool-49-thread-1] INFO  server.RaftServerConfigKeys (ConfUtils.java:logGet(43)) - raft.server.snapshot.auto.trigger.enabled = true (custom)
2019-09-20 08:50:46,902 [pool-49-thread-1] INFO  server.RaftServerConfigKeys (ConfUtils.java:logGet(43)) - raft.server.snapshot.auto.trigger.threshold = 10000 (custom)
2019-09-20 08:50:46,902 [pool-49-thread-1] INFO  server.RaftServerConfigKeys (ConfUtils.java:logGet(43)) - raft.server.retrycache.expirytime = 600000ms (custom)
2019-09-20 08:50:46,903 [pool-49-thread-1] INFO  impl.RaftServerImpl (RaftServerImpl.java:start(180)) - 5e9b3ca5-d58f-427a-bd11-930d28ac57d8: start group-177DDD750957
2019-09-20 08:50:46,903 [pool-49-thread-1] INFO  impl.RaftServerImpl (RaftServerImpl.java:setRole(171)) - 5e9b3ca5-d58f-427a-bd11-930d28ac57d8:group-177DDD750957 changes role from null to FOLLOWER at term 0 for startAsFollower
2019-09-20 08:50:46,903 [pool-49-thread-1] INFO  impl.RoleInfo (RoleInfo.java:updateAndGet(143)) - 5e9b3ca5-d58f-427a-bd11-930d28ac57d8: start FollowerState
2019-09-20 08:50:46,903 [pool-49-thread-1] INFO  util.JmxRegister (JmxRegister.java:tryRegister(44)) - Successfully registered JMX Bean with object name Ratis:service=RaftServer,group=group-177DDD750957,id=5e9b3ca5-d58f-427a-bd11-930d28ac57d8
2019-09-20 08:50:46,909 [RatisPipelineUtilsThread] INFO  pipeline.PipelineStateManager (PipelineStateManager.java:addPipeline(56)) - Created pipeline Pipeline[ Id: 6e1755a8-f2d6-4635-8d3b-177ddd750957, Nodes: 5e9b3ca5-d58f-427a-bd11-930d28ac57d8{ip: 192.168.36.79, host: pr-hdds-1569-s8kj2-2266485376, networkLocation: /default-rack, certSerialId: null}, Type:RATIS, Factor:ONE, State:OPEN]
2019-09-20 08:50:46,911 [RatisPipelineUtilsThread] INFO  pipeline.PipelinePlacementPolicy (PipelinePlacementPolicy.java:meetCriteria(91)) - Pipeline Placement: Doesn't meet the criteria to be viable node： 5e9b3ca5-d58f-427a-bd11-930d28ac57d8 Heaviness: 6 limit: 5
2019-09-20 08:50:46,912 | INFO  | SCMAudit | user=jenkins1000 | ip=192.168.36.79 | op=SEND_HEARTBEAT {datanodeUUID=64119811-c299-4353-bef2-4f1f08694db1, command=[]} | ret=SUCCESS |  
2019-09-20 08:50:46,922 [grpc-default-executor-1] INFO  impl.RaftServerProxy (RaftServerProxy.java:addNew(89)) - 64119811-c299-4353-bef2-4f1f08694db1: addNew group-470D0BE31BAB:[64119811-c299-4353-bef2-4f1f08694db1:192.168.36.79:34202] returns group-470D0BE31BAB:java.util.concurrent.CompletableFuture@65bb9bb1[Not completed]
2019-09-20 08:50:46,924 [pool-27-thread-1] INFO  impl.RaftServerImpl (RaftServerImpl.java:<init>(93)) - 64119811-c299-4353-bef2-4f1f08694db1: new RaftServerImpl for group-470D0BE31BAB:[64119811-c299-4353-bef2-4f1f08694db1:192.168.36.79:34202] with ContainerStateMachine:uninitialized
2019-09-20 08:50:46,924 [pool-27-thread-1] INFO  server.RaftServerConfigKeys (ConfUtils.java:logGet(43)) - raft.server.rpc.timeout.min = 5s (custom)
2019-09-20 08:50:46,925 [pool-27-thread-1] INFO  server.RaftServerConfigKeys (ConfUtils.java:logGet(43)) - raft.server.rpc.timeout.max = 5200ms (custom)
2019-09-20 08:50:46,925 [pool-27-thread-1] INFO  server.RaftServerConfigKeys (ConfUtils.java:logGet(43)) - raft.server.rpcslowness.timeout = 120s (custom)
2019-09-20 08:50:46,925 [pool-27-thread-1] INFO  server.RaftServerConfigKeys (ConfUtils.java:logGet(43)) - raft.server.sleep.deviation.threshold = 300 (default)
2019-09-20 08:50:46,925 [pool-27-thread-1] INFO  server.RaftServerConfigKeys (ConfUtils.java:logGet(43)) - raft.server.log.appender.install.snapshot.enabled = false (custom)
2019-09-20 08:50:46,925 [pool-27-thread-1] INFO  impl.RaftServerImpl (ServerState.java:<init>(105)) - 64119811-c299-4353-bef2-4f1f08694db1:group-470D0BE31BAB ConfigurationManager, init=-1: [64119811-c299-4353-bef2-4f1f08694db1:192.168.36.79:34202], old=null, confs=<EMPTY_MAP>
2019-09-20 08:50:46,926 [pool-27-thread-1] INFO  server.RaftServerConfigKeys (ConfUtils.java:logGet(43)) - raft.server.storage.dir = [/workdir/hadoop-ozone/tools/target/test-dir/MiniOzoneClusterImpl-1a1f1bd1-ce73-4756-923c-f2264fe476d0/datanode-0/data/ratis] (custom)
2019-09-20 08:50:46,926 [pool-27-thread-1] INFO  storage.RaftStorageDirectory (RaftStorageDirectory.java:analyzeStorage(246)) - The storage directory /workdir/hadoop-ozone/tools/target/test-dir/MiniOzoneClusterImpl-1a1f1bd1-ce73-4756-923c-f2264fe476d0/datanode-0/data/ratis/0db807b0-3472-410f-8248-470d0be31bab does not exist. Creating ...
2019-09-20 08:50:46,946 | INFO  | SCMAudit | user=jenkins1000 | ip=192.168.36.79 | op=SEND_HEARTBEAT {datanodeUUID=2a6ce4d1-5069-4aeb-8b94-5f253cd23bfc, command=[]} | ret=SUCCESS |  
2019-09-20 08:50:46,948 [pool-27-thread-1] INFO  storage.RaftStorageDirectory (RaftStorageDirectory.java:tryLock(328)) - Lock on /workdir/hadoop-ozone/tools/target/test-dir/MiniOzoneClusterImpl-1a1f1bd1-ce73-4756-923c-f2264fe476d0/datanode-0/data/ratis/0db807b0-3472-410f-8248-470d0be31bab/in_use.lock acquired by nodename 17078@pr-hdds-1569-s8kj2-2266485376
2019-09-20 08:50:46,965 [pool-27-thread-1] INFO  storage.RaftStorage (RaftStorage.java:format(72)) - Storage directory /workdir/hadoop-ozone/tools/target/test-dir/MiniOzoneClusterImpl-1a1f1bd1-ce73-4756-923c-f2264fe476d0/datanode-0/data/ratis/0db807b0-3472-410f-8248-470d0be31bab has been successfully formatted.
2019-09-20 08:50:46,966 [Thread-207] INFO  container.ReplicationManager (ReplicationManager.java:start(151)) - Starting Replication Monitor Thread.
2019-09-20 08:50:46,966 [pool-27-thread-1] INFO  ratis.ContainerStateMachine (ContainerStateMachine.java:loadSnapshot(226)) - group-470D0BE31BAB: The snapshot info is null. Setting the last applied indexto:(t:0, i:~)
2019-09-20 08:50:46,966 [pool-27-thread-1] INFO  server.RaftServerConfigKeys (ConfUtils.java:logGet(43)) - raft.server.leader.election.timeout = 120s (custom)
2019-09-20 08:50:46,966 [pool-27-thread-1] INFO  server.RaftServerConfigKeys (ConfUtils.java:logGet(43)) - raft.server.log.use.memory = false (default)
2019-09-20 08:50:46,967 [pool-27-thread-1] INFO  server.RaftServerConfigKeys (ConfUtils.java:logGet(43)) - raft.server.log.purge.gap = 1000000 (custom)
2019-09-20 08:50:46,967 [pool-27-thread-1] INFO  server.RaftServerConfigKeys (ConfUtils.java:logGet(43)) - raft.server.log.appender.buffer.byte-limit = 33554432 (custom)
2019-09-20 08:50:46,967 [pool-27-thread-1] INFO  server.RaftServerConfigKeys (ConfUtils.java:logGet(43)) - raft.server.log.segment.size.max = 1048576 (custom)
2019-09-20 08:50:46,967 [pool-27-thread-1] INFO  server.RaftServerConfigKeys (ConfUtils.java:logGet(43)) - raft.server.log.segment.cache.num.max = 2 (custom)
2019-09-20 08:50:46,967 [pool-27-thread-1] INFO  segmented.SegmentedRaftLogWorker (SegmentedRaftLogWorker.java:<init>(172)) - new 64119811-c299-4353-bef2-4f1f08694db1-SegmentedRaftLogWorker:Storage Directory /workdir/hadoop-ozone/tools/target/test-dir/MiniOzoneClusterImpl-1a1f1bd1-ce73-4756-923c-f2264fe476d0/datanode-0/data/ratis/0db807b0-3472-410f-8248-470d0be31bab for RaftStorage:Storage Directory /workdir/hadoop-ozone/tools/target/test-dir/MiniOzoneClusterImpl-1a1f1bd1-ce73-4756-923c-f2264fe476d0/datanode-0/data/ratis/0db807b0-3472-410f-8248-470d0be31bab
2019-09-20 08:50:46,968 [pool-27-thread-1] INFO  server.RaftServerConfigKeys (ConfUtils.java:logGet(43)) - raft.server.log.queue.byte-limit = 2147483647 (custom)
2019-09-20 08:50:46,968 [pool-27-thread-1] INFO  server.RaftServerConfigKeys (ConfUtils.java:logGet(43)) - raft.server.log.queue.element-limit = 1024 (custom)
2019-09-20 08:50:46,968 [pool-27-thread-1] INFO  server.RaftServerConfigKeys (ConfUtils.java:logGet(43)) - raft.server.log.segment.size.max = 1048576 (custom)
2019-09-20 08:50:46,968 [ReplicationMonitor] INFO  container.ReplicationManager (ReplicationManager.java:run(214)) - Replication Monitor Thread took 1 milliseconds for processing 0 containers.
2019-09-20 08:50:46,968 [pool-27-thread-1] INFO  server.RaftServerConfigKeys (ConfUtils.java:logGet(43)) - raft.server.log.preallocated.size = 16384 (custom)
2019-09-20 08:50:46,970 [pool-27-thread-1] INFO  server.RaftServerConfigKeys (ConfUtils.java:logGet(43)) - raft.server.log.write.buffer.size = 33554432 (custom)
2019-09-20 08:50:46,971 [pool-27-thread-1] INFO  server.RaftServerConfigKeys (ConfUtils.java:logGet(43)) - raft.server.log.force.sync.num = 128 (default)
2019-09-20 08:50:46,971 [pool-27-thread-1] INFO  server.RaftServerConfigKeys (ConfUtils.java:logGet(43)) - raft.server.log.statemachine.data.sync = true (default)
2019-09-20 08:50:46,971 [pool-27-thread-1] INFO  server.RaftServerConfigKeys (ConfUtils.java:logGet(43)) - raft.server.log.statemachine.data.sync.timeout = 10s (default)
2019-09-20 08:50:46,971 [pool-27-thread-1] INFO  server.RaftServerConfigKeys (ConfUtils.java:logGet(43)) - raft.server.log.statemachine.data.sync.timeout.retry = -1 (default)
2019-09-20 08:50:46,971 [pool-27-thread-1] INFO  server.RaftServerConfigKeys (ConfUtils.java:logGet(43)) - raft.server.log.statemachine.data.caching.enabled = true (custom)
2019-09-20 08:50:46,972 [pool-27-thread-1] INFO  segmented.SegmentedRaftLogWorker (SegmentedRaftLogWorker.java:lambda$new$0(132)) - 64119811-c299-4353-bef2-4f1f08694db1-SegmentedRaftLogWorker:Storage Directory /workdir/hadoop-ozone/tools/target/test-dir/MiniOzoneClusterImpl-1a1f1bd1-ce73-4756-923c-f2264fe476d0/datanode-0/data/ratis/0db807b0-3472-410f-8248-470d0be31bab: flushIndex: setUnconditionally 0 -> -1
2019-09-20 08:50:46,972 [pool-27-thread-1] INFO  server.RaftServerConfigKeys (ConfUtils.java:logGet(43)) - raft.server.snapshot.auto.trigger.enabled = true (custom)
2019-09-20 08:50:46,973 [pool-27-thread-1] INFO  server.RaftServerConfigKeys (ConfUtils.java:logGet(43)) - raft.server.snapshot.auto.trigger.threshold = 10000 (custom)
2019-09-20 08:50:46,973 [pool-27-thread-1] INFO  server.RaftServerConfigKeys (ConfUtils.java:logGet(43)) - raft.server.retrycache.expirytime = 600000ms (custom)
2019-09-20 08:50:46,973 [pool-27-thread-1] INFO  impl.RaftServerImpl (RaftServerImpl.java:start(180)) - 64119811-c299-4353-bef2-4f1f08694db1: start group-470D0BE31BAB
2019-09-20 08:50:46,973 [pool-27-thread-1] INFO  impl.RaftServerImpl (RaftServerImpl.java:setRole(171)) - 64119811-c299-4353-bef2-4f1f08694db1:group-470D0BE31BAB changes role from null to FOLLOWER at term 0 for startAsFollower
2019-09-20 08:50:46,973 [pool-27-thread-1] INFO  impl.RoleInfo (RoleInfo.java:updateAndGet(143)) - 64119811-c299-4353-bef2-4f1f08694db1: start FollowerState
2019-09-20 08:50:46,974 [pool-27-thread-1] INFO  util.JmxRegister (JmxRegister.java:tryRegister(44)) - Successfully registered JMX Bean with object name Ratis:service=RaftServer,group=group-470D0BE31BAB,id=64119811-c299-4353-bef2-4f1f08694db1
2019-09-20 08:50:46,980 [RatisPipelineUtilsThread] INFO  pipeline.PipelineStateManager (PipelineStateManager.java:addPipeline(56)) - Created pipeline Pipeline[ Id: 0db807b0-3472-410f-8248-470d0be31bab, Nodes: 64119811-c299-4353-bef2-4f1f08694db1{ip: 192.168.36.79, host: pr-hdds-1569-s8kj2-2266485376, networkLocation: /default-rack, certSerialId: null}, Type:RATIS, Factor:ONE, State:OPEN]
2019-09-20 08:50:46,980 [RatisPipelineUtilsThread] INFO  pipeline.PipelinePlacementPolicy (PipelinePlacementPolicy.java:meetCriteria(91)) - Pipeline Placement: Doesn't meet the criteria to be viable node： 5e9b3ca5-d58f-427a-bd11-930d28ac57d8 Heaviness: 6 limit: 5
2019-09-20 08:50:46,981 [RatisPipelineUtilsThread] INFO  pipeline.PipelinePlacementPolicy (PipelinePlacementPolicy.java:meetCriteria(91)) - Pipeline Placement: Doesn't meet the criteria to be viable node： 64119811-c299-4353-bef2-4f1f08694db1 Heaviness: 6 limit: 5
2019-09-20 08:50:46,993 [grpc-default-executor-1] INFO  impl.RaftServerProxy (RaftServerProxy.java:addNew(89)) - d183acf8-c1d4-40f7-ba5a-175455d3bd55: addNew group-2DB131B8A093:[d183acf8-c1d4-40f7-ba5a-175455d3bd55:192.168.36.79:40696] returns group-2DB131B8A093:java.util.concurrent.CompletableFuture@1cdeda13[Not completed]
2019-09-20 08:50:46,995 [pool-60-thread-1] INFO  impl.RaftServerImpl (RaftServerImpl.java:<init>(93)) - d183acf8-c1d4-40f7-ba5a-175455d3bd55: new RaftServerImpl for group-2DB131B8A093:[d183acf8-c1d4-40f7-ba5a-175455d3bd55:192.168.36.79:40696] with ContainerStateMachine:uninitialized
2019-09-20 08:50:46,995 [pool-60-thread-1] INFO  server.RaftServerConfigKeys (ConfUtils.java:logGet(43)) - raft.server.rpc.timeout.min = 5s (custom)
2019-09-20 08:50:46,996 [pool-60-thread-1] INFO  server.RaftServerConfigKeys (ConfUtils.java:logGet(43)) - raft.server.rpc.timeout.max = 5200ms (custom)
2019-09-20 08:50:46,996 [pool-60-thread-1] INFO  server.RaftServerConfigKeys (ConfUtils.java:logGet(43)) - raft.server.rpcslowness.timeout = 120s (custom)
2019-09-20 08:50:46,996 [pool-60-thread-1] INFO  server.RaftServerConfigKeys (ConfUtils.java:logGet(43)) - raft.server.sleep.deviation.threshold = 300 (default)
2019-09-20 08:50:46,996 [pool-60-thread-1] INFO  server.RaftServerConfigKeys (ConfUtils.java:logGet(43)) - raft.server.log.appender.install.snapshot.enabled = false (custom)
2019-09-20 08:50:46,996 [pool-60-thread-1] INFO  impl.RaftServerImpl (ServerState.java:<init>(105)) - d183acf8-c1d4-40f7-ba5a-175455d3bd55:group-2DB131B8A093 ConfigurationManager, init=-1: [d183acf8-c1d4-40f7-ba5a-175455d3bd55:192.168.36.79:40696], old=null, confs=<EMPTY_MAP>
2019-09-20 08:50:46,997 [pool-60-thread-1] INFO  server.RaftServerConfigKeys (ConfUtils.java:logGet(43)) - raft.server.storage.dir = [/workdir/hadoop-ozone/tools/target/test-dir/MiniOzoneClusterImpl-1a1f1bd1-ce73-4756-923c-f2264fe476d0/datanode-3/data/ratis] (custom)
2019-09-20 08:50:46,997 [pool-60-thread-1] INFO  storage.RaftStorageDirectory (RaftStorageDirectory.java:analyzeStorage(246)) - The storage directory /workdir/hadoop-ozone/tools/target/test-dir/MiniOzoneClusterImpl-1a1f1bd1-ce73-4756-923c-f2264fe476d0/datanode-3/data/ratis/c249b794-9f72-4e54-8a15-2db131b8a093 does not exist. Creating ...
2019-09-20 08:50:47,016 [pool-60-thread-1] INFO  storage.RaftStorageDirectory (RaftStorageDirectory.java:tryLock(328)) - Lock on /workdir/hadoop-ozone/tools/target/test-dir/MiniOzoneClusterImpl-1a1f1bd1-ce73-4756-923c-f2264fe476d0/datanode-3/data/ratis/c249b794-9f72-4e54-8a15-2db131b8a093/in_use.lock acquired by nodename 17078@pr-hdds-1569-s8kj2-2266485376
2019-09-20 08:50:47,033 [pool-60-thread-1] INFO  storage.RaftStorage (RaftStorage.java:format(72)) - Storage directory /workdir/hadoop-ozone/tools/target/test-dir/MiniOzoneClusterImpl-1a1f1bd1-ce73-4756-923c-f2264fe476d0/datanode-3/data/ratis/c249b794-9f72-4e54-8a15-2db131b8a093 has been successfully formatted.
2019-09-20 08:50:47,033 [pool-60-thread-1] INFO  ratis.ContainerStateMachine (ContainerStateMachine.java:loadSnapshot(226)) - group-2DB131B8A093: The snapshot info is null. Setting the last applied indexto:(t:0, i:~)
2019-09-20 08:50:47,033 [pool-60-thread-1] INFO  server.RaftServerConfigKeys (ConfUtils.java:logGet(43)) - raft.server.leader.election.timeout = 120s (custom)
2019-09-20 08:50:47,034 [pool-60-thread-1] INFO  server.RaftServerConfigKeys (ConfUtils.java:logGet(43)) - raft.server.log.use.memory = false (default)
2019-09-20 08:50:47,034 [pool-60-thread-1] INFO  server.RaftServerConfigKeys (ConfUtils.java:logGet(43)) - raft.server.log.purge.gap = 1000000 (custom)
2019-09-20 08:50:47,034 [pool-60-thread-1] INFO  server.RaftServerConfigKeys (ConfUtils.java:logGet(43)) - raft.server.log.appender.buffer.byte-limit = 33554432 (custom)
2019-09-20 08:50:47,034 [pool-60-thread-1] INFO  server.RaftServerConfigKeys (ConfUtils.java:logGet(43)) - raft.server.log.segment.size.max = 1048576 (custom)
2019-09-20 08:50:47,035 [pool-60-thread-1] INFO  server.RaftServerConfigKeys (ConfUtils.java:logGet(43)) - raft.server.log.segment.cache.num.max = 2 (custom)
2019-09-20 08:50:47,035 [pool-60-thread-1] INFO  segmented.SegmentedRaftLogWorker (SegmentedRaftLogWorker.java:<init>(172)) - new d183acf8-c1d4-40f7-ba5a-175455d3bd55-SegmentedRaftLogWorker:Storage Directory /workdir/hadoop-ozone/tools/target/test-dir/MiniOzoneClusterImpl-1a1f1bd1-ce73-4756-923c-f2264fe476d0/datanode-3/data/ratis/c249b794-9f72-4e54-8a15-2db131b8a093 for RaftStorage:Storage Directory /workdir/hadoop-ozone/tools/target/test-dir/MiniOzoneClusterImpl-1a1f1bd1-ce73-4756-923c-f2264fe476d0/datanode-3/data/ratis/c249b794-9f72-4e54-8a15-2db131b8a093
2019-09-20 08:50:47,035 [pool-60-thread-1] INFO  server.RaftServerConfigKeys (ConfUtils.java:logGet(43)) - raft.server.log.queue.byte-limit = 2147483647 (custom)
2019-09-20 08:50:47,035 [pool-60-thread-1] INFO  server.RaftServerConfigKeys (ConfUtils.java:logGet(43)) - raft.server.log.queue.element-limit = 1024 (custom)
2019-09-20 08:50:47,035 [pool-60-thread-1] INFO  server.RaftServerConfigKeys (ConfUtils.java:logGet(43)) - raft.server.log.segment.size.max = 1048576 (custom)
2019-09-20 08:50:47,036 [pool-60-thread-1] INFO  server.RaftServerConfigKeys (ConfUtils.java:logGet(43)) - raft.server.log.preallocated.size = 16384 (custom)
2019-09-20 08:50:47,036 [pool-60-thread-1] INFO  server.RaftServerConfigKeys (ConfUtils.java:logGet(43)) - raft.server.log.write.buffer.size = 33554432 (custom)
2019-09-20 08:50:47,036 [pool-60-thread-1] INFO  server.RaftServerConfigKeys (ConfUtils.java:logGet(43)) - raft.server.log.force.sync.num = 128 (default)
2019-09-20 08:50:47,036 [pool-60-thread-1] INFO  server.RaftServerConfigKeys (ConfUtils.java:logGet(43)) - raft.server.log.statemachine.data.sync = true (default)
2019-09-20 08:50:47,036 [pool-60-thread-1] INFO  server.RaftServerConfigKeys (ConfUtils.java:logGet(43)) - raft.server.log.statemachine.data.sync.timeout = 10s (default)
2019-09-20 08:50:47,037 [pool-60-thread-1] INFO  server.RaftServerConfigKeys (ConfUtils.java:logGet(43)) - raft.server.log.statemachine.data.sync.timeout.retry = -1 (default)
2019-09-20 08:50:47,037 [pool-60-thread-1] INFO  server.RaftServerConfigKeys (ConfUtils.java:logGet(43)) - raft.server.log.statemachine.data.caching.enabled = true (custom)
2019-09-20 08:50:47,037 [pool-60-thread-1] INFO  segmented.SegmentedRaftLogWorker (SegmentedRaftLogWorker.java:lambda$new$0(132)) - d183acf8-c1d4-40f7-ba5a-175455d3bd55-SegmentedRaftLogWorker:Storage Directory /workdir/hadoop-ozone/tools/target/test-dir/MiniOzoneClusterImpl-1a1f1bd1-ce73-4756-923c-f2264fe476d0/datanode-3/data/ratis/c249b794-9f72-4e54-8a15-2db131b8a093: flushIndex: setUnconditionally 0 -> -1
2019-09-20 08:50:47,038 [pool-60-thread-1] INFO  server.RaftServerConfigKeys (ConfUtils.java:logGet(43)) - raft.server.snapshot.auto.trigger.enabled = true (custom)
2019-09-20 08:50:47,038 [pool-60-thread-1] INFO  server.RaftServerConfigKeys (ConfUtils.java:logGet(43)) - raft.server.snapshot.auto.trigger.threshold = 10000 (custom)
2019-09-20 08:50:47,038 [pool-60-thread-1] INFO  server.RaftServerConfigKeys (ConfUtils.java:logGet(43)) - raft.server.retrycache.expirytime = 600000ms (custom)
2019-09-20 08:50:47,038 [pool-60-thread-1] INFO  impl.RaftServerImpl (RaftServerImpl.java:start(180)) - d183acf8-c1d4-40f7-ba5a-175455d3bd55: start group-2DB131B8A093
2019-09-20 08:50:47,039 [pool-60-thread-1] INFO  impl.RaftServerImpl (RaftServerImpl.java:setRole(171)) - d183acf8-c1d4-40f7-ba5a-175455d3bd55:group-2DB131B8A093 changes role from null to FOLLOWER at term 0 for startAsFollower
2019-09-20 08:50:47,039 [pool-60-thread-1] INFO  impl.RoleInfo (RoleInfo.java:updateAndGet(143)) - d183acf8-c1d4-40f7-ba5a-175455d3bd55: start FollowerState
2019-09-20 08:50:47,039 [pool-60-thread-1] INFO  util.JmxRegister (JmxRegister.java:tryRegister(44)) - Successfully registered JMX Bean with object name Ratis:service=RaftServer,group=group-2DB131B8A093,id=d183acf8-c1d4-40f7-ba5a-175455d3bd55
2019-09-20 08:50:47,047 [RatisPipelineUtilsThread] INFO  pipeline.PipelineStateManager (PipelineStateManager.java:addPipeline(56)) - Created pipeline Pipeline[ Id: c249b794-9f72-4e54-8a15-2db131b8a093, Nodes: d183acf8-c1d4-40f7-ba5a-175455d3bd55{ip: 192.168.36.79, host: pr-hdds-1569-s8kj2-2266485376, networkLocation: /default-rack, certSerialId: null}, Type:RATIS, Factor:ONE, State:OPEN]
2019-09-20 08:50:47,049 [RatisPipelineUtilsThread] INFO  pipeline.PipelinePlacementPolicy (PipelinePlacementPolicy.java:meetCriteria(91)) - Pipeline Placement: Doesn't meet the criteria to be viable node： d183acf8-c1d4-40f7-ba5a-175455d3bd55 Heaviness: 6 limit: 5
2019-09-20 08:50:47,049 [RatisPipelineUtilsThread] INFO  pipeline.PipelinePlacementPolicy (PipelinePlacementPolicy.java:meetCriteria(91)) - Pipeline Placement: Doesn't meet the criteria to be viable node： 5e9b3ca5-d58f-427a-bd11-930d28ac57d8 Heaviness: 6 limit: 5
2019-09-20 08:50:47,050 [RatisPipelineUtilsThread] INFO  pipeline.PipelinePlacementPolicy (PipelinePlacementPolicy.java:meetCriteria(91)) - Pipeline Placement: Doesn't meet the criteria to be viable node： 64119811-c299-4353-bef2-4f1f08694db1 Heaviness: 6 limit: 5
2019-09-20 08:50:47,077 [grpc-default-executor-1] INFO  impl.RaftServerProxy (RaftServerProxy.java:addNew(89)) - 972eec63-801b-4789-a14a-664c049671ee: addNew group-0D57ADD21236:[972eec63-801b-4789-a14a-664c049671ee:192.168.36.79:36941] returns group-0D57ADD21236:java.util.concurrent.CompletableFuture@770a5990[Not completed]
2019-09-20 08:50:47,080 [pool-38-thread-1] INFO  impl.RaftServerImpl (RaftServerImpl.java:<init>(93)) - 972eec63-801b-4789-a14a-664c049671ee: new RaftServerImpl for group-0D57ADD21236:[972eec63-801b-4789-a14a-664c049671ee:192.168.36.79:36941] with ContainerStateMachine:uninitialized
2019-09-20 08:50:47,080 [pool-38-thread-1] INFO  server.RaftServerConfigKeys (ConfUtils.java:logGet(43)) - raft.server.rpc.timeout.min = 5s (custom)
2019-09-20 08:50:47,080 [pool-38-thread-1] INFO  server.RaftServerConfigKeys (ConfUtils.java:logGet(43)) - raft.server.rpc.timeout.max = 5200ms (custom)
2019-09-20 08:50:47,080 [pool-38-thread-1] INFO  server.RaftServerConfigKeys (ConfUtils.java:logGet(43)) - raft.server.rpcslowness.timeout = 120s (custom)
2019-09-20 08:50:47,081 [pool-38-thread-1] INFO  server.RaftServerConfigKeys (ConfUtils.java:logGet(43)) - raft.server.sleep.deviation.threshold = 300 (default)
2019-09-20 08:50:47,081 [pool-38-thread-1] INFO  server.RaftServerConfigKeys (ConfUtils.java:logGet(43)) - raft.server.log.appender.install.snapshot.enabled = false (custom)
2019-09-20 08:50:47,081 [pool-38-thread-1] INFO  impl.RaftServerImpl (ServerState.java:<init>(105)) - 972eec63-801b-4789-a14a-664c049671ee:group-0D57ADD21236 ConfigurationManager, init=-1: [972eec63-801b-4789-a14a-664c049671ee:192.168.36.79:36941], old=null, confs=<EMPTY_MAP>
2019-09-20 08:50:47,082 [pool-38-thread-1] INFO  server.RaftServerConfigKeys (ConfUtils.java:logGet(43)) - raft.server.storage.dir = [/workdir/hadoop-ozone/tools/target/test-dir/MiniOzoneClusterImpl-1a1f1bd1-ce73-4756-923c-f2264fe476d0/datanode-1/data/ratis] (custom)
2019-09-20 08:50:47,082 [pool-38-thread-1] INFO  storage.RaftStorageDirectory (RaftStorageDirectory.java:analyzeStorage(246)) - The storage directory /workdir/hadoop-ozone/tools/target/test-dir/MiniOzoneClusterImpl-1a1f1bd1-ce73-4756-923c-f2264fe476d0/datanode-1/data/ratis/27a8bfd9-dcc0-4880-8568-0d57add21236 does not exist. Creating ...
2019-09-20 08:50:47,100 [pool-38-thread-1] INFO  storage.RaftStorageDirectory (RaftStorageDirectory.java:tryLock(328)) - Lock on /workdir/hadoop-ozone/tools/target/test-dir/MiniOzoneClusterImpl-1a1f1bd1-ce73-4756-923c-f2264fe476d0/datanode-1/data/ratis/27a8bfd9-dcc0-4880-8568-0d57add21236/in_use.lock acquired by nodename 17078@pr-hdds-1569-s8kj2-2266485376
2019-09-20 08:50:47,117 [pool-38-thread-1] INFO  storage.RaftStorage (RaftStorage.java:format(72)) - Storage directory /workdir/hadoop-ozone/tools/target/test-dir/MiniOzoneClusterImpl-1a1f1bd1-ce73-4756-923c-f2264fe476d0/datanode-1/data/ratis/27a8bfd9-dcc0-4880-8568-0d57add21236 has been successfully formatted.
2019-09-20 08:50:47,117 [pool-38-thread-1] INFO  ratis.ContainerStateMachine (ContainerStateMachine.java:loadSnapshot(226)) - group-0D57ADD21236: The snapshot info is null. Setting the last applied indexto:(t:0, i:~)
2019-09-20 08:50:47,118 [pool-38-thread-1] INFO  server.RaftServerConfigKeys (ConfUtils.java:logGet(43)) - raft.server.leader.election.timeout = 120s (custom)
2019-09-20 08:50:47,118 [pool-38-thread-1] INFO  server.RaftServerConfigKeys (ConfUtils.java:logGet(43)) - raft.server.log.use.memory = false (default)
2019-09-20 08:50:47,118 [pool-38-thread-1] INFO  server.RaftServerConfigKeys (ConfUtils.java:logGet(43)) - raft.server.log.purge.gap = 1000000 (custom)
2019-09-20 08:50:47,118 [pool-38-thread-1] INFO  server.RaftServerConfigKeys (ConfUtils.java:logGet(43)) - raft.server.log.appender.buffer.byte-limit = 33554432 (custom)
2019-09-20 08:50:47,119 [pool-38-thread-1] INFO  server.RaftServerConfigKeys (ConfUtils.java:logGet(43)) - raft.server.log.segment.size.max = 1048576 (custom)
2019-09-20 08:50:47,119 [pool-38-thread-1] INFO  server.RaftServerConfigKeys (ConfUtils.java:logGet(43)) - raft.server.log.segment.cache.num.max = 2 (custom)
2019-09-20 08:50:47,119 [pool-38-thread-1] INFO  segmented.SegmentedRaftLogWorker (SegmentedRaftLogWorker.java:<init>(172)) - new 972eec63-801b-4789-a14a-664c049671ee-SegmentedRaftLogWorker:Storage Directory /workdir/hadoop-ozone/tools/target/test-dir/MiniOzoneClusterImpl-1a1f1bd1-ce73-4756-923c-f2264fe476d0/datanode-1/data/ratis/27a8bfd9-dcc0-4880-8568-0d57add21236 for RaftStorage:Storage Directory /workdir/hadoop-ozone/tools/target/test-dir/MiniOzoneClusterImpl-1a1f1bd1-ce73-4756-923c-f2264fe476d0/datanode-1/data/ratis/27a8bfd9-dcc0-4880-8568-0d57add21236
2019-09-20 08:50:47,119 [pool-38-thread-1] INFO  server.RaftServerConfigKeys (ConfUtils.java:logGet(43)) - raft.server.log.queue.byte-limit = 2147483647 (custom)
2019-09-20 08:50:47,119 [pool-38-thread-1] INFO  server.RaftServerConfigKeys (ConfUtils.java:logGet(43)) - raft.server.log.queue.element-limit = 1024 (custom)
2019-09-20 08:50:47,120 [pool-38-thread-1] INFO  server.RaftServerConfigKeys (ConfUtils.java:logGet(43)) - raft.server.log.segment.size.max = 1048576 (custom)
2019-09-20 08:50:47,120 [pool-38-thread-1] INFO  server.RaftServerConfigKeys (ConfUtils.java:logGet(43)) - raft.server.log.preallocated.size = 16384 (custom)
2019-09-20 08:50:47,120 [pool-38-thread-1] INFO  server.RaftServerConfigKeys (ConfUtils.java:logGet(43)) - raft.server.log.write.buffer.size = 33554432 (custom)
2019-09-20 08:50:47,120 [pool-38-thread-1] INFO  server.RaftServerConfigKeys (ConfUtils.java:logGet(43)) - raft.server.log.force.sync.num = 128 (default)
2019-09-20 08:50:47,120 [pool-38-thread-1] INFO  server.RaftServerConfigKeys (ConfUtils.java:logGet(43)) - raft.server.log.statemachine.data.sync = true (default)
2019-09-20 08:50:47,121 [pool-38-thread-1] INFO  server.RaftServerConfigKeys (ConfUtils.java:logGet(43)) - raft.server.log.statemachine.data.sync.timeout = 10s (default)
2019-09-20 08:50:47,121 [pool-38-thread-1] INFO  server.RaftServerConfigKeys (ConfUtils.java:logGet(43)) - raft.server.log.statemachine.data.sync.timeout.retry = -1 (default)
2019-09-20 08:50:47,121 [pool-38-thread-1] INFO  server.RaftServerConfigKeys (ConfUtils.java:logGet(43)) - raft.server.log.statemachine.data.caching.enabled = true (custom)
2019-09-20 08:50:47,122 [pool-38-thread-1] INFO  segmented.SegmentedRaftLogWorker (SegmentedRaftLogWorker.java:lambda$new$0(132)) - 972eec63-801b-4789-a14a-664c049671ee-SegmentedRaftLogWorker:Storage Directory /workdir/hadoop-ozone/tools/target/test-dir/MiniOzoneClusterImpl-1a1f1bd1-ce73-4756-923c-f2264fe476d0/datanode-1/data/ratis/27a8bfd9-dcc0-4880-8568-0d57add21236: flushIndex: setUnconditionally 0 -> -1
2019-09-20 08:50:47,122 [pool-38-thread-1] INFO  server.RaftServerConfigKeys (ConfUtils.java:logGet(43)) - raft.server.snapshot.auto.trigger.enabled = true (custom)
2019-09-20 08:50:47,122 [pool-38-thread-1] INFO  server.RaftServerConfigKeys (ConfUtils.java:logGet(43)) - raft.server.snapshot.auto.trigger.threshold = 10000 (custom)
2019-09-20 08:50:47,122 [pool-38-thread-1] INFO  server.RaftServerConfigKeys (ConfUtils.java:logGet(43)) - raft.server.retrycache.expirytime = 600000ms (custom)
2019-09-20 08:50:47,123 [pool-38-thread-1] INFO  impl.RaftServerImpl (RaftServerImpl.java:start(180)) - 972eec63-801b-4789-a14a-664c049671ee: start group-0D57ADD21236
2019-09-20 08:50:47,123 [pool-38-thread-1] INFO  impl.RaftServerImpl (RaftServerImpl.java:setRole(171)) - 972eec63-801b-4789-a14a-664c049671ee:group-0D57ADD21236 changes role from null to FOLLOWER at term 0 for startAsFollower
2019-09-20 08:50:47,123 [pool-38-thread-1] INFO  impl.RoleInfo (RoleInfo.java:updateAndGet(143)) - 972eec63-801b-4789-a14a-664c049671ee: start FollowerState
2019-09-20 08:50:47,131 [pool-38-thread-1] INFO  util.JmxRegister (JmxRegister.java:tryRegister(44)) - Successfully registered JMX Bean with object name Ratis:service=RaftServer,group=group-0D57ADD21236,id=972eec63-801b-4789-a14a-664c049671ee
2019-09-20 08:50:47,149 [RatisPipelineUtilsThread] INFO  pipeline.PipelineStateManager (PipelineStateManager.java:addPipeline(56)) - Created pipeline Pipeline[ Id: 27a8bfd9-dcc0-4880-8568-0d57add21236, Nodes: 972eec63-801b-4789-a14a-664c049671ee{ip: 192.168.36.79, host: pr-hdds-1569-s8kj2-2266485376, networkLocation: /default-rack, certSerialId: null}, Type:RATIS, Factor:ONE, State:OPEN]
2019-09-20 08:50:47,155 [RatisPipelineUtilsThread] INFO  pipeline.PipelinePlacementPolicy (PipelinePlacementPolicy.java:meetCriteria(91)) - Pipeline Placement: Doesn't meet the criteria to be viable node： d183acf8-c1d4-40f7-ba5a-175455d3bd55 Heaviness: 6 limit: 5
2019-09-20 08:50:47,155 [RatisPipelineUtilsThread] INFO  pipeline.PipelinePlacementPolicy (PipelinePlacementPolicy.java:meetCriteria(91)) - Pipeline Placement: Doesn't meet the criteria to be viable node： 5e9b3ca5-d58f-427a-bd11-930d28ac57d8 Heaviness: 6 limit: 5
2019-09-20 08:50:47,155 [RatisPipelineUtilsThread] INFO  pipeline.PipelinePlacementPolicy (PipelinePlacementPolicy.java:meetCriteria(91)) - Pipeline Placement: Doesn't meet the criteria to be viable node： 64119811-c299-4353-bef2-4f1f08694db1 Heaviness: 6 limit: 5
2019-09-20 08:50:47,168 [grpc-default-executor-1] INFO  impl.RaftServerProxy (RaftServerProxy.java:addNew(89)) - 972eec63-801b-4789-a14a-664c049671ee: addNew group-06FD3B2A808E:[972eec63-801b-4789-a14a-664c049671ee:192.168.36.79:36941] returns group-06FD3B2A808E:java.util.concurrent.CompletableFuture@68086c7f[Not completed]
2019-09-20 08:50:47,171 [pool-38-thread-1] INFO  impl.RaftServerImpl (RaftServerImpl.java:<init>(93)) - 972eec63-801b-4789-a14a-664c049671ee: new RaftServerImpl for group-06FD3B2A808E:[972eec63-801b-4789-a14a-664c049671ee:192.168.36.79:36941] with ContainerStateMachine:uninitialized
2019-09-20 08:50:47,171 [pool-38-thread-1] INFO  server.RaftServerConfigKeys (ConfUtils.java:logGet(43)) - raft.server.rpc.timeout.min = 5s (custom)
2019-09-20 08:50:47,171 [pool-38-thread-1] INFO  server.RaftServerConfigKeys (ConfUtils.java:logGet(43)) - raft.server.rpc.timeout.max = 5200ms (custom)
2019-09-20 08:50:47,172 [pool-38-thread-1] INFO  server.RaftServerConfigKeys (ConfUtils.java:logGet(43)) - raft.server.rpcslowness.timeout = 120s (custom)
2019-09-20 08:50:47,172 [pool-38-thread-1] INFO  server.RaftServerConfigKeys (ConfUtils.java:logGet(43)) - raft.server.sleep.deviation.threshold = 300 (default)
2019-09-20 08:50:47,172 [pool-38-thread-1] INFO  server.RaftServerConfigKeys (ConfUtils.java:logGet(43)) - raft.server.log.appender.install.snapshot.enabled = false (custom)
2019-09-20 08:50:47,172 [pool-38-thread-1] INFO  impl.RaftServerImpl (ServerState.java:<init>(105)) - 972eec63-801b-4789-a14a-664c049671ee:group-06FD3B2A808E ConfigurationManager, init=-1: [972eec63-801b-4789-a14a-664c049671ee:192.168.36.79:36941], old=null, confs=<EMPTY_MAP>
2019-09-20 08:50:47,172 [pool-38-thread-1] INFO  server.RaftServerConfigKeys (ConfUtils.java:logGet(43)) - raft.server.storage.dir = [/workdir/hadoop-ozone/tools/target/test-dir/MiniOzoneClusterImpl-1a1f1bd1-ce73-4756-923c-f2264fe476d0/datanode-1/data/ratis] (custom)
2019-09-20 08:50:47,173 [pool-38-thread-1] INFO  storage.RaftStorageDirectory (RaftStorageDirectory.java:analyzeStorage(246)) - The storage directory /workdir/hadoop-ozone/tools/target/test-dir/MiniOzoneClusterImpl-1a1f1bd1-ce73-4756-923c-f2264fe476d0/datanode-1/data/ratis/e975ff19-3e7a-469c-bad6-06fd3b2a808e does not exist. Creating ...
2019-09-20 08:50:47,190 | INFO  | SCMAudit | user=jenkins1000 | ip=192.168.36.79 | op=SEND_HEARTBEAT {datanodeUUID=972eec63-801b-4789-a14a-664c049671ee, command=[]} | ret=SUCCESS |  
2019-09-20 08:50:47,217 [pool-38-thread-1] INFO  storage.RaftStorageDirectory (RaftStorageDirectory.java:tryLock(328)) - Lock on /workdir/hadoop-ozone/tools/target/test-dir/MiniOzoneClusterImpl-1a1f1bd1-ce73-4756-923c-f2264fe476d0/datanode-1/data/ratis/e975ff19-3e7a-469c-bad6-06fd3b2a808e/in_use.lock acquired by nodename 17078@pr-hdds-1569-s8kj2-2266485376
2019-09-20 08:50:47,234 [pool-38-thread-1] INFO  storage.RaftStorage (RaftStorage.java:format(72)) - Storage directory /workdir/hadoop-ozone/tools/target/test-dir/MiniOzoneClusterImpl-1a1f1bd1-ce73-4756-923c-f2264fe476d0/datanode-1/data/ratis/e975ff19-3e7a-469c-bad6-06fd3b2a808e has been successfully formatted.
2019-09-20 08:50:47,235 [pool-38-thread-1] INFO  ratis.ContainerStateMachine (ContainerStateMachine.java:loadSnapshot(226)) - group-06FD3B2A808E: The snapshot info is null. Setting the last applied indexto:(t:0, i:~)
2019-09-20 08:50:47,235 [pool-38-thread-1] INFO  server.RaftServerConfigKeys (ConfUtils.java:logGet(43)) - raft.server.leader.election.timeout = 120s (custom)
2019-09-20 08:50:47,235 [pool-38-thread-1] INFO  server.RaftServerConfigKeys (ConfUtils.java:logGet(43)) - raft.server.log.use.memory = false (default)
2019-09-20 08:50:47,235 [pool-38-thread-1] INFO  server.RaftServerConfigKeys (ConfUtils.java:logGet(43)) - raft.server.log.purge.gap = 1000000 (custom)
2019-09-20 08:50:47,236 [pool-38-thread-1] INFO  server.RaftServerConfigKeys (ConfUtils.java:logGet(43)) - raft.server.log.appender.buffer.byte-limit = 33554432 (custom)
2019-09-20 08:50:47,236 [pool-38-thread-1] INFO  server.RaftServerConfigKeys (ConfUtils.java:logGet(43)) - raft.server.log.segment.size.max = 1048576 (custom)
2019-09-20 08:50:47,236 [pool-38-thread-1] INFO  server.RaftServerConfigKeys (ConfUtils.java:logGet(43)) - raft.server.log.segment.cache.num.max = 2 (custom)
2019-09-20 08:50:47,236 [pool-38-thread-1] INFO  segmented.SegmentedRaftLogWorker (SegmentedRaftLogWorker.java:<init>(172)) - new 972eec63-801b-4789-a14a-664c049671ee-SegmentedRaftLogWorker:Storage Directory /workdir/hadoop-ozone/tools/target/test-dir/MiniOzoneClusterImpl-1a1f1bd1-ce73-4756-923c-f2264fe476d0/datanode-1/data/ratis/e975ff19-3e7a-469c-bad6-06fd3b2a808e for RaftStorage:Storage Directory /workdir/hadoop-ozone/tools/target/test-dir/MiniOzoneClusterImpl-1a1f1bd1-ce73-4756-923c-f2264fe476d0/datanode-1/data/ratis/e975ff19-3e7a-469c-bad6-06fd3b2a808e
2019-09-20 08:50:47,236 [pool-38-thread-1] INFO  server.RaftServerConfigKeys (ConfUtils.java:logGet(43)) - raft.server.log.queue.byte-limit = 2147483647 (custom)
2019-09-20 08:50:47,236 [pool-38-thread-1] INFO  server.RaftServerConfigKeys (ConfUtils.java:logGet(43)) - raft.server.log.queue.element-limit = 1024 (custom)
2019-09-20 08:50:47,237 [pool-38-thread-1] INFO  server.RaftServerConfigKeys (ConfUtils.java:logGet(43)) - raft.server.log.segment.size.max = 1048576 (custom)
2019-09-20 08:50:47,237 [pool-38-thread-1] INFO  server.RaftServerConfigKeys (ConfUtils.java:logGet(43)) - raft.server.log.preallocated.size = 16384 (custom)
2019-09-20 08:50:47,237 [pool-38-thread-1] INFO  server.RaftServerConfigKeys (ConfUtils.java:logGet(43)) - raft.server.log.write.buffer.size = 33554432 (custom)
2019-09-20 08:50:47,237 [pool-38-thread-1] INFO  server.RaftServerConfigKeys (ConfUtils.java:logGet(43)) - raft.server.log.force.sync.num = 128 (default)
2019-09-20 08:50:47,237 [pool-38-thread-1] INFO  server.RaftServerConfigKeys (ConfUtils.java:logGet(43)) - raft.server.log.statemachine.data.sync = true (default)
2019-09-20 08:50:47,237 [pool-38-thread-1] INFO  server.RaftServerConfigKeys (ConfUtils.java:logGet(43)) - raft.server.log.statemachine.data.sync.timeout = 10s (default)
2019-09-20 08:50:47,238 [pool-38-thread-1] INFO  server.RaftServerConfigKeys (ConfUtils.java:logGet(43)) - raft.server.log.statemachine.data.sync.timeout.retry = -1 (default)
2019-09-20 08:50:47,238 [pool-38-thread-1] INFO  server.RaftServerConfigKeys (ConfUtils.java:logGet(43)) - raft.server.log.statemachine.data.caching.enabled = true (custom)
2019-09-20 08:50:47,238 [pool-38-thread-1] INFO  segmented.SegmentedRaftLogWorker (SegmentedRaftLogWorker.java:lambda$new$0(132)) - 972eec63-801b-4789-a14a-664c049671ee-SegmentedRaftLogWorker:Storage Directory /workdir/hadoop-ozone/tools/target/test-dir/MiniOzoneClusterImpl-1a1f1bd1-ce73-4756-923c-f2264fe476d0/datanode-1/data/ratis/e975ff19-3e7a-469c-bad6-06fd3b2a808e: flushIndex: setUnconditionally 0 -> -1
2019-09-20 08:50:47,239 [pool-38-thread-1] INFO  server.RaftServerConfigKeys (ConfUtils.java:logGet(43)) - raft.server.snapshot.auto.trigger.enabled = true (custom)
2019-09-20 08:50:47,239 [pool-38-thread-1] INFO  server.RaftServerConfigKeys (ConfUtils.java:logGet(43)) - raft.server.snapshot.auto.trigger.threshold = 10000 (custom)
2019-09-20 08:50:47,239 [pool-38-thread-1] INFO  server.RaftServerConfigKeys (ConfUtils.java:logGet(43)) - raft.server.retrycache.expirytime = 600000ms (custom)
2019-09-20 08:50:47,239 [pool-38-thread-1] INFO  impl.RaftServerImpl (RaftServerImpl.java:start(180)) - 972eec63-801b-4789-a14a-664c049671ee: start group-06FD3B2A808E
2019-09-20 08:50:47,240 [pool-38-thread-1] INFO  impl.RaftServerImpl (RaftServerImpl.java:setRole(171)) - 972eec63-801b-4789-a14a-664c049671ee:group-06FD3B2A808E changes role from null to FOLLOWER at term 0 for startAsFollower
2019-09-20 08:50:47,240 [pool-38-thread-1] INFO  impl.RoleInfo (RoleInfo.java:updateAndGet(143)) - 972eec63-801b-4789-a14a-664c049671ee: start FollowerState
2019-09-20 08:50:47,240 [pool-38-thread-1] INFO  util.JmxRegister (JmxRegister.java:tryRegister(44)) - Successfully registered JMX Bean with object name Ratis:service=RaftServer,group=group-06FD3B2A808E,id=972eec63-801b-4789-a14a-664c049671ee
2019-09-20 08:50:47,247 [RatisPipelineUtilsThread] INFO  pipeline.PipelineStateManager (PipelineStateManager.java:addPipeline(56)) - Created pipeline Pipeline[ Id: e975ff19-3e7a-469c-bad6-06fd3b2a808e, Nodes: 972eec63-801b-4789-a14a-664c049671ee{ip: 192.168.36.79, host: pr-hdds-1569-s8kj2-2266485376, networkLocation: /default-rack, certSerialId: null}, Type:RATIS, Factor:ONE, State:OPEN]
2019-09-20 08:50:47,249 [RatisPipelineUtilsThread] INFO  pipeline.PipelinePlacementPolicy (PipelinePlacementPolicy.java:meetCriteria(91)) - Pipeline Placement: Doesn't meet the criteria to be viable node： d183acf8-c1d4-40f7-ba5a-175455d3bd55 Heaviness: 6 limit: 5
2019-09-20 08:50:47,249 [RatisPipelineUtilsThread] INFO  pipeline.PipelinePlacementPolicy (PipelinePlacementPolicy.java:meetCriteria(91)) - Pipeline Placement: Doesn't meet the criteria to be viable node： 5e9b3ca5-d58f-427a-bd11-930d28ac57d8 Heaviness: 6 limit: 5
2019-09-20 08:50:47,250 [RatisPipelineUtilsThread] INFO  pipeline.PipelinePlacementPolicy (PipelinePlacementPolicy.java:meetCriteria(91)) - Pipeline Placement: Doesn't meet the criteria to be viable node： 64119811-c299-4353-bef2-4f1f08694db1 Heaviness: 6 limit: 5
2019-09-20 08:50:47,261 [grpc-default-executor-1] INFO  impl.RaftServerProxy (RaftServerProxy.java:addNew(89)) - 972eec63-801b-4789-a14a-664c049671ee: addNew group-F9AB950BAAF3:[972eec63-801b-4789-a14a-664c049671ee:192.168.36.79:36941] returns group-F9AB950BAAF3:java.util.concurrent.CompletableFuture@2af670c8[Not completed]
2019-09-20 08:50:47,263 [pool-38-thread-1] INFO  impl.RaftServerImpl (RaftServerImpl.java:<init>(93)) - 972eec63-801b-4789-a14a-664c049671ee: new RaftServerImpl for group-F9AB950BAAF3:[972eec63-801b-4789-a14a-664c049671ee:192.168.36.79:36941] with ContainerStateMachine:uninitialized
2019-09-20 08:50:47,263 [pool-38-thread-1] INFO  server.RaftServerConfigKeys (ConfUtils.java:logGet(43)) - raft.server.rpc.timeout.min = 5s (custom)
2019-09-20 08:50:47,263 [pool-38-thread-1] INFO  server.RaftServerConfigKeys (ConfUtils.java:logGet(43)) - raft.server.rpc.timeout.max = 5200ms (custom)
2019-09-20 08:50:47,263 [pool-38-thread-1] INFO  server.RaftServerConfigKeys (ConfUtils.java:logGet(43)) - raft.server.rpcslowness.timeout = 120s (custom)
2019-09-20 08:50:47,263 [pool-38-thread-1] INFO  server.RaftServerConfigKeys (ConfUtils.java:logGet(43)) - raft.server.sleep.deviation.threshold = 300 (default)
2019-09-20 08:50:47,263 [pool-38-thread-1] INFO  server.RaftServerConfigKeys (ConfUtils.java:logGet(43)) - raft.server.log.appender.install.snapshot.enabled = false (custom)
2019-09-20 08:50:47,264 [pool-38-thread-1] INFO  impl.RaftServerImpl (ServerState.java:<init>(105)) - 972eec63-801b-4789-a14a-664c049671ee:group-F9AB950BAAF3 ConfigurationManager, init=-1: [972eec63-801b-4789-a14a-664c049671ee:192.168.36.79:36941], old=null, confs=<EMPTY_MAP>
2019-09-20 08:50:47,264 [pool-38-thread-1] INFO  server.RaftServerConfigKeys (ConfUtils.java:logGet(43)) - raft.server.storage.dir = [/workdir/hadoop-ozone/tools/target/test-dir/MiniOzoneClusterImpl-1a1f1bd1-ce73-4756-923c-f2264fe476d0/datanode-1/data/ratis] (custom)
2019-09-20 08:50:47,264 [pool-38-thread-1] INFO  storage.RaftStorageDirectory (RaftStorageDirectory.java:analyzeStorage(246)) - The storage directory /workdir/hadoop-ozone/tools/target/test-dir/MiniOzoneClusterImpl-1a1f1bd1-ce73-4756-923c-f2264fe476d0/datanode-1/data/ratis/f0119ac1-2c44-4b02-a34e-f9ab950baaf3 does not exist. Creating ...
2019-09-20 08:50:47,285 [pool-38-thread-1] INFO  storage.RaftStorageDirectory (RaftStorageDirectory.java:tryLock(328)) - Lock on /workdir/hadoop-ozone/tools/target/test-dir/MiniOzoneClusterImpl-1a1f1bd1-ce73-4756-923c-f2264fe476d0/datanode-1/data/ratis/f0119ac1-2c44-4b02-a34e-f9ab950baaf3/in_use.lock acquired by nodename 17078@pr-hdds-1569-s8kj2-2266485376
2019-09-20 08:50:47,310 [pool-38-thread-1] INFO  storage.RaftStorage (RaftStorage.java:format(72)) - Storage directory /workdir/hadoop-ozone/tools/target/test-dir/MiniOzoneClusterImpl-1a1f1bd1-ce73-4756-923c-f2264fe476d0/datanode-1/data/ratis/f0119ac1-2c44-4b02-a34e-f9ab950baaf3 has been successfully formatted.
2019-09-20 08:50:47,311 [pool-38-thread-1] INFO  ratis.ContainerStateMachine (ContainerStateMachine.java:loadSnapshot(226)) - group-F9AB950BAAF3: The snapshot info is null. Setting the last applied indexto:(t:0, i:~)
2019-09-20 08:50:47,311 [pool-38-thread-1] INFO  server.RaftServerConfigKeys (ConfUtils.java:logGet(43)) - raft.server.leader.election.timeout = 120s (custom)
2019-09-20 08:50:47,311 [pool-38-thread-1] INFO  server.RaftServerConfigKeys (ConfUtils.java:logGet(43)) - raft.server.log.use.memory = false (default)
2019-09-20 08:50:47,311 [pool-38-thread-1] INFO  server.RaftServerConfigKeys (ConfUtils.java:logGet(43)) - raft.server.log.purge.gap = 1000000 (custom)
2019-09-20 08:50:47,312 [pool-38-thread-1] INFO  server.RaftServerConfigKeys (ConfUtils.java:logGet(43)) - raft.server.log.appender.buffer.byte-limit = 33554432 (custom)
2019-09-20 08:50:47,312 [pool-38-thread-1] INFO  server.RaftServerConfigKeys (ConfUtils.java:logGet(43)) - raft.server.log.segment.size.max = 1048576 (custom)
2019-09-20 08:50:47,312 [pool-38-thread-1] INFO  server.RaftServerConfigKeys (ConfUtils.java:logGet(43)) - raft.server.log.segment.cache.num.max = 2 (custom)
2019-09-20 08:50:47,312 [pool-38-thread-1] INFO  segmented.SegmentedRaftLogWorker (SegmentedRaftLogWorker.java:<init>(172)) - new 972eec63-801b-4789-a14a-664c049671ee-SegmentedRaftLogWorker:Storage Directory /workdir/hadoop-ozone/tools/target/test-dir/MiniOzoneClusterImpl-1a1f1bd1-ce73-4756-923c-f2264fe476d0/datanode-1/data/ratis/f0119ac1-2c44-4b02-a34e-f9ab950baaf3 for RaftStorage:Storage Directory /workdir/hadoop-ozone/tools/target/test-dir/MiniOzoneClusterImpl-1a1f1bd1-ce73-4756-923c-f2264fe476d0/datanode-1/data/ratis/f0119ac1-2c44-4b02-a34e-f9ab950baaf3
2019-09-20 08:50:47,313 [pool-38-thread-1] INFO  server.RaftServerConfigKeys (ConfUtils.java:logGet(43)) - raft.server.log.queue.byte-limit = 2147483647 (custom)
2019-09-20 08:50:47,313 [pool-38-thread-1] INFO  server.RaftServerConfigKeys (ConfUtils.java:logGet(43)) - raft.server.log.queue.element-limit = 1024 (custom)
2019-09-20 08:50:47,313 [pool-38-thread-1] INFO  server.RaftServerConfigKeys (ConfUtils.java:logGet(43)) - raft.server.log.segment.size.max = 1048576 (custom)
2019-09-20 08:50:47,313 [pool-38-thread-1] INFO  server.RaftServerConfigKeys (ConfUtils.java:logGet(43)) - raft.server.log.preallocated.size = 16384 (custom)
2019-09-20 08:50:47,314 [pool-38-thread-1] INFO  server.RaftServerConfigKeys (ConfUtils.java:logGet(43)) - raft.server.log.write.buffer.size = 33554432 (custom)
2019-09-20 08:50:47,314 [pool-38-thread-1] INFO  server.RaftServerConfigKeys (ConfUtils.java:logGet(43)) - raft.server.log.force.sync.num = 128 (default)
2019-09-20 08:50:47,314 [pool-38-thread-1] INFO  server.RaftServerConfigKeys (ConfUtils.java:logGet(43)) - raft.server.log.statemachine.data.sync = true (default)
2019-09-20 08:50:47,314 [pool-38-thread-1] INFO  server.RaftServerConfigKeys (ConfUtils.java:logGet(43)) - raft.server.log.statemachine.data.sync.timeout = 10s (default)
2019-09-20 08:50:47,315 [pool-38-thread-1] INFO  server.RaftServerConfigKeys (ConfUtils.java:logGet(43)) - raft.server.log.statemachine.data.sync.timeout.retry = -1 (default)
2019-09-20 08:50:47,315 [pool-38-thread-1] INFO  server.RaftServerConfigKeys (ConfUtils.java:logGet(43)) - raft.server.log.statemachine.data.caching.enabled = true (custom)
2019-09-20 08:50:47,315 [pool-38-thread-1] INFO  segmented.SegmentedRaftLogWorker (SegmentedRaftLogWorker.java:lambda$new$0(132)) - 972eec63-801b-4789-a14a-664c049671ee-SegmentedRaftLogWorker:Storage Directory /workdir/hadoop-ozone/tools/target/test-dir/MiniOzoneClusterImpl-1a1f1bd1-ce73-4756-923c-f2264fe476d0/datanode-1/data/ratis/f0119ac1-2c44-4b02-a34e-f9ab950baaf3: flushIndex: setUnconditionally 0 -> -1
2019-09-20 08:50:47,316 [pool-38-thread-1] INFO  server.RaftServerConfigKeys (ConfUtils.java:logGet(43)) - raft.server.snapshot.auto.trigger.enabled = true (custom)
2019-09-20 08:50:47,316 [pool-38-thread-1] INFO  server.RaftServerConfigKeys (ConfUtils.java:logGet(43)) - raft.server.snapshot.auto.trigger.threshold = 10000 (custom)
2019-09-20 08:50:47,316 [pool-38-thread-1] INFO  server.RaftServerConfigKeys (ConfUtils.java:logGet(43)) - raft.server.retrycache.expirytime = 600000ms (custom)
2019-09-20 08:50:47,317 [pool-38-thread-1] INFO  impl.RaftServerImpl (RaftServerImpl.java:start(180)) - 972eec63-801b-4789-a14a-664c049671ee: start group-F9AB950BAAF3
2019-09-20 08:50:47,317 [pool-38-thread-1] INFO  impl.RaftServerImpl (RaftServerImpl.java:setRole(171)) - 972eec63-801b-4789-a14a-664c049671ee:group-F9AB950BAAF3 changes role from null to FOLLOWER at term 0 for startAsFollower
2019-09-20 08:50:47,317 [pool-38-thread-1] INFO  impl.RoleInfo (RoleInfo.java:updateAndGet(143)) - 972eec63-801b-4789-a14a-664c049671ee: start FollowerState
2019-09-20 08:50:47,318 [pool-38-thread-1] INFO  util.JmxRegister (JmxRegister.java:tryRegister(44)) - Successfully registered JMX Bean with object name Ratis:service=RaftServer,group=group-F9AB950BAAF3,id=972eec63-801b-4789-a14a-664c049671ee
2019-09-20 08:50:47,324 [RatisPipelineUtilsThread] INFO  pipeline.PipelineStateManager (PipelineStateManager.java:addPipeline(56)) - Created pipeline Pipeline[ Id: f0119ac1-2c44-4b02-a34e-f9ab950baaf3, Nodes: 972eec63-801b-4789-a14a-664c049671ee{ip: 192.168.36.79, host: pr-hdds-1569-s8kj2-2266485376, networkLocation: /default-rack, certSerialId: null}, Type:RATIS, Factor:ONE, State:OPEN]
2019-09-20 08:50:47,326 [RatisPipelineUtilsThread] INFO  pipeline.PipelinePlacementPolicy (PipelinePlacementPolicy.java:meetCriteria(91)) - Pipeline Placement: Doesn't meet the criteria to be viable node： d183acf8-c1d4-40f7-ba5a-175455d3bd55 Heaviness: 6 limit: 5
2019-09-20 08:50:47,326 [RatisPipelineUtilsThread] INFO  pipeline.PipelinePlacementPolicy (PipelinePlacementPolicy.java:meetCriteria(91)) - Pipeline Placement: Doesn't meet the criteria to be viable node： 5e9b3ca5-d58f-427a-bd11-930d28ac57d8 Heaviness: 6 limit: 5
2019-09-20 08:50:47,326 [RatisPipelineUtilsThread] INFO  pipeline.PipelinePlacementPolicy (PipelinePlacementPolicy.java:meetCriteria(91)) - Pipeline Placement: Doesn't meet the criteria to be viable node： 64119811-c299-4353-bef2-4f1f08694db1 Heaviness: 6 limit: 5
2019-09-20 08:50:47,337 [grpc-default-executor-0] INFO  impl.RaftServerProxy (RaftServerProxy.java:addNew(89)) - 972eec63-801b-4789-a14a-664c049671ee: addNew group-4F77C19661D4:[972eec63-801b-4789-a14a-664c049671ee:192.168.36.79:36941] returns group-4F77C19661D4:java.util.concurrent.CompletableFuture@4adba6dd[Not completed]
2019-09-20 08:50:47,339 [pool-38-thread-1] INFO  impl.RaftServerImpl (RaftServerImpl.java:<init>(93)) - 972eec63-801b-4789-a14a-664c049671ee: new RaftServerImpl for group-4F77C19661D4:[972eec63-801b-4789-a14a-664c049671ee:192.168.36.79:36941] with ContainerStateMachine:uninitialized
2019-09-20 08:50:47,339 [pool-38-thread-1] INFO  server.RaftServerConfigKeys (ConfUtils.java:logGet(43)) - raft.server.rpc.timeout.min = 5s (custom)
2019-09-20 08:50:47,339 [pool-38-thread-1] INFO  server.RaftServerConfigKeys (ConfUtils.java:logGet(43)) - raft.server.rpc.timeout.max = 5200ms (custom)
2019-09-20 08:50:47,339 [pool-38-thread-1] INFO  server.RaftServerConfigKeys (ConfUtils.java:logGet(43)) - raft.server.rpcslowness.timeout = 120s (custom)
2019-09-20 08:50:47,339 [pool-38-thread-1] INFO  server.RaftServerConfigKeys (ConfUtils.java:logGet(43)) - raft.server.sleep.deviation.threshold = 300 (default)
2019-09-20 08:50:47,339 [pool-38-thread-1] INFO  server.RaftServerConfigKeys (ConfUtils.java:logGet(43)) - raft.server.log.appender.install.snapshot.enabled = false (custom)
2019-09-20 08:50:47,340 [pool-38-thread-1] INFO  impl.RaftServerImpl (ServerState.java:<init>(105)) - 972eec63-801b-4789-a14a-664c049671ee:group-4F77C19661D4 ConfigurationManager, init=-1: [972eec63-801b-4789-a14a-664c049671ee:192.168.36.79:36941], old=null, confs=<EMPTY_MAP>
2019-09-20 08:50:47,340 [pool-38-thread-1] INFO  server.RaftServerConfigKeys (ConfUtils.java:logGet(43)) - raft.server.storage.dir = [/workdir/hadoop-ozone/tools/target/test-dir/MiniOzoneClusterImpl-1a1f1bd1-ce73-4756-923c-f2264fe476d0/datanode-1/data/ratis] (custom)
2019-09-20 08:50:47,340 [pool-38-thread-1] INFO  storage.RaftStorageDirectory (RaftStorageDirectory.java:analyzeStorage(246)) - The storage directory /workdir/hadoop-ozone/tools/target/test-dir/MiniOzoneClusterImpl-1a1f1bd1-ce73-4756-923c-f2264fe476d0/datanode-1/data/ratis/787da26f-4e37-4999-bb7c-4f77c19661d4 does not exist. Creating ...
2019-09-20 08:50:47,360 [pool-38-thread-1] INFO  storage.RaftStorageDirectory (RaftStorageDirectory.java:tryLock(328)) - Lock on /workdir/hadoop-ozone/tools/target/test-dir/MiniOzoneClusterImpl-1a1f1bd1-ce73-4756-923c-f2264fe476d0/datanode-1/data/ratis/787da26f-4e37-4999-bb7c-4f77c19661d4/in_use.lock acquired by nodename 17078@pr-hdds-1569-s8kj2-2266485376
2019-09-20 08:50:47,420 [pool-38-thread-1] INFO  storage.RaftStorage (RaftStorage.java:format(72)) - Storage directory /workdir/hadoop-ozone/tools/target/test-dir/MiniOzoneClusterImpl-1a1f1bd1-ce73-4756-923c-f2264fe476d0/datanode-1/data/ratis/787da26f-4e37-4999-bb7c-4f77c19661d4 has been successfully formatted.
2019-09-20 08:50:47,421 [pool-38-thread-1] INFO  ratis.ContainerStateMachine (ContainerStateMachine.java:loadSnapshot(226)) - group-4F77C19661D4: The snapshot info is null. Setting the last applied indexto:(t:0, i:~)
2019-09-20 08:50:47,421 [pool-38-thread-1] INFO  server.RaftServerConfigKeys (ConfUtils.java:logGet(43)) - raft.server.leader.election.timeout = 120s (custom)
2019-09-20 08:50:47,421 [pool-38-thread-1] INFO  server.RaftServerConfigKeys (ConfUtils.java:logGet(43)) - raft.server.log.use.memory = false (default)
2019-09-20 08:50:47,421 [pool-38-thread-1] INFO  server.RaftServerConfigKeys (ConfUtils.java:logGet(43)) - raft.server.log.purge.gap = 1000000 (custom)
2019-09-20 08:50:47,422 [pool-38-thread-1] INFO  server.RaftServerConfigKeys (ConfUtils.java:logGet(43)) - raft.server.log.appender.buffer.byte-limit = 33554432 (custom)
2019-09-20 08:50:47,422 [pool-38-thread-1] INFO  server.RaftServerConfigKeys (ConfUtils.java:logGet(43)) - raft.server.log.segment.size.max = 1048576 (custom)
2019-09-20 08:50:47,422 [pool-38-thread-1] INFO  server.RaftServerConfigKeys (ConfUtils.java:logGet(43)) - raft.server.log.segment.cache.num.max = 2 (custom)
2019-09-20 08:50:47,422 [pool-38-thread-1] INFO  segmented.SegmentedRaftLogWorker (SegmentedRaftLogWorker.java:<init>(172)) - new 972eec63-801b-4789-a14a-664c049671ee-SegmentedRaftLogWorker:Storage Directory /workdir/hadoop-ozone/tools/target/test-dir/MiniOzoneClusterImpl-1a1f1bd1-ce73-4756-923c-f2264fe476d0/datanode-1/data/ratis/787da26f-4e37-4999-bb7c-4f77c19661d4 for RaftStorage:Storage Directory /workdir/hadoop-ozone/tools/target/test-dir/MiniOzoneClusterImpl-1a1f1bd1-ce73-4756-923c-f2264fe476d0/datanode-1/data/ratis/787da26f-4e37-4999-bb7c-4f77c19661d4
2019-09-20 08:50:47,422 [pool-38-thread-1] INFO  server.RaftServerConfigKeys (ConfUtils.java:logGet(43)) - raft.server.log.queue.byte-limit = 2147483647 (custom)
2019-09-20 08:50:47,423 [pool-38-thread-1] INFO  server.RaftServerConfigKeys (ConfUtils.java:logGet(43)) - raft.server.log.queue.element-limit = 1024 (custom)
2019-09-20 08:50:47,423 [pool-38-thread-1] INFO  server.RaftServerConfigKeys (ConfUtils.java:logGet(43)) - raft.server.log.segment.size.max = 1048576 (custom)
2019-09-20 08:50:47,423 [pool-38-thread-1] INFO  server.RaftServerConfigKeys (ConfUtils.java:logGet(43)) - raft.server.log.preallocated.size = 16384 (custom)
2019-09-20 08:50:47,423 [pool-38-thread-1] INFO  server.RaftServerConfigKeys (ConfUtils.java:logGet(43)) - raft.server.log.write.buffer.size = 33554432 (custom)
2019-09-20 08:50:47,423 [pool-38-thread-1] INFO  server.RaftServerConfigKeys (ConfUtils.java:logGet(43)) - raft.server.log.force.sync.num = 128 (default)
2019-09-20 08:50:47,423 [pool-38-thread-1] INFO  server.RaftServerConfigKeys (ConfUtils.java:logGet(43)) - raft.server.log.statemachine.data.sync = true (default)
2019-09-20 08:50:47,424 [pool-38-thread-1] INFO  server.RaftServerConfigKeys (ConfUtils.java:logGet(43)) - raft.server.log.statemachine.data.sync.timeout = 10s (default)
2019-09-20 08:50:47,424 [pool-38-thread-1] INFO  server.RaftServerConfigKeys (ConfUtils.java:logGet(43)) - raft.server.log.statemachine.data.sync.timeout.retry = -1 (default)
2019-09-20 08:50:47,424 [pool-38-thread-1] INFO  server.RaftServerConfigKeys (ConfUtils.java:logGet(43)) - raft.server.log.statemachine.data.caching.enabled = true (custom)
2019-09-20 08:50:47,424 [pool-38-thread-1] INFO  segmented.SegmentedRaftLogWorker (SegmentedRaftLogWorker.java:lambda$new$0(132)) - 972eec63-801b-4789-a14a-664c049671ee-SegmentedRaftLogWorker:Storage Directory /workdir/hadoop-ozone/tools/target/test-dir/MiniOzoneClusterImpl-1a1f1bd1-ce73-4756-923c-f2264fe476d0/datanode-1/data/ratis/787da26f-4e37-4999-bb7c-4f77c19661d4: flushIndex: setUnconditionally 0 -> -1
2019-09-20 08:50:47,425 [pool-38-thread-1] INFO  server.RaftServerConfigKeys (ConfUtils.java:logGet(43)) - raft.server.snapshot.auto.trigger.enabled = true (custom)
2019-09-20 08:50:47,425 [pool-38-thread-1] INFO  server.RaftServerConfigKeys (ConfUtils.java:logGet(43)) - raft.server.snapshot.auto.trigger.threshold = 10000 (custom)
2019-09-20 08:50:47,425 [pool-38-thread-1] INFO  server.RaftServerConfigKeys (ConfUtils.java:logGet(43)) - raft.server.retrycache.expirytime = 600000ms (custom)
2019-09-20 08:50:47,426 [pool-38-thread-1] INFO  impl.RaftServerImpl (RaftServerImpl.java:start(180)) - 972eec63-801b-4789-a14a-664c049671ee: start group-4F77C19661D4
2019-09-20 08:50:47,426 [pool-38-thread-1] INFO  impl.RaftServerImpl (RaftServerImpl.java:setRole(171)) - 972eec63-801b-4789-a14a-664c049671ee:group-4F77C19661D4 changes role from null to FOLLOWER at term 0 for startAsFollower
2019-09-20 08:50:47,426 [pool-38-thread-1] INFO  impl.RoleInfo (RoleInfo.java:updateAndGet(143)) - 972eec63-801b-4789-a14a-664c049671ee: start FollowerState
2019-09-20 08:50:47,426 [pool-38-thread-1] INFO  util.JmxRegister (JmxRegister.java:tryRegister(44)) - Successfully registered JMX Bean with object name Ratis:service=RaftServer,group=group-4F77C19661D4,id=972eec63-801b-4789-a14a-664c049671ee
2019-09-20 08:50:47,433 [RatisPipelineUtilsThread] INFO  pipeline.PipelineStateManager (PipelineStateManager.java:addPipeline(56)) - Created pipeline Pipeline[ Id: 787da26f-4e37-4999-bb7c-4f77c19661d4, Nodes: 972eec63-801b-4789-a14a-664c049671ee{ip: 192.168.36.79, host: pr-hdds-1569-s8kj2-2266485376, networkLocation: /default-rack, certSerialId: null}, Type:RATIS, Factor:ONE, State:OPEN]
2019-09-20 08:50:47,436 [RatisPipelineUtilsThread] INFO  pipeline.PipelinePlacementPolicy (PipelinePlacementPolicy.java:meetCriteria(91)) - Pipeline Placement: Doesn't meet the criteria to be viable node： d183acf8-c1d4-40f7-ba5a-175455d3bd55 Heaviness: 6 limit: 5
2019-09-20 08:50:47,436 [RatisPipelineUtilsThread] INFO  pipeline.PipelinePlacementPolicy (PipelinePlacementPolicy.java:meetCriteria(91)) - Pipeline Placement: Doesn't meet the criteria to be viable node： 5e9b3ca5-d58f-427a-bd11-930d28ac57d8 Heaviness: 6 limit: 5
2019-09-20 08:50:47,436 [RatisPipelineUtilsThread] INFO  pipeline.PipelinePlacementPolicy (PipelinePlacementPolicy.java:meetCriteria(91)) - Pipeline Placement: Doesn't meet the criteria to be viable node： 64119811-c299-4353-bef2-4f1f08694db1 Heaviness: 6 limit: 5
2019-09-20 08:50:47,448 [grpc-default-executor-0] INFO  impl.RaftServerProxy (RaftServerProxy.java:addNew(89)) - 972eec63-801b-4789-a14a-664c049671ee: addNew group-199F6BCD96BD:[972eec63-801b-4789-a14a-664c049671ee:192.168.36.79:36941] returns group-199F6BCD96BD:java.util.concurrent.CompletableFuture@23438f3d[Not completed]
2019-09-20 08:50:47,450 [pool-38-thread-1] INFO  impl.RaftServerImpl (RaftServerImpl.java:<init>(93)) - 972eec63-801b-4789-a14a-664c049671ee: new RaftServerImpl for group-199F6BCD96BD:[972eec63-801b-4789-a14a-664c049671ee:192.168.36.79:36941] with ContainerStateMachine:uninitialized
2019-09-20 08:50:47,451 [pool-38-thread-1] INFO  server.RaftServerConfigKeys (ConfUtils.java:logGet(43)) - raft.server.rpc.timeout.min = 5s (custom)
2019-09-20 08:50:47,451 [pool-38-thread-1] INFO  server.RaftServerConfigKeys (ConfUtils.java:logGet(43)) - raft.server.rpc.timeout.max = 5200ms (custom)
2019-09-20 08:50:47,451 [pool-38-thread-1] INFO  server.RaftServerConfigKeys (ConfUtils.java:logGet(43)) - raft.server.rpcslowness.timeout = 120s (custom)
2019-09-20 08:50:47,451 [pool-38-thread-1] INFO  server.RaftServerConfigKeys (ConfUtils.java:logGet(43)) - raft.server.sleep.deviation.threshold = 300 (default)
2019-09-20 08:50:47,451 [pool-38-thread-1] INFO  server.RaftServerConfigKeys (ConfUtils.java:logGet(43)) - raft.server.log.appender.install.snapshot.enabled = false (custom)
2019-09-20 08:50:47,451 [pool-38-thread-1] INFO  impl.RaftServerImpl (ServerState.java:<init>(105)) - 972eec63-801b-4789-a14a-664c049671ee:group-199F6BCD96BD ConfigurationManager, init=-1: [972eec63-801b-4789-a14a-664c049671ee:192.168.36.79:36941], old=null, confs=<EMPTY_MAP>
2019-09-20 08:50:47,452 [pool-38-thread-1] INFO  server.RaftServerConfigKeys (ConfUtils.java:logGet(43)) - raft.server.storage.dir = [/workdir/hadoop-ozone/tools/target/test-dir/MiniOzoneClusterImpl-1a1f1bd1-ce73-4756-923c-f2264fe476d0/datanode-1/data/ratis] (custom)
2019-09-20 08:50:47,452 [pool-38-thread-1] INFO  storage.RaftStorageDirectory (RaftStorageDirectory.java:analyzeStorage(246)) - The storage directory /workdir/hadoop-ozone/tools/target/test-dir/MiniOzoneClusterImpl-1a1f1bd1-ce73-4756-923c-f2264fe476d0/datanode-1/data/ratis/97fc7c7a-5be2-476a-bc62-199f6bcd96bd does not exist. Creating ...
2019-09-20 08:50:47,470 [pool-38-thread-1] INFO  storage.RaftStorageDirectory (RaftStorageDirectory.java:tryLock(328)) - Lock on /workdir/hadoop-ozone/tools/target/test-dir/MiniOzoneClusterImpl-1a1f1bd1-ce73-4756-923c-f2264fe476d0/datanode-1/data/ratis/97fc7c7a-5be2-476a-bc62-199f6bcd96bd/in_use.lock acquired by nodename 17078@pr-hdds-1569-s8kj2-2266485376
2019-09-20 08:50:47,487 [pool-38-thread-1] INFO  storage.RaftStorage (RaftStorage.java:format(72)) - Storage directory /workdir/hadoop-ozone/tools/target/test-dir/MiniOzoneClusterImpl-1a1f1bd1-ce73-4756-923c-f2264fe476d0/datanode-1/data/ratis/97fc7c7a-5be2-476a-bc62-199f6bcd96bd has been successfully formatted.
2019-09-20 08:50:47,488 [pool-38-thread-1] INFO  ratis.ContainerStateMachine (ContainerStateMachine.java:loadSnapshot(226)) - group-199F6BCD96BD: The snapshot info is null. Setting the last applied indexto:(t:0, i:~)
2019-09-20 08:50:47,488 [pool-38-thread-1] INFO  server.RaftServerConfigKeys (ConfUtils.java:logGet(43)) - raft.server.leader.election.timeout = 120s (custom)
2019-09-20 08:50:47,488 [pool-38-thread-1] INFO  server.RaftServerConfigKeys (ConfUtils.java:logGet(43)) - raft.server.log.use.memory = false (default)
2019-09-20 08:50:47,489 [pool-38-thread-1] INFO  server.RaftServerConfigKeys (ConfUtils.java:logGet(43)) - raft.server.log.purge.gap = 1000000 (custom)
2019-09-20 08:50:47,489 [pool-38-thread-1] INFO  server.RaftServerConfigKeys (ConfUtils.java:logGet(43)) - raft.server.log.appender.buffer.byte-limit = 33554432 (custom)
2019-09-20 08:50:47,489 [pool-38-thread-1] INFO  server.RaftServerConfigKeys (ConfUtils.java:logGet(43)) - raft.server.log.segment.size.max = 1048576 (custom)
2019-09-20 08:50:47,489 [pool-38-thread-1] INFO  server.RaftServerConfigKeys (ConfUtils.java:logGet(43)) - raft.server.log.segment.cache.num.max = 2 (custom)
2019-09-20 08:50:47,489 [pool-38-thread-1] INFO  segmented.SegmentedRaftLogWorker (SegmentedRaftLogWorker.java:<init>(172)) - new 972eec63-801b-4789-a14a-664c049671ee-SegmentedRaftLogWorker:Storage Directory /workdir/hadoop-ozone/tools/target/test-dir/MiniOzoneClusterImpl-1a1f1bd1-ce73-4756-923c-f2264fe476d0/datanode-1/data/ratis/97fc7c7a-5be2-476a-bc62-199f6bcd96bd for RaftStorage:Storage Directory /workdir/hadoop-ozone/tools/target/test-dir/MiniOzoneClusterImpl-1a1f1bd1-ce73-4756-923c-f2264fe476d0/datanode-1/data/ratis/97fc7c7a-5be2-476a-bc62-199f6bcd96bd
2019-09-20 08:50:47,489 [pool-38-thread-1] INFO  server.RaftServerConfigKeys (ConfUtils.java:logGet(43)) - raft.server.log.queue.byte-limit = 2147483647 (custom)
2019-09-20 08:50:47,490 [pool-38-thread-1] INFO  server.RaftServerConfigKeys (ConfUtils.java:logGet(43)) - raft.server.log.queue.element-limit = 1024 (custom)
2019-09-20 08:50:47,490 [pool-38-thread-1] INFO  server.RaftServerConfigKeys (ConfUtils.java:logGet(43)) - raft.server.log.segment.size.max = 1048576 (custom)
2019-09-20 08:50:47,490 [pool-38-thread-1] INFO  server.RaftServerConfigKeys (ConfUtils.java:logGet(43)) - raft.server.log.preallocated.size = 16384 (custom)
2019-09-20 08:50:47,490 [pool-38-thread-1] INFO  server.RaftServerConfigKeys (ConfUtils.java:logGet(43)) - raft.server.log.write.buffer.size = 33554432 (custom)
2019-09-20 08:50:47,490 [pool-38-thread-1] INFO  server.RaftServerConfigKeys (ConfUtils.java:logGet(43)) - raft.server.log.force.sync.num = 128 (default)
2019-09-20 08:50:47,490 [pool-38-thread-1] INFO  server.RaftServerConfigKeys (ConfUtils.java:logGet(43)) - raft.server.log.statemachine.data.sync = true (default)
2019-09-20 08:50:47,491 [pool-38-thread-1] INFO  server.RaftServerConfigKeys (ConfUtils.java:logGet(43)) - raft.server.log.statemachine.data.sync.timeout = 10s (default)
2019-09-20 08:50:47,491 [pool-38-thread-1] INFO  server.RaftServerConfigKeys (ConfUtils.java:logGet(43)) - raft.server.log.statemachine.data.sync.timeout.retry = -1 (default)
2019-09-20 08:50:47,491 [pool-38-thread-1] INFO  server.RaftServerConfigKeys (ConfUtils.java:logGet(43)) - raft.server.log.statemachine.data.caching.enabled = true (custom)
2019-09-20 08:50:47,491 [pool-38-thread-1] INFO  segmented.SegmentedRaftLogWorker (SegmentedRaftLogWorker.java:lambda$new$0(132)) - 972eec63-801b-4789-a14a-664c049671ee-SegmentedRaftLogWorker:Storage Directory /workdir/hadoop-ozone/tools/target/test-dir/MiniOzoneClusterImpl-1a1f1bd1-ce73-4756-923c-f2264fe476d0/datanode-1/data/ratis/97fc7c7a-5be2-476a-bc62-199f6bcd96bd: flushIndex: setUnconditionally 0 -> -1
2019-09-20 08:50:47,492 [pool-38-thread-1] INFO  server.RaftServerConfigKeys (ConfUtils.java:logGet(43)) - raft.server.snapshot.auto.trigger.enabled = true (custom)
2019-09-20 08:50:47,492 [pool-38-thread-1] INFO  server.RaftServerConfigKeys (ConfUtils.java:logGet(43)) - raft.server.snapshot.auto.trigger.threshold = 10000 (custom)
2019-09-20 08:50:47,492 [pool-38-thread-1] INFO  server.RaftServerConfigKeys (ConfUtils.java:logGet(43)) - raft.server.retrycache.expirytime = 600000ms (custom)
2019-09-20 08:50:47,492 [pool-38-thread-1] INFO  impl.RaftServerImpl (RaftServerImpl.java:start(180)) - 972eec63-801b-4789-a14a-664c049671ee: start group-199F6BCD96BD
2019-09-20 08:50:47,492 [pool-38-thread-1] INFO  impl.RaftServerImpl (RaftServerImpl.java:setRole(171)) - 972eec63-801b-4789-a14a-664c049671ee:group-199F6BCD96BD changes role from null to FOLLOWER at term 0 for startAsFollower
2019-09-20 08:50:47,493 [pool-38-thread-1] INFO  impl.RoleInfo (RoleInfo.java:updateAndGet(143)) - 972eec63-801b-4789-a14a-664c049671ee: start FollowerState
2019-09-20 08:50:47,493 [pool-38-thread-1] INFO  util.JmxRegister (JmxRegister.java:tryRegister(44)) - Successfully registered JMX Bean with object name Ratis:service=RaftServer,group=group-199F6BCD96BD,id=972eec63-801b-4789-a14a-664c049671ee
2019-09-20 08:50:47,499 [RatisPipelineUtilsThread] INFO  pipeline.PipelineStateManager (PipelineStateManager.java:addPipeline(56)) - Created pipeline Pipeline[ Id: 97fc7c7a-5be2-476a-bc62-199f6bcd96bd, Nodes: 972eec63-801b-4789-a14a-664c049671ee{ip: 192.168.36.79, host: pr-hdds-1569-s8kj2-2266485376, networkLocation: /default-rack, certSerialId: null}, Type:RATIS, Factor:ONE, State:OPEN]
2019-09-20 08:50:47,501 [RatisPipelineUtilsThread] INFO  pipeline.PipelinePlacementPolicy (PipelinePlacementPolicy.java:meetCriteria(91)) - Pipeline Placement: Doesn't meet the criteria to be viable node： d183acf8-c1d4-40f7-ba5a-175455d3bd55 Heaviness: 6 limit: 5
2019-09-20 08:50:47,501 [RatisPipelineUtilsThread] INFO  pipeline.PipelinePlacementPolicy (PipelinePlacementPolicy.java:meetCriteria(91)) - Pipeline Placement: Doesn't meet the criteria to be viable node： 972eec63-801b-4789-a14a-664c049671ee Heaviness: 6 limit: 5
2019-09-20 08:50:47,501 [RatisPipelineUtilsThread] INFO  pipeline.PipelinePlacementPolicy (PipelinePlacementPolicy.java:meetCriteria(91)) - Pipeline Placement: Doesn't meet the criteria to be viable node： 5e9b3ca5-d58f-427a-bd11-930d28ac57d8 Heaviness: 6 limit: 5
2019-09-20 08:50:47,501 [RatisPipelineUtilsThread] INFO  pipeline.PipelinePlacementPolicy (PipelinePlacementPolicy.java:meetCriteria(91)) - Pipeline Placement: Doesn't meet the criteria to be viable node： 64119811-c299-4353-bef2-4f1f08694db1 Heaviness: 6 limit: 5
 0.00% |█                                                                                                    |  0/100 Time: 0:00:012019-09-20 08:50:47,513 [grpc-default-executor-0] INFO  impl.RaftServerProxy (RaftServerProxy.java:addNew(89)) - 2a6ce4d1-5069-4aeb-8b94-5f253cd23bfc: addNew group-97C0D21E377A:[2a6ce4d1-5069-4aeb-8b94-5f253cd23bfc:192.168.36.79:37829] returns group-97C0D21E377A:java.util.concurrent.CompletableFuture@326f4b69[Not completed]
2019-09-20 08:50:47,516 [pool-71-thread-1] INFO  impl.RaftServerImpl (RaftServerImpl.java:<init>(93)) - 2a6ce4d1-5069-4aeb-8b94-5f253cd23bfc: new RaftServerImpl for group-97C0D21E377A:[2a6ce4d1-5069-4aeb-8b94-5f253cd23bfc:192.168.36.79:37829] with ContainerStateMachine:uninitialized
2019-09-20 08:50:47,516 [pool-71-thread-1] INFO  server.RaftServerConfigKeys (ConfUtils.java:logGet(43)) - raft.server.rpc.timeout.min = 5s (custom)
2019-09-20 08:50:47,516 [pool-71-thread-1] INFO  server.RaftServerConfigKeys (ConfUtils.java:logGet(43)) - raft.server.rpc.timeout.max = 5200ms (custom)
2019-09-20 08:50:47,516 [pool-71-thread-1] INFO  server.RaftServerConfigKeys (ConfUtils.java:logGet(43)) - raft.server.rpcslowness.timeout = 120s (custom)
2019-09-20 08:50:47,516 [pool-71-thread-1] INFO  server.RaftServerConfigKeys (ConfUtils.java:logGet(43)) - raft.server.sleep.deviation.threshold = 300 (default)
2019-09-20 08:50:47,516 [pool-71-thread-1] INFO  server.RaftServerConfigKeys (ConfUtils.java:logGet(43)) - raft.server.log.appender.install.snapshot.enabled = false (custom)
2019-09-20 08:50:47,516 [pool-71-thread-1] INFO  impl.RaftServerImpl (ServerState.java:<init>(105)) - 2a6ce4d1-5069-4aeb-8b94-5f253cd23bfc:group-97C0D21E377A ConfigurationManager, init=-1: [2a6ce4d1-5069-4aeb-8b94-5f253cd23bfc:192.168.36.79:37829], old=null, confs=<EMPTY_MAP>
2019-09-20 08:50:47,517 [pool-71-thread-1] INFO  server.RaftServerConfigKeys (ConfUtils.java:logGet(43)) - raft.server.storage.dir = [/workdir/hadoop-ozone/tools/target/test-dir/MiniOzoneClusterImpl-1a1f1bd1-ce73-4756-923c-f2264fe476d0/datanode-4/data/ratis] (custom)
2019-09-20 08:50:47,517 [pool-71-thread-1] INFO  storage.RaftStorageDirectory (RaftStorageDirectory.java:analyzeStorage(246)) - The storage directory /workdir/hadoop-ozone/tools/target/test-dir/MiniOzoneClusterImpl-1a1f1bd1-ce73-4756-923c-f2264fe476d0/datanode-4/data/ratis/c8a8a1a8-dd6c-4c41-96f2-97c0d21e377a does not exist. Creating ...
2019-09-20 08:50:47,538 [pool-71-thread-1] INFO  storage.RaftStorageDirectory (RaftStorageDirectory.java:tryLock(328)) - Lock on /workdir/hadoop-ozone/tools/target/test-dir/MiniOzoneClusterImpl-1a1f1bd1-ce73-4756-923c-f2264fe476d0/datanode-4/data/ratis/c8a8a1a8-dd6c-4c41-96f2-97c0d21e377a/in_use.lock acquired by nodename 17078@pr-hdds-1569-s8kj2-2266485376
2019-09-20 08:50:47,555 [pool-71-thread-1] INFO  storage.RaftStorage (RaftStorage.java:format(72)) - Storage directory /workdir/hadoop-ozone/tools/target/test-dir/MiniOzoneClusterImpl-1a1f1bd1-ce73-4756-923c-f2264fe476d0/datanode-4/data/ratis/c8a8a1a8-dd6c-4c41-96f2-97c0d21e377a has been successfully formatted.
2019-09-20 08:50:47,555 [pool-71-thread-1] INFO  ratis.ContainerStateMachine (ContainerStateMachine.java:loadSnapshot(226)) - group-97C0D21E377A: The snapshot info is null. Setting the last applied indexto:(t:0, i:~)
2019-09-20 08:50:47,555 [pool-71-thread-1] INFO  server.RaftServerConfigKeys (ConfUtils.java:logGet(43)) - raft.server.leader.election.timeout = 120s (custom)
2019-09-20 08:50:47,555 [pool-71-thread-1] INFO  server.RaftServerConfigKeys (ConfUtils.java:logGet(43)) - raft.server.log.use.memory = false (default)
2019-09-20 08:50:47,556 [pool-71-thread-1] INFO  server.RaftServerConfigKeys (ConfUtils.java:logGet(43)) - raft.server.log.purge.gap = 1000000 (custom)
2019-09-20 08:50:47,556 [pool-71-thread-1] INFO  server.RaftServerConfigKeys (ConfUtils.java:logGet(43)) - raft.server.log.appender.buffer.byte-limit = 33554432 (custom)
2019-09-20 08:50:47,556 [pool-71-thread-1] INFO  server.RaftServerConfigKeys (ConfUtils.java:logGet(43)) - raft.server.log.segment.size.max = 1048576 (custom)
2019-09-20 08:50:47,556 [pool-71-thread-1] INFO  server.RaftServerConfigKeys (ConfUtils.java:logGet(43)) - raft.server.log.segment.cache.num.max = 2 (custom)
2019-09-20 08:50:47,556 [pool-71-thread-1] INFO  segmented.SegmentedRaftLogWorker (SegmentedRaftLogWorker.java:<init>(172)) - new 2a6ce4d1-5069-4aeb-8b94-5f253cd23bfc-SegmentedRaftLogWorker:Storage Directory /workdir/hadoop-ozone/tools/target/test-dir/MiniOzoneClusterImpl-1a1f1bd1-ce73-4756-923c-f2264fe476d0/datanode-4/data/ratis/c8a8a1a8-dd6c-4c41-96f2-97c0d21e377a for RaftStorage:Storage Directory /workdir/hadoop-ozone/tools/target/test-dir/MiniOzoneClusterImpl-1a1f1bd1-ce73-4756-923c-f2264fe476d0/datanode-4/data/ratis/c8a8a1a8-dd6c-4c41-96f2-97c0d21e377a
2019-09-20 08:50:47,556 [pool-71-thread-1] INFO  server.RaftServerConfigKeys (ConfUtils.java:logGet(43)) - raft.server.log.queue.byte-limit = 2147483647 (custom)
2019-09-20 08:50:47,556 [pool-71-thread-1] INFO  server.RaftServerConfigKeys (ConfUtils.java:logGet(43)) - raft.server.log.queue.element-limit = 1024 (custom)
2019-09-20 08:50:47,557 [pool-71-thread-1] INFO  server.RaftServerConfigKeys (ConfUtils.java:logGet(43)) - raft.server.log.segment.size.max = 1048576 (custom)
2019-09-20 08:50:47,557 [pool-71-thread-1] INFO  server.RaftServerConfigKeys (ConfUtils.java:logGet(43)) - raft.server.log.preallocated.size = 16384 (custom)
2019-09-20 08:50:47,557 [pool-71-thread-1] INFO  server.RaftServerConfigKeys (ConfUtils.java:logGet(43)) - raft.server.log.write.buffer.size = 33554432 (custom)
2019-09-20 08:50:47,557 [pool-71-thread-1] INFO  server.RaftServerConfigKeys (ConfUtils.java:logGet(43)) - raft.server.log.force.sync.num = 128 (default)
2019-09-20 08:50:47,557 [pool-71-thread-1] INFO  server.RaftServerConfigKeys (ConfUtils.java:logGet(43)) - raft.server.log.statemachine.data.sync = true (default)
2019-09-20 08:50:47,557 [pool-71-thread-1] INFO  server.RaftServerConfigKeys (ConfUtils.java:logGet(43)) - raft.server.log.statemachine.data.sync.timeout = 10s (default)
2019-09-20 08:50:47,557 [pool-71-thread-1] INFO  server.RaftServerConfigKeys (ConfUtils.java:logGet(43)) - raft.server.log.statemachine.data.sync.timeout.retry = -1 (default)
2019-09-20 08:50:47,558 [pool-71-thread-1] INFO  server.RaftServerConfigKeys (ConfUtils.java:logGet(43)) - raft.server.log.statemachine.data.caching.enabled = true (custom)
2019-09-20 08:50:47,558 [pool-71-thread-1] INFO  segmented.SegmentedRaftLogWorker (SegmentedRaftLogWorker.java:lambda$new$0(132)) - 2a6ce4d1-5069-4aeb-8b94-5f253cd23bfc-SegmentedRaftLogWorker:Storage Directory /workdir/hadoop-ozone/tools/target/test-dir/MiniOzoneClusterImpl-1a1f1bd1-ce73-4756-923c-f2264fe476d0/datanode-4/data/ratis/c8a8a1a8-dd6c-4c41-96f2-97c0d21e377a: flushIndex: setUnconditionally 0 -> -1
2019-09-20 08:50:47,558 [pool-71-thread-1] INFO  server.RaftServerConfigKeys (ConfUtils.java:logGet(43)) - raft.server.snapshot.auto.trigger.enabled = true (custom)
2019-09-20 08:50:47,559 [pool-71-thread-1] INFO  server.RaftServerConfigKeys (ConfUtils.java:logGet(43)) - raft.server.snapshot.auto.trigger.threshold = 10000 (custom)
2019-09-20 08:50:47,559 [pool-71-thread-1] INFO  server.RaftServerConfigKeys (ConfUtils.java:logGet(43)) - raft.server.retrycache.expirytime = 600000ms (custom)
2019-09-20 08:50:47,559 [pool-71-thread-1] INFO  impl.RaftServerImpl (RaftServerImpl.java:start(180)) - 2a6ce4d1-5069-4aeb-8b94-5f253cd23bfc: start group-97C0D21E377A
2019-09-20 08:50:47,559 [pool-71-thread-1] INFO  impl.RaftServerImpl (RaftServerImpl.java:setRole(171)) - 2a6ce4d1-5069-4aeb-8b94-5f253cd23bfc:group-97C0D21E377A changes role from null to FOLLOWER at term 0 for startAsFollower
2019-09-20 08:50:47,559 [pool-71-thread-1] INFO  impl.RoleInfo (RoleInfo.java:updateAndGet(143)) - 2a6ce4d1-5069-4aeb-8b94-5f253cd23bfc: start FollowerState
2019-09-20 08:50:47,560 [pool-71-thread-1] INFO  util.JmxRegister (JmxRegister.java:tryRegister(44)) - Successfully registered JMX Bean with object name Ratis:service=RaftServer,group=group-97C0D21E377A,id=2a6ce4d1-5069-4aeb-8b94-5f253cd23bfc
2019-09-20 08:50:47,565 [RatisPipelineUtilsThread] INFO  pipeline.PipelineStateManager (PipelineStateManager.java:addPipeline(56)) - Created pipeline Pipeline[ Id: c8a8a1a8-dd6c-4c41-96f2-97c0d21e377a, Nodes: 2a6ce4d1-5069-4aeb-8b94-5f253cd23bfc{ip: 192.168.36.79, host: pr-hdds-1569-s8kj2-2266485376, networkLocation: /default-rack, certSerialId: null}, Type:RATIS, Factor:ONE, State:OPEN]
2019-09-20 08:50:47,566 [RatisPipelineUtilsThread] INFO  pipeline.PipelinePlacementPolicy (PipelinePlacementPolicy.java:meetCriteria(91)) - Pipeline Placement: Doesn't meet the criteria to be viable node： d183acf8-c1d4-40f7-ba5a-175455d3bd55 Heaviness: 6 limit: 5
2019-09-20 08:50:47,566 [RatisPipelineUtilsThread] INFO  pipeline.PipelinePlacementPolicy (PipelinePlacementPolicy.java:meetCriteria(91)) - Pipeline Placement: Doesn't meet the criteria to be viable node： 972eec63-801b-4789-a14a-664c049671ee Heaviness: 6 limit: 5
2019-09-20 08:50:47,566 [RatisPipelineUtilsThread] INFO  pipeline.PipelinePlacementPolicy (PipelinePlacementPolicy.java:meetCriteria(91)) - Pipeline Placement: Doesn't meet the criteria to be viable node： 5e9b3ca5-d58f-427a-bd11-930d28ac57d8 Heaviness: 6 limit: 5
2019-09-20 08:50:47,567 [RatisPipelineUtilsThread] INFO  pipeline.PipelinePlacementPolicy (PipelinePlacementPolicy.java:meetCriteria(91)) - Pipeline Placement: Doesn't meet the criteria to be viable node： 64119811-c299-4353-bef2-4f1f08694db1 Heaviness: 6 limit: 5
2019-09-20 08:50:47,576 [grpc-default-executor-0] INFO  impl.RaftServerProxy (RaftServerProxy.java:addNew(89)) - 2a6ce4d1-5069-4aeb-8b94-5f253cd23bfc: addNew group-B67134E9A47E:[2a6ce4d1-5069-4aeb-8b94-5f253cd23bfc:192.168.36.79:37829] returns group-B67134E9A47E:java.util.concurrent.CompletableFuture@5df2b011[Not completed]
2019-09-20 08:50:47,577 [pool-71-thread-1] INFO  impl.RaftServerImpl (RaftServerImpl.java:<init>(93)) - 2a6ce4d1-5069-4aeb-8b94-5f253cd23bfc: new RaftServerImpl for group-B67134E9A47E:[2a6ce4d1-5069-4aeb-8b94-5f253cd23bfc:192.168.36.79:37829] with ContainerStateMachine:uninitialized
2019-09-20 08:50:47,578 [pool-71-thread-1] INFO  server.RaftServerConfigKeys (ConfUtils.java:logGet(43)) - raft.server.rpc.timeout.min = 5s (custom)
2019-09-20 08:50:47,578 [pool-71-thread-1] INFO  server.RaftServerConfigKeys (ConfUtils.java:logGet(43)) - raft.server.rpc.timeout.max = 5200ms (custom)
2019-09-20 08:50:47,578 [pool-71-thread-1] INFO  server.RaftServerConfigKeys (ConfUtils.java:logGet(43)) - raft.server.rpcslowness.timeout = 120s (custom)
2019-09-20 08:50:47,578 [pool-71-thread-1] INFO  server.RaftServerConfigKeys (ConfUtils.java:logGet(43)) - raft.server.sleep.deviation.threshold = 300 (default)
2019-09-20 08:50:47,578 [pool-71-thread-1] INFO  server.RaftServerConfigKeys (ConfUtils.java:logGet(43)) - raft.server.log.appender.install.snapshot.enabled = false (custom)
2019-09-20 08:50:47,578 [pool-71-thread-1] INFO  impl.RaftServerImpl (ServerState.java:<init>(105)) - 2a6ce4d1-5069-4aeb-8b94-5f253cd23bfc:group-B67134E9A47E ConfigurationManager, init=-1: [2a6ce4d1-5069-4aeb-8b94-5f253cd23bfc:192.168.36.79:37829], old=null, confs=<EMPTY_MAP>
2019-09-20 08:50:47,578 [pool-71-thread-1] INFO  server.RaftServerConfigKeys (ConfUtils.java:logGet(43)) - raft.server.storage.dir = [/workdir/hadoop-ozone/tools/target/test-dir/MiniOzoneClusterImpl-1a1f1bd1-ce73-4756-923c-f2264fe476d0/datanode-4/data/ratis] (custom)
2019-09-20 08:50:47,579 [pool-71-thread-1] INFO  storage.RaftStorageDirectory (RaftStorageDirectory.java:analyzeStorage(246)) - The storage directory /workdir/hadoop-ozone/tools/target/test-dir/MiniOzoneClusterImpl-1a1f1bd1-ce73-4756-923c-f2264fe476d0/datanode-4/data/ratis/71d29d37-5b2b-4b69-a77b-b67134e9a47e does not exist. Creating ...
2019-09-20 08:50:47,597 [pool-71-thread-1] INFO  storage.RaftStorageDirectory (RaftStorageDirectory.java:tryLock(328)) - Lock on /workdir/hadoop-ozone/tools/target/test-dir/MiniOzoneClusterImpl-1a1f1bd1-ce73-4756-923c-f2264fe476d0/datanode-4/data/ratis/71d29d37-5b2b-4b69-a77b-b67134e9a47e/in_use.lock acquired by nodename 17078@pr-hdds-1569-s8kj2-2266485376
2019-09-20 08:50:47,614 [pool-71-thread-1] INFO  storage.RaftStorage (RaftStorage.java:format(72)) - Storage directory /workdir/hadoop-ozone/tools/target/test-dir/MiniOzoneClusterImpl-1a1f1bd1-ce73-4756-923c-f2264fe476d0/datanode-4/data/ratis/71d29d37-5b2b-4b69-a77b-b67134e9a47e has been successfully formatted.
2019-09-20 08:50:47,615 [pool-71-thread-1] INFO  ratis.ContainerStateMachine (ContainerStateMachine.java:loadSnapshot(226)) - group-B67134E9A47E: The snapshot info is null. Setting the last applied indexto:(t:0, i:~)
2019-09-20 08:50:47,615 [pool-71-thread-1] INFO  server.RaftServerConfigKeys (ConfUtils.java:logGet(43)) - raft.server.leader.election.timeout = 120s (custom)
2019-09-20 08:50:47,615 [pool-71-thread-1] INFO  server.RaftServerConfigKeys (ConfUtils.java:logGet(43)) - raft.server.log.use.memory = false (default)
2019-09-20 08:50:47,616 [pool-71-thread-1] INFO  server.RaftServerConfigKeys (ConfUtils.java:logGet(43)) - raft.server.log.purge.gap = 1000000 (custom)
2019-09-20 08:50:47,616 [pool-71-thread-1] INFO  server.RaftServerConfigKeys (ConfUtils.java:logGet(43)) - raft.server.log.appender.buffer.byte-limit = 33554432 (custom)
2019-09-20 08:50:47,616 [pool-71-thread-1] INFO  server.RaftServerConfigKeys (ConfUtils.java:logGet(43)) - raft.server.log.segment.size.max = 1048576 (custom)
2019-09-20 08:50:47,616 [pool-71-thread-1] INFO  server.RaftServerConfigKeys (ConfUtils.java:logGet(43)) - raft.server.log.segment.cache.num.max = 2 (custom)
2019-09-20 08:50:47,616 [pool-71-thread-1] INFO  segmented.SegmentedRaftLogWorker (SegmentedRaftLogWorker.java:<init>(172)) - new 2a6ce4d1-5069-4aeb-8b94-5f253cd23bfc-SegmentedRaftLogWorker:Storage Directory /workdir/hadoop-ozone/tools/target/test-dir/MiniOzoneClusterImpl-1a1f1bd1-ce73-4756-923c-f2264fe476d0/datanode-4/data/ratis/71d29d37-5b2b-4b69-a77b-b67134e9a47e for RaftStorage:Storage Directory /workdir/hadoop-ozone/tools/target/test-dir/MiniOzoneClusterImpl-1a1f1bd1-ce73-4756-923c-f2264fe476d0/datanode-4/data/ratis/71d29d37-5b2b-4b69-a77b-b67134e9a47e
2019-09-20 08:50:47,616 [pool-71-thread-1] INFO  server.RaftServerConfigKeys (ConfUtils.java:logGet(43)) - raft.server.log.queue.byte-limit = 2147483647 (custom)
2019-09-20 08:50:47,617 [pool-71-thread-1] INFO  server.RaftServerConfigKeys (ConfUtils.java:logGet(43)) - raft.server.log.queue.element-limit = 1024 (custom)
2019-09-20 08:50:47,617 [pool-71-thread-1] INFO  server.RaftServerConfigKeys (ConfUtils.java:logGet(43)) - raft.server.log.segment.size.max = 1048576 (custom)
2019-09-20 08:50:47,617 [pool-71-thread-1] INFO  server.RaftServerConfigKeys (ConfUtils.java:logGet(43)) - raft.server.log.preallocated.size = 16384 (custom)
2019-09-20 08:50:47,617 [pool-71-thread-1] INFO  server.RaftServerConfigKeys (ConfUtils.java:logGet(43)) - raft.server.log.write.buffer.size = 33554432 (custom)
2019-09-20 08:50:47,617 [pool-71-thread-1] INFO  server.RaftServerConfigKeys (ConfUtils.java:logGet(43)) - raft.server.log.force.sync.num = 128 (default)
2019-09-20 08:50:47,618 [pool-71-thread-1] INFO  server.RaftServerConfigKeys (ConfUtils.java:logGet(43)) - raft.server.log.statemachine.data.sync = true (default)
2019-09-20 08:50:47,618 [pool-71-thread-1] INFO  server.RaftServerConfigKeys (ConfUtils.java:logGet(43)) - raft.server.log.statemachine.data.sync.timeout = 10s (default)
2019-09-20 08:50:47,618 [pool-71-thread-1] INFO  server.RaftServerConfigKeys (ConfUtils.java:logGet(43)) - raft.server.log.statemachine.data.sync.timeout.retry = -1 (default)
2019-09-20 08:50:47,618 [pool-71-thread-1] INFO  server.RaftServerConfigKeys (ConfUtils.java:logGet(43)) - raft.server.log.statemachine.data.caching.enabled = true (custom)
2019-09-20 08:50:47,619 [pool-71-thread-1] INFO  segmented.SegmentedRaftLogWorker (SegmentedRaftLogWorker.java:lambda$new$0(132)) - 2a6ce4d1-5069-4aeb-8b94-5f253cd23bfc-SegmentedRaftLogWorker:Storage Directory /workdir/hadoop-ozone/tools/target/test-dir/MiniOzoneClusterImpl-1a1f1bd1-ce73-4756-923c-f2264fe476d0/datanode-4/data/ratis/71d29d37-5b2b-4b69-a77b-b67134e9a47e: flushIndex: setUnconditionally 0 -> -1
2019-09-20 08:50:47,619 [pool-71-thread-1] INFO  server.RaftServerConfigKeys (ConfUtils.java:logGet(43)) - raft.server.snapshot.auto.trigger.enabled = true (custom)
2019-09-20 08:50:47,619 [pool-71-thread-1] INFO  server.RaftServerConfigKeys (ConfUtils.java:logGet(43)) - raft.server.snapshot.auto.trigger.threshold = 10000 (custom)
2019-09-20 08:50:47,620 [pool-71-thread-1] INFO  server.RaftServerConfigKeys (ConfUtils.java:logGet(43)) - raft.server.retrycache.expirytime = 600000ms (custom)
2019-09-20 08:50:47,620 [pool-71-thread-1] INFO  impl.RaftServerImpl (RaftServerImpl.java:start(180)) - 2a6ce4d1-5069-4aeb-8b94-5f253cd23bfc: start group-B67134E9A47E
2019-09-20 08:50:47,620 [pool-71-thread-1] INFO  impl.RaftServerImpl (RaftServerImpl.java:setRole(171)) - 2a6ce4d1-5069-4aeb-8b94-5f253cd23bfc:group-B67134E9A47E changes role from null to FOLLOWER at term 0 for startAsFollower
2019-09-20 08:50:47,620 [pool-71-thread-1] INFO  impl.RoleInfo (RoleInfo.java:updateAndGet(143)) - 2a6ce4d1-5069-4aeb-8b94-5f253cd23bfc: start FollowerState
2019-09-20 08:50:47,621 [pool-71-thread-1] INFO  util.JmxRegister (JmxRegister.java:tryRegister(44)) - Successfully registered JMX Bean with object name Ratis:service=RaftServer,group=group-B67134E9A47E,id=2a6ce4d1-5069-4aeb-8b94-5f253cd23bfc
2019-09-20 08:50:47,628 [RatisPipelineUtilsThread] INFO  pipeline.PipelineStateManager (PipelineStateManager.java:addPipeline(56)) - Created pipeline Pipeline[ Id: 71d29d37-5b2b-4b69-a77b-b67134e9a47e, Nodes: 2a6ce4d1-5069-4aeb-8b94-5f253cd23bfc{ip: 192.168.36.79, host: pr-hdds-1569-s8kj2-2266485376, networkLocation: /default-rack, certSerialId: null}, Type:RATIS, Factor:ONE, State:OPEN]
2019-09-20 08:50:47,630 [RatisPipelineUtilsThread] INFO  pipeline.PipelinePlacementPolicy (PipelinePlacementPolicy.java:meetCriteria(91)) - Pipeline Placement: Doesn't meet the criteria to be viable node： d183acf8-c1d4-40f7-ba5a-175455d3bd55 Heaviness: 6 limit: 5
2019-09-20 08:50:47,630 [RatisPipelineUtilsThread] INFO  pipeline.PipelinePlacementPolicy (PipelinePlacementPolicy.java:meetCriteria(91)) - Pipeline Placement: Doesn't meet the criteria to be viable node： 972eec63-801b-4789-a14a-664c049671ee Heaviness: 6 limit: 5
2019-09-20 08:50:47,630 [RatisPipelineUtilsThread] INFO  pipeline.PipelinePlacementPolicy (PipelinePlacementPolicy.java:meetCriteria(91)) - Pipeline Placement: Doesn't meet the criteria to be viable node： 5e9b3ca5-d58f-427a-bd11-930d28ac57d8 Heaviness: 6 limit: 5
2019-09-20 08:50:47,630 [RatisPipelineUtilsThread] INFO  pipeline.PipelinePlacementPolicy (PipelinePlacementPolicy.java:meetCriteria(91)) - Pipeline Placement: Doesn't meet the criteria to be viable node： 64119811-c299-4353-bef2-4f1f08694db1 Heaviness: 6 limit: 5
2019-09-20 08:50:47,642 [grpc-default-executor-0] INFO  impl.RaftServerProxy (RaftServerProxy.java:addNew(89)) - 2a6ce4d1-5069-4aeb-8b94-5f253cd23bfc: addNew group-6E0DEC88299E:[2a6ce4d1-5069-4aeb-8b94-5f253cd23bfc:192.168.36.79:37829] returns group-6E0DEC88299E:java.util.concurrent.CompletableFuture@7efff3e[Not completed]
2019-09-20 08:50:47,643 [pool-71-thread-1] INFO  impl.RaftServerImpl (RaftServerImpl.java:<init>(93)) - 2a6ce4d1-5069-4aeb-8b94-5f253cd23bfc: new RaftServerImpl for group-6E0DEC88299E:[2a6ce4d1-5069-4aeb-8b94-5f253cd23bfc:192.168.36.79:37829] with ContainerStateMachine:uninitialized
2019-09-20 08:50:47,643 [pool-71-thread-1] INFO  server.RaftServerConfigKeys (ConfUtils.java:logGet(43)) - raft.server.rpc.timeout.min = 5s (custom)
2019-09-20 08:50:47,644 [pool-71-thread-1] INFO  server.RaftServerConfigKeys (ConfUtils.java:logGet(43)) - raft.server.rpc.timeout.max = 5200ms (custom)
2019-09-20 08:50:47,644 [pool-71-thread-1] INFO  server.RaftServerConfigKeys (ConfUtils.java:logGet(43)) - raft.server.rpcslowness.timeout = 120s (custom)
2019-09-20 08:50:47,644 [pool-71-thread-1] INFO  server.RaftServerConfigKeys (ConfUtils.java:logGet(43)) - raft.server.sleep.deviation.threshold = 300 (default)
2019-09-20 08:50:47,644 [pool-71-thread-1] INFO  server.RaftServerConfigKeys (ConfUtils.java:logGet(43)) - raft.server.log.appender.install.snapshot.enabled = false (custom)
2019-09-20 08:50:47,644 [pool-71-thread-1] INFO  impl.RaftServerImpl (ServerState.java:<init>(105)) - 2a6ce4d1-5069-4aeb-8b94-5f253cd23bfc:group-6E0DEC88299E ConfigurationManager, init=-1: [2a6ce4d1-5069-4aeb-8b94-5f253cd23bfc:192.168.36.79:37829], old=null, confs=<EMPTY_MAP>
2019-09-20 08:50:47,644 [pool-71-thread-1] INFO  server.RaftServerConfigKeys (ConfUtils.java:logGet(43)) - raft.server.storage.dir = [/workdir/hadoop-ozone/tools/target/test-dir/MiniOzoneClusterImpl-1a1f1bd1-ce73-4756-923c-f2264fe476d0/datanode-4/data/ratis] (custom)
2019-09-20 08:50:47,645 [pool-71-thread-1] INFO  storage.RaftStorageDirectory (RaftStorageDirectory.java:analyzeStorage(246)) - The storage directory /workdir/hadoop-ozone/tools/target/test-dir/MiniOzoneClusterImpl-1a1f1bd1-ce73-4756-923c-f2264fe476d0/datanode-4/data/ratis/dc96d798-e9e2-41b4-aa20-6e0dec88299e does not exist. Creating ...
2019-09-20 08:50:47,698 [pool-71-thread-1] INFO  storage.RaftStorageDirectory (RaftStorageDirectory.java:tryLock(328)) - Lock on /workdir/hadoop-ozone/tools/target/test-dir/MiniOzoneClusterImpl-1a1f1bd1-ce73-4756-923c-f2264fe476d0/datanode-4/data/ratis/dc96d798-e9e2-41b4-aa20-6e0dec88299e/in_use.lock acquired by nodename 17078@pr-hdds-1569-s8kj2-2266485376
2019-09-20 08:50:47,765 [pool-71-thread-1] INFO  storage.RaftStorage (RaftStorage.java:format(72)) - Storage directory /workdir/hadoop-ozone/tools/target/test-dir/MiniOzoneClusterImpl-1a1f1bd1-ce73-4756-923c-f2264fe476d0/datanode-4/data/ratis/dc96d798-e9e2-41b4-aa20-6e0dec88299e has been successfully formatted.
2019-09-20 08:50:47,766 [pool-71-thread-1] INFO  ratis.ContainerStateMachine (ContainerStateMachine.java:loadSnapshot(226)) - group-6E0DEC88299E: The snapshot info is null. Setting the last applied indexto:(t:0, i:~)
2019-09-20 08:50:47,766 [pool-71-thread-1] INFO  server.RaftServerConfigKeys (ConfUtils.java:logGet(43)) - raft.server.leader.election.timeout = 120s (custom)
2019-09-20 08:50:47,766 [pool-71-thread-1] INFO  server.RaftServerConfigKeys (ConfUtils.java:logGet(43)) - raft.server.log.use.memory = false (default)
2019-09-20 08:50:47,766 [pool-71-thread-1] INFO  server.RaftServerConfigKeys (ConfUtils.java:logGet(43)) - raft.server.log.purge.gap = 1000000 (custom)
2019-09-20 08:50:47,767 [pool-71-thread-1] INFO  server.RaftServerConfigKeys (ConfUtils.java:logGet(43)) - raft.server.log.appender.buffer.byte-limit = 33554432 (custom)
2019-09-20 08:50:47,767 [pool-71-thread-1] INFO  server.RaftServerConfigKeys (ConfUtils.java:logGet(43)) - raft.server.log.segment.size.max = 1048576 (custom)
2019-09-20 08:50:47,767 [pool-71-thread-1] INFO  server.RaftServerConfigKeys (ConfUtils.java:logGet(43)) - raft.server.log.segment.cache.num.max = 2 (custom)
2019-09-20 08:50:47,767 [pool-71-thread-1] INFO  segmented.SegmentedRaftLogWorker (SegmentedRaftLogWorker.java:<init>(172)) - new 2a6ce4d1-5069-4aeb-8b94-5f253cd23bfc-SegmentedRaftLogWorker:Storage Directory /workdir/hadoop-ozone/tools/target/test-dir/MiniOzoneClusterImpl-1a1f1bd1-ce73-4756-923c-f2264fe476d0/datanode-4/data/ratis/dc96d798-e9e2-41b4-aa20-6e0dec88299e for RaftStorage:Storage Directory /workdir/hadoop-ozone/tools/target/test-dir/MiniOzoneClusterImpl-1a1f1bd1-ce73-4756-923c-f2264fe476d0/datanode-4/data/ratis/dc96d798-e9e2-41b4-aa20-6e0dec88299e
2019-09-20 08:50:47,767 [pool-71-thread-1] INFO  server.RaftServerConfigKeys (ConfUtils.java:logGet(43)) - raft.server.log.queue.byte-limit = 2147483647 (custom)
2019-09-20 08:50:47,768 [pool-71-thread-1] INFO  server.RaftServerConfigKeys (ConfUtils.java:logGet(43)) - raft.server.log.queue.element-limit = 1024 (custom)
2019-09-20 08:50:47,768 [pool-71-thread-1] INFO  server.RaftServerConfigKeys (ConfUtils.java:logGet(43)) - raft.server.log.segment.size.max = 1048576 (custom)
2019-09-20 08:50:47,768 [pool-71-thread-1] INFO  server.RaftServerConfigKeys (ConfUtils.java:logGet(43)) - raft.server.log.preallocated.size = 16384 (custom)
2019-09-20 08:50:47,768 [pool-71-thread-1] INFO  server.RaftServerConfigKeys (ConfUtils.java:logGet(43)) - raft.server.log.write.buffer.size = 33554432 (custom)
2019-09-20 08:50:47,769 [pool-71-thread-1] INFO  server.RaftServerConfigKeys (ConfUtils.java:logGet(43)) - raft.server.log.force.sync.num = 128 (default)
2019-09-20 08:50:47,769 [pool-71-thread-1] INFO  server.RaftServerConfigKeys (ConfUtils.java:logGet(43)) - raft.server.log.statemachine.data.sync = true (default)
2019-09-20 08:50:47,769 [pool-71-thread-1] INFO  server.RaftServerConfigKeys (ConfUtils.java:logGet(43)) - raft.server.log.statemachine.data.sync.timeout = 10s (default)
2019-09-20 08:50:47,769 [pool-71-thread-1] INFO  server.RaftServerConfigKeys (ConfUtils.java:logGet(43)) - raft.server.log.statemachine.data.sync.timeout.retry = -1 (default)
2019-09-20 08:50:47,770 [pool-71-thread-1] INFO  server.RaftServerConfigKeys (ConfUtils.java:logGet(43)) - raft.server.log.statemachine.data.caching.enabled = true (custom)
2019-09-20 08:50:47,770 [pool-71-thread-1] INFO  segmented.SegmentedRaftLogWorker (SegmentedRaftLogWorker.java:lambda$new$0(132)) - 2a6ce4d1-5069-4aeb-8b94-5f253cd23bfc-SegmentedRaftLogWorker:Storage Directory /workdir/hadoop-ozone/tools/target/test-dir/MiniOzoneClusterImpl-1a1f1bd1-ce73-4756-923c-f2264fe476d0/datanode-4/data/ratis/dc96d798-e9e2-41b4-aa20-6e0dec88299e: flushIndex: setUnconditionally 0 -> -1
2019-09-20 08:50:47,770 [pool-71-thread-1] INFO  server.RaftServerConfigKeys (ConfUtils.java:logGet(43)) - raft.server.snapshot.auto.trigger.enabled = true (custom)
2019-09-20 08:50:47,771 [pool-71-thread-1] INFO  server.RaftServerConfigKeys (ConfUtils.java:logGet(43)) - raft.server.snapshot.auto.trigger.threshold = 10000 (custom)
2019-09-20 08:50:47,771 [pool-71-thread-1] INFO  server.RaftServerConfigKeys (ConfUtils.java:logGet(43)) - raft.server.retrycache.expirytime = 600000ms (custom)
2019-09-20 08:50:47,771 [pool-71-thread-1] INFO  impl.RaftServerImpl (RaftServerImpl.java:start(180)) - 2a6ce4d1-5069-4aeb-8b94-5f253cd23bfc: start group-6E0DEC88299E
2019-09-20 08:50:47,771 [pool-71-thread-1] INFO  impl.RaftServerImpl (RaftServerImpl.java:setRole(171)) - 2a6ce4d1-5069-4aeb-8b94-5f253cd23bfc:group-6E0DEC88299E changes role from null to FOLLOWER at term 0 for startAsFollower
2019-09-20 08:50:47,772 [pool-71-thread-1] INFO  impl.RoleInfo (RoleInfo.java:updateAndGet(143)) - 2a6ce4d1-5069-4aeb-8b94-5f253cd23bfc: start FollowerState
2019-09-20 08:50:47,772 [pool-71-thread-1] INFO  util.JmxRegister (JmxRegister.java:tryRegister(44)) - Successfully registered JMX Bean with object name Ratis:service=RaftServer,group=group-6E0DEC88299E,id=2a6ce4d1-5069-4aeb-8b94-5f253cd23bfc
2019-09-20 08:50:47,780 [RatisPipelineUtilsThread] INFO  pipeline.PipelineStateManager (PipelineStateManager.java:addPipeline(56)) - Created pipeline Pipeline[ Id: dc96d798-e9e2-41b4-aa20-6e0dec88299e, Nodes: 2a6ce4d1-5069-4aeb-8b94-5f253cd23bfc{ip: 192.168.36.79, host: pr-hdds-1569-s8kj2-2266485376, networkLocation: /default-rack, certSerialId: null}, Type:RATIS, Factor:ONE, State:OPEN]
2019-09-20 08:50:47,782 [RatisPipelineUtilsThread] INFO  pipeline.PipelinePlacementPolicy (PipelinePlacementPolicy.java:meetCriteria(91)) - Pipeline Placement: Doesn't meet the criteria to be viable node： d183acf8-c1d4-40f7-ba5a-175455d3bd55 Heaviness: 6 limit: 5
2019-09-20 08:50:47,782 [RatisPipelineUtilsThread] INFO  pipeline.PipelinePlacementPolicy (PipelinePlacementPolicy.java:meetCriteria(91)) - Pipeline Placement: Doesn't meet the criteria to be viable node： 972eec63-801b-4789-a14a-664c049671ee Heaviness: 6 limit: 5
2019-09-20 08:50:47,782 [RatisPipelineUtilsThread] INFO  pipeline.PipelinePlacementPolicy (PipelinePlacementPolicy.java:meetCriteria(91)) - Pipeline Placement: Doesn't meet the criteria to be viable node： 5e9b3ca5-d58f-427a-bd11-930d28ac57d8 Heaviness: 6 limit: 5
2019-09-20 08:50:47,782 [RatisPipelineUtilsThread] INFO  pipeline.PipelinePlacementPolicy (PipelinePlacementPolicy.java:meetCriteria(91)) - Pipeline Placement: Doesn't meet the criteria to be viable node： 64119811-c299-4353-bef2-4f1f08694db1 Heaviness: 6 limit: 5
2019-09-20 08:50:47,793 [grpc-default-executor-0] INFO  impl.RaftServerProxy (RaftServerProxy.java:addNew(89)) - 2a6ce4d1-5069-4aeb-8b94-5f253cd23bfc: addNew group-7AF079781DA2:[2a6ce4d1-5069-4aeb-8b94-5f253cd23bfc:192.168.36.79:37829] returns group-7AF079781DA2:java.util.concurrent.CompletableFuture@1261b73f[Not completed]
2019-09-20 08:50:47,794 [pool-71-thread-1] INFO  impl.RaftServerImpl (RaftServerImpl.java:<init>(93)) - 2a6ce4d1-5069-4aeb-8b94-5f253cd23bfc: new RaftServerImpl for group-7AF079781DA2:[2a6ce4d1-5069-4aeb-8b94-5f253cd23bfc:192.168.36.79:37829] with ContainerStateMachine:uninitialized
2019-09-20 08:50:47,794 [pool-71-thread-1] INFO  server.RaftServerConfigKeys (ConfUtils.java:logGet(43)) - raft.server.rpc.timeout.min = 5s (custom)
2019-09-20 08:50:47,794 [pool-71-thread-1] INFO  server.RaftServerConfigKeys (ConfUtils.java:logGet(43)) - raft.server.rpc.timeout.max = 5200ms (custom)
2019-09-20 08:50:47,794 [pool-71-thread-1] INFO  server.RaftServerConfigKeys (ConfUtils.java:logGet(43)) - raft.server.rpcslowness.timeout = 120s (custom)
2019-09-20 08:50:47,794 [pool-71-thread-1] INFO  server.RaftServerConfigKeys (ConfUtils.java:logGet(43)) - raft.server.sleep.deviation.threshold = 300 (default)
2019-09-20 08:50:47,795 [pool-71-thread-1] INFO  server.RaftServerConfigKeys (ConfUtils.java:logGet(43)) - raft.server.log.appender.install.snapshot.enabled = false (custom)
2019-09-20 08:50:47,795 [pool-71-thread-1] INFO  impl.RaftServerImpl (ServerState.java:<init>(105)) - 2a6ce4d1-5069-4aeb-8b94-5f253cd23bfc:group-7AF079781DA2 ConfigurationManager, init=-1: [2a6ce4d1-5069-4aeb-8b94-5f253cd23bfc:192.168.36.79:37829], old=null, confs=<EMPTY_MAP>
2019-09-20 08:50:47,795 [pool-71-thread-1] INFO  server.RaftServerConfigKeys (ConfUtils.java:logGet(43)) - raft.server.storage.dir = [/workdir/hadoop-ozone/tools/target/test-dir/MiniOzoneClusterImpl-1a1f1bd1-ce73-4756-923c-f2264fe476d0/datanode-4/data/ratis] (custom)
2019-09-20 08:50:47,795 [pool-71-thread-1] INFO  storage.RaftStorageDirectory (RaftStorageDirectory.java:analyzeStorage(246)) - The storage directory /workdir/hadoop-ozone/tools/target/test-dir/MiniOzoneClusterImpl-1a1f1bd1-ce73-4756-923c-f2264fe476d0/datanode-4/data/ratis/c84e6613-dc38-4b10-83f1-7af079781da2 does not exist. Creating ...
2019-09-20 08:50:47,832 [pool-71-thread-1] INFO  storage.RaftStorageDirectory (RaftStorageDirectory.java:tryLock(328)) - Lock on /workdir/hadoop-ozone/tools/target/test-dir/MiniOzoneClusterImpl-1a1f1bd1-ce73-4756-923c-f2264fe476d0/datanode-4/data/ratis/c84e6613-dc38-4b10-83f1-7af079781da2/in_use.lock acquired by nodename 17078@pr-hdds-1569-s8kj2-2266485376
2019-09-20 08:50:47,851 | INFO  | SCMAudit | user=jenkins1000 | ip=192.168.36.79 | op=SEND_HEARTBEAT {datanodeUUID=5e9b3ca5-d58f-427a-bd11-930d28ac57d8, command=[]} | ret=SUCCESS |  
2019-09-20 08:50:47,851 | INFO  | SCMAudit | user=jenkins1000 | ip=192.168.36.79 | op=SEND_HEARTBEAT {datanodeUUID=d183acf8-c1d4-40f7-ba5a-175455d3bd55, command=[]} | ret=SUCCESS |  
2019-09-20 08:50:47,857 [pool-71-thread-1] INFO  storage.RaftStorage (RaftStorage.java:format(72)) - Storage directory /workdir/hadoop-ozone/tools/target/test-dir/MiniOzoneClusterImpl-1a1f1bd1-ce73-4756-923c-f2264fe476d0/datanode-4/data/ratis/c84e6613-dc38-4b10-83f1-7af079781da2 has been successfully formatted.
2019-09-20 08:50:47,858 [pool-71-thread-1] INFO  ratis.ContainerStateMachine (ContainerStateMachine.java:loadSnapshot(226)) - group-7AF079781DA2: The snapshot info is null. Setting the last applied indexto:(t:0, i:~)
2019-09-20 08:50:47,858 [pool-71-thread-1] INFO  server.RaftServerConfigKeys (ConfUtils.java:logGet(43)) - raft.server.leader.election.timeout = 120s (custom)
2019-09-20 08:50:47,858 [pool-71-thread-1] INFO  server.RaftServerConfigKeys (ConfUtils.java:logGet(43)) - raft.server.log.use.memory = false (default)
2019-09-20 08:50:47,858 [pool-71-thread-1] INFO  server.RaftServerConfigKeys (ConfUtils.java:logGet(43)) - raft.server.log.purge.gap = 1000000 (custom)
2019-09-20 08:50:47,858 [pool-71-thread-1] INFO  server.RaftServerConfigKeys (ConfUtils.java:logGet(43)) - raft.server.log.appender.buffer.byte-limit = 33554432 (custom)
2019-09-20 08:50:47,858 [pool-71-thread-1] INFO  server.RaftServerConfigKeys (ConfUtils.java:logGet(43)) - raft.server.log.segment.size.max = 1048576 (custom)
2019-09-20 08:50:47,858 [pool-71-thread-1] INFO  server.RaftServerConfigKeys (ConfUtils.java:logGet(43)) - raft.server.log.segment.cache.num.max = 2 (custom)
2019-09-20 08:50:47,859 [pool-71-thread-1] INFO  segmented.SegmentedRaftLogWorker (SegmentedRaftLogWorker.java:<init>(172)) - new 2a6ce4d1-5069-4aeb-8b94-5f253cd23bfc-SegmentedRaftLogWorker:Storage Directory /workdir/hadoop-ozone/tools/target/test-dir/MiniOzoneClusterImpl-1a1f1bd1-ce73-4756-923c-f2264fe476d0/datanode-4/data/ratis/c84e6613-dc38-4b10-83f1-7af079781da2 for RaftStorage:Storage Directory /workdir/hadoop-ozone/tools/target/test-dir/MiniOzoneClusterImpl-1a1f1bd1-ce73-4756-923c-f2264fe476d0/datanode-4/data/ratis/c84e6613-dc38-4b10-83f1-7af079781da2
2019-09-20 08:50:47,859 [pool-71-thread-1] INFO  server.RaftServerConfigKeys (ConfUtils.java:logGet(43)) - raft.server.log.queue.byte-limit = 2147483647 (custom)
2019-09-20 08:50:47,859 [pool-71-thread-1] INFO  server.RaftServerConfigKeys (ConfUtils.java:logGet(43)) - raft.server.log.queue.element-limit = 1024 (custom)
2019-09-20 08:50:47,859 [pool-71-thread-1] INFO  server.RaftServerConfigKeys (ConfUtils.java:logGet(43)) - raft.server.log.segment.size.max = 1048576 (custom)
2019-09-20 08:50:47,859 [pool-71-thread-1] INFO  server.RaftServerConfigKeys (ConfUtils.java:logGet(43)) - raft.server.log.preallocated.size = 16384 (custom)
2019-09-20 08:50:47,859 [pool-71-thread-1] INFO  server.RaftServerConfigKeys (ConfUtils.java:logGet(43)) - raft.server.log.write.buffer.size = 33554432 (custom)
2019-09-20 08:50:47,859 [pool-71-thread-1] INFO  server.RaftServerConfigKeys (ConfUtils.java:logGet(43)) - raft.server.log.force.sync.num = 128 (default)
2019-09-20 08:50:47,860 [pool-71-thread-1] INFO  server.RaftServerConfigKeys (ConfUtils.java:logGet(43)) - raft.server.log.statemachine.data.sync = true (default)
2019-09-20 08:50:47,860 [pool-71-thread-1] INFO  server.RaftServerConfigKeys (ConfUtils.java:logGet(43)) - raft.server.log.statemachine.data.sync.timeout = 10s (default)
2019-09-20 08:50:47,860 [pool-71-thread-1] INFO  server.RaftServerConfigKeys (ConfUtils.java:logGet(43)) - raft.server.log.statemachine.data.sync.timeout.retry = -1 (default)
2019-09-20 08:50:47,860 [pool-71-thread-1] INFO  server.RaftServerConfigKeys (ConfUtils.java:logGet(43)) - raft.server.log.statemachine.data.caching.enabled = true (custom)
2019-09-20 08:50:47,860 [pool-71-thread-1] INFO  segmented.SegmentedRaftLogWorker (SegmentedRaftLogWorker.java:lambda$new$0(132)) - 2a6ce4d1-5069-4aeb-8b94-5f253cd23bfc-SegmentedRaftLogWorker:Storage Directory /workdir/hadoop-ozone/tools/target/test-dir/MiniOzoneClusterImpl-1a1f1bd1-ce73-4756-923c-f2264fe476d0/datanode-4/data/ratis/c84e6613-dc38-4b10-83f1-7af079781da2: flushIndex: setUnconditionally 0 -> -1
2019-09-20 08:50:47,861 [pool-71-thread-1] INFO  server.RaftServerConfigKeys (ConfUtils.java:logGet(43)) - raft.server.snapshot.auto.trigger.enabled = true (custom)
2019-09-20 08:50:47,861 [pool-71-thread-1] INFO  server.RaftServerConfigKeys (ConfUtils.java:logGet(43)) - raft.server.snapshot.auto.trigger.threshold = 10000 (custom)
2019-09-20 08:50:47,861 [pool-71-thread-1] INFO  server.RaftServerConfigKeys (ConfUtils.java:logGet(43)) - raft.server.retrycache.expirytime = 600000ms (custom)
2019-09-20 08:50:47,861 [pool-71-thread-1] INFO  impl.RaftServerImpl (RaftServerImpl.java:start(180)) - 2a6ce4d1-5069-4aeb-8b94-5f253cd23bfc: start group-7AF079781DA2
2019-09-20 08:50:47,861 [pool-71-thread-1] INFO  impl.RaftServerImpl (RaftServerImpl.java:setRole(171)) - 2a6ce4d1-5069-4aeb-8b94-5f253cd23bfc:group-7AF079781DA2 changes role from null to FOLLOWER at term 0 for startAsFollower
2019-09-20 08:50:47,862 [pool-71-thread-1] INFO  impl.RoleInfo (RoleInfo.java:updateAndGet(143)) - 2a6ce4d1-5069-4aeb-8b94-5f253cd23bfc: start FollowerState
2019-09-20 08:50:47,862 [pool-71-thread-1] INFO  util.JmxRegister (JmxRegister.java:tryRegister(44)) - Successfully registered JMX Bean with object name Ratis:service=RaftServer,group=group-7AF079781DA2,id=2a6ce4d1-5069-4aeb-8b94-5f253cd23bfc
2019-09-20 08:50:47,868 [RatisPipelineUtilsThread] INFO  pipeline.PipelineStateManager (PipelineStateManager.java:addPipeline(56)) - Created pipeline Pipeline[ Id: c84e6613-dc38-4b10-83f1-7af079781da2, Nodes: 2a6ce4d1-5069-4aeb-8b94-5f253cd23bfc{ip: 192.168.36.79, host: pr-hdds-1569-s8kj2-2266485376, networkLocation: /default-rack, certSerialId: null}, Type:RATIS, Factor:ONE, State:OPEN]
2019-09-20 08:50:47,870 [RatisPipelineUtilsThread] INFO  pipeline.PipelinePlacementPolicy (PipelinePlacementPolicy.java:meetCriteria(91)) - Pipeline Placement: Doesn't meet the criteria to be viable node： d183acf8-c1d4-40f7-ba5a-175455d3bd55 Heaviness: 6 limit: 5
2019-09-20 08:50:47,870 [RatisPipelineUtilsThread] INFO  pipeline.PipelinePlacementPolicy (PipelinePlacementPolicy.java:meetCriteria(91)) - Pipeline Placement: Doesn't meet the criteria to be viable node： 972eec63-801b-4789-a14a-664c049671ee Heaviness: 6 limit: 5
2019-09-20 08:50:47,870 [RatisPipelineUtilsThread] INFO  pipeline.PipelinePlacementPolicy (PipelinePlacementPolicy.java:meetCriteria(91)) - Pipeline Placement: Doesn't meet the criteria to be viable node： 5e9b3ca5-d58f-427a-bd11-930d28ac57d8 Heaviness: 6 limit: 5
2019-09-20 08:50:47,871 [RatisPipelineUtilsThread] INFO  pipeline.PipelinePlacementPolicy (PipelinePlacementPolicy.java:meetCriteria(91)) - Pipeline Placement: Doesn't meet the criteria to be viable node： 64119811-c299-4353-bef2-4f1f08694db1 Heaviness: 6 limit: 5
2019-09-20 08:50:47,881 [grpc-default-executor-0] INFO  impl.RaftServerProxy (RaftServerProxy.java:addNew(89)) - 2a6ce4d1-5069-4aeb-8b94-5f253cd23bfc: addNew group-77A3AFABEFE6:[2a6ce4d1-5069-4aeb-8b94-5f253cd23bfc:192.168.36.79:37829] returns group-77A3AFABEFE6:java.util.concurrent.CompletableFuture@3bc05b60[Not completed]
2019-09-20 08:50:47,882 [pool-71-thread-1] INFO  impl.RaftServerImpl (RaftServerImpl.java:<init>(93)) - 2a6ce4d1-5069-4aeb-8b94-5f253cd23bfc: new RaftServerImpl for group-77A3AFABEFE6:[2a6ce4d1-5069-4aeb-8b94-5f253cd23bfc:192.168.36.79:37829] with ContainerStateMachine:uninitialized
2019-09-20 08:50:47,883 [pool-71-thread-1] INFO  server.RaftServerConfigKeys (ConfUtils.java:logGet(43)) - raft.server.rpc.timeout.min = 5s (custom)
2019-09-20 08:50:47,883 [pool-71-thread-1] INFO  server.RaftServerConfigKeys (ConfUtils.java:logGet(43)) - raft.server.rpc.timeout.max = 5200ms (custom)
2019-09-20 08:50:47,883 [pool-71-thread-1] INFO  server.RaftServerConfigKeys (ConfUtils.java:logGet(43)) - raft.server.rpcslowness.timeout = 120s (custom)
2019-09-20 08:50:47,883 [pool-71-thread-1] INFO  server.RaftServerConfigKeys (ConfUtils.java:logGet(43)) - raft.server.sleep.deviation.threshold = 300 (default)
2019-09-20 08:50:47,883 [pool-71-thread-1] INFO  server.RaftServerConfigKeys (ConfUtils.java:logGet(43)) - raft.server.log.appender.install.snapshot.enabled = false (custom)
2019-09-20 08:50:47,883 [pool-71-thread-1] INFO  impl.RaftServerImpl (ServerState.java:<init>(105)) - 2a6ce4d1-5069-4aeb-8b94-5f253cd23bfc:group-77A3AFABEFE6 ConfigurationManager, init=-1: [2a6ce4d1-5069-4aeb-8b94-5f253cd23bfc:192.168.36.79:37829], old=null, confs=<EMPTY_MAP>
2019-09-20 08:50:47,883 [pool-71-thread-1] INFO  server.RaftServerConfigKeys (ConfUtils.java:logGet(43)) - raft.server.storage.dir = [/workdir/hadoop-ozone/tools/target/test-dir/MiniOzoneClusterImpl-1a1f1bd1-ce73-4756-923c-f2264fe476d0/datanode-4/data/ratis] (custom)
2019-09-20 08:50:47,884 [pool-71-thread-1] INFO  storage.RaftStorageDirectory (RaftStorageDirectory.java:analyzeStorage(246)) - The storage directory /workdir/hadoop-ozone/tools/target/test-dir/MiniOzoneClusterImpl-1a1f1bd1-ce73-4756-923c-f2264fe476d0/datanode-4/data/ratis/cc23a86d-e3e4-4591-a8af-77a3afabefe6 does not exist. Creating ...
2019-09-20 08:50:47,908 [pool-71-thread-1] INFO  storage.RaftStorageDirectory (RaftStorageDirectory.java:tryLock(328)) - Lock on /workdir/hadoop-ozone/tools/target/test-dir/MiniOzoneClusterImpl-1a1f1bd1-ce73-4756-923c-f2264fe476d0/datanode-4/data/ratis/cc23a86d-e3e4-4591-a8af-77a3afabefe6/in_use.lock acquired by nodename 17078@pr-hdds-1569-s8kj2-2266485376
2019-09-20 08:50:47,913 | INFO  | SCMAudit | user=jenkins1000 | ip=192.168.36.79 | op=SEND_HEARTBEAT {datanodeUUID=64119811-c299-4353-bef2-4f1f08694db1, command=[]} | ret=SUCCESS |  
2019-09-20 08:50:47,933 [pool-71-thread-1] INFO  storage.RaftStorage (RaftStorage.java:format(72)) - Storage directory /workdir/hadoop-ozone/tools/target/test-dir/MiniOzoneClusterImpl-1a1f1bd1-ce73-4756-923c-f2264fe476d0/datanode-4/data/ratis/cc23a86d-e3e4-4591-a8af-77a3afabefe6 has been successfully formatted.
2019-09-20 08:50:47,934 [pool-71-thread-1] INFO  ratis.ContainerStateMachine (ContainerStateMachine.java:loadSnapshot(226)) - group-77A3AFABEFE6: The snapshot info is null. Setting the last applied indexto:(t:0, i:~)
2019-09-20 08:50:47,934 [pool-71-thread-1] INFO  server.RaftServerConfigKeys (ConfUtils.java:logGet(43)) - raft.server.leader.election.timeout = 120s (custom)
2019-09-20 08:50:47,934 [pool-71-thread-1] INFO  server.RaftServerConfigKeys (ConfUtils.java:logGet(43)) - raft.server.log.use.memory = false (default)
2019-09-20 08:50:47,934 [pool-71-thread-1] INFO  server.RaftServerConfigKeys (ConfUtils.java:logGet(43)) - raft.server.log.purge.gap = 1000000 (custom)
2019-09-20 08:50:47,934 [pool-71-thread-1] INFO  server.RaftServerConfigKeys (ConfUtils.java:logGet(43)) - raft.server.log.appender.buffer.byte-limit = 33554432 (custom)
2019-09-20 08:50:47,935 [pool-71-thread-1] INFO  server.RaftServerConfigKeys (ConfUtils.java:logGet(43)) - raft.server.log.segment.size.max = 1048576 (custom)
2019-09-20 08:50:47,935 [pool-71-thread-1] INFO  server.RaftServerConfigKeys (ConfUtils.java:logGet(43)) - raft.server.log.segment.cache.num.max = 2 (custom)
2019-09-20 08:50:47,935 [pool-71-thread-1] INFO  segmented.SegmentedRaftLogWorker (SegmentedRaftLogWorker.java:<init>(172)) - new 2a6ce4d1-5069-4aeb-8b94-5f253cd23bfc-SegmentedRaftLogWorker:Storage Directory /workdir/hadoop-ozone/tools/target/test-dir/MiniOzoneClusterImpl-1a1f1bd1-ce73-4756-923c-f2264fe476d0/datanode-4/data/ratis/cc23a86d-e3e4-4591-a8af-77a3afabefe6 for RaftStorage:Storage Directory /workdir/hadoop-ozone/tools/target/test-dir/MiniOzoneClusterImpl-1a1f1bd1-ce73-4756-923c-f2264fe476d0/datanode-4/data/ratis/cc23a86d-e3e4-4591-a8af-77a3afabefe6
2019-09-20 08:50:47,935 [pool-71-thread-1] INFO  server.RaftServerConfigKeys (ConfUtils.java:logGet(43)) - raft.server.log.queue.byte-limit = 2147483647 (custom)
2019-09-20 08:50:47,935 [pool-71-thread-1] INFO  server.RaftServerConfigKeys (ConfUtils.java:logGet(43)) - raft.server.log.queue.element-limit = 1024 (custom)
2019-09-20 08:50:47,936 [pool-71-thread-1] INFO  server.RaftServerConfigKeys (ConfUtils.java:logGet(43)) - raft.server.log.segment.size.max = 1048576 (custom)
2019-09-20 08:50:47,936 [pool-71-thread-1] INFO  server.RaftServerConfigKeys (ConfUtils.java:logGet(43)) - raft.server.log.preallocated.size = 16384 (custom)
2019-09-20 08:50:47,936 [pool-71-thread-1] INFO  server.RaftServerConfigKeys (ConfUtils.java:logGet(43)) - raft.server.log.write.buffer.size = 33554432 (custom)
2019-09-20 08:50:47,936 [pool-71-thread-1] INFO  server.RaftServerConfigKeys (ConfUtils.java:logGet(43)) - raft.server.log.force.sync.num = 128 (default)
2019-09-20 08:50:47,936 [pool-71-thread-1] INFO  server.RaftServerConfigKeys (ConfUtils.java:logGet(43)) - raft.server.log.statemachine.data.sync = true (default)
2019-09-20 08:50:47,937 [pool-71-thread-1] INFO  server.RaftServerConfigKeys (ConfUtils.java:logGet(43)) - raft.server.log.statemachine.data.sync.timeout = 10s (default)
2019-09-20 08:50:47,937 [pool-71-thread-1] INFO  server.RaftServerConfigKeys (ConfUtils.java:logGet(43)) - raft.server.log.statemachine.data.sync.timeout.retry = -1 (default)
2019-09-20 08:50:47,937 [pool-71-thread-1] INFO  server.RaftServerConfigKeys (ConfUtils.java:logGet(43)) - raft.server.log.statemachine.data.caching.enabled = true (custom)
2019-09-20 08:50:47,937 [pool-71-thread-1] INFO  segmented.SegmentedRaftLogWorker (SegmentedRaftLogWorker.java:lambda$new$0(132)) - 2a6ce4d1-5069-4aeb-8b94-5f253cd23bfc-SegmentedRaftLogWorker:Storage Directory /workdir/hadoop-ozone/tools/target/test-dir/MiniOzoneClusterImpl-1a1f1bd1-ce73-4756-923c-f2264fe476d0/datanode-4/data/ratis/cc23a86d-e3e4-4591-a8af-77a3afabefe6: flushIndex: setUnconditionally 0 -> -1
2019-09-20 08:50:47,938 [pool-71-thread-1] INFO  server.RaftServerConfigKeys (ConfUtils.java:logGet(43)) - raft.server.snapshot.auto.trigger.enabled = true (custom)
2019-09-20 08:50:47,938 [pool-71-thread-1] INFO  server.RaftServerConfigKeys (ConfUtils.java:logGet(43)) - raft.server.snapshot.auto.trigger.threshold = 10000 (custom)
2019-09-20 08:50:47,938 [pool-71-thread-1] INFO  server.RaftServerConfigKeys (ConfUtils.java:logGet(43)) - raft.server.retrycache.expirytime = 600000ms (custom)
2019-09-20 08:50:47,939 [pool-71-thread-1] INFO  impl.RaftServerImpl (RaftServerImpl.java:start(180)) - 2a6ce4d1-5069-4aeb-8b94-5f253cd23bfc: start group-77A3AFABEFE6
2019-09-20 08:50:47,939 [pool-71-thread-1] INFO  impl.RaftServerImpl (RaftServerImpl.java:setRole(171)) - 2a6ce4d1-5069-4aeb-8b94-5f253cd23bfc:group-77A3AFABEFE6 changes role from null to FOLLOWER at term 0 for startAsFollower
2019-09-20 08:50:47,939 [pool-71-thread-1] INFO  impl.RoleInfo (RoleInfo.java:updateAndGet(143)) - 2a6ce4d1-5069-4aeb-8b94-5f253cd23bfc: start FollowerState
2019-09-20 08:50:47,940 [pool-71-thread-1] INFO  util.JmxRegister (JmxRegister.java:tryRegister(44)) - Successfully registered JMX Bean with object name Ratis:service=RaftServer,group=group-77A3AFABEFE6,id=2a6ce4d1-5069-4aeb-8b94-5f253cd23bfc
2019-09-20 08:50:47,945 [RatisPipelineUtilsThread] INFO  pipeline.PipelineStateManager (PipelineStateManager.java:addPipeline(56)) - Created pipeline Pipeline[ Id: cc23a86d-e3e4-4591-a8af-77a3afabefe6, Nodes: 2a6ce4d1-5069-4aeb-8b94-5f253cd23bfc{ip: 192.168.36.79, host: pr-hdds-1569-s8kj2-2266485376, networkLocation: /default-rack, certSerialId: null}, Type:RATIS, Factor:ONE, State:OPEN]
2019-09-20 08:50:47,947 [RatisPipelineUtilsThread] INFO  pipeline.PipelinePlacementPolicy (PipelinePlacementPolicy.java:meetCriteria(91)) - Pipeline Placement: Doesn't meet the criteria to be viable node： d183acf8-c1d4-40f7-ba5a-175455d3bd55 Heaviness: 6 limit: 5
2019-09-20 08:50:47,947 [RatisPipelineUtilsThread] INFO  pipeline.PipelinePlacementPolicy (PipelinePlacementPolicy.java:meetCriteria(91)) - Pipeline Placement: Doesn't meet the criteria to be viable node： 972eec63-801b-4789-a14a-664c049671ee Heaviness: 6 limit: 5
2019-09-20 08:50:47,947 [RatisPipelineUtilsThread] INFO  pipeline.PipelinePlacementPolicy (PipelinePlacementPolicy.java:meetCriteria(91)) - Pipeline Placement: Doesn't meet the criteria to be viable node： 5e9b3ca5-d58f-427a-bd11-930d28ac57d8 Heaviness: 6 limit: 5
2019-09-20 08:50:47,948 [RatisPipelineUtilsThread] INFO  pipeline.PipelinePlacementPolicy (PipelinePlacementPolicy.java:meetCriteria(91)) - Pipeline Placement: Doesn't meet the criteria to be viable node： 64119811-c299-4353-bef2-4f1f08694db1 Heaviness: 6 limit: 5
2019-09-20 08:50:47,949 | INFO  | SCMAudit | user=jenkins1000 | ip=192.168.36.79 | op=SEND_HEARTBEAT {datanodeUUID=2a6ce4d1-5069-4aeb-8b94-5f253cd23bfc, command=[]} | ret=SUCCESS |  
2019-09-20 08:50:47,958 [grpc-default-executor-0] INFO  impl.RaftServerProxy (RaftServerProxy.java:addNew(89)) - 2a6ce4d1-5069-4aeb-8b94-5f253cd23bfc: addNew group-926727589621:[2a6ce4d1-5069-4aeb-8b94-5f253cd23bfc:192.168.36.79:37829] returns group-926727589621:java.util.concurrent.CompletableFuture@21ebabee[Not completed]
2019-09-20 08:50:47,960 [pool-71-thread-1] INFO  impl.RaftServerImpl (RaftServerImpl.java:<init>(93)) - 2a6ce4d1-5069-4aeb-8b94-5f253cd23bfc: new RaftServerImpl for group-926727589621:[2a6ce4d1-5069-4aeb-8b94-5f253cd23bfc:192.168.36.79:37829] with ContainerStateMachine:uninitialized
2019-09-20 08:50:47,960 [pool-71-thread-1] INFO  server.RaftServerConfigKeys (ConfUtils.java:logGet(43)) - raft.server.rpc.timeout.min = 5s (custom)
2019-09-20 08:50:47,960 [pool-71-thread-1] INFO  server.RaftServerConfigKeys (ConfUtils.java:logGet(43)) - raft.server.rpc.timeout.max = 5200ms (custom)
2019-09-20 08:50:47,960 [pool-71-thread-1] INFO  server.RaftServerConfigKeys (ConfUtils.java:logGet(43)) - raft.server.rpcslowness.timeout = 120s (custom)
2019-09-20 08:50:47,960 [pool-71-thread-1] INFO  server.RaftServerConfigKeys (ConfUtils.java:logGet(43)) - raft.server.sleep.deviation.threshold = 300 (default)
2019-09-20 08:50:47,960 [pool-71-thread-1] INFO  server.RaftServerConfigKeys (ConfUtils.java:logGet(43)) - raft.server.log.appender.install.snapshot.enabled = false (custom)
2019-09-20 08:50:47,961 [pool-71-thread-1] INFO  impl.RaftServerImpl (ServerState.java:<init>(105)) - 2a6ce4d1-5069-4aeb-8b94-5f253cd23bfc:group-926727589621 ConfigurationManager, init=-1: [2a6ce4d1-5069-4aeb-8b94-5f253cd23bfc:192.168.36.79:37829], old=null, confs=<EMPTY_MAP>
2019-09-20 08:50:47,961 [pool-71-thread-1] INFO  server.RaftServerConfigKeys (ConfUtils.java:logGet(43)) - raft.server.storage.dir = [/workdir/hadoop-ozone/tools/target/test-dir/MiniOzoneClusterImpl-1a1f1bd1-ce73-4756-923c-f2264fe476d0/datanode-4/data/ratis] (custom)
2019-09-20 08:50:47,961 [pool-71-thread-1] INFO  storage.RaftStorageDirectory (RaftStorageDirectory.java:analyzeStorage(246)) - The storage directory /workdir/hadoop-ozone/tools/target/test-dir/MiniOzoneClusterImpl-1a1f1bd1-ce73-4756-923c-f2264fe476d0/datanode-4/data/ratis/15c7c5d2-b5e8-4669-8b9d-926727589621 does not exist. Creating ...
2019-09-20 08:50:47,992 [pool-71-thread-1] INFO  storage.RaftStorageDirectory (RaftStorageDirectory.java:tryLock(328)) - Lock on /workdir/hadoop-ozone/tools/target/test-dir/MiniOzoneClusterImpl-1a1f1bd1-ce73-4756-923c-f2264fe476d0/datanode-4/data/ratis/15c7c5d2-b5e8-4669-8b9d-926727589621/in_use.lock acquired by nodename 17078@pr-hdds-1569-s8kj2-2266485376
2019-09-20 08:50:48,017 [pool-71-thread-1] INFO  storage.RaftStorage (RaftStorage.java:format(72)) - Storage directory /workdir/hadoop-ozone/tools/target/test-dir/MiniOzoneClusterImpl-1a1f1bd1-ce73-4756-923c-f2264fe476d0/datanode-4/data/ratis/15c7c5d2-b5e8-4669-8b9d-926727589621 has been successfully formatted.
2019-09-20 08:50:48,018 [pool-71-thread-1] INFO  ratis.ContainerStateMachine (ContainerStateMachine.java:loadSnapshot(226)) - group-926727589621: The snapshot info is null. Setting the last applied indexto:(t:0, i:~)
2019-09-20 08:50:48,018 [pool-71-thread-1] INFO  server.RaftServerConfigKeys (ConfUtils.java:logGet(43)) - raft.server.leader.election.timeout = 120s (custom)
2019-09-20 08:50:48,018 [pool-71-thread-1] INFO  server.RaftServerConfigKeys (ConfUtils.java:logGet(43)) - raft.server.log.use.memory = false (default)
2019-09-20 08:50:48,018 [pool-71-thread-1] INFO  server.RaftServerConfigKeys (ConfUtils.java:logGet(43)) - raft.server.log.purge.gap = 1000000 (custom)
2019-09-20 08:50:48,018 [pool-71-thread-1] INFO  server.RaftServerConfigKeys (ConfUtils.java:logGet(43)) - raft.server.log.appender.buffer.byte-limit = 33554432 (custom)
2019-09-20 08:50:48,019 [pool-71-thread-1] INFO  server.RaftServerConfigKeys (ConfUtils.java:logGet(43)) - raft.server.log.segment.size.max = 1048576 (custom)
2019-09-20 08:50:48,019 [pool-71-thread-1] INFO  server.RaftServerConfigKeys (ConfUtils.java:logGet(43)) - raft.server.log.segment.cache.num.max = 2 (custom)
2019-09-20 08:50:48,019 [pool-71-thread-1] INFO  segmented.SegmentedRaftLogWorker (SegmentedRaftLogWorker.java:<init>(172)) - new 2a6ce4d1-5069-4aeb-8b94-5f253cd23bfc-SegmentedRaftLogWorker:Storage Directory /workdir/hadoop-ozone/tools/target/test-dir/MiniOzoneClusterImpl-1a1f1bd1-ce73-4756-923c-f2264fe476d0/datanode-4/data/ratis/15c7c5d2-b5e8-4669-8b9d-926727589621 for RaftStorage:Storage Directory /workdir/hadoop-ozone/tools/target/test-dir/MiniOzoneClusterImpl-1a1f1bd1-ce73-4756-923c-f2264fe476d0/datanode-4/data/ratis/15c7c5d2-b5e8-4669-8b9d-926727589621
2019-09-20 08:50:48,019 [pool-71-thread-1] INFO  server.RaftServerConfigKeys (ConfUtils.java:logGet(43)) - raft.server.log.queue.byte-limit = 2147483647 (custom)
2019-09-20 08:50:48,019 [pool-71-thread-1] INFO  server.RaftServerConfigKeys (ConfUtils.java:logGet(43)) - raft.server.log.queue.element-limit = 1024 (custom)
2019-09-20 08:50:48,020 [pool-71-thread-1] INFO  server.RaftServerConfigKeys (ConfUtils.java:logGet(43)) - raft.server.log.segment.size.max = 1048576 (custom)
2019-09-20 08:50:48,020 [pool-71-thread-1] INFO  server.RaftServerConfigKeys (ConfUtils.java:logGet(43)) - raft.server.log.preallocated.size = 16384 (custom)
2019-09-20 08:50:48,020 [pool-71-thread-1] INFO  server.RaftServerConfigKeys (ConfUtils.java:logGet(43)) - raft.server.log.write.buffer.size = 33554432 (custom)
2019-09-20 08:50:48,020 [pool-71-thread-1] INFO  server.RaftServerConfigKeys (ConfUtils.java:logGet(43)) - raft.server.log.force.sync.num = 128 (default)
2019-09-20 08:50:48,020 [pool-71-thread-1] INFO  server.RaftServerConfigKeys (ConfUtils.java:logGet(43)) - raft.server.log.statemachine.data.sync = true (default)
2019-09-20 08:50:48,021 [pool-71-thread-1] INFO  server.RaftServerConfigKeys (ConfUtils.java:logGet(43)) - raft.server.log.statemachine.data.sync.timeout = 10s (default)
2019-09-20 08:50:48,021 [pool-71-thread-1] INFO  server.RaftServerConfigKeys (ConfUtils.java:logGet(43)) - raft.server.log.statemachine.data.sync.timeout.retry = -1 (default)
2019-09-20 08:50:48,021 [pool-71-thread-1] INFO  server.RaftServerConfigKeys (ConfUtils.java:logGet(43)) - raft.server.log.statemachine.data.caching.enabled = true (custom)
2019-09-20 08:50:48,021 [pool-71-thread-1] INFO  segmented.SegmentedRaftLogWorker (SegmentedRaftLogWorker.java:lambda$new$0(132)) - 2a6ce4d1-5069-4aeb-8b94-5f253cd23bfc-SegmentedRaftLogWorker:Storage Directory /workdir/hadoop-ozone/tools/target/test-dir/MiniOzoneClusterImpl-1a1f1bd1-ce73-4756-923c-f2264fe476d0/datanode-4/data/ratis/15c7c5d2-b5e8-4669-8b9d-926727589621: flushIndex: setUnconditionally 0 -> -1
2019-09-20 08:50:48,022 [pool-71-thread-1] INFO  server.RaftServerConfigKeys (ConfUtils.java:logGet(43)) - raft.server.snapshot.auto.trigger.enabled = true (custom)
2019-09-20 08:50:48,022 [pool-71-thread-1] INFO  server.RaftServerConfigKeys (ConfUtils.java:logGet(43)) - raft.server.snapshot.auto.trigger.threshold = 10000 (custom)
2019-09-20 08:50:48,022 [pool-71-thread-1] INFO  server.RaftServerConfigKeys (ConfUtils.java:logGet(43)) - raft.server.retrycache.expirytime = 600000ms (custom)
2019-09-20 08:50:48,023 [pool-71-thread-1] INFO  impl.RaftServerImpl (RaftServerImpl.java:start(180)) - 2a6ce4d1-5069-4aeb-8b94-5f253cd23bfc: start group-926727589621
2019-09-20 08:50:48,023 [pool-71-thread-1] INFO  impl.RaftServerImpl (RaftServerImpl.java:setRole(171)) - 2a6ce4d1-5069-4aeb-8b94-5f253cd23bfc:group-926727589621 changes role from null to FOLLOWER at term 0 for startAsFollower
2019-09-20 08:50:48,023 [pool-71-thread-1] INFO  impl.RoleInfo (RoleInfo.java:updateAndGet(143)) - 2a6ce4d1-5069-4aeb-8b94-5f253cd23bfc: start FollowerState
2019-09-20 08:50:48,023 [pool-71-thread-1] INFO  util.JmxRegister (JmxRegister.java:tryRegister(44)) - Successfully registered JMX Bean with object name Ratis:service=RaftServer,group=group-926727589621,id=2a6ce4d1-5069-4aeb-8b94-5f253cd23bfc
2019-09-20 08:50:48,028 [RatisPipelineUtilsThread] INFO  pipeline.PipelineStateManager (PipelineStateManager.java:addPipeline(56)) - Created pipeline Pipeline[ Id: 15c7c5d2-b5e8-4669-8b9d-926727589621, Nodes: 2a6ce4d1-5069-4aeb-8b94-5f253cd23bfc{ip: 192.168.36.79, host: pr-hdds-1569-s8kj2-2266485376, networkLocation: /default-rack, certSerialId: null}, Type:RATIS, Factor:ONE, State:OPEN]
2019-09-20 08:50:48,031 [RatisPipelineUtilsThread] INFO  pipeline.PipelinePlacementPolicy (PipelinePlacementPolicy.java:meetCriteria(91)) - Pipeline Placement: Doesn't meet the criteria to be viable node： d183acf8-c1d4-40f7-ba5a-175455d3bd55 Heaviness: 6 limit: 5
2019-09-20 08:50:48,031 [RatisPipelineUtilsThread] INFO  pipeline.PipelinePlacementPolicy (PipelinePlacementPolicy.java:meetCriteria(91)) - Pipeline Placement: Doesn't meet the criteria to be viable node： 2a6ce4d1-5069-4aeb-8b94-5f253cd23bfc Heaviness: 6 limit: 5
2019-09-20 08:50:48,031 [RatisPipelineUtilsThread] INFO  pipeline.PipelinePlacementPolicy (PipelinePlacementPolicy.java:meetCriteria(91)) - Pipeline Placement: Doesn't meet the criteria to be viable node： 972eec63-801b-4789-a14a-664c049671ee Heaviness: 6 limit: 5
2019-09-20 08:50:48,031 [RatisPipelineUtilsThread] INFO  pipeline.PipelinePlacementPolicy (PipelinePlacementPolicy.java:meetCriteria(91)) - Pipeline Placement: Doesn't meet the criteria to be viable node： 5e9b3ca5-d58f-427a-bd11-930d28ac57d8 Heaviness: 6 limit: 5
2019-09-20 08:50:48,031 [RatisPipelineUtilsThread] INFO  pipeline.PipelinePlacementPolicy (PipelinePlacementPolicy.java:meetCriteria(91)) - Pipeline Placement: Doesn't meet the criteria to be viable node： 64119811-c299-4353-bef2-4f1f08694db1 Heaviness: 6 limit: 5
2019-09-20 08:50:48,031 [RatisPipelineUtilsThread] ERROR pipeline.PipelinePlacementPolicy (PipelinePlacementPolicy.java:filterViableNodes(148)) - Unable to find enough nodes that meet the criteria that cannot engage in more than 5 pipelines. Nodes required: 1 Found: 0, healthy nodes count inNodeManager: 5.
2019-09-20 08:50:48,032 [RatisPipelineUtilsThread] ERROR pipeline.SCMPipelineManager (SCMPipelineManager.java:createPipeline(161)) - Pipeline creation failed due to exception: Unable to find enough nodes that meet the criteria that cannot engage in more than 5 pipelines. Nodes required: 1 Found: 0, healthy nodes count inNodeManager: 5.
2019-09-20 08:50:48,033 [RatisPipelineUtilsThread] INFO  pipeline.PipelinePlacementPolicy (PipelinePlacementPolicy.java:meetCriteria(91)) - Pipeline Placement: Doesn't meet the criteria to be viable node： d183acf8-c1d4-40f7-ba5a-175455d3bd55 Heaviness: 6 limit: 5
2019-09-20 08:50:48,033 [RatisPipelineUtilsThread] INFO  pipeline.PipelinePlacementPolicy (PipelinePlacementPolicy.java:meetCriteria(91)) - Pipeline Placement: Doesn't meet the criteria to be viable node： 2a6ce4d1-5069-4aeb-8b94-5f253cd23bfc Heaviness: 6 limit: 5
2019-09-20 08:50:48,033 [RatisPipelineUtilsThread] INFO  pipeline.PipelinePlacementPolicy (PipelinePlacementPolicy.java:meetCriteria(91)) - Pipeline Placement: Doesn't meet the criteria to be viable node： 972eec63-801b-4789-a14a-664c049671ee Heaviness: 6 limit: 5
2019-09-20 08:50:48,033 [RatisPipelineUtilsThread] INFO  pipeline.PipelinePlacementPolicy (PipelinePlacementPolicy.java:meetCriteria(91)) - Pipeline Placement: Doesn't meet the criteria to be viable node： 5e9b3ca5-d58f-427a-bd11-930d28ac57d8 Heaviness: 6 limit: 5
2019-09-20 08:50:48,033 [RatisPipelineUtilsThread] INFO  pipeline.PipelinePlacementPolicy (PipelinePlacementPolicy.java:meetCriteria(91)) - Pipeline Placement: Doesn't meet the criteria to be viable node： 64119811-c299-4353-bef2-4f1f08694db1 Heaviness: 6 limit: 5
2019-09-20 08:50:48,033 [RatisPipelineUtilsThread] ERROR pipeline.PipelinePlacementPolicy (PipelinePlacementPolicy.java:filterViableNodes(148)) - Unable to find enough nodes that meet the criteria that cannot engage in more than 5 pipelines. Nodes required: 3 Found: 0, healthy nodes count inNodeManager: 5.
2019-09-20 08:50:48,033 [RatisPipelineUtilsThread] ERROR pipeline.SCMPipelineManager (SCMPipelineManager.java:createPipeline(161)) - Pipeline creation failed due to exception: Unable to find enough nodes that meet the criteria that cannot engage in more than 5 pipelines. Nodes required: 3 Found: 0, healthy nodes count inNodeManager: 5.
2019-09-20 08:50:48,039 [RatisPipelineUtilsThread] INFO  pipeline.PipelinePlacementPolicy (PipelinePlacementPolicy.java:meetCriteria(91)) - Pipeline Placement: Doesn't meet the criteria to be viable node： d183acf8-c1d4-40f7-ba5a-175455d3bd55 Heaviness: 6 limit: 5
2019-09-20 08:50:48,039 [RatisPipelineUtilsThread] INFO  pipeline.PipelinePlacementPolicy (PipelinePlacementPolicy.java:meetCriteria(91)) - Pipeline Placement: Doesn't meet the criteria to be viable node： 2a6ce4d1-5069-4aeb-8b94-5f253cd23bfc Heaviness: 6 limit: 5
2019-09-20 08:50:48,039 [RatisPipelineUtilsThread] INFO  pipeline.PipelinePlacementPolicy (PipelinePlacementPolicy.java:meetCriteria(91)) - Pipeline Placement: Doesn't meet the criteria to be viable node： 972eec63-801b-4789-a14a-664c049671ee Heaviness: 6 limit: 5
2019-09-20 08:50:48,039 [RatisPipelineUtilsThread] INFO  pipeline.PipelinePlacementPolicy (PipelinePlacementPolicy.java:meetCriteria(91)) - Pipeline Placement: Doesn't meet the criteria to be viable node： 5e9b3ca5-d58f-427a-bd11-930d28ac57d8 Heaviness: 6 limit: 5
2019-09-20 08:50:48,039 [RatisPipelineUtilsThread] INFO  pipeline.PipelinePlacementPolicy (PipelinePlacementPolicy.java:meetCriteria(91)) - Pipeline Placement: Doesn't meet the criteria to be viable node： 64119811-c299-4353-bef2-4f1f08694db1 Heaviness: 6 limit: 5
2019-09-20 08:50:48,039 [RatisPipelineUtilsThread] ERROR pipeline.PipelinePlacementPolicy (PipelinePlacementPolicy.java:filterViableNodes(148)) - Unable to find enough nodes that meet the criteria that cannot engage in more than 5 pipelines. Nodes required: 1 Found: 0, healthy nodes count inNodeManager: 5.
2019-09-20 08:50:48,040 [RatisPipelineUtilsThread] ERROR pipeline.SCMPipelineManager (SCMPipelineManager.java:createPipeline(161)) - Pipeline creation failed due to exception: Unable to find enough nodes that meet the criteria that cannot engage in more than 5 pipelines. Nodes required: 1 Found: 0, healthy nodes count inNodeManager: 5.
2019-09-20 08:50:48,040 [RatisPipelineUtilsThread] INFO  pipeline.PipelinePlacementPolicy (PipelinePlacementPolicy.java:meetCriteria(91)) - Pipeline Placement: Doesn't meet the criteria to be viable node： d183acf8-c1d4-40f7-ba5a-175455d3bd55 Heaviness: 6 limit: 5
2019-09-20 08:50:48,040 [RatisPipelineUtilsThread] INFO  pipeline.PipelinePlacementPolicy (PipelinePlacementPolicy.java:meetCriteria(91)) - Pipeline Placement: Doesn't meet the criteria to be viable node： 2a6ce4d1-5069-4aeb-8b94-5f253cd23bfc Heaviness: 6 limit: 5
2019-09-20 08:50:48,040 [RatisPipelineUtilsThread] INFO  pipeline.PipelinePlacementPolicy (PipelinePlacementPolicy.java:meetCriteria(91)) - Pipeline Placement: Doesn't meet the criteria to be viable node： 972eec63-801b-4789-a14a-664c049671ee Heaviness: 6 limit: 5
2019-09-20 08:50:48,040 [RatisPipelineUtilsThread] INFO  pipeline.PipelinePlacementPolicy (PipelinePlacementPolicy.java:meetCriteria(91)) - Pipeline Placement: Doesn't meet the criteria to be viable node： 5e9b3ca5-d58f-427a-bd11-930d28ac57d8 Heaviness: 6 limit: 5
2019-09-20 08:50:48,040 [RatisPipelineUtilsThread] INFO  pipeline.PipelinePlacementPolicy (PipelinePlacementPolicy.java:meetCriteria(91)) - Pipeline Placement: Doesn't meet the criteria to be viable node： 64119811-c299-4353-bef2-4f1f08694db1 Heaviness: 6 limit: 5
2019-09-20 08:50:48,040 [RatisPipelineUtilsThread] ERROR pipeline.PipelinePlacementPolicy (PipelinePlacementPolicy.java:filterViableNodes(148)) - Unable to find enough nodes that meet the criteria that cannot engage in more than 5 pipelines. Nodes required: 3 Found: 0, healthy nodes count inNodeManager: 5.
2019-09-20 08:50:48,040 [RatisPipelineUtilsThread] ERROR pipeline.SCMPipelineManager (SCMPipelineManager.java:createPipeline(161)) - Pipeline creation failed due to exception: Unable to find enough nodes that meet the criteria that cannot engage in more than 5 pipelines. Nodes required: 3 Found: 0, healthy nodes count inNodeManager: 5.
2019-09-20 08:50:48,041 [IPC Server handler 1 on 35288] INFO  pipeline.PipelinePlacementPolicy (PipelinePlacementPolicy.java:meetCriteria(91)) - Pipeline Placement: Doesn't meet the criteria to be viable node： d183acf8-c1d4-40f7-ba5a-175455d3bd55 Heaviness: 6 limit: 5
2019-09-20 08:50:48,041 [IPC Server handler 1 on 35288] INFO  pipeline.PipelinePlacementPolicy (PipelinePlacementPolicy.java:meetCriteria(91)) - Pipeline Placement: Doesn't meet the criteria to be viable node： 2a6ce4d1-5069-4aeb-8b94-5f253cd23bfc Heaviness: 6 limit: 5
2019-09-20 08:50:48,041 [IPC Server handler 1 on 35288] INFO  pipeline.PipelinePlacementPolicy (PipelinePlacementPolicy.java:meetCriteria(91)) - Pipeline Placement: Doesn't meet the criteria to be viable node： 972eec63-801b-4789-a14a-664c049671ee Heaviness: 6 limit: 5
2019-09-20 08:50:48,042 [IPC Server handler 1 on 35288] INFO  pipeline.PipelinePlacementPolicy (PipelinePlacementPolicy.java:meetCriteria(91)) - Pipeline Placement: Doesn't meet the criteria to be viable node： 5e9b3ca5-d58f-427a-bd11-930d28ac57d8 Heaviness: 6 limit: 5
2019-09-20 08:50:48,042 [IPC Server handler 1 on 35288] INFO  pipeline.PipelinePlacementPolicy (PipelinePlacementPolicy.java:meetCriteria(91)) - Pipeline Placement: Doesn't meet the criteria to be viable node： 64119811-c299-4353-bef2-4f1f08694db1 Heaviness: 6 limit: 5
2019-09-20 08:50:48,042 [IPC Server handler 1 on 35288] ERROR pipeline.PipelinePlacementPolicy (PipelinePlacementPolicy.java:filterViableNodes(148)) - Unable to find enough nodes that meet the criteria that cannot engage in more than 5 pipelines. Nodes required: 3 Found: 0, healthy nodes count inNodeManager: 5.
2019-09-20 08:50:48,042 [IPC Server handler 1 on 35288] ERROR pipeline.SCMPipelineManager (SCMPipelineManager.java:createPipeline(161)) - Pipeline creation failed due to exception: Unable to find enough nodes that meet the criteria that cannot engage in more than 5 pipelines. Nodes required: 3 Found: 0, healthy nodes count inNodeManager: 5.
2019-09-20 08:50:48,043 [IPC Server handler 19 on 35288] INFO  pipeline.PipelinePlacementPolicy (PipelinePlacementPolicy.java:meetCriteria(91)) - Pipeline Placement: Doesn't meet the criteria to be viable node： d183acf8-c1d4-40f7-ba5a-175455d3bd55 Heaviness: 6 limit: 5
2019-09-20 08:50:48,043 [IPC Server handler 19 on 35288] INFO  pipeline.PipelinePlacementPolicy (PipelinePlacementPolicy.java:meetCriteria(91)) - Pipeline Placement: Doesn't meet the criteria to be viable node： 2a6ce4d1-5069-4aeb-8b94-5f253cd23bfc Heaviness: 6 limit: 5
2019-09-20 08:50:48,043 [IPC Server handler 19 on 35288] INFO  pipeline.PipelinePlacementPolicy (PipelinePlacementPolicy.java:meetCriteria(91)) - Pipeline Placement: Doesn't meet the criteria to be viable node： 972eec63-801b-4789-a14a-664c049671ee Heaviness: 6 limit: 5
2019-09-20 08:50:48,044 [IPC Server handler 19 on 35288] INFO  pipeline.PipelinePlacementPolicy (PipelinePlacementPolicy.java:meetCriteria(91)) - Pipeline Placement: Doesn't meet the criteria to be viable node： 5e9b3ca5-d58f-427a-bd11-930d28ac57d8 Heaviness: 6 limit: 5
2019-09-20 08:50:48,044 [IPC Server handler 19 on 35288] INFO  pipeline.PipelinePlacementPolicy (PipelinePlacementPolicy.java:meetCriteria(91)) - Pipeline Placement: Doesn't meet the criteria to be viable node： 64119811-c299-4353-bef2-4f1f08694db1 Heaviness: 6 limit: 5
2019-09-20 08:50:48,044 [IPC Server handler 1 on 35288] WARN  block.BlockManagerImpl (BlockManagerImpl.java:allocateBlock(192)) - Pipeline creation failed for type:RATIS factor:THREE. Retrying get pipelines call once.
org.apache.hadoop.hdds.scm.exceptions.SCMException: Unable to find enough nodes that meet the criteria that cannot engage in more than 5 pipelines. Nodes required: 3 Found: 0, healthy nodes count inNodeManager: 5.
	at org.apache.hadoop.hdds.scm.pipeline.PipelinePlacementPolicy.filterViableNodes(PipelinePlacementPolicy.java:149)
	at org.apache.hadoop.hdds.scm.pipeline.PipelinePlacementPolicy.chooseDatanodes(PipelinePlacementPolicy.java:172)
	at org.apache.hadoop.hdds.scm.pipeline.RatisPipelineProvider.create(RatisPipelineProvider.java:92)
	at org.apache.hadoop.hdds.scm.pipeline.PipelineFactory.create(PipelineFactory.java:57)
	at org.apache.hadoop.hdds.scm.pipeline.SCMPipelineManager.createPipeline(SCMPipelineManager.java:149)
	at org.apache.hadoop.hdds.scm.block.BlockManagerImpl.allocateBlock(BlockManagerImpl.java:190)
	at org.apache.hadoop.hdds.scm.server.SCMBlockProtocolServer.allocateBlock(SCMBlockProtocolServer.java:175)
	at org.apache.hadoop.ozone.protocolPB.ScmBlockLocationProtocolServerSideTranslatorPB.allocateScmBlock(ScmBlockLocationProtocolServerSideTranslatorPB.java:153)
	at org.apache.hadoop.ozone.protocolPB.ScmBlockLocationProtocolServerSideTranslatorPB.send(ScmBlockLocationProtocolServerSideTranslatorPB.java:112)
	at org.apache.hadoop.hdds.protocol.proto.ScmBlockLocationProtocolProtos$ScmBlockLocationProtocolService$2.callBlockingMethod(ScmBlockLocationProtocolProtos.java:13157)
	at org.apache.hadoop.ipc.ProtobufRpcEngine$Server$ProtoBufRpcInvoker.call(ProtobufRpcEngine.java:524)
	at org.apache.hadoop.ipc.RPC$Server.call(RPC.java:1025)
	at org.apache.hadoop.ipc.Server$RpcCall.run(Server.java:876)
	at org.apache.hadoop.ipc.Server$RpcCall.run(Server.java:822)
	at java.security.AccessController.doPrivileged(Native Method)
	at javax.security.auth.Subject.doAs(Subject.java:422)
	at org.apache.hadoop.security.UserGroupInformation.doAs(UserGroupInformation.java:1730)
	at org.apache.hadoop.ipc.Server$Handler.run(Server.java:2682)
2019-09-20 08:50:48,045 [IPC Server handler 19 on 35288] ERROR pipeline.PipelinePlacementPolicy (PipelinePlacementPolicy.java:filterViableNodes(148)) - Unable to find enough nodes that meet the criteria that cannot engage in more than 5 pipelines. Nodes required: 3 Found: 0, healthy nodes count inNodeManager: 5.
2019-09-20 08:50:48,048 [IPC Server handler 19 on 35288] ERROR pipeline.SCMPipelineManager (SCMPipelineManager.java:createPipeline(161)) - Pipeline creation failed due to exception: Unable to find enough nodes that meet the criteria that cannot engage in more than 5 pipelines. Nodes required: 3 Found: 0, healthy nodes count inNodeManager: 5.
2019-09-20 08:50:48,048 [IPC Server handler 19 on 35288] WARN  block.BlockManagerImpl (BlockManagerImpl.java:allocateBlock(192)) - Pipeline creation failed for type:RATIS factor:THREE. Retrying get pipelines call once.
org.apache.hadoop.hdds.scm.exceptions.SCMException: Unable to find enough nodes that meet the criteria that cannot engage in more than 5 pipelines. Nodes required: 3 Found: 0, healthy nodes count inNodeManager: 5.
	at org.apache.hadoop.hdds.scm.pipeline.PipelinePlacementPolicy.filterViableNodes(PipelinePlacementPolicy.java:149)
	at org.apache.hadoop.hdds.scm.pipeline.PipelinePlacementPolicy.chooseDatanodes(PipelinePlacementPolicy.java:172)
	at org.apache.hadoop.hdds.scm.pipeline.RatisPipelineProvider.create(RatisPipelineProvider.java:92)
	at org.apache.hadoop.hdds.scm.pipeline.PipelineFactory.create(PipelineFactory.java:57)
	at org.apache.hadoop.hdds.scm.pipeline.SCMPipelineManager.createPipeline(SCMPipelineManager.java:149)
	at org.apache.hadoop.hdds.scm.block.BlockManagerImpl.allocateBlock(BlockManagerImpl.java:190)
	at org.apache.hadoop.hdds.scm.server.SCMBlockProtocolServer.allocateBlock(SCMBlockProtocolServer.java:175)
	at org.apache.hadoop.ozone.protocolPB.ScmBlockLocationProtocolServerSideTranslatorPB.allocateScmBlock(ScmBlockLocationProtocolServerSideTranslatorPB.java:153)
	at org.apache.hadoop.ozone.protocolPB.ScmBlockLocationProtocolServerSideTranslatorPB.send(ScmBlockLocationProtocolServerSideTranslatorPB.java:112)
	at org.apache.hadoop.hdds.protocol.proto.ScmBlockLocationProtocolProtos$ScmBlockLocationProtocolService$2.callBlockingMethod(ScmBlockLocationProtocolProtos.java:13157)
	at org.apache.hadoop.ipc.ProtobufRpcEngine$Server$ProtoBufRpcInvoker.call(ProtobufRpcEngine.java:524)
	at org.apache.hadoop.ipc.RPC$Server.call(RPC.java:1025)
	at org.apache.hadoop.ipc.Server$RpcCall.run(Server.java:876)
	at org.apache.hadoop.ipc.Server$RpcCall.run(Server.java:822)
	at java.security.AccessController.doPrivileged(Native Method)
	at javax.security.auth.Subject.doAs(Subject.java:422)
	at org.apache.hadoop.security.UserGroupInformation.doAs(UserGroupInformation.java:1730)
	at org.apache.hadoop.ipc.Server$Handler.run(Server.java:2682)
2019-09-20 08:50:48,048 [IPC Server handler 16 on 35288] INFO  pipeline.PipelinePlacementPolicy (PipelinePlacementPolicy.java:meetCriteria(91)) - Pipeline Placement: Doesn't meet the criteria to be viable node： d183acf8-c1d4-40f7-ba5a-175455d3bd55 Heaviness: 6 limit: 5
2019-09-20 08:50:48,049 [IPC Server handler 16 on 35288] INFO  pipeline.PipelinePlacementPolicy (PipelinePlacementPolicy.java:meetCriteria(91)) - Pipeline Placement: Doesn't meet the criteria to be viable node： 2a6ce4d1-5069-4aeb-8b94-5f253cd23bfc Heaviness: 6 limit: 5
2019-09-20 08:50:48,049 [IPC Server handler 16 on 35288] INFO  pipeline.PipelinePlacementPolicy (PipelinePlacementPolicy.java:meetCriteria(91)) - Pipeline Placement: Doesn't meet the criteria to be viable node： 972eec63-801b-4789-a14a-664c049671ee Heaviness: 6 limit: 5
2019-09-20 08:50:48,049 [IPC Server handler 16 on 35288] INFO  pipeline.PipelinePlacementPolicy (PipelinePlacementPolicy.java:meetCriteria(91)) - Pipeline Placement: Doesn't meet the criteria to be viable node： 5e9b3ca5-d58f-427a-bd11-930d28ac57d8 Heaviness: 6 limit: 5
2019-09-20 08:50:48,049 [IPC Server handler 16 on 35288] INFO  pipeline.PipelinePlacementPolicy (PipelinePlacementPolicy.java:meetCriteria(91)) - Pipeline Placement: Doesn't meet the criteria to be viable node： 64119811-c299-4353-bef2-4f1f08694db1 Heaviness: 6 limit: 5
2019-09-20 08:50:48,050 [IPC Server handler 16 on 35288] ERROR pipeline.PipelinePlacementPolicy (PipelinePlacementPolicy.java:filterViableNodes(148)) - Unable to find enough nodes that meet the criteria that cannot engage in more than 5 pipelines. Nodes required: 3 Found: 0, healthy nodes count inNodeManager: 5.
2019-09-20 08:50:48,050 [IPC Server handler 16 on 35288] ERROR pipeline.SCMPipelineManager (SCMPipelineManager.java:createPipeline(161)) - Pipeline creation failed due to exception: Unable to find enough nodes that meet the criteria that cannot engage in more than 5 pipelines. Nodes required: 3 Found: 0, healthy nodes count inNodeManager: 5.
2019-09-20 08:50:48,050 [IPC Server handler 16 on 35288] WARN  block.BlockManagerImpl (BlockManagerImpl.java:allocateBlock(192)) - Pipeline creation failed for type:RATIS factor:THREE. Retrying get pipelines call once.
org.apache.hadoop.hdds.scm.exceptions.SCMException: Unable to find enough nodes that meet the criteria that cannot engage in more than 5 pipelines. Nodes required: 3 Found: 0, healthy nodes count inNodeManager: 5.
	at org.apache.hadoop.hdds.scm.pipeline.PipelinePlacementPolicy.filterViableNodes(PipelinePlacementPolicy.java:149)
	at org.apache.hadoop.hdds.scm.pipeline.PipelinePlacementPolicy.chooseDatanodes(PipelinePlacementPolicy.java:172)
	at org.apache.hadoop.hdds.scm.pipeline.RatisPipelineProvider.create(RatisPipelineProvider.java:92)
	at org.apache.hadoop.hdds.scm.pipeline.PipelineFactory.create(PipelineFactory.java:57)
	at org.apache.hadoop.hdds.scm.pipeline.SCMPipelineManager.createPipeline(SCMPipelineManager.java:149)
	at org.apache.hadoop.hdds.scm.block.BlockManagerImpl.allocateBlock(BlockManagerImpl.java:190)
	at org.apache.hadoop.hdds.scm.server.SCMBlockProtocolServer.allocateBlock(SCMBlockProtocolServer.java:175)
	at org.apache.hadoop.ozone.protocolPB.ScmBlockLocationProtocolServerSideTranslatorPB.allocateScmBlock(ScmBlockLocationProtocolServerSideTranslatorPB.java:153)
	at org.apache.hadoop.ozone.protocolPB.ScmBlockLocationProtocolServerSideTranslatorPB.send(ScmBlockLocationProtocolServerSideTranslatorPB.java:112)
	at org.apache.hadoop.hdds.protocol.proto.ScmBlockLocationProtocolProtos$ScmBlockLocationProtocolService$2.callBlockingMethod(ScmBlockLocationProtocolProtos.java:13157)
	at org.apache.hadoop.ipc.ProtobufRpcEngine$Server$ProtoBufRpcInvoker.call(ProtobufRpcEngine.java:524)
	at org.apache.hadoop.ipc.RPC$Server.call(RPC.java:1025)
	at org.apache.hadoop.ipc.Server$RpcCall.run(Server.java:876)
	at org.apache.hadoop.ipc.Server$RpcCall.run(Server.java:822)
	at java.security.AccessController.doPrivileged(Native Method)
	at javax.security.auth.Subject.doAs(Subject.java:422)
	at org.apache.hadoop.security.UserGroupInformation.doAs(UserGroupInformation.java:1730)
	at org.apache.hadoop.ipc.Server$Handler.run(Server.java:2682)
2019-09-20 08:50:48,050 [IPC Server handler 8 on 35288] INFO  pipeline.PipelinePlacementPolicy (PipelinePlacementPolicy.java:meetCriteria(91)) - Pipeline Placement: Doesn't meet the criteria to be viable node： d183acf8-c1d4-40f7-ba5a-175455d3bd55 Heaviness: 6 limit: 5
2019-09-20 08:50:48,051 [IPC Server handler 8 on 35288] INFO  pipeline.PipelinePlacementPolicy (PipelinePlacementPolicy.java:meetCriteria(91)) - Pipeline Placement: Doesn't meet the criteria to be viable node： 2a6ce4d1-5069-4aeb-8b94-5f253cd23bfc Heaviness: 6 limit: 5
2019-09-20 08:50:48,050 [IPC Server handler 19 on 35288] INFO  block.BlockManagerImpl (BlockManagerImpl.java:allocateBlock(198)) - Could not find available pipeline of type:RATIS and factor:THREE even after retrying
2019-09-20 08:50:48,050 [IPC Server handler 1 on 35288] INFO  block.BlockManagerImpl (BlockManagerImpl.java:allocateBlock(198)) - Could not find available pipeline of type:RATIS and factor:THREE even after retrying
2019-09-20 08:50:48,051 [IPC Server handler 19 on 35288] ERROR block.BlockManagerImpl (BlockManagerImpl.java:allocateBlock(222)) - Unable to allocate a block for the size: 4194304, type: RATIS, factor: THREE
2019-09-20 08:50:48,051 [IPC Server handler 8 on 35288] INFO  pipeline.PipelinePlacementPolicy (PipelinePlacementPolicy.java:meetCriteria(91)) - Pipeline Placement: Doesn't meet the criteria to be viable node： 972eec63-801b-4789-a14a-664c049671ee Heaviness: 6 limit: 5
2019-09-20 08:50:48,052 | INFO  | SCMAudit | user=jenkins1000 | ip=192.168.36.79 | op=ALLOCATE_BLOCK {owner=de213d33-d5bc-4e32-9ee1-d102376c7a7f, size=4194304, type=RATIS, factor=THREE} | ret=SUCCESS |  
2019-09-20 08:50:48,052 [IPC Server handler 1 on 35288] ERROR block.BlockManagerImpl (BlockManagerImpl.java:allocateBlock(222)) - Unable to allocate a block for the size: 4194304, type: RATIS, factor: THREE
2019-09-20 08:50:48,052 [IPC Server handler 8 on 35288] INFO  pipeline.PipelinePlacementPolicy (PipelinePlacementPolicy.java:meetCriteria(91)) - Pipeline Placement: Doesn't meet the criteria to be viable node： 5e9b3ca5-d58f-427a-bd11-930d28ac57d8 Heaviness: 6 limit: 5
2019-09-20 08:50:48,052 | INFO  | SCMAudit | user=jenkins1000 | ip=192.168.36.79 | op=ALLOCATE_BLOCK {owner=de213d33-d5bc-4e32-9ee1-d102376c7a7f, size=4194304, type=RATIS, factor=THREE} | ret=SUCCESS |  
2019-09-20 08:50:48,053 [IPC Server handler 8 on 35288] INFO  pipeline.PipelinePlacementPolicy (PipelinePlacementPolicy.java:meetCriteria(91)) - Pipeline Placement: Doesn't meet the criteria to be viable node： 64119811-c299-4353-bef2-4f1f08694db1 Heaviness: 6 limit: 5
2019-09-20 08:50:48,053 [IPC Server handler 8 on 35288] ERROR pipeline.PipelinePlacementPolicy (PipelinePlacementPolicy.java:filterViableNodes(148)) - Unable to find enough nodes that meet the criteria that cannot engage in more than 5 pipelines. Nodes required: 3 Found: 0, healthy nodes count inNodeManager: 5.
2019-09-20 08:50:48,053 [IPC Server handler 8 on 35288] ERROR pipeline.SCMPipelineManager (SCMPipelineManager.java:createPipeline(161)) - Pipeline creation failed due to exception: Unable to find enough nodes that meet the criteria that cannot engage in more than 5 pipelines. Nodes required: 3 Found: 0, healthy nodes count inNodeManager: 5.
2019-09-20 08:50:48,053 [IPC Server handler 8 on 35288] WARN  block.BlockManagerImpl (BlockManagerImpl.java:allocateBlock(192)) - Pipeline creation failed for type:RATIS factor:THREE. Retrying get pipelines call once.
org.apache.hadoop.hdds.scm.exceptions.SCMException: Unable to find enough nodes that meet the criteria that cannot engage in more than 5 pipelines. Nodes required: 3 Found: 0, healthy nodes count inNodeManager: 5.
	at org.apache.hadoop.hdds.scm.pipeline.PipelinePlacementPolicy.filterViableNodes(PipelinePlacementPolicy.java:149)
	at org.apache.hadoop.hdds.scm.pipeline.PipelinePlacementPolicy.chooseDatanodes(PipelinePlacementPolicy.java:172)
	at org.apache.hadoop.hdds.scm.pipeline.RatisPipelineProvider.create(RatisPipelineProvider.java:92)
	at org.apache.hadoop.hdds.scm.pipeline.PipelineFactory.create(PipelineFactory.java:57)
	at org.apache.hadoop.hdds.scm.pipeline.SCMPipelineManager.createPipeline(SCMPipelineManager.java:149)
	at org.apache.hadoop.hdds.scm.block.BlockManagerImpl.allocateBlock(BlockManagerImpl.java:190)
	at org.apache.hadoop.hdds.scm.server.SCMBlockProtocolServer.allocateBlock(SCMBlockProtocolServer.java:175)
	at org.apache.hadoop.ozone.protocolPB.ScmBlockLocationProtocolServerSideTranslatorPB.allocateScmBlock(ScmBlockLocationProtocolServerSideTranslatorPB.java:153)
	at org.apache.hadoop.ozone.protocolPB.ScmBlockLocationProtocolServerSideTranslatorPB.send(ScmBlockLocationProtocolServerSideTranslatorPB.java:112)
	at org.apache.hadoop.hdds.protocol.proto.ScmBlockLocationProtocolProtos$ScmBlockLocationProtocolService$2.callBlockingMethod(ScmBlockLocationProtocolProtos.java:13157)
	at org.apache.hadoop.ipc.ProtobufRpcEngine$Server$ProtoBufRpcInvoker.call(ProtobufRpcEngine.java:524)
	at org.apache.hadoop.ipc.RPC$Server.call(RPC.java:1025)
	at org.apache.hadoop.ipc.Server$RpcCall.run(Server.java:876)
	at org.apache.hadoop.ipc.Server$RpcCall.run(Server.java:822)
	at java.security.AccessController.doPrivileged(Native Method)
	at javax.security.auth.Subject.doAs(Subject.java:422)
	at org.apache.hadoop.security.UserGroupInformation.doAs(UserGroupInformation.java:1730)
	at org.apache.hadoop.ipc.Server$Handler.run(Server.java:2682)
2019-09-20 08:50:48,053 [IPC Server handler 0 on 35288] INFO  pipeline.PipelinePlacementPolicy (PipelinePlacementPolicy.java:meetCriteria(91)) - Pipeline Placement: Doesn't meet the criteria to be viable node： d183acf8-c1d4-40f7-ba5a-175455d3bd55 Heaviness: 6 limit: 5
2019-09-20 08:50:48,054 [IPC Server handler 0 on 35288] INFO  pipeline.PipelinePlacementPolicy (PipelinePlacementPolicy.java:meetCriteria(91)) - Pipeline Placement: Doesn't meet the criteria to be viable node： 2a6ce4d1-5069-4aeb-8b94-5f253cd23bfc Heaviness: 6 limit: 5
2019-09-20 08:50:48,055 [IPC Server handler 0 on 35288] INFO  pipeline.PipelinePlacementPolicy (PipelinePlacementPolicy.java:meetCriteria(91)) - Pipeline Placement: Doesn't meet the criteria to be viable node： 972eec63-801b-4789-a14a-664c049671ee Heaviness: 6 limit: 5
2019-09-20 08:50:48,055 [IPC Server handler 0 on 35288] INFO  pipeline.PipelinePlacementPolicy (PipelinePlacementPolicy.java:meetCriteria(91)) - Pipeline Placement: Doesn't meet the criteria to be viable node： 5e9b3ca5-d58f-427a-bd11-930d28ac57d8 Heaviness: 6 limit: 5
2019-09-20 08:50:48,055 [IPC Server handler 0 on 35288] INFO  pipeline.PipelinePlacementPolicy (PipelinePlacementPolicy.java:meetCriteria(91)) - Pipeline Placement: Doesn't meet the criteria to be viable node： 64119811-c299-4353-bef2-4f1f08694db1 Heaviness: 6 limit: 5
2019-09-20 08:50:48,055 [IPC Server handler 0 on 35288] ERROR pipeline.PipelinePlacementPolicy (PipelinePlacementPolicy.java:filterViableNodes(148)) - Unable to find enough nodes that meet the criteria that cannot engage in more than 5 pipelines. Nodes required: 3 Found: 0, healthy nodes count inNodeManager: 5.
2019-09-20 08:50:48,055 [IPC Server handler 0 on 35288] ERROR pipeline.SCMPipelineManager (SCMPipelineManager.java:createPipeline(161)) - Pipeline creation failed due to exception: Unable to find enough nodes that meet the criteria that cannot engage in more than 5 pipelines. Nodes required: 3 Found: 0, healthy nodes count inNodeManager: 5.
2019-09-20 08:50:48,056 [IPC Server handler 0 on 35288] WARN  block.BlockManagerImpl (BlockManagerImpl.java:allocateBlock(192)) - Pipeline creation failed for type:RATIS factor:THREE. Retrying get pipelines call once.
org.apache.hadoop.hdds.scm.exceptions.SCMException: Unable to find enough nodes that meet the criteria that cannot engage in more than 5 pipelines. Nodes required: 3 Found: 0, healthy nodes count inNodeManager: 5.
	at org.apache.hadoop.hdds.scm.pipeline.PipelinePlacementPolicy.filterViableNodes(PipelinePlacementPolicy.java:149)
	at org.apache.hadoop.hdds.scm.pipeline.PipelinePlacementPolicy.chooseDatanodes(PipelinePlacementPolicy.java:172)
	at org.apache.hadoop.hdds.scm.pipeline.RatisPipelineProvider.create(RatisPipelineProvider.java:92)
	at org.apache.hadoop.hdds.scm.pipeline.PipelineFactory.create(PipelineFactory.java:57)
	at org.apache.hadoop.hdds.scm.pipeline.SCMPipelineManager.createPipeline(SCMPipelineManager.java:149)
	at org.apache.hadoop.hdds.scm.block.BlockManagerImpl.allocateBlock(BlockManagerImpl.java:190)
	at org.apache.hadoop.hdds.scm.server.SCMBlockProtocolServer.allocateBlock(SCMBlockProtocolServer.java:175)
	at org.apache.hadoop.ozone.protocolPB.ScmBlockLocationProtocolServerSideTranslatorPB.allocateScmBlock(ScmBlockLocationProtocolServerSideTranslatorPB.java:153)
	at org.apache.hadoop.ozone.protocolPB.ScmBlockLocationProtocolServerSideTranslatorPB.send(ScmBlockLocationProtocolServerSideTranslatorPB.java:112)
	at org.apache.hadoop.hdds.protocol.proto.ScmBlockLocationProtocolProtos$ScmBlockLocationProtocolService$2.callBlockingMethod(ScmBlockLocationProtocolProtos.java:13157)
	at org.apache.hadoop.ipc.ProtobufRpcEngine$Server$ProtoBufRpcInvoker.call(ProtobufRpcEngine.java:524)
	at org.apache.hadoop.ipc.RPC$Server.call(RPC.java:1025)
	at org.apache.hadoop.ipc.Server$RpcCall.run(Server.java:876)
	at org.apache.hadoop.ipc.Server$RpcCall.run(Server.java:822)
	at java.security.AccessController.doPrivileged(Native Method)
	at javax.security.auth.Subject.doAs(Subject.java:422)
	at org.apache.hadoop.security.UserGroupInformation.doAs(UserGroupInformation.java:1730)
	at org.apache.hadoop.ipc.Server$Handler.run(Server.java:2682)
2019-09-20 08:50:48,056 [IPC Server handler 4 on 35288] INFO  pipeline.PipelinePlacementPolicy (PipelinePlacementPolicy.java:meetCriteria(91)) - Pipeline Placement: Doesn't meet the criteria to be viable node： d183acf8-c1d4-40f7-ba5a-175455d3bd55 Heaviness: 6 limit: 5
2019-09-20 08:50:48,056 [IPC Server handler 8 on 35288] INFO  block.BlockManagerImpl (BlockManagerImpl.java:allocateBlock(198)) - Could not find available pipeline of type:RATIS and factor:THREE even after retrying
2019-09-20 08:50:48,057 [IPC Server handler 8 on 35288] ERROR block.BlockManagerImpl (BlockManagerImpl.java:allocateBlock(222)) - Unable to allocate a block for the size: 4194304, type: RATIS, factor: THREE
2019-09-20 08:50:48,056 [IPC Server handler 16 on 35288] INFO  block.BlockManagerImpl (BlockManagerImpl.java:allocateBlock(198)) - Could not find available pipeline of type:RATIS and factor:THREE even after retrying
2019-09-20 08:50:48,057 | INFO  | SCMAudit | user=jenkins1000 | ip=192.168.36.79 | op=ALLOCATE_BLOCK {owner=de213d33-d5bc-4e32-9ee1-d102376c7a7f, size=4194304, type=RATIS, factor=THREE} | ret=SUCCESS |  
2019-09-20 08:50:48,057 [IPC Server handler 16 on 35288] ERROR block.BlockManagerImpl (BlockManagerImpl.java:allocateBlock(222)) - Unable to allocate a block for the size: 4194304, type: RATIS, factor: THREE
2019-09-20 08:50:48,059 | INFO  | SCMAudit | user=jenkins1000 | ip=192.168.36.79 | op=ALLOCATE_BLOCK {owner=de213d33-d5bc-4e32-9ee1-d102376c7a7f, size=4194304, type=RATIS, factor=THREE} | ret=SUCCESS |  
2019-09-20 08:50:48,057 [IPC Server handler 4 on 35288] INFO  pipeline.PipelinePlacementPolicy (PipelinePlacementPolicy.java:meetCriteria(91)) - Pipeline Placement: Doesn't meet the criteria to be viable node： 2a6ce4d1-5069-4aeb-8b94-5f253cd23bfc Heaviness: 6 limit: 5
2019-09-20 08:50:48,060 [IPC Server handler 4 on 35288] INFO  pipeline.PipelinePlacementPolicy (PipelinePlacementPolicy.java:meetCriteria(91)) - Pipeline Placement: Doesn't meet the criteria to be viable node： 972eec63-801b-4789-a14a-664c049671ee Heaviness: 6 limit: 5
2019-09-20 08:50:48,060 [IPC Server handler 4 on 35288] INFO  pipeline.PipelinePlacementPolicy (PipelinePlacementPolicy.java:meetCriteria(91)) - Pipeline Placement: Doesn't meet the criteria to be viable node： 5e9b3ca5-d58f-427a-bd11-930d28ac57d8 Heaviness: 6 limit: 5
2019-09-20 08:50:48,060 [IPC Server handler 4 on 35288] INFO  pipeline.PipelinePlacementPolicy (PipelinePlacementPolicy.java:meetCriteria(91)) - Pipeline Placement: Doesn't meet the criteria to be viable node： 64119811-c299-4353-bef2-4f1f08694db1 Heaviness: 6 limit: 5
2019-09-20 08:50:48,061 [IPC Server handler 4 on 35288] ERROR pipeline.PipelinePlacementPolicy (PipelinePlacementPolicy.java:filterViableNodes(148)) - Unable to find enough nodes that meet the criteria that cannot engage in more than 5 pipelines. Nodes required: 3 Found: 0, healthy nodes count inNodeManager: 5.
2019-09-20 08:50:48,061 [IPC Server handler 4 on 35288] ERROR pipeline.SCMPipelineManager (SCMPipelineManager.java:createPipeline(161)) - Pipeline creation failed due to exception: Unable to find enough nodes that meet the criteria that cannot engage in more than 5 pipelines. Nodes required: 3 Found: 0, healthy nodes count inNodeManager: 5.
2019-09-20 08:50:48,060 | ERROR | OMAudit | user=jenkins1000 | ip=127.0.0.1 | op=ALLOCATE_KEY {volume=vol-7-08768, bucket=bucket-0-25746, key=key-0-69326, dataSize=10240, replicationType=RATIS, replicationFactor=THREE, keyLocationInfo=null} | ret=FAILURE | org.apache.hadoop.hdds.scm.exceptions.SCMException: Allocated 0 blocks. Requested 1 blocks
	at org.apache.hadoop.hdds.scm.protocolPB.ScmBlockLocationProtocolClientSideTranslatorPB.handleError(ScmBlockLocationProtocolClientSideTranslatorPB.java:118)
	at org.apache.hadoop.hdds.scm.protocolPB.ScmBlockLocationProtocolClientSideTranslatorPB.allocateBlock(ScmBlockLocationProtocolClientSideTranslatorPB.java:156) 
2019-09-20 08:50:48,060 | ERROR | OMAudit | user=jenkins1000 | ip=127.0.0.1 | op=ALLOCATE_KEY {volume=vol-6-37159, bucket=bucket-0-65737, key=key-0-34630, dataSize=10240, replicationType=RATIS, replicationFactor=THREE, keyLocationInfo=null} | ret=FAILURE | org.apache.hadoop.hdds.scm.exceptions.SCMException: Allocated 0 blocks. Requested 1 blocks
	at org.apache.hadoop.hdds.scm.protocolPB.ScmBlockLocationProtocolClientSideTranslatorPB.handleError(ScmBlockLocationProtocolClientSideTranslatorPB.java:118)
	at org.apache.hadoop.hdds.scm.protocolPB.ScmBlockLocationProtocolClientSideTranslatorPB.allocateBlock(ScmBlockLocationProtocolClientSideTranslatorPB.java:156) 
2019-09-20 08:50:48,060 | ERROR | OMAudit | user=jenkins1000 | ip=127.0.0.1 | op=ALLOCATE_KEY {volume=vol-4-54575, bucket=bucket-0-33539, key=key-0-14072, dataSize=10240, replicationType=RATIS, replicationFactor=THREE, keyLocationInfo=null} | ret=FAILURE | org.apache.hadoop.hdds.scm.exceptions.SCMException: Allocated 0 blocks. Requested 1 blocks
	at org.apache.hadoop.hdds.scm.protocolPB.ScmBlockLocationProtocolClientSideTranslatorPB.handleError(ScmBlockLocationProtocolClientSideTranslatorPB.java:118)
	at org.apache.hadoop.hdds.scm.protocolPB.ScmBlockLocationProtocolClientSideTranslatorPB.allocateBlock(ScmBlockLocationProtocolClientSideTranslatorPB.java:156) 
2019-09-20 08:50:48,060 | ERROR | OMAudit | user=jenkins1000 | ip=127.0.0.1 | op=ALLOCATE_KEY {volume=vol-2-12325, bucket=bucket-0-71367, key=key-0-65885, dataSize=10240, replicationType=RATIS, replicationFactor=THREE, keyLocationInfo=null} | ret=FAILURE | org.apache.hadoop.hdds.scm.exceptions.SCMException: Allocated 0 blocks. Requested 1 blocks
	at org.apache.hadoop.hdds.scm.protocolPB.ScmBlockLocationProtocolClientSideTranslatorPB.handleError(ScmBlockLocationProtocolClientSideTranslatorPB.java:118)
	at org.apache.hadoop.hdds.scm.protocolPB.ScmBlockLocationProtocolClientSideTranslatorPB.allocateBlock(ScmBlockLocationProtocolClientSideTranslatorPB.java:156) 
2019-09-20 08:50:48,061 [IPC Server handler 4 on 35288] WARN  block.BlockManagerImpl (BlockManagerImpl.java:allocateBlock(192)) - Pipeline creation failed for type:RATIS factor:THREE. Retrying get pipelines call once.
org.apache.hadoop.hdds.scm.exceptions.SCMException: Unable to find enough nodes that meet the criteria that cannot engage in more than 5 pipelines. Nodes required: 3 Found: 0, healthy nodes count inNodeManager: 5.
	at org.apache.hadoop.hdds.scm.pipeline.PipelinePlacementPolicy.filterViableNodes(PipelinePlacementPolicy.java:149)
	at org.apache.hadoop.hdds.scm.pipeline.PipelinePlacementPolicy.chooseDatanodes(PipelinePlacementPolicy.java:172)
	at org.apache.hadoop.hdds.scm.pipeline.RatisPipelineProvider.create(RatisPipelineProvider.java:92)
	at org.apache.hadoop.hdds.scm.pipeline.PipelineFactory.create(PipelineFactory.java:57)
	at org.apache.hadoop.hdds.scm.pipeline.SCMPipelineManager.createPipeline(SCMPipelineManager.java:149)
	at org.apache.hadoop.hdds.scm.block.BlockManagerImpl.allocateBlock(BlockManagerImpl.java:190)
	at org.apache.hadoop.hdds.scm.server.SCMBlockProtocolServer.allocateBlock(SCMBlockProtocolServer.java:175)
	at org.apache.hadoop.ozone.protocolPB.ScmBlockLocationProtocolServerSideTranslatorPB.allocateScmBlock(ScmBlockLocationProtocolServerSideTranslatorPB.java:153)
	at org.apache.hadoop.ozone.protocolPB.ScmBlockLocationProtocolServerSideTranslatorPB.send(ScmBlockLocationProtocolServerSideTranslatorPB.java:112)
	at org.apache.hadoop.hdds.protocol.proto.ScmBlockLocationProtocolProtos$ScmBlockLocationProtocolService$2.callBlockingMethod(ScmBlockLocationProtocolProtos.java:13157)
	at org.apache.hadoop.ipc.ProtobufRpcEngine$Server$ProtoBufRpcInvoker.call(ProtobufRpcEngine.java:524)
	at org.apache.hadoop.ipc.RPC$Server.call(RPC.java:1025)
	at org.apache.hadoop.ipc.Server$RpcCall.run(Server.java:876)
	at org.apache.hadoop.ipc.Server$RpcCall.run(Server.java:822)
	at java.security.AccessController.doPrivileged(Native Method)
	at javax.security.auth.Subject.doAs(Subject.java:422)
	at org.apache.hadoop.security.UserGroupInformation.doAs(UserGroupInformation.java:1730)
	at org.apache.hadoop.ipc.Server$Handler.run(Server.java:2682)
2019-09-20 08:50:48,061 [IPC Server handler 3 on 35288] INFO  pipeline.PipelinePlacementPolicy (PipelinePlacementPolicy.java:meetCriteria(91)) - Pipeline Placement: Doesn't meet the criteria to be viable node： d183acf8-c1d4-40f7-ba5a-175455d3bd55 Heaviness: 6 limit: 5
2019-09-20 08:50:48,061 [IPC Server handler 0 on 35288] INFO  block.BlockManagerImpl (BlockManagerImpl.java:allocateBlock(198)) - Could not find available pipeline of type:RATIS and factor:THREE even after retrying
2019-09-20 08:50:48,062 [IPC Server handler 0 on 35288] ERROR block.BlockManagerImpl (BlockManagerImpl.java:allocateBlock(222)) - Unable to allocate a block for the size: 4194304, type: RATIS, factor: THREE
2019-09-20 08:50:48,063 | INFO  | SCMAudit | user=jenkins1000 | ip=192.168.36.79 | op=ALLOCATE_BLOCK {owner=de213d33-d5bc-4e32-9ee1-d102376c7a7f, size=4194304, type=RATIS, factor=THREE} | ret=SUCCESS |  
2019-09-20 08:50:48,062 [IPC Server handler 3 on 35288] INFO  pipeline.PipelinePlacementPolicy (PipelinePlacementPolicy.java:meetCriteria(91)) - Pipeline Placement: Doesn't meet the criteria to be viable node： 2a6ce4d1-5069-4aeb-8b94-5f253cd23bfc Heaviness: 6 limit: 5
2019-09-20 08:50:48,063 [IPC Server handler 3 on 35288] INFO  pipeline.PipelinePlacementPolicy (PipelinePlacementPolicy.java:meetCriteria(91)) - Pipeline Placement: Doesn't meet the criteria to be viable node： 972eec63-801b-4789-a14a-664c049671ee Heaviness: 6 limit: 5
2019-09-20 08:50:48,063 [IPC Server handler 3 on 35288] INFO  pipeline.PipelinePlacementPolicy (PipelinePlacementPolicy.java:meetCriteria(91)) - Pipeline Placement: Doesn't meet the criteria to be viable node： 5e9b3ca5-d58f-427a-bd11-930d28ac57d8 Heaviness: 6 limit: 5
2019-09-20 08:50:48,076 [pool-78-thread-10] ERROR freon.RandomKeyGenerator (RandomKeyGenerator.java:createKey(724)) - Exception while adding key: key-0-65885 in bucket: bucket-0-71367 of volume: vol-2-12325.
INTERNAL_ERROR org.apache.hadoop.ozone.om.exceptions.OMException: Allocated 0 blocks. Requested 1 blocks
	at org.apache.hadoop.ozone.om.protocolPB.OzoneManagerProtocolClientSideTranslatorPB.handleError(OzoneManagerProtocolClientSideTranslatorPB.java:725)
	at org.apache.hadoop.ozone.om.protocolPB.OzoneManagerProtocolClientSideTranslatorPB.openKey(OzoneManagerProtocolClientSideTranslatorPB.java:716)
	at org.apache.hadoop.ozone.client.rpc.RpcClient.createKey(RpcClient.java:615)
	at org.apache.hadoop.ozone.client.OzoneBucket.createKey(OzoneBucket.java:323)
	at org.apache.hadoop.ozone.freon.RandomKeyGenerator.createKey(RandomKeyGenerator.java:686)
	at org.apache.hadoop.ozone.freon.RandomKeyGenerator.access$1100(RandomKeyGenerator.java:87)
	at org.apache.hadoop.ozone.freon.RandomKeyGenerator$ObjectCreator.run(RandomKeyGenerator.java:606)
	at java.util.concurrent.Executors$RunnableAdapter.call(Executors.java:511)
	at java.util.concurrent.FutureTask.run(FutureTask.java:266)
	at java.util.concurrent.ThreadPoolExecutor.runWorker(ThreadPoolExecutor.java:1149)
	at java.util.concurrent.ThreadPoolExecutor$Worker.run(ThreadPoolExecutor.java:624)
	at java.lang.Thread.run(Thread.java:748)
2019-09-20 08:50:48,076 | ERROR | OMAudit | user=jenkins1000 | ip=127.0.0.1 | op=ALLOCATE_KEY {volume=vol-8-45245, bucket=bucket-0-53122, key=key-0-40693, dataSize=10240, replicationType=RATIS, replicationFactor=THREE, keyLocationInfo=null} | ret=FAILURE | org.apache.hadoop.hdds.scm.exceptions.SCMException: Allocated 0 blocks. Requested 1 blocks
	at org.apache.hadoop.hdds.scm.protocolPB.ScmBlockLocationProtocolClientSideTranslatorPB.handleError(ScmBlockLocationProtocolClientSideTranslatorPB.java:118)
	at org.apache.hadoop.hdds.scm.protocolPB.ScmBlockLocationProtocolClientSideTranslatorPB.allocateBlock(ScmBlockLocationProtocolClientSideTranslatorPB.java:156) 
2019-09-20 08:50:48,063 [pool-78-thread-6] ERROR freon.RandomKeyGenerator (RandomKeyGenerator.java:createKey(724)) - Exception while adding key: key-0-69326 in bucket: bucket-0-25746 of volume: vol-7-08768.
INTERNAL_ERROR org.apache.hadoop.ozone.om.exceptions.OMException: Allocated 0 blocks. Requested 1 blocks
	at org.apache.hadoop.ozone.om.protocolPB.OzoneManagerProtocolClientSideTranslatorPB.handleError(OzoneManagerProtocolClientSideTranslatorPB.java:725)
	at org.apache.hadoop.ozone.om.protocolPB.OzoneManagerProtocolClientSideTranslatorPB.openKey(OzoneManagerProtocolClientSideTranslatorPB.java:716)
	at org.apache.hadoop.ozone.client.rpc.RpcClient.createKey(RpcClient.java:615)
	at org.apache.hadoop.ozone.client.OzoneBucket.createKey(OzoneBucket.java:323)
	at org.apache.hadoop.ozone.freon.RandomKeyGenerator.createKey(RandomKeyGenerator.java:686)
	at org.apache.hadoop.ozone.freon.RandomKeyGenerator.access$1100(RandomKeyGenerator.java:87)
	at org.apache.hadoop.ozone.freon.RandomKeyGenerator$ObjectCreator.run(RandomKeyGenerator.java:606)
	at java.util.concurrent.Executors$RunnableAdapter.call(Executors.java:511)
	at java.util.concurrent.FutureTask.run(FutureTask.java:266)
	at java.util.concurrent.ThreadPoolExecutor.runWorker(ThreadPoolExecutor.java:1149)
	at java.util.concurrent.ThreadPoolExecutor$Worker.run(ThreadPoolExecutor.java:624)
	at java.lang.Thread.run(Thread.java:748)
2019-09-20 08:50:48,063 [pool-78-thread-8] ERROR freon.RandomKeyGenerator (RandomKeyGenerator.java:createKey(724)) - Exception while adding key: key-0-34630 in bucket: bucket-0-65737 of volume: vol-6-37159.
INTERNAL_ERROR org.apache.hadoop.ozone.om.exceptions.OMException: Allocated 0 blocks. Requested 1 blocks
	at org.apache.hadoop.ozone.om.protocolPB.OzoneManagerProtocolClientSideTranslatorPB.handleError(OzoneManagerProtocolClientSideTranslatorPB.java:725)
	at org.apache.hadoop.ozone.om.protocolPB.OzoneManagerProtocolClientSideTranslatorPB.openKey(OzoneManagerProtocolClientSideTranslatorPB.java:716)
	at org.apache.hadoop.ozone.client.rpc.RpcClient.createKey(RpcClient.java:615)
	at org.apache.hadoop.ozone.client.OzoneBucket.createKey(OzoneBucket.java:323)
	at org.apache.hadoop.ozone.freon.RandomKeyGenerator.createKey(RandomKeyGenerator.java:686)
	at org.apache.hadoop.ozone.freon.RandomKeyGenerator.access$1100(RandomKeyGenerator.java:87)
	at org.apache.hadoop.ozone.freon.RandomKeyGenerator$ObjectCreator.run(RandomKeyGenerator.java:606)
	at java.util.concurrent.Executors$RunnableAdapter.call(Executors.java:511)
	at java.util.concurrent.FutureTask.run(FutureTask.java:266)
	at java.util.concurrent.ThreadPoolExecutor.runWorker(ThreadPoolExecutor.java:1149)
	at java.util.concurrent.ThreadPoolExecutor$Worker.run(ThreadPoolExecutor.java:624)
	at java.lang.Thread.run(Thread.java:748)
2019-09-20 08:50:48,063 [pool-78-thread-7] ERROR freon.RandomKeyGenerator (RandomKeyGenerator.java:createKey(724)) - Exception while adding key: key-0-14072 in bucket: bucket-0-33539 of volume: vol-4-54575.
INTERNAL_ERROR org.apache.hadoop.ozone.om.exceptions.OMException: Allocated 0 blocks. Requested 1 blocks
	at org.apache.hadoop.ozone.om.protocolPB.OzoneManagerProtocolClientSideTranslatorPB.handleError(OzoneManagerProtocolClientSideTranslatorPB.java:725)
	at org.apache.hadoop.ozone.om.protocolPB.OzoneManagerProtocolClientSideTranslatorPB.openKey(OzoneManagerProtocolClientSideTranslatorPB.java:716)
	at org.apache.hadoop.ozone.client.rpc.RpcClient.createKey(RpcClient.java:615)
	at org.apache.hadoop.ozone.client.OzoneBucket.createKey(OzoneBucket.java:323)
	at org.apache.hadoop.ozone.freon.RandomKeyGenerator.createKey(RandomKeyGenerator.java:686)
	at org.apache.hadoop.ozone.freon.RandomKeyGenerator.access$1100(RandomKeyGenerator.java:87)
	at org.apache.hadoop.ozone.freon.RandomKeyGenerator$ObjectCreator.run(RandomKeyGenerator.java:606)
	at java.util.concurrent.Executors$RunnableAdapter.call(Executors.java:511)
	at java.util.concurrent.FutureTask.run(FutureTask.java:266)
	at java.util.concurrent.ThreadPoolExecutor.runWorker(ThreadPoolExecutor.java:1149)
	at java.util.concurrent.ThreadPoolExecutor$Worker.run(ThreadPoolExecutor.java:624)
	at java.lang.Thread.run(Thread.java:748)
2019-09-20 08:50:48,078 [pool-78-thread-9] ERROR freon.RandomKeyGenerator (RandomKeyGenerator.java:createKey(724)) - Exception while adding key: key-0-40693 in bucket: bucket-0-53122 of volume: vol-8-45245.
INTERNAL_ERROR org.apache.hadoop.ozone.om.exceptions.OMException: Allocated 0 blocks. Requested 1 blocks
	at org.apache.hadoop.ozone.om.protocolPB.OzoneManagerProtocolClientSideTranslatorPB.handleError(OzoneManagerProtocolClientSideTranslatorPB.java:725)
	at org.apache.hadoop.ozone.om.protocolPB.OzoneManagerProtocolClientSideTranslatorPB.openKey(OzoneManagerProtocolClientSideTranslatorPB.java:716)
	at org.apache.hadoop.ozone.client.rpc.RpcClient.createKey(RpcClient.java:615)
	at org.apache.hadoop.ozone.client.OzoneBucket.createKey(OzoneBucket.java:323)
	at org.apache.hadoop.ozone.freon.RandomKeyGenerator.createKey(RandomKeyGenerator.java:686)
	at org.apache.hadoop.ozone.freon.RandomKeyGenerator.access$1100(RandomKeyGenerator.java:87)
	at org.apache.hadoop.ozone.freon.RandomKeyGenerator$ObjectCreator.run(RandomKeyGenerator.java:606)
	at java.util.concurrent.Executors$RunnableAdapter.call(Executors.java:511)
	at java.util.concurrent.FutureTask.run(FutureTask.java:266)
	at java.util.concurrent.ThreadPoolExecutor.runWorker(ThreadPoolExecutor.java:1149)
	at java.util.concurrent.ThreadPoolExecutor$Worker.run(ThreadPoolExecutor.java:624)
	at java.lang.Thread.run(Thread.java:748)
2019-09-20 08:50:48,076 [IPC Server handler 3 on 35288] INFO  pipeline.PipelinePlacementPolicy (PipelinePlacementPolicy.java:meetCriteria(91)) - Pipeline Placement: Doesn't meet the criteria to be viable node： 64119811-c299-4353-bef2-4f1f08694db1 Heaviness: 6 limit: 5
2019-09-20 08:50:48,079 [IPC Server handler 3 on 35288] ERROR pipeline.PipelinePlacementPolicy (PipelinePlacementPolicy.java:filterViableNodes(148)) - Unable to find enough nodes that meet the criteria that cannot engage in more than 5 pipelines. Nodes required: 3 Found: 0, healthy nodes count inNodeManager: 5.
2019-09-20 08:50:48,080 [IPC Server handler 3 on 35288] ERROR pipeline.SCMPipelineManager (SCMPipelineManager.java:createPipeline(161)) - Pipeline creation failed due to exception: Unable to find enough nodes that meet the criteria that cannot engage in more than 5 pipelines. Nodes required: 3 Found: 0, healthy nodes count inNodeManager: 5.
2019-09-20 08:50:48,080 [IPC Server handler 3 on 35288] WARN  block.BlockManagerImpl (BlockManagerImpl.java:allocateBlock(192)) - Pipeline creation failed for type:RATIS factor:THREE. Retrying get pipelines call once.
org.apache.hadoop.hdds.scm.exceptions.SCMException: Unable to find enough nodes that meet the criteria that cannot engage in more than 5 pipelines. Nodes required: 3 Found: 0, healthy nodes count inNodeManager: 5.
	at org.apache.hadoop.hdds.scm.pipeline.PipelinePlacementPolicy.filterViableNodes(PipelinePlacementPolicy.java:149)
	at org.apache.hadoop.hdds.scm.pipeline.PipelinePlacementPolicy.chooseDatanodes(PipelinePlacementPolicy.java:172)
	at org.apache.hadoop.hdds.scm.pipeline.RatisPipelineProvider.create(RatisPipelineProvider.java:92)
	at org.apache.hadoop.hdds.scm.pipeline.PipelineFactory.create(PipelineFactory.java:57)
	at org.apache.hadoop.hdds.scm.pipeline.SCMPipelineManager.createPipeline(SCMPipelineManager.java:149)
	at org.apache.hadoop.hdds.scm.block.BlockManagerImpl.allocateBlock(BlockManagerImpl.java:190)
	at org.apache.hadoop.hdds.scm.server.SCMBlockProtocolServer.allocateBlock(SCMBlockProtocolServer.java:175)
	at org.apache.hadoop.ozone.protocolPB.ScmBlockLocationProtocolServerSideTranslatorPB.allocateScmBlock(ScmBlockLocationProtocolServerSideTranslatorPB.java:153)
	at org.apache.hadoop.ozone.protocolPB.ScmBlockLocationProtocolServerSideTranslatorPB.send(ScmBlockLocationProtocolServerSideTranslatorPB.java:112)
	at org.apache.hadoop.hdds.protocol.proto.ScmBlockLocationProtocolProtos$ScmBlockLocationProtocolService$2.callBlockingMethod(ScmBlockLocationProtocolProtos.java:13157)
	at org.apache.hadoop.ipc.ProtobufRpcEngine$Server$ProtoBufRpcInvoker.call(ProtobufRpcEngine.java:524)
	at org.apache.hadoop.ipc.RPC$Server.call(RPC.java:1025)
	at org.apache.hadoop.ipc.Server$RpcCall.run(Server.java:876)
	at org.apache.hadoop.ipc.Server$RpcCall.run(Server.java:822)
	at java.security.AccessController.doPrivileged(Native Method)
	at javax.security.auth.Subject.doAs(Subject.java:422)
	at org.apache.hadoop.security.UserGroupInformation.doAs(UserGroupInformation.java:1730)
	at org.apache.hadoop.ipc.Server$Handler.run(Server.java:2682)
2019-09-20 08:50:48,080 [IPC Server handler 5 on 35288] INFO  pipeline.PipelinePlacementPolicy (PipelinePlacementPolicy.java:meetCriteria(91)) - Pipeline Placement: Doesn't meet the criteria to be viable node： d183acf8-c1d4-40f7-ba5a-175455d3bd55 Heaviness: 6 limit: 5
2019-09-20 08:50:48,081 [IPC Server handler 5 on 35288] INFO  pipeline.PipelinePlacementPolicy (PipelinePlacementPolicy.java:meetCriteria(91)) - Pipeline Placement: Doesn't meet the criteria to be viable node： 2a6ce4d1-5069-4aeb-8b94-5f253cd23bfc Heaviness: 6 limit: 5
2019-09-20 08:50:48,080 [IPC Server handler 4 on 35288] INFO  block.BlockManagerImpl (BlockManagerImpl.java:allocateBlock(198)) - Could not find available pipeline of type:RATIS and factor:THREE even after retrying
2019-09-20 08:50:48,081 [IPC Server handler 5 on 35288] INFO  pipeline.PipelinePlacementPolicy (PipelinePlacementPolicy.java:meetCriteria(91)) - Pipeline Placement: Doesn't meet the criteria to be viable node： 972eec63-801b-4789-a14a-664c049671ee Heaviness: 6 limit: 5
2019-09-20 08:50:48,081 [IPC Server handler 4 on 35288] ERROR block.BlockManagerImpl (BlockManagerImpl.java:allocateBlock(222)) - Unable to allocate a block for the size: 4194304, type: RATIS, factor: THREE
2019-09-20 08:50:48,082 | INFO  | SCMAudit | user=jenkins1000 | ip=192.168.36.79 | op=ALLOCATE_BLOCK {owner=de213d33-d5bc-4e32-9ee1-d102376c7a7f, size=4194304, type=RATIS, factor=THREE} | ret=SUCCESS |  
2019-09-20 08:50:48,082 [IPC Server handler 5 on 35288] INFO  pipeline.PipelinePlacementPolicy (PipelinePlacementPolicy.java:meetCriteria(91)) - Pipeline Placement: Doesn't meet the criteria to be viable node： 5e9b3ca5-d58f-427a-bd11-930d28ac57d8 Heaviness: 6 limit: 5
2019-09-20 08:50:48,082 [IPC Server handler 5 on 35288] INFO  pipeline.PipelinePlacementPolicy (PipelinePlacementPolicy.java:meetCriteria(91)) - Pipeline Placement: Doesn't meet the criteria to be viable node： 64119811-c299-4353-bef2-4f1f08694db1 Heaviness: 6 limit: 5
2019-09-20 08:50:48,082 [IPC Server handler 5 on 35288] ERROR pipeline.PipelinePlacementPolicy (PipelinePlacementPolicy.java:filterViableNodes(148)) - Unable to find enough nodes that meet the criteria that cannot engage in more than 5 pipelines. Nodes required: 3 Found: 0, healthy nodes count inNodeManager: 5.
2019-09-20 08:50:48,083 [IPC Server handler 5 on 35288] ERROR pipeline.SCMPipelineManager (SCMPipelineManager.java:createPipeline(161)) - Pipeline creation failed due to exception: Unable to find enough nodes that meet the criteria that cannot engage in more than 5 pipelines. Nodes required: 3 Found: 0, healthy nodes count inNodeManager: 5.
2019-09-20 08:50:48,083 [IPC Server handler 5 on 35288] WARN  block.BlockManagerImpl (BlockManagerImpl.java:allocateBlock(192)) - Pipeline creation failed for type:RATIS factor:THREE. Retrying get pipelines call once.
org.apache.hadoop.hdds.scm.exceptions.SCMException: Unable to find enough nodes that meet the criteria that cannot engage in more than 5 pipelines. Nodes required: 3 Found: 0, healthy nodes count inNodeManager: 5.
	at org.apache.hadoop.hdds.scm.pipeline.PipelinePlacementPolicy.filterViableNodes(PipelinePlacementPolicy.java:149)
	at org.apache.hadoop.hdds.scm.pipeline.PipelinePlacementPolicy.chooseDatanodes(PipelinePlacementPolicy.java:172)
	at org.apache.hadoop.hdds.scm.pipeline.RatisPipelineProvider.create(RatisPipelineProvider.java:92)
	at org.apache.hadoop.hdds.scm.pipeline.PipelineFactory.create(PipelineFactory.java:57)
	at org.apache.hadoop.hdds.scm.pipeline.SCMPipelineManager.createPipeline(SCMPipelineManager.java:149)
	at org.apache.hadoop.hdds.scm.block.BlockManagerImpl.allocateBlock(BlockManagerImpl.java:190)
	at org.apache.hadoop.hdds.scm.server.SCMBlockProtocolServer.allocateBlock(SCMBlockProtocolServer.java:175)
	at org.apache.hadoop.ozone.protocolPB.ScmBlockLocationProtocolServerSideTranslatorPB.allocateScmBlock(ScmBlockLocationProtocolServerSideTranslatorPB.java:153)
	at org.apache.hadoop.ozone.protocolPB.ScmBlockLocationProtocolServerSideTranslatorPB.send(ScmBlockLocationProtocolServerSideTranslatorPB.java:112)
	at org.apache.hadoop.hdds.protocol.proto.ScmBlockLocationProtocolProtos$ScmBlockLocationProtocolService$2.callBlockingMethod(ScmBlockLocationProtocolProtos.java:13157)
	at org.apache.hadoop.ipc.ProtobufRpcEngine$Server$ProtoBufRpcInvoker.call(ProtobufRpcEngine.java:524)
	at org.apache.hadoop.ipc.RPC$Server.call(RPC.java:1025)
	at org.apache.hadoop.ipc.Server$RpcCall.run(Server.java:876)
	at org.apache.hadoop.ipc.Server$RpcCall.run(Server.java:822)
	at java.security.AccessController.doPrivileged(Native Method)
	at javax.security.auth.Subject.doAs(Subject.java:422)
	at org.apache.hadoop.security.UserGroupInformation.doAs(UserGroupInformation.java:1730)
	at org.apache.hadoop.ipc.Server$Handler.run(Server.java:2682)
2019-09-20 08:50:48,083 | ERROR | OMAudit | user=jenkins1000 | ip=127.0.0.1 | op=ALLOCATE_KEY {volume=vol-3-90408, bucket=bucket-0-78979, key=key-0-76121, dataSize=10240, replicationType=RATIS, replicationFactor=THREE, keyLocationInfo=null} | ret=FAILURE | org.apache.hadoop.hdds.scm.exceptions.SCMException: Allocated 0 blocks. Requested 1 blocks
	at org.apache.hadoop.hdds.scm.protocolPB.ScmBlockLocationProtocolClientSideTranslatorPB.handleError(ScmBlockLocationProtocolClientSideTranslatorPB.java:118)
	at org.apache.hadoop.hdds.scm.protocolPB.ScmBlockLocationProtocolClientSideTranslatorPB.allocateBlock(ScmBlockLocationProtocolClientSideTranslatorPB.java:156) 
2019-09-20 08:50:48,083 [IPC Server handler 18 on 35288] INFO  pipeline.PipelinePlacementPolicy (PipelinePlacementPolicy.java:meetCriteria(91)) - Pipeline Placement: Doesn't meet the criteria to be viable node： d183acf8-c1d4-40f7-ba5a-175455d3bd55 Heaviness: 6 limit: 5
2019-09-20 08:50:48,084 [IPC Server handler 18 on 35288] INFO  pipeline.PipelinePlacementPolicy (PipelinePlacementPolicy.java:meetCriteria(91)) - Pipeline Placement: Doesn't meet the criteria to be viable node： 2a6ce4d1-5069-4aeb-8b94-5f253cd23bfc Heaviness: 6 limit: 5
2019-09-20 08:50:48,084 [IPC Server handler 18 on 35288] INFO  pipeline.PipelinePlacementPolicy (PipelinePlacementPolicy.java:meetCriteria(91)) - Pipeline Placement: Doesn't meet the criteria to be viable node： 972eec63-801b-4789-a14a-664c049671ee Heaviness: 6 limit: 5
2019-09-20 08:50:48,084 [pool-78-thread-2] ERROR freon.RandomKeyGenerator (RandomKeyGenerator.java:createKey(724)) - Exception while adding key: key-0-76121 in bucket: bucket-0-78979 of volume: vol-3-90408.
INTERNAL_ERROR org.apache.hadoop.ozone.om.exceptions.OMException: Allocated 0 blocks. Requested 1 blocks
	at org.apache.hadoop.ozone.om.protocolPB.OzoneManagerProtocolClientSideTranslatorPB.handleError(OzoneManagerProtocolClientSideTranslatorPB.java:725)
	at org.apache.hadoop.ozone.om.protocolPB.OzoneManagerProtocolClientSideTranslatorPB.openKey(OzoneManagerProtocolClientSideTranslatorPB.java:716)
	at org.apache.hadoop.ozone.client.rpc.RpcClient.createKey(RpcClient.java:615)
	at org.apache.hadoop.ozone.client.OzoneBucket.createKey(OzoneBucket.java:323)
	at org.apache.hadoop.ozone.freon.RandomKeyGenerator.createKey(RandomKeyGenerator.java:686)
	at org.apache.hadoop.ozone.freon.RandomKeyGenerator.access$1100(RandomKeyGenerator.java:87)
	at org.apache.hadoop.ozone.freon.RandomKeyGenerator$ObjectCreator.run(RandomKeyGenerator.java:606)
	at java.util.concurrent.Executors$RunnableAdapter.call(Executors.java:511)
	at java.util.concurrent.FutureTask.run(FutureTask.java:266)
	at java.util.concurrent.ThreadPoolExecutor.runWorker(ThreadPoolExecutor.java:1149)
	at java.util.concurrent.ThreadPoolExecutor$Worker.run(ThreadPoolExecutor.java:624)
	at java.lang.Thread.run(Thread.java:748)
2019-09-20 08:50:48,083 [IPC Server handler 3 on 35288] INFO  block.BlockManagerImpl (BlockManagerImpl.java:allocateBlock(198)) - Could not find available pipeline of type:RATIS and factor:THREE even after retrying
2019-09-20 08:50:48,084 [IPC Server handler 18 on 35288] INFO  pipeline.PipelinePlacementPolicy (PipelinePlacementPolicy.java:meetCriteria(91)) - Pipeline Placement: Doesn't meet the criteria to be viable node： 5e9b3ca5-d58f-427a-bd11-930d28ac57d8 Heaviness: 6 limit: 5
2019-09-20 08:50:48,085 [IPC Server handler 3 on 35288] ERROR block.BlockManagerImpl (BlockManagerImpl.java:allocateBlock(222)) - Unable to allocate a block for the size: 4194304, type: RATIS, factor: THREE
2019-09-20 08:50:48,085 [IPC Server handler 18 on 35288] INFO  pipeline.PipelinePlacementPolicy (PipelinePlacementPolicy.java:meetCriteria(91)) - Pipeline Placement: Doesn't meet the criteria to be viable node： 64119811-c299-4353-bef2-4f1f08694db1 Heaviness: 6 limit: 5
2019-09-20 08:50:48,085 | INFO  | SCMAudit | user=jenkins1000 | ip=192.168.36.79 | op=ALLOCATE_BLOCK {owner=de213d33-d5bc-4e32-9ee1-d102376c7a7f, size=4194304, type=RATIS, factor=THREE} | ret=SUCCESS |  
2019-09-20 08:50:48,086 [IPC Server handler 18 on 35288] ERROR pipeline.PipelinePlacementPolicy (PipelinePlacementPolicy.java:filterViableNodes(148)) - Unable to find enough nodes that meet the criteria that cannot engage in more than 5 pipelines. Nodes required: 3 Found: 0, healthy nodes count inNodeManager: 5.
2019-09-20 08:50:48,086 [IPC Server handler 18 on 35288] ERROR pipeline.SCMPipelineManager (SCMPipelineManager.java:createPipeline(161)) - Pipeline creation failed due to exception: Unable to find enough nodes that meet the criteria that cannot engage in more than 5 pipelines. Nodes required: 3 Found: 0, healthy nodes count inNodeManager: 5.
2019-09-20 08:50:48,086 [IPC Server handler 18 on 35288] WARN  block.BlockManagerImpl (BlockManagerImpl.java:allocateBlock(192)) - Pipeline creation failed for type:RATIS factor:THREE. Retrying get pipelines call once.
org.apache.hadoop.hdds.scm.exceptions.SCMException: Unable to find enough nodes that meet the criteria that cannot engage in more than 5 pipelines. Nodes required: 3 Found: 0, healthy nodes count inNodeManager: 5.
	at org.apache.hadoop.hdds.scm.pipeline.PipelinePlacementPolicy.filterViableNodes(PipelinePlacementPolicy.java:149)
	at org.apache.hadoop.hdds.scm.pipeline.PipelinePlacementPolicy.chooseDatanodes(PipelinePlacementPolicy.java:172)
	at org.apache.hadoop.hdds.scm.pipeline.RatisPipelineProvider.create(RatisPipelineProvider.java:92)
	at org.apache.hadoop.hdds.scm.pipeline.PipelineFactory.create(PipelineFactory.java:57)
	at org.apache.hadoop.hdds.scm.pipeline.SCMPipelineManager.createPipeline(SCMPipelineManager.java:149)
	at org.apache.hadoop.hdds.scm.block.BlockManagerImpl.allocateBlock(BlockManagerImpl.java:190)
	at org.apache.hadoop.hdds.scm.server.SCMBlockProtocolServer.allocateBlock(SCMBlockProtocolServer.java:175)
	at org.apache.hadoop.ozone.protocolPB.ScmBlockLocationProtocolServerSideTranslatorPB.allocateScmBlock(ScmBlockLocationProtocolServerSideTranslatorPB.java:153)
	at org.apache.hadoop.ozone.protocolPB.ScmBlockLocationProtocolServerSideTranslatorPB.send(ScmBlockLocationProtocolServerSideTranslatorPB.java:112)
	at org.apache.hadoop.hdds.protocol.proto.ScmBlockLocationProtocolProtos$ScmBlockLocationProtocolService$2.callBlockingMethod(ScmBlockLocationProtocolProtos.java:13157)
	at org.apache.hadoop.ipc.ProtobufRpcEngine$Server$ProtoBufRpcInvoker.call(ProtobufRpcEngine.java:524)
	at org.apache.hadoop.ipc.RPC$Server.call(RPC.java:1025)
	at org.apache.hadoop.ipc.Server$RpcCall.run(Server.java:876)
	at org.apache.hadoop.ipc.Server$RpcCall.run(Server.java:822)
	at java.security.AccessController.doPrivileged(Native Method)
	at javax.security.auth.Subject.doAs(Subject.java:422)
	at org.apache.hadoop.security.UserGroupInformation.doAs(UserGroupInformation.java:1730)
	at org.apache.hadoop.ipc.Server$Handler.run(Server.java:2682)
2019-09-20 08:50:48,086 [IPC Server handler 17 on 35288] INFO  pipeline.PipelinePlacementPolicy (PipelinePlacementPolicy.java:meetCriteria(91)) - Pipeline Placement: Doesn't meet the criteria to be viable node： d183acf8-c1d4-40f7-ba5a-175455d3bd55 Heaviness: 6 limit: 5
2019-09-20 08:50:48,087 [IPC Server handler 17 on 35288] INFO  pipeline.PipelinePlacementPolicy (PipelinePlacementPolicy.java:meetCriteria(91)) - Pipeline Placement: Doesn't meet the criteria to be viable node： 2a6ce4d1-5069-4aeb-8b94-5f253cd23bfc Heaviness: 6 limit: 5
2019-09-20 08:50:48,086 | ERROR | OMAudit | user=jenkins1000 | ip=127.0.0.1 | op=ALLOCATE_KEY {volume=vol-9-50918, bucket=bucket-0-16182, key=key-0-37889, dataSize=10240, replicationType=RATIS, replicationFactor=THREE, keyLocationInfo=null} | ret=FAILURE | org.apache.hadoop.hdds.scm.exceptions.SCMException: Allocated 0 blocks. Requested 1 blocks
	at org.apache.hadoop.hdds.scm.protocolPB.ScmBlockLocationProtocolClientSideTranslatorPB.handleError(ScmBlockLocationProtocolClientSideTranslatorPB.java:118)
	at org.apache.hadoop.hdds.scm.protocolPB.ScmBlockLocationProtocolClientSideTranslatorPB.allocateBlock(ScmBlockLocationProtocolClientSideTranslatorPB.java:156) 
2019-09-20 08:50:48,087 [IPC Server handler 17 on 35288] INFO  pipeline.PipelinePlacementPolicy (PipelinePlacementPolicy.java:meetCriteria(91)) - Pipeline Placement: Doesn't meet the criteria to be viable node： 972eec63-801b-4789-a14a-664c049671ee Heaviness: 6 limit: 5
2019-09-20 08:50:48,087 [IPC Server handler 17 on 35288] INFO  pipeline.PipelinePlacementPolicy (PipelinePlacementPolicy.java:meetCriteria(91)) - Pipeline Placement: Doesn't meet the criteria to be viable node： 5e9b3ca5-d58f-427a-bd11-930d28ac57d8 Heaviness: 6 limit: 5
2019-09-20 08:50:48,087 [IPC Server handler 17 on 35288] INFO  pipeline.PipelinePlacementPolicy (PipelinePlacementPolicy.java:meetCriteria(91)) - Pipeline Placement: Doesn't meet the criteria to be viable node： 64119811-c299-4353-bef2-4f1f08694db1 Heaviness: 6 limit: 5
2019-09-20 08:50:48,087 [pool-78-thread-1] ERROR freon.RandomKeyGenerator (RandomKeyGenerator.java:createKey(724)) - Exception while adding key: key-0-37889 in bucket: bucket-0-16182 of volume: vol-9-50918.
INTERNAL_ERROR org.apache.hadoop.ozone.om.exceptions.OMException: Allocated 0 blocks. Requested 1 blocks
	at org.apache.hadoop.ozone.om.protocolPB.OzoneManagerProtocolClientSideTranslatorPB.handleError(OzoneManagerProtocolClientSideTranslatorPB.java:725)
	at org.apache.hadoop.ozone.om.protocolPB.OzoneManagerProtocolClientSideTranslatorPB.openKey(OzoneManagerProtocolClientSideTranslatorPB.java:716)
	at org.apache.hadoop.ozone.client.rpc.RpcClient.createKey(RpcClient.java:615)
	at org.apache.hadoop.ozone.client.OzoneBucket.createKey(OzoneBucket.java:323)
	at org.apache.hadoop.ozone.freon.RandomKeyGenerator.createKey(RandomKeyGenerator.java:686)
	at org.apache.hadoop.ozone.freon.RandomKeyGenerator.access$1100(RandomKeyGenerator.java:87)
	at org.apache.hadoop.ozone.freon.RandomKeyGenerator$ObjectCreator.run(RandomKeyGenerator.java:606)
	at java.util.concurrent.Executors$RunnableAdapter.call(Executors.java:511)
	at java.util.concurrent.FutureTask.run(FutureTask.java:266)
	at java.util.concurrent.ThreadPoolExecutor.runWorker(ThreadPoolExecutor.java:1149)
	at java.util.concurrent.ThreadPoolExecutor$Worker.run(ThreadPoolExecutor.java:624)
	at java.lang.Thread.run(Thread.java:748)
2019-09-20 08:50:48,087 [IPC Server handler 17 on 35288] ERROR pipeline.PipelinePlacementPolicy (PipelinePlacementPolicy.java:filterViableNodes(148)) - Unable to find enough nodes that meet the criteria that cannot engage in more than 5 pipelines. Nodes required: 3 Found: 0, healthy nodes count inNodeManager: 5.
2019-09-20 08:50:48,088 [IPC Server handler 17 on 35288] ERROR pipeline.SCMPipelineManager (SCMPipelineManager.java:createPipeline(161)) - Pipeline creation failed due to exception: Unable to find enough nodes that meet the criteria that cannot engage in more than 5 pipelines. Nodes required: 3 Found: 0, healthy nodes count inNodeManager: 5.
2019-09-20 08:50:48,088 [IPC Server handler 17 on 35288] WARN  block.BlockManagerImpl (BlockManagerImpl.java:allocateBlock(192)) - Pipeline creation failed for type:RATIS factor:THREE. Retrying get pipelines call once.
org.apache.hadoop.hdds.scm.exceptions.SCMException: Unable to find enough nodes that meet the criteria that cannot engage in more than 5 pipelines. Nodes required: 3 Found: 0, healthy nodes count inNodeManager: 5.
	at org.apache.hadoop.hdds.scm.pipeline.PipelinePlacementPolicy.filterViableNodes(PipelinePlacementPolicy.java:149)
	at org.apache.hadoop.hdds.scm.pipeline.PipelinePlacementPolicy.chooseDatanodes(PipelinePlacementPolicy.java:172)
	at org.apache.hadoop.hdds.scm.pipeline.RatisPipelineProvider.create(RatisPipelineProvider.java:92)
	at org.apache.hadoop.hdds.scm.pipeline.PipelineFactory.create(PipelineFactory.java:57)
	at org.apache.hadoop.hdds.scm.pipeline.SCMPipelineManager.createPipeline(SCMPipelineManager.java:149)
	at org.apache.hadoop.hdds.scm.block.BlockManagerImpl.allocateBlock(BlockManagerImpl.java:190)
	at org.apache.hadoop.hdds.scm.server.SCMBlockProtocolServer.allocateBlock(SCMBlockProtocolServer.java:175)
	at org.apache.hadoop.ozone.protocolPB.ScmBlockLocationProtocolServerSideTranslatorPB.allocateScmBlock(ScmBlockLocationProtocolServerSideTranslatorPB.java:153)
	at org.apache.hadoop.ozone.protocolPB.ScmBlockLocationProtocolServerSideTranslatorPB.send(ScmBlockLocationProtocolServerSideTranslatorPB.java:112)
	at org.apache.hadoop.hdds.protocol.proto.ScmBlockLocationProtocolProtos$ScmBlockLocationProtocolService$2.callBlockingMethod(ScmBlockLocationProtocolProtos.java:13157)
	at org.apache.hadoop.ipc.ProtobufRpcEngine$Server$ProtoBufRpcInvoker.call(ProtobufRpcEngine.java:524)
	at org.apache.hadoop.ipc.RPC$Server.call(RPC.java:1025)
	at org.apache.hadoop.ipc.Server$RpcCall.run(Server.java:876)
	at org.apache.hadoop.ipc.Server$RpcCall.run(Server.java:822)
	at java.security.AccessController.doPrivileged(Native Method)
	at javax.security.auth.Subject.doAs(Subject.java:422)
	at org.apache.hadoop.security.UserGroupInformation.doAs(UserGroupInformation.java:1730)
	at org.apache.hadoop.ipc.Server$Handler.run(Server.java:2682)
2019-09-20 08:50:48,088 [IPC Server handler 18 on 35288] INFO  block.BlockManagerImpl (BlockManagerImpl.java:allocateBlock(198)) - Could not find available pipeline of type:RATIS and factor:THREE even after retrying
2019-09-20 08:50:48,088 [IPC Server handler 5 on 35288] INFO  block.BlockManagerImpl (BlockManagerImpl.java:allocateBlock(198)) - Could not find available pipeline of type:RATIS and factor:THREE even after retrying
2019-09-20 08:50:48,089 [IPC Server handler 18 on 35288] ERROR block.BlockManagerImpl (BlockManagerImpl.java:allocateBlock(222)) - Unable to allocate a block for the size: 4194304, type: RATIS, factor: THREE
2019-09-20 08:50:48,089 [IPC Server handler 17 on 35288] INFO  block.BlockManagerImpl (BlockManagerImpl.java:allocateBlock(198)) - Could not find available pipeline of type:RATIS and factor:THREE even after retrying
2019-09-20 08:50:48,089 | INFO  | SCMAudit | user=jenkins1000 | ip=192.168.36.79 | op=ALLOCATE_BLOCK {owner=de213d33-d5bc-4e32-9ee1-d102376c7a7f, size=4194304, type=RATIS, factor=THREE} | ret=SUCCESS |  
2019-09-20 08:50:48,089 [IPC Server handler 5 on 35288] ERROR block.BlockManagerImpl (BlockManagerImpl.java:allocateBlock(222)) - Unable to allocate a block for the size: 4194304, type: RATIS, factor: THREE
2019-09-20 08:50:48,089 [IPC Server handler 17 on 35288] ERROR block.BlockManagerImpl (BlockManagerImpl.java:allocateBlock(222)) - Unable to allocate a block for the size: 4194304, type: RATIS, factor: THREE
2019-09-20 08:50:48,090 | INFO  | SCMAudit | user=jenkins1000 | ip=192.168.36.79 | op=ALLOCATE_BLOCK {owner=de213d33-d5bc-4e32-9ee1-d102376c7a7f, size=4194304, type=RATIS, factor=THREE} | ret=SUCCESS |  
2019-09-20 08:50:48,090 | INFO  | SCMAudit | user=jenkins1000 | ip=192.168.36.79 | op=ALLOCATE_BLOCK {owner=de213d33-d5bc-4e32-9ee1-d102376c7a7f, size=4194304, type=RATIS, factor=THREE} | ret=SUCCESS |  
2019-09-20 08:50:48,090 | ERROR | OMAudit | user=jenkins1000 | ip=127.0.0.1 | op=ALLOCATE_KEY {volume=vol-0-65797, bucket=bucket-0-55107, key=key-0-80771, dataSize=10240, replicationType=RATIS, replicationFactor=THREE, keyLocationInfo=null} | ret=FAILURE | org.apache.hadoop.hdds.scm.exceptions.SCMException: Allocated 0 blocks. Requested 1 blocks
	at org.apache.hadoop.hdds.scm.protocolPB.ScmBlockLocationProtocolClientSideTranslatorPB.handleError(ScmBlockLocationProtocolClientSideTranslatorPB.java:118)
	at org.apache.hadoop.hdds.scm.protocolPB.ScmBlockLocationProtocolClientSideTranslatorPB.allocateBlock(ScmBlockLocationProtocolClientSideTranslatorPB.java:156) 
2019-09-20 08:50:48,091 | ERROR | OMAudit | user=jenkins1000 | ip=127.0.0.1 | op=ALLOCATE_KEY {volume=vol-1-21344, bucket=bucket-0-59544, key=key-0-32938, dataSize=10240, replicationType=RATIS, replicationFactor=THREE, keyLocationInfo=null} | ret=FAILURE | org.apache.hadoop.hdds.scm.exceptions.SCMException: Allocated 0 blocks. Requested 1 blocks
	at org.apache.hadoop.hdds.scm.protocolPB.ScmBlockLocationProtocolClientSideTranslatorPB.handleError(ScmBlockLocationProtocolClientSideTranslatorPB.java:118)
	at org.apache.hadoop.hdds.scm.protocolPB.ScmBlockLocationProtocolClientSideTranslatorPB.allocateBlock(ScmBlockLocationProtocolClientSideTranslatorPB.java:156) 
2019-09-20 08:50:48,097 [pool-78-thread-3] ERROR freon.RandomKeyGenerator (RandomKeyGenerator.java:createKey(724)) - Exception while adding key: key-0-80771 in bucket: bucket-0-55107 of volume: vol-0-65797.
INTERNAL_ERROR org.apache.hadoop.ozone.om.exceptions.OMException: Allocated 0 blocks. Requested 1 blocks
	at org.apache.hadoop.ozone.om.protocolPB.OzoneManagerProtocolClientSideTranslatorPB.handleError(OzoneManagerProtocolClientSideTranslatorPB.java:725)
	at org.apache.hadoop.ozone.om.protocolPB.OzoneManagerProtocolClientSideTranslatorPB.openKey(OzoneManagerProtocolClientSideTranslatorPB.java:716)
	at org.apache.hadoop.ozone.client.rpc.RpcClient.createKey(RpcClient.java:615)
	at org.apache.hadoop.ozone.client.OzoneBucket.createKey(OzoneBucket.java:323)
	at org.apache.hadoop.ozone.freon.RandomKeyGenerator.createKey(RandomKeyGenerator.java:686)
	at org.apache.hadoop.ozone.freon.RandomKeyGenerator.access$1100(RandomKeyGenerator.java:87)
	at org.apache.hadoop.ozone.freon.RandomKeyGenerator$ObjectCreator.run(RandomKeyGenerator.java:606)
	at java.util.concurrent.Executors$RunnableAdapter.call(Executors.java:511)
	at java.util.concurrent.FutureTask.run(FutureTask.java:266)
	at java.util.concurrent.ThreadPoolExecutor.runWorker(ThreadPoolExecutor.java:1149)
	at java.util.concurrent.ThreadPoolExecutor$Worker.run(ThreadPoolExecutor.java:624)
	at java.lang.Thread.run(Thread.java:748)
2019-09-20 08:50:48,091 | ERROR | OMAudit | user=jenkins1000 | ip=127.0.0.1 | op=ALLOCATE_KEY {volume=vol-5-79274, bucket=bucket-0-86635, key=key-0-27427, dataSize=10240, replicationType=RATIS, replicationFactor=THREE, keyLocationInfo=null} | ret=FAILURE | org.apache.hadoop.hdds.scm.exceptions.SCMException: Allocated 0 blocks. Requested 1 blocks
	at org.apache.hadoop.hdds.scm.protocolPB.ScmBlockLocationProtocolClientSideTranslatorPB.handleError(ScmBlockLocationProtocolClientSideTranslatorPB.java:118)
	at org.apache.hadoop.hdds.scm.protocolPB.ScmBlockLocationProtocolClientSideTranslatorPB.allocateBlock(ScmBlockLocationProtocolClientSideTranslatorPB.java:156) 
2019-09-20 08:50:48,098 [pool-78-thread-5] ERROR freon.RandomKeyGenerator (RandomKeyGenerator.java:createKey(724)) - Exception while adding key: key-0-32938 in bucket: bucket-0-59544 of volume: vol-1-21344.
INTERNAL_ERROR org.apache.hadoop.ozone.om.exceptions.OMException: Allocated 0 blocks. Requested 1 blocks
	at org.apache.hadoop.ozone.om.protocolPB.OzoneManagerProtocolClientSideTranslatorPB.handleError(OzoneManagerProtocolClientSideTranslatorPB.java:725)
	at org.apache.hadoop.ozone.om.protocolPB.OzoneManagerProtocolClientSideTranslatorPB.openKey(OzoneManagerProtocolClientSideTranslatorPB.java:716)
	at org.apache.hadoop.ozone.client.rpc.RpcClient.createKey(RpcClient.java:615)
	at org.apache.hadoop.ozone.client.OzoneBucket.createKey(OzoneBucket.java:323)
	at org.apache.hadoop.ozone.freon.RandomKeyGenerator.createKey(RandomKeyGenerator.java:686)
	at org.apache.hadoop.ozone.freon.RandomKeyGenerator.access$1100(RandomKeyGenerator.java:87)
	at org.apache.hadoop.ozone.freon.RandomKeyGenerator$ObjectCreator.run(RandomKeyGenerator.java:606)
	at java.util.concurrent.Executors$RunnableAdapter.call(Executors.java:511)
	at java.util.concurrent.FutureTask.run(FutureTask.java:266)
	at java.util.concurrent.ThreadPoolExecutor.runWorker(ThreadPoolExecutor.java:1149)
	at java.util.concurrent.ThreadPoolExecutor$Worker.run(ThreadPoolExecutor.java:624)
	at java.lang.Thread.run(Thread.java:748)
2019-09-20 08:50:48,098 [pool-78-thread-4] ERROR freon.RandomKeyGenerator (RandomKeyGenerator.java:createKey(724)) - Exception while adding key: key-0-27427 in bucket: bucket-0-86635 of volume: vol-5-79274.
INTERNAL_ERROR org.apache.hadoop.ozone.om.exceptions.OMException: Allocated 0 blocks. Requested 1 blocks
	at org.apache.hadoop.ozone.om.protocolPB.OzoneManagerProtocolClientSideTranslatorPB.handleError(OzoneManagerProtocolClientSideTranslatorPB.java:725)
	at org.apache.hadoop.ozone.om.protocolPB.OzoneManagerProtocolClientSideTranslatorPB.openKey(OzoneManagerProtocolClientSideTranslatorPB.java:716)
	at org.apache.hadoop.ozone.client.rpc.RpcClient.createKey(RpcClient.java:615)
	at org.apache.hadoop.ozone.client.OzoneBucket.createKey(OzoneBucket.java:323)
	at org.apache.hadoop.ozone.freon.RandomKeyGenerator.createKey(RandomKeyGenerator.java:686)
	at org.apache.hadoop.ozone.freon.RandomKeyGenerator.access$1100(RandomKeyGenerator.java:87)
	at org.apache.hadoop.ozone.freon.RandomKeyGenerator$ObjectCreator.run(RandomKeyGenerator.java:606)
	at java.util.concurrent.Executors$RunnableAdapter.call(Executors.java:511)
	at java.util.concurrent.FutureTask.run(FutureTask.java:266)
	at java.util.concurrent.ThreadPoolExecutor.runWorker(ThreadPoolExecutor.java:1149)
	at java.util.concurrent.ThreadPoolExecutor$Worker.run(ThreadPoolExecutor.java:624)
	at java.lang.Thread.run(Thread.java:748)
2019-09-20 08:50:48,190 | INFO  | SCMAudit | user=jenkins1000 | ip=192.168.36.79 | op=SEND_HEARTBEAT {datanodeUUID=972eec63-801b-4789-a14a-664c049671ee, command=[]} | ret=SUCCESS |  
 0.00% |█                                                                                                    |  0/100 Time: 0:00:022019-09-20 08:50:48,851 | INFO  | SCMAudit | user=jenkins1000 | ip=192.168.36.79 | op=SEND_HEARTBEAT {datanodeUUID=d183acf8-c1d4-40f7-ba5a-175455d3bd55, command=[]} | ret=SUCCESS |  
2019-09-20 08:50:48,851 | INFO  | SCMAudit | user=jenkins1000 | ip=192.168.36.79 | op=SEND_HEARTBEAT {datanodeUUID=5e9b3ca5-d58f-427a-bd11-930d28ac57d8, command=[]} | ret=SUCCESS |  
2019-09-20 08:50:48,917 | INFO  | SCMAudit | user=jenkins1000 | ip=192.168.36.79 | op=SEND_HEARTBEAT {datanodeUUID=64119811-c299-4353-bef2-4f1f08694db1, command=[]} | ret=SUCCESS |  
2019-09-20 08:50:48,946 | INFO  | SCMAudit | user=jenkins1000 | ip=192.168.36.79 | op=SEND_HEARTBEAT {datanodeUUID=2a6ce4d1-5069-4aeb-8b94-5f253cd23bfc, command=[]} | ret=SUCCESS |  
2019-09-20 08:50:49,190 | INFO  | SCMAudit | user=jenkins1000 | ip=192.168.36.79 | op=SEND_HEARTBEAT {datanodeUUID=972eec63-801b-4789-a14a-664c049671ee, command=[]} | ret=SUCCESS |  
 0.00% |█                                                                                                    |  0/100 Time: 0:00:032019-09-20 08:50:49,851 | INFO  | SCMAudit | user=jenkins1000 | ip=192.168.36.79 | op=SEND_HEARTBEAT {datanodeUUID=d183acf8-c1d4-40f7-ba5a-175455d3bd55, command=[]} | ret=SUCCESS |  
2019-09-20 08:50:49,851 | INFO  | SCMAudit | user=jenkins1000 | ip=192.168.36.79 | op=SEND_HEARTBEAT {datanodeUUID=5e9b3ca5-d58f-427a-bd11-930d28ac57d8, command=[]} | ret=SUCCESS |  
2019-09-20 08:50:49,913 | INFO  | SCMAudit | user=jenkins1000 | ip=192.168.36.79 | op=SEND_HEARTBEAT {datanodeUUID=64119811-c299-4353-bef2-4f1f08694db1, command=[]} | ret=SUCCESS |  
2019-09-20 08:50:49,946 | INFO  | SCMAudit | user=jenkins1000 | ip=192.168.36.79 | op=SEND_HEARTBEAT {datanodeUUID=2a6ce4d1-5069-4aeb-8b94-5f253cd23bfc, command=[]} | ret=SUCCESS |  
2019-09-20 08:50:50,148 [Thread-209] INFO  impl.FollowerState (FollowerState.java:run(106)) - 64119811-c299-4353-bef2-4f1f08694db1:group-41F923F20CDD changes to CANDIDATE, lastRpcTime:5042, electionTimeout:5041ms
2019-09-20 08:50:50,149 [Thread-209] INFO  impl.RoleInfo (RoleInfo.java:shutdownFollowerState(121)) - 64119811-c299-4353-bef2-4f1f08694db1: shutdown FollowerState
2019-09-20 08:50:50,149 [Thread-209] INFO  impl.RaftServerImpl (RaftServerImpl.java:setRole(171)) - 64119811-c299-4353-bef2-4f1f08694db1:group-41F923F20CDD changes role from FOLLOWER to CANDIDATE at term 0 for changeToCandidate
2019-09-20 08:50:50,156 [Thread-209] INFO  impl.RoleInfo (RoleInfo.java:updateAndGet(143)) - 64119811-c299-4353-bef2-4f1f08694db1: start LeaderElection
2019-09-20 08:50:50,191 | INFO  | SCMAudit | user=jenkins1000 | ip=192.168.36.79 | op=SEND_HEARTBEAT {datanodeUUID=972eec63-801b-4789-a14a-664c049671ee, command=[]} | ret=SUCCESS |  
2019-09-20 08:50:50,193 [64119811-c299-4353-bef2-4f1f08694db1:group-41F923F20CDD:LeaderElection1] INFO  impl.LeaderElection (LeaderElection.java:askForVotes(181)) - 64119811-c299-4353-bef2-4f1f08694db1:group-41F923F20CDD:LeaderElection1: begin an election at term 1 for -1: [64119811-c299-4353-bef2-4f1f08694db1:192.168.36.79:34202], old=null
2019-09-20 08:50:50,194 [64119811-c299-4353-bef2-4f1f08694db1:group-41F923F20CDD:LeaderElection1] INFO  impl.RoleInfo (RoleInfo.java:shutdownLeaderElection(134)) - 64119811-c299-4353-bef2-4f1f08694db1: shutdown LeaderElection
2019-09-20 08:50:50,195 [64119811-c299-4353-bef2-4f1f08694db1:group-41F923F20CDD:LeaderElection1] INFO  impl.RaftServerImpl (RaftServerImpl.java:setRole(171)) - 64119811-c299-4353-bef2-4f1f08694db1:group-41F923F20CDD changes role from CANDIDATE to LEADER at term 1 for changeToLeader
2019-09-20 08:50:50,195 [64119811-c299-4353-bef2-4f1f08694db1:group-41F923F20CDD:LeaderElection1] INFO  impl.RaftServerImpl (ServerState.java:setLeader(263)) - 64119811-c299-4353-bef2-4f1f08694db1:group-41F923F20CDD change Leader from null to 64119811-c299-4353-bef2-4f1f08694db1 at term 1 for becomeLeader, leader elected after 5166ms
2019-09-20 08:50:50,203 [64119811-c299-4353-bef2-4f1f08694db1:group-41F923F20CDD:LeaderElection1] INFO  server.RaftServerConfigKeys (ConfUtils.java:logGet(43)) - raft.server.staging.catchup.gap = 1000 (default)
2019-09-20 08:50:50,204 [64119811-c299-4353-bef2-4f1f08694db1:group-41F923F20CDD:LeaderElection1] INFO  server.RaftServerConfigKeys (ConfUtils.java:logGet(43)) - raft.server.rpc.sleep.time = 25ms (default)
2019-09-20 08:50:50,206 [64119811-c299-4353-bef2-4f1f08694db1:group-41F923F20CDD:LeaderElection1] INFO  server.RaftServerConfigKeys (ConfUtils.java:logGet(43)) - raft.server.write.element-limit = 4096 (default)
2019-09-20 08:50:50,209 [64119811-c299-4353-bef2-4f1f08694db1:group-41F923F20CDD:LeaderElection1] INFO  server.RaftServerConfigKeys (ConfUtils.java:logGet(43)) - raft.server.watch.timeout = 10s (default)
2019-09-20 08:50:50,209 [64119811-c299-4353-bef2-4f1f08694db1:group-41F923F20CDD:LeaderElection1] INFO  server.RaftServerConfigKeys (ConfUtils.java:logGet(43)) - raft.server.watch.timeout.denomination = 1s (default)
2019-09-20 08:50:50,210 [64119811-c299-4353-bef2-4f1f08694db1:group-41F923F20CDD:LeaderElection1] INFO  server.RaftServerConfigKeys (ConfUtils.java:logGet(43)) - raft.server.watch.element-limit = 65536 (default)
2019-09-20 08:50:50,220 [64119811-c299-4353-bef2-4f1f08694db1:group-41F923F20CDD:LeaderElection1] INFO  impl.RoleInfo (RoleInfo.java:updateAndGet(143)) - 64119811-c299-4353-bef2-4f1f08694db1: start LeaderState
2019-09-20 08:50:50,242 [64119811-c299-4353-bef2-4f1f08694db1:group-41F923F20CDD:LeaderElection1] INFO  segmented.SegmentedRaftLogWorker (SegmentedRaftLogWorker.java:startLogSegment(380)) - 64119811-c299-4353-bef2-4f1f08694db1-SegmentedRaftLogWorker:Storage Directory /workdir/hadoop-ozone/tools/target/test-dir/MiniOzoneClusterImpl-1a1f1bd1-ce73-4756-923c-f2264fe476d0/datanode-0/data/ratis/239ae580-daf7-46e8-9fea-41f923f20cdd: Starting segment from index:0
2019-09-20 08:50:50,250 [64119811-c299-4353-bef2-4f1f08694db1:group-41F923F20CDD:LeaderElection1] INFO  impl.RaftServerImpl (ServerState.java:setRaftConf(361)) - 64119811-c299-4353-bef2-4f1f08694db1:group-41F923F20CDD set configuration 0: [64119811-c299-4353-bef2-4f1f08694db1:192.168.36.79:34202], old=null at 0
2019-09-20 08:50:50,459 [64119811-c299-4353-bef2-4f1f08694db1-SegmentedRaftLogWorker:Storage Directory /workdir/hadoop-ozone/tools/target/test-dir/MiniOzoneClusterImpl-1a1f1bd1-ce73-4756-923c-f2264fe476d0/datanode-0/data/ratis/239ae580-daf7-46e8-9fea-41f923f20cdd] INFO  segmented.SegmentedRaftLogWorker (SegmentedRaftLogWorker.java:execute(569)) - 64119811-c299-4353-bef2-4f1f08694db1-SegmentedRaftLogWorker:Storage Directory /workdir/hadoop-ozone/tools/target/test-dir/MiniOzoneClusterImpl-1a1f1bd1-ce73-4756-923c-f2264fe476d0/datanode-0/data/ratis/239ae580-daf7-46e8-9fea-41f923f20cdd: created new log segment /workdir/hadoop-ozone/tools/target/test-dir/MiniOzoneClusterImpl-1a1f1bd1-ce73-4756-923c-f2264fe476d0/datanode-0/data/ratis/239ae580-daf7-46e8-9fea-41f923f20cdd/current/log_inprogress_0
 0.00% |█                                                                                                    |  0/100 Time: 0:00:042019-09-20 08:50:50,556 [Thread-212] INFO  impl.FollowerState (FollowerState.java:run(106)) - d183acf8-c1d4-40f7-ba5a-175455d3bd55:group-E032FBBE47BD changes to CANDIDATE, lastRpcTime:5169, electionTimeout:5167ms
2019-09-20 08:50:50,559 [Thread-212] INFO  impl.RoleInfo (RoleInfo.java:shutdownFollowerState(121)) - d183acf8-c1d4-40f7-ba5a-175455d3bd55: shutdown FollowerState
2019-09-20 08:50:50,560 [Thread-212] INFO  impl.RaftServerImpl (RaftServerImpl.java:setRole(171)) - d183acf8-c1d4-40f7-ba5a-175455d3bd55:group-E032FBBE47BD changes role from FOLLOWER to CANDIDATE at term 0 for changeToCandidate
2019-09-20 08:50:50,560 [Thread-212] INFO  impl.RoleInfo (RoleInfo.java:updateAndGet(143)) - d183acf8-c1d4-40f7-ba5a-175455d3bd55: start LeaderElection
2019-09-20 08:50:50,578 [Thread-215] INFO  impl.FollowerState (FollowerState.java:run(106)) - 5e9b3ca5-d58f-427a-bd11-930d28ac57d8:group-58F0A0F4D5E0 changes to CANDIDATE, lastRpcTime:5083, electionTimeout:5083ms
2019-09-20 08:50:50,579 [Thread-215] INFO  impl.RoleInfo (RoleInfo.java:shutdownFollowerState(121)) - 5e9b3ca5-d58f-427a-bd11-930d28ac57d8: shutdown FollowerState
2019-09-20 08:50:50,580 [Thread-215] INFO  impl.RaftServerImpl (RaftServerImpl.java:setRole(171)) - 5e9b3ca5-d58f-427a-bd11-930d28ac57d8:group-58F0A0F4D5E0 changes role from FOLLOWER to CANDIDATE at term 0 for changeToCandidate
2019-09-20 08:50:50,580 [Thread-215] INFO  impl.RoleInfo (RoleInfo.java:updateAndGet(143)) - 5e9b3ca5-d58f-427a-bd11-930d28ac57d8: start LeaderElection
2019-09-20 08:50:50,593 [d183acf8-c1d4-40f7-ba5a-175455d3bd55:group-E032FBBE47BD:LeaderElection2] INFO  impl.LeaderElection (LeaderElection.java:askForVotes(181)) - d183acf8-c1d4-40f7-ba5a-175455d3bd55:group-E032FBBE47BD:LeaderElection2: begin an election at term 1 for -1: [d183acf8-c1d4-40f7-ba5a-175455d3bd55:192.168.36.79:40696], old=null
2019-09-20 08:50:50,595 [d183acf8-c1d4-40f7-ba5a-175455d3bd55:group-E032FBBE47BD:LeaderElection2] INFO  impl.RoleInfo (RoleInfo.java:shutdownLeaderElection(134)) - d183acf8-c1d4-40f7-ba5a-175455d3bd55: shutdown LeaderElection
2019-09-20 08:50:50,595 [d183acf8-c1d4-40f7-ba5a-175455d3bd55:group-E032FBBE47BD:LeaderElection2] INFO  impl.RaftServerImpl (RaftServerImpl.java:setRole(171)) - d183acf8-c1d4-40f7-ba5a-175455d3bd55:group-E032FBBE47BD changes role from CANDIDATE to LEADER at term 1 for changeToLeader
2019-09-20 08:50:50,595 [d183acf8-c1d4-40f7-ba5a-175455d3bd55:group-E032FBBE47BD:LeaderElection2] INFO  impl.RaftServerImpl (ServerState.java:setLeader(263)) - d183acf8-c1d4-40f7-ba5a-175455d3bd55:group-E032FBBE47BD change Leader from null to d183acf8-c1d4-40f7-ba5a-175455d3bd55 at term 1 for becomeLeader, leader elected after 5216ms
2019-09-20 08:50:50,597 [d183acf8-c1d4-40f7-ba5a-175455d3bd55:group-E032FBBE47BD:LeaderElection2] INFO  server.RaftServerConfigKeys (ConfUtils.java:logGet(43)) - raft.server.staging.catchup.gap = 1000 (default)
2019-09-20 08:50:50,597 [d183acf8-c1d4-40f7-ba5a-175455d3bd55:group-E032FBBE47BD:LeaderElection2] INFO  server.RaftServerConfigKeys (ConfUtils.java:logGet(43)) - raft.server.rpc.sleep.time = 25ms (default)
2019-09-20 08:50:50,597 [d183acf8-c1d4-40f7-ba5a-175455d3bd55:group-E032FBBE47BD:LeaderElection2] INFO  server.RaftServerConfigKeys (ConfUtils.java:logGet(43)) - raft.server.write.element-limit = 4096 (default)
2019-09-20 08:50:50,597 [d183acf8-c1d4-40f7-ba5a-175455d3bd55:group-E032FBBE47BD:LeaderElection2] INFO  server.RaftServerConfigKeys (ConfUtils.java:logGet(43)) - raft.server.watch.timeout = 10s (default)
2019-09-20 08:50:50,598 [d183acf8-c1d4-40f7-ba5a-175455d3bd55:group-E032FBBE47BD:LeaderElection2] INFO  server.RaftServerConfigKeys (ConfUtils.java:logGet(43)) - raft.server.watch.timeout.denomination = 1s (default)
2019-09-20 08:50:50,598 [d183acf8-c1d4-40f7-ba5a-175455d3bd55:group-E032FBBE47BD:LeaderElection2] INFO  server.RaftServerConfigKeys (ConfUtils.java:logGet(43)) - raft.server.watch.element-limit = 65536 (default)
2019-09-20 08:50:50,598 [d183acf8-c1d4-40f7-ba5a-175455d3bd55:group-E032FBBE47BD:LeaderElection2] INFO  impl.RoleInfo (RoleInfo.java:updateAndGet(143)) - d183acf8-c1d4-40f7-ba5a-175455d3bd55: start LeaderState
2019-09-20 08:50:50,599 [d183acf8-c1d4-40f7-ba5a-175455d3bd55:group-E032FBBE47BD:LeaderElection2] INFO  segmented.SegmentedRaftLogWorker (SegmentedRaftLogWorker.java:startLogSegment(380)) - d183acf8-c1d4-40f7-ba5a-175455d3bd55-SegmentedRaftLogWorker:Storage Directory /workdir/hadoop-ozone/tools/target/test-dir/MiniOzoneClusterImpl-1a1f1bd1-ce73-4756-923c-f2264fe476d0/datanode-3/data/ratis/cd4c5f8c-7170-4e4c-b110-e032fbbe47bd: Starting segment from index:0
2019-09-20 08:50:50,600 [d183acf8-c1d4-40f7-ba5a-175455d3bd55:group-E032FBBE47BD:LeaderElection2] INFO  impl.RaftServerImpl (ServerState.java:setRaftConf(361)) - d183acf8-c1d4-40f7-ba5a-175455d3bd55:group-E032FBBE47BD set configuration 0: [d183acf8-c1d4-40f7-ba5a-175455d3bd55:192.168.36.79:40696], old=null at 0
2019-09-20 08:50:50,610 [5e9b3ca5-d58f-427a-bd11-930d28ac57d8:group-58F0A0F4D5E0:LeaderElection3] INFO  impl.LeaderElection (LeaderElection.java:askForVotes(181)) - 5e9b3ca5-d58f-427a-bd11-930d28ac57d8:group-58F0A0F4D5E0:LeaderElection3: begin an election at term 1 for -1: [5e9b3ca5-d58f-427a-bd11-930d28ac57d8:192.168.36.79:44438], old=null
2019-09-20 08:50:50,611 [5e9b3ca5-d58f-427a-bd11-930d28ac57d8:group-58F0A0F4D5E0:LeaderElection3] INFO  impl.RoleInfo (RoleInfo.java:shutdownLeaderElection(134)) - 5e9b3ca5-d58f-427a-bd11-930d28ac57d8: shutdown LeaderElection
2019-09-20 08:50:50,611 [5e9b3ca5-d58f-427a-bd11-930d28ac57d8:group-58F0A0F4D5E0:LeaderElection3] INFO  impl.RaftServerImpl (RaftServerImpl.java:setRole(171)) - 5e9b3ca5-d58f-427a-bd11-930d28ac57d8:group-58F0A0F4D5E0 changes role from CANDIDATE to LEADER at term 1 for changeToLeader
2019-09-20 08:50:50,611 [5e9b3ca5-d58f-427a-bd11-930d28ac57d8:group-58F0A0F4D5E0:LeaderElection3] INFO  impl.RaftServerImpl (ServerState.java:setLeader(263)) - 5e9b3ca5-d58f-427a-bd11-930d28ac57d8:group-58F0A0F4D5E0 change Leader from null to 5e9b3ca5-d58f-427a-bd11-930d28ac57d8 at term 1 for becomeLeader, leader elected after 5122ms
2019-09-20 08:50:50,637 [5e9b3ca5-d58f-427a-bd11-930d28ac57d8:group-58F0A0F4D5E0:LeaderElection3] INFO  server.RaftServerConfigKeys (ConfUtils.java:logGet(43)) - raft.server.staging.catchup.gap = 1000 (default)
2019-09-20 08:50:50,638 [5e9b3ca5-d58f-427a-bd11-930d28ac57d8:group-58F0A0F4D5E0:LeaderElection3] INFO  server.RaftServerConfigKeys (ConfUtils.java:logGet(43)) - raft.server.rpc.sleep.time = 25ms (default)
2019-09-20 08:50:50,638 [5e9b3ca5-d58f-427a-bd11-930d28ac57d8:group-58F0A0F4D5E0:LeaderElection3] INFO  server.RaftServerConfigKeys (ConfUtils.java:logGet(43)) - raft.server.write.element-limit = 4096 (default)
2019-09-20 08:50:50,638 [5e9b3ca5-d58f-427a-bd11-930d28ac57d8:group-58F0A0F4D5E0:LeaderElection3] INFO  server.RaftServerConfigKeys (ConfUtils.java:logGet(43)) - raft.server.watch.timeout = 10s (default)
2019-09-20 08:50:50,638 [5e9b3ca5-d58f-427a-bd11-930d28ac57d8:group-58F0A0F4D5E0:LeaderElection3] INFO  server.RaftServerConfigKeys (ConfUtils.java:logGet(43)) - raft.server.watch.timeout.denomination = 1s (default)
2019-09-20 08:50:50,638 [5e9b3ca5-d58f-427a-bd11-930d28ac57d8:group-58F0A0F4D5E0:LeaderElection3] INFO  server.RaftServerConfigKeys (ConfUtils.java:logGet(43)) - raft.server.watch.element-limit = 65536 (default)
2019-09-20 08:50:50,639 [5e9b3ca5-d58f-427a-bd11-930d28ac57d8:group-58F0A0F4D5E0:LeaderElection3] INFO  impl.RoleInfo (RoleInfo.java:updateAndGet(143)) - 5e9b3ca5-d58f-427a-bd11-930d28ac57d8: start LeaderState
2019-09-20 08:50:50,639 [5e9b3ca5-d58f-427a-bd11-930d28ac57d8:group-58F0A0F4D5E0:LeaderElection3] INFO  segmented.SegmentedRaftLogWorker (SegmentedRaftLogWorker.java:startLogSegment(380)) - 5e9b3ca5-d58f-427a-bd11-930d28ac57d8-SegmentedRaftLogWorker:Storage Directory /workdir/hadoop-ozone/tools/target/test-dir/MiniOzoneClusterImpl-1a1f1bd1-ce73-4756-923c-f2264fe476d0/datanode-2/data/ratis/1ddf788f-4014-41e4-905d-58f0a0f4d5e0: Starting segment from index:0
2019-09-20 08:50:50,640 [5e9b3ca5-d58f-427a-bd11-930d28ac57d8:group-58F0A0F4D5E0:LeaderElection3] INFO  impl.RaftServerImpl (ServerState.java:setRaftConf(361)) - 5e9b3ca5-d58f-427a-bd11-930d28ac57d8:group-58F0A0F4D5E0 set configuration 0: [5e9b3ca5-d58f-427a-bd11-930d28ac57d8:192.168.36.79:44438], old=null at 0
2019-09-20 08:50:50,675 [d183acf8-c1d4-40f7-ba5a-175455d3bd55-SegmentedRaftLogWorker:Storage Directory /workdir/hadoop-ozone/tools/target/test-dir/MiniOzoneClusterImpl-1a1f1bd1-ce73-4756-923c-f2264fe476d0/datanode-3/data/ratis/cd4c5f8c-7170-4e4c-b110-e032fbbe47bd] INFO  segmented.SegmentedRaftLogWorker (SegmentedRaftLogWorker.java:execute(569)) - d183acf8-c1d4-40f7-ba5a-175455d3bd55-SegmentedRaftLogWorker:Storage Directory /workdir/hadoop-ozone/tools/target/test-dir/MiniOzoneClusterImpl-1a1f1bd1-ce73-4756-923c-f2264fe476d0/datanode-3/data/ratis/cd4c5f8c-7170-4e4c-b110-e032fbbe47bd: created new log segment /workdir/hadoop-ozone/tools/target/test-dir/MiniOzoneClusterImpl-1a1f1bd1-ce73-4756-923c-f2264fe476d0/datanode-3/data/ratis/cd4c5f8c-7170-4e4c-b110-e032fbbe47bd/current/log_inprogress_0
2019-09-20 08:50:50,686 [Thread-218] INFO  impl.FollowerState (FollowerState.java:run(106)) - d183acf8-c1d4-40f7-ba5a-175455d3bd55:group-2D6E0926852A changes to CANDIDATE, lastRpcTime:5078, electionTimeout:5078ms
2019-09-20 08:50:50,686 [Thread-218] INFO  impl.RoleInfo (RoleInfo.java:shutdownFollowerState(121)) - d183acf8-c1d4-40f7-ba5a-175455d3bd55: shutdown FollowerState
2019-09-20 08:50:50,686 [Thread-218] INFO  impl.RaftServerImpl (RaftServerImpl.java:setRole(171)) - d183acf8-c1d4-40f7-ba5a-175455d3bd55:group-2D6E0926852A changes role from FOLLOWER to CANDIDATE at term 0 for changeToCandidate
2019-09-20 08:50:50,686 [Thread-218] INFO  impl.RoleInfo (RoleInfo.java:updateAndGet(143)) - d183acf8-c1d4-40f7-ba5a-175455d3bd55: start LeaderElection
2019-09-20 08:50:50,703 [5e9b3ca5-d58f-427a-bd11-930d28ac57d8-SegmentedRaftLogWorker:Storage Directory /workdir/hadoop-ozone/tools/target/test-dir/MiniOzoneClusterImpl-1a1f1bd1-ce73-4756-923c-f2264fe476d0/datanode-2/data/ratis/1ddf788f-4014-41e4-905d-58f0a0f4d5e0] INFO  segmented.SegmentedRaftLogWorker (SegmentedRaftLogWorker.java:execute(569)) - 5e9b3ca5-d58f-427a-bd11-930d28ac57d8-SegmentedRaftLogWorker:Storage Directory /workdir/hadoop-ozone/tools/target/test-dir/MiniOzoneClusterImpl-1a1f1bd1-ce73-4756-923c-f2264fe476d0/datanode-2/data/ratis/1ddf788f-4014-41e4-905d-58f0a0f4d5e0: created new log segment /workdir/hadoop-ozone/tools/target/test-dir/MiniOzoneClusterImpl-1a1f1bd1-ce73-4756-923c-f2264fe476d0/datanode-2/data/ratis/1ddf788f-4014-41e4-905d-58f0a0f4d5e0/current/log_inprogress_0
2019-09-20 08:50:50,720 [d183acf8-c1d4-40f7-ba5a-175455d3bd55:group-2D6E0926852A:LeaderElection4] INFO  impl.LeaderElection (LeaderElection.java:askForVotes(181)) - d183acf8-c1d4-40f7-ba5a-175455d3bd55:group-2D6E0926852A:LeaderElection4: begin an election at term 1 for -1: [d183acf8-c1d4-40f7-ba5a-175455d3bd55:192.168.36.79:40696], old=null
2019-09-20 08:50:50,720 [d183acf8-c1d4-40f7-ba5a-175455d3bd55:group-2D6E0926852A:LeaderElection4] INFO  impl.RoleInfo (RoleInfo.java:shutdownLeaderElection(134)) - d183acf8-c1d4-40f7-ba5a-175455d3bd55: shutdown LeaderElection
2019-09-20 08:50:50,720 [d183acf8-c1d4-40f7-ba5a-175455d3bd55:group-2D6E0926852A:LeaderElection4] INFO  impl.RaftServerImpl (RaftServerImpl.java:setRole(171)) - d183acf8-c1d4-40f7-ba5a-175455d3bd55:group-2D6E0926852A changes role from CANDIDATE to LEADER at term 1 for changeToLeader
2019-09-20 08:50:50,720 [d183acf8-c1d4-40f7-ba5a-175455d3bd55:group-2D6E0926852A:LeaderElection4] INFO  impl.RaftServerImpl (ServerState.java:setLeader(263)) - d183acf8-c1d4-40f7-ba5a-175455d3bd55:group-2D6E0926852A change Leader from null to d183acf8-c1d4-40f7-ba5a-175455d3bd55 at term 1 for becomeLeader, leader elected after 5118ms
2019-09-20 08:50:50,721 [d183acf8-c1d4-40f7-ba5a-175455d3bd55:group-2D6E0926852A:LeaderElection4] INFO  server.RaftServerConfigKeys (ConfUtils.java:logGet(43)) - raft.server.staging.catchup.gap = 1000 (default)
2019-09-20 08:50:50,721 [d183acf8-c1d4-40f7-ba5a-175455d3bd55:group-2D6E0926852A:LeaderElection4] INFO  server.RaftServerConfigKeys (ConfUtils.java:logGet(43)) - raft.server.rpc.sleep.time = 25ms (default)
2019-09-20 08:50:50,721 [d183acf8-c1d4-40f7-ba5a-175455d3bd55:group-2D6E0926852A:LeaderElection4] INFO  server.RaftServerConfigKeys (ConfUtils.java:logGet(43)) - raft.server.write.element-limit = 4096 (default)
2019-09-20 08:50:50,721 [d183acf8-c1d4-40f7-ba5a-175455d3bd55:group-2D6E0926852A:LeaderElection4] INFO  server.RaftServerConfigKeys (ConfUtils.java:logGet(43)) - raft.server.watch.timeout = 10s (default)
2019-09-20 08:50:50,721 [d183acf8-c1d4-40f7-ba5a-175455d3bd55:group-2D6E0926852A:LeaderElection4] INFO  server.RaftServerConfigKeys (ConfUtils.java:logGet(43)) - raft.server.watch.timeout.denomination = 1s (default)
2019-09-20 08:50:50,722 [d183acf8-c1d4-40f7-ba5a-175455d3bd55:group-2D6E0926852A:LeaderElection4] INFO  server.RaftServerConfigKeys (ConfUtils.java:logGet(43)) - raft.server.watch.element-limit = 65536 (default)
2019-09-20 08:50:50,722 [d183acf8-c1d4-40f7-ba5a-175455d3bd55:group-2D6E0926852A:LeaderElection4] INFO  impl.RoleInfo (RoleInfo.java:updateAndGet(143)) - d183acf8-c1d4-40f7-ba5a-175455d3bd55: start LeaderState
2019-09-20 08:50:50,722 [d183acf8-c1d4-40f7-ba5a-175455d3bd55:group-2D6E0926852A:LeaderElection4] INFO  segmented.SegmentedRaftLogWorker (SegmentedRaftLogWorker.java:startLogSegment(380)) - d183acf8-c1d4-40f7-ba5a-175455d3bd55-SegmentedRaftLogWorker:Storage Directory /workdir/hadoop-ozone/tools/target/test-dir/MiniOzoneClusterImpl-1a1f1bd1-ce73-4756-923c-f2264fe476d0/datanode-3/data/ratis/64a7dda0-0601-491e-8a78-2d6e0926852a: Starting segment from index:0
2019-09-20 08:50:50,723 [d183acf8-c1d4-40f7-ba5a-175455d3bd55:group-2D6E0926852A:LeaderElection4] INFO  impl.RaftServerImpl (ServerState.java:setRaftConf(361)) - d183acf8-c1d4-40f7-ba5a-175455d3bd55:group-2D6E0926852A set configuration 0: [d183acf8-c1d4-40f7-ba5a-175455d3bd55:192.168.36.79:40696], old=null at 0
2019-09-20 08:50:50,788 [d183acf8-c1d4-40f7-ba5a-175455d3bd55-SegmentedRaftLogWorker:Storage Directory /workdir/hadoop-ozone/tools/target/test-dir/MiniOzoneClusterImpl-1a1f1bd1-ce73-4756-923c-f2264fe476d0/datanode-3/data/ratis/64a7dda0-0601-491e-8a78-2d6e0926852a] INFO  segmented.SegmentedRaftLogWorker (SegmentedRaftLogWorker.java:execute(569)) - d183acf8-c1d4-40f7-ba5a-175455d3bd55-SegmentedRaftLogWorker:Storage Directory /workdir/hadoop-ozone/tools/target/test-dir/MiniOzoneClusterImpl-1a1f1bd1-ce73-4756-923c-f2264fe476d0/datanode-3/data/ratis/64a7dda0-0601-491e-8a78-2d6e0926852a: created new log segment /workdir/hadoop-ozone/tools/target/test-dir/MiniOzoneClusterImpl-1a1f1bd1-ce73-4756-923c-f2264fe476d0/datanode-3/data/ratis/64a7dda0-0601-491e-8a78-2d6e0926852a/current/log_inprogress_0
2019-09-20 08:50:50,822 [Thread-221] INFO  impl.FollowerState (FollowerState.java:run(106)) - 972eec63-801b-4789-a14a-664c049671ee:group-A66111DDF996 changes to CANDIDATE, lastRpcTime:5110, electionTimeout:5110ms
2019-09-20 08:50:50,822 [Thread-221] INFO  impl.RoleInfo (RoleInfo.java:shutdownFollowerState(121)) - 972eec63-801b-4789-a14a-664c049671ee: shutdown FollowerState
2019-09-20 08:50:50,823 [Thread-221] INFO  impl.RaftServerImpl (RaftServerImpl.java:setRole(171)) - 972eec63-801b-4789-a14a-664c049671ee:group-A66111DDF996 changes role from FOLLOWER to CANDIDATE at term 0 for changeToCandidate
2019-09-20 08:50:50,823 [Thread-221] INFO  impl.RoleInfo (RoleInfo.java:updateAndGet(143)) - 972eec63-801b-4789-a14a-664c049671ee: start LeaderElection
2019-09-20 08:50:50,827 [Thread-224] INFO  impl.FollowerState (FollowerState.java:run(106)) - d183acf8-c1d4-40f7-ba5a-175455d3bd55:group-34CBC0A955DF changes to CANDIDATE, lastRpcTime:5023, electionTimeout:5022ms
2019-09-20 08:50:50,829 [Thread-224] INFO  impl.RoleInfo (RoleInfo.java:shutdownFollowerState(121)) - d183acf8-c1d4-40f7-ba5a-175455d3bd55: shutdown FollowerState
2019-09-20 08:50:50,829 [Thread-224] INFO  impl.RaftServerImpl (RaftServerImpl.java:setRole(171)) - d183acf8-c1d4-40f7-ba5a-175455d3bd55:group-34CBC0A955DF changes role from FOLLOWER to CANDIDATE at term 0 for changeToCandidate
2019-09-20 08:50:50,830 [Thread-224] INFO  impl.RoleInfo (RoleInfo.java:updateAndGet(143)) - d183acf8-c1d4-40f7-ba5a-175455d3bd55: start LeaderElection
2019-09-20 08:50:50,850 | INFO  | SCMAudit | user=jenkins1000 | ip=192.168.36.79 | op=SEND_HEARTBEAT {datanodeUUID=d183acf8-c1d4-40f7-ba5a-175455d3bd55, command=[]} | ret=SUCCESS |  
2019-09-20 08:50:50,851 | INFO  | SCMAudit | user=jenkins1000 | ip=192.168.36.79 | op=SEND_HEARTBEAT {datanodeUUID=5e9b3ca5-d58f-427a-bd11-930d28ac57d8, command=[]} | ret=SUCCESS |  
2019-09-20 08:50:50,855 [d183acf8-c1d4-40f7-ba5a-175455d3bd55:group-34CBC0A955DF:LeaderElection6] INFO  impl.LeaderElection (LeaderElection.java:askForVotes(181)) - d183acf8-c1d4-40f7-ba5a-175455d3bd55:group-34CBC0A955DF:LeaderElection6: begin an election at term 1 for -1: [d183acf8-c1d4-40f7-ba5a-175455d3bd55:192.168.36.79:40696], old=null
2019-09-20 08:50:50,855 [972eec63-801b-4789-a14a-664c049671ee:group-A66111DDF996:LeaderElection5] INFO  impl.LeaderElection (LeaderElection.java:askForVotes(181)) - 972eec63-801b-4789-a14a-664c049671ee:group-A66111DDF996:LeaderElection5: begin an election at term 1 for -1: [972eec63-801b-4789-a14a-664c049671ee:192.168.36.79:36941], old=null
2019-09-20 08:50:50,855 [d183acf8-c1d4-40f7-ba5a-175455d3bd55:group-34CBC0A955DF:LeaderElection6] INFO  impl.RoleInfo (RoleInfo.java:shutdownLeaderElection(134)) - d183acf8-c1d4-40f7-ba5a-175455d3bd55: shutdown LeaderElection
2019-09-20 08:50:50,855 [972eec63-801b-4789-a14a-664c049671ee:group-A66111DDF996:LeaderElection5] INFO  impl.RoleInfo (RoleInfo.java:shutdownLeaderElection(134)) - 972eec63-801b-4789-a14a-664c049671ee: shutdown LeaderElection
2019-09-20 08:50:50,855 [d183acf8-c1d4-40f7-ba5a-175455d3bd55:group-34CBC0A955DF:LeaderElection6] INFO  impl.RaftServerImpl (RaftServerImpl.java:setRole(171)) - d183acf8-c1d4-40f7-ba5a-175455d3bd55:group-34CBC0A955DF changes role from CANDIDATE to LEADER at term 1 for changeToLeader
2019-09-20 08:50:50,856 [972eec63-801b-4789-a14a-664c049671ee:group-A66111DDF996:LeaderElection5] INFO  impl.RaftServerImpl (RaftServerImpl.java:setRole(171)) - 972eec63-801b-4789-a14a-664c049671ee:group-A66111DDF996 changes role from CANDIDATE to LEADER at term 1 for changeToLeader
2019-09-20 08:50:50,856 [d183acf8-c1d4-40f7-ba5a-175455d3bd55:group-34CBC0A955DF:LeaderElection6] INFO  impl.RaftServerImpl (ServerState.java:setLeader(263)) - d183acf8-c1d4-40f7-ba5a-175455d3bd55:group-34CBC0A955DF change Leader from null to d183acf8-c1d4-40f7-ba5a-175455d3bd55 at term 1 for becomeLeader, leader elected after 5058ms
2019-09-20 08:50:50,856 [972eec63-801b-4789-a14a-664c049671ee:group-A66111DDF996:LeaderElection5] INFO  impl.RaftServerImpl (ServerState.java:setLeader(263)) - 972eec63-801b-4789-a14a-664c049671ee:group-A66111DDF996 change Leader from null to 972eec63-801b-4789-a14a-664c049671ee at term 1 for becomeLeader, leader elected after 5150ms
2019-09-20 08:50:50,856 [d183acf8-c1d4-40f7-ba5a-175455d3bd55:group-34CBC0A955DF:LeaderElection6] INFO  server.RaftServerConfigKeys (ConfUtils.java:logGet(43)) - raft.server.staging.catchup.gap = 1000 (default)
2019-09-20 08:50:50,858 [972eec63-801b-4789-a14a-664c049671ee:group-A66111DDF996:LeaderElection5] INFO  server.RaftServerConfigKeys (ConfUtils.java:logGet(43)) - raft.server.staging.catchup.gap = 1000 (default)
2019-09-20 08:50:50,858 [d183acf8-c1d4-40f7-ba5a-175455d3bd55:group-34CBC0A955DF:LeaderElection6] INFO  server.RaftServerConfigKeys (ConfUtils.java:logGet(43)) - raft.server.rpc.sleep.time = 25ms (default)
2019-09-20 08:50:50,859 [972eec63-801b-4789-a14a-664c049671ee:group-A66111DDF996:LeaderElection5] INFO  server.RaftServerConfigKeys (ConfUtils.java:logGet(43)) - raft.server.rpc.sleep.time = 25ms (default)
2019-09-20 08:50:50,859 [d183acf8-c1d4-40f7-ba5a-175455d3bd55:group-34CBC0A955DF:LeaderElection6] INFO  server.RaftServerConfigKeys (ConfUtils.java:logGet(43)) - raft.server.write.element-limit = 4096 (default)
2019-09-20 08:50:50,859 [972eec63-801b-4789-a14a-664c049671ee:group-A66111DDF996:LeaderElection5] INFO  server.RaftServerConfigKeys (ConfUtils.java:logGet(43)) - raft.server.write.element-limit = 4096 (default)
2019-09-20 08:50:50,859 [d183acf8-c1d4-40f7-ba5a-175455d3bd55:group-34CBC0A955DF:LeaderElection6] INFO  server.RaftServerConfigKeys (ConfUtils.java:logGet(43)) - raft.server.watch.timeout = 10s (default)
2019-09-20 08:50:50,859 [972eec63-801b-4789-a14a-664c049671ee:group-A66111DDF996:LeaderElection5] INFO  server.RaftServerConfigKeys (ConfUtils.java:logGet(43)) - raft.server.watch.timeout = 10s (default)
2019-09-20 08:50:50,859 [d183acf8-c1d4-40f7-ba5a-175455d3bd55:group-34CBC0A955DF:LeaderElection6] INFO  server.RaftServerConfigKeys (ConfUtils.java:logGet(43)) - raft.server.watch.timeout.denomination = 1s (default)
2019-09-20 08:50:50,860 [972eec63-801b-4789-a14a-664c049671ee:group-A66111DDF996:LeaderElection5] INFO  server.RaftServerConfigKeys (ConfUtils.java:logGet(43)) - raft.server.watch.timeout.denomination = 1s (default)
2019-09-20 08:50:50,860 [d183acf8-c1d4-40f7-ba5a-175455d3bd55:group-34CBC0A955DF:LeaderElection6] INFO  server.RaftServerConfigKeys (ConfUtils.java:logGet(43)) - raft.server.watch.element-limit = 65536 (default)
2019-09-20 08:50:50,860 [972eec63-801b-4789-a14a-664c049671ee:group-A66111DDF996:LeaderElection5] INFO  server.RaftServerConfigKeys (ConfUtils.java:logGet(43)) - raft.server.watch.element-limit = 65536 (default)
2019-09-20 08:50:50,860 [d183acf8-c1d4-40f7-ba5a-175455d3bd55:group-34CBC0A955DF:LeaderElection6] INFO  impl.RoleInfo (RoleInfo.java:updateAndGet(143)) - d183acf8-c1d4-40f7-ba5a-175455d3bd55: start LeaderState
2019-09-20 08:50:50,860 [972eec63-801b-4789-a14a-664c049671ee:group-A66111DDF996:LeaderElection5] INFO  impl.RoleInfo (RoleInfo.java:updateAndGet(143)) - 972eec63-801b-4789-a14a-664c049671ee: start LeaderState
2019-09-20 08:50:50,861 [d183acf8-c1d4-40f7-ba5a-175455d3bd55:group-34CBC0A955DF:LeaderElection6] INFO  segmented.SegmentedRaftLogWorker (SegmentedRaftLogWorker.java:startLogSegment(380)) - d183acf8-c1d4-40f7-ba5a-175455d3bd55-SegmentedRaftLogWorker:Storage Directory /workdir/hadoop-ozone/tools/target/test-dir/MiniOzoneClusterImpl-1a1f1bd1-ce73-4756-923c-f2264fe476d0/datanode-3/data/ratis/9d200bb7-e35e-4628-98e5-34cbc0a955df: Starting segment from index:0
2019-09-20 08:50:50,861 [972eec63-801b-4789-a14a-664c049671ee:group-A66111DDF996:LeaderElection5] INFO  segmented.SegmentedRaftLogWorker (SegmentedRaftLogWorker.java:startLogSegment(380)) - 972eec63-801b-4789-a14a-664c049671ee-SegmentedRaftLogWorker:Storage Directory /workdir/hadoop-ozone/tools/target/test-dir/MiniOzoneClusterImpl-1a1f1bd1-ce73-4756-923c-f2264fe476d0/datanode-1/data/ratis/f3d35b0e-49eb-4e14-aa04-a66111ddf996: Starting segment from index:0
2019-09-20 08:50:50,861 [d183acf8-c1d4-40f7-ba5a-175455d3bd55:group-34CBC0A955DF:LeaderElection6] INFO  impl.RaftServerImpl (ServerState.java:setRaftConf(361)) - d183acf8-c1d4-40f7-ba5a-175455d3bd55:group-34CBC0A955DF set configuration 0: [d183acf8-c1d4-40f7-ba5a-175455d3bd55:192.168.36.79:40696], old=null at 0
2019-09-20 08:50:50,899 [972eec63-801b-4789-a14a-664c049671ee:group-A66111DDF996:LeaderElection5] INFO  impl.RaftServerImpl (ServerState.java:setRaftConf(361)) - 972eec63-801b-4789-a14a-664c049671ee:group-A66111DDF996 set configuration 0: [972eec63-801b-4789-a14a-664c049671ee:192.168.36.79:36941], old=null at 0
2019-09-20 08:50:50,913 | INFO  | SCMAudit | user=jenkins1000 | ip=192.168.36.79 | op=SEND_HEARTBEAT {datanodeUUID=64119811-c299-4353-bef2-4f1f08694db1, command=[]} | ret=SUCCESS |  
2019-09-20 08:50:50,922 [972eec63-801b-4789-a14a-664c049671ee-SegmentedRaftLogWorker:Storage Directory /workdir/hadoop-ozone/tools/target/test-dir/MiniOzoneClusterImpl-1a1f1bd1-ce73-4756-923c-f2264fe476d0/datanode-1/data/ratis/f3d35b0e-49eb-4e14-aa04-a66111ddf996] INFO  segmented.SegmentedRaftLogWorker (SegmentedRaftLogWorker.java:execute(569)) - 972eec63-801b-4789-a14a-664c049671ee-SegmentedRaftLogWorker:Storage Directory /workdir/hadoop-ozone/tools/target/test-dir/MiniOzoneClusterImpl-1a1f1bd1-ce73-4756-923c-f2264fe476d0/datanode-1/data/ratis/f3d35b0e-49eb-4e14-aa04-a66111ddf996: created new log segment /workdir/hadoop-ozone/tools/target/test-dir/MiniOzoneClusterImpl-1a1f1bd1-ce73-4756-923c-f2264fe476d0/datanode-1/data/ratis/f3d35b0e-49eb-4e14-aa04-a66111ddf996/current/log_inprogress_0
2019-09-20 08:50:50,922 [d183acf8-c1d4-40f7-ba5a-175455d3bd55-SegmentedRaftLogWorker:Storage Directory /workdir/hadoop-ozone/tools/target/test-dir/MiniOzoneClusterImpl-1a1f1bd1-ce73-4756-923c-f2264fe476d0/datanode-3/data/ratis/9d200bb7-e35e-4628-98e5-34cbc0a955df] INFO  segmented.SegmentedRaftLogWorker (SegmentedRaftLogWorker.java:execute(569)) - d183acf8-c1d4-40f7-ba5a-175455d3bd55-SegmentedRaftLogWorker:Storage Directory /workdir/hadoop-ozone/tools/target/test-dir/MiniOzoneClusterImpl-1a1f1bd1-ce73-4756-923c-f2264fe476d0/datanode-3/data/ratis/9d200bb7-e35e-4628-98e5-34cbc0a955df: created new log segment /workdir/hadoop-ozone/tools/target/test-dir/MiniOzoneClusterImpl-1a1f1bd1-ce73-4756-923c-f2264fe476d0/datanode-3/data/ratis/9d200bb7-e35e-4628-98e5-34cbc0a955df/current/log_inprogress_0
2019-09-20 08:50:50,959 | INFO  | SCMAudit | user=jenkins1000 | ip=192.168.36.79 | op=SEND_HEARTBEAT {datanodeUUID=2a6ce4d1-5069-4aeb-8b94-5f253cd23bfc, command=[]} | ret=SUCCESS |  
2019-09-20 08:50:51,037 [Thread-230] INFO  impl.FollowerState (FollowerState.java:run(106)) - 64119811-c299-4353-bef2-4f1f08694db1:group-CC812774AEB1 changes to CANDIDATE, lastRpcTime:5057, electionTimeout:5057ms
2019-09-20 08:50:51,039 [Thread-230] INFO  impl.RoleInfo (RoleInfo.java:shutdownFollowerState(121)) - 64119811-c299-4353-bef2-4f1f08694db1: shutdown FollowerState
2019-09-20 08:50:51,040 [Thread-230] INFO  impl.RaftServerImpl (RaftServerImpl.java:setRole(171)) - 64119811-c299-4353-bef2-4f1f08694db1:group-CC812774AEB1 changes role from FOLLOWER to CANDIDATE at term 0 for changeToCandidate
2019-09-20 08:50:51,040 [Thread-230] INFO  impl.RoleInfo (RoleInfo.java:updateAndGet(143)) - 64119811-c299-4353-bef2-4f1f08694db1: start LeaderElection
2019-09-20 08:50:51,073 [64119811-c299-4353-bef2-4f1f08694db1:group-CC812774AEB1:LeaderElection7] INFO  impl.LeaderElection (LeaderElection.java:askForVotes(181)) - 64119811-c299-4353-bef2-4f1f08694db1:group-CC812774AEB1:LeaderElection7: begin an election at term 1 for -1: [64119811-c299-4353-bef2-4f1f08694db1:192.168.36.79:34202], old=null
2019-09-20 08:50:51,075 [64119811-c299-4353-bef2-4f1f08694db1:group-CC812774AEB1:LeaderElection7] INFO  impl.RoleInfo (RoleInfo.java:shutdownLeaderElection(134)) - 64119811-c299-4353-bef2-4f1f08694db1: shutdown LeaderElection
2019-09-20 08:50:51,075 [64119811-c299-4353-bef2-4f1f08694db1:group-CC812774AEB1:LeaderElection7] INFO  impl.RaftServerImpl (RaftServerImpl.java:setRole(171)) - 64119811-c299-4353-bef2-4f1f08694db1:group-CC812774AEB1 changes role from CANDIDATE to LEADER at term 1 for changeToLeader
2019-09-20 08:50:51,075 [64119811-c299-4353-bef2-4f1f08694db1:group-CC812774AEB1:LeaderElection7] INFO  impl.RaftServerImpl (ServerState.java:setLeader(263)) - 64119811-c299-4353-bef2-4f1f08694db1:group-CC812774AEB1 change Leader from null to 64119811-c299-4353-bef2-4f1f08694db1 at term 1 for becomeLeader, leader elected after 5101ms
2019-09-20 08:50:51,075 [Thread-227] INFO  impl.FollowerState (FollowerState.java:run(106)) - 5e9b3ca5-d58f-427a-bd11-930d28ac57d8:group-8EEB29365185 changes to CANDIDATE, lastRpcTime:5188, electionTimeout:5188ms
2019-09-20 08:50:51,075 [64119811-c299-4353-bef2-4f1f08694db1:group-CC812774AEB1:LeaderElection7] INFO  server.RaftServerConfigKeys (ConfUtils.java:logGet(43)) - raft.server.staging.catchup.gap = 1000 (default)
2019-09-20 08:50:51,075 [Thread-227] INFO  impl.RoleInfo (RoleInfo.java:shutdownFollowerState(121)) - 5e9b3ca5-d58f-427a-bd11-930d28ac57d8: shutdown FollowerState
2019-09-20 08:50:51,076 [64119811-c299-4353-bef2-4f1f08694db1:group-CC812774AEB1:LeaderElection7] INFO  server.RaftServerConfigKeys (ConfUtils.java:logGet(43)) - raft.server.rpc.sleep.time = 25ms (default)
2019-09-20 08:50:51,076 [Thread-227] INFO  impl.RaftServerImpl (RaftServerImpl.java:setRole(171)) - 5e9b3ca5-d58f-427a-bd11-930d28ac57d8:group-8EEB29365185 changes role from FOLLOWER to CANDIDATE at term 0 for changeToCandidate
2019-09-20 08:50:51,076 [64119811-c299-4353-bef2-4f1f08694db1:group-CC812774AEB1:LeaderElection7] INFO  server.RaftServerConfigKeys (ConfUtils.java:logGet(43)) - raft.server.write.element-limit = 4096 (default)
2019-09-20 08:50:51,076 [Thread-227] INFO  impl.RoleInfo (RoleInfo.java:updateAndGet(143)) - 5e9b3ca5-d58f-427a-bd11-930d28ac57d8: start LeaderElection
2019-09-20 08:50:51,076 [64119811-c299-4353-bef2-4f1f08694db1:group-CC812774AEB1:LeaderElection7] INFO  server.RaftServerConfigKeys (ConfUtils.java:logGet(43)) - raft.server.watch.timeout = 10s (default)
2019-09-20 08:50:51,076 [64119811-c299-4353-bef2-4f1f08694db1:group-CC812774AEB1:LeaderElection7] INFO  server.RaftServerConfigKeys (ConfUtils.java:logGet(43)) - raft.server.watch.timeout.denomination = 1s (default)
2019-09-20 08:50:51,080 [64119811-c299-4353-bef2-4f1f08694db1:group-CC812774AEB1:LeaderElection7] INFO  server.RaftServerConfigKeys (ConfUtils.java:logGet(43)) - raft.server.watch.element-limit = 65536 (default)
2019-09-20 08:50:51,082 [64119811-c299-4353-bef2-4f1f08694db1:group-CC812774AEB1:LeaderElection7] INFO  impl.RoleInfo (RoleInfo.java:updateAndGet(143)) - 64119811-c299-4353-bef2-4f1f08694db1: start LeaderState
2019-09-20 08:50:51,082 [64119811-c299-4353-bef2-4f1f08694db1:group-CC812774AEB1:LeaderElection7] INFO  segmented.SegmentedRaftLogWorker (SegmentedRaftLogWorker.java:startLogSegment(380)) - 64119811-c299-4353-bef2-4f1f08694db1-SegmentedRaftLogWorker:Storage Directory /workdir/hadoop-ozone/tools/target/test-dir/MiniOzoneClusterImpl-1a1f1bd1-ce73-4756-923c-f2264fe476d0/datanode-0/data/ratis/0d37bac5-b5fb-417d-8642-cc812774aeb1: Starting segment from index:0
2019-09-20 08:50:51,083 [64119811-c299-4353-bef2-4f1f08694db1:group-CC812774AEB1:LeaderElection7] INFO  impl.RaftServerImpl (ServerState.java:setRaftConf(361)) - 64119811-c299-4353-bef2-4f1f08694db1:group-CC812774AEB1 set configuration 0: [64119811-c299-4353-bef2-4f1f08694db1:192.168.36.79:34202], old=null at 0
2019-09-20 08:50:51,123 [5e9b3ca5-d58f-427a-bd11-930d28ac57d8:group-8EEB29365185:LeaderElection8] INFO  impl.LeaderElection (LeaderElection.java:askForVotes(181)) - 5e9b3ca5-d58f-427a-bd11-930d28ac57d8:group-8EEB29365185:LeaderElection8: begin an election at term 1 for -1: [5e9b3ca5-d58f-427a-bd11-930d28ac57d8:192.168.36.79:44438], old=null
2019-09-20 08:50:51,123 [5e9b3ca5-d58f-427a-bd11-930d28ac57d8:group-8EEB29365185:LeaderElection8] INFO  impl.RoleInfo (RoleInfo.java:shutdownLeaderElection(134)) - 5e9b3ca5-d58f-427a-bd11-930d28ac57d8: shutdown LeaderElection
2019-09-20 08:50:51,123 [5e9b3ca5-d58f-427a-bd11-930d28ac57d8:group-8EEB29365185:LeaderElection8] INFO  impl.RaftServerImpl (RaftServerImpl.java:setRole(171)) - 5e9b3ca5-d58f-427a-bd11-930d28ac57d8:group-8EEB29365185 changes role from CANDIDATE to LEADER at term 1 for changeToLeader
2019-09-20 08:50:51,124 [5e9b3ca5-d58f-427a-bd11-930d28ac57d8:group-8EEB29365185:LeaderElection8] INFO  impl.RaftServerImpl (ServerState.java:setLeader(263)) - 5e9b3ca5-d58f-427a-bd11-930d28ac57d8:group-8EEB29365185 change Leader from null to 5e9b3ca5-d58f-427a-bd11-930d28ac57d8 at term 1 for becomeLeader, leader elected after 5242ms
2019-09-20 08:50:51,124 [5e9b3ca5-d58f-427a-bd11-930d28ac57d8:group-8EEB29365185:LeaderElection8] INFO  server.RaftServerConfigKeys (ConfUtils.java:logGet(43)) - raft.server.staging.catchup.gap = 1000 (default)
2019-09-20 08:50:51,124 [5e9b3ca5-d58f-427a-bd11-930d28ac57d8:group-8EEB29365185:LeaderElection8] INFO  server.RaftServerConfigKeys (ConfUtils.java:logGet(43)) - raft.server.rpc.sleep.time = 25ms (default)
2019-09-20 08:50:51,124 [5e9b3ca5-d58f-427a-bd11-930d28ac57d8:group-8EEB29365185:LeaderElection8] INFO  server.RaftServerConfigKeys (ConfUtils.java:logGet(43)) - raft.server.write.element-limit = 4096 (default)
2019-09-20 08:50:51,125 [5e9b3ca5-d58f-427a-bd11-930d28ac57d8:group-8EEB29365185:LeaderElection8] INFO  server.RaftServerConfigKeys (ConfUtils.java:logGet(43)) - raft.server.watch.timeout = 10s (default)
2019-09-20 08:50:51,125 [5e9b3ca5-d58f-427a-bd11-930d28ac57d8:group-8EEB29365185:LeaderElection8] INFO  server.RaftServerConfigKeys (ConfUtils.java:logGet(43)) - raft.server.watch.timeout.denomination = 1s (default)
2019-09-20 08:50:51,125 [5e9b3ca5-d58f-427a-bd11-930d28ac57d8:group-8EEB29365185:LeaderElection8] INFO  server.RaftServerConfigKeys (ConfUtils.java:logGet(43)) - raft.server.watch.element-limit = 65536 (default)
2019-09-20 08:50:51,125 [5e9b3ca5-d58f-427a-bd11-930d28ac57d8:group-8EEB29365185:LeaderElection8] INFO  impl.RoleInfo (RoleInfo.java:updateAndGet(143)) - 5e9b3ca5-d58f-427a-bd11-930d28ac57d8: start LeaderState
2019-09-20 08:50:51,126 [5e9b3ca5-d58f-427a-bd11-930d28ac57d8:group-8EEB29365185:LeaderElection8] INFO  segmented.SegmentedRaftLogWorker (SegmentedRaftLogWorker.java:startLogSegment(380)) - 5e9b3ca5-d58f-427a-bd11-930d28ac57d8-SegmentedRaftLogWorker:Storage Directory /workdir/hadoop-ozone/tools/target/test-dir/MiniOzoneClusterImpl-1a1f1bd1-ce73-4756-923c-f2264fe476d0/datanode-2/data/ratis/9d629677-3b32-4e53-b835-8eeb29365185: Starting segment from index:0
2019-09-20 08:50:51,126 [5e9b3ca5-d58f-427a-bd11-930d28ac57d8:group-8EEB29365185:LeaderElection8] INFO  impl.RaftServerImpl (ServerState.java:setRaftConf(361)) - 5e9b3ca5-d58f-427a-bd11-930d28ac57d8:group-8EEB29365185 set configuration 0: [5e9b3ca5-d58f-427a-bd11-930d28ac57d8:192.168.36.79:44438], old=null at 0
2019-09-20 08:50:51,161 [64119811-c299-4353-bef2-4f1f08694db1-SegmentedRaftLogWorker:Storage Directory /workdir/hadoop-ozone/tools/target/test-dir/MiniOzoneClusterImpl-1a1f1bd1-ce73-4756-923c-f2264fe476d0/datanode-0/data/ratis/0d37bac5-b5fb-417d-8642-cc812774aeb1] INFO  segmented.SegmentedRaftLogWorker (SegmentedRaftLogWorker.java:execute(569)) - 64119811-c299-4353-bef2-4f1f08694db1-SegmentedRaftLogWorker:Storage Directory /workdir/hadoop-ozone/tools/target/test-dir/MiniOzoneClusterImpl-1a1f1bd1-ce73-4756-923c-f2264fe476d0/datanode-0/data/ratis/0d37bac5-b5fb-417d-8642-cc812774aeb1: created new log segment /workdir/hadoop-ozone/tools/target/test-dir/MiniOzoneClusterImpl-1a1f1bd1-ce73-4756-923c-f2264fe476d0/datanode-0/data/ratis/0d37bac5-b5fb-417d-8642-cc812774aeb1/current/log_inprogress_0
2019-09-20 08:50:51,161 [Thread-234] INFO  impl.FollowerState (FollowerState.java:run(106)) - 64119811-c299-4353-bef2-4f1f08694db1:group-C4BE9FFD19CC changes to CANDIDATE, lastRpcTime:5097, electionTimeout:5070ms
2019-09-20 08:50:51,161 [Thread-234] INFO  impl.RoleInfo (RoleInfo.java:shutdownFollowerState(121)) - 64119811-c299-4353-bef2-4f1f08694db1: shutdown FollowerState
2019-09-20 08:50:51,161 [Thread-234] INFO  impl.RaftServerImpl (RaftServerImpl.java:setRole(171)) - 64119811-c299-4353-bef2-4f1f08694db1:group-C4BE9FFD19CC changes role from FOLLOWER to CANDIDATE at term 0 for changeToCandidate
2019-09-20 08:50:51,161 [Thread-234] INFO  impl.RoleInfo (RoleInfo.java:updateAndGet(143)) - 64119811-c299-4353-bef2-4f1f08694db1: start LeaderElection
2019-09-20 08:50:51,182 [5e9b3ca5-d58f-427a-bd11-930d28ac57d8-SegmentedRaftLogWorker:Storage Directory /workdir/hadoop-ozone/tools/target/test-dir/MiniOzoneClusterImpl-1a1f1bd1-ce73-4756-923c-f2264fe476d0/datanode-2/data/ratis/9d629677-3b32-4e53-b835-8eeb29365185] INFO  segmented.SegmentedRaftLogWorker (SegmentedRaftLogWorker.java:execute(569)) - 5e9b3ca5-d58f-427a-bd11-930d28ac57d8-SegmentedRaftLogWorker:Storage Directory /workdir/hadoop-ozone/tools/target/test-dir/MiniOzoneClusterImpl-1a1f1bd1-ce73-4756-923c-f2264fe476d0/datanode-2/data/ratis/9d629677-3b32-4e53-b835-8eeb29365185: created new log segment /workdir/hadoop-ozone/tools/target/test-dir/MiniOzoneClusterImpl-1a1f1bd1-ce73-4756-923c-f2264fe476d0/datanode-2/data/ratis/9d629677-3b32-4e53-b835-8eeb29365185/current/log_inprogress_0
2019-09-20 08:50:51,184 [64119811-c299-4353-bef2-4f1f08694db1:group-C4BE9FFD19CC:LeaderElection9] INFO  impl.LeaderElection (LeaderElection.java:askForVotes(181)) - 64119811-c299-4353-bef2-4f1f08694db1:group-C4BE9FFD19CC:LeaderElection9: begin an election at term 1 for -1: [64119811-c299-4353-bef2-4f1f08694db1:192.168.36.79:34202], old=null
2019-09-20 08:50:51,184 [64119811-c299-4353-bef2-4f1f08694db1:group-C4BE9FFD19CC:LeaderElection9] INFO  impl.RoleInfo (RoleInfo.java:shutdownLeaderElection(134)) - 64119811-c299-4353-bef2-4f1f08694db1: shutdown LeaderElection
2019-09-20 08:50:51,184 [64119811-c299-4353-bef2-4f1f08694db1:group-C4BE9FFD19CC:LeaderElection9] INFO  impl.RaftServerImpl (RaftServerImpl.java:setRole(171)) - 64119811-c299-4353-bef2-4f1f08694db1:group-C4BE9FFD19CC changes role from CANDIDATE to LEADER at term 1 for changeToLeader
2019-09-20 08:50:51,184 [64119811-c299-4353-bef2-4f1f08694db1:group-C4BE9FFD19CC:LeaderElection9] INFO  impl.RaftServerImpl (ServerState.java:setLeader(263)) - 64119811-c299-4353-bef2-4f1f08694db1:group-C4BE9FFD19CC change Leader from null to 64119811-c299-4353-bef2-4f1f08694db1 at term 1 for becomeLeader, leader elected after 5126ms
2019-09-20 08:50:51,185 [64119811-c299-4353-bef2-4f1f08694db1:group-C4BE9FFD19CC:LeaderElection9] INFO  server.RaftServerConfigKeys (ConfUtils.java:logGet(43)) - raft.server.staging.catchup.gap = 1000 (default)
2019-09-20 08:50:51,185 [64119811-c299-4353-bef2-4f1f08694db1:group-C4BE9FFD19CC:LeaderElection9] INFO  server.RaftServerConfigKeys (ConfUtils.java:logGet(43)) - raft.server.rpc.sleep.time = 25ms (default)
2019-09-20 08:50:51,185 [64119811-c299-4353-bef2-4f1f08694db1:group-C4BE9FFD19CC:LeaderElection9] INFO  server.RaftServerConfigKeys (ConfUtils.java:logGet(43)) - raft.server.write.element-limit = 4096 (default)
2019-09-20 08:50:51,185 [64119811-c299-4353-bef2-4f1f08694db1:group-C4BE9FFD19CC:LeaderElection9] INFO  server.RaftServerConfigKeys (ConfUtils.java:logGet(43)) - raft.server.watch.timeout = 10s (default)
2019-09-20 08:50:51,186 [64119811-c299-4353-bef2-4f1f08694db1:group-C4BE9FFD19CC:LeaderElection9] INFO  server.RaftServerConfigKeys (ConfUtils.java:logGet(43)) - raft.server.watch.timeout.denomination = 1s (default)
2019-09-20 08:50:51,186 [64119811-c299-4353-bef2-4f1f08694db1:group-C4BE9FFD19CC:LeaderElection9] INFO  server.RaftServerConfigKeys (ConfUtils.java:logGet(43)) - raft.server.watch.element-limit = 65536 (default)
2019-09-20 08:50:51,186 [64119811-c299-4353-bef2-4f1f08694db1:group-C4BE9FFD19CC:LeaderElection9] INFO  impl.RoleInfo (RoleInfo.java:updateAndGet(143)) - 64119811-c299-4353-bef2-4f1f08694db1: start LeaderState
2019-09-20 08:50:51,186 [64119811-c299-4353-bef2-4f1f08694db1:group-C4BE9FFD19CC:LeaderElection9] INFO  segmented.SegmentedRaftLogWorker (SegmentedRaftLogWorker.java:startLogSegment(380)) - 64119811-c299-4353-bef2-4f1f08694db1-SegmentedRaftLogWorker:Storage Directory /workdir/hadoop-ozone/tools/target/test-dir/MiniOzoneClusterImpl-1a1f1bd1-ce73-4756-923c-f2264fe476d0/datanode-0/data/ratis/3cf56649-9198-4b9b-b971-c4be9ffd19cc: Starting segment from index:0
2019-09-20 08:50:51,187 [64119811-c299-4353-bef2-4f1f08694db1:group-C4BE9FFD19CC:LeaderElection9] INFO  impl.RaftServerImpl (ServerState.java:setRaftConf(361)) - 64119811-c299-4353-bef2-4f1f08694db1:group-C4BE9FFD19CC set configuration 0: [64119811-c299-4353-bef2-4f1f08694db1:192.168.36.79:34202], old=null at 0
2019-09-20 08:50:51,225 | INFO  | SCMAudit | user=jenkins1000 | ip=192.168.36.79 | op=SEND_HEARTBEAT {datanodeUUID=972eec63-801b-4789-a14a-664c049671ee, command=[]} | ret=SUCCESS |  
2019-09-20 08:50:51,241 [64119811-c299-4353-bef2-4f1f08694db1-SegmentedRaftLogWorker:Storage Directory /workdir/hadoop-ozone/tools/target/test-dir/MiniOzoneClusterImpl-1a1f1bd1-ce73-4756-923c-f2264fe476d0/datanode-0/data/ratis/3cf56649-9198-4b9b-b971-c4be9ffd19cc] INFO  segmented.SegmentedRaftLogWorker (SegmentedRaftLogWorker.java:execute(569)) - 64119811-c299-4353-bef2-4f1f08694db1-SegmentedRaftLogWorker:Storage Directory /workdir/hadoop-ozone/tools/target/test-dir/MiniOzoneClusterImpl-1a1f1bd1-ce73-4756-923c-f2264fe476d0/datanode-0/data/ratis/3cf56649-9198-4b9b-b971-c4be9ffd19cc: created new log segment /workdir/hadoop-ozone/tools/target/test-dir/MiniOzoneClusterImpl-1a1f1bd1-ce73-4756-923c-f2264fe476d0/datanode-0/data/ratis/3cf56649-9198-4b9b-b971-c4be9ffd19cc/current/log_inprogress_0
2019-09-20 08:50:51,377 [Thread-237] INFO  impl.FollowerState (FollowerState.java:run(106)) - d183acf8-c1d4-40f7-ba5a-175455d3bd55:group-352C7441975D changes to CANDIDATE, lastRpcTime:5186, electionTimeout:5186ms
2019-09-20 08:50:51,378 [Thread-237] INFO  impl.RoleInfo (RoleInfo.java:shutdownFollowerState(121)) - d183acf8-c1d4-40f7-ba5a-175455d3bd55: shutdown FollowerState
2019-09-20 08:50:51,378 [Thread-237] INFO  impl.RaftServerImpl (RaftServerImpl.java:setRole(171)) - d183acf8-c1d4-40f7-ba5a-175455d3bd55:group-352C7441975D changes role from FOLLOWER to CANDIDATE at term 0 for changeToCandidate
2019-09-20 08:50:51,378 [Thread-237] INFO  impl.RoleInfo (RoleInfo.java:updateAndGet(143)) - d183acf8-c1d4-40f7-ba5a-175455d3bd55: start LeaderElection
2019-09-20 08:50:51,387 [Thread-241] INFO  impl.FollowerState (FollowerState.java:run(106)) - 5e9b3ca5-d58f-427a-bd11-930d28ac57d8:group-40334F4181AC changes to CANDIDATE, lastRpcTime:5105, electionTimeout:5105ms
2019-09-20 08:50:51,394 [Thread-241] INFO  impl.RoleInfo (RoleInfo.java:shutdownFollowerState(121)) - 5e9b3ca5-d58f-427a-bd11-930d28ac57d8: shutdown FollowerState
2019-09-20 08:50:51,394 [Thread-241] INFO  impl.RaftServerImpl (RaftServerImpl.java:setRole(171)) - 5e9b3ca5-d58f-427a-bd11-930d28ac57d8:group-40334F4181AC changes role from FOLLOWER to CANDIDATE at term 0 for changeToCandidate
2019-09-20 08:50:51,394 [Thread-241] INFO  impl.RoleInfo (RoleInfo.java:updateAndGet(143)) - 5e9b3ca5-d58f-427a-bd11-930d28ac57d8: start LeaderElection
2019-09-20 08:50:51,416 [d183acf8-c1d4-40f7-ba5a-175455d3bd55:group-352C7441975D:LeaderElection10] INFO  impl.LeaderElection (LeaderElection.java:askForVotes(181)) - d183acf8-c1d4-40f7-ba5a-175455d3bd55:group-352C7441975D:LeaderElection10: begin an election at term 1 for -1: [d183acf8-c1d4-40f7-ba5a-175455d3bd55:192.168.36.79:40696], old=null
2019-09-20 08:50:51,417 [d183acf8-c1d4-40f7-ba5a-175455d3bd55:group-352C7441975D:LeaderElection10] INFO  impl.RoleInfo (RoleInfo.java:shutdownLeaderElection(134)) - d183acf8-c1d4-40f7-ba5a-175455d3bd55: shutdown LeaderElection
2019-09-20 08:50:51,417 [d183acf8-c1d4-40f7-ba5a-175455d3bd55:group-352C7441975D:LeaderElection10] INFO  impl.RaftServerImpl (RaftServerImpl.java:setRole(171)) - d183acf8-c1d4-40f7-ba5a-175455d3bd55:group-352C7441975D changes role from CANDIDATE to LEADER at term 1 for changeToLeader
2019-09-20 08:50:51,417 [d183acf8-c1d4-40f7-ba5a-175455d3bd55:group-352C7441975D:LeaderElection10] INFO  impl.RaftServerImpl (ServerState.java:setLeader(263)) - d183acf8-c1d4-40f7-ba5a-175455d3bd55:group-352C7441975D change Leader from null to d183acf8-c1d4-40f7-ba5a-175455d3bd55 at term 1 for becomeLeader, leader elected after 5233ms
2019-09-20 08:50:51,417 [d183acf8-c1d4-40f7-ba5a-175455d3bd55:group-352C7441975D:LeaderElection10] INFO  server.RaftServerConfigKeys (ConfUtils.java:logGet(43)) - raft.server.staging.catchup.gap = 1000 (default)
2019-09-20 08:50:51,417 [d183acf8-c1d4-40f7-ba5a-175455d3bd55:group-352C7441975D:LeaderElection10] INFO  server.RaftServerConfigKeys (ConfUtils.java:logGet(43)) - raft.server.rpc.sleep.time = 25ms (default)
2019-09-20 08:50:51,418 [d183acf8-c1d4-40f7-ba5a-175455d3bd55:group-352C7441975D:LeaderElection10] INFO  server.RaftServerConfigKeys (ConfUtils.java:logGet(43)) - raft.server.write.element-limit = 4096 (default)
2019-09-20 08:50:51,418 [d183acf8-c1d4-40f7-ba5a-175455d3bd55:group-352C7441975D:LeaderElection10] INFO  server.RaftServerConfigKeys (ConfUtils.java:logGet(43)) - raft.server.watch.timeout = 10s (default)
2019-09-20 08:50:51,418 [d183acf8-c1d4-40f7-ba5a-175455d3bd55:group-352C7441975D:LeaderElection10] INFO  server.RaftServerConfigKeys (ConfUtils.java:logGet(43)) - raft.server.watch.timeout.denomination = 1s (default)
2019-09-20 08:50:51,418 [d183acf8-c1d4-40f7-ba5a-175455d3bd55:group-352C7441975D:LeaderElection10] INFO  server.RaftServerConfigKeys (ConfUtils.java:logGet(43)) - raft.server.watch.element-limit = 65536 (default)
2019-09-20 08:50:51,419 [d183acf8-c1d4-40f7-ba5a-175455d3bd55:group-352C7441975D:LeaderElection10] INFO  impl.RoleInfo (RoleInfo.java:updateAndGet(143)) - d183acf8-c1d4-40f7-ba5a-175455d3bd55: start LeaderState
2019-09-20 08:50:51,419 [d183acf8-c1d4-40f7-ba5a-175455d3bd55:group-352C7441975D:LeaderElection10] INFO  segmented.SegmentedRaftLogWorker (SegmentedRaftLogWorker.java:startLogSegment(380)) - d183acf8-c1d4-40f7-ba5a-175455d3bd55-SegmentedRaftLogWorker:Storage Directory /workdir/hadoop-ozone/tools/target/test-dir/MiniOzoneClusterImpl-1a1f1bd1-ce73-4756-923c-f2264fe476d0/datanode-3/data/ratis/211c5d68-3225-4e4e-b5b8-352c7441975d: Starting segment from index:0
2019-09-20 08:50:51,420 [d183acf8-c1d4-40f7-ba5a-175455d3bd55:group-352C7441975D:LeaderElection10] INFO  impl.RaftServerImpl (ServerState.java:setRaftConf(361)) - d183acf8-c1d4-40f7-ba5a-175455d3bd55:group-352C7441975D set configuration 0: [d183acf8-c1d4-40f7-ba5a-175455d3bd55:192.168.36.79:40696], old=null at 0
2019-09-20 08:50:51,461 [Thread-245] INFO  impl.FollowerState (FollowerState.java:run(106)) - 64119811-c299-4353-bef2-4f1f08694db1:group-15A0E16B6496 changes to CANDIDATE, lastRpcTime:5077, electionTimeout:5064ms
2019-09-20 08:50:51,461 [5e9b3ca5-d58f-427a-bd11-930d28ac57d8:group-40334F4181AC:LeaderElection11] INFO  impl.LeaderElection (LeaderElection.java:askForVotes(181)) - 5e9b3ca5-d58f-427a-bd11-930d28ac57d8:group-40334F4181AC:LeaderElection11: begin an election at term 1 for -1: [5e9b3ca5-d58f-427a-bd11-930d28ac57d8:192.168.36.79:44438], old=null
2019-09-20 08:50:51,461 [Thread-245] INFO  impl.RoleInfo (RoleInfo.java:shutdownFollowerState(121)) - 64119811-c299-4353-bef2-4f1f08694db1: shutdown FollowerState
2019-09-20 08:50:51,462 [5e9b3ca5-d58f-427a-bd11-930d28ac57d8:group-40334F4181AC:LeaderElection11] INFO  impl.RoleInfo (RoleInfo.java:shutdownLeaderElection(134)) - 5e9b3ca5-d58f-427a-bd11-930d28ac57d8: shutdown LeaderElection
2019-09-20 08:50:51,462 [Thread-245] INFO  impl.RaftServerImpl (RaftServerImpl.java:setRole(171)) - 64119811-c299-4353-bef2-4f1f08694db1:group-15A0E16B6496 changes role from FOLLOWER to CANDIDATE at term 0 for changeToCandidate
2019-09-20 08:50:51,462 [5e9b3ca5-d58f-427a-bd11-930d28ac57d8:group-40334F4181AC:LeaderElection11] INFO  impl.RaftServerImpl (RaftServerImpl.java:setRole(171)) - 5e9b3ca5-d58f-427a-bd11-930d28ac57d8:group-40334F4181AC changes role from CANDIDATE to LEADER at term 1 for changeToLeader
2019-09-20 08:50:51,462 [Thread-245] INFO  impl.RoleInfo (RoleInfo.java:updateAndGet(143)) - 64119811-c299-4353-bef2-4f1f08694db1: start LeaderElection
2019-09-20 08:50:51,462 [5e9b3ca5-d58f-427a-bd11-930d28ac57d8:group-40334F4181AC:LeaderElection11] INFO  impl.RaftServerImpl (ServerState.java:setLeader(263)) - 5e9b3ca5-d58f-427a-bd11-930d28ac57d8:group-40334F4181AC change Leader from null to 5e9b3ca5-d58f-427a-bd11-930d28ac57d8 at term 1 for becomeLeader, leader elected after 5185ms
2019-09-20 08:50:51,462 [5e9b3ca5-d58f-427a-bd11-930d28ac57d8:group-40334F4181AC:LeaderElection11] INFO  server.RaftServerConfigKeys (ConfUtils.java:logGet(43)) - raft.server.staging.catchup.gap = 1000 (default)
2019-09-20 08:50:51,468 [5e9b3ca5-d58f-427a-bd11-930d28ac57d8:group-40334F4181AC:LeaderElection11] INFO  server.RaftServerConfigKeys (ConfUtils.java:logGet(43)) - raft.server.rpc.sleep.time = 25ms (default)
2019-09-20 08:50:51,468 [5e9b3ca5-d58f-427a-bd11-930d28ac57d8:group-40334F4181AC:LeaderElection11] INFO  server.RaftServerConfigKeys (ConfUtils.java:logGet(43)) - raft.server.write.element-limit = 4096 (default)
2019-09-20 08:50:51,468 [5e9b3ca5-d58f-427a-bd11-930d28ac57d8:group-40334F4181AC:LeaderElection11] INFO  server.RaftServerConfigKeys (ConfUtils.java:logGet(43)) - raft.server.watch.timeout = 10s (default)
2019-09-20 08:50:51,469 [5e9b3ca5-d58f-427a-bd11-930d28ac57d8:group-40334F4181AC:LeaderElection11] INFO  server.RaftServerConfigKeys (ConfUtils.java:logGet(43)) - raft.server.watch.timeout.denomination = 1s (default)
2019-09-20 08:50:51,469 [5e9b3ca5-d58f-427a-bd11-930d28ac57d8:group-40334F4181AC:LeaderElection11] INFO  server.RaftServerConfigKeys (ConfUtils.java:logGet(43)) - raft.server.watch.element-limit = 65536 (default)
2019-09-20 08:50:51,469 [5e9b3ca5-d58f-427a-bd11-930d28ac57d8:group-40334F4181AC:LeaderElection11] INFO  impl.RoleInfo (RoleInfo.java:updateAndGet(143)) - 5e9b3ca5-d58f-427a-bd11-930d28ac57d8: start LeaderState
2019-09-20 08:50:51,469 [5e9b3ca5-d58f-427a-bd11-930d28ac57d8:group-40334F4181AC:LeaderElection11] INFO  segmented.SegmentedRaftLogWorker (SegmentedRaftLogWorker.java:startLogSegment(380)) - 5e9b3ca5-d58f-427a-bd11-930d28ac57d8-SegmentedRaftLogWorker:Storage Directory /workdir/hadoop-ozone/tools/target/test-dir/MiniOzoneClusterImpl-1a1f1bd1-ce73-4756-923c-f2264fe476d0/datanode-2/data/ratis/3bc65f0c-5bc2-4021-b843-40334f4181ac: Starting segment from index:0
2019-09-20 08:50:51,470 [5e9b3ca5-d58f-427a-bd11-930d28ac57d8:group-40334F4181AC:LeaderElection11] INFO  impl.RaftServerImpl (ServerState.java:setRaftConf(361)) - 5e9b3ca5-d58f-427a-bd11-930d28ac57d8:group-40334F4181AC set configuration 0: [5e9b3ca5-d58f-427a-bd11-930d28ac57d8:192.168.36.79:44438], old=null at 0
2019-09-20 08:50:51,483 [d183acf8-c1d4-40f7-ba5a-175455d3bd55-SegmentedRaftLogWorker:Storage Directory /workdir/hadoop-ozone/tools/target/test-dir/MiniOzoneClusterImpl-1a1f1bd1-ce73-4756-923c-f2264fe476d0/datanode-3/data/ratis/211c5d68-3225-4e4e-b5b8-352c7441975d] INFO  segmented.SegmentedRaftLogWorker (SegmentedRaftLogWorker.java:execute(569)) - d183acf8-c1d4-40f7-ba5a-175455d3bd55-SegmentedRaftLogWorker:Storage Directory /workdir/hadoop-ozone/tools/target/test-dir/MiniOzoneClusterImpl-1a1f1bd1-ce73-4756-923c-f2264fe476d0/datanode-3/data/ratis/211c5d68-3225-4e4e-b5b8-352c7441975d: created new log segment /workdir/hadoop-ozone/tools/target/test-dir/MiniOzoneClusterImpl-1a1f1bd1-ce73-4756-923c-f2264fe476d0/datanode-3/data/ratis/211c5d68-3225-4e4e-b5b8-352c7441975d/current/log_inprogress_0
2019-09-20 08:50:51,500 [64119811-c299-4353-bef2-4f1f08694db1:group-15A0E16B6496:LeaderElection12] INFO  impl.LeaderElection (LeaderElection.java:askForVotes(181)) - 64119811-c299-4353-bef2-4f1f08694db1:group-15A0E16B6496:LeaderElection12: begin an election at term 1 for -1: [64119811-c299-4353-bef2-4f1f08694db1:192.168.36.79:34202], old=null
2019-09-20 08:50:51,501 [64119811-c299-4353-bef2-4f1f08694db1:group-15A0E16B6496:LeaderElection12] INFO  impl.RoleInfo (RoleInfo.java:shutdownLeaderElection(134)) - 64119811-c299-4353-bef2-4f1f08694db1: shutdown LeaderElection
2019-09-20 08:50:51,501 [64119811-c299-4353-bef2-4f1f08694db1:group-15A0E16B6496:LeaderElection12] INFO  impl.RaftServerImpl (RaftServerImpl.java:setRole(171)) - 64119811-c299-4353-bef2-4f1f08694db1:group-15A0E16B6496 changes role from CANDIDATE to LEADER at term 1 for changeToLeader
2019-09-20 08:50:51,501 [64119811-c299-4353-bef2-4f1f08694db1:group-15A0E16B6496:LeaderElection12] INFO  impl.RaftServerImpl (ServerState.java:setLeader(263)) - 64119811-c299-4353-bef2-4f1f08694db1:group-15A0E16B6496 change Leader from null to 64119811-c299-4353-bef2-4f1f08694db1 at term 1 for becomeLeader, leader elected after 5123ms
2019-09-20 08:50:51,501 [64119811-c299-4353-bef2-4f1f08694db1:group-15A0E16B6496:LeaderElection12] INFO  server.RaftServerConfigKeys (ConfUtils.java:logGet(43)) - raft.server.staging.catchup.gap = 1000 (default)
2019-09-20 08:50:51,502 [64119811-c299-4353-bef2-4f1f08694db1:group-15A0E16B6496:LeaderElection12] INFO  server.RaftServerConfigKeys (ConfUtils.java:logGet(43)) - raft.server.rpc.sleep.time = 25ms (default)
2019-09-20 08:50:51,502 [64119811-c299-4353-bef2-4f1f08694db1:group-15A0E16B6496:LeaderElection12] INFO  server.RaftServerConfigKeys (ConfUtils.java:logGet(43)) - raft.server.write.element-limit = 4096 (default)
2019-09-20 08:50:51,502 [64119811-c299-4353-bef2-4f1f08694db1:group-15A0E16B6496:LeaderElection12] INFO  server.RaftServerConfigKeys (ConfUtils.java:logGet(43)) - raft.server.watch.timeout = 10s (default)
2019-09-20 08:50:51,502 [64119811-c299-4353-bef2-4f1f08694db1:group-15A0E16B6496:LeaderElection12] INFO  server.RaftServerConfigKeys (ConfUtils.java:logGet(43)) - raft.server.watch.timeout.denomination = 1s (default)
2019-09-20 08:50:51,503 [64119811-c299-4353-bef2-4f1f08694db1:group-15A0E16B6496:LeaderElection12] INFO  server.RaftServerConfigKeys (ConfUtils.java:logGet(43)) - raft.server.watch.element-limit = 65536 (default)
 100.00% |█████████████████████████████████████████████████████████████████████████████████████████████████████|  100/100 Time: 0:00:05
2019-09-20 08:50:51,503 [64119811-c299-4353-bef2-4f1f08694db1:group-15A0E16B6496:LeaderElection12] INFO  impl.RoleInfo (RoleInfo.java:updateAndGet(143)) - 64119811-c299-4353-bef2-4f1f08694db1: start LeaderState
2019-09-20 08:50:51,503 [64119811-c299-4353-bef2-4f1f08694db1:group-15A0E16B6496:LeaderElection12] INFO  segmented.SegmentedRaftLogWorker (SegmentedRaftLogWorker.java:startLogSegment(380)) - 64119811-c299-4353-bef2-4f1f08694db1-SegmentedRaftLogWorker:Storage Directory /workdir/hadoop-ozone/tools/target/test-dir/MiniOzoneClusterImpl-1a1f1bd1-ce73-4756-923c-f2264fe476d0/datanode-0/data/ratis/c16a41de-5ef4-47d4-b80e-15a0e16b6496: Starting segment from index:0
2019-09-20 08:50:51,504 [64119811-c299-4353-bef2-4f1f08694db1:group-15A0E16B6496:LeaderElection12] INFO  impl.RaftServerImpl (ServerState.java:setRaftConf(361)) - 64119811-c299-4353-bef2-4f1f08694db1:group-15A0E16B6496 set configuration 0: [64119811-c299-4353-bef2-4f1f08694db1:192.168.36.79:34202], old=null at 0
]]></system-out>
    <system-err><![CDATA[Sep 20, 2019 8:50:39 AM com.sun.jersey.server.impl.application.WebApplicationImpl _initiate
INFO: Initiating Jersey application, version 'Jersey: 1.19 02/11/2015 03:25 AM'
Sep 20, 2019 8:50:40 AM com.sun.jersey.server.impl.application.WebApplicationImpl _initiate
INFO: Initiating Jersey application, version 'Jersey: 1.19 02/11/2015 03:25 AM'
Sep 20, 2019 8:50:40 AM com.sun.jersey.server.impl.application.WebApplicationImpl _initiate
INFO: Initiating Jersey application, version 'Jersey: 1.19 02/11/2015 03:25 AM'
Sep 20, 2019 8:50:40 AM com.sun.jersey.server.impl.application.WebApplicationImpl _initiate
INFO: Initiating Jersey application, version 'Jersey: 1.19 02/11/2015 03:25 AM'
Sep 20, 2019 8:50:40 AM com.sun.jersey.server.impl.application.WebApplicationImpl _initiate
INFO: Initiating Jersey application, version 'Jersey: 1.19 02/11/2015 03:25 AM'
]]></system-err>
  </testcase>
  <testcase name="testThreadPoolSize" classname="org.apache.hadoop.ozone.freon.TestRandomKeyGenerator" time="5.024">
    <error message="Allocated 0 blocks. Requested 1 blocks" type="INTERNAL_ERROR org.apache.hadoop.ozone.om.exceptions.OMException">INTERNAL_ERROR org.apache.hadoop.ozone.om.exceptions.OMException: Allocated 0 blocks. Requested 1 blocks
	at org.apache.hadoop.ozone.om.protocolPB.OzoneManagerProtocolClientSideTranslatorPB.handleError(OzoneManagerProtocolClientSideTranslatorPB.java:725)
	at org.apache.hadoop.ozone.om.protocolPB.OzoneManagerProtocolClientSideTranslatorPB.openKey(OzoneManagerProtocolClientSideTranslatorPB.java:716)
	at org.apache.hadoop.ozone.client.rpc.RpcClient.createKey(RpcClient.java:615)
	at org.apache.hadoop.ozone.client.OzoneBucket.createKey(OzoneBucket.java:323)
	at org.apache.hadoop.ozone.freon.RandomKeyGenerator.createKey(RandomKeyGenerator.java:686)
	at org.apache.hadoop.ozone.freon.RandomKeyGenerator.access$1100(RandomKeyGenerator.java:87)
	at org.apache.hadoop.ozone.freon.RandomKeyGenerator$ObjectCreator.run(RandomKeyGenerator.java:606)
	at java.util.concurrent.Executors$RunnableAdapter.call(Executors.java:511)
	at java.util.concurrent.FutureTask.run(FutureTask.java:266)
	at java.util.concurrent.ThreadPoolExecutor.runWorker(ThreadPoolExecutor.java:1149)
	at java.util.concurrent.ThreadPoolExecutor$Worker.run(ThreadPoolExecutor.java:624)
	at java.lang.Thread.run(Thread.java:748)
</error>
    <system-out><![CDATA[2019-09-20 08:50:51,559 [5e9b3ca5-d58f-427a-bd11-930d28ac57d8-SegmentedRaftLogWorker:Storage Directory /workdir/hadoop-ozone/tools/target/test-dir/MiniOzoneClusterImpl-1a1f1bd1-ce73-4756-923c-f2264fe476d0/datanode-2/data/ratis/3bc65f0c-5bc2-4021-b843-40334f4181ac] INFO  segmented.SegmentedRaftLogWorker (SegmentedRaftLogWorker.java:execute(569)) - 5e9b3ca5-d58f-427a-bd11-930d28ac57d8-SegmentedRaftLogWorker:Storage Directory /workdir/hadoop-ozone/tools/target/test-dir/MiniOzoneClusterImpl-1a1f1bd1-ce73-4756-923c-f2264fe476d0/datanode-2/data/ratis/3bc65f0c-5bc2-4021-b843-40334f4181ac: created new log segment /workdir/hadoop-ozone/tools/target/test-dir/MiniOzoneClusterImpl-1a1f1bd1-ce73-4756-923c-f2264fe476d0/datanode-2/data/ratis/3bc65f0c-5bc2-4021-b843-40334f4181ac/current/log_inprogress_0
2019-09-20 08:50:51,559 [64119811-c299-4353-bef2-4f1f08694db1-SegmentedRaftLogWorker:Storage Directory /workdir/hadoop-ozone/tools/target/test-dir/MiniOzoneClusterImpl-1a1f1bd1-ce73-4756-923c-f2264fe476d0/datanode-0/data/ratis/c16a41de-5ef4-47d4-b80e-15a0e16b6496] INFO  segmented.SegmentedRaftLogWorker (SegmentedRaftLogWorker.java:execute(569)) - 64119811-c299-4353-bef2-4f1f08694db1-SegmentedRaftLogWorker:Storage Directory /workdir/hadoop-ozone/tools/target/test-dir/MiniOzoneClusterImpl-1a1f1bd1-ce73-4756-923c-f2264fe476d0/datanode-0/data/ratis/c16a41de-5ef4-47d4-b80e-15a0e16b6496: created new log segment /workdir/hadoop-ozone/tools/target/test-dir/MiniOzoneClusterImpl-1a1f1bd1-ce73-4756-923c-f2264fe476d0/datanode-0/data/ratis/c16a41de-5ef4-47d4-b80e-15a0e16b6496/current/log_inprogress_0
2019-09-20 08:50:51,571 [main] INFO  freon.RandomKeyGenerator (RandomKeyGenerator.java:call(275)) - Number of Threads: 10
2019-09-20 08:50:51,572 [main] INFO  freon.RandomKeyGenerator (RandomKeyGenerator.java:call(280)) - Number of Volumes: 1.
2019-09-20 08:50:51,572 [main] INFO  freon.RandomKeyGenerator (RandomKeyGenerator.java:call(281)) - Number of Buckets per Volume: 1.
2019-09-20 08:50:51,572 [main] INFO  freon.RandomKeyGenerator (RandomKeyGenerator.java:call(282)) - Number of Keys per Bucket: 1.
2019-09-20 08:50:51,572 [main] INFO  freon.RandomKeyGenerator (RandomKeyGenerator.java:call(283)) - Key size: 10240 bytes
2019-09-20 08:50:51,572 [main] INFO  freon.RandomKeyGenerator (RandomKeyGenerator.java:call(284)) - Buffer size: 4096 bytes
2019-09-20 08:50:51,574 [pool-79-thread-1] INFO  rpc.RpcClient (RpcClient.java:createVolume(293)) - Creating Volume: vol-0-59236, with jenkins1000 as owner.
2019-09-20 08:50:51,574 [main] INFO  freon.RandomKeyGenerator (RandomKeyGenerator.java:call(304)) - Starting progress bar Thread.

 0.00% |█                                                                                                    |  0/1 Time: 0:00:002019-09-20 08:50:51,578 | INFO  | OMAudit | user=jenkins1000 | ip=127.0.0.1 | op=CREATE_VOLUME {admin=jenkins1000, owner=jenkins1000, volume=vol-0-59236, creationTime=1568969451578, quotaInBytes=1152921504606846976} | ret=SUCCESS |  
2019-09-20 08:50:51,580 | INFO  | OMAudit | user=jenkins1000 | ip=127.0.0.1 | op=READ_VOLUME {volume=vol-0-59236} | ret=SUCCESS |  
2019-09-20 08:50:51,598 [pool-79-thread-2] INFO  rpc.RpcClient (RpcClient.java:createBucket(432)) - Creating Bucket: vol-0-59236/bucket-0-40947, with Versioning false and Storage Type set to DISK and Encryption set to false 
2019-09-20 08:50:51,600 | INFO  | OMAudit | user=jenkins1000 | ip=127.0.0.1 | op=CREATE_BUCKET {volume=vol-0-59236, bucket=bucket-0-40947, acls=[user:jenkins1000:a[ACCESS], group:default:a[ACCESS]], isVersionEnabled=false, storageType=DISK, creationTime=0} | ret=SUCCESS |  
2019-09-20 08:50:51,603 | INFO  | OMAudit | user=jenkins1000 | ip=127.0.0.1 | op=READ_BUCKET {volume=vol-0-59236, bucket=bucket-0-40947} | ret=SUCCESS |  
2019-09-20 08:50:51,611 [IPC Server handler 6 on 35288] INFO  pipeline.PipelinePlacementPolicy (PipelinePlacementPolicy.java:meetCriteria(91)) - Pipeline Placement: Doesn't meet the criteria to be viable node： d183acf8-c1d4-40f7-ba5a-175455d3bd55 Heaviness: 6 limit: 5
2019-09-20 08:50:51,611 [IPC Server handler 6 on 35288] INFO  pipeline.PipelinePlacementPolicy (PipelinePlacementPolicy.java:meetCriteria(91)) - Pipeline Placement: Doesn't meet the criteria to be viable node： 2a6ce4d1-5069-4aeb-8b94-5f253cd23bfc Heaviness: 6 limit: 5
2019-09-20 08:50:51,612 [IPC Server handler 6 on 35288] INFO  pipeline.PipelinePlacementPolicy (PipelinePlacementPolicy.java:meetCriteria(91)) - Pipeline Placement: Doesn't meet the criteria to be viable node： 972eec63-801b-4789-a14a-664c049671ee Heaviness: 6 limit: 5
2019-09-20 08:50:51,612 [IPC Server handler 6 on 35288] INFO  pipeline.PipelinePlacementPolicy (PipelinePlacementPolicy.java:meetCriteria(91)) - Pipeline Placement: Doesn't meet the criteria to be viable node： 5e9b3ca5-d58f-427a-bd11-930d28ac57d8 Heaviness: 6 limit: 5
2019-09-20 08:50:51,612 [IPC Server handler 6 on 35288] INFO  pipeline.PipelinePlacementPolicy (PipelinePlacementPolicy.java:meetCriteria(91)) - Pipeline Placement: Doesn't meet the criteria to be viable node： 64119811-c299-4353-bef2-4f1f08694db1 Heaviness: 6 limit: 5
2019-09-20 08:50:51,612 [IPC Server handler 6 on 35288] ERROR pipeline.PipelinePlacementPolicy (PipelinePlacementPolicy.java:filterViableNodes(148)) - Unable to find enough nodes that meet the criteria that cannot engage in more than 5 pipelines. Nodes required: 3 Found: 0, healthy nodes count inNodeManager: 5.
2019-09-20 08:50:51,613 [IPC Server handler 6 on 35288] ERROR pipeline.SCMPipelineManager (SCMPipelineManager.java:createPipeline(161)) - Pipeline creation failed due to exception: Unable to find enough nodes that meet the criteria that cannot engage in more than 5 pipelines. Nodes required: 3 Found: 0, healthy nodes count inNodeManager: 5.
2019-09-20 08:50:51,613 [IPC Server handler 6 on 35288] WARN  block.BlockManagerImpl (BlockManagerImpl.java:allocateBlock(192)) - Pipeline creation failed for type:RATIS factor:THREE. Retrying get pipelines call once.
org.apache.hadoop.hdds.scm.exceptions.SCMException: Unable to find enough nodes that meet the criteria that cannot engage in more than 5 pipelines. Nodes required: 3 Found: 0, healthy nodes count inNodeManager: 5.
	at org.apache.hadoop.hdds.scm.pipeline.PipelinePlacementPolicy.filterViableNodes(PipelinePlacementPolicy.java:149)
	at org.apache.hadoop.hdds.scm.pipeline.PipelinePlacementPolicy.chooseDatanodes(PipelinePlacementPolicy.java:172)
	at org.apache.hadoop.hdds.scm.pipeline.RatisPipelineProvider.create(RatisPipelineProvider.java:92)
	at org.apache.hadoop.hdds.scm.pipeline.PipelineFactory.create(PipelineFactory.java:57)
	at org.apache.hadoop.hdds.scm.pipeline.SCMPipelineManager.createPipeline(SCMPipelineManager.java:149)
	at org.apache.hadoop.hdds.scm.block.BlockManagerImpl.allocateBlock(BlockManagerImpl.java:190)
	at org.apache.hadoop.hdds.scm.server.SCMBlockProtocolServer.allocateBlock(SCMBlockProtocolServer.java:175)
	at org.apache.hadoop.ozone.protocolPB.ScmBlockLocationProtocolServerSideTranslatorPB.allocateScmBlock(ScmBlockLocationProtocolServerSideTranslatorPB.java:153)
	at org.apache.hadoop.ozone.protocolPB.ScmBlockLocationProtocolServerSideTranslatorPB.send(ScmBlockLocationProtocolServerSideTranslatorPB.java:112)
	at org.apache.hadoop.hdds.protocol.proto.ScmBlockLocationProtocolProtos$ScmBlockLocationProtocolService$2.callBlockingMethod(ScmBlockLocationProtocolProtos.java:13157)
	at org.apache.hadoop.ipc.ProtobufRpcEngine$Server$ProtoBufRpcInvoker.call(ProtobufRpcEngine.java:524)
	at org.apache.hadoop.ipc.RPC$Server.call(RPC.java:1025)
	at org.apache.hadoop.ipc.Server$RpcCall.run(Server.java:876)
	at org.apache.hadoop.ipc.Server$RpcCall.run(Server.java:822)
	at java.security.AccessController.doPrivileged(Native Method)
	at javax.security.auth.Subject.doAs(Subject.java:422)
	at org.apache.hadoop.security.UserGroupInformation.doAs(UserGroupInformation.java:1730)
	at org.apache.hadoop.ipc.Server$Handler.run(Server.java:2682)
2019-09-20 08:50:51,614 [IPC Server handler 6 on 35288] INFO  block.BlockManagerImpl (BlockManagerImpl.java:allocateBlock(198)) - Could not find available pipeline of type:RATIS and factor:THREE even after retrying
2019-09-20 08:50:51,614 [IPC Server handler 6 on 35288] ERROR block.BlockManagerImpl (BlockManagerImpl.java:allocateBlock(222)) - Unable to allocate a block for the size: 4194304, type: RATIS, factor: THREE
2019-09-20 08:50:51,614 | INFO  | SCMAudit | user=jenkins1000 | ip=192.168.36.79 | op=ALLOCATE_BLOCK {owner=de213d33-d5bc-4e32-9ee1-d102376c7a7f, size=4194304, type=RATIS, factor=THREE} | ret=SUCCESS |  
2019-09-20 08:50:51,615 | ERROR | OMAudit | user=jenkins1000 | ip=127.0.0.1 | op=ALLOCATE_KEY {volume=vol-0-59236, bucket=bucket-0-40947, key=key-0-42367, dataSize=10240, replicationType=RATIS, replicationFactor=THREE, keyLocationInfo=null} | ret=FAILURE | org.apache.hadoop.hdds.scm.exceptions.SCMException: Allocated 0 blocks. Requested 1 blocks
	at org.apache.hadoop.hdds.scm.protocolPB.ScmBlockLocationProtocolClientSideTranslatorPB.handleError(ScmBlockLocationProtocolClientSideTranslatorPB.java:118)
	at org.apache.hadoop.hdds.scm.protocolPB.ScmBlockLocationProtocolClientSideTranslatorPB.allocateBlock(ScmBlockLocationProtocolClientSideTranslatorPB.java:156) 
2019-09-20 08:50:51,616 [pool-79-thread-3] ERROR freon.RandomKeyGenerator (RandomKeyGenerator.java:createKey(724)) - Exception while adding key: key-0-42367 in bucket: bucket-0-40947 of volume: vol-0-59236.
INTERNAL_ERROR org.apache.hadoop.ozone.om.exceptions.OMException: Allocated 0 blocks. Requested 1 blocks
	at org.apache.hadoop.ozone.om.protocolPB.OzoneManagerProtocolClientSideTranslatorPB.handleError(OzoneManagerProtocolClientSideTranslatorPB.java:725)
	at org.apache.hadoop.ozone.om.protocolPB.OzoneManagerProtocolClientSideTranslatorPB.openKey(OzoneManagerProtocolClientSideTranslatorPB.java:716)
	at org.apache.hadoop.ozone.client.rpc.RpcClient.createKey(RpcClient.java:615)
	at org.apache.hadoop.ozone.client.OzoneBucket.createKey(OzoneBucket.java:323)
	at org.apache.hadoop.ozone.freon.RandomKeyGenerator.createKey(RandomKeyGenerator.java:686)
	at org.apache.hadoop.ozone.freon.RandomKeyGenerator.access$1100(RandomKeyGenerator.java:87)
	at org.apache.hadoop.ozone.freon.RandomKeyGenerator$ObjectCreator.run(RandomKeyGenerator.java:606)
	at java.util.concurrent.Executors$RunnableAdapter.call(Executors.java:511)
	at java.util.concurrent.FutureTask.run(FutureTask.java:266)
	at java.util.concurrent.ThreadPoolExecutor.runWorker(ThreadPoolExecutor.java:1149)
	at java.util.concurrent.ThreadPoolExecutor$Worker.run(ThreadPoolExecutor.java:624)
	at java.lang.Thread.run(Thread.java:748)
2019-09-20 08:50:51,680 [Thread-253] INFO  impl.FollowerState (FollowerState.java:run(106)) - 5e9b3ca5-d58f-427a-bd11-930d28ac57d8:group-D8F334CA0720 changes to CANDIDATE, lastRpcTime:5049, electionTimeout:5049ms
2019-09-20 08:50:51,680 [Thread-253] INFO  impl.RoleInfo (RoleInfo.java:shutdownFollowerState(121)) - 5e9b3ca5-d58f-427a-bd11-930d28ac57d8: shutdown FollowerState
2019-09-20 08:50:51,680 [Thread-253] INFO  impl.RaftServerImpl (RaftServerImpl.java:setRole(171)) - 5e9b3ca5-d58f-427a-bd11-930d28ac57d8:group-D8F334CA0720 changes role from FOLLOWER to CANDIDATE at term 0 for changeToCandidate
2019-09-20 08:50:51,680 [Thread-253] INFO  impl.RoleInfo (RoleInfo.java:updateAndGet(143)) - 5e9b3ca5-d58f-427a-bd11-930d28ac57d8: start LeaderElection
2019-09-20 08:50:51,689 [Thread-250] INFO  impl.FollowerState (FollowerState.java:run(106)) - 64119811-c299-4353-bef2-4f1f08694db1:group-61DFFCCCB317 changes to CANDIDATE, lastRpcTime:5170, electionTimeout:5170ms
2019-09-20 08:50:51,690 [Thread-250] INFO  impl.RoleInfo (RoleInfo.java:shutdownFollowerState(121)) - 64119811-c299-4353-bef2-4f1f08694db1: shutdown FollowerState
2019-09-20 08:50:51,690 [Thread-250] INFO  impl.RaftServerImpl (RaftServerImpl.java:setRole(171)) - 64119811-c299-4353-bef2-4f1f08694db1:group-61DFFCCCB317 changes role from FOLLOWER to CANDIDATE at term 0 for changeToCandidate
2019-09-20 08:50:51,690 [Thread-250] INFO  impl.RoleInfo (RoleInfo.java:updateAndGet(143)) - 64119811-c299-4353-bef2-4f1f08694db1: start LeaderElection
2019-09-20 08:50:51,718 [5e9b3ca5-d58f-427a-bd11-930d28ac57d8:group-D8F334CA0720:LeaderElection13] INFO  impl.LeaderElection (LeaderElection.java:askForVotes(181)) - 5e9b3ca5-d58f-427a-bd11-930d28ac57d8:group-D8F334CA0720:LeaderElection13: begin an election at term 1 for -1: [5e9b3ca5-d58f-427a-bd11-930d28ac57d8:192.168.36.79:44438], old=null
2019-09-20 08:50:51,718 [5e9b3ca5-d58f-427a-bd11-930d28ac57d8:group-D8F334CA0720:LeaderElection13] INFO  impl.RoleInfo (RoleInfo.java:shutdownLeaderElection(134)) - 5e9b3ca5-d58f-427a-bd11-930d28ac57d8: shutdown LeaderElection
2019-09-20 08:50:51,719 [5e9b3ca5-d58f-427a-bd11-930d28ac57d8:group-D8F334CA0720:LeaderElection13] INFO  impl.RaftServerImpl (RaftServerImpl.java:setRole(171)) - 5e9b3ca5-d58f-427a-bd11-930d28ac57d8:group-D8F334CA0720 changes role from CANDIDATE to LEADER at term 1 for changeToLeader
2019-09-20 08:50:51,719 [5e9b3ca5-d58f-427a-bd11-930d28ac57d8:group-D8F334CA0720:LeaderElection13] INFO  impl.RaftServerImpl (ServerState.java:setLeader(263)) - 5e9b3ca5-d58f-427a-bd11-930d28ac57d8:group-D8F334CA0720 change Leader from null to 5e9b3ca5-d58f-427a-bd11-930d28ac57d8 at term 1 for becomeLeader, leader elected after 5094ms
2019-09-20 08:50:51,719 [5e9b3ca5-d58f-427a-bd11-930d28ac57d8:group-D8F334CA0720:LeaderElection13] INFO  server.RaftServerConfigKeys (ConfUtils.java:logGet(43)) - raft.server.staging.catchup.gap = 1000 (default)
2019-09-20 08:50:51,719 [5e9b3ca5-d58f-427a-bd11-930d28ac57d8:group-D8F334CA0720:LeaderElection13] INFO  server.RaftServerConfigKeys (ConfUtils.java:logGet(43)) - raft.server.rpc.sleep.time = 25ms (default)
2019-09-20 08:50:51,719 [5e9b3ca5-d58f-427a-bd11-930d28ac57d8:group-D8F334CA0720:LeaderElection13] INFO  server.RaftServerConfigKeys (ConfUtils.java:logGet(43)) - raft.server.write.element-limit = 4096 (default)
2019-09-20 08:50:51,720 [5e9b3ca5-d58f-427a-bd11-930d28ac57d8:group-D8F334CA0720:LeaderElection13] INFO  server.RaftServerConfigKeys (ConfUtils.java:logGet(43)) - raft.server.watch.timeout = 10s (default)
2019-09-20 08:50:51,720 [5e9b3ca5-d58f-427a-bd11-930d28ac57d8:group-D8F334CA0720:LeaderElection13] INFO  server.RaftServerConfigKeys (ConfUtils.java:logGet(43)) - raft.server.watch.timeout.denomination = 1s (default)
2019-09-20 08:50:51,720 [5e9b3ca5-d58f-427a-bd11-930d28ac57d8:group-D8F334CA0720:LeaderElection13] INFO  server.RaftServerConfigKeys (ConfUtils.java:logGet(43)) - raft.server.watch.element-limit = 65536 (default)
2019-09-20 08:50:51,720 [5e9b3ca5-d58f-427a-bd11-930d28ac57d8:group-D8F334CA0720:LeaderElection13] INFO  impl.RoleInfo (RoleInfo.java:updateAndGet(143)) - 5e9b3ca5-d58f-427a-bd11-930d28ac57d8: start LeaderState
2019-09-20 08:50:51,721 [5e9b3ca5-d58f-427a-bd11-930d28ac57d8:group-D8F334CA0720:LeaderElection13] INFO  segmented.SegmentedRaftLogWorker (SegmentedRaftLogWorker.java:startLogSegment(380)) - 5e9b3ca5-d58f-427a-bd11-930d28ac57d8-SegmentedRaftLogWorker:Storage Directory /workdir/hadoop-ozone/tools/target/test-dir/MiniOzoneClusterImpl-1a1f1bd1-ce73-4756-923c-f2264fe476d0/datanode-2/data/ratis/7afb4b70-d901-491d-9c0b-d8f334ca0720: Starting segment from index:0
2019-09-20 08:50:51,721 [5e9b3ca5-d58f-427a-bd11-930d28ac57d8:group-D8F334CA0720:LeaderElection13] INFO  impl.RaftServerImpl (ServerState.java:setRaftConf(361)) - 5e9b3ca5-d58f-427a-bd11-930d28ac57d8:group-D8F334CA0720 set configuration 0: [5e9b3ca5-d58f-427a-bd11-930d28ac57d8:192.168.36.79:44438], old=null at 0
2019-09-20 08:50:51,759 [64119811-c299-4353-bef2-4f1f08694db1:group-61DFFCCCB317:LeaderElection14] INFO  impl.LeaderElection (LeaderElection.java:askForVotes(181)) - 64119811-c299-4353-bef2-4f1f08694db1:group-61DFFCCCB317:LeaderElection14: begin an election at term 1 for -1: [64119811-c299-4353-bef2-4f1f08694db1:192.168.36.79:34202], old=null
2019-09-20 08:50:51,759 [64119811-c299-4353-bef2-4f1f08694db1:group-61DFFCCCB317:LeaderElection14] INFO  impl.RoleInfo (RoleInfo.java:shutdownLeaderElection(134)) - 64119811-c299-4353-bef2-4f1f08694db1: shutdown LeaderElection
2019-09-20 08:50:51,759 [64119811-c299-4353-bef2-4f1f08694db1:group-61DFFCCCB317:LeaderElection14] INFO  impl.RaftServerImpl (RaftServerImpl.java:setRole(171)) - 64119811-c299-4353-bef2-4f1f08694db1:group-61DFFCCCB317 changes role from CANDIDATE to LEADER at term 1 for changeToLeader
2019-09-20 08:50:51,759 [64119811-c299-4353-bef2-4f1f08694db1:group-61DFFCCCB317:LeaderElection14] INFO  impl.RaftServerImpl (ServerState.java:setLeader(263)) - 64119811-c299-4353-bef2-4f1f08694db1:group-61DFFCCCB317 change Leader from null to 64119811-c299-4353-bef2-4f1f08694db1 at term 1 for becomeLeader, leader elected after 5247ms
2019-09-20 08:50:51,760 [64119811-c299-4353-bef2-4f1f08694db1:group-61DFFCCCB317:LeaderElection14] INFO  server.RaftServerConfigKeys (ConfUtils.java:logGet(43)) - raft.server.staging.catchup.gap = 1000 (default)
2019-09-20 08:50:51,760 [64119811-c299-4353-bef2-4f1f08694db1:group-61DFFCCCB317:LeaderElection14] INFO  server.RaftServerConfigKeys (ConfUtils.java:logGet(43)) - raft.server.rpc.sleep.time = 25ms (default)
2019-09-20 08:50:51,760 [64119811-c299-4353-bef2-4f1f08694db1:group-61DFFCCCB317:LeaderElection14] INFO  server.RaftServerConfigKeys (ConfUtils.java:logGet(43)) - raft.server.write.element-limit = 4096 (default)
2019-09-20 08:50:51,760 [64119811-c299-4353-bef2-4f1f08694db1:group-61DFFCCCB317:LeaderElection14] INFO  server.RaftServerConfigKeys (ConfUtils.java:logGet(43)) - raft.server.watch.timeout = 10s (default)
2019-09-20 08:50:51,760 [64119811-c299-4353-bef2-4f1f08694db1:group-61DFFCCCB317:LeaderElection14] INFO  server.RaftServerConfigKeys (ConfUtils.java:logGet(43)) - raft.server.watch.timeout.denomination = 1s (default)
2019-09-20 08:50:51,760 [64119811-c299-4353-bef2-4f1f08694db1:group-61DFFCCCB317:LeaderElection14] INFO  server.RaftServerConfigKeys (ConfUtils.java:logGet(43)) - raft.server.watch.element-limit = 65536 (default)
2019-09-20 08:50:51,761 [64119811-c299-4353-bef2-4f1f08694db1:group-61DFFCCCB317:LeaderElection14] INFO  impl.RoleInfo (RoleInfo.java:updateAndGet(143)) - 64119811-c299-4353-bef2-4f1f08694db1: start LeaderState
2019-09-20 08:50:51,761 [64119811-c299-4353-bef2-4f1f08694db1:group-61DFFCCCB317:LeaderElection14] INFO  segmented.SegmentedRaftLogWorker (SegmentedRaftLogWorker.java:startLogSegment(380)) - 64119811-c299-4353-bef2-4f1f08694db1-SegmentedRaftLogWorker:Storage Directory /workdir/hadoop-ozone/tools/target/test-dir/MiniOzoneClusterImpl-1a1f1bd1-ce73-4756-923c-f2264fe476d0/datanode-0/data/ratis/f73cc6b4-4624-43a0-90d8-61dffcccb317: Starting segment from index:0
2019-09-20 08:50:51,761 [64119811-c299-4353-bef2-4f1f08694db1:group-61DFFCCCB317:LeaderElection14] INFO  impl.RaftServerImpl (ServerState.java:setRaftConf(361)) - 64119811-c299-4353-bef2-4f1f08694db1:group-61DFFCCCB317 set configuration 0: [64119811-c299-4353-bef2-4f1f08694db1:192.168.36.79:34202], old=null at 0
2019-09-20 08:50:51,802 [5e9b3ca5-d58f-427a-bd11-930d28ac57d8-SegmentedRaftLogWorker:Storage Directory /workdir/hadoop-ozone/tools/target/test-dir/MiniOzoneClusterImpl-1a1f1bd1-ce73-4756-923c-f2264fe476d0/datanode-2/data/ratis/7afb4b70-d901-491d-9c0b-d8f334ca0720] INFO  segmented.SegmentedRaftLogWorker (SegmentedRaftLogWorker.java:execute(569)) - 5e9b3ca5-d58f-427a-bd11-930d28ac57d8-SegmentedRaftLogWorker:Storage Directory /workdir/hadoop-ozone/tools/target/test-dir/MiniOzoneClusterImpl-1a1f1bd1-ce73-4756-923c-f2264fe476d0/datanode-2/data/ratis/7afb4b70-d901-491d-9c0b-d8f334ca0720: created new log segment /workdir/hadoop-ozone/tools/target/test-dir/MiniOzoneClusterImpl-1a1f1bd1-ce73-4756-923c-f2264fe476d0/datanode-2/data/ratis/7afb4b70-d901-491d-9c0b-d8f334ca0720/current/log_inprogress_0
2019-09-20 08:50:51,827 [64119811-c299-4353-bef2-4f1f08694db1-SegmentedRaftLogWorker:Storage Directory /workdir/hadoop-ozone/tools/target/test-dir/MiniOzoneClusterImpl-1a1f1bd1-ce73-4756-923c-f2264fe476d0/datanode-0/data/ratis/f73cc6b4-4624-43a0-90d8-61dffcccb317] INFO  segmented.SegmentedRaftLogWorker (SegmentedRaftLogWorker.java:execute(569)) - 64119811-c299-4353-bef2-4f1f08694db1-SegmentedRaftLogWorker:Storage Directory /workdir/hadoop-ozone/tools/target/test-dir/MiniOzoneClusterImpl-1a1f1bd1-ce73-4756-923c-f2264fe476d0/datanode-0/data/ratis/f73cc6b4-4624-43a0-90d8-61dffcccb317: created new log segment /workdir/hadoop-ozone/tools/target/test-dir/MiniOzoneClusterImpl-1a1f1bd1-ce73-4756-923c-f2264fe476d0/datanode-0/data/ratis/f73cc6b4-4624-43a0-90d8-61dffcccb317/current/log_inprogress_0
2019-09-20 08:50:51,850 | INFO  | SCMAudit | user=jenkins1000 | ip=192.168.36.79 | op=SEND_HEARTBEAT {datanodeUUID=d183acf8-c1d4-40f7-ba5a-175455d3bd55, command=[]} | ret=SUCCESS |  
2019-09-20 08:50:51,851 | INFO  | SCMAudit | user=jenkins1000 | ip=192.168.36.79 | op=SEND_HEARTBEAT {datanodeUUID=5e9b3ca5-d58f-427a-bd11-930d28ac57d8, command=[]} | ret=SUCCESS |  
2019-09-20 08:50:51,868 [Thread-269] INFO  impl.FollowerState (FollowerState.java:run(106)) - d183acf8-c1d4-40f7-ba5a-175455d3bd55:group-BC2240DFB399 changes to CANDIDATE, lastRpcTime:5062, electionTimeout:5062ms
2019-09-20 08:50:51,869 [Thread-269] INFO  impl.RoleInfo (RoleInfo.java:shutdownFollowerState(121)) - d183acf8-c1d4-40f7-ba5a-175455d3bd55: shutdown FollowerState
2019-09-20 08:50:51,869 [Thread-269] INFO  impl.RaftServerImpl (RaftServerImpl.java:setRole(171)) - d183acf8-c1d4-40f7-ba5a-175455d3bd55:group-BC2240DFB399 changes role from FOLLOWER to CANDIDATE at term 0 for changeToCandidate
2019-09-20 08:50:51,869 [Thread-269] INFO  impl.RoleInfo (RoleInfo.java:updateAndGet(143)) - d183acf8-c1d4-40f7-ba5a-175455d3bd55: start LeaderElection
2019-09-20 08:50:51,887 [Thread-266] INFO  impl.FollowerState (FollowerState.java:run(106)) - 5e9b3ca5-d58f-427a-bd11-930d28ac57d8:group-3B876D365237 changes to CANDIDATE, lastRpcTime:5147, electionTimeout:5147ms
2019-09-20 08:50:51,887 [Thread-266] INFO  impl.RoleInfo (RoleInfo.java:shutdownFollowerState(121)) - 5e9b3ca5-d58f-427a-bd11-930d28ac57d8: shutdown FollowerState
2019-09-20 08:50:51,887 [Thread-266] INFO  impl.RaftServerImpl (RaftServerImpl.java:setRole(171)) - 5e9b3ca5-d58f-427a-bd11-930d28ac57d8:group-3B876D365237 changes role from FOLLOWER to CANDIDATE at term 0 for changeToCandidate
2019-09-20 08:50:51,887 [Thread-266] INFO  impl.RoleInfo (RoleInfo.java:updateAndGet(143)) - 5e9b3ca5-d58f-427a-bd11-930d28ac57d8: start LeaderElection
2019-09-20 08:50:51,911 [d183acf8-c1d4-40f7-ba5a-175455d3bd55:group-BC2240DFB399:LeaderElection15] INFO  impl.LeaderElection (LeaderElection.java:askForVotes(181)) - d183acf8-c1d4-40f7-ba5a-175455d3bd55:group-BC2240DFB399:LeaderElection15: begin an election at term 1 for -1: [d183acf8-c1d4-40f7-ba5a-175455d3bd55:192.168.36.79:40696], old=null
2019-09-20 08:50:51,911 [d183acf8-c1d4-40f7-ba5a-175455d3bd55:group-BC2240DFB399:LeaderElection15] INFO  impl.RoleInfo (RoleInfo.java:shutdownLeaderElection(134)) - d183acf8-c1d4-40f7-ba5a-175455d3bd55: shutdown LeaderElection
2019-09-20 08:50:51,911 [d183acf8-c1d4-40f7-ba5a-175455d3bd55:group-BC2240DFB399:LeaderElection15] INFO  impl.RaftServerImpl (RaftServerImpl.java:setRole(171)) - d183acf8-c1d4-40f7-ba5a-175455d3bd55:group-BC2240DFB399 changes role from CANDIDATE to LEADER at term 1 for changeToLeader
2019-09-20 08:50:51,912 [d183acf8-c1d4-40f7-ba5a-175455d3bd55:group-BC2240DFB399:LeaderElection15] INFO  impl.RaftServerImpl (ServerState.java:setLeader(263)) - d183acf8-c1d4-40f7-ba5a-175455d3bd55:group-BC2240DFB399 change Leader from null to d183acf8-c1d4-40f7-ba5a-175455d3bd55 at term 1 for becomeLeader, leader elected after 5110ms
2019-09-20 08:50:51,912 [d183acf8-c1d4-40f7-ba5a-175455d3bd55:group-BC2240DFB399:LeaderElection15] INFO  server.RaftServerConfigKeys (ConfUtils.java:logGet(43)) - raft.server.staging.catchup.gap = 1000 (default)
2019-09-20 08:50:51,912 [d183acf8-c1d4-40f7-ba5a-175455d3bd55:group-BC2240DFB399:LeaderElection15] INFO  server.RaftServerConfigKeys (ConfUtils.java:logGet(43)) - raft.server.rpc.sleep.time = 25ms (default)
2019-09-20 08:50:51,912 [d183acf8-c1d4-40f7-ba5a-175455d3bd55:group-BC2240DFB399:LeaderElection15] INFO  server.RaftServerConfigKeys (ConfUtils.java:logGet(43)) - raft.server.write.element-limit = 4096 (default)
2019-09-20 08:50:51,913 [d183acf8-c1d4-40f7-ba5a-175455d3bd55:group-BC2240DFB399:LeaderElection15] INFO  server.RaftServerConfigKeys (ConfUtils.java:logGet(43)) - raft.server.watch.timeout = 10s (default)
2019-09-20 08:50:51,913 [d183acf8-c1d4-40f7-ba5a-175455d3bd55:group-BC2240DFB399:LeaderElection15] INFO  server.RaftServerConfigKeys (ConfUtils.java:logGet(43)) - raft.server.watch.timeout.denomination = 1s (default)
2019-09-20 08:50:51,913 [d183acf8-c1d4-40f7-ba5a-175455d3bd55:group-BC2240DFB399:LeaderElection15] INFO  server.RaftServerConfigKeys (ConfUtils.java:logGet(43)) - raft.server.watch.element-limit = 65536 (default)
2019-09-20 08:50:51,913 [d183acf8-c1d4-40f7-ba5a-175455d3bd55:group-BC2240DFB399:LeaderElection15] INFO  impl.RoleInfo (RoleInfo.java:updateAndGet(143)) - d183acf8-c1d4-40f7-ba5a-175455d3bd55: start LeaderState
2019-09-20 08:50:51,913 | INFO  | SCMAudit | user=jenkins1000 | ip=192.168.36.79 | op=SEND_HEARTBEAT {datanodeUUID=64119811-c299-4353-bef2-4f1f08694db1, command=[]} | ret=SUCCESS |  
2019-09-20 08:50:51,914 [d183acf8-c1d4-40f7-ba5a-175455d3bd55:group-BC2240DFB399:LeaderElection15] INFO  segmented.SegmentedRaftLogWorker (SegmentedRaftLogWorker.java:startLogSegment(380)) - d183acf8-c1d4-40f7-ba5a-175455d3bd55-SegmentedRaftLogWorker:Storage Directory /workdir/hadoop-ozone/tools/target/test-dir/MiniOzoneClusterImpl-1a1f1bd1-ce73-4756-923c-f2264fe476d0/datanode-3/data/ratis/f73a9464-9863-46fb-a795-bc2240dfb399: Starting segment from index:0
2019-09-20 08:50:51,914 [d183acf8-c1d4-40f7-ba5a-175455d3bd55:group-BC2240DFB399:LeaderElection15] INFO  impl.RaftServerImpl (ServerState.java:setRaftConf(361)) - d183acf8-c1d4-40f7-ba5a-175455d3bd55:group-BC2240DFB399 set configuration 0: [d183acf8-c1d4-40f7-ba5a-175455d3bd55:192.168.36.79:40696], old=null at 0
2019-09-20 08:50:51,956 [Thread-272] INFO  impl.FollowerState (FollowerState.java:run(106)) - 5e9b3ca5-d58f-427a-bd11-930d28ac57d8:group-177DDD750957 changes to CANDIDATE, lastRpcTime:5052, electionTimeout:5028ms
2019-09-20 08:50:51,956 [5e9b3ca5-d58f-427a-bd11-930d28ac57d8:group-3B876D365237:LeaderElection16] INFO  impl.LeaderElection (LeaderElection.java:askForVotes(181)) - 5e9b3ca5-d58f-427a-bd11-930d28ac57d8:group-3B876D365237:LeaderElection16: begin an election at term 1 for -1: [5e9b3ca5-d58f-427a-bd11-930d28ac57d8:192.168.36.79:44438], old=null
2019-09-20 08:50:51,956 [Thread-272] INFO  impl.RoleInfo (RoleInfo.java:shutdownFollowerState(121)) - 5e9b3ca5-d58f-427a-bd11-930d28ac57d8: shutdown FollowerState
2019-09-20 08:50:51,956 [5e9b3ca5-d58f-427a-bd11-930d28ac57d8:group-3B876D365237:LeaderElection16] INFO  impl.RoleInfo (RoleInfo.java:shutdownLeaderElection(134)) - 5e9b3ca5-d58f-427a-bd11-930d28ac57d8: shutdown LeaderElection
2019-09-20 08:50:51,956 [Thread-272] INFO  impl.RaftServerImpl (RaftServerImpl.java:setRole(171)) - 5e9b3ca5-d58f-427a-bd11-930d28ac57d8:group-177DDD750957 changes role from FOLLOWER to CANDIDATE at term 0 for changeToCandidate
2019-09-20 08:50:51,956 [5e9b3ca5-d58f-427a-bd11-930d28ac57d8:group-3B876D365237:LeaderElection16] INFO  impl.RaftServerImpl (RaftServerImpl.java:setRole(171)) - 5e9b3ca5-d58f-427a-bd11-930d28ac57d8:group-3B876D365237 changes role from CANDIDATE to LEADER at term 1 for changeToLeader
2019-09-20 08:50:51,956 | INFO  | SCMAudit | user=jenkins1000 | ip=192.168.36.79 | op=SEND_HEARTBEAT {datanodeUUID=2a6ce4d1-5069-4aeb-8b94-5f253cd23bfc, command=[]} | ret=SUCCESS |  
2019-09-20 08:50:51,957 [Thread-272] INFO  impl.RoleInfo (RoleInfo.java:updateAndGet(143)) - 5e9b3ca5-d58f-427a-bd11-930d28ac57d8: start LeaderElection
2019-09-20 08:50:51,957 [5e9b3ca5-d58f-427a-bd11-930d28ac57d8:group-3B876D365237:LeaderElection16] INFO  impl.RaftServerImpl (ServerState.java:setLeader(263)) - 5e9b3ca5-d58f-427a-bd11-930d28ac57d8:group-3B876D365237 change Leader from null to 5e9b3ca5-d58f-427a-bd11-930d28ac57d8 at term 1 for becomeLeader, leader elected after 5223ms
2019-09-20 08:50:51,957 [5e9b3ca5-d58f-427a-bd11-930d28ac57d8:group-3B876D365237:LeaderElection16] INFO  server.RaftServerConfigKeys (ConfUtils.java:logGet(43)) - raft.server.staging.catchup.gap = 1000 (default)
2019-09-20 08:50:51,959 [5e9b3ca5-d58f-427a-bd11-930d28ac57d8:group-3B876D365237:LeaderElection16] INFO  server.RaftServerConfigKeys (ConfUtils.java:logGet(43)) - raft.server.rpc.sleep.time = 25ms (default)
2019-09-20 08:50:51,963 [5e9b3ca5-d58f-427a-bd11-930d28ac57d8:group-3B876D365237:LeaderElection16] INFO  server.RaftServerConfigKeys (ConfUtils.java:logGet(43)) - raft.server.write.element-limit = 4096 (default)
2019-09-20 08:50:51,963 [5e9b3ca5-d58f-427a-bd11-930d28ac57d8:group-3B876D365237:LeaderElection16] INFO  server.RaftServerConfigKeys (ConfUtils.java:logGet(43)) - raft.server.watch.timeout = 10s (default)
2019-09-20 08:50:51,963 [5e9b3ca5-d58f-427a-bd11-930d28ac57d8:group-3B876D365237:LeaderElection16] INFO  server.RaftServerConfigKeys (ConfUtils.java:logGet(43)) - raft.server.watch.timeout.denomination = 1s (default)
2019-09-20 08:50:51,963 [5e9b3ca5-d58f-427a-bd11-930d28ac57d8:group-3B876D365237:LeaderElection16] INFO  server.RaftServerConfigKeys (ConfUtils.java:logGet(43)) - raft.server.watch.element-limit = 65536 (default)
2019-09-20 08:50:51,963 [5e9b3ca5-d58f-427a-bd11-930d28ac57d8:group-3B876D365237:LeaderElection16] INFO  impl.RoleInfo (RoleInfo.java:updateAndGet(143)) - 5e9b3ca5-d58f-427a-bd11-930d28ac57d8: start LeaderState
2019-09-20 08:50:51,964 [5e9b3ca5-d58f-427a-bd11-930d28ac57d8:group-3B876D365237:LeaderElection16] INFO  segmented.SegmentedRaftLogWorker (SegmentedRaftLogWorker.java:startLogSegment(380)) - 5e9b3ca5-d58f-427a-bd11-930d28ac57d8-SegmentedRaftLogWorker:Storage Directory /workdir/hadoop-ozone/tools/target/test-dir/MiniOzoneClusterImpl-1a1f1bd1-ce73-4756-923c-f2264fe476d0/datanode-2/data/ratis/dce05e81-8a73-4219-8401-3b876d365237: Starting segment from index:0
2019-09-20 08:50:51,964 [5e9b3ca5-d58f-427a-bd11-930d28ac57d8:group-3B876D365237:LeaderElection16] INFO  impl.RaftServerImpl (ServerState.java:setRaftConf(361)) - 5e9b3ca5-d58f-427a-bd11-930d28ac57d8:group-3B876D365237 set configuration 0: [5e9b3ca5-d58f-427a-bd11-930d28ac57d8:192.168.36.79:44438], old=null at 0
2019-09-20 08:50:52,006 [d183acf8-c1d4-40f7-ba5a-175455d3bd55-SegmentedRaftLogWorker:Storage Directory /workdir/hadoop-ozone/tools/target/test-dir/MiniOzoneClusterImpl-1a1f1bd1-ce73-4756-923c-f2264fe476d0/datanode-3/data/ratis/f73a9464-9863-46fb-a795-bc2240dfb399] INFO  segmented.SegmentedRaftLogWorker (SegmentedRaftLogWorker.java:execute(569)) - d183acf8-c1d4-40f7-ba5a-175455d3bd55-SegmentedRaftLogWorker:Storage Directory /workdir/hadoop-ozone/tools/target/test-dir/MiniOzoneClusterImpl-1a1f1bd1-ce73-4756-923c-f2264fe476d0/datanode-3/data/ratis/f73a9464-9863-46fb-a795-bc2240dfb399: created new log segment /workdir/hadoop-ozone/tools/target/test-dir/MiniOzoneClusterImpl-1a1f1bd1-ce73-4756-923c-f2264fe476d0/datanode-3/data/ratis/f73a9464-9863-46fb-a795-bc2240dfb399/current/log_inprogress_0
2019-09-20 08:50:52,006 [5e9b3ca5-d58f-427a-bd11-930d28ac57d8:group-177DDD750957:LeaderElection17] INFO  impl.LeaderElection (LeaderElection.java:askForVotes(181)) - 5e9b3ca5-d58f-427a-bd11-930d28ac57d8:group-177DDD750957:LeaderElection17: begin an election at term 1 for -1: [5e9b3ca5-d58f-427a-bd11-930d28ac57d8:192.168.36.79:44438], old=null
2019-09-20 08:50:52,006 [Thread-276] INFO  impl.FollowerState (FollowerState.java:run(106)) - 64119811-c299-4353-bef2-4f1f08694db1:group-470D0BE31BAB changes to CANDIDATE, lastRpcTime:5032, electionTimeout:5008ms
2019-09-20 08:50:52,006 [5e9b3ca5-d58f-427a-bd11-930d28ac57d8:group-177DDD750957:LeaderElection17] INFO  impl.RoleInfo (RoleInfo.java:shutdownLeaderElection(134)) - 5e9b3ca5-d58f-427a-bd11-930d28ac57d8: shutdown LeaderElection
2019-09-20 08:50:52,006 [Thread-276] INFO  impl.RoleInfo (RoleInfo.java:shutdownFollowerState(121)) - 64119811-c299-4353-bef2-4f1f08694db1: shutdown FollowerState
2019-09-20 08:50:52,006 [5e9b3ca5-d58f-427a-bd11-930d28ac57d8:group-177DDD750957:LeaderElection17] INFO  impl.RaftServerImpl (RaftServerImpl.java:setRole(171)) - 5e9b3ca5-d58f-427a-bd11-930d28ac57d8:group-177DDD750957 changes role from CANDIDATE to LEADER at term 1 for changeToLeader
2019-09-20 08:50:52,006 [Thread-276] INFO  impl.RaftServerImpl (RaftServerImpl.java:setRole(171)) - 64119811-c299-4353-bef2-4f1f08694db1:group-470D0BE31BAB changes role from FOLLOWER to CANDIDATE at term 0 for changeToCandidate
2019-09-20 08:50:52,006 [5e9b3ca5-d58f-427a-bd11-930d28ac57d8:group-177DDD750957:LeaderElection17] INFO  impl.RaftServerImpl (ServerState.java:setLeader(263)) - 5e9b3ca5-d58f-427a-bd11-930d28ac57d8:group-177DDD750957 change Leader from null to 5e9b3ca5-d58f-427a-bd11-930d28ac57d8 at term 1 for becomeLeader, leader elected after 5107ms
2019-09-20 08:50:52,007 [Thread-276] INFO  impl.RoleInfo (RoleInfo.java:updateAndGet(143)) - 64119811-c299-4353-bef2-4f1f08694db1: start LeaderElection
2019-09-20 08:50:52,007 [5e9b3ca5-d58f-427a-bd11-930d28ac57d8:group-177DDD750957:LeaderElection17] INFO  server.RaftServerConfigKeys (ConfUtils.java:logGet(43)) - raft.server.staging.catchup.gap = 1000 (default)
2019-09-20 08:50:52,007 [5e9b3ca5-d58f-427a-bd11-930d28ac57d8:group-177DDD750957:LeaderElection17] INFO  server.RaftServerConfigKeys (ConfUtils.java:logGet(43)) - raft.server.rpc.sleep.time = 25ms (default)
2019-09-20 08:50:52,012 [5e9b3ca5-d58f-427a-bd11-930d28ac57d8:group-177DDD750957:LeaderElection17] INFO  server.RaftServerConfigKeys (ConfUtils.java:logGet(43)) - raft.server.write.element-limit = 4096 (default)
2019-09-20 08:50:52,012 [5e9b3ca5-d58f-427a-bd11-930d28ac57d8:group-177DDD750957:LeaderElection17] INFO  server.RaftServerConfigKeys (ConfUtils.java:logGet(43)) - raft.server.watch.timeout = 10s (default)
2019-09-20 08:50:52,013 [5e9b3ca5-d58f-427a-bd11-930d28ac57d8:group-177DDD750957:LeaderElection17] INFO  server.RaftServerConfigKeys (ConfUtils.java:logGet(43)) - raft.server.watch.timeout.denomination = 1s (default)
2019-09-20 08:50:52,013 [5e9b3ca5-d58f-427a-bd11-930d28ac57d8:group-177DDD750957:LeaderElection17] INFO  server.RaftServerConfigKeys (ConfUtils.java:logGet(43)) - raft.server.watch.element-limit = 65536 (default)
2019-09-20 08:50:52,013 [5e9b3ca5-d58f-427a-bd11-930d28ac57d8:group-177DDD750957:LeaderElection17] INFO  impl.RoleInfo (RoleInfo.java:updateAndGet(143)) - 5e9b3ca5-d58f-427a-bd11-930d28ac57d8: start LeaderState
2019-09-20 08:50:52,013 [5e9b3ca5-d58f-427a-bd11-930d28ac57d8:group-177DDD750957:LeaderElection17] INFO  segmented.SegmentedRaftLogWorker (SegmentedRaftLogWorker.java:startLogSegment(380)) - 5e9b3ca5-d58f-427a-bd11-930d28ac57d8-SegmentedRaftLogWorker:Storage Directory /workdir/hadoop-ozone/tools/target/test-dir/MiniOzoneClusterImpl-1a1f1bd1-ce73-4756-923c-f2264fe476d0/datanode-2/data/ratis/6e1755a8-f2d6-4635-8d3b-177ddd750957: Starting segment from index:0
2019-09-20 08:50:52,014 [5e9b3ca5-d58f-427a-bd11-930d28ac57d8:group-177DDD750957:LeaderElection17] INFO  impl.RaftServerImpl (ServerState.java:setRaftConf(361)) - 5e9b3ca5-d58f-427a-bd11-930d28ac57d8:group-177DDD750957 set configuration 0: [5e9b3ca5-d58f-427a-bd11-930d28ac57d8:192.168.36.79:44438], old=null at 0
2019-09-20 08:50:52,055 [64119811-c299-4353-bef2-4f1f08694db1:group-470D0BE31BAB:LeaderElection18] INFO  impl.LeaderElection (LeaderElection.java:askForVotes(181)) - 64119811-c299-4353-bef2-4f1f08694db1:group-470D0BE31BAB:LeaderElection18: begin an election at term 1 for -1: [64119811-c299-4353-bef2-4f1f08694db1:192.168.36.79:34202], old=null
2019-09-20 08:50:52,055 [64119811-c299-4353-bef2-4f1f08694db1:group-470D0BE31BAB:LeaderElection18] INFO  impl.RoleInfo (RoleInfo.java:shutdownLeaderElection(134)) - 64119811-c299-4353-bef2-4f1f08694db1: shutdown LeaderElection
2019-09-20 08:50:52,055 [64119811-c299-4353-bef2-4f1f08694db1:group-470D0BE31BAB:LeaderElection18] INFO  impl.RaftServerImpl (RaftServerImpl.java:setRole(171)) - 64119811-c299-4353-bef2-4f1f08694db1:group-470D0BE31BAB changes role from CANDIDATE to LEADER at term 1 for changeToLeader
2019-09-20 08:50:52,055 [64119811-c299-4353-bef2-4f1f08694db1:group-470D0BE31BAB:LeaderElection18] INFO  impl.RaftServerImpl (ServerState.java:setLeader(263)) - 64119811-c299-4353-bef2-4f1f08694db1:group-470D0BE31BAB change Leader from null to 64119811-c299-4353-bef2-4f1f08694db1 at term 1 for becomeLeader, leader elected after 5089ms
2019-09-20 08:50:52,055 [5e9b3ca5-d58f-427a-bd11-930d28ac57d8-SegmentedRaftLogWorker:Storage Directory /workdir/hadoop-ozone/tools/target/test-dir/MiniOzoneClusterImpl-1a1f1bd1-ce73-4756-923c-f2264fe476d0/datanode-2/data/ratis/dce05e81-8a73-4219-8401-3b876d365237] INFO  segmented.SegmentedRaftLogWorker (SegmentedRaftLogWorker.java:execute(569)) - 5e9b3ca5-d58f-427a-bd11-930d28ac57d8-SegmentedRaftLogWorker:Storage Directory /workdir/hadoop-ozone/tools/target/test-dir/MiniOzoneClusterImpl-1a1f1bd1-ce73-4756-923c-f2264fe476d0/datanode-2/data/ratis/dce05e81-8a73-4219-8401-3b876d365237: created new log segment /workdir/hadoop-ozone/tools/target/test-dir/MiniOzoneClusterImpl-1a1f1bd1-ce73-4756-923c-f2264fe476d0/datanode-2/data/ratis/dce05e81-8a73-4219-8401-3b876d365237/current/log_inprogress_0
2019-09-20 08:50:52,056 [64119811-c299-4353-bef2-4f1f08694db1:group-470D0BE31BAB:LeaderElection18] INFO  server.RaftServerConfigKeys (ConfUtils.java:logGet(43)) - raft.server.staging.catchup.gap = 1000 (default)
2019-09-20 08:50:52,056 [64119811-c299-4353-bef2-4f1f08694db1:group-470D0BE31BAB:LeaderElection18] INFO  server.RaftServerConfigKeys (ConfUtils.java:logGet(43)) - raft.server.rpc.sleep.time = 25ms (default)
2019-09-20 08:50:52,056 [64119811-c299-4353-bef2-4f1f08694db1:group-470D0BE31BAB:LeaderElection18] INFO  server.RaftServerConfigKeys (ConfUtils.java:logGet(43)) - raft.server.write.element-limit = 4096 (default)
2019-09-20 08:50:52,056 [64119811-c299-4353-bef2-4f1f08694db1:group-470D0BE31BAB:LeaderElection18] INFO  server.RaftServerConfigKeys (ConfUtils.java:logGet(43)) - raft.server.watch.timeout = 10s (default)
2019-09-20 08:50:52,057 [64119811-c299-4353-bef2-4f1f08694db1:group-470D0BE31BAB:LeaderElection18] INFO  server.RaftServerConfigKeys (ConfUtils.java:logGet(43)) - raft.server.watch.timeout.denomination = 1s (default)
2019-09-20 08:50:52,057 [64119811-c299-4353-bef2-4f1f08694db1:group-470D0BE31BAB:LeaderElection18] INFO  server.RaftServerConfigKeys (ConfUtils.java:logGet(43)) - raft.server.watch.element-limit = 65536 (default)
2019-09-20 08:50:52,057 [64119811-c299-4353-bef2-4f1f08694db1:group-470D0BE31BAB:LeaderElection18] INFO  impl.RoleInfo (RoleInfo.java:updateAndGet(143)) - 64119811-c299-4353-bef2-4f1f08694db1: start LeaderState
2019-09-20 08:50:52,058 [64119811-c299-4353-bef2-4f1f08694db1:group-470D0BE31BAB:LeaderElection18] INFO  segmented.SegmentedRaftLogWorker (SegmentedRaftLogWorker.java:startLogSegment(380)) - 64119811-c299-4353-bef2-4f1f08694db1-SegmentedRaftLogWorker:Storage Directory /workdir/hadoop-ozone/tools/target/test-dir/MiniOzoneClusterImpl-1a1f1bd1-ce73-4756-923c-f2264fe476d0/datanode-0/data/ratis/0db807b0-3472-410f-8248-470d0be31bab: Starting segment from index:0
2019-09-20 08:50:52,058 [64119811-c299-4353-bef2-4f1f08694db1:group-470D0BE31BAB:LeaderElection18] INFO  impl.RaftServerImpl (ServerState.java:setRaftConf(361)) - 64119811-c299-4353-bef2-4f1f08694db1:group-470D0BE31BAB set configuration 0: [64119811-c299-4353-bef2-4f1f08694db1:192.168.36.79:34202], old=null at 0
2019-09-20 08:50:52,096 [5e9b3ca5-d58f-427a-bd11-930d28ac57d8-SegmentedRaftLogWorker:Storage Directory /workdir/hadoop-ozone/tools/target/test-dir/MiniOzoneClusterImpl-1a1f1bd1-ce73-4756-923c-f2264fe476d0/datanode-2/data/ratis/6e1755a8-f2d6-4635-8d3b-177ddd750957] INFO  segmented.SegmentedRaftLogWorker (SegmentedRaftLogWorker.java:execute(569)) - 5e9b3ca5-d58f-427a-bd11-930d28ac57d8-SegmentedRaftLogWorker:Storage Directory /workdir/hadoop-ozone/tools/target/test-dir/MiniOzoneClusterImpl-1a1f1bd1-ce73-4756-923c-f2264fe476d0/datanode-2/data/ratis/6e1755a8-f2d6-4635-8d3b-177ddd750957: created new log segment /workdir/hadoop-ozone/tools/target/test-dir/MiniOzoneClusterImpl-1a1f1bd1-ce73-4756-923c-f2264fe476d0/datanode-2/data/ratis/6e1755a8-f2d6-4635-8d3b-177ddd750957/current/log_inprogress_0
2019-09-20 08:50:52,122 [64119811-c299-4353-bef2-4f1f08694db1-SegmentedRaftLogWorker:Storage Directory /workdir/hadoop-ozone/tools/target/test-dir/MiniOzoneClusterImpl-1a1f1bd1-ce73-4756-923c-f2264fe476d0/datanode-0/data/ratis/0db807b0-3472-410f-8248-470d0be31bab] INFO  segmented.SegmentedRaftLogWorker (SegmentedRaftLogWorker.java:execute(569)) - 64119811-c299-4353-bef2-4f1f08694db1-SegmentedRaftLogWorker:Storage Directory /workdir/hadoop-ozone/tools/target/test-dir/MiniOzoneClusterImpl-1a1f1bd1-ce73-4756-923c-f2264fe476d0/datanode-0/data/ratis/0db807b0-3472-410f-8248-470d0be31bab: created new log segment /workdir/hadoop-ozone/tools/target/test-dir/MiniOzoneClusterImpl-1a1f1bd1-ce73-4756-923c-f2264fe476d0/datanode-0/data/ratis/0db807b0-3472-410f-8248-470d0be31bab/current/log_inprogress_0
2019-09-20 08:50:52,135 [Thread-279] INFO  impl.FollowerState (FollowerState.java:run(106)) - d183acf8-c1d4-40f7-ba5a-175455d3bd55:group-2DB131B8A093 changes to CANDIDATE, lastRpcTime:5095, electionTimeout:5095ms
2019-09-20 08:50:52,135 [Thread-279] INFO  impl.RoleInfo (RoleInfo.java:shutdownFollowerState(121)) - d183acf8-c1d4-40f7-ba5a-175455d3bd55: shutdown FollowerState
2019-09-20 08:50:52,135 [Thread-279] INFO  impl.RaftServerImpl (RaftServerImpl.java:setRole(171)) - d183acf8-c1d4-40f7-ba5a-175455d3bd55:group-2DB131B8A093 changes role from FOLLOWER to CANDIDATE at term 0 for changeToCandidate
2019-09-20 08:50:52,135 [Thread-279] INFO  impl.RoleInfo (RoleInfo.java:updateAndGet(143)) - d183acf8-c1d4-40f7-ba5a-175455d3bd55: start LeaderElection
2019-09-20 08:50:52,164 [d183acf8-c1d4-40f7-ba5a-175455d3bd55:group-2DB131B8A093:LeaderElection19] INFO  impl.LeaderElection (LeaderElection.java:askForVotes(181)) - d183acf8-c1d4-40f7-ba5a-175455d3bd55:group-2DB131B8A093:LeaderElection19: begin an election at term 1 for -1: [d183acf8-c1d4-40f7-ba5a-175455d3bd55:192.168.36.79:40696], old=null
2019-09-20 08:50:52,165 [d183acf8-c1d4-40f7-ba5a-175455d3bd55:group-2DB131B8A093:LeaderElection19] INFO  impl.RoleInfo (RoleInfo.java:shutdownLeaderElection(134)) - d183acf8-c1d4-40f7-ba5a-175455d3bd55: shutdown LeaderElection
2019-09-20 08:50:52,165 [d183acf8-c1d4-40f7-ba5a-175455d3bd55:group-2DB131B8A093:LeaderElection19] INFO  impl.RaftServerImpl (RaftServerImpl.java:setRole(171)) - d183acf8-c1d4-40f7-ba5a-175455d3bd55:group-2DB131B8A093 changes role from CANDIDATE to LEADER at term 1 for changeToLeader
2019-09-20 08:50:52,165 [d183acf8-c1d4-40f7-ba5a-175455d3bd55:group-2DB131B8A093:LeaderElection19] INFO  impl.RaftServerImpl (ServerState.java:setLeader(263)) - d183acf8-c1d4-40f7-ba5a-175455d3bd55:group-2DB131B8A093 change Leader from null to d183acf8-c1d4-40f7-ba5a-175455d3bd55 at term 1 for becomeLeader, leader elected after 5131ms
2019-09-20 08:50:52,165 [d183acf8-c1d4-40f7-ba5a-175455d3bd55:group-2DB131B8A093:LeaderElection19] INFO  server.RaftServerConfigKeys (ConfUtils.java:logGet(43)) - raft.server.staging.catchup.gap = 1000 (default)
2019-09-20 08:50:52,165 [d183acf8-c1d4-40f7-ba5a-175455d3bd55:group-2DB131B8A093:LeaderElection19] INFO  server.RaftServerConfigKeys (ConfUtils.java:logGet(43)) - raft.server.rpc.sleep.time = 25ms (default)
2019-09-20 08:50:52,166 [d183acf8-c1d4-40f7-ba5a-175455d3bd55:group-2DB131B8A093:LeaderElection19] INFO  server.RaftServerConfigKeys (ConfUtils.java:logGet(43)) - raft.server.write.element-limit = 4096 (default)
2019-09-20 08:50:52,166 [d183acf8-c1d4-40f7-ba5a-175455d3bd55:group-2DB131B8A093:LeaderElection19] INFO  server.RaftServerConfigKeys (ConfUtils.java:logGet(43)) - raft.server.watch.timeout = 10s (default)
2019-09-20 08:50:52,166 [d183acf8-c1d4-40f7-ba5a-175455d3bd55:group-2DB131B8A093:LeaderElection19] INFO  server.RaftServerConfigKeys (ConfUtils.java:logGet(43)) - raft.server.watch.timeout.denomination = 1s (default)
2019-09-20 08:50:52,166 [d183acf8-c1d4-40f7-ba5a-175455d3bd55:group-2DB131B8A093:LeaderElection19] INFO  server.RaftServerConfigKeys (ConfUtils.java:logGet(43)) - raft.server.watch.element-limit = 65536 (default)
2019-09-20 08:50:52,167 [d183acf8-c1d4-40f7-ba5a-175455d3bd55:group-2DB131B8A093:LeaderElection19] INFO  impl.RoleInfo (RoleInfo.java:updateAndGet(143)) - d183acf8-c1d4-40f7-ba5a-175455d3bd55: start LeaderState
2019-09-20 08:50:52,167 [d183acf8-c1d4-40f7-ba5a-175455d3bd55:group-2DB131B8A093:LeaderElection19] INFO  segmented.SegmentedRaftLogWorker (SegmentedRaftLogWorker.java:startLogSegment(380)) - d183acf8-c1d4-40f7-ba5a-175455d3bd55-SegmentedRaftLogWorker:Storage Directory /workdir/hadoop-ozone/tools/target/test-dir/MiniOzoneClusterImpl-1a1f1bd1-ce73-4756-923c-f2264fe476d0/datanode-3/data/ratis/c249b794-9f72-4e54-8a15-2db131b8a093: Starting segment from index:0
2019-09-20 08:50:52,168 [d183acf8-c1d4-40f7-ba5a-175455d3bd55:group-2DB131B8A093:LeaderElection19] INFO  impl.RaftServerImpl (ServerState.java:setRaftConf(361)) - d183acf8-c1d4-40f7-ba5a-175455d3bd55:group-2DB131B8A093 set configuration 0: [d183acf8-c1d4-40f7-ba5a-175455d3bd55:192.168.36.79:40696], old=null at 0
2019-09-20 08:50:52,223 [d183acf8-c1d4-40f7-ba5a-175455d3bd55-SegmentedRaftLogWorker:Storage Directory /workdir/hadoop-ozone/tools/target/test-dir/MiniOzoneClusterImpl-1a1f1bd1-ce73-4756-923c-f2264fe476d0/datanode-3/data/ratis/c249b794-9f72-4e54-8a15-2db131b8a093] INFO  segmented.SegmentedRaftLogWorker (SegmentedRaftLogWorker.java:execute(569)) - d183acf8-c1d4-40f7-ba5a-175455d3bd55-SegmentedRaftLogWorker:Storage Directory /workdir/hadoop-ozone/tools/target/test-dir/MiniOzoneClusterImpl-1a1f1bd1-ce73-4756-923c-f2264fe476d0/datanode-3/data/ratis/c249b794-9f72-4e54-8a15-2db131b8a093: created new log segment /workdir/hadoop-ozone/tools/target/test-dir/MiniOzoneClusterImpl-1a1f1bd1-ce73-4756-923c-f2264fe476d0/datanode-3/data/ratis/c249b794-9f72-4e54-8a15-2db131b8a093/current/log_inprogress_0
2019-09-20 08:50:52,227 | INFO  | SCMAudit | user=jenkins1000 | ip=192.168.36.79 | op=SEND_HEARTBEAT {datanodeUUID=972eec63-801b-4789-a14a-664c049671ee, command=[]} | ret=SUCCESS |  
2019-09-20 08:50:52,283 [Thread-282] INFO  impl.FollowerState (FollowerState.java:run(106)) - 972eec63-801b-4789-a14a-664c049671ee:group-0D57ADD21236 changes to CANDIDATE, lastRpcTime:5159, electionTimeout:5159ms
2019-09-20 08:50:52,283 [Thread-282] INFO  impl.RoleInfo (RoleInfo.java:shutdownFollowerState(121)) - 972eec63-801b-4789-a14a-664c049671ee: shutdown FollowerState
2019-09-20 08:50:52,283 [Thread-282] INFO  impl.RaftServerImpl (RaftServerImpl.java:setRole(171)) - 972eec63-801b-4789-a14a-664c049671ee:group-0D57ADD21236 changes role from FOLLOWER to CANDIDATE at term 0 for changeToCandidate
2019-09-20 08:50:52,283 [Thread-282] INFO  impl.RoleInfo (RoleInfo.java:updateAndGet(143)) - 972eec63-801b-4789-a14a-664c049671ee: start LeaderElection
2019-09-20 08:50:52,299 [Thread-285] INFO  impl.FollowerState (FollowerState.java:run(106)) - 972eec63-801b-4789-a14a-664c049671ee:group-06FD3B2A808E changes to CANDIDATE, lastRpcTime:5059, electionTimeout:5048ms
2019-09-20 08:50:52,300 [Thread-285] INFO  impl.RoleInfo (RoleInfo.java:shutdownFollowerState(121)) - 972eec63-801b-4789-a14a-664c049671ee: shutdown FollowerState
2019-09-20 08:50:52,300 [Thread-285] INFO  impl.RaftServerImpl (RaftServerImpl.java:setRole(171)) - 972eec63-801b-4789-a14a-664c049671ee:group-06FD3B2A808E changes role from FOLLOWER to CANDIDATE at term 0 for changeToCandidate
2019-09-20 08:50:52,300 [Thread-285] INFO  impl.RoleInfo (RoleInfo.java:updateAndGet(143)) - 972eec63-801b-4789-a14a-664c049671ee: start LeaderElection
2019-09-20 08:50:52,323 [972eec63-801b-4789-a14a-664c049671ee:group-06FD3B2A808E:LeaderElection21] INFO  impl.LeaderElection (LeaderElection.java:askForVotes(181)) - 972eec63-801b-4789-a14a-664c049671ee:group-06FD3B2A808E:LeaderElection21: begin an election at term 1 for -1: [972eec63-801b-4789-a14a-664c049671ee:192.168.36.79:36941], old=null
2019-09-20 08:50:52,324 [972eec63-801b-4789-a14a-664c049671ee:group-0D57ADD21236:LeaderElection20] INFO  impl.LeaderElection (LeaderElection.java:askForVotes(181)) - 972eec63-801b-4789-a14a-664c049671ee:group-0D57ADD21236:LeaderElection20: begin an election at term 1 for -1: [972eec63-801b-4789-a14a-664c049671ee:192.168.36.79:36941], old=null
2019-09-20 08:50:52,324 [972eec63-801b-4789-a14a-664c049671ee:group-06FD3B2A808E:LeaderElection21] INFO  impl.RoleInfo (RoleInfo.java:shutdownLeaderElection(134)) - 972eec63-801b-4789-a14a-664c049671ee: shutdown LeaderElection
2019-09-20 08:50:52,324 [972eec63-801b-4789-a14a-664c049671ee:group-0D57ADD21236:LeaderElection20] INFO  impl.RoleInfo (RoleInfo.java:shutdownLeaderElection(134)) - 972eec63-801b-4789-a14a-664c049671ee: shutdown LeaderElection
2019-09-20 08:50:52,324 [972eec63-801b-4789-a14a-664c049671ee:group-06FD3B2A808E:LeaderElection21] INFO  impl.RaftServerImpl (RaftServerImpl.java:setRole(171)) - 972eec63-801b-4789-a14a-664c049671ee:group-06FD3B2A808E changes role from CANDIDATE to LEADER at term 1 for changeToLeader
2019-09-20 08:50:52,324 [972eec63-801b-4789-a14a-664c049671ee:group-0D57ADD21236:LeaderElection20] INFO  impl.RaftServerImpl (RaftServerImpl.java:setRole(171)) - 972eec63-801b-4789-a14a-664c049671ee:group-0D57ADD21236 changes role from CANDIDATE to LEADER at term 1 for changeToLeader
2019-09-20 08:50:52,324 [972eec63-801b-4789-a14a-664c049671ee:group-06FD3B2A808E:LeaderElection21] INFO  impl.RaftServerImpl (ServerState.java:setLeader(263)) - 972eec63-801b-4789-a14a-664c049671ee:group-06FD3B2A808E change Leader from null to 972eec63-801b-4789-a14a-664c049671ee at term 1 for becomeLeader, leader elected after 5089ms
2019-09-20 08:50:52,324 [972eec63-801b-4789-a14a-664c049671ee:group-0D57ADD21236:LeaderElection20] INFO  impl.RaftServerImpl (ServerState.java:setLeader(263)) - 972eec63-801b-4789-a14a-664c049671ee:group-0D57ADD21236 change Leader from null to 972eec63-801b-4789-a14a-664c049671ee at term 1 for becomeLeader, leader elected after 5206ms
2019-09-20 08:50:52,325 [972eec63-801b-4789-a14a-664c049671ee:group-06FD3B2A808E:LeaderElection21] INFO  server.RaftServerConfigKeys (ConfUtils.java:logGet(43)) - raft.server.staging.catchup.gap = 1000 (default)
2019-09-20 08:50:52,325 [972eec63-801b-4789-a14a-664c049671ee:group-0D57ADD21236:LeaderElection20] INFO  server.RaftServerConfigKeys (ConfUtils.java:logGet(43)) - raft.server.staging.catchup.gap = 1000 (default)
2019-09-20 08:50:52,325 [972eec63-801b-4789-a14a-664c049671ee:group-06FD3B2A808E:LeaderElection21] INFO  server.RaftServerConfigKeys (ConfUtils.java:logGet(43)) - raft.server.rpc.sleep.time = 25ms (default)
2019-09-20 08:50:52,325 [972eec63-801b-4789-a14a-664c049671ee:group-0D57ADD21236:LeaderElection20] INFO  server.RaftServerConfigKeys (ConfUtils.java:logGet(43)) - raft.server.rpc.sleep.time = 25ms (default)
2019-09-20 08:50:52,325 [972eec63-801b-4789-a14a-664c049671ee:group-06FD3B2A808E:LeaderElection21] INFO  server.RaftServerConfigKeys (ConfUtils.java:logGet(43)) - raft.server.write.element-limit = 4096 (default)
2019-09-20 08:50:52,325 [972eec63-801b-4789-a14a-664c049671ee:group-0D57ADD21236:LeaderElection20] INFO  server.RaftServerConfigKeys (ConfUtils.java:logGet(43)) - raft.server.write.element-limit = 4096 (default)
2019-09-20 08:50:52,325 [972eec63-801b-4789-a14a-664c049671ee:group-06FD3B2A808E:LeaderElection21] INFO  server.RaftServerConfigKeys (ConfUtils.java:logGet(43)) - raft.server.watch.timeout = 10s (default)
2019-09-20 08:50:52,326 [972eec63-801b-4789-a14a-664c049671ee:group-0D57ADD21236:LeaderElection20] INFO  server.RaftServerConfigKeys (ConfUtils.java:logGet(43)) - raft.server.watch.timeout = 10s (default)
2019-09-20 08:50:52,326 [972eec63-801b-4789-a14a-664c049671ee:group-06FD3B2A808E:LeaderElection21] INFO  server.RaftServerConfigKeys (ConfUtils.java:logGet(43)) - raft.server.watch.timeout.denomination = 1s (default)
2019-09-20 08:50:52,326 [972eec63-801b-4789-a14a-664c049671ee:group-0D57ADD21236:LeaderElection20] INFO  server.RaftServerConfigKeys (ConfUtils.java:logGet(43)) - raft.server.watch.timeout.denomination = 1s (default)
2019-09-20 08:50:52,326 [972eec63-801b-4789-a14a-664c049671ee:group-06FD3B2A808E:LeaderElection21] INFO  server.RaftServerConfigKeys (ConfUtils.java:logGet(43)) - raft.server.watch.element-limit = 65536 (default)
2019-09-20 08:50:52,326 [972eec63-801b-4789-a14a-664c049671ee:group-0D57ADD21236:LeaderElection20] INFO  server.RaftServerConfigKeys (ConfUtils.java:logGet(43)) - raft.server.watch.element-limit = 65536 (default)
2019-09-20 08:50:52,326 [972eec63-801b-4789-a14a-664c049671ee:group-06FD3B2A808E:LeaderElection21] INFO  impl.RoleInfo (RoleInfo.java:updateAndGet(143)) - 972eec63-801b-4789-a14a-664c049671ee: start LeaderState
2019-09-20 08:50:52,326 [972eec63-801b-4789-a14a-664c049671ee:group-0D57ADD21236:LeaderElection20] INFO  impl.RoleInfo (RoleInfo.java:updateAndGet(143)) - 972eec63-801b-4789-a14a-664c049671ee: start LeaderState
2019-09-20 08:50:52,326 [Thread-288] INFO  impl.FollowerState (FollowerState.java:run(106)) - 972eec63-801b-4789-a14a-664c049671ee:group-F9AB950BAAF3 changes to CANDIDATE, lastRpcTime:5009, electionTimeout:5008ms
2019-09-20 08:50:52,327 [972eec63-801b-4789-a14a-664c049671ee:group-06FD3B2A808E:LeaderElection21] INFO  segmented.SegmentedRaftLogWorker (SegmentedRaftLogWorker.java:startLogSegment(380)) - 972eec63-801b-4789-a14a-664c049671ee-SegmentedRaftLogWorker:Storage Directory /workdir/hadoop-ozone/tools/target/test-dir/MiniOzoneClusterImpl-1a1f1bd1-ce73-4756-923c-f2264fe476d0/datanode-1/data/ratis/e975ff19-3e7a-469c-bad6-06fd3b2a808e: Starting segment from index:0
2019-09-20 08:50:52,327 [972eec63-801b-4789-a14a-664c049671ee:group-0D57ADD21236:LeaderElection20] INFO  segmented.SegmentedRaftLogWorker (SegmentedRaftLogWorker.java:startLogSegment(380)) - 972eec63-801b-4789-a14a-664c049671ee-SegmentedRaftLogWorker:Storage Directory /workdir/hadoop-ozone/tools/target/test-dir/MiniOzoneClusterImpl-1a1f1bd1-ce73-4756-923c-f2264fe476d0/datanode-1/data/ratis/27a8bfd9-dcc0-4880-8568-0d57add21236: Starting segment from index:0
2019-09-20 08:50:52,327 [Thread-288] INFO  impl.RoleInfo (RoleInfo.java:shutdownFollowerState(121)) - 972eec63-801b-4789-a14a-664c049671ee: shutdown FollowerState
2019-09-20 08:50:52,328 [Thread-288] INFO  impl.RaftServerImpl (RaftServerImpl.java:setRole(171)) - 972eec63-801b-4789-a14a-664c049671ee:group-F9AB950BAAF3 changes role from FOLLOWER to CANDIDATE at term 0 for changeToCandidate
2019-09-20 08:50:52,328 [972eec63-801b-4789-a14a-664c049671ee:group-06FD3B2A808E:LeaderElection21] INFO  impl.RaftServerImpl (ServerState.java:setRaftConf(361)) - 972eec63-801b-4789-a14a-664c049671ee:group-06FD3B2A808E set configuration 0: [972eec63-801b-4789-a14a-664c049671ee:192.168.36.79:36941], old=null at 0
2019-09-20 08:50:52,328 [972eec63-801b-4789-a14a-664c049671ee:group-0D57ADD21236:LeaderElection20] INFO  impl.RaftServerImpl (ServerState.java:setRaftConf(361)) - 972eec63-801b-4789-a14a-664c049671ee:group-0D57ADD21236 set configuration 0: [972eec63-801b-4789-a14a-664c049671ee:192.168.36.79:36941], old=null at 0
2019-09-20 08:50:52,328 [Thread-288] INFO  impl.RoleInfo (RoleInfo.java:updateAndGet(143)) - 972eec63-801b-4789-a14a-664c049671ee: start LeaderElection
2019-09-20 08:50:52,407 [972eec63-801b-4789-a14a-664c049671ee-SegmentedRaftLogWorker:Storage Directory /workdir/hadoop-ozone/tools/target/test-dir/MiniOzoneClusterImpl-1a1f1bd1-ce73-4756-923c-f2264fe476d0/datanode-1/data/ratis/e975ff19-3e7a-469c-bad6-06fd3b2a808e] INFO  segmented.SegmentedRaftLogWorker (SegmentedRaftLogWorker.java:execute(569)) - 972eec63-801b-4789-a14a-664c049671ee-SegmentedRaftLogWorker:Storage Directory /workdir/hadoop-ozone/tools/target/test-dir/MiniOzoneClusterImpl-1a1f1bd1-ce73-4756-923c-f2264fe476d0/datanode-1/data/ratis/e975ff19-3e7a-469c-bad6-06fd3b2a808e: created new log segment /workdir/hadoop-ozone/tools/target/test-dir/MiniOzoneClusterImpl-1a1f1bd1-ce73-4756-923c-f2264fe476d0/datanode-1/data/ratis/e975ff19-3e7a-469c-bad6-06fd3b2a808e/current/log_inprogress_0
2019-09-20 08:50:52,407 [972eec63-801b-4789-a14a-664c049671ee-SegmentedRaftLogWorker:Storage Directory /workdir/hadoop-ozone/tools/target/test-dir/MiniOzoneClusterImpl-1a1f1bd1-ce73-4756-923c-f2264fe476d0/datanode-1/data/ratis/27a8bfd9-dcc0-4880-8568-0d57add21236] INFO  segmented.SegmentedRaftLogWorker (SegmentedRaftLogWorker.java:execute(569)) - 972eec63-801b-4789-a14a-664c049671ee-SegmentedRaftLogWorker:Storage Directory /workdir/hadoop-ozone/tools/target/test-dir/MiniOzoneClusterImpl-1a1f1bd1-ce73-4756-923c-f2264fe476d0/datanode-1/data/ratis/27a8bfd9-dcc0-4880-8568-0d57add21236: created new log segment /workdir/hadoop-ozone/tools/target/test-dir/MiniOzoneClusterImpl-1a1f1bd1-ce73-4756-923c-f2264fe476d0/datanode-1/data/ratis/27a8bfd9-dcc0-4880-8568-0d57add21236/current/log_inprogress_0
2019-09-20 08:50:52,407 [972eec63-801b-4789-a14a-664c049671ee:group-F9AB950BAAF3:LeaderElection22] INFO  impl.LeaderElection (LeaderElection.java:askForVotes(181)) - 972eec63-801b-4789-a14a-664c049671ee:group-F9AB950BAAF3:LeaderElection22: begin an election at term 1 for -1: [972eec63-801b-4789-a14a-664c049671ee:192.168.36.79:36941], old=null
2019-09-20 08:50:52,408 [972eec63-801b-4789-a14a-664c049671ee:group-F9AB950BAAF3:LeaderElection22] INFO  impl.RoleInfo (RoleInfo.java:shutdownLeaderElection(134)) - 972eec63-801b-4789-a14a-664c049671ee: shutdown LeaderElection
2019-09-20 08:50:52,408 [972eec63-801b-4789-a14a-664c049671ee:group-F9AB950BAAF3:LeaderElection22] INFO  impl.RaftServerImpl (RaftServerImpl.java:setRole(171)) - 972eec63-801b-4789-a14a-664c049671ee:group-F9AB950BAAF3 changes role from CANDIDATE to LEADER at term 1 for changeToLeader
2019-09-20 08:50:52,408 [972eec63-801b-4789-a14a-664c049671ee:group-F9AB950BAAF3:LeaderElection22] INFO  impl.RaftServerImpl (ServerState.java:setLeader(263)) - 972eec63-801b-4789-a14a-664c049671ee:group-F9AB950BAAF3 change Leader from null to 972eec63-801b-4789-a14a-664c049671ee at term 1 for becomeLeader, leader elected after 5097ms
2019-09-20 08:50:52,408 [972eec63-801b-4789-a14a-664c049671ee:group-F9AB950BAAF3:LeaderElection22] INFO  server.RaftServerConfigKeys (ConfUtils.java:logGet(43)) - raft.server.staging.catchup.gap = 1000 (default)
2019-09-20 08:50:52,409 [972eec63-801b-4789-a14a-664c049671ee:group-F9AB950BAAF3:LeaderElection22] INFO  server.RaftServerConfigKeys (ConfUtils.java:logGet(43)) - raft.server.rpc.sleep.time = 25ms (default)
2019-09-20 08:50:52,409 [972eec63-801b-4789-a14a-664c049671ee:group-F9AB950BAAF3:LeaderElection22] INFO  server.RaftServerConfigKeys (ConfUtils.java:logGet(43)) - raft.server.write.element-limit = 4096 (default)
2019-09-20 08:50:52,409 [972eec63-801b-4789-a14a-664c049671ee:group-F9AB950BAAF3:LeaderElection22] INFO  server.RaftServerConfigKeys (ConfUtils.java:logGet(43)) - raft.server.watch.timeout = 10s (default)
2019-09-20 08:50:52,409 [972eec63-801b-4789-a14a-664c049671ee:group-F9AB950BAAF3:LeaderElection22] INFO  server.RaftServerConfigKeys (ConfUtils.java:logGet(43)) - raft.server.watch.timeout.denomination = 1s (default)
2019-09-20 08:50:52,409 [972eec63-801b-4789-a14a-664c049671ee:group-F9AB950BAAF3:LeaderElection22] INFO  server.RaftServerConfigKeys (ConfUtils.java:logGet(43)) - raft.server.watch.element-limit = 65536 (default)
2019-09-20 08:50:52,410 [972eec63-801b-4789-a14a-664c049671ee:group-F9AB950BAAF3:LeaderElection22] INFO  impl.RoleInfo (RoleInfo.java:updateAndGet(143)) - 972eec63-801b-4789-a14a-664c049671ee: start LeaderState
2019-09-20 08:50:52,410 [972eec63-801b-4789-a14a-664c049671ee:group-F9AB950BAAF3:LeaderElection22] INFO  segmented.SegmentedRaftLogWorker (SegmentedRaftLogWorker.java:startLogSegment(380)) - 972eec63-801b-4789-a14a-664c049671ee-SegmentedRaftLogWorker:Storage Directory /workdir/hadoop-ozone/tools/target/test-dir/MiniOzoneClusterImpl-1a1f1bd1-ce73-4756-923c-f2264fe476d0/datanode-1/data/ratis/f0119ac1-2c44-4b02-a34e-f9ab950baaf3: Starting segment from index:0
2019-09-20 08:50:52,411 [972eec63-801b-4789-a14a-664c049671ee:group-F9AB950BAAF3:LeaderElection22] INFO  impl.RaftServerImpl (ServerState.java:setRaftConf(361)) - 972eec63-801b-4789-a14a-664c049671ee:group-F9AB950BAAF3 set configuration 0: [972eec63-801b-4789-a14a-664c049671ee:192.168.36.79:36941], old=null at 0
2019-09-20 08:50:52,473 [Thread-291] INFO  impl.FollowerState (FollowerState.java:run(106)) - 972eec63-801b-4789-a14a-664c049671ee:group-4F77C19661D4 changes to CANDIDATE, lastRpcTime:5047, electionTimeout:5047ms
2019-09-20 08:50:52,474 [Thread-291] INFO  impl.RoleInfo (RoleInfo.java:shutdownFollowerState(121)) - 972eec63-801b-4789-a14a-664c049671ee: shutdown FollowerState
2019-09-20 08:50:52,474 [Thread-291] INFO  impl.RaftServerImpl (RaftServerImpl.java:setRole(171)) - 972eec63-801b-4789-a14a-664c049671ee:group-4F77C19661D4 changes role from FOLLOWER to CANDIDATE at term 0 for changeToCandidate
2019-09-20 08:50:52,474 [Thread-291] INFO  impl.RoleInfo (RoleInfo.java:updateAndGet(143)) - 972eec63-801b-4789-a14a-664c049671ee: start LeaderElection
2019-09-20 08:50:52,474 [972eec63-801b-4789-a14a-664c049671ee-SegmentedRaftLogWorker:Storage Directory /workdir/hadoop-ozone/tools/target/test-dir/MiniOzoneClusterImpl-1a1f1bd1-ce73-4756-923c-f2264fe476d0/datanode-1/data/ratis/f0119ac1-2c44-4b02-a34e-f9ab950baaf3] INFO  segmented.SegmentedRaftLogWorker (SegmentedRaftLogWorker.java:execute(569)) - 972eec63-801b-4789-a14a-664c049671ee-SegmentedRaftLogWorker:Storage Directory /workdir/hadoop-ozone/tools/target/test-dir/MiniOzoneClusterImpl-1a1f1bd1-ce73-4756-923c-f2264fe476d0/datanode-1/data/ratis/f0119ac1-2c44-4b02-a34e-f9ab950baaf3: created new log segment /workdir/hadoop-ozone/tools/target/test-dir/MiniOzoneClusterImpl-1a1f1bd1-ce73-4756-923c-f2264fe476d0/datanode-1/data/ratis/f0119ac1-2c44-4b02-a34e-f9ab950baaf3/current/log_inprogress_0
2019-09-20 08:50:52,500 [972eec63-801b-4789-a14a-664c049671ee:group-4F77C19661D4:LeaderElection23] INFO  impl.LeaderElection (LeaderElection.java:askForVotes(181)) - 972eec63-801b-4789-a14a-664c049671ee:group-4F77C19661D4:LeaderElection23: begin an election at term 1 for -1: [972eec63-801b-4789-a14a-664c049671ee:192.168.36.79:36941], old=null
2019-09-20 08:50:52,500 [972eec63-801b-4789-a14a-664c049671ee:group-4F77C19661D4:LeaderElection23] INFO  impl.RoleInfo (RoleInfo.java:shutdownLeaderElection(134)) - 972eec63-801b-4789-a14a-664c049671ee: shutdown LeaderElection
2019-09-20 08:50:52,500 [972eec63-801b-4789-a14a-664c049671ee:group-4F77C19661D4:LeaderElection23] INFO  impl.RaftServerImpl (RaftServerImpl.java:setRole(171)) - 972eec63-801b-4789-a14a-664c049671ee:group-4F77C19661D4 changes role from CANDIDATE to LEADER at term 1 for changeToLeader
2019-09-20 08:50:52,500 [972eec63-801b-4789-a14a-664c049671ee:group-4F77C19661D4:LeaderElection23] INFO  impl.RaftServerImpl (ServerState.java:setLeader(263)) - 972eec63-801b-4789-a14a-664c049671ee:group-4F77C19661D4 change Leader from null to 972eec63-801b-4789-a14a-664c049671ee at term 1 for becomeLeader, leader elected after 5079ms
2019-09-20 08:50:52,500 [972eec63-801b-4789-a14a-664c049671ee:group-4F77C19661D4:LeaderElection23] INFO  server.RaftServerConfigKeys (ConfUtils.java:logGet(43)) - raft.server.staging.catchup.gap = 1000 (default)
2019-09-20 08:50:52,500 [972eec63-801b-4789-a14a-664c049671ee:group-4F77C19661D4:LeaderElection23] INFO  server.RaftServerConfigKeys (ConfUtils.java:logGet(43)) - raft.server.rpc.sleep.time = 25ms (default)
2019-09-20 08:50:52,501 [972eec63-801b-4789-a14a-664c049671ee:group-4F77C19661D4:LeaderElection23] INFO  server.RaftServerConfigKeys (ConfUtils.java:logGet(43)) - raft.server.write.element-limit = 4096 (default)
2019-09-20 08:50:52,501 [972eec63-801b-4789-a14a-664c049671ee:group-4F77C19661D4:LeaderElection23] INFO  server.RaftServerConfigKeys (ConfUtils.java:logGet(43)) - raft.server.watch.timeout = 10s (default)
2019-09-20 08:50:52,501 [972eec63-801b-4789-a14a-664c049671ee:group-4F77C19661D4:LeaderElection23] INFO  server.RaftServerConfigKeys (ConfUtils.java:logGet(43)) - raft.server.watch.timeout.denomination = 1s (default)
2019-09-20 08:50:52,501 [972eec63-801b-4789-a14a-664c049671ee:group-4F77C19661D4:LeaderElection23] INFO  server.RaftServerConfigKeys (ConfUtils.java:logGet(43)) - raft.server.watch.element-limit = 65536 (default)
2019-09-20 08:50:52,501 [972eec63-801b-4789-a14a-664c049671ee:group-4F77C19661D4:LeaderElection23] INFO  impl.RoleInfo (RoleInfo.java:updateAndGet(143)) - 972eec63-801b-4789-a14a-664c049671ee: start LeaderState
2019-09-20 08:50:52,502 [972eec63-801b-4789-a14a-664c049671ee:group-4F77C19661D4:LeaderElection23] INFO  segmented.SegmentedRaftLogWorker (SegmentedRaftLogWorker.java:startLogSegment(380)) - 972eec63-801b-4789-a14a-664c049671ee-SegmentedRaftLogWorker:Storage Directory /workdir/hadoop-ozone/tools/target/test-dir/MiniOzoneClusterImpl-1a1f1bd1-ce73-4756-923c-f2264fe476d0/datanode-1/data/ratis/787da26f-4e37-4999-bb7c-4f77c19661d4: Starting segment from index:0
2019-09-20 08:50:52,502 [972eec63-801b-4789-a14a-664c049671ee:group-4F77C19661D4:LeaderElection23] INFO  impl.RaftServerImpl (ServerState.java:setRaftConf(361)) - 972eec63-801b-4789-a14a-664c049671ee:group-4F77C19661D4 set configuration 0: [972eec63-801b-4789-a14a-664c049671ee:192.168.36.79:36941], old=null at 0
2019-09-20 08:50:52,564 [Thread-297] INFO  impl.FollowerState (FollowerState.java:run(106)) - 2a6ce4d1-5069-4aeb-8b94-5f253cd23bfc:group-97C0D21E377A changes to CANDIDATE, lastRpcTime:5004, electionTimeout:5004ms
2019-09-20 08:50:52,564 [Thread-297] INFO  impl.RoleInfo (RoleInfo.java:shutdownFollowerState(121)) - 2a6ce4d1-5069-4aeb-8b94-5f253cd23bfc: shutdown FollowerState
2019-09-20 08:50:52,564 [Thread-297] INFO  impl.RaftServerImpl (RaftServerImpl.java:setRole(171)) - 2a6ce4d1-5069-4aeb-8b94-5f253cd23bfc:group-97C0D21E377A changes role from FOLLOWER to CANDIDATE at term 0 for changeToCandidate
2019-09-20 08:50:52,564 [Thread-297] INFO  impl.RoleInfo (RoleInfo.java:updateAndGet(143)) - 2a6ce4d1-5069-4aeb-8b94-5f253cd23bfc: start LeaderElection
 0.00% |█                                                                                                    |  0/1 Time: 0:00:012019-09-20 08:50:52,583 [972eec63-801b-4789-a14a-664c049671ee-SegmentedRaftLogWorker:Storage Directory /workdir/hadoop-ozone/tools/target/test-dir/MiniOzoneClusterImpl-1a1f1bd1-ce73-4756-923c-f2264fe476d0/datanode-1/data/ratis/787da26f-4e37-4999-bb7c-4f77c19661d4] INFO  segmented.SegmentedRaftLogWorker (SegmentedRaftLogWorker.java:execute(569)) - 972eec63-801b-4789-a14a-664c049671ee-SegmentedRaftLogWorker:Storage Directory /workdir/hadoop-ozone/tools/target/test-dir/MiniOzoneClusterImpl-1a1f1bd1-ce73-4756-923c-f2264fe476d0/datanode-1/data/ratis/787da26f-4e37-4999-bb7c-4f77c19661d4: created new log segment /workdir/hadoop-ozone/tools/target/test-dir/MiniOzoneClusterImpl-1a1f1bd1-ce73-4756-923c-f2264fe476d0/datanode-1/data/ratis/787da26f-4e37-4999-bb7c-4f77c19661d4/current/log_inprogress_0
2019-09-20 08:50:52,600 [2a6ce4d1-5069-4aeb-8b94-5f253cd23bfc:group-97C0D21E377A:LeaderElection24] INFO  impl.LeaderElection (LeaderElection.java:askForVotes(181)) - 2a6ce4d1-5069-4aeb-8b94-5f253cd23bfc:group-97C0D21E377A:LeaderElection24: begin an election at term 1 for -1: [2a6ce4d1-5069-4aeb-8b94-5f253cd23bfc:192.168.36.79:37829], old=null
2019-09-20 08:50:52,601 [2a6ce4d1-5069-4aeb-8b94-5f253cd23bfc:group-97C0D21E377A:LeaderElection24] INFO  impl.RoleInfo (RoleInfo.java:shutdownLeaderElection(134)) - 2a6ce4d1-5069-4aeb-8b94-5f253cd23bfc: shutdown LeaderElection
2019-09-20 08:50:52,601 [2a6ce4d1-5069-4aeb-8b94-5f253cd23bfc:group-97C0D21E377A:LeaderElection24] INFO  impl.RaftServerImpl (RaftServerImpl.java:setRole(171)) - 2a6ce4d1-5069-4aeb-8b94-5f253cd23bfc:group-97C0D21E377A changes role from CANDIDATE to LEADER at term 1 for changeToLeader
2019-09-20 08:50:52,601 [2a6ce4d1-5069-4aeb-8b94-5f253cd23bfc:group-97C0D21E377A:LeaderElection24] INFO  impl.RaftServerImpl (ServerState.java:setLeader(263)) - 2a6ce4d1-5069-4aeb-8b94-5f253cd23bfc:group-97C0D21E377A change Leader from null to 2a6ce4d1-5069-4aeb-8b94-5f253cd23bfc at term 1 for becomeLeader, leader elected after 5045ms
2019-09-20 08:50:52,601 [2a6ce4d1-5069-4aeb-8b94-5f253cd23bfc:group-97C0D21E377A:LeaderElection24] INFO  server.RaftServerConfigKeys (ConfUtils.java:logGet(43)) - raft.server.staging.catchup.gap = 1000 (default)
2019-09-20 08:50:52,601 [2a6ce4d1-5069-4aeb-8b94-5f253cd23bfc:group-97C0D21E377A:LeaderElection24] INFO  server.RaftServerConfigKeys (ConfUtils.java:logGet(43)) - raft.server.rpc.sleep.time = 25ms (default)
2019-09-20 08:50:52,602 [2a6ce4d1-5069-4aeb-8b94-5f253cd23bfc:group-97C0D21E377A:LeaderElection24] INFO  server.RaftServerConfigKeys (ConfUtils.java:logGet(43)) - raft.server.write.element-limit = 4096 (default)
2019-09-20 08:50:52,602 [2a6ce4d1-5069-4aeb-8b94-5f253cd23bfc:group-97C0D21E377A:LeaderElection24] INFO  server.RaftServerConfigKeys (ConfUtils.java:logGet(43)) - raft.server.watch.timeout = 10s (default)
2019-09-20 08:50:52,602 [2a6ce4d1-5069-4aeb-8b94-5f253cd23bfc:group-97C0D21E377A:LeaderElection24] INFO  server.RaftServerConfigKeys (ConfUtils.java:logGet(43)) - raft.server.watch.timeout.denomination = 1s (default)
2019-09-20 08:50:52,602 [2a6ce4d1-5069-4aeb-8b94-5f253cd23bfc:group-97C0D21E377A:LeaderElection24] INFO  server.RaftServerConfigKeys (ConfUtils.java:logGet(43)) - raft.server.watch.element-limit = 65536 (default)
2019-09-20 08:50:52,603 [2a6ce4d1-5069-4aeb-8b94-5f253cd23bfc:group-97C0D21E377A:LeaderElection24] INFO  impl.RoleInfo (RoleInfo.java:updateAndGet(143)) - 2a6ce4d1-5069-4aeb-8b94-5f253cd23bfc: start LeaderState
2019-09-20 08:50:52,603 [2a6ce4d1-5069-4aeb-8b94-5f253cd23bfc:group-97C0D21E377A:LeaderElection24] INFO  segmented.SegmentedRaftLogWorker (SegmentedRaftLogWorker.java:startLogSegment(380)) - 2a6ce4d1-5069-4aeb-8b94-5f253cd23bfc-SegmentedRaftLogWorker:Storage Directory /workdir/hadoop-ozone/tools/target/test-dir/MiniOzoneClusterImpl-1a1f1bd1-ce73-4756-923c-f2264fe476d0/datanode-4/data/ratis/c8a8a1a8-dd6c-4c41-96f2-97c0d21e377a: Starting segment from index:0
2019-09-20 08:50:52,604 [2a6ce4d1-5069-4aeb-8b94-5f253cd23bfc:group-97C0D21E377A:LeaderElection24] INFO  impl.RaftServerImpl (ServerState.java:setRaftConf(361)) - 2a6ce4d1-5069-4aeb-8b94-5f253cd23bfc:group-97C0D21E377A set configuration 0: [2a6ce4d1-5069-4aeb-8b94-5f253cd23bfc:192.168.36.79:37829], old=null at 0
2019-09-20 08:50:52,642 [Thread-294] INFO  impl.FollowerState (FollowerState.java:run(106)) - 972eec63-801b-4789-a14a-664c049671ee:group-199F6BCD96BD changes to CANDIDATE, lastRpcTime:5149, electionTimeout:5117ms
2019-09-20 08:50:52,642 [Thread-294] INFO  impl.RoleInfo (RoleInfo.java:shutdownFollowerState(121)) - 972eec63-801b-4789-a14a-664c049671ee: shutdown FollowerState
2019-09-20 08:50:52,642 [Thread-294] INFO  impl.RaftServerImpl (RaftServerImpl.java:setRole(171)) - 972eec63-801b-4789-a14a-664c049671ee:group-199F6BCD96BD changes role from FOLLOWER to CANDIDATE at term 0 for changeToCandidate
2019-09-20 08:50:52,642 [Thread-294] INFO  impl.RoleInfo (RoleInfo.java:updateAndGet(143)) - 972eec63-801b-4789-a14a-664c049671ee: start LeaderElection
2019-09-20 08:50:52,659 [2a6ce4d1-5069-4aeb-8b94-5f253cd23bfc-SegmentedRaftLogWorker:Storage Directory /workdir/hadoop-ozone/tools/target/test-dir/MiniOzoneClusterImpl-1a1f1bd1-ce73-4756-923c-f2264fe476d0/datanode-4/data/ratis/c8a8a1a8-dd6c-4c41-96f2-97c0d21e377a] INFO  segmented.SegmentedRaftLogWorker (SegmentedRaftLogWorker.java:execute(569)) - 2a6ce4d1-5069-4aeb-8b94-5f253cd23bfc-SegmentedRaftLogWorker:Storage Directory /workdir/hadoop-ozone/tools/target/test-dir/MiniOzoneClusterImpl-1a1f1bd1-ce73-4756-923c-f2264fe476d0/datanode-4/data/ratis/c8a8a1a8-dd6c-4c41-96f2-97c0d21e377a: created new log segment /workdir/hadoop-ozone/tools/target/test-dir/MiniOzoneClusterImpl-1a1f1bd1-ce73-4756-923c-f2264fe476d0/datanode-4/data/ratis/c8a8a1a8-dd6c-4c41-96f2-97c0d21e377a/current/log_inprogress_0
2019-09-20 08:50:52,671 [Thread-300] INFO  impl.FollowerState (FollowerState.java:run(106)) - 2a6ce4d1-5069-4aeb-8b94-5f253cd23bfc:group-B67134E9A47E changes to CANDIDATE, lastRpcTime:5050, electionTimeout:5050ms
2019-09-20 08:50:52,671 [Thread-300] INFO  impl.RoleInfo (RoleInfo.java:shutdownFollowerState(121)) - 2a6ce4d1-5069-4aeb-8b94-5f253cd23bfc: shutdown FollowerState
2019-09-20 08:50:52,671 [Thread-300] INFO  impl.RaftServerImpl (RaftServerImpl.java:setRole(171)) - 2a6ce4d1-5069-4aeb-8b94-5f253cd23bfc:group-B67134E9A47E changes role from FOLLOWER to CANDIDATE at term 0 for changeToCandidate
2019-09-20 08:50:52,671 [Thread-300] INFO  impl.RoleInfo (RoleInfo.java:updateAndGet(143)) - 2a6ce4d1-5069-4aeb-8b94-5f253cd23bfc: start LeaderElection
2019-09-20 08:50:52,676 [972eec63-801b-4789-a14a-664c049671ee:group-199F6BCD96BD:LeaderElection25] INFO  impl.LeaderElection (LeaderElection.java:askForVotes(181)) - 972eec63-801b-4789-a14a-664c049671ee:group-199F6BCD96BD:LeaderElection25: begin an election at term 1 for -1: [972eec63-801b-4789-a14a-664c049671ee:192.168.36.79:36941], old=null
2019-09-20 08:50:52,676 [972eec63-801b-4789-a14a-664c049671ee:group-199F6BCD96BD:LeaderElection25] INFO  impl.RoleInfo (RoleInfo.java:shutdownLeaderElection(134)) - 972eec63-801b-4789-a14a-664c049671ee: shutdown LeaderElection
2019-09-20 08:50:52,676 [972eec63-801b-4789-a14a-664c049671ee:group-199F6BCD96BD:LeaderElection25] INFO  impl.RaftServerImpl (RaftServerImpl.java:setRole(171)) - 972eec63-801b-4789-a14a-664c049671ee:group-199F6BCD96BD changes role from CANDIDATE to LEADER at term 1 for changeToLeader
2019-09-20 08:50:52,676 [972eec63-801b-4789-a14a-664c049671ee:group-199F6BCD96BD:LeaderElection25] INFO  impl.RaftServerImpl (ServerState.java:setLeader(263)) - 972eec63-801b-4789-a14a-664c049671ee:group-199F6BCD96BD change Leader from null to 972eec63-801b-4789-a14a-664c049671ee at term 1 for becomeLeader, leader elected after 5188ms
2019-09-20 08:50:52,677 [972eec63-801b-4789-a14a-664c049671ee:group-199F6BCD96BD:LeaderElection25] INFO  server.RaftServerConfigKeys (ConfUtils.java:logGet(43)) - raft.server.staging.catchup.gap = 1000 (default)
2019-09-20 08:50:52,677 [972eec63-801b-4789-a14a-664c049671ee:group-199F6BCD96BD:LeaderElection25] INFO  server.RaftServerConfigKeys (ConfUtils.java:logGet(43)) - raft.server.rpc.sleep.time = 25ms (default)
2019-09-20 08:50:52,677 [972eec63-801b-4789-a14a-664c049671ee:group-199F6BCD96BD:LeaderElection25] INFO  server.RaftServerConfigKeys (ConfUtils.java:logGet(43)) - raft.server.write.element-limit = 4096 (default)
2019-09-20 08:50:52,677 [972eec63-801b-4789-a14a-664c049671ee:group-199F6BCD96BD:LeaderElection25] INFO  server.RaftServerConfigKeys (ConfUtils.java:logGet(43)) - raft.server.watch.timeout = 10s (default)
2019-09-20 08:50:52,677 [972eec63-801b-4789-a14a-664c049671ee:group-199F6BCD96BD:LeaderElection25] INFO  server.RaftServerConfigKeys (ConfUtils.java:logGet(43)) - raft.server.watch.timeout.denomination = 1s (default)
2019-09-20 08:50:52,677 [972eec63-801b-4789-a14a-664c049671ee:group-199F6BCD96BD:LeaderElection25] INFO  server.RaftServerConfigKeys (ConfUtils.java:logGet(43)) - raft.server.watch.element-limit = 65536 (default)
2019-09-20 08:50:52,678 [972eec63-801b-4789-a14a-664c049671ee:group-199F6BCD96BD:LeaderElection25] INFO  impl.RoleInfo (RoleInfo.java:updateAndGet(143)) - 972eec63-801b-4789-a14a-664c049671ee: start LeaderState
2019-09-20 08:50:52,678 [972eec63-801b-4789-a14a-664c049671ee:group-199F6BCD96BD:LeaderElection25] INFO  segmented.SegmentedRaftLogWorker (SegmentedRaftLogWorker.java:startLogSegment(380)) - 972eec63-801b-4789-a14a-664c049671ee-SegmentedRaftLogWorker:Storage Directory /workdir/hadoop-ozone/tools/target/test-dir/MiniOzoneClusterImpl-1a1f1bd1-ce73-4756-923c-f2264fe476d0/datanode-1/data/ratis/97fc7c7a-5be2-476a-bc62-199f6bcd96bd: Starting segment from index:0
2019-09-20 08:50:52,679 [972eec63-801b-4789-a14a-664c049671ee:group-199F6BCD96BD:LeaderElection25] INFO  impl.RaftServerImpl (ServerState.java:setRaftConf(361)) - 972eec63-801b-4789-a14a-664c049671ee:group-199F6BCD96BD set configuration 0: [972eec63-801b-4789-a14a-664c049671ee:192.168.36.79:36941], old=null at 0
2019-09-20 08:50:52,693 [2a6ce4d1-5069-4aeb-8b94-5f253cd23bfc:group-B67134E9A47E:LeaderElection26] INFO  impl.LeaderElection (LeaderElection.java:askForVotes(181)) - 2a6ce4d1-5069-4aeb-8b94-5f253cd23bfc:group-B67134E9A47E:LeaderElection26: begin an election at term 1 for -1: [2a6ce4d1-5069-4aeb-8b94-5f253cd23bfc:192.168.36.79:37829], old=null
2019-09-20 08:50:52,693 [2a6ce4d1-5069-4aeb-8b94-5f253cd23bfc:group-B67134E9A47E:LeaderElection26] INFO  impl.RoleInfo (RoleInfo.java:shutdownLeaderElection(134)) - 2a6ce4d1-5069-4aeb-8b94-5f253cd23bfc: shutdown LeaderElection
2019-09-20 08:50:52,693 [2a6ce4d1-5069-4aeb-8b94-5f253cd23bfc:group-B67134E9A47E:LeaderElection26] INFO  impl.RaftServerImpl (RaftServerImpl.java:setRole(171)) - 2a6ce4d1-5069-4aeb-8b94-5f253cd23bfc:group-B67134E9A47E changes role from CANDIDATE to LEADER at term 1 for changeToLeader
2019-09-20 08:50:52,694 [2a6ce4d1-5069-4aeb-8b94-5f253cd23bfc:group-B67134E9A47E:LeaderElection26] INFO  impl.RaftServerImpl (ServerState.java:setLeader(263)) - 2a6ce4d1-5069-4aeb-8b94-5f253cd23bfc:group-B67134E9A47E change Leader from null to 2a6ce4d1-5069-4aeb-8b94-5f253cd23bfc at term 1 for becomeLeader, leader elected after 5078ms
2019-09-20 08:50:52,694 [2a6ce4d1-5069-4aeb-8b94-5f253cd23bfc:group-B67134E9A47E:LeaderElection26] INFO  server.RaftServerConfigKeys (ConfUtils.java:logGet(43)) - raft.server.staging.catchup.gap = 1000 (default)
2019-09-20 08:50:52,694 [2a6ce4d1-5069-4aeb-8b94-5f253cd23bfc:group-B67134E9A47E:LeaderElection26] INFO  server.RaftServerConfigKeys (ConfUtils.java:logGet(43)) - raft.server.rpc.sleep.time = 25ms (default)
2019-09-20 08:50:52,694 [2a6ce4d1-5069-4aeb-8b94-5f253cd23bfc:group-B67134E9A47E:LeaderElection26] INFO  server.RaftServerConfigKeys (ConfUtils.java:logGet(43)) - raft.server.write.element-limit = 4096 (default)
2019-09-20 08:50:52,694 [2a6ce4d1-5069-4aeb-8b94-5f253cd23bfc:group-B67134E9A47E:LeaderElection26] INFO  server.RaftServerConfigKeys (ConfUtils.java:logGet(43)) - raft.server.watch.timeout = 10s (default)
2019-09-20 08:50:52,694 [2a6ce4d1-5069-4aeb-8b94-5f253cd23bfc:group-B67134E9A47E:LeaderElection26] INFO  server.RaftServerConfigKeys (ConfUtils.java:logGet(43)) - raft.server.watch.timeout.denomination = 1s (default)
2019-09-20 08:50:52,695 [2a6ce4d1-5069-4aeb-8b94-5f253cd23bfc:group-B67134E9A47E:LeaderElection26] INFO  server.RaftServerConfigKeys (ConfUtils.java:logGet(43)) - raft.server.watch.element-limit = 65536 (default)
2019-09-20 08:50:52,695 [2a6ce4d1-5069-4aeb-8b94-5f253cd23bfc:group-B67134E9A47E:LeaderElection26] INFO  impl.RoleInfo (RoleInfo.java:updateAndGet(143)) - 2a6ce4d1-5069-4aeb-8b94-5f253cd23bfc: start LeaderState
2019-09-20 08:50:52,695 [2a6ce4d1-5069-4aeb-8b94-5f253cd23bfc:group-B67134E9A47E:LeaderElection26] INFO  segmented.SegmentedRaftLogWorker (SegmentedRaftLogWorker.java:startLogSegment(380)) - 2a6ce4d1-5069-4aeb-8b94-5f253cd23bfc-SegmentedRaftLogWorker:Storage Directory /workdir/hadoop-ozone/tools/target/test-dir/MiniOzoneClusterImpl-1a1f1bd1-ce73-4756-923c-f2264fe476d0/datanode-4/data/ratis/71d29d37-5b2b-4b69-a77b-b67134e9a47e: Starting segment from index:0
2019-09-20 08:50:52,696 [2a6ce4d1-5069-4aeb-8b94-5f253cd23bfc:group-B67134E9A47E:LeaderElection26] INFO  impl.RaftServerImpl (ServerState.java:setRaftConf(361)) - 2a6ce4d1-5069-4aeb-8b94-5f253cd23bfc:group-B67134E9A47E set configuration 0: [2a6ce4d1-5069-4aeb-8b94-5f253cd23bfc:192.168.36.79:37829], old=null at 0
2019-09-20 08:50:52,768 [972eec63-801b-4789-a14a-664c049671ee-SegmentedRaftLogWorker:Storage Directory /workdir/hadoop-ozone/tools/target/test-dir/MiniOzoneClusterImpl-1a1f1bd1-ce73-4756-923c-f2264fe476d0/datanode-1/data/ratis/97fc7c7a-5be2-476a-bc62-199f6bcd96bd] INFO  segmented.SegmentedRaftLogWorker (SegmentedRaftLogWorker.java:execute(569)) - 972eec63-801b-4789-a14a-664c049671ee-SegmentedRaftLogWorker:Storage Directory /workdir/hadoop-ozone/tools/target/test-dir/MiniOzoneClusterImpl-1a1f1bd1-ce73-4756-923c-f2264fe476d0/datanode-1/data/ratis/97fc7c7a-5be2-476a-bc62-199f6bcd96bd: created new log segment /workdir/hadoop-ozone/tools/target/test-dir/MiniOzoneClusterImpl-1a1f1bd1-ce73-4756-923c-f2264fe476d0/datanode-1/data/ratis/97fc7c7a-5be2-476a-bc62-199f6bcd96bd/current/log_inprogress_0
2019-09-20 08:50:52,768 [2a6ce4d1-5069-4aeb-8b94-5f253cd23bfc-SegmentedRaftLogWorker:Storage Directory /workdir/hadoop-ozone/tools/target/test-dir/MiniOzoneClusterImpl-1a1f1bd1-ce73-4756-923c-f2264fe476d0/datanode-4/data/ratis/71d29d37-5b2b-4b69-a77b-b67134e9a47e] INFO  segmented.SegmentedRaftLogWorker (SegmentedRaftLogWorker.java:execute(569)) - 2a6ce4d1-5069-4aeb-8b94-5f253cd23bfc-SegmentedRaftLogWorker:Storage Directory /workdir/hadoop-ozone/tools/target/test-dir/MiniOzoneClusterImpl-1a1f1bd1-ce73-4756-923c-f2264fe476d0/datanode-4/data/ratis/71d29d37-5b2b-4b69-a77b-b67134e9a47e: created new log segment /workdir/hadoop-ozone/tools/target/test-dir/MiniOzoneClusterImpl-1a1f1bd1-ce73-4756-923c-f2264fe476d0/datanode-4/data/ratis/71d29d37-5b2b-4b69-a77b-b67134e9a47e/current/log_inprogress_0
2019-09-20 08:50:52,851 | INFO  | SCMAudit | user=jenkins1000 | ip=192.168.36.79 | op=SEND_HEARTBEAT {datanodeUUID=d183acf8-c1d4-40f7-ba5a-175455d3bd55, command=[]} | ret=SUCCESS |  
2019-09-20 08:50:52,851 | INFO  | SCMAudit | user=jenkins1000 | ip=192.168.36.79 | op=SEND_HEARTBEAT {datanodeUUID=5e9b3ca5-d58f-427a-bd11-930d28ac57d8, command=[]} | ret=SUCCESS |  
2019-09-20 08:50:52,881 [Thread-303] INFO  impl.FollowerState (FollowerState.java:run(106)) - 2a6ce4d1-5069-4aeb-8b94-5f253cd23bfc:group-6E0DEC88299E changes to CANDIDATE, lastRpcTime:5109, electionTimeout:5109ms
2019-09-20 08:50:52,882 [Thread-303] INFO  impl.RoleInfo (RoleInfo.java:shutdownFollowerState(121)) - 2a6ce4d1-5069-4aeb-8b94-5f253cd23bfc: shutdown FollowerState
2019-09-20 08:50:52,882 [Thread-303] INFO  impl.RaftServerImpl (RaftServerImpl.java:setRole(171)) - 2a6ce4d1-5069-4aeb-8b94-5f253cd23bfc:group-6E0DEC88299E changes role from FOLLOWER to CANDIDATE at term 0 for changeToCandidate
2019-09-20 08:50:52,882 [Thread-303] INFO  impl.RoleInfo (RoleInfo.java:updateAndGet(143)) - 2a6ce4d1-5069-4aeb-8b94-5f253cd23bfc: start LeaderElection
2019-09-20 08:50:52,902 [2a6ce4d1-5069-4aeb-8b94-5f253cd23bfc:group-6E0DEC88299E:LeaderElection27] INFO  impl.LeaderElection (LeaderElection.java:askForVotes(181)) - 2a6ce4d1-5069-4aeb-8b94-5f253cd23bfc:group-6E0DEC88299E:LeaderElection27: begin an election at term 1 for -1: [2a6ce4d1-5069-4aeb-8b94-5f253cd23bfc:192.168.36.79:37829], old=null
2019-09-20 08:50:52,902 [2a6ce4d1-5069-4aeb-8b94-5f253cd23bfc:group-6E0DEC88299E:LeaderElection27] INFO  impl.RoleInfo (RoleInfo.java:shutdownLeaderElection(134)) - 2a6ce4d1-5069-4aeb-8b94-5f253cd23bfc: shutdown LeaderElection
2019-09-20 08:50:52,903 [2a6ce4d1-5069-4aeb-8b94-5f253cd23bfc:group-6E0DEC88299E:LeaderElection27] INFO  impl.RaftServerImpl (RaftServerImpl.java:setRole(171)) - 2a6ce4d1-5069-4aeb-8b94-5f253cd23bfc:group-6E0DEC88299E changes role from CANDIDATE to LEADER at term 1 for changeToLeader
2019-09-20 08:50:52,903 [2a6ce4d1-5069-4aeb-8b94-5f253cd23bfc:group-6E0DEC88299E:LeaderElection27] INFO  impl.RaftServerImpl (ServerState.java:setLeader(263)) - 2a6ce4d1-5069-4aeb-8b94-5f253cd23bfc:group-6E0DEC88299E change Leader from null to 2a6ce4d1-5069-4aeb-8b94-5f253cd23bfc at term 1 for becomeLeader, leader elected after 5136ms
2019-09-20 08:50:52,903 [2a6ce4d1-5069-4aeb-8b94-5f253cd23bfc:group-6E0DEC88299E:LeaderElection27] INFO  server.RaftServerConfigKeys (ConfUtils.java:logGet(43)) - raft.server.staging.catchup.gap = 1000 (default)
2019-09-20 08:50:52,903 [2a6ce4d1-5069-4aeb-8b94-5f253cd23bfc:group-6E0DEC88299E:LeaderElection27] INFO  server.RaftServerConfigKeys (ConfUtils.java:logGet(43)) - raft.server.rpc.sleep.time = 25ms (default)
2019-09-20 08:50:52,903 [2a6ce4d1-5069-4aeb-8b94-5f253cd23bfc:group-6E0DEC88299E:LeaderElection27] INFO  server.RaftServerConfigKeys (ConfUtils.java:logGet(43)) - raft.server.write.element-limit = 4096 (default)
2019-09-20 08:50:52,904 [2a6ce4d1-5069-4aeb-8b94-5f253cd23bfc:group-6E0DEC88299E:LeaderElection27] INFO  server.RaftServerConfigKeys (ConfUtils.java:logGet(43)) - raft.server.watch.timeout = 10s (default)
2019-09-20 08:50:52,904 [2a6ce4d1-5069-4aeb-8b94-5f253cd23bfc:group-6E0DEC88299E:LeaderElection27] INFO  server.RaftServerConfigKeys (ConfUtils.java:logGet(43)) - raft.server.watch.timeout.denomination = 1s (default)
2019-09-20 08:50:52,904 [2a6ce4d1-5069-4aeb-8b94-5f253cd23bfc:group-6E0DEC88299E:LeaderElection27] INFO  server.RaftServerConfigKeys (ConfUtils.java:logGet(43)) - raft.server.watch.element-limit = 65536 (default)
2019-09-20 08:50:52,904 [2a6ce4d1-5069-4aeb-8b94-5f253cd23bfc:group-6E0DEC88299E:LeaderElection27] INFO  impl.RoleInfo (RoleInfo.java:updateAndGet(143)) - 2a6ce4d1-5069-4aeb-8b94-5f253cd23bfc: start LeaderState
2019-09-20 08:50:52,905 [2a6ce4d1-5069-4aeb-8b94-5f253cd23bfc:group-6E0DEC88299E:LeaderElection27] INFO  segmented.SegmentedRaftLogWorker (SegmentedRaftLogWorker.java:startLogSegment(380)) - 2a6ce4d1-5069-4aeb-8b94-5f253cd23bfc-SegmentedRaftLogWorker:Storage Directory /workdir/hadoop-ozone/tools/target/test-dir/MiniOzoneClusterImpl-1a1f1bd1-ce73-4756-923c-f2264fe476d0/datanode-4/data/ratis/dc96d798-e9e2-41b4-aa20-6e0dec88299e: Starting segment from index:0
2019-09-20 08:50:52,905 [2a6ce4d1-5069-4aeb-8b94-5f253cd23bfc:group-6E0DEC88299E:LeaderElection27] INFO  impl.RaftServerImpl (ServerState.java:setRaftConf(361)) - 2a6ce4d1-5069-4aeb-8b94-5f253cd23bfc:group-6E0DEC88299E set configuration 0: [2a6ce4d1-5069-4aeb-8b94-5f253cd23bfc:192.168.36.79:37829], old=null at 0
2019-09-20 08:50:52,945 | INFO  | SCMAudit | user=jenkins1000 | ip=192.168.36.79 | op=SEND_HEARTBEAT {datanodeUUID=64119811-c299-4353-bef2-4f1f08694db1, command=[]} | ret=SUCCESS |  
2019-09-20 08:50:52,956 | INFO  | SCMAudit | user=jenkins1000 | ip=192.168.36.79 | op=SEND_HEARTBEAT {datanodeUUID=2a6ce4d1-5069-4aeb-8b94-5f253cd23bfc, command=[]} | ret=SUCCESS |  
2019-09-20 08:50:52,959 [Thread-309] INFO  impl.FollowerState (FollowerState.java:run(106)) - 2a6ce4d1-5069-4aeb-8b94-5f253cd23bfc:group-77A3AFABEFE6 changes to CANDIDATE, lastRpcTime:5019, electionTimeout:5019ms
2019-09-20 08:50:52,959 [Thread-309] INFO  impl.RoleInfo (RoleInfo.java:shutdownFollowerState(121)) - 2a6ce4d1-5069-4aeb-8b94-5f253cd23bfc: shutdown FollowerState
2019-09-20 08:50:52,959 [Thread-309] INFO  impl.RaftServerImpl (RaftServerImpl.java:setRole(171)) - 2a6ce4d1-5069-4aeb-8b94-5f253cd23bfc:group-77A3AFABEFE6 changes role from FOLLOWER to CANDIDATE at term 0 for changeToCandidate
2019-09-20 08:50:52,959 [Thread-309] INFO  impl.RoleInfo (RoleInfo.java:updateAndGet(143)) - 2a6ce4d1-5069-4aeb-8b94-5f253cd23bfc: start LeaderElection
2019-09-20 08:50:52,962 [2a6ce4d1-5069-4aeb-8b94-5f253cd23bfc-SegmentedRaftLogWorker:Storage Directory /workdir/hadoop-ozone/tools/target/test-dir/MiniOzoneClusterImpl-1a1f1bd1-ce73-4756-923c-f2264fe476d0/datanode-4/data/ratis/dc96d798-e9e2-41b4-aa20-6e0dec88299e] INFO  segmented.SegmentedRaftLogWorker (SegmentedRaftLogWorker.java:execute(569)) - 2a6ce4d1-5069-4aeb-8b94-5f253cd23bfc-SegmentedRaftLogWorker:Storage Directory /workdir/hadoop-ozone/tools/target/test-dir/MiniOzoneClusterImpl-1a1f1bd1-ce73-4756-923c-f2264fe476d0/datanode-4/data/ratis/dc96d798-e9e2-41b4-aa20-6e0dec88299e: created new log segment /workdir/hadoop-ozone/tools/target/test-dir/MiniOzoneClusterImpl-1a1f1bd1-ce73-4756-923c-f2264fe476d0/datanode-4/data/ratis/dc96d798-e9e2-41b4-aa20-6e0dec88299e/current/log_inprogress_0
2019-09-20 08:50:52,978 [2a6ce4d1-5069-4aeb-8b94-5f253cd23bfc:group-77A3AFABEFE6:LeaderElection28] INFO  impl.LeaderElection (LeaderElection.java:askForVotes(181)) - 2a6ce4d1-5069-4aeb-8b94-5f253cd23bfc:group-77A3AFABEFE6:LeaderElection28: begin an election at term 1 for -1: [2a6ce4d1-5069-4aeb-8b94-5f253cd23bfc:192.168.36.79:37829], old=null
2019-09-20 08:50:52,978 [2a6ce4d1-5069-4aeb-8b94-5f253cd23bfc:group-77A3AFABEFE6:LeaderElection28] INFO  impl.RoleInfo (RoleInfo.java:shutdownLeaderElection(134)) - 2a6ce4d1-5069-4aeb-8b94-5f253cd23bfc: shutdown LeaderElection
2019-09-20 08:50:52,978 [2a6ce4d1-5069-4aeb-8b94-5f253cd23bfc:group-77A3AFABEFE6:LeaderElection28] INFO  impl.RaftServerImpl (RaftServerImpl.java:setRole(171)) - 2a6ce4d1-5069-4aeb-8b94-5f253cd23bfc:group-77A3AFABEFE6 changes role from CANDIDATE to LEADER at term 1 for changeToLeader
2019-09-20 08:50:52,979 [2a6ce4d1-5069-4aeb-8b94-5f253cd23bfc:group-77A3AFABEFE6:LeaderElection28] INFO  impl.RaftServerImpl (ServerState.java:setLeader(263)) - 2a6ce4d1-5069-4aeb-8b94-5f253cd23bfc:group-77A3AFABEFE6 change Leader from null to 2a6ce4d1-5069-4aeb-8b94-5f253cd23bfc at term 1 for becomeLeader, leader elected after 5044ms
2019-09-20 08:50:52,979 [2a6ce4d1-5069-4aeb-8b94-5f253cd23bfc:group-77A3AFABEFE6:LeaderElection28] INFO  server.RaftServerConfigKeys (ConfUtils.java:logGet(43)) - raft.server.staging.catchup.gap = 1000 (default)
2019-09-20 08:50:52,979 [2a6ce4d1-5069-4aeb-8b94-5f253cd23bfc:group-77A3AFABEFE6:LeaderElection28] INFO  server.RaftServerConfigKeys (ConfUtils.java:logGet(43)) - raft.server.rpc.sleep.time = 25ms (default)
2019-09-20 08:50:52,979 [2a6ce4d1-5069-4aeb-8b94-5f253cd23bfc:group-77A3AFABEFE6:LeaderElection28] INFO  server.RaftServerConfigKeys (ConfUtils.java:logGet(43)) - raft.server.write.element-limit = 4096 (default)
2019-09-20 08:50:52,980 [2a6ce4d1-5069-4aeb-8b94-5f253cd23bfc:group-77A3AFABEFE6:LeaderElection28] INFO  server.RaftServerConfigKeys (ConfUtils.java:logGet(43)) - raft.server.watch.timeout = 10s (default)
2019-09-20 08:50:52,980 [2a6ce4d1-5069-4aeb-8b94-5f253cd23bfc:group-77A3AFABEFE6:LeaderElection28] INFO  server.RaftServerConfigKeys (ConfUtils.java:logGet(43)) - raft.server.watch.timeout.denomination = 1s (default)
2019-09-20 08:50:52,980 [2a6ce4d1-5069-4aeb-8b94-5f253cd23bfc:group-77A3AFABEFE6:LeaderElection28] INFO  server.RaftServerConfigKeys (ConfUtils.java:logGet(43)) - raft.server.watch.element-limit = 65536 (default)
2019-09-20 08:50:52,980 [2a6ce4d1-5069-4aeb-8b94-5f253cd23bfc:group-77A3AFABEFE6:LeaderElection28] INFO  impl.RoleInfo (RoleInfo.java:updateAndGet(143)) - 2a6ce4d1-5069-4aeb-8b94-5f253cd23bfc: start LeaderState
2019-09-20 08:50:52,981 [2a6ce4d1-5069-4aeb-8b94-5f253cd23bfc:group-77A3AFABEFE6:LeaderElection28] INFO  segmented.SegmentedRaftLogWorker (SegmentedRaftLogWorker.java:startLogSegment(380)) - 2a6ce4d1-5069-4aeb-8b94-5f253cd23bfc-SegmentedRaftLogWorker:Storage Directory /workdir/hadoop-ozone/tools/target/test-dir/MiniOzoneClusterImpl-1a1f1bd1-ce73-4756-923c-f2264fe476d0/datanode-4/data/ratis/cc23a86d-e3e4-4591-a8af-77a3afabefe6: Starting segment from index:0
2019-09-20 08:50:52,982 [2a6ce4d1-5069-4aeb-8b94-5f253cd23bfc:group-77A3AFABEFE6:LeaderElection28] INFO  impl.RaftServerImpl (ServerState.java:setRaftConf(361)) - 2a6ce4d1-5069-4aeb-8b94-5f253cd23bfc:group-77A3AFABEFE6 set configuration 0: [2a6ce4d1-5069-4aeb-8b94-5f253cd23bfc:192.168.36.79:37829], old=null at 0
2019-09-20 08:50:53,036 [Thread-306] INFO  impl.FollowerState (FollowerState.java:run(106)) - 2a6ce4d1-5069-4aeb-8b94-5f253cd23bfc:group-7AF079781DA2 changes to CANDIDATE, lastRpcTime:5174, electionTimeout:5174ms
2019-09-20 08:50:53,036 [Thread-306] INFO  impl.RoleInfo (RoleInfo.java:shutdownFollowerState(121)) - 2a6ce4d1-5069-4aeb-8b94-5f253cd23bfc: shutdown FollowerState
2019-09-20 08:50:53,036 [Thread-306] INFO  impl.RaftServerImpl (RaftServerImpl.java:setRole(171)) - 2a6ce4d1-5069-4aeb-8b94-5f253cd23bfc:group-7AF079781DA2 changes role from FOLLOWER to CANDIDATE at term 0 for changeToCandidate
2019-09-20 08:50:53,037 [Thread-306] INFO  impl.RoleInfo (RoleInfo.java:updateAndGet(143)) - 2a6ce4d1-5069-4aeb-8b94-5f253cd23bfc: start LeaderElection
2019-09-20 08:50:53,045 [2a6ce4d1-5069-4aeb-8b94-5f253cd23bfc-SegmentedRaftLogWorker:Storage Directory /workdir/hadoop-ozone/tools/target/test-dir/MiniOzoneClusterImpl-1a1f1bd1-ce73-4756-923c-f2264fe476d0/datanode-4/data/ratis/cc23a86d-e3e4-4591-a8af-77a3afabefe6] INFO  segmented.SegmentedRaftLogWorker (SegmentedRaftLogWorker.java:execute(569)) - 2a6ce4d1-5069-4aeb-8b94-5f253cd23bfc-SegmentedRaftLogWorker:Storage Directory /workdir/hadoop-ozone/tools/target/test-dir/MiniOzoneClusterImpl-1a1f1bd1-ce73-4756-923c-f2264fe476d0/datanode-4/data/ratis/cc23a86d-e3e4-4591-a8af-77a3afabefe6: created new log segment /workdir/hadoop-ozone/tools/target/test-dir/MiniOzoneClusterImpl-1a1f1bd1-ce73-4756-923c-f2264fe476d0/datanode-4/data/ratis/cc23a86d-e3e4-4591-a8af-77a3afabefe6/current/log_inprogress_0
2019-09-20 08:50:53,062 [2a6ce4d1-5069-4aeb-8b94-5f253cd23bfc:group-7AF079781DA2:LeaderElection29] INFO  impl.LeaderElection (LeaderElection.java:askForVotes(181)) - 2a6ce4d1-5069-4aeb-8b94-5f253cd23bfc:group-7AF079781DA2:LeaderElection29: begin an election at term 1 for -1: [2a6ce4d1-5069-4aeb-8b94-5f253cd23bfc:192.168.36.79:37829], old=null
2019-09-20 08:50:53,062 [2a6ce4d1-5069-4aeb-8b94-5f253cd23bfc:group-7AF079781DA2:LeaderElection29] INFO  impl.RoleInfo (RoleInfo.java:shutdownLeaderElection(134)) - 2a6ce4d1-5069-4aeb-8b94-5f253cd23bfc: shutdown LeaderElection
2019-09-20 08:50:53,062 [2a6ce4d1-5069-4aeb-8b94-5f253cd23bfc:group-7AF079781DA2:LeaderElection29] INFO  impl.RaftServerImpl (RaftServerImpl.java:setRole(171)) - 2a6ce4d1-5069-4aeb-8b94-5f253cd23bfc:group-7AF079781DA2 changes role from CANDIDATE to LEADER at term 1 for changeToLeader
2019-09-20 08:50:53,062 [2a6ce4d1-5069-4aeb-8b94-5f253cd23bfc:group-7AF079781DA2:LeaderElection29] INFO  impl.RaftServerImpl (ServerState.java:setLeader(263)) - 2a6ce4d1-5069-4aeb-8b94-5f253cd23bfc:group-7AF079781DA2 change Leader from null to 2a6ce4d1-5069-4aeb-8b94-5f253cd23bfc at term 1 for becomeLeader, leader elected after 5204ms
2019-09-20 08:50:53,062 [2a6ce4d1-5069-4aeb-8b94-5f253cd23bfc:group-7AF079781DA2:LeaderElection29] INFO  server.RaftServerConfigKeys (ConfUtils.java:logGet(43)) - raft.server.staging.catchup.gap = 1000 (default)
2019-09-20 08:50:53,063 [2a6ce4d1-5069-4aeb-8b94-5f253cd23bfc:group-7AF079781DA2:LeaderElection29] INFO  server.RaftServerConfigKeys (ConfUtils.java:logGet(43)) - raft.server.rpc.sleep.time = 25ms (default)
2019-09-20 08:50:53,063 [2a6ce4d1-5069-4aeb-8b94-5f253cd23bfc:group-7AF079781DA2:LeaderElection29] INFO  server.RaftServerConfigKeys (ConfUtils.java:logGet(43)) - raft.server.write.element-limit = 4096 (default)
2019-09-20 08:50:53,063 [2a6ce4d1-5069-4aeb-8b94-5f253cd23bfc:group-7AF079781DA2:LeaderElection29] INFO  server.RaftServerConfigKeys (ConfUtils.java:logGet(43)) - raft.server.watch.timeout = 10s (default)
2019-09-20 08:50:53,063 [2a6ce4d1-5069-4aeb-8b94-5f253cd23bfc:group-7AF079781DA2:LeaderElection29] INFO  server.RaftServerConfigKeys (ConfUtils.java:logGet(43)) - raft.server.watch.timeout.denomination = 1s (default)
2019-09-20 08:50:53,063 [2a6ce4d1-5069-4aeb-8b94-5f253cd23bfc:group-7AF079781DA2:LeaderElection29] INFO  server.RaftServerConfigKeys (ConfUtils.java:logGet(43)) - raft.server.watch.element-limit = 65536 (default)
2019-09-20 08:50:53,063 [2a6ce4d1-5069-4aeb-8b94-5f253cd23bfc:group-7AF079781DA2:LeaderElection29] INFO  impl.RoleInfo (RoleInfo.java:updateAndGet(143)) - 2a6ce4d1-5069-4aeb-8b94-5f253cd23bfc: start LeaderState
2019-09-20 08:50:53,063 [2a6ce4d1-5069-4aeb-8b94-5f253cd23bfc:group-7AF079781DA2:LeaderElection29] INFO  segmented.SegmentedRaftLogWorker (SegmentedRaftLogWorker.java:startLogSegment(380)) - 2a6ce4d1-5069-4aeb-8b94-5f253cd23bfc-SegmentedRaftLogWorker:Storage Directory /workdir/hadoop-ozone/tools/target/test-dir/MiniOzoneClusterImpl-1a1f1bd1-ce73-4756-923c-f2264fe476d0/datanode-4/data/ratis/c84e6613-dc38-4b10-83f1-7af079781da2: Starting segment from index:0
2019-09-20 08:50:53,064 [2a6ce4d1-5069-4aeb-8b94-5f253cd23bfc:group-7AF079781DA2:LeaderElection29] INFO  impl.RaftServerImpl (ServerState.java:setRaftConf(361)) - 2a6ce4d1-5069-4aeb-8b94-5f253cd23bfc:group-7AF079781DA2 set configuration 0: [2a6ce4d1-5069-4aeb-8b94-5f253cd23bfc:192.168.36.79:37829], old=null at 0
2019-09-20 08:50:53,112 [2a6ce4d1-5069-4aeb-8b94-5f253cd23bfc-SegmentedRaftLogWorker:Storage Directory /workdir/hadoop-ozone/tools/target/test-dir/MiniOzoneClusterImpl-1a1f1bd1-ce73-4756-923c-f2264fe476d0/datanode-4/data/ratis/c84e6613-dc38-4b10-83f1-7af079781da2] INFO  segmented.SegmentedRaftLogWorker (SegmentedRaftLogWorker.java:execute(569)) - 2a6ce4d1-5069-4aeb-8b94-5f253cd23bfc-SegmentedRaftLogWorker:Storage Directory /workdir/hadoop-ozone/tools/target/test-dir/MiniOzoneClusterImpl-1a1f1bd1-ce73-4756-923c-f2264fe476d0/datanode-4/data/ratis/c84e6613-dc38-4b10-83f1-7af079781da2: created new log segment /workdir/hadoop-ozone/tools/target/test-dir/MiniOzoneClusterImpl-1a1f1bd1-ce73-4756-923c-f2264fe476d0/datanode-4/data/ratis/c84e6613-dc38-4b10-83f1-7af079781da2/current/log_inprogress_0
2019-09-20 08:50:53,123 [Thread-312] INFO  impl.FollowerState (FollowerState.java:run(106)) - 2a6ce4d1-5069-4aeb-8b94-5f253cd23bfc:group-926727589621 changes to CANDIDATE, lastRpcTime:5099, electionTimeout:5099ms
2019-09-20 08:50:53,123 [Thread-312] INFO  impl.RoleInfo (RoleInfo.java:shutdownFollowerState(121)) - 2a6ce4d1-5069-4aeb-8b94-5f253cd23bfc: shutdown FollowerState
2019-09-20 08:50:53,123 [Thread-312] INFO  impl.RaftServerImpl (RaftServerImpl.java:setRole(171)) - 2a6ce4d1-5069-4aeb-8b94-5f253cd23bfc:group-926727589621 changes role from FOLLOWER to CANDIDATE at term 0 for changeToCandidate
2019-09-20 08:50:53,123 [Thread-312] INFO  impl.RoleInfo (RoleInfo.java:updateAndGet(143)) - 2a6ce4d1-5069-4aeb-8b94-5f253cd23bfc: start LeaderElection
2019-09-20 08:50:53,146 [2a6ce4d1-5069-4aeb-8b94-5f253cd23bfc:group-926727589621:LeaderElection30] INFO  impl.LeaderElection (LeaderElection.java:askForVotes(181)) - 2a6ce4d1-5069-4aeb-8b94-5f253cd23bfc:group-926727589621:LeaderElection30: begin an election at term 1 for -1: [2a6ce4d1-5069-4aeb-8b94-5f253cd23bfc:192.168.36.79:37829], old=null
2019-09-20 08:50:53,146 [2a6ce4d1-5069-4aeb-8b94-5f253cd23bfc:group-926727589621:LeaderElection30] INFO  impl.RoleInfo (RoleInfo.java:shutdownLeaderElection(134)) - 2a6ce4d1-5069-4aeb-8b94-5f253cd23bfc: shutdown LeaderElection
2019-09-20 08:50:53,146 [2a6ce4d1-5069-4aeb-8b94-5f253cd23bfc:group-926727589621:LeaderElection30] INFO  impl.RaftServerImpl (RaftServerImpl.java:setRole(171)) - 2a6ce4d1-5069-4aeb-8b94-5f253cd23bfc:group-926727589621 changes role from CANDIDATE to LEADER at term 1 for changeToLeader
2019-09-20 08:50:53,146 [2a6ce4d1-5069-4aeb-8b94-5f253cd23bfc:group-926727589621:LeaderElection30] INFO  impl.RaftServerImpl (ServerState.java:setLeader(263)) - 2a6ce4d1-5069-4aeb-8b94-5f253cd23bfc:group-926727589621 change Leader from null to 2a6ce4d1-5069-4aeb-8b94-5f253cd23bfc at term 1 for becomeLeader, leader elected after 5128ms
2019-09-20 08:50:53,147 [2a6ce4d1-5069-4aeb-8b94-5f253cd23bfc:group-926727589621:LeaderElection30] INFO  server.RaftServerConfigKeys (ConfUtils.java:logGet(43)) - raft.server.staging.catchup.gap = 1000 (default)
2019-09-20 08:50:53,147 [2a6ce4d1-5069-4aeb-8b94-5f253cd23bfc:group-926727589621:LeaderElection30] INFO  server.RaftServerConfigKeys (ConfUtils.java:logGet(43)) - raft.server.rpc.sleep.time = 25ms (default)
2019-09-20 08:50:53,147 [2a6ce4d1-5069-4aeb-8b94-5f253cd23bfc:group-926727589621:LeaderElection30] INFO  server.RaftServerConfigKeys (ConfUtils.java:logGet(43)) - raft.server.write.element-limit = 4096 (default)
2019-09-20 08:50:53,147 [2a6ce4d1-5069-4aeb-8b94-5f253cd23bfc:group-926727589621:LeaderElection30] INFO  server.RaftServerConfigKeys (ConfUtils.java:logGet(43)) - raft.server.watch.timeout = 10s (default)
2019-09-20 08:50:53,147 [2a6ce4d1-5069-4aeb-8b94-5f253cd23bfc:group-926727589621:LeaderElection30] INFO  server.RaftServerConfigKeys (ConfUtils.java:logGet(43)) - raft.server.watch.timeout.denomination = 1s (default)
2019-09-20 08:50:53,147 [2a6ce4d1-5069-4aeb-8b94-5f253cd23bfc:group-926727589621:LeaderElection30] INFO  server.RaftServerConfigKeys (ConfUtils.java:logGet(43)) - raft.server.watch.element-limit = 65536 (default)
2019-09-20 08:50:53,148 [2a6ce4d1-5069-4aeb-8b94-5f253cd23bfc:group-926727589621:LeaderElection30] INFO  impl.RoleInfo (RoleInfo.java:updateAndGet(143)) - 2a6ce4d1-5069-4aeb-8b94-5f253cd23bfc: start LeaderState
2019-09-20 08:50:53,148 [2a6ce4d1-5069-4aeb-8b94-5f253cd23bfc:group-926727589621:LeaderElection30] INFO  segmented.SegmentedRaftLogWorker (SegmentedRaftLogWorker.java:startLogSegment(380)) - 2a6ce4d1-5069-4aeb-8b94-5f253cd23bfc-SegmentedRaftLogWorker:Storage Directory /workdir/hadoop-ozone/tools/target/test-dir/MiniOzoneClusterImpl-1a1f1bd1-ce73-4756-923c-f2264fe476d0/datanode-4/data/ratis/15c7c5d2-b5e8-4669-8b9d-926727589621: Starting segment from index:0
2019-09-20 08:50:53,148 [2a6ce4d1-5069-4aeb-8b94-5f253cd23bfc:group-926727589621:LeaderElection30] INFO  impl.RaftServerImpl (ServerState.java:setRaftConf(361)) - 2a6ce4d1-5069-4aeb-8b94-5f253cd23bfc:group-926727589621 set configuration 0: [2a6ce4d1-5069-4aeb-8b94-5f253cd23bfc:192.168.36.79:37829], old=null at 0
2019-09-20 08:50:53,204 [2a6ce4d1-5069-4aeb-8b94-5f253cd23bfc-SegmentedRaftLogWorker:Storage Directory /workdir/hadoop-ozone/tools/target/test-dir/MiniOzoneClusterImpl-1a1f1bd1-ce73-4756-923c-f2264fe476d0/datanode-4/data/ratis/15c7c5d2-b5e8-4669-8b9d-926727589621] INFO  segmented.SegmentedRaftLogWorker (SegmentedRaftLogWorker.java:execute(569)) - 2a6ce4d1-5069-4aeb-8b94-5f253cd23bfc-SegmentedRaftLogWorker:Storage Directory /workdir/hadoop-ozone/tools/target/test-dir/MiniOzoneClusterImpl-1a1f1bd1-ce73-4756-923c-f2264fe476d0/datanode-4/data/ratis/15c7c5d2-b5e8-4669-8b9d-926727589621: created new log segment /workdir/hadoop-ozone/tools/target/test-dir/MiniOzoneClusterImpl-1a1f1bd1-ce73-4756-923c-f2264fe476d0/datanode-4/data/ratis/15c7c5d2-b5e8-4669-8b9d-926727589621/current/log_inprogress_0
2019-09-20 08:50:53,224 | INFO  | SCMAudit | user=jenkins1000 | ip=192.168.36.79 | op=SEND_HEARTBEAT {datanodeUUID=972eec63-801b-4789-a14a-664c049671ee, command=[]} | ret=SUCCESS |  
 0.00% |█                                                                                                    |  0/1 Time: 0:00:022019-09-20 08:50:53,850 | INFO  | SCMAudit | user=jenkins1000 | ip=192.168.36.79 | op=SEND_HEARTBEAT {datanodeUUID=d183acf8-c1d4-40f7-ba5a-175455d3bd55, command=[]} | ret=SUCCESS |  
2019-09-20 08:50:53,851 | INFO  | SCMAudit | user=jenkins1000 | ip=192.168.36.79 | op=SEND_HEARTBEAT {datanodeUUID=5e9b3ca5-d58f-427a-bd11-930d28ac57d8, command=[]} | ret=SUCCESS |  
2019-09-20 08:50:53,950 | INFO  | SCMAudit | user=jenkins1000 | ip=192.168.36.79 | op=SEND_HEARTBEAT {datanodeUUID=64119811-c299-4353-bef2-4f1f08694db1, command=[]} | ret=SUCCESS |  
2019-09-20 08:50:53,957 | INFO  | SCMAudit | user=jenkins1000 | ip=192.168.36.79 | op=SEND_HEARTBEAT {datanodeUUID=2a6ce4d1-5069-4aeb-8b94-5f253cd23bfc, command=[]} | ret=SUCCESS |  
2019-09-20 08:50:54,225 | INFO  | SCMAudit | user=jenkins1000 | ip=192.168.36.79 | op=SEND_HEARTBEAT {datanodeUUID=972eec63-801b-4789-a14a-664c049671ee, command=[]} | ret=SUCCESS |  
 0.00% |█                                                                                                    |  0/1 Time: 0:00:032019-09-20 08:50:54,851 | INFO  | SCMAudit | user=jenkins1000 | ip=192.168.36.79 | op=SEND_HEARTBEAT {datanodeUUID=d183acf8-c1d4-40f7-ba5a-175455d3bd55, command=[]} | ret=SUCCESS |  
2019-09-20 08:50:54,851 | INFO  | SCMAudit | user=jenkins1000 | ip=192.168.36.79 | op=SEND_HEARTBEAT {datanodeUUID=5e9b3ca5-d58f-427a-bd11-930d28ac57d8, command=[]} | ret=SUCCESS |  
2019-09-20 08:50:54,945 | INFO  | SCMAudit | user=jenkins1000 | ip=192.168.36.79 | op=SEND_HEARTBEAT {datanodeUUID=64119811-c299-4353-bef2-4f1f08694db1, command=[]} | ret=SUCCESS |  
2019-09-20 08:50:54,958 | INFO  | SCMAudit | user=jenkins1000 | ip=192.168.36.79 | op=SEND_HEARTBEAT {datanodeUUID=2a6ce4d1-5069-4aeb-8b94-5f253cd23bfc, command=[]} | ret=SUCCESS |  
2019-09-20 08:50:55,225 | INFO  | SCMAudit | user=jenkins1000 | ip=192.168.36.79 | op=SEND_HEARTBEAT {datanodeUUID=972eec63-801b-4789-a14a-664c049671ee, command=[]} | ret=SUCCESS |  
 0.00% |█                                                                                                    |  0/1 Time: 0:00:042019-09-20 08:50:55,850 | INFO  | SCMAudit | user=jenkins1000 | ip=192.168.36.79 | op=SEND_HEARTBEAT {datanodeUUID=d183acf8-c1d4-40f7-ba5a-175455d3bd55, command=[]} | ret=SUCCESS |  
2019-09-20 08:50:55,853 | INFO  | SCMAudit | user=jenkins1000 | ip=192.168.36.79 | op=SEND_HEARTBEAT {datanodeUUID=5e9b3ca5-d58f-427a-bd11-930d28ac57d8, command=[]} | ret=SUCCESS |  
2019-09-20 08:50:55,945 | INFO  | SCMAudit | user=jenkins1000 | ip=192.168.36.79 | op=SEND_HEARTBEAT {datanodeUUID=64119811-c299-4353-bef2-4f1f08694db1, command=[]} | ret=SUCCESS |  
2019-09-20 08:50:55,959 | INFO  | SCMAudit | user=jenkins1000 | ip=192.168.36.79 | op=SEND_HEARTBEAT {datanodeUUID=2a6ce4d1-5069-4aeb-8b94-5f253cd23bfc, command=[]} | ret=SUCCESS |  
2019-09-20 08:50:56,225 | INFO  | SCMAudit | user=jenkins1000 | ip=192.168.36.79 | op=SEND_HEARTBEAT {datanodeUUID=972eec63-801b-4789-a14a-664c049671ee, command=[]} | ret=SUCCESS |  
 100.00% |█████████████████████████████████████████████████████████████████████████████████████████████████████|  1/1 Time: 0:00:05
]]></system-out>
  </testcase>
  <testcase name="defaultTest" classname="org.apache.hadoop.ozone.freon.TestRandomKeyGenerator" time="5.023">
    <error message="Allocated 0 blocks. Requested 1 blocks" type="INTERNAL_ERROR org.apache.hadoop.ozone.om.exceptions.OMException">INTERNAL_ERROR org.apache.hadoop.ozone.om.exceptions.OMException: Allocated 0 blocks. Requested 1 blocks
	at org.apache.hadoop.ozone.om.protocolPB.OzoneManagerProtocolClientSideTranslatorPB.handleError(OzoneManagerProtocolClientSideTranslatorPB.java:725)
	at org.apache.hadoop.ozone.om.protocolPB.OzoneManagerProtocolClientSideTranslatorPB.openKey(OzoneManagerProtocolClientSideTranslatorPB.java:716)
	at org.apache.hadoop.ozone.client.rpc.RpcClient.createKey(RpcClient.java:615)
	at org.apache.hadoop.ozone.client.OzoneBucket.createKey(OzoneBucket.java:323)
	at org.apache.hadoop.ozone.freon.RandomKeyGenerator.createKey(RandomKeyGenerator.java:686)
	at org.apache.hadoop.ozone.freon.RandomKeyGenerator.access$1100(RandomKeyGenerator.java:87)
	at org.apache.hadoop.ozone.freon.RandomKeyGenerator$ObjectCreator.run(RandomKeyGenerator.java:606)
	at java.util.concurrent.Executors$RunnableAdapter.call(Executors.java:511)
	at java.util.concurrent.FutureTask.run(FutureTask.java:266)
	at java.util.concurrent.ThreadPoolExecutor.runWorker(ThreadPoolExecutor.java:1149)
	at java.util.concurrent.ThreadPoolExecutor$Worker.run(ThreadPoolExecutor.java:624)
	at java.lang.Thread.run(Thread.java:748)
</error>
    <system-out><![CDATA[2019-09-20 08:50:56,593 [main] INFO  freon.RandomKeyGenerator (RandomKeyGenerator.java:call(275)) - Number of Threads: 10
2019-09-20 08:50:56,594 [main] INFO  freon.RandomKeyGenerator (RandomKeyGenerator.java:call(280)) - Number of Volumes: 2.
2019-09-20 08:50:56,594 [main] INFO  freon.RandomKeyGenerator (RandomKeyGenerator.java:call(281)) - Number of Buckets per Volume: 5.
2019-09-20 08:50:56,594 [main] INFO  freon.RandomKeyGenerator (RandomKeyGenerator.java:call(282)) - Number of Keys per Bucket: 10.
2019-09-20 08:50:56,594 [main] INFO  freon.RandomKeyGenerator (RandomKeyGenerator.java:call(283)) - Key size: 10240 bytes
2019-09-20 08:50:56,594 [main] INFO  freon.RandomKeyGenerator (RandomKeyGenerator.java:call(284)) - Buffer size: 4096 bytes
2019-09-20 08:50:56,596 [pool-80-thread-2] INFO  rpc.RpcClient (RpcClient.java:createVolume(293)) - Creating Volume: vol-1-34602, with jenkins1000 as owner.
2019-09-20 08:50:56,596 [main] INFO  freon.RandomKeyGenerator (RandomKeyGenerator.java:call(304)) - Starting progress bar Thread.
2019-09-20 08:50:56,596 [pool-80-thread-1] INFO  rpc.RpcClient (RpcClient.java:createVolume(293)) - Creating Volume: vol-0-37758, with jenkins1000 as owner.

 0.00% |█                                                                                                    |  0/100 Time: 0:00:002019-09-20 08:50:56,602 | INFO  | OMAudit | user=jenkins1000 | ip=127.0.0.1 | op=CREATE_VOLUME {admin=jenkins1000, owner=jenkins1000, volume=vol-1-34602, creationTime=1568969456601, quotaInBytes=1152921504606846976} | ret=SUCCESS |  
2019-09-20 08:50:56,602 | INFO  | OMAudit | user=jenkins1000 | ip=127.0.0.1 | op=CREATE_VOLUME {admin=jenkins1000, owner=jenkins1000, volume=vol-0-37758, creationTime=1568969456601, quotaInBytes=1152921504606846976} | ret=SUCCESS |  
2019-09-20 08:50:56,603 | INFO  | OMAudit | user=jenkins1000 | ip=127.0.0.1 | op=READ_VOLUME {volume=vol-1-34602} | ret=SUCCESS |  
2019-09-20 08:50:56,604 | INFO  | OMAudit | user=jenkins1000 | ip=127.0.0.1 | op=READ_VOLUME {volume=vol-0-37758} | ret=SUCCESS |  
2019-09-20 08:50:56,605 [pool-80-thread-1] INFO  rpc.RpcClient (RpcClient.java:createBucket(432)) - Creating Bucket: vol-1-34602/bucket-4-56489, with Versioning false and Storage Type set to DISK and Encryption set to false 
2019-09-20 08:50:56,606 [pool-80-thread-3] INFO  rpc.RpcClient (RpcClient.java:createBucket(432)) - Creating Bucket: vol-0-37758/bucket-0-63078, with Versioning false and Storage Type set to DISK and Encryption set to false 
2019-09-20 08:50:56,606 [pool-80-thread-4] INFO  rpc.RpcClient (RpcClient.java:createBucket(432)) - Creating Bucket: vol-1-34602/bucket-0-84000, with Versioning false and Storage Type set to DISK and Encryption set to false 
2019-09-20 08:50:56,606 [pool-80-thread-6] INFO  rpc.RpcClient (RpcClient.java:createBucket(432)) - Creating Bucket: vol-1-34602/bucket-1-83181, with Versioning false and Storage Type set to DISK and Encryption set to false 
2019-09-20 08:50:56,606 [pool-80-thread-5] INFO  rpc.RpcClient (RpcClient.java:createBucket(432)) - Creating Bucket: vol-0-37758/bucket-1-57913, with Versioning false and Storage Type set to DISK and Encryption set to false 
2019-09-20 08:50:56,606 [pool-80-thread-9] INFO  rpc.RpcClient (RpcClient.java:createBucket(432)) - Creating Bucket: vol-0-37758/bucket-3-09356, with Versioning false and Storage Type set to DISK and Encryption set to false 
2019-09-20 08:50:56,606 [pool-80-thread-7] INFO  rpc.RpcClient (RpcClient.java:createBucket(432)) - Creating Bucket: vol-0-37758/bucket-2-96130, with Versioning false and Storage Type set to DISK and Encryption set to false 
2019-09-20 08:50:56,606 [pool-80-thread-8] INFO  rpc.RpcClient (RpcClient.java:createBucket(432)) - Creating Bucket: vol-1-34602/bucket-2-28268, with Versioning false and Storage Type set to DISK and Encryption set to false 
2019-09-20 08:50:56,607 | INFO  | OMAudit | user=jenkins1000 | ip=127.0.0.1 | op=CREATE_BUCKET {volume=vol-1-34602, bucket=bucket-4-56489, acls=[user:jenkins1000:a[ACCESS], group:default:a[ACCESS]], isVersionEnabled=false, storageType=DISK, creationTime=0} | ret=SUCCESS |  
2019-09-20 08:50:56,607 [pool-80-thread-10] INFO  rpc.RpcClient (RpcClient.java:createBucket(432)) - Creating Bucket: vol-1-34602/bucket-3-26742, with Versioning false and Storage Type set to DISK and Encryption set to false 
2019-09-20 08:50:56,608 | INFO  | OMAudit | user=jenkins1000 | ip=127.0.0.1 | op=CREATE_BUCKET {volume=vol-0-37758, bucket=bucket-0-63078, acls=[user:jenkins1000:a[ACCESS], group:default:a[ACCESS]], isVersionEnabled=false, storageType=DISK, creationTime=0} | ret=SUCCESS |  
2019-09-20 08:50:56,608 | INFO  | OMAudit | user=jenkins1000 | ip=127.0.0.1 | op=CREATE_BUCKET {volume=vol-1-34602, bucket=bucket-1-83181, acls=[user:jenkins1000:a[ACCESS], group:default:a[ACCESS]], isVersionEnabled=false, storageType=DISK, creationTime=0} | ret=SUCCESS |  
2019-09-20 08:50:56,608 | INFO  | OMAudit | user=jenkins1000 | ip=127.0.0.1 | op=CREATE_BUCKET {volume=vol-0-37758, bucket=bucket-1-57913, acls=[user:jenkins1000:a[ACCESS], group:default:a[ACCESS]], isVersionEnabled=false, storageType=DISK, creationTime=0} | ret=SUCCESS |  
2019-09-20 08:50:56,609 | INFO  | OMAudit | user=jenkins1000 | ip=127.0.0.1 | op=CREATE_BUCKET {volume=vol-1-34602, bucket=bucket-0-84000, acls=[user:jenkins1000:a[ACCESS], group:default:a[ACCESS]], isVersionEnabled=false, storageType=DISK, creationTime=0} | ret=SUCCESS |  
2019-09-20 08:50:56,609 | INFO  | OMAudit | user=jenkins1000 | ip=127.0.0.1 | op=READ_BUCKET {volume=vol-1-34602, bucket=bucket-4-56489} | ret=SUCCESS |  
2019-09-20 08:50:56,609 | INFO  | OMAudit | user=jenkins1000 | ip=127.0.0.1 | op=CREATE_BUCKET {volume=vol-0-37758, bucket=bucket-2-96130, acls=[user:jenkins1000:a[ACCESS], group:default:a[ACCESS]], isVersionEnabled=false, storageType=DISK, creationTime=0} | ret=SUCCESS |  
2019-09-20 08:50:56,609 | INFO  | OMAudit | user=jenkins1000 | ip=127.0.0.1 | op=CREATE_BUCKET {volume=vol-1-34602, bucket=bucket-2-28268, acls=[user:jenkins1000:a[ACCESS], group:default:a[ACCESS]], isVersionEnabled=false, storageType=DISK, creationTime=0} | ret=SUCCESS |  
2019-09-20 08:50:56,610 | INFO  | OMAudit | user=jenkins1000 | ip=127.0.0.1 | op=READ_BUCKET {volume=vol-1-34602, bucket=bucket-1-83181} | ret=SUCCESS |  
2019-09-20 08:50:56,610 | INFO  | OMAudit | user=jenkins1000 | ip=127.0.0.1 | op=READ_BUCKET {volume=vol-0-37758, bucket=bucket-0-63078} | ret=SUCCESS |  
2019-09-20 08:50:56,610 | INFO  | OMAudit | user=jenkins1000 | ip=127.0.0.1 | op=CREATE_BUCKET {volume=vol-1-34602, bucket=bucket-3-26742, acls=[user:jenkins1000:a[ACCESS], group:default:a[ACCESS]], isVersionEnabled=false, storageType=DISK, creationTime=0} | ret=SUCCESS |  
2019-09-20 08:50:56,610 | INFO  | OMAudit | user=jenkins1000 | ip=127.0.0.1 | op=CREATE_BUCKET {volume=vol-0-37758, bucket=bucket-3-09356, acls=[user:jenkins1000:a[ACCESS], group:default:a[ACCESS]], isVersionEnabled=false, storageType=DISK, creationTime=0} | ret=SUCCESS |  
2019-09-20 08:50:56,610 | INFO  | OMAudit | user=jenkins1000 | ip=127.0.0.1 | op=READ_BUCKET {volume=vol-1-34602, bucket=bucket-0-84000} | ret=SUCCESS |  
2019-09-20 08:50:56,610 | INFO  | OMAudit | user=jenkins1000 | ip=127.0.0.1 | op=READ_BUCKET {volume=vol-0-37758, bucket=bucket-1-57913} | ret=SUCCESS |  
2019-09-20 08:50:56,610 | INFO  | OMAudit | user=jenkins1000 | ip=127.0.0.1 | op=READ_BUCKET {volume=vol-1-34602, bucket=bucket-2-28268} | ret=SUCCESS |  
2019-09-20 08:50:56,611 | INFO  | OMAudit | user=jenkins1000 | ip=127.0.0.1 | op=READ_BUCKET {volume=vol-0-37758, bucket=bucket-2-96130} | ret=SUCCESS |  
2019-09-20 08:50:56,612 | INFO  | OMAudit | user=jenkins1000 | ip=127.0.0.1 | op=READ_BUCKET {volume=vol-0-37758, bucket=bucket-3-09356} | ret=SUCCESS |  
2019-09-20 08:50:56,612 | INFO  | OMAudit | user=jenkins1000 | ip=127.0.0.1 | op=READ_BUCKET {volume=vol-1-34602, bucket=bucket-3-26742} | ret=SUCCESS |  
2019-09-20 08:50:56,614 [IPC Server handler 6 on 35288] INFO  pipeline.PipelinePlacementPolicy (PipelinePlacementPolicy.java:meetCriteria(91)) - Pipeline Placement: Doesn't meet the criteria to be viable node： d183acf8-c1d4-40f7-ba5a-175455d3bd55 Heaviness: 6 limit: 5
2019-09-20 08:50:56,614 [IPC Server handler 6 on 35288] INFO  pipeline.PipelinePlacementPolicy (PipelinePlacementPolicy.java:meetCriteria(91)) - Pipeline Placement: Doesn't meet the criteria to be viable node： 2a6ce4d1-5069-4aeb-8b94-5f253cd23bfc Heaviness: 6 limit: 5
2019-09-20 08:50:56,614 [pool-80-thread-2] INFO  rpc.RpcClient (RpcClient.java:createBucket(432)) - Creating Bucket: vol-0-37758/bucket-4-57167, with Versioning false and Storage Type set to DISK and Encryption set to false 
2019-09-20 08:50:56,614 [IPC Server handler 6 on 35288] INFO  pipeline.PipelinePlacementPolicy (PipelinePlacementPolicy.java:meetCriteria(91)) - Pipeline Placement: Doesn't meet the criteria to be viable node： 972eec63-801b-4789-a14a-664c049671ee Heaviness: 6 limit: 5
2019-09-20 08:50:56,615 [IPC Server handler 6 on 35288] INFO  pipeline.PipelinePlacementPolicy (PipelinePlacementPolicy.java:meetCriteria(91)) - Pipeline Placement: Doesn't meet the criteria to be viable node： 5e9b3ca5-d58f-427a-bd11-930d28ac57d8 Heaviness: 6 limit: 5
2019-09-20 08:50:56,615 [IPC Server handler 6 on 35288] INFO  pipeline.PipelinePlacementPolicy (PipelinePlacementPolicy.java:meetCriteria(91)) - Pipeline Placement: Doesn't meet the criteria to be viable node： 64119811-c299-4353-bef2-4f1f08694db1 Heaviness: 6 limit: 5
2019-09-20 08:50:56,615 [IPC Server handler 6 on 35288] ERROR pipeline.PipelinePlacementPolicy (PipelinePlacementPolicy.java:filterViableNodes(148)) - Unable to find enough nodes that meet the criteria that cannot engage in more than 5 pipelines. Nodes required: 3 Found: 0, healthy nodes count inNodeManager: 5.
2019-09-20 08:50:56,615 [IPC Server handler 6 on 35288] ERROR pipeline.SCMPipelineManager (SCMPipelineManager.java:createPipeline(161)) - Pipeline creation failed due to exception: Unable to find enough nodes that meet the criteria that cannot engage in more than 5 pipelines. Nodes required: 3 Found: 0, healthy nodes count inNodeManager: 5.
2019-09-20 08:50:56,615 [IPC Server handler 6 on 35288] WARN  block.BlockManagerImpl (BlockManagerImpl.java:allocateBlock(192)) - Pipeline creation failed for type:RATIS factor:THREE. Retrying get pipelines call once.
org.apache.hadoop.hdds.scm.exceptions.SCMException: Unable to find enough nodes that meet the criteria that cannot engage in more than 5 pipelines. Nodes required: 3 Found: 0, healthy nodes count inNodeManager: 5.
	at org.apache.hadoop.hdds.scm.pipeline.PipelinePlacementPolicy.filterViableNodes(PipelinePlacementPolicy.java:149)
	at org.apache.hadoop.hdds.scm.pipeline.PipelinePlacementPolicy.chooseDatanodes(PipelinePlacementPolicy.java:172)
	at org.apache.hadoop.hdds.scm.pipeline.RatisPipelineProvider.create(RatisPipelineProvider.java:92)
	at org.apache.hadoop.hdds.scm.pipeline.PipelineFactory.create(PipelineFactory.java:57)
	at org.apache.hadoop.hdds.scm.pipeline.SCMPipelineManager.createPipeline(SCMPipelineManager.java:149)
	at org.apache.hadoop.hdds.scm.block.BlockManagerImpl.allocateBlock(BlockManagerImpl.java:190)
	at org.apache.hadoop.hdds.scm.server.SCMBlockProtocolServer.allocateBlock(SCMBlockProtocolServer.java:175)
	at org.apache.hadoop.ozone.protocolPB.ScmBlockLocationProtocolServerSideTranslatorPB.allocateScmBlock(ScmBlockLocationProtocolServerSideTranslatorPB.java:153)
	at org.apache.hadoop.ozone.protocolPB.ScmBlockLocationProtocolServerSideTranslatorPB.send(ScmBlockLocationProtocolServerSideTranslatorPB.java:112)
	at org.apache.hadoop.hdds.protocol.proto.ScmBlockLocationProtocolProtos$ScmBlockLocationProtocolService$2.callBlockingMethod(ScmBlockLocationProtocolProtos.java:13157)
	at org.apache.hadoop.ipc.ProtobufRpcEngine$Server$ProtoBufRpcInvoker.call(ProtobufRpcEngine.java:524)
	at org.apache.hadoop.ipc.RPC$Server.call(RPC.java:1025)
	at org.apache.hadoop.ipc.Server$RpcCall.run(Server.java:876)
	at org.apache.hadoop.ipc.Server$RpcCall.run(Server.java:822)
	at java.security.AccessController.doPrivileged(Native Method)
	at javax.security.auth.Subject.doAs(Subject.java:422)
	at org.apache.hadoop.security.UserGroupInformation.doAs(UserGroupInformation.java:1730)
	at org.apache.hadoop.ipc.Server$Handler.run(Server.java:2682)
2019-09-20 08:50:56,616 | INFO  | OMAudit | user=jenkins1000 | ip=127.0.0.1 | op=CREATE_BUCKET {volume=vol-0-37758, bucket=bucket-4-57167, acls=[user:jenkins1000:a[ACCESS], group:default:a[ACCESS]], isVersionEnabled=false, storageType=DISK, creationTime=0} | ret=SUCCESS |  
2019-09-20 08:50:56,616 [IPC Server handler 13 on 35288] INFO  pipeline.PipelinePlacementPolicy (PipelinePlacementPolicy.java:meetCriteria(91)) - Pipeline Placement: Doesn't meet the criteria to be viable node： d183acf8-c1d4-40f7-ba5a-175455d3bd55 Heaviness: 6 limit: 5
2019-09-20 08:50:56,616 [IPC Server handler 13 on 35288] INFO  pipeline.PipelinePlacementPolicy (PipelinePlacementPolicy.java:meetCriteria(91)) - Pipeline Placement: Doesn't meet the criteria to be viable node： 2a6ce4d1-5069-4aeb-8b94-5f253cd23bfc Heaviness: 6 limit: 5
2019-09-20 08:50:56,617 [IPC Server handler 13 on 35288] INFO  pipeline.PipelinePlacementPolicy (PipelinePlacementPolicy.java:meetCriteria(91)) - Pipeline Placement: Doesn't meet the criteria to be viable node： 972eec63-801b-4789-a14a-664c049671ee Heaviness: 6 limit: 5
2019-09-20 08:50:56,617 [IPC Server handler 13 on 35288] INFO  pipeline.PipelinePlacementPolicy (PipelinePlacementPolicy.java:meetCriteria(91)) - Pipeline Placement: Doesn't meet the criteria to be viable node： 5e9b3ca5-d58f-427a-bd11-930d28ac57d8 Heaviness: 6 limit: 5
2019-09-20 08:50:56,617 [IPC Server handler 13 on 35288] INFO  pipeline.PipelinePlacementPolicy (PipelinePlacementPolicy.java:meetCriteria(91)) - Pipeline Placement: Doesn't meet the criteria to be viable node： 64119811-c299-4353-bef2-4f1f08694db1 Heaviness: 6 limit: 5
2019-09-20 08:50:56,618 | INFO  | OMAudit | user=jenkins1000 | ip=127.0.0.1 | op=READ_BUCKET {volume=vol-0-37758, bucket=bucket-4-57167} | ret=SUCCESS |  
2019-09-20 08:50:56,618 [IPC Server handler 13 on 35288] ERROR pipeline.PipelinePlacementPolicy (PipelinePlacementPolicy.java:filterViableNodes(148)) - Unable to find enough nodes that meet the criteria that cannot engage in more than 5 pipelines. Nodes required: 3 Found: 0, healthy nodes count inNodeManager: 5.
2019-09-20 08:50:56,618 [IPC Server handler 13 on 35288] ERROR pipeline.SCMPipelineManager (SCMPipelineManager.java:createPipeline(161)) - Pipeline creation failed due to exception: Unable to find enough nodes that meet the criteria that cannot engage in more than 5 pipelines. Nodes required: 3 Found: 0, healthy nodes count inNodeManager: 5.
2019-09-20 08:50:56,618 [IPC Server handler 13 on 35288] WARN  block.BlockManagerImpl (BlockManagerImpl.java:allocateBlock(192)) - Pipeline creation failed for type:RATIS factor:THREE. Retrying get pipelines call once.
org.apache.hadoop.hdds.scm.exceptions.SCMException: Unable to find enough nodes that meet the criteria that cannot engage in more than 5 pipelines. Nodes required: 3 Found: 0, healthy nodes count inNodeManager: 5.
	at org.apache.hadoop.hdds.scm.pipeline.PipelinePlacementPolicy.filterViableNodes(PipelinePlacementPolicy.java:149)
	at org.apache.hadoop.hdds.scm.pipeline.PipelinePlacementPolicy.chooseDatanodes(PipelinePlacementPolicy.java:172)
	at org.apache.hadoop.hdds.scm.pipeline.RatisPipelineProvider.create(RatisPipelineProvider.java:92)
	at org.apache.hadoop.hdds.scm.pipeline.PipelineFactory.create(PipelineFactory.java:57)
	at org.apache.hadoop.hdds.scm.pipeline.SCMPipelineManager.createPipeline(SCMPipelineManager.java:149)
	at org.apache.hadoop.hdds.scm.block.BlockManagerImpl.allocateBlock(BlockManagerImpl.java:190)
	at org.apache.hadoop.hdds.scm.server.SCMBlockProtocolServer.allocateBlock(SCMBlockProtocolServer.java:175)
	at org.apache.hadoop.ozone.protocolPB.ScmBlockLocationProtocolServerSideTranslatorPB.allocateScmBlock(ScmBlockLocationProtocolServerSideTranslatorPB.java:153)
	at org.apache.hadoop.ozone.protocolPB.ScmBlockLocationProtocolServerSideTranslatorPB.send(ScmBlockLocationProtocolServerSideTranslatorPB.java:112)
	at org.apache.hadoop.hdds.protocol.proto.ScmBlockLocationProtocolProtos$ScmBlockLocationProtocolService$2.callBlockingMethod(ScmBlockLocationProtocolProtos.java:13157)
	at org.apache.hadoop.ipc.ProtobufRpcEngine$Server$ProtoBufRpcInvoker.call(ProtobufRpcEngine.java:524)
	at org.apache.hadoop.ipc.RPC$Server.call(RPC.java:1025)
	at org.apache.hadoop.ipc.Server$RpcCall.run(Server.java:876)
	at org.apache.hadoop.ipc.Server$RpcCall.run(Server.java:822)
	at java.security.AccessController.doPrivileged(Native Method)
	at javax.security.auth.Subject.doAs(Subject.java:422)
	at org.apache.hadoop.security.UserGroupInformation.doAs(UserGroupInformation.java:1730)
	at org.apache.hadoop.ipc.Server$Handler.run(Server.java:2682)
2019-09-20 08:50:56,618 [IPC Server handler 6 on 35288] INFO  block.BlockManagerImpl (BlockManagerImpl.java:allocateBlock(198)) - Could not find available pipeline of type:RATIS and factor:THREE even after retrying
2019-09-20 08:50:56,619 [IPC Server handler 13 on 35288] INFO  block.BlockManagerImpl (BlockManagerImpl.java:allocateBlock(198)) - Could not find available pipeline of type:RATIS and factor:THREE even after retrying
2019-09-20 08:50:56,620 [IPC Server handler 6 on 35288] ERROR block.BlockManagerImpl (BlockManagerImpl.java:allocateBlock(222)) - Unable to allocate a block for the size: 4194304, type: RATIS, factor: THREE
2019-09-20 08:50:56,620 | INFO  | SCMAudit | user=jenkins1000 | ip=192.168.36.79 | op=ALLOCATE_BLOCK {owner=de213d33-d5bc-4e32-9ee1-d102376c7a7f, size=4194304, type=RATIS, factor=THREE} | ret=SUCCESS |  
2019-09-20 08:50:56,620 [IPC Server handler 13 on 35288] ERROR block.BlockManagerImpl (BlockManagerImpl.java:allocateBlock(222)) - Unable to allocate a block for the size: 4194304, type: RATIS, factor: THREE
2019-09-20 08:50:56,620 | INFO  | SCMAudit | user=jenkins1000 | ip=192.168.36.79 | op=ALLOCATE_BLOCK {owner=de213d33-d5bc-4e32-9ee1-d102376c7a7f, size=4194304, type=RATIS, factor=THREE} | ret=SUCCESS |  
2019-09-20 08:50:56,621 | ERROR | OMAudit | user=jenkins1000 | ip=127.0.0.1 | op=ALLOCATE_KEY {volume=vol-1-34602, bucket=bucket-2-28268, key=key-0-51802, dataSize=10240, replicationType=RATIS, replicationFactor=THREE, keyLocationInfo=null} | ret=FAILURE | org.apache.hadoop.hdds.scm.exceptions.SCMException: Allocated 0 blocks. Requested 1 blocks
	at org.apache.hadoop.hdds.scm.protocolPB.ScmBlockLocationProtocolClientSideTranslatorPB.handleError(ScmBlockLocationProtocolClientSideTranslatorPB.java:118)
	at org.apache.hadoop.hdds.scm.protocolPB.ScmBlockLocationProtocolClientSideTranslatorPB.allocateBlock(ScmBlockLocationProtocolClientSideTranslatorPB.java:156) 
2019-09-20 08:50:56,626 [IPC Server handler 11 on 35288] INFO  pipeline.PipelinePlacementPolicy (PipelinePlacementPolicy.java:meetCriteria(91)) - Pipeline Placement: Doesn't meet the criteria to be viable node： d183acf8-c1d4-40f7-ba5a-175455d3bd55 Heaviness: 6 limit: 5
2019-09-20 08:50:56,624 | ERROR | OMAudit | user=jenkins1000 | ip=127.0.0.1 | op=ALLOCATE_KEY {volume=vol-1-34602, bucket=bucket-1-83181, key=key-0-24803, dataSize=10240, replicationType=RATIS, replicationFactor=THREE, keyLocationInfo=null} | ret=FAILURE | org.apache.hadoop.hdds.scm.exceptions.SCMException: Allocated 0 blocks. Requested 1 blocks
	at org.apache.hadoop.hdds.scm.protocolPB.ScmBlockLocationProtocolClientSideTranslatorPB.handleError(ScmBlockLocationProtocolClientSideTranslatorPB.java:118)
	at org.apache.hadoop.hdds.scm.protocolPB.ScmBlockLocationProtocolClientSideTranslatorPB.allocateBlock(ScmBlockLocationProtocolClientSideTranslatorPB.java:156) 
2019-09-20 08:50:56,626 [pool-80-thread-5] ERROR freon.RandomKeyGenerator (RandomKeyGenerator.java:createKey(724)) - Exception while adding key: key-0-51802 in bucket: bucket-2-28268 of volume: vol-1-34602.
INTERNAL_ERROR org.apache.hadoop.ozone.om.exceptions.OMException: Allocated 0 blocks. Requested 1 blocks
	at org.apache.hadoop.ozone.om.protocolPB.OzoneManagerProtocolClientSideTranslatorPB.handleError(OzoneManagerProtocolClientSideTranslatorPB.java:725)
	at org.apache.hadoop.ozone.om.protocolPB.OzoneManagerProtocolClientSideTranslatorPB.openKey(OzoneManagerProtocolClientSideTranslatorPB.java:716)
	at org.apache.hadoop.ozone.client.rpc.RpcClient.createKey(RpcClient.java:615)
	at org.apache.hadoop.ozone.client.OzoneBucket.createKey(OzoneBucket.java:323)
	at org.apache.hadoop.ozone.freon.RandomKeyGenerator.createKey(RandomKeyGenerator.java:686)
	at org.apache.hadoop.ozone.freon.RandomKeyGenerator.access$1100(RandomKeyGenerator.java:87)
	at org.apache.hadoop.ozone.freon.RandomKeyGenerator$ObjectCreator.run(RandomKeyGenerator.java:606)
	at java.util.concurrent.Executors$RunnableAdapter.call(Executors.java:511)
	at java.util.concurrent.FutureTask.run(FutureTask.java:266)
	at java.util.concurrent.ThreadPoolExecutor.runWorker(ThreadPoolExecutor.java:1149)
	at java.util.concurrent.ThreadPoolExecutor$Worker.run(ThreadPoolExecutor.java:624)
	at java.lang.Thread.run(Thread.java:748)
2019-09-20 08:50:56,626 [IPC Server handler 11 on 35288] INFO  pipeline.PipelinePlacementPolicy (PipelinePlacementPolicy.java:meetCriteria(91)) - Pipeline Placement: Doesn't meet the criteria to be viable node： 2a6ce4d1-5069-4aeb-8b94-5f253cd23bfc Heaviness: 6 limit: 5
2019-09-20 08:50:56,627 [pool-80-thread-4] ERROR freon.RandomKeyGenerator (RandomKeyGenerator.java:createKey(724)) - Exception while adding key: key-0-24803 in bucket: bucket-1-83181 of volume: vol-1-34602.
INTERNAL_ERROR org.apache.hadoop.ozone.om.exceptions.OMException: Allocated 0 blocks. Requested 1 blocks
	at org.apache.hadoop.ozone.om.protocolPB.OzoneManagerProtocolClientSideTranslatorPB.handleError(OzoneManagerProtocolClientSideTranslatorPB.java:725)
	at org.apache.hadoop.ozone.om.protocolPB.OzoneManagerProtocolClientSideTranslatorPB.openKey(OzoneManagerProtocolClientSideTranslatorPB.java:716)
	at org.apache.hadoop.ozone.client.rpc.RpcClient.createKey(RpcClient.java:615)
	at org.apache.hadoop.ozone.client.OzoneBucket.createKey(OzoneBucket.java:323)
	at org.apache.hadoop.ozone.freon.RandomKeyGenerator.createKey(RandomKeyGenerator.java:686)
	at org.apache.hadoop.ozone.freon.RandomKeyGenerator.access$1100(RandomKeyGenerator.java:87)
	at org.apache.hadoop.ozone.freon.RandomKeyGenerator$ObjectCreator.run(RandomKeyGenerator.java:606)
	at java.util.concurrent.Executors$RunnableAdapter.call(Executors.java:511)
	at java.util.concurrent.FutureTask.run(FutureTask.java:266)
	at java.util.concurrent.ThreadPoolExecutor.runWorker(ThreadPoolExecutor.java:1149)
	at java.util.concurrent.ThreadPoolExecutor$Worker.run(ThreadPoolExecutor.java:624)
	at java.lang.Thread.run(Thread.java:748)
2019-09-20 08:50:56,627 [IPC Server handler 11 on 35288] INFO  pipeline.PipelinePlacementPolicy (PipelinePlacementPolicy.java:meetCriteria(91)) - Pipeline Placement: Doesn't meet the criteria to be viable node： 972eec63-801b-4789-a14a-664c049671ee Heaviness: 6 limit: 5
2019-09-20 08:50:56,629 [IPC Server handler 11 on 35288] INFO  pipeline.PipelinePlacementPolicy (PipelinePlacementPolicy.java:meetCriteria(91)) - Pipeline Placement: Doesn't meet the criteria to be viable node： 5e9b3ca5-d58f-427a-bd11-930d28ac57d8 Heaviness: 6 limit: 5
2019-09-20 08:50:56,630 [IPC Server handler 11 on 35288] INFO  pipeline.PipelinePlacementPolicy (PipelinePlacementPolicy.java:meetCriteria(91)) - Pipeline Placement: Doesn't meet the criteria to be viable node： 64119811-c299-4353-bef2-4f1f08694db1 Heaviness: 6 limit: 5
2019-09-20 08:50:56,630 [IPC Server handler 11 on 35288] ERROR pipeline.PipelinePlacementPolicy (PipelinePlacementPolicy.java:filterViableNodes(148)) - Unable to find enough nodes that meet the criteria that cannot engage in more than 5 pipelines. Nodes required: 3 Found: 0, healthy nodes count inNodeManager: 5.
2019-09-20 08:50:56,630 [IPC Server handler 11 on 35288] ERROR pipeline.SCMPipelineManager (SCMPipelineManager.java:createPipeline(161)) - Pipeline creation failed due to exception: Unable to find enough nodes that meet the criteria that cannot engage in more than 5 pipelines. Nodes required: 3 Found: 0, healthy nodes count inNodeManager: 5.
2019-09-20 08:50:56,630 [IPC Server handler 11 on 35288] WARN  block.BlockManagerImpl (BlockManagerImpl.java:allocateBlock(192)) - Pipeline creation failed for type:RATIS factor:THREE. Retrying get pipelines call once.
org.apache.hadoop.hdds.scm.exceptions.SCMException: Unable to find enough nodes that meet the criteria that cannot engage in more than 5 pipelines. Nodes required: 3 Found: 0, healthy nodes count inNodeManager: 5.
	at org.apache.hadoop.hdds.scm.pipeline.PipelinePlacementPolicy.filterViableNodes(PipelinePlacementPolicy.java:149)
	at org.apache.hadoop.hdds.scm.pipeline.PipelinePlacementPolicy.chooseDatanodes(PipelinePlacementPolicy.java:172)
	at org.apache.hadoop.hdds.scm.pipeline.RatisPipelineProvider.create(RatisPipelineProvider.java:92)
	at org.apache.hadoop.hdds.scm.pipeline.PipelineFactory.create(PipelineFactory.java:57)
	at org.apache.hadoop.hdds.scm.pipeline.SCMPipelineManager.createPipeline(SCMPipelineManager.java:149)
	at org.apache.hadoop.hdds.scm.block.BlockManagerImpl.allocateBlock(BlockManagerImpl.java:190)
	at org.apache.hadoop.hdds.scm.server.SCMBlockProtocolServer.allocateBlock(SCMBlockProtocolServer.java:175)
	at org.apache.hadoop.ozone.protocolPB.ScmBlockLocationProtocolServerSideTranslatorPB.allocateScmBlock(ScmBlockLocationProtocolServerSideTranslatorPB.java:153)
	at org.apache.hadoop.ozone.protocolPB.ScmBlockLocationProtocolServerSideTranslatorPB.send(ScmBlockLocationProtocolServerSideTranslatorPB.java:112)
	at org.apache.hadoop.hdds.protocol.proto.ScmBlockLocationProtocolProtos$ScmBlockLocationProtocolService$2.callBlockingMethod(ScmBlockLocationProtocolProtos.java:13157)
	at org.apache.hadoop.ipc.ProtobufRpcEngine$Server$ProtoBufRpcInvoker.call(ProtobufRpcEngine.java:524)
	at org.apache.hadoop.ipc.RPC$Server.call(RPC.java:1025)
	at org.apache.hadoop.ipc.Server$RpcCall.run(Server.java:876)
	at org.apache.hadoop.ipc.Server$RpcCall.run(Server.java:822)
	at java.security.AccessController.doPrivileged(Native Method)
	at javax.security.auth.Subject.doAs(Subject.java:422)
	at org.apache.hadoop.security.UserGroupInformation.doAs(UserGroupInformation.java:1730)
	at org.apache.hadoop.ipc.Server$Handler.run(Server.java:2682)
2019-09-20 08:50:56,630 [IPC Server handler 2 on 35288] INFO  pipeline.PipelinePlacementPolicy (PipelinePlacementPolicy.java:meetCriteria(91)) - Pipeline Placement: Doesn't meet the criteria to be viable node： d183acf8-c1d4-40f7-ba5a-175455d3bd55 Heaviness: 6 limit: 5
2019-09-20 08:50:56,631 [IPC Server handler 2 on 35288] INFO  pipeline.PipelinePlacementPolicy (PipelinePlacementPolicy.java:meetCriteria(91)) - Pipeline Placement: Doesn't meet the criteria to be viable node： 2a6ce4d1-5069-4aeb-8b94-5f253cd23bfc Heaviness: 6 limit: 5
2019-09-20 08:50:56,631 [IPC Server handler 2 on 35288] INFO  pipeline.PipelinePlacementPolicy (PipelinePlacementPolicy.java:meetCriteria(91)) - Pipeline Placement: Doesn't meet the criteria to be viable node： 972eec63-801b-4789-a14a-664c049671ee Heaviness: 6 limit: 5
2019-09-20 08:50:56,631 [IPC Server handler 2 on 35288] INFO  pipeline.PipelinePlacementPolicy (PipelinePlacementPolicy.java:meetCriteria(91)) - Pipeline Placement: Doesn't meet the criteria to be viable node： 5e9b3ca5-d58f-427a-bd11-930d28ac57d8 Heaviness: 6 limit: 5
2019-09-20 08:50:56,632 [IPC Server handler 2 on 35288] INFO  pipeline.PipelinePlacementPolicy (PipelinePlacementPolicy.java:meetCriteria(91)) - Pipeline Placement: Doesn't meet the criteria to be viable node： 64119811-c299-4353-bef2-4f1f08694db1 Heaviness: 6 limit: 5
2019-09-20 08:50:56,632 [IPC Server handler 2 on 35288] ERROR pipeline.PipelinePlacementPolicy (PipelinePlacementPolicy.java:filterViableNodes(148)) - Unable to find enough nodes that meet the criteria that cannot engage in more than 5 pipelines. Nodes required: 3 Found: 0, healthy nodes count inNodeManager: 5.
2019-09-20 08:50:56,632 [IPC Server handler 2 on 35288] ERROR pipeline.SCMPipelineManager (SCMPipelineManager.java:createPipeline(161)) - Pipeline creation failed due to exception: Unable to find enough nodes that meet the criteria that cannot engage in more than 5 pipelines. Nodes required: 3 Found: 0, healthy nodes count inNodeManager: 5.
2019-09-20 08:50:56,632 [IPC Server handler 2 on 35288] WARN  block.BlockManagerImpl (BlockManagerImpl.java:allocateBlock(192)) - Pipeline creation failed for type:RATIS factor:THREE. Retrying get pipelines call once.
org.apache.hadoop.hdds.scm.exceptions.SCMException: Unable to find enough nodes that meet the criteria that cannot engage in more than 5 pipelines. Nodes required: 3 Found: 0, healthy nodes count inNodeManager: 5.
	at org.apache.hadoop.hdds.scm.pipeline.PipelinePlacementPolicy.filterViableNodes(PipelinePlacementPolicy.java:149)
	at org.apache.hadoop.hdds.scm.pipeline.PipelinePlacementPolicy.chooseDatanodes(PipelinePlacementPolicy.java:172)
	at org.apache.hadoop.hdds.scm.pipeline.RatisPipelineProvider.create(RatisPipelineProvider.java:92)
	at org.apache.hadoop.hdds.scm.pipeline.PipelineFactory.create(PipelineFactory.java:57)
	at org.apache.hadoop.hdds.scm.pipeline.SCMPipelineManager.createPipeline(SCMPipelineManager.java:149)
	at org.apache.hadoop.hdds.scm.block.BlockManagerImpl.allocateBlock(BlockManagerImpl.java:190)
	at org.apache.hadoop.hdds.scm.server.SCMBlockProtocolServer.allocateBlock(SCMBlockProtocolServer.java:175)
	at org.apache.hadoop.ozone.protocolPB.ScmBlockLocationProtocolServerSideTranslatorPB.allocateScmBlock(ScmBlockLocationProtocolServerSideTranslatorPB.java:153)
	at org.apache.hadoop.ozone.protocolPB.ScmBlockLocationProtocolServerSideTranslatorPB.send(ScmBlockLocationProtocolServerSideTranslatorPB.java:112)
	at org.apache.hadoop.hdds.protocol.proto.ScmBlockLocationProtocolProtos$ScmBlockLocationProtocolService$2.callBlockingMethod(ScmBlockLocationProtocolProtos.java:13157)
	at org.apache.hadoop.ipc.ProtobufRpcEngine$Server$ProtoBufRpcInvoker.call(ProtobufRpcEngine.java:524)
	at org.apache.hadoop.ipc.RPC$Server.call(RPC.java:1025)
	at org.apache.hadoop.ipc.Server$RpcCall.run(Server.java:876)
	at org.apache.hadoop.ipc.Server$RpcCall.run(Server.java:822)
	at java.security.AccessController.doPrivileged(Native Method)
	at javax.security.auth.Subject.doAs(Subject.java:422)
	at org.apache.hadoop.security.UserGroupInformation.doAs(UserGroupInformation.java:1730)
	at org.apache.hadoop.ipc.Server$Handler.run(Server.java:2682)
2019-09-20 08:50:56,633 [IPC Server handler 15 on 35288] INFO  pipeline.PipelinePlacementPolicy (PipelinePlacementPolicy.java:meetCriteria(91)) - Pipeline Placement: Doesn't meet the criteria to be viable node： d183acf8-c1d4-40f7-ba5a-175455d3bd55 Heaviness: 6 limit: 5
2019-09-20 08:50:56,632 [IPC Server handler 11 on 35288] INFO  block.BlockManagerImpl (BlockManagerImpl.java:allocateBlock(198)) - Could not find available pipeline of type:RATIS and factor:THREE even after retrying
2019-09-20 08:50:56,633 [IPC Server handler 15 on 35288] INFO  pipeline.PipelinePlacementPolicy (PipelinePlacementPolicy.java:meetCriteria(91)) - Pipeline Placement: Doesn't meet the criteria to be viable node： 2a6ce4d1-5069-4aeb-8b94-5f253cd23bfc Heaviness: 6 limit: 5
2019-09-20 08:50:56,633 [IPC Server handler 11 on 35288] ERROR block.BlockManagerImpl (BlockManagerImpl.java:allocateBlock(222)) - Unable to allocate a block for the size: 4194304, type: RATIS, factor: THREE
2019-09-20 08:50:56,634 | INFO  | SCMAudit | user=jenkins1000 | ip=192.168.36.79 | op=ALLOCATE_BLOCK {owner=de213d33-d5bc-4e32-9ee1-d102376c7a7f, size=4194304, type=RATIS, factor=THREE} | ret=SUCCESS |  
2019-09-20 08:50:56,634 [IPC Server handler 15 on 35288] INFO  pipeline.PipelinePlacementPolicy (PipelinePlacementPolicy.java:meetCriteria(91)) - Pipeline Placement: Doesn't meet the criteria to be viable node： 972eec63-801b-4789-a14a-664c049671ee Heaviness: 6 limit: 5
2019-09-20 08:50:56,634 [IPC Server handler 15 on 35288] INFO  pipeline.PipelinePlacementPolicy (PipelinePlacementPolicy.java:meetCriteria(91)) - Pipeline Placement: Doesn't meet the criteria to be viable node： 5e9b3ca5-d58f-427a-bd11-930d28ac57d8 Heaviness: 6 limit: 5
2019-09-20 08:50:56,634 [IPC Server handler 15 on 35288] INFO  pipeline.PipelinePlacementPolicy (PipelinePlacementPolicy.java:meetCriteria(91)) - Pipeline Placement: Doesn't meet the criteria to be viable node： 64119811-c299-4353-bef2-4f1f08694db1 Heaviness: 6 limit: 5
2019-09-20 08:50:56,634 [IPC Server handler 15 on 35288] ERROR pipeline.PipelinePlacementPolicy (PipelinePlacementPolicy.java:filterViableNodes(148)) - Unable to find enough nodes that meet the criteria that cannot engage in more than 5 pipelines. Nodes required: 3 Found: 0, healthy nodes count inNodeManager: 5.
2019-09-20 08:50:56,635 [IPC Server handler 15 on 35288] ERROR pipeline.SCMPipelineManager (SCMPipelineManager.java:createPipeline(161)) - Pipeline creation failed due to exception: Unable to find enough nodes that meet the criteria that cannot engage in more than 5 pipelines. Nodes required: 3 Found: 0, healthy nodes count inNodeManager: 5.
2019-09-20 08:50:56,634 | ERROR | OMAudit | user=jenkins1000 | ip=127.0.0.1 | op=ALLOCATE_KEY {volume=vol-1-34602, bucket=bucket-4-56489, key=key-0-37055, dataSize=10240, replicationType=RATIS, replicationFactor=THREE, keyLocationInfo=null} | ret=FAILURE | org.apache.hadoop.hdds.scm.exceptions.SCMException: Allocated 0 blocks. Requested 1 blocks
	at org.apache.hadoop.hdds.scm.protocolPB.ScmBlockLocationProtocolClientSideTranslatorPB.handleError(ScmBlockLocationProtocolClientSideTranslatorPB.java:118)
	at org.apache.hadoop.hdds.scm.protocolPB.ScmBlockLocationProtocolClientSideTranslatorPB.allocateBlock(ScmBlockLocationProtocolClientSideTranslatorPB.java:156) 
2019-09-20 08:50:56,635 [IPC Server handler 15 on 35288] WARN  block.BlockManagerImpl (BlockManagerImpl.java:allocateBlock(192)) - Pipeline creation failed for type:RATIS factor:THREE. Retrying get pipelines call once.
org.apache.hadoop.hdds.scm.exceptions.SCMException: Unable to find enough nodes that meet the criteria that cannot engage in more than 5 pipelines. Nodes required: 3 Found: 0, healthy nodes count inNodeManager: 5.
	at org.apache.hadoop.hdds.scm.pipeline.PipelinePlacementPolicy.filterViableNodes(PipelinePlacementPolicy.java:149)
	at org.apache.hadoop.hdds.scm.pipeline.PipelinePlacementPolicy.chooseDatanodes(PipelinePlacementPolicy.java:172)
	at org.apache.hadoop.hdds.scm.pipeline.RatisPipelineProvider.create(RatisPipelineProvider.java:92)
	at org.apache.hadoop.hdds.scm.pipeline.PipelineFactory.create(PipelineFactory.java:57)
	at org.apache.hadoop.hdds.scm.pipeline.SCMPipelineManager.createPipeline(SCMPipelineManager.java:149)
	at org.apache.hadoop.hdds.scm.block.BlockManagerImpl.allocateBlock(BlockManagerImpl.java:190)
	at org.apache.hadoop.hdds.scm.server.SCMBlockProtocolServer.allocateBlock(SCMBlockProtocolServer.java:175)
	at org.apache.hadoop.ozone.protocolPB.ScmBlockLocationProtocolServerSideTranslatorPB.allocateScmBlock(ScmBlockLocationProtocolServerSideTranslatorPB.java:153)
	at org.apache.hadoop.ozone.protocolPB.ScmBlockLocationProtocolServerSideTranslatorPB.send(ScmBlockLocationProtocolServerSideTranslatorPB.java:112)
	at org.apache.hadoop.hdds.protocol.proto.ScmBlockLocationProtocolProtos$ScmBlockLocationProtocolService$2.callBlockingMethod(ScmBlockLocationProtocolProtos.java:13157)
	at org.apache.hadoop.ipc.ProtobufRpcEngine$Server$ProtoBufRpcInvoker.call(ProtobufRpcEngine.java:524)
	at org.apache.hadoop.ipc.RPC$Server.call(RPC.java:1025)
	at org.apache.hadoop.ipc.Server$RpcCall.run(Server.java:876)
	at org.apache.hadoop.ipc.Server$RpcCall.run(Server.java:822)
	at java.security.AccessController.doPrivileged(Native Method)
	at javax.security.auth.Subject.doAs(Subject.java:422)
	at org.apache.hadoop.security.UserGroupInformation.doAs(UserGroupInformation.java:1730)
	at org.apache.hadoop.ipc.Server$Handler.run(Server.java:2682)
2019-09-20 08:50:56,636 [pool-80-thread-2] ERROR freon.RandomKeyGenerator (RandomKeyGenerator.java:createKey(724)) - Exception while adding key: key-0-37055 in bucket: bucket-4-56489 of volume: vol-1-34602.
INTERNAL_ERROR org.apache.hadoop.ozone.om.exceptions.OMException: Allocated 0 blocks. Requested 1 blocks
	at org.apache.hadoop.ozone.om.protocolPB.OzoneManagerProtocolClientSideTranslatorPB.handleError(OzoneManagerProtocolClientSideTranslatorPB.java:725)
	at org.apache.hadoop.ozone.om.protocolPB.OzoneManagerProtocolClientSideTranslatorPB.openKey(OzoneManagerProtocolClientSideTranslatorPB.java:716)
	at org.apache.hadoop.ozone.client.rpc.RpcClient.createKey(RpcClient.java:615)
	at org.apache.hadoop.ozone.client.OzoneBucket.createKey(OzoneBucket.java:323)
	at org.apache.hadoop.ozone.freon.RandomKeyGenerator.createKey(RandomKeyGenerator.java:686)
	at org.apache.hadoop.ozone.freon.RandomKeyGenerator.access$1100(RandomKeyGenerator.java:87)
	at org.apache.hadoop.ozone.freon.RandomKeyGenerator$ObjectCreator.run(RandomKeyGenerator.java:606)
	at java.util.concurrent.Executors$RunnableAdapter.call(Executors.java:511)
	at java.util.concurrent.FutureTask.run(FutureTask.java:266)
	at java.util.concurrent.ThreadPoolExecutor.runWorker(ThreadPoolExecutor.java:1149)
	at java.util.concurrent.ThreadPoolExecutor$Worker.run(ThreadPoolExecutor.java:624)
	at java.lang.Thread.run(Thread.java:748)
2019-09-20 08:50:56,635 [IPC Server handler 12 on 35288] INFO  pipeline.PipelinePlacementPolicy (PipelinePlacementPolicy.java:meetCriteria(91)) - Pipeline Placement: Doesn't meet the criteria to be viable node： d183acf8-c1d4-40f7-ba5a-175455d3bd55 Heaviness: 6 limit: 5
2019-09-20 08:50:56,635 [IPC Server handler 2 on 35288] INFO  block.BlockManagerImpl (BlockManagerImpl.java:allocateBlock(198)) - Could not find available pipeline of type:RATIS and factor:THREE even after retrying
2019-09-20 08:50:56,636 [IPC Server handler 12 on 35288] INFO  pipeline.PipelinePlacementPolicy (PipelinePlacementPolicy.java:meetCriteria(91)) - Pipeline Placement: Doesn't meet the criteria to be viable node： 2a6ce4d1-5069-4aeb-8b94-5f253cd23bfc Heaviness: 6 limit: 5
2019-09-20 08:50:56,636 [IPC Server handler 2 on 35288] ERROR block.BlockManagerImpl (BlockManagerImpl.java:allocateBlock(222)) - Unable to allocate a block for the size: 4194304, type: RATIS, factor: THREE
2019-09-20 08:50:56,637 [IPC Server handler 12 on 35288] INFO  pipeline.PipelinePlacementPolicy (PipelinePlacementPolicy.java:meetCriteria(91)) - Pipeline Placement: Doesn't meet the criteria to be viable node： 972eec63-801b-4789-a14a-664c049671ee Heaviness: 6 limit: 5
2019-09-20 08:50:56,637 | INFO  | SCMAudit | user=jenkins1000 | ip=192.168.36.79 | op=ALLOCATE_BLOCK {owner=de213d33-d5bc-4e32-9ee1-d102376c7a7f, size=4194304, type=RATIS, factor=THREE} | ret=SUCCESS |  
2019-09-20 08:50:56,637 [IPC Server handler 12 on 35288] INFO  pipeline.PipelinePlacementPolicy (PipelinePlacementPolicy.java:meetCriteria(91)) - Pipeline Placement: Doesn't meet the criteria to be viable node： 5e9b3ca5-d58f-427a-bd11-930d28ac57d8 Heaviness: 6 limit: 5
2019-09-20 08:50:56,637 [IPC Server handler 12 on 35288] INFO  pipeline.PipelinePlacementPolicy (PipelinePlacementPolicy.java:meetCriteria(91)) - Pipeline Placement: Doesn't meet the criteria to be viable node： 64119811-c299-4353-bef2-4f1f08694db1 Heaviness: 6 limit: 5
2019-09-20 08:50:56,638 [IPC Server handler 12 on 35288] ERROR pipeline.PipelinePlacementPolicy (PipelinePlacementPolicy.java:filterViableNodes(148)) - Unable to find enough nodes that meet the criteria that cannot engage in more than 5 pipelines. Nodes required: 3 Found: 0, healthy nodes count inNodeManager: 5.
2019-09-20 08:50:56,638 [IPC Server handler 12 on 35288] ERROR pipeline.SCMPipelineManager (SCMPipelineManager.java:createPipeline(161)) - Pipeline creation failed due to exception: Unable to find enough nodes that meet the criteria that cannot engage in more than 5 pipelines. Nodes required: 3 Found: 0, healthy nodes count inNodeManager: 5.
2019-09-20 08:50:56,638 | ERROR | OMAudit | user=jenkins1000 | ip=127.0.0.1 | op=ALLOCATE_KEY {volume=vol-0-37758, bucket=bucket-0-63078, key=key-0-81322, dataSize=10240, replicationType=RATIS, replicationFactor=THREE, keyLocationInfo=null} | ret=FAILURE | org.apache.hadoop.hdds.scm.exceptions.SCMException: Allocated 0 blocks. Requested 1 blocks
	at org.apache.hadoop.hdds.scm.protocolPB.ScmBlockLocationProtocolClientSideTranslatorPB.handleError(ScmBlockLocationProtocolClientSideTranslatorPB.java:118)
	at org.apache.hadoop.hdds.scm.protocolPB.ScmBlockLocationProtocolClientSideTranslatorPB.allocateBlock(ScmBlockLocationProtocolClientSideTranslatorPB.java:156) 
2019-09-20 08:50:56,640 [IPC Server handler 12 on 35288] WARN  block.BlockManagerImpl (BlockManagerImpl.java:allocateBlock(192)) - Pipeline creation failed for type:RATIS factor:THREE. Retrying get pipelines call once.
org.apache.hadoop.hdds.scm.exceptions.SCMException: Unable to find enough nodes that meet the criteria that cannot engage in more than 5 pipelines. Nodes required: 3 Found: 0, healthy nodes count inNodeManager: 5.
	at org.apache.hadoop.hdds.scm.pipeline.PipelinePlacementPolicy.filterViableNodes(PipelinePlacementPolicy.java:149)
	at org.apache.hadoop.hdds.scm.pipeline.PipelinePlacementPolicy.chooseDatanodes(PipelinePlacementPolicy.java:172)
	at org.apache.hadoop.hdds.scm.pipeline.RatisPipelineProvider.create(RatisPipelineProvider.java:92)
	at org.apache.hadoop.hdds.scm.pipeline.PipelineFactory.create(PipelineFactory.java:57)
	at org.apache.hadoop.hdds.scm.pipeline.SCMPipelineManager.createPipeline(SCMPipelineManager.java:149)
	at org.apache.hadoop.hdds.scm.block.BlockManagerImpl.allocateBlock(BlockManagerImpl.java:190)
	at org.apache.hadoop.hdds.scm.server.SCMBlockProtocolServer.allocateBlock(SCMBlockProtocolServer.java:175)
	at org.apache.hadoop.ozone.protocolPB.ScmBlockLocationProtocolServerSideTranslatorPB.allocateScmBlock(ScmBlockLocationProtocolServerSideTranslatorPB.java:153)
	at org.apache.hadoop.ozone.protocolPB.ScmBlockLocationProtocolServerSideTranslatorPB.send(ScmBlockLocationProtocolServerSideTranslatorPB.java:112)
	at org.apache.hadoop.hdds.protocol.proto.ScmBlockLocationProtocolProtos$ScmBlockLocationProtocolService$2.callBlockingMethod(ScmBlockLocationProtocolProtos.java:13157)
	at org.apache.hadoop.ipc.ProtobufRpcEngine$Server$ProtoBufRpcInvoker.call(ProtobufRpcEngine.java:524)
	at org.apache.hadoop.ipc.RPC$Server.call(RPC.java:1025)
	at org.apache.hadoop.ipc.Server$RpcCall.run(Server.java:876)
	at org.apache.hadoop.ipc.Server$RpcCall.run(Server.java:822)
	at java.security.AccessController.doPrivileged(Native Method)
	at javax.security.auth.Subject.doAs(Subject.java:422)
	at org.apache.hadoop.security.UserGroupInformation.doAs(UserGroupInformation.java:1730)
	at org.apache.hadoop.ipc.Server$Handler.run(Server.java:2682)
2019-09-20 08:50:56,640 [pool-80-thread-1] ERROR freon.RandomKeyGenerator (RandomKeyGenerator.java:createKey(724)) - Exception while adding key: key-0-81322 in bucket: bucket-0-63078 of volume: vol-0-37758.
INTERNAL_ERROR org.apache.hadoop.ozone.om.exceptions.OMException: Allocated 0 blocks. Requested 1 blocks
	at org.apache.hadoop.ozone.om.protocolPB.OzoneManagerProtocolClientSideTranslatorPB.handleError(OzoneManagerProtocolClientSideTranslatorPB.java:725)
	at org.apache.hadoop.ozone.om.protocolPB.OzoneManagerProtocolClientSideTranslatorPB.openKey(OzoneManagerProtocolClientSideTranslatorPB.java:716)
	at org.apache.hadoop.ozone.client.rpc.RpcClient.createKey(RpcClient.java:615)
	at org.apache.hadoop.ozone.client.OzoneBucket.createKey(OzoneBucket.java:323)
	at org.apache.hadoop.ozone.freon.RandomKeyGenerator.createKey(RandomKeyGenerator.java:686)
	at org.apache.hadoop.ozone.freon.RandomKeyGenerator.access$1100(RandomKeyGenerator.java:87)
	at org.apache.hadoop.ozone.freon.RandomKeyGenerator$ObjectCreator.run(RandomKeyGenerator.java:606)
	at java.util.concurrent.Executors$RunnableAdapter.call(Executors.java:511)
	at java.util.concurrent.FutureTask.run(FutureTask.java:266)
	at java.util.concurrent.ThreadPoolExecutor.runWorker(ThreadPoolExecutor.java:1149)
	at java.util.concurrent.ThreadPoolExecutor$Worker.run(ThreadPoolExecutor.java:624)
	at java.lang.Thread.run(Thread.java:748)
2019-09-20 08:50:56,640 [IPC Server handler 10 on 35288] INFO  pipeline.PipelinePlacementPolicy (PipelinePlacementPolicy.java:meetCriteria(91)) - Pipeline Placement: Doesn't meet the criteria to be viable node： d183acf8-c1d4-40f7-ba5a-175455d3bd55 Heaviness: 6 limit: 5
2019-09-20 08:50:56,640 [IPC Server handler 15 on 35288] INFO  block.BlockManagerImpl (BlockManagerImpl.java:allocateBlock(198)) - Could not find available pipeline of type:RATIS and factor:THREE even after retrying
2019-09-20 08:50:56,641 [IPC Server handler 10 on 35288] INFO  pipeline.PipelinePlacementPolicy (PipelinePlacementPolicy.java:meetCriteria(91)) - Pipeline Placement: Doesn't meet the criteria to be viable node： 2a6ce4d1-5069-4aeb-8b94-5f253cd23bfc Heaviness: 6 limit: 5
2019-09-20 08:50:56,641 [IPC Server handler 15 on 35288] ERROR block.BlockManagerImpl (BlockManagerImpl.java:allocateBlock(222)) - Unable to allocate a block for the size: 4194304, type: RATIS, factor: THREE
2019-09-20 08:50:56,642 | INFO  | SCMAudit | user=jenkins1000 | ip=192.168.36.79 | op=ALLOCATE_BLOCK {owner=de213d33-d5bc-4e32-9ee1-d102376c7a7f, size=4194304, type=RATIS, factor=THREE} | ret=SUCCESS |  
2019-09-20 08:50:56,641 [IPC Server handler 10 on 35288] INFO  pipeline.PipelinePlacementPolicy (PipelinePlacementPolicy.java:meetCriteria(91)) - Pipeline Placement: Doesn't meet the criteria to be viable node： 972eec63-801b-4789-a14a-664c049671ee Heaviness: 6 limit: 5
2019-09-20 08:50:56,642 [IPC Server handler 10 on 35288] INFO  pipeline.PipelinePlacementPolicy (PipelinePlacementPolicy.java:meetCriteria(91)) - Pipeline Placement: Doesn't meet the criteria to be viable node： 5e9b3ca5-d58f-427a-bd11-930d28ac57d8 Heaviness: 6 limit: 5
2019-09-20 08:50:56,642 [IPC Server handler 10 on 35288] INFO  pipeline.PipelinePlacementPolicy (PipelinePlacementPolicy.java:meetCriteria(91)) - Pipeline Placement: Doesn't meet the criteria to be viable node： 64119811-c299-4353-bef2-4f1f08694db1 Heaviness: 6 limit: 5
2019-09-20 08:50:56,642 [IPC Server handler 10 on 35288] ERROR pipeline.PipelinePlacementPolicy (PipelinePlacementPolicy.java:filterViableNodes(148)) - Unable to find enough nodes that meet the criteria that cannot engage in more than 5 pipelines. Nodes required: 3 Found: 0, healthy nodes count inNodeManager: 5.
2019-09-20 08:50:56,644 [IPC Server handler 10 on 35288] ERROR pipeline.SCMPipelineManager (SCMPipelineManager.java:createPipeline(161)) - Pipeline creation failed due to exception: Unable to find enough nodes that meet the criteria that cannot engage in more than 5 pipelines. Nodes required: 3 Found: 0, healthy nodes count inNodeManager: 5.
2019-09-20 08:50:56,642 | ERROR | OMAudit | user=jenkins1000 | ip=127.0.0.1 | op=ALLOCATE_KEY {volume=vol-1-34602, bucket=bucket-0-84000, key=key-0-06575, dataSize=10240, replicationType=RATIS, replicationFactor=THREE, keyLocationInfo=null} | ret=FAILURE | org.apache.hadoop.hdds.scm.exceptions.SCMException: Allocated 0 blocks. Requested 1 blocks
	at org.apache.hadoop.hdds.scm.protocolPB.ScmBlockLocationProtocolClientSideTranslatorPB.handleError(ScmBlockLocationProtocolClientSideTranslatorPB.java:118)
	at org.apache.hadoop.hdds.scm.protocolPB.ScmBlockLocationProtocolClientSideTranslatorPB.allocateBlock(ScmBlockLocationProtocolClientSideTranslatorPB.java:156) 
2019-09-20 08:50:56,644 [IPC Server handler 10 on 35288] WARN  block.BlockManagerImpl (BlockManagerImpl.java:allocateBlock(192)) - Pipeline creation failed for type:RATIS factor:THREE. Retrying get pipelines call once.
org.apache.hadoop.hdds.scm.exceptions.SCMException: Unable to find enough nodes that meet the criteria that cannot engage in more than 5 pipelines. Nodes required: 3 Found: 0, healthy nodes count inNodeManager: 5.
	at org.apache.hadoop.hdds.scm.pipeline.PipelinePlacementPolicy.filterViableNodes(PipelinePlacementPolicy.java:149)
	at org.apache.hadoop.hdds.scm.pipeline.PipelinePlacementPolicy.chooseDatanodes(PipelinePlacementPolicy.java:172)
	at org.apache.hadoop.hdds.scm.pipeline.RatisPipelineProvider.create(RatisPipelineProvider.java:92)
	at org.apache.hadoop.hdds.scm.pipeline.PipelineFactory.create(PipelineFactory.java:57)
	at org.apache.hadoop.hdds.scm.pipeline.SCMPipelineManager.createPipeline(SCMPipelineManager.java:149)
	at org.apache.hadoop.hdds.scm.block.BlockManagerImpl.allocateBlock(BlockManagerImpl.java:190)
	at org.apache.hadoop.hdds.scm.server.SCMBlockProtocolServer.allocateBlock(SCMBlockProtocolServer.java:175)
	at org.apache.hadoop.ozone.protocolPB.ScmBlockLocationProtocolServerSideTranslatorPB.allocateScmBlock(ScmBlockLocationProtocolServerSideTranslatorPB.java:153)
	at org.apache.hadoop.ozone.protocolPB.ScmBlockLocationProtocolServerSideTranslatorPB.send(ScmBlockLocationProtocolServerSideTranslatorPB.java:112)
	at org.apache.hadoop.hdds.protocol.proto.ScmBlockLocationProtocolProtos$ScmBlockLocationProtocolService$2.callBlockingMethod(ScmBlockLocationProtocolProtos.java:13157)
	at org.apache.hadoop.ipc.ProtobufRpcEngine$Server$ProtoBufRpcInvoker.call(ProtobufRpcEngine.java:524)
	at org.apache.hadoop.ipc.RPC$Server.call(RPC.java:1025)
	at org.apache.hadoop.ipc.Server$RpcCall.run(Server.java:876)
	at org.apache.hadoop.ipc.Server$RpcCall.run(Server.java:822)
	at java.security.AccessController.doPrivileged(Native Method)
	at javax.security.auth.Subject.doAs(Subject.java:422)
	at org.apache.hadoop.security.UserGroupInformation.doAs(UserGroupInformation.java:1730)
	at org.apache.hadoop.ipc.Server$Handler.run(Server.java:2682)
2019-09-20 08:50:56,645 [pool-80-thread-6] ERROR freon.RandomKeyGenerator (RandomKeyGenerator.java:createKey(724)) - Exception while adding key: key-0-06575 in bucket: bucket-0-84000 of volume: vol-1-34602.
INTERNAL_ERROR org.apache.hadoop.ozone.om.exceptions.OMException: Allocated 0 blocks. Requested 1 blocks
	at org.apache.hadoop.ozone.om.protocolPB.OzoneManagerProtocolClientSideTranslatorPB.handleError(OzoneManagerProtocolClientSideTranslatorPB.java:725)
	at org.apache.hadoop.ozone.om.protocolPB.OzoneManagerProtocolClientSideTranslatorPB.openKey(OzoneManagerProtocolClientSideTranslatorPB.java:716)
	at org.apache.hadoop.ozone.client.rpc.RpcClient.createKey(RpcClient.java:615)
	at org.apache.hadoop.ozone.client.OzoneBucket.createKey(OzoneBucket.java:323)
	at org.apache.hadoop.ozone.freon.RandomKeyGenerator.createKey(RandomKeyGenerator.java:686)
	at org.apache.hadoop.ozone.freon.RandomKeyGenerator.access$1100(RandomKeyGenerator.java:87)
	at org.apache.hadoop.ozone.freon.RandomKeyGenerator$ObjectCreator.run(RandomKeyGenerator.java:606)
	at java.util.concurrent.Executors$RunnableAdapter.call(Executors.java:511)
	at java.util.concurrent.FutureTask.run(FutureTask.java:266)
	at java.util.concurrent.ThreadPoolExecutor.runWorker(ThreadPoolExecutor.java:1149)
	at java.util.concurrent.ThreadPoolExecutor$Worker.run(ThreadPoolExecutor.java:624)
	at java.lang.Thread.run(Thread.java:748)
2019-09-20 08:50:56,645 [IPC Server handler 14 on 35288] INFO  pipeline.PipelinePlacementPolicy (PipelinePlacementPolicy.java:meetCriteria(91)) - Pipeline Placement: Doesn't meet the criteria to be viable node： d183acf8-c1d4-40f7-ba5a-175455d3bd55 Heaviness: 6 limit: 5
2019-09-20 08:50:56,644 [IPC Server handler 12 on 35288] INFO  block.BlockManagerImpl (BlockManagerImpl.java:allocateBlock(198)) - Could not find available pipeline of type:RATIS and factor:THREE even after retrying
2019-09-20 08:50:56,646 [IPC Server handler 14 on 35288] INFO  pipeline.PipelinePlacementPolicy (PipelinePlacementPolicy.java:meetCriteria(91)) - Pipeline Placement: Doesn't meet the criteria to be viable node： 2a6ce4d1-5069-4aeb-8b94-5f253cd23bfc Heaviness: 6 limit: 5
2019-09-20 08:50:56,646 [IPC Server handler 12 on 35288] ERROR block.BlockManagerImpl (BlockManagerImpl.java:allocateBlock(222)) - Unable to allocate a block for the size: 4194304, type: RATIS, factor: THREE
2019-09-20 08:50:56,646 [IPC Server handler 14 on 35288] INFO  pipeline.PipelinePlacementPolicy (PipelinePlacementPolicy.java:meetCriteria(91)) - Pipeline Placement: Doesn't meet the criteria to be viable node： 972eec63-801b-4789-a14a-664c049671ee Heaviness: 6 limit: 5
2019-09-20 08:50:56,647 | INFO  | SCMAudit | user=jenkins1000 | ip=192.168.36.79 | op=ALLOCATE_BLOCK {owner=de213d33-d5bc-4e32-9ee1-d102376c7a7f, size=4194304, type=RATIS, factor=THREE} | ret=SUCCESS |  
2019-09-20 08:50:56,647 [IPC Server handler 14 on 35288] INFO  pipeline.PipelinePlacementPolicy (PipelinePlacementPolicy.java:meetCriteria(91)) - Pipeline Placement: Doesn't meet the criteria to be viable node： 5e9b3ca5-d58f-427a-bd11-930d28ac57d8 Heaviness: 6 limit: 5
2019-09-20 08:50:56,647 [IPC Server handler 14 on 35288] INFO  pipeline.PipelinePlacementPolicy (PipelinePlacementPolicy.java:meetCriteria(91)) - Pipeline Placement: Doesn't meet the criteria to be viable node： 64119811-c299-4353-bef2-4f1f08694db1 Heaviness: 6 limit: 5
2019-09-20 08:50:56,647 [IPC Server handler 14 on 35288] ERROR pipeline.PipelinePlacementPolicy (PipelinePlacementPolicy.java:filterViableNodes(148)) - Unable to find enough nodes that meet the criteria that cannot engage in more than 5 pipelines. Nodes required: 3 Found: 0, healthy nodes count inNodeManager: 5.
2019-09-20 08:50:56,647 [IPC Server handler 14 on 35288] ERROR pipeline.SCMPipelineManager (SCMPipelineManager.java:createPipeline(161)) - Pipeline creation failed due to exception: Unable to find enough nodes that meet the criteria that cannot engage in more than 5 pipelines. Nodes required: 3 Found: 0, healthy nodes count inNodeManager: 5.
2019-09-20 08:50:56,648 | ERROR | OMAudit | user=jenkins1000 | ip=127.0.0.1 | op=ALLOCATE_KEY {volume=vol-0-37758, bucket=bucket-3-09356, key=key-0-87886, dataSize=10240, replicationType=RATIS, replicationFactor=THREE, keyLocationInfo=null} | ret=FAILURE | org.apache.hadoop.hdds.scm.exceptions.SCMException: Allocated 0 blocks. Requested 1 blocks
	at org.apache.hadoop.hdds.scm.protocolPB.ScmBlockLocationProtocolClientSideTranslatorPB.handleError(ScmBlockLocationProtocolClientSideTranslatorPB.java:118)
	at org.apache.hadoop.hdds.scm.protocolPB.ScmBlockLocationProtocolClientSideTranslatorPB.allocateBlock(ScmBlockLocationProtocolClientSideTranslatorPB.java:156) 
2019-09-20 08:50:56,648 [IPC Server handler 14 on 35288] WARN  block.BlockManagerImpl (BlockManagerImpl.java:allocateBlock(192)) - Pipeline creation failed for type:RATIS factor:THREE. Retrying get pipelines call once.
org.apache.hadoop.hdds.scm.exceptions.SCMException: Unable to find enough nodes that meet the criteria that cannot engage in more than 5 pipelines. Nodes required: 3 Found: 0, healthy nodes count inNodeManager: 5.
	at org.apache.hadoop.hdds.scm.pipeline.PipelinePlacementPolicy.filterViableNodes(PipelinePlacementPolicy.java:149)
	at org.apache.hadoop.hdds.scm.pipeline.PipelinePlacementPolicy.chooseDatanodes(PipelinePlacementPolicy.java:172)
	at org.apache.hadoop.hdds.scm.pipeline.RatisPipelineProvider.create(RatisPipelineProvider.java:92)
	at org.apache.hadoop.hdds.scm.pipeline.PipelineFactory.create(PipelineFactory.java:57)
	at org.apache.hadoop.hdds.scm.pipeline.SCMPipelineManager.createPipeline(SCMPipelineManager.java:149)
	at org.apache.hadoop.hdds.scm.block.BlockManagerImpl.allocateBlock(BlockManagerImpl.java:190)
	at org.apache.hadoop.hdds.scm.server.SCMBlockProtocolServer.allocateBlock(SCMBlockProtocolServer.java:175)
	at org.apache.hadoop.ozone.protocolPB.ScmBlockLocationProtocolServerSideTranslatorPB.allocateScmBlock(ScmBlockLocationProtocolServerSideTranslatorPB.java:153)
	at org.apache.hadoop.ozone.protocolPB.ScmBlockLocationProtocolServerSideTranslatorPB.send(ScmBlockLocationProtocolServerSideTranslatorPB.java:112)
	at org.apache.hadoop.hdds.protocol.proto.ScmBlockLocationProtocolProtos$ScmBlockLocationProtocolService$2.callBlockingMethod(ScmBlockLocationProtocolProtos.java:13157)
	at org.apache.hadoop.ipc.ProtobufRpcEngine$Server$ProtoBufRpcInvoker.call(ProtobufRpcEngine.java:524)
	at org.apache.hadoop.ipc.RPC$Server.call(RPC.java:1025)
	at org.apache.hadoop.ipc.Server$RpcCall.run(Server.java:876)
	at org.apache.hadoop.ipc.Server$RpcCall.run(Server.java:822)
	at java.security.AccessController.doPrivileged(Native Method)
	at javax.security.auth.Subject.doAs(Subject.java:422)
	at org.apache.hadoop.security.UserGroupInformation.doAs(UserGroupInformation.java:1730)
	at org.apache.hadoop.ipc.Server$Handler.run(Server.java:2682)
2019-09-20 08:50:56,648 [IPC Server handler 7 on 35288] INFO  pipeline.PipelinePlacementPolicy (PipelinePlacementPolicy.java:meetCriteria(91)) - Pipeline Placement: Doesn't meet the criteria to be viable node： d183acf8-c1d4-40f7-ba5a-175455d3bd55 Heaviness: 6 limit: 5
2019-09-20 08:50:56,656 [IPC Server handler 7 on 35288] INFO  pipeline.PipelinePlacementPolicy (PipelinePlacementPolicy.java:meetCriteria(91)) - Pipeline Placement: Doesn't meet the criteria to be viable node： 2a6ce4d1-5069-4aeb-8b94-5f253cd23bfc Heaviness: 6 limit: 5
2019-09-20 08:50:56,648 [IPC Server handler 10 on 35288] INFO  block.BlockManagerImpl (BlockManagerImpl.java:allocateBlock(198)) - Could not find available pipeline of type:RATIS and factor:THREE even after retrying
2019-09-20 08:50:56,656 [IPC Server handler 7 on 35288] INFO  pipeline.PipelinePlacementPolicy (PipelinePlacementPolicy.java:meetCriteria(91)) - Pipeline Placement: Doesn't meet the criteria to be viable node： 972eec63-801b-4789-a14a-664c049671ee Heaviness: 6 limit: 5
2019-09-20 08:50:56,656 [IPC Server handler 7 on 35288] INFO  pipeline.PipelinePlacementPolicy (PipelinePlacementPolicy.java:meetCriteria(91)) - Pipeline Placement: Doesn't meet the criteria to be viable node： 5e9b3ca5-d58f-427a-bd11-930d28ac57d8 Heaviness: 6 limit: 5
2019-09-20 08:50:56,656 [pool-80-thread-7] ERROR freon.RandomKeyGenerator (RandomKeyGenerator.java:createKey(724)) - Exception while adding key: key-0-87886 in bucket: bucket-3-09356 of volume: vol-0-37758.
INTERNAL_ERROR org.apache.hadoop.ozone.om.exceptions.OMException: Allocated 0 blocks. Requested 1 blocks
	at org.apache.hadoop.ozone.om.protocolPB.OzoneManagerProtocolClientSideTranslatorPB.handleError(OzoneManagerProtocolClientSideTranslatorPB.java:725)
	at org.apache.hadoop.ozone.om.protocolPB.OzoneManagerProtocolClientSideTranslatorPB.openKey(OzoneManagerProtocolClientSideTranslatorPB.java:716)
	at org.apache.hadoop.ozone.client.rpc.RpcClient.createKey(RpcClient.java:615)
	at org.apache.hadoop.ozone.client.OzoneBucket.createKey(OzoneBucket.java:323)
	at org.apache.hadoop.ozone.freon.RandomKeyGenerator.createKey(RandomKeyGenerator.java:686)
	at org.apache.hadoop.ozone.freon.RandomKeyGenerator.access$1100(RandomKeyGenerator.java:87)
	at org.apache.hadoop.ozone.freon.RandomKeyGenerator$ObjectCreator.run(RandomKeyGenerator.java:606)
	at java.util.concurrent.Executors$RunnableAdapter.call(Executors.java:511)
	at java.util.concurrent.FutureTask.run(FutureTask.java:266)
	at java.util.concurrent.ThreadPoolExecutor.runWorker(ThreadPoolExecutor.java:1149)
	at java.util.concurrent.ThreadPoolExecutor$Worker.run(ThreadPoolExecutor.java:624)
	at java.lang.Thread.run(Thread.java:748)
2019-09-20 08:50:56,656 [IPC Server handler 7 on 35288] INFO  pipeline.PipelinePlacementPolicy (PipelinePlacementPolicy.java:meetCriteria(91)) - Pipeline Placement: Doesn't meet the criteria to be viable node： 64119811-c299-4353-bef2-4f1f08694db1 Heaviness: 6 limit: 5
2019-09-20 08:50:56,656 [IPC Server handler 10 on 35288] ERROR block.BlockManagerImpl (BlockManagerImpl.java:allocateBlock(222)) - Unable to allocate a block for the size: 4194304, type: RATIS, factor: THREE
2019-09-20 08:50:56,657 [IPC Server handler 7 on 35288] ERROR pipeline.PipelinePlacementPolicy (PipelinePlacementPolicy.java:filterViableNodes(148)) - Unable to find enough nodes that meet the criteria that cannot engage in more than 5 pipelines. Nodes required: 3 Found: 0, healthy nodes count inNodeManager: 5.
2019-09-20 08:50:56,657 | INFO  | SCMAudit | user=jenkins1000 | ip=192.168.36.79 | op=ALLOCATE_BLOCK {owner=de213d33-d5bc-4e32-9ee1-d102376c7a7f, size=4194304, type=RATIS, factor=THREE} | ret=SUCCESS |  
2019-09-20 08:50:56,657 [IPC Server handler 7 on 35288] ERROR pipeline.SCMPipelineManager (SCMPipelineManager.java:createPipeline(161)) - Pipeline creation failed due to exception: Unable to find enough nodes that meet the criteria that cannot engage in more than 5 pipelines. Nodes required: 3 Found: 0, healthy nodes count inNodeManager: 5.
2019-09-20 08:50:56,658 [IPC Server handler 7 on 35288] WARN  block.BlockManagerImpl (BlockManagerImpl.java:allocateBlock(192)) - Pipeline creation failed for type:RATIS factor:THREE. Retrying get pipelines call once.
org.apache.hadoop.hdds.scm.exceptions.SCMException: Unable to find enough nodes that meet the criteria that cannot engage in more than 5 pipelines. Nodes required: 3 Found: 0, healthy nodes count inNodeManager: 5.
	at org.apache.hadoop.hdds.scm.pipeline.PipelinePlacementPolicy.filterViableNodes(PipelinePlacementPolicy.java:149)
	at org.apache.hadoop.hdds.scm.pipeline.PipelinePlacementPolicy.chooseDatanodes(PipelinePlacementPolicy.java:172)
	at org.apache.hadoop.hdds.scm.pipeline.RatisPipelineProvider.create(RatisPipelineProvider.java:92)
	at org.apache.hadoop.hdds.scm.pipeline.PipelineFactory.create(PipelineFactory.java:57)
	at org.apache.hadoop.hdds.scm.pipeline.SCMPipelineManager.createPipeline(SCMPipelineManager.java:149)
	at org.apache.hadoop.hdds.scm.block.BlockManagerImpl.allocateBlock(BlockManagerImpl.java:190)
	at org.apache.hadoop.hdds.scm.server.SCMBlockProtocolServer.allocateBlock(SCMBlockProtocolServer.java:175)
	at org.apache.hadoop.ozone.protocolPB.ScmBlockLocationProtocolServerSideTranslatorPB.allocateScmBlock(ScmBlockLocationProtocolServerSideTranslatorPB.java:153)
	at org.apache.hadoop.ozone.protocolPB.ScmBlockLocationProtocolServerSideTranslatorPB.send(ScmBlockLocationProtocolServerSideTranslatorPB.java:112)
	at org.apache.hadoop.hdds.protocol.proto.ScmBlockLocationProtocolProtos$ScmBlockLocationProtocolService$2.callBlockingMethod(ScmBlockLocationProtocolProtos.java:13157)
	at org.apache.hadoop.ipc.ProtobufRpcEngine$Server$ProtoBufRpcInvoker.call(ProtobufRpcEngine.java:524)
	at org.apache.hadoop.ipc.RPC$Server.call(RPC.java:1025)
	at org.apache.hadoop.ipc.Server$RpcCall.run(Server.java:876)
	at org.apache.hadoop.ipc.Server$RpcCall.run(Server.java:822)
	at java.security.AccessController.doPrivileged(Native Method)
	at javax.security.auth.Subject.doAs(Subject.java:422)
	at org.apache.hadoop.security.UserGroupInformation.doAs(UserGroupInformation.java:1730)
	at org.apache.hadoop.ipc.Server$Handler.run(Server.java:2682)
2019-09-20 08:50:56,658 | ERROR | OMAudit | user=jenkins1000 | ip=127.0.0.1 | op=ALLOCATE_KEY {volume=vol-0-37758, bucket=bucket-4-57167, key=key-0-36209, dataSize=10240, replicationType=RATIS, replicationFactor=THREE, keyLocationInfo=null} | ret=FAILURE | org.apache.hadoop.hdds.scm.exceptions.SCMException: Allocated 0 blocks. Requested 1 blocks
	at org.apache.hadoop.hdds.scm.protocolPB.ScmBlockLocationProtocolClientSideTranslatorPB.handleError(ScmBlockLocationProtocolClientSideTranslatorPB.java:118)
	at org.apache.hadoop.hdds.scm.protocolPB.ScmBlockLocationProtocolClientSideTranslatorPB.allocateBlock(ScmBlockLocationProtocolClientSideTranslatorPB.java:156) 
2019-09-20 08:50:56,658 [IPC Server handler 9 on 35288] INFO  pipeline.PipelinePlacementPolicy (PipelinePlacementPolicy.java:meetCriteria(91)) - Pipeline Placement: Doesn't meet the criteria to be viable node： d183acf8-c1d4-40f7-ba5a-175455d3bd55 Heaviness: 6 limit: 5
2019-09-20 08:50:56,658 [IPC Server handler 14 on 35288] INFO  block.BlockManagerImpl (BlockManagerImpl.java:allocateBlock(198)) - Could not find available pipeline of type:RATIS and factor:THREE even after retrying
2019-09-20 08:50:56,659 [IPC Server handler 9 on 35288] INFO  pipeline.PipelinePlacementPolicy (PipelinePlacementPolicy.java:meetCriteria(91)) - Pipeline Placement: Doesn't meet the criteria to be viable node： 2a6ce4d1-5069-4aeb-8b94-5f253cd23bfc Heaviness: 6 limit: 5
2019-09-20 08:50:56,659 [pool-80-thread-10] ERROR freon.RandomKeyGenerator (RandomKeyGenerator.java:createKey(724)) - Exception while adding key: key-0-36209 in bucket: bucket-4-57167 of volume: vol-0-37758.
INTERNAL_ERROR org.apache.hadoop.ozone.om.exceptions.OMException: Allocated 0 blocks. Requested 1 blocks
	at org.apache.hadoop.ozone.om.protocolPB.OzoneManagerProtocolClientSideTranslatorPB.handleError(OzoneManagerProtocolClientSideTranslatorPB.java:725)
	at org.apache.hadoop.ozone.om.protocolPB.OzoneManagerProtocolClientSideTranslatorPB.openKey(OzoneManagerProtocolClientSideTranslatorPB.java:716)
	at org.apache.hadoop.ozone.client.rpc.RpcClient.createKey(RpcClient.java:615)
	at org.apache.hadoop.ozone.client.OzoneBucket.createKey(OzoneBucket.java:323)
	at org.apache.hadoop.ozone.freon.RandomKeyGenerator.createKey(RandomKeyGenerator.java:686)
	at org.apache.hadoop.ozone.freon.RandomKeyGenerator.access$1100(RandomKeyGenerator.java:87)
	at org.apache.hadoop.ozone.freon.RandomKeyGenerator$ObjectCreator.run(RandomKeyGenerator.java:606)
	at java.util.concurrent.Executors$RunnableAdapter.call(Executors.java:511)
	at java.util.concurrent.FutureTask.run(FutureTask.java:266)
	at java.util.concurrent.ThreadPoolExecutor.runWorker(ThreadPoolExecutor.java:1149)
	at java.util.concurrent.ThreadPoolExecutor$Worker.run(ThreadPoolExecutor.java:624)
	at java.lang.Thread.run(Thread.java:748)
2019-09-20 08:50:56,659 [IPC Server handler 14 on 35288] ERROR block.BlockManagerImpl (BlockManagerImpl.java:allocateBlock(222)) - Unable to allocate a block for the size: 4194304, type: RATIS, factor: THREE
2019-09-20 08:50:56,660 | INFO  | SCMAudit | user=jenkins1000 | ip=192.168.36.79 | op=ALLOCATE_BLOCK {owner=de213d33-d5bc-4e32-9ee1-d102376c7a7f, size=4194304, type=RATIS, factor=THREE} | ret=SUCCESS |  
2019-09-20 08:50:56,659 [IPC Server handler 9 on 35288] INFO  pipeline.PipelinePlacementPolicy (PipelinePlacementPolicy.java:meetCriteria(91)) - Pipeline Placement: Doesn't meet the criteria to be viable node： 972eec63-801b-4789-a14a-664c049671ee Heaviness: 6 limit: 5
2019-09-20 08:50:56,660 [IPC Server handler 9 on 35288] INFO  pipeline.PipelinePlacementPolicy (PipelinePlacementPolicy.java:meetCriteria(91)) - Pipeline Placement: Doesn't meet the criteria to be viable node： 5e9b3ca5-d58f-427a-bd11-930d28ac57d8 Heaviness: 6 limit: 5
2019-09-20 08:50:56,660 [IPC Server handler 9 on 35288] INFO  pipeline.PipelinePlacementPolicy (PipelinePlacementPolicy.java:meetCriteria(91)) - Pipeline Placement: Doesn't meet the criteria to be viable node： 64119811-c299-4353-bef2-4f1f08694db1 Heaviness: 6 limit: 5
2019-09-20 08:50:56,660 [IPC Server handler 9 on 35288] ERROR pipeline.PipelinePlacementPolicy (PipelinePlacementPolicy.java:filterViableNodes(148)) - Unable to find enough nodes that meet the criteria that cannot engage in more than 5 pipelines. Nodes required: 3 Found: 0, healthy nodes count inNodeManager: 5.
2019-09-20 08:50:56,661 [IPC Server handler 9 on 35288] ERROR pipeline.SCMPipelineManager (SCMPipelineManager.java:createPipeline(161)) - Pipeline creation failed due to exception: Unable to find enough nodes that meet the criteria that cannot engage in more than 5 pipelines. Nodes required: 3 Found: 0, healthy nodes count inNodeManager: 5.
2019-09-20 08:50:56,660 | ERROR | OMAudit | user=jenkins1000 | ip=127.0.0.1 | op=ALLOCATE_KEY {volume=vol-0-37758, bucket=bucket-2-96130, key=key-0-62124, dataSize=10240, replicationType=RATIS, replicationFactor=THREE, keyLocationInfo=null} | ret=FAILURE | org.apache.hadoop.hdds.scm.exceptions.SCMException: Allocated 0 blocks. Requested 1 blocks
	at org.apache.hadoop.hdds.scm.protocolPB.ScmBlockLocationProtocolClientSideTranslatorPB.handleError(ScmBlockLocationProtocolClientSideTranslatorPB.java:118)
	at org.apache.hadoop.hdds.scm.protocolPB.ScmBlockLocationProtocolClientSideTranslatorPB.allocateBlock(ScmBlockLocationProtocolClientSideTranslatorPB.java:156) 
2019-09-20 08:50:56,661 [IPC Server handler 9 on 35288] WARN  block.BlockManagerImpl (BlockManagerImpl.java:allocateBlock(192)) - Pipeline creation failed for type:RATIS factor:THREE. Retrying get pipelines call once.
org.apache.hadoop.hdds.scm.exceptions.SCMException: Unable to find enough nodes that meet the criteria that cannot engage in more than 5 pipelines. Nodes required: 3 Found: 0, healthy nodes count inNodeManager: 5.
	at org.apache.hadoop.hdds.scm.pipeline.PipelinePlacementPolicy.filterViableNodes(PipelinePlacementPolicy.java:149)
	at org.apache.hadoop.hdds.scm.pipeline.PipelinePlacementPolicy.chooseDatanodes(PipelinePlacementPolicy.java:172)
	at org.apache.hadoop.hdds.scm.pipeline.RatisPipelineProvider.create(RatisPipelineProvider.java:92)
	at org.apache.hadoop.hdds.scm.pipeline.PipelineFactory.create(PipelineFactory.java:57)
	at org.apache.hadoop.hdds.scm.pipeline.SCMPipelineManager.createPipeline(SCMPipelineManager.java:149)
	at org.apache.hadoop.hdds.scm.block.BlockManagerImpl.allocateBlock(BlockManagerImpl.java:190)
	at org.apache.hadoop.hdds.scm.server.SCMBlockProtocolServer.allocateBlock(SCMBlockProtocolServer.java:175)
	at org.apache.hadoop.ozone.protocolPB.ScmBlockLocationProtocolServerSideTranslatorPB.allocateScmBlock(ScmBlockLocationProtocolServerSideTranslatorPB.java:153)
	at org.apache.hadoop.ozone.protocolPB.ScmBlockLocationProtocolServerSideTranslatorPB.send(ScmBlockLocationProtocolServerSideTranslatorPB.java:112)
	at org.apache.hadoop.hdds.protocol.proto.ScmBlockLocationProtocolProtos$ScmBlockLocationProtocolService$2.callBlockingMethod(ScmBlockLocationProtocolProtos.java:13157)
	at org.apache.hadoop.ipc.ProtobufRpcEngine$Server$ProtoBufRpcInvoker.call(ProtobufRpcEngine.java:524)
	at org.apache.hadoop.ipc.RPC$Server.call(RPC.java:1025)
	at org.apache.hadoop.ipc.Server$RpcCall.run(Server.java:876)
	at org.apache.hadoop.ipc.Server$RpcCall.run(Server.java:822)
	at java.security.AccessController.doPrivileged(Native Method)
	at javax.security.auth.Subject.doAs(Subject.java:422)
	at org.apache.hadoop.security.UserGroupInformation.doAs(UserGroupInformation.java:1730)
	at org.apache.hadoop.ipc.Server$Handler.run(Server.java:2682)
2019-09-20 08:50:56,661 [pool-80-thread-8] ERROR freon.RandomKeyGenerator (RandomKeyGenerator.java:createKey(724)) - Exception while adding key: key-0-62124 in bucket: bucket-2-96130 of volume: vol-0-37758.
INTERNAL_ERROR org.apache.hadoop.ozone.om.exceptions.OMException: Allocated 0 blocks. Requested 1 blocks
	at org.apache.hadoop.ozone.om.protocolPB.OzoneManagerProtocolClientSideTranslatorPB.handleError(OzoneManagerProtocolClientSideTranslatorPB.java:725)
	at org.apache.hadoop.ozone.om.protocolPB.OzoneManagerProtocolClientSideTranslatorPB.openKey(OzoneManagerProtocolClientSideTranslatorPB.java:716)
	at org.apache.hadoop.ozone.client.rpc.RpcClient.createKey(RpcClient.java:615)
	at org.apache.hadoop.ozone.client.OzoneBucket.createKey(OzoneBucket.java:323)
	at org.apache.hadoop.ozone.freon.RandomKeyGenerator.createKey(RandomKeyGenerator.java:686)
	at org.apache.hadoop.ozone.freon.RandomKeyGenerator.access$1100(RandomKeyGenerator.java:87)
	at org.apache.hadoop.ozone.freon.RandomKeyGenerator$ObjectCreator.run(RandomKeyGenerator.java:606)
	at java.util.concurrent.Executors$RunnableAdapter.call(Executors.java:511)
	at java.util.concurrent.FutureTask.run(FutureTask.java:266)
	at java.util.concurrent.ThreadPoolExecutor.runWorker(ThreadPoolExecutor.java:1149)
	at java.util.concurrent.ThreadPoolExecutor$Worker.run(ThreadPoolExecutor.java:624)
	at java.lang.Thread.run(Thread.java:748)
2019-09-20 08:50:56,661 [IPC Server handler 7 on 35288] INFO  block.BlockManagerImpl (BlockManagerImpl.java:allocateBlock(198)) - Could not find available pipeline of type:RATIS and factor:THREE even after retrying
2019-09-20 08:50:56,662 [IPC Server handler 9 on 35288] INFO  block.BlockManagerImpl (BlockManagerImpl.java:allocateBlock(198)) - Could not find available pipeline of type:RATIS and factor:THREE even after retrying
2019-09-20 08:50:56,662 [IPC Server handler 7 on 35288] ERROR block.BlockManagerImpl (BlockManagerImpl.java:allocateBlock(222)) - Unable to allocate a block for the size: 4194304, type: RATIS, factor: THREE
2019-09-20 08:50:56,662 [IPC Server handler 9 on 35288] ERROR block.BlockManagerImpl (BlockManagerImpl.java:allocateBlock(222)) - Unable to allocate a block for the size: 4194304, type: RATIS, factor: THREE
2019-09-20 08:50:56,663 | INFO  | SCMAudit | user=jenkins1000 | ip=192.168.36.79 | op=ALLOCATE_BLOCK {owner=de213d33-d5bc-4e32-9ee1-d102376c7a7f, size=4194304, type=RATIS, factor=THREE} | ret=SUCCESS |  
2019-09-20 08:50:56,663 | INFO  | SCMAudit | user=jenkins1000 | ip=192.168.36.79 | op=ALLOCATE_BLOCK {owner=de213d33-d5bc-4e32-9ee1-d102376c7a7f, size=4194304, type=RATIS, factor=THREE} | ret=SUCCESS |  
2019-09-20 08:50:56,663 | ERROR | OMAudit | user=jenkins1000 | ip=127.0.0.1 | op=ALLOCATE_KEY {volume=vol-0-37758, bucket=bucket-1-57913, key=key-0-47127, dataSize=10240, replicationType=RATIS, replicationFactor=THREE, keyLocationInfo=null} | ret=FAILURE | org.apache.hadoop.hdds.scm.exceptions.SCMException: Allocated 0 blocks. Requested 1 blocks
	at org.apache.hadoop.hdds.scm.protocolPB.ScmBlockLocationProtocolClientSideTranslatorPB.handleError(ScmBlockLocationProtocolClientSideTranslatorPB.java:118)
	at org.apache.hadoop.hdds.scm.protocolPB.ScmBlockLocationProtocolClientSideTranslatorPB.allocateBlock(ScmBlockLocationProtocolClientSideTranslatorPB.java:156) 
2019-09-20 08:50:56,664 | ERROR | OMAudit | user=jenkins1000 | ip=127.0.0.1 | op=ALLOCATE_KEY {volume=vol-1-34602, bucket=bucket-3-26742, key=key-0-90420, dataSize=10240, replicationType=RATIS, replicationFactor=THREE, keyLocationInfo=null} | ret=FAILURE | org.apache.hadoop.hdds.scm.exceptions.SCMException: Allocated 0 blocks. Requested 1 blocks
	at org.apache.hadoop.hdds.scm.protocolPB.ScmBlockLocationProtocolClientSideTranslatorPB.handleError(ScmBlockLocationProtocolClientSideTranslatorPB.java:118)
	at org.apache.hadoop.hdds.scm.protocolPB.ScmBlockLocationProtocolClientSideTranslatorPB.allocateBlock(ScmBlockLocationProtocolClientSideTranslatorPB.java:156) 
2019-09-20 08:50:56,664 [pool-80-thread-3] ERROR freon.RandomKeyGenerator (RandomKeyGenerator.java:createKey(724)) - Exception while adding key: key-0-47127 in bucket: bucket-1-57913 of volume: vol-0-37758.
INTERNAL_ERROR org.apache.hadoop.ozone.om.exceptions.OMException: Allocated 0 blocks. Requested 1 blocks
	at org.apache.hadoop.ozone.om.protocolPB.OzoneManagerProtocolClientSideTranslatorPB.handleError(OzoneManagerProtocolClientSideTranslatorPB.java:725)
	at org.apache.hadoop.ozone.om.protocolPB.OzoneManagerProtocolClientSideTranslatorPB.openKey(OzoneManagerProtocolClientSideTranslatorPB.java:716)
	at org.apache.hadoop.ozone.client.rpc.RpcClient.createKey(RpcClient.java:615)
	at org.apache.hadoop.ozone.client.OzoneBucket.createKey(OzoneBucket.java:323)
	at org.apache.hadoop.ozone.freon.RandomKeyGenerator.createKey(RandomKeyGenerator.java:686)
	at org.apache.hadoop.ozone.freon.RandomKeyGenerator.access$1100(RandomKeyGenerator.java:87)
	at org.apache.hadoop.ozone.freon.RandomKeyGenerator$ObjectCreator.run(RandomKeyGenerator.java:606)
	at java.util.concurrent.Executors$RunnableAdapter.call(Executors.java:511)
	at java.util.concurrent.FutureTask.run(FutureTask.java:266)
	at java.util.concurrent.ThreadPoolExecutor.runWorker(ThreadPoolExecutor.java:1149)
	at java.util.concurrent.ThreadPoolExecutor$Worker.run(ThreadPoolExecutor.java:624)
	at java.lang.Thread.run(Thread.java:748)
2019-09-20 08:50:56,670 [pool-80-thread-9] ERROR freon.RandomKeyGenerator (RandomKeyGenerator.java:createKey(724)) - Exception while adding key: key-0-90420 in bucket: bucket-3-26742 of volume: vol-1-34602.
INTERNAL_ERROR org.apache.hadoop.ozone.om.exceptions.OMException: Allocated 0 blocks. Requested 1 blocks
	at org.apache.hadoop.ozone.om.protocolPB.OzoneManagerProtocolClientSideTranslatorPB.handleError(OzoneManagerProtocolClientSideTranslatorPB.java:725)
	at org.apache.hadoop.ozone.om.protocolPB.OzoneManagerProtocolClientSideTranslatorPB.openKey(OzoneManagerProtocolClientSideTranslatorPB.java:716)
	at org.apache.hadoop.ozone.client.rpc.RpcClient.createKey(RpcClient.java:615)
	at org.apache.hadoop.ozone.client.OzoneBucket.createKey(OzoneBucket.java:323)
	at org.apache.hadoop.ozone.freon.RandomKeyGenerator.createKey(RandomKeyGenerator.java:686)
	at org.apache.hadoop.ozone.freon.RandomKeyGenerator.access$1100(RandomKeyGenerator.java:87)
	at org.apache.hadoop.ozone.freon.RandomKeyGenerator$ObjectCreator.run(RandomKeyGenerator.java:606)
	at java.util.concurrent.Executors$RunnableAdapter.call(Executors.java:511)
	at java.util.concurrent.FutureTask.run(FutureTask.java:266)
	at java.util.concurrent.ThreadPoolExecutor.runWorker(ThreadPoolExecutor.java:1149)
	at java.util.concurrent.ThreadPoolExecutor$Worker.run(ThreadPoolExecutor.java:624)
	at java.lang.Thread.run(Thread.java:748)
2019-09-20 08:50:56,850 | INFO  | SCMAudit | user=jenkins1000 | ip=192.168.36.79 | op=SEND_HEARTBEAT {datanodeUUID=d183acf8-c1d4-40f7-ba5a-175455d3bd55, command=[]} | ret=SUCCESS |  
2019-09-20 08:50:56,853 | INFO  | SCMAudit | user=jenkins1000 | ip=192.168.36.79 | op=SEND_HEARTBEAT {datanodeUUID=5e9b3ca5-d58f-427a-bd11-930d28ac57d8, command=[]} | ret=SUCCESS |  
2019-09-20 08:50:56,945 | INFO  | SCMAudit | user=jenkins1000 | ip=192.168.36.79 | op=SEND_HEARTBEAT {datanodeUUID=64119811-c299-4353-bef2-4f1f08694db1, command=[]} | ret=SUCCESS |  
2019-09-20 08:50:56,959 | INFO  | SCMAudit | user=jenkins1000 | ip=192.168.36.79 | op=SEND_HEARTBEAT {datanodeUUID=2a6ce4d1-5069-4aeb-8b94-5f253cd23bfc, command=[]} | ret=SUCCESS |  
2019-09-20 08:50:57,224 | INFO  | SCMAudit | user=jenkins1000 | ip=192.168.36.79 | op=SEND_HEARTBEAT {datanodeUUID=972eec63-801b-4789-a14a-664c049671ee, command=[]} | ret=SUCCESS |  
 0.00% |█                                                                                                    |  0/100 Time: 0:00:012019-09-20 08:50:57,851 | INFO  | SCMAudit | user=jenkins1000 | ip=192.168.36.79 | op=SEND_HEARTBEAT {datanodeUUID=d183acf8-c1d4-40f7-ba5a-175455d3bd55, command=[]} | ret=SUCCESS |  
2019-09-20 08:50:57,853 | INFO  | SCMAudit | user=jenkins1000 | ip=192.168.36.79 | op=SEND_HEARTBEAT {datanodeUUID=5e9b3ca5-d58f-427a-bd11-930d28ac57d8, command=[]} | ret=SUCCESS |  
2019-09-20 08:50:57,945 | INFO  | SCMAudit | user=jenkins1000 | ip=192.168.36.79 | op=SEND_HEARTBEAT {datanodeUUID=64119811-c299-4353-bef2-4f1f08694db1, command=[]} | ret=SUCCESS |  
2019-09-20 08:50:57,960 | INFO  | SCMAudit | user=jenkins1000 | ip=192.168.36.79 | op=SEND_HEARTBEAT {datanodeUUID=2a6ce4d1-5069-4aeb-8b94-5f253cd23bfc, command=[]} | ret=SUCCESS |  
2019-09-20 08:50:58,224 | INFO  | SCMAudit | user=jenkins1000 | ip=192.168.36.79 | op=SEND_HEARTBEAT {datanodeUUID=972eec63-801b-4789-a14a-664c049671ee, command=[]} | ret=SUCCESS |  
 0.00% |█                                                                                                    |  0/100 Time: 0:00:022019-09-20 08:50:58,852 | INFO  | SCMAudit | user=jenkins1000 | ip=192.168.36.79 | op=SEND_HEARTBEAT {datanodeUUID=d183acf8-c1d4-40f7-ba5a-175455d3bd55, command=[]} | ret=SUCCESS |  
2019-09-20 08:50:58,853 | INFO  | SCMAudit | user=jenkins1000 | ip=192.168.36.79 | op=SEND_HEARTBEAT {datanodeUUID=5e9b3ca5-d58f-427a-bd11-930d28ac57d8, command=[]} | ret=SUCCESS |  
2019-09-20 08:50:58,945 | INFO  | SCMAudit | user=jenkins1000 | ip=192.168.36.79 | op=SEND_HEARTBEAT {datanodeUUID=64119811-c299-4353-bef2-4f1f08694db1, command=[]} | ret=SUCCESS |  
2019-09-20 08:50:58,959 | INFO  | SCMAudit | user=jenkins1000 | ip=192.168.36.79 | op=SEND_HEARTBEAT {datanodeUUID=2a6ce4d1-5069-4aeb-8b94-5f253cd23bfc, command=[]} | ret=SUCCESS |  
2019-09-20 08:50:59,225 | INFO  | SCMAudit | user=jenkins1000 | ip=192.168.36.79 | op=SEND_HEARTBEAT {datanodeUUID=972eec63-801b-4789-a14a-664c049671ee, command=[]} | ret=SUCCESS |  
 0.00% |█                                                                                                    |  0/100 Time: 0:00:032019-09-20 08:50:59,851 | INFO  | SCMAudit | user=jenkins1000 | ip=192.168.36.79 | op=SEND_HEARTBEAT {datanodeUUID=d183acf8-c1d4-40f7-ba5a-175455d3bd55, command=[]} | ret=SUCCESS |  
2019-09-20 08:50:59,853 | INFO  | SCMAudit | user=jenkins1000 | ip=192.168.36.79 | op=SEND_HEARTBEAT {datanodeUUID=5e9b3ca5-d58f-427a-bd11-930d28ac57d8, command=[]} | ret=SUCCESS |  
2019-09-20 08:50:59,946 | INFO  | SCMAudit | user=jenkins1000 | ip=192.168.36.79 | op=SEND_HEARTBEAT {datanodeUUID=64119811-c299-4353-bef2-4f1f08694db1, command=[]} | ret=SUCCESS |  
2019-09-20 08:50:59,959 | INFO  | SCMAudit | user=jenkins1000 | ip=192.168.36.79 | op=SEND_HEARTBEAT {datanodeUUID=2a6ce4d1-5069-4aeb-8b94-5f253cd23bfc, command=[]} | ret=SUCCESS |  
2019-09-20 08:51:00,225 | INFO  | SCMAudit | user=jenkins1000 | ip=192.168.36.79 | op=SEND_HEARTBEAT {datanodeUUID=972eec63-801b-4789-a14a-664c049671ee, command=[]} | ret=SUCCESS |  
 0.00% |█                                                                                                    |  0/100 Time: 0:00:042019-09-20 08:51:00,851 | INFO  | SCMAudit | user=jenkins1000 | ip=192.168.36.79 | op=SEND_HEARTBEAT {datanodeUUID=d183acf8-c1d4-40f7-ba5a-175455d3bd55, command=[]} | ret=SUCCESS |  
2019-09-20 08:51:00,853 | INFO  | SCMAudit | user=jenkins1000 | ip=192.168.36.79 | op=SEND_HEARTBEAT {datanodeUUID=5e9b3ca5-d58f-427a-bd11-930d28ac57d8, command=[]} | ret=SUCCESS |  
2019-09-20 08:51:00,946 | INFO  | SCMAudit | user=jenkins1000 | ip=192.168.36.79 | op=SEND_HEARTBEAT {datanodeUUID=64119811-c299-4353-bef2-4f1f08694db1, command=[]} | ret=SUCCESS |  
2019-09-20 08:51:00,959 | INFO  | SCMAudit | user=jenkins1000 | ip=192.168.36.79 | op=SEND_HEARTBEAT {datanodeUUID=2a6ce4d1-5069-4aeb-8b94-5f253cd23bfc, command=[]} | ret=SUCCESS |  
2019-09-20 08:51:01,224 | INFO  | SCMAudit | user=jenkins1000 | ip=192.168.36.79 | op=SEND_HEARTBEAT {datanodeUUID=972eec63-801b-4789-a14a-664c049671ee, command=[]} | ret=SUCCESS |  
 100.00% |█████████████████████████████████████████████████████████████████████████████████████████████████████|  100/100 Time: 0:00:05
]]></system-out>
  </testcase>
  <testcase name="bigFileThan2GB" classname="org.apache.hadoop.ozone.freon.TestRandomKeyGenerator" time="17.577">
    <error message="Allocated 0 blocks. Requested 64 blocks" type="INTERNAL_ERROR org.apache.hadoop.ozone.om.exceptions.OMException">INTERNAL_ERROR org.apache.hadoop.ozone.om.exceptions.OMException: Allocated 0 blocks. Requested 64 blocks
	at org.apache.hadoop.ozone.om.protocolPB.OzoneManagerProtocolClientSideTranslatorPB.handleError(OzoneManagerProtocolClientSideTranslatorPB.java:725)
	at org.apache.hadoop.ozone.om.protocolPB.OzoneManagerProtocolClientSideTranslatorPB.openKey(OzoneManagerProtocolClientSideTranslatorPB.java:716)
	at org.apache.hadoop.ozone.client.rpc.RpcClient.createKey(RpcClient.java:615)
	at org.apache.hadoop.ozone.client.OzoneBucket.createKey(OzoneBucket.java:323)
	at org.apache.hadoop.ozone.freon.RandomKeyGenerator.createKey(RandomKeyGenerator.java:686)
	at org.apache.hadoop.ozone.freon.RandomKeyGenerator.access$1100(RandomKeyGenerator.java:87)
	at org.apache.hadoop.ozone.freon.RandomKeyGenerator$ObjectCreator.run(RandomKeyGenerator.java:606)
	at java.util.concurrent.Executors$RunnableAdapter.call(Executors.java:511)
	at java.util.concurrent.FutureTask.run(FutureTask.java:266)
	at java.util.concurrent.ThreadPoolExecutor.runWorker(ThreadPoolExecutor.java:1149)
	at java.util.concurrent.ThreadPoolExecutor$Worker.run(ThreadPoolExecutor.java:624)
	at java.lang.Thread.run(Thread.java:748)
</error>
    <system-out><![CDATA[2019-09-20 08:51:01,851 | INFO  | SCMAudit | user=jenkins1000 | ip=192.168.36.79 | op=SEND_HEARTBEAT {datanodeUUID=d183acf8-c1d4-40f7-ba5a-175455d3bd55, command=[]} | ret=SUCCESS |  
2019-09-20 08:51:01,853 | INFO  | SCMAudit | user=jenkins1000 | ip=192.168.36.79 | op=SEND_HEARTBEAT {datanodeUUID=5e9b3ca5-d58f-427a-bd11-930d28ac57d8, command=[]} | ret=SUCCESS |  
2019-09-20 08:51:01,946 | INFO  | SCMAudit | user=jenkins1000 | ip=192.168.36.79 | op=SEND_HEARTBEAT {datanodeUUID=64119811-c299-4353-bef2-4f1f08694db1, command=[]} | ret=SUCCESS |  
2019-09-20 08:51:01,959 | INFO  | SCMAudit | user=jenkins1000 | ip=192.168.36.79 | op=SEND_HEARTBEAT {datanodeUUID=2a6ce4d1-5069-4aeb-8b94-5f253cd23bfc, command=[]} | ret=SUCCESS |  
2019-09-20 08:51:02,225 | INFO  | SCMAudit | user=jenkins1000 | ip=192.168.36.79 | op=SEND_HEARTBEAT {datanodeUUID=972eec63-801b-4789-a14a-664c049671ee, command=[]} | ret=SUCCESS |  
2019-09-20 08:51:02,852 | INFO  | SCMAudit | user=jenkins1000 | ip=192.168.36.79 | op=SEND_HEARTBEAT {datanodeUUID=d183acf8-c1d4-40f7-ba5a-175455d3bd55, command=[]} | ret=SUCCESS |  
2019-09-20 08:51:02,854 | INFO  | SCMAudit | user=jenkins1000 | ip=192.168.36.79 | op=SEND_HEARTBEAT {datanodeUUID=5e9b3ca5-d58f-427a-bd11-930d28ac57d8, command=[]} | ret=SUCCESS |  
2019-09-20 08:51:02,948 | INFO  | SCMAudit | user=jenkins1000 | ip=192.168.36.79 | op=SEND_HEARTBEAT {datanodeUUID=64119811-c299-4353-bef2-4f1f08694db1, command=[]} | ret=SUCCESS |  
2019-09-20 08:51:02,959 | INFO  | SCMAudit | user=jenkins1000 | ip=192.168.36.79 | op=SEND_HEARTBEAT {datanodeUUID=2a6ce4d1-5069-4aeb-8b94-5f253cd23bfc, command=[]} | ret=SUCCESS |  
2019-09-20 08:51:03,224 | INFO  | SCMAudit | user=jenkins1000 | ip=192.168.36.79 | op=SEND_HEARTBEAT {datanodeUUID=972eec63-801b-4789-a14a-664c049671ee, command=[]} | ret=SUCCESS |  
2019-09-20 08:51:03,854 | INFO  | SCMAudit | user=jenkins1000 | ip=192.168.36.79 | op=SEND_HEARTBEAT {datanodeUUID=d183acf8-c1d4-40f7-ba5a-175455d3bd55, command=[]} | ret=SUCCESS |  
2019-09-20 08:51:03,854 | INFO  | SCMAudit | user=jenkins1000 | ip=192.168.36.79 | op=SEND_HEARTBEAT {datanodeUUID=5e9b3ca5-d58f-427a-bd11-930d28ac57d8, command=[]} | ret=SUCCESS |  
2019-09-20 08:51:03,947 | INFO  | SCMAudit | user=jenkins1000 | ip=192.168.36.79 | op=SEND_HEARTBEAT {datanodeUUID=64119811-c299-4353-bef2-4f1f08694db1, command=[]} | ret=SUCCESS |  
2019-09-20 08:51:03,959 | INFO  | SCMAudit | user=jenkins1000 | ip=192.168.36.79 | op=SEND_HEARTBEAT {datanodeUUID=2a6ce4d1-5069-4aeb-8b94-5f253cd23bfc, command=[]} | ret=SUCCESS |  
2019-09-20 08:51:04,224 | INFO  | SCMAudit | user=jenkins1000 | ip=192.168.36.79 | op=SEND_HEARTBEAT {datanodeUUID=972eec63-801b-4789-a14a-664c049671ee, command=[]} | ret=SUCCESS |  
2019-09-20 08:51:04,851 | INFO  | SCMAudit | user=jenkins1000 | ip=192.168.36.79 | op=SEND_HEARTBEAT {datanodeUUID=d183acf8-c1d4-40f7-ba5a-175455d3bd55, command=[]} | ret=SUCCESS |  
2019-09-20 08:51:04,854 | INFO  | SCMAudit | user=jenkins1000 | ip=192.168.36.79 | op=SEND_HEARTBEAT {datanodeUUID=5e9b3ca5-d58f-427a-bd11-930d28ac57d8, command=[]} | ret=SUCCESS |  
2019-09-20 08:51:04,947 | INFO  | SCMAudit | user=jenkins1000 | ip=192.168.36.79 | op=SEND_HEARTBEAT {datanodeUUID=64119811-c299-4353-bef2-4f1f08694db1, command=[]} | ret=SUCCESS |  
2019-09-20 08:51:04,958 | INFO  | SCMAudit | user=jenkins1000 | ip=192.168.36.79 | op=SEND_HEARTBEAT {datanodeUUID=2a6ce4d1-5069-4aeb-8b94-5f253cd23bfc, command=[]} | ret=SUCCESS |  
2019-09-20 08:51:05,224 | INFO  | SCMAudit | user=jenkins1000 | ip=192.168.36.79 | op=SEND_HEARTBEAT {datanodeUUID=972eec63-801b-4789-a14a-664c049671ee, command=[]} | ret=SUCCESS |  
2019-09-20 08:51:05,851 | INFO  | SCMAudit | user=jenkins1000 | ip=192.168.36.79 | op=SEND_HEARTBEAT {datanodeUUID=d183acf8-c1d4-40f7-ba5a-175455d3bd55, command=[]} | ret=SUCCESS |  
2019-09-20 08:51:05,854 | INFO  | SCMAudit | user=jenkins1000 | ip=192.168.36.79 | op=SEND_HEARTBEAT {datanodeUUID=5e9b3ca5-d58f-427a-bd11-930d28ac57d8, command=[]} | ret=SUCCESS |  
2019-09-20 08:51:05,947 | INFO  | SCMAudit | user=jenkins1000 | ip=192.168.36.79 | op=SEND_HEARTBEAT {datanodeUUID=64119811-c299-4353-bef2-4f1f08694db1, command=[]} | ret=SUCCESS |  
2019-09-20 08:51:05,960 | INFO  | SCMAudit | user=jenkins1000 | ip=192.168.36.79 | op=SEND_HEARTBEAT {datanodeUUID=2a6ce4d1-5069-4aeb-8b94-5f253cd23bfc, command=[]} | ret=SUCCESS |  
2019-09-20 08:51:06,233 | INFO  | SCMAudit | user=jenkins1000 | ip=192.168.36.79 | op=SEND_HEARTBEAT {datanodeUUID=972eec63-801b-4789-a14a-664c049671ee, command=[]} | ret=SUCCESS |  
2019-09-20 08:51:06,851 | INFO  | SCMAudit | user=jenkins1000 | ip=192.168.36.79 | op=SEND_HEARTBEAT {datanodeUUID=d183acf8-c1d4-40f7-ba5a-175455d3bd55, command=[]} | ret=SUCCESS |  
2019-09-20 08:51:06,854 | INFO  | SCMAudit | user=jenkins1000 | ip=192.168.36.79 | op=SEND_HEARTBEAT {datanodeUUID=5e9b3ca5-d58f-427a-bd11-930d28ac57d8, command=[]} | ret=SUCCESS |  
2019-09-20 08:51:06,947 | INFO  | SCMAudit | user=jenkins1000 | ip=192.168.36.79 | op=SEND_HEARTBEAT {datanodeUUID=64119811-c299-4353-bef2-4f1f08694db1, command=[]} | ret=SUCCESS |  
2019-09-20 08:51:06,960 | INFO  | SCMAudit | user=jenkins1000 | ip=192.168.36.79 | op=SEND_HEARTBEAT {datanodeUUID=2a6ce4d1-5069-4aeb-8b94-5f253cd23bfc, command=[]} | ret=SUCCESS |  
2019-09-20 08:51:07,233 | INFO  | SCMAudit | user=jenkins1000 | ip=192.168.36.79 | op=SEND_HEARTBEAT {datanodeUUID=972eec63-801b-4789-a14a-664c049671ee, command=[]} | ret=SUCCESS |  
2019-09-20 08:51:07,851 | INFO  | SCMAudit | user=jenkins1000 | ip=192.168.36.79 | op=SEND_HEARTBEAT {datanodeUUID=d183acf8-c1d4-40f7-ba5a-175455d3bd55, command=[]} | ret=SUCCESS |  
2019-09-20 08:51:07,854 | INFO  | SCMAudit | user=jenkins1000 | ip=192.168.36.79 | op=SEND_HEARTBEAT {datanodeUUID=5e9b3ca5-d58f-427a-bd11-930d28ac57d8, command=[]} | ret=SUCCESS |  
2019-09-20 08:51:07,947 | INFO  | SCMAudit | user=jenkins1000 | ip=192.168.36.79 | op=SEND_HEARTBEAT {datanodeUUID=64119811-c299-4353-bef2-4f1f08694db1, command=[]} | ret=SUCCESS |  
2019-09-20 08:51:07,961 | INFO  | SCMAudit | user=jenkins1000 | ip=192.168.36.79 | op=SEND_HEARTBEAT {datanodeUUID=2a6ce4d1-5069-4aeb-8b94-5f253cd23bfc, command=[]} | ret=SUCCESS |  
2019-09-20 08:51:08,233 | INFO  | SCMAudit | user=jenkins1000 | ip=192.168.36.79 | op=SEND_HEARTBEAT {datanodeUUID=972eec63-801b-4789-a14a-664c049671ee, command=[]} | ret=SUCCESS |  
2019-09-20 08:51:08,851 | INFO  | SCMAudit | user=jenkins1000 | ip=192.168.36.79 | op=SEND_HEARTBEAT {datanodeUUID=d183acf8-c1d4-40f7-ba5a-175455d3bd55, command=[]} | ret=SUCCESS |  
2019-09-20 08:51:08,853 | INFO  | SCMAudit | user=jenkins1000 | ip=192.168.36.79 | op=SEND_HEARTBEAT {datanodeUUID=5e9b3ca5-d58f-427a-bd11-930d28ac57d8, command=[]} | ret=SUCCESS |  
2019-09-20 08:51:08,948 | INFO  | SCMAudit | user=jenkins1000 | ip=192.168.36.79 | op=SEND_HEARTBEAT {datanodeUUID=64119811-c299-4353-bef2-4f1f08694db1, command=[]} | ret=SUCCESS |  
2019-09-20 08:51:08,961 | INFO  | SCMAudit | user=jenkins1000 | ip=192.168.36.79 | op=SEND_HEARTBEAT {datanodeUUID=2a6ce4d1-5069-4aeb-8b94-5f253cd23bfc, command=[]} | ret=SUCCESS |  
2019-09-20 08:51:09,164 [main] INFO  freon.RandomKeyGenerator (RandomKeyGenerator.java:call(275)) - Number of Threads: 1
2019-09-20 08:51:09,164 [main] INFO  freon.RandomKeyGenerator (RandomKeyGenerator.java:call(280)) - Number of Volumes: 1.
2019-09-20 08:51:09,164 [main] INFO  freon.RandomKeyGenerator (RandomKeyGenerator.java:call(281)) - Number of Buckets per Volume: 1.
2019-09-20 08:51:09,165 [main] INFO  freon.RandomKeyGenerator (RandomKeyGenerator.java:call(282)) - Number of Keys per Bucket: 1.
2019-09-20 08:51:09,165 [main] INFO  freon.RandomKeyGenerator (RandomKeyGenerator.java:call(283)) - Key size: 2147483657 bytes
2019-09-20 08:51:09,165 [main] INFO  freon.RandomKeyGenerator (RandomKeyGenerator.java:call(284)) - Buffer size: 4096 bytes
2019-09-20 08:51:09,166 [pool-81-thread-1] INFO  rpc.RpcClient (RpcClient.java:createVolume(293)) - Creating Volume: vol-0-27972, with jenkins1000 as owner.
2019-09-20 08:51:09,172 | INFO  | OMAudit | user=jenkins1000 | ip=127.0.0.1 | op=CREATE_VOLUME {admin=jenkins1000, owner=jenkins1000, volume=vol-0-27972, creationTime=1568969469172, quotaInBytes=1152921504606846976} | ret=SUCCESS |  
2019-09-20 08:51:09,175 | INFO  | OMAudit | user=jenkins1000 | ip=127.0.0.1 | op=READ_VOLUME {volume=vol-0-27972} | ret=SUCCESS |  
2019-09-20 08:51:09,175 [pool-81-thread-1] INFO  rpc.RpcClient (RpcClient.java:createBucket(432)) - Creating Bucket: vol-0-27972/bucket-0-27108, with Versioning false and Storage Type set to DISK and Encryption set to false 
2019-09-20 08:51:09,177 | INFO  | OMAudit | user=jenkins1000 | ip=127.0.0.1 | op=CREATE_BUCKET {volume=vol-0-27972, bucket=bucket-0-27108, acls=[user:jenkins1000:a[ACCESS], group:default:a[ACCESS]], isVersionEnabled=false, storageType=DISK, creationTime=0} | ret=SUCCESS |  
2019-09-20 08:51:09,178 | INFO  | OMAudit | user=jenkins1000 | ip=127.0.0.1 | op=READ_BUCKET {volume=vol-0-27972, bucket=bucket-0-27108} | ret=SUCCESS |  
2019-09-20 08:51:09,178 [main] INFO  freon.RandomKeyGenerator (RandomKeyGenerator.java:call(298)) - Data validation is enabled.
2019-09-20 08:51:09,178 [main] INFO  freon.RandomKeyGenerator (RandomKeyGenerator.java:call(304)) - Starting progress bar Thread.

 0.00% |█                                                                                                    |  0/1 Time: 0:00:002019-09-20 08:51:09,185 [IPC Server handler 6 on 35288] INFO  pipeline.PipelinePlacementPolicy (PipelinePlacementPolicy.java:meetCriteria(91)) - Pipeline Placement: Doesn't meet the criteria to be viable node： d183acf8-c1d4-40f7-ba5a-175455d3bd55 Heaviness: 6 limit: 5
2019-09-20 08:51:09,186 [IPC Server handler 6 on 35288] INFO  pipeline.PipelinePlacementPolicy (PipelinePlacementPolicy.java:meetCriteria(91)) - Pipeline Placement: Doesn't meet the criteria to be viable node： 2a6ce4d1-5069-4aeb-8b94-5f253cd23bfc Heaviness: 6 limit: 5
2019-09-20 08:51:09,186 [IPC Server handler 6 on 35288] INFO  pipeline.PipelinePlacementPolicy (PipelinePlacementPolicy.java:meetCriteria(91)) - Pipeline Placement: Doesn't meet the criteria to be viable node： 972eec63-801b-4789-a14a-664c049671ee Heaviness: 6 limit: 5
2019-09-20 08:51:09,186 [IPC Server handler 6 on 35288] INFO  pipeline.PipelinePlacementPolicy (PipelinePlacementPolicy.java:meetCriteria(91)) - Pipeline Placement: Doesn't meet the criteria to be viable node： 5e9b3ca5-d58f-427a-bd11-930d28ac57d8 Heaviness: 6 limit: 5
2019-09-20 08:51:09,186 [IPC Server handler 6 on 35288] INFO  pipeline.PipelinePlacementPolicy (PipelinePlacementPolicy.java:meetCriteria(91)) - Pipeline Placement: Doesn't meet the criteria to be viable node： 64119811-c299-4353-bef2-4f1f08694db1 Heaviness: 6 limit: 5
2019-09-20 08:51:09,186 [IPC Server handler 6 on 35288] ERROR pipeline.PipelinePlacementPolicy (PipelinePlacementPolicy.java:filterViableNodes(148)) - Unable to find enough nodes that meet the criteria that cannot engage in more than 5 pipelines. Nodes required: 3 Found: 0, healthy nodes count inNodeManager: 5.
2019-09-20 08:51:09,186 [IPC Server handler 6 on 35288] ERROR pipeline.SCMPipelineManager (SCMPipelineManager.java:createPipeline(161)) - Pipeline creation failed due to exception: Unable to find enough nodes that meet the criteria that cannot engage in more than 5 pipelines. Nodes required: 3 Found: 0, healthy nodes count inNodeManager: 5.
2019-09-20 08:51:09,186 [IPC Server handler 6 on 35288] WARN  block.BlockManagerImpl (BlockManagerImpl.java:allocateBlock(192)) - Pipeline creation failed for type:RATIS factor:THREE. Retrying get pipelines call once.
org.apache.hadoop.hdds.scm.exceptions.SCMException: Unable to find enough nodes that meet the criteria that cannot engage in more than 5 pipelines. Nodes required: 3 Found: 0, healthy nodes count inNodeManager: 5.
	at org.apache.hadoop.hdds.scm.pipeline.PipelinePlacementPolicy.filterViableNodes(PipelinePlacementPolicy.java:149)
	at org.apache.hadoop.hdds.scm.pipeline.PipelinePlacementPolicy.chooseDatanodes(PipelinePlacementPolicy.java:172)
	at org.apache.hadoop.hdds.scm.pipeline.RatisPipelineProvider.create(RatisPipelineProvider.java:92)
	at org.apache.hadoop.hdds.scm.pipeline.PipelineFactory.create(PipelineFactory.java:57)
	at org.apache.hadoop.hdds.scm.pipeline.SCMPipelineManager.createPipeline(SCMPipelineManager.java:149)
	at org.apache.hadoop.hdds.scm.block.BlockManagerImpl.allocateBlock(BlockManagerImpl.java:190)
	at org.apache.hadoop.hdds.scm.server.SCMBlockProtocolServer.allocateBlock(SCMBlockProtocolServer.java:175)
	at org.apache.hadoop.ozone.protocolPB.ScmBlockLocationProtocolServerSideTranslatorPB.allocateScmBlock(ScmBlockLocationProtocolServerSideTranslatorPB.java:153)
	at org.apache.hadoop.ozone.protocolPB.ScmBlockLocationProtocolServerSideTranslatorPB.send(ScmBlockLocationProtocolServerSideTranslatorPB.java:112)
	at org.apache.hadoop.hdds.protocol.proto.ScmBlockLocationProtocolProtos$ScmBlockLocationProtocolService$2.callBlockingMethod(ScmBlockLocationProtocolProtos.java:13157)
	at org.apache.hadoop.ipc.ProtobufRpcEngine$Server$ProtoBufRpcInvoker.call(ProtobufRpcEngine.java:524)
	at org.apache.hadoop.ipc.RPC$Server.call(RPC.java:1025)
	at org.apache.hadoop.ipc.Server$RpcCall.run(Server.java:876)
	at org.apache.hadoop.ipc.Server$RpcCall.run(Server.java:822)
	at java.security.AccessController.doPrivileged(Native Method)
	at javax.security.auth.Subject.doAs(Subject.java:422)
	at org.apache.hadoop.security.UserGroupInformation.doAs(UserGroupInformation.java:1730)
	at org.apache.hadoop.ipc.Server$Handler.run(Server.java:2682)
2019-09-20 08:51:09,187 [IPC Server handler 6 on 35288] INFO  block.BlockManagerImpl (BlockManagerImpl.java:allocateBlock(198)) - Could not find available pipeline of type:RATIS and factor:THREE even after retrying
2019-09-20 08:51:09,187 [IPC Server handler 6 on 35288] ERROR block.BlockManagerImpl (BlockManagerImpl.java:allocateBlock(222)) - Unable to allocate a block for the size: 4194304, type: RATIS, factor: THREE
2019-09-20 08:51:09,187 [IPC Server handler 6 on 35288] INFO  pipeline.PipelinePlacementPolicy (PipelinePlacementPolicy.java:meetCriteria(91)) - Pipeline Placement: Doesn't meet the criteria to be viable node： d183acf8-c1d4-40f7-ba5a-175455d3bd55 Heaviness: 6 limit: 5
2019-09-20 08:51:09,187 [IPC Server handler 6 on 35288] INFO  pipeline.PipelinePlacementPolicy (PipelinePlacementPolicy.java:meetCriteria(91)) - Pipeline Placement: Doesn't meet the criteria to be viable node： 2a6ce4d1-5069-4aeb-8b94-5f253cd23bfc Heaviness: 6 limit: 5
2019-09-20 08:51:09,187 [IPC Server handler 6 on 35288] INFO  pipeline.PipelinePlacementPolicy (PipelinePlacementPolicy.java:meetCriteria(91)) - Pipeline Placement: Doesn't meet the criteria to be viable node： 972eec63-801b-4789-a14a-664c049671ee Heaviness: 6 limit: 5
2019-09-20 08:51:09,187 [IPC Server handler 6 on 35288] INFO  pipeline.PipelinePlacementPolicy (PipelinePlacementPolicy.java:meetCriteria(91)) - Pipeline Placement: Doesn't meet the criteria to be viable node： 5e9b3ca5-d58f-427a-bd11-930d28ac57d8 Heaviness: 6 limit: 5
2019-09-20 08:51:09,188 [IPC Server handler 6 on 35288] INFO  pipeline.PipelinePlacementPolicy (PipelinePlacementPolicy.java:meetCriteria(91)) - Pipeline Placement: Doesn't meet the criteria to be viable node： 64119811-c299-4353-bef2-4f1f08694db1 Heaviness: 6 limit: 5
2019-09-20 08:51:09,188 [IPC Server handler 6 on 35288] ERROR pipeline.PipelinePlacementPolicy (PipelinePlacementPolicy.java:filterViableNodes(148)) - Unable to find enough nodes that meet the criteria that cannot engage in more than 5 pipelines. Nodes required: 3 Found: 0, healthy nodes count inNodeManager: 5.
2019-09-20 08:51:09,188 [IPC Server handler 6 on 35288] ERROR pipeline.SCMPipelineManager (SCMPipelineManager.java:createPipeline(161)) - Pipeline creation failed due to exception: Unable to find enough nodes that meet the criteria that cannot engage in more than 5 pipelines. Nodes required: 3 Found: 0, healthy nodes count inNodeManager: 5.
2019-09-20 08:51:09,188 [IPC Server handler 6 on 35288] WARN  block.BlockManagerImpl (BlockManagerImpl.java:allocateBlock(192)) - Pipeline creation failed for type:RATIS factor:THREE. Retrying get pipelines call once.
org.apache.hadoop.hdds.scm.exceptions.SCMException: Unable to find enough nodes that meet the criteria that cannot engage in more than 5 pipelines. Nodes required: 3 Found: 0, healthy nodes count inNodeManager: 5.
	at org.apache.hadoop.hdds.scm.pipeline.PipelinePlacementPolicy.filterViableNodes(PipelinePlacementPolicy.java:149)
	at org.apache.hadoop.hdds.scm.pipeline.PipelinePlacementPolicy.chooseDatanodes(PipelinePlacementPolicy.java:172)
	at org.apache.hadoop.hdds.scm.pipeline.RatisPipelineProvider.create(RatisPipelineProvider.java:92)
	at org.apache.hadoop.hdds.scm.pipeline.PipelineFactory.create(PipelineFactory.java:57)
	at org.apache.hadoop.hdds.scm.pipeline.SCMPipelineManager.createPipeline(SCMPipelineManager.java:149)
	at org.apache.hadoop.hdds.scm.block.BlockManagerImpl.allocateBlock(BlockManagerImpl.java:190)
	at org.apache.hadoop.hdds.scm.server.SCMBlockProtocolServer.allocateBlock(SCMBlockProtocolServer.java:175)
	at org.apache.hadoop.ozone.protocolPB.ScmBlockLocationProtocolServerSideTranslatorPB.allocateScmBlock(ScmBlockLocationProtocolServerSideTranslatorPB.java:153)
	at org.apache.hadoop.ozone.protocolPB.ScmBlockLocationProtocolServerSideTranslatorPB.send(ScmBlockLocationProtocolServerSideTranslatorPB.java:112)
	at org.apache.hadoop.hdds.protocol.proto.ScmBlockLocationProtocolProtos$ScmBlockLocationProtocolService$2.callBlockingMethod(ScmBlockLocationProtocolProtos.java:13157)
	at org.apache.hadoop.ipc.ProtobufRpcEngine$Server$ProtoBufRpcInvoker.call(ProtobufRpcEngine.java:524)
	at org.apache.hadoop.ipc.RPC$Server.call(RPC.java:1025)
	at org.apache.hadoop.ipc.Server$RpcCall.run(Server.java:876)
	at org.apache.hadoop.ipc.Server$RpcCall.run(Server.java:822)
	at java.security.AccessController.doPrivileged(Native Method)
	at javax.security.auth.Subject.doAs(Subject.java:422)
	at org.apache.hadoop.security.UserGroupInformation.doAs(UserGroupInformation.java:1730)
	at org.apache.hadoop.ipc.Server$Handler.run(Server.java:2682)
2019-09-20 08:51:09,188 [IPC Server handler 6 on 35288] INFO  block.BlockManagerImpl (BlockManagerImpl.java:allocateBlock(198)) - Could not find available pipeline of type:RATIS and factor:THREE even after retrying
2019-09-20 08:51:09,188 [IPC Server handler 6 on 35288] ERROR block.BlockManagerImpl (BlockManagerImpl.java:allocateBlock(222)) - Unable to allocate a block for the size: 4194304, type: RATIS, factor: THREE
2019-09-20 08:51:09,189 [IPC Server handler 6 on 35288] INFO  pipeline.PipelinePlacementPolicy (PipelinePlacementPolicy.java:meetCriteria(91)) - Pipeline Placement: Doesn't meet the criteria to be viable node： d183acf8-c1d4-40f7-ba5a-175455d3bd55 Heaviness: 6 limit: 5
2019-09-20 08:51:09,189 [IPC Server handler 6 on 35288] INFO  pipeline.PipelinePlacementPolicy (PipelinePlacementPolicy.java:meetCriteria(91)) - Pipeline Placement: Doesn't meet the criteria to be viable node： 2a6ce4d1-5069-4aeb-8b94-5f253cd23bfc Heaviness: 6 limit: 5
2019-09-20 08:51:09,189 [IPC Server handler 6 on 35288] INFO  pipeline.PipelinePlacementPolicy (PipelinePlacementPolicy.java:meetCriteria(91)) - Pipeline Placement: Doesn't meet the criteria to be viable node： 972eec63-801b-4789-a14a-664c049671ee Heaviness: 6 limit: 5
2019-09-20 08:51:09,189 [IPC Server handler 6 on 35288] INFO  pipeline.PipelinePlacementPolicy (PipelinePlacementPolicy.java:meetCriteria(91)) - Pipeline Placement: Doesn't meet the criteria to be viable node： 5e9b3ca5-d58f-427a-bd11-930d28ac57d8 Heaviness: 6 limit: 5
2019-09-20 08:51:09,189 [IPC Server handler 6 on 35288] INFO  pipeline.PipelinePlacementPolicy (PipelinePlacementPolicy.java:meetCriteria(91)) - Pipeline Placement: Doesn't meet the criteria to be viable node： 64119811-c299-4353-bef2-4f1f08694db1 Heaviness: 6 limit: 5
2019-09-20 08:51:09,189 [IPC Server handler 6 on 35288] ERROR pipeline.PipelinePlacementPolicy (PipelinePlacementPolicy.java:filterViableNodes(148)) - Unable to find enough nodes that meet the criteria that cannot engage in more than 5 pipelines. Nodes required: 3 Found: 0, healthy nodes count inNodeManager: 5.
2019-09-20 08:51:09,189 [IPC Server handler 6 on 35288] ERROR pipeline.SCMPipelineManager (SCMPipelineManager.java:createPipeline(161)) - Pipeline creation failed due to exception: Unable to find enough nodes that meet the criteria that cannot engage in more than 5 pipelines. Nodes required: 3 Found: 0, healthy nodes count inNodeManager: 5.
2019-09-20 08:51:09,189 [IPC Server handler 6 on 35288] WARN  block.BlockManagerImpl (BlockManagerImpl.java:allocateBlock(192)) - Pipeline creation failed for type:RATIS factor:THREE. Retrying get pipelines call once.
org.apache.hadoop.hdds.scm.exceptions.SCMException: Unable to find enough nodes that meet the criteria that cannot engage in more than 5 pipelines. Nodes required: 3 Found: 0, healthy nodes count inNodeManager: 5.
	at org.apache.hadoop.hdds.scm.pipeline.PipelinePlacementPolicy.filterViableNodes(PipelinePlacementPolicy.java:149)
	at org.apache.hadoop.hdds.scm.pipeline.PipelinePlacementPolicy.chooseDatanodes(PipelinePlacementPolicy.java:172)
	at org.apache.hadoop.hdds.scm.pipeline.RatisPipelineProvider.create(RatisPipelineProvider.java:92)
	at org.apache.hadoop.hdds.scm.pipeline.PipelineFactory.create(PipelineFactory.java:57)
	at org.apache.hadoop.hdds.scm.pipeline.SCMPipelineManager.createPipeline(SCMPipelineManager.java:149)
	at org.apache.hadoop.hdds.scm.block.BlockManagerImpl.allocateBlock(BlockManagerImpl.java:190)
	at org.apache.hadoop.hdds.scm.server.SCMBlockProtocolServer.allocateBlock(SCMBlockProtocolServer.java:175)
	at org.apache.hadoop.ozone.protocolPB.ScmBlockLocationProtocolServerSideTranslatorPB.allocateScmBlock(ScmBlockLocationProtocolServerSideTranslatorPB.java:153)
	at org.apache.hadoop.ozone.protocolPB.ScmBlockLocationProtocolServerSideTranslatorPB.send(ScmBlockLocationProtocolServerSideTranslatorPB.java:112)
	at org.apache.hadoop.hdds.protocol.proto.ScmBlockLocationProtocolProtos$ScmBlockLocationProtocolService$2.callBlockingMethod(ScmBlockLocationProtocolProtos.java:13157)
	at org.apache.hadoop.ipc.ProtobufRpcEngine$Server$ProtoBufRpcInvoker.call(ProtobufRpcEngine.java:524)
	at org.apache.hadoop.ipc.RPC$Server.call(RPC.java:1025)
	at org.apache.hadoop.ipc.Server$RpcCall.run(Server.java:876)
	at org.apache.hadoop.ipc.Server$RpcCall.run(Server.java:822)
	at java.security.AccessController.doPrivileged(Native Method)
	at javax.security.auth.Subject.doAs(Subject.java:422)
	at org.apache.hadoop.security.UserGroupInformation.doAs(UserGroupInformation.java:1730)
	at org.apache.hadoop.ipc.Server$Handler.run(Server.java:2682)
2019-09-20 08:51:09,190 [IPC Server handler 6 on 35288] INFO  block.BlockManagerImpl (BlockManagerImpl.java:allocateBlock(198)) - Could not find available pipeline of type:RATIS and factor:THREE even after retrying
2019-09-20 08:51:09,190 [IPC Server handler 6 on 35288] ERROR block.BlockManagerImpl (BlockManagerImpl.java:allocateBlock(222)) - Unable to allocate a block for the size: 4194304, type: RATIS, factor: THREE
2019-09-20 08:51:09,190 [IPC Server handler 6 on 35288] INFO  pipeline.PipelinePlacementPolicy (PipelinePlacementPolicy.java:meetCriteria(91)) - Pipeline Placement: Doesn't meet the criteria to be viable node： d183acf8-c1d4-40f7-ba5a-175455d3bd55 Heaviness: 6 limit: 5
2019-09-20 08:51:09,190 [IPC Server handler 6 on 35288] INFO  pipeline.PipelinePlacementPolicy (PipelinePlacementPolicy.java:meetCriteria(91)) - Pipeline Placement: Doesn't meet the criteria to be viable node： 2a6ce4d1-5069-4aeb-8b94-5f253cd23bfc Heaviness: 6 limit: 5
2019-09-20 08:51:09,190 [IPC Server handler 6 on 35288] INFO  pipeline.PipelinePlacementPolicy (PipelinePlacementPolicy.java:meetCriteria(91)) - Pipeline Placement: Doesn't meet the criteria to be viable node： 972eec63-801b-4789-a14a-664c049671ee Heaviness: 6 limit: 5
2019-09-20 08:51:09,190 [IPC Server handler 6 on 35288] INFO  pipeline.PipelinePlacementPolicy (PipelinePlacementPolicy.java:meetCriteria(91)) - Pipeline Placement: Doesn't meet the criteria to be viable node： 5e9b3ca5-d58f-427a-bd11-930d28ac57d8 Heaviness: 6 limit: 5
2019-09-20 08:51:09,191 [IPC Server handler 6 on 35288] INFO  pipeline.PipelinePlacementPolicy (PipelinePlacementPolicy.java:meetCriteria(91)) - Pipeline Placement: Doesn't meet the criteria to be viable node： 64119811-c299-4353-bef2-4f1f08694db1 Heaviness: 6 limit: 5
2019-09-20 08:51:09,191 [IPC Server handler 6 on 35288] ERROR pipeline.PipelinePlacementPolicy (PipelinePlacementPolicy.java:filterViableNodes(148)) - Unable to find enough nodes that meet the criteria that cannot engage in more than 5 pipelines. Nodes required: 3 Found: 0, healthy nodes count inNodeManager: 5.
2019-09-20 08:51:09,191 [IPC Server handler 6 on 35288] ERROR pipeline.SCMPipelineManager (SCMPipelineManager.java:createPipeline(161)) - Pipeline creation failed due to exception: Unable to find enough nodes that meet the criteria that cannot engage in more than 5 pipelines. Nodes required: 3 Found: 0, healthy nodes count inNodeManager: 5.
2019-09-20 08:51:09,191 [IPC Server handler 6 on 35288] WARN  block.BlockManagerImpl (BlockManagerImpl.java:allocateBlock(192)) - Pipeline creation failed for type:RATIS factor:THREE. Retrying get pipelines call once.
org.apache.hadoop.hdds.scm.exceptions.SCMException: Unable to find enough nodes that meet the criteria that cannot engage in more than 5 pipelines. Nodes required: 3 Found: 0, healthy nodes count inNodeManager: 5.
	at org.apache.hadoop.hdds.scm.pipeline.PipelinePlacementPolicy.filterViableNodes(PipelinePlacementPolicy.java:149)
	at org.apache.hadoop.hdds.scm.pipeline.PipelinePlacementPolicy.chooseDatanodes(PipelinePlacementPolicy.java:172)
	at org.apache.hadoop.hdds.scm.pipeline.RatisPipelineProvider.create(RatisPipelineProvider.java:92)
	at org.apache.hadoop.hdds.scm.pipeline.PipelineFactory.create(PipelineFactory.java:57)
	at org.apache.hadoop.hdds.scm.pipeline.SCMPipelineManager.createPipeline(SCMPipelineManager.java:149)
	at org.apache.hadoop.hdds.scm.block.BlockManagerImpl.allocateBlock(BlockManagerImpl.java:190)
	at org.apache.hadoop.hdds.scm.server.SCMBlockProtocolServer.allocateBlock(SCMBlockProtocolServer.java:175)
	at org.apache.hadoop.ozone.protocolPB.ScmBlockLocationProtocolServerSideTranslatorPB.allocateScmBlock(ScmBlockLocationProtocolServerSideTranslatorPB.java:153)
	at org.apache.hadoop.ozone.protocolPB.ScmBlockLocationProtocolServerSideTranslatorPB.send(ScmBlockLocationProtocolServerSideTranslatorPB.java:112)
	at org.apache.hadoop.hdds.protocol.proto.ScmBlockLocationProtocolProtos$ScmBlockLocationProtocolService$2.callBlockingMethod(ScmBlockLocationProtocolProtos.java:13157)
	at org.apache.hadoop.ipc.ProtobufRpcEngine$Server$ProtoBufRpcInvoker.call(ProtobufRpcEngine.java:524)
	at org.apache.hadoop.ipc.RPC$Server.call(RPC.java:1025)
	at org.apache.hadoop.ipc.Server$RpcCall.run(Server.java:876)
	at org.apache.hadoop.ipc.Server$RpcCall.run(Server.java:822)
	at java.security.AccessController.doPrivileged(Native Method)
	at javax.security.auth.Subject.doAs(Subject.java:422)
	at org.apache.hadoop.security.UserGroupInformation.doAs(UserGroupInformation.java:1730)
	at org.apache.hadoop.ipc.Server$Handler.run(Server.java:2682)
2019-09-20 08:51:09,191 [IPC Server handler 6 on 35288] INFO  block.BlockManagerImpl (BlockManagerImpl.java:allocateBlock(198)) - Could not find available pipeline of type:RATIS and factor:THREE even after retrying
2019-09-20 08:51:09,191 [IPC Server handler 6 on 35288] ERROR block.BlockManagerImpl (BlockManagerImpl.java:allocateBlock(222)) - Unable to allocate a block for the size: 4194304, type: RATIS, factor: THREE
2019-09-20 08:51:09,191 [IPC Server handler 6 on 35288] INFO  pipeline.PipelinePlacementPolicy (PipelinePlacementPolicy.java:meetCriteria(91)) - Pipeline Placement: Doesn't meet the criteria to be viable node： d183acf8-c1d4-40f7-ba5a-175455d3bd55 Heaviness: 6 limit: 5
2019-09-20 08:51:09,192 [IPC Server handler 6 on 35288] INFO  pipeline.PipelinePlacementPolicy (PipelinePlacementPolicy.java:meetCriteria(91)) - Pipeline Placement: Doesn't meet the criteria to be viable node： 2a6ce4d1-5069-4aeb-8b94-5f253cd23bfc Heaviness: 6 limit: 5
2019-09-20 08:51:09,192 [IPC Server handler 6 on 35288] INFO  pipeline.PipelinePlacementPolicy (PipelinePlacementPolicy.java:meetCriteria(91)) - Pipeline Placement: Doesn't meet the criteria to be viable node： 972eec63-801b-4789-a14a-664c049671ee Heaviness: 6 limit: 5
2019-09-20 08:51:09,192 [IPC Server handler 6 on 35288] INFO  pipeline.PipelinePlacementPolicy (PipelinePlacementPolicy.java:meetCriteria(91)) - Pipeline Placement: Doesn't meet the criteria to be viable node： 5e9b3ca5-d58f-427a-bd11-930d28ac57d8 Heaviness: 6 limit: 5
2019-09-20 08:51:09,192 [IPC Server handler 6 on 35288] INFO  pipeline.PipelinePlacementPolicy (PipelinePlacementPolicy.java:meetCriteria(91)) - Pipeline Placement: Doesn't meet the criteria to be viable node： 64119811-c299-4353-bef2-4f1f08694db1 Heaviness: 6 limit: 5
2019-09-20 08:51:09,192 [IPC Server handler 6 on 35288] ERROR pipeline.PipelinePlacementPolicy (PipelinePlacementPolicy.java:filterViableNodes(148)) - Unable to find enough nodes that meet the criteria that cannot engage in more than 5 pipelines. Nodes required: 3 Found: 0, healthy nodes count inNodeManager: 5.
2019-09-20 08:51:09,192 [IPC Server handler 6 on 35288] ERROR pipeline.SCMPipelineManager (SCMPipelineManager.java:createPipeline(161)) - Pipeline creation failed due to exception: Unable to find enough nodes that meet the criteria that cannot engage in more than 5 pipelines. Nodes required: 3 Found: 0, healthy nodes count inNodeManager: 5.
2019-09-20 08:51:09,192 [IPC Server handler 6 on 35288] WARN  block.BlockManagerImpl (BlockManagerImpl.java:allocateBlock(192)) - Pipeline creation failed for type:RATIS factor:THREE. Retrying get pipelines call once.
org.apache.hadoop.hdds.scm.exceptions.SCMException: Unable to find enough nodes that meet the criteria that cannot engage in more than 5 pipelines. Nodes required: 3 Found: 0, healthy nodes count inNodeManager: 5.
	at org.apache.hadoop.hdds.scm.pipeline.PipelinePlacementPolicy.filterViableNodes(PipelinePlacementPolicy.java:149)
	at org.apache.hadoop.hdds.scm.pipeline.PipelinePlacementPolicy.chooseDatanodes(PipelinePlacementPolicy.java:172)
	at org.apache.hadoop.hdds.scm.pipeline.RatisPipelineProvider.create(RatisPipelineProvider.java:92)
	at org.apache.hadoop.hdds.scm.pipeline.PipelineFactory.create(PipelineFactory.java:57)
	at org.apache.hadoop.hdds.scm.pipeline.SCMPipelineManager.createPipeline(SCMPipelineManager.java:149)
	at org.apache.hadoop.hdds.scm.block.BlockManagerImpl.allocateBlock(BlockManagerImpl.java:190)
	at org.apache.hadoop.hdds.scm.server.SCMBlockProtocolServer.allocateBlock(SCMBlockProtocolServer.java:175)
	at org.apache.hadoop.ozone.protocolPB.ScmBlockLocationProtocolServerSideTranslatorPB.allocateScmBlock(ScmBlockLocationProtocolServerSideTranslatorPB.java:153)
	at org.apache.hadoop.ozone.protocolPB.ScmBlockLocationProtocolServerSideTranslatorPB.send(ScmBlockLocationProtocolServerSideTranslatorPB.java:112)
	at org.apache.hadoop.hdds.protocol.proto.ScmBlockLocationProtocolProtos$ScmBlockLocationProtocolService$2.callBlockingMethod(ScmBlockLocationProtocolProtos.java:13157)
	at org.apache.hadoop.ipc.ProtobufRpcEngine$Server$ProtoBufRpcInvoker.call(ProtobufRpcEngine.java:524)
	at org.apache.hadoop.ipc.RPC$Server.call(RPC.java:1025)
	at org.apache.hadoop.ipc.Server$RpcCall.run(Server.java:876)
	at org.apache.hadoop.ipc.Server$RpcCall.run(Server.java:822)
	at java.security.AccessController.doPrivileged(Native Method)
	at javax.security.auth.Subject.doAs(Subject.java:422)
	at org.apache.hadoop.security.UserGroupInformation.doAs(UserGroupInformation.java:1730)
	at org.apache.hadoop.ipc.Server$Handler.run(Server.java:2682)
2019-09-20 08:51:09,193 [IPC Server handler 6 on 35288] INFO  block.BlockManagerImpl (BlockManagerImpl.java:allocateBlock(198)) - Could not find available pipeline of type:RATIS and factor:THREE even after retrying
2019-09-20 08:51:09,193 [IPC Server handler 6 on 35288] ERROR block.BlockManagerImpl (BlockManagerImpl.java:allocateBlock(222)) - Unable to allocate a block for the size: 4194304, type: RATIS, factor: THREE
2019-09-20 08:51:09,193 [IPC Server handler 6 on 35288] INFO  pipeline.PipelinePlacementPolicy (PipelinePlacementPolicy.java:meetCriteria(91)) - Pipeline Placement: Doesn't meet the criteria to be viable node： d183acf8-c1d4-40f7-ba5a-175455d3bd55 Heaviness: 6 limit: 5
2019-09-20 08:51:09,193 [IPC Server handler 6 on 35288] INFO  pipeline.PipelinePlacementPolicy (PipelinePlacementPolicy.java:meetCriteria(91)) - Pipeline Placement: Doesn't meet the criteria to be viable node： 2a6ce4d1-5069-4aeb-8b94-5f253cd23bfc Heaviness: 6 limit: 5
2019-09-20 08:51:09,193 [IPC Server handler 6 on 35288] INFO  pipeline.PipelinePlacementPolicy (PipelinePlacementPolicy.java:meetCriteria(91)) - Pipeline Placement: Doesn't meet the criteria to be viable node： 972eec63-801b-4789-a14a-664c049671ee Heaviness: 6 limit: 5
2019-09-20 08:51:09,193 [IPC Server handler 6 on 35288] INFO  pipeline.PipelinePlacementPolicy (PipelinePlacementPolicy.java:meetCriteria(91)) - Pipeline Placement: Doesn't meet the criteria to be viable node： 5e9b3ca5-d58f-427a-bd11-930d28ac57d8 Heaviness: 6 limit: 5
2019-09-20 08:51:09,193 [IPC Server handler 6 on 35288] INFO  pipeline.PipelinePlacementPolicy (PipelinePlacementPolicy.java:meetCriteria(91)) - Pipeline Placement: Doesn't meet the criteria to be viable node： 64119811-c299-4353-bef2-4f1f08694db1 Heaviness: 6 limit: 5
2019-09-20 08:51:09,194 [IPC Server handler 6 on 35288] ERROR pipeline.PipelinePlacementPolicy (PipelinePlacementPolicy.java:filterViableNodes(148)) - Unable to find enough nodes that meet the criteria that cannot engage in more than 5 pipelines. Nodes required: 3 Found: 0, healthy nodes count inNodeManager: 5.
2019-09-20 08:51:09,194 [IPC Server handler 6 on 35288] ERROR pipeline.SCMPipelineManager (SCMPipelineManager.java:createPipeline(161)) - Pipeline creation failed due to exception: Unable to find enough nodes that meet the criteria that cannot engage in more than 5 pipelines. Nodes required: 3 Found: 0, healthy nodes count inNodeManager: 5.
2019-09-20 08:51:09,194 [IPC Server handler 6 on 35288] WARN  block.BlockManagerImpl (BlockManagerImpl.java:allocateBlock(192)) - Pipeline creation failed for type:RATIS factor:THREE. Retrying get pipelines call once.
org.apache.hadoop.hdds.scm.exceptions.SCMException: Unable to find enough nodes that meet the criteria that cannot engage in more than 5 pipelines. Nodes required: 3 Found: 0, healthy nodes count inNodeManager: 5.
	at org.apache.hadoop.hdds.scm.pipeline.PipelinePlacementPolicy.filterViableNodes(PipelinePlacementPolicy.java:149)
	at org.apache.hadoop.hdds.scm.pipeline.PipelinePlacementPolicy.chooseDatanodes(PipelinePlacementPolicy.java:172)
	at org.apache.hadoop.hdds.scm.pipeline.RatisPipelineProvider.create(RatisPipelineProvider.java:92)
	at org.apache.hadoop.hdds.scm.pipeline.PipelineFactory.create(PipelineFactory.java:57)
	at org.apache.hadoop.hdds.scm.pipeline.SCMPipelineManager.createPipeline(SCMPipelineManager.java:149)
	at org.apache.hadoop.hdds.scm.block.BlockManagerImpl.allocateBlock(BlockManagerImpl.java:190)
	at org.apache.hadoop.hdds.scm.server.SCMBlockProtocolServer.allocateBlock(SCMBlockProtocolServer.java:175)
	at org.apache.hadoop.ozone.protocolPB.ScmBlockLocationProtocolServerSideTranslatorPB.allocateScmBlock(ScmBlockLocationProtocolServerSideTranslatorPB.java:153)
	at org.apache.hadoop.ozone.protocolPB.ScmBlockLocationProtocolServerSideTranslatorPB.send(ScmBlockLocationProtocolServerSideTranslatorPB.java:112)
	at org.apache.hadoop.hdds.protocol.proto.ScmBlockLocationProtocolProtos$ScmBlockLocationProtocolService$2.callBlockingMethod(ScmBlockLocationProtocolProtos.java:13157)
	at org.apache.hadoop.ipc.ProtobufRpcEngine$Server$ProtoBufRpcInvoker.call(ProtobufRpcEngine.java:524)
	at org.apache.hadoop.ipc.RPC$Server.call(RPC.java:1025)
	at org.apache.hadoop.ipc.Server$RpcCall.run(Server.java:876)
	at org.apache.hadoop.ipc.Server$RpcCall.run(Server.java:822)
	at java.security.AccessController.doPrivileged(Native Method)
	at javax.security.auth.Subject.doAs(Subject.java:422)
	at org.apache.hadoop.security.UserGroupInformation.doAs(UserGroupInformation.java:1730)
	at org.apache.hadoop.ipc.Server$Handler.run(Server.java:2682)
2019-09-20 08:51:09,194 [IPC Server handler 6 on 35288] INFO  block.BlockManagerImpl (BlockManagerImpl.java:allocateBlock(198)) - Could not find available pipeline of type:RATIS and factor:THREE even after retrying
2019-09-20 08:51:09,194 [IPC Server handler 6 on 35288] ERROR block.BlockManagerImpl (BlockManagerImpl.java:allocateBlock(222)) - Unable to allocate a block for the size: 4194304, type: RATIS, factor: THREE
2019-09-20 08:51:09,194 [IPC Server handler 6 on 35288] INFO  pipeline.PipelinePlacementPolicy (PipelinePlacementPolicy.java:meetCriteria(91)) - Pipeline Placement: Doesn't meet the criteria to be viable node： d183acf8-c1d4-40f7-ba5a-175455d3bd55 Heaviness: 6 limit: 5
2019-09-20 08:51:09,195 [IPC Server handler 6 on 35288] INFO  pipeline.PipelinePlacementPolicy (PipelinePlacementPolicy.java:meetCriteria(91)) - Pipeline Placement: Doesn't meet the criteria to be viable node： 2a6ce4d1-5069-4aeb-8b94-5f253cd23bfc Heaviness: 6 limit: 5
2019-09-20 08:51:09,195 [IPC Server handler 6 on 35288] INFO  pipeline.PipelinePlacementPolicy (PipelinePlacementPolicy.java:meetCriteria(91)) - Pipeline Placement: Doesn't meet the criteria to be viable node： 972eec63-801b-4789-a14a-664c049671ee Heaviness: 6 limit: 5
2019-09-20 08:51:09,195 [IPC Server handler 6 on 35288] INFO  pipeline.PipelinePlacementPolicy (PipelinePlacementPolicy.java:meetCriteria(91)) - Pipeline Placement: Doesn't meet the criteria to be viable node： 5e9b3ca5-d58f-427a-bd11-930d28ac57d8 Heaviness: 6 limit: 5
2019-09-20 08:51:09,195 [IPC Server handler 6 on 35288] INFO  pipeline.PipelinePlacementPolicy (PipelinePlacementPolicy.java:meetCriteria(91)) - Pipeline Placement: Doesn't meet the criteria to be viable node： 64119811-c299-4353-bef2-4f1f08694db1 Heaviness: 6 limit: 5
2019-09-20 08:51:09,195 [IPC Server handler 6 on 35288] ERROR pipeline.PipelinePlacementPolicy (PipelinePlacementPolicy.java:filterViableNodes(148)) - Unable to find enough nodes that meet the criteria that cannot engage in more than 5 pipelines. Nodes required: 3 Found: 0, healthy nodes count inNodeManager: 5.
2019-09-20 08:51:09,195 [IPC Server handler 6 on 35288] ERROR pipeline.SCMPipelineManager (SCMPipelineManager.java:createPipeline(161)) - Pipeline creation failed due to exception: Unable to find enough nodes that meet the criteria that cannot engage in more than 5 pipelines. Nodes required: 3 Found: 0, healthy nodes count inNodeManager: 5.
2019-09-20 08:51:09,195 [IPC Server handler 6 on 35288] WARN  block.BlockManagerImpl (BlockManagerImpl.java:allocateBlock(192)) - Pipeline creation failed for type:RATIS factor:THREE. Retrying get pipelines call once.
org.apache.hadoop.hdds.scm.exceptions.SCMException: Unable to find enough nodes that meet the criteria that cannot engage in more than 5 pipelines. Nodes required: 3 Found: 0, healthy nodes count inNodeManager: 5.
	at org.apache.hadoop.hdds.scm.pipeline.PipelinePlacementPolicy.filterViableNodes(PipelinePlacementPolicy.java:149)
	at org.apache.hadoop.hdds.scm.pipeline.PipelinePlacementPolicy.chooseDatanodes(PipelinePlacementPolicy.java:172)
	at org.apache.hadoop.hdds.scm.pipeline.RatisPipelineProvider.create(RatisPipelineProvider.java:92)
	at org.apache.hadoop.hdds.scm.pipeline.PipelineFactory.create(PipelineFactory.java:57)
	at org.apache.hadoop.hdds.scm.pipeline.SCMPipelineManager.createPipeline(SCMPipelineManager.java:149)
	at org.apache.hadoop.hdds.scm.block.BlockManagerImpl.allocateBlock(BlockManagerImpl.java:190)
	at org.apache.hadoop.hdds.scm.server.SCMBlockProtocolServer.allocateBlock(SCMBlockProtocolServer.java:175)
	at org.apache.hadoop.ozone.protocolPB.ScmBlockLocationProtocolServerSideTranslatorPB.allocateScmBlock(ScmBlockLocationProtocolServerSideTranslatorPB.java:153)
	at org.apache.hadoop.ozone.protocolPB.ScmBlockLocationProtocolServerSideTranslatorPB.send(ScmBlockLocationProtocolServerSideTranslatorPB.java:112)
	at org.apache.hadoop.hdds.protocol.proto.ScmBlockLocationProtocolProtos$ScmBlockLocationProtocolService$2.callBlockingMethod(ScmBlockLocationProtocolProtos.java:13157)
	at org.apache.hadoop.ipc.ProtobufRpcEngine$Server$ProtoBufRpcInvoker.call(ProtobufRpcEngine.java:524)
	at org.apache.hadoop.ipc.RPC$Server.call(RPC.java:1025)
	at org.apache.hadoop.ipc.Server$RpcCall.run(Server.java:876)
	at org.apache.hadoop.ipc.Server$RpcCall.run(Server.java:822)
	at java.security.AccessController.doPrivileged(Native Method)
	at javax.security.auth.Subject.doAs(Subject.java:422)
	at org.apache.hadoop.security.UserGroupInformation.doAs(UserGroupInformation.java:1730)
	at org.apache.hadoop.ipc.Server$Handler.run(Server.java:2682)
2019-09-20 08:51:09,196 [IPC Server handler 6 on 35288] INFO  block.BlockManagerImpl (BlockManagerImpl.java:allocateBlock(198)) - Could not find available pipeline of type:RATIS and factor:THREE even after retrying
2019-09-20 08:51:09,196 [IPC Server handler 6 on 35288] ERROR block.BlockManagerImpl (BlockManagerImpl.java:allocateBlock(222)) - Unable to allocate a block for the size: 4194304, type: RATIS, factor: THREE
2019-09-20 08:51:09,196 [IPC Server handler 6 on 35288] INFO  pipeline.PipelinePlacementPolicy (PipelinePlacementPolicy.java:meetCriteria(91)) - Pipeline Placement: Doesn't meet the criteria to be viable node： d183acf8-c1d4-40f7-ba5a-175455d3bd55 Heaviness: 6 limit: 5
2019-09-20 08:51:09,196 [IPC Server handler 6 on 35288] INFO  pipeline.PipelinePlacementPolicy (PipelinePlacementPolicy.java:meetCriteria(91)) - Pipeline Placement: Doesn't meet the criteria to be viable node： 2a6ce4d1-5069-4aeb-8b94-5f253cd23bfc Heaviness: 6 limit: 5
2019-09-20 08:51:09,196 [IPC Server handler 6 on 35288] INFO  pipeline.PipelinePlacementPolicy (PipelinePlacementPolicy.java:meetCriteria(91)) - Pipeline Placement: Doesn't meet the criteria to be viable node： 972eec63-801b-4789-a14a-664c049671ee Heaviness: 6 limit: 5
2019-09-20 08:51:09,196 [IPC Server handler 6 on 35288] INFO  pipeline.PipelinePlacementPolicy (PipelinePlacementPolicy.java:meetCriteria(91)) - Pipeline Placement: Doesn't meet the criteria to be viable node： 5e9b3ca5-d58f-427a-bd11-930d28ac57d8 Heaviness: 6 limit: 5
2019-09-20 08:51:09,196 [IPC Server handler 6 on 35288] INFO  pipeline.PipelinePlacementPolicy (PipelinePlacementPolicy.java:meetCriteria(91)) - Pipeline Placement: Doesn't meet the criteria to be viable node： 64119811-c299-4353-bef2-4f1f08694db1 Heaviness: 6 limit: 5
2019-09-20 08:51:09,197 [IPC Server handler 6 on 35288] ERROR pipeline.PipelinePlacementPolicy (PipelinePlacementPolicy.java:filterViableNodes(148)) - Unable to find enough nodes that meet the criteria that cannot engage in more than 5 pipelines. Nodes required: 3 Found: 0, healthy nodes count inNodeManager: 5.
2019-09-20 08:51:09,197 [IPC Server handler 6 on 35288] ERROR pipeline.SCMPipelineManager (SCMPipelineManager.java:createPipeline(161)) - Pipeline creation failed due to exception: Unable to find enough nodes that meet the criteria that cannot engage in more than 5 pipelines. Nodes required: 3 Found: 0, healthy nodes count inNodeManager: 5.
2019-09-20 08:51:09,197 [IPC Server handler 6 on 35288] WARN  block.BlockManagerImpl (BlockManagerImpl.java:allocateBlock(192)) - Pipeline creation failed for type:RATIS factor:THREE. Retrying get pipelines call once.
org.apache.hadoop.hdds.scm.exceptions.SCMException: Unable to find enough nodes that meet the criteria that cannot engage in more than 5 pipelines. Nodes required: 3 Found: 0, healthy nodes count inNodeManager: 5.
	at org.apache.hadoop.hdds.scm.pipeline.PipelinePlacementPolicy.filterViableNodes(PipelinePlacementPolicy.java:149)
	at org.apache.hadoop.hdds.scm.pipeline.PipelinePlacementPolicy.chooseDatanodes(PipelinePlacementPolicy.java:172)
	at org.apache.hadoop.hdds.scm.pipeline.RatisPipelineProvider.create(RatisPipelineProvider.java:92)
	at org.apache.hadoop.hdds.scm.pipeline.PipelineFactory.create(PipelineFactory.java:57)
	at org.apache.hadoop.hdds.scm.pipeline.SCMPipelineManager.createPipeline(SCMPipelineManager.java:149)
	at org.apache.hadoop.hdds.scm.block.BlockManagerImpl.allocateBlock(BlockManagerImpl.java:190)
	at org.apache.hadoop.hdds.scm.server.SCMBlockProtocolServer.allocateBlock(SCMBlockProtocolServer.java:175)
	at org.apache.hadoop.ozone.protocolPB.ScmBlockLocationProtocolServerSideTranslatorPB.allocateScmBlock(ScmBlockLocationProtocolServerSideTranslatorPB.java:153)
	at org.apache.hadoop.ozone.protocolPB.ScmBlockLocationProtocolServerSideTranslatorPB.send(ScmBlockLocationProtocolServerSideTranslatorPB.java:112)
	at org.apache.hadoop.hdds.protocol.proto.ScmBlockLocationProtocolProtos$ScmBlockLocationProtocolService$2.callBlockingMethod(ScmBlockLocationProtocolProtos.java:13157)
	at org.apache.hadoop.ipc.ProtobufRpcEngine$Server$ProtoBufRpcInvoker.call(ProtobufRpcEngine.java:524)
	at org.apache.hadoop.ipc.RPC$Server.call(RPC.java:1025)
	at org.apache.hadoop.ipc.Server$RpcCall.run(Server.java:876)
	at org.apache.hadoop.ipc.Server$RpcCall.run(Server.java:822)
	at java.security.AccessController.doPrivileged(Native Method)
	at javax.security.auth.Subject.doAs(Subject.java:422)
	at org.apache.hadoop.security.UserGroupInformation.doAs(UserGroupInformation.java:1730)
	at org.apache.hadoop.ipc.Server$Handler.run(Server.java:2682)
2019-09-20 08:51:09,197 [IPC Server handler 6 on 35288] INFO  block.BlockManagerImpl (BlockManagerImpl.java:allocateBlock(198)) - Could not find available pipeline of type:RATIS and factor:THREE even after retrying
2019-09-20 08:51:09,197 [IPC Server handler 6 on 35288] ERROR block.BlockManagerImpl (BlockManagerImpl.java:allocateBlock(222)) - Unable to allocate a block for the size: 4194304, type: RATIS, factor: THREE
2019-09-20 08:51:09,197 [IPC Server handler 6 on 35288] INFO  pipeline.PipelinePlacementPolicy (PipelinePlacementPolicy.java:meetCriteria(91)) - Pipeline Placement: Doesn't meet the criteria to be viable node： d183acf8-c1d4-40f7-ba5a-175455d3bd55 Heaviness: 6 limit: 5
2019-09-20 08:51:09,197 [IPC Server handler 6 on 35288] INFO  pipeline.PipelinePlacementPolicy (PipelinePlacementPolicy.java:meetCriteria(91)) - Pipeline Placement: Doesn't meet the criteria to be viable node： 2a6ce4d1-5069-4aeb-8b94-5f253cd23bfc Heaviness: 6 limit: 5
2019-09-20 08:51:09,197 [IPC Server handler 6 on 35288] INFO  pipeline.PipelinePlacementPolicy (PipelinePlacementPolicy.java:meetCriteria(91)) - Pipeline Placement: Doesn't meet the criteria to be viable node： 972eec63-801b-4789-a14a-664c049671ee Heaviness: 6 limit: 5
2019-09-20 08:51:09,198 [IPC Server handler 6 on 35288] INFO  pipeline.PipelinePlacementPolicy (PipelinePlacementPolicy.java:meetCriteria(91)) - Pipeline Placement: Doesn't meet the criteria to be viable node： 5e9b3ca5-d58f-427a-bd11-930d28ac57d8 Heaviness: 6 limit: 5
2019-09-20 08:51:09,198 [IPC Server handler 6 on 35288] INFO  pipeline.PipelinePlacementPolicy (PipelinePlacementPolicy.java:meetCriteria(91)) - Pipeline Placement: Doesn't meet the criteria to be viable node： 64119811-c299-4353-bef2-4f1f08694db1 Heaviness: 6 limit: 5
2019-09-20 08:51:09,198 [IPC Server handler 6 on 35288] ERROR pipeline.PipelinePlacementPolicy (PipelinePlacementPolicy.java:filterViableNodes(148)) - Unable to find enough nodes that meet the criteria that cannot engage in more than 5 pipelines. Nodes required: 3 Found: 0, healthy nodes count inNodeManager: 5.
2019-09-20 08:51:09,198 [IPC Server handler 6 on 35288] ERROR pipeline.SCMPipelineManager (SCMPipelineManager.java:createPipeline(161)) - Pipeline creation failed due to exception: Unable to find enough nodes that meet the criteria that cannot engage in more than 5 pipelines. Nodes required: 3 Found: 0, healthy nodes count inNodeManager: 5.
2019-09-20 08:51:09,198 [IPC Server handler 6 on 35288] WARN  block.BlockManagerImpl (BlockManagerImpl.java:allocateBlock(192)) - Pipeline creation failed for type:RATIS factor:THREE. Retrying get pipelines call once.
org.apache.hadoop.hdds.scm.exceptions.SCMException: Unable to find enough nodes that meet the criteria that cannot engage in more than 5 pipelines. Nodes required: 3 Found: 0, healthy nodes count inNodeManager: 5.
	at org.apache.hadoop.hdds.scm.pipeline.PipelinePlacementPolicy.filterViableNodes(PipelinePlacementPolicy.java:149)
	at org.apache.hadoop.hdds.scm.pipeline.PipelinePlacementPolicy.chooseDatanodes(PipelinePlacementPolicy.java:172)
	at org.apache.hadoop.hdds.scm.pipeline.RatisPipelineProvider.create(RatisPipelineProvider.java:92)
	at org.apache.hadoop.hdds.scm.pipeline.PipelineFactory.create(PipelineFactory.java:57)
	at org.apache.hadoop.hdds.scm.pipeline.SCMPipelineManager.createPipeline(SCMPipelineManager.java:149)
	at org.apache.hadoop.hdds.scm.block.BlockManagerImpl.allocateBlock(BlockManagerImpl.java:190)
	at org.apache.hadoop.hdds.scm.server.SCMBlockProtocolServer.allocateBlock(SCMBlockProtocolServer.java:175)
	at org.apache.hadoop.ozone.protocolPB.ScmBlockLocationProtocolServerSideTranslatorPB.allocateScmBlock(ScmBlockLocationProtocolServerSideTranslatorPB.java:153)
	at org.apache.hadoop.ozone.protocolPB.ScmBlockLocationProtocolServerSideTranslatorPB.send(ScmBlockLocationProtocolServerSideTranslatorPB.java:112)
	at org.apache.hadoop.hdds.protocol.proto.ScmBlockLocationProtocolProtos$ScmBlockLocationProtocolService$2.callBlockingMethod(ScmBlockLocationProtocolProtos.java:13157)
	at org.apache.hadoop.ipc.ProtobufRpcEngine$Server$ProtoBufRpcInvoker.call(ProtobufRpcEngine.java:524)
	at org.apache.hadoop.ipc.RPC$Server.call(RPC.java:1025)
	at org.apache.hadoop.ipc.Server$RpcCall.run(Server.java:876)
	at org.apache.hadoop.ipc.Server$RpcCall.run(Server.java:822)
	at java.security.AccessController.doPrivileged(Native Method)
	at javax.security.auth.Subject.doAs(Subject.java:422)
	at org.apache.hadoop.security.UserGroupInformation.doAs(UserGroupInformation.java:1730)
	at org.apache.hadoop.ipc.Server$Handler.run(Server.java:2682)
2019-09-20 08:51:09,198 [IPC Server handler 6 on 35288] INFO  block.BlockManagerImpl (BlockManagerImpl.java:allocateBlock(198)) - Could not find available pipeline of type:RATIS and factor:THREE even after retrying
2019-09-20 08:51:09,198 [IPC Server handler 6 on 35288] ERROR block.BlockManagerImpl (BlockManagerImpl.java:allocateBlock(222)) - Unable to allocate a block for the size: 4194304, type: RATIS, factor: THREE
2019-09-20 08:51:09,199 [IPC Server handler 6 on 35288] INFO  pipeline.PipelinePlacementPolicy (PipelinePlacementPolicy.java:meetCriteria(91)) - Pipeline Placement: Doesn't meet the criteria to be viable node： d183acf8-c1d4-40f7-ba5a-175455d3bd55 Heaviness: 6 limit: 5
2019-09-20 08:51:09,199 [IPC Server handler 6 on 35288] INFO  pipeline.PipelinePlacementPolicy (PipelinePlacementPolicy.java:meetCriteria(91)) - Pipeline Placement: Doesn't meet the criteria to be viable node： 2a6ce4d1-5069-4aeb-8b94-5f253cd23bfc Heaviness: 6 limit: 5
2019-09-20 08:51:09,199 [IPC Server handler 6 on 35288] INFO  pipeline.PipelinePlacementPolicy (PipelinePlacementPolicy.java:meetCriteria(91)) - Pipeline Placement: Doesn't meet the criteria to be viable node： 972eec63-801b-4789-a14a-664c049671ee Heaviness: 6 limit: 5
2019-09-20 08:51:09,199 [IPC Server handler 6 on 35288] INFO  pipeline.PipelinePlacementPolicy (PipelinePlacementPolicy.java:meetCriteria(91)) - Pipeline Placement: Doesn't meet the criteria to be viable node： 5e9b3ca5-d58f-427a-bd11-930d28ac57d8 Heaviness: 6 limit: 5
2019-09-20 08:51:09,199 [IPC Server handler 6 on 35288] INFO  pipeline.PipelinePlacementPolicy (PipelinePlacementPolicy.java:meetCriteria(91)) - Pipeline Placement: Doesn't meet the criteria to be viable node： 64119811-c299-4353-bef2-4f1f08694db1 Heaviness: 6 limit: 5
2019-09-20 08:51:09,199 [IPC Server handler 6 on 35288] ERROR pipeline.PipelinePlacementPolicy (PipelinePlacementPolicy.java:filterViableNodes(148)) - Unable to find enough nodes that meet the criteria that cannot engage in more than 5 pipelines. Nodes required: 3 Found: 0, healthy nodes count inNodeManager: 5.
2019-09-20 08:51:09,199 [IPC Server handler 6 on 35288] ERROR pipeline.SCMPipelineManager (SCMPipelineManager.java:createPipeline(161)) - Pipeline creation failed due to exception: Unable to find enough nodes that meet the criteria that cannot engage in more than 5 pipelines. Nodes required: 3 Found: 0, healthy nodes count inNodeManager: 5.
2019-09-20 08:51:09,200 [IPC Server handler 6 on 35288] WARN  block.BlockManagerImpl (BlockManagerImpl.java:allocateBlock(192)) - Pipeline creation failed for type:RATIS factor:THREE. Retrying get pipelines call once.
org.apache.hadoop.hdds.scm.exceptions.SCMException: Unable to find enough nodes that meet the criteria that cannot engage in more than 5 pipelines. Nodes required: 3 Found: 0, healthy nodes count inNodeManager: 5.
	at org.apache.hadoop.hdds.scm.pipeline.PipelinePlacementPolicy.filterViableNodes(PipelinePlacementPolicy.java:149)
	at org.apache.hadoop.hdds.scm.pipeline.PipelinePlacementPolicy.chooseDatanodes(PipelinePlacementPolicy.java:172)
	at org.apache.hadoop.hdds.scm.pipeline.RatisPipelineProvider.create(RatisPipelineProvider.java:92)
	at org.apache.hadoop.hdds.scm.pipeline.PipelineFactory.create(PipelineFactory.java:57)
	at org.apache.hadoop.hdds.scm.pipeline.SCMPipelineManager.createPipeline(SCMPipelineManager.java:149)
	at org.apache.hadoop.hdds.scm.block.BlockManagerImpl.allocateBlock(BlockManagerImpl.java:190)
	at org.apache.hadoop.hdds.scm.server.SCMBlockProtocolServer.allocateBlock(SCMBlockProtocolServer.java:175)
	at org.apache.hadoop.ozone.protocolPB.ScmBlockLocationProtocolServerSideTranslatorPB.allocateScmBlock(ScmBlockLocationProtocolServerSideTranslatorPB.java:153)
	at org.apache.hadoop.ozone.protocolPB.ScmBlockLocationProtocolServerSideTranslatorPB.send(ScmBlockLocationProtocolServerSideTranslatorPB.java:112)
	at org.apache.hadoop.hdds.protocol.proto.ScmBlockLocationProtocolProtos$ScmBlockLocationProtocolService$2.callBlockingMethod(ScmBlockLocationProtocolProtos.java:13157)
	at org.apache.hadoop.ipc.ProtobufRpcEngine$Server$ProtoBufRpcInvoker.call(ProtobufRpcEngine.java:524)
	at org.apache.hadoop.ipc.RPC$Server.call(RPC.java:1025)
	at org.apache.hadoop.ipc.Server$RpcCall.run(Server.java:876)
	at org.apache.hadoop.ipc.Server$RpcCall.run(Server.java:822)
	at java.security.AccessController.doPrivileged(Native Method)
	at javax.security.auth.Subject.doAs(Subject.java:422)
	at org.apache.hadoop.security.UserGroupInformation.doAs(UserGroupInformation.java:1730)
	at org.apache.hadoop.ipc.Server$Handler.run(Server.java:2682)
2019-09-20 08:51:09,200 [IPC Server handler 6 on 35288] INFO  block.BlockManagerImpl (BlockManagerImpl.java:allocateBlock(198)) - Could not find available pipeline of type:RATIS and factor:THREE even after retrying
2019-09-20 08:51:09,200 [IPC Server handler 6 on 35288] ERROR block.BlockManagerImpl (BlockManagerImpl.java:allocateBlock(222)) - Unable to allocate a block for the size: 4194304, type: RATIS, factor: THREE
2019-09-20 08:51:09,200 [IPC Server handler 6 on 35288] INFO  pipeline.PipelinePlacementPolicy (PipelinePlacementPolicy.java:meetCriteria(91)) - Pipeline Placement: Doesn't meet the criteria to be viable node： d183acf8-c1d4-40f7-ba5a-175455d3bd55 Heaviness: 6 limit: 5
2019-09-20 08:51:09,200 [IPC Server handler 6 on 35288] INFO  pipeline.PipelinePlacementPolicy (PipelinePlacementPolicy.java:meetCriteria(91)) - Pipeline Placement: Doesn't meet the criteria to be viable node： 2a6ce4d1-5069-4aeb-8b94-5f253cd23bfc Heaviness: 6 limit: 5
2019-09-20 08:51:09,200 [IPC Server handler 6 on 35288] INFO  pipeline.PipelinePlacementPolicy (PipelinePlacementPolicy.java:meetCriteria(91)) - Pipeline Placement: Doesn't meet the criteria to be viable node： 972eec63-801b-4789-a14a-664c049671ee Heaviness: 6 limit: 5
2019-09-20 08:51:09,200 [IPC Server handler 6 on 35288] INFO  pipeline.PipelinePlacementPolicy (PipelinePlacementPolicy.java:meetCriteria(91)) - Pipeline Placement: Doesn't meet the criteria to be viable node： 5e9b3ca5-d58f-427a-bd11-930d28ac57d8 Heaviness: 6 limit: 5
2019-09-20 08:51:09,201 [IPC Server handler 6 on 35288] INFO  pipeline.PipelinePlacementPolicy (PipelinePlacementPolicy.java:meetCriteria(91)) - Pipeline Placement: Doesn't meet the criteria to be viable node： 64119811-c299-4353-bef2-4f1f08694db1 Heaviness: 6 limit: 5
2019-09-20 08:51:09,201 [IPC Server handler 6 on 35288] ERROR pipeline.PipelinePlacementPolicy (PipelinePlacementPolicy.java:filterViableNodes(148)) - Unable to find enough nodes that meet the criteria that cannot engage in more than 5 pipelines. Nodes required: 3 Found: 0, healthy nodes count inNodeManager: 5.
2019-09-20 08:51:09,201 [IPC Server handler 6 on 35288] ERROR pipeline.SCMPipelineManager (SCMPipelineManager.java:createPipeline(161)) - Pipeline creation failed due to exception: Unable to find enough nodes that meet the criteria that cannot engage in more than 5 pipelines. Nodes required: 3 Found: 0, healthy nodes count inNodeManager: 5.
2019-09-20 08:51:09,201 [IPC Server handler 6 on 35288] WARN  block.BlockManagerImpl (BlockManagerImpl.java:allocateBlock(192)) - Pipeline creation failed for type:RATIS factor:THREE. Retrying get pipelines call once.
org.apache.hadoop.hdds.scm.exceptions.SCMException: Unable to find enough nodes that meet the criteria that cannot engage in more than 5 pipelines. Nodes required: 3 Found: 0, healthy nodes count inNodeManager: 5.
	at org.apache.hadoop.hdds.scm.pipeline.PipelinePlacementPolicy.filterViableNodes(PipelinePlacementPolicy.java:149)
	at org.apache.hadoop.hdds.scm.pipeline.PipelinePlacementPolicy.chooseDatanodes(PipelinePlacementPolicy.java:172)
	at org.apache.hadoop.hdds.scm.pipeline.RatisPipelineProvider.create(RatisPipelineProvider.java:92)
	at org.apache.hadoop.hdds.scm.pipeline.PipelineFactory.create(PipelineFactory.java:57)
	at org.apache.hadoop.hdds.scm.pipeline.SCMPipelineManager.createPipeline(SCMPipelineManager.java:149)
	at org.apache.hadoop.hdds.scm.block.BlockManagerImpl.allocateBlock(BlockManagerImpl.java:190)
	at org.apache.hadoop.hdds.scm.server.SCMBlockProtocolServer.allocateBlock(SCMBlockProtocolServer.java:175)
	at org.apache.hadoop.ozone.protocolPB.ScmBlockLocationProtocolServerSideTranslatorPB.allocateScmBlock(ScmBlockLocationProtocolServerSideTranslatorPB.java:153)
	at org.apache.hadoop.ozone.protocolPB.ScmBlockLocationProtocolServerSideTranslatorPB.send(ScmBlockLocationProtocolServerSideTranslatorPB.java:112)
	at org.apache.hadoop.hdds.protocol.proto.ScmBlockLocationProtocolProtos$ScmBlockLocationProtocolService$2.callBlockingMethod(ScmBlockLocationProtocolProtos.java:13157)
	at org.apache.hadoop.ipc.ProtobufRpcEngine$Server$ProtoBufRpcInvoker.call(ProtobufRpcEngine.java:524)
	at org.apache.hadoop.ipc.RPC$Server.call(RPC.java:1025)
	at org.apache.hadoop.ipc.Server$RpcCall.run(Server.java:876)
	at org.apache.hadoop.ipc.Server$RpcCall.run(Server.java:822)
	at java.security.AccessController.doPrivileged(Native Method)
	at javax.security.auth.Subject.doAs(Subject.java:422)
	at org.apache.hadoop.security.UserGroupInformation.doAs(UserGroupInformation.java:1730)
	at org.apache.hadoop.ipc.Server$Handler.run(Server.java:2682)
2019-09-20 08:51:09,201 [IPC Server handler 6 on 35288] INFO  block.BlockManagerImpl (BlockManagerImpl.java:allocateBlock(198)) - Could not find available pipeline of type:RATIS and factor:THREE even after retrying
2019-09-20 08:51:09,201 [IPC Server handler 6 on 35288] ERROR block.BlockManagerImpl (BlockManagerImpl.java:allocateBlock(222)) - Unable to allocate a block for the size: 4194304, type: RATIS, factor: THREE
2019-09-20 08:51:09,201 [IPC Server handler 6 on 35288] INFO  pipeline.PipelinePlacementPolicy (PipelinePlacementPolicy.java:meetCriteria(91)) - Pipeline Placement: Doesn't meet the criteria to be viable node： d183acf8-c1d4-40f7-ba5a-175455d3bd55 Heaviness: 6 limit: 5
2019-09-20 08:51:09,202 [IPC Server handler 6 on 35288] INFO  pipeline.PipelinePlacementPolicy (PipelinePlacementPolicy.java:meetCriteria(91)) - Pipeline Placement: Doesn't meet the criteria to be viable node： 2a6ce4d1-5069-4aeb-8b94-5f253cd23bfc Heaviness: 6 limit: 5
2019-09-20 08:51:09,202 [IPC Server handler 6 on 35288] INFO  pipeline.PipelinePlacementPolicy (PipelinePlacementPolicy.java:meetCriteria(91)) - Pipeline Placement: Doesn't meet the criteria to be viable node： 972eec63-801b-4789-a14a-664c049671ee Heaviness: 6 limit: 5
2019-09-20 08:51:09,202 [IPC Server handler 6 on 35288] INFO  pipeline.PipelinePlacementPolicy (PipelinePlacementPolicy.java:meetCriteria(91)) - Pipeline Placement: Doesn't meet the criteria to be viable node： 5e9b3ca5-d58f-427a-bd11-930d28ac57d8 Heaviness: 6 limit: 5
2019-09-20 08:51:09,202 [IPC Server handler 6 on 35288] INFO  pipeline.PipelinePlacementPolicy (PipelinePlacementPolicy.java:meetCriteria(91)) - Pipeline Placement: Doesn't meet the criteria to be viable node： 64119811-c299-4353-bef2-4f1f08694db1 Heaviness: 6 limit: 5
2019-09-20 08:51:09,202 [IPC Server handler 6 on 35288] ERROR pipeline.PipelinePlacementPolicy (PipelinePlacementPolicy.java:filterViableNodes(148)) - Unable to find enough nodes that meet the criteria that cannot engage in more than 5 pipelines. Nodes required: 3 Found: 0, healthy nodes count inNodeManager: 5.
2019-09-20 08:51:09,202 [IPC Server handler 6 on 35288] ERROR pipeline.SCMPipelineManager (SCMPipelineManager.java:createPipeline(161)) - Pipeline creation failed due to exception: Unable to find enough nodes that meet the criteria that cannot engage in more than 5 pipelines. Nodes required: 3 Found: 0, healthy nodes count inNodeManager: 5.
2019-09-20 08:51:09,202 [IPC Server handler 6 on 35288] WARN  block.BlockManagerImpl (BlockManagerImpl.java:allocateBlock(192)) - Pipeline creation failed for type:RATIS factor:THREE. Retrying get pipelines call once.
org.apache.hadoop.hdds.scm.exceptions.SCMException: Unable to find enough nodes that meet the criteria that cannot engage in more than 5 pipelines. Nodes required: 3 Found: 0, healthy nodes count inNodeManager: 5.
	at org.apache.hadoop.hdds.scm.pipeline.PipelinePlacementPolicy.filterViableNodes(PipelinePlacementPolicy.java:149)
	at org.apache.hadoop.hdds.scm.pipeline.PipelinePlacementPolicy.chooseDatanodes(PipelinePlacementPolicy.java:172)
	at org.apache.hadoop.hdds.scm.pipeline.RatisPipelineProvider.create(RatisPipelineProvider.java:92)
	at org.apache.hadoop.hdds.scm.pipeline.PipelineFactory.create(PipelineFactory.java:57)
	at org.apache.hadoop.hdds.scm.pipeline.SCMPipelineManager.createPipeline(SCMPipelineManager.java:149)
	at org.apache.hadoop.hdds.scm.block.BlockManagerImpl.allocateBlock(BlockManagerImpl.java:190)
	at org.apache.hadoop.hdds.scm.server.SCMBlockProtocolServer.allocateBlock(SCMBlockProtocolServer.java:175)
	at org.apache.hadoop.ozone.protocolPB.ScmBlockLocationProtocolServerSideTranslatorPB.allocateScmBlock(ScmBlockLocationProtocolServerSideTranslatorPB.java:153)
	at org.apache.hadoop.ozone.protocolPB.ScmBlockLocationProtocolServerSideTranslatorPB.send(ScmBlockLocationProtocolServerSideTranslatorPB.java:112)
	at org.apache.hadoop.hdds.protocol.proto.ScmBlockLocationProtocolProtos$ScmBlockLocationProtocolService$2.callBlockingMethod(ScmBlockLocationProtocolProtos.java:13157)
	at org.apache.hadoop.ipc.ProtobufRpcEngine$Server$ProtoBufRpcInvoker.call(ProtobufRpcEngine.java:524)
	at org.apache.hadoop.ipc.RPC$Server.call(RPC.java:1025)
	at org.apache.hadoop.ipc.Server$RpcCall.run(Server.java:876)
	at org.apache.hadoop.ipc.Server$RpcCall.run(Server.java:822)
	at java.security.AccessController.doPrivileged(Native Method)
	at javax.security.auth.Subject.doAs(Subject.java:422)
	at org.apache.hadoop.security.UserGroupInformation.doAs(UserGroupInformation.java:1730)
	at org.apache.hadoop.ipc.Server$Handler.run(Server.java:2682)
2019-09-20 08:51:09,203 [IPC Server handler 6 on 35288] INFO  block.BlockManagerImpl (BlockManagerImpl.java:allocateBlock(198)) - Could not find available pipeline of type:RATIS and factor:THREE even after retrying
2019-09-20 08:51:09,203 [IPC Server handler 6 on 35288] ERROR block.BlockManagerImpl (BlockManagerImpl.java:allocateBlock(222)) - Unable to allocate a block for the size: 4194304, type: RATIS, factor: THREE
2019-09-20 08:51:09,203 [IPC Server handler 6 on 35288] INFO  pipeline.PipelinePlacementPolicy (PipelinePlacementPolicy.java:meetCriteria(91)) - Pipeline Placement: Doesn't meet the criteria to be viable node： d183acf8-c1d4-40f7-ba5a-175455d3bd55 Heaviness: 6 limit: 5
2019-09-20 08:51:09,203 [IPC Server handler 6 on 35288] INFO  pipeline.PipelinePlacementPolicy (PipelinePlacementPolicy.java:meetCriteria(91)) - Pipeline Placement: Doesn't meet the criteria to be viable node： 2a6ce4d1-5069-4aeb-8b94-5f253cd23bfc Heaviness: 6 limit: 5
2019-09-20 08:51:09,203 [IPC Server handler 6 on 35288] INFO  pipeline.PipelinePlacementPolicy (PipelinePlacementPolicy.java:meetCriteria(91)) - Pipeline Placement: Doesn't meet the criteria to be viable node： 972eec63-801b-4789-a14a-664c049671ee Heaviness: 6 limit: 5
2019-09-20 08:51:09,203 [IPC Server handler 6 on 35288] INFO  pipeline.PipelinePlacementPolicy (PipelinePlacementPolicy.java:meetCriteria(91)) - Pipeline Placement: Doesn't meet the criteria to be viable node： 5e9b3ca5-d58f-427a-bd11-930d28ac57d8 Heaviness: 6 limit: 5
2019-09-20 08:51:09,203 [IPC Server handler 6 on 35288] INFO  pipeline.PipelinePlacementPolicy (PipelinePlacementPolicy.java:meetCriteria(91)) - Pipeline Placement: Doesn't meet the criteria to be viable node： 64119811-c299-4353-bef2-4f1f08694db1 Heaviness: 6 limit: 5
2019-09-20 08:51:09,204 [IPC Server handler 6 on 35288] ERROR pipeline.PipelinePlacementPolicy (PipelinePlacementPolicy.java:filterViableNodes(148)) - Unable to find enough nodes that meet the criteria that cannot engage in more than 5 pipelines. Nodes required: 3 Found: 0, healthy nodes count inNodeManager: 5.
2019-09-20 08:51:09,204 [IPC Server handler 6 on 35288] ERROR pipeline.SCMPipelineManager (SCMPipelineManager.java:createPipeline(161)) - Pipeline creation failed due to exception: Unable to find enough nodes that meet the criteria that cannot engage in more than 5 pipelines. Nodes required: 3 Found: 0, healthy nodes count inNodeManager: 5.
2019-09-20 08:51:09,204 [IPC Server handler 6 on 35288] WARN  block.BlockManagerImpl (BlockManagerImpl.java:allocateBlock(192)) - Pipeline creation failed for type:RATIS factor:THREE. Retrying get pipelines call once.
org.apache.hadoop.hdds.scm.exceptions.SCMException: Unable to find enough nodes that meet the criteria that cannot engage in more than 5 pipelines. Nodes required: 3 Found: 0, healthy nodes count inNodeManager: 5.
	at org.apache.hadoop.hdds.scm.pipeline.PipelinePlacementPolicy.filterViableNodes(PipelinePlacementPolicy.java:149)
	at org.apache.hadoop.hdds.scm.pipeline.PipelinePlacementPolicy.chooseDatanodes(PipelinePlacementPolicy.java:172)
	at org.apache.hadoop.hdds.scm.pipeline.RatisPipelineProvider.create(RatisPipelineProvider.java:92)
	at org.apache.hadoop.hdds.scm.pipeline.PipelineFactory.create(PipelineFactory.java:57)
	at org.apache.hadoop.hdds.scm.pipeline.SCMPipelineManager.createPipeline(SCMPipelineManager.java:149)
	at org.apache.hadoop.hdds.scm.block.BlockManagerImpl.allocateBlock(BlockManagerImpl.java:190)
	at org.apache.hadoop.hdds.scm.server.SCMBlockProtocolServer.allocateBlock(SCMBlockProtocolServer.java:175)
	at org.apache.hadoop.ozone.protocolPB.ScmBlockLocationProtocolServerSideTranslatorPB.allocateScmBlock(ScmBlockLocationProtocolServerSideTranslatorPB.java:153)
	at org.apache.hadoop.ozone.protocolPB.ScmBlockLocationProtocolServerSideTranslatorPB.send(ScmBlockLocationProtocolServerSideTranslatorPB.java:112)
	at org.apache.hadoop.hdds.protocol.proto.ScmBlockLocationProtocolProtos$ScmBlockLocationProtocolService$2.callBlockingMethod(ScmBlockLocationProtocolProtos.java:13157)
	at org.apache.hadoop.ipc.ProtobufRpcEngine$Server$ProtoBufRpcInvoker.call(ProtobufRpcEngine.java:524)
	at org.apache.hadoop.ipc.RPC$Server.call(RPC.java:1025)
	at org.apache.hadoop.ipc.Server$RpcCall.run(Server.java:876)
	at org.apache.hadoop.ipc.Server$RpcCall.run(Server.java:822)
	at java.security.AccessController.doPrivileged(Native Method)
	at javax.security.auth.Subject.doAs(Subject.java:422)
	at org.apache.hadoop.security.UserGroupInformation.doAs(UserGroupInformation.java:1730)
	at org.apache.hadoop.ipc.Server$Handler.run(Server.java:2682)
2019-09-20 08:51:09,204 [IPC Server handler 6 on 35288] INFO  block.BlockManagerImpl (BlockManagerImpl.java:allocateBlock(198)) - Could not find available pipeline of type:RATIS and factor:THREE even after retrying
2019-09-20 08:51:09,204 [IPC Server handler 6 on 35288] ERROR block.BlockManagerImpl (BlockManagerImpl.java:allocateBlock(222)) - Unable to allocate a block for the size: 4194304, type: RATIS, factor: THREE
2019-09-20 08:51:09,204 [IPC Server handler 6 on 35288] INFO  pipeline.PipelinePlacementPolicy (PipelinePlacementPolicy.java:meetCriteria(91)) - Pipeline Placement: Doesn't meet the criteria to be viable node： d183acf8-c1d4-40f7-ba5a-175455d3bd55 Heaviness: 6 limit: 5
2019-09-20 08:51:09,204 [IPC Server handler 6 on 35288] INFO  pipeline.PipelinePlacementPolicy (PipelinePlacementPolicy.java:meetCriteria(91)) - Pipeline Placement: Doesn't meet the criteria to be viable node： 2a6ce4d1-5069-4aeb-8b94-5f253cd23bfc Heaviness: 6 limit: 5
2019-09-20 08:51:09,205 [IPC Server handler 6 on 35288] INFO  pipeline.PipelinePlacementPolicy (PipelinePlacementPolicy.java:meetCriteria(91)) - Pipeline Placement: Doesn't meet the criteria to be viable node： 972eec63-801b-4789-a14a-664c049671ee Heaviness: 6 limit: 5
2019-09-20 08:51:09,205 [IPC Server handler 6 on 35288] INFO  pipeline.PipelinePlacementPolicy (PipelinePlacementPolicy.java:meetCriteria(91)) - Pipeline Placement: Doesn't meet the criteria to be viable node： 5e9b3ca5-d58f-427a-bd11-930d28ac57d8 Heaviness: 6 limit: 5
2019-09-20 08:51:09,205 [IPC Server handler 6 on 35288] INFO  pipeline.PipelinePlacementPolicy (PipelinePlacementPolicy.java:meetCriteria(91)) - Pipeline Placement: Doesn't meet the criteria to be viable node： 64119811-c299-4353-bef2-4f1f08694db1 Heaviness: 6 limit: 5
2019-09-20 08:51:09,205 [IPC Server handler 6 on 35288] ERROR pipeline.PipelinePlacementPolicy (PipelinePlacementPolicy.java:filterViableNodes(148)) - Unable to find enough nodes that meet the criteria that cannot engage in more than 5 pipelines. Nodes required: 3 Found: 0, healthy nodes count inNodeManager: 5.
2019-09-20 08:51:09,205 [IPC Server handler 6 on 35288] ERROR pipeline.SCMPipelineManager (SCMPipelineManager.java:createPipeline(161)) - Pipeline creation failed due to exception: Unable to find enough nodes that meet the criteria that cannot engage in more than 5 pipelines. Nodes required: 3 Found: 0, healthy nodes count inNodeManager: 5.
2019-09-20 08:51:09,205 [IPC Server handler 6 on 35288] WARN  block.BlockManagerImpl (BlockManagerImpl.java:allocateBlock(192)) - Pipeline creation failed for type:RATIS factor:THREE. Retrying get pipelines call once.
org.apache.hadoop.hdds.scm.exceptions.SCMException: Unable to find enough nodes that meet the criteria that cannot engage in more than 5 pipelines. Nodes required: 3 Found: 0, healthy nodes count inNodeManager: 5.
	at org.apache.hadoop.hdds.scm.pipeline.PipelinePlacementPolicy.filterViableNodes(PipelinePlacementPolicy.java:149)
	at org.apache.hadoop.hdds.scm.pipeline.PipelinePlacementPolicy.chooseDatanodes(PipelinePlacementPolicy.java:172)
	at org.apache.hadoop.hdds.scm.pipeline.RatisPipelineProvider.create(RatisPipelineProvider.java:92)
	at org.apache.hadoop.hdds.scm.pipeline.PipelineFactory.create(PipelineFactory.java:57)
	at org.apache.hadoop.hdds.scm.pipeline.SCMPipelineManager.createPipeline(SCMPipelineManager.java:149)
	at org.apache.hadoop.hdds.scm.block.BlockManagerImpl.allocateBlock(BlockManagerImpl.java:190)
	at org.apache.hadoop.hdds.scm.server.SCMBlockProtocolServer.allocateBlock(SCMBlockProtocolServer.java:175)
	at org.apache.hadoop.ozone.protocolPB.ScmBlockLocationProtocolServerSideTranslatorPB.allocateScmBlock(ScmBlockLocationProtocolServerSideTranslatorPB.java:153)
	at org.apache.hadoop.ozone.protocolPB.ScmBlockLocationProtocolServerSideTranslatorPB.send(ScmBlockLocationProtocolServerSideTranslatorPB.java:112)
	at org.apache.hadoop.hdds.protocol.proto.ScmBlockLocationProtocolProtos$ScmBlockLocationProtocolService$2.callBlockingMethod(ScmBlockLocationProtocolProtos.java:13157)
	at org.apache.hadoop.ipc.ProtobufRpcEngine$Server$ProtoBufRpcInvoker.call(ProtobufRpcEngine.java:524)
	at org.apache.hadoop.ipc.RPC$Server.call(RPC.java:1025)
	at org.apache.hadoop.ipc.Server$RpcCall.run(Server.java:876)
	at org.apache.hadoop.ipc.Server$RpcCall.run(Server.java:822)
	at java.security.AccessController.doPrivileged(Native Method)
	at javax.security.auth.Subject.doAs(Subject.java:422)
	at org.apache.hadoop.security.UserGroupInformation.doAs(UserGroupInformation.java:1730)
	at org.apache.hadoop.ipc.Server$Handler.run(Server.java:2682)
2019-09-20 08:51:09,206 [IPC Server handler 6 on 35288] INFO  block.BlockManagerImpl (BlockManagerImpl.java:allocateBlock(198)) - Could not find available pipeline of type:RATIS and factor:THREE even after retrying
2019-09-20 08:51:09,206 [IPC Server handler 6 on 35288] ERROR block.BlockManagerImpl (BlockManagerImpl.java:allocateBlock(222)) - Unable to allocate a block for the size: 4194304, type: RATIS, factor: THREE
2019-09-20 08:51:09,206 [IPC Server handler 6 on 35288] INFO  pipeline.PipelinePlacementPolicy (PipelinePlacementPolicy.java:meetCriteria(91)) - Pipeline Placement: Doesn't meet the criteria to be viable node： d183acf8-c1d4-40f7-ba5a-175455d3bd55 Heaviness: 6 limit: 5
2019-09-20 08:51:09,206 [IPC Server handler 6 on 35288] INFO  pipeline.PipelinePlacementPolicy (PipelinePlacementPolicy.java:meetCriteria(91)) - Pipeline Placement: Doesn't meet the criteria to be viable node： 2a6ce4d1-5069-4aeb-8b94-5f253cd23bfc Heaviness: 6 limit: 5
2019-09-20 08:51:09,206 [IPC Server handler 6 on 35288] INFO  pipeline.PipelinePlacementPolicy (PipelinePlacementPolicy.java:meetCriteria(91)) - Pipeline Placement: Doesn't meet the criteria to be viable node： 972eec63-801b-4789-a14a-664c049671ee Heaviness: 6 limit: 5
2019-09-20 08:51:09,206 [IPC Server handler 6 on 35288] INFO  pipeline.PipelinePlacementPolicy (PipelinePlacementPolicy.java:meetCriteria(91)) - Pipeline Placement: Doesn't meet the criteria to be viable node： 5e9b3ca5-d58f-427a-bd11-930d28ac57d8 Heaviness: 6 limit: 5
2019-09-20 08:51:09,206 [IPC Server handler 6 on 35288] INFO  pipeline.PipelinePlacementPolicy (PipelinePlacementPolicy.java:meetCriteria(91)) - Pipeline Placement: Doesn't meet the criteria to be viable node： 64119811-c299-4353-bef2-4f1f08694db1 Heaviness: 6 limit: 5
2019-09-20 08:51:09,207 [IPC Server handler 6 on 35288] ERROR pipeline.PipelinePlacementPolicy (PipelinePlacementPolicy.java:filterViableNodes(148)) - Unable to find enough nodes that meet the criteria that cannot engage in more than 5 pipelines. Nodes required: 3 Found: 0, healthy nodes count inNodeManager: 5.
2019-09-20 08:51:09,207 [IPC Server handler 6 on 35288] ERROR pipeline.SCMPipelineManager (SCMPipelineManager.java:createPipeline(161)) - Pipeline creation failed due to exception: Unable to find enough nodes that meet the criteria that cannot engage in more than 5 pipelines. Nodes required: 3 Found: 0, healthy nodes count inNodeManager: 5.
2019-09-20 08:51:09,207 [IPC Server handler 6 on 35288] WARN  block.BlockManagerImpl (BlockManagerImpl.java:allocateBlock(192)) - Pipeline creation failed for type:RATIS factor:THREE. Retrying get pipelines call once.
org.apache.hadoop.hdds.scm.exceptions.SCMException: Unable to find enough nodes that meet the criteria that cannot engage in more than 5 pipelines. Nodes required: 3 Found: 0, healthy nodes count inNodeManager: 5.
	at org.apache.hadoop.hdds.scm.pipeline.PipelinePlacementPolicy.filterViableNodes(PipelinePlacementPolicy.java:149)
	at org.apache.hadoop.hdds.scm.pipeline.PipelinePlacementPolicy.chooseDatanodes(PipelinePlacementPolicy.java:172)
	at org.apache.hadoop.hdds.scm.pipeline.RatisPipelineProvider.create(RatisPipelineProvider.java:92)
	at org.apache.hadoop.hdds.scm.pipeline.PipelineFactory.create(PipelineFactory.java:57)
	at org.apache.hadoop.hdds.scm.pipeline.SCMPipelineManager.createPipeline(SCMPipelineManager.java:149)
	at org.apache.hadoop.hdds.scm.block.BlockManagerImpl.allocateBlock(BlockManagerImpl.java:190)
	at org.apache.hadoop.hdds.scm.server.SCMBlockProtocolServer.allocateBlock(SCMBlockProtocolServer.java:175)
	at org.apache.hadoop.ozone.protocolPB.ScmBlockLocationProtocolServerSideTranslatorPB.allocateScmBlock(ScmBlockLocationProtocolServerSideTranslatorPB.java:153)
	at org.apache.hadoop.ozone.protocolPB.ScmBlockLocationProtocolServerSideTranslatorPB.send(ScmBlockLocationProtocolServerSideTranslatorPB.java:112)
	at org.apache.hadoop.hdds.protocol.proto.ScmBlockLocationProtocolProtos$ScmBlockLocationProtocolService$2.callBlockingMethod(ScmBlockLocationProtocolProtos.java:13157)
	at org.apache.hadoop.ipc.ProtobufRpcEngine$Server$ProtoBufRpcInvoker.call(ProtobufRpcEngine.java:524)
	at org.apache.hadoop.ipc.RPC$Server.call(RPC.java:1025)
	at org.apache.hadoop.ipc.Server$RpcCall.run(Server.java:876)
	at org.apache.hadoop.ipc.Server$RpcCall.run(Server.java:822)
	at java.security.AccessController.doPrivileged(Native Method)
	at javax.security.auth.Subject.doAs(Subject.java:422)
	at org.apache.hadoop.security.UserGroupInformation.doAs(UserGroupInformation.java:1730)
	at org.apache.hadoop.ipc.Server$Handler.run(Server.java:2682)
2019-09-20 08:51:09,207 [IPC Server handler 6 on 35288] INFO  block.BlockManagerImpl (BlockManagerImpl.java:allocateBlock(198)) - Could not find available pipeline of type:RATIS and factor:THREE even after retrying
2019-09-20 08:51:09,207 [IPC Server handler 6 on 35288] ERROR block.BlockManagerImpl (BlockManagerImpl.java:allocateBlock(222)) - Unable to allocate a block for the size: 4194304, type: RATIS, factor: THREE
2019-09-20 08:51:09,207 [IPC Server handler 6 on 35288] INFO  pipeline.PipelinePlacementPolicy (PipelinePlacementPolicy.java:meetCriteria(91)) - Pipeline Placement: Doesn't meet the criteria to be viable node： d183acf8-c1d4-40f7-ba5a-175455d3bd55 Heaviness: 6 limit: 5
2019-09-20 08:51:09,207 [IPC Server handler 6 on 35288] INFO  pipeline.PipelinePlacementPolicy (PipelinePlacementPolicy.java:meetCriteria(91)) - Pipeline Placement: Doesn't meet the criteria to be viable node： 2a6ce4d1-5069-4aeb-8b94-5f253cd23bfc Heaviness: 6 limit: 5
2019-09-20 08:51:09,207 [IPC Server handler 6 on 35288] INFO  pipeline.PipelinePlacementPolicy (PipelinePlacementPolicy.java:meetCriteria(91)) - Pipeline Placement: Doesn't meet the criteria to be viable node： 972eec63-801b-4789-a14a-664c049671ee Heaviness: 6 limit: 5
2019-09-20 08:51:09,208 [IPC Server handler 6 on 35288] INFO  pipeline.PipelinePlacementPolicy (PipelinePlacementPolicy.java:meetCriteria(91)) - Pipeline Placement: Doesn't meet the criteria to be viable node： 5e9b3ca5-d58f-427a-bd11-930d28ac57d8 Heaviness: 6 limit: 5
2019-09-20 08:51:09,208 [IPC Server handler 6 on 35288] INFO  pipeline.PipelinePlacementPolicy (PipelinePlacementPolicy.java:meetCriteria(91)) - Pipeline Placement: Doesn't meet the criteria to be viable node： 64119811-c299-4353-bef2-4f1f08694db1 Heaviness: 6 limit: 5
2019-09-20 08:51:09,208 [IPC Server handler 6 on 35288] ERROR pipeline.PipelinePlacementPolicy (PipelinePlacementPolicy.java:filterViableNodes(148)) - Unable to find enough nodes that meet the criteria that cannot engage in more than 5 pipelines. Nodes required: 3 Found: 0, healthy nodes count inNodeManager: 5.
2019-09-20 08:51:09,208 [IPC Server handler 6 on 35288] ERROR pipeline.SCMPipelineManager (SCMPipelineManager.java:createPipeline(161)) - Pipeline creation failed due to exception: Unable to find enough nodes that meet the criteria that cannot engage in more than 5 pipelines. Nodes required: 3 Found: 0, healthy nodes count inNodeManager: 5.
2019-09-20 08:51:09,208 [IPC Server handler 6 on 35288] WARN  block.BlockManagerImpl (BlockManagerImpl.java:allocateBlock(192)) - Pipeline creation failed for type:RATIS factor:THREE. Retrying get pipelines call once.
org.apache.hadoop.hdds.scm.exceptions.SCMException: Unable to find enough nodes that meet the criteria that cannot engage in more than 5 pipelines. Nodes required: 3 Found: 0, healthy nodes count inNodeManager: 5.
	at org.apache.hadoop.hdds.scm.pipeline.PipelinePlacementPolicy.filterViableNodes(PipelinePlacementPolicy.java:149)
	at org.apache.hadoop.hdds.scm.pipeline.PipelinePlacementPolicy.chooseDatanodes(PipelinePlacementPolicy.java:172)
	at org.apache.hadoop.hdds.scm.pipeline.RatisPipelineProvider.create(RatisPipelineProvider.java:92)
	at org.apache.hadoop.hdds.scm.pipeline.PipelineFactory.create(PipelineFactory.java:57)
	at org.apache.hadoop.hdds.scm.pipeline.SCMPipelineManager.createPipeline(SCMPipelineManager.java:149)
	at org.apache.hadoop.hdds.scm.block.BlockManagerImpl.allocateBlock(BlockManagerImpl.java:190)
	at org.apache.hadoop.hdds.scm.server.SCMBlockProtocolServer.allocateBlock(SCMBlockProtocolServer.java:175)
	at org.apache.hadoop.ozone.protocolPB.ScmBlockLocationProtocolServerSideTranslatorPB.allocateScmBlock(ScmBlockLocationProtocolServerSideTranslatorPB.java:153)
	at org.apache.hadoop.ozone.protocolPB.ScmBlockLocationProtocolServerSideTranslatorPB.send(ScmBlockLocationProtocolServerSideTranslatorPB.java:112)
	at org.apache.hadoop.hdds.protocol.proto.ScmBlockLocationProtocolProtos$ScmBlockLocationProtocolService$2.callBlockingMethod(ScmBlockLocationProtocolProtos.java:13157)
	at org.apache.hadoop.ipc.ProtobufRpcEngine$Server$ProtoBufRpcInvoker.call(ProtobufRpcEngine.java:524)
	at org.apache.hadoop.ipc.RPC$Server.call(RPC.java:1025)
	at org.apache.hadoop.ipc.Server$RpcCall.run(Server.java:876)
	at org.apache.hadoop.ipc.Server$RpcCall.run(Server.java:822)
	at java.security.AccessController.doPrivileged(Native Method)
	at javax.security.auth.Subject.doAs(Subject.java:422)
	at org.apache.hadoop.security.UserGroupInformation.doAs(UserGroupInformation.java:1730)
	at org.apache.hadoop.ipc.Server$Handler.run(Server.java:2682)
2019-09-20 08:51:09,208 [IPC Server handler 6 on 35288] INFO  block.BlockManagerImpl (BlockManagerImpl.java:allocateBlock(198)) - Could not find available pipeline of type:RATIS and factor:THREE even after retrying
2019-09-20 08:51:09,208 [IPC Server handler 6 on 35288] ERROR block.BlockManagerImpl (BlockManagerImpl.java:allocateBlock(222)) - Unable to allocate a block for the size: 4194304, type: RATIS, factor: THREE
2019-09-20 08:51:09,209 [IPC Server handler 6 on 35288] INFO  pipeline.PipelinePlacementPolicy (PipelinePlacementPolicy.java:meetCriteria(91)) - Pipeline Placement: Doesn't meet the criteria to be viable node： d183acf8-c1d4-40f7-ba5a-175455d3bd55 Heaviness: 6 limit: 5
2019-09-20 08:51:09,209 [IPC Server handler 6 on 35288] INFO  pipeline.PipelinePlacementPolicy (PipelinePlacementPolicy.java:meetCriteria(91)) - Pipeline Placement: Doesn't meet the criteria to be viable node： 2a6ce4d1-5069-4aeb-8b94-5f253cd23bfc Heaviness: 6 limit: 5
2019-09-20 08:51:09,209 [IPC Server handler 6 on 35288] INFO  pipeline.PipelinePlacementPolicy (PipelinePlacementPolicy.java:meetCriteria(91)) - Pipeline Placement: Doesn't meet the criteria to be viable node： 972eec63-801b-4789-a14a-664c049671ee Heaviness: 6 limit: 5
2019-09-20 08:51:09,209 [IPC Server handler 6 on 35288] INFO  pipeline.PipelinePlacementPolicy (PipelinePlacementPolicy.java:meetCriteria(91)) - Pipeline Placement: Doesn't meet the criteria to be viable node： 5e9b3ca5-d58f-427a-bd11-930d28ac57d8 Heaviness: 6 limit: 5
2019-09-20 08:51:09,209 [IPC Server handler 6 on 35288] INFO  pipeline.PipelinePlacementPolicy (PipelinePlacementPolicy.java:meetCriteria(91)) - Pipeline Placement: Doesn't meet the criteria to be viable node： 64119811-c299-4353-bef2-4f1f08694db1 Heaviness: 6 limit: 5
2019-09-20 08:51:09,209 [IPC Server handler 6 on 35288] ERROR pipeline.PipelinePlacementPolicy (PipelinePlacementPolicy.java:filterViableNodes(148)) - Unable to find enough nodes that meet the criteria that cannot engage in more than 5 pipelines. Nodes required: 3 Found: 0, healthy nodes count inNodeManager: 5.
2019-09-20 08:51:09,209 [IPC Server handler 6 on 35288] ERROR pipeline.SCMPipelineManager (SCMPipelineManager.java:createPipeline(161)) - Pipeline creation failed due to exception: Unable to find enough nodes that meet the criteria that cannot engage in more than 5 pipelines. Nodes required: 3 Found: 0, healthy nodes count inNodeManager: 5.
2019-09-20 08:51:09,209 [IPC Server handler 6 on 35288] WARN  block.BlockManagerImpl (BlockManagerImpl.java:allocateBlock(192)) - Pipeline creation failed for type:RATIS factor:THREE. Retrying get pipelines call once.
org.apache.hadoop.hdds.scm.exceptions.SCMException: Unable to find enough nodes that meet the criteria that cannot engage in more than 5 pipelines. Nodes required: 3 Found: 0, healthy nodes count inNodeManager: 5.
	at org.apache.hadoop.hdds.scm.pipeline.PipelinePlacementPolicy.filterViableNodes(PipelinePlacementPolicy.java:149)
	at org.apache.hadoop.hdds.scm.pipeline.PipelinePlacementPolicy.chooseDatanodes(PipelinePlacementPolicy.java:172)
	at org.apache.hadoop.hdds.scm.pipeline.RatisPipelineProvider.create(RatisPipelineProvider.java:92)
	at org.apache.hadoop.hdds.scm.pipeline.PipelineFactory.create(PipelineFactory.java:57)
	at org.apache.hadoop.hdds.scm.pipeline.SCMPipelineManager.createPipeline(SCMPipelineManager.java:149)
	at org.apache.hadoop.hdds.scm.block.BlockManagerImpl.allocateBlock(BlockManagerImpl.java:190)
	at org.apache.hadoop.hdds.scm.server.SCMBlockProtocolServer.allocateBlock(SCMBlockProtocolServer.java:175)
	at org.apache.hadoop.ozone.protocolPB.ScmBlockLocationProtocolServerSideTranslatorPB.allocateScmBlock(ScmBlockLocationProtocolServerSideTranslatorPB.java:153)
	at org.apache.hadoop.ozone.protocolPB.ScmBlockLocationProtocolServerSideTranslatorPB.send(ScmBlockLocationProtocolServerSideTranslatorPB.java:112)
	at org.apache.hadoop.hdds.protocol.proto.ScmBlockLocationProtocolProtos$ScmBlockLocationProtocolService$2.callBlockingMethod(ScmBlockLocationProtocolProtos.java:13157)
	at org.apache.hadoop.ipc.ProtobufRpcEngine$Server$ProtoBufRpcInvoker.call(ProtobufRpcEngine.java:524)
	at org.apache.hadoop.ipc.RPC$Server.call(RPC.java:1025)
	at org.apache.hadoop.ipc.Server$RpcCall.run(Server.java:876)
	at org.apache.hadoop.ipc.Server$RpcCall.run(Server.java:822)
	at java.security.AccessController.doPrivileged(Native Method)
	at javax.security.auth.Subject.doAs(Subject.java:422)
	at org.apache.hadoop.security.UserGroupInformation.doAs(UserGroupInformation.java:1730)
	at org.apache.hadoop.ipc.Server$Handler.run(Server.java:2682)
2019-09-20 08:51:09,210 [IPC Server handler 6 on 35288] INFO  block.BlockManagerImpl (BlockManagerImpl.java:allocateBlock(198)) - Could not find available pipeline of type:RATIS and factor:THREE even after retrying
2019-09-20 08:51:09,210 [IPC Server handler 6 on 35288] ERROR block.BlockManagerImpl (BlockManagerImpl.java:allocateBlock(222)) - Unable to allocate a block for the size: 4194304, type: RATIS, factor: THREE
2019-09-20 08:51:09,210 [IPC Server handler 6 on 35288] INFO  pipeline.PipelinePlacementPolicy (PipelinePlacementPolicy.java:meetCriteria(91)) - Pipeline Placement: Doesn't meet the criteria to be viable node： d183acf8-c1d4-40f7-ba5a-175455d3bd55 Heaviness: 6 limit: 5
2019-09-20 08:51:09,210 [IPC Server handler 6 on 35288] INFO  pipeline.PipelinePlacementPolicy (PipelinePlacementPolicy.java:meetCriteria(91)) - Pipeline Placement: Doesn't meet the criteria to be viable node： 2a6ce4d1-5069-4aeb-8b94-5f253cd23bfc Heaviness: 6 limit: 5
2019-09-20 08:51:09,210 [IPC Server handler 6 on 35288] INFO  pipeline.PipelinePlacementPolicy (PipelinePlacementPolicy.java:meetCriteria(91)) - Pipeline Placement: Doesn't meet the criteria to be viable node： 972eec63-801b-4789-a14a-664c049671ee Heaviness: 6 limit: 5
2019-09-20 08:51:09,210 [IPC Server handler 6 on 35288] INFO  pipeline.PipelinePlacementPolicy (PipelinePlacementPolicy.java:meetCriteria(91)) - Pipeline Placement: Doesn't meet the criteria to be viable node： 5e9b3ca5-d58f-427a-bd11-930d28ac57d8 Heaviness: 6 limit: 5
2019-09-20 08:51:09,210 [IPC Server handler 6 on 35288] INFO  pipeline.PipelinePlacementPolicy (PipelinePlacementPolicy.java:meetCriteria(91)) - Pipeline Placement: Doesn't meet the criteria to be viable node： 64119811-c299-4353-bef2-4f1f08694db1 Heaviness: 6 limit: 5
2019-09-20 08:51:09,211 [IPC Server handler 6 on 35288] ERROR pipeline.PipelinePlacementPolicy (PipelinePlacementPolicy.java:filterViableNodes(148)) - Unable to find enough nodes that meet the criteria that cannot engage in more than 5 pipelines. Nodes required: 3 Found: 0, healthy nodes count inNodeManager: 5.
2019-09-20 08:51:09,211 [IPC Server handler 6 on 35288] ERROR pipeline.SCMPipelineManager (SCMPipelineManager.java:createPipeline(161)) - Pipeline creation failed due to exception: Unable to find enough nodes that meet the criteria that cannot engage in more than 5 pipelines. Nodes required: 3 Found: 0, healthy nodes count inNodeManager: 5.
2019-09-20 08:51:09,211 [IPC Server handler 6 on 35288] WARN  block.BlockManagerImpl (BlockManagerImpl.java:allocateBlock(192)) - Pipeline creation failed for type:RATIS factor:THREE. Retrying get pipelines call once.
org.apache.hadoop.hdds.scm.exceptions.SCMException: Unable to find enough nodes that meet the criteria that cannot engage in more than 5 pipelines. Nodes required: 3 Found: 0, healthy nodes count inNodeManager: 5.
	at org.apache.hadoop.hdds.scm.pipeline.PipelinePlacementPolicy.filterViableNodes(PipelinePlacementPolicy.java:149)
	at org.apache.hadoop.hdds.scm.pipeline.PipelinePlacementPolicy.chooseDatanodes(PipelinePlacementPolicy.java:172)
	at org.apache.hadoop.hdds.scm.pipeline.RatisPipelineProvider.create(RatisPipelineProvider.java:92)
	at org.apache.hadoop.hdds.scm.pipeline.PipelineFactory.create(PipelineFactory.java:57)
	at org.apache.hadoop.hdds.scm.pipeline.SCMPipelineManager.createPipeline(SCMPipelineManager.java:149)
	at org.apache.hadoop.hdds.scm.block.BlockManagerImpl.allocateBlock(BlockManagerImpl.java:190)
	at org.apache.hadoop.hdds.scm.server.SCMBlockProtocolServer.allocateBlock(SCMBlockProtocolServer.java:175)
	at org.apache.hadoop.ozone.protocolPB.ScmBlockLocationProtocolServerSideTranslatorPB.allocateScmBlock(ScmBlockLocationProtocolServerSideTranslatorPB.java:153)
	at org.apache.hadoop.ozone.protocolPB.ScmBlockLocationProtocolServerSideTranslatorPB.send(ScmBlockLocationProtocolServerSideTranslatorPB.java:112)
	at org.apache.hadoop.hdds.protocol.proto.ScmBlockLocationProtocolProtos$ScmBlockLocationProtocolService$2.callBlockingMethod(ScmBlockLocationProtocolProtos.java:13157)
	at org.apache.hadoop.ipc.ProtobufRpcEngine$Server$ProtoBufRpcInvoker.call(ProtobufRpcEngine.java:524)
	at org.apache.hadoop.ipc.RPC$Server.call(RPC.java:1025)
	at org.apache.hadoop.ipc.Server$RpcCall.run(Server.java:876)
	at org.apache.hadoop.ipc.Server$RpcCall.run(Server.java:822)
	at java.security.AccessController.doPrivileged(Native Method)
	at javax.security.auth.Subject.doAs(Subject.java:422)
	at org.apache.hadoop.security.UserGroupInformation.doAs(UserGroupInformation.java:1730)
	at org.apache.hadoop.ipc.Server$Handler.run(Server.java:2682)
2019-09-20 08:51:09,211 [IPC Server handler 6 on 35288] INFO  block.BlockManagerImpl (BlockManagerImpl.java:allocateBlock(198)) - Could not find available pipeline of type:RATIS and factor:THREE even after retrying
2019-09-20 08:51:09,211 [IPC Server handler 6 on 35288] ERROR block.BlockManagerImpl (BlockManagerImpl.java:allocateBlock(222)) - Unable to allocate a block for the size: 4194304, type: RATIS, factor: THREE
2019-09-20 08:51:09,211 [IPC Server handler 6 on 35288] INFO  pipeline.PipelinePlacementPolicy (PipelinePlacementPolicy.java:meetCriteria(91)) - Pipeline Placement: Doesn't meet the criteria to be viable node： d183acf8-c1d4-40f7-ba5a-175455d3bd55 Heaviness: 6 limit: 5
2019-09-20 08:51:09,211 [IPC Server handler 6 on 35288] INFO  pipeline.PipelinePlacementPolicy (PipelinePlacementPolicy.java:meetCriteria(91)) - Pipeline Placement: Doesn't meet the criteria to be viable node： 2a6ce4d1-5069-4aeb-8b94-5f253cd23bfc Heaviness: 6 limit: 5
2019-09-20 08:51:09,212 [IPC Server handler 6 on 35288] INFO  pipeline.PipelinePlacementPolicy (PipelinePlacementPolicy.java:meetCriteria(91)) - Pipeline Placement: Doesn't meet the criteria to be viable node： 972eec63-801b-4789-a14a-664c049671ee Heaviness: 6 limit: 5
2019-09-20 08:51:09,212 [IPC Server handler 6 on 35288] INFO  pipeline.PipelinePlacementPolicy (PipelinePlacementPolicy.java:meetCriteria(91)) - Pipeline Placement: Doesn't meet the criteria to be viable node： 5e9b3ca5-d58f-427a-bd11-930d28ac57d8 Heaviness: 6 limit: 5
2019-09-20 08:51:09,212 [IPC Server handler 6 on 35288] INFO  pipeline.PipelinePlacementPolicy (PipelinePlacementPolicy.java:meetCriteria(91)) - Pipeline Placement: Doesn't meet the criteria to be viable node： 64119811-c299-4353-bef2-4f1f08694db1 Heaviness: 6 limit: 5
2019-09-20 08:51:09,212 [IPC Server handler 6 on 35288] ERROR pipeline.PipelinePlacementPolicy (PipelinePlacementPolicy.java:filterViableNodes(148)) - Unable to find enough nodes that meet the criteria that cannot engage in more than 5 pipelines. Nodes required: 3 Found: 0, healthy nodes count inNodeManager: 5.
2019-09-20 08:51:09,212 [IPC Server handler 6 on 35288] ERROR pipeline.SCMPipelineManager (SCMPipelineManager.java:createPipeline(161)) - Pipeline creation failed due to exception: Unable to find enough nodes that meet the criteria that cannot engage in more than 5 pipelines. Nodes required: 3 Found: 0, healthy nodes count inNodeManager: 5.
2019-09-20 08:51:09,212 [IPC Server handler 6 on 35288] WARN  block.BlockManagerImpl (BlockManagerImpl.java:allocateBlock(192)) - Pipeline creation failed for type:RATIS factor:THREE. Retrying get pipelines call once.
org.apache.hadoop.hdds.scm.exceptions.SCMException: Unable to find enough nodes that meet the criteria that cannot engage in more than 5 pipelines. Nodes required: 3 Found: 0, healthy nodes count inNodeManager: 5.
	at org.apache.hadoop.hdds.scm.pipeline.PipelinePlacementPolicy.filterViableNodes(PipelinePlacementPolicy.java:149)
	at org.apache.hadoop.hdds.scm.pipeline.PipelinePlacementPolicy.chooseDatanodes(PipelinePlacementPolicy.java:172)
	at org.apache.hadoop.hdds.scm.pipeline.RatisPipelineProvider.create(RatisPipelineProvider.java:92)
	at org.apache.hadoop.hdds.scm.pipeline.PipelineFactory.create(PipelineFactory.java:57)
	at org.apache.hadoop.hdds.scm.pipeline.SCMPipelineManager.createPipeline(SCMPipelineManager.java:149)
	at org.apache.hadoop.hdds.scm.block.BlockManagerImpl.allocateBlock(BlockManagerImpl.java:190)
	at org.apache.hadoop.hdds.scm.server.SCMBlockProtocolServer.allocateBlock(SCMBlockProtocolServer.java:175)
	at org.apache.hadoop.ozone.protocolPB.ScmBlockLocationProtocolServerSideTranslatorPB.allocateScmBlock(ScmBlockLocationProtocolServerSideTranslatorPB.java:153)
	at org.apache.hadoop.ozone.protocolPB.ScmBlockLocationProtocolServerSideTranslatorPB.send(ScmBlockLocationProtocolServerSideTranslatorPB.java:112)
	at org.apache.hadoop.hdds.protocol.proto.ScmBlockLocationProtocolProtos$ScmBlockLocationProtocolService$2.callBlockingMethod(ScmBlockLocationProtocolProtos.java:13157)
	at org.apache.hadoop.ipc.ProtobufRpcEngine$Server$ProtoBufRpcInvoker.call(ProtobufRpcEngine.java:524)
	at org.apache.hadoop.ipc.RPC$Server.call(RPC.java:1025)
	at org.apache.hadoop.ipc.Server$RpcCall.run(Server.java:876)
	at org.apache.hadoop.ipc.Server$RpcCall.run(Server.java:822)
	at java.security.AccessController.doPrivileged(Native Method)
	at javax.security.auth.Subject.doAs(Subject.java:422)
	at org.apache.hadoop.security.UserGroupInformation.doAs(UserGroupInformation.java:1730)
	at org.apache.hadoop.ipc.Server$Handler.run(Server.java:2682)
2019-09-20 08:51:09,213 [IPC Server handler 6 on 35288] INFO  block.BlockManagerImpl (BlockManagerImpl.java:allocateBlock(198)) - Could not find available pipeline of type:RATIS and factor:THREE even after retrying
2019-09-20 08:51:09,213 [IPC Server handler 6 on 35288] ERROR block.BlockManagerImpl (BlockManagerImpl.java:allocateBlock(222)) - Unable to allocate a block for the size: 4194304, type: RATIS, factor: THREE
2019-09-20 08:51:09,213 [IPC Server handler 6 on 35288] INFO  pipeline.PipelinePlacementPolicy (PipelinePlacementPolicy.java:meetCriteria(91)) - Pipeline Placement: Doesn't meet the criteria to be viable node： d183acf8-c1d4-40f7-ba5a-175455d3bd55 Heaviness: 6 limit: 5
2019-09-20 08:51:09,213 [IPC Server handler 6 on 35288] INFO  pipeline.PipelinePlacementPolicy (PipelinePlacementPolicy.java:meetCriteria(91)) - Pipeline Placement: Doesn't meet the criteria to be viable node： 2a6ce4d1-5069-4aeb-8b94-5f253cd23bfc Heaviness: 6 limit: 5
2019-09-20 08:51:09,213 [IPC Server handler 6 on 35288] INFO  pipeline.PipelinePlacementPolicy (PipelinePlacementPolicy.java:meetCriteria(91)) - Pipeline Placement: Doesn't meet the criteria to be viable node： 972eec63-801b-4789-a14a-664c049671ee Heaviness: 6 limit: 5
2019-09-20 08:51:09,213 [IPC Server handler 6 on 35288] INFO  pipeline.PipelinePlacementPolicy (PipelinePlacementPolicy.java:meetCriteria(91)) - Pipeline Placement: Doesn't meet the criteria to be viable node： 5e9b3ca5-d58f-427a-bd11-930d28ac57d8 Heaviness: 6 limit: 5
2019-09-20 08:51:09,213 [IPC Server handler 6 on 35288] INFO  pipeline.PipelinePlacementPolicy (PipelinePlacementPolicy.java:meetCriteria(91)) - Pipeline Placement: Doesn't meet the criteria to be viable node： 64119811-c299-4353-bef2-4f1f08694db1 Heaviness: 6 limit: 5
2019-09-20 08:51:09,213 [IPC Server handler 6 on 35288] ERROR pipeline.PipelinePlacementPolicy (PipelinePlacementPolicy.java:filterViableNodes(148)) - Unable to find enough nodes that meet the criteria that cannot engage in more than 5 pipelines. Nodes required: 3 Found: 0, healthy nodes count inNodeManager: 5.
2019-09-20 08:51:09,214 [IPC Server handler 6 on 35288] ERROR pipeline.SCMPipelineManager (SCMPipelineManager.java:createPipeline(161)) - Pipeline creation failed due to exception: Unable to find enough nodes that meet the criteria that cannot engage in more than 5 pipelines. Nodes required: 3 Found: 0, healthy nodes count inNodeManager: 5.
2019-09-20 08:51:09,214 [IPC Server handler 6 on 35288] WARN  block.BlockManagerImpl (BlockManagerImpl.java:allocateBlock(192)) - Pipeline creation failed for type:RATIS factor:THREE. Retrying get pipelines call once.
org.apache.hadoop.hdds.scm.exceptions.SCMException: Unable to find enough nodes that meet the criteria that cannot engage in more than 5 pipelines. Nodes required: 3 Found: 0, healthy nodes count inNodeManager: 5.
	at org.apache.hadoop.hdds.scm.pipeline.PipelinePlacementPolicy.filterViableNodes(PipelinePlacementPolicy.java:149)
	at org.apache.hadoop.hdds.scm.pipeline.PipelinePlacementPolicy.chooseDatanodes(PipelinePlacementPolicy.java:172)
	at org.apache.hadoop.hdds.scm.pipeline.RatisPipelineProvider.create(RatisPipelineProvider.java:92)
	at org.apache.hadoop.hdds.scm.pipeline.PipelineFactory.create(PipelineFactory.java:57)
	at org.apache.hadoop.hdds.scm.pipeline.SCMPipelineManager.createPipeline(SCMPipelineManager.java:149)
	at org.apache.hadoop.hdds.scm.block.BlockManagerImpl.allocateBlock(BlockManagerImpl.java:190)
	at org.apache.hadoop.hdds.scm.server.SCMBlockProtocolServer.allocateBlock(SCMBlockProtocolServer.java:175)
	at org.apache.hadoop.ozone.protocolPB.ScmBlockLocationProtocolServerSideTranslatorPB.allocateScmBlock(ScmBlockLocationProtocolServerSideTranslatorPB.java:153)
	at org.apache.hadoop.ozone.protocolPB.ScmBlockLocationProtocolServerSideTranslatorPB.send(ScmBlockLocationProtocolServerSideTranslatorPB.java:112)
	at org.apache.hadoop.hdds.protocol.proto.ScmBlockLocationProtocolProtos$ScmBlockLocationProtocolService$2.callBlockingMethod(ScmBlockLocationProtocolProtos.java:13157)
	at org.apache.hadoop.ipc.ProtobufRpcEngine$Server$ProtoBufRpcInvoker.call(ProtobufRpcEngine.java:524)
	at org.apache.hadoop.ipc.RPC$Server.call(RPC.java:1025)
	at org.apache.hadoop.ipc.Server$RpcCall.run(Server.java:876)
	at org.apache.hadoop.ipc.Server$RpcCall.run(Server.java:822)
	at java.security.AccessController.doPrivileged(Native Method)
	at javax.security.auth.Subject.doAs(Subject.java:422)
	at org.apache.hadoop.security.UserGroupInformation.doAs(UserGroupInformation.java:1730)
	at org.apache.hadoop.ipc.Server$Handler.run(Server.java:2682)
2019-09-20 08:51:09,214 [IPC Server handler 6 on 35288] INFO  block.BlockManagerImpl (BlockManagerImpl.java:allocateBlock(198)) - Could not find available pipeline of type:RATIS and factor:THREE even after retrying
2019-09-20 08:51:09,214 [IPC Server handler 6 on 35288] ERROR block.BlockManagerImpl (BlockManagerImpl.java:allocateBlock(222)) - Unable to allocate a block for the size: 4194304, type: RATIS, factor: THREE
2019-09-20 08:51:09,214 [IPC Server handler 6 on 35288] INFO  pipeline.PipelinePlacementPolicy (PipelinePlacementPolicy.java:meetCriteria(91)) - Pipeline Placement: Doesn't meet the criteria to be viable node： d183acf8-c1d4-40f7-ba5a-175455d3bd55 Heaviness: 6 limit: 5
2019-09-20 08:51:09,214 [IPC Server handler 6 on 35288] INFO  pipeline.PipelinePlacementPolicy (PipelinePlacementPolicy.java:meetCriteria(91)) - Pipeline Placement: Doesn't meet the criteria to be viable node： 2a6ce4d1-5069-4aeb-8b94-5f253cd23bfc Heaviness: 6 limit: 5
2019-09-20 08:51:09,214 [IPC Server handler 6 on 35288] INFO  pipeline.PipelinePlacementPolicy (PipelinePlacementPolicy.java:meetCriteria(91)) - Pipeline Placement: Doesn't meet the criteria to be viable node： 972eec63-801b-4789-a14a-664c049671ee Heaviness: 6 limit: 5
2019-09-20 08:51:09,214 [IPC Server handler 6 on 35288] INFO  pipeline.PipelinePlacementPolicy (PipelinePlacementPolicy.java:meetCriteria(91)) - Pipeline Placement: Doesn't meet the criteria to be viable node： 5e9b3ca5-d58f-427a-bd11-930d28ac57d8 Heaviness: 6 limit: 5
2019-09-20 08:51:09,215 [IPC Server handler 6 on 35288] INFO  pipeline.PipelinePlacementPolicy (PipelinePlacementPolicy.java:meetCriteria(91)) - Pipeline Placement: Doesn't meet the criteria to be viable node： 64119811-c299-4353-bef2-4f1f08694db1 Heaviness: 6 limit: 5
2019-09-20 08:51:09,215 [IPC Server handler 6 on 35288] ERROR pipeline.PipelinePlacementPolicy (PipelinePlacementPolicy.java:filterViableNodes(148)) - Unable to find enough nodes that meet the criteria that cannot engage in more than 5 pipelines. Nodes required: 3 Found: 0, healthy nodes count inNodeManager: 5.
2019-09-20 08:51:09,215 [IPC Server handler 6 on 35288] ERROR pipeline.SCMPipelineManager (SCMPipelineManager.java:createPipeline(161)) - Pipeline creation failed due to exception: Unable to find enough nodes that meet the criteria that cannot engage in more than 5 pipelines. Nodes required: 3 Found: 0, healthy nodes count inNodeManager: 5.
2019-09-20 08:51:09,215 [IPC Server handler 6 on 35288] WARN  block.BlockManagerImpl (BlockManagerImpl.java:allocateBlock(192)) - Pipeline creation failed for type:RATIS factor:THREE. Retrying get pipelines call once.
org.apache.hadoop.hdds.scm.exceptions.SCMException: Unable to find enough nodes that meet the criteria that cannot engage in more than 5 pipelines. Nodes required: 3 Found: 0, healthy nodes count inNodeManager: 5.
	at org.apache.hadoop.hdds.scm.pipeline.PipelinePlacementPolicy.filterViableNodes(PipelinePlacementPolicy.java:149)
	at org.apache.hadoop.hdds.scm.pipeline.PipelinePlacementPolicy.chooseDatanodes(PipelinePlacementPolicy.java:172)
	at org.apache.hadoop.hdds.scm.pipeline.RatisPipelineProvider.create(RatisPipelineProvider.java:92)
	at org.apache.hadoop.hdds.scm.pipeline.PipelineFactory.create(PipelineFactory.java:57)
	at org.apache.hadoop.hdds.scm.pipeline.SCMPipelineManager.createPipeline(SCMPipelineManager.java:149)
	at org.apache.hadoop.hdds.scm.block.BlockManagerImpl.allocateBlock(BlockManagerImpl.java:190)
	at org.apache.hadoop.hdds.scm.server.SCMBlockProtocolServer.allocateBlock(SCMBlockProtocolServer.java:175)
	at org.apache.hadoop.ozone.protocolPB.ScmBlockLocationProtocolServerSideTranslatorPB.allocateScmBlock(ScmBlockLocationProtocolServerSideTranslatorPB.java:153)
	at org.apache.hadoop.ozone.protocolPB.ScmBlockLocationProtocolServerSideTranslatorPB.send(ScmBlockLocationProtocolServerSideTranslatorPB.java:112)
	at org.apache.hadoop.hdds.protocol.proto.ScmBlockLocationProtocolProtos$ScmBlockLocationProtocolService$2.callBlockingMethod(ScmBlockLocationProtocolProtos.java:13157)
	at org.apache.hadoop.ipc.ProtobufRpcEngine$Server$ProtoBufRpcInvoker.call(ProtobufRpcEngine.java:524)
	at org.apache.hadoop.ipc.RPC$Server.call(RPC.java:1025)
	at org.apache.hadoop.ipc.Server$RpcCall.run(Server.java:876)
	at org.apache.hadoop.ipc.Server$RpcCall.run(Server.java:822)
	at java.security.AccessController.doPrivileged(Native Method)
	at javax.security.auth.Subject.doAs(Subject.java:422)
	at org.apache.hadoop.security.UserGroupInformation.doAs(UserGroupInformation.java:1730)
	at org.apache.hadoop.ipc.Server$Handler.run(Server.java:2682)
2019-09-20 08:51:09,215 [IPC Server handler 6 on 35288] INFO  block.BlockManagerImpl (BlockManagerImpl.java:allocateBlock(198)) - Could not find available pipeline of type:RATIS and factor:THREE even after retrying
2019-09-20 08:51:09,215 [IPC Server handler 6 on 35288] ERROR block.BlockManagerImpl (BlockManagerImpl.java:allocateBlock(222)) - Unable to allocate a block for the size: 4194304, type: RATIS, factor: THREE
2019-09-20 08:51:09,215 [IPC Server handler 6 on 35288] INFO  pipeline.PipelinePlacementPolicy (PipelinePlacementPolicy.java:meetCriteria(91)) - Pipeline Placement: Doesn't meet the criteria to be viable node： d183acf8-c1d4-40f7-ba5a-175455d3bd55 Heaviness: 6 limit: 5
2019-09-20 08:51:09,216 [IPC Server handler 6 on 35288] INFO  pipeline.PipelinePlacementPolicy (PipelinePlacementPolicy.java:meetCriteria(91)) - Pipeline Placement: Doesn't meet the criteria to be viable node： 2a6ce4d1-5069-4aeb-8b94-5f253cd23bfc Heaviness: 6 limit: 5
2019-09-20 08:51:09,216 [IPC Server handler 6 on 35288] INFO  pipeline.PipelinePlacementPolicy (PipelinePlacementPolicy.java:meetCriteria(91)) - Pipeline Placement: Doesn't meet the criteria to be viable node： 972eec63-801b-4789-a14a-664c049671ee Heaviness: 6 limit: 5
2019-09-20 08:51:09,216 [IPC Server handler 6 on 35288] INFO  pipeline.PipelinePlacementPolicy (PipelinePlacementPolicy.java:meetCriteria(91)) - Pipeline Placement: Doesn't meet the criteria to be viable node： 5e9b3ca5-d58f-427a-bd11-930d28ac57d8 Heaviness: 6 limit: 5
2019-09-20 08:51:09,216 [IPC Server handler 6 on 35288] INFO  pipeline.PipelinePlacementPolicy (PipelinePlacementPolicy.java:meetCriteria(91)) - Pipeline Placement: Doesn't meet the criteria to be viable node： 64119811-c299-4353-bef2-4f1f08694db1 Heaviness: 6 limit: 5
2019-09-20 08:51:09,216 [IPC Server handler 6 on 35288] ERROR pipeline.PipelinePlacementPolicy (PipelinePlacementPolicy.java:filterViableNodes(148)) - Unable to find enough nodes that meet the criteria that cannot engage in more than 5 pipelines. Nodes required: 3 Found: 0, healthy nodes count inNodeManager: 5.
2019-09-20 08:51:09,216 [IPC Server handler 6 on 35288] ERROR pipeline.SCMPipelineManager (SCMPipelineManager.java:createPipeline(161)) - Pipeline creation failed due to exception: Unable to find enough nodes that meet the criteria that cannot engage in more than 5 pipelines. Nodes required: 3 Found: 0, healthy nodes count inNodeManager: 5.
2019-09-20 08:51:09,216 [IPC Server handler 6 on 35288] WARN  block.BlockManagerImpl (BlockManagerImpl.java:allocateBlock(192)) - Pipeline creation failed for type:RATIS factor:THREE. Retrying get pipelines call once.
org.apache.hadoop.hdds.scm.exceptions.SCMException: Unable to find enough nodes that meet the criteria that cannot engage in more than 5 pipelines. Nodes required: 3 Found: 0, healthy nodes count inNodeManager: 5.
	at org.apache.hadoop.hdds.scm.pipeline.PipelinePlacementPolicy.filterViableNodes(PipelinePlacementPolicy.java:149)
	at org.apache.hadoop.hdds.scm.pipeline.PipelinePlacementPolicy.chooseDatanodes(PipelinePlacementPolicy.java:172)
	at org.apache.hadoop.hdds.scm.pipeline.RatisPipelineProvider.create(RatisPipelineProvider.java:92)
	at org.apache.hadoop.hdds.scm.pipeline.PipelineFactory.create(PipelineFactory.java:57)
	at org.apache.hadoop.hdds.scm.pipeline.SCMPipelineManager.createPipeline(SCMPipelineManager.java:149)
	at org.apache.hadoop.hdds.scm.block.BlockManagerImpl.allocateBlock(BlockManagerImpl.java:190)
	at org.apache.hadoop.hdds.scm.server.SCMBlockProtocolServer.allocateBlock(SCMBlockProtocolServer.java:175)
	at org.apache.hadoop.ozone.protocolPB.ScmBlockLocationProtocolServerSideTranslatorPB.allocateScmBlock(ScmBlockLocationProtocolServerSideTranslatorPB.java:153)
	at org.apache.hadoop.ozone.protocolPB.ScmBlockLocationProtocolServerSideTranslatorPB.send(ScmBlockLocationProtocolServerSideTranslatorPB.java:112)
	at org.apache.hadoop.hdds.protocol.proto.ScmBlockLocationProtocolProtos$ScmBlockLocationProtocolService$2.callBlockingMethod(ScmBlockLocationProtocolProtos.java:13157)
	at org.apache.hadoop.ipc.ProtobufRpcEngine$Server$ProtoBufRpcInvoker.call(ProtobufRpcEngine.java:524)
	at org.apache.hadoop.ipc.RPC$Server.call(RPC.java:1025)
	at org.apache.hadoop.ipc.Server$RpcCall.run(Server.java:876)
	at org.apache.hadoop.ipc.Server$RpcCall.run(Server.java:822)
	at java.security.AccessController.doPrivileged(Native Method)
	at javax.security.auth.Subject.doAs(Subject.java:422)
	at org.apache.hadoop.security.UserGroupInformation.doAs(UserGroupInformation.java:1730)
	at org.apache.hadoop.ipc.Server$Handler.run(Server.java:2682)
2019-09-20 08:51:09,217 [IPC Server handler 6 on 35288] INFO  block.BlockManagerImpl (BlockManagerImpl.java:allocateBlock(198)) - Could not find available pipeline of type:RATIS and factor:THREE even after retrying
2019-09-20 08:51:09,217 [IPC Server handler 6 on 35288] ERROR block.BlockManagerImpl (BlockManagerImpl.java:allocateBlock(222)) - Unable to allocate a block for the size: 4194304, type: RATIS, factor: THREE
2019-09-20 08:51:09,217 [IPC Server handler 6 on 35288] INFO  pipeline.PipelinePlacementPolicy (PipelinePlacementPolicy.java:meetCriteria(91)) - Pipeline Placement: Doesn't meet the criteria to be viable node： d183acf8-c1d4-40f7-ba5a-175455d3bd55 Heaviness: 6 limit: 5
2019-09-20 08:51:09,217 [IPC Server handler 6 on 35288] INFO  pipeline.PipelinePlacementPolicy (PipelinePlacementPolicy.java:meetCriteria(91)) - Pipeline Placement: Doesn't meet the criteria to be viable node： 2a6ce4d1-5069-4aeb-8b94-5f253cd23bfc Heaviness: 6 limit: 5
2019-09-20 08:51:09,217 [IPC Server handler 6 on 35288] INFO  pipeline.PipelinePlacementPolicy (PipelinePlacementPolicy.java:meetCriteria(91)) - Pipeline Placement: Doesn't meet the criteria to be viable node： 972eec63-801b-4789-a14a-664c049671ee Heaviness: 6 limit: 5
2019-09-20 08:51:09,217 [IPC Server handler 6 on 35288] INFO  pipeline.PipelinePlacementPolicy (PipelinePlacementPolicy.java:meetCriteria(91)) - Pipeline Placement: Doesn't meet the criteria to be viable node： 5e9b3ca5-d58f-427a-bd11-930d28ac57d8 Heaviness: 6 limit: 5
2019-09-20 08:51:09,217 [IPC Server handler 6 on 35288] INFO  pipeline.PipelinePlacementPolicy (PipelinePlacementPolicy.java:meetCriteria(91)) - Pipeline Placement: Doesn't meet the criteria to be viable node： 64119811-c299-4353-bef2-4f1f08694db1 Heaviness: 6 limit: 5
2019-09-20 08:51:09,217 [IPC Server handler 6 on 35288] ERROR pipeline.PipelinePlacementPolicy (PipelinePlacementPolicy.java:filterViableNodes(148)) - Unable to find enough nodes that meet the criteria that cannot engage in more than 5 pipelines. Nodes required: 3 Found: 0, healthy nodes count inNodeManager: 5.
2019-09-20 08:51:09,218 [IPC Server handler 6 on 35288] ERROR pipeline.SCMPipelineManager (SCMPipelineManager.java:createPipeline(161)) - Pipeline creation failed due to exception: Unable to find enough nodes that meet the criteria that cannot engage in more than 5 pipelines. Nodes required: 3 Found: 0, healthy nodes count inNodeManager: 5.
2019-09-20 08:51:09,218 [IPC Server handler 6 on 35288] WARN  block.BlockManagerImpl (BlockManagerImpl.java:allocateBlock(192)) - Pipeline creation failed for type:RATIS factor:THREE. Retrying get pipelines call once.
org.apache.hadoop.hdds.scm.exceptions.SCMException: Unable to find enough nodes that meet the criteria that cannot engage in more than 5 pipelines. Nodes required: 3 Found: 0, healthy nodes count inNodeManager: 5.
	at org.apache.hadoop.hdds.scm.pipeline.PipelinePlacementPolicy.filterViableNodes(PipelinePlacementPolicy.java:149)
	at org.apache.hadoop.hdds.scm.pipeline.PipelinePlacementPolicy.chooseDatanodes(PipelinePlacementPolicy.java:172)
	at org.apache.hadoop.hdds.scm.pipeline.RatisPipelineProvider.create(RatisPipelineProvider.java:92)
	at org.apache.hadoop.hdds.scm.pipeline.PipelineFactory.create(PipelineFactory.java:57)
	at org.apache.hadoop.hdds.scm.pipeline.SCMPipelineManager.createPipeline(SCMPipelineManager.java:149)
	at org.apache.hadoop.hdds.scm.block.BlockManagerImpl.allocateBlock(BlockManagerImpl.java:190)
	at org.apache.hadoop.hdds.scm.server.SCMBlockProtocolServer.allocateBlock(SCMBlockProtocolServer.java:175)
	at org.apache.hadoop.ozone.protocolPB.ScmBlockLocationProtocolServerSideTranslatorPB.allocateScmBlock(ScmBlockLocationProtocolServerSideTranslatorPB.java:153)
	at org.apache.hadoop.ozone.protocolPB.ScmBlockLocationProtocolServerSideTranslatorPB.send(ScmBlockLocationProtocolServerSideTranslatorPB.java:112)
	at org.apache.hadoop.hdds.protocol.proto.ScmBlockLocationProtocolProtos$ScmBlockLocationProtocolService$2.callBlockingMethod(ScmBlockLocationProtocolProtos.java:13157)
	at org.apache.hadoop.ipc.ProtobufRpcEngine$Server$ProtoBufRpcInvoker.call(ProtobufRpcEngine.java:524)
	at org.apache.hadoop.ipc.RPC$Server.call(RPC.java:1025)
	at org.apache.hadoop.ipc.Server$RpcCall.run(Server.java:876)
	at org.apache.hadoop.ipc.Server$RpcCall.run(Server.java:822)
	at java.security.AccessController.doPrivileged(Native Method)
	at javax.security.auth.Subject.doAs(Subject.java:422)
	at org.apache.hadoop.security.UserGroupInformation.doAs(UserGroupInformation.java:1730)
	at org.apache.hadoop.ipc.Server$Handler.run(Server.java:2682)
2019-09-20 08:51:09,218 [IPC Server handler 6 on 35288] INFO  block.BlockManagerImpl (BlockManagerImpl.java:allocateBlock(198)) - Could not find available pipeline of type:RATIS and factor:THREE even after retrying
2019-09-20 08:51:09,218 [IPC Server handler 6 on 35288] ERROR block.BlockManagerImpl (BlockManagerImpl.java:allocateBlock(222)) - Unable to allocate a block for the size: 4194304, type: RATIS, factor: THREE
2019-09-20 08:51:09,218 [IPC Server handler 6 on 35288] INFO  pipeline.PipelinePlacementPolicy (PipelinePlacementPolicy.java:meetCriteria(91)) - Pipeline Placement: Doesn't meet the criteria to be viable node： d183acf8-c1d4-40f7-ba5a-175455d3bd55 Heaviness: 6 limit: 5
2019-09-20 08:51:09,218 [IPC Server handler 6 on 35288] INFO  pipeline.PipelinePlacementPolicy (PipelinePlacementPolicy.java:meetCriteria(91)) - Pipeline Placement: Doesn't meet the criteria to be viable node： 2a6ce4d1-5069-4aeb-8b94-5f253cd23bfc Heaviness: 6 limit: 5
2019-09-20 08:51:09,218 [IPC Server handler 6 on 35288] INFO  pipeline.PipelinePlacementPolicy (PipelinePlacementPolicy.java:meetCriteria(91)) - Pipeline Placement: Doesn't meet the criteria to be viable node： 972eec63-801b-4789-a14a-664c049671ee Heaviness: 6 limit: 5
2019-09-20 08:51:09,218 [IPC Server handler 6 on 35288] INFO  pipeline.PipelinePlacementPolicy (PipelinePlacementPolicy.java:meetCriteria(91)) - Pipeline Placement: Doesn't meet the criteria to be viable node： 5e9b3ca5-d58f-427a-bd11-930d28ac57d8 Heaviness: 6 limit: 5
2019-09-20 08:51:09,219 [IPC Server handler 6 on 35288] INFO  pipeline.PipelinePlacementPolicy (PipelinePlacementPolicy.java:meetCriteria(91)) - Pipeline Placement: Doesn't meet the criteria to be viable node： 64119811-c299-4353-bef2-4f1f08694db1 Heaviness: 6 limit: 5
2019-09-20 08:51:09,219 [IPC Server handler 6 on 35288] ERROR pipeline.PipelinePlacementPolicy (PipelinePlacementPolicy.java:filterViableNodes(148)) - Unable to find enough nodes that meet the criteria that cannot engage in more than 5 pipelines. Nodes required: 3 Found: 0, healthy nodes count inNodeManager: 5.
2019-09-20 08:51:09,219 [IPC Server handler 6 on 35288] ERROR pipeline.SCMPipelineManager (SCMPipelineManager.java:createPipeline(161)) - Pipeline creation failed due to exception: Unable to find enough nodes that meet the criteria that cannot engage in more than 5 pipelines. Nodes required: 3 Found: 0, healthy nodes count inNodeManager: 5.
2019-09-20 08:51:09,219 [IPC Server handler 6 on 35288] WARN  block.BlockManagerImpl (BlockManagerImpl.java:allocateBlock(192)) - Pipeline creation failed for type:RATIS factor:THREE. Retrying get pipelines call once.
org.apache.hadoop.hdds.scm.exceptions.SCMException: Unable to find enough nodes that meet the criteria that cannot engage in more than 5 pipelines. Nodes required: 3 Found: 0, healthy nodes count inNodeManager: 5.
	at org.apache.hadoop.hdds.scm.pipeline.PipelinePlacementPolicy.filterViableNodes(PipelinePlacementPolicy.java:149)
	at org.apache.hadoop.hdds.scm.pipeline.PipelinePlacementPolicy.chooseDatanodes(PipelinePlacementPolicy.java:172)
	at org.apache.hadoop.hdds.scm.pipeline.RatisPipelineProvider.create(RatisPipelineProvider.java:92)
	at org.apache.hadoop.hdds.scm.pipeline.PipelineFactory.create(PipelineFactory.java:57)
	at org.apache.hadoop.hdds.scm.pipeline.SCMPipelineManager.createPipeline(SCMPipelineManager.java:149)
	at org.apache.hadoop.hdds.scm.block.BlockManagerImpl.allocateBlock(BlockManagerImpl.java:190)
	at org.apache.hadoop.hdds.scm.server.SCMBlockProtocolServer.allocateBlock(SCMBlockProtocolServer.java:175)
	at org.apache.hadoop.ozone.protocolPB.ScmBlockLocationProtocolServerSideTranslatorPB.allocateScmBlock(ScmBlockLocationProtocolServerSideTranslatorPB.java:153)
	at org.apache.hadoop.ozone.protocolPB.ScmBlockLocationProtocolServerSideTranslatorPB.send(ScmBlockLocationProtocolServerSideTranslatorPB.java:112)
	at org.apache.hadoop.hdds.protocol.proto.ScmBlockLocationProtocolProtos$ScmBlockLocationProtocolService$2.callBlockingMethod(ScmBlockLocationProtocolProtos.java:13157)
	at org.apache.hadoop.ipc.ProtobufRpcEngine$Server$ProtoBufRpcInvoker.call(ProtobufRpcEngine.java:524)
	at org.apache.hadoop.ipc.RPC$Server.call(RPC.java:1025)
	at org.apache.hadoop.ipc.Server$RpcCall.run(Server.java:876)
	at org.apache.hadoop.ipc.Server$RpcCall.run(Server.java:822)
	at java.security.AccessController.doPrivileged(Native Method)
	at javax.security.auth.Subject.doAs(Subject.java:422)
	at org.apache.hadoop.security.UserGroupInformation.doAs(UserGroupInformation.java:1730)
	at org.apache.hadoop.ipc.Server$Handler.run(Server.java:2682)
2019-09-20 08:51:09,219 [IPC Server handler 6 on 35288] INFO  block.BlockManagerImpl (BlockManagerImpl.java:allocateBlock(198)) - Could not find available pipeline of type:RATIS and factor:THREE even after retrying
2019-09-20 08:51:09,219 [IPC Server handler 6 on 35288] ERROR block.BlockManagerImpl (BlockManagerImpl.java:allocateBlock(222)) - Unable to allocate a block for the size: 4194304, type: RATIS, factor: THREE
2019-09-20 08:51:09,219 [IPC Server handler 6 on 35288] INFO  pipeline.PipelinePlacementPolicy (PipelinePlacementPolicy.java:meetCriteria(91)) - Pipeline Placement: Doesn't meet the criteria to be viable node： d183acf8-c1d4-40f7-ba5a-175455d3bd55 Heaviness: 6 limit: 5
2019-09-20 08:51:09,220 [IPC Server handler 6 on 35288] INFO  pipeline.PipelinePlacementPolicy (PipelinePlacementPolicy.java:meetCriteria(91)) - Pipeline Placement: Doesn't meet the criteria to be viable node： 2a6ce4d1-5069-4aeb-8b94-5f253cd23bfc Heaviness: 6 limit: 5
2019-09-20 08:51:09,220 [IPC Server handler 6 on 35288] INFO  pipeline.PipelinePlacementPolicy (PipelinePlacementPolicy.java:meetCriteria(91)) - Pipeline Placement: Doesn't meet the criteria to be viable node： 972eec63-801b-4789-a14a-664c049671ee Heaviness: 6 limit: 5
2019-09-20 08:51:09,220 [IPC Server handler 6 on 35288] INFO  pipeline.PipelinePlacementPolicy (PipelinePlacementPolicy.java:meetCriteria(91)) - Pipeline Placement: Doesn't meet the criteria to be viable node： 5e9b3ca5-d58f-427a-bd11-930d28ac57d8 Heaviness: 6 limit: 5
2019-09-20 08:51:09,220 [IPC Server handler 6 on 35288] INFO  pipeline.PipelinePlacementPolicy (PipelinePlacementPolicy.java:meetCriteria(91)) - Pipeline Placement: Doesn't meet the criteria to be viable node： 64119811-c299-4353-bef2-4f1f08694db1 Heaviness: 6 limit: 5
2019-09-20 08:51:09,220 [IPC Server handler 6 on 35288] ERROR pipeline.PipelinePlacementPolicy (PipelinePlacementPolicy.java:filterViableNodes(148)) - Unable to find enough nodes that meet the criteria that cannot engage in more than 5 pipelines. Nodes required: 3 Found: 0, healthy nodes count inNodeManager: 5.
2019-09-20 08:51:09,220 [IPC Server handler 6 on 35288] ERROR pipeline.SCMPipelineManager (SCMPipelineManager.java:createPipeline(161)) - Pipeline creation failed due to exception: Unable to find enough nodes that meet the criteria that cannot engage in more than 5 pipelines. Nodes required: 3 Found: 0, healthy nodes count inNodeManager: 5.
2019-09-20 08:51:09,220 [IPC Server handler 6 on 35288] WARN  block.BlockManagerImpl (BlockManagerImpl.java:allocateBlock(192)) - Pipeline creation failed for type:RATIS factor:THREE. Retrying get pipelines call once.
org.apache.hadoop.hdds.scm.exceptions.SCMException: Unable to find enough nodes that meet the criteria that cannot engage in more than 5 pipelines. Nodes required: 3 Found: 0, healthy nodes count inNodeManager: 5.
	at org.apache.hadoop.hdds.scm.pipeline.PipelinePlacementPolicy.filterViableNodes(PipelinePlacementPolicy.java:149)
	at org.apache.hadoop.hdds.scm.pipeline.PipelinePlacementPolicy.chooseDatanodes(PipelinePlacementPolicy.java:172)
	at org.apache.hadoop.hdds.scm.pipeline.RatisPipelineProvider.create(RatisPipelineProvider.java:92)
	at org.apache.hadoop.hdds.scm.pipeline.PipelineFactory.create(PipelineFactory.java:57)
	at org.apache.hadoop.hdds.scm.pipeline.SCMPipelineManager.createPipeline(SCMPipelineManager.java:149)
	at org.apache.hadoop.hdds.scm.block.BlockManagerImpl.allocateBlock(BlockManagerImpl.java:190)
	at org.apache.hadoop.hdds.scm.server.SCMBlockProtocolServer.allocateBlock(SCMBlockProtocolServer.java:175)
	at org.apache.hadoop.ozone.protocolPB.ScmBlockLocationProtocolServerSideTranslatorPB.allocateScmBlock(ScmBlockLocationProtocolServerSideTranslatorPB.java:153)
	at org.apache.hadoop.ozone.protocolPB.ScmBlockLocationProtocolServerSideTranslatorPB.send(ScmBlockLocationProtocolServerSideTranslatorPB.java:112)
	at org.apache.hadoop.hdds.protocol.proto.ScmBlockLocationProtocolProtos$ScmBlockLocationProtocolService$2.callBlockingMethod(ScmBlockLocationProtocolProtos.java:13157)
	at org.apache.hadoop.ipc.ProtobufRpcEngine$Server$ProtoBufRpcInvoker.call(ProtobufRpcEngine.java:524)
	at org.apache.hadoop.ipc.RPC$Server.call(RPC.java:1025)
	at org.apache.hadoop.ipc.Server$RpcCall.run(Server.java:876)
	at org.apache.hadoop.ipc.Server$RpcCall.run(Server.java:822)
	at java.security.AccessController.doPrivileged(Native Method)
	at javax.security.auth.Subject.doAs(Subject.java:422)
	at org.apache.hadoop.security.UserGroupInformation.doAs(UserGroupInformation.java:1730)
	at org.apache.hadoop.ipc.Server$Handler.run(Server.java:2682)
2019-09-20 08:51:09,220 [IPC Server handler 6 on 35288] INFO  block.BlockManagerImpl (BlockManagerImpl.java:allocateBlock(198)) - Could not find available pipeline of type:RATIS and factor:THREE even after retrying
2019-09-20 08:51:09,221 [IPC Server handler 6 on 35288] ERROR block.BlockManagerImpl (BlockManagerImpl.java:allocateBlock(222)) - Unable to allocate a block for the size: 4194304, type: RATIS, factor: THREE
2019-09-20 08:51:09,221 [IPC Server handler 6 on 35288] INFO  pipeline.PipelinePlacementPolicy (PipelinePlacementPolicy.java:meetCriteria(91)) - Pipeline Placement: Doesn't meet the criteria to be viable node： d183acf8-c1d4-40f7-ba5a-175455d3bd55 Heaviness: 6 limit: 5
2019-09-20 08:51:09,221 [IPC Server handler 6 on 35288] INFO  pipeline.PipelinePlacementPolicy (PipelinePlacementPolicy.java:meetCriteria(91)) - Pipeline Placement: Doesn't meet the criteria to be viable node： 2a6ce4d1-5069-4aeb-8b94-5f253cd23bfc Heaviness: 6 limit: 5
2019-09-20 08:51:09,221 [IPC Server handler 6 on 35288] INFO  pipeline.PipelinePlacementPolicy (PipelinePlacementPolicy.java:meetCriteria(91)) - Pipeline Placement: Doesn't meet the criteria to be viable node： 972eec63-801b-4789-a14a-664c049671ee Heaviness: 6 limit: 5
2019-09-20 08:51:09,221 [IPC Server handler 6 on 35288] INFO  pipeline.PipelinePlacementPolicy (PipelinePlacementPolicy.java:meetCriteria(91)) - Pipeline Placement: Doesn't meet the criteria to be viable node： 5e9b3ca5-d58f-427a-bd11-930d28ac57d8 Heaviness: 6 limit: 5
2019-09-20 08:51:09,221 [IPC Server handler 6 on 35288] INFO  pipeline.PipelinePlacementPolicy (PipelinePlacementPolicy.java:meetCriteria(91)) - Pipeline Placement: Doesn't meet the criteria to be viable node： 64119811-c299-4353-bef2-4f1f08694db1 Heaviness: 6 limit: 5
2019-09-20 08:51:09,221 [IPC Server handler 6 on 35288] ERROR pipeline.PipelinePlacementPolicy (PipelinePlacementPolicy.java:filterViableNodes(148)) - Unable to find enough nodes that meet the criteria that cannot engage in more than 5 pipelines. Nodes required: 3 Found: 0, healthy nodes count inNodeManager: 5.
2019-09-20 08:51:09,221 [IPC Server handler 6 on 35288] ERROR pipeline.SCMPipelineManager (SCMPipelineManager.java:createPipeline(161)) - Pipeline creation failed due to exception: Unable to find enough nodes that meet the criteria that cannot engage in more than 5 pipelines. Nodes required: 3 Found: 0, healthy nodes count inNodeManager: 5.
2019-09-20 08:51:09,221 [IPC Server handler 6 on 35288] WARN  block.BlockManagerImpl (BlockManagerImpl.java:allocateBlock(192)) - Pipeline creation failed for type:RATIS factor:THREE. Retrying get pipelines call once.
org.apache.hadoop.hdds.scm.exceptions.SCMException: Unable to find enough nodes that meet the criteria that cannot engage in more than 5 pipelines. Nodes required: 3 Found: 0, healthy nodes count inNodeManager: 5.
	at org.apache.hadoop.hdds.scm.pipeline.PipelinePlacementPolicy.filterViableNodes(PipelinePlacementPolicy.java:149)
	at org.apache.hadoop.hdds.scm.pipeline.PipelinePlacementPolicy.chooseDatanodes(PipelinePlacementPolicy.java:172)
	at org.apache.hadoop.hdds.scm.pipeline.RatisPipelineProvider.create(RatisPipelineProvider.java:92)
	at org.apache.hadoop.hdds.scm.pipeline.PipelineFactory.create(PipelineFactory.java:57)
	at org.apache.hadoop.hdds.scm.pipeline.SCMPipelineManager.createPipeline(SCMPipelineManager.java:149)
	at org.apache.hadoop.hdds.scm.block.BlockManagerImpl.allocateBlock(BlockManagerImpl.java:190)
	at org.apache.hadoop.hdds.scm.server.SCMBlockProtocolServer.allocateBlock(SCMBlockProtocolServer.java:175)
	at org.apache.hadoop.ozone.protocolPB.ScmBlockLocationProtocolServerSideTranslatorPB.allocateScmBlock(ScmBlockLocationProtocolServerSideTranslatorPB.java:153)
	at org.apache.hadoop.ozone.protocolPB.ScmBlockLocationProtocolServerSideTranslatorPB.send(ScmBlockLocationProtocolServerSideTranslatorPB.java:112)
	at org.apache.hadoop.hdds.protocol.proto.ScmBlockLocationProtocolProtos$ScmBlockLocationProtocolService$2.callBlockingMethod(ScmBlockLocationProtocolProtos.java:13157)
	at org.apache.hadoop.ipc.ProtobufRpcEngine$Server$ProtoBufRpcInvoker.call(ProtobufRpcEngine.java:524)
	at org.apache.hadoop.ipc.RPC$Server.call(RPC.java:1025)
	at org.apache.hadoop.ipc.Server$RpcCall.run(Server.java:876)
	at org.apache.hadoop.ipc.Server$RpcCall.run(Server.java:822)
	at java.security.AccessController.doPrivileged(Native Method)
	at javax.security.auth.Subject.doAs(Subject.java:422)
	at org.apache.hadoop.security.UserGroupInformation.doAs(UserGroupInformation.java:1730)
	at org.apache.hadoop.ipc.Server$Handler.run(Server.java:2682)
2019-09-20 08:51:09,222 [IPC Server handler 6 on 35288] INFO  block.BlockManagerImpl (BlockManagerImpl.java:allocateBlock(198)) - Could not find available pipeline of type:RATIS and factor:THREE even after retrying
2019-09-20 08:51:09,222 [IPC Server handler 6 on 35288] ERROR block.BlockManagerImpl (BlockManagerImpl.java:allocateBlock(222)) - Unable to allocate a block for the size: 4194304, type: RATIS, factor: THREE
2019-09-20 08:51:09,222 [IPC Server handler 6 on 35288] INFO  pipeline.PipelinePlacementPolicy (PipelinePlacementPolicy.java:meetCriteria(91)) - Pipeline Placement: Doesn't meet the criteria to be viable node： d183acf8-c1d4-40f7-ba5a-175455d3bd55 Heaviness: 6 limit: 5
2019-09-20 08:51:09,222 [IPC Server handler 6 on 35288] INFO  pipeline.PipelinePlacementPolicy (PipelinePlacementPolicy.java:meetCriteria(91)) - Pipeline Placement: Doesn't meet the criteria to be viable node： 2a6ce4d1-5069-4aeb-8b94-5f253cd23bfc Heaviness: 6 limit: 5
2019-09-20 08:51:09,222 [IPC Server handler 6 on 35288] INFO  pipeline.PipelinePlacementPolicy (PipelinePlacementPolicy.java:meetCriteria(91)) - Pipeline Placement: Doesn't meet the criteria to be viable node： 972eec63-801b-4789-a14a-664c049671ee Heaviness: 6 limit: 5
2019-09-20 08:51:09,222 [IPC Server handler 6 on 35288] INFO  pipeline.PipelinePlacementPolicy (PipelinePlacementPolicy.java:meetCriteria(91)) - Pipeline Placement: Doesn't meet the criteria to be viable node： 5e9b3ca5-d58f-427a-bd11-930d28ac57d8 Heaviness: 6 limit: 5
2019-09-20 08:51:09,222 [IPC Server handler 6 on 35288] INFO  pipeline.PipelinePlacementPolicy (PipelinePlacementPolicy.java:meetCriteria(91)) - Pipeline Placement: Doesn't meet the criteria to be viable node： 64119811-c299-4353-bef2-4f1f08694db1 Heaviness: 6 limit: 5
2019-09-20 08:51:09,223 [IPC Server handler 6 on 35288] ERROR pipeline.PipelinePlacementPolicy (PipelinePlacementPolicy.java:filterViableNodes(148)) - Unable to find enough nodes that meet the criteria that cannot engage in more than 5 pipelines. Nodes required: 3 Found: 0, healthy nodes count inNodeManager: 5.
2019-09-20 08:51:09,223 [IPC Server handler 6 on 35288] ERROR pipeline.SCMPipelineManager (SCMPipelineManager.java:createPipeline(161)) - Pipeline creation failed due to exception: Unable to find enough nodes that meet the criteria that cannot engage in more than 5 pipelines. Nodes required: 3 Found: 0, healthy nodes count inNodeManager: 5.
2019-09-20 08:51:09,223 [IPC Server handler 6 on 35288] WARN  block.BlockManagerImpl (BlockManagerImpl.java:allocateBlock(192)) - Pipeline creation failed for type:RATIS factor:THREE. Retrying get pipelines call once.
org.apache.hadoop.hdds.scm.exceptions.SCMException: Unable to find enough nodes that meet the criteria that cannot engage in more than 5 pipelines. Nodes required: 3 Found: 0, healthy nodes count inNodeManager: 5.
	at org.apache.hadoop.hdds.scm.pipeline.PipelinePlacementPolicy.filterViableNodes(PipelinePlacementPolicy.java:149)
	at org.apache.hadoop.hdds.scm.pipeline.PipelinePlacementPolicy.chooseDatanodes(PipelinePlacementPolicy.java:172)
	at org.apache.hadoop.hdds.scm.pipeline.RatisPipelineProvider.create(RatisPipelineProvider.java:92)
	at org.apache.hadoop.hdds.scm.pipeline.PipelineFactory.create(PipelineFactory.java:57)
	at org.apache.hadoop.hdds.scm.pipeline.SCMPipelineManager.createPipeline(SCMPipelineManager.java:149)
	at org.apache.hadoop.hdds.scm.block.BlockManagerImpl.allocateBlock(BlockManagerImpl.java:190)
	at org.apache.hadoop.hdds.scm.server.SCMBlockProtocolServer.allocateBlock(SCMBlockProtocolServer.java:175)
	at org.apache.hadoop.ozone.protocolPB.ScmBlockLocationProtocolServerSideTranslatorPB.allocateScmBlock(ScmBlockLocationProtocolServerSideTranslatorPB.java:153)
	at org.apache.hadoop.ozone.protocolPB.ScmBlockLocationProtocolServerSideTranslatorPB.send(ScmBlockLocationProtocolServerSideTranslatorPB.java:112)
	at org.apache.hadoop.hdds.protocol.proto.ScmBlockLocationProtocolProtos$ScmBlockLocationProtocolService$2.callBlockingMethod(ScmBlockLocationProtocolProtos.java:13157)
	at org.apache.hadoop.ipc.ProtobufRpcEngine$Server$ProtoBufRpcInvoker.call(ProtobufRpcEngine.java:524)
	at org.apache.hadoop.ipc.RPC$Server.call(RPC.java:1025)
	at org.apache.hadoop.ipc.Server$RpcCall.run(Server.java:876)
	at org.apache.hadoop.ipc.Server$RpcCall.run(Server.java:822)
	at java.security.AccessController.doPrivileged(Native Method)
	at javax.security.auth.Subject.doAs(Subject.java:422)
	at org.apache.hadoop.security.UserGroupInformation.doAs(UserGroupInformation.java:1730)
	at org.apache.hadoop.ipc.Server$Handler.run(Server.java:2682)
2019-09-20 08:51:09,223 [IPC Server handler 6 on 35288] INFO  block.BlockManagerImpl (BlockManagerImpl.java:allocateBlock(198)) - Could not find available pipeline of type:RATIS and factor:THREE even after retrying
2019-09-20 08:51:09,223 [IPC Server handler 6 on 35288] ERROR block.BlockManagerImpl (BlockManagerImpl.java:allocateBlock(222)) - Unable to allocate a block for the size: 4194304, type: RATIS, factor: THREE
2019-09-20 08:51:09,223 [IPC Server handler 6 on 35288] INFO  pipeline.PipelinePlacementPolicy (PipelinePlacementPolicy.java:meetCriteria(91)) - Pipeline Placement: Doesn't meet the criteria to be viable node： d183acf8-c1d4-40f7-ba5a-175455d3bd55 Heaviness: 6 limit: 5
2019-09-20 08:51:09,223 [IPC Server handler 6 on 35288] INFO  pipeline.PipelinePlacementPolicy (PipelinePlacementPolicy.java:meetCriteria(91)) - Pipeline Placement: Doesn't meet the criteria to be viable node： 2a6ce4d1-5069-4aeb-8b94-5f253cd23bfc Heaviness: 6 limit: 5
2019-09-20 08:51:09,223 [IPC Server handler 6 on 35288] INFO  pipeline.PipelinePlacementPolicy (PipelinePlacementPolicy.java:meetCriteria(91)) - Pipeline Placement: Doesn't meet the criteria to be viable node： 972eec63-801b-4789-a14a-664c049671ee Heaviness: 6 limit: 5
2019-09-20 08:51:09,224 [IPC Server handler 6 on 35288] INFO  pipeline.PipelinePlacementPolicy (PipelinePlacementPolicy.java:meetCriteria(91)) - Pipeline Placement: Doesn't meet the criteria to be viable node： 5e9b3ca5-d58f-427a-bd11-930d28ac57d8 Heaviness: 6 limit: 5
2019-09-20 08:51:09,224 [IPC Server handler 6 on 35288] INFO  pipeline.PipelinePlacementPolicy (PipelinePlacementPolicy.java:meetCriteria(91)) - Pipeline Placement: Doesn't meet the criteria to be viable node： 64119811-c299-4353-bef2-4f1f08694db1 Heaviness: 6 limit: 5
2019-09-20 08:51:09,224 [IPC Server handler 6 on 35288] ERROR pipeline.PipelinePlacementPolicy (PipelinePlacementPolicy.java:filterViableNodes(148)) - Unable to find enough nodes that meet the criteria that cannot engage in more than 5 pipelines. Nodes required: 3 Found: 0, healthy nodes count inNodeManager: 5.
2019-09-20 08:51:09,224 [IPC Server handler 6 on 35288] ERROR pipeline.SCMPipelineManager (SCMPipelineManager.java:createPipeline(161)) - Pipeline creation failed due to exception: Unable to find enough nodes that meet the criteria that cannot engage in more than 5 pipelines. Nodes required: 3 Found: 0, healthy nodes count inNodeManager: 5.
2019-09-20 08:51:09,224 [IPC Server handler 6 on 35288] WARN  block.BlockManagerImpl (BlockManagerImpl.java:allocateBlock(192)) - Pipeline creation failed for type:RATIS factor:THREE. Retrying get pipelines call once.
org.apache.hadoop.hdds.scm.exceptions.SCMException: Unable to find enough nodes that meet the criteria that cannot engage in more than 5 pipelines. Nodes required: 3 Found: 0, healthy nodes count inNodeManager: 5.
	at org.apache.hadoop.hdds.scm.pipeline.PipelinePlacementPolicy.filterViableNodes(PipelinePlacementPolicy.java:149)
	at org.apache.hadoop.hdds.scm.pipeline.PipelinePlacementPolicy.chooseDatanodes(PipelinePlacementPolicy.java:172)
	at org.apache.hadoop.hdds.scm.pipeline.RatisPipelineProvider.create(RatisPipelineProvider.java:92)
	at org.apache.hadoop.hdds.scm.pipeline.PipelineFactory.create(PipelineFactory.java:57)
	at org.apache.hadoop.hdds.scm.pipeline.SCMPipelineManager.createPipeline(SCMPipelineManager.java:149)
	at org.apache.hadoop.hdds.scm.block.BlockManagerImpl.allocateBlock(BlockManagerImpl.java:190)
	at org.apache.hadoop.hdds.scm.server.SCMBlockProtocolServer.allocateBlock(SCMBlockProtocolServer.java:175)
	at org.apache.hadoop.ozone.protocolPB.ScmBlockLocationProtocolServerSideTranslatorPB.allocateScmBlock(ScmBlockLocationProtocolServerSideTranslatorPB.java:153)
	at org.apache.hadoop.ozone.protocolPB.ScmBlockLocationProtocolServerSideTranslatorPB.send(ScmBlockLocationProtocolServerSideTranslatorPB.java:112)
	at org.apache.hadoop.hdds.protocol.proto.ScmBlockLocationProtocolProtos$ScmBlockLocationProtocolService$2.callBlockingMethod(ScmBlockLocationProtocolProtos.java:13157)
	at org.apache.hadoop.ipc.ProtobufRpcEngine$Server$ProtoBufRpcInvoker.call(ProtobufRpcEngine.java:524)
	at org.apache.hadoop.ipc.RPC$Server.call(RPC.java:1025)
	at org.apache.hadoop.ipc.Server$RpcCall.run(Server.java:876)
	at org.apache.hadoop.ipc.Server$RpcCall.run(Server.java:822)
	at java.security.AccessController.doPrivileged(Native Method)
	at javax.security.auth.Subject.doAs(Subject.java:422)
	at org.apache.hadoop.security.UserGroupInformation.doAs(UserGroupInformation.java:1730)
	at org.apache.hadoop.ipc.Server$Handler.run(Server.java:2682)
2019-09-20 08:51:09,224 [IPC Server handler 6 on 35288] INFO  block.BlockManagerImpl (BlockManagerImpl.java:allocateBlock(198)) - Could not find available pipeline of type:RATIS and factor:THREE even after retrying
2019-09-20 08:51:09,224 [IPC Server handler 6 on 35288] ERROR block.BlockManagerImpl (BlockManagerImpl.java:allocateBlock(222)) - Unable to allocate a block for the size: 4194304, type: RATIS, factor: THREE
2019-09-20 08:51:09,224 [IPC Server handler 6 on 35288] INFO  pipeline.PipelinePlacementPolicy (PipelinePlacementPolicy.java:meetCriteria(91)) - Pipeline Placement: Doesn't meet the criteria to be viable node： d183acf8-c1d4-40f7-ba5a-175455d3bd55 Heaviness: 6 limit: 5
2019-09-20 08:51:09,225 [IPC Server handler 6 on 35288] INFO  pipeline.PipelinePlacementPolicy (PipelinePlacementPolicy.java:meetCriteria(91)) - Pipeline Placement: Doesn't meet the criteria to be viable node： 2a6ce4d1-5069-4aeb-8b94-5f253cd23bfc Heaviness: 6 limit: 5
2019-09-20 08:51:09,225 [IPC Server handler 6 on 35288] INFO  pipeline.PipelinePlacementPolicy (PipelinePlacementPolicy.java:meetCriteria(91)) - Pipeline Placement: Doesn't meet the criteria to be viable node： 972eec63-801b-4789-a14a-664c049671ee Heaviness: 6 limit: 5
2019-09-20 08:51:09,225 [IPC Server handler 6 on 35288] INFO  pipeline.PipelinePlacementPolicy (PipelinePlacementPolicy.java:meetCriteria(91)) - Pipeline Placement: Doesn't meet the criteria to be viable node： 5e9b3ca5-d58f-427a-bd11-930d28ac57d8 Heaviness: 6 limit: 5
2019-09-20 08:51:09,225 [IPC Server handler 6 on 35288] INFO  pipeline.PipelinePlacementPolicy (PipelinePlacementPolicy.java:meetCriteria(91)) - Pipeline Placement: Doesn't meet the criteria to be viable node： 64119811-c299-4353-bef2-4f1f08694db1 Heaviness: 6 limit: 5
2019-09-20 08:51:09,225 [IPC Server handler 6 on 35288] ERROR pipeline.PipelinePlacementPolicy (PipelinePlacementPolicy.java:filterViableNodes(148)) - Unable to find enough nodes that meet the criteria that cannot engage in more than 5 pipelines. Nodes required: 3 Found: 0, healthy nodes count inNodeManager: 5.
2019-09-20 08:51:09,225 [IPC Server handler 6 on 35288] ERROR pipeline.SCMPipelineManager (SCMPipelineManager.java:createPipeline(161)) - Pipeline creation failed due to exception: Unable to find enough nodes that meet the criteria that cannot engage in more than 5 pipelines. Nodes required: 3 Found: 0, healthy nodes count inNodeManager: 5.
2019-09-20 08:51:09,225 [IPC Server handler 6 on 35288] WARN  block.BlockManagerImpl (BlockManagerImpl.java:allocateBlock(192)) - Pipeline creation failed for type:RATIS factor:THREE. Retrying get pipelines call once.
org.apache.hadoop.hdds.scm.exceptions.SCMException: Unable to find enough nodes that meet the criteria that cannot engage in more than 5 pipelines. Nodes required: 3 Found: 0, healthy nodes count inNodeManager: 5.
	at org.apache.hadoop.hdds.scm.pipeline.PipelinePlacementPolicy.filterViableNodes(PipelinePlacementPolicy.java:149)
	at org.apache.hadoop.hdds.scm.pipeline.PipelinePlacementPolicy.chooseDatanodes(PipelinePlacementPolicy.java:172)
	at org.apache.hadoop.hdds.scm.pipeline.RatisPipelineProvider.create(RatisPipelineProvider.java:92)
	at org.apache.hadoop.hdds.scm.pipeline.PipelineFactory.create(PipelineFactory.java:57)
	at org.apache.hadoop.hdds.scm.pipeline.SCMPipelineManager.createPipeline(SCMPipelineManager.java:149)
	at org.apache.hadoop.hdds.scm.block.BlockManagerImpl.allocateBlock(BlockManagerImpl.java:190)
	at org.apache.hadoop.hdds.scm.server.SCMBlockProtocolServer.allocateBlock(SCMBlockProtocolServer.java:175)
	at org.apache.hadoop.ozone.protocolPB.ScmBlockLocationProtocolServerSideTranslatorPB.allocateScmBlock(ScmBlockLocationProtocolServerSideTranslatorPB.java:153)
	at org.apache.hadoop.ozone.protocolPB.ScmBlockLocationProtocolServerSideTranslatorPB.send(ScmBlockLocationProtocolServerSideTranslatorPB.java:112)
	at org.apache.hadoop.hdds.protocol.proto.ScmBlockLocationProtocolProtos$ScmBlockLocationProtocolService$2.callBlockingMethod(ScmBlockLocationProtocolProtos.java:13157)
	at org.apache.hadoop.ipc.ProtobufRpcEngine$Server$ProtoBufRpcInvoker.call(ProtobufRpcEngine.java:524)
	at org.apache.hadoop.ipc.RPC$Server.call(RPC.java:1025)
	at org.apache.hadoop.ipc.Server$RpcCall.run(Server.java:876)
	at org.apache.hadoop.ipc.Server$RpcCall.run(Server.java:822)
	at java.security.AccessController.doPrivileged(Native Method)
	at javax.security.auth.Subject.doAs(Subject.java:422)
	at org.apache.hadoop.security.UserGroupInformation.doAs(UserGroupInformation.java:1730)
	at org.apache.hadoop.ipc.Server$Handler.run(Server.java:2682)
2019-09-20 08:51:09,225 [IPC Server handler 6 on 35288] INFO  block.BlockManagerImpl (BlockManagerImpl.java:allocateBlock(198)) - Could not find available pipeline of type:RATIS and factor:THREE even after retrying
2019-09-20 08:51:09,226 [IPC Server handler 6 on 35288] ERROR block.BlockManagerImpl (BlockManagerImpl.java:allocateBlock(222)) - Unable to allocate a block for the size: 4194304, type: RATIS, factor: THREE
2019-09-20 08:51:09,226 [IPC Server handler 6 on 35288] INFO  pipeline.PipelinePlacementPolicy (PipelinePlacementPolicy.java:meetCriteria(91)) - Pipeline Placement: Doesn't meet the criteria to be viable node： d183acf8-c1d4-40f7-ba5a-175455d3bd55 Heaviness: 6 limit: 5
2019-09-20 08:51:09,226 [IPC Server handler 6 on 35288] INFO  pipeline.PipelinePlacementPolicy (PipelinePlacementPolicy.java:meetCriteria(91)) - Pipeline Placement: Doesn't meet the criteria to be viable node： 2a6ce4d1-5069-4aeb-8b94-5f253cd23bfc Heaviness: 6 limit: 5
2019-09-20 08:51:09,226 [IPC Server handler 6 on 35288] INFO  pipeline.PipelinePlacementPolicy (PipelinePlacementPolicy.java:meetCriteria(91)) - Pipeline Placement: Doesn't meet the criteria to be viable node： 972eec63-801b-4789-a14a-664c049671ee Heaviness: 6 limit: 5
2019-09-20 08:51:09,226 [IPC Server handler 6 on 35288] INFO  pipeline.PipelinePlacementPolicy (PipelinePlacementPolicy.java:meetCriteria(91)) - Pipeline Placement: Doesn't meet the criteria to be viable node： 5e9b3ca5-d58f-427a-bd11-930d28ac57d8 Heaviness: 6 limit: 5
2019-09-20 08:51:09,226 [IPC Server handler 6 on 35288] INFO  pipeline.PipelinePlacementPolicy (PipelinePlacementPolicy.java:meetCriteria(91)) - Pipeline Placement: Doesn't meet the criteria to be viable node： 64119811-c299-4353-bef2-4f1f08694db1 Heaviness: 6 limit: 5
2019-09-20 08:51:09,226 [IPC Server handler 6 on 35288] ERROR pipeline.PipelinePlacementPolicy (PipelinePlacementPolicy.java:filterViableNodes(148)) - Unable to find enough nodes that meet the criteria that cannot engage in more than 5 pipelines. Nodes required: 3 Found: 0, healthy nodes count inNodeManager: 5.
2019-09-20 08:51:09,226 [IPC Server handler 6 on 35288] ERROR pipeline.SCMPipelineManager (SCMPipelineManager.java:createPipeline(161)) - Pipeline creation failed due to exception: Unable to find enough nodes that meet the criteria that cannot engage in more than 5 pipelines. Nodes required: 3 Found: 0, healthy nodes count inNodeManager: 5.
2019-09-20 08:51:09,226 [IPC Server handler 6 on 35288] WARN  block.BlockManagerImpl (BlockManagerImpl.java:allocateBlock(192)) - Pipeline creation failed for type:RATIS factor:THREE. Retrying get pipelines call once.
org.apache.hadoop.hdds.scm.exceptions.SCMException: Unable to find enough nodes that meet the criteria that cannot engage in more than 5 pipelines. Nodes required: 3 Found: 0, healthy nodes count inNodeManager: 5.
	at org.apache.hadoop.hdds.scm.pipeline.PipelinePlacementPolicy.filterViableNodes(PipelinePlacementPolicy.java:149)
	at org.apache.hadoop.hdds.scm.pipeline.PipelinePlacementPolicy.chooseDatanodes(PipelinePlacementPolicy.java:172)
	at org.apache.hadoop.hdds.scm.pipeline.RatisPipelineProvider.create(RatisPipelineProvider.java:92)
	at org.apache.hadoop.hdds.scm.pipeline.PipelineFactory.create(PipelineFactory.java:57)
	at org.apache.hadoop.hdds.scm.pipeline.SCMPipelineManager.createPipeline(SCMPipelineManager.java:149)
	at org.apache.hadoop.hdds.scm.block.BlockManagerImpl.allocateBlock(BlockManagerImpl.java:190)
	at org.apache.hadoop.hdds.scm.server.SCMBlockProtocolServer.allocateBlock(SCMBlockProtocolServer.java:175)
	at org.apache.hadoop.ozone.protocolPB.ScmBlockLocationProtocolServerSideTranslatorPB.allocateScmBlock(ScmBlockLocationProtocolServerSideTranslatorPB.java:153)
	at org.apache.hadoop.ozone.protocolPB.ScmBlockLocationProtocolServerSideTranslatorPB.send(ScmBlockLocationProtocolServerSideTranslatorPB.java:112)
	at org.apache.hadoop.hdds.protocol.proto.ScmBlockLocationProtocolProtos$ScmBlockLocationProtocolService$2.callBlockingMethod(ScmBlockLocationProtocolProtos.java:13157)
	at org.apache.hadoop.ipc.ProtobufRpcEngine$Server$ProtoBufRpcInvoker.call(ProtobufRpcEngine.java:524)
	at org.apache.hadoop.ipc.RPC$Server.call(RPC.java:1025)
	at org.apache.hadoop.ipc.Server$RpcCall.run(Server.java:876)
	at org.apache.hadoop.ipc.Server$RpcCall.run(Server.java:822)
	at java.security.AccessController.doPrivileged(Native Method)
	at javax.security.auth.Subject.doAs(Subject.java:422)
	at org.apache.hadoop.security.UserGroupInformation.doAs(UserGroupInformation.java:1730)
	at org.apache.hadoop.ipc.Server$Handler.run(Server.java:2682)
2019-09-20 08:51:09,227 [IPC Server handler 6 on 35288] INFO  block.BlockManagerImpl (BlockManagerImpl.java:allocateBlock(198)) - Could not find available pipeline of type:RATIS and factor:THREE even after retrying
2019-09-20 08:51:09,227 [IPC Server handler 6 on 35288] ERROR block.BlockManagerImpl (BlockManagerImpl.java:allocateBlock(222)) - Unable to allocate a block for the size: 4194304, type: RATIS, factor: THREE
2019-09-20 08:51:09,227 [IPC Server handler 6 on 35288] INFO  pipeline.PipelinePlacementPolicy (PipelinePlacementPolicy.java:meetCriteria(91)) - Pipeline Placement: Doesn't meet the criteria to be viable node： d183acf8-c1d4-40f7-ba5a-175455d3bd55 Heaviness: 6 limit: 5
2019-09-20 08:51:09,227 [IPC Server handler 6 on 35288] INFO  pipeline.PipelinePlacementPolicy (PipelinePlacementPolicy.java:meetCriteria(91)) - Pipeline Placement: Doesn't meet the criteria to be viable node： 2a6ce4d1-5069-4aeb-8b94-5f253cd23bfc Heaviness: 6 limit: 5
2019-09-20 08:51:09,227 [IPC Server handler 6 on 35288] INFO  pipeline.PipelinePlacementPolicy (PipelinePlacementPolicy.java:meetCriteria(91)) - Pipeline Placement: Doesn't meet the criteria to be viable node： 972eec63-801b-4789-a14a-664c049671ee Heaviness: 6 limit: 5
2019-09-20 08:51:09,227 [IPC Server handler 6 on 35288] INFO  pipeline.PipelinePlacementPolicy (PipelinePlacementPolicy.java:meetCriteria(91)) - Pipeline Placement: Doesn't meet the criteria to be viable node： 5e9b3ca5-d58f-427a-bd11-930d28ac57d8 Heaviness: 6 limit: 5
2019-09-20 08:51:09,227 [IPC Server handler 6 on 35288] INFO  pipeline.PipelinePlacementPolicy (PipelinePlacementPolicy.java:meetCriteria(91)) - Pipeline Placement: Doesn't meet the criteria to be viable node： 64119811-c299-4353-bef2-4f1f08694db1 Heaviness: 6 limit: 5
2019-09-20 08:51:09,227 [IPC Server handler 6 on 35288] ERROR pipeline.PipelinePlacementPolicy (PipelinePlacementPolicy.java:filterViableNodes(148)) - Unable to find enough nodes that meet the criteria that cannot engage in more than 5 pipelines. Nodes required: 3 Found: 0, healthy nodes count inNodeManager: 5.
2019-09-20 08:51:09,228 [IPC Server handler 6 on 35288] ERROR pipeline.SCMPipelineManager (SCMPipelineManager.java:createPipeline(161)) - Pipeline creation failed due to exception: Unable to find enough nodes that meet the criteria that cannot engage in more than 5 pipelines. Nodes required: 3 Found: 0, healthy nodes count inNodeManager: 5.
2019-09-20 08:51:09,228 [IPC Server handler 6 on 35288] WARN  block.BlockManagerImpl (BlockManagerImpl.java:allocateBlock(192)) - Pipeline creation failed for type:RATIS factor:THREE. Retrying get pipelines call once.
org.apache.hadoop.hdds.scm.exceptions.SCMException: Unable to find enough nodes that meet the criteria that cannot engage in more than 5 pipelines. Nodes required: 3 Found: 0, healthy nodes count inNodeManager: 5.
	at org.apache.hadoop.hdds.scm.pipeline.PipelinePlacementPolicy.filterViableNodes(PipelinePlacementPolicy.java:149)
	at org.apache.hadoop.hdds.scm.pipeline.PipelinePlacementPolicy.chooseDatanodes(PipelinePlacementPolicy.java:172)
	at org.apache.hadoop.hdds.scm.pipeline.RatisPipelineProvider.create(RatisPipelineProvider.java:92)
	at org.apache.hadoop.hdds.scm.pipeline.PipelineFactory.create(PipelineFactory.java:57)
	at org.apache.hadoop.hdds.scm.pipeline.SCMPipelineManager.createPipeline(SCMPipelineManager.java:149)
	at org.apache.hadoop.hdds.scm.block.BlockManagerImpl.allocateBlock(BlockManagerImpl.java:190)
	at org.apache.hadoop.hdds.scm.server.SCMBlockProtocolServer.allocateBlock(SCMBlockProtocolServer.java:175)
	at org.apache.hadoop.ozone.protocolPB.ScmBlockLocationProtocolServerSideTranslatorPB.allocateScmBlock(ScmBlockLocationProtocolServerSideTranslatorPB.java:153)
	at org.apache.hadoop.ozone.protocolPB.ScmBlockLocationProtocolServerSideTranslatorPB.send(ScmBlockLocationProtocolServerSideTranslatorPB.java:112)
	at org.apache.hadoop.hdds.protocol.proto.ScmBlockLocationProtocolProtos$ScmBlockLocationProtocolService$2.callBlockingMethod(ScmBlockLocationProtocolProtos.java:13157)
	at org.apache.hadoop.ipc.ProtobufRpcEngine$Server$ProtoBufRpcInvoker.call(ProtobufRpcEngine.java:524)
	at org.apache.hadoop.ipc.RPC$Server.call(RPC.java:1025)
	at org.apache.hadoop.ipc.Server$RpcCall.run(Server.java:876)
	at org.apache.hadoop.ipc.Server$RpcCall.run(Server.java:822)
	at java.security.AccessController.doPrivileged(Native Method)
	at javax.security.auth.Subject.doAs(Subject.java:422)
	at org.apache.hadoop.security.UserGroupInformation.doAs(UserGroupInformation.java:1730)
	at org.apache.hadoop.ipc.Server$Handler.run(Server.java:2682)
2019-09-20 08:51:09,228 [IPC Server handler 6 on 35288] INFO  block.BlockManagerImpl (BlockManagerImpl.java:allocateBlock(198)) - Could not find available pipeline of type:RATIS and factor:THREE even after retrying
2019-09-20 08:51:09,228 [IPC Server handler 6 on 35288] ERROR block.BlockManagerImpl (BlockManagerImpl.java:allocateBlock(222)) - Unable to allocate a block for the size: 4194304, type: RATIS, factor: THREE
2019-09-20 08:51:09,228 [IPC Server handler 6 on 35288] INFO  pipeline.PipelinePlacementPolicy (PipelinePlacementPolicy.java:meetCriteria(91)) - Pipeline Placement: Doesn't meet the criteria to be viable node： d183acf8-c1d4-40f7-ba5a-175455d3bd55 Heaviness: 6 limit: 5
2019-09-20 08:51:09,228 [IPC Server handler 6 on 35288] INFO  pipeline.PipelinePlacementPolicy (PipelinePlacementPolicy.java:meetCriteria(91)) - Pipeline Placement: Doesn't meet the criteria to be viable node： 2a6ce4d1-5069-4aeb-8b94-5f253cd23bfc Heaviness: 6 limit: 5
2019-09-20 08:51:09,228 [IPC Server handler 6 on 35288] INFO  pipeline.PipelinePlacementPolicy (PipelinePlacementPolicy.java:meetCriteria(91)) - Pipeline Placement: Doesn't meet the criteria to be viable node： 972eec63-801b-4789-a14a-664c049671ee Heaviness: 6 limit: 5
2019-09-20 08:51:09,228 [IPC Server handler 6 on 35288] INFO  pipeline.PipelinePlacementPolicy (PipelinePlacementPolicy.java:meetCriteria(91)) - Pipeline Placement: Doesn't meet the criteria to be viable node： 5e9b3ca5-d58f-427a-bd11-930d28ac57d8 Heaviness: 6 limit: 5
2019-09-20 08:51:09,229 [IPC Server handler 6 on 35288] INFO  pipeline.PipelinePlacementPolicy (PipelinePlacementPolicy.java:meetCriteria(91)) - Pipeline Placement: Doesn't meet the criteria to be viable node： 64119811-c299-4353-bef2-4f1f08694db1 Heaviness: 6 limit: 5
2019-09-20 08:51:09,229 [IPC Server handler 6 on 35288] ERROR pipeline.PipelinePlacementPolicy (PipelinePlacementPolicy.java:filterViableNodes(148)) - Unable to find enough nodes that meet the criteria that cannot engage in more than 5 pipelines. Nodes required: 3 Found: 0, healthy nodes count inNodeManager: 5.
2019-09-20 08:51:09,229 [IPC Server handler 6 on 35288] ERROR pipeline.SCMPipelineManager (SCMPipelineManager.java:createPipeline(161)) - Pipeline creation failed due to exception: Unable to find enough nodes that meet the criteria that cannot engage in more than 5 pipelines. Nodes required: 3 Found: 0, healthy nodes count inNodeManager: 5.
2019-09-20 08:51:09,229 [IPC Server handler 6 on 35288] WARN  block.BlockManagerImpl (BlockManagerImpl.java:allocateBlock(192)) - Pipeline creation failed for type:RATIS factor:THREE. Retrying get pipelines call once.
org.apache.hadoop.hdds.scm.exceptions.SCMException: Unable to find enough nodes that meet the criteria that cannot engage in more than 5 pipelines. Nodes required: 3 Found: 0, healthy nodes count inNodeManager: 5.
	at org.apache.hadoop.hdds.scm.pipeline.PipelinePlacementPolicy.filterViableNodes(PipelinePlacementPolicy.java:149)
	at org.apache.hadoop.hdds.scm.pipeline.PipelinePlacementPolicy.chooseDatanodes(PipelinePlacementPolicy.java:172)
	at org.apache.hadoop.hdds.scm.pipeline.RatisPipelineProvider.create(RatisPipelineProvider.java:92)
	at org.apache.hadoop.hdds.scm.pipeline.PipelineFactory.create(PipelineFactory.java:57)
	at org.apache.hadoop.hdds.scm.pipeline.SCMPipelineManager.createPipeline(SCMPipelineManager.java:149)
	at org.apache.hadoop.hdds.scm.block.BlockManagerImpl.allocateBlock(BlockManagerImpl.java:190)
	at org.apache.hadoop.hdds.scm.server.SCMBlockProtocolServer.allocateBlock(SCMBlockProtocolServer.java:175)
	at org.apache.hadoop.ozone.protocolPB.ScmBlockLocationProtocolServerSideTranslatorPB.allocateScmBlock(ScmBlockLocationProtocolServerSideTranslatorPB.java:153)
	at org.apache.hadoop.ozone.protocolPB.ScmBlockLocationProtocolServerSideTranslatorPB.send(ScmBlockLocationProtocolServerSideTranslatorPB.java:112)
	at org.apache.hadoop.hdds.protocol.proto.ScmBlockLocationProtocolProtos$ScmBlockLocationProtocolService$2.callBlockingMethod(ScmBlockLocationProtocolProtos.java:13157)
	at org.apache.hadoop.ipc.ProtobufRpcEngine$Server$ProtoBufRpcInvoker.call(ProtobufRpcEngine.java:524)
	at org.apache.hadoop.ipc.RPC$Server.call(RPC.java:1025)
	at org.apache.hadoop.ipc.Server$RpcCall.run(Server.java:876)
	at org.apache.hadoop.ipc.Server$RpcCall.run(Server.java:822)
	at java.security.AccessController.doPrivileged(Native Method)
	at javax.security.auth.Subject.doAs(Subject.java:422)
	at org.apache.hadoop.security.UserGroupInformation.doAs(UserGroupInformation.java:1730)
	at org.apache.hadoop.ipc.Server$Handler.run(Server.java:2682)
2019-09-20 08:51:09,229 [IPC Server handler 6 on 35288] INFO  block.BlockManagerImpl (BlockManagerImpl.java:allocateBlock(198)) - Could not find available pipeline of type:RATIS and factor:THREE even after retrying
2019-09-20 08:51:09,229 [IPC Server handler 6 on 35288] ERROR block.BlockManagerImpl (BlockManagerImpl.java:allocateBlock(222)) - Unable to allocate a block for the size: 4194304, type: RATIS, factor: THREE
2019-09-20 08:51:09,229 [IPC Server handler 6 on 35288] INFO  pipeline.PipelinePlacementPolicy (PipelinePlacementPolicy.java:meetCriteria(91)) - Pipeline Placement: Doesn't meet the criteria to be viable node： d183acf8-c1d4-40f7-ba5a-175455d3bd55 Heaviness: 6 limit: 5
2019-09-20 08:51:09,229 [IPC Server handler 6 on 35288] INFO  pipeline.PipelinePlacementPolicy (PipelinePlacementPolicy.java:meetCriteria(91)) - Pipeline Placement: Doesn't meet the criteria to be viable node： 2a6ce4d1-5069-4aeb-8b94-5f253cd23bfc Heaviness: 6 limit: 5
2019-09-20 08:51:09,230 [IPC Server handler 6 on 35288] INFO  pipeline.PipelinePlacementPolicy (PipelinePlacementPolicy.java:meetCriteria(91)) - Pipeline Placement: Doesn't meet the criteria to be viable node： 972eec63-801b-4789-a14a-664c049671ee Heaviness: 6 limit: 5
2019-09-20 08:51:09,230 [IPC Server handler 6 on 35288] INFO  pipeline.PipelinePlacementPolicy (PipelinePlacementPolicy.java:meetCriteria(91)) - Pipeline Placement: Doesn't meet the criteria to be viable node： 5e9b3ca5-d58f-427a-bd11-930d28ac57d8 Heaviness: 6 limit: 5
2019-09-20 08:51:09,230 [IPC Server handler 6 on 35288] INFO  pipeline.PipelinePlacementPolicy (PipelinePlacementPolicy.java:meetCriteria(91)) - Pipeline Placement: Doesn't meet the criteria to be viable node： 64119811-c299-4353-bef2-4f1f08694db1 Heaviness: 6 limit: 5
2019-09-20 08:51:09,230 [IPC Server handler 6 on 35288] ERROR pipeline.PipelinePlacementPolicy (PipelinePlacementPolicy.java:filterViableNodes(148)) - Unable to find enough nodes that meet the criteria that cannot engage in more than 5 pipelines. Nodes required: 3 Found: 0, healthy nodes count inNodeManager: 5.
2019-09-20 08:51:09,230 [IPC Server handler 6 on 35288] ERROR pipeline.SCMPipelineManager (SCMPipelineManager.java:createPipeline(161)) - Pipeline creation failed due to exception: Unable to find enough nodes that meet the criteria that cannot engage in more than 5 pipelines. Nodes required: 3 Found: 0, healthy nodes count inNodeManager: 5.
2019-09-20 08:51:09,230 [IPC Server handler 6 on 35288] WARN  block.BlockManagerImpl (BlockManagerImpl.java:allocateBlock(192)) - Pipeline creation failed for type:RATIS factor:THREE. Retrying get pipelines call once.
org.apache.hadoop.hdds.scm.exceptions.SCMException: Unable to find enough nodes that meet the criteria that cannot engage in more than 5 pipelines. Nodes required: 3 Found: 0, healthy nodes count inNodeManager: 5.
	at org.apache.hadoop.hdds.scm.pipeline.PipelinePlacementPolicy.filterViableNodes(PipelinePlacementPolicy.java:149)
	at org.apache.hadoop.hdds.scm.pipeline.PipelinePlacementPolicy.chooseDatanodes(PipelinePlacementPolicy.java:172)
	at org.apache.hadoop.hdds.scm.pipeline.RatisPipelineProvider.create(RatisPipelineProvider.java:92)
	at org.apache.hadoop.hdds.scm.pipeline.PipelineFactory.create(PipelineFactory.java:57)
	at org.apache.hadoop.hdds.scm.pipeline.SCMPipelineManager.createPipeline(SCMPipelineManager.java:149)
	at org.apache.hadoop.hdds.scm.block.BlockManagerImpl.allocateBlock(BlockManagerImpl.java:190)
	at org.apache.hadoop.hdds.scm.server.SCMBlockProtocolServer.allocateBlock(SCMBlockProtocolServer.java:175)
	at org.apache.hadoop.ozone.protocolPB.ScmBlockLocationProtocolServerSideTranslatorPB.allocateScmBlock(ScmBlockLocationProtocolServerSideTranslatorPB.java:153)
	at org.apache.hadoop.ozone.protocolPB.ScmBlockLocationProtocolServerSideTranslatorPB.send(ScmBlockLocationProtocolServerSideTranslatorPB.java:112)
	at org.apache.hadoop.hdds.protocol.proto.ScmBlockLocationProtocolProtos$ScmBlockLocationProtocolService$2.callBlockingMethod(ScmBlockLocationProtocolProtos.java:13157)
	at org.apache.hadoop.ipc.ProtobufRpcEngine$Server$ProtoBufRpcInvoker.call(ProtobufRpcEngine.java:524)
	at org.apache.hadoop.ipc.RPC$Server.call(RPC.java:1025)
	at org.apache.hadoop.ipc.Server$RpcCall.run(Server.java:876)
	at org.apache.hadoop.ipc.Server$RpcCall.run(Server.java:822)
	at java.security.AccessController.doPrivileged(Native Method)
	at javax.security.auth.Subject.doAs(Subject.java:422)
	at org.apache.hadoop.security.UserGroupInformation.doAs(UserGroupInformation.java:1730)
	at org.apache.hadoop.ipc.Server$Handler.run(Server.java:2682)
2019-09-20 08:51:09,230 [IPC Server handler 6 on 35288] INFO  block.BlockManagerImpl (BlockManagerImpl.java:allocateBlock(198)) - Could not find available pipeline of type:RATIS and factor:THREE even after retrying
2019-09-20 08:51:09,230 [IPC Server handler 6 on 35288] ERROR block.BlockManagerImpl (BlockManagerImpl.java:allocateBlock(222)) - Unable to allocate a block for the size: 4194304, type: RATIS, factor: THREE
2019-09-20 08:51:09,231 [IPC Server handler 6 on 35288] INFO  pipeline.PipelinePlacementPolicy (PipelinePlacementPolicy.java:meetCriteria(91)) - Pipeline Placement: Doesn't meet the criteria to be viable node： d183acf8-c1d4-40f7-ba5a-175455d3bd55 Heaviness: 6 limit: 5
2019-09-20 08:51:09,231 [IPC Server handler 6 on 35288] INFO  pipeline.PipelinePlacementPolicy (PipelinePlacementPolicy.java:meetCriteria(91)) - Pipeline Placement: Doesn't meet the criteria to be viable node： 2a6ce4d1-5069-4aeb-8b94-5f253cd23bfc Heaviness: 6 limit: 5
2019-09-20 08:51:09,231 [IPC Server handler 6 on 35288] INFO  pipeline.PipelinePlacementPolicy (PipelinePlacementPolicy.java:meetCriteria(91)) - Pipeline Placement: Doesn't meet the criteria to be viable node： 972eec63-801b-4789-a14a-664c049671ee Heaviness: 6 limit: 5
2019-09-20 08:51:09,231 [IPC Server handler 6 on 35288] INFO  pipeline.PipelinePlacementPolicy (PipelinePlacementPolicy.java:meetCriteria(91)) - Pipeline Placement: Doesn't meet the criteria to be viable node： 5e9b3ca5-d58f-427a-bd11-930d28ac57d8 Heaviness: 6 limit: 5
2019-09-20 08:51:09,231 [IPC Server handler 6 on 35288] INFO  pipeline.PipelinePlacementPolicy (PipelinePlacementPolicy.java:meetCriteria(91)) - Pipeline Placement: Doesn't meet the criteria to be viable node： 64119811-c299-4353-bef2-4f1f08694db1 Heaviness: 6 limit: 5
2019-09-20 08:51:09,231 [IPC Server handler 6 on 35288] ERROR pipeline.PipelinePlacementPolicy (PipelinePlacementPolicy.java:filterViableNodes(148)) - Unable to find enough nodes that meet the criteria that cannot engage in more than 5 pipelines. Nodes required: 3 Found: 0, healthy nodes count inNodeManager: 5.
2019-09-20 08:51:09,231 [IPC Server handler 6 on 35288] ERROR pipeline.SCMPipelineManager (SCMPipelineManager.java:createPipeline(161)) - Pipeline creation failed due to exception: Unable to find enough nodes that meet the criteria that cannot engage in more than 5 pipelines. Nodes required: 3 Found: 0, healthy nodes count inNodeManager: 5.
2019-09-20 08:51:09,231 [IPC Server handler 6 on 35288] WARN  block.BlockManagerImpl (BlockManagerImpl.java:allocateBlock(192)) - Pipeline creation failed for type:RATIS factor:THREE. Retrying get pipelines call once.
org.apache.hadoop.hdds.scm.exceptions.SCMException: Unable to find enough nodes that meet the criteria that cannot engage in more than 5 pipelines. Nodes required: 3 Found: 0, healthy nodes count inNodeManager: 5.
	at org.apache.hadoop.hdds.scm.pipeline.PipelinePlacementPolicy.filterViableNodes(PipelinePlacementPolicy.java:149)
	at org.apache.hadoop.hdds.scm.pipeline.PipelinePlacementPolicy.chooseDatanodes(PipelinePlacementPolicy.java:172)
	at org.apache.hadoop.hdds.scm.pipeline.RatisPipelineProvider.create(RatisPipelineProvider.java:92)
	at org.apache.hadoop.hdds.scm.pipeline.PipelineFactory.create(PipelineFactory.java:57)
	at org.apache.hadoop.hdds.scm.pipeline.SCMPipelineManager.createPipeline(SCMPipelineManager.java:149)
	at org.apache.hadoop.hdds.scm.block.BlockManagerImpl.allocateBlock(BlockManagerImpl.java:190)
	at org.apache.hadoop.hdds.scm.server.SCMBlockProtocolServer.allocateBlock(SCMBlockProtocolServer.java:175)
	at org.apache.hadoop.ozone.protocolPB.ScmBlockLocationProtocolServerSideTranslatorPB.allocateScmBlock(ScmBlockLocationProtocolServerSideTranslatorPB.java:153)
	at org.apache.hadoop.ozone.protocolPB.ScmBlockLocationProtocolServerSideTranslatorPB.send(ScmBlockLocationProtocolServerSideTranslatorPB.java:112)
	at org.apache.hadoop.hdds.protocol.proto.ScmBlockLocationProtocolProtos$ScmBlockLocationProtocolService$2.callBlockingMethod(ScmBlockLocationProtocolProtos.java:13157)
	at org.apache.hadoop.ipc.ProtobufRpcEngine$Server$ProtoBufRpcInvoker.call(ProtobufRpcEngine.java:524)
	at org.apache.hadoop.ipc.RPC$Server.call(RPC.java:1025)
	at org.apache.hadoop.ipc.Server$RpcCall.run(Server.java:876)
	at org.apache.hadoop.ipc.Server$RpcCall.run(Server.java:822)
	at java.security.AccessController.doPrivileged(Native Method)
	at javax.security.auth.Subject.doAs(Subject.java:422)
	at org.apache.hadoop.security.UserGroupInformation.doAs(UserGroupInformation.java:1730)
	at org.apache.hadoop.ipc.Server$Handler.run(Server.java:2682)
2019-09-20 08:51:09,231 [IPC Server handler 6 on 35288] INFO  block.BlockManagerImpl (BlockManagerImpl.java:allocateBlock(198)) - Could not find available pipeline of type:RATIS and factor:THREE even after retrying
2019-09-20 08:51:09,232 [IPC Server handler 6 on 35288] ERROR block.BlockManagerImpl (BlockManagerImpl.java:allocateBlock(222)) - Unable to allocate a block for the size: 4194304, type: RATIS, factor: THREE
2019-09-20 08:51:09,232 [IPC Server handler 6 on 35288] INFO  pipeline.PipelinePlacementPolicy (PipelinePlacementPolicy.java:meetCriteria(91)) - Pipeline Placement: Doesn't meet the criteria to be viable node： d183acf8-c1d4-40f7-ba5a-175455d3bd55 Heaviness: 6 limit: 5
2019-09-20 08:51:09,232 [IPC Server handler 6 on 35288] INFO  pipeline.PipelinePlacementPolicy (PipelinePlacementPolicy.java:meetCriteria(91)) - Pipeline Placement: Doesn't meet the criteria to be viable node： 2a6ce4d1-5069-4aeb-8b94-5f253cd23bfc Heaviness: 6 limit: 5
2019-09-20 08:51:09,232 [IPC Server handler 6 on 35288] INFO  pipeline.PipelinePlacementPolicy (PipelinePlacementPolicy.java:meetCriteria(91)) - Pipeline Placement: Doesn't meet the criteria to be viable node： 972eec63-801b-4789-a14a-664c049671ee Heaviness: 6 limit: 5
2019-09-20 08:51:09,232 [IPC Server handler 6 on 35288] INFO  pipeline.PipelinePlacementPolicy (PipelinePlacementPolicy.java:meetCriteria(91)) - Pipeline Placement: Doesn't meet the criteria to be viable node： 5e9b3ca5-d58f-427a-bd11-930d28ac57d8 Heaviness: 6 limit: 5
2019-09-20 08:51:09,232 [IPC Server handler 6 on 35288] INFO  pipeline.PipelinePlacementPolicy (PipelinePlacementPolicy.java:meetCriteria(91)) - Pipeline Placement: Doesn't meet the criteria to be viable node： 64119811-c299-4353-bef2-4f1f08694db1 Heaviness: 6 limit: 5
2019-09-20 08:51:09,232 [IPC Server handler 6 on 35288] ERROR pipeline.PipelinePlacementPolicy (PipelinePlacementPolicy.java:filterViableNodes(148)) - Unable to find enough nodes that meet the criteria that cannot engage in more than 5 pipelines. Nodes required: 3 Found: 0, healthy nodes count inNodeManager: 5.
2019-09-20 08:51:09,232 [IPC Server handler 6 on 35288] ERROR pipeline.SCMPipelineManager (SCMPipelineManager.java:createPipeline(161)) - Pipeline creation failed due to exception: Unable to find enough nodes that meet the criteria that cannot engage in more than 5 pipelines. Nodes required: 3 Found: 0, healthy nodes count inNodeManager: 5.
2019-09-20 08:51:09,232 [IPC Server handler 6 on 35288] WARN  block.BlockManagerImpl (BlockManagerImpl.java:allocateBlock(192)) - Pipeline creation failed for type:RATIS factor:THREE. Retrying get pipelines call once.
org.apache.hadoop.hdds.scm.exceptions.SCMException: Unable to find enough nodes that meet the criteria that cannot engage in more than 5 pipelines. Nodes required: 3 Found: 0, healthy nodes count inNodeManager: 5.
	at org.apache.hadoop.hdds.scm.pipeline.PipelinePlacementPolicy.filterViableNodes(PipelinePlacementPolicy.java:149)
	at org.apache.hadoop.hdds.scm.pipeline.PipelinePlacementPolicy.chooseDatanodes(PipelinePlacementPolicy.java:172)
	at org.apache.hadoop.hdds.scm.pipeline.RatisPipelineProvider.create(RatisPipelineProvider.java:92)
	at org.apache.hadoop.hdds.scm.pipeline.PipelineFactory.create(PipelineFactory.java:57)
	at org.apache.hadoop.hdds.scm.pipeline.SCMPipelineManager.createPipeline(SCMPipelineManager.java:149)
	at org.apache.hadoop.hdds.scm.block.BlockManagerImpl.allocateBlock(BlockManagerImpl.java:190)
	at org.apache.hadoop.hdds.scm.server.SCMBlockProtocolServer.allocateBlock(SCMBlockProtocolServer.java:175)
	at org.apache.hadoop.ozone.protocolPB.ScmBlockLocationProtocolServerSideTranslatorPB.allocateScmBlock(ScmBlockLocationProtocolServerSideTranslatorPB.java:153)
	at org.apache.hadoop.ozone.protocolPB.ScmBlockLocationProtocolServerSideTranslatorPB.send(ScmBlockLocationProtocolServerSideTranslatorPB.java:112)
	at org.apache.hadoop.hdds.protocol.proto.ScmBlockLocationProtocolProtos$ScmBlockLocationProtocolService$2.callBlockingMethod(ScmBlockLocationProtocolProtos.java:13157)
	at org.apache.hadoop.ipc.ProtobufRpcEngine$Server$ProtoBufRpcInvoker.call(ProtobufRpcEngine.java:524)
	at org.apache.hadoop.ipc.RPC$Server.call(RPC.java:1025)
	at org.apache.hadoop.ipc.Server$RpcCall.run(Server.java:876)
	at org.apache.hadoop.ipc.Server$RpcCall.run(Server.java:822)
	at java.security.AccessController.doPrivileged(Native Method)
	at javax.security.auth.Subject.doAs(Subject.java:422)
	at org.apache.hadoop.security.UserGroupInformation.doAs(UserGroupInformation.java:1730)
	at org.apache.hadoop.ipc.Server$Handler.run(Server.java:2682)
2019-09-20 08:51:09,233 [IPC Server handler 6 on 35288] INFO  block.BlockManagerImpl (BlockManagerImpl.java:allocateBlock(198)) - Could not find available pipeline of type:RATIS and factor:THREE even after retrying
2019-09-20 08:51:09,233 [IPC Server handler 6 on 35288] ERROR block.BlockManagerImpl (BlockManagerImpl.java:allocateBlock(222)) - Unable to allocate a block for the size: 4194304, type: RATIS, factor: THREE
2019-09-20 08:51:09,233 [IPC Server handler 6 on 35288] INFO  pipeline.PipelinePlacementPolicy (PipelinePlacementPolicy.java:meetCriteria(91)) - Pipeline Placement: Doesn't meet the criteria to be viable node： d183acf8-c1d4-40f7-ba5a-175455d3bd55 Heaviness: 6 limit: 5
2019-09-20 08:51:09,233 [IPC Server handler 6 on 35288] INFO  pipeline.PipelinePlacementPolicy (PipelinePlacementPolicy.java:meetCriteria(91)) - Pipeline Placement: Doesn't meet the criteria to be viable node： 2a6ce4d1-5069-4aeb-8b94-5f253cd23bfc Heaviness: 6 limit: 5
2019-09-20 08:51:09,233 | INFO  | SCMAudit | user=jenkins1000 | ip=192.168.36.79 | op=SEND_HEARTBEAT {datanodeUUID=972eec63-801b-4789-a14a-664c049671ee, command=[]} | ret=SUCCESS |  
2019-09-20 08:51:09,233 [IPC Server handler 6 on 35288] INFO  pipeline.PipelinePlacementPolicy (PipelinePlacementPolicy.java:meetCriteria(91)) - Pipeline Placement: Doesn't meet the criteria to be viable node： 972eec63-801b-4789-a14a-664c049671ee Heaviness: 6 limit: 5
2019-09-20 08:51:09,233 [IPC Server handler 6 on 35288] INFO  pipeline.PipelinePlacementPolicy (PipelinePlacementPolicy.java:meetCriteria(91)) - Pipeline Placement: Doesn't meet the criteria to be viable node： 5e9b3ca5-d58f-427a-bd11-930d28ac57d8 Heaviness: 6 limit: 5
2019-09-20 08:51:09,233 [IPC Server handler 6 on 35288] INFO  pipeline.PipelinePlacementPolicy (PipelinePlacementPolicy.java:meetCriteria(91)) - Pipeline Placement: Doesn't meet the criteria to be viable node： 64119811-c299-4353-bef2-4f1f08694db1 Heaviness: 6 limit: 5
2019-09-20 08:51:09,234 [IPC Server handler 6 on 35288] ERROR pipeline.PipelinePlacementPolicy (PipelinePlacementPolicy.java:filterViableNodes(148)) - Unable to find enough nodes that meet the criteria that cannot engage in more than 5 pipelines. Nodes required: 3 Found: 0, healthy nodes count inNodeManager: 5.
2019-09-20 08:51:09,234 [IPC Server handler 6 on 35288] ERROR pipeline.SCMPipelineManager (SCMPipelineManager.java:createPipeline(161)) - Pipeline creation failed due to exception: Unable to find enough nodes that meet the criteria that cannot engage in more than 5 pipelines. Nodes required: 3 Found: 0, healthy nodes count inNodeManager: 5.
2019-09-20 08:51:09,234 [IPC Server handler 6 on 35288] WARN  block.BlockManagerImpl (BlockManagerImpl.java:allocateBlock(192)) - Pipeline creation failed for type:RATIS factor:THREE. Retrying get pipelines call once.
org.apache.hadoop.hdds.scm.exceptions.SCMException: Unable to find enough nodes that meet the criteria that cannot engage in more than 5 pipelines. Nodes required: 3 Found: 0, healthy nodes count inNodeManager: 5.
	at org.apache.hadoop.hdds.scm.pipeline.PipelinePlacementPolicy.filterViableNodes(PipelinePlacementPolicy.java:149)
	at org.apache.hadoop.hdds.scm.pipeline.PipelinePlacementPolicy.chooseDatanodes(PipelinePlacementPolicy.java:172)
	at org.apache.hadoop.hdds.scm.pipeline.RatisPipelineProvider.create(RatisPipelineProvider.java:92)
	at org.apache.hadoop.hdds.scm.pipeline.PipelineFactory.create(PipelineFactory.java:57)
	at org.apache.hadoop.hdds.scm.pipeline.SCMPipelineManager.createPipeline(SCMPipelineManager.java:149)
	at org.apache.hadoop.hdds.scm.block.BlockManagerImpl.allocateBlock(BlockManagerImpl.java:190)
	at org.apache.hadoop.hdds.scm.server.SCMBlockProtocolServer.allocateBlock(SCMBlockProtocolServer.java:175)
	at org.apache.hadoop.ozone.protocolPB.ScmBlockLocationProtocolServerSideTranslatorPB.allocateScmBlock(ScmBlockLocationProtocolServerSideTranslatorPB.java:153)
	at org.apache.hadoop.ozone.protocolPB.ScmBlockLocationProtocolServerSideTranslatorPB.send(ScmBlockLocationProtocolServerSideTranslatorPB.java:112)
	at org.apache.hadoop.hdds.protocol.proto.ScmBlockLocationProtocolProtos$ScmBlockLocationProtocolService$2.callBlockingMethod(ScmBlockLocationProtocolProtos.java:13157)
	at org.apache.hadoop.ipc.ProtobufRpcEngine$Server$ProtoBufRpcInvoker.call(ProtobufRpcEngine.java:524)
	at org.apache.hadoop.ipc.RPC$Server.call(RPC.java:1025)
	at org.apache.hadoop.ipc.Server$RpcCall.run(Server.java:876)
	at org.apache.hadoop.ipc.Server$RpcCall.run(Server.java:822)
	at java.security.AccessController.doPrivileged(Native Method)
	at javax.security.auth.Subject.doAs(Subject.java:422)
	at org.apache.hadoop.security.UserGroupInformation.doAs(UserGroupInformation.java:1730)
	at org.apache.hadoop.ipc.Server$Handler.run(Server.java:2682)
2019-09-20 08:51:09,234 [IPC Server handler 6 on 35288] INFO  block.BlockManagerImpl (BlockManagerImpl.java:allocateBlock(198)) - Could not find available pipeline of type:RATIS and factor:THREE even after retrying
2019-09-20 08:51:09,234 [IPC Server handler 6 on 35288] ERROR block.BlockManagerImpl (BlockManagerImpl.java:allocateBlock(222)) - Unable to allocate a block for the size: 4194304, type: RATIS, factor: THREE
2019-09-20 08:51:09,234 [IPC Server handler 6 on 35288] INFO  pipeline.PipelinePlacementPolicy (PipelinePlacementPolicy.java:meetCriteria(91)) - Pipeline Placement: Doesn't meet the criteria to be viable node： d183acf8-c1d4-40f7-ba5a-175455d3bd55 Heaviness: 6 limit: 5
2019-09-20 08:51:09,234 [IPC Server handler 6 on 35288] INFO  pipeline.PipelinePlacementPolicy (PipelinePlacementPolicy.java:meetCriteria(91)) - Pipeline Placement: Doesn't meet the criteria to be viable node： 2a6ce4d1-5069-4aeb-8b94-5f253cd23bfc Heaviness: 6 limit: 5
2019-09-20 08:51:09,234 [IPC Server handler 6 on 35288] INFO  pipeline.PipelinePlacementPolicy (PipelinePlacementPolicy.java:meetCriteria(91)) - Pipeline Placement: Doesn't meet the criteria to be viable node： 972eec63-801b-4789-a14a-664c049671ee Heaviness: 6 limit: 5
2019-09-20 08:51:09,234 [IPC Server handler 6 on 35288] INFO  pipeline.PipelinePlacementPolicy (PipelinePlacementPolicy.java:meetCriteria(91)) - Pipeline Placement: Doesn't meet the criteria to be viable node： 5e9b3ca5-d58f-427a-bd11-930d28ac57d8 Heaviness: 6 limit: 5
2019-09-20 08:51:09,235 [IPC Server handler 6 on 35288] INFO  pipeline.PipelinePlacementPolicy (PipelinePlacementPolicy.java:meetCriteria(91)) - Pipeline Placement: Doesn't meet the criteria to be viable node： 64119811-c299-4353-bef2-4f1f08694db1 Heaviness: 6 limit: 5
2019-09-20 08:51:09,235 [IPC Server handler 6 on 35288] ERROR pipeline.PipelinePlacementPolicy (PipelinePlacementPolicy.java:filterViableNodes(148)) - Unable to find enough nodes that meet the criteria that cannot engage in more than 5 pipelines. Nodes required: 3 Found: 0, healthy nodes count inNodeManager: 5.
2019-09-20 08:51:09,235 [IPC Server handler 6 on 35288] ERROR pipeline.SCMPipelineManager (SCMPipelineManager.java:createPipeline(161)) - Pipeline creation failed due to exception: Unable to find enough nodes that meet the criteria that cannot engage in more than 5 pipelines. Nodes required: 3 Found: 0, healthy nodes count inNodeManager: 5.
2019-09-20 08:51:09,235 [IPC Server handler 6 on 35288] WARN  block.BlockManagerImpl (BlockManagerImpl.java:allocateBlock(192)) - Pipeline creation failed for type:RATIS factor:THREE. Retrying get pipelines call once.
org.apache.hadoop.hdds.scm.exceptions.SCMException: Unable to find enough nodes that meet the criteria that cannot engage in more than 5 pipelines. Nodes required: 3 Found: 0, healthy nodes count inNodeManager: 5.
	at org.apache.hadoop.hdds.scm.pipeline.PipelinePlacementPolicy.filterViableNodes(PipelinePlacementPolicy.java:149)
	at org.apache.hadoop.hdds.scm.pipeline.PipelinePlacementPolicy.chooseDatanodes(PipelinePlacementPolicy.java:172)
	at org.apache.hadoop.hdds.scm.pipeline.RatisPipelineProvider.create(RatisPipelineProvider.java:92)
	at org.apache.hadoop.hdds.scm.pipeline.PipelineFactory.create(PipelineFactory.java:57)
	at org.apache.hadoop.hdds.scm.pipeline.SCMPipelineManager.createPipeline(SCMPipelineManager.java:149)
	at org.apache.hadoop.hdds.scm.block.BlockManagerImpl.allocateBlock(BlockManagerImpl.java:190)
	at org.apache.hadoop.hdds.scm.server.SCMBlockProtocolServer.allocateBlock(SCMBlockProtocolServer.java:175)
	at org.apache.hadoop.ozone.protocolPB.ScmBlockLocationProtocolServerSideTranslatorPB.allocateScmBlock(ScmBlockLocationProtocolServerSideTranslatorPB.java:153)
	at org.apache.hadoop.ozone.protocolPB.ScmBlockLocationProtocolServerSideTranslatorPB.send(ScmBlockLocationProtocolServerSideTranslatorPB.java:112)
	at org.apache.hadoop.hdds.protocol.proto.ScmBlockLocationProtocolProtos$ScmBlockLocationProtocolService$2.callBlockingMethod(ScmBlockLocationProtocolProtos.java:13157)
	at org.apache.hadoop.ipc.ProtobufRpcEngine$Server$ProtoBufRpcInvoker.call(ProtobufRpcEngine.java:524)
	at org.apache.hadoop.ipc.RPC$Server.call(RPC.java:1025)
	at org.apache.hadoop.ipc.Server$RpcCall.run(Server.java:876)
	at org.apache.hadoop.ipc.Server$RpcCall.run(Server.java:822)
	at java.security.AccessController.doPrivileged(Native Method)
	at javax.security.auth.Subject.doAs(Subject.java:422)
	at org.apache.hadoop.security.UserGroupInformation.doAs(UserGroupInformation.java:1730)
	at org.apache.hadoop.ipc.Server$Handler.run(Server.java:2682)
2019-09-20 08:51:09,235 [IPC Server handler 6 on 35288] INFO  block.BlockManagerImpl (BlockManagerImpl.java:allocateBlock(198)) - Could not find available pipeline of type:RATIS and factor:THREE even after retrying
2019-09-20 08:51:09,235 [IPC Server handler 6 on 35288] ERROR block.BlockManagerImpl (BlockManagerImpl.java:allocateBlock(222)) - Unable to allocate a block for the size: 4194304, type: RATIS, factor: THREE
2019-09-20 08:51:09,235 [IPC Server handler 6 on 35288] INFO  pipeline.PipelinePlacementPolicy (PipelinePlacementPolicy.java:meetCriteria(91)) - Pipeline Placement: Doesn't meet the criteria to be viable node： d183acf8-c1d4-40f7-ba5a-175455d3bd55 Heaviness: 6 limit: 5
2019-09-20 08:51:09,235 [IPC Server handler 6 on 35288] INFO  pipeline.PipelinePlacementPolicy (PipelinePlacementPolicy.java:meetCriteria(91)) - Pipeline Placement: Doesn't meet the criteria to be viable node： 2a6ce4d1-5069-4aeb-8b94-5f253cd23bfc Heaviness: 6 limit: 5
2019-09-20 08:51:09,236 [IPC Server handler 6 on 35288] INFO  pipeline.PipelinePlacementPolicy (PipelinePlacementPolicy.java:meetCriteria(91)) - Pipeline Placement: Doesn't meet the criteria to be viable node： 972eec63-801b-4789-a14a-664c049671ee Heaviness: 6 limit: 5
2019-09-20 08:51:09,236 [IPC Server handler 6 on 35288] INFO  pipeline.PipelinePlacementPolicy (PipelinePlacementPolicy.java:meetCriteria(91)) - Pipeline Placement: Doesn't meet the criteria to be viable node： 5e9b3ca5-d58f-427a-bd11-930d28ac57d8 Heaviness: 6 limit: 5
2019-09-20 08:51:09,236 [IPC Server handler 6 on 35288] INFO  pipeline.PipelinePlacementPolicy (PipelinePlacementPolicy.java:meetCriteria(91)) - Pipeline Placement: Doesn't meet the criteria to be viable node： 64119811-c299-4353-bef2-4f1f08694db1 Heaviness: 6 limit: 5
2019-09-20 08:51:09,236 [IPC Server handler 6 on 35288] ERROR pipeline.PipelinePlacementPolicy (PipelinePlacementPolicy.java:filterViableNodes(148)) - Unable to find enough nodes that meet the criteria that cannot engage in more than 5 pipelines. Nodes required: 3 Found: 0, healthy nodes count inNodeManager: 5.
2019-09-20 08:51:09,236 [IPC Server handler 6 on 35288] ERROR pipeline.SCMPipelineManager (SCMPipelineManager.java:createPipeline(161)) - Pipeline creation failed due to exception: Unable to find enough nodes that meet the criteria that cannot engage in more than 5 pipelines. Nodes required: 3 Found: 0, healthy nodes count inNodeManager: 5.
2019-09-20 08:51:09,236 [IPC Server handler 6 on 35288] WARN  block.BlockManagerImpl (BlockManagerImpl.java:allocateBlock(192)) - Pipeline creation failed for type:RATIS factor:THREE. Retrying get pipelines call once.
org.apache.hadoop.hdds.scm.exceptions.SCMException: Unable to find enough nodes that meet the criteria that cannot engage in more than 5 pipelines. Nodes required: 3 Found: 0, healthy nodes count inNodeManager: 5.
	at org.apache.hadoop.hdds.scm.pipeline.PipelinePlacementPolicy.filterViableNodes(PipelinePlacementPolicy.java:149)
	at org.apache.hadoop.hdds.scm.pipeline.PipelinePlacementPolicy.chooseDatanodes(PipelinePlacementPolicy.java:172)
	at org.apache.hadoop.hdds.scm.pipeline.RatisPipelineProvider.create(RatisPipelineProvider.java:92)
	at org.apache.hadoop.hdds.scm.pipeline.PipelineFactory.create(PipelineFactory.java:57)
	at org.apache.hadoop.hdds.scm.pipeline.SCMPipelineManager.createPipeline(SCMPipelineManager.java:149)
	at org.apache.hadoop.hdds.scm.block.BlockManagerImpl.allocateBlock(BlockManagerImpl.java:190)
	at org.apache.hadoop.hdds.scm.server.SCMBlockProtocolServer.allocateBlock(SCMBlockProtocolServer.java:175)
	at org.apache.hadoop.ozone.protocolPB.ScmBlockLocationProtocolServerSideTranslatorPB.allocateScmBlock(ScmBlockLocationProtocolServerSideTranslatorPB.java:153)
	at org.apache.hadoop.ozone.protocolPB.ScmBlockLocationProtocolServerSideTranslatorPB.send(ScmBlockLocationProtocolServerSideTranslatorPB.java:112)
	at org.apache.hadoop.hdds.protocol.proto.ScmBlockLocationProtocolProtos$ScmBlockLocationProtocolService$2.callBlockingMethod(ScmBlockLocationProtocolProtos.java:13157)
	at org.apache.hadoop.ipc.ProtobufRpcEngine$Server$ProtoBufRpcInvoker.call(ProtobufRpcEngine.java:524)
	at org.apache.hadoop.ipc.RPC$Server.call(RPC.java:1025)
	at org.apache.hadoop.ipc.Server$RpcCall.run(Server.java:876)
	at org.apache.hadoop.ipc.Server$RpcCall.run(Server.java:822)
	at java.security.AccessController.doPrivileged(Native Method)
	at javax.security.auth.Subject.doAs(Subject.java:422)
	at org.apache.hadoop.security.UserGroupInformation.doAs(UserGroupInformation.java:1730)
	at org.apache.hadoop.ipc.Server$Handler.run(Server.java:2682)
2019-09-20 08:51:09,236 [IPC Server handler 6 on 35288] INFO  block.BlockManagerImpl (BlockManagerImpl.java:allocateBlock(198)) - Could not find available pipeline of type:RATIS and factor:THREE even after retrying
2019-09-20 08:51:09,236 [IPC Server handler 6 on 35288] ERROR block.BlockManagerImpl (BlockManagerImpl.java:allocateBlock(222)) - Unable to allocate a block for the size: 4194304, type: RATIS, factor: THREE
2019-09-20 08:51:09,237 [IPC Server handler 6 on 35288] INFO  pipeline.PipelinePlacementPolicy (PipelinePlacementPolicy.java:meetCriteria(91)) - Pipeline Placement: Doesn't meet the criteria to be viable node： d183acf8-c1d4-40f7-ba5a-175455d3bd55 Heaviness: 6 limit: 5
2019-09-20 08:51:09,237 [IPC Server handler 6 on 35288] INFO  pipeline.PipelinePlacementPolicy (PipelinePlacementPolicy.java:meetCriteria(91)) - Pipeline Placement: Doesn't meet the criteria to be viable node： 2a6ce4d1-5069-4aeb-8b94-5f253cd23bfc Heaviness: 6 limit: 5
2019-09-20 08:51:09,237 [IPC Server handler 6 on 35288] INFO  pipeline.PipelinePlacementPolicy (PipelinePlacementPolicy.java:meetCriteria(91)) - Pipeline Placement: Doesn't meet the criteria to be viable node： 972eec63-801b-4789-a14a-664c049671ee Heaviness: 6 limit: 5
2019-09-20 08:51:09,237 [IPC Server handler 6 on 35288] INFO  pipeline.PipelinePlacementPolicy (PipelinePlacementPolicy.java:meetCriteria(91)) - Pipeline Placement: Doesn't meet the criteria to be viable node： 5e9b3ca5-d58f-427a-bd11-930d28ac57d8 Heaviness: 6 limit: 5
2019-09-20 08:51:09,237 [IPC Server handler 6 on 35288] INFO  pipeline.PipelinePlacementPolicy (PipelinePlacementPolicy.java:meetCriteria(91)) - Pipeline Placement: Doesn't meet the criteria to be viable node： 64119811-c299-4353-bef2-4f1f08694db1 Heaviness: 6 limit: 5
2019-09-20 08:51:09,237 [IPC Server handler 6 on 35288] ERROR pipeline.PipelinePlacementPolicy (PipelinePlacementPolicy.java:filterViableNodes(148)) - Unable to find enough nodes that meet the criteria that cannot engage in more than 5 pipelines. Nodes required: 3 Found: 0, healthy nodes count inNodeManager: 5.
2019-09-20 08:51:09,237 [IPC Server handler 6 on 35288] ERROR pipeline.SCMPipelineManager (SCMPipelineManager.java:createPipeline(161)) - Pipeline creation failed due to exception: Unable to find enough nodes that meet the criteria that cannot engage in more than 5 pipelines. Nodes required: 3 Found: 0, healthy nodes count inNodeManager: 5.
2019-09-20 08:51:09,237 [IPC Server handler 6 on 35288] WARN  block.BlockManagerImpl (BlockManagerImpl.java:allocateBlock(192)) - Pipeline creation failed for type:RATIS factor:THREE. Retrying get pipelines call once.
org.apache.hadoop.hdds.scm.exceptions.SCMException: Unable to find enough nodes that meet the criteria that cannot engage in more than 5 pipelines. Nodes required: 3 Found: 0, healthy nodes count inNodeManager: 5.
	at org.apache.hadoop.hdds.scm.pipeline.PipelinePlacementPolicy.filterViableNodes(PipelinePlacementPolicy.java:149)
	at org.apache.hadoop.hdds.scm.pipeline.PipelinePlacementPolicy.chooseDatanodes(PipelinePlacementPolicy.java:172)
	at org.apache.hadoop.hdds.scm.pipeline.RatisPipelineProvider.create(RatisPipelineProvider.java:92)
	at org.apache.hadoop.hdds.scm.pipeline.PipelineFactory.create(PipelineFactory.java:57)
	at org.apache.hadoop.hdds.scm.pipeline.SCMPipelineManager.createPipeline(SCMPipelineManager.java:149)
	at org.apache.hadoop.hdds.scm.block.BlockManagerImpl.allocateBlock(BlockManagerImpl.java:190)
	at org.apache.hadoop.hdds.scm.server.SCMBlockProtocolServer.allocateBlock(SCMBlockProtocolServer.java:175)
	at org.apache.hadoop.ozone.protocolPB.ScmBlockLocationProtocolServerSideTranslatorPB.allocateScmBlock(ScmBlockLocationProtocolServerSideTranslatorPB.java:153)
	at org.apache.hadoop.ozone.protocolPB.ScmBlockLocationProtocolServerSideTranslatorPB.send(ScmBlockLocationProtocolServerSideTranslatorPB.java:112)
	at org.apache.hadoop.hdds.protocol.proto.ScmBlockLocationProtocolProtos$ScmBlockLocationProtocolService$2.callBlockingMethod(ScmBlockLocationProtocolProtos.java:13157)
	at org.apache.hadoop.ipc.ProtobufRpcEngine$Server$ProtoBufRpcInvoker.call(ProtobufRpcEngine.java:524)
	at org.apache.hadoop.ipc.RPC$Server.call(RPC.java:1025)
	at org.apache.hadoop.ipc.Server$RpcCall.run(Server.java:876)
	at org.apache.hadoop.ipc.Server$RpcCall.run(Server.java:822)
	at java.security.AccessController.doPrivileged(Native Method)
	at javax.security.auth.Subject.doAs(Subject.java:422)
	at org.apache.hadoop.security.UserGroupInformation.doAs(UserGroupInformation.java:1730)
	at org.apache.hadoop.ipc.Server$Handler.run(Server.java:2682)
2019-09-20 08:51:09,238 [IPC Server handler 6 on 35288] INFO  block.BlockManagerImpl (BlockManagerImpl.java:allocateBlock(198)) - Could not find available pipeline of type:RATIS and factor:THREE even after retrying
2019-09-20 08:51:09,238 [IPC Server handler 6 on 35288] ERROR block.BlockManagerImpl (BlockManagerImpl.java:allocateBlock(222)) - Unable to allocate a block for the size: 4194304, type: RATIS, factor: THREE
2019-09-20 08:51:09,238 [IPC Server handler 6 on 35288] INFO  pipeline.PipelinePlacementPolicy (PipelinePlacementPolicy.java:meetCriteria(91)) - Pipeline Placement: Doesn't meet the criteria to be viable node： d183acf8-c1d4-40f7-ba5a-175455d3bd55 Heaviness: 6 limit: 5
2019-09-20 08:51:09,238 [IPC Server handler 6 on 35288] INFO  pipeline.PipelinePlacementPolicy (PipelinePlacementPolicy.java:meetCriteria(91)) - Pipeline Placement: Doesn't meet the criteria to be viable node： 2a6ce4d1-5069-4aeb-8b94-5f253cd23bfc Heaviness: 6 limit: 5
2019-09-20 08:51:09,238 [IPC Server handler 6 on 35288] INFO  pipeline.PipelinePlacementPolicy (PipelinePlacementPolicy.java:meetCriteria(91)) - Pipeline Placement: Doesn't meet the criteria to be viable node： 972eec63-801b-4789-a14a-664c049671ee Heaviness: 6 limit: 5
2019-09-20 08:51:09,238 [IPC Server handler 6 on 35288] INFO  pipeline.PipelinePlacementPolicy (PipelinePlacementPolicy.java:meetCriteria(91)) - Pipeline Placement: Doesn't meet the criteria to be viable node： 5e9b3ca5-d58f-427a-bd11-930d28ac57d8 Heaviness: 6 limit: 5
2019-09-20 08:51:09,238 [IPC Server handler 6 on 35288] INFO  pipeline.PipelinePlacementPolicy (PipelinePlacementPolicy.java:meetCriteria(91)) - Pipeline Placement: Doesn't meet the criteria to be viable node： 64119811-c299-4353-bef2-4f1f08694db1 Heaviness: 6 limit: 5
2019-09-20 08:51:09,238 [IPC Server handler 6 on 35288] ERROR pipeline.PipelinePlacementPolicy (PipelinePlacementPolicy.java:filterViableNodes(148)) - Unable to find enough nodes that meet the criteria that cannot engage in more than 5 pipelines. Nodes required: 3 Found: 0, healthy nodes count inNodeManager: 5.
2019-09-20 08:51:09,238 [IPC Server handler 6 on 35288] ERROR pipeline.SCMPipelineManager (SCMPipelineManager.java:createPipeline(161)) - Pipeline creation failed due to exception: Unable to find enough nodes that meet the criteria that cannot engage in more than 5 pipelines. Nodes required: 3 Found: 0, healthy nodes count inNodeManager: 5.
2019-09-20 08:51:09,238 [IPC Server handler 6 on 35288] WARN  block.BlockManagerImpl (BlockManagerImpl.java:allocateBlock(192)) - Pipeline creation failed for type:RATIS factor:THREE. Retrying get pipelines call once.
org.apache.hadoop.hdds.scm.exceptions.SCMException: Unable to find enough nodes that meet the criteria that cannot engage in more than 5 pipelines. Nodes required: 3 Found: 0, healthy nodes count inNodeManager: 5.
	at org.apache.hadoop.hdds.scm.pipeline.PipelinePlacementPolicy.filterViableNodes(PipelinePlacementPolicy.java:149)
	at org.apache.hadoop.hdds.scm.pipeline.PipelinePlacementPolicy.chooseDatanodes(PipelinePlacementPolicy.java:172)
	at org.apache.hadoop.hdds.scm.pipeline.RatisPipelineProvider.create(RatisPipelineProvider.java:92)
	at org.apache.hadoop.hdds.scm.pipeline.PipelineFactory.create(PipelineFactory.java:57)
	at org.apache.hadoop.hdds.scm.pipeline.SCMPipelineManager.createPipeline(SCMPipelineManager.java:149)
	at org.apache.hadoop.hdds.scm.block.BlockManagerImpl.allocateBlock(BlockManagerImpl.java:190)
	at org.apache.hadoop.hdds.scm.server.SCMBlockProtocolServer.allocateBlock(SCMBlockProtocolServer.java:175)
	at org.apache.hadoop.ozone.protocolPB.ScmBlockLocationProtocolServerSideTranslatorPB.allocateScmBlock(ScmBlockLocationProtocolServerSideTranslatorPB.java:153)
	at org.apache.hadoop.ozone.protocolPB.ScmBlockLocationProtocolServerSideTranslatorPB.send(ScmBlockLocationProtocolServerSideTranslatorPB.java:112)
	at org.apache.hadoop.hdds.protocol.proto.ScmBlockLocationProtocolProtos$ScmBlockLocationProtocolService$2.callBlockingMethod(ScmBlockLocationProtocolProtos.java:13157)
	at org.apache.hadoop.ipc.ProtobufRpcEngine$Server$ProtoBufRpcInvoker.call(ProtobufRpcEngine.java:524)
	at org.apache.hadoop.ipc.RPC$Server.call(RPC.java:1025)
	at org.apache.hadoop.ipc.Server$RpcCall.run(Server.java:876)
	at org.apache.hadoop.ipc.Server$RpcCall.run(Server.java:822)
	at java.security.AccessController.doPrivileged(Native Method)
	at javax.security.auth.Subject.doAs(Subject.java:422)
	at org.apache.hadoop.security.UserGroupInformation.doAs(UserGroupInformation.java:1730)
	at org.apache.hadoop.ipc.Server$Handler.run(Server.java:2682)
2019-09-20 08:51:09,239 [IPC Server handler 6 on 35288] INFO  block.BlockManagerImpl (BlockManagerImpl.java:allocateBlock(198)) - Could not find available pipeline of type:RATIS and factor:THREE even after retrying
2019-09-20 08:51:09,239 [IPC Server handler 6 on 35288] ERROR block.BlockManagerImpl (BlockManagerImpl.java:allocateBlock(222)) - Unable to allocate a block for the size: 4194304, type: RATIS, factor: THREE
2019-09-20 08:51:09,239 [IPC Server handler 6 on 35288] INFO  pipeline.PipelinePlacementPolicy (PipelinePlacementPolicy.java:meetCriteria(91)) - Pipeline Placement: Doesn't meet the criteria to be viable node： d183acf8-c1d4-40f7-ba5a-175455d3bd55 Heaviness: 6 limit: 5
2019-09-20 08:51:09,239 [IPC Server handler 6 on 35288] INFO  pipeline.PipelinePlacementPolicy (PipelinePlacementPolicy.java:meetCriteria(91)) - Pipeline Placement: Doesn't meet the criteria to be viable node： 2a6ce4d1-5069-4aeb-8b94-5f253cd23bfc Heaviness: 6 limit: 5
2019-09-20 08:51:09,239 [IPC Server handler 6 on 35288] INFO  pipeline.PipelinePlacementPolicy (PipelinePlacementPolicy.java:meetCriteria(91)) - Pipeline Placement: Doesn't meet the criteria to be viable node： 972eec63-801b-4789-a14a-664c049671ee Heaviness: 6 limit: 5
2019-09-20 08:51:09,239 [IPC Server handler 6 on 35288] INFO  pipeline.PipelinePlacementPolicy (PipelinePlacementPolicy.java:meetCriteria(91)) - Pipeline Placement: Doesn't meet the criteria to be viable node： 5e9b3ca5-d58f-427a-bd11-930d28ac57d8 Heaviness: 6 limit: 5
2019-09-20 08:51:09,239 [IPC Server handler 6 on 35288] INFO  pipeline.PipelinePlacementPolicy (PipelinePlacementPolicy.java:meetCriteria(91)) - Pipeline Placement: Doesn't meet the criteria to be viable node： 64119811-c299-4353-bef2-4f1f08694db1 Heaviness: 6 limit: 5
2019-09-20 08:51:09,239 [IPC Server handler 6 on 35288] ERROR pipeline.PipelinePlacementPolicy (PipelinePlacementPolicy.java:filterViableNodes(148)) - Unable to find enough nodes that meet the criteria that cannot engage in more than 5 pipelines. Nodes required: 3 Found: 0, healthy nodes count inNodeManager: 5.
2019-09-20 08:51:09,240 [IPC Server handler 6 on 35288] ERROR pipeline.SCMPipelineManager (SCMPipelineManager.java:createPipeline(161)) - Pipeline creation failed due to exception: Unable to find enough nodes that meet the criteria that cannot engage in more than 5 pipelines. Nodes required: 3 Found: 0, healthy nodes count inNodeManager: 5.
2019-09-20 08:51:09,240 [IPC Server handler 6 on 35288] WARN  block.BlockManagerImpl (BlockManagerImpl.java:allocateBlock(192)) - Pipeline creation failed for type:RATIS factor:THREE. Retrying get pipelines call once.
org.apache.hadoop.hdds.scm.exceptions.SCMException: Unable to find enough nodes that meet the criteria that cannot engage in more than 5 pipelines. Nodes required: 3 Found: 0, healthy nodes count inNodeManager: 5.
	at org.apache.hadoop.hdds.scm.pipeline.PipelinePlacementPolicy.filterViableNodes(PipelinePlacementPolicy.java:149)
	at org.apache.hadoop.hdds.scm.pipeline.PipelinePlacementPolicy.chooseDatanodes(PipelinePlacementPolicy.java:172)
	at org.apache.hadoop.hdds.scm.pipeline.RatisPipelineProvider.create(RatisPipelineProvider.java:92)
	at org.apache.hadoop.hdds.scm.pipeline.PipelineFactory.create(PipelineFactory.java:57)
	at org.apache.hadoop.hdds.scm.pipeline.SCMPipelineManager.createPipeline(SCMPipelineManager.java:149)
	at org.apache.hadoop.hdds.scm.block.BlockManagerImpl.allocateBlock(BlockManagerImpl.java:190)
	at org.apache.hadoop.hdds.scm.server.SCMBlockProtocolServer.allocateBlock(SCMBlockProtocolServer.java:175)
	at org.apache.hadoop.ozone.protocolPB.ScmBlockLocationProtocolServerSideTranslatorPB.allocateScmBlock(ScmBlockLocationProtocolServerSideTranslatorPB.java:153)
	at org.apache.hadoop.ozone.protocolPB.ScmBlockLocationProtocolServerSideTranslatorPB.send(ScmBlockLocationProtocolServerSideTranslatorPB.java:112)
	at org.apache.hadoop.hdds.protocol.proto.ScmBlockLocationProtocolProtos$ScmBlockLocationProtocolService$2.callBlockingMethod(ScmBlockLocationProtocolProtos.java:13157)
	at org.apache.hadoop.ipc.ProtobufRpcEngine$Server$ProtoBufRpcInvoker.call(ProtobufRpcEngine.java:524)
	at org.apache.hadoop.ipc.RPC$Server.call(RPC.java:1025)
	at org.apache.hadoop.ipc.Server$RpcCall.run(Server.java:876)
	at org.apache.hadoop.ipc.Server$RpcCall.run(Server.java:822)
	at java.security.AccessController.doPrivileged(Native Method)
	at javax.security.auth.Subject.doAs(Subject.java:422)
	at org.apache.hadoop.security.UserGroupInformation.doAs(UserGroupInformation.java:1730)
	at org.apache.hadoop.ipc.Server$Handler.run(Server.java:2682)
2019-09-20 08:51:09,240 [IPC Server handler 6 on 35288] INFO  block.BlockManagerImpl (BlockManagerImpl.java:allocateBlock(198)) - Could not find available pipeline of type:RATIS and factor:THREE even after retrying
2019-09-20 08:51:09,240 [IPC Server handler 6 on 35288] ERROR block.BlockManagerImpl (BlockManagerImpl.java:allocateBlock(222)) - Unable to allocate a block for the size: 4194304, type: RATIS, factor: THREE
2019-09-20 08:51:09,240 [IPC Server handler 6 on 35288] INFO  pipeline.PipelinePlacementPolicy (PipelinePlacementPolicy.java:meetCriteria(91)) - Pipeline Placement: Doesn't meet the criteria to be viable node： d183acf8-c1d4-40f7-ba5a-175455d3bd55 Heaviness: 6 limit: 5
2019-09-20 08:51:09,240 [IPC Server handler 6 on 35288] INFO  pipeline.PipelinePlacementPolicy (PipelinePlacementPolicy.java:meetCriteria(91)) - Pipeline Placement: Doesn't meet the criteria to be viable node： 2a6ce4d1-5069-4aeb-8b94-5f253cd23bfc Heaviness: 6 limit: 5
2019-09-20 08:51:09,240 [IPC Server handler 6 on 35288] INFO  pipeline.PipelinePlacementPolicy (PipelinePlacementPolicy.java:meetCriteria(91)) - Pipeline Placement: Doesn't meet the criteria to be viable node： 972eec63-801b-4789-a14a-664c049671ee Heaviness: 6 limit: 5
2019-09-20 08:51:09,240 [IPC Server handler 6 on 35288] INFO  pipeline.PipelinePlacementPolicy (PipelinePlacementPolicy.java:meetCriteria(91)) - Pipeline Placement: Doesn't meet the criteria to be viable node： 5e9b3ca5-d58f-427a-bd11-930d28ac57d8 Heaviness: 6 limit: 5
2019-09-20 08:51:09,241 [IPC Server handler 6 on 35288] INFO  pipeline.PipelinePlacementPolicy (PipelinePlacementPolicy.java:meetCriteria(91)) - Pipeline Placement: Doesn't meet the criteria to be viable node： 64119811-c299-4353-bef2-4f1f08694db1 Heaviness: 6 limit: 5
2019-09-20 08:51:09,241 [IPC Server handler 6 on 35288] ERROR pipeline.PipelinePlacementPolicy (PipelinePlacementPolicy.java:filterViableNodes(148)) - Unable to find enough nodes that meet the criteria that cannot engage in more than 5 pipelines. Nodes required: 3 Found: 0, healthy nodes count inNodeManager: 5.
2019-09-20 08:51:09,241 [IPC Server handler 6 on 35288] ERROR pipeline.SCMPipelineManager (SCMPipelineManager.java:createPipeline(161)) - Pipeline creation failed due to exception: Unable to find enough nodes that meet the criteria that cannot engage in more than 5 pipelines. Nodes required: 3 Found: 0, healthy nodes count inNodeManager: 5.
2019-09-20 08:51:09,241 [IPC Server handler 6 on 35288] WARN  block.BlockManagerImpl (BlockManagerImpl.java:allocateBlock(192)) - Pipeline creation failed for type:RATIS factor:THREE. Retrying get pipelines call once.
org.apache.hadoop.hdds.scm.exceptions.SCMException: Unable to find enough nodes that meet the criteria that cannot engage in more than 5 pipelines. Nodes required: 3 Found: 0, healthy nodes count inNodeManager: 5.
	at org.apache.hadoop.hdds.scm.pipeline.PipelinePlacementPolicy.filterViableNodes(PipelinePlacementPolicy.java:149)
	at org.apache.hadoop.hdds.scm.pipeline.PipelinePlacementPolicy.chooseDatanodes(PipelinePlacementPolicy.java:172)
	at org.apache.hadoop.hdds.scm.pipeline.RatisPipelineProvider.create(RatisPipelineProvider.java:92)
	at org.apache.hadoop.hdds.scm.pipeline.PipelineFactory.create(PipelineFactory.java:57)
	at org.apache.hadoop.hdds.scm.pipeline.SCMPipelineManager.createPipeline(SCMPipelineManager.java:149)
	at org.apache.hadoop.hdds.scm.block.BlockManagerImpl.allocateBlock(BlockManagerImpl.java:190)
	at org.apache.hadoop.hdds.scm.server.SCMBlockProtocolServer.allocateBlock(SCMBlockProtocolServer.java:175)
	at org.apache.hadoop.ozone.protocolPB.ScmBlockLocationProtocolServerSideTranslatorPB.allocateScmBlock(ScmBlockLocationProtocolServerSideTranslatorPB.java:153)
	at org.apache.hadoop.ozone.protocolPB.ScmBlockLocationProtocolServerSideTranslatorPB.send(ScmBlockLocationProtocolServerSideTranslatorPB.java:112)
	at org.apache.hadoop.hdds.protocol.proto.ScmBlockLocationProtocolProtos$ScmBlockLocationProtocolService$2.callBlockingMethod(ScmBlockLocationProtocolProtos.java:13157)
	at org.apache.hadoop.ipc.ProtobufRpcEngine$Server$ProtoBufRpcInvoker.call(ProtobufRpcEngine.java:524)
	at org.apache.hadoop.ipc.RPC$Server.call(RPC.java:1025)
	at org.apache.hadoop.ipc.Server$RpcCall.run(Server.java:876)
	at org.apache.hadoop.ipc.Server$RpcCall.run(Server.java:822)
	at java.security.AccessController.doPrivileged(Native Method)
	at javax.security.auth.Subject.doAs(Subject.java:422)
	at org.apache.hadoop.security.UserGroupInformation.doAs(UserGroupInformation.java:1730)
	at org.apache.hadoop.ipc.Server$Handler.run(Server.java:2682)
2019-09-20 08:51:09,241 [IPC Server handler 6 on 35288] INFO  block.BlockManagerImpl (BlockManagerImpl.java:allocateBlock(198)) - Could not find available pipeline of type:RATIS and factor:THREE even after retrying
2019-09-20 08:51:09,241 [IPC Server handler 6 on 35288] ERROR block.BlockManagerImpl (BlockManagerImpl.java:allocateBlock(222)) - Unable to allocate a block for the size: 4194304, type: RATIS, factor: THREE
2019-09-20 08:51:09,241 [IPC Server handler 6 on 35288] INFO  pipeline.PipelinePlacementPolicy (PipelinePlacementPolicy.java:meetCriteria(91)) - Pipeline Placement: Doesn't meet the criteria to be viable node： d183acf8-c1d4-40f7-ba5a-175455d3bd55 Heaviness: 6 limit: 5
2019-09-20 08:51:09,241 [IPC Server handler 6 on 35288] INFO  pipeline.PipelinePlacementPolicy (PipelinePlacementPolicy.java:meetCriteria(91)) - Pipeline Placement: Doesn't meet the criteria to be viable node： 2a6ce4d1-5069-4aeb-8b94-5f253cd23bfc Heaviness: 6 limit: 5
2019-09-20 08:51:09,242 [IPC Server handler 6 on 35288] INFO  pipeline.PipelinePlacementPolicy (PipelinePlacementPolicy.java:meetCriteria(91)) - Pipeline Placement: Doesn't meet the criteria to be viable node： 972eec63-801b-4789-a14a-664c049671ee Heaviness: 6 limit: 5
2019-09-20 08:51:09,242 [IPC Server handler 6 on 35288] INFO  pipeline.PipelinePlacementPolicy (PipelinePlacementPolicy.java:meetCriteria(91)) - Pipeline Placement: Doesn't meet the criteria to be viable node： 5e9b3ca5-d58f-427a-bd11-930d28ac57d8 Heaviness: 6 limit: 5
2019-09-20 08:51:09,242 [IPC Server handler 6 on 35288] INFO  pipeline.PipelinePlacementPolicy (PipelinePlacementPolicy.java:meetCriteria(91)) - Pipeline Placement: Doesn't meet the criteria to be viable node： 64119811-c299-4353-bef2-4f1f08694db1 Heaviness: 6 limit: 5
2019-09-20 08:51:09,242 [IPC Server handler 6 on 35288] ERROR pipeline.PipelinePlacementPolicy (PipelinePlacementPolicy.java:filterViableNodes(148)) - Unable to find enough nodes that meet the criteria that cannot engage in more than 5 pipelines. Nodes required: 3 Found: 0, healthy nodes count inNodeManager: 5.
2019-09-20 08:51:09,242 [IPC Server handler 6 on 35288] ERROR pipeline.SCMPipelineManager (SCMPipelineManager.java:createPipeline(161)) - Pipeline creation failed due to exception: Unable to find enough nodes that meet the criteria that cannot engage in more than 5 pipelines. Nodes required: 3 Found: 0, healthy nodes count inNodeManager: 5.
2019-09-20 08:51:09,242 [IPC Server handler 6 on 35288] WARN  block.BlockManagerImpl (BlockManagerImpl.java:allocateBlock(192)) - Pipeline creation failed for type:RATIS factor:THREE. Retrying get pipelines call once.
org.apache.hadoop.hdds.scm.exceptions.SCMException: Unable to find enough nodes that meet the criteria that cannot engage in more than 5 pipelines. Nodes required: 3 Found: 0, healthy nodes count inNodeManager: 5.
	at org.apache.hadoop.hdds.scm.pipeline.PipelinePlacementPolicy.filterViableNodes(PipelinePlacementPolicy.java:149)
	at org.apache.hadoop.hdds.scm.pipeline.PipelinePlacementPolicy.chooseDatanodes(PipelinePlacementPolicy.java:172)
	at org.apache.hadoop.hdds.scm.pipeline.RatisPipelineProvider.create(RatisPipelineProvider.java:92)
	at org.apache.hadoop.hdds.scm.pipeline.PipelineFactory.create(PipelineFactory.java:57)
	at org.apache.hadoop.hdds.scm.pipeline.SCMPipelineManager.createPipeline(SCMPipelineManager.java:149)
	at org.apache.hadoop.hdds.scm.block.BlockManagerImpl.allocateBlock(BlockManagerImpl.java:190)
	at org.apache.hadoop.hdds.scm.server.SCMBlockProtocolServer.allocateBlock(SCMBlockProtocolServer.java:175)
	at org.apache.hadoop.ozone.protocolPB.ScmBlockLocationProtocolServerSideTranslatorPB.allocateScmBlock(ScmBlockLocationProtocolServerSideTranslatorPB.java:153)
	at org.apache.hadoop.ozone.protocolPB.ScmBlockLocationProtocolServerSideTranslatorPB.send(ScmBlockLocationProtocolServerSideTranslatorPB.java:112)
	at org.apache.hadoop.hdds.protocol.proto.ScmBlockLocationProtocolProtos$ScmBlockLocationProtocolService$2.callBlockingMethod(ScmBlockLocationProtocolProtos.java:13157)
	at org.apache.hadoop.ipc.ProtobufRpcEngine$Server$ProtoBufRpcInvoker.call(ProtobufRpcEngine.java:524)
	at org.apache.hadoop.ipc.RPC$Server.call(RPC.java:1025)
	at org.apache.hadoop.ipc.Server$RpcCall.run(Server.java:876)
	at org.apache.hadoop.ipc.Server$RpcCall.run(Server.java:822)
	at java.security.AccessController.doPrivileged(Native Method)
	at javax.security.auth.Subject.doAs(Subject.java:422)
	at org.apache.hadoop.security.UserGroupInformation.doAs(UserGroupInformation.java:1730)
	at org.apache.hadoop.ipc.Server$Handler.run(Server.java:2682)
2019-09-20 08:51:09,242 [IPC Server handler 6 on 35288] INFO  block.BlockManagerImpl (BlockManagerImpl.java:allocateBlock(198)) - Could not find available pipeline of type:RATIS and factor:THREE even after retrying
2019-09-20 08:51:09,242 [IPC Server handler 6 on 35288] ERROR block.BlockManagerImpl (BlockManagerImpl.java:allocateBlock(222)) - Unable to allocate a block for the size: 4194304, type: RATIS, factor: THREE
2019-09-20 08:51:09,242 [IPC Server handler 6 on 35288] INFO  pipeline.PipelinePlacementPolicy (PipelinePlacementPolicy.java:meetCriteria(91)) - Pipeline Placement: Doesn't meet the criteria to be viable node： d183acf8-c1d4-40f7-ba5a-175455d3bd55 Heaviness: 6 limit: 5
2019-09-20 08:51:09,243 [IPC Server handler 6 on 35288] INFO  pipeline.PipelinePlacementPolicy (PipelinePlacementPolicy.java:meetCriteria(91)) - Pipeline Placement: Doesn't meet the criteria to be viable node： 2a6ce4d1-5069-4aeb-8b94-5f253cd23bfc Heaviness: 6 limit: 5
2019-09-20 08:51:09,243 [IPC Server handler 6 on 35288] INFO  pipeline.PipelinePlacementPolicy (PipelinePlacementPolicy.java:meetCriteria(91)) - Pipeline Placement: Doesn't meet the criteria to be viable node： 972eec63-801b-4789-a14a-664c049671ee Heaviness: 6 limit: 5
2019-09-20 08:51:09,243 [IPC Server handler 6 on 35288] INFO  pipeline.PipelinePlacementPolicy (PipelinePlacementPolicy.java:meetCriteria(91)) - Pipeline Placement: Doesn't meet the criteria to be viable node： 5e9b3ca5-d58f-427a-bd11-930d28ac57d8 Heaviness: 6 limit: 5
2019-09-20 08:51:09,243 [IPC Server handler 6 on 35288] INFO  pipeline.PipelinePlacementPolicy (PipelinePlacementPolicy.java:meetCriteria(91)) - Pipeline Placement: Doesn't meet the criteria to be viable node： 64119811-c299-4353-bef2-4f1f08694db1 Heaviness: 6 limit: 5
2019-09-20 08:51:09,243 [IPC Server handler 6 on 35288] ERROR pipeline.PipelinePlacementPolicy (PipelinePlacementPolicy.java:filterViableNodes(148)) - Unable to find enough nodes that meet the criteria that cannot engage in more than 5 pipelines. Nodes required: 3 Found: 0, healthy nodes count inNodeManager: 5.
2019-09-20 08:51:09,243 [IPC Server handler 6 on 35288] ERROR pipeline.SCMPipelineManager (SCMPipelineManager.java:createPipeline(161)) - Pipeline creation failed due to exception: Unable to find enough nodes that meet the criteria that cannot engage in more than 5 pipelines. Nodes required: 3 Found: 0, healthy nodes count inNodeManager: 5.
2019-09-20 08:51:09,243 [IPC Server handler 6 on 35288] WARN  block.BlockManagerImpl (BlockManagerImpl.java:allocateBlock(192)) - Pipeline creation failed for type:RATIS factor:THREE. Retrying get pipelines call once.
org.apache.hadoop.hdds.scm.exceptions.SCMException: Unable to find enough nodes that meet the criteria that cannot engage in more than 5 pipelines. Nodes required: 3 Found: 0, healthy nodes count inNodeManager: 5.
	at org.apache.hadoop.hdds.scm.pipeline.PipelinePlacementPolicy.filterViableNodes(PipelinePlacementPolicy.java:149)
	at org.apache.hadoop.hdds.scm.pipeline.PipelinePlacementPolicy.chooseDatanodes(PipelinePlacementPolicy.java:172)
	at org.apache.hadoop.hdds.scm.pipeline.RatisPipelineProvider.create(RatisPipelineProvider.java:92)
	at org.apache.hadoop.hdds.scm.pipeline.PipelineFactory.create(PipelineFactory.java:57)
	at org.apache.hadoop.hdds.scm.pipeline.SCMPipelineManager.createPipeline(SCMPipelineManager.java:149)
	at org.apache.hadoop.hdds.scm.block.BlockManagerImpl.allocateBlock(BlockManagerImpl.java:190)
	at org.apache.hadoop.hdds.scm.server.SCMBlockProtocolServer.allocateBlock(SCMBlockProtocolServer.java:175)
	at org.apache.hadoop.ozone.protocolPB.ScmBlockLocationProtocolServerSideTranslatorPB.allocateScmBlock(ScmBlockLocationProtocolServerSideTranslatorPB.java:153)
	at org.apache.hadoop.ozone.protocolPB.ScmBlockLocationProtocolServerSideTranslatorPB.send(ScmBlockLocationProtocolServerSideTranslatorPB.java:112)
	at org.apache.hadoop.hdds.protocol.proto.ScmBlockLocationProtocolProtos$ScmBlockLocationProtocolService$2.callBlockingMethod(ScmBlockLocationProtocolProtos.java:13157)
	at org.apache.hadoop.ipc.ProtobufRpcEngine$Server$ProtoBufRpcInvoker.call(ProtobufRpcEngine.java:524)
	at org.apache.hadoop.ipc.RPC$Server.call(RPC.java:1025)
	at org.apache.hadoop.ipc.Server$RpcCall.run(Server.java:876)
	at org.apache.hadoop.ipc.Server$RpcCall.run(Server.java:822)
	at java.security.AccessController.doPrivileged(Native Method)
	at javax.security.auth.Subject.doAs(Subject.java:422)
	at org.apache.hadoop.security.UserGroupInformation.doAs(UserGroupInformation.java:1730)
	at org.apache.hadoop.ipc.Server$Handler.run(Server.java:2682)
2019-09-20 08:51:09,243 [IPC Server handler 6 on 35288] INFO  block.BlockManagerImpl (BlockManagerImpl.java:allocateBlock(198)) - Could not find available pipeline of type:RATIS and factor:THREE even after retrying
2019-09-20 08:51:09,244 [IPC Server handler 6 on 35288] ERROR block.BlockManagerImpl (BlockManagerImpl.java:allocateBlock(222)) - Unable to allocate a block for the size: 4194304, type: RATIS, factor: THREE
2019-09-20 08:51:09,244 [IPC Server handler 6 on 35288] INFO  pipeline.PipelinePlacementPolicy (PipelinePlacementPolicy.java:meetCriteria(91)) - Pipeline Placement: Doesn't meet the criteria to be viable node： d183acf8-c1d4-40f7-ba5a-175455d3bd55 Heaviness: 6 limit: 5
2019-09-20 08:51:09,244 [IPC Server handler 6 on 35288] INFO  pipeline.PipelinePlacementPolicy (PipelinePlacementPolicy.java:meetCriteria(91)) - Pipeline Placement: Doesn't meet the criteria to be viable node： 2a6ce4d1-5069-4aeb-8b94-5f253cd23bfc Heaviness: 6 limit: 5
2019-09-20 08:51:09,244 [IPC Server handler 6 on 35288] INFO  pipeline.PipelinePlacementPolicy (PipelinePlacementPolicy.java:meetCriteria(91)) - Pipeline Placement: Doesn't meet the criteria to be viable node： 972eec63-801b-4789-a14a-664c049671ee Heaviness: 6 limit: 5
2019-09-20 08:51:09,244 [IPC Server handler 6 on 35288] INFO  pipeline.PipelinePlacementPolicy (PipelinePlacementPolicy.java:meetCriteria(91)) - Pipeline Placement: Doesn't meet the criteria to be viable node： 5e9b3ca5-d58f-427a-bd11-930d28ac57d8 Heaviness: 6 limit: 5
2019-09-20 08:51:09,244 [IPC Server handler 6 on 35288] INFO  pipeline.PipelinePlacementPolicy (PipelinePlacementPolicy.java:meetCriteria(91)) - Pipeline Placement: Doesn't meet the criteria to be viable node： 64119811-c299-4353-bef2-4f1f08694db1 Heaviness: 6 limit: 5
2019-09-20 08:51:09,244 [IPC Server handler 6 on 35288] ERROR pipeline.PipelinePlacementPolicy (PipelinePlacementPolicy.java:filterViableNodes(148)) - Unable to find enough nodes that meet the criteria that cannot engage in more than 5 pipelines. Nodes required: 3 Found: 0, healthy nodes count inNodeManager: 5.
2019-09-20 08:51:09,244 [IPC Server handler 6 on 35288] ERROR pipeline.SCMPipelineManager (SCMPipelineManager.java:createPipeline(161)) - Pipeline creation failed due to exception: Unable to find enough nodes that meet the criteria that cannot engage in more than 5 pipelines. Nodes required: 3 Found: 0, healthy nodes count inNodeManager: 5.
2019-09-20 08:51:09,244 [IPC Server handler 6 on 35288] WARN  block.BlockManagerImpl (BlockManagerImpl.java:allocateBlock(192)) - Pipeline creation failed for type:RATIS factor:THREE. Retrying get pipelines call once.
org.apache.hadoop.hdds.scm.exceptions.SCMException: Unable to find enough nodes that meet the criteria that cannot engage in more than 5 pipelines. Nodes required: 3 Found: 0, healthy nodes count inNodeManager: 5.
	at org.apache.hadoop.hdds.scm.pipeline.PipelinePlacementPolicy.filterViableNodes(PipelinePlacementPolicy.java:149)
	at org.apache.hadoop.hdds.scm.pipeline.PipelinePlacementPolicy.chooseDatanodes(PipelinePlacementPolicy.java:172)
	at org.apache.hadoop.hdds.scm.pipeline.RatisPipelineProvider.create(RatisPipelineProvider.java:92)
	at org.apache.hadoop.hdds.scm.pipeline.PipelineFactory.create(PipelineFactory.java:57)
	at org.apache.hadoop.hdds.scm.pipeline.SCMPipelineManager.createPipeline(SCMPipelineManager.java:149)
	at org.apache.hadoop.hdds.scm.block.BlockManagerImpl.allocateBlock(BlockManagerImpl.java:190)
	at org.apache.hadoop.hdds.scm.server.SCMBlockProtocolServer.allocateBlock(SCMBlockProtocolServer.java:175)
	at org.apache.hadoop.ozone.protocolPB.ScmBlockLocationProtocolServerSideTranslatorPB.allocateScmBlock(ScmBlockLocationProtocolServerSideTranslatorPB.java:153)
	at org.apache.hadoop.ozone.protocolPB.ScmBlockLocationProtocolServerSideTranslatorPB.send(ScmBlockLocationProtocolServerSideTranslatorPB.java:112)
	at org.apache.hadoop.hdds.protocol.proto.ScmBlockLocationProtocolProtos$ScmBlockLocationProtocolService$2.callBlockingMethod(ScmBlockLocationProtocolProtos.java:13157)
	at org.apache.hadoop.ipc.ProtobufRpcEngine$Server$ProtoBufRpcInvoker.call(ProtobufRpcEngine.java:524)
	at org.apache.hadoop.ipc.RPC$Server.call(RPC.java:1025)
	at org.apache.hadoop.ipc.Server$RpcCall.run(Server.java:876)
	at org.apache.hadoop.ipc.Server$RpcCall.run(Server.java:822)
	at java.security.AccessController.doPrivileged(Native Method)
	at javax.security.auth.Subject.doAs(Subject.java:422)
	at org.apache.hadoop.security.UserGroupInformation.doAs(UserGroupInformation.java:1730)
	at org.apache.hadoop.ipc.Server$Handler.run(Server.java:2682)
2019-09-20 08:51:09,245 [IPC Server handler 6 on 35288] INFO  block.BlockManagerImpl (BlockManagerImpl.java:allocateBlock(198)) - Could not find available pipeline of type:RATIS and factor:THREE even after retrying
2019-09-20 08:51:09,245 [IPC Server handler 6 on 35288] ERROR block.BlockManagerImpl (BlockManagerImpl.java:allocateBlock(222)) - Unable to allocate a block for the size: 4194304, type: RATIS, factor: THREE
2019-09-20 08:51:09,245 [IPC Server handler 6 on 35288] INFO  pipeline.PipelinePlacementPolicy (PipelinePlacementPolicy.java:meetCriteria(91)) - Pipeline Placement: Doesn't meet the criteria to be viable node： d183acf8-c1d4-40f7-ba5a-175455d3bd55 Heaviness: 6 limit: 5
2019-09-20 08:51:09,245 [IPC Server handler 6 on 35288] INFO  pipeline.PipelinePlacementPolicy (PipelinePlacementPolicy.java:meetCriteria(91)) - Pipeline Placement: Doesn't meet the criteria to be viable node： 2a6ce4d1-5069-4aeb-8b94-5f253cd23bfc Heaviness: 6 limit: 5
2019-09-20 08:51:09,245 [IPC Server handler 6 on 35288] INFO  pipeline.PipelinePlacementPolicy (PipelinePlacementPolicy.java:meetCriteria(91)) - Pipeline Placement: Doesn't meet the criteria to be viable node： 972eec63-801b-4789-a14a-664c049671ee Heaviness: 6 limit: 5
2019-09-20 08:51:09,245 [IPC Server handler 6 on 35288] INFO  pipeline.PipelinePlacementPolicy (PipelinePlacementPolicy.java:meetCriteria(91)) - Pipeline Placement: Doesn't meet the criteria to be viable node： 5e9b3ca5-d58f-427a-bd11-930d28ac57d8 Heaviness: 6 limit: 5
2019-09-20 08:51:09,245 [IPC Server handler 6 on 35288] INFO  pipeline.PipelinePlacementPolicy (PipelinePlacementPolicy.java:meetCriteria(91)) - Pipeline Placement: Doesn't meet the criteria to be viable node： 64119811-c299-4353-bef2-4f1f08694db1 Heaviness: 6 limit: 5
2019-09-20 08:51:09,245 [IPC Server handler 6 on 35288] ERROR pipeline.PipelinePlacementPolicy (PipelinePlacementPolicy.java:filterViableNodes(148)) - Unable to find enough nodes that meet the criteria that cannot engage in more than 5 pipelines. Nodes required: 3 Found: 0, healthy nodes count inNodeManager: 5.
2019-09-20 08:51:09,246 [IPC Server handler 6 on 35288] ERROR pipeline.SCMPipelineManager (SCMPipelineManager.java:createPipeline(161)) - Pipeline creation failed due to exception: Unable to find enough nodes that meet the criteria that cannot engage in more than 5 pipelines. Nodes required: 3 Found: 0, healthy nodes count inNodeManager: 5.
2019-09-20 08:51:09,246 [IPC Server handler 6 on 35288] WARN  block.BlockManagerImpl (BlockManagerImpl.java:allocateBlock(192)) - Pipeline creation failed for type:RATIS factor:THREE. Retrying get pipelines call once.
org.apache.hadoop.hdds.scm.exceptions.SCMException: Unable to find enough nodes that meet the criteria that cannot engage in more than 5 pipelines. Nodes required: 3 Found: 0, healthy nodes count inNodeManager: 5.
	at org.apache.hadoop.hdds.scm.pipeline.PipelinePlacementPolicy.filterViableNodes(PipelinePlacementPolicy.java:149)
	at org.apache.hadoop.hdds.scm.pipeline.PipelinePlacementPolicy.chooseDatanodes(PipelinePlacementPolicy.java:172)
	at org.apache.hadoop.hdds.scm.pipeline.RatisPipelineProvider.create(RatisPipelineProvider.java:92)
	at org.apache.hadoop.hdds.scm.pipeline.PipelineFactory.create(PipelineFactory.java:57)
	at org.apache.hadoop.hdds.scm.pipeline.SCMPipelineManager.createPipeline(SCMPipelineManager.java:149)
	at org.apache.hadoop.hdds.scm.block.BlockManagerImpl.allocateBlock(BlockManagerImpl.java:190)
	at org.apache.hadoop.hdds.scm.server.SCMBlockProtocolServer.allocateBlock(SCMBlockProtocolServer.java:175)
	at org.apache.hadoop.ozone.protocolPB.ScmBlockLocationProtocolServerSideTranslatorPB.allocateScmBlock(ScmBlockLocationProtocolServerSideTranslatorPB.java:153)
	at org.apache.hadoop.ozone.protocolPB.ScmBlockLocationProtocolServerSideTranslatorPB.send(ScmBlockLocationProtocolServerSideTranslatorPB.java:112)
	at org.apache.hadoop.hdds.protocol.proto.ScmBlockLocationProtocolProtos$ScmBlockLocationProtocolService$2.callBlockingMethod(ScmBlockLocationProtocolProtos.java:13157)
	at org.apache.hadoop.ipc.ProtobufRpcEngine$Server$ProtoBufRpcInvoker.call(ProtobufRpcEngine.java:524)
	at org.apache.hadoop.ipc.RPC$Server.call(RPC.java:1025)
	at org.apache.hadoop.ipc.Server$RpcCall.run(Server.java:876)
	at org.apache.hadoop.ipc.Server$RpcCall.run(Server.java:822)
	at java.security.AccessController.doPrivileged(Native Method)
	at javax.security.auth.Subject.doAs(Subject.java:422)
	at org.apache.hadoop.security.UserGroupInformation.doAs(UserGroupInformation.java:1730)
	at org.apache.hadoop.ipc.Server$Handler.run(Server.java:2682)
2019-09-20 08:51:09,246 [IPC Server handler 6 on 35288] INFO  block.BlockManagerImpl (BlockManagerImpl.java:allocateBlock(198)) - Could not find available pipeline of type:RATIS and factor:THREE even after retrying
2019-09-20 08:51:09,246 [IPC Server handler 6 on 35288] ERROR block.BlockManagerImpl (BlockManagerImpl.java:allocateBlock(222)) - Unable to allocate a block for the size: 4194304, type: RATIS, factor: THREE
2019-09-20 08:51:09,246 [IPC Server handler 6 on 35288] INFO  pipeline.PipelinePlacementPolicy (PipelinePlacementPolicy.java:meetCriteria(91)) - Pipeline Placement: Doesn't meet the criteria to be viable node： d183acf8-c1d4-40f7-ba5a-175455d3bd55 Heaviness: 6 limit: 5
2019-09-20 08:51:09,246 [IPC Server handler 6 on 35288] INFO  pipeline.PipelinePlacementPolicy (PipelinePlacementPolicy.java:meetCriteria(91)) - Pipeline Placement: Doesn't meet the criteria to be viable node： 2a6ce4d1-5069-4aeb-8b94-5f253cd23bfc Heaviness: 6 limit: 5
2019-09-20 08:51:09,246 [IPC Server handler 6 on 35288] INFO  pipeline.PipelinePlacementPolicy (PipelinePlacementPolicy.java:meetCriteria(91)) - Pipeline Placement: Doesn't meet the criteria to be viable node： 972eec63-801b-4789-a14a-664c049671ee Heaviness: 6 limit: 5
2019-09-20 08:51:09,246 [IPC Server handler 6 on 35288] INFO  pipeline.PipelinePlacementPolicy (PipelinePlacementPolicy.java:meetCriteria(91)) - Pipeline Placement: Doesn't meet the criteria to be viable node： 5e9b3ca5-d58f-427a-bd11-930d28ac57d8 Heaviness: 6 limit: 5
2019-09-20 08:51:09,246 [IPC Server handler 6 on 35288] INFO  pipeline.PipelinePlacementPolicy (PipelinePlacementPolicy.java:meetCriteria(91)) - Pipeline Placement: Doesn't meet the criteria to be viable node： 64119811-c299-4353-bef2-4f1f08694db1 Heaviness: 6 limit: 5
2019-09-20 08:51:09,247 [IPC Server handler 6 on 35288] ERROR pipeline.PipelinePlacementPolicy (PipelinePlacementPolicy.java:filterViableNodes(148)) - Unable to find enough nodes that meet the criteria that cannot engage in more than 5 pipelines. Nodes required: 3 Found: 0, healthy nodes count inNodeManager: 5.
2019-09-20 08:51:09,247 [IPC Server handler 6 on 35288] ERROR pipeline.SCMPipelineManager (SCMPipelineManager.java:createPipeline(161)) - Pipeline creation failed due to exception: Unable to find enough nodes that meet the criteria that cannot engage in more than 5 pipelines. Nodes required: 3 Found: 0, healthy nodes count inNodeManager: 5.
2019-09-20 08:51:09,247 [IPC Server handler 6 on 35288] WARN  block.BlockManagerImpl (BlockManagerImpl.java:allocateBlock(192)) - Pipeline creation failed for type:RATIS factor:THREE. Retrying get pipelines call once.
org.apache.hadoop.hdds.scm.exceptions.SCMException: Unable to find enough nodes that meet the criteria that cannot engage in more than 5 pipelines. Nodes required: 3 Found: 0, healthy nodes count inNodeManager: 5.
	at org.apache.hadoop.hdds.scm.pipeline.PipelinePlacementPolicy.filterViableNodes(PipelinePlacementPolicy.java:149)
	at org.apache.hadoop.hdds.scm.pipeline.PipelinePlacementPolicy.chooseDatanodes(PipelinePlacementPolicy.java:172)
	at org.apache.hadoop.hdds.scm.pipeline.RatisPipelineProvider.create(RatisPipelineProvider.java:92)
	at org.apache.hadoop.hdds.scm.pipeline.PipelineFactory.create(PipelineFactory.java:57)
	at org.apache.hadoop.hdds.scm.pipeline.SCMPipelineManager.createPipeline(SCMPipelineManager.java:149)
	at org.apache.hadoop.hdds.scm.block.BlockManagerImpl.allocateBlock(BlockManagerImpl.java:190)
	at org.apache.hadoop.hdds.scm.server.SCMBlockProtocolServer.allocateBlock(SCMBlockProtocolServer.java:175)
	at org.apache.hadoop.ozone.protocolPB.ScmBlockLocationProtocolServerSideTranslatorPB.allocateScmBlock(ScmBlockLocationProtocolServerSideTranslatorPB.java:153)
	at org.apache.hadoop.ozone.protocolPB.ScmBlockLocationProtocolServerSideTranslatorPB.send(ScmBlockLocationProtocolServerSideTranslatorPB.java:112)
	at org.apache.hadoop.hdds.protocol.proto.ScmBlockLocationProtocolProtos$ScmBlockLocationProtocolService$2.callBlockingMethod(ScmBlockLocationProtocolProtos.java:13157)
	at org.apache.hadoop.ipc.ProtobufRpcEngine$Server$ProtoBufRpcInvoker.call(ProtobufRpcEngine.java:524)
	at org.apache.hadoop.ipc.RPC$Server.call(RPC.java:1025)
	at org.apache.hadoop.ipc.Server$RpcCall.run(Server.java:876)
	at org.apache.hadoop.ipc.Server$RpcCall.run(Server.java:822)
	at java.security.AccessController.doPrivileged(Native Method)
	at javax.security.auth.Subject.doAs(Subject.java:422)
	at org.apache.hadoop.security.UserGroupInformation.doAs(UserGroupInformation.java:1730)
	at org.apache.hadoop.ipc.Server$Handler.run(Server.java:2682)
2019-09-20 08:51:09,247 [IPC Server handler 6 on 35288] INFO  block.BlockManagerImpl (BlockManagerImpl.java:allocateBlock(198)) - Could not find available pipeline of type:RATIS and factor:THREE even after retrying
2019-09-20 08:51:09,247 [IPC Server handler 6 on 35288] ERROR block.BlockManagerImpl (BlockManagerImpl.java:allocateBlock(222)) - Unable to allocate a block for the size: 4194304, type: RATIS, factor: THREE
2019-09-20 08:51:09,247 [IPC Server handler 6 on 35288] INFO  pipeline.PipelinePlacementPolicy (PipelinePlacementPolicy.java:meetCriteria(91)) - Pipeline Placement: Doesn't meet the criteria to be viable node： d183acf8-c1d4-40f7-ba5a-175455d3bd55 Heaviness: 6 limit: 5
2019-09-20 08:51:09,247 [IPC Server handler 6 on 35288] INFO  pipeline.PipelinePlacementPolicy (PipelinePlacementPolicy.java:meetCriteria(91)) - Pipeline Placement: Doesn't meet the criteria to be viable node： 2a6ce4d1-5069-4aeb-8b94-5f253cd23bfc Heaviness: 6 limit: 5
2019-09-20 08:51:09,247 [IPC Server handler 6 on 35288] INFO  pipeline.PipelinePlacementPolicy (PipelinePlacementPolicy.java:meetCriteria(91)) - Pipeline Placement: Doesn't meet the criteria to be viable node： 972eec63-801b-4789-a14a-664c049671ee Heaviness: 6 limit: 5
2019-09-20 08:51:09,248 [IPC Server handler 6 on 35288] INFO  pipeline.PipelinePlacementPolicy (PipelinePlacementPolicy.java:meetCriteria(91)) - Pipeline Placement: Doesn't meet the criteria to be viable node： 5e9b3ca5-d58f-427a-bd11-930d28ac57d8 Heaviness: 6 limit: 5
2019-09-20 08:51:09,248 [IPC Server handler 6 on 35288] INFO  pipeline.PipelinePlacementPolicy (PipelinePlacementPolicy.java:meetCriteria(91)) - Pipeline Placement: Doesn't meet the criteria to be viable node： 64119811-c299-4353-bef2-4f1f08694db1 Heaviness: 6 limit: 5
2019-09-20 08:51:09,248 [IPC Server handler 6 on 35288] ERROR pipeline.PipelinePlacementPolicy (PipelinePlacementPolicy.java:filterViableNodes(148)) - Unable to find enough nodes that meet the criteria that cannot engage in more than 5 pipelines. Nodes required: 3 Found: 0, healthy nodes count inNodeManager: 5.
2019-09-20 08:51:09,248 [IPC Server handler 6 on 35288] ERROR pipeline.SCMPipelineManager (SCMPipelineManager.java:createPipeline(161)) - Pipeline creation failed due to exception: Unable to find enough nodes that meet the criteria that cannot engage in more than 5 pipelines. Nodes required: 3 Found: 0, healthy nodes count inNodeManager: 5.
2019-09-20 08:51:09,248 [IPC Server handler 6 on 35288] WARN  block.BlockManagerImpl (BlockManagerImpl.java:allocateBlock(192)) - Pipeline creation failed for type:RATIS factor:THREE. Retrying get pipelines call once.
org.apache.hadoop.hdds.scm.exceptions.SCMException: Unable to find enough nodes that meet the criteria that cannot engage in more than 5 pipelines. Nodes required: 3 Found: 0, healthy nodes count inNodeManager: 5.
	at org.apache.hadoop.hdds.scm.pipeline.PipelinePlacementPolicy.filterViableNodes(PipelinePlacementPolicy.java:149)
	at org.apache.hadoop.hdds.scm.pipeline.PipelinePlacementPolicy.chooseDatanodes(PipelinePlacementPolicy.java:172)
	at org.apache.hadoop.hdds.scm.pipeline.RatisPipelineProvider.create(RatisPipelineProvider.java:92)
	at org.apache.hadoop.hdds.scm.pipeline.PipelineFactory.create(PipelineFactory.java:57)
	at org.apache.hadoop.hdds.scm.pipeline.SCMPipelineManager.createPipeline(SCMPipelineManager.java:149)
	at org.apache.hadoop.hdds.scm.block.BlockManagerImpl.allocateBlock(BlockManagerImpl.java:190)
	at org.apache.hadoop.hdds.scm.server.SCMBlockProtocolServer.allocateBlock(SCMBlockProtocolServer.java:175)
	at org.apache.hadoop.ozone.protocolPB.ScmBlockLocationProtocolServerSideTranslatorPB.allocateScmBlock(ScmBlockLocationProtocolServerSideTranslatorPB.java:153)
	at org.apache.hadoop.ozone.protocolPB.ScmBlockLocationProtocolServerSideTranslatorPB.send(ScmBlockLocationProtocolServerSideTranslatorPB.java:112)
	at org.apache.hadoop.hdds.protocol.proto.ScmBlockLocationProtocolProtos$ScmBlockLocationProtocolService$2.callBlockingMethod(ScmBlockLocationProtocolProtos.java:13157)
	at org.apache.hadoop.ipc.ProtobufRpcEngine$Server$ProtoBufRpcInvoker.call(ProtobufRpcEngine.java:524)
	at org.apache.hadoop.ipc.RPC$Server.call(RPC.java:1025)
	at org.apache.hadoop.ipc.Server$RpcCall.run(Server.java:876)
	at org.apache.hadoop.ipc.Server$RpcCall.run(Server.java:822)
	at java.security.AccessController.doPrivileged(Native Method)
	at javax.security.auth.Subject.doAs(Subject.java:422)
	at org.apache.hadoop.security.UserGroupInformation.doAs(UserGroupInformation.java:1730)
	at org.apache.hadoop.ipc.Server$Handler.run(Server.java:2682)
2019-09-20 08:51:09,248 [IPC Server handler 6 on 35288] INFO  block.BlockManagerImpl (BlockManagerImpl.java:allocateBlock(198)) - Could not find available pipeline of type:RATIS and factor:THREE even after retrying
2019-09-20 08:51:09,248 [IPC Server handler 6 on 35288] ERROR block.BlockManagerImpl (BlockManagerImpl.java:allocateBlock(222)) - Unable to allocate a block for the size: 4194304, type: RATIS, factor: THREE
2019-09-20 08:51:09,248 [IPC Server handler 6 on 35288] INFO  pipeline.PipelinePlacementPolicy (PipelinePlacementPolicy.java:meetCriteria(91)) - Pipeline Placement: Doesn't meet the criteria to be viable node： d183acf8-c1d4-40f7-ba5a-175455d3bd55 Heaviness: 6 limit: 5
2019-09-20 08:51:09,249 [IPC Server handler 6 on 35288] INFO  pipeline.PipelinePlacementPolicy (PipelinePlacementPolicy.java:meetCriteria(91)) - Pipeline Placement: Doesn't meet the criteria to be viable node： 2a6ce4d1-5069-4aeb-8b94-5f253cd23bfc Heaviness: 6 limit: 5
2019-09-20 08:51:09,249 [IPC Server handler 6 on 35288] INFO  pipeline.PipelinePlacementPolicy (PipelinePlacementPolicy.java:meetCriteria(91)) - Pipeline Placement: Doesn't meet the criteria to be viable node： 972eec63-801b-4789-a14a-664c049671ee Heaviness: 6 limit: 5
2019-09-20 08:51:09,249 [IPC Server handler 6 on 35288] INFO  pipeline.PipelinePlacementPolicy (PipelinePlacementPolicy.java:meetCriteria(91)) - Pipeline Placement: Doesn't meet the criteria to be viable node： 5e9b3ca5-d58f-427a-bd11-930d28ac57d8 Heaviness: 6 limit: 5
2019-09-20 08:51:09,249 [IPC Server handler 6 on 35288] INFO  pipeline.PipelinePlacementPolicy (PipelinePlacementPolicy.java:meetCriteria(91)) - Pipeline Placement: Doesn't meet the criteria to be viable node： 64119811-c299-4353-bef2-4f1f08694db1 Heaviness: 6 limit: 5
2019-09-20 08:51:09,249 [IPC Server handler 6 on 35288] ERROR pipeline.PipelinePlacementPolicy (PipelinePlacementPolicy.java:filterViableNodes(148)) - Unable to find enough nodes that meet the criteria that cannot engage in more than 5 pipelines. Nodes required: 3 Found: 0, healthy nodes count inNodeManager: 5.
2019-09-20 08:51:09,249 [IPC Server handler 6 on 35288] ERROR pipeline.SCMPipelineManager (SCMPipelineManager.java:createPipeline(161)) - Pipeline creation failed due to exception: Unable to find enough nodes that meet the criteria that cannot engage in more than 5 pipelines. Nodes required: 3 Found: 0, healthy nodes count inNodeManager: 5.
2019-09-20 08:51:09,249 [IPC Server handler 6 on 35288] WARN  block.BlockManagerImpl (BlockManagerImpl.java:allocateBlock(192)) - Pipeline creation failed for type:RATIS factor:THREE. Retrying get pipelines call once.
org.apache.hadoop.hdds.scm.exceptions.SCMException: Unable to find enough nodes that meet the criteria that cannot engage in more than 5 pipelines. Nodes required: 3 Found: 0, healthy nodes count inNodeManager: 5.
	at org.apache.hadoop.hdds.scm.pipeline.PipelinePlacementPolicy.filterViableNodes(PipelinePlacementPolicy.java:149)
	at org.apache.hadoop.hdds.scm.pipeline.PipelinePlacementPolicy.chooseDatanodes(PipelinePlacementPolicy.java:172)
	at org.apache.hadoop.hdds.scm.pipeline.RatisPipelineProvider.create(RatisPipelineProvider.java:92)
	at org.apache.hadoop.hdds.scm.pipeline.PipelineFactory.create(PipelineFactory.java:57)
	at org.apache.hadoop.hdds.scm.pipeline.SCMPipelineManager.createPipeline(SCMPipelineManager.java:149)
	at org.apache.hadoop.hdds.scm.block.BlockManagerImpl.allocateBlock(BlockManagerImpl.java:190)
	at org.apache.hadoop.hdds.scm.server.SCMBlockProtocolServer.allocateBlock(SCMBlockProtocolServer.java:175)
	at org.apache.hadoop.ozone.protocolPB.ScmBlockLocationProtocolServerSideTranslatorPB.allocateScmBlock(ScmBlockLocationProtocolServerSideTranslatorPB.java:153)
	at org.apache.hadoop.ozone.protocolPB.ScmBlockLocationProtocolServerSideTranslatorPB.send(ScmBlockLocationProtocolServerSideTranslatorPB.java:112)
	at org.apache.hadoop.hdds.protocol.proto.ScmBlockLocationProtocolProtos$ScmBlockLocationProtocolService$2.callBlockingMethod(ScmBlockLocationProtocolProtos.java:13157)
	at org.apache.hadoop.ipc.ProtobufRpcEngine$Server$ProtoBufRpcInvoker.call(ProtobufRpcEngine.java:524)
	at org.apache.hadoop.ipc.RPC$Server.call(RPC.java:1025)
	at org.apache.hadoop.ipc.Server$RpcCall.run(Server.java:876)
	at org.apache.hadoop.ipc.Server$RpcCall.run(Server.java:822)
	at java.security.AccessController.doPrivileged(Native Method)
	at javax.security.auth.Subject.doAs(Subject.java:422)
	at org.apache.hadoop.security.UserGroupInformation.doAs(UserGroupInformation.java:1730)
	at org.apache.hadoop.ipc.Server$Handler.run(Server.java:2682)
2019-09-20 08:51:09,249 [IPC Server handler 6 on 35288] INFO  block.BlockManagerImpl (BlockManagerImpl.java:allocateBlock(198)) - Could not find available pipeline of type:RATIS and factor:THREE even after retrying
2019-09-20 08:51:09,249 [IPC Server handler 6 on 35288] ERROR block.BlockManagerImpl (BlockManagerImpl.java:allocateBlock(222)) - Unable to allocate a block for the size: 4194304, type: RATIS, factor: THREE
2019-09-20 08:51:09,250 [IPC Server handler 6 on 35288] INFO  pipeline.PipelinePlacementPolicy (PipelinePlacementPolicy.java:meetCriteria(91)) - Pipeline Placement: Doesn't meet the criteria to be viable node： d183acf8-c1d4-40f7-ba5a-175455d3bd55 Heaviness: 6 limit: 5
2019-09-20 08:51:09,250 [IPC Server handler 6 on 35288] INFO  pipeline.PipelinePlacementPolicy (PipelinePlacementPolicy.java:meetCriteria(91)) - Pipeline Placement: Doesn't meet the criteria to be viable node： 2a6ce4d1-5069-4aeb-8b94-5f253cd23bfc Heaviness: 6 limit: 5
2019-09-20 08:51:09,250 [IPC Server handler 6 on 35288] INFO  pipeline.PipelinePlacementPolicy (PipelinePlacementPolicy.java:meetCriteria(91)) - Pipeline Placement: Doesn't meet the criteria to be viable node： 972eec63-801b-4789-a14a-664c049671ee Heaviness: 6 limit: 5
2019-09-20 08:51:09,250 [IPC Server handler 6 on 35288] INFO  pipeline.PipelinePlacementPolicy (PipelinePlacementPolicy.java:meetCriteria(91)) - Pipeline Placement: Doesn't meet the criteria to be viable node： 5e9b3ca5-d58f-427a-bd11-930d28ac57d8 Heaviness: 6 limit: 5
2019-09-20 08:51:09,250 [IPC Server handler 6 on 35288] INFO  pipeline.PipelinePlacementPolicy (PipelinePlacementPolicy.java:meetCriteria(91)) - Pipeline Placement: Doesn't meet the criteria to be viable node： 64119811-c299-4353-bef2-4f1f08694db1 Heaviness: 6 limit: 5
2019-09-20 08:51:09,250 [IPC Server handler 6 on 35288] ERROR pipeline.PipelinePlacementPolicy (PipelinePlacementPolicy.java:filterViableNodes(148)) - Unable to find enough nodes that meet the criteria that cannot engage in more than 5 pipelines. Nodes required: 3 Found: 0, healthy nodes count inNodeManager: 5.
2019-09-20 08:51:09,250 [IPC Server handler 6 on 35288] ERROR pipeline.SCMPipelineManager (SCMPipelineManager.java:createPipeline(161)) - Pipeline creation failed due to exception: Unable to find enough nodes that meet the criteria that cannot engage in more than 5 pipelines. Nodes required: 3 Found: 0, healthy nodes count inNodeManager: 5.
2019-09-20 08:51:09,250 [IPC Server handler 6 on 35288] WARN  block.BlockManagerImpl (BlockManagerImpl.java:allocateBlock(192)) - Pipeline creation failed for type:RATIS factor:THREE. Retrying get pipelines call once.
org.apache.hadoop.hdds.scm.exceptions.SCMException: Unable to find enough nodes that meet the criteria that cannot engage in more than 5 pipelines. Nodes required: 3 Found: 0, healthy nodes count inNodeManager: 5.
	at org.apache.hadoop.hdds.scm.pipeline.PipelinePlacementPolicy.filterViableNodes(PipelinePlacementPolicy.java:149)
	at org.apache.hadoop.hdds.scm.pipeline.PipelinePlacementPolicy.chooseDatanodes(PipelinePlacementPolicy.java:172)
	at org.apache.hadoop.hdds.scm.pipeline.RatisPipelineProvider.create(RatisPipelineProvider.java:92)
	at org.apache.hadoop.hdds.scm.pipeline.PipelineFactory.create(PipelineFactory.java:57)
	at org.apache.hadoop.hdds.scm.pipeline.SCMPipelineManager.createPipeline(SCMPipelineManager.java:149)
	at org.apache.hadoop.hdds.scm.block.BlockManagerImpl.allocateBlock(BlockManagerImpl.java:190)
	at org.apache.hadoop.hdds.scm.server.SCMBlockProtocolServer.allocateBlock(SCMBlockProtocolServer.java:175)
	at org.apache.hadoop.ozone.protocolPB.ScmBlockLocationProtocolServerSideTranslatorPB.allocateScmBlock(ScmBlockLocationProtocolServerSideTranslatorPB.java:153)
	at org.apache.hadoop.ozone.protocolPB.ScmBlockLocationProtocolServerSideTranslatorPB.send(ScmBlockLocationProtocolServerSideTranslatorPB.java:112)
	at org.apache.hadoop.hdds.protocol.proto.ScmBlockLocationProtocolProtos$ScmBlockLocationProtocolService$2.callBlockingMethod(ScmBlockLocationProtocolProtos.java:13157)
	at org.apache.hadoop.ipc.ProtobufRpcEngine$Server$ProtoBufRpcInvoker.call(ProtobufRpcEngine.java:524)
	at org.apache.hadoop.ipc.RPC$Server.call(RPC.java:1025)
	at org.apache.hadoop.ipc.Server$RpcCall.run(Server.java:876)
	at org.apache.hadoop.ipc.Server$RpcCall.run(Server.java:822)
	at java.security.AccessController.doPrivileged(Native Method)
	at javax.security.auth.Subject.doAs(Subject.java:422)
	at org.apache.hadoop.security.UserGroupInformation.doAs(UserGroupInformation.java:1730)
	at org.apache.hadoop.ipc.Server$Handler.run(Server.java:2682)
2019-09-20 08:51:09,251 [IPC Server handler 6 on 35288] INFO  block.BlockManagerImpl (BlockManagerImpl.java:allocateBlock(198)) - Could not find available pipeline of type:RATIS and factor:THREE even after retrying
2019-09-20 08:51:09,251 [IPC Server handler 6 on 35288] ERROR block.BlockManagerImpl (BlockManagerImpl.java:allocateBlock(222)) - Unable to allocate a block for the size: 4194304, type: RATIS, factor: THREE
2019-09-20 08:51:09,251 [IPC Server handler 6 on 35288] INFO  pipeline.PipelinePlacementPolicy (PipelinePlacementPolicy.java:meetCriteria(91)) - Pipeline Placement: Doesn't meet the criteria to be viable node： d183acf8-c1d4-40f7-ba5a-175455d3bd55 Heaviness: 6 limit: 5
2019-09-20 08:51:09,251 [IPC Server handler 6 on 35288] INFO  pipeline.PipelinePlacementPolicy (PipelinePlacementPolicy.java:meetCriteria(91)) - Pipeline Placement: Doesn't meet the criteria to be viable node： 2a6ce4d1-5069-4aeb-8b94-5f253cd23bfc Heaviness: 6 limit: 5
2019-09-20 08:51:09,251 [IPC Server handler 6 on 35288] INFO  pipeline.PipelinePlacementPolicy (PipelinePlacementPolicy.java:meetCriteria(91)) - Pipeline Placement: Doesn't meet the criteria to be viable node： 972eec63-801b-4789-a14a-664c049671ee Heaviness: 6 limit: 5
2019-09-20 08:51:09,251 [IPC Server handler 6 on 35288] INFO  pipeline.PipelinePlacementPolicy (PipelinePlacementPolicy.java:meetCriteria(91)) - Pipeline Placement: Doesn't meet the criteria to be viable node： 5e9b3ca5-d58f-427a-bd11-930d28ac57d8 Heaviness: 6 limit: 5
2019-09-20 08:51:09,251 [IPC Server handler 6 on 35288] INFO  pipeline.PipelinePlacementPolicy (PipelinePlacementPolicy.java:meetCriteria(91)) - Pipeline Placement: Doesn't meet the criteria to be viable node： 64119811-c299-4353-bef2-4f1f08694db1 Heaviness: 6 limit: 5
2019-09-20 08:51:09,251 [IPC Server handler 6 on 35288] ERROR pipeline.PipelinePlacementPolicy (PipelinePlacementPolicy.java:filterViableNodes(148)) - Unable to find enough nodes that meet the criteria that cannot engage in more than 5 pipelines. Nodes required: 3 Found: 0, healthy nodes count inNodeManager: 5.
2019-09-20 08:51:09,251 [IPC Server handler 6 on 35288] ERROR pipeline.SCMPipelineManager (SCMPipelineManager.java:createPipeline(161)) - Pipeline creation failed due to exception: Unable to find enough nodes that meet the criteria that cannot engage in more than 5 pipelines. Nodes required: 3 Found: 0, healthy nodes count inNodeManager: 5.
2019-09-20 08:51:09,252 [IPC Server handler 6 on 35288] WARN  block.BlockManagerImpl (BlockManagerImpl.java:allocateBlock(192)) - Pipeline creation failed for type:RATIS factor:THREE. Retrying get pipelines call once.
org.apache.hadoop.hdds.scm.exceptions.SCMException: Unable to find enough nodes that meet the criteria that cannot engage in more than 5 pipelines. Nodes required: 3 Found: 0, healthy nodes count inNodeManager: 5.
	at org.apache.hadoop.hdds.scm.pipeline.PipelinePlacementPolicy.filterViableNodes(PipelinePlacementPolicy.java:149)
	at org.apache.hadoop.hdds.scm.pipeline.PipelinePlacementPolicy.chooseDatanodes(PipelinePlacementPolicy.java:172)
	at org.apache.hadoop.hdds.scm.pipeline.RatisPipelineProvider.create(RatisPipelineProvider.java:92)
	at org.apache.hadoop.hdds.scm.pipeline.PipelineFactory.create(PipelineFactory.java:57)
	at org.apache.hadoop.hdds.scm.pipeline.SCMPipelineManager.createPipeline(SCMPipelineManager.java:149)
	at org.apache.hadoop.hdds.scm.block.BlockManagerImpl.allocateBlock(BlockManagerImpl.java:190)
	at org.apache.hadoop.hdds.scm.server.SCMBlockProtocolServer.allocateBlock(SCMBlockProtocolServer.java:175)
	at org.apache.hadoop.ozone.protocolPB.ScmBlockLocationProtocolServerSideTranslatorPB.allocateScmBlock(ScmBlockLocationProtocolServerSideTranslatorPB.java:153)
	at org.apache.hadoop.ozone.protocolPB.ScmBlockLocationProtocolServerSideTranslatorPB.send(ScmBlockLocationProtocolServerSideTranslatorPB.java:112)
	at org.apache.hadoop.hdds.protocol.proto.ScmBlockLocationProtocolProtos$ScmBlockLocationProtocolService$2.callBlockingMethod(ScmBlockLocationProtocolProtos.java:13157)
	at org.apache.hadoop.ipc.ProtobufRpcEngine$Server$ProtoBufRpcInvoker.call(ProtobufRpcEngine.java:524)
	at org.apache.hadoop.ipc.RPC$Server.call(RPC.java:1025)
	at org.apache.hadoop.ipc.Server$RpcCall.run(Server.java:876)
	at org.apache.hadoop.ipc.Server$RpcCall.run(Server.java:822)
	at java.security.AccessController.doPrivileged(Native Method)
	at javax.security.auth.Subject.doAs(Subject.java:422)
	at org.apache.hadoop.security.UserGroupInformation.doAs(UserGroupInformation.java:1730)
	at org.apache.hadoop.ipc.Server$Handler.run(Server.java:2682)
2019-09-20 08:51:09,252 [IPC Server handler 6 on 35288] INFO  block.BlockManagerImpl (BlockManagerImpl.java:allocateBlock(198)) - Could not find available pipeline of type:RATIS and factor:THREE even after retrying
2019-09-20 08:51:09,252 [IPC Server handler 6 on 35288] ERROR block.BlockManagerImpl (BlockManagerImpl.java:allocateBlock(222)) - Unable to allocate a block for the size: 4194304, type: RATIS, factor: THREE
2019-09-20 08:51:09,252 [IPC Server handler 6 on 35288] INFO  pipeline.PipelinePlacementPolicy (PipelinePlacementPolicy.java:meetCriteria(91)) - Pipeline Placement: Doesn't meet the criteria to be viable node： d183acf8-c1d4-40f7-ba5a-175455d3bd55 Heaviness: 6 limit: 5
2019-09-20 08:51:09,252 [IPC Server handler 6 on 35288] INFO  pipeline.PipelinePlacementPolicy (PipelinePlacementPolicy.java:meetCriteria(91)) - Pipeline Placement: Doesn't meet the criteria to be viable node： 2a6ce4d1-5069-4aeb-8b94-5f253cd23bfc Heaviness: 6 limit: 5
2019-09-20 08:51:09,252 [IPC Server handler 6 on 35288] INFO  pipeline.PipelinePlacementPolicy (PipelinePlacementPolicy.java:meetCriteria(91)) - Pipeline Placement: Doesn't meet the criteria to be viable node： 972eec63-801b-4789-a14a-664c049671ee Heaviness: 6 limit: 5
2019-09-20 08:51:09,252 [IPC Server handler 6 on 35288] INFO  pipeline.PipelinePlacementPolicy (PipelinePlacementPolicy.java:meetCriteria(91)) - Pipeline Placement: Doesn't meet the criteria to be viable node： 5e9b3ca5-d58f-427a-bd11-930d28ac57d8 Heaviness: 6 limit: 5
2019-09-20 08:51:09,252 [IPC Server handler 6 on 35288] INFO  pipeline.PipelinePlacementPolicy (PipelinePlacementPolicy.java:meetCriteria(91)) - Pipeline Placement: Doesn't meet the criteria to be viable node： 64119811-c299-4353-bef2-4f1f08694db1 Heaviness: 6 limit: 5
2019-09-20 08:51:09,253 [IPC Server handler 6 on 35288] ERROR pipeline.PipelinePlacementPolicy (PipelinePlacementPolicy.java:filterViableNodes(148)) - Unable to find enough nodes that meet the criteria that cannot engage in more than 5 pipelines. Nodes required: 3 Found: 0, healthy nodes count inNodeManager: 5.
2019-09-20 08:51:09,253 [IPC Server handler 6 on 35288] ERROR pipeline.SCMPipelineManager (SCMPipelineManager.java:createPipeline(161)) - Pipeline creation failed due to exception: Unable to find enough nodes that meet the criteria that cannot engage in more than 5 pipelines. Nodes required: 3 Found: 0, healthy nodes count inNodeManager: 5.
2019-09-20 08:51:09,253 [IPC Server handler 6 on 35288] WARN  block.BlockManagerImpl (BlockManagerImpl.java:allocateBlock(192)) - Pipeline creation failed for type:RATIS factor:THREE. Retrying get pipelines call once.
org.apache.hadoop.hdds.scm.exceptions.SCMException: Unable to find enough nodes that meet the criteria that cannot engage in more than 5 pipelines. Nodes required: 3 Found: 0, healthy nodes count inNodeManager: 5.
	at org.apache.hadoop.hdds.scm.pipeline.PipelinePlacementPolicy.filterViableNodes(PipelinePlacementPolicy.java:149)
	at org.apache.hadoop.hdds.scm.pipeline.PipelinePlacementPolicy.chooseDatanodes(PipelinePlacementPolicy.java:172)
	at org.apache.hadoop.hdds.scm.pipeline.RatisPipelineProvider.create(RatisPipelineProvider.java:92)
	at org.apache.hadoop.hdds.scm.pipeline.PipelineFactory.create(PipelineFactory.java:57)
	at org.apache.hadoop.hdds.scm.pipeline.SCMPipelineManager.createPipeline(SCMPipelineManager.java:149)
	at org.apache.hadoop.hdds.scm.block.BlockManagerImpl.allocateBlock(BlockManagerImpl.java:190)
	at org.apache.hadoop.hdds.scm.server.SCMBlockProtocolServer.allocateBlock(SCMBlockProtocolServer.java:175)
	at org.apache.hadoop.ozone.protocolPB.ScmBlockLocationProtocolServerSideTranslatorPB.allocateScmBlock(ScmBlockLocationProtocolServerSideTranslatorPB.java:153)
	at org.apache.hadoop.ozone.protocolPB.ScmBlockLocationProtocolServerSideTranslatorPB.send(ScmBlockLocationProtocolServerSideTranslatorPB.java:112)
	at org.apache.hadoop.hdds.protocol.proto.ScmBlockLocationProtocolProtos$ScmBlockLocationProtocolService$2.callBlockingMethod(ScmBlockLocationProtocolProtos.java:13157)
	at org.apache.hadoop.ipc.ProtobufRpcEngine$Server$ProtoBufRpcInvoker.call(ProtobufRpcEngine.java:524)
	at org.apache.hadoop.ipc.RPC$Server.call(RPC.java:1025)
	at org.apache.hadoop.ipc.Server$RpcCall.run(Server.java:876)
	at org.apache.hadoop.ipc.Server$RpcCall.run(Server.java:822)
	at java.security.AccessController.doPrivileged(Native Method)
	at javax.security.auth.Subject.doAs(Subject.java:422)
	at org.apache.hadoop.security.UserGroupInformation.doAs(UserGroupInformation.java:1730)
	at org.apache.hadoop.ipc.Server$Handler.run(Server.java:2682)
2019-09-20 08:51:09,253 [IPC Server handler 6 on 35288] INFO  block.BlockManagerImpl (BlockManagerImpl.java:allocateBlock(198)) - Could not find available pipeline of type:RATIS and factor:THREE even after retrying
2019-09-20 08:51:09,253 [IPC Server handler 6 on 35288] ERROR block.BlockManagerImpl (BlockManagerImpl.java:allocateBlock(222)) - Unable to allocate a block for the size: 4194304, type: RATIS, factor: THREE
2019-09-20 08:51:09,253 [IPC Server handler 6 on 35288] INFO  pipeline.PipelinePlacementPolicy (PipelinePlacementPolicy.java:meetCriteria(91)) - Pipeline Placement: Doesn't meet the criteria to be viable node： d183acf8-c1d4-40f7-ba5a-175455d3bd55 Heaviness: 6 limit: 5
2019-09-20 08:51:09,253 [IPC Server handler 6 on 35288] INFO  pipeline.PipelinePlacementPolicy (PipelinePlacementPolicy.java:meetCriteria(91)) - Pipeline Placement: Doesn't meet the criteria to be viable node： 2a6ce4d1-5069-4aeb-8b94-5f253cd23bfc Heaviness: 6 limit: 5
2019-09-20 08:51:09,253 [IPC Server handler 6 on 35288] INFO  pipeline.PipelinePlacementPolicy (PipelinePlacementPolicy.java:meetCriteria(91)) - Pipeline Placement: Doesn't meet the criteria to be viable node： 972eec63-801b-4789-a14a-664c049671ee Heaviness: 6 limit: 5
2019-09-20 08:51:09,254 [IPC Server handler 6 on 35288] INFO  pipeline.PipelinePlacementPolicy (PipelinePlacementPolicy.java:meetCriteria(91)) - Pipeline Placement: Doesn't meet the criteria to be viable node： 5e9b3ca5-d58f-427a-bd11-930d28ac57d8 Heaviness: 6 limit: 5
2019-09-20 08:51:09,254 [IPC Server handler 6 on 35288] INFO  pipeline.PipelinePlacementPolicy (PipelinePlacementPolicy.java:meetCriteria(91)) - Pipeline Placement: Doesn't meet the criteria to be viable node： 64119811-c299-4353-bef2-4f1f08694db1 Heaviness: 6 limit: 5
2019-09-20 08:51:09,254 [IPC Server handler 6 on 35288] ERROR pipeline.PipelinePlacementPolicy (PipelinePlacementPolicy.java:filterViableNodes(148)) - Unable to find enough nodes that meet the criteria that cannot engage in more than 5 pipelines. Nodes required: 3 Found: 0, healthy nodes count inNodeManager: 5.
2019-09-20 08:51:09,254 [IPC Server handler 6 on 35288] ERROR pipeline.SCMPipelineManager (SCMPipelineManager.java:createPipeline(161)) - Pipeline creation failed due to exception: Unable to find enough nodes that meet the criteria that cannot engage in more than 5 pipelines. Nodes required: 3 Found: 0, healthy nodes count inNodeManager: 5.
2019-09-20 08:51:09,254 [IPC Server handler 6 on 35288] WARN  block.BlockManagerImpl (BlockManagerImpl.java:allocateBlock(192)) - Pipeline creation failed for type:RATIS factor:THREE. Retrying get pipelines call once.
org.apache.hadoop.hdds.scm.exceptions.SCMException: Unable to find enough nodes that meet the criteria that cannot engage in more than 5 pipelines. Nodes required: 3 Found: 0, healthy nodes count inNodeManager: 5.
	at org.apache.hadoop.hdds.scm.pipeline.PipelinePlacementPolicy.filterViableNodes(PipelinePlacementPolicy.java:149)
	at org.apache.hadoop.hdds.scm.pipeline.PipelinePlacementPolicy.chooseDatanodes(PipelinePlacementPolicy.java:172)
	at org.apache.hadoop.hdds.scm.pipeline.RatisPipelineProvider.create(RatisPipelineProvider.java:92)
	at org.apache.hadoop.hdds.scm.pipeline.PipelineFactory.create(PipelineFactory.java:57)
	at org.apache.hadoop.hdds.scm.pipeline.SCMPipelineManager.createPipeline(SCMPipelineManager.java:149)
	at org.apache.hadoop.hdds.scm.block.BlockManagerImpl.allocateBlock(BlockManagerImpl.java:190)
	at org.apache.hadoop.hdds.scm.server.SCMBlockProtocolServer.allocateBlock(SCMBlockProtocolServer.java:175)
	at org.apache.hadoop.ozone.protocolPB.ScmBlockLocationProtocolServerSideTranslatorPB.allocateScmBlock(ScmBlockLocationProtocolServerSideTranslatorPB.java:153)
	at org.apache.hadoop.ozone.protocolPB.ScmBlockLocationProtocolServerSideTranslatorPB.send(ScmBlockLocationProtocolServerSideTranslatorPB.java:112)
	at org.apache.hadoop.hdds.protocol.proto.ScmBlockLocationProtocolProtos$ScmBlockLocationProtocolService$2.callBlockingMethod(ScmBlockLocationProtocolProtos.java:13157)
	at org.apache.hadoop.ipc.ProtobufRpcEngine$Server$ProtoBufRpcInvoker.call(ProtobufRpcEngine.java:524)
	at org.apache.hadoop.ipc.RPC$Server.call(RPC.java:1025)
	at org.apache.hadoop.ipc.Server$RpcCall.run(Server.java:876)
	at org.apache.hadoop.ipc.Server$RpcCall.run(Server.java:822)
	at java.security.AccessController.doPrivileged(Native Method)
	at javax.security.auth.Subject.doAs(Subject.java:422)
	at org.apache.hadoop.security.UserGroupInformation.doAs(UserGroupInformation.java:1730)
	at org.apache.hadoop.ipc.Server$Handler.run(Server.java:2682)
2019-09-20 08:51:09,254 [IPC Server handler 6 on 35288] INFO  block.BlockManagerImpl (BlockManagerImpl.java:allocateBlock(198)) - Could not find available pipeline of type:RATIS and factor:THREE even after retrying
2019-09-20 08:51:09,254 [IPC Server handler 6 on 35288] ERROR block.BlockManagerImpl (BlockManagerImpl.java:allocateBlock(222)) - Unable to allocate a block for the size: 4194304, type: RATIS, factor: THREE
2019-09-20 08:51:09,254 [IPC Server handler 6 on 35288] INFO  pipeline.PipelinePlacementPolicy (PipelinePlacementPolicy.java:meetCriteria(91)) - Pipeline Placement: Doesn't meet the criteria to be viable node： d183acf8-c1d4-40f7-ba5a-175455d3bd55 Heaviness: 6 limit: 5
2019-09-20 08:51:09,255 [IPC Server handler 6 on 35288] INFO  pipeline.PipelinePlacementPolicy (PipelinePlacementPolicy.java:meetCriteria(91)) - Pipeline Placement: Doesn't meet the criteria to be viable node： 2a6ce4d1-5069-4aeb-8b94-5f253cd23bfc Heaviness: 6 limit: 5
2019-09-20 08:51:09,255 [IPC Server handler 6 on 35288] INFO  pipeline.PipelinePlacementPolicy (PipelinePlacementPolicy.java:meetCriteria(91)) - Pipeline Placement: Doesn't meet the criteria to be viable node： 972eec63-801b-4789-a14a-664c049671ee Heaviness: 6 limit: 5
2019-09-20 08:51:09,255 [IPC Server handler 6 on 35288] INFO  pipeline.PipelinePlacementPolicy (PipelinePlacementPolicy.java:meetCriteria(91)) - Pipeline Placement: Doesn't meet the criteria to be viable node： 5e9b3ca5-d58f-427a-bd11-930d28ac57d8 Heaviness: 6 limit: 5
2019-09-20 08:51:09,255 [IPC Server handler 6 on 35288] INFO  pipeline.PipelinePlacementPolicy (PipelinePlacementPolicy.java:meetCriteria(91)) - Pipeline Placement: Doesn't meet the criteria to be viable node： 64119811-c299-4353-bef2-4f1f08694db1 Heaviness: 6 limit: 5
2019-09-20 08:51:09,255 [IPC Server handler 6 on 35288] ERROR pipeline.PipelinePlacementPolicy (PipelinePlacementPolicy.java:filterViableNodes(148)) - Unable to find enough nodes that meet the criteria that cannot engage in more than 5 pipelines. Nodes required: 3 Found: 0, healthy nodes count inNodeManager: 5.
2019-09-20 08:51:09,255 [IPC Server handler 6 on 35288] ERROR pipeline.SCMPipelineManager (SCMPipelineManager.java:createPipeline(161)) - Pipeline creation failed due to exception: Unable to find enough nodes that meet the criteria that cannot engage in more than 5 pipelines. Nodes required: 3 Found: 0, healthy nodes count inNodeManager: 5.
2019-09-20 08:51:09,255 [IPC Server handler 6 on 35288] WARN  block.BlockManagerImpl (BlockManagerImpl.java:allocateBlock(192)) - Pipeline creation failed for type:RATIS factor:THREE. Retrying get pipelines call once.
org.apache.hadoop.hdds.scm.exceptions.SCMException: Unable to find enough nodes that meet the criteria that cannot engage in more than 5 pipelines. Nodes required: 3 Found: 0, healthy nodes count inNodeManager: 5.
	at org.apache.hadoop.hdds.scm.pipeline.PipelinePlacementPolicy.filterViableNodes(PipelinePlacementPolicy.java:149)
	at org.apache.hadoop.hdds.scm.pipeline.PipelinePlacementPolicy.chooseDatanodes(PipelinePlacementPolicy.java:172)
	at org.apache.hadoop.hdds.scm.pipeline.RatisPipelineProvider.create(RatisPipelineProvider.java:92)
	at org.apache.hadoop.hdds.scm.pipeline.PipelineFactory.create(PipelineFactory.java:57)
	at org.apache.hadoop.hdds.scm.pipeline.SCMPipelineManager.createPipeline(SCMPipelineManager.java:149)
	at org.apache.hadoop.hdds.scm.block.BlockManagerImpl.allocateBlock(BlockManagerImpl.java:190)
	at org.apache.hadoop.hdds.scm.server.SCMBlockProtocolServer.allocateBlock(SCMBlockProtocolServer.java:175)
	at org.apache.hadoop.ozone.protocolPB.ScmBlockLocationProtocolServerSideTranslatorPB.allocateScmBlock(ScmBlockLocationProtocolServerSideTranslatorPB.java:153)
	at org.apache.hadoop.ozone.protocolPB.ScmBlockLocationProtocolServerSideTranslatorPB.send(ScmBlockLocationProtocolServerSideTranslatorPB.java:112)
	at org.apache.hadoop.hdds.protocol.proto.ScmBlockLocationProtocolProtos$ScmBlockLocationProtocolService$2.callBlockingMethod(ScmBlockLocationProtocolProtos.java:13157)
	at org.apache.hadoop.ipc.ProtobufRpcEngine$Server$ProtoBufRpcInvoker.call(ProtobufRpcEngine.java:524)
	at org.apache.hadoop.ipc.RPC$Server.call(RPC.java:1025)
	at org.apache.hadoop.ipc.Server$RpcCall.run(Server.java:876)
	at org.apache.hadoop.ipc.Server$RpcCall.run(Server.java:822)
	at java.security.AccessController.doPrivileged(Native Method)
	at javax.security.auth.Subject.doAs(Subject.java:422)
	at org.apache.hadoop.security.UserGroupInformation.doAs(UserGroupInformation.java:1730)
	at org.apache.hadoop.ipc.Server$Handler.run(Server.java:2682)
2019-09-20 08:51:09,255 [IPC Server handler 6 on 35288] INFO  block.BlockManagerImpl (BlockManagerImpl.java:allocateBlock(198)) - Could not find available pipeline of type:RATIS and factor:THREE even after retrying
2019-09-20 08:51:09,256 [IPC Server handler 6 on 35288] ERROR block.BlockManagerImpl (BlockManagerImpl.java:allocateBlock(222)) - Unable to allocate a block for the size: 4194304, type: RATIS, factor: THREE
2019-09-20 08:51:09,256 [IPC Server handler 6 on 35288] INFO  pipeline.PipelinePlacementPolicy (PipelinePlacementPolicy.java:meetCriteria(91)) - Pipeline Placement: Doesn't meet the criteria to be viable node： d183acf8-c1d4-40f7-ba5a-175455d3bd55 Heaviness: 6 limit: 5
2019-09-20 08:51:09,256 [IPC Server handler 6 on 35288] INFO  pipeline.PipelinePlacementPolicy (PipelinePlacementPolicy.java:meetCriteria(91)) - Pipeline Placement: Doesn't meet the criteria to be viable node： 2a6ce4d1-5069-4aeb-8b94-5f253cd23bfc Heaviness: 6 limit: 5
2019-09-20 08:51:09,256 [IPC Server handler 6 on 35288] INFO  pipeline.PipelinePlacementPolicy (PipelinePlacementPolicy.java:meetCriteria(91)) - Pipeline Placement: Doesn't meet the criteria to be viable node： 972eec63-801b-4789-a14a-664c049671ee Heaviness: 6 limit: 5
2019-09-20 08:51:09,256 [IPC Server handler 6 on 35288] INFO  pipeline.PipelinePlacementPolicy (PipelinePlacementPolicy.java:meetCriteria(91)) - Pipeline Placement: Doesn't meet the criteria to be viable node： 5e9b3ca5-d58f-427a-bd11-930d28ac57d8 Heaviness: 6 limit: 5
2019-09-20 08:51:09,256 [IPC Server handler 6 on 35288] INFO  pipeline.PipelinePlacementPolicy (PipelinePlacementPolicy.java:meetCriteria(91)) - Pipeline Placement: Doesn't meet the criteria to be viable node： 64119811-c299-4353-bef2-4f1f08694db1 Heaviness: 6 limit: 5
2019-09-20 08:51:09,256 [IPC Server handler 6 on 35288] ERROR pipeline.PipelinePlacementPolicy (PipelinePlacementPolicy.java:filterViableNodes(148)) - Unable to find enough nodes that meet the criteria that cannot engage in more than 5 pipelines. Nodes required: 3 Found: 0, healthy nodes count inNodeManager: 5.
2019-09-20 08:51:09,256 [IPC Server handler 6 on 35288] ERROR pipeline.SCMPipelineManager (SCMPipelineManager.java:createPipeline(161)) - Pipeline creation failed due to exception: Unable to find enough nodes that meet the criteria that cannot engage in more than 5 pipelines. Nodes required: 3 Found: 0, healthy nodes count inNodeManager: 5.
2019-09-20 08:51:09,256 [IPC Server handler 6 on 35288] WARN  block.BlockManagerImpl (BlockManagerImpl.java:allocateBlock(192)) - Pipeline creation failed for type:RATIS factor:THREE. Retrying get pipelines call once.
org.apache.hadoop.hdds.scm.exceptions.SCMException: Unable to find enough nodes that meet the criteria that cannot engage in more than 5 pipelines. Nodes required: 3 Found: 0, healthy nodes count inNodeManager: 5.
	at org.apache.hadoop.hdds.scm.pipeline.PipelinePlacementPolicy.filterViableNodes(PipelinePlacementPolicy.java:149)
	at org.apache.hadoop.hdds.scm.pipeline.PipelinePlacementPolicy.chooseDatanodes(PipelinePlacementPolicy.java:172)
	at org.apache.hadoop.hdds.scm.pipeline.RatisPipelineProvider.create(RatisPipelineProvider.java:92)
	at org.apache.hadoop.hdds.scm.pipeline.PipelineFactory.create(PipelineFactory.java:57)
	at org.apache.hadoop.hdds.scm.pipeline.SCMPipelineManager.createPipeline(SCMPipelineManager.java:149)
	at org.apache.hadoop.hdds.scm.block.BlockManagerImpl.allocateBlock(BlockManagerImpl.java:190)
	at org.apache.hadoop.hdds.scm.server.SCMBlockProtocolServer.allocateBlock(SCMBlockProtocolServer.java:175)
	at org.apache.hadoop.ozone.protocolPB.ScmBlockLocationProtocolServerSideTranslatorPB.allocateScmBlock(ScmBlockLocationProtocolServerSideTranslatorPB.java:153)
	at org.apache.hadoop.ozone.protocolPB.ScmBlockLocationProtocolServerSideTranslatorPB.send(ScmBlockLocationProtocolServerSideTranslatorPB.java:112)
	at org.apache.hadoop.hdds.protocol.proto.ScmBlockLocationProtocolProtos$ScmBlockLocationProtocolService$2.callBlockingMethod(ScmBlockLocationProtocolProtos.java:13157)
	at org.apache.hadoop.ipc.ProtobufRpcEngine$Server$ProtoBufRpcInvoker.call(ProtobufRpcEngine.java:524)
	at org.apache.hadoop.ipc.RPC$Server.call(RPC.java:1025)
	at org.apache.hadoop.ipc.Server$RpcCall.run(Server.java:876)
	at org.apache.hadoop.ipc.Server$RpcCall.run(Server.java:822)
	at java.security.AccessController.doPrivileged(Native Method)
	at javax.security.auth.Subject.doAs(Subject.java:422)
	at org.apache.hadoop.security.UserGroupInformation.doAs(UserGroupInformation.java:1730)
	at org.apache.hadoop.ipc.Server$Handler.run(Server.java:2682)
2019-09-20 08:51:09,257 [IPC Server handler 6 on 35288] INFO  block.BlockManagerImpl (BlockManagerImpl.java:allocateBlock(198)) - Could not find available pipeline of type:RATIS and factor:THREE even after retrying
2019-09-20 08:51:09,257 [IPC Server handler 6 on 35288] ERROR block.BlockManagerImpl (BlockManagerImpl.java:allocateBlock(222)) - Unable to allocate a block for the size: 4194304, type: RATIS, factor: THREE
2019-09-20 08:51:09,257 [IPC Server handler 6 on 35288] INFO  pipeline.PipelinePlacementPolicy (PipelinePlacementPolicy.java:meetCriteria(91)) - Pipeline Placement: Doesn't meet the criteria to be viable node： d183acf8-c1d4-40f7-ba5a-175455d3bd55 Heaviness: 6 limit: 5
2019-09-20 08:51:09,257 [IPC Server handler 6 on 35288] INFO  pipeline.PipelinePlacementPolicy (PipelinePlacementPolicy.java:meetCriteria(91)) - Pipeline Placement: Doesn't meet the criteria to be viable node： 2a6ce4d1-5069-4aeb-8b94-5f253cd23bfc Heaviness: 6 limit: 5
2019-09-20 08:51:09,257 [IPC Server handler 6 on 35288] INFO  pipeline.PipelinePlacementPolicy (PipelinePlacementPolicy.java:meetCriteria(91)) - Pipeline Placement: Doesn't meet the criteria to be viable node： 972eec63-801b-4789-a14a-664c049671ee Heaviness: 6 limit: 5
2019-09-20 08:51:09,257 [IPC Server handler 6 on 35288] INFO  pipeline.PipelinePlacementPolicy (PipelinePlacementPolicy.java:meetCriteria(91)) - Pipeline Placement: Doesn't meet the criteria to be viable node： 5e9b3ca5-d58f-427a-bd11-930d28ac57d8 Heaviness: 6 limit: 5
2019-09-20 08:51:09,257 [IPC Server handler 6 on 35288] INFO  pipeline.PipelinePlacementPolicy (PipelinePlacementPolicy.java:meetCriteria(91)) - Pipeline Placement: Doesn't meet the criteria to be viable node： 64119811-c299-4353-bef2-4f1f08694db1 Heaviness: 6 limit: 5
2019-09-20 08:51:09,257 [IPC Server handler 6 on 35288] ERROR pipeline.PipelinePlacementPolicy (PipelinePlacementPolicy.java:filterViableNodes(148)) - Unable to find enough nodes that meet the criteria that cannot engage in more than 5 pipelines. Nodes required: 3 Found: 0, healthy nodes count inNodeManager: 5.
2019-09-20 08:51:09,257 [IPC Server handler 6 on 35288] ERROR pipeline.SCMPipelineManager (SCMPipelineManager.java:createPipeline(161)) - Pipeline creation failed due to exception: Unable to find enough nodes that meet the criteria that cannot engage in more than 5 pipelines. Nodes required: 3 Found: 0, healthy nodes count inNodeManager: 5.
2019-09-20 08:51:09,258 [IPC Server handler 6 on 35288] WARN  block.BlockManagerImpl (BlockManagerImpl.java:allocateBlock(192)) - Pipeline creation failed for type:RATIS factor:THREE. Retrying get pipelines call once.
org.apache.hadoop.hdds.scm.exceptions.SCMException: Unable to find enough nodes that meet the criteria that cannot engage in more than 5 pipelines. Nodes required: 3 Found: 0, healthy nodes count inNodeManager: 5.
	at org.apache.hadoop.hdds.scm.pipeline.PipelinePlacementPolicy.filterViableNodes(PipelinePlacementPolicy.java:149)
	at org.apache.hadoop.hdds.scm.pipeline.PipelinePlacementPolicy.chooseDatanodes(PipelinePlacementPolicy.java:172)
	at org.apache.hadoop.hdds.scm.pipeline.RatisPipelineProvider.create(RatisPipelineProvider.java:92)
	at org.apache.hadoop.hdds.scm.pipeline.PipelineFactory.create(PipelineFactory.java:57)
	at org.apache.hadoop.hdds.scm.pipeline.SCMPipelineManager.createPipeline(SCMPipelineManager.java:149)
	at org.apache.hadoop.hdds.scm.block.BlockManagerImpl.allocateBlock(BlockManagerImpl.java:190)
	at org.apache.hadoop.hdds.scm.server.SCMBlockProtocolServer.allocateBlock(SCMBlockProtocolServer.java:175)
	at org.apache.hadoop.ozone.protocolPB.ScmBlockLocationProtocolServerSideTranslatorPB.allocateScmBlock(ScmBlockLocationProtocolServerSideTranslatorPB.java:153)
	at org.apache.hadoop.ozone.protocolPB.ScmBlockLocationProtocolServerSideTranslatorPB.send(ScmBlockLocationProtocolServerSideTranslatorPB.java:112)
	at org.apache.hadoop.hdds.protocol.proto.ScmBlockLocationProtocolProtos$ScmBlockLocationProtocolService$2.callBlockingMethod(ScmBlockLocationProtocolProtos.java:13157)
	at org.apache.hadoop.ipc.ProtobufRpcEngine$Server$ProtoBufRpcInvoker.call(ProtobufRpcEngine.java:524)
	at org.apache.hadoop.ipc.RPC$Server.call(RPC.java:1025)
	at org.apache.hadoop.ipc.Server$RpcCall.run(Server.java:876)
	at org.apache.hadoop.ipc.Server$RpcCall.run(Server.java:822)
	at java.security.AccessController.doPrivileged(Native Method)
	at javax.security.auth.Subject.doAs(Subject.java:422)
	at org.apache.hadoop.security.UserGroupInformation.doAs(UserGroupInformation.java:1730)
	at org.apache.hadoop.ipc.Server$Handler.run(Server.java:2682)
2019-09-20 08:51:09,258 [IPC Server handler 6 on 35288] INFO  block.BlockManagerImpl (BlockManagerImpl.java:allocateBlock(198)) - Could not find available pipeline of type:RATIS and factor:THREE even after retrying
2019-09-20 08:51:09,258 [IPC Server handler 6 on 35288] ERROR block.BlockManagerImpl (BlockManagerImpl.java:allocateBlock(222)) - Unable to allocate a block for the size: 4194304, type: RATIS, factor: THREE
2019-09-20 08:51:09,258 [IPC Server handler 6 on 35288] INFO  pipeline.PipelinePlacementPolicy (PipelinePlacementPolicy.java:meetCriteria(91)) - Pipeline Placement: Doesn't meet the criteria to be viable node： d183acf8-c1d4-40f7-ba5a-175455d3bd55 Heaviness: 6 limit: 5
2019-09-20 08:51:09,258 [IPC Server handler 6 on 35288] INFO  pipeline.PipelinePlacementPolicy (PipelinePlacementPolicy.java:meetCriteria(91)) - Pipeline Placement: Doesn't meet the criteria to be viable node： 2a6ce4d1-5069-4aeb-8b94-5f253cd23bfc Heaviness: 6 limit: 5
2019-09-20 08:51:09,258 [IPC Server handler 6 on 35288] INFO  pipeline.PipelinePlacementPolicy (PipelinePlacementPolicy.java:meetCriteria(91)) - Pipeline Placement: Doesn't meet the criteria to be viable node： 972eec63-801b-4789-a14a-664c049671ee Heaviness: 6 limit: 5
2019-09-20 08:51:09,258 [IPC Server handler 6 on 35288] INFO  pipeline.PipelinePlacementPolicy (PipelinePlacementPolicy.java:meetCriteria(91)) - Pipeline Placement: Doesn't meet the criteria to be viable node： 5e9b3ca5-d58f-427a-bd11-930d28ac57d8 Heaviness: 6 limit: 5
2019-09-20 08:51:09,258 [IPC Server handler 6 on 35288] INFO  pipeline.PipelinePlacementPolicy (PipelinePlacementPolicy.java:meetCriteria(91)) - Pipeline Placement: Doesn't meet the criteria to be viable node： 64119811-c299-4353-bef2-4f1f08694db1 Heaviness: 6 limit: 5
2019-09-20 08:51:09,259 [IPC Server handler 6 on 35288] ERROR pipeline.PipelinePlacementPolicy (PipelinePlacementPolicy.java:filterViableNodes(148)) - Unable to find enough nodes that meet the criteria that cannot engage in more than 5 pipelines. Nodes required: 3 Found: 0, healthy nodes count inNodeManager: 5.
2019-09-20 08:51:09,259 [IPC Server handler 6 on 35288] ERROR pipeline.SCMPipelineManager (SCMPipelineManager.java:createPipeline(161)) - Pipeline creation failed due to exception: Unable to find enough nodes that meet the criteria that cannot engage in more than 5 pipelines. Nodes required: 3 Found: 0, healthy nodes count inNodeManager: 5.
2019-09-20 08:51:09,259 [IPC Server handler 6 on 35288] WARN  block.BlockManagerImpl (BlockManagerImpl.java:allocateBlock(192)) - Pipeline creation failed for type:RATIS factor:THREE. Retrying get pipelines call once.
org.apache.hadoop.hdds.scm.exceptions.SCMException: Unable to find enough nodes that meet the criteria that cannot engage in more than 5 pipelines. Nodes required: 3 Found: 0, healthy nodes count inNodeManager: 5.
	at org.apache.hadoop.hdds.scm.pipeline.PipelinePlacementPolicy.filterViableNodes(PipelinePlacementPolicy.java:149)
	at org.apache.hadoop.hdds.scm.pipeline.PipelinePlacementPolicy.chooseDatanodes(PipelinePlacementPolicy.java:172)
	at org.apache.hadoop.hdds.scm.pipeline.RatisPipelineProvider.create(RatisPipelineProvider.java:92)
	at org.apache.hadoop.hdds.scm.pipeline.PipelineFactory.create(PipelineFactory.java:57)
	at org.apache.hadoop.hdds.scm.pipeline.SCMPipelineManager.createPipeline(SCMPipelineManager.java:149)
	at org.apache.hadoop.hdds.scm.block.BlockManagerImpl.allocateBlock(BlockManagerImpl.java:190)
	at org.apache.hadoop.hdds.scm.server.SCMBlockProtocolServer.allocateBlock(SCMBlockProtocolServer.java:175)
	at org.apache.hadoop.ozone.protocolPB.ScmBlockLocationProtocolServerSideTranslatorPB.allocateScmBlock(ScmBlockLocationProtocolServerSideTranslatorPB.java:153)
	at org.apache.hadoop.ozone.protocolPB.ScmBlockLocationProtocolServerSideTranslatorPB.send(ScmBlockLocationProtocolServerSideTranslatorPB.java:112)
	at org.apache.hadoop.hdds.protocol.proto.ScmBlockLocationProtocolProtos$ScmBlockLocationProtocolService$2.callBlockingMethod(ScmBlockLocationProtocolProtos.java:13157)
	at org.apache.hadoop.ipc.ProtobufRpcEngine$Server$ProtoBufRpcInvoker.call(ProtobufRpcEngine.java:524)
	at org.apache.hadoop.ipc.RPC$Server.call(RPC.java:1025)
	at org.apache.hadoop.ipc.Server$RpcCall.run(Server.java:876)
	at org.apache.hadoop.ipc.Server$RpcCall.run(Server.java:822)
	at java.security.AccessController.doPrivileged(Native Method)
	at javax.security.auth.Subject.doAs(Subject.java:422)
	at org.apache.hadoop.security.UserGroupInformation.doAs(UserGroupInformation.java:1730)
	at org.apache.hadoop.ipc.Server$Handler.run(Server.java:2682)
2019-09-20 08:51:09,259 [IPC Server handler 6 on 35288] INFO  block.BlockManagerImpl (BlockManagerImpl.java:allocateBlock(198)) - Could not find available pipeline of type:RATIS and factor:THREE even after retrying
2019-09-20 08:51:09,259 [IPC Server handler 6 on 35288] ERROR block.BlockManagerImpl (BlockManagerImpl.java:allocateBlock(222)) - Unable to allocate a block for the size: 4194304, type: RATIS, factor: THREE
2019-09-20 08:51:09,259 [IPC Server handler 6 on 35288] INFO  pipeline.PipelinePlacementPolicy (PipelinePlacementPolicy.java:meetCriteria(91)) - Pipeline Placement: Doesn't meet the criteria to be viable node： d183acf8-c1d4-40f7-ba5a-175455d3bd55 Heaviness: 6 limit: 5
2019-09-20 08:51:09,259 [IPC Server handler 6 on 35288] INFO  pipeline.PipelinePlacementPolicy (PipelinePlacementPolicy.java:meetCriteria(91)) - Pipeline Placement: Doesn't meet the criteria to be viable node： 2a6ce4d1-5069-4aeb-8b94-5f253cd23bfc Heaviness: 6 limit: 5
2019-09-20 08:51:09,261 [IPC Server handler 6 on 35288] INFO  pipeline.PipelinePlacementPolicy (PipelinePlacementPolicy.java:meetCriteria(91)) - Pipeline Placement: Doesn't meet the criteria to be viable node： 972eec63-801b-4789-a14a-664c049671ee Heaviness: 6 limit: 5
2019-09-20 08:51:09,262 [IPC Server handler 6 on 35288] INFO  pipeline.PipelinePlacementPolicy (PipelinePlacementPolicy.java:meetCriteria(91)) - Pipeline Placement: Doesn't meet the criteria to be viable node： 5e9b3ca5-d58f-427a-bd11-930d28ac57d8 Heaviness: 6 limit: 5
2019-09-20 08:51:09,262 [IPC Server handler 6 on 35288] INFO  pipeline.PipelinePlacementPolicy (PipelinePlacementPolicy.java:meetCriteria(91)) - Pipeline Placement: Doesn't meet the criteria to be viable node： 64119811-c299-4353-bef2-4f1f08694db1 Heaviness: 6 limit: 5
2019-09-20 08:51:09,262 [IPC Server handler 6 on 35288] ERROR pipeline.PipelinePlacementPolicy (PipelinePlacementPolicy.java:filterViableNodes(148)) - Unable to find enough nodes that meet the criteria that cannot engage in more than 5 pipelines. Nodes required: 3 Found: 0, healthy nodes count inNodeManager: 5.
2019-09-20 08:51:09,262 [IPC Server handler 6 on 35288] ERROR pipeline.SCMPipelineManager (SCMPipelineManager.java:createPipeline(161)) - Pipeline creation failed due to exception: Unable to find enough nodes that meet the criteria that cannot engage in more than 5 pipelines. Nodes required: 3 Found: 0, healthy nodes count inNodeManager: 5.
2019-09-20 08:51:09,262 [IPC Server handler 6 on 35288] WARN  block.BlockManagerImpl (BlockManagerImpl.java:allocateBlock(192)) - Pipeline creation failed for type:RATIS factor:THREE. Retrying get pipelines call once.
org.apache.hadoop.hdds.scm.exceptions.SCMException: Unable to find enough nodes that meet the criteria that cannot engage in more than 5 pipelines. Nodes required: 3 Found: 0, healthy nodes count inNodeManager: 5.
	at org.apache.hadoop.hdds.scm.pipeline.PipelinePlacementPolicy.filterViableNodes(PipelinePlacementPolicy.java:149)
	at org.apache.hadoop.hdds.scm.pipeline.PipelinePlacementPolicy.chooseDatanodes(PipelinePlacementPolicy.java:172)
	at org.apache.hadoop.hdds.scm.pipeline.RatisPipelineProvider.create(RatisPipelineProvider.java:92)
	at org.apache.hadoop.hdds.scm.pipeline.PipelineFactory.create(PipelineFactory.java:57)
	at org.apache.hadoop.hdds.scm.pipeline.SCMPipelineManager.createPipeline(SCMPipelineManager.java:149)
	at org.apache.hadoop.hdds.scm.block.BlockManagerImpl.allocateBlock(BlockManagerImpl.java:190)
	at org.apache.hadoop.hdds.scm.server.SCMBlockProtocolServer.allocateBlock(SCMBlockProtocolServer.java:175)
	at org.apache.hadoop.ozone.protocolPB.ScmBlockLocationProtocolServerSideTranslatorPB.allocateScmBlock(ScmBlockLocationProtocolServerSideTranslatorPB.java:153)
	at org.apache.hadoop.ozone.protocolPB.ScmBlockLocationProtocolServerSideTranslatorPB.send(ScmBlockLocationProtocolServerSideTranslatorPB.java:112)
	at org.apache.hadoop.hdds.protocol.proto.ScmBlockLocationProtocolProtos$ScmBlockLocationProtocolService$2.callBlockingMethod(ScmBlockLocationProtocolProtos.java:13157)
	at org.apache.hadoop.ipc.ProtobufRpcEngine$Server$ProtoBufRpcInvoker.call(ProtobufRpcEngine.java:524)
	at org.apache.hadoop.ipc.RPC$Server.call(RPC.java:1025)
	at org.apache.hadoop.ipc.Server$RpcCall.run(Server.java:876)
	at org.apache.hadoop.ipc.Server$RpcCall.run(Server.java:822)
	at java.security.AccessController.doPrivileged(Native Method)
	at javax.security.auth.Subject.doAs(Subject.java:422)
	at org.apache.hadoop.security.UserGroupInformation.doAs(UserGroupInformation.java:1730)
	at org.apache.hadoop.ipc.Server$Handler.run(Server.java:2682)
2019-09-20 08:51:09,262 [IPC Server handler 6 on 35288] INFO  block.BlockManagerImpl (BlockManagerImpl.java:allocateBlock(198)) - Could not find available pipeline of type:RATIS and factor:THREE even after retrying
2019-09-20 08:51:09,262 [IPC Server handler 6 on 35288] ERROR block.BlockManagerImpl (BlockManagerImpl.java:allocateBlock(222)) - Unable to allocate a block for the size: 4194304, type: RATIS, factor: THREE
2019-09-20 08:51:09,262 [IPC Server handler 6 on 35288] INFO  pipeline.PipelinePlacementPolicy (PipelinePlacementPolicy.java:meetCriteria(91)) - Pipeline Placement: Doesn't meet the criteria to be viable node： d183acf8-c1d4-40f7-ba5a-175455d3bd55 Heaviness: 6 limit: 5
2019-09-20 08:51:09,263 [IPC Server handler 6 on 35288] INFO  pipeline.PipelinePlacementPolicy (PipelinePlacementPolicy.java:meetCriteria(91)) - Pipeline Placement: Doesn't meet the criteria to be viable node： 2a6ce4d1-5069-4aeb-8b94-5f253cd23bfc Heaviness: 6 limit: 5
2019-09-20 08:51:09,263 [IPC Server handler 6 on 35288] INFO  pipeline.PipelinePlacementPolicy (PipelinePlacementPolicy.java:meetCriteria(91)) - Pipeline Placement: Doesn't meet the criteria to be viable node： 972eec63-801b-4789-a14a-664c049671ee Heaviness: 6 limit: 5
2019-09-20 08:51:09,263 [IPC Server handler 6 on 35288] INFO  pipeline.PipelinePlacementPolicy (PipelinePlacementPolicy.java:meetCriteria(91)) - Pipeline Placement: Doesn't meet the criteria to be viable node： 5e9b3ca5-d58f-427a-bd11-930d28ac57d8 Heaviness: 6 limit: 5
2019-09-20 08:51:09,263 [IPC Server handler 6 on 35288] INFO  pipeline.PipelinePlacementPolicy (PipelinePlacementPolicy.java:meetCriteria(91)) - Pipeline Placement: Doesn't meet the criteria to be viable node： 64119811-c299-4353-bef2-4f1f08694db1 Heaviness: 6 limit: 5
2019-09-20 08:51:09,263 [IPC Server handler 6 on 35288] ERROR pipeline.PipelinePlacementPolicy (PipelinePlacementPolicy.java:filterViableNodes(148)) - Unable to find enough nodes that meet the criteria that cannot engage in more than 5 pipelines. Nodes required: 3 Found: 0, healthy nodes count inNodeManager: 5.
2019-09-20 08:51:09,263 [IPC Server handler 6 on 35288] ERROR pipeline.SCMPipelineManager (SCMPipelineManager.java:createPipeline(161)) - Pipeline creation failed due to exception: Unable to find enough nodes that meet the criteria that cannot engage in more than 5 pipelines. Nodes required: 3 Found: 0, healthy nodes count inNodeManager: 5.
2019-09-20 08:51:09,263 [IPC Server handler 6 on 35288] WARN  block.BlockManagerImpl (BlockManagerImpl.java:allocateBlock(192)) - Pipeline creation failed for type:RATIS factor:THREE. Retrying get pipelines call once.
org.apache.hadoop.hdds.scm.exceptions.SCMException: Unable to find enough nodes that meet the criteria that cannot engage in more than 5 pipelines. Nodes required: 3 Found: 0, healthy nodes count inNodeManager: 5.
	at org.apache.hadoop.hdds.scm.pipeline.PipelinePlacementPolicy.filterViableNodes(PipelinePlacementPolicy.java:149)
	at org.apache.hadoop.hdds.scm.pipeline.PipelinePlacementPolicy.chooseDatanodes(PipelinePlacementPolicy.java:172)
	at org.apache.hadoop.hdds.scm.pipeline.RatisPipelineProvider.create(RatisPipelineProvider.java:92)
	at org.apache.hadoop.hdds.scm.pipeline.PipelineFactory.create(PipelineFactory.java:57)
	at org.apache.hadoop.hdds.scm.pipeline.SCMPipelineManager.createPipeline(SCMPipelineManager.java:149)
	at org.apache.hadoop.hdds.scm.block.BlockManagerImpl.allocateBlock(BlockManagerImpl.java:190)
	at org.apache.hadoop.hdds.scm.server.SCMBlockProtocolServer.allocateBlock(SCMBlockProtocolServer.java:175)
	at org.apache.hadoop.ozone.protocolPB.ScmBlockLocationProtocolServerSideTranslatorPB.allocateScmBlock(ScmBlockLocationProtocolServerSideTranslatorPB.java:153)
	at org.apache.hadoop.ozone.protocolPB.ScmBlockLocationProtocolServerSideTranslatorPB.send(ScmBlockLocationProtocolServerSideTranslatorPB.java:112)
	at org.apache.hadoop.hdds.protocol.proto.ScmBlockLocationProtocolProtos$ScmBlockLocationProtocolService$2.callBlockingMethod(ScmBlockLocationProtocolProtos.java:13157)
	at org.apache.hadoop.ipc.ProtobufRpcEngine$Server$ProtoBufRpcInvoker.call(ProtobufRpcEngine.java:524)
	at org.apache.hadoop.ipc.RPC$Server.call(RPC.java:1025)
	at org.apache.hadoop.ipc.Server$RpcCall.run(Server.java:876)
	at org.apache.hadoop.ipc.Server$RpcCall.run(Server.java:822)
	at java.security.AccessController.doPrivileged(Native Method)
	at javax.security.auth.Subject.doAs(Subject.java:422)
	at org.apache.hadoop.security.UserGroupInformation.doAs(UserGroupInformation.java:1730)
	at org.apache.hadoop.ipc.Server$Handler.run(Server.java:2682)
2019-09-20 08:51:09,263 [IPC Server handler 6 on 35288] INFO  block.BlockManagerImpl (BlockManagerImpl.java:allocateBlock(198)) - Could not find available pipeline of type:RATIS and factor:THREE even after retrying
2019-09-20 08:51:09,264 [IPC Server handler 6 on 35288] ERROR block.BlockManagerImpl (BlockManagerImpl.java:allocateBlock(222)) - Unable to allocate a block for the size: 4194304, type: RATIS, factor: THREE
2019-09-20 08:51:09,264 [IPC Server handler 6 on 35288] INFO  pipeline.PipelinePlacementPolicy (PipelinePlacementPolicy.java:meetCriteria(91)) - Pipeline Placement: Doesn't meet the criteria to be viable node： d183acf8-c1d4-40f7-ba5a-175455d3bd55 Heaviness: 6 limit: 5
2019-09-20 08:51:09,264 [IPC Server handler 6 on 35288] INFO  pipeline.PipelinePlacementPolicy (PipelinePlacementPolicy.java:meetCriteria(91)) - Pipeline Placement: Doesn't meet the criteria to be viable node： 2a6ce4d1-5069-4aeb-8b94-5f253cd23bfc Heaviness: 6 limit: 5
2019-09-20 08:51:09,264 [IPC Server handler 6 on 35288] INFO  pipeline.PipelinePlacementPolicy (PipelinePlacementPolicy.java:meetCriteria(91)) - Pipeline Placement: Doesn't meet the criteria to be viable node： 972eec63-801b-4789-a14a-664c049671ee Heaviness: 6 limit: 5
2019-09-20 08:51:09,264 [IPC Server handler 6 on 35288] INFO  pipeline.PipelinePlacementPolicy (PipelinePlacementPolicy.java:meetCriteria(91)) - Pipeline Placement: Doesn't meet the criteria to be viable node： 5e9b3ca5-d58f-427a-bd11-930d28ac57d8 Heaviness: 6 limit: 5
2019-09-20 08:51:09,264 [IPC Server handler 6 on 35288] INFO  pipeline.PipelinePlacementPolicy (PipelinePlacementPolicy.java:meetCriteria(91)) - Pipeline Placement: Doesn't meet the criteria to be viable node： 64119811-c299-4353-bef2-4f1f08694db1 Heaviness: 6 limit: 5
2019-09-20 08:51:09,264 [IPC Server handler 6 on 35288] ERROR pipeline.PipelinePlacementPolicy (PipelinePlacementPolicy.java:filterViableNodes(148)) - Unable to find enough nodes that meet the criteria that cannot engage in more than 5 pipelines. Nodes required: 3 Found: 0, healthy nodes count inNodeManager: 5.
2019-09-20 08:51:09,264 [IPC Server handler 6 on 35288] ERROR pipeline.SCMPipelineManager (SCMPipelineManager.java:createPipeline(161)) - Pipeline creation failed due to exception: Unable to find enough nodes that meet the criteria that cannot engage in more than 5 pipelines. Nodes required: 3 Found: 0, healthy nodes count inNodeManager: 5.
2019-09-20 08:51:09,264 [IPC Server handler 6 on 35288] WARN  block.BlockManagerImpl (BlockManagerImpl.java:allocateBlock(192)) - Pipeline creation failed for type:RATIS factor:THREE. Retrying get pipelines call once.
org.apache.hadoop.hdds.scm.exceptions.SCMException: Unable to find enough nodes that meet the criteria that cannot engage in more than 5 pipelines. Nodes required: 3 Found: 0, healthy nodes count inNodeManager: 5.
	at org.apache.hadoop.hdds.scm.pipeline.PipelinePlacementPolicy.filterViableNodes(PipelinePlacementPolicy.java:149)
	at org.apache.hadoop.hdds.scm.pipeline.PipelinePlacementPolicy.chooseDatanodes(PipelinePlacementPolicy.java:172)
	at org.apache.hadoop.hdds.scm.pipeline.RatisPipelineProvider.create(RatisPipelineProvider.java:92)
	at org.apache.hadoop.hdds.scm.pipeline.PipelineFactory.create(PipelineFactory.java:57)
	at org.apache.hadoop.hdds.scm.pipeline.SCMPipelineManager.createPipeline(SCMPipelineManager.java:149)
	at org.apache.hadoop.hdds.scm.block.BlockManagerImpl.allocateBlock(BlockManagerImpl.java:190)
	at org.apache.hadoop.hdds.scm.server.SCMBlockProtocolServer.allocateBlock(SCMBlockProtocolServer.java:175)
	at org.apache.hadoop.ozone.protocolPB.ScmBlockLocationProtocolServerSideTranslatorPB.allocateScmBlock(ScmBlockLocationProtocolServerSideTranslatorPB.java:153)
	at org.apache.hadoop.ozone.protocolPB.ScmBlockLocationProtocolServerSideTranslatorPB.send(ScmBlockLocationProtocolServerSideTranslatorPB.java:112)
	at org.apache.hadoop.hdds.protocol.proto.ScmBlockLocationProtocolProtos$ScmBlockLocationProtocolService$2.callBlockingMethod(ScmBlockLocationProtocolProtos.java:13157)
	at org.apache.hadoop.ipc.ProtobufRpcEngine$Server$ProtoBufRpcInvoker.call(ProtobufRpcEngine.java:524)
	at org.apache.hadoop.ipc.RPC$Server.call(RPC.java:1025)
	at org.apache.hadoop.ipc.Server$RpcCall.run(Server.java:876)
	at org.apache.hadoop.ipc.Server$RpcCall.run(Server.java:822)
	at java.security.AccessController.doPrivileged(Native Method)
	at javax.security.auth.Subject.doAs(Subject.java:422)
	at org.apache.hadoop.security.UserGroupInformation.doAs(UserGroupInformation.java:1730)
	at org.apache.hadoop.ipc.Server$Handler.run(Server.java:2682)
2019-09-20 08:51:09,265 [IPC Server handler 6 on 35288] INFO  block.BlockManagerImpl (BlockManagerImpl.java:allocateBlock(198)) - Could not find available pipeline of type:RATIS and factor:THREE even after retrying
2019-09-20 08:51:09,265 [IPC Server handler 6 on 35288] ERROR block.BlockManagerImpl (BlockManagerImpl.java:allocateBlock(222)) - Unable to allocate a block for the size: 4194304, type: RATIS, factor: THREE
2019-09-20 08:51:09,265 [IPC Server handler 6 on 35288] INFO  pipeline.PipelinePlacementPolicy (PipelinePlacementPolicy.java:meetCriteria(91)) - Pipeline Placement: Doesn't meet the criteria to be viable node： d183acf8-c1d4-40f7-ba5a-175455d3bd55 Heaviness: 6 limit: 5
2019-09-20 08:51:09,265 [IPC Server handler 6 on 35288] INFO  pipeline.PipelinePlacementPolicy (PipelinePlacementPolicy.java:meetCriteria(91)) - Pipeline Placement: Doesn't meet the criteria to be viable node： 2a6ce4d1-5069-4aeb-8b94-5f253cd23bfc Heaviness: 6 limit: 5
2019-09-20 08:51:09,265 [IPC Server handler 6 on 35288] INFO  pipeline.PipelinePlacementPolicy (PipelinePlacementPolicy.java:meetCriteria(91)) - Pipeline Placement: Doesn't meet the criteria to be viable node： 972eec63-801b-4789-a14a-664c049671ee Heaviness: 6 limit: 5
2019-09-20 08:51:09,265 [IPC Server handler 6 on 35288] INFO  pipeline.PipelinePlacementPolicy (PipelinePlacementPolicy.java:meetCriteria(91)) - Pipeline Placement: Doesn't meet the criteria to be viable node： 5e9b3ca5-d58f-427a-bd11-930d28ac57d8 Heaviness: 6 limit: 5
2019-09-20 08:51:09,265 [IPC Server handler 6 on 35288] INFO  pipeline.PipelinePlacementPolicy (PipelinePlacementPolicy.java:meetCriteria(91)) - Pipeline Placement: Doesn't meet the criteria to be viable node： 64119811-c299-4353-bef2-4f1f08694db1 Heaviness: 6 limit: 5
2019-09-20 08:51:09,265 [IPC Server handler 6 on 35288] ERROR pipeline.PipelinePlacementPolicy (PipelinePlacementPolicy.java:filterViableNodes(148)) - Unable to find enough nodes that meet the criteria that cannot engage in more than 5 pipelines. Nodes required: 3 Found: 0, healthy nodes count inNodeManager: 5.
2019-09-20 08:51:09,266 [IPC Server handler 6 on 35288] ERROR pipeline.SCMPipelineManager (SCMPipelineManager.java:createPipeline(161)) - Pipeline creation failed due to exception: Unable to find enough nodes that meet the criteria that cannot engage in more than 5 pipelines. Nodes required: 3 Found: 0, healthy nodes count inNodeManager: 5.
2019-09-20 08:51:09,266 [IPC Server handler 6 on 35288] WARN  block.BlockManagerImpl (BlockManagerImpl.java:allocateBlock(192)) - Pipeline creation failed for type:RATIS factor:THREE. Retrying get pipelines call once.
org.apache.hadoop.hdds.scm.exceptions.SCMException: Unable to find enough nodes that meet the criteria that cannot engage in more than 5 pipelines. Nodes required: 3 Found: 0, healthy nodes count inNodeManager: 5.
	at org.apache.hadoop.hdds.scm.pipeline.PipelinePlacementPolicy.filterViableNodes(PipelinePlacementPolicy.java:149)
	at org.apache.hadoop.hdds.scm.pipeline.PipelinePlacementPolicy.chooseDatanodes(PipelinePlacementPolicy.java:172)
	at org.apache.hadoop.hdds.scm.pipeline.RatisPipelineProvider.create(RatisPipelineProvider.java:92)
	at org.apache.hadoop.hdds.scm.pipeline.PipelineFactory.create(PipelineFactory.java:57)
	at org.apache.hadoop.hdds.scm.pipeline.SCMPipelineManager.createPipeline(SCMPipelineManager.java:149)
	at org.apache.hadoop.hdds.scm.block.BlockManagerImpl.allocateBlock(BlockManagerImpl.java:190)
	at org.apache.hadoop.hdds.scm.server.SCMBlockProtocolServer.allocateBlock(SCMBlockProtocolServer.java:175)
	at org.apache.hadoop.ozone.protocolPB.ScmBlockLocationProtocolServerSideTranslatorPB.allocateScmBlock(ScmBlockLocationProtocolServerSideTranslatorPB.java:153)
	at org.apache.hadoop.ozone.protocolPB.ScmBlockLocationProtocolServerSideTranslatorPB.send(ScmBlockLocationProtocolServerSideTranslatorPB.java:112)
	at org.apache.hadoop.hdds.protocol.proto.ScmBlockLocationProtocolProtos$ScmBlockLocationProtocolService$2.callBlockingMethod(ScmBlockLocationProtocolProtos.java:13157)
	at org.apache.hadoop.ipc.ProtobufRpcEngine$Server$ProtoBufRpcInvoker.call(ProtobufRpcEngine.java:524)
	at org.apache.hadoop.ipc.RPC$Server.call(RPC.java:1025)
	at org.apache.hadoop.ipc.Server$RpcCall.run(Server.java:876)
	at org.apache.hadoop.ipc.Server$RpcCall.run(Server.java:822)
	at java.security.AccessController.doPrivileged(Native Method)
	at javax.security.auth.Subject.doAs(Subject.java:422)
	at org.apache.hadoop.security.UserGroupInformation.doAs(UserGroupInformation.java:1730)
	at org.apache.hadoop.ipc.Server$Handler.run(Server.java:2682)
2019-09-20 08:51:09,266 [IPC Server handler 6 on 35288] INFO  block.BlockManagerImpl (BlockManagerImpl.java:allocateBlock(198)) - Could not find available pipeline of type:RATIS and factor:THREE even after retrying
2019-09-20 08:51:09,266 [IPC Server handler 6 on 35288] ERROR block.BlockManagerImpl (BlockManagerImpl.java:allocateBlock(222)) - Unable to allocate a block for the size: 4194304, type: RATIS, factor: THREE
2019-09-20 08:51:09,266 [IPC Server handler 6 on 35288] INFO  pipeline.PipelinePlacementPolicy (PipelinePlacementPolicy.java:meetCriteria(91)) - Pipeline Placement: Doesn't meet the criteria to be viable node： d183acf8-c1d4-40f7-ba5a-175455d3bd55 Heaviness: 6 limit: 5
2019-09-20 08:51:09,266 [IPC Server handler 6 on 35288] INFO  pipeline.PipelinePlacementPolicy (PipelinePlacementPolicy.java:meetCriteria(91)) - Pipeline Placement: Doesn't meet the criteria to be viable node： 2a6ce4d1-5069-4aeb-8b94-5f253cd23bfc Heaviness: 6 limit: 5
2019-09-20 08:51:09,266 [IPC Server handler 6 on 35288] INFO  pipeline.PipelinePlacementPolicy (PipelinePlacementPolicy.java:meetCriteria(91)) - Pipeline Placement: Doesn't meet the criteria to be viable node： 972eec63-801b-4789-a14a-664c049671ee Heaviness: 6 limit: 5
2019-09-20 08:51:09,266 [IPC Server handler 6 on 35288] INFO  pipeline.PipelinePlacementPolicy (PipelinePlacementPolicy.java:meetCriteria(91)) - Pipeline Placement: Doesn't meet the criteria to be viable node： 5e9b3ca5-d58f-427a-bd11-930d28ac57d8 Heaviness: 6 limit: 5
2019-09-20 08:51:09,266 [IPC Server handler 6 on 35288] INFO  pipeline.PipelinePlacementPolicy (PipelinePlacementPolicy.java:meetCriteria(91)) - Pipeline Placement: Doesn't meet the criteria to be viable node： 64119811-c299-4353-bef2-4f1f08694db1 Heaviness: 6 limit: 5
2019-09-20 08:51:09,267 [IPC Server handler 6 on 35288] ERROR pipeline.PipelinePlacementPolicy (PipelinePlacementPolicy.java:filterViableNodes(148)) - Unable to find enough nodes that meet the criteria that cannot engage in more than 5 pipelines. Nodes required: 3 Found: 0, healthy nodes count inNodeManager: 5.
2019-09-20 08:51:09,267 [IPC Server handler 6 on 35288] ERROR pipeline.SCMPipelineManager (SCMPipelineManager.java:createPipeline(161)) - Pipeline creation failed due to exception: Unable to find enough nodes that meet the criteria that cannot engage in more than 5 pipelines. Nodes required: 3 Found: 0, healthy nodes count inNodeManager: 5.
2019-09-20 08:51:09,267 [IPC Server handler 6 on 35288] WARN  block.BlockManagerImpl (BlockManagerImpl.java:allocateBlock(192)) - Pipeline creation failed for type:RATIS factor:THREE. Retrying get pipelines call once.
org.apache.hadoop.hdds.scm.exceptions.SCMException: Unable to find enough nodes that meet the criteria that cannot engage in more than 5 pipelines. Nodes required: 3 Found: 0, healthy nodes count inNodeManager: 5.
	at org.apache.hadoop.hdds.scm.pipeline.PipelinePlacementPolicy.filterViableNodes(PipelinePlacementPolicy.java:149)
	at org.apache.hadoop.hdds.scm.pipeline.PipelinePlacementPolicy.chooseDatanodes(PipelinePlacementPolicy.java:172)
	at org.apache.hadoop.hdds.scm.pipeline.RatisPipelineProvider.create(RatisPipelineProvider.java:92)
	at org.apache.hadoop.hdds.scm.pipeline.PipelineFactory.create(PipelineFactory.java:57)
	at org.apache.hadoop.hdds.scm.pipeline.SCMPipelineManager.createPipeline(SCMPipelineManager.java:149)
	at org.apache.hadoop.hdds.scm.block.BlockManagerImpl.allocateBlock(BlockManagerImpl.java:190)
	at org.apache.hadoop.hdds.scm.server.SCMBlockProtocolServer.allocateBlock(SCMBlockProtocolServer.java:175)
	at org.apache.hadoop.ozone.protocolPB.ScmBlockLocationProtocolServerSideTranslatorPB.allocateScmBlock(ScmBlockLocationProtocolServerSideTranslatorPB.java:153)
	at org.apache.hadoop.ozone.protocolPB.ScmBlockLocationProtocolServerSideTranslatorPB.send(ScmBlockLocationProtocolServerSideTranslatorPB.java:112)
	at org.apache.hadoop.hdds.protocol.proto.ScmBlockLocationProtocolProtos$ScmBlockLocationProtocolService$2.callBlockingMethod(ScmBlockLocationProtocolProtos.java:13157)
	at org.apache.hadoop.ipc.ProtobufRpcEngine$Server$ProtoBufRpcInvoker.call(ProtobufRpcEngine.java:524)
	at org.apache.hadoop.ipc.RPC$Server.call(RPC.java:1025)
	at org.apache.hadoop.ipc.Server$RpcCall.run(Server.java:876)
	at org.apache.hadoop.ipc.Server$RpcCall.run(Server.java:822)
	at java.security.AccessController.doPrivileged(Native Method)
	at javax.security.auth.Subject.doAs(Subject.java:422)
	at org.apache.hadoop.security.UserGroupInformation.doAs(UserGroupInformation.java:1730)
	at org.apache.hadoop.ipc.Server$Handler.run(Server.java:2682)
2019-09-20 08:51:09,267 [IPC Server handler 6 on 35288] INFO  block.BlockManagerImpl (BlockManagerImpl.java:allocateBlock(198)) - Could not find available pipeline of type:RATIS and factor:THREE even after retrying
2019-09-20 08:51:09,267 [IPC Server handler 6 on 35288] ERROR block.BlockManagerImpl (BlockManagerImpl.java:allocateBlock(222)) - Unable to allocate a block for the size: 4194304, type: RATIS, factor: THREE
2019-09-20 08:51:09,267 [IPC Server handler 6 on 35288] INFO  pipeline.PipelinePlacementPolicy (PipelinePlacementPolicy.java:meetCriteria(91)) - Pipeline Placement: Doesn't meet the criteria to be viable node： d183acf8-c1d4-40f7-ba5a-175455d3bd55 Heaviness: 6 limit: 5
2019-09-20 08:51:09,267 [IPC Server handler 6 on 35288] INFO  pipeline.PipelinePlacementPolicy (PipelinePlacementPolicy.java:meetCriteria(91)) - Pipeline Placement: Doesn't meet the criteria to be viable node： 2a6ce4d1-5069-4aeb-8b94-5f253cd23bfc Heaviness: 6 limit: 5
2019-09-20 08:51:09,267 [IPC Server handler 6 on 35288] INFO  pipeline.PipelinePlacementPolicy (PipelinePlacementPolicy.java:meetCriteria(91)) - Pipeline Placement: Doesn't meet the criteria to be viable node： 972eec63-801b-4789-a14a-664c049671ee Heaviness: 6 limit: 5
2019-09-20 08:51:09,268 [IPC Server handler 6 on 35288] INFO  pipeline.PipelinePlacementPolicy (PipelinePlacementPolicy.java:meetCriteria(91)) - Pipeline Placement: Doesn't meet the criteria to be viable node： 5e9b3ca5-d58f-427a-bd11-930d28ac57d8 Heaviness: 6 limit: 5
2019-09-20 08:51:09,268 [IPC Server handler 6 on 35288] INFO  pipeline.PipelinePlacementPolicy (PipelinePlacementPolicy.java:meetCriteria(91)) - Pipeline Placement: Doesn't meet the criteria to be viable node： 64119811-c299-4353-bef2-4f1f08694db1 Heaviness: 6 limit: 5
2019-09-20 08:51:09,268 [IPC Server handler 6 on 35288] ERROR pipeline.PipelinePlacementPolicy (PipelinePlacementPolicy.java:filterViableNodes(148)) - Unable to find enough nodes that meet the criteria that cannot engage in more than 5 pipelines. Nodes required: 3 Found: 0, healthy nodes count inNodeManager: 5.
2019-09-20 08:51:09,268 [IPC Server handler 6 on 35288] ERROR pipeline.SCMPipelineManager (SCMPipelineManager.java:createPipeline(161)) - Pipeline creation failed due to exception: Unable to find enough nodes that meet the criteria that cannot engage in more than 5 pipelines. Nodes required: 3 Found: 0, healthy nodes count inNodeManager: 5.
2019-09-20 08:51:09,268 [IPC Server handler 6 on 35288] WARN  block.BlockManagerImpl (BlockManagerImpl.java:allocateBlock(192)) - Pipeline creation failed for type:RATIS factor:THREE. Retrying get pipelines call once.
org.apache.hadoop.hdds.scm.exceptions.SCMException: Unable to find enough nodes that meet the criteria that cannot engage in more than 5 pipelines. Nodes required: 3 Found: 0, healthy nodes count inNodeManager: 5.
	at org.apache.hadoop.hdds.scm.pipeline.PipelinePlacementPolicy.filterViableNodes(PipelinePlacementPolicy.java:149)
	at org.apache.hadoop.hdds.scm.pipeline.PipelinePlacementPolicy.chooseDatanodes(PipelinePlacementPolicy.java:172)
	at org.apache.hadoop.hdds.scm.pipeline.RatisPipelineProvider.create(RatisPipelineProvider.java:92)
	at org.apache.hadoop.hdds.scm.pipeline.PipelineFactory.create(PipelineFactory.java:57)
	at org.apache.hadoop.hdds.scm.pipeline.SCMPipelineManager.createPipeline(SCMPipelineManager.java:149)
	at org.apache.hadoop.hdds.scm.block.BlockManagerImpl.allocateBlock(BlockManagerImpl.java:190)
	at org.apache.hadoop.hdds.scm.server.SCMBlockProtocolServer.allocateBlock(SCMBlockProtocolServer.java:175)
	at org.apache.hadoop.ozone.protocolPB.ScmBlockLocationProtocolServerSideTranslatorPB.allocateScmBlock(ScmBlockLocationProtocolServerSideTranslatorPB.java:153)
	at org.apache.hadoop.ozone.protocolPB.ScmBlockLocationProtocolServerSideTranslatorPB.send(ScmBlockLocationProtocolServerSideTranslatorPB.java:112)
	at org.apache.hadoop.hdds.protocol.proto.ScmBlockLocationProtocolProtos$ScmBlockLocationProtocolService$2.callBlockingMethod(ScmBlockLocationProtocolProtos.java:13157)
	at org.apache.hadoop.ipc.ProtobufRpcEngine$Server$ProtoBufRpcInvoker.call(ProtobufRpcEngine.java:524)
	at org.apache.hadoop.ipc.RPC$Server.call(RPC.java:1025)
	at org.apache.hadoop.ipc.Server$RpcCall.run(Server.java:876)
	at org.apache.hadoop.ipc.Server$RpcCall.run(Server.java:822)
	at java.security.AccessController.doPrivileged(Native Method)
	at javax.security.auth.Subject.doAs(Subject.java:422)
	at org.apache.hadoop.security.UserGroupInformation.doAs(UserGroupInformation.java:1730)
	at org.apache.hadoop.ipc.Server$Handler.run(Server.java:2682)
2019-09-20 08:51:09,268 [IPC Server handler 6 on 35288] INFO  block.BlockManagerImpl (BlockManagerImpl.java:allocateBlock(198)) - Could not find available pipeline of type:RATIS and factor:THREE even after retrying
2019-09-20 08:51:09,268 [IPC Server handler 6 on 35288] ERROR block.BlockManagerImpl (BlockManagerImpl.java:allocateBlock(222)) - Unable to allocate a block for the size: 4194304, type: RATIS, factor: THREE
2019-09-20 08:51:09,268 [IPC Server handler 6 on 35288] INFO  pipeline.PipelinePlacementPolicy (PipelinePlacementPolicy.java:meetCriteria(91)) - Pipeline Placement: Doesn't meet the criteria to be viable node： d183acf8-c1d4-40f7-ba5a-175455d3bd55 Heaviness: 6 limit: 5
2019-09-20 08:51:09,268 [IPC Server handler 6 on 35288] INFO  pipeline.PipelinePlacementPolicy (PipelinePlacementPolicy.java:meetCriteria(91)) - Pipeline Placement: Doesn't meet the criteria to be viable node： 2a6ce4d1-5069-4aeb-8b94-5f253cd23bfc Heaviness: 6 limit: 5
2019-09-20 08:51:09,269 [IPC Server handler 6 on 35288] INFO  pipeline.PipelinePlacementPolicy (PipelinePlacementPolicy.java:meetCriteria(91)) - Pipeline Placement: Doesn't meet the criteria to be viable node： 972eec63-801b-4789-a14a-664c049671ee Heaviness: 6 limit: 5
2019-09-20 08:51:09,269 [IPC Server handler 6 on 35288] INFO  pipeline.PipelinePlacementPolicy (PipelinePlacementPolicy.java:meetCriteria(91)) - Pipeline Placement: Doesn't meet the criteria to be viable node： 5e9b3ca5-d58f-427a-bd11-930d28ac57d8 Heaviness: 6 limit: 5
2019-09-20 08:51:09,269 [IPC Server handler 6 on 35288] INFO  pipeline.PipelinePlacementPolicy (PipelinePlacementPolicy.java:meetCriteria(91)) - Pipeline Placement: Doesn't meet the criteria to be viable node： 64119811-c299-4353-bef2-4f1f08694db1 Heaviness: 6 limit: 5
2019-09-20 08:51:09,269 [IPC Server handler 6 on 35288] ERROR pipeline.PipelinePlacementPolicy (PipelinePlacementPolicy.java:filterViableNodes(148)) - Unable to find enough nodes that meet the criteria that cannot engage in more than 5 pipelines. Nodes required: 3 Found: 0, healthy nodes count inNodeManager: 5.
2019-09-20 08:51:09,269 [IPC Server handler 6 on 35288] ERROR pipeline.SCMPipelineManager (SCMPipelineManager.java:createPipeline(161)) - Pipeline creation failed due to exception: Unable to find enough nodes that meet the criteria that cannot engage in more than 5 pipelines. Nodes required: 3 Found: 0, healthy nodes count inNodeManager: 5.
2019-09-20 08:51:09,269 [IPC Server handler 6 on 35288] WARN  block.BlockManagerImpl (BlockManagerImpl.java:allocateBlock(192)) - Pipeline creation failed for type:RATIS factor:THREE. Retrying get pipelines call once.
org.apache.hadoop.hdds.scm.exceptions.SCMException: Unable to find enough nodes that meet the criteria that cannot engage in more than 5 pipelines. Nodes required: 3 Found: 0, healthy nodes count inNodeManager: 5.
	at org.apache.hadoop.hdds.scm.pipeline.PipelinePlacementPolicy.filterViableNodes(PipelinePlacementPolicy.java:149)
	at org.apache.hadoop.hdds.scm.pipeline.PipelinePlacementPolicy.chooseDatanodes(PipelinePlacementPolicy.java:172)
	at org.apache.hadoop.hdds.scm.pipeline.RatisPipelineProvider.create(RatisPipelineProvider.java:92)
	at org.apache.hadoop.hdds.scm.pipeline.PipelineFactory.create(PipelineFactory.java:57)
	at org.apache.hadoop.hdds.scm.pipeline.SCMPipelineManager.createPipeline(SCMPipelineManager.java:149)
	at org.apache.hadoop.hdds.scm.block.BlockManagerImpl.allocateBlock(BlockManagerImpl.java:190)
	at org.apache.hadoop.hdds.scm.server.SCMBlockProtocolServer.allocateBlock(SCMBlockProtocolServer.java:175)
	at org.apache.hadoop.ozone.protocolPB.ScmBlockLocationProtocolServerSideTranslatorPB.allocateScmBlock(ScmBlockLocationProtocolServerSideTranslatorPB.java:153)
	at org.apache.hadoop.ozone.protocolPB.ScmBlockLocationProtocolServerSideTranslatorPB.send(ScmBlockLocationProtocolServerSideTranslatorPB.java:112)
	at org.apache.hadoop.hdds.protocol.proto.ScmBlockLocationProtocolProtos$ScmBlockLocationProtocolService$2.callBlockingMethod(ScmBlockLocationProtocolProtos.java:13157)
	at org.apache.hadoop.ipc.ProtobufRpcEngine$Server$ProtoBufRpcInvoker.call(ProtobufRpcEngine.java:524)
	at org.apache.hadoop.ipc.RPC$Server.call(RPC.java:1025)
	at org.apache.hadoop.ipc.Server$RpcCall.run(Server.java:876)
	at org.apache.hadoop.ipc.Server$RpcCall.run(Server.java:822)
	at java.security.AccessController.doPrivileged(Native Method)
	at javax.security.auth.Subject.doAs(Subject.java:422)
	at org.apache.hadoop.security.UserGroupInformation.doAs(UserGroupInformation.java:1730)
	at org.apache.hadoop.ipc.Server$Handler.run(Server.java:2682)
2019-09-20 08:51:09,269 [IPC Server handler 6 on 35288] INFO  block.BlockManagerImpl (BlockManagerImpl.java:allocateBlock(198)) - Could not find available pipeline of type:RATIS and factor:THREE even after retrying
2019-09-20 08:51:09,269 [IPC Server handler 6 on 35288] ERROR block.BlockManagerImpl (BlockManagerImpl.java:allocateBlock(222)) - Unable to allocate a block for the size: 4194304, type: RATIS, factor: THREE
2019-09-20 08:51:09,270 | INFO  | SCMAudit | user=jenkins1000 | ip=192.168.36.79 | op=ALLOCATE_BLOCK {owner=de213d33-d5bc-4e32-9ee1-d102376c7a7f, size=4194304, type=RATIS, factor=THREE} | ret=SUCCESS |  
2019-09-20 08:51:09,270 | ERROR | OMAudit | user=jenkins1000 | ip=127.0.0.1 | op=ALLOCATE_KEY {volume=vol-0-27972, bucket=bucket-0-27108, key=key-0-07784, dataSize=2147483657, replicationType=RATIS, replicationFactor=THREE, keyLocationInfo=null} | ret=FAILURE | org.apache.hadoop.hdds.scm.exceptions.SCMException: Allocated 0 blocks. Requested 64 blocks
	at org.apache.hadoop.hdds.scm.protocolPB.ScmBlockLocationProtocolClientSideTranslatorPB.handleError(ScmBlockLocationProtocolClientSideTranslatorPB.java:118)
	at org.apache.hadoop.hdds.scm.protocolPB.ScmBlockLocationProtocolClientSideTranslatorPB.allocateBlock(ScmBlockLocationProtocolClientSideTranslatorPB.java:156) 
2019-09-20 08:51:09,272 [pool-81-thread-1] ERROR freon.RandomKeyGenerator (RandomKeyGenerator.java:createKey(724)) - Exception while adding key: key-0-07784 in bucket: bucket-0-27108 of volume: vol-0-27972.
INTERNAL_ERROR org.apache.hadoop.ozone.om.exceptions.OMException: Allocated 0 blocks. Requested 64 blocks
	at org.apache.hadoop.ozone.om.protocolPB.OzoneManagerProtocolClientSideTranslatorPB.handleError(OzoneManagerProtocolClientSideTranslatorPB.java:725)
	at org.apache.hadoop.ozone.om.protocolPB.OzoneManagerProtocolClientSideTranslatorPB.openKey(OzoneManagerProtocolClientSideTranslatorPB.java:716)
	at org.apache.hadoop.ozone.client.rpc.RpcClient.createKey(RpcClient.java:615)
	at org.apache.hadoop.ozone.client.OzoneBucket.createKey(OzoneBucket.java:323)
	at org.apache.hadoop.ozone.freon.RandomKeyGenerator.createKey(RandomKeyGenerator.java:686)
	at org.apache.hadoop.ozone.freon.RandomKeyGenerator.access$1100(RandomKeyGenerator.java:87)
	at org.apache.hadoop.ozone.freon.RandomKeyGenerator$ObjectCreator.run(RandomKeyGenerator.java:606)
	at java.util.concurrent.Executors$RunnableAdapter.call(Executors.java:511)
	at java.util.concurrent.FutureTask.run(FutureTask.java:266)
	at java.util.concurrent.ThreadPoolExecutor.runWorker(ThreadPoolExecutor.java:1149)
	at java.util.concurrent.ThreadPoolExecutor$Worker.run(ThreadPoolExecutor.java:624)
	at java.lang.Thread.run(Thread.java:748)
2019-09-20 08:51:09,852 | INFO  | SCMAudit | user=jenkins1000 | ip=192.168.36.79 | op=SEND_HEARTBEAT {datanodeUUID=d183acf8-c1d4-40f7-ba5a-175455d3bd55, command=[]} | ret=SUCCESS |  
2019-09-20 08:51:09,854 | INFO  | SCMAudit | user=jenkins1000 | ip=192.168.36.79 | op=SEND_HEARTBEAT {datanodeUUID=5e9b3ca5-d58f-427a-bd11-930d28ac57d8, command=[]} | ret=SUCCESS |  
2019-09-20 08:51:09,948 | INFO  | SCMAudit | user=jenkins1000 | ip=192.168.36.79 | op=SEND_HEARTBEAT {datanodeUUID=64119811-c299-4353-bef2-4f1f08694db1, command=[]} | ret=SUCCESS |  
2019-09-20 08:51:09,961 | INFO  | SCMAudit | user=jenkins1000 | ip=192.168.36.79 | op=SEND_HEARTBEAT {datanodeUUID=2a6ce4d1-5069-4aeb-8b94-5f253cd23bfc, command=[]} | ret=SUCCESS |  
 0.00% |█                                                                                                    |  0/1 Time: 0:00:012019-09-20 08:51:10,233 | INFO  | SCMAudit | user=jenkins1000 | ip=192.168.36.79 | op=SEND_HEARTBEAT {datanodeUUID=972eec63-801b-4789-a14a-664c049671ee, command=[]} | ret=SUCCESS |  
2019-09-20 08:51:10,851 | INFO  | SCMAudit | user=jenkins1000 | ip=192.168.36.79 | op=SEND_HEARTBEAT {datanodeUUID=d183acf8-c1d4-40f7-ba5a-175455d3bd55, command=[]} | ret=SUCCESS |  
2019-09-20 08:51:10,855 | INFO  | SCMAudit | user=jenkins1000 | ip=192.168.36.79 | op=SEND_HEARTBEAT {datanodeUUID=5e9b3ca5-d58f-427a-bd11-930d28ac57d8, command=[]} | ret=SUCCESS |  
2019-09-20 08:51:10,948 | INFO  | SCMAudit | user=jenkins1000 | ip=192.168.36.79 | op=SEND_HEARTBEAT {datanodeUUID=64119811-c299-4353-bef2-4f1f08694db1, command=[]} | ret=SUCCESS |  
2019-09-20 08:51:10,961 | INFO  | SCMAudit | user=jenkins1000 | ip=192.168.36.79 | op=SEND_HEARTBEAT {datanodeUUID=2a6ce4d1-5069-4aeb-8b94-5f253cd23bfc, command=[]} | ret=SUCCESS |  
 0.00% |█                                                                                                    |  0/1 Time: 0:00:022019-09-20 08:51:11,233 | INFO  | SCMAudit | user=jenkins1000 | ip=192.168.36.79 | op=SEND_HEARTBEAT {datanodeUUID=972eec63-801b-4789-a14a-664c049671ee, command=[]} | ret=SUCCESS |  
2019-09-20 08:51:11,852 | INFO  | SCMAudit | user=jenkins1000 | ip=192.168.36.79 | op=SEND_HEARTBEAT {datanodeUUID=d183acf8-c1d4-40f7-ba5a-175455d3bd55, command=[]} | ret=SUCCESS |  
2019-09-20 08:51:11,854 | INFO  | SCMAudit | user=jenkins1000 | ip=192.168.36.79 | op=SEND_HEARTBEAT {datanodeUUID=5e9b3ca5-d58f-427a-bd11-930d28ac57d8, command=[]} | ret=SUCCESS |  
2019-09-20 08:51:11,948 | INFO  | SCMAudit | user=jenkins1000 | ip=192.168.36.79 | op=SEND_HEARTBEAT {datanodeUUID=64119811-c299-4353-bef2-4f1f08694db1, command=[]} | ret=SUCCESS |  
2019-09-20 08:51:11,961 | INFO  | SCMAudit | user=jenkins1000 | ip=192.168.36.79 | op=SEND_HEARTBEAT {datanodeUUID=2a6ce4d1-5069-4aeb-8b94-5f253cd23bfc, command=[]} | ret=SUCCESS |  
 0.00% |█                                                                                                    |  0/1 Time: 0:00:032019-09-20 08:51:12,233 | INFO  | SCMAudit | user=jenkins1000 | ip=192.168.36.79 | op=SEND_HEARTBEAT {datanodeUUID=972eec63-801b-4789-a14a-664c049671ee, command=[]} | ret=SUCCESS |  
2019-09-20 08:51:12,851 | INFO  | SCMAudit | user=jenkins1000 | ip=192.168.36.79 | op=SEND_HEARTBEAT {datanodeUUID=d183acf8-c1d4-40f7-ba5a-175455d3bd55, command=[]} | ret=SUCCESS |  
2019-09-20 08:51:12,854 | INFO  | SCMAudit | user=jenkins1000 | ip=192.168.36.79 | op=SEND_HEARTBEAT {datanodeUUID=5e9b3ca5-d58f-427a-bd11-930d28ac57d8, command=[]} | ret=SUCCESS |  
2019-09-20 08:51:12,948 | INFO  | SCMAudit | user=jenkins1000 | ip=192.168.36.79 | op=SEND_HEARTBEAT {datanodeUUID=64119811-c299-4353-bef2-4f1f08694db1, command=[]} | ret=SUCCESS |  
2019-09-20 08:51:12,961 | INFO  | SCMAudit | user=jenkins1000 | ip=192.168.36.79 | op=SEND_HEARTBEAT {datanodeUUID=2a6ce4d1-5069-4aeb-8b94-5f253cd23bfc, command=[]} | ret=SUCCESS |  
 0.00% |█                                                                                                    |  0/1 Time: 0:00:042019-09-20 08:51:13,233 | INFO  | SCMAudit | user=jenkins1000 | ip=192.168.36.79 | op=SEND_HEARTBEAT {datanodeUUID=972eec63-801b-4789-a14a-664c049671ee, command=[]} | ret=SUCCESS |  
2019-09-20 08:51:13,851 | INFO  | SCMAudit | user=jenkins1000 | ip=192.168.36.79 | op=SEND_HEARTBEAT {datanodeUUID=d183acf8-c1d4-40f7-ba5a-175455d3bd55, command=[]} | ret=SUCCESS |  
2019-09-20 08:51:13,854 | INFO  | SCMAudit | user=jenkins1000 | ip=192.168.36.79 | op=SEND_HEARTBEAT {datanodeUUID=5e9b3ca5-d58f-427a-bd11-930d28ac57d8, command=[]} | ret=SUCCESS |  
2019-09-20 08:51:13,949 | INFO  | SCMAudit | user=jenkins1000 | ip=192.168.36.79 | op=SEND_HEARTBEAT {datanodeUUID=64119811-c299-4353-bef2-4f1f08694db1, command=[]} | ret=SUCCESS |  
2019-09-20 08:51:13,960 | INFO  | SCMAudit | user=jenkins1000 | ip=192.168.36.79 | op=SEND_HEARTBEAT {datanodeUUID=2a6ce4d1-5069-4aeb-8b94-5f253cd23bfc, command=[]} | ret=SUCCESS |  
 100.00% |█████████████████████████████████████████████████████████████████████████████████████████████████████|  1/1 Time: 0:00:05
2019-09-20 08:51:14,233 | INFO  | SCMAudit | user=jenkins1000 | ip=192.168.36.79 | op=SEND_HEARTBEAT {datanodeUUID=972eec63-801b-4789-a14a-664c049671ee, command=[]} | ret=SUCCESS |  
2019-09-20 08:51:14,851 | INFO  | SCMAudit | user=jenkins1000 | ip=192.168.36.79 | op=SEND_HEARTBEAT {datanodeUUID=d183acf8-c1d4-40f7-ba5a-175455d3bd55, command=[]} | ret=SUCCESS |  
2019-09-20 08:51:14,854 | INFO  | SCMAudit | user=jenkins1000 | ip=192.168.36.79 | op=SEND_HEARTBEAT {datanodeUUID=5e9b3ca5-d58f-427a-bd11-930d28ac57d8, command=[]} | ret=SUCCESS |  
2019-09-20 08:51:14,949 | INFO  | SCMAudit | user=jenkins1000 | ip=192.168.36.79 | op=SEND_HEARTBEAT {datanodeUUID=64119811-c299-4353-bef2-4f1f08694db1, command=[]} | ret=SUCCESS |  
2019-09-20 08:51:14,961 | INFO  | SCMAudit | user=jenkins1000 | ip=192.168.36.79 | op=SEND_HEARTBEAT {datanodeUUID=2a6ce4d1-5069-4aeb-8b94-5f253cd23bfc, command=[]} | ret=SUCCESS |  
2019-09-20 08:51:15,234 | INFO  | SCMAudit | user=jenkins1000 | ip=192.168.36.79 | op=SEND_HEARTBEAT {datanodeUUID=972eec63-801b-4789-a14a-664c049671ee, command=[]} | ret=SUCCESS |  
2019-09-20 08:51:15,851 | INFO  | SCMAudit | user=jenkins1000 | ip=192.168.36.79 | op=SEND_HEARTBEAT {datanodeUUID=d183acf8-c1d4-40f7-ba5a-175455d3bd55, command=[]} | ret=SUCCESS |  
2019-09-20 08:51:15,854 | INFO  | SCMAudit | user=jenkins1000 | ip=192.168.36.79 | op=SEND_HEARTBEAT {datanodeUUID=5e9b3ca5-d58f-427a-bd11-930d28ac57d8, command=[]} | ret=SUCCESS |  
2019-09-20 08:51:15,950 | INFO  | SCMAudit | user=jenkins1000 | ip=192.168.36.79 | op=SEND_HEARTBEAT {datanodeUUID=64119811-c299-4353-bef2-4f1f08694db1, command=[]} | ret=SUCCESS |  
2019-09-20 08:51:15,961 | INFO  | SCMAudit | user=jenkins1000 | ip=192.168.36.79 | op=SEND_HEARTBEAT {datanodeUUID=2a6ce4d1-5069-4aeb-8b94-5f253cd23bfc, command=[]} | ret=SUCCESS |  
2019-09-20 08:51:16,233 | INFO  | SCMAudit | user=jenkins1000 | ip=192.168.36.79 | op=SEND_HEARTBEAT {datanodeUUID=972eec63-801b-4789-a14a-664c049671ee, command=[]} | ret=SUCCESS |  
2019-09-20 08:51:16,852 | INFO  | SCMAudit | user=jenkins1000 | ip=192.168.36.79 | op=SEND_HEARTBEAT {datanodeUUID=d183acf8-c1d4-40f7-ba5a-175455d3bd55, command=[]} | ret=SUCCESS |  
2019-09-20 08:51:16,854 | INFO  | SCMAudit | user=jenkins1000 | ip=192.168.36.79 | op=SEND_HEARTBEAT {datanodeUUID=5e9b3ca5-d58f-427a-bd11-930d28ac57d8, command=[]} | ret=SUCCESS |  
2019-09-20 08:51:16,950 | INFO  | SCMAudit | user=jenkins1000 | ip=192.168.36.79 | op=SEND_HEARTBEAT {datanodeUUID=64119811-c299-4353-bef2-4f1f08694db1, command=[]} | ret=SUCCESS |  
2019-09-20 08:51:16,961 | INFO  | SCMAudit | user=jenkins1000 | ip=192.168.36.79 | op=SEND_HEARTBEAT {datanodeUUID=2a6ce4d1-5069-4aeb-8b94-5f253cd23bfc, command=[]} | ret=SUCCESS |  
2019-09-20 08:51:17,233 | INFO  | SCMAudit | user=jenkins1000 | ip=192.168.36.79 | op=SEND_HEARTBEAT {datanodeUUID=972eec63-801b-4789-a14a-664c049671ee, command=[]} | ret=SUCCESS |  
2019-09-20 08:51:17,851 | INFO  | SCMAudit | user=jenkins1000 | ip=192.168.36.79 | op=SEND_HEARTBEAT {datanodeUUID=d183acf8-c1d4-40f7-ba5a-175455d3bd55, command=[]} | ret=SUCCESS |  
2019-09-20 08:51:17,854 | INFO  | SCMAudit | user=jenkins1000 | ip=192.168.36.79 | op=SEND_HEARTBEAT {datanodeUUID=5e9b3ca5-d58f-427a-bd11-930d28ac57d8, command=[]} | ret=SUCCESS |  
2019-09-20 08:51:17,950 | INFO  | SCMAudit | user=jenkins1000 | ip=192.168.36.79 | op=SEND_HEARTBEAT {datanodeUUID=64119811-c299-4353-bef2-4f1f08694db1, command=[]} | ret=SUCCESS |  
2019-09-20 08:51:17,961 | INFO  | SCMAudit | user=jenkins1000 | ip=192.168.36.79 | op=SEND_HEARTBEAT {datanodeUUID=2a6ce4d1-5069-4aeb-8b94-5f253cd23bfc, command=[]} | ret=SUCCESS |  
2019-09-20 08:51:18,233 | INFO  | SCMAudit | user=jenkins1000 | ip=192.168.36.79 | op=SEND_HEARTBEAT {datanodeUUID=972eec63-801b-4789-a14a-664c049671ee, command=[]} | ret=SUCCESS |  
2019-09-20 08:51:18,851 | INFO  | SCMAudit | user=jenkins1000 | ip=192.168.36.79 | op=SEND_HEARTBEAT {datanodeUUID=d183acf8-c1d4-40f7-ba5a-175455d3bd55, command=[]} | ret=SUCCESS |  
2019-09-20 08:51:18,854 | INFO  | SCMAudit | user=jenkins1000 | ip=192.168.36.79 | op=SEND_HEARTBEAT {datanodeUUID=5e9b3ca5-d58f-427a-bd11-930d28ac57d8, command=[]} | ret=SUCCESS |  
2019-09-20 08:51:18,950 | INFO  | SCMAudit | user=jenkins1000 | ip=192.168.36.79 | op=SEND_HEARTBEAT {datanodeUUID=64119811-c299-4353-bef2-4f1f08694db1, command=[]} | ret=SUCCESS |  
2019-09-20 08:51:18,961 | INFO  | SCMAudit | user=jenkins1000 | ip=192.168.36.79 | op=SEND_HEARTBEAT {datanodeUUID=2a6ce4d1-5069-4aeb-8b94-5f253cd23bfc, command=[]} | ret=SUCCESS |  
]]></system-out>
  </testcase>
  <testcase name="fileWithSizeZero" classname="org.apache.hadoop.ozone.freon.TestRandomKeyGenerator" time="10.03">
    <error message="Allocated 0 blocks. Requested 1 blocks" type="INTERNAL_ERROR org.apache.hadoop.ozone.om.exceptions.OMException">INTERNAL_ERROR org.apache.hadoop.ozone.om.exceptions.OMException: Allocated 0 blocks. Requested 1 blocks
	at org.apache.hadoop.ozone.om.protocolPB.OzoneManagerProtocolClientSideTranslatorPB.handleError(OzoneManagerProtocolClientSideTranslatorPB.java:725)
	at org.apache.hadoop.ozone.om.protocolPB.OzoneManagerProtocolClientSideTranslatorPB.openKey(OzoneManagerProtocolClientSideTranslatorPB.java:716)
	at org.apache.hadoop.ozone.client.rpc.RpcClient.createKey(RpcClient.java:615)
	at org.apache.hadoop.ozone.client.OzoneBucket.createKey(OzoneBucket.java:323)
	at org.apache.hadoop.ozone.freon.RandomKeyGenerator.createKey(RandomKeyGenerator.java:686)
	at org.apache.hadoop.ozone.freon.RandomKeyGenerator.access$1100(RandomKeyGenerator.java:87)
	at org.apache.hadoop.ozone.freon.RandomKeyGenerator$ObjectCreator.run(RandomKeyGenerator.java:606)
	at java.util.concurrent.Executors$RunnableAdapter.call(Executors.java:511)
	at java.util.concurrent.FutureTask.run(FutureTask.java:266)
	at java.util.concurrent.ThreadPoolExecutor.runWorker(ThreadPoolExecutor.java:1149)
	at java.util.concurrent.ThreadPoolExecutor$Worker.run(ThreadPoolExecutor.java:624)
	at java.lang.Thread.run(Thread.java:748)
</error>
    <system-out><![CDATA[2019-09-20 08:51:19,207 [main] INFO  freon.RandomKeyGenerator (RandomKeyGenerator.java:call(275)) - Number of Threads: 1
2019-09-20 08:51:19,208 [main] INFO  freon.RandomKeyGenerator (RandomKeyGenerator.java:call(280)) - Number of Volumes: 1.
2019-09-20 08:51:19,208 [main] INFO  freon.RandomKeyGenerator (RandomKeyGenerator.java:call(281)) - Number of Buckets per Volume: 1.
2019-09-20 08:51:19,208 [main] INFO  freon.RandomKeyGenerator (RandomKeyGenerator.java:call(282)) - Number of Keys per Bucket: 1.
2019-09-20 08:51:19,208 [main] INFO  freon.RandomKeyGenerator (RandomKeyGenerator.java:call(283)) - Key size: 0 bytes
2019-09-20 08:51:19,208 [main] INFO  freon.RandomKeyGenerator (RandomKeyGenerator.java:call(284)) - Buffer size: 4096 bytes
2019-09-20 08:51:19,209 [main] INFO  freon.RandomKeyGenerator (RandomKeyGenerator.java:call(298)) - Data validation is enabled.
2019-09-20 08:51:19,210 [main] INFO  freon.RandomKeyGenerator (RandomKeyGenerator.java:call(304)) - Starting progress bar Thread.

2019-09-20 08:51:19,210 [pool-82-thread-1] INFO  rpc.RpcClient (RpcClient.java:createVolume(293)) - Creating Volume: vol-0-94907, with jenkins1000 as owner.
 0.00% |█                                                                                                    |  0/1 Time: 0:00:002019-09-20 08:51:19,214 | INFO  | OMAudit | user=jenkins1000 | ip=127.0.0.1 | op=CREATE_VOLUME {admin=jenkins1000, owner=jenkins1000, volume=vol-0-94907, creationTime=1568969479214, quotaInBytes=1152921504606846976} | ret=SUCCESS |  
2019-09-20 08:51:19,218 | INFO  | OMAudit | user=jenkins1000 | ip=127.0.0.1 | op=READ_VOLUME {volume=vol-0-94907} | ret=SUCCESS |  
2019-09-20 08:51:19,219 [pool-82-thread-1] INFO  rpc.RpcClient (RpcClient.java:createBucket(432)) - Creating Bucket: vol-0-94907/bucket-0-15234, with Versioning false and Storage Type set to DISK and Encryption set to false 
2019-09-20 08:51:19,222 | INFO  | OMAudit | user=jenkins1000 | ip=127.0.0.1 | op=CREATE_BUCKET {volume=vol-0-94907, bucket=bucket-0-15234, acls=[user:jenkins1000:a[ACCESS], group:default:a[ACCESS]], isVersionEnabled=false, storageType=DISK, creationTime=0} | ret=SUCCESS |  
2019-09-20 08:51:19,223 | INFO  | OMAudit | user=jenkins1000 | ip=127.0.0.1 | op=READ_BUCKET {volume=vol-0-94907, bucket=bucket-0-15234} | ret=SUCCESS |  
2019-09-20 08:51:19,232 [IPC Server handler 6 on 35288] INFO  pipeline.PipelinePlacementPolicy (PipelinePlacementPolicy.java:meetCriteria(91)) - Pipeline Placement: Doesn't meet the criteria to be viable node： d183acf8-c1d4-40f7-ba5a-175455d3bd55 Heaviness: 6 limit: 5
2019-09-20 08:51:19,232 [IPC Server handler 6 on 35288] INFO  pipeline.PipelinePlacementPolicy (PipelinePlacementPolicy.java:meetCriteria(91)) - Pipeline Placement: Doesn't meet the criteria to be viable node： 2a6ce4d1-5069-4aeb-8b94-5f253cd23bfc Heaviness: 6 limit: 5
2019-09-20 08:51:19,233 [IPC Server handler 6 on 35288] INFO  pipeline.PipelinePlacementPolicy (PipelinePlacementPolicy.java:meetCriteria(91)) - Pipeline Placement: Doesn't meet the criteria to be viable node： 972eec63-801b-4789-a14a-664c049671ee Heaviness: 6 limit: 5
2019-09-20 08:51:19,233 [IPC Server handler 6 on 35288] INFO  pipeline.PipelinePlacementPolicy (PipelinePlacementPolicy.java:meetCriteria(91)) - Pipeline Placement: Doesn't meet the criteria to be viable node： 5e9b3ca5-d58f-427a-bd11-930d28ac57d8 Heaviness: 6 limit: 5
2019-09-20 08:51:19,233 | INFO  | SCMAudit | user=jenkins1000 | ip=192.168.36.79 | op=SEND_HEARTBEAT {datanodeUUID=972eec63-801b-4789-a14a-664c049671ee, command=[]} | ret=SUCCESS |  
2019-09-20 08:51:19,233 [IPC Server handler 6 on 35288] INFO  pipeline.PipelinePlacementPolicy (PipelinePlacementPolicy.java:meetCriteria(91)) - Pipeline Placement: Doesn't meet the criteria to be viable node： 64119811-c299-4353-bef2-4f1f08694db1 Heaviness: 6 limit: 5
2019-09-20 08:51:19,234 [IPC Server handler 6 on 35288] ERROR pipeline.PipelinePlacementPolicy (PipelinePlacementPolicy.java:filterViableNodes(148)) - Unable to find enough nodes that meet the criteria that cannot engage in more than 5 pipelines. Nodes required: 3 Found: 0, healthy nodes count inNodeManager: 5.
2019-09-20 08:51:19,234 [IPC Server handler 6 on 35288] ERROR pipeline.SCMPipelineManager (SCMPipelineManager.java:createPipeline(161)) - Pipeline creation failed due to exception: Unable to find enough nodes that meet the criteria that cannot engage in more than 5 pipelines. Nodes required: 3 Found: 0, healthy nodes count inNodeManager: 5.
2019-09-20 08:51:19,234 [IPC Server handler 6 on 35288] WARN  block.BlockManagerImpl (BlockManagerImpl.java:allocateBlock(192)) - Pipeline creation failed for type:RATIS factor:THREE. Retrying get pipelines call once.
org.apache.hadoop.hdds.scm.exceptions.SCMException: Unable to find enough nodes that meet the criteria that cannot engage in more than 5 pipelines. Nodes required: 3 Found: 0, healthy nodes count inNodeManager: 5.
	at org.apache.hadoop.hdds.scm.pipeline.PipelinePlacementPolicy.filterViableNodes(PipelinePlacementPolicy.java:149)
	at org.apache.hadoop.hdds.scm.pipeline.PipelinePlacementPolicy.chooseDatanodes(PipelinePlacementPolicy.java:172)
	at org.apache.hadoop.hdds.scm.pipeline.RatisPipelineProvider.create(RatisPipelineProvider.java:92)
	at org.apache.hadoop.hdds.scm.pipeline.PipelineFactory.create(PipelineFactory.java:57)
	at org.apache.hadoop.hdds.scm.pipeline.SCMPipelineManager.createPipeline(SCMPipelineManager.java:149)
	at org.apache.hadoop.hdds.scm.block.BlockManagerImpl.allocateBlock(BlockManagerImpl.java:190)
	at org.apache.hadoop.hdds.scm.server.SCMBlockProtocolServer.allocateBlock(SCMBlockProtocolServer.java:175)
	at org.apache.hadoop.ozone.protocolPB.ScmBlockLocationProtocolServerSideTranslatorPB.allocateScmBlock(ScmBlockLocationProtocolServerSideTranslatorPB.java:153)
	at org.apache.hadoop.ozone.protocolPB.ScmBlockLocationProtocolServerSideTranslatorPB.send(ScmBlockLocationProtocolServerSideTranslatorPB.java:112)
	at org.apache.hadoop.hdds.protocol.proto.ScmBlockLocationProtocolProtos$ScmBlockLocationProtocolService$2.callBlockingMethod(ScmBlockLocationProtocolProtos.java:13157)
	at org.apache.hadoop.ipc.ProtobufRpcEngine$Server$ProtoBufRpcInvoker.call(ProtobufRpcEngine.java:524)
	at org.apache.hadoop.ipc.RPC$Server.call(RPC.java:1025)
	at org.apache.hadoop.ipc.Server$RpcCall.run(Server.java:876)
	at org.apache.hadoop.ipc.Server$RpcCall.run(Server.java:822)
	at java.security.AccessController.doPrivileged(Native Method)
	at javax.security.auth.Subject.doAs(Subject.java:422)
	at org.apache.hadoop.security.UserGroupInformation.doAs(UserGroupInformation.java:1730)
	at org.apache.hadoop.ipc.Server$Handler.run(Server.java:2682)
2019-09-20 08:51:19,235 [IPC Server handler 6 on 35288] INFO  block.BlockManagerImpl (BlockManagerImpl.java:allocateBlock(198)) - Could not find available pipeline of type:RATIS and factor:THREE even after retrying
2019-09-20 08:51:19,235 [IPC Server handler 6 on 35288] ERROR block.BlockManagerImpl (BlockManagerImpl.java:allocateBlock(222)) - Unable to allocate a block for the size: 4194304, type: RATIS, factor: THREE
2019-09-20 08:51:19,235 | INFO  | SCMAudit | user=jenkins1000 | ip=192.168.36.79 | op=ALLOCATE_BLOCK {owner=de213d33-d5bc-4e32-9ee1-d102376c7a7f, size=4194304, type=RATIS, factor=THREE} | ret=SUCCESS |  
2019-09-20 08:51:19,236 | ERROR | OMAudit | user=jenkins1000 | ip=127.0.0.1 | op=ALLOCATE_KEY {volume=vol-0-94907, bucket=bucket-0-15234, key=key-0-36982, dataSize=0, replicationType=RATIS, replicationFactor=THREE, keyLocationInfo=null} | ret=FAILURE | org.apache.hadoop.hdds.scm.exceptions.SCMException: Allocated 0 blocks. Requested 1 blocks
	at org.apache.hadoop.hdds.scm.protocolPB.ScmBlockLocationProtocolClientSideTranslatorPB.handleError(ScmBlockLocationProtocolClientSideTranslatorPB.java:118)
	at org.apache.hadoop.hdds.scm.protocolPB.ScmBlockLocationProtocolClientSideTranslatorPB.allocateBlock(ScmBlockLocationProtocolClientSideTranslatorPB.java:156) 
2019-09-20 08:51:19,237 [pool-82-thread-1] ERROR freon.RandomKeyGenerator (RandomKeyGenerator.java:createKey(724)) - Exception while adding key: key-0-36982 in bucket: bucket-0-15234 of volume: vol-0-94907.
INTERNAL_ERROR org.apache.hadoop.ozone.om.exceptions.OMException: Allocated 0 blocks. Requested 1 blocks
	at org.apache.hadoop.ozone.om.protocolPB.OzoneManagerProtocolClientSideTranslatorPB.handleError(OzoneManagerProtocolClientSideTranslatorPB.java:725)
	at org.apache.hadoop.ozone.om.protocolPB.OzoneManagerProtocolClientSideTranslatorPB.openKey(OzoneManagerProtocolClientSideTranslatorPB.java:716)
	at org.apache.hadoop.ozone.client.rpc.RpcClient.createKey(RpcClient.java:615)
	at org.apache.hadoop.ozone.client.OzoneBucket.createKey(OzoneBucket.java:323)
	at org.apache.hadoop.ozone.freon.RandomKeyGenerator.createKey(RandomKeyGenerator.java:686)
	at org.apache.hadoop.ozone.freon.RandomKeyGenerator.access$1100(RandomKeyGenerator.java:87)
	at org.apache.hadoop.ozone.freon.RandomKeyGenerator$ObjectCreator.run(RandomKeyGenerator.java:606)
	at java.util.concurrent.Executors$RunnableAdapter.call(Executors.java:511)
	at java.util.concurrent.FutureTask.run(FutureTask.java:266)
	at java.util.concurrent.ThreadPoolExecutor.runWorker(ThreadPoolExecutor.java:1149)
	at java.util.concurrent.ThreadPoolExecutor$Worker.run(ThreadPoolExecutor.java:624)
	at java.lang.Thread.run(Thread.java:748)
2019-09-20 08:51:19,851 | INFO  | SCMAudit | user=jenkins1000 | ip=192.168.36.79 | op=SEND_HEARTBEAT {datanodeUUID=d183acf8-c1d4-40f7-ba5a-175455d3bd55, command=[]} | ret=SUCCESS |  
2019-09-20 08:51:19,854 | INFO  | SCMAudit | user=jenkins1000 | ip=192.168.36.79 | op=SEND_HEARTBEAT {datanodeUUID=5e9b3ca5-d58f-427a-bd11-930d28ac57d8, command=[]} | ret=SUCCESS |  
2019-09-20 08:51:19,951 | INFO  | SCMAudit | user=jenkins1000 | ip=192.168.36.79 | op=SEND_HEARTBEAT {datanodeUUID=64119811-c299-4353-bef2-4f1f08694db1, command=[]} | ret=SUCCESS |  
2019-09-20 08:51:19,961 | INFO  | SCMAudit | user=jenkins1000 | ip=192.168.36.79 | op=SEND_HEARTBEAT {datanodeUUID=2a6ce4d1-5069-4aeb-8b94-5f253cd23bfc, command=[]} | ret=SUCCESS |  
 0.00% |█                                                                                                    |  0/1 Time: 0:00:012019-09-20 08:51:20,235 | INFO  | SCMAudit | user=jenkins1000 | ip=192.168.36.79 | op=SEND_HEARTBEAT {datanodeUUID=972eec63-801b-4789-a14a-664c049671ee, command=[]} | ret=SUCCESS |  
2019-09-20 08:51:20,852 | INFO  | SCMAudit | user=jenkins1000 | ip=192.168.36.79 | op=SEND_HEARTBEAT {datanodeUUID=d183acf8-c1d4-40f7-ba5a-175455d3bd55, command=[]} | ret=SUCCESS |  
2019-09-20 08:51:20,855 | INFO  | SCMAudit | user=jenkins1000 | ip=192.168.36.79 | op=SEND_HEARTBEAT {datanodeUUID=5e9b3ca5-d58f-427a-bd11-930d28ac57d8, command=[]} | ret=SUCCESS |  
2019-09-20 08:51:20,950 | INFO  | SCMAudit | user=jenkins1000 | ip=192.168.36.79 | op=SEND_HEARTBEAT {datanodeUUID=64119811-c299-4353-bef2-4f1f08694db1, command=[]} | ret=SUCCESS |  
2019-09-20 08:51:20,961 | INFO  | SCMAudit | user=jenkins1000 | ip=192.168.36.79 | op=SEND_HEARTBEAT {datanodeUUID=2a6ce4d1-5069-4aeb-8b94-5f253cd23bfc, command=[]} | ret=SUCCESS |  
 0.00% |█                                                                                                    |  0/1 Time: 0:00:022019-09-20 08:51:21,239 | INFO  | SCMAudit | user=jenkins1000 | ip=192.168.36.79 | op=SEND_HEARTBEAT {datanodeUUID=972eec63-801b-4789-a14a-664c049671ee, command=[]} | ret=SUCCESS |  
2019-09-20 08:51:21,852 | INFO  | SCMAudit | user=jenkins1000 | ip=192.168.36.79 | op=SEND_HEARTBEAT {datanodeUUID=d183acf8-c1d4-40f7-ba5a-175455d3bd55, command=[]} | ret=SUCCESS |  
2019-09-20 08:51:21,855 | INFO  | SCMAudit | user=jenkins1000 | ip=192.168.36.79 | op=SEND_HEARTBEAT {datanodeUUID=5e9b3ca5-d58f-427a-bd11-930d28ac57d8, command=[]} | ret=SUCCESS |  
2019-09-20 08:51:21,951 | INFO  | SCMAudit | user=jenkins1000 | ip=192.168.36.79 | op=SEND_HEARTBEAT {datanodeUUID=64119811-c299-4353-bef2-4f1f08694db1, command=[]} | ret=SUCCESS |  
2019-09-20 08:51:21,962 | INFO  | SCMAudit | user=jenkins1000 | ip=192.168.36.79 | op=SEND_HEARTBEAT {datanodeUUID=2a6ce4d1-5069-4aeb-8b94-5f253cd23bfc, command=[]} | ret=SUCCESS |  
 0.00% |█                                                                                                    |  0/1 Time: 0:00:032019-09-20 08:51:22,241 | INFO  | SCMAudit | user=jenkins1000 | ip=192.168.36.79 | op=SEND_HEARTBEAT {datanodeUUID=972eec63-801b-4789-a14a-664c049671ee, command=[]} | ret=SUCCESS |  
2019-09-20 08:51:22,852 | INFO  | SCMAudit | user=jenkins1000 | ip=192.168.36.79 | op=SEND_HEARTBEAT {datanodeUUID=d183acf8-c1d4-40f7-ba5a-175455d3bd55, command=[]} | ret=SUCCESS |  
2019-09-20 08:51:22,855 | INFO  | SCMAudit | user=jenkins1000 | ip=192.168.36.79 | op=SEND_HEARTBEAT {datanodeUUID=5e9b3ca5-d58f-427a-bd11-930d28ac57d8, command=[]} | ret=SUCCESS |  
2019-09-20 08:51:22,952 | INFO  | SCMAudit | user=jenkins1000 | ip=192.168.36.79 | op=SEND_HEARTBEAT {datanodeUUID=64119811-c299-4353-bef2-4f1f08694db1, command=[]} | ret=SUCCESS |  
2019-09-20 08:51:22,962 | INFO  | SCMAudit | user=jenkins1000 | ip=192.168.36.79 | op=SEND_HEARTBEAT {datanodeUUID=2a6ce4d1-5069-4aeb-8b94-5f253cd23bfc, command=[]} | ret=SUCCESS |  
 0.00% |█                                                                                                    |  0/1 Time: 0:00:042019-09-20 08:51:23,238 | INFO  | SCMAudit | user=jenkins1000 | ip=192.168.36.79 | op=SEND_HEARTBEAT {datanodeUUID=972eec63-801b-4789-a14a-664c049671ee, command=[]} | ret=SUCCESS |  
2019-09-20 08:51:23,853 | INFO  | SCMAudit | user=jenkins1000 | ip=192.168.36.79 | op=SEND_HEARTBEAT {datanodeUUID=d183acf8-c1d4-40f7-ba5a-175455d3bd55, command=[]} | ret=SUCCESS |  
2019-09-20 08:51:23,855 | INFO  | SCMAudit | user=jenkins1000 | ip=192.168.36.79 | op=SEND_HEARTBEAT {datanodeUUID=5e9b3ca5-d58f-427a-bd11-930d28ac57d8, command=[]} | ret=SUCCESS |  
2019-09-20 08:51:23,952 | INFO  | SCMAudit | user=jenkins1000 | ip=192.168.36.79 | op=SEND_HEARTBEAT {datanodeUUID=64119811-c299-4353-bef2-4f1f08694db1, command=[]} | ret=SUCCESS |  
2019-09-20 08:51:23,962 | INFO  | SCMAudit | user=jenkins1000 | ip=192.168.36.79 | op=SEND_HEARTBEAT {datanodeUUID=2a6ce4d1-5069-4aeb-8b94-5f253cd23bfc, command=[]} | ret=SUCCESS |  
 100.00% |█████████████████████████████████████████████████████████████████████████████████████████████████████|  1/1 Time: 0:00:05
2019-09-20 08:51:24,238 | INFO  | SCMAudit | user=jenkins1000 | ip=192.168.36.79 | op=SEND_HEARTBEAT {datanodeUUID=972eec63-801b-4789-a14a-664c049671ee, command=[]} | ret=SUCCESS |  
2019-09-20 08:51:24,853 | INFO  | SCMAudit | user=jenkins1000 | ip=192.168.36.79 | op=SEND_HEARTBEAT {datanodeUUID=d183acf8-c1d4-40f7-ba5a-175455d3bd55, command=[]} | ret=SUCCESS |  
2019-09-20 08:51:24,856 | INFO  | SCMAudit | user=jenkins1000 | ip=192.168.36.79 | op=SEND_HEARTBEAT {datanodeUUID=5e9b3ca5-d58f-427a-bd11-930d28ac57d8, command=[]} | ret=SUCCESS |  
2019-09-20 08:51:24,952 | INFO  | SCMAudit | user=jenkins1000 | ip=192.168.36.79 | op=SEND_HEARTBEAT {datanodeUUID=64119811-c299-4353-bef2-4f1f08694db1, command=[]} | ret=SUCCESS |  
2019-09-20 08:51:24,962 | INFO  | SCMAudit | user=jenkins1000 | ip=192.168.36.79 | op=SEND_HEARTBEAT {datanodeUUID=2a6ce4d1-5069-4aeb-8b94-5f253cd23bfc, command=[]} | ret=SUCCESS |  
2019-09-20 08:51:25,239 | INFO  | SCMAudit | user=jenkins1000 | ip=192.168.36.79 | op=SEND_HEARTBEAT {datanodeUUID=972eec63-801b-4789-a14a-664c049671ee, command=[]} | ret=SUCCESS |  
2019-09-20 08:51:25,853 | INFO  | SCMAudit | user=jenkins1000 | ip=192.168.36.79 | op=SEND_HEARTBEAT {datanodeUUID=d183acf8-c1d4-40f7-ba5a-175455d3bd55, command=[]} | ret=SUCCESS |  
2019-09-20 08:51:25,855 | INFO  | SCMAudit | user=jenkins1000 | ip=192.168.36.79 | op=SEND_HEARTBEAT {datanodeUUID=5e9b3ca5-d58f-427a-bd11-930d28ac57d8, command=[]} | ret=SUCCESS |  
2019-09-20 08:51:25,953 | INFO  | SCMAudit | user=jenkins1000 | ip=192.168.36.79 | op=SEND_HEARTBEAT {datanodeUUID=64119811-c299-4353-bef2-4f1f08694db1, command=[]} | ret=SUCCESS |  
2019-09-20 08:51:25,962 | INFO  | SCMAudit | user=jenkins1000 | ip=192.168.36.79 | op=SEND_HEARTBEAT {datanodeUUID=2a6ce4d1-5069-4aeb-8b94-5f253cd23bfc, command=[]} | ret=SUCCESS |  
2019-09-20 08:51:26,238 | INFO  | SCMAudit | user=jenkins1000 | ip=192.168.36.79 | op=SEND_HEARTBEAT {datanodeUUID=972eec63-801b-4789-a14a-664c049671ee, command=[]} | ret=SUCCESS |  
2019-09-20 08:51:26,855 | INFO  | SCMAudit | user=jenkins1000 | ip=192.168.36.79 | op=SEND_HEARTBEAT {datanodeUUID=5e9b3ca5-d58f-427a-bd11-930d28ac57d8, command=[]} | ret=SUCCESS |  
2019-09-20 08:51:26,855 | INFO  | SCMAudit | user=jenkins1000 | ip=192.168.36.79 | op=SEND_HEARTBEAT {datanodeUUID=d183acf8-c1d4-40f7-ba5a-175455d3bd55, command=[]} | ret=SUCCESS |  
2019-09-20 08:51:26,953 | INFO  | SCMAudit | user=jenkins1000 | ip=192.168.36.79 | op=SEND_HEARTBEAT {datanodeUUID=64119811-c299-4353-bef2-4f1f08694db1, command=[]} | ret=SUCCESS |  
2019-09-20 08:51:26,963 | INFO  | SCMAudit | user=jenkins1000 | ip=192.168.36.79 | op=SEND_HEARTBEAT {datanodeUUID=2a6ce4d1-5069-4aeb-8b94-5f253cd23bfc, command=[]} | ret=SUCCESS |  
2019-09-20 08:51:27,238 | INFO  | SCMAudit | user=jenkins1000 | ip=192.168.36.79 | op=SEND_HEARTBEAT {datanodeUUID=972eec63-801b-4789-a14a-664c049671ee, command=[]} | ret=SUCCESS |  
2019-09-20 08:51:27,854 | INFO  | SCMAudit | user=jenkins1000 | ip=192.168.36.79 | op=SEND_HEARTBEAT {datanodeUUID=d183acf8-c1d4-40f7-ba5a-175455d3bd55, command=[]} | ret=SUCCESS |  
2019-09-20 08:51:27,855 | INFO  | SCMAudit | user=jenkins1000 | ip=192.168.36.79 | op=SEND_HEARTBEAT {datanodeUUID=5e9b3ca5-d58f-427a-bd11-930d28ac57d8, command=[]} | ret=SUCCESS |  
2019-09-20 08:51:27,953 | INFO  | SCMAudit | user=jenkins1000 | ip=192.168.36.79 | op=SEND_HEARTBEAT {datanodeUUID=64119811-c299-4353-bef2-4f1f08694db1, command=[]} | ret=SUCCESS |  
2019-09-20 08:51:27,963 | INFO  | SCMAudit | user=jenkins1000 | ip=192.168.36.79 | op=SEND_HEARTBEAT {datanodeUUID=2a6ce4d1-5069-4aeb-8b94-5f253cd23bfc, command=[]} | ret=SUCCESS |  
2019-09-20 08:51:28,239 | INFO  | SCMAudit | user=jenkins1000 | ip=192.168.36.79 | op=SEND_HEARTBEAT {datanodeUUID=972eec63-801b-4789-a14a-664c049671ee, command=[]} | ret=SUCCESS |  
2019-09-20 08:51:28,855 | INFO  | SCMAudit | user=jenkins1000 | ip=192.168.36.79 | op=SEND_HEARTBEAT {datanodeUUID=d183acf8-c1d4-40f7-ba5a-175455d3bd55, command=[]} | ret=SUCCESS |  
2019-09-20 08:51:28,855 | INFO  | SCMAudit | user=jenkins1000 | ip=192.168.36.79 | op=SEND_HEARTBEAT {datanodeUUID=5e9b3ca5-d58f-427a-bd11-930d28ac57d8, command=[]} | ret=SUCCESS |  
2019-09-20 08:51:28,953 | INFO  | SCMAudit | user=jenkins1000 | ip=192.168.36.79 | op=SEND_HEARTBEAT {datanodeUUID=64119811-c299-4353-bef2-4f1f08694db1, command=[]} | ret=SUCCESS |  
2019-09-20 08:51:28,963 | INFO  | SCMAudit | user=jenkins1000 | ip=192.168.36.79 | op=SEND_HEARTBEAT {datanodeUUID=2a6ce4d1-5069-4aeb-8b94-5f253cd23bfc, command=[]} | ret=SUCCESS |  
]]></system-out>
  </testcase>
  <testcase name="multiThread" classname="org.apache.hadoop.ozone.freon.TestRandomKeyGenerator" time="5.027">
    <error message="Allocated 0 blocks. Requested 1 blocks" type="INTERNAL_ERROR org.apache.hadoop.ozone.om.exceptions.OMException">INTERNAL_ERROR org.apache.hadoop.ozone.om.exceptions.OMException: Allocated 0 blocks. Requested 1 blocks
	at org.apache.hadoop.ozone.om.protocolPB.OzoneManagerProtocolClientSideTranslatorPB.handleError(OzoneManagerProtocolClientSideTranslatorPB.java:725)
	at org.apache.hadoop.ozone.om.protocolPB.OzoneManagerProtocolClientSideTranslatorPB.openKey(OzoneManagerProtocolClientSideTranslatorPB.java:716)
	at org.apache.hadoop.ozone.client.rpc.RpcClient.createKey(RpcClient.java:615)
	at org.apache.hadoop.ozone.client.OzoneBucket.createKey(OzoneBucket.java:323)
	at org.apache.hadoop.ozone.freon.RandomKeyGenerator.createKey(RandomKeyGenerator.java:686)
	at org.apache.hadoop.ozone.freon.RandomKeyGenerator.access$1100(RandomKeyGenerator.java:87)
	at org.apache.hadoop.ozone.freon.RandomKeyGenerator$ObjectCreator.run(RandomKeyGenerator.java:606)
	at java.util.concurrent.Executors$RunnableAdapter.call(Executors.java:511)
	at java.util.concurrent.FutureTask.run(FutureTask.java:266)
	at java.util.concurrent.ThreadPoolExecutor.runWorker(ThreadPoolExecutor.java:1149)
	at java.util.concurrent.ThreadPoolExecutor$Worker.run(ThreadPoolExecutor.java:624)
	at java.lang.Thread.run(Thread.java:748)
</error>
    <system-out><![CDATA[2019-09-20 08:51:29,230 [main] INFO  freon.RandomKeyGenerator (RandomKeyGenerator.java:call(275)) - Number of Threads: 10
2019-09-20 08:51:29,230 [main] INFO  freon.RandomKeyGenerator (RandomKeyGenerator.java:call(280)) - Number of Volumes: 10.
2019-09-20 08:51:29,230 [main] INFO  freon.RandomKeyGenerator (RandomKeyGenerator.java:call(281)) - Number of Buckets per Volume: 1.
2019-09-20 08:51:29,230 [main] INFO  freon.RandomKeyGenerator (RandomKeyGenerator.java:call(282)) - Number of Keys per Bucket: 10.
2019-09-20 08:51:29,231 [main] INFO  freon.RandomKeyGenerator (RandomKeyGenerator.java:call(283)) - Key size: 10240 bytes
2019-09-20 08:51:29,231 [main] INFO  freon.RandomKeyGenerator (RandomKeyGenerator.java:call(284)) - Buffer size: 4096 bytes
2019-09-20 08:51:29,233 [main] INFO  freon.RandomKeyGenerator (RandomKeyGenerator.java:call(304)) - Starting progress bar Thread.

2019-09-20 08:51:29,234 [pool-83-thread-4] INFO  rpc.RpcClient (RpcClient.java:createVolume(293)) - Creating Volume: vol-3-98892, with jenkins1000 as owner.
 0.00% |█                                                                                                    |  0/100 Time: 0:00:002019-09-20 08:51:29,234 [pool-83-thread-10] INFO  rpc.RpcClient (RpcClient.java:createVolume(293)) - Creating Volume: vol-9-56479, with jenkins1000 as owner.
2019-09-20 08:51:29,234 [pool-83-thread-3] INFO  rpc.RpcClient (RpcClient.java:createVolume(293)) - Creating Volume: vol-2-17132, with jenkins1000 as owner.
2019-09-20 08:51:29,234 [pool-83-thread-2] INFO  rpc.RpcClient (RpcClient.java:createVolume(293)) - Creating Volume: vol-1-13843, with jenkins1000 as owner.
2019-09-20 08:51:29,234 [pool-83-thread-1] INFO  rpc.RpcClient (RpcClient.java:createVolume(293)) - Creating Volume: vol-0-16761, with jenkins1000 as owner.
2019-09-20 08:51:29,234 [pool-83-thread-9] INFO  rpc.RpcClient (RpcClient.java:createVolume(293)) - Creating Volume: vol-8-85677, with jenkins1000 as owner.
2019-09-20 08:51:29,234 [pool-83-thread-5] INFO  rpc.RpcClient (RpcClient.java:createVolume(293)) - Creating Volume: vol-4-01234, with jenkins1000 as owner.
2019-09-20 08:51:29,242 | INFO  | SCMAudit | user=jenkins1000 | ip=192.168.36.79 | op=SEND_HEARTBEAT {datanodeUUID=972eec63-801b-4789-a14a-664c049671ee, command=[]} | ret=SUCCESS |  
2019-09-20 08:51:29,234 [pool-83-thread-6] INFO  rpc.RpcClient (RpcClient.java:createVolume(293)) - Creating Volume: vol-5-53679, with jenkins1000 as owner.
2019-09-20 08:51:29,234 [pool-83-thread-7] INFO  rpc.RpcClient (RpcClient.java:createVolume(293)) - Creating Volume: vol-6-07734, with jenkins1000 as owner.
2019-09-20 08:51:29,243 | INFO  | OMAudit | user=jenkins1000 | ip=127.0.0.1 | op=CREATE_VOLUME {admin=jenkins1000, owner=jenkins1000, volume=vol-3-98892, creationTime=1568969489242, quotaInBytes=1152921504606846976} | ret=SUCCESS |  
2019-09-20 08:51:29,234 [pool-83-thread-8] INFO  rpc.RpcClient (RpcClient.java:createVolume(293)) - Creating Volume: vol-7-74412, with jenkins1000 as owner.
2019-09-20 08:51:29,244 | INFO  | OMAudit | user=jenkins1000 | ip=127.0.0.1 | op=CREATE_VOLUME {admin=jenkins1000, owner=jenkins1000, volume=vol-1-13843, creationTime=1568969489243, quotaInBytes=1152921504606846976} | ret=SUCCESS |  
2019-09-20 08:51:29,244 | INFO  | OMAudit | user=jenkins1000 | ip=127.0.0.1 | op=CREATE_VOLUME {admin=jenkins1000, owner=jenkins1000, volume=vol-9-56479, creationTime=1568969489244, quotaInBytes=1152921504606846976} | ret=SUCCESS |  
2019-09-20 08:51:29,244 | INFO  | OMAudit | user=jenkins1000 | ip=127.0.0.1 | op=CREATE_VOLUME {admin=jenkins1000, owner=jenkins1000, volume=vol-2-17132, creationTime=1568969489244, quotaInBytes=1152921504606846976} | ret=SUCCESS |  
2019-09-20 08:51:29,245 | INFO  | OMAudit | user=jenkins1000 | ip=127.0.0.1 | op=READ_VOLUME {volume=vol-3-98892} | ret=SUCCESS |  
2019-09-20 08:51:29,245 | INFO  | OMAudit | user=jenkins1000 | ip=127.0.0.1 | op=CREATE_VOLUME {admin=jenkins1000, owner=jenkins1000, volume=vol-7-74412, creationTime=1568969489244, quotaInBytes=1152921504606846976} | ret=SUCCESS |  
2019-09-20 08:51:29,246 | INFO  | OMAudit | user=jenkins1000 | ip=127.0.0.1 | op=CREATE_VOLUME {admin=jenkins1000, owner=jenkins1000, volume=vol-0-16761, creationTime=1568969489245, quotaInBytes=1152921504606846976} | ret=SUCCESS |  
2019-09-20 08:51:29,246 | INFO  | OMAudit | user=jenkins1000 | ip=127.0.0.1 | op=CREATE_VOLUME {admin=jenkins1000, owner=jenkins1000, volume=vol-8-85677, creationTime=1568969489246, quotaInBytes=1152921504606846976} | ret=SUCCESS |  
2019-09-20 08:51:29,246 | INFO  | OMAudit | user=jenkins1000 | ip=127.0.0.1 | op=READ_VOLUME {volume=vol-1-13843} | ret=SUCCESS |  
2019-09-20 08:51:29,246 | INFO  | OMAudit | user=jenkins1000 | ip=127.0.0.1 | op=READ_VOLUME {volume=vol-2-17132} | ret=SUCCESS |  
2019-09-20 08:51:29,247 | INFO  | OMAudit | user=jenkins1000 | ip=127.0.0.1 | op=CREATE_VOLUME {admin=jenkins1000, owner=jenkins1000, volume=vol-4-01234, creationTime=1568969489246, quotaInBytes=1152921504606846976} | ret=SUCCESS |  
2019-09-20 08:51:29,247 | INFO  | OMAudit | user=jenkins1000 | ip=127.0.0.1 | op=READ_VOLUME {volume=vol-9-56479} | ret=SUCCESS |  
2019-09-20 08:51:29,247 | INFO  | OMAudit | user=jenkins1000 | ip=127.0.0.1 | op=READ_VOLUME {volume=vol-7-74412} | ret=SUCCESS |  
2019-09-20 08:51:29,247 | INFO  | OMAudit | user=jenkins1000 | ip=127.0.0.1 | op=CREATE_VOLUME {admin=jenkins1000, owner=jenkins1000, volume=vol-5-53679, creationTime=1568969489247, quotaInBytes=1152921504606846976} | ret=SUCCESS |  
2019-09-20 08:51:29,248 | INFO  | OMAudit | user=jenkins1000 | ip=127.0.0.1 | op=READ_VOLUME {volume=vol-0-16761} | ret=SUCCESS |  
2019-09-20 08:51:29,248 | INFO  | OMAudit | user=jenkins1000 | ip=127.0.0.1 | op=CREATE_VOLUME {admin=jenkins1000, owner=jenkins1000, volume=vol-6-07734, creationTime=1568969489247, quotaInBytes=1152921504606846976} | ret=SUCCESS |  
2019-09-20 08:51:29,248 | INFO  | OMAudit | user=jenkins1000 | ip=127.0.0.1 | op=READ_VOLUME {volume=vol-8-85677} | ret=SUCCESS |  
2019-09-20 08:51:29,248 [pool-83-thread-3] INFO  rpc.RpcClient (RpcClient.java:createBucket(432)) - Creating Bucket: vol-3-98892/bucket-0-50063, with Versioning false and Storage Type set to DISK and Encryption set to false 
2019-09-20 08:51:29,248 [pool-83-thread-2] INFO  rpc.RpcClient (RpcClient.java:createBucket(432)) - Creating Bucket: vol-1-13843/bucket-0-65104, with Versioning false and Storage Type set to DISK and Encryption set to false 
2019-09-20 08:51:29,248 | INFO  | OMAudit | user=jenkins1000 | ip=127.0.0.1 | op=READ_VOLUME {volume=vol-4-01234} | ret=SUCCESS |  
2019-09-20 08:51:29,248 | INFO  | OMAudit | user=jenkins1000 | ip=127.0.0.1 | op=READ_VOLUME {volume=vol-5-53679} | ret=SUCCESS |  
2019-09-20 08:51:29,249 | INFO  | OMAudit | user=jenkins1000 | ip=127.0.0.1 | op=CREATE_BUCKET {volume=vol-3-98892, bucket=bucket-0-50063, acls=[user:jenkins1000:a[ACCESS], group:default:a[ACCESS]], isVersionEnabled=false, storageType=DISK, creationTime=0} | ret=SUCCESS |  
2019-09-20 08:51:29,249 [pool-83-thread-6] INFO  rpc.RpcClient (RpcClient.java:createBucket(432)) - Creating Bucket: vol-7-74412/bucket-0-96838, with Versioning false and Storage Type set to DISK and Encryption set to false 
2019-09-20 08:51:29,249 | INFO  | OMAudit | user=jenkins1000 | ip=127.0.0.1 | op=READ_VOLUME {volume=vol-6-07734} | ret=SUCCESS |  
2019-09-20 08:51:29,250 [pool-83-thread-5] INFO  rpc.RpcClient (RpcClient.java:createBucket(432)) - Creating Bucket: vol-8-85677/bucket-0-76717, with Versioning false and Storage Type set to DISK and Encryption set to false 
2019-09-20 08:51:29,250 | INFO  | OMAudit | user=jenkins1000 | ip=127.0.0.1 | op=CREATE_BUCKET {volume=vol-1-13843, bucket=bucket-0-65104, acls=[user:jenkins1000:a[ACCESS], group:default:a[ACCESS]], isVersionEnabled=false, storageType=DISK, creationTime=0} | ret=SUCCESS |  
2019-09-20 08:51:29,250 [pool-83-thread-7] INFO  rpc.RpcClient (RpcClient.java:createBucket(432)) - Creating Bucket: vol-9-56479/bucket-0-92790, with Versioning false and Storage Type set to DISK and Encryption set to false 
2019-09-20 08:51:29,251 | INFO  | OMAudit | user=jenkins1000 | ip=127.0.0.1 | op=READ_BUCKET {volume=vol-3-98892, bucket=bucket-0-50063} | ret=SUCCESS |  
2019-09-20 08:51:29,251 | INFO  | OMAudit | user=jenkins1000 | ip=127.0.0.1 | op=CREATE_BUCKET {volume=vol-7-74412, bucket=bucket-0-96838, acls=[user:jenkins1000:a[ACCESS], group:default:a[ACCESS]], isVersionEnabled=false, storageType=DISK, creationTime=0} | ret=SUCCESS |  
2019-09-20 08:51:29,251 | INFO  | OMAudit | user=jenkins1000 | ip=127.0.0.1 | op=CREATE_BUCKET {volume=vol-8-85677, bucket=bucket-0-76717, acls=[user:jenkins1000:a[ACCESS], group:default:a[ACCESS]], isVersionEnabled=false, storageType=DISK, creationTime=0} | ret=SUCCESS |  
2019-09-20 08:51:29,252 | INFO  | OMAudit | user=jenkins1000 | ip=127.0.0.1 | op=READ_BUCKET {volume=vol-1-13843, bucket=bucket-0-65104} | ret=SUCCESS |  
2019-09-20 08:51:29,252 | INFO  | OMAudit | user=jenkins1000 | ip=127.0.0.1 | op=CREATE_BUCKET {volume=vol-9-56479, bucket=bucket-0-92790, acls=[user:jenkins1000:a[ACCESS], group:default:a[ACCESS]], isVersionEnabled=false, storageType=DISK, creationTime=0} | ret=SUCCESS |  
2019-09-20 08:51:29,253 | INFO  | OMAudit | user=jenkins1000 | ip=127.0.0.1 | op=READ_BUCKET {volume=vol-8-85677, bucket=bucket-0-76717} | ret=SUCCESS |  
2019-09-20 08:51:29,253 | INFO  | OMAudit | user=jenkins1000 | ip=127.0.0.1 | op=READ_BUCKET {volume=vol-7-74412, bucket=bucket-0-96838} | ret=SUCCESS |  
2019-09-20 08:51:29,254 | INFO  | OMAudit | user=jenkins1000 | ip=127.0.0.1 | op=READ_BUCKET {volume=vol-9-56479, bucket=bucket-0-92790} | ret=SUCCESS |  
2019-09-20 08:51:29,260 [pool-83-thread-4] INFO  rpc.RpcClient (RpcClient.java:createBucket(432)) - Creating Bucket: vol-0-16761/bucket-0-09066, with Versioning false and Storage Type set to DISK and Encryption set to false 
2019-09-20 08:51:29,261 [pool-83-thread-8] INFO  rpc.RpcClient (RpcClient.java:createBucket(432)) - Creating Bucket: vol-2-17132/bucket-0-16952, with Versioning false and Storage Type set to DISK and Encryption set to false 
2019-09-20 08:51:29,261 [pool-83-thread-1] INFO  rpc.RpcClient (RpcClient.java:createBucket(432)) - Creating Bucket: vol-5-53679/bucket-0-88144, with Versioning false and Storage Type set to DISK and Encryption set to false 
2019-09-20 08:51:29,261 [pool-83-thread-9] INFO  rpc.RpcClient (RpcClient.java:createBucket(432)) - Creating Bucket: vol-6-07734/bucket-0-01985, with Versioning false and Storage Type set to DISK and Encryption set to false 
2019-09-20 08:51:29,260 [pool-83-thread-10] INFO  rpc.RpcClient (RpcClient.java:createBucket(432)) - Creating Bucket: vol-4-01234/bucket-0-25762, with Versioning false and Storage Type set to DISK and Encryption set to false 
2019-09-20 08:51:29,261 [IPC Server handler 13 on 35288] INFO  pipeline.PipelinePlacementPolicy (PipelinePlacementPolicy.java:meetCriteria(91)) - Pipeline Placement: Doesn't meet the criteria to be viable node： d183acf8-c1d4-40f7-ba5a-175455d3bd55 Heaviness: 6 limit: 5
2019-09-20 08:51:29,262 [IPC Server handler 13 on 35288] INFO  pipeline.PipelinePlacementPolicy (PipelinePlacementPolicy.java:meetCriteria(91)) - Pipeline Placement: Doesn't meet the criteria to be viable node： 2a6ce4d1-5069-4aeb-8b94-5f253cd23bfc Heaviness: 6 limit: 5
2019-09-20 08:51:29,262 | INFO  | OMAudit | user=jenkins1000 | ip=127.0.0.1 | op=CREATE_BUCKET {volume=vol-2-17132, bucket=bucket-0-16952, acls=[user:jenkins1000:a[ACCESS], group:default:a[ACCESS]], isVersionEnabled=false, storageType=DISK, creationTime=0} | ret=SUCCESS |  
2019-09-20 08:51:29,262 [IPC Server handler 13 on 35288] INFO  pipeline.PipelinePlacementPolicy (PipelinePlacementPolicy.java:meetCriteria(91)) - Pipeline Placement: Doesn't meet the criteria to be viable node： 972eec63-801b-4789-a14a-664c049671ee Heaviness: 6 limit: 5
2019-09-20 08:51:29,262 | INFO  | OMAudit | user=jenkins1000 | ip=127.0.0.1 | op=CREATE_BUCKET {volume=vol-0-16761, bucket=bucket-0-09066, acls=[user:jenkins1000:a[ACCESS], group:default:a[ACCESS]], isVersionEnabled=false, storageType=DISK, creationTime=0} | ret=SUCCESS |  
2019-09-20 08:51:29,262 [IPC Server handler 13 on 35288] INFO  pipeline.PipelinePlacementPolicy (PipelinePlacementPolicy.java:meetCriteria(91)) - Pipeline Placement: Doesn't meet the criteria to be viable node： 5e9b3ca5-d58f-427a-bd11-930d28ac57d8 Heaviness: 6 limit: 5
2019-09-20 08:51:29,262 | INFO  | OMAudit | user=jenkins1000 | ip=127.0.0.1 | op=CREATE_BUCKET {volume=vol-5-53679, bucket=bucket-0-88144, acls=[user:jenkins1000:a[ACCESS], group:default:a[ACCESS]], isVersionEnabled=false, storageType=DISK, creationTime=0} | ret=SUCCESS |  
2019-09-20 08:51:29,262 [IPC Server handler 13 on 35288] INFO  pipeline.PipelinePlacementPolicy (PipelinePlacementPolicy.java:meetCriteria(91)) - Pipeline Placement: Doesn't meet the criteria to be viable node： 64119811-c299-4353-bef2-4f1f08694db1 Heaviness: 6 limit: 5
2019-09-20 08:51:29,263 [IPC Server handler 13 on 35288] ERROR pipeline.PipelinePlacementPolicy (PipelinePlacementPolicy.java:filterViableNodes(148)) - Unable to find enough nodes that meet the criteria that cannot engage in more than 5 pipelines. Nodes required: 3 Found: 0, healthy nodes count inNodeManager: 5.
2019-09-20 08:51:29,263 | INFO  | OMAudit | user=jenkins1000 | ip=127.0.0.1 | op=CREATE_BUCKET {volume=vol-6-07734, bucket=bucket-0-01985, acls=[user:jenkins1000:a[ACCESS], group:default:a[ACCESS]], isVersionEnabled=false, storageType=DISK, creationTime=0} | ret=SUCCESS |  
2019-09-20 08:51:29,263 | INFO  | OMAudit | user=jenkins1000 | ip=127.0.0.1 | op=CREATE_BUCKET {volume=vol-4-01234, bucket=bucket-0-25762, acls=[user:jenkins1000:a[ACCESS], group:default:a[ACCESS]], isVersionEnabled=false, storageType=DISK, creationTime=0} | ret=SUCCESS |  
2019-09-20 08:51:29,263 [IPC Server handler 13 on 35288] ERROR pipeline.SCMPipelineManager (SCMPipelineManager.java:createPipeline(161)) - Pipeline creation failed due to exception: Unable to find enough nodes that meet the criteria that cannot engage in more than 5 pipelines. Nodes required: 3 Found: 0, healthy nodes count inNodeManager: 5.
2019-09-20 08:51:29,263 | INFO  | OMAudit | user=jenkins1000 | ip=127.0.0.1 | op=READ_BUCKET {volume=vol-2-17132, bucket=bucket-0-16952} | ret=SUCCESS |  
2019-09-20 08:51:29,264 | INFO  | OMAudit | user=jenkins1000 | ip=127.0.0.1 | op=READ_BUCKET {volume=vol-0-16761, bucket=bucket-0-09066} | ret=SUCCESS |  
2019-09-20 08:51:29,264 | INFO  | OMAudit | user=jenkins1000 | ip=127.0.0.1 | op=READ_BUCKET {volume=vol-5-53679, bucket=bucket-0-88144} | ret=SUCCESS |  
2019-09-20 08:51:29,263 [IPC Server handler 13 on 35288] WARN  block.BlockManagerImpl (BlockManagerImpl.java:allocateBlock(192)) - Pipeline creation failed for type:RATIS factor:THREE. Retrying get pipelines call once.
org.apache.hadoop.hdds.scm.exceptions.SCMException: Unable to find enough nodes that meet the criteria that cannot engage in more than 5 pipelines. Nodes required: 3 Found: 0, healthy nodes count inNodeManager: 5.
	at org.apache.hadoop.hdds.scm.pipeline.PipelinePlacementPolicy.filterViableNodes(PipelinePlacementPolicy.java:149)
	at org.apache.hadoop.hdds.scm.pipeline.PipelinePlacementPolicy.chooseDatanodes(PipelinePlacementPolicy.java:172)
	at org.apache.hadoop.hdds.scm.pipeline.RatisPipelineProvider.create(RatisPipelineProvider.java:92)
	at org.apache.hadoop.hdds.scm.pipeline.PipelineFactory.create(PipelineFactory.java:57)
	at org.apache.hadoop.hdds.scm.pipeline.SCMPipelineManager.createPipeline(SCMPipelineManager.java:149)
	at org.apache.hadoop.hdds.scm.block.BlockManagerImpl.allocateBlock(BlockManagerImpl.java:190)
	at org.apache.hadoop.hdds.scm.server.SCMBlockProtocolServer.allocateBlock(SCMBlockProtocolServer.java:175)
	at org.apache.hadoop.ozone.protocolPB.ScmBlockLocationProtocolServerSideTranslatorPB.allocateScmBlock(ScmBlockLocationProtocolServerSideTranslatorPB.java:153)
	at org.apache.hadoop.ozone.protocolPB.ScmBlockLocationProtocolServerSideTranslatorPB.send(ScmBlockLocationProtocolServerSideTranslatorPB.java:112)
	at org.apache.hadoop.hdds.protocol.proto.ScmBlockLocationProtocolProtos$ScmBlockLocationProtocolService$2.callBlockingMethod(ScmBlockLocationProtocolProtos.java:13157)
	at org.apache.hadoop.ipc.ProtobufRpcEngine$Server$ProtoBufRpcInvoker.call(ProtobufRpcEngine.java:524)
	at org.apache.hadoop.ipc.RPC$Server.call(RPC.java:1025)
	at org.apache.hadoop.ipc.Server$RpcCall.run(Server.java:876)
	at org.apache.hadoop.ipc.Server$RpcCall.run(Server.java:822)
	at java.security.AccessController.doPrivileged(Native Method)
	at javax.security.auth.Subject.doAs(Subject.java:422)
	at org.apache.hadoop.security.UserGroupInformation.doAs(UserGroupInformation.java:1730)
	at org.apache.hadoop.ipc.Server$Handler.run(Server.java:2682)
2019-09-20 08:51:29,263 [IPC Server handler 11 on 35288] INFO  pipeline.PipelinePlacementPolicy (PipelinePlacementPolicy.java:meetCriteria(91)) - Pipeline Placement: Doesn't meet the criteria to be viable node： d183acf8-c1d4-40f7-ba5a-175455d3bd55 Heaviness: 6 limit: 5
2019-09-20 08:51:29,264 [IPC Server handler 11 on 35288] INFO  pipeline.PipelinePlacementPolicy (PipelinePlacementPolicy.java:meetCriteria(91)) - Pipeline Placement: Doesn't meet the criteria to be viable node： 2a6ce4d1-5069-4aeb-8b94-5f253cd23bfc Heaviness: 6 limit: 5
2019-09-20 08:51:29,265 | INFO  | OMAudit | user=jenkins1000 | ip=127.0.0.1 | op=READ_BUCKET {volume=vol-6-07734, bucket=bucket-0-01985} | ret=SUCCESS |  
2019-09-20 08:51:29,265 [IPC Server handler 11 on 35288] INFO  pipeline.PipelinePlacementPolicy (PipelinePlacementPolicy.java:meetCriteria(91)) - Pipeline Placement: Doesn't meet the criteria to be viable node： 972eec63-801b-4789-a14a-664c049671ee Heaviness: 6 limit: 5
2019-09-20 08:51:29,265 | INFO  | OMAudit | user=jenkins1000 | ip=127.0.0.1 | op=READ_BUCKET {volume=vol-4-01234, bucket=bucket-0-25762} | ret=SUCCESS |  
2019-09-20 08:51:29,265 [IPC Server handler 11 on 35288] INFO  pipeline.PipelinePlacementPolicy (PipelinePlacementPolicy.java:meetCriteria(91)) - Pipeline Placement: Doesn't meet the criteria to be viable node： 5e9b3ca5-d58f-427a-bd11-930d28ac57d8 Heaviness: 6 limit: 5
2019-09-20 08:51:29,265 [IPC Server handler 11 on 35288] INFO  pipeline.PipelinePlacementPolicy (PipelinePlacementPolicy.java:meetCriteria(91)) - Pipeline Placement: Doesn't meet the criteria to be viable node： 64119811-c299-4353-bef2-4f1f08694db1 Heaviness: 6 limit: 5
2019-09-20 08:51:29,265 [IPC Server handler 11 on 35288] ERROR pipeline.PipelinePlacementPolicy (PipelinePlacementPolicy.java:filterViableNodes(148)) - Unable to find enough nodes that meet the criteria that cannot engage in more than 5 pipelines. Nodes required: 3 Found: 0, healthy nodes count inNodeManager: 5.
2019-09-20 08:51:29,265 [IPC Server handler 11 on 35288] ERROR pipeline.SCMPipelineManager (SCMPipelineManager.java:createPipeline(161)) - Pipeline creation failed due to exception: Unable to find enough nodes that meet the criteria that cannot engage in more than 5 pipelines. Nodes required: 3 Found: 0, healthy nodes count inNodeManager: 5.
2019-09-20 08:51:29,266 [IPC Server handler 11 on 35288] WARN  block.BlockManagerImpl (BlockManagerImpl.java:allocateBlock(192)) - Pipeline creation failed for type:RATIS factor:THREE. Retrying get pipelines call once.
org.apache.hadoop.hdds.scm.exceptions.SCMException: Unable to find enough nodes that meet the criteria that cannot engage in more than 5 pipelines. Nodes required: 3 Found: 0, healthy nodes count inNodeManager: 5.
	at org.apache.hadoop.hdds.scm.pipeline.PipelinePlacementPolicy.filterViableNodes(PipelinePlacementPolicy.java:149)
	at org.apache.hadoop.hdds.scm.pipeline.PipelinePlacementPolicy.chooseDatanodes(PipelinePlacementPolicy.java:172)
	at org.apache.hadoop.hdds.scm.pipeline.RatisPipelineProvider.create(RatisPipelineProvider.java:92)
	at org.apache.hadoop.hdds.scm.pipeline.PipelineFactory.create(PipelineFactory.java:57)
	at org.apache.hadoop.hdds.scm.pipeline.SCMPipelineManager.createPipeline(SCMPipelineManager.java:149)
	at org.apache.hadoop.hdds.scm.block.BlockManagerImpl.allocateBlock(BlockManagerImpl.java:190)
	at org.apache.hadoop.hdds.scm.server.SCMBlockProtocolServer.allocateBlock(SCMBlockProtocolServer.java:175)
	at org.apache.hadoop.ozone.protocolPB.ScmBlockLocationProtocolServerSideTranslatorPB.allocateScmBlock(ScmBlockLocationProtocolServerSideTranslatorPB.java:153)
	at org.apache.hadoop.ozone.protocolPB.ScmBlockLocationProtocolServerSideTranslatorPB.send(ScmBlockLocationProtocolServerSideTranslatorPB.java:112)
	at org.apache.hadoop.hdds.protocol.proto.ScmBlockLocationProtocolProtos$ScmBlockLocationProtocolService$2.callBlockingMethod(ScmBlockLocationProtocolProtos.java:13157)
	at org.apache.hadoop.ipc.ProtobufRpcEngine$Server$ProtoBufRpcInvoker.call(ProtobufRpcEngine.java:524)
	at org.apache.hadoop.ipc.RPC$Server.call(RPC.java:1025)
	at org.apache.hadoop.ipc.Server$RpcCall.run(Server.java:876)
	at org.apache.hadoop.ipc.Server$RpcCall.run(Server.java:822)
	at java.security.AccessController.doPrivileged(Native Method)
	at javax.security.auth.Subject.doAs(Subject.java:422)
	at org.apache.hadoop.security.UserGroupInformation.doAs(UserGroupInformation.java:1730)
	at org.apache.hadoop.ipc.Server$Handler.run(Server.java:2682)
2019-09-20 08:51:29,266 [IPC Server handler 13 on 35288] INFO  block.BlockManagerImpl (BlockManagerImpl.java:allocateBlock(198)) - Could not find available pipeline of type:RATIS and factor:THREE even after retrying
2019-09-20 08:51:29,266 [IPC Server handler 11 on 35288] INFO  block.BlockManagerImpl (BlockManagerImpl.java:allocateBlock(198)) - Could not find available pipeline of type:RATIS and factor:THREE even after retrying
2019-09-20 08:51:29,266 [IPC Server handler 13 on 35288] ERROR block.BlockManagerImpl (BlockManagerImpl.java:allocateBlock(222)) - Unable to allocate a block for the size: 4194304, type: RATIS, factor: THREE
2019-09-20 08:51:29,267 | INFO  | SCMAudit | user=jenkins1000 | ip=192.168.36.79 | op=ALLOCATE_BLOCK {owner=de213d33-d5bc-4e32-9ee1-d102376c7a7f, size=4194304, type=RATIS, factor=THREE} | ret=SUCCESS |  
2019-09-20 08:51:29,266 [IPC Server handler 11 on 35288] ERROR block.BlockManagerImpl (BlockManagerImpl.java:allocateBlock(222)) - Unable to allocate a block for the size: 4194304, type: RATIS, factor: THREE
2019-09-20 08:51:29,267 | INFO  | SCMAudit | user=jenkins1000 | ip=192.168.36.79 | op=ALLOCATE_BLOCK {owner=de213d33-d5bc-4e32-9ee1-d102376c7a7f, size=4194304, type=RATIS, factor=THREE} | ret=SUCCESS |  
2019-09-20 08:51:29,267 [IPC Server handler 2 on 35288] INFO  pipeline.PipelinePlacementPolicy (PipelinePlacementPolicy.java:meetCriteria(91)) - Pipeline Placement: Doesn't meet the criteria to be viable node： d183acf8-c1d4-40f7-ba5a-175455d3bd55 Heaviness: 6 limit: 5
2019-09-20 08:51:29,267 [IPC Server handler 2 on 35288] INFO  pipeline.PipelinePlacementPolicy (PipelinePlacementPolicy.java:meetCriteria(91)) - Pipeline Placement: Doesn't meet the criteria to be viable node： 2a6ce4d1-5069-4aeb-8b94-5f253cd23bfc Heaviness: 6 limit: 5
2019-09-20 08:51:29,278 [IPC Server handler 2 on 35288] INFO  pipeline.PipelinePlacementPolicy (PipelinePlacementPolicy.java:meetCriteria(91)) - Pipeline Placement: Doesn't meet the criteria to be viable node： 972eec63-801b-4789-a14a-664c049671ee Heaviness: 6 limit: 5
2019-09-20 08:51:29,278 [IPC Server handler 2 on 35288] INFO  pipeline.PipelinePlacementPolicy (PipelinePlacementPolicy.java:meetCriteria(91)) - Pipeline Placement: Doesn't meet the criteria to be viable node： 5e9b3ca5-d58f-427a-bd11-930d28ac57d8 Heaviness: 6 limit: 5
2019-09-20 08:51:29,278 | ERROR | OMAudit | user=jenkins1000 | ip=127.0.0.1 | op=ALLOCATE_KEY {volume=vol-1-13843, bucket=bucket-0-65104, key=key-0-49433, dataSize=10240, replicationType=RATIS, replicationFactor=THREE, keyLocationInfo=null} | ret=FAILURE | org.apache.hadoop.hdds.scm.exceptions.SCMException: Allocated 0 blocks. Requested 1 blocks
	at org.apache.hadoop.hdds.scm.protocolPB.ScmBlockLocationProtocolClientSideTranslatorPB.handleError(ScmBlockLocationProtocolClientSideTranslatorPB.java:118)
	at org.apache.hadoop.hdds.scm.protocolPB.ScmBlockLocationProtocolClientSideTranslatorPB.allocateBlock(ScmBlockLocationProtocolClientSideTranslatorPB.java:156) 
2019-09-20 08:51:29,278 | ERROR | OMAudit | user=jenkins1000 | ip=127.0.0.1 | op=ALLOCATE_KEY {volume=vol-3-98892, bucket=bucket-0-50063, key=key-0-88233, dataSize=10240, replicationType=RATIS, replicationFactor=THREE, keyLocationInfo=null} | ret=FAILURE | org.apache.hadoop.hdds.scm.exceptions.SCMException: Allocated 0 blocks. Requested 1 blocks
	at org.apache.hadoop.hdds.scm.protocolPB.ScmBlockLocationProtocolClientSideTranslatorPB.handleError(ScmBlockLocationProtocolClientSideTranslatorPB.java:118)
	at org.apache.hadoop.hdds.scm.protocolPB.ScmBlockLocationProtocolClientSideTranslatorPB.allocateBlock(ScmBlockLocationProtocolClientSideTranslatorPB.java:156) 
2019-09-20 08:51:29,278 [IPC Server handler 2 on 35288] INFO  pipeline.PipelinePlacementPolicy (PipelinePlacementPolicy.java:meetCriteria(91)) - Pipeline Placement: Doesn't meet the criteria to be viable node： 64119811-c299-4353-bef2-4f1f08694db1 Heaviness: 6 limit: 5
2019-09-20 08:51:29,278 [IPC Server handler 2 on 35288] ERROR pipeline.PipelinePlacementPolicy (PipelinePlacementPolicy.java:filterViableNodes(148)) - Unable to find enough nodes that meet the criteria that cannot engage in more than 5 pipelines. Nodes required: 3 Found: 0, healthy nodes count inNodeManager: 5.
2019-09-20 08:51:29,279 [IPC Server handler 2 on 35288] ERROR pipeline.SCMPipelineManager (SCMPipelineManager.java:createPipeline(161)) - Pipeline creation failed due to exception: Unable to find enough nodes that meet the criteria that cannot engage in more than 5 pipelines. Nodes required: 3 Found: 0, healthy nodes count inNodeManager: 5.
2019-09-20 08:51:29,279 [pool-83-thread-6] ERROR freon.RandomKeyGenerator (RandomKeyGenerator.java:createKey(724)) - Exception while adding key: key-0-88233 in bucket: bucket-0-50063 of volume: vol-3-98892.
INTERNAL_ERROR org.apache.hadoop.ozone.om.exceptions.OMException: Allocated 0 blocks. Requested 1 blocks
	at org.apache.hadoop.ozone.om.protocolPB.OzoneManagerProtocolClientSideTranslatorPB.handleError(OzoneManagerProtocolClientSideTranslatorPB.java:725)
	at org.apache.hadoop.ozone.om.protocolPB.OzoneManagerProtocolClientSideTranslatorPB.openKey(OzoneManagerProtocolClientSideTranslatorPB.java:716)
	at org.apache.hadoop.ozone.client.rpc.RpcClient.createKey(RpcClient.java:615)
	at org.apache.hadoop.ozone.client.OzoneBucket.createKey(OzoneBucket.java:323)
	at org.apache.hadoop.ozone.freon.RandomKeyGenerator.createKey(RandomKeyGenerator.java:686)
	at org.apache.hadoop.ozone.freon.RandomKeyGenerator.access$1100(RandomKeyGenerator.java:87)
	at org.apache.hadoop.ozone.freon.RandomKeyGenerator$ObjectCreator.run(RandomKeyGenerator.java:606)
	at java.util.concurrent.Executors$RunnableAdapter.call(Executors.java:511)
	at java.util.concurrent.FutureTask.run(FutureTask.java:266)
	at java.util.concurrent.ThreadPoolExecutor.runWorker(ThreadPoolExecutor.java:1149)
	at java.util.concurrent.ThreadPoolExecutor$Worker.run(ThreadPoolExecutor.java:624)
	at java.lang.Thread.run(Thread.java:748)
2019-09-20 08:51:29,279 [pool-83-thread-2] ERROR freon.RandomKeyGenerator (RandomKeyGenerator.java:createKey(724)) - Exception while adding key: key-0-49433 in bucket: bucket-0-65104 of volume: vol-1-13843.
INTERNAL_ERROR org.apache.hadoop.ozone.om.exceptions.OMException: Allocated 0 blocks. Requested 1 blocks
	at org.apache.hadoop.ozone.om.protocolPB.OzoneManagerProtocolClientSideTranslatorPB.handleError(OzoneManagerProtocolClientSideTranslatorPB.java:725)
	at org.apache.hadoop.ozone.om.protocolPB.OzoneManagerProtocolClientSideTranslatorPB.openKey(OzoneManagerProtocolClientSideTranslatorPB.java:716)
	at org.apache.hadoop.ozone.client.rpc.RpcClient.createKey(RpcClient.java:615)
	at org.apache.hadoop.ozone.client.OzoneBucket.createKey(OzoneBucket.java:323)
	at org.apache.hadoop.ozone.freon.RandomKeyGenerator.createKey(RandomKeyGenerator.java:686)
	at org.apache.hadoop.ozone.freon.RandomKeyGenerator.access$1100(RandomKeyGenerator.java:87)
	at org.apache.hadoop.ozone.freon.RandomKeyGenerator$ObjectCreator.run(RandomKeyGenerator.java:606)
	at java.util.concurrent.Executors$RunnableAdapter.call(Executors.java:511)
	at java.util.concurrent.FutureTask.run(FutureTask.java:266)
	at java.util.concurrent.ThreadPoolExecutor.runWorker(ThreadPoolExecutor.java:1149)
	at java.util.concurrent.ThreadPoolExecutor$Worker.run(ThreadPoolExecutor.java:624)
	at java.lang.Thread.run(Thread.java:748)
2019-09-20 08:51:29,279 [IPC Server handler 15 on 35288] INFO  pipeline.PipelinePlacementPolicy (PipelinePlacementPolicy.java:meetCriteria(91)) - Pipeline Placement: Doesn't meet the criteria to be viable node： d183acf8-c1d4-40f7-ba5a-175455d3bd55 Heaviness: 6 limit: 5
2019-09-20 08:51:29,282 [IPC Server handler 15 on 35288] INFO  pipeline.PipelinePlacementPolicy (PipelinePlacementPolicy.java:meetCriteria(91)) - Pipeline Placement: Doesn't meet the criteria to be viable node： 2a6ce4d1-5069-4aeb-8b94-5f253cd23bfc Heaviness: 6 limit: 5
2019-09-20 08:51:29,279 [IPC Server handler 2 on 35288] WARN  block.BlockManagerImpl (BlockManagerImpl.java:allocateBlock(192)) - Pipeline creation failed for type:RATIS factor:THREE. Retrying get pipelines call once.
org.apache.hadoop.hdds.scm.exceptions.SCMException: Unable to find enough nodes that meet the criteria that cannot engage in more than 5 pipelines. Nodes required: 3 Found: 0, healthy nodes count inNodeManager: 5.
	at org.apache.hadoop.hdds.scm.pipeline.PipelinePlacementPolicy.filterViableNodes(PipelinePlacementPolicy.java:149)
	at org.apache.hadoop.hdds.scm.pipeline.PipelinePlacementPolicy.chooseDatanodes(PipelinePlacementPolicy.java:172)
	at org.apache.hadoop.hdds.scm.pipeline.RatisPipelineProvider.create(RatisPipelineProvider.java:92)
	at org.apache.hadoop.hdds.scm.pipeline.PipelineFactory.create(PipelineFactory.java:57)
	at org.apache.hadoop.hdds.scm.pipeline.SCMPipelineManager.createPipeline(SCMPipelineManager.java:149)
	at org.apache.hadoop.hdds.scm.block.BlockManagerImpl.allocateBlock(BlockManagerImpl.java:190)
	at org.apache.hadoop.hdds.scm.server.SCMBlockProtocolServer.allocateBlock(SCMBlockProtocolServer.java:175)
	at org.apache.hadoop.ozone.protocolPB.ScmBlockLocationProtocolServerSideTranslatorPB.allocateScmBlock(ScmBlockLocationProtocolServerSideTranslatorPB.java:153)
	at org.apache.hadoop.ozone.protocolPB.ScmBlockLocationProtocolServerSideTranslatorPB.send(ScmBlockLocationProtocolServerSideTranslatorPB.java:112)
	at org.apache.hadoop.hdds.protocol.proto.ScmBlockLocationProtocolProtos$ScmBlockLocationProtocolService$2.callBlockingMethod(ScmBlockLocationProtocolProtos.java:13157)
	at org.apache.hadoop.ipc.ProtobufRpcEngine$Server$ProtoBufRpcInvoker.call(ProtobufRpcEngine.java:524)
	at org.apache.hadoop.ipc.RPC$Server.call(RPC.java:1025)
	at org.apache.hadoop.ipc.Server$RpcCall.run(Server.java:876)
	at org.apache.hadoop.ipc.Server$RpcCall.run(Server.java:822)
	at java.security.AccessController.doPrivileged(Native Method)
	at javax.security.auth.Subject.doAs(Subject.java:422)
	at org.apache.hadoop.security.UserGroupInformation.doAs(UserGroupInformation.java:1730)
	at org.apache.hadoop.ipc.Server$Handler.run(Server.java:2682)
2019-09-20 08:51:29,282 [IPC Server handler 15 on 35288] INFO  pipeline.PipelinePlacementPolicy (PipelinePlacementPolicy.java:meetCriteria(91)) - Pipeline Placement: Doesn't meet the criteria to be viable node： 972eec63-801b-4789-a14a-664c049671ee Heaviness: 6 limit: 5
2019-09-20 08:51:29,283 [IPC Server handler 15 on 35288] INFO  pipeline.PipelinePlacementPolicy (PipelinePlacementPolicy.java:meetCriteria(91)) - Pipeline Placement: Doesn't meet the criteria to be viable node： 5e9b3ca5-d58f-427a-bd11-930d28ac57d8 Heaviness: 6 limit: 5
2019-09-20 08:51:29,283 [IPC Server handler 15 on 35288] INFO  pipeline.PipelinePlacementPolicy (PipelinePlacementPolicy.java:meetCriteria(91)) - Pipeline Placement: Doesn't meet the criteria to be viable node： 64119811-c299-4353-bef2-4f1f08694db1 Heaviness: 6 limit: 5
2019-09-20 08:51:29,283 [IPC Server handler 15 on 35288] ERROR pipeline.PipelinePlacementPolicy (PipelinePlacementPolicy.java:filterViableNodes(148)) - Unable to find enough nodes that meet the criteria that cannot engage in more than 5 pipelines. Nodes required: 3 Found: 0, healthy nodes count inNodeManager: 5.
2019-09-20 08:51:29,283 [IPC Server handler 15 on 35288] ERROR pipeline.SCMPipelineManager (SCMPipelineManager.java:createPipeline(161)) - Pipeline creation failed due to exception: Unable to find enough nodes that meet the criteria that cannot engage in more than 5 pipelines. Nodes required: 3 Found: 0, healthy nodes count inNodeManager: 5.
2019-09-20 08:51:29,284 [IPC Server handler 15 on 35288] WARN  block.BlockManagerImpl (BlockManagerImpl.java:allocateBlock(192)) - Pipeline creation failed for type:RATIS factor:THREE. Retrying get pipelines call once.
org.apache.hadoop.hdds.scm.exceptions.SCMException: Unable to find enough nodes that meet the criteria that cannot engage in more than 5 pipelines. Nodes required: 3 Found: 0, healthy nodes count inNodeManager: 5.
	at org.apache.hadoop.hdds.scm.pipeline.PipelinePlacementPolicy.filterViableNodes(PipelinePlacementPolicy.java:149)
	at org.apache.hadoop.hdds.scm.pipeline.PipelinePlacementPolicy.chooseDatanodes(PipelinePlacementPolicy.java:172)
	at org.apache.hadoop.hdds.scm.pipeline.RatisPipelineProvider.create(RatisPipelineProvider.java:92)
	at org.apache.hadoop.hdds.scm.pipeline.PipelineFactory.create(PipelineFactory.java:57)
	at org.apache.hadoop.hdds.scm.pipeline.SCMPipelineManager.createPipeline(SCMPipelineManager.java:149)
	at org.apache.hadoop.hdds.scm.block.BlockManagerImpl.allocateBlock(BlockManagerImpl.java:190)
	at org.apache.hadoop.hdds.scm.server.SCMBlockProtocolServer.allocateBlock(SCMBlockProtocolServer.java:175)
	at org.apache.hadoop.ozone.protocolPB.ScmBlockLocationProtocolServerSideTranslatorPB.allocateScmBlock(ScmBlockLocationProtocolServerSideTranslatorPB.java:153)
	at org.apache.hadoop.ozone.protocolPB.ScmBlockLocationProtocolServerSideTranslatorPB.send(ScmBlockLocationProtocolServerSideTranslatorPB.java:112)
	at org.apache.hadoop.hdds.protocol.proto.ScmBlockLocationProtocolProtos$ScmBlockLocationProtocolService$2.callBlockingMethod(ScmBlockLocationProtocolProtos.java:13157)
	at org.apache.hadoop.ipc.ProtobufRpcEngine$Server$ProtoBufRpcInvoker.call(ProtobufRpcEngine.java:524)
	at org.apache.hadoop.ipc.RPC$Server.call(RPC.java:1025)
	at org.apache.hadoop.ipc.Server$RpcCall.run(Server.java:876)
	at org.apache.hadoop.ipc.Server$RpcCall.run(Server.java:822)
	at java.security.AccessController.doPrivileged(Native Method)
	at javax.security.auth.Subject.doAs(Subject.java:422)
	at org.apache.hadoop.security.UserGroupInformation.doAs(UserGroupInformation.java:1730)
	at org.apache.hadoop.ipc.Server$Handler.run(Server.java:2682)
2019-09-20 08:51:29,284 [IPC Server handler 12 on 35288] INFO  pipeline.PipelinePlacementPolicy (PipelinePlacementPolicy.java:meetCriteria(91)) - Pipeline Placement: Doesn't meet the criteria to be viable node： d183acf8-c1d4-40f7-ba5a-175455d3bd55 Heaviness: 6 limit: 5
2019-09-20 08:51:29,284 [IPC Server handler 12 on 35288] INFO  pipeline.PipelinePlacementPolicy (PipelinePlacementPolicy.java:meetCriteria(91)) - Pipeline Placement: Doesn't meet the criteria to be viable node： 2a6ce4d1-5069-4aeb-8b94-5f253cd23bfc Heaviness: 6 limit: 5
2019-09-20 08:51:29,284 [IPC Server handler 2 on 35288] INFO  block.BlockManagerImpl (BlockManagerImpl.java:allocateBlock(198)) - Could not find available pipeline of type:RATIS and factor:THREE even after retrying
2019-09-20 08:51:29,285 [IPC Server handler 12 on 35288] INFO  pipeline.PipelinePlacementPolicy (PipelinePlacementPolicy.java:meetCriteria(91)) - Pipeline Placement: Doesn't meet the criteria to be viable node： 972eec63-801b-4789-a14a-664c049671ee Heaviness: 6 limit: 5
2019-09-20 08:51:29,285 [IPC Server handler 2 on 35288] ERROR block.BlockManagerImpl (BlockManagerImpl.java:allocateBlock(222)) - Unable to allocate a block for the size: 4194304, type: RATIS, factor: THREE
2019-09-20 08:51:29,285 | INFO  | SCMAudit | user=jenkins1000 | ip=192.168.36.79 | op=ALLOCATE_BLOCK {owner=de213d33-d5bc-4e32-9ee1-d102376c7a7f, size=4194304, type=RATIS, factor=THREE} | ret=SUCCESS |  
2019-09-20 08:51:29,285 [IPC Server handler 12 on 35288] INFO  pipeline.PipelinePlacementPolicy (PipelinePlacementPolicy.java:meetCriteria(91)) - Pipeline Placement: Doesn't meet the criteria to be viable node： 5e9b3ca5-d58f-427a-bd11-930d28ac57d8 Heaviness: 6 limit: 5
2019-09-20 08:51:29,285 [IPC Server handler 12 on 35288] INFO  pipeline.PipelinePlacementPolicy (PipelinePlacementPolicy.java:meetCriteria(91)) - Pipeline Placement: Doesn't meet the criteria to be viable node： 64119811-c299-4353-bef2-4f1f08694db1 Heaviness: 6 limit: 5
2019-09-20 08:51:29,287 [IPC Server handler 12 on 35288] ERROR pipeline.PipelinePlacementPolicy (PipelinePlacementPolicy.java:filterViableNodes(148)) - Unable to find enough nodes that meet the criteria that cannot engage in more than 5 pipelines. Nodes required: 3 Found: 0, healthy nodes count inNodeManager: 5.
2019-09-20 08:51:29,287 [IPC Server handler 12 on 35288] ERROR pipeline.SCMPipelineManager (SCMPipelineManager.java:createPipeline(161)) - Pipeline creation failed due to exception: Unable to find enough nodes that meet the criteria that cannot engage in more than 5 pipelines. Nodes required: 3 Found: 0, healthy nodes count inNodeManager: 5.
2019-09-20 08:51:29,287 | ERROR | OMAudit | user=jenkins1000 | ip=127.0.0.1 | op=ALLOCATE_KEY {volume=vol-7-74412, bucket=bucket-0-96838, key=key-0-43738, dataSize=10240, replicationType=RATIS, replicationFactor=THREE, keyLocationInfo=null} | ret=FAILURE | org.apache.hadoop.hdds.scm.exceptions.SCMException: Allocated 0 blocks. Requested 1 blocks
	at org.apache.hadoop.hdds.scm.protocolPB.ScmBlockLocationProtocolClientSideTranslatorPB.handleError(ScmBlockLocationProtocolClientSideTranslatorPB.java:118)
	at org.apache.hadoop.hdds.scm.protocolPB.ScmBlockLocationProtocolClientSideTranslatorPB.allocateBlock(ScmBlockLocationProtocolClientSideTranslatorPB.java:156) 
2019-09-20 08:51:29,288 [IPC Server handler 12 on 35288] WARN  block.BlockManagerImpl (BlockManagerImpl.java:allocateBlock(192)) - Pipeline creation failed for type:RATIS factor:THREE. Retrying get pipelines call once.
org.apache.hadoop.hdds.scm.exceptions.SCMException: Unable to find enough nodes that meet the criteria that cannot engage in more than 5 pipelines. Nodes required: 3 Found: 0, healthy nodes count inNodeManager: 5.
	at org.apache.hadoop.hdds.scm.pipeline.PipelinePlacementPolicy.filterViableNodes(PipelinePlacementPolicy.java:149)
	at org.apache.hadoop.hdds.scm.pipeline.PipelinePlacementPolicy.chooseDatanodes(PipelinePlacementPolicy.java:172)
	at org.apache.hadoop.hdds.scm.pipeline.RatisPipelineProvider.create(RatisPipelineProvider.java:92)
	at org.apache.hadoop.hdds.scm.pipeline.PipelineFactory.create(PipelineFactory.java:57)
	at org.apache.hadoop.hdds.scm.pipeline.SCMPipelineManager.createPipeline(SCMPipelineManager.java:149)
	at org.apache.hadoop.hdds.scm.block.BlockManagerImpl.allocateBlock(BlockManagerImpl.java:190)
	at org.apache.hadoop.hdds.scm.server.SCMBlockProtocolServer.allocateBlock(SCMBlockProtocolServer.java:175)
	at org.apache.hadoop.ozone.protocolPB.ScmBlockLocationProtocolServerSideTranslatorPB.allocateScmBlock(ScmBlockLocationProtocolServerSideTranslatorPB.java:153)
	at org.apache.hadoop.ozone.protocolPB.ScmBlockLocationProtocolServerSideTranslatorPB.send(ScmBlockLocationProtocolServerSideTranslatorPB.java:112)
	at org.apache.hadoop.hdds.protocol.proto.ScmBlockLocationProtocolProtos$ScmBlockLocationProtocolService$2.callBlockingMethod(ScmBlockLocationProtocolProtos.java:13157)
	at org.apache.hadoop.ipc.ProtobufRpcEngine$Server$ProtoBufRpcInvoker.call(ProtobufRpcEngine.java:524)
	at org.apache.hadoop.ipc.RPC$Server.call(RPC.java:1025)
	at org.apache.hadoop.ipc.Server$RpcCall.run(Server.java:876)
	at org.apache.hadoop.ipc.Server$RpcCall.run(Server.java:822)
	at java.security.AccessController.doPrivileged(Native Method)
	at javax.security.auth.Subject.doAs(Subject.java:422)
	at org.apache.hadoop.security.UserGroupInformation.doAs(UserGroupInformation.java:1730)
	at org.apache.hadoop.ipc.Server$Handler.run(Server.java:2682)
2019-09-20 08:51:29,288 [IPC Server handler 4 on 35288] INFO  pipeline.PipelinePlacementPolicy (PipelinePlacementPolicy.java:meetCriteria(91)) - Pipeline Placement: Doesn't meet the criteria to be viable node： d183acf8-c1d4-40f7-ba5a-175455d3bd55 Heaviness: 6 limit: 5
2019-09-20 08:51:29,288 [pool-83-thread-1] ERROR freon.RandomKeyGenerator (RandomKeyGenerator.java:createKey(724)) - Exception while adding key: key-0-43738 in bucket: bucket-0-96838 of volume: vol-7-74412.
INTERNAL_ERROR org.apache.hadoop.ozone.om.exceptions.OMException: Allocated 0 blocks. Requested 1 blocks
	at org.apache.hadoop.ozone.om.protocolPB.OzoneManagerProtocolClientSideTranslatorPB.handleError(OzoneManagerProtocolClientSideTranslatorPB.java:725)
	at org.apache.hadoop.ozone.om.protocolPB.OzoneManagerProtocolClientSideTranslatorPB.openKey(OzoneManagerProtocolClientSideTranslatorPB.java:716)
	at org.apache.hadoop.ozone.client.rpc.RpcClient.createKey(RpcClient.java:615)
	at org.apache.hadoop.ozone.client.OzoneBucket.createKey(OzoneBucket.java:323)
	at org.apache.hadoop.ozone.freon.RandomKeyGenerator.createKey(RandomKeyGenerator.java:686)
	at org.apache.hadoop.ozone.freon.RandomKeyGenerator.access$1100(RandomKeyGenerator.java:87)
	at org.apache.hadoop.ozone.freon.RandomKeyGenerator$ObjectCreator.run(RandomKeyGenerator.java:606)
	at java.util.concurrent.Executors$RunnableAdapter.call(Executors.java:511)
	at java.util.concurrent.FutureTask.run(FutureTask.java:266)
	at java.util.concurrent.ThreadPoolExecutor.runWorker(ThreadPoolExecutor.java:1149)
	at java.util.concurrent.ThreadPoolExecutor$Worker.run(ThreadPoolExecutor.java:624)
	at java.lang.Thread.run(Thread.java:748)
2019-09-20 08:51:29,288 [IPC Server handler 4 on 35288] INFO  pipeline.PipelinePlacementPolicy (PipelinePlacementPolicy.java:meetCriteria(91)) - Pipeline Placement: Doesn't meet the criteria to be viable node： 2a6ce4d1-5069-4aeb-8b94-5f253cd23bfc Heaviness: 6 limit: 5
2019-09-20 08:51:29,289 [IPC Server handler 4 on 35288] INFO  pipeline.PipelinePlacementPolicy (PipelinePlacementPolicy.java:meetCriteria(91)) - Pipeline Placement: Doesn't meet the criteria to be viable node： 972eec63-801b-4789-a14a-664c049671ee Heaviness: 6 limit: 5
2019-09-20 08:51:29,289 [IPC Server handler 4 on 35288] INFO  pipeline.PipelinePlacementPolicy (PipelinePlacementPolicy.java:meetCriteria(91)) - Pipeline Placement: Doesn't meet the criteria to be viable node： 5e9b3ca5-d58f-427a-bd11-930d28ac57d8 Heaviness: 6 limit: 5
2019-09-20 08:51:29,289 [IPC Server handler 4 on 35288] INFO  pipeline.PipelinePlacementPolicy (PipelinePlacementPolicy.java:meetCriteria(91)) - Pipeline Placement: Doesn't meet the criteria to be viable node： 64119811-c299-4353-bef2-4f1f08694db1 Heaviness: 6 limit: 5
2019-09-20 08:51:29,290 [IPC Server handler 4 on 35288] ERROR pipeline.PipelinePlacementPolicy (PipelinePlacementPolicy.java:filterViableNodes(148)) - Unable to find enough nodes that meet the criteria that cannot engage in more than 5 pipelines. Nodes required: 3 Found: 0, healthy nodes count inNodeManager: 5.
2019-09-20 08:51:29,290 [IPC Server handler 4 on 35288] ERROR pipeline.SCMPipelineManager (SCMPipelineManager.java:createPipeline(161)) - Pipeline creation failed due to exception: Unable to find enough nodes that meet the criteria that cannot engage in more than 5 pipelines. Nodes required: 3 Found: 0, healthy nodes count inNodeManager: 5.
2019-09-20 08:51:29,290 [IPC Server handler 4 on 35288] WARN  block.BlockManagerImpl (BlockManagerImpl.java:allocateBlock(192)) - Pipeline creation failed for type:RATIS factor:THREE. Retrying get pipelines call once.
org.apache.hadoop.hdds.scm.exceptions.SCMException: Unable to find enough nodes that meet the criteria that cannot engage in more than 5 pipelines. Nodes required: 3 Found: 0, healthy nodes count inNodeManager: 5.
	at org.apache.hadoop.hdds.scm.pipeline.PipelinePlacementPolicy.filterViableNodes(PipelinePlacementPolicy.java:149)
	at org.apache.hadoop.hdds.scm.pipeline.PipelinePlacementPolicy.chooseDatanodes(PipelinePlacementPolicy.java:172)
	at org.apache.hadoop.hdds.scm.pipeline.RatisPipelineProvider.create(RatisPipelineProvider.java:92)
	at org.apache.hadoop.hdds.scm.pipeline.PipelineFactory.create(PipelineFactory.java:57)
	at org.apache.hadoop.hdds.scm.pipeline.SCMPipelineManager.createPipeline(SCMPipelineManager.java:149)
	at org.apache.hadoop.hdds.scm.block.BlockManagerImpl.allocateBlock(BlockManagerImpl.java:190)
	at org.apache.hadoop.hdds.scm.server.SCMBlockProtocolServer.allocateBlock(SCMBlockProtocolServer.java:175)
	at org.apache.hadoop.ozone.protocolPB.ScmBlockLocationProtocolServerSideTranslatorPB.allocateScmBlock(ScmBlockLocationProtocolServerSideTranslatorPB.java:153)
	at org.apache.hadoop.ozone.protocolPB.ScmBlockLocationProtocolServerSideTranslatorPB.send(ScmBlockLocationProtocolServerSideTranslatorPB.java:112)
	at org.apache.hadoop.hdds.protocol.proto.ScmBlockLocationProtocolProtos$ScmBlockLocationProtocolService$2.callBlockingMethod(ScmBlockLocationProtocolProtos.java:13157)
	at org.apache.hadoop.ipc.ProtobufRpcEngine$Server$ProtoBufRpcInvoker.call(ProtobufRpcEngine.java:524)
	at org.apache.hadoop.ipc.RPC$Server.call(RPC.java:1025)
	at org.apache.hadoop.ipc.Server$RpcCall.run(Server.java:876)
	at org.apache.hadoop.ipc.Server$RpcCall.run(Server.java:822)
	at java.security.AccessController.doPrivileged(Native Method)
	at javax.security.auth.Subject.doAs(Subject.java:422)
	at org.apache.hadoop.security.UserGroupInformation.doAs(UserGroupInformation.java:1730)
	at org.apache.hadoop.ipc.Server$Handler.run(Server.java:2682)
2019-09-20 08:51:29,290 [IPC Server handler 9 on 35288] INFO  pipeline.PipelinePlacementPolicy (PipelinePlacementPolicy.java:meetCriteria(91)) - Pipeline Placement: Doesn't meet the criteria to be viable node： d183acf8-c1d4-40f7-ba5a-175455d3bd55 Heaviness: 6 limit: 5
2019-09-20 08:51:29,291 [IPC Server handler 9 on 35288] INFO  pipeline.PipelinePlacementPolicy (PipelinePlacementPolicy.java:meetCriteria(91)) - Pipeline Placement: Doesn't meet the criteria to be viable node： 2a6ce4d1-5069-4aeb-8b94-5f253cd23bfc Heaviness: 6 limit: 5
2019-09-20 08:51:29,290 [IPC Server handler 12 on 35288] INFO  block.BlockManagerImpl (BlockManagerImpl.java:allocateBlock(198)) - Could not find available pipeline of type:RATIS and factor:THREE even after retrying
2019-09-20 08:51:29,290 [IPC Server handler 15 on 35288] INFO  block.BlockManagerImpl (BlockManagerImpl.java:allocateBlock(198)) - Could not find available pipeline of type:RATIS and factor:THREE even after retrying
2019-09-20 08:51:29,291 [IPC Server handler 12 on 35288] ERROR block.BlockManagerImpl (BlockManagerImpl.java:allocateBlock(222)) - Unable to allocate a block for the size: 4194304, type: RATIS, factor: THREE
2019-09-20 08:51:29,291 | INFO  | SCMAudit | user=jenkins1000 | ip=192.168.36.79 | op=ALLOCATE_BLOCK {owner=de213d33-d5bc-4e32-9ee1-d102376c7a7f, size=4194304, type=RATIS, factor=THREE} | ret=SUCCESS |  
2019-09-20 08:51:29,291 [IPC Server handler 9 on 35288] INFO  pipeline.PipelinePlacementPolicy (PipelinePlacementPolicy.java:meetCriteria(91)) - Pipeline Placement: Doesn't meet the criteria to be viable node： 972eec63-801b-4789-a14a-664c049671ee Heaviness: 6 limit: 5
2019-09-20 08:51:29,291 [IPC Server handler 15 on 35288] ERROR block.BlockManagerImpl (BlockManagerImpl.java:allocateBlock(222)) - Unable to allocate a block for the size: 4194304, type: RATIS, factor: THREE
2019-09-20 08:51:29,292 | INFO  | SCMAudit | user=jenkins1000 | ip=192.168.36.79 | op=ALLOCATE_BLOCK {owner=de213d33-d5bc-4e32-9ee1-d102376c7a7f, size=4194304, type=RATIS, factor=THREE} | ret=SUCCESS |  
2019-09-20 08:51:29,291 [IPC Server handler 9 on 35288] INFO  pipeline.PipelinePlacementPolicy (PipelinePlacementPolicy.java:meetCriteria(91)) - Pipeline Placement: Doesn't meet the criteria to be viable node： 5e9b3ca5-d58f-427a-bd11-930d28ac57d8 Heaviness: 6 limit: 5
2019-09-20 08:51:29,292 [IPC Server handler 9 on 35288] INFO  pipeline.PipelinePlacementPolicy (PipelinePlacementPolicy.java:meetCriteria(91)) - Pipeline Placement: Doesn't meet the criteria to be viable node： 64119811-c299-4353-bef2-4f1f08694db1 Heaviness: 6 limit: 5
2019-09-20 08:51:29,292 | ERROR | OMAudit | user=jenkins1000 | ip=127.0.0.1 | op=ALLOCATE_KEY {volume=vol-9-56479, bucket=bucket-0-92790, key=key-0-79727, dataSize=10240, replicationType=RATIS, replicationFactor=THREE, keyLocationInfo=null} | ret=FAILURE | org.apache.hadoop.hdds.scm.exceptions.SCMException: Allocated 0 blocks. Requested 1 blocks
	at org.apache.hadoop.hdds.scm.protocolPB.ScmBlockLocationProtocolClientSideTranslatorPB.handleError(ScmBlockLocationProtocolClientSideTranslatorPB.java:118)
	at org.apache.hadoop.hdds.scm.protocolPB.ScmBlockLocationProtocolClientSideTranslatorPB.allocateBlock(ScmBlockLocationProtocolClientSideTranslatorPB.java:156) 
2019-09-20 08:51:29,292 [IPC Server handler 9 on 35288] ERROR pipeline.PipelinePlacementPolicy (PipelinePlacementPolicy.java:filterViableNodes(148)) - Unable to find enough nodes that meet the criteria that cannot engage in more than 5 pipelines. Nodes required: 3 Found: 0, healthy nodes count inNodeManager: 5.
2019-09-20 08:51:29,292 [IPC Server handler 9 on 35288] ERROR pipeline.SCMPipelineManager (SCMPipelineManager.java:createPipeline(161)) - Pipeline creation failed due to exception: Unable to find enough nodes that meet the criteria that cannot engage in more than 5 pipelines. Nodes required: 3 Found: 0, healthy nodes count inNodeManager: 5.
2019-09-20 08:51:29,292 | ERROR | OMAudit | user=jenkins1000 | ip=127.0.0.1 | op=ALLOCATE_KEY {volume=vol-8-85677, bucket=bucket-0-76717, key=key-0-17711, dataSize=10240, replicationType=RATIS, replicationFactor=THREE, keyLocationInfo=null} | ret=FAILURE | org.apache.hadoop.hdds.scm.exceptions.SCMException: Allocated 0 blocks. Requested 1 blocks
	at org.apache.hadoop.hdds.scm.protocolPB.ScmBlockLocationProtocolClientSideTranslatorPB.handleError(ScmBlockLocationProtocolClientSideTranslatorPB.java:118)
	at org.apache.hadoop.hdds.scm.protocolPB.ScmBlockLocationProtocolClientSideTranslatorPB.allocateBlock(ScmBlockLocationProtocolClientSideTranslatorPB.java:156) 
2019-09-20 08:51:29,292 [IPC Server handler 9 on 35288] WARN  block.BlockManagerImpl (BlockManagerImpl.java:allocateBlock(192)) - Pipeline creation failed for type:RATIS factor:THREE. Retrying get pipelines call once.
org.apache.hadoop.hdds.scm.exceptions.SCMException: Unable to find enough nodes that meet the criteria that cannot engage in more than 5 pipelines. Nodes required: 3 Found: 0, healthy nodes count inNodeManager: 5.
	at org.apache.hadoop.hdds.scm.pipeline.PipelinePlacementPolicy.filterViableNodes(PipelinePlacementPolicy.java:149)
	at org.apache.hadoop.hdds.scm.pipeline.PipelinePlacementPolicy.chooseDatanodes(PipelinePlacementPolicy.java:172)
	at org.apache.hadoop.hdds.scm.pipeline.RatisPipelineProvider.create(RatisPipelineProvider.java:92)
	at org.apache.hadoop.hdds.scm.pipeline.PipelineFactory.create(PipelineFactory.java:57)
	at org.apache.hadoop.hdds.scm.pipeline.SCMPipelineManager.createPipeline(SCMPipelineManager.java:149)
	at org.apache.hadoop.hdds.scm.block.BlockManagerImpl.allocateBlock(BlockManagerImpl.java:190)
	at org.apache.hadoop.hdds.scm.server.SCMBlockProtocolServer.allocateBlock(SCMBlockProtocolServer.java:175)
	at org.apache.hadoop.ozone.protocolPB.ScmBlockLocationProtocolServerSideTranslatorPB.allocateScmBlock(ScmBlockLocationProtocolServerSideTranslatorPB.java:153)
	at org.apache.hadoop.ozone.protocolPB.ScmBlockLocationProtocolServerSideTranslatorPB.send(ScmBlockLocationProtocolServerSideTranslatorPB.java:112)
	at org.apache.hadoop.hdds.protocol.proto.ScmBlockLocationProtocolProtos$ScmBlockLocationProtocolService$2.callBlockingMethod(ScmBlockLocationProtocolProtos.java:13157)
	at org.apache.hadoop.ipc.ProtobufRpcEngine$Server$ProtoBufRpcInvoker.call(ProtobufRpcEngine.java:524)
	at org.apache.hadoop.ipc.RPC$Server.call(RPC.java:1025)
	at org.apache.hadoop.ipc.Server$RpcCall.run(Server.java:876)
	at org.apache.hadoop.ipc.Server$RpcCall.run(Server.java:822)
	at java.security.AccessController.doPrivileged(Native Method)
	at javax.security.auth.Subject.doAs(Subject.java:422)
	at org.apache.hadoop.security.UserGroupInformation.doAs(UserGroupInformation.java:1730)
	at org.apache.hadoop.ipc.Server$Handler.run(Server.java:2682)
2019-09-20 08:51:29,293 [pool-83-thread-9] ERROR freon.RandomKeyGenerator (RandomKeyGenerator.java:createKey(724)) - Exception while adding key: key-0-17711 in bucket: bucket-0-76717 of volume: vol-8-85677.
INTERNAL_ERROR org.apache.hadoop.ozone.om.exceptions.OMException: Allocated 0 blocks. Requested 1 blocks
	at org.apache.hadoop.ozone.om.protocolPB.OzoneManagerProtocolClientSideTranslatorPB.handleError(OzoneManagerProtocolClientSideTranslatorPB.java:725)
	at org.apache.hadoop.ozone.om.protocolPB.OzoneManagerProtocolClientSideTranslatorPB.openKey(OzoneManagerProtocolClientSideTranslatorPB.java:716)
	at org.apache.hadoop.ozone.client.rpc.RpcClient.createKey(RpcClient.java:615)
	at org.apache.hadoop.ozone.client.OzoneBucket.createKey(OzoneBucket.java:323)
	at org.apache.hadoop.ozone.freon.RandomKeyGenerator.createKey(RandomKeyGenerator.java:686)
	at org.apache.hadoop.ozone.freon.RandomKeyGenerator.access$1100(RandomKeyGenerator.java:87)
	at org.apache.hadoop.ozone.freon.RandomKeyGenerator$ObjectCreator.run(RandomKeyGenerator.java:606)
	at java.util.concurrent.Executors$RunnableAdapter.call(Executors.java:511)
	at java.util.concurrent.FutureTask.run(FutureTask.java:266)
	at java.util.concurrent.ThreadPoolExecutor.runWorker(ThreadPoolExecutor.java:1149)
	at java.util.concurrent.ThreadPoolExecutor$Worker.run(ThreadPoolExecutor.java:624)
	at java.lang.Thread.run(Thread.java:748)
2019-09-20 08:51:29,293 [IPC Server handler 7 on 35288] INFO  pipeline.PipelinePlacementPolicy (PipelinePlacementPolicy.java:meetCriteria(91)) - Pipeline Placement: Doesn't meet the criteria to be viable node： d183acf8-c1d4-40f7-ba5a-175455d3bd55 Heaviness: 6 limit: 5
2019-09-20 08:51:29,293 [IPC Server handler 4 on 35288] INFO  block.BlockManagerImpl (BlockManagerImpl.java:allocateBlock(198)) - Could not find available pipeline of type:RATIS and factor:THREE even after retrying
2019-09-20 08:51:29,293 [pool-83-thread-10] ERROR freon.RandomKeyGenerator (RandomKeyGenerator.java:createKey(724)) - Exception while adding key: key-0-79727 in bucket: bucket-0-92790 of volume: vol-9-56479.
INTERNAL_ERROR org.apache.hadoop.ozone.om.exceptions.OMException: Allocated 0 blocks. Requested 1 blocks
	at org.apache.hadoop.ozone.om.protocolPB.OzoneManagerProtocolClientSideTranslatorPB.handleError(OzoneManagerProtocolClientSideTranslatorPB.java:725)
	at org.apache.hadoop.ozone.om.protocolPB.OzoneManagerProtocolClientSideTranslatorPB.openKey(OzoneManagerProtocolClientSideTranslatorPB.java:716)
	at org.apache.hadoop.ozone.client.rpc.RpcClient.createKey(RpcClient.java:615)
	at org.apache.hadoop.ozone.client.OzoneBucket.createKey(OzoneBucket.java:323)
	at org.apache.hadoop.ozone.freon.RandomKeyGenerator.createKey(RandomKeyGenerator.java:686)
	at org.apache.hadoop.ozone.freon.RandomKeyGenerator.access$1100(RandomKeyGenerator.java:87)
	at org.apache.hadoop.ozone.freon.RandomKeyGenerator$ObjectCreator.run(RandomKeyGenerator.java:606)
	at java.util.concurrent.Executors$RunnableAdapter.call(Executors.java:511)
	at java.util.concurrent.FutureTask.run(FutureTask.java:266)
	at java.util.concurrent.ThreadPoolExecutor.runWorker(ThreadPoolExecutor.java:1149)
	at java.util.concurrent.ThreadPoolExecutor$Worker.run(ThreadPoolExecutor.java:624)
	at java.lang.Thread.run(Thread.java:748)
2019-09-20 08:51:29,294 [IPC Server handler 4 on 35288] ERROR block.BlockManagerImpl (BlockManagerImpl.java:allocateBlock(222)) - Unable to allocate a block for the size: 4194304, type: RATIS, factor: THREE
2019-09-20 08:51:29,295 | INFO  | SCMAudit | user=jenkins1000 | ip=192.168.36.79 | op=ALLOCATE_BLOCK {owner=de213d33-d5bc-4e32-9ee1-d102376c7a7f, size=4194304, type=RATIS, factor=THREE} | ret=SUCCESS |  
2019-09-20 08:51:29,294 [IPC Server handler 7 on 35288] INFO  pipeline.PipelinePlacementPolicy (PipelinePlacementPolicy.java:meetCriteria(91)) - Pipeline Placement: Doesn't meet the criteria to be viable node： 2a6ce4d1-5069-4aeb-8b94-5f253cd23bfc Heaviness: 6 limit: 5
2019-09-20 08:51:29,295 [IPC Server handler 7 on 35288] INFO  pipeline.PipelinePlacementPolicy (PipelinePlacementPolicy.java:meetCriteria(91)) - Pipeline Placement: Doesn't meet the criteria to be viable node： 972eec63-801b-4789-a14a-664c049671ee Heaviness: 6 limit: 5
2019-09-20 08:51:29,295 [IPC Server handler 7 on 35288] INFO  pipeline.PipelinePlacementPolicy (PipelinePlacementPolicy.java:meetCriteria(91)) - Pipeline Placement: Doesn't meet the criteria to be viable node： 5e9b3ca5-d58f-427a-bd11-930d28ac57d8 Heaviness: 6 limit: 5
2019-09-20 08:51:29,296 [IPC Server handler 7 on 35288] INFO  pipeline.PipelinePlacementPolicy (PipelinePlacementPolicy.java:meetCriteria(91)) - Pipeline Placement: Doesn't meet the criteria to be viable node： 64119811-c299-4353-bef2-4f1f08694db1 Heaviness: 6 limit: 5
2019-09-20 08:51:29,296 [IPC Server handler 7 on 35288] ERROR pipeline.PipelinePlacementPolicy (PipelinePlacementPolicy.java:filterViableNodes(148)) - Unable to find enough nodes that meet the criteria that cannot engage in more than 5 pipelines. Nodes required: 3 Found: 0, healthy nodes count inNodeManager: 5.
2019-09-20 08:51:29,296 [IPC Server handler 7 on 35288] ERROR pipeline.SCMPipelineManager (SCMPipelineManager.java:createPipeline(161)) - Pipeline creation failed due to exception: Unable to find enough nodes that meet the criteria that cannot engage in more than 5 pipelines. Nodes required: 3 Found: 0, healthy nodes count inNodeManager: 5.
2019-09-20 08:51:29,296 | ERROR | OMAudit | user=jenkins1000 | ip=127.0.0.1 | op=ALLOCATE_KEY {volume=vol-4-01234, bucket=bucket-0-25762, key=key-0-92912, dataSize=10240, replicationType=RATIS, replicationFactor=THREE, keyLocationInfo=null} | ret=FAILURE | org.apache.hadoop.hdds.scm.exceptions.SCMException: Allocated 0 blocks. Requested 1 blocks
	at org.apache.hadoop.hdds.scm.protocolPB.ScmBlockLocationProtocolClientSideTranslatorPB.handleError(ScmBlockLocationProtocolClientSideTranslatorPB.java:118)
	at org.apache.hadoop.hdds.scm.protocolPB.ScmBlockLocationProtocolClientSideTranslatorPB.allocateBlock(ScmBlockLocationProtocolClientSideTranslatorPB.java:156) 
2019-09-20 08:51:29,296 [IPC Server handler 7 on 35288] WARN  block.BlockManagerImpl (BlockManagerImpl.java:allocateBlock(192)) - Pipeline creation failed for type:RATIS factor:THREE. Retrying get pipelines call once.
org.apache.hadoop.hdds.scm.exceptions.SCMException: Unable to find enough nodes that meet the criteria that cannot engage in more than 5 pipelines. Nodes required: 3 Found: 0, healthy nodes count inNodeManager: 5.
	at org.apache.hadoop.hdds.scm.pipeline.PipelinePlacementPolicy.filterViableNodes(PipelinePlacementPolicy.java:149)
	at org.apache.hadoop.hdds.scm.pipeline.PipelinePlacementPolicy.chooseDatanodes(PipelinePlacementPolicy.java:172)
	at org.apache.hadoop.hdds.scm.pipeline.RatisPipelineProvider.create(RatisPipelineProvider.java:92)
	at org.apache.hadoop.hdds.scm.pipeline.PipelineFactory.create(PipelineFactory.java:57)
	at org.apache.hadoop.hdds.scm.pipeline.SCMPipelineManager.createPipeline(SCMPipelineManager.java:149)
	at org.apache.hadoop.hdds.scm.block.BlockManagerImpl.allocateBlock(BlockManagerImpl.java:190)
	at org.apache.hadoop.hdds.scm.server.SCMBlockProtocolServer.allocateBlock(SCMBlockProtocolServer.java:175)
	at org.apache.hadoop.ozone.protocolPB.ScmBlockLocationProtocolServerSideTranslatorPB.allocateScmBlock(ScmBlockLocationProtocolServerSideTranslatorPB.java:153)
	at org.apache.hadoop.ozone.protocolPB.ScmBlockLocationProtocolServerSideTranslatorPB.send(ScmBlockLocationProtocolServerSideTranslatorPB.java:112)
	at org.apache.hadoop.hdds.protocol.proto.ScmBlockLocationProtocolProtos$ScmBlockLocationProtocolService$2.callBlockingMethod(ScmBlockLocationProtocolProtos.java:13157)
	at org.apache.hadoop.ipc.ProtobufRpcEngine$Server$ProtoBufRpcInvoker.call(ProtobufRpcEngine.java:524)
	at org.apache.hadoop.ipc.RPC$Server.call(RPC.java:1025)
	at org.apache.hadoop.ipc.Server$RpcCall.run(Server.java:876)
	at org.apache.hadoop.ipc.Server$RpcCall.run(Server.java:822)
	at java.security.AccessController.doPrivileged(Native Method)
	at javax.security.auth.Subject.doAs(Subject.java:422)
	at org.apache.hadoop.security.UserGroupInformation.doAs(UserGroupInformation.java:1730)
	at org.apache.hadoop.ipc.Server$Handler.run(Server.java:2682)
2019-09-20 08:51:29,296 [IPC Server handler 14 on 35288] INFO  pipeline.PipelinePlacementPolicy (PipelinePlacementPolicy.java:meetCriteria(91)) - Pipeline Placement: Doesn't meet the criteria to be viable node： d183acf8-c1d4-40f7-ba5a-175455d3bd55 Heaviness: 6 limit: 5
2019-09-20 08:51:29,297 [IPC Server handler 14 on 35288] INFO  pipeline.PipelinePlacementPolicy (PipelinePlacementPolicy.java:meetCriteria(91)) - Pipeline Placement: Doesn't meet the criteria to be viable node： 2a6ce4d1-5069-4aeb-8b94-5f253cd23bfc Heaviness: 6 limit: 5
2019-09-20 08:51:29,297 [IPC Server handler 14 on 35288] INFO  pipeline.PipelinePlacementPolicy (PipelinePlacementPolicy.java:meetCriteria(91)) - Pipeline Placement: Doesn't meet the criteria to be viable node： 972eec63-801b-4789-a14a-664c049671ee Heaviness: 6 limit: 5
2019-09-20 08:51:29,296 [IPC Server handler 9 on 35288] INFO  block.BlockManagerImpl (BlockManagerImpl.java:allocateBlock(198)) - Could not find available pipeline of type:RATIS and factor:THREE even after retrying
2019-09-20 08:51:29,297 [IPC Server handler 14 on 35288] INFO  pipeline.PipelinePlacementPolicy (PipelinePlacementPolicy.java:meetCriteria(91)) - Pipeline Placement: Doesn't meet the criteria to be viable node： 5e9b3ca5-d58f-427a-bd11-930d28ac57d8 Heaviness: 6 limit: 5
2019-09-20 08:51:29,297 [pool-83-thread-7] ERROR freon.RandomKeyGenerator (RandomKeyGenerator.java:createKey(724)) - Exception while adding key: key-0-92912 in bucket: bucket-0-25762 of volume: vol-4-01234.
INTERNAL_ERROR org.apache.hadoop.ozone.om.exceptions.OMException: Allocated 0 blocks. Requested 1 blocks
	at org.apache.hadoop.ozone.om.protocolPB.OzoneManagerProtocolClientSideTranslatorPB.handleError(OzoneManagerProtocolClientSideTranslatorPB.java:725)
	at org.apache.hadoop.ozone.om.protocolPB.OzoneManagerProtocolClientSideTranslatorPB.openKey(OzoneManagerProtocolClientSideTranslatorPB.java:716)
	at org.apache.hadoop.ozone.client.rpc.RpcClient.createKey(RpcClient.java:615)
	at org.apache.hadoop.ozone.client.OzoneBucket.createKey(OzoneBucket.java:323)
	at org.apache.hadoop.ozone.freon.RandomKeyGenerator.createKey(RandomKeyGenerator.java:686)
	at org.apache.hadoop.ozone.freon.RandomKeyGenerator.access$1100(RandomKeyGenerator.java:87)
	at org.apache.hadoop.ozone.freon.RandomKeyGenerator$ObjectCreator.run(RandomKeyGenerator.java:606)
	at java.util.concurrent.Executors$RunnableAdapter.call(Executors.java:511)
	at java.util.concurrent.FutureTask.run(FutureTask.java:266)
	at java.util.concurrent.ThreadPoolExecutor.runWorker(ThreadPoolExecutor.java:1149)
	at java.util.concurrent.ThreadPoolExecutor$Worker.run(ThreadPoolExecutor.java:624)
	at java.lang.Thread.run(Thread.java:748)
2019-09-20 08:51:29,298 [IPC Server handler 14 on 35288] INFO  pipeline.PipelinePlacementPolicy (PipelinePlacementPolicy.java:meetCriteria(91)) - Pipeline Placement: Doesn't meet the criteria to be viable node： 64119811-c299-4353-bef2-4f1f08694db1 Heaviness: 6 limit: 5
2019-09-20 08:51:29,297 [IPC Server handler 9 on 35288] ERROR block.BlockManagerImpl (BlockManagerImpl.java:allocateBlock(222)) - Unable to allocate a block for the size: 4194304, type: RATIS, factor: THREE
2019-09-20 08:51:29,298 [IPC Server handler 14 on 35288] ERROR pipeline.PipelinePlacementPolicy (PipelinePlacementPolicy.java:filterViableNodes(148)) - Unable to find enough nodes that meet the criteria that cannot engage in more than 5 pipelines. Nodes required: 3 Found: 0, healthy nodes count inNodeManager: 5.
2019-09-20 08:51:29,298 | INFO  | SCMAudit | user=jenkins1000 | ip=192.168.36.79 | op=ALLOCATE_BLOCK {owner=de213d33-d5bc-4e32-9ee1-d102376c7a7f, size=4194304, type=RATIS, factor=THREE} | ret=SUCCESS |  
2019-09-20 08:51:29,299 [IPC Server handler 14 on 35288] ERROR pipeline.SCMPipelineManager (SCMPipelineManager.java:createPipeline(161)) - Pipeline creation failed due to exception: Unable to find enough nodes that meet the criteria that cannot engage in more than 5 pipelines. Nodes required: 3 Found: 0, healthy nodes count inNodeManager: 5.
2019-09-20 08:51:29,299 [IPC Server handler 14 on 35288] WARN  block.BlockManagerImpl (BlockManagerImpl.java:allocateBlock(192)) - Pipeline creation failed for type:RATIS factor:THREE. Retrying get pipelines call once.
org.apache.hadoop.hdds.scm.exceptions.SCMException: Unable to find enough nodes that meet the criteria that cannot engage in more than 5 pipelines. Nodes required: 3 Found: 0, healthy nodes count inNodeManager: 5.
	at org.apache.hadoop.hdds.scm.pipeline.PipelinePlacementPolicy.filterViableNodes(PipelinePlacementPolicy.java:149)
	at org.apache.hadoop.hdds.scm.pipeline.PipelinePlacementPolicy.chooseDatanodes(PipelinePlacementPolicy.java:172)
	at org.apache.hadoop.hdds.scm.pipeline.RatisPipelineProvider.create(RatisPipelineProvider.java:92)
	at org.apache.hadoop.hdds.scm.pipeline.PipelineFactory.create(PipelineFactory.java:57)
	at org.apache.hadoop.hdds.scm.pipeline.SCMPipelineManager.createPipeline(SCMPipelineManager.java:149)
	at org.apache.hadoop.hdds.scm.block.BlockManagerImpl.allocateBlock(BlockManagerImpl.java:190)
	at org.apache.hadoop.hdds.scm.server.SCMBlockProtocolServer.allocateBlock(SCMBlockProtocolServer.java:175)
	at org.apache.hadoop.ozone.protocolPB.ScmBlockLocationProtocolServerSideTranslatorPB.allocateScmBlock(ScmBlockLocationProtocolServerSideTranslatorPB.java:153)
	at org.apache.hadoop.ozone.protocolPB.ScmBlockLocationProtocolServerSideTranslatorPB.send(ScmBlockLocationProtocolServerSideTranslatorPB.java:112)
	at org.apache.hadoop.hdds.protocol.proto.ScmBlockLocationProtocolProtos$ScmBlockLocationProtocolService$2.callBlockingMethod(ScmBlockLocationProtocolProtos.java:13157)
	at org.apache.hadoop.ipc.ProtobufRpcEngine$Server$ProtoBufRpcInvoker.call(ProtobufRpcEngine.java:524)
	at org.apache.hadoop.ipc.RPC$Server.call(RPC.java:1025)
	at org.apache.hadoop.ipc.Server$RpcCall.run(Server.java:876)
	at org.apache.hadoop.ipc.Server$RpcCall.run(Server.java:822)
	at java.security.AccessController.doPrivileged(Native Method)
	at javax.security.auth.Subject.doAs(Subject.java:422)
	at org.apache.hadoop.security.UserGroupInformation.doAs(UserGroupInformation.java:1730)
	at org.apache.hadoop.ipc.Server$Handler.run(Server.java:2682)
2019-09-20 08:51:29,299 [IPC Server handler 10 on 35288] INFO  pipeline.PipelinePlacementPolicy (PipelinePlacementPolicy.java:meetCriteria(91)) - Pipeline Placement: Doesn't meet the criteria to be viable node： d183acf8-c1d4-40f7-ba5a-175455d3bd55 Heaviness: 6 limit: 5
2019-09-20 08:51:29,299 [IPC Server handler 10 on 35288] INFO  pipeline.PipelinePlacementPolicy (PipelinePlacementPolicy.java:meetCriteria(91)) - Pipeline Placement: Doesn't meet the criteria to be viable node： 2a6ce4d1-5069-4aeb-8b94-5f253cd23bfc Heaviness: 6 limit: 5
2019-09-20 08:51:29,300 [IPC Server handler 10 on 35288] INFO  pipeline.PipelinePlacementPolicy (PipelinePlacementPolicy.java:meetCriteria(91)) - Pipeline Placement: Doesn't meet the criteria to be viable node： 972eec63-801b-4789-a14a-664c049671ee Heaviness: 6 limit: 5
2019-09-20 08:51:29,299 [IPC Server handler 7 on 35288] INFO  block.BlockManagerImpl (BlockManagerImpl.java:allocateBlock(198)) - Could not find available pipeline of type:RATIS and factor:THREE even after retrying
2019-09-20 08:51:29,300 [IPC Server handler 10 on 35288] INFO  pipeline.PipelinePlacementPolicy (PipelinePlacementPolicy.java:meetCriteria(91)) - Pipeline Placement: Doesn't meet the criteria to be viable node： 5e9b3ca5-d58f-427a-bd11-930d28ac57d8 Heaviness: 6 limit: 5
2019-09-20 08:51:29,300 [IPC Server handler 10 on 35288] INFO  pipeline.PipelinePlacementPolicy (PipelinePlacementPolicy.java:meetCriteria(91)) - Pipeline Placement: Doesn't meet the criteria to be viable node： 64119811-c299-4353-bef2-4f1f08694db1 Heaviness: 6 limit: 5
2019-09-20 08:51:29,300 [IPC Server handler 7 on 35288] ERROR block.BlockManagerImpl (BlockManagerImpl.java:allocateBlock(222)) - Unable to allocate a block for the size: 4194304, type: RATIS, factor: THREE
2019-09-20 08:51:29,301 | INFO  | SCMAudit | user=jenkins1000 | ip=192.168.36.79 | op=ALLOCATE_BLOCK {owner=de213d33-d5bc-4e32-9ee1-d102376c7a7f, size=4194304, type=RATIS, factor=THREE} | ret=SUCCESS |  
2019-09-20 08:51:29,300 [IPC Server handler 10 on 35288] ERROR pipeline.PipelinePlacementPolicy (PipelinePlacementPolicy.java:filterViableNodes(148)) - Unable to find enough nodes that meet the criteria that cannot engage in more than 5 pipelines. Nodes required: 3 Found: 0, healthy nodes count inNodeManager: 5.
2019-09-20 08:51:29,301 [IPC Server handler 10 on 35288] ERROR pipeline.SCMPipelineManager (SCMPipelineManager.java:createPipeline(161)) - Pipeline creation failed due to exception: Unable to find enough nodes that meet the criteria that cannot engage in more than 5 pipelines. Nodes required: 3 Found: 0, healthy nodes count inNodeManager: 5.
2019-09-20 08:51:29,300 | ERROR | OMAudit | user=jenkins1000 | ip=127.0.0.1 | op=ALLOCATE_KEY {volume=vol-2-17132, bucket=bucket-0-16952, key=key-0-81001, dataSize=10240, replicationType=RATIS, replicationFactor=THREE, keyLocationInfo=null} | ret=FAILURE | org.apache.hadoop.hdds.scm.exceptions.SCMException: Allocated 0 blocks. Requested 1 blocks
	at org.apache.hadoop.hdds.scm.protocolPB.ScmBlockLocationProtocolClientSideTranslatorPB.handleError(ScmBlockLocationProtocolClientSideTranslatorPB.java:118)
	at org.apache.hadoop.hdds.scm.protocolPB.ScmBlockLocationProtocolClientSideTranslatorPB.allocateBlock(ScmBlockLocationProtocolClientSideTranslatorPB.java:156) 
2019-09-20 08:51:29,301 [IPC Server handler 10 on 35288] WARN  block.BlockManagerImpl (BlockManagerImpl.java:allocateBlock(192)) - Pipeline creation failed for type:RATIS factor:THREE. Retrying get pipelines call once.
org.apache.hadoop.hdds.scm.exceptions.SCMException: Unable to find enough nodes that meet the criteria that cannot engage in more than 5 pipelines. Nodes required: 3 Found: 0, healthy nodes count inNodeManager: 5.
	at org.apache.hadoop.hdds.scm.pipeline.PipelinePlacementPolicy.filterViableNodes(PipelinePlacementPolicy.java:149)
	at org.apache.hadoop.hdds.scm.pipeline.PipelinePlacementPolicy.chooseDatanodes(PipelinePlacementPolicy.java:172)
	at org.apache.hadoop.hdds.scm.pipeline.RatisPipelineProvider.create(RatisPipelineProvider.java:92)
	at org.apache.hadoop.hdds.scm.pipeline.PipelineFactory.create(PipelineFactory.java:57)
	at org.apache.hadoop.hdds.scm.pipeline.SCMPipelineManager.createPipeline(SCMPipelineManager.java:149)
	at org.apache.hadoop.hdds.scm.block.BlockManagerImpl.allocateBlock(BlockManagerImpl.java:190)
	at org.apache.hadoop.hdds.scm.server.SCMBlockProtocolServer.allocateBlock(SCMBlockProtocolServer.java:175)
	at org.apache.hadoop.ozone.protocolPB.ScmBlockLocationProtocolServerSideTranslatorPB.allocateScmBlock(ScmBlockLocationProtocolServerSideTranslatorPB.java:153)
	at org.apache.hadoop.ozone.protocolPB.ScmBlockLocationProtocolServerSideTranslatorPB.send(ScmBlockLocationProtocolServerSideTranslatorPB.java:112)
	at org.apache.hadoop.hdds.protocol.proto.ScmBlockLocationProtocolProtos$ScmBlockLocationProtocolService$2.callBlockingMethod(ScmBlockLocationProtocolProtos.java:13157)
	at org.apache.hadoop.ipc.ProtobufRpcEngine$Server$ProtoBufRpcInvoker.call(ProtobufRpcEngine.java:524)
	at org.apache.hadoop.ipc.RPC$Server.call(RPC.java:1025)
	at org.apache.hadoop.ipc.Server$RpcCall.run(Server.java:876)
	at org.apache.hadoop.ipc.Server$RpcCall.run(Server.java:822)
	at java.security.AccessController.doPrivileged(Native Method)
	at javax.security.auth.Subject.doAs(Subject.java:422)
	at org.apache.hadoop.security.UserGroupInformation.doAs(UserGroupInformation.java:1730)
	at org.apache.hadoop.ipc.Server$Handler.run(Server.java:2682)
2019-09-20 08:51:29,301 | ERROR | OMAudit | user=jenkins1000 | ip=127.0.0.1 | op=ALLOCATE_KEY {volume=vol-6-07734, bucket=bucket-0-01985, key=key-0-66085, dataSize=10240, replicationType=RATIS, replicationFactor=THREE, keyLocationInfo=null} | ret=FAILURE | org.apache.hadoop.hdds.scm.exceptions.SCMException: Allocated 0 blocks. Requested 1 blocks
	at org.apache.hadoop.hdds.scm.protocolPB.ScmBlockLocationProtocolClientSideTranslatorPB.handleError(ScmBlockLocationProtocolClientSideTranslatorPB.java:118)
	at org.apache.hadoop.hdds.scm.protocolPB.ScmBlockLocationProtocolClientSideTranslatorPB.allocateBlock(ScmBlockLocationProtocolClientSideTranslatorPB.java:156) 
2019-09-20 08:51:29,301 [IPC Server handler 14 on 35288] INFO  block.BlockManagerImpl (BlockManagerImpl.java:allocateBlock(198)) - Could not find available pipeline of type:RATIS and factor:THREE even after retrying
2019-09-20 08:51:29,301 [pool-83-thread-5] ERROR freon.RandomKeyGenerator (RandomKeyGenerator.java:createKey(724)) - Exception while adding key: key-0-81001 in bucket: bucket-0-16952 of volume: vol-2-17132.
INTERNAL_ERROR org.apache.hadoop.ozone.om.exceptions.OMException: Allocated 0 blocks. Requested 1 blocks
	at org.apache.hadoop.ozone.om.protocolPB.OzoneManagerProtocolClientSideTranslatorPB.handleError(OzoneManagerProtocolClientSideTranslatorPB.java:725)
	at org.apache.hadoop.ozone.om.protocolPB.OzoneManagerProtocolClientSideTranslatorPB.openKey(OzoneManagerProtocolClientSideTranslatorPB.java:716)
	at org.apache.hadoop.ozone.client.rpc.RpcClient.createKey(RpcClient.java:615)
	at org.apache.hadoop.ozone.client.OzoneBucket.createKey(OzoneBucket.java:323)
	at org.apache.hadoop.ozone.freon.RandomKeyGenerator.createKey(RandomKeyGenerator.java:686)
	at org.apache.hadoop.ozone.freon.RandomKeyGenerator.access$1100(RandomKeyGenerator.java:87)
	at org.apache.hadoop.ozone.freon.RandomKeyGenerator$ObjectCreator.run(RandomKeyGenerator.java:606)
	at java.util.concurrent.Executors$RunnableAdapter.call(Executors.java:511)
	at java.util.concurrent.FutureTask.run(FutureTask.java:266)
	at java.util.concurrent.ThreadPoolExecutor.runWorker(ThreadPoolExecutor.java:1149)
	at java.util.concurrent.ThreadPoolExecutor$Worker.run(ThreadPoolExecutor.java:624)
	at java.lang.Thread.run(Thread.java:748)
2019-09-20 08:51:29,301 [IPC Server handler 10 on 35288] INFO  block.BlockManagerImpl (BlockManagerImpl.java:allocateBlock(198)) - Could not find available pipeline of type:RATIS and factor:THREE even after retrying
2019-09-20 08:51:29,302 [pool-83-thread-4] ERROR freon.RandomKeyGenerator (RandomKeyGenerator.java:createKey(724)) - Exception while adding key: key-0-66085 in bucket: bucket-0-01985 of volume: vol-6-07734.
INTERNAL_ERROR org.apache.hadoop.ozone.om.exceptions.OMException: Allocated 0 blocks. Requested 1 blocks
	at org.apache.hadoop.ozone.om.protocolPB.OzoneManagerProtocolClientSideTranslatorPB.handleError(OzoneManagerProtocolClientSideTranslatorPB.java:725)
	at org.apache.hadoop.ozone.om.protocolPB.OzoneManagerProtocolClientSideTranslatorPB.openKey(OzoneManagerProtocolClientSideTranslatorPB.java:716)
	at org.apache.hadoop.ozone.client.rpc.RpcClient.createKey(RpcClient.java:615)
	at org.apache.hadoop.ozone.client.OzoneBucket.createKey(OzoneBucket.java:323)
	at org.apache.hadoop.ozone.freon.RandomKeyGenerator.createKey(RandomKeyGenerator.java:686)
	at org.apache.hadoop.ozone.freon.RandomKeyGenerator.access$1100(RandomKeyGenerator.java:87)
	at org.apache.hadoop.ozone.freon.RandomKeyGenerator$ObjectCreator.run(RandomKeyGenerator.java:606)
	at java.util.concurrent.Executors$RunnableAdapter.call(Executors.java:511)
	at java.util.concurrent.FutureTask.run(FutureTask.java:266)
	at java.util.concurrent.ThreadPoolExecutor.runWorker(ThreadPoolExecutor.java:1149)
	at java.util.concurrent.ThreadPoolExecutor$Worker.run(ThreadPoolExecutor.java:624)
	at java.lang.Thread.run(Thread.java:748)
2019-09-20 08:51:29,302 [IPC Server handler 14 on 35288] ERROR block.BlockManagerImpl (BlockManagerImpl.java:allocateBlock(222)) - Unable to allocate a block for the size: 4194304, type: RATIS, factor: THREE
2019-09-20 08:51:29,302 [IPC Server handler 10 on 35288] ERROR block.BlockManagerImpl (BlockManagerImpl.java:allocateBlock(222)) - Unable to allocate a block for the size: 4194304, type: RATIS, factor: THREE
2019-09-20 08:51:29,303 | INFO  | SCMAudit | user=jenkins1000 | ip=192.168.36.79 | op=ALLOCATE_BLOCK {owner=de213d33-d5bc-4e32-9ee1-d102376c7a7f, size=4194304, type=RATIS, factor=THREE} | ret=SUCCESS |  
2019-09-20 08:51:29,303 | INFO  | SCMAudit | user=jenkins1000 | ip=192.168.36.79 | op=ALLOCATE_BLOCK {owner=de213d33-d5bc-4e32-9ee1-d102376c7a7f, size=4194304, type=RATIS, factor=THREE} | ret=SUCCESS |  
2019-09-20 08:51:29,303 | ERROR | OMAudit | user=jenkins1000 | ip=127.0.0.1 | op=ALLOCATE_KEY {volume=vol-0-16761, bucket=bucket-0-09066, key=key-0-86794, dataSize=10240, replicationType=RATIS, replicationFactor=THREE, keyLocationInfo=null} | ret=FAILURE | org.apache.hadoop.hdds.scm.exceptions.SCMException: Allocated 0 blocks. Requested 1 blocks
	at org.apache.hadoop.hdds.scm.protocolPB.ScmBlockLocationProtocolClientSideTranslatorPB.handleError(ScmBlockLocationProtocolClientSideTranslatorPB.java:118)
	at org.apache.hadoop.hdds.scm.protocolPB.ScmBlockLocationProtocolClientSideTranslatorPB.allocateBlock(ScmBlockLocationProtocolClientSideTranslatorPB.java:156) 
2019-09-20 08:51:29,303 | ERROR | OMAudit | user=jenkins1000 | ip=127.0.0.1 | op=ALLOCATE_KEY {volume=vol-5-53679, bucket=bucket-0-88144, key=key-0-72611, dataSize=10240, replicationType=RATIS, replicationFactor=THREE, keyLocationInfo=null} | ret=FAILURE | org.apache.hadoop.hdds.scm.exceptions.SCMException: Allocated 0 blocks. Requested 1 blocks
	at org.apache.hadoop.hdds.scm.protocolPB.ScmBlockLocationProtocolClientSideTranslatorPB.handleError(ScmBlockLocationProtocolClientSideTranslatorPB.java:118)
	at org.apache.hadoop.hdds.scm.protocolPB.ScmBlockLocationProtocolClientSideTranslatorPB.allocateBlock(ScmBlockLocationProtocolClientSideTranslatorPB.java:156) 
2019-09-20 08:51:29,304 [pool-83-thread-3] ERROR freon.RandomKeyGenerator (RandomKeyGenerator.java:createKey(724)) - Exception while adding key: key-0-86794 in bucket: bucket-0-09066 of volume: vol-0-16761.
INTERNAL_ERROR org.apache.hadoop.ozone.om.exceptions.OMException: Allocated 0 blocks. Requested 1 blocks
	at org.apache.hadoop.ozone.om.protocolPB.OzoneManagerProtocolClientSideTranslatorPB.handleError(OzoneManagerProtocolClientSideTranslatorPB.java:725)
	at org.apache.hadoop.ozone.om.protocolPB.OzoneManagerProtocolClientSideTranslatorPB.openKey(OzoneManagerProtocolClientSideTranslatorPB.java:716)
	at org.apache.hadoop.ozone.client.rpc.RpcClient.createKey(RpcClient.java:615)
	at org.apache.hadoop.ozone.client.OzoneBucket.createKey(OzoneBucket.java:323)
	at org.apache.hadoop.ozone.freon.RandomKeyGenerator.createKey(RandomKeyGenerator.java:686)
	at org.apache.hadoop.ozone.freon.RandomKeyGenerator.access$1100(RandomKeyGenerator.java:87)
	at org.apache.hadoop.ozone.freon.RandomKeyGenerator$ObjectCreator.run(RandomKeyGenerator.java:606)
	at java.util.concurrent.Executors$RunnableAdapter.call(Executors.java:511)
	at java.util.concurrent.FutureTask.run(FutureTask.java:266)
	at java.util.concurrent.ThreadPoolExecutor.runWorker(ThreadPoolExecutor.java:1149)
	at java.util.concurrent.ThreadPoolExecutor$Worker.run(ThreadPoolExecutor.java:624)
	at java.lang.Thread.run(Thread.java:748)
2019-09-20 08:51:29,304 [pool-83-thread-8] ERROR freon.RandomKeyGenerator (RandomKeyGenerator.java:createKey(724)) - Exception while adding key: key-0-72611 in bucket: bucket-0-88144 of volume: vol-5-53679.
INTERNAL_ERROR org.apache.hadoop.ozone.om.exceptions.OMException: Allocated 0 blocks. Requested 1 blocks
	at org.apache.hadoop.ozone.om.protocolPB.OzoneManagerProtocolClientSideTranslatorPB.handleError(OzoneManagerProtocolClientSideTranslatorPB.java:725)
	at org.apache.hadoop.ozone.om.protocolPB.OzoneManagerProtocolClientSideTranslatorPB.openKey(OzoneManagerProtocolClientSideTranslatorPB.java:716)
	at org.apache.hadoop.ozone.client.rpc.RpcClient.createKey(RpcClient.java:615)
	at org.apache.hadoop.ozone.client.OzoneBucket.createKey(OzoneBucket.java:323)
	at org.apache.hadoop.ozone.freon.RandomKeyGenerator.createKey(RandomKeyGenerator.java:686)
	at org.apache.hadoop.ozone.freon.RandomKeyGenerator.access$1100(RandomKeyGenerator.java:87)
	at org.apache.hadoop.ozone.freon.RandomKeyGenerator$ObjectCreator.run(RandomKeyGenerator.java:606)
	at java.util.concurrent.Executors$RunnableAdapter.call(Executors.java:511)
	at java.util.concurrent.FutureTask.run(FutureTask.java:266)
	at java.util.concurrent.ThreadPoolExecutor.runWorker(ThreadPoolExecutor.java:1149)
	at java.util.concurrent.ThreadPoolExecutor$Worker.run(ThreadPoolExecutor.java:624)
	at java.lang.Thread.run(Thread.java:748)
2019-09-20 08:51:29,855 | INFO  | SCMAudit | user=jenkins1000 | ip=192.168.36.79 | op=SEND_HEARTBEAT {datanodeUUID=5e9b3ca5-d58f-427a-bd11-930d28ac57d8, command=[]} | ret=SUCCESS |  
2019-09-20 08:51:29,855 | INFO  | SCMAudit | user=jenkins1000 | ip=192.168.36.79 | op=SEND_HEARTBEAT {datanodeUUID=d183acf8-c1d4-40f7-ba5a-175455d3bd55, command=[]} | ret=SUCCESS |  
2019-09-20 08:51:29,954 | INFO  | SCMAudit | user=jenkins1000 | ip=192.168.36.79 | op=SEND_HEARTBEAT {datanodeUUID=64119811-c299-4353-bef2-4f1f08694db1, command=[]} | ret=SUCCESS |  
2019-09-20 08:51:29,963 | INFO  | SCMAudit | user=jenkins1000 | ip=192.168.36.79 | op=SEND_HEARTBEAT {datanodeUUID=2a6ce4d1-5069-4aeb-8b94-5f253cd23bfc, command=[]} | ret=SUCCESS |  
 0.00% |█                                                                                                    |  0/100 Time: 0:00:012019-09-20 08:51:30,242 | INFO  | SCMAudit | user=jenkins1000 | ip=192.168.36.79 | op=SEND_HEARTBEAT {datanodeUUID=972eec63-801b-4789-a14a-664c049671ee, command=[]} | ret=SUCCESS |  
2019-09-20 08:51:30,855 | INFO  | SCMAudit | user=jenkins1000 | ip=192.168.36.79 | op=SEND_HEARTBEAT {datanodeUUID=d183acf8-c1d4-40f7-ba5a-175455d3bd55, command=[]} | ret=SUCCESS |  
2019-09-20 08:51:30,855 | INFO  | SCMAudit | user=jenkins1000 | ip=192.168.36.79 | op=SEND_HEARTBEAT {datanodeUUID=5e9b3ca5-d58f-427a-bd11-930d28ac57d8, command=[]} | ret=SUCCESS |  
2019-09-20 08:51:30,953 | INFO  | SCMAudit | user=jenkins1000 | ip=192.168.36.79 | op=SEND_HEARTBEAT {datanodeUUID=64119811-c299-4353-bef2-4f1f08694db1, command=[]} | ret=SUCCESS |  
2019-09-20 08:51:30,962 | INFO  | SCMAudit | user=jenkins1000 | ip=192.168.36.79 | op=SEND_HEARTBEAT {datanodeUUID=2a6ce4d1-5069-4aeb-8b94-5f253cd23bfc, command=[]} | ret=SUCCESS |  
 0.00% |█                                                                                                    |  0/100 Time: 0:00:022019-09-20 08:51:31,243 | INFO  | SCMAudit | user=jenkins1000 | ip=192.168.36.79 | op=SEND_HEARTBEAT {datanodeUUID=972eec63-801b-4789-a14a-664c049671ee, command=[]} | ret=SUCCESS |  
2019-09-20 08:51:31,855 | INFO  | SCMAudit | user=jenkins1000 | ip=192.168.36.79 | op=SEND_HEARTBEAT {datanodeUUID=5e9b3ca5-d58f-427a-bd11-930d28ac57d8, command=[]} | ret=SUCCESS |  
2019-09-20 08:51:31,855 | INFO  | SCMAudit | user=jenkins1000 | ip=192.168.36.79 | op=SEND_HEARTBEAT {datanodeUUID=d183acf8-c1d4-40f7-ba5a-175455d3bd55, command=[]} | ret=SUCCESS |  
2019-09-20 08:51:31,953 | INFO  | SCMAudit | user=jenkins1000 | ip=192.168.36.79 | op=SEND_HEARTBEAT {datanodeUUID=64119811-c299-4353-bef2-4f1f08694db1, command=[]} | ret=SUCCESS |  
2019-09-20 08:51:31,963 | INFO  | SCMAudit | user=jenkins1000 | ip=192.168.36.79 | op=SEND_HEARTBEAT {datanodeUUID=2a6ce4d1-5069-4aeb-8b94-5f253cd23bfc, command=[]} | ret=SUCCESS |  
 0.00% |█                                                                                                    |  0/100 Time: 0:00:032019-09-20 08:51:32,243 | INFO  | SCMAudit | user=jenkins1000 | ip=192.168.36.79 | op=SEND_HEARTBEAT {datanodeUUID=972eec63-801b-4789-a14a-664c049671ee, command=[]} | ret=SUCCESS |  
2019-09-20 08:51:32,855 | INFO  | SCMAudit | user=jenkins1000 | ip=192.168.36.79 | op=SEND_HEARTBEAT {datanodeUUID=5e9b3ca5-d58f-427a-bd11-930d28ac57d8, command=[]} | ret=SUCCESS |  
2019-09-20 08:51:32,855 | INFO  | SCMAudit | user=jenkins1000 | ip=192.168.36.79 | op=SEND_HEARTBEAT {datanodeUUID=d183acf8-c1d4-40f7-ba5a-175455d3bd55, command=[]} | ret=SUCCESS |  
2019-09-20 08:51:32,953 | INFO  | SCMAudit | user=jenkins1000 | ip=192.168.36.79 | op=SEND_HEARTBEAT {datanodeUUID=64119811-c299-4353-bef2-4f1f08694db1, command=[]} | ret=SUCCESS |  
2019-09-20 08:51:32,963 | INFO  | SCMAudit | user=jenkins1000 | ip=192.168.36.79 | op=SEND_HEARTBEAT {datanodeUUID=2a6ce4d1-5069-4aeb-8b94-5f253cd23bfc, command=[]} | ret=SUCCESS |  
 0.00% |█                                                                                                    |  0/100 Time: 0:00:042019-09-20 08:51:33,244 | INFO  | SCMAudit | user=jenkins1000 | ip=192.168.36.79 | op=SEND_HEARTBEAT {datanodeUUID=972eec63-801b-4789-a14a-664c049671ee, command=[]} | ret=SUCCESS |  
2019-09-20 08:51:33,855 | INFO  | SCMAudit | user=jenkins1000 | ip=192.168.36.79 | op=SEND_HEARTBEAT {datanodeUUID=5e9b3ca5-d58f-427a-bd11-930d28ac57d8, command=[]} | ret=SUCCESS |  
2019-09-20 08:51:33,856 | INFO  | SCMAudit | user=jenkins1000 | ip=192.168.36.79 | op=SEND_HEARTBEAT {datanodeUUID=d183acf8-c1d4-40f7-ba5a-175455d3bd55, command=[]} | ret=SUCCESS |  
2019-09-20 08:51:33,953 | INFO  | SCMAudit | user=jenkins1000 | ip=192.168.36.79 | op=SEND_HEARTBEAT {datanodeUUID=64119811-c299-4353-bef2-4f1f08694db1, command=[]} | ret=SUCCESS |  
2019-09-20 08:51:33,963 | INFO  | SCMAudit | user=jenkins1000 | ip=192.168.36.79 | op=SEND_HEARTBEAT {datanodeUUID=2a6ce4d1-5069-4aeb-8b94-5f253cd23bfc, command=[]} | ret=SUCCESS |  
 100.00% |█████████████████████████████████████████████████████████████████████████████████████████████████████|  100/100 Time: 0:00:05
]]></system-out>
  </testcase>
</testsuite>