<?xml version="1.0" encoding="UTF-8"?>
<testsuite xmlns:xsi="http://www.w3.org/2001/XMLSchema-instance" xsi:noNamespaceSchemaLocation="https://maven.apache.org/surefire/maven-surefire-plugin/xsd/surefire-test-report.xsd" name="org.apache.hadoop.ozone.client.rpc.TestBlockOutputStreamWithFailures" time="777.088" tests="8" errors="0" skipped="0" failures="1">
  <properties>
    <property name="awt.toolkit" value="sun.awt.X11.XToolkit"/>
    <property name="file.encoding.pkg" value="sun.io"/>
    <property name="java.specification.version" value="1.8"/>
    <property name="sun.cpu.isalist" value=""/>
    <property name="sun.jnu.encoding" value="UTF-8"/>
    <property name="java.class.path" value="/workdir/hadoop-ozone/integration-test/target/test-classes:/workdir/hadoop-ozone/integration-test/target/classes:/home/user/.m2/repository/org/apache/hadoop/hadoop-ozone-common/0.5.0-SNAPSHOT/hadoop-ozone-common-0.5.0-SNAPSHOT.jar:/home/user/.m2/repository/org/apache/commons/commons-compress/1.4.1/commons-compress-1.4.1.jar:/home/user/.m2/repository/org/tukaani/xz/1.0/xz-1.0.jar:/home/user/.m2/repository/org/apache/hadoop/hadoop-common/3.2.0/hadoop-common-3.2.0.jar:/home/user/.m2/repository/org/apache/hadoop/hadoop-hdfs/3.2.0/hadoop-hdfs-3.2.0.jar:/home/user/.m2/repository/org/apache/hadoop/hadoop-hdfs-client/3.2.0/hadoop-hdfs-client-3.2.0.jar:/home/user/.m2/repository/com/fasterxml/jackson/core/jackson-annotations/2.9.5/jackson-annotations-2.9.5.jar:/home/user/.m2/repository/org/apache/hadoop/hadoop-hdds-common/0.5.0-SNAPSHOT/hadoop-hdds-common-0.5.0-SNAPSHOT.jar:/home/user/.m2/repository/javax/annotation/javax.annotation-api/1.2/javax.annotation-api-1.2.jar:/home/user/.m2/repository/org/apache/ratis/ratis-server/0.4.0-2337318-SNAPSHOT/ratis-server-0.4.0-2337318-SNAPSHOT.jar:/home/user/.m2/repository/org/apache/ratis/ratis-thirdparty-misc/0.2.0/ratis-thirdparty-misc-0.2.0.jar:/home/user/.m2/repository/org/apache/ratis/ratis-proto/0.4.0-2337318-SNAPSHOT/ratis-proto-0.4.0-2337318-SNAPSHOT.jar:/home/user/.m2/repository/org/apache/ratis/ratis-common/0.4.0-2337318-SNAPSHOT/ratis-common-0.4.0-2337318-SNAPSHOT.jar:/home/user/.m2/repository/org/apache/ratis/ratis-client/0.4.0-2337318-SNAPSHOT/ratis-client-0.4.0-2337318-SNAPSHOT.jar:/home/user/.m2/repository/org/apache/ratis/ratis-metrics/0.4.0-2337318-SNAPSHOT/ratis-metrics-0.4.0-2337318-SNAPSHOT.jar:/home/user/.m2/repository/org/apache/ratis/ratis-netty/0.4.0-2337318-SNAPSHOT/ratis-netty-0.4.0-2337318-SNAPSHOT.jar:/home/user/.m2/repository/org/apache/ratis/ratis-grpc/0.4.0-2337318-SNAPSHOT/ratis-grpc-0.4.0-2337318-SNAPSHOT.jar:/home/user/.m2/repository/org/rocksdb/rocksdbjni/6.0.1/rocksdbjni-6.0.1.jar:/home/user/.m2/repository/org/apache/logging/log4j/log4j-api/2.11.0/log4j-api-2.11.0.jar:/home/user/.m2/repository/org/apache/logging/log4j/log4j-core/2.11.0/log4j-core-2.11.0.jar:/home/user/.m2/repository/com/lmax/disruptor/3.4.2/disruptor-3.4.2.jar:/home/user/.m2/repository/org/apache/commons/commons-pool2/2.6.0/commons-pool2-2.6.0.jar:/home/user/.m2/repository/org/bouncycastle/bcpkix-jdk15on/1.60/bcpkix-jdk15on-1.60.jar:/home/user/.m2/repository/commons-validator/commons-validator/1.6/commons-validator-1.6.jar:/home/user/.m2/repository/commons-digester/commons-digester/1.8.1/commons-digester-1.8.1.jar:/home/user/.m2/repository/io/jaegertracing/jaeger-client/0.33.1/jaeger-client-0.33.1.jar:/home/user/.m2/repository/io/jaegertracing/jaeger-thrift/0.33.1/jaeger-thrift-0.33.1.jar:/home/user/.m2/repository/org/apache/thrift/libthrift/0.11.0/libthrift-0.11.0.jar:/home/user/.m2/repository/com/squareup/okhttp3/okhttp/3.9.0/okhttp-3.9.0.jar:/home/user/.m2/repository/com/squareup/okio/okio/1.13.0/okio-1.13.0.jar:/home/user/.m2/repository/io/jaegertracing/jaeger-core/0.33.1/jaeger-core-0.33.1.jar:/home/user/.m2/repository/io/jaegertracing/jaeger-tracerresolver/0.33.1/jaeger-tracerresolver-0.33.1.jar:/home/user/.m2/repository/io/opentracing/contrib/opentracing-tracerresolver/0.1.5/opentracing-tracerresolver-0.1.5.jar:/home/user/.m2/repository/io/opentracing/opentracing-util/0.31.0/opentracing-util-0.31.0.jar:/home/user/.m2/repository/io/opentracing/opentracing-api/0.31.0/opentracing-api-0.31.0.jar:/home/user/.m2/repository/io/opentracing/opentracing-noop/0.31.0/opentracing-noop-0.31.0.jar:/home/user/.m2/repository/org/apache/hadoop/hadoop-hdds-server-framework/0.5.0-SNAPSHOT/hadoop-hdds-server-framework-0.5.0-SNAPSHOT.jar:/home/user/.m2/repository/org/apache/hadoop/hadoop-hdds-container-service/0.5.0-SNAPSHOT/hadoop-hdds-container-service-0.5.0-SNAPSHOT.jar:/home/user/.m2/repository/org/apache/hadoop/hadoop-hdds-client/0.5.0-SNAPSHOT/hadoop-hdds-client-0.5.0-SNAPSHOT.jar:/home/user/.m2/repository/org/apache/hadoop/hadoop-hdds-tools/0.5.0-SNAPSHOT/hadoop-hdds-tools-0.5.0-SNAPSHOT.jar:/home/user/.m2/repository/org/apache/hadoop/hadoop-hdds-server-scm/0.5.0-SNAPSHOT/hadoop-hdds-server-scm-0.5.0-SNAPSHOT.jar:/home/user/.m2/repository/org/apache/hadoop/hadoop-hdds-docs/0.5.0-SNAPSHOT/hadoop-hdds-docs-0.5.0-SNAPSHOT.jar:/home/user/.m2/repository/io/dropwizard/metrics/metrics-core/3.2.4/metrics-core-3.2.4.jar:/home/user/.m2/repository/org/hamcrest/hamcrest-all/1.3/hamcrest-all-1.3.jar:/home/user/.m2/repository/org/bouncycastle/bcprov-jdk15on/1.60/bcprov-jdk15on-1.60.jar:/home/user/.m2/repository/info/picocli/picocli/3.9.6/picocli-3.9.6.jar:/home/user/.m2/repository/com/google/protobuf/protobuf-java/2.5.0/protobuf-java-2.5.0.jar:/home/user/.m2/repository/com/google/guava/guava/11.0.2/guava-11.0.2.jar:/home/user/.m2/repository/org/apache/hadoop/hadoop-ozone-ozone-manager/0.5.0-SNAPSHOT/hadoop-ozone-ozone-manager-0.5.0-SNAPSHOT.jar:/home/user/.m2/repository/org/apache/hadoop/hadoop-minikdc/3.2.0/hadoop-minikdc-3.2.0.jar:/home/user/.m2/repository/commons-io/commons-io/2.5/commons-io-2.5.jar:/home/user/.m2/repository/org/apache/kerby/kerb-simplekdc/1.0.1/kerb-simplekdc-1.0.1.jar:/home/user/.m2/repository/org/apache/kerby/kerb-client/1.0.1/kerb-client-1.0.1.jar:/home/user/.m2/repository/org/apache/kerby/kerby-config/1.0.1/kerby-config-1.0.1.jar:/home/user/.m2/repository/org/apache/kerby/kerb-core/1.0.1/kerb-core-1.0.1.jar:/home/user/.m2/repository/org/apache/kerby/kerby-pkix/1.0.1/kerby-pkix-1.0.1.jar:/home/user/.m2/repository/org/apache/kerby/kerby-asn1/1.0.1/kerby-asn1-1.0.1.jar:/home/user/.m2/repository/org/apache/kerby/kerby-util/1.0.1/kerby-util-1.0.1.jar:/home/user/.m2/repository/org/apache/kerby/kerb-common/1.0.1/kerb-common-1.0.1.jar:/home/user/.m2/repository/org/apache/kerby/kerb-crypto/1.0.1/kerb-crypto-1.0.1.jar:/home/user/.m2/repository/org/apache/kerby/kerb-util/1.0.1/kerb-util-1.0.1.jar:/home/user/.m2/repository/org/apache/kerby/token-provider/1.0.1/token-provider-1.0.1.jar:/home/user/.m2/repository/org/apache/kerby/kerb-admin/1.0.1/kerb-admin-1.0.1.jar:/home/user/.m2/repository/org/apache/kerby/kerb-server/1.0.1/kerb-server-1.0.1.jar:/home/user/.m2/repository/org/apache/kerby/kerb-identity/1.0.1/kerb-identity-1.0.1.jar:/home/user/.m2/repository/org/apache/kerby/kerby-xdr/1.0.1/kerby-xdr-1.0.1.jar:/home/user/.m2/repository/org/slf4j/slf4j-log4j12/1.7.25/slf4j-log4j12-1.7.25.jar:/home/user/.m2/repository/org/apache/hadoop/hadoop-ozone-objectstore-service/0.5.0-SNAPSHOT/hadoop-ozone-objectstore-service-0.5.0-SNAPSHOT.jar:/home/user/.m2/repository/org/apache/hadoop/hadoop-ozone-s3gateway/0.5.0-SNAPSHOT/hadoop-ozone-s3gateway-0.5.0-SNAPSHOT.jar:/home/user/.m2/repository/org/jboss/weld/servlet/weld-servlet/2.4.7.Final/weld-servlet-2.4.7.Final.jar:/home/user/.m2/repository/org/glassfish/jersey/containers/jersey-container-servlet-core/2.27/jersey-container-servlet-core-2.27.jar:/home/user/.m2/repository/org/glassfish/hk2/external/javax.inject/2.5.0-b42/javax.inject-2.5.0-b42.jar:/home/user/.m2/repository/org/glassfish/jersey/core/jersey-common/2.27/jersey-common-2.27.jar:/home/user/.m2/repository/org/glassfish/hk2/osgi-resource-locator/1.0.1/osgi-resource-locator-1.0.1.jar:/home/user/.m2/repository/javax/ws/rs/javax.ws.rs-api/2.1/javax.ws.rs-api-2.1.jar:/home/user/.m2/repository/org/glassfish/jersey/ext/cdi/jersey-cdi1x/2.27/jersey-cdi1x-2.27.jar:/home/user/.m2/repository/org/glassfish/jersey/inject/jersey-hk2/2.27/jersey-hk2-2.27.jar:/home/user/.m2/repository/org/glassfish/hk2/hk2-locator/2.5.0-b42/hk2-locator-2.5.0-b42.jar:/home/user/.m2/repository/org/javassist/javassist/3.22.0-CR2/javassist-3.22.0-CR2.jar:/home/user/.m2/repository/org/glassfish/hk2/hk2-api/2.5.0/hk2-api-2.5.0.jar:/home/user/.m2/repository/org/glassfish/hk2/external/jakarta.inject/2.5.0/jakarta.inject-2.5.0.jar:/home/user/.m2/repository/org/glassfish/hk2/hk2-utils/2.5.0/hk2-utils-2.5.0.jar:/home/user/.m2/repository/jakarta/annotation/jakarta.annotation-api/1.3.4/jakarta.annotation-api-1.3.4.jar:/home/user/.m2/repository/org/glassfish/hk2/external/aopalliance-repackaged/2.5.0/aopalliance-repackaged-2.5.0.jar:/home/user/.m2/repository/com/fasterxml/jackson/dataformat/jackson-dataformat-xml/2.9.0/jackson-dataformat-xml-2.9.0.jar:/home/user/.m2/repository/com/fasterxml/jackson/core/jackson-core/2.9.5/jackson-core-2.9.5.jar:/home/user/.m2/repository/com/fasterxml/jackson/module/jackson-module-jaxb-annotations/2.9.5/jackson-module-jaxb-annotations-2.9.5.jar:/home/user/.m2/repository/javax/enterprise/cdi-api/1.2/cdi-api-1.2.jar:/home/user/.m2/repository/javax/el/javax.el-api/3.0.0/javax.el-api-3.0.0.jar:/home/user/.m2/repository/javax/interceptor/javax.interceptor-api/1.2/javax.interceptor-api-1.2.jar:/home/user/.m2/repository/javax/inject/javax.inject/1/javax.inject-1.jar:/home/user/.m2/repository/com/sun/xml/bind/jaxb-impl/2.3.0.1/jaxb-impl-2.3.0.1.jar:/home/user/.m2/repository/com/sun/xml/bind/jaxb-core/2.3.0.1/jaxb-core-2.3.0.1.jar:/home/user/.m2/repository/javax/xml/bind/jaxb-api/2.3.0/jaxb-api-2.3.0.jar:/home/user/.m2/repository/javax/activation/activation/1.1.1/activation-1.1.1.jar:/home/user/.m2/repository/org/apache/hadoop/hadoop-ozone-csi/0.5.0-SNAPSHOT/hadoop-ozone-csi-0.5.0-SNAPSHOT.jar:/home/user/.m2/repository/com/google/protobuf/protobuf-java-util/3.5.1/protobuf-java-util-3.5.1.jar:/home/user/.m2/repository/org/apache/hadoop/hadoop-hdds-config/0.5.0-SNAPSHOT/hadoop-hdds-config-0.5.0-SNAPSHOT.jar:/home/user/.m2/repository/io/grpc/grpc-netty/1.17.1/grpc-netty-1.17.1.jar:/home/user/.m2/repository/io/grpc/grpc-core/1.17.1/grpc-core-1.17.1.jar:/home/user/.m2/repository/io/grpc/grpc-context/1.17.1/grpc-context-1.17.1.jar:/home/user/.m2/repository/com/google/errorprone/error_prone_annotations/2.2.0/error_prone_annotations-2.2.0.jar:/home/user/.m2/repository/org/codehaus/mojo/animal-sniffer-annotations/1.17/animal-sniffer-annotations-1.17.jar:/home/user/.m2/repository/io/opencensus/opencensus-api/0.17.0/opencensus-api-0.17.0.jar:/home/user/.m2/repository/io/opencensus/opencensus-contrib-grpc-metrics/0.17.0/opencensus-contrib-grpc-metrics-0.17.0.jar:/home/user/.m2/repository/io/netty/netty-codec-http2/4.1.30.Final/netty-codec-http2-4.1.30.Final.jar:/home/user/.m2/repository/io/netty/netty-codec-http/4.1.30.Final/netty-codec-http-4.1.30.Final.jar:/home/user/.m2/repository/io/netty/netty-codec/4.1.30.Final/netty-codec-4.1.30.Final.jar:/home/user/.m2/repository/io/netty/netty-handler/4.1.30.Final/netty-handler-4.1.30.Final.jar:/home/user/.m2/repository/io/netty/netty-handler-proxy/4.1.30.Final/netty-handler-proxy-4.1.30.Final.jar:/home/user/.m2/repository/io/netty/netty-codec-socks/4.1.30.Final/netty-codec-socks-4.1.30.Final.jar:/home/user/.m2/repository/io/netty/netty-transport-native-epoll/4.1.30.Final/netty-transport-native-epoll-4.1.30.Final.jar:/home/user/.m2/repository/io/netty/netty-common/4.1.30.Final/netty-common-4.1.30.Final.jar:/home/user/.m2/repository/io/netty/netty-buffer/4.1.30.Final/netty-buffer-4.1.30.Final.jar:/home/user/.m2/repository/io/netty/netty-transport/4.1.30.Final/netty-transport-4.1.30.Final.jar:/home/user/.m2/repository/io/netty/netty-resolver/4.1.30.Final/netty-resolver-4.1.30.Final.jar:/home/user/.m2/repository/io/netty/netty-transport-native-unix-common/4.1.30.Final/netty-transport-native-unix-common-4.1.30.Final.jar:/home/user/.m2/repository/io/grpc/grpc-protobuf/1.17.1/grpc-protobuf-1.17.1.jar:/home/user/.m2/repository/com/google/api/grpc/proto-google-common-protos/1.0.0/proto-google-common-protos-1.0.0.jar:/home/user/.m2/repository/io/grpc/grpc-protobuf-lite/1.17.1/grpc-protobuf-lite-1.17.1.jar:/home/user/.m2/repository/io/grpc/grpc-stub/1.17.1/grpc-stub-1.17.1.jar:/home/user/.m2/repository/org/apache/hadoop/hadoop-ozone-recon/0.5.0-SNAPSHOT/hadoop-ozone-recon-0.5.0-SNAPSHOT.jar:/home/user/.m2/repository/org/apache/hadoop/hadoop-ozone-reconcodegen/0.5.0-SNAPSHOT/hadoop-ozone-reconcodegen-0.5.0-SNAPSHOT.jar:/home/user/.m2/repository/com/google/inject/extensions/guice-multibindings/4.0/guice-multibindings-4.0.jar:/home/user/.m2/repository/com/google/inject/guice/4.0/guice-4.0.jar:/home/user/.m2/repository/aopalliance/aopalliance/1.0/aopalliance-1.0.jar:/home/user/.m2/repository/com/google/inject/extensions/guice-servlet/4.0/guice-servlet-4.0.jar:/home/user/.m2/repository/org/glassfish/jersey/containers/jersey-container-servlet/2.27/jersey-container-servlet-2.27.jar:/home/user/.m2/repository/org/glassfish/hk2/guice-bridge/2.5.0/guice-bridge-2.5.0.jar:/home/user/.m2/repository/org/glassfish/jersey/core/jersey-server/2.27/jersey-server-2.27.jar:/home/user/.m2/repository/org/glassfish/jersey/core/jersey-client/2.27/jersey-client-2.27.jar:/home/user/.m2/repository/org/glassfish/jersey/media/jersey-media-jaxb/2.27/jersey-media-jaxb-2.27.jar:/home/user/.m2/repository/javax/validation/validation-api/1.1.0.Final/validation-api-1.1.0.Final.jar:/home/user/.m2/repository/org/glassfish/jersey/media/jersey-media-json-jackson/2.27/jersey-media-json-jackson-2.27.jar:/home/user/.m2/repository/org/glassfish/jersey/ext/jersey-entity-filtering/2.27/jersey-entity-filtering-2.27.jar:/home/user/.m2/repository/com/google/inject/extensions/guice-assistedinject/4.0/guice-assistedinject-4.0.jar:/home/user/.m2/repository/org/jooq/jooq/3.11.10/jooq-3.11.10.jar:/home/user/.m2/repository/org/jooq/jooq-meta/3.11.10/jooq-meta-3.11.10.jar:/home/user/.m2/repository/org/jooq/jooq-codegen/3.11.10/jooq-codegen-3.11.10.jar:/home/user/.m2/repository/com/jolbox/bonecp/0.8.0.RELEASE/bonecp-0.8.0.RELEASE.jar:/home/user/.m2/repository/org/xerial/sqlite-jdbc/3.25.2/sqlite-jdbc-3.25.2.jar:/home/user/.m2/repository/org/springframework/spring-jdbc/5.1.3.RELEASE/spring-jdbc-5.1.3.RELEASE.jar:/home/user/.m2/repository/org/springframework/spring-beans/5.1.3.RELEASE/spring-beans-5.1.3.RELEASE.jar:/home/user/.m2/repository/org/springframework/spring-core/5.1.3.RELEASE/spring-core-5.1.3.RELEASE.jar:/home/user/.m2/repository/org/springframework/spring-jcl/5.1.3.RELEASE/spring-jcl-5.1.3.RELEASE.jar:/home/user/.m2/repository/org/springframework/spring-tx/5.1.3.RELEASE/spring-tx-5.1.3.RELEASE.jar:/home/user/.m2/repository/org/apache/hadoop/hadoop-ozone-client/0.5.0-SNAPSHOT/hadoop-ozone-client-0.5.0-SNAPSHOT.jar:/home/user/.m2/repository/commons-lang/commons-lang/2.6/commons-lang-2.6.jar:/home/user/.m2/repository/org/apache/hadoop/hadoop-ozone-ozone-manager/0.5.0-SNAPSHOT/hadoop-ozone-ozone-manager-0.5.0-SNAPSHOT-tests.jar:/home/user/.m2/repository/junit/junit/4.11/junit-4.11.jar:/home/user/.m2/repository/org/hamcrest/hamcrest-core/1.3/hamcrest-core-1.3.jar:/home/user/.m2/repository/org/openjdk/jmh/jmh-core/1.19/jmh-core-1.19.jar:/home/user/.m2/repository/net/sf/jopt-simple/jopt-simple/4.6/jopt-simple-4.6.jar:/home/user/.m2/repository/org/apache/commons/commons-math3/3.1.1/commons-math3-3.1.1.jar:/home/user/.m2/repository/org/openjdk/jmh/jmh-generator-annprocess/1.19/jmh-generator-annprocess-1.19.jar:/home/user/.m2/repository/org/mockito/mockito-all/1.8.5/mockito-all-1.8.5.jar:/home/user/.m2/repository/org/apache/hadoop/hadoop-kms/3.2.0/hadoop-kms-3.2.0.jar:/home/user/.m2/repository/org/apache/hadoop/hadoop-auth/3.2.0/hadoop-auth-3.2.0.jar:/home/user/.m2/repository/com/nimbusds/nimbus-jose-jwt/4.41.1/nimbus-jose-jwt-4.41.1.jar:/home/user/.m2/repository/com/github/stephenc/jcip/jcip-annotations/1.0-1/jcip-annotations-1.0-1.jar:/home/user/.m2/repository/net/minidev/json-smart/2.3/json-smart-2.3.jar:/home/user/.m2/repository/net/minidev/accessors-smart/1.2/accessors-smart-1.2.jar:/home/user/.m2/repository/org/ow2/asm/asm/5.0.4/asm-5.0.4.jar:/home/user/.m2/repository/org/apache/curator/curator-framework/2.12.0/curator-framework-2.12.0.jar:/home/user/.m2/repository/com/sun/jersey/jersey-core/1.19/jersey-core-1.19.jar:/home/user/.m2/repository/javax/ws/rs/jsr311-api/1.1.1/jsr311-api-1.1.1.jar:/home/user/.m2/repository/com/sun/jersey/jersey-server/1.19/jersey-server-1.19.jar:/home/user/.m2/repository/javax/servlet/javax.servlet-api/3.1.0/javax.servlet-api-3.1.0.jar:/home/user/.m2/repository/org/eclipse/jetty/jetty-server/9.3.24.v20180605/jetty-server-9.3.24.v20180605.jar:/home/user/.m2/repository/org/eclipse/jetty/jetty-http/9.3.24.v20180605/jetty-http-9.3.24.v20180605.jar:/home/user/.m2/repository/org/eclipse/jetty/jetty-io/9.3.24.v20180605/jetty-io-9.3.24.v20180605.jar:/home/user/.m2/repository/org/eclipse/jetty/jetty-webapp/9.3.24.v20180605/jetty-webapp-9.3.24.v20180605.jar:/home/user/.m2/repository/org/eclipse/jetty/jetty-xml/9.3.24.v20180605/jetty-xml-9.3.24.v20180605.jar:/home/user/.m2/repository/log4j/log4j/1.2.17/log4j-1.2.17.jar:/home/user/.m2/repository/org/slf4j/slf4j-api/1.7.25/slf4j-api-1.7.25.jar:/home/user/.m2/repository/org/slf4j/jul-to-slf4j/1.7.25/jul-to-slf4j-1.7.25.jar:/home/user/.m2/repository/org/eclipse/jetty/jetty-util/9.3.24.v20180605/jetty-util-9.3.24.v20180605.jar:/home/user/.m2/repository/com/fasterxml/jackson/core/jackson-databind/2.9.5/jackson-databind-2.9.5.jar:/home/user/.m2/repository/org/apache/hadoop/hadoop-kms/3.2.0/hadoop-kms-3.2.0-tests.jar:/home/user/.m2/repository/org/apache/hadoop/hadoop-hdds-server-scm/0.5.0-SNAPSHOT/hadoop-hdds-server-scm-0.5.0-SNAPSHOT-tests.jar:/home/user/.m2/repository/org/apache/hadoop/hadoop-hdds-container-service/0.5.0-SNAPSHOT/hadoop-hdds-container-service-0.5.0-SNAPSHOT-tests.jar:/home/user/.m2/repository/org/yaml/snakeyaml/1.16/snakeyaml-1.16.jar:/home/user/.m2/repository/org/apache/hadoop/hadoop-common/3.2.0/hadoop-common-3.2.0-tests.jar:/home/user/.m2/repository/org/apache/hadoop/hadoop-annotations/3.2.0/hadoop-annotations-3.2.0.jar:/usr/lib/jvm/java-1.8-openjdk/jre/../lib/tools.jar:/home/user/.m2/repository/commons-cli/commons-cli/1.2/commons-cli-1.2.jar:/home/user/.m2/repository/org/apache/httpcomponents/httpclient/4.5.2/httpclient-4.5.2.jar:/home/user/.m2/repository/org/apache/httpcomponents/httpcore/4.4.4/httpcore-4.4.4.jar:/home/user/.m2/repository/commons-codec/commons-codec/1.11/commons-codec-1.11.jar:/home/user/.m2/repository/commons-net/commons-net/3.6/commons-net-3.6.jar:/home/user/.m2/repository/commons-collections/commons-collections/3.2.2/commons-collections-3.2.2.jar:/home/user/.m2/repository/org/eclipse/jetty/jetty-servlet/9.3.24.v20180605/jetty-servlet-9.3.24.v20180605.jar:/home/user/.m2/repository/org/eclipse/jetty/jetty-security/9.3.24.v20180605/jetty-security-9.3.24.v20180605.jar:/home/user/.m2/repository/javax/servlet/jsp/jsp-api/2.1/jsp-api-2.1.jar:/home/user/.m2/repository/com/sun/jersey/jersey-servlet/1.19/jersey-servlet-1.19.jar:/home/user/.m2/repository/com/sun/jersey/jersey-json/1.19/jersey-json-1.19.jar:/home/user/.m2/repository/org/codehaus/jettison/jettison/1.1/jettison-1.1.jar:/home/user/.m2/repository/org/codehaus/jackson/jackson-core-asl/1.9.13/jackson-core-asl-1.9.13.jar:/home/user/.m2/repository/org/codehaus/jackson/jackson-mapper-asl/1.9.13/jackson-mapper-asl-1.9.13.jar:/home/user/.m2/repository/org/codehaus/jackson/jackson-jaxrs/1.9.13/jackson-jaxrs-1.9.13.jar:/home/user/.m2/repository/org/codehaus/jackson/jackson-xc/1.9.13/jackson-xc-1.9.13.jar:/home/user/.m2/repository/commons-logging/commons-logging/1.1.3/commons-logging-1.1.3.jar:/home/user/.m2/repository/commons-beanutils/commons-beanutils/1.9.3/commons-beanutils-1.9.3.jar:/home/user/.m2/repository/org/apache/commons/commons-configuration2/2.1.1/commons-configuration2-2.1.1.jar:/home/user/.m2/repository/org/apache/commons/commons-lang3/3.7/commons-lang3-3.7.jar:/home/user/.m2/repository/org/apache/commons/commons-text/1.4/commons-text-1.4.jar:/home/user/.m2/repository/org/apache/avro/avro/1.7.7/avro-1.7.7.jar:/home/user/.m2/repository/com/thoughtworks/paranamer/paranamer/2.3/paranamer-2.3.jar:/home/user/.m2/repository/org/xerial/snappy/snappy-java/1.0.5/snappy-java-1.0.5.jar:/home/user/.m2/repository/com/google/re2j/re2j/1.1/re2j-1.1.jar:/home/user/.m2/repository/com/google/code/gson/gson/2.2.4/gson-2.2.4.jar:/home/user/.m2/repository/com/jcraft/jsch/0.1.54/jsch-0.1.54.jar:/home/user/.m2/repository/org/apache/curator/curator-client/2.12.0/curator-client-2.12.0.jar:/home/user/.m2/repository/org/apache/curator/curator-recipes/2.12.0/curator-recipes-2.12.0.jar:/home/user/.m2/repository/com/google/code/findbugs/jsr305/3.0.0/jsr305-3.0.0.jar:/home/user/.m2/repository/org/apache/htrace/htrace-core4/4.1.0-incubating/htrace-core4-4.1.0-incubating.jar:/home/user/.m2/repository/org/apache/zookeeper/zookeeper/3.4.13/zookeeper-3.4.13.jar:/home/user/.m2/repository/org/apache/yetus/audience-annotations/0.5.0/audience-annotations-0.5.0.jar:/home/user/.m2/repository/org/codehaus/woodstox/stax2-api/3.1.4/stax2-api-3.1.4.jar:/home/user/.m2/repository/com/fasterxml/woodstox/woodstox-core/5.0.3/woodstox-core-5.0.3.jar:/home/user/.m2/repository/dnsjava/dnsjava/2.1.7/dnsjava-2.1.7.jar:/home/user/.m2/repository/org/apache/hadoop/hadoop-hdfs/3.2.0/hadoop-hdfs-3.2.0-tests.jar:/home/user/.m2/repository/org/eclipse/jetty/jetty-util-ajax/9.3.24.v20180605/jetty-util-ajax-9.3.24.v20180605.jar:/home/user/.m2/repository/commons-daemon/commons-daemon/1.0.13/commons-daemon-1.0.13.jar:/home/user/.m2/repository/io/netty/netty/3.10.5.Final/netty-3.10.5.Final.jar:/home/user/.m2/repository/io/netty/netty-all/4.0.52.Final/netty-all-4.0.52.Final.jar:/home/user/.m2/repository/org/fusesource/leveldbjni/leveldbjni-all/1.8/leveldbjni-all-1.8.jar:"/>
    <property name="java.vm.vendor" value="IcedTea"/>
    <property name="sun.arch.data.model" value="64"/>
    <property name="test.build.dir" value="/workdir/hadoop-ozone/integration-test/target/test-dir"/>
    <property name="test.cache.data" value=""/>
    <property name="java.vendor.url" value="https://icedtea.classpath.org"/>
    <property name="user.timezone" value=""/>
    <property name="java.vm.specification.version" value="1.8"/>
    <property name="os.name" value="Linux"/>
    <property name="test.build.data" value="/workdir/hadoop-ozone/integration-test/target/test-dir"/>
    <property name="user.country" value="US"/>
    <property name="sun.java.launcher" value="SUN_STANDARD"/>
    <property name="sun.boot.library.path" value="/usr/lib/jvm/java-1.8-openjdk/jre/lib/amd64"/>
    <property name="sun.java.command" value="/workdir/hadoop-ozone/integration-test/target/surefire/surefirebooter6636153982448914075.jar /workdir/hadoop-ozone/integration-test/target/surefire 2019-08-30T07-31-53_587-jvmRun1 surefire3362871905824856692tmp surefire_201766877303397349132tmp"/>
    <property name="test" value="!TestMiniChaosOzoneCluster"/>
    <property name="surefire.test.class.path" value="/workdir/hadoop-ozone/integration-test/target/test-classes:/workdir/hadoop-ozone/integration-test/target/classes:/home/user/.m2/repository/org/apache/hadoop/hadoop-ozone-common/0.5.0-SNAPSHOT/hadoop-ozone-common-0.5.0-SNAPSHOT.jar:/home/user/.m2/repository/org/apache/commons/commons-compress/1.4.1/commons-compress-1.4.1.jar:/home/user/.m2/repository/org/tukaani/xz/1.0/xz-1.0.jar:/home/user/.m2/repository/org/apache/hadoop/hadoop-common/3.2.0/hadoop-common-3.2.0.jar:/home/user/.m2/repository/org/apache/hadoop/hadoop-hdfs/3.2.0/hadoop-hdfs-3.2.0.jar:/home/user/.m2/repository/org/apache/hadoop/hadoop-hdfs-client/3.2.0/hadoop-hdfs-client-3.2.0.jar:/home/user/.m2/repository/com/fasterxml/jackson/core/jackson-annotations/2.9.5/jackson-annotations-2.9.5.jar:/home/user/.m2/repository/org/apache/hadoop/hadoop-hdds-common/0.5.0-SNAPSHOT/hadoop-hdds-common-0.5.0-SNAPSHOT.jar:/home/user/.m2/repository/javax/annotation/javax.annotation-api/1.2/javax.annotation-api-1.2.jar:/home/user/.m2/repository/org/apache/ratis/ratis-server/0.4.0-2337318-SNAPSHOT/ratis-server-0.4.0-2337318-SNAPSHOT.jar:/home/user/.m2/repository/org/apache/ratis/ratis-thirdparty-misc/0.2.0/ratis-thirdparty-misc-0.2.0.jar:/home/user/.m2/repository/org/apache/ratis/ratis-proto/0.4.0-2337318-SNAPSHOT/ratis-proto-0.4.0-2337318-SNAPSHOT.jar:/home/user/.m2/repository/org/apache/ratis/ratis-common/0.4.0-2337318-SNAPSHOT/ratis-common-0.4.0-2337318-SNAPSHOT.jar:/home/user/.m2/repository/org/apache/ratis/ratis-client/0.4.0-2337318-SNAPSHOT/ratis-client-0.4.0-2337318-SNAPSHOT.jar:/home/user/.m2/repository/org/apache/ratis/ratis-metrics/0.4.0-2337318-SNAPSHOT/ratis-metrics-0.4.0-2337318-SNAPSHOT.jar:/home/user/.m2/repository/org/apache/ratis/ratis-netty/0.4.0-2337318-SNAPSHOT/ratis-netty-0.4.0-2337318-SNAPSHOT.jar:/home/user/.m2/repository/org/apache/ratis/ratis-grpc/0.4.0-2337318-SNAPSHOT/ratis-grpc-0.4.0-2337318-SNAPSHOT.jar:/home/user/.m2/repository/org/rocksdb/rocksdbjni/6.0.1/rocksdbjni-6.0.1.jar:/home/user/.m2/repository/org/apache/logging/log4j/log4j-api/2.11.0/log4j-api-2.11.0.jar:/home/user/.m2/repository/org/apache/logging/log4j/log4j-core/2.11.0/log4j-core-2.11.0.jar:/home/user/.m2/repository/com/lmax/disruptor/3.4.2/disruptor-3.4.2.jar:/home/user/.m2/repository/org/apache/commons/commons-pool2/2.6.0/commons-pool2-2.6.0.jar:/home/user/.m2/repository/org/bouncycastle/bcpkix-jdk15on/1.60/bcpkix-jdk15on-1.60.jar:/home/user/.m2/repository/commons-validator/commons-validator/1.6/commons-validator-1.6.jar:/home/user/.m2/repository/commons-digester/commons-digester/1.8.1/commons-digester-1.8.1.jar:/home/user/.m2/repository/io/jaegertracing/jaeger-client/0.33.1/jaeger-client-0.33.1.jar:/home/user/.m2/repository/io/jaegertracing/jaeger-thrift/0.33.1/jaeger-thrift-0.33.1.jar:/home/user/.m2/repository/org/apache/thrift/libthrift/0.11.0/libthrift-0.11.0.jar:/home/user/.m2/repository/com/squareup/okhttp3/okhttp/3.9.0/okhttp-3.9.0.jar:/home/user/.m2/repository/com/squareup/okio/okio/1.13.0/okio-1.13.0.jar:/home/user/.m2/repository/io/jaegertracing/jaeger-core/0.33.1/jaeger-core-0.33.1.jar:/home/user/.m2/repository/io/jaegertracing/jaeger-tracerresolver/0.33.1/jaeger-tracerresolver-0.33.1.jar:/home/user/.m2/repository/io/opentracing/contrib/opentracing-tracerresolver/0.1.5/opentracing-tracerresolver-0.1.5.jar:/home/user/.m2/repository/io/opentracing/opentracing-util/0.31.0/opentracing-util-0.31.0.jar:/home/user/.m2/repository/io/opentracing/opentracing-api/0.31.0/opentracing-api-0.31.0.jar:/home/user/.m2/repository/io/opentracing/opentracing-noop/0.31.0/opentracing-noop-0.31.0.jar:/home/user/.m2/repository/org/apache/hadoop/hadoop-hdds-server-framework/0.5.0-SNAPSHOT/hadoop-hdds-server-framework-0.5.0-SNAPSHOT.jar:/home/user/.m2/repository/org/apache/hadoop/hadoop-hdds-container-service/0.5.0-SNAPSHOT/hadoop-hdds-container-service-0.5.0-SNAPSHOT.jar:/home/user/.m2/repository/org/apache/hadoop/hadoop-hdds-client/0.5.0-SNAPSHOT/hadoop-hdds-client-0.5.0-SNAPSHOT.jar:/home/user/.m2/repository/org/apache/hadoop/hadoop-hdds-tools/0.5.0-SNAPSHOT/hadoop-hdds-tools-0.5.0-SNAPSHOT.jar:/home/user/.m2/repository/org/apache/hadoop/hadoop-hdds-server-scm/0.5.0-SNAPSHOT/hadoop-hdds-server-scm-0.5.0-SNAPSHOT.jar:/home/user/.m2/repository/org/apache/hadoop/hadoop-hdds-docs/0.5.0-SNAPSHOT/hadoop-hdds-docs-0.5.0-SNAPSHOT.jar:/home/user/.m2/repository/io/dropwizard/metrics/metrics-core/3.2.4/metrics-core-3.2.4.jar:/home/user/.m2/repository/org/hamcrest/hamcrest-all/1.3/hamcrest-all-1.3.jar:/home/user/.m2/repository/org/bouncycastle/bcprov-jdk15on/1.60/bcprov-jdk15on-1.60.jar:/home/user/.m2/repository/info/picocli/picocli/3.9.6/picocli-3.9.6.jar:/home/user/.m2/repository/com/google/protobuf/protobuf-java/2.5.0/protobuf-java-2.5.0.jar:/home/user/.m2/repository/com/google/guava/guava/11.0.2/guava-11.0.2.jar:/home/user/.m2/repository/org/apache/hadoop/hadoop-ozone-ozone-manager/0.5.0-SNAPSHOT/hadoop-ozone-ozone-manager-0.5.0-SNAPSHOT.jar:/home/user/.m2/repository/org/apache/hadoop/hadoop-minikdc/3.2.0/hadoop-minikdc-3.2.0.jar:/home/user/.m2/repository/commons-io/commons-io/2.5/commons-io-2.5.jar:/home/user/.m2/repository/org/apache/kerby/kerb-simplekdc/1.0.1/kerb-simplekdc-1.0.1.jar:/home/user/.m2/repository/org/apache/kerby/kerb-client/1.0.1/kerb-client-1.0.1.jar:/home/user/.m2/repository/org/apache/kerby/kerby-config/1.0.1/kerby-config-1.0.1.jar:/home/user/.m2/repository/org/apache/kerby/kerb-core/1.0.1/kerb-core-1.0.1.jar:/home/user/.m2/repository/org/apache/kerby/kerby-pkix/1.0.1/kerby-pkix-1.0.1.jar:/home/user/.m2/repository/org/apache/kerby/kerby-asn1/1.0.1/kerby-asn1-1.0.1.jar:/home/user/.m2/repository/org/apache/kerby/kerby-util/1.0.1/kerby-util-1.0.1.jar:/home/user/.m2/repository/org/apache/kerby/kerb-common/1.0.1/kerb-common-1.0.1.jar:/home/user/.m2/repository/org/apache/kerby/kerb-crypto/1.0.1/kerb-crypto-1.0.1.jar:/home/user/.m2/repository/org/apache/kerby/kerb-util/1.0.1/kerb-util-1.0.1.jar:/home/user/.m2/repository/org/apache/kerby/token-provider/1.0.1/token-provider-1.0.1.jar:/home/user/.m2/repository/org/apache/kerby/kerb-admin/1.0.1/kerb-admin-1.0.1.jar:/home/user/.m2/repository/org/apache/kerby/kerb-server/1.0.1/kerb-server-1.0.1.jar:/home/user/.m2/repository/org/apache/kerby/kerb-identity/1.0.1/kerb-identity-1.0.1.jar:/home/user/.m2/repository/org/apache/kerby/kerby-xdr/1.0.1/kerby-xdr-1.0.1.jar:/home/user/.m2/repository/org/slf4j/slf4j-log4j12/1.7.25/slf4j-log4j12-1.7.25.jar:/home/user/.m2/repository/org/apache/hadoop/hadoop-ozone-objectstore-service/0.5.0-SNAPSHOT/hadoop-ozone-objectstore-service-0.5.0-SNAPSHOT.jar:/home/user/.m2/repository/org/apache/hadoop/hadoop-ozone-s3gateway/0.5.0-SNAPSHOT/hadoop-ozone-s3gateway-0.5.0-SNAPSHOT.jar:/home/user/.m2/repository/org/jboss/weld/servlet/weld-servlet/2.4.7.Final/weld-servlet-2.4.7.Final.jar:/home/user/.m2/repository/org/glassfish/jersey/containers/jersey-container-servlet-core/2.27/jersey-container-servlet-core-2.27.jar:/home/user/.m2/repository/org/glassfish/hk2/external/javax.inject/2.5.0-b42/javax.inject-2.5.0-b42.jar:/home/user/.m2/repository/org/glassfish/jersey/core/jersey-common/2.27/jersey-common-2.27.jar:/home/user/.m2/repository/org/glassfish/hk2/osgi-resource-locator/1.0.1/osgi-resource-locator-1.0.1.jar:/home/user/.m2/repository/javax/ws/rs/javax.ws.rs-api/2.1/javax.ws.rs-api-2.1.jar:/home/user/.m2/repository/org/glassfish/jersey/ext/cdi/jersey-cdi1x/2.27/jersey-cdi1x-2.27.jar:/home/user/.m2/repository/org/glassfish/jersey/inject/jersey-hk2/2.27/jersey-hk2-2.27.jar:/home/user/.m2/repository/org/glassfish/hk2/hk2-locator/2.5.0-b42/hk2-locator-2.5.0-b42.jar:/home/user/.m2/repository/org/javassist/javassist/3.22.0-CR2/javassist-3.22.0-CR2.jar:/home/user/.m2/repository/org/glassfish/hk2/hk2-api/2.5.0/hk2-api-2.5.0.jar:/home/user/.m2/repository/org/glassfish/hk2/external/jakarta.inject/2.5.0/jakarta.inject-2.5.0.jar:/home/user/.m2/repository/org/glassfish/hk2/hk2-utils/2.5.0/hk2-utils-2.5.0.jar:/home/user/.m2/repository/jakarta/annotation/jakarta.annotation-api/1.3.4/jakarta.annotation-api-1.3.4.jar:/home/user/.m2/repository/org/glassfish/hk2/external/aopalliance-repackaged/2.5.0/aopalliance-repackaged-2.5.0.jar:/home/user/.m2/repository/com/fasterxml/jackson/dataformat/jackson-dataformat-xml/2.9.0/jackson-dataformat-xml-2.9.0.jar:/home/user/.m2/repository/com/fasterxml/jackson/core/jackson-core/2.9.5/jackson-core-2.9.5.jar:/home/user/.m2/repository/com/fasterxml/jackson/module/jackson-module-jaxb-annotations/2.9.5/jackson-module-jaxb-annotations-2.9.5.jar:/home/user/.m2/repository/javax/enterprise/cdi-api/1.2/cdi-api-1.2.jar:/home/user/.m2/repository/javax/el/javax.el-api/3.0.0/javax.el-api-3.0.0.jar:/home/user/.m2/repository/javax/interceptor/javax.interceptor-api/1.2/javax.interceptor-api-1.2.jar:/home/user/.m2/repository/javax/inject/javax.inject/1/javax.inject-1.jar:/home/user/.m2/repository/com/sun/xml/bind/jaxb-impl/2.3.0.1/jaxb-impl-2.3.0.1.jar:/home/user/.m2/repository/com/sun/xml/bind/jaxb-core/2.3.0.1/jaxb-core-2.3.0.1.jar:/home/user/.m2/repository/javax/xml/bind/jaxb-api/2.3.0/jaxb-api-2.3.0.jar:/home/user/.m2/repository/javax/activation/activation/1.1.1/activation-1.1.1.jar:/home/user/.m2/repository/org/apache/hadoop/hadoop-ozone-csi/0.5.0-SNAPSHOT/hadoop-ozone-csi-0.5.0-SNAPSHOT.jar:/home/user/.m2/repository/com/google/protobuf/protobuf-java-util/3.5.1/protobuf-java-util-3.5.1.jar:/home/user/.m2/repository/org/apache/hadoop/hadoop-hdds-config/0.5.0-SNAPSHOT/hadoop-hdds-config-0.5.0-SNAPSHOT.jar:/home/user/.m2/repository/io/grpc/grpc-netty/1.17.1/grpc-netty-1.17.1.jar:/home/user/.m2/repository/io/grpc/grpc-core/1.17.1/grpc-core-1.17.1.jar:/home/user/.m2/repository/io/grpc/grpc-context/1.17.1/grpc-context-1.17.1.jar:/home/user/.m2/repository/com/google/errorprone/error_prone_annotations/2.2.0/error_prone_annotations-2.2.0.jar:/home/user/.m2/repository/org/codehaus/mojo/animal-sniffer-annotations/1.17/animal-sniffer-annotations-1.17.jar:/home/user/.m2/repository/io/opencensus/opencensus-api/0.17.0/opencensus-api-0.17.0.jar:/home/user/.m2/repository/io/opencensus/opencensus-contrib-grpc-metrics/0.17.0/opencensus-contrib-grpc-metrics-0.17.0.jar:/home/user/.m2/repository/io/netty/netty-codec-http2/4.1.30.Final/netty-codec-http2-4.1.30.Final.jar:/home/user/.m2/repository/io/netty/netty-codec-http/4.1.30.Final/netty-codec-http-4.1.30.Final.jar:/home/user/.m2/repository/io/netty/netty-codec/4.1.30.Final/netty-codec-4.1.30.Final.jar:/home/user/.m2/repository/io/netty/netty-handler/4.1.30.Final/netty-handler-4.1.30.Final.jar:/home/user/.m2/repository/io/netty/netty-handler-proxy/4.1.30.Final/netty-handler-proxy-4.1.30.Final.jar:/home/user/.m2/repository/io/netty/netty-codec-socks/4.1.30.Final/netty-codec-socks-4.1.30.Final.jar:/home/user/.m2/repository/io/netty/netty-transport-native-epoll/4.1.30.Final/netty-transport-native-epoll-4.1.30.Final.jar:/home/user/.m2/repository/io/netty/netty-common/4.1.30.Final/netty-common-4.1.30.Final.jar:/home/user/.m2/repository/io/netty/netty-buffer/4.1.30.Final/netty-buffer-4.1.30.Final.jar:/home/user/.m2/repository/io/netty/netty-transport/4.1.30.Final/netty-transport-4.1.30.Final.jar:/home/user/.m2/repository/io/netty/netty-resolver/4.1.30.Final/netty-resolver-4.1.30.Final.jar:/home/user/.m2/repository/io/netty/netty-transport-native-unix-common/4.1.30.Final/netty-transport-native-unix-common-4.1.30.Final.jar:/home/user/.m2/repository/io/grpc/grpc-protobuf/1.17.1/grpc-protobuf-1.17.1.jar:/home/user/.m2/repository/com/google/api/grpc/proto-google-common-protos/1.0.0/proto-google-common-protos-1.0.0.jar:/home/user/.m2/repository/io/grpc/grpc-protobuf-lite/1.17.1/grpc-protobuf-lite-1.17.1.jar:/home/user/.m2/repository/io/grpc/grpc-stub/1.17.1/grpc-stub-1.17.1.jar:/home/user/.m2/repository/org/apache/hadoop/hadoop-ozone-recon/0.5.0-SNAPSHOT/hadoop-ozone-recon-0.5.0-SNAPSHOT.jar:/home/user/.m2/repository/org/apache/hadoop/hadoop-ozone-reconcodegen/0.5.0-SNAPSHOT/hadoop-ozone-reconcodegen-0.5.0-SNAPSHOT.jar:/home/user/.m2/repository/com/google/inject/extensions/guice-multibindings/4.0/guice-multibindings-4.0.jar:/home/user/.m2/repository/com/google/inject/guice/4.0/guice-4.0.jar:/home/user/.m2/repository/aopalliance/aopalliance/1.0/aopalliance-1.0.jar:/home/user/.m2/repository/com/google/inject/extensions/guice-servlet/4.0/guice-servlet-4.0.jar:/home/user/.m2/repository/org/glassfish/jersey/containers/jersey-container-servlet/2.27/jersey-container-servlet-2.27.jar:/home/user/.m2/repository/org/glassfish/hk2/guice-bridge/2.5.0/guice-bridge-2.5.0.jar:/home/user/.m2/repository/org/glassfish/jersey/core/jersey-server/2.27/jersey-server-2.27.jar:/home/user/.m2/repository/org/glassfish/jersey/core/jersey-client/2.27/jersey-client-2.27.jar:/home/user/.m2/repository/org/glassfish/jersey/media/jersey-media-jaxb/2.27/jersey-media-jaxb-2.27.jar:/home/user/.m2/repository/javax/validation/validation-api/1.1.0.Final/validation-api-1.1.0.Final.jar:/home/user/.m2/repository/org/glassfish/jersey/media/jersey-media-json-jackson/2.27/jersey-media-json-jackson-2.27.jar:/home/user/.m2/repository/org/glassfish/jersey/ext/jersey-entity-filtering/2.27/jersey-entity-filtering-2.27.jar:/home/user/.m2/repository/com/google/inject/extensions/guice-assistedinject/4.0/guice-assistedinject-4.0.jar:/home/user/.m2/repository/org/jooq/jooq/3.11.10/jooq-3.11.10.jar:/home/user/.m2/repository/org/jooq/jooq-meta/3.11.10/jooq-meta-3.11.10.jar:/home/user/.m2/repository/org/jooq/jooq-codegen/3.11.10/jooq-codegen-3.11.10.jar:/home/user/.m2/repository/com/jolbox/bonecp/0.8.0.RELEASE/bonecp-0.8.0.RELEASE.jar:/home/user/.m2/repository/org/xerial/sqlite-jdbc/3.25.2/sqlite-jdbc-3.25.2.jar:/home/user/.m2/repository/org/springframework/spring-jdbc/5.1.3.RELEASE/spring-jdbc-5.1.3.RELEASE.jar:/home/user/.m2/repository/org/springframework/spring-beans/5.1.3.RELEASE/spring-beans-5.1.3.RELEASE.jar:/home/user/.m2/repository/org/springframework/spring-core/5.1.3.RELEASE/spring-core-5.1.3.RELEASE.jar:/home/user/.m2/repository/org/springframework/spring-jcl/5.1.3.RELEASE/spring-jcl-5.1.3.RELEASE.jar:/home/user/.m2/repository/org/springframework/spring-tx/5.1.3.RELEASE/spring-tx-5.1.3.RELEASE.jar:/home/user/.m2/repository/org/apache/hadoop/hadoop-ozone-client/0.5.0-SNAPSHOT/hadoop-ozone-client-0.5.0-SNAPSHOT.jar:/home/user/.m2/repository/commons-lang/commons-lang/2.6/commons-lang-2.6.jar:/home/user/.m2/repository/org/apache/hadoop/hadoop-ozone-ozone-manager/0.5.0-SNAPSHOT/hadoop-ozone-ozone-manager-0.5.0-SNAPSHOT-tests.jar:/home/user/.m2/repository/junit/junit/4.11/junit-4.11.jar:/home/user/.m2/repository/org/hamcrest/hamcrest-core/1.3/hamcrest-core-1.3.jar:/home/user/.m2/repository/org/openjdk/jmh/jmh-core/1.19/jmh-core-1.19.jar:/home/user/.m2/repository/net/sf/jopt-simple/jopt-simple/4.6/jopt-simple-4.6.jar:/home/user/.m2/repository/org/apache/commons/commons-math3/3.1.1/commons-math3-3.1.1.jar:/home/user/.m2/repository/org/openjdk/jmh/jmh-generator-annprocess/1.19/jmh-generator-annprocess-1.19.jar:/home/user/.m2/repository/org/mockito/mockito-all/1.8.5/mockito-all-1.8.5.jar:/home/user/.m2/repository/org/apache/hadoop/hadoop-kms/3.2.0/hadoop-kms-3.2.0.jar:/home/user/.m2/repository/org/apache/hadoop/hadoop-auth/3.2.0/hadoop-auth-3.2.0.jar:/home/user/.m2/repository/com/nimbusds/nimbus-jose-jwt/4.41.1/nimbus-jose-jwt-4.41.1.jar:/home/user/.m2/repository/com/github/stephenc/jcip/jcip-annotations/1.0-1/jcip-annotations-1.0-1.jar:/home/user/.m2/repository/net/minidev/json-smart/2.3/json-smart-2.3.jar:/home/user/.m2/repository/net/minidev/accessors-smart/1.2/accessors-smart-1.2.jar:/home/user/.m2/repository/org/ow2/asm/asm/5.0.4/asm-5.0.4.jar:/home/user/.m2/repository/org/apache/curator/curator-framework/2.12.0/curator-framework-2.12.0.jar:/home/user/.m2/repository/com/sun/jersey/jersey-core/1.19/jersey-core-1.19.jar:/home/user/.m2/repository/javax/ws/rs/jsr311-api/1.1.1/jsr311-api-1.1.1.jar:/home/user/.m2/repository/com/sun/jersey/jersey-server/1.19/jersey-server-1.19.jar:/home/user/.m2/repository/javax/servlet/javax.servlet-api/3.1.0/javax.servlet-api-3.1.0.jar:/home/user/.m2/repository/org/eclipse/jetty/jetty-server/9.3.24.v20180605/jetty-server-9.3.24.v20180605.jar:/home/user/.m2/repository/org/eclipse/jetty/jetty-http/9.3.24.v20180605/jetty-http-9.3.24.v20180605.jar:/home/user/.m2/repository/org/eclipse/jetty/jetty-io/9.3.24.v20180605/jetty-io-9.3.24.v20180605.jar:/home/user/.m2/repository/org/eclipse/jetty/jetty-webapp/9.3.24.v20180605/jetty-webapp-9.3.24.v20180605.jar:/home/user/.m2/repository/org/eclipse/jetty/jetty-xml/9.3.24.v20180605/jetty-xml-9.3.24.v20180605.jar:/home/user/.m2/repository/log4j/log4j/1.2.17/log4j-1.2.17.jar:/home/user/.m2/repository/org/slf4j/slf4j-api/1.7.25/slf4j-api-1.7.25.jar:/home/user/.m2/repository/org/slf4j/jul-to-slf4j/1.7.25/jul-to-slf4j-1.7.25.jar:/home/user/.m2/repository/org/eclipse/jetty/jetty-util/9.3.24.v20180605/jetty-util-9.3.24.v20180605.jar:/home/user/.m2/repository/com/fasterxml/jackson/core/jackson-databind/2.9.5/jackson-databind-2.9.5.jar:/home/user/.m2/repository/org/apache/hadoop/hadoop-kms/3.2.0/hadoop-kms-3.2.0-tests.jar:/home/user/.m2/repository/org/apache/hadoop/hadoop-hdds-server-scm/0.5.0-SNAPSHOT/hadoop-hdds-server-scm-0.5.0-SNAPSHOT-tests.jar:/home/user/.m2/repository/org/apache/hadoop/hadoop-hdds-container-service/0.5.0-SNAPSHOT/hadoop-hdds-container-service-0.5.0-SNAPSHOT-tests.jar:/home/user/.m2/repository/org/yaml/snakeyaml/1.16/snakeyaml-1.16.jar:/home/user/.m2/repository/org/apache/hadoop/hadoop-common/3.2.0/hadoop-common-3.2.0-tests.jar:/home/user/.m2/repository/org/apache/hadoop/hadoop-annotations/3.2.0/hadoop-annotations-3.2.0.jar:/usr/lib/jvm/java-1.8-openjdk/jre/../lib/tools.jar:/home/user/.m2/repository/commons-cli/commons-cli/1.2/commons-cli-1.2.jar:/home/user/.m2/repository/org/apache/httpcomponents/httpclient/4.5.2/httpclient-4.5.2.jar:/home/user/.m2/repository/org/apache/httpcomponents/httpcore/4.4.4/httpcore-4.4.4.jar:/home/user/.m2/repository/commons-codec/commons-codec/1.11/commons-codec-1.11.jar:/home/user/.m2/repository/commons-net/commons-net/3.6/commons-net-3.6.jar:/home/user/.m2/repository/commons-collections/commons-collections/3.2.2/commons-collections-3.2.2.jar:/home/user/.m2/repository/org/eclipse/jetty/jetty-servlet/9.3.24.v20180605/jetty-servlet-9.3.24.v20180605.jar:/home/user/.m2/repository/org/eclipse/jetty/jetty-security/9.3.24.v20180605/jetty-security-9.3.24.v20180605.jar:/home/user/.m2/repository/javax/servlet/jsp/jsp-api/2.1/jsp-api-2.1.jar:/home/user/.m2/repository/com/sun/jersey/jersey-servlet/1.19/jersey-servlet-1.19.jar:/home/user/.m2/repository/com/sun/jersey/jersey-json/1.19/jersey-json-1.19.jar:/home/user/.m2/repository/org/codehaus/jettison/jettison/1.1/jettison-1.1.jar:/home/user/.m2/repository/org/codehaus/jackson/jackson-core-asl/1.9.13/jackson-core-asl-1.9.13.jar:/home/user/.m2/repository/org/codehaus/jackson/jackson-mapper-asl/1.9.13/jackson-mapper-asl-1.9.13.jar:/home/user/.m2/repository/org/codehaus/jackson/jackson-jaxrs/1.9.13/jackson-jaxrs-1.9.13.jar:/home/user/.m2/repository/org/codehaus/jackson/jackson-xc/1.9.13/jackson-xc-1.9.13.jar:/home/user/.m2/repository/commons-logging/commons-logging/1.1.3/commons-logging-1.1.3.jar:/home/user/.m2/repository/commons-beanutils/commons-beanutils/1.9.3/commons-beanutils-1.9.3.jar:/home/user/.m2/repository/org/apache/commons/commons-configuration2/2.1.1/commons-configuration2-2.1.1.jar:/home/user/.m2/repository/org/apache/commons/commons-lang3/3.7/commons-lang3-3.7.jar:/home/user/.m2/repository/org/apache/commons/commons-text/1.4/commons-text-1.4.jar:/home/user/.m2/repository/org/apache/avro/avro/1.7.7/avro-1.7.7.jar:/home/user/.m2/repository/com/thoughtworks/paranamer/paranamer/2.3/paranamer-2.3.jar:/home/user/.m2/repository/org/xerial/snappy/snappy-java/1.0.5/snappy-java-1.0.5.jar:/home/user/.m2/repository/com/google/re2j/re2j/1.1/re2j-1.1.jar:/home/user/.m2/repository/com/google/code/gson/gson/2.2.4/gson-2.2.4.jar:/home/user/.m2/repository/com/jcraft/jsch/0.1.54/jsch-0.1.54.jar:/home/user/.m2/repository/org/apache/curator/curator-client/2.12.0/curator-client-2.12.0.jar:/home/user/.m2/repository/org/apache/curator/curator-recipes/2.12.0/curator-recipes-2.12.0.jar:/home/user/.m2/repository/com/google/code/findbugs/jsr305/3.0.0/jsr305-3.0.0.jar:/home/user/.m2/repository/org/apache/htrace/htrace-core4/4.1.0-incubating/htrace-core4-4.1.0-incubating.jar:/home/user/.m2/repository/org/apache/zookeeper/zookeeper/3.4.13/zookeeper-3.4.13.jar:/home/user/.m2/repository/org/apache/yetus/audience-annotations/0.5.0/audience-annotations-0.5.0.jar:/home/user/.m2/repository/org/codehaus/woodstox/stax2-api/3.1.4/stax2-api-3.1.4.jar:/home/user/.m2/repository/com/fasterxml/woodstox/woodstox-core/5.0.3/woodstox-core-5.0.3.jar:/home/user/.m2/repository/dnsjava/dnsjava/2.1.7/dnsjava-2.1.7.jar:/home/user/.m2/repository/org/apache/hadoop/hadoop-hdfs/3.2.0/hadoop-hdfs-3.2.0-tests.jar:/home/user/.m2/repository/org/eclipse/jetty/jetty-util-ajax/9.3.24.v20180605/jetty-util-ajax-9.3.24.v20180605.jar:/home/user/.m2/repository/commons-daemon/commons-daemon/1.0.13/commons-daemon-1.0.13.jar:/home/user/.m2/repository/io/netty/netty/3.10.5.Final/netty-3.10.5.Final.jar:/home/user/.m2/repository/io/netty/netty-all/4.0.52.Final/netty-all-4.0.52.Final.jar:/home/user/.m2/repository/org/fusesource/leveldbjni/leveldbjni-all/1.8/leveldbjni-all-1.8.jar:"/>
    <property name="sun.cpu.endian" value="little"/>
    <property name="user.home" value="/home/user"/>
    <property name="user.language" value="en"/>
    <property name="java.specification.vendor" value="Oracle Corporation"/>
    <property name="java.home" value="/usr/lib/jvm/java-1.8-openjdk/jre"/>
    <property name="java.security.krb5.conf" value="/workdir/hadoop-ozone/integration-test/target/test-classes/krb5.conf"/>
    <property name="basedir" value="/workdir/hadoop-ozone/integration-test"/>
    <property name="file.separator" value="/"/>
    <property name="line.separator" value="&#10;"/>
    <property name="java.vm.specification.vendor" value="Oracle Corporation"/>
    <property name="java.specification.name" value="Java Platform API Specification"/>
    <property name="java.awt.graphicsenv" value="sun.awt.X11GraphicsEnvironment"/>
    <property name="surefire.real.class.path" value="/workdir/hadoop-ozone/integration-test/target/surefire/surefirebooter6636153982448914075.jar"/>
    <property name="hadoop.log.dir" value="/workdir/hadoop-ozone/integration-test/target/log"/>
    <property name="sun.boot.class.path" value="/usr/lib/jvm/java-1.8-openjdk/jre/lib/resources.jar:/usr/lib/jvm/java-1.8-openjdk/jre/lib/rt.jar:/usr/lib/jvm/java-1.8-openjdk/jre/lib/sunrsasign.jar:/usr/lib/jvm/java-1.8-openjdk/jre/lib/jsse.jar:/usr/lib/jvm/java-1.8-openjdk/jre/lib/jce.jar:/usr/lib/jvm/java-1.8-openjdk/jre/lib/charsets.jar:/usr/lib/jvm/java-1.8-openjdk/jre/lib/jfr.jar:/usr/lib/jvm/java-1.8-openjdk/jre/classes"/>
    <property name="sun.management.compiler" value="HotSpot 64-Bit Tiered Compilers"/>
    <property name="java.runtime.version" value="1.8.0_212-b04"/>
    <property name="java.net.preferIPv4Stack" value="true"/>
    <property name="user.name" value="jenkins1000"/>
    <property name="path.separator" value=":"/>
    <property name="java.security.egd" value="file:///dev/urandom"/>
    <property name="os.version" value="3.10.0-957.12.2.el7.x86_64"/>
    <property name="java.endorsed.dirs" value="/usr/lib/jvm/java-1.8-openjdk/jre/lib/endorsed"/>
    <property name="java.runtime.name" value="OpenJDK Runtime Environment"/>
    <property name="file.encoding" value="UTF-8"/>
    <property name="java.vm.name" value="OpenJDK 64-Bit Server VM"/>
    <property name="test.build.webapps" value=""/>
    <property name="localRepository" value="/home/user/.m2/repository"/>
    <property name="java.vendor.url.bug" value="https://icedtea.classpath.org/bugzilla"/>
    <property name="java.io.tmpdir" value="/tmp"/>
    <property name="require.test.libhadoop" value=""/>
    <property name="java.version" value="1.8.0_212"/>
    <property name="user.dir" value="/workdir/hadoop-ozone/integration-test"/>
    <property name="os.arch" value="amd64"/>
    <property name="java.vm.specification.name" value="Java Virtual Machine Specification"/>
    <property name="test.build.classes" value="/workdir/hadoop-ozone/integration-test/target/test-classes"/>
    <property name="java.awt.printerjob" value="sun.print.PSPrinterJob"/>
    <property name="sun.os.patch.level" value="unknown"/>
    <property name="hadoop.tmp.dir" value="/workdir/hadoop-ozone/integration-test/target/tmp"/>
    <property name="java.library.path" value="/usr/lib/jvm/java-1.8-openjdk/jre/lib/amd64/server:/usr/lib/jvm/java-1.8-openjdk/jre/lib/amd64:/usr/lib/jvm/java-1.8-openjdk/jre/../lib/amd64:/workdir/hadoop-ozone/integration-test/target/native/target/usr/local/lib:/workdir/hadoop-ozone/integration-test/../../hadoop-common-project/hadoop-common/target/native/target/usr/local/lib:/usr/java/packages/lib/amd64:/usr/lib64:/lib64:/lib:/usr/lib"/>
    <property name="java.vm.info" value="mixed mode"/>
    <property name="java.vendor" value="IcedTea"/>
    <property name="java.vm.version" value="25.212-b04"/>
    <property name="java.ext.dirs" value="/usr/lib/jvm/java-1.8-openjdk/jre/lib/ext:/usr/java/packages/lib/ext"/>
    <property name="sun.io.unicode.encoding" value="UnicodeLittle"/>
    <property name="java.class.version" value="52.0"/>
  </properties>
  <testcase name="test2DatanodesFailure" classname="org.apache.hadoop.ozone.client.rpc.TestBlockOutputStreamWithFailures" time="107.349"/>
  <testcase name="testDatanodeFailureWithPreAllocation" classname="org.apache.hadoop.ozone.client.rpc.TestBlockOutputStreamWithFailures" time="231.537"/>
  <testcase name="testDatanodeFailureWithSingleNodeRatis" classname="org.apache.hadoop.ozone.client.rpc.TestBlockOutputStreamWithFailures" time="228.708"/>
  <testcase name="testWatchForCommitWithSingleNodeRatis" classname="org.apache.hadoop.ozone.client.rpc.TestBlockOutputStreamWithFailures" time="37.31"/>
  <testcase name="testWatchForCommitDatanodeFailure" classname="org.apache.hadoop.ozone.client.rpc.TestBlockOutputStreamWithFailures" time="53.097">
    <failure message="expected:&lt;2&gt; but was:&lt;3&gt;" type="java.lang.AssertionError"><![CDATA[java.lang.AssertionError: expected:<2> but was:<3>
	at org.junit.Assert.fail(Assert.java:88)
	at org.junit.Assert.failNotEquals(Assert.java:743)
	at org.junit.Assert.assertEquals(Assert.java:118)
	at org.junit.Assert.assertEquals(Assert.java:555)
	at org.junit.Assert.assertEquals(Assert.java:542)
	at org.apache.hadoop.ozone.client.rpc.TestBlockOutputStreamWithFailures.testWatchForCommitDatanodeFailure(TestBlockOutputStreamWithFailures.java:366)
	at sun.reflect.NativeMethodAccessorImpl.invoke0(Native Method)
	at sun.reflect.NativeMethodAccessorImpl.invoke(NativeMethodAccessorImpl.java:62)
	at sun.reflect.DelegatingMethodAccessorImpl.invoke(DelegatingMethodAccessorImpl.java:43)
	at java.lang.reflect.Method.invoke(Method.java:498)
	at org.junit.runners.model.FrameworkMethod$1.runReflectiveCall(FrameworkMethod.java:47)
	at org.junit.internal.runners.model.ReflectiveCallable.run(ReflectiveCallable.java:12)
	at org.junit.runners.model.FrameworkMethod.invokeExplosively(FrameworkMethod.java:44)
	at org.junit.internal.runners.statements.InvokeMethod.evaluate(InvokeMethod.java:17)
	at org.junit.internal.runners.statements.RunBefores.evaluate(RunBefores.java:26)
	at org.junit.internal.runners.statements.RunAfters.evaluate(RunAfters.java:27)
	at org.junit.runners.ParentRunner.runLeaf(ParentRunner.java:271)
	at org.junit.runners.BlockJUnit4ClassRunner.runChild(BlockJUnit4ClassRunner.java:70)
	at org.junit.runners.BlockJUnit4ClassRunner.runChild(BlockJUnit4ClassRunner.java:50)
	at org.junit.runners.ParentRunner$3.run(ParentRunner.java:238)
	at org.junit.runners.ParentRunner$1.schedule(ParentRunner.java:63)
	at org.junit.runners.ParentRunner.runChildren(ParentRunner.java:236)
	at org.junit.runners.ParentRunner.access$000(ParentRunner.java:53)
	at org.junit.runners.ParentRunner$2.evaluate(ParentRunner.java:229)
	at org.junit.runners.ParentRunner.run(ParentRunner.java:309)
	at org.apache.maven.surefire.junit4.JUnit4Provider.execute(JUnit4Provider.java:365)
	at org.apache.maven.surefire.junit4.JUnit4Provider.executeWithRerun(JUnit4Provider.java:273)
	at org.apache.maven.surefire.junit4.JUnit4Provider.executeTestSet(JUnit4Provider.java:238)
	at org.apache.maven.surefire.junit4.JUnit4Provider.invoke(JUnit4Provider.java:159)
	at org.apache.maven.surefire.booter.ForkedBooter.invokeProviderInSameClassLoader(ForkedBooter.java:384)
	at org.apache.maven.surefire.booter.ForkedBooter.runSuitesInProcess(ForkedBooter.java:345)
	at org.apache.maven.surefire.booter.ForkedBooter.execute(ForkedBooter.java:126)
	at org.apache.maven.surefire.booter.ForkedBooter.main(ForkedBooter.java:418)
]]></failure>
    <system-out><![CDATA[2019-08-30 08:03:48,996 [main] WARN  server.ServerUtils (ServerUtils.java:getScmDbDir(145)) - ozone.scm.db.dirs is not configured. We recommend adding this setting. Falling back to ozone.metadata.dirs instead.
2019-08-30 08:03:49,098 [main] WARN  server.ServerUtils (ServerUtils.java:getScmDbDir(145)) - ozone.scm.db.dirs is not configured. We recommend adding this setting. Falling back to ozone.metadata.dirs instead.
2019-08-30 08:03:49,099 [main] WARN  server.ServerUtils (ServerUtils.java:getScmDbDir(145)) - ozone.scm.db.dirs is not configured. We recommend adding this setting. Falling back to ozone.metadata.dirs instead.
2019-08-30 08:03:49,099 [main] INFO  db.DBStoreBuilder (DBStoreBuilder.java:addTable(110)) - using custom profile for table: deletedBlocks
2019-08-30 08:03:49,100 [main] INFO  db.DBStoreBuilder (DBStoreBuilder.java:processTables(161)) - Using default column profile:DBProfile.DISK for Table:deletedBlocks
2019-08-30 08:03:49,100 [main] INFO  db.DBStoreBuilder (DBStoreBuilder.java:addTable(110)) - using custom profile for table: validCerts
2019-08-30 08:03:49,100 [main] INFO  db.DBStoreBuilder (DBStoreBuilder.java:processTables(161)) - Using default column profile:DBProfile.DISK for Table:validCerts
2019-08-30 08:03:49,100 [main] INFO  db.DBStoreBuilder (DBStoreBuilder.java:addTable(110)) - using custom profile for table: revokedCerts
2019-08-30 08:03:49,101 [main] INFO  db.DBStoreBuilder (DBStoreBuilder.java:processTables(161)) - Using default column profile:DBProfile.DISK for Table:revokedCerts
2019-08-30 08:03:49,101 [main] INFO  db.DBStoreBuilder (DBStoreBuilder.java:addTable(110)) - using custom profile for table: default
2019-08-30 08:03:49,101 [main] INFO  db.DBStoreBuilder (DBStoreBuilder.java:processTables(167)) - Using default column profile:DBProfile.DISK for Table:default
2019-08-30 08:03:49,101 [main] INFO  db.DBStoreBuilder (DBStoreBuilder.java:getDbProfile(198)) - Using default options. DBProfile.DISK
2019-08-30 08:03:49,888 [main] INFO  net.NodeSchemaLoader (NodeSchemaLoader.java:loadSchemaFromFile(125)) - Loading file from sun.misc.CompoundEnumeration@5d180628
2019-08-30 08:03:49,888 [main] INFO  net.NodeSchemaLoader (NodeSchemaLoader.java:loadSchema(171)) - Loading network topology layer schema file
2019-08-30 08:03:49,895 [main] INFO  node.SCMNodeManager (SCMNodeManager.java:<init>(122)) - Entering startup safe mode.
2019-08-30 08:03:49,896 [main] INFO  algorithms.ContainerPlacementPolicyFactory (ContainerPlacementPolicyFactory.java:getPolicy(55)) - Create container placement policy of type org.apache.hadoop.hdds.scm.container.placement.algorithms.SCMContainerPlacementRandom
2019-08-30 08:03:49,896 [main] WARN  server.ServerUtils (ServerUtils.java:getScmDbDir(145)) - ozone.scm.db.dirs is not configured. We recommend adding this setting. Falling back to ozone.metadata.dirs instead.
2019-08-30 08:03:50,223 [main] INFO  pipeline.SCMPipelineManager (SCMPipelineManager.java:initializePipelineState(126)) - No pipeline exists in current db
2019-08-30 08:03:50,223 [main] WARN  server.ServerUtils (ServerUtils.java:getScmDbDir(145)) - ozone.scm.db.dirs is not configured. We recommend adding this setting. Falling back to ozone.metadata.dirs instead.
2019-08-30 08:03:50,546 [main] WARN  events.EventQueue (EventQueue.java:fireEvent(175)) - No event handler registered for event TypedEvent{payloadType=SafeModeStatus, name='SafeModeStatus'}
2019-08-30 08:03:50,547 [main] INFO  ipc.CallQueueManager (CallQueueManager.java:<init>(84)) - Using callQueue: class java.util.concurrent.LinkedBlockingQueue, queueCapacity: 2000, scheduler: class org.apache.hadoop.ipc.DefaultRpcScheduler, ipcBackoff: false.
2019-08-30 08:03:50,549 [Socket Reader #1 for port 38541] INFO  ipc.Server (Server.java:run(1074)) - Starting Socket Reader #1 for port 38541
2019-08-30 08:03:50,551 [main] INFO  ipc.CallQueueManager (CallQueueManager.java:<init>(84)) - Using callQueue: class java.util.concurrent.LinkedBlockingQueue, queueCapacity: 2000, scheduler: class org.apache.hadoop.ipc.DefaultRpcScheduler, ipcBackoff: false.
2019-08-30 08:03:50,552 [Socket Reader #1 for port 34021] INFO  ipc.Server (Server.java:run(1074)) - Starting Socket Reader #1 for port 34021
2019-08-30 08:03:50,553 [main] INFO  ipc.CallQueueManager (CallQueueManager.java:<init>(84)) - Using callQueue: class java.util.concurrent.LinkedBlockingQueue, queueCapacity: 2000, scheduler: class org.apache.hadoop.ipc.DefaultRpcScheduler, ipcBackoff: false.
2019-08-30 08:03:50,554 [Socket Reader #1 for port 46604] INFO  ipc.Server (Server.java:run(1074)) - Starting Socket Reader #1 for port 46604
2019-08-30 08:03:50,556 [main] INFO  hdfs.DFSUtil (DFSUtil.java:httpServerTemplateForNNAndJN(1641)) - Starting Web-server for scm at: http://0.0.0.0:0
2019-08-30 08:03:50,559 [main] INFO  server.AuthenticationFilter (AuthenticationFilter.java:constructSecretProvider(240)) - Unable to initialize FileSignerSecretProvider, falling back to use random secrets.
2019-08-30 08:03:50,559 [main] WARN  http.HttpRequestLog (HttpRequestLog.java:getRequestLog(97)) - Jetty request log can only be enabled using Log4j
2019-08-30 08:03:50,562 [main] INFO  http.HttpServer2 (HttpServer2.java:addGlobalFilter(975)) - Added global filter 'safety' (class=org.apache.hadoop.http.HttpServer2$QuotingInputFilter)
2019-08-30 08:03:50,563 [main] INFO  http.HttpServer2 (HttpServer2.java:addFilter(948)) - Added filter static_user_filter (class=org.apache.hadoop.http.lib.StaticUserWebFilter$StaticUserFilter) to context scm
2019-08-30 08:03:50,563 [main] INFO  http.HttpServer2 (HttpServer2.java:addFilter(958)) - Added filter static_user_filter (class=org.apache.hadoop.http.lib.StaticUserWebFilter$StaticUserFilter) to context static
2019-08-30 08:03:50,563 [main] INFO  http.HttpServer2 (HttpServer2.java:addFilter(958)) - Added filter static_user_filter (class=org.apache.hadoop.http.lib.StaticUserWebFilter$StaticUserFilter) to context logs
2019-08-30 08:03:50,565 [main] INFO  server.StorageContainerManager (StorageContainerManager.java:start(759)) - StorageContainerLocationProtocol RPC server is listening at /0.0.0.0:46604
2019-08-30 08:03:50,568 [main] WARN  impl.MetricsConfig (MetricsConfig.java:loadFirst(134)) - Cannot locate configuration: tried hadoop-metrics2-storagecontainermanager.properties,hadoop-metrics2.properties
2019-08-30 08:03:50,569 [main] INFO  impl.MetricsSystemImpl (MetricsSystemImpl.java:startTimer(374)) - Scheduled Metric snapshot period at 10 second(s).
2019-08-30 08:03:50,569 [main] INFO  impl.MetricsSystemImpl (MetricsSystemImpl.java:start(191)) - StorageContainerManager metrics system started
2019-08-30 08:03:50,641 [main] INFO  server.SCMClientProtocolServer (SCMClientProtocolServer.java:start(151)) - RPC server for Client  is listening at /0.0.0.0:46604
2019-08-30 08:03:50,642 [IPC Server Responder] INFO  ipc.Server (Server.java:run(1314)) - IPC Server Responder: starting
2019-08-30 08:03:50,642 [IPC Server listener on 46604] INFO  ipc.Server (Server.java:run(1153)) - IPC Server listener on 46604: starting
2019-08-30 08:03:50,646 [main] INFO  server.StorageContainerManager (StorageContainerManager.java:start(769)) - ScmBlockLocationProtocol RPC server is listening at /0.0.0.0:34021
2019-08-30 08:03:50,646 [main] INFO  server.SCMBlockProtocolServer (SCMBlockProtocolServer.java:start(140)) - RPC server for Block Protocol is listening at /0.0.0.0:34021
2019-08-30 08:03:50,647 [IPC Server Responder] INFO  ipc.Server (Server.java:run(1314)) - IPC Server Responder: starting
2019-08-30 08:03:50,647 [IPC Server listener on 34021] INFO  ipc.Server (Server.java:run(1153)) - IPC Server listener on 34021: starting
2019-08-30 08:03:50,650 [main] INFO  server.StorageContainerManager (StorageContainerManager.java:start(773)) - ScmDatanodeProtocl RPC server is listening at /0.0.0.0:38541
2019-08-30 08:03:50,650 [main] INFO  server.SCMDatanodeProtocolServer (SCMDatanodeProtocolServer.java:start(191)) - RPC server for DataNodes is listening at /0.0.0.0:38541
2019-08-30 08:03:50,651 [IPC Server Responder] INFO  ipc.Server (Server.java:run(1314)) - IPC Server Responder: starting
2019-08-30 08:03:50,652 [IPC Server listener on 38541] INFO  ipc.Server (Server.java:run(1153)) - IPC Server listener on 38541: starting
2019-08-30 08:03:50,655 [main] INFO  http.HttpServer2 (HttpServer2.java:bindListener(1191)) - Jetty bound to port 42073
2019-08-30 08:03:50,655 [main] INFO  server.Server (Server.java:doStart(351)) - jetty-9.3.24.v20180605, build timestamp: 2018-06-05T17:11:56Z, git hash: 84205aa28f11a4f31f2a3b86d1bba2cc8ab69827
2019-08-30 08:03:50,657 [main] INFO  handler.ContextHandler (ContextHandler.java:doStart(781)) - Started o.e.j.s.ServletContextHandler@57e35236{/logs,file:///workdir/hadoop-ozone/integration-test/target/log,AVAILABLE}
2019-08-30 08:03:50,658 [main] INFO  handler.ContextHandler (ContextHandler.java:doStart(781)) - Started o.e.j.s.ServletContextHandler@36b2b6e6{/static,file:///workdir/hadoop-ozone/integration-test/target/test-classes/webapps/static,AVAILABLE}
2019-08-30 08:03:50,662 [main] INFO  handler.ContextHandler (ContextHandler.java:doStart(781)) - Started o.e.j.w.WebAppContext@c725dfa{/,file:///workdir/hadoop-ozone/integration-test/target/test-classes/webapps/scm/,AVAILABLE}{/scm}
2019-08-30 08:03:50,663 [main] INFO  server.AbstractConnector (AbstractConnector.java:doStart(278)) - Started ServerConnector@3a8cc099{HTTP/1.1,[http/1.1]}{0.0.0.0:42073}
2019-08-30 08:03:50,664 [main] INFO  server.Server (Server.java:doStart(419)) - Started @607175ms
2019-08-30 08:03:50,665 [main] INFO  server.BaseHttpServer (BaseHttpServer.java:updateConnectorAddress(213)) - HTTP server of SCM is listening at http://0.0.0.0:42073
2019-08-30 08:03:50,665 [main] WARN  server.ServerUtils (ServerUtils.java:getDBPath(222)) - ozone.om.db.dirs is not configured. We recommend adding this setting. Falling back to ozone.metadata.dirs instead.
2019-08-30 08:03:50,666 [org.apache.hadoop.util.JvmPauseMonitor$Monitor@1c00a9f0] INFO  util.JvmPauseMonitor (JvmPauseMonitor.java:run(188)) - Starting JVM pause monitor
2019-08-30 08:03:50,725 [main] WARN  server.ServerUtils (ServerUtils.java:getDBPath(222)) - ozone.om.db.dirs is not configured. We recommend adding this setting. Falling back to ozone.metadata.dirs instead.
2019-08-30 08:03:50,726 [main] WARN  server.ServerUtils (ServerUtils.java:getDBPath(222)) - ozone.om.db.dirs is not configured. We recommend adding this setting. Falling back to ozone.metadata.dirs instead.
2019-08-30 08:03:50,726 [main] INFO  om.OzoneManager (OzoneManager.java:setOMNodeDetails(645)) - OM Service ID is not set. Setting it to the default ID: omServiceIdDefault
2019-08-30 08:03:50,727 [main] INFO  om.OzoneManager (OzoneManager.java:setOMNodeDetails(651)) - OM Node ID is not set. Setting it to the OmStorage's OmID: d5af6a85-c37a-4a63-882f-9a2fe9fddf0b
2019-08-30 08:03:50,727 [main] INFO  om.OzoneManager (OzoneManager.java:loadOMHAConfigs(602)) - Found matching OM address with OMServiceId: null, OMNodeId: null, RPC Address: localhost:0 and Ratis port: 9872
2019-08-30 08:03:50,732 | INFO  | SCMAudit | user=jenkins1000 | ip=192.168.5.184 | op=GET_SCM_INFO null | ret=SUCCESS |  
2019-08-30 08:03:50,735 [main] WARN  server.ServerUtils (ServerUtils.java:getDBPath(222)) - ozone.om.db.dirs is not configured. We recommend adding this setting. Falling back to ozone.metadata.dirs instead.
2019-08-30 08:03:50,735 [main] INFO  db.DBStoreBuilder (DBStoreBuilder.java:addTable(110)) - using custom profile for table: userTable
2019-08-30 08:03:50,735 [main] INFO  db.DBStoreBuilder (DBStoreBuilder.java:processTables(161)) - Using default column profile:DBProfile.DISK for Table:userTable
2019-08-30 08:03:50,736 [main] INFO  db.DBStoreBuilder (DBStoreBuilder.java:addTable(110)) - using custom profile for table: volumeTable
2019-08-30 08:03:50,736 [main] INFO  db.DBStoreBuilder (DBStoreBuilder.java:processTables(161)) - Using default column profile:DBProfile.DISK for Table:volumeTable
2019-08-30 08:03:50,737 [main] INFO  db.DBStoreBuilder (DBStoreBuilder.java:addTable(110)) - using custom profile for table: bucketTable
2019-08-30 08:03:50,737 [main] INFO  db.DBStoreBuilder (DBStoreBuilder.java:processTables(161)) - Using default column profile:DBProfile.DISK for Table:bucketTable
2019-08-30 08:03:50,737 [main] INFO  db.DBStoreBuilder (DBStoreBuilder.java:addTable(110)) - using custom profile for table: keyTable
2019-08-30 08:03:50,737 [main] INFO  db.DBStoreBuilder (DBStoreBuilder.java:processTables(161)) - Using default column profile:DBProfile.DISK for Table:keyTable
2019-08-30 08:03:50,738 [main] INFO  db.DBStoreBuilder (DBStoreBuilder.java:addTable(110)) - using custom profile for table: deletedTable
2019-08-30 08:03:50,738 [main] INFO  db.DBStoreBuilder (DBStoreBuilder.java:processTables(161)) - Using default column profile:DBProfile.DISK for Table:deletedTable
2019-08-30 08:03:50,738 [main] INFO  db.DBStoreBuilder (DBStoreBuilder.java:addTable(110)) - using custom profile for table: openKeyTable
2019-08-30 08:03:50,739 [main] INFO  db.DBStoreBuilder (DBStoreBuilder.java:processTables(161)) - Using default column profile:DBProfile.DISK for Table:openKeyTable
2019-08-30 08:03:50,739 [main] INFO  db.DBStoreBuilder (DBStoreBuilder.java:addTable(110)) - using custom profile for table: s3Table
2019-08-30 08:03:50,739 [main] INFO  db.DBStoreBuilder (DBStoreBuilder.java:processTables(161)) - Using default column profile:DBProfile.DISK for Table:s3Table
2019-08-30 08:03:50,739 [main] INFO  db.DBStoreBuilder (DBStoreBuilder.java:addTable(110)) - using custom profile for table: multipartInfoTable
2019-08-30 08:03:50,740 [main] INFO  db.DBStoreBuilder (DBStoreBuilder.java:processTables(161)) - Using default column profile:DBProfile.DISK for Table:multipartInfoTable
2019-08-30 08:03:50,740 [main] INFO  db.DBStoreBuilder (DBStoreBuilder.java:addTable(110)) - using custom profile for table: dTokenTable
2019-08-30 08:03:50,740 [main] INFO  db.DBStoreBuilder (DBStoreBuilder.java:processTables(161)) - Using default column profile:DBProfile.DISK for Table:dTokenTable
2019-08-30 08:03:50,740 [main] INFO  db.DBStoreBuilder (DBStoreBuilder.java:addTable(110)) - using custom profile for table: s3SecretTable
2019-08-30 08:03:50,741 [main] INFO  db.DBStoreBuilder (DBStoreBuilder.java:processTables(161)) - Using default column profile:DBProfile.DISK for Table:s3SecretTable
2019-08-30 08:03:50,741 [main] INFO  db.DBStoreBuilder (DBStoreBuilder.java:addTable(110)) - using custom profile for table: prefixTable
2019-08-30 08:03:50,741 [main] INFO  db.DBStoreBuilder (DBStoreBuilder.java:processTables(161)) - Using default column profile:DBProfile.DISK for Table:prefixTable
2019-08-30 08:03:50,742 [main] INFO  db.DBStoreBuilder (DBStoreBuilder.java:addTable(110)) - using custom profile for table: default
2019-08-30 08:03:50,742 [main] INFO  db.DBStoreBuilder (DBStoreBuilder.java:processTables(167)) - Using default column profile:DBProfile.DISK for Table:default
2019-08-30 08:03:50,742 [main] INFO  db.DBStoreBuilder (DBStoreBuilder.java:getDbProfile(198)) - Using default options. DBProfile.DISK
2019-08-30 08:03:52,724 [main] INFO  ipc.CallQueueManager (CallQueueManager.java:<init>(84)) - Using callQueue: class java.util.concurrent.LinkedBlockingQueue, queueCapacity: 2000, scheduler: class org.apache.hadoop.ipc.DefaultRpcScheduler, ipcBackoff: false.
2019-08-30 08:03:52,725 [Socket Reader #1 for port 40434] INFO  ipc.Server (Server.java:run(1074)) - Starting Socket Reader #1 for port 40434
2019-08-30 08:03:52,743 [main] INFO  om.OzoneManager (OzoneManager.java:start(1256)) - OzoneManager RPC server is listening at localhost/127.0.0.1:40434
2019-08-30 08:03:52,743 [main] INFO  impl.MetricsSystemImpl (MetricsSystemImpl.java:init(158)) - OzoneManager metrics system started (again)
2019-08-30 08:03:52,744 [IPC Server Responder] INFO  ipc.Server (Server.java:run(1314)) - IPC Server Responder: starting
2019-08-30 08:03:52,746 [IPC Server listener on 40434] INFO  ipc.Server (Server.java:run(1153)) - IPC Server listener on 40434: starting
2019-08-30 08:03:52,749 [main] INFO  hdfs.DFSUtil (DFSUtil.java:httpServerTemplateForNNAndJN(1641)) - Starting Web-server for ozoneManager at: http://0.0.0.0:0
2019-08-30 08:03:52,751 [main] INFO  server.AuthenticationFilter (AuthenticationFilter.java:constructSecretProvider(240)) - Unable to initialize FileSignerSecretProvider, falling back to use random secrets.
2019-08-30 08:03:52,752 [main] WARN  http.HttpRequestLog (HttpRequestLog.java:getRequestLog(97)) - Jetty request log can only be enabled using Log4j
2019-08-30 08:03:52,754 [main] INFO  http.HttpServer2 (HttpServer2.java:addGlobalFilter(975)) - Added global filter 'safety' (class=org.apache.hadoop.http.HttpServer2$QuotingInputFilter)
2019-08-30 08:03:52,755 [main] INFO  http.HttpServer2 (HttpServer2.java:addFilter(948)) - Added filter static_user_filter (class=org.apache.hadoop.http.lib.StaticUserWebFilter$StaticUserFilter) to context ozoneManager
2019-08-30 08:03:52,755 [main] INFO  http.HttpServer2 (HttpServer2.java:addFilter(958)) - Added filter static_user_filter (class=org.apache.hadoop.http.lib.StaticUserWebFilter$StaticUserFilter) to context logs
2019-08-30 08:03:52,755 [main] INFO  http.HttpServer2 (HttpServer2.java:addFilter(958)) - Added filter static_user_filter (class=org.apache.hadoop.http.lib.StaticUserWebFilter$StaticUserFilter) to context static
2019-08-30 08:03:52,756 [main] INFO  http.HttpServer2 (HttpServer2.java:bindListener(1191)) - Jetty bound to port 43113
2019-08-30 08:03:52,756 [main] INFO  server.Server (Server.java:doStart(351)) - jetty-9.3.24.v20180605, build timestamp: 2018-06-05T17:11:56Z, git hash: 84205aa28f11a4f31f2a3b86d1bba2cc8ab69827
2019-08-30 08:03:52,758 [main] INFO  handler.ContextHandler (ContextHandler.java:doStart(781)) - Started o.e.j.s.ServletContextHandler@48900d4a{/logs,file:///workdir/hadoop-ozone/integration-test/target/log,AVAILABLE}
2019-08-30 08:03:52,759 [main] INFO  handler.ContextHandler (ContextHandler.java:doStart(781)) - Started o.e.j.s.ServletContextHandler@452ea8f0{/static,file:///workdir/hadoop-ozone/integration-test/target/test-classes/webapps/static,AVAILABLE}
2019-08-30 08:03:52,764 [main] INFO  handler.ContextHandler (ContextHandler.java:doStart(781)) - Started o.e.j.w.WebAppContext@3393aa46{/,file:///workdir/hadoop-ozone/integration-test/target/test-classes/webapps/ozoneManager/,AVAILABLE}{/ozoneManager}
2019-08-30 08:03:52,764 [main] INFO  server.AbstractConnector (AbstractConnector.java:doStart(278)) - Started ServerConnector@4f0381cd{HTTP/1.1,[http/1.1]}{0.0.0.0:43113}
2019-08-30 08:03:52,765 [main] INFO  server.Server (Server.java:doStart(419)) - Started @609276ms
2019-08-30 08:03:52,766 [main] INFO  server.BaseHttpServer (BaseHttpServer.java:updateConnectorAddress(213)) - HTTP server of OZONEMANAGER is listening at http://0.0.0.0:43113
2019-08-30 08:03:52,784 [main] INFO  impl.MetricsSystemImpl (MetricsSystemImpl.java:init(158)) - HddsDatanode metrics system started (again)
2019-08-30 08:03:52,786 [main] INFO  ozone.HddsDatanodeService (HddsDatanodeService.java:start(184)) - HddsDatanodeService host:pr-hdds-1569-g97bt-2511755227 ip:192.168.5.184
2019-08-30 08:03:52,800 [main] INFO  volume.HddsVolume (HddsVolume.java:<init>(176)) - Creating Volume: /workdir/hadoop-ozone/integration-test/target/test-dir/MiniOzoneClusterImpl-0a678d0b-345d-45b6-820b-f96c3cc761ae/datanode-0/data/containers/hdds of  storage type : DISK and capacity : 1482555576320
2019-08-30 08:03:52,800 [main] INFO  volume.VolumeSet (VolumeSet.java:initializeVolumeSet(170)) - Added Volume : /workdir/hadoop-ozone/integration-test/target/test-dir/MiniOzoneClusterImpl-0a678d0b-345d-45b6-820b-f96c3cc761ae/datanode-0/data/containers/hdds to VolumeSet
2019-08-30 08:03:52,801 [main] INFO  volume.ThrottledAsyncChecker (ThrottledAsyncChecker.java:schedule(140)) - Scheduling a check for org.apache.hadoop.ozone.container.common.volume.HddsVolume@77732366
2019-08-30 08:03:52,801 [main] INFO  volume.HddsVolumeChecker (HddsVolumeChecker.java:checkAllVolumes(203)) - Scheduled health check for volume org.apache.hadoop.ozone.container.common.volume.HddsVolume@77732366
2019-08-30 08:03:52,819 [main] INFO  impl.RaftServerProxy (ConfUtils.java:logGet(43)) - raft.rpc.type = GRPC (default)
2019-08-30 08:03:52,819 [main] INFO  grpc.GrpcFactory (GrpcFactory.java:checkPooledByteBufAllocatorUseCacheForAllThreads(45)) - PERFORMANCE WARNING: useCacheForAllThreads is true that may cause Netty to create a lot garbage objects and, as a result, trigger GC.
	It is recommended to disable useCacheForAllThreads by setting -Dorg.apache.ratis.thirdparty.io.netty.allocator.useCacheForAllThreads=false in command line.
2019-08-30 08:03:52,819 [main] INFO  grpc.GrpcConfigKeys$Server (ConfUtils.java:logGet(43)) - raft.grpc.server.port = 0 (default)
2019-08-30 08:03:52,820 [main] INFO  server.GrpcService (ConfUtils.java:logGet(43)) - raft.grpc.message.size.max = 33570816 (custom)
2019-08-30 08:03:52,820 [main] INFO  server.RaftServerConfigKeys (ConfUtils.java:logGet(43)) - raft.server.log.appender.buffer.byte-limit = 33554432 (custom)
2019-08-30 08:03:52,820 [main] INFO  server.GrpcService (ConfUtils.java:logGet(43)) - raft.grpc.flow.control.window = 1MB (=1048576) (default)
2019-08-30 08:03:52,820 [main] INFO  server.RaftServerConfigKeys (ConfUtils.java:logGet(43)) - raft.server.rpc.request.timeout = 3000ms (default)
2019-08-30 08:03:52,821 [main] INFO  server.RaftServerConfigKeys (ConfUtils.java:logGet(43)) - raft.server.storage.dir = [/workdir/hadoop-ozone/integration-test/target/test-dir/MiniOzoneClusterImpl-0a678d0b-345d-45b6-820b-f96c3cc761ae/datanode-0/data/ratis] (custom)
2019-08-30 08:03:52,821 [main] INFO  replication.SimpleContainerDownloader (SimpleContainerDownloader.java:<init>(72)) - Starting container downloader service to copy containers to replicate.
2019-08-30 08:03:52,823 [main] INFO  hdfs.DFSUtil (DFSUtil.java:httpServerTemplateForNNAndJN(1641)) - Starting Web-server for hddsDatanode at: http://0.0.0.0:0
2019-08-30 08:03:52,824 [main] INFO  server.AuthenticationFilter (AuthenticationFilter.java:constructSecretProvider(240)) - Unable to initialize FileSignerSecretProvider, falling back to use random secrets.
2019-08-30 08:03:52,824 [main] WARN  http.HttpRequestLog (HttpRequestLog.java:getRequestLog(97)) - Jetty request log can only be enabled using Log4j
2019-08-30 08:03:52,826 [main] INFO  http.HttpServer2 (HttpServer2.java:addGlobalFilter(975)) - Added global filter 'safety' (class=org.apache.hadoop.http.HttpServer2$QuotingInputFilter)
2019-08-30 08:03:52,827 [main] INFO  http.HttpServer2 (HttpServer2.java:addFilter(948)) - Added filter static_user_filter (class=org.apache.hadoop.http.lib.StaticUserWebFilter$StaticUserFilter) to context hddsDatanode
2019-08-30 08:03:52,827 [main] INFO  http.HttpServer2 (HttpServer2.java:addFilter(958)) - Added filter static_user_filter (class=org.apache.hadoop.http.lib.StaticUserWebFilter$StaticUserFilter) to context logs
2019-08-30 08:03:52,827 [main] INFO  http.HttpServer2 (HttpServer2.java:addFilter(958)) - Added filter static_user_filter (class=org.apache.hadoop.http.lib.StaticUserWebFilter$StaticUserFilter) to context static
2019-08-30 08:03:52,828 [main] INFO  http.HttpServer2 (HttpServer2.java:bindListener(1191)) - Jetty bound to port 35451
2019-08-30 08:03:52,828 [main] INFO  server.Server (Server.java:doStart(351)) - jetty-9.3.24.v20180605, build timestamp: 2018-06-05T17:11:56Z, git hash: 84205aa28f11a4f31f2a3b86d1bba2cc8ab69827
2019-08-30 08:03:52,830 [main] INFO  handler.ContextHandler (ContextHandler.java:doStart(781)) - Started o.e.j.s.ServletContextHandler@3a034950{/logs,file:///workdir/hadoop-ozone/integration-test/target/log,AVAILABLE}
2019-08-30 08:03:52,830 [main] INFO  handler.ContextHandler (ContextHandler.java:doStart(781)) - Started o.e.j.s.ServletContextHandler@38f7a20{/static,jar:file:/home/user/.m2/repository/org/apache/hadoop/hadoop-hdds-container-service/0.5.0-SNAPSHOT/hadoop-hdds-container-service-0.5.0-SNAPSHOT.jar!/webapps/static,AVAILABLE}
2019-08-30 08:03:52,865 [main] INFO  handler.ContextHandler (ContextHandler.java:doStart(781)) - Started o.e.j.w.WebAppContext@21553c3a{/,file:///tmp/jetty-0.0.0.0-35451-hddsDatanode-_-any-8228435844890957258.dir/webapp/,AVAILABLE}{/hddsDatanode}
2019-08-30 08:03:52,866 [main] INFO  server.AbstractConnector (AbstractConnector.java:doStart(278)) - Started ServerConnector@6c1d25fa{HTTP/1.1,[http/1.1]}{0.0.0.0:35451}
2019-08-30 08:03:52,867 [main] INFO  server.Server (Server.java:doStart(419)) - Started @609378ms
2019-08-30 08:03:52,868 [main] INFO  server.BaseHttpServer (BaseHttpServer.java:updateConnectorAddress(213)) - HTTP server of HDDSDATANODE is listening at http://0.0.0.0:35451
2019-08-30 08:03:53,002 | INFO  | ObjectStoreRestHttpServer | Listening HDDS REST traffic on /0.0.0.0:44288 |  
2019-08-30 08:03:53,002 [main] INFO  ozone.HddsDatanodeService (HddsDatanodeService.java:startPlugins(395)) - Started plug-in org.apache.hadoop.ozone.web.OzoneHddsDatanodeService@7ca0aa55
2019-08-30 08:03:53,003 [main] INFO  impl.MetricsSystemImpl (MetricsSystemImpl.java:init(158)) - HddsDatanode metrics system started (again)
2019-08-30 08:03:53,005 [org.apache.hadoop.util.JvmPauseMonitor$Monitor@29721b40] INFO  util.JvmPauseMonitor (JvmPauseMonitor.java:run(188)) - Starting JVM pause monitor
2019-08-30 08:03:53,005 [main] INFO  ozone.HddsDatanodeService (HddsDatanodeService.java:start(184)) - HddsDatanodeService host:pr-hdds-1569-g97bt-2511755227 ip:192.168.5.184
2019-08-30 08:03:53,006 [Datanode State Machine Thread - 0] INFO  datanode.InitDatanodeState (InitDatanodeState.java:persistContainerDatanodeDetails(140)) - DatanodeDetails is persisted to /workdir/hadoop-ozone/integration-test/target/test-dir/MiniOzoneClusterImpl-0a678d0b-345d-45b6-820b-f96c3cc761ae/datanode-0/meta/datanode.id
2019-08-30 08:03:53,013 [main] INFO  volume.HddsVolume (HddsVolume.java:<init>(176)) - Creating Volume: /workdir/hadoop-ozone/integration-test/target/test-dir/MiniOzoneClusterImpl-0a678d0b-345d-45b6-820b-f96c3cc761ae/datanode-1/data/containers/hdds of  storage type : DISK and capacity : 1482555576320
2019-08-30 08:03:53,013 [main] INFO  volume.VolumeSet (VolumeSet.java:initializeVolumeSet(170)) - Added Volume : /workdir/hadoop-ozone/integration-test/target/test-dir/MiniOzoneClusterImpl-0a678d0b-345d-45b6-820b-f96c3cc761ae/datanode-1/data/containers/hdds to VolumeSet
2019-08-30 08:03:53,014 [main] INFO  volume.ThrottledAsyncChecker (ThrottledAsyncChecker.java:schedule(140)) - Scheduling a check for org.apache.hadoop.ozone.container.common.volume.HddsVolume@520034a
2019-08-30 08:03:53,014 [main] INFO  volume.HddsVolumeChecker (HddsVolumeChecker.java:checkAllVolumes(203)) - Scheduled health check for volume org.apache.hadoop.ozone.container.common.volume.HddsVolume@520034a
2019-08-30 08:03:53,027 [main] INFO  impl.RaftServerProxy (ConfUtils.java:logGet(43)) - raft.rpc.type = GRPC (default)
2019-08-30 08:03:53,027 [main] INFO  grpc.GrpcFactory (GrpcFactory.java:checkPooledByteBufAllocatorUseCacheForAllThreads(45)) - PERFORMANCE WARNING: useCacheForAllThreads is true that may cause Netty to create a lot garbage objects and, as a result, trigger GC.
	It is recommended to disable useCacheForAllThreads by setting -Dorg.apache.ratis.thirdparty.io.netty.allocator.useCacheForAllThreads=false in command line.
2019-08-30 08:03:53,027 [main] INFO  grpc.GrpcConfigKeys$Server (ConfUtils.java:logGet(43)) - raft.grpc.server.port = 0 (default)
2019-08-30 08:03:53,027 [main] INFO  server.GrpcService (ConfUtils.java:logGet(43)) - raft.grpc.message.size.max = 33570816 (custom)
2019-08-30 08:03:53,028 [main] INFO  server.RaftServerConfigKeys (ConfUtils.java:logGet(43)) - raft.server.log.appender.buffer.byte-limit = 33554432 (custom)
2019-08-30 08:03:53,028 [main] INFO  server.GrpcService (ConfUtils.java:logGet(43)) - raft.grpc.flow.control.window = 1MB (=1048576) (default)
2019-08-30 08:03:53,028 [main] INFO  server.RaftServerConfigKeys (ConfUtils.java:logGet(43)) - raft.server.rpc.request.timeout = 3000ms (default)
2019-08-30 08:03:53,028 [main] INFO  server.RaftServerConfigKeys (ConfUtils.java:logGet(43)) - raft.server.storage.dir = [/workdir/hadoop-ozone/integration-test/target/test-dir/MiniOzoneClusterImpl-0a678d0b-345d-45b6-820b-f96c3cc761ae/datanode-1/data/ratis] (custom)
2019-08-30 08:03:53,029 [main] INFO  replication.SimpleContainerDownloader (SimpleContainerDownloader.java:<init>(72)) - Starting container downloader service to copy containers to replicate.
2019-08-30 08:03:53,030 [main] INFO  hdfs.DFSUtil (DFSUtil.java:httpServerTemplateForNNAndJN(1641)) - Starting Web-server for hddsDatanode at: http://0.0.0.0:0
2019-08-30 08:03:53,031 [main] INFO  server.AuthenticationFilter (AuthenticationFilter.java:constructSecretProvider(240)) - Unable to initialize FileSignerSecretProvider, falling back to use random secrets.
2019-08-30 08:03:53,031 [main] WARN  http.HttpRequestLog (HttpRequestLog.java:getRequestLog(97)) - Jetty request log can only be enabled using Log4j
2019-08-30 08:03:53,032 [main] INFO  http.HttpServer2 (HttpServer2.java:addGlobalFilter(975)) - Added global filter 'safety' (class=org.apache.hadoop.http.HttpServer2$QuotingInputFilter)
2019-08-30 08:03:53,033 [main] INFO  http.HttpServer2 (HttpServer2.java:addFilter(948)) - Added filter static_user_filter (class=org.apache.hadoop.http.lib.StaticUserWebFilter$StaticUserFilter) to context hddsDatanode
2019-08-30 08:03:53,033 [main] INFO  http.HttpServer2 (HttpServer2.java:addFilter(958)) - Added filter static_user_filter (class=org.apache.hadoop.http.lib.StaticUserWebFilter$StaticUserFilter) to context logs
2019-08-30 08:03:53,033 [main] INFO  http.HttpServer2 (HttpServer2.java:addFilter(958)) - Added filter static_user_filter (class=org.apache.hadoop.http.lib.StaticUserWebFilter$StaticUserFilter) to context static
2019-08-30 08:03:53,034 [main] INFO  http.HttpServer2 (HttpServer2.java:bindListener(1191)) - Jetty bound to port 36845
2019-08-30 08:03:53,034 [main] INFO  server.Server (Server.java:doStart(351)) - jetty-9.3.24.v20180605, build timestamp: 2018-06-05T17:11:56Z, git hash: 84205aa28f11a4f31f2a3b86d1bba2cc8ab69827
2019-08-30 08:03:53,035 [main] INFO  handler.ContextHandler (ContextHandler.java:doStart(781)) - Started o.e.j.s.ServletContextHandler@77a13162{/logs,file:///workdir/hadoop-ozone/integration-test/target/log,AVAILABLE}
2019-08-30 08:03:53,036 [main] INFO  handler.ContextHandler (ContextHandler.java:doStart(781)) - Started o.e.j.s.ServletContextHandler@3c5d183{/static,jar:file:/home/user/.m2/repository/org/apache/hadoop/hadoop-hdds-container-service/0.5.0-SNAPSHOT/hadoop-hdds-container-service-0.5.0-SNAPSHOT.jar!/webapps/static,AVAILABLE}
2019-08-30 08:03:53,068 [main] INFO  handler.ContextHandler (ContextHandler.java:doStart(781)) - Started o.e.j.w.WebAppContext@59456e1{/,file:///tmp/jetty-0.0.0.0-36845-hddsDatanode-_-any-1407432029073072306.dir/webapp/,AVAILABLE}{/hddsDatanode}
2019-08-30 08:03:53,069 [main] INFO  server.AbstractConnector (AbstractConnector.java:doStart(278)) - Started ServerConnector@7a8dbbf1{HTTP/1.1,[http/1.1]}{0.0.0.0:36845}
2019-08-30 08:03:53,070 [main] INFO  server.Server (Server.java:doStart(419)) - Started @609581ms
2019-08-30 08:03:53,070 [main] INFO  server.BaseHttpServer (BaseHttpServer.java:updateConnectorAddress(213)) - HTTP server of HDDSDATANODE is listening at http://0.0.0.0:36845
2019-08-30 08:03:53,460 | INFO  | ObjectStoreRestHttpServer | Listening HDDS REST traffic on /0.0.0.0:37669 |  
2019-08-30 08:03:53,460 [main] INFO  ozone.HddsDatanodeService (HddsDatanodeService.java:startPlugins(395)) - Started plug-in org.apache.hadoop.ozone.web.OzoneHddsDatanodeService@f53db1a
2019-08-30 08:03:53,461 [main] INFO  impl.MetricsSystemImpl (MetricsSystemImpl.java:init(158)) - HddsDatanode metrics system started (again)
2019-08-30 08:03:53,463 [main] INFO  ozone.HddsDatanodeService (HddsDatanodeService.java:start(184)) - HddsDatanodeService host:pr-hdds-1569-g97bt-2511755227 ip:192.168.5.184
2019-08-30 08:03:53,463 [org.apache.hadoop.util.JvmPauseMonitor$Monitor@67f3e17e] INFO  util.JvmPauseMonitor (JvmPauseMonitor.java:run(188)) - Starting JVM pause monitor
2019-08-30 08:03:53,465 [Datanode State Machine Thread - 0] INFO  datanode.InitDatanodeState (InitDatanodeState.java:persistContainerDatanodeDetails(140)) - DatanodeDetails is persisted to /workdir/hadoop-ozone/integration-test/target/test-dir/MiniOzoneClusterImpl-0a678d0b-345d-45b6-820b-f96c3cc761ae/datanode-1/meta/datanode.id
2019-08-30 08:03:53,476 [main] INFO  volume.HddsVolume (HddsVolume.java:<init>(176)) - Creating Volume: /workdir/hadoop-ozone/integration-test/target/test-dir/MiniOzoneClusterImpl-0a678d0b-345d-45b6-820b-f96c3cc761ae/datanode-2/data/containers/hdds of  storage type : DISK and capacity : 1482555576320
2019-08-30 08:03:53,477 [main] INFO  volume.VolumeSet (VolumeSet.java:initializeVolumeSet(170)) - Added Volume : /workdir/hadoop-ozone/integration-test/target/test-dir/MiniOzoneClusterImpl-0a678d0b-345d-45b6-820b-f96c3cc761ae/datanode-2/data/containers/hdds to VolumeSet
2019-08-30 08:03:53,478 [main] INFO  volume.ThrottledAsyncChecker (ThrottledAsyncChecker.java:schedule(140)) - Scheduling a check for org.apache.hadoop.ozone.container.common.volume.HddsVolume@2c69ea30
2019-08-30 08:03:53,478 [main] INFO  volume.HddsVolumeChecker (HddsVolumeChecker.java:checkAllVolumes(203)) - Scheduled health check for volume org.apache.hadoop.ozone.container.common.volume.HddsVolume@2c69ea30
2019-08-30 08:03:53,496 [main] INFO  impl.RaftServerProxy (ConfUtils.java:logGet(43)) - raft.rpc.type = GRPC (default)
2019-08-30 08:03:53,496 [main] INFO  grpc.GrpcFactory (GrpcFactory.java:checkPooledByteBufAllocatorUseCacheForAllThreads(45)) - PERFORMANCE WARNING: useCacheForAllThreads is true that may cause Netty to create a lot garbage objects and, as a result, trigger GC.
	It is recommended to disable useCacheForAllThreads by setting -Dorg.apache.ratis.thirdparty.io.netty.allocator.useCacheForAllThreads=false in command line.
2019-08-30 08:03:53,497 [main] INFO  grpc.GrpcConfigKeys$Server (ConfUtils.java:logGet(43)) - raft.grpc.server.port = 0 (default)
2019-08-30 08:03:53,497 [main] INFO  server.GrpcService (ConfUtils.java:logGet(43)) - raft.grpc.message.size.max = 33570816 (custom)
2019-08-30 08:03:53,497 [main] INFO  server.RaftServerConfigKeys (ConfUtils.java:logGet(43)) - raft.server.log.appender.buffer.byte-limit = 33554432 (custom)
2019-08-30 08:03:53,497 [main] INFO  server.GrpcService (ConfUtils.java:logGet(43)) - raft.grpc.flow.control.window = 1MB (=1048576) (default)
2019-08-30 08:03:53,498 [main] INFO  server.RaftServerConfigKeys (ConfUtils.java:logGet(43)) - raft.server.rpc.request.timeout = 3000ms (default)
2019-08-30 08:03:53,498 [main] INFO  server.RaftServerConfigKeys (ConfUtils.java:logGet(43)) - raft.server.storage.dir = [/workdir/hadoop-ozone/integration-test/target/test-dir/MiniOzoneClusterImpl-0a678d0b-345d-45b6-820b-f96c3cc761ae/datanode-2/data/ratis] (custom)
2019-08-30 08:03:53,499 [main] INFO  replication.SimpleContainerDownloader (SimpleContainerDownloader.java:<init>(72)) - Starting container downloader service to copy containers to replicate.
2019-08-30 08:03:53,500 [main] INFO  hdfs.DFSUtil (DFSUtil.java:httpServerTemplateForNNAndJN(1641)) - Starting Web-server for hddsDatanode at: http://0.0.0.0:0
2019-08-30 08:03:53,501 [main] INFO  server.AuthenticationFilter (AuthenticationFilter.java:constructSecretProvider(240)) - Unable to initialize FileSignerSecretProvider, falling back to use random secrets.
2019-08-30 08:03:53,502 [main] WARN  http.HttpRequestLog (HttpRequestLog.java:getRequestLog(97)) - Jetty request log can only be enabled using Log4j
2019-08-30 08:03:53,503 [main] INFO  http.HttpServer2 (HttpServer2.java:addGlobalFilter(975)) - Added global filter 'safety' (class=org.apache.hadoop.http.HttpServer2$QuotingInputFilter)
2019-08-30 08:03:53,504 [main] INFO  http.HttpServer2 (HttpServer2.java:addFilter(948)) - Added filter static_user_filter (class=org.apache.hadoop.http.lib.StaticUserWebFilter$StaticUserFilter) to context hddsDatanode
2019-08-30 08:03:53,504 [main] INFO  http.HttpServer2 (HttpServer2.java:addFilter(958)) - Added filter static_user_filter (class=org.apache.hadoop.http.lib.StaticUserWebFilter$StaticUserFilter) to context logs
2019-08-30 08:03:53,504 [main] INFO  http.HttpServer2 (HttpServer2.java:addFilter(958)) - Added filter static_user_filter (class=org.apache.hadoop.http.lib.StaticUserWebFilter$StaticUserFilter) to context static
2019-08-30 08:03:53,505 [main] INFO  http.HttpServer2 (HttpServer2.java:bindListener(1191)) - Jetty bound to port 45658
2019-08-30 08:03:53,505 [main] INFO  server.Server (Server.java:doStart(351)) - jetty-9.3.24.v20180605, build timestamp: 2018-06-05T17:11:56Z, git hash: 84205aa28f11a4f31f2a3b86d1bba2cc8ab69827
2019-08-30 08:03:53,507 [main] INFO  handler.ContextHandler (ContextHandler.java:doStart(781)) - Started o.e.j.s.ServletContextHandler@644f033d{/logs,file:///workdir/hadoop-ozone/integration-test/target/log,AVAILABLE}
2019-08-30 08:03:53,508 [main] INFO  handler.ContextHandler (ContextHandler.java:doStart(781)) - Started o.e.j.s.ServletContextHandler@26c349fc{/static,jar:file:/home/user/.m2/repository/org/apache/hadoop/hadoop-hdds-container-service/0.5.0-SNAPSHOT/hadoop-hdds-container-service-0.5.0-SNAPSHOT.jar!/webapps/static,AVAILABLE}
2019-08-30 08:03:53,536 [main] INFO  handler.ContextHandler (ContextHandler.java:doStart(781)) - Started o.e.j.w.WebAppContext@7048d039{/,file:///tmp/jetty-0.0.0.0-45658-hddsDatanode-_-any-4461094849456621957.dir/webapp/,AVAILABLE}{/hddsDatanode}
2019-08-30 08:03:53,537 [main] INFO  server.AbstractConnector (AbstractConnector.java:doStart(278)) - Started ServerConnector@1bff4b1f{HTTP/1.1,[http/1.1]}{0.0.0.0:45658}
2019-08-30 08:03:53,538 [main] INFO  server.Server (Server.java:doStart(419)) - Started @610049ms
2019-08-30 08:03:53,539 [main] INFO  server.BaseHttpServer (BaseHttpServer.java:updateConnectorAddress(213)) - HTTP server of HDDSDATANODE is listening at http://0.0.0.0:45658
2019-08-30 08:03:53,707 | INFO  | ObjectStoreRestHttpServer | Listening HDDS REST traffic on /0.0.0.0:33539 |  
2019-08-30 08:03:53,707 [main] INFO  ozone.HddsDatanodeService (HddsDatanodeService.java:startPlugins(395)) - Started plug-in org.apache.hadoop.ozone.web.OzoneHddsDatanodeService@5680f009
2019-08-30 08:03:53,708 [main] INFO  impl.MetricsSystemImpl (MetricsSystemImpl.java:init(158)) - HddsDatanode metrics system started (again)
2019-08-30 08:03:53,712 [org.apache.hadoop.util.JvmPauseMonitor$Monitor@81818f3] INFO  util.JvmPauseMonitor (JvmPauseMonitor.java:run(188)) - Starting JVM pause monitor
2019-08-30 08:03:53,713 [main] INFO  ozone.HddsDatanodeService (HddsDatanodeService.java:start(184)) - HddsDatanodeService host:pr-hdds-1569-g97bt-2511755227 ip:192.168.5.184
2019-08-30 08:03:53,715 [Datanode State Machine Thread - 0] INFO  datanode.InitDatanodeState (InitDatanodeState.java:persistContainerDatanodeDetails(140)) - DatanodeDetails is persisted to /workdir/hadoop-ozone/integration-test/target/test-dir/MiniOzoneClusterImpl-0a678d0b-345d-45b6-820b-f96c3cc761ae/datanode-2/meta/datanode.id
2019-08-30 08:03:53,723 [main] INFO  volume.HddsVolume (HddsVolume.java:<init>(176)) - Creating Volume: /workdir/hadoop-ozone/integration-test/target/test-dir/MiniOzoneClusterImpl-0a678d0b-345d-45b6-820b-f96c3cc761ae/datanode-3/data/containers/hdds of  storage type : DISK and capacity : 1482555576320
2019-08-30 08:03:53,745 [main] INFO  volume.VolumeSet (VolumeSet.java:initializeVolumeSet(170)) - Added Volume : /workdir/hadoop-ozone/integration-test/target/test-dir/MiniOzoneClusterImpl-0a678d0b-345d-45b6-820b-f96c3cc761ae/datanode-3/data/containers/hdds to VolumeSet
2019-08-30 08:03:53,746 [main] INFO  volume.ThrottledAsyncChecker (ThrottledAsyncChecker.java:schedule(140)) - Scheduling a check for org.apache.hadoop.ozone.container.common.volume.HddsVolume@58b03882
2019-08-30 08:03:53,748 [main] INFO  volume.HddsVolumeChecker (HddsVolumeChecker.java:checkAllVolumes(203)) - Scheduled health check for volume org.apache.hadoop.ozone.container.common.volume.HddsVolume@58b03882
2019-08-30 08:03:53,769 [main] INFO  impl.RaftServerProxy (ConfUtils.java:logGet(43)) - raft.rpc.type = GRPC (default)
2019-08-30 08:03:53,770 [main] INFO  grpc.GrpcFactory (GrpcFactory.java:checkPooledByteBufAllocatorUseCacheForAllThreads(45)) - PERFORMANCE WARNING: useCacheForAllThreads is true that may cause Netty to create a lot garbage objects and, as a result, trigger GC.
	It is recommended to disable useCacheForAllThreads by setting -Dorg.apache.ratis.thirdparty.io.netty.allocator.useCacheForAllThreads=false in command line.
2019-08-30 08:03:53,770 [main] INFO  grpc.GrpcConfigKeys$Server (ConfUtils.java:logGet(43)) - raft.grpc.server.port = 0 (default)
2019-08-30 08:03:53,770 [main] INFO  server.GrpcService (ConfUtils.java:logGet(43)) - raft.grpc.message.size.max = 33570816 (custom)
2019-08-30 08:03:53,771 [main] INFO  server.RaftServerConfigKeys (ConfUtils.java:logGet(43)) - raft.server.log.appender.buffer.byte-limit = 33554432 (custom)
2019-08-30 08:03:53,771 [main] INFO  server.GrpcService (ConfUtils.java:logGet(43)) - raft.grpc.flow.control.window = 1MB (=1048576) (default)
2019-08-30 08:03:53,771 [main] INFO  server.RaftServerConfigKeys (ConfUtils.java:logGet(43)) - raft.server.rpc.request.timeout = 3000ms (default)
2019-08-30 08:03:53,772 [main] INFO  server.RaftServerConfigKeys (ConfUtils.java:logGet(43)) - raft.server.storage.dir = [/workdir/hadoop-ozone/integration-test/target/test-dir/MiniOzoneClusterImpl-0a678d0b-345d-45b6-820b-f96c3cc761ae/datanode-3/data/ratis] (custom)
2019-08-30 08:03:53,773 [main] INFO  replication.SimpleContainerDownloader (SimpleContainerDownloader.java:<init>(72)) - Starting container downloader service to copy containers to replicate.
2019-08-30 08:03:53,774 [main] INFO  hdfs.DFSUtil (DFSUtil.java:httpServerTemplateForNNAndJN(1641)) - Starting Web-server for hddsDatanode at: http://0.0.0.0:0
2019-08-30 08:03:53,776 [main] INFO  server.AuthenticationFilter (AuthenticationFilter.java:constructSecretProvider(240)) - Unable to initialize FileSignerSecretProvider, falling back to use random secrets.
2019-08-30 08:03:53,777 [main] WARN  http.HttpRequestLog (HttpRequestLog.java:getRequestLog(97)) - Jetty request log can only be enabled using Log4j
2019-08-30 08:03:53,778 [main] INFO  http.HttpServer2 (HttpServer2.java:addGlobalFilter(975)) - Added global filter 'safety' (class=org.apache.hadoop.http.HttpServer2$QuotingInputFilter)
2019-08-30 08:03:53,779 [main] INFO  http.HttpServer2 (HttpServer2.java:addFilter(948)) - Added filter static_user_filter (class=org.apache.hadoop.http.lib.StaticUserWebFilter$StaticUserFilter) to context hddsDatanode
2019-08-30 08:03:53,779 [main] INFO  http.HttpServer2 (HttpServer2.java:addFilter(958)) - Added filter static_user_filter (class=org.apache.hadoop.http.lib.StaticUserWebFilter$StaticUserFilter) to context logs
2019-08-30 08:03:53,779 [main] INFO  http.HttpServer2 (HttpServer2.java:addFilter(958)) - Added filter static_user_filter (class=org.apache.hadoop.http.lib.StaticUserWebFilter$StaticUserFilter) to context static
2019-08-30 08:03:53,780 [main] INFO  http.HttpServer2 (HttpServer2.java:bindListener(1191)) - Jetty bound to port 39219
2019-08-30 08:03:53,780 [main] INFO  server.Server (Server.java:doStart(351)) - jetty-9.3.24.v20180605, build timestamp: 2018-06-05T17:11:56Z, git hash: 84205aa28f11a4f31f2a3b86d1bba2cc8ab69827
2019-08-30 08:03:53,782 [main] INFO  handler.ContextHandler (ContextHandler.java:doStart(781)) - Started o.e.j.s.ServletContextHandler@2b3ac26d{/logs,file:///workdir/hadoop-ozone/integration-test/target/log,AVAILABLE}
2019-08-30 08:03:53,783 [main] INFO  handler.ContextHandler (ContextHandler.java:doStart(781)) - Started o.e.j.s.ServletContextHandler@1b3a1e42{/static,jar:file:/home/user/.m2/repository/org/apache/hadoop/hadoop-hdds-container-service/0.5.0-SNAPSHOT/hadoop-hdds-container-service-0.5.0-SNAPSHOT.jar!/webapps/static,AVAILABLE}
2019-08-30 08:03:53,812 [main] INFO  handler.ContextHandler (ContextHandler.java:doStart(781)) - Started o.e.j.w.WebAppContext@3d837af7{/,file:///tmp/jetty-0.0.0.0-39219-hddsDatanode-_-any-8595194432979277907.dir/webapp/,AVAILABLE}{/hddsDatanode}
2019-08-30 08:03:53,813 [main] INFO  server.AbstractConnector (AbstractConnector.java:doStart(278)) - Started ServerConnector@446dc997{HTTP/1.1,[http/1.1]}{0.0.0.0:39219}
2019-08-30 08:03:53,813 [main] INFO  server.Server (Server.java:doStart(419)) - Started @610324ms
2019-08-30 08:03:53,815 [main] INFO  server.BaseHttpServer (BaseHttpServer.java:updateConnectorAddress(213)) - HTTP server of HDDSDATANODE is listening at http://0.0.0.0:39219
2019-08-30 08:03:53,940 | INFO  | ObjectStoreRestHttpServer | Listening HDDS REST traffic on /0.0.0.0:34690 |  
2019-08-30 08:03:53,940 [main] INFO  ozone.HddsDatanodeService (HddsDatanodeService.java:startPlugins(395)) - Started plug-in org.apache.hadoop.ozone.web.OzoneHddsDatanodeService@670199c5
2019-08-30 08:03:53,942 [main] INFO  impl.MetricsSystemImpl (MetricsSystemImpl.java:init(158)) - HddsDatanode metrics system started (again)
2019-08-30 08:03:53,946 [org.apache.hadoop.util.JvmPauseMonitor$Monitor@31146719] INFO  util.JvmPauseMonitor (JvmPauseMonitor.java:run(188)) - Starting JVM pause monitor
2019-08-30 08:03:53,947 [main] INFO  ozone.HddsDatanodeService (HddsDatanodeService.java:start(184)) - HddsDatanodeService host:pr-hdds-1569-g97bt-2511755227 ip:192.168.5.184
2019-08-30 08:03:53,948 [Datanode State Machine Thread - 0] INFO  datanode.InitDatanodeState (InitDatanodeState.java:persistContainerDatanodeDetails(140)) - DatanodeDetails is persisted to /workdir/hadoop-ozone/integration-test/target/test-dir/MiniOzoneClusterImpl-0a678d0b-345d-45b6-820b-f96c3cc761ae/datanode-3/meta/datanode.id
2019-08-30 08:03:53,959 [main] INFO  volume.HddsVolume (HddsVolume.java:<init>(176)) - Creating Volume: /workdir/hadoop-ozone/integration-test/target/test-dir/MiniOzoneClusterImpl-0a678d0b-345d-45b6-820b-f96c3cc761ae/datanode-4/data/containers/hdds of  storage type : DISK and capacity : 1482555576320
2019-08-30 08:03:53,960 [main] INFO  volume.VolumeSet (VolumeSet.java:initializeVolumeSet(170)) - Added Volume : /workdir/hadoop-ozone/integration-test/target/test-dir/MiniOzoneClusterImpl-0a678d0b-345d-45b6-820b-f96c3cc761ae/datanode-4/data/containers/hdds to VolumeSet
2019-08-30 08:03:53,960 [main] INFO  volume.ThrottledAsyncChecker (ThrottledAsyncChecker.java:schedule(140)) - Scheduling a check for org.apache.hadoop.ozone.container.common.volume.HddsVolume@29471e3e
2019-08-30 08:03:53,960 [main] INFO  volume.HddsVolumeChecker (HddsVolumeChecker.java:checkAllVolumes(203)) - Scheduled health check for volume org.apache.hadoop.ozone.container.common.volume.HddsVolume@29471e3e
2019-08-30 08:03:53,976 [main] INFO  impl.RaftServerProxy (ConfUtils.java:logGet(43)) - raft.rpc.type = GRPC (default)
2019-08-30 08:03:53,976 [main] INFO  grpc.GrpcFactory (GrpcFactory.java:checkPooledByteBufAllocatorUseCacheForAllThreads(45)) - PERFORMANCE WARNING: useCacheForAllThreads is true that may cause Netty to create a lot garbage objects and, as a result, trigger GC.
	It is recommended to disable useCacheForAllThreads by setting -Dorg.apache.ratis.thirdparty.io.netty.allocator.useCacheForAllThreads=false in command line.
2019-08-30 08:03:53,977 [main] INFO  grpc.GrpcConfigKeys$Server (ConfUtils.java:logGet(43)) - raft.grpc.server.port = 0 (default)
2019-08-30 08:03:53,977 [main] INFO  server.GrpcService (ConfUtils.java:logGet(43)) - raft.grpc.message.size.max = 33570816 (custom)
2019-08-30 08:03:53,977 [main] INFO  server.RaftServerConfigKeys (ConfUtils.java:logGet(43)) - raft.server.log.appender.buffer.byte-limit = 33554432 (custom)
2019-08-30 08:03:53,977 [main] INFO  server.GrpcService (ConfUtils.java:logGet(43)) - raft.grpc.flow.control.window = 1MB (=1048576) (default)
2019-08-30 08:03:53,977 [main] INFO  server.RaftServerConfigKeys (ConfUtils.java:logGet(43)) - raft.server.rpc.request.timeout = 3000ms (default)
2019-08-30 08:03:53,978 [main] INFO  server.RaftServerConfigKeys (ConfUtils.java:logGet(43)) - raft.server.storage.dir = [/workdir/hadoop-ozone/integration-test/target/test-dir/MiniOzoneClusterImpl-0a678d0b-345d-45b6-820b-f96c3cc761ae/datanode-4/data/ratis] (custom)
2019-08-30 08:03:53,979 [main] INFO  replication.SimpleContainerDownloader (SimpleContainerDownloader.java:<init>(72)) - Starting container downloader service to copy containers to replicate.
2019-08-30 08:03:53,980 [main] INFO  hdfs.DFSUtil (DFSUtil.java:httpServerTemplateForNNAndJN(1641)) - Starting Web-server for hddsDatanode at: http://0.0.0.0:0
2019-08-30 08:03:53,981 [main] INFO  server.AuthenticationFilter (AuthenticationFilter.java:constructSecretProvider(240)) - Unable to initialize FileSignerSecretProvider, falling back to use random secrets.
2019-08-30 08:03:53,982 [main] WARN  http.HttpRequestLog (HttpRequestLog.java:getRequestLog(97)) - Jetty request log can only be enabled using Log4j
2019-08-30 08:03:53,983 [main] INFO  http.HttpServer2 (HttpServer2.java:addGlobalFilter(975)) - Added global filter 'safety' (class=org.apache.hadoop.http.HttpServer2$QuotingInputFilter)
2019-08-30 08:03:53,984 [main] INFO  http.HttpServer2 (HttpServer2.java:addFilter(948)) - Added filter static_user_filter (class=org.apache.hadoop.http.lib.StaticUserWebFilter$StaticUserFilter) to context hddsDatanode
2019-08-30 08:03:53,984 [main] INFO  http.HttpServer2 (HttpServer2.java:addFilter(958)) - Added filter static_user_filter (class=org.apache.hadoop.http.lib.StaticUserWebFilter$StaticUserFilter) to context logs
2019-08-30 08:03:53,984 [main] INFO  http.HttpServer2 (HttpServer2.java:addFilter(958)) - Added filter static_user_filter (class=org.apache.hadoop.http.lib.StaticUserWebFilter$StaticUserFilter) to context static
2019-08-30 08:03:53,985 [main] INFO  http.HttpServer2 (HttpServer2.java:bindListener(1191)) - Jetty bound to port 41844
2019-08-30 08:03:53,985 [main] INFO  server.Server (Server.java:doStart(351)) - jetty-9.3.24.v20180605, build timestamp: 2018-06-05T17:11:56Z, git hash: 84205aa28f11a4f31f2a3b86d1bba2cc8ab69827
2019-08-30 08:03:53,987 [main] INFO  handler.ContextHandler (ContextHandler.java:doStart(781)) - Started o.e.j.s.ServletContextHandler@6872201{/logs,file:///workdir/hadoop-ozone/integration-test/target/log,AVAILABLE}
2019-08-30 08:03:53,987 [main] INFO  handler.ContextHandler (ContextHandler.java:doStart(781)) - Started o.e.j.s.ServletContextHandler@19984625{/static,jar:file:/home/user/.m2/repository/org/apache/hadoop/hadoop-hdds-container-service/0.5.0-SNAPSHOT/hadoop-hdds-container-service-0.5.0-SNAPSHOT.jar!/webapps/static,AVAILABLE}
2019-08-30 08:03:54,018 [main] INFO  handler.ContextHandler (ContextHandler.java:doStart(781)) - Started o.e.j.w.WebAppContext@5f1d270a{/,file:///tmp/jetty-0.0.0.0-41844-hddsDatanode-_-any-5323186333447174334.dir/webapp/,AVAILABLE}{/hddsDatanode}
2019-08-30 08:03:54,019 [main] INFO  server.AbstractConnector (AbstractConnector.java:doStart(278)) - Started ServerConnector@7d14efc{HTTP/1.1,[http/1.1]}{0.0.0.0:41844}
2019-08-30 08:03:54,020 [main] INFO  server.Server (Server.java:doStart(419)) - Started @610531ms
2019-08-30 08:03:54,021 [main] INFO  server.BaseHttpServer (BaseHttpServer.java:updateConnectorAddress(213)) - HTTP server of HDDSDATANODE is listening at http://0.0.0.0:41844
2019-08-30 08:03:54,162 | INFO  | ObjectStoreRestHttpServer | Listening HDDS REST traffic on /0.0.0.0:40278 |  
2019-08-30 08:03:54,162 [main] INFO  ozone.HddsDatanodeService (HddsDatanodeService.java:startPlugins(395)) - Started plug-in org.apache.hadoop.ozone.web.OzoneHddsDatanodeService@10cb1b89
2019-08-30 08:03:54,163 [main] INFO  impl.MetricsSystemImpl (MetricsSystemImpl.java:init(158)) - HddsDatanode metrics system started (again)
2019-08-30 08:03:54,165 [org.apache.hadoop.util.JvmPauseMonitor$Monitor@21cbd2b] INFO  util.JvmPauseMonitor (JvmPauseMonitor.java:run(188)) - Starting JVM pause monitor
2019-08-30 08:03:54,166 [main] INFO  ozone.HddsDatanodeService (HddsDatanodeService.java:start(184)) - HddsDatanodeService host:pr-hdds-1569-g97bt-2511755227 ip:192.168.5.184
2019-08-30 08:03:54,166 [Datanode State Machine Thread - 0] INFO  datanode.InitDatanodeState (InitDatanodeState.java:persistContainerDatanodeDetails(140)) - DatanodeDetails is persisted to /workdir/hadoop-ozone/integration-test/target/test-dir/MiniOzoneClusterImpl-0a678d0b-345d-45b6-820b-f96c3cc761ae/datanode-4/meta/datanode.id
2019-08-30 08:03:54,174 [main] INFO  volume.HddsVolume (HddsVolume.java:<init>(176)) - Creating Volume: /workdir/hadoop-ozone/integration-test/target/test-dir/MiniOzoneClusterImpl-0a678d0b-345d-45b6-820b-f96c3cc761ae/datanode-5/data/containers/hdds of  storage type : DISK and capacity : 1482555576320
2019-08-30 08:03:54,174 [main] INFO  volume.VolumeSet (VolumeSet.java:initializeVolumeSet(170)) - Added Volume : /workdir/hadoop-ozone/integration-test/target/test-dir/MiniOzoneClusterImpl-0a678d0b-345d-45b6-820b-f96c3cc761ae/datanode-5/data/containers/hdds to VolumeSet
2019-08-30 08:03:54,174 [main] INFO  volume.ThrottledAsyncChecker (ThrottledAsyncChecker.java:schedule(140)) - Scheduling a check for org.apache.hadoop.ozone.container.common.volume.HddsVolume@6dabad5c
2019-08-30 08:03:54,175 [main] INFO  volume.HddsVolumeChecker (HddsVolumeChecker.java:checkAllVolumes(203)) - Scheduled health check for volume org.apache.hadoop.ozone.container.common.volume.HddsVolume@6dabad5c
2019-08-30 08:03:54,187 [main] INFO  impl.RaftServerProxy (ConfUtils.java:logGet(43)) - raft.rpc.type = GRPC (default)
2019-08-30 08:03:54,187 [main] INFO  grpc.GrpcFactory (GrpcFactory.java:checkPooledByteBufAllocatorUseCacheForAllThreads(45)) - PERFORMANCE WARNING: useCacheForAllThreads is true that may cause Netty to create a lot garbage objects and, as a result, trigger GC.
	It is recommended to disable useCacheForAllThreads by setting -Dorg.apache.ratis.thirdparty.io.netty.allocator.useCacheForAllThreads=false in command line.
2019-08-30 08:03:54,187 [main] INFO  grpc.GrpcConfigKeys$Server (ConfUtils.java:logGet(43)) - raft.grpc.server.port = 0 (default)
2019-08-30 08:03:54,187 [main] INFO  server.GrpcService (ConfUtils.java:logGet(43)) - raft.grpc.message.size.max = 33570816 (custom)
2019-08-30 08:03:54,187 [main] INFO  server.RaftServerConfigKeys (ConfUtils.java:logGet(43)) - raft.server.log.appender.buffer.byte-limit = 33554432 (custom)
2019-08-30 08:03:54,188 [main] INFO  server.GrpcService (ConfUtils.java:logGet(43)) - raft.grpc.flow.control.window = 1MB (=1048576) (default)
2019-08-30 08:03:54,188 [main] INFO  server.RaftServerConfigKeys (ConfUtils.java:logGet(43)) - raft.server.rpc.request.timeout = 3000ms (default)
2019-08-30 08:03:54,188 [main] INFO  server.RaftServerConfigKeys (ConfUtils.java:logGet(43)) - raft.server.storage.dir = [/workdir/hadoop-ozone/integration-test/target/test-dir/MiniOzoneClusterImpl-0a678d0b-345d-45b6-820b-f96c3cc761ae/datanode-5/data/ratis] (custom)
2019-08-30 08:03:54,189 [main] INFO  replication.SimpleContainerDownloader (SimpleContainerDownloader.java:<init>(72)) - Starting container downloader service to copy containers to replicate.
2019-08-30 08:03:54,190 [main] INFO  hdfs.DFSUtil (DFSUtil.java:httpServerTemplateForNNAndJN(1641)) - Starting Web-server for hddsDatanode at: http://0.0.0.0:0
2019-08-30 08:03:54,191 [main] INFO  server.AuthenticationFilter (AuthenticationFilter.java:constructSecretProvider(240)) - Unable to initialize FileSignerSecretProvider, falling back to use random secrets.
2019-08-30 08:03:54,191 [main] WARN  http.HttpRequestLog (HttpRequestLog.java:getRequestLog(97)) - Jetty request log can only be enabled using Log4j
2019-08-30 08:03:54,192 [main] INFO  http.HttpServer2 (HttpServer2.java:addGlobalFilter(975)) - Added global filter 'safety' (class=org.apache.hadoop.http.HttpServer2$QuotingInputFilter)
2019-08-30 08:03:54,193 [main] INFO  http.HttpServer2 (HttpServer2.java:addFilter(948)) - Added filter static_user_filter (class=org.apache.hadoop.http.lib.StaticUserWebFilter$StaticUserFilter) to context hddsDatanode
2019-08-30 08:03:54,193 [main] INFO  http.HttpServer2 (HttpServer2.java:addFilter(958)) - Added filter static_user_filter (class=org.apache.hadoop.http.lib.StaticUserWebFilter$StaticUserFilter) to context logs
2019-08-30 08:03:54,193 [main] INFO  http.HttpServer2 (HttpServer2.java:addFilter(958)) - Added filter static_user_filter (class=org.apache.hadoop.http.lib.StaticUserWebFilter$StaticUserFilter) to context static
2019-08-30 08:03:54,194 [main] INFO  http.HttpServer2 (HttpServer2.java:bindListener(1191)) - Jetty bound to port 42586
2019-08-30 08:03:54,194 [main] INFO  server.Server (Server.java:doStart(351)) - jetty-9.3.24.v20180605, build timestamp: 2018-06-05T17:11:56Z, git hash: 84205aa28f11a4f31f2a3b86d1bba2cc8ab69827
2019-08-30 08:03:54,196 [main] INFO  handler.ContextHandler (ContextHandler.java:doStart(781)) - Started o.e.j.s.ServletContextHandler@65402e26{/logs,file:///workdir/hadoop-ozone/integration-test/target/log,AVAILABLE}
2019-08-30 08:03:54,196 [main] INFO  handler.ContextHandler (ContextHandler.java:doStart(781)) - Started o.e.j.s.ServletContextHandler@7abeaed0{/static,jar:file:/home/user/.m2/repository/org/apache/hadoop/hadoop-hdds-container-service/0.5.0-SNAPSHOT/hadoop-hdds-container-service-0.5.0-SNAPSHOT.jar!/webapps/static,AVAILABLE}
2019-08-30 08:03:54,233 [main] INFO  handler.ContextHandler (ContextHandler.java:doStart(781)) - Started o.e.j.w.WebAppContext@f1b0658{/,file:///tmp/jetty-0.0.0.0-42586-hddsDatanode-_-any-3747535574529525725.dir/webapp/,AVAILABLE}{/hddsDatanode}
2019-08-30 08:03:54,234 [main] INFO  server.AbstractConnector (AbstractConnector.java:doStart(278)) - Started ServerConnector@4870d2e1{HTTP/1.1,[http/1.1]}{0.0.0.0:42586}
2019-08-30 08:03:54,235 [main] INFO  server.Server (Server.java:doStart(419)) - Started @610746ms
2019-08-30 08:03:54,235 [main] INFO  server.BaseHttpServer (BaseHttpServer.java:updateConnectorAddress(213)) - HTTP server of HDDSDATANODE is listening at http://0.0.0.0:42586
2019-08-30 08:03:54,348 | INFO  | ObjectStoreRestHttpServer | Listening HDDS REST traffic on /0.0.0.0:36682 |  
2019-08-30 08:03:54,348 [main] INFO  ozone.HddsDatanodeService (HddsDatanodeService.java:startPlugins(395)) - Started plug-in org.apache.hadoop.ozone.web.OzoneHddsDatanodeService@2296ed0d
2019-08-30 08:03:54,349 [main] INFO  impl.MetricsSystemImpl (MetricsSystemImpl.java:init(158)) - HddsDatanode metrics system started (again)
2019-08-30 08:03:54,352 [main] INFO  ozone.HddsDatanodeService (HddsDatanodeService.java:start(184)) - HddsDatanodeService host:pr-hdds-1569-g97bt-2511755227 ip:192.168.5.184
2019-08-30 08:03:54,352 [org.apache.hadoop.util.JvmPauseMonitor$Monitor@7dad1750] INFO  util.JvmPauseMonitor (JvmPauseMonitor.java:run(188)) - Starting JVM pause monitor
2019-08-30 08:03:54,354 [Datanode State Machine Thread - 0] INFO  datanode.InitDatanodeState (InitDatanodeState.java:persistContainerDatanodeDetails(140)) - DatanodeDetails is persisted to /workdir/hadoop-ozone/integration-test/target/test-dir/MiniOzoneClusterImpl-0a678d0b-345d-45b6-820b-f96c3cc761ae/datanode-5/meta/datanode.id
2019-08-30 08:03:54,362 [main] INFO  volume.HddsVolume (HddsVolume.java:<init>(176)) - Creating Volume: /workdir/hadoop-ozone/integration-test/target/test-dir/MiniOzoneClusterImpl-0a678d0b-345d-45b6-820b-f96c3cc761ae/datanode-6/data/containers/hdds of  storage type : DISK and capacity : 1482555576320
2019-08-30 08:03:54,363 [main] INFO  volume.VolumeSet (VolumeSet.java:initializeVolumeSet(170)) - Added Volume : /workdir/hadoop-ozone/integration-test/target/test-dir/MiniOzoneClusterImpl-0a678d0b-345d-45b6-820b-f96c3cc761ae/datanode-6/data/containers/hdds to VolumeSet
2019-08-30 08:03:54,363 [main] INFO  volume.ThrottledAsyncChecker (ThrottledAsyncChecker.java:schedule(140)) - Scheduling a check for org.apache.hadoop.ozone.container.common.volume.HddsVolume@5c452e69
2019-08-30 08:03:54,363 [main] INFO  volume.HddsVolumeChecker (HddsVolumeChecker.java:checkAllVolumes(203)) - Scheduled health check for volume org.apache.hadoop.ozone.container.common.volume.HddsVolume@5c452e69
2019-08-30 08:03:54,380 [main] INFO  impl.RaftServerProxy (ConfUtils.java:logGet(43)) - raft.rpc.type = GRPC (default)
2019-08-30 08:03:54,380 [main] INFO  grpc.GrpcFactory (GrpcFactory.java:checkPooledByteBufAllocatorUseCacheForAllThreads(45)) - PERFORMANCE WARNING: useCacheForAllThreads is true that may cause Netty to create a lot garbage objects and, as a result, trigger GC.
	It is recommended to disable useCacheForAllThreads by setting -Dorg.apache.ratis.thirdparty.io.netty.allocator.useCacheForAllThreads=false in command line.
2019-08-30 08:03:54,380 [main] INFO  grpc.GrpcConfigKeys$Server (ConfUtils.java:logGet(43)) - raft.grpc.server.port = 0 (default)
2019-08-30 08:03:54,380 [main] INFO  server.GrpcService (ConfUtils.java:logGet(43)) - raft.grpc.message.size.max = 33570816 (custom)
2019-08-30 08:03:54,381 [main] INFO  server.RaftServerConfigKeys (ConfUtils.java:logGet(43)) - raft.server.log.appender.buffer.byte-limit = 33554432 (custom)
2019-08-30 08:03:54,381 [main] INFO  server.GrpcService (ConfUtils.java:logGet(43)) - raft.grpc.flow.control.window = 1MB (=1048576) (default)
2019-08-30 08:03:54,381 [main] INFO  server.RaftServerConfigKeys (ConfUtils.java:logGet(43)) - raft.server.rpc.request.timeout = 3000ms (default)
2019-08-30 08:03:54,381 [main] INFO  server.RaftServerConfigKeys (ConfUtils.java:logGet(43)) - raft.server.storage.dir = [/workdir/hadoop-ozone/integration-test/target/test-dir/MiniOzoneClusterImpl-0a678d0b-345d-45b6-820b-f96c3cc761ae/datanode-6/data/ratis] (custom)
2019-08-30 08:03:54,382 [main] INFO  replication.SimpleContainerDownloader (SimpleContainerDownloader.java:<init>(72)) - Starting container downloader service to copy containers to replicate.
2019-08-30 08:03:54,383 [main] INFO  hdfs.DFSUtil (DFSUtil.java:httpServerTemplateForNNAndJN(1641)) - Starting Web-server for hddsDatanode at: http://0.0.0.0:0
2019-08-30 08:03:54,384 [main] INFO  server.AuthenticationFilter (AuthenticationFilter.java:constructSecretProvider(240)) - Unable to initialize FileSignerSecretProvider, falling back to use random secrets.
2019-08-30 08:03:54,384 [main] WARN  http.HttpRequestLog (HttpRequestLog.java:getRequestLog(97)) - Jetty request log can only be enabled using Log4j
2019-08-30 08:03:54,386 [main] INFO  http.HttpServer2 (HttpServer2.java:addGlobalFilter(975)) - Added global filter 'safety' (class=org.apache.hadoop.http.HttpServer2$QuotingInputFilter)
2019-08-30 08:03:54,386 [main] INFO  http.HttpServer2 (HttpServer2.java:addFilter(948)) - Added filter static_user_filter (class=org.apache.hadoop.http.lib.StaticUserWebFilter$StaticUserFilter) to context hddsDatanode
2019-08-30 08:03:54,386 [main] INFO  http.HttpServer2 (HttpServer2.java:addFilter(958)) - Added filter static_user_filter (class=org.apache.hadoop.http.lib.StaticUserWebFilter$StaticUserFilter) to context logs
2019-08-30 08:03:54,386 [main] INFO  http.HttpServer2 (HttpServer2.java:addFilter(958)) - Added filter static_user_filter (class=org.apache.hadoop.http.lib.StaticUserWebFilter$StaticUserFilter) to context static
2019-08-30 08:03:54,387 [main] INFO  http.HttpServer2 (HttpServer2.java:bindListener(1191)) - Jetty bound to port 33701
2019-08-30 08:03:54,387 [main] INFO  server.Server (Server.java:doStart(351)) - jetty-9.3.24.v20180605, build timestamp: 2018-06-05T17:11:56Z, git hash: 84205aa28f11a4f31f2a3b86d1bba2cc8ab69827
2019-08-30 08:03:54,388 [main] INFO  handler.ContextHandler (ContextHandler.java:doStart(781)) - Started o.e.j.s.ServletContextHandler@32a7c583{/logs,file:///workdir/hadoop-ozone/integration-test/target/log,AVAILABLE}
2019-08-30 08:03:54,389 [main] INFO  handler.ContextHandler (ContextHandler.java:doStart(781)) - Started o.e.j.s.ServletContextHandler@679f3e12{/static,jar:file:/home/user/.m2/repository/org/apache/hadoop/hadoop-hdds-container-service/0.5.0-SNAPSHOT/hadoop-hdds-container-service-0.5.0-SNAPSHOT.jar!/webapps/static,AVAILABLE}
2019-08-30 08:03:54,417 [main] INFO  handler.ContextHandler (ContextHandler.java:doStart(781)) - Started o.e.j.w.WebAppContext@497f8a4b{/,file:///tmp/jetty-0.0.0.0-33701-hddsDatanode-_-any-1198890104358790251.dir/webapp/,AVAILABLE}{/hddsDatanode}
2019-08-30 08:03:54,418 [main] INFO  server.AbstractConnector (AbstractConnector.java:doStart(278)) - Started ServerConnector@6d952747{HTTP/1.1,[http/1.1]}{0.0.0.0:33701}
2019-08-30 08:03:54,423 [main] INFO  server.Server (Server.java:doStart(419)) - Started @610934ms
2019-08-30 08:03:54,424 [main] INFO  server.BaseHttpServer (BaseHttpServer.java:updateConnectorAddress(213)) - HTTP server of HDDSDATANODE is listening at http://0.0.0.0:33701
2019-08-30 08:03:54,555 | INFO  | ObjectStoreRestHttpServer | Listening HDDS REST traffic on /0.0.0.0:43801 |  
2019-08-30 08:03:54,555 [main] INFO  ozone.HddsDatanodeService (HddsDatanodeService.java:startPlugins(395)) - Started plug-in org.apache.hadoop.ozone.web.OzoneHddsDatanodeService@60666985
2019-08-30 08:03:54,556 [main] INFO  ozone.MiniOzoneClusterImpl (MiniOzoneClusterImpl.java:lambda$waitForClusterToBeReady$0(142)) - Waiting for cluster to be ready. Got 0 of 7 DN Heartbeats.
2019-08-30 08:03:54,557 [org.apache.hadoop.util.JvmPauseMonitor$Monitor@77498983] INFO  util.JvmPauseMonitor (JvmPauseMonitor.java:run(188)) - Starting JVM pause monitor
2019-08-30 08:03:54,558 [Datanode State Machine Thread - 0] INFO  datanode.InitDatanodeState (InitDatanodeState.java:persistContainerDatanodeDetails(140)) - DatanodeDetails is persisted to /workdir/hadoop-ozone/integration-test/target/test-dir/MiniOzoneClusterImpl-0a678d0b-345d-45b6-820b-f96c3cc761ae/datanode-6/meta/datanode.id
2019-08-30 08:03:55,012 | INFO  | SCMAudit | user=jenkins1000 | ip=192.168.5.184 | op=GET_VERSION null | ret=SUCCESS |  
2019-08-30 08:03:55,079 [Datanode State Machine Thread - 0] INFO  ozoneimpl.OzoneContainer (OzoneContainer.java:start(186)) - Attempting to start container services.
2019-08-30 08:03:55,079 [Datanode State Machine Thread - 0] INFO  ozoneimpl.OzoneContainer (OzoneContainer.java:startContainerScrub(160)) - Background container scrubber has been disabled by hdds.containerscrub.enabled
2019-08-30 08:03:55,079 [Datanode State Machine Thread - 0] INFO  ratis.XceiverServerRatis (XceiverServerRatis.java:start(404)) - Starting XceiverServerRatis b02d5434-9006-43db-863d-3b3a4b7891d5 at port 0
2019-08-30 08:03:55,087 [Datanode State Machine Thread - 0] INFO  impl.RaftServerProxy (RaftServerProxy.java:lambda$start$3(299)) - b02d5434-9006-43db-863d-3b3a4b7891d5: start RPC server
2019-08-30 08:03:55,089 [Datanode State Machine Thread - 0] INFO  server.GrpcService (GrpcService.java:startImpl(149)) - b02d5434-9006-43db-863d-3b3a4b7891d5: GrpcService started, listening on 0.0.0.0/0.0.0.0:43754
2019-08-30 08:03:55,089 [Datanode State Machine Thread - 0] INFO  ratis.XceiverServerRatis (XceiverServerRatis.java:start(414)) - XceiverServerRatis b02d5434-9006-43db-863d-3b3a4b7891d5 is started using port 43754
2019-08-30 08:03:55,089 [Datanode State Machine Thread - 0] INFO  server.XceiverServerGrpc (XceiverServerGrpc.java:start(163)) - XceiverServerGrpc b02d5434-9006-43db-863d-3b3a4b7891d5 is started using port 39820
2019-08-30 08:03:55,465 | INFO  | SCMAudit | user=jenkins1000 | ip=192.168.5.184 | op=GET_VERSION null | ret=SUCCESS |  
2019-08-30 08:03:55,525 [Datanode State Machine Thread - 0] INFO  ozoneimpl.OzoneContainer (OzoneContainer.java:start(186)) - Attempting to start container services.
2019-08-30 08:03:55,525 [Datanode State Machine Thread - 0] INFO  ozoneimpl.OzoneContainer (OzoneContainer.java:startContainerScrub(160)) - Background container scrubber has been disabled by hdds.containerscrub.enabled
2019-08-30 08:03:55,526 [Datanode State Machine Thread - 0] INFO  ratis.XceiverServerRatis (XceiverServerRatis.java:start(404)) - Starting XceiverServerRatis 6a7c8852-17d8-4446-bc4c-67410121ad93 at port 0
2019-08-30 08:03:55,533 [Datanode State Machine Thread - 0] INFO  impl.RaftServerProxy (RaftServerProxy.java:lambda$start$3(299)) - 6a7c8852-17d8-4446-bc4c-67410121ad93: start RPC server
2019-08-30 08:03:55,533 [Datanode State Machine Thread - 0] INFO  server.GrpcService (GrpcService.java:startImpl(149)) - 6a7c8852-17d8-4446-bc4c-67410121ad93: GrpcService started, listening on 0.0.0.0/0.0.0.0:42040
2019-08-30 08:03:55,534 [Datanode State Machine Thread - 0] INFO  ratis.XceiverServerRatis (XceiverServerRatis.java:start(414)) - XceiverServerRatis 6a7c8852-17d8-4446-bc4c-67410121ad93 is started using port 42040
2019-08-30 08:03:55,534 [Datanode State Machine Thread - 0] INFO  server.XceiverServerGrpc (XceiverServerGrpc.java:start(163)) - XceiverServerGrpc 6a7c8852-17d8-4446-bc4c-67410121ad93 is started using port 41347
2019-08-30 08:03:55,556 [main] INFO  ozone.MiniOzoneClusterImpl (MiniOzoneClusterImpl.java:lambda$waitForClusterToBeReady$0(142)) - Waiting for cluster to be ready. Got 0 of 7 DN Heartbeats.
2019-08-30 08:03:55,713 | INFO  | SCMAudit | user=jenkins1000 | ip=192.168.5.184 | op=GET_VERSION null | ret=SUCCESS |  
2019-08-30 08:03:55,799 [Datanode State Machine Thread - 0] INFO  ozoneimpl.OzoneContainer (OzoneContainer.java:start(186)) - Attempting to start container services.
2019-08-30 08:03:55,800 [Datanode State Machine Thread - 0] INFO  ozoneimpl.OzoneContainer (OzoneContainer.java:startContainerScrub(160)) - Background container scrubber has been disabled by hdds.containerscrub.enabled
2019-08-30 08:03:55,800 [Datanode State Machine Thread - 0] INFO  ratis.XceiverServerRatis (XceiverServerRatis.java:start(404)) - Starting XceiverServerRatis 54172fe4-c822-464b-9b19-b53f6a732349 at port 0
2019-08-30 08:03:55,810 [Datanode State Machine Thread - 0] INFO  impl.RaftServerProxy (RaftServerProxy.java:lambda$start$3(299)) - 54172fe4-c822-464b-9b19-b53f6a732349: start RPC server
2019-08-30 08:03:55,811 [Datanode State Machine Thread - 0] INFO  server.GrpcService (GrpcService.java:startImpl(149)) - 54172fe4-c822-464b-9b19-b53f6a732349: GrpcService started, listening on 0.0.0.0/0.0.0.0:42780
2019-08-30 08:03:55,811 [Datanode State Machine Thread - 0] INFO  ratis.XceiverServerRatis (XceiverServerRatis.java:start(414)) - XceiverServerRatis 54172fe4-c822-464b-9b19-b53f6a732349 is started using port 42780
2019-08-30 08:03:55,811 [Datanode State Machine Thread - 0] INFO  server.XceiverServerGrpc (XceiverServerGrpc.java:start(163)) - XceiverServerGrpc 54172fe4-c822-464b-9b19-b53f6a732349 is started using port 33029
2019-08-30 08:03:55,947 | INFO  | SCMAudit | user=jenkins1000 | ip=192.168.5.184 | op=GET_VERSION null | ret=SUCCESS |  
2019-08-30 08:03:56,015 [Datanode State Machine Thread - 0] INFO  ozoneimpl.OzoneContainer (OzoneContainer.java:start(186)) - Attempting to start container services.
2019-08-30 08:03:56,015 [Datanode State Machine Thread - 0] INFO  ozoneimpl.OzoneContainer (OzoneContainer.java:startContainerScrub(160)) - Background container scrubber has been disabled by hdds.containerscrub.enabled
2019-08-30 08:03:56,015 [Datanode State Machine Thread - 0] INFO  ratis.XceiverServerRatis (XceiverServerRatis.java:start(404)) - Starting XceiverServerRatis 0e927250-a3c1-4323-8ecd-88ceb047c264 at port 0
2019-08-30 08:03:56,025 [Datanode State Machine Thread - 0] INFO  impl.RaftServerProxy (RaftServerProxy.java:lambda$start$3(299)) - 0e927250-a3c1-4323-8ecd-88ceb047c264: start RPC server
2019-08-30 08:03:56,026 [Datanode State Machine Thread - 0] INFO  server.GrpcService (GrpcService.java:startImpl(149)) - 0e927250-a3c1-4323-8ecd-88ceb047c264: GrpcService started, listening on 0.0.0.0/0.0.0.0:41239
2019-08-30 08:03:56,026 [Datanode State Machine Thread - 0] INFO  ratis.XceiverServerRatis (XceiverServerRatis.java:start(414)) - XceiverServerRatis 0e927250-a3c1-4323-8ecd-88ceb047c264 is started using port 41239
2019-08-30 08:03:56,027 [Datanode State Machine Thread - 0] INFO  server.XceiverServerGrpc (XceiverServerGrpc.java:start(163)) - XceiverServerGrpc 0e927250-a3c1-4323-8ecd-88ceb047c264 is started using port 44931
2019-08-30 08:03:56,167 | INFO  | SCMAudit | user=jenkins1000 | ip=192.168.5.184 | op=GET_VERSION null | ret=SUCCESS |  
2019-08-30 08:03:56,258 [Datanode State Machine Thread - 0] INFO  ozoneimpl.OzoneContainer (OzoneContainer.java:start(186)) - Attempting to start container services.
2019-08-30 08:03:56,259 [Datanode State Machine Thread - 0] INFO  ozoneimpl.OzoneContainer (OzoneContainer.java:startContainerScrub(160)) - Background container scrubber has been disabled by hdds.containerscrub.enabled
2019-08-30 08:03:56,259 [Datanode State Machine Thread - 0] INFO  ratis.XceiverServerRatis (XceiverServerRatis.java:start(404)) - Starting XceiverServerRatis fed6186c-90e1-4c5c-ac3c-62fdedc4e65b at port 0
2019-08-30 08:03:56,269 [Datanode State Machine Thread - 0] INFO  impl.RaftServerProxy (RaftServerProxy.java:lambda$start$3(299)) - fed6186c-90e1-4c5c-ac3c-62fdedc4e65b: start RPC server
2019-08-30 08:03:56,270 [Datanode State Machine Thread - 0] INFO  server.GrpcService (GrpcService.java:startImpl(149)) - fed6186c-90e1-4c5c-ac3c-62fdedc4e65b: GrpcService started, listening on 0.0.0.0/0.0.0.0:34114
2019-08-30 08:03:56,270 [Datanode State Machine Thread - 0] INFO  ratis.XceiverServerRatis (XceiverServerRatis.java:start(414)) - XceiverServerRatis fed6186c-90e1-4c5c-ac3c-62fdedc4e65b is started using port 34114
2019-08-30 08:03:56,270 [Datanode State Machine Thread - 0] INFO  server.XceiverServerGrpc (XceiverServerGrpc.java:start(163)) - XceiverServerGrpc fed6186c-90e1-4c5c-ac3c-62fdedc4e65b is started using port 34453
2019-08-30 08:03:56,352 | INFO  | SCMAudit | user=jenkins1000 | ip=192.168.5.184 | op=GET_VERSION null | ret=SUCCESS |  
2019-08-30 08:03:56,422 [Datanode State Machine Thread - 0] INFO  ozoneimpl.OzoneContainer (OzoneContainer.java:start(186)) - Attempting to start container services.
2019-08-30 08:03:56,422 [Datanode State Machine Thread - 0] INFO  ozoneimpl.OzoneContainer (OzoneContainer.java:startContainerScrub(160)) - Background container scrubber has been disabled by hdds.containerscrub.enabled
2019-08-30 08:03:56,422 [Datanode State Machine Thread - 0] INFO  ratis.XceiverServerRatis (XceiverServerRatis.java:start(404)) - Starting XceiverServerRatis e5f38b28-009a-4f22-a943-cfa04c7253b1 at port 0
2019-08-30 08:03:56,431 [Datanode State Machine Thread - 0] INFO  impl.RaftServerProxy (RaftServerProxy.java:lambda$start$3(299)) - e5f38b28-009a-4f22-a943-cfa04c7253b1: start RPC server
2019-08-30 08:03:56,432 [Datanode State Machine Thread - 0] INFO  server.GrpcService (GrpcService.java:startImpl(149)) - e5f38b28-009a-4f22-a943-cfa04c7253b1: GrpcService started, listening on 0.0.0.0/0.0.0.0:38662
2019-08-30 08:03:56,432 [Datanode State Machine Thread - 0] INFO  ratis.XceiverServerRatis (XceiverServerRatis.java:start(414)) - XceiverServerRatis e5f38b28-009a-4f22-a943-cfa04c7253b1 is started using port 38662
2019-08-30 08:03:56,432 [Datanode State Machine Thread - 0] INFO  server.XceiverServerGrpc (XceiverServerGrpc.java:start(163)) - XceiverServerGrpc e5f38b28-009a-4f22-a943-cfa04c7253b1 is started using port 33812
2019-08-30 08:03:56,557 [main] INFO  ozone.MiniOzoneClusterImpl (MiniOzoneClusterImpl.java:lambda$waitForClusterToBeReady$0(142)) - Waiting for cluster to be ready. Got 0 of 7 DN Heartbeats.
2019-08-30 08:03:56,557 | INFO  | SCMAudit | user=jenkins1000 | ip=192.168.5.184 | op=GET_VERSION null | ret=SUCCESS |  
2019-08-30 08:03:56,639 [Datanode State Machine Thread - 0] INFO  ozoneimpl.OzoneContainer (OzoneContainer.java:start(186)) - Attempting to start container services.
2019-08-30 08:03:56,640 [Datanode State Machine Thread - 0] INFO  ozoneimpl.OzoneContainer (OzoneContainer.java:startContainerScrub(160)) - Background container scrubber has been disabled by hdds.containerscrub.enabled
2019-08-30 08:03:56,640 [Datanode State Machine Thread - 0] INFO  ratis.XceiverServerRatis (XceiverServerRatis.java:start(404)) - Starting XceiverServerRatis 290ef2ed-fd58-4a3d-bde6-9b5b13914a39 at port 0
2019-08-30 08:03:56,647 [Datanode State Machine Thread - 0] INFO  impl.RaftServerProxy (RaftServerProxy.java:lambda$start$3(299)) - 290ef2ed-fd58-4a3d-bde6-9b5b13914a39: start RPC server
2019-08-30 08:03:56,658 [Datanode State Machine Thread - 0] INFO  server.GrpcService (GrpcService.java:startImpl(149)) - 290ef2ed-fd58-4a3d-bde6-9b5b13914a39: GrpcService started, listening on 0.0.0.0/0.0.0.0:37854
2019-08-30 08:03:56,658 [Datanode State Machine Thread - 0] INFO  ratis.XceiverServerRatis (XceiverServerRatis.java:start(414)) - XceiverServerRatis 290ef2ed-fd58-4a3d-bde6-9b5b13914a39 is started using port 37854
2019-08-30 08:03:56,660 [Datanode State Machine Thread - 0] INFO  server.XceiverServerGrpc (XceiverServerGrpc.java:start(163)) - XceiverServerGrpc 290ef2ed-fd58-4a3d-bde6-9b5b13914a39 is started using port 46722
2019-08-30 08:03:57,012 [IPC Server handler 1 on 38541] INFO  net.NetworkTopology (NetworkTopologyImpl.java:add(110)) - Added a new node: /default-rack/b02d5434-9006-43db-863d-3b3a4b7891d5
2019-08-30 08:03:57,016 [IPC Server handler 1 on 38541] INFO  node.SCMNodeManager (SCMNodeManager.java:register(274)) - Registered Data node : b02d5434-9006-43db-863d-3b3a4b7891d5{ip: 192.168.5.184, host: pr-hdds-1569-g97bt-2511755227, networkLocation: /default-rack, certSerialId: null}
2019-08-30 08:03:57,017 [EventQueue-NodeRegistrationContainerReportForDataNodeSafeModeRule] INFO  safemode.SCMSafeModeManager (DataNodeSafeModeRule.java:process(71)) - SCM in safe mode. 1 DataNodes registered, 1 required.
2019-08-30 08:03:57,017 | INFO  | SCMAudit | user=jenkins1000 | ip=192.168.5.184 | op=REGISTER {datanodeDetails=b02d5434-9006-43db-863d-3b3a4b7891d5{ip: 192.168.5.184, host: pr-hdds-1569-g97bt-2511755227, networkLocation: /default-rack, certSerialId: null}} | ret=SUCCESS |  
2019-08-30 08:03:57,021 [EventQueue-NodeRegistrationContainerReportForDataNodeSafeModeRule] INFO  safemode.SCMSafeModeManager (SCMSafeModeManager.java:validateSafeModeExitRules(177)) - ScmSafeModeManager, all rules are successfully validated
2019-08-30 08:03:57,021 [EventQueue-NodeRegistrationContainerReportForDataNodeSafeModeRule] INFO  safemode.SCMSafeModeManager (SCMSafeModeManager.java:exitSafeMode(193)) - SCM exiting safe mode.
2019-08-30 08:03:57,050 [grpc-default-executor-8] INFO  impl.RaftServerProxy (RaftServerProxy.java:addNew(89)) - b02d5434-9006-43db-863d-3b3a4b7891d5: addNew group-711C01F41C82:[b02d5434-9006-43db-863d-3b3a4b7891d5:192.168.5.184:43754] returns group-711C01F41C82:java.util.concurrent.CompletableFuture@1ce62652[Not completed]
2019-08-30 08:03:57,051 [pool-439-thread-1] INFO  impl.RaftServerImpl (RaftServerImpl.java:<init>(93)) - b02d5434-9006-43db-863d-3b3a4b7891d5: new RaftServerImpl for group-711C01F41C82:[b02d5434-9006-43db-863d-3b3a4b7891d5:192.168.5.184:43754] with ContainerStateMachine:uninitialized
2019-08-30 08:03:57,051 [pool-439-thread-1] INFO  server.RaftServerConfigKeys (ConfUtils.java:logGet(43)) - raft.server.rpc.timeout.min = 5s (custom)
2019-08-30 08:03:57,051 [pool-439-thread-1] INFO  server.RaftServerConfigKeys (ConfUtils.java:logGet(43)) - raft.server.rpc.timeout.max = 5200ms (custom)
2019-08-30 08:03:57,051 [pool-439-thread-1] INFO  server.RaftServerConfigKeys (ConfUtils.java:logGet(43)) - raft.server.rpcslowness.timeout = 120s (custom)
2019-08-30 08:03:57,051 [pool-439-thread-1] INFO  server.RaftServerConfigKeys (ConfUtils.java:logGet(43)) - raft.server.sleep.deviation.threshold = 300 (default)
2019-08-30 08:03:57,051 [pool-439-thread-1] INFO  server.RaftServerConfigKeys (ConfUtils.java:logGet(43)) - raft.server.log.appender.install.snapshot.enabled = false (custom)
2019-08-30 08:03:57,052 [pool-439-thread-1] INFO  impl.RaftServerImpl (ServerState.java:<init>(105)) - b02d5434-9006-43db-863d-3b3a4b7891d5:group-711C01F41C82 ConfigurationManager, init=-1: [b02d5434-9006-43db-863d-3b3a4b7891d5:192.168.5.184:43754], old=null, confs=<EMPTY_MAP>
2019-08-30 08:03:57,052 [pool-439-thread-1] INFO  server.RaftServerConfigKeys (ConfUtils.java:logGet(43)) - raft.server.storage.dir = [/workdir/hadoop-ozone/integration-test/target/test-dir/MiniOzoneClusterImpl-0a678d0b-345d-45b6-820b-f96c3cc761ae/datanode-0/data/ratis] (custom)
2019-08-30 08:03:57,052 [pool-439-thread-1] INFO  storage.RaftStorageDirectory (RaftStorageDirectory.java:analyzeStorage(246)) - The storage directory /workdir/hadoop-ozone/integration-test/target/test-dir/MiniOzoneClusterImpl-0a678d0b-345d-45b6-820b-f96c3cc761ae/datanode-0/data/ratis/17f07c0f-873c-4665-b72d-711c01f41c82 does not exist. Creating ...
2019-08-30 08:03:57,117 [pool-439-thread-1] INFO  storage.RaftStorageDirectory (RaftStorageDirectory.java:tryLock(328)) - Lock on /workdir/hadoop-ozone/integration-test/target/test-dir/MiniOzoneClusterImpl-0a678d0b-345d-45b6-820b-f96c3cc761ae/datanode-0/data/ratis/17f07c0f-873c-4665-b72d-711c01f41c82/in_use.lock acquired by nodename 28957@pr-hdds-1569-g97bt-2511755227
2019-08-30 08:03:57,189 [pool-439-thread-1] INFO  storage.RaftStorage (RaftStorage.java:format(72)) - Storage directory /workdir/hadoop-ozone/integration-test/target/test-dir/MiniOzoneClusterImpl-0a678d0b-345d-45b6-820b-f96c3cc761ae/datanode-0/data/ratis/17f07c0f-873c-4665-b72d-711c01f41c82 has been successfully formatted.
2019-08-30 08:03:57,190 [pool-439-thread-1] INFO  ratis.ContainerStateMachine (ContainerStateMachine.java:loadSnapshot(226)) - group-711C01F41C82: The snapshot info is null. Setting the last applied indexto:(t:0, i:~)
2019-08-30 08:03:57,190 [pool-439-thread-1] INFO  server.RaftServerConfigKeys (ConfUtils.java:logGet(43)) - raft.server.leader.election.timeout = 120s (custom)
2019-08-30 08:03:57,190 [pool-439-thread-1] INFO  server.RaftServerConfigKeys (ConfUtils.java:logGet(43)) - raft.server.log.use.memory = false (default)
2019-08-30 08:03:57,190 [pool-439-thread-1] INFO  server.RaftServerConfigKeys (ConfUtils.java:logGet(43)) - raft.server.log.purge.gap = 1000000 (custom)
2019-08-30 08:03:57,191 [pool-439-thread-1] INFO  server.RaftServerConfigKeys (ConfUtils.java:logGet(43)) - raft.server.log.appender.buffer.byte-limit = 33554432 (custom)
2019-08-30 08:03:57,191 [pool-439-thread-1] INFO  server.RaftServerConfigKeys (ConfUtils.java:logGet(43)) - raft.server.log.segment.size.max = 1048576 (custom)
2019-08-30 08:03:57,191 [pool-439-thread-1] INFO  server.RaftServerConfigKeys (ConfUtils.java:logGet(43)) - raft.server.log.segment.cache.num.max = 2 (custom)
2019-08-30 08:03:57,191 [pool-439-thread-1] INFO  segmented.SegmentedRaftLogWorker (SegmentedRaftLogWorker.java:<init>(172)) - new b02d5434-9006-43db-863d-3b3a4b7891d5-SegmentedRaftLogWorker:Storage Directory /workdir/hadoop-ozone/integration-test/target/test-dir/MiniOzoneClusterImpl-0a678d0b-345d-45b6-820b-f96c3cc761ae/datanode-0/data/ratis/17f07c0f-873c-4665-b72d-711c01f41c82 for RaftStorage:Storage Directory /workdir/hadoop-ozone/integration-test/target/test-dir/MiniOzoneClusterImpl-0a678d0b-345d-45b6-820b-f96c3cc761ae/datanode-0/data/ratis/17f07c0f-873c-4665-b72d-711c01f41c82
2019-08-30 08:03:57,192 [pool-439-thread-1] INFO  server.RaftServerConfigKeys (ConfUtils.java:logGet(43)) - raft.server.log.queue.byte-limit = 2147483647 (custom)
2019-08-30 08:03:57,192 [pool-439-thread-1] INFO  server.RaftServerConfigKeys (ConfUtils.java:logGet(43)) - raft.server.log.queue.element-limit = 1024 (custom)
2019-08-30 08:03:57,192 [pool-439-thread-1] INFO  server.RaftServerConfigKeys (ConfUtils.java:logGet(43)) - raft.server.log.segment.size.max = 1048576 (custom)
2019-08-30 08:03:57,193 [pool-439-thread-1] INFO  server.RaftServerConfigKeys (ConfUtils.java:logGet(43)) - raft.server.log.preallocated.size = 16384 (custom)
2019-08-30 08:03:57,193 [pool-439-thread-1] INFO  server.RaftServerConfigKeys (ConfUtils.java:logGet(43)) - raft.server.log.write.buffer.size = 33554432 (custom)
2019-08-30 08:03:57,193 [pool-439-thread-1] INFO  server.RaftServerConfigKeys (ConfUtils.java:logGet(43)) - raft.server.log.force.sync.num = 128 (default)
2019-08-30 08:03:57,193 [pool-439-thread-1] INFO  server.RaftServerConfigKeys (ConfUtils.java:logGet(43)) - raft.server.log.statemachine.data.sync = true (default)
2019-08-30 08:03:57,193 [pool-439-thread-1] INFO  server.RaftServerConfigKeys (ConfUtils.java:logGet(43)) - raft.server.log.statemachine.data.sync.timeout = 10s (default)
2019-08-30 08:03:57,193 [pool-439-thread-1] INFO  server.RaftServerConfigKeys (ConfUtils.java:logGet(43)) - raft.server.log.statemachine.data.sync.timeout.retry = -1 (default)
2019-08-30 08:03:57,194 [pool-439-thread-1] INFO  server.RaftServerConfigKeys (ConfUtils.java:logGet(43)) - raft.server.log.statemachine.data.caching.enabled = true (custom)
2019-08-30 08:03:57,194 [pool-439-thread-1] INFO  segmented.SegmentedRaftLogWorker (SegmentedRaftLogWorker.java:lambda$new$0(132)) - b02d5434-9006-43db-863d-3b3a4b7891d5-SegmentedRaftLogWorker:Storage Directory /workdir/hadoop-ozone/integration-test/target/test-dir/MiniOzoneClusterImpl-0a678d0b-345d-45b6-820b-f96c3cc761ae/datanode-0/data/ratis/17f07c0f-873c-4665-b72d-711c01f41c82: flushIndex: setUnconditionally 0 -> -1
2019-08-30 08:03:57,195 [pool-439-thread-1] INFO  server.RaftServerConfigKeys (ConfUtils.java:logGet(43)) - raft.server.snapshot.auto.trigger.enabled = true (custom)
2019-08-30 08:03:57,195 [pool-439-thread-1] INFO  server.RaftServerConfigKeys (ConfUtils.java:logGet(43)) - raft.server.snapshot.auto.trigger.threshold = 10000 (custom)
2019-08-30 08:03:57,195 [pool-439-thread-1] INFO  server.RaftServerConfigKeys (ConfUtils.java:logGet(43)) - raft.server.retrycache.expirytime = 600000ms (custom)
2019-08-30 08:03:57,196 [pool-439-thread-1] INFO  impl.RaftServerImpl (RaftServerImpl.java:start(180)) - b02d5434-9006-43db-863d-3b3a4b7891d5: start group-711C01F41C82
2019-08-30 08:03:57,196 [pool-439-thread-1] INFO  impl.RaftServerImpl (RaftServerImpl.java:setRole(171)) - b02d5434-9006-43db-863d-3b3a4b7891d5:group-711C01F41C82 changes role from null to FOLLOWER at term 0 for startAsFollower
2019-08-30 08:03:57,196 [pool-439-thread-1] INFO  impl.RoleInfo (RoleInfo.java:updateAndGet(143)) - b02d5434-9006-43db-863d-3b3a4b7891d5: start FollowerState
2019-08-30 08:03:57,198 [pool-439-thread-1] INFO  util.JmxRegister (JmxRegister.java:tryRegister(44)) - Successfully registered JMX Bean with object name Ratis:service=RaftServer,group=group-711C01F41C82,id=b02d5434-9006-43db-863d-3b3a4b7891d5
2019-08-30 08:03:57,205 [RatisPipelineUtilsThread] INFO  pipeline.PipelineStateManager (PipelineStateManager.java:addPipeline(56)) - Created pipeline Pipeline[ Id: 17f07c0f-873c-4665-b72d-711c01f41c82, Nodes: b02d5434-9006-43db-863d-3b3a4b7891d5{ip: 192.168.5.184, host: pr-hdds-1569-g97bt-2511755227, networkLocation: /default-rack, certSerialId: null}, Type:RATIS, Factor:ONE, State:OPEN]
2019-08-30 08:03:57,465 [IPC Server handler 5 on 38541] INFO  net.NetworkTopology (NetworkTopologyImpl.java:add(110)) - Added a new node: /default-rack/6a7c8852-17d8-4446-bc4c-67410121ad93
2019-08-30 08:03:57,466 [IPC Server handler 5 on 38541] INFO  node.SCMNodeManager (SCMNodeManager.java:register(274)) - Registered Data node : 6a7c8852-17d8-4446-bc4c-67410121ad93{ip: 192.168.5.184, host: pr-hdds-1569-g97bt-2511755227, networkLocation: /default-rack, certSerialId: null}
2019-08-30 08:03:57,466 | INFO  | SCMAudit | user=jenkins1000 | ip=192.168.5.184 | op=REGISTER {datanodeDetails=6a7c8852-17d8-4446-bc4c-67410121ad93{ip: 192.168.5.184, host: pr-hdds-1569-g97bt-2511755227, networkLocation: /default-rack, certSerialId: null}} | ret=SUCCESS |  
2019-08-30 08:03:57,473 [grpc-default-executor-8] INFO  impl.RaftServerProxy (RaftServerProxy.java:addNew(89)) - 6a7c8852-17d8-4446-bc4c-67410121ad93: addNew group-ECB1B973F66A:[6a7c8852-17d8-4446-bc4c-67410121ad93:192.168.5.184:42040] returns group-ECB1B973F66A:java.util.concurrent.CompletableFuture@7552f0bc[Not completed]
2019-08-30 08:03:57,475 [pool-450-thread-1] INFO  impl.RaftServerImpl (RaftServerImpl.java:<init>(93)) - 6a7c8852-17d8-4446-bc4c-67410121ad93: new RaftServerImpl for group-ECB1B973F66A:[6a7c8852-17d8-4446-bc4c-67410121ad93:192.168.5.184:42040] with ContainerStateMachine:uninitialized
2019-08-30 08:03:57,475 [pool-450-thread-1] INFO  server.RaftServerConfigKeys (ConfUtils.java:logGet(43)) - raft.server.rpc.timeout.min = 5s (custom)
2019-08-30 08:03:57,475 [pool-450-thread-1] INFO  server.RaftServerConfigKeys (ConfUtils.java:logGet(43)) - raft.server.rpc.timeout.max = 5200ms (custom)
2019-08-30 08:03:57,475 [pool-450-thread-1] INFO  server.RaftServerConfigKeys (ConfUtils.java:logGet(43)) - raft.server.rpcslowness.timeout = 120s (custom)
2019-08-30 08:03:57,475 [pool-450-thread-1] INFO  server.RaftServerConfigKeys (ConfUtils.java:logGet(43)) - raft.server.sleep.deviation.threshold = 300 (default)
2019-08-30 08:03:57,475 [pool-450-thread-1] INFO  server.RaftServerConfigKeys (ConfUtils.java:logGet(43)) - raft.server.log.appender.install.snapshot.enabled = false (custom)
2019-08-30 08:03:57,475 [pool-450-thread-1] INFO  impl.RaftServerImpl (ServerState.java:<init>(105)) - 6a7c8852-17d8-4446-bc4c-67410121ad93:group-ECB1B973F66A ConfigurationManager, init=-1: [6a7c8852-17d8-4446-bc4c-67410121ad93:192.168.5.184:42040], old=null, confs=<EMPTY_MAP>
2019-08-30 08:03:57,476 [pool-450-thread-1] INFO  server.RaftServerConfigKeys (ConfUtils.java:logGet(43)) - raft.server.storage.dir = [/workdir/hadoop-ozone/integration-test/target/test-dir/MiniOzoneClusterImpl-0a678d0b-345d-45b6-820b-f96c3cc761ae/datanode-1/data/ratis] (custom)
2019-08-30 08:03:57,476 [pool-450-thread-1] INFO  storage.RaftStorageDirectory (RaftStorageDirectory.java:analyzeStorage(246)) - The storage directory /workdir/hadoop-ozone/integration-test/target/test-dir/MiniOzoneClusterImpl-0a678d0b-345d-45b6-820b-f96c3cc761ae/datanode-1/data/ratis/79995f7b-84f8-4e37-990c-ecb1b973f66a does not exist. Creating ...
2019-08-30 08:03:57,497 [pool-450-thread-1] INFO  storage.RaftStorageDirectory (RaftStorageDirectory.java:tryLock(328)) - Lock on /workdir/hadoop-ozone/integration-test/target/test-dir/MiniOzoneClusterImpl-0a678d0b-345d-45b6-820b-f96c3cc761ae/datanode-1/data/ratis/79995f7b-84f8-4e37-990c-ecb1b973f66a/in_use.lock acquired by nodename 28957@pr-hdds-1569-g97bt-2511755227
2019-08-30 08:03:57,509 [pool-450-thread-1] INFO  storage.RaftStorage (RaftStorage.java:format(72)) - Storage directory /workdir/hadoop-ozone/integration-test/target/test-dir/MiniOzoneClusterImpl-0a678d0b-345d-45b6-820b-f96c3cc761ae/datanode-1/data/ratis/79995f7b-84f8-4e37-990c-ecb1b973f66a has been successfully formatted.
2019-08-30 08:03:57,510 [pool-450-thread-1] INFO  ratis.ContainerStateMachine (ContainerStateMachine.java:loadSnapshot(226)) - group-ECB1B973F66A: The snapshot info is null. Setting the last applied indexto:(t:0, i:~)
2019-08-30 08:03:57,510 [pool-450-thread-1] INFO  server.RaftServerConfigKeys (ConfUtils.java:logGet(43)) - raft.server.leader.election.timeout = 120s (custom)
2019-08-30 08:03:57,510 [pool-450-thread-1] INFO  server.RaftServerConfigKeys (ConfUtils.java:logGet(43)) - raft.server.log.use.memory = false (default)
2019-08-30 08:03:57,510 [pool-450-thread-1] INFO  server.RaftServerConfigKeys (ConfUtils.java:logGet(43)) - raft.server.log.purge.gap = 1000000 (custom)
2019-08-30 08:03:57,510 [pool-450-thread-1] INFO  server.RaftServerConfigKeys (ConfUtils.java:logGet(43)) - raft.server.log.appender.buffer.byte-limit = 33554432 (custom)
2019-08-30 08:03:57,510 [pool-450-thread-1] INFO  server.RaftServerConfigKeys (ConfUtils.java:logGet(43)) - raft.server.log.segment.size.max = 1048576 (custom)
2019-08-30 08:03:57,510 [pool-450-thread-1] INFO  server.RaftServerConfigKeys (ConfUtils.java:logGet(43)) - raft.server.log.segment.cache.num.max = 2 (custom)
2019-08-30 08:03:57,511 [pool-450-thread-1] INFO  segmented.SegmentedRaftLogWorker (SegmentedRaftLogWorker.java:<init>(172)) - new 6a7c8852-17d8-4446-bc4c-67410121ad93-SegmentedRaftLogWorker:Storage Directory /workdir/hadoop-ozone/integration-test/target/test-dir/MiniOzoneClusterImpl-0a678d0b-345d-45b6-820b-f96c3cc761ae/datanode-1/data/ratis/79995f7b-84f8-4e37-990c-ecb1b973f66a for RaftStorage:Storage Directory /workdir/hadoop-ozone/integration-test/target/test-dir/MiniOzoneClusterImpl-0a678d0b-345d-45b6-820b-f96c3cc761ae/datanode-1/data/ratis/79995f7b-84f8-4e37-990c-ecb1b973f66a
2019-08-30 08:03:57,511 [pool-450-thread-1] INFO  server.RaftServerConfigKeys (ConfUtils.java:logGet(43)) - raft.server.log.queue.byte-limit = 2147483647 (custom)
2019-08-30 08:03:57,511 [pool-450-thread-1] INFO  server.RaftServerConfigKeys (ConfUtils.java:logGet(43)) - raft.server.log.queue.element-limit = 1024 (custom)
2019-08-30 08:03:57,511 [pool-450-thread-1] INFO  server.RaftServerConfigKeys (ConfUtils.java:logGet(43)) - raft.server.log.segment.size.max = 1048576 (custom)
2019-08-30 08:03:57,511 [pool-450-thread-1] INFO  server.RaftServerConfigKeys (ConfUtils.java:logGet(43)) - raft.server.log.preallocated.size = 16384 (custom)
2019-08-30 08:03:57,511 [pool-450-thread-1] INFO  server.RaftServerConfigKeys (ConfUtils.java:logGet(43)) - raft.server.log.write.buffer.size = 33554432 (custom)
2019-08-30 08:03:57,511 [pool-450-thread-1] INFO  server.RaftServerConfigKeys (ConfUtils.java:logGet(43)) - raft.server.log.force.sync.num = 128 (default)
2019-08-30 08:03:57,512 [pool-450-thread-1] INFO  server.RaftServerConfigKeys (ConfUtils.java:logGet(43)) - raft.server.log.statemachine.data.sync = true (default)
2019-08-30 08:03:57,512 [pool-450-thread-1] INFO  server.RaftServerConfigKeys (ConfUtils.java:logGet(43)) - raft.server.log.statemachine.data.sync.timeout = 10s (default)
2019-08-30 08:03:57,512 [pool-450-thread-1] INFO  server.RaftServerConfigKeys (ConfUtils.java:logGet(43)) - raft.server.log.statemachine.data.sync.timeout.retry = -1 (default)
2019-08-30 08:03:57,512 [pool-450-thread-1] INFO  server.RaftServerConfigKeys (ConfUtils.java:logGet(43)) - raft.server.log.statemachine.data.caching.enabled = true (custom)
2019-08-30 08:03:57,512 [pool-450-thread-1] INFO  segmented.SegmentedRaftLogWorker (SegmentedRaftLogWorker.java:lambda$new$0(132)) - 6a7c8852-17d8-4446-bc4c-67410121ad93-SegmentedRaftLogWorker:Storage Directory /workdir/hadoop-ozone/integration-test/target/test-dir/MiniOzoneClusterImpl-0a678d0b-345d-45b6-820b-f96c3cc761ae/datanode-1/data/ratis/79995f7b-84f8-4e37-990c-ecb1b973f66a: flushIndex: setUnconditionally 0 -> -1
2019-08-30 08:03:57,513 [pool-450-thread-1] INFO  server.RaftServerConfigKeys (ConfUtils.java:logGet(43)) - raft.server.snapshot.auto.trigger.enabled = true (custom)
2019-08-30 08:03:57,513 [pool-450-thread-1] INFO  server.RaftServerConfigKeys (ConfUtils.java:logGet(43)) - raft.server.snapshot.auto.trigger.threshold = 10000 (custom)
2019-08-30 08:03:57,513 [pool-450-thread-1] INFO  server.RaftServerConfigKeys (ConfUtils.java:logGet(43)) - raft.server.retrycache.expirytime = 600000ms (custom)
2019-08-30 08:03:57,513 [pool-450-thread-1] INFO  impl.RaftServerImpl (RaftServerImpl.java:start(180)) - 6a7c8852-17d8-4446-bc4c-67410121ad93: start group-ECB1B973F66A
2019-08-30 08:03:57,513 [pool-450-thread-1] INFO  impl.RaftServerImpl (RaftServerImpl.java:setRole(171)) - 6a7c8852-17d8-4446-bc4c-67410121ad93:group-ECB1B973F66A changes role from null to FOLLOWER at term 0 for startAsFollower
2019-08-30 08:03:57,513 [pool-450-thread-1] INFO  impl.RoleInfo (RoleInfo.java:updateAndGet(143)) - 6a7c8852-17d8-4446-bc4c-67410121ad93: start FollowerState
2019-08-30 08:03:57,514 [pool-450-thread-1] INFO  util.JmxRegister (JmxRegister.java:tryRegister(44)) - Successfully registered JMX Bean with object name Ratis:service=RaftServer,group=group-ECB1B973F66A,id=6a7c8852-17d8-4446-bc4c-67410121ad93
2019-08-30 08:03:57,519 [RatisPipelineUtilsThread] INFO  pipeline.PipelineStateManager (PipelineStateManager.java:addPipeline(56)) - Created pipeline Pipeline[ Id: 79995f7b-84f8-4e37-990c-ecb1b973f66a, Nodes: 6a7c8852-17d8-4446-bc4c-67410121ad93{ip: 192.168.5.184, host: pr-hdds-1569-g97bt-2511755227, networkLocation: /default-rack, certSerialId: null}, Type:RATIS, Factor:ONE, State:OPEN]
2019-08-30 08:03:57,557 [main] INFO  ozone.MiniOzoneClusterImpl (MiniOzoneClusterImpl.java:lambda$waitForClusterToBeReady$0(142)) - Waiting for cluster to be ready. Got 2 of 7 DN Heartbeats.
2019-08-30 08:03:57,714 [IPC Server handler 0 on 38541] INFO  net.NetworkTopology (NetworkTopologyImpl.java:add(110)) - Added a new node: /default-rack/54172fe4-c822-464b-9b19-b53f6a732349
2019-08-30 08:03:57,714 [IPC Server handler 0 on 38541] INFO  node.SCMNodeManager (SCMNodeManager.java:register(274)) - Registered Data node : 54172fe4-c822-464b-9b19-b53f6a732349{ip: 192.168.5.184, host: pr-hdds-1569-g97bt-2511755227, networkLocation: /default-rack, certSerialId: null}
2019-08-30 08:03:57,718 | INFO  | SCMAudit | user=jenkins1000 | ip=192.168.5.184 | op=REGISTER {datanodeDetails=54172fe4-c822-464b-9b19-b53f6a732349{ip: 192.168.5.184, host: pr-hdds-1569-g97bt-2511755227, networkLocation: /default-rack, certSerialId: null}} | ret=SUCCESS |  
2019-08-30 08:03:57,724 [grpc-default-executor-8] INFO  impl.RaftServerProxy (RaftServerProxy.java:addNew(89)) - 54172fe4-c822-464b-9b19-b53f6a732349: addNew group-E04E7EB1871C:[54172fe4-c822-464b-9b19-b53f6a732349:192.168.5.184:42780] returns group-E04E7EB1871C:java.util.concurrent.CompletableFuture@65cbfcd0[Not completed]
2019-08-30 08:03:57,726 [pool-461-thread-1] INFO  impl.RaftServerImpl (RaftServerImpl.java:<init>(93)) - 54172fe4-c822-464b-9b19-b53f6a732349: new RaftServerImpl for group-E04E7EB1871C:[54172fe4-c822-464b-9b19-b53f6a732349:192.168.5.184:42780] with ContainerStateMachine:uninitialized
2019-08-30 08:03:57,726 [pool-461-thread-1] INFO  server.RaftServerConfigKeys (ConfUtils.java:logGet(43)) - raft.server.rpc.timeout.min = 5s (custom)
2019-08-30 08:03:57,726 [pool-461-thread-1] INFO  server.RaftServerConfigKeys (ConfUtils.java:logGet(43)) - raft.server.rpc.timeout.max = 5200ms (custom)
2019-08-30 08:03:57,726 [pool-461-thread-1] INFO  server.RaftServerConfigKeys (ConfUtils.java:logGet(43)) - raft.server.rpcslowness.timeout = 120s (custom)
2019-08-30 08:03:57,727 [pool-461-thread-1] INFO  server.RaftServerConfigKeys (ConfUtils.java:logGet(43)) - raft.server.sleep.deviation.threshold = 300 (default)
2019-08-30 08:03:57,727 [pool-461-thread-1] INFO  server.RaftServerConfigKeys (ConfUtils.java:logGet(43)) - raft.server.log.appender.install.snapshot.enabled = false (custom)
2019-08-30 08:03:57,727 [pool-461-thread-1] INFO  impl.RaftServerImpl (ServerState.java:<init>(105)) - 54172fe4-c822-464b-9b19-b53f6a732349:group-E04E7EB1871C ConfigurationManager, init=-1: [54172fe4-c822-464b-9b19-b53f6a732349:192.168.5.184:42780], old=null, confs=<EMPTY_MAP>
2019-08-30 08:03:57,727 [pool-461-thread-1] INFO  server.RaftServerConfigKeys (ConfUtils.java:logGet(43)) - raft.server.storage.dir = [/workdir/hadoop-ozone/integration-test/target/test-dir/MiniOzoneClusterImpl-0a678d0b-345d-45b6-820b-f96c3cc761ae/datanode-2/data/ratis] (custom)
2019-08-30 08:03:57,728 [pool-461-thread-1] INFO  storage.RaftStorageDirectory (RaftStorageDirectory.java:analyzeStorage(246)) - The storage directory /workdir/hadoop-ozone/integration-test/target/test-dir/MiniOzoneClusterImpl-0a678d0b-345d-45b6-820b-f96c3cc761ae/datanode-2/data/ratis/b1c94aab-e051-42b6-8c06-e04e7eb1871c does not exist. Creating ...
2019-08-30 08:03:57,757 [pool-461-thread-1] INFO  storage.RaftStorageDirectory (RaftStorageDirectory.java:tryLock(328)) - Lock on /workdir/hadoop-ozone/integration-test/target/test-dir/MiniOzoneClusterImpl-0a678d0b-345d-45b6-820b-f96c3cc761ae/datanode-2/data/ratis/b1c94aab-e051-42b6-8c06-e04e7eb1871c/in_use.lock acquired by nodename 28957@pr-hdds-1569-g97bt-2511755227
2019-08-30 08:03:57,809 [pool-461-thread-1] INFO  storage.RaftStorage (RaftStorage.java:format(72)) - Storage directory /workdir/hadoop-ozone/integration-test/target/test-dir/MiniOzoneClusterImpl-0a678d0b-345d-45b6-820b-f96c3cc761ae/datanode-2/data/ratis/b1c94aab-e051-42b6-8c06-e04e7eb1871c has been successfully formatted.
2019-08-30 08:03:57,810 [pool-461-thread-1] INFO  ratis.ContainerStateMachine (ContainerStateMachine.java:loadSnapshot(226)) - group-E04E7EB1871C: The snapshot info is null. Setting the last applied indexto:(t:0, i:~)
2019-08-30 08:03:57,810 [pool-461-thread-1] INFO  server.RaftServerConfigKeys (ConfUtils.java:logGet(43)) - raft.server.leader.election.timeout = 120s (custom)
2019-08-30 08:03:57,810 [pool-461-thread-1] INFO  server.RaftServerConfigKeys (ConfUtils.java:logGet(43)) - raft.server.log.use.memory = false (default)
2019-08-30 08:03:57,810 [pool-461-thread-1] INFO  server.RaftServerConfigKeys (ConfUtils.java:logGet(43)) - raft.server.log.purge.gap = 1000000 (custom)
2019-08-30 08:03:57,810 [pool-461-thread-1] INFO  server.RaftServerConfigKeys (ConfUtils.java:logGet(43)) - raft.server.log.appender.buffer.byte-limit = 33554432 (custom)
2019-08-30 08:03:57,810 [pool-461-thread-1] INFO  server.RaftServerConfigKeys (ConfUtils.java:logGet(43)) - raft.server.log.segment.size.max = 1048576 (custom)
2019-08-30 08:03:57,811 [pool-461-thread-1] INFO  server.RaftServerConfigKeys (ConfUtils.java:logGet(43)) - raft.server.log.segment.cache.num.max = 2 (custom)
2019-08-30 08:03:57,811 [pool-461-thread-1] INFO  segmented.SegmentedRaftLogWorker (SegmentedRaftLogWorker.java:<init>(172)) - new 54172fe4-c822-464b-9b19-b53f6a732349-SegmentedRaftLogWorker:Storage Directory /workdir/hadoop-ozone/integration-test/target/test-dir/MiniOzoneClusterImpl-0a678d0b-345d-45b6-820b-f96c3cc761ae/datanode-2/data/ratis/b1c94aab-e051-42b6-8c06-e04e7eb1871c for RaftStorage:Storage Directory /workdir/hadoop-ozone/integration-test/target/test-dir/MiniOzoneClusterImpl-0a678d0b-345d-45b6-820b-f96c3cc761ae/datanode-2/data/ratis/b1c94aab-e051-42b6-8c06-e04e7eb1871c
2019-08-30 08:03:57,811 [pool-461-thread-1] INFO  server.RaftServerConfigKeys (ConfUtils.java:logGet(43)) - raft.server.log.queue.byte-limit = 2147483647 (custom)
2019-08-30 08:03:57,811 [pool-461-thread-1] INFO  server.RaftServerConfigKeys (ConfUtils.java:logGet(43)) - raft.server.log.queue.element-limit = 1024 (custom)
2019-08-30 08:03:57,812 [pool-461-thread-1] INFO  server.RaftServerConfigKeys (ConfUtils.java:logGet(43)) - raft.server.log.segment.size.max = 1048576 (custom)
2019-08-30 08:03:57,812 [pool-461-thread-1] INFO  server.RaftServerConfigKeys (ConfUtils.java:logGet(43)) - raft.server.log.preallocated.size = 16384 (custom)
2019-08-30 08:03:57,812 [pool-461-thread-1] INFO  server.RaftServerConfigKeys (ConfUtils.java:logGet(43)) - raft.server.log.write.buffer.size = 33554432 (custom)
2019-08-30 08:03:57,812 [pool-461-thread-1] INFO  server.RaftServerConfigKeys (ConfUtils.java:logGet(43)) - raft.server.log.force.sync.num = 128 (default)
2019-08-30 08:03:57,812 [pool-461-thread-1] INFO  server.RaftServerConfigKeys (ConfUtils.java:logGet(43)) - raft.server.log.statemachine.data.sync = true (default)
2019-08-30 08:03:57,812 [pool-461-thread-1] INFO  server.RaftServerConfigKeys (ConfUtils.java:logGet(43)) - raft.server.log.statemachine.data.sync.timeout = 10s (default)
2019-08-30 08:03:57,813 [pool-461-thread-1] INFO  server.RaftServerConfigKeys (ConfUtils.java:logGet(43)) - raft.server.log.statemachine.data.sync.timeout.retry = -1 (default)
2019-08-30 08:03:57,813 [pool-461-thread-1] INFO  server.RaftServerConfigKeys (ConfUtils.java:logGet(43)) - raft.server.log.statemachine.data.caching.enabled = true (custom)
2019-08-30 08:03:57,813 [pool-461-thread-1] INFO  segmented.SegmentedRaftLogWorker (SegmentedRaftLogWorker.java:lambda$new$0(132)) - 54172fe4-c822-464b-9b19-b53f6a732349-SegmentedRaftLogWorker:Storage Directory /workdir/hadoop-ozone/integration-test/target/test-dir/MiniOzoneClusterImpl-0a678d0b-345d-45b6-820b-f96c3cc761ae/datanode-2/data/ratis/b1c94aab-e051-42b6-8c06-e04e7eb1871c: flushIndex: setUnconditionally 0 -> -1
2019-08-30 08:03:57,814 [pool-461-thread-1] INFO  server.RaftServerConfigKeys (ConfUtils.java:logGet(43)) - raft.server.snapshot.auto.trigger.enabled = true (custom)
2019-08-30 08:03:57,814 [pool-461-thread-1] INFO  server.RaftServerConfigKeys (ConfUtils.java:logGet(43)) - raft.server.snapshot.auto.trigger.threshold = 10000 (custom)
2019-08-30 08:03:57,814 [pool-461-thread-1] INFO  server.RaftServerConfigKeys (ConfUtils.java:logGet(43)) - raft.server.retrycache.expirytime = 600000ms (custom)
2019-08-30 08:03:57,814 [pool-461-thread-1] INFO  impl.RaftServerImpl (RaftServerImpl.java:start(180)) - 54172fe4-c822-464b-9b19-b53f6a732349: start group-E04E7EB1871C
2019-08-30 08:03:57,814 [pool-461-thread-1] INFO  impl.RaftServerImpl (RaftServerImpl.java:setRole(171)) - 54172fe4-c822-464b-9b19-b53f6a732349:group-E04E7EB1871C changes role from null to FOLLOWER at term 0 for startAsFollower
2019-08-30 08:03:57,815 [pool-461-thread-1] INFO  impl.RoleInfo (RoleInfo.java:updateAndGet(143)) - 54172fe4-c822-464b-9b19-b53f6a732349: start FollowerState
2019-08-30 08:03:57,815 [pool-461-thread-1] INFO  util.JmxRegister (JmxRegister.java:tryRegister(44)) - Successfully registered JMX Bean with object name Ratis:service=RaftServer,group=group-E04E7EB1871C,id=54172fe4-c822-464b-9b19-b53f6a732349
2019-08-30 08:03:57,821 [RatisPipelineUtilsThread] INFO  pipeline.PipelineStateManager (PipelineStateManager.java:addPipeline(56)) - Created pipeline Pipeline[ Id: b1c94aab-e051-42b6-8c06-e04e7eb1871c, Nodes: 54172fe4-c822-464b-9b19-b53f6a732349{ip: 192.168.5.184, host: pr-hdds-1569-g97bt-2511755227, networkLocation: /default-rack, certSerialId: null}, Type:RATIS, Factor:ONE, State:OPEN]
2019-08-30 08:03:57,831 [grpc-default-executor-7] INFO  impl.RaftServerProxy (RaftServerProxy.java:addNew(89)) - b02d5434-9006-43db-863d-3b3a4b7891d5: addNew group-2D46FCC2CACD:[6a7c8852-17d8-4446-bc4c-67410121ad93:192.168.5.184:42040, 54172fe4-c822-464b-9b19-b53f6a732349:192.168.5.184:42780, b02d5434-9006-43db-863d-3b3a4b7891d5:192.168.5.184:43754] returns group-2D46FCC2CACD:java.util.concurrent.CompletableFuture@78dc1cc5[Not completed]
2019-08-30 08:03:57,831 [grpc-default-executor-8] INFO  impl.RaftServerProxy (RaftServerProxy.java:addNew(89)) - 54172fe4-c822-464b-9b19-b53f6a732349: addNew group-2D46FCC2CACD:[6a7c8852-17d8-4446-bc4c-67410121ad93:192.168.5.184:42040, 54172fe4-c822-464b-9b19-b53f6a732349:192.168.5.184:42780, b02d5434-9006-43db-863d-3b3a4b7891d5:192.168.5.184:43754] returns group-2D46FCC2CACD:java.util.concurrent.CompletableFuture@33667c4[Not completed]
2019-08-30 08:03:57,831 [grpc-default-executor-1] INFO  impl.RaftServerProxy (RaftServerProxy.java:addNew(89)) - 6a7c8852-17d8-4446-bc4c-67410121ad93: addNew group-2D46FCC2CACD:[6a7c8852-17d8-4446-bc4c-67410121ad93:192.168.5.184:42040, 54172fe4-c822-464b-9b19-b53f6a732349:192.168.5.184:42780, b02d5434-9006-43db-863d-3b3a4b7891d5:192.168.5.184:43754] returns group-2D46FCC2CACD:java.util.concurrent.CompletableFuture@9d73c9d[Not completed]
2019-08-30 08:03:57,832 [pool-439-thread-1] INFO  impl.RaftServerImpl (RaftServerImpl.java:<init>(93)) - b02d5434-9006-43db-863d-3b3a4b7891d5: new RaftServerImpl for group-2D46FCC2CACD:[6a7c8852-17d8-4446-bc4c-67410121ad93:192.168.5.184:42040, 54172fe4-c822-464b-9b19-b53f6a732349:192.168.5.184:42780, b02d5434-9006-43db-863d-3b3a4b7891d5:192.168.5.184:43754] with ContainerStateMachine:uninitialized
2019-08-30 08:03:57,832 [pool-439-thread-1] INFO  server.RaftServerConfigKeys (ConfUtils.java:logGet(43)) - raft.server.rpc.timeout.min = 5s (custom)
2019-08-30 08:03:57,833 [pool-439-thread-1] INFO  server.RaftServerConfigKeys (ConfUtils.java:logGet(43)) - raft.server.rpc.timeout.max = 5200ms (custom)
2019-08-30 08:03:57,833 [pool-439-thread-1] INFO  server.RaftServerConfigKeys (ConfUtils.java:logGet(43)) - raft.server.rpcslowness.timeout = 120s (custom)
2019-08-30 08:03:57,833 [pool-461-thread-1] INFO  impl.RaftServerImpl (RaftServerImpl.java:<init>(93)) - 54172fe4-c822-464b-9b19-b53f6a732349: new RaftServerImpl for group-2D46FCC2CACD:[6a7c8852-17d8-4446-bc4c-67410121ad93:192.168.5.184:42040, 54172fe4-c822-464b-9b19-b53f6a732349:192.168.5.184:42780, b02d5434-9006-43db-863d-3b3a4b7891d5:192.168.5.184:43754] with ContainerStateMachine:uninitialized
2019-08-30 08:03:57,833 [pool-439-thread-1] INFO  server.RaftServerConfigKeys (ConfUtils.java:logGet(43)) - raft.server.sleep.deviation.threshold = 300 (default)
2019-08-30 08:03:57,833 [pool-461-thread-1] INFO  server.RaftServerConfigKeys (ConfUtils.java:logGet(43)) - raft.server.rpc.timeout.min = 5s (custom)
2019-08-30 08:03:57,833 [pool-439-thread-1] INFO  server.RaftServerConfigKeys (ConfUtils.java:logGet(43)) - raft.server.log.appender.install.snapshot.enabled = false (custom)
2019-08-30 08:03:57,833 [pool-450-thread-1] INFO  impl.RaftServerImpl (RaftServerImpl.java:<init>(93)) - 6a7c8852-17d8-4446-bc4c-67410121ad93: new RaftServerImpl for group-2D46FCC2CACD:[6a7c8852-17d8-4446-bc4c-67410121ad93:192.168.5.184:42040, 54172fe4-c822-464b-9b19-b53f6a732349:192.168.5.184:42780, b02d5434-9006-43db-863d-3b3a4b7891d5:192.168.5.184:43754] with ContainerStateMachine:uninitialized
2019-08-30 08:03:57,833 [pool-461-thread-1] INFO  server.RaftServerConfigKeys (ConfUtils.java:logGet(43)) - raft.server.rpc.timeout.max = 5200ms (custom)
2019-08-30 08:03:57,834 [pool-450-thread-1] INFO  server.RaftServerConfigKeys (ConfUtils.java:logGet(43)) - raft.server.rpc.timeout.min = 5s (custom)
2019-08-30 08:03:57,834 [pool-439-thread-1] INFO  impl.RaftServerImpl (ServerState.java:<init>(105)) - b02d5434-9006-43db-863d-3b3a4b7891d5:group-2D46FCC2CACD ConfigurationManager, init=-1: [6a7c8852-17d8-4446-bc4c-67410121ad93:192.168.5.184:42040, 54172fe4-c822-464b-9b19-b53f6a732349:192.168.5.184:42780, b02d5434-9006-43db-863d-3b3a4b7891d5:192.168.5.184:43754], old=null, confs=<EMPTY_MAP>
2019-08-30 08:03:57,834 [pool-450-thread-1] INFO  server.RaftServerConfigKeys (ConfUtils.java:logGet(43)) - raft.server.rpc.timeout.max = 5200ms (custom)
2019-08-30 08:03:57,834 [pool-461-thread-1] INFO  server.RaftServerConfigKeys (ConfUtils.java:logGet(43)) - raft.server.rpcslowness.timeout = 120s (custom)
2019-08-30 08:03:57,834 [pool-450-thread-1] INFO  server.RaftServerConfigKeys (ConfUtils.java:logGet(43)) - raft.server.rpcslowness.timeout = 120s (custom)
2019-08-30 08:03:57,835 [pool-450-thread-1] INFO  server.RaftServerConfigKeys (ConfUtils.java:logGet(43)) - raft.server.sleep.deviation.threshold = 300 (default)
2019-08-30 08:03:57,834 [pool-439-thread-1] INFO  server.RaftServerConfigKeys (ConfUtils.java:logGet(43)) - raft.server.storage.dir = [/workdir/hadoop-ozone/integration-test/target/test-dir/MiniOzoneClusterImpl-0a678d0b-345d-45b6-820b-f96c3cc761ae/datanode-0/data/ratis] (custom)
2019-08-30 08:03:57,835 [pool-450-thread-1] INFO  server.RaftServerConfigKeys (ConfUtils.java:logGet(43)) - raft.server.log.appender.install.snapshot.enabled = false (custom)
2019-08-30 08:03:57,834 [pool-461-thread-1] INFO  server.RaftServerConfigKeys (ConfUtils.java:logGet(43)) - raft.server.sleep.deviation.threshold = 300 (default)
2019-08-30 08:03:57,835 [pool-439-thread-1] INFO  storage.RaftStorageDirectory (RaftStorageDirectory.java:analyzeStorage(246)) - The storage directory /workdir/hadoop-ozone/integration-test/target/test-dir/MiniOzoneClusterImpl-0a678d0b-345d-45b6-820b-f96c3cc761ae/datanode-0/data/ratis/ae97209f-a6bd-4238-be2a-2d46fcc2cacd does not exist. Creating ...
2019-08-30 08:03:57,835 [pool-450-thread-1] INFO  impl.RaftServerImpl (ServerState.java:<init>(105)) - 6a7c8852-17d8-4446-bc4c-67410121ad93:group-2D46FCC2CACD ConfigurationManager, init=-1: [6a7c8852-17d8-4446-bc4c-67410121ad93:192.168.5.184:42040, 54172fe4-c822-464b-9b19-b53f6a732349:192.168.5.184:42780, b02d5434-9006-43db-863d-3b3a4b7891d5:192.168.5.184:43754], old=null, confs=<EMPTY_MAP>
2019-08-30 08:03:57,835 [pool-461-thread-1] INFO  server.RaftServerConfigKeys (ConfUtils.java:logGet(43)) - raft.server.log.appender.install.snapshot.enabled = false (custom)
2019-08-30 08:03:57,836 [pool-450-thread-1] INFO  server.RaftServerConfigKeys (ConfUtils.java:logGet(43)) - raft.server.storage.dir = [/workdir/hadoop-ozone/integration-test/target/test-dir/MiniOzoneClusterImpl-0a678d0b-345d-45b6-820b-f96c3cc761ae/datanode-1/data/ratis] (custom)
2019-08-30 08:03:57,836 [pool-461-thread-1] INFO  impl.RaftServerImpl (ServerState.java:<init>(105)) - 54172fe4-c822-464b-9b19-b53f6a732349:group-2D46FCC2CACD ConfigurationManager, init=-1: [6a7c8852-17d8-4446-bc4c-67410121ad93:192.168.5.184:42040, 54172fe4-c822-464b-9b19-b53f6a732349:192.168.5.184:42780, b02d5434-9006-43db-863d-3b3a4b7891d5:192.168.5.184:43754], old=null, confs=<EMPTY_MAP>
2019-08-30 08:03:57,836 [pool-461-thread-1] INFO  server.RaftServerConfigKeys (ConfUtils.java:logGet(43)) - raft.server.storage.dir = [/workdir/hadoop-ozone/integration-test/target/test-dir/MiniOzoneClusterImpl-0a678d0b-345d-45b6-820b-f96c3cc761ae/datanode-2/data/ratis] (custom)
2019-08-30 08:03:57,836 [pool-450-thread-1] INFO  storage.RaftStorageDirectory (RaftStorageDirectory.java:analyzeStorage(246)) - The storage directory /workdir/hadoop-ozone/integration-test/target/test-dir/MiniOzoneClusterImpl-0a678d0b-345d-45b6-820b-f96c3cc761ae/datanode-1/data/ratis/ae97209f-a6bd-4238-be2a-2d46fcc2cacd does not exist. Creating ...
2019-08-30 08:03:57,837 [pool-461-thread-1] INFO  storage.RaftStorageDirectory (RaftStorageDirectory.java:analyzeStorage(246)) - The storage directory /workdir/hadoop-ozone/integration-test/target/test-dir/MiniOzoneClusterImpl-0a678d0b-345d-45b6-820b-f96c3cc761ae/datanode-2/data/ratis/ae97209f-a6bd-4238-be2a-2d46fcc2cacd does not exist. Creating ...
2019-08-30 08:03:57,885 [pool-450-thread-1] INFO  storage.RaftStorageDirectory (RaftStorageDirectory.java:tryLock(328)) - Lock on /workdir/hadoop-ozone/integration-test/target/test-dir/MiniOzoneClusterImpl-0a678d0b-345d-45b6-820b-f96c3cc761ae/datanode-1/data/ratis/ae97209f-a6bd-4238-be2a-2d46fcc2cacd/in_use.lock acquired by nodename 28957@pr-hdds-1569-g97bt-2511755227
2019-08-30 08:03:57,885 [pool-461-thread-1] INFO  storage.RaftStorageDirectory (RaftStorageDirectory.java:tryLock(328)) - Lock on /workdir/hadoop-ozone/integration-test/target/test-dir/MiniOzoneClusterImpl-0a678d0b-345d-45b6-820b-f96c3cc761ae/datanode-2/data/ratis/ae97209f-a6bd-4238-be2a-2d46fcc2cacd/in_use.lock acquired by nodename 28957@pr-hdds-1569-g97bt-2511755227
2019-08-30 08:03:57,885 [pool-439-thread-1] INFO  storage.RaftStorageDirectory (RaftStorageDirectory.java:tryLock(328)) - Lock on /workdir/hadoop-ozone/integration-test/target/test-dir/MiniOzoneClusterImpl-0a678d0b-345d-45b6-820b-f96c3cc761ae/datanode-0/data/ratis/ae97209f-a6bd-4238-be2a-2d46fcc2cacd/in_use.lock acquired by nodename 28957@pr-hdds-1569-g97bt-2511755227
2019-08-30 08:03:57,939 [pool-450-thread-1] INFO  storage.RaftStorage (RaftStorage.java:format(72)) - Storage directory /workdir/hadoop-ozone/integration-test/target/test-dir/MiniOzoneClusterImpl-0a678d0b-345d-45b6-820b-f96c3cc761ae/datanode-1/data/ratis/ae97209f-a6bd-4238-be2a-2d46fcc2cacd has been successfully formatted.
2019-08-30 08:03:57,939 [pool-439-thread-1] INFO  storage.RaftStorage (RaftStorage.java:format(72)) - Storage directory /workdir/hadoop-ozone/integration-test/target/test-dir/MiniOzoneClusterImpl-0a678d0b-345d-45b6-820b-f96c3cc761ae/datanode-0/data/ratis/ae97209f-a6bd-4238-be2a-2d46fcc2cacd has been successfully formatted.
2019-08-30 08:03:57,939 [pool-450-thread-1] INFO  ratis.ContainerStateMachine (ContainerStateMachine.java:loadSnapshot(226)) - group-2D46FCC2CACD: The snapshot info is null. Setting the last applied indexto:(t:0, i:~)
2019-08-30 08:03:57,939 [pool-461-thread-1] INFO  storage.RaftStorage (RaftStorage.java:format(72)) - Storage directory /workdir/hadoop-ozone/integration-test/target/test-dir/MiniOzoneClusterImpl-0a678d0b-345d-45b6-820b-f96c3cc761ae/datanode-2/data/ratis/ae97209f-a6bd-4238-be2a-2d46fcc2cacd has been successfully formatted.
2019-08-30 08:03:57,940 [pool-439-thread-1] INFO  ratis.ContainerStateMachine (ContainerStateMachine.java:loadSnapshot(226)) - group-2D46FCC2CACD: The snapshot info is null. Setting the last applied indexto:(t:0, i:~)
2019-08-30 08:03:57,940 [pool-450-thread-1] INFO  server.RaftServerConfigKeys (ConfUtils.java:logGet(43)) - raft.server.leader.election.timeout = 120s (custom)
2019-08-30 08:03:57,940 [pool-439-thread-1] INFO  server.RaftServerConfigKeys (ConfUtils.java:logGet(43)) - raft.server.leader.election.timeout = 120s (custom)
2019-08-30 08:03:57,940 [pool-461-thread-1] INFO  ratis.ContainerStateMachine (ContainerStateMachine.java:loadSnapshot(226)) - group-2D46FCC2CACD: The snapshot info is null. Setting the last applied indexto:(t:0, i:~)
2019-08-30 08:03:57,940 [pool-439-thread-1] INFO  server.RaftServerConfigKeys (ConfUtils.java:logGet(43)) - raft.server.log.use.memory = false (default)
2019-08-30 08:03:57,940 [pool-450-thread-1] INFO  server.RaftServerConfigKeys (ConfUtils.java:logGet(43)) - raft.server.log.use.memory = false (default)
2019-08-30 08:03:57,941 [pool-439-thread-1] INFO  server.RaftServerConfigKeys (ConfUtils.java:logGet(43)) - raft.server.log.purge.gap = 1000000 (custom)
2019-08-30 08:03:57,940 [pool-461-thread-1] INFO  server.RaftServerConfigKeys (ConfUtils.java:logGet(43)) - raft.server.leader.election.timeout = 120s (custom)
2019-08-30 08:03:57,941 [pool-439-thread-1] INFO  server.RaftServerConfigKeys (ConfUtils.java:logGet(43)) - raft.server.log.appender.buffer.byte-limit = 33554432 (custom)
2019-08-30 08:03:57,941 [pool-450-thread-1] INFO  server.RaftServerConfigKeys (ConfUtils.java:logGet(43)) - raft.server.log.purge.gap = 1000000 (custom)
2019-08-30 08:03:57,941 [pool-439-thread-1] INFO  server.RaftServerConfigKeys (ConfUtils.java:logGet(43)) - raft.server.log.segment.size.max = 1048576 (custom)
2019-08-30 08:03:57,941 [pool-461-thread-1] INFO  server.RaftServerConfigKeys (ConfUtils.java:logGet(43)) - raft.server.log.use.memory = false (default)
2019-08-30 08:03:57,941 [pool-439-thread-1] INFO  server.RaftServerConfigKeys (ConfUtils.java:logGet(43)) - raft.server.log.segment.cache.num.max = 2 (custom)
2019-08-30 08:03:57,941 [pool-450-thread-1] INFO  server.RaftServerConfigKeys (ConfUtils.java:logGet(43)) - raft.server.log.appender.buffer.byte-limit = 33554432 (custom)
2019-08-30 08:03:57,942 [pool-439-thread-1] INFO  segmented.SegmentedRaftLogWorker (SegmentedRaftLogWorker.java:<init>(172)) - new b02d5434-9006-43db-863d-3b3a4b7891d5-SegmentedRaftLogWorker:Storage Directory /workdir/hadoop-ozone/integration-test/target/test-dir/MiniOzoneClusterImpl-0a678d0b-345d-45b6-820b-f96c3cc761ae/datanode-0/data/ratis/ae97209f-a6bd-4238-be2a-2d46fcc2cacd for RaftStorage:Storage Directory /workdir/hadoop-ozone/integration-test/target/test-dir/MiniOzoneClusterImpl-0a678d0b-345d-45b6-820b-f96c3cc761ae/datanode-0/data/ratis/ae97209f-a6bd-4238-be2a-2d46fcc2cacd
2019-08-30 08:03:57,941 [pool-461-thread-1] INFO  server.RaftServerConfigKeys (ConfUtils.java:logGet(43)) - raft.server.log.purge.gap = 1000000 (custom)
2019-08-30 08:03:57,942 [pool-439-thread-1] INFO  server.RaftServerConfigKeys (ConfUtils.java:logGet(43)) - raft.server.log.queue.byte-limit = 2147483647 (custom)
2019-08-30 08:03:57,942 [pool-450-thread-1] INFO  server.RaftServerConfigKeys (ConfUtils.java:logGet(43)) - raft.server.log.segment.size.max = 1048576 (custom)
2019-08-30 08:03:57,942 [pool-439-thread-1] INFO  server.RaftServerConfigKeys (ConfUtils.java:logGet(43)) - raft.server.log.queue.element-limit = 1024 (custom)
2019-08-30 08:03:57,942 [pool-461-thread-1] INFO  server.RaftServerConfigKeys (ConfUtils.java:logGet(43)) - raft.server.log.appender.buffer.byte-limit = 33554432 (custom)
2019-08-30 08:03:57,942 [pool-439-thread-1] INFO  server.RaftServerConfigKeys (ConfUtils.java:logGet(43)) - raft.server.log.segment.size.max = 1048576 (custom)
2019-08-30 08:03:57,942 [pool-450-thread-1] INFO  server.RaftServerConfigKeys (ConfUtils.java:logGet(43)) - raft.server.log.segment.cache.num.max = 2 (custom)
2019-08-30 08:03:57,943 [pool-439-thread-1] INFO  server.RaftServerConfigKeys (ConfUtils.java:logGet(43)) - raft.server.log.preallocated.size = 16384 (custom)
2019-08-30 08:03:57,942 [pool-461-thread-1] INFO  server.RaftServerConfigKeys (ConfUtils.java:logGet(43)) - raft.server.log.segment.size.max = 1048576 (custom)
2019-08-30 08:03:57,943 [pool-439-thread-1] INFO  server.RaftServerConfigKeys (ConfUtils.java:logGet(43)) - raft.server.log.write.buffer.size = 33554432 (custom)
2019-08-30 08:03:57,943 [pool-450-thread-1] INFO  segmented.SegmentedRaftLogWorker (SegmentedRaftLogWorker.java:<init>(172)) - new 6a7c8852-17d8-4446-bc4c-67410121ad93-SegmentedRaftLogWorker:Storage Directory /workdir/hadoop-ozone/integration-test/target/test-dir/MiniOzoneClusterImpl-0a678d0b-345d-45b6-820b-f96c3cc761ae/datanode-1/data/ratis/ae97209f-a6bd-4238-be2a-2d46fcc2cacd for RaftStorage:Storage Directory /workdir/hadoop-ozone/integration-test/target/test-dir/MiniOzoneClusterImpl-0a678d0b-345d-45b6-820b-f96c3cc761ae/datanode-1/data/ratis/ae97209f-a6bd-4238-be2a-2d46fcc2cacd
2019-08-30 08:03:57,943 [pool-439-thread-1] INFO  server.RaftServerConfigKeys (ConfUtils.java:logGet(43)) - raft.server.log.force.sync.num = 128 (default)
2019-08-30 08:03:57,943 [pool-461-thread-1] INFO  server.RaftServerConfigKeys (ConfUtils.java:logGet(43)) - raft.server.log.segment.cache.num.max = 2 (custom)
2019-08-30 08:03:57,943 [pool-439-thread-1] INFO  server.RaftServerConfigKeys (ConfUtils.java:logGet(43)) - raft.server.log.statemachine.data.sync = true (default)
2019-08-30 08:03:57,943 [pool-450-thread-1] INFO  server.RaftServerConfigKeys (ConfUtils.java:logGet(43)) - raft.server.log.queue.byte-limit = 2147483647 (custom)
2019-08-30 08:03:57,944 [pool-439-thread-1] INFO  server.RaftServerConfigKeys (ConfUtils.java:logGet(43)) - raft.server.log.statemachine.data.sync.timeout = 10s (default)
2019-08-30 08:03:57,944 [pool-461-thread-1] INFO  segmented.SegmentedRaftLogWorker (SegmentedRaftLogWorker.java:<init>(172)) - new 54172fe4-c822-464b-9b19-b53f6a732349-SegmentedRaftLogWorker:Storage Directory /workdir/hadoop-ozone/integration-test/target/test-dir/MiniOzoneClusterImpl-0a678d0b-345d-45b6-820b-f96c3cc761ae/datanode-2/data/ratis/ae97209f-a6bd-4238-be2a-2d46fcc2cacd for RaftStorage:Storage Directory /workdir/hadoop-ozone/integration-test/target/test-dir/MiniOzoneClusterImpl-0a678d0b-345d-45b6-820b-f96c3cc761ae/datanode-2/data/ratis/ae97209f-a6bd-4238-be2a-2d46fcc2cacd
2019-08-30 08:03:57,944 [pool-439-thread-1] INFO  server.RaftServerConfigKeys (ConfUtils.java:logGet(43)) - raft.server.log.statemachine.data.sync.timeout.retry = -1 (default)
2019-08-30 08:03:57,944 [pool-450-thread-1] INFO  server.RaftServerConfigKeys (ConfUtils.java:logGet(43)) - raft.server.log.queue.element-limit = 1024 (custom)
2019-08-30 08:03:57,944 [pool-461-thread-1] INFO  server.RaftServerConfigKeys (ConfUtils.java:logGet(43)) - raft.server.log.queue.byte-limit = 2147483647 (custom)
2019-08-30 08:03:57,944 [pool-450-thread-1] INFO  server.RaftServerConfigKeys (ConfUtils.java:logGet(43)) - raft.server.log.segment.size.max = 1048576 (custom)
2019-08-30 08:03:57,945 [pool-450-thread-1] INFO  server.RaftServerConfigKeys (ConfUtils.java:logGet(43)) - raft.server.log.preallocated.size = 16384 (custom)
2019-08-30 08:03:57,944 [pool-439-thread-1] INFO  server.RaftServerConfigKeys (ConfUtils.java:logGet(43)) - raft.server.log.statemachine.data.caching.enabled = true (custom)
2019-08-30 08:03:57,945 [pool-450-thread-1] INFO  server.RaftServerConfigKeys (ConfUtils.java:logGet(43)) - raft.server.log.write.buffer.size = 33554432 (custom)
2019-08-30 08:03:57,945 [pool-450-thread-1] INFO  server.RaftServerConfigKeys (ConfUtils.java:logGet(43)) - raft.server.log.force.sync.num = 128 (default)
2019-08-30 08:03:57,945 [pool-461-thread-1] INFO  server.RaftServerConfigKeys (ConfUtils.java:logGet(43)) - raft.server.log.queue.element-limit = 1024 (custom)
2019-08-30 08:03:57,945 [pool-439-thread-1] INFO  segmented.SegmentedRaftLogWorker (SegmentedRaftLogWorker.java:lambda$new$0(132)) - b02d5434-9006-43db-863d-3b3a4b7891d5-SegmentedRaftLogWorker:Storage Directory /workdir/hadoop-ozone/integration-test/target/test-dir/MiniOzoneClusterImpl-0a678d0b-345d-45b6-820b-f96c3cc761ae/datanode-0/data/ratis/ae97209f-a6bd-4238-be2a-2d46fcc2cacd: flushIndex: setUnconditionally 0 -> -1
2019-08-30 08:03:57,945 [pool-450-thread-1] INFO  server.RaftServerConfigKeys (ConfUtils.java:logGet(43)) - raft.server.log.statemachine.data.sync = true (default)
2019-08-30 08:03:57,945 [pool-461-thread-1] INFO  server.RaftServerConfigKeys (ConfUtils.java:logGet(43)) - raft.server.log.segment.size.max = 1048576 (custom)
2019-08-30 08:03:57,946 [pool-450-thread-1] INFO  server.RaftServerConfigKeys (ConfUtils.java:logGet(43)) - raft.server.log.statemachine.data.sync.timeout = 10s (default)
2019-08-30 08:03:57,946 [pool-439-thread-1] INFO  server.RaftServerConfigKeys (ConfUtils.java:logGet(43)) - raft.server.snapshot.auto.trigger.enabled = true (custom)
2019-08-30 08:03:57,946 [pool-461-thread-1] INFO  server.RaftServerConfigKeys (ConfUtils.java:logGet(43)) - raft.server.log.preallocated.size = 16384 (custom)
2019-08-30 08:03:57,946 [IPC Server handler 2 on 38541] INFO  net.NetworkTopology (NetworkTopologyImpl.java:add(110)) - Added a new node: /default-rack/0e927250-a3c1-4323-8ecd-88ceb047c264
2019-08-30 08:03:57,946 [pool-439-thread-1] INFO  server.RaftServerConfigKeys (ConfUtils.java:logGet(43)) - raft.server.snapshot.auto.trigger.threshold = 10000 (custom)
2019-08-30 08:03:57,946 [pool-450-thread-1] INFO  server.RaftServerConfigKeys (ConfUtils.java:logGet(43)) - raft.server.log.statemachine.data.sync.timeout.retry = -1 (default)
2019-08-30 08:03:57,947 [pool-439-thread-1] INFO  server.RaftServerConfigKeys (ConfUtils.java:logGet(43)) - raft.server.retrycache.expirytime = 600000ms (custom)
2019-08-30 08:03:57,946 [IPC Server handler 2 on 38541] INFO  node.SCMNodeManager (SCMNodeManager.java:register(274)) - Registered Data node : 0e927250-a3c1-4323-8ecd-88ceb047c264{ip: 192.168.5.184, host: pr-hdds-1569-g97bt-2511755227, networkLocation: /default-rack, certSerialId: null}
2019-08-30 08:03:57,947 [pool-439-thread-1] INFO  impl.RaftServerImpl (RaftServerImpl.java:start(180)) - b02d5434-9006-43db-863d-3b3a4b7891d5: start group-2D46FCC2CACD
2019-08-30 08:03:57,947 | INFO  | SCMAudit | user=jenkins1000 | ip=192.168.5.184 | op=REGISTER {datanodeDetails=0e927250-a3c1-4323-8ecd-88ceb047c264{ip: 192.168.5.184, host: pr-hdds-1569-g97bt-2511755227, networkLocation: /default-rack, certSerialId: null}} | ret=SUCCESS |  
2019-08-30 08:03:57,946 [pool-461-thread-1] INFO  server.RaftServerConfigKeys (ConfUtils.java:logGet(43)) - raft.server.log.write.buffer.size = 33554432 (custom)
2019-08-30 08:03:57,947 [pool-439-thread-1] INFO  impl.RaftServerImpl (RaftServerImpl.java:setRole(171)) - b02d5434-9006-43db-863d-3b3a4b7891d5:group-2D46FCC2CACD changes role from null to FOLLOWER at term 0 for startAsFollower
2019-08-30 08:03:57,947 [pool-450-thread-1] INFO  server.RaftServerConfigKeys (ConfUtils.java:logGet(43)) - raft.server.log.statemachine.data.caching.enabled = true (custom)
2019-08-30 08:03:57,947 [pool-439-thread-1] INFO  impl.RoleInfo (RoleInfo.java:updateAndGet(143)) - b02d5434-9006-43db-863d-3b3a4b7891d5: start FollowerState
2019-08-30 08:03:57,947 [pool-461-thread-1] INFO  server.RaftServerConfigKeys (ConfUtils.java:logGet(43)) - raft.server.log.force.sync.num = 128 (default)
2019-08-30 08:03:57,948 [pool-450-thread-1] INFO  segmented.SegmentedRaftLogWorker (SegmentedRaftLogWorker.java:lambda$new$0(132)) - 6a7c8852-17d8-4446-bc4c-67410121ad93-SegmentedRaftLogWorker:Storage Directory /workdir/hadoop-ozone/integration-test/target/test-dir/MiniOzoneClusterImpl-0a678d0b-345d-45b6-820b-f96c3cc761ae/datanode-1/data/ratis/ae97209f-a6bd-4238-be2a-2d46fcc2cacd: flushIndex: setUnconditionally 0 -> -1
2019-08-30 08:03:57,948 [pool-461-thread-1] INFO  server.RaftServerConfigKeys (ConfUtils.java:logGet(43)) - raft.server.log.statemachine.data.sync = true (default)
2019-08-30 08:03:57,948 [pool-461-thread-1] INFO  server.RaftServerConfigKeys (ConfUtils.java:logGet(43)) - raft.server.log.statemachine.data.sync.timeout = 10s (default)
2019-08-30 08:03:57,948 [pool-450-thread-1] INFO  server.RaftServerConfigKeys (ConfUtils.java:logGet(43)) - raft.server.snapshot.auto.trigger.enabled = true (custom)
2019-08-30 08:03:57,948 [pool-439-thread-1] INFO  util.JmxRegister (JmxRegister.java:tryRegister(44)) - Successfully registered JMX Bean with object name Ratis:service=RaftServer,group=group-2D46FCC2CACD,id=b02d5434-9006-43db-863d-3b3a4b7891d5
2019-08-30 08:03:57,948 [pool-450-thread-1] INFO  server.RaftServerConfigKeys (ConfUtils.java:logGet(43)) - raft.server.snapshot.auto.trigger.threshold = 10000 (custom)
2019-08-30 08:03:57,948 [pool-461-thread-1] INFO  server.RaftServerConfigKeys (ConfUtils.java:logGet(43)) - raft.server.log.statemachine.data.sync.timeout.retry = -1 (default)
2019-08-30 08:03:57,949 [pool-450-thread-1] INFO  server.RaftServerConfigKeys (ConfUtils.java:logGet(43)) - raft.server.retrycache.expirytime = 600000ms (custom)
2019-08-30 08:03:57,949 [pool-461-thread-1] INFO  server.RaftServerConfigKeys (ConfUtils.java:logGet(43)) - raft.server.log.statemachine.data.caching.enabled = true (custom)
2019-08-30 08:03:57,949 [pool-450-thread-1] INFO  impl.RaftServerImpl (RaftServerImpl.java:start(180)) - 6a7c8852-17d8-4446-bc4c-67410121ad93: start group-2D46FCC2CACD
2019-08-30 08:03:57,949 [pool-450-thread-1] INFO  impl.RaftServerImpl (RaftServerImpl.java:setRole(171)) - 6a7c8852-17d8-4446-bc4c-67410121ad93:group-2D46FCC2CACD changes role from null to FOLLOWER at term 0 for startAsFollower
2019-08-30 08:03:57,949 [pool-461-thread-1] INFO  segmented.SegmentedRaftLogWorker (SegmentedRaftLogWorker.java:lambda$new$0(132)) - 54172fe4-c822-464b-9b19-b53f6a732349-SegmentedRaftLogWorker:Storage Directory /workdir/hadoop-ozone/integration-test/target/test-dir/MiniOzoneClusterImpl-0a678d0b-345d-45b6-820b-f96c3cc761ae/datanode-2/data/ratis/ae97209f-a6bd-4238-be2a-2d46fcc2cacd: flushIndex: setUnconditionally 0 -> -1
2019-08-30 08:03:57,949 [pool-450-thread-1] INFO  impl.RoleInfo (RoleInfo.java:updateAndGet(143)) - 6a7c8852-17d8-4446-bc4c-67410121ad93: start FollowerState
2019-08-30 08:03:57,949 [pool-461-thread-1] INFO  server.RaftServerConfigKeys (ConfUtils.java:logGet(43)) - raft.server.snapshot.auto.trigger.enabled = true (custom)
2019-08-30 08:03:57,950 [pool-461-thread-1] INFO  server.RaftServerConfigKeys (ConfUtils.java:logGet(43)) - raft.server.snapshot.auto.trigger.threshold = 10000 (custom)
2019-08-30 08:03:57,953 [pool-450-thread-1] INFO  util.JmxRegister (JmxRegister.java:tryRegister(44)) - Successfully registered JMX Bean with object name Ratis:service=RaftServer,group=group-2D46FCC2CACD,id=6a7c8852-17d8-4446-bc4c-67410121ad93
2019-08-30 08:03:57,953 [pool-461-thread-1] INFO  server.RaftServerConfigKeys (ConfUtils.java:logGet(43)) - raft.server.retrycache.expirytime = 600000ms (custom)
2019-08-30 08:03:57,954 [pool-461-thread-1] INFO  impl.RaftServerImpl (RaftServerImpl.java:start(180)) - 54172fe4-c822-464b-9b19-b53f6a732349: start group-2D46FCC2CACD
2019-08-30 08:03:57,954 [pool-461-thread-1] INFO  impl.RaftServerImpl (RaftServerImpl.java:setRole(171)) - 54172fe4-c822-464b-9b19-b53f6a732349:group-2D46FCC2CACD changes role from null to FOLLOWER at term 0 for startAsFollower
2019-08-30 08:03:57,954 [pool-461-thread-1] INFO  impl.RoleInfo (RoleInfo.java:updateAndGet(143)) - 54172fe4-c822-464b-9b19-b53f6a732349: start FollowerState
2019-08-30 08:03:57,954 [pool-461-thread-1] INFO  util.JmxRegister (JmxRegister.java:tryRegister(44)) - Successfully registered JMX Bean with object name Ratis:service=RaftServer,group=group-2D46FCC2CACD,id=54172fe4-c822-464b-9b19-b53f6a732349
2019-08-30 08:03:57,961 [RatisPipelineUtilsThread] INFO  pipeline.PipelineStateManager (PipelineStateManager.java:addPipeline(56)) - Created pipeline Pipeline[ Id: ae97209f-a6bd-4238-be2a-2d46fcc2cacd, Nodes: 54172fe4-c822-464b-9b19-b53f6a732349{ip: 192.168.5.184, host: pr-hdds-1569-g97bt-2511755227, networkLocation: /default-rack, certSerialId: null}b02d5434-9006-43db-863d-3b3a4b7891d5{ip: 192.168.5.184, host: pr-hdds-1569-g97bt-2511755227, networkLocation: /default-rack, certSerialId: null}6a7c8852-17d8-4446-bc4c-67410121ad93{ip: 192.168.5.184, host: pr-hdds-1569-g97bt-2511755227, networkLocation: /default-rack, certSerialId: null}, Type:RATIS, Factor:THREE, State:OPEN]
2019-08-30 08:03:58,167 [IPC Server handler 3 on 38541] INFO  net.NetworkTopology (NetworkTopologyImpl.java:add(110)) - Added a new node: /default-rack/fed6186c-90e1-4c5c-ac3c-62fdedc4e65b
2019-08-30 08:03:58,167 [IPC Server handler 3 on 38541] INFO  node.SCMNodeManager (SCMNodeManager.java:register(274)) - Registered Data node : fed6186c-90e1-4c5c-ac3c-62fdedc4e65b{ip: 192.168.5.184, host: pr-hdds-1569-g97bt-2511755227, networkLocation: /default-rack, certSerialId: null}
2019-08-30 08:03:58,168 | INFO  | SCMAudit | user=jenkins1000 | ip=192.168.5.184 | op=REGISTER {datanodeDetails=fed6186c-90e1-4c5c-ac3c-62fdedc4e65b{ip: 192.168.5.184, host: pr-hdds-1569-g97bt-2511755227, networkLocation: /default-rack, certSerialId: null}} | ret=SUCCESS |  
2019-08-30 08:03:58,177 [grpc-default-executor-1] INFO  impl.RaftServerProxy (RaftServerProxy.java:addNew(89)) - 0e927250-a3c1-4323-8ecd-88ceb047c264: addNew group-56061D4A29EE:[0e927250-a3c1-4323-8ecd-88ceb047c264:192.168.5.184:41239] returns group-56061D4A29EE:java.util.concurrent.CompletableFuture@7102b09c[Not completed]
2019-08-30 08:03:58,179 [pool-472-thread-1] INFO  impl.RaftServerImpl (RaftServerImpl.java:<init>(93)) - 0e927250-a3c1-4323-8ecd-88ceb047c264: new RaftServerImpl for group-56061D4A29EE:[0e927250-a3c1-4323-8ecd-88ceb047c264:192.168.5.184:41239] with ContainerStateMachine:uninitialized
2019-08-30 08:03:58,179 [pool-472-thread-1] INFO  server.RaftServerConfigKeys (ConfUtils.java:logGet(43)) - raft.server.rpc.timeout.min = 5s (custom)
2019-08-30 08:03:58,179 [pool-472-thread-1] INFO  server.RaftServerConfigKeys (ConfUtils.java:logGet(43)) - raft.server.rpc.timeout.max = 5200ms (custom)
2019-08-30 08:03:58,179 [pool-472-thread-1] INFO  server.RaftServerConfigKeys (ConfUtils.java:logGet(43)) - raft.server.rpcslowness.timeout = 120s (custom)
2019-08-30 08:03:58,179 [pool-472-thread-1] INFO  server.RaftServerConfigKeys (ConfUtils.java:logGet(43)) - raft.server.sleep.deviation.threshold = 300 (default)
2019-08-30 08:03:58,180 [pool-472-thread-1] INFO  server.RaftServerConfigKeys (ConfUtils.java:logGet(43)) - raft.server.log.appender.install.snapshot.enabled = false (custom)
2019-08-30 08:03:58,180 [pool-472-thread-1] INFO  impl.RaftServerImpl (ServerState.java:<init>(105)) - 0e927250-a3c1-4323-8ecd-88ceb047c264:group-56061D4A29EE ConfigurationManager, init=-1: [0e927250-a3c1-4323-8ecd-88ceb047c264:192.168.5.184:41239], old=null, confs=<EMPTY_MAP>
2019-08-30 08:03:58,180 [pool-472-thread-1] INFO  server.RaftServerConfigKeys (ConfUtils.java:logGet(43)) - raft.server.storage.dir = [/workdir/hadoop-ozone/integration-test/target/test-dir/MiniOzoneClusterImpl-0a678d0b-345d-45b6-820b-f96c3cc761ae/datanode-3/data/ratis] (custom)
2019-08-30 08:03:58,180 [pool-472-thread-1] INFO  storage.RaftStorageDirectory (RaftStorageDirectory.java:analyzeStorage(246)) - The storage directory /workdir/hadoop-ozone/integration-test/target/test-dir/MiniOzoneClusterImpl-0a678d0b-345d-45b6-820b-f96c3cc761ae/datanode-3/data/ratis/b643a610-fd7f-4668-98d9-56061d4a29ee does not exist. Creating ...
2019-08-30 08:03:58,260 [pool-472-thread-1] INFO  storage.RaftStorageDirectory (RaftStorageDirectory.java:tryLock(328)) - Lock on /workdir/hadoop-ozone/integration-test/target/test-dir/MiniOzoneClusterImpl-0a678d0b-345d-45b6-820b-f96c3cc761ae/datanode-3/data/ratis/b643a610-fd7f-4668-98d9-56061d4a29ee/in_use.lock acquired by nodename 28957@pr-hdds-1569-g97bt-2511755227
2019-08-30 08:03:58,337 [pool-472-thread-1] INFO  storage.RaftStorage (RaftStorage.java:format(72)) - Storage directory /workdir/hadoop-ozone/integration-test/target/test-dir/MiniOzoneClusterImpl-0a678d0b-345d-45b6-820b-f96c3cc761ae/datanode-3/data/ratis/b643a610-fd7f-4668-98d9-56061d4a29ee has been successfully formatted.
2019-08-30 08:03:58,337 [pool-472-thread-1] INFO  ratis.ContainerStateMachine (ContainerStateMachine.java:loadSnapshot(226)) - group-56061D4A29EE: The snapshot info is null. Setting the last applied indexto:(t:0, i:~)
2019-08-30 08:03:58,338 [pool-472-thread-1] INFO  server.RaftServerConfigKeys (ConfUtils.java:logGet(43)) - raft.server.leader.election.timeout = 120s (custom)
2019-08-30 08:03:58,338 [pool-472-thread-1] INFO  server.RaftServerConfigKeys (ConfUtils.java:logGet(43)) - raft.server.log.use.memory = false (default)
2019-08-30 08:03:58,338 [pool-472-thread-1] INFO  server.RaftServerConfigKeys (ConfUtils.java:logGet(43)) - raft.server.log.purge.gap = 1000000 (custom)
2019-08-30 08:03:58,338 [pool-472-thread-1] INFO  server.RaftServerConfigKeys (ConfUtils.java:logGet(43)) - raft.server.log.appender.buffer.byte-limit = 33554432 (custom)
2019-08-30 08:03:58,338 [pool-472-thread-1] INFO  server.RaftServerConfigKeys (ConfUtils.java:logGet(43)) - raft.server.log.segment.size.max = 1048576 (custom)
2019-08-30 08:03:58,339 [pool-472-thread-1] INFO  server.RaftServerConfigKeys (ConfUtils.java:logGet(43)) - raft.server.log.segment.cache.num.max = 2 (custom)
2019-08-30 08:03:58,339 [pool-472-thread-1] INFO  segmented.SegmentedRaftLogWorker (SegmentedRaftLogWorker.java:<init>(172)) - new 0e927250-a3c1-4323-8ecd-88ceb047c264-SegmentedRaftLogWorker:Storage Directory /workdir/hadoop-ozone/integration-test/target/test-dir/MiniOzoneClusterImpl-0a678d0b-345d-45b6-820b-f96c3cc761ae/datanode-3/data/ratis/b643a610-fd7f-4668-98d9-56061d4a29ee for RaftStorage:Storage Directory /workdir/hadoop-ozone/integration-test/target/test-dir/MiniOzoneClusterImpl-0a678d0b-345d-45b6-820b-f96c3cc761ae/datanode-3/data/ratis/b643a610-fd7f-4668-98d9-56061d4a29ee
2019-08-30 08:03:58,339 [pool-472-thread-1] INFO  server.RaftServerConfigKeys (ConfUtils.java:logGet(43)) - raft.server.log.queue.byte-limit = 2147483647 (custom)
2019-08-30 08:03:58,339 [pool-472-thread-1] INFO  server.RaftServerConfigKeys (ConfUtils.java:logGet(43)) - raft.server.log.queue.element-limit = 1024 (custom)
2019-08-30 08:03:58,340 [pool-472-thread-1] INFO  server.RaftServerConfigKeys (ConfUtils.java:logGet(43)) - raft.server.log.segment.size.max = 1048576 (custom)
2019-08-30 08:03:58,340 [pool-472-thread-1] INFO  server.RaftServerConfigKeys (ConfUtils.java:logGet(43)) - raft.server.log.preallocated.size = 16384 (custom)
2019-08-30 08:03:58,340 [pool-472-thread-1] INFO  server.RaftServerConfigKeys (ConfUtils.java:logGet(43)) - raft.server.log.write.buffer.size = 33554432 (custom)
2019-08-30 08:03:58,340 [pool-472-thread-1] INFO  server.RaftServerConfigKeys (ConfUtils.java:logGet(43)) - raft.server.log.force.sync.num = 128 (default)
2019-08-30 08:03:58,340 [pool-472-thread-1] INFO  server.RaftServerConfigKeys (ConfUtils.java:logGet(43)) - raft.server.log.statemachine.data.sync = true (default)
2019-08-30 08:03:58,341 [pool-472-thread-1] INFO  server.RaftServerConfigKeys (ConfUtils.java:logGet(43)) - raft.server.log.statemachine.data.sync.timeout = 10s (default)
2019-08-30 08:03:58,341 [pool-472-thread-1] INFO  server.RaftServerConfigKeys (ConfUtils.java:logGet(43)) - raft.server.log.statemachine.data.sync.timeout.retry = -1 (default)
2019-08-30 08:03:58,341 [pool-472-thread-1] INFO  server.RaftServerConfigKeys (ConfUtils.java:logGet(43)) - raft.server.log.statemachine.data.caching.enabled = true (custom)
2019-08-30 08:03:58,342 [pool-472-thread-1] INFO  segmented.SegmentedRaftLogWorker (SegmentedRaftLogWorker.java:lambda$new$0(132)) - 0e927250-a3c1-4323-8ecd-88ceb047c264-SegmentedRaftLogWorker:Storage Directory /workdir/hadoop-ozone/integration-test/target/test-dir/MiniOzoneClusterImpl-0a678d0b-345d-45b6-820b-f96c3cc761ae/datanode-3/data/ratis/b643a610-fd7f-4668-98d9-56061d4a29ee: flushIndex: setUnconditionally 0 -> -1
2019-08-30 08:03:58,342 [pool-472-thread-1] INFO  server.RaftServerConfigKeys (ConfUtils.java:logGet(43)) - raft.server.snapshot.auto.trigger.enabled = true (custom)
2019-08-30 08:03:58,342 [pool-472-thread-1] INFO  server.RaftServerConfigKeys (ConfUtils.java:logGet(43)) - raft.server.snapshot.auto.trigger.threshold = 10000 (custom)
2019-08-30 08:03:58,343 [pool-472-thread-1] INFO  server.RaftServerConfigKeys (ConfUtils.java:logGet(43)) - raft.server.retrycache.expirytime = 600000ms (custom)
2019-08-30 08:03:58,343 [pool-472-thread-1] INFO  impl.RaftServerImpl (RaftServerImpl.java:start(180)) - 0e927250-a3c1-4323-8ecd-88ceb047c264: start group-56061D4A29EE
2019-08-30 08:03:58,343 [pool-472-thread-1] INFO  impl.RaftServerImpl (RaftServerImpl.java:setRole(171)) - 0e927250-a3c1-4323-8ecd-88ceb047c264:group-56061D4A29EE changes role from null to FOLLOWER at term 0 for startAsFollower
2019-08-30 08:03:58,343 [pool-472-thread-1] INFO  impl.RoleInfo (RoleInfo.java:updateAndGet(143)) - 0e927250-a3c1-4323-8ecd-88ceb047c264: start FollowerState
2019-08-30 08:03:58,356 [pool-472-thread-1] INFO  util.JmxRegister (JmxRegister.java:tryRegister(44)) - Successfully registered JMX Bean with object name Ratis:service=RaftServer,group=group-56061D4A29EE,id=0e927250-a3c1-4323-8ecd-88ceb047c264
2019-08-30 08:03:58,365 [IPC Server handler 5 on 38541] INFO  net.NetworkTopology (NetworkTopologyImpl.java:add(110)) - Added a new node: /default-rack/e5f38b28-009a-4f22-a943-cfa04c7253b1
2019-08-30 08:03:58,368 [IPC Server handler 5 on 38541] INFO  node.SCMNodeManager (SCMNodeManager.java:register(274)) - Registered Data node : e5f38b28-009a-4f22-a943-cfa04c7253b1{ip: 192.168.5.184, host: pr-hdds-1569-g97bt-2511755227, networkLocation: /default-rack, certSerialId: null}
2019-08-30 08:03:58,368 | INFO  | SCMAudit | user=jenkins1000 | ip=192.168.5.184 | op=REGISTER {datanodeDetails=e5f38b28-009a-4f22-a943-cfa04c7253b1{ip: 192.168.5.184, host: pr-hdds-1569-g97bt-2511755227, networkLocation: /default-rack, certSerialId: null}} | ret=SUCCESS |  
2019-08-30 08:03:58,369 [RatisPipelineUtilsThread] INFO  pipeline.PipelineStateManager (PipelineStateManager.java:addPipeline(56)) - Created pipeline Pipeline[ Id: b643a610-fd7f-4668-98d9-56061d4a29ee, Nodes: 0e927250-a3c1-4323-8ecd-88ceb047c264{ip: 192.168.5.184, host: pr-hdds-1569-g97bt-2511755227, networkLocation: /default-rack, certSerialId: null}, Type:RATIS, Factor:ONE, State:OPEN]
2019-08-30 08:03:58,377 [grpc-default-executor-1] INFO  impl.RaftServerProxy (RaftServerProxy.java:addNew(89)) - e5f38b28-009a-4f22-a943-cfa04c7253b1: addNew group-5086B51C9777:[e5f38b28-009a-4f22-a943-cfa04c7253b1:192.168.5.184:38662] returns group-5086B51C9777:java.util.concurrent.CompletableFuture@333985f6[Not completed]
2019-08-30 08:03:58,378 [pool-494-thread-1] INFO  impl.RaftServerImpl (RaftServerImpl.java:<init>(93)) - e5f38b28-009a-4f22-a943-cfa04c7253b1: new RaftServerImpl for group-5086B51C9777:[e5f38b28-009a-4f22-a943-cfa04c7253b1:192.168.5.184:38662] with ContainerStateMachine:uninitialized
2019-08-30 08:03:58,379 [pool-494-thread-1] INFO  server.RaftServerConfigKeys (ConfUtils.java:logGet(43)) - raft.server.rpc.timeout.min = 5s (custom)
2019-08-30 08:03:58,379 [pool-494-thread-1] INFO  server.RaftServerConfigKeys (ConfUtils.java:logGet(43)) - raft.server.rpc.timeout.max = 5200ms (custom)
2019-08-30 08:03:58,379 [pool-494-thread-1] INFO  server.RaftServerConfigKeys (ConfUtils.java:logGet(43)) - raft.server.rpcslowness.timeout = 120s (custom)
2019-08-30 08:03:58,379 [pool-494-thread-1] INFO  server.RaftServerConfigKeys (ConfUtils.java:logGet(43)) - raft.server.sleep.deviation.threshold = 300 (default)
2019-08-30 08:03:58,379 [pool-494-thread-1] INFO  server.RaftServerConfigKeys (ConfUtils.java:logGet(43)) - raft.server.log.appender.install.snapshot.enabled = false (custom)
2019-08-30 08:03:58,379 [pool-494-thread-1] INFO  impl.RaftServerImpl (ServerState.java:<init>(105)) - e5f38b28-009a-4f22-a943-cfa04c7253b1:group-5086B51C9777 ConfigurationManager, init=-1: [e5f38b28-009a-4f22-a943-cfa04c7253b1:192.168.5.184:38662], old=null, confs=<EMPTY_MAP>
2019-08-30 08:03:58,380 [pool-494-thread-1] INFO  server.RaftServerConfigKeys (ConfUtils.java:logGet(43)) - raft.server.storage.dir = [/workdir/hadoop-ozone/integration-test/target/test-dir/MiniOzoneClusterImpl-0a678d0b-345d-45b6-820b-f96c3cc761ae/datanode-5/data/ratis] (custom)
2019-08-30 08:03:58,380 [pool-494-thread-1] INFO  storage.RaftStorageDirectory (RaftStorageDirectory.java:analyzeStorage(246)) - The storage directory /workdir/hadoop-ozone/integration-test/target/test-dir/MiniOzoneClusterImpl-0a678d0b-345d-45b6-820b-f96c3cc761ae/datanode-5/data/ratis/f232c906-7c9f-4f82-9661-5086b51c9777 does not exist. Creating ...
2019-08-30 08:03:58,443 [pool-494-thread-1] INFO  storage.RaftStorageDirectory (RaftStorageDirectory.java:tryLock(328)) - Lock on /workdir/hadoop-ozone/integration-test/target/test-dir/MiniOzoneClusterImpl-0a678d0b-345d-45b6-820b-f96c3cc761ae/datanode-5/data/ratis/f232c906-7c9f-4f82-9661-5086b51c9777/in_use.lock acquired by nodename 28957@pr-hdds-1569-g97bt-2511755227
2019-08-30 08:03:58,530 [pool-494-thread-1] INFO  storage.RaftStorage (RaftStorage.java:format(72)) - Storage directory /workdir/hadoop-ozone/integration-test/target/test-dir/MiniOzoneClusterImpl-0a678d0b-345d-45b6-820b-f96c3cc761ae/datanode-5/data/ratis/f232c906-7c9f-4f82-9661-5086b51c9777 has been successfully formatted.
2019-08-30 08:03:58,531 [pool-494-thread-1] INFO  ratis.ContainerStateMachine (ContainerStateMachine.java:loadSnapshot(226)) - group-5086B51C9777: The snapshot info is null. Setting the last applied indexto:(t:0, i:~)
2019-08-30 08:03:58,531 [pool-494-thread-1] INFO  server.RaftServerConfigKeys (ConfUtils.java:logGet(43)) - raft.server.leader.election.timeout = 120s (custom)
2019-08-30 08:03:58,531 [pool-494-thread-1] INFO  server.RaftServerConfigKeys (ConfUtils.java:logGet(43)) - raft.server.log.use.memory = false (default)
2019-08-30 08:03:58,531 [pool-494-thread-1] INFO  server.RaftServerConfigKeys (ConfUtils.java:logGet(43)) - raft.server.log.purge.gap = 1000000 (custom)
2019-08-30 08:03:58,531 [pool-494-thread-1] INFO  server.RaftServerConfigKeys (ConfUtils.java:logGet(43)) - raft.server.log.appender.buffer.byte-limit = 33554432 (custom)
2019-08-30 08:03:58,531 [pool-494-thread-1] INFO  server.RaftServerConfigKeys (ConfUtils.java:logGet(43)) - raft.server.log.segment.size.max = 1048576 (custom)
2019-08-30 08:03:58,532 [pool-494-thread-1] INFO  server.RaftServerConfigKeys (ConfUtils.java:logGet(43)) - raft.server.log.segment.cache.num.max = 2 (custom)
2019-08-30 08:03:58,532 [pool-494-thread-1] INFO  segmented.SegmentedRaftLogWorker (SegmentedRaftLogWorker.java:<init>(172)) - new e5f38b28-009a-4f22-a943-cfa04c7253b1-SegmentedRaftLogWorker:Storage Directory /workdir/hadoop-ozone/integration-test/target/test-dir/MiniOzoneClusterImpl-0a678d0b-345d-45b6-820b-f96c3cc761ae/datanode-5/data/ratis/f232c906-7c9f-4f82-9661-5086b51c9777 for RaftStorage:Storage Directory /workdir/hadoop-ozone/integration-test/target/test-dir/MiniOzoneClusterImpl-0a678d0b-345d-45b6-820b-f96c3cc761ae/datanode-5/data/ratis/f232c906-7c9f-4f82-9661-5086b51c9777
2019-08-30 08:03:58,532 [pool-494-thread-1] INFO  server.RaftServerConfigKeys (ConfUtils.java:logGet(43)) - raft.server.log.queue.byte-limit = 2147483647 (custom)
2019-08-30 08:03:58,532 [pool-494-thread-1] INFO  server.RaftServerConfigKeys (ConfUtils.java:logGet(43)) - raft.server.log.queue.element-limit = 1024 (custom)
2019-08-30 08:03:58,532 [pool-494-thread-1] INFO  server.RaftServerConfigKeys (ConfUtils.java:logGet(43)) - raft.server.log.segment.size.max = 1048576 (custom)
2019-08-30 08:03:58,533 [pool-494-thread-1] INFO  server.RaftServerConfigKeys (ConfUtils.java:logGet(43)) - raft.server.log.preallocated.size = 16384 (custom)
2019-08-30 08:03:58,533 [pool-494-thread-1] INFO  server.RaftServerConfigKeys (ConfUtils.java:logGet(43)) - raft.server.log.write.buffer.size = 33554432 (custom)
2019-08-30 08:03:58,533 [pool-494-thread-1] INFO  server.RaftServerConfigKeys (ConfUtils.java:logGet(43)) - raft.server.log.force.sync.num = 128 (default)
2019-08-30 08:03:58,533 [pool-494-thread-1] INFO  server.RaftServerConfigKeys (ConfUtils.java:logGet(43)) - raft.server.log.statemachine.data.sync = true (default)
2019-08-30 08:03:58,533 [pool-494-thread-1] INFO  server.RaftServerConfigKeys (ConfUtils.java:logGet(43)) - raft.server.log.statemachine.data.sync.timeout = 10s (default)
2019-08-30 08:03:58,533 [pool-494-thread-1] INFO  server.RaftServerConfigKeys (ConfUtils.java:logGet(43)) - raft.server.log.statemachine.data.sync.timeout.retry = -1 (default)
2019-08-30 08:03:58,534 [pool-494-thread-1] INFO  server.RaftServerConfigKeys (ConfUtils.java:logGet(43)) - raft.server.log.statemachine.data.caching.enabled = true (custom)
2019-08-30 08:03:58,534 [pool-494-thread-1] INFO  segmented.SegmentedRaftLogWorker (SegmentedRaftLogWorker.java:lambda$new$0(132)) - e5f38b28-009a-4f22-a943-cfa04c7253b1-SegmentedRaftLogWorker:Storage Directory /workdir/hadoop-ozone/integration-test/target/test-dir/MiniOzoneClusterImpl-0a678d0b-345d-45b6-820b-f96c3cc761ae/datanode-5/data/ratis/f232c906-7c9f-4f82-9661-5086b51c9777: flushIndex: setUnconditionally 0 -> -1
2019-08-30 08:03:58,534 [pool-494-thread-1] INFO  server.RaftServerConfigKeys (ConfUtils.java:logGet(43)) - raft.server.snapshot.auto.trigger.enabled = true (custom)
2019-08-30 08:03:58,535 [pool-494-thread-1] INFO  server.RaftServerConfigKeys (ConfUtils.java:logGet(43)) - raft.server.snapshot.auto.trigger.threshold = 10000 (custom)
2019-08-30 08:03:58,535 [pool-494-thread-1] INFO  server.RaftServerConfigKeys (ConfUtils.java:logGet(43)) - raft.server.retrycache.expirytime = 600000ms (custom)
2019-08-30 08:03:58,535 [pool-494-thread-1] INFO  impl.RaftServerImpl (RaftServerImpl.java:start(180)) - e5f38b28-009a-4f22-a943-cfa04c7253b1: start group-5086B51C9777
2019-08-30 08:03:58,535 [pool-494-thread-1] INFO  impl.RaftServerImpl (RaftServerImpl.java:setRole(171)) - e5f38b28-009a-4f22-a943-cfa04c7253b1:group-5086B51C9777 changes role from null to FOLLOWER at term 0 for startAsFollower
2019-08-30 08:03:58,535 [pool-494-thread-1] INFO  impl.RoleInfo (RoleInfo.java:updateAndGet(143)) - e5f38b28-009a-4f22-a943-cfa04c7253b1: start FollowerState
2019-08-30 08:03:58,536 [pool-494-thread-1] INFO  util.JmxRegister (JmxRegister.java:tryRegister(44)) - Successfully registered JMX Bean with object name Ratis:service=RaftServer,group=group-5086B51C9777,id=e5f38b28-009a-4f22-a943-cfa04c7253b1
2019-08-30 08:03:58,541 [RatisPipelineUtilsThread] INFO  pipeline.PipelineStateManager (PipelineStateManager.java:addPipeline(56)) - Created pipeline Pipeline[ Id: f232c906-7c9f-4f82-9661-5086b51c9777, Nodes: e5f38b28-009a-4f22-a943-cfa04c7253b1{ip: 192.168.5.184, host: pr-hdds-1569-g97bt-2511755227, networkLocation: /default-rack, certSerialId: null}, Type:RATIS, Factor:ONE, State:OPEN]
2019-08-30 08:03:58,551 [grpc-default-executor-1] INFO  impl.RaftServerProxy (RaftServerProxy.java:addNew(89)) - fed6186c-90e1-4c5c-ac3c-62fdedc4e65b: addNew group-B7A6CEC9EF9C:[fed6186c-90e1-4c5c-ac3c-62fdedc4e65b:192.168.5.184:34114] returns group-B7A6CEC9EF9C:java.util.concurrent.CompletableFuture@2cc1beaa[Not completed]
2019-08-30 08:03:58,552 [pool-483-thread-1] INFO  impl.RaftServerImpl (RaftServerImpl.java:<init>(93)) - fed6186c-90e1-4c5c-ac3c-62fdedc4e65b: new RaftServerImpl for group-B7A6CEC9EF9C:[fed6186c-90e1-4c5c-ac3c-62fdedc4e65b:192.168.5.184:34114] with ContainerStateMachine:uninitialized
2019-08-30 08:03:58,552 [pool-483-thread-1] INFO  server.RaftServerConfigKeys (ConfUtils.java:logGet(43)) - raft.server.rpc.timeout.min = 5s (custom)
2019-08-30 08:03:58,552 [pool-483-thread-1] INFO  server.RaftServerConfigKeys (ConfUtils.java:logGet(43)) - raft.server.rpc.timeout.max = 5200ms (custom)
2019-08-30 08:03:58,552 [pool-483-thread-1] INFO  server.RaftServerConfigKeys (ConfUtils.java:logGet(43)) - raft.server.rpcslowness.timeout = 120s (custom)
2019-08-30 08:03:58,553 [pool-483-thread-1] INFO  server.RaftServerConfigKeys (ConfUtils.java:logGet(43)) - raft.server.sleep.deviation.threshold = 300 (default)
2019-08-30 08:03:58,553 [pool-483-thread-1] INFO  server.RaftServerConfigKeys (ConfUtils.java:logGet(43)) - raft.server.log.appender.install.snapshot.enabled = false (custom)
2019-08-30 08:03:58,553 [pool-483-thread-1] INFO  impl.RaftServerImpl (ServerState.java:<init>(105)) - fed6186c-90e1-4c5c-ac3c-62fdedc4e65b:group-B7A6CEC9EF9C ConfigurationManager, init=-1: [fed6186c-90e1-4c5c-ac3c-62fdedc4e65b:192.168.5.184:34114], old=null, confs=<EMPTY_MAP>
2019-08-30 08:03:58,553 [pool-483-thread-1] INFO  server.RaftServerConfigKeys (ConfUtils.java:logGet(43)) - raft.server.storage.dir = [/workdir/hadoop-ozone/integration-test/target/test-dir/MiniOzoneClusterImpl-0a678d0b-345d-45b6-820b-f96c3cc761ae/datanode-4/data/ratis] (custom)
2019-08-30 08:03:58,554 [pool-483-thread-1] INFO  storage.RaftStorageDirectory (RaftStorageDirectory.java:analyzeStorage(246)) - The storage directory /workdir/hadoop-ozone/integration-test/target/test-dir/MiniOzoneClusterImpl-0a678d0b-345d-45b6-820b-f96c3cc761ae/datanode-4/data/ratis/ed290737-6477-472c-98b2-b7a6cec9ef9c does not exist. Creating ...
2019-08-30 08:03:58,557 [IPC Server handler 19 on 38541] INFO  net.NetworkTopology (NetworkTopologyImpl.java:add(110)) - Added a new node: /default-rack/290ef2ed-fd58-4a3d-bde6-9b5b13914a39
2019-08-30 08:03:58,558 [IPC Server handler 19 on 38541] INFO  node.SCMNodeManager (SCMNodeManager.java:register(274)) - Registered Data node : 290ef2ed-fd58-4a3d-bde6-9b5b13914a39{ip: 192.168.5.184, host: pr-hdds-1569-g97bt-2511755227, networkLocation: /default-rack, certSerialId: null}
2019-08-30 08:03:58,558 | INFO  | SCMAudit | user=jenkins1000 | ip=192.168.5.184 | op=REGISTER {datanodeDetails=290ef2ed-fd58-4a3d-bde6-9b5b13914a39{ip: 192.168.5.184, host: pr-hdds-1569-g97bt-2511755227, networkLocation: /default-rack, certSerialId: null}} | ret=SUCCESS |  
2019-08-30 08:03:58,558 [main] INFO  ozone.MiniOzoneClusterImpl (MiniOzoneClusterImpl.java:lambda$waitForClusterToBeReady$0(142)) - Cluster is ready. Got 7 of 7 DN Heartbeats.
2019-08-30 08:03:58,587 [main] INFO  rpc.RpcClient (RpcClient.java:createVolume(293)) - Creating Volume: testblockoutputstream, with jenkins1000 as owner.
2019-08-30 08:03:58,596 | INFO  | OMAudit | user=jenkins1000 | ip=127.0.0.1 | op=CREATE_VOLUME {admin=jenkins1000, owner=jenkins1000, volume=testblockoutputstream, creationTime=1567152238589, quotaInBytes=1152921504606846976} | ret=SUCCESS |  
2019-08-30 08:03:58,606 [pool-483-thread-1] INFO  storage.RaftStorageDirectory (RaftStorageDirectory.java:tryLock(328)) - Lock on /workdir/hadoop-ozone/integration-test/target/test-dir/MiniOzoneClusterImpl-0a678d0b-345d-45b6-820b-f96c3cc761ae/datanode-4/data/ratis/ed290737-6477-472c-98b2-b7a6cec9ef9c/in_use.lock acquired by nodename 28957@pr-hdds-1569-g97bt-2511755227
2019-08-30 08:03:58,606 | INFO  | OMAudit | user=jenkins1000 | ip=127.0.0.1 | op=READ_VOLUME {volume=testblockoutputstream} | ret=SUCCESS |  
2019-08-30 08:03:58,607 [main] INFO  rpc.RpcClient (RpcClient.java:createBucket(432)) - Creating Bucket: testblockoutputstream/testblockoutputstream, with Versioning false and Storage Type set to DISK and Encryption set to false 
2019-08-30 08:03:58,611 | INFO  | OMAudit | user=jenkins1000 | ip=127.0.0.1 | op=CREATE_BUCKET {volume=testblockoutputstream, bucket=testblockoutputstream, acls=[user:jenkins1000:a[ACCESS], group:default:a[ACCESS]], isVersionEnabled=false, storageType=DISK, creationTime=0} | ret=SUCCESS |  
2019-08-30 08:03:58,613 | INFO  | OMAudit | user=jenkins1000 | ip=127.0.0.1 | op=READ_VOLUME {volume=testblockoutputstream} | ret=SUCCESS |  
2019-08-30 08:03:58,614 | INFO  | OMAudit | user=jenkins1000 | ip=127.0.0.1 | op=READ_BUCKET {volume=testblockoutputstream, bucket=testblockoutputstream} | ret=SUCCESS |  
2019-08-30 08:03:58,663 [pool-483-thread-1] INFO  storage.RaftStorage (RaftStorage.java:format(72)) - Storage directory /workdir/hadoop-ozone/integration-test/target/test-dir/MiniOzoneClusterImpl-0a678d0b-345d-45b6-820b-f96c3cc761ae/datanode-4/data/ratis/ed290737-6477-472c-98b2-b7a6cec9ef9c has been successfully formatted.
2019-08-30 08:03:58,663 [pool-483-thread-1] INFO  ratis.ContainerStateMachine (ContainerStateMachine.java:loadSnapshot(226)) - group-B7A6CEC9EF9C: The snapshot info is null. Setting the last applied indexto:(t:0, i:~)
2019-08-30 08:03:58,664 [pool-483-thread-1] INFO  server.RaftServerConfigKeys (ConfUtils.java:logGet(43)) - raft.server.leader.election.timeout = 120s (custom)
2019-08-30 08:03:58,664 [pool-483-thread-1] INFO  server.RaftServerConfigKeys (ConfUtils.java:logGet(43)) - raft.server.log.use.memory = false (default)
2019-08-30 08:03:58,664 [pool-483-thread-1] INFO  server.RaftServerConfigKeys (ConfUtils.java:logGet(43)) - raft.server.log.purge.gap = 1000000 (custom)
2019-08-30 08:03:58,664 [pool-483-thread-1] INFO  server.RaftServerConfigKeys (ConfUtils.java:logGet(43)) - raft.server.log.appender.buffer.byte-limit = 33554432 (custom)
2019-08-30 08:03:58,664 [pool-483-thread-1] INFO  server.RaftServerConfigKeys (ConfUtils.java:logGet(43)) - raft.server.log.segment.size.max = 1048576 (custom)
2019-08-30 08:03:58,665 [pool-483-thread-1] INFO  server.RaftServerConfigKeys (ConfUtils.java:logGet(43)) - raft.server.log.segment.cache.num.max = 2 (custom)
2019-08-30 08:03:58,665 [pool-483-thread-1] INFO  segmented.SegmentedRaftLogWorker (SegmentedRaftLogWorker.java:<init>(172)) - new fed6186c-90e1-4c5c-ac3c-62fdedc4e65b-SegmentedRaftLogWorker:Storage Directory /workdir/hadoop-ozone/integration-test/target/test-dir/MiniOzoneClusterImpl-0a678d0b-345d-45b6-820b-f96c3cc761ae/datanode-4/data/ratis/ed290737-6477-472c-98b2-b7a6cec9ef9c for RaftStorage:Storage Directory /workdir/hadoop-ozone/integration-test/target/test-dir/MiniOzoneClusterImpl-0a678d0b-345d-45b6-820b-f96c3cc761ae/datanode-4/data/ratis/ed290737-6477-472c-98b2-b7a6cec9ef9c
2019-08-30 08:03:58,665 [pool-483-thread-1] INFO  server.RaftServerConfigKeys (ConfUtils.java:logGet(43)) - raft.server.log.queue.byte-limit = 2147483647 (custom)
2019-08-30 08:03:58,665 [pool-483-thread-1] INFO  server.RaftServerConfigKeys (ConfUtils.java:logGet(43)) - raft.server.log.queue.element-limit = 1024 (custom)
2019-08-30 08:03:58,666 [pool-483-thread-1] INFO  server.RaftServerConfigKeys (ConfUtils.java:logGet(43)) - raft.server.log.segment.size.max = 1048576 (custom)
2019-08-30 08:03:58,666 [pool-483-thread-1] INFO  server.RaftServerConfigKeys (ConfUtils.java:logGet(43)) - raft.server.log.preallocated.size = 16384 (custom)
2019-08-30 08:03:58,666 [pool-483-thread-1] INFO  server.RaftServerConfigKeys (ConfUtils.java:logGet(43)) - raft.server.log.write.buffer.size = 33554432 (custom)
2019-08-30 08:03:58,666 [pool-483-thread-1] INFO  server.RaftServerConfigKeys (ConfUtils.java:logGet(43)) - raft.server.log.force.sync.num = 128 (default)
2019-08-30 08:03:58,666 [pool-483-thread-1] INFO  server.RaftServerConfigKeys (ConfUtils.java:logGet(43)) - raft.server.log.statemachine.data.sync = true (default)
2019-08-30 08:03:58,667 [pool-483-thread-1] INFO  server.RaftServerConfigKeys (ConfUtils.java:logGet(43)) - raft.server.log.statemachine.data.sync.timeout = 10s (default)
2019-08-30 08:03:58,667 [pool-483-thread-1] INFO  server.RaftServerConfigKeys (ConfUtils.java:logGet(43)) - raft.server.log.statemachine.data.sync.timeout.retry = -1 (default)
2019-08-30 08:03:58,667 [pool-483-thread-1] INFO  server.RaftServerConfigKeys (ConfUtils.java:logGet(43)) - raft.server.log.statemachine.data.caching.enabled = true (custom)
2019-08-30 08:03:58,668 [pool-483-thread-1] INFO  segmented.SegmentedRaftLogWorker (SegmentedRaftLogWorker.java:lambda$new$0(132)) - fed6186c-90e1-4c5c-ac3c-62fdedc4e65b-SegmentedRaftLogWorker:Storage Directory /workdir/hadoop-ozone/integration-test/target/test-dir/MiniOzoneClusterImpl-0a678d0b-345d-45b6-820b-f96c3cc761ae/datanode-4/data/ratis/ed290737-6477-472c-98b2-b7a6cec9ef9c: flushIndex: setUnconditionally 0 -> -1
2019-08-30 08:03:58,668 [pool-483-thread-1] INFO  server.RaftServerConfigKeys (ConfUtils.java:logGet(43)) - raft.server.snapshot.auto.trigger.enabled = true (custom)
2019-08-30 08:03:58,668 [pool-483-thread-1] INFO  server.RaftServerConfigKeys (ConfUtils.java:logGet(43)) - raft.server.snapshot.auto.trigger.threshold = 10000 (custom)
2019-08-30 08:03:58,669 [pool-483-thread-1] INFO  server.RaftServerConfigKeys (ConfUtils.java:logGet(43)) - raft.server.retrycache.expirytime = 600000ms (custom)
2019-08-30 08:03:58,669 [pool-483-thread-1] INFO  impl.RaftServerImpl (RaftServerImpl.java:start(180)) - fed6186c-90e1-4c5c-ac3c-62fdedc4e65b: start group-B7A6CEC9EF9C
2019-08-30 08:03:58,669 [pool-483-thread-1] INFO  impl.RaftServerImpl (RaftServerImpl.java:setRole(171)) - fed6186c-90e1-4c5c-ac3c-62fdedc4e65b:group-B7A6CEC9EF9C changes role from null to FOLLOWER at term 0 for startAsFollower
2019-08-30 08:03:58,669 [pool-483-thread-1] INFO  impl.RoleInfo (RoleInfo.java:updateAndGet(143)) - fed6186c-90e1-4c5c-ac3c-62fdedc4e65b: start FollowerState
2019-08-30 08:03:58,670 [pool-483-thread-1] INFO  util.JmxRegister (JmxRegister.java:tryRegister(44)) - Successfully registered JMX Bean with object name Ratis:service=RaftServer,group=group-B7A6CEC9EF9C,id=fed6186c-90e1-4c5c-ac3c-62fdedc4e65b
2019-08-30 08:03:58,675 [RatisPipelineUtilsThread] INFO  pipeline.PipelineStateManager (PipelineStateManager.java:addPipeline(56)) - Created pipeline Pipeline[ Id: ed290737-6477-472c-98b2-b7a6cec9ef9c, Nodes: fed6186c-90e1-4c5c-ac3c-62fdedc4e65b{ip: 192.168.5.184, host: pr-hdds-1569-g97bt-2511755227, networkLocation: /default-rack, certSerialId: null}, Type:RATIS, Factor:ONE, State:OPEN]
2019-08-30 08:03:58,692 [grpc-default-executor-1] INFO  impl.RaftServerProxy (RaftServerProxy.java:addNew(89)) - 290ef2ed-fd58-4a3d-bde6-9b5b13914a39: addNew group-2B0E60E02A7B:[290ef2ed-fd58-4a3d-bde6-9b5b13914a39:192.168.5.184:37854] returns group-2B0E60E02A7B:java.util.concurrent.CompletableFuture@31606e7c[Not completed]
2019-08-30 08:03:58,693 [pool-505-thread-1] INFO  impl.RaftServerImpl (RaftServerImpl.java:<init>(93)) - 290ef2ed-fd58-4a3d-bde6-9b5b13914a39: new RaftServerImpl for group-2B0E60E02A7B:[290ef2ed-fd58-4a3d-bde6-9b5b13914a39:192.168.5.184:37854] with ContainerStateMachine:uninitialized
2019-08-30 08:03:58,694 [pool-505-thread-1] INFO  server.RaftServerConfigKeys (ConfUtils.java:logGet(43)) - raft.server.rpc.timeout.min = 5s (custom)
2019-08-30 08:03:58,694 [pool-505-thread-1] INFO  server.RaftServerConfigKeys (ConfUtils.java:logGet(43)) - raft.server.rpc.timeout.max = 5200ms (custom)
2019-08-30 08:03:58,694 [pool-505-thread-1] INFO  server.RaftServerConfigKeys (ConfUtils.java:logGet(43)) - raft.server.rpcslowness.timeout = 120s (custom)
2019-08-30 08:03:58,694 [pool-505-thread-1] INFO  server.RaftServerConfigKeys (ConfUtils.java:logGet(43)) - raft.server.sleep.deviation.threshold = 300 (default)
2019-08-30 08:03:58,694 [pool-505-thread-1] INFO  server.RaftServerConfigKeys (ConfUtils.java:logGet(43)) - raft.server.log.appender.install.snapshot.enabled = false (custom)
2019-08-30 08:03:58,694 [pool-505-thread-1] INFO  impl.RaftServerImpl (ServerState.java:<init>(105)) - 290ef2ed-fd58-4a3d-bde6-9b5b13914a39:group-2B0E60E02A7B ConfigurationManager, init=-1: [290ef2ed-fd58-4a3d-bde6-9b5b13914a39:192.168.5.184:37854], old=null, confs=<EMPTY_MAP>
2019-08-30 08:03:58,694 [pool-505-thread-1] INFO  server.RaftServerConfigKeys (ConfUtils.java:logGet(43)) - raft.server.storage.dir = [/workdir/hadoop-ozone/integration-test/target/test-dir/MiniOzoneClusterImpl-0a678d0b-345d-45b6-820b-f96c3cc761ae/datanode-6/data/ratis] (custom)
2019-08-30 08:03:58,695 [pool-505-thread-1] INFO  storage.RaftStorageDirectory (RaftStorageDirectory.java:analyzeStorage(246)) - The storage directory /workdir/hadoop-ozone/integration-test/target/test-dir/MiniOzoneClusterImpl-0a678d0b-345d-45b6-820b-f96c3cc761ae/datanode-6/data/ratis/15371c8f-1e5b-4c8b-ab00-2b0e60e02a7b does not exist. Creating ...
2019-08-30 08:03:58,752 [pool-505-thread-1] INFO  storage.RaftStorageDirectory (RaftStorageDirectory.java:tryLock(328)) - Lock on /workdir/hadoop-ozone/integration-test/target/test-dir/MiniOzoneClusterImpl-0a678d0b-345d-45b6-820b-f96c3cc761ae/datanode-6/data/ratis/15371c8f-1e5b-4c8b-ab00-2b0e60e02a7b/in_use.lock acquired by nodename 28957@pr-hdds-1569-g97bt-2511755227
2019-08-30 08:03:58,832 [pool-505-thread-1] INFO  storage.RaftStorage (RaftStorage.java:format(72)) - Storage directory /workdir/hadoop-ozone/integration-test/target/test-dir/MiniOzoneClusterImpl-0a678d0b-345d-45b6-820b-f96c3cc761ae/datanode-6/data/ratis/15371c8f-1e5b-4c8b-ab00-2b0e60e02a7b has been successfully formatted.
2019-08-30 08:03:58,833 [pool-505-thread-1] INFO  ratis.ContainerStateMachine (ContainerStateMachine.java:loadSnapshot(226)) - group-2B0E60E02A7B: The snapshot info is null. Setting the last applied indexto:(t:0, i:~)
2019-08-30 08:03:58,833 [pool-505-thread-1] INFO  server.RaftServerConfigKeys (ConfUtils.java:logGet(43)) - raft.server.leader.election.timeout = 120s (custom)
2019-08-30 08:03:58,833 [pool-505-thread-1] INFO  server.RaftServerConfigKeys (ConfUtils.java:logGet(43)) - raft.server.log.use.memory = false (default)
2019-08-30 08:03:58,833 [pool-505-thread-1] INFO  server.RaftServerConfigKeys (ConfUtils.java:logGet(43)) - raft.server.log.purge.gap = 1000000 (custom)
2019-08-30 08:03:58,833 [pool-505-thread-1] INFO  server.RaftServerConfigKeys (ConfUtils.java:logGet(43)) - raft.server.log.appender.buffer.byte-limit = 33554432 (custom)
2019-08-30 08:03:58,834 [pool-505-thread-1] INFO  server.RaftServerConfigKeys (ConfUtils.java:logGet(43)) - raft.server.log.segment.size.max = 1048576 (custom)
2019-08-30 08:03:58,834 [pool-505-thread-1] INFO  server.RaftServerConfigKeys (ConfUtils.java:logGet(43)) - raft.server.log.segment.cache.num.max = 2 (custom)
2019-08-30 08:03:58,834 [pool-505-thread-1] INFO  segmented.SegmentedRaftLogWorker (SegmentedRaftLogWorker.java:<init>(172)) - new 290ef2ed-fd58-4a3d-bde6-9b5b13914a39-SegmentedRaftLogWorker:Storage Directory /workdir/hadoop-ozone/integration-test/target/test-dir/MiniOzoneClusterImpl-0a678d0b-345d-45b6-820b-f96c3cc761ae/datanode-6/data/ratis/15371c8f-1e5b-4c8b-ab00-2b0e60e02a7b for RaftStorage:Storage Directory /workdir/hadoop-ozone/integration-test/target/test-dir/MiniOzoneClusterImpl-0a678d0b-345d-45b6-820b-f96c3cc761ae/datanode-6/data/ratis/15371c8f-1e5b-4c8b-ab00-2b0e60e02a7b
2019-08-30 08:03:58,834 [pool-505-thread-1] INFO  server.RaftServerConfigKeys (ConfUtils.java:logGet(43)) - raft.server.log.queue.byte-limit = 2147483647 (custom)
2019-08-30 08:03:58,834 [pool-505-thread-1] INFO  server.RaftServerConfigKeys (ConfUtils.java:logGet(43)) - raft.server.log.queue.element-limit = 1024 (custom)
2019-08-30 08:03:58,835 [pool-505-thread-1] INFO  server.RaftServerConfigKeys (ConfUtils.java:logGet(43)) - raft.server.log.segment.size.max = 1048576 (custom)
2019-08-30 08:03:58,835 [pool-505-thread-1] INFO  server.RaftServerConfigKeys (ConfUtils.java:logGet(43)) - raft.server.log.preallocated.size = 16384 (custom)
2019-08-30 08:03:58,835 [pool-505-thread-1] INFO  server.RaftServerConfigKeys (ConfUtils.java:logGet(43)) - raft.server.log.write.buffer.size = 33554432 (custom)
2019-08-30 08:03:58,835 [pool-505-thread-1] INFO  server.RaftServerConfigKeys (ConfUtils.java:logGet(43)) - raft.server.log.force.sync.num = 128 (default)
2019-08-30 08:03:58,835 [pool-505-thread-1] INFO  server.RaftServerConfigKeys (ConfUtils.java:logGet(43)) - raft.server.log.statemachine.data.sync = true (default)
2019-08-30 08:03:58,835 [pool-505-thread-1] INFO  server.RaftServerConfigKeys (ConfUtils.java:logGet(43)) - raft.server.log.statemachine.data.sync.timeout = 10s (default)
2019-08-30 08:03:58,835 [pool-505-thread-1] INFO  server.RaftServerConfigKeys (ConfUtils.java:logGet(43)) - raft.server.log.statemachine.data.sync.timeout.retry = -1 (default)
2019-08-30 08:03:58,836 [pool-505-thread-1] INFO  server.RaftServerConfigKeys (ConfUtils.java:logGet(43)) - raft.server.log.statemachine.data.caching.enabled = true (custom)
2019-08-30 08:03:58,836 [pool-505-thread-1] INFO  segmented.SegmentedRaftLogWorker (SegmentedRaftLogWorker.java:lambda$new$0(132)) - 290ef2ed-fd58-4a3d-bde6-9b5b13914a39-SegmentedRaftLogWorker:Storage Directory /workdir/hadoop-ozone/integration-test/target/test-dir/MiniOzoneClusterImpl-0a678d0b-345d-45b6-820b-f96c3cc761ae/datanode-6/data/ratis/15371c8f-1e5b-4c8b-ab00-2b0e60e02a7b: flushIndex: setUnconditionally 0 -> -1
2019-08-30 08:03:58,837 [pool-505-thread-1] INFO  server.RaftServerConfigKeys (ConfUtils.java:logGet(43)) - raft.server.snapshot.auto.trigger.enabled = true (custom)
2019-08-30 08:03:58,837 [pool-505-thread-1] INFO  server.RaftServerConfigKeys (ConfUtils.java:logGet(43)) - raft.server.snapshot.auto.trigger.threshold = 10000 (custom)
2019-08-30 08:03:58,837 [pool-505-thread-1] INFO  server.RaftServerConfigKeys (ConfUtils.java:logGet(43)) - raft.server.retrycache.expirytime = 600000ms (custom)
2019-08-30 08:03:58,837 [pool-505-thread-1] INFO  impl.RaftServerImpl (RaftServerImpl.java:start(180)) - 290ef2ed-fd58-4a3d-bde6-9b5b13914a39: start group-2B0E60E02A7B
2019-08-30 08:03:58,837 [pool-505-thread-1] INFO  impl.RaftServerImpl (RaftServerImpl.java:setRole(171)) - 290ef2ed-fd58-4a3d-bde6-9b5b13914a39:group-2B0E60E02A7B changes role from null to FOLLOWER at term 0 for startAsFollower
2019-08-30 08:03:58,837 [pool-505-thread-1] INFO  impl.RoleInfo (RoleInfo.java:updateAndGet(143)) - 290ef2ed-fd58-4a3d-bde6-9b5b13914a39: start FollowerState
2019-08-30 08:03:58,838 [pool-505-thread-1] INFO  util.JmxRegister (JmxRegister.java:tryRegister(44)) - Successfully registered JMX Bean with object name Ratis:service=RaftServer,group=group-2B0E60E02A7B,id=290ef2ed-fd58-4a3d-bde6-9b5b13914a39
2019-08-30 08:03:58,844 [RatisPipelineUtilsThread] INFO  pipeline.PipelineStateManager (PipelineStateManager.java:addPipeline(56)) - Created pipeline Pipeline[ Id: 15371c8f-1e5b-4c8b-ab00-2b0e60e02a7b, Nodes: 290ef2ed-fd58-4a3d-bde6-9b5b13914a39{ip: 192.168.5.184, host: pr-hdds-1569-g97bt-2511755227, networkLocation: /default-rack, certSerialId: null}, Type:RATIS, Factor:ONE, State:OPEN]
2019-08-30 08:03:58,853 [grpc-default-executor-7] INFO  impl.RaftServerProxy (RaftServerProxy.java:addNew(89)) - 0e927250-a3c1-4323-8ecd-88ceb047c264: addNew group-631FC3E3E722:[e5f38b28-009a-4f22-a943-cfa04c7253b1:192.168.5.184:38662, 0e927250-a3c1-4323-8ecd-88ceb047c264:192.168.5.184:41239, 290ef2ed-fd58-4a3d-bde6-9b5b13914a39:192.168.5.184:37854] returns group-631FC3E3E722:java.util.concurrent.CompletableFuture@228742f8[Not completed]
2019-08-30 08:03:58,853 [grpc-default-executor-1] INFO  impl.RaftServerProxy (RaftServerProxy.java:addNew(89)) - 290ef2ed-fd58-4a3d-bde6-9b5b13914a39: addNew group-631FC3E3E722:[e5f38b28-009a-4f22-a943-cfa04c7253b1:192.168.5.184:38662, 0e927250-a3c1-4323-8ecd-88ceb047c264:192.168.5.184:41239, 290ef2ed-fd58-4a3d-bde6-9b5b13914a39:192.168.5.184:37854] returns group-631FC3E3E722:java.util.concurrent.CompletableFuture@70d4ffb[Not completed]
2019-08-30 08:03:58,853 [grpc-default-executor-8] INFO  impl.RaftServerProxy (RaftServerProxy.java:addNew(89)) - e5f38b28-009a-4f22-a943-cfa04c7253b1: addNew group-631FC3E3E722:[e5f38b28-009a-4f22-a943-cfa04c7253b1:192.168.5.184:38662, 0e927250-a3c1-4323-8ecd-88ceb047c264:192.168.5.184:41239, 290ef2ed-fd58-4a3d-bde6-9b5b13914a39:192.168.5.184:37854] returns group-631FC3E3E722:java.util.concurrent.CompletableFuture@152b9209[Not completed]
2019-08-30 08:03:58,854 [pool-472-thread-1] INFO  impl.RaftServerImpl (RaftServerImpl.java:<init>(93)) - 0e927250-a3c1-4323-8ecd-88ceb047c264: new RaftServerImpl for group-631FC3E3E722:[e5f38b28-009a-4f22-a943-cfa04c7253b1:192.168.5.184:38662, 0e927250-a3c1-4323-8ecd-88ceb047c264:192.168.5.184:41239, 290ef2ed-fd58-4a3d-bde6-9b5b13914a39:192.168.5.184:37854] with ContainerStateMachine:uninitialized
2019-08-30 08:03:58,854 [pool-472-thread-1] INFO  server.RaftServerConfigKeys (ConfUtils.java:logGet(43)) - raft.server.rpc.timeout.min = 5s (custom)
2019-08-30 08:03:58,854 [pool-472-thread-1] INFO  server.RaftServerConfigKeys (ConfUtils.java:logGet(43)) - raft.server.rpc.timeout.max = 5200ms (custom)
2019-08-30 08:03:58,854 [pool-505-thread-1] INFO  impl.RaftServerImpl (RaftServerImpl.java:<init>(93)) - 290ef2ed-fd58-4a3d-bde6-9b5b13914a39: new RaftServerImpl for group-631FC3E3E722:[e5f38b28-009a-4f22-a943-cfa04c7253b1:192.168.5.184:38662, 0e927250-a3c1-4323-8ecd-88ceb047c264:192.168.5.184:41239, 290ef2ed-fd58-4a3d-bde6-9b5b13914a39:192.168.5.184:37854] with ContainerStateMachine:uninitialized
2019-08-30 08:03:58,854 [pool-472-thread-1] INFO  server.RaftServerConfigKeys (ConfUtils.java:logGet(43)) - raft.server.rpcslowness.timeout = 120s (custom)
2019-08-30 08:03:58,854 [pool-505-thread-1] INFO  server.RaftServerConfigKeys (ConfUtils.java:logGet(43)) - raft.server.rpc.timeout.min = 5s (custom)
2019-08-30 08:03:58,854 [pool-472-thread-1] INFO  server.RaftServerConfigKeys (ConfUtils.java:logGet(43)) - raft.server.sleep.deviation.threshold = 300 (default)
2019-08-30 08:03:58,854 [pool-505-thread-1] INFO  server.RaftServerConfigKeys (ConfUtils.java:logGet(43)) - raft.server.rpc.timeout.max = 5200ms (custom)
2019-08-30 08:03:58,854 [pool-494-thread-1] INFO  impl.RaftServerImpl (RaftServerImpl.java:<init>(93)) - e5f38b28-009a-4f22-a943-cfa04c7253b1: new RaftServerImpl for group-631FC3E3E722:[e5f38b28-009a-4f22-a943-cfa04c7253b1:192.168.5.184:38662, 0e927250-a3c1-4323-8ecd-88ceb047c264:192.168.5.184:41239, 290ef2ed-fd58-4a3d-bde6-9b5b13914a39:192.168.5.184:37854] with ContainerStateMachine:uninitialized
2019-08-30 08:03:58,854 [pool-472-thread-1] INFO  server.RaftServerConfigKeys (ConfUtils.java:logGet(43)) - raft.server.log.appender.install.snapshot.enabled = false (custom)
2019-08-30 08:03:58,854 [pool-494-thread-1] INFO  server.RaftServerConfigKeys (ConfUtils.java:logGet(43)) - raft.server.rpc.timeout.min = 5s (custom)
2019-08-30 08:03:58,854 [pool-505-thread-1] INFO  server.RaftServerConfigKeys (ConfUtils.java:logGet(43)) - raft.server.rpcslowness.timeout = 120s (custom)
2019-08-30 08:03:58,855 [pool-494-thread-1] INFO  server.RaftServerConfigKeys (ConfUtils.java:logGet(43)) - raft.server.rpc.timeout.max = 5200ms (custom)
2019-08-30 08:03:58,855 [pool-472-thread-1] INFO  impl.RaftServerImpl (ServerState.java:<init>(105)) - 0e927250-a3c1-4323-8ecd-88ceb047c264:group-631FC3E3E722 ConfigurationManager, init=-1: [e5f38b28-009a-4f22-a943-cfa04c7253b1:192.168.5.184:38662, 0e927250-a3c1-4323-8ecd-88ceb047c264:192.168.5.184:41239, 290ef2ed-fd58-4a3d-bde6-9b5b13914a39:192.168.5.184:37854], old=null, confs=<EMPTY_MAP>
2019-08-30 08:03:58,855 [pool-494-thread-1] INFO  server.RaftServerConfigKeys (ConfUtils.java:logGet(43)) - raft.server.rpcslowness.timeout = 120s (custom)
2019-08-30 08:03:58,855 [pool-505-thread-1] INFO  server.RaftServerConfigKeys (ConfUtils.java:logGet(43)) - raft.server.sleep.deviation.threshold = 300 (default)
2019-08-30 08:03:58,855 [pool-494-thread-1] INFO  server.RaftServerConfigKeys (ConfUtils.java:logGet(43)) - raft.server.sleep.deviation.threshold = 300 (default)
2019-08-30 08:03:58,855 [pool-472-thread-1] INFO  server.RaftServerConfigKeys (ConfUtils.java:logGet(43)) - raft.server.storage.dir = [/workdir/hadoop-ozone/integration-test/target/test-dir/MiniOzoneClusterImpl-0a678d0b-345d-45b6-820b-f96c3cc761ae/datanode-3/data/ratis] (custom)
2019-08-30 08:03:58,855 [pool-494-thread-1] INFO  server.RaftServerConfigKeys (ConfUtils.java:logGet(43)) - raft.server.log.appender.install.snapshot.enabled = false (custom)
2019-08-30 08:03:58,855 [pool-505-thread-1] INFO  server.RaftServerConfigKeys (ConfUtils.java:logGet(43)) - raft.server.log.appender.install.snapshot.enabled = false (custom)
2019-08-30 08:03:58,855 [pool-494-thread-1] INFO  impl.RaftServerImpl (ServerState.java:<init>(105)) - e5f38b28-009a-4f22-a943-cfa04c7253b1:group-631FC3E3E722 ConfigurationManager, init=-1: [e5f38b28-009a-4f22-a943-cfa04c7253b1:192.168.5.184:38662, 0e927250-a3c1-4323-8ecd-88ceb047c264:192.168.5.184:41239, 290ef2ed-fd58-4a3d-bde6-9b5b13914a39:192.168.5.184:37854], old=null, confs=<EMPTY_MAP>
2019-08-30 08:03:58,856 [pool-472-thread-1] INFO  storage.RaftStorageDirectory (RaftStorageDirectory.java:analyzeStorage(246)) - The storage directory /workdir/hadoop-ozone/integration-test/target/test-dir/MiniOzoneClusterImpl-0a678d0b-345d-45b6-820b-f96c3cc761ae/datanode-3/data/ratis/07d2c92b-3de2-46c0-8500-631fc3e3e722 does not exist. Creating ...
2019-08-30 08:03:58,856 [pool-505-thread-1] INFO  impl.RaftServerImpl (ServerState.java:<init>(105)) - 290ef2ed-fd58-4a3d-bde6-9b5b13914a39:group-631FC3E3E722 ConfigurationManager, init=-1: [e5f38b28-009a-4f22-a943-cfa04c7253b1:192.168.5.184:38662, 0e927250-a3c1-4323-8ecd-88ceb047c264:192.168.5.184:41239, 290ef2ed-fd58-4a3d-bde6-9b5b13914a39:192.168.5.184:37854], old=null, confs=<EMPTY_MAP>
2019-08-30 08:03:58,856 [pool-494-thread-1] INFO  server.RaftServerConfigKeys (ConfUtils.java:logGet(43)) - raft.server.storage.dir = [/workdir/hadoop-ozone/integration-test/target/test-dir/MiniOzoneClusterImpl-0a678d0b-345d-45b6-820b-f96c3cc761ae/datanode-5/data/ratis] (custom)
2019-08-30 08:03:58,856 [pool-505-thread-1] INFO  server.RaftServerConfigKeys (ConfUtils.java:logGet(43)) - raft.server.storage.dir = [/workdir/hadoop-ozone/integration-test/target/test-dir/MiniOzoneClusterImpl-0a678d0b-345d-45b6-820b-f96c3cc761ae/datanode-6/data/ratis] (custom)
2019-08-30 08:03:58,856 [pool-494-thread-1] INFO  storage.RaftStorageDirectory (RaftStorageDirectory.java:analyzeStorage(246)) - The storage directory /workdir/hadoop-ozone/integration-test/target/test-dir/MiniOzoneClusterImpl-0a678d0b-345d-45b6-820b-f96c3cc761ae/datanode-5/data/ratis/07d2c92b-3de2-46c0-8500-631fc3e3e722 does not exist. Creating ...
2019-08-30 08:03:58,856 [pool-505-thread-1] INFO  storage.RaftStorageDirectory (RaftStorageDirectory.java:analyzeStorage(246)) - The storage directory /workdir/hadoop-ozone/integration-test/target/test-dir/MiniOzoneClusterImpl-0a678d0b-345d-45b6-820b-f96c3cc761ae/datanode-6/data/ratis/07d2c92b-3de2-46c0-8500-631fc3e3e722 does not exist. Creating ...
2019-08-30 08:03:58,910 [pool-494-thread-1] INFO  storage.RaftStorageDirectory (RaftStorageDirectory.java:tryLock(328)) - Lock on /workdir/hadoop-ozone/integration-test/target/test-dir/MiniOzoneClusterImpl-0a678d0b-345d-45b6-820b-f96c3cc761ae/datanode-5/data/ratis/07d2c92b-3de2-46c0-8500-631fc3e3e722/in_use.lock acquired by nodename 28957@pr-hdds-1569-g97bt-2511755227
2019-08-30 08:03:58,910 [pool-472-thread-1] INFO  storage.RaftStorageDirectory (RaftStorageDirectory.java:tryLock(328)) - Lock on /workdir/hadoop-ozone/integration-test/target/test-dir/MiniOzoneClusterImpl-0a678d0b-345d-45b6-820b-f96c3cc761ae/datanode-3/data/ratis/07d2c92b-3de2-46c0-8500-631fc3e3e722/in_use.lock acquired by nodename 28957@pr-hdds-1569-g97bt-2511755227
2019-08-30 08:03:58,910 [pool-505-thread-1] INFO  storage.RaftStorageDirectory (RaftStorageDirectory.java:tryLock(328)) - Lock on /workdir/hadoop-ozone/integration-test/target/test-dir/MiniOzoneClusterImpl-0a678d0b-345d-45b6-820b-f96c3cc761ae/datanode-6/data/ratis/07d2c92b-3de2-46c0-8500-631fc3e3e722/in_use.lock acquired by nodename 28957@pr-hdds-1569-g97bt-2511755227
2019-08-30 08:03:58,986 [pool-472-thread-1] INFO  storage.RaftStorage (RaftStorage.java:format(72)) - Storage directory /workdir/hadoop-ozone/integration-test/target/test-dir/MiniOzoneClusterImpl-0a678d0b-345d-45b6-820b-f96c3cc761ae/datanode-3/data/ratis/07d2c92b-3de2-46c0-8500-631fc3e3e722 has been successfully formatted.
2019-08-30 08:03:58,986 [pool-505-thread-1] INFO  storage.RaftStorage (RaftStorage.java:format(72)) - Storage directory /workdir/hadoop-ozone/integration-test/target/test-dir/MiniOzoneClusterImpl-0a678d0b-345d-45b6-820b-f96c3cc761ae/datanode-6/data/ratis/07d2c92b-3de2-46c0-8500-631fc3e3e722 has been successfully formatted.
2019-08-30 08:03:58,986 [pool-494-thread-1] INFO  storage.RaftStorage (RaftStorage.java:format(72)) - Storage directory /workdir/hadoop-ozone/integration-test/target/test-dir/MiniOzoneClusterImpl-0a678d0b-345d-45b6-820b-f96c3cc761ae/datanode-5/data/ratis/07d2c92b-3de2-46c0-8500-631fc3e3e722 has been successfully formatted.
2019-08-30 08:03:58,987 [pool-505-thread-1] INFO  ratis.ContainerStateMachine (ContainerStateMachine.java:loadSnapshot(226)) - group-631FC3E3E722: The snapshot info is null. Setting the last applied indexto:(t:0, i:~)
2019-08-30 08:03:58,987 [pool-494-thread-1] INFO  ratis.ContainerStateMachine (ContainerStateMachine.java:loadSnapshot(226)) - group-631FC3E3E722: The snapshot info is null. Setting the last applied indexto:(t:0, i:~)
2019-08-30 08:03:58,987 [pool-505-thread-1] INFO  server.RaftServerConfigKeys (ConfUtils.java:logGet(43)) - raft.server.leader.election.timeout = 120s (custom)
2019-08-30 08:03:58,987 [pool-494-thread-1] INFO  server.RaftServerConfigKeys (ConfUtils.java:logGet(43)) - raft.server.leader.election.timeout = 120s (custom)
2019-08-30 08:03:58,987 [pool-505-thread-1] INFO  server.RaftServerConfigKeys (ConfUtils.java:logGet(43)) - raft.server.log.use.memory = false (default)
2019-08-30 08:03:58,987 [pool-472-thread-1] INFO  ratis.ContainerStateMachine (ContainerStateMachine.java:loadSnapshot(226)) - group-631FC3E3E722: The snapshot info is null. Setting the last applied indexto:(t:0, i:~)
2019-08-30 08:03:58,987 [pool-505-thread-1] INFO  server.RaftServerConfigKeys (ConfUtils.java:logGet(43)) - raft.server.log.purge.gap = 1000000 (custom)
2019-08-30 08:03:58,987 [pool-494-thread-1] INFO  server.RaftServerConfigKeys (ConfUtils.java:logGet(43)) - raft.server.log.use.memory = false (default)
2019-08-30 08:03:58,987 [pool-505-thread-1] INFO  server.RaftServerConfigKeys (ConfUtils.java:logGet(43)) - raft.server.log.appender.buffer.byte-limit = 33554432 (custom)
2019-08-30 08:03:58,987 [pool-472-thread-1] INFO  server.RaftServerConfigKeys (ConfUtils.java:logGet(43)) - raft.server.leader.election.timeout = 120s (custom)
2019-08-30 08:03:58,988 [pool-505-thread-1] INFO  server.RaftServerConfigKeys (ConfUtils.java:logGet(43)) - raft.server.log.segment.size.max = 1048576 (custom)
2019-08-30 08:03:58,988 [pool-494-thread-1] INFO  server.RaftServerConfigKeys (ConfUtils.java:logGet(43)) - raft.server.log.purge.gap = 1000000 (custom)
2019-08-30 08:03:58,988 [pool-505-thread-1] INFO  server.RaftServerConfigKeys (ConfUtils.java:logGet(43)) - raft.server.log.segment.cache.num.max = 2 (custom)
2019-08-30 08:03:58,988 [pool-472-thread-1] INFO  server.RaftServerConfigKeys (ConfUtils.java:logGet(43)) - raft.server.log.use.memory = false (default)
2019-08-30 08:03:58,988 [pool-505-thread-1] INFO  segmented.SegmentedRaftLogWorker (SegmentedRaftLogWorker.java:<init>(172)) - new 290ef2ed-fd58-4a3d-bde6-9b5b13914a39-SegmentedRaftLogWorker:Storage Directory /workdir/hadoop-ozone/integration-test/target/test-dir/MiniOzoneClusterImpl-0a678d0b-345d-45b6-820b-f96c3cc761ae/datanode-6/data/ratis/07d2c92b-3de2-46c0-8500-631fc3e3e722 for RaftStorage:Storage Directory /workdir/hadoop-ozone/integration-test/target/test-dir/MiniOzoneClusterImpl-0a678d0b-345d-45b6-820b-f96c3cc761ae/datanode-6/data/ratis/07d2c92b-3de2-46c0-8500-631fc3e3e722
2019-08-30 08:03:58,988 [pool-494-thread-1] INFO  server.RaftServerConfigKeys (ConfUtils.java:logGet(43)) - raft.server.log.appender.buffer.byte-limit = 33554432 (custom)
2019-08-30 08:03:58,989 [pool-505-thread-1] INFO  server.RaftServerConfigKeys (ConfUtils.java:logGet(43)) - raft.server.log.queue.byte-limit = 2147483647 (custom)
2019-08-30 08:03:58,988 [pool-472-thread-1] INFO  server.RaftServerConfigKeys (ConfUtils.java:logGet(43)) - raft.server.log.purge.gap = 1000000 (custom)
2019-08-30 08:03:58,989 [pool-505-thread-1] INFO  server.RaftServerConfigKeys (ConfUtils.java:logGet(43)) - raft.server.log.queue.element-limit = 1024 (custom)
2019-08-30 08:03:58,989 [pool-494-thread-1] INFO  server.RaftServerConfigKeys (ConfUtils.java:logGet(43)) - raft.server.log.segment.size.max = 1048576 (custom)
2019-08-30 08:03:58,989 [pool-505-thread-1] INFO  server.RaftServerConfigKeys (ConfUtils.java:logGet(43)) - raft.server.log.segment.size.max = 1048576 (custom)
2019-08-30 08:03:58,989 [pool-505-thread-1] INFO  server.RaftServerConfigKeys (ConfUtils.java:logGet(43)) - raft.server.log.preallocated.size = 16384 (custom)
2019-08-30 08:03:58,989 [pool-472-thread-1] INFO  server.RaftServerConfigKeys (ConfUtils.java:logGet(43)) - raft.server.log.appender.buffer.byte-limit = 33554432 (custom)
2019-08-30 08:03:58,990 [pool-505-thread-1] INFO  server.RaftServerConfigKeys (ConfUtils.java:logGet(43)) - raft.server.log.write.buffer.size = 33554432 (custom)
2019-08-30 08:03:58,989 [pool-494-thread-1] INFO  server.RaftServerConfigKeys (ConfUtils.java:logGet(43)) - raft.server.log.segment.cache.num.max = 2 (custom)
2019-08-30 08:03:58,990 [pool-505-thread-1] INFO  server.RaftServerConfigKeys (ConfUtils.java:logGet(43)) - raft.server.log.force.sync.num = 128 (default)
2019-08-30 08:03:58,990 [pool-472-thread-1] INFO  server.RaftServerConfigKeys (ConfUtils.java:logGet(43)) - raft.server.log.segment.size.max = 1048576 (custom)
2019-08-30 08:03:58,990 [pool-505-thread-1] INFO  server.RaftServerConfigKeys (ConfUtils.java:logGet(43)) - raft.server.log.statemachine.data.sync = true (default)
2019-08-30 08:03:58,990 [pool-494-thread-1] INFO  segmented.SegmentedRaftLogWorker (SegmentedRaftLogWorker.java:<init>(172)) - new e5f38b28-009a-4f22-a943-cfa04c7253b1-SegmentedRaftLogWorker:Storage Directory /workdir/hadoop-ozone/integration-test/target/test-dir/MiniOzoneClusterImpl-0a678d0b-345d-45b6-820b-f96c3cc761ae/datanode-5/data/ratis/07d2c92b-3de2-46c0-8500-631fc3e3e722 for RaftStorage:Storage Directory /workdir/hadoop-ozone/integration-test/target/test-dir/MiniOzoneClusterImpl-0a678d0b-345d-45b6-820b-f96c3cc761ae/datanode-5/data/ratis/07d2c92b-3de2-46c0-8500-631fc3e3e722
2019-08-30 08:03:58,990 [pool-505-thread-1] INFO  server.RaftServerConfigKeys (ConfUtils.java:logGet(43)) - raft.server.log.statemachine.data.sync.timeout = 10s (default)
2019-08-30 08:03:58,990 [pool-472-thread-1] INFO  server.RaftServerConfigKeys (ConfUtils.java:logGet(43)) - raft.server.log.segment.cache.num.max = 2 (custom)
2019-08-30 08:03:58,991 [pool-505-thread-1] INFO  server.RaftServerConfigKeys (ConfUtils.java:logGet(43)) - raft.server.log.statemachine.data.sync.timeout.retry = -1 (default)
2019-08-30 08:03:58,991 [pool-494-thread-1] INFO  server.RaftServerConfigKeys (ConfUtils.java:logGet(43)) - raft.server.log.queue.byte-limit = 2147483647 (custom)
2019-08-30 08:03:58,991 [pool-505-thread-1] INFO  server.RaftServerConfigKeys (ConfUtils.java:logGet(43)) - raft.server.log.statemachine.data.caching.enabled = true (custom)
2019-08-30 08:03:58,991 [pool-472-thread-1] INFO  segmented.SegmentedRaftLogWorker (SegmentedRaftLogWorker.java:<init>(172)) - new 0e927250-a3c1-4323-8ecd-88ceb047c264-SegmentedRaftLogWorker:Storage Directory /workdir/hadoop-ozone/integration-test/target/test-dir/MiniOzoneClusterImpl-0a678d0b-345d-45b6-820b-f96c3cc761ae/datanode-3/data/ratis/07d2c92b-3de2-46c0-8500-631fc3e3e722 for RaftStorage:Storage Directory /workdir/hadoop-ozone/integration-test/target/test-dir/MiniOzoneClusterImpl-0a678d0b-345d-45b6-820b-f96c3cc761ae/datanode-3/data/ratis/07d2c92b-3de2-46c0-8500-631fc3e3e722
2019-08-30 08:03:58,991 [pool-494-thread-1] INFO  server.RaftServerConfigKeys (ConfUtils.java:logGet(43)) - raft.server.log.queue.element-limit = 1024 (custom)
2019-08-30 08:03:58,991 [pool-505-thread-1] INFO  segmented.SegmentedRaftLogWorker (SegmentedRaftLogWorker.java:lambda$new$0(132)) - 290ef2ed-fd58-4a3d-bde6-9b5b13914a39-SegmentedRaftLogWorker:Storage Directory /workdir/hadoop-ozone/integration-test/target/test-dir/MiniOzoneClusterImpl-0a678d0b-345d-45b6-820b-f96c3cc761ae/datanode-6/data/ratis/07d2c92b-3de2-46c0-8500-631fc3e3e722: flushIndex: setUnconditionally 0 -> -1
2019-08-30 08:03:58,991 [pool-472-thread-1] INFO  server.RaftServerConfigKeys (ConfUtils.java:logGet(43)) - raft.server.log.queue.byte-limit = 2147483647 (custom)
2019-08-30 08:03:58,992 [pool-494-thread-1] INFO  server.RaftServerConfigKeys (ConfUtils.java:logGet(43)) - raft.server.log.segment.size.max = 1048576 (custom)
2019-08-30 08:03:58,992 [pool-472-thread-1] INFO  server.RaftServerConfigKeys (ConfUtils.java:logGet(43)) - raft.server.log.queue.element-limit = 1024 (custom)
2019-08-30 08:03:58,992 [pool-505-thread-1] INFO  server.RaftServerConfigKeys (ConfUtils.java:logGet(43)) - raft.server.snapshot.auto.trigger.enabled = true (custom)
2019-08-30 08:03:58,992 [pool-472-thread-1] INFO  server.RaftServerConfigKeys (ConfUtils.java:logGet(43)) - raft.server.log.segment.size.max = 1048576 (custom)
2019-08-30 08:03:58,992 [pool-494-thread-1] INFO  server.RaftServerConfigKeys (ConfUtils.java:logGet(43)) - raft.server.log.preallocated.size = 16384 (custom)
2019-08-30 08:03:58,992 [pool-472-thread-1] INFO  server.RaftServerConfigKeys (ConfUtils.java:logGet(43)) - raft.server.log.preallocated.size = 16384 (custom)
2019-08-30 08:03:58,992 [pool-505-thread-1] INFO  server.RaftServerConfigKeys (ConfUtils.java:logGet(43)) - raft.server.snapshot.auto.trigger.threshold = 10000 (custom)
2019-08-30 08:03:58,993 [pool-472-thread-1] INFO  server.RaftServerConfigKeys (ConfUtils.java:logGet(43)) - raft.server.log.write.buffer.size = 33554432 (custom)
2019-08-30 08:03:58,993 [pool-494-thread-1] INFO  server.RaftServerConfigKeys (ConfUtils.java:logGet(43)) - raft.server.log.write.buffer.size = 33554432 (custom)
2019-08-30 08:03:58,993 [pool-472-thread-1] INFO  server.RaftServerConfigKeys (ConfUtils.java:logGet(43)) - raft.server.log.force.sync.num = 128 (default)
2019-08-30 08:03:58,993 [pool-505-thread-1] INFO  server.RaftServerConfigKeys (ConfUtils.java:logGet(43)) - raft.server.retrycache.expirytime = 600000ms (custom)
2019-08-30 08:03:58,993 [pool-472-thread-1] INFO  server.RaftServerConfigKeys (ConfUtils.java:logGet(43)) - raft.server.log.statemachine.data.sync = true (default)
2019-08-30 08:03:58,993 [pool-494-thread-1] INFO  server.RaftServerConfigKeys (ConfUtils.java:logGet(43)) - raft.server.log.force.sync.num = 128 (default)
2019-08-30 08:03:58,994 [pool-472-thread-1] INFO  server.RaftServerConfigKeys (ConfUtils.java:logGet(43)) - raft.server.log.statemachine.data.sync.timeout = 10s (default)
2019-08-30 08:03:58,994 [pool-472-thread-1] INFO  server.RaftServerConfigKeys (ConfUtils.java:logGet(43)) - raft.server.log.statemachine.data.sync.timeout.retry = -1 (default)
2019-08-30 08:03:58,994 [pool-505-thread-1] INFO  impl.RaftServerImpl (RaftServerImpl.java:start(180)) - 290ef2ed-fd58-4a3d-bde6-9b5b13914a39: start group-631FC3E3E722
2019-08-30 08:03:58,994 [pool-472-thread-1] INFO  server.RaftServerConfigKeys (ConfUtils.java:logGet(43)) - raft.server.log.statemachine.data.caching.enabled = true (custom)
2019-08-30 08:03:58,994 [pool-494-thread-1] INFO  server.RaftServerConfigKeys (ConfUtils.java:logGet(43)) - raft.server.log.statemachine.data.sync = true (default)
2019-08-30 08:03:58,994 [pool-505-thread-1] INFO  impl.RaftServerImpl (RaftServerImpl.java:setRole(171)) - 290ef2ed-fd58-4a3d-bde6-9b5b13914a39:group-631FC3E3E722 changes role from null to FOLLOWER at term 0 for startAsFollower
2019-08-30 08:03:58,994 [pool-472-thread-1] INFO  segmented.SegmentedRaftLogWorker (SegmentedRaftLogWorker.java:lambda$new$0(132)) - 0e927250-a3c1-4323-8ecd-88ceb047c264-SegmentedRaftLogWorker:Storage Directory /workdir/hadoop-ozone/integration-test/target/test-dir/MiniOzoneClusterImpl-0a678d0b-345d-45b6-820b-f96c3cc761ae/datanode-3/data/ratis/07d2c92b-3de2-46c0-8500-631fc3e3e722: flushIndex: setUnconditionally 0 -> -1
2019-08-30 08:03:58,994 [pool-494-thread-1] INFO  server.RaftServerConfigKeys (ConfUtils.java:logGet(43)) - raft.server.log.statemachine.data.sync.timeout = 10s (default)
2019-08-30 08:03:58,995 [pool-494-thread-1] INFO  server.RaftServerConfigKeys (ConfUtils.java:logGet(43)) - raft.server.log.statemachine.data.sync.timeout.retry = -1 (default)
2019-08-30 08:03:58,995 [pool-505-thread-1] INFO  impl.RoleInfo (RoleInfo.java:updateAndGet(143)) - 290ef2ed-fd58-4a3d-bde6-9b5b13914a39: start FollowerState
2019-08-30 08:03:58,995 [pool-494-thread-1] INFO  server.RaftServerConfigKeys (ConfUtils.java:logGet(43)) - raft.server.log.statemachine.data.caching.enabled = true (custom)
2019-08-30 08:03:58,995 [pool-472-thread-1] INFO  server.RaftServerConfigKeys (ConfUtils.java:logGet(43)) - raft.server.snapshot.auto.trigger.enabled = true (custom)
2019-08-30 08:03:58,995 [pool-494-thread-1] INFO  segmented.SegmentedRaftLogWorker (SegmentedRaftLogWorker.java:lambda$new$0(132)) - e5f38b28-009a-4f22-a943-cfa04c7253b1-SegmentedRaftLogWorker:Storage Directory /workdir/hadoop-ozone/integration-test/target/test-dir/MiniOzoneClusterImpl-0a678d0b-345d-45b6-820b-f96c3cc761ae/datanode-5/data/ratis/07d2c92b-3de2-46c0-8500-631fc3e3e722: flushIndex: setUnconditionally 0 -> -1
2019-08-30 08:03:58,995 [pool-472-thread-1] INFO  server.RaftServerConfigKeys (ConfUtils.java:logGet(43)) - raft.server.snapshot.auto.trigger.threshold = 10000 (custom)
2019-08-30 08:03:58,996 [pool-494-thread-1] INFO  server.RaftServerConfigKeys (ConfUtils.java:logGet(43)) - raft.server.snapshot.auto.trigger.enabled = true (custom)
2019-08-30 08:03:58,995 [pool-505-thread-1] INFO  util.JmxRegister (JmxRegister.java:tryRegister(44)) - Successfully registered JMX Bean with object name Ratis:service=RaftServer,group=group-631FC3E3E722,id=290ef2ed-fd58-4a3d-bde6-9b5b13914a39
2019-08-30 08:03:58,996 [pool-494-thread-1] INFO  server.RaftServerConfigKeys (ConfUtils.java:logGet(43)) - raft.server.snapshot.auto.trigger.threshold = 10000 (custom)
2019-08-30 08:03:58,996 [pool-472-thread-1] INFO  server.RaftServerConfigKeys (ConfUtils.java:logGet(43)) - raft.server.retrycache.expirytime = 600000ms (custom)
2019-08-30 08:03:58,996 [pool-494-thread-1] INFO  server.RaftServerConfigKeys (ConfUtils.java:logGet(43)) - raft.server.retrycache.expirytime = 600000ms (custom)
2019-08-30 08:03:58,996 [pool-472-thread-1] INFO  impl.RaftServerImpl (RaftServerImpl.java:start(180)) - 0e927250-a3c1-4323-8ecd-88ceb047c264: start group-631FC3E3E722
2019-08-30 08:03:58,996 [pool-494-thread-1] INFO  impl.RaftServerImpl (RaftServerImpl.java:start(180)) - e5f38b28-009a-4f22-a943-cfa04c7253b1: start group-631FC3E3E722
2019-08-30 08:03:58,996 [pool-472-thread-1] INFO  impl.RaftServerImpl (RaftServerImpl.java:setRole(171)) - 0e927250-a3c1-4323-8ecd-88ceb047c264:group-631FC3E3E722 changes role from null to FOLLOWER at term 0 for startAsFollower
2019-08-30 08:03:58,997 [pool-494-thread-1] INFO  impl.RaftServerImpl (RaftServerImpl.java:setRole(171)) - e5f38b28-009a-4f22-a943-cfa04c7253b1:group-631FC3E3E722 changes role from null to FOLLOWER at term 0 for startAsFollower
2019-08-30 08:03:58,997 [pool-472-thread-1] INFO  impl.RoleInfo (RoleInfo.java:updateAndGet(143)) - 0e927250-a3c1-4323-8ecd-88ceb047c264: start FollowerState
2019-08-30 08:03:58,997 [pool-494-thread-1] INFO  impl.RoleInfo (RoleInfo.java:updateAndGet(143)) - e5f38b28-009a-4f22-a943-cfa04c7253b1: start FollowerState
2019-08-30 08:03:59,001 [pool-472-thread-1] INFO  util.JmxRegister (JmxRegister.java:tryRegister(44)) - Successfully registered JMX Bean with object name Ratis:service=RaftServer,group=group-631FC3E3E722,id=0e927250-a3c1-4323-8ecd-88ceb047c264
2019-08-30 08:03:59,001 [pool-494-thread-1] INFO  util.JmxRegister (JmxRegister.java:tryRegister(44)) - Successfully registered JMX Bean with object name Ratis:service=RaftServer,group=group-631FC3E3E722,id=e5f38b28-009a-4f22-a943-cfa04c7253b1
2019-08-30 08:03:59,008 | INFO  | SCMAudit | user=jenkins1000 | ip=192.168.5.184 | op=SEND_HEARTBEAT {datanodeUUID=b02d5434-9006-43db-863d-3b3a4b7891d5, command=[]} | ret=SUCCESS |  
2019-08-30 08:03:59,009 [RatisPipelineUtilsThread] INFO  pipeline.PipelineStateManager (PipelineStateManager.java:addPipeline(56)) - Created pipeline Pipeline[ Id: 07d2c92b-3de2-46c0-8500-631fc3e3e722, Nodes: 0e927250-a3c1-4323-8ecd-88ceb047c264{ip: 192.168.5.184, host: pr-hdds-1569-g97bt-2511755227, networkLocation: /default-rack, certSerialId: null}e5f38b28-009a-4f22-a943-cfa04c7253b1{ip: 192.168.5.184, host: pr-hdds-1569-g97bt-2511755227, networkLocation: /default-rack, certSerialId: null}290ef2ed-fd58-4a3d-bde6-9b5b13914a39{ip: 192.168.5.184, host: pr-hdds-1569-g97bt-2511755227, networkLocation: /default-rack, certSerialId: null}, Type:RATIS, Factor:THREE, State:OPEN]
2019-08-30 08:03:59,056 | INFO  | SCMAudit | user=jenkins1000 | ip=192.168.5.184 | op=ALLOCATE_BLOCK {owner=d5af6a85-c37a-4a63-882f-9a2fe9fddf0b, size=800, type=RATIS, factor=THREE} | ret=SUCCESS |  
2019-08-30 08:03:59,060 | INFO  | OMAudit | user=jenkins1000 | ip=127.0.0.1 | op=ALLOCATE_KEY {volume=testblockoutputstream, bucket=testblockoutputstream, key=64e19ade-62ea-476f-bf50-59cd2b056de1, dataSize=0, replicationType=RATIS, replicationFactor=THREE, keyLocationInfo=null} | ret=SUCCESS |  
2019-08-30 08:03:59,072 [grpc-default-executor-8] INFO  client.GrpcClientProtocolClient (GrpcClientProtocolClient.java:onNext(255)) - client-0F6E9B4249EF->54172fe4-c822-464b-9b19-b53f6a732349: receive RaftClientReply:client-0F6E9B4249EF->54172fe4-c822-464b-9b19-b53f6a732349@group-2D46FCC2CACD, cid=176, FAILED org.apache.ratis.protocol.NotLeaderException: Server 54172fe4-c822-464b-9b19-b53f6a732349 is not the leader (null). Request must be sent to leader., logIndex=0, commits[54172fe4-c822-464b-9b19-b53f6a732349:c-1]
2019-08-30 08:03:59,465 | INFO  | SCMAudit | user=jenkins1000 | ip=192.168.5.184 | op=SEND_HEARTBEAT {datanodeUUID=6a7c8852-17d8-4446-bc4c-67410121ad93, command=[]} | ret=SUCCESS |  
2019-08-30 08:03:59,715 | INFO  | SCMAudit | user=jenkins1000 | ip=192.168.5.184 | op=SEND_HEARTBEAT {datanodeUUID=54172fe4-c822-464b-9b19-b53f6a732349, command=[]} | ret=SUCCESS |  
2019-08-30 08:03:59,947 | INFO  | SCMAudit | user=jenkins1000 | ip=192.168.5.184 | op=SEND_HEARTBEAT {datanodeUUID=0e927250-a3c1-4323-8ecd-88ceb047c264, command=[]} | ret=SUCCESS |  
2019-08-30 08:04:00,008 | INFO  | SCMAudit | user=jenkins1000 | ip=192.168.5.184 | op=SEND_HEARTBEAT {datanodeUUID=b02d5434-9006-43db-863d-3b3a4b7891d5, command=[]} | ret=SUCCESS |  
2019-08-30 08:04:00,023 [Thread-3576] INFO  container.ReplicationManager (ReplicationManager.java:start(152)) - Starting Replication Monitor Thread.
2019-08-30 08:04:00,027 [ReplicationMonitor] INFO  container.ReplicationManager (ReplicationManager.java:run(215)) - Replication Monitor Thread took 0 milliseconds for processing 1 containers.
2019-08-30 08:04:00,090 [grpc-default-executor-8] INFO  client.GrpcClientProtocolClient (GrpcClientProtocolClient.java:onNext(255)) - client-0F6E9B4249EF->6a7c8852-17d8-4446-bc4c-67410121ad93: receive RaftClientReply:client-0F6E9B4249EF->6a7c8852-17d8-4446-bc4c-67410121ad93@group-2D46FCC2CACD, cid=176, FAILED org.apache.ratis.protocol.NotLeaderException: Server 6a7c8852-17d8-4446-bc4c-67410121ad93 is not the leader (null). Request must be sent to leader., logIndex=0, commits[6a7c8852-17d8-4446-bc4c-67410121ad93:c-1]
2019-08-30 08:04:00,166 | INFO  | SCMAudit | user=jenkins1000 | ip=192.168.5.184 | op=SEND_HEARTBEAT {datanodeUUID=fed6186c-90e1-4c5c-ac3c-62fdedc4e65b, command=[]} | ret=SUCCESS |  
2019-08-30 08:04:00,357 | INFO  | SCMAudit | user=jenkins1000 | ip=192.168.5.184 | op=SEND_HEARTBEAT {datanodeUUID=e5f38b28-009a-4f22-a943-cfa04c7253b1, command=[]} | ret=SUCCESS |  
2019-08-30 08:04:00,465 | INFO  | SCMAudit | user=jenkins1000 | ip=192.168.5.184 | op=SEND_HEARTBEAT {datanodeUUID=6a7c8852-17d8-4446-bc4c-67410121ad93, command=[]} | ret=SUCCESS |  
2019-08-30 08:04:00,557 | INFO  | SCMAudit | user=jenkins1000 | ip=192.168.5.184 | op=SEND_HEARTBEAT {datanodeUUID=290ef2ed-fd58-4a3d-bde6-9b5b13914a39, command=[]} | ret=SUCCESS |  
2019-08-30 08:04:00,714 | INFO  | SCMAudit | user=jenkins1000 | ip=192.168.5.184 | op=SEND_HEARTBEAT {datanodeUUID=54172fe4-c822-464b-9b19-b53f6a732349, command=[]} | ret=SUCCESS |  
2019-08-30 08:04:00,946 | INFO  | SCMAudit | user=jenkins1000 | ip=192.168.5.184 | op=SEND_HEARTBEAT {datanodeUUID=0e927250-a3c1-4323-8ecd-88ceb047c264, command=[]} | ret=SUCCESS |  
2019-08-30 08:04:01,008 | INFO  | SCMAudit | user=jenkins1000 | ip=192.168.5.184 | op=SEND_HEARTBEAT {datanodeUUID=b02d5434-9006-43db-863d-3b3a4b7891d5, command=[]} | ret=SUCCESS |  
2019-08-30 08:04:01,112 [grpc-default-executor-1] INFO  client.GrpcClientProtocolClient (GrpcClientProtocolClient.java:onNext(255)) - client-0F6E9B4249EF->b02d5434-9006-43db-863d-3b3a4b7891d5: receive RaftClientReply:client-0F6E9B4249EF->b02d5434-9006-43db-863d-3b3a4b7891d5@group-2D46FCC2CACD, cid=176, FAILED org.apache.ratis.protocol.NotLeaderException: Server b02d5434-9006-43db-863d-3b3a4b7891d5 is not the leader (null). Request must be sent to leader., logIndex=0, commits[b02d5434-9006-43db-863d-3b3a4b7891d5:c-1]
2019-08-30 08:04:01,166 | INFO  | SCMAudit | user=jenkins1000 | ip=192.168.5.184 | op=SEND_HEARTBEAT {datanodeUUID=fed6186c-90e1-4c5c-ac3c-62fdedc4e65b, command=[]} | ret=SUCCESS |  
2019-08-30 08:04:01,357 | INFO  | SCMAudit | user=jenkins1000 | ip=192.168.5.184 | op=SEND_HEARTBEAT {datanodeUUID=e5f38b28-009a-4f22-a943-cfa04c7253b1, command=[]} | ret=SUCCESS |  
2019-08-30 08:04:01,465 | INFO  | SCMAudit | user=jenkins1000 | ip=192.168.5.184 | op=SEND_HEARTBEAT {datanodeUUID=6a7c8852-17d8-4446-bc4c-67410121ad93, command=[]} | ret=SUCCESS |  
2019-08-30 08:04:01,556 | INFO  | SCMAudit | user=jenkins1000 | ip=192.168.5.184 | op=SEND_HEARTBEAT {datanodeUUID=290ef2ed-fd58-4a3d-bde6-9b5b13914a39, command=[]} | ret=SUCCESS |  
2019-08-30 08:04:01,714 | INFO  | SCMAudit | user=jenkins1000 | ip=192.168.5.184 | op=SEND_HEARTBEAT {datanodeUUID=54172fe4-c822-464b-9b19-b53f6a732349, command=[]} | ret=SUCCESS |  
2019-08-30 08:04:01,946 | INFO  | SCMAudit | user=jenkins1000 | ip=192.168.5.184 | op=SEND_HEARTBEAT {datanodeUUID=0e927250-a3c1-4323-8ecd-88ceb047c264, command=[]} | ret=SUCCESS |  
2019-08-30 08:04:02,008 | INFO  | SCMAudit | user=jenkins1000 | ip=192.168.5.184 | op=SEND_HEARTBEAT {datanodeUUID=b02d5434-9006-43db-863d-3b3a4b7891d5, command=[]} | ret=SUCCESS |  
2019-08-30 08:04:02,125 [grpc-default-executor-8] INFO  client.GrpcClientProtocolClient (GrpcClientProtocolClient.java:onNext(255)) - client-0F6E9B4249EF->54172fe4-c822-464b-9b19-b53f6a732349: receive RaftClientReply:client-0F6E9B4249EF->54172fe4-c822-464b-9b19-b53f6a732349@group-2D46FCC2CACD, cid=176, FAILED org.apache.ratis.protocol.NotLeaderException: Server 54172fe4-c822-464b-9b19-b53f6a732349 is not the leader (null). Request must be sent to leader., logIndex=0, commits[54172fe4-c822-464b-9b19-b53f6a732349:c-1]
2019-08-30 08:04:02,166 | INFO  | SCMAudit | user=jenkins1000 | ip=192.168.5.184 | op=SEND_HEARTBEAT {datanodeUUID=fed6186c-90e1-4c5c-ac3c-62fdedc4e65b, command=[]} | ret=SUCCESS |  
2019-08-30 08:04:02,246 [Thread-3578] INFO  impl.FollowerState (FollowerState.java:run(106)) - b02d5434-9006-43db-863d-3b3a4b7891d5:group-711C01F41C82 changes to CANDIDATE, lastRpcTime:5049, electionTimeout:5049ms
2019-08-30 08:04:02,246 [Thread-3578] INFO  impl.RoleInfo (RoleInfo.java:shutdownFollowerState(121)) - b02d5434-9006-43db-863d-3b3a4b7891d5: shutdown FollowerState
2019-08-30 08:04:02,246 [Thread-3578] INFO  impl.RaftServerImpl (RaftServerImpl.java:setRole(171)) - b02d5434-9006-43db-863d-3b3a4b7891d5:group-711C01F41C82 changes role from FOLLOWER to CANDIDATE at term 0 for changeToCandidate
2019-08-30 08:04:02,247 [Thread-3578] INFO  impl.RoleInfo (RoleInfo.java:updateAndGet(143)) - b02d5434-9006-43db-863d-3b3a4b7891d5: start LeaderElection
2019-08-30 08:04:02,311 [b02d5434-9006-43db-863d-3b3a4b7891d5:group-711C01F41C82:LeaderElection80] INFO  impl.LeaderElection (LeaderElection.java:askForVotes(181)) - b02d5434-9006-43db-863d-3b3a4b7891d5:group-711C01F41C82:LeaderElection80: begin an election at term 1 for -1: [b02d5434-9006-43db-863d-3b3a4b7891d5:192.168.5.184:43754], old=null
2019-08-30 08:04:02,311 [b02d5434-9006-43db-863d-3b3a4b7891d5:group-711C01F41C82:LeaderElection80] INFO  impl.RoleInfo (RoleInfo.java:shutdownLeaderElection(134)) - b02d5434-9006-43db-863d-3b3a4b7891d5: shutdown LeaderElection
2019-08-30 08:04:02,311 [b02d5434-9006-43db-863d-3b3a4b7891d5:group-711C01F41C82:LeaderElection80] INFO  impl.RaftServerImpl (RaftServerImpl.java:setRole(171)) - b02d5434-9006-43db-863d-3b3a4b7891d5:group-711C01F41C82 changes role from CANDIDATE to LEADER at term 1 for changeToLeader
2019-08-30 08:04:02,312 [b02d5434-9006-43db-863d-3b3a4b7891d5:group-711C01F41C82:LeaderElection80] INFO  impl.RaftServerImpl (ServerState.java:setLeader(263)) - b02d5434-9006-43db-863d-3b3a4b7891d5:group-711C01F41C82 change Leader from null to b02d5434-9006-43db-863d-3b3a4b7891d5 at term 1 for becomeLeader, leader elected after 5121ms
2019-08-30 08:04:02,312 [b02d5434-9006-43db-863d-3b3a4b7891d5:group-711C01F41C82:LeaderElection80] INFO  server.RaftServerConfigKeys (ConfUtils.java:logGet(43)) - raft.server.staging.catchup.gap = 1000 (default)
2019-08-30 08:04:02,312 [b02d5434-9006-43db-863d-3b3a4b7891d5:group-711C01F41C82:LeaderElection80] INFO  server.RaftServerConfigKeys (ConfUtils.java:logGet(43)) - raft.server.rpc.sleep.time = 25ms (default)
2019-08-30 08:04:02,312 [b02d5434-9006-43db-863d-3b3a4b7891d5:group-711C01F41C82:LeaderElection80] INFO  server.RaftServerConfigKeys (ConfUtils.java:logGet(43)) - raft.server.write.element-limit = 4096 (default)
2019-08-30 08:04:02,312 [b02d5434-9006-43db-863d-3b3a4b7891d5:group-711C01F41C82:LeaderElection80] INFO  server.RaftServerConfigKeys (ConfUtils.java:logGet(43)) - raft.server.watch.timeout = 10s (default)
2019-08-30 08:04:02,313 [b02d5434-9006-43db-863d-3b3a4b7891d5:group-711C01F41C82:LeaderElection80] INFO  server.RaftServerConfigKeys (ConfUtils.java:logGet(43)) - raft.server.watch.timeout.denomination = 1s (default)
2019-08-30 08:04:02,313 [b02d5434-9006-43db-863d-3b3a4b7891d5:group-711C01F41C82:LeaderElection80] INFO  server.RaftServerConfigKeys (ConfUtils.java:logGet(43)) - raft.server.watch.element-limit = 65536 (default)
2019-08-30 08:04:02,313 [b02d5434-9006-43db-863d-3b3a4b7891d5:group-711C01F41C82:LeaderElection80] INFO  impl.RoleInfo (RoleInfo.java:updateAndGet(143)) - b02d5434-9006-43db-863d-3b3a4b7891d5: start LeaderState
2019-08-30 08:04:02,313 [b02d5434-9006-43db-863d-3b3a4b7891d5:group-711C01F41C82:LeaderElection80] INFO  segmented.SegmentedRaftLogWorker (SegmentedRaftLogWorker.java:startLogSegment(380)) - b02d5434-9006-43db-863d-3b3a4b7891d5-SegmentedRaftLogWorker:Storage Directory /workdir/hadoop-ozone/integration-test/target/test-dir/MiniOzoneClusterImpl-0a678d0b-345d-45b6-820b-f96c3cc761ae/datanode-0/data/ratis/17f07c0f-873c-4665-b72d-711c01f41c82: Starting segment from index:0
2019-08-30 08:04:02,314 [b02d5434-9006-43db-863d-3b3a4b7891d5:group-711C01F41C82:LeaderElection80] INFO  impl.RaftServerImpl (ServerState.java:setRaftConf(361)) - b02d5434-9006-43db-863d-3b3a4b7891d5:group-711C01F41C82 set configuration 0: [b02d5434-9006-43db-863d-3b3a4b7891d5:192.168.5.184:43754], old=null at 0
2019-08-30 08:04:02,357 | INFO  | SCMAudit | user=jenkins1000 | ip=192.168.5.184 | op=SEND_HEARTBEAT {datanodeUUID=e5f38b28-009a-4f22-a943-cfa04c7253b1, command=[]} | ret=SUCCESS |  
2019-08-30 08:04:02,402 [b02d5434-9006-43db-863d-3b3a4b7891d5-SegmentedRaftLogWorker:Storage Directory /workdir/hadoop-ozone/integration-test/target/test-dir/MiniOzoneClusterImpl-0a678d0b-345d-45b6-820b-f96c3cc761ae/datanode-0/data/ratis/17f07c0f-873c-4665-b72d-711c01f41c82] INFO  segmented.SegmentedRaftLogWorker (SegmentedRaftLogWorker.java:execute(569)) - b02d5434-9006-43db-863d-3b3a4b7891d5-SegmentedRaftLogWorker:Storage Directory /workdir/hadoop-ozone/integration-test/target/test-dir/MiniOzoneClusterImpl-0a678d0b-345d-45b6-820b-f96c3cc761ae/datanode-0/data/ratis/17f07c0f-873c-4665-b72d-711c01f41c82: created new log segment /workdir/hadoop-ozone/integration-test/target/test-dir/MiniOzoneClusterImpl-0a678d0b-345d-45b6-820b-f96c3cc761ae/datanode-0/data/ratis/17f07c0f-873c-4665-b72d-711c01f41c82/current/log_inprogress_0
2019-08-30 08:04:02,465 | INFO  | SCMAudit | user=jenkins1000 | ip=192.168.5.184 | op=SEND_HEARTBEAT {datanodeUUID=6a7c8852-17d8-4446-bc4c-67410121ad93, command=[]} | ret=SUCCESS |  
2019-08-30 08:04:02,557 | INFO  | SCMAudit | user=jenkins1000 | ip=192.168.5.184 | op=SEND_HEARTBEAT {datanodeUUID=290ef2ed-fd58-4a3d-bde6-9b5b13914a39, command=[]} | ret=SUCCESS |  
2019-08-30 08:04:02,685 [Thread-3581] INFO  impl.FollowerState (FollowerState.java:run(106)) - 6a7c8852-17d8-4446-bc4c-67410121ad93:group-ECB1B973F66A changes to CANDIDATE, lastRpcTime:5171, electionTimeout:5171ms
2019-08-30 08:04:02,685 [Thread-3581] INFO  impl.RoleInfo (RoleInfo.java:shutdownFollowerState(121)) - 6a7c8852-17d8-4446-bc4c-67410121ad93: shutdown FollowerState
2019-08-30 08:04:02,685 [Thread-3581] INFO  impl.RaftServerImpl (RaftServerImpl.java:setRole(171)) - 6a7c8852-17d8-4446-bc4c-67410121ad93:group-ECB1B973F66A changes role from FOLLOWER to CANDIDATE at term 0 for changeToCandidate
2019-08-30 08:04:02,685 [Thread-3581] INFO  impl.RoleInfo (RoleInfo.java:updateAndGet(143)) - 6a7c8852-17d8-4446-bc4c-67410121ad93: start LeaderElection
2019-08-30 08:04:02,714 | INFO  | SCMAudit | user=jenkins1000 | ip=192.168.5.184 | op=SEND_HEARTBEAT {datanodeUUID=54172fe4-c822-464b-9b19-b53f6a732349, command=[]} | ret=SUCCESS |  
2019-08-30 08:04:02,758 [6a7c8852-17d8-4446-bc4c-67410121ad93:group-ECB1B973F66A:LeaderElection81] INFO  impl.LeaderElection (LeaderElection.java:askForVotes(181)) - 6a7c8852-17d8-4446-bc4c-67410121ad93:group-ECB1B973F66A:LeaderElection81: begin an election at term 1 for -1: [6a7c8852-17d8-4446-bc4c-67410121ad93:192.168.5.184:42040], old=null
2019-08-30 08:04:02,759 [6a7c8852-17d8-4446-bc4c-67410121ad93:group-ECB1B973F66A:LeaderElection81] INFO  impl.RoleInfo (RoleInfo.java:shutdownLeaderElection(134)) - 6a7c8852-17d8-4446-bc4c-67410121ad93: shutdown LeaderElection
2019-08-30 08:04:02,759 [6a7c8852-17d8-4446-bc4c-67410121ad93:group-ECB1B973F66A:LeaderElection81] INFO  impl.RaftServerImpl (RaftServerImpl.java:setRole(171)) - 6a7c8852-17d8-4446-bc4c-67410121ad93:group-ECB1B973F66A changes role from CANDIDATE to LEADER at term 1 for changeToLeader
2019-08-30 08:04:02,759 [6a7c8852-17d8-4446-bc4c-67410121ad93:group-ECB1B973F66A:LeaderElection81] INFO  impl.RaftServerImpl (ServerState.java:setLeader(263)) - 6a7c8852-17d8-4446-bc4c-67410121ad93:group-ECB1B973F66A change Leader from null to 6a7c8852-17d8-4446-bc4c-67410121ad93 at term 1 for becomeLeader, leader elected after 5249ms
2019-08-30 08:04:02,759 [6a7c8852-17d8-4446-bc4c-67410121ad93:group-ECB1B973F66A:LeaderElection81] INFO  server.RaftServerConfigKeys (ConfUtils.java:logGet(43)) - raft.server.staging.catchup.gap = 1000 (default)
2019-08-30 08:04:02,759 [6a7c8852-17d8-4446-bc4c-67410121ad93:group-ECB1B973F66A:LeaderElection81] INFO  server.RaftServerConfigKeys (ConfUtils.java:logGet(43)) - raft.server.rpc.sleep.time = 25ms (default)
2019-08-30 08:04:02,759 [6a7c8852-17d8-4446-bc4c-67410121ad93:group-ECB1B973F66A:LeaderElection81] INFO  server.RaftServerConfigKeys (ConfUtils.java:logGet(43)) - raft.server.write.element-limit = 4096 (default)
2019-08-30 08:04:02,759 [6a7c8852-17d8-4446-bc4c-67410121ad93:group-ECB1B973F66A:LeaderElection81] INFO  server.RaftServerConfigKeys (ConfUtils.java:logGet(43)) - raft.server.watch.timeout = 10s (default)
2019-08-30 08:04:02,759 [6a7c8852-17d8-4446-bc4c-67410121ad93:group-ECB1B973F66A:LeaderElection81] INFO  server.RaftServerConfigKeys (ConfUtils.java:logGet(43)) - raft.server.watch.timeout.denomination = 1s (default)
2019-08-30 08:04:02,760 [6a7c8852-17d8-4446-bc4c-67410121ad93:group-ECB1B973F66A:LeaderElection81] INFO  server.RaftServerConfigKeys (ConfUtils.java:logGet(43)) - raft.server.watch.element-limit = 65536 (default)
2019-08-30 08:04:02,760 [6a7c8852-17d8-4446-bc4c-67410121ad93:group-ECB1B973F66A:LeaderElection81] INFO  impl.RoleInfo (RoleInfo.java:updateAndGet(143)) - 6a7c8852-17d8-4446-bc4c-67410121ad93: start LeaderState
2019-08-30 08:04:02,760 [6a7c8852-17d8-4446-bc4c-67410121ad93:group-ECB1B973F66A:LeaderElection81] INFO  segmented.SegmentedRaftLogWorker (SegmentedRaftLogWorker.java:startLogSegment(380)) - 6a7c8852-17d8-4446-bc4c-67410121ad93-SegmentedRaftLogWorker:Storage Directory /workdir/hadoop-ozone/integration-test/target/test-dir/MiniOzoneClusterImpl-0a678d0b-345d-45b6-820b-f96c3cc761ae/datanode-1/data/ratis/79995f7b-84f8-4e37-990c-ecb1b973f66a: Starting segment from index:0
2019-08-30 08:04:02,761 [6a7c8852-17d8-4446-bc4c-67410121ad93:group-ECB1B973F66A:LeaderElection81] INFO  impl.RaftServerImpl (ServerState.java:setRaftConf(361)) - 6a7c8852-17d8-4446-bc4c-67410121ad93:group-ECB1B973F66A set configuration 0: [6a7c8852-17d8-4446-bc4c-67410121ad93:192.168.5.184:42040], old=null at 0
2019-08-30 08:04:02,871 [Thread-3584] INFO  impl.FollowerState (FollowerState.java:run(106)) - 54172fe4-c822-464b-9b19-b53f6a732349:group-E04E7EB1871C changes to CANDIDATE, lastRpcTime:5056, electionTimeout:5056ms
2019-08-30 08:04:02,871 [Thread-3584] INFO  impl.RoleInfo (RoleInfo.java:shutdownFollowerState(121)) - 54172fe4-c822-464b-9b19-b53f6a732349: shutdown FollowerState
2019-08-30 08:04:02,872 [Thread-3584] INFO  impl.RaftServerImpl (RaftServerImpl.java:setRole(171)) - 54172fe4-c822-464b-9b19-b53f6a732349:group-E04E7EB1871C changes role from FOLLOWER to CANDIDATE at term 0 for changeToCandidate
2019-08-30 08:04:02,872 [Thread-3584] INFO  impl.RoleInfo (RoleInfo.java:updateAndGet(143)) - 54172fe4-c822-464b-9b19-b53f6a732349: start LeaderElection
2019-08-30 08:04:02,878 [6a7c8852-17d8-4446-bc4c-67410121ad93-SegmentedRaftLogWorker:Storage Directory /workdir/hadoop-ozone/integration-test/target/test-dir/MiniOzoneClusterImpl-0a678d0b-345d-45b6-820b-f96c3cc761ae/datanode-1/data/ratis/79995f7b-84f8-4e37-990c-ecb1b973f66a] INFO  segmented.SegmentedRaftLogWorker (SegmentedRaftLogWorker.java:execute(569)) - 6a7c8852-17d8-4446-bc4c-67410121ad93-SegmentedRaftLogWorker:Storage Directory /workdir/hadoop-ozone/integration-test/target/test-dir/MiniOzoneClusterImpl-0a678d0b-345d-45b6-820b-f96c3cc761ae/datanode-1/data/ratis/79995f7b-84f8-4e37-990c-ecb1b973f66a: created new log segment /workdir/hadoop-ozone/integration-test/target/test-dir/MiniOzoneClusterImpl-0a678d0b-345d-45b6-820b-f96c3cc761ae/datanode-1/data/ratis/79995f7b-84f8-4e37-990c-ecb1b973f66a/current/log_inprogress_0
2019-08-30 08:04:02,946 | INFO  | SCMAudit | user=jenkins1000 | ip=192.168.5.184 | op=SEND_HEARTBEAT {datanodeUUID=0e927250-a3c1-4323-8ecd-88ceb047c264, command=[]} | ret=SUCCESS |  
2019-08-30 08:04:02,957 [54172fe4-c822-464b-9b19-b53f6a732349:group-E04E7EB1871C:LeaderElection82] INFO  impl.LeaderElection (LeaderElection.java:askForVotes(181)) - 54172fe4-c822-464b-9b19-b53f6a732349:group-E04E7EB1871C:LeaderElection82: begin an election at term 1 for -1: [54172fe4-c822-464b-9b19-b53f6a732349:192.168.5.184:42780], old=null
2019-08-30 08:04:02,957 [54172fe4-c822-464b-9b19-b53f6a732349:group-E04E7EB1871C:LeaderElection82] INFO  impl.RoleInfo (RoleInfo.java:shutdownLeaderElection(134)) - 54172fe4-c822-464b-9b19-b53f6a732349: shutdown LeaderElection
2019-08-30 08:04:02,957 [54172fe4-c822-464b-9b19-b53f6a732349:group-E04E7EB1871C:LeaderElection82] INFO  impl.RaftServerImpl (RaftServerImpl.java:setRole(171)) - 54172fe4-c822-464b-9b19-b53f6a732349:group-E04E7EB1871C changes role from CANDIDATE to LEADER at term 1 for changeToLeader
2019-08-30 08:04:02,957 [54172fe4-c822-464b-9b19-b53f6a732349:group-E04E7EB1871C:LeaderElection82] INFO  impl.RaftServerImpl (ServerState.java:setLeader(263)) - 54172fe4-c822-464b-9b19-b53f6a732349:group-E04E7EB1871C change Leader from null to 54172fe4-c822-464b-9b19-b53f6a732349 at term 1 for becomeLeader, leader elected after 5147ms
2019-08-30 08:04:02,957 [54172fe4-c822-464b-9b19-b53f6a732349:group-E04E7EB1871C:LeaderElection82] INFO  server.RaftServerConfigKeys (ConfUtils.java:logGet(43)) - raft.server.staging.catchup.gap = 1000 (default)
2019-08-30 08:04:02,957 [54172fe4-c822-464b-9b19-b53f6a732349:group-E04E7EB1871C:LeaderElection82] INFO  server.RaftServerConfigKeys (ConfUtils.java:logGet(43)) - raft.server.rpc.sleep.time = 25ms (default)
2019-08-30 08:04:02,958 [54172fe4-c822-464b-9b19-b53f6a732349:group-E04E7EB1871C:LeaderElection82] INFO  server.RaftServerConfigKeys (ConfUtils.java:logGet(43)) - raft.server.write.element-limit = 4096 (default)
2019-08-30 08:04:02,958 [54172fe4-c822-464b-9b19-b53f6a732349:group-E04E7EB1871C:LeaderElection82] INFO  server.RaftServerConfigKeys (ConfUtils.java:logGet(43)) - raft.server.watch.timeout = 10s (default)
2019-08-30 08:04:02,958 [54172fe4-c822-464b-9b19-b53f6a732349:group-E04E7EB1871C:LeaderElection82] INFO  server.RaftServerConfigKeys (ConfUtils.java:logGet(43)) - raft.server.watch.timeout.denomination = 1s (default)
2019-08-30 08:04:02,958 [54172fe4-c822-464b-9b19-b53f6a732349:group-E04E7EB1871C:LeaderElection82] INFO  server.RaftServerConfigKeys (ConfUtils.java:logGet(43)) - raft.server.watch.element-limit = 65536 (default)
2019-08-30 08:04:02,958 [54172fe4-c822-464b-9b19-b53f6a732349:group-E04E7EB1871C:LeaderElection82] INFO  impl.RoleInfo (RoleInfo.java:updateAndGet(143)) - 54172fe4-c822-464b-9b19-b53f6a732349: start LeaderState
2019-08-30 08:04:02,959 [54172fe4-c822-464b-9b19-b53f6a732349:group-E04E7EB1871C:LeaderElection82] INFO  segmented.SegmentedRaftLogWorker (SegmentedRaftLogWorker.java:startLogSegment(380)) - 54172fe4-c822-464b-9b19-b53f6a732349-SegmentedRaftLogWorker:Storage Directory /workdir/hadoop-ozone/integration-test/target/test-dir/MiniOzoneClusterImpl-0a678d0b-345d-45b6-820b-f96c3cc761ae/datanode-2/data/ratis/b1c94aab-e051-42b6-8c06-e04e7eb1871c: Starting segment from index:0
2019-08-30 08:04:02,959 [54172fe4-c822-464b-9b19-b53f6a732349:group-E04E7EB1871C:LeaderElection82] INFO  impl.RaftServerImpl (ServerState.java:setRaftConf(361)) - 54172fe4-c822-464b-9b19-b53f6a732349:group-E04E7EB1871C set configuration 0: [54172fe4-c822-464b-9b19-b53f6a732349:192.168.5.184:42780], old=null at 0
2019-08-30 08:04:03,009 | INFO  | SCMAudit | user=jenkins1000 | ip=192.168.5.184 | op=SEND_HEARTBEAT {datanodeUUID=b02d5434-9006-43db-863d-3b3a4b7891d5, command=[]} | ret=SUCCESS |  
2019-08-30 08:04:03,009 [Thread-3587] INFO  impl.FollowerState (FollowerState.java:run(106)) - b02d5434-9006-43db-863d-3b3a4b7891d5:group-2D46FCC2CACD changes to CANDIDATE, lastRpcTime:5061, electionTimeout:5061ms
2019-08-30 08:04:03,009 [Thread-3587] INFO  impl.RoleInfo (RoleInfo.java:shutdownFollowerState(121)) - b02d5434-9006-43db-863d-3b3a4b7891d5: shutdown FollowerState
2019-08-30 08:04:03,009 [Thread-3587] INFO  impl.RaftServerImpl (RaftServerImpl.java:setRole(171)) - b02d5434-9006-43db-863d-3b3a4b7891d5:group-2D46FCC2CACD changes role from FOLLOWER to CANDIDATE at term 0 for changeToCandidate
2019-08-30 08:04:03,009 [Thread-3587] INFO  impl.RoleInfo (RoleInfo.java:updateAndGet(143)) - b02d5434-9006-43db-863d-3b3a4b7891d5: start LeaderElection
2019-08-30 08:04:03,060 [54172fe4-c822-464b-9b19-b53f6a732349-SegmentedRaftLogWorker:Storage Directory /workdir/hadoop-ozone/integration-test/target/test-dir/MiniOzoneClusterImpl-0a678d0b-345d-45b6-820b-f96c3cc761ae/datanode-2/data/ratis/b1c94aab-e051-42b6-8c06-e04e7eb1871c] INFO  segmented.SegmentedRaftLogWorker (SegmentedRaftLogWorker.java:execute(569)) - 54172fe4-c822-464b-9b19-b53f6a732349-SegmentedRaftLogWorker:Storage Directory /workdir/hadoop-ozone/integration-test/target/test-dir/MiniOzoneClusterImpl-0a678d0b-345d-45b6-820b-f96c3cc761ae/datanode-2/data/ratis/b1c94aab-e051-42b6-8c06-e04e7eb1871c: created new log segment /workdir/hadoop-ozone/integration-test/target/test-dir/MiniOzoneClusterImpl-0a678d0b-345d-45b6-820b-f96c3cc761ae/datanode-2/data/ratis/b1c94aab-e051-42b6-8c06-e04e7eb1871c/current/log_inprogress_0
2019-08-30 08:04:03,071 [Thread-3593] INFO  impl.FollowerState (FollowerState.java:run(106)) - 54172fe4-c822-464b-9b19-b53f6a732349:group-2D46FCC2CACD changes to CANDIDATE, lastRpcTime:5116, electionTimeout:5116ms
2019-08-30 08:04:03,071 [Thread-3593] INFO  impl.RoleInfo (RoleInfo.java:shutdownFollowerState(121)) - 54172fe4-c822-464b-9b19-b53f6a732349: shutdown FollowerState
2019-08-30 08:04:03,071 [Thread-3593] INFO  impl.RaftServerImpl (RaftServerImpl.java:setRole(171)) - 54172fe4-c822-464b-9b19-b53f6a732349:group-2D46FCC2CACD changes role from FOLLOWER to CANDIDATE at term 0 for changeToCandidate
2019-08-30 08:04:03,071 [Thread-3593] INFO  impl.RoleInfo (RoleInfo.java:updateAndGet(143)) - 54172fe4-c822-464b-9b19-b53f6a732349: start LeaderElection
2019-08-30 08:04:03,086 [Thread-3590] INFO  impl.FollowerState (FollowerState.java:run(106)) - 6a7c8852-17d8-4446-bc4c-67410121ad93:group-2D46FCC2CACD changes to CANDIDATE, lastRpcTime:5137, electionTimeout:5133ms
2019-08-30 08:04:03,086 [Thread-3590] INFO  impl.RoleInfo (RoleInfo.java:shutdownFollowerState(121)) - 6a7c8852-17d8-4446-bc4c-67410121ad93: shutdown FollowerState
2019-08-30 08:04:03,086 [Thread-3590] INFO  impl.RaftServerImpl (RaftServerImpl.java:setRole(171)) - 6a7c8852-17d8-4446-bc4c-67410121ad93:group-2D46FCC2CACD changes role from FOLLOWER to CANDIDATE at term 0 for changeToCandidate
2019-08-30 08:04:03,087 [Thread-3590] INFO  impl.RoleInfo (RoleInfo.java:updateAndGet(143)) - 6a7c8852-17d8-4446-bc4c-67410121ad93: start LeaderElection
2019-08-30 08:04:03,112 [b02d5434-9006-43db-863d-3b3a4b7891d5:group-2D46FCC2CACD:LeaderElection83] INFO  impl.LeaderElection (LeaderElection.java:askForVotes(181)) - b02d5434-9006-43db-863d-3b3a4b7891d5:group-2D46FCC2CACD:LeaderElection83: begin an election at term 1 for -1: [6a7c8852-17d8-4446-bc4c-67410121ad93:192.168.5.184:42040, 54172fe4-c822-464b-9b19-b53f6a732349:192.168.5.184:42780, b02d5434-9006-43db-863d-3b3a4b7891d5:192.168.5.184:43754], old=null
2019-08-30 08:04:03,123 [6a7c8852-17d8-4446-bc4c-67410121ad93:group-2D46FCC2CACD:LeaderElection85] INFO  impl.LeaderElection (LeaderElection.java:askForVotes(181)) - 6a7c8852-17d8-4446-bc4c-67410121ad93:group-2D46FCC2CACD:LeaderElection85: begin an election at term 1 for -1: [6a7c8852-17d8-4446-bc4c-67410121ad93:192.168.5.184:42040, 54172fe4-c822-464b-9b19-b53f6a732349:192.168.5.184:42780, b02d5434-9006-43db-863d-3b3a4b7891d5:192.168.5.184:43754], old=null
2019-08-30 08:04:03,123 [54172fe4-c822-464b-9b19-b53f6a732349:group-2D46FCC2CACD:LeaderElection84] INFO  impl.LeaderElection (LeaderElection.java:askForVotes(181)) - 54172fe4-c822-464b-9b19-b53f6a732349:group-2D46FCC2CACD:LeaderElection84: begin an election at term 1 for -1: [6a7c8852-17d8-4446-bc4c-67410121ad93:192.168.5.184:42040, 54172fe4-c822-464b-9b19-b53f6a732349:192.168.5.184:42780, b02d5434-9006-43db-863d-3b3a4b7891d5:192.168.5.184:43754], old=null
2019-08-30 08:04:03,127 [b02d5434-9006-43db-863d-3b3a4b7891d5:group-2D46FCC2CACD:LeaderElection83] INFO  impl.LeaderElection (LeaderElection.java:logAndReturn(56)) - b02d5434-9006-43db-863d-3b3a4b7891d5:group-2D46FCC2CACD:LeaderElection83: Election REJECTED; received 2 response(s) [b02d5434-9006-43db-863d-3b3a4b7891d5<-6a7c8852-17d8-4446-bc4c-67410121ad93#0:FAIL-t1, b02d5434-9006-43db-863d-3b3a4b7891d5<-54172fe4-c822-464b-9b19-b53f6a732349#0:FAIL-t1] and 0 exception(s); b02d5434-9006-43db-863d-3b3a4b7891d5:t1, leader=null, voted=b02d5434-9006-43db-863d-3b3a4b7891d5, raftlog=b02d5434-9006-43db-863d-3b3a4b7891d5-SegmentedRaftLog:OPENED:c-1,f-1,i0, conf=-1: [6a7c8852-17d8-4446-bc4c-67410121ad93:192.168.5.184:42040, 54172fe4-c822-464b-9b19-b53f6a732349:192.168.5.184:42780, b02d5434-9006-43db-863d-3b3a4b7891d5:192.168.5.184:43754], old=null
2019-08-30 08:04:03,127 [b02d5434-9006-43db-863d-3b3a4b7891d5:group-2D46FCC2CACD:LeaderElection83] INFO  impl.RaftServerImpl (RaftServerImpl.java:setRole(171)) - b02d5434-9006-43db-863d-3b3a4b7891d5:group-2D46FCC2CACD changes role from CANDIDATE to FOLLOWER at term 1 for DISCOVERED_A_NEW_TERM
2019-08-30 08:04:03,127 [b02d5434-9006-43db-863d-3b3a4b7891d5:group-2D46FCC2CACD:LeaderElection83] INFO  impl.RoleInfo (RoleInfo.java:shutdownLeaderElection(134)) - b02d5434-9006-43db-863d-3b3a4b7891d5: shutdown LeaderElection
2019-08-30 08:04:03,127 [b02d5434-9006-43db-863d-3b3a4b7891d5:group-2D46FCC2CACD:LeaderElection83] INFO  impl.RoleInfo (RoleInfo.java:updateAndGet(143)) - b02d5434-9006-43db-863d-3b3a4b7891d5: start FollowerState
2019-08-30 08:04:03,143 [6a7c8852-17d8-4446-bc4c-67410121ad93:group-2D46FCC2CACD:LeaderElection85] INFO  impl.LeaderElection (LeaderElection.java:logAndReturn(56)) - 6a7c8852-17d8-4446-bc4c-67410121ad93:group-2D46FCC2CACD:LeaderElection85: Election REJECTED; received 2 response(s) [6a7c8852-17d8-4446-bc4c-67410121ad93<-54172fe4-c822-464b-9b19-b53f6a732349#0:FAIL-t1, 6a7c8852-17d8-4446-bc4c-67410121ad93<-b02d5434-9006-43db-863d-3b3a4b7891d5#0:FAIL-t1] and 0 exception(s); 6a7c8852-17d8-4446-bc4c-67410121ad93:t1, leader=null, voted=6a7c8852-17d8-4446-bc4c-67410121ad93, raftlog=6a7c8852-17d8-4446-bc4c-67410121ad93-SegmentedRaftLog:OPENED:c-1,f-1,i0, conf=-1: [6a7c8852-17d8-4446-bc4c-67410121ad93:192.168.5.184:42040, 54172fe4-c822-464b-9b19-b53f6a732349:192.168.5.184:42780, b02d5434-9006-43db-863d-3b3a4b7891d5:192.168.5.184:43754], old=null
2019-08-30 08:04:03,143 [54172fe4-c822-464b-9b19-b53f6a732349:group-2D46FCC2CACD:LeaderElection84] INFO  impl.LeaderElection (LeaderElection.java:logAndReturn(56)) - 54172fe4-c822-464b-9b19-b53f6a732349:group-2D46FCC2CACD:LeaderElection84: Election REJECTED; received 2 response(s) [54172fe4-c822-464b-9b19-b53f6a732349<-6a7c8852-17d8-4446-bc4c-67410121ad93#0:FAIL-t1, 54172fe4-c822-464b-9b19-b53f6a732349<-b02d5434-9006-43db-863d-3b3a4b7891d5#0:FAIL-t1] and 0 exception(s); 54172fe4-c822-464b-9b19-b53f6a732349:t1, leader=null, voted=54172fe4-c822-464b-9b19-b53f6a732349, raftlog=54172fe4-c822-464b-9b19-b53f6a732349-SegmentedRaftLog:OPENED:c-1,f-1,i0, conf=-1: [6a7c8852-17d8-4446-bc4c-67410121ad93:192.168.5.184:42040, 54172fe4-c822-464b-9b19-b53f6a732349:192.168.5.184:42780, b02d5434-9006-43db-863d-3b3a4b7891d5:192.168.5.184:43754], old=null
2019-08-30 08:04:03,143 [6a7c8852-17d8-4446-bc4c-67410121ad93:group-2D46FCC2CACD:LeaderElection85] INFO  impl.RaftServerImpl (RaftServerImpl.java:setRole(171)) - 6a7c8852-17d8-4446-bc4c-67410121ad93:group-2D46FCC2CACD changes role from CANDIDATE to FOLLOWER at term 1 for DISCOVERED_A_NEW_TERM
2019-08-30 08:04:03,143 [54172fe4-c822-464b-9b19-b53f6a732349:group-2D46FCC2CACD:LeaderElection84] INFO  impl.RaftServerImpl (RaftServerImpl.java:setRole(171)) - 54172fe4-c822-464b-9b19-b53f6a732349:group-2D46FCC2CACD changes role from CANDIDATE to FOLLOWER at term 1 for DISCOVERED_A_NEW_TERM
2019-08-30 08:04:03,144 [6a7c8852-17d8-4446-bc4c-67410121ad93:group-2D46FCC2CACD:LeaderElection85] INFO  impl.RoleInfo (RoleInfo.java:shutdownLeaderElection(134)) - 6a7c8852-17d8-4446-bc4c-67410121ad93: shutdown LeaderElection
2019-08-30 08:04:03,144 [54172fe4-c822-464b-9b19-b53f6a732349:group-2D46FCC2CACD:LeaderElection84] INFO  impl.RoleInfo (RoleInfo.java:shutdownLeaderElection(134)) - 54172fe4-c822-464b-9b19-b53f6a732349: shutdown LeaderElection
2019-08-30 08:04:03,144 [6a7c8852-17d8-4446-bc4c-67410121ad93:group-2D46FCC2CACD:LeaderElection85] INFO  impl.RoleInfo (RoleInfo.java:updateAndGet(143)) - 6a7c8852-17d8-4446-bc4c-67410121ad93: start FollowerState
2019-08-30 08:04:03,144 [54172fe4-c822-464b-9b19-b53f6a732349:group-2D46FCC2CACD:LeaderElection84] INFO  impl.RoleInfo (RoleInfo.java:updateAndGet(143)) - 54172fe4-c822-464b-9b19-b53f6a732349: start FollowerState
2019-08-30 08:04:03,144 [grpc-default-executor-7] INFO  client.GrpcClientProtocolClient (GrpcClientProtocolClient.java:onNext(255)) - client-0F6E9B4249EF->b02d5434-9006-43db-863d-3b3a4b7891d5: receive RaftClientReply:client-0F6E9B4249EF->b02d5434-9006-43db-863d-3b3a4b7891d5@group-2D46FCC2CACD, cid=176, FAILED org.apache.ratis.protocol.NotLeaderException: Server b02d5434-9006-43db-863d-3b3a4b7891d5 is not the leader (null). Request must be sent to leader., logIndex=0, commits[b02d5434-9006-43db-863d-3b3a4b7891d5:c-1]
2019-08-30 08:04:03,166 | INFO  | SCMAudit | user=jenkins1000 | ip=192.168.5.184 | op=SEND_HEARTBEAT {datanodeUUID=fed6186c-90e1-4c5c-ac3c-62fdedc4e65b, command=[]} | ret=SUCCESS |  
2019-08-30 08:04:03,357 | INFO  | SCMAudit | user=jenkins1000 | ip=192.168.5.184 | op=SEND_HEARTBEAT {datanodeUUID=e5f38b28-009a-4f22-a943-cfa04c7253b1, command=[]} | ret=SUCCESS |  
2019-08-30 08:04:03,465 | INFO  | SCMAudit | user=jenkins1000 | ip=192.168.5.184 | op=SEND_HEARTBEAT {datanodeUUID=6a7c8852-17d8-4446-bc4c-67410121ad93, command=[]} | ret=SUCCESS |  
2019-08-30 08:04:03,508 [Thread-3596] INFO  impl.FollowerState (FollowerState.java:run(106)) - 0e927250-a3c1-4323-8ecd-88ceb047c264:group-56061D4A29EE changes to CANDIDATE, lastRpcTime:5164, electionTimeout:5164ms
2019-08-30 08:04:03,508 [Thread-3596] INFO  impl.RoleInfo (RoleInfo.java:shutdownFollowerState(121)) - 0e927250-a3c1-4323-8ecd-88ceb047c264: shutdown FollowerState
2019-08-30 08:04:03,508 [Thread-3596] INFO  impl.RaftServerImpl (RaftServerImpl.java:setRole(171)) - 0e927250-a3c1-4323-8ecd-88ceb047c264:group-56061D4A29EE changes role from FOLLOWER to CANDIDATE at term 0 for changeToCandidate
2019-08-30 08:04:03,509 [Thread-3596] INFO  impl.RoleInfo (RoleInfo.java:updateAndGet(143)) - 0e927250-a3c1-4323-8ecd-88ceb047c264: start LeaderElection
2019-08-30 08:04:03,557 | INFO  | SCMAudit | user=jenkins1000 | ip=192.168.5.184 | op=SEND_HEARTBEAT {datanodeUUID=290ef2ed-fd58-4a3d-bde6-9b5b13914a39, command=[]} | ret=SUCCESS |  
2019-08-30 08:04:03,603 [0e927250-a3c1-4323-8ecd-88ceb047c264:group-56061D4A29EE:LeaderElection86] INFO  impl.LeaderElection (LeaderElection.java:askForVotes(181)) - 0e927250-a3c1-4323-8ecd-88ceb047c264:group-56061D4A29EE:LeaderElection86: begin an election at term 1 for -1: [0e927250-a3c1-4323-8ecd-88ceb047c264:192.168.5.184:41239], old=null
2019-08-30 08:04:03,603 [0e927250-a3c1-4323-8ecd-88ceb047c264:group-56061D4A29EE:LeaderElection86] INFO  impl.RoleInfo (RoleInfo.java:shutdownLeaderElection(134)) - 0e927250-a3c1-4323-8ecd-88ceb047c264: shutdown LeaderElection
2019-08-30 08:04:03,603 [0e927250-a3c1-4323-8ecd-88ceb047c264:group-56061D4A29EE:LeaderElection86] INFO  impl.RaftServerImpl (RaftServerImpl.java:setRole(171)) - 0e927250-a3c1-4323-8ecd-88ceb047c264:group-56061D4A29EE changes role from CANDIDATE to LEADER at term 1 for changeToLeader
2019-08-30 08:04:03,603 [0e927250-a3c1-4323-8ecd-88ceb047c264:group-56061D4A29EE:LeaderElection86] INFO  impl.RaftServerImpl (ServerState.java:setLeader(263)) - 0e927250-a3c1-4323-8ecd-88ceb047c264:group-56061D4A29EE change Leader from null to 0e927250-a3c1-4323-8ecd-88ceb047c264 at term 1 for becomeLeader, leader elected after 5265ms
2019-08-30 08:04:03,604 [0e927250-a3c1-4323-8ecd-88ceb047c264:group-56061D4A29EE:LeaderElection86] INFO  server.RaftServerConfigKeys (ConfUtils.java:logGet(43)) - raft.server.staging.catchup.gap = 1000 (default)
2019-08-30 08:04:03,604 [0e927250-a3c1-4323-8ecd-88ceb047c264:group-56061D4A29EE:LeaderElection86] INFO  server.RaftServerConfigKeys (ConfUtils.java:logGet(43)) - raft.server.rpc.sleep.time = 25ms (default)
2019-08-30 08:04:03,604 [0e927250-a3c1-4323-8ecd-88ceb047c264:group-56061D4A29EE:LeaderElection86] INFO  server.RaftServerConfigKeys (ConfUtils.java:logGet(43)) - raft.server.write.element-limit = 4096 (default)
2019-08-30 08:04:03,604 [0e927250-a3c1-4323-8ecd-88ceb047c264:group-56061D4A29EE:LeaderElection86] INFO  server.RaftServerConfigKeys (ConfUtils.java:logGet(43)) - raft.server.watch.timeout = 10s (default)
2019-08-30 08:04:03,604 [0e927250-a3c1-4323-8ecd-88ceb047c264:group-56061D4A29EE:LeaderElection86] INFO  server.RaftServerConfigKeys (ConfUtils.java:logGet(43)) - raft.server.watch.timeout.denomination = 1s (default)
2019-08-30 08:04:03,605 [0e927250-a3c1-4323-8ecd-88ceb047c264:group-56061D4A29EE:LeaderElection86] INFO  server.RaftServerConfigKeys (ConfUtils.java:logGet(43)) - raft.server.watch.element-limit = 65536 (default)
2019-08-30 08:04:03,605 [0e927250-a3c1-4323-8ecd-88ceb047c264:group-56061D4A29EE:LeaderElection86] INFO  impl.RoleInfo (RoleInfo.java:updateAndGet(143)) - 0e927250-a3c1-4323-8ecd-88ceb047c264: start LeaderState
2019-08-30 08:04:03,605 [0e927250-a3c1-4323-8ecd-88ceb047c264:group-56061D4A29EE:LeaderElection86] INFO  segmented.SegmentedRaftLogWorker (SegmentedRaftLogWorker.java:startLogSegment(380)) - 0e927250-a3c1-4323-8ecd-88ceb047c264-SegmentedRaftLogWorker:Storage Directory /workdir/hadoop-ozone/integration-test/target/test-dir/MiniOzoneClusterImpl-0a678d0b-345d-45b6-820b-f96c3cc761ae/datanode-3/data/ratis/b643a610-fd7f-4668-98d9-56061d4a29ee: Starting segment from index:0
2019-08-30 08:04:03,606 [0e927250-a3c1-4323-8ecd-88ceb047c264:group-56061D4A29EE:LeaderElection86] INFO  impl.RaftServerImpl (ServerState.java:setRaftConf(361)) - 0e927250-a3c1-4323-8ecd-88ceb047c264:group-56061D4A29EE set configuration 0: [0e927250-a3c1-4323-8ecd-88ceb047c264:192.168.5.184:41239], old=null at 0
2019-08-30 08:04:03,695 [Thread-3604] INFO  impl.FollowerState (FollowerState.java:run(106)) - fed6186c-90e1-4c5c-ac3c-62fdedc4e65b:group-B7A6CEC9EF9C changes to CANDIDATE, lastRpcTime:5025, electionTimeout:5025ms
2019-08-30 08:04:03,695 [Thread-3604] INFO  impl.RoleInfo (RoleInfo.java:shutdownFollowerState(121)) - fed6186c-90e1-4c5c-ac3c-62fdedc4e65b: shutdown FollowerState
2019-08-30 08:04:03,695 [Thread-3604] INFO  impl.RaftServerImpl (RaftServerImpl.java:setRole(171)) - fed6186c-90e1-4c5c-ac3c-62fdedc4e65b:group-B7A6CEC9EF9C changes role from FOLLOWER to CANDIDATE at term 0 for changeToCandidate
2019-08-30 08:04:03,696 [Thread-3604] INFO  impl.RoleInfo (RoleInfo.java:updateAndGet(143)) - fed6186c-90e1-4c5c-ac3c-62fdedc4e65b: start LeaderElection
2019-08-30 08:04:03,714 | INFO  | SCMAudit | user=jenkins1000 | ip=192.168.5.184 | op=SEND_HEARTBEAT {datanodeUUID=54172fe4-c822-464b-9b19-b53f6a732349, command=[]} | ret=SUCCESS |  
2019-08-30 08:04:03,716 [0e927250-a3c1-4323-8ecd-88ceb047c264-SegmentedRaftLogWorker:Storage Directory /workdir/hadoop-ozone/integration-test/target/test-dir/MiniOzoneClusterImpl-0a678d0b-345d-45b6-820b-f96c3cc761ae/datanode-3/data/ratis/b643a610-fd7f-4668-98d9-56061d4a29ee] INFO  segmented.SegmentedRaftLogWorker (SegmentedRaftLogWorker.java:execute(569)) - 0e927250-a3c1-4323-8ecd-88ceb047c264-SegmentedRaftLogWorker:Storage Directory /workdir/hadoop-ozone/integration-test/target/test-dir/MiniOzoneClusterImpl-0a678d0b-345d-45b6-820b-f96c3cc761ae/datanode-3/data/ratis/b643a610-fd7f-4668-98d9-56061d4a29ee: created new log segment /workdir/hadoop-ozone/integration-test/target/test-dir/MiniOzoneClusterImpl-0a678d0b-345d-45b6-820b-f96c3cc761ae/datanode-3/data/ratis/b643a610-fd7f-4668-98d9-56061d4a29ee/current/log_inprogress_0
2019-08-30 08:04:03,733 [Thread-3599] INFO  impl.FollowerState (FollowerState.java:run(106)) - e5f38b28-009a-4f22-a943-cfa04c7253b1:group-5086B51C9777 changes to CANDIDATE, lastRpcTime:5197, electionTimeout:5197ms
2019-08-30 08:04:03,733 [Thread-3599] INFO  impl.RoleInfo (RoleInfo.java:shutdownFollowerState(121)) - e5f38b28-009a-4f22-a943-cfa04c7253b1: shutdown FollowerState
2019-08-30 08:04:03,733 [Thread-3599] INFO  impl.RaftServerImpl (RaftServerImpl.java:setRole(171)) - e5f38b28-009a-4f22-a943-cfa04c7253b1:group-5086B51C9777 changes role from FOLLOWER to CANDIDATE at term 0 for changeToCandidate
2019-08-30 08:04:03,734 [Thread-3599] INFO  impl.RoleInfo (RoleInfo.java:updateAndGet(143)) - e5f38b28-009a-4f22-a943-cfa04c7253b1: start LeaderElection
2019-08-30 08:04:03,764 [fed6186c-90e1-4c5c-ac3c-62fdedc4e65b:group-B7A6CEC9EF9C:LeaderElection87] INFO  impl.LeaderElection (LeaderElection.java:askForVotes(181)) - fed6186c-90e1-4c5c-ac3c-62fdedc4e65b:group-B7A6CEC9EF9C:LeaderElection87: begin an election at term 1 for -1: [fed6186c-90e1-4c5c-ac3c-62fdedc4e65b:192.168.5.184:34114], old=null
2019-08-30 08:04:03,764 [fed6186c-90e1-4c5c-ac3c-62fdedc4e65b:group-B7A6CEC9EF9C:LeaderElection87] INFO  impl.RoleInfo (RoleInfo.java:shutdownLeaderElection(134)) - fed6186c-90e1-4c5c-ac3c-62fdedc4e65b: shutdown LeaderElection
2019-08-30 08:04:03,764 [fed6186c-90e1-4c5c-ac3c-62fdedc4e65b:group-B7A6CEC9EF9C:LeaderElection87] INFO  impl.RaftServerImpl (RaftServerImpl.java:setRole(171)) - fed6186c-90e1-4c5c-ac3c-62fdedc4e65b:group-B7A6CEC9EF9C changes role from CANDIDATE to LEADER at term 1 for changeToLeader
2019-08-30 08:04:03,765 [fed6186c-90e1-4c5c-ac3c-62fdedc4e65b:group-B7A6CEC9EF9C:LeaderElection87] INFO  impl.RaftServerImpl (ServerState.java:setLeader(263)) - fed6186c-90e1-4c5c-ac3c-62fdedc4e65b:group-B7A6CEC9EF9C change Leader from null to fed6186c-90e1-4c5c-ac3c-62fdedc4e65b at term 1 for becomeLeader, leader elected after 5101ms
2019-08-30 08:04:03,765 [fed6186c-90e1-4c5c-ac3c-62fdedc4e65b:group-B7A6CEC9EF9C:LeaderElection87] INFO  server.RaftServerConfigKeys (ConfUtils.java:logGet(43)) - raft.server.staging.catchup.gap = 1000 (default)
2019-08-30 08:04:03,765 [fed6186c-90e1-4c5c-ac3c-62fdedc4e65b:group-B7A6CEC9EF9C:LeaderElection87] INFO  server.RaftServerConfigKeys (ConfUtils.java:logGet(43)) - raft.server.rpc.sleep.time = 25ms (default)
2019-08-30 08:04:03,765 [fed6186c-90e1-4c5c-ac3c-62fdedc4e65b:group-B7A6CEC9EF9C:LeaderElection87] INFO  server.RaftServerConfigKeys (ConfUtils.java:logGet(43)) - raft.server.write.element-limit = 4096 (default)
2019-08-30 08:04:03,765 [fed6186c-90e1-4c5c-ac3c-62fdedc4e65b:group-B7A6CEC9EF9C:LeaderElection87] INFO  server.RaftServerConfigKeys (ConfUtils.java:logGet(43)) - raft.server.watch.timeout = 10s (default)
2019-08-30 08:04:03,766 [fed6186c-90e1-4c5c-ac3c-62fdedc4e65b:group-B7A6CEC9EF9C:LeaderElection87] INFO  server.RaftServerConfigKeys (ConfUtils.java:logGet(43)) - raft.server.watch.timeout.denomination = 1s (default)
2019-08-30 08:04:03,766 [fed6186c-90e1-4c5c-ac3c-62fdedc4e65b:group-B7A6CEC9EF9C:LeaderElection87] INFO  server.RaftServerConfigKeys (ConfUtils.java:logGet(43)) - raft.server.watch.element-limit = 65536 (default)
2019-08-30 08:04:03,766 [fed6186c-90e1-4c5c-ac3c-62fdedc4e65b:group-B7A6CEC9EF9C:LeaderElection87] INFO  impl.RoleInfo (RoleInfo.java:updateAndGet(143)) - fed6186c-90e1-4c5c-ac3c-62fdedc4e65b: start LeaderState
2019-08-30 08:04:03,766 [fed6186c-90e1-4c5c-ac3c-62fdedc4e65b:group-B7A6CEC9EF9C:LeaderElection87] INFO  segmented.SegmentedRaftLogWorker (SegmentedRaftLogWorker.java:startLogSegment(380)) - fed6186c-90e1-4c5c-ac3c-62fdedc4e65b-SegmentedRaftLogWorker:Storage Directory /workdir/hadoop-ozone/integration-test/target/test-dir/MiniOzoneClusterImpl-0a678d0b-345d-45b6-820b-f96c3cc761ae/datanode-4/data/ratis/ed290737-6477-472c-98b2-b7a6cec9ef9c: Starting segment from index:0
2019-08-30 08:04:03,767 [fed6186c-90e1-4c5c-ac3c-62fdedc4e65b:group-B7A6CEC9EF9C:LeaderElection87] INFO  impl.RaftServerImpl (ServerState.java:setRaftConf(361)) - fed6186c-90e1-4c5c-ac3c-62fdedc4e65b:group-B7A6CEC9EF9C set configuration 0: [fed6186c-90e1-4c5c-ac3c-62fdedc4e65b:192.168.5.184:34114], old=null at 0
2019-08-30 08:04:03,822 [e5f38b28-009a-4f22-a943-cfa04c7253b1:group-5086B51C9777:LeaderElection88] INFO  impl.LeaderElection (LeaderElection.java:askForVotes(181)) - e5f38b28-009a-4f22-a943-cfa04c7253b1:group-5086B51C9777:LeaderElection88: begin an election at term 1 for -1: [e5f38b28-009a-4f22-a943-cfa04c7253b1:192.168.5.184:38662], old=null
2019-08-30 08:04:03,822 [e5f38b28-009a-4f22-a943-cfa04c7253b1:group-5086B51C9777:LeaderElection88] INFO  impl.RoleInfo (RoleInfo.java:shutdownLeaderElection(134)) - e5f38b28-009a-4f22-a943-cfa04c7253b1: shutdown LeaderElection
2019-08-30 08:04:03,822 [e5f38b28-009a-4f22-a943-cfa04c7253b1:group-5086B51C9777:LeaderElection88] INFO  impl.RaftServerImpl (RaftServerImpl.java:setRole(171)) - e5f38b28-009a-4f22-a943-cfa04c7253b1:group-5086B51C9777 changes role from CANDIDATE to LEADER at term 1 for changeToLeader
2019-08-30 08:04:03,822 [e5f38b28-009a-4f22-a943-cfa04c7253b1:group-5086B51C9777:LeaderElection88] INFO  impl.RaftServerImpl (ServerState.java:setLeader(263)) - e5f38b28-009a-4f22-a943-cfa04c7253b1:group-5086B51C9777 change Leader from null to e5f38b28-009a-4f22-a943-cfa04c7253b1 at term 1 for becomeLeader, leader elected after 5291ms
2019-08-30 08:04:03,822 [e5f38b28-009a-4f22-a943-cfa04c7253b1:group-5086B51C9777:LeaderElection88] INFO  server.RaftServerConfigKeys (ConfUtils.java:logGet(43)) - raft.server.staging.catchup.gap = 1000 (default)
2019-08-30 08:04:03,822 [e5f38b28-009a-4f22-a943-cfa04c7253b1:group-5086B51C9777:LeaderElection88] INFO  server.RaftServerConfigKeys (ConfUtils.java:logGet(43)) - raft.server.rpc.sleep.time = 25ms (default)
2019-08-30 08:04:03,823 [e5f38b28-009a-4f22-a943-cfa04c7253b1:group-5086B51C9777:LeaderElection88] INFO  server.RaftServerConfigKeys (ConfUtils.java:logGet(43)) - raft.server.write.element-limit = 4096 (default)
2019-08-30 08:04:03,823 [e5f38b28-009a-4f22-a943-cfa04c7253b1:group-5086B51C9777:LeaderElection88] INFO  server.RaftServerConfigKeys (ConfUtils.java:logGet(43)) - raft.server.watch.timeout = 10s (default)
2019-08-30 08:04:03,823 [e5f38b28-009a-4f22-a943-cfa04c7253b1:group-5086B51C9777:LeaderElection88] INFO  server.RaftServerConfigKeys (ConfUtils.java:logGet(43)) - raft.server.watch.timeout.denomination = 1s (default)
2019-08-30 08:04:03,823 [e5f38b28-009a-4f22-a943-cfa04c7253b1:group-5086B51C9777:LeaderElection88] INFO  server.RaftServerConfigKeys (ConfUtils.java:logGet(43)) - raft.server.watch.element-limit = 65536 (default)
2019-08-30 08:04:03,823 [e5f38b28-009a-4f22-a943-cfa04c7253b1:group-5086B51C9777:LeaderElection88] INFO  impl.RoleInfo (RoleInfo.java:updateAndGet(143)) - e5f38b28-009a-4f22-a943-cfa04c7253b1: start LeaderState
2019-08-30 08:04:03,824 [e5f38b28-009a-4f22-a943-cfa04c7253b1:group-5086B51C9777:LeaderElection88] INFO  segmented.SegmentedRaftLogWorker (SegmentedRaftLogWorker.java:startLogSegment(380)) - e5f38b28-009a-4f22-a943-cfa04c7253b1-SegmentedRaftLogWorker:Storage Directory /workdir/hadoop-ozone/integration-test/target/test-dir/MiniOzoneClusterImpl-0a678d0b-345d-45b6-820b-f96c3cc761ae/datanode-5/data/ratis/f232c906-7c9f-4f82-9661-5086b51c9777: Starting segment from index:0
2019-08-30 08:04:03,824 [e5f38b28-009a-4f22-a943-cfa04c7253b1:group-5086B51C9777:LeaderElection88] INFO  impl.RaftServerImpl (ServerState.java:setRaftConf(361)) - e5f38b28-009a-4f22-a943-cfa04c7253b1:group-5086B51C9777 set configuration 0: [e5f38b28-009a-4f22-a943-cfa04c7253b1:192.168.5.184:38662], old=null at 0
2019-08-30 08:04:03,880 [fed6186c-90e1-4c5c-ac3c-62fdedc4e65b-SegmentedRaftLogWorker:Storage Directory /workdir/hadoop-ozone/integration-test/target/test-dir/MiniOzoneClusterImpl-0a678d0b-345d-45b6-820b-f96c3cc761ae/datanode-4/data/ratis/ed290737-6477-472c-98b2-b7a6cec9ef9c] INFO  segmented.SegmentedRaftLogWorker (SegmentedRaftLogWorker.java:execute(569)) - fed6186c-90e1-4c5c-ac3c-62fdedc4e65b-SegmentedRaftLogWorker:Storage Directory /workdir/hadoop-ozone/integration-test/target/test-dir/MiniOzoneClusterImpl-0a678d0b-345d-45b6-820b-f96c3cc761ae/datanode-4/data/ratis/ed290737-6477-472c-98b2-b7a6cec9ef9c: created new log segment /workdir/hadoop-ozone/integration-test/target/test-dir/MiniOzoneClusterImpl-0a678d0b-345d-45b6-820b-f96c3cc761ae/datanode-4/data/ratis/ed290737-6477-472c-98b2-b7a6cec9ef9c/current/log_inprogress_0
2019-08-30 08:04:03,926 [Thread-3607] INFO  impl.FollowerState (FollowerState.java:run(106)) - 290ef2ed-fd58-4a3d-bde6-9b5b13914a39:group-2B0E60E02A7B changes to CANDIDATE, lastRpcTime:5088, electionTimeout:5088ms
2019-08-30 08:04:03,926 [Thread-3607] INFO  impl.RoleInfo (RoleInfo.java:shutdownFollowerState(121)) - 290ef2ed-fd58-4a3d-bde6-9b5b13914a39: shutdown FollowerState
2019-08-30 08:04:03,926 [Thread-3607] INFO  impl.RaftServerImpl (RaftServerImpl.java:setRole(171)) - 290ef2ed-fd58-4a3d-bde6-9b5b13914a39:group-2B0E60E02A7B changes role from FOLLOWER to CANDIDATE at term 0 for changeToCandidate
2019-08-30 08:04:03,926 [Thread-3607] INFO  impl.RoleInfo (RoleInfo.java:updateAndGet(143)) - 290ef2ed-fd58-4a3d-bde6-9b5b13914a39: start LeaderElection
2019-08-30 08:04:03,931 [e5f38b28-009a-4f22-a943-cfa04c7253b1-SegmentedRaftLogWorker:Storage Directory /workdir/hadoop-ozone/integration-test/target/test-dir/MiniOzoneClusterImpl-0a678d0b-345d-45b6-820b-f96c3cc761ae/datanode-5/data/ratis/f232c906-7c9f-4f82-9661-5086b51c9777] INFO  segmented.SegmentedRaftLogWorker (SegmentedRaftLogWorker.java:execute(569)) - e5f38b28-009a-4f22-a943-cfa04c7253b1-SegmentedRaftLogWorker:Storage Directory /workdir/hadoop-ozone/integration-test/target/test-dir/MiniOzoneClusterImpl-0a678d0b-345d-45b6-820b-f96c3cc761ae/datanode-5/data/ratis/f232c906-7c9f-4f82-9661-5086b51c9777: created new log segment /workdir/hadoop-ozone/integration-test/target/test-dir/MiniOzoneClusterImpl-0a678d0b-345d-45b6-820b-f96c3cc761ae/datanode-5/data/ratis/f232c906-7c9f-4f82-9661-5086b51c9777/current/log_inprogress_0
2019-08-30 08:04:03,946 | INFO  | SCMAudit | user=jenkins1000 | ip=192.168.5.184 | op=SEND_HEARTBEAT {datanodeUUID=0e927250-a3c1-4323-8ecd-88ceb047c264, command=[]} | ret=SUCCESS |  
2019-08-30 08:04:03,978 [290ef2ed-fd58-4a3d-bde6-9b5b13914a39:group-2B0E60E02A7B:LeaderElection89] INFO  impl.LeaderElection (LeaderElection.java:askForVotes(181)) - 290ef2ed-fd58-4a3d-bde6-9b5b13914a39:group-2B0E60E02A7B:LeaderElection89: begin an election at term 1 for -1: [290ef2ed-fd58-4a3d-bde6-9b5b13914a39:192.168.5.184:37854], old=null
2019-08-30 08:04:03,978 [290ef2ed-fd58-4a3d-bde6-9b5b13914a39:group-2B0E60E02A7B:LeaderElection89] INFO  impl.RoleInfo (RoleInfo.java:shutdownLeaderElection(134)) - 290ef2ed-fd58-4a3d-bde6-9b5b13914a39: shutdown LeaderElection
2019-08-30 08:04:03,978 [290ef2ed-fd58-4a3d-bde6-9b5b13914a39:group-2B0E60E02A7B:LeaderElection89] INFO  impl.RaftServerImpl (RaftServerImpl.java:setRole(171)) - 290ef2ed-fd58-4a3d-bde6-9b5b13914a39:group-2B0E60E02A7B changes role from CANDIDATE to LEADER at term 1 for changeToLeader
2019-08-30 08:04:03,978 [290ef2ed-fd58-4a3d-bde6-9b5b13914a39:group-2B0E60E02A7B:LeaderElection89] INFO  impl.RaftServerImpl (ServerState.java:setLeader(263)) - 290ef2ed-fd58-4a3d-bde6-9b5b13914a39:group-2B0E60E02A7B change Leader from null to 290ef2ed-fd58-4a3d-bde6-9b5b13914a39 at term 1 for becomeLeader, leader elected after 5145ms
2019-08-30 08:04:03,979 [290ef2ed-fd58-4a3d-bde6-9b5b13914a39:group-2B0E60E02A7B:LeaderElection89] INFO  server.RaftServerConfigKeys (ConfUtils.java:logGet(43)) - raft.server.staging.catchup.gap = 1000 (default)
2019-08-30 08:04:03,979 [290ef2ed-fd58-4a3d-bde6-9b5b13914a39:group-2B0E60E02A7B:LeaderElection89] INFO  server.RaftServerConfigKeys (ConfUtils.java:logGet(43)) - raft.server.rpc.sleep.time = 25ms (default)
2019-08-30 08:04:03,979 [290ef2ed-fd58-4a3d-bde6-9b5b13914a39:group-2B0E60E02A7B:LeaderElection89] INFO  server.RaftServerConfigKeys (ConfUtils.java:logGet(43)) - raft.server.write.element-limit = 4096 (default)
2019-08-30 08:04:03,979 [290ef2ed-fd58-4a3d-bde6-9b5b13914a39:group-2B0E60E02A7B:LeaderElection89] INFO  server.RaftServerConfigKeys (ConfUtils.java:logGet(43)) - raft.server.watch.timeout = 10s (default)
2019-08-30 08:04:03,979 [290ef2ed-fd58-4a3d-bde6-9b5b13914a39:group-2B0E60E02A7B:LeaderElection89] INFO  server.RaftServerConfigKeys (ConfUtils.java:logGet(43)) - raft.server.watch.timeout.denomination = 1s (default)
2019-08-30 08:04:03,979 [290ef2ed-fd58-4a3d-bde6-9b5b13914a39:group-2B0E60E02A7B:LeaderElection89] INFO  server.RaftServerConfigKeys (ConfUtils.java:logGet(43)) - raft.server.watch.element-limit = 65536 (default)
2019-08-30 08:04:03,980 [290ef2ed-fd58-4a3d-bde6-9b5b13914a39:group-2B0E60E02A7B:LeaderElection89] INFO  impl.RoleInfo (RoleInfo.java:updateAndGet(143)) - 290ef2ed-fd58-4a3d-bde6-9b5b13914a39: start LeaderState
2019-08-30 08:04:03,980 [290ef2ed-fd58-4a3d-bde6-9b5b13914a39:group-2B0E60E02A7B:LeaderElection89] INFO  segmented.SegmentedRaftLogWorker (SegmentedRaftLogWorker.java:startLogSegment(380)) - 290ef2ed-fd58-4a3d-bde6-9b5b13914a39-SegmentedRaftLogWorker:Storage Directory /workdir/hadoop-ozone/integration-test/target/test-dir/MiniOzoneClusterImpl-0a678d0b-345d-45b6-820b-f96c3cc761ae/datanode-6/data/ratis/15371c8f-1e5b-4c8b-ab00-2b0e60e02a7b: Starting segment from index:0
2019-08-30 08:04:03,980 [290ef2ed-fd58-4a3d-bde6-9b5b13914a39:group-2B0E60E02A7B:LeaderElection89] INFO  impl.RaftServerImpl (ServerState.java:setRaftConf(361)) - 290ef2ed-fd58-4a3d-bde6-9b5b13914a39:group-2B0E60E02A7B set configuration 0: [290ef2ed-fd58-4a3d-bde6-9b5b13914a39:192.168.5.184:37854], old=null at 0
2019-08-30 08:04:04,011 [Thread-3615] INFO  impl.FollowerState (FollowerState.java:run(106)) - e5f38b28-009a-4f22-a943-cfa04c7253b1:group-631FC3E3E722 changes to CANDIDATE, lastRpcTime:5014, electionTimeout:5010ms
2019-08-30 08:04:04,011 [Thread-3615] INFO  impl.RoleInfo (RoleInfo.java:shutdownFollowerState(121)) - e5f38b28-009a-4f22-a943-cfa04c7253b1: shutdown FollowerState
2019-08-30 08:04:04,012 [Thread-3615] INFO  impl.RaftServerImpl (RaftServerImpl.java:setRole(171)) - e5f38b28-009a-4f22-a943-cfa04c7253b1:group-631FC3E3E722 changes role from FOLLOWER to CANDIDATE at term 0 for changeToCandidate
2019-08-30 08:04:04,012 [Thread-3615] INFO  impl.RoleInfo (RoleInfo.java:updateAndGet(143)) - e5f38b28-009a-4f22-a943-cfa04c7253b1: start LeaderElection
2019-08-30 08:04:04,015 | INFO  | SCMAudit | user=jenkins1000 | ip=192.168.5.184 | op=SEND_HEARTBEAT {datanodeUUID=b02d5434-9006-43db-863d-3b3a4b7891d5, command=[]} | ret=SUCCESS |  
2019-08-30 08:04:04,025 [Thread-3614] INFO  impl.FollowerState (FollowerState.java:run(106)) - 0e927250-a3c1-4323-8ecd-88ceb047c264:group-631FC3E3E722 changes to CANDIDATE, lastRpcTime:5028, electionTimeout:5024ms
2019-08-30 08:04:04,025 [Thread-3614] INFO  impl.RoleInfo (RoleInfo.java:shutdownFollowerState(121)) - 0e927250-a3c1-4323-8ecd-88ceb047c264: shutdown FollowerState
2019-08-30 08:04:04,025 [Thread-3614] INFO  impl.RaftServerImpl (RaftServerImpl.java:setRole(171)) - 0e927250-a3c1-4323-8ecd-88ceb047c264:group-631FC3E3E722 changes role from FOLLOWER to CANDIDATE at term 0 for changeToCandidate
2019-08-30 08:04:04,026 [Thread-3614] INFO  impl.RoleInfo (RoleInfo.java:updateAndGet(143)) - 0e927250-a3c1-4323-8ecd-88ceb047c264: start LeaderElection
2019-08-30 08:04:04,088 [290ef2ed-fd58-4a3d-bde6-9b5b13914a39-SegmentedRaftLogWorker:Storage Directory /workdir/hadoop-ozone/integration-test/target/test-dir/MiniOzoneClusterImpl-0a678d0b-345d-45b6-820b-f96c3cc761ae/datanode-6/data/ratis/15371c8f-1e5b-4c8b-ab00-2b0e60e02a7b] INFO  segmented.SegmentedRaftLogWorker (SegmentedRaftLogWorker.java:execute(569)) - 290ef2ed-fd58-4a3d-bde6-9b5b13914a39-SegmentedRaftLogWorker:Storage Directory /workdir/hadoop-ozone/integration-test/target/test-dir/MiniOzoneClusterImpl-0a678d0b-345d-45b6-820b-f96c3cc761ae/datanode-6/data/ratis/15371c8f-1e5b-4c8b-ab00-2b0e60e02a7b: created new log segment /workdir/hadoop-ozone/integration-test/target/test-dir/MiniOzoneClusterImpl-0a678d0b-345d-45b6-820b-f96c3cc761ae/datanode-6/data/ratis/15371c8f-1e5b-4c8b-ab00-2b0e60e02a7b/current/log_inprogress_0
2019-08-30 08:04:04,088 [e5f38b28-009a-4f22-a943-cfa04c7253b1:group-631FC3E3E722:LeaderElection90] INFO  impl.LeaderElection (LeaderElection.java:askForVotes(181)) - e5f38b28-009a-4f22-a943-cfa04c7253b1:group-631FC3E3E722:LeaderElection90: begin an election at term 1 for -1: [e5f38b28-009a-4f22-a943-cfa04c7253b1:192.168.5.184:38662, 0e927250-a3c1-4323-8ecd-88ceb047c264:192.168.5.184:41239, 290ef2ed-fd58-4a3d-bde6-9b5b13914a39:192.168.5.184:37854], old=null
2019-08-30 08:04:04,088 [0e927250-a3c1-4323-8ecd-88ceb047c264:group-631FC3E3E722:LeaderElection91] INFO  impl.LeaderElection (LeaderElection.java:askForVotes(181)) - 0e927250-a3c1-4323-8ecd-88ceb047c264:group-631FC3E3E722:LeaderElection91: begin an election at term 1 for -1: [e5f38b28-009a-4f22-a943-cfa04c7253b1:192.168.5.184:38662, 0e927250-a3c1-4323-8ecd-88ceb047c264:192.168.5.184:41239, 290ef2ed-fd58-4a3d-bde6-9b5b13914a39:192.168.5.184:37854], old=null
2019-08-30 08:04:04,100 [grpc-default-executor-7] INFO  impl.RaftServerImpl (RaftServerImpl.java:setRole(171)) - 290ef2ed-fd58-4a3d-bde6-9b5b13914a39:group-631FC3E3E722 changes role from FOLLOWER to FOLLOWER at term 1 for recognizeCandidate:0e927250-a3c1-4323-8ecd-88ceb047c264
2019-08-30 08:04:04,105 [grpc-default-executor-7] INFO  impl.RoleInfo (RoleInfo.java:shutdownFollowerState(121)) - 290ef2ed-fd58-4a3d-bde6-9b5b13914a39: shutdown FollowerState
2019-08-30 08:04:04,107 [grpc-default-executor-7] INFO  impl.RoleInfo (RoleInfo.java:updateAndGet(143)) - 290ef2ed-fd58-4a3d-bde6-9b5b13914a39: start FollowerState
2019-08-30 08:04:04,108 [Thread-3610] INFO  impl.FollowerState (FollowerState.java:run(114)) - 290ef2ed-fd58-4a3d-bde6-9b5b13914a39: FollowerState was interrupted: java.lang.InterruptedException: sleep interrupted
2019-08-30 08:04:04,156 [grpc-default-executor-9] INFO  client.GrpcClientProtocolClient (GrpcClientProtocolClient.java:onNext(255)) - client-0F6E9B4249EF->6a7c8852-17d8-4446-bc4c-67410121ad93: receive RaftClientReply:client-0F6E9B4249EF->6a7c8852-17d8-4446-bc4c-67410121ad93@group-2D46FCC2CACD, cid=176, FAILED org.apache.ratis.protocol.NotLeaderException: Server 6a7c8852-17d8-4446-bc4c-67410121ad93 is not the leader (null). Request must be sent to leader., logIndex=0, commits[6a7c8852-17d8-4446-bc4c-67410121ad93:c-1]
2019-08-30 08:04:04,166 | INFO  | SCMAudit | user=jenkins1000 | ip=192.168.5.184 | op=SEND_HEARTBEAT {datanodeUUID=fed6186c-90e1-4c5c-ac3c-62fdedc4e65b, command=[]} | ret=SUCCESS |  
2019-08-30 08:04:04,188 [e5f38b28-009a-4f22-a943-cfa04c7253b1:group-631FC3E3E722:LeaderElection90] INFO  impl.LeaderElection (LeaderElection.java:logAndReturn(56)) - e5f38b28-009a-4f22-a943-cfa04c7253b1:group-631FC3E3E722:LeaderElection90: Election REJECTED; received 2 response(s) [e5f38b28-009a-4f22-a943-cfa04c7253b1<-0e927250-a3c1-4323-8ecd-88ceb047c264#0:FAIL-t1, e5f38b28-009a-4f22-a943-cfa04c7253b1<-290ef2ed-fd58-4a3d-bde6-9b5b13914a39#0:FAIL-t1] and 0 exception(s); e5f38b28-009a-4f22-a943-cfa04c7253b1:t1, leader=null, voted=e5f38b28-009a-4f22-a943-cfa04c7253b1, raftlog=e5f38b28-009a-4f22-a943-cfa04c7253b1-SegmentedRaftLog:OPENED:c-1,f-1,i0, conf=-1: [e5f38b28-009a-4f22-a943-cfa04c7253b1:192.168.5.184:38662, 0e927250-a3c1-4323-8ecd-88ceb047c264:192.168.5.184:41239, 290ef2ed-fd58-4a3d-bde6-9b5b13914a39:192.168.5.184:37854], old=null
2019-08-30 08:04:04,188 [0e927250-a3c1-4323-8ecd-88ceb047c264:group-631FC3E3E722:LeaderElection91] INFO  impl.LeaderElection (LeaderElection.java:logAndReturn(56)) - 0e927250-a3c1-4323-8ecd-88ceb047c264:group-631FC3E3E722:LeaderElection91: Election PASSED; received 2 response(s) [0e927250-a3c1-4323-8ecd-88ceb047c264<-e5f38b28-009a-4f22-a943-cfa04c7253b1#0:FAIL-t1, 0e927250-a3c1-4323-8ecd-88ceb047c264<-290ef2ed-fd58-4a3d-bde6-9b5b13914a39#0:OK-t1] and 0 exception(s); 0e927250-a3c1-4323-8ecd-88ceb047c264:t1, leader=null, voted=0e927250-a3c1-4323-8ecd-88ceb047c264, raftlog=0e927250-a3c1-4323-8ecd-88ceb047c264-SegmentedRaftLog:OPENED:c-1,f-1,i0, conf=-1: [e5f38b28-009a-4f22-a943-cfa04c7253b1:192.168.5.184:38662, 0e927250-a3c1-4323-8ecd-88ceb047c264:192.168.5.184:41239, 290ef2ed-fd58-4a3d-bde6-9b5b13914a39:192.168.5.184:37854], old=null
2019-08-30 08:04:04,188 [e5f38b28-009a-4f22-a943-cfa04c7253b1:group-631FC3E3E722:LeaderElection90] INFO  impl.RaftServerImpl (RaftServerImpl.java:setRole(171)) - e5f38b28-009a-4f22-a943-cfa04c7253b1:group-631FC3E3E722 changes role from CANDIDATE to FOLLOWER at term 1 for DISCOVERED_A_NEW_TERM
2019-08-30 08:04:04,188 [0e927250-a3c1-4323-8ecd-88ceb047c264:group-631FC3E3E722:LeaderElection91] INFO  impl.RoleInfo (RoleInfo.java:shutdownLeaderElection(134)) - 0e927250-a3c1-4323-8ecd-88ceb047c264: shutdown LeaderElection
2019-08-30 08:04:04,188 [e5f38b28-009a-4f22-a943-cfa04c7253b1:group-631FC3E3E722:LeaderElection90] INFO  impl.RoleInfo (RoleInfo.java:shutdownLeaderElection(134)) - e5f38b28-009a-4f22-a943-cfa04c7253b1: shutdown LeaderElection
2019-08-30 08:04:04,189 [0e927250-a3c1-4323-8ecd-88ceb047c264:group-631FC3E3E722:LeaderElection91] INFO  impl.RaftServerImpl (RaftServerImpl.java:setRole(171)) - 0e927250-a3c1-4323-8ecd-88ceb047c264:group-631FC3E3E722 changes role from CANDIDATE to LEADER at term 1 for changeToLeader
2019-08-30 08:04:04,189 [e5f38b28-009a-4f22-a943-cfa04c7253b1:group-631FC3E3E722:LeaderElection90] INFO  impl.RoleInfo (RoleInfo.java:updateAndGet(143)) - e5f38b28-009a-4f22-a943-cfa04c7253b1: start FollowerState
2019-08-30 08:04:04,189 [0e927250-a3c1-4323-8ecd-88ceb047c264:group-631FC3E3E722:LeaderElection91] INFO  impl.RaftServerImpl (ServerState.java:setLeader(263)) - 0e927250-a3c1-4323-8ecd-88ceb047c264:group-631FC3E3E722 change Leader from null to 0e927250-a3c1-4323-8ecd-88ceb047c264 at term 1 for becomeLeader, leader elected after 5201ms
2019-08-30 08:04:04,189 [0e927250-a3c1-4323-8ecd-88ceb047c264:group-631FC3E3E722:LeaderElection91] INFO  server.RaftServerConfigKeys (ConfUtils.java:logGet(43)) - raft.server.staging.catchup.gap = 1000 (default)
2019-08-30 08:04:04,189 [0e927250-a3c1-4323-8ecd-88ceb047c264:group-631FC3E3E722:LeaderElection91] INFO  server.RaftServerConfigKeys (ConfUtils.java:logGet(43)) - raft.server.rpc.sleep.time = 25ms (default)
2019-08-30 08:04:04,189 [0e927250-a3c1-4323-8ecd-88ceb047c264:group-631FC3E3E722:LeaderElection91] INFO  server.RaftServerConfigKeys (ConfUtils.java:logGet(43)) - raft.server.write.element-limit = 4096 (default)
2019-08-30 08:04:04,190 [0e927250-a3c1-4323-8ecd-88ceb047c264:group-631FC3E3E722:LeaderElection91] INFO  server.RaftServerConfigKeys (ConfUtils.java:logGet(43)) - raft.server.watch.timeout = 10s (default)
2019-08-30 08:04:04,190 [0e927250-a3c1-4323-8ecd-88ceb047c264:group-631FC3E3E722:LeaderElection91] INFO  server.RaftServerConfigKeys (ConfUtils.java:logGet(43)) - raft.server.watch.timeout.denomination = 1s (default)
2019-08-30 08:04:04,190 [0e927250-a3c1-4323-8ecd-88ceb047c264:group-631FC3E3E722:LeaderElection91] INFO  server.RaftServerConfigKeys (ConfUtils.java:logGet(43)) - raft.server.watch.element-limit = 65536 (default)
2019-08-30 08:04:04,190 [0e927250-a3c1-4323-8ecd-88ceb047c264:group-631FC3E3E722:LeaderElection91] INFO  server.RaftServerConfigKeys (ConfUtils.java:logGet(43)) - raft.server.log.appender.snapshot.chunk.size.max = 16MB (=16777216) (default)
2019-08-30 08:04:04,190 [0e927250-a3c1-4323-8ecd-88ceb047c264:group-631FC3E3E722:LeaderElection91] INFO  server.RaftServerConfigKeys (ConfUtils.java:logGet(43)) - raft.server.log.appender.buffer.byte-limit = 33554432 (custom)
2019-08-30 08:04:04,190 [0e927250-a3c1-4323-8ecd-88ceb047c264:group-631FC3E3E722:LeaderElection91] INFO  server.RaftServerConfigKeys (ConfUtils.java:logGet(43)) - raft.server.log.appender.buffer.element-limit = 1 (custom)
2019-08-30 08:04:04,191 [0e927250-a3c1-4323-8ecd-88ceb047c264:group-631FC3E3E722:LeaderElection91] INFO  grpc.GrpcConfigKeys$Server (ConfUtils.java:logGet(43)) - raft.grpc.server.leader.outstanding.appends.max = 128 (default)
2019-08-30 08:04:04,191 [0e927250-a3c1-4323-8ecd-88ceb047c264:group-631FC3E3E722:LeaderElection91] INFO  server.RaftServerConfigKeys (ConfUtils.java:logGet(43)) - raft.server.rpc.request.timeout = 3000ms (default)
2019-08-30 08:04:04,191 [0e927250-a3c1-4323-8ecd-88ceb047c264:group-631FC3E3E722:LeaderElection91] INFO  server.RaftServerConfigKeys (ConfUtils.java:logGet(43)) - raft.server.log.appender.install.snapshot.enabled = false (custom)
2019-08-30 08:04:04,191 [0e927250-a3c1-4323-8ecd-88ceb047c264:group-631FC3E3E722:LeaderElection91] INFO  server.RaftServerConfigKeys (ConfUtils.java:logGet(43)) - raft.server.log.appender.snapshot.chunk.size.max = 16MB (=16777216) (default)
2019-08-30 08:04:04,191 [0e927250-a3c1-4323-8ecd-88ceb047c264:group-631FC3E3E722:LeaderElection91] INFO  server.RaftServerConfigKeys (ConfUtils.java:logGet(43)) - raft.server.log.appender.buffer.byte-limit = 33554432 (custom)
2019-08-30 08:04:04,191 [0e927250-a3c1-4323-8ecd-88ceb047c264:group-631FC3E3E722:LeaderElection91] INFO  server.RaftServerConfigKeys (ConfUtils.java:logGet(43)) - raft.server.log.appender.buffer.element-limit = 1 (custom)
2019-08-30 08:04:04,191 [0e927250-a3c1-4323-8ecd-88ceb047c264:group-631FC3E3E722:LeaderElection91] INFO  grpc.GrpcConfigKeys$Server (ConfUtils.java:logGet(43)) - raft.grpc.server.leader.outstanding.appends.max = 128 (default)
2019-08-30 08:04:04,192 [0e927250-a3c1-4323-8ecd-88ceb047c264:group-631FC3E3E722:LeaderElection91] INFO  server.RaftServerConfigKeys (ConfUtils.java:logGet(43)) - raft.server.rpc.request.timeout = 3000ms (default)
2019-08-30 08:04:04,192 [0e927250-a3c1-4323-8ecd-88ceb047c264:group-631FC3E3E722:LeaderElection91] INFO  server.RaftServerConfigKeys (ConfUtils.java:logGet(43)) - raft.server.log.appender.install.snapshot.enabled = false (custom)
2019-08-30 08:04:04,192 [0e927250-a3c1-4323-8ecd-88ceb047c264:group-631FC3E3E722:LeaderElection91] INFO  impl.RoleInfo (RoleInfo.java:updateAndGet(143)) - 0e927250-a3c1-4323-8ecd-88ceb047c264: start LeaderState
2019-08-30 08:04:04,192 [0e927250-a3c1-4323-8ecd-88ceb047c264:group-631FC3E3E722:LeaderElection91] INFO  segmented.SegmentedRaftLogWorker (SegmentedRaftLogWorker.java:startLogSegment(380)) - 0e927250-a3c1-4323-8ecd-88ceb047c264-SegmentedRaftLogWorker:Storage Directory /workdir/hadoop-ozone/integration-test/target/test-dir/MiniOzoneClusterImpl-0a678d0b-345d-45b6-820b-f96c3cc761ae/datanode-3/data/ratis/07d2c92b-3de2-46c0-8500-631fc3e3e722: Starting segment from index:0
2019-08-30 08:04:04,193 [0e927250-a3c1-4323-8ecd-88ceb047c264:group-631FC3E3E722:LeaderElection91] INFO  impl.RaftServerImpl (ServerState.java:setRaftConf(361)) - 0e927250-a3c1-4323-8ecd-88ceb047c264:group-631FC3E3E722 set configuration 0: [e5f38b28-009a-4f22-a943-cfa04c7253b1:192.168.5.184:38662, 0e927250-a3c1-4323-8ecd-88ceb047c264:192.168.5.184:41239, 290ef2ed-fd58-4a3d-bde6-9b5b13914a39:192.168.5.184:37854], old=null at 0
2019-08-30 08:04:04,229 [grpc-default-executor-7] INFO  impl.RaftServerImpl (ServerState.java:setLeader(263)) - 290ef2ed-fd58-4a3d-bde6-9b5b13914a39:group-631FC3E3E722 change Leader from null to 0e927250-a3c1-4323-8ecd-88ceb047c264 at term 1 for appendEntries, leader elected after 5242ms
2019-08-30 08:04:04,229 [grpc-default-executor-1] INFO  impl.RaftServerImpl (ServerState.java:setLeader(263)) - e5f38b28-009a-4f22-a943-cfa04c7253b1:group-631FC3E3E722 change Leader from null to 0e927250-a3c1-4323-8ecd-88ceb047c264 at term 1 for appendEntries, leader elected after 5242ms
2019-08-30 08:04:04,231 [grpc-default-executor-1] INFO  impl.RaftServerImpl (ServerState.java:setRaftConf(361)) - 290ef2ed-fd58-4a3d-bde6-9b5b13914a39:group-631FC3E3E722 set configuration 0: [e5f38b28-009a-4f22-a943-cfa04c7253b1:192.168.5.184:38662, 0e927250-a3c1-4323-8ecd-88ceb047c264:192.168.5.184:41239, 290ef2ed-fd58-4a3d-bde6-9b5b13914a39:192.168.5.184:37854], old=null at 0
2019-08-30 08:04:04,231 [grpc-default-executor-7] INFO  impl.RaftServerImpl (ServerState.java:setRaftConf(361)) - e5f38b28-009a-4f22-a943-cfa04c7253b1:group-631FC3E3E722 set configuration 0: [e5f38b28-009a-4f22-a943-cfa04c7253b1:192.168.5.184:38662, 0e927250-a3c1-4323-8ecd-88ceb047c264:192.168.5.184:41239, 290ef2ed-fd58-4a3d-bde6-9b5b13914a39:192.168.5.184:37854], old=null at 0
2019-08-30 08:04:04,231 [grpc-default-executor-1] INFO  segmented.SegmentedRaftLogWorker (SegmentedRaftLogWorker.java:startLogSegment(380)) - 290ef2ed-fd58-4a3d-bde6-9b5b13914a39-SegmentedRaftLogWorker:Storage Directory /workdir/hadoop-ozone/integration-test/target/test-dir/MiniOzoneClusterImpl-0a678d0b-345d-45b6-820b-f96c3cc761ae/datanode-6/data/ratis/07d2c92b-3de2-46c0-8500-631fc3e3e722: Starting segment from index:0
2019-08-30 08:04:04,231 [grpc-default-executor-7] INFO  segmented.SegmentedRaftLogWorker (SegmentedRaftLogWorker.java:startLogSegment(380)) - e5f38b28-009a-4f22-a943-cfa04c7253b1-SegmentedRaftLogWorker:Storage Directory /workdir/hadoop-ozone/integration-test/target/test-dir/MiniOzoneClusterImpl-0a678d0b-345d-45b6-820b-f96c3cc761ae/datanode-5/data/ratis/07d2c92b-3de2-46c0-8500-631fc3e3e722: Starting segment from index:0
2019-08-30 08:04:04,299 [0e927250-a3c1-4323-8ecd-88ceb047c264-SegmentedRaftLogWorker:Storage Directory /workdir/hadoop-ozone/integration-test/target/test-dir/MiniOzoneClusterImpl-0a678d0b-345d-45b6-820b-f96c3cc761ae/datanode-3/data/ratis/07d2c92b-3de2-46c0-8500-631fc3e3e722] INFO  segmented.SegmentedRaftLogWorker (SegmentedRaftLogWorker.java:execute(569)) - 0e927250-a3c1-4323-8ecd-88ceb047c264-SegmentedRaftLogWorker:Storage Directory /workdir/hadoop-ozone/integration-test/target/test-dir/MiniOzoneClusterImpl-0a678d0b-345d-45b6-820b-f96c3cc761ae/datanode-3/data/ratis/07d2c92b-3de2-46c0-8500-631fc3e3e722: created new log segment /workdir/hadoop-ozone/integration-test/target/test-dir/MiniOzoneClusterImpl-0a678d0b-345d-45b6-820b-f96c3cc761ae/datanode-3/data/ratis/07d2c92b-3de2-46c0-8500-631fc3e3e722/current/log_inprogress_0
2019-08-30 08:04:04,345 [e5f38b28-009a-4f22-a943-cfa04c7253b1-SegmentedRaftLogWorker:Storage Directory /workdir/hadoop-ozone/integration-test/target/test-dir/MiniOzoneClusterImpl-0a678d0b-345d-45b6-820b-f96c3cc761ae/datanode-5/data/ratis/07d2c92b-3de2-46c0-8500-631fc3e3e722] INFO  segmented.SegmentedRaftLogWorker (SegmentedRaftLogWorker.java:execute(569)) - e5f38b28-009a-4f22-a943-cfa04c7253b1-SegmentedRaftLogWorker:Storage Directory /workdir/hadoop-ozone/integration-test/target/test-dir/MiniOzoneClusterImpl-0a678d0b-345d-45b6-820b-f96c3cc761ae/datanode-5/data/ratis/07d2c92b-3de2-46c0-8500-631fc3e3e722: created new log segment /workdir/hadoop-ozone/integration-test/target/test-dir/MiniOzoneClusterImpl-0a678d0b-345d-45b6-820b-f96c3cc761ae/datanode-5/data/ratis/07d2c92b-3de2-46c0-8500-631fc3e3e722/current/log_inprogress_0
2019-08-30 08:04:04,345 [290ef2ed-fd58-4a3d-bde6-9b5b13914a39-SegmentedRaftLogWorker:Storage Directory /workdir/hadoop-ozone/integration-test/target/test-dir/MiniOzoneClusterImpl-0a678d0b-345d-45b6-820b-f96c3cc761ae/datanode-6/data/ratis/07d2c92b-3de2-46c0-8500-631fc3e3e722] INFO  segmented.SegmentedRaftLogWorker (SegmentedRaftLogWorker.java:execute(569)) - 290ef2ed-fd58-4a3d-bde6-9b5b13914a39-SegmentedRaftLogWorker:Storage Directory /workdir/hadoop-ozone/integration-test/target/test-dir/MiniOzoneClusterImpl-0a678d0b-345d-45b6-820b-f96c3cc761ae/datanode-6/data/ratis/07d2c92b-3de2-46c0-8500-631fc3e3e722: created new log segment /workdir/hadoop-ozone/integration-test/target/test-dir/MiniOzoneClusterImpl-0a678d0b-345d-45b6-820b-f96c3cc761ae/datanode-6/data/ratis/07d2c92b-3de2-46c0-8500-631fc3e3e722/current/log_inprogress_0
2019-08-30 08:04:04,357 | INFO  | SCMAudit | user=jenkins1000 | ip=192.168.5.184 | op=SEND_HEARTBEAT {datanodeUUID=e5f38b28-009a-4f22-a943-cfa04c7253b1, command=[]} | ret=SUCCESS |  
2019-08-30 08:04:04,465 | INFO  | SCMAudit | user=jenkins1000 | ip=192.168.5.184 | op=SEND_HEARTBEAT {datanodeUUID=6a7c8852-17d8-4446-bc4c-67410121ad93, command=[]} | ret=SUCCESS |  
2019-08-30 08:04:04,557 | INFO  | SCMAudit | user=jenkins1000 | ip=192.168.5.184 | op=SEND_HEARTBEAT {datanodeUUID=290ef2ed-fd58-4a3d-bde6-9b5b13914a39, command=[]} | ret=SUCCESS |  
2019-08-30 08:04:04,714 | INFO  | SCMAudit | user=jenkins1000 | ip=192.168.5.184 | op=SEND_HEARTBEAT {datanodeUUID=54172fe4-c822-464b-9b19-b53f6a732349, command=[]} | ret=SUCCESS |  
2019-08-30 08:04:04,946 | INFO  | SCMAudit | user=jenkins1000 | ip=192.168.5.184 | op=SEND_HEARTBEAT {datanodeUUID=0e927250-a3c1-4323-8ecd-88ceb047c264, command=[]} | ret=SUCCESS |  
2019-08-30 08:04:05,012 | INFO  | SCMAudit | user=jenkins1000 | ip=192.168.5.184 | op=SEND_HEARTBEAT {datanodeUUID=b02d5434-9006-43db-863d-3b3a4b7891d5, command=[]} | ret=SUCCESS |  
2019-08-30 08:04:05,165 [grpc-default-executor-7] INFO  client.GrpcClientProtocolClient (GrpcClientProtocolClient.java:onNext(255)) - client-0F6E9B4249EF->b02d5434-9006-43db-863d-3b3a4b7891d5: receive RaftClientReply:client-0F6E9B4249EF->b02d5434-9006-43db-863d-3b3a4b7891d5@group-2D46FCC2CACD, cid=176, FAILED org.apache.ratis.protocol.NotLeaderException: Server b02d5434-9006-43db-863d-3b3a4b7891d5 is not the leader (null). Request must be sent to leader., logIndex=0, commits[b02d5434-9006-43db-863d-3b3a4b7891d5:c-1]
2019-08-30 08:04:05,167 | INFO  | SCMAudit | user=jenkins1000 | ip=192.168.5.184 | op=SEND_HEARTBEAT {datanodeUUID=fed6186c-90e1-4c5c-ac3c-62fdedc4e65b, command=[]} | ret=SUCCESS |  
2019-08-30 08:04:05,357 | INFO  | SCMAudit | user=jenkins1000 | ip=192.168.5.184 | op=SEND_HEARTBEAT {datanodeUUID=e5f38b28-009a-4f22-a943-cfa04c7253b1, command=[]} | ret=SUCCESS |  
2019-08-30 08:04:05,465 | INFO  | SCMAudit | user=jenkins1000 | ip=192.168.5.184 | op=SEND_HEARTBEAT {datanodeUUID=6a7c8852-17d8-4446-bc4c-67410121ad93, command=[]} | ret=SUCCESS |  
2019-08-30 08:04:05,557 | INFO  | SCMAudit | user=jenkins1000 | ip=192.168.5.184 | op=SEND_HEARTBEAT {datanodeUUID=290ef2ed-fd58-4a3d-bde6-9b5b13914a39, command=[]} | ret=SUCCESS |  
2019-08-30 08:04:05,715 | INFO  | SCMAudit | user=jenkins1000 | ip=192.168.5.184 | op=SEND_HEARTBEAT {datanodeUUID=54172fe4-c822-464b-9b19-b53f6a732349, command=[]} | ret=SUCCESS |  
2019-08-30 08:04:05,946 | INFO  | SCMAudit | user=jenkins1000 | ip=192.168.5.184 | op=SEND_HEARTBEAT {datanodeUUID=0e927250-a3c1-4323-8ecd-88ceb047c264, command=[]} | ret=SUCCESS |  
2019-08-30 08:04:06,012 | INFO  | SCMAudit | user=jenkins1000 | ip=192.168.5.184 | op=SEND_HEARTBEAT {datanodeUUID=b02d5434-9006-43db-863d-3b3a4b7891d5, command=[]} | ret=SUCCESS |  
2019-08-30 08:04:06,166 | INFO  | SCMAudit | user=jenkins1000 | ip=192.168.5.184 | op=SEND_HEARTBEAT {datanodeUUID=fed6186c-90e1-4c5c-ac3c-62fdedc4e65b, command=[]} | ret=SUCCESS |  
2019-08-30 08:04:06,177 [grpc-default-executor-1] INFO  client.GrpcClientProtocolClient (GrpcClientProtocolClient.java:onNext(255)) - client-0F6E9B4249EF->6a7c8852-17d8-4446-bc4c-67410121ad93: receive RaftClientReply:client-0F6E9B4249EF->6a7c8852-17d8-4446-bc4c-67410121ad93@group-2D46FCC2CACD, cid=176, FAILED org.apache.ratis.protocol.NotLeaderException: Server 6a7c8852-17d8-4446-bc4c-67410121ad93 is not the leader (null). Request must be sent to leader., logIndex=0, commits[6a7c8852-17d8-4446-bc4c-67410121ad93:c-1]
2019-08-30 08:04:06,357 | INFO  | SCMAudit | user=jenkins1000 | ip=192.168.5.184 | op=SEND_HEARTBEAT {datanodeUUID=e5f38b28-009a-4f22-a943-cfa04c7253b1, command=[]} | ret=SUCCESS |  
2019-08-30 08:04:06,466 | INFO  | SCMAudit | user=jenkins1000 | ip=192.168.5.184 | op=SEND_HEARTBEAT {datanodeUUID=6a7c8852-17d8-4446-bc4c-67410121ad93, command=[]} | ret=SUCCESS |  
2019-08-30 08:04:06,557 | INFO  | SCMAudit | user=jenkins1000 | ip=192.168.5.184 | op=SEND_HEARTBEAT {datanodeUUID=290ef2ed-fd58-4a3d-bde6-9b5b13914a39, command=[]} | ret=SUCCESS |  
2019-08-30 08:04:06,715 | INFO  | SCMAudit | user=jenkins1000 | ip=192.168.5.184 | op=SEND_HEARTBEAT {datanodeUUID=54172fe4-c822-464b-9b19-b53f6a732349, command=[]} | ret=SUCCESS |  
2019-08-30 08:04:06,948 | INFO  | SCMAudit | user=jenkins1000 | ip=192.168.5.184 | op=SEND_HEARTBEAT {datanodeUUID=0e927250-a3c1-4323-8ecd-88ceb047c264, command=[]} | ret=SUCCESS |  
2019-08-30 08:04:07,012 | INFO  | SCMAudit | user=jenkins1000 | ip=192.168.5.184 | op=SEND_HEARTBEAT {datanodeUUID=b02d5434-9006-43db-863d-3b3a4b7891d5, command=[]} | ret=SUCCESS |  
2019-08-30 08:04:07,167 | INFO  | SCMAudit | user=jenkins1000 | ip=192.168.5.184 | op=SEND_HEARTBEAT {datanodeUUID=fed6186c-90e1-4c5c-ac3c-62fdedc4e65b, command=[]} | ret=SUCCESS |  
2019-08-30 08:04:07,192 [grpc-default-executor-1] INFO  client.GrpcClientProtocolClient (GrpcClientProtocolClient.java:onNext(255)) - client-0F6E9B4249EF->54172fe4-c822-464b-9b19-b53f6a732349: receive RaftClientReply:client-0F6E9B4249EF->54172fe4-c822-464b-9b19-b53f6a732349@group-2D46FCC2CACD, cid=176, FAILED org.apache.ratis.protocol.NotLeaderException: Server 54172fe4-c822-464b-9b19-b53f6a732349 is not the leader (null). Request must be sent to leader., logIndex=0, commits[54172fe4-c822-464b-9b19-b53f6a732349:c-1]
2019-08-30 08:04:07,357 | INFO  | SCMAudit | user=jenkins1000 | ip=192.168.5.184 | op=SEND_HEARTBEAT {datanodeUUID=e5f38b28-009a-4f22-a943-cfa04c7253b1, command=[]} | ret=SUCCESS |  
2019-08-30 08:04:07,466 | INFO  | SCMAudit | user=jenkins1000 | ip=192.168.5.184 | op=SEND_HEARTBEAT {datanodeUUID=6a7c8852-17d8-4446-bc4c-67410121ad93, command=[]} | ret=SUCCESS |  
2019-08-30 08:04:07,557 | INFO  | SCMAudit | user=jenkins1000 | ip=192.168.5.184 | op=SEND_HEARTBEAT {datanodeUUID=290ef2ed-fd58-4a3d-bde6-9b5b13914a39, command=[]} | ret=SUCCESS |  
2019-08-30 08:04:07,715 | INFO  | SCMAudit | user=jenkins1000 | ip=192.168.5.184 | op=SEND_HEARTBEAT {datanodeUUID=54172fe4-c822-464b-9b19-b53f6a732349, command=[]} | ret=SUCCESS |  
2019-08-30 08:04:07,948 | INFO  | SCMAudit | user=jenkins1000 | ip=192.168.5.184 | op=SEND_HEARTBEAT {datanodeUUID=0e927250-a3c1-4323-8ecd-88ceb047c264, command=[]} | ret=SUCCESS |  
2019-08-30 08:04:08,012 | INFO  | SCMAudit | user=jenkins1000 | ip=192.168.5.184 | op=SEND_HEARTBEAT {datanodeUUID=b02d5434-9006-43db-863d-3b3a4b7891d5, command=[]} | ret=SUCCESS |  
2019-08-30 08:04:08,167 | INFO  | SCMAudit | user=jenkins1000 | ip=192.168.5.184 | op=SEND_HEARTBEAT {datanodeUUID=fed6186c-90e1-4c5c-ac3c-62fdedc4e65b, command=[]} | ret=SUCCESS |  
2019-08-30 08:04:08,192 [Thread-3651] INFO  impl.FollowerState (FollowerState.java:run(106)) - 54172fe4-c822-464b-9b19-b53f6a732349:group-2D46FCC2CACD changes to CANDIDATE, lastRpcTime:5047, electionTimeout:5047ms
2019-08-30 08:04:08,192 [Thread-3651] INFO  impl.RoleInfo (RoleInfo.java:shutdownFollowerState(121)) - 54172fe4-c822-464b-9b19-b53f6a732349: shutdown FollowerState
2019-08-30 08:04:08,192 [Thread-3651] INFO  impl.RaftServerImpl (RaftServerImpl.java:setRole(171)) - 54172fe4-c822-464b-9b19-b53f6a732349:group-2D46FCC2CACD changes role from FOLLOWER to CANDIDATE at term 1 for changeToCandidate
2019-08-30 08:04:08,193 [Thread-3651] INFO  impl.RoleInfo (RoleInfo.java:updateAndGet(143)) - 54172fe4-c822-464b-9b19-b53f6a732349: start LeaderElection
2019-08-30 08:04:08,209 [grpc-default-executor-7] INFO  client.GrpcClientProtocolClient (GrpcClientProtocolClient.java:onNext(255)) - client-0F6E9B4249EF->6a7c8852-17d8-4446-bc4c-67410121ad93: receive RaftClientReply:client-0F6E9B4249EF->6a7c8852-17d8-4446-bc4c-67410121ad93@group-2D46FCC2CACD, cid=176, FAILED org.apache.ratis.protocol.NotLeaderException: Server 6a7c8852-17d8-4446-bc4c-67410121ad93 is not the leader (null). Request must be sent to leader., logIndex=0, commits[6a7c8852-17d8-4446-bc4c-67410121ad93:c-1]
2019-08-30 08:04:08,244 [54172fe4-c822-464b-9b19-b53f6a732349:group-2D46FCC2CACD:LeaderElection92] INFO  impl.LeaderElection (LeaderElection.java:askForVotes(181)) - 54172fe4-c822-464b-9b19-b53f6a732349:group-2D46FCC2CACD:LeaderElection92: begin an election at term 2 for -1: [6a7c8852-17d8-4446-bc4c-67410121ad93:192.168.5.184:42040, 54172fe4-c822-464b-9b19-b53f6a732349:192.168.5.184:42780, b02d5434-9006-43db-863d-3b3a4b7891d5:192.168.5.184:43754], old=null
2019-08-30 08:04:08,248 [grpc-default-executor-1] INFO  impl.RaftServerImpl (RaftServerImpl.java:setRole(171)) - b02d5434-9006-43db-863d-3b3a4b7891d5:group-2D46FCC2CACD changes role from FOLLOWER to FOLLOWER at term 2 for recognizeCandidate:54172fe4-c822-464b-9b19-b53f6a732349
2019-08-30 08:04:08,248 [grpc-default-executor-1] INFO  impl.RoleInfo (RoleInfo.java:shutdownFollowerState(121)) - b02d5434-9006-43db-863d-3b3a4b7891d5: shutdown FollowerState
2019-08-30 08:04:08,248 [grpc-default-executor-1] INFO  impl.RoleInfo (RoleInfo.java:updateAndGet(143)) - b02d5434-9006-43db-863d-3b3a4b7891d5: start FollowerState
2019-08-30 08:04:08,249 [Thread-3647] INFO  impl.FollowerState (FollowerState.java:run(114)) - b02d5434-9006-43db-863d-3b3a4b7891d5: FollowerState was interrupted: java.lang.InterruptedException: sleep interrupted
2019-08-30 08:04:08,259 [grpc-default-executor-7] INFO  impl.RaftServerImpl (RaftServerImpl.java:setRole(171)) - 6a7c8852-17d8-4446-bc4c-67410121ad93:group-2D46FCC2CACD changes role from FOLLOWER to FOLLOWER at term 2 for recognizeCandidate:54172fe4-c822-464b-9b19-b53f6a732349
2019-08-30 08:04:08,260 [grpc-default-executor-7] INFO  impl.RoleInfo (RoleInfo.java:shutdownFollowerState(121)) - 6a7c8852-17d8-4446-bc4c-67410121ad93: shutdown FollowerState
2019-08-30 08:04:08,260 [grpc-default-executor-7] INFO  impl.RoleInfo (RoleInfo.java:updateAndGet(143)) - 6a7c8852-17d8-4446-bc4c-67410121ad93: start FollowerState
2019-08-30 08:04:08,260 [Thread-3650] INFO  impl.FollowerState (FollowerState.java:run(114)) - 6a7c8852-17d8-4446-bc4c-67410121ad93: FollowerState was interrupted: java.lang.InterruptedException: sleep interrupted
2019-08-30 08:04:08,357 | INFO  | SCMAudit | user=jenkins1000 | ip=192.168.5.184 | op=SEND_HEARTBEAT {datanodeUUID=e5f38b28-009a-4f22-a943-cfa04c7253b1, command=[]} | ret=SUCCESS |  
2019-08-30 08:04:08,383 [54172fe4-c822-464b-9b19-b53f6a732349:group-2D46FCC2CACD:LeaderElection92] INFO  impl.LeaderElection (LeaderElection.java:logAndReturn(56)) - 54172fe4-c822-464b-9b19-b53f6a732349:group-2D46FCC2CACD:LeaderElection92: Election PASSED; received 1 response(s) [54172fe4-c822-464b-9b19-b53f6a732349<-6a7c8852-17d8-4446-bc4c-67410121ad93#0:OK-t2] and 0 exception(s); 54172fe4-c822-464b-9b19-b53f6a732349:t2, leader=null, voted=54172fe4-c822-464b-9b19-b53f6a732349, raftlog=54172fe4-c822-464b-9b19-b53f6a732349-SegmentedRaftLog:OPENED:c-1,f-1,i0, conf=-1: [6a7c8852-17d8-4446-bc4c-67410121ad93:192.168.5.184:42040, 54172fe4-c822-464b-9b19-b53f6a732349:192.168.5.184:42780, b02d5434-9006-43db-863d-3b3a4b7891d5:192.168.5.184:43754], old=null
2019-08-30 08:04:08,384 [54172fe4-c822-464b-9b19-b53f6a732349:group-2D46FCC2CACD:LeaderElection92] INFO  impl.RoleInfo (RoleInfo.java:shutdownLeaderElection(134)) - 54172fe4-c822-464b-9b19-b53f6a732349: shutdown LeaderElection
2019-08-30 08:04:08,384 [54172fe4-c822-464b-9b19-b53f6a732349:group-2D46FCC2CACD:LeaderElection92] INFO  impl.RaftServerImpl (RaftServerImpl.java:setRole(171)) - 54172fe4-c822-464b-9b19-b53f6a732349:group-2D46FCC2CACD changes role from CANDIDATE to LEADER at term 2 for changeToLeader
2019-08-30 08:04:08,384 [54172fe4-c822-464b-9b19-b53f6a732349:group-2D46FCC2CACD:LeaderElection92] INFO  impl.RaftServerImpl (ServerState.java:setLeader(263)) - 54172fe4-c822-464b-9b19-b53f6a732349:group-2D46FCC2CACD change Leader from null to 54172fe4-c822-464b-9b19-b53f6a732349 at term 2 for becomeLeader, leader elected after 10443ms
2019-08-30 08:04:08,384 [54172fe4-c822-464b-9b19-b53f6a732349:group-2D46FCC2CACD:LeaderElection92] INFO  server.RaftServerConfigKeys (ConfUtils.java:logGet(43)) - raft.server.staging.catchup.gap = 1000 (default)
2019-08-30 08:04:08,384 [54172fe4-c822-464b-9b19-b53f6a732349:group-2D46FCC2CACD:LeaderElection92] INFO  server.RaftServerConfigKeys (ConfUtils.java:logGet(43)) - raft.server.rpc.sleep.time = 25ms (default)
2019-08-30 08:04:08,385 [54172fe4-c822-464b-9b19-b53f6a732349:group-2D46FCC2CACD:LeaderElection92] INFO  server.RaftServerConfigKeys (ConfUtils.java:logGet(43)) - raft.server.write.element-limit = 4096 (default)
2019-08-30 08:04:08,385 [54172fe4-c822-464b-9b19-b53f6a732349:group-2D46FCC2CACD:LeaderElection92] INFO  server.RaftServerConfigKeys (ConfUtils.java:logGet(43)) - raft.server.watch.timeout = 10s (default)
2019-08-30 08:04:08,385 [54172fe4-c822-464b-9b19-b53f6a732349:group-2D46FCC2CACD:LeaderElection92] INFO  server.RaftServerConfigKeys (ConfUtils.java:logGet(43)) - raft.server.watch.timeout.denomination = 1s (default)
2019-08-30 08:04:08,385 [54172fe4-c822-464b-9b19-b53f6a732349:group-2D46FCC2CACD:LeaderElection92] INFO  server.RaftServerConfigKeys (ConfUtils.java:logGet(43)) - raft.server.watch.element-limit = 65536 (default)
2019-08-30 08:04:08,385 [54172fe4-c822-464b-9b19-b53f6a732349:group-2D46FCC2CACD:LeaderElection92] INFO  server.RaftServerConfigKeys (ConfUtils.java:logGet(43)) - raft.server.log.appender.snapshot.chunk.size.max = 16MB (=16777216) (default)
2019-08-30 08:04:08,386 [54172fe4-c822-464b-9b19-b53f6a732349:group-2D46FCC2CACD:LeaderElection92] INFO  server.RaftServerConfigKeys (ConfUtils.java:logGet(43)) - raft.server.log.appender.buffer.byte-limit = 33554432 (custom)
2019-08-30 08:04:08,386 [54172fe4-c822-464b-9b19-b53f6a732349:group-2D46FCC2CACD:LeaderElection92] INFO  server.RaftServerConfigKeys (ConfUtils.java:logGet(43)) - raft.server.log.appender.buffer.element-limit = 1 (custom)
2019-08-30 08:04:08,386 [54172fe4-c822-464b-9b19-b53f6a732349:group-2D46FCC2CACD:LeaderElection92] INFO  grpc.GrpcConfigKeys$Server (ConfUtils.java:logGet(43)) - raft.grpc.server.leader.outstanding.appends.max = 128 (default)
2019-08-30 08:04:08,386 [54172fe4-c822-464b-9b19-b53f6a732349:group-2D46FCC2CACD:LeaderElection92] INFO  server.RaftServerConfigKeys (ConfUtils.java:logGet(43)) - raft.server.rpc.request.timeout = 3000ms (default)
2019-08-30 08:04:08,386 [54172fe4-c822-464b-9b19-b53f6a732349:group-2D46FCC2CACD:LeaderElection92] INFO  server.RaftServerConfigKeys (ConfUtils.java:logGet(43)) - raft.server.log.appender.install.snapshot.enabled = false (custom)
2019-08-30 08:04:08,386 [54172fe4-c822-464b-9b19-b53f6a732349:group-2D46FCC2CACD:LeaderElection92] INFO  server.RaftServerConfigKeys (ConfUtils.java:logGet(43)) - raft.server.log.appender.snapshot.chunk.size.max = 16MB (=16777216) (default)
2019-08-30 08:04:08,387 [54172fe4-c822-464b-9b19-b53f6a732349:group-2D46FCC2CACD:LeaderElection92] INFO  server.RaftServerConfigKeys (ConfUtils.java:logGet(43)) - raft.server.log.appender.buffer.byte-limit = 33554432 (custom)
2019-08-30 08:04:08,387 [54172fe4-c822-464b-9b19-b53f6a732349:group-2D46FCC2CACD:LeaderElection92] INFO  server.RaftServerConfigKeys (ConfUtils.java:logGet(43)) - raft.server.log.appender.buffer.element-limit = 1 (custom)
2019-08-30 08:04:08,387 [54172fe4-c822-464b-9b19-b53f6a732349:group-2D46FCC2CACD:LeaderElection92] INFO  grpc.GrpcConfigKeys$Server (ConfUtils.java:logGet(43)) - raft.grpc.server.leader.outstanding.appends.max = 128 (default)
2019-08-30 08:04:08,387 [54172fe4-c822-464b-9b19-b53f6a732349:group-2D46FCC2CACD:LeaderElection92] INFO  server.RaftServerConfigKeys (ConfUtils.java:logGet(43)) - raft.server.rpc.request.timeout = 3000ms (default)
2019-08-30 08:04:08,387 [54172fe4-c822-464b-9b19-b53f6a732349:group-2D46FCC2CACD:LeaderElection92] INFO  server.RaftServerConfigKeys (ConfUtils.java:logGet(43)) - raft.server.log.appender.install.snapshot.enabled = false (custom)
2019-08-30 08:04:08,388 [54172fe4-c822-464b-9b19-b53f6a732349:group-2D46FCC2CACD:LeaderElection92] INFO  impl.RoleInfo (RoleInfo.java:updateAndGet(143)) - 54172fe4-c822-464b-9b19-b53f6a732349: start LeaderState
2019-08-30 08:04:08,388 [54172fe4-c822-464b-9b19-b53f6a732349:group-2D46FCC2CACD:LeaderElection92] INFO  segmented.SegmentedRaftLogWorker (SegmentedRaftLogWorker.java:startLogSegment(380)) - 54172fe4-c822-464b-9b19-b53f6a732349-SegmentedRaftLogWorker:Storage Directory /workdir/hadoop-ozone/integration-test/target/test-dir/MiniOzoneClusterImpl-0a678d0b-345d-45b6-820b-f96c3cc761ae/datanode-2/data/ratis/ae97209f-a6bd-4238-be2a-2d46fcc2cacd: Starting segment from index:0
2019-08-30 08:04:08,389 [54172fe4-c822-464b-9b19-b53f6a732349:group-2D46FCC2CACD:LeaderElection92] INFO  impl.RaftServerImpl (ServerState.java:setRaftConf(361)) - 54172fe4-c822-464b-9b19-b53f6a732349:group-2D46FCC2CACD set configuration 0: [6a7c8852-17d8-4446-bc4c-67410121ad93:192.168.5.184:42040, 54172fe4-c822-464b-9b19-b53f6a732349:192.168.5.184:42780, b02d5434-9006-43db-863d-3b3a4b7891d5:192.168.5.184:43754], old=null at 0
2019-08-30 08:04:08,391 [grpc-default-executor-7] INFO  impl.RaftServerImpl (ServerState.java:setLeader(263)) - 6a7c8852-17d8-4446-bc4c-67410121ad93:group-2D46FCC2CACD change Leader from null to 54172fe4-c822-464b-9b19-b53f6a732349 at term 2 for appendEntries, leader elected after 10451ms
2019-08-30 08:04:08,391 [grpc-default-executor-1] INFO  impl.RaftServerImpl (ServerState.java:setLeader(263)) - b02d5434-9006-43db-863d-3b3a4b7891d5:group-2D46FCC2CACD change Leader from null to 54172fe4-c822-464b-9b19-b53f6a732349 at term 2 for appendEntries, leader elected after 10450ms
2019-08-30 08:04:08,394 [grpc-default-executor-1] INFO  impl.RaftServerImpl (ServerState.java:setRaftConf(361)) - 6a7c8852-17d8-4446-bc4c-67410121ad93:group-2D46FCC2CACD set configuration 0: [6a7c8852-17d8-4446-bc4c-67410121ad93:192.168.5.184:42040, 54172fe4-c822-464b-9b19-b53f6a732349:192.168.5.184:42780, b02d5434-9006-43db-863d-3b3a4b7891d5:192.168.5.184:43754], old=null at 0
2019-08-30 08:04:08,394 [grpc-default-executor-7] INFO  impl.RaftServerImpl (ServerState.java:setRaftConf(361)) - b02d5434-9006-43db-863d-3b3a4b7891d5:group-2D46FCC2CACD set configuration 0: [6a7c8852-17d8-4446-bc4c-67410121ad93:192.168.5.184:42040, 54172fe4-c822-464b-9b19-b53f6a732349:192.168.5.184:42780, b02d5434-9006-43db-863d-3b3a4b7891d5:192.168.5.184:43754], old=null at 0
2019-08-30 08:04:08,394 [grpc-default-executor-1] INFO  segmented.SegmentedRaftLogWorker (SegmentedRaftLogWorker.java:startLogSegment(380)) - 6a7c8852-17d8-4446-bc4c-67410121ad93-SegmentedRaftLogWorker:Storage Directory /workdir/hadoop-ozone/integration-test/target/test-dir/MiniOzoneClusterImpl-0a678d0b-345d-45b6-820b-f96c3cc761ae/datanode-1/data/ratis/ae97209f-a6bd-4238-be2a-2d46fcc2cacd: Starting segment from index:0
2019-08-30 08:04:08,394 [grpc-default-executor-7] INFO  segmented.SegmentedRaftLogWorker (SegmentedRaftLogWorker.java:startLogSegment(380)) - b02d5434-9006-43db-863d-3b3a4b7891d5-SegmentedRaftLogWorker:Storage Directory /workdir/hadoop-ozone/integration-test/target/test-dir/MiniOzoneClusterImpl-0a678d0b-345d-45b6-820b-f96c3cc761ae/datanode-0/data/ratis/ae97209f-a6bd-4238-be2a-2d46fcc2cacd: Starting segment from index:0
2019-08-30 08:04:08,466 | INFO  | SCMAudit | user=jenkins1000 | ip=192.168.5.184 | op=SEND_HEARTBEAT {datanodeUUID=6a7c8852-17d8-4446-bc4c-67410121ad93, command=[]} | ret=SUCCESS |  
2019-08-30 08:04:08,520 [54172fe4-c822-464b-9b19-b53f6a732349-SegmentedRaftLogWorker:Storage Directory /workdir/hadoop-ozone/integration-test/target/test-dir/MiniOzoneClusterImpl-0a678d0b-345d-45b6-820b-f96c3cc761ae/datanode-2/data/ratis/ae97209f-a6bd-4238-be2a-2d46fcc2cacd] INFO  segmented.SegmentedRaftLogWorker (SegmentedRaftLogWorker.java:execute(569)) - 54172fe4-c822-464b-9b19-b53f6a732349-SegmentedRaftLogWorker:Storage Directory /workdir/hadoop-ozone/integration-test/target/test-dir/MiniOzoneClusterImpl-0a678d0b-345d-45b6-820b-f96c3cc761ae/datanode-2/data/ratis/ae97209f-a6bd-4238-be2a-2d46fcc2cacd: created new log segment /workdir/hadoop-ozone/integration-test/target/test-dir/MiniOzoneClusterImpl-0a678d0b-345d-45b6-820b-f96c3cc761ae/datanode-2/data/ratis/ae97209f-a6bd-4238-be2a-2d46fcc2cacd/current/log_inprogress_0
2019-08-30 08:04:08,520 [b02d5434-9006-43db-863d-3b3a4b7891d5-SegmentedRaftLogWorker:Storage Directory /workdir/hadoop-ozone/integration-test/target/test-dir/MiniOzoneClusterImpl-0a678d0b-345d-45b6-820b-f96c3cc761ae/datanode-0/data/ratis/ae97209f-a6bd-4238-be2a-2d46fcc2cacd] INFO  segmented.SegmentedRaftLogWorker (SegmentedRaftLogWorker.java:execute(569)) - b02d5434-9006-43db-863d-3b3a4b7891d5-SegmentedRaftLogWorker:Storage Directory /workdir/hadoop-ozone/integration-test/target/test-dir/MiniOzoneClusterImpl-0a678d0b-345d-45b6-820b-f96c3cc761ae/datanode-0/data/ratis/ae97209f-a6bd-4238-be2a-2d46fcc2cacd: created new log segment /workdir/hadoop-ozone/integration-test/target/test-dir/MiniOzoneClusterImpl-0a678d0b-345d-45b6-820b-f96c3cc761ae/datanode-0/data/ratis/ae97209f-a6bd-4238-be2a-2d46fcc2cacd/current/log_inprogress_0
2019-08-30 08:04:08,520 [6a7c8852-17d8-4446-bc4c-67410121ad93-SegmentedRaftLogWorker:Storage Directory /workdir/hadoop-ozone/integration-test/target/test-dir/MiniOzoneClusterImpl-0a678d0b-345d-45b6-820b-f96c3cc761ae/datanode-1/data/ratis/ae97209f-a6bd-4238-be2a-2d46fcc2cacd] INFO  segmented.SegmentedRaftLogWorker (SegmentedRaftLogWorker.java:execute(569)) - 6a7c8852-17d8-4446-bc4c-67410121ad93-SegmentedRaftLogWorker:Storage Directory /workdir/hadoop-ozone/integration-test/target/test-dir/MiniOzoneClusterImpl-0a678d0b-345d-45b6-820b-f96c3cc761ae/datanode-1/data/ratis/ae97209f-a6bd-4238-be2a-2d46fcc2cacd: created new log segment /workdir/hadoop-ozone/integration-test/target/test-dir/MiniOzoneClusterImpl-0a678d0b-345d-45b6-820b-f96c3cc761ae/datanode-1/data/ratis/ae97209f-a6bd-4238-be2a-2d46fcc2cacd/current/log_inprogress_0
2019-08-30 08:04:08,558 | INFO  | SCMAudit | user=jenkins1000 | ip=192.168.5.184 | op=SEND_HEARTBEAT {datanodeUUID=290ef2ed-fd58-4a3d-bde6-9b5b13914a39, command=[]} | ret=SUCCESS |  
2019-08-30 08:04:08,715 | INFO  | SCMAudit | user=jenkins1000 | ip=192.168.5.184 | op=SEND_HEARTBEAT {datanodeUUID=54172fe4-c822-464b-9b19-b53f6a732349, command=[]} | ret=SUCCESS |  
2019-08-30 08:04:08,948 | INFO  | SCMAudit | user=jenkins1000 | ip=192.168.5.184 | op=SEND_HEARTBEAT {datanodeUUID=0e927250-a3c1-4323-8ecd-88ceb047c264, command=[]} | ret=SUCCESS |  
2019-08-30 08:04:09,013 | INFO  | SCMAudit | user=jenkins1000 | ip=192.168.5.184 | op=SEND_HEARTBEAT {datanodeUUID=b02d5434-9006-43db-863d-3b3a4b7891d5, command=[]} | ret=SUCCESS |  
2019-08-30 08:04:09,167 | INFO  | SCMAudit | user=jenkins1000 | ip=192.168.5.184 | op=SEND_HEARTBEAT {datanodeUUID=fed6186c-90e1-4c5c-ac3c-62fdedc4e65b, command=[]} | ret=SUCCESS |  
2019-08-30 08:04:09,357 | INFO  | SCMAudit | user=jenkins1000 | ip=192.168.5.184 | op=SEND_HEARTBEAT {datanodeUUID=e5f38b28-009a-4f22-a943-cfa04c7253b1, command=[]} | ret=SUCCESS |  
2019-08-30 08:04:09,466 | INFO  | SCMAudit | user=jenkins1000 | ip=192.168.5.184 | op=SEND_HEARTBEAT {datanodeUUID=6a7c8852-17d8-4446-bc4c-67410121ad93, command=[]} | ret=SUCCESS |  
2019-08-30 08:04:09,558 | INFO  | SCMAudit | user=jenkins1000 | ip=192.168.5.184 | op=SEND_HEARTBEAT {datanodeUUID=290ef2ed-fd58-4a3d-bde6-9b5b13914a39, command=[]} | ret=SUCCESS |  
2019-08-30 08:04:09,625 | INFO  | DNAudit | user=null | ip=null | op=WRITE_CHUNK {blockData=conID: 1 locID: 102704889138774030 bcsId: 0} | ret=SUCCESS |  
2019-08-30 08:04:09,625 | INFO  | DNAudit | user=null | ip=null | op=WRITE_CHUNK {blockData=conID: 1 locID: 102704889138774030 bcsId: 0} | ret=SUCCESS |  
2019-08-30 08:04:09,625 | INFO  | DNAudit | user=null | ip=null | op=WRITE_CHUNK {blockData=conID: 1 locID: 102704889138774030 bcsId: 0} | ret=SUCCESS |  
2019-08-30 08:04:09,625 | INFO  | SCMAudit | user=jenkins1000 | ip=192.168.5.184 | op=SEND_HEARTBEAT {datanodeUUID=54172fe4-c822-464b-9b19-b53f6a732349, command=[]} | ret=SUCCESS |  
2019-08-30 08:04:09,625 | INFO  | SCMAudit | user=jenkins1000 | ip=192.168.5.184 | op=SEND_HEARTBEAT {datanodeUUID=6a7c8852-17d8-4446-bc4c-67410121ad93, command=[]} | ret=SUCCESS |  
2019-08-30 08:04:09,625 | INFO  | SCMAudit | user=jenkins1000 | ip=192.168.5.184 | op=SEND_HEARTBEAT {datanodeUUID=b02d5434-9006-43db-863d-3b3a4b7891d5, command=[]} | ret=SUCCESS |  
2019-08-30 08:04:09,646 | INFO  | DNAudit | user=null | ip=null | op=WRITE_CHUNK {blockData=conID: 1 locID: 102704889138774030 bcsId: 0} | ret=SUCCESS |  
2019-08-30 08:04:09,654 [grpc-default-executor-1] INFO  client.GrpcClientProtocolClient (GrpcClientProtocolClient.java:onNext(255)) - client-0F6E9B4249EF->54172fe4-c822-464b-9b19-b53f6a732349: receive RaftClientReply:client-0F6E9B4249EF->54172fe4-c822-464b-9b19-b53f6a732349@group-2D46FCC2CACD, cid=176, SUCCESS, logIndex=1, commits[54172fe4-c822-464b-9b19-b53f6a732349:c1, 6a7c8852-17d8-4446-bc4c-67410121ad93:c0, b02d5434-9006-43db-863d-3b3a4b7891d5:c0]
2019-08-30 08:04:09,669 | INFO  | DNAudit | user=null | ip=null | op=WRITE_CHUNK {blockData=conID: 1 locID: 102704889138774030 bcsId: 0} | ret=SUCCESS |  
2019-08-30 08:04:09,669 | INFO  | DNAudit | user=null | ip=null | op=WRITE_CHUNK {blockData=conID: 1 locID: 102704889138774030 bcsId: 0} | ret=SUCCESS |  
2019-08-30 08:04:09,669 | INFO  | DNAudit | user=null | ip=null | op=WRITE_CHUNK {blockData=conID: 1 locID: 102704889138774030 bcsId: 0} | ret=SUCCESS |  
2019-08-30 08:04:09,669 | INFO  | DNAudit | user=null | ip=null | op=WRITE_CHUNK {blockData=conID: 1 locID: 102704889138774030 bcsId: 0} | ret=SUCCESS |  
2019-08-30 08:04:09,669 | INFO  | DNAudit | user=null | ip=null | op=WRITE_CHUNK {blockData=conID: 1 locID: 102704889138774030 bcsId: 0} | ret=SUCCESS |  
2019-08-30 08:04:09,669 | INFO  | DNAudit | user=null | ip=null | op=WRITE_CHUNK {blockData=conID: 1 locID: 102704889138774030 bcsId: 0} | ret=SUCCESS |  
2019-08-30 08:04:09,669 | INFO  | DNAudit | user=null | ip=null | op=WRITE_CHUNK {blockData=conID: 1 locID: 102704889138774030 bcsId: 0} | ret=SUCCESS |  
2019-08-30 08:04:09,669 | INFO  | DNAudit | user=null | ip=null | op=WRITE_CHUNK {blockData=conID: 1 locID: 102704889138774030 bcsId: 0} | ret=SUCCESS |  
2019-08-30 08:04:09,669 | INFO  | DNAudit | user=null | ip=null | op=WRITE_CHUNK {blockData=conID: 1 locID: 102704889138774030 bcsId: 0} | ret=SUCCESS |  
2019-08-30 08:04:09,670 | INFO  | DNAudit | user=null | ip=null | op=WRITE_CHUNK {blockData=conID: 1 locID: 102704889138774030 bcsId: 0} | ret=SUCCESS |  
2019-08-30 08:04:09,671 | INFO  | DNAudit | user=null | ip=null | op=WRITE_CHUNK {blockData=conID: 1 locID: 102704889138774030 bcsId: 0} | ret=SUCCESS |  
2019-08-30 08:04:09,698 | INFO  | DNAudit | user=null | ip=null | op=WRITE_CHUNK {blockData=conID: 1 locID: 102704889138774030 bcsId: 0} | ret=SUCCESS |  
2019-08-30 08:04:09,706 [grpc-default-executor-7] INFO  client.GrpcClientProtocolClient (GrpcClientProtocolClient.java:onNext(255)) - client-0F6E9B4249EF->54172fe4-c822-464b-9b19-b53f6a732349: receive RaftClientReply:client-0F6E9B4249EF->54172fe4-c822-464b-9b19-b53f6a732349@group-2D46FCC2CACD, cid=177, SUCCESS, logIndex=3, commits[54172fe4-c822-464b-9b19-b53f6a732349:c5, 6a7c8852-17d8-4446-bc4c-67410121ad93:c1, b02d5434-9006-43db-863d-3b3a4b7891d5:c1]
2019-08-30 08:04:09,721 | INFO  | DNAudit | user=null | ip=null | op=WRITE_CHUNK {blockData=conID: 1 locID: 102704889138774030 bcsId: 0} | ret=SUCCESS |  
2019-08-30 08:04:09,721 | INFO  | DNAudit | user=null | ip=null | op=WRITE_CHUNK {blockData=conID: 1 locID: 102704889138774030 bcsId: 0} | ret=SUCCESS |  
2019-08-30 08:04:09,916 | INFO  | DNAudit | user=null | ip=null | op=PUT_BLOCK {blockData=[blockId=conID: 1 locID: 102704889138774030 bcsId: 0,size=200]} | ret=SUCCESS |  
2019-08-30 08:04:09,917 | INFO  | DNAudit | user=null | ip=null | op=WRITE_CHUNK {blockData=conID: 1 locID: 102704889138774030 bcsId: 0} | ret=SUCCESS |  
2019-08-30 08:04:09,918 | INFO  | DNAudit | user=null | ip=null | op=WRITE_CHUNK {blockData=conID: 1 locID: 102704889138774030 bcsId: 0} | ret=SUCCESS |  
2019-08-30 08:04:09,918 [grpc-default-executor-1] INFO  client.GrpcClientProtocolClient (GrpcClientProtocolClient.java:onNext(255)) - client-0F6E9B4249EF->54172fe4-c822-464b-9b19-b53f6a732349: receive RaftClientReply:client-0F6E9B4249EF->54172fe4-c822-464b-9b19-b53f6a732349@group-2D46FCC2CACD, cid=178, SUCCESS, logIndex=4, commits[54172fe4-c822-464b-9b19-b53f6a732349:c12, 6a7c8852-17d8-4446-bc4c-67410121ad93:c7, b02d5434-9006-43db-863d-3b3a4b7891d5:c7]
2019-08-30 08:04:09,923 [grpc-default-executor-1] INFO  client.GrpcClientProtocolClient (GrpcClientProtocolClient.java:onNext(255)) - client-0F6E9B4249EF->54172fe4-c822-464b-9b19-b53f6a732349: receive RaftClientReply:client-0F6E9B4249EF->54172fe4-c822-464b-9b19-b53f6a732349@group-2D46FCC2CACD, cid=179, SUCCESS, logIndex=5, commits[54172fe4-c822-464b-9b19-b53f6a732349:c12, 6a7c8852-17d8-4446-bc4c-67410121ad93:c7, b02d5434-9006-43db-863d-3b3a4b7891d5:c7]
2019-08-30 08:04:09,924 [grpc-default-executor-1] INFO  client.GrpcClientProtocolClient (GrpcClientProtocolClient.java:onNext(255)) - client-0F6E9B4249EF->54172fe4-c822-464b-9b19-b53f6a732349: receive RaftClientReply:client-0F6E9B4249EF->54172fe4-c822-464b-9b19-b53f6a732349@group-2D46FCC2CACD, cid=180, SUCCESS, logIndex=6, commits[54172fe4-c822-464b-9b19-b53f6a732349:c12, 6a7c8852-17d8-4446-bc4c-67410121ad93:c7, b02d5434-9006-43db-863d-3b3a4b7891d5:c7]
2019-08-30 08:04:09,948 | INFO  | SCMAudit | user=jenkins1000 | ip=192.168.5.184 | op=SEND_HEARTBEAT {datanodeUUID=0e927250-a3c1-4323-8ecd-88ceb047c264, command=[]} | ret=SUCCESS |  
2019-08-30 08:04:10,167 | INFO  | SCMAudit | user=jenkins1000 | ip=192.168.5.184 | op=SEND_HEARTBEAT {datanodeUUID=fed6186c-90e1-4c5c-ac3c-62fdedc4e65b, command=[]} | ret=SUCCESS |  
2019-08-30 08:04:10,293 | INFO  | DNAudit | user=null | ip=null | op=PUT_BLOCK {blockData=[blockId=conID: 1 locID: 102704889138774030 bcsId: 0,size=200]} | ret=SUCCESS |  
2019-08-30 08:04:10,294 | INFO  | DNAudit | user=null | ip=null | op=WRITE_CHUNK {blockData=conID: 1 locID: 102704889138774030 bcsId: 0} | ret=SUCCESS |  
2019-08-30 08:04:10,295 | INFO  | DNAudit | user=null | ip=null | op=WRITE_CHUNK {blockData=conID: 1 locID: 102704889138774030 bcsId: 0} | ret=SUCCESS |  
2019-08-30 08:04:10,357 | INFO  | SCMAudit | user=jenkins1000 | ip=192.168.5.184 | op=SEND_HEARTBEAT {datanodeUUID=e5f38b28-009a-4f22-a943-cfa04c7253b1, command=[]} | ret=SUCCESS |  
2019-08-30 08:04:10,558 | INFO  | SCMAudit | user=jenkins1000 | ip=192.168.5.184 | op=SEND_HEARTBEAT {datanodeUUID=290ef2ed-fd58-4a3d-bde6-9b5b13914a39, command=[]} | ret=SUCCESS |  
2019-08-30 08:04:10,584 | INFO  | DNAudit | user=null | ip=null | op=PUT_BLOCK {blockData=[blockId=conID: 1 locID: 102704889138774030 bcsId: 0,size=200]} | ret=SUCCESS |  
2019-08-30 08:04:10,584 | INFO  | DNAudit | user=null | ip=null | op=PUT_BLOCK {blockData=[blockId=conID: 1 locID: 102704889138774030 bcsId: 0,size=400]} | ret=SUCCESS |  
2019-08-30 08:04:10,584 | INFO  | DNAudit | user=null | ip=null | op=PUT_BLOCK {blockData=[blockId=conID: 1 locID: 102704889138774030 bcsId: 0,size=400]} | ret=SUCCESS |  
2019-08-30 08:04:10,585 | INFO  | DNAudit | user=null | ip=null | op=WRITE_CHUNK {blockData=conID: 1 locID: 102704889138774030 bcsId: 0} | ret=SUCCESS |  
2019-08-30 08:04:10,585 | INFO  | DNAudit | user=null | ip=null | op=WRITE_CHUNK {blockData=conID: 1 locID: 102704889138774030 bcsId: 0} | ret=SUCCESS |  
2019-08-30 08:04:10,586 | INFO  | DNAudit | user=null | ip=null | op=PUT_BLOCK {blockData=[blockId=conID: 1 locID: 102704889138774030 bcsId: 0,size=400]} | ret=SUCCESS |  
2019-08-30 08:04:10,586 [grpc-default-executor-1] INFO  client.GrpcClientProtocolClient (GrpcClientProtocolClient.java:onNext(255)) - client-0F6E9B4249EF->54172fe4-c822-464b-9b19-b53f6a732349: receive RaftClientReply:client-0F6E9B4249EF->54172fe4-c822-464b-9b19-b53f6a732349@group-2D46FCC2CACD, cid=181, SUCCESS, logIndex=7, commits[54172fe4-c822-464b-9b19-b53f6a732349:c12, 6a7c8852-17d8-4446-bc4c-67410121ad93:c7, b02d5434-9006-43db-863d-3b3a4b7891d5:c7]
2019-08-30 08:04:10,590 | INFO  | DNAudit | user=null | ip=null | op=WRITE_CHUNK {blockData=conID: 1 locID: 102704889138774030 bcsId: 7} | ret=SUCCESS |  
2019-08-30 08:04:10,591 | INFO  | DNAudit | user=null | ip=null | op=WRITE_CHUNK {blockData=conID: 1 locID: 102704889138774030 bcsId: 7} | ret=SUCCESS |  
2019-08-30 08:04:10,591 | INFO  | DNAudit | user=null | ip=null | op=WRITE_CHUNK {blockData=conID: 1 locID: 102704889138774030 bcsId: 7} | ret=SUCCESS |  
2019-08-30 08:04:10,615 | INFO  | DNAudit | user=null | ip=null | op=WRITE_CHUNK {blockData=conID: 1 locID: 102704889138774030 bcsId: 7} | ret=SUCCESS |  
2019-08-30 08:04:10,616 | INFO  | DNAudit | user=null | ip=null | op=PUT_BLOCK {blockData=[blockId=conID: 1 locID: 102704889138774030 bcsId: 0,size=450]} | ret=SUCCESS |  
2019-08-30 08:04:10,617 [grpc-default-executor-1] INFO  client.GrpcClientProtocolClient (GrpcClientProtocolClient.java:onNext(255)) - client-0F6E9B4249EF->54172fe4-c822-464b-9b19-b53f6a732349: receive RaftClientReply:client-0F6E9B4249EF->54172fe4-c822-464b-9b19-b53f6a732349@group-2D46FCC2CACD, cid=182, SUCCESS, logIndex=13, commits[54172fe4-c822-464b-9b19-b53f6a732349:c14, 6a7c8852-17d8-4446-bc4c-67410121ad93:c12, b02d5434-9006-43db-863d-3b3a4b7891d5:c12]
2019-08-30 08:04:10,617 [grpc-default-executor-1] INFO  client.GrpcClientProtocolClient (GrpcClientProtocolClient.java:onNext(255)) - client-0F6E9B4249EF->54172fe4-c822-464b-9b19-b53f6a732349: receive RaftClientReply:client-0F6E9B4249EF->54172fe4-c822-464b-9b19-b53f6a732349@group-2D46FCC2CACD, cid=183, SUCCESS, logIndex=14, commits[54172fe4-c822-464b-9b19-b53f6a732349:c14, 6a7c8852-17d8-4446-bc4c-67410121ad93:c12, b02d5434-9006-43db-863d-3b3a4b7891d5:c12]
2019-08-30 08:04:10,625 | INFO  | SCMAudit | user=jenkins1000 | ip=192.168.5.184 | op=SEND_HEARTBEAT {datanodeUUID=6a7c8852-17d8-4446-bc4c-67410121ad93, command=[]} | ret=SUCCESS |  
2019-08-30 08:04:10,625 | INFO  | SCMAudit | user=jenkins1000 | ip=192.168.5.184 | op=SEND_HEARTBEAT {datanodeUUID=b02d5434-9006-43db-863d-3b3a4b7891d5, command=[]} | ret=SUCCESS |  
2019-08-30 08:04:10,625 | INFO  | SCMAudit | user=jenkins1000 | ip=192.168.5.184 | op=SEND_HEARTBEAT {datanodeUUID=54172fe4-c822-464b-9b19-b53f6a732349, command=[]} | ret=SUCCESS |  
2019-08-30 08:04:10,632 | INFO  | DNAudit | user=null | ip=null | op=WRITE_CHUNK {blockData=conID: 1 locID: 102704889138774030 bcsId: 7} | ret=SUCCESS |  
2019-08-30 08:04:10,633 | INFO  | DNAudit | user=null | ip=null | op=WRITE_CHUNK {blockData=conID: 1 locID: 102704889138774030 bcsId: 7} | ret=SUCCESS |  
2019-08-30 08:04:10,638 | INFO  | DNAudit | user=null | ip=null | op=PUT_BLOCK {blockData=[blockId=conID: 1 locID: 102704889138774030 bcsId: 0,size=450]} | ret=SUCCESS |  
2019-08-30 08:04:10,640 | INFO  | DNAudit | user=null | ip=null | op=PUT_BLOCK {blockData=[blockId=conID: 1 locID: 102704889138774030 bcsId: 0,size=450]} | ret=SUCCESS |  
2019-08-30 08:04:10,640 [grpc-default-executor-1] INFO  client.GrpcClientProtocolClient (GrpcClientProtocolClient.java:onNext(255)) - client-0F6E9B4249EF->54172fe4-c822-464b-9b19-b53f6a732349: receive RaftClientReply:client-0F6E9B4249EF->54172fe4-c822-464b-9b19-b53f6a732349@group-2D46FCC2CACD, cid=184, SUCCESS, logIndex=0, commits[54172fe4-c822-464b-9b19-b53f6a732349:c15, 6a7c8852-17d8-4446-bc4c-67410121ad93:c14, b02d5434-9006-43db-863d-3b3a4b7891d5:c14]
2019-08-30 08:04:10,641 [main] INFO  datanode.ObjectStoreHandler (ObjectStoreHandler.java:close(155)) - Closing ObjectStoreHandler.
2019-08-30 08:04:10,642 [main] INFO  ozone.HddsDatanodeService (HddsDatanodeService.java:stop(451)) - Stopped plug-in org.apache.hadoop.ozone.web.OzoneHddsDatanodeService@5680f009
2019-08-30 08:04:10,949 | INFO  | SCMAudit | user=jenkins1000 | ip=192.168.5.184 | op=SEND_HEARTBEAT {datanodeUUID=0e927250-a3c1-4323-8ecd-88ceb047c264, command=[]} | ret=SUCCESS |  
2019-08-30 08:04:11,168 | INFO  | SCMAudit | user=jenkins1000 | ip=192.168.5.184 | op=SEND_HEARTBEAT {datanodeUUID=fed6186c-90e1-4c5c-ac3c-62fdedc4e65b, command=[]} | ret=SUCCESS |  
2019-08-30 08:04:11,357 | INFO  | SCMAudit | user=jenkins1000 | ip=192.168.5.184 | op=SEND_HEARTBEAT {datanodeUUID=e5f38b28-009a-4f22-a943-cfa04c7253b1, command=[]} | ret=SUCCESS |  
2019-08-30 08:04:11,559 | INFO  | SCMAudit | user=jenkins1000 | ip=192.168.5.184 | op=SEND_HEARTBEAT {datanodeUUID=290ef2ed-fd58-4a3d-bde6-9b5b13914a39, command=[]} | ret=SUCCESS |  
2019-08-30 08:04:11,625 [Datanode State Machine Thread - 0] INFO  statemachine.DatanodeStateMachine (DatanodeStateMachine.java:lambda$startDaemon$0(350)) - Ozone container server started.
2019-08-30 08:04:11,625 | INFO  | SCMAudit | user=jenkins1000 | ip=192.168.5.184 | op=SEND_HEARTBEAT {datanodeUUID=b02d5434-9006-43db-863d-3b3a4b7891d5, command=[]} | ret=SUCCESS |  
2019-08-30 08:04:11,625 | INFO  | SCMAudit | user=jenkins1000 | ip=192.168.5.184 | op=SEND_HEARTBEAT {datanodeUUID=6a7c8852-17d8-4446-bc4c-67410121ad93, command=[]} | ret=SUCCESS |  
2019-08-30 08:04:11,949 | INFO  | SCMAudit | user=jenkins1000 | ip=192.168.5.184 | op=SEND_HEARTBEAT {datanodeUUID=0e927250-a3c1-4323-8ecd-88ceb047c264, command=[]} | ret=SUCCESS |  
2019-08-30 08:04:12,167 | INFO  | SCMAudit | user=jenkins1000 | ip=192.168.5.184 | op=SEND_HEARTBEAT {datanodeUUID=fed6186c-90e1-4c5c-ac3c-62fdedc4e65b, command=[]} | ret=SUCCESS |  
2019-08-30 08:04:12,357 | INFO  | SCMAudit | user=jenkins1000 | ip=192.168.5.184 | op=SEND_HEARTBEAT {datanodeUUID=e5f38b28-009a-4f22-a943-cfa04c7253b1, command=[]} | ret=SUCCESS |  
2019-08-30 08:04:12,559 | INFO  | SCMAudit | user=jenkins1000 | ip=192.168.5.184 | op=SEND_HEARTBEAT {datanodeUUID=290ef2ed-fd58-4a3d-bde6-9b5b13914a39, command=[]} | ret=SUCCESS |  
2019-08-30 08:04:12,625 | INFO  | SCMAudit | user=jenkins1000 | ip=192.168.5.184 | op=SEND_HEARTBEAT {datanodeUUID=b02d5434-9006-43db-863d-3b3a4b7891d5, command=[]} | ret=SUCCESS |  
2019-08-30 08:04:12,625 | INFO  | SCMAudit | user=jenkins1000 | ip=192.168.5.184 | op=SEND_HEARTBEAT {datanodeUUID=6a7c8852-17d8-4446-bc4c-67410121ad93, command=[]} | ret=SUCCESS |  
2019-08-30 08:04:12,950 | INFO  | SCMAudit | user=jenkins1000 | ip=192.168.5.184 | op=SEND_HEARTBEAT {datanodeUUID=0e927250-a3c1-4323-8ecd-88ceb047c264, command=[]} | ret=SUCCESS |  
2019-08-30 08:04:13,167 | INFO  | SCMAudit | user=jenkins1000 | ip=192.168.5.184 | op=SEND_HEARTBEAT {datanodeUUID=fed6186c-90e1-4c5c-ac3c-62fdedc4e65b, command=[]} | ret=SUCCESS |  
2019-08-30 08:04:13,358 | INFO  | SCMAudit | user=jenkins1000 | ip=192.168.5.184 | op=SEND_HEARTBEAT {datanodeUUID=e5f38b28-009a-4f22-a943-cfa04c7253b1, command=[]} | ret=SUCCESS |  
2019-08-30 08:04:13,559 | INFO  | SCMAudit | user=jenkins1000 | ip=192.168.5.184 | op=SEND_HEARTBEAT {datanodeUUID=290ef2ed-fd58-4a3d-bde6-9b5b13914a39, command=[]} | ret=SUCCESS |  
2019-08-30 08:04:13,625 | INFO  | SCMAudit | user=jenkins1000 | ip=192.168.5.184 | op=SEND_HEARTBEAT {datanodeUUID=b02d5434-9006-43db-863d-3b3a4b7891d5, command=[]} | ret=SUCCESS |  
2019-08-30 08:04:13,625 | INFO  | SCMAudit | user=jenkins1000 | ip=192.168.5.184 | op=SEND_HEARTBEAT {datanodeUUID=6a7c8852-17d8-4446-bc4c-67410121ad93, command=[]} | ret=SUCCESS |  
2019-08-30 08:04:13,950 | INFO  | SCMAudit | user=jenkins1000 | ip=192.168.5.184 | op=SEND_HEARTBEAT {datanodeUUID=0e927250-a3c1-4323-8ecd-88ceb047c264, command=[]} | ret=SUCCESS |  
2019-08-30 08:04:14,168 | INFO  | SCMAudit | user=jenkins1000 | ip=192.168.5.184 | op=SEND_HEARTBEAT {datanodeUUID=fed6186c-90e1-4c5c-ac3c-62fdedc4e65b, command=[]} | ret=SUCCESS |  
2019-08-30 08:04:14,357 | INFO  | SCMAudit | user=jenkins1000 | ip=192.168.5.184 | op=SEND_HEARTBEAT {datanodeUUID=e5f38b28-009a-4f22-a943-cfa04c7253b1, command=[]} | ret=SUCCESS |  
2019-08-30 08:04:14,560 | INFO  | SCMAudit | user=jenkins1000 | ip=192.168.5.184 | op=SEND_HEARTBEAT {datanodeUUID=290ef2ed-fd58-4a3d-bde6-9b5b13914a39, command=[]} | ret=SUCCESS |  
2019-08-30 08:04:14,625 | INFO  | SCMAudit | user=jenkins1000 | ip=192.168.5.184 | op=SEND_HEARTBEAT {datanodeUUID=b02d5434-9006-43db-863d-3b3a4b7891d5, command=[]} | ret=SUCCESS |  
2019-08-30 08:04:14,625 | INFO  | SCMAudit | user=jenkins1000 | ip=192.168.5.184 | op=SEND_HEARTBEAT {datanodeUUID=6a7c8852-17d8-4446-bc4c-67410121ad93, command=[]} | ret=SUCCESS |  
2019-08-30 08:04:14,950 | INFO  | SCMAudit | user=jenkins1000 | ip=192.168.5.184 | op=SEND_HEARTBEAT {datanodeUUID=0e927250-a3c1-4323-8ecd-88ceb047c264, command=[]} | ret=SUCCESS |  
2019-08-30 08:04:15,168 | INFO  | SCMAudit | user=jenkins1000 | ip=192.168.5.184 | op=SEND_HEARTBEAT {datanodeUUID=fed6186c-90e1-4c5c-ac3c-62fdedc4e65b, command=[]} | ret=SUCCESS |  
2019-08-30 08:04:15,357 | INFO  | SCMAudit | user=jenkins1000 | ip=192.168.5.184 | op=SEND_HEARTBEAT {datanodeUUID=e5f38b28-009a-4f22-a943-cfa04c7253b1, command=[]} | ret=SUCCESS |  
2019-08-30 08:04:15,560 | INFO  | SCMAudit | user=jenkins1000 | ip=192.168.5.184 | op=SEND_HEARTBEAT {datanodeUUID=290ef2ed-fd58-4a3d-bde6-9b5b13914a39, command=[]} | ret=SUCCESS |  
2019-08-30 08:04:15,625 | INFO  | SCMAudit | user=jenkins1000 | ip=192.168.5.184 | op=SEND_HEARTBEAT {datanodeUUID=b02d5434-9006-43db-863d-3b3a4b7891d5, command=[]} | ret=SUCCESS |  
2019-08-30 08:04:15,625 | INFO  | SCMAudit | user=jenkins1000 | ip=192.168.5.184 | op=SEND_HEARTBEAT {datanodeUUID=6a7c8852-17d8-4446-bc4c-67410121ad93, command=[]} | ret=SUCCESS |  
2019-08-30 08:04:15,643 [main] INFO  ozoneimpl.OzoneContainer (OzoneContainer.java:stop(199)) - Attempting to stop container services.
2019-08-30 08:04:15,644 [main] INFO  impl.RaftServerProxy (RaftServerProxy.java:lambda$close$4(314)) - 54172fe4-c822-464b-9b19-b53f6a732349: close
2019-08-30 08:04:15,645 [main] INFO  impl.RaftServerImpl (RaftServerImpl.java:lambda$shutdown$3(245)) - 54172fe4-c822-464b-9b19-b53f6a732349: shutdown group-E04E7EB1871C
2019-08-30 08:04:15,645 [ForkJoinPool.commonPool-worker-0] INFO  impl.RaftServerImpl (RaftServerImpl.java:lambda$shutdown$3(245)) - 54172fe4-c822-464b-9b19-b53f6a732349: shutdown group-2D46FCC2CACD
2019-08-30 08:04:15,645 [EventQueue-StaleNodeForStaleNodeHandler] INFO  node.StaleNodeHandler (StaleNodeHandler.java:onMessage(58)) - Datanode 54172fe4-c822-464b-9b19-b53f6a732349{ip: 192.168.5.184, host: pr-hdds-1569-g97bt-2511755227, networkLocation: /default-rack, certSerialId: null} moved to stale state. Finalizing its pipelines [PipelineID=b1c94aab-e051-42b6-8c06-e04e7eb1871c, PipelineID=ae97209f-a6bd-4238-be2a-2d46fcc2cacd]
2019-08-30 08:04:15,645 [ForkJoinPool.commonPool-worker-0] INFO  util.JmxRegister (JmxRegister.java:unregister(73)) - Successfully un-registered JMX Bean with object name Ratis:service=RaftServer,group=group-2D46FCC2CACD,id=54172fe4-c822-464b-9b19-b53f6a732349
2019-08-30 08:04:15,645 [main] INFO  util.JmxRegister (JmxRegister.java:unregister(73)) - Successfully un-registered JMX Bean with object name Ratis:service=RaftServer,group=group-E04E7EB1871C,id=54172fe4-c822-464b-9b19-b53f6a732349
2019-08-30 08:04:15,646 [ForkJoinPool.commonPool-worker-0] INFO  impl.RoleInfo (RoleInfo.java:shutdownLeaderState(104)) - 54172fe4-c822-464b-9b19-b53f6a732349: shutdown LeaderState
2019-08-30 08:04:15,646 [EventQueue-StaleNodeForStaleNodeHandler] INFO  pipeline.SCMPipelineManager (SCMPipelineManager.java:finalizeAndDestroyPipeline(309)) - destroying pipeline:Pipeline[ Id: b1c94aab-e051-42b6-8c06-e04e7eb1871c, Nodes: 54172fe4-c822-464b-9b19-b53f6a732349{ip: 192.168.5.184, host: pr-hdds-1569-g97bt-2511755227, networkLocation: /default-rack, certSerialId: null}, Type:RATIS, Factor:ONE, State:OPEN]
2019-08-30 08:04:15,652 [ForkJoinPool.commonPool-worker-0] INFO  impl.PendingRequests (PendingRequests.java:sendNotLeaderResponses(202)) - 54172fe4-c822-464b-9b19-b53f6a732349-PendingRequests: sendNotLeaderResponses
2019-08-30 08:04:15,646 [main] INFO  impl.RoleInfo (RoleInfo.java:shutdownLeaderState(104)) - 54172fe4-c822-464b-9b19-b53f6a732349: shutdown LeaderState
2019-08-30 08:04:15,657 [StateMachineUpdater:54172fe4-c822-464b-9b19-b53f6a732349:group-2D46FCC2CACD] INFO  ratis.ContainerStateMachine (ContainerStateMachine.java:takeSnapshot(283)) - group-2D46FCC2CACD: Taking a snapshot at:(t:2, i:14) file /workdir/hadoop-ozone/integration-test/target/test-dir/MiniOzoneClusterImpl-0a678d0b-345d-45b6-820b-f96c3cc761ae/datanode-2/data/ratis/ae97209f-a6bd-4238-be2a-2d46fcc2cacd/sm/snapshot.2_14
2019-08-30 08:04:15,658 [main] INFO  impl.PendingRequests (PendingRequests.java:sendNotLeaderResponses(202)) - 54172fe4-c822-464b-9b19-b53f6a732349-PendingRequests: sendNotLeaderResponses
2019-08-30 08:04:15,657 [ForkJoinPool.commonPool-worker-0] INFO  impl.StateMachineUpdater (StateMachineUpdater.java:stopAndJoin(115)) - StateMachineUpdater:54172fe4-c822-464b-9b19-b53f6a732349:group-2D46FCC2CACD: set stopIndex = 16
2019-08-30 08:04:15,652 [EventQueue-StaleNodeForStaleNodeHandler] INFO  pipeline.PipelineStateManager (PipelineStateManager.java:finalizePipeline(123)) - Pipeline Pipeline[ Id: b1c94aab-e051-42b6-8c06-e04e7eb1871c, Nodes: 54172fe4-c822-464b-9b19-b53f6a732349{ip: 192.168.5.184, host: pr-hdds-1569-g97bt-2511755227, networkLocation: /default-rack, certSerialId: null}, Type:RATIS, Factor:ONE, State:CLOSED] moved to CLOSED state
2019-08-30 08:04:15,652 [org.apache.ratis.server.impl.LogAppender$AppenderDaemon$$Lambda$498/357954730@59c2dbc4] WARN  server.GrpcLogAppender (GrpcLogAppender.java:mayWait(143)) - GrpcLogAppender(54172fe4-c822-464b-9b19-b53f6a732349->6a7c8852-17d8-4446-bc4c-67410121ad93): Wait interrupted by java.lang.InterruptedException
2019-08-30 08:04:15,652 [org.apache.ratis.server.impl.LogAppender$AppenderDaemon$$Lambda$498/357954730@1cc05e98] WARN  server.GrpcLogAppender (GrpcLogAppender.java:mayWait(143)) - GrpcLogAppender(54172fe4-c822-464b-9b19-b53f6a732349->b02d5434-9006-43db-863d-3b3a4b7891d5): Wait interrupted by java.lang.InterruptedException
2019-08-30 08:04:15,659 [EventQueue-StaleNodeForStaleNodeHandler] INFO  pipeline.SCMPipelineManager (SCMPipelineManager.java:finalizeAndDestroyPipeline(309)) - destroying pipeline:Pipeline[ Id: ae97209f-a6bd-4238-be2a-2d46fcc2cacd, Nodes: 54172fe4-c822-464b-9b19-b53f6a732349{ip: 192.168.5.184, host: pr-hdds-1569-g97bt-2511755227, networkLocation: /default-rack, certSerialId: null}b02d5434-9006-43db-863d-3b3a4b7891d5{ip: 192.168.5.184, host: pr-hdds-1569-g97bt-2511755227, networkLocation: /default-rack, certSerialId: null}6a7c8852-17d8-4446-bc4c-67410121ad93{ip: 192.168.5.184, host: pr-hdds-1569-g97bt-2511755227, networkLocation: /default-rack, certSerialId: null}, Type:RATIS, Factor:THREE, State:OPEN]
2019-08-30 08:04:15,660 [grpc-default-executor-1] INFO  server.GrpcServerProtocolService (GrpcServerProtocolService.java:onCompleted(104)) - 6a7c8852-17d8-4446-bc4c-67410121ad93: appendEntries completed
2019-08-30 08:04:15,659 [main] INFO  impl.StateMachineUpdater (StateMachineUpdater.java:stopAndJoin(115)) - StateMachineUpdater:54172fe4-c822-464b-9b19-b53f6a732349:group-E04E7EB1871C: set stopIndex = 0
2019-08-30 08:04:15,660 [grpc-default-executor-7] INFO  server.GrpcLogAppender (GrpcLogAppender.java:onCompleted(292)) - 54172fe4-c822-464b-9b19-b53f6a732349->6a7c8852-17d8-4446-bc4c-67410121ad93: follower responses appendEntries COMPLETED
2019-08-30 08:04:15,660 [grpc-default-executor-9] INFO  server.GrpcServerProtocolService (GrpcServerProtocolService.java:onCompleted(104)) - b02d5434-9006-43db-863d-3b3a4b7891d5: appendEntries completed
2019-08-30 08:04:15,660 [EventQueue-StaleNodeForStaleNodeHandler] INFO  pipeline.PipelineStateManager (PipelineStateManager.java:finalizePipeline(123)) - Pipeline Pipeline[ Id: ae97209f-a6bd-4238-be2a-2d46fcc2cacd, Nodes: 54172fe4-c822-464b-9b19-b53f6a732349{ip: 192.168.5.184, host: pr-hdds-1569-g97bt-2511755227, networkLocation: /default-rack, certSerialId: null}b02d5434-9006-43db-863d-3b3a4b7891d5{ip: 192.168.5.184, host: pr-hdds-1569-g97bt-2511755227, networkLocation: /default-rack, certSerialId: null}6a7c8852-17d8-4446-bc4c-67410121ad93{ip: 192.168.5.184, host: pr-hdds-1569-g97bt-2511755227, networkLocation: /default-rack, certSerialId: null}, Type:RATIS, Factor:THREE, State:CLOSED] moved to CLOSED state
2019-08-30 08:04:15,661 [grpc-default-executor-7] INFO  impl.FollowerInfo (FollowerInfo.java:lambda$new$0(50)) - 54172fe4-c822-464b-9b19-b53f6a732349->6a7c8852-17d8-4446-bc4c-67410121ad93: nextIndex: updateUnconditionally 17 -> 16
2019-08-30 08:04:15,660 [main] INFO  impl.RaftServerImpl (ServerState.java:close(394)) - 54172fe4-c822-464b-9b19-b53f6a732349:group-E04E7EB1871C closes. The last applied log index is 0
2019-08-30 08:04:15,662 [EventQueue-CloseContainerForCloseContainerEventHandler] INFO  container.CloseContainerEventHandler (CloseContainerEventHandler.java:onMessage(61)) - Close container Event triggered for container : #1
2019-08-30 08:04:15,661 [grpc-default-executor-7] INFO  server.GrpcLogAppender (GrpcLogAppender.java:onCompleted(292)) - 54172fe4-c822-464b-9b19-b53f6a732349->b02d5434-9006-43db-863d-3b3a4b7891d5: follower responses appendEntries COMPLETED
2019-08-30 08:04:15,662 [54172fe4-c822-464b-9b19-b53f6a732349-SegmentedRaftLogWorker:Storage Directory /workdir/hadoop-ozone/integration-test/target/test-dir/MiniOzoneClusterImpl-0a678d0b-345d-45b6-820b-f96c3cc761ae/datanode-2/data/ratis/b1c94aab-e051-42b6-8c06-e04e7eb1871c] INFO  segmented.SegmentedRaftLogWorker (SegmentedRaftLogWorker.java:run(313)) - 54172fe4-c822-464b-9b19-b53f6a732349-SegmentedRaftLogWorker:Storage Directory /workdir/hadoop-ozone/integration-test/target/test-dir/MiniOzoneClusterImpl-0a678d0b-345d-45b6-820b-f96c3cc761ae/datanode-2/data/ratis/b1c94aab-e051-42b6-8c06-e04e7eb1871c was interrupted, exiting. There are 0 tasks remaining in the queue.
2019-08-30 08:04:15,662 [grpc-default-executor-7] INFO  impl.FollowerInfo (FollowerInfo.java:lambda$new$0(50)) - 54172fe4-c822-464b-9b19-b53f6a732349->b02d5434-9006-43db-863d-3b3a4b7891d5: nextIndex: updateUnconditionally 17 -> 16
2019-08-30 08:04:15,665 [main] INFO  segmented.SegmentedRaftLogWorker (SegmentedRaftLogWorker.java:close(228)) - 54172fe4-c822-464b-9b19-b53f6a732349-SegmentedRaftLogWorker:Storage Directory /workdir/hadoop-ozone/integration-test/target/test-dir/MiniOzoneClusterImpl-0a678d0b-345d-45b6-820b-f96c3cc761ae/datanode-2/data/ratis/b1c94aab-e051-42b6-8c06-e04e7eb1871c close()
2019-08-30 08:04:15,714 [StateMachineUpdater:54172fe4-c822-464b-9b19-b53f6a732349:group-2D46FCC2CACD] INFO  ratis.ContainerStateMachine (ContainerStateMachine.java:takeSnapshot(294)) - group-2D46FCC2CACD: Finished taking a snapshot at:(t:2, i:14) file:/workdir/hadoop-ozone/integration-test/target/test-dir/MiniOzoneClusterImpl-0a678d0b-345d-45b6-820b-f96c3cc761ae/datanode-2/data/ratis/ae97209f-a6bd-4238-be2a-2d46fcc2cacd/sm/snapshot.2_14 time:57
2019-08-30 08:04:15,714 [StateMachineUpdater:54172fe4-c822-464b-9b19-b53f6a732349:group-2D46FCC2CACD] INFO  impl.StateMachineUpdater (StateMachineUpdater.java:takeSnapshot(242)) - StateMachineUpdater:54172fe4-c822-464b-9b19-b53f6a732349:group-2D46FCC2CACD: Took a snapshot at index 14
2019-08-30 08:04:15,714 [StateMachineUpdater:54172fe4-c822-464b-9b19-b53f6a732349:group-2D46FCC2CACD] INFO  impl.StateMachineUpdater (StateMachineUpdater.java:lambda$new$0(80)) - StateMachineUpdater:54172fe4-c822-464b-9b19-b53f6a732349:group-2D46FCC2CACD: snapshotIndex: updateIncreasingly -1 -> 14
2019-08-30 08:04:15,715 [ForkJoinPool.commonPool-worker-0] INFO  impl.RaftServerImpl (ServerState.java:close(394)) - 54172fe4-c822-464b-9b19-b53f6a732349:group-2D46FCC2CACD closes. The last applied log index is 16
2019-08-30 08:04:15,715 [54172fe4-c822-464b-9b19-b53f6a732349-SegmentedRaftLogWorker:Storage Directory /workdir/hadoop-ozone/integration-test/target/test-dir/MiniOzoneClusterImpl-0a678d0b-345d-45b6-820b-f96c3cc761ae/datanode-2/data/ratis/ae97209f-a6bd-4238-be2a-2d46fcc2cacd] INFO  segmented.SegmentedRaftLogWorker (SegmentedRaftLogWorker.java:run(313)) - 54172fe4-c822-464b-9b19-b53f6a732349-SegmentedRaftLogWorker:Storage Directory /workdir/hadoop-ozone/integration-test/target/test-dir/MiniOzoneClusterImpl-0a678d0b-345d-45b6-820b-f96c3cc761ae/datanode-2/data/ratis/ae97209f-a6bd-4238-be2a-2d46fcc2cacd was interrupted, exiting. There are 0 tasks remaining in the queue.
2019-08-30 08:04:15,718 [ForkJoinPool.commonPool-worker-0] INFO  segmented.SegmentedRaftLogWorker (SegmentedRaftLogWorker.java:close(228)) - 54172fe4-c822-464b-9b19-b53f6a732349-SegmentedRaftLogWorker:Storage Directory /workdir/hadoop-ozone/integration-test/target/test-dir/MiniOzoneClusterImpl-0a678d0b-345d-45b6-820b-f96c3cc761ae/datanode-2/data/ratis/ae97209f-a6bd-4238-be2a-2d46fcc2cacd close()
2019-08-30 08:04:15,723 [main] INFO  server.GrpcService (GrpcService.java:closeImpl(155)) - 54172fe4-c822-464b-9b19-b53f6a732349: shutdown server with port 42780 now
2019-08-30 08:04:15,727 [grpc-default-executor-1] WARN  client.GrpcClientProtocolService (LogUtils.java:warn(134)) - 4-UnorderedRequestStreamObserver4: onError: org.apache.ratis.thirdparty.io.grpc.StatusRuntimeException: CANCELLED: cancelled before receiving half close
2019-08-30 08:04:15,727 [main] INFO  server.GrpcService (GrpcService.java:closeImpl(163)) - 54172fe4-c822-464b-9b19-b53f6a732349: shutdown server with port 42780 successfully
2019-08-30 08:04:15,732 [main] INFO  utils.BackgroundService (BackgroundService.java:shutdown(148)) - Shutting down service BlockDeletingService
2019-08-30 08:04:15,735 [refreshUsed-/workdir/hadoop-ozone/integration-test/target/test-dir/MiniOzoneClusterImpl-0a678d0b-345d-45b6-820b-f96c3cc761ae/datanode-2/data/containers] WARN  fs.CachingGetSpaceUsed (CachingGetSpaceUsed.java:run(183)) - Thread Interrupted waiting to refresh disk information: sleep interrupted
2019-08-30 08:04:15,755 [main] INFO  statemachine.DatanodeStateMachine (DatanodeStateMachine.java:stopDaemon(395)) - Ozone container server stopped.
2019-08-30 08:04:15,757 [main] INFO  handler.ContextHandler (ContextHandler.java:doStop(910)) - Stopped o.e.j.w.WebAppContext@7048d039{/,null,UNAVAILABLE}{/hddsDatanode}
2019-08-30 08:04:15,758 [main] INFO  server.AbstractConnector (AbstractConnector.java:doStop(318)) - Stopped ServerConnector@1bff4b1f{HTTP/1.1,[http/1.1]}{0.0.0.0:0}
2019-08-30 08:04:15,759 [main] INFO  handler.ContextHandler (ContextHandler.java:doStop(910)) - Stopped o.e.j.s.ServletContextHandler@26c349fc{/static,jar:file:/home/user/.m2/repository/org/apache/hadoop/hadoop-hdds-container-service/0.5.0-SNAPSHOT/hadoop-hdds-container-service-0.5.0-SNAPSHOT.jar!/webapps/static,UNAVAILABLE}
2019-08-30 08:04:15,759 [main] INFO  handler.ContextHandler (ContextHandler.java:doStop(910)) - Stopped o.e.j.s.ServletContextHandler@644f033d{/logs,file:///workdir/hadoop-ozone/integration-test/target/log,UNAVAILABLE}
2019-08-30 08:04:15,950 | INFO  | SCMAudit | user=jenkins1000 | ip=192.168.5.184 | op=SEND_HEARTBEAT {datanodeUUID=0e927250-a3c1-4323-8ecd-88ceb047c264, command=[]} | ret=SUCCESS |  
2019-08-30 08:04:16,169 | INFO  | SCMAudit | user=jenkins1000 | ip=192.168.5.184 | op=SEND_HEARTBEAT {datanodeUUID=fed6186c-90e1-4c5c-ac3c-62fdedc4e65b, command=[]} | ret=SUCCESS |  
2019-08-30 08:04:16,357 | INFO  | SCMAudit | user=jenkins1000 | ip=192.168.5.184 | op=SEND_HEARTBEAT {datanodeUUID=e5f38b28-009a-4f22-a943-cfa04c7253b1, command=[]} | ret=SUCCESS |  
2019-08-30 08:04:16,561 | INFO  | SCMAudit | user=jenkins1000 | ip=192.168.5.184 | op=SEND_HEARTBEAT {datanodeUUID=290ef2ed-fd58-4a3d-bde6-9b5b13914a39, command=[]} | ret=SUCCESS |  
2019-08-30 08:04:16,626 | INFO  | SCMAudit | user=jenkins1000 | ip=192.168.5.184 | op=SEND_HEARTBEAT {datanodeUUID=b02d5434-9006-43db-863d-3b3a4b7891d5, command=[commandType: closeContainerCommand closeContainerCommandProto { containerID: 1 pipelineID { id: "ae97209f-a6bd-4238-be2a-2d46fcc2cacd" } cmdId: 1 force: false } ]} | ret=SUCCESS |  
2019-08-30 08:04:16,626 | INFO  | SCMAudit | user=jenkins1000 | ip=192.168.5.184 | op=SEND_HEARTBEAT {datanodeUUID=6a7c8852-17d8-4446-bc4c-67410121ad93, command=[commandType: closeContainerCommand closeContainerCommandProto { containerID: 1 pipelineID { id: "ae97209f-a6bd-4238-be2a-2d46fcc2cacd" } cmdId: 1 force: false } ]} | ret=SUCCESS |  
2019-08-30 08:04:16,951 | INFO  | SCMAudit | user=jenkins1000 | ip=192.168.5.184 | op=SEND_HEARTBEAT {datanodeUUID=0e927250-a3c1-4323-8ecd-88ceb047c264, command=[]} | ret=SUCCESS |  
2019-08-30 08:04:17,169 | INFO  | SCMAudit | user=jenkins1000 | ip=192.168.5.184 | op=SEND_HEARTBEAT {datanodeUUID=fed6186c-90e1-4c5c-ac3c-62fdedc4e65b, command=[]} | ret=SUCCESS |  
2019-08-30 08:04:17,357 | INFO  | SCMAudit | user=jenkins1000 | ip=192.168.5.184 | op=SEND_HEARTBEAT {datanodeUUID=e5f38b28-009a-4f22-a943-cfa04c7253b1, command=[]} | ret=SUCCESS |  
2019-08-30 08:04:17,561 | INFO  | SCMAudit | user=jenkins1000 | ip=192.168.5.184 | op=SEND_HEARTBEAT {datanodeUUID=290ef2ed-fd58-4a3d-bde6-9b5b13914a39, command=[]} | ret=SUCCESS |  
2019-08-30 08:04:17,625 | INFO  | SCMAudit | user=jenkins1000 | ip=192.168.5.184 | op=SEND_HEARTBEAT {datanodeUUID=b02d5434-9006-43db-863d-3b3a4b7891d5, command=[]} | ret=SUCCESS |  
2019-08-30 08:04:17,626 | INFO  | SCMAudit | user=jenkins1000 | ip=192.168.5.184 | op=SEND_HEARTBEAT {datanodeUUID=6a7c8852-17d8-4446-bc4c-67410121ad93, command=[]} | ret=SUCCESS |  
2019-08-30 08:04:17,679 | INFO  | SCMAudit | user=jenkins1000 | ip=192.168.5.184 | op=SEND_HEARTBEAT {datanodeUUID=b02d5434-9006-43db-863d-3b3a4b7891d5, command=[]} | ret=SUCCESS |  
2019-08-30 08:04:17,679 | INFO  | SCMAudit | user=jenkins1000 | ip=192.168.5.184 | op=SEND_HEARTBEAT {datanodeUUID=6a7c8852-17d8-4446-bc4c-67410121ad93, command=[]} | ret=SUCCESS |  
2019-08-30 08:04:17,775 [grpc-default-executor-1] INFO  client.GrpcClientProtocolClient (GrpcClientProtocolClient.java:onNext(255)) - client-0F6E9B4249EF->b02d5434-9006-43db-863d-3b3a4b7891d5: receive RaftClientReply:client-0F6E9B4249EF->b02d5434-9006-43db-863d-3b3a4b7891d5@group-2D46FCC2CACD, cid=185, FAILED org.apache.ratis.protocol.NotLeaderException: Server b02d5434-9006-43db-863d-3b3a4b7891d5 is not the leader (54172fe4-c822-464b-9b19-b53f6a732349:192.168.5.184:42780). Request must be sent to leader., logIndex=0, commits[b02d5434-9006-43db-863d-3b3a4b7891d5:c16, 6a7c8852-17d8-4446-bc4c-67410121ad93:c14, 54172fe4-c822-464b-9b19-b53f6a732349:c16]
2019-08-30 08:04:17,951 | INFO  | SCMAudit | user=jenkins1000 | ip=192.168.5.184 | op=SEND_HEARTBEAT {datanodeUUID=0e927250-a3c1-4323-8ecd-88ceb047c264, command=[]} | ret=SUCCESS |  
2019-08-30 08:04:18,170 | INFO  | SCMAudit | user=jenkins1000 | ip=192.168.5.184 | op=SEND_HEARTBEAT {datanodeUUID=fed6186c-90e1-4c5c-ac3c-62fdedc4e65b, command=[]} | ret=SUCCESS |  
2019-08-30 08:04:18,346 [Thread-3698] INFO  impl.FollowerState (FollowerState.java:run(106)) - 6a7c8852-17d8-4446-bc4c-67410121ad93:group-2D46FCC2CACD changes to CANDIDATE, lastRpcTime:5187, electionTimeout:5061ms
2019-08-30 08:04:18,346 [Thread-3698] INFO  impl.RoleInfo (RoleInfo.java:shutdownFollowerState(121)) - 6a7c8852-17d8-4446-bc4c-67410121ad93: shutdown FollowerState
2019-08-30 08:04:18,346 [Thread-3698] INFO  impl.RaftServerImpl (RaftServerImpl.java:setRole(171)) - 6a7c8852-17d8-4446-bc4c-67410121ad93:group-2D46FCC2CACD changes role from FOLLOWER to CANDIDATE at term 2 for changeToCandidate
2019-08-30 08:04:18,347 [Thread-3698] INFO  impl.RoleInfo (RoleInfo.java:updateAndGet(143)) - 6a7c8852-17d8-4446-bc4c-67410121ad93: start LeaderElection
2019-08-30 08:04:18,350 [6a7c8852-17d8-4446-bc4c-67410121ad93:group-2D46FCC2CACD:LeaderElection93] INFO  impl.RaftServerImpl (ServerState.java:setLeader(263)) - 6a7c8852-17d8-4446-bc4c-67410121ad93:group-2D46FCC2CACD change Leader from 54172fe4-c822-464b-9b19-b53f6a732349 to null at term 2 for initElection
2019-08-30 08:04:18,357 | INFO  | SCMAudit | user=jenkins1000 | ip=192.168.5.184 | op=SEND_HEARTBEAT {datanodeUUID=e5f38b28-009a-4f22-a943-cfa04c7253b1, command=[]} | ret=SUCCESS |  
2019-08-30 08:04:18,426 [6a7c8852-17d8-4446-bc4c-67410121ad93:group-2D46FCC2CACD:LeaderElection93] INFO  impl.LeaderElection (LeaderElection.java:askForVotes(181)) - 6a7c8852-17d8-4446-bc4c-67410121ad93:group-2D46FCC2CACD:LeaderElection93: begin an election at term 3 for 0: [6a7c8852-17d8-4446-bc4c-67410121ad93:192.168.5.184:42040, 54172fe4-c822-464b-9b19-b53f6a732349:192.168.5.184:42780, b02d5434-9006-43db-863d-3b3a4b7891d5:192.168.5.184:43754], old=null
2019-08-30 08:04:18,426 [Thread-3697] INFO  impl.FollowerState (FollowerState.java:run(106)) - b02d5434-9006-43db-863d-3b3a4b7891d5:group-2D46FCC2CACD changes to CANDIDATE, lastRpcTime:5267, electionTimeout:5070ms
2019-08-30 08:04:18,427 [Thread-3697] INFO  impl.RoleInfo (RoleInfo.java:shutdownFollowerState(121)) - b02d5434-9006-43db-863d-3b3a4b7891d5: shutdown FollowerState
2019-08-30 08:04:18,427 [Thread-3697] INFO  impl.RaftServerImpl (RaftServerImpl.java:setRole(171)) - b02d5434-9006-43db-863d-3b3a4b7891d5:group-2D46FCC2CACD changes role from FOLLOWER to CANDIDATE at term 2 for changeToCandidate
2019-08-30 08:04:18,427 [Thread-3697] INFO  impl.RoleInfo (RoleInfo.java:updateAndGet(143)) - b02d5434-9006-43db-863d-3b3a4b7891d5: start LeaderElection
2019-08-30 08:04:18,431 [b02d5434-9006-43db-863d-3b3a4b7891d5:group-2D46FCC2CACD:LeaderElection94] INFO  impl.RaftServerImpl (ServerState.java:setLeader(263)) - b02d5434-9006-43db-863d-3b3a4b7891d5:group-2D46FCC2CACD change Leader from 54172fe4-c822-464b-9b19-b53f6a732349 to null at term 2 for initElection
2019-08-30 08:04:18,432 [6a7c8852-17d8-4446-bc4c-67410121ad93:group-2D46FCC2CACD:LeaderElection93] INFO  impl.LeaderElection (LogUtils.java:infoOrTrace(149)) - 6a7c8852-17d8-4446-bc4c-67410121ad93:group-2D46FCC2CACD:LeaderElection93 got exception when requesting votes: {}
java.util.concurrent.ExecutionException: org.apache.ratis.thirdparty.io.grpc.StatusRuntimeException: UNAVAILABLE: io exception
	at java.util.concurrent.FutureTask.report(FutureTask.java:122)
	at java.util.concurrent.FutureTask.get(FutureTask.java:192)
	at org.apache.ratis.server.impl.LeaderElection.waitForResults(LeaderElection.java:262)
	at org.apache.ratis.server.impl.LeaderElection.askForVotes(LeaderElection.java:200)
	at org.apache.ratis.server.impl.LeaderElection.run(LeaderElection.java:130)
	at java.lang.Thread.run(Thread.java:748)
Caused by: org.apache.ratis.thirdparty.io.grpc.StatusRuntimeException: UNAVAILABLE: io exception
	at org.apache.ratis.thirdparty.io.grpc.stub.ClientCalls.toStatusRuntimeException(ClientCalls.java:233)
	at org.apache.ratis.thirdparty.io.grpc.stub.ClientCalls.getUnchecked(ClientCalls.java:214)
	at org.apache.ratis.thirdparty.io.grpc.stub.ClientCalls.blockingUnaryCall(ClientCalls.java:139)
	at org.apache.ratis.proto.grpc.RaftServerProtocolServiceGrpc$RaftServerProtocolServiceBlockingStub.requestVote(RaftServerProtocolServiceGrpc.java:265)
	at org.apache.ratis.grpc.server.GrpcServerProtocolClient.requestVote(GrpcServerProtocolClient.java:83)
	at org.apache.ratis.grpc.server.GrpcService.requestVote(GrpcService.java:195)
	at org.apache.ratis.server.impl.LeaderElection.lambda$submitRequests$1(LeaderElection.java:237)
	at java.util.concurrent.FutureTask.run(FutureTask.java:266)
	at java.util.concurrent.Executors$RunnableAdapter.call(Executors.java:511)
	at java.util.concurrent.FutureTask.run(FutureTask.java:266)
	at java.util.concurrent.ThreadPoolExecutor.runWorker(ThreadPoolExecutor.java:1149)
	at java.util.concurrent.ThreadPoolExecutor$Worker.run(ThreadPoolExecutor.java:624)
	... 1 more
Caused by: org.apache.ratis.thirdparty.io.netty.channel.AbstractChannel$AnnotatedConnectException: Connection refused: /192.168.5.184:42780
	at sun.nio.ch.SocketChannelImpl.checkConnect(Native Method)
	at sun.nio.ch.SocketChannelImpl.finishConnect(SocketChannelImpl.java:717)
	at org.apache.ratis.thirdparty.io.netty.channel.socket.nio.NioSocketChannel.doFinishConnect(NioSocketChannel.java:327)
	at org.apache.ratis.thirdparty.io.netty.channel.nio.AbstractNioChannel$AbstractNioUnsafe.finishConnect(AbstractNioChannel.java:340)
	at org.apache.ratis.thirdparty.io.netty.channel.nio.NioEventLoop.processSelectedKey(NioEventLoop.java:632)
	at org.apache.ratis.thirdparty.io.netty.channel.nio.NioEventLoop.processSelectedKeysOptimized(NioEventLoop.java:579)
	at org.apache.ratis.thirdparty.io.netty.channel.nio.NioEventLoop.processSelectedKeys(NioEventLoop.java:496)
	at org.apache.ratis.thirdparty.io.netty.channel.nio.NioEventLoop.run(NioEventLoop.java:458)
	at org.apache.ratis.thirdparty.io.netty.util.concurrent.SingleThreadEventExecutor$5.run(SingleThreadEventExecutor.java:897)
	at org.apache.ratis.thirdparty.io.netty.util.concurrent.FastThreadLocalRunnable.run(FastThreadLocalRunnable.java:30)
	... 1 more
Caused by: java.net.ConnectException: Connection refused
	... 11 more
2019-08-30 08:04:18,505 [b02d5434-9006-43db-863d-3b3a4b7891d5:group-2D46FCC2CACD:LeaderElection94] INFO  impl.LeaderElection (LeaderElection.java:askForVotes(181)) - b02d5434-9006-43db-863d-3b3a4b7891d5:group-2D46FCC2CACD:LeaderElection94: begin an election at term 3 for 0: [6a7c8852-17d8-4446-bc4c-67410121ad93:192.168.5.184:42040, 54172fe4-c822-464b-9b19-b53f6a732349:192.168.5.184:42780, b02d5434-9006-43db-863d-3b3a4b7891d5:192.168.5.184:43754], old=null
2019-08-30 08:04:18,506 [6a7c8852-17d8-4446-bc4c-67410121ad93:group-2D46FCC2CACD:LeaderElection93] INFO  impl.LeaderElection (LeaderElection.java:logAndReturn(56)) - 6a7c8852-17d8-4446-bc4c-67410121ad93:group-2D46FCC2CACD:LeaderElection93: Election REJECTED; received 1 response(s) [6a7c8852-17d8-4446-bc4c-67410121ad93<-b02d5434-9006-43db-863d-3b3a4b7891d5#0:FAIL-t3] and 1 exception(s); 6a7c8852-17d8-4446-bc4c-67410121ad93:t3, leader=null, voted=6a7c8852-17d8-4446-bc4c-67410121ad93, raftlog=6a7c8852-17d8-4446-bc4c-67410121ad93-SegmentedRaftLog:OPENED:c16,f16,i16, conf=0: [6a7c8852-17d8-4446-bc4c-67410121ad93:192.168.5.184:42040, 54172fe4-c822-464b-9b19-b53f6a732349:192.168.5.184:42780, b02d5434-9006-43db-863d-3b3a4b7891d5:192.168.5.184:43754], old=null
2019-08-30 08:04:18,506 [6a7c8852-17d8-4446-bc4c-67410121ad93:group-2D46FCC2CACD:LeaderElection93] INFO  impl.LeaderElection (LogUtils.java:infoOrTrace(149)) -   Exception 0: {}
java.util.concurrent.ExecutionException: org.apache.ratis.thirdparty.io.grpc.StatusRuntimeException: UNAVAILABLE: io exception
	at java.util.concurrent.FutureTask.report(FutureTask.java:122)
	at java.util.concurrent.FutureTask.get(FutureTask.java:192)
	at org.apache.ratis.server.impl.LeaderElection.waitForResults(LeaderElection.java:262)
	at org.apache.ratis.server.impl.LeaderElection.askForVotes(LeaderElection.java:200)
	at org.apache.ratis.server.impl.LeaderElection.run(LeaderElection.java:130)
	at java.lang.Thread.run(Thread.java:748)
Caused by: org.apache.ratis.thirdparty.io.grpc.StatusRuntimeException: UNAVAILABLE: io exception
	at org.apache.ratis.thirdparty.io.grpc.stub.ClientCalls.toStatusRuntimeException(ClientCalls.java:233)
	at org.apache.ratis.thirdparty.io.grpc.stub.ClientCalls.getUnchecked(ClientCalls.java:214)
	at org.apache.ratis.thirdparty.io.grpc.stub.ClientCalls.blockingUnaryCall(ClientCalls.java:139)
	at org.apache.ratis.proto.grpc.RaftServerProtocolServiceGrpc$RaftServerProtocolServiceBlockingStub.requestVote(RaftServerProtocolServiceGrpc.java:265)
	at org.apache.ratis.grpc.server.GrpcServerProtocolClient.requestVote(GrpcServerProtocolClient.java:83)
	at org.apache.ratis.grpc.server.GrpcService.requestVote(GrpcService.java:195)
	at org.apache.ratis.server.impl.LeaderElection.lambda$submitRequests$1(LeaderElection.java:237)
	at java.util.concurrent.FutureTask.run(FutureTask.java:266)
	at java.util.concurrent.Executors$RunnableAdapter.call(Executors.java:511)
	at java.util.concurrent.FutureTask.run(FutureTask.java:266)
	at java.util.concurrent.ThreadPoolExecutor.runWorker(ThreadPoolExecutor.java:1149)
	at java.util.concurrent.ThreadPoolExecutor$Worker.run(ThreadPoolExecutor.java:624)
	... 1 more
Caused by: org.apache.ratis.thirdparty.io.netty.channel.AbstractChannel$AnnotatedConnectException: Connection refused: /192.168.5.184:42780
	at sun.nio.ch.SocketChannelImpl.checkConnect(Native Method)
	at sun.nio.ch.SocketChannelImpl.finishConnect(SocketChannelImpl.java:717)
	at org.apache.ratis.thirdparty.io.netty.channel.socket.nio.NioSocketChannel.doFinishConnect(NioSocketChannel.java:327)
	at org.apache.ratis.thirdparty.io.netty.channel.nio.AbstractNioChannel$AbstractNioUnsafe.finishConnect(AbstractNioChannel.java:340)
	at org.apache.ratis.thirdparty.io.netty.channel.nio.NioEventLoop.processSelectedKey(NioEventLoop.java:632)
	at org.apache.ratis.thirdparty.io.netty.channel.nio.NioEventLoop.processSelectedKeysOptimized(NioEventLoop.java:579)
	at org.apache.ratis.thirdparty.io.netty.channel.nio.NioEventLoop.processSelectedKeys(NioEventLoop.java:496)
	at org.apache.ratis.thirdparty.io.netty.channel.nio.NioEventLoop.run(NioEventLoop.java:458)
	at org.apache.ratis.thirdparty.io.netty.util.concurrent.SingleThreadEventExecutor$5.run(SingleThreadEventExecutor.java:897)
	at org.apache.ratis.thirdparty.io.netty.util.concurrent.FastThreadLocalRunnable.run(FastThreadLocalRunnable.java:30)
	... 1 more
Caused by: java.net.ConnectException: Connection refused
	... 11 more
2019-08-30 08:04:18,507 [6a7c8852-17d8-4446-bc4c-67410121ad93:group-2D46FCC2CACD:LeaderElection93] INFO  impl.RaftServerImpl (RaftServerImpl.java:setRole(171)) - 6a7c8852-17d8-4446-bc4c-67410121ad93:group-2D46FCC2CACD changes role from CANDIDATE to FOLLOWER at term 3 for DISCOVERED_A_NEW_TERM
2019-08-30 08:04:18,507 [6a7c8852-17d8-4446-bc4c-67410121ad93:group-2D46FCC2CACD:LeaderElection93] INFO  impl.RoleInfo (RoleInfo.java:shutdownLeaderElection(134)) - 6a7c8852-17d8-4446-bc4c-67410121ad93: shutdown LeaderElection
2019-08-30 08:04:18,507 [6a7c8852-17d8-4446-bc4c-67410121ad93:group-2D46FCC2CACD:LeaderElection93] INFO  impl.RoleInfo (RoleInfo.java:updateAndGet(143)) - 6a7c8852-17d8-4446-bc4c-67410121ad93: start FollowerState
2019-08-30 08:04:18,508 [b02d5434-9006-43db-863d-3b3a4b7891d5:group-2D46FCC2CACD:LeaderElection94] INFO  impl.LeaderElection (LogUtils.java:infoOrTrace(149)) - b02d5434-9006-43db-863d-3b3a4b7891d5:group-2D46FCC2CACD:LeaderElection94 got exception when requesting votes: {}
java.util.concurrent.ExecutionException: org.apache.ratis.thirdparty.io.grpc.StatusRuntimeException: UNAVAILABLE: io exception
	at java.util.concurrent.FutureTask.report(FutureTask.java:122)
	at java.util.concurrent.FutureTask.get(FutureTask.java:192)
	at org.apache.ratis.server.impl.LeaderElection.waitForResults(LeaderElection.java:262)
	at org.apache.ratis.server.impl.LeaderElection.askForVotes(LeaderElection.java:200)
	at org.apache.ratis.server.impl.LeaderElection.run(LeaderElection.java:130)
	at java.lang.Thread.run(Thread.java:748)
Caused by: org.apache.ratis.thirdparty.io.grpc.StatusRuntimeException: UNAVAILABLE: io exception
	at org.apache.ratis.thirdparty.io.grpc.stub.ClientCalls.toStatusRuntimeException(ClientCalls.java:233)
	at org.apache.ratis.thirdparty.io.grpc.stub.ClientCalls.getUnchecked(ClientCalls.java:214)
	at org.apache.ratis.thirdparty.io.grpc.stub.ClientCalls.blockingUnaryCall(ClientCalls.java:139)
	at org.apache.ratis.proto.grpc.RaftServerProtocolServiceGrpc$RaftServerProtocolServiceBlockingStub.requestVote(RaftServerProtocolServiceGrpc.java:265)
	at org.apache.ratis.grpc.server.GrpcServerProtocolClient.requestVote(GrpcServerProtocolClient.java:83)
	at org.apache.ratis.grpc.server.GrpcService.requestVote(GrpcService.java:195)
	at org.apache.ratis.server.impl.LeaderElection.lambda$submitRequests$1(LeaderElection.java:237)
	at java.util.concurrent.FutureTask.run(FutureTask.java:266)
	at java.util.concurrent.Executors$RunnableAdapter.call(Executors.java:511)
	at java.util.concurrent.FutureTask.run(FutureTask.java:266)
	at java.util.concurrent.ThreadPoolExecutor.runWorker(ThreadPoolExecutor.java:1149)
	at java.util.concurrent.ThreadPoolExecutor$Worker.run(ThreadPoolExecutor.java:624)
	... 1 more
Caused by: org.apache.ratis.thirdparty.io.netty.channel.AbstractChannel$AnnotatedConnectException: Connection refused: /192.168.5.184:42780
	at sun.nio.ch.SocketChannelImpl.checkConnect(Native Method)
	at sun.nio.ch.SocketChannelImpl.finishConnect(SocketChannelImpl.java:717)
	at org.apache.ratis.thirdparty.io.netty.channel.socket.nio.NioSocketChannel.doFinishConnect(NioSocketChannel.java:327)
	at org.apache.ratis.thirdparty.io.netty.channel.nio.AbstractNioChannel$AbstractNioUnsafe.finishConnect(AbstractNioChannel.java:340)
	at org.apache.ratis.thirdparty.io.netty.channel.nio.NioEventLoop.processSelectedKey(NioEventLoop.java:632)
	at org.apache.ratis.thirdparty.io.netty.channel.nio.NioEventLoop.processSelectedKeysOptimized(NioEventLoop.java:579)
	at org.apache.ratis.thirdparty.io.netty.channel.nio.NioEventLoop.processSelectedKeys(NioEventLoop.java:496)
	at org.apache.ratis.thirdparty.io.netty.channel.nio.NioEventLoop.run(NioEventLoop.java:458)
	at org.apache.ratis.thirdparty.io.netty.util.concurrent.SingleThreadEventExecutor$5.run(SingleThreadEventExecutor.java:897)
	at org.apache.ratis.thirdparty.io.netty.util.concurrent.FastThreadLocalRunnable.run(FastThreadLocalRunnable.java:30)
	... 1 more
Caused by: java.net.ConnectException: Connection refused
	... 11 more
2019-08-30 08:04:18,511 [b02d5434-9006-43db-863d-3b3a4b7891d5:group-2D46FCC2CACD:LeaderElection94] INFO  impl.LeaderElection (LeaderElection.java:logAndReturn(56)) - b02d5434-9006-43db-863d-3b3a4b7891d5:group-2D46FCC2CACD:LeaderElection94: Election REJECTED; received 1 response(s) [b02d5434-9006-43db-863d-3b3a4b7891d5<-6a7c8852-17d8-4446-bc4c-67410121ad93#0:FAIL-t3] and 1 exception(s); b02d5434-9006-43db-863d-3b3a4b7891d5:t3, leader=null, voted=b02d5434-9006-43db-863d-3b3a4b7891d5, raftlog=b02d5434-9006-43db-863d-3b3a4b7891d5-SegmentedRaftLog:OPENED:c16,f16,i16, conf=0: [6a7c8852-17d8-4446-bc4c-67410121ad93:192.168.5.184:42040, 54172fe4-c822-464b-9b19-b53f6a732349:192.168.5.184:42780, b02d5434-9006-43db-863d-3b3a4b7891d5:192.168.5.184:43754], old=null
2019-08-30 08:04:18,511 [b02d5434-9006-43db-863d-3b3a4b7891d5:group-2D46FCC2CACD:LeaderElection94] INFO  impl.LeaderElection (LogUtils.java:infoOrTrace(149)) -   Exception 0: {}
java.util.concurrent.ExecutionException: org.apache.ratis.thirdparty.io.grpc.StatusRuntimeException: UNAVAILABLE: io exception
	at java.util.concurrent.FutureTask.report(FutureTask.java:122)
	at java.util.concurrent.FutureTask.get(FutureTask.java:192)
	at org.apache.ratis.server.impl.LeaderElection.waitForResults(LeaderElection.java:262)
	at org.apache.ratis.server.impl.LeaderElection.askForVotes(LeaderElection.java:200)
	at org.apache.ratis.server.impl.LeaderElection.run(LeaderElection.java:130)
	at java.lang.Thread.run(Thread.java:748)
Caused by: org.apache.ratis.thirdparty.io.grpc.StatusRuntimeException: UNAVAILABLE: io exception
	at org.apache.ratis.thirdparty.io.grpc.stub.ClientCalls.toStatusRuntimeException(ClientCalls.java:233)
	at org.apache.ratis.thirdparty.io.grpc.stub.ClientCalls.getUnchecked(ClientCalls.java:214)
	at org.apache.ratis.thirdparty.io.grpc.stub.ClientCalls.blockingUnaryCall(ClientCalls.java:139)
	at org.apache.ratis.proto.grpc.RaftServerProtocolServiceGrpc$RaftServerProtocolServiceBlockingStub.requestVote(RaftServerProtocolServiceGrpc.java:265)
	at org.apache.ratis.grpc.server.GrpcServerProtocolClient.requestVote(GrpcServerProtocolClient.java:83)
	at org.apache.ratis.grpc.server.GrpcService.requestVote(GrpcService.java:195)
	at org.apache.ratis.server.impl.LeaderElection.lambda$submitRequests$1(LeaderElection.java:237)
	at java.util.concurrent.FutureTask.run(FutureTask.java:266)
	at java.util.concurrent.Executors$RunnableAdapter.call(Executors.java:511)
	at java.util.concurrent.FutureTask.run(FutureTask.java:266)
	at java.util.concurrent.ThreadPoolExecutor.runWorker(ThreadPoolExecutor.java:1149)
	at java.util.concurrent.ThreadPoolExecutor$Worker.run(ThreadPoolExecutor.java:624)
	... 1 more
Caused by: org.apache.ratis.thirdparty.io.netty.channel.AbstractChannel$AnnotatedConnectException: Connection refused: /192.168.5.184:42780
	at sun.nio.ch.SocketChannelImpl.checkConnect(Native Method)
	at sun.nio.ch.SocketChannelImpl.finishConnect(SocketChannelImpl.java:717)
	at org.apache.ratis.thirdparty.io.netty.channel.socket.nio.NioSocketChannel.doFinishConnect(NioSocketChannel.java:327)
	at org.apache.ratis.thirdparty.io.netty.channel.nio.AbstractNioChannel$AbstractNioUnsafe.finishConnect(AbstractNioChannel.java:340)
	at org.apache.ratis.thirdparty.io.netty.channel.nio.NioEventLoop.processSelectedKey(NioEventLoop.java:632)
	at org.apache.ratis.thirdparty.io.netty.channel.nio.NioEventLoop.processSelectedKeysOptimized(NioEventLoop.java:579)
	at org.apache.ratis.thirdparty.io.netty.channel.nio.NioEventLoop.processSelectedKeys(NioEventLoop.java:496)
	at org.apache.ratis.thirdparty.io.netty.channel.nio.NioEventLoop.run(NioEventLoop.java:458)
	at org.apache.ratis.thirdparty.io.netty.util.concurrent.SingleThreadEventExecutor$5.run(SingleThreadEventExecutor.java:897)
	at org.apache.ratis.thirdparty.io.netty.util.concurrent.FastThreadLocalRunnable.run(FastThreadLocalRunnable.java:30)
	... 1 more
Caused by: java.net.ConnectException: Connection refused
	... 11 more
2019-08-30 08:04:18,512 [b02d5434-9006-43db-863d-3b3a4b7891d5:group-2D46FCC2CACD:LeaderElection94] INFO  impl.RaftServerImpl (RaftServerImpl.java:setRole(171)) - b02d5434-9006-43db-863d-3b3a4b7891d5:group-2D46FCC2CACD changes role from CANDIDATE to FOLLOWER at term 3 for DISCOVERED_A_NEW_TERM
2019-08-30 08:04:18,512 [b02d5434-9006-43db-863d-3b3a4b7891d5:group-2D46FCC2CACD:LeaderElection94] INFO  impl.RoleInfo (RoleInfo.java:shutdownLeaderElection(134)) - b02d5434-9006-43db-863d-3b3a4b7891d5: shutdown LeaderElection
2019-08-30 08:04:18,512 [b02d5434-9006-43db-863d-3b3a4b7891d5:group-2D46FCC2CACD:LeaderElection94] INFO  impl.RoleInfo (RoleInfo.java:updateAndGet(143)) - b02d5434-9006-43db-863d-3b3a4b7891d5: start FollowerState
2019-08-30 08:04:18,561 | INFO  | SCMAudit | user=jenkins1000 | ip=192.168.5.184 | op=SEND_HEARTBEAT {datanodeUUID=290ef2ed-fd58-4a3d-bde6-9b5b13914a39, command=[]} | ret=SUCCESS |  
2019-08-30 08:04:18,679 | INFO  | SCMAudit | user=jenkins1000 | ip=192.168.5.184 | op=SEND_HEARTBEAT {datanodeUUID=6a7c8852-17d8-4446-bc4c-67410121ad93, command=[]} | ret=SUCCESS |  
2019-08-30 08:04:18,679 | INFO  | SCMAudit | user=jenkins1000 | ip=192.168.5.184 | op=SEND_HEARTBEAT {datanodeUUID=b02d5434-9006-43db-863d-3b3a4b7891d5, command=[]} | ret=SUCCESS |  
2019-08-30 08:04:18,789 [grpc-default-executor-9] INFO  client.GrpcClientProtocolClient (GrpcClientProtocolClient.java:onNext(255)) - client-0F6E9B4249EF->b02d5434-9006-43db-863d-3b3a4b7891d5: receive RaftClientReply:client-0F6E9B4249EF->b02d5434-9006-43db-863d-3b3a4b7891d5@group-2D46FCC2CACD, cid=185, FAILED org.apache.ratis.protocol.NotLeaderException: Server b02d5434-9006-43db-863d-3b3a4b7891d5 is not the leader (null). Request must be sent to leader., logIndex=0, commits[b02d5434-9006-43db-863d-3b3a4b7891d5:c16, 6a7c8852-17d8-4446-bc4c-67410121ad93:c14, 54172fe4-c822-464b-9b19-b53f6a732349:c16]
2019-08-30 08:04:18,951 | INFO  | SCMAudit | user=jenkins1000 | ip=192.168.5.184 | op=SEND_HEARTBEAT {datanodeUUID=0e927250-a3c1-4323-8ecd-88ceb047c264, command=[]} | ret=SUCCESS |  
2019-08-30 08:04:19,170 | INFO  | SCMAudit | user=jenkins1000 | ip=192.168.5.184 | op=SEND_HEARTBEAT {datanodeUUID=fed6186c-90e1-4c5c-ac3c-62fdedc4e65b, command=[]} | ret=SUCCESS |  
2019-08-30 08:04:19,357 | INFO  | SCMAudit | user=jenkins1000 | ip=192.168.5.184 | op=SEND_HEARTBEAT {datanodeUUID=e5f38b28-009a-4f22-a943-cfa04c7253b1, command=[]} | ret=SUCCESS |  
2019-08-30 08:04:19,561 | INFO  | SCMAudit | user=jenkins1000 | ip=192.168.5.184 | op=SEND_HEARTBEAT {datanodeUUID=290ef2ed-fd58-4a3d-bde6-9b5b13914a39, command=[]} | ret=SUCCESS |  
2019-08-30 08:04:19,679 | INFO  | SCMAudit | user=jenkins1000 | ip=192.168.5.184 | op=SEND_HEARTBEAT {datanodeUUID=b02d5434-9006-43db-863d-3b3a4b7891d5, command=[]} | ret=SUCCESS |  
2019-08-30 08:04:19,681 | INFO  | SCMAudit | user=jenkins1000 | ip=192.168.5.184 | op=SEND_HEARTBEAT {datanodeUUID=6a7c8852-17d8-4446-bc4c-67410121ad93, command=[]} | ret=SUCCESS |  
2019-08-30 08:04:19,952 | INFO  | SCMAudit | user=jenkins1000 | ip=192.168.5.184 | op=SEND_HEARTBEAT {datanodeUUID=0e927250-a3c1-4323-8ecd-88ceb047c264, command=[]} | ret=SUCCESS |  
2019-08-30 08:04:20,171 | INFO  | SCMAudit | user=jenkins1000 | ip=192.168.5.184 | op=SEND_HEARTBEAT {datanodeUUID=fed6186c-90e1-4c5c-ac3c-62fdedc4e65b, command=[]} | ret=SUCCESS |  
2019-08-30 08:04:20,357 | INFO  | SCMAudit | user=jenkins1000 | ip=192.168.5.184 | op=SEND_HEARTBEAT {datanodeUUID=e5f38b28-009a-4f22-a943-cfa04c7253b1, command=[]} | ret=SUCCESS |  
2019-08-30 08:04:20,561 | INFO  | SCMAudit | user=jenkins1000 | ip=192.168.5.184 | op=SEND_HEARTBEAT {datanodeUUID=290ef2ed-fd58-4a3d-bde6-9b5b13914a39, command=[]} | ret=SUCCESS |  
2019-08-30 08:04:20,680 | INFO  | SCMAudit | user=jenkins1000 | ip=192.168.5.184 | op=SEND_HEARTBEAT {datanodeUUID=b02d5434-9006-43db-863d-3b3a4b7891d5, command=[]} | ret=SUCCESS |  
2019-08-30 08:04:20,681 | INFO  | SCMAudit | user=jenkins1000 | ip=192.168.5.184 | op=SEND_HEARTBEAT {datanodeUUID=6a7c8852-17d8-4446-bc4c-67410121ad93, command=[]} | ret=SUCCESS |  
2019-08-30 08:04:20,803 [grpc-default-executor-1] INFO  client.GrpcClientProtocolClient (GrpcClientProtocolClient.java:onNext(255)) - client-0F6E9B4249EF->b02d5434-9006-43db-863d-3b3a4b7891d5: receive RaftClientReply:client-0F6E9B4249EF->b02d5434-9006-43db-863d-3b3a4b7891d5@group-2D46FCC2CACD, cid=185, FAILED org.apache.ratis.protocol.NotLeaderException: Server b02d5434-9006-43db-863d-3b3a4b7891d5 is not the leader (null). Request must be sent to leader., logIndex=0, commits[b02d5434-9006-43db-863d-3b3a4b7891d5:c16, 6a7c8852-17d8-4446-bc4c-67410121ad93:c14, 54172fe4-c822-464b-9b19-b53f6a732349:c16]
2019-08-30 08:04:20,951 | INFO  | SCMAudit | user=jenkins1000 | ip=192.168.5.184 | op=SEND_HEARTBEAT {datanodeUUID=0e927250-a3c1-4323-8ecd-88ceb047c264, command=[]} | ret=SUCCESS |  
2019-08-30 08:04:21,171 | INFO  | SCMAudit | user=jenkins1000 | ip=192.168.5.184 | op=SEND_HEARTBEAT {datanodeUUID=fed6186c-90e1-4c5c-ac3c-62fdedc4e65b, command=[]} | ret=SUCCESS |  
2019-08-30 08:04:21,358 | INFO  | SCMAudit | user=jenkins1000 | ip=192.168.5.184 | op=SEND_HEARTBEAT {datanodeUUID=e5f38b28-009a-4f22-a943-cfa04c7253b1, command=[]} | ret=SUCCESS |  
2019-08-30 08:04:21,562 | INFO  | SCMAudit | user=jenkins1000 | ip=192.168.5.184 | op=SEND_HEARTBEAT {datanodeUUID=290ef2ed-fd58-4a3d-bde6-9b5b13914a39, command=[]} | ret=SUCCESS |  
2019-08-30 08:04:21,679 | INFO  | SCMAudit | user=jenkins1000 | ip=192.168.5.184 | op=SEND_HEARTBEAT {datanodeUUID=b02d5434-9006-43db-863d-3b3a4b7891d5, command=[]} | ret=SUCCESS |  
2019-08-30 08:04:21,681 | INFO  | SCMAudit | user=jenkins1000 | ip=192.168.5.184 | op=SEND_HEARTBEAT {datanodeUUID=6a7c8852-17d8-4446-bc4c-67410121ad93, command=[]} | ret=SUCCESS |  
2019-08-30 08:04:21,951 | INFO  | SCMAudit | user=jenkins1000 | ip=192.168.5.184 | op=SEND_HEARTBEAT {datanodeUUID=0e927250-a3c1-4323-8ecd-88ceb047c264, command=[]} | ret=SUCCESS |  
2019-08-30 08:04:22,171 | INFO  | SCMAudit | user=jenkins1000 | ip=192.168.5.184 | op=SEND_HEARTBEAT {datanodeUUID=fed6186c-90e1-4c5c-ac3c-62fdedc4e65b, command=[]} | ret=SUCCESS |  
2019-08-30 08:04:22,358 | INFO  | SCMAudit | user=jenkins1000 | ip=192.168.5.184 | op=SEND_HEARTBEAT {datanodeUUID=e5f38b28-009a-4f22-a943-cfa04c7253b1, command=[]} | ret=SUCCESS |  
2019-08-30 08:04:22,562 | INFO  | SCMAudit | user=jenkins1000 | ip=192.168.5.184 | op=SEND_HEARTBEAT {datanodeUUID=290ef2ed-fd58-4a3d-bde6-9b5b13914a39, command=[]} | ret=SUCCESS |  
2019-08-30 08:04:22,680 | INFO  | SCMAudit | user=jenkins1000 | ip=192.168.5.184 | op=SEND_HEARTBEAT {datanodeUUID=b02d5434-9006-43db-863d-3b3a4b7891d5, command=[]} | ret=SUCCESS |  
2019-08-30 08:04:22,681 | INFO  | SCMAudit | user=jenkins1000 | ip=192.168.5.184 | op=SEND_HEARTBEAT {datanodeUUID=6a7c8852-17d8-4446-bc4c-67410121ad93, command=[]} | ret=SUCCESS |  
2019-08-30 08:04:22,821 [grpc-default-executor-1] INFO  client.GrpcClientProtocolClient (GrpcClientProtocolClient.java:onNext(255)) - client-0F6E9B4249EF->b02d5434-9006-43db-863d-3b3a4b7891d5: receive RaftClientReply:client-0F6E9B4249EF->b02d5434-9006-43db-863d-3b3a4b7891d5@group-2D46FCC2CACD, cid=185, FAILED org.apache.ratis.protocol.NotLeaderException: Server b02d5434-9006-43db-863d-3b3a4b7891d5 is not the leader (null). Request must be sent to leader., logIndex=0, commits[b02d5434-9006-43db-863d-3b3a4b7891d5:c16, 6a7c8852-17d8-4446-bc4c-67410121ad93:c14, 54172fe4-c822-464b-9b19-b53f6a732349:c16]
2019-08-30 08:04:22,951 | INFO  | SCMAudit | user=jenkins1000 | ip=192.168.5.184 | op=SEND_HEARTBEAT {datanodeUUID=0e927250-a3c1-4323-8ecd-88ceb047c264, command=[]} | ret=SUCCESS |  
2019-08-30 08:04:23,171 | INFO  | SCMAudit | user=jenkins1000 | ip=192.168.5.184 | op=SEND_HEARTBEAT {datanodeUUID=fed6186c-90e1-4c5c-ac3c-62fdedc4e65b, command=[]} | ret=SUCCESS |  
2019-08-30 08:04:23,358 | INFO  | SCMAudit | user=jenkins1000 | ip=192.168.5.184 | op=SEND_HEARTBEAT {datanodeUUID=e5f38b28-009a-4f22-a943-cfa04c7253b1, command=[]} | ret=SUCCESS |  
2019-08-30 08:04:23,554 [Thread-3784] INFO  impl.FollowerState (FollowerState.java:run(106)) - 6a7c8852-17d8-4446-bc4c-67410121ad93:group-2D46FCC2CACD changes to CANDIDATE, lastRpcTime:5046, electionTimeout:5046ms
2019-08-30 08:04:23,554 [Thread-3784] INFO  impl.RoleInfo (RoleInfo.java:shutdownFollowerState(121)) - 6a7c8852-17d8-4446-bc4c-67410121ad93: shutdown FollowerState
2019-08-30 08:04:23,554 [Thread-3784] INFO  impl.RaftServerImpl (RaftServerImpl.java:setRole(171)) - 6a7c8852-17d8-4446-bc4c-67410121ad93:group-2D46FCC2CACD changes role from FOLLOWER to CANDIDATE at term 3 for changeToCandidate
2019-08-30 08:04:23,554 [Thread-3784] INFO  impl.RoleInfo (RoleInfo.java:updateAndGet(143)) - 6a7c8852-17d8-4446-bc4c-67410121ad93: start LeaderElection
2019-08-30 08:04:23,562 | INFO  | SCMAudit | user=jenkins1000 | ip=192.168.5.184 | op=SEND_HEARTBEAT {datanodeUUID=290ef2ed-fd58-4a3d-bde6-9b5b13914a39, command=[]} | ret=SUCCESS |  
2019-08-30 08:04:23,673 [6a7c8852-17d8-4446-bc4c-67410121ad93:group-2D46FCC2CACD:LeaderElection95] INFO  impl.LeaderElection (LeaderElection.java:askForVotes(181)) - 6a7c8852-17d8-4446-bc4c-67410121ad93:group-2D46FCC2CACD:LeaderElection95: begin an election at term 4 for 0: [6a7c8852-17d8-4446-bc4c-67410121ad93:192.168.5.184:42040, 54172fe4-c822-464b-9b19-b53f6a732349:192.168.5.184:42780, b02d5434-9006-43db-863d-3b3a4b7891d5:192.168.5.184:43754], old=null
2019-08-30 08:04:23,674 [6a7c8852-17d8-4446-bc4c-67410121ad93:group-2D46FCC2CACD:LeaderElection95] INFO  impl.LeaderElection (LogUtils.java:infoOrTrace(149)) - 6a7c8852-17d8-4446-bc4c-67410121ad93:group-2D46FCC2CACD:LeaderElection95 got exception when requesting votes: {}
java.util.concurrent.ExecutionException: org.apache.ratis.thirdparty.io.grpc.StatusRuntimeException: UNAVAILABLE: io exception
	at java.util.concurrent.FutureTask.report(FutureTask.java:122)
	at java.util.concurrent.FutureTask.get(FutureTask.java:192)
	at org.apache.ratis.server.impl.LeaderElection.waitForResults(LeaderElection.java:262)
	at org.apache.ratis.server.impl.LeaderElection.askForVotes(LeaderElection.java:200)
	at org.apache.ratis.server.impl.LeaderElection.run(LeaderElection.java:130)
	at java.lang.Thread.run(Thread.java:748)
Caused by: org.apache.ratis.thirdparty.io.grpc.StatusRuntimeException: UNAVAILABLE: io exception
	at org.apache.ratis.thirdparty.io.grpc.stub.ClientCalls.toStatusRuntimeException(ClientCalls.java:233)
	at org.apache.ratis.thirdparty.io.grpc.stub.ClientCalls.getUnchecked(ClientCalls.java:214)
	at org.apache.ratis.thirdparty.io.grpc.stub.ClientCalls.blockingUnaryCall(ClientCalls.java:139)
	at org.apache.ratis.proto.grpc.RaftServerProtocolServiceGrpc$RaftServerProtocolServiceBlockingStub.requestVote(RaftServerProtocolServiceGrpc.java:265)
	at org.apache.ratis.grpc.server.GrpcServerProtocolClient.requestVote(GrpcServerProtocolClient.java:83)
	at org.apache.ratis.grpc.server.GrpcService.requestVote(GrpcService.java:195)
	at org.apache.ratis.server.impl.LeaderElection.lambda$submitRequests$1(LeaderElection.java:237)
	at java.util.concurrent.FutureTask.run(FutureTask.java:266)
	at java.util.concurrent.Executors$RunnableAdapter.call(Executors.java:511)
	at java.util.concurrent.FutureTask.run(FutureTask.java:266)
	at java.util.concurrent.ThreadPoolExecutor.runWorker(ThreadPoolExecutor.java:1149)
	at java.util.concurrent.ThreadPoolExecutor$Worker.run(ThreadPoolExecutor.java:624)
	... 1 more
Caused by: org.apache.ratis.thirdparty.io.netty.channel.AbstractChannel$AnnotatedConnectException: Connection refused: /192.168.5.184:42780
	at sun.nio.ch.SocketChannelImpl.checkConnect(Native Method)
	at sun.nio.ch.SocketChannelImpl.finishConnect(SocketChannelImpl.java:717)
	at org.apache.ratis.thirdparty.io.netty.channel.socket.nio.NioSocketChannel.doFinishConnect(NioSocketChannel.java:327)
	at org.apache.ratis.thirdparty.io.netty.channel.nio.AbstractNioChannel$AbstractNioUnsafe.finishConnect(AbstractNioChannel.java:340)
	at org.apache.ratis.thirdparty.io.netty.channel.nio.NioEventLoop.processSelectedKey(NioEventLoop.java:632)
	at org.apache.ratis.thirdparty.io.netty.channel.nio.NioEventLoop.processSelectedKeysOptimized(NioEventLoop.java:579)
	at org.apache.ratis.thirdparty.io.netty.channel.nio.NioEventLoop.processSelectedKeys(NioEventLoop.java:496)
	at org.apache.ratis.thirdparty.io.netty.channel.nio.NioEventLoop.run(NioEventLoop.java:458)
	at org.apache.ratis.thirdparty.io.netty.util.concurrent.SingleThreadEventExecutor$5.run(SingleThreadEventExecutor.java:897)
	at org.apache.ratis.thirdparty.io.netty.util.concurrent.FastThreadLocalRunnable.run(FastThreadLocalRunnable.java:30)
	... 1 more
Caused by: java.net.ConnectException: Connection refused
	... 11 more
2019-08-30 08:04:23,678 [grpc-default-executor-9] INFO  impl.RaftServerImpl (RaftServerImpl.java:setRole(171)) - b02d5434-9006-43db-863d-3b3a4b7891d5:group-2D46FCC2CACD changes role from FOLLOWER to FOLLOWER at term 4 for recognizeCandidate:6a7c8852-17d8-4446-bc4c-67410121ad93
2019-08-30 08:04:23,678 [grpc-default-executor-9] INFO  impl.RoleInfo (RoleInfo.java:shutdownFollowerState(121)) - b02d5434-9006-43db-863d-3b3a4b7891d5: shutdown FollowerState
2019-08-30 08:04:23,678 [grpc-default-executor-9] INFO  impl.RoleInfo (RoleInfo.java:updateAndGet(143)) - b02d5434-9006-43db-863d-3b3a4b7891d5: start FollowerState
2019-08-30 08:04:23,678 [Thread-3785] INFO  impl.FollowerState (FollowerState.java:run(114)) - b02d5434-9006-43db-863d-3b3a4b7891d5: FollowerState was interrupted: java.lang.InterruptedException: sleep interrupted
2019-08-30 08:04:23,691 | INFO  | SCMAudit | user=jenkins1000 | ip=192.168.5.184 | op=SEND_HEARTBEAT {datanodeUUID=6a7c8852-17d8-4446-bc4c-67410121ad93, command=[]} | ret=SUCCESS |  
2019-08-30 08:04:23,691 | INFO  | SCMAudit | user=jenkins1000 | ip=192.168.5.184 | op=SEND_HEARTBEAT {datanodeUUID=b02d5434-9006-43db-863d-3b3a4b7891d5, command=[]} | ret=SUCCESS |  
2019-08-30 08:04:23,779 [6a7c8852-17d8-4446-bc4c-67410121ad93:group-2D46FCC2CACD:LeaderElection95] INFO  impl.LeaderElection (LeaderElection.java:logAndReturn(56)) - 6a7c8852-17d8-4446-bc4c-67410121ad93:group-2D46FCC2CACD:LeaderElection95: Election PASSED; received 1 response(s) [6a7c8852-17d8-4446-bc4c-67410121ad93<-b02d5434-9006-43db-863d-3b3a4b7891d5#0:OK-t4] and 1 exception(s); 6a7c8852-17d8-4446-bc4c-67410121ad93:t4, leader=null, voted=6a7c8852-17d8-4446-bc4c-67410121ad93, raftlog=6a7c8852-17d8-4446-bc4c-67410121ad93-SegmentedRaftLog:OPENED:c16,f16,i16, conf=0: [6a7c8852-17d8-4446-bc4c-67410121ad93:192.168.5.184:42040, 54172fe4-c822-464b-9b19-b53f6a732349:192.168.5.184:42780, b02d5434-9006-43db-863d-3b3a4b7891d5:192.168.5.184:43754], old=null
2019-08-30 08:04:23,779 [6a7c8852-17d8-4446-bc4c-67410121ad93:group-2D46FCC2CACD:LeaderElection95] INFO  impl.LeaderElection (LogUtils.java:infoOrTrace(149)) -   Exception 0: {}
java.util.concurrent.ExecutionException: org.apache.ratis.thirdparty.io.grpc.StatusRuntimeException: UNAVAILABLE: io exception
	at java.util.concurrent.FutureTask.report(FutureTask.java:122)
	at java.util.concurrent.FutureTask.get(FutureTask.java:192)
	at org.apache.ratis.server.impl.LeaderElection.waitForResults(LeaderElection.java:262)
	at org.apache.ratis.server.impl.LeaderElection.askForVotes(LeaderElection.java:200)
	at org.apache.ratis.server.impl.LeaderElection.run(LeaderElection.java:130)
	at java.lang.Thread.run(Thread.java:748)
Caused by: org.apache.ratis.thirdparty.io.grpc.StatusRuntimeException: UNAVAILABLE: io exception
	at org.apache.ratis.thirdparty.io.grpc.stub.ClientCalls.toStatusRuntimeException(ClientCalls.java:233)
	at org.apache.ratis.thirdparty.io.grpc.stub.ClientCalls.getUnchecked(ClientCalls.java:214)
	at org.apache.ratis.thirdparty.io.grpc.stub.ClientCalls.blockingUnaryCall(ClientCalls.java:139)
	at org.apache.ratis.proto.grpc.RaftServerProtocolServiceGrpc$RaftServerProtocolServiceBlockingStub.requestVote(RaftServerProtocolServiceGrpc.java:265)
	at org.apache.ratis.grpc.server.GrpcServerProtocolClient.requestVote(GrpcServerProtocolClient.java:83)
	at org.apache.ratis.grpc.server.GrpcService.requestVote(GrpcService.java:195)
	at org.apache.ratis.server.impl.LeaderElection.lambda$submitRequests$1(LeaderElection.java:237)
	at java.util.concurrent.FutureTask.run(FutureTask.java:266)
	at java.util.concurrent.Executors$RunnableAdapter.call(Executors.java:511)
	at java.util.concurrent.FutureTask.run(FutureTask.java:266)
	at java.util.concurrent.ThreadPoolExecutor.runWorker(ThreadPoolExecutor.java:1149)
	at java.util.concurrent.ThreadPoolExecutor$Worker.run(ThreadPoolExecutor.java:624)
	... 1 more
Caused by: org.apache.ratis.thirdparty.io.netty.channel.AbstractChannel$AnnotatedConnectException: Connection refused: /192.168.5.184:42780
	at sun.nio.ch.SocketChannelImpl.checkConnect(Native Method)
	at sun.nio.ch.SocketChannelImpl.finishConnect(SocketChannelImpl.java:717)
	at org.apache.ratis.thirdparty.io.netty.channel.socket.nio.NioSocketChannel.doFinishConnect(NioSocketChannel.java:327)
	at org.apache.ratis.thirdparty.io.netty.channel.nio.AbstractNioChannel$AbstractNioUnsafe.finishConnect(AbstractNioChannel.java:340)
	at org.apache.ratis.thirdparty.io.netty.channel.nio.NioEventLoop.processSelectedKey(NioEventLoop.java:632)
	at org.apache.ratis.thirdparty.io.netty.channel.nio.NioEventLoop.processSelectedKeysOptimized(NioEventLoop.java:579)
	at org.apache.ratis.thirdparty.io.netty.channel.nio.NioEventLoop.processSelectedKeys(NioEventLoop.java:496)
	at org.apache.ratis.thirdparty.io.netty.channel.nio.NioEventLoop.run(NioEventLoop.java:458)
	at org.apache.ratis.thirdparty.io.netty.util.concurrent.SingleThreadEventExecutor$5.run(SingleThreadEventExecutor.java:897)
	at org.apache.ratis.thirdparty.io.netty.util.concurrent.FastThreadLocalRunnable.run(FastThreadLocalRunnable.java:30)
	... 1 more
Caused by: java.net.ConnectException: Connection refused
	... 11 more
2019-08-30 08:04:23,780 [6a7c8852-17d8-4446-bc4c-67410121ad93:group-2D46FCC2CACD:LeaderElection95] INFO  impl.RoleInfo (RoleInfo.java:shutdownLeaderElection(134)) - 6a7c8852-17d8-4446-bc4c-67410121ad93: shutdown LeaderElection
2019-08-30 08:04:23,780 [6a7c8852-17d8-4446-bc4c-67410121ad93:group-2D46FCC2CACD:LeaderElection95] INFO  impl.RaftServerImpl (RaftServerImpl.java:setRole(171)) - 6a7c8852-17d8-4446-bc4c-67410121ad93:group-2D46FCC2CACD changes role from CANDIDATE to LEADER at term 4 for changeToLeader
2019-08-30 08:04:23,780 [6a7c8852-17d8-4446-bc4c-67410121ad93:group-2D46FCC2CACD:LeaderElection95] INFO  impl.RaftServerImpl (ServerState.java:setLeader(263)) - 6a7c8852-17d8-4446-bc4c-67410121ad93:group-2D46FCC2CACD change Leader from null to 6a7c8852-17d8-4446-bc4c-67410121ad93 at term 4 for becomeLeader, leader elected after 5429ms
2019-08-30 08:04:23,780 [6a7c8852-17d8-4446-bc4c-67410121ad93:group-2D46FCC2CACD:LeaderElection95] INFO  server.RaftServerConfigKeys (ConfUtils.java:logGet(43)) - raft.server.staging.catchup.gap = 1000 (default)
2019-08-30 08:04:23,780 [6a7c8852-17d8-4446-bc4c-67410121ad93:group-2D46FCC2CACD:LeaderElection95] INFO  server.RaftServerConfigKeys (ConfUtils.java:logGet(43)) - raft.server.rpc.sleep.time = 25ms (default)
2019-08-30 08:04:23,781 [6a7c8852-17d8-4446-bc4c-67410121ad93:group-2D46FCC2CACD:LeaderElection95] INFO  server.RaftServerConfigKeys (ConfUtils.java:logGet(43)) - raft.server.write.element-limit = 4096 (default)
2019-08-30 08:04:23,781 [6a7c8852-17d8-4446-bc4c-67410121ad93:group-2D46FCC2CACD:LeaderElection95] INFO  server.RaftServerConfigKeys (ConfUtils.java:logGet(43)) - raft.server.watch.timeout = 10s (default)
2019-08-30 08:04:23,781 [6a7c8852-17d8-4446-bc4c-67410121ad93:group-2D46FCC2CACD:LeaderElection95] INFO  server.RaftServerConfigKeys (ConfUtils.java:logGet(43)) - raft.server.watch.timeout.denomination = 1s (default)
2019-08-30 08:04:23,781 [6a7c8852-17d8-4446-bc4c-67410121ad93:group-2D46FCC2CACD:LeaderElection95] INFO  server.RaftServerConfigKeys (ConfUtils.java:logGet(43)) - raft.server.watch.element-limit = 65536 (default)
2019-08-30 08:04:23,781 [6a7c8852-17d8-4446-bc4c-67410121ad93:group-2D46FCC2CACD:LeaderElection95] INFO  server.RaftServerConfigKeys (ConfUtils.java:logGet(43)) - raft.server.log.appender.snapshot.chunk.size.max = 16MB (=16777216) (default)
2019-08-30 08:04:23,782 [6a7c8852-17d8-4446-bc4c-67410121ad93:group-2D46FCC2CACD:LeaderElection95] INFO  server.RaftServerConfigKeys (ConfUtils.java:logGet(43)) - raft.server.log.appender.buffer.byte-limit = 33554432 (custom)
2019-08-30 08:04:23,782 [6a7c8852-17d8-4446-bc4c-67410121ad93:group-2D46FCC2CACD:LeaderElection95] INFO  server.RaftServerConfigKeys (ConfUtils.java:logGet(43)) - raft.server.log.appender.buffer.element-limit = 1 (custom)
2019-08-30 08:04:23,782 [6a7c8852-17d8-4446-bc4c-67410121ad93:group-2D46FCC2CACD:LeaderElection95] INFO  grpc.GrpcConfigKeys$Server (ConfUtils.java:logGet(43)) - raft.grpc.server.leader.outstanding.appends.max = 128 (default)
2019-08-30 08:04:23,782 [6a7c8852-17d8-4446-bc4c-67410121ad93:group-2D46FCC2CACD:LeaderElection95] INFO  server.RaftServerConfigKeys (ConfUtils.java:logGet(43)) - raft.server.rpc.request.timeout = 3000ms (default)
2019-08-30 08:04:23,783 [6a7c8852-17d8-4446-bc4c-67410121ad93:group-2D46FCC2CACD:LeaderElection95] INFO  server.RaftServerConfigKeys (ConfUtils.java:logGet(43)) - raft.server.log.appender.install.snapshot.enabled = false (custom)
2019-08-30 08:04:23,783 [6a7c8852-17d8-4446-bc4c-67410121ad93:group-2D46FCC2CACD:LeaderElection95] INFO  server.RaftServerConfigKeys (ConfUtils.java:logGet(43)) - raft.server.log.appender.snapshot.chunk.size.max = 16MB (=16777216) (default)
2019-08-30 08:04:23,783 [6a7c8852-17d8-4446-bc4c-67410121ad93:group-2D46FCC2CACD:LeaderElection95] INFO  server.RaftServerConfigKeys (ConfUtils.java:logGet(43)) - raft.server.log.appender.buffer.byte-limit = 33554432 (custom)
2019-08-30 08:04:23,783 [6a7c8852-17d8-4446-bc4c-67410121ad93:group-2D46FCC2CACD:LeaderElection95] INFO  server.RaftServerConfigKeys (ConfUtils.java:logGet(43)) - raft.server.log.appender.buffer.element-limit = 1 (custom)
2019-08-30 08:04:23,783 [6a7c8852-17d8-4446-bc4c-67410121ad93:group-2D46FCC2CACD:LeaderElection95] INFO  grpc.GrpcConfigKeys$Server (ConfUtils.java:logGet(43)) - raft.grpc.server.leader.outstanding.appends.max = 128 (default)
2019-08-30 08:04:23,784 [6a7c8852-17d8-4446-bc4c-67410121ad93:group-2D46FCC2CACD:LeaderElection95] INFO  server.RaftServerConfigKeys (ConfUtils.java:logGet(43)) - raft.server.rpc.request.timeout = 3000ms (default)
2019-08-30 08:04:23,784 [6a7c8852-17d8-4446-bc4c-67410121ad93:group-2D46FCC2CACD:LeaderElection95] INFO  server.RaftServerConfigKeys (ConfUtils.java:logGet(43)) - raft.server.log.appender.install.snapshot.enabled = false (custom)
2019-08-30 08:04:23,784 [6a7c8852-17d8-4446-bc4c-67410121ad93:group-2D46FCC2CACD:LeaderElection95] INFO  impl.RoleInfo (RoleInfo.java:updateAndGet(143)) - 6a7c8852-17d8-4446-bc4c-67410121ad93: start LeaderState
2019-08-30 08:04:23,785 [6a7c8852-17d8-4446-bc4c-67410121ad93:group-2D46FCC2CACD:LeaderElection95] INFO  segmented.SegmentedRaftLogWorker (SegmentedRaftLogWorker.java:rollLogSegment(385)) - 6a7c8852-17d8-4446-bc4c-67410121ad93-SegmentedRaftLogWorker:Storage Directory /workdir/hadoop-ozone/integration-test/target/test-dir/MiniOzoneClusterImpl-0a678d0b-345d-45b6-820b-f96c3cc761ae/datanode-1/data/ratis/ae97209f-a6bd-4238-be2a-2d46fcc2cacd: Rolling segment log-0_16 to index:16
2019-08-30 08:04:23,786 [6a7c8852-17d8-4446-bc4c-67410121ad93-SegmentedRaftLogWorker:Storage Directory /workdir/hadoop-ozone/integration-test/target/test-dir/MiniOzoneClusterImpl-0a678d0b-345d-45b6-820b-f96c3cc761ae/datanode-1/data/ratis/ae97209f-a6bd-4238-be2a-2d46fcc2cacd] INFO  segmented.SegmentedRaftLogWorker (SegmentedRaftLogWorker.java:execute(526)) - 6a7c8852-17d8-4446-bc4c-67410121ad93-SegmentedRaftLogWorker:Storage Directory /workdir/hadoop-ozone/integration-test/target/test-dir/MiniOzoneClusterImpl-0a678d0b-345d-45b6-820b-f96c3cc761ae/datanode-1/data/ratis/ae97209f-a6bd-4238-be2a-2d46fcc2cacd: Rolled log segment from /workdir/hadoop-ozone/integration-test/target/test-dir/MiniOzoneClusterImpl-0a678d0b-345d-45b6-820b-f96c3cc761ae/datanode-1/data/ratis/ae97209f-a6bd-4238-be2a-2d46fcc2cacd/current/log_inprogress_0 to /workdir/hadoop-ozone/integration-test/target/test-dir/MiniOzoneClusterImpl-0a678d0b-345d-45b6-820b-f96c3cc761ae/datanode-1/data/ratis/ae97209f-a6bd-4238-be2a-2d46fcc2cacd/current/log_0-16
2019-08-30 08:04:23,786 [6a7c8852-17d8-4446-bc4c-67410121ad93:group-2D46FCC2CACD:LeaderElection95] INFO  impl.RaftServerImpl (ServerState.java:setRaftConf(361)) - 6a7c8852-17d8-4446-bc4c-67410121ad93:group-2D46FCC2CACD set configuration 17: [6a7c8852-17d8-4446-bc4c-67410121ad93:192.168.5.184:42040, 54172fe4-c822-464b-9b19-b53f6a732349:192.168.5.184:42780, b02d5434-9006-43db-863d-3b3a4b7891d5:192.168.5.184:43754], old=null at 17
2019-08-30 08:04:23,786 [grpc-default-executor-9] WARN  server.GrpcLogAppender (LogUtils.java:warn(134)) - 6a7c8852-17d8-4446-bc4c-67410121ad93->54172fe4-c822-464b-9b19-b53f6a732349: Failed appendEntries: org.apache.ratis.thirdparty.io.grpc.StatusRuntimeException: UNAVAILABLE: io exception
2019-08-30 08:04:23,786 [grpc-default-executor-9] INFO  impl.FollowerInfo (FollowerInfo.java:lambda$new$0(50)) - 6a7c8852-17d8-4446-bc4c-67410121ad93->54172fe4-c822-464b-9b19-b53f6a732349: nextIndex: updateUnconditionally 17 -> 1
2019-08-30 08:04:23,787 [grpc-default-executor-9] INFO  impl.RaftServerImpl (ServerState.java:setLeader(263)) - b02d5434-9006-43db-863d-3b3a4b7891d5:group-2D46FCC2CACD change Leader from null to 6a7c8852-17d8-4446-bc4c-67410121ad93 at term 4 for appendEntries, leader elected after 5356ms
2019-08-30 08:04:23,790 [grpc-default-executor-9] INFO  impl.RaftServerImpl (ServerState.java:setRaftConf(361)) - b02d5434-9006-43db-863d-3b3a4b7891d5:group-2D46FCC2CACD set configuration 17: [6a7c8852-17d8-4446-bc4c-67410121ad93:192.168.5.184:42040, 54172fe4-c822-464b-9b19-b53f6a732349:192.168.5.184:42780, b02d5434-9006-43db-863d-3b3a4b7891d5:192.168.5.184:43754], old=null at 17
2019-08-30 08:04:23,790 [grpc-default-executor-9] INFO  segmented.SegmentedRaftLogWorker (SegmentedRaftLogWorker.java:rollLogSegment(385)) - b02d5434-9006-43db-863d-3b3a4b7891d5-SegmentedRaftLogWorker:Storage Directory /workdir/hadoop-ozone/integration-test/target/test-dir/MiniOzoneClusterImpl-0a678d0b-345d-45b6-820b-f96c3cc761ae/datanode-0/data/ratis/ae97209f-a6bd-4238-be2a-2d46fcc2cacd: Rolling segment log-0_16 to index:16
2019-08-30 08:04:23,791 [b02d5434-9006-43db-863d-3b3a4b7891d5-SegmentedRaftLogWorker:Storage Directory /workdir/hadoop-ozone/integration-test/target/test-dir/MiniOzoneClusterImpl-0a678d0b-345d-45b6-820b-f96c3cc761ae/datanode-0/data/ratis/ae97209f-a6bd-4238-be2a-2d46fcc2cacd] INFO  segmented.SegmentedRaftLogWorker (SegmentedRaftLogWorker.java:execute(526)) - b02d5434-9006-43db-863d-3b3a4b7891d5-SegmentedRaftLogWorker:Storage Directory /workdir/hadoop-ozone/integration-test/target/test-dir/MiniOzoneClusterImpl-0a678d0b-345d-45b6-820b-f96c3cc761ae/datanode-0/data/ratis/ae97209f-a6bd-4238-be2a-2d46fcc2cacd: Rolled log segment from /workdir/hadoop-ozone/integration-test/target/test-dir/MiniOzoneClusterImpl-0a678d0b-345d-45b6-820b-f96c3cc761ae/datanode-0/data/ratis/ae97209f-a6bd-4238-be2a-2d46fcc2cacd/current/log_inprogress_0 to /workdir/hadoop-ozone/integration-test/target/test-dir/MiniOzoneClusterImpl-0a678d0b-345d-45b6-820b-f96c3cc761ae/datanode-0/data/ratis/ae97209f-a6bd-4238-be2a-2d46fcc2cacd/current/log_0-16
2019-08-30 08:04:23,903 [6a7c8852-17d8-4446-bc4c-67410121ad93-SegmentedRaftLogWorker:Storage Directory /workdir/hadoop-ozone/integration-test/target/test-dir/MiniOzoneClusterImpl-0a678d0b-345d-45b6-820b-f96c3cc761ae/datanode-1/data/ratis/ae97209f-a6bd-4238-be2a-2d46fcc2cacd] INFO  segmented.SegmentedRaftLogWorker (SegmentedRaftLogWorker.java:execute(569)) - 6a7c8852-17d8-4446-bc4c-67410121ad93-SegmentedRaftLogWorker:Storage Directory /workdir/hadoop-ozone/integration-test/target/test-dir/MiniOzoneClusterImpl-0a678d0b-345d-45b6-820b-f96c3cc761ae/datanode-1/data/ratis/ae97209f-a6bd-4238-be2a-2d46fcc2cacd: created new log segment /workdir/hadoop-ozone/integration-test/target/test-dir/MiniOzoneClusterImpl-0a678d0b-345d-45b6-820b-f96c3cc761ae/datanode-1/data/ratis/ae97209f-a6bd-4238-be2a-2d46fcc2cacd/current/log_inprogress_17
2019-08-30 08:04:23,903 [b02d5434-9006-43db-863d-3b3a4b7891d5-SegmentedRaftLogWorker:Storage Directory /workdir/hadoop-ozone/integration-test/target/test-dir/MiniOzoneClusterImpl-0a678d0b-345d-45b6-820b-f96c3cc761ae/datanode-0/data/ratis/ae97209f-a6bd-4238-be2a-2d46fcc2cacd] INFO  segmented.SegmentedRaftLogWorker (SegmentedRaftLogWorker.java:execute(569)) - b02d5434-9006-43db-863d-3b3a4b7891d5-SegmentedRaftLogWorker:Storage Directory /workdir/hadoop-ozone/integration-test/target/test-dir/MiniOzoneClusterImpl-0a678d0b-345d-45b6-820b-f96c3cc761ae/datanode-0/data/ratis/ae97209f-a6bd-4238-be2a-2d46fcc2cacd: created new log segment /workdir/hadoop-ozone/integration-test/target/test-dir/MiniOzoneClusterImpl-0a678d0b-345d-45b6-820b-f96c3cc761ae/datanode-0/data/ratis/ae97209f-a6bd-4238-be2a-2d46fcc2cacd/current/log_inprogress_17
2019-08-30 08:04:23,928 | INFO  | DNAudit | user=null | ip=null | op=READ_CHUNK {blockData=conID: 1 locID: 102704889138774030 bcsId: 0} | ret=SUCCESS |  
2019-08-30 08:04:23,931 [grpc-default-executor-1] WARN  server.GrpcLogAppender (LogUtils.java:warn(134)) - 6a7c8852-17d8-4446-bc4c-67410121ad93->54172fe4-c822-464b-9b19-b53f6a732349: Failed appendEntries: org.apache.ratis.thirdparty.io.grpc.StatusRuntimeException: UNAVAILABLE: io exception
2019-08-30 08:04:23,932 [grpc-default-executor-1] INFO  impl.FollowerInfo (FollowerInfo.java:lambda$new$0(50)) - 6a7c8852-17d8-4446-bc4c-67410121ad93->54172fe4-c822-464b-9b19-b53f6a732349: nextIndex: updateUnconditionally 2 -> 1
2019-08-30 08:04:23,951 [grpc-default-executor-7] WARN  server.GrpcLogAppender (LogUtils.java:warn(134)) - 6a7c8852-17d8-4446-bc4c-67410121ad93->54172fe4-c822-464b-9b19-b53f6a732349: Failed appendEntries: org.apache.ratis.thirdparty.io.grpc.StatusRuntimeException: UNAVAILABLE: io exception
2019-08-30 08:04:23,951 [grpc-default-executor-7] INFO  impl.FollowerInfo (FollowerInfo.java:lambda$new$0(50)) - 6a7c8852-17d8-4446-bc4c-67410121ad93->54172fe4-c822-464b-9b19-b53f6a732349: nextIndex: updateUnconditionally 2 -> 1
2019-08-30 08:04:23,951 | INFO  | SCMAudit | user=jenkins1000 | ip=192.168.5.184 | op=SEND_HEARTBEAT {datanodeUUID=0e927250-a3c1-4323-8ecd-88ceb047c264, command=[]} | ret=SUCCESS |  
2019-08-30 08:04:24,171 | INFO  | SCMAudit | user=jenkins1000 | ip=192.168.5.184 | op=SEND_HEARTBEAT {datanodeUUID=fed6186c-90e1-4c5c-ac3c-62fdedc4e65b, command=[]} | ret=SUCCESS |  
2019-08-30 08:04:24,358 | INFO  | SCMAudit | user=jenkins1000 | ip=192.168.5.184 | op=SEND_HEARTBEAT {datanodeUUID=e5f38b28-009a-4f22-a943-cfa04c7253b1, command=[]} | ret=SUCCESS |  
2019-08-30 08:04:24,562 | INFO  | SCMAudit | user=jenkins1000 | ip=192.168.5.184 | op=SEND_HEARTBEAT {datanodeUUID=290ef2ed-fd58-4a3d-bde6-9b5b13914a39, command=[]} | ret=SUCCESS |  
2019-08-30 08:04:24,691 | INFO  | SCMAudit | user=jenkins1000 | ip=192.168.5.184 | op=SEND_HEARTBEAT {datanodeUUID=6a7c8852-17d8-4446-bc4c-67410121ad93, command=[]} | ret=SUCCESS |  
2019-08-30 08:04:24,691 | INFO  | SCMAudit | user=jenkins1000 | ip=192.168.5.184 | op=SEND_HEARTBEAT {datanodeUUID=b02d5434-9006-43db-863d-3b3a4b7891d5, command=[]} | ret=SUCCESS |  
2019-08-30 08:04:24,840 [grpc-default-executor-7] INFO  client.GrpcClientProtocolClient (GrpcClientProtocolClient.java:onNext(255)) - client-0F6E9B4249EF->b02d5434-9006-43db-863d-3b3a4b7891d5: receive RaftClientReply:client-0F6E9B4249EF->b02d5434-9006-43db-863d-3b3a4b7891d5@group-2D46FCC2CACD, cid=185, FAILED org.apache.ratis.protocol.NotLeaderException: Server b02d5434-9006-43db-863d-3b3a4b7891d5 is not the leader (6a7c8852-17d8-4446-bc4c-67410121ad93:192.168.5.184:42040). Request must be sent to leader., logIndex=0, commits[b02d5434-9006-43db-863d-3b3a4b7891d5:c17, 6a7c8852-17d8-4446-bc4c-67410121ad93:c17, 54172fe4-c822-464b-9b19-b53f6a732349:c16]
2019-08-30 08:04:24,845 | ERROR | DNAudit | user=null | ip=null | op=WRITE_CHUNK {blockData=conID: 1 locID: 102704889138774030 bcsId: 14} | ret=FAILURE | org.apache.hadoop.hdds.scm.container.common.helpers.ContainerNotOpenException: Container 1 in CLOSING state
	at org.apache.hadoop.ozone.container.common.impl.HddsDispatcher.validateContainerCommand(HddsDispatcher.java:408)
	at org.apache.hadoop.ozone.container.common.transport.server.ratis.ContainerStateMachine.startTransaction(ContainerStateMachine.java:309) 
2019-08-30 08:04:24,853 [grpc-default-executor-9] INFO  client.GrpcClientProtocolClient (GrpcClientProtocolClient.java:onNext(255)) - client-0F6E9B4249EF->6a7c8852-17d8-4446-bc4c-67410121ad93: receive RaftClientReply:client-0F6E9B4249EF->6a7c8852-17d8-4446-bc4c-67410121ad93@group-2D46FCC2CACD, cid=185, FAILED org.apache.ratis.protocol.StateMachineException: org.apache.hadoop.hdds.scm.container.common.helpers.ContainerNotOpenException from Server 6a7c8852-17d8-4446-bc4c-67410121ad93: Container 1 in CLOSING state, logIndex=0, commits[6a7c8852-17d8-4446-bc4c-67410121ad93:c18, 54172fe4-c822-464b-9b19-b53f6a732349:c16, b02d5434-9006-43db-863d-3b3a4b7891d5:c17]
2019-08-30 08:04:24,854 | ERROR | DNAudit | user=null | ip=null | op=WRITE_CHUNK {blockData=conID: 1 locID: 102704889138774030 bcsId: 14} | ret=FAILURE | org.apache.hadoop.hdds.scm.container.common.helpers.ContainerNotOpenException: Container 1 in CLOSING state
	at org.apache.hadoop.ozone.container.common.impl.HddsDispatcher.validateContainerCommand(HddsDispatcher.java:408)
	at org.apache.hadoop.ozone.container.common.transport.server.ratis.ContainerStateMachine.startTransaction(ContainerStateMachine.java:309) 
2019-08-30 08:04:24,856 | ERROR | DNAudit | user=null | ip=null | op=PUT_BLOCK {blockData=[blockId=conID: 1 locID: 102704889138774030 bcsId: 0,size=650]} | ret=FAILURE | org.apache.hadoop.hdds.scm.container.common.helpers.ContainerNotOpenException: Container 1 in CLOSING state
	at org.apache.hadoop.ozone.container.common.impl.HddsDispatcher.validateContainerCommand(HddsDispatcher.java:408)
	at org.apache.hadoop.ozone.container.common.transport.server.ratis.ContainerStateMachine.startTransaction(ContainerStateMachine.java:309) 
2019-08-30 08:04:24,859 | ERROR | DNAudit | user=null | ip=null | op=WRITE_CHUNK {blockData=conID: 1 locID: 102704889138774030 bcsId: 14} | ret=FAILURE | org.apache.hadoop.hdds.scm.container.common.helpers.ContainerNotOpenException: Container 1 in CLOSING state
	at org.apache.hadoop.ozone.container.common.impl.HddsDispatcher.validateContainerCommand(HddsDispatcher.java:408)
	at org.apache.hadoop.ozone.container.common.transport.server.ratis.ContainerStateMachine.startTransaction(ContainerStateMachine.java:309) 
2019-08-30 08:04:24,860 [grpc-default-executor-9] INFO  client.GrpcClientProtocolClient (GrpcClientProtocolClient.java:onNext(255)) - client-0F6E9B4249EF->6a7c8852-17d8-4446-bc4c-67410121ad93: receive RaftClientReply:client-0F6E9B4249EF->6a7c8852-17d8-4446-bc4c-67410121ad93@group-2D46FCC2CACD, cid=186, FAILED org.apache.ratis.protocol.StateMachineException: org.apache.hadoop.hdds.scm.container.common.helpers.ContainerNotOpenException from Server 6a7c8852-17d8-4446-bc4c-67410121ad93: Container 1 in CLOSING state, logIndex=0, commits[6a7c8852-17d8-4446-bc4c-67410121ad93:c18, 54172fe4-c822-464b-9b19-b53f6a732349:c16, b02d5434-9006-43db-863d-3b3a4b7891d5:c17]
2019-08-30 08:04:24,865 [grpc-default-executor-9] INFO  client.GrpcClientProtocolClient (GrpcClientProtocolClient.java:onNext(255)) - client-0F6E9B4249EF->6a7c8852-17d8-4446-bc4c-67410121ad93: receive RaftClientReply:client-0F6E9B4249EF->6a7c8852-17d8-4446-bc4c-67410121ad93@group-2D46FCC2CACD, cid=187, FAILED org.apache.ratis.protocol.StateMachineException: org.apache.hadoop.hdds.scm.container.common.helpers.ContainerNotOpenException from Server 6a7c8852-17d8-4446-bc4c-67410121ad93: Container 1 in CLOSING state, logIndex=0, commits[6a7c8852-17d8-4446-bc4c-67410121ad93:c18, 54172fe4-c822-464b-9b19-b53f6a732349:c16, b02d5434-9006-43db-863d-3b3a4b7891d5:c17]
2019-08-30 08:04:24,865 | ERROR | DNAudit | user=null | ip=null | op=WRITE_CHUNK {blockData=conID: 1 locID: 102704889138774030 bcsId: 14} | ret=FAILURE | org.apache.hadoop.hdds.scm.container.common.helpers.ContainerNotOpenException: Container 1 in CLOSING state
	at org.apache.hadoop.ozone.container.common.impl.HddsDispatcher.validateContainerCommand(HddsDispatcher.java:408)
	at org.apache.hadoop.ozone.container.common.transport.server.ratis.ContainerStateMachine.startTransaction(ContainerStateMachine.java:309) 
2019-08-30 08:04:24,866 [grpc-default-executor-9] INFO  client.GrpcClientProtocolClient (GrpcClientProtocolClient.java:onNext(255)) - client-0F6E9B4249EF->6a7c8852-17d8-4446-bc4c-67410121ad93: receive RaftClientReply:client-0F6E9B4249EF->6a7c8852-17d8-4446-bc4c-67410121ad93@group-2D46FCC2CACD, cid=188, FAILED org.apache.ratis.protocol.StateMachineException: org.apache.hadoop.hdds.scm.container.common.helpers.ContainerNotOpenException from Server 6a7c8852-17d8-4446-bc4c-67410121ad93: Container 1 in CLOSING state, logIndex=0, commits[6a7c8852-17d8-4446-bc4c-67410121ad93:c18, 54172fe4-c822-464b-9b19-b53f6a732349:c16, b02d5434-9006-43db-863d-3b3a4b7891d5:c17]
2019-08-30 08:04:24,866 | ERROR | DNAudit | user=null | ip=null | op=PUT_BLOCK {blockData=[blockId=conID: 1 locID: 102704889138774030 bcsId: 0,size=800]} | ret=FAILURE | org.apache.hadoop.hdds.scm.container.common.helpers.ContainerNotOpenException: Container 1 in CLOSING state
	at org.apache.hadoop.ozone.container.common.impl.HddsDispatcher.validateContainerCommand(HddsDispatcher.java:408)
	at org.apache.hadoop.ozone.container.common.transport.server.ratis.ContainerStateMachine.startTransaction(ContainerStateMachine.java:309) 
2019-08-30 08:04:24,871 [grpc-default-executor-7] INFO  client.GrpcClientProtocolClient (GrpcClientProtocolClient.java:onNext(255)) - client-0F6E9B4249EF->6a7c8852-17d8-4446-bc4c-67410121ad93: receive RaftClientReply:client-0F6E9B4249EF->6a7c8852-17d8-4446-bc4c-67410121ad93@group-2D46FCC2CACD, cid=189, FAILED org.apache.ratis.protocol.StateMachineException: org.apache.hadoop.hdds.scm.container.common.helpers.ContainerNotOpenException from Server 6a7c8852-17d8-4446-bc4c-67410121ad93: Container 1 in CLOSING state, logIndex=0, commits[6a7c8852-17d8-4446-bc4c-67410121ad93:c18, 54172fe4-c822-464b-9b19-b53f6a732349:c16, b02d5434-9006-43db-863d-3b3a4b7891d5:c17]
2019-08-30 08:04:24,872 [grpc-default-executor-7] INFO  client.GrpcClientProtocolClient (GrpcClientProtocolClient.java:onNext(255)) - client-0F6E9B4249EF->6a7c8852-17d8-4446-bc4c-67410121ad93: receive RaftClientReply:client-0F6E9B4249EF->6a7c8852-17d8-4446-bc4c-67410121ad93@group-2D46FCC2CACD, cid=190, FAILED org.apache.ratis.protocol.StateMachineException: org.apache.hadoop.hdds.scm.container.common.helpers.ContainerNotOpenException from Server 6a7c8852-17d8-4446-bc4c-67410121ad93: Container 1 in CLOSING state, logIndex=0, commits[6a7c8852-17d8-4446-bc4c-67410121ad93:c18, 54172fe4-c822-464b-9b19-b53f6a732349:c16, b02d5434-9006-43db-863d-3b3a4b7891d5:c17]
2019-08-30 08:04:24,897 | INFO  | SCMAudit | user=jenkins1000 | ip=192.168.5.184 | op=ALLOCATE_BLOCK {owner=d5af6a85-c37a-4a63-882f-9a2fe9fddf0b, size=800, type=RATIS, factor=THREE} | ret=SUCCESS |  
2019-08-30 08:04:24,898 | INFO  | OMAudit | user=jenkins1000 | ip=127.0.0.1 | op=ALLOCATE_BLOCK {volume=testblockoutputstream, bucket=testblockoutputstream, key=64e19ade-62ea-476f-bf50-59cd2b056de1, dataSize=0, replicationType=null, replicationFactor=null, keyLocationInfo=null, clientID=102704889109938189} | ret=SUCCESS |  
2019-08-30 08:04:24,951 | INFO  | SCMAudit | user=jenkins1000 | ip=192.168.5.184 | op=SEND_HEARTBEAT {datanodeUUID=0e927250-a3c1-4323-8ecd-88ceb047c264, command=[]} | ret=SUCCESS |  
2019-08-30 08:04:25,171 | INFO  | SCMAudit | user=jenkins1000 | ip=192.168.5.184 | op=SEND_HEARTBEAT {datanodeUUID=fed6186c-90e1-4c5c-ac3c-62fdedc4e65b, command=[]} | ret=SUCCESS |  
2019-08-30 08:04:25,358 | INFO  | SCMAudit | user=jenkins1000 | ip=192.168.5.184 | op=SEND_HEARTBEAT {datanodeUUID=e5f38b28-009a-4f22-a943-cfa04c7253b1, command=[]} | ret=SUCCESS |  
2019-08-30 08:04:25,513 | INFO  | DNAudit | user=null | ip=null | op=WRITE_CHUNK {blockData=conID: 2 locID: 102704890832289807 bcsId: 0} | ret=SUCCESS |  
2019-08-30 08:04:25,513 | INFO  | DNAudit | user=null | ip=null | op=WRITE_CHUNK {blockData=conID: 2 locID: 102704890832289807 bcsId: 0} | ret=SUCCESS |  
2019-08-30 08:04:25,513 | INFO  | SCMAudit | user=jenkins1000 | ip=192.168.5.184 | op=SEND_HEARTBEAT {datanodeUUID=0e927250-a3c1-4323-8ecd-88ceb047c264, command=[]} | ret=SUCCESS |  
2019-08-30 08:04:25,513 | INFO  | SCMAudit | user=jenkins1000 | ip=192.168.5.184 | op=SEND_HEARTBEAT {datanodeUUID=290ef2ed-fd58-4a3d-bde6-9b5b13914a39, command=[]} | ret=SUCCESS |  
2019-08-30 08:04:25,521 | INFO  | SCMAudit | user=jenkins1000 | ip=192.168.5.184 | op=SEND_HEARTBEAT {datanodeUUID=e5f38b28-009a-4f22-a943-cfa04c7253b1, command=[]} | ret=SUCCESS |  
2019-08-30 08:04:25,521 | INFO  | DNAudit | user=null | ip=null | op=WRITE_CHUNK {blockData=conID: 2 locID: 102704890832289807 bcsId: 0} | ret=SUCCESS |  
2019-08-30 08:04:25,529 | INFO  | DNAudit | user=null | ip=null | op=WRITE_CHUNK {blockData=conID: 2 locID: 102704890832289807 bcsId: 0} | ret=SUCCESS |  
2019-08-30 08:04:25,536 [grpc-default-executor-7] INFO  client.GrpcClientProtocolClient (GrpcClientProtocolClient.java:onNext(255)) - client-C8F4DDC90791->0e927250-a3c1-4323-8ecd-88ceb047c264: receive RaftClientReply:client-C8F4DDC90791->0e927250-a3c1-4323-8ecd-88ceb047c264@group-631FC3E3E722, cid=191, SUCCESS, logIndex=1, commits[0e927250-a3c1-4323-8ecd-88ceb047c264:c1, e5f38b28-009a-4f22-a943-cfa04c7253b1:c0, 290ef2ed-fd58-4a3d-bde6-9b5b13914a39:c0]
2019-08-30 08:04:25,566 | INFO  | DNAudit | user=null | ip=null | op=WRITE_CHUNK {blockData=conID: 2 locID: 102704890832289807 bcsId: 0} | ret=SUCCESS |  
2019-08-30 08:04:25,566 | INFO  | DNAudit | user=null | ip=null | op=WRITE_CHUNK {blockData=conID: 2 locID: 102704890832289807 bcsId: 0} | ret=SUCCESS |  
2019-08-30 08:04:25,566 | INFO  | DNAudit | user=null | ip=null | op=WRITE_CHUNK {blockData=conID: 2 locID: 102704890832289807 bcsId: 0} | ret=SUCCESS |  
2019-08-30 08:04:25,566 | INFO  | DNAudit | user=null | ip=null | op=WRITE_CHUNK {blockData=conID: 2 locID: 102704890832289807 bcsId: 0} | ret=SUCCESS |  
2019-08-30 08:04:25,566 | INFO  | DNAudit | user=null | ip=null | op=WRITE_CHUNK {blockData=conID: 2 locID: 102704890832289807 bcsId: 0} | ret=SUCCESS |  
2019-08-30 08:04:25,566 | INFO  | DNAudit | user=null | ip=null | op=WRITE_CHUNK {blockData=conID: 2 locID: 102704890832289807 bcsId: 0} | ret=SUCCESS |  
2019-08-30 08:04:25,566 | INFO  | DNAudit | user=null | ip=null | op=WRITE_CHUNK {blockData=conID: 2 locID: 102704890832289807 bcsId: 0} | ret=SUCCESS |  
2019-08-30 08:04:25,566 | INFO  | DNAudit | user=null | ip=null | op=WRITE_CHUNK {blockData=conID: 2 locID: 102704890832289807 bcsId: 0} | ret=SUCCESS |  
2019-08-30 08:04:25,566 | INFO  | DNAudit | user=null | ip=null | op=WRITE_CHUNK {blockData=conID: 2 locID: 102704890832289807 bcsId: 0} | ret=SUCCESS |  
2019-08-30 08:04:25,566 | INFO  | DNAudit | user=null | ip=null | op=WRITE_CHUNK {blockData=conID: 2 locID: 102704890832289807 bcsId: 0} | ret=SUCCESS |  
2019-08-30 08:04:25,566 | INFO  | DNAudit | user=null | ip=null | op=WRITE_CHUNK {blockData=conID: 2 locID: 102704890832289807 bcsId: 0} | ret=SUCCESS |  
2019-08-30 08:04:25,598 | INFO  | DNAudit | user=null | ip=null | op=WRITE_CHUNK {blockData=conID: 2 locID: 102704890832289807 bcsId: 0} | ret=SUCCESS |  
2019-08-30 08:04:25,602 [grpc-default-executor-1] INFO  client.GrpcClientProtocolClient (GrpcClientProtocolClient.java:onNext(255)) - client-C8F4DDC90791->0e927250-a3c1-4323-8ecd-88ceb047c264: receive RaftClientReply:client-C8F4DDC90791->0e927250-a3c1-4323-8ecd-88ceb047c264@group-631FC3E3E722, cid=192, SUCCESS, logIndex=3, commits[0e927250-a3c1-4323-8ecd-88ceb047c264:c5, e5f38b28-009a-4f22-a943-cfa04c7253b1:c2, 290ef2ed-fd58-4a3d-bde6-9b5b13914a39:c2]
2019-08-30 08:04:25,626 | INFO  | DNAudit | user=null | ip=null | op=WRITE_CHUNK {blockData=conID: 2 locID: 102704890832289807 bcsId: 0} | ret=SUCCESS |  
2019-08-30 08:04:25,626 | INFO  | DNAudit | user=null | ip=null | op=WRITE_CHUNK {blockData=conID: 2 locID: 102704890832289807 bcsId: 0} | ret=SUCCESS |  
2019-08-30 08:04:25,691 | INFO  | SCMAudit | user=jenkins1000 | ip=192.168.5.184 | op=SEND_HEARTBEAT {datanodeUUID=b02d5434-9006-43db-863d-3b3a4b7891d5, command=[]} | ret=SUCCESS |  
2019-08-30 08:04:25,691 | INFO  | SCMAudit | user=jenkins1000 | ip=192.168.5.184 | op=SEND_HEARTBEAT {datanodeUUID=6a7c8852-17d8-4446-bc4c-67410121ad93, command=[]} | ret=SUCCESS |  
2019-08-30 08:04:25,915 | INFO  | DNAudit | user=null | ip=null | op=PUT_BLOCK {blockData=[blockId=conID: 2 locID: 102704890832289807 bcsId: 0,size=200]} | ret=SUCCESS |  
2019-08-30 08:04:25,916 | INFO  | DNAudit | user=null | ip=null | op=WRITE_CHUNK {blockData=conID: 2 locID: 102704890832289807 bcsId: 0} | ret=SUCCESS |  
2019-08-30 08:04:25,916 | INFO  | DNAudit | user=null | ip=null | op=WRITE_CHUNK {blockData=conID: 2 locID: 102704890832289807 bcsId: 0} | ret=SUCCESS |  
2019-08-30 08:04:25,917 [grpc-default-executor-7] INFO  client.GrpcClientProtocolClient (GrpcClientProtocolClient.java:onNext(255)) - client-C8F4DDC90791->0e927250-a3c1-4323-8ecd-88ceb047c264: receive RaftClientReply:client-C8F4DDC90791->0e927250-a3c1-4323-8ecd-88ceb047c264@group-631FC3E3E722, cid=193, SUCCESS, logIndex=4, commits[0e927250-a3c1-4323-8ecd-88ceb047c264:c12, e5f38b28-009a-4f22-a943-cfa04c7253b1:c7, 290ef2ed-fd58-4a3d-bde6-9b5b13914a39:c7]
2019-08-30 08:04:25,922 [grpc-default-executor-7] INFO  client.GrpcClientProtocolClient (GrpcClientProtocolClient.java:onNext(255)) - client-C8F4DDC90791->0e927250-a3c1-4323-8ecd-88ceb047c264: receive RaftClientReply:client-C8F4DDC90791->0e927250-a3c1-4323-8ecd-88ceb047c264@group-631FC3E3E722, cid=194, SUCCESS, logIndex=5, commits[0e927250-a3c1-4323-8ecd-88ceb047c264:c12, e5f38b28-009a-4f22-a943-cfa04c7253b1:c7, 290ef2ed-fd58-4a3d-bde6-9b5b13914a39:c7]
2019-08-30 08:04:25,922 [grpc-default-executor-7] INFO  client.GrpcClientProtocolClient (GrpcClientProtocolClient.java:onNext(255)) - client-C8F4DDC90791->0e927250-a3c1-4323-8ecd-88ceb047c264: receive RaftClientReply:client-C8F4DDC90791->0e927250-a3c1-4323-8ecd-88ceb047c264@group-631FC3E3E722, cid=195, SUCCESS, logIndex=6, commits[0e927250-a3c1-4323-8ecd-88ceb047c264:c12, e5f38b28-009a-4f22-a943-cfa04c7253b1:c7, 290ef2ed-fd58-4a3d-bde6-9b5b13914a39:c7]
2019-08-30 08:04:26,171 | INFO  | SCMAudit | user=jenkins1000 | ip=192.168.5.184 | op=SEND_HEARTBEAT {datanodeUUID=fed6186c-90e1-4c5c-ac3c-62fdedc4e65b, command=[]} | ret=SUCCESS |  
2019-08-30 08:04:26,178 | INFO  | DNAudit | user=null | ip=null | op=PUT_BLOCK {blockData=[blockId=conID: 2 locID: 102704890832289807 bcsId: 0,size=200]} | ret=SUCCESS |  
2019-08-30 08:04:26,178 | INFO  | DNAudit | user=null | ip=null | op=WRITE_CHUNK {blockData=conID: 2 locID: 102704890832289807 bcsId: 0} | ret=SUCCESS |  
2019-08-30 08:04:26,179 | INFO  | DNAudit | user=null | ip=null | op=WRITE_CHUNK {blockData=conID: 2 locID: 102704890832289807 bcsId: 0} | ret=SUCCESS |  
2019-08-30 08:04:26,451 [grpc-default-executor-9] WARN  server.GrpcLogAppender (LogUtils.java:warn(134)) - 6a7c8852-17d8-4446-bc4c-67410121ad93->54172fe4-c822-464b-9b19-b53f6a732349: Failed appendEntries: org.apache.ratis.thirdparty.io.grpc.StatusRuntimeException: UNAVAILABLE: io exception
2019-08-30 08:04:26,452 [grpc-default-executor-9] INFO  impl.FollowerInfo (FollowerInfo.java:lambda$new$0(50)) - 6a7c8852-17d8-4446-bc4c-67410121ad93->54172fe4-c822-464b-9b19-b53f6a732349: nextIndex: updateUnconditionally 1 -> 0
2019-08-30 08:04:26,472 | INFO  | DNAudit | user=null | ip=null | op=PUT_BLOCK {blockData=[blockId=conID: 2 locID: 102704890832289807 bcsId: 0,size=400]} | ret=SUCCESS |  
2019-08-30 08:04:26,472 | INFO  | DNAudit | user=null | ip=null | op=PUT_BLOCK {blockData=[blockId=conID: 2 locID: 102704890832289807 bcsId: 0,size=200]} | ret=SUCCESS |  
2019-08-30 08:04:26,472 | INFO  | DNAudit | user=null | ip=null | op=PUT_BLOCK {blockData=[blockId=conID: 2 locID: 102704890832289807 bcsId: 0,size=400]} | ret=SUCCESS |  
2019-08-30 08:04:26,473 | INFO  | DNAudit | user=null | ip=null | op=WRITE_CHUNK {blockData=conID: 2 locID: 102704890832289807 bcsId: 0} | ret=SUCCESS |  
2019-08-30 08:04:26,473 | INFO  | DNAudit | user=null | ip=null | op=WRITE_CHUNK {blockData=conID: 2 locID: 102704890832289807 bcsId: 0} | ret=SUCCESS |  
2019-08-30 08:04:26,474 | INFO  | DNAudit | user=null | ip=null | op=PUT_BLOCK {blockData=[blockId=conID: 2 locID: 102704890832289807 bcsId: 0,size=400]} | ret=SUCCESS |  
2019-08-30 08:04:26,474 [grpc-default-executor-9] INFO  client.GrpcClientProtocolClient (GrpcClientProtocolClient.java:onNext(255)) - client-C8F4DDC90791->0e927250-a3c1-4323-8ecd-88ceb047c264: receive RaftClientReply:client-C8F4DDC90791->0e927250-a3c1-4323-8ecd-88ceb047c264@group-631FC3E3E722, cid=196, SUCCESS, logIndex=7, commits[0e927250-a3c1-4323-8ecd-88ceb047c264:c12, e5f38b28-009a-4f22-a943-cfa04c7253b1:c7, 290ef2ed-fd58-4a3d-bde6-9b5b13914a39:c7]
2019-08-30 08:04:26,479 | INFO  | DNAudit | user=null | ip=null | op=WRITE_CHUNK {blockData=conID: 2 locID: 102704890832289807 bcsId: 7} | ret=SUCCESS |  
2019-08-30 08:04:26,480 | INFO  | DNAudit | user=null | ip=null | op=WRITE_CHUNK {blockData=conID: 2 locID: 102704890832289807 bcsId: 7} | ret=SUCCESS |  
2019-08-30 08:04:26,480 | INFO  | DNAudit | user=null | ip=null | op=WRITE_CHUNK {blockData=conID: 2 locID: 102704890832289807 bcsId: 7} | ret=SUCCESS |  
2019-08-30 08:04:26,510 | INFO  | SCMAudit | user=jenkins1000 | ip=192.168.5.184 | op=SEND_HEARTBEAT {datanodeUUID=290ef2ed-fd58-4a3d-bde6-9b5b13914a39, command=[]} | ret=SUCCESS |  
2019-08-30 08:04:26,510 | INFO  | SCMAudit | user=jenkins1000 | ip=192.168.5.184 | op=SEND_HEARTBEAT {datanodeUUID=0e927250-a3c1-4323-8ecd-88ceb047c264, command=[]} | ret=SUCCESS |  
2019-08-30 08:04:26,516 | INFO  | DNAudit | user=null | ip=null | op=WRITE_CHUNK {blockData=conID: 2 locID: 102704890832289807 bcsId: 7} | ret=SUCCESS |  
2019-08-30 08:04:26,525 | INFO  | DNAudit | user=null | ip=null | op=PUT_BLOCK {blockData=[blockId=conID: 2 locID: 102704890832289807 bcsId: 0,size=450]} | ret=SUCCESS |  
2019-08-30 08:04:26,526 | INFO  | SCMAudit | user=jenkins1000 | ip=192.168.5.184 | op=SEND_HEARTBEAT {datanodeUUID=e5f38b28-009a-4f22-a943-cfa04c7253b1, command=[]} | ret=SUCCESS |  
2019-08-30 08:04:26,526 [grpc-default-executor-7] INFO  client.GrpcClientProtocolClient (GrpcClientProtocolClient.java:onNext(255)) - client-C8F4DDC90791->0e927250-a3c1-4323-8ecd-88ceb047c264: receive RaftClientReply:client-C8F4DDC90791->0e927250-a3c1-4323-8ecd-88ceb047c264@group-631FC3E3E722, cid=197, SUCCESS, logIndex=13, commits[0e927250-a3c1-4323-8ecd-88ceb047c264:c14, e5f38b28-009a-4f22-a943-cfa04c7253b1:c12, 290ef2ed-fd58-4a3d-bde6-9b5b13914a39:c12]
2019-08-30 08:04:26,527 [grpc-default-executor-7] INFO  client.GrpcClientProtocolClient (GrpcClientProtocolClient.java:onNext(255)) - client-C8F4DDC90791->0e927250-a3c1-4323-8ecd-88ceb047c264: receive RaftClientReply:client-C8F4DDC90791->0e927250-a3c1-4323-8ecd-88ceb047c264@group-631FC3E3E722, cid=198, SUCCESS, logIndex=14, commits[0e927250-a3c1-4323-8ecd-88ceb047c264:c14, e5f38b28-009a-4f22-a943-cfa04c7253b1:c12, 290ef2ed-fd58-4a3d-bde6-9b5b13914a39:c12]
2019-08-30 08:04:26,533 | INFO  | DNAudit | user=null | ip=null | op=WRITE_CHUNK {blockData=conID: 2 locID: 102704890832289807 bcsId: 7} | ret=SUCCESS |  
2019-08-30 08:04:26,537 | INFO  | DNAudit | user=null | ip=null | op=WRITE_CHUNK {blockData=conID: 2 locID: 102704890832289807 bcsId: 7} | ret=SUCCESS |  
2019-08-30 08:04:26,537 | INFO  | DNAudit | user=null | ip=null | op=PUT_BLOCK {blockData=[blockId=conID: 2 locID: 102704890832289807 bcsId: 0,size=450]} | ret=SUCCESS |  
2019-08-30 08:04:26,541 [grpc-default-executor-7] INFO  client.GrpcClientProtocolClient (GrpcClientProtocolClient.java:onNext(255)) - client-C8F4DDC90791->0e927250-a3c1-4323-8ecd-88ceb047c264: receive RaftClientReply:client-C8F4DDC90791->0e927250-a3c1-4323-8ecd-88ceb047c264@group-631FC3E3E722, cid=199, SUCCESS, logIndex=0, commits[0e927250-a3c1-4323-8ecd-88ceb047c264:c15, e5f38b28-009a-4f22-a943-cfa04c7253b1:c14, 290ef2ed-fd58-4a3d-bde6-9b5b13914a39:c14]
2019-08-30 08:04:26,542 [main] INFO  ozone.MiniOzoneClusterImpl (MiniOzoneClusterImpl.java:shutdown(321)) - Shutting down the Mini Ozone Cluster
2019-08-30 08:04:26,542 | INFO  | SCMAudit | user=null | ip=null | op=GET_SCM_INFO null | ret=SUCCESS |  
2019-08-30 08:04:26,542 [main] INFO  ozone.MiniOzoneClusterImpl (MiniOzoneClusterImpl.java:stop(336)) - Stopping the Mini Ozone Cluster
2019-08-30 08:04:26,542 [main] INFO  ozone.MiniOzoneClusterImpl (MiniOzoneClusterImpl.java:stop(338)) - Stopping the OzoneManager
2019-08-30 08:04:26,543 [main] INFO  ipc.Server (Server.java:stop(3082)) - Stopping server on 40434
2019-08-30 08:04:26,551 [IPC Server listener on 40434] INFO  ipc.Server (Server.java:run(1185)) - Stopping IPC Server listener on 40434
2019-08-30 08:04:26,552 [main] INFO  ratis.OzoneManagerDoubleBuffer (OzoneManagerDoubleBuffer.java:stop(248)) - Stopping OMDoubleBuffer flush thread
2019-08-30 08:04:26,555 [IPC Server Responder] INFO  ipc.Server (Server.java:run(1319)) - Stopping IPC Server Responder
2019-08-30 08:04:26,557 | INFO  | DNAudit | user=null | ip=null | op=PUT_BLOCK {blockData=[blockId=conID: 2 locID: 102704890832289807 bcsId: 0,size=450]} | ret=SUCCESS |  
2019-08-30 08:04:26,557 [OMDoubleBufferFlushThread] INFO  ratis.OzoneManagerDoubleBuffer (OzoneManagerDoubleBuffer.java:flushTransactions(191)) - OMDoubleBuffer flush thread OMDoubleBufferFlushThread is interrupted and will exit. OMDoubleBufferFlushThread
2019-08-30 08:04:26,569 [main] INFO  utils.BackgroundService (BackgroundService.java:shutdown(148)) - Shutting down service KeyDeletingService
2019-08-30 08:04:26,570 [main] INFO  handler.ContextHandler (ContextHandler.java:doStop(910)) - Stopped o.e.j.w.WebAppContext@3393aa46{/,null,UNAVAILABLE}{/ozoneManager}
2019-08-30 08:04:26,571 [main] INFO  server.AbstractConnector (AbstractConnector.java:doStop(318)) - Stopped ServerConnector@4f0381cd{HTTP/1.1,[http/1.1]}{0.0.0.0:0}
2019-08-30 08:04:26,571 [main] INFO  handler.ContextHandler (ContextHandler.java:doStop(910)) - Stopped o.e.j.s.ServletContextHandler@452ea8f0{/static,file:///workdir/hadoop-ozone/integration-test/target/test-classes/webapps/static,UNAVAILABLE}
2019-08-30 08:04:26,572 [main] INFO  handler.ContextHandler (ContextHandler.java:doStop(910)) - Stopped o.e.j.s.ServletContextHandler@48900d4a{/logs,file:///workdir/hadoop-ozone/integration-test/target/log,UNAVAILABLE}
2019-08-30 08:04:26,574 [main] INFO  ozone.MiniOzoneClusterImpl (MiniOzoneClusterImpl.java:stop(344)) - Shutting the HddsDatanodes
2019-08-30 08:04:26,574 [main] INFO  datanode.ObjectStoreHandler (ObjectStoreHandler.java:close(155)) - Closing ObjectStoreHandler.
2019-08-30 08:04:26,574 [ForkJoinPool.commonPool-worker-1] INFO  datanode.ObjectStoreHandler (ObjectStoreHandler.java:close(155)) - Closing ObjectStoreHandler.
2019-08-30 08:04:26,575 [main] INFO  ozone.HddsDatanodeService (HddsDatanodeService.java:stop(451)) - Stopped plug-in org.apache.hadoop.ozone.web.OzoneHddsDatanodeService@10cb1b89
2019-08-30 08:04:26,575 [ForkJoinPool.commonPool-worker-1] INFO  ozone.HddsDatanodeService (HddsDatanodeService.java:stop(451)) - Stopped plug-in org.apache.hadoop.ozone.web.OzoneHddsDatanodeService@f53db1a
2019-08-30 08:04:26,690 [Datanode State Machine Thread - 0] INFO  statemachine.DatanodeStateMachine (DatanodeStateMachine.java:lambda$startDaemon$0(350)) - Ozone container server started.
2019-08-30 08:04:26,691 | INFO  | SCMAudit | user=jenkins1000 | ip=192.168.5.184 | op=SEND_HEARTBEAT {datanodeUUID=b02d5434-9006-43db-863d-3b3a4b7891d5, command=[]} | ret=SUCCESS |  
2019-08-30 08:04:27,171 [Datanode State Machine Thread - 0] INFO  statemachine.DatanodeStateMachine (DatanodeStateMachine.java:lambda$startDaemon$0(350)) - Ozone container server started.
2019-08-30 08:04:27,511 | INFO  | SCMAudit | user=jenkins1000 | ip=192.168.5.184 | op=SEND_HEARTBEAT {datanodeUUID=290ef2ed-fd58-4a3d-bde6-9b5b13914a39, command=[]} | ret=SUCCESS |  
2019-08-30 08:04:27,511 | INFO  | SCMAudit | user=jenkins1000 | ip=192.168.5.184 | op=SEND_HEARTBEAT {datanodeUUID=0e927250-a3c1-4323-8ecd-88ceb047c264, command=[]} | ret=SUCCESS |  
2019-08-30 08:04:27,526 | INFO  | SCMAudit | user=jenkins1000 | ip=192.168.5.184 | op=SEND_HEARTBEAT {datanodeUUID=e5f38b28-009a-4f22-a943-cfa04c7253b1, command=[]} | ret=SUCCESS |  
2019-08-30 08:04:27,691 | INFO  | SCMAudit | user=jenkins1000 | ip=192.168.5.184 | op=SEND_HEARTBEAT {datanodeUUID=b02d5434-9006-43db-863d-3b3a4b7891d5, command=[]} | ret=SUCCESS |  
2019-08-30 08:04:28,511 | INFO  | SCMAudit | user=jenkins1000 | ip=192.168.5.184 | op=SEND_HEARTBEAT {datanodeUUID=0e927250-a3c1-4323-8ecd-88ceb047c264, command=[]} | ret=SUCCESS |  
2019-08-30 08:04:28,511 | INFO  | SCMAudit | user=jenkins1000 | ip=192.168.5.184 | op=SEND_HEARTBEAT {datanodeUUID=290ef2ed-fd58-4a3d-bde6-9b5b13914a39, command=[]} | ret=SUCCESS |  
2019-08-30 08:04:28,526 | INFO  | SCMAudit | user=jenkins1000 | ip=192.168.5.184 | op=SEND_HEARTBEAT {datanodeUUID=e5f38b28-009a-4f22-a943-cfa04c7253b1, command=[]} | ret=SUCCESS |  
2019-08-30 08:04:28,691 | INFO  | SCMAudit | user=jenkins1000 | ip=192.168.5.184 | op=SEND_HEARTBEAT {datanodeUUID=b02d5434-9006-43db-863d-3b3a4b7891d5, command=[]} | ret=SUCCESS |  
2019-08-30 08:04:28,952 [grpc-default-executor-1] WARN  server.GrpcLogAppender (LogUtils.java:warn(134)) - 6a7c8852-17d8-4446-bc4c-67410121ad93->54172fe4-c822-464b-9b19-b53f6a732349: Failed appendEntries: org.apache.ratis.thirdparty.io.grpc.StatusRuntimeException: UNAVAILABLE: io exception
2019-08-30 08:04:28,953 [grpc-default-executor-1] INFO  impl.FollowerInfo (FollowerInfo.java:lambda$new$0(50)) - 6a7c8852-17d8-4446-bc4c-67410121ad93->54172fe4-c822-464b-9b19-b53f6a732349: nextIndex: updateUnconditionally 0 -> 0
2019-08-30 08:04:29,511 | INFO  | SCMAudit | user=jenkins1000 | ip=192.168.5.184 | op=SEND_HEARTBEAT {datanodeUUID=0e927250-a3c1-4323-8ecd-88ceb047c264, command=[]} | ret=SUCCESS |  
2019-08-30 08:04:29,511 | INFO  | SCMAudit | user=jenkins1000 | ip=192.168.5.184 | op=SEND_HEARTBEAT {datanodeUUID=290ef2ed-fd58-4a3d-bde6-9b5b13914a39, command=[]} | ret=SUCCESS |  
2019-08-30 08:04:29,526 | INFO  | SCMAudit | user=jenkins1000 | ip=192.168.5.184 | op=SEND_HEARTBEAT {datanodeUUID=e5f38b28-009a-4f22-a943-cfa04c7253b1, command=[]} | ret=SUCCESS |  
2019-08-30 08:04:29,691 | INFO  | SCMAudit | user=jenkins1000 | ip=192.168.5.184 | op=SEND_HEARTBEAT {datanodeUUID=b02d5434-9006-43db-863d-3b3a4b7891d5, command=[]} | ret=SUCCESS |  
2019-08-30 08:04:30,511 | INFO  | SCMAudit | user=jenkins1000 | ip=192.168.5.184 | op=SEND_HEARTBEAT {datanodeUUID=290ef2ed-fd58-4a3d-bde6-9b5b13914a39, command=[]} | ret=SUCCESS |  
2019-08-30 08:04:30,511 | INFO  | SCMAudit | user=jenkins1000 | ip=192.168.5.184 | op=SEND_HEARTBEAT {datanodeUUID=0e927250-a3c1-4323-8ecd-88ceb047c264, command=[]} | ret=SUCCESS |  
2019-08-30 08:04:30,526 | INFO  | SCMAudit | user=jenkins1000 | ip=192.168.5.184 | op=SEND_HEARTBEAT {datanodeUUID=e5f38b28-009a-4f22-a943-cfa04c7253b1, command=[]} | ret=SUCCESS |  
2019-08-30 08:04:30,691 | INFO  | SCMAudit | user=jenkins1000 | ip=192.168.5.184 | op=SEND_HEARTBEAT {datanodeUUID=b02d5434-9006-43db-863d-3b3a4b7891d5, command=[]} | ret=SUCCESS |  
2019-08-30 08:04:30,767 [EventQueue-StaleNodeForStaleNodeHandler] INFO  node.StaleNodeHandler (StaleNodeHandler.java:onMessage(58)) - Datanode 6a7c8852-17d8-4446-bc4c-67410121ad93{ip: 192.168.5.184, host: pr-hdds-1569-g97bt-2511755227, networkLocation: /default-rack, certSerialId: null} moved to stale state. Finalizing its pipelines [PipelineID=79995f7b-84f8-4e37-990c-ecb1b973f66a, PipelineID=ae97209f-a6bd-4238-be2a-2d46fcc2cacd]
2019-08-30 08:04:30,767 [EventQueue-StaleNodeForStaleNodeHandler] INFO  pipeline.SCMPipelineManager (SCMPipelineManager.java:finalizeAndDestroyPipeline(309)) - destroying pipeline:Pipeline[ Id: 79995f7b-84f8-4e37-990c-ecb1b973f66a, Nodes: 6a7c8852-17d8-4446-bc4c-67410121ad93{ip: 192.168.5.184, host: pr-hdds-1569-g97bt-2511755227, networkLocation: /default-rack, certSerialId: null}, Type:RATIS, Factor:ONE, State:OPEN]
2019-08-30 08:04:30,768 [EventQueue-StaleNodeForStaleNodeHandler] INFO  pipeline.PipelineStateManager (PipelineStateManager.java:finalizePipeline(123)) - Pipeline Pipeline[ Id: 79995f7b-84f8-4e37-990c-ecb1b973f66a, Nodes: 6a7c8852-17d8-4446-bc4c-67410121ad93{ip: 192.168.5.184, host: pr-hdds-1569-g97bt-2511755227, networkLocation: /default-rack, certSerialId: null}, Type:RATIS, Factor:ONE, State:CLOSED] moved to CLOSED state
2019-08-30 08:04:30,768 [EventQueue-StaleNodeForStaleNodeHandler] INFO  pipeline.SCMPipelineManager (SCMPipelineManager.java:finalizeAndDestroyPipeline(309)) - destroying pipeline:Pipeline[ Id: ae97209f-a6bd-4238-be2a-2d46fcc2cacd, Nodes: 54172fe4-c822-464b-9b19-b53f6a732349{ip: 192.168.5.184, host: pr-hdds-1569-g97bt-2511755227, networkLocation: /default-rack, certSerialId: null}b02d5434-9006-43db-863d-3b3a4b7891d5{ip: 192.168.5.184, host: pr-hdds-1569-g97bt-2511755227, networkLocation: /default-rack, certSerialId: null}6a7c8852-17d8-4446-bc4c-67410121ad93{ip: 192.168.5.184, host: pr-hdds-1569-g97bt-2511755227, networkLocation: /default-rack, certSerialId: null}, Type:RATIS, Factor:THREE, State:CLOSED]
2019-08-30 08:04:31,268 [EventQueue-StaleNodeForStaleNodeHandler] INFO  node.StaleNodeHandler (StaleNodeHandler.java:onMessage(58)) - Datanode fed6186c-90e1-4c5c-ac3c-62fdedc4e65b{ip: 192.168.5.184, host: pr-hdds-1569-g97bt-2511755227, networkLocation: /default-rack, certSerialId: null} moved to stale state. Finalizing its pipelines [PipelineID=ed290737-6477-472c-98b2-b7a6cec9ef9c]
2019-08-30 08:04:31,268 [EventQueue-StaleNodeForStaleNodeHandler] INFO  pipeline.SCMPipelineManager (SCMPipelineManager.java:finalizeAndDestroyPipeline(309)) - destroying pipeline:Pipeline[ Id: ed290737-6477-472c-98b2-b7a6cec9ef9c, Nodes: fed6186c-90e1-4c5c-ac3c-62fdedc4e65b{ip: 192.168.5.184, host: pr-hdds-1569-g97bt-2511755227, networkLocation: /default-rack, certSerialId: null}, Type:RATIS, Factor:ONE, State:OPEN]
2019-08-30 08:04:31,268 [EventQueue-StaleNodeForStaleNodeHandler] INFO  pipeline.PipelineStateManager (PipelineStateManager.java:finalizePipeline(123)) - Pipeline Pipeline[ Id: ed290737-6477-472c-98b2-b7a6cec9ef9c, Nodes: fed6186c-90e1-4c5c-ac3c-62fdedc4e65b{ip: 192.168.5.184, host: pr-hdds-1569-g97bt-2511755227, networkLocation: /default-rack, certSerialId: null}, Type:RATIS, Factor:ONE, State:CLOSED] moved to CLOSED state
2019-08-30 08:04:31,452 [grpc-default-executor-7] WARN  server.GrpcLogAppender (LogUtils.java:warn(134)) - 6a7c8852-17d8-4446-bc4c-67410121ad93->54172fe4-c822-464b-9b19-b53f6a732349: Failed appendEntries: org.apache.ratis.thirdparty.io.grpc.StatusRuntimeException: UNAVAILABLE: io exception
2019-08-30 08:04:31,453 [grpc-default-executor-7] INFO  impl.FollowerInfo (FollowerInfo.java:lambda$new$0(50)) - 6a7c8852-17d8-4446-bc4c-67410121ad93->54172fe4-c822-464b-9b19-b53f6a732349: nextIndex: updateUnconditionally 0 -> 0
2019-08-30 08:04:31,511 | INFO  | SCMAudit | user=jenkins1000 | ip=192.168.5.184 | op=SEND_HEARTBEAT {datanodeUUID=290ef2ed-fd58-4a3d-bde6-9b5b13914a39, command=[]} | ret=SUCCESS |  
2019-08-30 08:04:31,511 | INFO  | SCMAudit | user=jenkins1000 | ip=192.168.5.184 | op=SEND_HEARTBEAT {datanodeUUID=0e927250-a3c1-4323-8ecd-88ceb047c264, command=[]} | ret=SUCCESS |  
2019-08-30 08:04:31,526 | INFO  | SCMAudit | user=jenkins1000 | ip=192.168.5.184 | op=SEND_HEARTBEAT {datanodeUUID=e5f38b28-009a-4f22-a943-cfa04c7253b1, command=[]} | ret=SUCCESS |  
2019-08-30 08:04:31,576 [ForkJoinPool.commonPool-worker-1] INFO  ozoneimpl.OzoneContainer (OzoneContainer.java:stop(199)) - Attempting to stop container services.
2019-08-30 08:04:31,576 [main] INFO  ozoneimpl.OzoneContainer (OzoneContainer.java:stop(199)) - Attempting to stop container services.
2019-08-30 08:04:31,576 [ForkJoinPool.commonPool-worker-1] INFO  impl.RaftServerProxy (RaftServerProxy.java:lambda$close$4(314)) - 6a7c8852-17d8-4446-bc4c-67410121ad93: close
2019-08-30 08:04:31,577 [main] INFO  impl.RaftServerProxy (RaftServerProxy.java:lambda$close$4(314)) - fed6186c-90e1-4c5c-ac3c-62fdedc4e65b: close
2019-08-30 08:04:31,577 [ForkJoinPool.commonPool-worker-1] INFO  impl.RaftServerImpl (RaftServerImpl.java:lambda$shutdown$3(245)) - 6a7c8852-17d8-4446-bc4c-67410121ad93: shutdown group-ECB1B973F66A
2019-08-30 08:04:31,577 [main] INFO  impl.RaftServerImpl (RaftServerImpl.java:lambda$shutdown$3(245)) - fed6186c-90e1-4c5c-ac3c-62fdedc4e65b: shutdown group-B7A6CEC9EF9C
2019-08-30 08:04:31,578 [ForkJoinPool.commonPool-worker-1] INFO  util.JmxRegister (JmxRegister.java:unregister(73)) - Successfully un-registered JMX Bean with object name Ratis:service=RaftServer,group=group-ECB1B973F66A,id=6a7c8852-17d8-4446-bc4c-67410121ad93
2019-08-30 08:04:31,578 [main] INFO  util.JmxRegister (JmxRegister.java:unregister(73)) - Successfully un-registered JMX Bean with object name Ratis:service=RaftServer,group=group-B7A6CEC9EF9C,id=fed6186c-90e1-4c5c-ac3c-62fdedc4e65b
2019-08-30 08:04:31,579 [ForkJoinPool.commonPool-worker-1] INFO  impl.RoleInfo (RoleInfo.java:shutdownLeaderState(104)) - 6a7c8852-17d8-4446-bc4c-67410121ad93: shutdown LeaderState
2019-08-30 08:04:31,579 [main] INFO  impl.RoleInfo (RoleInfo.java:shutdownLeaderState(104)) - fed6186c-90e1-4c5c-ac3c-62fdedc4e65b: shutdown LeaderState
2019-08-30 08:04:31,579 [ForkJoinPool.commonPool-worker-1] INFO  impl.PendingRequests (PendingRequests.java:sendNotLeaderResponses(202)) - 6a7c8852-17d8-4446-bc4c-67410121ad93-PendingRequests: sendNotLeaderResponses
2019-08-30 08:04:31,580 [main] INFO  impl.PendingRequests (PendingRequests.java:sendNotLeaderResponses(202)) - fed6186c-90e1-4c5c-ac3c-62fdedc4e65b-PendingRequests: sendNotLeaderResponses
2019-08-30 08:04:31,580 [ForkJoinPool.commonPool-worker-1] INFO  impl.StateMachineUpdater (StateMachineUpdater.java:stopAndJoin(115)) - StateMachineUpdater:6a7c8852-17d8-4446-bc4c-67410121ad93:group-ECB1B973F66A: set stopIndex = 0
2019-08-30 08:04:31,581 [main] INFO  impl.StateMachineUpdater (StateMachineUpdater.java:stopAndJoin(115)) - StateMachineUpdater:fed6186c-90e1-4c5c-ac3c-62fdedc4e65b:group-B7A6CEC9EF9C: set stopIndex = 0
2019-08-30 08:04:31,581 [ForkJoinPool.commonPool-worker-1] INFO  impl.RaftServerImpl (ServerState.java:close(394)) - 6a7c8852-17d8-4446-bc4c-67410121ad93:group-ECB1B973F66A closes. The last applied log index is 0
2019-08-30 08:04:31,581 [main] INFO  impl.RaftServerImpl (ServerState.java:close(394)) - fed6186c-90e1-4c5c-ac3c-62fdedc4e65b:group-B7A6CEC9EF9C closes. The last applied log index is 0
2019-08-30 08:04:31,582 [6a7c8852-17d8-4446-bc4c-67410121ad93-SegmentedRaftLogWorker:Storage Directory /workdir/hadoop-ozone/integration-test/target/test-dir/MiniOzoneClusterImpl-0a678d0b-345d-45b6-820b-f96c3cc761ae/datanode-1/data/ratis/79995f7b-84f8-4e37-990c-ecb1b973f66a] INFO  segmented.SegmentedRaftLogWorker (SegmentedRaftLogWorker.java:run(313)) - 6a7c8852-17d8-4446-bc4c-67410121ad93-SegmentedRaftLogWorker:Storage Directory /workdir/hadoop-ozone/integration-test/target/test-dir/MiniOzoneClusterImpl-0a678d0b-345d-45b6-820b-f96c3cc761ae/datanode-1/data/ratis/79995f7b-84f8-4e37-990c-ecb1b973f66a was interrupted, exiting. There are 0 tasks remaining in the queue.
2019-08-30 08:04:31,582 [fed6186c-90e1-4c5c-ac3c-62fdedc4e65b-SegmentedRaftLogWorker:Storage Directory /workdir/hadoop-ozone/integration-test/target/test-dir/MiniOzoneClusterImpl-0a678d0b-345d-45b6-820b-f96c3cc761ae/datanode-4/data/ratis/ed290737-6477-472c-98b2-b7a6cec9ef9c] INFO  segmented.SegmentedRaftLogWorker (SegmentedRaftLogWorker.java:run(313)) - fed6186c-90e1-4c5c-ac3c-62fdedc4e65b-SegmentedRaftLogWorker:Storage Directory /workdir/hadoop-ozone/integration-test/target/test-dir/MiniOzoneClusterImpl-0a678d0b-345d-45b6-820b-f96c3cc761ae/datanode-4/data/ratis/ed290737-6477-472c-98b2-b7a6cec9ef9c was interrupted, exiting. There are 0 tasks remaining in the queue.
2019-08-30 08:04:31,586 [ForkJoinPool.commonPool-worker-1] INFO  segmented.SegmentedRaftLogWorker (SegmentedRaftLogWorker.java:close(228)) - 6a7c8852-17d8-4446-bc4c-67410121ad93-SegmentedRaftLogWorker:Storage Directory /workdir/hadoop-ozone/integration-test/target/test-dir/MiniOzoneClusterImpl-0a678d0b-345d-45b6-820b-f96c3cc761ae/datanode-1/data/ratis/79995f7b-84f8-4e37-990c-ecb1b973f66a close()
2019-08-30 08:04:31,591 [ForkJoinPool.commonPool-worker-1] INFO  impl.RaftServerImpl (RaftServerImpl.java:lambda$shutdown$3(245)) - 6a7c8852-17d8-4446-bc4c-67410121ad93: shutdown group-2D46FCC2CACD
2019-08-30 08:04:31,591 [main] INFO  segmented.SegmentedRaftLogWorker (SegmentedRaftLogWorker.java:close(228)) - fed6186c-90e1-4c5c-ac3c-62fdedc4e65b-SegmentedRaftLogWorker:Storage Directory /workdir/hadoop-ozone/integration-test/target/test-dir/MiniOzoneClusterImpl-0a678d0b-345d-45b6-820b-f96c3cc761ae/datanode-4/data/ratis/ed290737-6477-472c-98b2-b7a6cec9ef9c close()
2019-08-30 08:04:31,592 [ForkJoinPool.commonPool-worker-1] INFO  util.JmxRegister (JmxRegister.java:unregister(73)) - Successfully un-registered JMX Bean with object name Ratis:service=RaftServer,group=group-2D46FCC2CACD,id=6a7c8852-17d8-4446-bc4c-67410121ad93
2019-08-30 08:04:31,596 [main] INFO  server.GrpcService (GrpcService.java:closeImpl(155)) - fed6186c-90e1-4c5c-ac3c-62fdedc4e65b: shutdown server with port 34114 now
2019-08-30 08:04:31,596 [ForkJoinPool.commonPool-worker-1] INFO  impl.RoleInfo (RoleInfo.java:shutdownLeaderState(104)) - 6a7c8852-17d8-4446-bc4c-67410121ad93: shutdown LeaderState
2019-08-30 08:04:31,610 [main] INFO  server.GrpcService (GrpcService.java:closeImpl(163)) - fed6186c-90e1-4c5c-ac3c-62fdedc4e65b: shutdown server with port 34114 successfully
2019-08-30 08:04:31,613 [org.apache.ratis.server.impl.LogAppender$AppenderDaemon$$Lambda$498/357954730@627cbb77] WARN  server.GrpcLogAppender (GrpcLogAppender.java:mayWait(143)) - GrpcLogAppender(6a7c8852-17d8-4446-bc4c-67410121ad93->54172fe4-c822-464b-9b19-b53f6a732349): Wait interrupted by java.lang.InterruptedException
2019-08-30 08:04:31,613 [org.apache.ratis.server.impl.LogAppender$AppenderDaemon$$Lambda$498/357954730@eea9eea] WARN  server.GrpcLogAppender (GrpcLogAppender.java:mayWait(143)) - GrpcLogAppender(6a7c8852-17d8-4446-bc4c-67410121ad93->b02d5434-9006-43db-863d-3b3a4b7891d5): Wait interrupted by java.lang.InterruptedException
2019-08-30 08:04:31,613 [ForkJoinPool.commonPool-worker-1] INFO  impl.PendingRequests (PendingRequests.java:sendNotLeaderResponses(202)) - 6a7c8852-17d8-4446-bc4c-67410121ad93-PendingRequests: sendNotLeaderResponses
2019-08-30 08:04:31,614 [grpc-default-executor-7] INFO  server.GrpcServerProtocolService (GrpcServerProtocolService.java:onCompleted(104)) - b02d5434-9006-43db-863d-3b3a4b7891d5: appendEntries completed
2019-08-30 08:04:31,615 [ForkJoinPool.commonPool-worker-1] INFO  impl.StateMachineUpdater (StateMachineUpdater.java:stopAndJoin(115)) - StateMachineUpdater:6a7c8852-17d8-4446-bc4c-67410121ad93:group-2D46FCC2CACD: set stopIndex = 18
2019-08-30 08:04:31,615 [main] INFO  utils.BackgroundService (BackgroundService.java:shutdown(148)) - Shutting down service BlockDeletingService
2019-08-30 08:04:31,615 [StateMachineUpdater:6a7c8852-17d8-4446-bc4c-67410121ad93:group-2D46FCC2CACD] INFO  ratis.ContainerStateMachine (ContainerStateMachine.java:takeSnapshot(283)) - group-2D46FCC2CACD: Taking a snapshot at:(t:2, i:14) file /workdir/hadoop-ozone/integration-test/target/test-dir/MiniOzoneClusterImpl-0a678d0b-345d-45b6-820b-f96c3cc761ae/datanode-1/data/ratis/ae97209f-a6bd-4238-be2a-2d46fcc2cacd/sm/snapshot.2_14
2019-08-30 08:04:31,615 [grpc-default-executor-7] INFO  server.GrpcLogAppender (GrpcLogAppender.java:onCompleted(292)) - 6a7c8852-17d8-4446-bc4c-67410121ad93->b02d5434-9006-43db-863d-3b3a4b7891d5: follower responses appendEntries COMPLETED
2019-08-30 08:04:31,616 [grpc-default-executor-7] INFO  impl.FollowerInfo (FollowerInfo.java:lambda$new$0(50)) - 6a7c8852-17d8-4446-bc4c-67410121ad93->b02d5434-9006-43db-863d-3b3a4b7891d5: nextIndex: updateUnconditionally 19 -> 18
2019-08-30 08:04:31,617 [refreshUsed-/workdir/hadoop-ozone/integration-test/target/test-dir/MiniOzoneClusterImpl-0a678d0b-345d-45b6-820b-f96c3cc761ae/datanode-4/data/containers] WARN  fs.CachingGetSpaceUsed (CachingGetSpaceUsed.java:run(183)) - Thread Interrupted waiting to refresh disk information: sleep interrupted
2019-08-30 08:04:31,638 [main] INFO  statemachine.DatanodeStateMachine (DatanodeStateMachine.java:stopDaemon(395)) - Ozone container server stopped.
2019-08-30 08:04:31,639 [main] INFO  handler.ContextHandler (ContextHandler.java:doStop(910)) - Stopped o.e.j.w.WebAppContext@5f1d270a{/,null,UNAVAILABLE}{/hddsDatanode}
2019-08-30 08:04:31,639 [main] INFO  server.AbstractConnector (AbstractConnector.java:doStop(318)) - Stopped ServerConnector@7d14efc{HTTP/1.1,[http/1.1]}{0.0.0.0:0}
2019-08-30 08:04:31,640 [main] INFO  handler.ContextHandler (ContextHandler.java:doStop(910)) - Stopped o.e.j.s.ServletContextHandler@19984625{/static,jar:file:/home/user/.m2/repository/org/apache/hadoop/hadoop-hdds-container-service/0.5.0-SNAPSHOT/hadoop-hdds-container-service-0.5.0-SNAPSHOT.jar!/webapps/static,UNAVAILABLE}
2019-08-30 08:04:31,640 [main] INFO  handler.ContextHandler (ContextHandler.java:doStop(910)) - Stopped o.e.j.s.ServletContextHandler@6872201{/logs,file:///workdir/hadoop-ozone/integration-test/target/log,UNAVAILABLE}
2019-08-30 08:04:31,641 [main] INFO  datanode.ObjectStoreHandler (ObjectStoreHandler.java:close(155)) - Closing ObjectStoreHandler.
2019-08-30 08:04:31,642 [main] INFO  ozone.HddsDatanodeService (HddsDatanodeService.java:stop(451)) - Stopped plug-in org.apache.hadoop.ozone.web.OzoneHddsDatanodeService@670199c5
2019-08-30 08:04:31,649 [StateMachineUpdater:6a7c8852-17d8-4446-bc4c-67410121ad93:group-2D46FCC2CACD] INFO  ratis.ContainerStateMachine (ContainerStateMachine.java:takeSnapshot(294)) - group-2D46FCC2CACD: Finished taking a snapshot at:(t:2, i:14) file:/workdir/hadoop-ozone/integration-test/target/test-dir/MiniOzoneClusterImpl-0a678d0b-345d-45b6-820b-f96c3cc761ae/datanode-1/data/ratis/ae97209f-a6bd-4238-be2a-2d46fcc2cacd/sm/snapshot.2_14 time:35
2019-08-30 08:04:31,650 [StateMachineUpdater:6a7c8852-17d8-4446-bc4c-67410121ad93:group-2D46FCC2CACD] INFO  impl.StateMachineUpdater (StateMachineUpdater.java:takeSnapshot(242)) - StateMachineUpdater:6a7c8852-17d8-4446-bc4c-67410121ad93:group-2D46FCC2CACD: Took a snapshot at index 14
2019-08-30 08:04:31,650 [StateMachineUpdater:6a7c8852-17d8-4446-bc4c-67410121ad93:group-2D46FCC2CACD] INFO  impl.StateMachineUpdater (StateMachineUpdater.java:lambda$new$0(80)) - StateMachineUpdater:6a7c8852-17d8-4446-bc4c-67410121ad93:group-2D46FCC2CACD: snapshotIndex: updateIncreasingly -1 -> 14
2019-08-30 08:04:31,650 [ForkJoinPool.commonPool-worker-1] INFO  impl.RaftServerImpl (ServerState.java:close(394)) - 6a7c8852-17d8-4446-bc4c-67410121ad93:group-2D46FCC2CACD closes. The last applied log index is 18
2019-08-30 08:04:31,651 [6a7c8852-17d8-4446-bc4c-67410121ad93-SegmentedRaftLogWorker:Storage Directory /workdir/hadoop-ozone/integration-test/target/test-dir/MiniOzoneClusterImpl-0a678d0b-345d-45b6-820b-f96c3cc761ae/datanode-1/data/ratis/ae97209f-a6bd-4238-be2a-2d46fcc2cacd] INFO  segmented.SegmentedRaftLogWorker (SegmentedRaftLogWorker.java:run(313)) - 6a7c8852-17d8-4446-bc4c-67410121ad93-SegmentedRaftLogWorker:Storage Directory /workdir/hadoop-ozone/integration-test/target/test-dir/MiniOzoneClusterImpl-0a678d0b-345d-45b6-820b-f96c3cc761ae/datanode-1/data/ratis/ae97209f-a6bd-4238-be2a-2d46fcc2cacd was interrupted, exiting. There are 0 tasks remaining in the queue.
2019-08-30 08:04:31,653 [ForkJoinPool.commonPool-worker-1] INFO  segmented.SegmentedRaftLogWorker (SegmentedRaftLogWorker.java:close(228)) - 6a7c8852-17d8-4446-bc4c-67410121ad93-SegmentedRaftLogWorker:Storage Directory /workdir/hadoop-ozone/integration-test/target/test-dir/MiniOzoneClusterImpl-0a678d0b-345d-45b6-820b-f96c3cc761ae/datanode-1/data/ratis/ae97209f-a6bd-4238-be2a-2d46fcc2cacd close()
2019-08-30 08:04:31,656 [ForkJoinPool.commonPool-worker-1] INFO  server.GrpcService (GrpcService.java:closeImpl(155)) - 6a7c8852-17d8-4446-bc4c-67410121ad93: shutdown server with port 42040 now
2019-08-30 08:04:31,656 [ForkJoinPool.commonPool-worker-1] INFO  server.GrpcService (GrpcService.java:closeImpl(163)) - 6a7c8852-17d8-4446-bc4c-67410121ad93: shutdown server with port 42040 successfully
2019-08-30 08:04:31,658 [ForkJoinPool.commonPool-worker-1] INFO  utils.BackgroundService (BackgroundService.java:shutdown(148)) - Shutting down service BlockDeletingService
2019-08-30 08:04:31,660 [refreshUsed-/workdir/hadoop-ozone/integration-test/target/test-dir/MiniOzoneClusterImpl-0a678d0b-345d-45b6-820b-f96c3cc761ae/datanode-1/data/containers] WARN  fs.CachingGetSpaceUsed (CachingGetSpaceUsed.java:run(183)) - Thread Interrupted waiting to refresh disk information: sleep interrupted
2019-08-30 08:04:31,676 [ForkJoinPool.commonPool-worker-1] INFO  statemachine.DatanodeStateMachine (DatanodeStateMachine.java:stopDaemon(395)) - Ozone container server stopped.
2019-08-30 08:04:31,680 [ForkJoinPool.commonPool-worker-1] INFO  handler.ContextHandler (ContextHandler.java:doStop(910)) - Stopped o.e.j.w.WebAppContext@59456e1{/,null,UNAVAILABLE}{/hddsDatanode}
2019-08-30 08:04:31,681 [ForkJoinPool.commonPool-worker-1] INFO  server.AbstractConnector (AbstractConnector.java:doStop(318)) - Stopped ServerConnector@7a8dbbf1{HTTP/1.1,[http/1.1]}{0.0.0.0:0}
2019-08-30 08:04:31,682 [ForkJoinPool.commonPool-worker-1] INFO  handler.ContextHandler (ContextHandler.java:doStop(910)) - Stopped o.e.j.s.ServletContextHandler@3c5d183{/static,jar:file:/home/user/.m2/repository/org/apache/hadoop/hadoop-hdds-container-service/0.5.0-SNAPSHOT/hadoop-hdds-container-service-0.5.0-SNAPSHOT.jar!/webapps/static,UNAVAILABLE}
2019-08-30 08:04:31,683 [ForkJoinPool.commonPool-worker-1] INFO  handler.ContextHandler (ContextHandler.java:doStop(910)) - Stopped o.e.j.s.ServletContextHandler@77a13162{/logs,file:///workdir/hadoop-ozone/integration-test/target/log,UNAVAILABLE}
2019-08-30 08:04:31,684 [ForkJoinPool.commonPool-worker-1] INFO  datanode.ObjectStoreHandler (ObjectStoreHandler.java:close(155)) - Closing ObjectStoreHandler.
2019-08-30 08:04:31,684 [ForkJoinPool.commonPool-worker-1] INFO  ozone.HddsDatanodeService (HddsDatanodeService.java:stop(451)) - Stopped plug-in org.apache.hadoop.ozone.web.OzoneHddsDatanodeService@7ca0aa55
2019-08-30 08:04:31,691 [Datanode State Machine Thread - 0] INFO  statemachine.DatanodeStateMachine (DatanodeStateMachine.java:lambda$startDaemon$0(350)) - Ozone container server started.
2019-08-30 08:04:32,511 [Datanode State Machine Thread - 0] INFO  statemachine.DatanodeStateMachine (DatanodeStateMachine.java:lambda$startDaemon$0(350)) - Ozone container server started.
2019-08-30 08:04:32,513 | INFO  | SCMAudit | user=jenkins1000 | ip=192.168.5.184 | op=SEND_HEARTBEAT {datanodeUUID=290ef2ed-fd58-4a3d-bde6-9b5b13914a39, command=[]} | ret=SUCCESS |  
2019-08-30 08:04:32,526 | INFO  | SCMAudit | user=jenkins1000 | ip=192.168.5.184 | op=SEND_HEARTBEAT {datanodeUUID=e5f38b28-009a-4f22-a943-cfa04c7253b1, command=[]} | ret=SUCCESS |  
2019-08-30 08:04:33,513 | INFO  | SCMAudit | user=jenkins1000 | ip=192.168.5.184 | op=SEND_HEARTBEAT {datanodeUUID=290ef2ed-fd58-4a3d-bde6-9b5b13914a39, command=[]} | ret=SUCCESS |  
2019-08-30 08:04:33,526 | INFO  | SCMAudit | user=jenkins1000 | ip=192.168.5.184 | op=SEND_HEARTBEAT {datanodeUUID=e5f38b28-009a-4f22-a943-cfa04c7253b1, command=[]} | ret=SUCCESS |  
2019-08-30 08:04:34,513 | INFO  | SCMAudit | user=jenkins1000 | ip=192.168.5.184 | op=SEND_HEARTBEAT {datanodeUUID=290ef2ed-fd58-4a3d-bde6-9b5b13914a39, command=[]} | ret=SUCCESS |  
2019-08-30 08:04:34,526 | INFO  | SCMAudit | user=jenkins1000 | ip=192.168.5.184 | op=SEND_HEARTBEAT {datanodeUUID=e5f38b28-009a-4f22-a943-cfa04c7253b1, command=[]} | ret=SUCCESS |  
2019-08-30 08:04:35,513 | INFO  | SCMAudit | user=jenkins1000 | ip=192.168.5.184 | op=SEND_HEARTBEAT {datanodeUUID=290ef2ed-fd58-4a3d-bde6-9b5b13914a39, command=[]} | ret=SUCCESS |  
2019-08-30 08:04:35,526 | INFO  | SCMAudit | user=jenkins1000 | ip=192.168.5.184 | op=SEND_HEARTBEAT {datanodeUUID=e5f38b28-009a-4f22-a943-cfa04c7253b1, command=[]} | ret=SUCCESS |  
2019-08-30 08:04:35,774 [EventQueue-StaleNodeForStaleNodeHandler] INFO  node.StaleNodeHandler (StaleNodeHandler.java:onMessage(58)) - Datanode b02d5434-9006-43db-863d-3b3a4b7891d5{ip: 192.168.5.184, host: pr-hdds-1569-g97bt-2511755227, networkLocation: /default-rack, certSerialId: null} moved to stale state. Finalizing its pipelines [PipelineID=17f07c0f-873c-4665-b72d-711c01f41c82, PipelineID=ae97209f-a6bd-4238-be2a-2d46fcc2cacd]
2019-08-30 08:04:35,774 [EventQueue-StaleNodeForStaleNodeHandler] INFO  pipeline.SCMPipelineManager (SCMPipelineManager.java:finalizeAndDestroyPipeline(309)) - destroying pipeline:Pipeline[ Id: 17f07c0f-873c-4665-b72d-711c01f41c82, Nodes: b02d5434-9006-43db-863d-3b3a4b7891d5{ip: 192.168.5.184, host: pr-hdds-1569-g97bt-2511755227, networkLocation: /default-rack, certSerialId: null}, Type:RATIS, Factor:ONE, State:OPEN]
2019-08-30 08:04:35,774 [EventQueue-StaleNodeForStaleNodeHandler] INFO  pipeline.PipelineStateManager (PipelineStateManager.java:finalizePipeline(123)) - Pipeline Pipeline[ Id: 17f07c0f-873c-4665-b72d-711c01f41c82, Nodes: b02d5434-9006-43db-863d-3b3a4b7891d5{ip: 192.168.5.184, host: pr-hdds-1569-g97bt-2511755227, networkLocation: /default-rack, certSerialId: null}, Type:RATIS, Factor:ONE, State:CLOSED] moved to CLOSED state
2019-08-30 08:04:35,775 [EventQueue-StaleNodeForStaleNodeHandler] INFO  pipeline.SCMPipelineManager (SCMPipelineManager.java:finalizeAndDestroyPipeline(309)) - destroying pipeline:Pipeline[ Id: ae97209f-a6bd-4238-be2a-2d46fcc2cacd, Nodes: 54172fe4-c822-464b-9b19-b53f6a732349{ip: 192.168.5.184, host: pr-hdds-1569-g97bt-2511755227, networkLocation: /default-rack, certSerialId: null}b02d5434-9006-43db-863d-3b3a4b7891d5{ip: 192.168.5.184, host: pr-hdds-1569-g97bt-2511755227, networkLocation: /default-rack, certSerialId: null}6a7c8852-17d8-4446-bc4c-67410121ad93{ip: 192.168.5.184, host: pr-hdds-1569-g97bt-2511755227, networkLocation: /default-rack, certSerialId: null}, Type:RATIS, Factor:THREE, State:CLOSED]
2019-08-30 08:04:36,513 | INFO  | SCMAudit | user=jenkins1000 | ip=192.168.5.184 | op=SEND_HEARTBEAT {datanodeUUID=290ef2ed-fd58-4a3d-bde6-9b5b13914a39, command=[]} | ret=SUCCESS |  
2019-08-30 08:04:36,526 | INFO  | SCMAudit | user=jenkins1000 | ip=192.168.5.184 | op=SEND_HEARTBEAT {datanodeUUID=e5f38b28-009a-4f22-a943-cfa04c7253b1, command=[]} | ret=SUCCESS |  
2019-08-30 08:04:36,575 [EventQueue-StaleNodeForStaleNodeHandler] INFO  node.StaleNodeHandler (StaleNodeHandler.java:onMessage(58)) - Datanode 0e927250-a3c1-4323-8ecd-88ceb047c264{ip: 192.168.5.184, host: pr-hdds-1569-g97bt-2511755227, networkLocation: /default-rack, certSerialId: null} moved to stale state. Finalizing its pipelines [PipelineID=07d2c92b-3de2-46c0-8500-631fc3e3e722, PipelineID=b643a610-fd7f-4668-98d9-56061d4a29ee]
2019-08-30 08:04:36,575 [EventQueue-StaleNodeForStaleNodeHandler] INFO  pipeline.SCMPipelineManager (SCMPipelineManager.java:finalizeAndDestroyPipeline(309)) - destroying pipeline:Pipeline[ Id: 07d2c92b-3de2-46c0-8500-631fc3e3e722, Nodes: 0e927250-a3c1-4323-8ecd-88ceb047c264{ip: 192.168.5.184, host: pr-hdds-1569-g97bt-2511755227, networkLocation: /default-rack, certSerialId: null}e5f38b28-009a-4f22-a943-cfa04c7253b1{ip: 192.168.5.184, host: pr-hdds-1569-g97bt-2511755227, networkLocation: /default-rack, certSerialId: null}290ef2ed-fd58-4a3d-bde6-9b5b13914a39{ip: 192.168.5.184, host: pr-hdds-1569-g97bt-2511755227, networkLocation: /default-rack, certSerialId: null}, Type:RATIS, Factor:THREE, State:OPEN]
2019-08-30 08:04:36,575 [EventQueue-StaleNodeForStaleNodeHandler] INFO  pipeline.PipelineStateManager (PipelineStateManager.java:finalizePipeline(123)) - Pipeline Pipeline[ Id: 07d2c92b-3de2-46c0-8500-631fc3e3e722, Nodes: 0e927250-a3c1-4323-8ecd-88ceb047c264{ip: 192.168.5.184, host: pr-hdds-1569-g97bt-2511755227, networkLocation: /default-rack, certSerialId: null}e5f38b28-009a-4f22-a943-cfa04c7253b1{ip: 192.168.5.184, host: pr-hdds-1569-g97bt-2511755227, networkLocation: /default-rack, certSerialId: null}290ef2ed-fd58-4a3d-bde6-9b5b13914a39{ip: 192.168.5.184, host: pr-hdds-1569-g97bt-2511755227, networkLocation: /default-rack, certSerialId: null}, Type:RATIS, Factor:THREE, State:CLOSED] moved to CLOSED state
2019-08-30 08:04:36,576 [EventQueue-CloseContainerForCloseContainerEventHandler] INFO  container.CloseContainerEventHandler (CloseContainerEventHandler.java:onMessage(61)) - Close container Event triggered for container : #2
2019-08-30 08:04:36,576 [EventQueue-StaleNodeForStaleNodeHandler] INFO  pipeline.SCMPipelineManager (SCMPipelineManager.java:finalizeAndDestroyPipeline(309)) - destroying pipeline:Pipeline[ Id: b643a610-fd7f-4668-98d9-56061d4a29ee, Nodes: 0e927250-a3c1-4323-8ecd-88ceb047c264{ip: 192.168.5.184, host: pr-hdds-1569-g97bt-2511755227, networkLocation: /default-rack, certSerialId: null}, Type:RATIS, Factor:ONE, State:OPEN]
2019-08-30 08:04:36,576 [EventQueue-StaleNodeForStaleNodeHandler] INFO  pipeline.PipelineStateManager (PipelineStateManager.java:finalizePipeline(123)) - Pipeline Pipeline[ Id: b643a610-fd7f-4668-98d9-56061d4a29ee, Nodes: 0e927250-a3c1-4323-8ecd-88ceb047c264{ip: 192.168.5.184, host: pr-hdds-1569-g97bt-2511755227, networkLocation: /default-rack, certSerialId: null}, Type:RATIS, Factor:ONE, State:CLOSED] moved to CLOSED state
2019-08-30 08:04:36,642 [main] INFO  ozoneimpl.OzoneContainer (OzoneContainer.java:stop(199)) - Attempting to stop container services.
2019-08-30 08:04:36,643 [main] INFO  impl.RaftServerProxy (RaftServerProxy.java:lambda$close$4(314)) - 0e927250-a3c1-4323-8ecd-88ceb047c264: close
2019-08-30 08:04:36,644 [main] INFO  impl.RaftServerImpl (RaftServerImpl.java:lambda$shutdown$3(245)) - 0e927250-a3c1-4323-8ecd-88ceb047c264: shutdown group-631FC3E3E722
2019-08-30 08:04:36,644 [main] INFO  util.JmxRegister (JmxRegister.java:unregister(73)) - Successfully un-registered JMX Bean with object name Ratis:service=RaftServer,group=group-631FC3E3E722,id=0e927250-a3c1-4323-8ecd-88ceb047c264
2019-08-30 08:04:36,644 [main] INFO  impl.RoleInfo (RoleInfo.java:shutdownLeaderState(104)) - 0e927250-a3c1-4323-8ecd-88ceb047c264: shutdown LeaderState
2019-08-30 08:04:36,648 [org.apache.ratis.server.impl.LogAppender$AppenderDaemon$$Lambda$498/357954730@58e32ec0] WARN  server.GrpcLogAppender (GrpcLogAppender.java:mayWait(143)) - GrpcLogAppender(0e927250-a3c1-4323-8ecd-88ceb047c264->e5f38b28-009a-4f22-a943-cfa04c7253b1): Wait interrupted by java.lang.InterruptedException
2019-08-30 08:04:36,648 [main] INFO  impl.PendingRequests (PendingRequests.java:sendNotLeaderResponses(202)) - 0e927250-a3c1-4323-8ecd-88ceb047c264-PendingRequests: sendNotLeaderResponses
2019-08-30 08:04:36,648 [org.apache.ratis.server.impl.LogAppender$AppenderDaemon$$Lambda$498/357954730@1de1abb8] WARN  server.GrpcLogAppender (GrpcLogAppender.java:mayWait(143)) - GrpcLogAppender(0e927250-a3c1-4323-8ecd-88ceb047c264->290ef2ed-fd58-4a3d-bde6-9b5b13914a39): Wait interrupted by java.lang.InterruptedException
2019-08-30 08:04:36,648 [grpc-default-executor-1] INFO  server.GrpcServerProtocolService (GrpcServerProtocolService.java:onCompleted(104)) - e5f38b28-009a-4f22-a943-cfa04c7253b1: appendEntries completed
2019-08-30 08:04:36,651 [StateMachineUpdater:0e927250-a3c1-4323-8ecd-88ceb047c264:group-631FC3E3E722] INFO  ratis.ContainerStateMachine (ContainerStateMachine.java:takeSnapshot(283)) - group-631FC3E3E722: Taking a snapshot at:(t:1, i:14) file /workdir/hadoop-ozone/integration-test/target/test-dir/MiniOzoneClusterImpl-0a678d0b-345d-45b6-820b-f96c3cc761ae/datanode-3/data/ratis/07d2c92b-3de2-46c0-8500-631fc3e3e722/sm/snapshot.1_14
2019-08-30 08:04:36,651 [main] INFO  impl.StateMachineUpdater (StateMachineUpdater.java:stopAndJoin(115)) - StateMachineUpdater:0e927250-a3c1-4323-8ecd-88ceb047c264:group-631FC3E3E722: set stopIndex = 15
2019-08-30 08:04:36,651 [grpc-default-executor-1] INFO  server.GrpcLogAppender (GrpcLogAppender.java:onCompleted(292)) - 0e927250-a3c1-4323-8ecd-88ceb047c264->e5f38b28-009a-4f22-a943-cfa04c7253b1: follower responses appendEntries COMPLETED
2019-08-30 08:04:36,651 [grpc-default-executor-7] INFO  server.GrpcServerProtocolService (GrpcServerProtocolService.java:onCompleted(104)) - 290ef2ed-fd58-4a3d-bde6-9b5b13914a39: appendEntries completed
2019-08-30 08:04:36,652 [grpc-default-executor-1] INFO  impl.FollowerInfo (FollowerInfo.java:lambda$new$0(50)) - 0e927250-a3c1-4323-8ecd-88ceb047c264->e5f38b28-009a-4f22-a943-cfa04c7253b1: nextIndex: updateUnconditionally 16 -> 15
2019-08-30 08:04:36,653 [grpc-default-executor-1] INFO  server.GrpcLogAppender (GrpcLogAppender.java:onCompleted(292)) - 0e927250-a3c1-4323-8ecd-88ceb047c264->290ef2ed-fd58-4a3d-bde6-9b5b13914a39: follower responses appendEntries COMPLETED
2019-08-30 08:04:36,653 [grpc-default-executor-1] INFO  impl.FollowerInfo (FollowerInfo.java:lambda$new$0(50)) - 0e927250-a3c1-4323-8ecd-88ceb047c264->290ef2ed-fd58-4a3d-bde6-9b5b13914a39: nextIndex: updateUnconditionally 16 -> 15
2019-08-30 08:04:36,685 [ForkJoinPool.commonPool-worker-1] INFO  ozoneimpl.OzoneContainer (OzoneContainer.java:stop(199)) - Attempting to stop container services.
2019-08-30 08:04:36,685 [ForkJoinPool.commonPool-worker-1] INFO  impl.RaftServerProxy (RaftServerProxy.java:lambda$close$4(314)) - b02d5434-9006-43db-863d-3b3a4b7891d5: close
2019-08-30 08:04:36,685 [ForkJoinPool.commonPool-worker-1] INFO  impl.RaftServerImpl (RaftServerImpl.java:lambda$shutdown$3(245)) - b02d5434-9006-43db-863d-3b3a4b7891d5: shutdown group-711C01F41C82
2019-08-30 08:04:36,686 [ForkJoinPool.commonPool-worker-1] INFO  util.JmxRegister (JmxRegister.java:unregister(73)) - Successfully un-registered JMX Bean with object name Ratis:service=RaftServer,group=group-711C01F41C82,id=b02d5434-9006-43db-863d-3b3a4b7891d5
2019-08-30 08:04:36,686 [ForkJoinPool.commonPool-worker-1] INFO  impl.RoleInfo (RoleInfo.java:shutdownLeaderState(104)) - b02d5434-9006-43db-863d-3b3a4b7891d5: shutdown LeaderState
2019-08-30 08:04:36,686 [ForkJoinPool.commonPool-worker-1] INFO  impl.PendingRequests (PendingRequests.java:sendNotLeaderResponses(202)) - b02d5434-9006-43db-863d-3b3a4b7891d5-PendingRequests: sendNotLeaderResponses
2019-08-30 08:04:36,686 [ForkJoinPool.commonPool-worker-1] INFO  impl.StateMachineUpdater (StateMachineUpdater.java:stopAndJoin(115)) - StateMachineUpdater:b02d5434-9006-43db-863d-3b3a4b7891d5:group-711C01F41C82: set stopIndex = 0
2019-08-30 08:04:36,686 [ForkJoinPool.commonPool-worker-1] INFO  impl.RaftServerImpl (ServerState.java:close(394)) - b02d5434-9006-43db-863d-3b3a4b7891d5:group-711C01F41C82 closes. The last applied log index is 0
2019-08-30 08:04:36,687 [b02d5434-9006-43db-863d-3b3a4b7891d5-SegmentedRaftLogWorker:Storage Directory /workdir/hadoop-ozone/integration-test/target/test-dir/MiniOzoneClusterImpl-0a678d0b-345d-45b6-820b-f96c3cc761ae/datanode-0/data/ratis/17f07c0f-873c-4665-b72d-711c01f41c82] INFO  segmented.SegmentedRaftLogWorker (SegmentedRaftLogWorker.java:run(313)) - b02d5434-9006-43db-863d-3b3a4b7891d5-SegmentedRaftLogWorker:Storage Directory /workdir/hadoop-ozone/integration-test/target/test-dir/MiniOzoneClusterImpl-0a678d0b-345d-45b6-820b-f96c3cc761ae/datanode-0/data/ratis/17f07c0f-873c-4665-b72d-711c01f41c82 was interrupted, exiting. There are 0 tasks remaining in the queue.
2019-08-30 08:04:36,689 [ForkJoinPool.commonPool-worker-1] INFO  segmented.SegmentedRaftLogWorker (SegmentedRaftLogWorker.java:close(228)) - b02d5434-9006-43db-863d-3b3a4b7891d5-SegmentedRaftLogWorker:Storage Directory /workdir/hadoop-ozone/integration-test/target/test-dir/MiniOzoneClusterImpl-0a678d0b-345d-45b6-820b-f96c3cc761ae/datanode-0/data/ratis/17f07c0f-873c-4665-b72d-711c01f41c82 close()
2019-08-30 08:04:36,693 [ForkJoinPool.commonPool-worker-1] INFO  impl.RaftServerImpl (RaftServerImpl.java:lambda$shutdown$3(245)) - b02d5434-9006-43db-863d-3b3a4b7891d5: shutdown group-2D46FCC2CACD
2019-08-30 08:04:36,693 [ForkJoinPool.commonPool-worker-1] INFO  util.JmxRegister (JmxRegister.java:unregister(73)) - Successfully un-registered JMX Bean with object name Ratis:service=RaftServer,group=group-2D46FCC2CACD,id=b02d5434-9006-43db-863d-3b3a4b7891d5
2019-08-30 08:04:36,693 [ForkJoinPool.commonPool-worker-1] INFO  impl.RoleInfo (RoleInfo.java:shutdownFollowerState(121)) - b02d5434-9006-43db-863d-3b3a4b7891d5: shutdown FollowerState
2019-08-30 08:04:36,693 [ForkJoinPool.commonPool-worker-1] INFO  impl.StateMachineUpdater (StateMachineUpdater.java:stopAndJoin(115)) - StateMachineUpdater:b02d5434-9006-43db-863d-3b3a4b7891d5:group-2D46FCC2CACD: set stopIndex = 18
2019-08-30 08:04:36,693 [Thread-3807] INFO  impl.FollowerState (FollowerState.java:run(114)) - b02d5434-9006-43db-863d-3b3a4b7891d5: FollowerState was interrupted: java.lang.InterruptedException: sleep interrupted
2019-08-30 08:04:36,693 [StateMachineUpdater:b02d5434-9006-43db-863d-3b3a4b7891d5:group-2D46FCC2CACD] INFO  ratis.ContainerStateMachine (ContainerStateMachine.java:takeSnapshot(283)) - group-2D46FCC2CACD: Taking a snapshot at:(t:2, i:14) file /workdir/hadoop-ozone/integration-test/target/test-dir/MiniOzoneClusterImpl-0a678d0b-345d-45b6-820b-f96c3cc761ae/datanode-0/data/ratis/ae97209f-a6bd-4238-be2a-2d46fcc2cacd/sm/snapshot.2_14
2019-08-30 08:04:36,712 [StateMachineUpdater:0e927250-a3c1-4323-8ecd-88ceb047c264:group-631FC3E3E722] INFO  ratis.ContainerStateMachine (ContainerStateMachine.java:takeSnapshot(294)) - group-631FC3E3E722: Finished taking a snapshot at:(t:1, i:14) file:/workdir/hadoop-ozone/integration-test/target/test-dir/MiniOzoneClusterImpl-0a678d0b-345d-45b6-820b-f96c3cc761ae/datanode-3/data/ratis/07d2c92b-3de2-46c0-8500-631fc3e3e722/sm/snapshot.1_14 time:61
2019-08-30 08:04:36,712 [StateMachineUpdater:0e927250-a3c1-4323-8ecd-88ceb047c264:group-631FC3E3E722] INFO  impl.StateMachineUpdater (StateMachineUpdater.java:takeSnapshot(242)) - StateMachineUpdater:0e927250-a3c1-4323-8ecd-88ceb047c264:group-631FC3E3E722: Took a snapshot at index 14
2019-08-30 08:04:36,712 [StateMachineUpdater:0e927250-a3c1-4323-8ecd-88ceb047c264:group-631FC3E3E722] INFO  impl.StateMachineUpdater (StateMachineUpdater.java:lambda$new$0(80)) - StateMachineUpdater:0e927250-a3c1-4323-8ecd-88ceb047c264:group-631FC3E3E722: snapshotIndex: updateIncreasingly -1 -> 14
2019-08-30 08:04:36,712 [main] INFO  impl.RaftServerImpl (ServerState.java:close(394)) - 0e927250-a3c1-4323-8ecd-88ceb047c264:group-631FC3E3E722 closes. The last applied log index is 15
2019-08-30 08:04:36,713 [0e927250-a3c1-4323-8ecd-88ceb047c264-SegmentedRaftLogWorker:Storage Directory /workdir/hadoop-ozone/integration-test/target/test-dir/MiniOzoneClusterImpl-0a678d0b-345d-45b6-820b-f96c3cc761ae/datanode-3/data/ratis/07d2c92b-3de2-46c0-8500-631fc3e3e722] INFO  segmented.SegmentedRaftLogWorker (SegmentedRaftLogWorker.java:run(313)) - 0e927250-a3c1-4323-8ecd-88ceb047c264-SegmentedRaftLogWorker:Storage Directory /workdir/hadoop-ozone/integration-test/target/test-dir/MiniOzoneClusterImpl-0a678d0b-345d-45b6-820b-f96c3cc761ae/datanode-3/data/ratis/07d2c92b-3de2-46c0-8500-631fc3e3e722 was interrupted, exiting. There are 0 tasks remaining in the queue.
2019-08-30 08:04:36,739 [main] INFO  segmented.SegmentedRaftLogWorker (SegmentedRaftLogWorker.java:close(228)) - 0e927250-a3c1-4323-8ecd-88ceb047c264-SegmentedRaftLogWorker:Storage Directory /workdir/hadoop-ozone/integration-test/target/test-dir/MiniOzoneClusterImpl-0a678d0b-345d-45b6-820b-f96c3cc761ae/datanode-3/data/ratis/07d2c92b-3de2-46c0-8500-631fc3e3e722 close()
2019-08-30 08:04:36,742 [main] INFO  impl.RaftServerImpl (RaftServerImpl.java:lambda$shutdown$3(245)) - 0e927250-a3c1-4323-8ecd-88ceb047c264: shutdown group-56061D4A29EE
2019-08-30 08:04:36,743 [main] INFO  util.JmxRegister (JmxRegister.java:unregister(73)) - Successfully un-registered JMX Bean with object name Ratis:service=RaftServer,group=group-56061D4A29EE,id=0e927250-a3c1-4323-8ecd-88ceb047c264
2019-08-30 08:04:36,743 [main] INFO  impl.RoleInfo (RoleInfo.java:shutdownLeaderState(104)) - 0e927250-a3c1-4323-8ecd-88ceb047c264: shutdown LeaderState
2019-08-30 08:04:36,744 [main] INFO  impl.PendingRequests (PendingRequests.java:sendNotLeaderResponses(202)) - 0e927250-a3c1-4323-8ecd-88ceb047c264-PendingRequests: sendNotLeaderResponses
2019-08-30 08:04:36,744 [main] INFO  impl.StateMachineUpdater (StateMachineUpdater.java:stopAndJoin(115)) - StateMachineUpdater:0e927250-a3c1-4323-8ecd-88ceb047c264:group-56061D4A29EE: set stopIndex = 0
2019-08-30 08:04:36,744 [main] INFO  impl.RaftServerImpl (ServerState.java:close(394)) - 0e927250-a3c1-4323-8ecd-88ceb047c264:group-56061D4A29EE closes. The last applied log index is 0
2019-08-30 08:04:36,745 [0e927250-a3c1-4323-8ecd-88ceb047c264-SegmentedRaftLogWorker:Storage Directory /workdir/hadoop-ozone/integration-test/target/test-dir/MiniOzoneClusterImpl-0a678d0b-345d-45b6-820b-f96c3cc761ae/datanode-3/data/ratis/b643a610-fd7f-4668-98d9-56061d4a29ee] INFO  segmented.SegmentedRaftLogWorker (SegmentedRaftLogWorker.java:run(313)) - 0e927250-a3c1-4323-8ecd-88ceb047c264-SegmentedRaftLogWorker:Storage Directory /workdir/hadoop-ozone/integration-test/target/test-dir/MiniOzoneClusterImpl-0a678d0b-345d-45b6-820b-f96c3cc761ae/datanode-3/data/ratis/b643a610-fd7f-4668-98d9-56061d4a29ee was interrupted, exiting. There are 0 tasks remaining in the queue.
2019-08-30 08:04:36,746 [main] INFO  segmented.SegmentedRaftLogWorker (SegmentedRaftLogWorker.java:close(228)) - 0e927250-a3c1-4323-8ecd-88ceb047c264-SegmentedRaftLogWorker:Storage Directory /workdir/hadoop-ozone/integration-test/target/test-dir/MiniOzoneClusterImpl-0a678d0b-345d-45b6-820b-f96c3cc761ae/datanode-3/data/ratis/b643a610-fd7f-4668-98d9-56061d4a29ee close()
2019-08-30 08:04:36,750 [main] INFO  server.GrpcService (GrpcService.java:closeImpl(155)) - 0e927250-a3c1-4323-8ecd-88ceb047c264: shutdown server with port 41239 now
2019-08-30 08:04:36,750 [grpc-default-executor-7] WARN  client.GrpcClientProtocolService (LogUtils.java:warn(134)) - 1-UnorderedRequestStreamObserver1: onError: org.apache.ratis.thirdparty.io.grpc.StatusRuntimeException: CANCELLED: cancelled before receiving half close
2019-08-30 08:04:36,751 [main] INFO  server.GrpcService (GrpcService.java:closeImpl(163)) - 0e927250-a3c1-4323-8ecd-88ceb047c264: shutdown server with port 41239 successfully
2019-08-30 08:04:36,752 [main] INFO  utils.BackgroundService (BackgroundService.java:shutdown(148)) - Shutting down service BlockDeletingService
2019-08-30 08:04:36,753 [refreshUsed-/workdir/hadoop-ozone/integration-test/target/test-dir/MiniOzoneClusterImpl-0a678d0b-345d-45b6-820b-f96c3cc761ae/datanode-3/data/containers] WARN  fs.CachingGetSpaceUsed (CachingGetSpaceUsed.java:run(183)) - Thread Interrupted waiting to refresh disk information: sleep interrupted
2019-08-30 08:04:36,768 [main] INFO  statemachine.DatanodeStateMachine (DatanodeStateMachine.java:stopDaemon(395)) - Ozone container server stopped.
2019-08-30 08:04:36,769 [main] INFO  handler.ContextHandler (ContextHandler.java:doStop(910)) - Stopped o.e.j.w.WebAppContext@3d837af7{/,null,UNAVAILABLE}{/hddsDatanode}
2019-08-30 08:04:36,770 [main] INFO  server.AbstractConnector (AbstractConnector.java:doStop(318)) - Stopped ServerConnector@446dc997{HTTP/1.1,[http/1.1]}{0.0.0.0:0}
2019-08-30 08:04:36,770 [main] INFO  handler.ContextHandler (ContextHandler.java:doStop(910)) - Stopped o.e.j.s.ServletContextHandler@1b3a1e42{/static,jar:file:/home/user/.m2/repository/org/apache/hadoop/hadoop-hdds-container-service/0.5.0-SNAPSHOT/hadoop-hdds-container-service-0.5.0-SNAPSHOT.jar!/webapps/static,UNAVAILABLE}
2019-08-30 08:04:36,771 [main] INFO  handler.ContextHandler (ContextHandler.java:doStop(910)) - Stopped o.e.j.s.ServletContextHandler@2b3ac26d{/logs,file:///workdir/hadoop-ozone/integration-test/target/log,UNAVAILABLE}
2019-08-30 08:04:36,771 [main] INFO  datanode.ObjectStoreHandler (ObjectStoreHandler.java:close(155)) - Closing ObjectStoreHandler.
2019-08-30 08:04:36,772 [main] INFO  ozone.HddsDatanodeService (HddsDatanodeService.java:stop(451)) - Stopped plug-in org.apache.hadoop.ozone.web.OzoneHddsDatanodeService@60666985
2019-08-30 08:04:36,838 [StateMachineUpdater:b02d5434-9006-43db-863d-3b3a4b7891d5:group-2D46FCC2CACD] INFO  ratis.ContainerStateMachine (ContainerStateMachine.java:takeSnapshot(294)) - group-2D46FCC2CACD: Finished taking a snapshot at:(t:2, i:14) file:/workdir/hadoop-ozone/integration-test/target/test-dir/MiniOzoneClusterImpl-0a678d0b-345d-45b6-820b-f96c3cc761ae/datanode-0/data/ratis/ae97209f-a6bd-4238-be2a-2d46fcc2cacd/sm/snapshot.2_14 time:144
2019-08-30 08:04:36,838 [StateMachineUpdater:b02d5434-9006-43db-863d-3b3a4b7891d5:group-2D46FCC2CACD] INFO  impl.StateMachineUpdater (StateMachineUpdater.java:takeSnapshot(242)) - StateMachineUpdater:b02d5434-9006-43db-863d-3b3a4b7891d5:group-2D46FCC2CACD: Took a snapshot at index 14
2019-08-30 08:04:36,838 [StateMachineUpdater:b02d5434-9006-43db-863d-3b3a4b7891d5:group-2D46FCC2CACD] INFO  impl.StateMachineUpdater (StateMachineUpdater.java:lambda$new$0(80)) - StateMachineUpdater:b02d5434-9006-43db-863d-3b3a4b7891d5:group-2D46FCC2CACD: snapshotIndex: updateIncreasingly -1 -> 14
2019-08-30 08:04:36,838 [ForkJoinPool.commonPool-worker-1] INFO  impl.RaftServerImpl (ServerState.java:close(394)) - b02d5434-9006-43db-863d-3b3a4b7891d5:group-2D46FCC2CACD closes. The last applied log index is 18
2019-08-30 08:04:36,839 [b02d5434-9006-43db-863d-3b3a4b7891d5-SegmentedRaftLogWorker:Storage Directory /workdir/hadoop-ozone/integration-test/target/test-dir/MiniOzoneClusterImpl-0a678d0b-345d-45b6-820b-f96c3cc761ae/datanode-0/data/ratis/ae97209f-a6bd-4238-be2a-2d46fcc2cacd] INFO  segmented.SegmentedRaftLogWorker (SegmentedRaftLogWorker.java:run(313)) - b02d5434-9006-43db-863d-3b3a4b7891d5-SegmentedRaftLogWorker:Storage Directory /workdir/hadoop-ozone/integration-test/target/test-dir/MiniOzoneClusterImpl-0a678d0b-345d-45b6-820b-f96c3cc761ae/datanode-0/data/ratis/ae97209f-a6bd-4238-be2a-2d46fcc2cacd was interrupted, exiting. There are 0 tasks remaining in the queue.
2019-08-30 08:04:36,841 [ForkJoinPool.commonPool-worker-1] INFO  segmented.SegmentedRaftLogWorker (SegmentedRaftLogWorker.java:close(228)) - b02d5434-9006-43db-863d-3b3a4b7891d5-SegmentedRaftLogWorker:Storage Directory /workdir/hadoop-ozone/integration-test/target/test-dir/MiniOzoneClusterImpl-0a678d0b-345d-45b6-820b-f96c3cc761ae/datanode-0/data/ratis/ae97209f-a6bd-4238-be2a-2d46fcc2cacd close()
2019-08-30 08:04:36,844 [ForkJoinPool.commonPool-worker-1] INFO  server.GrpcService (GrpcService.java:closeImpl(155)) - b02d5434-9006-43db-863d-3b3a4b7891d5: shutdown server with port 43754 now
2019-08-30 08:04:36,845 [ForkJoinPool.commonPool-worker-1] INFO  server.GrpcService (GrpcService.java:closeImpl(163)) - b02d5434-9006-43db-863d-3b3a4b7891d5: shutdown server with port 43754 successfully
2019-08-30 08:04:36,846 [ForkJoinPool.commonPool-worker-1] INFO  utils.BackgroundService (BackgroundService.java:shutdown(148)) - Shutting down service BlockDeletingService
2019-08-30 08:04:36,848 [refreshUsed-/workdir/hadoop-ozone/integration-test/target/test-dir/MiniOzoneClusterImpl-0a678d0b-345d-45b6-820b-f96c3cc761ae/datanode-0/data/containers] WARN  fs.CachingGetSpaceUsed (CachingGetSpaceUsed.java:run(183)) - Thread Interrupted waiting to refresh disk information: sleep interrupted
2019-08-30 08:04:36,868 [ForkJoinPool.commonPool-worker-1] INFO  statemachine.DatanodeStateMachine (DatanodeStateMachine.java:stopDaemon(395)) - Ozone container server stopped.
2019-08-30 08:04:36,872 [ForkJoinPool.commonPool-worker-1] INFO  handler.ContextHandler (ContextHandler.java:doStop(910)) - Stopped o.e.j.w.WebAppContext@21553c3a{/,null,UNAVAILABLE}{/hddsDatanode}
2019-08-30 08:04:36,873 [ForkJoinPool.commonPool-worker-1] INFO  server.AbstractConnector (AbstractConnector.java:doStop(318)) - Stopped ServerConnector@6c1d25fa{HTTP/1.1,[http/1.1]}{0.0.0.0:0}
2019-08-30 08:04:36,874 [ForkJoinPool.commonPool-worker-1] INFO  handler.ContextHandler (ContextHandler.java:doStop(910)) - Stopped o.e.j.s.ServletContextHandler@38f7a20{/static,jar:file:/home/user/.m2/repository/org/apache/hadoop/hadoop-hdds-container-service/0.5.0-SNAPSHOT/hadoop-hdds-container-service-0.5.0-SNAPSHOT.jar!/webapps/static,UNAVAILABLE}
2019-08-30 08:04:36,876 [ForkJoinPool.commonPool-worker-1] INFO  handler.ContextHandler (ContextHandler.java:doStop(910)) - Stopped o.e.j.s.ServletContextHandler@3a034950{/logs,file:///workdir/hadoop-ozone/integration-test/target/log,UNAVAILABLE}
2019-08-30 08:04:36,876 [ForkJoinPool.commonPool-worker-1] INFO  datanode.ObjectStoreHandler (ObjectStoreHandler.java:close(155)) - Closing ObjectStoreHandler.
2019-08-30 08:04:36,877 [ForkJoinPool.commonPool-worker-1] INFO  ozone.HddsDatanodeService (HddsDatanodeService.java:stop(451)) - Stopped plug-in org.apache.hadoop.ozone.web.OzoneHddsDatanodeService@2296ed0d
2019-08-30 08:04:37,513 [Datanode State Machine Thread - 0] INFO  statemachine.DatanodeStateMachine (DatanodeStateMachine.java:lambda$startDaemon$0(350)) - Ozone container server started.
2019-08-30 08:04:37,525 [Datanode State Machine Thread - 0] INFO  statemachine.DatanodeStateMachine (DatanodeStateMachine.java:lambda$startDaemon$0(350)) - Ozone container server started.
2019-08-30 08:04:41,582 [EventQueue-StaleNodeForStaleNodeHandler] INFO  node.StaleNodeHandler (StaleNodeHandler.java:onMessage(58)) - Datanode e5f38b28-009a-4f22-a943-cfa04c7253b1{ip: 192.168.5.184, host: pr-hdds-1569-g97bt-2511755227, networkLocation: /default-rack, certSerialId: null} moved to stale state. Finalizing its pipelines [PipelineID=f232c906-7c9f-4f82-9661-5086b51c9777, PipelineID=07d2c92b-3de2-46c0-8500-631fc3e3e722]
2019-08-30 08:04:41,582 [EventQueue-StaleNodeForStaleNodeHandler] INFO  pipeline.SCMPipelineManager (SCMPipelineManager.java:finalizeAndDestroyPipeline(309)) - destroying pipeline:Pipeline[ Id: f232c906-7c9f-4f82-9661-5086b51c9777, Nodes: e5f38b28-009a-4f22-a943-cfa04c7253b1{ip: 192.168.5.184, host: pr-hdds-1569-g97bt-2511755227, networkLocation: /default-rack, certSerialId: null}, Type:RATIS, Factor:ONE, State:OPEN]
2019-08-30 08:04:41,582 [EventQueue-StaleNodeForStaleNodeHandler] INFO  pipeline.PipelineStateManager (PipelineStateManager.java:finalizePipeline(123)) - Pipeline Pipeline[ Id: f232c906-7c9f-4f82-9661-5086b51c9777, Nodes: e5f38b28-009a-4f22-a943-cfa04c7253b1{ip: 192.168.5.184, host: pr-hdds-1569-g97bt-2511755227, networkLocation: /default-rack, certSerialId: null}, Type:RATIS, Factor:ONE, State:CLOSED] moved to CLOSED state
2019-08-30 08:04:41,582 [EventQueue-StaleNodeForStaleNodeHandler] INFO  pipeline.SCMPipelineManager (SCMPipelineManager.java:finalizeAndDestroyPipeline(309)) - destroying pipeline:Pipeline[ Id: 07d2c92b-3de2-46c0-8500-631fc3e3e722, Nodes: 0e927250-a3c1-4323-8ecd-88ceb047c264{ip: 192.168.5.184, host: pr-hdds-1569-g97bt-2511755227, networkLocation: /default-rack, certSerialId: null}e5f38b28-009a-4f22-a943-cfa04c7253b1{ip: 192.168.5.184, host: pr-hdds-1569-g97bt-2511755227, networkLocation: /default-rack, certSerialId: null}290ef2ed-fd58-4a3d-bde6-9b5b13914a39{ip: 192.168.5.184, host: pr-hdds-1569-g97bt-2511755227, networkLocation: /default-rack, certSerialId: null}, Type:RATIS, Factor:THREE, State:CLOSED]
2019-08-30 08:04:41,583 [EventQueue-StaleNodeForStaleNodeHandler] INFO  node.StaleNodeHandler (StaleNodeHandler.java:onMessage(58)) - Datanode 290ef2ed-fd58-4a3d-bde6-9b5b13914a39{ip: 192.168.5.184, host: pr-hdds-1569-g97bt-2511755227, networkLocation: /default-rack, certSerialId: null} moved to stale state. Finalizing its pipelines [PipelineID=07d2c92b-3de2-46c0-8500-631fc3e3e722, PipelineID=15371c8f-1e5b-4c8b-ab00-2b0e60e02a7b]
2019-08-30 08:04:41,583 [EventQueue-StaleNodeForStaleNodeHandler] INFO  pipeline.SCMPipelineManager (SCMPipelineManager.java:finalizeAndDestroyPipeline(309)) - destroying pipeline:Pipeline[ Id: 07d2c92b-3de2-46c0-8500-631fc3e3e722, Nodes: 0e927250-a3c1-4323-8ecd-88ceb047c264{ip: 192.168.5.184, host: pr-hdds-1569-g97bt-2511755227, networkLocation: /default-rack, certSerialId: null}e5f38b28-009a-4f22-a943-cfa04c7253b1{ip: 192.168.5.184, host: pr-hdds-1569-g97bt-2511755227, networkLocation: /default-rack, certSerialId: null}290ef2ed-fd58-4a3d-bde6-9b5b13914a39{ip: 192.168.5.184, host: pr-hdds-1569-g97bt-2511755227, networkLocation: /default-rack, certSerialId: null}, Type:RATIS, Factor:THREE, State:CLOSED]
2019-08-30 08:04:41,583 [EventQueue-StaleNodeForStaleNodeHandler] INFO  pipeline.SCMPipelineManager (SCMPipelineManager.java:finalizeAndDestroyPipeline(309)) - destroying pipeline:Pipeline[ Id: 15371c8f-1e5b-4c8b-ab00-2b0e60e02a7b, Nodes: 290ef2ed-fd58-4a3d-bde6-9b5b13914a39{ip: 192.168.5.184, host: pr-hdds-1569-g97bt-2511755227, networkLocation: /default-rack, certSerialId: null}, Type:RATIS, Factor:ONE, State:OPEN]
2019-08-30 08:04:41,583 [EventQueue-StaleNodeForStaleNodeHandler] INFO  pipeline.PipelineStateManager (PipelineStateManager.java:finalizePipeline(123)) - Pipeline Pipeline[ Id: 15371c8f-1e5b-4c8b-ab00-2b0e60e02a7b, Nodes: 290ef2ed-fd58-4a3d-bde6-9b5b13914a39{ip: 192.168.5.184, host: pr-hdds-1569-g97bt-2511755227, networkLocation: /default-rack, certSerialId: null}, Type:RATIS, Factor:ONE, State:CLOSED] moved to CLOSED state
2019-08-30 08:04:41,773 [main] INFO  ozoneimpl.OzoneContainer (OzoneContainer.java:stop(199)) - Attempting to stop container services.
2019-08-30 08:04:41,773 [main] INFO  impl.RaftServerProxy (RaftServerProxy.java:lambda$close$4(314)) - 290ef2ed-fd58-4a3d-bde6-9b5b13914a39: close
2019-08-30 08:04:41,774 [main] INFO  impl.RaftServerImpl (RaftServerImpl.java:lambda$shutdown$3(245)) - 290ef2ed-fd58-4a3d-bde6-9b5b13914a39: shutdown group-631FC3E3E722
2019-08-30 08:04:41,774 [main] INFO  util.JmxRegister (JmxRegister.java:unregister(73)) - Successfully un-registered JMX Bean with object name Ratis:service=RaftServer,group=group-631FC3E3E722,id=290ef2ed-fd58-4a3d-bde6-9b5b13914a39
2019-08-30 08:04:41,775 [main] INFO  impl.RoleInfo (RoleInfo.java:shutdownFollowerState(121)) - 290ef2ed-fd58-4a3d-bde6-9b5b13914a39: shutdown FollowerState
2019-08-30 08:04:41,775 [main] INFO  impl.StateMachineUpdater (StateMachineUpdater.java:stopAndJoin(115)) - StateMachineUpdater:290ef2ed-fd58-4a3d-bde6-9b5b13914a39:group-631FC3E3E722: set stopIndex = 15
2019-08-30 08:04:41,775 [Thread-3667] INFO  impl.FollowerState (FollowerState.java:run(114)) - 290ef2ed-fd58-4a3d-bde6-9b5b13914a39: FollowerState was interrupted: java.lang.InterruptedException: sleep interrupted
2019-08-30 08:04:41,775 [StateMachineUpdater:290ef2ed-fd58-4a3d-bde6-9b5b13914a39:group-631FC3E3E722] INFO  ratis.ContainerStateMachine (ContainerStateMachine.java:takeSnapshot(283)) - group-631FC3E3E722: Taking a snapshot at:(t:1, i:14) file /workdir/hadoop-ozone/integration-test/target/test-dir/MiniOzoneClusterImpl-0a678d0b-345d-45b6-820b-f96c3cc761ae/datanode-6/data/ratis/07d2c92b-3de2-46c0-8500-631fc3e3e722/sm/snapshot.1_14
2019-08-30 08:04:41,834 [StateMachineUpdater:290ef2ed-fd58-4a3d-bde6-9b5b13914a39:group-631FC3E3E722] INFO  ratis.ContainerStateMachine (ContainerStateMachine.java:takeSnapshot(294)) - group-631FC3E3E722: Finished taking a snapshot at:(t:1, i:14) file:/workdir/hadoop-ozone/integration-test/target/test-dir/MiniOzoneClusterImpl-0a678d0b-345d-45b6-820b-f96c3cc761ae/datanode-6/data/ratis/07d2c92b-3de2-46c0-8500-631fc3e3e722/sm/snapshot.1_14 time:59
2019-08-30 08:04:41,835 [StateMachineUpdater:290ef2ed-fd58-4a3d-bde6-9b5b13914a39:group-631FC3E3E722] INFO  impl.StateMachineUpdater (StateMachineUpdater.java:takeSnapshot(242)) - StateMachineUpdater:290ef2ed-fd58-4a3d-bde6-9b5b13914a39:group-631FC3E3E722: Took a snapshot at index 14
2019-08-30 08:04:41,835 [StateMachineUpdater:290ef2ed-fd58-4a3d-bde6-9b5b13914a39:group-631FC3E3E722] INFO  impl.StateMachineUpdater (StateMachineUpdater.java:lambda$new$0(80)) - StateMachineUpdater:290ef2ed-fd58-4a3d-bde6-9b5b13914a39:group-631FC3E3E722: snapshotIndex: updateIncreasingly -1 -> 14
2019-08-30 08:04:41,835 [main] INFO  impl.RaftServerImpl (ServerState.java:close(394)) - 290ef2ed-fd58-4a3d-bde6-9b5b13914a39:group-631FC3E3E722 closes. The last applied log index is 15
2019-08-30 08:04:41,836 [290ef2ed-fd58-4a3d-bde6-9b5b13914a39-SegmentedRaftLogWorker:Storage Directory /workdir/hadoop-ozone/integration-test/target/test-dir/MiniOzoneClusterImpl-0a678d0b-345d-45b6-820b-f96c3cc761ae/datanode-6/data/ratis/07d2c92b-3de2-46c0-8500-631fc3e3e722] INFO  segmented.SegmentedRaftLogWorker (SegmentedRaftLogWorker.java:run(313)) - 290ef2ed-fd58-4a3d-bde6-9b5b13914a39-SegmentedRaftLogWorker:Storage Directory /workdir/hadoop-ozone/integration-test/target/test-dir/MiniOzoneClusterImpl-0a678d0b-345d-45b6-820b-f96c3cc761ae/datanode-6/data/ratis/07d2c92b-3de2-46c0-8500-631fc3e3e722 was interrupted, exiting. There are 0 tasks remaining in the queue.
2019-08-30 08:04:41,837 [main] INFO  segmented.SegmentedRaftLogWorker (SegmentedRaftLogWorker.java:close(228)) - 290ef2ed-fd58-4a3d-bde6-9b5b13914a39-SegmentedRaftLogWorker:Storage Directory /workdir/hadoop-ozone/integration-test/target/test-dir/MiniOzoneClusterImpl-0a678d0b-345d-45b6-820b-f96c3cc761ae/datanode-6/data/ratis/07d2c92b-3de2-46c0-8500-631fc3e3e722 close()
2019-08-30 08:04:41,845 [main] INFO  impl.RaftServerImpl (RaftServerImpl.java:lambda$shutdown$3(245)) - 290ef2ed-fd58-4a3d-bde6-9b5b13914a39: shutdown group-2B0E60E02A7B
2019-08-30 08:04:41,846 [main] INFO  util.JmxRegister (JmxRegister.java:unregister(73)) - Successfully un-registered JMX Bean with object name Ratis:service=RaftServer,group=group-2B0E60E02A7B,id=290ef2ed-fd58-4a3d-bde6-9b5b13914a39
2019-08-30 08:04:41,846 [main] INFO  impl.RoleInfo (RoleInfo.java:shutdownLeaderState(104)) - 290ef2ed-fd58-4a3d-bde6-9b5b13914a39: shutdown LeaderState
2019-08-30 08:04:41,846 [main] INFO  impl.PendingRequests (PendingRequests.java:sendNotLeaderResponses(202)) - 290ef2ed-fd58-4a3d-bde6-9b5b13914a39-PendingRequests: sendNotLeaderResponses
2019-08-30 08:04:41,847 [main] INFO  impl.StateMachineUpdater (StateMachineUpdater.java:stopAndJoin(115)) - StateMachineUpdater:290ef2ed-fd58-4a3d-bde6-9b5b13914a39:group-2B0E60E02A7B: set stopIndex = 0
2019-08-30 08:04:41,847 [main] INFO  impl.RaftServerImpl (ServerState.java:close(394)) - 290ef2ed-fd58-4a3d-bde6-9b5b13914a39:group-2B0E60E02A7B closes. The last applied log index is 0
2019-08-30 08:04:41,848 [290ef2ed-fd58-4a3d-bde6-9b5b13914a39-SegmentedRaftLogWorker:Storage Directory /workdir/hadoop-ozone/integration-test/target/test-dir/MiniOzoneClusterImpl-0a678d0b-345d-45b6-820b-f96c3cc761ae/datanode-6/data/ratis/15371c8f-1e5b-4c8b-ab00-2b0e60e02a7b] INFO  segmented.SegmentedRaftLogWorker (SegmentedRaftLogWorker.java:run(313)) - 290ef2ed-fd58-4a3d-bde6-9b5b13914a39-SegmentedRaftLogWorker:Storage Directory /workdir/hadoop-ozone/integration-test/target/test-dir/MiniOzoneClusterImpl-0a678d0b-345d-45b6-820b-f96c3cc761ae/datanode-6/data/ratis/15371c8f-1e5b-4c8b-ab00-2b0e60e02a7b was interrupted, exiting. There are 0 tasks remaining in the queue.
2019-08-30 08:04:41,848 [main] INFO  segmented.SegmentedRaftLogWorker (SegmentedRaftLogWorker.java:close(228)) - 290ef2ed-fd58-4a3d-bde6-9b5b13914a39-SegmentedRaftLogWorker:Storage Directory /workdir/hadoop-ozone/integration-test/target/test-dir/MiniOzoneClusterImpl-0a678d0b-345d-45b6-820b-f96c3cc761ae/datanode-6/data/ratis/15371c8f-1e5b-4c8b-ab00-2b0e60e02a7b close()
2019-08-30 08:04:41,849 [main] INFO  server.GrpcService (GrpcService.java:closeImpl(155)) - 290ef2ed-fd58-4a3d-bde6-9b5b13914a39: shutdown server with port 37854 now
2019-08-30 08:04:41,850 [main] INFO  server.GrpcService (GrpcService.java:closeImpl(163)) - 290ef2ed-fd58-4a3d-bde6-9b5b13914a39: shutdown server with port 37854 successfully
2019-08-30 08:04:41,852 [main] INFO  utils.BackgroundService (BackgroundService.java:shutdown(148)) - Shutting down service BlockDeletingService
2019-08-30 08:04:41,855 [refreshUsed-/workdir/hadoop-ozone/integration-test/target/test-dir/MiniOzoneClusterImpl-0a678d0b-345d-45b6-820b-f96c3cc761ae/datanode-6/data/containers] WARN  fs.CachingGetSpaceUsed (CachingGetSpaceUsed.java:run(183)) - Thread Interrupted waiting to refresh disk information: sleep interrupted
2019-08-30 08:04:41,870 [main] INFO  statemachine.DatanodeStateMachine (DatanodeStateMachine.java:stopDaemon(395)) - Ozone container server stopped.
2019-08-30 08:04:41,872 [main] INFO  handler.ContextHandler (ContextHandler.java:doStop(910)) - Stopped o.e.j.w.WebAppContext@497f8a4b{/,null,UNAVAILABLE}{/hddsDatanode}
2019-08-30 08:04:41,873 [main] INFO  server.AbstractConnector (AbstractConnector.java:doStop(318)) - Stopped ServerConnector@6d952747{HTTP/1.1,[http/1.1]}{0.0.0.0:0}
2019-08-30 08:04:41,873 [main] INFO  handler.ContextHandler (ContextHandler.java:doStop(910)) - Stopped o.e.j.s.ServletContextHandler@679f3e12{/static,jar:file:/home/user/.m2/repository/org/apache/hadoop/hadoop-hdds-container-service/0.5.0-SNAPSHOT/hadoop-hdds-container-service-0.5.0-SNAPSHOT.jar!/webapps/static,UNAVAILABLE}
2019-08-30 08:04:41,874 [main] INFO  handler.ContextHandler (ContextHandler.java:doStop(910)) - Stopped o.e.j.s.ServletContextHandler@32a7c583{/logs,file:///workdir/hadoop-ozone/integration-test/target/log,UNAVAILABLE}
2019-08-30 08:04:41,878 [ForkJoinPool.commonPool-worker-1] INFO  ozoneimpl.OzoneContainer (OzoneContainer.java:stop(199)) - Attempting to stop container services.
2019-08-30 08:04:41,878 [ForkJoinPool.commonPool-worker-1] INFO  impl.RaftServerProxy (RaftServerProxy.java:lambda$close$4(314)) - e5f38b28-009a-4f22-a943-cfa04c7253b1: close
2019-08-30 08:04:41,878 [ForkJoinPool.commonPool-worker-1] INFO  impl.RaftServerImpl (RaftServerImpl.java:lambda$shutdown$3(245)) - e5f38b28-009a-4f22-a943-cfa04c7253b1: shutdown group-5086B51C9777
2019-08-30 08:04:41,878 [ForkJoinPool.commonPool-worker-1] INFO  util.JmxRegister (JmxRegister.java:unregister(73)) - Successfully un-registered JMX Bean with object name Ratis:service=RaftServer,group=group-5086B51C9777,id=e5f38b28-009a-4f22-a943-cfa04c7253b1
2019-08-30 08:04:41,879 [ForkJoinPool.commonPool-worker-1] INFO  impl.RoleInfo (RoleInfo.java:shutdownLeaderState(104)) - e5f38b28-009a-4f22-a943-cfa04c7253b1: shutdown LeaderState
2019-08-30 08:04:41,879 [ForkJoinPool.commonPool-worker-1] INFO  impl.PendingRequests (PendingRequests.java:sendNotLeaderResponses(202)) - e5f38b28-009a-4f22-a943-cfa04c7253b1-PendingRequests: sendNotLeaderResponses
2019-08-30 08:04:41,879 [ForkJoinPool.commonPool-worker-1] INFO  impl.StateMachineUpdater (StateMachineUpdater.java:stopAndJoin(115)) - StateMachineUpdater:e5f38b28-009a-4f22-a943-cfa04c7253b1:group-5086B51C9777: set stopIndex = 0
2019-08-30 08:04:41,880 [ForkJoinPool.commonPool-worker-1] INFO  impl.RaftServerImpl (ServerState.java:close(394)) - e5f38b28-009a-4f22-a943-cfa04c7253b1:group-5086B51C9777 closes. The last applied log index is 0
2019-08-30 08:04:41,880 [e5f38b28-009a-4f22-a943-cfa04c7253b1-SegmentedRaftLogWorker:Storage Directory /workdir/hadoop-ozone/integration-test/target/test-dir/MiniOzoneClusterImpl-0a678d0b-345d-45b6-820b-f96c3cc761ae/datanode-5/data/ratis/f232c906-7c9f-4f82-9661-5086b51c9777] INFO  segmented.SegmentedRaftLogWorker (SegmentedRaftLogWorker.java:run(313)) - e5f38b28-009a-4f22-a943-cfa04c7253b1-SegmentedRaftLogWorker:Storage Directory /workdir/hadoop-ozone/integration-test/target/test-dir/MiniOzoneClusterImpl-0a678d0b-345d-45b6-820b-f96c3cc761ae/datanode-5/data/ratis/f232c906-7c9f-4f82-9661-5086b51c9777 was interrupted, exiting. There are 0 tasks remaining in the queue.
2019-08-30 08:04:41,880 [ForkJoinPool.commonPool-worker-1] INFO  segmented.SegmentedRaftLogWorker (SegmentedRaftLogWorker.java:close(228)) - e5f38b28-009a-4f22-a943-cfa04c7253b1-SegmentedRaftLogWorker:Storage Directory /workdir/hadoop-ozone/integration-test/target/test-dir/MiniOzoneClusterImpl-0a678d0b-345d-45b6-820b-f96c3cc761ae/datanode-5/data/ratis/f232c906-7c9f-4f82-9661-5086b51c9777 close()
2019-08-30 08:04:41,881 [ForkJoinPool.commonPool-worker-1] INFO  impl.RaftServerImpl (RaftServerImpl.java:lambda$shutdown$3(245)) - e5f38b28-009a-4f22-a943-cfa04c7253b1: shutdown group-631FC3E3E722
2019-08-30 08:04:41,882 [ForkJoinPool.commonPool-worker-1] INFO  util.JmxRegister (JmxRegister.java:unregister(73)) - Successfully un-registered JMX Bean with object name Ratis:service=RaftServer,group=group-631FC3E3E722,id=e5f38b28-009a-4f22-a943-cfa04c7253b1
2019-08-30 08:04:41,882 [ForkJoinPool.commonPool-worker-1] INFO  impl.RoleInfo (RoleInfo.java:shutdownFollowerState(121)) - e5f38b28-009a-4f22-a943-cfa04c7253b1: shutdown FollowerState
2019-08-30 08:04:41,882 [ForkJoinPool.commonPool-worker-1] INFO  impl.StateMachineUpdater (StateMachineUpdater.java:stopAndJoin(115)) - StateMachineUpdater:e5f38b28-009a-4f22-a943-cfa04c7253b1:group-631FC3E3E722: set stopIndex = 15
2019-08-30 08:04:41,882 [Thread-3670] INFO  impl.FollowerState (FollowerState.java:run(114)) - e5f38b28-009a-4f22-a943-cfa04c7253b1: FollowerState was interrupted: java.lang.InterruptedException: sleep interrupted
2019-08-30 08:04:41,882 [StateMachineUpdater:e5f38b28-009a-4f22-a943-cfa04c7253b1:group-631FC3E3E722] INFO  ratis.ContainerStateMachine (ContainerStateMachine.java:takeSnapshot(283)) - group-631FC3E3E722: Taking a snapshot at:(t:1, i:14) file /workdir/hadoop-ozone/integration-test/target/test-dir/MiniOzoneClusterImpl-0a678d0b-345d-45b6-820b-f96c3cc761ae/datanode-5/data/ratis/07d2c92b-3de2-46c0-8500-631fc3e3e722/sm/snapshot.1_14
2019-08-30 08:04:41,925 [StateMachineUpdater:e5f38b28-009a-4f22-a943-cfa04c7253b1:group-631FC3E3E722] INFO  ratis.ContainerStateMachine (ContainerStateMachine.java:takeSnapshot(294)) - group-631FC3E3E722: Finished taking a snapshot at:(t:1, i:14) file:/workdir/hadoop-ozone/integration-test/target/test-dir/MiniOzoneClusterImpl-0a678d0b-345d-45b6-820b-f96c3cc761ae/datanode-5/data/ratis/07d2c92b-3de2-46c0-8500-631fc3e3e722/sm/snapshot.1_14 time:42
2019-08-30 08:04:41,925 [StateMachineUpdater:e5f38b28-009a-4f22-a943-cfa04c7253b1:group-631FC3E3E722] INFO  impl.StateMachineUpdater (StateMachineUpdater.java:takeSnapshot(242)) - StateMachineUpdater:e5f38b28-009a-4f22-a943-cfa04c7253b1:group-631FC3E3E722: Took a snapshot at index 14
2019-08-30 08:04:41,925 [StateMachineUpdater:e5f38b28-009a-4f22-a943-cfa04c7253b1:group-631FC3E3E722] INFO  impl.StateMachineUpdater (StateMachineUpdater.java:lambda$new$0(80)) - StateMachineUpdater:e5f38b28-009a-4f22-a943-cfa04c7253b1:group-631FC3E3E722: snapshotIndex: updateIncreasingly -1 -> 14
2019-08-30 08:04:41,925 [ForkJoinPool.commonPool-worker-1] INFO  impl.RaftServerImpl (ServerState.java:close(394)) - e5f38b28-009a-4f22-a943-cfa04c7253b1:group-631FC3E3E722 closes. The last applied log index is 15
2019-08-30 08:04:41,926 [e5f38b28-009a-4f22-a943-cfa04c7253b1-SegmentedRaftLogWorker:Storage Directory /workdir/hadoop-ozone/integration-test/target/test-dir/MiniOzoneClusterImpl-0a678d0b-345d-45b6-820b-f96c3cc761ae/datanode-5/data/ratis/07d2c92b-3de2-46c0-8500-631fc3e3e722] INFO  segmented.SegmentedRaftLogWorker (SegmentedRaftLogWorker.java:run(313)) - e5f38b28-009a-4f22-a943-cfa04c7253b1-SegmentedRaftLogWorker:Storage Directory /workdir/hadoop-ozone/integration-test/target/test-dir/MiniOzoneClusterImpl-0a678d0b-345d-45b6-820b-f96c3cc761ae/datanode-5/data/ratis/07d2c92b-3de2-46c0-8500-631fc3e3e722 was interrupted, exiting. There are 0 tasks remaining in the queue.
2019-08-30 08:04:41,926 [ForkJoinPool.commonPool-worker-1] INFO  segmented.SegmentedRaftLogWorker (SegmentedRaftLogWorker.java:close(228)) - e5f38b28-009a-4f22-a943-cfa04c7253b1-SegmentedRaftLogWorker:Storage Directory /workdir/hadoop-ozone/integration-test/target/test-dir/MiniOzoneClusterImpl-0a678d0b-345d-45b6-820b-f96c3cc761ae/datanode-5/data/ratis/07d2c92b-3de2-46c0-8500-631fc3e3e722 close()
2019-08-30 08:04:41,927 [ForkJoinPool.commonPool-worker-1] INFO  server.GrpcService (GrpcService.java:closeImpl(155)) - e5f38b28-009a-4f22-a943-cfa04c7253b1: shutdown server with port 38662 now
2019-08-30 08:04:41,928 [ForkJoinPool.commonPool-worker-1] INFO  server.GrpcService (GrpcService.java:closeImpl(163)) - e5f38b28-009a-4f22-a943-cfa04c7253b1: shutdown server with port 38662 successfully
2019-08-30 08:04:41,929 [ForkJoinPool.commonPool-worker-1] INFO  utils.BackgroundService (BackgroundService.java:shutdown(148)) - Shutting down service BlockDeletingService
2019-08-30 08:04:41,931 [refreshUsed-/workdir/hadoop-ozone/integration-test/target/test-dir/MiniOzoneClusterImpl-0a678d0b-345d-45b6-820b-f96c3cc761ae/datanode-5/data/containers] WARN  fs.CachingGetSpaceUsed (CachingGetSpaceUsed.java:run(183)) - Thread Interrupted waiting to refresh disk information: sleep interrupted
2019-08-30 08:04:41,954 [ForkJoinPool.commonPool-worker-1] INFO  statemachine.DatanodeStateMachine (DatanodeStateMachine.java:stopDaemon(395)) - Ozone container server stopped.
2019-08-30 08:04:41,958 [ForkJoinPool.commonPool-worker-1] INFO  handler.ContextHandler (ContextHandler.java:doStop(910)) - Stopped o.e.j.w.WebAppContext@f1b0658{/,null,UNAVAILABLE}{/hddsDatanode}
2019-08-30 08:04:41,960 [ForkJoinPool.commonPool-worker-1] INFO  server.AbstractConnector (AbstractConnector.java:doStop(318)) - Stopped ServerConnector@4870d2e1{HTTP/1.1,[http/1.1]}{0.0.0.0:0}
2019-08-30 08:04:41,961 [ForkJoinPool.commonPool-worker-1] INFO  handler.ContextHandler (ContextHandler.java:doStop(910)) - Stopped o.e.j.s.ServletContextHandler@7abeaed0{/static,jar:file:/home/user/.m2/repository/org/apache/hadoop/hadoop-hdds-container-service/0.5.0-SNAPSHOT/hadoop-hdds-container-service-0.5.0-SNAPSHOT.jar!/webapps/static,UNAVAILABLE}
2019-08-30 08:04:41,962 [ForkJoinPool.commonPool-worker-1] INFO  handler.ContextHandler (ContextHandler.java:doStop(910)) - Stopped o.e.j.s.ServletContextHandler@65402e26{/logs,file:///workdir/hadoop-ozone/integration-test/target/log,UNAVAILABLE}
2019-08-30 08:04:41,963 [main] INFO  ozone.MiniOzoneClusterImpl (MiniOzoneClusterImpl.java:stop(353)) - Stopping the StorageContainerManager
2019-08-30 08:04:41,964 [main] INFO  server.StorageContainerManager (StorageContainerManager.java:stop(797)) - Stopping Replication Manager Service.
2019-08-30 08:04:41,964 [main] INFO  container.ReplicationManager (ReplicationManager.java:stop(193)) - Stopping Replication Monitor Thread.
2019-08-30 08:04:41,964 [main] INFO  server.StorageContainerManager (StorageContainerManager.java:stop(804)) - Stopping Lease Manager of the command watchers
2019-08-30 08:04:41,964 [main] INFO  server.StorageContainerManager (StorageContainerManager.java:stop(811)) - Stopping datanode service RPC server
2019-08-30 08:04:41,964 [main] INFO  server.SCMDatanodeProtocolServer (SCMDatanodeProtocolServer.java:stop(367)) - Stopping the RPC server for DataNodes
2019-08-30 08:04:41,965 [main] INFO  ipc.Server (Server.java:stop(3082)) - Stopping server on 38541
2019-08-30 08:04:41,968 [IPC Server listener on 38541] INFO  ipc.Server (Server.java:run(1185)) - Stopping IPC Server listener on 38541
2019-08-30 08:04:41,968 [IPC Server Responder] INFO  ipc.Server (Server.java:run(1319)) - Stopping IPC Server Responder
2019-08-30 08:04:41,982 [SCM Heartbeat Processing Thread - 0] WARN  node.NodeStateManager (NodeStateManager.java:scheduleNextHealthCheck(655)) - Current Thread is interrupted, shutting down HB processing thread for Node Manager.
2019-08-30 08:04:41,982 [main] INFO  server.StorageContainerManager (StorageContainerManager.java:stop(819)) - Stopping block service RPC server
2019-08-30 08:04:41,983 [main] INFO  server.SCMBlockProtocolServer (SCMBlockProtocolServer.java:stop(148)) - Stopping the RPC server for Block Protocol
2019-08-30 08:04:41,983 [main] INFO  ipc.Server (Server.java:stop(3082)) - Stopping server on 34021
2019-08-30 08:04:41,984 [IPC Server listener on 34021] INFO  ipc.Server (Server.java:run(1185)) - Stopping IPC Server listener on 34021
2019-08-30 08:04:41,984 [main] INFO  server.StorageContainerManager (StorageContainerManager.java:stop(826)) - Stopping the StorageContainerLocationProtocol RPC server
2019-08-30 08:04:41,985 [main] INFO  server.SCMClientProtocolServer (SCMClientProtocolServer.java:stop(159)) - Stopping the RPC server for Client Protocol
2019-08-30 08:04:41,985 [IPC Server Responder] INFO  ipc.Server (Server.java:run(1319)) - Stopping IPC Server Responder
2019-08-30 08:04:41,986 [main] INFO  ipc.Server (Server.java:stop(3082)) - Stopping server on 46604
2019-08-30 08:04:41,988 [IPC Server listener on 46604] INFO  ipc.Server (Server.java:run(1185)) - Stopping IPC Server listener on 46604
2019-08-30 08:04:41,988 [IPC Server Responder] INFO  ipc.Server (Server.java:run(1319)) - Stopping IPC Server Responder
2019-08-30 08:04:41,988 [main] INFO  server.StorageContainerManager (StorageContainerManager.java:stop(833)) - Stopping Storage Container Manager HTTP server.
2019-08-30 08:04:41,989 [main] INFO  handler.ContextHandler (ContextHandler.java:doStop(910)) - Stopped o.e.j.w.WebAppContext@c725dfa{/,null,UNAVAILABLE}{/scm}
2019-08-30 08:04:41,990 [main] INFO  server.AbstractConnector (AbstractConnector.java:doStop(318)) - Stopped ServerConnector@3a8cc099{HTTP/1.1,[http/1.1]}{0.0.0.0:0}
2019-08-30 08:04:41,990 [main] INFO  handler.ContextHandler (ContextHandler.java:doStop(910)) - Stopped o.e.j.s.ServletContextHandler@36b2b6e6{/static,file:///workdir/hadoop-ozone/integration-test/target/test-classes/webapps/static,UNAVAILABLE}
2019-08-30 08:04:41,990 [main] INFO  handler.ContextHandler (ContextHandler.java:doStop(910)) - Stopped o.e.j.s.ServletContextHandler@57e35236{/logs,file:///workdir/hadoop-ozone/integration-test/target/log,UNAVAILABLE}
2019-08-30 08:04:41,991 [main] INFO  server.StorageContainerManager (StorageContainerManager.java:stop(844)) - Stopping Block Manager Service.
2019-08-30 08:04:41,991 [main] INFO  utils.BackgroundService (BackgroundService.java:shutdown(148)) - Shutting down service SCMBlockDeletingService
2019-08-30 08:04:41,992 [main] INFO  utils.BackgroundService (BackgroundService.java:shutdown(148)) - Shutting down service SCMBlockDeletingService
2019-08-30 08:04:41,992 [main] INFO  server.StorageContainerManager (StorageContainerManager.java:stop(866)) - Stopping SCM Event Queue.
2019-08-30 08:04:41,995 [main] INFO  impl.MetricsSystemImpl (MetricsSystemImpl.java:stop(210)) - Stopping HddsDatanode metrics system...
2019-08-30 08:04:42,004 [main] INFO  impl.MetricsSystemImpl (MetricsSystemImpl.java:stop(216)) - HddsDatanode metrics system stopped.
]]></system-out>
    <system-err><![CDATA[Aug 30, 2019 8:03:52 AM com.sun.jersey.server.impl.application.WebApplicationImpl _initiate
INFO: Initiating Jersey application, version 'Jersey: 1.19 02/11/2015 03:25 AM'
Aug 30, 2019 8:03:53 AM com.sun.jersey.server.impl.application.WebApplicationImpl _initiate
INFO: Initiating Jersey application, version 'Jersey: 1.19 02/11/2015 03:25 AM'
Aug 30, 2019 8:03:53 AM com.sun.jersey.server.impl.application.WebApplicationImpl _initiate
INFO: Initiating Jersey application, version 'Jersey: 1.19 02/11/2015 03:25 AM'
Aug 30, 2019 8:03:53 AM com.sun.jersey.server.impl.application.WebApplicationImpl _initiate
INFO: Initiating Jersey application, version 'Jersey: 1.19 02/11/2015 03:25 AM'
Aug 30, 2019 8:03:54 AM com.sun.jersey.server.impl.application.WebApplicationImpl _initiate
INFO: Initiating Jersey application, version 'Jersey: 1.19 02/11/2015 03:25 AM'
Aug 30, 2019 8:03:54 AM com.sun.jersey.server.impl.application.WebApplicationImpl _initiate
INFO: Initiating Jersey application, version 'Jersey: 1.19 02/11/2015 03:25 AM'
Aug 30, 2019 8:03:54 AM com.sun.jersey.server.impl.application.WebApplicationImpl _initiate
INFO: Initiating Jersey application, version 'Jersey: 1.19 02/11/2015 03:25 AM'
Aug 30, 2019 8:03:57 AM org.apache.ratis.thirdparty.io.grpc.internal.ManagedChannelOrphanWrapper$ManagedChannelReference cleanQueue
SEVERE: *~*~*~ Channel ManagedChannelImpl{logId=2852, target=192.168.5.184:35370} was not shutdown properly!!! ~*~*~*
    Make sure to call shutdown()/shutdownNow() and wait until awaitTermination() returns true.
java.lang.RuntimeException: ManagedChannel allocation site
	at org.apache.ratis.thirdparty.io.grpc.internal.ManagedChannelOrphanWrapper$ManagedChannelReference.<init>(ManagedChannelOrphanWrapper.java:103)
	at org.apache.ratis.thirdparty.io.grpc.internal.ManagedChannelOrphanWrapper.<init>(ManagedChannelOrphanWrapper.java:53)
	at org.apache.ratis.thirdparty.io.grpc.internal.ManagedChannelOrphanWrapper.<init>(ManagedChannelOrphanWrapper.java:44)
	at org.apache.ratis.thirdparty.io.grpc.internal.AbstractManagedChannelImplBuilder.build(AbstractManagedChannelImplBuilder.java:411)
	at org.apache.hadoop.hdds.scm.XceiverClientGrpc.connectToDatanode(XceiverClientGrpc.java:175)
	at org.apache.hadoop.hdds.scm.XceiverClientGrpc.reconnect(XceiverClientGrpc.java:423)
	at org.apache.hadoop.hdds.scm.XceiverClientGrpc.sendCommandAsync(XceiverClientGrpc.java:372)
	at org.apache.hadoop.hdds.scm.XceiverClientGrpc.sendCommandWithRetry(XceiverClientGrpc.java:285)
	at org.apache.hadoop.hdds.scm.XceiverClientGrpc.sendCommandWithTraceIDAndRetry(XceiverClientGrpc.java:251)
	at org.apache.hadoop.hdds.scm.XceiverClientGrpc.sendCommand(XceiverClientGrpc.java:234)
	at org.apache.hadoop.hdds.scm.storage.ContainerProtocolCalls.getBlock(ContainerProtocolCalls.java:118)
	at org.apache.hadoop.hdds.scm.storage.BlockInputStream.getChunkInfos(BlockInputStream.java:167)
	at org.apache.hadoop.hdds.scm.storage.BlockInputStream.initialize(BlockInputStream.java:118)
	at org.apache.hadoop.hdds.scm.storage.BlockInputStream.read(BlockInputStream.java:222)
	at org.apache.hadoop.ozone.client.io.KeyInputStream.read(KeyInputStream.java:171)
	at org.apache.hadoop.ozone.client.io.OzoneInputStream.read(OzoneInputStream.java:47)
	at java.io.InputStream.read(InputStream.java:101)
	at org.apache.hadoop.ozone.container.ContainerTestHelper.validateData(ContainerTestHelper.java:713)
	at org.apache.hadoop.ozone.client.rpc.TestBlockOutputStreamWithFailures.validateData(TestBlockOutputStreamWithFailures.java:1216)
	at org.apache.hadoop.ozone.client.rpc.TestBlockOutputStreamWithFailures.testWatchForCommitWithSingleNodeRatis(TestBlockOutputStreamWithFailures.java:918)
	at sun.reflect.NativeMethodAccessorImpl.invoke0(Native Method)
	at sun.reflect.NativeMethodAccessorImpl.invoke(NativeMethodAccessorImpl.java:62)
	at sun.reflect.DelegatingMethodAccessorImpl.invoke(DelegatingMethodAccessorImpl.java:43)
	at java.lang.reflect.Method.invoke(Method.java:498)
	at org.junit.runners.model.FrameworkMethod$1.runReflectiveCall(FrameworkMethod.java:47)
	at org.junit.internal.runners.model.ReflectiveCallable.run(ReflectiveCallable.java:12)
	at org.junit.runners.model.FrameworkMethod.invokeExplosively(FrameworkMethod.java:44)
	at org.junit.internal.runners.statements.InvokeMethod.evaluate(InvokeMethod.java:17)
	at org.junit.internal.runners.statements.RunBefores.evaluate(RunBefores.java:26)
	at org.junit.internal.runners.statements.RunAfters.evaluate(RunAfters.java:27)
	at org.junit.runners.ParentRunner.runLeaf(ParentRunner.java:271)
	at org.junit.runners.BlockJUnit4ClassRunner.runChild(BlockJUnit4ClassRunner.java:70)
	at org.junit.runners.BlockJUnit4ClassRunner.runChild(BlockJUnit4ClassRunner.java:50)
	at org.junit.runners.ParentRunner$3.run(ParentRunner.java:238)
	at org.junit.runners.ParentRunner$1.schedule(ParentRunner.java:63)
	at org.junit.runners.ParentRunner.runChildren(ParentRunner.java:236)
	at org.junit.runners.ParentRunner.access$000(ParentRunner.java:53)
	at org.junit.runners.ParentRunner$2.evaluate(ParentRunner.java:229)
	at org.junit.runners.ParentRunner.run(ParentRunner.java:309)
	at org.apache.maven.surefire.junit4.JUnit4Provider.execute(JUnit4Provider.java:365)
	at org.apache.maven.surefire.junit4.JUnit4Provider.executeWithRerun(JUnit4Provider.java:273)
	at org.apache.maven.surefire.junit4.JUnit4Provider.executeTestSet(JUnit4Provider.java:238)
	at org.apache.maven.surefire.junit4.JUnit4Provider.invoke(JUnit4Provider.java:159)
	at org.apache.maven.surefire.booter.ForkedBooter.invokeProviderInSameClassLoader(ForkedBooter.java:384)
	at org.apache.maven.surefire.booter.ForkedBooter.runSuitesInProcess(ForkedBooter.java:345)
	at org.apache.maven.surefire.booter.ForkedBooter.execute(ForkedBooter.java:126)
	at org.apache.maven.surefire.booter.ForkedBooter.main(ForkedBooter.java:418)

Aug 30, 2019 8:03:57 AM org.apache.ratis.thirdparty.io.grpc.internal.ManagedChannelOrphanWrapper$ManagedChannelReference cleanQueue
SEVERE: *~*~*~ Channel ManagedChannelImpl{logId=2857, target=192.168.5.184:39245} was not shutdown properly!!! ~*~*~*
    Make sure to call shutdown()/shutdownNow() and wait until awaitTermination() returns true.
java.lang.RuntimeException: ManagedChannel allocation site
	at org.apache.ratis.thirdparty.io.grpc.internal.ManagedChannelOrphanWrapper$ManagedChannelReference.<init>(ManagedChannelOrphanWrapper.java:103)
	at org.apache.ratis.thirdparty.io.grpc.internal.ManagedChannelOrphanWrapper.<init>(ManagedChannelOrphanWrapper.java:53)
	at org.apache.ratis.thirdparty.io.grpc.internal.ManagedChannelOrphanWrapper.<init>(ManagedChannelOrphanWrapper.java:44)
	at org.apache.ratis.thirdparty.io.grpc.internal.AbstractManagedChannelImplBuilder.build(AbstractManagedChannelImplBuilder.java:411)
	at org.apache.hadoop.hdds.scm.XceiverClientGrpc.connectToDatanode(XceiverClientGrpc.java:175)
	at org.apache.hadoop.hdds.scm.XceiverClientGrpc.reconnect(XceiverClientGrpc.java:423)
	at org.apache.hadoop.hdds.scm.XceiverClientGrpc.sendCommandAsync(XceiverClientGrpc.java:372)
	at org.apache.hadoop.hdds.scm.XceiverClientGrpc.sendCommandWithRetry(XceiverClientGrpc.java:285)
	at org.apache.hadoop.hdds.scm.XceiverClientGrpc.sendCommandWithTraceIDAndRetry(XceiverClientGrpc.java:251)
	at org.apache.hadoop.hdds.scm.XceiverClientGrpc.sendCommand(XceiverClientGrpc.java:234)
	at org.apache.hadoop.hdds.scm.storage.ContainerProtocolCalls.getBlock(ContainerProtocolCalls.java:118)
	at org.apache.hadoop.hdds.scm.storage.BlockInputStream.getChunkInfos(BlockInputStream.java:167)
	at org.apache.hadoop.hdds.scm.storage.BlockInputStream.initialize(BlockInputStream.java:118)
	at org.apache.hadoop.hdds.scm.storage.BlockInputStream.read(BlockInputStream.java:222)
	at org.apache.hadoop.ozone.client.io.KeyInputStream.read(KeyInputStream.java:171)
	at org.apache.hadoop.ozone.client.io.OzoneInputStream.read(OzoneInputStream.java:47)
	at java.io.InputStream.read(InputStream.java:101)
	at org.apache.hadoop.ozone.container.ContainerTestHelper.validateData(ContainerTestHelper.java:713)
	at org.apache.hadoop.ozone.client.rpc.TestBlockOutputStreamWithFailures.validateData(TestBlockOutputStreamWithFailures.java:1216)
	at org.apache.hadoop.ozone.client.rpc.TestBlockOutputStreamWithFailures.testWatchForCommitWithSingleNodeRatis(TestBlockOutputStreamWithFailures.java:918)
	at sun.reflect.NativeMethodAccessorImpl.invoke0(Native Method)
	at sun.reflect.NativeMethodAccessorImpl.invoke(NativeMethodAccessorImpl.java:62)
	at sun.reflect.DelegatingMethodAccessorImpl.invoke(DelegatingMethodAccessorImpl.java:43)
	at java.lang.reflect.Method.invoke(Method.java:498)
	at org.junit.runners.model.FrameworkMethod$1.runReflectiveCall(FrameworkMethod.java:47)
	at org.junit.internal.runners.model.ReflectiveCallable.run(ReflectiveCallable.java:12)
	at org.junit.runners.model.FrameworkMethod.invokeExplosively(FrameworkMethod.java:44)
	at org.junit.internal.runners.statements.InvokeMethod.evaluate(InvokeMethod.java:17)
	at org.junit.internal.runners.statements.RunBefores.evaluate(RunBefores.java:26)
	at org.junit.internal.runners.statements.RunAfters.evaluate(RunAfters.java:27)
	at org.junit.runners.ParentRunner.runLeaf(ParentRunner.java:271)
	at org.junit.runners.BlockJUnit4ClassRunner.runChild(BlockJUnit4ClassRunner.java:70)
	at org.junit.runners.BlockJUnit4ClassRunner.runChild(BlockJUnit4ClassRunner.java:50)
	at org.junit.runners.ParentRunner$3.run(ParentRunner.java:238)
	at org.junit.runners.ParentRunner$1.schedule(ParentRunner.java:63)
	at org.junit.runners.ParentRunner.runChildren(ParentRunner.java:236)
	at org.junit.runners.ParentRunner.access$000(ParentRunner.java:53)
	at org.junit.runners.ParentRunner$2.evaluate(ParentRunner.java:229)
	at org.junit.runners.ParentRunner.run(ParentRunner.java:309)
	at org.apache.maven.surefire.junit4.JUnit4Provider.execute(JUnit4Provider.java:365)
	at org.apache.maven.surefire.junit4.JUnit4Provider.executeWithRerun(JUnit4Provider.java:273)
	at org.apache.maven.surefire.junit4.JUnit4Provider.executeTestSet(JUnit4Provider.java:238)
	at org.apache.maven.surefire.junit4.JUnit4Provider.invoke(JUnit4Provider.java:159)
	at org.apache.maven.surefire.booter.ForkedBooter.invokeProviderInSameClassLoader(ForkedBooter.java:384)
	at org.apache.maven.surefire.booter.ForkedBooter.runSuitesInProcess(ForkedBooter.java:345)
	at org.apache.maven.surefire.booter.ForkedBooter.execute(ForkedBooter.java:126)
	at org.apache.maven.surefire.booter.ForkedBooter.main(ForkedBooter.java:418)

Aug 30, 2019 8:03:57 AM org.apache.ratis.thirdparty.io.grpc.internal.ManagedChannelOrphanWrapper$ManagedChannelReference cleanQueue
SEVERE: *~*~*~ Channel ManagedChannelImpl{logId=2847, target=192.168.5.184:44396} was not shutdown properly!!! ~*~*~*
    Make sure to call shutdown()/shutdownNow() and wait until awaitTermination() returns true.
java.lang.RuntimeException: ManagedChannel allocation site
	at org.apache.ratis.thirdparty.io.grpc.internal.ManagedChannelOrphanWrapper$ManagedChannelReference.<init>(ManagedChannelOrphanWrapper.java:103)
	at org.apache.ratis.thirdparty.io.grpc.internal.ManagedChannelOrphanWrapper.<init>(ManagedChannelOrphanWrapper.java:53)
	at org.apache.ratis.thirdparty.io.grpc.internal.ManagedChannelOrphanWrapper.<init>(ManagedChannelOrphanWrapper.java:44)
	at org.apache.ratis.thirdparty.io.grpc.internal.AbstractManagedChannelImplBuilder.build(AbstractManagedChannelImplBuilder.java:411)
	at org.apache.ratis.grpc.client.GrpcClientProtocolClient.<init>(GrpcClientProtocolClient.java:119)
	at org.apache.ratis.grpc.client.GrpcClientRpc.lambda$new$0(GrpcClientRpc.java:55)
	at org.apache.ratis.util.PeerProxyMap$PeerAndProxy.lambda$getProxy$0(PeerProxyMap.java:61)
	at org.apache.ratis.util.LifeCycle.startAndTransition(LifeCycle.java:202)
	at org.apache.ratis.util.PeerProxyMap$PeerAndProxy.getProxy(PeerProxyMap.java:60)
	at org.apache.ratis.util.PeerProxyMap.getProxy(PeerProxyMap.java:107)
	at org.apache.ratis.grpc.client.GrpcClientRpc.sendRequestAsync(GrpcClientRpc.java:66)
	at org.apache.ratis.client.impl.OrderedAsync.sendRequest(OrderedAsync.java:208)
	at org.apache.ratis.client.impl.OrderedAsync.sendRequestWithRetry(OrderedAsync.java:169)
	at org.apache.ratis.util.SlidingWindow$Client.sendOrDelayRequest(SlidingWindow.java:278)
	at org.apache.ratis.util.SlidingWindow$Client.submitNewRequest(SlidingWindow.java:257)
	at org.apache.ratis.client.impl.OrderedAsync.send(OrderedAsync.java:155)
	at org.apache.ratis.client.impl.RaftClientImpl.sendAsync(RaftClientImpl.java:145)
	at org.apache.ratis.client.impl.RaftClientImpl.sendAsync(RaftClientImpl.java:125)
	at org.apache.hadoop.hdds.scm.XceiverClientRatis.sendRequestAsync(XceiverClientRatis.java:224)
	at org.apache.hadoop.hdds.scm.XceiverClientRatis.sendCommandAsync(XceiverClientRatis.java:302)
	at org.apache.hadoop.hdds.scm.storage.ContainerProtocolCalls.writeChunkAsync(ContainerProtocolCalls.java:310)
	at org.apache.hadoop.hdds.scm.storage.BlockOutputStream.writeChunkToContainer(BlockOutputStream.java:601)
	at org.apache.hadoop.hdds.scm.storage.BlockOutputStream.writeChunk(BlockOutputStream.java:459)
	at org.apache.hadoop.hdds.scm.storage.BlockOutputStream.writeOnRetry(BlockOutputStream.java:285)
	at org.apache.hadoop.ozone.client.io.BlockOutputStreamEntry.writeOnRetry(BlockOutputStreamEntry.java:200)
	at org.apache.hadoop.ozone.client.io.KeyOutputStream.handleWrite(KeyOutputStream.java:209)
	at org.apache.hadoop.ozone.client.io.KeyOutputStream.handleRetry(KeyOutputStream.java:376)
	at org.apache.hadoop.ozone.client.io.KeyOutputStream.handleException(KeyOutputStream.java:325)
	at org.apache.hadoop.ozone.client.io.KeyOutputStream.handleFlushOrClose(KeyOutputStream.java:448)
	at org.apache.hadoop.ozone.client.io.KeyOutputStream.handleWrite(KeyOutputStream.java:235)
	at org.apache.hadoop.ozone.client.io.KeyOutputStream.write(KeyOutputStream.java:193)
	at org.apache.hadoop.ozone.client.io.OzoneOutputStream.write(OzoneOutputStream.java:49)
	at java.io.OutputStream.write(OutputStream.java:75)
	at org.apache.hadoop.ozone.client.rpc.TestBlockOutputStreamWithFailures.testWatchForCommitWithSingleNodeRatis(TestBlockOutputStreamWithFailures.java:885)
	at sun.reflect.NativeMethodAccessorImpl.invoke0(Native Method)
	at sun.reflect.NativeMethodAccessorImpl.invoke(NativeMethodAccessorImpl.java:62)
	at sun.reflect.DelegatingMethodAccessorImpl.invoke(DelegatingMethodAccessorImpl.java:43)
	at java.lang.reflect.Method.invoke(Method.java:498)
	at org.junit.runners.model.FrameworkMethod$1.runReflectiveCall(FrameworkMethod.java:47)
	at org.junit.internal.runners.model.ReflectiveCallable.run(ReflectiveCallable.java:12)
	at org.junit.runners.model.FrameworkMethod.invokeExplosively(FrameworkMethod.java:44)
	at org.junit.internal.runners.statements.InvokeMethod.evaluate(InvokeMethod.java:17)
	at org.junit.internal.runners.statements.RunBefores.evaluate(RunBefores.java:26)
	at org.junit.internal.runners.statements.RunAfters.evaluate(RunAfters.java:27)
	at org.junit.runners.ParentRunner.runLeaf(ParentRunner.java:271)
	at org.junit.runners.BlockJUnit4ClassRunner.runChild(BlockJUnit4ClassRunner.java:70)
	at org.junit.runners.BlockJUnit4ClassRunner.runChild(BlockJUnit4ClassRunner.java:50)
	at org.junit.runners.ParentRunner$3.run(ParentRunner.java:238)
	at org.junit.runners.ParentRunner$1.schedule(ParentRunner.java:63)
	at org.junit.runners.ParentRunner.runChildren(ParentRunner.java:236)
	at org.junit.runners.ParentRunner.access$000(ParentRunner.java:53)
	at org.junit.runners.ParentRunner$2.evaluate(ParentRunner.java:229)
	at org.junit.runners.ParentRunner.run(ParentRunner.java:309)
	at org.apache.maven.surefire.junit4.JUnit4Provider.execute(JUnit4Provider.java:365)
	at org.apache.maven.surefire.junit4.JUnit4Provider.executeWithRerun(JUnit4Provider.java:273)
	at org.apache.maven.surefire.junit4.JUnit4Provider.executeTestSet(JUnit4Provider.java:238)
	at org.apache.maven.surefire.junit4.JUnit4Provider.invoke(JUnit4Provider.java:159)
	at org.apache.maven.surefire.booter.ForkedBooter.invokeProviderInSameClassLoader(ForkedBooter.java:384)
	at org.apache.maven.surefire.booter.ForkedBooter.runSuitesInProcess(ForkedBooter.java:345)
	at org.apache.maven.surefire.booter.ForkedBooter.execute(ForkedBooter.java:126)
	at org.apache.maven.surefire.booter.ForkedBooter.main(ForkedBooter.java:418)

Aug 30, 2019 8:03:57 AM org.apache.ratis.thirdparty.io.grpc.internal.ManagedChannelOrphanWrapper$ManagedChannelReference cleanQueue
SEVERE: *~*~*~ Channel ManagedChannelImpl{logId=2812, target=192.168.5.184:38484} was not shutdown properly!!! ~*~*~*
    Make sure to call shutdown()/shutdownNow() and wait until awaitTermination() returns true.
java.lang.RuntimeException: ManagedChannel allocation site
	at org.apache.ratis.thirdparty.io.grpc.internal.ManagedChannelOrphanWrapper$ManagedChannelReference.<init>(ManagedChannelOrphanWrapper.java:103)
	at org.apache.ratis.thirdparty.io.grpc.internal.ManagedChannelOrphanWrapper.<init>(ManagedChannelOrphanWrapper.java:53)
	at org.apache.ratis.thirdparty.io.grpc.internal.ManagedChannelOrphanWrapper.<init>(ManagedChannelOrphanWrapper.java:44)
	at org.apache.ratis.thirdparty.io.grpc.internal.AbstractManagedChannelImplBuilder.build(AbstractManagedChannelImplBuilder.java:411)
	at org.apache.ratis.grpc.client.GrpcClientProtocolClient.<init>(GrpcClientProtocolClient.java:119)
	at org.apache.ratis.grpc.client.GrpcClientRpc.lambda$new$0(GrpcClientRpc.java:55)
	at org.apache.ratis.util.PeerProxyMap$PeerAndProxy.lambda$getProxy$0(PeerProxyMap.java:61)
	at org.apache.ratis.util.LifeCycle.startAndTransition(LifeCycle.java:202)
	at org.apache.ratis.util.PeerProxyMap$PeerAndProxy.getProxy(PeerProxyMap.java:60)
	at org.apache.ratis.util.PeerProxyMap.getProxy(PeerProxyMap.java:107)
	at org.apache.ratis.grpc.client.GrpcClientRpc.sendRequestAsync(GrpcClientRpc.java:66)
	at org.apache.ratis.client.impl.OrderedAsync.sendRequest(OrderedAsync.java:208)
	at org.apache.ratis.client.impl.OrderedAsync.sendRequestWithRetry(OrderedAsync.java:169)
	at org.apache.ratis.util.SlidingWindow$Client.sendOrDelayRequest(SlidingWindow.java:278)
	at org.apache.ratis.util.SlidingWindow$Client.retry(SlidingWindow.java:294)
	at org.apache.ratis.client.impl.OrderedAsync.lambda$scheduleWithTimeout$7(OrderedAsync.java:195)
	at org.apache.ratis.util.TimeoutScheduler.lambda$onTimeout$0(TimeoutScheduler.java:85)
	at org.apache.ratis.util.TimeoutScheduler.lambda$onTimeout$1(TimeoutScheduler.java:104)
	at org.apache.ratis.util.LogUtils.runAndLog(LogUtils.java:50)
	at org.apache.ratis.util.LogUtils$1.run(LogUtils.java:91)
	at java.util.concurrent.Executors$RunnableAdapter.call(Executors.java:511)
	at java.util.concurrent.FutureTask.run(FutureTask.java:266)
	at java.util.concurrent.ScheduledThreadPoolExecutor$ScheduledFutureTask.access$201(ScheduledThreadPoolExecutor.java:180)
	at java.util.concurrent.ScheduledThreadPoolExecutor$ScheduledFutureTask.run(ScheduledThreadPoolExecutor.java:293)
	at java.util.concurrent.ThreadPoolExecutor.runWorker(ThreadPoolExecutor.java:1149)
	at java.util.concurrent.ThreadPoolExecutor$Worker.run(ThreadPoolExecutor.java:624)
	at java.lang.Thread.run(Thread.java:748)

]]></system-err>
  </testcase>
  <testcase name="testFailureWithPrimeSizedData" classname="org.apache.hadoop.ozone.client.rpc.TestBlockOutputStreamWithFailures" time="40.263"/>
  <testcase name="testWatchForCommitWithCloseContainerException" classname="org.apache.hadoop.ozone.client.rpc.TestBlockOutputStreamWithFailures" time="37.001"/>
  <testcase name="testExceptionDuringClose" classname="org.apache.hadoop.ozone.client.rpc.TestBlockOutputStreamWithFailures" time="41.578"/>
</testsuite>