<?xml version="1.0" encoding="UTF-8"?>
<testsuite xmlns:xsi="http://www.w3.org/2001/XMLSchema-instance" xsi:noNamespaceSchemaLocation="https://maven.apache.org/surefire/maven-surefire-plugin/xsd/surefire-test-report.xsd" name="org.apache.hadoop.ozone.client.rpc.TestHybridPipelineOnDatanode" time="41.823" tests="1" errors="1" skipped="0" failures="0">
  <properties>
    <property name="awt.toolkit" value="sun.awt.X11.XToolkit"/>
    <property name="file.encoding.pkg" value="sun.io"/>
    <property name="java.specification.version" value="1.8"/>
    <property name="sun.cpu.isalist" value=""/>
    <property name="sun.jnu.encoding" value="UTF-8"/>
    <property name="java.class.path" value="/workdir/hadoop-ozone/integration-test/target/test-classes:/workdir/hadoop-ozone/integration-test/target/classes:/home/user/.m2/repository/org/apache/hadoop/hadoop-ozone-common/0.5.0-SNAPSHOT/hadoop-ozone-common-0.5.0-SNAPSHOT.jar:/home/user/.m2/repository/org/apache/commons/commons-compress/1.4.1/commons-compress-1.4.1.jar:/home/user/.m2/repository/org/tukaani/xz/1.0/xz-1.0.jar:/home/user/.m2/repository/org/apache/hadoop/hadoop-common/3.2.0/hadoop-common-3.2.0.jar:/home/user/.m2/repository/org/apache/hadoop/hadoop-hdfs/3.2.0/hadoop-hdfs-3.2.0.jar:/home/user/.m2/repository/org/apache/hadoop/hadoop-hdfs-client/3.2.0/hadoop-hdfs-client-3.2.0.jar:/home/user/.m2/repository/com/fasterxml/jackson/core/jackson-annotations/2.9.5/jackson-annotations-2.9.5.jar:/home/user/.m2/repository/org/apache/hadoop/hadoop-hdds-common/0.5.0-SNAPSHOT/hadoop-hdds-common-0.5.0-SNAPSHOT.jar:/home/user/.m2/repository/javax/annotation/javax.annotation-api/1.2/javax.annotation-api-1.2.jar:/home/user/.m2/repository/org/apache/ratis/ratis-server/0.4.0-2337318-SNAPSHOT/ratis-server-0.4.0-2337318-SNAPSHOT.jar:/home/user/.m2/repository/org/apache/ratis/ratis-thirdparty-misc/0.2.0/ratis-thirdparty-misc-0.2.0.jar:/home/user/.m2/repository/org/apache/ratis/ratis-proto/0.4.0-2337318-SNAPSHOT/ratis-proto-0.4.0-2337318-SNAPSHOT.jar:/home/user/.m2/repository/org/apache/ratis/ratis-common/0.4.0-2337318-SNAPSHOT/ratis-common-0.4.0-2337318-SNAPSHOT.jar:/home/user/.m2/repository/org/apache/ratis/ratis-client/0.4.0-2337318-SNAPSHOT/ratis-client-0.4.0-2337318-SNAPSHOT.jar:/home/user/.m2/repository/org/apache/ratis/ratis-metrics/0.4.0-2337318-SNAPSHOT/ratis-metrics-0.4.0-2337318-SNAPSHOT.jar:/home/user/.m2/repository/org/apache/ratis/ratis-netty/0.4.0-2337318-SNAPSHOT/ratis-netty-0.4.0-2337318-SNAPSHOT.jar:/home/user/.m2/repository/org/apache/ratis/ratis-grpc/0.4.0-2337318-SNAPSHOT/ratis-grpc-0.4.0-2337318-SNAPSHOT.jar:/home/user/.m2/repository/org/rocksdb/rocksdbjni/6.0.1/rocksdbjni-6.0.1.jar:/home/user/.m2/repository/org/apache/logging/log4j/log4j-api/2.11.0/log4j-api-2.11.0.jar:/home/user/.m2/repository/org/apache/logging/log4j/log4j-core/2.11.0/log4j-core-2.11.0.jar:/home/user/.m2/repository/com/lmax/disruptor/3.4.2/disruptor-3.4.2.jar:/home/user/.m2/repository/org/apache/commons/commons-pool2/2.6.0/commons-pool2-2.6.0.jar:/home/user/.m2/repository/org/bouncycastle/bcpkix-jdk15on/1.60/bcpkix-jdk15on-1.60.jar:/home/user/.m2/repository/commons-validator/commons-validator/1.6/commons-validator-1.6.jar:/home/user/.m2/repository/commons-digester/commons-digester/1.8.1/commons-digester-1.8.1.jar:/home/user/.m2/repository/io/jaegertracing/jaeger-client/0.33.1/jaeger-client-0.33.1.jar:/home/user/.m2/repository/io/jaegertracing/jaeger-thrift/0.33.1/jaeger-thrift-0.33.1.jar:/home/user/.m2/repository/org/apache/thrift/libthrift/0.11.0/libthrift-0.11.0.jar:/home/user/.m2/repository/com/squareup/okhttp3/okhttp/3.9.0/okhttp-3.9.0.jar:/home/user/.m2/repository/com/squareup/okio/okio/1.13.0/okio-1.13.0.jar:/home/user/.m2/repository/io/jaegertracing/jaeger-core/0.33.1/jaeger-core-0.33.1.jar:/home/user/.m2/repository/io/jaegertracing/jaeger-tracerresolver/0.33.1/jaeger-tracerresolver-0.33.1.jar:/home/user/.m2/repository/io/opentracing/contrib/opentracing-tracerresolver/0.1.5/opentracing-tracerresolver-0.1.5.jar:/home/user/.m2/repository/io/opentracing/opentracing-util/0.31.0/opentracing-util-0.31.0.jar:/home/user/.m2/repository/io/opentracing/opentracing-api/0.31.0/opentracing-api-0.31.0.jar:/home/user/.m2/repository/io/opentracing/opentracing-noop/0.31.0/opentracing-noop-0.31.0.jar:/home/user/.m2/repository/org/apache/hadoop/hadoop-hdds-server-framework/0.5.0-SNAPSHOT/hadoop-hdds-server-framework-0.5.0-SNAPSHOT.jar:/home/user/.m2/repository/org/apache/hadoop/hadoop-hdds-container-service/0.5.0-SNAPSHOT/hadoop-hdds-container-service-0.5.0-SNAPSHOT.jar:/home/user/.m2/repository/org/apache/hadoop/hadoop-hdds-client/0.5.0-SNAPSHOT/hadoop-hdds-client-0.5.0-SNAPSHOT.jar:/home/user/.m2/repository/org/apache/hadoop/hadoop-hdds-tools/0.5.0-SNAPSHOT/hadoop-hdds-tools-0.5.0-SNAPSHOT.jar:/home/user/.m2/repository/org/apache/hadoop/hadoop-hdds-server-scm/0.5.0-SNAPSHOT/hadoop-hdds-server-scm-0.5.0-SNAPSHOT.jar:/home/user/.m2/repository/org/apache/hadoop/hadoop-hdds-docs/0.5.0-SNAPSHOT/hadoop-hdds-docs-0.5.0-SNAPSHOT.jar:/home/user/.m2/repository/io/dropwizard/metrics/metrics-core/3.2.4/metrics-core-3.2.4.jar:/home/user/.m2/repository/org/hamcrest/hamcrest-all/1.3/hamcrest-all-1.3.jar:/home/user/.m2/repository/org/bouncycastle/bcprov-jdk15on/1.60/bcprov-jdk15on-1.60.jar:/home/user/.m2/repository/info/picocli/picocli/3.9.6/picocli-3.9.6.jar:/home/user/.m2/repository/com/google/protobuf/protobuf-java/2.5.0/protobuf-java-2.5.0.jar:/home/user/.m2/repository/com/google/guava/guava/11.0.2/guava-11.0.2.jar:/home/user/.m2/repository/org/apache/hadoop/hadoop-ozone-ozone-manager/0.5.0-SNAPSHOT/hadoop-ozone-ozone-manager-0.5.0-SNAPSHOT.jar:/home/user/.m2/repository/org/apache/hadoop/hadoop-minikdc/3.2.0/hadoop-minikdc-3.2.0.jar:/home/user/.m2/repository/commons-io/commons-io/2.5/commons-io-2.5.jar:/home/user/.m2/repository/org/apache/kerby/kerb-simplekdc/1.0.1/kerb-simplekdc-1.0.1.jar:/home/user/.m2/repository/org/apache/kerby/kerb-client/1.0.1/kerb-client-1.0.1.jar:/home/user/.m2/repository/org/apache/kerby/kerby-config/1.0.1/kerby-config-1.0.1.jar:/home/user/.m2/repository/org/apache/kerby/kerb-core/1.0.1/kerb-core-1.0.1.jar:/home/user/.m2/repository/org/apache/kerby/kerby-pkix/1.0.1/kerby-pkix-1.0.1.jar:/home/user/.m2/repository/org/apache/kerby/kerby-asn1/1.0.1/kerby-asn1-1.0.1.jar:/home/user/.m2/repository/org/apache/kerby/kerby-util/1.0.1/kerby-util-1.0.1.jar:/home/user/.m2/repository/org/apache/kerby/kerb-common/1.0.1/kerb-common-1.0.1.jar:/home/user/.m2/repository/org/apache/kerby/kerb-crypto/1.0.1/kerb-crypto-1.0.1.jar:/home/user/.m2/repository/org/apache/kerby/kerb-util/1.0.1/kerb-util-1.0.1.jar:/home/user/.m2/repository/org/apache/kerby/token-provider/1.0.1/token-provider-1.0.1.jar:/home/user/.m2/repository/org/apache/kerby/kerb-admin/1.0.1/kerb-admin-1.0.1.jar:/home/user/.m2/repository/org/apache/kerby/kerb-server/1.0.1/kerb-server-1.0.1.jar:/home/user/.m2/repository/org/apache/kerby/kerb-identity/1.0.1/kerb-identity-1.0.1.jar:/home/user/.m2/repository/org/apache/kerby/kerby-xdr/1.0.1/kerby-xdr-1.0.1.jar:/home/user/.m2/repository/org/slf4j/slf4j-log4j12/1.7.25/slf4j-log4j12-1.7.25.jar:/home/user/.m2/repository/org/apache/hadoop/hadoop-ozone-objectstore-service/0.5.0-SNAPSHOT/hadoop-ozone-objectstore-service-0.5.0-SNAPSHOT.jar:/home/user/.m2/repository/org/apache/hadoop/hadoop-ozone-s3gateway/0.5.0-SNAPSHOT/hadoop-ozone-s3gateway-0.5.0-SNAPSHOT.jar:/home/user/.m2/repository/org/jboss/weld/servlet/weld-servlet/2.4.7.Final/weld-servlet-2.4.7.Final.jar:/home/user/.m2/repository/org/glassfish/jersey/containers/jersey-container-servlet-core/2.27/jersey-container-servlet-core-2.27.jar:/home/user/.m2/repository/org/glassfish/hk2/external/javax.inject/2.5.0-b42/javax.inject-2.5.0-b42.jar:/home/user/.m2/repository/org/glassfish/jersey/core/jersey-common/2.27/jersey-common-2.27.jar:/home/user/.m2/repository/org/glassfish/hk2/osgi-resource-locator/1.0.1/osgi-resource-locator-1.0.1.jar:/home/user/.m2/repository/javax/ws/rs/javax.ws.rs-api/2.1/javax.ws.rs-api-2.1.jar:/home/user/.m2/repository/org/glassfish/jersey/ext/cdi/jersey-cdi1x/2.27/jersey-cdi1x-2.27.jar:/home/user/.m2/repository/org/glassfish/jersey/inject/jersey-hk2/2.27/jersey-hk2-2.27.jar:/home/user/.m2/repository/org/glassfish/hk2/hk2-locator/2.5.0-b42/hk2-locator-2.5.0-b42.jar:/home/user/.m2/repository/org/javassist/javassist/3.22.0-CR2/javassist-3.22.0-CR2.jar:/home/user/.m2/repository/org/glassfish/hk2/hk2-api/2.5.0/hk2-api-2.5.0.jar:/home/user/.m2/repository/org/glassfish/hk2/external/jakarta.inject/2.5.0/jakarta.inject-2.5.0.jar:/home/user/.m2/repository/org/glassfish/hk2/hk2-utils/2.5.0/hk2-utils-2.5.0.jar:/home/user/.m2/repository/jakarta/annotation/jakarta.annotation-api/1.3.4/jakarta.annotation-api-1.3.4.jar:/home/user/.m2/repository/org/glassfish/hk2/external/aopalliance-repackaged/2.5.0/aopalliance-repackaged-2.5.0.jar:/home/user/.m2/repository/com/fasterxml/jackson/dataformat/jackson-dataformat-xml/2.9.0/jackson-dataformat-xml-2.9.0.jar:/home/user/.m2/repository/com/fasterxml/jackson/core/jackson-core/2.9.5/jackson-core-2.9.5.jar:/home/user/.m2/repository/com/fasterxml/jackson/module/jackson-module-jaxb-annotations/2.9.5/jackson-module-jaxb-annotations-2.9.5.jar:/home/user/.m2/repository/javax/enterprise/cdi-api/1.2/cdi-api-1.2.jar:/home/user/.m2/repository/javax/el/javax.el-api/3.0.0/javax.el-api-3.0.0.jar:/home/user/.m2/repository/javax/interceptor/javax.interceptor-api/1.2/javax.interceptor-api-1.2.jar:/home/user/.m2/repository/javax/inject/javax.inject/1/javax.inject-1.jar:/home/user/.m2/repository/com/sun/xml/bind/jaxb-impl/2.3.0.1/jaxb-impl-2.3.0.1.jar:/home/user/.m2/repository/com/sun/xml/bind/jaxb-core/2.3.0.1/jaxb-core-2.3.0.1.jar:/home/user/.m2/repository/javax/xml/bind/jaxb-api/2.3.0/jaxb-api-2.3.0.jar:/home/user/.m2/repository/javax/activation/activation/1.1.1/activation-1.1.1.jar:/home/user/.m2/repository/org/apache/hadoop/hadoop-ozone-csi/0.5.0-SNAPSHOT/hadoop-ozone-csi-0.5.0-SNAPSHOT.jar:/home/user/.m2/repository/com/google/protobuf/protobuf-java-util/3.5.1/protobuf-java-util-3.5.1.jar:/home/user/.m2/repository/org/apache/hadoop/hadoop-hdds-config/0.5.0-SNAPSHOT/hadoop-hdds-config-0.5.0-SNAPSHOT.jar:/home/user/.m2/repository/io/grpc/grpc-netty/1.17.1/grpc-netty-1.17.1.jar:/home/user/.m2/repository/io/grpc/grpc-core/1.17.1/grpc-core-1.17.1.jar:/home/user/.m2/repository/io/grpc/grpc-context/1.17.1/grpc-context-1.17.1.jar:/home/user/.m2/repository/com/google/errorprone/error_prone_annotations/2.2.0/error_prone_annotations-2.2.0.jar:/home/user/.m2/repository/org/codehaus/mojo/animal-sniffer-annotations/1.17/animal-sniffer-annotations-1.17.jar:/home/user/.m2/repository/io/opencensus/opencensus-api/0.17.0/opencensus-api-0.17.0.jar:/home/user/.m2/repository/io/opencensus/opencensus-contrib-grpc-metrics/0.17.0/opencensus-contrib-grpc-metrics-0.17.0.jar:/home/user/.m2/repository/io/netty/netty-codec-http2/4.1.30.Final/netty-codec-http2-4.1.30.Final.jar:/home/user/.m2/repository/io/netty/netty-codec-http/4.1.30.Final/netty-codec-http-4.1.30.Final.jar:/home/user/.m2/repository/io/netty/netty-codec/4.1.30.Final/netty-codec-4.1.30.Final.jar:/home/user/.m2/repository/io/netty/netty-handler/4.1.30.Final/netty-handler-4.1.30.Final.jar:/home/user/.m2/repository/io/netty/netty-handler-proxy/4.1.30.Final/netty-handler-proxy-4.1.30.Final.jar:/home/user/.m2/repository/io/netty/netty-codec-socks/4.1.30.Final/netty-codec-socks-4.1.30.Final.jar:/home/user/.m2/repository/io/netty/netty-transport-native-epoll/4.1.30.Final/netty-transport-native-epoll-4.1.30.Final.jar:/home/user/.m2/repository/io/netty/netty-common/4.1.30.Final/netty-common-4.1.30.Final.jar:/home/user/.m2/repository/io/netty/netty-buffer/4.1.30.Final/netty-buffer-4.1.30.Final.jar:/home/user/.m2/repository/io/netty/netty-transport/4.1.30.Final/netty-transport-4.1.30.Final.jar:/home/user/.m2/repository/io/netty/netty-resolver/4.1.30.Final/netty-resolver-4.1.30.Final.jar:/home/user/.m2/repository/io/netty/netty-transport-native-unix-common/4.1.30.Final/netty-transport-native-unix-common-4.1.30.Final.jar:/home/user/.m2/repository/io/grpc/grpc-protobuf/1.17.1/grpc-protobuf-1.17.1.jar:/home/user/.m2/repository/com/google/api/grpc/proto-google-common-protos/1.0.0/proto-google-common-protos-1.0.0.jar:/home/user/.m2/repository/io/grpc/grpc-protobuf-lite/1.17.1/grpc-protobuf-lite-1.17.1.jar:/home/user/.m2/repository/io/grpc/grpc-stub/1.17.1/grpc-stub-1.17.1.jar:/home/user/.m2/repository/org/apache/hadoop/hadoop-ozone-recon/0.5.0-SNAPSHOT/hadoop-ozone-recon-0.5.0-SNAPSHOT.jar:/home/user/.m2/repository/org/apache/hadoop/hadoop-ozone-reconcodegen/0.5.0-SNAPSHOT/hadoop-ozone-reconcodegen-0.5.0-SNAPSHOT.jar:/home/user/.m2/repository/com/google/inject/extensions/guice-multibindings/4.0/guice-multibindings-4.0.jar:/home/user/.m2/repository/com/google/inject/guice/4.0/guice-4.0.jar:/home/user/.m2/repository/aopalliance/aopalliance/1.0/aopalliance-1.0.jar:/home/user/.m2/repository/com/google/inject/extensions/guice-servlet/4.0/guice-servlet-4.0.jar:/home/user/.m2/repository/org/glassfish/jersey/containers/jersey-container-servlet/2.27/jersey-container-servlet-2.27.jar:/home/user/.m2/repository/org/glassfish/hk2/guice-bridge/2.5.0/guice-bridge-2.5.0.jar:/home/user/.m2/repository/org/glassfish/jersey/core/jersey-server/2.27/jersey-server-2.27.jar:/home/user/.m2/repository/org/glassfish/jersey/core/jersey-client/2.27/jersey-client-2.27.jar:/home/user/.m2/repository/org/glassfish/jersey/media/jersey-media-jaxb/2.27/jersey-media-jaxb-2.27.jar:/home/user/.m2/repository/javax/validation/validation-api/1.1.0.Final/validation-api-1.1.0.Final.jar:/home/user/.m2/repository/org/glassfish/jersey/media/jersey-media-json-jackson/2.27/jersey-media-json-jackson-2.27.jar:/home/user/.m2/repository/org/glassfish/jersey/ext/jersey-entity-filtering/2.27/jersey-entity-filtering-2.27.jar:/home/user/.m2/repository/com/google/inject/extensions/guice-assistedinject/4.0/guice-assistedinject-4.0.jar:/home/user/.m2/repository/org/jooq/jooq/3.11.10/jooq-3.11.10.jar:/home/user/.m2/repository/org/jooq/jooq-meta/3.11.10/jooq-meta-3.11.10.jar:/home/user/.m2/repository/org/jooq/jooq-codegen/3.11.10/jooq-codegen-3.11.10.jar:/home/user/.m2/repository/com/jolbox/bonecp/0.8.0.RELEASE/bonecp-0.8.0.RELEASE.jar:/home/user/.m2/repository/org/xerial/sqlite-jdbc/3.25.2/sqlite-jdbc-3.25.2.jar:/home/user/.m2/repository/org/springframework/spring-jdbc/5.1.3.RELEASE/spring-jdbc-5.1.3.RELEASE.jar:/home/user/.m2/repository/org/springframework/spring-beans/5.1.3.RELEASE/spring-beans-5.1.3.RELEASE.jar:/home/user/.m2/repository/org/springframework/spring-core/5.1.3.RELEASE/spring-core-5.1.3.RELEASE.jar:/home/user/.m2/repository/org/springframework/spring-jcl/5.1.3.RELEASE/spring-jcl-5.1.3.RELEASE.jar:/home/user/.m2/repository/org/springframework/spring-tx/5.1.3.RELEASE/spring-tx-5.1.3.RELEASE.jar:/home/user/.m2/repository/org/apache/hadoop/hadoop-ozone-client/0.5.0-SNAPSHOT/hadoop-ozone-client-0.5.0-SNAPSHOT.jar:/home/user/.m2/repository/commons-lang/commons-lang/2.6/commons-lang-2.6.jar:/home/user/.m2/repository/org/apache/hadoop/hadoop-ozone-ozone-manager/0.5.0-SNAPSHOT/hadoop-ozone-ozone-manager-0.5.0-SNAPSHOT-tests.jar:/home/user/.m2/repository/junit/junit/4.11/junit-4.11.jar:/home/user/.m2/repository/org/hamcrest/hamcrest-core/1.3/hamcrest-core-1.3.jar:/home/user/.m2/repository/org/openjdk/jmh/jmh-core/1.19/jmh-core-1.19.jar:/home/user/.m2/repository/net/sf/jopt-simple/jopt-simple/4.6/jopt-simple-4.6.jar:/home/user/.m2/repository/org/apache/commons/commons-math3/3.1.1/commons-math3-3.1.1.jar:/home/user/.m2/repository/org/openjdk/jmh/jmh-generator-annprocess/1.19/jmh-generator-annprocess-1.19.jar:/home/user/.m2/repository/org/mockito/mockito-all/1.8.5/mockito-all-1.8.5.jar:/home/user/.m2/repository/org/apache/hadoop/hadoop-kms/3.2.0/hadoop-kms-3.2.0.jar:/home/user/.m2/repository/org/apache/hadoop/hadoop-auth/3.2.0/hadoop-auth-3.2.0.jar:/home/user/.m2/repository/com/nimbusds/nimbus-jose-jwt/4.41.1/nimbus-jose-jwt-4.41.1.jar:/home/user/.m2/repository/com/github/stephenc/jcip/jcip-annotations/1.0-1/jcip-annotations-1.0-1.jar:/home/user/.m2/repository/net/minidev/json-smart/2.3/json-smart-2.3.jar:/home/user/.m2/repository/net/minidev/accessors-smart/1.2/accessors-smart-1.2.jar:/home/user/.m2/repository/org/ow2/asm/asm/5.0.4/asm-5.0.4.jar:/home/user/.m2/repository/org/apache/curator/curator-framework/2.12.0/curator-framework-2.12.0.jar:/home/user/.m2/repository/com/sun/jersey/jersey-core/1.19/jersey-core-1.19.jar:/home/user/.m2/repository/javax/ws/rs/jsr311-api/1.1.1/jsr311-api-1.1.1.jar:/home/user/.m2/repository/com/sun/jersey/jersey-server/1.19/jersey-server-1.19.jar:/home/user/.m2/repository/javax/servlet/javax.servlet-api/3.1.0/javax.servlet-api-3.1.0.jar:/home/user/.m2/repository/org/eclipse/jetty/jetty-server/9.3.24.v20180605/jetty-server-9.3.24.v20180605.jar:/home/user/.m2/repository/org/eclipse/jetty/jetty-http/9.3.24.v20180605/jetty-http-9.3.24.v20180605.jar:/home/user/.m2/repository/org/eclipse/jetty/jetty-io/9.3.24.v20180605/jetty-io-9.3.24.v20180605.jar:/home/user/.m2/repository/org/eclipse/jetty/jetty-webapp/9.3.24.v20180605/jetty-webapp-9.3.24.v20180605.jar:/home/user/.m2/repository/org/eclipse/jetty/jetty-xml/9.3.24.v20180605/jetty-xml-9.3.24.v20180605.jar:/home/user/.m2/repository/log4j/log4j/1.2.17/log4j-1.2.17.jar:/home/user/.m2/repository/org/slf4j/slf4j-api/1.7.25/slf4j-api-1.7.25.jar:/home/user/.m2/repository/org/slf4j/jul-to-slf4j/1.7.25/jul-to-slf4j-1.7.25.jar:/home/user/.m2/repository/org/eclipse/jetty/jetty-util/9.3.24.v20180605/jetty-util-9.3.24.v20180605.jar:/home/user/.m2/repository/com/fasterxml/jackson/core/jackson-databind/2.9.5/jackson-databind-2.9.5.jar:/home/user/.m2/repository/org/apache/hadoop/hadoop-kms/3.2.0/hadoop-kms-3.2.0-tests.jar:/home/user/.m2/repository/org/apache/hadoop/hadoop-hdds-server-scm/0.5.0-SNAPSHOT/hadoop-hdds-server-scm-0.5.0-SNAPSHOT-tests.jar:/home/user/.m2/repository/org/apache/hadoop/hadoop-hdds-container-service/0.5.0-SNAPSHOT/hadoop-hdds-container-service-0.5.0-SNAPSHOT-tests.jar:/home/user/.m2/repository/org/yaml/snakeyaml/1.16/snakeyaml-1.16.jar:/home/user/.m2/repository/org/apache/hadoop/hadoop-common/3.2.0/hadoop-common-3.2.0-tests.jar:/home/user/.m2/repository/org/apache/hadoop/hadoop-annotations/3.2.0/hadoop-annotations-3.2.0.jar:/usr/lib/jvm/java-1.8-openjdk/jre/../lib/tools.jar:/home/user/.m2/repository/commons-cli/commons-cli/1.2/commons-cli-1.2.jar:/home/user/.m2/repository/org/apache/httpcomponents/httpclient/4.5.2/httpclient-4.5.2.jar:/home/user/.m2/repository/org/apache/httpcomponents/httpcore/4.4.4/httpcore-4.4.4.jar:/home/user/.m2/repository/commons-codec/commons-codec/1.11/commons-codec-1.11.jar:/home/user/.m2/repository/commons-net/commons-net/3.6/commons-net-3.6.jar:/home/user/.m2/repository/commons-collections/commons-collections/3.2.2/commons-collections-3.2.2.jar:/home/user/.m2/repository/org/eclipse/jetty/jetty-servlet/9.3.24.v20180605/jetty-servlet-9.3.24.v20180605.jar:/home/user/.m2/repository/org/eclipse/jetty/jetty-security/9.3.24.v20180605/jetty-security-9.3.24.v20180605.jar:/home/user/.m2/repository/javax/servlet/jsp/jsp-api/2.1/jsp-api-2.1.jar:/home/user/.m2/repository/com/sun/jersey/jersey-servlet/1.19/jersey-servlet-1.19.jar:/home/user/.m2/repository/com/sun/jersey/jersey-json/1.19/jersey-json-1.19.jar:/home/user/.m2/repository/org/codehaus/jettison/jettison/1.1/jettison-1.1.jar:/home/user/.m2/repository/org/codehaus/jackson/jackson-core-asl/1.9.13/jackson-core-asl-1.9.13.jar:/home/user/.m2/repository/org/codehaus/jackson/jackson-mapper-asl/1.9.13/jackson-mapper-asl-1.9.13.jar:/home/user/.m2/repository/org/codehaus/jackson/jackson-jaxrs/1.9.13/jackson-jaxrs-1.9.13.jar:/home/user/.m2/repository/org/codehaus/jackson/jackson-xc/1.9.13/jackson-xc-1.9.13.jar:/home/user/.m2/repository/commons-logging/commons-logging/1.1.3/commons-logging-1.1.3.jar:/home/user/.m2/repository/commons-beanutils/commons-beanutils/1.9.3/commons-beanutils-1.9.3.jar:/home/user/.m2/repository/org/apache/commons/commons-configuration2/2.1.1/commons-configuration2-2.1.1.jar:/home/user/.m2/repository/org/apache/commons/commons-lang3/3.7/commons-lang3-3.7.jar:/home/user/.m2/repository/org/apache/commons/commons-text/1.4/commons-text-1.4.jar:/home/user/.m2/repository/org/apache/avro/avro/1.7.7/avro-1.7.7.jar:/home/user/.m2/repository/com/thoughtworks/paranamer/paranamer/2.3/paranamer-2.3.jar:/home/user/.m2/repository/org/xerial/snappy/snappy-java/1.0.5/snappy-java-1.0.5.jar:/home/user/.m2/repository/com/google/re2j/re2j/1.1/re2j-1.1.jar:/home/user/.m2/repository/com/google/code/gson/gson/2.2.4/gson-2.2.4.jar:/home/user/.m2/repository/com/jcraft/jsch/0.1.54/jsch-0.1.54.jar:/home/user/.m2/repository/org/apache/curator/curator-client/2.12.0/curator-client-2.12.0.jar:/home/user/.m2/repository/org/apache/curator/curator-recipes/2.12.0/curator-recipes-2.12.0.jar:/home/user/.m2/repository/com/google/code/findbugs/jsr305/3.0.0/jsr305-3.0.0.jar:/home/user/.m2/repository/org/apache/htrace/htrace-core4/4.1.0-incubating/htrace-core4-4.1.0-incubating.jar:/home/user/.m2/repository/org/apache/zookeeper/zookeeper/3.4.13/zookeeper-3.4.13.jar:/home/user/.m2/repository/org/apache/yetus/audience-annotations/0.5.0/audience-annotations-0.5.0.jar:/home/user/.m2/repository/org/codehaus/woodstox/stax2-api/3.1.4/stax2-api-3.1.4.jar:/home/user/.m2/repository/com/fasterxml/woodstox/woodstox-core/5.0.3/woodstox-core-5.0.3.jar:/home/user/.m2/repository/dnsjava/dnsjava/2.1.7/dnsjava-2.1.7.jar:/home/user/.m2/repository/org/apache/hadoop/hadoop-hdfs/3.2.0/hadoop-hdfs-3.2.0-tests.jar:/home/user/.m2/repository/org/eclipse/jetty/jetty-util-ajax/9.3.24.v20180605/jetty-util-ajax-9.3.24.v20180605.jar:/home/user/.m2/repository/commons-daemon/commons-daemon/1.0.13/commons-daemon-1.0.13.jar:/home/user/.m2/repository/io/netty/netty/3.10.5.Final/netty-3.10.5.Final.jar:/home/user/.m2/repository/io/netty/netty-all/4.0.52.Final/netty-all-4.0.52.Final.jar:/home/user/.m2/repository/org/fusesource/leveldbjni/leveldbjni-all/1.8/leveldbjni-all-1.8.jar:"/>
    <property name="java.vm.vendor" value="IcedTea"/>
    <property name="sun.arch.data.model" value="64"/>
    <property name="test.build.dir" value="/workdir/hadoop-ozone/integration-test/target/test-dir"/>
    <property name="test.cache.data" value=""/>
    <property name="java.vendor.url" value="https://icedtea.classpath.org"/>
    <property name="user.timezone" value=""/>
    <property name="java.vm.specification.version" value="1.8"/>
    <property name="os.name" value="Linux"/>
    <property name="test.build.data" value="/workdir/hadoop-ozone/integration-test/target/test-dir"/>
    <property name="user.country" value="US"/>
    <property name="sun.java.launcher" value="SUN_STANDARD"/>
    <property name="sun.boot.library.path" value="/usr/lib/jvm/java-1.8-openjdk/jre/lib/amd64"/>
    <property name="sun.java.command" value="/workdir/hadoop-ozone/integration-test/target/surefire/surefirebooter3600571933290855820.jar /workdir/hadoop-ozone/integration-test/target/surefire 2019-09-19T08-36-14_945-jvmRun1 surefire791624936786523387tmp surefire_28740817619074455186tmp"/>
    <property name="test" value="!TestMiniChaosOzoneCluster"/>
    <property name="surefire.test.class.path" value="/workdir/hadoop-ozone/integration-test/target/test-classes:/workdir/hadoop-ozone/integration-test/target/classes:/home/user/.m2/repository/org/apache/hadoop/hadoop-ozone-common/0.5.0-SNAPSHOT/hadoop-ozone-common-0.5.0-SNAPSHOT.jar:/home/user/.m2/repository/org/apache/commons/commons-compress/1.4.1/commons-compress-1.4.1.jar:/home/user/.m2/repository/org/tukaani/xz/1.0/xz-1.0.jar:/home/user/.m2/repository/org/apache/hadoop/hadoop-common/3.2.0/hadoop-common-3.2.0.jar:/home/user/.m2/repository/org/apache/hadoop/hadoop-hdfs/3.2.0/hadoop-hdfs-3.2.0.jar:/home/user/.m2/repository/org/apache/hadoop/hadoop-hdfs-client/3.2.0/hadoop-hdfs-client-3.2.0.jar:/home/user/.m2/repository/com/fasterxml/jackson/core/jackson-annotations/2.9.5/jackson-annotations-2.9.5.jar:/home/user/.m2/repository/org/apache/hadoop/hadoop-hdds-common/0.5.0-SNAPSHOT/hadoop-hdds-common-0.5.0-SNAPSHOT.jar:/home/user/.m2/repository/javax/annotation/javax.annotation-api/1.2/javax.annotation-api-1.2.jar:/home/user/.m2/repository/org/apache/ratis/ratis-server/0.4.0-2337318-SNAPSHOT/ratis-server-0.4.0-2337318-SNAPSHOT.jar:/home/user/.m2/repository/org/apache/ratis/ratis-thirdparty-misc/0.2.0/ratis-thirdparty-misc-0.2.0.jar:/home/user/.m2/repository/org/apache/ratis/ratis-proto/0.4.0-2337318-SNAPSHOT/ratis-proto-0.4.0-2337318-SNAPSHOT.jar:/home/user/.m2/repository/org/apache/ratis/ratis-common/0.4.0-2337318-SNAPSHOT/ratis-common-0.4.0-2337318-SNAPSHOT.jar:/home/user/.m2/repository/org/apache/ratis/ratis-client/0.4.0-2337318-SNAPSHOT/ratis-client-0.4.0-2337318-SNAPSHOT.jar:/home/user/.m2/repository/org/apache/ratis/ratis-metrics/0.4.0-2337318-SNAPSHOT/ratis-metrics-0.4.0-2337318-SNAPSHOT.jar:/home/user/.m2/repository/org/apache/ratis/ratis-netty/0.4.0-2337318-SNAPSHOT/ratis-netty-0.4.0-2337318-SNAPSHOT.jar:/home/user/.m2/repository/org/apache/ratis/ratis-grpc/0.4.0-2337318-SNAPSHOT/ratis-grpc-0.4.0-2337318-SNAPSHOT.jar:/home/user/.m2/repository/org/rocksdb/rocksdbjni/6.0.1/rocksdbjni-6.0.1.jar:/home/user/.m2/repository/org/apache/logging/log4j/log4j-api/2.11.0/log4j-api-2.11.0.jar:/home/user/.m2/repository/org/apache/logging/log4j/log4j-core/2.11.0/log4j-core-2.11.0.jar:/home/user/.m2/repository/com/lmax/disruptor/3.4.2/disruptor-3.4.2.jar:/home/user/.m2/repository/org/apache/commons/commons-pool2/2.6.0/commons-pool2-2.6.0.jar:/home/user/.m2/repository/org/bouncycastle/bcpkix-jdk15on/1.60/bcpkix-jdk15on-1.60.jar:/home/user/.m2/repository/commons-validator/commons-validator/1.6/commons-validator-1.6.jar:/home/user/.m2/repository/commons-digester/commons-digester/1.8.1/commons-digester-1.8.1.jar:/home/user/.m2/repository/io/jaegertracing/jaeger-client/0.33.1/jaeger-client-0.33.1.jar:/home/user/.m2/repository/io/jaegertracing/jaeger-thrift/0.33.1/jaeger-thrift-0.33.1.jar:/home/user/.m2/repository/org/apache/thrift/libthrift/0.11.0/libthrift-0.11.0.jar:/home/user/.m2/repository/com/squareup/okhttp3/okhttp/3.9.0/okhttp-3.9.0.jar:/home/user/.m2/repository/com/squareup/okio/okio/1.13.0/okio-1.13.0.jar:/home/user/.m2/repository/io/jaegertracing/jaeger-core/0.33.1/jaeger-core-0.33.1.jar:/home/user/.m2/repository/io/jaegertracing/jaeger-tracerresolver/0.33.1/jaeger-tracerresolver-0.33.1.jar:/home/user/.m2/repository/io/opentracing/contrib/opentracing-tracerresolver/0.1.5/opentracing-tracerresolver-0.1.5.jar:/home/user/.m2/repository/io/opentracing/opentracing-util/0.31.0/opentracing-util-0.31.0.jar:/home/user/.m2/repository/io/opentracing/opentracing-api/0.31.0/opentracing-api-0.31.0.jar:/home/user/.m2/repository/io/opentracing/opentracing-noop/0.31.0/opentracing-noop-0.31.0.jar:/home/user/.m2/repository/org/apache/hadoop/hadoop-hdds-server-framework/0.5.0-SNAPSHOT/hadoop-hdds-server-framework-0.5.0-SNAPSHOT.jar:/home/user/.m2/repository/org/apache/hadoop/hadoop-hdds-container-service/0.5.0-SNAPSHOT/hadoop-hdds-container-service-0.5.0-SNAPSHOT.jar:/home/user/.m2/repository/org/apache/hadoop/hadoop-hdds-client/0.5.0-SNAPSHOT/hadoop-hdds-client-0.5.0-SNAPSHOT.jar:/home/user/.m2/repository/org/apache/hadoop/hadoop-hdds-tools/0.5.0-SNAPSHOT/hadoop-hdds-tools-0.5.0-SNAPSHOT.jar:/home/user/.m2/repository/org/apache/hadoop/hadoop-hdds-server-scm/0.5.0-SNAPSHOT/hadoop-hdds-server-scm-0.5.0-SNAPSHOT.jar:/home/user/.m2/repository/org/apache/hadoop/hadoop-hdds-docs/0.5.0-SNAPSHOT/hadoop-hdds-docs-0.5.0-SNAPSHOT.jar:/home/user/.m2/repository/io/dropwizard/metrics/metrics-core/3.2.4/metrics-core-3.2.4.jar:/home/user/.m2/repository/org/hamcrest/hamcrest-all/1.3/hamcrest-all-1.3.jar:/home/user/.m2/repository/org/bouncycastle/bcprov-jdk15on/1.60/bcprov-jdk15on-1.60.jar:/home/user/.m2/repository/info/picocli/picocli/3.9.6/picocli-3.9.6.jar:/home/user/.m2/repository/com/google/protobuf/protobuf-java/2.5.0/protobuf-java-2.5.0.jar:/home/user/.m2/repository/com/google/guava/guava/11.0.2/guava-11.0.2.jar:/home/user/.m2/repository/org/apache/hadoop/hadoop-ozone-ozone-manager/0.5.0-SNAPSHOT/hadoop-ozone-ozone-manager-0.5.0-SNAPSHOT.jar:/home/user/.m2/repository/org/apache/hadoop/hadoop-minikdc/3.2.0/hadoop-minikdc-3.2.0.jar:/home/user/.m2/repository/commons-io/commons-io/2.5/commons-io-2.5.jar:/home/user/.m2/repository/org/apache/kerby/kerb-simplekdc/1.0.1/kerb-simplekdc-1.0.1.jar:/home/user/.m2/repository/org/apache/kerby/kerb-client/1.0.1/kerb-client-1.0.1.jar:/home/user/.m2/repository/org/apache/kerby/kerby-config/1.0.1/kerby-config-1.0.1.jar:/home/user/.m2/repository/org/apache/kerby/kerb-core/1.0.1/kerb-core-1.0.1.jar:/home/user/.m2/repository/org/apache/kerby/kerby-pkix/1.0.1/kerby-pkix-1.0.1.jar:/home/user/.m2/repository/org/apache/kerby/kerby-asn1/1.0.1/kerby-asn1-1.0.1.jar:/home/user/.m2/repository/org/apache/kerby/kerby-util/1.0.1/kerby-util-1.0.1.jar:/home/user/.m2/repository/org/apache/kerby/kerb-common/1.0.1/kerb-common-1.0.1.jar:/home/user/.m2/repository/org/apache/kerby/kerb-crypto/1.0.1/kerb-crypto-1.0.1.jar:/home/user/.m2/repository/org/apache/kerby/kerb-util/1.0.1/kerb-util-1.0.1.jar:/home/user/.m2/repository/org/apache/kerby/token-provider/1.0.1/token-provider-1.0.1.jar:/home/user/.m2/repository/org/apache/kerby/kerb-admin/1.0.1/kerb-admin-1.0.1.jar:/home/user/.m2/repository/org/apache/kerby/kerb-server/1.0.1/kerb-server-1.0.1.jar:/home/user/.m2/repository/org/apache/kerby/kerb-identity/1.0.1/kerb-identity-1.0.1.jar:/home/user/.m2/repository/org/apache/kerby/kerby-xdr/1.0.1/kerby-xdr-1.0.1.jar:/home/user/.m2/repository/org/slf4j/slf4j-log4j12/1.7.25/slf4j-log4j12-1.7.25.jar:/home/user/.m2/repository/org/apache/hadoop/hadoop-ozone-objectstore-service/0.5.0-SNAPSHOT/hadoop-ozone-objectstore-service-0.5.0-SNAPSHOT.jar:/home/user/.m2/repository/org/apache/hadoop/hadoop-ozone-s3gateway/0.5.0-SNAPSHOT/hadoop-ozone-s3gateway-0.5.0-SNAPSHOT.jar:/home/user/.m2/repository/org/jboss/weld/servlet/weld-servlet/2.4.7.Final/weld-servlet-2.4.7.Final.jar:/home/user/.m2/repository/org/glassfish/jersey/containers/jersey-container-servlet-core/2.27/jersey-container-servlet-core-2.27.jar:/home/user/.m2/repository/org/glassfish/hk2/external/javax.inject/2.5.0-b42/javax.inject-2.5.0-b42.jar:/home/user/.m2/repository/org/glassfish/jersey/core/jersey-common/2.27/jersey-common-2.27.jar:/home/user/.m2/repository/org/glassfish/hk2/osgi-resource-locator/1.0.1/osgi-resource-locator-1.0.1.jar:/home/user/.m2/repository/javax/ws/rs/javax.ws.rs-api/2.1/javax.ws.rs-api-2.1.jar:/home/user/.m2/repository/org/glassfish/jersey/ext/cdi/jersey-cdi1x/2.27/jersey-cdi1x-2.27.jar:/home/user/.m2/repository/org/glassfish/jersey/inject/jersey-hk2/2.27/jersey-hk2-2.27.jar:/home/user/.m2/repository/org/glassfish/hk2/hk2-locator/2.5.0-b42/hk2-locator-2.5.0-b42.jar:/home/user/.m2/repository/org/javassist/javassist/3.22.0-CR2/javassist-3.22.0-CR2.jar:/home/user/.m2/repository/org/glassfish/hk2/hk2-api/2.5.0/hk2-api-2.5.0.jar:/home/user/.m2/repository/org/glassfish/hk2/external/jakarta.inject/2.5.0/jakarta.inject-2.5.0.jar:/home/user/.m2/repository/org/glassfish/hk2/hk2-utils/2.5.0/hk2-utils-2.5.0.jar:/home/user/.m2/repository/jakarta/annotation/jakarta.annotation-api/1.3.4/jakarta.annotation-api-1.3.4.jar:/home/user/.m2/repository/org/glassfish/hk2/external/aopalliance-repackaged/2.5.0/aopalliance-repackaged-2.5.0.jar:/home/user/.m2/repository/com/fasterxml/jackson/dataformat/jackson-dataformat-xml/2.9.0/jackson-dataformat-xml-2.9.0.jar:/home/user/.m2/repository/com/fasterxml/jackson/core/jackson-core/2.9.5/jackson-core-2.9.5.jar:/home/user/.m2/repository/com/fasterxml/jackson/module/jackson-module-jaxb-annotations/2.9.5/jackson-module-jaxb-annotations-2.9.5.jar:/home/user/.m2/repository/javax/enterprise/cdi-api/1.2/cdi-api-1.2.jar:/home/user/.m2/repository/javax/el/javax.el-api/3.0.0/javax.el-api-3.0.0.jar:/home/user/.m2/repository/javax/interceptor/javax.interceptor-api/1.2/javax.interceptor-api-1.2.jar:/home/user/.m2/repository/javax/inject/javax.inject/1/javax.inject-1.jar:/home/user/.m2/repository/com/sun/xml/bind/jaxb-impl/2.3.0.1/jaxb-impl-2.3.0.1.jar:/home/user/.m2/repository/com/sun/xml/bind/jaxb-core/2.3.0.1/jaxb-core-2.3.0.1.jar:/home/user/.m2/repository/javax/xml/bind/jaxb-api/2.3.0/jaxb-api-2.3.0.jar:/home/user/.m2/repository/javax/activation/activation/1.1.1/activation-1.1.1.jar:/home/user/.m2/repository/org/apache/hadoop/hadoop-ozone-csi/0.5.0-SNAPSHOT/hadoop-ozone-csi-0.5.0-SNAPSHOT.jar:/home/user/.m2/repository/com/google/protobuf/protobuf-java-util/3.5.1/protobuf-java-util-3.5.1.jar:/home/user/.m2/repository/org/apache/hadoop/hadoop-hdds-config/0.5.0-SNAPSHOT/hadoop-hdds-config-0.5.0-SNAPSHOT.jar:/home/user/.m2/repository/io/grpc/grpc-netty/1.17.1/grpc-netty-1.17.1.jar:/home/user/.m2/repository/io/grpc/grpc-core/1.17.1/grpc-core-1.17.1.jar:/home/user/.m2/repository/io/grpc/grpc-context/1.17.1/grpc-context-1.17.1.jar:/home/user/.m2/repository/com/google/errorprone/error_prone_annotations/2.2.0/error_prone_annotations-2.2.0.jar:/home/user/.m2/repository/org/codehaus/mojo/animal-sniffer-annotations/1.17/animal-sniffer-annotations-1.17.jar:/home/user/.m2/repository/io/opencensus/opencensus-api/0.17.0/opencensus-api-0.17.0.jar:/home/user/.m2/repository/io/opencensus/opencensus-contrib-grpc-metrics/0.17.0/opencensus-contrib-grpc-metrics-0.17.0.jar:/home/user/.m2/repository/io/netty/netty-codec-http2/4.1.30.Final/netty-codec-http2-4.1.30.Final.jar:/home/user/.m2/repository/io/netty/netty-codec-http/4.1.30.Final/netty-codec-http-4.1.30.Final.jar:/home/user/.m2/repository/io/netty/netty-codec/4.1.30.Final/netty-codec-4.1.30.Final.jar:/home/user/.m2/repository/io/netty/netty-handler/4.1.30.Final/netty-handler-4.1.30.Final.jar:/home/user/.m2/repository/io/netty/netty-handler-proxy/4.1.30.Final/netty-handler-proxy-4.1.30.Final.jar:/home/user/.m2/repository/io/netty/netty-codec-socks/4.1.30.Final/netty-codec-socks-4.1.30.Final.jar:/home/user/.m2/repository/io/netty/netty-transport-native-epoll/4.1.30.Final/netty-transport-native-epoll-4.1.30.Final.jar:/home/user/.m2/repository/io/netty/netty-common/4.1.30.Final/netty-common-4.1.30.Final.jar:/home/user/.m2/repository/io/netty/netty-buffer/4.1.30.Final/netty-buffer-4.1.30.Final.jar:/home/user/.m2/repository/io/netty/netty-transport/4.1.30.Final/netty-transport-4.1.30.Final.jar:/home/user/.m2/repository/io/netty/netty-resolver/4.1.30.Final/netty-resolver-4.1.30.Final.jar:/home/user/.m2/repository/io/netty/netty-transport-native-unix-common/4.1.30.Final/netty-transport-native-unix-common-4.1.30.Final.jar:/home/user/.m2/repository/io/grpc/grpc-protobuf/1.17.1/grpc-protobuf-1.17.1.jar:/home/user/.m2/repository/com/google/api/grpc/proto-google-common-protos/1.0.0/proto-google-common-protos-1.0.0.jar:/home/user/.m2/repository/io/grpc/grpc-protobuf-lite/1.17.1/grpc-protobuf-lite-1.17.1.jar:/home/user/.m2/repository/io/grpc/grpc-stub/1.17.1/grpc-stub-1.17.1.jar:/home/user/.m2/repository/org/apache/hadoop/hadoop-ozone-recon/0.5.0-SNAPSHOT/hadoop-ozone-recon-0.5.0-SNAPSHOT.jar:/home/user/.m2/repository/org/apache/hadoop/hadoop-ozone-reconcodegen/0.5.0-SNAPSHOT/hadoop-ozone-reconcodegen-0.5.0-SNAPSHOT.jar:/home/user/.m2/repository/com/google/inject/extensions/guice-multibindings/4.0/guice-multibindings-4.0.jar:/home/user/.m2/repository/com/google/inject/guice/4.0/guice-4.0.jar:/home/user/.m2/repository/aopalliance/aopalliance/1.0/aopalliance-1.0.jar:/home/user/.m2/repository/com/google/inject/extensions/guice-servlet/4.0/guice-servlet-4.0.jar:/home/user/.m2/repository/org/glassfish/jersey/containers/jersey-container-servlet/2.27/jersey-container-servlet-2.27.jar:/home/user/.m2/repository/org/glassfish/hk2/guice-bridge/2.5.0/guice-bridge-2.5.0.jar:/home/user/.m2/repository/org/glassfish/jersey/core/jersey-server/2.27/jersey-server-2.27.jar:/home/user/.m2/repository/org/glassfish/jersey/core/jersey-client/2.27/jersey-client-2.27.jar:/home/user/.m2/repository/org/glassfish/jersey/media/jersey-media-jaxb/2.27/jersey-media-jaxb-2.27.jar:/home/user/.m2/repository/javax/validation/validation-api/1.1.0.Final/validation-api-1.1.0.Final.jar:/home/user/.m2/repository/org/glassfish/jersey/media/jersey-media-json-jackson/2.27/jersey-media-json-jackson-2.27.jar:/home/user/.m2/repository/org/glassfish/jersey/ext/jersey-entity-filtering/2.27/jersey-entity-filtering-2.27.jar:/home/user/.m2/repository/com/google/inject/extensions/guice-assistedinject/4.0/guice-assistedinject-4.0.jar:/home/user/.m2/repository/org/jooq/jooq/3.11.10/jooq-3.11.10.jar:/home/user/.m2/repository/org/jooq/jooq-meta/3.11.10/jooq-meta-3.11.10.jar:/home/user/.m2/repository/org/jooq/jooq-codegen/3.11.10/jooq-codegen-3.11.10.jar:/home/user/.m2/repository/com/jolbox/bonecp/0.8.0.RELEASE/bonecp-0.8.0.RELEASE.jar:/home/user/.m2/repository/org/xerial/sqlite-jdbc/3.25.2/sqlite-jdbc-3.25.2.jar:/home/user/.m2/repository/org/springframework/spring-jdbc/5.1.3.RELEASE/spring-jdbc-5.1.3.RELEASE.jar:/home/user/.m2/repository/org/springframework/spring-beans/5.1.3.RELEASE/spring-beans-5.1.3.RELEASE.jar:/home/user/.m2/repository/org/springframework/spring-core/5.1.3.RELEASE/spring-core-5.1.3.RELEASE.jar:/home/user/.m2/repository/org/springframework/spring-jcl/5.1.3.RELEASE/spring-jcl-5.1.3.RELEASE.jar:/home/user/.m2/repository/org/springframework/spring-tx/5.1.3.RELEASE/spring-tx-5.1.3.RELEASE.jar:/home/user/.m2/repository/org/apache/hadoop/hadoop-ozone-client/0.5.0-SNAPSHOT/hadoop-ozone-client-0.5.0-SNAPSHOT.jar:/home/user/.m2/repository/commons-lang/commons-lang/2.6/commons-lang-2.6.jar:/home/user/.m2/repository/org/apache/hadoop/hadoop-ozone-ozone-manager/0.5.0-SNAPSHOT/hadoop-ozone-ozone-manager-0.5.0-SNAPSHOT-tests.jar:/home/user/.m2/repository/junit/junit/4.11/junit-4.11.jar:/home/user/.m2/repository/org/hamcrest/hamcrest-core/1.3/hamcrest-core-1.3.jar:/home/user/.m2/repository/org/openjdk/jmh/jmh-core/1.19/jmh-core-1.19.jar:/home/user/.m2/repository/net/sf/jopt-simple/jopt-simple/4.6/jopt-simple-4.6.jar:/home/user/.m2/repository/org/apache/commons/commons-math3/3.1.1/commons-math3-3.1.1.jar:/home/user/.m2/repository/org/openjdk/jmh/jmh-generator-annprocess/1.19/jmh-generator-annprocess-1.19.jar:/home/user/.m2/repository/org/mockito/mockito-all/1.8.5/mockito-all-1.8.5.jar:/home/user/.m2/repository/org/apache/hadoop/hadoop-kms/3.2.0/hadoop-kms-3.2.0.jar:/home/user/.m2/repository/org/apache/hadoop/hadoop-auth/3.2.0/hadoop-auth-3.2.0.jar:/home/user/.m2/repository/com/nimbusds/nimbus-jose-jwt/4.41.1/nimbus-jose-jwt-4.41.1.jar:/home/user/.m2/repository/com/github/stephenc/jcip/jcip-annotations/1.0-1/jcip-annotations-1.0-1.jar:/home/user/.m2/repository/net/minidev/json-smart/2.3/json-smart-2.3.jar:/home/user/.m2/repository/net/minidev/accessors-smart/1.2/accessors-smart-1.2.jar:/home/user/.m2/repository/org/ow2/asm/asm/5.0.4/asm-5.0.4.jar:/home/user/.m2/repository/org/apache/curator/curator-framework/2.12.0/curator-framework-2.12.0.jar:/home/user/.m2/repository/com/sun/jersey/jersey-core/1.19/jersey-core-1.19.jar:/home/user/.m2/repository/javax/ws/rs/jsr311-api/1.1.1/jsr311-api-1.1.1.jar:/home/user/.m2/repository/com/sun/jersey/jersey-server/1.19/jersey-server-1.19.jar:/home/user/.m2/repository/javax/servlet/javax.servlet-api/3.1.0/javax.servlet-api-3.1.0.jar:/home/user/.m2/repository/org/eclipse/jetty/jetty-server/9.3.24.v20180605/jetty-server-9.3.24.v20180605.jar:/home/user/.m2/repository/org/eclipse/jetty/jetty-http/9.3.24.v20180605/jetty-http-9.3.24.v20180605.jar:/home/user/.m2/repository/org/eclipse/jetty/jetty-io/9.3.24.v20180605/jetty-io-9.3.24.v20180605.jar:/home/user/.m2/repository/org/eclipse/jetty/jetty-webapp/9.3.24.v20180605/jetty-webapp-9.3.24.v20180605.jar:/home/user/.m2/repository/org/eclipse/jetty/jetty-xml/9.3.24.v20180605/jetty-xml-9.3.24.v20180605.jar:/home/user/.m2/repository/log4j/log4j/1.2.17/log4j-1.2.17.jar:/home/user/.m2/repository/org/slf4j/slf4j-api/1.7.25/slf4j-api-1.7.25.jar:/home/user/.m2/repository/org/slf4j/jul-to-slf4j/1.7.25/jul-to-slf4j-1.7.25.jar:/home/user/.m2/repository/org/eclipse/jetty/jetty-util/9.3.24.v20180605/jetty-util-9.3.24.v20180605.jar:/home/user/.m2/repository/com/fasterxml/jackson/core/jackson-databind/2.9.5/jackson-databind-2.9.5.jar:/home/user/.m2/repository/org/apache/hadoop/hadoop-kms/3.2.0/hadoop-kms-3.2.0-tests.jar:/home/user/.m2/repository/org/apache/hadoop/hadoop-hdds-server-scm/0.5.0-SNAPSHOT/hadoop-hdds-server-scm-0.5.0-SNAPSHOT-tests.jar:/home/user/.m2/repository/org/apache/hadoop/hadoop-hdds-container-service/0.5.0-SNAPSHOT/hadoop-hdds-container-service-0.5.0-SNAPSHOT-tests.jar:/home/user/.m2/repository/org/yaml/snakeyaml/1.16/snakeyaml-1.16.jar:/home/user/.m2/repository/org/apache/hadoop/hadoop-common/3.2.0/hadoop-common-3.2.0-tests.jar:/home/user/.m2/repository/org/apache/hadoop/hadoop-annotations/3.2.0/hadoop-annotations-3.2.0.jar:/usr/lib/jvm/java-1.8-openjdk/jre/../lib/tools.jar:/home/user/.m2/repository/commons-cli/commons-cli/1.2/commons-cli-1.2.jar:/home/user/.m2/repository/org/apache/httpcomponents/httpclient/4.5.2/httpclient-4.5.2.jar:/home/user/.m2/repository/org/apache/httpcomponents/httpcore/4.4.4/httpcore-4.4.4.jar:/home/user/.m2/repository/commons-codec/commons-codec/1.11/commons-codec-1.11.jar:/home/user/.m2/repository/commons-net/commons-net/3.6/commons-net-3.6.jar:/home/user/.m2/repository/commons-collections/commons-collections/3.2.2/commons-collections-3.2.2.jar:/home/user/.m2/repository/org/eclipse/jetty/jetty-servlet/9.3.24.v20180605/jetty-servlet-9.3.24.v20180605.jar:/home/user/.m2/repository/org/eclipse/jetty/jetty-security/9.3.24.v20180605/jetty-security-9.3.24.v20180605.jar:/home/user/.m2/repository/javax/servlet/jsp/jsp-api/2.1/jsp-api-2.1.jar:/home/user/.m2/repository/com/sun/jersey/jersey-servlet/1.19/jersey-servlet-1.19.jar:/home/user/.m2/repository/com/sun/jersey/jersey-json/1.19/jersey-json-1.19.jar:/home/user/.m2/repository/org/codehaus/jettison/jettison/1.1/jettison-1.1.jar:/home/user/.m2/repository/org/codehaus/jackson/jackson-core-asl/1.9.13/jackson-core-asl-1.9.13.jar:/home/user/.m2/repository/org/codehaus/jackson/jackson-mapper-asl/1.9.13/jackson-mapper-asl-1.9.13.jar:/home/user/.m2/repository/org/codehaus/jackson/jackson-jaxrs/1.9.13/jackson-jaxrs-1.9.13.jar:/home/user/.m2/repository/org/codehaus/jackson/jackson-xc/1.9.13/jackson-xc-1.9.13.jar:/home/user/.m2/repository/commons-logging/commons-logging/1.1.3/commons-logging-1.1.3.jar:/home/user/.m2/repository/commons-beanutils/commons-beanutils/1.9.3/commons-beanutils-1.9.3.jar:/home/user/.m2/repository/org/apache/commons/commons-configuration2/2.1.1/commons-configuration2-2.1.1.jar:/home/user/.m2/repository/org/apache/commons/commons-lang3/3.7/commons-lang3-3.7.jar:/home/user/.m2/repository/org/apache/commons/commons-text/1.4/commons-text-1.4.jar:/home/user/.m2/repository/org/apache/avro/avro/1.7.7/avro-1.7.7.jar:/home/user/.m2/repository/com/thoughtworks/paranamer/paranamer/2.3/paranamer-2.3.jar:/home/user/.m2/repository/org/xerial/snappy/snappy-java/1.0.5/snappy-java-1.0.5.jar:/home/user/.m2/repository/com/google/re2j/re2j/1.1/re2j-1.1.jar:/home/user/.m2/repository/com/google/code/gson/gson/2.2.4/gson-2.2.4.jar:/home/user/.m2/repository/com/jcraft/jsch/0.1.54/jsch-0.1.54.jar:/home/user/.m2/repository/org/apache/curator/curator-client/2.12.0/curator-client-2.12.0.jar:/home/user/.m2/repository/org/apache/curator/curator-recipes/2.12.0/curator-recipes-2.12.0.jar:/home/user/.m2/repository/com/google/code/findbugs/jsr305/3.0.0/jsr305-3.0.0.jar:/home/user/.m2/repository/org/apache/htrace/htrace-core4/4.1.0-incubating/htrace-core4-4.1.0-incubating.jar:/home/user/.m2/repository/org/apache/zookeeper/zookeeper/3.4.13/zookeeper-3.4.13.jar:/home/user/.m2/repository/org/apache/yetus/audience-annotations/0.5.0/audience-annotations-0.5.0.jar:/home/user/.m2/repository/org/codehaus/woodstox/stax2-api/3.1.4/stax2-api-3.1.4.jar:/home/user/.m2/repository/com/fasterxml/woodstox/woodstox-core/5.0.3/woodstox-core-5.0.3.jar:/home/user/.m2/repository/dnsjava/dnsjava/2.1.7/dnsjava-2.1.7.jar:/home/user/.m2/repository/org/apache/hadoop/hadoop-hdfs/3.2.0/hadoop-hdfs-3.2.0-tests.jar:/home/user/.m2/repository/org/eclipse/jetty/jetty-util-ajax/9.3.24.v20180605/jetty-util-ajax-9.3.24.v20180605.jar:/home/user/.m2/repository/commons-daemon/commons-daemon/1.0.13/commons-daemon-1.0.13.jar:/home/user/.m2/repository/io/netty/netty/3.10.5.Final/netty-3.10.5.Final.jar:/home/user/.m2/repository/io/netty/netty-all/4.0.52.Final/netty-all-4.0.52.Final.jar:/home/user/.m2/repository/org/fusesource/leveldbjni/leveldbjni-all/1.8/leveldbjni-all-1.8.jar:"/>
    <property name="sun.cpu.endian" value="little"/>
    <property name="user.home" value="/home/user"/>
    <property name="user.language" value="en"/>
    <property name="java.specification.vendor" value="Oracle Corporation"/>
    <property name="java.home" value="/usr/lib/jvm/java-1.8-openjdk/jre"/>
    <property name="java.security.krb5.conf" value="/workdir/hadoop-ozone/integration-test/target/test-classes/krb5.conf"/>
    <property name="basedir" value="/workdir/hadoop-ozone/integration-test"/>
    <property name="file.separator" value="/"/>
    <property name="line.separator" value="&#10;"/>
    <property name="java.vm.specification.vendor" value="Oracle Corporation"/>
    <property name="java.specification.name" value="Java Platform API Specification"/>
    <property name="java.awt.graphicsenv" value="sun.awt.X11GraphicsEnvironment"/>
    <property name="surefire.real.class.path" value="/workdir/hadoop-ozone/integration-test/target/surefire/surefirebooter3600571933290855820.jar"/>
    <property name="hadoop.log.dir" value="/workdir/hadoop-ozone/integration-test/target/log"/>
    <property name="sun.boot.class.path" value="/usr/lib/jvm/java-1.8-openjdk/jre/lib/resources.jar:/usr/lib/jvm/java-1.8-openjdk/jre/lib/rt.jar:/usr/lib/jvm/java-1.8-openjdk/jre/lib/sunrsasign.jar:/usr/lib/jvm/java-1.8-openjdk/jre/lib/jsse.jar:/usr/lib/jvm/java-1.8-openjdk/jre/lib/jce.jar:/usr/lib/jvm/java-1.8-openjdk/jre/lib/charsets.jar:/usr/lib/jvm/java-1.8-openjdk/jre/lib/jfr.jar:/usr/lib/jvm/java-1.8-openjdk/jre/classes"/>
    <property name="sun.management.compiler" value="HotSpot 64-Bit Tiered Compilers"/>
    <property name="java.runtime.version" value="1.8.0_212-b04"/>
    <property name="java.net.preferIPv4Stack" value="true"/>
    <property name="user.name" value="jenkins1000"/>
    <property name="path.separator" value=":"/>
    <property name="java.security.egd" value="file:///dev/urandom"/>
    <property name="os.version" value="3.10.0-957.12.2.el7.x86_64"/>
    <property name="java.endorsed.dirs" value="/usr/lib/jvm/java-1.8-openjdk/jre/lib/endorsed"/>
    <property name="java.runtime.name" value="OpenJDK Runtime Environment"/>
    <property name="file.encoding" value="UTF-8"/>
    <property name="java.vm.name" value="OpenJDK 64-Bit Server VM"/>
    <property name="test.build.webapps" value=""/>
    <property name="localRepository" value="/home/user/.m2/repository"/>
    <property name="java.vendor.url.bug" value="https://icedtea.classpath.org/bugzilla"/>
    <property name="java.io.tmpdir" value="/tmp"/>
    <property name="require.test.libhadoop" value=""/>
    <property name="java.version" value="1.8.0_212"/>
    <property name="user.dir" value="/workdir/hadoop-ozone/integration-test"/>
    <property name="os.arch" value="amd64"/>
    <property name="java.vm.specification.name" value="Java Virtual Machine Specification"/>
    <property name="test.build.classes" value="/workdir/hadoop-ozone/integration-test/target/test-classes"/>
    <property name="java.awt.printerjob" value="sun.print.PSPrinterJob"/>
    <property name="sun.os.patch.level" value="unknown"/>
    <property name="hadoop.tmp.dir" value="/workdir/hadoop-ozone/integration-test/target/tmp"/>
    <property name="java.library.path" value="/usr/lib/jvm/java-1.8-openjdk/jre/lib/amd64/server:/usr/lib/jvm/java-1.8-openjdk/jre/lib/amd64:/usr/lib/jvm/java-1.8-openjdk/jre/../lib/amd64:/workdir/hadoop-ozone/integration-test/target/native/target/usr/local/lib:/workdir/hadoop-ozone/integration-test/../../hadoop-common-project/hadoop-common/target/native/target/usr/local/lib:/usr/java/packages/lib/amd64:/usr/lib64:/lib64:/lib:/usr/lib"/>
    <property name="java.vm.info" value="mixed mode"/>
    <property name="java.vendor" value="IcedTea"/>
    <property name="java.vm.version" value="25.212-b04"/>
    <property name="java.ext.dirs" value="/usr/lib/jvm/java-1.8-openjdk/jre/lib/ext:/usr/java/packages/lib/ext"/>
    <property name="sun.io.unicode.encoding" value="UnicodeLittle"/>
    <property name="java.class.version" value="52.0"/>
  </properties>
  <testcase name="testHybridPipelineOnDatanode" classname="org.apache.hadoop.ozone.client.rpc.TestHybridPipelineOnDatanode" time="17.879">
    <error message="Allocated 0 blocks. Requested 1 blocks" type="INTERNAL_ERROR org.apache.hadoop.ozone.om.exceptions.OMException">INTERNAL_ERROR org.apache.hadoop.ozone.om.exceptions.OMException: Allocated 0 blocks. Requested 1 blocks
	at org.apache.hadoop.ozone.om.protocolPB.OzoneManagerProtocolClientSideTranslatorPB.handleError(OzoneManagerProtocolClientSideTranslatorPB.java:725)
	at org.apache.hadoop.ozone.om.protocolPB.OzoneManagerProtocolClientSideTranslatorPB.openKey(OzoneManagerProtocolClientSideTranslatorPB.java:716)
	at org.apache.hadoop.ozone.client.rpc.RpcClient.createKey(RpcClient.java:615)
	at org.apache.hadoop.ozone.client.OzoneBucket.createKey(OzoneBucket.java:323)
	at org.apache.hadoop.ozone.client.rpc.TestHybridPipelineOnDatanode.testHybridPipelineOnDatanode(TestHybridPipelineOnDatanode.java:115)
	at sun.reflect.NativeMethodAccessorImpl.invoke0(Native Method)
	at sun.reflect.NativeMethodAccessorImpl.invoke(NativeMethodAccessorImpl.java:62)
	at sun.reflect.DelegatingMethodAccessorImpl.invoke(DelegatingMethodAccessorImpl.java:43)
	at java.lang.reflect.Method.invoke(Method.java:498)
	at org.junit.runners.model.FrameworkMethod$1.runReflectiveCall(FrameworkMethod.java:47)
	at org.junit.internal.runners.model.ReflectiveCallable.run(ReflectiveCallable.java:12)
	at org.junit.runners.model.FrameworkMethod.invokeExplosively(FrameworkMethod.java:44)
	at org.junit.internal.runners.statements.InvokeMethod.evaluate(InvokeMethod.java:17)
	at org.junit.runners.ParentRunner.runLeaf(ParentRunner.java:271)
	at org.junit.runners.BlockJUnit4ClassRunner.runChild(BlockJUnit4ClassRunner.java:70)
	at org.junit.runners.BlockJUnit4ClassRunner.runChild(BlockJUnit4ClassRunner.java:50)
	at org.junit.runners.ParentRunner$3.run(ParentRunner.java:238)
	at org.junit.runners.ParentRunner$1.schedule(ParentRunner.java:63)
	at org.junit.runners.ParentRunner.runChildren(ParentRunner.java:236)
	at org.junit.runners.ParentRunner.access$000(ParentRunner.java:53)
	at org.junit.runners.ParentRunner$2.evaluate(ParentRunner.java:229)
	at org.junit.internal.runners.statements.RunBefores.evaluate(RunBefores.java:26)
	at org.junit.internal.runners.statements.RunAfters.evaluate(RunAfters.java:27)
	at org.junit.runners.ParentRunner.run(ParentRunner.java:309)
	at org.apache.maven.surefire.junit4.JUnit4Provider.execute(JUnit4Provider.java:365)
	at org.apache.maven.surefire.junit4.JUnit4Provider.executeWithRerun(JUnit4Provider.java:273)
	at org.apache.maven.surefire.junit4.JUnit4Provider.executeTestSet(JUnit4Provider.java:238)
	at org.apache.maven.surefire.junit4.JUnit4Provider.invoke(JUnit4Provider.java:159)
	at org.apache.maven.surefire.booter.ForkedBooter.invokeProviderInSameClassLoader(ForkedBooter.java:384)
	at org.apache.maven.surefire.booter.ForkedBooter.runSuitesInProcess(ForkedBooter.java:345)
	at org.apache.maven.surefire.booter.ForkedBooter.execute(ForkedBooter.java:126)
	at org.apache.maven.surefire.booter.ForkedBooter.main(ForkedBooter.java:418)
</error>
    <system-out><![CDATA[2019-09-19 08:58:34,675 [main] WARN  server.ServerUtils (ServerUtils.java:getScmDbDir(145)) - ozone.scm.db.dirs is not configured. We recommend adding this setting. Falling back to ozone.metadata.dirs instead.
2019-09-19 08:58:34,772 [main] WARN  server.ServerUtils (ServerUtils.java:getScmDbDir(145)) - ozone.scm.db.dirs is not configured. We recommend adding this setting. Falling back to ozone.metadata.dirs instead.
2019-09-19 08:58:34,775 [main] WARN  server.ServerUtils (ServerUtils.java:getScmDbDir(145)) - ozone.scm.db.dirs is not configured. We recommend adding this setting. Falling back to ozone.metadata.dirs instead.
2019-09-19 08:58:34,798 [main] INFO  util.log (Log.java:initialized(192)) - Logging initialized @836ms
2019-09-19 08:58:34,926 [main] INFO  db.DBStoreBuilder (DBStoreBuilder.java:addTable(110)) - using custom profile for table: deletedBlocks
2019-09-19 08:58:34,927 [main] INFO  db.DBStoreBuilder (DBStoreBuilder.java:processTables(161)) - Using default column profile:DBProfile.DISK for Table:deletedBlocks
2019-09-19 08:58:34,927 [main] INFO  db.DBStoreBuilder (DBStoreBuilder.java:addTable(110)) - using custom profile for table: validCerts
2019-09-19 08:58:34,927 [main] INFO  db.DBStoreBuilder (DBStoreBuilder.java:processTables(161)) - Using default column profile:DBProfile.DISK for Table:validCerts
2019-09-19 08:58:34,928 [main] INFO  db.DBStoreBuilder (DBStoreBuilder.java:addTable(110)) - using custom profile for table: revokedCerts
2019-09-19 08:58:34,928 [main] INFO  db.DBStoreBuilder (DBStoreBuilder.java:processTables(161)) - Using default column profile:DBProfile.DISK for Table:revokedCerts
2019-09-19 08:58:34,940 [main] INFO  db.DBStoreBuilder (DBStoreBuilder.java:addTable(110)) - using custom profile for table: default
2019-09-19 08:58:34,940 [main] INFO  db.DBStoreBuilder (DBStoreBuilder.java:processTables(167)) - Using default column profile:DBProfile.DISK for Table:default
2019-09-19 08:58:34,941 [main] INFO  db.DBStoreBuilder (DBStoreBuilder.java:getDbProfile(198)) - Using default options. DBProfile.DISK
2019-09-19 08:58:35,436 [main] INFO  net.NodeSchemaLoader (NodeSchemaLoader.java:loadSchemaFromFile(125)) - Loading file from sun.misc.CompoundEnumeration@1ea9f6af
2019-09-19 08:58:35,439 [main] INFO  net.NodeSchemaLoader (NodeSchemaLoader.java:loadSchema(171)) - Loading network topology layer schema file
2019-09-19 08:58:35,533 [main] WARN  server.ServerUtils (ServerUtils.java:sanitizeUserArgs(70)) - ozone.scm.stale.node.interval value = 300000 is larger than max = 100000 based on the key value of ozone.scm.heartbeat.thread.interval, reset to the max value 100000.
2019-09-19 08:58:35,535 [main] WARN  server.ServerUtils (ServerUtils.java:sanitizeUserArgs(70)) - ozone.scm.stale.node.interval value = 300000 is larger than max = 100000 based on the key value of ozone.scm.heartbeat.thread.interval, reset to the max value 100000.
2019-09-19 08:58:35,537 [main] INFO  node.SCMNodeManager (SCMNodeManager.java:<init>(121)) - Entering startup safe mode.
2019-09-19 08:58:35,621 [main] INFO  algorithms.ContainerPlacementPolicyFactory (ContainerPlacementPolicyFactory.java:getPolicy(56)) - Create container placement policy of type org.apache.hadoop.hdds.scm.container.placement.algorithms.SCMContainerPlacementRandom
2019-09-19 08:58:35,639 [main] WARN  server.ServerUtils (ServerUtils.java:getScmDbDir(145)) - ozone.scm.db.dirs is not configured. We recommend adding this setting. Falling back to ozone.metadata.dirs instead.
2019-09-19 08:58:35,782 [main] INFO  pipeline.SCMPipelineManager (SCMPipelineManager.java:initializePipelineState(126)) - No pipeline exists in current db
2019-09-19 08:58:35,784 [main] WARN  server.ServerUtils (ServerUtils.java:getScmDbDir(145)) - ozone.scm.db.dirs is not configured. We recommend adding this setting. Falling back to ozone.metadata.dirs instead.
2019-09-19 08:58:35,944 [main] WARN  events.EventQueue (EventQueue.java:fireEvent(175)) - No event handler registered for event TypedEvent{payloadType=SafeModeStatus, name='SafeModeStatus'}
2019-09-19 08:58:36,485 [main] INFO  ipc.CallQueueManager (CallQueueManager.java:<init>(84)) - Using callQueue: class java.util.concurrent.LinkedBlockingQueue, queueCapacity: 2000, scheduler: class org.apache.hadoop.ipc.DefaultRpcScheduler, ipcBackoff: false.
2019-09-19 08:58:36,796 [Socket Reader #1 for port 43624] INFO  ipc.Server (Server.java:run(1074)) - Starting Socket Reader #1 for port 43624
2019-09-19 08:58:36,840 [main] INFO  ipc.CallQueueManager (CallQueueManager.java:<init>(84)) - Using callQueue: class java.util.concurrent.LinkedBlockingQueue, queueCapacity: 2000, scheduler: class org.apache.hadoop.ipc.DefaultRpcScheduler, ipcBackoff: false.
2019-09-19 08:58:36,841 [Socket Reader #1 for port 42927] INFO  ipc.Server (Server.java:run(1074)) - Starting Socket Reader #1 for port 42927
2019-09-19 08:58:36,853 [main] INFO  ipc.CallQueueManager (CallQueueManager.java:<init>(84)) - Using callQueue: class java.util.concurrent.LinkedBlockingQueue, queueCapacity: 2000, scheduler: class org.apache.hadoop.ipc.DefaultRpcScheduler, ipcBackoff: false.
2019-09-19 08:58:36,854 [Socket Reader #1 for port 42956] INFO  ipc.Server (Server.java:run(1074)) - Starting Socket Reader #1 for port 42956
2019-09-19 08:58:36,883 [main] INFO  hdfs.DFSUtil (DFSUtil.java:httpServerTemplateForNNAndJN(1641)) - Starting Web-server for scm at: http://0.0.0.0:0
2019-09-19 08:58:37,093 [main] INFO  server.AuthenticationFilter (AuthenticationFilter.java:constructSecretProvider(240)) - Unable to initialize FileSignerSecretProvider, falling back to use random secrets.
2019-09-19 08:58:37,103 [main] WARN  http.HttpRequestLog (HttpRequestLog.java:getRequestLog(97)) - Jetty request log can only be enabled using Log4j
2019-09-19 08:58:37,112 [main] INFO  http.HttpServer2 (HttpServer2.java:addGlobalFilter(975)) - Added global filter 'safety' (class=org.apache.hadoop.http.HttpServer2$QuotingInputFilter)
2019-09-19 08:58:37,115 [main] INFO  http.HttpServer2 (HttpServer2.java:addFilter(948)) - Added filter static_user_filter (class=org.apache.hadoop.http.lib.StaticUserWebFilter$StaticUserFilter) to context scm
2019-09-19 08:58:37,115 [main] INFO  http.HttpServer2 (HttpServer2.java:addFilter(958)) - Added filter static_user_filter (class=org.apache.hadoop.http.lib.StaticUserWebFilter$StaticUserFilter) to context logs
2019-09-19 08:58:37,115 [main] INFO  http.HttpServer2 (HttpServer2.java:addFilter(958)) - Added filter static_user_filter (class=org.apache.hadoop.http.lib.StaticUserWebFilter$StaticUserFilter) to context static
2019-09-19 08:58:37,144 [main] INFO  server.StorageContainerManager (StorageContainerManager.java:start(759)) - StorageContainerLocationProtocol RPC server is listening at /0.0.0.0:42956
2019-09-19 08:58:37,213 [main] WARN  impl.MetricsConfig (MetricsConfig.java:loadFirst(134)) - Cannot locate configuration: tried hadoop-metrics2-storagecontainermanager.properties,hadoop-metrics2.properties
2019-09-19 08:58:37,226 [main] INFO  impl.MetricsSystemImpl (MetricsSystemImpl.java:startTimer(374)) - Scheduled Metric snapshot period at 10 second(s).
2019-09-19 08:58:37,227 [main] INFO  impl.MetricsSystemImpl (MetricsSystemImpl.java:start(191)) - StorageContainerManager metrics system started
2019-09-19 08:58:37,485 [main] INFO  server.SCMClientProtocolServer (SCMClientProtocolServer.java:start(151)) - RPC server for Client  is listening at /0.0.0.0:42956
2019-09-19 08:58:37,486 [IPC Server listener on 42956] INFO  ipc.Server (Server.java:run(1153)) - IPC Server listener on 42956: starting
2019-09-19 08:58:37,486 [IPC Server Responder] INFO  ipc.Server (Server.java:run(1314)) - IPC Server Responder: starting
2019-09-19 08:58:37,489 [main] INFO  server.StorageContainerManager (StorageContainerManager.java:start(769)) - ScmBlockLocationProtocol RPC server is listening at /0.0.0.0:42927
2019-09-19 08:58:37,489 [main] INFO  server.SCMBlockProtocolServer (SCMBlockProtocolServer.java:start(140)) - RPC server for Block Protocol is listening at /0.0.0.0:42927
2019-09-19 08:58:37,489 [IPC Server Responder] INFO  ipc.Server (Server.java:run(1314)) - IPC Server Responder: starting
2019-09-19 08:58:37,490 [IPC Server listener on 42927] INFO  ipc.Server (Server.java:run(1153)) - IPC Server listener on 42927: starting
2019-09-19 08:58:37,492 [main] INFO  server.StorageContainerManager (StorageContainerManager.java:start(773)) - ScmDatanodeProtocl RPC server is listening at /0.0.0.0:43624
2019-09-19 08:58:37,492 [main] INFO  server.SCMDatanodeProtocolServer (SCMDatanodeProtocolServer.java:start(191)) - RPC server for DataNodes is listening at /0.0.0.0:43624
2019-09-19 08:58:37,492 [IPC Server Responder] INFO  ipc.Server (Server.java:run(1314)) - IPC Server Responder: starting
2019-09-19 08:58:37,492 [IPC Server listener on 43624] INFO  ipc.Server (Server.java:run(1153)) - IPC Server listener on 43624: starting
2019-09-19 08:58:37,496 [main] INFO  http.HttpServer2 (HttpServer2.java:bindListener(1191)) - Jetty bound to port 36522
2019-09-19 08:58:37,498 [main] INFO  server.Server (Server.java:doStart(351)) - jetty-9.3.24.v20180605, build timestamp: 2018-06-05T17:11:56Z, git hash: 84205aa28f11a4f31f2a3b86d1bba2cc8ab69827
2019-09-19 08:58:37,534 [main] INFO  handler.ContextHandler (ContextHandler.java:doStart(781)) - Started o.e.j.s.ServletContextHandler@14dda234{/logs,file:///workdir/hadoop-ozone/integration-test/target/log,AVAILABLE}
2019-09-19 08:58:37,534 [main] INFO  handler.ContextHandler (ContextHandler.java:doStart(781)) - Started o.e.j.s.ServletContextHandler@74a6a609{/static,file:///workdir/hadoop-ozone/integration-test/target/test-classes/webapps/static,AVAILABLE}
2019-09-19 08:58:37,575 [main] INFO  handler.ContextHandler (ContextHandler.java:doStart(781)) - Started o.e.j.w.WebAppContext@41394595{/,file:///workdir/hadoop-ozone/integration-test/target/test-classes/webapps/scm/,AVAILABLE}{/scm}
2019-09-19 08:58:37,583 [main] INFO  server.AbstractConnector (AbstractConnector.java:doStart(278)) - Started ServerConnector@158d255c{HTTP/1.1,[http/1.1]}{0.0.0.0:36522}
2019-09-19 08:58:37,583 [main] INFO  server.Server (Server.java:doStart(419)) - Started @3622ms
2019-09-19 08:58:37,585 [main] INFO  server.BaseHttpServer (BaseHttpServer.java:updateConnectorAddress(213)) - HTTP server of SCM is listening at http://0.0.0.0:36522
2019-09-19 08:58:37,591 [org.apache.hadoop.util.JvmPauseMonitor$Monitor@5bd73d1a] INFO  util.JvmPauseMonitor (JvmPauseMonitor.java:run(188)) - Starting JVM pause monitor
2019-09-19 08:58:37,595 [main] WARN  server.ServerUtils (ServerUtils.java:getDBPath(222)) - ozone.om.db.dirs is not configured. We recommend adding this setting. Falling back to ozone.metadata.dirs instead.
2019-09-19 08:58:37,702 [main] WARN  server.ServerUtils (ServerUtils.java:getDBPath(222)) - ozone.om.db.dirs is not configured. We recommend adding this setting. Falling back to ozone.metadata.dirs instead.
2019-09-19 08:58:37,703 [main] WARN  server.ServerUtils (ServerUtils.java:getDBPath(222)) - ozone.om.db.dirs is not configured. We recommend adding this setting. Falling back to ozone.metadata.dirs instead.
2019-09-19 08:58:37,704 [main] INFO  om.OzoneManager (OzoneManager.java:setOMNodeDetails(645)) - OM Service ID is not set. Setting it to the default ID: omServiceIdDefault
2019-09-19 08:58:37,704 [main] INFO  om.OzoneManager (OzoneManager.java:setOMNodeDetails(651)) - OM Node ID is not set. Setting it to the OmStorage's OmID: efe9a8fd-f8e5-4e77-a17e-e9dcb5062aad
2019-09-19 08:58:37,705 [main] INFO  om.OzoneManager (OzoneManager.java:loadOMHAConfigs(602)) - Found matching OM address with OMServiceId: null, OMNodeId: null, RPC Address: localhost:0 and Ratis port: 9872
2019-09-19 08:58:37,960 | INFO  | SCMAudit | user=jenkins1000 | ip=192.168.157.204 | op=GET_SCM_INFO null | ret=SUCCESS |  
2019-09-19 08:58:38,456 [main] WARN  server.ServerUtils (ServerUtils.java:getDBPath(222)) - ozone.om.db.dirs is not configured. We recommend adding this setting. Falling back to ozone.metadata.dirs instead.
2019-09-19 08:58:38,470 [main] INFO  db.DBStoreBuilder (DBStoreBuilder.java:addTable(110)) - using custom profile for table: userTable
2019-09-19 08:58:38,470 [main] INFO  db.DBStoreBuilder (DBStoreBuilder.java:processTables(161)) - Using default column profile:DBProfile.DISK for Table:userTable
2019-09-19 08:58:38,471 [main] INFO  db.DBStoreBuilder (DBStoreBuilder.java:addTable(110)) - using custom profile for table: volumeTable
2019-09-19 08:58:38,471 [main] INFO  db.DBStoreBuilder (DBStoreBuilder.java:processTables(161)) - Using default column profile:DBProfile.DISK for Table:volumeTable
2019-09-19 08:58:38,472 [main] INFO  db.DBStoreBuilder (DBStoreBuilder.java:addTable(110)) - using custom profile for table: bucketTable
2019-09-19 08:58:38,472 [main] INFO  db.DBStoreBuilder (DBStoreBuilder.java:processTables(161)) - Using default column profile:DBProfile.DISK for Table:bucketTable
2019-09-19 08:58:38,473 [main] INFO  db.DBStoreBuilder (DBStoreBuilder.java:addTable(110)) - using custom profile for table: keyTable
2019-09-19 08:58:38,473 [main] INFO  db.DBStoreBuilder (DBStoreBuilder.java:processTables(161)) - Using default column profile:DBProfile.DISK for Table:keyTable
2019-09-19 08:58:38,474 [main] INFO  db.DBStoreBuilder (DBStoreBuilder.java:addTable(110)) - using custom profile for table: deletedTable
2019-09-19 08:58:38,474 [main] INFO  db.DBStoreBuilder (DBStoreBuilder.java:processTables(161)) - Using default column profile:DBProfile.DISK for Table:deletedTable
2019-09-19 08:58:38,474 [main] INFO  db.DBStoreBuilder (DBStoreBuilder.java:addTable(110)) - using custom profile for table: openKeyTable
2019-09-19 08:58:38,475 [main] INFO  db.DBStoreBuilder (DBStoreBuilder.java:processTables(161)) - Using default column profile:DBProfile.DISK for Table:openKeyTable
2019-09-19 08:58:38,475 [main] INFO  db.DBStoreBuilder (DBStoreBuilder.java:addTable(110)) - using custom profile for table: s3Table
2019-09-19 08:58:38,475 [main] INFO  db.DBStoreBuilder (DBStoreBuilder.java:processTables(161)) - Using default column profile:DBProfile.DISK for Table:s3Table
2019-09-19 08:58:38,476 [main] INFO  db.DBStoreBuilder (DBStoreBuilder.java:addTable(110)) - using custom profile for table: multipartInfoTable
2019-09-19 08:58:38,476 [main] INFO  db.DBStoreBuilder (DBStoreBuilder.java:processTables(161)) - Using default column profile:DBProfile.DISK for Table:multipartInfoTable
2019-09-19 08:58:38,476 [main] INFO  db.DBStoreBuilder (DBStoreBuilder.java:addTable(110)) - using custom profile for table: dTokenTable
2019-09-19 08:58:38,477 [main] INFO  db.DBStoreBuilder (DBStoreBuilder.java:processTables(161)) - Using default column profile:DBProfile.DISK for Table:dTokenTable
2019-09-19 08:58:38,477 [main] INFO  db.DBStoreBuilder (DBStoreBuilder.java:addTable(110)) - using custom profile for table: s3SecretTable
2019-09-19 08:58:38,477 [main] INFO  db.DBStoreBuilder (DBStoreBuilder.java:processTables(161)) - Using default column profile:DBProfile.DISK for Table:s3SecretTable
2019-09-19 08:58:38,478 [main] INFO  db.DBStoreBuilder (DBStoreBuilder.java:addTable(110)) - using custom profile for table: prefixTable
2019-09-19 08:58:38,478 [main] INFO  db.DBStoreBuilder (DBStoreBuilder.java:processTables(161)) - Using default column profile:DBProfile.DISK for Table:prefixTable
2019-09-19 08:58:38,478 [main] INFO  db.DBStoreBuilder (DBStoreBuilder.java:addTable(110)) - using custom profile for table: default
2019-09-19 08:58:38,479 [main] INFO  db.DBStoreBuilder (DBStoreBuilder.java:processTables(167)) - Using default column profile:DBProfile.DISK for Table:default
2019-09-19 08:58:38,479 [main] INFO  db.DBStoreBuilder (DBStoreBuilder.java:getDbProfile(198)) - Using default options. DBProfile.DISK
2019-09-19 08:58:39,846 [main] INFO  ipc.CallQueueManager (CallQueueManager.java:<init>(84)) - Using callQueue: class java.util.concurrent.LinkedBlockingQueue, queueCapacity: 2000, scheduler: class org.apache.hadoop.ipc.DefaultRpcScheduler, ipcBackoff: false.
2019-09-19 08:58:39,847 [Socket Reader #1 for port 35250] INFO  ipc.Server (Server.java:run(1074)) - Starting Socket Reader #1 for port 35250
2019-09-19 08:58:39,867 [main] INFO  om.OzoneManager (OzoneManager.java:start(1256)) - OzoneManager RPC server is listening at localhost/127.0.0.1:35250
2019-09-19 08:58:39,867 [main] INFO  impl.MetricsSystemImpl (MetricsSystemImpl.java:init(158)) - OzoneManager metrics system started (again)
2019-09-19 08:58:39,868 [IPC Server Responder] INFO  ipc.Server (Server.java:run(1314)) - IPC Server Responder: starting
2019-09-19 08:58:39,869 [IPC Server listener on 35250] INFO  ipc.Server (Server.java:run(1153)) - IPC Server listener on 35250: starting
2019-09-19 08:58:39,874 [main] INFO  hdfs.DFSUtil (DFSUtil.java:httpServerTemplateForNNAndJN(1641)) - Starting Web-server for ozoneManager at: http://0.0.0.0:0
2019-09-19 08:58:39,875 [main] INFO  server.AuthenticationFilter (AuthenticationFilter.java:constructSecretProvider(240)) - Unable to initialize FileSignerSecretProvider, falling back to use random secrets.
2019-09-19 08:58:39,876 [main] WARN  http.HttpRequestLog (HttpRequestLog.java:getRequestLog(97)) - Jetty request log can only be enabled using Log4j
2019-09-19 08:58:39,881 [main] INFO  http.HttpServer2 (HttpServer2.java:addGlobalFilter(975)) - Added global filter 'safety' (class=org.apache.hadoop.http.HttpServer2$QuotingInputFilter)
2019-09-19 08:58:39,883 [main] INFO  http.HttpServer2 (HttpServer2.java:addFilter(948)) - Added filter static_user_filter (class=org.apache.hadoop.http.lib.StaticUserWebFilter$StaticUserFilter) to context ozoneManager
2019-09-19 08:58:39,883 [main] INFO  http.HttpServer2 (HttpServer2.java:addFilter(958)) - Added filter static_user_filter (class=org.apache.hadoop.http.lib.StaticUserWebFilter$StaticUserFilter) to context logs
2019-09-19 08:58:39,884 [main] INFO  http.HttpServer2 (HttpServer2.java:addFilter(958)) - Added filter static_user_filter (class=org.apache.hadoop.http.lib.StaticUserWebFilter$StaticUserFilter) to context static
2019-09-19 08:58:40,128 [main] INFO  http.HttpServer2 (HttpServer2.java:bindListener(1191)) - Jetty bound to port 33945
2019-09-19 08:58:40,129 [main] INFO  server.Server (Server.java:doStart(351)) - jetty-9.3.24.v20180605, build timestamp: 2018-06-05T17:11:56Z, git hash: 84205aa28f11a4f31f2a3b86d1bba2cc8ab69827
2019-09-19 08:58:40,133 [main] INFO  handler.ContextHandler (ContextHandler.java:doStart(781)) - Started o.e.j.s.ServletContextHandler@543e593{/logs,file:///workdir/hadoop-ozone/integration-test/target/log,AVAILABLE}
2019-09-19 08:58:40,134 [main] INFO  handler.ContextHandler (ContextHandler.java:doStart(781)) - Started o.e.j.s.ServletContextHandler@51ec2df1{/static,file:///workdir/hadoop-ozone/integration-test/target/test-classes/webapps/static,AVAILABLE}
2019-09-19 08:58:40,148 [main] INFO  handler.ContextHandler (ContextHandler.java:doStart(781)) - Started o.e.j.w.WebAppContext@24fabd0f{/,file:///workdir/hadoop-ozone/integration-test/target/test-classes/webapps/ozoneManager/,AVAILABLE}{/ozoneManager}
2019-09-19 08:58:40,149 [main] INFO  server.AbstractConnector (AbstractConnector.java:doStart(278)) - Started ServerConnector@250b236d{HTTP/1.1,[http/1.1]}{0.0.0.0:33945}
2019-09-19 08:58:40,150 [main] INFO  server.Server (Server.java:doStart(419)) - Started @6189ms
2019-09-19 08:58:40,152 [main] INFO  server.BaseHttpServer (BaseHttpServer.java:updateConnectorAddress(213)) - HTTP server of OZONEMANAGER is listening at http://0.0.0.0:33945
2019-09-19 08:58:40,311 [main] INFO  impl.MetricsSystemImpl (MetricsSystemImpl.java:init(158)) - HddsDatanode metrics system started (again)
2019-09-19 08:58:40,402 [main] INFO  ozone.HddsDatanodeService (HddsDatanodeService.java:start(184)) - HddsDatanodeService host:pr-hdds-1569-cpgw4-1311585219 ip:192.168.157.204
2019-09-19 08:58:40,434 [main] INFO  volume.HddsVolume (HddsVolume.java:<init>(176)) - Creating Volume: /workdir/hadoop-ozone/integration-test/target/test-dir/MiniOzoneClusterImpl-bdb48ef2-e70a-4dc5-a65a-dd2ce314b41a/datanode-0/data/containers/hdds of  storage type : DISK and capacity : 1482555576320
2019-09-19 08:58:40,435 [main] INFO  volume.VolumeSet (VolumeSet.java:initializeVolumeSet(170)) - Added Volume : /workdir/hadoop-ozone/integration-test/target/test-dir/MiniOzoneClusterImpl-bdb48ef2-e70a-4dc5-a65a-dd2ce314b41a/datanode-0/data/containers/hdds to VolumeSet
2019-09-19 08:58:40,438 [main] INFO  volume.ThrottledAsyncChecker (ThrottledAsyncChecker.java:schedule(140)) - Scheduling a check for org.apache.hadoop.ozone.container.common.volume.HddsVolume@468be356
2019-09-19 08:58:40,454 [main] INFO  volume.HddsVolumeChecker (HddsVolumeChecker.java:checkAllVolumes(203)) - Scheduled health check for volume org.apache.hadoop.ozone.container.common.volume.HddsVolume@468be356
2019-09-19 08:58:40,566 [main] INFO  impl.RaftServerProxy (ConfUtils.java:logGet(43)) - raft.rpc.type = GRPC (default)
2019-09-19 08:58:40,627 [main] INFO  grpc.GrpcFactory (GrpcFactory.java:checkPooledByteBufAllocatorUseCacheForAllThreads(45)) - PERFORMANCE WARNING: useCacheForAllThreads is true that may cause Netty to create a lot garbage objects and, as a result, trigger GC.
	It is recommended to disable useCacheForAllThreads by setting -Dorg.apache.ratis.thirdparty.io.netty.allocator.useCacheForAllThreads=false in command line.
2019-09-19 08:58:40,631 [main] INFO  grpc.GrpcConfigKeys$Server (ConfUtils.java:logGet(43)) - raft.grpc.server.port = 0 (default)
2019-09-19 08:58:40,632 [main] INFO  server.GrpcService (ConfUtils.java:logGet(43)) - raft.grpc.message.size.max = 33570816 (custom)
2019-09-19 08:58:40,634 [main] INFO  server.RaftServerConfigKeys (ConfUtils.java:logGet(43)) - raft.server.log.appender.buffer.byte-limit = 33554432 (custom)
2019-09-19 08:58:40,634 [main] INFO  server.GrpcService (ConfUtils.java:logGet(43)) - raft.grpc.flow.control.window = 1MB (=1048576) (default)
2019-09-19 08:58:40,635 [main] INFO  server.RaftServerConfigKeys (ConfUtils.java:logGet(43)) - raft.server.rpc.request.timeout = 3000ms (default)
2019-09-19 08:58:40,783 [main] INFO  server.RaftServerConfigKeys (ConfUtils.java:logGet(43)) - raft.server.storage.dir = [/workdir/hadoop-ozone/integration-test/target/test-dir/MiniOzoneClusterImpl-bdb48ef2-e70a-4dc5-a65a-dd2ce314b41a/datanode-0/data/ratis] (custom)
2019-09-19 08:58:40,818 [main] INFO  replication.SimpleContainerDownloader (SimpleContainerDownloader.java:<init>(72)) - Starting container downloader service to copy containers to replicate.
2019-09-19 08:58:40,830 [main] INFO  hdfs.DFSUtil (DFSUtil.java:httpServerTemplateForNNAndJN(1641)) - Starting Web-server for hddsDatanode at: http://0.0.0.0:0
2019-09-19 08:58:40,831 [main] INFO  server.AuthenticationFilter (AuthenticationFilter.java:constructSecretProvider(240)) - Unable to initialize FileSignerSecretProvider, falling back to use random secrets.
2019-09-19 08:58:40,832 [main] WARN  http.HttpRequestLog (HttpRequestLog.java:getRequestLog(97)) - Jetty request log can only be enabled using Log4j
2019-09-19 08:58:40,833 [main] INFO  http.HttpServer2 (HttpServer2.java:addGlobalFilter(975)) - Added global filter 'safety' (class=org.apache.hadoop.http.HttpServer2$QuotingInputFilter)
2019-09-19 08:58:40,834 [main] INFO  http.HttpServer2 (HttpServer2.java:addFilter(948)) - Added filter static_user_filter (class=org.apache.hadoop.http.lib.StaticUserWebFilter$StaticUserFilter) to context hddsDatanode
2019-09-19 08:58:40,834 [main] INFO  http.HttpServer2 (HttpServer2.java:addFilter(958)) - Added filter static_user_filter (class=org.apache.hadoop.http.lib.StaticUserWebFilter$StaticUserFilter) to context logs
2019-09-19 08:58:40,834 [main] INFO  http.HttpServer2 (HttpServer2.java:addFilter(958)) - Added filter static_user_filter (class=org.apache.hadoop.http.lib.StaticUserWebFilter$StaticUserFilter) to context static
2019-09-19 08:58:40,835 [main] INFO  http.HttpServer2 (HttpServer2.java:bindListener(1191)) - Jetty bound to port 35944
2019-09-19 08:58:40,835 [main] INFO  server.Server (Server.java:doStart(351)) - jetty-9.3.24.v20180605, build timestamp: 2018-06-05T17:11:56Z, git hash: 84205aa28f11a4f31f2a3b86d1bba2cc8ab69827
2019-09-19 08:58:40,837 [main] INFO  handler.ContextHandler (ContextHandler.java:doStart(781)) - Started o.e.j.s.ServletContextHandler@77a074b4{/logs,file:///workdir/hadoop-ozone/integration-test/target/log,AVAILABLE}
2019-09-19 08:58:40,838 [main] INFO  handler.ContextHandler (ContextHandler.java:doStart(781)) - Started o.e.j.s.ServletContextHandler@6c0e13b7{/static,jar:file:/home/user/.m2/repository/org/apache/hadoop/hadoop-hdds-container-service/0.5.0-SNAPSHOT/hadoop-hdds-container-service-0.5.0-SNAPSHOT.jar!/webapps/static,AVAILABLE}
2019-09-19 08:58:40,870 [main] INFO  handler.ContextHandler (ContextHandler.java:doStart(781)) - Started o.e.j.w.WebAppContext@372ca2d6{/,file:///tmp/jetty-0.0.0.0-35944-hddsDatanode-_-any-5606676777293423549.dir/webapp/,AVAILABLE}{/hddsDatanode}
2019-09-19 08:58:40,871 [main] INFO  server.AbstractConnector (AbstractConnector.java:doStart(278)) - Started ServerConnector@3204e238{HTTP/1.1,[http/1.1]}{0.0.0.0:35944}
2019-09-19 08:58:40,873 [main] INFO  server.Server (Server.java:doStart(419)) - Started @6912ms
2019-09-19 08:58:40,875 [main] INFO  server.BaseHttpServer (BaseHttpServer.java:updateConnectorAddress(213)) - HTTP server of HDDSDATANODE is listening at http://0.0.0.0:35944
2019-09-19 08:58:42,051 | INFO  | ObjectStoreRestHttpServer | Listening HDDS REST traffic on /0.0.0.0:36126 |  
2019-09-19 08:58:42,052 [main] INFO  ozone.HddsDatanodeService (HddsDatanodeService.java:startPlugins(395)) - Started plug-in org.apache.hadoop.ozone.web.OzoneHddsDatanodeService@1310fcb0
2019-09-19 08:58:42,053 [main] INFO  impl.MetricsSystemImpl (MetricsSystemImpl.java:init(158)) - HddsDatanode metrics system started (again)
2019-09-19 08:58:42,055 [main] INFO  ozone.HddsDatanodeService (HddsDatanodeService.java:start(184)) - HddsDatanodeService host:pr-hdds-1569-cpgw4-1311585219 ip:192.168.157.204
2019-09-19 08:58:42,060 [org.apache.hadoop.util.JvmPauseMonitor$Monitor@598a3e32] INFO  util.JvmPauseMonitor (JvmPauseMonitor.java:run(188)) - Starting JVM pause monitor
2019-09-19 08:58:42,065 [main] INFO  volume.HddsVolume (HddsVolume.java:<init>(176)) - Creating Volume: /workdir/hadoop-ozone/integration-test/target/test-dir/MiniOzoneClusterImpl-bdb48ef2-e70a-4dc5-a65a-dd2ce314b41a/datanode-1/data/containers/hdds of  storage type : DISK and capacity : 1482555576320
2019-09-19 08:58:42,065 [main] INFO  volume.VolumeSet (VolumeSet.java:initializeVolumeSet(170)) - Added Volume : /workdir/hadoop-ozone/integration-test/target/test-dir/MiniOzoneClusterImpl-bdb48ef2-e70a-4dc5-a65a-dd2ce314b41a/datanode-1/data/containers/hdds to VolumeSet
2019-09-19 08:58:42,066 [main] INFO  volume.ThrottledAsyncChecker (ThrottledAsyncChecker.java:schedule(140)) - Scheduling a check for org.apache.hadoop.ozone.container.common.volume.HddsVolume@29f3c438
2019-09-19 08:58:42,067 [main] INFO  volume.HddsVolumeChecker (HddsVolumeChecker.java:checkAllVolumes(203)) - Scheduled health check for volume org.apache.hadoop.ozone.container.common.volume.HddsVolume@29f3c438
2019-09-19 08:58:42,085 [main] INFO  impl.RaftServerProxy (ConfUtils.java:logGet(43)) - raft.rpc.type = GRPC (default)
2019-09-19 08:58:42,085 [main] INFO  grpc.GrpcFactory (GrpcFactory.java:checkPooledByteBufAllocatorUseCacheForAllThreads(45)) - PERFORMANCE WARNING: useCacheForAllThreads is true that may cause Netty to create a lot garbage objects and, as a result, trigger GC.
	It is recommended to disable useCacheForAllThreads by setting -Dorg.apache.ratis.thirdparty.io.netty.allocator.useCacheForAllThreads=false in command line.
2019-09-19 08:58:42,085 [main] INFO  grpc.GrpcConfigKeys$Server (ConfUtils.java:logGet(43)) - raft.grpc.server.port = 0 (default)
2019-09-19 08:58:42,085 [main] INFO  server.GrpcService (ConfUtils.java:logGet(43)) - raft.grpc.message.size.max = 33570816 (custom)
2019-09-19 08:58:42,086 [main] INFO  server.RaftServerConfigKeys (ConfUtils.java:logGet(43)) - raft.server.log.appender.buffer.byte-limit = 33554432 (custom)
2019-09-19 08:58:42,086 [main] INFO  server.GrpcService (ConfUtils.java:logGet(43)) - raft.grpc.flow.control.window = 1MB (=1048576) (default)
2019-09-19 08:58:42,086 [main] INFO  server.RaftServerConfigKeys (ConfUtils.java:logGet(43)) - raft.server.rpc.request.timeout = 3000ms (default)
2019-09-19 08:58:42,087 [main] INFO  server.RaftServerConfigKeys (ConfUtils.java:logGet(43)) - raft.server.storage.dir = [/workdir/hadoop-ozone/integration-test/target/test-dir/MiniOzoneClusterImpl-bdb48ef2-e70a-4dc5-a65a-dd2ce314b41a/datanode-1/data/ratis] (custom)
2019-09-19 08:58:42,087 [main] INFO  replication.SimpleContainerDownloader (SimpleContainerDownloader.java:<init>(72)) - Starting container downloader service to copy containers to replicate.
2019-09-19 08:58:42,088 [main] INFO  hdfs.DFSUtil (DFSUtil.java:httpServerTemplateForNNAndJN(1641)) - Starting Web-server for hddsDatanode at: http://0.0.0.0:0
2019-09-19 08:58:42,091 [main] INFO  server.AuthenticationFilter (AuthenticationFilter.java:constructSecretProvider(240)) - Unable to initialize FileSignerSecretProvider, falling back to use random secrets.
2019-09-19 08:58:42,092 [main] WARN  http.HttpRequestLog (HttpRequestLog.java:getRequestLog(97)) - Jetty request log can only be enabled using Log4j
2019-09-19 08:58:42,094 [main] INFO  http.HttpServer2 (HttpServer2.java:addGlobalFilter(975)) - Added global filter 'safety' (class=org.apache.hadoop.http.HttpServer2$QuotingInputFilter)
2019-09-19 08:58:42,095 [main] INFO  http.HttpServer2 (HttpServer2.java:addFilter(948)) - Added filter static_user_filter (class=org.apache.hadoop.http.lib.StaticUserWebFilter$StaticUserFilter) to context hddsDatanode
2019-09-19 08:58:42,096 [main] INFO  http.HttpServer2 (HttpServer2.java:addFilter(958)) - Added filter static_user_filter (class=org.apache.hadoop.http.lib.StaticUserWebFilter$StaticUserFilter) to context static
2019-09-19 08:58:42,096 [main] INFO  http.HttpServer2 (HttpServer2.java:addFilter(958)) - Added filter static_user_filter (class=org.apache.hadoop.http.lib.StaticUserWebFilter$StaticUserFilter) to context logs
2019-09-19 08:58:42,097 [main] INFO  http.HttpServer2 (HttpServer2.java:bindListener(1191)) - Jetty bound to port 43059
2019-09-19 08:58:42,097 [main] INFO  server.Server (Server.java:doStart(351)) - jetty-9.3.24.v20180605, build timestamp: 2018-06-05T17:11:56Z, git hash: 84205aa28f11a4f31f2a3b86d1bba2cc8ab69827
2019-09-19 08:58:42,101 [main] INFO  handler.ContextHandler (ContextHandler.java:doStart(781)) - Started o.e.j.s.ServletContextHandler@599a9cb2{/logs,file:///workdir/hadoop-ozone/integration-test/target/log,AVAILABLE}
2019-09-19 08:58:42,102 [main] INFO  handler.ContextHandler (ContextHandler.java:doStart(781)) - Started o.e.j.s.ServletContextHandler@5e1a986c{/static,jar:file:/home/user/.m2/repository/org/apache/hadoop/hadoop-hdds-container-service/0.5.0-SNAPSHOT/hadoop-hdds-container-service-0.5.0-SNAPSHOT.jar!/webapps/static,AVAILABLE}
2019-09-19 08:58:42,144 [main] INFO  handler.ContextHandler (ContextHandler.java:doStart(781)) - Started o.e.j.w.WebAppContext@79957f11{/,file:///tmp/jetty-0.0.0.0-43059-hddsDatanode-_-any-5040615006722196804.dir/webapp/,AVAILABLE}{/hddsDatanode}
2019-09-19 08:58:42,144 [main] INFO  server.AbstractConnector (AbstractConnector.java:doStart(278)) - Started ServerConnector@217235f5{HTTP/1.1,[http/1.1]}{0.0.0.0:43059}
2019-09-19 08:58:42,145 [main] INFO  server.Server (Server.java:doStart(419)) - Started @8184ms
2019-09-19 08:58:42,147 [main] INFO  server.BaseHttpServer (BaseHttpServer.java:updateConnectorAddress(213)) - HTTP server of HDDSDATANODE is listening at http://0.0.0.0:43059
2019-09-19 08:58:42,189 [Datanode State Machine Thread - 0] INFO  datanode.InitDatanodeState (InitDatanodeState.java:persistContainerDatanodeDetails(140)) - DatanodeDetails is persisted to /workdir/hadoop-ozone/integration-test/target/test-dir/MiniOzoneClusterImpl-bdb48ef2-e70a-4dc5-a65a-dd2ce314b41a/datanode-0/meta/datanode.id
2019-09-19 08:58:42,293 | INFO  | ObjectStoreRestHttpServer | Listening HDDS REST traffic on /0.0.0.0:34634 |  
2019-09-19 08:58:42,293 [main] INFO  ozone.HddsDatanodeService (HddsDatanodeService.java:startPlugins(395)) - Started plug-in org.apache.hadoop.ozone.web.OzoneHddsDatanodeService@44bc2449
2019-09-19 08:58:42,294 [main] INFO  impl.MetricsSystemImpl (MetricsSystemImpl.java:init(158)) - HddsDatanode metrics system started (again)
2019-09-19 08:58:42,297 [main] INFO  ozone.HddsDatanodeService (HddsDatanodeService.java:start(184)) - HddsDatanodeService host:pr-hdds-1569-cpgw4-1311585219 ip:192.168.157.204
2019-09-19 08:58:42,297 [org.apache.hadoop.util.JvmPauseMonitor$Monitor@1adcf30d] INFO  util.JvmPauseMonitor (JvmPauseMonitor.java:run(188)) - Starting JVM pause monitor
2019-09-19 08:58:42,306 [main] INFO  volume.HddsVolume (HddsVolume.java:<init>(176)) - Creating Volume: /workdir/hadoop-ozone/integration-test/target/test-dir/MiniOzoneClusterImpl-bdb48ef2-e70a-4dc5-a65a-dd2ce314b41a/datanode-2/data/containers/hdds of  storage type : DISK and capacity : 1482555576320
2019-09-19 08:58:42,306 [main] INFO  volume.VolumeSet (VolumeSet.java:initializeVolumeSet(170)) - Added Volume : /workdir/hadoop-ozone/integration-test/target/test-dir/MiniOzoneClusterImpl-bdb48ef2-e70a-4dc5-a65a-dd2ce314b41a/datanode-2/data/containers/hdds to VolumeSet
2019-09-19 08:58:42,307 [main] INFO  volume.ThrottledAsyncChecker (ThrottledAsyncChecker.java:schedule(140)) - Scheduling a check for org.apache.hadoop.ozone.container.common.volume.HddsVolume@74ba6ff5
2019-09-19 08:58:42,307 [main] INFO  volume.HddsVolumeChecker (HddsVolumeChecker.java:checkAllVolumes(203)) - Scheduled health check for volume org.apache.hadoop.ozone.container.common.volume.HddsVolume@74ba6ff5
2019-09-19 08:58:42,309 [Datanode State Machine Thread - 0] INFO  datanode.InitDatanodeState (InitDatanodeState.java:persistContainerDatanodeDetails(140)) - DatanodeDetails is persisted to /workdir/hadoop-ozone/integration-test/target/test-dir/MiniOzoneClusterImpl-bdb48ef2-e70a-4dc5-a65a-dd2ce314b41a/datanode-1/meta/datanode.id
2019-09-19 08:58:42,323 [main] INFO  impl.RaftServerProxy (ConfUtils.java:logGet(43)) - raft.rpc.type = GRPC (default)
2019-09-19 08:58:42,323 [main] INFO  grpc.GrpcFactory (GrpcFactory.java:checkPooledByteBufAllocatorUseCacheForAllThreads(45)) - PERFORMANCE WARNING: useCacheForAllThreads is true that may cause Netty to create a lot garbage objects and, as a result, trigger GC.
	It is recommended to disable useCacheForAllThreads by setting -Dorg.apache.ratis.thirdparty.io.netty.allocator.useCacheForAllThreads=false in command line.
2019-09-19 08:58:42,323 [main] INFO  grpc.GrpcConfigKeys$Server (ConfUtils.java:logGet(43)) - raft.grpc.server.port = 0 (default)
2019-09-19 08:58:42,323 [main] INFO  server.GrpcService (ConfUtils.java:logGet(43)) - raft.grpc.message.size.max = 33570816 (custom)
2019-09-19 08:58:42,324 [main] INFO  server.RaftServerConfigKeys (ConfUtils.java:logGet(43)) - raft.server.log.appender.buffer.byte-limit = 33554432 (custom)
2019-09-19 08:58:42,324 [main] INFO  server.GrpcService (ConfUtils.java:logGet(43)) - raft.grpc.flow.control.window = 1MB (=1048576) (default)
2019-09-19 08:58:42,324 [main] INFO  server.RaftServerConfigKeys (ConfUtils.java:logGet(43)) - raft.server.rpc.request.timeout = 3000ms (default)
2019-09-19 08:58:42,324 [main] INFO  server.RaftServerConfigKeys (ConfUtils.java:logGet(43)) - raft.server.storage.dir = [/workdir/hadoop-ozone/integration-test/target/test-dir/MiniOzoneClusterImpl-bdb48ef2-e70a-4dc5-a65a-dd2ce314b41a/datanode-2/data/ratis] (custom)
2019-09-19 08:58:42,325 [main] INFO  replication.SimpleContainerDownloader (SimpleContainerDownloader.java:<init>(72)) - Starting container downloader service to copy containers to replicate.
2019-09-19 08:58:42,326 [main] INFO  hdfs.DFSUtil (DFSUtil.java:httpServerTemplateForNNAndJN(1641)) - Starting Web-server for hddsDatanode at: http://0.0.0.0:0
2019-09-19 08:58:42,328 [main] INFO  server.AuthenticationFilter (AuthenticationFilter.java:constructSecretProvider(240)) - Unable to initialize FileSignerSecretProvider, falling back to use random secrets.
2019-09-19 08:58:42,328 [main] WARN  http.HttpRequestLog (HttpRequestLog.java:getRequestLog(97)) - Jetty request log can only be enabled using Log4j
2019-09-19 08:58:42,329 [main] INFO  http.HttpServer2 (HttpServer2.java:addGlobalFilter(975)) - Added global filter 'safety' (class=org.apache.hadoop.http.HttpServer2$QuotingInputFilter)
2019-09-19 08:58:42,330 [main] INFO  http.HttpServer2 (HttpServer2.java:addFilter(948)) - Added filter static_user_filter (class=org.apache.hadoop.http.lib.StaticUserWebFilter$StaticUserFilter) to context hddsDatanode
2019-09-19 08:58:42,330 [main] INFO  http.HttpServer2 (HttpServer2.java:addFilter(958)) - Added filter static_user_filter (class=org.apache.hadoop.http.lib.StaticUserWebFilter$StaticUserFilter) to context logs
2019-09-19 08:58:42,330 [main] INFO  http.HttpServer2 (HttpServer2.java:addFilter(958)) - Added filter static_user_filter (class=org.apache.hadoop.http.lib.StaticUserWebFilter$StaticUserFilter) to context static
2019-09-19 08:58:42,331 [main] INFO  http.HttpServer2 (HttpServer2.java:bindListener(1191)) - Jetty bound to port 33544
2019-09-19 08:58:42,331 [main] INFO  server.Server (Server.java:doStart(351)) - jetty-9.3.24.v20180605, build timestamp: 2018-06-05T17:11:56Z, git hash: 84205aa28f11a4f31f2a3b86d1bba2cc8ab69827
2019-09-19 08:58:42,333 [main] INFO  handler.ContextHandler (ContextHandler.java:doStart(781)) - Started o.e.j.s.ServletContextHandler@38e83838{/logs,file:///workdir/hadoop-ozone/integration-test/target/log,AVAILABLE}
2019-09-19 08:58:42,333 [main] INFO  handler.ContextHandler (ContextHandler.java:doStart(781)) - Started o.e.j.s.ServletContextHandler@4966bab1{/static,jar:file:/home/user/.m2/repository/org/apache/hadoop/hadoop-hdds-container-service/0.5.0-SNAPSHOT/hadoop-hdds-container-service-0.5.0-SNAPSHOT.jar!/webapps/static,AVAILABLE}
2019-09-19 08:58:42,357 [main] INFO  handler.ContextHandler (ContextHandler.java:doStart(781)) - Started o.e.j.w.WebAppContext@44d7e24{/,file:///tmp/jetty-0.0.0.0-33544-hddsDatanode-_-any-7258978509647172162.dir/webapp/,AVAILABLE}{/hddsDatanode}
2019-09-19 08:58:42,357 [main] INFO  server.AbstractConnector (AbstractConnector.java:doStart(278)) - Started ServerConnector@26c8b296{HTTP/1.1,[http/1.1]}{0.0.0.0:33544}
2019-09-19 08:58:42,358 [main] INFO  server.Server (Server.java:doStart(419)) - Started @8397ms
2019-09-19 08:58:42,359 [main] INFO  server.BaseHttpServer (BaseHttpServer.java:updateConnectorAddress(213)) - HTTP server of HDDSDATANODE is listening at http://0.0.0.0:33544
2019-09-19 08:58:42,489 | INFO  | ObjectStoreRestHttpServer | Listening HDDS REST traffic on /0.0.0.0:44319 |  
2019-09-19 08:58:42,490 [main] INFO  ozone.HddsDatanodeService (HddsDatanodeService.java:startPlugins(395)) - Started plug-in org.apache.hadoop.ozone.web.OzoneHddsDatanodeService@599f1b7
2019-09-19 08:58:42,492 [main] INFO  ozone.MiniOzoneClusterImpl (MiniOzoneClusterImpl.java:lambda$waitForClusterToBeReady$0(142)) - Waiting for cluster to be ready. Got 0 of 3 DN Heartbeats.
2019-09-19 08:58:42,493 [org.apache.hadoop.util.JvmPauseMonitor$Monitor@75eb60da] INFO  util.JvmPauseMonitor (JvmPauseMonitor.java:run(188)) - Starting JVM pause monitor
2019-09-19 08:58:42,497 [Datanode State Machine Thread - 0] INFO  datanode.InitDatanodeState (InitDatanodeState.java:persistContainerDatanodeDetails(140)) - DatanodeDetails is persisted to /workdir/hadoop-ozone/integration-test/target/test-dir/MiniOzoneClusterImpl-bdb48ef2-e70a-4dc5-a65a-dd2ce314b41a/datanode-2/meta/datanode.id
2019-09-19 08:58:43,492 [main] INFO  ozone.MiniOzoneClusterImpl (MiniOzoneClusterImpl.java:lambda$waitForClusterToBeReady$0(142)) - Waiting for cluster to be ready. Got 0 of 3 DN Heartbeats.
2019-09-19 08:58:44,091 | INFO  | SCMAudit | user=jenkins1000 | ip=192.168.157.204 | op=GET_VERSION null | ret=SUCCESS |  
2019-09-19 08:58:44,111 [Datanode State Machine Thread - 0] INFO  ozoneimpl.OzoneContainer (OzoneContainer.java:start(186)) - Attempting to start container services.
2019-09-19 08:58:44,113 [Datanode State Machine Thread - 0] INFO  ozoneimpl.OzoneContainer (OzoneContainer.java:startContainerScrub(160)) - Background container scrubber has been disabled by hdds.containerscrub.enabled
2019-09-19 08:58:44,113 [Datanode State Machine Thread - 0] INFO  ratis.XceiverServerRatis (XceiverServerRatis.java:start(404)) - Starting XceiverServerRatis e5bbaf13-f86a-4f92-8b58-de40c00137a1 at port 0
2019-09-19 08:58:44,130 [Datanode State Machine Thread - 0] INFO  impl.RaftServerProxy (RaftServerProxy.java:lambda$start$3(299)) - e5bbaf13-f86a-4f92-8b58-de40c00137a1: start RPC server
2019-09-19 08:58:44,286 [Datanode State Machine Thread - 0] INFO  server.GrpcService (GrpcService.java:startImpl(149)) - e5bbaf13-f86a-4f92-8b58-de40c00137a1: GrpcService started, listening on 0.0.0.0/0.0.0.0:33097
2019-09-19 08:58:44,287 [Datanode State Machine Thread - 0] INFO  ratis.XceiverServerRatis (XceiverServerRatis.java:start(414)) - XceiverServerRatis e5bbaf13-f86a-4f92-8b58-de40c00137a1 is started using port 33097
2019-09-19 08:58:44,289 [Datanode State Machine Thread - 0] INFO  server.XceiverServerGrpc (XceiverServerGrpc.java:start(163)) - XceiverServerGrpc e5bbaf13-f86a-4f92-8b58-de40c00137a1 is started using port 44943
2019-09-19 08:58:44,299 | INFO  | SCMAudit | user=jenkins1000 | ip=192.168.157.204 | op=GET_VERSION null | ret=SUCCESS |  
2019-09-19 08:58:44,315 [Datanode State Machine Thread - 0] INFO  ozoneimpl.OzoneContainer (OzoneContainer.java:start(186)) - Attempting to start container services.
2019-09-19 08:58:44,317 [Datanode State Machine Thread - 0] INFO  ozoneimpl.OzoneContainer (OzoneContainer.java:startContainerScrub(160)) - Background container scrubber has been disabled by hdds.containerscrub.enabled
2019-09-19 08:58:44,317 [Datanode State Machine Thread - 0] INFO  ratis.XceiverServerRatis (XceiverServerRatis.java:start(404)) - Starting XceiverServerRatis 9f9bfdf2-fb95-4329-a3ea-1e2fab5cdfa8 at port 0
2019-09-19 08:58:44,325 [Datanode State Machine Thread - 0] INFO  impl.RaftServerProxy (RaftServerProxy.java:lambda$start$3(299)) - 9f9bfdf2-fb95-4329-a3ea-1e2fab5cdfa8: start RPC server
2019-09-19 08:58:44,328 [Datanode State Machine Thread - 0] INFO  server.GrpcService (GrpcService.java:startImpl(149)) - 9f9bfdf2-fb95-4329-a3ea-1e2fab5cdfa8: GrpcService started, listening on 0.0.0.0/0.0.0.0:40844
2019-09-19 08:58:44,329 [Datanode State Machine Thread - 0] INFO  ratis.XceiverServerRatis (XceiverServerRatis.java:start(414)) - XceiverServerRatis 9f9bfdf2-fb95-4329-a3ea-1e2fab5cdfa8 is started using port 40844
2019-09-19 08:58:44,331 [Datanode State Machine Thread - 0] INFO  server.XceiverServerGrpc (XceiverServerGrpc.java:start(163)) - XceiverServerGrpc 9f9bfdf2-fb95-4329-a3ea-1e2fab5cdfa8 is started using port 37525
2019-09-19 08:58:44,493 [main] INFO  ozone.MiniOzoneClusterImpl (MiniOzoneClusterImpl.java:lambda$waitForClusterToBeReady$0(142)) - Waiting for cluster to be ready. Got 0 of 3 DN Heartbeats.
2019-09-19 08:58:44,495 | INFO  | SCMAudit | user=jenkins1000 | ip=192.168.157.204 | op=GET_VERSION null | ret=SUCCESS |  
2019-09-19 08:58:44,510 [Datanode State Machine Thread - 0] INFO  ozoneimpl.OzoneContainer (OzoneContainer.java:start(186)) - Attempting to start container services.
2019-09-19 08:58:44,511 [Datanode State Machine Thread - 0] INFO  ozoneimpl.OzoneContainer (OzoneContainer.java:startContainerScrub(160)) - Background container scrubber has been disabled by hdds.containerscrub.enabled
2019-09-19 08:58:44,512 [Datanode State Machine Thread - 0] INFO  ratis.XceiverServerRatis (XceiverServerRatis.java:start(404)) - Starting XceiverServerRatis 321bf75e-33b0-422d-8e21-c4d69826ca09 at port 0
2019-09-19 08:58:44,519 [Datanode State Machine Thread - 0] INFO  impl.RaftServerProxy (RaftServerProxy.java:lambda$start$3(299)) - 321bf75e-33b0-422d-8e21-c4d69826ca09: start RPC server
2019-09-19 08:58:44,522 [Datanode State Machine Thread - 0] INFO  server.GrpcService (GrpcService.java:startImpl(149)) - 321bf75e-33b0-422d-8e21-c4d69826ca09: GrpcService started, listening on 0.0.0.0/0.0.0.0:36032
2019-09-19 08:58:44,522 [Datanode State Machine Thread - 0] INFO  ratis.XceiverServerRatis (XceiverServerRatis.java:start(414)) - XceiverServerRatis 321bf75e-33b0-422d-8e21-c4d69826ca09 is started using port 36032
2019-09-19 08:58:44,524 [Datanode State Machine Thread - 0] INFO  server.XceiverServerGrpc (XceiverServerGrpc.java:start(163)) - XceiverServerGrpc 321bf75e-33b0-422d-8e21-c4d69826ca09 is started using port 39948
2019-09-19 08:58:45,493 [main] INFO  ozone.MiniOzoneClusterImpl (MiniOzoneClusterImpl.java:lambda$waitForClusterToBeReady$0(142)) - Waiting for cluster to be ready. Got 0 of 3 DN Heartbeats.
2019-09-19 08:58:46,103 [IPC Server handler 1 on 43624] INFO  net.NetworkTopology (NetworkTopologyImpl.java:add(110)) - Added a new node: /default-rack/e5bbaf13-f86a-4f92-8b58-de40c00137a1
2019-09-19 08:58:46,103 [IPC Server handler 1 on 43624] INFO  node.SCMNodeManager (SCMNodeManager.java:register(273)) - Registered Data node : e5bbaf13-f86a-4f92-8b58-de40c00137a1{ip: 192.168.157.204, host: pr-hdds-1569-cpgw4-1311585219, networkLocation: /default-rack, certSerialId: null}
2019-09-19 08:58:46,108 [EventQueue-NodeRegistrationContainerReportForDataNodeSafeModeRule] INFO  safemode.SCMSafeModeManager (DataNodeSafeModeRule.java:process(71)) - SCM in safe mode. 1 DataNodes registered, 1 required.
2019-09-19 08:58:46,109 [EventQueue-NodeRegistrationContainerReportForDataNodeSafeModeRule] INFO  safemode.SCMSafeModeManager (SCMSafeModeManager.java:validateSafeModeExitRules(177)) - ScmSafeModeManager, all rules are successfully validated
2019-09-19 08:58:46,109 [EventQueue-NodeRegistrationContainerReportForDataNodeSafeModeRule] INFO  safemode.SCMSafeModeManager (SCMSafeModeManager.java:exitSafeMode(193)) - SCM exiting safe mode.
2019-09-19 08:58:46,118 | INFO  | SCMAudit | user=jenkins1000 | ip=192.168.157.204 | op=REGISTER {datanodeDetails=e5bbaf13-f86a-4f92-8b58-de40c00137a1{ip: 192.168.157.204, host: pr-hdds-1569-cpgw4-1311585219, networkLocation: /default-rack, certSerialId: null}} | ret=SUCCESS |  
2019-09-19 08:58:46,301 [IPC Server handler 6 on 43624] INFO  net.NetworkTopology (NetworkTopologyImpl.java:add(110)) - Added a new node: /default-rack/9f9bfdf2-fb95-4329-a3ea-1e2fab5cdfa8
2019-09-19 08:58:46,301 [IPC Server handler 6 on 43624] INFO  node.SCMNodeManager (SCMNodeManager.java:register(273)) - Registered Data node : 9f9bfdf2-fb95-4329-a3ea-1e2fab5cdfa8{ip: 192.168.157.204, host: pr-hdds-1569-cpgw4-1311585219, networkLocation: /default-rack, certSerialId: null}
2019-09-19 08:58:46,302 | INFO  | SCMAudit | user=jenkins1000 | ip=192.168.157.204 | op=REGISTER {datanodeDetails=9f9bfdf2-fb95-4329-a3ea-1e2fab5cdfa8{ip: 192.168.157.204, host: pr-hdds-1569-cpgw4-1311585219, networkLocation: /default-rack, certSerialId: null}} | ret=SUCCESS |  
2019-09-19 08:58:46,565 [main] INFO  ozone.MiniOzoneClusterImpl (MiniOzoneClusterImpl.java:lambda$waitForClusterToBeReady$0(142)) - Waiting for cluster to be ready. Got 2 of 3 DN Heartbeats.
2019-09-19 08:58:46,567 [IPC Server handler 17 on 43624] INFO  net.NetworkTopology (NetworkTopologyImpl.java:add(110)) - Added a new node: /default-rack/321bf75e-33b0-422d-8e21-c4d69826ca09
2019-09-19 08:58:46,568 [IPC Server handler 17 on 43624] INFO  node.SCMNodeManager (SCMNodeManager.java:register(273)) - Registered Data node : 321bf75e-33b0-422d-8e21-c4d69826ca09{ip: 192.168.157.204, host: pr-hdds-1569-cpgw4-1311585219, networkLocation: /default-rack, certSerialId: null}
2019-09-19 08:58:46,569 | INFO  | SCMAudit | user=jenkins1000 | ip=192.168.157.204 | op=REGISTER {datanodeDetails=321bf75e-33b0-422d-8e21-c4d69826ca09{ip: 192.168.157.204, host: pr-hdds-1569-cpgw4-1311585219, networkLocation: /default-rack, certSerialId: null}} | ret=SUCCESS |  
2019-09-19 08:58:47,067 [grpc-default-executor-0] INFO  impl.RaftServerProxy (RaftServerProxy.java:addNew(89)) - e5bbaf13-f86a-4f92-8b58-de40c00137a1: addNew group-188780A808ED:[e5bbaf13-f86a-4f92-8b58-de40c00137a1:192.168.157.204:33097] returns group-188780A808ED:java.util.concurrent.CompletableFuture@51225cb3[Not completed]
2019-09-19 08:58:47,083 [pool-27-thread-1] INFO  impl.RaftServerImpl (RaftServerImpl.java:<init>(93)) - e5bbaf13-f86a-4f92-8b58-de40c00137a1: new RaftServerImpl for group-188780A808ED:[e5bbaf13-f86a-4f92-8b58-de40c00137a1:192.168.157.204:33097] with ContainerStateMachine:uninitialized
2019-09-19 08:58:47,086 [pool-27-thread-1] INFO  server.RaftServerConfigKeys (ConfUtils.java:logGet(43)) - raft.server.rpc.timeout.min = 5s (custom)
2019-09-19 08:58:47,087 [pool-27-thread-1] INFO  server.RaftServerConfigKeys (ConfUtils.java:logGet(43)) - raft.server.rpc.timeout.max = 5200ms (custom)
2019-09-19 08:58:47,088 [pool-27-thread-1] INFO  server.RaftServerConfigKeys (ConfUtils.java:logGet(43)) - raft.server.rpcslowness.timeout = 120s (custom)
2019-09-19 08:58:47,089 [pool-27-thread-1] INFO  server.RaftServerConfigKeys (ConfUtils.java:logGet(43)) - raft.server.sleep.deviation.threshold = 300 (default)
2019-09-19 08:58:47,090 [pool-27-thread-1] INFO  server.RaftServerConfigKeys (ConfUtils.java:logGet(43)) - raft.server.log.appender.install.snapshot.enabled = false (custom)
2019-09-19 08:58:47,099 [pool-27-thread-1] INFO  impl.RaftServerImpl (ServerState.java:<init>(105)) - e5bbaf13-f86a-4f92-8b58-de40c00137a1:group-188780A808ED ConfigurationManager, init=-1: [e5bbaf13-f86a-4f92-8b58-de40c00137a1:192.168.157.204:33097], old=null, confs=<EMPTY_MAP>
2019-09-19 08:58:47,099 [pool-27-thread-1] INFO  server.RaftServerConfigKeys (ConfUtils.java:logGet(43)) - raft.server.storage.dir = [/workdir/hadoop-ozone/integration-test/target/test-dir/MiniOzoneClusterImpl-bdb48ef2-e70a-4dc5-a65a-dd2ce314b41a/datanode-0/data/ratis] (custom)
2019-09-19 08:58:47,107 [pool-27-thread-1] INFO  storage.RaftStorageDirectory (RaftStorageDirectory.java:analyzeStorage(246)) - The storage directory /workdir/hadoop-ozone/integration-test/target/test-dir/MiniOzoneClusterImpl-bdb48ef2-e70a-4dc5-a65a-dd2ce314b41a/datanode-0/data/ratis/6397148f-b40d-4949-b689-188780a808ed does not exist. Creating ...
2019-09-19 08:58:47,124 [pool-27-thread-1] INFO  storage.RaftStorageDirectory (RaftStorageDirectory.java:tryLock(328)) - Lock on /workdir/hadoop-ozone/integration-test/target/test-dir/MiniOzoneClusterImpl-bdb48ef2-e70a-4dc5-a65a-dd2ce314b41a/datanode-0/data/ratis/6397148f-b40d-4949-b689-188780a808ed/in_use.lock acquired by nodename 32528@pr-hdds-1569-cpgw4-1311585219
2019-09-19 08:58:47,139 [pool-27-thread-1] INFO  storage.RaftStorage (RaftStorage.java:format(72)) - Storage directory /workdir/hadoop-ozone/integration-test/target/test-dir/MiniOzoneClusterImpl-bdb48ef2-e70a-4dc5-a65a-dd2ce314b41a/datanode-0/data/ratis/6397148f-b40d-4949-b689-188780a808ed has been successfully formatted.
2019-09-19 08:58:47,141 [pool-27-thread-1] INFO  ratis.ContainerStateMachine (ContainerStateMachine.java:loadSnapshot(226)) - group-188780A808ED: The snapshot info is null. Setting the last applied indexto:(t:0, i:~)
2019-09-19 08:58:47,141 [pool-27-thread-1] INFO  server.RaftServerConfigKeys (ConfUtils.java:logGet(43)) - raft.server.leader.election.timeout = 120s (custom)
2019-09-19 08:58:47,143 [pool-27-thread-1] INFO  server.RaftServerConfigKeys (ConfUtils.java:logGet(43)) - raft.server.log.use.memory = false (default)
2019-09-19 08:58:47,148 [pool-27-thread-1] INFO  server.RaftServerConfigKeys (ConfUtils.java:logGet(43)) - raft.server.log.purge.gap = 1000000 (custom)
2019-09-19 08:58:47,148 [pool-27-thread-1] INFO  server.RaftServerConfigKeys (ConfUtils.java:logGet(43)) - raft.server.log.appender.buffer.byte-limit = 33554432 (custom)
2019-09-19 08:58:47,150 [pool-27-thread-1] INFO  server.RaftServerConfigKeys (ConfUtils.java:logGet(43)) - raft.server.log.segment.size.max = 1048576 (custom)
2019-09-19 08:58:47,154 [pool-27-thread-1] INFO  server.RaftServerConfigKeys (ConfUtils.java:logGet(43)) - raft.server.log.segment.cache.num.max = 2 (custom)
2019-09-19 08:58:47,159 [pool-27-thread-1] INFO  segmented.SegmentedRaftLogWorker (SegmentedRaftLogWorker.java:<init>(172)) - new e5bbaf13-f86a-4f92-8b58-de40c00137a1-SegmentedRaftLogWorker:Storage Directory /workdir/hadoop-ozone/integration-test/target/test-dir/MiniOzoneClusterImpl-bdb48ef2-e70a-4dc5-a65a-dd2ce314b41a/datanode-0/data/ratis/6397148f-b40d-4949-b689-188780a808ed for RaftStorage:Storage Directory /workdir/hadoop-ozone/integration-test/target/test-dir/MiniOzoneClusterImpl-bdb48ef2-e70a-4dc5-a65a-dd2ce314b41a/datanode-0/data/ratis/6397148f-b40d-4949-b689-188780a808ed
2019-09-19 08:58:47,169 [pool-27-thread-1] INFO  server.RaftServerConfigKeys (ConfUtils.java:logGet(43)) - raft.server.log.queue.byte-limit = 2147483647 (custom)
2019-09-19 08:58:47,169 [pool-27-thread-1] INFO  server.RaftServerConfigKeys (ConfUtils.java:logGet(43)) - raft.server.log.queue.element-limit = 1024 (custom)
2019-09-19 08:58:47,173 [pool-27-thread-1] INFO  server.RaftServerConfigKeys (ConfUtils.java:logGet(43)) - raft.server.log.segment.size.max = 1048576 (custom)
2019-09-19 08:58:47,174 [pool-27-thread-1] INFO  server.RaftServerConfigKeys (ConfUtils.java:logGet(43)) - raft.server.log.preallocated.size = 16384 (custom)
2019-09-19 08:58:47,174 [pool-27-thread-1] INFO  server.RaftServerConfigKeys (ConfUtils.java:logGet(43)) - raft.server.log.write.buffer.size = 33554432 (custom)
2019-09-19 08:58:47,175 [pool-27-thread-1] INFO  server.RaftServerConfigKeys (ConfUtils.java:logGet(43)) - raft.server.log.force.sync.num = 128 (default)
2019-09-19 08:58:47,176 [pool-27-thread-1] INFO  server.RaftServerConfigKeys (ConfUtils.java:logGet(43)) - raft.server.log.statemachine.data.sync = true (default)
2019-09-19 08:58:47,176 [pool-27-thread-1] INFO  server.RaftServerConfigKeys (ConfUtils.java:logGet(43)) - raft.server.log.statemachine.data.sync.timeout = 10s (default)
2019-09-19 08:58:47,176 [pool-27-thread-1] INFO  server.RaftServerConfigKeys (ConfUtils.java:logGet(43)) - raft.server.log.statemachine.data.sync.timeout.retry = -1 (default)
2019-09-19 08:58:47,184 [pool-27-thread-1] INFO  server.RaftServerConfigKeys (ConfUtils.java:logGet(43)) - raft.server.log.statemachine.data.caching.enabled = true (custom)
2019-09-19 08:58:47,188 [pool-27-thread-1] INFO  segmented.SegmentedRaftLogWorker (SegmentedRaftLogWorker.java:lambda$new$0(132)) - e5bbaf13-f86a-4f92-8b58-de40c00137a1-SegmentedRaftLogWorker:Storage Directory /workdir/hadoop-ozone/integration-test/target/test-dir/MiniOzoneClusterImpl-bdb48ef2-e70a-4dc5-a65a-dd2ce314b41a/datanode-0/data/ratis/6397148f-b40d-4949-b689-188780a808ed: flushIndex: setUnconditionally 0 -> -1
2019-09-19 08:58:47,192 [pool-27-thread-1] INFO  server.RaftServerConfigKeys (ConfUtils.java:logGet(43)) - raft.server.snapshot.auto.trigger.enabled = true (custom)
2019-09-19 08:58:47,192 [pool-27-thread-1] INFO  server.RaftServerConfigKeys (ConfUtils.java:logGet(43)) - raft.server.snapshot.auto.trigger.threshold = 10000 (custom)
2019-09-19 08:58:47,193 [pool-27-thread-1] INFO  server.RaftServerConfigKeys (ConfUtils.java:logGet(43)) - raft.server.retrycache.expirytime = 600000ms (custom)
2019-09-19 08:58:47,211 [pool-27-thread-1] INFO  impl.RaftServerImpl (RaftServerImpl.java:start(180)) - e5bbaf13-f86a-4f92-8b58-de40c00137a1: start group-188780A808ED
2019-09-19 08:58:47,212 [pool-27-thread-1] INFO  impl.RaftServerImpl (RaftServerImpl.java:setRole(171)) - e5bbaf13-f86a-4f92-8b58-de40c00137a1:group-188780A808ED changes role from null to FOLLOWER at term 0 for startAsFollower
2019-09-19 08:58:47,213 [pool-27-thread-1] INFO  impl.RoleInfo (RoleInfo.java:updateAndGet(143)) - e5bbaf13-f86a-4f92-8b58-de40c00137a1: start FollowerState
2019-09-19 08:58:47,214 [pool-27-thread-1] INFO  util.JmxRegister (JmxRegister.java:tryRegister(44)) - Successfully registered JMX Bean with object name Ratis:service=RaftServer,group=group-188780A808ED,id=e5bbaf13-f86a-4f92-8b58-de40c00137a1
2019-09-19 08:58:47,271 [RatisPipelineUtilsThread] INFO  pipeline.PipelineStateManager (PipelineStateManager.java:addPipeline(56)) - Created pipeline Pipeline[ Id: 6397148f-b40d-4949-b689-188780a808ed, Nodes: e5bbaf13-f86a-4f92-8b58-de40c00137a1{ip: 192.168.157.204, host: pr-hdds-1569-cpgw4-1311585219, networkLocation: /default-rack, certSerialId: null}, Type:RATIS, Factor:ONE, State:OPEN]
2019-09-19 08:58:47,295 [grpc-default-executor-0] INFO  impl.RaftServerProxy (RaftServerProxy.java:addNew(89)) - 9f9bfdf2-fb95-4329-a3ea-1e2fab5cdfa8: addNew group-CE6AFE67B012:[9f9bfdf2-fb95-4329-a3ea-1e2fab5cdfa8:192.168.157.204:40844] returns group-CE6AFE67B012:java.util.concurrent.CompletableFuture@57a05fa3[Not completed]
2019-09-19 08:58:47,327 [pool-38-thread-1] INFO  impl.RaftServerImpl (RaftServerImpl.java:<init>(93)) - 9f9bfdf2-fb95-4329-a3ea-1e2fab5cdfa8: new RaftServerImpl for group-CE6AFE67B012:[9f9bfdf2-fb95-4329-a3ea-1e2fab5cdfa8:192.168.157.204:40844] with ContainerStateMachine:uninitialized
2019-09-19 08:58:47,329 [pool-38-thread-1] INFO  server.RaftServerConfigKeys (ConfUtils.java:logGet(43)) - raft.server.rpc.timeout.min = 5s (custom)
2019-09-19 08:58:47,329 [pool-38-thread-1] INFO  server.RaftServerConfigKeys (ConfUtils.java:logGet(43)) - raft.server.rpc.timeout.max = 5200ms (custom)
2019-09-19 08:58:47,329 [pool-38-thread-1] INFO  server.RaftServerConfigKeys (ConfUtils.java:logGet(43)) - raft.server.rpcslowness.timeout = 120s (custom)
2019-09-19 08:58:47,329 [pool-38-thread-1] INFO  server.RaftServerConfigKeys (ConfUtils.java:logGet(43)) - raft.server.sleep.deviation.threshold = 300 (default)
2019-09-19 08:58:47,330 [pool-38-thread-1] INFO  server.RaftServerConfigKeys (ConfUtils.java:logGet(43)) - raft.server.log.appender.install.snapshot.enabled = false (custom)
2019-09-19 08:58:47,330 [pool-38-thread-1] INFO  impl.RaftServerImpl (ServerState.java:<init>(105)) - 9f9bfdf2-fb95-4329-a3ea-1e2fab5cdfa8:group-CE6AFE67B012 ConfigurationManager, init=-1: [9f9bfdf2-fb95-4329-a3ea-1e2fab5cdfa8:192.168.157.204:40844], old=null, confs=<EMPTY_MAP>
2019-09-19 08:58:47,330 [pool-38-thread-1] INFO  server.RaftServerConfigKeys (ConfUtils.java:logGet(43)) - raft.server.storage.dir = [/workdir/hadoop-ozone/integration-test/target/test-dir/MiniOzoneClusterImpl-bdb48ef2-e70a-4dc5-a65a-dd2ce314b41a/datanode-1/data/ratis] (custom)
2019-09-19 08:58:47,330 [pool-38-thread-1] INFO  storage.RaftStorageDirectory (RaftStorageDirectory.java:analyzeStorage(246)) - The storage directory /workdir/hadoop-ozone/integration-test/target/test-dir/MiniOzoneClusterImpl-bdb48ef2-e70a-4dc5-a65a-dd2ce314b41a/datanode-1/data/ratis/3c67bcb7-7e99-48e0-835a-ce6afe67b012 does not exist. Creating ...
2019-09-19 08:58:47,344 [pool-38-thread-1] INFO  storage.RaftStorageDirectory (RaftStorageDirectory.java:tryLock(328)) - Lock on /workdir/hadoop-ozone/integration-test/target/test-dir/MiniOzoneClusterImpl-bdb48ef2-e70a-4dc5-a65a-dd2ce314b41a/datanode-1/data/ratis/3c67bcb7-7e99-48e0-835a-ce6afe67b012/in_use.lock acquired by nodename 32528@pr-hdds-1569-cpgw4-1311585219
2019-09-19 08:58:47,356 [pool-38-thread-1] INFO  storage.RaftStorage (RaftStorage.java:format(72)) - Storage directory /workdir/hadoop-ozone/integration-test/target/test-dir/MiniOzoneClusterImpl-bdb48ef2-e70a-4dc5-a65a-dd2ce314b41a/datanode-1/data/ratis/3c67bcb7-7e99-48e0-835a-ce6afe67b012 has been successfully formatted.
2019-09-19 08:58:47,358 [pool-38-thread-1] INFO  ratis.ContainerStateMachine (ContainerStateMachine.java:loadSnapshot(226)) - group-CE6AFE67B012: The snapshot info is null. Setting the last applied indexto:(t:0, i:~)
2019-09-19 08:58:47,358 [pool-38-thread-1] INFO  server.RaftServerConfigKeys (ConfUtils.java:logGet(43)) - raft.server.leader.election.timeout = 120s (custom)
2019-09-19 08:58:47,359 [pool-38-thread-1] INFO  server.RaftServerConfigKeys (ConfUtils.java:logGet(43)) - raft.server.log.use.memory = false (default)
2019-09-19 08:58:47,359 [pool-38-thread-1] INFO  server.RaftServerConfigKeys (ConfUtils.java:logGet(43)) - raft.server.log.purge.gap = 1000000 (custom)
2019-09-19 08:58:47,359 [pool-38-thread-1] INFO  server.RaftServerConfigKeys (ConfUtils.java:logGet(43)) - raft.server.log.appender.buffer.byte-limit = 33554432 (custom)
2019-09-19 08:58:47,359 [pool-38-thread-1] INFO  server.RaftServerConfigKeys (ConfUtils.java:logGet(43)) - raft.server.log.segment.size.max = 1048576 (custom)
2019-09-19 08:58:47,359 [pool-38-thread-1] INFO  server.RaftServerConfigKeys (ConfUtils.java:logGet(43)) - raft.server.log.segment.cache.num.max = 2 (custom)
2019-09-19 08:58:47,359 [pool-38-thread-1] INFO  segmented.SegmentedRaftLogWorker (SegmentedRaftLogWorker.java:<init>(172)) - new 9f9bfdf2-fb95-4329-a3ea-1e2fab5cdfa8-SegmentedRaftLogWorker:Storage Directory /workdir/hadoop-ozone/integration-test/target/test-dir/MiniOzoneClusterImpl-bdb48ef2-e70a-4dc5-a65a-dd2ce314b41a/datanode-1/data/ratis/3c67bcb7-7e99-48e0-835a-ce6afe67b012 for RaftStorage:Storage Directory /workdir/hadoop-ozone/integration-test/target/test-dir/MiniOzoneClusterImpl-bdb48ef2-e70a-4dc5-a65a-dd2ce314b41a/datanode-1/data/ratis/3c67bcb7-7e99-48e0-835a-ce6afe67b012
2019-09-19 08:58:47,360 [pool-38-thread-1] INFO  server.RaftServerConfigKeys (ConfUtils.java:logGet(43)) - raft.server.log.queue.byte-limit = 2147483647 (custom)
2019-09-19 08:58:47,360 [pool-38-thread-1] INFO  server.RaftServerConfigKeys (ConfUtils.java:logGet(43)) - raft.server.log.queue.element-limit = 1024 (custom)
2019-09-19 08:58:47,361 [pool-38-thread-1] INFO  server.RaftServerConfigKeys (ConfUtils.java:logGet(43)) - raft.server.log.segment.size.max = 1048576 (custom)
2019-09-19 08:58:47,361 [pool-38-thread-1] INFO  server.RaftServerConfigKeys (ConfUtils.java:logGet(43)) - raft.server.log.preallocated.size = 16384 (custom)
2019-09-19 08:58:47,361 [pool-38-thread-1] INFO  server.RaftServerConfigKeys (ConfUtils.java:logGet(43)) - raft.server.log.write.buffer.size = 33554432 (custom)
2019-09-19 08:58:47,361 [pool-38-thread-1] INFO  server.RaftServerConfigKeys (ConfUtils.java:logGet(43)) - raft.server.log.force.sync.num = 128 (default)
2019-09-19 08:58:47,361 [pool-38-thread-1] INFO  server.RaftServerConfigKeys (ConfUtils.java:logGet(43)) - raft.server.log.statemachine.data.sync = true (default)
2019-09-19 08:58:47,361 [pool-38-thread-1] INFO  server.RaftServerConfigKeys (ConfUtils.java:logGet(43)) - raft.server.log.statemachine.data.sync.timeout = 10s (default)
2019-09-19 08:58:47,362 [pool-38-thread-1] INFO  server.RaftServerConfigKeys (ConfUtils.java:logGet(43)) - raft.server.log.statemachine.data.sync.timeout.retry = -1 (default)
2019-09-19 08:58:47,362 [pool-38-thread-1] INFO  server.RaftServerConfigKeys (ConfUtils.java:logGet(43)) - raft.server.log.statemachine.data.caching.enabled = true (custom)
2019-09-19 08:58:47,362 [pool-38-thread-1] INFO  segmented.SegmentedRaftLogWorker (SegmentedRaftLogWorker.java:lambda$new$0(132)) - 9f9bfdf2-fb95-4329-a3ea-1e2fab5cdfa8-SegmentedRaftLogWorker:Storage Directory /workdir/hadoop-ozone/integration-test/target/test-dir/MiniOzoneClusterImpl-bdb48ef2-e70a-4dc5-a65a-dd2ce314b41a/datanode-1/data/ratis/3c67bcb7-7e99-48e0-835a-ce6afe67b012: flushIndex: setUnconditionally 0 -> -1
2019-09-19 08:58:47,362 [pool-38-thread-1] INFO  server.RaftServerConfigKeys (ConfUtils.java:logGet(43)) - raft.server.snapshot.auto.trigger.enabled = true (custom)
2019-09-19 08:58:47,363 [pool-38-thread-1] INFO  server.RaftServerConfigKeys (ConfUtils.java:logGet(43)) - raft.server.snapshot.auto.trigger.threshold = 10000 (custom)
2019-09-19 08:58:47,363 [pool-38-thread-1] INFO  server.RaftServerConfigKeys (ConfUtils.java:logGet(43)) - raft.server.retrycache.expirytime = 600000ms (custom)
2019-09-19 08:58:47,363 [pool-38-thread-1] INFO  impl.RaftServerImpl (RaftServerImpl.java:start(180)) - 9f9bfdf2-fb95-4329-a3ea-1e2fab5cdfa8: start group-CE6AFE67B012
2019-09-19 08:58:47,363 [pool-38-thread-1] INFO  impl.RaftServerImpl (RaftServerImpl.java:setRole(171)) - 9f9bfdf2-fb95-4329-a3ea-1e2fab5cdfa8:group-CE6AFE67B012 changes role from null to FOLLOWER at term 0 for startAsFollower
2019-09-19 08:58:47,363 [pool-38-thread-1] INFO  impl.RoleInfo (RoleInfo.java:updateAndGet(143)) - 9f9bfdf2-fb95-4329-a3ea-1e2fab5cdfa8: start FollowerState
2019-09-19 08:58:47,364 [pool-38-thread-1] INFO  util.JmxRegister (JmxRegister.java:tryRegister(44)) - Successfully registered JMX Bean with object name Ratis:service=RaftServer,group=group-CE6AFE67B012,id=9f9bfdf2-fb95-4329-a3ea-1e2fab5cdfa8
2019-09-19 08:58:47,375 [RatisPipelineUtilsThread] INFO  pipeline.PipelineStateManager (PipelineStateManager.java:addPipeline(56)) - Created pipeline Pipeline[ Id: 3c67bcb7-7e99-48e0-835a-ce6afe67b012, Nodes: 9f9bfdf2-fb95-4329-a3ea-1e2fab5cdfa8{ip: 192.168.157.204, host: pr-hdds-1569-cpgw4-1311585219, networkLocation: /default-rack, certSerialId: null}, Type:RATIS, Factor:ONE, State:OPEN]
2019-09-19 08:58:47,395 [grpc-default-executor-0] INFO  impl.RaftServerProxy (RaftServerProxy.java:addNew(89)) - 321bf75e-33b0-422d-8e21-c4d69826ca09: addNew group-678F01C847B5:[321bf75e-33b0-422d-8e21-c4d69826ca09:192.168.157.204:36032] returns group-678F01C847B5:java.util.concurrent.CompletableFuture@285d5ef0[Not completed]
2019-09-19 08:58:47,404 [pool-49-thread-1] INFO  impl.RaftServerImpl (RaftServerImpl.java:<init>(93)) - 321bf75e-33b0-422d-8e21-c4d69826ca09: new RaftServerImpl for group-678F01C847B5:[321bf75e-33b0-422d-8e21-c4d69826ca09:192.168.157.204:36032] with ContainerStateMachine:uninitialized
2019-09-19 08:58:47,405 [pool-49-thread-1] INFO  server.RaftServerConfigKeys (ConfUtils.java:logGet(43)) - raft.server.rpc.timeout.min = 5s (custom)
2019-09-19 08:58:47,405 [pool-49-thread-1] INFO  server.RaftServerConfigKeys (ConfUtils.java:logGet(43)) - raft.server.rpc.timeout.max = 5200ms (custom)
2019-09-19 08:58:47,405 [pool-49-thread-1] INFO  server.RaftServerConfigKeys (ConfUtils.java:logGet(43)) - raft.server.rpcslowness.timeout = 120s (custom)
2019-09-19 08:58:47,405 [pool-49-thread-1] INFO  server.RaftServerConfigKeys (ConfUtils.java:logGet(43)) - raft.server.sleep.deviation.threshold = 300 (default)
2019-09-19 08:58:47,405 [pool-49-thread-1] INFO  server.RaftServerConfigKeys (ConfUtils.java:logGet(43)) - raft.server.log.appender.install.snapshot.enabled = false (custom)
2019-09-19 08:58:47,405 [pool-49-thread-1] INFO  impl.RaftServerImpl (ServerState.java:<init>(105)) - 321bf75e-33b0-422d-8e21-c4d69826ca09:group-678F01C847B5 ConfigurationManager, init=-1: [321bf75e-33b0-422d-8e21-c4d69826ca09:192.168.157.204:36032], old=null, confs=<EMPTY_MAP>
2019-09-19 08:58:47,406 [pool-49-thread-1] INFO  server.RaftServerConfigKeys (ConfUtils.java:logGet(43)) - raft.server.storage.dir = [/workdir/hadoop-ozone/integration-test/target/test-dir/MiniOzoneClusterImpl-bdb48ef2-e70a-4dc5-a65a-dd2ce314b41a/datanode-2/data/ratis] (custom)
2019-09-19 08:58:47,406 [pool-49-thread-1] INFO  storage.RaftStorageDirectory (RaftStorageDirectory.java:analyzeStorage(246)) - The storage directory /workdir/hadoop-ozone/integration-test/target/test-dir/MiniOzoneClusterImpl-bdb48ef2-e70a-4dc5-a65a-dd2ce314b41a/datanode-2/data/ratis/7b314d8a-759e-4195-b35d-678f01c847b5 does not exist. Creating ...
2019-09-19 08:58:47,425 [pool-49-thread-1] INFO  storage.RaftStorageDirectory (RaftStorageDirectory.java:tryLock(328)) - Lock on /workdir/hadoop-ozone/integration-test/target/test-dir/MiniOzoneClusterImpl-bdb48ef2-e70a-4dc5-a65a-dd2ce314b41a/datanode-2/data/ratis/7b314d8a-759e-4195-b35d-678f01c847b5/in_use.lock acquired by nodename 32528@pr-hdds-1569-cpgw4-1311585219
2019-09-19 08:58:47,438 [pool-49-thread-1] INFO  storage.RaftStorage (RaftStorage.java:format(72)) - Storage directory /workdir/hadoop-ozone/integration-test/target/test-dir/MiniOzoneClusterImpl-bdb48ef2-e70a-4dc5-a65a-dd2ce314b41a/datanode-2/data/ratis/7b314d8a-759e-4195-b35d-678f01c847b5 has been successfully formatted.
2019-09-19 08:58:47,438 [pool-49-thread-1] INFO  ratis.ContainerStateMachine (ContainerStateMachine.java:loadSnapshot(226)) - group-678F01C847B5: The snapshot info is null. Setting the last applied indexto:(t:0, i:~)
2019-09-19 08:58:47,438 [pool-49-thread-1] INFO  server.RaftServerConfigKeys (ConfUtils.java:logGet(43)) - raft.server.leader.election.timeout = 120s (custom)
2019-09-19 08:58:47,438 [pool-49-thread-1] INFO  server.RaftServerConfigKeys (ConfUtils.java:logGet(43)) - raft.server.log.use.memory = false (default)
2019-09-19 08:58:47,439 [pool-49-thread-1] INFO  server.RaftServerConfigKeys (ConfUtils.java:logGet(43)) - raft.server.log.purge.gap = 1000000 (custom)
2019-09-19 08:58:47,439 [pool-49-thread-1] INFO  server.RaftServerConfigKeys (ConfUtils.java:logGet(43)) - raft.server.log.appender.buffer.byte-limit = 33554432 (custom)
2019-09-19 08:58:47,439 [pool-49-thread-1] INFO  server.RaftServerConfigKeys (ConfUtils.java:logGet(43)) - raft.server.log.segment.size.max = 1048576 (custom)
2019-09-19 08:58:47,439 [pool-49-thread-1] INFO  server.RaftServerConfigKeys (ConfUtils.java:logGet(43)) - raft.server.log.segment.cache.num.max = 2 (custom)
2019-09-19 08:58:47,439 [pool-49-thread-1] INFO  segmented.SegmentedRaftLogWorker (SegmentedRaftLogWorker.java:<init>(172)) - new 321bf75e-33b0-422d-8e21-c4d69826ca09-SegmentedRaftLogWorker:Storage Directory /workdir/hadoop-ozone/integration-test/target/test-dir/MiniOzoneClusterImpl-bdb48ef2-e70a-4dc5-a65a-dd2ce314b41a/datanode-2/data/ratis/7b314d8a-759e-4195-b35d-678f01c847b5 for RaftStorage:Storage Directory /workdir/hadoop-ozone/integration-test/target/test-dir/MiniOzoneClusterImpl-bdb48ef2-e70a-4dc5-a65a-dd2ce314b41a/datanode-2/data/ratis/7b314d8a-759e-4195-b35d-678f01c847b5
2019-09-19 08:58:47,439 [pool-49-thread-1] INFO  server.RaftServerConfigKeys (ConfUtils.java:logGet(43)) - raft.server.log.queue.byte-limit = 2147483647 (custom)
2019-09-19 08:58:47,440 [pool-49-thread-1] INFO  server.RaftServerConfigKeys (ConfUtils.java:logGet(43)) - raft.server.log.queue.element-limit = 1024 (custom)
2019-09-19 08:58:47,440 [pool-49-thread-1] INFO  server.RaftServerConfigKeys (ConfUtils.java:logGet(43)) - raft.server.log.segment.size.max = 1048576 (custom)
2019-09-19 08:58:47,440 [pool-49-thread-1] INFO  server.RaftServerConfigKeys (ConfUtils.java:logGet(43)) - raft.server.log.preallocated.size = 16384 (custom)
2019-09-19 08:58:47,440 [pool-49-thread-1] INFO  server.RaftServerConfigKeys (ConfUtils.java:logGet(43)) - raft.server.log.write.buffer.size = 33554432 (custom)
2019-09-19 08:58:47,440 [pool-49-thread-1] INFO  server.RaftServerConfigKeys (ConfUtils.java:logGet(43)) - raft.server.log.force.sync.num = 128 (default)
2019-09-19 08:58:47,441 [pool-49-thread-1] INFO  server.RaftServerConfigKeys (ConfUtils.java:logGet(43)) - raft.server.log.statemachine.data.sync = true (default)
2019-09-19 08:58:47,441 [pool-49-thread-1] INFO  server.RaftServerConfigKeys (ConfUtils.java:logGet(43)) - raft.server.log.statemachine.data.sync.timeout = 10s (default)
2019-09-19 08:58:47,441 [pool-49-thread-1] INFO  server.RaftServerConfigKeys (ConfUtils.java:logGet(43)) - raft.server.log.statemachine.data.sync.timeout.retry = -1 (default)
2019-09-19 08:58:47,441 [pool-49-thread-1] INFO  server.RaftServerConfigKeys (ConfUtils.java:logGet(43)) - raft.server.log.statemachine.data.caching.enabled = true (custom)
2019-09-19 08:58:47,442 [pool-49-thread-1] INFO  segmented.SegmentedRaftLogWorker (SegmentedRaftLogWorker.java:lambda$new$0(132)) - 321bf75e-33b0-422d-8e21-c4d69826ca09-SegmentedRaftLogWorker:Storage Directory /workdir/hadoop-ozone/integration-test/target/test-dir/MiniOzoneClusterImpl-bdb48ef2-e70a-4dc5-a65a-dd2ce314b41a/datanode-2/data/ratis/7b314d8a-759e-4195-b35d-678f01c847b5: flushIndex: setUnconditionally 0 -> -1
2019-09-19 08:58:47,442 [pool-49-thread-1] INFO  server.RaftServerConfigKeys (ConfUtils.java:logGet(43)) - raft.server.snapshot.auto.trigger.enabled = true (custom)
2019-09-19 08:58:47,442 [pool-49-thread-1] INFO  server.RaftServerConfigKeys (ConfUtils.java:logGet(43)) - raft.server.snapshot.auto.trigger.threshold = 10000 (custom)
2019-09-19 08:58:47,442 [pool-49-thread-1] INFO  server.RaftServerConfigKeys (ConfUtils.java:logGet(43)) - raft.server.retrycache.expirytime = 600000ms (custom)
2019-09-19 08:58:47,443 [pool-49-thread-1] INFO  impl.RaftServerImpl (RaftServerImpl.java:start(180)) - 321bf75e-33b0-422d-8e21-c4d69826ca09: start group-678F01C847B5
2019-09-19 08:58:47,443 [pool-49-thread-1] INFO  impl.RaftServerImpl (RaftServerImpl.java:setRole(171)) - 321bf75e-33b0-422d-8e21-c4d69826ca09:group-678F01C847B5 changes role from null to FOLLOWER at term 0 for startAsFollower
2019-09-19 08:58:47,443 [pool-49-thread-1] INFO  impl.RoleInfo (RoleInfo.java:updateAndGet(143)) - 321bf75e-33b0-422d-8e21-c4d69826ca09: start FollowerState
2019-09-19 08:58:47,443 [pool-49-thread-1] INFO  util.JmxRegister (JmxRegister.java:tryRegister(44)) - Successfully registered JMX Bean with object name Ratis:service=RaftServer,group=group-678F01C847B5,id=321bf75e-33b0-422d-8e21-c4d69826ca09
2019-09-19 08:58:47,462 [RatisPipelineUtilsThread] INFO  pipeline.PipelineStateManager (PipelineStateManager.java:addPipeline(56)) - Created pipeline Pipeline[ Id: 7b314d8a-759e-4195-b35d-678f01c847b5, Nodes: 321bf75e-33b0-422d-8e21-c4d69826ca09{ip: 192.168.157.204, host: pr-hdds-1569-cpgw4-1311585219, networkLocation: /default-rack, certSerialId: null}, Type:RATIS, Factor:ONE, State:OPEN]
2019-09-19 08:58:47,479 [grpc-default-executor-0] INFO  impl.RaftServerProxy (RaftServerProxy.java:addNew(89)) - e5bbaf13-f86a-4f92-8b58-de40c00137a1: addNew group-31664EE3296F:[e5bbaf13-f86a-4f92-8b58-de40c00137a1:192.168.157.204:33097] returns group-31664EE3296F:java.util.concurrent.CompletableFuture@526ac1c4[Not completed]
2019-09-19 08:58:47,481 [pool-27-thread-1] INFO  impl.RaftServerImpl (RaftServerImpl.java:<init>(93)) - e5bbaf13-f86a-4f92-8b58-de40c00137a1: new RaftServerImpl for group-31664EE3296F:[e5bbaf13-f86a-4f92-8b58-de40c00137a1:192.168.157.204:33097] with ContainerStateMachine:uninitialized
2019-09-19 08:58:47,482 [pool-27-thread-1] INFO  server.RaftServerConfigKeys (ConfUtils.java:logGet(43)) - raft.server.rpc.timeout.min = 5s (custom)
2019-09-19 08:58:47,482 [pool-27-thread-1] INFO  server.RaftServerConfigKeys (ConfUtils.java:logGet(43)) - raft.server.rpc.timeout.max = 5200ms (custom)
2019-09-19 08:58:47,482 [pool-27-thread-1] INFO  server.RaftServerConfigKeys (ConfUtils.java:logGet(43)) - raft.server.rpcslowness.timeout = 120s (custom)
2019-09-19 08:58:47,482 [pool-27-thread-1] INFO  server.RaftServerConfigKeys (ConfUtils.java:logGet(43)) - raft.server.sleep.deviation.threshold = 300 (default)
2019-09-19 08:58:47,482 [pool-27-thread-1] INFO  server.RaftServerConfigKeys (ConfUtils.java:logGet(43)) - raft.server.log.appender.install.snapshot.enabled = false (custom)
2019-09-19 08:58:47,483 [pool-27-thread-1] INFO  impl.RaftServerImpl (ServerState.java:<init>(105)) - e5bbaf13-f86a-4f92-8b58-de40c00137a1:group-31664EE3296F ConfigurationManager, init=-1: [e5bbaf13-f86a-4f92-8b58-de40c00137a1:192.168.157.204:33097], old=null, confs=<EMPTY_MAP>
2019-09-19 08:58:47,483 [pool-27-thread-1] INFO  server.RaftServerConfigKeys (ConfUtils.java:logGet(43)) - raft.server.storage.dir = [/workdir/hadoop-ozone/integration-test/target/test-dir/MiniOzoneClusterImpl-bdb48ef2-e70a-4dc5-a65a-dd2ce314b41a/datanode-0/data/ratis] (custom)
2019-09-19 08:58:47,484 [pool-27-thread-1] INFO  storage.RaftStorageDirectory (RaftStorageDirectory.java:analyzeStorage(246)) - The storage directory /workdir/hadoop-ozone/integration-test/target/test-dir/MiniOzoneClusterImpl-bdb48ef2-e70a-4dc5-a65a-dd2ce314b41a/datanode-0/data/ratis/d98d546b-349e-4cd4-8afa-31664ee3296f does not exist. Creating ...
2019-09-19 08:58:47,497 [pool-27-thread-1] INFO  storage.RaftStorageDirectory (RaftStorageDirectory.java:tryLock(328)) - Lock on /workdir/hadoop-ozone/integration-test/target/test-dir/MiniOzoneClusterImpl-bdb48ef2-e70a-4dc5-a65a-dd2ce314b41a/datanode-0/data/ratis/d98d546b-349e-4cd4-8afa-31664ee3296f/in_use.lock acquired by nodename 32528@pr-hdds-1569-cpgw4-1311585219
2019-09-19 08:58:47,510 [pool-27-thread-1] INFO  storage.RaftStorage (RaftStorage.java:format(72)) - Storage directory /workdir/hadoop-ozone/integration-test/target/test-dir/MiniOzoneClusterImpl-bdb48ef2-e70a-4dc5-a65a-dd2ce314b41a/datanode-0/data/ratis/d98d546b-349e-4cd4-8afa-31664ee3296f has been successfully formatted.
2019-09-19 08:58:47,510 [pool-27-thread-1] INFO  ratis.ContainerStateMachine (ContainerStateMachine.java:loadSnapshot(226)) - group-31664EE3296F: The snapshot info is null. Setting the last applied indexto:(t:0, i:~)
2019-09-19 08:58:47,510 [pool-27-thread-1] INFO  server.RaftServerConfigKeys (ConfUtils.java:logGet(43)) - raft.server.leader.election.timeout = 120s (custom)
2019-09-19 08:58:47,510 [pool-27-thread-1] INFO  server.RaftServerConfigKeys (ConfUtils.java:logGet(43)) - raft.server.log.use.memory = false (default)
2019-09-19 08:58:47,510 [pool-27-thread-1] INFO  server.RaftServerConfigKeys (ConfUtils.java:logGet(43)) - raft.server.log.purge.gap = 1000000 (custom)
2019-09-19 08:58:47,510 [pool-27-thread-1] INFO  server.RaftServerConfigKeys (ConfUtils.java:logGet(43)) - raft.server.log.appender.buffer.byte-limit = 33554432 (custom)
2019-09-19 08:58:47,511 [pool-27-thread-1] INFO  server.RaftServerConfigKeys (ConfUtils.java:logGet(43)) - raft.server.log.segment.size.max = 1048576 (custom)
2019-09-19 08:58:47,511 [pool-27-thread-1] INFO  server.RaftServerConfigKeys (ConfUtils.java:logGet(43)) - raft.server.log.segment.cache.num.max = 2 (custom)
2019-09-19 08:58:47,511 [pool-27-thread-1] INFO  segmented.SegmentedRaftLogWorker (SegmentedRaftLogWorker.java:<init>(172)) - new e5bbaf13-f86a-4f92-8b58-de40c00137a1-SegmentedRaftLogWorker:Storage Directory /workdir/hadoop-ozone/integration-test/target/test-dir/MiniOzoneClusterImpl-bdb48ef2-e70a-4dc5-a65a-dd2ce314b41a/datanode-0/data/ratis/d98d546b-349e-4cd4-8afa-31664ee3296f for RaftStorage:Storage Directory /workdir/hadoop-ozone/integration-test/target/test-dir/MiniOzoneClusterImpl-bdb48ef2-e70a-4dc5-a65a-dd2ce314b41a/datanode-0/data/ratis/d98d546b-349e-4cd4-8afa-31664ee3296f
2019-09-19 08:58:47,511 [pool-27-thread-1] INFO  server.RaftServerConfigKeys (ConfUtils.java:logGet(43)) - raft.server.log.queue.byte-limit = 2147483647 (custom)
2019-09-19 08:58:47,511 [pool-27-thread-1] INFO  server.RaftServerConfigKeys (ConfUtils.java:logGet(43)) - raft.server.log.queue.element-limit = 1024 (custom)
2019-09-19 08:58:47,511 [pool-27-thread-1] INFO  server.RaftServerConfigKeys (ConfUtils.java:logGet(43)) - raft.server.log.segment.size.max = 1048576 (custom)
2019-09-19 08:58:47,512 [pool-27-thread-1] INFO  server.RaftServerConfigKeys (ConfUtils.java:logGet(43)) - raft.server.log.preallocated.size = 16384 (custom)
2019-09-19 08:58:47,512 [pool-27-thread-1] INFO  server.RaftServerConfigKeys (ConfUtils.java:logGet(43)) - raft.server.log.write.buffer.size = 33554432 (custom)
2019-09-19 08:58:47,512 [pool-27-thread-1] INFO  server.RaftServerConfigKeys (ConfUtils.java:logGet(43)) - raft.server.log.force.sync.num = 128 (default)
2019-09-19 08:58:47,512 [pool-27-thread-1] INFO  server.RaftServerConfigKeys (ConfUtils.java:logGet(43)) - raft.server.log.statemachine.data.sync = true (default)
2019-09-19 08:58:47,513 [pool-27-thread-1] INFO  server.RaftServerConfigKeys (ConfUtils.java:logGet(43)) - raft.server.log.statemachine.data.sync.timeout = 10s (default)
2019-09-19 08:58:47,513 [pool-27-thread-1] INFO  server.RaftServerConfigKeys (ConfUtils.java:logGet(43)) - raft.server.log.statemachine.data.sync.timeout.retry = -1 (default)
2019-09-19 08:58:47,513 [pool-27-thread-1] INFO  server.RaftServerConfigKeys (ConfUtils.java:logGet(43)) - raft.server.log.statemachine.data.caching.enabled = true (custom)
2019-09-19 08:58:47,514 [pool-27-thread-1] INFO  segmented.SegmentedRaftLogWorker (SegmentedRaftLogWorker.java:lambda$new$0(132)) - e5bbaf13-f86a-4f92-8b58-de40c00137a1-SegmentedRaftLogWorker:Storage Directory /workdir/hadoop-ozone/integration-test/target/test-dir/MiniOzoneClusterImpl-bdb48ef2-e70a-4dc5-a65a-dd2ce314b41a/datanode-0/data/ratis/d98d546b-349e-4cd4-8afa-31664ee3296f: flushIndex: setUnconditionally 0 -> -1
2019-09-19 08:58:47,514 [pool-27-thread-1] INFO  server.RaftServerConfigKeys (ConfUtils.java:logGet(43)) - raft.server.snapshot.auto.trigger.enabled = true (custom)
2019-09-19 08:58:47,514 [pool-27-thread-1] INFO  server.RaftServerConfigKeys (ConfUtils.java:logGet(43)) - raft.server.snapshot.auto.trigger.threshold = 10000 (custom)
2019-09-19 08:58:47,514 [pool-27-thread-1] INFO  server.RaftServerConfigKeys (ConfUtils.java:logGet(43)) - raft.server.retrycache.expirytime = 600000ms (custom)
2019-09-19 08:58:47,515 [pool-27-thread-1] INFO  impl.RaftServerImpl (RaftServerImpl.java:start(180)) - e5bbaf13-f86a-4f92-8b58-de40c00137a1: start group-31664EE3296F
2019-09-19 08:58:47,515 [pool-27-thread-1] INFO  impl.RaftServerImpl (RaftServerImpl.java:setRole(171)) - e5bbaf13-f86a-4f92-8b58-de40c00137a1:group-31664EE3296F changes role from null to FOLLOWER at term 0 for startAsFollower
2019-09-19 08:58:47,515 [pool-27-thread-1] INFO  impl.RoleInfo (RoleInfo.java:updateAndGet(143)) - e5bbaf13-f86a-4f92-8b58-de40c00137a1: start FollowerState
2019-09-19 08:58:47,515 [pool-27-thread-1] INFO  util.JmxRegister (JmxRegister.java:tryRegister(44)) - Successfully registered JMX Bean with object name Ratis:service=RaftServer,group=group-31664EE3296F,id=e5bbaf13-f86a-4f92-8b58-de40c00137a1
2019-09-19 08:58:47,523 [RatisPipelineUtilsThread] INFO  pipeline.PipelineStateManager (PipelineStateManager.java:addPipeline(56)) - Created pipeline Pipeline[ Id: d98d546b-349e-4cd4-8afa-31664ee3296f, Nodes: e5bbaf13-f86a-4f92-8b58-de40c00137a1{ip: 192.168.157.204, host: pr-hdds-1569-cpgw4-1311585219, networkLocation: /default-rack, certSerialId: null}, Type:RATIS, Factor:ONE, State:OPEN]
2019-09-19 08:58:47,536 [grpc-default-executor-0] INFO  impl.RaftServerProxy (RaftServerProxy.java:addNew(89)) - 321bf75e-33b0-422d-8e21-c4d69826ca09: addNew group-8CC2060C6AFD:[321bf75e-33b0-422d-8e21-c4d69826ca09:192.168.157.204:36032] returns group-8CC2060C6AFD:java.util.concurrent.CompletableFuture@2f6121ec[Not completed]
2019-09-19 08:58:47,537 [pool-49-thread-1] INFO  impl.RaftServerImpl (RaftServerImpl.java:<init>(93)) - 321bf75e-33b0-422d-8e21-c4d69826ca09: new RaftServerImpl for group-8CC2060C6AFD:[321bf75e-33b0-422d-8e21-c4d69826ca09:192.168.157.204:36032] with ContainerStateMachine:uninitialized
2019-09-19 08:58:47,538 [pool-49-thread-1] INFO  server.RaftServerConfigKeys (ConfUtils.java:logGet(43)) - raft.server.rpc.timeout.min = 5s (custom)
2019-09-19 08:58:47,538 [pool-49-thread-1] INFO  server.RaftServerConfigKeys (ConfUtils.java:logGet(43)) - raft.server.rpc.timeout.max = 5200ms (custom)
2019-09-19 08:58:47,538 [pool-49-thread-1] INFO  server.RaftServerConfigKeys (ConfUtils.java:logGet(43)) - raft.server.rpcslowness.timeout = 120s (custom)
2019-09-19 08:58:47,538 [pool-49-thread-1] INFO  server.RaftServerConfigKeys (ConfUtils.java:logGet(43)) - raft.server.sleep.deviation.threshold = 300 (default)
2019-09-19 08:58:47,538 [pool-49-thread-1] INFO  server.RaftServerConfigKeys (ConfUtils.java:logGet(43)) - raft.server.log.appender.install.snapshot.enabled = false (custom)
2019-09-19 08:58:47,538 [pool-49-thread-1] INFO  impl.RaftServerImpl (ServerState.java:<init>(105)) - 321bf75e-33b0-422d-8e21-c4d69826ca09:group-8CC2060C6AFD ConfigurationManager, init=-1: [321bf75e-33b0-422d-8e21-c4d69826ca09:192.168.157.204:36032], old=null, confs=<EMPTY_MAP>
2019-09-19 08:58:47,538 [pool-49-thread-1] INFO  server.RaftServerConfigKeys (ConfUtils.java:logGet(43)) - raft.server.storage.dir = [/workdir/hadoop-ozone/integration-test/target/test-dir/MiniOzoneClusterImpl-bdb48ef2-e70a-4dc5-a65a-dd2ce314b41a/datanode-2/data/ratis] (custom)
2019-09-19 08:58:47,539 [pool-49-thread-1] INFO  storage.RaftStorageDirectory (RaftStorageDirectory.java:analyzeStorage(246)) - The storage directory /workdir/hadoop-ozone/integration-test/target/test-dir/MiniOzoneClusterImpl-bdb48ef2-e70a-4dc5-a65a-dd2ce314b41a/datanode-2/data/ratis/1cc73ea3-5936-423e-92d8-8cc2060c6afd does not exist. Creating ...
2019-09-19 08:58:47,552 [pool-49-thread-1] INFO  storage.RaftStorageDirectory (RaftStorageDirectory.java:tryLock(328)) - Lock on /workdir/hadoop-ozone/integration-test/target/test-dir/MiniOzoneClusterImpl-bdb48ef2-e70a-4dc5-a65a-dd2ce314b41a/datanode-2/data/ratis/1cc73ea3-5936-423e-92d8-8cc2060c6afd/in_use.lock acquired by nodename 32528@pr-hdds-1569-cpgw4-1311585219
2019-09-19 08:58:47,564 [pool-49-thread-1] INFO  storage.RaftStorage (RaftStorage.java:format(72)) - Storage directory /workdir/hadoop-ozone/integration-test/target/test-dir/MiniOzoneClusterImpl-bdb48ef2-e70a-4dc5-a65a-dd2ce314b41a/datanode-2/data/ratis/1cc73ea3-5936-423e-92d8-8cc2060c6afd has been successfully formatted.
2019-09-19 08:58:47,565 [pool-49-thread-1] INFO  ratis.ContainerStateMachine (ContainerStateMachine.java:loadSnapshot(226)) - group-8CC2060C6AFD: The snapshot info is null. Setting the last applied indexto:(t:0, i:~)
2019-09-19 08:58:47,565 [pool-49-thread-1] INFO  server.RaftServerConfigKeys (ConfUtils.java:logGet(43)) - raft.server.leader.election.timeout = 120s (custom)
2019-09-19 08:58:47,565 [main] INFO  ozone.MiniOzoneClusterImpl (MiniOzoneClusterImpl.java:lambda$waitForClusterToBeReady$0(142)) - Cluster is ready. Got 3 of 3 DN Heartbeats.
2019-09-19 08:58:47,565 [pool-49-thread-1] INFO  server.RaftServerConfigKeys (ConfUtils.java:logGet(43)) - raft.server.log.use.memory = false (default)
2019-09-19 08:58:47,566 [pool-49-thread-1] INFO  server.RaftServerConfigKeys (ConfUtils.java:logGet(43)) - raft.server.log.purge.gap = 1000000 (custom)
2019-09-19 08:58:47,566 [pool-49-thread-1] INFO  server.RaftServerConfigKeys (ConfUtils.java:logGet(43)) - raft.server.log.appender.buffer.byte-limit = 33554432 (custom)
2019-09-19 08:58:47,566 [pool-49-thread-1] INFO  server.RaftServerConfigKeys (ConfUtils.java:logGet(43)) - raft.server.log.segment.size.max = 1048576 (custom)
2019-09-19 08:58:47,566 [pool-49-thread-1] INFO  server.RaftServerConfigKeys (ConfUtils.java:logGet(43)) - raft.server.log.segment.cache.num.max = 2 (custom)
2019-09-19 08:58:47,566 [pool-49-thread-1] INFO  segmented.SegmentedRaftLogWorker (SegmentedRaftLogWorker.java:<init>(172)) - new 321bf75e-33b0-422d-8e21-c4d69826ca09-SegmentedRaftLogWorker:Storage Directory /workdir/hadoop-ozone/integration-test/target/test-dir/MiniOzoneClusterImpl-bdb48ef2-e70a-4dc5-a65a-dd2ce314b41a/datanode-2/data/ratis/1cc73ea3-5936-423e-92d8-8cc2060c6afd for RaftStorage:Storage Directory /workdir/hadoop-ozone/integration-test/target/test-dir/MiniOzoneClusterImpl-bdb48ef2-e70a-4dc5-a65a-dd2ce314b41a/datanode-2/data/ratis/1cc73ea3-5936-423e-92d8-8cc2060c6afd
2019-09-19 08:58:47,566 [pool-49-thread-1] INFO  server.RaftServerConfigKeys (ConfUtils.java:logGet(43)) - raft.server.log.queue.byte-limit = 2147483647 (custom)
2019-09-19 08:58:47,567 [pool-49-thread-1] INFO  server.RaftServerConfigKeys (ConfUtils.java:logGet(43)) - raft.server.log.queue.element-limit = 1024 (custom)
2019-09-19 08:58:47,567 [pool-49-thread-1] INFO  server.RaftServerConfigKeys (ConfUtils.java:logGet(43)) - raft.server.log.segment.size.max = 1048576 (custom)
2019-09-19 08:58:47,567 [pool-49-thread-1] INFO  server.RaftServerConfigKeys (ConfUtils.java:logGet(43)) - raft.server.log.preallocated.size = 16384 (custom)
2019-09-19 08:58:47,567 [pool-49-thread-1] INFO  server.RaftServerConfigKeys (ConfUtils.java:logGet(43)) - raft.server.log.write.buffer.size = 33554432 (custom)
2019-09-19 08:58:47,567 [pool-49-thread-1] INFO  server.RaftServerConfigKeys (ConfUtils.java:logGet(43)) - raft.server.log.force.sync.num = 128 (default)
2019-09-19 08:58:47,568 [pool-49-thread-1] INFO  server.RaftServerConfigKeys (ConfUtils.java:logGet(43)) - raft.server.log.statemachine.data.sync = true (default)
2019-09-19 08:58:47,568 [pool-49-thread-1] INFO  server.RaftServerConfigKeys (ConfUtils.java:logGet(43)) - raft.server.log.statemachine.data.sync.timeout = 10s (default)
2019-09-19 08:58:47,568 [pool-49-thread-1] INFO  server.RaftServerConfigKeys (ConfUtils.java:logGet(43)) - raft.server.log.statemachine.data.sync.timeout.retry = -1 (default)
2019-09-19 08:58:47,568 [pool-49-thread-1] INFO  server.RaftServerConfigKeys (ConfUtils.java:logGet(43)) - raft.server.log.statemachine.data.caching.enabled = true (custom)
2019-09-19 08:58:47,569 [pool-49-thread-1] INFO  segmented.SegmentedRaftLogWorker (SegmentedRaftLogWorker.java:lambda$new$0(132)) - 321bf75e-33b0-422d-8e21-c4d69826ca09-SegmentedRaftLogWorker:Storage Directory /workdir/hadoop-ozone/integration-test/target/test-dir/MiniOzoneClusterImpl-bdb48ef2-e70a-4dc5-a65a-dd2ce314b41a/datanode-2/data/ratis/1cc73ea3-5936-423e-92d8-8cc2060c6afd: flushIndex: setUnconditionally 0 -> -1
2019-09-19 08:58:47,569 [pool-49-thread-1] INFO  server.RaftServerConfigKeys (ConfUtils.java:logGet(43)) - raft.server.snapshot.auto.trigger.enabled = true (custom)
2019-09-19 08:58:47,569 [pool-49-thread-1] INFO  server.RaftServerConfigKeys (ConfUtils.java:logGet(43)) - raft.server.snapshot.auto.trigger.threshold = 10000 (custom)
2019-09-19 08:58:47,570 [pool-49-thread-1] INFO  server.RaftServerConfigKeys (ConfUtils.java:logGet(43)) - raft.server.retrycache.expirytime = 600000ms (custom)
2019-09-19 08:58:47,570 [pool-49-thread-1] INFO  impl.RaftServerImpl (RaftServerImpl.java:start(180)) - 321bf75e-33b0-422d-8e21-c4d69826ca09: start group-8CC2060C6AFD
2019-09-19 08:58:47,570 [pool-49-thread-1] INFO  impl.RaftServerImpl (RaftServerImpl.java:setRole(171)) - 321bf75e-33b0-422d-8e21-c4d69826ca09:group-8CC2060C6AFD changes role from null to FOLLOWER at term 0 for startAsFollower
2019-09-19 08:58:47,570 [pool-49-thread-1] INFO  impl.RoleInfo (RoleInfo.java:updateAndGet(143)) - 321bf75e-33b0-422d-8e21-c4d69826ca09: start FollowerState
2019-09-19 08:58:47,571 [pool-49-thread-1] INFO  util.JmxRegister (JmxRegister.java:tryRegister(44)) - Successfully registered JMX Bean with object name Ratis:service=RaftServer,group=group-8CC2060C6AFD,id=321bf75e-33b0-422d-8e21-c4d69826ca09
2019-09-19 08:58:47,587 [RatisPipelineUtilsThread] INFO  pipeline.PipelineStateManager (PipelineStateManager.java:addPipeline(56)) - Created pipeline Pipeline[ Id: 1cc73ea3-5936-423e-92d8-8cc2060c6afd, Nodes: 321bf75e-33b0-422d-8e21-c4d69826ca09{ip: 192.168.157.204, host: pr-hdds-1569-cpgw4-1311585219, networkLocation: /default-rack, certSerialId: null}, Type:RATIS, Factor:ONE, State:OPEN]
2019-09-19 08:58:47,602 [grpc-default-executor-0] INFO  impl.RaftServerProxy (RaftServerProxy.java:addNew(89)) - e5bbaf13-f86a-4f92-8b58-de40c00137a1: addNew group-BB2C29FAC400:[e5bbaf13-f86a-4f92-8b58-de40c00137a1:192.168.157.204:33097] returns group-BB2C29FAC400:java.util.concurrent.CompletableFuture@7c0b5a9e[Not completed]
2019-09-19 08:58:47,603 [pool-27-thread-1] INFO  impl.RaftServerImpl (RaftServerImpl.java:<init>(93)) - e5bbaf13-f86a-4f92-8b58-de40c00137a1: new RaftServerImpl for group-BB2C29FAC400:[e5bbaf13-f86a-4f92-8b58-de40c00137a1:192.168.157.204:33097] with ContainerStateMachine:uninitialized
2019-09-19 08:58:47,604 [pool-27-thread-1] INFO  server.RaftServerConfigKeys (ConfUtils.java:logGet(43)) - raft.server.rpc.timeout.min = 5s (custom)
2019-09-19 08:58:47,604 [pool-27-thread-1] INFO  server.RaftServerConfigKeys (ConfUtils.java:logGet(43)) - raft.server.rpc.timeout.max = 5200ms (custom)
2019-09-19 08:58:47,604 [pool-27-thread-1] INFO  server.RaftServerConfigKeys (ConfUtils.java:logGet(43)) - raft.server.rpcslowness.timeout = 120s (custom)
2019-09-19 08:58:47,604 [pool-27-thread-1] INFO  server.RaftServerConfigKeys (ConfUtils.java:logGet(43)) - raft.server.sleep.deviation.threshold = 300 (default)
2019-09-19 08:58:47,604 [pool-27-thread-1] INFO  server.RaftServerConfigKeys (ConfUtils.java:logGet(43)) - raft.server.log.appender.install.snapshot.enabled = false (custom)
2019-09-19 08:58:47,604 [pool-27-thread-1] INFO  impl.RaftServerImpl (ServerState.java:<init>(105)) - e5bbaf13-f86a-4f92-8b58-de40c00137a1:group-BB2C29FAC400 ConfigurationManager, init=-1: [e5bbaf13-f86a-4f92-8b58-de40c00137a1:192.168.157.204:33097], old=null, confs=<EMPTY_MAP>
2019-09-19 08:58:47,604 [pool-27-thread-1] INFO  server.RaftServerConfigKeys (ConfUtils.java:logGet(43)) - raft.server.storage.dir = [/workdir/hadoop-ozone/integration-test/target/test-dir/MiniOzoneClusterImpl-bdb48ef2-e70a-4dc5-a65a-dd2ce314b41a/datanode-0/data/ratis] (custom)
2019-09-19 08:58:47,605 [pool-27-thread-1] INFO  storage.RaftStorageDirectory (RaftStorageDirectory.java:analyzeStorage(246)) - The storage directory /workdir/hadoop-ozone/integration-test/target/test-dir/MiniOzoneClusterImpl-bdb48ef2-e70a-4dc5-a65a-dd2ce314b41a/datanode-0/data/ratis/9b3d6e58-7b8e-4899-9b8a-bb2c29fac400 does not exist. Creating ...
2019-09-19 08:58:47,617 [pool-27-thread-1] INFO  storage.RaftStorageDirectory (RaftStorageDirectory.java:tryLock(328)) - Lock on /workdir/hadoop-ozone/integration-test/target/test-dir/MiniOzoneClusterImpl-bdb48ef2-e70a-4dc5-a65a-dd2ce314b41a/datanode-0/data/ratis/9b3d6e58-7b8e-4899-9b8a-bb2c29fac400/in_use.lock acquired by nodename 32528@pr-hdds-1569-cpgw4-1311585219
2019-09-19 08:58:47,630 [pool-27-thread-1] INFO  storage.RaftStorage (RaftStorage.java:format(72)) - Storage directory /workdir/hadoop-ozone/integration-test/target/test-dir/MiniOzoneClusterImpl-bdb48ef2-e70a-4dc5-a65a-dd2ce314b41a/datanode-0/data/ratis/9b3d6e58-7b8e-4899-9b8a-bb2c29fac400 has been successfully formatted.
2019-09-19 08:58:47,630 [pool-27-thread-1] INFO  ratis.ContainerStateMachine (ContainerStateMachine.java:loadSnapshot(226)) - group-BB2C29FAC400: The snapshot info is null. Setting the last applied indexto:(t:0, i:~)
2019-09-19 08:58:47,630 [pool-27-thread-1] INFO  server.RaftServerConfigKeys (ConfUtils.java:logGet(43)) - raft.server.leader.election.timeout = 120s (custom)
2019-09-19 08:58:47,630 [pool-27-thread-1] INFO  server.RaftServerConfigKeys (ConfUtils.java:logGet(43)) - raft.server.log.use.memory = false (default)
2019-09-19 08:58:47,631 [pool-27-thread-1] INFO  server.RaftServerConfigKeys (ConfUtils.java:logGet(43)) - raft.server.log.purge.gap = 1000000 (custom)
2019-09-19 08:58:47,631 [pool-27-thread-1] INFO  server.RaftServerConfigKeys (ConfUtils.java:logGet(43)) - raft.server.log.appender.buffer.byte-limit = 33554432 (custom)
2019-09-19 08:58:47,631 [pool-27-thread-1] INFO  server.RaftServerConfigKeys (ConfUtils.java:logGet(43)) - raft.server.log.segment.size.max = 1048576 (custom)
2019-09-19 08:58:47,631 [pool-27-thread-1] INFO  server.RaftServerConfigKeys (ConfUtils.java:logGet(43)) - raft.server.log.segment.cache.num.max = 2 (custom)
2019-09-19 08:58:47,632 [pool-27-thread-1] INFO  segmented.SegmentedRaftLogWorker (SegmentedRaftLogWorker.java:<init>(172)) - new e5bbaf13-f86a-4f92-8b58-de40c00137a1-SegmentedRaftLogWorker:Storage Directory /workdir/hadoop-ozone/integration-test/target/test-dir/MiniOzoneClusterImpl-bdb48ef2-e70a-4dc5-a65a-dd2ce314b41a/datanode-0/data/ratis/9b3d6e58-7b8e-4899-9b8a-bb2c29fac400 for RaftStorage:Storage Directory /workdir/hadoop-ozone/integration-test/target/test-dir/MiniOzoneClusterImpl-bdb48ef2-e70a-4dc5-a65a-dd2ce314b41a/datanode-0/data/ratis/9b3d6e58-7b8e-4899-9b8a-bb2c29fac400
2019-09-19 08:58:47,632 [pool-27-thread-1] INFO  server.RaftServerConfigKeys (ConfUtils.java:logGet(43)) - raft.server.log.queue.byte-limit = 2147483647 (custom)
2019-09-19 08:58:47,632 [pool-27-thread-1] INFO  server.RaftServerConfigKeys (ConfUtils.java:logGet(43)) - raft.server.log.queue.element-limit = 1024 (custom)
2019-09-19 08:58:47,632 [pool-27-thread-1] INFO  server.RaftServerConfigKeys (ConfUtils.java:logGet(43)) - raft.server.log.segment.size.max = 1048576 (custom)
2019-09-19 08:58:47,632 [pool-27-thread-1] INFO  server.RaftServerConfigKeys (ConfUtils.java:logGet(43)) - raft.server.log.preallocated.size = 16384 (custom)
2019-09-19 08:58:47,633 [pool-27-thread-1] INFO  server.RaftServerConfigKeys (ConfUtils.java:logGet(43)) - raft.server.log.write.buffer.size = 33554432 (custom)
2019-09-19 08:58:47,633 [pool-27-thread-1] INFO  server.RaftServerConfigKeys (ConfUtils.java:logGet(43)) - raft.server.log.force.sync.num = 128 (default)
2019-09-19 08:58:47,633 [pool-27-thread-1] INFO  server.RaftServerConfigKeys (ConfUtils.java:logGet(43)) - raft.server.log.statemachine.data.sync = true (default)
2019-09-19 08:58:47,633 [pool-27-thread-1] INFO  server.RaftServerConfigKeys (ConfUtils.java:logGet(43)) - raft.server.log.statemachine.data.sync.timeout = 10s (default)
2019-09-19 08:58:47,633 [pool-27-thread-1] INFO  server.RaftServerConfigKeys (ConfUtils.java:logGet(43)) - raft.server.log.statemachine.data.sync.timeout.retry = -1 (default)
2019-09-19 08:58:47,634 [pool-27-thread-1] INFO  server.RaftServerConfigKeys (ConfUtils.java:logGet(43)) - raft.server.log.statemachine.data.caching.enabled = true (custom)
2019-09-19 08:58:47,634 [pool-27-thread-1] INFO  segmented.SegmentedRaftLogWorker (SegmentedRaftLogWorker.java:lambda$new$0(132)) - e5bbaf13-f86a-4f92-8b58-de40c00137a1-SegmentedRaftLogWorker:Storage Directory /workdir/hadoop-ozone/integration-test/target/test-dir/MiniOzoneClusterImpl-bdb48ef2-e70a-4dc5-a65a-dd2ce314b41a/datanode-0/data/ratis/9b3d6e58-7b8e-4899-9b8a-bb2c29fac400: flushIndex: setUnconditionally 0 -> -1
2019-09-19 08:58:47,635 [pool-27-thread-1] INFO  server.RaftServerConfigKeys (ConfUtils.java:logGet(43)) - raft.server.snapshot.auto.trigger.enabled = true (custom)
2019-09-19 08:58:47,635 [pool-27-thread-1] INFO  server.RaftServerConfigKeys (ConfUtils.java:logGet(43)) - raft.server.snapshot.auto.trigger.threshold = 10000 (custom)
2019-09-19 08:58:47,635 [pool-27-thread-1] INFO  server.RaftServerConfigKeys (ConfUtils.java:logGet(43)) - raft.server.retrycache.expirytime = 600000ms (custom)
2019-09-19 08:58:47,636 [pool-27-thread-1] INFO  impl.RaftServerImpl (RaftServerImpl.java:start(180)) - e5bbaf13-f86a-4f92-8b58-de40c00137a1: start group-BB2C29FAC400
2019-09-19 08:58:47,636 [pool-27-thread-1] INFO  impl.RaftServerImpl (RaftServerImpl.java:setRole(171)) - e5bbaf13-f86a-4f92-8b58-de40c00137a1:group-BB2C29FAC400 changes role from null to FOLLOWER at term 0 for startAsFollower
2019-09-19 08:58:47,636 [pool-27-thread-1] INFO  impl.RoleInfo (RoleInfo.java:updateAndGet(143)) - e5bbaf13-f86a-4f92-8b58-de40c00137a1: start FollowerState
2019-09-19 08:58:47,641 [pool-27-thread-1] INFO  util.JmxRegister (JmxRegister.java:tryRegister(44)) - Successfully registered JMX Bean with object name Ratis:service=RaftServer,group=group-BB2C29FAC400,id=e5bbaf13-f86a-4f92-8b58-de40c00137a1
2019-09-19 08:58:47,656 [RatisPipelineUtilsThread] INFO  pipeline.PipelineStateManager (PipelineStateManager.java:addPipeline(56)) - Created pipeline Pipeline[ Id: 9b3d6e58-7b8e-4899-9b8a-bb2c29fac400, Nodes: e5bbaf13-f86a-4f92-8b58-de40c00137a1{ip: 192.168.157.204, host: pr-hdds-1569-cpgw4-1311585219, networkLocation: /default-rack, certSerialId: null}, Type:RATIS, Factor:ONE, State:OPEN]
2019-09-19 08:58:47,677 [grpc-default-executor-0] INFO  impl.RaftServerProxy (RaftServerProxy.java:addNew(89)) - 321bf75e-33b0-422d-8e21-c4d69826ca09: addNew group-B897C7FA0FCF:[321bf75e-33b0-422d-8e21-c4d69826ca09:192.168.157.204:36032] returns group-B897C7FA0FCF:java.util.concurrent.CompletableFuture@7d2efbed[Not completed]
2019-09-19 08:58:47,679 [pool-49-thread-1] INFO  impl.RaftServerImpl (RaftServerImpl.java:<init>(93)) - 321bf75e-33b0-422d-8e21-c4d69826ca09: new RaftServerImpl for group-B897C7FA0FCF:[321bf75e-33b0-422d-8e21-c4d69826ca09:192.168.157.204:36032] with ContainerStateMachine:uninitialized
2019-09-19 08:58:47,679 [pool-49-thread-1] INFO  server.RaftServerConfigKeys (ConfUtils.java:logGet(43)) - raft.server.rpc.timeout.min = 5s (custom)
2019-09-19 08:58:47,679 [pool-49-thread-1] INFO  server.RaftServerConfigKeys (ConfUtils.java:logGet(43)) - raft.server.rpc.timeout.max = 5200ms (custom)
2019-09-19 08:58:47,679 [pool-49-thread-1] INFO  server.RaftServerConfigKeys (ConfUtils.java:logGet(43)) - raft.server.rpcslowness.timeout = 120s (custom)
2019-09-19 08:58:47,680 [pool-49-thread-1] INFO  server.RaftServerConfigKeys (ConfUtils.java:logGet(43)) - raft.server.sleep.deviation.threshold = 300 (default)
2019-09-19 08:58:47,680 [pool-49-thread-1] INFO  server.RaftServerConfigKeys (ConfUtils.java:logGet(43)) - raft.server.log.appender.install.snapshot.enabled = false (custom)
2019-09-19 08:58:47,680 [pool-49-thread-1] INFO  impl.RaftServerImpl (ServerState.java:<init>(105)) - 321bf75e-33b0-422d-8e21-c4d69826ca09:group-B897C7FA0FCF ConfigurationManager, init=-1: [321bf75e-33b0-422d-8e21-c4d69826ca09:192.168.157.204:36032], old=null, confs=<EMPTY_MAP>
2019-09-19 08:58:47,680 [pool-49-thread-1] INFO  server.RaftServerConfigKeys (ConfUtils.java:logGet(43)) - raft.server.storage.dir = [/workdir/hadoop-ozone/integration-test/target/test-dir/MiniOzoneClusterImpl-bdb48ef2-e70a-4dc5-a65a-dd2ce314b41a/datanode-2/data/ratis] (custom)
2019-09-19 08:58:47,680 [pool-49-thread-1] INFO  storage.RaftStorageDirectory (RaftStorageDirectory.java:analyzeStorage(246)) - The storage directory /workdir/hadoop-ozone/integration-test/target/test-dir/MiniOzoneClusterImpl-bdb48ef2-e70a-4dc5-a65a-dd2ce314b41a/datanode-2/data/ratis/b24b2818-2bd9-4ec9-9e60-b897c7fa0fcf does not exist. Creating ...
2019-09-19 08:58:47,693 [pool-49-thread-1] INFO  storage.RaftStorageDirectory (RaftStorageDirectory.java:tryLock(328)) - Lock on /workdir/hadoop-ozone/integration-test/target/test-dir/MiniOzoneClusterImpl-bdb48ef2-e70a-4dc5-a65a-dd2ce314b41a/datanode-2/data/ratis/b24b2818-2bd9-4ec9-9e60-b897c7fa0fcf/in_use.lock acquired by nodename 32528@pr-hdds-1569-cpgw4-1311585219
2019-09-19 08:58:47,714 [pool-49-thread-1] INFO  storage.RaftStorage (RaftStorage.java:format(72)) - Storage directory /workdir/hadoop-ozone/integration-test/target/test-dir/MiniOzoneClusterImpl-bdb48ef2-e70a-4dc5-a65a-dd2ce314b41a/datanode-2/data/ratis/b24b2818-2bd9-4ec9-9e60-b897c7fa0fcf has been successfully formatted.
2019-09-19 08:58:47,714 [pool-49-thread-1] INFO  ratis.ContainerStateMachine (ContainerStateMachine.java:loadSnapshot(226)) - group-B897C7FA0FCF: The snapshot info is null. Setting the last applied indexto:(t:0, i:~)
2019-09-19 08:58:47,715 [pool-49-thread-1] INFO  server.RaftServerConfigKeys (ConfUtils.java:logGet(43)) - raft.server.leader.election.timeout = 120s (custom)
2019-09-19 08:58:47,715 [pool-49-thread-1] INFO  server.RaftServerConfigKeys (ConfUtils.java:logGet(43)) - raft.server.log.use.memory = false (default)
2019-09-19 08:58:47,715 [pool-49-thread-1] INFO  server.RaftServerConfigKeys (ConfUtils.java:logGet(43)) - raft.server.log.purge.gap = 1000000 (custom)
2019-09-19 08:58:47,715 [pool-49-thread-1] INFO  server.RaftServerConfigKeys (ConfUtils.java:logGet(43)) - raft.server.log.appender.buffer.byte-limit = 33554432 (custom)
2019-09-19 08:58:47,715 [pool-49-thread-1] INFO  server.RaftServerConfigKeys (ConfUtils.java:logGet(43)) - raft.server.log.segment.size.max = 1048576 (custom)
2019-09-19 08:58:47,715 [pool-49-thread-1] INFO  server.RaftServerConfigKeys (ConfUtils.java:logGet(43)) - raft.server.log.segment.cache.num.max = 2 (custom)
2019-09-19 08:58:47,716 [pool-49-thread-1] INFO  segmented.SegmentedRaftLogWorker (SegmentedRaftLogWorker.java:<init>(172)) - new 321bf75e-33b0-422d-8e21-c4d69826ca09-SegmentedRaftLogWorker:Storage Directory /workdir/hadoop-ozone/integration-test/target/test-dir/MiniOzoneClusterImpl-bdb48ef2-e70a-4dc5-a65a-dd2ce314b41a/datanode-2/data/ratis/b24b2818-2bd9-4ec9-9e60-b897c7fa0fcf for RaftStorage:Storage Directory /workdir/hadoop-ozone/integration-test/target/test-dir/MiniOzoneClusterImpl-bdb48ef2-e70a-4dc5-a65a-dd2ce314b41a/datanode-2/data/ratis/b24b2818-2bd9-4ec9-9e60-b897c7fa0fcf
2019-09-19 08:58:47,716 [pool-49-thread-1] INFO  server.RaftServerConfigKeys (ConfUtils.java:logGet(43)) - raft.server.log.queue.byte-limit = 2147483647 (custom)
2019-09-19 08:58:47,716 [pool-49-thread-1] INFO  server.RaftServerConfigKeys (ConfUtils.java:logGet(43)) - raft.server.log.queue.element-limit = 1024 (custom)
2019-09-19 08:58:47,716 [pool-49-thread-1] INFO  server.RaftServerConfigKeys (ConfUtils.java:logGet(43)) - raft.server.log.segment.size.max = 1048576 (custom)
2019-09-19 08:58:47,716 [pool-49-thread-1] INFO  server.RaftServerConfigKeys (ConfUtils.java:logGet(43)) - raft.server.log.preallocated.size = 16384 (custom)
2019-09-19 08:58:47,716 [pool-49-thread-1] INFO  server.RaftServerConfigKeys (ConfUtils.java:logGet(43)) - raft.server.log.write.buffer.size = 33554432 (custom)
2019-09-19 08:58:47,716 [pool-49-thread-1] INFO  server.RaftServerConfigKeys (ConfUtils.java:logGet(43)) - raft.server.log.force.sync.num = 128 (default)
2019-09-19 08:58:47,717 [pool-49-thread-1] INFO  server.RaftServerConfigKeys (ConfUtils.java:logGet(43)) - raft.server.log.statemachine.data.sync = true (default)
2019-09-19 08:58:47,717 [pool-49-thread-1] INFO  server.RaftServerConfigKeys (ConfUtils.java:logGet(43)) - raft.server.log.statemachine.data.sync.timeout = 10s (default)
2019-09-19 08:58:47,717 [pool-49-thread-1] INFO  server.RaftServerConfigKeys (ConfUtils.java:logGet(43)) - raft.server.log.statemachine.data.sync.timeout.retry = -1 (default)
2019-09-19 08:58:47,717 [pool-49-thread-1] INFO  server.RaftServerConfigKeys (ConfUtils.java:logGet(43)) - raft.server.log.statemachine.data.caching.enabled = true (custom)
2019-09-19 08:58:47,718 [pool-49-thread-1] INFO  segmented.SegmentedRaftLogWorker (SegmentedRaftLogWorker.java:lambda$new$0(132)) - 321bf75e-33b0-422d-8e21-c4d69826ca09-SegmentedRaftLogWorker:Storage Directory /workdir/hadoop-ozone/integration-test/target/test-dir/MiniOzoneClusterImpl-bdb48ef2-e70a-4dc5-a65a-dd2ce314b41a/datanode-2/data/ratis/b24b2818-2bd9-4ec9-9e60-b897c7fa0fcf: flushIndex: setUnconditionally 0 -> -1
2019-09-19 08:58:47,718 [pool-49-thread-1] INFO  server.RaftServerConfigKeys (ConfUtils.java:logGet(43)) - raft.server.snapshot.auto.trigger.enabled = true (custom)
2019-09-19 08:58:47,718 [pool-49-thread-1] INFO  server.RaftServerConfigKeys (ConfUtils.java:logGet(43)) - raft.server.snapshot.auto.trigger.threshold = 10000 (custom)
2019-09-19 08:58:47,718 [pool-49-thread-1] INFO  server.RaftServerConfigKeys (ConfUtils.java:logGet(43)) - raft.server.retrycache.expirytime = 600000ms (custom)
2019-09-19 08:58:47,719 [pool-49-thread-1] INFO  impl.RaftServerImpl (RaftServerImpl.java:start(180)) - 321bf75e-33b0-422d-8e21-c4d69826ca09: start group-B897C7FA0FCF
2019-09-19 08:58:47,719 [pool-49-thread-1] INFO  impl.RaftServerImpl (RaftServerImpl.java:setRole(171)) - 321bf75e-33b0-422d-8e21-c4d69826ca09:group-B897C7FA0FCF changes role from null to FOLLOWER at term 0 for startAsFollower
2019-09-19 08:58:47,719 [pool-49-thread-1] INFO  impl.RoleInfo (RoleInfo.java:updateAndGet(143)) - 321bf75e-33b0-422d-8e21-c4d69826ca09: start FollowerState
2019-09-19 08:58:47,719 [pool-49-thread-1] INFO  util.JmxRegister (JmxRegister.java:tryRegister(44)) - Successfully registered JMX Bean with object name Ratis:service=RaftServer,group=group-B897C7FA0FCF,id=321bf75e-33b0-422d-8e21-c4d69826ca09
2019-09-19 08:58:47,731 [RatisPipelineUtilsThread] INFO  pipeline.PipelineStateManager (PipelineStateManager.java:addPipeline(56)) - Created pipeline Pipeline[ Id: b24b2818-2bd9-4ec9-9e60-b897c7fa0fcf, Nodes: 321bf75e-33b0-422d-8e21-c4d69826ca09{ip: 192.168.157.204, host: pr-hdds-1569-cpgw4-1311585219, networkLocation: /default-rack, certSerialId: null}, Type:RATIS, Factor:ONE, State:OPEN]
2019-09-19 08:58:47,745 [grpc-default-executor-0] INFO  impl.RaftServerProxy (RaftServerProxy.java:addNew(89)) - 9f9bfdf2-fb95-4329-a3ea-1e2fab5cdfa8: addNew group-0EC9015884EB:[9f9bfdf2-fb95-4329-a3ea-1e2fab5cdfa8:192.168.157.204:40844] returns group-0EC9015884EB:java.util.concurrent.CompletableFuture@7d1f0456[Not completed]
2019-09-19 08:58:47,747 [pool-38-thread-1] INFO  impl.RaftServerImpl (RaftServerImpl.java:<init>(93)) - 9f9bfdf2-fb95-4329-a3ea-1e2fab5cdfa8: new RaftServerImpl for group-0EC9015884EB:[9f9bfdf2-fb95-4329-a3ea-1e2fab5cdfa8:192.168.157.204:40844] with ContainerStateMachine:uninitialized
2019-09-19 08:58:47,747 [pool-38-thread-1] INFO  server.RaftServerConfigKeys (ConfUtils.java:logGet(43)) - raft.server.rpc.timeout.min = 5s (custom)
2019-09-19 08:58:47,748 [pool-38-thread-1] INFO  server.RaftServerConfigKeys (ConfUtils.java:logGet(43)) - raft.server.rpc.timeout.max = 5200ms (custom)
2019-09-19 08:58:47,748 [pool-38-thread-1] INFO  server.RaftServerConfigKeys (ConfUtils.java:logGet(43)) - raft.server.rpcslowness.timeout = 120s (custom)
2019-09-19 08:58:47,748 [pool-38-thread-1] INFO  server.RaftServerConfigKeys (ConfUtils.java:logGet(43)) - raft.server.sleep.deviation.threshold = 300 (default)
2019-09-19 08:58:47,748 [pool-38-thread-1] INFO  server.RaftServerConfigKeys (ConfUtils.java:logGet(43)) - raft.server.log.appender.install.snapshot.enabled = false (custom)
2019-09-19 08:58:47,748 [pool-38-thread-1] INFO  impl.RaftServerImpl (ServerState.java:<init>(105)) - 9f9bfdf2-fb95-4329-a3ea-1e2fab5cdfa8:group-0EC9015884EB ConfigurationManager, init=-1: [9f9bfdf2-fb95-4329-a3ea-1e2fab5cdfa8:192.168.157.204:40844], old=null, confs=<EMPTY_MAP>
2019-09-19 08:58:47,749 [pool-38-thread-1] INFO  server.RaftServerConfigKeys (ConfUtils.java:logGet(43)) - raft.server.storage.dir = [/workdir/hadoop-ozone/integration-test/target/test-dir/MiniOzoneClusterImpl-bdb48ef2-e70a-4dc5-a65a-dd2ce314b41a/datanode-1/data/ratis] (custom)
2019-09-19 08:58:47,749 [pool-38-thread-1] INFO  storage.RaftStorageDirectory (RaftStorageDirectory.java:analyzeStorage(246)) - The storage directory /workdir/hadoop-ozone/integration-test/target/test-dir/MiniOzoneClusterImpl-bdb48ef2-e70a-4dc5-a65a-dd2ce314b41a/datanode-1/data/ratis/d4ce8e43-c8b0-4e06-91e9-0ec9015884eb does not exist. Creating ...
2019-09-19 08:58:47,762 [pool-38-thread-1] INFO  storage.RaftStorageDirectory (RaftStorageDirectory.java:tryLock(328)) - Lock on /workdir/hadoop-ozone/integration-test/target/test-dir/MiniOzoneClusterImpl-bdb48ef2-e70a-4dc5-a65a-dd2ce314b41a/datanode-1/data/ratis/d4ce8e43-c8b0-4e06-91e9-0ec9015884eb/in_use.lock acquired by nodename 32528@pr-hdds-1569-cpgw4-1311585219
2019-09-19 08:58:47,775 [pool-38-thread-1] INFO  storage.RaftStorage (RaftStorage.java:format(72)) - Storage directory /workdir/hadoop-ozone/integration-test/target/test-dir/MiniOzoneClusterImpl-bdb48ef2-e70a-4dc5-a65a-dd2ce314b41a/datanode-1/data/ratis/d4ce8e43-c8b0-4e06-91e9-0ec9015884eb has been successfully formatted.
2019-09-19 08:58:47,776 [pool-38-thread-1] INFO  ratis.ContainerStateMachine (ContainerStateMachine.java:loadSnapshot(226)) - group-0EC9015884EB: The snapshot info is null. Setting the last applied indexto:(t:0, i:~)
2019-09-19 08:58:47,776 [pool-38-thread-1] INFO  server.RaftServerConfigKeys (ConfUtils.java:logGet(43)) - raft.server.leader.election.timeout = 120s (custom)
2019-09-19 08:58:47,776 [pool-38-thread-1] INFO  server.RaftServerConfigKeys (ConfUtils.java:logGet(43)) - raft.server.log.use.memory = false (default)
2019-09-19 08:58:47,776 [pool-38-thread-1] INFO  server.RaftServerConfigKeys (ConfUtils.java:logGet(43)) - raft.server.log.purge.gap = 1000000 (custom)
2019-09-19 08:58:47,776 [pool-38-thread-1] INFO  server.RaftServerConfigKeys (ConfUtils.java:logGet(43)) - raft.server.log.appender.buffer.byte-limit = 33554432 (custom)
2019-09-19 08:58:47,777 [pool-38-thread-1] INFO  server.RaftServerConfigKeys (ConfUtils.java:logGet(43)) - raft.server.log.segment.size.max = 1048576 (custom)
2019-09-19 08:58:47,777 [pool-38-thread-1] INFO  server.RaftServerConfigKeys (ConfUtils.java:logGet(43)) - raft.server.log.segment.cache.num.max = 2 (custom)
2019-09-19 08:58:47,777 [pool-38-thread-1] INFO  segmented.SegmentedRaftLogWorker (SegmentedRaftLogWorker.java:<init>(172)) - new 9f9bfdf2-fb95-4329-a3ea-1e2fab5cdfa8-SegmentedRaftLogWorker:Storage Directory /workdir/hadoop-ozone/integration-test/target/test-dir/MiniOzoneClusterImpl-bdb48ef2-e70a-4dc5-a65a-dd2ce314b41a/datanode-1/data/ratis/d4ce8e43-c8b0-4e06-91e9-0ec9015884eb for RaftStorage:Storage Directory /workdir/hadoop-ozone/integration-test/target/test-dir/MiniOzoneClusterImpl-bdb48ef2-e70a-4dc5-a65a-dd2ce314b41a/datanode-1/data/ratis/d4ce8e43-c8b0-4e06-91e9-0ec9015884eb
2019-09-19 08:58:47,777 [pool-38-thread-1] INFO  server.RaftServerConfigKeys (ConfUtils.java:logGet(43)) - raft.server.log.queue.byte-limit = 2147483647 (custom)
2019-09-19 08:58:47,778 [pool-38-thread-1] INFO  server.RaftServerConfigKeys (ConfUtils.java:logGet(43)) - raft.server.log.queue.element-limit = 1024 (custom)
2019-09-19 08:58:47,778 [pool-38-thread-1] INFO  server.RaftServerConfigKeys (ConfUtils.java:logGet(43)) - raft.server.log.segment.size.max = 1048576 (custom)
2019-09-19 08:58:47,778 [pool-38-thread-1] INFO  server.RaftServerConfigKeys (ConfUtils.java:logGet(43)) - raft.server.log.preallocated.size = 16384 (custom)
2019-09-19 08:58:47,778 [pool-38-thread-1] INFO  server.RaftServerConfigKeys (ConfUtils.java:logGet(43)) - raft.server.log.write.buffer.size = 33554432 (custom)
2019-09-19 08:58:47,778 [pool-38-thread-1] INFO  server.RaftServerConfigKeys (ConfUtils.java:logGet(43)) - raft.server.log.force.sync.num = 128 (default)
2019-09-19 08:58:47,779 [pool-38-thread-1] INFO  server.RaftServerConfigKeys (ConfUtils.java:logGet(43)) - raft.server.log.statemachine.data.sync = true (default)
2019-09-19 08:58:47,779 [pool-38-thread-1] INFO  server.RaftServerConfigKeys (ConfUtils.java:logGet(43)) - raft.server.log.statemachine.data.sync.timeout = 10s (default)
2019-09-19 08:58:47,779 [pool-38-thread-1] INFO  server.RaftServerConfigKeys (ConfUtils.java:logGet(43)) - raft.server.log.statemachine.data.sync.timeout.retry = -1 (default)
2019-09-19 08:58:47,779 [pool-38-thread-1] INFO  server.RaftServerConfigKeys (ConfUtils.java:logGet(43)) - raft.server.log.statemachine.data.caching.enabled = true (custom)
2019-09-19 08:58:47,780 [pool-38-thread-1] INFO  segmented.SegmentedRaftLogWorker (SegmentedRaftLogWorker.java:lambda$new$0(132)) - 9f9bfdf2-fb95-4329-a3ea-1e2fab5cdfa8-SegmentedRaftLogWorker:Storage Directory /workdir/hadoop-ozone/integration-test/target/test-dir/MiniOzoneClusterImpl-bdb48ef2-e70a-4dc5-a65a-dd2ce314b41a/datanode-1/data/ratis/d4ce8e43-c8b0-4e06-91e9-0ec9015884eb: flushIndex: setUnconditionally 0 -> -1
2019-09-19 08:58:47,780 [pool-38-thread-1] INFO  server.RaftServerConfigKeys (ConfUtils.java:logGet(43)) - raft.server.snapshot.auto.trigger.enabled = true (custom)
2019-09-19 08:58:47,780 [pool-38-thread-1] INFO  server.RaftServerConfigKeys (ConfUtils.java:logGet(43)) - raft.server.snapshot.auto.trigger.threshold = 10000 (custom)
2019-09-19 08:58:47,781 [pool-38-thread-1] INFO  server.RaftServerConfigKeys (ConfUtils.java:logGet(43)) - raft.server.retrycache.expirytime = 600000ms (custom)
2019-09-19 08:58:47,781 [pool-38-thread-1] INFO  impl.RaftServerImpl (RaftServerImpl.java:start(180)) - 9f9bfdf2-fb95-4329-a3ea-1e2fab5cdfa8: start group-0EC9015884EB
2019-09-19 08:58:47,781 [pool-38-thread-1] INFO  impl.RaftServerImpl (RaftServerImpl.java:setRole(171)) - 9f9bfdf2-fb95-4329-a3ea-1e2fab5cdfa8:group-0EC9015884EB changes role from null to FOLLOWER at term 0 for startAsFollower
2019-09-19 08:58:47,781 [pool-38-thread-1] INFO  impl.RoleInfo (RoleInfo.java:updateAndGet(143)) - 9f9bfdf2-fb95-4329-a3ea-1e2fab5cdfa8: start FollowerState
2019-09-19 08:58:47,782 [pool-38-thread-1] INFO  util.JmxRegister (JmxRegister.java:tryRegister(44)) - Successfully registered JMX Bean with object name Ratis:service=RaftServer,group=group-0EC9015884EB,id=9f9bfdf2-fb95-4329-a3ea-1e2fab5cdfa8
2019-09-19 08:58:47,792 [RatisPipelineUtilsThread] INFO  pipeline.PipelineStateManager (PipelineStateManager.java:addPipeline(56)) - Created pipeline Pipeline[ Id: d4ce8e43-c8b0-4e06-91e9-0ec9015884eb, Nodes: 9f9bfdf2-fb95-4329-a3ea-1e2fab5cdfa8{ip: 192.168.157.204, host: pr-hdds-1569-cpgw4-1311585219, networkLocation: /default-rack, certSerialId: null}, Type:RATIS, Factor:ONE, State:OPEN]
2019-09-19 08:58:47,803 [grpc-default-executor-0] INFO  impl.RaftServerProxy (RaftServerProxy.java:addNew(89)) - 9f9bfdf2-fb95-4329-a3ea-1e2fab5cdfa8: addNew group-48D2DB27DAE2:[9f9bfdf2-fb95-4329-a3ea-1e2fab5cdfa8:192.168.157.204:40844] returns group-48D2DB27DAE2:java.util.concurrent.CompletableFuture@1a96cb95[Not completed]
2019-09-19 08:58:47,805 [pool-38-thread-1] INFO  impl.RaftServerImpl (RaftServerImpl.java:<init>(93)) - 9f9bfdf2-fb95-4329-a3ea-1e2fab5cdfa8: new RaftServerImpl for group-48D2DB27DAE2:[9f9bfdf2-fb95-4329-a3ea-1e2fab5cdfa8:192.168.157.204:40844] with ContainerStateMachine:uninitialized
2019-09-19 08:58:47,806 [pool-38-thread-1] INFO  server.RaftServerConfigKeys (ConfUtils.java:logGet(43)) - raft.server.rpc.timeout.min = 5s (custom)
2019-09-19 08:58:47,806 [pool-38-thread-1] INFO  server.RaftServerConfigKeys (ConfUtils.java:logGet(43)) - raft.server.rpc.timeout.max = 5200ms (custom)
2019-09-19 08:58:47,806 [pool-38-thread-1] INFO  server.RaftServerConfigKeys (ConfUtils.java:logGet(43)) - raft.server.rpcslowness.timeout = 120s (custom)
2019-09-19 08:58:47,806 [pool-38-thread-1] INFO  server.RaftServerConfigKeys (ConfUtils.java:logGet(43)) - raft.server.sleep.deviation.threshold = 300 (default)
2019-09-19 08:58:47,806 [pool-38-thread-1] INFO  server.RaftServerConfigKeys (ConfUtils.java:logGet(43)) - raft.server.log.appender.install.snapshot.enabled = false (custom)
2019-09-19 08:58:47,806 [pool-38-thread-1] INFO  impl.RaftServerImpl (ServerState.java:<init>(105)) - 9f9bfdf2-fb95-4329-a3ea-1e2fab5cdfa8:group-48D2DB27DAE2 ConfigurationManager, init=-1: [9f9bfdf2-fb95-4329-a3ea-1e2fab5cdfa8:192.168.157.204:40844], old=null, confs=<EMPTY_MAP>
2019-09-19 08:58:47,807 [pool-38-thread-1] INFO  server.RaftServerConfigKeys (ConfUtils.java:logGet(43)) - raft.server.storage.dir = [/workdir/hadoop-ozone/integration-test/target/test-dir/MiniOzoneClusterImpl-bdb48ef2-e70a-4dc5-a65a-dd2ce314b41a/datanode-1/data/ratis] (custom)
2019-09-19 08:58:47,807 [pool-38-thread-1] INFO  storage.RaftStorageDirectory (RaftStorageDirectory.java:analyzeStorage(246)) - The storage directory /workdir/hadoop-ozone/integration-test/target/test-dir/MiniOzoneClusterImpl-bdb48ef2-e70a-4dc5-a65a-dd2ce314b41a/datanode-1/data/ratis/c8d8607c-28d2-4193-a773-48d2db27dae2 does not exist. Creating ...
2019-09-19 08:58:47,820 [pool-38-thread-1] INFO  storage.RaftStorageDirectory (RaftStorageDirectory.java:tryLock(328)) - Lock on /workdir/hadoop-ozone/integration-test/target/test-dir/MiniOzoneClusterImpl-bdb48ef2-e70a-4dc5-a65a-dd2ce314b41a/datanode-1/data/ratis/c8d8607c-28d2-4193-a773-48d2db27dae2/in_use.lock acquired by nodename 32528@pr-hdds-1569-cpgw4-1311585219
2019-09-19 08:58:47,833 [pool-38-thread-1] INFO  storage.RaftStorage (RaftStorage.java:format(72)) - Storage directory /workdir/hadoop-ozone/integration-test/target/test-dir/MiniOzoneClusterImpl-bdb48ef2-e70a-4dc5-a65a-dd2ce314b41a/datanode-1/data/ratis/c8d8607c-28d2-4193-a773-48d2db27dae2 has been successfully formatted.
2019-09-19 08:58:47,833 [pool-38-thread-1] INFO  ratis.ContainerStateMachine (ContainerStateMachine.java:loadSnapshot(226)) - group-48D2DB27DAE2: The snapshot info is null. Setting the last applied indexto:(t:0, i:~)
2019-09-19 08:58:47,833 [pool-38-thread-1] INFO  server.RaftServerConfigKeys (ConfUtils.java:logGet(43)) - raft.server.leader.election.timeout = 120s (custom)
2019-09-19 08:58:47,833 [pool-38-thread-1] INFO  server.RaftServerConfigKeys (ConfUtils.java:logGet(43)) - raft.server.log.use.memory = false (default)
2019-09-19 08:58:47,834 [pool-38-thread-1] INFO  server.RaftServerConfigKeys (ConfUtils.java:logGet(43)) - raft.server.log.purge.gap = 1000000 (custom)
2019-09-19 08:58:47,834 [pool-38-thread-1] INFO  server.RaftServerConfigKeys (ConfUtils.java:logGet(43)) - raft.server.log.appender.buffer.byte-limit = 33554432 (custom)
2019-09-19 08:58:47,834 [pool-38-thread-1] INFO  server.RaftServerConfigKeys (ConfUtils.java:logGet(43)) - raft.server.log.segment.size.max = 1048576 (custom)
2019-09-19 08:58:47,834 [pool-38-thread-1] INFO  server.RaftServerConfigKeys (ConfUtils.java:logGet(43)) - raft.server.log.segment.cache.num.max = 2 (custom)
2019-09-19 08:58:47,834 [pool-38-thread-1] INFO  segmented.SegmentedRaftLogWorker (SegmentedRaftLogWorker.java:<init>(172)) - new 9f9bfdf2-fb95-4329-a3ea-1e2fab5cdfa8-SegmentedRaftLogWorker:Storage Directory /workdir/hadoop-ozone/integration-test/target/test-dir/MiniOzoneClusterImpl-bdb48ef2-e70a-4dc5-a65a-dd2ce314b41a/datanode-1/data/ratis/c8d8607c-28d2-4193-a773-48d2db27dae2 for RaftStorage:Storage Directory /workdir/hadoop-ozone/integration-test/target/test-dir/MiniOzoneClusterImpl-bdb48ef2-e70a-4dc5-a65a-dd2ce314b41a/datanode-1/data/ratis/c8d8607c-28d2-4193-a773-48d2db27dae2
2019-09-19 08:58:47,834 [pool-38-thread-1] INFO  server.RaftServerConfigKeys (ConfUtils.java:logGet(43)) - raft.server.log.queue.byte-limit = 2147483647 (custom)
2019-09-19 08:58:47,834 [pool-38-thread-1] INFO  server.RaftServerConfigKeys (ConfUtils.java:logGet(43)) - raft.server.log.queue.element-limit = 1024 (custom)
2019-09-19 08:58:47,835 [pool-38-thread-1] INFO  server.RaftServerConfigKeys (ConfUtils.java:logGet(43)) - raft.server.log.segment.size.max = 1048576 (custom)
2019-09-19 08:58:47,835 [pool-38-thread-1] INFO  server.RaftServerConfigKeys (ConfUtils.java:logGet(43)) - raft.server.log.preallocated.size = 16384 (custom)
2019-09-19 08:58:47,835 [pool-38-thread-1] INFO  server.RaftServerConfigKeys (ConfUtils.java:logGet(43)) - raft.server.log.write.buffer.size = 33554432 (custom)
2019-09-19 08:58:47,835 [pool-38-thread-1] INFO  server.RaftServerConfigKeys (ConfUtils.java:logGet(43)) - raft.server.log.force.sync.num = 128 (default)
2019-09-19 08:58:47,835 [pool-38-thread-1] INFO  server.RaftServerConfigKeys (ConfUtils.java:logGet(43)) - raft.server.log.statemachine.data.sync = true (default)
2019-09-19 08:58:47,835 [pool-38-thread-1] INFO  server.RaftServerConfigKeys (ConfUtils.java:logGet(43)) - raft.server.log.statemachine.data.sync.timeout = 10s (default)
2019-09-19 08:58:47,835 [pool-38-thread-1] INFO  server.RaftServerConfigKeys (ConfUtils.java:logGet(43)) - raft.server.log.statemachine.data.sync.timeout.retry = -1 (default)
2019-09-19 08:58:47,836 [pool-38-thread-1] INFO  server.RaftServerConfigKeys (ConfUtils.java:logGet(43)) - raft.server.log.statemachine.data.caching.enabled = true (custom)
2019-09-19 08:58:47,836 [pool-38-thread-1] INFO  segmented.SegmentedRaftLogWorker (SegmentedRaftLogWorker.java:lambda$new$0(132)) - 9f9bfdf2-fb95-4329-a3ea-1e2fab5cdfa8-SegmentedRaftLogWorker:Storage Directory /workdir/hadoop-ozone/integration-test/target/test-dir/MiniOzoneClusterImpl-bdb48ef2-e70a-4dc5-a65a-dd2ce314b41a/datanode-1/data/ratis/c8d8607c-28d2-4193-a773-48d2db27dae2: flushIndex: setUnconditionally 0 -> -1
2019-09-19 08:58:47,836 [pool-38-thread-1] INFO  server.RaftServerConfigKeys (ConfUtils.java:logGet(43)) - raft.server.snapshot.auto.trigger.enabled = true (custom)
2019-09-19 08:58:47,836 [pool-38-thread-1] INFO  server.RaftServerConfigKeys (ConfUtils.java:logGet(43)) - raft.server.snapshot.auto.trigger.threshold = 10000 (custom)
2019-09-19 08:58:47,836 [pool-38-thread-1] INFO  server.RaftServerConfigKeys (ConfUtils.java:logGet(43)) - raft.server.retrycache.expirytime = 600000ms (custom)
2019-09-19 08:58:47,837 [pool-38-thread-1] INFO  impl.RaftServerImpl (RaftServerImpl.java:start(180)) - 9f9bfdf2-fb95-4329-a3ea-1e2fab5cdfa8: start group-48D2DB27DAE2
2019-09-19 08:58:47,837 [pool-38-thread-1] INFO  impl.RaftServerImpl (RaftServerImpl.java:setRole(171)) - 9f9bfdf2-fb95-4329-a3ea-1e2fab5cdfa8:group-48D2DB27DAE2 changes role from null to FOLLOWER at term 0 for startAsFollower
2019-09-19 08:58:47,837 [pool-38-thread-1] INFO  impl.RoleInfo (RoleInfo.java:updateAndGet(143)) - 9f9bfdf2-fb95-4329-a3ea-1e2fab5cdfa8: start FollowerState
2019-09-19 08:58:47,837 [pool-38-thread-1] INFO  util.JmxRegister (JmxRegister.java:tryRegister(44)) - Successfully registered JMX Bean with object name Ratis:service=RaftServer,group=group-48D2DB27DAE2,id=9f9bfdf2-fb95-4329-a3ea-1e2fab5cdfa8
2019-09-19 08:58:47,847 [RatisPipelineUtilsThread] INFO  pipeline.PipelineStateManager (PipelineStateManager.java:addPipeline(56)) - Created pipeline Pipeline[ Id: c8d8607c-28d2-4193-a773-48d2db27dae2, Nodes: 9f9bfdf2-fb95-4329-a3ea-1e2fab5cdfa8{ip: 192.168.157.204, host: pr-hdds-1569-cpgw4-1311585219, networkLocation: /default-rack, certSerialId: null}, Type:RATIS, Factor:ONE, State:OPEN]
2019-09-19 08:58:47,860 [grpc-default-executor-0] INFO  impl.RaftServerProxy (RaftServerProxy.java:addNew(89)) - 321bf75e-33b0-422d-8e21-c4d69826ca09: addNew group-C222C6739E96:[321bf75e-33b0-422d-8e21-c4d69826ca09:192.168.157.204:36032] returns group-C222C6739E96:java.util.concurrent.CompletableFuture@7770f368[Not completed]
2019-09-19 08:58:47,861 [pool-49-thread-1] INFO  impl.RaftServerImpl (RaftServerImpl.java:<init>(93)) - 321bf75e-33b0-422d-8e21-c4d69826ca09: new RaftServerImpl for group-C222C6739E96:[321bf75e-33b0-422d-8e21-c4d69826ca09:192.168.157.204:36032] with ContainerStateMachine:uninitialized
2019-09-19 08:58:47,862 [pool-49-thread-1] INFO  server.RaftServerConfigKeys (ConfUtils.java:logGet(43)) - raft.server.rpc.timeout.min = 5s (custom)
2019-09-19 08:58:47,862 [pool-49-thread-1] INFO  server.RaftServerConfigKeys (ConfUtils.java:logGet(43)) - raft.server.rpc.timeout.max = 5200ms (custom)
2019-09-19 08:58:47,862 [pool-49-thread-1] INFO  server.RaftServerConfigKeys (ConfUtils.java:logGet(43)) - raft.server.rpcslowness.timeout = 120s (custom)
2019-09-19 08:58:47,862 [pool-49-thread-1] INFO  server.RaftServerConfigKeys (ConfUtils.java:logGet(43)) - raft.server.sleep.deviation.threshold = 300 (default)
2019-09-19 08:58:47,862 [pool-49-thread-1] INFO  server.RaftServerConfigKeys (ConfUtils.java:logGet(43)) - raft.server.log.appender.install.snapshot.enabled = false (custom)
2019-09-19 08:58:47,862 [pool-49-thread-1] INFO  impl.RaftServerImpl (ServerState.java:<init>(105)) - 321bf75e-33b0-422d-8e21-c4d69826ca09:group-C222C6739E96 ConfigurationManager, init=-1: [321bf75e-33b0-422d-8e21-c4d69826ca09:192.168.157.204:36032], old=null, confs=<EMPTY_MAP>
2019-09-19 08:58:47,863 [pool-49-thread-1] INFO  server.RaftServerConfigKeys (ConfUtils.java:logGet(43)) - raft.server.storage.dir = [/workdir/hadoop-ozone/integration-test/target/test-dir/MiniOzoneClusterImpl-bdb48ef2-e70a-4dc5-a65a-dd2ce314b41a/datanode-2/data/ratis] (custom)
2019-09-19 08:58:47,863 [pool-49-thread-1] INFO  storage.RaftStorageDirectory (RaftStorageDirectory.java:analyzeStorage(246)) - The storage directory /workdir/hadoop-ozone/integration-test/target/test-dir/MiniOzoneClusterImpl-bdb48ef2-e70a-4dc5-a65a-dd2ce314b41a/datanode-2/data/ratis/c34a1795-0d87-4fb0-9078-c222c6739e96 does not exist. Creating ...
2019-09-19 08:58:47,875 [pool-49-thread-1] INFO  storage.RaftStorageDirectory (RaftStorageDirectory.java:tryLock(328)) - Lock on /workdir/hadoop-ozone/integration-test/target/test-dir/MiniOzoneClusterImpl-bdb48ef2-e70a-4dc5-a65a-dd2ce314b41a/datanode-2/data/ratis/c34a1795-0d87-4fb0-9078-c222c6739e96/in_use.lock acquired by nodename 32528@pr-hdds-1569-cpgw4-1311585219
2019-09-19 08:58:47,888 [pool-49-thread-1] INFO  storage.RaftStorage (RaftStorage.java:format(72)) - Storage directory /workdir/hadoop-ozone/integration-test/target/test-dir/MiniOzoneClusterImpl-bdb48ef2-e70a-4dc5-a65a-dd2ce314b41a/datanode-2/data/ratis/c34a1795-0d87-4fb0-9078-c222c6739e96 has been successfully formatted.
2019-09-19 08:58:47,888 [pool-49-thread-1] INFO  ratis.ContainerStateMachine (ContainerStateMachine.java:loadSnapshot(226)) - group-C222C6739E96: The snapshot info is null. Setting the last applied indexto:(t:0, i:~)
2019-09-19 08:58:47,888 [pool-49-thread-1] INFO  server.RaftServerConfigKeys (ConfUtils.java:logGet(43)) - raft.server.leader.election.timeout = 120s (custom)
2019-09-19 08:58:47,889 [pool-49-thread-1] INFO  server.RaftServerConfigKeys (ConfUtils.java:logGet(43)) - raft.server.log.use.memory = false (default)
2019-09-19 08:58:47,889 [pool-49-thread-1] INFO  server.RaftServerConfigKeys (ConfUtils.java:logGet(43)) - raft.server.log.purge.gap = 1000000 (custom)
2019-09-19 08:58:47,889 [pool-49-thread-1] INFO  server.RaftServerConfigKeys (ConfUtils.java:logGet(43)) - raft.server.log.appender.buffer.byte-limit = 33554432 (custom)
2019-09-19 08:58:47,889 [pool-49-thread-1] INFO  server.RaftServerConfigKeys (ConfUtils.java:logGet(43)) - raft.server.log.segment.size.max = 1048576 (custom)
2019-09-19 08:58:47,889 [pool-49-thread-1] INFO  server.RaftServerConfigKeys (ConfUtils.java:logGet(43)) - raft.server.log.segment.cache.num.max = 2 (custom)
2019-09-19 08:58:47,890 [pool-49-thread-1] INFO  segmented.SegmentedRaftLogWorker (SegmentedRaftLogWorker.java:<init>(172)) - new 321bf75e-33b0-422d-8e21-c4d69826ca09-SegmentedRaftLogWorker:Storage Directory /workdir/hadoop-ozone/integration-test/target/test-dir/MiniOzoneClusterImpl-bdb48ef2-e70a-4dc5-a65a-dd2ce314b41a/datanode-2/data/ratis/c34a1795-0d87-4fb0-9078-c222c6739e96 for RaftStorage:Storage Directory /workdir/hadoop-ozone/integration-test/target/test-dir/MiniOzoneClusterImpl-bdb48ef2-e70a-4dc5-a65a-dd2ce314b41a/datanode-2/data/ratis/c34a1795-0d87-4fb0-9078-c222c6739e96
2019-09-19 08:58:47,890 [pool-49-thread-1] INFO  server.RaftServerConfigKeys (ConfUtils.java:logGet(43)) - raft.server.log.queue.byte-limit = 2147483647 (custom)
2019-09-19 08:58:47,890 [pool-49-thread-1] INFO  server.RaftServerConfigKeys (ConfUtils.java:logGet(43)) - raft.server.log.queue.element-limit = 1024 (custom)
2019-09-19 08:58:47,890 [pool-49-thread-1] INFO  server.RaftServerConfigKeys (ConfUtils.java:logGet(43)) - raft.server.log.segment.size.max = 1048576 (custom)
2019-09-19 08:58:47,890 [pool-49-thread-1] INFO  server.RaftServerConfigKeys (ConfUtils.java:logGet(43)) - raft.server.log.preallocated.size = 16384 (custom)
2019-09-19 08:58:47,890 [pool-49-thread-1] INFO  server.RaftServerConfigKeys (ConfUtils.java:logGet(43)) - raft.server.log.write.buffer.size = 33554432 (custom)
2019-09-19 08:58:47,891 [pool-49-thread-1] INFO  server.RaftServerConfigKeys (ConfUtils.java:logGet(43)) - raft.server.log.force.sync.num = 128 (default)
2019-09-19 08:58:47,891 [pool-49-thread-1] INFO  server.RaftServerConfigKeys (ConfUtils.java:logGet(43)) - raft.server.log.statemachine.data.sync = true (default)
2019-09-19 08:58:47,891 [pool-49-thread-1] INFO  server.RaftServerConfigKeys (ConfUtils.java:logGet(43)) - raft.server.log.statemachine.data.sync.timeout = 10s (default)
2019-09-19 08:58:47,891 [pool-49-thread-1] INFO  server.RaftServerConfigKeys (ConfUtils.java:logGet(43)) - raft.server.log.statemachine.data.sync.timeout.retry = -1 (default)
2019-09-19 08:58:47,891 [pool-49-thread-1] INFO  server.RaftServerConfigKeys (ConfUtils.java:logGet(43)) - raft.server.log.statemachine.data.caching.enabled = true (custom)
2019-09-19 08:58:47,892 [pool-49-thread-1] INFO  segmented.SegmentedRaftLogWorker (SegmentedRaftLogWorker.java:lambda$new$0(132)) - 321bf75e-33b0-422d-8e21-c4d69826ca09-SegmentedRaftLogWorker:Storage Directory /workdir/hadoop-ozone/integration-test/target/test-dir/MiniOzoneClusterImpl-bdb48ef2-e70a-4dc5-a65a-dd2ce314b41a/datanode-2/data/ratis/c34a1795-0d87-4fb0-9078-c222c6739e96: flushIndex: setUnconditionally 0 -> -1
2019-09-19 08:58:47,892 [pool-49-thread-1] INFO  server.RaftServerConfigKeys (ConfUtils.java:logGet(43)) - raft.server.snapshot.auto.trigger.enabled = true (custom)
2019-09-19 08:58:47,892 [pool-49-thread-1] INFO  server.RaftServerConfigKeys (ConfUtils.java:logGet(43)) - raft.server.snapshot.auto.trigger.threshold = 10000 (custom)
2019-09-19 08:58:47,893 [pool-49-thread-1] INFO  server.RaftServerConfigKeys (ConfUtils.java:logGet(43)) - raft.server.retrycache.expirytime = 600000ms (custom)
2019-09-19 08:58:47,893 [pool-49-thread-1] INFO  impl.RaftServerImpl (RaftServerImpl.java:start(180)) - 321bf75e-33b0-422d-8e21-c4d69826ca09: start group-C222C6739E96
2019-09-19 08:58:47,893 [pool-49-thread-1] INFO  impl.RaftServerImpl (RaftServerImpl.java:setRole(171)) - 321bf75e-33b0-422d-8e21-c4d69826ca09:group-C222C6739E96 changes role from null to FOLLOWER at term 0 for startAsFollower
2019-09-19 08:58:47,893 [pool-49-thread-1] INFO  impl.RoleInfo (RoleInfo.java:updateAndGet(143)) - 321bf75e-33b0-422d-8e21-c4d69826ca09: start FollowerState
2019-09-19 08:58:47,894 [pool-49-thread-1] INFO  util.JmxRegister (JmxRegister.java:tryRegister(44)) - Successfully registered JMX Bean with object name Ratis:service=RaftServer,group=group-C222C6739E96,id=321bf75e-33b0-422d-8e21-c4d69826ca09
2019-09-19 08:58:47,900 [RatisPipelineUtilsThread] INFO  pipeline.PipelineStateManager (PipelineStateManager.java:addPipeline(56)) - Created pipeline Pipeline[ Id: c34a1795-0d87-4fb0-9078-c222c6739e96, Nodes: 321bf75e-33b0-422d-8e21-c4d69826ca09{ip: 192.168.157.204, host: pr-hdds-1569-cpgw4-1311585219, networkLocation: /default-rack, certSerialId: null}, Type:RATIS, Factor:ONE, State:OPEN]
2019-09-19 08:58:47,912 [grpc-default-executor-0] INFO  impl.RaftServerProxy (RaftServerProxy.java:addNew(89)) - e5bbaf13-f86a-4f92-8b58-de40c00137a1: addNew group-3B7C242B408A:[e5bbaf13-f86a-4f92-8b58-de40c00137a1:192.168.157.204:33097] returns group-3B7C242B408A:java.util.concurrent.CompletableFuture@2659fc4a[Not completed]
2019-09-19 08:58:47,914 [pool-27-thread-1] INFO  impl.RaftServerImpl (RaftServerImpl.java:<init>(93)) - e5bbaf13-f86a-4f92-8b58-de40c00137a1: new RaftServerImpl for group-3B7C242B408A:[e5bbaf13-f86a-4f92-8b58-de40c00137a1:192.168.157.204:33097] with ContainerStateMachine:uninitialized
2019-09-19 08:58:47,914 [pool-27-thread-1] INFO  server.RaftServerConfigKeys (ConfUtils.java:logGet(43)) - raft.server.rpc.timeout.min = 5s (custom)
2019-09-19 08:58:47,914 [pool-27-thread-1] INFO  server.RaftServerConfigKeys (ConfUtils.java:logGet(43)) - raft.server.rpc.timeout.max = 5200ms (custom)
2019-09-19 08:58:47,915 [pool-27-thread-1] INFO  server.RaftServerConfigKeys (ConfUtils.java:logGet(43)) - raft.server.rpcslowness.timeout = 120s (custom)
2019-09-19 08:58:47,915 [pool-27-thread-1] INFO  server.RaftServerConfigKeys (ConfUtils.java:logGet(43)) - raft.server.sleep.deviation.threshold = 300 (default)
2019-09-19 08:58:47,915 [pool-27-thread-1] INFO  server.RaftServerConfigKeys (ConfUtils.java:logGet(43)) - raft.server.log.appender.install.snapshot.enabled = false (custom)
2019-09-19 08:58:47,915 [pool-27-thread-1] INFO  impl.RaftServerImpl (ServerState.java:<init>(105)) - e5bbaf13-f86a-4f92-8b58-de40c00137a1:group-3B7C242B408A ConfigurationManager, init=-1: [e5bbaf13-f86a-4f92-8b58-de40c00137a1:192.168.157.204:33097], old=null, confs=<EMPTY_MAP>
2019-09-19 08:58:47,915 [pool-27-thread-1] INFO  server.RaftServerConfigKeys (ConfUtils.java:logGet(43)) - raft.server.storage.dir = [/workdir/hadoop-ozone/integration-test/target/test-dir/MiniOzoneClusterImpl-bdb48ef2-e70a-4dc5-a65a-dd2ce314b41a/datanode-0/data/ratis] (custom)
2019-09-19 08:58:47,916 [pool-27-thread-1] INFO  storage.RaftStorageDirectory (RaftStorageDirectory.java:analyzeStorage(246)) - The storage directory /workdir/hadoop-ozone/integration-test/target/test-dir/MiniOzoneClusterImpl-bdb48ef2-e70a-4dc5-a65a-dd2ce314b41a/datanode-0/data/ratis/8936ca4a-6519-41ea-aab5-3b7c242b408a does not exist. Creating ...
2019-09-19 08:58:47,918 [main] INFO  rpc.RpcClient (RpcClient.java:createVolume(293)) - Creating Volume: c88890d9-215d-44ae-99aa-6f486cc40630, with jenkins1000 as owner.
2019-09-19 08:58:47,928 [pool-27-thread-1] INFO  storage.RaftStorageDirectory (RaftStorageDirectory.java:tryLock(328)) - Lock on /workdir/hadoop-ozone/integration-test/target/test-dir/MiniOzoneClusterImpl-bdb48ef2-e70a-4dc5-a65a-dd2ce314b41a/datanode-0/data/ratis/8936ca4a-6519-41ea-aab5-3b7c242b408a/in_use.lock acquired by nodename 32528@pr-hdds-1569-cpgw4-1311585219
2019-09-19 08:58:47,939 | INFO  | OMAudit | user=jenkins1000 | ip=127.0.0.1 | op=CREATE_VOLUME {admin=jenkins1000, owner=jenkins1000, volume=c88890d9-215d-44ae-99aa-6f486cc40630, creationTime=1568883527934, quotaInBytes=1152921504606846976} | ret=SUCCESS |  
2019-09-19 08:58:47,942 [pool-27-thread-1] INFO  storage.RaftStorage (RaftStorage.java:format(72)) - Storage directory /workdir/hadoop-ozone/integration-test/target/test-dir/MiniOzoneClusterImpl-bdb48ef2-e70a-4dc5-a65a-dd2ce314b41a/datanode-0/data/ratis/8936ca4a-6519-41ea-aab5-3b7c242b408a has been successfully formatted.
2019-09-19 08:58:47,942 [pool-27-thread-1] INFO  ratis.ContainerStateMachine (ContainerStateMachine.java:loadSnapshot(226)) - group-3B7C242B408A: The snapshot info is null. Setting the last applied indexto:(t:0, i:~)
2019-09-19 08:58:47,943 [pool-27-thread-1] INFO  server.RaftServerConfigKeys (ConfUtils.java:logGet(43)) - raft.server.leader.election.timeout = 120s (custom)
2019-09-19 08:58:47,943 [pool-27-thread-1] INFO  server.RaftServerConfigKeys (ConfUtils.java:logGet(43)) - raft.server.log.use.memory = false (default)
2019-09-19 08:58:47,943 [pool-27-thread-1] INFO  server.RaftServerConfigKeys (ConfUtils.java:logGet(43)) - raft.server.log.purge.gap = 1000000 (custom)
2019-09-19 08:58:47,943 [pool-27-thread-1] INFO  server.RaftServerConfigKeys (ConfUtils.java:logGet(43)) - raft.server.log.appender.buffer.byte-limit = 33554432 (custom)
2019-09-19 08:58:47,943 [pool-27-thread-1] INFO  server.RaftServerConfigKeys (ConfUtils.java:logGet(43)) - raft.server.log.segment.size.max = 1048576 (custom)
2019-09-19 08:58:47,943 [pool-27-thread-1] INFO  server.RaftServerConfigKeys (ConfUtils.java:logGet(43)) - raft.server.log.segment.cache.num.max = 2 (custom)
2019-09-19 08:58:47,944 [pool-27-thread-1] INFO  segmented.SegmentedRaftLogWorker (SegmentedRaftLogWorker.java:<init>(172)) - new e5bbaf13-f86a-4f92-8b58-de40c00137a1-SegmentedRaftLogWorker:Storage Directory /workdir/hadoop-ozone/integration-test/target/test-dir/MiniOzoneClusterImpl-bdb48ef2-e70a-4dc5-a65a-dd2ce314b41a/datanode-0/data/ratis/8936ca4a-6519-41ea-aab5-3b7c242b408a for RaftStorage:Storage Directory /workdir/hadoop-ozone/integration-test/target/test-dir/MiniOzoneClusterImpl-bdb48ef2-e70a-4dc5-a65a-dd2ce314b41a/datanode-0/data/ratis/8936ca4a-6519-41ea-aab5-3b7c242b408a
2019-09-19 08:58:47,944 [pool-27-thread-1] INFO  server.RaftServerConfigKeys (ConfUtils.java:logGet(43)) - raft.server.log.queue.byte-limit = 2147483647 (custom)
2019-09-19 08:58:47,944 [pool-27-thread-1] INFO  server.RaftServerConfigKeys (ConfUtils.java:logGet(43)) - raft.server.log.queue.element-limit = 1024 (custom)
2019-09-19 08:58:47,944 [pool-27-thread-1] INFO  server.RaftServerConfigKeys (ConfUtils.java:logGet(43)) - raft.server.log.segment.size.max = 1048576 (custom)
2019-09-19 08:58:47,945 [pool-27-thread-1] INFO  server.RaftServerConfigKeys (ConfUtils.java:logGet(43)) - raft.server.log.preallocated.size = 16384 (custom)
2019-09-19 08:58:47,945 [pool-27-thread-1] INFO  server.RaftServerConfigKeys (ConfUtils.java:logGet(43)) - raft.server.log.write.buffer.size = 33554432 (custom)
2019-09-19 08:58:47,945 [pool-27-thread-1] INFO  server.RaftServerConfigKeys (ConfUtils.java:logGet(43)) - raft.server.log.force.sync.num = 128 (default)
2019-09-19 08:58:47,945 [pool-27-thread-1] INFO  server.RaftServerConfigKeys (ConfUtils.java:logGet(43)) - raft.server.log.statemachine.data.sync = true (default)
2019-09-19 08:58:47,946 [pool-27-thread-1] INFO  server.RaftServerConfigKeys (ConfUtils.java:logGet(43)) - raft.server.log.statemachine.data.sync.timeout = 10s (default)
2019-09-19 08:58:47,946 [pool-27-thread-1] INFO  server.RaftServerConfigKeys (ConfUtils.java:logGet(43)) - raft.server.log.statemachine.data.sync.timeout.retry = -1 (default)
2019-09-19 08:58:47,946 [pool-27-thread-1] INFO  server.RaftServerConfigKeys (ConfUtils.java:logGet(43)) - raft.server.log.statemachine.data.caching.enabled = true (custom)
2019-09-19 08:58:47,946 [pool-27-thread-1] INFO  segmented.SegmentedRaftLogWorker (SegmentedRaftLogWorker.java:lambda$new$0(132)) - e5bbaf13-f86a-4f92-8b58-de40c00137a1-SegmentedRaftLogWorker:Storage Directory /workdir/hadoop-ozone/integration-test/target/test-dir/MiniOzoneClusterImpl-bdb48ef2-e70a-4dc5-a65a-dd2ce314b41a/datanode-0/data/ratis/8936ca4a-6519-41ea-aab5-3b7c242b408a: flushIndex: setUnconditionally 0 -> -1
2019-09-19 08:58:47,947 [pool-27-thread-1] INFO  server.RaftServerConfigKeys (ConfUtils.java:logGet(43)) - raft.server.snapshot.auto.trigger.enabled = true (custom)
2019-09-19 08:58:47,947 [pool-27-thread-1] INFO  server.RaftServerConfigKeys (ConfUtils.java:logGet(43)) - raft.server.snapshot.auto.trigger.threshold = 10000 (custom)
2019-09-19 08:58:47,947 [pool-27-thread-1] INFO  server.RaftServerConfigKeys (ConfUtils.java:logGet(43)) - raft.server.retrycache.expirytime = 600000ms (custom)
2019-09-19 08:58:47,947 [pool-27-thread-1] INFO  impl.RaftServerImpl (RaftServerImpl.java:start(180)) - e5bbaf13-f86a-4f92-8b58-de40c00137a1: start group-3B7C242B408A
2019-09-19 08:58:47,948 [pool-27-thread-1] INFO  impl.RaftServerImpl (RaftServerImpl.java:setRole(171)) - e5bbaf13-f86a-4f92-8b58-de40c00137a1:group-3B7C242B408A changes role from null to FOLLOWER at term 0 for startAsFollower
2019-09-19 08:58:47,950 [pool-27-thread-1] INFO  impl.RoleInfo (RoleInfo.java:updateAndGet(143)) - e5bbaf13-f86a-4f92-8b58-de40c00137a1: start FollowerState
2019-09-19 08:58:47,951 | INFO  | OMAudit | user=jenkins1000 | ip=127.0.0.1 | op=READ_VOLUME {volume=c88890d9-215d-44ae-99aa-6f486cc40630} | ret=SUCCESS |  
2019-09-19 08:58:47,951 [pool-27-thread-1] INFO  util.JmxRegister (JmxRegister.java:tryRegister(44)) - Successfully registered JMX Bean with object name Ratis:service=RaftServer,group=group-3B7C242B408A,id=e5bbaf13-f86a-4f92-8b58-de40c00137a1
2019-09-19 08:58:47,957 [RatisPipelineUtilsThread] INFO  pipeline.PipelineStateManager (PipelineStateManager.java:addPipeline(56)) - Created pipeline Pipeline[ Id: 8936ca4a-6519-41ea-aab5-3b7c242b408a, Nodes: e5bbaf13-f86a-4f92-8b58-de40c00137a1{ip: 192.168.157.204, host: pr-hdds-1569-cpgw4-1311585219, networkLocation: /default-rack, certSerialId: null}, Type:RATIS, Factor:ONE, State:OPEN]
2019-09-19 08:58:47,959 [main] INFO  rpc.RpcClient (RpcClient.java:createBucket(432)) - Creating Bucket: c88890d9-215d-44ae-99aa-6f486cc40630/64746d3a-c3d2-4d45-b006-e88abc83042d, with Versioning false and Storage Type set to DISK and Encryption set to false 
2019-09-19 08:58:47,970 [grpc-default-executor-0] INFO  impl.RaftServerProxy (RaftServerProxy.java:addNew(89)) - 9f9bfdf2-fb95-4329-a3ea-1e2fab5cdfa8: addNew group-9E9146034FA1:[9f9bfdf2-fb95-4329-a3ea-1e2fab5cdfa8:192.168.157.204:40844] returns group-9E9146034FA1:java.util.concurrent.CompletableFuture@679d2005[Not completed]
2019-09-19 08:58:47,973 [pool-38-thread-1] INFO  impl.RaftServerImpl (RaftServerImpl.java:<init>(93)) - 9f9bfdf2-fb95-4329-a3ea-1e2fab5cdfa8: new RaftServerImpl for group-9E9146034FA1:[9f9bfdf2-fb95-4329-a3ea-1e2fab5cdfa8:192.168.157.204:40844] with ContainerStateMachine:uninitialized
2019-09-19 08:58:47,973 [pool-38-thread-1] INFO  server.RaftServerConfigKeys (ConfUtils.java:logGet(43)) - raft.server.rpc.timeout.min = 5s (custom)
2019-09-19 08:58:47,973 [pool-38-thread-1] INFO  server.RaftServerConfigKeys (ConfUtils.java:logGet(43)) - raft.server.rpc.timeout.max = 5200ms (custom)
2019-09-19 08:58:47,973 [pool-38-thread-1] INFO  server.RaftServerConfigKeys (ConfUtils.java:logGet(43)) - raft.server.rpcslowness.timeout = 120s (custom)
2019-09-19 08:58:47,973 [pool-38-thread-1] INFO  server.RaftServerConfigKeys (ConfUtils.java:logGet(43)) - raft.server.sleep.deviation.threshold = 300 (default)
2019-09-19 08:58:47,974 [pool-38-thread-1] INFO  server.RaftServerConfigKeys (ConfUtils.java:logGet(43)) - raft.server.log.appender.install.snapshot.enabled = false (custom)
2019-09-19 08:58:47,974 [pool-38-thread-1] INFO  impl.RaftServerImpl (ServerState.java:<init>(105)) - 9f9bfdf2-fb95-4329-a3ea-1e2fab5cdfa8:group-9E9146034FA1 ConfigurationManager, init=-1: [9f9bfdf2-fb95-4329-a3ea-1e2fab5cdfa8:192.168.157.204:40844], old=null, confs=<EMPTY_MAP>
2019-09-19 08:58:47,974 [pool-38-thread-1] INFO  server.RaftServerConfigKeys (ConfUtils.java:logGet(43)) - raft.server.storage.dir = [/workdir/hadoop-ozone/integration-test/target/test-dir/MiniOzoneClusterImpl-bdb48ef2-e70a-4dc5-a65a-dd2ce314b41a/datanode-1/data/ratis] (custom)
2019-09-19 08:58:47,974 [pool-38-thread-1] INFO  storage.RaftStorageDirectory (RaftStorageDirectory.java:analyzeStorage(246)) - The storage directory /workdir/hadoop-ozone/integration-test/target/test-dir/MiniOzoneClusterImpl-bdb48ef2-e70a-4dc5-a65a-dd2ce314b41a/datanode-1/data/ratis/9455b725-7ef8-4b6a-8c48-9e9146034fa1 does not exist. Creating ...
2019-09-19 08:58:47,980 | INFO  | OMAudit | user=jenkins1000 | ip=127.0.0.1 | op=CREATE_BUCKET {volume=c88890d9-215d-44ae-99aa-6f486cc40630, bucket=64746d3a-c3d2-4d45-b006-e88abc83042d, acls=[user:jenkins1000:a[ACCESS], group:default:a[ACCESS]], isVersionEnabled=false, storageType=DISK, creationTime=0} | ret=SUCCESS |  
2019-09-19 08:58:47,985 | INFO  | OMAudit | user=jenkins1000 | ip=127.0.0.1 | op=READ_BUCKET {volume=c88890d9-215d-44ae-99aa-6f486cc40630, bucket=64746d3a-c3d2-4d45-b006-e88abc83042d} | ret=SUCCESS |  
2019-09-19 08:58:47,987 [pool-38-thread-1] INFO  storage.RaftStorageDirectory (RaftStorageDirectory.java:tryLock(328)) - Lock on /workdir/hadoop-ozone/integration-test/target/test-dir/MiniOzoneClusterImpl-bdb48ef2-e70a-4dc5-a65a-dd2ce314b41a/datanode-1/data/ratis/9455b725-7ef8-4b6a-8c48-9e9146034fa1/in_use.lock acquired by nodename 32528@pr-hdds-1569-cpgw4-1311585219
2019-09-19 08:58:48,001 [pool-38-thread-1] INFO  storage.RaftStorage (RaftStorage.java:format(72)) - Storage directory /workdir/hadoop-ozone/integration-test/target/test-dir/MiniOzoneClusterImpl-bdb48ef2-e70a-4dc5-a65a-dd2ce314b41a/datanode-1/data/ratis/9455b725-7ef8-4b6a-8c48-9e9146034fa1 has been successfully formatted.
2019-09-19 08:58:48,001 [pool-38-thread-1] INFO  ratis.ContainerStateMachine (ContainerStateMachine.java:loadSnapshot(226)) - group-9E9146034FA1: The snapshot info is null. Setting the last applied indexto:(t:0, i:~)
2019-09-19 08:58:48,001 [pool-38-thread-1] INFO  server.RaftServerConfigKeys (ConfUtils.java:logGet(43)) - raft.server.leader.election.timeout = 120s (custom)
2019-09-19 08:58:48,001 [pool-38-thread-1] INFO  server.RaftServerConfigKeys (ConfUtils.java:logGet(43)) - raft.server.log.use.memory = false (default)
2019-09-19 08:58:48,002 [pool-38-thread-1] INFO  server.RaftServerConfigKeys (ConfUtils.java:logGet(43)) - raft.server.log.purge.gap = 1000000 (custom)
2019-09-19 08:58:48,002 [pool-38-thread-1] INFO  server.RaftServerConfigKeys (ConfUtils.java:logGet(43)) - raft.server.log.appender.buffer.byte-limit = 33554432 (custom)
2019-09-19 08:58:48,002 [pool-38-thread-1] INFO  server.RaftServerConfigKeys (ConfUtils.java:logGet(43)) - raft.server.log.segment.size.max = 1048576 (custom)
2019-09-19 08:58:48,002 [pool-38-thread-1] INFO  server.RaftServerConfigKeys (ConfUtils.java:logGet(43)) - raft.server.log.segment.cache.num.max = 2 (custom)
2019-09-19 08:58:48,002 [pool-38-thread-1] INFO  segmented.SegmentedRaftLogWorker (SegmentedRaftLogWorker.java:<init>(172)) - new 9f9bfdf2-fb95-4329-a3ea-1e2fab5cdfa8-SegmentedRaftLogWorker:Storage Directory /workdir/hadoop-ozone/integration-test/target/test-dir/MiniOzoneClusterImpl-bdb48ef2-e70a-4dc5-a65a-dd2ce314b41a/datanode-1/data/ratis/9455b725-7ef8-4b6a-8c48-9e9146034fa1 for RaftStorage:Storage Directory /workdir/hadoop-ozone/integration-test/target/test-dir/MiniOzoneClusterImpl-bdb48ef2-e70a-4dc5-a65a-dd2ce314b41a/datanode-1/data/ratis/9455b725-7ef8-4b6a-8c48-9e9146034fa1
2019-09-19 08:58:48,002 [pool-38-thread-1] INFO  server.RaftServerConfigKeys (ConfUtils.java:logGet(43)) - raft.server.log.queue.byte-limit = 2147483647 (custom)
2019-09-19 08:58:48,002 [pool-38-thread-1] INFO  server.RaftServerConfigKeys (ConfUtils.java:logGet(43)) - raft.server.log.queue.element-limit = 1024 (custom)
2019-09-19 08:58:48,003 [pool-38-thread-1] INFO  server.RaftServerConfigKeys (ConfUtils.java:logGet(43)) - raft.server.log.segment.size.max = 1048576 (custom)
2019-09-19 08:58:48,003 [pool-38-thread-1] INFO  server.RaftServerConfigKeys (ConfUtils.java:logGet(43)) - raft.server.log.preallocated.size = 16384 (custom)
2019-09-19 08:58:48,003 [pool-38-thread-1] INFO  server.RaftServerConfigKeys (ConfUtils.java:logGet(43)) - raft.server.log.write.buffer.size = 33554432 (custom)
2019-09-19 08:58:48,003 [pool-38-thread-1] INFO  server.RaftServerConfigKeys (ConfUtils.java:logGet(43)) - raft.server.log.force.sync.num = 128 (default)
2019-09-19 08:58:48,003 [pool-38-thread-1] INFO  server.RaftServerConfigKeys (ConfUtils.java:logGet(43)) - raft.server.log.statemachine.data.sync = true (default)
2019-09-19 08:58:48,003 [pool-38-thread-1] INFO  server.RaftServerConfigKeys (ConfUtils.java:logGet(43)) - raft.server.log.statemachine.data.sync.timeout = 10s (default)
2019-09-19 08:58:48,003 [pool-38-thread-1] INFO  server.RaftServerConfigKeys (ConfUtils.java:logGet(43)) - raft.server.log.statemachine.data.sync.timeout.retry = -1 (default)
2019-09-19 08:58:48,004 [pool-38-thread-1] INFO  server.RaftServerConfigKeys (ConfUtils.java:logGet(43)) - raft.server.log.statemachine.data.caching.enabled = true (custom)
2019-09-19 08:58:48,004 [pool-38-thread-1] INFO  segmented.SegmentedRaftLogWorker (SegmentedRaftLogWorker.java:lambda$new$0(132)) - 9f9bfdf2-fb95-4329-a3ea-1e2fab5cdfa8-SegmentedRaftLogWorker:Storage Directory /workdir/hadoop-ozone/integration-test/target/test-dir/MiniOzoneClusterImpl-bdb48ef2-e70a-4dc5-a65a-dd2ce314b41a/datanode-1/data/ratis/9455b725-7ef8-4b6a-8c48-9e9146034fa1: flushIndex: setUnconditionally 0 -> -1
2019-09-19 08:58:48,004 [pool-38-thread-1] INFO  server.RaftServerConfigKeys (ConfUtils.java:logGet(43)) - raft.server.snapshot.auto.trigger.enabled = true (custom)
2019-09-19 08:58:48,004 [pool-38-thread-1] INFO  server.RaftServerConfigKeys (ConfUtils.java:logGet(43)) - raft.server.snapshot.auto.trigger.threshold = 10000 (custom)
2019-09-19 08:58:48,004 [pool-38-thread-1] INFO  server.RaftServerConfigKeys (ConfUtils.java:logGet(43)) - raft.server.retrycache.expirytime = 600000ms (custom)
2019-09-19 08:58:48,005 [pool-38-thread-1] INFO  impl.RaftServerImpl (RaftServerImpl.java:start(180)) - 9f9bfdf2-fb95-4329-a3ea-1e2fab5cdfa8: start group-9E9146034FA1
2019-09-19 08:58:48,005 [pool-38-thread-1] INFO  impl.RaftServerImpl (RaftServerImpl.java:setRole(171)) - 9f9bfdf2-fb95-4329-a3ea-1e2fab5cdfa8:group-9E9146034FA1 changes role from null to FOLLOWER at term 0 for startAsFollower
2019-09-19 08:58:48,005 [pool-38-thread-1] INFO  impl.RoleInfo (RoleInfo.java:updateAndGet(143)) - 9f9bfdf2-fb95-4329-a3ea-1e2fab5cdfa8: start FollowerState
2019-09-19 08:58:48,005 [pool-38-thread-1] INFO  util.JmxRegister (JmxRegister.java:tryRegister(44)) - Successfully registered JMX Bean with object name Ratis:service=RaftServer,group=group-9E9146034FA1,id=9f9bfdf2-fb95-4329-a3ea-1e2fab5cdfa8
2019-09-19 08:58:48,014 [RatisPipelineUtilsThread] INFO  pipeline.PipelineStateManager (PipelineStateManager.java:addPipeline(56)) - Created pipeline Pipeline[ Id: 9455b725-7ef8-4b6a-8c48-9e9146034fa1, Nodes: 9f9bfdf2-fb95-4329-a3ea-1e2fab5cdfa8{ip: 192.168.157.204, host: pr-hdds-1569-cpgw4-1311585219, networkLocation: /default-rack, certSerialId: null}, Type:RATIS, Factor:ONE, State:OPEN]
2019-09-19 08:58:48,030 [grpc-default-executor-0] INFO  impl.RaftServerProxy (RaftServerProxy.java:addNew(89)) - 321bf75e-33b0-422d-8e21-c4d69826ca09: addNew group-449EA82D9093:[321bf75e-33b0-422d-8e21-c4d69826ca09:192.168.157.204:36032] returns group-449EA82D9093:java.util.concurrent.CompletableFuture@7e273d99[Not completed]
2019-09-19 08:58:48,032 [pool-49-thread-1] INFO  impl.RaftServerImpl (RaftServerImpl.java:<init>(93)) - 321bf75e-33b0-422d-8e21-c4d69826ca09: new RaftServerImpl for group-449EA82D9093:[321bf75e-33b0-422d-8e21-c4d69826ca09:192.168.157.204:36032] with ContainerStateMachine:uninitialized
2019-09-19 08:58:48,032 [pool-49-thread-1] INFO  server.RaftServerConfigKeys (ConfUtils.java:logGet(43)) - raft.server.rpc.timeout.min = 5s (custom)
2019-09-19 08:58:48,033 [pool-49-thread-1] INFO  server.RaftServerConfigKeys (ConfUtils.java:logGet(43)) - raft.server.rpc.timeout.max = 5200ms (custom)
2019-09-19 08:58:48,033 [pool-49-thread-1] INFO  server.RaftServerConfigKeys (ConfUtils.java:logGet(43)) - raft.server.rpcslowness.timeout = 120s (custom)
2019-09-19 08:58:48,033 [pool-49-thread-1] INFO  server.RaftServerConfigKeys (ConfUtils.java:logGet(43)) - raft.server.sleep.deviation.threshold = 300 (default)
2019-09-19 08:58:48,033 [pool-49-thread-1] INFO  server.RaftServerConfigKeys (ConfUtils.java:logGet(43)) - raft.server.log.appender.install.snapshot.enabled = false (custom)
2019-09-19 08:58:48,033 [pool-49-thread-1] INFO  impl.RaftServerImpl (ServerState.java:<init>(105)) - 321bf75e-33b0-422d-8e21-c4d69826ca09:group-449EA82D9093 ConfigurationManager, init=-1: [321bf75e-33b0-422d-8e21-c4d69826ca09:192.168.157.204:36032], old=null, confs=<EMPTY_MAP>
2019-09-19 08:58:48,034 [pool-49-thread-1] INFO  server.RaftServerConfigKeys (ConfUtils.java:logGet(43)) - raft.server.storage.dir = [/workdir/hadoop-ozone/integration-test/target/test-dir/MiniOzoneClusterImpl-bdb48ef2-e70a-4dc5-a65a-dd2ce314b41a/datanode-2/data/ratis] (custom)
2019-09-19 08:58:48,034 [pool-49-thread-1] INFO  storage.RaftStorageDirectory (RaftStorageDirectory.java:analyzeStorage(246)) - The storage directory /workdir/hadoop-ozone/integration-test/target/test-dir/MiniOzoneClusterImpl-bdb48ef2-e70a-4dc5-a65a-dd2ce314b41a/datanode-2/data/ratis/c281a252-8325-483f-b8ea-449ea82d9093 does not exist. Creating ...
2019-09-19 08:58:48,047 [pool-49-thread-1] INFO  storage.RaftStorageDirectory (RaftStorageDirectory.java:tryLock(328)) - Lock on /workdir/hadoop-ozone/integration-test/target/test-dir/MiniOzoneClusterImpl-bdb48ef2-e70a-4dc5-a65a-dd2ce314b41a/datanode-2/data/ratis/c281a252-8325-483f-b8ea-449ea82d9093/in_use.lock acquired by nodename 32528@pr-hdds-1569-cpgw4-1311585219
2019-09-19 08:58:48,060 [pool-49-thread-1] INFO  storage.RaftStorage (RaftStorage.java:format(72)) - Storage directory /workdir/hadoop-ozone/integration-test/target/test-dir/MiniOzoneClusterImpl-bdb48ef2-e70a-4dc5-a65a-dd2ce314b41a/datanode-2/data/ratis/c281a252-8325-483f-b8ea-449ea82d9093 has been successfully formatted.
2019-09-19 08:58:48,060 [pool-49-thread-1] INFO  ratis.ContainerStateMachine (ContainerStateMachine.java:loadSnapshot(226)) - group-449EA82D9093: The snapshot info is null. Setting the last applied indexto:(t:0, i:~)
2019-09-19 08:58:48,061 [pool-49-thread-1] INFO  server.RaftServerConfigKeys (ConfUtils.java:logGet(43)) - raft.server.leader.election.timeout = 120s (custom)
2019-09-19 08:58:48,061 [pool-49-thread-1] INFO  server.RaftServerConfigKeys (ConfUtils.java:logGet(43)) - raft.server.log.use.memory = false (default)
2019-09-19 08:58:48,061 [pool-49-thread-1] INFO  server.RaftServerConfigKeys (ConfUtils.java:logGet(43)) - raft.server.log.purge.gap = 1000000 (custom)
2019-09-19 08:58:48,061 [pool-49-thread-1] INFO  server.RaftServerConfigKeys (ConfUtils.java:logGet(43)) - raft.server.log.appender.buffer.byte-limit = 33554432 (custom)
2019-09-19 08:58:48,061 [pool-49-thread-1] INFO  server.RaftServerConfigKeys (ConfUtils.java:logGet(43)) - raft.server.log.segment.size.max = 1048576 (custom)
2019-09-19 08:58:48,062 [pool-49-thread-1] INFO  server.RaftServerConfigKeys (ConfUtils.java:logGet(43)) - raft.server.log.segment.cache.num.max = 2 (custom)
2019-09-19 08:58:48,062 [pool-49-thread-1] INFO  segmented.SegmentedRaftLogWorker (SegmentedRaftLogWorker.java:<init>(172)) - new 321bf75e-33b0-422d-8e21-c4d69826ca09-SegmentedRaftLogWorker:Storage Directory /workdir/hadoop-ozone/integration-test/target/test-dir/MiniOzoneClusterImpl-bdb48ef2-e70a-4dc5-a65a-dd2ce314b41a/datanode-2/data/ratis/c281a252-8325-483f-b8ea-449ea82d9093 for RaftStorage:Storage Directory /workdir/hadoop-ozone/integration-test/target/test-dir/MiniOzoneClusterImpl-bdb48ef2-e70a-4dc5-a65a-dd2ce314b41a/datanode-2/data/ratis/c281a252-8325-483f-b8ea-449ea82d9093
2019-09-19 08:58:48,062 [pool-49-thread-1] INFO  server.RaftServerConfigKeys (ConfUtils.java:logGet(43)) - raft.server.log.queue.byte-limit = 2147483647 (custom)
2019-09-19 08:58:48,062 [pool-49-thread-1] INFO  server.RaftServerConfigKeys (ConfUtils.java:logGet(43)) - raft.server.log.queue.element-limit = 1024 (custom)
2019-09-19 08:58:48,062 [pool-49-thread-1] INFO  server.RaftServerConfigKeys (ConfUtils.java:logGet(43)) - raft.server.log.segment.size.max = 1048576 (custom)
2019-09-19 08:58:48,062 [pool-49-thread-1] INFO  server.RaftServerConfigKeys (ConfUtils.java:logGet(43)) - raft.server.log.preallocated.size = 16384 (custom)
2019-09-19 08:58:48,063 [pool-49-thread-1] INFO  server.RaftServerConfigKeys (ConfUtils.java:logGet(43)) - raft.server.log.write.buffer.size = 33554432 (custom)
2019-09-19 08:58:48,063 [pool-49-thread-1] INFO  server.RaftServerConfigKeys (ConfUtils.java:logGet(43)) - raft.server.log.force.sync.num = 128 (default)
2019-09-19 08:58:48,063 [pool-49-thread-1] INFO  server.RaftServerConfigKeys (ConfUtils.java:logGet(43)) - raft.server.log.statemachine.data.sync = true (default)
2019-09-19 08:58:48,063 [pool-49-thread-1] INFO  server.RaftServerConfigKeys (ConfUtils.java:logGet(43)) - raft.server.log.statemachine.data.sync.timeout = 10s (default)
2019-09-19 08:58:48,063 [pool-49-thread-1] INFO  server.RaftServerConfigKeys (ConfUtils.java:logGet(43)) - raft.server.log.statemachine.data.sync.timeout.retry = -1 (default)
2019-09-19 08:58:48,064 [pool-49-thread-1] INFO  server.RaftServerConfigKeys (ConfUtils.java:logGet(43)) - raft.server.log.statemachine.data.caching.enabled = true (custom)
2019-09-19 08:58:48,064 [pool-49-thread-1] INFO  segmented.SegmentedRaftLogWorker (SegmentedRaftLogWorker.java:lambda$new$0(132)) - 321bf75e-33b0-422d-8e21-c4d69826ca09-SegmentedRaftLogWorker:Storage Directory /workdir/hadoop-ozone/integration-test/target/test-dir/MiniOzoneClusterImpl-bdb48ef2-e70a-4dc5-a65a-dd2ce314b41a/datanode-2/data/ratis/c281a252-8325-483f-b8ea-449ea82d9093: flushIndex: setUnconditionally 0 -> -1
2019-09-19 08:58:48,064 [pool-49-thread-1] INFO  server.RaftServerConfigKeys (ConfUtils.java:logGet(43)) - raft.server.snapshot.auto.trigger.enabled = true (custom)
2019-09-19 08:58:48,065 [pool-49-thread-1] INFO  server.RaftServerConfigKeys (ConfUtils.java:logGet(43)) - raft.server.snapshot.auto.trigger.threshold = 10000 (custom)
2019-09-19 08:58:48,065 [pool-49-thread-1] INFO  server.RaftServerConfigKeys (ConfUtils.java:logGet(43)) - raft.server.retrycache.expirytime = 600000ms (custom)
2019-09-19 08:58:48,065 [pool-49-thread-1] INFO  impl.RaftServerImpl (RaftServerImpl.java:start(180)) - 321bf75e-33b0-422d-8e21-c4d69826ca09: start group-449EA82D9093
2019-09-19 08:58:48,065 [pool-49-thread-1] INFO  impl.RaftServerImpl (RaftServerImpl.java:setRole(171)) - 321bf75e-33b0-422d-8e21-c4d69826ca09:group-449EA82D9093 changes role from null to FOLLOWER at term 0 for startAsFollower
2019-09-19 08:58:48,066 [pool-49-thread-1] INFO  impl.RoleInfo (RoleInfo.java:updateAndGet(143)) - 321bf75e-33b0-422d-8e21-c4d69826ca09: start FollowerState
2019-09-19 08:58:48,066 [pool-49-thread-1] INFO  util.JmxRegister (JmxRegister.java:tryRegister(44)) - Successfully registered JMX Bean with object name Ratis:service=RaftServer,group=group-449EA82D9093,id=321bf75e-33b0-422d-8e21-c4d69826ca09
2019-09-19 08:58:48,073 [RatisPipelineUtilsThread] INFO  pipeline.PipelineStateManager (PipelineStateManager.java:addPipeline(56)) - Created pipeline Pipeline[ Id: c281a252-8325-483f-b8ea-449ea82d9093, Nodes: 321bf75e-33b0-422d-8e21-c4d69826ca09{ip: 192.168.157.204, host: pr-hdds-1569-cpgw4-1311585219, networkLocation: /default-rack, certSerialId: null}, Type:RATIS, Factor:ONE, State:OPEN]
2019-09-19 08:58:48,083 | INFO  | SCMAudit | user=jenkins1000 | ip=192.168.157.204 | op=SEND_HEARTBEAT {datanodeUUID=e5bbaf13-f86a-4f92-8b58-de40c00137a1, command=[]} | ret=SUCCESS |  
2019-09-19 08:58:48,086 [grpc-default-executor-0] INFO  impl.RaftServerProxy (RaftServerProxy.java:addNew(89)) - e5bbaf13-f86a-4f92-8b58-de40c00137a1: addNew group-6F0FE569580B:[e5bbaf13-f86a-4f92-8b58-de40c00137a1:192.168.157.204:33097] returns group-6F0FE569580B:java.util.concurrent.CompletableFuture@5447712e[Not completed]
2019-09-19 08:58:48,087 [pool-27-thread-1] INFO  impl.RaftServerImpl (RaftServerImpl.java:<init>(93)) - e5bbaf13-f86a-4f92-8b58-de40c00137a1: new RaftServerImpl for group-6F0FE569580B:[e5bbaf13-f86a-4f92-8b58-de40c00137a1:192.168.157.204:33097] with ContainerStateMachine:uninitialized
2019-09-19 08:58:48,087 [pool-27-thread-1] INFO  server.RaftServerConfigKeys (ConfUtils.java:logGet(43)) - raft.server.rpc.timeout.min = 5s (custom)
2019-09-19 08:58:48,088 [pool-27-thread-1] INFO  server.RaftServerConfigKeys (ConfUtils.java:logGet(43)) - raft.server.rpc.timeout.max = 5200ms (custom)
2019-09-19 08:58:48,088 [pool-27-thread-1] INFO  server.RaftServerConfigKeys (ConfUtils.java:logGet(43)) - raft.server.rpcslowness.timeout = 120s (custom)
2019-09-19 08:58:48,088 [pool-27-thread-1] INFO  server.RaftServerConfigKeys (ConfUtils.java:logGet(43)) - raft.server.sleep.deviation.threshold = 300 (default)
2019-09-19 08:58:48,088 [pool-27-thread-1] INFO  server.RaftServerConfigKeys (ConfUtils.java:logGet(43)) - raft.server.log.appender.install.snapshot.enabled = false (custom)
2019-09-19 08:58:48,088 [pool-27-thread-1] INFO  impl.RaftServerImpl (ServerState.java:<init>(105)) - e5bbaf13-f86a-4f92-8b58-de40c00137a1:group-6F0FE569580B ConfigurationManager, init=-1: [e5bbaf13-f86a-4f92-8b58-de40c00137a1:192.168.157.204:33097], old=null, confs=<EMPTY_MAP>
2019-09-19 08:58:48,088 [pool-27-thread-1] INFO  server.RaftServerConfigKeys (ConfUtils.java:logGet(43)) - raft.server.storage.dir = [/workdir/hadoop-ozone/integration-test/target/test-dir/MiniOzoneClusterImpl-bdb48ef2-e70a-4dc5-a65a-dd2ce314b41a/datanode-0/data/ratis] (custom)
2019-09-19 08:58:48,089 [pool-27-thread-1] INFO  storage.RaftStorageDirectory (RaftStorageDirectory.java:analyzeStorage(246)) - The storage directory /workdir/hadoop-ozone/integration-test/target/test-dir/MiniOzoneClusterImpl-bdb48ef2-e70a-4dc5-a65a-dd2ce314b41a/datanode-0/data/ratis/7528ab7a-9cae-4c95-8bba-6f0fe569580b does not exist. Creating ...
2019-09-19 08:58:48,102 [pool-27-thread-1] INFO  storage.RaftStorageDirectory (RaftStorageDirectory.java:tryLock(328)) - Lock on /workdir/hadoop-ozone/integration-test/target/test-dir/MiniOzoneClusterImpl-bdb48ef2-e70a-4dc5-a65a-dd2ce314b41a/datanode-0/data/ratis/7528ab7a-9cae-4c95-8bba-6f0fe569580b/in_use.lock acquired by nodename 32528@pr-hdds-1569-cpgw4-1311585219
2019-09-19 08:58:48,115 [pool-27-thread-1] INFO  storage.RaftStorage (RaftStorage.java:format(72)) - Storage directory /workdir/hadoop-ozone/integration-test/target/test-dir/MiniOzoneClusterImpl-bdb48ef2-e70a-4dc5-a65a-dd2ce314b41a/datanode-0/data/ratis/7528ab7a-9cae-4c95-8bba-6f0fe569580b has been successfully formatted.
2019-09-19 08:58:48,115 [pool-27-thread-1] INFO  ratis.ContainerStateMachine (ContainerStateMachine.java:loadSnapshot(226)) - group-6F0FE569580B: The snapshot info is null. Setting the last applied indexto:(t:0, i:~)
2019-09-19 08:58:48,115 [pool-27-thread-1] INFO  server.RaftServerConfigKeys (ConfUtils.java:logGet(43)) - raft.server.leader.election.timeout = 120s (custom)
2019-09-19 08:58:48,115 [pool-27-thread-1] INFO  server.RaftServerConfigKeys (ConfUtils.java:logGet(43)) - raft.server.log.use.memory = false (default)
2019-09-19 08:58:48,115 [pool-27-thread-1] INFO  server.RaftServerConfigKeys (ConfUtils.java:logGet(43)) - raft.server.log.purge.gap = 1000000 (custom)
2019-09-19 08:58:48,116 [pool-27-thread-1] INFO  server.RaftServerConfigKeys (ConfUtils.java:logGet(43)) - raft.server.log.appender.buffer.byte-limit = 33554432 (custom)
2019-09-19 08:58:48,116 [pool-27-thread-1] INFO  server.RaftServerConfigKeys (ConfUtils.java:logGet(43)) - raft.server.log.segment.size.max = 1048576 (custom)
2019-09-19 08:58:48,116 [pool-27-thread-1] INFO  server.RaftServerConfigKeys (ConfUtils.java:logGet(43)) - raft.server.log.segment.cache.num.max = 2 (custom)
2019-09-19 08:58:48,116 [pool-27-thread-1] INFO  segmented.SegmentedRaftLogWorker (SegmentedRaftLogWorker.java:<init>(172)) - new e5bbaf13-f86a-4f92-8b58-de40c00137a1-SegmentedRaftLogWorker:Storage Directory /workdir/hadoop-ozone/integration-test/target/test-dir/MiniOzoneClusterImpl-bdb48ef2-e70a-4dc5-a65a-dd2ce314b41a/datanode-0/data/ratis/7528ab7a-9cae-4c95-8bba-6f0fe569580b for RaftStorage:Storage Directory /workdir/hadoop-ozone/integration-test/target/test-dir/MiniOzoneClusterImpl-bdb48ef2-e70a-4dc5-a65a-dd2ce314b41a/datanode-0/data/ratis/7528ab7a-9cae-4c95-8bba-6f0fe569580b
2019-09-19 08:58:48,116 [pool-27-thread-1] INFO  server.RaftServerConfigKeys (ConfUtils.java:logGet(43)) - raft.server.log.queue.byte-limit = 2147483647 (custom)
2019-09-19 08:58:48,117 [pool-27-thread-1] INFO  server.RaftServerConfigKeys (ConfUtils.java:logGet(43)) - raft.server.log.queue.element-limit = 1024 (custom)
2019-09-19 08:58:48,117 [pool-27-thread-1] INFO  server.RaftServerConfigKeys (ConfUtils.java:logGet(43)) - raft.server.log.segment.size.max = 1048576 (custom)
2019-09-19 08:58:48,117 [pool-27-thread-1] INFO  server.RaftServerConfigKeys (ConfUtils.java:logGet(43)) - raft.server.log.preallocated.size = 16384 (custom)
2019-09-19 08:58:48,117 [pool-27-thread-1] INFO  server.RaftServerConfigKeys (ConfUtils.java:logGet(43)) - raft.server.log.write.buffer.size = 33554432 (custom)
2019-09-19 08:58:48,117 [pool-27-thread-1] INFO  server.RaftServerConfigKeys (ConfUtils.java:logGet(43)) - raft.server.log.force.sync.num = 128 (default)
2019-09-19 08:58:48,117 [pool-27-thread-1] INFO  server.RaftServerConfigKeys (ConfUtils.java:logGet(43)) - raft.server.log.statemachine.data.sync = true (default)
2019-09-19 08:58:48,118 [pool-27-thread-1] INFO  server.RaftServerConfigKeys (ConfUtils.java:logGet(43)) - raft.server.log.statemachine.data.sync.timeout = 10s (default)
2019-09-19 08:58:48,118 [pool-27-thread-1] INFO  server.RaftServerConfigKeys (ConfUtils.java:logGet(43)) - raft.server.log.statemachine.data.sync.timeout.retry = -1 (default)
2019-09-19 08:58:48,118 [pool-27-thread-1] INFO  server.RaftServerConfigKeys (ConfUtils.java:logGet(43)) - raft.server.log.statemachine.data.caching.enabled = true (custom)
2019-09-19 08:58:48,118 [pool-27-thread-1] INFO  segmented.SegmentedRaftLogWorker (SegmentedRaftLogWorker.java:lambda$new$0(132)) - e5bbaf13-f86a-4f92-8b58-de40c00137a1-SegmentedRaftLogWorker:Storage Directory /workdir/hadoop-ozone/integration-test/target/test-dir/MiniOzoneClusterImpl-bdb48ef2-e70a-4dc5-a65a-dd2ce314b41a/datanode-0/data/ratis/7528ab7a-9cae-4c95-8bba-6f0fe569580b: flushIndex: setUnconditionally 0 -> -1
2019-09-19 08:58:48,119 [pool-27-thread-1] INFO  server.RaftServerConfigKeys (ConfUtils.java:logGet(43)) - raft.server.snapshot.auto.trigger.enabled = true (custom)
2019-09-19 08:58:48,119 [pool-27-thread-1] INFO  server.RaftServerConfigKeys (ConfUtils.java:logGet(43)) - raft.server.snapshot.auto.trigger.threshold = 10000 (custom)
2019-09-19 08:58:48,119 [pool-27-thread-1] INFO  server.RaftServerConfigKeys (ConfUtils.java:logGet(43)) - raft.server.retrycache.expirytime = 600000ms (custom)
2019-09-19 08:58:48,119 [pool-27-thread-1] INFO  impl.RaftServerImpl (RaftServerImpl.java:start(180)) - e5bbaf13-f86a-4f92-8b58-de40c00137a1: start group-6F0FE569580B
2019-09-19 08:58:48,120 [pool-27-thread-1] INFO  impl.RaftServerImpl (RaftServerImpl.java:setRole(171)) - e5bbaf13-f86a-4f92-8b58-de40c00137a1:group-6F0FE569580B changes role from null to FOLLOWER at term 0 for startAsFollower
2019-09-19 08:58:48,120 [pool-27-thread-1] INFO  impl.RoleInfo (RoleInfo.java:updateAndGet(143)) - e5bbaf13-f86a-4f92-8b58-de40c00137a1: start FollowerState
2019-09-19 08:58:48,120 [pool-27-thread-1] INFO  util.JmxRegister (JmxRegister.java:tryRegister(44)) - Successfully registered JMX Bean with object name Ratis:service=RaftServer,group=group-6F0FE569580B,id=e5bbaf13-f86a-4f92-8b58-de40c00137a1
2019-09-19 08:58:48,129 [RatisPipelineUtilsThread] INFO  pipeline.PipelineStateManager (PipelineStateManager.java:addPipeline(56)) - Created pipeline Pipeline[ Id: 7528ab7a-9cae-4c95-8bba-6f0fe569580b, Nodes: e5bbaf13-f86a-4f92-8b58-de40c00137a1{ip: 192.168.157.204, host: pr-hdds-1569-cpgw4-1311585219, networkLocation: /default-rack, certSerialId: null}, Type:RATIS, Factor:ONE, State:OPEN]
2019-09-19 08:58:48,141 [grpc-default-executor-0] INFO  impl.RaftServerProxy (RaftServerProxy.java:addNew(89)) - e5bbaf13-f86a-4f92-8b58-de40c00137a1: addNew group-5999F71FB5FD:[e5bbaf13-f86a-4f92-8b58-de40c00137a1:192.168.157.204:33097] returns group-5999F71FB5FD:java.util.concurrent.CompletableFuture@2d444932[Not completed]
2019-09-19 08:58:48,143 [pool-27-thread-1] INFO  impl.RaftServerImpl (RaftServerImpl.java:<init>(93)) - e5bbaf13-f86a-4f92-8b58-de40c00137a1: new RaftServerImpl for group-5999F71FB5FD:[e5bbaf13-f86a-4f92-8b58-de40c00137a1:192.168.157.204:33097] with ContainerStateMachine:uninitialized
2019-09-19 08:58:48,143 [pool-27-thread-1] INFO  server.RaftServerConfigKeys (ConfUtils.java:logGet(43)) - raft.server.rpc.timeout.min = 5s (custom)
2019-09-19 08:58:48,143 [pool-27-thread-1] INFO  server.RaftServerConfigKeys (ConfUtils.java:logGet(43)) - raft.server.rpc.timeout.max = 5200ms (custom)
2019-09-19 08:58:48,143 [pool-27-thread-1] INFO  server.RaftServerConfigKeys (ConfUtils.java:logGet(43)) - raft.server.rpcslowness.timeout = 120s (custom)
2019-09-19 08:58:48,143 [pool-27-thread-1] INFO  server.RaftServerConfigKeys (ConfUtils.java:logGet(43)) - raft.server.sleep.deviation.threshold = 300 (default)
2019-09-19 08:58:48,144 [pool-27-thread-1] INFO  server.RaftServerConfigKeys (ConfUtils.java:logGet(43)) - raft.server.log.appender.install.snapshot.enabled = false (custom)
2019-09-19 08:58:48,144 [pool-27-thread-1] INFO  impl.RaftServerImpl (ServerState.java:<init>(105)) - e5bbaf13-f86a-4f92-8b58-de40c00137a1:group-5999F71FB5FD ConfigurationManager, init=-1: [e5bbaf13-f86a-4f92-8b58-de40c00137a1:192.168.157.204:33097], old=null, confs=<EMPTY_MAP>
2019-09-19 08:58:48,144 [pool-27-thread-1] INFO  server.RaftServerConfigKeys (ConfUtils.java:logGet(43)) - raft.server.storage.dir = [/workdir/hadoop-ozone/integration-test/target/test-dir/MiniOzoneClusterImpl-bdb48ef2-e70a-4dc5-a65a-dd2ce314b41a/datanode-0/data/ratis] (custom)
2019-09-19 08:58:48,144 [pool-27-thread-1] INFO  storage.RaftStorageDirectory (RaftStorageDirectory.java:analyzeStorage(246)) - The storage directory /workdir/hadoop-ozone/integration-test/target/test-dir/MiniOzoneClusterImpl-bdb48ef2-e70a-4dc5-a65a-dd2ce314b41a/datanode-0/data/ratis/222fd20d-b5d7-47b0-9440-5999f71fb5fd does not exist. Creating ...
2019-09-19 08:58:48,157 [pool-27-thread-1] INFO  storage.RaftStorageDirectory (RaftStorageDirectory.java:tryLock(328)) - Lock on /workdir/hadoop-ozone/integration-test/target/test-dir/MiniOzoneClusterImpl-bdb48ef2-e70a-4dc5-a65a-dd2ce314b41a/datanode-0/data/ratis/222fd20d-b5d7-47b0-9440-5999f71fb5fd/in_use.lock acquired by nodename 32528@pr-hdds-1569-cpgw4-1311585219
2019-09-19 08:58:48,170 [pool-27-thread-1] INFO  storage.RaftStorage (RaftStorage.java:format(72)) - Storage directory /workdir/hadoop-ozone/integration-test/target/test-dir/MiniOzoneClusterImpl-bdb48ef2-e70a-4dc5-a65a-dd2ce314b41a/datanode-0/data/ratis/222fd20d-b5d7-47b0-9440-5999f71fb5fd has been successfully formatted.
2019-09-19 08:58:48,170 [pool-27-thread-1] INFO  ratis.ContainerStateMachine (ContainerStateMachine.java:loadSnapshot(226)) - group-5999F71FB5FD: The snapshot info is null. Setting the last applied indexto:(t:0, i:~)
2019-09-19 08:58:48,170 [pool-27-thread-1] INFO  server.RaftServerConfigKeys (ConfUtils.java:logGet(43)) - raft.server.leader.election.timeout = 120s (custom)
2019-09-19 08:58:48,170 [pool-27-thread-1] INFO  server.RaftServerConfigKeys (ConfUtils.java:logGet(43)) - raft.server.log.use.memory = false (default)
2019-09-19 08:58:48,170 [pool-27-thread-1] INFO  server.RaftServerConfigKeys (ConfUtils.java:logGet(43)) - raft.server.log.purge.gap = 1000000 (custom)
2019-09-19 08:58:48,171 [pool-27-thread-1] INFO  server.RaftServerConfigKeys (ConfUtils.java:logGet(43)) - raft.server.log.appender.buffer.byte-limit = 33554432 (custom)
2019-09-19 08:58:48,171 [pool-27-thread-1] INFO  server.RaftServerConfigKeys (ConfUtils.java:logGet(43)) - raft.server.log.segment.size.max = 1048576 (custom)
2019-09-19 08:58:48,171 [pool-27-thread-1] INFO  server.RaftServerConfigKeys (ConfUtils.java:logGet(43)) - raft.server.log.segment.cache.num.max = 2 (custom)
2019-09-19 08:58:48,171 [pool-27-thread-1] INFO  segmented.SegmentedRaftLogWorker (SegmentedRaftLogWorker.java:<init>(172)) - new e5bbaf13-f86a-4f92-8b58-de40c00137a1-SegmentedRaftLogWorker:Storage Directory /workdir/hadoop-ozone/integration-test/target/test-dir/MiniOzoneClusterImpl-bdb48ef2-e70a-4dc5-a65a-dd2ce314b41a/datanode-0/data/ratis/222fd20d-b5d7-47b0-9440-5999f71fb5fd for RaftStorage:Storage Directory /workdir/hadoop-ozone/integration-test/target/test-dir/MiniOzoneClusterImpl-bdb48ef2-e70a-4dc5-a65a-dd2ce314b41a/datanode-0/data/ratis/222fd20d-b5d7-47b0-9440-5999f71fb5fd
2019-09-19 08:58:48,171 [pool-27-thread-1] INFO  server.RaftServerConfigKeys (ConfUtils.java:logGet(43)) - raft.server.log.queue.byte-limit = 2147483647 (custom)
2019-09-19 08:58:48,171 [pool-27-thread-1] INFO  server.RaftServerConfigKeys (ConfUtils.java:logGet(43)) - raft.server.log.queue.element-limit = 1024 (custom)
2019-09-19 08:58:48,172 [pool-27-thread-1] INFO  server.RaftServerConfigKeys (ConfUtils.java:logGet(43)) - raft.server.log.segment.size.max = 1048576 (custom)
2019-09-19 08:58:48,172 [pool-27-thread-1] INFO  server.RaftServerConfigKeys (ConfUtils.java:logGet(43)) - raft.server.log.preallocated.size = 16384 (custom)
2019-09-19 08:58:48,172 [pool-27-thread-1] INFO  server.RaftServerConfigKeys (ConfUtils.java:logGet(43)) - raft.server.log.write.buffer.size = 33554432 (custom)
2019-09-19 08:58:48,172 [pool-27-thread-1] INFO  server.RaftServerConfigKeys (ConfUtils.java:logGet(43)) - raft.server.log.force.sync.num = 128 (default)
2019-09-19 08:58:48,172 [pool-27-thread-1] INFO  server.RaftServerConfigKeys (ConfUtils.java:logGet(43)) - raft.server.log.statemachine.data.sync = true (default)
2019-09-19 08:58:48,172 [pool-27-thread-1] INFO  server.RaftServerConfigKeys (ConfUtils.java:logGet(43)) - raft.server.log.statemachine.data.sync.timeout = 10s (default)
2019-09-19 08:58:48,172 [pool-27-thread-1] INFO  server.RaftServerConfigKeys (ConfUtils.java:logGet(43)) - raft.server.log.statemachine.data.sync.timeout.retry = -1 (default)
2019-09-19 08:58:48,173 [pool-27-thread-1] INFO  server.RaftServerConfigKeys (ConfUtils.java:logGet(43)) - raft.server.log.statemachine.data.caching.enabled = true (custom)
2019-09-19 08:58:48,173 [pool-27-thread-1] INFO  segmented.SegmentedRaftLogWorker (SegmentedRaftLogWorker.java:lambda$new$0(132)) - e5bbaf13-f86a-4f92-8b58-de40c00137a1-SegmentedRaftLogWorker:Storage Directory /workdir/hadoop-ozone/integration-test/target/test-dir/MiniOzoneClusterImpl-bdb48ef2-e70a-4dc5-a65a-dd2ce314b41a/datanode-0/data/ratis/222fd20d-b5d7-47b0-9440-5999f71fb5fd: flushIndex: setUnconditionally 0 -> -1
2019-09-19 08:58:48,173 [pool-27-thread-1] INFO  server.RaftServerConfigKeys (ConfUtils.java:logGet(43)) - raft.server.snapshot.auto.trigger.enabled = true (custom)
2019-09-19 08:58:48,173 [pool-27-thread-1] INFO  server.RaftServerConfigKeys (ConfUtils.java:logGet(43)) - raft.server.snapshot.auto.trigger.threshold = 10000 (custom)
2019-09-19 08:58:48,174 [pool-27-thread-1] INFO  server.RaftServerConfigKeys (ConfUtils.java:logGet(43)) - raft.server.retrycache.expirytime = 600000ms (custom)
2019-09-19 08:58:48,174 [pool-27-thread-1] INFO  impl.RaftServerImpl (RaftServerImpl.java:start(180)) - e5bbaf13-f86a-4f92-8b58-de40c00137a1: start group-5999F71FB5FD
2019-09-19 08:58:48,174 [pool-27-thread-1] INFO  impl.RaftServerImpl (RaftServerImpl.java:setRole(171)) - e5bbaf13-f86a-4f92-8b58-de40c00137a1:group-5999F71FB5FD changes role from null to FOLLOWER at term 0 for startAsFollower
2019-09-19 08:58:48,174 [pool-27-thread-1] INFO  impl.RoleInfo (RoleInfo.java:updateAndGet(143)) - e5bbaf13-f86a-4f92-8b58-de40c00137a1: start FollowerState
2019-09-19 08:58:48,175 [pool-27-thread-1] INFO  util.JmxRegister (JmxRegister.java:tryRegister(44)) - Successfully registered JMX Bean with object name Ratis:service=RaftServer,group=group-5999F71FB5FD,id=e5bbaf13-f86a-4f92-8b58-de40c00137a1
2019-09-19 08:58:48,179 [RatisPipelineUtilsThread] INFO  pipeline.PipelineStateManager (PipelineStateManager.java:addPipeline(56)) - Created pipeline Pipeline[ Id: 222fd20d-b5d7-47b0-9440-5999f71fb5fd, Nodes: e5bbaf13-f86a-4f92-8b58-de40c00137a1{ip: 192.168.157.204, host: pr-hdds-1569-cpgw4-1311585219, networkLocation: /default-rack, certSerialId: null}, Type:RATIS, Factor:ONE, State:OPEN]
2019-09-19 08:58:48,181 [RatisPipelineUtilsThread] ERROR pipeline.PipelinePlacementPolicy (PipelinePlacementPolicy.java:meetCriteria(91)) - Pipeline Placement: Doesn't meet the criteria to be viable node. Heaviness: 6
2019-09-19 08:58:48,192 [grpc-default-executor-0] INFO  impl.RaftServerProxy (RaftServerProxy.java:addNew(89)) - 321bf75e-33b0-422d-8e21-c4d69826ca09: addNew group-E899794698B1:[321bf75e-33b0-422d-8e21-c4d69826ca09:192.168.157.204:36032] returns group-E899794698B1:java.util.concurrent.CompletableFuture@19041a71[Not completed]
2019-09-19 08:58:48,194 [pool-49-thread-1] INFO  impl.RaftServerImpl (RaftServerImpl.java:<init>(93)) - 321bf75e-33b0-422d-8e21-c4d69826ca09: new RaftServerImpl for group-E899794698B1:[321bf75e-33b0-422d-8e21-c4d69826ca09:192.168.157.204:36032] with ContainerStateMachine:uninitialized
2019-09-19 08:58:48,194 [pool-49-thread-1] INFO  server.RaftServerConfigKeys (ConfUtils.java:logGet(43)) - raft.server.rpc.timeout.min = 5s (custom)
2019-09-19 08:58:48,195 [pool-49-thread-1] INFO  server.RaftServerConfigKeys (ConfUtils.java:logGet(43)) - raft.server.rpc.timeout.max = 5200ms (custom)
2019-09-19 08:58:48,195 [pool-49-thread-1] INFO  server.RaftServerConfigKeys (ConfUtils.java:logGet(43)) - raft.server.rpcslowness.timeout = 120s (custom)
2019-09-19 08:58:48,195 [pool-49-thread-1] INFO  server.RaftServerConfigKeys (ConfUtils.java:logGet(43)) - raft.server.sleep.deviation.threshold = 300 (default)
2019-09-19 08:58:48,195 [pool-49-thread-1] INFO  server.RaftServerConfigKeys (ConfUtils.java:logGet(43)) - raft.server.log.appender.install.snapshot.enabled = false (custom)
2019-09-19 08:58:48,195 [pool-49-thread-1] INFO  impl.RaftServerImpl (ServerState.java:<init>(105)) - 321bf75e-33b0-422d-8e21-c4d69826ca09:group-E899794698B1 ConfigurationManager, init=-1: [321bf75e-33b0-422d-8e21-c4d69826ca09:192.168.157.204:36032], old=null, confs=<EMPTY_MAP>
2019-09-19 08:58:48,195 [pool-49-thread-1] INFO  server.RaftServerConfigKeys (ConfUtils.java:logGet(43)) - raft.server.storage.dir = [/workdir/hadoop-ozone/integration-test/target/test-dir/MiniOzoneClusterImpl-bdb48ef2-e70a-4dc5-a65a-dd2ce314b41a/datanode-2/data/ratis] (custom)
2019-09-19 08:58:48,196 [pool-49-thread-1] INFO  storage.RaftStorageDirectory (RaftStorageDirectory.java:analyzeStorage(246)) - The storage directory /workdir/hadoop-ozone/integration-test/target/test-dir/MiniOzoneClusterImpl-bdb48ef2-e70a-4dc5-a65a-dd2ce314b41a/datanode-2/data/ratis/0e1b402f-e08b-4fe8-954e-e899794698b1 does not exist. Creating ...
2019-09-19 08:58:48,226 [pool-49-thread-1] INFO  storage.RaftStorageDirectory (RaftStorageDirectory.java:tryLock(328)) - Lock on /workdir/hadoop-ozone/integration-test/target/test-dir/MiniOzoneClusterImpl-bdb48ef2-e70a-4dc5-a65a-dd2ce314b41a/datanode-2/data/ratis/0e1b402f-e08b-4fe8-954e-e899794698b1/in_use.lock acquired by nodename 32528@pr-hdds-1569-cpgw4-1311585219
2019-09-19 08:58:48,239 [pool-49-thread-1] INFO  storage.RaftStorage (RaftStorage.java:format(72)) - Storage directory /workdir/hadoop-ozone/integration-test/target/test-dir/MiniOzoneClusterImpl-bdb48ef2-e70a-4dc5-a65a-dd2ce314b41a/datanode-2/data/ratis/0e1b402f-e08b-4fe8-954e-e899794698b1 has been successfully formatted.
2019-09-19 08:58:48,239 [pool-49-thread-1] INFO  ratis.ContainerStateMachine (ContainerStateMachine.java:loadSnapshot(226)) - group-E899794698B1: The snapshot info is null. Setting the last applied indexto:(t:0, i:~)
2019-09-19 08:58:48,240 [pool-49-thread-1] INFO  server.RaftServerConfigKeys (ConfUtils.java:logGet(43)) - raft.server.leader.election.timeout = 120s (custom)
2019-09-19 08:58:48,240 [pool-49-thread-1] INFO  server.RaftServerConfigKeys (ConfUtils.java:logGet(43)) - raft.server.log.use.memory = false (default)
2019-09-19 08:58:48,240 [pool-49-thread-1] INFO  server.RaftServerConfigKeys (ConfUtils.java:logGet(43)) - raft.server.log.purge.gap = 1000000 (custom)
2019-09-19 08:58:48,240 [pool-49-thread-1] INFO  server.RaftServerConfigKeys (ConfUtils.java:logGet(43)) - raft.server.log.appender.buffer.byte-limit = 33554432 (custom)
2019-09-19 08:58:48,240 [pool-49-thread-1] INFO  server.RaftServerConfigKeys (ConfUtils.java:logGet(43)) - raft.server.log.segment.size.max = 1048576 (custom)
2019-09-19 08:58:48,241 [pool-49-thread-1] INFO  server.RaftServerConfigKeys (ConfUtils.java:logGet(43)) - raft.server.log.segment.cache.num.max = 2 (custom)
2019-09-19 08:58:48,241 [pool-49-thread-1] INFO  segmented.SegmentedRaftLogWorker (SegmentedRaftLogWorker.java:<init>(172)) - new 321bf75e-33b0-422d-8e21-c4d69826ca09-SegmentedRaftLogWorker:Storage Directory /workdir/hadoop-ozone/integration-test/target/test-dir/MiniOzoneClusterImpl-bdb48ef2-e70a-4dc5-a65a-dd2ce314b41a/datanode-2/data/ratis/0e1b402f-e08b-4fe8-954e-e899794698b1 for RaftStorage:Storage Directory /workdir/hadoop-ozone/integration-test/target/test-dir/MiniOzoneClusterImpl-bdb48ef2-e70a-4dc5-a65a-dd2ce314b41a/datanode-2/data/ratis/0e1b402f-e08b-4fe8-954e-e899794698b1
2019-09-19 08:58:48,241 [pool-49-thread-1] INFO  server.RaftServerConfigKeys (ConfUtils.java:logGet(43)) - raft.server.log.queue.byte-limit = 2147483647 (custom)
2019-09-19 08:58:48,241 [pool-49-thread-1] INFO  server.RaftServerConfigKeys (ConfUtils.java:logGet(43)) - raft.server.log.queue.element-limit = 1024 (custom)
2019-09-19 08:58:48,242 [pool-49-thread-1] INFO  server.RaftServerConfigKeys (ConfUtils.java:logGet(43)) - raft.server.log.segment.size.max = 1048576 (custom)
2019-09-19 08:58:48,242 [pool-49-thread-1] INFO  server.RaftServerConfigKeys (ConfUtils.java:logGet(43)) - raft.server.log.preallocated.size = 16384 (custom)
2019-09-19 08:58:48,242 [pool-49-thread-1] INFO  server.RaftServerConfigKeys (ConfUtils.java:logGet(43)) - raft.server.log.write.buffer.size = 33554432 (custom)
2019-09-19 08:58:48,242 [pool-49-thread-1] INFO  server.RaftServerConfigKeys (ConfUtils.java:logGet(43)) - raft.server.log.force.sync.num = 128 (default)
2019-09-19 08:58:48,242 [pool-49-thread-1] INFO  server.RaftServerConfigKeys (ConfUtils.java:logGet(43)) - raft.server.log.statemachine.data.sync = true (default)
2019-09-19 08:58:48,242 [pool-49-thread-1] INFO  server.RaftServerConfigKeys (ConfUtils.java:logGet(43)) - raft.server.log.statemachine.data.sync.timeout = 10s (default)
2019-09-19 08:58:48,243 [pool-49-thread-1] INFO  server.RaftServerConfigKeys (ConfUtils.java:logGet(43)) - raft.server.log.statemachine.data.sync.timeout.retry = -1 (default)
2019-09-19 08:58:48,243 [pool-49-thread-1] INFO  server.RaftServerConfigKeys (ConfUtils.java:logGet(43)) - raft.server.log.statemachine.data.caching.enabled = true (custom)
2019-09-19 08:58:48,243 [pool-49-thread-1] INFO  segmented.SegmentedRaftLogWorker (SegmentedRaftLogWorker.java:lambda$new$0(132)) - 321bf75e-33b0-422d-8e21-c4d69826ca09-SegmentedRaftLogWorker:Storage Directory /workdir/hadoop-ozone/integration-test/target/test-dir/MiniOzoneClusterImpl-bdb48ef2-e70a-4dc5-a65a-dd2ce314b41a/datanode-2/data/ratis/0e1b402f-e08b-4fe8-954e-e899794698b1: flushIndex: setUnconditionally 0 -> -1
2019-09-19 08:58:48,244 [pool-49-thread-1] INFO  server.RaftServerConfigKeys (ConfUtils.java:logGet(43)) - raft.server.snapshot.auto.trigger.enabled = true (custom)
2019-09-19 08:58:48,244 [pool-49-thread-1] INFO  server.RaftServerConfigKeys (ConfUtils.java:logGet(43)) - raft.server.snapshot.auto.trigger.threshold = 10000 (custom)
2019-09-19 08:58:48,244 [pool-49-thread-1] INFO  server.RaftServerConfigKeys (ConfUtils.java:logGet(43)) - raft.server.retrycache.expirytime = 600000ms (custom)
2019-09-19 08:58:48,245 [pool-49-thread-1] INFO  impl.RaftServerImpl (RaftServerImpl.java:start(180)) - 321bf75e-33b0-422d-8e21-c4d69826ca09: start group-E899794698B1
2019-09-19 08:58:48,245 [pool-49-thread-1] INFO  impl.RaftServerImpl (RaftServerImpl.java:setRole(171)) - 321bf75e-33b0-422d-8e21-c4d69826ca09:group-E899794698B1 changes role from null to FOLLOWER at term 0 for startAsFollower
2019-09-19 08:58:48,245 [pool-49-thread-1] INFO  impl.RoleInfo (RoleInfo.java:updateAndGet(143)) - 321bf75e-33b0-422d-8e21-c4d69826ca09: start FollowerState
2019-09-19 08:58:48,245 [pool-49-thread-1] INFO  util.JmxRegister (JmxRegister.java:tryRegister(44)) - Successfully registered JMX Bean with object name Ratis:service=RaftServer,group=group-E899794698B1,id=321bf75e-33b0-422d-8e21-c4d69826ca09
2019-09-19 08:58:48,250 [RatisPipelineUtilsThread] INFO  pipeline.PipelineStateManager (PipelineStateManager.java:addPipeline(56)) - Created pipeline Pipeline[ Id: 0e1b402f-e08b-4fe8-954e-e899794698b1, Nodes: 321bf75e-33b0-422d-8e21-c4d69826ca09{ip: 192.168.157.204, host: pr-hdds-1569-cpgw4-1311585219, networkLocation: /default-rack, certSerialId: null}, Type:RATIS, Factor:ONE, State:OPEN]
2019-09-19 08:58:48,252 [RatisPipelineUtilsThread] ERROR pipeline.PipelinePlacementPolicy (PipelinePlacementPolicy.java:meetCriteria(91)) - Pipeline Placement: Doesn't meet the criteria to be viable node. Heaviness: 6
2019-09-19 08:58:48,252 [RatisPipelineUtilsThread] ERROR pipeline.PipelinePlacementPolicy (PipelinePlacementPolicy.java:meetCriteria(91)) - Pipeline Placement: Doesn't meet the criteria to be viable node. Heaviness: 6
2019-09-19 08:58:48,266 [grpc-default-executor-0] INFO  impl.RaftServerProxy (RaftServerProxy.java:addNew(89)) - 9f9bfdf2-fb95-4329-a3ea-1e2fab5cdfa8: addNew group-50EA58159E28:[9f9bfdf2-fb95-4329-a3ea-1e2fab5cdfa8:192.168.157.204:40844] returns group-50EA58159E28:java.util.concurrent.CompletableFuture@786da3ab[Not completed]
2019-09-19 08:58:48,267 [pool-38-thread-1] INFO  impl.RaftServerImpl (RaftServerImpl.java:<init>(93)) - 9f9bfdf2-fb95-4329-a3ea-1e2fab5cdfa8: new RaftServerImpl for group-50EA58159E28:[9f9bfdf2-fb95-4329-a3ea-1e2fab5cdfa8:192.168.157.204:40844] with ContainerStateMachine:uninitialized
2019-09-19 08:58:48,268 [pool-38-thread-1] INFO  server.RaftServerConfigKeys (ConfUtils.java:logGet(43)) - raft.server.rpc.timeout.min = 5s (custom)
2019-09-19 08:58:48,268 [pool-38-thread-1] INFO  server.RaftServerConfigKeys (ConfUtils.java:logGet(43)) - raft.server.rpc.timeout.max = 5200ms (custom)
2019-09-19 08:58:48,268 [pool-38-thread-1] INFO  server.RaftServerConfigKeys (ConfUtils.java:logGet(43)) - raft.server.rpcslowness.timeout = 120s (custom)
2019-09-19 08:58:48,268 [pool-38-thread-1] INFO  server.RaftServerConfigKeys (ConfUtils.java:logGet(43)) - raft.server.sleep.deviation.threshold = 300 (default)
2019-09-19 08:58:48,268 [pool-38-thread-1] INFO  server.RaftServerConfigKeys (ConfUtils.java:logGet(43)) - raft.server.log.appender.install.snapshot.enabled = false (custom)
2019-09-19 08:58:48,268 [pool-38-thread-1] INFO  impl.RaftServerImpl (ServerState.java:<init>(105)) - 9f9bfdf2-fb95-4329-a3ea-1e2fab5cdfa8:group-50EA58159E28 ConfigurationManager, init=-1: [9f9bfdf2-fb95-4329-a3ea-1e2fab5cdfa8:192.168.157.204:40844], old=null, confs=<EMPTY_MAP>
2019-09-19 08:58:48,269 [pool-38-thread-1] INFO  server.RaftServerConfigKeys (ConfUtils.java:logGet(43)) - raft.server.storage.dir = [/workdir/hadoop-ozone/integration-test/target/test-dir/MiniOzoneClusterImpl-bdb48ef2-e70a-4dc5-a65a-dd2ce314b41a/datanode-1/data/ratis] (custom)
2019-09-19 08:58:48,269 [pool-38-thread-1] INFO  storage.RaftStorageDirectory (RaftStorageDirectory.java:analyzeStorage(246)) - The storage directory /workdir/hadoop-ozone/integration-test/target/test-dir/MiniOzoneClusterImpl-bdb48ef2-e70a-4dc5-a65a-dd2ce314b41a/datanode-1/data/ratis/ba860510-510f-4876-a4d7-50ea58159e28 does not exist. Creating ...
2019-09-19 08:58:48,282 [pool-38-thread-1] INFO  storage.RaftStorageDirectory (RaftStorageDirectory.java:tryLock(328)) - Lock on /workdir/hadoop-ozone/integration-test/target/test-dir/MiniOzoneClusterImpl-bdb48ef2-e70a-4dc5-a65a-dd2ce314b41a/datanode-1/data/ratis/ba860510-510f-4876-a4d7-50ea58159e28/in_use.lock acquired by nodename 32528@pr-hdds-1569-cpgw4-1311585219
2019-09-19 08:58:48,295 [pool-38-thread-1] INFO  storage.RaftStorage (RaftStorage.java:format(72)) - Storage directory /workdir/hadoop-ozone/integration-test/target/test-dir/MiniOzoneClusterImpl-bdb48ef2-e70a-4dc5-a65a-dd2ce314b41a/datanode-1/data/ratis/ba860510-510f-4876-a4d7-50ea58159e28 has been successfully formatted.
2019-09-19 08:58:48,295 [pool-38-thread-1] INFO  ratis.ContainerStateMachine (ContainerStateMachine.java:loadSnapshot(226)) - group-50EA58159E28: The snapshot info is null. Setting the last applied indexto:(t:0, i:~)
2019-09-19 08:58:48,296 [pool-38-thread-1] INFO  server.RaftServerConfigKeys (ConfUtils.java:logGet(43)) - raft.server.leader.election.timeout = 120s (custom)
2019-09-19 08:58:48,296 [pool-38-thread-1] INFO  server.RaftServerConfigKeys (ConfUtils.java:logGet(43)) - raft.server.log.use.memory = false (default)
2019-09-19 08:58:48,296 [pool-38-thread-1] INFO  server.RaftServerConfigKeys (ConfUtils.java:logGet(43)) - raft.server.log.purge.gap = 1000000 (custom)
2019-09-19 08:58:48,296 [pool-38-thread-1] INFO  server.RaftServerConfigKeys (ConfUtils.java:logGet(43)) - raft.server.log.appender.buffer.byte-limit = 33554432 (custom)
2019-09-19 08:58:48,296 [pool-38-thread-1] INFO  server.RaftServerConfigKeys (ConfUtils.java:logGet(43)) - raft.server.log.segment.size.max = 1048576 (custom)
2019-09-19 08:58:48,296 [pool-38-thread-1] INFO  server.RaftServerConfigKeys (ConfUtils.java:logGet(43)) - raft.server.log.segment.cache.num.max = 2 (custom)
2019-09-19 08:58:48,297 [pool-38-thread-1] INFO  segmented.SegmentedRaftLogWorker (SegmentedRaftLogWorker.java:<init>(172)) - new 9f9bfdf2-fb95-4329-a3ea-1e2fab5cdfa8-SegmentedRaftLogWorker:Storage Directory /workdir/hadoop-ozone/integration-test/target/test-dir/MiniOzoneClusterImpl-bdb48ef2-e70a-4dc5-a65a-dd2ce314b41a/datanode-1/data/ratis/ba860510-510f-4876-a4d7-50ea58159e28 for RaftStorage:Storage Directory /workdir/hadoop-ozone/integration-test/target/test-dir/MiniOzoneClusterImpl-bdb48ef2-e70a-4dc5-a65a-dd2ce314b41a/datanode-1/data/ratis/ba860510-510f-4876-a4d7-50ea58159e28
2019-09-19 08:58:48,297 [pool-38-thread-1] INFO  server.RaftServerConfigKeys (ConfUtils.java:logGet(43)) - raft.server.log.queue.byte-limit = 2147483647 (custom)
2019-09-19 08:58:48,297 [pool-38-thread-1] INFO  server.RaftServerConfigKeys (ConfUtils.java:logGet(43)) - raft.server.log.queue.element-limit = 1024 (custom)
2019-09-19 08:58:48,297 [pool-38-thread-1] INFO  server.RaftServerConfigKeys (ConfUtils.java:logGet(43)) - raft.server.log.segment.size.max = 1048576 (custom)
2019-09-19 08:58:48,297 [pool-38-thread-1] INFO  server.RaftServerConfigKeys (ConfUtils.java:logGet(43)) - raft.server.log.preallocated.size = 16384 (custom)
2019-09-19 08:58:48,297 [pool-38-thread-1] INFO  server.RaftServerConfigKeys (ConfUtils.java:logGet(43)) - raft.server.log.write.buffer.size = 33554432 (custom)
2019-09-19 08:58:48,298 [pool-38-thread-1] INFO  server.RaftServerConfigKeys (ConfUtils.java:logGet(43)) - raft.server.log.force.sync.num = 128 (default)
2019-09-19 08:58:48,298 [pool-38-thread-1] INFO  server.RaftServerConfigKeys (ConfUtils.java:logGet(43)) - raft.server.log.statemachine.data.sync = true (default)
2019-09-19 08:58:48,298 [pool-38-thread-1] INFO  server.RaftServerConfigKeys (ConfUtils.java:logGet(43)) - raft.server.log.statemachine.data.sync.timeout = 10s (default)
2019-09-19 08:58:48,298 [pool-38-thread-1] INFO  server.RaftServerConfigKeys (ConfUtils.java:logGet(43)) - raft.server.log.statemachine.data.sync.timeout.retry = -1 (default)
2019-09-19 08:58:48,298 [pool-38-thread-1] INFO  server.RaftServerConfigKeys (ConfUtils.java:logGet(43)) - raft.server.log.statemachine.data.caching.enabled = true (custom)
2019-09-19 08:58:48,299 [pool-38-thread-1] INFO  segmented.SegmentedRaftLogWorker (SegmentedRaftLogWorker.java:lambda$new$0(132)) - 9f9bfdf2-fb95-4329-a3ea-1e2fab5cdfa8-SegmentedRaftLogWorker:Storage Directory /workdir/hadoop-ozone/integration-test/target/test-dir/MiniOzoneClusterImpl-bdb48ef2-e70a-4dc5-a65a-dd2ce314b41a/datanode-1/data/ratis/ba860510-510f-4876-a4d7-50ea58159e28: flushIndex: setUnconditionally 0 -> -1
2019-09-19 08:58:48,299 [pool-38-thread-1] INFO  server.RaftServerConfigKeys (ConfUtils.java:logGet(43)) - raft.server.snapshot.auto.trigger.enabled = true (custom)
2019-09-19 08:58:48,299 [pool-38-thread-1] INFO  server.RaftServerConfigKeys (ConfUtils.java:logGet(43)) - raft.server.snapshot.auto.trigger.threshold = 10000 (custom)
2019-09-19 08:58:48,299 [pool-38-thread-1] INFO  server.RaftServerConfigKeys (ConfUtils.java:logGet(43)) - raft.server.retrycache.expirytime = 600000ms (custom)
2019-09-19 08:58:48,301 [pool-38-thread-1] INFO  impl.RaftServerImpl (RaftServerImpl.java:start(180)) - 9f9bfdf2-fb95-4329-a3ea-1e2fab5cdfa8: start group-50EA58159E28
2019-09-19 08:58:48,301 [pool-38-thread-1] INFO  impl.RaftServerImpl (RaftServerImpl.java:setRole(171)) - 9f9bfdf2-fb95-4329-a3ea-1e2fab5cdfa8:group-50EA58159E28 changes role from null to FOLLOWER at term 0 for startAsFollower
2019-09-19 08:58:48,301 [pool-38-thread-1] INFO  impl.RoleInfo (RoleInfo.java:updateAndGet(143)) - 9f9bfdf2-fb95-4329-a3ea-1e2fab5cdfa8: start FollowerState
2019-09-19 08:58:48,301 [pool-38-thread-1] INFO  util.JmxRegister (JmxRegister.java:tryRegister(44)) - Successfully registered JMX Bean with object name Ratis:service=RaftServer,group=group-50EA58159E28,id=9f9bfdf2-fb95-4329-a3ea-1e2fab5cdfa8
2019-09-19 08:58:48,301 | INFO  | SCMAudit | user=jenkins1000 | ip=192.168.157.204 | op=SEND_HEARTBEAT {datanodeUUID=9f9bfdf2-fb95-4329-a3ea-1e2fab5cdfa8, command=[]} | ret=SUCCESS |  
2019-09-19 08:58:48,305 [RatisPipelineUtilsThread] INFO  pipeline.PipelineStateManager (PipelineStateManager.java:addPipeline(56)) - Created pipeline Pipeline[ Id: ba860510-510f-4876-a4d7-50ea58159e28, Nodes: 9f9bfdf2-fb95-4329-a3ea-1e2fab5cdfa8{ip: 192.168.157.204, host: pr-hdds-1569-cpgw4-1311585219, networkLocation: /default-rack, certSerialId: null}, Type:RATIS, Factor:ONE, State:OPEN]
2019-09-19 08:58:48,307 [RatisPipelineUtilsThread] ERROR pipeline.PipelinePlacementPolicy (PipelinePlacementPolicy.java:meetCriteria(91)) - Pipeline Placement: Doesn't meet the criteria to be viable node. Heaviness: 6
2019-09-19 08:58:48,307 [RatisPipelineUtilsThread] ERROR pipeline.PipelinePlacementPolicy (PipelinePlacementPolicy.java:meetCriteria(91)) - Pipeline Placement: Doesn't meet the criteria to be viable node. Heaviness: 6
2019-09-19 08:58:48,315 [grpc-default-executor-0] INFO  impl.RaftServerProxy (RaftServerProxy.java:addNew(89)) - 9f9bfdf2-fb95-4329-a3ea-1e2fab5cdfa8: addNew group-4FAEC32AFCB4:[9f9bfdf2-fb95-4329-a3ea-1e2fab5cdfa8:192.168.157.204:40844] returns group-4FAEC32AFCB4:java.util.concurrent.CompletableFuture@61471a16[Not completed]
2019-09-19 08:58:48,316 [pool-38-thread-1] INFO  impl.RaftServerImpl (RaftServerImpl.java:<init>(93)) - 9f9bfdf2-fb95-4329-a3ea-1e2fab5cdfa8: new RaftServerImpl for group-4FAEC32AFCB4:[9f9bfdf2-fb95-4329-a3ea-1e2fab5cdfa8:192.168.157.204:40844] with ContainerStateMachine:uninitialized
2019-09-19 08:58:48,316 [pool-38-thread-1] INFO  server.RaftServerConfigKeys (ConfUtils.java:logGet(43)) - raft.server.rpc.timeout.min = 5s (custom)
2019-09-19 08:58:48,317 [pool-38-thread-1] INFO  server.RaftServerConfigKeys (ConfUtils.java:logGet(43)) - raft.server.rpc.timeout.max = 5200ms (custom)
2019-09-19 08:58:48,317 [pool-38-thread-1] INFO  server.RaftServerConfigKeys (ConfUtils.java:logGet(43)) - raft.server.rpcslowness.timeout = 120s (custom)
2019-09-19 08:58:48,317 [pool-38-thread-1] INFO  server.RaftServerConfigKeys (ConfUtils.java:logGet(43)) - raft.server.sleep.deviation.threshold = 300 (default)
2019-09-19 08:58:48,317 [pool-38-thread-1] INFO  server.RaftServerConfigKeys (ConfUtils.java:logGet(43)) - raft.server.log.appender.install.snapshot.enabled = false (custom)
2019-09-19 08:58:48,317 [pool-38-thread-1] INFO  impl.RaftServerImpl (ServerState.java:<init>(105)) - 9f9bfdf2-fb95-4329-a3ea-1e2fab5cdfa8:group-4FAEC32AFCB4 ConfigurationManager, init=-1: [9f9bfdf2-fb95-4329-a3ea-1e2fab5cdfa8:192.168.157.204:40844], old=null, confs=<EMPTY_MAP>
2019-09-19 08:58:48,317 [pool-38-thread-1] INFO  server.RaftServerConfigKeys (ConfUtils.java:logGet(43)) - raft.server.storage.dir = [/workdir/hadoop-ozone/integration-test/target/test-dir/MiniOzoneClusterImpl-bdb48ef2-e70a-4dc5-a65a-dd2ce314b41a/datanode-1/data/ratis] (custom)
2019-09-19 08:58:48,318 [pool-38-thread-1] INFO  storage.RaftStorageDirectory (RaftStorageDirectory.java:analyzeStorage(246)) - The storage directory /workdir/hadoop-ozone/integration-test/target/test-dir/MiniOzoneClusterImpl-bdb48ef2-e70a-4dc5-a65a-dd2ce314b41a/datanode-1/data/ratis/d3a81628-e6b8-4f1a-9d70-4faec32afcb4 does not exist. Creating ...
2019-09-19 08:58:48,331 [pool-38-thread-1] INFO  storage.RaftStorageDirectory (RaftStorageDirectory.java:tryLock(328)) - Lock on /workdir/hadoop-ozone/integration-test/target/test-dir/MiniOzoneClusterImpl-bdb48ef2-e70a-4dc5-a65a-dd2ce314b41a/datanode-1/data/ratis/d3a81628-e6b8-4f1a-9d70-4faec32afcb4/in_use.lock acquired by nodename 32528@pr-hdds-1569-cpgw4-1311585219
2019-09-19 08:58:48,343 [pool-38-thread-1] INFO  storage.RaftStorage (RaftStorage.java:format(72)) - Storage directory /workdir/hadoop-ozone/integration-test/target/test-dir/MiniOzoneClusterImpl-bdb48ef2-e70a-4dc5-a65a-dd2ce314b41a/datanode-1/data/ratis/d3a81628-e6b8-4f1a-9d70-4faec32afcb4 has been successfully formatted.
2019-09-19 08:58:48,343 [pool-38-thread-1] INFO  ratis.ContainerStateMachine (ContainerStateMachine.java:loadSnapshot(226)) - group-4FAEC32AFCB4: The snapshot info is null. Setting the last applied indexto:(t:0, i:~)
2019-09-19 08:58:48,343 [pool-38-thread-1] INFO  server.RaftServerConfigKeys (ConfUtils.java:logGet(43)) - raft.server.leader.election.timeout = 120s (custom)
2019-09-19 08:58:48,344 [pool-38-thread-1] INFO  server.RaftServerConfigKeys (ConfUtils.java:logGet(43)) - raft.server.log.use.memory = false (default)
2019-09-19 08:58:48,344 [pool-38-thread-1] INFO  server.RaftServerConfigKeys (ConfUtils.java:logGet(43)) - raft.server.log.purge.gap = 1000000 (custom)
2019-09-19 08:58:48,344 [pool-38-thread-1] INFO  server.RaftServerConfigKeys (ConfUtils.java:logGet(43)) - raft.server.log.appender.buffer.byte-limit = 33554432 (custom)
2019-09-19 08:58:48,344 [pool-38-thread-1] INFO  server.RaftServerConfigKeys (ConfUtils.java:logGet(43)) - raft.server.log.segment.size.max = 1048576 (custom)
2019-09-19 08:58:48,344 [pool-38-thread-1] INFO  server.RaftServerConfigKeys (ConfUtils.java:logGet(43)) - raft.server.log.segment.cache.num.max = 2 (custom)
2019-09-19 08:58:48,344 [pool-38-thread-1] INFO  segmented.SegmentedRaftLogWorker (SegmentedRaftLogWorker.java:<init>(172)) - new 9f9bfdf2-fb95-4329-a3ea-1e2fab5cdfa8-SegmentedRaftLogWorker:Storage Directory /workdir/hadoop-ozone/integration-test/target/test-dir/MiniOzoneClusterImpl-bdb48ef2-e70a-4dc5-a65a-dd2ce314b41a/datanode-1/data/ratis/d3a81628-e6b8-4f1a-9d70-4faec32afcb4 for RaftStorage:Storage Directory /workdir/hadoop-ozone/integration-test/target/test-dir/MiniOzoneClusterImpl-bdb48ef2-e70a-4dc5-a65a-dd2ce314b41a/datanode-1/data/ratis/d3a81628-e6b8-4f1a-9d70-4faec32afcb4
2019-09-19 08:58:48,344 [pool-38-thread-1] INFO  server.RaftServerConfigKeys (ConfUtils.java:logGet(43)) - raft.server.log.queue.byte-limit = 2147483647 (custom)
2019-09-19 08:58:48,344 [pool-38-thread-1] INFO  server.RaftServerConfigKeys (ConfUtils.java:logGet(43)) - raft.server.log.queue.element-limit = 1024 (custom)
2019-09-19 08:58:48,345 [pool-38-thread-1] INFO  server.RaftServerConfigKeys (ConfUtils.java:logGet(43)) - raft.server.log.segment.size.max = 1048576 (custom)
2019-09-19 08:58:48,345 [pool-38-thread-1] INFO  server.RaftServerConfigKeys (ConfUtils.java:logGet(43)) - raft.server.log.preallocated.size = 16384 (custom)
2019-09-19 08:58:48,345 [pool-38-thread-1] INFO  server.RaftServerConfigKeys (ConfUtils.java:logGet(43)) - raft.server.log.write.buffer.size = 33554432 (custom)
2019-09-19 08:58:48,345 [pool-38-thread-1] INFO  server.RaftServerConfigKeys (ConfUtils.java:logGet(43)) - raft.server.log.force.sync.num = 128 (default)
2019-09-19 08:58:48,345 [pool-38-thread-1] INFO  server.RaftServerConfigKeys (ConfUtils.java:logGet(43)) - raft.server.log.statemachine.data.sync = true (default)
2019-09-19 08:58:48,345 [pool-38-thread-1] INFO  server.RaftServerConfigKeys (ConfUtils.java:logGet(43)) - raft.server.log.statemachine.data.sync.timeout = 10s (default)
2019-09-19 08:58:48,345 [pool-38-thread-1] INFO  server.RaftServerConfigKeys (ConfUtils.java:logGet(43)) - raft.server.log.statemachine.data.sync.timeout.retry = -1 (default)
2019-09-19 08:58:48,345 [pool-38-thread-1] INFO  server.RaftServerConfigKeys (ConfUtils.java:logGet(43)) - raft.server.log.statemachine.data.caching.enabled = true (custom)
2019-09-19 08:58:48,346 [pool-38-thread-1] INFO  segmented.SegmentedRaftLogWorker (SegmentedRaftLogWorker.java:lambda$new$0(132)) - 9f9bfdf2-fb95-4329-a3ea-1e2fab5cdfa8-SegmentedRaftLogWorker:Storage Directory /workdir/hadoop-ozone/integration-test/target/test-dir/MiniOzoneClusterImpl-bdb48ef2-e70a-4dc5-a65a-dd2ce314b41a/datanode-1/data/ratis/d3a81628-e6b8-4f1a-9d70-4faec32afcb4: flushIndex: setUnconditionally 0 -> -1
2019-09-19 08:58:48,346 [pool-38-thread-1] INFO  server.RaftServerConfigKeys (ConfUtils.java:logGet(43)) - raft.server.snapshot.auto.trigger.enabled = true (custom)
2019-09-19 08:58:48,346 [pool-38-thread-1] INFO  server.RaftServerConfigKeys (ConfUtils.java:logGet(43)) - raft.server.snapshot.auto.trigger.threshold = 10000 (custom)
2019-09-19 08:58:48,346 [pool-38-thread-1] INFO  server.RaftServerConfigKeys (ConfUtils.java:logGet(43)) - raft.server.retrycache.expirytime = 600000ms (custom)
2019-09-19 08:58:48,346 [pool-38-thread-1] INFO  impl.RaftServerImpl (RaftServerImpl.java:start(180)) - 9f9bfdf2-fb95-4329-a3ea-1e2fab5cdfa8: start group-4FAEC32AFCB4
2019-09-19 08:58:48,347 [pool-38-thread-1] INFO  impl.RaftServerImpl (RaftServerImpl.java:setRole(171)) - 9f9bfdf2-fb95-4329-a3ea-1e2fab5cdfa8:group-4FAEC32AFCB4 changes role from null to FOLLOWER at term 0 for startAsFollower
2019-09-19 08:58:48,347 [pool-38-thread-1] INFO  impl.RoleInfo (RoleInfo.java:updateAndGet(143)) - 9f9bfdf2-fb95-4329-a3ea-1e2fab5cdfa8: start FollowerState
2019-09-19 08:58:48,347 [pool-38-thread-1] INFO  util.JmxRegister (JmxRegister.java:tryRegister(44)) - Successfully registered JMX Bean with object name Ratis:service=RaftServer,group=group-4FAEC32AFCB4,id=9f9bfdf2-fb95-4329-a3ea-1e2fab5cdfa8
2019-09-19 08:58:48,352 [RatisPipelineUtilsThread] INFO  pipeline.PipelineStateManager (PipelineStateManager.java:addPipeline(56)) - Created pipeline Pipeline[ Id: d3a81628-e6b8-4f1a-9d70-4faec32afcb4, Nodes: 9f9bfdf2-fb95-4329-a3ea-1e2fab5cdfa8{ip: 192.168.157.204, host: pr-hdds-1569-cpgw4-1311585219, networkLocation: /default-rack, certSerialId: null}, Type:RATIS, Factor:ONE, State:OPEN]
2019-09-19 08:58:48,353 [RatisPipelineUtilsThread] ERROR pipeline.PipelinePlacementPolicy (PipelinePlacementPolicy.java:meetCriteria(91)) - Pipeline Placement: Doesn't meet the criteria to be viable node. Heaviness: 6
2019-09-19 08:58:48,354 [RatisPipelineUtilsThread] ERROR pipeline.PipelinePlacementPolicy (PipelinePlacementPolicy.java:meetCriteria(91)) - Pipeline Placement: Doesn't meet the criteria to be viable node. Heaviness: 6
2019-09-19 08:58:48,354 [RatisPipelineUtilsThread] ERROR pipeline.PipelinePlacementPolicy (PipelinePlacementPolicy.java:meetCriteria(91)) - Pipeline Placement: Doesn't meet the criteria to be viable node. Heaviness: 6
2019-09-19 08:58:48,354 [RatisPipelineUtilsThread] ERROR pipeline.PipelinePlacementPolicy (PipelinePlacementPolicy.java:filterViableNodes(146)) - Unable to find enough nodes that meet the criteria that cannot engage in more than 5 pipelines. Nodes required: 1 Found: 0, healthy nodes count inNodeManager: 3.
2019-09-19 08:58:48,355 [RatisPipelineUtilsThread] ERROR pipeline.SCMPipelineManager (SCMPipelineManager.java:createPipeline(161)) - Pipeline creation failed due to exception: Unable to find enough nodes that meet the criteria that cannot engage in more than 5 pipelines. Nodes required: 1 Found: 0, healthy nodes count inNodeManager: 3.
2019-09-19 08:58:48,356 [RatisPipelineUtilsThread] ERROR pipeline.PipelinePlacementPolicy (PipelinePlacementPolicy.java:meetCriteria(91)) - Pipeline Placement: Doesn't meet the criteria to be viable node. Heaviness: 6
2019-09-19 08:58:48,356 [RatisPipelineUtilsThread] ERROR pipeline.PipelinePlacementPolicy (PipelinePlacementPolicy.java:meetCriteria(91)) - Pipeline Placement: Doesn't meet the criteria to be viable node. Heaviness: 6
2019-09-19 08:58:48,356 [RatisPipelineUtilsThread] ERROR pipeline.PipelinePlacementPolicy (PipelinePlacementPolicy.java:meetCriteria(91)) - Pipeline Placement: Doesn't meet the criteria to be viable node. Heaviness: 6
2019-09-19 08:58:48,356 [RatisPipelineUtilsThread] ERROR pipeline.PipelinePlacementPolicy (PipelinePlacementPolicy.java:filterViableNodes(146)) - Unable to find enough nodes that meet the criteria that cannot engage in more than 5 pipelines. Nodes required: 3 Found: 0, healthy nodes count inNodeManager: 3.
2019-09-19 08:58:48,356 [RatisPipelineUtilsThread] ERROR pipeline.SCMPipelineManager (SCMPipelineManager.java:createPipeline(161)) - Pipeline creation failed due to exception: Unable to find enough nodes that meet the criteria that cannot engage in more than 5 pipelines. Nodes required: 3 Found: 0, healthy nodes count inNodeManager: 3.
2019-09-19 08:58:48,358 [RatisPipelineUtilsThread] ERROR pipeline.PipelinePlacementPolicy (PipelinePlacementPolicy.java:meetCriteria(91)) - Pipeline Placement: Doesn't meet the criteria to be viable node. Heaviness: 6
2019-09-19 08:58:48,359 [RatisPipelineUtilsThread] ERROR pipeline.PipelinePlacementPolicy (PipelinePlacementPolicy.java:meetCriteria(91)) - Pipeline Placement: Doesn't meet the criteria to be viable node. Heaviness: 6
2019-09-19 08:58:48,359 [RatisPipelineUtilsThread] ERROR pipeline.PipelinePlacementPolicy (PipelinePlacementPolicy.java:meetCriteria(91)) - Pipeline Placement: Doesn't meet the criteria to be viable node. Heaviness: 6
2019-09-19 08:58:48,359 [RatisPipelineUtilsThread] ERROR pipeline.PipelinePlacementPolicy (PipelinePlacementPolicy.java:filterViableNodes(146)) - Unable to find enough nodes that meet the criteria that cannot engage in more than 5 pipelines. Nodes required: 1 Found: 0, healthy nodes count inNodeManager: 3.
2019-09-19 08:58:48,359 [RatisPipelineUtilsThread] ERROR pipeline.SCMPipelineManager (SCMPipelineManager.java:createPipeline(161)) - Pipeline creation failed due to exception: Unable to find enough nodes that meet the criteria that cannot engage in more than 5 pipelines. Nodes required: 1 Found: 0, healthy nodes count inNodeManager: 3.
2019-09-19 08:58:48,359 [RatisPipelineUtilsThread] ERROR pipeline.PipelinePlacementPolicy (PipelinePlacementPolicy.java:meetCriteria(91)) - Pipeline Placement: Doesn't meet the criteria to be viable node. Heaviness: 6
2019-09-19 08:58:48,360 [RatisPipelineUtilsThread] ERROR pipeline.PipelinePlacementPolicy (PipelinePlacementPolicy.java:meetCriteria(91)) - Pipeline Placement: Doesn't meet the criteria to be viable node. Heaviness: 6
2019-09-19 08:58:48,360 [RatisPipelineUtilsThread] ERROR pipeline.PipelinePlacementPolicy (PipelinePlacementPolicy.java:meetCriteria(91)) - Pipeline Placement: Doesn't meet the criteria to be viable node. Heaviness: 6
2019-09-19 08:58:48,360 [RatisPipelineUtilsThread] ERROR pipeline.PipelinePlacementPolicy (PipelinePlacementPolicy.java:filterViableNodes(146)) - Unable to find enough nodes that meet the criteria that cannot engage in more than 5 pipelines. Nodes required: 3 Found: 0, healthy nodes count inNodeManager: 3.
2019-09-19 08:58:48,360 [RatisPipelineUtilsThread] ERROR pipeline.SCMPipelineManager (SCMPipelineManager.java:createPipeline(161)) - Pipeline creation failed due to exception: Unable to find enough nodes that meet the criteria that cannot engage in more than 5 pipelines. Nodes required: 3 Found: 0, healthy nodes count inNodeManager: 3.
2019-09-19 08:58:48,379 | INFO  | SCMAudit | user=jenkins1000 | ip=192.168.157.204 | op=ALLOCATE_BLOCK {owner=efe9a8fd-f8e5-4e77-a17e-e9dcb5062aad, size=4194304, type=RATIS, factor=ONE} | ret=SUCCESS |  
2019-09-19 08:58:48,410 | INFO  | OMAudit | user=jenkins1000 | ip=127.0.0.1 | op=ALLOCATE_KEY {volume=c88890d9-215d-44ae-99aa-6f486cc40630, bucket=64746d3a-c3d2-4d45-b006-e88abc83042d, key=0c98433b-56dc-4984-be59-fa5372f0a657, dataSize=36, replicationType=RATIS, replicationFactor=ONE, keyLocationInfo=null} | ret=SUCCESS |  
2019-09-19 08:58:48,446 [main] INFO  impl.MetricsSystemImpl (MetricsSystemImpl.java:init(158)) - XceiverClientMetrics metrics system started (again)
2019-09-19 08:58:48,549 [grpc-default-executor-1] INFO  client.GrpcClientProtocolClient (GrpcClientProtocolClient.java:onNext(255)) - client-FEEAE0F0EA78->321bf75e-33b0-422d-8e21-c4d69826ca09: receive RaftClientReply:client-FEEAE0F0EA78->321bf75e-33b0-422d-8e21-c4d69826ca09@group-C222C6739E96, cid=18, FAILED org.apache.ratis.protocol.NotLeaderException: Server 321bf75e-33b0-422d-8e21-c4d69826ca09 is not the leader (null). Request must be sent to leader., logIndex=0, commits[321bf75e-33b0-422d-8e21-c4d69826ca09:c-1]
2019-09-19 08:58:48,564 | INFO  | SCMAudit | user=jenkins1000 | ip=192.168.157.204 | op=SEND_HEARTBEAT {datanodeUUID=321bf75e-33b0-422d-8e21-c4d69826ca09, command=[]} | ret=SUCCESS |  
2019-09-19 08:58:49,064 | INFO  | SCMAudit | user=jenkins1000 | ip=192.168.157.204 | op=SEND_HEARTBEAT {datanodeUUID=e5bbaf13-f86a-4f92-8b58-de40c00137a1, command=[]} | ret=SUCCESS |  
2019-09-19 08:58:49,111 [Thread-177] INFO  container.ReplicationManager (ReplicationManager.java:start(151)) - Starting Replication Monitor Thread.
2019-09-19 08:58:49,116 [ReplicationMonitor] INFO  container.ReplicationManager (ReplicationManager.java:run(214)) - Replication Monitor Thread took 4 milliseconds for processing 1 containers.
2019-09-19 08:58:49,302 | INFO  | SCMAudit | user=jenkins1000 | ip=192.168.157.204 | op=SEND_HEARTBEAT {datanodeUUID=9f9bfdf2-fb95-4329-a3ea-1e2fab5cdfa8, command=[]} | ret=SUCCESS |  
2019-09-19 08:58:49,573 | INFO  | SCMAudit | user=jenkins1000 | ip=192.168.157.204 | op=SEND_HEARTBEAT {datanodeUUID=321bf75e-33b0-422d-8e21-c4d69826ca09, command=[]} | ret=SUCCESS |  
2019-09-19 08:58:50,063 | INFO  | SCMAudit | user=jenkins1000 | ip=192.168.157.204 | op=SEND_HEARTBEAT {datanodeUUID=e5bbaf13-f86a-4f92-8b58-de40c00137a1, command=[]} | ret=SUCCESS |  
2019-09-19 08:58:50,303 | INFO  | SCMAudit | user=jenkins1000 | ip=192.168.157.204 | op=SEND_HEARTBEAT {datanodeUUID=9f9bfdf2-fb95-4329-a3ea-1e2fab5cdfa8, command=[]} | ret=SUCCESS |  
2019-09-19 08:58:50,566 | INFO  | SCMAudit | user=jenkins1000 | ip=192.168.157.204 | op=SEND_HEARTBEAT {datanodeUUID=321bf75e-33b0-422d-8e21-c4d69826ca09, command=[]} | ret=SUCCESS |  
2019-09-19 08:58:50,590 [grpc-default-executor-1] INFO  client.GrpcClientProtocolClient (GrpcClientProtocolClient.java:onNext(255)) - client-FEEAE0F0EA78->321bf75e-33b0-422d-8e21-c4d69826ca09: receive RaftClientReply:client-FEEAE0F0EA78->321bf75e-33b0-422d-8e21-c4d69826ca09@group-C222C6739E96, cid=18, FAILED org.apache.ratis.protocol.NotLeaderException: Server 321bf75e-33b0-422d-8e21-c4d69826ca09 is not the leader (null). Request must be sent to leader., logIndex=0, commits[321bf75e-33b0-422d-8e21-c4d69826ca09:c-1]
2019-09-19 08:58:51,064 | INFO  | SCMAudit | user=jenkins1000 | ip=192.168.157.204 | op=SEND_HEARTBEAT {datanodeUUID=e5bbaf13-f86a-4f92-8b58-de40c00137a1, command=[]} | ret=SUCCESS |  
2019-09-19 08:58:51,303 | INFO  | SCMAudit | user=jenkins1000 | ip=192.168.157.204 | op=SEND_HEARTBEAT {datanodeUUID=9f9bfdf2-fb95-4329-a3ea-1e2fab5cdfa8, command=[]} | ret=SUCCESS |  
2019-09-19 08:58:51,564 | INFO  | SCMAudit | user=jenkins1000 | ip=192.168.157.204 | op=SEND_HEARTBEAT {datanodeUUID=321bf75e-33b0-422d-8e21-c4d69826ca09, command=[]} | ret=SUCCESS |  
2019-09-19 08:58:52,064 | INFO  | SCMAudit | user=jenkins1000 | ip=192.168.157.204 | op=SEND_HEARTBEAT {datanodeUUID=e5bbaf13-f86a-4f92-8b58-de40c00137a1, command=[]} | ret=SUCCESS |  
2019-09-19 08:58:52,304 | INFO  | SCMAudit | user=jenkins1000 | ip=192.168.157.204 | op=SEND_HEARTBEAT {datanodeUUID=9f9bfdf2-fb95-4329-a3ea-1e2fab5cdfa8, command=[]} | ret=SUCCESS |  
2019-09-19 08:58:52,358 [Thread-179] INFO  impl.FollowerState (FollowerState.java:run(106)) - e5bbaf13-f86a-4f92-8b58-de40c00137a1:group-188780A808ED changes to CANDIDATE, lastRpcTime:5145, electionTimeout:5145ms
2019-09-19 08:58:52,359 [Thread-179] INFO  impl.RoleInfo (RoleInfo.java:shutdownFollowerState(121)) - e5bbaf13-f86a-4f92-8b58-de40c00137a1: shutdown FollowerState
2019-09-19 08:58:52,359 [Thread-179] INFO  impl.RaftServerImpl (RaftServerImpl.java:setRole(171)) - e5bbaf13-f86a-4f92-8b58-de40c00137a1:group-188780A808ED changes role from FOLLOWER to CANDIDATE at term 0 for changeToCandidate
2019-09-19 08:58:52,365 [Thread-179] INFO  impl.RoleInfo (RoleInfo.java:updateAndGet(143)) - e5bbaf13-f86a-4f92-8b58-de40c00137a1: start LeaderElection
2019-09-19 08:58:52,383 [e5bbaf13-f86a-4f92-8b58-de40c00137a1:group-188780A808ED:LeaderElection1] INFO  impl.LeaderElection (LeaderElection.java:askForVotes(181)) - e5bbaf13-f86a-4f92-8b58-de40c00137a1:group-188780A808ED:LeaderElection1: begin an election at term 1 for -1: [e5bbaf13-f86a-4f92-8b58-de40c00137a1:192.168.157.204:33097], old=null
2019-09-19 08:58:52,388 [Thread-182] INFO  impl.FollowerState (FollowerState.java:run(106)) - 9f9bfdf2-fb95-4329-a3ea-1e2fab5cdfa8:group-CE6AFE67B012 changes to CANDIDATE, lastRpcTime:5024, electionTimeout:5020ms
2019-09-19 08:58:52,390 [Thread-182] INFO  impl.RoleInfo (RoleInfo.java:shutdownFollowerState(121)) - 9f9bfdf2-fb95-4329-a3ea-1e2fab5cdfa8: shutdown FollowerState
2019-09-19 08:58:52,390 [Thread-182] INFO  impl.RaftServerImpl (RaftServerImpl.java:setRole(171)) - 9f9bfdf2-fb95-4329-a3ea-1e2fab5cdfa8:group-CE6AFE67B012 changes role from FOLLOWER to CANDIDATE at term 0 for changeToCandidate
2019-09-19 08:58:52,391 [Thread-182] INFO  impl.RoleInfo (RoleInfo.java:updateAndGet(143)) - 9f9bfdf2-fb95-4329-a3ea-1e2fab5cdfa8: start LeaderElection
2019-09-19 08:58:52,395 [e5bbaf13-f86a-4f92-8b58-de40c00137a1:group-188780A808ED:LeaderElection1] INFO  impl.RoleInfo (RoleInfo.java:shutdownLeaderElection(134)) - e5bbaf13-f86a-4f92-8b58-de40c00137a1: shutdown LeaderElection
2019-09-19 08:58:52,395 [e5bbaf13-f86a-4f92-8b58-de40c00137a1:group-188780A808ED:LeaderElection1] INFO  impl.RaftServerImpl (RaftServerImpl.java:setRole(171)) - e5bbaf13-f86a-4f92-8b58-de40c00137a1:group-188780A808ED changes role from CANDIDATE to LEADER at term 1 for changeToLeader
2019-09-19 08:58:52,396 [e5bbaf13-f86a-4f92-8b58-de40c00137a1:group-188780A808ED:LeaderElection1] INFO  impl.RaftServerImpl (ServerState.java:setLeader(263)) - e5bbaf13-f86a-4f92-8b58-de40c00137a1:group-188780A808ED change Leader from null to e5bbaf13-f86a-4f92-8b58-de40c00137a1 at term 1 for becomeLeader, leader elected after 5254ms
2019-09-19 08:58:52,403 [e5bbaf13-f86a-4f92-8b58-de40c00137a1:group-188780A808ED:LeaderElection1] INFO  server.RaftServerConfigKeys (ConfUtils.java:logGet(43)) - raft.server.staging.catchup.gap = 1000 (default)
2019-09-19 08:58:52,403 [e5bbaf13-f86a-4f92-8b58-de40c00137a1:group-188780A808ED:LeaderElection1] INFO  server.RaftServerConfigKeys (ConfUtils.java:logGet(43)) - raft.server.rpc.sleep.time = 25ms (default)
2019-09-19 08:58:52,407 [e5bbaf13-f86a-4f92-8b58-de40c00137a1:group-188780A808ED:LeaderElection1] INFO  server.RaftServerConfigKeys (ConfUtils.java:logGet(43)) - raft.server.write.element-limit = 4096 (default)
2019-09-19 08:58:52,407 [9f9bfdf2-fb95-4329-a3ea-1e2fab5cdfa8:group-CE6AFE67B012:LeaderElection2] INFO  impl.LeaderElection (LeaderElection.java:askForVotes(181)) - 9f9bfdf2-fb95-4329-a3ea-1e2fab5cdfa8:group-CE6AFE67B012:LeaderElection2: begin an election at term 1 for -1: [9f9bfdf2-fb95-4329-a3ea-1e2fab5cdfa8:192.168.157.204:40844], old=null
2019-09-19 08:58:52,408 [9f9bfdf2-fb95-4329-a3ea-1e2fab5cdfa8:group-CE6AFE67B012:LeaderElection2] INFO  impl.RoleInfo (RoleInfo.java:shutdownLeaderElection(134)) - 9f9bfdf2-fb95-4329-a3ea-1e2fab5cdfa8: shutdown LeaderElection
2019-09-19 08:58:52,408 [9f9bfdf2-fb95-4329-a3ea-1e2fab5cdfa8:group-CE6AFE67B012:LeaderElection2] INFO  impl.RaftServerImpl (RaftServerImpl.java:setRole(171)) - 9f9bfdf2-fb95-4329-a3ea-1e2fab5cdfa8:group-CE6AFE67B012 changes role from CANDIDATE to LEADER at term 1 for changeToLeader
2019-09-19 08:58:52,408 [9f9bfdf2-fb95-4329-a3ea-1e2fab5cdfa8:group-CE6AFE67B012:LeaderElection2] INFO  impl.RaftServerImpl (ServerState.java:setLeader(263)) - 9f9bfdf2-fb95-4329-a3ea-1e2fab5cdfa8:group-CE6AFE67B012 change Leader from null to 9f9bfdf2-fb95-4329-a3ea-1e2fab5cdfa8 at term 1 for becomeLeader, leader elected after 5050ms
2019-09-19 08:58:52,409 [9f9bfdf2-fb95-4329-a3ea-1e2fab5cdfa8:group-CE6AFE67B012:LeaderElection2] INFO  server.RaftServerConfigKeys (ConfUtils.java:logGet(43)) - raft.server.staging.catchup.gap = 1000 (default)
2019-09-19 08:58:52,409 [9f9bfdf2-fb95-4329-a3ea-1e2fab5cdfa8:group-CE6AFE67B012:LeaderElection2] INFO  server.RaftServerConfigKeys (ConfUtils.java:logGet(43)) - raft.server.rpc.sleep.time = 25ms (default)
2019-09-19 08:58:52,409 [9f9bfdf2-fb95-4329-a3ea-1e2fab5cdfa8:group-CE6AFE67B012:LeaderElection2] INFO  server.RaftServerConfigKeys (ConfUtils.java:logGet(43)) - raft.server.write.element-limit = 4096 (default)
2019-09-19 08:58:52,411 [e5bbaf13-f86a-4f92-8b58-de40c00137a1:group-188780A808ED:LeaderElection1] INFO  server.RaftServerConfigKeys (ConfUtils.java:logGet(43)) - raft.server.watch.timeout = 10s (default)
2019-09-19 08:58:52,411 [9f9bfdf2-fb95-4329-a3ea-1e2fab5cdfa8:group-CE6AFE67B012:LeaderElection2] INFO  server.RaftServerConfigKeys (ConfUtils.java:logGet(43)) - raft.server.watch.timeout = 10s (default)
2019-09-19 08:58:52,411 [e5bbaf13-f86a-4f92-8b58-de40c00137a1:group-188780A808ED:LeaderElection1] INFO  server.RaftServerConfigKeys (ConfUtils.java:logGet(43)) - raft.server.watch.timeout.denomination = 1s (default)
2019-09-19 08:58:52,411 [9f9bfdf2-fb95-4329-a3ea-1e2fab5cdfa8:group-CE6AFE67B012:LeaderElection2] INFO  server.RaftServerConfigKeys (ConfUtils.java:logGet(43)) - raft.server.watch.timeout.denomination = 1s (default)
2019-09-19 08:58:52,412 [e5bbaf13-f86a-4f92-8b58-de40c00137a1:group-188780A808ED:LeaderElection1] INFO  server.RaftServerConfigKeys (ConfUtils.java:logGet(43)) - raft.server.watch.element-limit = 65536 (default)
2019-09-19 08:58:52,412 [9f9bfdf2-fb95-4329-a3ea-1e2fab5cdfa8:group-CE6AFE67B012:LeaderElection2] INFO  server.RaftServerConfigKeys (ConfUtils.java:logGet(43)) - raft.server.watch.element-limit = 65536 (default)
2019-09-19 08:58:52,426 [e5bbaf13-f86a-4f92-8b58-de40c00137a1:group-188780A808ED:LeaderElection1] INFO  impl.RoleInfo (RoleInfo.java:updateAndGet(143)) - e5bbaf13-f86a-4f92-8b58-de40c00137a1: start LeaderState
2019-09-19 08:58:52,426 [9f9bfdf2-fb95-4329-a3ea-1e2fab5cdfa8:group-CE6AFE67B012:LeaderElection2] INFO  impl.RoleInfo (RoleInfo.java:updateAndGet(143)) - 9f9bfdf2-fb95-4329-a3ea-1e2fab5cdfa8: start LeaderState
2019-09-19 08:58:52,450 [9f9bfdf2-fb95-4329-a3ea-1e2fab5cdfa8:group-CE6AFE67B012:LeaderElection2] INFO  segmented.SegmentedRaftLogWorker (SegmentedRaftLogWorker.java:startLogSegment(380)) - 9f9bfdf2-fb95-4329-a3ea-1e2fab5cdfa8-SegmentedRaftLogWorker:Storage Directory /workdir/hadoop-ozone/integration-test/target/test-dir/MiniOzoneClusterImpl-bdb48ef2-e70a-4dc5-a65a-dd2ce314b41a/datanode-1/data/ratis/3c67bcb7-7e99-48e0-835a-ce6afe67b012: Starting segment from index:0
2019-09-19 08:58:52,450 [e5bbaf13-f86a-4f92-8b58-de40c00137a1:group-188780A808ED:LeaderElection1] INFO  segmented.SegmentedRaftLogWorker (SegmentedRaftLogWorker.java:startLogSegment(380)) - e5bbaf13-f86a-4f92-8b58-de40c00137a1-SegmentedRaftLogWorker:Storage Directory /workdir/hadoop-ozone/integration-test/target/test-dir/MiniOzoneClusterImpl-bdb48ef2-e70a-4dc5-a65a-dd2ce314b41a/datanode-0/data/ratis/6397148f-b40d-4949-b689-188780a808ed: Starting segment from index:0
2019-09-19 08:58:52,460 [e5bbaf13-f86a-4f92-8b58-de40c00137a1:group-188780A808ED:LeaderElection1] INFO  impl.RaftServerImpl (ServerState.java:setRaftConf(361)) - e5bbaf13-f86a-4f92-8b58-de40c00137a1:group-188780A808ED set configuration 0: [e5bbaf13-f86a-4f92-8b58-de40c00137a1:192.168.157.204:33097], old=null at 0
2019-09-19 08:58:52,460 [9f9bfdf2-fb95-4329-a3ea-1e2fab5cdfa8:group-CE6AFE67B012:LeaderElection2] INFO  impl.RaftServerImpl (ServerState.java:setRaftConf(361)) - 9f9bfdf2-fb95-4329-a3ea-1e2fab5cdfa8:group-CE6AFE67B012 set configuration 0: [9f9bfdf2-fb95-4329-a3ea-1e2fab5cdfa8:192.168.157.204:40844], old=null at 0
2019-09-19 08:58:52,480 [Thread-185] INFO  impl.FollowerState (FollowerState.java:run(106)) - 321bf75e-33b0-422d-8e21-c4d69826ca09:group-678F01C847B5 changes to CANDIDATE, lastRpcTime:5037, electionTimeout:5037ms
2019-09-19 08:58:52,481 [Thread-185] INFO  impl.RoleInfo (RoleInfo.java:shutdownFollowerState(121)) - 321bf75e-33b0-422d-8e21-c4d69826ca09: shutdown FollowerState
2019-09-19 08:58:52,481 [Thread-185] INFO  impl.RaftServerImpl (RaftServerImpl.java:setRole(171)) - 321bf75e-33b0-422d-8e21-c4d69826ca09:group-678F01C847B5 changes role from FOLLOWER to CANDIDATE at term 0 for changeToCandidate
2019-09-19 08:58:52,481 [Thread-185] INFO  impl.RoleInfo (RoleInfo.java:updateAndGet(143)) - 321bf75e-33b0-422d-8e21-c4d69826ca09: start LeaderElection
2019-09-19 08:58:52,511 [321bf75e-33b0-422d-8e21-c4d69826ca09:group-678F01C847B5:LeaderElection3] INFO  impl.LeaderElection (LeaderElection.java:askForVotes(181)) - 321bf75e-33b0-422d-8e21-c4d69826ca09:group-678F01C847B5:LeaderElection3: begin an election at term 1 for -1: [321bf75e-33b0-422d-8e21-c4d69826ca09:192.168.157.204:36032], old=null
2019-09-19 08:58:52,514 [321bf75e-33b0-422d-8e21-c4d69826ca09:group-678F01C847B5:LeaderElection3] INFO  impl.RoleInfo (RoleInfo.java:shutdownLeaderElection(134)) - 321bf75e-33b0-422d-8e21-c4d69826ca09: shutdown LeaderElection
2019-09-19 08:58:52,514 [321bf75e-33b0-422d-8e21-c4d69826ca09:group-678F01C847B5:LeaderElection3] INFO  impl.RaftServerImpl (RaftServerImpl.java:setRole(171)) - 321bf75e-33b0-422d-8e21-c4d69826ca09:group-678F01C847B5 changes role from CANDIDATE to LEADER at term 1 for changeToLeader
2019-09-19 08:58:52,514 [321bf75e-33b0-422d-8e21-c4d69826ca09:group-678F01C847B5:LeaderElection3] INFO  impl.RaftServerImpl (ServerState.java:setLeader(263)) - 321bf75e-33b0-422d-8e21-c4d69826ca09:group-678F01C847B5 change Leader from null to 321bf75e-33b0-422d-8e21-c4d69826ca09 at term 1 for becomeLeader, leader elected after 5076ms
2019-09-19 08:58:52,515 [321bf75e-33b0-422d-8e21-c4d69826ca09:group-678F01C847B5:LeaderElection3] INFO  server.RaftServerConfigKeys (ConfUtils.java:logGet(43)) - raft.server.staging.catchup.gap = 1000 (default)
2019-09-19 08:58:52,515 [321bf75e-33b0-422d-8e21-c4d69826ca09:group-678F01C847B5:LeaderElection3] INFO  server.RaftServerConfigKeys (ConfUtils.java:logGet(43)) - raft.server.rpc.sleep.time = 25ms (default)
2019-09-19 08:58:52,515 [321bf75e-33b0-422d-8e21-c4d69826ca09:group-678F01C847B5:LeaderElection3] INFO  server.RaftServerConfigKeys (ConfUtils.java:logGet(43)) - raft.server.write.element-limit = 4096 (default)
2019-09-19 08:58:52,515 [321bf75e-33b0-422d-8e21-c4d69826ca09:group-678F01C847B5:LeaderElection3] INFO  server.RaftServerConfigKeys (ConfUtils.java:logGet(43)) - raft.server.watch.timeout = 10s (default)
2019-09-19 08:58:52,515 [321bf75e-33b0-422d-8e21-c4d69826ca09:group-678F01C847B5:LeaderElection3] INFO  server.RaftServerConfigKeys (ConfUtils.java:logGet(43)) - raft.server.watch.timeout.denomination = 1s (default)
2019-09-19 08:58:52,515 [321bf75e-33b0-422d-8e21-c4d69826ca09:group-678F01C847B5:LeaderElection3] INFO  server.RaftServerConfigKeys (ConfUtils.java:logGet(43)) - raft.server.watch.element-limit = 65536 (default)
2019-09-19 08:58:52,516 [321bf75e-33b0-422d-8e21-c4d69826ca09:group-678F01C847B5:LeaderElection3] INFO  impl.RoleInfo (RoleInfo.java:updateAndGet(143)) - 321bf75e-33b0-422d-8e21-c4d69826ca09: start LeaderState
2019-09-19 08:58:52,516 [321bf75e-33b0-422d-8e21-c4d69826ca09:group-678F01C847B5:LeaderElection3] INFO  segmented.SegmentedRaftLogWorker (SegmentedRaftLogWorker.java:startLogSegment(380)) - 321bf75e-33b0-422d-8e21-c4d69826ca09-SegmentedRaftLogWorker:Storage Directory /workdir/hadoop-ozone/integration-test/target/test-dir/MiniOzoneClusterImpl-bdb48ef2-e70a-4dc5-a65a-dd2ce314b41a/datanode-2/data/ratis/7b314d8a-759e-4195-b35d-678f01c847b5: Starting segment from index:0
2019-09-19 08:58:52,517 [321bf75e-33b0-422d-8e21-c4d69826ca09:group-678F01C847B5:LeaderElection3] INFO  impl.RaftServerImpl (ServerState.java:setRaftConf(361)) - 321bf75e-33b0-422d-8e21-c4d69826ca09:group-678F01C847B5 set configuration 0: [321bf75e-33b0-422d-8e21-c4d69826ca09:192.168.157.204:36032], old=null at 0
2019-09-19 08:58:52,564 | INFO  | SCMAudit | user=jenkins1000 | ip=192.168.157.204 | op=SEND_HEARTBEAT {datanodeUUID=321bf75e-33b0-422d-8e21-c4d69826ca09, command=[]} | ret=SUCCESS |  
2019-09-19 08:58:52,612 [grpc-default-executor-1] INFO  client.GrpcClientProtocolClient (GrpcClientProtocolClient.java:onNext(255)) - client-FEEAE0F0EA78->321bf75e-33b0-422d-8e21-c4d69826ca09: receive RaftClientReply:client-FEEAE0F0EA78->321bf75e-33b0-422d-8e21-c4d69826ca09@group-C222C6739E96, cid=18, FAILED org.apache.ratis.protocol.NotLeaderException: Server 321bf75e-33b0-422d-8e21-c4d69826ca09 is not the leader (null). Request must be sent to leader., logIndex=0, commits[321bf75e-33b0-422d-8e21-c4d69826ca09:c-1]
2019-09-19 08:58:52,621 [Thread-188] INFO  impl.FollowerState (FollowerState.java:run(106)) - e5bbaf13-f86a-4f92-8b58-de40c00137a1:group-31664EE3296F changes to CANDIDATE, lastRpcTime:5105, electionTimeout:5105ms
2019-09-19 08:58:52,621 [Thread-188] INFO  impl.RoleInfo (RoleInfo.java:shutdownFollowerState(121)) - e5bbaf13-f86a-4f92-8b58-de40c00137a1: shutdown FollowerState
2019-09-19 08:58:52,621 [Thread-188] INFO  impl.RaftServerImpl (RaftServerImpl.java:setRole(171)) - e5bbaf13-f86a-4f92-8b58-de40c00137a1:group-31664EE3296F changes role from FOLLOWER to CANDIDATE at term 0 for changeToCandidate
2019-09-19 08:58:52,621 [Thread-188] INFO  impl.RoleInfo (RoleInfo.java:updateAndGet(143)) - e5bbaf13-f86a-4f92-8b58-de40c00137a1: start LeaderElection
2019-09-19 08:58:52,637 [e5bbaf13-f86a-4f92-8b58-de40c00137a1:group-31664EE3296F:LeaderElection4] INFO  impl.LeaderElection (LeaderElection.java:askForVotes(181)) - e5bbaf13-f86a-4f92-8b58-de40c00137a1:group-31664EE3296F:LeaderElection4: begin an election at term 1 for -1: [e5bbaf13-f86a-4f92-8b58-de40c00137a1:192.168.157.204:33097], old=null
2019-09-19 08:58:52,639 [e5bbaf13-f86a-4f92-8b58-de40c00137a1:group-31664EE3296F:LeaderElection4] INFO  impl.RoleInfo (RoleInfo.java:shutdownLeaderElection(134)) - e5bbaf13-f86a-4f92-8b58-de40c00137a1: shutdown LeaderElection
2019-09-19 08:58:52,639 [e5bbaf13-f86a-4f92-8b58-de40c00137a1:group-31664EE3296F:LeaderElection4] INFO  impl.RaftServerImpl (RaftServerImpl.java:setRole(171)) - e5bbaf13-f86a-4f92-8b58-de40c00137a1:group-31664EE3296F changes role from CANDIDATE to LEADER at term 1 for changeToLeader
2019-09-19 08:58:52,639 [e5bbaf13-f86a-4f92-8b58-de40c00137a1:group-31664EE3296F:LeaderElection4] INFO  impl.RaftServerImpl (ServerState.java:setLeader(263)) - e5bbaf13-f86a-4f92-8b58-de40c00137a1:group-31664EE3296F change Leader from null to e5bbaf13-f86a-4f92-8b58-de40c00137a1 at term 1 for becomeLeader, leader elected after 5129ms
2019-09-19 08:58:52,639 [e5bbaf13-f86a-4f92-8b58-de40c00137a1:group-31664EE3296F:LeaderElection4] INFO  server.RaftServerConfigKeys (ConfUtils.java:logGet(43)) - raft.server.staging.catchup.gap = 1000 (default)
2019-09-19 08:58:52,640 [e5bbaf13-f86a-4f92-8b58-de40c00137a1:group-31664EE3296F:LeaderElection4] INFO  server.RaftServerConfigKeys (ConfUtils.java:logGet(43)) - raft.server.rpc.sleep.time = 25ms (default)
2019-09-19 08:58:52,640 [e5bbaf13-f86a-4f92-8b58-de40c00137a1:group-31664EE3296F:LeaderElection4] INFO  server.RaftServerConfigKeys (ConfUtils.java:logGet(43)) - raft.server.write.element-limit = 4096 (default)
2019-09-19 08:58:52,640 [e5bbaf13-f86a-4f92-8b58-de40c00137a1:group-31664EE3296F:LeaderElection4] INFO  server.RaftServerConfigKeys (ConfUtils.java:logGet(43)) - raft.server.watch.timeout = 10s (default)
2019-09-19 08:58:52,640 [e5bbaf13-f86a-4f92-8b58-de40c00137a1:group-31664EE3296F:LeaderElection4] INFO  server.RaftServerConfigKeys (ConfUtils.java:logGet(43)) - raft.server.watch.timeout.denomination = 1s (default)
2019-09-19 08:58:52,640 [e5bbaf13-f86a-4f92-8b58-de40c00137a1:group-31664EE3296F:LeaderElection4] INFO  server.RaftServerConfigKeys (ConfUtils.java:logGet(43)) - raft.server.watch.element-limit = 65536 (default)
2019-09-19 08:58:52,641 [e5bbaf13-f86a-4f92-8b58-de40c00137a1:group-31664EE3296F:LeaderElection4] INFO  impl.RoleInfo (RoleInfo.java:updateAndGet(143)) - e5bbaf13-f86a-4f92-8b58-de40c00137a1: start LeaderState
2019-09-19 08:58:52,641 [e5bbaf13-f86a-4f92-8b58-de40c00137a1:group-31664EE3296F:LeaderElection4] INFO  segmented.SegmentedRaftLogWorker (SegmentedRaftLogWorker.java:startLogSegment(380)) - e5bbaf13-f86a-4f92-8b58-de40c00137a1-SegmentedRaftLogWorker:Storage Directory /workdir/hadoop-ozone/integration-test/target/test-dir/MiniOzoneClusterImpl-bdb48ef2-e70a-4dc5-a65a-dd2ce314b41a/datanode-0/data/ratis/d98d546b-349e-4cd4-8afa-31664ee3296f: Starting segment from index:0
2019-09-19 08:58:52,642 [e5bbaf13-f86a-4f92-8b58-de40c00137a1:group-31664EE3296F:LeaderElection4] INFO  impl.RaftServerImpl (ServerState.java:setRaftConf(361)) - e5bbaf13-f86a-4f92-8b58-de40c00137a1:group-31664EE3296F set configuration 0: [e5bbaf13-f86a-4f92-8b58-de40c00137a1:192.168.157.204:33097], old=null at 0
2019-09-19 08:58:52,696 [e5bbaf13-f86a-4f92-8b58-de40c00137a1-SegmentedRaftLogWorker:Storage Directory /workdir/hadoop-ozone/integration-test/target/test-dir/MiniOzoneClusterImpl-bdb48ef2-e70a-4dc5-a65a-dd2ce314b41a/datanode-0/data/ratis/d98d546b-349e-4cd4-8afa-31664ee3296f] INFO  segmented.SegmentedRaftLogWorker (SegmentedRaftLogWorker.java:execute(569)) - e5bbaf13-f86a-4f92-8b58-de40c00137a1-SegmentedRaftLogWorker:Storage Directory /workdir/hadoop-ozone/integration-test/target/test-dir/MiniOzoneClusterImpl-bdb48ef2-e70a-4dc5-a65a-dd2ce314b41a/datanode-0/data/ratis/d98d546b-349e-4cd4-8afa-31664ee3296f: created new log segment /workdir/hadoop-ozone/integration-test/target/test-dir/MiniOzoneClusterImpl-bdb48ef2-e70a-4dc5-a65a-dd2ce314b41a/datanode-0/data/ratis/d98d546b-349e-4cd4-8afa-31664ee3296f/current/log_inprogress_0
2019-09-19 08:58:52,696 [e5bbaf13-f86a-4f92-8b58-de40c00137a1-SegmentedRaftLogWorker:Storage Directory /workdir/hadoop-ozone/integration-test/target/test-dir/MiniOzoneClusterImpl-bdb48ef2-e70a-4dc5-a65a-dd2ce314b41a/datanode-0/data/ratis/6397148f-b40d-4949-b689-188780a808ed] INFO  segmented.SegmentedRaftLogWorker (SegmentedRaftLogWorker.java:execute(569)) - e5bbaf13-f86a-4f92-8b58-de40c00137a1-SegmentedRaftLogWorker:Storage Directory /workdir/hadoop-ozone/integration-test/target/test-dir/MiniOzoneClusterImpl-bdb48ef2-e70a-4dc5-a65a-dd2ce314b41a/datanode-0/data/ratis/6397148f-b40d-4949-b689-188780a808ed: created new log segment /workdir/hadoop-ozone/integration-test/target/test-dir/MiniOzoneClusterImpl-bdb48ef2-e70a-4dc5-a65a-dd2ce314b41a/datanode-0/data/ratis/6397148f-b40d-4949-b689-188780a808ed/current/log_inprogress_0
2019-09-19 08:58:52,696 [9f9bfdf2-fb95-4329-a3ea-1e2fab5cdfa8-SegmentedRaftLogWorker:Storage Directory /workdir/hadoop-ozone/integration-test/target/test-dir/MiniOzoneClusterImpl-bdb48ef2-e70a-4dc5-a65a-dd2ce314b41a/datanode-1/data/ratis/3c67bcb7-7e99-48e0-835a-ce6afe67b012] INFO  segmented.SegmentedRaftLogWorker (SegmentedRaftLogWorker.java:execute(569)) - 9f9bfdf2-fb95-4329-a3ea-1e2fab5cdfa8-SegmentedRaftLogWorker:Storage Directory /workdir/hadoop-ozone/integration-test/target/test-dir/MiniOzoneClusterImpl-bdb48ef2-e70a-4dc5-a65a-dd2ce314b41a/datanode-1/data/ratis/3c67bcb7-7e99-48e0-835a-ce6afe67b012: created new log segment /workdir/hadoop-ozone/integration-test/target/test-dir/MiniOzoneClusterImpl-bdb48ef2-e70a-4dc5-a65a-dd2ce314b41a/datanode-1/data/ratis/3c67bcb7-7e99-48e0-835a-ce6afe67b012/current/log_inprogress_0
2019-09-19 08:58:52,696 [321bf75e-33b0-422d-8e21-c4d69826ca09-SegmentedRaftLogWorker:Storage Directory /workdir/hadoop-ozone/integration-test/target/test-dir/MiniOzoneClusterImpl-bdb48ef2-e70a-4dc5-a65a-dd2ce314b41a/datanode-2/data/ratis/7b314d8a-759e-4195-b35d-678f01c847b5] INFO  segmented.SegmentedRaftLogWorker (SegmentedRaftLogWorker.java:execute(569)) - 321bf75e-33b0-422d-8e21-c4d69826ca09-SegmentedRaftLogWorker:Storage Directory /workdir/hadoop-ozone/integration-test/target/test-dir/MiniOzoneClusterImpl-bdb48ef2-e70a-4dc5-a65a-dd2ce314b41a/datanode-2/data/ratis/7b314d8a-759e-4195-b35d-678f01c847b5: created new log segment /workdir/hadoop-ozone/integration-test/target/test-dir/MiniOzoneClusterImpl-bdb48ef2-e70a-4dc5-a65a-dd2ce314b41a/datanode-2/data/ratis/7b314d8a-759e-4195-b35d-678f01c847b5/current/log_inprogress_0
2019-09-19 08:58:52,755 [Thread-195] INFO  impl.FollowerState (FollowerState.java:run(106)) - e5bbaf13-f86a-4f92-8b58-de40c00137a1:group-BB2C29FAC400 changes to CANDIDATE, lastRpcTime:5118, electionTimeout:5114ms
2019-09-19 08:58:52,756 [Thread-195] INFO  impl.RoleInfo (RoleInfo.java:shutdownFollowerState(121)) - e5bbaf13-f86a-4f92-8b58-de40c00137a1: shutdown FollowerState
2019-09-19 08:58:52,756 [Thread-195] INFO  impl.RaftServerImpl (RaftServerImpl.java:setRole(171)) - e5bbaf13-f86a-4f92-8b58-de40c00137a1:group-BB2C29FAC400 changes role from FOLLOWER to CANDIDATE at term 0 for changeToCandidate
2019-09-19 08:58:52,757 [Thread-195] INFO  impl.RoleInfo (RoleInfo.java:updateAndGet(143)) - e5bbaf13-f86a-4f92-8b58-de40c00137a1: start LeaderElection
2019-09-19 08:58:52,766 [Thread-191] INFO  impl.FollowerState (FollowerState.java:run(106)) - 321bf75e-33b0-422d-8e21-c4d69826ca09:group-8CC2060C6AFD changes to CANDIDATE, lastRpcTime:5195, electionTimeout:5195ms
2019-09-19 08:58:52,767 [Thread-191] INFO  impl.RoleInfo (RoleInfo.java:shutdownFollowerState(121)) - 321bf75e-33b0-422d-8e21-c4d69826ca09: shutdown FollowerState
2019-09-19 08:58:52,767 [Thread-191] INFO  impl.RaftServerImpl (RaftServerImpl.java:setRole(171)) - 321bf75e-33b0-422d-8e21-c4d69826ca09:group-8CC2060C6AFD changes role from FOLLOWER to CANDIDATE at term 0 for changeToCandidate
2019-09-19 08:58:52,767 [Thread-191] INFO  impl.RoleInfo (RoleInfo.java:updateAndGet(143)) - 321bf75e-33b0-422d-8e21-c4d69826ca09: start LeaderElection
2019-09-19 08:58:52,774 [e5bbaf13-f86a-4f92-8b58-de40c00137a1:group-BB2C29FAC400:LeaderElection5] INFO  impl.LeaderElection (LeaderElection.java:askForVotes(181)) - e5bbaf13-f86a-4f92-8b58-de40c00137a1:group-BB2C29FAC400:LeaderElection5: begin an election at term 1 for -1: [e5bbaf13-f86a-4f92-8b58-de40c00137a1:192.168.157.204:33097], old=null
2019-09-19 08:58:52,774 [321bf75e-33b0-422d-8e21-c4d69826ca09:group-8CC2060C6AFD:LeaderElection6] INFO  impl.LeaderElection (LeaderElection.java:askForVotes(181)) - 321bf75e-33b0-422d-8e21-c4d69826ca09:group-8CC2060C6AFD:LeaderElection6: begin an election at term 1 for -1: [321bf75e-33b0-422d-8e21-c4d69826ca09:192.168.157.204:36032], old=null
2019-09-19 08:58:52,775 [e5bbaf13-f86a-4f92-8b58-de40c00137a1:group-BB2C29FAC400:LeaderElection5] INFO  impl.RoleInfo (RoleInfo.java:shutdownLeaderElection(134)) - e5bbaf13-f86a-4f92-8b58-de40c00137a1: shutdown LeaderElection
2019-09-19 08:58:52,775 [321bf75e-33b0-422d-8e21-c4d69826ca09:group-8CC2060C6AFD:LeaderElection6] INFO  impl.RoleInfo (RoleInfo.java:shutdownLeaderElection(134)) - 321bf75e-33b0-422d-8e21-c4d69826ca09: shutdown LeaderElection
2019-09-19 08:58:52,775 [e5bbaf13-f86a-4f92-8b58-de40c00137a1:group-BB2C29FAC400:LeaderElection5] INFO  impl.RaftServerImpl (RaftServerImpl.java:setRole(171)) - e5bbaf13-f86a-4f92-8b58-de40c00137a1:group-BB2C29FAC400 changes role from CANDIDATE to LEADER at term 1 for changeToLeader
2019-09-19 08:58:52,775 [321bf75e-33b0-422d-8e21-c4d69826ca09:group-8CC2060C6AFD:LeaderElection6] INFO  impl.RaftServerImpl (RaftServerImpl.java:setRole(171)) - 321bf75e-33b0-422d-8e21-c4d69826ca09:group-8CC2060C6AFD changes role from CANDIDATE to LEADER at term 1 for changeToLeader
2019-09-19 08:58:52,775 [e5bbaf13-f86a-4f92-8b58-de40c00137a1:group-BB2C29FAC400:LeaderElection5] INFO  impl.RaftServerImpl (ServerState.java:setLeader(263)) - e5bbaf13-f86a-4f92-8b58-de40c00137a1:group-BB2C29FAC400 change Leader from null to e5bbaf13-f86a-4f92-8b58-de40c00137a1 at term 1 for becomeLeader, leader elected after 5144ms
2019-09-19 08:58:52,775 [321bf75e-33b0-422d-8e21-c4d69826ca09:group-8CC2060C6AFD:LeaderElection6] INFO  impl.RaftServerImpl (ServerState.java:setLeader(263)) - 321bf75e-33b0-422d-8e21-c4d69826ca09:group-8CC2060C6AFD change Leader from null to 321bf75e-33b0-422d-8e21-c4d69826ca09 at term 1 for becomeLeader, leader elected after 5210ms
2019-09-19 08:58:52,775 [e5bbaf13-f86a-4f92-8b58-de40c00137a1:group-BB2C29FAC400:LeaderElection5] INFO  server.RaftServerConfigKeys (ConfUtils.java:logGet(43)) - raft.server.staging.catchup.gap = 1000 (default)
2019-09-19 08:58:52,776 [321bf75e-33b0-422d-8e21-c4d69826ca09:group-8CC2060C6AFD:LeaderElection6] INFO  server.RaftServerConfigKeys (ConfUtils.java:logGet(43)) - raft.server.staging.catchup.gap = 1000 (default)
2019-09-19 08:58:52,776 [e5bbaf13-f86a-4f92-8b58-de40c00137a1:group-BB2C29FAC400:LeaderElection5] INFO  server.RaftServerConfigKeys (ConfUtils.java:logGet(43)) - raft.server.rpc.sleep.time = 25ms (default)
2019-09-19 08:58:52,776 [321bf75e-33b0-422d-8e21-c4d69826ca09:group-8CC2060C6AFD:LeaderElection6] INFO  server.RaftServerConfigKeys (ConfUtils.java:logGet(43)) - raft.server.rpc.sleep.time = 25ms (default)
2019-09-19 08:58:52,776 [e5bbaf13-f86a-4f92-8b58-de40c00137a1:group-BB2C29FAC400:LeaderElection5] INFO  server.RaftServerConfigKeys (ConfUtils.java:logGet(43)) - raft.server.write.element-limit = 4096 (default)
2019-09-19 08:58:52,776 [321bf75e-33b0-422d-8e21-c4d69826ca09:group-8CC2060C6AFD:LeaderElection6] INFO  server.RaftServerConfigKeys (ConfUtils.java:logGet(43)) - raft.server.write.element-limit = 4096 (default)
2019-09-19 08:58:52,776 [e5bbaf13-f86a-4f92-8b58-de40c00137a1:group-BB2C29FAC400:LeaderElection5] INFO  server.RaftServerConfigKeys (ConfUtils.java:logGet(43)) - raft.server.watch.timeout = 10s (default)
2019-09-19 08:58:52,776 [321bf75e-33b0-422d-8e21-c4d69826ca09:group-8CC2060C6AFD:LeaderElection6] INFO  server.RaftServerConfigKeys (ConfUtils.java:logGet(43)) - raft.server.watch.timeout = 10s (default)
2019-09-19 08:58:52,776 [e5bbaf13-f86a-4f92-8b58-de40c00137a1:group-BB2C29FAC400:LeaderElection5] INFO  server.RaftServerConfigKeys (ConfUtils.java:logGet(43)) - raft.server.watch.timeout.denomination = 1s (default)
2019-09-19 08:58:52,777 [321bf75e-33b0-422d-8e21-c4d69826ca09:group-8CC2060C6AFD:LeaderElection6] INFO  server.RaftServerConfigKeys (ConfUtils.java:logGet(43)) - raft.server.watch.timeout.denomination = 1s (default)
2019-09-19 08:58:52,777 [e5bbaf13-f86a-4f92-8b58-de40c00137a1:group-BB2C29FAC400:LeaderElection5] INFO  server.RaftServerConfigKeys (ConfUtils.java:logGet(43)) - raft.server.watch.element-limit = 65536 (default)
2019-09-19 08:58:52,777 [321bf75e-33b0-422d-8e21-c4d69826ca09:group-8CC2060C6AFD:LeaderElection6] INFO  server.RaftServerConfigKeys (ConfUtils.java:logGet(43)) - raft.server.watch.element-limit = 65536 (default)
2019-09-19 08:58:52,777 [e5bbaf13-f86a-4f92-8b58-de40c00137a1:group-BB2C29FAC400:LeaderElection5] INFO  impl.RoleInfo (RoleInfo.java:updateAndGet(143)) - e5bbaf13-f86a-4f92-8b58-de40c00137a1: start LeaderState
2019-09-19 08:58:52,777 [321bf75e-33b0-422d-8e21-c4d69826ca09:group-8CC2060C6AFD:LeaderElection6] INFO  impl.RoleInfo (RoleInfo.java:updateAndGet(143)) - 321bf75e-33b0-422d-8e21-c4d69826ca09: start LeaderState
2019-09-19 08:58:52,778 [e5bbaf13-f86a-4f92-8b58-de40c00137a1:group-BB2C29FAC400:LeaderElection5] INFO  segmented.SegmentedRaftLogWorker (SegmentedRaftLogWorker.java:startLogSegment(380)) - e5bbaf13-f86a-4f92-8b58-de40c00137a1-SegmentedRaftLogWorker:Storage Directory /workdir/hadoop-ozone/integration-test/target/test-dir/MiniOzoneClusterImpl-bdb48ef2-e70a-4dc5-a65a-dd2ce314b41a/datanode-0/data/ratis/9b3d6e58-7b8e-4899-9b8a-bb2c29fac400: Starting segment from index:0
2019-09-19 08:58:52,778 [321bf75e-33b0-422d-8e21-c4d69826ca09:group-8CC2060C6AFD:LeaderElection6] INFO  segmented.SegmentedRaftLogWorker (SegmentedRaftLogWorker.java:startLogSegment(380)) - 321bf75e-33b0-422d-8e21-c4d69826ca09-SegmentedRaftLogWorker:Storage Directory /workdir/hadoop-ozone/integration-test/target/test-dir/MiniOzoneClusterImpl-bdb48ef2-e70a-4dc5-a65a-dd2ce314b41a/datanode-2/data/ratis/1cc73ea3-5936-423e-92d8-8cc2060c6afd: Starting segment from index:0
2019-09-19 08:58:52,778 [e5bbaf13-f86a-4f92-8b58-de40c00137a1:group-BB2C29FAC400:LeaderElection5] INFO  impl.RaftServerImpl (ServerState.java:setRaftConf(361)) - e5bbaf13-f86a-4f92-8b58-de40c00137a1:group-BB2C29FAC400 set configuration 0: [e5bbaf13-f86a-4f92-8b58-de40c00137a1:192.168.157.204:33097], old=null at 0
2019-09-19 08:58:52,812 [321bf75e-33b0-422d-8e21-c4d69826ca09:group-8CC2060C6AFD:LeaderElection6] INFO  impl.RaftServerImpl (ServerState.java:setRaftConf(361)) - 321bf75e-33b0-422d-8e21-c4d69826ca09:group-8CC2060C6AFD set configuration 0: [321bf75e-33b0-422d-8e21-c4d69826ca09:192.168.157.204:36032], old=null at 0
2019-09-19 08:58:52,851 [e5bbaf13-f86a-4f92-8b58-de40c00137a1-SegmentedRaftLogWorker:Storage Directory /workdir/hadoop-ozone/integration-test/target/test-dir/MiniOzoneClusterImpl-bdb48ef2-e70a-4dc5-a65a-dd2ce314b41a/datanode-0/data/ratis/9b3d6e58-7b8e-4899-9b8a-bb2c29fac400] INFO  segmented.SegmentedRaftLogWorker (SegmentedRaftLogWorker.java:execute(569)) - e5bbaf13-f86a-4f92-8b58-de40c00137a1-SegmentedRaftLogWorker:Storage Directory /workdir/hadoop-ozone/integration-test/target/test-dir/MiniOzoneClusterImpl-bdb48ef2-e70a-4dc5-a65a-dd2ce314b41a/datanode-0/data/ratis/9b3d6e58-7b8e-4899-9b8a-bb2c29fac400: created new log segment /workdir/hadoop-ozone/integration-test/target/test-dir/MiniOzoneClusterImpl-bdb48ef2-e70a-4dc5-a65a-dd2ce314b41a/datanode-0/data/ratis/9b3d6e58-7b8e-4899-9b8a-bb2c29fac400/current/log_inprogress_0
2019-09-19 08:58:52,854 [321bf75e-33b0-422d-8e21-c4d69826ca09-SegmentedRaftLogWorker:Storage Directory /workdir/hadoop-ozone/integration-test/target/test-dir/MiniOzoneClusterImpl-bdb48ef2-e70a-4dc5-a65a-dd2ce314b41a/datanode-2/data/ratis/1cc73ea3-5936-423e-92d8-8cc2060c6afd] INFO  segmented.SegmentedRaftLogWorker (SegmentedRaftLogWorker.java:execute(569)) - 321bf75e-33b0-422d-8e21-c4d69826ca09-SegmentedRaftLogWorker:Storage Directory /workdir/hadoop-ozone/integration-test/target/test-dir/MiniOzoneClusterImpl-bdb48ef2-e70a-4dc5-a65a-dd2ce314b41a/datanode-2/data/ratis/1cc73ea3-5936-423e-92d8-8cc2060c6afd: created new log segment /workdir/hadoop-ozone/integration-test/target/test-dir/MiniOzoneClusterImpl-bdb48ef2-e70a-4dc5-a65a-dd2ce314b41a/datanode-2/data/ratis/1cc73ea3-5936-423e-92d8-8cc2060c6afd/current/log_inprogress_0
2019-09-19 08:58:52,870 [Thread-198] INFO  impl.FollowerState (FollowerState.java:run(106)) - 321bf75e-33b0-422d-8e21-c4d69826ca09:group-B897C7FA0FCF changes to CANDIDATE, lastRpcTime:5151, electionTimeout:5151ms
2019-09-19 08:58:52,871 [Thread-198] INFO  impl.RoleInfo (RoleInfo.java:shutdownFollowerState(121)) - 321bf75e-33b0-422d-8e21-c4d69826ca09: shutdown FollowerState
2019-09-19 08:58:52,872 [Thread-198] INFO  impl.RaftServerImpl (RaftServerImpl.java:setRole(171)) - 321bf75e-33b0-422d-8e21-c4d69826ca09:group-B897C7FA0FCF changes role from FOLLOWER to CANDIDATE at term 0 for changeToCandidate
2019-09-19 08:58:52,872 [Thread-198] INFO  impl.RoleInfo (RoleInfo.java:updateAndGet(143)) - 321bf75e-33b0-422d-8e21-c4d69826ca09: start LeaderElection
2019-09-19 08:58:52,878 [321bf75e-33b0-422d-8e21-c4d69826ca09:group-B897C7FA0FCF:LeaderElection7] INFO  impl.LeaderElection (LeaderElection.java:askForVotes(181)) - 321bf75e-33b0-422d-8e21-c4d69826ca09:group-B897C7FA0FCF:LeaderElection7: begin an election at term 1 for -1: [321bf75e-33b0-422d-8e21-c4d69826ca09:192.168.157.204:36032], old=null
2019-09-19 08:58:52,879 [321bf75e-33b0-422d-8e21-c4d69826ca09:group-B897C7FA0FCF:LeaderElection7] INFO  impl.RoleInfo (RoleInfo.java:shutdownLeaderElection(134)) - 321bf75e-33b0-422d-8e21-c4d69826ca09: shutdown LeaderElection
2019-09-19 08:58:52,879 [321bf75e-33b0-422d-8e21-c4d69826ca09:group-B897C7FA0FCF:LeaderElection7] INFO  impl.RaftServerImpl (RaftServerImpl.java:setRole(171)) - 321bf75e-33b0-422d-8e21-c4d69826ca09:group-B897C7FA0FCF changes role from CANDIDATE to LEADER at term 1 for changeToLeader
2019-09-19 08:58:52,879 [321bf75e-33b0-422d-8e21-c4d69826ca09:group-B897C7FA0FCF:LeaderElection7] INFO  impl.RaftServerImpl (ServerState.java:setLeader(263)) - 321bf75e-33b0-422d-8e21-c4d69826ca09:group-B897C7FA0FCF change Leader from null to 321bf75e-33b0-422d-8e21-c4d69826ca09 at term 1 for becomeLeader, leader elected after 5164ms
2019-09-19 08:58:52,879 [321bf75e-33b0-422d-8e21-c4d69826ca09:group-B897C7FA0FCF:LeaderElection7] INFO  server.RaftServerConfigKeys (ConfUtils.java:logGet(43)) - raft.server.staging.catchup.gap = 1000 (default)
2019-09-19 08:58:52,879 [321bf75e-33b0-422d-8e21-c4d69826ca09:group-B897C7FA0FCF:LeaderElection7] INFO  server.RaftServerConfigKeys (ConfUtils.java:logGet(43)) - raft.server.rpc.sleep.time = 25ms (default)
2019-09-19 08:58:52,879 [321bf75e-33b0-422d-8e21-c4d69826ca09:group-B897C7FA0FCF:LeaderElection7] INFO  server.RaftServerConfigKeys (ConfUtils.java:logGet(43)) - raft.server.write.element-limit = 4096 (default)
2019-09-19 08:58:52,879 [321bf75e-33b0-422d-8e21-c4d69826ca09:group-B897C7FA0FCF:LeaderElection7] INFO  server.RaftServerConfigKeys (ConfUtils.java:logGet(43)) - raft.server.watch.timeout = 10s (default)
2019-09-19 08:58:52,879 [321bf75e-33b0-422d-8e21-c4d69826ca09:group-B897C7FA0FCF:LeaderElection7] INFO  server.RaftServerConfigKeys (ConfUtils.java:logGet(43)) - raft.server.watch.timeout.denomination = 1s (default)
2019-09-19 08:58:52,879 [321bf75e-33b0-422d-8e21-c4d69826ca09:group-B897C7FA0FCF:LeaderElection7] INFO  server.RaftServerConfigKeys (ConfUtils.java:logGet(43)) - raft.server.watch.element-limit = 65536 (default)
2019-09-19 08:58:52,880 [321bf75e-33b0-422d-8e21-c4d69826ca09:group-B897C7FA0FCF:LeaderElection7] INFO  impl.RoleInfo (RoleInfo.java:updateAndGet(143)) - 321bf75e-33b0-422d-8e21-c4d69826ca09: start LeaderState
2019-09-19 08:58:52,880 [321bf75e-33b0-422d-8e21-c4d69826ca09:group-B897C7FA0FCF:LeaderElection7] INFO  segmented.SegmentedRaftLogWorker (SegmentedRaftLogWorker.java:startLogSegment(380)) - 321bf75e-33b0-422d-8e21-c4d69826ca09-SegmentedRaftLogWorker:Storage Directory /workdir/hadoop-ozone/integration-test/target/test-dir/MiniOzoneClusterImpl-bdb48ef2-e70a-4dc5-a65a-dd2ce314b41a/datanode-2/data/ratis/b24b2818-2bd9-4ec9-9e60-b897c7fa0fcf: Starting segment from index:0
2019-09-19 08:58:52,881 [321bf75e-33b0-422d-8e21-c4d69826ca09:group-B897C7FA0FCF:LeaderElection7] INFO  impl.RaftServerImpl (ServerState.java:setRaftConf(361)) - 321bf75e-33b0-422d-8e21-c4d69826ca09:group-B897C7FA0FCF set configuration 0: [321bf75e-33b0-422d-8e21-c4d69826ca09:192.168.157.204:36032], old=null at 0
2019-09-19 08:58:52,908 [Thread-201] INFO  impl.FollowerState (FollowerState.java:run(106)) - 9f9bfdf2-fb95-4329-a3ea-1e2fab5cdfa8:group-0EC9015884EB changes to CANDIDATE, lastRpcTime:5126, electionTimeout:5106ms
2019-09-19 08:58:52,908 [Thread-201] INFO  impl.RoleInfo (RoleInfo.java:shutdownFollowerState(121)) - 9f9bfdf2-fb95-4329-a3ea-1e2fab5cdfa8: shutdown FollowerState
2019-09-19 08:58:52,909 [Thread-201] INFO  impl.RaftServerImpl (RaftServerImpl.java:setRole(171)) - 9f9bfdf2-fb95-4329-a3ea-1e2fab5cdfa8:group-0EC9015884EB changes role from FOLLOWER to CANDIDATE at term 0 for changeToCandidate
2019-09-19 08:58:52,909 [Thread-201] INFO  impl.RoleInfo (RoleInfo.java:updateAndGet(143)) - 9f9bfdf2-fb95-4329-a3ea-1e2fab5cdfa8: start LeaderElection
2019-09-19 08:58:52,932 [321bf75e-33b0-422d-8e21-c4d69826ca09-SegmentedRaftLogWorker:Storage Directory /workdir/hadoop-ozone/integration-test/target/test-dir/MiniOzoneClusterImpl-bdb48ef2-e70a-4dc5-a65a-dd2ce314b41a/datanode-2/data/ratis/b24b2818-2bd9-4ec9-9e60-b897c7fa0fcf] INFO  segmented.SegmentedRaftLogWorker (SegmentedRaftLogWorker.java:execute(569)) - 321bf75e-33b0-422d-8e21-c4d69826ca09-SegmentedRaftLogWorker:Storage Directory /workdir/hadoop-ozone/integration-test/target/test-dir/MiniOzoneClusterImpl-bdb48ef2-e70a-4dc5-a65a-dd2ce314b41a/datanode-2/data/ratis/b24b2818-2bd9-4ec9-9e60-b897c7fa0fcf: created new log segment /workdir/hadoop-ozone/integration-test/target/test-dir/MiniOzoneClusterImpl-bdb48ef2-e70a-4dc5-a65a-dd2ce314b41a/datanode-2/data/ratis/b24b2818-2bd9-4ec9-9e60-b897c7fa0fcf/current/log_inprogress_0
2019-09-19 08:58:52,932 [9f9bfdf2-fb95-4329-a3ea-1e2fab5cdfa8:group-0EC9015884EB:LeaderElection8] INFO  impl.LeaderElection (LeaderElection.java:askForVotes(181)) - 9f9bfdf2-fb95-4329-a3ea-1e2fab5cdfa8:group-0EC9015884EB:LeaderElection8: begin an election at term 1 for -1: [9f9bfdf2-fb95-4329-a3ea-1e2fab5cdfa8:192.168.157.204:40844], old=null
2019-09-19 08:58:52,932 [9f9bfdf2-fb95-4329-a3ea-1e2fab5cdfa8:group-0EC9015884EB:LeaderElection8] INFO  impl.RoleInfo (RoleInfo.java:shutdownLeaderElection(134)) - 9f9bfdf2-fb95-4329-a3ea-1e2fab5cdfa8: shutdown LeaderElection
2019-09-19 08:58:52,933 [9f9bfdf2-fb95-4329-a3ea-1e2fab5cdfa8:group-0EC9015884EB:LeaderElection8] INFO  impl.RaftServerImpl (RaftServerImpl.java:setRole(171)) - 9f9bfdf2-fb95-4329-a3ea-1e2fab5cdfa8:group-0EC9015884EB changes role from CANDIDATE to LEADER at term 1 for changeToLeader
2019-09-19 08:58:52,933 [9f9bfdf2-fb95-4329-a3ea-1e2fab5cdfa8:group-0EC9015884EB:LeaderElection8] INFO  impl.RaftServerImpl (ServerState.java:setLeader(263)) - 9f9bfdf2-fb95-4329-a3ea-1e2fab5cdfa8:group-0EC9015884EB change Leader from null to 9f9bfdf2-fb95-4329-a3ea-1e2fab5cdfa8 at term 1 for becomeLeader, leader elected after 5156ms
2019-09-19 08:58:52,933 [9f9bfdf2-fb95-4329-a3ea-1e2fab5cdfa8:group-0EC9015884EB:LeaderElection8] INFO  server.RaftServerConfigKeys (ConfUtils.java:logGet(43)) - raft.server.staging.catchup.gap = 1000 (default)
2019-09-19 08:58:52,933 [9f9bfdf2-fb95-4329-a3ea-1e2fab5cdfa8:group-0EC9015884EB:LeaderElection8] INFO  server.RaftServerConfigKeys (ConfUtils.java:logGet(43)) - raft.server.rpc.sleep.time = 25ms (default)
2019-09-19 08:58:52,934 [9f9bfdf2-fb95-4329-a3ea-1e2fab5cdfa8:group-0EC9015884EB:LeaderElection8] INFO  server.RaftServerConfigKeys (ConfUtils.java:logGet(43)) - raft.server.write.element-limit = 4096 (default)
2019-09-19 08:58:52,934 [9f9bfdf2-fb95-4329-a3ea-1e2fab5cdfa8:group-0EC9015884EB:LeaderElection8] INFO  server.RaftServerConfigKeys (ConfUtils.java:logGet(43)) - raft.server.watch.timeout = 10s (default)
2019-09-19 08:58:52,934 [9f9bfdf2-fb95-4329-a3ea-1e2fab5cdfa8:group-0EC9015884EB:LeaderElection8] INFO  server.RaftServerConfigKeys (ConfUtils.java:logGet(43)) - raft.server.watch.timeout.denomination = 1s (default)
2019-09-19 08:58:52,934 [9f9bfdf2-fb95-4329-a3ea-1e2fab5cdfa8:group-0EC9015884EB:LeaderElection8] INFO  server.RaftServerConfigKeys (ConfUtils.java:logGet(43)) - raft.server.watch.element-limit = 65536 (default)
2019-09-19 08:58:52,934 [9f9bfdf2-fb95-4329-a3ea-1e2fab5cdfa8:group-0EC9015884EB:LeaderElection8] INFO  impl.RoleInfo (RoleInfo.java:updateAndGet(143)) - 9f9bfdf2-fb95-4329-a3ea-1e2fab5cdfa8: start LeaderState
2019-09-19 08:58:52,935 [9f9bfdf2-fb95-4329-a3ea-1e2fab5cdfa8:group-0EC9015884EB:LeaderElection8] INFO  segmented.SegmentedRaftLogWorker (SegmentedRaftLogWorker.java:startLogSegment(380)) - 9f9bfdf2-fb95-4329-a3ea-1e2fab5cdfa8-SegmentedRaftLogWorker:Storage Directory /workdir/hadoop-ozone/integration-test/target/test-dir/MiniOzoneClusterImpl-bdb48ef2-e70a-4dc5-a65a-dd2ce314b41a/datanode-1/data/ratis/d4ce8e43-c8b0-4e06-91e9-0ec9015884eb: Starting segment from index:0
2019-09-19 08:58:52,935 [9f9bfdf2-fb95-4329-a3ea-1e2fab5cdfa8:group-0EC9015884EB:LeaderElection8] INFO  impl.RaftServerImpl (ServerState.java:setRaftConf(361)) - 9f9bfdf2-fb95-4329-a3ea-1e2fab5cdfa8:group-0EC9015884EB set configuration 0: [9f9bfdf2-fb95-4329-a3ea-1e2fab5cdfa8:192.168.157.204:40844], old=null at 0
2019-09-19 08:58:52,986 [9f9bfdf2-fb95-4329-a3ea-1e2fab5cdfa8-SegmentedRaftLogWorker:Storage Directory /workdir/hadoop-ozone/integration-test/target/test-dir/MiniOzoneClusterImpl-bdb48ef2-e70a-4dc5-a65a-dd2ce314b41a/datanode-1/data/ratis/d4ce8e43-c8b0-4e06-91e9-0ec9015884eb] INFO  segmented.SegmentedRaftLogWorker (SegmentedRaftLogWorker.java:execute(569)) - 9f9bfdf2-fb95-4329-a3ea-1e2fab5cdfa8-SegmentedRaftLogWorker:Storage Directory /workdir/hadoop-ozone/integration-test/target/test-dir/MiniOzoneClusterImpl-bdb48ef2-e70a-4dc5-a65a-dd2ce314b41a/datanode-1/data/ratis/d4ce8e43-c8b0-4e06-91e9-0ec9015884eb: created new log segment /workdir/hadoop-ozone/integration-test/target/test-dir/MiniOzoneClusterImpl-bdb48ef2-e70a-4dc5-a65a-dd2ce314b41a/datanode-1/data/ratis/d4ce8e43-c8b0-4e06-91e9-0ec9015884eb/current/log_inprogress_0
2019-09-19 08:58:53,023 [Thread-205] INFO  impl.FollowerState (FollowerState.java:run(106)) - 9f9bfdf2-fb95-4329-a3ea-1e2fab5cdfa8:group-48D2DB27DAE2 changes to CANDIDATE, lastRpcTime:5186, electionTimeout:5186ms
2019-09-19 08:58:53,024 [Thread-205] INFO  impl.RoleInfo (RoleInfo.java:shutdownFollowerState(121)) - 9f9bfdf2-fb95-4329-a3ea-1e2fab5cdfa8: shutdown FollowerState
2019-09-19 08:58:53,024 [Thread-205] INFO  impl.RaftServerImpl (RaftServerImpl.java:setRole(171)) - 9f9bfdf2-fb95-4329-a3ea-1e2fab5cdfa8:group-48D2DB27DAE2 changes role from FOLLOWER to CANDIDATE at term 0 for changeToCandidate
2019-09-19 08:58:53,024 [Thread-205] INFO  impl.RoleInfo (RoleInfo.java:updateAndGet(143)) - 9f9bfdf2-fb95-4329-a3ea-1e2fab5cdfa8: start LeaderElection
2019-09-19 08:58:53,036 [9f9bfdf2-fb95-4329-a3ea-1e2fab5cdfa8:group-48D2DB27DAE2:LeaderElection9] INFO  impl.LeaderElection (LeaderElection.java:askForVotes(181)) - 9f9bfdf2-fb95-4329-a3ea-1e2fab5cdfa8:group-48D2DB27DAE2:LeaderElection9: begin an election at term 1 for -1: [9f9bfdf2-fb95-4329-a3ea-1e2fab5cdfa8:192.168.157.204:40844], old=null
2019-09-19 08:58:53,037 [9f9bfdf2-fb95-4329-a3ea-1e2fab5cdfa8:group-48D2DB27DAE2:LeaderElection9] INFO  impl.RoleInfo (RoleInfo.java:shutdownLeaderElection(134)) - 9f9bfdf2-fb95-4329-a3ea-1e2fab5cdfa8: shutdown LeaderElection
2019-09-19 08:58:53,037 [9f9bfdf2-fb95-4329-a3ea-1e2fab5cdfa8:group-48D2DB27DAE2:LeaderElection9] INFO  impl.RaftServerImpl (RaftServerImpl.java:setRole(171)) - 9f9bfdf2-fb95-4329-a3ea-1e2fab5cdfa8:group-48D2DB27DAE2 changes role from CANDIDATE to LEADER at term 1 for changeToLeader
2019-09-19 08:58:53,037 [9f9bfdf2-fb95-4329-a3ea-1e2fab5cdfa8:group-48D2DB27DAE2:LeaderElection9] INFO  impl.RaftServerImpl (ServerState.java:setLeader(263)) - 9f9bfdf2-fb95-4329-a3ea-1e2fab5cdfa8:group-48D2DB27DAE2 change Leader from null to 9f9bfdf2-fb95-4329-a3ea-1e2fab5cdfa8 at term 1 for becomeLeader, leader elected after 5203ms
2019-09-19 08:58:53,037 [9f9bfdf2-fb95-4329-a3ea-1e2fab5cdfa8:group-48D2DB27DAE2:LeaderElection9] INFO  server.RaftServerConfigKeys (ConfUtils.java:logGet(43)) - raft.server.staging.catchup.gap = 1000 (default)
2019-09-19 08:58:53,038 [9f9bfdf2-fb95-4329-a3ea-1e2fab5cdfa8:group-48D2DB27DAE2:LeaderElection9] INFO  server.RaftServerConfigKeys (ConfUtils.java:logGet(43)) - raft.server.rpc.sleep.time = 25ms (default)
2019-09-19 08:58:53,038 [9f9bfdf2-fb95-4329-a3ea-1e2fab5cdfa8:group-48D2DB27DAE2:LeaderElection9] INFO  server.RaftServerConfigKeys (ConfUtils.java:logGet(43)) - raft.server.write.element-limit = 4096 (default)
2019-09-19 08:58:53,038 [9f9bfdf2-fb95-4329-a3ea-1e2fab5cdfa8:group-48D2DB27DAE2:LeaderElection9] INFO  server.RaftServerConfigKeys (ConfUtils.java:logGet(43)) - raft.server.watch.timeout = 10s (default)
2019-09-19 08:58:53,038 [9f9bfdf2-fb95-4329-a3ea-1e2fab5cdfa8:group-48D2DB27DAE2:LeaderElection9] INFO  server.RaftServerConfigKeys (ConfUtils.java:logGet(43)) - raft.server.watch.timeout.denomination = 1s (default)
2019-09-19 08:58:53,038 [9f9bfdf2-fb95-4329-a3ea-1e2fab5cdfa8:group-48D2DB27DAE2:LeaderElection9] INFO  server.RaftServerConfigKeys (ConfUtils.java:logGet(43)) - raft.server.watch.element-limit = 65536 (default)
2019-09-19 08:58:53,039 [9f9bfdf2-fb95-4329-a3ea-1e2fab5cdfa8:group-48D2DB27DAE2:LeaderElection9] INFO  impl.RoleInfo (RoleInfo.java:updateAndGet(143)) - 9f9bfdf2-fb95-4329-a3ea-1e2fab5cdfa8: start LeaderState
2019-09-19 08:58:53,039 [9f9bfdf2-fb95-4329-a3ea-1e2fab5cdfa8:group-48D2DB27DAE2:LeaderElection9] INFO  segmented.SegmentedRaftLogWorker (SegmentedRaftLogWorker.java:startLogSegment(380)) - 9f9bfdf2-fb95-4329-a3ea-1e2fab5cdfa8-SegmentedRaftLogWorker:Storage Directory /workdir/hadoop-ozone/integration-test/target/test-dir/MiniOzoneClusterImpl-bdb48ef2-e70a-4dc5-a65a-dd2ce314b41a/datanode-1/data/ratis/c8d8607c-28d2-4193-a773-48d2db27dae2: Starting segment from index:0
2019-09-19 08:58:53,040 [9f9bfdf2-fb95-4329-a3ea-1e2fab5cdfa8:group-48D2DB27DAE2:LeaderElection9] INFO  impl.RaftServerImpl (ServerState.java:setRaftConf(361)) - 9f9bfdf2-fb95-4329-a3ea-1e2fab5cdfa8:group-48D2DB27DAE2 set configuration 0: [9f9bfdf2-fb95-4329-a3ea-1e2fab5cdfa8:192.168.157.204:40844], old=null at 0
2019-09-19 08:58:53,075 [Thread-212] INFO  impl.FollowerState (FollowerState.java:run(106)) - e5bbaf13-f86a-4f92-8b58-de40c00137a1:group-3B7C242B408A changes to CANDIDATE, lastRpcTime:5125, electionTimeout:5111ms
2019-09-19 08:58:53,075 [Thread-208] INFO  impl.FollowerState (FollowerState.java:run(106)) - 321bf75e-33b0-422d-8e21-c4d69826ca09:group-C222C6739E96 changes to CANDIDATE, lastRpcTime:5181, electionTimeout:5160ms
2019-09-19 08:58:53,075 [Thread-212] INFO  impl.RoleInfo (RoleInfo.java:shutdownFollowerState(121)) - e5bbaf13-f86a-4f92-8b58-de40c00137a1: shutdown FollowerState
2019-09-19 08:58:53,075 [Thread-215] INFO  impl.FollowerState (FollowerState.java:run(106)) - 9f9bfdf2-fb95-4329-a3ea-1e2fab5cdfa8:group-9E9146034FA1 changes to CANDIDATE, lastRpcTime:5069, electionTimeout:5050ms
2019-09-19 08:58:53,075 [Thread-212] INFO  impl.RaftServerImpl (RaftServerImpl.java:setRole(171)) - e5bbaf13-f86a-4f92-8b58-de40c00137a1:group-3B7C242B408A changes role from FOLLOWER to CANDIDATE at term 0 for changeToCandidate
2019-09-19 08:58:53,075 [Thread-208] INFO  impl.RoleInfo (RoleInfo.java:shutdownFollowerState(121)) - 321bf75e-33b0-422d-8e21-c4d69826ca09: shutdown FollowerState
2019-09-19 08:58:53,076 [Thread-215] INFO  impl.RoleInfo (RoleInfo.java:shutdownFollowerState(121)) - 9f9bfdf2-fb95-4329-a3ea-1e2fab5cdfa8: shutdown FollowerState
2019-09-19 08:58:53,080 [Thread-212] INFO  impl.RoleInfo (RoleInfo.java:updateAndGet(143)) - e5bbaf13-f86a-4f92-8b58-de40c00137a1: start LeaderElection
2019-09-19 08:58:53,080 [Thread-208] INFO  impl.RaftServerImpl (RaftServerImpl.java:setRole(171)) - 321bf75e-33b0-422d-8e21-c4d69826ca09:group-C222C6739E96 changes role from FOLLOWER to CANDIDATE at term 0 for changeToCandidate
2019-09-19 08:58:53,080 [Thread-215] INFO  impl.RaftServerImpl (RaftServerImpl.java:setRole(171)) - 9f9bfdf2-fb95-4329-a3ea-1e2fab5cdfa8:group-9E9146034FA1 changes role from FOLLOWER to CANDIDATE at term 0 for changeToCandidate
2019-09-19 08:58:53,080 [Thread-208] INFO  impl.RoleInfo (RoleInfo.java:updateAndGet(143)) - 321bf75e-33b0-422d-8e21-c4d69826ca09: start LeaderElection
2019-09-19 08:58:53,084 [Thread-215] INFO  impl.RoleInfo (RoleInfo.java:updateAndGet(143)) - 9f9bfdf2-fb95-4329-a3ea-1e2fab5cdfa8: start LeaderElection
2019-09-19 08:58:53,084 | INFO  | SCMAudit | user=jenkins1000 | ip=192.168.157.204 | op=SEND_HEARTBEAT {datanodeUUID=e5bbaf13-f86a-4f92-8b58-de40c00137a1, command=[]} | ret=SUCCESS |  
2019-09-19 08:58:53,088 [9f9bfdf2-fb95-4329-a3ea-1e2fab5cdfa8-SegmentedRaftLogWorker:Storage Directory /workdir/hadoop-ozone/integration-test/target/test-dir/MiniOzoneClusterImpl-bdb48ef2-e70a-4dc5-a65a-dd2ce314b41a/datanode-1/data/ratis/c8d8607c-28d2-4193-a773-48d2db27dae2] INFO  segmented.SegmentedRaftLogWorker (SegmentedRaftLogWorker.java:execute(569)) - 9f9bfdf2-fb95-4329-a3ea-1e2fab5cdfa8-SegmentedRaftLogWorker:Storage Directory /workdir/hadoop-ozone/integration-test/target/test-dir/MiniOzoneClusterImpl-bdb48ef2-e70a-4dc5-a65a-dd2ce314b41a/datanode-1/data/ratis/c8d8607c-28d2-4193-a773-48d2db27dae2: created new log segment /workdir/hadoop-ozone/integration-test/target/test-dir/MiniOzoneClusterImpl-bdb48ef2-e70a-4dc5-a65a-dd2ce314b41a/datanode-1/data/ratis/c8d8607c-28d2-4193-a773-48d2db27dae2/current/log_inprogress_0
2019-09-19 08:58:53,102 [e5bbaf13-f86a-4f92-8b58-de40c00137a1:group-3B7C242B408A:LeaderElection10] INFO  impl.LeaderElection (LeaderElection.java:askForVotes(181)) - e5bbaf13-f86a-4f92-8b58-de40c00137a1:group-3B7C242B408A:LeaderElection10: begin an election at term 1 for -1: [e5bbaf13-f86a-4f92-8b58-de40c00137a1:192.168.157.204:33097], old=null
2019-09-19 08:58:53,102 [9f9bfdf2-fb95-4329-a3ea-1e2fab5cdfa8:group-9E9146034FA1:LeaderElection12] INFO  impl.LeaderElection (LeaderElection.java:askForVotes(181)) - 9f9bfdf2-fb95-4329-a3ea-1e2fab5cdfa8:group-9E9146034FA1:LeaderElection12: begin an election at term 1 for -1: [9f9bfdf2-fb95-4329-a3ea-1e2fab5cdfa8:192.168.157.204:40844], old=null
2019-09-19 08:58:53,103 [e5bbaf13-f86a-4f92-8b58-de40c00137a1:group-3B7C242B408A:LeaderElection10] INFO  impl.RoleInfo (RoleInfo.java:shutdownLeaderElection(134)) - e5bbaf13-f86a-4f92-8b58-de40c00137a1: shutdown LeaderElection
2019-09-19 08:58:53,102 [321bf75e-33b0-422d-8e21-c4d69826ca09:group-C222C6739E96:LeaderElection11] INFO  impl.LeaderElection (LeaderElection.java:askForVotes(181)) - 321bf75e-33b0-422d-8e21-c4d69826ca09:group-C222C6739E96:LeaderElection11: begin an election at term 1 for -1: [321bf75e-33b0-422d-8e21-c4d69826ca09:192.168.157.204:36032], old=null
2019-09-19 08:58:53,103 [e5bbaf13-f86a-4f92-8b58-de40c00137a1:group-3B7C242B408A:LeaderElection10] INFO  impl.RaftServerImpl (RaftServerImpl.java:setRole(171)) - e5bbaf13-f86a-4f92-8b58-de40c00137a1:group-3B7C242B408A changes role from CANDIDATE to LEADER at term 1 for changeToLeader
2019-09-19 08:58:53,103 [9f9bfdf2-fb95-4329-a3ea-1e2fab5cdfa8:group-9E9146034FA1:LeaderElection12] INFO  impl.RoleInfo (RoleInfo.java:shutdownLeaderElection(134)) - 9f9bfdf2-fb95-4329-a3ea-1e2fab5cdfa8: shutdown LeaderElection
2019-09-19 08:58:53,104 [e5bbaf13-f86a-4f92-8b58-de40c00137a1:group-3B7C242B408A:LeaderElection10] INFO  impl.RaftServerImpl (ServerState.java:setLeader(263)) - e5bbaf13-f86a-4f92-8b58-de40c00137a1:group-3B7C242B408A change Leader from null to e5bbaf13-f86a-4f92-8b58-de40c00137a1 at term 1 for becomeLeader, leader elected after 5160ms
2019-09-19 08:58:53,103 [321bf75e-33b0-422d-8e21-c4d69826ca09:group-C222C6739E96:LeaderElection11] INFO  impl.RoleInfo (RoleInfo.java:shutdownLeaderElection(134)) - 321bf75e-33b0-422d-8e21-c4d69826ca09: shutdown LeaderElection
2019-09-19 08:58:53,104 [9f9bfdf2-fb95-4329-a3ea-1e2fab5cdfa8:group-9E9146034FA1:LeaderElection12] INFO  impl.RaftServerImpl (RaftServerImpl.java:setRole(171)) - 9f9bfdf2-fb95-4329-a3ea-1e2fab5cdfa8:group-9E9146034FA1 changes role from CANDIDATE to LEADER at term 1 for changeToLeader
2019-09-19 08:58:53,104 [321bf75e-33b0-422d-8e21-c4d69826ca09:group-C222C6739E96:LeaderElection11] INFO  impl.RaftServerImpl (RaftServerImpl.java:setRole(171)) - 321bf75e-33b0-422d-8e21-c4d69826ca09:group-C222C6739E96 changes role from CANDIDATE to LEADER at term 1 for changeToLeader
2019-09-19 08:58:53,104 [e5bbaf13-f86a-4f92-8b58-de40c00137a1:group-3B7C242B408A:LeaderElection10] INFO  server.RaftServerConfigKeys (ConfUtils.java:logGet(43)) - raft.server.staging.catchup.gap = 1000 (default)
2019-09-19 08:58:53,104 [321bf75e-33b0-422d-8e21-c4d69826ca09:group-C222C6739E96:LeaderElection11] INFO  impl.RaftServerImpl (ServerState.java:setLeader(263)) - 321bf75e-33b0-422d-8e21-c4d69826ca09:group-C222C6739E96 change Leader from null to 321bf75e-33b0-422d-8e21-c4d69826ca09 at term 1 for becomeLeader, leader elected after 5215ms
2019-09-19 08:58:53,104 [9f9bfdf2-fb95-4329-a3ea-1e2fab5cdfa8:group-9E9146034FA1:LeaderElection12] INFO  impl.RaftServerImpl (ServerState.java:setLeader(263)) - 9f9bfdf2-fb95-4329-a3ea-1e2fab5cdfa8:group-9E9146034FA1 change Leader from null to 9f9bfdf2-fb95-4329-a3ea-1e2fab5cdfa8 at term 1 for becomeLeader, leader elected after 5102ms
2019-09-19 08:58:53,104 [321bf75e-33b0-422d-8e21-c4d69826ca09:group-C222C6739E96:LeaderElection11] INFO  server.RaftServerConfigKeys (ConfUtils.java:logGet(43)) - raft.server.staging.catchup.gap = 1000 (default)
2019-09-19 08:58:53,104 [e5bbaf13-f86a-4f92-8b58-de40c00137a1:group-3B7C242B408A:LeaderElection10] INFO  server.RaftServerConfigKeys (ConfUtils.java:logGet(43)) - raft.server.rpc.sleep.time = 25ms (default)
2019-09-19 08:58:53,105 [321bf75e-33b0-422d-8e21-c4d69826ca09:group-C222C6739E96:LeaderElection11] INFO  server.RaftServerConfigKeys (ConfUtils.java:logGet(43)) - raft.server.rpc.sleep.time = 25ms (default)
2019-09-19 08:58:53,105 [9f9bfdf2-fb95-4329-a3ea-1e2fab5cdfa8:group-9E9146034FA1:LeaderElection12] INFO  server.RaftServerConfigKeys (ConfUtils.java:logGet(43)) - raft.server.staging.catchup.gap = 1000 (default)
2019-09-19 08:58:53,105 [321bf75e-33b0-422d-8e21-c4d69826ca09:group-C222C6739E96:LeaderElection11] INFO  server.RaftServerConfigKeys (ConfUtils.java:logGet(43)) - raft.server.write.element-limit = 4096 (default)
2019-09-19 08:58:53,105 [e5bbaf13-f86a-4f92-8b58-de40c00137a1:group-3B7C242B408A:LeaderElection10] INFO  server.RaftServerConfigKeys (ConfUtils.java:logGet(43)) - raft.server.write.element-limit = 4096 (default)
2019-09-19 08:58:53,105 [321bf75e-33b0-422d-8e21-c4d69826ca09:group-C222C6739E96:LeaderElection11] INFO  server.RaftServerConfigKeys (ConfUtils.java:logGet(43)) - raft.server.watch.timeout = 10s (default)
2019-09-19 08:58:53,105 [9f9bfdf2-fb95-4329-a3ea-1e2fab5cdfa8:group-9E9146034FA1:LeaderElection12] INFO  server.RaftServerConfigKeys (ConfUtils.java:logGet(43)) - raft.server.rpc.sleep.time = 25ms (default)
2019-09-19 08:58:53,105 [321bf75e-33b0-422d-8e21-c4d69826ca09:group-C222C6739E96:LeaderElection11] INFO  server.RaftServerConfigKeys (ConfUtils.java:logGet(43)) - raft.server.watch.timeout.denomination = 1s (default)
2019-09-19 08:58:53,105 [e5bbaf13-f86a-4f92-8b58-de40c00137a1:group-3B7C242B408A:LeaderElection10] INFO  server.RaftServerConfigKeys (ConfUtils.java:logGet(43)) - raft.server.watch.timeout = 10s (default)
2019-09-19 08:58:53,106 [321bf75e-33b0-422d-8e21-c4d69826ca09:group-C222C6739E96:LeaderElection11] INFO  server.RaftServerConfigKeys (ConfUtils.java:logGet(43)) - raft.server.watch.element-limit = 65536 (default)
2019-09-19 08:58:53,106 [9f9bfdf2-fb95-4329-a3ea-1e2fab5cdfa8:group-9E9146034FA1:LeaderElection12] INFO  server.RaftServerConfigKeys (ConfUtils.java:logGet(43)) - raft.server.write.element-limit = 4096 (default)
2019-09-19 08:58:53,106 [e5bbaf13-f86a-4f92-8b58-de40c00137a1:group-3B7C242B408A:LeaderElection10] INFO  server.RaftServerConfigKeys (ConfUtils.java:logGet(43)) - raft.server.watch.timeout.denomination = 1s (default)
2019-09-19 08:58:53,106 [321bf75e-33b0-422d-8e21-c4d69826ca09:group-C222C6739E96:LeaderElection11] INFO  impl.RoleInfo (RoleInfo.java:updateAndGet(143)) - 321bf75e-33b0-422d-8e21-c4d69826ca09: start LeaderState
2019-09-19 08:58:53,106 [9f9bfdf2-fb95-4329-a3ea-1e2fab5cdfa8:group-9E9146034FA1:LeaderElection12] INFO  server.RaftServerConfigKeys (ConfUtils.java:logGet(43)) - raft.server.watch.timeout = 10s (default)
2019-09-19 08:58:53,106 [e5bbaf13-f86a-4f92-8b58-de40c00137a1:group-3B7C242B408A:LeaderElection10] INFO  server.RaftServerConfigKeys (ConfUtils.java:logGet(43)) - raft.server.watch.element-limit = 65536 (default)
2019-09-19 08:58:53,107 [321bf75e-33b0-422d-8e21-c4d69826ca09:group-C222C6739E96:LeaderElection11] INFO  segmented.SegmentedRaftLogWorker (SegmentedRaftLogWorker.java:startLogSegment(380)) - 321bf75e-33b0-422d-8e21-c4d69826ca09-SegmentedRaftLogWorker:Storage Directory /workdir/hadoop-ozone/integration-test/target/test-dir/MiniOzoneClusterImpl-bdb48ef2-e70a-4dc5-a65a-dd2ce314b41a/datanode-2/data/ratis/c34a1795-0d87-4fb0-9078-c222c6739e96: Starting segment from index:0
2019-09-19 08:58:53,107 [9f9bfdf2-fb95-4329-a3ea-1e2fab5cdfa8:group-9E9146034FA1:LeaderElection12] INFO  server.RaftServerConfigKeys (ConfUtils.java:logGet(43)) - raft.server.watch.timeout.denomination = 1s (default)
2019-09-19 08:58:53,107 [e5bbaf13-f86a-4f92-8b58-de40c00137a1:group-3B7C242B408A:LeaderElection10] INFO  impl.RoleInfo (RoleInfo.java:updateAndGet(143)) - e5bbaf13-f86a-4f92-8b58-de40c00137a1: start LeaderState
2019-09-19 08:58:53,107 [9f9bfdf2-fb95-4329-a3ea-1e2fab5cdfa8:group-9E9146034FA1:LeaderElection12] INFO  server.RaftServerConfigKeys (ConfUtils.java:logGet(43)) - raft.server.watch.element-limit = 65536 (default)
2019-09-19 08:58:53,107 [e5bbaf13-f86a-4f92-8b58-de40c00137a1:group-3B7C242B408A:LeaderElection10] INFO  segmented.SegmentedRaftLogWorker (SegmentedRaftLogWorker.java:startLogSegment(380)) - e5bbaf13-f86a-4f92-8b58-de40c00137a1-SegmentedRaftLogWorker:Storage Directory /workdir/hadoop-ozone/integration-test/target/test-dir/MiniOzoneClusterImpl-bdb48ef2-e70a-4dc5-a65a-dd2ce314b41a/datanode-0/data/ratis/8936ca4a-6519-41ea-aab5-3b7c242b408a: Starting segment from index:0
2019-09-19 08:58:53,107 [9f9bfdf2-fb95-4329-a3ea-1e2fab5cdfa8:group-9E9146034FA1:LeaderElection12] INFO  impl.RoleInfo (RoleInfo.java:updateAndGet(143)) - 9f9bfdf2-fb95-4329-a3ea-1e2fab5cdfa8: start LeaderState
2019-09-19 08:58:53,107 [321bf75e-33b0-422d-8e21-c4d69826ca09:group-C222C6739E96:LeaderElection11] INFO  impl.RaftServerImpl (ServerState.java:setRaftConf(361)) - 321bf75e-33b0-422d-8e21-c4d69826ca09:group-C222C6739E96 set configuration 0: [321bf75e-33b0-422d-8e21-c4d69826ca09:192.168.157.204:36032], old=null at 0
2019-09-19 08:58:53,108 [9f9bfdf2-fb95-4329-a3ea-1e2fab5cdfa8:group-9E9146034FA1:LeaderElection12] INFO  segmented.SegmentedRaftLogWorker (SegmentedRaftLogWorker.java:startLogSegment(380)) - 9f9bfdf2-fb95-4329-a3ea-1e2fab5cdfa8-SegmentedRaftLogWorker:Storage Directory /workdir/hadoop-ozone/integration-test/target/test-dir/MiniOzoneClusterImpl-bdb48ef2-e70a-4dc5-a65a-dd2ce314b41a/datanode-1/data/ratis/9455b725-7ef8-4b6a-8c48-9e9146034fa1: Starting segment from index:0
2019-09-19 08:58:53,137 [e5bbaf13-f86a-4f92-8b58-de40c00137a1:group-3B7C242B408A:LeaderElection10] INFO  impl.RaftServerImpl (ServerState.java:setRaftConf(361)) - e5bbaf13-f86a-4f92-8b58-de40c00137a1:group-3B7C242B408A set configuration 0: [e5bbaf13-f86a-4f92-8b58-de40c00137a1:192.168.157.204:33097], old=null at 0
2019-09-19 08:58:53,162 [321bf75e-33b0-422d-8e21-c4d69826ca09-SegmentedRaftLogWorker:Storage Directory /workdir/hadoop-ozone/integration-test/target/test-dir/MiniOzoneClusterImpl-bdb48ef2-e70a-4dc5-a65a-dd2ce314b41a/datanode-2/data/ratis/c34a1795-0d87-4fb0-9078-c222c6739e96] INFO  segmented.SegmentedRaftLogWorker (SegmentedRaftLogWorker.java:execute(569)) - 321bf75e-33b0-422d-8e21-c4d69826ca09-SegmentedRaftLogWorker:Storage Directory /workdir/hadoop-ozone/integration-test/target/test-dir/MiniOzoneClusterImpl-bdb48ef2-e70a-4dc5-a65a-dd2ce314b41a/datanode-2/data/ratis/c34a1795-0d87-4fb0-9078-c222c6739e96: created new log segment /workdir/hadoop-ozone/integration-test/target/test-dir/MiniOzoneClusterImpl-bdb48ef2-e70a-4dc5-a65a-dd2ce314b41a/datanode-2/data/ratis/c34a1795-0d87-4fb0-9078-c222c6739e96/current/log_inprogress_0
2019-09-19 08:58:53,163 [Thread-222] INFO  impl.FollowerState (FollowerState.java:run(106)) - e5bbaf13-f86a-4f92-8b58-de40c00137a1:group-6F0FE569580B changes to CANDIDATE, lastRpcTime:5042, electionTimeout:5024ms
2019-09-19 08:58:53,162 [e5bbaf13-f86a-4f92-8b58-de40c00137a1-SegmentedRaftLogWorker:Storage Directory /workdir/hadoop-ozone/integration-test/target/test-dir/MiniOzoneClusterImpl-bdb48ef2-e70a-4dc5-a65a-dd2ce314b41a/datanode-0/data/ratis/8936ca4a-6519-41ea-aab5-3b7c242b408a] INFO  segmented.SegmentedRaftLogWorker (SegmentedRaftLogWorker.java:execute(569)) - e5bbaf13-f86a-4f92-8b58-de40c00137a1-SegmentedRaftLogWorker:Storage Directory /workdir/hadoop-ozone/integration-test/target/test-dir/MiniOzoneClusterImpl-bdb48ef2-e70a-4dc5-a65a-dd2ce314b41a/datanode-0/data/ratis/8936ca4a-6519-41ea-aab5-3b7c242b408a: created new log segment /workdir/hadoop-ozone/integration-test/target/test-dir/MiniOzoneClusterImpl-bdb48ef2-e70a-4dc5-a65a-dd2ce314b41a/datanode-0/data/ratis/8936ca4a-6519-41ea-aab5-3b7c242b408a/current/log_inprogress_0
2019-09-19 08:58:53,163 [Thread-222] INFO  impl.RoleInfo (RoleInfo.java:shutdownFollowerState(121)) - e5bbaf13-f86a-4f92-8b58-de40c00137a1: shutdown FollowerState
2019-09-19 08:58:53,164 [Thread-222] INFO  impl.RaftServerImpl (RaftServerImpl.java:setRole(171)) - e5bbaf13-f86a-4f92-8b58-de40c00137a1:group-6F0FE569580B changes role from FOLLOWER to CANDIDATE at term 0 for changeToCandidate
2019-09-19 08:58:53,163 [9f9bfdf2-fb95-4329-a3ea-1e2fab5cdfa8:group-9E9146034FA1:LeaderElection12] INFO  impl.RaftServerImpl (ServerState.java:setRaftConf(361)) - 9f9bfdf2-fb95-4329-a3ea-1e2fab5cdfa8:group-9E9146034FA1 set configuration 0: [9f9bfdf2-fb95-4329-a3ea-1e2fab5cdfa8:192.168.157.204:40844], old=null at 0
2019-09-19 08:58:53,165 [Thread-222] INFO  impl.RoleInfo (RoleInfo.java:updateAndGet(143)) - e5bbaf13-f86a-4f92-8b58-de40c00137a1: start LeaderElection
2019-09-19 08:58:53,168 [9f9bfdf2-fb95-4329-a3ea-1e2fab5cdfa8-SegmentedRaftLogWorker:Storage Directory /workdir/hadoop-ozone/integration-test/target/test-dir/MiniOzoneClusterImpl-bdb48ef2-e70a-4dc5-a65a-dd2ce314b41a/datanode-1/data/ratis/9455b725-7ef8-4b6a-8c48-9e9146034fa1] INFO  segmented.SegmentedRaftLogWorker (SegmentedRaftLogWorker.java:execute(569)) - 9f9bfdf2-fb95-4329-a3ea-1e2fab5cdfa8-SegmentedRaftLogWorker:Storage Directory /workdir/hadoop-ozone/integration-test/target/test-dir/MiniOzoneClusterImpl-bdb48ef2-e70a-4dc5-a65a-dd2ce314b41a/datanode-1/data/ratis/9455b725-7ef8-4b6a-8c48-9e9146034fa1: created new log segment /workdir/hadoop-ozone/integration-test/target/test-dir/MiniOzoneClusterImpl-bdb48ef2-e70a-4dc5-a65a-dd2ce314b41a/datanode-1/data/ratis/9455b725-7ef8-4b6a-8c48-9e9146034fa1/current/log_inprogress_0
2019-09-19 08:58:53,185 [e5bbaf13-f86a-4f92-8b58-de40c00137a1:group-6F0FE569580B:LeaderElection13] INFO  impl.LeaderElection (LeaderElection.java:askForVotes(181)) - e5bbaf13-f86a-4f92-8b58-de40c00137a1:group-6F0FE569580B:LeaderElection13: begin an election at term 1 for -1: [e5bbaf13-f86a-4f92-8b58-de40c00137a1:192.168.157.204:33097], old=null
2019-09-19 08:58:53,185 [e5bbaf13-f86a-4f92-8b58-de40c00137a1:group-6F0FE569580B:LeaderElection13] INFO  impl.RoleInfo (RoleInfo.java:shutdownLeaderElection(134)) - e5bbaf13-f86a-4f92-8b58-de40c00137a1: shutdown LeaderElection
2019-09-19 08:58:53,185 [e5bbaf13-f86a-4f92-8b58-de40c00137a1:group-6F0FE569580B:LeaderElection13] INFO  impl.RaftServerImpl (RaftServerImpl.java:setRole(171)) - e5bbaf13-f86a-4f92-8b58-de40c00137a1:group-6F0FE569580B changes role from CANDIDATE to LEADER at term 1 for changeToLeader
2019-09-19 08:58:53,185 [e5bbaf13-f86a-4f92-8b58-de40c00137a1:group-6F0FE569580B:LeaderElection13] INFO  impl.RaftServerImpl (ServerState.java:setLeader(263)) - e5bbaf13-f86a-4f92-8b58-de40c00137a1:group-6F0FE569580B change Leader from null to e5bbaf13-f86a-4f92-8b58-de40c00137a1 at term 1 for becomeLeader, leader elected after 5069ms
2019-09-19 08:58:53,185 [e5bbaf13-f86a-4f92-8b58-de40c00137a1:group-6F0FE569580B:LeaderElection13] INFO  server.RaftServerConfigKeys (ConfUtils.java:logGet(43)) - raft.server.staging.catchup.gap = 1000 (default)
2019-09-19 08:58:53,185 [e5bbaf13-f86a-4f92-8b58-de40c00137a1:group-6F0FE569580B:LeaderElection13] INFO  server.RaftServerConfigKeys (ConfUtils.java:logGet(43)) - raft.server.rpc.sleep.time = 25ms (default)
2019-09-19 08:58:53,186 [e5bbaf13-f86a-4f92-8b58-de40c00137a1:group-6F0FE569580B:LeaderElection13] INFO  server.RaftServerConfigKeys (ConfUtils.java:logGet(43)) - raft.server.write.element-limit = 4096 (default)
2019-09-19 08:58:53,186 [e5bbaf13-f86a-4f92-8b58-de40c00137a1:group-6F0FE569580B:LeaderElection13] INFO  server.RaftServerConfigKeys (ConfUtils.java:logGet(43)) - raft.server.watch.timeout = 10s (default)
2019-09-19 08:58:53,186 [e5bbaf13-f86a-4f92-8b58-de40c00137a1:group-6F0FE569580B:LeaderElection13] INFO  server.RaftServerConfigKeys (ConfUtils.java:logGet(43)) - raft.server.watch.timeout.denomination = 1s (default)
2019-09-19 08:58:53,186 [e5bbaf13-f86a-4f92-8b58-de40c00137a1:group-6F0FE569580B:LeaderElection13] INFO  server.RaftServerConfigKeys (ConfUtils.java:logGet(43)) - raft.server.watch.element-limit = 65536 (default)
2019-09-19 08:58:53,186 [e5bbaf13-f86a-4f92-8b58-de40c00137a1:group-6F0FE569580B:LeaderElection13] INFO  impl.RoleInfo (RoleInfo.java:updateAndGet(143)) - e5bbaf13-f86a-4f92-8b58-de40c00137a1: start LeaderState
2019-09-19 08:58:53,187 [e5bbaf13-f86a-4f92-8b58-de40c00137a1:group-6F0FE569580B:LeaderElection13] INFO  segmented.SegmentedRaftLogWorker (SegmentedRaftLogWorker.java:startLogSegment(380)) - e5bbaf13-f86a-4f92-8b58-de40c00137a1-SegmentedRaftLogWorker:Storage Directory /workdir/hadoop-ozone/integration-test/target/test-dir/MiniOzoneClusterImpl-bdb48ef2-e70a-4dc5-a65a-dd2ce314b41a/datanode-0/data/ratis/7528ab7a-9cae-4c95-8bba-6f0fe569580b: Starting segment from index:0
2019-09-19 08:58:53,187 [e5bbaf13-f86a-4f92-8b58-de40c00137a1:group-6F0FE569580B:LeaderElection13] INFO  impl.RaftServerImpl (ServerState.java:setRaftConf(361)) - e5bbaf13-f86a-4f92-8b58-de40c00137a1:group-6F0FE569580B set configuration 0: [e5bbaf13-f86a-4f92-8b58-de40c00137a1:192.168.157.204:33097], old=null at 0
2019-09-19 08:58:53,218 [Thread-225] INFO  impl.FollowerState (FollowerState.java:run(106)) - e5bbaf13-f86a-4f92-8b58-de40c00137a1:group-5999F71FB5FD changes to CANDIDATE, lastRpcTime:5043, electionTimeout:5026ms
2019-09-19 08:58:53,219 [Thread-219] INFO  impl.FollowerState (FollowerState.java:run(106)) - 321bf75e-33b0-422d-8e21-c4d69826ca09:group-449EA82D9093 changes to CANDIDATE, lastRpcTime:5152, electionTimeout:5131ms
2019-09-19 08:58:53,219 [Thread-225] INFO  impl.RoleInfo (RoleInfo.java:shutdownFollowerState(121)) - e5bbaf13-f86a-4f92-8b58-de40c00137a1: shutdown FollowerState
2019-09-19 08:58:53,219 [Thread-219] INFO  impl.RoleInfo (RoleInfo.java:shutdownFollowerState(121)) - 321bf75e-33b0-422d-8e21-c4d69826ca09: shutdown FollowerState
2019-09-19 08:58:53,220 [Thread-225] INFO  impl.RaftServerImpl (RaftServerImpl.java:setRole(171)) - e5bbaf13-f86a-4f92-8b58-de40c00137a1:group-5999F71FB5FD changes role from FOLLOWER to CANDIDATE at term 0 for changeToCandidate
2019-09-19 08:58:53,220 [Thread-219] INFO  impl.RaftServerImpl (RaftServerImpl.java:setRole(171)) - 321bf75e-33b0-422d-8e21-c4d69826ca09:group-449EA82D9093 changes role from FOLLOWER to CANDIDATE at term 0 for changeToCandidate
2019-09-19 08:58:53,220 [Thread-225] INFO  impl.RoleInfo (RoleInfo.java:updateAndGet(143)) - e5bbaf13-f86a-4f92-8b58-de40c00137a1: start LeaderElection
2019-09-19 08:58:53,220 [Thread-219] INFO  impl.RoleInfo (RoleInfo.java:updateAndGet(143)) - 321bf75e-33b0-422d-8e21-c4d69826ca09: start LeaderElection
2019-09-19 08:58:53,233 [e5bbaf13-f86a-4f92-8b58-de40c00137a1-SegmentedRaftLogWorker:Storage Directory /workdir/hadoop-ozone/integration-test/target/test-dir/MiniOzoneClusterImpl-bdb48ef2-e70a-4dc5-a65a-dd2ce314b41a/datanode-0/data/ratis/7528ab7a-9cae-4c95-8bba-6f0fe569580b] INFO  segmented.SegmentedRaftLogWorker (SegmentedRaftLogWorker.java:execute(569)) - e5bbaf13-f86a-4f92-8b58-de40c00137a1-SegmentedRaftLogWorker:Storage Directory /workdir/hadoop-ozone/integration-test/target/test-dir/MiniOzoneClusterImpl-bdb48ef2-e70a-4dc5-a65a-dd2ce314b41a/datanode-0/data/ratis/7528ab7a-9cae-4c95-8bba-6f0fe569580b: created new log segment /workdir/hadoop-ozone/integration-test/target/test-dir/MiniOzoneClusterImpl-bdb48ef2-e70a-4dc5-a65a-dd2ce314b41a/datanode-0/data/ratis/7528ab7a-9cae-4c95-8bba-6f0fe569580b/current/log_inprogress_0
2019-09-19 08:58:53,233 [e5bbaf13-f86a-4f92-8b58-de40c00137a1:group-5999F71FB5FD:LeaderElection14] INFO  impl.LeaderElection (LeaderElection.java:askForVotes(181)) - e5bbaf13-f86a-4f92-8b58-de40c00137a1:group-5999F71FB5FD:LeaderElection14: begin an election at term 1 for -1: [e5bbaf13-f86a-4f92-8b58-de40c00137a1:192.168.157.204:33097], old=null
2019-09-19 08:58:53,233 [321bf75e-33b0-422d-8e21-c4d69826ca09:group-449EA82D9093:LeaderElection15] INFO  impl.LeaderElection (LeaderElection.java:askForVotes(181)) - 321bf75e-33b0-422d-8e21-c4d69826ca09:group-449EA82D9093:LeaderElection15: begin an election at term 1 for -1: [321bf75e-33b0-422d-8e21-c4d69826ca09:192.168.157.204:36032], old=null
2019-09-19 08:58:53,234 [e5bbaf13-f86a-4f92-8b58-de40c00137a1:group-5999F71FB5FD:LeaderElection14] INFO  impl.RoleInfo (RoleInfo.java:shutdownLeaderElection(134)) - e5bbaf13-f86a-4f92-8b58-de40c00137a1: shutdown LeaderElection
2019-09-19 08:58:53,234 [321bf75e-33b0-422d-8e21-c4d69826ca09:group-449EA82D9093:LeaderElection15] INFO  impl.RoleInfo (RoleInfo.java:shutdownLeaderElection(134)) - 321bf75e-33b0-422d-8e21-c4d69826ca09: shutdown LeaderElection
2019-09-19 08:58:53,234 [e5bbaf13-f86a-4f92-8b58-de40c00137a1:group-5999F71FB5FD:LeaderElection14] INFO  impl.RaftServerImpl (RaftServerImpl.java:setRole(171)) - e5bbaf13-f86a-4f92-8b58-de40c00137a1:group-5999F71FB5FD changes role from CANDIDATE to LEADER at term 1 for changeToLeader
2019-09-19 08:58:53,234 [321bf75e-33b0-422d-8e21-c4d69826ca09:group-449EA82D9093:LeaderElection15] INFO  impl.RaftServerImpl (RaftServerImpl.java:setRole(171)) - 321bf75e-33b0-422d-8e21-c4d69826ca09:group-449EA82D9093 changes role from CANDIDATE to LEADER at term 1 for changeToLeader
2019-09-19 08:58:53,235 [e5bbaf13-f86a-4f92-8b58-de40c00137a1:group-5999F71FB5FD:LeaderElection14] INFO  impl.RaftServerImpl (ServerState.java:setLeader(263)) - e5bbaf13-f86a-4f92-8b58-de40c00137a1:group-5999F71FB5FD change Leader from null to e5bbaf13-f86a-4f92-8b58-de40c00137a1 at term 1 for becomeLeader, leader elected after 5064ms
2019-09-19 08:58:53,235 [321bf75e-33b0-422d-8e21-c4d69826ca09:group-449EA82D9093:LeaderElection15] INFO  impl.RaftServerImpl (ServerState.java:setLeader(263)) - 321bf75e-33b0-422d-8e21-c4d69826ca09:group-449EA82D9093 change Leader from null to 321bf75e-33b0-422d-8e21-c4d69826ca09 at term 1 for becomeLeader, leader elected after 5174ms
2019-09-19 08:58:53,235 [e5bbaf13-f86a-4f92-8b58-de40c00137a1:group-5999F71FB5FD:LeaderElection14] INFO  server.RaftServerConfigKeys (ConfUtils.java:logGet(43)) - raft.server.staging.catchup.gap = 1000 (default)
2019-09-19 08:58:53,235 [321bf75e-33b0-422d-8e21-c4d69826ca09:group-449EA82D9093:LeaderElection15] INFO  server.RaftServerConfigKeys (ConfUtils.java:logGet(43)) - raft.server.staging.catchup.gap = 1000 (default)
2019-09-19 08:58:53,235 [e5bbaf13-f86a-4f92-8b58-de40c00137a1:group-5999F71FB5FD:LeaderElection14] INFO  server.RaftServerConfigKeys (ConfUtils.java:logGet(43)) - raft.server.rpc.sleep.time = 25ms (default)
2019-09-19 08:58:53,235 [321bf75e-33b0-422d-8e21-c4d69826ca09:group-449EA82D9093:LeaderElection15] INFO  server.RaftServerConfigKeys (ConfUtils.java:logGet(43)) - raft.server.rpc.sleep.time = 25ms (default)
2019-09-19 08:58:53,235 [e5bbaf13-f86a-4f92-8b58-de40c00137a1:group-5999F71FB5FD:LeaderElection14] INFO  server.RaftServerConfigKeys (ConfUtils.java:logGet(43)) - raft.server.write.element-limit = 4096 (default)
2019-09-19 08:58:53,235 [321bf75e-33b0-422d-8e21-c4d69826ca09:group-449EA82D9093:LeaderElection15] INFO  server.RaftServerConfigKeys (ConfUtils.java:logGet(43)) - raft.server.write.element-limit = 4096 (default)
2019-09-19 08:58:53,235 [e5bbaf13-f86a-4f92-8b58-de40c00137a1:group-5999F71FB5FD:LeaderElection14] INFO  server.RaftServerConfigKeys (ConfUtils.java:logGet(43)) - raft.server.watch.timeout = 10s (default)
2019-09-19 08:58:53,236 [321bf75e-33b0-422d-8e21-c4d69826ca09:group-449EA82D9093:LeaderElection15] INFO  server.RaftServerConfigKeys (ConfUtils.java:logGet(43)) - raft.server.watch.timeout = 10s (default)
2019-09-19 08:58:53,236 [e5bbaf13-f86a-4f92-8b58-de40c00137a1:group-5999F71FB5FD:LeaderElection14] INFO  server.RaftServerConfigKeys (ConfUtils.java:logGet(43)) - raft.server.watch.timeout.denomination = 1s (default)
2019-09-19 08:58:53,236 [321bf75e-33b0-422d-8e21-c4d69826ca09:group-449EA82D9093:LeaderElection15] INFO  server.RaftServerConfigKeys (ConfUtils.java:logGet(43)) - raft.server.watch.timeout.denomination = 1s (default)
2019-09-19 08:58:53,236 [e5bbaf13-f86a-4f92-8b58-de40c00137a1:group-5999F71FB5FD:LeaderElection14] INFO  server.RaftServerConfigKeys (ConfUtils.java:logGet(43)) - raft.server.watch.element-limit = 65536 (default)
2019-09-19 08:58:53,236 [321bf75e-33b0-422d-8e21-c4d69826ca09:group-449EA82D9093:LeaderElection15] INFO  server.RaftServerConfigKeys (ConfUtils.java:logGet(43)) - raft.server.watch.element-limit = 65536 (default)
2019-09-19 08:58:53,236 [e5bbaf13-f86a-4f92-8b58-de40c00137a1:group-5999F71FB5FD:LeaderElection14] INFO  impl.RoleInfo (RoleInfo.java:updateAndGet(143)) - e5bbaf13-f86a-4f92-8b58-de40c00137a1: start LeaderState
2019-09-19 08:58:53,236 [321bf75e-33b0-422d-8e21-c4d69826ca09:group-449EA82D9093:LeaderElection15] INFO  impl.RoleInfo (RoleInfo.java:updateAndGet(143)) - 321bf75e-33b0-422d-8e21-c4d69826ca09: start LeaderState
2019-09-19 08:58:53,237 [e5bbaf13-f86a-4f92-8b58-de40c00137a1:group-5999F71FB5FD:LeaderElection14] INFO  segmented.SegmentedRaftLogWorker (SegmentedRaftLogWorker.java:startLogSegment(380)) - e5bbaf13-f86a-4f92-8b58-de40c00137a1-SegmentedRaftLogWorker:Storage Directory /workdir/hadoop-ozone/integration-test/target/test-dir/MiniOzoneClusterImpl-bdb48ef2-e70a-4dc5-a65a-dd2ce314b41a/datanode-0/data/ratis/222fd20d-b5d7-47b0-9440-5999f71fb5fd: Starting segment from index:0
2019-09-19 08:58:53,237 [321bf75e-33b0-422d-8e21-c4d69826ca09:group-449EA82D9093:LeaderElection15] INFO  segmented.SegmentedRaftLogWorker (SegmentedRaftLogWorker.java:startLogSegment(380)) - 321bf75e-33b0-422d-8e21-c4d69826ca09-SegmentedRaftLogWorker:Storage Directory /workdir/hadoop-ozone/integration-test/target/test-dir/MiniOzoneClusterImpl-bdb48ef2-e70a-4dc5-a65a-dd2ce314b41a/datanode-2/data/ratis/c281a252-8325-483f-b8ea-449ea82d9093: Starting segment from index:0
2019-09-19 08:58:53,237 [e5bbaf13-f86a-4f92-8b58-de40c00137a1:group-5999F71FB5FD:LeaderElection14] INFO  impl.RaftServerImpl (ServerState.java:setRaftConf(361)) - e5bbaf13-f86a-4f92-8b58-de40c00137a1:group-5999F71FB5FD set configuration 0: [e5bbaf13-f86a-4f92-8b58-de40c00137a1:192.168.157.204:33097], old=null at 0
2019-09-19 08:58:53,237 [321bf75e-33b0-422d-8e21-c4d69826ca09:group-449EA82D9093:LeaderElection15] INFO  impl.RaftServerImpl (ServerState.java:setRaftConf(361)) - 321bf75e-33b0-422d-8e21-c4d69826ca09:group-449EA82D9093 set configuration 0: [321bf75e-33b0-422d-8e21-c4d69826ca09:192.168.157.204:36032], old=null at 0
2019-09-19 08:58:53,286 [e5bbaf13-f86a-4f92-8b58-de40c00137a1-SegmentedRaftLogWorker:Storage Directory /workdir/hadoop-ozone/integration-test/target/test-dir/MiniOzoneClusterImpl-bdb48ef2-e70a-4dc5-a65a-dd2ce314b41a/datanode-0/data/ratis/222fd20d-b5d7-47b0-9440-5999f71fb5fd] INFO  segmented.SegmentedRaftLogWorker (SegmentedRaftLogWorker.java:execute(569)) - e5bbaf13-f86a-4f92-8b58-de40c00137a1-SegmentedRaftLogWorker:Storage Directory /workdir/hadoop-ozone/integration-test/target/test-dir/MiniOzoneClusterImpl-bdb48ef2-e70a-4dc5-a65a-dd2ce314b41a/datanode-0/data/ratis/222fd20d-b5d7-47b0-9440-5999f71fb5fd: created new log segment /workdir/hadoop-ozone/integration-test/target/test-dir/MiniOzoneClusterImpl-bdb48ef2-e70a-4dc5-a65a-dd2ce314b41a/datanode-0/data/ratis/222fd20d-b5d7-47b0-9440-5999f71fb5fd/current/log_inprogress_0
2019-09-19 08:58:53,286 [321bf75e-33b0-422d-8e21-c4d69826ca09-SegmentedRaftLogWorker:Storage Directory /workdir/hadoop-ozone/integration-test/target/test-dir/MiniOzoneClusterImpl-bdb48ef2-e70a-4dc5-a65a-dd2ce314b41a/datanode-2/data/ratis/c281a252-8325-483f-b8ea-449ea82d9093] INFO  segmented.SegmentedRaftLogWorker (SegmentedRaftLogWorker.java:execute(569)) - 321bf75e-33b0-422d-8e21-c4d69826ca09-SegmentedRaftLogWorker:Storage Directory /workdir/hadoop-ozone/integration-test/target/test-dir/MiniOzoneClusterImpl-bdb48ef2-e70a-4dc5-a65a-dd2ce314b41a/datanode-2/data/ratis/c281a252-8325-483f-b8ea-449ea82d9093: created new log segment /workdir/hadoop-ozone/integration-test/target/test-dir/MiniOzoneClusterImpl-bdb48ef2-e70a-4dc5-a65a-dd2ce314b41a/datanode-2/data/ratis/c281a252-8325-483f-b8ea-449ea82d9093/current/log_inprogress_0
2019-09-19 08:58:53,303 | INFO  | SCMAudit | user=jenkins1000 | ip=192.168.157.204 | op=SEND_HEARTBEAT {datanodeUUID=9f9bfdf2-fb95-4329-a3ea-1e2fab5cdfa8, command=[]} | ret=SUCCESS |  
2019-09-19 08:58:53,382 [Thread-234] INFO  impl.FollowerState (FollowerState.java:run(106)) - 9f9bfdf2-fb95-4329-a3ea-1e2fab5cdfa8:group-4FAEC32AFCB4 changes to CANDIDATE, lastRpcTime:5035, electionTimeout:5035ms
2019-09-19 08:58:53,384 [Thread-234] INFO  impl.RoleInfo (RoleInfo.java:shutdownFollowerState(121)) - 9f9bfdf2-fb95-4329-a3ea-1e2fab5cdfa8: shutdown FollowerState
2019-09-19 08:58:53,384 [Thread-234] INFO  impl.RaftServerImpl (RaftServerImpl.java:setRole(171)) - 9f9bfdf2-fb95-4329-a3ea-1e2fab5cdfa8:group-4FAEC32AFCB4 changes role from FOLLOWER to CANDIDATE at term 0 for changeToCandidate
2019-09-19 08:58:53,385 [Thread-234] INFO  impl.RoleInfo (RoleInfo.java:updateAndGet(143)) - 9f9bfdf2-fb95-4329-a3ea-1e2fab5cdfa8: start LeaderElection
2019-09-19 08:58:53,401 [9f9bfdf2-fb95-4329-a3ea-1e2fab5cdfa8:group-4FAEC32AFCB4:LeaderElection16] INFO  impl.LeaderElection (LeaderElection.java:askForVotes(181)) - 9f9bfdf2-fb95-4329-a3ea-1e2fab5cdfa8:group-4FAEC32AFCB4:LeaderElection16: begin an election at term 1 for -1: [9f9bfdf2-fb95-4329-a3ea-1e2fab5cdfa8:192.168.157.204:40844], old=null
2019-09-19 08:58:53,403 [9f9bfdf2-fb95-4329-a3ea-1e2fab5cdfa8:group-4FAEC32AFCB4:LeaderElection16] INFO  impl.RoleInfo (RoleInfo.java:shutdownLeaderElection(134)) - 9f9bfdf2-fb95-4329-a3ea-1e2fab5cdfa8: shutdown LeaderElection
2019-09-19 08:58:53,403 [9f9bfdf2-fb95-4329-a3ea-1e2fab5cdfa8:group-4FAEC32AFCB4:LeaderElection16] INFO  impl.RaftServerImpl (RaftServerImpl.java:setRole(171)) - 9f9bfdf2-fb95-4329-a3ea-1e2fab5cdfa8:group-4FAEC32AFCB4 changes role from CANDIDATE to LEADER at term 1 for changeToLeader
2019-09-19 08:58:53,403 [9f9bfdf2-fb95-4329-a3ea-1e2fab5cdfa8:group-4FAEC32AFCB4:LeaderElection16] INFO  impl.RaftServerImpl (ServerState.java:setLeader(263)) - 9f9bfdf2-fb95-4329-a3ea-1e2fab5cdfa8:group-4FAEC32AFCB4 change Leader from null to 9f9bfdf2-fb95-4329-a3ea-1e2fab5cdfa8 at term 1 for becomeLeader, leader elected after 5059ms
2019-09-19 08:58:53,403 [9f9bfdf2-fb95-4329-a3ea-1e2fab5cdfa8:group-4FAEC32AFCB4:LeaderElection16] INFO  server.RaftServerConfigKeys (ConfUtils.java:logGet(43)) - raft.server.staging.catchup.gap = 1000 (default)
2019-09-19 08:58:53,403 [9f9bfdf2-fb95-4329-a3ea-1e2fab5cdfa8:group-4FAEC32AFCB4:LeaderElection16] INFO  server.RaftServerConfigKeys (ConfUtils.java:logGet(43)) - raft.server.rpc.sleep.time = 25ms (default)
2019-09-19 08:58:53,403 [9f9bfdf2-fb95-4329-a3ea-1e2fab5cdfa8:group-4FAEC32AFCB4:LeaderElection16] INFO  server.RaftServerConfigKeys (ConfUtils.java:logGet(43)) - raft.server.write.element-limit = 4096 (default)
2019-09-19 08:58:53,404 [9f9bfdf2-fb95-4329-a3ea-1e2fab5cdfa8:group-4FAEC32AFCB4:LeaderElection16] INFO  server.RaftServerConfigKeys (ConfUtils.java:logGet(43)) - raft.server.watch.timeout = 10s (default)
2019-09-19 08:58:53,404 [9f9bfdf2-fb95-4329-a3ea-1e2fab5cdfa8:group-4FAEC32AFCB4:LeaderElection16] INFO  server.RaftServerConfigKeys (ConfUtils.java:logGet(43)) - raft.server.watch.timeout.denomination = 1s (default)
2019-09-19 08:58:53,404 [9f9bfdf2-fb95-4329-a3ea-1e2fab5cdfa8:group-4FAEC32AFCB4:LeaderElection16] INFO  server.RaftServerConfigKeys (ConfUtils.java:logGet(43)) - raft.server.watch.element-limit = 65536 (default)
2019-09-19 08:58:53,404 [9f9bfdf2-fb95-4329-a3ea-1e2fab5cdfa8:group-4FAEC32AFCB4:LeaderElection16] INFO  impl.RoleInfo (RoleInfo.java:updateAndGet(143)) - 9f9bfdf2-fb95-4329-a3ea-1e2fab5cdfa8: start LeaderState
2019-09-19 08:58:53,405 [9f9bfdf2-fb95-4329-a3ea-1e2fab5cdfa8:group-4FAEC32AFCB4:LeaderElection16] INFO  segmented.SegmentedRaftLogWorker (SegmentedRaftLogWorker.java:startLogSegment(380)) - 9f9bfdf2-fb95-4329-a3ea-1e2fab5cdfa8-SegmentedRaftLogWorker:Storage Directory /workdir/hadoop-ozone/integration-test/target/test-dir/MiniOzoneClusterImpl-bdb48ef2-e70a-4dc5-a65a-dd2ce314b41a/datanode-1/data/ratis/d3a81628-e6b8-4f1a-9d70-4faec32afcb4: Starting segment from index:0
2019-09-19 08:58:53,405 [9f9bfdf2-fb95-4329-a3ea-1e2fab5cdfa8:group-4FAEC32AFCB4:LeaderElection16] INFO  impl.RaftServerImpl (ServerState.java:setRaftConf(361)) - 9f9bfdf2-fb95-4329-a3ea-1e2fab5cdfa8:group-4FAEC32AFCB4 set configuration 0: [9f9bfdf2-fb95-4329-a3ea-1e2fab5cdfa8:192.168.157.204:40844], old=null at 0
2019-09-19 08:58:53,440 [Thread-228] INFO  impl.FollowerState (FollowerState.java:run(106)) - 321bf75e-33b0-422d-8e21-c4d69826ca09:group-E899794698B1 changes to CANDIDATE, lastRpcTime:5195, electionTimeout:5184ms
2019-09-19 08:58:53,440 [Thread-228] INFO  impl.RoleInfo (RoleInfo.java:shutdownFollowerState(121)) - 321bf75e-33b0-422d-8e21-c4d69826ca09: shutdown FollowerState
2019-09-19 08:58:53,440 [Thread-228] INFO  impl.RaftServerImpl (RaftServerImpl.java:setRole(171)) - 321bf75e-33b0-422d-8e21-c4d69826ca09:group-E899794698B1 changes role from FOLLOWER to CANDIDATE at term 0 for changeToCandidate
2019-09-19 08:58:53,441 [Thread-228] INFO  impl.RoleInfo (RoleInfo.java:updateAndGet(143)) - 321bf75e-33b0-422d-8e21-c4d69826ca09: start LeaderElection
2019-09-19 08:58:53,453 [9f9bfdf2-fb95-4329-a3ea-1e2fab5cdfa8-SegmentedRaftLogWorker:Storage Directory /workdir/hadoop-ozone/integration-test/target/test-dir/MiniOzoneClusterImpl-bdb48ef2-e70a-4dc5-a65a-dd2ce314b41a/datanode-1/data/ratis/d3a81628-e6b8-4f1a-9d70-4faec32afcb4] INFO  segmented.SegmentedRaftLogWorker (SegmentedRaftLogWorker.java:execute(569)) - 9f9bfdf2-fb95-4329-a3ea-1e2fab5cdfa8-SegmentedRaftLogWorker:Storage Directory /workdir/hadoop-ozone/integration-test/target/test-dir/MiniOzoneClusterImpl-bdb48ef2-e70a-4dc5-a65a-dd2ce314b41a/datanode-1/data/ratis/d3a81628-e6b8-4f1a-9d70-4faec32afcb4: created new log segment /workdir/hadoop-ozone/integration-test/target/test-dir/MiniOzoneClusterImpl-bdb48ef2-e70a-4dc5-a65a-dd2ce314b41a/datanode-1/data/ratis/d3a81628-e6b8-4f1a-9d70-4faec32afcb4/current/log_inprogress_0
2019-09-19 08:58:53,453 [321bf75e-33b0-422d-8e21-c4d69826ca09:group-E899794698B1:LeaderElection17] INFO  impl.LeaderElection (LeaderElection.java:askForVotes(181)) - 321bf75e-33b0-422d-8e21-c4d69826ca09:group-E899794698B1:LeaderElection17: begin an election at term 1 for -1: [321bf75e-33b0-422d-8e21-c4d69826ca09:192.168.157.204:36032], old=null
2019-09-19 08:58:53,453 [321bf75e-33b0-422d-8e21-c4d69826ca09:group-E899794698B1:LeaderElection17] INFO  impl.RoleInfo (RoleInfo.java:shutdownLeaderElection(134)) - 321bf75e-33b0-422d-8e21-c4d69826ca09: shutdown LeaderElection
2019-09-19 08:58:53,454 [321bf75e-33b0-422d-8e21-c4d69826ca09:group-E899794698B1:LeaderElection17] INFO  impl.RaftServerImpl (RaftServerImpl.java:setRole(171)) - 321bf75e-33b0-422d-8e21-c4d69826ca09:group-E899794698B1 changes role from CANDIDATE to LEADER at term 1 for changeToLeader
2019-09-19 08:58:53,454 [321bf75e-33b0-422d-8e21-c4d69826ca09:group-E899794698B1:LeaderElection17] INFO  impl.RaftServerImpl (ServerState.java:setLeader(263)) - 321bf75e-33b0-422d-8e21-c4d69826ca09:group-E899794698B1 change Leader from null to 321bf75e-33b0-422d-8e21-c4d69826ca09 at term 1 for becomeLeader, leader elected after 5214ms
2019-09-19 08:58:53,454 [321bf75e-33b0-422d-8e21-c4d69826ca09:group-E899794698B1:LeaderElection17] INFO  server.RaftServerConfigKeys (ConfUtils.java:logGet(43)) - raft.server.staging.catchup.gap = 1000 (default)
2019-09-19 08:58:53,454 [321bf75e-33b0-422d-8e21-c4d69826ca09:group-E899794698B1:LeaderElection17] INFO  server.RaftServerConfigKeys (ConfUtils.java:logGet(43)) - raft.server.rpc.sleep.time = 25ms (default)
2019-09-19 08:58:53,454 [321bf75e-33b0-422d-8e21-c4d69826ca09:group-E899794698B1:LeaderElection17] INFO  server.RaftServerConfigKeys (ConfUtils.java:logGet(43)) - raft.server.write.element-limit = 4096 (default)
2019-09-19 08:58:53,455 [321bf75e-33b0-422d-8e21-c4d69826ca09:group-E899794698B1:LeaderElection17] INFO  server.RaftServerConfigKeys (ConfUtils.java:logGet(43)) - raft.server.watch.timeout = 10s (default)
2019-09-19 08:58:53,455 [321bf75e-33b0-422d-8e21-c4d69826ca09:group-E899794698B1:LeaderElection17] INFO  server.RaftServerConfigKeys (ConfUtils.java:logGet(43)) - raft.server.watch.timeout.denomination = 1s (default)
2019-09-19 08:58:53,455 [321bf75e-33b0-422d-8e21-c4d69826ca09:group-E899794698B1:LeaderElection17] INFO  server.RaftServerConfigKeys (ConfUtils.java:logGet(43)) - raft.server.watch.element-limit = 65536 (default)
2019-09-19 08:58:53,455 [321bf75e-33b0-422d-8e21-c4d69826ca09:group-E899794698B1:LeaderElection17] INFO  impl.RoleInfo (RoleInfo.java:updateAndGet(143)) - 321bf75e-33b0-422d-8e21-c4d69826ca09: start LeaderState
2019-09-19 08:58:53,456 [321bf75e-33b0-422d-8e21-c4d69826ca09:group-E899794698B1:LeaderElection17] INFO  segmented.SegmentedRaftLogWorker (SegmentedRaftLogWorker.java:startLogSegment(380)) - 321bf75e-33b0-422d-8e21-c4d69826ca09-SegmentedRaftLogWorker:Storage Directory /workdir/hadoop-ozone/integration-test/target/test-dir/MiniOzoneClusterImpl-bdb48ef2-e70a-4dc5-a65a-dd2ce314b41a/datanode-2/data/ratis/0e1b402f-e08b-4fe8-954e-e899794698b1: Starting segment from index:0
2019-09-19 08:58:53,456 [321bf75e-33b0-422d-8e21-c4d69826ca09:group-E899794698B1:LeaderElection17] INFO  impl.RaftServerImpl (ServerState.java:setRaftConf(361)) - 321bf75e-33b0-422d-8e21-c4d69826ca09:group-E899794698B1 set configuration 0: [321bf75e-33b0-422d-8e21-c4d69826ca09:192.168.157.204:36032], old=null at 0
2019-09-19 08:58:53,494 [Thread-231] INFO  impl.FollowerState (FollowerState.java:run(106)) - 9f9bfdf2-fb95-4329-a3ea-1e2fab5cdfa8:group-50EA58159E28 changes to CANDIDATE, lastRpcTime:5193, electionTimeout:5177ms
2019-09-19 08:58:53,496 [Thread-231] INFO  impl.RoleInfo (RoleInfo.java:shutdownFollowerState(121)) - 9f9bfdf2-fb95-4329-a3ea-1e2fab5cdfa8: shutdown FollowerState
2019-09-19 08:58:53,496 [Thread-231] INFO  impl.RaftServerImpl (RaftServerImpl.java:setRole(171)) - 9f9bfdf2-fb95-4329-a3ea-1e2fab5cdfa8:group-50EA58159E28 changes role from FOLLOWER to CANDIDATE at term 0 for changeToCandidate
2019-09-19 08:58:53,496 [Thread-231] INFO  impl.RoleInfo (RoleInfo.java:updateAndGet(143)) - 9f9bfdf2-fb95-4329-a3ea-1e2fab5cdfa8: start LeaderElection
2019-09-19 08:58:53,507 [321bf75e-33b0-422d-8e21-c4d69826ca09-SegmentedRaftLogWorker:Storage Directory /workdir/hadoop-ozone/integration-test/target/test-dir/MiniOzoneClusterImpl-bdb48ef2-e70a-4dc5-a65a-dd2ce314b41a/datanode-2/data/ratis/0e1b402f-e08b-4fe8-954e-e899794698b1] INFO  segmented.SegmentedRaftLogWorker (SegmentedRaftLogWorker.java:execute(569)) - 321bf75e-33b0-422d-8e21-c4d69826ca09-SegmentedRaftLogWorker:Storage Directory /workdir/hadoop-ozone/integration-test/target/test-dir/MiniOzoneClusterImpl-bdb48ef2-e70a-4dc5-a65a-dd2ce314b41a/datanode-2/data/ratis/0e1b402f-e08b-4fe8-954e-e899794698b1: created new log segment /workdir/hadoop-ozone/integration-test/target/test-dir/MiniOzoneClusterImpl-bdb48ef2-e70a-4dc5-a65a-dd2ce314b41a/datanode-2/data/ratis/0e1b402f-e08b-4fe8-954e-e899794698b1/current/log_inprogress_0
2019-09-19 08:58:53,507 [9f9bfdf2-fb95-4329-a3ea-1e2fab5cdfa8:group-50EA58159E28:LeaderElection18] INFO  impl.LeaderElection (LeaderElection.java:askForVotes(181)) - 9f9bfdf2-fb95-4329-a3ea-1e2fab5cdfa8:group-50EA58159E28:LeaderElection18: begin an election at term 1 for -1: [9f9bfdf2-fb95-4329-a3ea-1e2fab5cdfa8:192.168.157.204:40844], old=null
2019-09-19 08:58:53,507 [9f9bfdf2-fb95-4329-a3ea-1e2fab5cdfa8:group-50EA58159E28:LeaderElection18] INFO  impl.RoleInfo (RoleInfo.java:shutdownLeaderElection(134)) - 9f9bfdf2-fb95-4329-a3ea-1e2fab5cdfa8: shutdown LeaderElection
2019-09-19 08:58:53,507 [9f9bfdf2-fb95-4329-a3ea-1e2fab5cdfa8:group-50EA58159E28:LeaderElection18] INFO  impl.RaftServerImpl (RaftServerImpl.java:setRole(171)) - 9f9bfdf2-fb95-4329-a3ea-1e2fab5cdfa8:group-50EA58159E28 changes role from CANDIDATE to LEADER at term 1 for changeToLeader
2019-09-19 08:58:53,507 [9f9bfdf2-fb95-4329-a3ea-1e2fab5cdfa8:group-50EA58159E28:LeaderElection18] INFO  impl.RaftServerImpl (ServerState.java:setLeader(263)) - 9f9bfdf2-fb95-4329-a3ea-1e2fab5cdfa8:group-50EA58159E28 change Leader from null to 9f9bfdf2-fb95-4329-a3ea-1e2fab5cdfa8 at term 1 for becomeLeader, leader elected after 5211ms
2019-09-19 08:58:53,508 [9f9bfdf2-fb95-4329-a3ea-1e2fab5cdfa8:group-50EA58159E28:LeaderElection18] INFO  server.RaftServerConfigKeys (ConfUtils.java:logGet(43)) - raft.server.staging.catchup.gap = 1000 (default)
2019-09-19 08:58:53,508 [9f9bfdf2-fb95-4329-a3ea-1e2fab5cdfa8:group-50EA58159E28:LeaderElection18] INFO  server.RaftServerConfigKeys (ConfUtils.java:logGet(43)) - raft.server.rpc.sleep.time = 25ms (default)
2019-09-19 08:58:53,508 [9f9bfdf2-fb95-4329-a3ea-1e2fab5cdfa8:group-50EA58159E28:LeaderElection18] INFO  server.RaftServerConfigKeys (ConfUtils.java:logGet(43)) - raft.server.write.element-limit = 4096 (default)
2019-09-19 08:58:53,508 [9f9bfdf2-fb95-4329-a3ea-1e2fab5cdfa8:group-50EA58159E28:LeaderElection18] INFO  server.RaftServerConfigKeys (ConfUtils.java:logGet(43)) - raft.server.watch.timeout = 10s (default)
2019-09-19 08:58:53,508 [9f9bfdf2-fb95-4329-a3ea-1e2fab5cdfa8:group-50EA58159E28:LeaderElection18] INFO  server.RaftServerConfigKeys (ConfUtils.java:logGet(43)) - raft.server.watch.timeout.denomination = 1s (default)
2019-09-19 08:58:53,509 [9f9bfdf2-fb95-4329-a3ea-1e2fab5cdfa8:group-50EA58159E28:LeaderElection18] INFO  server.RaftServerConfigKeys (ConfUtils.java:logGet(43)) - raft.server.watch.element-limit = 65536 (default)
2019-09-19 08:58:53,509 [9f9bfdf2-fb95-4329-a3ea-1e2fab5cdfa8:group-50EA58159E28:LeaderElection18] INFO  impl.RoleInfo (RoleInfo.java:updateAndGet(143)) - 9f9bfdf2-fb95-4329-a3ea-1e2fab5cdfa8: start LeaderState
2019-09-19 08:58:53,509 [9f9bfdf2-fb95-4329-a3ea-1e2fab5cdfa8:group-50EA58159E28:LeaderElection18] INFO  segmented.SegmentedRaftLogWorker (SegmentedRaftLogWorker.java:startLogSegment(380)) - 9f9bfdf2-fb95-4329-a3ea-1e2fab5cdfa8-SegmentedRaftLogWorker:Storage Directory /workdir/hadoop-ozone/integration-test/target/test-dir/MiniOzoneClusterImpl-bdb48ef2-e70a-4dc5-a65a-dd2ce314b41a/datanode-1/data/ratis/ba860510-510f-4876-a4d7-50ea58159e28: Starting segment from index:0
2019-09-19 08:58:53,510 [9f9bfdf2-fb95-4329-a3ea-1e2fab5cdfa8:group-50EA58159E28:LeaderElection18] INFO  impl.RaftServerImpl (ServerState.java:setRaftConf(361)) - 9f9bfdf2-fb95-4329-a3ea-1e2fab5cdfa8:group-50EA58159E28 set configuration 0: [9f9bfdf2-fb95-4329-a3ea-1e2fab5cdfa8:192.168.157.204:40844], old=null at 0
2019-09-19 08:58:53,554 [9f9bfdf2-fb95-4329-a3ea-1e2fab5cdfa8-SegmentedRaftLogWorker:Storage Directory /workdir/hadoop-ozone/integration-test/target/test-dir/MiniOzoneClusterImpl-bdb48ef2-e70a-4dc5-a65a-dd2ce314b41a/datanode-1/data/ratis/ba860510-510f-4876-a4d7-50ea58159e28] INFO  segmented.SegmentedRaftLogWorker (SegmentedRaftLogWorker.java:execute(569)) - 9f9bfdf2-fb95-4329-a3ea-1e2fab5cdfa8-SegmentedRaftLogWorker:Storage Directory /workdir/hadoop-ozone/integration-test/target/test-dir/MiniOzoneClusterImpl-bdb48ef2-e70a-4dc5-a65a-dd2ce314b41a/datanode-1/data/ratis/ba860510-510f-4876-a4d7-50ea58159e28: created new log segment /workdir/hadoop-ozone/integration-test/target/test-dir/MiniOzoneClusterImpl-bdb48ef2-e70a-4dc5-a65a-dd2ce314b41a/datanode-1/data/ratis/ba860510-510f-4876-a4d7-50ea58159e28/current/log_inprogress_0
2019-09-19 08:58:53,574 | INFO  | SCMAudit | user=jenkins1000 | ip=192.168.157.204 | op=SEND_HEARTBEAT {datanodeUUID=321bf75e-33b0-422d-8e21-c4d69826ca09, command=[]} | ret=SUCCESS |  
2019-09-19 08:58:54,078 | INFO  | SCMAudit | user=jenkins1000 | ip=192.168.157.204 | op=SEND_HEARTBEAT {datanodeUUID=e5bbaf13-f86a-4f92-8b58-de40c00137a1, command=[]} | ret=SUCCESS |  
2019-09-19 08:58:54,305 | INFO  | SCMAudit | user=jenkins1000 | ip=192.168.157.204 | op=SEND_HEARTBEAT {datanodeUUID=9f9bfdf2-fb95-4329-a3ea-1e2fab5cdfa8, command=[]} | ret=SUCCESS |  
2019-09-19 08:58:54,564 | INFO  | SCMAudit | user=jenkins1000 | ip=192.168.157.204 | op=SEND_HEARTBEAT {datanodeUUID=321bf75e-33b0-422d-8e21-c4d69826ca09, command=[]} | ret=SUCCESS |  
2019-09-19 08:58:55,078 | INFO  | SCMAudit | user=jenkins1000 | ip=192.168.157.204 | op=SEND_HEARTBEAT {datanodeUUID=e5bbaf13-f86a-4f92-8b58-de40c00137a1, command=[]} | ret=SUCCESS |  
2019-09-19 08:58:55,304 | INFO  | SCMAudit | user=jenkins1000 | ip=192.168.157.204 | op=SEND_HEARTBEAT {datanodeUUID=9f9bfdf2-fb95-4329-a3ea-1e2fab5cdfa8, command=[]} | ret=SUCCESS |  
2019-09-19 08:58:55,565 | INFO  | SCMAudit | user=jenkins1000 | ip=192.168.157.204 | op=SEND_HEARTBEAT {datanodeUUID=321bf75e-33b0-422d-8e21-c4d69826ca09, command=[]} | ret=SUCCESS |  
2019-09-19 08:58:56,077 | INFO  | SCMAudit | user=jenkins1000 | ip=192.168.157.204 | op=SEND_HEARTBEAT {datanodeUUID=e5bbaf13-f86a-4f92-8b58-de40c00137a1, command=[]} | ret=SUCCESS |  
2019-09-19 08:58:56,312 | INFO  | SCMAudit | user=jenkins1000 | ip=192.168.157.204 | op=SEND_HEARTBEAT {datanodeUUID=9f9bfdf2-fb95-4329-a3ea-1e2fab5cdfa8, command=[]} | ret=SUCCESS |  
2019-09-19 08:58:56,563 | INFO  | SCMAudit | user=jenkins1000 | ip=192.168.157.204 | op=SEND_HEARTBEAT {datanodeUUID=321bf75e-33b0-422d-8e21-c4d69826ca09, command=[]} | ret=SUCCESS |  
2019-09-19 08:58:57,076 | INFO  | SCMAudit | user=jenkins1000 | ip=192.168.157.204 | op=SEND_HEARTBEAT {datanodeUUID=e5bbaf13-f86a-4f92-8b58-de40c00137a1, command=[]} | ret=SUCCESS |  
2019-09-19 08:58:57,303 | INFO  | SCMAudit | user=jenkins1000 | ip=192.168.157.204 | op=SEND_HEARTBEAT {datanodeUUID=9f9bfdf2-fb95-4329-a3ea-1e2fab5cdfa8, command=[]} | ret=SUCCESS |  
2019-09-19 08:58:57,564 | INFO  | SCMAudit | user=jenkins1000 | ip=192.168.157.204 | op=SEND_HEARTBEAT {datanodeUUID=321bf75e-33b0-422d-8e21-c4d69826ca09, command=[]} | ret=SUCCESS |  
2019-09-19 08:58:58,075 | INFO  | SCMAudit | user=jenkins1000 | ip=192.168.157.204 | op=SEND_HEARTBEAT {datanodeUUID=e5bbaf13-f86a-4f92-8b58-de40c00137a1, command=[]} | ret=SUCCESS |  
2019-09-19 08:58:58,100 | INFO  | SCMAudit | user=jenkins1000 | ip=192.168.157.204 | op=SEND_HEARTBEAT {datanodeUUID=321bf75e-33b0-422d-8e21-c4d69826ca09, command=[]} | ret=SUCCESS |  
2019-09-19 08:58:58,132 | INFO  | DNAudit | user=null | ip=null | op=WRITE_CHUNK {blockData=conID: 1 locID: 102818350915715073 bcsId: 0} | ret=SUCCESS |  
2019-09-19 08:58:58,148 | INFO  | DNAudit | user=null | ip=null | op=WRITE_CHUNK {blockData=conID: 1 locID: 102818350915715073 bcsId: 0} | ret=SUCCESS |  
2019-09-19 08:58:58,164 [grpc-default-executor-0] INFO  client.GrpcClientProtocolClient (GrpcClientProtocolClient.java:onNext(255)) - client-FEEAE0F0EA78->321bf75e-33b0-422d-8e21-c4d69826ca09: receive RaftClientReply:client-FEEAE0F0EA78->321bf75e-33b0-422d-8e21-c4d69826ca09@group-C222C6739E96, cid=18, SUCCESS, logIndex=1, commits[321bf75e-33b0-422d-8e21-c4d69826ca09:c1]
2019-09-19 08:58:58,302 | INFO  | SCMAudit | user=jenkins1000 | ip=192.168.157.204 | op=SEND_HEARTBEAT {datanodeUUID=9f9bfdf2-fb95-4329-a3ea-1e2fab5cdfa8, command=[]} | ret=SUCCESS |  
2019-09-19 08:58:59,076 | INFO  | SCMAudit | user=jenkins1000 | ip=192.168.157.204 | op=SEND_HEARTBEAT {datanodeUUID=e5bbaf13-f86a-4f92-8b58-de40c00137a1, command=[]} | ret=SUCCESS |  
2019-09-19 08:58:59,082 | INFO  | SCMAudit | user=jenkins1000 | ip=192.168.157.204 | op=SEND_HEARTBEAT {datanodeUUID=321bf75e-33b0-422d-8e21-c4d69826ca09, command=[]} | ret=SUCCESS |  
2019-09-19 08:58:59,302 | INFO  | SCMAudit | user=jenkins1000 | ip=192.168.157.204 | op=SEND_HEARTBEAT {datanodeUUID=9f9bfdf2-fb95-4329-a3ea-1e2fab5cdfa8, command=[]} | ret=SUCCESS |  
2019-09-19 08:59:00,076 | INFO  | SCMAudit | user=jenkins1000 | ip=192.168.157.204 | op=SEND_HEARTBEAT {datanodeUUID=e5bbaf13-f86a-4f92-8b58-de40c00137a1, command=[]} | ret=SUCCESS |  
2019-09-19 08:59:00,082 | INFO  | SCMAudit | user=jenkins1000 | ip=192.168.157.204 | op=SEND_HEARTBEAT {datanodeUUID=321bf75e-33b0-422d-8e21-c4d69826ca09, command=[]} | ret=SUCCESS |  
2019-09-19 08:59:00,302 | INFO  | SCMAudit | user=jenkins1000 | ip=192.168.157.204 | op=SEND_HEARTBEAT {datanodeUUID=9f9bfdf2-fb95-4329-a3ea-1e2fab5cdfa8, command=[]} | ret=SUCCESS |  
2019-09-19 08:59:01,076 | INFO  | SCMAudit | user=jenkins1000 | ip=192.168.157.204 | op=SEND_HEARTBEAT {datanodeUUID=e5bbaf13-f86a-4f92-8b58-de40c00137a1, command=[]} | ret=SUCCESS |  
2019-09-19 08:59:01,083 | INFO  | SCMAudit | user=jenkins1000 | ip=192.168.157.204 | op=SEND_HEARTBEAT {datanodeUUID=321bf75e-33b0-422d-8e21-c4d69826ca09, command=[]} | ret=SUCCESS |  
2019-09-19 08:59:01,303 | INFO  | SCMAudit | user=jenkins1000 | ip=192.168.157.204 | op=SEND_HEARTBEAT {datanodeUUID=9f9bfdf2-fb95-4329-a3ea-1e2fab5cdfa8, command=[]} | ret=SUCCESS |  
2019-09-19 08:59:02,077 | INFO  | SCMAudit | user=jenkins1000 | ip=192.168.157.204 | op=SEND_HEARTBEAT {datanodeUUID=e5bbaf13-f86a-4f92-8b58-de40c00137a1, command=[]} | ret=SUCCESS |  
2019-09-19 08:59:02,083 | INFO  | SCMAudit | user=jenkins1000 | ip=192.168.157.204 | op=SEND_HEARTBEAT {datanodeUUID=321bf75e-33b0-422d-8e21-c4d69826ca09, command=[]} | ret=SUCCESS |  
2019-09-19 08:59:02,302 | INFO  | SCMAudit | user=jenkins1000 | ip=192.168.157.204 | op=SEND_HEARTBEAT {datanodeUUID=9f9bfdf2-fb95-4329-a3ea-1e2fab5cdfa8, command=[]} | ret=SUCCESS |  
2019-09-19 08:59:03,076 | INFO  | SCMAudit | user=jenkins1000 | ip=192.168.157.204 | op=SEND_HEARTBEAT {datanodeUUID=e5bbaf13-f86a-4f92-8b58-de40c00137a1, command=[]} | ret=SUCCESS |  
2019-09-19 08:59:03,083 | INFO  | SCMAudit | user=jenkins1000 | ip=192.168.157.204 | op=SEND_HEARTBEAT {datanodeUUID=321bf75e-33b0-422d-8e21-c4d69826ca09, command=[]} | ret=SUCCESS |  
2019-09-19 08:59:03,302 | INFO  | SCMAudit | user=jenkins1000 | ip=192.168.157.204 | op=SEND_HEARTBEAT {datanodeUUID=9f9bfdf2-fb95-4329-a3ea-1e2fab5cdfa8, command=[]} | ret=SUCCESS |  
2019-09-19 08:59:04,076 | INFO  | SCMAudit | user=jenkins1000 | ip=192.168.157.204 | op=SEND_HEARTBEAT {datanodeUUID=e5bbaf13-f86a-4f92-8b58-de40c00137a1, command=[]} | ret=SUCCESS |  
2019-09-19 08:59:04,083 | INFO  | SCMAudit | user=jenkins1000 | ip=192.168.157.204 | op=SEND_HEARTBEAT {datanodeUUID=321bf75e-33b0-422d-8e21-c4d69826ca09, command=[]} | ret=SUCCESS |  
2019-09-19 08:59:04,303 | INFO  | SCMAudit | user=jenkins1000 | ip=192.168.157.204 | op=SEND_HEARTBEAT {datanodeUUID=9f9bfdf2-fb95-4329-a3ea-1e2fab5cdfa8, command=[]} | ret=SUCCESS |  
2019-09-19 08:59:04,712 [grpc-default-executor-0] INFO  client.GrpcClientProtocolClient (GrpcClientProtocolClient.java:onNext(255)) - client-FEEAE0F0EA78->321bf75e-33b0-422d-8e21-c4d69826ca09: receive RaftClientReply:client-FEEAE0F0EA78->321bf75e-33b0-422d-8e21-c4d69826ca09@group-C222C6739E96, cid=18, SUCCESS, logIndex=1, commits[321bf75e-33b0-422d-8e21-c4d69826ca09:c1]
2019-09-19 08:59:05,076 | INFO  | SCMAudit | user=jenkins1000 | ip=192.168.157.204 | op=SEND_HEARTBEAT {datanodeUUID=e5bbaf13-f86a-4f92-8b58-de40c00137a1, command=[]} | ret=SUCCESS |  
2019-09-19 08:59:05,082 | INFO  | SCMAudit | user=jenkins1000 | ip=192.168.157.204 | op=SEND_HEARTBEAT {datanodeUUID=321bf75e-33b0-422d-8e21-c4d69826ca09, command=[]} | ret=SUCCESS |  
2019-09-19 08:59:05,304 | INFO  | SCMAudit | user=jenkins1000 | ip=192.168.157.204 | op=SEND_HEARTBEAT {datanodeUUID=9f9bfdf2-fb95-4329-a3ea-1e2fab5cdfa8, command=[]} | ret=SUCCESS |  
2019-09-19 08:59:05,688 | INFO  | DNAudit | user=null | ip=null | op=PUT_BLOCK {blockData=[blockId=conID: 1 locID: 102818350915715073 bcsId: 0,size=36]} | ret=SUCCESS |  
2019-09-19 08:59:05,694 [grpc-default-executor-0] INFO  client.GrpcClientProtocolClient (GrpcClientProtocolClient.java:onNext(255)) - client-FEEAE0F0EA78->321bf75e-33b0-422d-8e21-c4d69826ca09: receive RaftClientReply:client-FEEAE0F0EA78->321bf75e-33b0-422d-8e21-c4d69826ca09@group-C222C6739E96, cid=19, SUCCESS, logIndex=3, commits[321bf75e-33b0-422d-8e21-c4d69826ca09:c4]
2019-09-19 08:59:05,724 | INFO  | OMAudit | user=jenkins1000 | ip=127.0.0.1 | op=COMMIT_KEY {volume=c88890d9-215d-44ae-99aa-6f486cc40630, bucket=64746d3a-c3d2-4d45-b006-e88abc83042d, key=0c98433b-56dc-4984-be59-fa5372f0a657, dataSize=36, replicationType=null, replicationFactor=null, keyLocationInfo=[{blockID={containerID=1, localID=102818350915715073}, length=36, offset=0, token=null, pipeline=Pipeline[ Id: c34a1795-0d87-4fb0-9078-c222c6739e96, Nodes: 321bf75e-33b0-422d-8e21-c4d69826ca09{ip: 192.168.157.204, host: pr-hdds-1569-cpgw4-1311585219, networkLocation: /default-rack, certSerialId: null}, Type:RATIS, Factor:ONE, State:OPEN], createVersion=0}], clientID=102818350890942464} | ret=SUCCESS |  
2019-09-19 08:59:05,739 [IPC Server handler 0 on 42927] ERROR pipeline.PipelinePlacementPolicy (PipelinePlacementPolicy.java:meetCriteria(91)) - Pipeline Placement: Doesn't meet the criteria to be viable node. Heaviness: 6
2019-09-19 08:59:05,744 [IPC Server handler 0 on 42927] ERROR pipeline.PipelinePlacementPolicy (PipelinePlacementPolicy.java:meetCriteria(91)) - Pipeline Placement: Doesn't meet the criteria to be viable node. Heaviness: 6
2019-09-19 08:59:05,744 [IPC Server handler 0 on 42927] ERROR pipeline.PipelinePlacementPolicy (PipelinePlacementPolicy.java:meetCriteria(91)) - Pipeline Placement: Doesn't meet the criteria to be viable node. Heaviness: 6
2019-09-19 08:59:05,745 [IPC Server handler 0 on 42927] ERROR pipeline.PipelinePlacementPolicy (PipelinePlacementPolicy.java:filterViableNodes(146)) - Unable to find enough nodes that meet the criteria that cannot engage in more than 5 pipelines. Nodes required: 3 Found: 0, healthy nodes count inNodeManager: 3.
2019-09-19 08:59:05,745 [IPC Server handler 0 on 42927] ERROR pipeline.SCMPipelineManager (SCMPipelineManager.java:createPipeline(161)) - Pipeline creation failed due to exception: Unable to find enough nodes that meet the criteria that cannot engage in more than 5 pipelines. Nodes required: 3 Found: 0, healthy nodes count inNodeManager: 3.
2019-09-19 08:59:05,747 [IPC Server handler 0 on 42927] WARN  block.BlockManagerImpl (BlockManagerImpl.java:allocateBlock(192)) - Pipeline creation failed for type:RATIS factor:THREE. Retrying get pipelines call once.
org.apache.hadoop.hdds.scm.exceptions.SCMException: Unable to find enough nodes that meet the criteria that cannot engage in more than 5 pipelines. Nodes required: 3 Found: 0, healthy nodes count inNodeManager: 3.
	at org.apache.hadoop.hdds.scm.pipeline.PipelinePlacementPolicy.filterViableNodes(PipelinePlacementPolicy.java:147)
	at org.apache.hadoop.hdds.scm.pipeline.PipelinePlacementPolicy.chooseDatanodes(PipelinePlacementPolicy.java:170)
	at org.apache.hadoop.hdds.scm.pipeline.RatisPipelineProvider.create(RatisPipelineProvider.java:92)
	at org.apache.hadoop.hdds.scm.pipeline.PipelineFactory.create(PipelineFactory.java:57)
	at org.apache.hadoop.hdds.scm.pipeline.SCMPipelineManager.createPipeline(SCMPipelineManager.java:149)
	at org.apache.hadoop.hdds.scm.block.BlockManagerImpl.allocateBlock(BlockManagerImpl.java:190)
	at org.apache.hadoop.hdds.scm.server.SCMBlockProtocolServer.allocateBlock(SCMBlockProtocolServer.java:175)
	at org.apache.hadoop.ozone.protocolPB.ScmBlockLocationProtocolServerSideTranslatorPB.allocateScmBlock(ScmBlockLocationProtocolServerSideTranslatorPB.java:153)
	at org.apache.hadoop.ozone.protocolPB.ScmBlockLocationProtocolServerSideTranslatorPB.send(ScmBlockLocationProtocolServerSideTranslatorPB.java:112)
	at org.apache.hadoop.hdds.protocol.proto.ScmBlockLocationProtocolProtos$ScmBlockLocationProtocolService$2.callBlockingMethod(ScmBlockLocationProtocolProtos.java:13157)
	at org.apache.hadoop.ipc.ProtobufRpcEngine$Server$ProtoBufRpcInvoker.call(ProtobufRpcEngine.java:524)
	at org.apache.hadoop.ipc.RPC$Server.call(RPC.java:1025)
	at org.apache.hadoop.ipc.Server$RpcCall.run(Server.java:876)
	at org.apache.hadoop.ipc.Server$RpcCall.run(Server.java:822)
	at java.security.AccessController.doPrivileged(Native Method)
	at javax.security.auth.Subject.doAs(Subject.java:422)
	at org.apache.hadoop.security.UserGroupInformation.doAs(UserGroupInformation.java:1730)
	at org.apache.hadoop.ipc.Server$Handler.run(Server.java:2682)
2019-09-19 08:59:05,750 [IPC Server handler 0 on 42927] INFO  block.BlockManagerImpl (BlockManagerImpl.java:allocateBlock(198)) - Could not find available pipeline of type:RATIS and factor:THREE even after retrying
2019-09-19 08:59:05,750 [IPC Server handler 0 on 42927] ERROR block.BlockManagerImpl (BlockManagerImpl.java:allocateBlock(222)) - Unable to allocate a block for the size: 4194304, type: RATIS, factor: THREE
2019-09-19 08:59:05,750 | INFO  | SCMAudit | user=jenkins1000 | ip=192.168.157.204 | op=ALLOCATE_BLOCK {owner=efe9a8fd-f8e5-4e77-a17e-e9dcb5062aad, size=4194304, type=RATIS, factor=THREE} | ret=SUCCESS |  
2019-09-19 08:59:05,751 | ERROR | OMAudit | user=jenkins1000 | ip=127.0.0.1 | op=ALLOCATE_KEY {volume=c88890d9-215d-44ae-99aa-6f486cc40630, bucket=64746d3a-c3d2-4d45-b006-e88abc83042d, key=e4dbe802-8831-4fcd-8c58-6ee3375f0202, dataSize=36, replicationType=RATIS, replicationFactor=THREE, keyLocationInfo=null} | ret=FAILURE | org.apache.hadoop.hdds.scm.exceptions.SCMException: Allocated 0 blocks. Requested 1 blocks
	at org.apache.hadoop.hdds.scm.protocolPB.ScmBlockLocationProtocolClientSideTranslatorPB.handleError(ScmBlockLocationProtocolClientSideTranslatorPB.java:118)
	at org.apache.hadoop.hdds.scm.protocolPB.ScmBlockLocationProtocolClientSideTranslatorPB.allocateBlock(ScmBlockLocationProtocolClientSideTranslatorPB.java:156) 
]]></system-out>
    <system-err><![CDATA[Sep 19, 2019 8:58:41 AM com.sun.jersey.server.impl.application.WebApplicationImpl _initiate
INFO: Initiating Jersey application, version 'Jersey: 1.19 02/11/2015 03:25 AM'
Sep 19, 2019 8:58:42 AM com.sun.jersey.server.impl.application.WebApplicationImpl _initiate
INFO: Initiating Jersey application, version 'Jersey: 1.19 02/11/2015 03:25 AM'
Sep 19, 2019 8:58:42 AM com.sun.jersey.server.impl.application.WebApplicationImpl _initiate
INFO: Initiating Jersey application, version 'Jersey: 1.19 02/11/2015 03:25 AM'
]]></system-err>
  </testcase>
</testsuite>