<?xml version="1.0" encoding="UTF-8"?>
<testsuite xmlns:xsi="http://www.w3.org/2001/XMLSchema-instance" xsi:noNamespaceSchemaLocation="https://maven.apache.org/surefire/maven-surefire-plugin/xsd/surefire-test-report.xsd" name="org.apache.hadoop.ozone.client.rpc.TestOzoneClientRetriesOnException" time="101.189" tests="2" errors="0" skipped="0" failures="1">
  <properties>
    <property name="awt.toolkit" value="sun.awt.X11.XToolkit"/>
    <property name="file.encoding.pkg" value="sun.io"/>
    <property name="java.specification.version" value="1.8"/>
    <property name="sun.cpu.isalist" value=""/>
    <property name="sun.jnu.encoding" value="UTF-8"/>
    <property name="java.class.path" value="/workdir/hadoop-ozone/integration-test/target/test-classes:/workdir/hadoop-ozone/integration-test/target/classes:/home/user/.m2/repository/org/apache/hadoop/hadoop-ozone-common/0.5.0-SNAPSHOT/hadoop-ozone-common-0.5.0-SNAPSHOT.jar:/home/user/.m2/repository/org/apache/commons/commons-compress/1.4.1/commons-compress-1.4.1.jar:/home/user/.m2/repository/org/tukaani/xz/1.0/xz-1.0.jar:/home/user/.m2/repository/org/apache/hadoop/hadoop-common/3.2.0/hadoop-common-3.2.0.jar:/home/user/.m2/repository/org/apache/hadoop/hadoop-hdfs/3.2.0/hadoop-hdfs-3.2.0.jar:/home/user/.m2/repository/org/apache/hadoop/hadoop-hdfs-client/3.2.0/hadoop-hdfs-client-3.2.0.jar:/home/user/.m2/repository/com/fasterxml/jackson/core/jackson-annotations/2.9.5/jackson-annotations-2.9.5.jar:/home/user/.m2/repository/org/apache/hadoop/hadoop-hdds-common/0.5.0-SNAPSHOT/hadoop-hdds-common-0.5.0-SNAPSHOT.jar:/home/user/.m2/repository/javax/annotation/javax.annotation-api/1.2/javax.annotation-api-1.2.jar:/home/user/.m2/repository/org/apache/ratis/ratis-server/0.4.0-2337318-SNAPSHOT/ratis-server-0.4.0-2337318-SNAPSHOT.jar:/home/user/.m2/repository/org/apache/ratis/ratis-thirdparty-misc/0.2.0/ratis-thirdparty-misc-0.2.0.jar:/home/user/.m2/repository/org/apache/ratis/ratis-proto/0.4.0-2337318-SNAPSHOT/ratis-proto-0.4.0-2337318-SNAPSHOT.jar:/home/user/.m2/repository/org/apache/ratis/ratis-common/0.4.0-2337318-SNAPSHOT/ratis-common-0.4.0-2337318-SNAPSHOT.jar:/home/user/.m2/repository/org/apache/ratis/ratis-client/0.4.0-2337318-SNAPSHOT/ratis-client-0.4.0-2337318-SNAPSHOT.jar:/home/user/.m2/repository/org/apache/ratis/ratis-metrics/0.4.0-2337318-SNAPSHOT/ratis-metrics-0.4.0-2337318-SNAPSHOT.jar:/home/user/.m2/repository/org/apache/ratis/ratis-netty/0.4.0-2337318-SNAPSHOT/ratis-netty-0.4.0-2337318-SNAPSHOT.jar:/home/user/.m2/repository/org/apache/ratis/ratis-grpc/0.4.0-2337318-SNAPSHOT/ratis-grpc-0.4.0-2337318-SNAPSHOT.jar:/home/user/.m2/repository/org/rocksdb/rocksdbjni/6.0.1/rocksdbjni-6.0.1.jar:/home/user/.m2/repository/org/apache/logging/log4j/log4j-api/2.11.0/log4j-api-2.11.0.jar:/home/user/.m2/repository/org/apache/logging/log4j/log4j-core/2.11.0/log4j-core-2.11.0.jar:/home/user/.m2/repository/com/lmax/disruptor/3.4.2/disruptor-3.4.2.jar:/home/user/.m2/repository/org/apache/commons/commons-pool2/2.6.0/commons-pool2-2.6.0.jar:/home/user/.m2/repository/org/bouncycastle/bcpkix-jdk15on/1.60/bcpkix-jdk15on-1.60.jar:/home/user/.m2/repository/commons-validator/commons-validator/1.6/commons-validator-1.6.jar:/home/user/.m2/repository/commons-digester/commons-digester/1.8.1/commons-digester-1.8.1.jar:/home/user/.m2/repository/io/jaegertracing/jaeger-client/0.33.1/jaeger-client-0.33.1.jar:/home/user/.m2/repository/io/jaegertracing/jaeger-thrift/0.33.1/jaeger-thrift-0.33.1.jar:/home/user/.m2/repository/org/apache/thrift/libthrift/0.11.0/libthrift-0.11.0.jar:/home/user/.m2/repository/com/squareup/okhttp3/okhttp/3.9.0/okhttp-3.9.0.jar:/home/user/.m2/repository/com/squareup/okio/okio/1.13.0/okio-1.13.0.jar:/home/user/.m2/repository/io/jaegertracing/jaeger-core/0.33.1/jaeger-core-0.33.1.jar:/home/user/.m2/repository/io/jaegertracing/jaeger-tracerresolver/0.33.1/jaeger-tracerresolver-0.33.1.jar:/home/user/.m2/repository/io/opentracing/contrib/opentracing-tracerresolver/0.1.5/opentracing-tracerresolver-0.1.5.jar:/home/user/.m2/repository/io/opentracing/opentracing-util/0.31.0/opentracing-util-0.31.0.jar:/home/user/.m2/repository/io/opentracing/opentracing-api/0.31.0/opentracing-api-0.31.0.jar:/home/user/.m2/repository/io/opentracing/opentracing-noop/0.31.0/opentracing-noop-0.31.0.jar:/home/user/.m2/repository/org/apache/hadoop/hadoop-hdds-server-framework/0.5.0-SNAPSHOT/hadoop-hdds-server-framework-0.5.0-SNAPSHOT.jar:/home/user/.m2/repository/org/apache/hadoop/hadoop-hdds-container-service/0.5.0-SNAPSHOT/hadoop-hdds-container-service-0.5.0-SNAPSHOT.jar:/home/user/.m2/repository/org/apache/hadoop/hadoop-hdds-client/0.5.0-SNAPSHOT/hadoop-hdds-client-0.5.0-SNAPSHOT.jar:/home/user/.m2/repository/org/apache/hadoop/hadoop-hdds-tools/0.5.0-SNAPSHOT/hadoop-hdds-tools-0.5.0-SNAPSHOT.jar:/home/user/.m2/repository/org/apache/hadoop/hadoop-hdds-server-scm/0.5.0-SNAPSHOT/hadoop-hdds-server-scm-0.5.0-SNAPSHOT.jar:/home/user/.m2/repository/org/apache/hadoop/hadoop-hdds-docs/0.5.0-SNAPSHOT/hadoop-hdds-docs-0.5.0-SNAPSHOT.jar:/home/user/.m2/repository/io/dropwizard/metrics/metrics-core/3.2.4/metrics-core-3.2.4.jar:/home/user/.m2/repository/org/hamcrest/hamcrest-all/1.3/hamcrest-all-1.3.jar:/home/user/.m2/repository/org/bouncycastle/bcprov-jdk15on/1.60/bcprov-jdk15on-1.60.jar:/home/user/.m2/repository/info/picocli/picocli/3.9.6/picocli-3.9.6.jar:/home/user/.m2/repository/com/google/protobuf/protobuf-java/2.5.0/protobuf-java-2.5.0.jar:/home/user/.m2/repository/com/google/guava/guava/11.0.2/guava-11.0.2.jar:/home/user/.m2/repository/org/apache/hadoop/hadoop-ozone-ozone-manager/0.5.0-SNAPSHOT/hadoop-ozone-ozone-manager-0.5.0-SNAPSHOT.jar:/home/user/.m2/repository/org/apache/hadoop/hadoop-minikdc/3.2.0/hadoop-minikdc-3.2.0.jar:/home/user/.m2/repository/commons-io/commons-io/2.5/commons-io-2.5.jar:/home/user/.m2/repository/org/apache/kerby/kerb-simplekdc/1.0.1/kerb-simplekdc-1.0.1.jar:/home/user/.m2/repository/org/apache/kerby/kerb-client/1.0.1/kerb-client-1.0.1.jar:/home/user/.m2/repository/org/apache/kerby/kerby-config/1.0.1/kerby-config-1.0.1.jar:/home/user/.m2/repository/org/apache/kerby/kerb-core/1.0.1/kerb-core-1.0.1.jar:/home/user/.m2/repository/org/apache/kerby/kerby-pkix/1.0.1/kerby-pkix-1.0.1.jar:/home/user/.m2/repository/org/apache/kerby/kerby-asn1/1.0.1/kerby-asn1-1.0.1.jar:/home/user/.m2/repository/org/apache/kerby/kerby-util/1.0.1/kerby-util-1.0.1.jar:/home/user/.m2/repository/org/apache/kerby/kerb-common/1.0.1/kerb-common-1.0.1.jar:/home/user/.m2/repository/org/apache/kerby/kerb-crypto/1.0.1/kerb-crypto-1.0.1.jar:/home/user/.m2/repository/org/apache/kerby/kerb-util/1.0.1/kerb-util-1.0.1.jar:/home/user/.m2/repository/org/apache/kerby/token-provider/1.0.1/token-provider-1.0.1.jar:/home/user/.m2/repository/org/apache/kerby/kerb-admin/1.0.1/kerb-admin-1.0.1.jar:/home/user/.m2/repository/org/apache/kerby/kerb-server/1.0.1/kerb-server-1.0.1.jar:/home/user/.m2/repository/org/apache/kerby/kerb-identity/1.0.1/kerb-identity-1.0.1.jar:/home/user/.m2/repository/org/apache/kerby/kerby-xdr/1.0.1/kerby-xdr-1.0.1.jar:/home/user/.m2/repository/org/slf4j/slf4j-log4j12/1.7.25/slf4j-log4j12-1.7.25.jar:/home/user/.m2/repository/org/apache/hadoop/hadoop-ozone-objectstore-service/0.5.0-SNAPSHOT/hadoop-ozone-objectstore-service-0.5.0-SNAPSHOT.jar:/home/user/.m2/repository/org/apache/hadoop/hadoop-ozone-s3gateway/0.5.0-SNAPSHOT/hadoop-ozone-s3gateway-0.5.0-SNAPSHOT.jar:/home/user/.m2/repository/org/jboss/weld/servlet/weld-servlet/2.4.7.Final/weld-servlet-2.4.7.Final.jar:/home/user/.m2/repository/org/glassfish/jersey/containers/jersey-container-servlet-core/2.27/jersey-container-servlet-core-2.27.jar:/home/user/.m2/repository/org/glassfish/hk2/external/javax.inject/2.5.0-b42/javax.inject-2.5.0-b42.jar:/home/user/.m2/repository/org/glassfish/jersey/core/jersey-common/2.27/jersey-common-2.27.jar:/home/user/.m2/repository/org/glassfish/hk2/osgi-resource-locator/1.0.1/osgi-resource-locator-1.0.1.jar:/home/user/.m2/repository/javax/ws/rs/javax.ws.rs-api/2.1/javax.ws.rs-api-2.1.jar:/home/user/.m2/repository/org/glassfish/jersey/ext/cdi/jersey-cdi1x/2.27/jersey-cdi1x-2.27.jar:/home/user/.m2/repository/org/glassfish/jersey/inject/jersey-hk2/2.27/jersey-hk2-2.27.jar:/home/user/.m2/repository/org/glassfish/hk2/hk2-locator/2.5.0-b42/hk2-locator-2.5.0-b42.jar:/home/user/.m2/repository/org/javassist/javassist/3.22.0-CR2/javassist-3.22.0-CR2.jar:/home/user/.m2/repository/org/glassfish/hk2/hk2-api/2.5.0/hk2-api-2.5.0.jar:/home/user/.m2/repository/org/glassfish/hk2/external/jakarta.inject/2.5.0/jakarta.inject-2.5.0.jar:/home/user/.m2/repository/org/glassfish/hk2/hk2-utils/2.5.0/hk2-utils-2.5.0.jar:/home/user/.m2/repository/jakarta/annotation/jakarta.annotation-api/1.3.4/jakarta.annotation-api-1.3.4.jar:/home/user/.m2/repository/org/glassfish/hk2/external/aopalliance-repackaged/2.5.0/aopalliance-repackaged-2.5.0.jar:/home/user/.m2/repository/com/fasterxml/jackson/dataformat/jackson-dataformat-xml/2.9.0/jackson-dataformat-xml-2.9.0.jar:/home/user/.m2/repository/com/fasterxml/jackson/core/jackson-core/2.9.5/jackson-core-2.9.5.jar:/home/user/.m2/repository/com/fasterxml/jackson/module/jackson-module-jaxb-annotations/2.9.5/jackson-module-jaxb-annotations-2.9.5.jar:/home/user/.m2/repository/javax/enterprise/cdi-api/1.2/cdi-api-1.2.jar:/home/user/.m2/repository/javax/el/javax.el-api/3.0.0/javax.el-api-3.0.0.jar:/home/user/.m2/repository/javax/interceptor/javax.interceptor-api/1.2/javax.interceptor-api-1.2.jar:/home/user/.m2/repository/javax/inject/javax.inject/1/javax.inject-1.jar:/home/user/.m2/repository/com/sun/xml/bind/jaxb-impl/2.3.0.1/jaxb-impl-2.3.0.1.jar:/home/user/.m2/repository/com/sun/xml/bind/jaxb-core/2.3.0.1/jaxb-core-2.3.0.1.jar:/home/user/.m2/repository/javax/xml/bind/jaxb-api/2.3.0/jaxb-api-2.3.0.jar:/home/user/.m2/repository/javax/activation/activation/1.1.1/activation-1.1.1.jar:/home/user/.m2/repository/org/apache/hadoop/hadoop-ozone-csi/0.5.0-SNAPSHOT/hadoop-ozone-csi-0.5.0-SNAPSHOT.jar:/home/user/.m2/repository/com/google/protobuf/protobuf-java-util/3.5.1/protobuf-java-util-3.5.1.jar:/home/user/.m2/repository/org/apache/hadoop/hadoop-hdds-config/0.5.0-SNAPSHOT/hadoop-hdds-config-0.5.0-SNAPSHOT.jar:/home/user/.m2/repository/io/grpc/grpc-netty/1.17.1/grpc-netty-1.17.1.jar:/home/user/.m2/repository/io/grpc/grpc-core/1.17.1/grpc-core-1.17.1.jar:/home/user/.m2/repository/io/grpc/grpc-context/1.17.1/grpc-context-1.17.1.jar:/home/user/.m2/repository/com/google/errorprone/error_prone_annotations/2.2.0/error_prone_annotations-2.2.0.jar:/home/user/.m2/repository/org/codehaus/mojo/animal-sniffer-annotations/1.17/animal-sniffer-annotations-1.17.jar:/home/user/.m2/repository/io/opencensus/opencensus-api/0.17.0/opencensus-api-0.17.0.jar:/home/user/.m2/repository/io/opencensus/opencensus-contrib-grpc-metrics/0.17.0/opencensus-contrib-grpc-metrics-0.17.0.jar:/home/user/.m2/repository/io/netty/netty-codec-http2/4.1.30.Final/netty-codec-http2-4.1.30.Final.jar:/home/user/.m2/repository/io/netty/netty-codec-http/4.1.30.Final/netty-codec-http-4.1.30.Final.jar:/home/user/.m2/repository/io/netty/netty-codec/4.1.30.Final/netty-codec-4.1.30.Final.jar:/home/user/.m2/repository/io/netty/netty-handler/4.1.30.Final/netty-handler-4.1.30.Final.jar:/home/user/.m2/repository/io/netty/netty-handler-proxy/4.1.30.Final/netty-handler-proxy-4.1.30.Final.jar:/home/user/.m2/repository/io/netty/netty-codec-socks/4.1.30.Final/netty-codec-socks-4.1.30.Final.jar:/home/user/.m2/repository/io/netty/netty-transport-native-epoll/4.1.30.Final/netty-transport-native-epoll-4.1.30.Final.jar:/home/user/.m2/repository/io/netty/netty-common/4.1.30.Final/netty-common-4.1.30.Final.jar:/home/user/.m2/repository/io/netty/netty-buffer/4.1.30.Final/netty-buffer-4.1.30.Final.jar:/home/user/.m2/repository/io/netty/netty-transport/4.1.30.Final/netty-transport-4.1.30.Final.jar:/home/user/.m2/repository/io/netty/netty-resolver/4.1.30.Final/netty-resolver-4.1.30.Final.jar:/home/user/.m2/repository/io/netty/netty-transport-native-unix-common/4.1.30.Final/netty-transport-native-unix-common-4.1.30.Final.jar:/home/user/.m2/repository/io/grpc/grpc-protobuf/1.17.1/grpc-protobuf-1.17.1.jar:/home/user/.m2/repository/com/google/api/grpc/proto-google-common-protos/1.0.0/proto-google-common-protos-1.0.0.jar:/home/user/.m2/repository/io/grpc/grpc-protobuf-lite/1.17.1/grpc-protobuf-lite-1.17.1.jar:/home/user/.m2/repository/io/grpc/grpc-stub/1.17.1/grpc-stub-1.17.1.jar:/home/user/.m2/repository/org/apache/hadoop/hadoop-ozone-recon/0.5.0-SNAPSHOT/hadoop-ozone-recon-0.5.0-SNAPSHOT.jar:/home/user/.m2/repository/org/apache/hadoop/hadoop-ozone-reconcodegen/0.5.0-SNAPSHOT/hadoop-ozone-reconcodegen-0.5.0-SNAPSHOT.jar:/home/user/.m2/repository/com/google/inject/extensions/guice-multibindings/4.0/guice-multibindings-4.0.jar:/home/user/.m2/repository/com/google/inject/guice/4.0/guice-4.0.jar:/home/user/.m2/repository/aopalliance/aopalliance/1.0/aopalliance-1.0.jar:/home/user/.m2/repository/com/google/inject/extensions/guice-servlet/4.0/guice-servlet-4.0.jar:/home/user/.m2/repository/org/glassfish/jersey/containers/jersey-container-servlet/2.27/jersey-container-servlet-2.27.jar:/home/user/.m2/repository/org/glassfish/hk2/guice-bridge/2.5.0/guice-bridge-2.5.0.jar:/home/user/.m2/repository/org/glassfish/jersey/core/jersey-server/2.27/jersey-server-2.27.jar:/home/user/.m2/repository/org/glassfish/jersey/core/jersey-client/2.27/jersey-client-2.27.jar:/home/user/.m2/repository/org/glassfish/jersey/media/jersey-media-jaxb/2.27/jersey-media-jaxb-2.27.jar:/home/user/.m2/repository/javax/validation/validation-api/1.1.0.Final/validation-api-1.1.0.Final.jar:/home/user/.m2/repository/org/glassfish/jersey/media/jersey-media-json-jackson/2.27/jersey-media-json-jackson-2.27.jar:/home/user/.m2/repository/org/glassfish/jersey/ext/jersey-entity-filtering/2.27/jersey-entity-filtering-2.27.jar:/home/user/.m2/repository/com/google/inject/extensions/guice-assistedinject/4.0/guice-assistedinject-4.0.jar:/home/user/.m2/repository/org/jooq/jooq/3.11.10/jooq-3.11.10.jar:/home/user/.m2/repository/org/jooq/jooq-meta/3.11.10/jooq-meta-3.11.10.jar:/home/user/.m2/repository/org/jooq/jooq-codegen/3.11.10/jooq-codegen-3.11.10.jar:/home/user/.m2/repository/com/jolbox/bonecp/0.8.0.RELEASE/bonecp-0.8.0.RELEASE.jar:/home/user/.m2/repository/org/xerial/sqlite-jdbc/3.25.2/sqlite-jdbc-3.25.2.jar:/home/user/.m2/repository/org/springframework/spring-jdbc/5.1.3.RELEASE/spring-jdbc-5.1.3.RELEASE.jar:/home/user/.m2/repository/org/springframework/spring-beans/5.1.3.RELEASE/spring-beans-5.1.3.RELEASE.jar:/home/user/.m2/repository/org/springframework/spring-core/5.1.3.RELEASE/spring-core-5.1.3.RELEASE.jar:/home/user/.m2/repository/org/springframework/spring-jcl/5.1.3.RELEASE/spring-jcl-5.1.3.RELEASE.jar:/home/user/.m2/repository/org/springframework/spring-tx/5.1.3.RELEASE/spring-tx-5.1.3.RELEASE.jar:/home/user/.m2/repository/org/apache/hadoop/hadoop-ozone-client/0.5.0-SNAPSHOT/hadoop-ozone-client-0.5.0-SNAPSHOT.jar:/home/user/.m2/repository/commons-lang/commons-lang/2.6/commons-lang-2.6.jar:/home/user/.m2/repository/org/apache/hadoop/hadoop-ozone-ozone-manager/0.5.0-SNAPSHOT/hadoop-ozone-ozone-manager-0.5.0-SNAPSHOT-tests.jar:/home/user/.m2/repository/junit/junit/4.11/junit-4.11.jar:/home/user/.m2/repository/org/hamcrest/hamcrest-core/1.3/hamcrest-core-1.3.jar:/home/user/.m2/repository/org/openjdk/jmh/jmh-core/1.19/jmh-core-1.19.jar:/home/user/.m2/repository/net/sf/jopt-simple/jopt-simple/4.6/jopt-simple-4.6.jar:/home/user/.m2/repository/org/apache/commons/commons-math3/3.1.1/commons-math3-3.1.1.jar:/home/user/.m2/repository/org/openjdk/jmh/jmh-generator-annprocess/1.19/jmh-generator-annprocess-1.19.jar:/home/user/.m2/repository/org/mockito/mockito-all/1.8.5/mockito-all-1.8.5.jar:/home/user/.m2/repository/org/apache/hadoop/hadoop-kms/3.2.0/hadoop-kms-3.2.0.jar:/home/user/.m2/repository/org/apache/hadoop/hadoop-auth/3.2.0/hadoop-auth-3.2.0.jar:/home/user/.m2/repository/com/nimbusds/nimbus-jose-jwt/4.41.1/nimbus-jose-jwt-4.41.1.jar:/home/user/.m2/repository/com/github/stephenc/jcip/jcip-annotations/1.0-1/jcip-annotations-1.0-1.jar:/home/user/.m2/repository/net/minidev/json-smart/2.3/json-smart-2.3.jar:/home/user/.m2/repository/net/minidev/accessors-smart/1.2/accessors-smart-1.2.jar:/home/user/.m2/repository/org/ow2/asm/asm/5.0.4/asm-5.0.4.jar:/home/user/.m2/repository/org/apache/curator/curator-framework/2.12.0/curator-framework-2.12.0.jar:/home/user/.m2/repository/com/sun/jersey/jersey-core/1.19/jersey-core-1.19.jar:/home/user/.m2/repository/javax/ws/rs/jsr311-api/1.1.1/jsr311-api-1.1.1.jar:/home/user/.m2/repository/com/sun/jersey/jersey-server/1.19/jersey-server-1.19.jar:/home/user/.m2/repository/javax/servlet/javax.servlet-api/3.1.0/javax.servlet-api-3.1.0.jar:/home/user/.m2/repository/org/eclipse/jetty/jetty-server/9.3.24.v20180605/jetty-server-9.3.24.v20180605.jar:/home/user/.m2/repository/org/eclipse/jetty/jetty-http/9.3.24.v20180605/jetty-http-9.3.24.v20180605.jar:/home/user/.m2/repository/org/eclipse/jetty/jetty-io/9.3.24.v20180605/jetty-io-9.3.24.v20180605.jar:/home/user/.m2/repository/org/eclipse/jetty/jetty-webapp/9.3.24.v20180605/jetty-webapp-9.3.24.v20180605.jar:/home/user/.m2/repository/org/eclipse/jetty/jetty-xml/9.3.24.v20180605/jetty-xml-9.3.24.v20180605.jar:/home/user/.m2/repository/log4j/log4j/1.2.17/log4j-1.2.17.jar:/home/user/.m2/repository/org/slf4j/slf4j-api/1.7.25/slf4j-api-1.7.25.jar:/home/user/.m2/repository/org/slf4j/jul-to-slf4j/1.7.25/jul-to-slf4j-1.7.25.jar:/home/user/.m2/repository/org/eclipse/jetty/jetty-util/9.3.24.v20180605/jetty-util-9.3.24.v20180605.jar:/home/user/.m2/repository/com/fasterxml/jackson/core/jackson-databind/2.9.5/jackson-databind-2.9.5.jar:/home/user/.m2/repository/org/apache/hadoop/hadoop-kms/3.2.0/hadoop-kms-3.2.0-tests.jar:/home/user/.m2/repository/org/apache/hadoop/hadoop-hdds-server-scm/0.5.0-SNAPSHOT/hadoop-hdds-server-scm-0.5.0-SNAPSHOT-tests.jar:/home/user/.m2/repository/org/apache/hadoop/hadoop-hdds-container-service/0.5.0-SNAPSHOT/hadoop-hdds-container-service-0.5.0-SNAPSHOT-tests.jar:/home/user/.m2/repository/org/yaml/snakeyaml/1.16/snakeyaml-1.16.jar:/home/user/.m2/repository/org/apache/hadoop/hadoop-common/3.2.0/hadoop-common-3.2.0-tests.jar:/home/user/.m2/repository/org/apache/hadoop/hadoop-annotations/3.2.0/hadoop-annotations-3.2.0.jar:/usr/lib/jvm/java-1.8-openjdk/jre/../lib/tools.jar:/home/user/.m2/repository/commons-cli/commons-cli/1.2/commons-cli-1.2.jar:/home/user/.m2/repository/org/apache/httpcomponents/httpclient/4.5.2/httpclient-4.5.2.jar:/home/user/.m2/repository/org/apache/httpcomponents/httpcore/4.4.4/httpcore-4.4.4.jar:/home/user/.m2/repository/commons-codec/commons-codec/1.11/commons-codec-1.11.jar:/home/user/.m2/repository/commons-net/commons-net/3.6/commons-net-3.6.jar:/home/user/.m2/repository/commons-collections/commons-collections/3.2.2/commons-collections-3.2.2.jar:/home/user/.m2/repository/org/eclipse/jetty/jetty-servlet/9.3.24.v20180605/jetty-servlet-9.3.24.v20180605.jar:/home/user/.m2/repository/org/eclipse/jetty/jetty-security/9.3.24.v20180605/jetty-security-9.3.24.v20180605.jar:/home/user/.m2/repository/javax/servlet/jsp/jsp-api/2.1/jsp-api-2.1.jar:/home/user/.m2/repository/com/sun/jersey/jersey-servlet/1.19/jersey-servlet-1.19.jar:/home/user/.m2/repository/com/sun/jersey/jersey-json/1.19/jersey-json-1.19.jar:/home/user/.m2/repository/org/codehaus/jettison/jettison/1.1/jettison-1.1.jar:/home/user/.m2/repository/org/codehaus/jackson/jackson-core-asl/1.9.13/jackson-core-asl-1.9.13.jar:/home/user/.m2/repository/org/codehaus/jackson/jackson-mapper-asl/1.9.13/jackson-mapper-asl-1.9.13.jar:/home/user/.m2/repository/org/codehaus/jackson/jackson-jaxrs/1.9.13/jackson-jaxrs-1.9.13.jar:/home/user/.m2/repository/org/codehaus/jackson/jackson-xc/1.9.13/jackson-xc-1.9.13.jar:/home/user/.m2/repository/commons-logging/commons-logging/1.1.3/commons-logging-1.1.3.jar:/home/user/.m2/repository/commons-beanutils/commons-beanutils/1.9.3/commons-beanutils-1.9.3.jar:/home/user/.m2/repository/org/apache/commons/commons-configuration2/2.1.1/commons-configuration2-2.1.1.jar:/home/user/.m2/repository/org/apache/commons/commons-lang3/3.7/commons-lang3-3.7.jar:/home/user/.m2/repository/org/apache/commons/commons-text/1.4/commons-text-1.4.jar:/home/user/.m2/repository/org/apache/avro/avro/1.7.7/avro-1.7.7.jar:/home/user/.m2/repository/com/thoughtworks/paranamer/paranamer/2.3/paranamer-2.3.jar:/home/user/.m2/repository/org/xerial/snappy/snappy-java/1.0.5/snappy-java-1.0.5.jar:/home/user/.m2/repository/com/google/re2j/re2j/1.1/re2j-1.1.jar:/home/user/.m2/repository/com/google/code/gson/gson/2.2.4/gson-2.2.4.jar:/home/user/.m2/repository/com/jcraft/jsch/0.1.54/jsch-0.1.54.jar:/home/user/.m2/repository/org/apache/curator/curator-client/2.12.0/curator-client-2.12.0.jar:/home/user/.m2/repository/org/apache/curator/curator-recipes/2.12.0/curator-recipes-2.12.0.jar:/home/user/.m2/repository/com/google/code/findbugs/jsr305/3.0.0/jsr305-3.0.0.jar:/home/user/.m2/repository/org/apache/htrace/htrace-core4/4.1.0-incubating/htrace-core4-4.1.0-incubating.jar:/home/user/.m2/repository/org/apache/zookeeper/zookeeper/3.4.13/zookeeper-3.4.13.jar:/home/user/.m2/repository/org/apache/yetus/audience-annotations/0.5.0/audience-annotations-0.5.0.jar:/home/user/.m2/repository/org/codehaus/woodstox/stax2-api/3.1.4/stax2-api-3.1.4.jar:/home/user/.m2/repository/com/fasterxml/woodstox/woodstox-core/5.0.3/woodstox-core-5.0.3.jar:/home/user/.m2/repository/dnsjava/dnsjava/2.1.7/dnsjava-2.1.7.jar:/home/user/.m2/repository/org/apache/hadoop/hadoop-hdfs/3.2.0/hadoop-hdfs-3.2.0-tests.jar:/home/user/.m2/repository/org/eclipse/jetty/jetty-util-ajax/9.3.24.v20180605/jetty-util-ajax-9.3.24.v20180605.jar:/home/user/.m2/repository/commons-daemon/commons-daemon/1.0.13/commons-daemon-1.0.13.jar:/home/user/.m2/repository/io/netty/netty/3.10.5.Final/netty-3.10.5.Final.jar:/home/user/.m2/repository/io/netty/netty-all/4.0.52.Final/netty-all-4.0.52.Final.jar:/home/user/.m2/repository/org/fusesource/leveldbjni/leveldbjni-all/1.8/leveldbjni-all-1.8.jar:"/>
    <property name="java.vm.vendor" value="IcedTea"/>
    <property name="sun.arch.data.model" value="64"/>
    <property name="test.build.dir" value="/workdir/hadoop-ozone/integration-test/target/test-dir"/>
    <property name="test.cache.data" value=""/>
    <property name="java.vendor.url" value="https://icedtea.classpath.org"/>
    <property name="user.timezone" value=""/>
    <property name="java.vm.specification.version" value="1.8"/>
    <property name="os.name" value="Linux"/>
    <property name="test.build.data" value="/workdir/hadoop-ozone/integration-test/target/test-dir"/>
    <property name="user.country" value="US"/>
    <property name="sun.java.launcher" value="SUN_STANDARD"/>
    <property name="sun.boot.library.path" value="/usr/lib/jvm/java-1.8-openjdk/jre/lib/amd64"/>
    <property name="sun.java.command" value="/workdir/hadoop-ozone/integration-test/target/surefire/surefirebooter2568666314244880583.jar /workdir/hadoop-ozone/integration-test/target/surefire 2019-08-20T19-03-50_846-jvmRun1 surefire6954491619231105208tmp surefire_296753091486987226702tmp"/>
    <property name="test" value="!TestMiniChaosOzoneCluster"/>
    <property name="surefire.test.class.path" value="/workdir/hadoop-ozone/integration-test/target/test-classes:/workdir/hadoop-ozone/integration-test/target/classes:/home/user/.m2/repository/org/apache/hadoop/hadoop-ozone-common/0.5.0-SNAPSHOT/hadoop-ozone-common-0.5.0-SNAPSHOT.jar:/home/user/.m2/repository/org/apache/commons/commons-compress/1.4.1/commons-compress-1.4.1.jar:/home/user/.m2/repository/org/tukaani/xz/1.0/xz-1.0.jar:/home/user/.m2/repository/org/apache/hadoop/hadoop-common/3.2.0/hadoop-common-3.2.0.jar:/home/user/.m2/repository/org/apache/hadoop/hadoop-hdfs/3.2.0/hadoop-hdfs-3.2.0.jar:/home/user/.m2/repository/org/apache/hadoop/hadoop-hdfs-client/3.2.0/hadoop-hdfs-client-3.2.0.jar:/home/user/.m2/repository/com/fasterxml/jackson/core/jackson-annotations/2.9.5/jackson-annotations-2.9.5.jar:/home/user/.m2/repository/org/apache/hadoop/hadoop-hdds-common/0.5.0-SNAPSHOT/hadoop-hdds-common-0.5.0-SNAPSHOT.jar:/home/user/.m2/repository/javax/annotation/javax.annotation-api/1.2/javax.annotation-api-1.2.jar:/home/user/.m2/repository/org/apache/ratis/ratis-server/0.4.0-2337318-SNAPSHOT/ratis-server-0.4.0-2337318-SNAPSHOT.jar:/home/user/.m2/repository/org/apache/ratis/ratis-thirdparty-misc/0.2.0/ratis-thirdparty-misc-0.2.0.jar:/home/user/.m2/repository/org/apache/ratis/ratis-proto/0.4.0-2337318-SNAPSHOT/ratis-proto-0.4.0-2337318-SNAPSHOT.jar:/home/user/.m2/repository/org/apache/ratis/ratis-common/0.4.0-2337318-SNAPSHOT/ratis-common-0.4.0-2337318-SNAPSHOT.jar:/home/user/.m2/repository/org/apache/ratis/ratis-client/0.4.0-2337318-SNAPSHOT/ratis-client-0.4.0-2337318-SNAPSHOT.jar:/home/user/.m2/repository/org/apache/ratis/ratis-metrics/0.4.0-2337318-SNAPSHOT/ratis-metrics-0.4.0-2337318-SNAPSHOT.jar:/home/user/.m2/repository/org/apache/ratis/ratis-netty/0.4.0-2337318-SNAPSHOT/ratis-netty-0.4.0-2337318-SNAPSHOT.jar:/home/user/.m2/repository/org/apache/ratis/ratis-grpc/0.4.0-2337318-SNAPSHOT/ratis-grpc-0.4.0-2337318-SNAPSHOT.jar:/home/user/.m2/repository/org/rocksdb/rocksdbjni/6.0.1/rocksdbjni-6.0.1.jar:/home/user/.m2/repository/org/apache/logging/log4j/log4j-api/2.11.0/log4j-api-2.11.0.jar:/home/user/.m2/repository/org/apache/logging/log4j/log4j-core/2.11.0/log4j-core-2.11.0.jar:/home/user/.m2/repository/com/lmax/disruptor/3.4.2/disruptor-3.4.2.jar:/home/user/.m2/repository/org/apache/commons/commons-pool2/2.6.0/commons-pool2-2.6.0.jar:/home/user/.m2/repository/org/bouncycastle/bcpkix-jdk15on/1.60/bcpkix-jdk15on-1.60.jar:/home/user/.m2/repository/commons-validator/commons-validator/1.6/commons-validator-1.6.jar:/home/user/.m2/repository/commons-digester/commons-digester/1.8.1/commons-digester-1.8.1.jar:/home/user/.m2/repository/io/jaegertracing/jaeger-client/0.33.1/jaeger-client-0.33.1.jar:/home/user/.m2/repository/io/jaegertracing/jaeger-thrift/0.33.1/jaeger-thrift-0.33.1.jar:/home/user/.m2/repository/org/apache/thrift/libthrift/0.11.0/libthrift-0.11.0.jar:/home/user/.m2/repository/com/squareup/okhttp3/okhttp/3.9.0/okhttp-3.9.0.jar:/home/user/.m2/repository/com/squareup/okio/okio/1.13.0/okio-1.13.0.jar:/home/user/.m2/repository/io/jaegertracing/jaeger-core/0.33.1/jaeger-core-0.33.1.jar:/home/user/.m2/repository/io/jaegertracing/jaeger-tracerresolver/0.33.1/jaeger-tracerresolver-0.33.1.jar:/home/user/.m2/repository/io/opentracing/contrib/opentracing-tracerresolver/0.1.5/opentracing-tracerresolver-0.1.5.jar:/home/user/.m2/repository/io/opentracing/opentracing-util/0.31.0/opentracing-util-0.31.0.jar:/home/user/.m2/repository/io/opentracing/opentracing-api/0.31.0/opentracing-api-0.31.0.jar:/home/user/.m2/repository/io/opentracing/opentracing-noop/0.31.0/opentracing-noop-0.31.0.jar:/home/user/.m2/repository/org/apache/hadoop/hadoop-hdds-server-framework/0.5.0-SNAPSHOT/hadoop-hdds-server-framework-0.5.0-SNAPSHOT.jar:/home/user/.m2/repository/org/apache/hadoop/hadoop-hdds-container-service/0.5.0-SNAPSHOT/hadoop-hdds-container-service-0.5.0-SNAPSHOT.jar:/home/user/.m2/repository/org/apache/hadoop/hadoop-hdds-client/0.5.0-SNAPSHOT/hadoop-hdds-client-0.5.0-SNAPSHOT.jar:/home/user/.m2/repository/org/apache/hadoop/hadoop-hdds-tools/0.5.0-SNAPSHOT/hadoop-hdds-tools-0.5.0-SNAPSHOT.jar:/home/user/.m2/repository/org/apache/hadoop/hadoop-hdds-server-scm/0.5.0-SNAPSHOT/hadoop-hdds-server-scm-0.5.0-SNAPSHOT.jar:/home/user/.m2/repository/org/apache/hadoop/hadoop-hdds-docs/0.5.0-SNAPSHOT/hadoop-hdds-docs-0.5.0-SNAPSHOT.jar:/home/user/.m2/repository/io/dropwizard/metrics/metrics-core/3.2.4/metrics-core-3.2.4.jar:/home/user/.m2/repository/org/hamcrest/hamcrest-all/1.3/hamcrest-all-1.3.jar:/home/user/.m2/repository/org/bouncycastle/bcprov-jdk15on/1.60/bcprov-jdk15on-1.60.jar:/home/user/.m2/repository/info/picocli/picocli/3.9.6/picocli-3.9.6.jar:/home/user/.m2/repository/com/google/protobuf/protobuf-java/2.5.0/protobuf-java-2.5.0.jar:/home/user/.m2/repository/com/google/guava/guava/11.0.2/guava-11.0.2.jar:/home/user/.m2/repository/org/apache/hadoop/hadoop-ozone-ozone-manager/0.5.0-SNAPSHOT/hadoop-ozone-ozone-manager-0.5.0-SNAPSHOT.jar:/home/user/.m2/repository/org/apache/hadoop/hadoop-minikdc/3.2.0/hadoop-minikdc-3.2.0.jar:/home/user/.m2/repository/commons-io/commons-io/2.5/commons-io-2.5.jar:/home/user/.m2/repository/org/apache/kerby/kerb-simplekdc/1.0.1/kerb-simplekdc-1.0.1.jar:/home/user/.m2/repository/org/apache/kerby/kerb-client/1.0.1/kerb-client-1.0.1.jar:/home/user/.m2/repository/org/apache/kerby/kerby-config/1.0.1/kerby-config-1.0.1.jar:/home/user/.m2/repository/org/apache/kerby/kerb-core/1.0.1/kerb-core-1.0.1.jar:/home/user/.m2/repository/org/apache/kerby/kerby-pkix/1.0.1/kerby-pkix-1.0.1.jar:/home/user/.m2/repository/org/apache/kerby/kerby-asn1/1.0.1/kerby-asn1-1.0.1.jar:/home/user/.m2/repository/org/apache/kerby/kerby-util/1.0.1/kerby-util-1.0.1.jar:/home/user/.m2/repository/org/apache/kerby/kerb-common/1.0.1/kerb-common-1.0.1.jar:/home/user/.m2/repository/org/apache/kerby/kerb-crypto/1.0.1/kerb-crypto-1.0.1.jar:/home/user/.m2/repository/org/apache/kerby/kerb-util/1.0.1/kerb-util-1.0.1.jar:/home/user/.m2/repository/org/apache/kerby/token-provider/1.0.1/token-provider-1.0.1.jar:/home/user/.m2/repository/org/apache/kerby/kerb-admin/1.0.1/kerb-admin-1.0.1.jar:/home/user/.m2/repository/org/apache/kerby/kerb-server/1.0.1/kerb-server-1.0.1.jar:/home/user/.m2/repository/org/apache/kerby/kerb-identity/1.0.1/kerb-identity-1.0.1.jar:/home/user/.m2/repository/org/apache/kerby/kerby-xdr/1.0.1/kerby-xdr-1.0.1.jar:/home/user/.m2/repository/org/slf4j/slf4j-log4j12/1.7.25/slf4j-log4j12-1.7.25.jar:/home/user/.m2/repository/org/apache/hadoop/hadoop-ozone-objectstore-service/0.5.0-SNAPSHOT/hadoop-ozone-objectstore-service-0.5.0-SNAPSHOT.jar:/home/user/.m2/repository/org/apache/hadoop/hadoop-ozone-s3gateway/0.5.0-SNAPSHOT/hadoop-ozone-s3gateway-0.5.0-SNAPSHOT.jar:/home/user/.m2/repository/org/jboss/weld/servlet/weld-servlet/2.4.7.Final/weld-servlet-2.4.7.Final.jar:/home/user/.m2/repository/org/glassfish/jersey/containers/jersey-container-servlet-core/2.27/jersey-container-servlet-core-2.27.jar:/home/user/.m2/repository/org/glassfish/hk2/external/javax.inject/2.5.0-b42/javax.inject-2.5.0-b42.jar:/home/user/.m2/repository/org/glassfish/jersey/core/jersey-common/2.27/jersey-common-2.27.jar:/home/user/.m2/repository/org/glassfish/hk2/osgi-resource-locator/1.0.1/osgi-resource-locator-1.0.1.jar:/home/user/.m2/repository/javax/ws/rs/javax.ws.rs-api/2.1/javax.ws.rs-api-2.1.jar:/home/user/.m2/repository/org/glassfish/jersey/ext/cdi/jersey-cdi1x/2.27/jersey-cdi1x-2.27.jar:/home/user/.m2/repository/org/glassfish/jersey/inject/jersey-hk2/2.27/jersey-hk2-2.27.jar:/home/user/.m2/repository/org/glassfish/hk2/hk2-locator/2.5.0-b42/hk2-locator-2.5.0-b42.jar:/home/user/.m2/repository/org/javassist/javassist/3.22.0-CR2/javassist-3.22.0-CR2.jar:/home/user/.m2/repository/org/glassfish/hk2/hk2-api/2.5.0/hk2-api-2.5.0.jar:/home/user/.m2/repository/org/glassfish/hk2/external/jakarta.inject/2.5.0/jakarta.inject-2.5.0.jar:/home/user/.m2/repository/org/glassfish/hk2/hk2-utils/2.5.0/hk2-utils-2.5.0.jar:/home/user/.m2/repository/jakarta/annotation/jakarta.annotation-api/1.3.4/jakarta.annotation-api-1.3.4.jar:/home/user/.m2/repository/org/glassfish/hk2/external/aopalliance-repackaged/2.5.0/aopalliance-repackaged-2.5.0.jar:/home/user/.m2/repository/com/fasterxml/jackson/dataformat/jackson-dataformat-xml/2.9.0/jackson-dataformat-xml-2.9.0.jar:/home/user/.m2/repository/com/fasterxml/jackson/core/jackson-core/2.9.5/jackson-core-2.9.5.jar:/home/user/.m2/repository/com/fasterxml/jackson/module/jackson-module-jaxb-annotations/2.9.5/jackson-module-jaxb-annotations-2.9.5.jar:/home/user/.m2/repository/javax/enterprise/cdi-api/1.2/cdi-api-1.2.jar:/home/user/.m2/repository/javax/el/javax.el-api/3.0.0/javax.el-api-3.0.0.jar:/home/user/.m2/repository/javax/interceptor/javax.interceptor-api/1.2/javax.interceptor-api-1.2.jar:/home/user/.m2/repository/javax/inject/javax.inject/1/javax.inject-1.jar:/home/user/.m2/repository/com/sun/xml/bind/jaxb-impl/2.3.0.1/jaxb-impl-2.3.0.1.jar:/home/user/.m2/repository/com/sun/xml/bind/jaxb-core/2.3.0.1/jaxb-core-2.3.0.1.jar:/home/user/.m2/repository/javax/xml/bind/jaxb-api/2.3.0/jaxb-api-2.3.0.jar:/home/user/.m2/repository/javax/activation/activation/1.1.1/activation-1.1.1.jar:/home/user/.m2/repository/org/apache/hadoop/hadoop-ozone-csi/0.5.0-SNAPSHOT/hadoop-ozone-csi-0.5.0-SNAPSHOT.jar:/home/user/.m2/repository/com/google/protobuf/protobuf-java-util/3.5.1/protobuf-java-util-3.5.1.jar:/home/user/.m2/repository/org/apache/hadoop/hadoop-hdds-config/0.5.0-SNAPSHOT/hadoop-hdds-config-0.5.0-SNAPSHOT.jar:/home/user/.m2/repository/io/grpc/grpc-netty/1.17.1/grpc-netty-1.17.1.jar:/home/user/.m2/repository/io/grpc/grpc-core/1.17.1/grpc-core-1.17.1.jar:/home/user/.m2/repository/io/grpc/grpc-context/1.17.1/grpc-context-1.17.1.jar:/home/user/.m2/repository/com/google/errorprone/error_prone_annotations/2.2.0/error_prone_annotations-2.2.0.jar:/home/user/.m2/repository/org/codehaus/mojo/animal-sniffer-annotations/1.17/animal-sniffer-annotations-1.17.jar:/home/user/.m2/repository/io/opencensus/opencensus-api/0.17.0/opencensus-api-0.17.0.jar:/home/user/.m2/repository/io/opencensus/opencensus-contrib-grpc-metrics/0.17.0/opencensus-contrib-grpc-metrics-0.17.0.jar:/home/user/.m2/repository/io/netty/netty-codec-http2/4.1.30.Final/netty-codec-http2-4.1.30.Final.jar:/home/user/.m2/repository/io/netty/netty-codec-http/4.1.30.Final/netty-codec-http-4.1.30.Final.jar:/home/user/.m2/repository/io/netty/netty-codec/4.1.30.Final/netty-codec-4.1.30.Final.jar:/home/user/.m2/repository/io/netty/netty-handler/4.1.30.Final/netty-handler-4.1.30.Final.jar:/home/user/.m2/repository/io/netty/netty-handler-proxy/4.1.30.Final/netty-handler-proxy-4.1.30.Final.jar:/home/user/.m2/repository/io/netty/netty-codec-socks/4.1.30.Final/netty-codec-socks-4.1.30.Final.jar:/home/user/.m2/repository/io/netty/netty-transport-native-epoll/4.1.30.Final/netty-transport-native-epoll-4.1.30.Final.jar:/home/user/.m2/repository/io/netty/netty-common/4.1.30.Final/netty-common-4.1.30.Final.jar:/home/user/.m2/repository/io/netty/netty-buffer/4.1.30.Final/netty-buffer-4.1.30.Final.jar:/home/user/.m2/repository/io/netty/netty-transport/4.1.30.Final/netty-transport-4.1.30.Final.jar:/home/user/.m2/repository/io/netty/netty-resolver/4.1.30.Final/netty-resolver-4.1.30.Final.jar:/home/user/.m2/repository/io/netty/netty-transport-native-unix-common/4.1.30.Final/netty-transport-native-unix-common-4.1.30.Final.jar:/home/user/.m2/repository/io/grpc/grpc-protobuf/1.17.1/grpc-protobuf-1.17.1.jar:/home/user/.m2/repository/com/google/api/grpc/proto-google-common-protos/1.0.0/proto-google-common-protos-1.0.0.jar:/home/user/.m2/repository/io/grpc/grpc-protobuf-lite/1.17.1/grpc-protobuf-lite-1.17.1.jar:/home/user/.m2/repository/io/grpc/grpc-stub/1.17.1/grpc-stub-1.17.1.jar:/home/user/.m2/repository/org/apache/hadoop/hadoop-ozone-recon/0.5.0-SNAPSHOT/hadoop-ozone-recon-0.5.0-SNAPSHOT.jar:/home/user/.m2/repository/org/apache/hadoop/hadoop-ozone-reconcodegen/0.5.0-SNAPSHOT/hadoop-ozone-reconcodegen-0.5.0-SNAPSHOT.jar:/home/user/.m2/repository/com/google/inject/extensions/guice-multibindings/4.0/guice-multibindings-4.0.jar:/home/user/.m2/repository/com/google/inject/guice/4.0/guice-4.0.jar:/home/user/.m2/repository/aopalliance/aopalliance/1.0/aopalliance-1.0.jar:/home/user/.m2/repository/com/google/inject/extensions/guice-servlet/4.0/guice-servlet-4.0.jar:/home/user/.m2/repository/org/glassfish/jersey/containers/jersey-container-servlet/2.27/jersey-container-servlet-2.27.jar:/home/user/.m2/repository/org/glassfish/hk2/guice-bridge/2.5.0/guice-bridge-2.5.0.jar:/home/user/.m2/repository/org/glassfish/jersey/core/jersey-server/2.27/jersey-server-2.27.jar:/home/user/.m2/repository/org/glassfish/jersey/core/jersey-client/2.27/jersey-client-2.27.jar:/home/user/.m2/repository/org/glassfish/jersey/media/jersey-media-jaxb/2.27/jersey-media-jaxb-2.27.jar:/home/user/.m2/repository/javax/validation/validation-api/1.1.0.Final/validation-api-1.1.0.Final.jar:/home/user/.m2/repository/org/glassfish/jersey/media/jersey-media-json-jackson/2.27/jersey-media-json-jackson-2.27.jar:/home/user/.m2/repository/org/glassfish/jersey/ext/jersey-entity-filtering/2.27/jersey-entity-filtering-2.27.jar:/home/user/.m2/repository/com/google/inject/extensions/guice-assistedinject/4.0/guice-assistedinject-4.0.jar:/home/user/.m2/repository/org/jooq/jooq/3.11.10/jooq-3.11.10.jar:/home/user/.m2/repository/org/jooq/jooq-meta/3.11.10/jooq-meta-3.11.10.jar:/home/user/.m2/repository/org/jooq/jooq-codegen/3.11.10/jooq-codegen-3.11.10.jar:/home/user/.m2/repository/com/jolbox/bonecp/0.8.0.RELEASE/bonecp-0.8.0.RELEASE.jar:/home/user/.m2/repository/org/xerial/sqlite-jdbc/3.25.2/sqlite-jdbc-3.25.2.jar:/home/user/.m2/repository/org/springframework/spring-jdbc/5.1.3.RELEASE/spring-jdbc-5.1.3.RELEASE.jar:/home/user/.m2/repository/org/springframework/spring-beans/5.1.3.RELEASE/spring-beans-5.1.3.RELEASE.jar:/home/user/.m2/repository/org/springframework/spring-core/5.1.3.RELEASE/spring-core-5.1.3.RELEASE.jar:/home/user/.m2/repository/org/springframework/spring-jcl/5.1.3.RELEASE/spring-jcl-5.1.3.RELEASE.jar:/home/user/.m2/repository/org/springframework/spring-tx/5.1.3.RELEASE/spring-tx-5.1.3.RELEASE.jar:/home/user/.m2/repository/org/apache/hadoop/hadoop-ozone-client/0.5.0-SNAPSHOT/hadoop-ozone-client-0.5.0-SNAPSHOT.jar:/home/user/.m2/repository/commons-lang/commons-lang/2.6/commons-lang-2.6.jar:/home/user/.m2/repository/org/apache/hadoop/hadoop-ozone-ozone-manager/0.5.0-SNAPSHOT/hadoop-ozone-ozone-manager-0.5.0-SNAPSHOT-tests.jar:/home/user/.m2/repository/junit/junit/4.11/junit-4.11.jar:/home/user/.m2/repository/org/hamcrest/hamcrest-core/1.3/hamcrest-core-1.3.jar:/home/user/.m2/repository/org/openjdk/jmh/jmh-core/1.19/jmh-core-1.19.jar:/home/user/.m2/repository/net/sf/jopt-simple/jopt-simple/4.6/jopt-simple-4.6.jar:/home/user/.m2/repository/org/apache/commons/commons-math3/3.1.1/commons-math3-3.1.1.jar:/home/user/.m2/repository/org/openjdk/jmh/jmh-generator-annprocess/1.19/jmh-generator-annprocess-1.19.jar:/home/user/.m2/repository/org/mockito/mockito-all/1.8.5/mockito-all-1.8.5.jar:/home/user/.m2/repository/org/apache/hadoop/hadoop-kms/3.2.0/hadoop-kms-3.2.0.jar:/home/user/.m2/repository/org/apache/hadoop/hadoop-auth/3.2.0/hadoop-auth-3.2.0.jar:/home/user/.m2/repository/com/nimbusds/nimbus-jose-jwt/4.41.1/nimbus-jose-jwt-4.41.1.jar:/home/user/.m2/repository/com/github/stephenc/jcip/jcip-annotations/1.0-1/jcip-annotations-1.0-1.jar:/home/user/.m2/repository/net/minidev/json-smart/2.3/json-smart-2.3.jar:/home/user/.m2/repository/net/minidev/accessors-smart/1.2/accessors-smart-1.2.jar:/home/user/.m2/repository/org/ow2/asm/asm/5.0.4/asm-5.0.4.jar:/home/user/.m2/repository/org/apache/curator/curator-framework/2.12.0/curator-framework-2.12.0.jar:/home/user/.m2/repository/com/sun/jersey/jersey-core/1.19/jersey-core-1.19.jar:/home/user/.m2/repository/javax/ws/rs/jsr311-api/1.1.1/jsr311-api-1.1.1.jar:/home/user/.m2/repository/com/sun/jersey/jersey-server/1.19/jersey-server-1.19.jar:/home/user/.m2/repository/javax/servlet/javax.servlet-api/3.1.0/javax.servlet-api-3.1.0.jar:/home/user/.m2/repository/org/eclipse/jetty/jetty-server/9.3.24.v20180605/jetty-server-9.3.24.v20180605.jar:/home/user/.m2/repository/org/eclipse/jetty/jetty-http/9.3.24.v20180605/jetty-http-9.3.24.v20180605.jar:/home/user/.m2/repository/org/eclipse/jetty/jetty-io/9.3.24.v20180605/jetty-io-9.3.24.v20180605.jar:/home/user/.m2/repository/org/eclipse/jetty/jetty-webapp/9.3.24.v20180605/jetty-webapp-9.3.24.v20180605.jar:/home/user/.m2/repository/org/eclipse/jetty/jetty-xml/9.3.24.v20180605/jetty-xml-9.3.24.v20180605.jar:/home/user/.m2/repository/log4j/log4j/1.2.17/log4j-1.2.17.jar:/home/user/.m2/repository/org/slf4j/slf4j-api/1.7.25/slf4j-api-1.7.25.jar:/home/user/.m2/repository/org/slf4j/jul-to-slf4j/1.7.25/jul-to-slf4j-1.7.25.jar:/home/user/.m2/repository/org/eclipse/jetty/jetty-util/9.3.24.v20180605/jetty-util-9.3.24.v20180605.jar:/home/user/.m2/repository/com/fasterxml/jackson/core/jackson-databind/2.9.5/jackson-databind-2.9.5.jar:/home/user/.m2/repository/org/apache/hadoop/hadoop-kms/3.2.0/hadoop-kms-3.2.0-tests.jar:/home/user/.m2/repository/org/apache/hadoop/hadoop-hdds-server-scm/0.5.0-SNAPSHOT/hadoop-hdds-server-scm-0.5.0-SNAPSHOT-tests.jar:/home/user/.m2/repository/org/apache/hadoop/hadoop-hdds-container-service/0.5.0-SNAPSHOT/hadoop-hdds-container-service-0.5.0-SNAPSHOT-tests.jar:/home/user/.m2/repository/org/yaml/snakeyaml/1.16/snakeyaml-1.16.jar:/home/user/.m2/repository/org/apache/hadoop/hadoop-common/3.2.0/hadoop-common-3.2.0-tests.jar:/home/user/.m2/repository/org/apache/hadoop/hadoop-annotations/3.2.0/hadoop-annotations-3.2.0.jar:/usr/lib/jvm/java-1.8-openjdk/jre/../lib/tools.jar:/home/user/.m2/repository/commons-cli/commons-cli/1.2/commons-cli-1.2.jar:/home/user/.m2/repository/org/apache/httpcomponents/httpclient/4.5.2/httpclient-4.5.2.jar:/home/user/.m2/repository/org/apache/httpcomponents/httpcore/4.4.4/httpcore-4.4.4.jar:/home/user/.m2/repository/commons-codec/commons-codec/1.11/commons-codec-1.11.jar:/home/user/.m2/repository/commons-net/commons-net/3.6/commons-net-3.6.jar:/home/user/.m2/repository/commons-collections/commons-collections/3.2.2/commons-collections-3.2.2.jar:/home/user/.m2/repository/org/eclipse/jetty/jetty-servlet/9.3.24.v20180605/jetty-servlet-9.3.24.v20180605.jar:/home/user/.m2/repository/org/eclipse/jetty/jetty-security/9.3.24.v20180605/jetty-security-9.3.24.v20180605.jar:/home/user/.m2/repository/javax/servlet/jsp/jsp-api/2.1/jsp-api-2.1.jar:/home/user/.m2/repository/com/sun/jersey/jersey-servlet/1.19/jersey-servlet-1.19.jar:/home/user/.m2/repository/com/sun/jersey/jersey-json/1.19/jersey-json-1.19.jar:/home/user/.m2/repository/org/codehaus/jettison/jettison/1.1/jettison-1.1.jar:/home/user/.m2/repository/org/codehaus/jackson/jackson-core-asl/1.9.13/jackson-core-asl-1.9.13.jar:/home/user/.m2/repository/org/codehaus/jackson/jackson-mapper-asl/1.9.13/jackson-mapper-asl-1.9.13.jar:/home/user/.m2/repository/org/codehaus/jackson/jackson-jaxrs/1.9.13/jackson-jaxrs-1.9.13.jar:/home/user/.m2/repository/org/codehaus/jackson/jackson-xc/1.9.13/jackson-xc-1.9.13.jar:/home/user/.m2/repository/commons-logging/commons-logging/1.1.3/commons-logging-1.1.3.jar:/home/user/.m2/repository/commons-beanutils/commons-beanutils/1.9.3/commons-beanutils-1.9.3.jar:/home/user/.m2/repository/org/apache/commons/commons-configuration2/2.1.1/commons-configuration2-2.1.1.jar:/home/user/.m2/repository/org/apache/commons/commons-lang3/3.7/commons-lang3-3.7.jar:/home/user/.m2/repository/org/apache/commons/commons-text/1.4/commons-text-1.4.jar:/home/user/.m2/repository/org/apache/avro/avro/1.7.7/avro-1.7.7.jar:/home/user/.m2/repository/com/thoughtworks/paranamer/paranamer/2.3/paranamer-2.3.jar:/home/user/.m2/repository/org/xerial/snappy/snappy-java/1.0.5/snappy-java-1.0.5.jar:/home/user/.m2/repository/com/google/re2j/re2j/1.1/re2j-1.1.jar:/home/user/.m2/repository/com/google/code/gson/gson/2.2.4/gson-2.2.4.jar:/home/user/.m2/repository/com/jcraft/jsch/0.1.54/jsch-0.1.54.jar:/home/user/.m2/repository/org/apache/curator/curator-client/2.12.0/curator-client-2.12.0.jar:/home/user/.m2/repository/org/apache/curator/curator-recipes/2.12.0/curator-recipes-2.12.0.jar:/home/user/.m2/repository/com/google/code/findbugs/jsr305/3.0.0/jsr305-3.0.0.jar:/home/user/.m2/repository/org/apache/htrace/htrace-core4/4.1.0-incubating/htrace-core4-4.1.0-incubating.jar:/home/user/.m2/repository/org/apache/zookeeper/zookeeper/3.4.13/zookeeper-3.4.13.jar:/home/user/.m2/repository/org/apache/yetus/audience-annotations/0.5.0/audience-annotations-0.5.0.jar:/home/user/.m2/repository/org/codehaus/woodstox/stax2-api/3.1.4/stax2-api-3.1.4.jar:/home/user/.m2/repository/com/fasterxml/woodstox/woodstox-core/5.0.3/woodstox-core-5.0.3.jar:/home/user/.m2/repository/dnsjava/dnsjava/2.1.7/dnsjava-2.1.7.jar:/home/user/.m2/repository/org/apache/hadoop/hadoop-hdfs/3.2.0/hadoop-hdfs-3.2.0-tests.jar:/home/user/.m2/repository/org/eclipse/jetty/jetty-util-ajax/9.3.24.v20180605/jetty-util-ajax-9.3.24.v20180605.jar:/home/user/.m2/repository/commons-daemon/commons-daemon/1.0.13/commons-daemon-1.0.13.jar:/home/user/.m2/repository/io/netty/netty/3.10.5.Final/netty-3.10.5.Final.jar:/home/user/.m2/repository/io/netty/netty-all/4.0.52.Final/netty-all-4.0.52.Final.jar:/home/user/.m2/repository/org/fusesource/leveldbjni/leveldbjni-all/1.8/leveldbjni-all-1.8.jar:"/>
    <property name="sun.cpu.endian" value="little"/>
    <property name="user.home" value="/home/user"/>
    <property name="user.language" value="en"/>
    <property name="java.specification.vendor" value="Oracle Corporation"/>
    <property name="java.home" value="/usr/lib/jvm/java-1.8-openjdk/jre"/>
    <property name="java.security.krb5.conf" value="/workdir/hadoop-ozone/integration-test/target/test-classes/krb5.conf"/>
    <property name="basedir" value="/workdir/hadoop-ozone/integration-test"/>
    <property name="file.separator" value="/"/>
    <property name="line.separator" value="&#10;"/>
    <property name="java.vm.specification.vendor" value="Oracle Corporation"/>
    <property name="java.specification.name" value="Java Platform API Specification"/>
    <property name="java.awt.graphicsenv" value="sun.awt.X11GraphicsEnvironment"/>
    <property name="surefire.real.class.path" value="/workdir/hadoop-ozone/integration-test/target/surefire/surefirebooter2568666314244880583.jar"/>
    <property name="hadoop.log.dir" value="/workdir/hadoop-ozone/integration-test/target/log"/>
    <property name="sun.boot.class.path" value="/usr/lib/jvm/java-1.8-openjdk/jre/lib/resources.jar:/usr/lib/jvm/java-1.8-openjdk/jre/lib/rt.jar:/usr/lib/jvm/java-1.8-openjdk/jre/lib/sunrsasign.jar:/usr/lib/jvm/java-1.8-openjdk/jre/lib/jsse.jar:/usr/lib/jvm/java-1.8-openjdk/jre/lib/jce.jar:/usr/lib/jvm/java-1.8-openjdk/jre/lib/charsets.jar:/usr/lib/jvm/java-1.8-openjdk/jre/lib/jfr.jar:/usr/lib/jvm/java-1.8-openjdk/jre/classes"/>
    <property name="sun.management.compiler" value="HotSpot 64-Bit Tiered Compilers"/>
    <property name="java.runtime.version" value="1.8.0_212-b04"/>
    <property name="java.net.preferIPv4Stack" value="true"/>
    <property name="user.name" value="jenkins1000"/>
    <property name="path.separator" value=":"/>
    <property name="java.security.egd" value="file:///dev/urandom"/>
    <property name="os.version" value="3.10.0-957.12.2.el7.x86_64"/>
    <property name="java.endorsed.dirs" value="/usr/lib/jvm/java-1.8-openjdk/jre/lib/endorsed"/>
    <property name="java.runtime.name" value="OpenJDK Runtime Environment"/>
    <property name="file.encoding" value="UTF-8"/>
    <property name="java.vm.name" value="OpenJDK 64-Bit Server VM"/>
    <property name="test.build.webapps" value=""/>
    <property name="localRepository" value="/home/user/.m2/repository"/>
    <property name="java.vendor.url.bug" value="https://icedtea.classpath.org/bugzilla"/>
    <property name="java.io.tmpdir" value="/tmp"/>
    <property name="require.test.libhadoop" value=""/>
    <property name="java.version" value="1.8.0_212"/>
    <property name="user.dir" value="/workdir/hadoop-ozone/integration-test"/>
    <property name="os.arch" value="amd64"/>
    <property name="java.vm.specification.name" value="Java Virtual Machine Specification"/>
    <property name="test.build.classes" value="/workdir/hadoop-ozone/integration-test/target/test-classes"/>
    <property name="java.awt.printerjob" value="sun.print.PSPrinterJob"/>
    <property name="sun.os.patch.level" value="unknown"/>
    <property name="hadoop.tmp.dir" value="/workdir/hadoop-ozone/integration-test/target/tmp"/>
    <property name="java.library.path" value="/usr/lib/jvm/java-1.8-openjdk/jre/lib/amd64/server:/usr/lib/jvm/java-1.8-openjdk/jre/lib/amd64:/usr/lib/jvm/java-1.8-openjdk/jre/../lib/amd64:/workdir/hadoop-ozone/integration-test/target/native/target/usr/local/lib:/workdir/hadoop-ozone/integration-test/../../hadoop-common-project/hadoop-common/target/native/target/usr/local/lib:/usr/java/packages/lib/amd64:/usr/lib64:/lib64:/lib:/usr/lib"/>
    <property name="java.vm.info" value="mixed mode"/>
    <property name="java.vendor" value="IcedTea"/>
    <property name="java.vm.version" value="25.212-b04"/>
    <property name="java.ext.dirs" value="/usr/lib/jvm/java-1.8-openjdk/jre/lib/ext:/usr/java/packages/lib/ext"/>
    <property name="sun.io.unicode.encoding" value="UnicodeLittle"/>
    <property name="java.class.version" value="52.0"/>
  </properties>
  <testcase name="testGroupMismatchExceptionHandling" classname="org.apache.hadoop.ozone.client.rpc.TestOzoneClientRetriesOnException" time="56.36"/>
  <testcase name="testMaxRetriesByOzoneClient" classname="org.apache.hadoop.ozone.client.rpc.TestOzoneClientRetriesOnException" time="44.56">
    <failure type="java.lang.AssertionError">java.lang.AssertionError
	at org.junit.Assert.fail(Assert.java:86)
	at org.junit.Assert.assertTrue(Assert.java:41)
	at org.junit.Assert.assertFalse(Assert.java:64)
	at org.junit.Assert.assertFalse(Assert.java:74)
	at org.apache.hadoop.ozone.container.ContainerTestHelper.waitForContainerClose(ContainerTestHelper.java:842)
	at org.apache.hadoop.ozone.container.ContainerTestHelper.waitForContainerClose(ContainerTestHelper.java:736)
	at org.apache.hadoop.ozone.client.rpc.TestOzoneClientRetriesOnException.testMaxRetriesByOzoneClient(TestOzoneClientRetriesOnException.java:199)
	at sun.reflect.NativeMethodAccessorImpl.invoke0(Native Method)
	at sun.reflect.NativeMethodAccessorImpl.invoke(NativeMethodAccessorImpl.java:62)
	at sun.reflect.DelegatingMethodAccessorImpl.invoke(DelegatingMethodAccessorImpl.java:43)
	at java.lang.reflect.Method.invoke(Method.java:498)
	at org.junit.runners.model.FrameworkMethod$1.runReflectiveCall(FrameworkMethod.java:47)
	at org.junit.internal.runners.model.ReflectiveCallable.run(ReflectiveCallable.java:12)
	at org.junit.runners.model.FrameworkMethod.invokeExplosively(FrameworkMethod.java:44)
	at org.junit.internal.runners.statements.InvokeMethod.evaluate(InvokeMethod.java:17)
	at org.junit.internal.runners.statements.RunBefores.evaluate(RunBefores.java:26)
	at org.junit.internal.runners.statements.RunAfters.evaluate(RunAfters.java:27)
	at org.junit.runners.ParentRunner.runLeaf(ParentRunner.java:271)
	at org.junit.runners.BlockJUnit4ClassRunner.runChild(BlockJUnit4ClassRunner.java:70)
	at org.junit.runners.BlockJUnit4ClassRunner.runChild(BlockJUnit4ClassRunner.java:50)
	at org.junit.runners.ParentRunner$3.run(ParentRunner.java:238)
	at org.junit.runners.ParentRunner$1.schedule(ParentRunner.java:63)
	at org.junit.runners.ParentRunner.runChildren(ParentRunner.java:236)
	at org.junit.runners.ParentRunner.access$000(ParentRunner.java:53)
	at org.junit.runners.ParentRunner$2.evaluate(ParentRunner.java:229)
	at org.junit.runners.ParentRunner.run(ParentRunner.java:309)
	at org.apache.maven.surefire.junit4.JUnit4Provider.execute(JUnit4Provider.java:365)
	at org.apache.maven.surefire.junit4.JUnit4Provider.executeWithRerun(JUnit4Provider.java:273)
	at org.apache.maven.surefire.junit4.JUnit4Provider.executeTestSet(JUnit4Provider.java:238)
	at org.apache.maven.surefire.junit4.JUnit4Provider.invoke(JUnit4Provider.java:159)
	at org.apache.maven.surefire.booter.ForkedBooter.invokeProviderInSameClassLoader(ForkedBooter.java:384)
	at org.apache.maven.surefire.booter.ForkedBooter.runSuitesInProcess(ForkedBooter.java:345)
	at org.apache.maven.surefire.booter.ForkedBooter.execute(ForkedBooter.java:126)
	at org.apache.maven.surefire.booter.ForkedBooter.main(ForkedBooter.java:418)
</failure>
    <system-out><![CDATA[2019-08-20 19:24:41,431 [main] WARN  server.ServerUtils (ServerUtils.java:getScmDbDir(145)) - ozone.scm.db.dirs is not configured. We recommend adding this setting. Falling back to ozone.metadata.dirs instead.
2019-08-20 19:24:41,453 [main] WARN  server.ServerUtils (ServerUtils.java:getScmDbDir(145)) - ozone.scm.db.dirs is not configured. We recommend adding this setting. Falling back to ozone.metadata.dirs instead.
2019-08-20 19:24:41,453 [main] WARN  server.ServerUtils (ServerUtils.java:getScmDbDir(145)) - ozone.scm.db.dirs is not configured. We recommend adding this setting. Falling back to ozone.metadata.dirs instead.
2019-08-20 19:24:41,454 [main] INFO  db.DBStoreBuilder (DBStoreBuilder.java:addTable(110)) - using custom profile for table: deletedBlocks
2019-08-20 19:24:41,455 [main] INFO  db.DBStoreBuilder (DBStoreBuilder.java:processTables(161)) - Using default column profile:DBProfile.DISK for Table:deletedBlocks
2019-08-20 19:24:41,455 [main] INFO  db.DBStoreBuilder (DBStoreBuilder.java:addTable(110)) - using custom profile for table: validCerts
2019-08-20 19:24:41,455 [main] INFO  db.DBStoreBuilder (DBStoreBuilder.java:processTables(161)) - Using default column profile:DBProfile.DISK for Table:validCerts
2019-08-20 19:24:41,456 [main] INFO  db.DBStoreBuilder (DBStoreBuilder.java:addTable(110)) - using custom profile for table: revokedCerts
2019-08-20 19:24:41,456 [main] INFO  db.DBStoreBuilder (DBStoreBuilder.java:processTables(161)) - Using default column profile:DBProfile.DISK for Table:revokedCerts
2019-08-20 19:24:41,456 [main] INFO  db.DBStoreBuilder (DBStoreBuilder.java:addTable(110)) - using custom profile for table: default
2019-08-20 19:24:41,457 [main] INFO  db.DBStoreBuilder (DBStoreBuilder.java:processTables(167)) - Using default column profile:DBProfile.DISK for Table:default
2019-08-20 19:24:41,457 [main] INFO  db.DBStoreBuilder (DBStoreBuilder.java:getDbProfile(198)) - Using default options. DBProfile.DISK
2019-08-20 19:24:41,649 [main] INFO  net.NodeSchemaLoader (NodeSchemaLoader.java:loadSchemaFromFile(125)) - Loading file from sun.misc.CompoundEnumeration@3193e21d
2019-08-20 19:24:41,649 [main] INFO  net.NodeSchemaLoader (NodeSchemaLoader.java:loadSchema(171)) - Loading network topology layer schema file
2019-08-20 19:24:41,653 [main] WARN  server.ServerUtils (ServerUtils.java:sanitizeUserArgs(70)) - ozone.scm.stale.node.interval value = 300000 is larger than max = 100000 based on the key value of ozone.scm.heartbeat.thread.interval, reset to the max value 100000.
2019-08-20 19:24:41,653 [main] WARN  server.ServerUtils (ServerUtils.java:sanitizeUserArgs(70)) - ozone.scm.stale.node.interval value = 300000 is larger than max = 100000 based on the key value of ozone.scm.heartbeat.thread.interval, reset to the max value 100000.
2019-08-20 19:24:41,654 [main] INFO  node.SCMNodeManager (SCMNodeManager.java:<init>(121)) - Entering startup safe mode.
2019-08-20 19:24:41,654 [main] INFO  algorithms.ContainerPlacementPolicyFactory (ContainerPlacementPolicyFactory.java:getPolicy(55)) - Create container placement policy of type org.apache.hadoop.hdds.scm.container.placement.algorithms.SCMContainerPlacementRandom
2019-08-20 19:24:41,654 [main] WARN  server.ServerUtils (ServerUtils.java:getScmDbDir(145)) - ozone.scm.db.dirs is not configured. We recommend adding this setting. Falling back to ozone.metadata.dirs instead.
2019-08-20 19:24:41,712 [main] INFO  pipeline.SCMPipelineManager (SCMPipelineManager.java:initializePipelineState(126)) - No pipeline exists in current db
2019-08-20 19:24:41,712 [main] WARN  server.ServerUtils (ServerUtils.java:getScmDbDir(145)) - ozone.scm.db.dirs is not configured. We recommend adding this setting. Falling back to ozone.metadata.dirs instead.
2019-08-20 19:24:41,744 [main] WARN  events.EventQueue (EventQueue.java:fireEvent(175)) - No event handler registered for event TypedEvent{payloadType=SafeModeStatus, name='SafeModeStatus'}
2019-08-20 19:24:41,745 [main] INFO  ipc.CallQueueManager (CallQueueManager.java:<init>(84)) - Using callQueue: class java.util.concurrent.LinkedBlockingQueue, queueCapacity: 2000, scheduler: class org.apache.hadoop.ipc.DefaultRpcScheduler, ipcBackoff: false.
2019-08-20 19:24:41,746 [Socket Reader #1 for port 43845] INFO  ipc.Server (Server.java:run(1074)) - Starting Socket Reader #1 for port 43845
2019-08-20 19:24:41,747 [main] INFO  ipc.CallQueueManager (CallQueueManager.java:<init>(84)) - Using callQueue: class java.util.concurrent.LinkedBlockingQueue, queueCapacity: 2000, scheduler: class org.apache.hadoop.ipc.DefaultRpcScheduler, ipcBackoff: false.
2019-08-20 19:24:41,748 [Socket Reader #1 for port 45582] INFO  ipc.Server (Server.java:run(1074)) - Starting Socket Reader #1 for port 45582
2019-08-20 19:24:41,749 [main] INFO  ipc.CallQueueManager (CallQueueManager.java:<init>(84)) - Using callQueue: class java.util.concurrent.LinkedBlockingQueue, queueCapacity: 2000, scheduler: class org.apache.hadoop.ipc.DefaultRpcScheduler, ipcBackoff: false.
2019-08-20 19:24:41,750 [Socket Reader #1 for port 34959] INFO  ipc.Server (Server.java:run(1074)) - Starting Socket Reader #1 for port 34959
2019-08-20 19:24:41,752 [main] INFO  hdfs.DFSUtil (DFSUtil.java:httpServerTemplateForNNAndJN(1641)) - Starting Web-server for scm at: http://0.0.0.0:0
2019-08-20 19:24:41,754 [main] INFO  server.AuthenticationFilter (AuthenticationFilter.java:constructSecretProvider(240)) - Unable to initialize FileSignerSecretProvider, falling back to use random secrets.
2019-08-20 19:24:41,754 [main] WARN  http.HttpRequestLog (HttpRequestLog.java:getRequestLog(97)) - Jetty request log can only be enabled using Log4j
2019-08-20 19:24:41,756 [main] INFO  http.HttpServer2 (HttpServer2.java:addGlobalFilter(975)) - Added global filter 'safety' (class=org.apache.hadoop.http.HttpServer2$QuotingInputFilter)
2019-08-20 19:24:41,757 [main] INFO  http.HttpServer2 (HttpServer2.java:addFilter(948)) - Added filter static_user_filter (class=org.apache.hadoop.http.lib.StaticUserWebFilter$StaticUserFilter) to context scm
2019-08-20 19:24:41,758 [main] INFO  http.HttpServer2 (HttpServer2.java:addFilter(958)) - Added filter static_user_filter (class=org.apache.hadoop.http.lib.StaticUserWebFilter$StaticUserFilter) to context logs
2019-08-20 19:24:41,758 [main] INFO  http.HttpServer2 (HttpServer2.java:addFilter(958)) - Added filter static_user_filter (class=org.apache.hadoop.http.lib.StaticUserWebFilter$StaticUserFilter) to context static
2019-08-20 19:24:41,761 [main] INFO  server.StorageContainerManager (StorageContainerManager.java:start(759)) - StorageContainerLocationProtocol RPC server is listening at /0.0.0.0:34959
2019-08-20 19:24:41,764 [main] WARN  impl.MetricsConfig (MetricsConfig.java:loadFirst(134)) - Cannot locate configuration: tried hadoop-metrics2-storagecontainermanager.properties,hadoop-metrics2.properties
2019-08-20 19:24:41,765 [main] INFO  impl.MetricsSystemImpl (MetricsSystemImpl.java:startTimer(374)) - Scheduled Metric snapshot period at 10 second(s).
2019-08-20 19:24:41,765 [main] INFO  impl.MetricsSystemImpl (MetricsSystemImpl.java:start(191)) - StorageContainerManager metrics system started
2019-08-20 19:24:41,813 [main] INFO  server.SCMClientProtocolServer (SCMClientProtocolServer.java:start(151)) - RPC server for Client  is listening at /0.0.0.0:34959
2019-08-20 19:24:41,813 [IPC Server Responder] INFO  ipc.Server (Server.java:run(1314)) - IPC Server Responder: starting
2019-08-20 19:24:41,814 [IPC Server listener on 34959] INFO  ipc.Server (Server.java:run(1153)) - IPC Server listener on 34959: starting
2019-08-20 19:24:41,816 [main] INFO  server.StorageContainerManager (StorageContainerManager.java:start(769)) - ScmBlockLocationProtocol RPC server is listening at /0.0.0.0:45582
2019-08-20 19:24:41,816 [main] INFO  server.SCMBlockProtocolServer (SCMBlockProtocolServer.java:start(140)) - RPC server for Block Protocol is listening at /0.0.0.0:45582
2019-08-20 19:24:41,817 [IPC Server Responder] INFO  ipc.Server (Server.java:run(1314)) - IPC Server Responder: starting
2019-08-20 19:24:41,817 [IPC Server listener on 45582] INFO  ipc.Server (Server.java:run(1153)) - IPC Server listener on 45582: starting
2019-08-20 19:24:41,820 [main] INFO  server.StorageContainerManager (StorageContainerManager.java:start(773)) - ScmDatanodeProtocl RPC server is listening at /0.0.0.0:43845
2019-08-20 19:24:41,820 [main] INFO  server.SCMDatanodeProtocolServer (SCMDatanodeProtocolServer.java:start(191)) - RPC server for DataNodes is listening at /0.0.0.0:43845
2019-08-20 19:24:41,820 [IPC Server Responder] INFO  ipc.Server (Server.java:run(1314)) - IPC Server Responder: starting
2019-08-20 19:24:41,820 [IPC Server listener on 43845] INFO  ipc.Server (Server.java:run(1153)) - IPC Server listener on 43845: starting
2019-08-20 19:24:41,823 [main] INFO  http.HttpServer2 (HttpServer2.java:bindListener(1191)) - Jetty bound to port 36713
2019-08-20 19:24:41,823 [main] INFO  server.Server (Server.java:doStart(351)) - jetty-9.3.24.v20180605, build timestamp: 2018-06-05T17:11:56Z, git hash: 84205aa28f11a4f31f2a3b86d1bba2cc8ab69827
2019-08-20 19:24:41,825 [main] INFO  handler.ContextHandler (ContextHandler.java:doStart(781)) - Started o.e.j.s.ServletContextHandler@b1d19ff{/logs,file:///workdir/hadoop-ozone/integration-test/target/log,AVAILABLE}
2019-08-20 19:24:41,825 [main] INFO  handler.ContextHandler (ContextHandler.java:doStart(781)) - Started o.e.j.s.ServletContextHandler@184de357{/static,file:///workdir/hadoop-ozone/integration-test/target/test-classes/webapps/static,AVAILABLE}
2019-08-20 19:24:41,830 [main] INFO  handler.ContextHandler (ContextHandler.java:doStart(781)) - Started o.e.j.w.WebAppContext@60816371{/,file:///workdir/hadoop-ozone/integration-test/target/test-classes/webapps/scm/,AVAILABLE}{/scm}
2019-08-20 19:24:41,831 [main] INFO  server.AbstractConnector (AbstractConnector.java:doStart(278)) - Started ServerConnector@678586f0{HTTP/1.1,[http/1.1]}{0.0.0.0:36713}
2019-08-20 19:24:41,832 [main] INFO  server.Server (Server.java:doStart(419)) - Started @57417ms
2019-08-20 19:24:41,833 [main] INFO  server.BaseHttpServer (BaseHttpServer.java:updateConnectorAddress(213)) - HTTP server of SCM is listening at http://0.0.0.0:36713
2019-08-20 19:24:41,833 [main] WARN  server.ServerUtils (ServerUtils.java:getDBPath(222)) - ozone.om.db.dirs is not configured. We recommend adding this setting. Falling back to ozone.metadata.dirs instead.
2019-08-20 19:24:41,834 [org.apache.hadoop.util.JvmPauseMonitor$Monitor@586728e8] INFO  util.JvmPauseMonitor (JvmPauseMonitor.java:run(188)) - Starting JVM pause monitor
2019-08-20 19:24:41,848 [main] WARN  server.ServerUtils (ServerUtils.java:getDBPath(222)) - ozone.om.db.dirs is not configured. We recommend adding this setting. Falling back to ozone.metadata.dirs instead.
2019-08-20 19:24:41,849 [main] WARN  server.ServerUtils (ServerUtils.java:getDBPath(222)) - ozone.om.db.dirs is not configured. We recommend adding this setting. Falling back to ozone.metadata.dirs instead.
2019-08-20 19:24:41,849 [main] INFO  om.OzoneManager (OzoneManager.java:setOMNodeDetails(648)) - OM Service ID is not set. Setting it to the default ID: omServiceIdDefault
2019-08-20 19:24:41,849 [main] INFO  om.OzoneManager (OzoneManager.java:setOMNodeDetails(654)) - OM Node ID is not set. Setting it to the OmStorage's OmID: 0975ad53-b02c-4678-9ccb-d065660e4d66
2019-08-20 19:24:41,850 [main] INFO  om.OzoneManager (OzoneManager.java:loadOMHAConfigs(605)) - Found matching OM address with OMServiceId: null, OMNodeId: null, RPC Address: localhost:0 and Ratis port: 9872
2019-08-20 19:24:41,853 | INFO  | SCMAudit | user=jenkins1000 | ip=192.168.157.205 | op=GET_SCM_INFO null | ret=SUCCESS |  
2019-08-20 19:24:41,856 [main] WARN  server.ServerUtils (ServerUtils.java:getDBPath(222)) - ozone.om.db.dirs is not configured. We recommend adding this setting. Falling back to ozone.metadata.dirs instead.
2019-08-20 19:24:41,856 [main] INFO  db.DBStoreBuilder (DBStoreBuilder.java:addTable(110)) - using custom profile for table: userTable
2019-08-20 19:24:41,856 [main] INFO  db.DBStoreBuilder (DBStoreBuilder.java:processTables(161)) - Using default column profile:DBProfile.DISK for Table:userTable
2019-08-20 19:24:41,856 [main] INFO  db.DBStoreBuilder (DBStoreBuilder.java:addTable(110)) - using custom profile for table: volumeTable
2019-08-20 19:24:41,857 [main] INFO  db.DBStoreBuilder (DBStoreBuilder.java:processTables(161)) - Using default column profile:DBProfile.DISK for Table:volumeTable
2019-08-20 19:24:41,857 [main] INFO  db.DBStoreBuilder (DBStoreBuilder.java:addTable(110)) - using custom profile for table: bucketTable
2019-08-20 19:24:41,857 [main] INFO  db.DBStoreBuilder (DBStoreBuilder.java:processTables(161)) - Using default column profile:DBProfile.DISK for Table:bucketTable
2019-08-20 19:24:41,857 [main] INFO  db.DBStoreBuilder (DBStoreBuilder.java:addTable(110)) - using custom profile for table: keyTable
2019-08-20 19:24:41,857 [main] INFO  db.DBStoreBuilder (DBStoreBuilder.java:processTables(161)) - Using default column profile:DBProfile.DISK for Table:keyTable
2019-08-20 19:24:41,858 [main] INFO  db.DBStoreBuilder (DBStoreBuilder.java:addTable(110)) - using custom profile for table: deletedTable
2019-08-20 19:24:41,858 [main] INFO  db.DBStoreBuilder (DBStoreBuilder.java:processTables(161)) - Using default column profile:DBProfile.DISK for Table:deletedTable
2019-08-20 19:24:41,858 [main] INFO  db.DBStoreBuilder (DBStoreBuilder.java:addTable(110)) - using custom profile for table: openKeyTable
2019-08-20 19:24:41,858 [main] INFO  db.DBStoreBuilder (DBStoreBuilder.java:processTables(161)) - Using default column profile:DBProfile.DISK for Table:openKeyTable
2019-08-20 19:24:41,858 [main] INFO  db.DBStoreBuilder (DBStoreBuilder.java:addTable(110)) - using custom profile for table: s3Table
2019-08-20 19:24:41,858 [main] INFO  db.DBStoreBuilder (DBStoreBuilder.java:processTables(161)) - Using default column profile:DBProfile.DISK for Table:s3Table
2019-08-20 19:24:41,859 [main] INFO  db.DBStoreBuilder (DBStoreBuilder.java:addTable(110)) - using custom profile for table: multipartInfoTable
2019-08-20 19:24:41,859 [main] INFO  db.DBStoreBuilder (DBStoreBuilder.java:processTables(161)) - Using default column profile:DBProfile.DISK for Table:multipartInfoTable
2019-08-20 19:24:41,859 [main] INFO  db.DBStoreBuilder (DBStoreBuilder.java:addTable(110)) - using custom profile for table: dTokenTable
2019-08-20 19:24:41,859 [main] INFO  db.DBStoreBuilder (DBStoreBuilder.java:processTables(161)) - Using default column profile:DBProfile.DISK for Table:dTokenTable
2019-08-20 19:24:41,859 [main] INFO  db.DBStoreBuilder (DBStoreBuilder.java:addTable(110)) - using custom profile for table: s3SecretTable
2019-08-20 19:24:41,859 [main] INFO  db.DBStoreBuilder (DBStoreBuilder.java:processTables(161)) - Using default column profile:DBProfile.DISK for Table:s3SecretTable
2019-08-20 19:24:41,860 [main] INFO  db.DBStoreBuilder (DBStoreBuilder.java:addTable(110)) - using custom profile for table: prefixTable
2019-08-20 19:24:41,860 [main] INFO  db.DBStoreBuilder (DBStoreBuilder.java:processTables(161)) - Using default column profile:DBProfile.DISK for Table:prefixTable
2019-08-20 19:24:41,860 [main] INFO  db.DBStoreBuilder (DBStoreBuilder.java:addTable(110)) - using custom profile for table: default
2019-08-20 19:24:41,860 [main] INFO  db.DBStoreBuilder (DBStoreBuilder.java:processTables(167)) - Using default column profile:DBProfile.DISK for Table:default
2019-08-20 19:24:41,860 [main] INFO  db.DBStoreBuilder (DBStoreBuilder.java:getDbProfile(198)) - Using default options. DBProfile.DISK
2019-08-20 19:24:42,369 [main] INFO  ipc.CallQueueManager (CallQueueManager.java:<init>(84)) - Using callQueue: class java.util.concurrent.LinkedBlockingQueue, queueCapacity: 2000, scheduler: class org.apache.hadoop.ipc.DefaultRpcScheduler, ipcBackoff: false.
2019-08-20 19:24:42,370 [Socket Reader #1 for port 44991] INFO  ipc.Server (Server.java:run(1074)) - Starting Socket Reader #1 for port 44991
2019-08-20 19:24:42,382 [main] INFO  om.OzoneManager (OzoneManager.java:start(1259)) - OzoneManager RPC server is listening at localhost/127.0.0.1:44991
2019-08-20 19:24:42,382 [main] INFO  impl.MetricsSystemImpl (MetricsSystemImpl.java:init(158)) - OzoneManager metrics system started (again)
2019-08-20 19:24:42,383 [IPC Server Responder] INFO  ipc.Server (Server.java:run(1314)) - IPC Server Responder: starting
2019-08-20 19:24:42,383 [IPC Server listener on 44991] INFO  ipc.Server (Server.java:run(1153)) - IPC Server listener on 44991: starting
2019-08-20 19:24:42,387 [main] INFO  hdfs.DFSUtil (DFSUtil.java:httpServerTemplateForNNAndJN(1641)) - Starting Web-server for ozoneManager at: http://0.0.0.0:0
2019-08-20 19:24:42,388 [main] INFO  server.AuthenticationFilter (AuthenticationFilter.java:constructSecretProvider(240)) - Unable to initialize FileSignerSecretProvider, falling back to use random secrets.
2019-08-20 19:24:42,389 [main] WARN  http.HttpRequestLog (HttpRequestLog.java:getRequestLog(97)) - Jetty request log can only be enabled using Log4j
2019-08-20 19:24:42,391 [main] INFO  http.HttpServer2 (HttpServer2.java:addGlobalFilter(975)) - Added global filter 'safety' (class=org.apache.hadoop.http.HttpServer2$QuotingInputFilter)
2019-08-20 19:24:42,392 [main] INFO  http.HttpServer2 (HttpServer2.java:addFilter(948)) - Added filter static_user_filter (class=org.apache.hadoop.http.lib.StaticUserWebFilter$StaticUserFilter) to context ozoneManager
2019-08-20 19:24:42,392 [main] INFO  http.HttpServer2 (HttpServer2.java:addFilter(958)) - Added filter static_user_filter (class=org.apache.hadoop.http.lib.StaticUserWebFilter$StaticUserFilter) to context static
2019-08-20 19:24:42,392 [main] INFO  http.HttpServer2 (HttpServer2.java:addFilter(958)) - Added filter static_user_filter (class=org.apache.hadoop.http.lib.StaticUserWebFilter$StaticUserFilter) to context logs
2019-08-20 19:24:42,393 [main] INFO  http.HttpServer2 (HttpServer2.java:bindListener(1191)) - Jetty bound to port 33783
2019-08-20 19:24:42,393 [main] INFO  server.Server (Server.java:doStart(351)) - jetty-9.3.24.v20180605, build timestamp: 2018-06-05T17:11:56Z, git hash: 84205aa28f11a4f31f2a3b86d1bba2cc8ab69827
2019-08-20 19:24:42,395 [main] INFO  handler.ContextHandler (ContextHandler.java:doStart(781)) - Started o.e.j.s.ServletContextHandler@67d5ac2f{/logs,file:///workdir/hadoop-ozone/integration-test/target/log,AVAILABLE}
2019-08-20 19:24:42,395 [main] INFO  handler.ContextHandler (ContextHandler.java:doStart(781)) - Started o.e.j.s.ServletContextHandler@1d637673{/static,file:///workdir/hadoop-ozone/integration-test/target/test-classes/webapps/static,AVAILABLE}
2019-08-20 19:24:42,400 [main] INFO  handler.ContextHandler (ContextHandler.java:doStart(781)) - Started o.e.j.w.WebAppContext@63c99f7{/,file:///workdir/hadoop-ozone/integration-test/target/test-classes/webapps/ozoneManager/,AVAILABLE}{/ozoneManager}
2019-08-20 19:24:42,401 [main] INFO  server.AbstractConnector (AbstractConnector.java:doStart(278)) - Started ServerConnector@7f012923{HTTP/1.1,[http/1.1]}{0.0.0.0:33783}
2019-08-20 19:24:42,401 [main] INFO  server.Server (Server.java:doStart(419)) - Started @57986ms
2019-08-20 19:24:42,402 [main] INFO  server.BaseHttpServer (BaseHttpServer.java:updateConnectorAddress(213)) - HTTP server of OZONEMANAGER is listening at http://0.0.0.0:33783
2019-08-20 19:24:42,419 [main] INFO  impl.MetricsSystemImpl (MetricsSystemImpl.java:init(158)) - HddsDatanode metrics system started (again)
2019-08-20 19:24:42,422 [main] INFO  ozone.HddsDatanodeService (HddsDatanodeService.java:start(184)) - HddsDatanodeService host:pr-hdds-1927-n56ck-2550958449 ip:192.168.157.205
2019-08-20 19:24:42,428 [main] INFO  volume.HddsVolume (HddsVolume.java:<init>(176)) - Creating Volume: /workdir/hadoop-ozone/integration-test/target/test-dir/MiniOzoneClusterImpl-c83b9401-1b06-4086-9e2d-44809f408d3d/datanode-0/data/containers/hdds of  storage type : DISK and capacity : 1482555576320
2019-08-20 19:24:42,428 [main] INFO  volume.VolumeSet (VolumeSet.java:initializeVolumeSet(170)) - Added Volume : /workdir/hadoop-ozone/integration-test/target/test-dir/MiniOzoneClusterImpl-c83b9401-1b06-4086-9e2d-44809f408d3d/datanode-0/data/containers/hdds to VolumeSet
2019-08-20 19:24:42,428 [main] INFO  volume.ThrottledAsyncChecker (ThrottledAsyncChecker.java:schedule(140)) - Scheduling a check for org.apache.hadoop.ozone.container.common.volume.HddsVolume@68b3248a
2019-08-20 19:24:42,428 [main] INFO  volume.HddsVolumeChecker (HddsVolumeChecker.java:checkAllVolumes(203)) - Scheduled health check for volume org.apache.hadoop.ozone.container.common.volume.HddsVolume@68b3248a
2019-08-20 19:24:42,442 [main] INFO  impl.RaftServerProxy (ConfUtils.java:logGet(43)) - raft.rpc.type = GRPC (default)
2019-08-20 19:24:42,442 [main] INFO  grpc.GrpcFactory (GrpcFactory.java:checkPooledByteBufAllocatorUseCacheForAllThreads(45)) - PERFORMANCE WARNING: useCacheForAllThreads is true that may cause Netty to create a lot garbage objects and, as a result, trigger GC.
	It is recommended to disable useCacheForAllThreads by setting -Dorg.apache.ratis.thirdparty.io.netty.allocator.useCacheForAllThreads=false in command line.
2019-08-20 19:24:42,442 [main] INFO  grpc.GrpcConfigKeys$Server (ConfUtils.java:logGet(43)) - raft.grpc.server.port = 0 (default)
2019-08-20 19:24:42,442 [main] INFO  server.GrpcService (ConfUtils.java:logGet(43)) - raft.grpc.message.size.max = 33570816 (custom)
2019-08-20 19:24:42,442 [main] INFO  server.RaftServerConfigKeys (ConfUtils.java:logGet(43)) - raft.server.log.appender.buffer.byte-limit = 33554432 (custom)
2019-08-20 19:24:42,443 [main] INFO  server.GrpcService (ConfUtils.java:logGet(43)) - raft.grpc.flow.control.window = 1MB (=1048576) (default)
2019-08-20 19:24:42,443 [main] INFO  server.RaftServerConfigKeys (ConfUtils.java:logGet(43)) - raft.server.rpc.request.timeout = 3000ms (default)
2019-08-20 19:24:42,443 [main] INFO  server.RaftServerConfigKeys (ConfUtils.java:logGet(43)) - raft.server.storage.dir = [/workdir/hadoop-ozone/integration-test/target/test-dir/MiniOzoneClusterImpl-c83b9401-1b06-4086-9e2d-44809f408d3d/datanode-0/data/ratis] (custom)
2019-08-20 19:24:42,444 [main] INFO  replication.SimpleContainerDownloader (SimpleContainerDownloader.java:<init>(72)) - Starting container downloader service to copy containers to replicate.
2019-08-20 19:24:42,445 [main] INFO  hdfs.DFSUtil (DFSUtil.java:httpServerTemplateForNNAndJN(1641)) - Starting Web-server for hddsDatanode at: http://0.0.0.0:0
2019-08-20 19:24:42,446 [main] INFO  server.AuthenticationFilter (AuthenticationFilter.java:constructSecretProvider(240)) - Unable to initialize FileSignerSecretProvider, falling back to use random secrets.
2019-08-20 19:24:42,447 [main] WARN  http.HttpRequestLog (HttpRequestLog.java:getRequestLog(97)) - Jetty request log can only be enabled using Log4j
2019-08-20 19:24:42,448 [main] INFO  http.HttpServer2 (HttpServer2.java:addGlobalFilter(975)) - Added global filter 'safety' (class=org.apache.hadoop.http.HttpServer2$QuotingInputFilter)
2019-08-20 19:24:42,448 [main] INFO  http.HttpServer2 (HttpServer2.java:addFilter(948)) - Added filter static_user_filter (class=org.apache.hadoop.http.lib.StaticUserWebFilter$StaticUserFilter) to context hddsDatanode
2019-08-20 19:24:42,449 [main] INFO  http.HttpServer2 (HttpServer2.java:addFilter(958)) - Added filter static_user_filter (class=org.apache.hadoop.http.lib.StaticUserWebFilter$StaticUserFilter) to context logs
2019-08-20 19:24:42,449 [main] INFO  http.HttpServer2 (HttpServer2.java:addFilter(958)) - Added filter static_user_filter (class=org.apache.hadoop.http.lib.StaticUserWebFilter$StaticUserFilter) to context static
2019-08-20 19:24:42,450 [main] INFO  http.HttpServer2 (HttpServer2.java:bindListener(1191)) - Jetty bound to port 36928
2019-08-20 19:24:42,450 [main] INFO  server.Server (Server.java:doStart(351)) - jetty-9.3.24.v20180605, build timestamp: 2018-06-05T17:11:56Z, git hash: 84205aa28f11a4f31f2a3b86d1bba2cc8ab69827
2019-08-20 19:24:42,452 [main] INFO  handler.ContextHandler (ContextHandler.java:doStart(781)) - Started o.e.j.s.ServletContextHandler@1cc708a7{/logs,file:///workdir/hadoop-ozone/integration-test/target/log,AVAILABLE}
2019-08-20 19:24:42,453 [main] INFO  handler.ContextHandler (ContextHandler.java:doStart(781)) - Started o.e.j.s.ServletContextHandler@6249a08d{/static,jar:file:/home/user/.m2/repository/org/apache/hadoop/hadoop-hdds-container-service/0.5.0-SNAPSHOT/hadoop-hdds-container-service-0.5.0-SNAPSHOT.jar!/webapps/static,AVAILABLE}
2019-08-20 19:24:42,484 [main] INFO  handler.ContextHandler (ContextHandler.java:doStart(781)) - Started o.e.j.w.WebAppContext@6eaa6b0c{/,file:///tmp/jetty-0.0.0.0-36928-hddsDatanode-_-any-1986627069335715592.dir/webapp/,AVAILABLE}{/hddsDatanode}
2019-08-20 19:24:42,485 [main] INFO  server.AbstractConnector (AbstractConnector.java:doStart(278)) - Started ServerConnector@4afcae7{HTTP/1.1,[http/1.1]}{0.0.0.0:36928}
2019-08-20 19:24:42,486 [main] INFO  server.Server (Server.java:doStart(419)) - Started @58071ms
2019-08-20 19:24:42,487 [main] INFO  server.BaseHttpServer (BaseHttpServer.java:updateConnectorAddress(213)) - HTTP server of HDDSDATANODE is listening at http://0.0.0.0:36928
2019-08-20 19:24:42,625 | INFO  | ObjectStoreRestHttpServer | Listening HDDS REST traffic on /0.0.0.0:44922 |  
2019-08-20 19:24:42,625 [main] INFO  ozone.HddsDatanodeService (HddsDatanodeService.java:startPlugins(395)) - Started plug-in org.apache.hadoop.ozone.web.OzoneHddsDatanodeService@5368e981
2019-08-20 19:24:42,625 [main] INFO  impl.MetricsSystemImpl (MetricsSystemImpl.java:init(158)) - HddsDatanode metrics system started (again)
2019-08-20 19:24:42,627 [org.apache.hadoop.util.JvmPauseMonitor$Monitor@54358548] INFO  util.JvmPauseMonitor (JvmPauseMonitor.java:run(188)) - Starting JVM pause monitor
2019-08-20 19:24:42,628 [main] INFO  ozone.HddsDatanodeService (HddsDatanodeService.java:start(184)) - HddsDatanodeService host:pr-hdds-1927-n56ck-2550958449 ip:192.168.157.205
2019-08-20 19:24:42,630 [Datanode State Machine Thread - 0] INFO  datanode.InitDatanodeState (InitDatanodeState.java:persistContainerDatanodeDetails(140)) - DatanodeDetails is persisted to /workdir/hadoop-ozone/integration-test/target/test-dir/MiniOzoneClusterImpl-c83b9401-1b06-4086-9e2d-44809f408d3d/datanode-0/meta/datanode.id
2019-08-20 19:24:42,633 [main] INFO  volume.HddsVolume (HddsVolume.java:<init>(176)) - Creating Volume: /workdir/hadoop-ozone/integration-test/target/test-dir/MiniOzoneClusterImpl-c83b9401-1b06-4086-9e2d-44809f408d3d/datanode-1/data/containers/hdds of  storage type : DISK and capacity : 1482555576320
2019-08-20 19:24:42,633 [main] INFO  volume.VolumeSet (VolumeSet.java:initializeVolumeSet(170)) - Added Volume : /workdir/hadoop-ozone/integration-test/target/test-dir/MiniOzoneClusterImpl-c83b9401-1b06-4086-9e2d-44809f408d3d/datanode-1/data/containers/hdds to VolumeSet
2019-08-20 19:24:42,633 [main] INFO  volume.ThrottledAsyncChecker (ThrottledAsyncChecker.java:schedule(140)) - Scheduling a check for org.apache.hadoop.ozone.container.common.volume.HddsVolume@1c90029b
2019-08-20 19:24:42,634 [main] INFO  volume.HddsVolumeChecker (HddsVolumeChecker.java:checkAllVolumes(203)) - Scheduled health check for volume org.apache.hadoop.ozone.container.common.volume.HddsVolume@1c90029b
2019-08-20 19:24:42,646 [main] INFO  impl.RaftServerProxy (ConfUtils.java:logGet(43)) - raft.rpc.type = GRPC (default)
2019-08-20 19:24:42,647 [main] INFO  grpc.GrpcFactory (GrpcFactory.java:checkPooledByteBufAllocatorUseCacheForAllThreads(45)) - PERFORMANCE WARNING: useCacheForAllThreads is true that may cause Netty to create a lot garbage objects and, as a result, trigger GC.
	It is recommended to disable useCacheForAllThreads by setting -Dorg.apache.ratis.thirdparty.io.netty.allocator.useCacheForAllThreads=false in command line.
2019-08-20 19:24:42,647 [main] INFO  grpc.GrpcConfigKeys$Server (ConfUtils.java:logGet(43)) - raft.grpc.server.port = 0 (default)
2019-08-20 19:24:42,647 [main] INFO  server.GrpcService (ConfUtils.java:logGet(43)) - raft.grpc.message.size.max = 33570816 (custom)
2019-08-20 19:24:42,647 [main] INFO  server.RaftServerConfigKeys (ConfUtils.java:logGet(43)) - raft.server.log.appender.buffer.byte-limit = 33554432 (custom)
2019-08-20 19:24:42,647 [main] INFO  server.GrpcService (ConfUtils.java:logGet(43)) - raft.grpc.flow.control.window = 1MB (=1048576) (default)
2019-08-20 19:24:42,648 [main] INFO  server.RaftServerConfigKeys (ConfUtils.java:logGet(43)) - raft.server.rpc.request.timeout = 3000ms (default)
2019-08-20 19:24:42,648 [main] INFO  server.RaftServerConfigKeys (ConfUtils.java:logGet(43)) - raft.server.storage.dir = [/workdir/hadoop-ozone/integration-test/target/test-dir/MiniOzoneClusterImpl-c83b9401-1b06-4086-9e2d-44809f408d3d/datanode-1/data/ratis] (custom)
2019-08-20 19:24:42,649 [main] INFO  replication.SimpleContainerDownloader (SimpleContainerDownloader.java:<init>(72)) - Starting container downloader service to copy containers to replicate.
2019-08-20 19:24:42,650 [main] INFO  hdfs.DFSUtil (DFSUtil.java:httpServerTemplateForNNAndJN(1641)) - Starting Web-server for hddsDatanode at: http://0.0.0.0:0
2019-08-20 19:24:42,651 [main] INFO  server.AuthenticationFilter (AuthenticationFilter.java:constructSecretProvider(240)) - Unable to initialize FileSignerSecretProvider, falling back to use random secrets.
2019-08-20 19:24:42,651 [main] WARN  http.HttpRequestLog (HttpRequestLog.java:getRequestLog(97)) - Jetty request log can only be enabled using Log4j
2019-08-20 19:24:42,652 [main] INFO  http.HttpServer2 (HttpServer2.java:addGlobalFilter(975)) - Added global filter 'safety' (class=org.apache.hadoop.http.HttpServer2$QuotingInputFilter)
2019-08-20 19:24:42,653 [main] INFO  http.HttpServer2 (HttpServer2.java:addFilter(948)) - Added filter static_user_filter (class=org.apache.hadoop.http.lib.StaticUserWebFilter$StaticUserFilter) to context hddsDatanode
2019-08-20 19:24:42,653 [main] INFO  http.HttpServer2 (HttpServer2.java:addFilter(958)) - Added filter static_user_filter (class=org.apache.hadoop.http.lib.StaticUserWebFilter$StaticUserFilter) to context logs
2019-08-20 19:24:42,653 [main] INFO  http.HttpServer2 (HttpServer2.java:addFilter(958)) - Added filter static_user_filter (class=org.apache.hadoop.http.lib.StaticUserWebFilter$StaticUserFilter) to context static
2019-08-20 19:24:42,654 [main] INFO  http.HttpServer2 (HttpServer2.java:bindListener(1191)) - Jetty bound to port 34889
2019-08-20 19:24:42,654 [main] INFO  server.Server (Server.java:doStart(351)) - jetty-9.3.24.v20180605, build timestamp: 2018-06-05T17:11:56Z, git hash: 84205aa28f11a4f31f2a3b86d1bba2cc8ab69827
2019-08-20 19:24:42,656 [main] INFO  handler.ContextHandler (ContextHandler.java:doStart(781)) - Started o.e.j.s.ServletContextHandler@5d37aa0f{/logs,file:///workdir/hadoop-ozone/integration-test/target/log,AVAILABLE}
2019-08-20 19:24:42,658 [main] INFO  handler.ContextHandler (ContextHandler.java:doStart(781)) - Started o.e.j.s.ServletContextHandler@485c84d7{/static,jar:file:/home/user/.m2/repository/org/apache/hadoop/hadoop-hdds-container-service/0.5.0-SNAPSHOT/hadoop-hdds-container-service-0.5.0-SNAPSHOT.jar!/webapps/static,AVAILABLE}
2019-08-20 19:24:42,688 [main] INFO  handler.ContextHandler (ContextHandler.java:doStart(781)) - Started o.e.j.w.WebAppContext@401ec794{/,file:///tmp/jetty-0.0.0.0-34889-hddsDatanode-_-any-3248680720010512875.dir/webapp/,AVAILABLE}{/hddsDatanode}
2019-08-20 19:24:42,688 [main] INFO  server.AbstractConnector (AbstractConnector.java:doStart(278)) - Started ServerConnector@d76099a{HTTP/1.1,[http/1.1]}{0.0.0.0:34889}
2019-08-20 19:24:42,689 [main] INFO  server.Server (Server.java:doStart(419)) - Started @58275ms
2019-08-20 19:24:42,690 [main] INFO  server.BaseHttpServer (BaseHttpServer.java:updateConnectorAddress(213)) - HTTP server of HDDSDATANODE is listening at http://0.0.0.0:34889
2019-08-20 19:24:42,830 | INFO  | ObjectStoreRestHttpServer | Listening HDDS REST traffic on /0.0.0.0:43809 |  
2019-08-20 19:24:42,830 [main] INFO  ozone.HddsDatanodeService (HddsDatanodeService.java:startPlugins(395)) - Started plug-in org.apache.hadoop.ozone.web.OzoneHddsDatanodeService@29f95272
2019-08-20 19:24:42,831 [main] INFO  impl.MetricsSystemImpl (MetricsSystemImpl.java:init(158)) - HddsDatanode metrics system started (again)
2019-08-20 19:24:42,833 [org.apache.hadoop.util.JvmPauseMonitor$Monitor@105200d1] INFO  util.JvmPauseMonitor (JvmPauseMonitor.java:run(188)) - Starting JVM pause monitor
2019-08-20 19:24:42,834 [main] INFO  ozone.HddsDatanodeService (HddsDatanodeService.java:start(184)) - HddsDatanodeService host:pr-hdds-1927-n56ck-2550958449 ip:192.168.157.205
2019-08-20 19:24:42,835 [Datanode State Machine Thread - 0] INFO  datanode.InitDatanodeState (InitDatanodeState.java:persistContainerDatanodeDetails(140)) - DatanodeDetails is persisted to /workdir/hadoop-ozone/integration-test/target/test-dir/MiniOzoneClusterImpl-c83b9401-1b06-4086-9e2d-44809f408d3d/datanode-1/meta/datanode.id
2019-08-20 19:24:42,840 [main] INFO  volume.HddsVolume (HddsVolume.java:<init>(176)) - Creating Volume: /workdir/hadoop-ozone/integration-test/target/test-dir/MiniOzoneClusterImpl-c83b9401-1b06-4086-9e2d-44809f408d3d/datanode-2/data/containers/hdds of  storage type : DISK and capacity : 1482555576320
2019-08-20 19:24:42,840 [main] INFO  volume.VolumeSet (VolumeSet.java:initializeVolumeSet(170)) - Added Volume : /workdir/hadoop-ozone/integration-test/target/test-dir/MiniOzoneClusterImpl-c83b9401-1b06-4086-9e2d-44809f408d3d/datanode-2/data/containers/hdds to VolumeSet
2019-08-20 19:24:42,841 [main] INFO  volume.ThrottledAsyncChecker (ThrottledAsyncChecker.java:schedule(140)) - Scheduling a check for org.apache.hadoop.ozone.container.common.volume.HddsVolume@4387d2f4
2019-08-20 19:24:42,841 [main] INFO  volume.HddsVolumeChecker (HddsVolumeChecker.java:checkAllVolumes(203)) - Scheduled health check for volume org.apache.hadoop.ozone.container.common.volume.HddsVolume@4387d2f4
2019-08-20 19:24:42,856 [main] INFO  impl.RaftServerProxy (ConfUtils.java:logGet(43)) - raft.rpc.type = GRPC (default)
2019-08-20 19:24:42,856 [main] INFO  grpc.GrpcFactory (GrpcFactory.java:checkPooledByteBufAllocatorUseCacheForAllThreads(45)) - PERFORMANCE WARNING: useCacheForAllThreads is true that may cause Netty to create a lot garbage objects and, as a result, trigger GC.
	It is recommended to disable useCacheForAllThreads by setting -Dorg.apache.ratis.thirdparty.io.netty.allocator.useCacheForAllThreads=false in command line.
2019-08-20 19:24:42,856 [main] INFO  grpc.GrpcConfigKeys$Server (ConfUtils.java:logGet(43)) - raft.grpc.server.port = 0 (default)
2019-08-20 19:24:42,856 [main] INFO  server.GrpcService (ConfUtils.java:logGet(43)) - raft.grpc.message.size.max = 33570816 (custom)
2019-08-20 19:24:42,857 [main] INFO  server.RaftServerConfigKeys (ConfUtils.java:logGet(43)) - raft.server.log.appender.buffer.byte-limit = 33554432 (custom)
2019-08-20 19:24:42,857 [main] INFO  server.GrpcService (ConfUtils.java:logGet(43)) - raft.grpc.flow.control.window = 1MB (=1048576) (default)
2019-08-20 19:24:42,857 [main] INFO  server.RaftServerConfigKeys (ConfUtils.java:logGet(43)) - raft.server.rpc.request.timeout = 3000ms (default)
2019-08-20 19:24:42,858 [main] INFO  server.RaftServerConfigKeys (ConfUtils.java:logGet(43)) - raft.server.storage.dir = [/workdir/hadoop-ozone/integration-test/target/test-dir/MiniOzoneClusterImpl-c83b9401-1b06-4086-9e2d-44809f408d3d/datanode-2/data/ratis] (custom)
2019-08-20 19:24:42,858 [main] INFO  replication.SimpleContainerDownloader (SimpleContainerDownloader.java:<init>(72)) - Starting container downloader service to copy containers to replicate.
2019-08-20 19:24:42,859 [main] INFO  hdfs.DFSUtil (DFSUtil.java:httpServerTemplateForNNAndJN(1641)) - Starting Web-server for hddsDatanode at: http://0.0.0.0:0
2019-08-20 19:24:42,860 [main] INFO  server.AuthenticationFilter (AuthenticationFilter.java:constructSecretProvider(240)) - Unable to initialize FileSignerSecretProvider, falling back to use random secrets.
2019-08-20 19:24:42,861 [main] WARN  http.HttpRequestLog (HttpRequestLog.java:getRequestLog(97)) - Jetty request log can only be enabled using Log4j
2019-08-20 19:24:42,862 [main] INFO  http.HttpServer2 (HttpServer2.java:addGlobalFilter(975)) - Added global filter 'safety' (class=org.apache.hadoop.http.HttpServer2$QuotingInputFilter)
2019-08-20 19:24:42,863 [main] INFO  http.HttpServer2 (HttpServer2.java:addFilter(948)) - Added filter static_user_filter (class=org.apache.hadoop.http.lib.StaticUserWebFilter$StaticUserFilter) to context hddsDatanode
2019-08-20 19:24:42,863 [main] INFO  http.HttpServer2 (HttpServer2.java:addFilter(958)) - Added filter static_user_filter (class=org.apache.hadoop.http.lib.StaticUserWebFilter$StaticUserFilter) to context logs
2019-08-20 19:24:42,863 [main] INFO  http.HttpServer2 (HttpServer2.java:addFilter(958)) - Added filter static_user_filter (class=org.apache.hadoop.http.lib.StaticUserWebFilter$StaticUserFilter) to context static
2019-08-20 19:24:42,864 [main] INFO  http.HttpServer2 (HttpServer2.java:bindListener(1191)) - Jetty bound to port 38029
2019-08-20 19:24:42,864 [main] INFO  server.Server (Server.java:doStart(351)) - jetty-9.3.24.v20180605, build timestamp: 2018-06-05T17:11:56Z, git hash: 84205aa28f11a4f31f2a3b86d1bba2cc8ab69827
2019-08-20 19:24:42,866 [main] INFO  handler.ContextHandler (ContextHandler.java:doStart(781)) - Started o.e.j.s.ServletContextHandler@1c0e4262{/logs,file:///workdir/hadoop-ozone/integration-test/target/log,AVAILABLE}
2019-08-20 19:24:42,866 [main] INFO  handler.ContextHandler (ContextHandler.java:doStart(781)) - Started o.e.j.s.ServletContextHandler@4348fa35{/static,jar:file:/home/user/.m2/repository/org/apache/hadoop/hadoop-hdds-container-service/0.5.0-SNAPSHOT/hadoop-hdds-container-service-0.5.0-SNAPSHOT.jar!/webapps/static,AVAILABLE}
2019-08-20 19:24:42,896 [main] INFO  handler.ContextHandler (ContextHandler.java:doStart(781)) - Started o.e.j.w.WebAppContext@445058e8{/,file:///tmp/jetty-0.0.0.0-38029-hddsDatanode-_-any-1955291150136081376.dir/webapp/,AVAILABLE}{/hddsDatanode}
2019-08-20 19:24:42,897 [main] INFO  server.AbstractConnector (AbstractConnector.java:doStart(278)) - Started ServerConnector@5d5574c7{HTTP/1.1,[http/1.1]}{0.0.0.0:38029}
2019-08-20 19:24:42,898 [main] INFO  server.Server (Server.java:doStart(419)) - Started @58484ms
2019-08-20 19:24:42,899 [main] INFO  server.BaseHttpServer (BaseHttpServer.java:updateConnectorAddress(213)) - HTTP server of HDDSDATANODE is listening at http://0.0.0.0:38029
2019-08-20 19:24:43,018 | INFO  | ObjectStoreRestHttpServer | Listening HDDS REST traffic on /0.0.0.0:40531 |  
2019-08-20 19:24:43,018 [main] INFO  ozone.HddsDatanodeService (HddsDatanodeService.java:startPlugins(395)) - Started plug-in org.apache.hadoop.ozone.web.OzoneHddsDatanodeService@aedc426
2019-08-20 19:24:43,019 [main] INFO  impl.MetricsSystemImpl (MetricsSystemImpl.java:init(158)) - HddsDatanode metrics system started (again)
2019-08-20 19:24:43,021 [org.apache.hadoop.util.JvmPauseMonitor$Monitor@140cc5d3] INFO  util.JvmPauseMonitor (JvmPauseMonitor.java:run(188)) - Starting JVM pause monitor
2019-08-20 19:24:43,022 [main] INFO  ozone.HddsDatanodeService (HddsDatanodeService.java:start(184)) - HddsDatanodeService host:pr-hdds-1927-n56ck-2550958449 ip:192.168.157.205
2019-08-20 19:24:43,023 [Datanode State Machine Thread - 0] INFO  datanode.InitDatanodeState (InitDatanodeState.java:persistContainerDatanodeDetails(140)) - DatanodeDetails is persisted to /workdir/hadoop-ozone/integration-test/target/test-dir/MiniOzoneClusterImpl-c83b9401-1b06-4086-9e2d-44809f408d3d/datanode-2/meta/datanode.id
2019-08-20 19:24:43,028 [main] INFO  volume.HddsVolume (HddsVolume.java:<init>(176)) - Creating Volume: /workdir/hadoop-ozone/integration-test/target/test-dir/MiniOzoneClusterImpl-c83b9401-1b06-4086-9e2d-44809f408d3d/datanode-3/data/containers/hdds of  storage type : DISK and capacity : 1482555576320
2019-08-20 19:24:43,028 [main] INFO  volume.VolumeSet (VolumeSet.java:initializeVolumeSet(170)) - Added Volume : /workdir/hadoop-ozone/integration-test/target/test-dir/MiniOzoneClusterImpl-c83b9401-1b06-4086-9e2d-44809f408d3d/datanode-3/data/containers/hdds to VolumeSet
2019-08-20 19:24:43,028 [main] INFO  volume.ThrottledAsyncChecker (ThrottledAsyncChecker.java:schedule(140)) - Scheduling a check for org.apache.hadoop.ozone.container.common.volume.HddsVolume@4ef31221
2019-08-20 19:24:43,029 [main] INFO  volume.HddsVolumeChecker (HddsVolumeChecker.java:checkAllVolumes(203)) - Scheduled health check for volume org.apache.hadoop.ozone.container.common.volume.HddsVolume@4ef31221
2019-08-20 19:24:43,044 [main] INFO  impl.RaftServerProxy (ConfUtils.java:logGet(43)) - raft.rpc.type = GRPC (default)
2019-08-20 19:24:43,044 [main] INFO  grpc.GrpcFactory (GrpcFactory.java:checkPooledByteBufAllocatorUseCacheForAllThreads(45)) - PERFORMANCE WARNING: useCacheForAllThreads is true that may cause Netty to create a lot garbage objects and, as a result, trigger GC.
	It is recommended to disable useCacheForAllThreads by setting -Dorg.apache.ratis.thirdparty.io.netty.allocator.useCacheForAllThreads=false in command line.
2019-08-20 19:24:43,044 [main] INFO  grpc.GrpcConfigKeys$Server (ConfUtils.java:logGet(43)) - raft.grpc.server.port = 0 (default)
2019-08-20 19:24:43,044 [main] INFO  server.GrpcService (ConfUtils.java:logGet(43)) - raft.grpc.message.size.max = 33570816 (custom)
2019-08-20 19:24:43,044 [main] INFO  server.RaftServerConfigKeys (ConfUtils.java:logGet(43)) - raft.server.log.appender.buffer.byte-limit = 33554432 (custom)
2019-08-20 19:24:43,045 [main] INFO  server.GrpcService (ConfUtils.java:logGet(43)) - raft.grpc.flow.control.window = 1MB (=1048576) (default)
2019-08-20 19:24:43,045 [main] INFO  server.RaftServerConfigKeys (ConfUtils.java:logGet(43)) - raft.server.rpc.request.timeout = 3000ms (default)
2019-08-20 19:24:43,045 [main] INFO  server.RaftServerConfigKeys (ConfUtils.java:logGet(43)) - raft.server.storage.dir = [/workdir/hadoop-ozone/integration-test/target/test-dir/MiniOzoneClusterImpl-c83b9401-1b06-4086-9e2d-44809f408d3d/datanode-3/data/ratis] (custom)
2019-08-20 19:24:43,046 [main] INFO  replication.SimpleContainerDownloader (SimpleContainerDownloader.java:<init>(72)) - Starting container downloader service to copy containers to replicate.
2019-08-20 19:24:43,047 [main] INFO  hdfs.DFSUtil (DFSUtil.java:httpServerTemplateForNNAndJN(1641)) - Starting Web-server for hddsDatanode at: http://0.0.0.0:0
2019-08-20 19:24:43,048 [main] INFO  server.AuthenticationFilter (AuthenticationFilter.java:constructSecretProvider(240)) - Unable to initialize FileSignerSecretProvider, falling back to use random secrets.
2019-08-20 19:24:43,049 [main] WARN  http.HttpRequestLog (HttpRequestLog.java:getRequestLog(97)) - Jetty request log can only be enabled using Log4j
2019-08-20 19:24:43,050 [main] INFO  http.HttpServer2 (HttpServer2.java:addGlobalFilter(975)) - Added global filter 'safety' (class=org.apache.hadoop.http.HttpServer2$QuotingInputFilter)
2019-08-20 19:24:43,051 [main] INFO  http.HttpServer2 (HttpServer2.java:addFilter(948)) - Added filter static_user_filter (class=org.apache.hadoop.http.lib.StaticUserWebFilter$StaticUserFilter) to context hddsDatanode
2019-08-20 19:24:43,051 [main] INFO  http.HttpServer2 (HttpServer2.java:addFilter(958)) - Added filter static_user_filter (class=org.apache.hadoop.http.lib.StaticUserWebFilter$StaticUserFilter) to context static
2019-08-20 19:24:43,051 [main] INFO  http.HttpServer2 (HttpServer2.java:addFilter(958)) - Added filter static_user_filter (class=org.apache.hadoop.http.lib.StaticUserWebFilter$StaticUserFilter) to context logs
2019-08-20 19:24:43,051 [main] INFO  http.HttpServer2 (HttpServer2.java:bindListener(1191)) - Jetty bound to port 39914
2019-08-20 19:24:43,052 [main] INFO  server.Server (Server.java:doStart(351)) - jetty-9.3.24.v20180605, build timestamp: 2018-06-05T17:11:56Z, git hash: 84205aa28f11a4f31f2a3b86d1bba2cc8ab69827
2019-08-20 19:24:43,053 [main] INFO  handler.ContextHandler (ContextHandler.java:doStart(781)) - Started o.e.j.s.ServletContextHandler@bfd97fb{/logs,file:///workdir/hadoop-ozone/integration-test/target/log,AVAILABLE}
2019-08-20 19:24:43,053 [main] INFO  handler.ContextHandler (ContextHandler.java:doStart(781)) - Started o.e.j.s.ServletContextHandler@7e3d168e{/static,jar:file:/home/user/.m2/repository/org/apache/hadoop/hadoop-hdds-container-service/0.5.0-SNAPSHOT/hadoop-hdds-container-service-0.5.0-SNAPSHOT.jar!/webapps/static,AVAILABLE}
2019-08-20 19:24:43,081 [main] INFO  handler.ContextHandler (ContextHandler.java:doStart(781)) - Started o.e.j.w.WebAppContext@3caa4d85{/,file:///tmp/jetty-0.0.0.0-39914-hddsDatanode-_-any-817621497342030529.dir/webapp/,AVAILABLE}{/hddsDatanode}
2019-08-20 19:24:43,081 [main] INFO  server.AbstractConnector (AbstractConnector.java:doStart(278)) - Started ServerConnector@356fa0d1{HTTP/1.1,[http/1.1]}{0.0.0.0:39914}
2019-08-20 19:24:43,083 [main] INFO  server.Server (Server.java:doStart(419)) - Started @58668ms
2019-08-20 19:24:43,084 [main] INFO  server.BaseHttpServer (BaseHttpServer.java:updateConnectorAddress(213)) - HTTP server of HDDSDATANODE is listening at http://0.0.0.0:39914
2019-08-20 19:24:43,235 | INFO  | ObjectStoreRestHttpServer | Listening HDDS REST traffic on /0.0.0.0:42928 |  
2019-08-20 19:24:43,236 [main] INFO  ozone.HddsDatanodeService (HddsDatanodeService.java:startPlugins(395)) - Started plug-in org.apache.hadoop.ozone.web.OzoneHddsDatanodeService@60ab895f
2019-08-20 19:24:43,236 [main] INFO  impl.MetricsSystemImpl (MetricsSystemImpl.java:init(158)) - HddsDatanode metrics system started (again)
2019-08-20 19:24:43,237 [org.apache.hadoop.util.JvmPauseMonitor$Monitor@474be95] INFO  util.JvmPauseMonitor (JvmPauseMonitor.java:run(188)) - Starting JVM pause monitor
2019-08-20 19:24:43,241 [main] INFO  ozone.HddsDatanodeService (HddsDatanodeService.java:start(184)) - HddsDatanodeService host:pr-hdds-1927-n56ck-2550958449 ip:192.168.157.205
2019-08-20 19:24:43,241 [Datanode State Machine Thread - 0] INFO  datanode.InitDatanodeState (InitDatanodeState.java:persistContainerDatanodeDetails(140)) - DatanodeDetails is persisted to /workdir/hadoop-ozone/integration-test/target/test-dir/MiniOzoneClusterImpl-c83b9401-1b06-4086-9e2d-44809f408d3d/datanode-3/meta/datanode.id
2019-08-20 19:24:43,248 [main] INFO  volume.HddsVolume (HddsVolume.java:<init>(176)) - Creating Volume: /workdir/hadoop-ozone/integration-test/target/test-dir/MiniOzoneClusterImpl-c83b9401-1b06-4086-9e2d-44809f408d3d/datanode-4/data/containers/hdds of  storage type : DISK and capacity : 1482555576320
2019-08-20 19:24:43,248 [main] INFO  volume.VolumeSet (VolumeSet.java:initializeVolumeSet(170)) - Added Volume : /workdir/hadoop-ozone/integration-test/target/test-dir/MiniOzoneClusterImpl-c83b9401-1b06-4086-9e2d-44809f408d3d/datanode-4/data/containers/hdds to VolumeSet
2019-08-20 19:24:43,248 [main] INFO  volume.ThrottledAsyncChecker (ThrottledAsyncChecker.java:schedule(140)) - Scheduling a check for org.apache.hadoop.ozone.container.common.volume.HddsVolume@43b4ec0c
2019-08-20 19:24:43,249 [main] INFO  volume.HddsVolumeChecker (HddsVolumeChecker.java:checkAllVolumes(203)) - Scheduled health check for volume org.apache.hadoop.ozone.container.common.volume.HddsVolume@43b4ec0c
2019-08-20 19:24:43,269 [main] INFO  impl.RaftServerProxy (ConfUtils.java:logGet(43)) - raft.rpc.type = GRPC (default)
2019-08-20 19:24:43,270 [main] INFO  grpc.GrpcFactory (GrpcFactory.java:checkPooledByteBufAllocatorUseCacheForAllThreads(45)) - PERFORMANCE WARNING: useCacheForAllThreads is true that may cause Netty to create a lot garbage objects and, as a result, trigger GC.
	It is recommended to disable useCacheForAllThreads by setting -Dorg.apache.ratis.thirdparty.io.netty.allocator.useCacheForAllThreads=false in command line.
2019-08-20 19:24:43,270 [main] INFO  grpc.GrpcConfigKeys$Server (ConfUtils.java:logGet(43)) - raft.grpc.server.port = 0 (default)
2019-08-20 19:24:43,270 [main] INFO  server.GrpcService (ConfUtils.java:logGet(43)) - raft.grpc.message.size.max = 33570816 (custom)
2019-08-20 19:24:43,271 [main] INFO  server.RaftServerConfigKeys (ConfUtils.java:logGet(43)) - raft.server.log.appender.buffer.byte-limit = 33554432 (custom)
2019-08-20 19:24:43,271 [main] INFO  server.GrpcService (ConfUtils.java:logGet(43)) - raft.grpc.flow.control.window = 1MB (=1048576) (default)
2019-08-20 19:24:43,271 [main] INFO  server.RaftServerConfigKeys (ConfUtils.java:logGet(43)) - raft.server.rpc.request.timeout = 3000ms (default)
2019-08-20 19:24:43,272 [main] INFO  server.RaftServerConfigKeys (ConfUtils.java:logGet(43)) - raft.server.storage.dir = [/workdir/hadoop-ozone/integration-test/target/test-dir/MiniOzoneClusterImpl-c83b9401-1b06-4086-9e2d-44809f408d3d/datanode-4/data/ratis] (custom)
2019-08-20 19:24:43,273 [main] INFO  replication.SimpleContainerDownloader (SimpleContainerDownloader.java:<init>(72)) - Starting container downloader service to copy containers to replicate.
2019-08-20 19:24:43,274 [main] INFO  hdfs.DFSUtil (DFSUtil.java:httpServerTemplateForNNAndJN(1641)) - Starting Web-server for hddsDatanode at: http://0.0.0.0:0
2019-08-20 19:24:43,276 [main] INFO  server.AuthenticationFilter (AuthenticationFilter.java:constructSecretProvider(240)) - Unable to initialize FileSignerSecretProvider, falling back to use random secrets.
2019-08-20 19:24:43,276 [main] WARN  http.HttpRequestLog (HttpRequestLog.java:getRequestLog(97)) - Jetty request log can only be enabled using Log4j
2019-08-20 19:24:43,278 [main] INFO  http.HttpServer2 (HttpServer2.java:addGlobalFilter(975)) - Added global filter 'safety' (class=org.apache.hadoop.http.HttpServer2$QuotingInputFilter)
2019-08-20 19:24:43,278 [main] INFO  http.HttpServer2 (HttpServer2.java:addFilter(948)) - Added filter static_user_filter (class=org.apache.hadoop.http.lib.StaticUserWebFilter$StaticUserFilter) to context hddsDatanode
2019-08-20 19:24:43,279 [main] INFO  http.HttpServer2 (HttpServer2.java:addFilter(958)) - Added filter static_user_filter (class=org.apache.hadoop.http.lib.StaticUserWebFilter$StaticUserFilter) to context logs
2019-08-20 19:24:43,279 [main] INFO  http.HttpServer2 (HttpServer2.java:addFilter(958)) - Added filter static_user_filter (class=org.apache.hadoop.http.lib.StaticUserWebFilter$StaticUserFilter) to context static
2019-08-20 19:24:43,279 [main] INFO  http.HttpServer2 (HttpServer2.java:bindListener(1191)) - Jetty bound to port 38217
2019-08-20 19:24:43,280 [main] INFO  server.Server (Server.java:doStart(351)) - jetty-9.3.24.v20180605, build timestamp: 2018-06-05T17:11:56Z, git hash: 84205aa28f11a4f31f2a3b86d1bba2cc8ab69827
2019-08-20 19:24:43,282 [main] INFO  handler.ContextHandler (ContextHandler.java:doStart(781)) - Started o.e.j.s.ServletContextHandler@2d3b0978{/logs,file:///workdir/hadoop-ozone/integration-test/target/log,AVAILABLE}
2019-08-20 19:24:43,282 [main] INFO  handler.ContextHandler (ContextHandler.java:doStart(781)) - Started o.e.j.s.ServletContextHandler@1cb44a2f{/static,jar:file:/home/user/.m2/repository/org/apache/hadoop/hadoop-hdds-container-service/0.5.0-SNAPSHOT/hadoop-hdds-container-service-0.5.0-SNAPSHOT.jar!/webapps/static,AVAILABLE}
2019-08-20 19:24:43,311 [main] INFO  handler.ContextHandler (ContextHandler.java:doStart(781)) - Started o.e.j.w.WebAppContext@2c0fefac{/,file:///tmp/jetty-0.0.0.0-38217-hddsDatanode-_-any-8818876910157305756.dir/webapp/,AVAILABLE}{/hddsDatanode}
2019-08-20 19:24:43,312 [main] INFO  server.AbstractConnector (AbstractConnector.java:doStart(278)) - Started ServerConnector@6fbc7853{HTTP/1.1,[http/1.1]}{0.0.0.0:38217}
2019-08-20 19:24:43,313 [main] INFO  server.Server (Server.java:doStart(419)) - Started @58899ms
2019-08-20 19:24:43,314 [main] INFO  server.BaseHttpServer (BaseHttpServer.java:updateConnectorAddress(213)) - HTTP server of HDDSDATANODE is listening at http://0.0.0.0:38217
2019-08-20 19:24:43,640 | INFO  | ObjectStoreRestHttpServer | Listening HDDS REST traffic on /0.0.0.0:38713 |  
2019-08-20 19:24:43,640 [main] INFO  ozone.HddsDatanodeService (HddsDatanodeService.java:startPlugins(395)) - Started plug-in org.apache.hadoop.ozone.web.OzoneHddsDatanodeService@41404aa2
2019-08-20 19:24:43,641 [main] INFO  impl.MetricsSystemImpl (MetricsSystemImpl.java:init(158)) - HddsDatanode metrics system started (again)
2019-08-20 19:24:43,644 [main] INFO  ozone.HddsDatanodeService (HddsDatanodeService.java:start(184)) - HddsDatanodeService host:pr-hdds-1927-n56ck-2550958449 ip:192.168.157.205
2019-08-20 19:24:43,644 [org.apache.hadoop.util.JvmPauseMonitor$Monitor@14240e20] INFO  util.JvmPauseMonitor (JvmPauseMonitor.java:run(188)) - Starting JVM pause monitor
2019-08-20 19:24:43,647 [Datanode State Machine Thread - 0] INFO  datanode.InitDatanodeState (InitDatanodeState.java:persistContainerDatanodeDetails(140)) - DatanodeDetails is persisted to /workdir/hadoop-ozone/integration-test/target/test-dir/MiniOzoneClusterImpl-c83b9401-1b06-4086-9e2d-44809f408d3d/datanode-4/meta/datanode.id
2019-08-20 19:24:43,652 [main] INFO  volume.HddsVolume (HddsVolume.java:<init>(176)) - Creating Volume: /workdir/hadoop-ozone/integration-test/target/test-dir/MiniOzoneClusterImpl-c83b9401-1b06-4086-9e2d-44809f408d3d/datanode-5/data/containers/hdds of  storage type : DISK and capacity : 1482555576320
2019-08-20 19:24:43,652 [main] INFO  volume.VolumeSet (VolumeSet.java:initializeVolumeSet(170)) - Added Volume : /workdir/hadoop-ozone/integration-test/target/test-dir/MiniOzoneClusterImpl-c83b9401-1b06-4086-9e2d-44809f408d3d/datanode-5/data/containers/hdds to VolumeSet
2019-08-20 19:24:43,652 [main] INFO  volume.ThrottledAsyncChecker (ThrottledAsyncChecker.java:schedule(140)) - Scheduling a check for org.apache.hadoop.ozone.container.common.volume.HddsVolume@53d87b2d
2019-08-20 19:24:43,653 [main] INFO  volume.HddsVolumeChecker (HddsVolumeChecker.java:checkAllVolumes(203)) - Scheduled health check for volume org.apache.hadoop.ozone.container.common.volume.HddsVolume@53d87b2d
2019-08-20 19:24:43,666 [main] INFO  impl.RaftServerProxy (ConfUtils.java:logGet(43)) - raft.rpc.type = GRPC (default)
2019-08-20 19:24:43,666 [main] INFO  grpc.GrpcFactory (GrpcFactory.java:checkPooledByteBufAllocatorUseCacheForAllThreads(45)) - PERFORMANCE WARNING: useCacheForAllThreads is true that may cause Netty to create a lot garbage objects and, as a result, trigger GC.
	It is recommended to disable useCacheForAllThreads by setting -Dorg.apache.ratis.thirdparty.io.netty.allocator.useCacheForAllThreads=false in command line.
2019-08-20 19:24:43,666 [main] INFO  grpc.GrpcConfigKeys$Server (ConfUtils.java:logGet(43)) - raft.grpc.server.port = 0 (default)
2019-08-20 19:24:43,666 [main] INFO  server.GrpcService (ConfUtils.java:logGet(43)) - raft.grpc.message.size.max = 33570816 (custom)
2019-08-20 19:24:43,667 [main] INFO  server.RaftServerConfigKeys (ConfUtils.java:logGet(43)) - raft.server.log.appender.buffer.byte-limit = 33554432 (custom)
2019-08-20 19:24:43,667 [main] INFO  server.GrpcService (ConfUtils.java:logGet(43)) - raft.grpc.flow.control.window = 1MB (=1048576) (default)
2019-08-20 19:24:43,667 [main] INFO  server.RaftServerConfigKeys (ConfUtils.java:logGet(43)) - raft.server.rpc.request.timeout = 3000ms (default)
2019-08-20 19:24:43,668 [main] INFO  server.RaftServerConfigKeys (ConfUtils.java:logGet(43)) - raft.server.storage.dir = [/workdir/hadoop-ozone/integration-test/target/test-dir/MiniOzoneClusterImpl-c83b9401-1b06-4086-9e2d-44809f408d3d/datanode-5/data/ratis] (custom)
2019-08-20 19:24:43,668 [main] INFO  replication.SimpleContainerDownloader (SimpleContainerDownloader.java:<init>(72)) - Starting container downloader service to copy containers to replicate.
2019-08-20 19:24:43,669 [main] INFO  hdfs.DFSUtil (DFSUtil.java:httpServerTemplateForNNAndJN(1641)) - Starting Web-server for hddsDatanode at: http://0.0.0.0:0
2019-08-20 19:24:43,673 [main] INFO  server.AuthenticationFilter (AuthenticationFilter.java:constructSecretProvider(240)) - Unable to initialize FileSignerSecretProvider, falling back to use random secrets.
2019-08-20 19:24:43,673 [main] WARN  http.HttpRequestLog (HttpRequestLog.java:getRequestLog(97)) - Jetty request log can only be enabled using Log4j
2019-08-20 19:24:43,675 [main] INFO  http.HttpServer2 (HttpServer2.java:addGlobalFilter(975)) - Added global filter 'safety' (class=org.apache.hadoop.http.HttpServer2$QuotingInputFilter)
2019-08-20 19:24:43,675 [main] INFO  http.HttpServer2 (HttpServer2.java:addFilter(948)) - Added filter static_user_filter (class=org.apache.hadoop.http.lib.StaticUserWebFilter$StaticUserFilter) to context hddsDatanode
2019-08-20 19:24:43,675 [main] INFO  http.HttpServer2 (HttpServer2.java:addFilter(958)) - Added filter static_user_filter (class=org.apache.hadoop.http.lib.StaticUserWebFilter$StaticUserFilter) to context static
2019-08-20 19:24:43,675 [main] INFO  http.HttpServer2 (HttpServer2.java:addFilter(958)) - Added filter static_user_filter (class=org.apache.hadoop.http.lib.StaticUserWebFilter$StaticUserFilter) to context logs
2019-08-20 19:24:43,676 [main] INFO  http.HttpServer2 (HttpServer2.java:bindListener(1191)) - Jetty bound to port 35369
2019-08-20 19:24:43,676 [main] INFO  server.Server (Server.java:doStart(351)) - jetty-9.3.24.v20180605, build timestamp: 2018-06-05T17:11:56Z, git hash: 84205aa28f11a4f31f2a3b86d1bba2cc8ab69827
2019-08-20 19:24:43,678 [main] INFO  handler.ContextHandler (ContextHandler.java:doStart(781)) - Started o.e.j.s.ServletContextHandler@5814b4fb{/logs,file:///workdir/hadoop-ozone/integration-test/target/log,AVAILABLE}
2019-08-20 19:24:43,679 [main] INFO  handler.ContextHandler (ContextHandler.java:doStart(781)) - Started o.e.j.s.ServletContextHandler@4ba13fed{/static,jar:file:/home/user/.m2/repository/org/apache/hadoop/hadoop-hdds-container-service/0.5.0-SNAPSHOT/hadoop-hdds-container-service-0.5.0-SNAPSHOT.jar!/webapps/static,AVAILABLE}
2019-08-20 19:24:43,703 [main] INFO  handler.ContextHandler (ContextHandler.java:doStart(781)) - Started o.e.j.w.WebAppContext@65b2ee36{/,file:///tmp/jetty-0.0.0.0-35369-hddsDatanode-_-any-4955880240983941212.dir/webapp/,AVAILABLE}{/hddsDatanode}
2019-08-20 19:24:43,704 [main] INFO  server.AbstractConnector (AbstractConnector.java:doStart(278)) - Started ServerConnector@28e91f6d{HTTP/1.1,[http/1.1]}{0.0.0.0:35369}
2019-08-20 19:24:43,705 [main] INFO  server.Server (Server.java:doStart(419)) - Started @59291ms
2019-08-20 19:24:43,706 [main] INFO  server.BaseHttpServer (BaseHttpServer.java:updateConnectorAddress(213)) - HTTP server of HDDSDATANODE is listening at http://0.0.0.0:35369
2019-08-20 19:24:43,858 | INFO  | ObjectStoreRestHttpServer | Listening HDDS REST traffic on /0.0.0.0:41223 |  
2019-08-20 19:24:43,858 [main] INFO  ozone.HddsDatanodeService (HddsDatanodeService.java:startPlugins(395)) - Started plug-in org.apache.hadoop.ozone.web.OzoneHddsDatanodeService@7e9a836
2019-08-20 19:24:43,859 [main] INFO  impl.MetricsSystemImpl (MetricsSystemImpl.java:init(158)) - HddsDatanode metrics system started (again)
2019-08-20 19:24:43,862 [org.apache.hadoop.util.JvmPauseMonitor$Monitor@35244486] INFO  util.JvmPauseMonitor (JvmPauseMonitor.java:run(188)) - Starting JVM pause monitor
2019-08-20 19:24:43,863 [main] INFO  ozone.HddsDatanodeService (HddsDatanodeService.java:start(184)) - HddsDatanodeService host:pr-hdds-1927-n56ck-2550958449 ip:192.168.157.205
2019-08-20 19:24:43,864 [Datanode State Machine Thread - 0] INFO  datanode.InitDatanodeState (InitDatanodeState.java:persistContainerDatanodeDetails(140)) - DatanodeDetails is persisted to /workdir/hadoop-ozone/integration-test/target/test-dir/MiniOzoneClusterImpl-c83b9401-1b06-4086-9e2d-44809f408d3d/datanode-5/meta/datanode.id
2019-08-20 19:24:43,872 [main] INFO  volume.HddsVolume (HddsVolume.java:<init>(176)) - Creating Volume: /workdir/hadoop-ozone/integration-test/target/test-dir/MiniOzoneClusterImpl-c83b9401-1b06-4086-9e2d-44809f408d3d/datanode-6/data/containers/hdds of  storage type : DISK and capacity : 1482555576320
2019-08-20 19:24:43,872 [main] INFO  volume.VolumeSet (VolumeSet.java:initializeVolumeSet(170)) - Added Volume : /workdir/hadoop-ozone/integration-test/target/test-dir/MiniOzoneClusterImpl-c83b9401-1b06-4086-9e2d-44809f408d3d/datanode-6/data/containers/hdds to VolumeSet
2019-08-20 19:24:43,872 [main] INFO  volume.ThrottledAsyncChecker (ThrottledAsyncChecker.java:schedule(140)) - Scheduling a check for org.apache.hadoop.ozone.container.common.volume.HddsVolume@cef885d
2019-08-20 19:24:43,874 [main] INFO  volume.HddsVolumeChecker (HddsVolumeChecker.java:checkAllVolumes(203)) - Scheduled health check for volume org.apache.hadoop.ozone.container.common.volume.HddsVolume@cef885d
2019-08-20 19:24:43,888 [main] INFO  impl.RaftServerProxy (ConfUtils.java:logGet(43)) - raft.rpc.type = GRPC (default)
2019-08-20 19:24:43,889 [main] INFO  grpc.GrpcFactory (GrpcFactory.java:checkPooledByteBufAllocatorUseCacheForAllThreads(45)) - PERFORMANCE WARNING: useCacheForAllThreads is true that may cause Netty to create a lot garbage objects and, as a result, trigger GC.
	It is recommended to disable useCacheForAllThreads by setting -Dorg.apache.ratis.thirdparty.io.netty.allocator.useCacheForAllThreads=false in command line.
2019-08-20 19:24:43,889 [main] INFO  grpc.GrpcConfigKeys$Server (ConfUtils.java:logGet(43)) - raft.grpc.server.port = 0 (default)
2019-08-20 19:24:43,889 [main] INFO  server.GrpcService (ConfUtils.java:logGet(43)) - raft.grpc.message.size.max = 33570816 (custom)
2019-08-20 19:24:43,890 [main] INFO  server.RaftServerConfigKeys (ConfUtils.java:logGet(43)) - raft.server.log.appender.buffer.byte-limit = 33554432 (custom)
2019-08-20 19:24:43,890 [main] INFO  server.GrpcService (ConfUtils.java:logGet(43)) - raft.grpc.flow.control.window = 1MB (=1048576) (default)
2019-08-20 19:24:43,890 [main] INFO  server.RaftServerConfigKeys (ConfUtils.java:logGet(43)) - raft.server.rpc.request.timeout = 3000ms (default)
2019-08-20 19:24:43,892 [main] INFO  server.RaftServerConfigKeys (ConfUtils.java:logGet(43)) - raft.server.storage.dir = [/workdir/hadoop-ozone/integration-test/target/test-dir/MiniOzoneClusterImpl-c83b9401-1b06-4086-9e2d-44809f408d3d/datanode-6/data/ratis] (custom)
2019-08-20 19:24:43,892 [main] INFO  replication.SimpleContainerDownloader (SimpleContainerDownloader.java:<init>(72)) - Starting container downloader service to copy containers to replicate.
2019-08-20 19:24:43,894 [main] INFO  hdfs.DFSUtil (DFSUtil.java:httpServerTemplateForNNAndJN(1641)) - Starting Web-server for hddsDatanode at: http://0.0.0.0:0
2019-08-20 19:24:43,896 [main] INFO  server.AuthenticationFilter (AuthenticationFilter.java:constructSecretProvider(240)) - Unable to initialize FileSignerSecretProvider, falling back to use random secrets.
2019-08-20 19:24:43,897 [main] WARN  http.HttpRequestLog (HttpRequestLog.java:getRequestLog(97)) - Jetty request log can only be enabled using Log4j
2019-08-20 19:24:43,899 [main] INFO  http.HttpServer2 (HttpServer2.java:addGlobalFilter(975)) - Added global filter 'safety' (class=org.apache.hadoop.http.HttpServer2$QuotingInputFilter)
2019-08-20 19:24:43,900 [main] INFO  http.HttpServer2 (HttpServer2.java:addFilter(948)) - Added filter static_user_filter (class=org.apache.hadoop.http.lib.StaticUserWebFilter$StaticUserFilter) to context hddsDatanode
2019-08-20 19:24:43,900 [main] INFO  http.HttpServer2 (HttpServer2.java:addFilter(958)) - Added filter static_user_filter (class=org.apache.hadoop.http.lib.StaticUserWebFilter$StaticUserFilter) to context logs
2019-08-20 19:24:43,900 [main] INFO  http.HttpServer2 (HttpServer2.java:addFilter(958)) - Added filter static_user_filter (class=org.apache.hadoop.http.lib.StaticUserWebFilter$StaticUserFilter) to context static
2019-08-20 19:24:43,901 [main] INFO  http.HttpServer2 (HttpServer2.java:bindListener(1191)) - Jetty bound to port 46552
2019-08-20 19:24:43,901 [main] INFO  server.Server (Server.java:doStart(351)) - jetty-9.3.24.v20180605, build timestamp: 2018-06-05T17:11:56Z, git hash: 84205aa28f11a4f31f2a3b86d1bba2cc8ab69827
2019-08-20 19:24:43,903 [main] INFO  handler.ContextHandler (ContextHandler.java:doStart(781)) - Started o.e.j.s.ServletContextHandler@545f0b6{/logs,file:///workdir/hadoop-ozone/integration-test/target/log,AVAILABLE}
2019-08-20 19:24:43,904 [main] INFO  handler.ContextHandler (ContextHandler.java:doStart(781)) - Started o.e.j.s.ServletContextHandler@4888425d{/static,jar:file:/home/user/.m2/repository/org/apache/hadoop/hadoop-hdds-container-service/0.5.0-SNAPSHOT/hadoop-hdds-container-service-0.5.0-SNAPSHOT.jar!/webapps/static,AVAILABLE}
2019-08-20 19:24:43,939 [main] INFO  handler.ContextHandler (ContextHandler.java:doStart(781)) - Started o.e.j.w.WebAppContext@6eded11a{/,file:///tmp/jetty-0.0.0.0-46552-hddsDatanode-_-any-2369955903787138513.dir/webapp/,AVAILABLE}{/hddsDatanode}
2019-08-20 19:24:43,939 [main] INFO  server.AbstractConnector (AbstractConnector.java:doStart(278)) - Started ServerConnector@602a3237{HTTP/1.1,[http/1.1]}{0.0.0.0:46552}
2019-08-20 19:24:43,941 [main] INFO  server.Server (Server.java:doStart(419)) - Started @59526ms
2019-08-20 19:24:43,941 [main] INFO  server.BaseHttpServer (BaseHttpServer.java:updateConnectorAddress(213)) - HTTP server of HDDSDATANODE is listening at http://0.0.0.0:46552
2019-08-20 19:24:44,039 | INFO  | ObjectStoreRestHttpServer | Listening HDDS REST traffic on /0.0.0.0:38806 |  
2019-08-20 19:24:44,039 [main] INFO  ozone.HddsDatanodeService (HddsDatanodeService.java:startPlugins(395)) - Started plug-in org.apache.hadoop.ozone.web.OzoneHddsDatanodeService@61bf405d
2019-08-20 19:24:44,039 [main] INFO  ozone.MiniOzoneClusterImpl (MiniOzoneClusterImpl.java:lambda$waitForClusterToBeReady$0(142)) - Waiting for cluster to be ready. Got 0 of 7 DN Heartbeats.
2019-08-20 19:24:44,041 [org.apache.hadoop.util.JvmPauseMonitor$Monitor@fc4f2f6] INFO  util.JvmPauseMonitor (JvmPauseMonitor.java:run(188)) - Starting JVM pause monitor
2019-08-20 19:24:44,043 [Datanode State Machine Thread - 0] INFO  datanode.InitDatanodeState (InitDatanodeState.java:persistContainerDatanodeDetails(140)) - DatanodeDetails is persisted to /workdir/hadoop-ozone/integration-test/target/test-dir/MiniOzoneClusterImpl-c83b9401-1b06-4086-9e2d-44809f408d3d/datanode-6/meta/datanode.id
2019-08-20 19:24:44,642 | INFO  | SCMAudit | user=jenkins1000 | ip=192.168.157.205 | op=GET_VERSION null | ret=SUCCESS |  
2019-08-20 19:24:44,675 [Datanode State Machine Thread - 0] INFO  ozoneimpl.OzoneContainer (OzoneContainer.java:start(186)) - Attempting to start container services.
2019-08-20 19:24:44,676 [Datanode State Machine Thread - 0] INFO  ozoneimpl.OzoneContainer (OzoneContainer.java:startContainerScrub(160)) - Background container scrubber has been disabled by hdds.containerscrub.enabled
2019-08-20 19:24:44,676 [Datanode State Machine Thread - 0] INFO  ratis.XceiverServerRatis (XceiverServerRatis.java:start(404)) - Starting XceiverServerRatis 23dbf96a-50e4-4c0c-a46c-0e28d0bfca2f at port 0
2019-08-20 19:24:44,684 [Datanode State Machine Thread - 0] INFO  impl.RaftServerProxy (RaftServerProxy.java:lambda$start$3(299)) - 23dbf96a-50e4-4c0c-a46c-0e28d0bfca2f: start RPC server
2019-08-20 19:24:44,690 [Datanode State Machine Thread - 0] INFO  server.GrpcService (GrpcService.java:startImpl(149)) - 23dbf96a-50e4-4c0c-a46c-0e28d0bfca2f: GrpcService started, listening on 0.0.0.0/0.0.0.0:33592
2019-08-20 19:24:44,691 [Datanode State Machine Thread - 0] INFO  ratis.XceiverServerRatis (XceiverServerRatis.java:start(414)) - XceiverServerRatis 23dbf96a-50e4-4c0c-a46c-0e28d0bfca2f is started using port 33592
2019-08-20 19:24:44,692 [Datanode State Machine Thread - 0] INFO  server.XceiverServerGrpc (XceiverServerGrpc.java:start(161)) - XceiverServerGrpc 23dbf96a-50e4-4c0c-a46c-0e28d0bfca2f is started using port 46833
2019-08-20 19:24:44,835 | INFO  | SCMAudit | user=jenkins1000 | ip=192.168.157.205 | op=GET_VERSION null | ret=SUCCESS |  
2019-08-20 19:24:44,859 [Datanode State Machine Thread - 0] INFO  ozoneimpl.OzoneContainer (OzoneContainer.java:start(186)) - Attempting to start container services.
2019-08-20 19:24:44,859 [Datanode State Machine Thread - 0] INFO  ozoneimpl.OzoneContainer (OzoneContainer.java:startContainerScrub(160)) - Background container scrubber has been disabled by hdds.containerscrub.enabled
2019-08-20 19:24:44,859 [Datanode State Machine Thread - 0] INFO  ratis.XceiverServerRatis (XceiverServerRatis.java:start(404)) - Starting XceiverServerRatis 2760a034-05cd-481b-aa2a-ebd2ba4013cc at port 0
2019-08-20 19:24:44,867 [Datanode State Machine Thread - 0] INFO  impl.RaftServerProxy (RaftServerProxy.java:lambda$start$3(299)) - 2760a034-05cd-481b-aa2a-ebd2ba4013cc: start RPC server
2019-08-20 19:24:44,867 [Datanode State Machine Thread - 0] INFO  server.GrpcService (GrpcService.java:startImpl(149)) - 2760a034-05cd-481b-aa2a-ebd2ba4013cc: GrpcService started, listening on 0.0.0.0/0.0.0.0:33761
2019-08-20 19:24:44,868 [Datanode State Machine Thread - 0] INFO  ratis.XceiverServerRatis (XceiverServerRatis.java:start(414)) - XceiverServerRatis 2760a034-05cd-481b-aa2a-ebd2ba4013cc is started using port 33761
2019-08-20 19:24:44,876 [Datanode State Machine Thread - 0] INFO  server.XceiverServerGrpc (XceiverServerGrpc.java:start(161)) - XceiverServerGrpc 2760a034-05cd-481b-aa2a-ebd2ba4013cc is started using port 41674
2019-08-20 19:24:45,024 | INFO  | SCMAudit | user=jenkins1000 | ip=192.168.157.205 | op=GET_VERSION null | ret=SUCCESS |  
2019-08-20 19:24:45,040 [main] INFO  ozone.MiniOzoneClusterImpl (MiniOzoneClusterImpl.java:lambda$waitForClusterToBeReady$0(142)) - Waiting for cluster to be ready. Got 0 of 7 DN Heartbeats.
2019-08-20 19:24:45,051 [Datanode State Machine Thread - 0] INFO  ozoneimpl.OzoneContainer (OzoneContainer.java:start(186)) - Attempting to start container services.
2019-08-20 19:24:45,051 [Datanode State Machine Thread - 0] INFO  ozoneimpl.OzoneContainer (OzoneContainer.java:startContainerScrub(160)) - Background container scrubber has been disabled by hdds.containerscrub.enabled
2019-08-20 19:24:45,051 [Datanode State Machine Thread - 0] INFO  ratis.XceiverServerRatis (XceiverServerRatis.java:start(404)) - Starting XceiverServerRatis a9642e09-25a0-4922-9409-2b3018e22f5b at port 0
2019-08-20 19:24:45,059 [Datanode State Machine Thread - 0] INFO  impl.RaftServerProxy (RaftServerProxy.java:lambda$start$3(299)) - a9642e09-25a0-4922-9409-2b3018e22f5b: start RPC server
2019-08-20 19:24:45,060 [Datanode State Machine Thread - 0] INFO  server.GrpcService (GrpcService.java:startImpl(149)) - a9642e09-25a0-4922-9409-2b3018e22f5b: GrpcService started, listening on 0.0.0.0/0.0.0.0:40637
2019-08-20 19:24:45,060 [Datanode State Machine Thread - 0] INFO  ratis.XceiverServerRatis (XceiverServerRatis.java:start(414)) - XceiverServerRatis a9642e09-25a0-4922-9409-2b3018e22f5b is started using port 40637
2019-08-20 19:24:45,070 [Datanode State Machine Thread - 0] INFO  server.XceiverServerGrpc (XceiverServerGrpc.java:start(161)) - XceiverServerGrpc a9642e09-25a0-4922-9409-2b3018e22f5b is started using port 39287
2019-08-20 19:24:45,239 | INFO  | SCMAudit | user=jenkins1000 | ip=192.168.157.205 | op=GET_VERSION null | ret=SUCCESS |  
2019-08-20 19:24:45,254 [Datanode State Machine Thread - 0] INFO  ozoneimpl.OzoneContainer (OzoneContainer.java:start(186)) - Attempting to start container services.
2019-08-20 19:24:45,254 [Datanode State Machine Thread - 0] INFO  ozoneimpl.OzoneContainer (OzoneContainer.java:startContainerScrub(160)) - Background container scrubber has been disabled by hdds.containerscrub.enabled
2019-08-20 19:24:45,255 [Datanode State Machine Thread - 0] INFO  ratis.XceiverServerRatis (XceiverServerRatis.java:start(404)) - Starting XceiverServerRatis c86707b4-b48a-47cd-ae4d-9b9fecb37bc8 at port 0
2019-08-20 19:24:45,263 [Datanode State Machine Thread - 0] INFO  impl.RaftServerProxy (RaftServerProxy.java:lambda$start$3(299)) - c86707b4-b48a-47cd-ae4d-9b9fecb37bc8: start RPC server
2019-08-20 19:24:45,264 [Datanode State Machine Thread - 0] INFO  server.GrpcService (GrpcService.java:startImpl(149)) - c86707b4-b48a-47cd-ae4d-9b9fecb37bc8: GrpcService started, listening on 0.0.0.0/0.0.0.0:38537
2019-08-20 19:24:45,264 [Datanode State Machine Thread - 0] INFO  ratis.XceiverServerRatis (XceiverServerRatis.java:start(414)) - XceiverServerRatis c86707b4-b48a-47cd-ae4d-9b9fecb37bc8 is started using port 38537
2019-08-20 19:24:45,265 [Datanode State Machine Thread - 0] INFO  server.XceiverServerGrpc (XceiverServerGrpc.java:start(161)) - XceiverServerGrpc c86707b4-b48a-47cd-ae4d-9b9fecb37bc8 is started using port 40491
2019-08-20 19:24:45,645 | INFO  | SCMAudit | user=jenkins1000 | ip=192.168.157.205 | op=GET_VERSION null | ret=SUCCESS |  
2019-08-20 19:24:45,660 [Datanode State Machine Thread - 0] INFO  ozoneimpl.OzoneContainer (OzoneContainer.java:start(186)) - Attempting to start container services.
2019-08-20 19:24:45,660 [Datanode State Machine Thread - 0] INFO  ozoneimpl.OzoneContainer (OzoneContainer.java:startContainerScrub(160)) - Background container scrubber has been disabled by hdds.containerscrub.enabled
2019-08-20 19:24:45,660 [Datanode State Machine Thread - 0] INFO  ratis.XceiverServerRatis (XceiverServerRatis.java:start(404)) - Starting XceiverServerRatis 261f2ceb-ac32-4ba4-817a-4ff79bcf4fe2 at port 0
2019-08-20 19:24:45,668 [Datanode State Machine Thread - 0] INFO  impl.RaftServerProxy (RaftServerProxy.java:lambda$start$3(299)) - 261f2ceb-ac32-4ba4-817a-4ff79bcf4fe2: start RPC server
2019-08-20 19:24:45,669 [Datanode State Machine Thread - 0] INFO  server.GrpcService (GrpcService.java:startImpl(149)) - 261f2ceb-ac32-4ba4-817a-4ff79bcf4fe2: GrpcService started, listening on 0.0.0.0/0.0.0.0:41126
2019-08-20 19:24:45,669 [Datanode State Machine Thread - 0] INFO  ratis.XceiverServerRatis (XceiverServerRatis.java:start(414)) - XceiverServerRatis 261f2ceb-ac32-4ba4-817a-4ff79bcf4fe2 is started using port 41126
2019-08-20 19:24:45,670 [Datanode State Machine Thread - 0] INFO  server.XceiverServerGrpc (XceiverServerGrpc.java:start(161)) - XceiverServerGrpc 261f2ceb-ac32-4ba4-817a-4ff79bcf4fe2 is started using port 38423
2019-08-20 19:24:45,864 | INFO  | SCMAudit | user=jenkins1000 | ip=192.168.157.205 | op=GET_VERSION null | ret=SUCCESS |  
2019-08-20 19:24:45,889 [Datanode State Machine Thread - 0] INFO  ozoneimpl.OzoneContainer (OzoneContainer.java:start(186)) - Attempting to start container services.
2019-08-20 19:24:45,889 [Datanode State Machine Thread - 0] INFO  ozoneimpl.OzoneContainer (OzoneContainer.java:startContainerScrub(160)) - Background container scrubber has been disabled by hdds.containerscrub.enabled
2019-08-20 19:24:45,889 [Datanode State Machine Thread - 0] INFO  ratis.XceiverServerRatis (XceiverServerRatis.java:start(404)) - Starting XceiverServerRatis ca787d9a-54ae-4c30-9573-1f3ad278257b at port 0
2019-08-20 19:24:45,897 [Datanode State Machine Thread - 0] INFO  impl.RaftServerProxy (RaftServerProxy.java:lambda$start$3(299)) - ca787d9a-54ae-4c30-9573-1f3ad278257b: start RPC server
2019-08-20 19:24:45,898 [Datanode State Machine Thread - 0] INFO  server.GrpcService (GrpcService.java:startImpl(149)) - ca787d9a-54ae-4c30-9573-1f3ad278257b: GrpcService started, listening on 0.0.0.0/0.0.0.0:38551
2019-08-20 19:24:45,898 [Datanode State Machine Thread - 0] INFO  ratis.XceiverServerRatis (XceiverServerRatis.java:start(414)) - XceiverServerRatis ca787d9a-54ae-4c30-9573-1f3ad278257b is started using port 38551
2019-08-20 19:24:45,899 [Datanode State Machine Thread - 0] INFO  server.XceiverServerGrpc (XceiverServerGrpc.java:start(161)) - XceiverServerGrpc ca787d9a-54ae-4c30-9573-1f3ad278257b is started using port 40490
2019-08-20 19:24:46,041 | INFO  | SCMAudit | user=jenkins1000 | ip=192.168.157.205 | op=GET_VERSION null | ret=SUCCESS |  
2019-08-20 19:24:46,041 [main] INFO  ozone.MiniOzoneClusterImpl (MiniOzoneClusterImpl.java:lambda$waitForClusterToBeReady$0(142)) - Waiting for cluster to be ready. Got 0 of 7 DN Heartbeats.
2019-08-20 19:24:46,056 [Datanode State Machine Thread - 0] INFO  ozoneimpl.OzoneContainer (OzoneContainer.java:start(186)) - Attempting to start container services.
2019-08-20 19:24:46,056 [Datanode State Machine Thread - 0] INFO  ozoneimpl.OzoneContainer (OzoneContainer.java:startContainerScrub(160)) - Background container scrubber has been disabled by hdds.containerscrub.enabled
2019-08-20 19:24:46,056 [Datanode State Machine Thread - 0] INFO  ratis.XceiverServerRatis (XceiverServerRatis.java:start(404)) - Starting XceiverServerRatis e9a67988-5972-48d3-82ec-24bac939e4cd at port 0
2019-08-20 19:24:46,064 [Datanode State Machine Thread - 0] INFO  impl.RaftServerProxy (RaftServerProxy.java:lambda$start$3(299)) - e9a67988-5972-48d3-82ec-24bac939e4cd: start RPC server
2019-08-20 19:24:46,065 [Datanode State Machine Thread - 0] INFO  server.GrpcService (GrpcService.java:startImpl(149)) - e9a67988-5972-48d3-82ec-24bac939e4cd: GrpcService started, listening on 0.0.0.0/0.0.0.0:41146
2019-08-20 19:24:46,066 [Datanode State Machine Thread - 0] INFO  ratis.XceiverServerRatis (XceiverServerRatis.java:start(414)) - XceiverServerRatis e9a67988-5972-48d3-82ec-24bac939e4cd is started using port 41146
2019-08-20 19:24:46,070 [Datanode State Machine Thread - 0] INFO  server.XceiverServerGrpc (XceiverServerGrpc.java:start(161)) - XceiverServerGrpc e9a67988-5972-48d3-82ec-24bac939e4cd is started using port 33616
2019-08-20 19:24:46,634 [IPC Server handler 2 on 43845] INFO  net.NetworkTopology (NetworkTopologyImpl.java:add(110)) - Added a new node: /default-rack/23dbf96a-50e4-4c0c-a46c-0e28d0bfca2f
2019-08-20 19:24:46,636 [IPC Server handler 2 on 43845] INFO  node.SCMNodeManager (SCMNodeManager.java:register(273)) - Registered Data node : 23dbf96a-50e4-4c0c-a46c-0e28d0bfca2f{ip: 192.168.157.205, host: pr-hdds-1927-n56ck-2550958449, networkLocation: /default-rack, certSerialId: null}
2019-08-20 19:24:46,638 [EventQueue-NodeRegistrationContainerReportForDataNodeSafeModeRule] INFO  safemode.SCMSafeModeManager (DataNodeSafeModeRule.java:process(71)) - SCM in safe mode. 1 DataNodes registered, 1 required.
2019-08-20 19:24:46,640 [EventQueue-NodeRegistrationContainerReportForDataNodeSafeModeRule] INFO  safemode.SCMSafeModeManager (SCMSafeModeManager.java:validateSafeModeExitRules(177)) - ScmSafeModeManager, all rules are successfully validated
2019-08-20 19:24:46,638 | INFO  | SCMAudit | user=jenkins1000 | ip=192.168.157.205 | op=REGISTER {datanodeDetails=23dbf96a-50e4-4c0c-a46c-0e28d0bfca2f{ip: 192.168.157.205, host: pr-hdds-1927-n56ck-2550958449, networkLocation: /default-rack, certSerialId: null}} | ret=SUCCESS |  
2019-08-20 19:24:46,640 [EventQueue-NodeRegistrationContainerReportForDataNodeSafeModeRule] INFO  safemode.SCMSafeModeManager (SCMSafeModeManager.java:exitSafeMode(193)) - SCM exiting safe mode.
2019-08-20 19:24:46,658 [grpc-default-executor-1] INFO  impl.RaftServerProxy (RaftServerProxy.java:addNew(89)) - 23dbf96a-50e4-4c0c-a46c-0e28d0bfca2f: addNew group-9B3448A01EC4:[23dbf96a-50e4-4c0c-a46c-0e28d0bfca2f:192.168.157.205:33592] returns group-9B3448A01EC4:java.util.concurrent.CompletableFuture@6ba95ba8[Not completed]
2019-08-20 19:24:46,661 [pool-126-thread-1] INFO  impl.RaftServerImpl (RaftServerImpl.java:<init>(93)) - 23dbf96a-50e4-4c0c-a46c-0e28d0bfca2f: new RaftServerImpl for group-9B3448A01EC4:[23dbf96a-50e4-4c0c-a46c-0e28d0bfca2f:192.168.157.205:33592] with ContainerStateMachine:uninitialized
2019-08-20 19:24:46,661 [pool-126-thread-1] INFO  server.RaftServerConfigKeys (ConfUtils.java:logGet(43)) - raft.server.rpc.timeout.min = 5s (custom)
2019-08-20 19:24:46,661 [pool-126-thread-1] INFO  server.RaftServerConfigKeys (ConfUtils.java:logGet(43)) - raft.server.rpc.timeout.max = 5200ms (custom)
2019-08-20 19:24:46,661 [pool-126-thread-1] INFO  server.RaftServerConfigKeys (ConfUtils.java:logGet(43)) - raft.server.rpcslowness.timeout = 120s (custom)
2019-08-20 19:24:46,662 [pool-126-thread-1] INFO  server.RaftServerConfigKeys (ConfUtils.java:logGet(43)) - raft.server.sleep.deviation.threshold = 300 (default)
2019-08-20 19:24:46,662 [pool-126-thread-1] INFO  server.RaftServerConfigKeys (ConfUtils.java:logGet(43)) - raft.server.log.appender.install.snapshot.enabled = false (custom)
2019-08-20 19:24:46,662 [pool-126-thread-1] INFO  impl.RaftServerImpl (ServerState.java:<init>(105)) - 23dbf96a-50e4-4c0c-a46c-0e28d0bfca2f:group-9B3448A01EC4 ConfigurationManager, init=-1: [23dbf96a-50e4-4c0c-a46c-0e28d0bfca2f:192.168.157.205:33592], old=null, confs=<EMPTY_MAP>
2019-08-20 19:24:46,662 [pool-126-thread-1] INFO  server.RaftServerConfigKeys (ConfUtils.java:logGet(43)) - raft.server.storage.dir = [/workdir/hadoop-ozone/integration-test/target/test-dir/MiniOzoneClusterImpl-c83b9401-1b06-4086-9e2d-44809f408d3d/datanode-0/data/ratis] (custom)
2019-08-20 19:24:46,663 [pool-126-thread-1] INFO  storage.RaftStorageDirectory (RaftStorageDirectory.java:analyzeStorage(246)) - The storage directory /workdir/hadoop-ozone/integration-test/target/test-dir/MiniOzoneClusterImpl-c83b9401-1b06-4086-9e2d-44809f408d3d/datanode-0/data/ratis/19d583df-f73d-4439-a7d5-9b3448a01ec4 does not exist. Creating ...
2019-08-20 19:24:46,676 [pool-126-thread-1] INFO  storage.RaftStorageDirectory (RaftStorageDirectory.java:tryLock(328)) - Lock on /workdir/hadoop-ozone/integration-test/target/test-dir/MiniOzoneClusterImpl-c83b9401-1b06-4086-9e2d-44809f408d3d/datanode-0/data/ratis/19d583df-f73d-4439-a7d5-9b3448a01ec4/in_use.lock acquired by nodename 1079@pr-hdds-1927-n56ck-2550958449
2019-08-20 19:24:46,690 [pool-126-thread-1] INFO  storage.RaftStorage (RaftStorage.java:format(72)) - Storage directory /workdir/hadoop-ozone/integration-test/target/test-dir/MiniOzoneClusterImpl-c83b9401-1b06-4086-9e2d-44809f408d3d/datanode-0/data/ratis/19d583df-f73d-4439-a7d5-9b3448a01ec4 has been successfully formatted.
2019-08-20 19:24:46,691 [pool-126-thread-1] INFO  ratis.ContainerStateMachine (ContainerStateMachine.java:loadSnapshot(222)) - group-9B3448A01EC4: The snapshot info is null. Setting the last applied indexto:(t:0, i:~)
2019-08-20 19:24:46,691 [pool-126-thread-1] INFO  server.RaftServerConfigKeys (ConfUtils.java:logGet(43)) - raft.server.leader.election.timeout = 120s (custom)
2019-08-20 19:24:46,691 [pool-126-thread-1] INFO  server.RaftServerConfigKeys (ConfUtils.java:logGet(43)) - raft.server.log.use.memory = false (default)
2019-08-20 19:24:46,691 [pool-126-thread-1] INFO  server.RaftServerConfigKeys (ConfUtils.java:logGet(43)) - raft.server.log.purge.gap = 1000000 (custom)
2019-08-20 19:24:46,692 [pool-126-thread-1] INFO  server.RaftServerConfigKeys (ConfUtils.java:logGet(43)) - raft.server.log.appender.buffer.byte-limit = 33554432 (custom)
2019-08-20 19:24:46,692 [pool-126-thread-1] INFO  server.RaftServerConfigKeys (ConfUtils.java:logGet(43)) - raft.server.log.segment.size.max = 1048576 (custom)
2019-08-20 19:24:46,692 [pool-126-thread-1] INFO  server.RaftServerConfigKeys (ConfUtils.java:logGet(43)) - raft.server.log.segment.cache.num.max = 2 (custom)
2019-08-20 19:24:46,692 [pool-126-thread-1] INFO  segmented.SegmentedRaftLogWorker (SegmentedRaftLogWorker.java:<init>(172)) - new 23dbf96a-50e4-4c0c-a46c-0e28d0bfca2f-SegmentedRaftLogWorker:Storage Directory /workdir/hadoop-ozone/integration-test/target/test-dir/MiniOzoneClusterImpl-c83b9401-1b06-4086-9e2d-44809f408d3d/datanode-0/data/ratis/19d583df-f73d-4439-a7d5-9b3448a01ec4 for RaftStorage:Storage Directory /workdir/hadoop-ozone/integration-test/target/test-dir/MiniOzoneClusterImpl-c83b9401-1b06-4086-9e2d-44809f408d3d/datanode-0/data/ratis/19d583df-f73d-4439-a7d5-9b3448a01ec4
2019-08-20 19:24:46,693 [pool-126-thread-1] INFO  server.RaftServerConfigKeys (ConfUtils.java:logGet(43)) - raft.server.log.queue.byte-limit = 2147483647 (custom)
2019-08-20 19:24:46,693 [pool-126-thread-1] INFO  server.RaftServerConfigKeys (ConfUtils.java:logGet(43)) - raft.server.log.queue.element-limit = 1024 (custom)
2019-08-20 19:24:46,693 [pool-126-thread-1] INFO  server.RaftServerConfigKeys (ConfUtils.java:logGet(43)) - raft.server.log.segment.size.max = 1048576 (custom)
2019-08-20 19:24:46,693 [pool-126-thread-1] INFO  server.RaftServerConfigKeys (ConfUtils.java:logGet(43)) - raft.server.log.preallocated.size = 16384 (custom)
2019-08-20 19:24:46,694 [pool-126-thread-1] INFO  server.RaftServerConfigKeys (ConfUtils.java:logGet(43)) - raft.server.log.write.buffer.size = 33554432 (custom)
2019-08-20 19:24:46,694 [pool-126-thread-1] INFO  server.RaftServerConfigKeys (ConfUtils.java:logGet(43)) - raft.server.log.force.sync.num = 128 (default)
2019-08-20 19:24:46,694 [pool-126-thread-1] INFO  server.RaftServerConfigKeys (ConfUtils.java:logGet(43)) - raft.server.log.statemachine.data.sync = true (default)
2019-08-20 19:24:46,694 [pool-126-thread-1] INFO  server.RaftServerConfigKeys (ConfUtils.java:logGet(43)) - raft.server.log.statemachine.data.sync.timeout = 10s (default)
2019-08-20 19:24:46,694 [pool-126-thread-1] INFO  server.RaftServerConfigKeys (ConfUtils.java:logGet(43)) - raft.server.log.statemachine.data.sync.timeout.retry = -1 (default)
2019-08-20 19:24:46,695 [pool-126-thread-1] INFO  server.RaftServerConfigKeys (ConfUtils.java:logGet(43)) - raft.server.log.statemachine.data.caching.enabled = true (custom)
2019-08-20 19:24:46,695 [pool-126-thread-1] INFO  segmented.SegmentedRaftLogWorker (SegmentedRaftLogWorker.java:lambda$new$0(132)) - 23dbf96a-50e4-4c0c-a46c-0e28d0bfca2f-SegmentedRaftLogWorker:Storage Directory /workdir/hadoop-ozone/integration-test/target/test-dir/MiniOzoneClusterImpl-c83b9401-1b06-4086-9e2d-44809f408d3d/datanode-0/data/ratis/19d583df-f73d-4439-a7d5-9b3448a01ec4: flushIndex: setUnconditionally 0 -> -1
2019-08-20 19:24:46,696 [pool-126-thread-1] INFO  server.RaftServerConfigKeys (ConfUtils.java:logGet(43)) - raft.server.snapshot.auto.trigger.enabled = true (custom)
2019-08-20 19:24:46,696 [pool-126-thread-1] INFO  server.RaftServerConfigKeys (ConfUtils.java:logGet(43)) - raft.server.snapshot.auto.trigger.threshold = 10000 (custom)
2019-08-20 19:24:46,696 [pool-126-thread-1] INFO  server.RaftServerConfigKeys (ConfUtils.java:logGet(43)) - raft.server.retrycache.expirytime = 600000ms (custom)
2019-08-20 19:24:46,696 [pool-126-thread-1] INFO  impl.RaftServerImpl (RaftServerImpl.java:start(180)) - 23dbf96a-50e4-4c0c-a46c-0e28d0bfca2f: start group-9B3448A01EC4
2019-08-20 19:24:46,697 [pool-126-thread-1] INFO  impl.RaftServerImpl (RaftServerImpl.java:setRole(171)) - 23dbf96a-50e4-4c0c-a46c-0e28d0bfca2f:group-9B3448A01EC4 changes role from null to FOLLOWER at term 0 for startAsFollower
2019-08-20 19:24:46,697 [pool-126-thread-1] INFO  impl.RoleInfo (RoleInfo.java:updateAndGet(143)) - 23dbf96a-50e4-4c0c-a46c-0e28d0bfca2f: start FollowerState
2019-08-20 19:24:46,698 [pool-126-thread-1] INFO  util.JmxRegister (JmxRegister.java:tryRegister(44)) - Successfully registered JMX Bean with object name Ratis:service=RaftServer,group=group-9B3448A01EC4,id=23dbf96a-50e4-4c0c-a46c-0e28d0bfca2f
2019-08-20 19:24:46,703 [RatisPipelineUtilsThread] INFO  pipeline.PipelineStateManager (PipelineStateManager.java:addPipeline(56)) - Created pipeline Pipeline[ Id: 19d583df-f73d-4439-a7d5-9b3448a01ec4, Nodes: 23dbf96a-50e4-4c0c-a46c-0e28d0bfca2f{ip: 192.168.157.205, host: pr-hdds-1927-n56ck-2550958449, networkLocation: /default-rack, certSerialId: null}, Type:RATIS, Factor:ONE, State:OPEN]
2019-08-20 19:24:46,835 [IPC Server handler 0 on 43845] INFO  net.NetworkTopology (NetworkTopologyImpl.java:add(110)) - Added a new node: /default-rack/2760a034-05cd-481b-aa2a-ebd2ba4013cc
2019-08-20 19:24:46,835 [IPC Server handler 0 on 43845] INFO  node.SCMNodeManager (SCMNodeManager.java:register(273)) - Registered Data node : 2760a034-05cd-481b-aa2a-ebd2ba4013cc{ip: 192.168.157.205, host: pr-hdds-1927-n56ck-2550958449, networkLocation: /default-rack, certSerialId: null}
2019-08-20 19:24:46,835 | INFO  | SCMAudit | user=jenkins1000 | ip=192.168.157.205 | op=REGISTER {datanodeDetails=2760a034-05cd-481b-aa2a-ebd2ba4013cc{ip: 192.168.157.205, host: pr-hdds-1927-n56ck-2550958449, networkLocation: /default-rack, certSerialId: null}} | ret=SUCCESS |  
2019-08-20 19:24:46,845 [grpc-default-executor-1] INFO  impl.RaftServerProxy (RaftServerProxy.java:addNew(89)) - 2760a034-05cd-481b-aa2a-ebd2ba4013cc: addNew group-FBFE1870D19B:[2760a034-05cd-481b-aa2a-ebd2ba4013cc:192.168.157.205:33761] returns group-FBFE1870D19B:java.util.concurrent.CompletableFuture@11046820[Not completed]
2019-08-20 19:24:46,847 [pool-137-thread-1] INFO  impl.RaftServerImpl (RaftServerImpl.java:<init>(93)) - 2760a034-05cd-481b-aa2a-ebd2ba4013cc: new RaftServerImpl for group-FBFE1870D19B:[2760a034-05cd-481b-aa2a-ebd2ba4013cc:192.168.157.205:33761] with ContainerStateMachine:uninitialized
2019-08-20 19:24:46,847 [pool-137-thread-1] INFO  server.RaftServerConfigKeys (ConfUtils.java:logGet(43)) - raft.server.rpc.timeout.min = 5s (custom)
2019-08-20 19:24:46,847 [pool-137-thread-1] INFO  server.RaftServerConfigKeys (ConfUtils.java:logGet(43)) - raft.server.rpc.timeout.max = 5200ms (custom)
2019-08-20 19:24:46,847 [pool-137-thread-1] INFO  server.RaftServerConfigKeys (ConfUtils.java:logGet(43)) - raft.server.rpcslowness.timeout = 120s (custom)
2019-08-20 19:24:46,847 [pool-137-thread-1] INFO  server.RaftServerConfigKeys (ConfUtils.java:logGet(43)) - raft.server.sleep.deviation.threshold = 300 (default)
2019-08-20 19:24:46,848 [pool-137-thread-1] INFO  server.RaftServerConfigKeys (ConfUtils.java:logGet(43)) - raft.server.log.appender.install.snapshot.enabled = false (custom)
2019-08-20 19:24:46,848 [pool-137-thread-1] INFO  impl.RaftServerImpl (ServerState.java:<init>(105)) - 2760a034-05cd-481b-aa2a-ebd2ba4013cc:group-FBFE1870D19B ConfigurationManager, init=-1: [2760a034-05cd-481b-aa2a-ebd2ba4013cc:192.168.157.205:33761], old=null, confs=<EMPTY_MAP>
2019-08-20 19:24:46,848 [pool-137-thread-1] INFO  server.RaftServerConfigKeys (ConfUtils.java:logGet(43)) - raft.server.storage.dir = [/workdir/hadoop-ozone/integration-test/target/test-dir/MiniOzoneClusterImpl-c83b9401-1b06-4086-9e2d-44809f408d3d/datanode-1/data/ratis] (custom)
2019-08-20 19:24:46,848 [pool-137-thread-1] INFO  storage.RaftStorageDirectory (RaftStorageDirectory.java:analyzeStorage(246)) - The storage directory /workdir/hadoop-ozone/integration-test/target/test-dir/MiniOzoneClusterImpl-c83b9401-1b06-4086-9e2d-44809f408d3d/datanode-1/data/ratis/18eaa8b8-a9f4-4da0-93d0-fbfe1870d19b does not exist. Creating ...
2019-08-20 19:24:46,862 [pool-137-thread-1] INFO  storage.RaftStorageDirectory (RaftStorageDirectory.java:tryLock(328)) - Lock on /workdir/hadoop-ozone/integration-test/target/test-dir/MiniOzoneClusterImpl-c83b9401-1b06-4086-9e2d-44809f408d3d/datanode-1/data/ratis/18eaa8b8-a9f4-4da0-93d0-fbfe1870d19b/in_use.lock acquired by nodename 1079@pr-hdds-1927-n56ck-2550958449
2019-08-20 19:24:46,875 [pool-137-thread-1] INFO  storage.RaftStorage (RaftStorage.java:format(72)) - Storage directory /workdir/hadoop-ozone/integration-test/target/test-dir/MiniOzoneClusterImpl-c83b9401-1b06-4086-9e2d-44809f408d3d/datanode-1/data/ratis/18eaa8b8-a9f4-4da0-93d0-fbfe1870d19b has been successfully formatted.
2019-08-20 19:24:46,875 [pool-137-thread-1] INFO  ratis.ContainerStateMachine (ContainerStateMachine.java:loadSnapshot(222)) - group-FBFE1870D19B: The snapshot info is null. Setting the last applied indexto:(t:0, i:~)
2019-08-20 19:24:46,876 [pool-137-thread-1] INFO  server.RaftServerConfigKeys (ConfUtils.java:logGet(43)) - raft.server.leader.election.timeout = 120s (custom)
2019-08-20 19:24:46,876 [pool-137-thread-1] INFO  server.RaftServerConfigKeys (ConfUtils.java:logGet(43)) - raft.server.log.use.memory = false (default)
2019-08-20 19:24:46,876 [pool-137-thread-1] INFO  server.RaftServerConfigKeys (ConfUtils.java:logGet(43)) - raft.server.log.purge.gap = 1000000 (custom)
2019-08-20 19:24:46,876 [pool-137-thread-1] INFO  server.RaftServerConfigKeys (ConfUtils.java:logGet(43)) - raft.server.log.appender.buffer.byte-limit = 33554432 (custom)
2019-08-20 19:24:46,876 [pool-137-thread-1] INFO  server.RaftServerConfigKeys (ConfUtils.java:logGet(43)) - raft.server.log.segment.size.max = 1048576 (custom)
2019-08-20 19:24:46,877 [pool-137-thread-1] INFO  server.RaftServerConfigKeys (ConfUtils.java:logGet(43)) - raft.server.log.segment.cache.num.max = 2 (custom)
2019-08-20 19:24:46,877 [pool-137-thread-1] INFO  segmented.SegmentedRaftLogWorker (SegmentedRaftLogWorker.java:<init>(172)) - new 2760a034-05cd-481b-aa2a-ebd2ba4013cc-SegmentedRaftLogWorker:Storage Directory /workdir/hadoop-ozone/integration-test/target/test-dir/MiniOzoneClusterImpl-c83b9401-1b06-4086-9e2d-44809f408d3d/datanode-1/data/ratis/18eaa8b8-a9f4-4da0-93d0-fbfe1870d19b for RaftStorage:Storage Directory /workdir/hadoop-ozone/integration-test/target/test-dir/MiniOzoneClusterImpl-c83b9401-1b06-4086-9e2d-44809f408d3d/datanode-1/data/ratis/18eaa8b8-a9f4-4da0-93d0-fbfe1870d19b
2019-08-20 19:24:46,877 [pool-137-thread-1] INFO  server.RaftServerConfigKeys (ConfUtils.java:logGet(43)) - raft.server.log.queue.byte-limit = 2147483647 (custom)
2019-08-20 19:24:46,877 [pool-137-thread-1] INFO  server.RaftServerConfigKeys (ConfUtils.java:logGet(43)) - raft.server.log.queue.element-limit = 1024 (custom)
2019-08-20 19:24:46,878 [pool-137-thread-1] INFO  server.RaftServerConfigKeys (ConfUtils.java:logGet(43)) - raft.server.log.segment.size.max = 1048576 (custom)
2019-08-20 19:24:46,878 [pool-137-thread-1] INFO  server.RaftServerConfigKeys (ConfUtils.java:logGet(43)) - raft.server.log.preallocated.size = 16384 (custom)
2019-08-20 19:24:46,878 [pool-137-thread-1] INFO  server.RaftServerConfigKeys (ConfUtils.java:logGet(43)) - raft.server.log.write.buffer.size = 33554432 (custom)
2019-08-20 19:24:46,878 [pool-137-thread-1] INFO  server.RaftServerConfigKeys (ConfUtils.java:logGet(43)) - raft.server.log.force.sync.num = 128 (default)
2019-08-20 19:24:46,878 [pool-137-thread-1] INFO  server.RaftServerConfigKeys (ConfUtils.java:logGet(43)) - raft.server.log.statemachine.data.sync = true (default)
2019-08-20 19:24:46,879 [pool-137-thread-1] INFO  server.RaftServerConfigKeys (ConfUtils.java:logGet(43)) - raft.server.log.statemachine.data.sync.timeout = 10s (default)
2019-08-20 19:24:46,879 [pool-137-thread-1] INFO  server.RaftServerConfigKeys (ConfUtils.java:logGet(43)) - raft.server.log.statemachine.data.sync.timeout.retry = -1 (default)
2019-08-20 19:24:46,879 [pool-137-thread-1] INFO  server.RaftServerConfigKeys (ConfUtils.java:logGet(43)) - raft.server.log.statemachine.data.caching.enabled = true (custom)
2019-08-20 19:24:46,879 [pool-137-thread-1] INFO  segmented.SegmentedRaftLogWorker (SegmentedRaftLogWorker.java:lambda$new$0(132)) - 2760a034-05cd-481b-aa2a-ebd2ba4013cc-SegmentedRaftLogWorker:Storage Directory /workdir/hadoop-ozone/integration-test/target/test-dir/MiniOzoneClusterImpl-c83b9401-1b06-4086-9e2d-44809f408d3d/datanode-1/data/ratis/18eaa8b8-a9f4-4da0-93d0-fbfe1870d19b: flushIndex: setUnconditionally 0 -> -1
2019-08-20 19:24:46,880 [pool-137-thread-1] INFO  server.RaftServerConfigKeys (ConfUtils.java:logGet(43)) - raft.server.snapshot.auto.trigger.enabled = true (custom)
2019-08-20 19:24:46,880 [pool-137-thread-1] INFO  server.RaftServerConfigKeys (ConfUtils.java:logGet(43)) - raft.server.snapshot.auto.trigger.threshold = 10000 (custom)
2019-08-20 19:24:46,880 [pool-137-thread-1] INFO  server.RaftServerConfigKeys (ConfUtils.java:logGet(43)) - raft.server.retrycache.expirytime = 600000ms (custom)
2019-08-20 19:24:46,881 [pool-137-thread-1] INFO  impl.RaftServerImpl (RaftServerImpl.java:start(180)) - 2760a034-05cd-481b-aa2a-ebd2ba4013cc: start group-FBFE1870D19B
2019-08-20 19:24:46,881 [pool-137-thread-1] INFO  impl.RaftServerImpl (RaftServerImpl.java:setRole(171)) - 2760a034-05cd-481b-aa2a-ebd2ba4013cc:group-FBFE1870D19B changes role from null to FOLLOWER at term 0 for startAsFollower
2019-08-20 19:24:46,881 [pool-137-thread-1] INFO  impl.RoleInfo (RoleInfo.java:updateAndGet(143)) - 2760a034-05cd-481b-aa2a-ebd2ba4013cc: start FollowerState
2019-08-20 19:24:46,881 [pool-137-thread-1] INFO  util.JmxRegister (JmxRegister.java:tryRegister(44)) - Successfully registered JMX Bean with object name Ratis:service=RaftServer,group=group-FBFE1870D19B,id=2760a034-05cd-481b-aa2a-ebd2ba4013cc
2019-08-20 19:24:46,884 [RatisPipelineUtilsThread] INFO  pipeline.PipelineStateManager (PipelineStateManager.java:addPipeline(56)) - Created pipeline Pipeline[ Id: 18eaa8b8-a9f4-4da0-93d0-fbfe1870d19b, Nodes: 2760a034-05cd-481b-aa2a-ebd2ba4013cc{ip: 192.168.157.205, host: pr-hdds-1927-n56ck-2550958449, networkLocation: /default-rack, certSerialId: null}, Type:RATIS, Factor:ONE, State:OPEN]
2019-08-20 19:24:47,024 [IPC Server handler 3 on 43845] INFO  net.NetworkTopology (NetworkTopologyImpl.java:add(110)) - Added a new node: /default-rack/a9642e09-25a0-4922-9409-2b3018e22f5b
2019-08-20 19:24:47,024 [IPC Server handler 3 on 43845] INFO  node.SCMNodeManager (SCMNodeManager.java:register(273)) - Registered Data node : a9642e09-25a0-4922-9409-2b3018e22f5b{ip: 192.168.157.205, host: pr-hdds-1927-n56ck-2550958449, networkLocation: /default-rack, certSerialId: null}
2019-08-20 19:24:47,024 | INFO  | SCMAudit | user=jenkins1000 | ip=192.168.157.205 | op=REGISTER {datanodeDetails=a9642e09-25a0-4922-9409-2b3018e22f5b{ip: 192.168.157.205, host: pr-hdds-1927-n56ck-2550958449, networkLocation: /default-rack, certSerialId: null}} | ret=SUCCESS |  
2019-08-20 19:24:47,035 [grpc-default-executor-1] INFO  impl.RaftServerProxy (RaftServerProxy.java:addNew(89)) - a9642e09-25a0-4922-9409-2b3018e22f5b: addNew group-E7E107D081CB:[a9642e09-25a0-4922-9409-2b3018e22f5b:192.168.157.205:40637] returns group-E7E107D081CB:java.util.concurrent.CompletableFuture@4c5235d0[Not completed]
2019-08-20 19:24:47,037 [pool-148-thread-1] INFO  impl.RaftServerImpl (RaftServerImpl.java:<init>(93)) - a9642e09-25a0-4922-9409-2b3018e22f5b: new RaftServerImpl for group-E7E107D081CB:[a9642e09-25a0-4922-9409-2b3018e22f5b:192.168.157.205:40637] with ContainerStateMachine:uninitialized
2019-08-20 19:24:47,037 [pool-148-thread-1] INFO  server.RaftServerConfigKeys (ConfUtils.java:logGet(43)) - raft.server.rpc.timeout.min = 5s (custom)
2019-08-20 19:24:47,037 [pool-148-thread-1] INFO  server.RaftServerConfigKeys (ConfUtils.java:logGet(43)) - raft.server.rpc.timeout.max = 5200ms (custom)
2019-08-20 19:24:47,037 [pool-148-thread-1] INFO  server.RaftServerConfigKeys (ConfUtils.java:logGet(43)) - raft.server.rpcslowness.timeout = 120s (custom)
2019-08-20 19:24:47,038 [pool-148-thread-1] INFO  server.RaftServerConfigKeys (ConfUtils.java:logGet(43)) - raft.server.sleep.deviation.threshold = 300 (default)
2019-08-20 19:24:47,038 [pool-148-thread-1] INFO  server.RaftServerConfigKeys (ConfUtils.java:logGet(43)) - raft.server.log.appender.install.snapshot.enabled = false (custom)
2019-08-20 19:24:47,038 [pool-148-thread-1] INFO  impl.RaftServerImpl (ServerState.java:<init>(105)) - a9642e09-25a0-4922-9409-2b3018e22f5b:group-E7E107D081CB ConfigurationManager, init=-1: [a9642e09-25a0-4922-9409-2b3018e22f5b:192.168.157.205:40637], old=null, confs=<EMPTY_MAP>
2019-08-20 19:24:47,038 [pool-148-thread-1] INFO  server.RaftServerConfigKeys (ConfUtils.java:logGet(43)) - raft.server.storage.dir = [/workdir/hadoop-ozone/integration-test/target/test-dir/MiniOzoneClusterImpl-c83b9401-1b06-4086-9e2d-44809f408d3d/datanode-2/data/ratis] (custom)
2019-08-20 19:24:47,039 [pool-148-thread-1] INFO  storage.RaftStorageDirectory (RaftStorageDirectory.java:analyzeStorage(246)) - The storage directory /workdir/hadoop-ozone/integration-test/target/test-dir/MiniOzoneClusterImpl-c83b9401-1b06-4086-9e2d-44809f408d3d/datanode-2/data/ratis/046ba6cf-f253-43a3-a501-e7e107d081cb does not exist. Creating ...
2019-08-20 19:24:47,041 [main] INFO  ozone.MiniOzoneClusterImpl (MiniOzoneClusterImpl.java:lambda$waitForClusterToBeReady$0(142)) - Waiting for cluster to be ready. Got 3 of 7 DN Heartbeats.
2019-08-20 19:24:47,052 [pool-148-thread-1] INFO  storage.RaftStorageDirectory (RaftStorageDirectory.java:tryLock(328)) - Lock on /workdir/hadoop-ozone/integration-test/target/test-dir/MiniOzoneClusterImpl-c83b9401-1b06-4086-9e2d-44809f408d3d/datanode-2/data/ratis/046ba6cf-f253-43a3-a501-e7e107d081cb/in_use.lock acquired by nodename 1079@pr-hdds-1927-n56ck-2550958449
2019-08-20 19:24:47,065 [pool-148-thread-1] INFO  storage.RaftStorage (RaftStorage.java:format(72)) - Storage directory /workdir/hadoop-ozone/integration-test/target/test-dir/MiniOzoneClusterImpl-c83b9401-1b06-4086-9e2d-44809f408d3d/datanode-2/data/ratis/046ba6cf-f253-43a3-a501-e7e107d081cb has been successfully formatted.
2019-08-20 19:24:47,066 [pool-148-thread-1] INFO  ratis.ContainerStateMachine (ContainerStateMachine.java:loadSnapshot(222)) - group-E7E107D081CB: The snapshot info is null. Setting the last applied indexto:(t:0, i:~)
2019-08-20 19:24:47,066 [pool-148-thread-1] INFO  server.RaftServerConfigKeys (ConfUtils.java:logGet(43)) - raft.server.leader.election.timeout = 120s (custom)
2019-08-20 19:24:47,066 [pool-148-thread-1] INFO  server.RaftServerConfigKeys (ConfUtils.java:logGet(43)) - raft.server.log.use.memory = false (default)
2019-08-20 19:24:47,066 [pool-148-thread-1] INFO  server.RaftServerConfigKeys (ConfUtils.java:logGet(43)) - raft.server.log.purge.gap = 1000000 (custom)
2019-08-20 19:24:47,067 [pool-148-thread-1] INFO  server.RaftServerConfigKeys (ConfUtils.java:logGet(43)) - raft.server.log.appender.buffer.byte-limit = 33554432 (custom)
2019-08-20 19:24:47,067 [pool-148-thread-1] INFO  server.RaftServerConfigKeys (ConfUtils.java:logGet(43)) - raft.server.log.segment.size.max = 1048576 (custom)
2019-08-20 19:24:47,067 [pool-148-thread-1] INFO  server.RaftServerConfigKeys (ConfUtils.java:logGet(43)) - raft.server.log.segment.cache.num.max = 2 (custom)
2019-08-20 19:24:47,067 [pool-148-thread-1] INFO  segmented.SegmentedRaftLogWorker (SegmentedRaftLogWorker.java:<init>(172)) - new a9642e09-25a0-4922-9409-2b3018e22f5b-SegmentedRaftLogWorker:Storage Directory /workdir/hadoop-ozone/integration-test/target/test-dir/MiniOzoneClusterImpl-c83b9401-1b06-4086-9e2d-44809f408d3d/datanode-2/data/ratis/046ba6cf-f253-43a3-a501-e7e107d081cb for RaftStorage:Storage Directory /workdir/hadoop-ozone/integration-test/target/test-dir/MiniOzoneClusterImpl-c83b9401-1b06-4086-9e2d-44809f408d3d/datanode-2/data/ratis/046ba6cf-f253-43a3-a501-e7e107d081cb
2019-08-20 19:24:47,067 [pool-148-thread-1] INFO  server.RaftServerConfigKeys (ConfUtils.java:logGet(43)) - raft.server.log.queue.byte-limit = 2147483647 (custom)
2019-08-20 19:24:47,068 [pool-148-thread-1] INFO  server.RaftServerConfigKeys (ConfUtils.java:logGet(43)) - raft.server.log.queue.element-limit = 1024 (custom)
2019-08-20 19:24:47,068 [pool-148-thread-1] INFO  server.RaftServerConfigKeys (ConfUtils.java:logGet(43)) - raft.server.log.segment.size.max = 1048576 (custom)
2019-08-20 19:24:47,068 [pool-148-thread-1] INFO  server.RaftServerConfigKeys (ConfUtils.java:logGet(43)) - raft.server.log.preallocated.size = 16384 (custom)
2019-08-20 19:24:47,068 [pool-148-thread-1] INFO  server.RaftServerConfigKeys (ConfUtils.java:logGet(43)) - raft.server.log.write.buffer.size = 33554432 (custom)
2019-08-20 19:24:47,068 [pool-148-thread-1] INFO  server.RaftServerConfigKeys (ConfUtils.java:logGet(43)) - raft.server.log.force.sync.num = 128 (default)
2019-08-20 19:24:47,069 [pool-148-thread-1] INFO  server.RaftServerConfigKeys (ConfUtils.java:logGet(43)) - raft.server.log.statemachine.data.sync = true (default)
2019-08-20 19:24:47,069 [pool-148-thread-1] INFO  server.RaftServerConfigKeys (ConfUtils.java:logGet(43)) - raft.server.log.statemachine.data.sync.timeout = 10s (default)
2019-08-20 19:24:47,069 [pool-148-thread-1] INFO  server.RaftServerConfigKeys (ConfUtils.java:logGet(43)) - raft.server.log.statemachine.data.sync.timeout.retry = -1 (default)
2019-08-20 19:24:47,069 [pool-148-thread-1] INFO  server.RaftServerConfigKeys (ConfUtils.java:logGet(43)) - raft.server.log.statemachine.data.caching.enabled = true (custom)
2019-08-20 19:24:47,070 [pool-148-thread-1] INFO  segmented.SegmentedRaftLogWorker (SegmentedRaftLogWorker.java:lambda$new$0(132)) - a9642e09-25a0-4922-9409-2b3018e22f5b-SegmentedRaftLogWorker:Storage Directory /workdir/hadoop-ozone/integration-test/target/test-dir/MiniOzoneClusterImpl-c83b9401-1b06-4086-9e2d-44809f408d3d/datanode-2/data/ratis/046ba6cf-f253-43a3-a501-e7e107d081cb: flushIndex: setUnconditionally 0 -> -1
2019-08-20 19:24:47,070 [pool-148-thread-1] INFO  server.RaftServerConfigKeys (ConfUtils.java:logGet(43)) - raft.server.snapshot.auto.trigger.enabled = true (custom)
2019-08-20 19:24:47,071 [pool-148-thread-1] INFO  server.RaftServerConfigKeys (ConfUtils.java:logGet(43)) - raft.server.snapshot.auto.trigger.threshold = 10000 (custom)
2019-08-20 19:24:47,071 [pool-148-thread-1] INFO  server.RaftServerConfigKeys (ConfUtils.java:logGet(43)) - raft.server.retrycache.expirytime = 600000ms (custom)
2019-08-20 19:24:47,071 [pool-148-thread-1] INFO  impl.RaftServerImpl (RaftServerImpl.java:start(180)) - a9642e09-25a0-4922-9409-2b3018e22f5b: start group-E7E107D081CB
2019-08-20 19:24:47,071 [pool-148-thread-1] INFO  impl.RaftServerImpl (RaftServerImpl.java:setRole(171)) - a9642e09-25a0-4922-9409-2b3018e22f5b:group-E7E107D081CB changes role from null to FOLLOWER at term 0 for startAsFollower
2019-08-20 19:24:47,071 [pool-148-thread-1] INFO  impl.RoleInfo (RoleInfo.java:updateAndGet(143)) - a9642e09-25a0-4922-9409-2b3018e22f5b: start FollowerState
2019-08-20 19:24:47,072 [pool-148-thread-1] INFO  util.JmxRegister (JmxRegister.java:tryRegister(44)) - Successfully registered JMX Bean with object name Ratis:service=RaftServer,group=group-E7E107D081CB,id=a9642e09-25a0-4922-9409-2b3018e22f5b
2019-08-20 19:24:47,075 [RatisPipelineUtilsThread] INFO  pipeline.PipelineStateManager (PipelineStateManager.java:addPipeline(56)) - Created pipeline Pipeline[ Id: 046ba6cf-f253-43a3-a501-e7e107d081cb, Nodes: a9642e09-25a0-4922-9409-2b3018e22f5b{ip: 192.168.157.205, host: pr-hdds-1927-n56ck-2550958449, networkLocation: /default-rack, certSerialId: null}, Type:RATIS, Factor:ONE, State:OPEN]
2019-08-20 19:24:47,090 [grpc-default-executor-3] INFO  impl.RaftServerProxy (RaftServerProxy.java:addNew(89)) - 23dbf96a-50e4-4c0c-a46c-0e28d0bfca2f: addNew group-68EB286ECE9B:[a9642e09-25a0-4922-9409-2b3018e22f5b:192.168.157.205:40637, 2760a034-05cd-481b-aa2a-ebd2ba4013cc:192.168.157.205:33761, 23dbf96a-50e4-4c0c-a46c-0e28d0bfca2f:192.168.157.205:33592] returns group-68EB286ECE9B:java.util.concurrent.CompletableFuture@68375624[Not completed]
2019-08-20 19:24:47,090 [grpc-default-executor-2] INFO  impl.RaftServerProxy (RaftServerProxy.java:addNew(89)) - 2760a034-05cd-481b-aa2a-ebd2ba4013cc: addNew group-68EB286ECE9B:[a9642e09-25a0-4922-9409-2b3018e22f5b:192.168.157.205:40637, 2760a034-05cd-481b-aa2a-ebd2ba4013cc:192.168.157.205:33761, 23dbf96a-50e4-4c0c-a46c-0e28d0bfca2f:192.168.157.205:33592] returns group-68EB286ECE9B:java.util.concurrent.CompletableFuture@3fd03d22[Not completed]
2019-08-20 19:24:47,092 [grpc-default-executor-2] INFO  impl.RaftServerProxy (RaftServerProxy.java:addNew(89)) - a9642e09-25a0-4922-9409-2b3018e22f5b: addNew group-68EB286ECE9B:[a9642e09-25a0-4922-9409-2b3018e22f5b:192.168.157.205:40637, 2760a034-05cd-481b-aa2a-ebd2ba4013cc:192.168.157.205:33761, 23dbf96a-50e4-4c0c-a46c-0e28d0bfca2f:192.168.157.205:33592] returns group-68EB286ECE9B:java.util.concurrent.CompletableFuture@28ffbe1c[Not completed]
2019-08-20 19:24:47,092 [pool-126-thread-1] INFO  impl.RaftServerImpl (RaftServerImpl.java:<init>(93)) - 23dbf96a-50e4-4c0c-a46c-0e28d0bfca2f: new RaftServerImpl for group-68EB286ECE9B:[a9642e09-25a0-4922-9409-2b3018e22f5b:192.168.157.205:40637, 2760a034-05cd-481b-aa2a-ebd2ba4013cc:192.168.157.205:33761, 23dbf96a-50e4-4c0c-a46c-0e28d0bfca2f:192.168.157.205:33592] with ContainerStateMachine:uninitialized
2019-08-20 19:24:47,092 [pool-126-thread-1] INFO  server.RaftServerConfigKeys (ConfUtils.java:logGet(43)) - raft.server.rpc.timeout.min = 5s (custom)
2019-08-20 19:24:47,092 [pool-126-thread-1] INFO  server.RaftServerConfigKeys (ConfUtils.java:logGet(43)) - raft.server.rpc.timeout.max = 5200ms (custom)
2019-08-20 19:24:47,093 [pool-126-thread-1] INFO  server.RaftServerConfigKeys (ConfUtils.java:logGet(43)) - raft.server.rpcslowness.timeout = 120s (custom)
2019-08-20 19:24:47,093 [pool-126-thread-1] INFO  server.RaftServerConfigKeys (ConfUtils.java:logGet(43)) - raft.server.sleep.deviation.threshold = 300 (default)
2019-08-20 19:24:47,093 [pool-126-thread-1] INFO  server.RaftServerConfigKeys (ConfUtils.java:logGet(43)) - raft.server.log.appender.install.snapshot.enabled = false (custom)
2019-08-20 19:24:47,093 [pool-137-thread-1] INFO  impl.RaftServerImpl (RaftServerImpl.java:<init>(93)) - 2760a034-05cd-481b-aa2a-ebd2ba4013cc: new RaftServerImpl for group-68EB286ECE9B:[a9642e09-25a0-4922-9409-2b3018e22f5b:192.168.157.205:40637, 2760a034-05cd-481b-aa2a-ebd2ba4013cc:192.168.157.205:33761, 23dbf96a-50e4-4c0c-a46c-0e28d0bfca2f:192.168.157.205:33592] with ContainerStateMachine:uninitialized
2019-08-20 19:24:47,093 [pool-126-thread-1] INFO  impl.RaftServerImpl (ServerState.java:<init>(105)) - 23dbf96a-50e4-4c0c-a46c-0e28d0bfca2f:group-68EB286ECE9B ConfigurationManager, init=-1: [a9642e09-25a0-4922-9409-2b3018e22f5b:192.168.157.205:40637, 2760a034-05cd-481b-aa2a-ebd2ba4013cc:192.168.157.205:33761, 23dbf96a-50e4-4c0c-a46c-0e28d0bfca2f:192.168.157.205:33592], old=null, confs=<EMPTY_MAP>
2019-08-20 19:24:47,093 [pool-137-thread-1] INFO  server.RaftServerConfigKeys (ConfUtils.java:logGet(43)) - raft.server.rpc.timeout.min = 5s (custom)
2019-08-20 19:24:47,093 [pool-126-thread-1] INFO  server.RaftServerConfigKeys (ConfUtils.java:logGet(43)) - raft.server.storage.dir = [/workdir/hadoop-ozone/integration-test/target/test-dir/MiniOzoneClusterImpl-c83b9401-1b06-4086-9e2d-44809f408d3d/datanode-0/data/ratis] (custom)
2019-08-20 19:24:47,093 [pool-137-thread-1] INFO  server.RaftServerConfigKeys (ConfUtils.java:logGet(43)) - raft.server.rpc.timeout.max = 5200ms (custom)
2019-08-20 19:24:47,094 [pool-148-thread-1] INFO  impl.RaftServerImpl (RaftServerImpl.java:<init>(93)) - a9642e09-25a0-4922-9409-2b3018e22f5b: new RaftServerImpl for group-68EB286ECE9B:[a9642e09-25a0-4922-9409-2b3018e22f5b:192.168.157.205:40637, 2760a034-05cd-481b-aa2a-ebd2ba4013cc:192.168.157.205:33761, 23dbf96a-50e4-4c0c-a46c-0e28d0bfca2f:192.168.157.205:33592] with ContainerStateMachine:uninitialized
2019-08-20 19:24:47,094 [pool-137-thread-1] INFO  server.RaftServerConfigKeys (ConfUtils.java:logGet(43)) - raft.server.rpcslowness.timeout = 120s (custom)
2019-08-20 19:24:47,094 [pool-148-thread-1] INFO  server.RaftServerConfigKeys (ConfUtils.java:logGet(43)) - raft.server.rpc.timeout.min = 5s (custom)
2019-08-20 19:24:47,094 [pool-126-thread-1] INFO  storage.RaftStorageDirectory (RaftStorageDirectory.java:analyzeStorage(246)) - The storage directory /workdir/hadoop-ozone/integration-test/target/test-dir/MiniOzoneClusterImpl-c83b9401-1b06-4086-9e2d-44809f408d3d/datanode-0/data/ratis/0168b744-b22a-4736-8c13-68eb286ece9b does not exist. Creating ...
2019-08-20 19:24:47,094 [pool-148-thread-1] INFO  server.RaftServerConfigKeys (ConfUtils.java:logGet(43)) - raft.server.rpc.timeout.max = 5200ms (custom)
2019-08-20 19:24:47,094 [pool-137-thread-1] INFO  server.RaftServerConfigKeys (ConfUtils.java:logGet(43)) - raft.server.sleep.deviation.threshold = 300 (default)
2019-08-20 19:24:47,095 [pool-148-thread-1] INFO  server.RaftServerConfigKeys (ConfUtils.java:logGet(43)) - raft.server.rpcslowness.timeout = 120s (custom)
2019-08-20 19:24:47,095 [pool-137-thread-1] INFO  server.RaftServerConfigKeys (ConfUtils.java:logGet(43)) - raft.server.log.appender.install.snapshot.enabled = false (custom)
2019-08-20 19:24:47,095 [pool-148-thread-1] INFO  server.RaftServerConfigKeys (ConfUtils.java:logGet(43)) - raft.server.sleep.deviation.threshold = 300 (default)
2019-08-20 19:24:47,095 [pool-137-thread-1] INFO  impl.RaftServerImpl (ServerState.java:<init>(105)) - 2760a034-05cd-481b-aa2a-ebd2ba4013cc:group-68EB286ECE9B ConfigurationManager, init=-1: [a9642e09-25a0-4922-9409-2b3018e22f5b:192.168.157.205:40637, 2760a034-05cd-481b-aa2a-ebd2ba4013cc:192.168.157.205:33761, 23dbf96a-50e4-4c0c-a46c-0e28d0bfca2f:192.168.157.205:33592], old=null, confs=<EMPTY_MAP>
2019-08-20 19:24:47,095 [pool-148-thread-1] INFO  server.RaftServerConfigKeys (ConfUtils.java:logGet(43)) - raft.server.log.appender.install.snapshot.enabled = false (custom)
2019-08-20 19:24:47,095 [pool-137-thread-1] INFO  server.RaftServerConfigKeys (ConfUtils.java:logGet(43)) - raft.server.storage.dir = [/workdir/hadoop-ozone/integration-test/target/test-dir/MiniOzoneClusterImpl-c83b9401-1b06-4086-9e2d-44809f408d3d/datanode-1/data/ratis] (custom)
2019-08-20 19:24:47,095 [pool-148-thread-1] INFO  impl.RaftServerImpl (ServerState.java:<init>(105)) - a9642e09-25a0-4922-9409-2b3018e22f5b:group-68EB286ECE9B ConfigurationManager, init=-1: [a9642e09-25a0-4922-9409-2b3018e22f5b:192.168.157.205:40637, 2760a034-05cd-481b-aa2a-ebd2ba4013cc:192.168.157.205:33761, 23dbf96a-50e4-4c0c-a46c-0e28d0bfca2f:192.168.157.205:33592], old=null, confs=<EMPTY_MAP>
2019-08-20 19:24:47,096 [pool-148-thread-1] INFO  server.RaftServerConfigKeys (ConfUtils.java:logGet(43)) - raft.server.storage.dir = [/workdir/hadoop-ozone/integration-test/target/test-dir/MiniOzoneClusterImpl-c83b9401-1b06-4086-9e2d-44809f408d3d/datanode-2/data/ratis] (custom)
2019-08-20 19:24:47,096 [pool-137-thread-1] INFO  storage.RaftStorageDirectory (RaftStorageDirectory.java:analyzeStorage(246)) - The storage directory /workdir/hadoop-ozone/integration-test/target/test-dir/MiniOzoneClusterImpl-c83b9401-1b06-4086-9e2d-44809f408d3d/datanode-1/data/ratis/0168b744-b22a-4736-8c13-68eb286ece9b does not exist. Creating ...
2019-08-20 19:24:47,096 [pool-148-thread-1] INFO  storage.RaftStorageDirectory (RaftStorageDirectory.java:analyzeStorage(246)) - The storage directory /workdir/hadoop-ozone/integration-test/target/test-dir/MiniOzoneClusterImpl-c83b9401-1b06-4086-9e2d-44809f408d3d/datanode-2/data/ratis/0168b744-b22a-4736-8c13-68eb286ece9b does not exist. Creating ...
2019-08-20 19:24:47,108 [pool-137-thread-1] INFO  storage.RaftStorageDirectory (RaftStorageDirectory.java:tryLock(328)) - Lock on /workdir/hadoop-ozone/integration-test/target/test-dir/MiniOzoneClusterImpl-c83b9401-1b06-4086-9e2d-44809f408d3d/datanode-1/data/ratis/0168b744-b22a-4736-8c13-68eb286ece9b/in_use.lock acquired by nodename 1079@pr-hdds-1927-n56ck-2550958449
2019-08-20 19:24:47,108 [pool-126-thread-1] INFO  storage.RaftStorageDirectory (RaftStorageDirectory.java:tryLock(328)) - Lock on /workdir/hadoop-ozone/integration-test/target/test-dir/MiniOzoneClusterImpl-c83b9401-1b06-4086-9e2d-44809f408d3d/datanode-0/data/ratis/0168b744-b22a-4736-8c13-68eb286ece9b/in_use.lock acquired by nodename 1079@pr-hdds-1927-n56ck-2550958449
2019-08-20 19:24:47,108 [pool-148-thread-1] INFO  storage.RaftStorageDirectory (RaftStorageDirectory.java:tryLock(328)) - Lock on /workdir/hadoop-ozone/integration-test/target/test-dir/MiniOzoneClusterImpl-c83b9401-1b06-4086-9e2d-44809f408d3d/datanode-2/data/ratis/0168b744-b22a-4736-8c13-68eb286ece9b/in_use.lock acquired by nodename 1079@pr-hdds-1927-n56ck-2550958449
2019-08-20 19:24:47,122 [pool-137-thread-1] INFO  storage.RaftStorage (RaftStorage.java:format(72)) - Storage directory /workdir/hadoop-ozone/integration-test/target/test-dir/MiniOzoneClusterImpl-c83b9401-1b06-4086-9e2d-44809f408d3d/datanode-1/data/ratis/0168b744-b22a-4736-8c13-68eb286ece9b has been successfully formatted.
2019-08-20 19:24:47,122 [pool-148-thread-1] INFO  storage.RaftStorage (RaftStorage.java:format(72)) - Storage directory /workdir/hadoop-ozone/integration-test/target/test-dir/MiniOzoneClusterImpl-c83b9401-1b06-4086-9e2d-44809f408d3d/datanode-2/data/ratis/0168b744-b22a-4736-8c13-68eb286ece9b has been successfully formatted.
2019-08-20 19:24:47,122 [pool-137-thread-1] INFO  ratis.ContainerStateMachine (ContainerStateMachine.java:loadSnapshot(222)) - group-68EB286ECE9B: The snapshot info is null. Setting the last applied indexto:(t:0, i:~)
2019-08-20 19:24:47,122 [pool-126-thread-1] INFO  storage.RaftStorage (RaftStorage.java:format(72)) - Storage directory /workdir/hadoop-ozone/integration-test/target/test-dir/MiniOzoneClusterImpl-c83b9401-1b06-4086-9e2d-44809f408d3d/datanode-0/data/ratis/0168b744-b22a-4736-8c13-68eb286ece9b has been successfully formatted.
2019-08-20 19:24:47,122 [pool-137-thread-1] INFO  server.RaftServerConfigKeys (ConfUtils.java:logGet(43)) - raft.server.leader.election.timeout = 120s (custom)
2019-08-20 19:24:47,122 [pool-148-thread-1] INFO  ratis.ContainerStateMachine (ContainerStateMachine.java:loadSnapshot(222)) - group-68EB286ECE9B: The snapshot info is null. Setting the last applied indexto:(t:0, i:~)
2019-08-20 19:24:47,123 [pool-126-thread-1] INFO  ratis.ContainerStateMachine (ContainerStateMachine.java:loadSnapshot(222)) - group-68EB286ECE9B: The snapshot info is null. Setting the last applied indexto:(t:0, i:~)
2019-08-20 19:24:47,123 [pool-137-thread-1] INFO  server.RaftServerConfigKeys (ConfUtils.java:logGet(43)) - raft.server.log.use.memory = false (default)
2019-08-20 19:24:47,123 [pool-126-thread-1] INFO  server.RaftServerConfigKeys (ConfUtils.java:logGet(43)) - raft.server.leader.election.timeout = 120s (custom)
2019-08-20 19:24:47,123 [pool-148-thread-1] INFO  server.RaftServerConfigKeys (ConfUtils.java:logGet(43)) - raft.server.leader.election.timeout = 120s (custom)
2019-08-20 19:24:47,123 [pool-126-thread-1] INFO  server.RaftServerConfigKeys (ConfUtils.java:logGet(43)) - raft.server.log.use.memory = false (default)
2019-08-20 19:24:47,123 [pool-137-thread-1] INFO  server.RaftServerConfigKeys (ConfUtils.java:logGet(43)) - raft.server.log.purge.gap = 1000000 (custom)
2019-08-20 19:24:47,124 [pool-126-thread-1] INFO  server.RaftServerConfigKeys (ConfUtils.java:logGet(43)) - raft.server.log.purge.gap = 1000000 (custom)
2019-08-20 19:24:47,123 [pool-148-thread-1] INFO  server.RaftServerConfigKeys (ConfUtils.java:logGet(43)) - raft.server.log.use.memory = false (default)
2019-08-20 19:24:47,124 [pool-126-thread-1] INFO  server.RaftServerConfigKeys (ConfUtils.java:logGet(43)) - raft.server.log.appender.buffer.byte-limit = 33554432 (custom)
2019-08-20 19:24:47,124 [pool-137-thread-1] INFO  server.RaftServerConfigKeys (ConfUtils.java:logGet(43)) - raft.server.log.appender.buffer.byte-limit = 33554432 (custom)
2019-08-20 19:24:47,124 [pool-126-thread-1] INFO  server.RaftServerConfigKeys (ConfUtils.java:logGet(43)) - raft.server.log.segment.size.max = 1048576 (custom)
2019-08-20 19:24:47,124 [pool-148-thread-1] INFO  server.RaftServerConfigKeys (ConfUtils.java:logGet(43)) - raft.server.log.purge.gap = 1000000 (custom)
2019-08-20 19:24:47,125 [pool-126-thread-1] INFO  server.RaftServerConfigKeys (ConfUtils.java:logGet(43)) - raft.server.log.segment.cache.num.max = 2 (custom)
2019-08-20 19:24:47,125 [pool-137-thread-1] INFO  server.RaftServerConfigKeys (ConfUtils.java:logGet(43)) - raft.server.log.segment.size.max = 1048576 (custom)
2019-08-20 19:24:47,125 [pool-126-thread-1] INFO  segmented.SegmentedRaftLogWorker (SegmentedRaftLogWorker.java:<init>(172)) - new 23dbf96a-50e4-4c0c-a46c-0e28d0bfca2f-SegmentedRaftLogWorker:Storage Directory /workdir/hadoop-ozone/integration-test/target/test-dir/MiniOzoneClusterImpl-c83b9401-1b06-4086-9e2d-44809f408d3d/datanode-0/data/ratis/0168b744-b22a-4736-8c13-68eb286ece9b for RaftStorage:Storage Directory /workdir/hadoop-ozone/integration-test/target/test-dir/MiniOzoneClusterImpl-c83b9401-1b06-4086-9e2d-44809f408d3d/datanode-0/data/ratis/0168b744-b22a-4736-8c13-68eb286ece9b
2019-08-20 19:24:47,125 [pool-148-thread-1] INFO  server.RaftServerConfigKeys (ConfUtils.java:logGet(43)) - raft.server.log.appender.buffer.byte-limit = 33554432 (custom)
2019-08-20 19:24:47,125 [pool-126-thread-1] INFO  server.RaftServerConfigKeys (ConfUtils.java:logGet(43)) - raft.server.log.queue.byte-limit = 2147483647 (custom)
2019-08-20 19:24:47,125 [pool-137-thread-1] INFO  server.RaftServerConfigKeys (ConfUtils.java:logGet(43)) - raft.server.log.segment.cache.num.max = 2 (custom)
2019-08-20 19:24:47,126 [pool-126-thread-1] INFO  server.RaftServerConfigKeys (ConfUtils.java:logGet(43)) - raft.server.log.queue.element-limit = 1024 (custom)
2019-08-20 19:24:47,125 [pool-148-thread-1] INFO  server.RaftServerConfigKeys (ConfUtils.java:logGet(43)) - raft.server.log.segment.size.max = 1048576 (custom)
2019-08-20 19:24:47,126 [pool-126-thread-1] INFO  server.RaftServerConfigKeys (ConfUtils.java:logGet(43)) - raft.server.log.segment.size.max = 1048576 (custom)
2019-08-20 19:24:47,126 [pool-137-thread-1] INFO  segmented.SegmentedRaftLogWorker (SegmentedRaftLogWorker.java:<init>(172)) - new 2760a034-05cd-481b-aa2a-ebd2ba4013cc-SegmentedRaftLogWorker:Storage Directory /workdir/hadoop-ozone/integration-test/target/test-dir/MiniOzoneClusterImpl-c83b9401-1b06-4086-9e2d-44809f408d3d/datanode-1/data/ratis/0168b744-b22a-4736-8c13-68eb286ece9b for RaftStorage:Storage Directory /workdir/hadoop-ozone/integration-test/target/test-dir/MiniOzoneClusterImpl-c83b9401-1b06-4086-9e2d-44809f408d3d/datanode-1/data/ratis/0168b744-b22a-4736-8c13-68eb286ece9b
2019-08-20 19:24:47,126 [pool-126-thread-1] INFO  server.RaftServerConfigKeys (ConfUtils.java:logGet(43)) - raft.server.log.preallocated.size = 16384 (custom)
2019-08-20 19:24:47,126 [pool-148-thread-1] INFO  server.RaftServerConfigKeys (ConfUtils.java:logGet(43)) - raft.server.log.segment.cache.num.max = 2 (custom)
2019-08-20 19:24:47,127 [pool-126-thread-1] INFO  server.RaftServerConfigKeys (ConfUtils.java:logGet(43)) - raft.server.log.write.buffer.size = 33554432 (custom)
2019-08-20 19:24:47,126 [pool-137-thread-1] INFO  server.RaftServerConfigKeys (ConfUtils.java:logGet(43)) - raft.server.log.queue.byte-limit = 2147483647 (custom)
2019-08-20 19:24:47,127 [pool-126-thread-1] INFO  server.RaftServerConfigKeys (ConfUtils.java:logGet(43)) - raft.server.log.force.sync.num = 128 (default)
2019-08-20 19:24:47,127 [pool-148-thread-1] INFO  segmented.SegmentedRaftLogWorker (SegmentedRaftLogWorker.java:<init>(172)) - new a9642e09-25a0-4922-9409-2b3018e22f5b-SegmentedRaftLogWorker:Storage Directory /workdir/hadoop-ozone/integration-test/target/test-dir/MiniOzoneClusterImpl-c83b9401-1b06-4086-9e2d-44809f408d3d/datanode-2/data/ratis/0168b744-b22a-4736-8c13-68eb286ece9b for RaftStorage:Storage Directory /workdir/hadoop-ozone/integration-test/target/test-dir/MiniOzoneClusterImpl-c83b9401-1b06-4086-9e2d-44809f408d3d/datanode-2/data/ratis/0168b744-b22a-4736-8c13-68eb286ece9b
2019-08-20 19:24:47,127 [pool-126-thread-1] INFO  server.RaftServerConfigKeys (ConfUtils.java:logGet(43)) - raft.server.log.statemachine.data.sync = true (default)
2019-08-20 19:24:47,127 [pool-137-thread-1] INFO  server.RaftServerConfigKeys (ConfUtils.java:logGet(43)) - raft.server.log.queue.element-limit = 1024 (custom)
2019-08-20 19:24:47,128 [pool-126-thread-1] INFO  server.RaftServerConfigKeys (ConfUtils.java:logGet(43)) - raft.server.log.statemachine.data.sync.timeout = 10s (default)
2019-08-20 19:24:47,127 [pool-148-thread-1] INFO  server.RaftServerConfigKeys (ConfUtils.java:logGet(43)) - raft.server.log.queue.byte-limit = 2147483647 (custom)
2019-08-20 19:24:47,128 [pool-126-thread-1] INFO  server.RaftServerConfigKeys (ConfUtils.java:logGet(43)) - raft.server.log.statemachine.data.sync.timeout.retry = -1 (default)
2019-08-20 19:24:47,128 [pool-137-thread-1] INFO  server.RaftServerConfigKeys (ConfUtils.java:logGet(43)) - raft.server.log.segment.size.max = 1048576 (custom)
2019-08-20 19:24:47,128 [pool-126-thread-1] INFO  server.RaftServerConfigKeys (ConfUtils.java:logGet(43)) - raft.server.log.statemachine.data.caching.enabled = true (custom)
2019-08-20 19:24:47,128 [pool-148-thread-1] INFO  server.RaftServerConfigKeys (ConfUtils.java:logGet(43)) - raft.server.log.queue.element-limit = 1024 (custom)
2019-08-20 19:24:47,128 [pool-137-thread-1] INFO  server.RaftServerConfigKeys (ConfUtils.java:logGet(43)) - raft.server.log.preallocated.size = 16384 (custom)
2019-08-20 19:24:47,129 [pool-148-thread-1] INFO  server.RaftServerConfigKeys (ConfUtils.java:logGet(43)) - raft.server.log.segment.size.max = 1048576 (custom)
2019-08-20 19:24:47,129 [pool-126-thread-1] INFO  segmented.SegmentedRaftLogWorker (SegmentedRaftLogWorker.java:lambda$new$0(132)) - 23dbf96a-50e4-4c0c-a46c-0e28d0bfca2f-SegmentedRaftLogWorker:Storage Directory /workdir/hadoop-ozone/integration-test/target/test-dir/MiniOzoneClusterImpl-c83b9401-1b06-4086-9e2d-44809f408d3d/datanode-0/data/ratis/0168b744-b22a-4736-8c13-68eb286ece9b: flushIndex: setUnconditionally 0 -> -1
2019-08-20 19:24:47,129 [pool-148-thread-1] INFO  server.RaftServerConfigKeys (ConfUtils.java:logGet(43)) - raft.server.log.preallocated.size = 16384 (custom)
2019-08-20 19:24:47,129 [pool-148-thread-1] INFO  server.RaftServerConfigKeys (ConfUtils.java:logGet(43)) - raft.server.log.write.buffer.size = 33554432 (custom)
2019-08-20 19:24:47,129 [pool-137-thread-1] INFO  server.RaftServerConfigKeys (ConfUtils.java:logGet(43)) - raft.server.log.write.buffer.size = 33554432 (custom)
2019-08-20 19:24:47,129 [pool-148-thread-1] INFO  server.RaftServerConfigKeys (ConfUtils.java:logGet(43)) - raft.server.log.force.sync.num = 128 (default)
2019-08-20 19:24:47,129 [pool-126-thread-1] INFO  server.RaftServerConfigKeys (ConfUtils.java:logGet(43)) - raft.server.snapshot.auto.trigger.enabled = true (custom)
2019-08-20 19:24:47,130 [pool-148-thread-1] INFO  server.RaftServerConfigKeys (ConfUtils.java:logGet(43)) - raft.server.log.statemachine.data.sync = true (default)
2019-08-20 19:24:47,130 [pool-137-thread-1] INFO  server.RaftServerConfigKeys (ConfUtils.java:logGet(43)) - raft.server.log.force.sync.num = 128 (default)
2019-08-20 19:24:47,130 [pool-148-thread-1] INFO  server.RaftServerConfigKeys (ConfUtils.java:logGet(43)) - raft.server.log.statemachine.data.sync.timeout = 10s (default)
2019-08-20 19:24:47,130 [pool-126-thread-1] INFO  server.RaftServerConfigKeys (ConfUtils.java:logGet(43)) - raft.server.snapshot.auto.trigger.threshold = 10000 (custom)
2019-08-20 19:24:47,131 [pool-148-thread-1] INFO  server.RaftServerConfigKeys (ConfUtils.java:logGet(43)) - raft.server.log.statemachine.data.sync.timeout.retry = -1 (default)
2019-08-20 19:24:47,130 [pool-137-thread-1] INFO  server.RaftServerConfigKeys (ConfUtils.java:logGet(43)) - raft.server.log.statemachine.data.sync = true (default)
2019-08-20 19:24:47,131 [pool-148-thread-1] INFO  server.RaftServerConfigKeys (ConfUtils.java:logGet(43)) - raft.server.log.statemachine.data.caching.enabled = true (custom)
2019-08-20 19:24:47,131 [pool-126-thread-1] INFO  server.RaftServerConfigKeys (ConfUtils.java:logGet(43)) - raft.server.retrycache.expirytime = 600000ms (custom)
2019-08-20 19:24:47,131 [pool-137-thread-1] INFO  server.RaftServerConfigKeys (ConfUtils.java:logGet(43)) - raft.server.log.statemachine.data.sync.timeout = 10s (default)
2019-08-20 19:24:47,131 [pool-126-thread-1] INFO  impl.RaftServerImpl (RaftServerImpl.java:start(180)) - 23dbf96a-50e4-4c0c-a46c-0e28d0bfca2f: start group-68EB286ECE9B
2019-08-20 19:24:47,131 [pool-148-thread-1] INFO  segmented.SegmentedRaftLogWorker (SegmentedRaftLogWorker.java:lambda$new$0(132)) - a9642e09-25a0-4922-9409-2b3018e22f5b-SegmentedRaftLogWorker:Storage Directory /workdir/hadoop-ozone/integration-test/target/test-dir/MiniOzoneClusterImpl-c83b9401-1b06-4086-9e2d-44809f408d3d/datanode-2/data/ratis/0168b744-b22a-4736-8c13-68eb286ece9b: flushIndex: setUnconditionally 0 -> -1
2019-08-20 19:24:47,132 [pool-126-thread-1] INFO  impl.RaftServerImpl (RaftServerImpl.java:setRole(171)) - 23dbf96a-50e4-4c0c-a46c-0e28d0bfca2f:group-68EB286ECE9B changes role from null to FOLLOWER at term 0 for startAsFollower
2019-08-20 19:24:47,132 [pool-137-thread-1] INFO  server.RaftServerConfigKeys (ConfUtils.java:logGet(43)) - raft.server.log.statemachine.data.sync.timeout.retry = -1 (default)
2019-08-20 19:24:47,132 [pool-148-thread-1] INFO  server.RaftServerConfigKeys (ConfUtils.java:logGet(43)) - raft.server.snapshot.auto.trigger.enabled = true (custom)
2019-08-20 19:24:47,132 [pool-126-thread-1] INFO  impl.RoleInfo (RoleInfo.java:updateAndGet(143)) - 23dbf96a-50e4-4c0c-a46c-0e28d0bfca2f: start FollowerState
2019-08-20 19:24:47,132 [pool-148-thread-1] INFO  server.RaftServerConfigKeys (ConfUtils.java:logGet(43)) - raft.server.snapshot.auto.trigger.threshold = 10000 (custom)
2019-08-20 19:24:47,132 [pool-137-thread-1] INFO  server.RaftServerConfigKeys (ConfUtils.java:logGet(43)) - raft.server.log.statemachine.data.caching.enabled = true (custom)
2019-08-20 19:24:47,144 [pool-126-thread-1] INFO  util.JmxRegister (JmxRegister.java:tryRegister(44)) - Successfully registered JMX Bean with object name Ratis:service=RaftServer,group=group-68EB286ECE9B,id=23dbf96a-50e4-4c0c-a46c-0e28d0bfca2f
2019-08-20 19:24:47,133 [pool-148-thread-1] INFO  server.RaftServerConfigKeys (ConfUtils.java:logGet(43)) - raft.server.retrycache.expirytime = 600000ms (custom)
2019-08-20 19:24:47,145 [pool-137-thread-1] INFO  segmented.SegmentedRaftLogWorker (SegmentedRaftLogWorker.java:lambda$new$0(132)) - 2760a034-05cd-481b-aa2a-ebd2ba4013cc-SegmentedRaftLogWorker:Storage Directory /workdir/hadoop-ozone/integration-test/target/test-dir/MiniOzoneClusterImpl-c83b9401-1b06-4086-9e2d-44809f408d3d/datanode-1/data/ratis/0168b744-b22a-4736-8c13-68eb286ece9b: flushIndex: setUnconditionally 0 -> -1
2019-08-20 19:24:47,145 [pool-148-thread-1] INFO  impl.RaftServerImpl (RaftServerImpl.java:start(180)) - a9642e09-25a0-4922-9409-2b3018e22f5b: start group-68EB286ECE9B
2019-08-20 19:24:47,152 [pool-137-thread-1] INFO  server.RaftServerConfigKeys (ConfUtils.java:logGet(43)) - raft.server.snapshot.auto.trigger.enabled = true (custom)
2019-08-20 19:24:47,152 [pool-148-thread-1] INFO  impl.RaftServerImpl (RaftServerImpl.java:setRole(171)) - a9642e09-25a0-4922-9409-2b3018e22f5b:group-68EB286ECE9B changes role from null to FOLLOWER at term 0 for startAsFollower
2019-08-20 19:24:47,152 [pool-137-thread-1] INFO  server.RaftServerConfigKeys (ConfUtils.java:logGet(43)) - raft.server.snapshot.auto.trigger.threshold = 10000 (custom)
2019-08-20 19:24:47,152 [pool-148-thread-1] INFO  impl.RoleInfo (RoleInfo.java:updateAndGet(143)) - a9642e09-25a0-4922-9409-2b3018e22f5b: start FollowerState
2019-08-20 19:24:47,153 [pool-137-thread-1] INFO  server.RaftServerConfigKeys (ConfUtils.java:logGet(43)) - raft.server.retrycache.expirytime = 600000ms (custom)
2019-08-20 19:24:47,153 [pool-137-thread-1] INFO  impl.RaftServerImpl (RaftServerImpl.java:start(180)) - 2760a034-05cd-481b-aa2a-ebd2ba4013cc: start group-68EB286ECE9B
2019-08-20 19:24:47,153 [pool-137-thread-1] INFO  impl.RaftServerImpl (RaftServerImpl.java:setRole(171)) - 2760a034-05cd-481b-aa2a-ebd2ba4013cc:group-68EB286ECE9B changes role from null to FOLLOWER at term 0 for startAsFollower
2019-08-20 19:24:47,153 [pool-148-thread-1] INFO  util.JmxRegister (JmxRegister.java:tryRegister(44)) - Successfully registered JMX Bean with object name Ratis:service=RaftServer,group=group-68EB286ECE9B,id=a9642e09-25a0-4922-9409-2b3018e22f5b
2019-08-20 19:24:47,153 [pool-137-thread-1] INFO  impl.RoleInfo (RoleInfo.java:updateAndGet(143)) - 2760a034-05cd-481b-aa2a-ebd2ba4013cc: start FollowerState
2019-08-20 19:24:47,154 [pool-137-thread-1] INFO  util.JmxRegister (JmxRegister.java:tryRegister(44)) - Successfully registered JMX Bean with object name Ratis:service=RaftServer,group=group-68EB286ECE9B,id=2760a034-05cd-481b-aa2a-ebd2ba4013cc
2019-08-20 19:24:47,157 [RatisPipelineUtilsThread] INFO  pipeline.PipelineStateManager (PipelineStateManager.java:addPipeline(56)) - Created pipeline Pipeline[ Id: 0168b744-b22a-4736-8c13-68eb286ece9b, Nodes: 2760a034-05cd-481b-aa2a-ebd2ba4013cc{ip: 192.168.157.205, host: pr-hdds-1927-n56ck-2550958449, networkLocation: /default-rack, certSerialId: null}23dbf96a-50e4-4c0c-a46c-0e28d0bfca2f{ip: 192.168.157.205, host: pr-hdds-1927-n56ck-2550958449, networkLocation: /default-rack, certSerialId: null}a9642e09-25a0-4922-9409-2b3018e22f5b{ip: 192.168.157.205, host: pr-hdds-1927-n56ck-2550958449, networkLocation: /default-rack, certSerialId: null}, Type:RATIS, Factor:THREE, State:OPEN]
2019-08-20 19:24:47,239 [IPC Server handler 2 on 43845] INFO  net.NetworkTopology (NetworkTopologyImpl.java:add(110)) - Added a new node: /default-rack/c86707b4-b48a-47cd-ae4d-9b9fecb37bc8
2019-08-20 19:24:47,239 [IPC Server handler 2 on 43845] INFO  node.SCMNodeManager (SCMNodeManager.java:register(273)) - Registered Data node : c86707b4-b48a-47cd-ae4d-9b9fecb37bc8{ip: 192.168.157.205, host: pr-hdds-1927-n56ck-2550958449, networkLocation: /default-rack, certSerialId: null}
2019-08-20 19:24:47,239 | INFO  | SCMAudit | user=jenkins1000 | ip=192.168.157.205 | op=REGISTER {datanodeDetails=c86707b4-b48a-47cd-ae4d-9b9fecb37bc8{ip: 192.168.157.205, host: pr-hdds-1927-n56ck-2550958449, networkLocation: /default-rack, certSerialId: null}} | ret=SUCCESS |  
2019-08-20 19:24:47,248 [grpc-default-executor-2] INFO  impl.RaftServerProxy (RaftServerProxy.java:addNew(89)) - c86707b4-b48a-47cd-ae4d-9b9fecb37bc8: addNew group-0A681F522DF7:[c86707b4-b48a-47cd-ae4d-9b9fecb37bc8:192.168.157.205:38537] returns group-0A681F522DF7:java.util.concurrent.CompletableFuture@47ca96b[Not completed]
2019-08-20 19:24:47,251 [pool-159-thread-1] INFO  impl.RaftServerImpl (RaftServerImpl.java:<init>(93)) - c86707b4-b48a-47cd-ae4d-9b9fecb37bc8: new RaftServerImpl for group-0A681F522DF7:[c86707b4-b48a-47cd-ae4d-9b9fecb37bc8:192.168.157.205:38537] with ContainerStateMachine:uninitialized
2019-08-20 19:24:47,251 [pool-159-thread-1] INFO  server.RaftServerConfigKeys (ConfUtils.java:logGet(43)) - raft.server.rpc.timeout.min = 5s (custom)
2019-08-20 19:24:47,251 [pool-159-thread-1] INFO  server.RaftServerConfigKeys (ConfUtils.java:logGet(43)) - raft.server.rpc.timeout.max = 5200ms (custom)
2019-08-20 19:24:47,252 [pool-159-thread-1] INFO  server.RaftServerConfigKeys (ConfUtils.java:logGet(43)) - raft.server.rpcslowness.timeout = 120s (custom)
2019-08-20 19:24:47,252 [pool-159-thread-1] INFO  server.RaftServerConfigKeys (ConfUtils.java:logGet(43)) - raft.server.sleep.deviation.threshold = 300 (default)
2019-08-20 19:24:47,252 [pool-159-thread-1] INFO  server.RaftServerConfigKeys (ConfUtils.java:logGet(43)) - raft.server.log.appender.install.snapshot.enabled = false (custom)
2019-08-20 19:24:47,252 [pool-159-thread-1] INFO  impl.RaftServerImpl (ServerState.java:<init>(105)) - c86707b4-b48a-47cd-ae4d-9b9fecb37bc8:group-0A681F522DF7 ConfigurationManager, init=-1: [c86707b4-b48a-47cd-ae4d-9b9fecb37bc8:192.168.157.205:38537], old=null, confs=<EMPTY_MAP>
2019-08-20 19:24:47,252 [pool-159-thread-1] INFO  server.RaftServerConfigKeys (ConfUtils.java:logGet(43)) - raft.server.storage.dir = [/workdir/hadoop-ozone/integration-test/target/test-dir/MiniOzoneClusterImpl-c83b9401-1b06-4086-9e2d-44809f408d3d/datanode-3/data/ratis] (custom)
2019-08-20 19:24:47,253 [pool-159-thread-1] INFO  storage.RaftStorageDirectory (RaftStorageDirectory.java:analyzeStorage(246)) - The storage directory /workdir/hadoop-ozone/integration-test/target/test-dir/MiniOzoneClusterImpl-c83b9401-1b06-4086-9e2d-44809f408d3d/datanode-3/data/ratis/6fc70c2a-32ba-406a-911c-0a681f522df7 does not exist. Creating ...
2019-08-20 19:24:47,266 [pool-159-thread-1] INFO  storage.RaftStorageDirectory (RaftStorageDirectory.java:tryLock(328)) - Lock on /workdir/hadoop-ozone/integration-test/target/test-dir/MiniOzoneClusterImpl-c83b9401-1b06-4086-9e2d-44809f408d3d/datanode-3/data/ratis/6fc70c2a-32ba-406a-911c-0a681f522df7/in_use.lock acquired by nodename 1079@pr-hdds-1927-n56ck-2550958449
2019-08-20 19:24:47,279 [pool-159-thread-1] INFO  storage.RaftStorage (RaftStorage.java:format(72)) - Storage directory /workdir/hadoop-ozone/integration-test/target/test-dir/MiniOzoneClusterImpl-c83b9401-1b06-4086-9e2d-44809f408d3d/datanode-3/data/ratis/6fc70c2a-32ba-406a-911c-0a681f522df7 has been successfully formatted.
2019-08-20 19:24:47,280 [pool-159-thread-1] INFO  ratis.ContainerStateMachine (ContainerStateMachine.java:loadSnapshot(222)) - group-0A681F522DF7: The snapshot info is null. Setting the last applied indexto:(t:0, i:~)
2019-08-20 19:24:47,280 [pool-159-thread-1] INFO  server.RaftServerConfigKeys (ConfUtils.java:logGet(43)) - raft.server.leader.election.timeout = 120s (custom)
2019-08-20 19:24:47,280 [pool-159-thread-1] INFO  server.RaftServerConfigKeys (ConfUtils.java:logGet(43)) - raft.server.log.use.memory = false (default)
2019-08-20 19:24:47,280 [pool-159-thread-1] INFO  server.RaftServerConfigKeys (ConfUtils.java:logGet(43)) - raft.server.log.purge.gap = 1000000 (custom)
2019-08-20 19:24:47,280 [pool-159-thread-1] INFO  server.RaftServerConfigKeys (ConfUtils.java:logGet(43)) - raft.server.log.appender.buffer.byte-limit = 33554432 (custom)
2019-08-20 19:24:47,281 [pool-159-thread-1] INFO  server.RaftServerConfigKeys (ConfUtils.java:logGet(43)) - raft.server.log.segment.size.max = 1048576 (custom)
2019-08-20 19:24:47,281 [pool-159-thread-1] INFO  server.RaftServerConfigKeys (ConfUtils.java:logGet(43)) - raft.server.log.segment.cache.num.max = 2 (custom)
2019-08-20 19:24:47,281 [pool-159-thread-1] INFO  segmented.SegmentedRaftLogWorker (SegmentedRaftLogWorker.java:<init>(172)) - new c86707b4-b48a-47cd-ae4d-9b9fecb37bc8-SegmentedRaftLogWorker:Storage Directory /workdir/hadoop-ozone/integration-test/target/test-dir/MiniOzoneClusterImpl-c83b9401-1b06-4086-9e2d-44809f408d3d/datanode-3/data/ratis/6fc70c2a-32ba-406a-911c-0a681f522df7 for RaftStorage:Storage Directory /workdir/hadoop-ozone/integration-test/target/test-dir/MiniOzoneClusterImpl-c83b9401-1b06-4086-9e2d-44809f408d3d/datanode-3/data/ratis/6fc70c2a-32ba-406a-911c-0a681f522df7
2019-08-20 19:24:47,281 [pool-159-thread-1] INFO  server.RaftServerConfigKeys (ConfUtils.java:logGet(43)) - raft.server.log.queue.byte-limit = 2147483647 (custom)
2019-08-20 19:24:47,281 [pool-159-thread-1] INFO  server.RaftServerConfigKeys (ConfUtils.java:logGet(43)) - raft.server.log.queue.element-limit = 1024 (custom)
2019-08-20 19:24:47,282 [pool-159-thread-1] INFO  server.RaftServerConfigKeys (ConfUtils.java:logGet(43)) - raft.server.log.segment.size.max = 1048576 (custom)
2019-08-20 19:24:47,282 [pool-159-thread-1] INFO  server.RaftServerConfigKeys (ConfUtils.java:logGet(43)) - raft.server.log.preallocated.size = 16384 (custom)
2019-08-20 19:24:47,282 [pool-159-thread-1] INFO  server.RaftServerConfigKeys (ConfUtils.java:logGet(43)) - raft.server.log.write.buffer.size = 33554432 (custom)
2019-08-20 19:24:47,282 [pool-159-thread-1] INFO  server.RaftServerConfigKeys (ConfUtils.java:logGet(43)) - raft.server.log.force.sync.num = 128 (default)
2019-08-20 19:24:47,283 [pool-159-thread-1] INFO  server.RaftServerConfigKeys (ConfUtils.java:logGet(43)) - raft.server.log.statemachine.data.sync = true (default)
2019-08-20 19:24:47,283 [pool-159-thread-1] INFO  server.RaftServerConfigKeys (ConfUtils.java:logGet(43)) - raft.server.log.statemachine.data.sync.timeout = 10s (default)
2019-08-20 19:24:47,283 [pool-159-thread-1] INFO  server.RaftServerConfigKeys (ConfUtils.java:logGet(43)) - raft.server.log.statemachine.data.sync.timeout.retry = -1 (default)
2019-08-20 19:24:47,283 [pool-159-thread-1] INFO  server.RaftServerConfigKeys (ConfUtils.java:logGet(43)) - raft.server.log.statemachine.data.caching.enabled = true (custom)
2019-08-20 19:24:47,284 [pool-159-thread-1] INFO  segmented.SegmentedRaftLogWorker (SegmentedRaftLogWorker.java:lambda$new$0(132)) - c86707b4-b48a-47cd-ae4d-9b9fecb37bc8-SegmentedRaftLogWorker:Storage Directory /workdir/hadoop-ozone/integration-test/target/test-dir/MiniOzoneClusterImpl-c83b9401-1b06-4086-9e2d-44809f408d3d/datanode-3/data/ratis/6fc70c2a-32ba-406a-911c-0a681f522df7: flushIndex: setUnconditionally 0 -> -1
2019-08-20 19:24:47,284 [pool-159-thread-1] INFO  server.RaftServerConfigKeys (ConfUtils.java:logGet(43)) - raft.server.snapshot.auto.trigger.enabled = true (custom)
2019-08-20 19:24:47,284 [pool-159-thread-1] INFO  server.RaftServerConfigKeys (ConfUtils.java:logGet(43)) - raft.server.snapshot.auto.trigger.threshold = 10000 (custom)
2019-08-20 19:24:47,284 [pool-159-thread-1] INFO  server.RaftServerConfigKeys (ConfUtils.java:logGet(43)) - raft.server.retrycache.expirytime = 600000ms (custom)
2019-08-20 19:24:47,285 [pool-159-thread-1] INFO  impl.RaftServerImpl (RaftServerImpl.java:start(180)) - c86707b4-b48a-47cd-ae4d-9b9fecb37bc8: start group-0A681F522DF7
2019-08-20 19:24:47,285 [pool-159-thread-1] INFO  impl.RaftServerImpl (RaftServerImpl.java:setRole(171)) - c86707b4-b48a-47cd-ae4d-9b9fecb37bc8:group-0A681F522DF7 changes role from null to FOLLOWER at term 0 for startAsFollower
2019-08-20 19:24:47,285 [pool-159-thread-1] INFO  impl.RoleInfo (RoleInfo.java:updateAndGet(143)) - c86707b4-b48a-47cd-ae4d-9b9fecb37bc8: start FollowerState
2019-08-20 19:24:47,285 [pool-159-thread-1] INFO  util.JmxRegister (JmxRegister.java:tryRegister(44)) - Successfully registered JMX Bean with object name Ratis:service=RaftServer,group=group-0A681F522DF7,id=c86707b4-b48a-47cd-ae4d-9b9fecb37bc8
2019-08-20 19:24:47,289 [RatisPipelineUtilsThread] INFO  pipeline.PipelineStateManager (PipelineStateManager.java:addPipeline(56)) - Created pipeline Pipeline[ Id: 6fc70c2a-32ba-406a-911c-0a681f522df7, Nodes: c86707b4-b48a-47cd-ae4d-9b9fecb37bc8{ip: 192.168.157.205, host: pr-hdds-1927-n56ck-2550958449, networkLocation: /default-rack, certSerialId: null}, Type:RATIS, Factor:ONE, State:OPEN]
2019-08-20 19:24:47,647 [IPC Server handler 4 on 43845] INFO  net.NetworkTopology (NetworkTopologyImpl.java:add(110)) - Added a new node: /default-rack/261f2ceb-ac32-4ba4-817a-4ff79bcf4fe2
2019-08-20 19:24:47,648 [IPC Server handler 4 on 43845] INFO  node.SCMNodeManager (SCMNodeManager.java:register(273)) - Registered Data node : 261f2ceb-ac32-4ba4-817a-4ff79bcf4fe2{ip: 192.168.157.205, host: pr-hdds-1927-n56ck-2550958449, networkLocation: /default-rack, certSerialId: null}
2019-08-20 19:24:47,648 | INFO  | SCMAudit | user=jenkins1000 | ip=192.168.157.205 | op=REGISTER {datanodeDetails=261f2ceb-ac32-4ba4-817a-4ff79bcf4fe2{ip: 192.168.157.205, host: pr-hdds-1927-n56ck-2550958449, networkLocation: /default-rack, certSerialId: null}} | ret=SUCCESS |  
2019-08-20 19:24:47,661 [grpc-default-executor-2] INFO  impl.RaftServerProxy (RaftServerProxy.java:addNew(89)) - 261f2ceb-ac32-4ba4-817a-4ff79bcf4fe2: addNew group-EA6F3373C81B:[261f2ceb-ac32-4ba4-817a-4ff79bcf4fe2:192.168.157.205:41126] returns group-EA6F3373C81B:java.util.concurrent.CompletableFuture@78045ec4[Not completed]
2019-08-20 19:24:47,663 [pool-170-thread-1] INFO  impl.RaftServerImpl (RaftServerImpl.java:<init>(93)) - 261f2ceb-ac32-4ba4-817a-4ff79bcf4fe2: new RaftServerImpl for group-EA6F3373C81B:[261f2ceb-ac32-4ba4-817a-4ff79bcf4fe2:192.168.157.205:41126] with ContainerStateMachine:uninitialized
2019-08-20 19:24:47,663 [pool-170-thread-1] INFO  server.RaftServerConfigKeys (ConfUtils.java:logGet(43)) - raft.server.rpc.timeout.min = 5s (custom)
2019-08-20 19:24:47,664 [pool-170-thread-1] INFO  server.RaftServerConfigKeys (ConfUtils.java:logGet(43)) - raft.server.rpc.timeout.max = 5200ms (custom)
2019-08-20 19:24:47,664 [pool-170-thread-1] INFO  server.RaftServerConfigKeys (ConfUtils.java:logGet(43)) - raft.server.rpcslowness.timeout = 120s (custom)
2019-08-20 19:24:47,664 [pool-170-thread-1] INFO  server.RaftServerConfigKeys (ConfUtils.java:logGet(43)) - raft.server.sleep.deviation.threshold = 300 (default)
2019-08-20 19:24:47,664 [pool-170-thread-1] INFO  server.RaftServerConfigKeys (ConfUtils.java:logGet(43)) - raft.server.log.appender.install.snapshot.enabled = false (custom)
2019-08-20 19:24:47,664 [pool-170-thread-1] INFO  impl.RaftServerImpl (ServerState.java:<init>(105)) - 261f2ceb-ac32-4ba4-817a-4ff79bcf4fe2:group-EA6F3373C81B ConfigurationManager, init=-1: [261f2ceb-ac32-4ba4-817a-4ff79bcf4fe2:192.168.157.205:41126], old=null, confs=<EMPTY_MAP>
2019-08-20 19:24:47,664 [pool-170-thread-1] INFO  server.RaftServerConfigKeys (ConfUtils.java:logGet(43)) - raft.server.storage.dir = [/workdir/hadoop-ozone/integration-test/target/test-dir/MiniOzoneClusterImpl-c83b9401-1b06-4086-9e2d-44809f408d3d/datanode-4/data/ratis] (custom)
2019-08-20 19:24:47,665 [pool-170-thread-1] INFO  storage.RaftStorageDirectory (RaftStorageDirectory.java:analyzeStorage(246)) - The storage directory /workdir/hadoop-ozone/integration-test/target/test-dir/MiniOzoneClusterImpl-c83b9401-1b06-4086-9e2d-44809f408d3d/datanode-4/data/ratis/fc9026e0-440a-4a5a-b3bf-ea6f3373c81b does not exist. Creating ...
2019-08-20 19:24:47,678 [pool-170-thread-1] INFO  storage.RaftStorageDirectory (RaftStorageDirectory.java:tryLock(328)) - Lock on /workdir/hadoop-ozone/integration-test/target/test-dir/MiniOzoneClusterImpl-c83b9401-1b06-4086-9e2d-44809f408d3d/datanode-4/data/ratis/fc9026e0-440a-4a5a-b3bf-ea6f3373c81b/in_use.lock acquired by nodename 1079@pr-hdds-1927-n56ck-2550958449
2019-08-20 19:24:47,691 [pool-170-thread-1] INFO  storage.RaftStorage (RaftStorage.java:format(72)) - Storage directory /workdir/hadoop-ozone/integration-test/target/test-dir/MiniOzoneClusterImpl-c83b9401-1b06-4086-9e2d-44809f408d3d/datanode-4/data/ratis/fc9026e0-440a-4a5a-b3bf-ea6f3373c81b has been successfully formatted.
2019-08-20 19:24:47,691 [pool-170-thread-1] INFO  ratis.ContainerStateMachine (ContainerStateMachine.java:loadSnapshot(222)) - group-EA6F3373C81B: The snapshot info is null. Setting the last applied indexto:(t:0, i:~)
2019-08-20 19:24:47,692 [pool-170-thread-1] INFO  server.RaftServerConfigKeys (ConfUtils.java:logGet(43)) - raft.server.leader.election.timeout = 120s (custom)
2019-08-20 19:24:47,692 [pool-170-thread-1] INFO  server.RaftServerConfigKeys (ConfUtils.java:logGet(43)) - raft.server.log.use.memory = false (default)
2019-08-20 19:24:47,692 [pool-170-thread-1] INFO  server.RaftServerConfigKeys (ConfUtils.java:logGet(43)) - raft.server.log.purge.gap = 1000000 (custom)
2019-08-20 19:24:47,692 [pool-170-thread-1] INFO  server.RaftServerConfigKeys (ConfUtils.java:logGet(43)) - raft.server.log.appender.buffer.byte-limit = 33554432 (custom)
2019-08-20 19:24:47,692 [pool-170-thread-1] INFO  server.RaftServerConfigKeys (ConfUtils.java:logGet(43)) - raft.server.log.segment.size.max = 1048576 (custom)
2019-08-20 19:24:47,692 [pool-170-thread-1] INFO  server.RaftServerConfigKeys (ConfUtils.java:logGet(43)) - raft.server.log.segment.cache.num.max = 2 (custom)
2019-08-20 19:24:47,693 [pool-170-thread-1] INFO  segmented.SegmentedRaftLogWorker (SegmentedRaftLogWorker.java:<init>(172)) - new 261f2ceb-ac32-4ba4-817a-4ff79bcf4fe2-SegmentedRaftLogWorker:Storage Directory /workdir/hadoop-ozone/integration-test/target/test-dir/MiniOzoneClusterImpl-c83b9401-1b06-4086-9e2d-44809f408d3d/datanode-4/data/ratis/fc9026e0-440a-4a5a-b3bf-ea6f3373c81b for RaftStorage:Storage Directory /workdir/hadoop-ozone/integration-test/target/test-dir/MiniOzoneClusterImpl-c83b9401-1b06-4086-9e2d-44809f408d3d/datanode-4/data/ratis/fc9026e0-440a-4a5a-b3bf-ea6f3373c81b
2019-08-20 19:24:47,693 [pool-170-thread-1] INFO  server.RaftServerConfigKeys (ConfUtils.java:logGet(43)) - raft.server.log.queue.byte-limit = 2147483647 (custom)
2019-08-20 19:24:47,693 [pool-170-thread-1] INFO  server.RaftServerConfigKeys (ConfUtils.java:logGet(43)) - raft.server.log.queue.element-limit = 1024 (custom)
2019-08-20 19:24:47,693 [pool-170-thread-1] INFO  server.RaftServerConfigKeys (ConfUtils.java:logGet(43)) - raft.server.log.segment.size.max = 1048576 (custom)
2019-08-20 19:24:47,693 [pool-170-thread-1] INFO  server.RaftServerConfigKeys (ConfUtils.java:logGet(43)) - raft.server.log.preallocated.size = 16384 (custom)
2019-08-20 19:24:47,694 [pool-170-thread-1] INFO  server.RaftServerConfigKeys (ConfUtils.java:logGet(43)) - raft.server.log.write.buffer.size = 33554432 (custom)
2019-08-20 19:24:47,694 [pool-170-thread-1] INFO  server.RaftServerConfigKeys (ConfUtils.java:logGet(43)) - raft.server.log.force.sync.num = 128 (default)
2019-08-20 19:24:47,694 [pool-170-thread-1] INFO  server.RaftServerConfigKeys (ConfUtils.java:logGet(43)) - raft.server.log.statemachine.data.sync = true (default)
2019-08-20 19:24:47,694 [pool-170-thread-1] INFO  server.RaftServerConfigKeys (ConfUtils.java:logGet(43)) - raft.server.log.statemachine.data.sync.timeout = 10s (default)
2019-08-20 19:24:47,694 [pool-170-thread-1] INFO  server.RaftServerConfigKeys (ConfUtils.java:logGet(43)) - raft.server.log.statemachine.data.sync.timeout.retry = -1 (default)
2019-08-20 19:24:47,695 [pool-170-thread-1] INFO  server.RaftServerConfigKeys (ConfUtils.java:logGet(43)) - raft.server.log.statemachine.data.caching.enabled = true (custom)
2019-08-20 19:24:47,695 [pool-170-thread-1] INFO  segmented.SegmentedRaftLogWorker (SegmentedRaftLogWorker.java:lambda$new$0(132)) - 261f2ceb-ac32-4ba4-817a-4ff79bcf4fe2-SegmentedRaftLogWorker:Storage Directory /workdir/hadoop-ozone/integration-test/target/test-dir/MiniOzoneClusterImpl-c83b9401-1b06-4086-9e2d-44809f408d3d/datanode-4/data/ratis/fc9026e0-440a-4a5a-b3bf-ea6f3373c81b: flushIndex: setUnconditionally 0 -> -1
2019-08-20 19:24:47,696 [pool-170-thread-1] INFO  server.RaftServerConfigKeys (ConfUtils.java:logGet(43)) - raft.server.snapshot.auto.trigger.enabled = true (custom)
2019-08-20 19:24:47,696 [pool-170-thread-1] INFO  server.RaftServerConfigKeys (ConfUtils.java:logGet(43)) - raft.server.snapshot.auto.trigger.threshold = 10000 (custom)
2019-08-20 19:24:47,696 [pool-170-thread-1] INFO  server.RaftServerConfigKeys (ConfUtils.java:logGet(43)) - raft.server.retrycache.expirytime = 600000ms (custom)
2019-08-20 19:24:47,697 [pool-170-thread-1] INFO  impl.RaftServerImpl (RaftServerImpl.java:start(180)) - 261f2ceb-ac32-4ba4-817a-4ff79bcf4fe2: start group-EA6F3373C81B
2019-08-20 19:24:47,697 [pool-170-thread-1] INFO  impl.RaftServerImpl (RaftServerImpl.java:setRole(171)) - 261f2ceb-ac32-4ba4-817a-4ff79bcf4fe2:group-EA6F3373C81B changes role from null to FOLLOWER at term 0 for startAsFollower
2019-08-20 19:24:47,697 [pool-170-thread-1] INFO  impl.RoleInfo (RoleInfo.java:updateAndGet(143)) - 261f2ceb-ac32-4ba4-817a-4ff79bcf4fe2: start FollowerState
2019-08-20 19:24:47,697 [pool-170-thread-1] INFO  util.JmxRegister (JmxRegister.java:tryRegister(44)) - Successfully registered JMX Bean with object name Ratis:service=RaftServer,group=group-EA6F3373C81B,id=261f2ceb-ac32-4ba4-817a-4ff79bcf4fe2
2019-08-20 19:24:47,701 [RatisPipelineUtilsThread] INFO  pipeline.PipelineStateManager (PipelineStateManager.java:addPipeline(56)) - Created pipeline Pipeline[ Id: fc9026e0-440a-4a5a-b3bf-ea6f3373c81b, Nodes: 261f2ceb-ac32-4ba4-817a-4ff79bcf4fe2{ip: 192.168.157.205, host: pr-hdds-1927-n56ck-2550958449, networkLocation: /default-rack, certSerialId: null}, Type:RATIS, Factor:ONE, State:OPEN]
2019-08-20 19:24:47,864 [IPC Server handler 1 on 43845] INFO  net.NetworkTopology (NetworkTopologyImpl.java:add(110)) - Added a new node: /default-rack/ca787d9a-54ae-4c30-9573-1f3ad278257b
2019-08-20 19:24:47,864 [IPC Server handler 1 on 43845] INFO  node.SCMNodeManager (SCMNodeManager.java:register(273)) - Registered Data node : ca787d9a-54ae-4c30-9573-1f3ad278257b{ip: 192.168.157.205, host: pr-hdds-1927-n56ck-2550958449, networkLocation: /default-rack, certSerialId: null}
2019-08-20 19:24:47,868 | INFO  | SCMAudit | user=jenkins1000 | ip=192.168.157.205 | op=REGISTER {datanodeDetails=ca787d9a-54ae-4c30-9573-1f3ad278257b{ip: 192.168.157.205, host: pr-hdds-1927-n56ck-2550958449, networkLocation: /default-rack, certSerialId: null}} | ret=SUCCESS |  
2019-08-20 19:24:47,879 [grpc-default-executor-2] INFO  impl.RaftServerProxy (RaftServerProxy.java:addNew(89)) - ca787d9a-54ae-4c30-9573-1f3ad278257b: addNew group-6EC6B991F7C6:[ca787d9a-54ae-4c30-9573-1f3ad278257b:192.168.157.205:38551] returns group-6EC6B991F7C6:java.util.concurrent.CompletableFuture@2ce667a1[Not completed]
2019-08-20 19:24:47,881 [pool-181-thread-1] INFO  impl.RaftServerImpl (RaftServerImpl.java:<init>(93)) - ca787d9a-54ae-4c30-9573-1f3ad278257b: new RaftServerImpl for group-6EC6B991F7C6:[ca787d9a-54ae-4c30-9573-1f3ad278257b:192.168.157.205:38551] with ContainerStateMachine:uninitialized
2019-08-20 19:24:47,882 [pool-181-thread-1] INFO  server.RaftServerConfigKeys (ConfUtils.java:logGet(43)) - raft.server.rpc.timeout.min = 5s (custom)
2019-08-20 19:24:47,882 [pool-181-thread-1] INFO  server.RaftServerConfigKeys (ConfUtils.java:logGet(43)) - raft.server.rpc.timeout.max = 5200ms (custom)
2019-08-20 19:24:47,882 [pool-181-thread-1] INFO  server.RaftServerConfigKeys (ConfUtils.java:logGet(43)) - raft.server.rpcslowness.timeout = 120s (custom)
2019-08-20 19:24:47,882 [pool-181-thread-1] INFO  server.RaftServerConfigKeys (ConfUtils.java:logGet(43)) - raft.server.sleep.deviation.threshold = 300 (default)
2019-08-20 19:24:47,882 [pool-181-thread-1] INFO  server.RaftServerConfigKeys (ConfUtils.java:logGet(43)) - raft.server.log.appender.install.snapshot.enabled = false (custom)
2019-08-20 19:24:47,883 [pool-181-thread-1] INFO  impl.RaftServerImpl (ServerState.java:<init>(105)) - ca787d9a-54ae-4c30-9573-1f3ad278257b:group-6EC6B991F7C6 ConfigurationManager, init=-1: [ca787d9a-54ae-4c30-9573-1f3ad278257b:192.168.157.205:38551], old=null, confs=<EMPTY_MAP>
2019-08-20 19:24:47,883 [pool-181-thread-1] INFO  server.RaftServerConfigKeys (ConfUtils.java:logGet(43)) - raft.server.storage.dir = [/workdir/hadoop-ozone/integration-test/target/test-dir/MiniOzoneClusterImpl-c83b9401-1b06-4086-9e2d-44809f408d3d/datanode-5/data/ratis] (custom)
2019-08-20 19:24:47,883 [pool-181-thread-1] INFO  storage.RaftStorageDirectory (RaftStorageDirectory.java:analyzeStorage(246)) - The storage directory /workdir/hadoop-ozone/integration-test/target/test-dir/MiniOzoneClusterImpl-c83b9401-1b06-4086-9e2d-44809f408d3d/datanode-5/data/ratis/204b841a-f9cd-4e2b-b871-6ec6b991f7c6 does not exist. Creating ...
2019-08-20 19:24:47,904 [pool-181-thread-1] INFO  storage.RaftStorageDirectory (RaftStorageDirectory.java:tryLock(328)) - Lock on /workdir/hadoop-ozone/integration-test/target/test-dir/MiniOzoneClusterImpl-c83b9401-1b06-4086-9e2d-44809f408d3d/datanode-5/data/ratis/204b841a-f9cd-4e2b-b871-6ec6b991f7c6/in_use.lock acquired by nodename 1079@pr-hdds-1927-n56ck-2550958449
2019-08-20 19:24:47,924 [pool-181-thread-1] INFO  storage.RaftStorage (RaftStorage.java:format(72)) - Storage directory /workdir/hadoop-ozone/integration-test/target/test-dir/MiniOzoneClusterImpl-c83b9401-1b06-4086-9e2d-44809f408d3d/datanode-5/data/ratis/204b841a-f9cd-4e2b-b871-6ec6b991f7c6 has been successfully formatted.
2019-08-20 19:24:47,925 [pool-181-thread-1] INFO  ratis.ContainerStateMachine (ContainerStateMachine.java:loadSnapshot(222)) - group-6EC6B991F7C6: The snapshot info is null. Setting the last applied indexto:(t:0, i:~)
2019-08-20 19:24:47,925 [pool-181-thread-1] INFO  server.RaftServerConfigKeys (ConfUtils.java:logGet(43)) - raft.server.leader.election.timeout = 120s (custom)
2019-08-20 19:24:47,925 [pool-181-thread-1] INFO  server.RaftServerConfigKeys (ConfUtils.java:logGet(43)) - raft.server.log.use.memory = false (default)
2019-08-20 19:24:47,926 [pool-181-thread-1] INFO  server.RaftServerConfigKeys (ConfUtils.java:logGet(43)) - raft.server.log.purge.gap = 1000000 (custom)
2019-08-20 19:24:47,926 [pool-181-thread-1] INFO  server.RaftServerConfigKeys (ConfUtils.java:logGet(43)) - raft.server.log.appender.buffer.byte-limit = 33554432 (custom)
2019-08-20 19:24:47,926 [pool-181-thread-1] INFO  server.RaftServerConfigKeys (ConfUtils.java:logGet(43)) - raft.server.log.segment.size.max = 1048576 (custom)
2019-08-20 19:24:47,926 [pool-181-thread-1] INFO  server.RaftServerConfigKeys (ConfUtils.java:logGet(43)) - raft.server.log.segment.cache.num.max = 2 (custom)
2019-08-20 19:24:47,926 [pool-181-thread-1] INFO  segmented.SegmentedRaftLogWorker (SegmentedRaftLogWorker.java:<init>(172)) - new ca787d9a-54ae-4c30-9573-1f3ad278257b-SegmentedRaftLogWorker:Storage Directory /workdir/hadoop-ozone/integration-test/target/test-dir/MiniOzoneClusterImpl-c83b9401-1b06-4086-9e2d-44809f408d3d/datanode-5/data/ratis/204b841a-f9cd-4e2b-b871-6ec6b991f7c6 for RaftStorage:Storage Directory /workdir/hadoop-ozone/integration-test/target/test-dir/MiniOzoneClusterImpl-c83b9401-1b06-4086-9e2d-44809f408d3d/datanode-5/data/ratis/204b841a-f9cd-4e2b-b871-6ec6b991f7c6
2019-08-20 19:24:47,927 [pool-181-thread-1] INFO  server.RaftServerConfigKeys (ConfUtils.java:logGet(43)) - raft.server.log.queue.byte-limit = 2147483647 (custom)
2019-08-20 19:24:47,927 [pool-181-thread-1] INFO  server.RaftServerConfigKeys (ConfUtils.java:logGet(43)) - raft.server.log.queue.element-limit = 1024 (custom)
2019-08-20 19:24:47,927 [pool-181-thread-1] INFO  server.RaftServerConfigKeys (ConfUtils.java:logGet(43)) - raft.server.log.segment.size.max = 1048576 (custom)
2019-08-20 19:24:47,928 [pool-181-thread-1] INFO  server.RaftServerConfigKeys (ConfUtils.java:logGet(43)) - raft.server.log.preallocated.size = 16384 (custom)
2019-08-20 19:24:47,928 [pool-181-thread-1] INFO  server.RaftServerConfigKeys (ConfUtils.java:logGet(43)) - raft.server.log.write.buffer.size = 33554432 (custom)
2019-08-20 19:24:47,928 [pool-181-thread-1] INFO  server.RaftServerConfigKeys (ConfUtils.java:logGet(43)) - raft.server.log.force.sync.num = 128 (default)
2019-08-20 19:24:47,928 [pool-181-thread-1] INFO  server.RaftServerConfigKeys (ConfUtils.java:logGet(43)) - raft.server.log.statemachine.data.sync = true (default)
2019-08-20 19:24:47,929 [pool-181-thread-1] INFO  server.RaftServerConfigKeys (ConfUtils.java:logGet(43)) - raft.server.log.statemachine.data.sync.timeout = 10s (default)
2019-08-20 19:24:47,929 [pool-181-thread-1] INFO  server.RaftServerConfigKeys (ConfUtils.java:logGet(43)) - raft.server.log.statemachine.data.sync.timeout.retry = -1 (default)
2019-08-20 19:24:47,929 [pool-181-thread-1] INFO  server.RaftServerConfigKeys (ConfUtils.java:logGet(43)) - raft.server.log.statemachine.data.caching.enabled = true (custom)
2019-08-20 19:24:47,930 [pool-181-thread-1] INFO  segmented.SegmentedRaftLogWorker (SegmentedRaftLogWorker.java:lambda$new$0(132)) - ca787d9a-54ae-4c30-9573-1f3ad278257b-SegmentedRaftLogWorker:Storage Directory /workdir/hadoop-ozone/integration-test/target/test-dir/MiniOzoneClusterImpl-c83b9401-1b06-4086-9e2d-44809f408d3d/datanode-5/data/ratis/204b841a-f9cd-4e2b-b871-6ec6b991f7c6: flushIndex: setUnconditionally 0 -> -1
2019-08-20 19:24:47,930 [pool-181-thread-1] INFO  server.RaftServerConfigKeys (ConfUtils.java:logGet(43)) - raft.server.snapshot.auto.trigger.enabled = true (custom)
2019-08-20 19:24:47,930 [pool-181-thread-1] INFO  server.RaftServerConfigKeys (ConfUtils.java:logGet(43)) - raft.server.snapshot.auto.trigger.threshold = 10000 (custom)
2019-08-20 19:24:47,930 [pool-181-thread-1] INFO  server.RaftServerConfigKeys (ConfUtils.java:logGet(43)) - raft.server.retrycache.expirytime = 600000ms (custom)
2019-08-20 19:24:47,931 [pool-181-thread-1] INFO  impl.RaftServerImpl (RaftServerImpl.java:start(180)) - ca787d9a-54ae-4c30-9573-1f3ad278257b: start group-6EC6B991F7C6
2019-08-20 19:24:47,931 [pool-181-thread-1] INFO  impl.RaftServerImpl (RaftServerImpl.java:setRole(171)) - ca787d9a-54ae-4c30-9573-1f3ad278257b:group-6EC6B991F7C6 changes role from null to FOLLOWER at term 0 for startAsFollower
2019-08-20 19:24:47,931 [pool-181-thread-1] INFO  impl.RoleInfo (RoleInfo.java:updateAndGet(143)) - ca787d9a-54ae-4c30-9573-1f3ad278257b: start FollowerState
2019-08-20 19:24:47,932 [pool-181-thread-1] INFO  util.JmxRegister (JmxRegister.java:tryRegister(44)) - Successfully registered JMX Bean with object name Ratis:service=RaftServer,group=group-6EC6B991F7C6,id=ca787d9a-54ae-4c30-9573-1f3ad278257b
2019-08-20 19:24:47,935 [RatisPipelineUtilsThread] INFO  pipeline.PipelineStateManager (PipelineStateManager.java:addPipeline(56)) - Created pipeline Pipeline[ Id: 204b841a-f9cd-4e2b-b871-6ec6b991f7c6, Nodes: ca787d9a-54ae-4c30-9573-1f3ad278257b{ip: 192.168.157.205, host: pr-hdds-1927-n56ck-2550958449, networkLocation: /default-rack, certSerialId: null}, Type:RATIS, Factor:ONE, State:OPEN]
2019-08-20 19:24:47,952 [grpc-default-executor-2] INFO  impl.RaftServerProxy (RaftServerProxy.java:addNew(89)) - 261f2ceb-ac32-4ba4-817a-4ff79bcf4fe2: addNew group-03D39BA76A7E:[261f2ceb-ac32-4ba4-817a-4ff79bcf4fe2:192.168.157.205:41126, c86707b4-b48a-47cd-ae4d-9b9fecb37bc8:192.168.157.205:38537, ca787d9a-54ae-4c30-9573-1f3ad278257b:192.168.157.205:38551] returns group-03D39BA76A7E:java.util.concurrent.CompletableFuture@7bab6f77[Not completed]
2019-08-20 19:24:47,952 [grpc-default-executor-1] INFO  impl.RaftServerProxy (RaftServerProxy.java:addNew(89)) - ca787d9a-54ae-4c30-9573-1f3ad278257b: addNew group-03D39BA76A7E:[261f2ceb-ac32-4ba4-817a-4ff79bcf4fe2:192.168.157.205:41126, c86707b4-b48a-47cd-ae4d-9b9fecb37bc8:192.168.157.205:38537, ca787d9a-54ae-4c30-9573-1f3ad278257b:192.168.157.205:38551] returns group-03D39BA76A7E:java.util.concurrent.CompletableFuture@5fc95c6e[Not completed]
2019-08-20 19:24:47,952 [grpc-default-executor-3] INFO  impl.RaftServerProxy (RaftServerProxy.java:addNew(89)) - c86707b4-b48a-47cd-ae4d-9b9fecb37bc8: addNew group-03D39BA76A7E:[261f2ceb-ac32-4ba4-817a-4ff79bcf4fe2:192.168.157.205:41126, c86707b4-b48a-47cd-ae4d-9b9fecb37bc8:192.168.157.205:38537, ca787d9a-54ae-4c30-9573-1f3ad278257b:192.168.157.205:38551] returns group-03D39BA76A7E:java.util.concurrent.CompletableFuture@d4f3bcb[Not completed]
2019-08-20 19:24:47,954 [pool-170-thread-1] INFO  impl.RaftServerImpl (RaftServerImpl.java:<init>(93)) - 261f2ceb-ac32-4ba4-817a-4ff79bcf4fe2: new RaftServerImpl for group-03D39BA76A7E:[261f2ceb-ac32-4ba4-817a-4ff79bcf4fe2:192.168.157.205:41126, c86707b4-b48a-47cd-ae4d-9b9fecb37bc8:192.168.157.205:38537, ca787d9a-54ae-4c30-9573-1f3ad278257b:192.168.157.205:38551] with ContainerStateMachine:uninitialized
2019-08-20 19:24:47,954 [pool-170-thread-1] INFO  server.RaftServerConfigKeys (ConfUtils.java:logGet(43)) - raft.server.rpc.timeout.min = 5s (custom)
2019-08-20 19:24:47,954 [pool-170-thread-1] INFO  server.RaftServerConfigKeys (ConfUtils.java:logGet(43)) - raft.server.rpc.timeout.max = 5200ms (custom)
2019-08-20 19:24:47,954 [pool-170-thread-1] INFO  server.RaftServerConfigKeys (ConfUtils.java:logGet(43)) - raft.server.rpcslowness.timeout = 120s (custom)
2019-08-20 19:24:47,955 [pool-170-thread-1] INFO  server.RaftServerConfigKeys (ConfUtils.java:logGet(43)) - raft.server.sleep.deviation.threshold = 300 (default)
2019-08-20 19:24:47,955 [pool-170-thread-1] INFO  server.RaftServerConfigKeys (ConfUtils.java:logGet(43)) - raft.server.log.appender.install.snapshot.enabled = false (custom)
2019-08-20 19:24:47,955 [pool-159-thread-1] INFO  impl.RaftServerImpl (RaftServerImpl.java:<init>(93)) - c86707b4-b48a-47cd-ae4d-9b9fecb37bc8: new RaftServerImpl for group-03D39BA76A7E:[261f2ceb-ac32-4ba4-817a-4ff79bcf4fe2:192.168.157.205:41126, c86707b4-b48a-47cd-ae4d-9b9fecb37bc8:192.168.157.205:38537, ca787d9a-54ae-4c30-9573-1f3ad278257b:192.168.157.205:38551] with ContainerStateMachine:uninitialized
2019-08-20 19:24:47,955 [pool-170-thread-1] INFO  impl.RaftServerImpl (ServerState.java:<init>(105)) - 261f2ceb-ac32-4ba4-817a-4ff79bcf4fe2:group-03D39BA76A7E ConfigurationManager, init=-1: [261f2ceb-ac32-4ba4-817a-4ff79bcf4fe2:192.168.157.205:41126, c86707b4-b48a-47cd-ae4d-9b9fecb37bc8:192.168.157.205:38537, ca787d9a-54ae-4c30-9573-1f3ad278257b:192.168.157.205:38551], old=null, confs=<EMPTY_MAP>
2019-08-20 19:24:47,955 [pool-159-thread-1] INFO  server.RaftServerConfigKeys (ConfUtils.java:logGet(43)) - raft.server.rpc.timeout.min = 5s (custom)
2019-08-20 19:24:47,955 [pool-170-thread-1] INFO  server.RaftServerConfigKeys (ConfUtils.java:logGet(43)) - raft.server.storage.dir = [/workdir/hadoop-ozone/integration-test/target/test-dir/MiniOzoneClusterImpl-c83b9401-1b06-4086-9e2d-44809f408d3d/datanode-4/data/ratis] (custom)
2019-08-20 19:24:47,955 [pool-159-thread-1] INFO  server.RaftServerConfigKeys (ConfUtils.java:logGet(43)) - raft.server.rpc.timeout.max = 5200ms (custom)
2019-08-20 19:24:47,956 [pool-159-thread-1] INFO  server.RaftServerConfigKeys (ConfUtils.java:logGet(43)) - raft.server.rpcslowness.timeout = 120s (custom)
2019-08-20 19:24:47,956 [pool-159-thread-1] INFO  server.RaftServerConfigKeys (ConfUtils.java:logGet(43)) - raft.server.sleep.deviation.threshold = 300 (default)
2019-08-20 19:24:47,956 [pool-181-thread-1] INFO  impl.RaftServerImpl (RaftServerImpl.java:<init>(93)) - ca787d9a-54ae-4c30-9573-1f3ad278257b: new RaftServerImpl for group-03D39BA76A7E:[261f2ceb-ac32-4ba4-817a-4ff79bcf4fe2:192.168.157.205:41126, c86707b4-b48a-47cd-ae4d-9b9fecb37bc8:192.168.157.205:38537, ca787d9a-54ae-4c30-9573-1f3ad278257b:192.168.157.205:38551] with ContainerStateMachine:uninitialized
2019-08-20 19:24:47,956 [pool-170-thread-1] INFO  storage.RaftStorageDirectory (RaftStorageDirectory.java:analyzeStorage(246)) - The storage directory /workdir/hadoop-ozone/integration-test/target/test-dir/MiniOzoneClusterImpl-c83b9401-1b06-4086-9e2d-44809f408d3d/datanode-4/data/ratis/bb36ead3-8b26-442d-bf8e-03d39ba76a7e does not exist. Creating ...
2019-08-20 19:24:47,956 [pool-181-thread-1] INFO  server.RaftServerConfigKeys (ConfUtils.java:logGet(43)) - raft.server.rpc.timeout.min = 5s (custom)
2019-08-20 19:24:47,956 [pool-159-thread-1] INFO  server.RaftServerConfigKeys (ConfUtils.java:logGet(43)) - raft.server.log.appender.install.snapshot.enabled = false (custom)
2019-08-20 19:24:47,956 [pool-181-thread-1] INFO  server.RaftServerConfigKeys (ConfUtils.java:logGet(43)) - raft.server.rpc.timeout.max = 5200ms (custom)
2019-08-20 19:24:47,957 [pool-159-thread-1] INFO  impl.RaftServerImpl (ServerState.java:<init>(105)) - c86707b4-b48a-47cd-ae4d-9b9fecb37bc8:group-03D39BA76A7E ConfigurationManager, init=-1: [261f2ceb-ac32-4ba4-817a-4ff79bcf4fe2:192.168.157.205:41126, c86707b4-b48a-47cd-ae4d-9b9fecb37bc8:192.168.157.205:38537, ca787d9a-54ae-4c30-9573-1f3ad278257b:192.168.157.205:38551], old=null, confs=<EMPTY_MAP>
2019-08-20 19:24:47,957 [pool-181-thread-1] INFO  server.RaftServerConfigKeys (ConfUtils.java:logGet(43)) - raft.server.rpcslowness.timeout = 120s (custom)
2019-08-20 19:24:47,957 [pool-159-thread-1] INFO  server.RaftServerConfigKeys (ConfUtils.java:logGet(43)) - raft.server.storage.dir = [/workdir/hadoop-ozone/integration-test/target/test-dir/MiniOzoneClusterImpl-c83b9401-1b06-4086-9e2d-44809f408d3d/datanode-3/data/ratis] (custom)
2019-08-20 19:24:47,957 [pool-181-thread-1] INFO  server.RaftServerConfigKeys (ConfUtils.java:logGet(43)) - raft.server.sleep.deviation.threshold = 300 (default)
2019-08-20 19:24:47,957 [pool-181-thread-1] INFO  server.RaftServerConfigKeys (ConfUtils.java:logGet(43)) - raft.server.log.appender.install.snapshot.enabled = false (custom)
2019-08-20 19:24:47,957 [pool-181-thread-1] INFO  impl.RaftServerImpl (ServerState.java:<init>(105)) - ca787d9a-54ae-4c30-9573-1f3ad278257b:group-03D39BA76A7E ConfigurationManager, init=-1: [261f2ceb-ac32-4ba4-817a-4ff79bcf4fe2:192.168.157.205:41126, c86707b4-b48a-47cd-ae4d-9b9fecb37bc8:192.168.157.205:38537, ca787d9a-54ae-4c30-9573-1f3ad278257b:192.168.157.205:38551], old=null, confs=<EMPTY_MAP>
2019-08-20 19:24:47,957 [pool-159-thread-1] INFO  storage.RaftStorageDirectory (RaftStorageDirectory.java:analyzeStorage(246)) - The storage directory /workdir/hadoop-ozone/integration-test/target/test-dir/MiniOzoneClusterImpl-c83b9401-1b06-4086-9e2d-44809f408d3d/datanode-3/data/ratis/bb36ead3-8b26-442d-bf8e-03d39ba76a7e does not exist. Creating ...
2019-08-20 19:24:47,958 [pool-181-thread-1] INFO  server.RaftServerConfigKeys (ConfUtils.java:logGet(43)) - raft.server.storage.dir = [/workdir/hadoop-ozone/integration-test/target/test-dir/MiniOzoneClusterImpl-c83b9401-1b06-4086-9e2d-44809f408d3d/datanode-5/data/ratis] (custom)
2019-08-20 19:24:47,958 [pool-181-thread-1] INFO  storage.RaftStorageDirectory (RaftStorageDirectory.java:analyzeStorage(246)) - The storage directory /workdir/hadoop-ozone/integration-test/target/test-dir/MiniOzoneClusterImpl-c83b9401-1b06-4086-9e2d-44809f408d3d/datanode-5/data/ratis/bb36ead3-8b26-442d-bf8e-03d39ba76a7e does not exist. Creating ...
2019-08-20 19:24:47,969 [pool-170-thread-1] INFO  storage.RaftStorageDirectory (RaftStorageDirectory.java:tryLock(328)) - Lock on /workdir/hadoop-ozone/integration-test/target/test-dir/MiniOzoneClusterImpl-c83b9401-1b06-4086-9e2d-44809f408d3d/datanode-4/data/ratis/bb36ead3-8b26-442d-bf8e-03d39ba76a7e/in_use.lock acquired by nodename 1079@pr-hdds-1927-n56ck-2550958449
2019-08-20 19:24:47,969 [pool-181-thread-1] INFO  storage.RaftStorageDirectory (RaftStorageDirectory.java:tryLock(328)) - Lock on /workdir/hadoop-ozone/integration-test/target/test-dir/MiniOzoneClusterImpl-c83b9401-1b06-4086-9e2d-44809f408d3d/datanode-5/data/ratis/bb36ead3-8b26-442d-bf8e-03d39ba76a7e/in_use.lock acquired by nodename 1079@pr-hdds-1927-n56ck-2550958449
2019-08-20 19:24:47,969 [pool-159-thread-1] INFO  storage.RaftStorageDirectory (RaftStorageDirectory.java:tryLock(328)) - Lock on /workdir/hadoop-ozone/integration-test/target/test-dir/MiniOzoneClusterImpl-c83b9401-1b06-4086-9e2d-44809f408d3d/datanode-3/data/ratis/bb36ead3-8b26-442d-bf8e-03d39ba76a7e/in_use.lock acquired by nodename 1079@pr-hdds-1927-n56ck-2550958449
2019-08-20 19:24:47,983 [pool-159-thread-1] INFO  storage.RaftStorage (RaftStorage.java:format(72)) - Storage directory /workdir/hadoop-ozone/integration-test/target/test-dir/MiniOzoneClusterImpl-c83b9401-1b06-4086-9e2d-44809f408d3d/datanode-3/data/ratis/bb36ead3-8b26-442d-bf8e-03d39ba76a7e has been successfully formatted.
2019-08-20 19:24:47,983 [pool-170-thread-1] INFO  storage.RaftStorage (RaftStorage.java:format(72)) - Storage directory /workdir/hadoop-ozone/integration-test/target/test-dir/MiniOzoneClusterImpl-c83b9401-1b06-4086-9e2d-44809f408d3d/datanode-4/data/ratis/bb36ead3-8b26-442d-bf8e-03d39ba76a7e has been successfully formatted.
2019-08-20 19:24:47,983 [pool-181-thread-1] INFO  storage.RaftStorage (RaftStorage.java:format(72)) - Storage directory /workdir/hadoop-ozone/integration-test/target/test-dir/MiniOzoneClusterImpl-c83b9401-1b06-4086-9e2d-44809f408d3d/datanode-5/data/ratis/bb36ead3-8b26-442d-bf8e-03d39ba76a7e has been successfully formatted.
2019-08-20 19:24:47,983 [pool-170-thread-1] INFO  ratis.ContainerStateMachine (ContainerStateMachine.java:loadSnapshot(222)) - group-03D39BA76A7E: The snapshot info is null. Setting the last applied indexto:(t:0, i:~)
2019-08-20 19:24:47,983 [pool-159-thread-1] INFO  ratis.ContainerStateMachine (ContainerStateMachine.java:loadSnapshot(222)) - group-03D39BA76A7E: The snapshot info is null. Setting the last applied indexto:(t:0, i:~)
2019-08-20 19:24:47,984 [pool-181-thread-1] INFO  ratis.ContainerStateMachine (ContainerStateMachine.java:loadSnapshot(222)) - group-03D39BA76A7E: The snapshot info is null. Setting the last applied indexto:(t:0, i:~)
2019-08-20 19:24:47,984 [pool-159-thread-1] INFO  server.RaftServerConfigKeys (ConfUtils.java:logGet(43)) - raft.server.leader.election.timeout = 120s (custom)
2019-08-20 19:24:47,984 [pool-170-thread-1] INFO  server.RaftServerConfigKeys (ConfUtils.java:logGet(43)) - raft.server.leader.election.timeout = 120s (custom)
2019-08-20 19:24:47,984 [pool-159-thread-1] INFO  server.RaftServerConfigKeys (ConfUtils.java:logGet(43)) - raft.server.log.use.memory = false (default)
2019-08-20 19:24:47,984 [pool-181-thread-1] INFO  server.RaftServerConfigKeys (ConfUtils.java:logGet(43)) - raft.server.leader.election.timeout = 120s (custom)
2019-08-20 19:24:47,984 [pool-159-thread-1] INFO  server.RaftServerConfigKeys (ConfUtils.java:logGet(43)) - raft.server.log.purge.gap = 1000000 (custom)
2019-08-20 19:24:47,984 [pool-170-thread-1] INFO  server.RaftServerConfigKeys (ConfUtils.java:logGet(43)) - raft.server.log.use.memory = false (default)
2019-08-20 19:24:47,984 [pool-159-thread-1] INFO  server.RaftServerConfigKeys (ConfUtils.java:logGet(43)) - raft.server.log.appender.buffer.byte-limit = 33554432 (custom)
2019-08-20 19:24:47,984 [pool-181-thread-1] INFO  server.RaftServerConfigKeys (ConfUtils.java:logGet(43)) - raft.server.log.use.memory = false (default)
2019-08-20 19:24:47,985 [pool-159-thread-1] INFO  server.RaftServerConfigKeys (ConfUtils.java:logGet(43)) - raft.server.log.segment.size.max = 1048576 (custom)
2019-08-20 19:24:47,985 [pool-170-thread-1] INFO  server.RaftServerConfigKeys (ConfUtils.java:logGet(43)) - raft.server.log.purge.gap = 1000000 (custom)
2019-08-20 19:24:47,985 [pool-159-thread-1] INFO  server.RaftServerConfigKeys (ConfUtils.java:logGet(43)) - raft.server.log.segment.cache.num.max = 2 (custom)
2019-08-20 19:24:47,985 [pool-181-thread-1] INFO  server.RaftServerConfigKeys (ConfUtils.java:logGet(43)) - raft.server.log.purge.gap = 1000000 (custom)
2019-08-20 19:24:47,985 [pool-159-thread-1] INFO  segmented.SegmentedRaftLogWorker (SegmentedRaftLogWorker.java:<init>(172)) - new c86707b4-b48a-47cd-ae4d-9b9fecb37bc8-SegmentedRaftLogWorker:Storage Directory /workdir/hadoop-ozone/integration-test/target/test-dir/MiniOzoneClusterImpl-c83b9401-1b06-4086-9e2d-44809f408d3d/datanode-3/data/ratis/bb36ead3-8b26-442d-bf8e-03d39ba76a7e for RaftStorage:Storage Directory /workdir/hadoop-ozone/integration-test/target/test-dir/MiniOzoneClusterImpl-c83b9401-1b06-4086-9e2d-44809f408d3d/datanode-3/data/ratis/bb36ead3-8b26-442d-bf8e-03d39ba76a7e
2019-08-20 19:24:47,985 [pool-170-thread-1] INFO  server.RaftServerConfigKeys (ConfUtils.java:logGet(43)) - raft.server.log.appender.buffer.byte-limit = 33554432 (custom)
2019-08-20 19:24:47,986 [pool-159-thread-1] INFO  server.RaftServerConfigKeys (ConfUtils.java:logGet(43)) - raft.server.log.queue.byte-limit = 2147483647 (custom)
2019-08-20 19:24:47,985 [pool-181-thread-1] INFO  server.RaftServerConfigKeys (ConfUtils.java:logGet(43)) - raft.server.log.appender.buffer.byte-limit = 33554432 (custom)
2019-08-20 19:24:47,986 [pool-159-thread-1] INFO  server.RaftServerConfigKeys (ConfUtils.java:logGet(43)) - raft.server.log.queue.element-limit = 1024 (custom)
2019-08-20 19:24:47,986 [pool-170-thread-1] INFO  server.RaftServerConfigKeys (ConfUtils.java:logGet(43)) - raft.server.log.segment.size.max = 1048576 (custom)
2019-08-20 19:24:47,986 [pool-159-thread-1] INFO  server.RaftServerConfigKeys (ConfUtils.java:logGet(43)) - raft.server.log.segment.size.max = 1048576 (custom)
2019-08-20 19:24:47,986 [pool-181-thread-1] INFO  server.RaftServerConfigKeys (ConfUtils.java:logGet(43)) - raft.server.log.segment.size.max = 1048576 (custom)
2019-08-20 19:24:47,986 [pool-159-thread-1] INFO  server.RaftServerConfigKeys (ConfUtils.java:logGet(43)) - raft.server.log.preallocated.size = 16384 (custom)
2019-08-20 19:24:47,987 [pool-159-thread-1] INFO  server.RaftServerConfigKeys (ConfUtils.java:logGet(43)) - raft.server.log.write.buffer.size = 33554432 (custom)
2019-08-20 19:24:47,986 [pool-170-thread-1] INFO  server.RaftServerConfigKeys (ConfUtils.java:logGet(43)) - raft.server.log.segment.cache.num.max = 2 (custom)
2019-08-20 19:24:47,987 [pool-159-thread-1] INFO  server.RaftServerConfigKeys (ConfUtils.java:logGet(43)) - raft.server.log.force.sync.num = 128 (default)
2019-08-20 19:24:47,987 [pool-181-thread-1] INFO  server.RaftServerConfigKeys (ConfUtils.java:logGet(43)) - raft.server.log.segment.cache.num.max = 2 (custom)
2019-08-20 19:24:47,987 [pool-159-thread-1] INFO  server.RaftServerConfigKeys (ConfUtils.java:logGet(43)) - raft.server.log.statemachine.data.sync = true (default)
2019-08-20 19:24:47,987 [pool-170-thread-1] INFO  segmented.SegmentedRaftLogWorker (SegmentedRaftLogWorker.java:<init>(172)) - new 261f2ceb-ac32-4ba4-817a-4ff79bcf4fe2-SegmentedRaftLogWorker:Storage Directory /workdir/hadoop-ozone/integration-test/target/test-dir/MiniOzoneClusterImpl-c83b9401-1b06-4086-9e2d-44809f408d3d/datanode-4/data/ratis/bb36ead3-8b26-442d-bf8e-03d39ba76a7e for RaftStorage:Storage Directory /workdir/hadoop-ozone/integration-test/target/test-dir/MiniOzoneClusterImpl-c83b9401-1b06-4086-9e2d-44809f408d3d/datanode-4/data/ratis/bb36ead3-8b26-442d-bf8e-03d39ba76a7e
2019-08-20 19:24:47,987 [pool-159-thread-1] INFO  server.RaftServerConfigKeys (ConfUtils.java:logGet(43)) - raft.server.log.statemachine.data.sync.timeout = 10s (default)
2019-08-20 19:24:47,987 [pool-181-thread-1] INFO  segmented.SegmentedRaftLogWorker (SegmentedRaftLogWorker.java:<init>(172)) - new ca787d9a-54ae-4c30-9573-1f3ad278257b-SegmentedRaftLogWorker:Storage Directory /workdir/hadoop-ozone/integration-test/target/test-dir/MiniOzoneClusterImpl-c83b9401-1b06-4086-9e2d-44809f408d3d/datanode-5/data/ratis/bb36ead3-8b26-442d-bf8e-03d39ba76a7e for RaftStorage:Storage Directory /workdir/hadoop-ozone/integration-test/target/test-dir/MiniOzoneClusterImpl-c83b9401-1b06-4086-9e2d-44809f408d3d/datanode-5/data/ratis/bb36ead3-8b26-442d-bf8e-03d39ba76a7e
2019-08-20 19:24:47,988 [pool-159-thread-1] INFO  server.RaftServerConfigKeys (ConfUtils.java:logGet(43)) - raft.server.log.statemachine.data.sync.timeout.retry = -1 (default)
2019-08-20 19:24:47,987 [pool-170-thread-1] INFO  server.RaftServerConfigKeys (ConfUtils.java:logGet(43)) - raft.server.log.queue.byte-limit = 2147483647 (custom)
2019-08-20 19:24:47,988 [pool-159-thread-1] INFO  server.RaftServerConfigKeys (ConfUtils.java:logGet(43)) - raft.server.log.statemachine.data.caching.enabled = true (custom)
2019-08-20 19:24:47,988 [pool-181-thread-1] INFO  server.RaftServerConfigKeys (ConfUtils.java:logGet(43)) - raft.server.log.queue.byte-limit = 2147483647 (custom)
2019-08-20 19:24:47,988 [pool-170-thread-1] INFO  server.RaftServerConfigKeys (ConfUtils.java:logGet(43)) - raft.server.log.queue.element-limit = 1024 (custom)
2019-08-20 19:24:47,988 [pool-159-thread-1] INFO  segmented.SegmentedRaftLogWorker (SegmentedRaftLogWorker.java:lambda$new$0(132)) - c86707b4-b48a-47cd-ae4d-9b9fecb37bc8-SegmentedRaftLogWorker:Storage Directory /workdir/hadoop-ozone/integration-test/target/test-dir/MiniOzoneClusterImpl-c83b9401-1b06-4086-9e2d-44809f408d3d/datanode-3/data/ratis/bb36ead3-8b26-442d-bf8e-03d39ba76a7e: flushIndex: setUnconditionally 0 -> -1
2019-08-20 19:24:47,988 [pool-181-thread-1] INFO  server.RaftServerConfigKeys (ConfUtils.java:logGet(43)) - raft.server.log.queue.element-limit = 1024 (custom)
2019-08-20 19:24:47,988 [pool-170-thread-1] INFO  server.RaftServerConfigKeys (ConfUtils.java:logGet(43)) - raft.server.log.segment.size.max = 1048576 (custom)
2019-08-20 19:24:47,989 [pool-159-thread-1] INFO  server.RaftServerConfigKeys (ConfUtils.java:logGet(43)) - raft.server.snapshot.auto.trigger.enabled = true (custom)
2019-08-20 19:24:47,989 [pool-181-thread-1] INFO  server.RaftServerConfigKeys (ConfUtils.java:logGet(43)) - raft.server.log.segment.size.max = 1048576 (custom)
2019-08-20 19:24:47,989 [pool-159-thread-1] INFO  server.RaftServerConfigKeys (ConfUtils.java:logGet(43)) - raft.server.snapshot.auto.trigger.threshold = 10000 (custom)
2019-08-20 19:24:47,989 [pool-170-thread-1] INFO  server.RaftServerConfigKeys (ConfUtils.java:logGet(43)) - raft.server.log.preallocated.size = 16384 (custom)
2019-08-20 19:24:47,989 [pool-159-thread-1] INFO  server.RaftServerConfigKeys (ConfUtils.java:logGet(43)) - raft.server.retrycache.expirytime = 600000ms (custom)
2019-08-20 19:24:47,989 [pool-181-thread-1] INFO  server.RaftServerConfigKeys (ConfUtils.java:logGet(43)) - raft.server.log.preallocated.size = 16384 (custom)
2019-08-20 19:24:47,989 [pool-159-thread-1] INFO  impl.RaftServerImpl (RaftServerImpl.java:start(180)) - c86707b4-b48a-47cd-ae4d-9b9fecb37bc8: start group-03D39BA76A7E
2019-08-20 19:24:47,989 [pool-170-thread-1] INFO  server.RaftServerConfigKeys (ConfUtils.java:logGet(43)) - raft.server.log.write.buffer.size = 33554432 (custom)
2019-08-20 19:24:47,990 [pool-159-thread-1] INFO  impl.RaftServerImpl (RaftServerImpl.java:setRole(171)) - c86707b4-b48a-47cd-ae4d-9b9fecb37bc8:group-03D39BA76A7E changes role from null to FOLLOWER at term 0 for startAsFollower
2019-08-20 19:24:47,990 [pool-181-thread-1] INFO  server.RaftServerConfigKeys (ConfUtils.java:logGet(43)) - raft.server.log.write.buffer.size = 33554432 (custom)
2019-08-20 19:24:47,990 [pool-159-thread-1] INFO  impl.RoleInfo (RoleInfo.java:updateAndGet(143)) - c86707b4-b48a-47cd-ae4d-9b9fecb37bc8: start FollowerState
2019-08-20 19:24:47,990 [pool-170-thread-1] INFO  server.RaftServerConfigKeys (ConfUtils.java:logGet(43)) - raft.server.log.force.sync.num = 128 (default)
2019-08-20 19:24:47,990 [pool-181-thread-1] INFO  server.RaftServerConfigKeys (ConfUtils.java:logGet(43)) - raft.server.log.force.sync.num = 128 (default)
2019-08-20 19:24:47,990 [pool-170-thread-1] INFO  server.RaftServerConfigKeys (ConfUtils.java:logGet(43)) - raft.server.log.statemachine.data.sync = true (default)
2019-08-20 19:24:47,990 [pool-181-thread-1] INFO  server.RaftServerConfigKeys (ConfUtils.java:logGet(43)) - raft.server.log.statemachine.data.sync = true (default)
2019-08-20 19:24:47,990 [pool-159-thread-1] INFO  util.JmxRegister (JmxRegister.java:tryRegister(44)) - Successfully registered JMX Bean with object name Ratis:service=RaftServer,group=group-03D39BA76A7E,id=c86707b4-b48a-47cd-ae4d-9b9fecb37bc8
2019-08-20 19:24:47,991 [pool-181-thread-1] INFO  server.RaftServerConfigKeys (ConfUtils.java:logGet(43)) - raft.server.log.statemachine.data.sync.timeout = 10s (default)
2019-08-20 19:24:47,991 [pool-170-thread-1] INFO  server.RaftServerConfigKeys (ConfUtils.java:logGet(43)) - raft.server.log.statemachine.data.sync.timeout = 10s (default)
2019-08-20 19:24:47,991 [pool-181-thread-1] INFO  server.RaftServerConfigKeys (ConfUtils.java:logGet(43)) - raft.server.log.statemachine.data.sync.timeout.retry = -1 (default)
2019-08-20 19:24:47,991 [pool-170-thread-1] INFO  server.RaftServerConfigKeys (ConfUtils.java:logGet(43)) - raft.server.log.statemachine.data.sync.timeout.retry = -1 (default)
2019-08-20 19:24:47,991 [pool-181-thread-1] INFO  server.RaftServerConfigKeys (ConfUtils.java:logGet(43)) - raft.server.log.statemachine.data.caching.enabled = true (custom)
2019-08-20 19:24:47,991 [pool-170-thread-1] INFO  server.RaftServerConfigKeys (ConfUtils.java:logGet(43)) - raft.server.log.statemachine.data.caching.enabled = true (custom)
2019-08-20 19:24:47,992 [pool-181-thread-1] INFO  segmented.SegmentedRaftLogWorker (SegmentedRaftLogWorker.java:lambda$new$0(132)) - ca787d9a-54ae-4c30-9573-1f3ad278257b-SegmentedRaftLogWorker:Storage Directory /workdir/hadoop-ozone/integration-test/target/test-dir/MiniOzoneClusterImpl-c83b9401-1b06-4086-9e2d-44809f408d3d/datanode-5/data/ratis/bb36ead3-8b26-442d-bf8e-03d39ba76a7e: flushIndex: setUnconditionally 0 -> -1
2019-08-20 19:24:47,992 [pool-170-thread-1] INFO  segmented.SegmentedRaftLogWorker (SegmentedRaftLogWorker.java:lambda$new$0(132)) - 261f2ceb-ac32-4ba4-817a-4ff79bcf4fe2-SegmentedRaftLogWorker:Storage Directory /workdir/hadoop-ozone/integration-test/target/test-dir/MiniOzoneClusterImpl-c83b9401-1b06-4086-9e2d-44809f408d3d/datanode-4/data/ratis/bb36ead3-8b26-442d-bf8e-03d39ba76a7e: flushIndex: setUnconditionally 0 -> -1
2019-08-20 19:24:47,992 [pool-181-thread-1] INFO  server.RaftServerConfigKeys (ConfUtils.java:logGet(43)) - raft.server.snapshot.auto.trigger.enabled = true (custom)
2019-08-20 19:24:47,992 [pool-170-thread-1] INFO  server.RaftServerConfigKeys (ConfUtils.java:logGet(43)) - raft.server.snapshot.auto.trigger.enabled = true (custom)
2019-08-20 19:24:47,992 [pool-181-thread-1] INFO  server.RaftServerConfigKeys (ConfUtils.java:logGet(43)) - raft.server.snapshot.auto.trigger.threshold = 10000 (custom)
2019-08-20 19:24:47,992 [pool-170-thread-1] INFO  server.RaftServerConfigKeys (ConfUtils.java:logGet(43)) - raft.server.snapshot.auto.trigger.threshold = 10000 (custom)
2019-08-20 19:24:47,993 [pool-181-thread-1] INFO  server.RaftServerConfigKeys (ConfUtils.java:logGet(43)) - raft.server.retrycache.expirytime = 600000ms (custom)
2019-08-20 19:24:47,993 [pool-170-thread-1] INFO  server.RaftServerConfigKeys (ConfUtils.java:logGet(43)) - raft.server.retrycache.expirytime = 600000ms (custom)
2019-08-20 19:24:47,993 [pool-181-thread-1] INFO  impl.RaftServerImpl (RaftServerImpl.java:start(180)) - ca787d9a-54ae-4c30-9573-1f3ad278257b: start group-03D39BA76A7E
2019-08-20 19:24:47,993 [pool-170-thread-1] INFO  impl.RaftServerImpl (RaftServerImpl.java:start(180)) - 261f2ceb-ac32-4ba4-817a-4ff79bcf4fe2: start group-03D39BA76A7E
2019-08-20 19:24:47,993 [pool-181-thread-1] INFO  impl.RaftServerImpl (RaftServerImpl.java:setRole(171)) - ca787d9a-54ae-4c30-9573-1f3ad278257b:group-03D39BA76A7E changes role from null to FOLLOWER at term 0 for startAsFollower
2019-08-20 19:24:47,993 [pool-170-thread-1] INFO  impl.RaftServerImpl (RaftServerImpl.java:setRole(171)) - 261f2ceb-ac32-4ba4-817a-4ff79bcf4fe2:group-03D39BA76A7E changes role from null to FOLLOWER at term 0 for startAsFollower
2019-08-20 19:24:47,993 [pool-181-thread-1] INFO  impl.RoleInfo (RoleInfo.java:updateAndGet(143)) - ca787d9a-54ae-4c30-9573-1f3ad278257b: start FollowerState
2019-08-20 19:24:47,994 [pool-170-thread-1] INFO  impl.RoleInfo (RoleInfo.java:updateAndGet(143)) - 261f2ceb-ac32-4ba4-817a-4ff79bcf4fe2: start FollowerState
2019-08-20 19:24:47,994 [pool-181-thread-1] INFO  util.JmxRegister (JmxRegister.java:tryRegister(44)) - Successfully registered JMX Bean with object name Ratis:service=RaftServer,group=group-03D39BA76A7E,id=ca787d9a-54ae-4c30-9573-1f3ad278257b
2019-08-20 19:24:47,994 [pool-170-thread-1] INFO  util.JmxRegister (JmxRegister.java:tryRegister(44)) - Successfully registered JMX Bean with object name Ratis:service=RaftServer,group=group-03D39BA76A7E,id=261f2ceb-ac32-4ba4-817a-4ff79bcf4fe2
2019-08-20 19:24:47,997 [RatisPipelineUtilsThread] INFO  pipeline.PipelineStateManager (PipelineStateManager.java:addPipeline(56)) - Created pipeline Pipeline[ Id: bb36ead3-8b26-442d-bf8e-03d39ba76a7e, Nodes: 261f2ceb-ac32-4ba4-817a-4ff79bcf4fe2{ip: 192.168.157.205, host: pr-hdds-1927-n56ck-2550958449, networkLocation: /default-rack, certSerialId: null}ca787d9a-54ae-4c30-9573-1f3ad278257b{ip: 192.168.157.205, host: pr-hdds-1927-n56ck-2550958449, networkLocation: /default-rack, certSerialId: null}c86707b4-b48a-47cd-ae4d-9b9fecb37bc8{ip: 192.168.157.205, host: pr-hdds-1927-n56ck-2550958449, networkLocation: /default-rack, certSerialId: null}, Type:RATIS, Factor:THREE, State:OPEN]
2019-08-20 19:24:48,042 [IPC Server handler 2 on 43845] INFO  net.NetworkTopology (NetworkTopologyImpl.java:add(110)) - Added a new node: /default-rack/e9a67988-5972-48d3-82ec-24bac939e4cd
2019-08-20 19:24:48,042 [main] INFO  ozone.MiniOzoneClusterImpl (MiniOzoneClusterImpl.java:lambda$waitForClusterToBeReady$0(142)) - Cluster is ready. Got 7 of 7 DN Heartbeats.
2019-08-20 19:24:48,042 [IPC Server handler 2 on 43845] INFO  node.SCMNodeManager (SCMNodeManager.java:register(273)) - Registered Data node : e9a67988-5972-48d3-82ec-24bac939e4cd{ip: 192.168.157.205, host: pr-hdds-1927-n56ck-2550958449, networkLocation: /default-rack, certSerialId: null}
2019-08-20 19:24:48,043 | INFO  | SCMAudit | user=jenkins1000 | ip=192.168.157.205 | op=REGISTER {datanodeDetails=e9a67988-5972-48d3-82ec-24bac939e4cd{ip: 192.168.157.205, host: pr-hdds-1927-n56ck-2550958449, networkLocation: /default-rack, certSerialId: null}} | ret=SUCCESS |  
2019-08-20 19:24:48,063 [grpc-default-executor-1] INFO  impl.RaftServerProxy (RaftServerProxy.java:addNew(89)) - e9a67988-5972-48d3-82ec-24bac939e4cd: addNew group-411516AA4F03:[e9a67988-5972-48d3-82ec-24bac939e4cd:192.168.157.205:41146] returns group-411516AA4F03:java.util.concurrent.CompletableFuture@1dc40979[Not completed]
2019-08-20 19:24:48,085 [pool-192-thread-1] INFO  impl.RaftServerImpl (RaftServerImpl.java:<init>(93)) - e9a67988-5972-48d3-82ec-24bac939e4cd: new RaftServerImpl for group-411516AA4F03:[e9a67988-5972-48d3-82ec-24bac939e4cd:192.168.157.205:41146] with ContainerStateMachine:uninitialized
2019-08-20 19:24:48,086 [pool-192-thread-1] INFO  server.RaftServerConfigKeys (ConfUtils.java:logGet(43)) - raft.server.rpc.timeout.min = 5s (custom)
2019-08-20 19:24:48,086 [pool-192-thread-1] INFO  server.RaftServerConfigKeys (ConfUtils.java:logGet(43)) - raft.server.rpc.timeout.max = 5200ms (custom)
2019-08-20 19:24:48,086 [pool-192-thread-1] INFO  server.RaftServerConfigKeys (ConfUtils.java:logGet(43)) - raft.server.rpcslowness.timeout = 120s (custom)
2019-08-20 19:24:48,090 [pool-192-thread-1] INFO  server.RaftServerConfigKeys (ConfUtils.java:logGet(43)) - raft.server.sleep.deviation.threshold = 300 (default)
2019-08-20 19:24:48,090 [pool-192-thread-1] INFO  server.RaftServerConfigKeys (ConfUtils.java:logGet(43)) - raft.server.log.appender.install.snapshot.enabled = false (custom)
2019-08-20 19:24:48,091 [pool-192-thread-1] INFO  impl.RaftServerImpl (ServerState.java:<init>(105)) - e9a67988-5972-48d3-82ec-24bac939e4cd:group-411516AA4F03 ConfigurationManager, init=-1: [e9a67988-5972-48d3-82ec-24bac939e4cd:192.168.157.205:41146], old=null, confs=<EMPTY_MAP>
2019-08-20 19:24:48,091 [pool-192-thread-1] INFO  server.RaftServerConfigKeys (ConfUtils.java:logGet(43)) - raft.server.storage.dir = [/workdir/hadoop-ozone/integration-test/target/test-dir/MiniOzoneClusterImpl-c83b9401-1b06-4086-9e2d-44809f408d3d/datanode-6/data/ratis] (custom)
2019-08-20 19:24:48,092 [pool-192-thread-1] INFO  storage.RaftStorageDirectory (RaftStorageDirectory.java:analyzeStorage(246)) - The storage directory /workdir/hadoop-ozone/integration-test/target/test-dir/MiniOzoneClusterImpl-c83b9401-1b06-4086-9e2d-44809f408d3d/datanode-6/data/ratis/f7c3cc04-297b-43e4-9e70-411516aa4f03 does not exist. Creating ...
2019-08-20 19:24:48,092 [main] INFO  rpc.RpcClient (RpcClient.java:createVolume(293)) - Creating Volume: testblockoutputstreamwithretries, with jenkins1000 as owner.
2019-08-20 19:24:48,095 | INFO  | OMAudit | user=jenkins1000 | ip=127.0.0.1 | op=CREATE_VOLUME {admin=jenkins1000, owner=jenkins1000, volume=testblockoutputstreamwithretries, creationTime=1566329088094, quotaInBytes=1152921504606846976} | ret=SUCCESS |  
2019-08-20 19:24:48,106 | INFO  | OMAudit | user=jenkins1000 | ip=127.0.0.1 | op=READ_VOLUME {volume=testblockoutputstreamwithretries} | ret=SUCCESS |  
2019-08-20 19:24:48,106 [pool-192-thread-1] INFO  storage.RaftStorageDirectory (RaftStorageDirectory.java:tryLock(328)) - Lock on /workdir/hadoop-ozone/integration-test/target/test-dir/MiniOzoneClusterImpl-c83b9401-1b06-4086-9e2d-44809f408d3d/datanode-6/data/ratis/f7c3cc04-297b-43e4-9e70-411516aa4f03/in_use.lock acquired by nodename 1079@pr-hdds-1927-n56ck-2550958449
2019-08-20 19:24:48,107 [main] INFO  rpc.RpcClient (RpcClient.java:createBucket(432)) - Creating Bucket: testblockoutputstreamwithretries/testblockoutputstreamwithretries, with Versioning false and Storage Type set to DISK and Encryption set to false 
2019-08-20 19:24:48,111 | INFO  | OMAudit | user=jenkins1000 | ip=127.0.0.1 | op=CREATE_BUCKET {volume=testblockoutputstreamwithretries, bucket=testblockoutputstreamwithretries, acls=[user:jenkins1000:a[ACCESS], group:default:a[ACCESS]], isVersionEnabled=false, storageType=DISK, creationTime=0} | ret=SUCCESS |  
2019-08-20 19:24:48,112 | INFO  | OMAudit | user=jenkins1000 | ip=127.0.0.1 | op=READ_VOLUME {volume=testblockoutputstreamwithretries} | ret=SUCCESS |  
2019-08-20 19:24:48,114 | INFO  | OMAudit | user=jenkins1000 | ip=127.0.0.1 | op=READ_BUCKET {volume=testblockoutputstreamwithretries, bucket=testblockoutputstreamwithretries} | ret=SUCCESS |  
2019-08-20 19:24:48,119 [pool-192-thread-1] INFO  storage.RaftStorage (RaftStorage.java:format(72)) - Storage directory /workdir/hadoop-ozone/integration-test/target/test-dir/MiniOzoneClusterImpl-c83b9401-1b06-4086-9e2d-44809f408d3d/datanode-6/data/ratis/f7c3cc04-297b-43e4-9e70-411516aa4f03 has been successfully formatted.
2019-08-20 19:24:48,120 [pool-192-thread-1] INFO  ratis.ContainerStateMachine (ContainerStateMachine.java:loadSnapshot(222)) - group-411516AA4F03: The snapshot info is null. Setting the last applied indexto:(t:0, i:~)
2019-08-20 19:24:48,120 [pool-192-thread-1] INFO  server.RaftServerConfigKeys (ConfUtils.java:logGet(43)) - raft.server.leader.election.timeout = 120s (custom)
2019-08-20 19:24:48,120 [pool-192-thread-1] INFO  server.RaftServerConfigKeys (ConfUtils.java:logGet(43)) - raft.server.log.use.memory = false (default)
2019-08-20 19:24:48,120 [pool-192-thread-1] INFO  server.RaftServerConfigKeys (ConfUtils.java:logGet(43)) - raft.server.log.purge.gap = 1000000 (custom)
2019-08-20 19:24:48,120 [pool-192-thread-1] INFO  server.RaftServerConfigKeys (ConfUtils.java:logGet(43)) - raft.server.log.appender.buffer.byte-limit = 33554432 (custom)
2019-08-20 19:24:48,120 [pool-192-thread-1] INFO  server.RaftServerConfigKeys (ConfUtils.java:logGet(43)) - raft.server.log.segment.size.max = 1048576 (custom)
2019-08-20 19:24:48,121 [pool-192-thread-1] INFO  server.RaftServerConfigKeys (ConfUtils.java:logGet(43)) - raft.server.log.segment.cache.num.max = 2 (custom)
2019-08-20 19:24:48,121 [pool-192-thread-1] INFO  segmented.SegmentedRaftLogWorker (SegmentedRaftLogWorker.java:<init>(172)) - new e9a67988-5972-48d3-82ec-24bac939e4cd-SegmentedRaftLogWorker:Storage Directory /workdir/hadoop-ozone/integration-test/target/test-dir/MiniOzoneClusterImpl-c83b9401-1b06-4086-9e2d-44809f408d3d/datanode-6/data/ratis/f7c3cc04-297b-43e4-9e70-411516aa4f03 for RaftStorage:Storage Directory /workdir/hadoop-ozone/integration-test/target/test-dir/MiniOzoneClusterImpl-c83b9401-1b06-4086-9e2d-44809f408d3d/datanode-6/data/ratis/f7c3cc04-297b-43e4-9e70-411516aa4f03
2019-08-20 19:24:48,121 [pool-192-thread-1] INFO  server.RaftServerConfigKeys (ConfUtils.java:logGet(43)) - raft.server.log.queue.byte-limit = 2147483647 (custom)
2019-08-20 19:24:48,121 [pool-192-thread-1] INFO  server.RaftServerConfigKeys (ConfUtils.java:logGet(43)) - raft.server.log.queue.element-limit = 1024 (custom)
2019-08-20 19:24:48,121 [pool-192-thread-1] INFO  server.RaftServerConfigKeys (ConfUtils.java:logGet(43)) - raft.server.log.segment.size.max = 1048576 (custom)
2019-08-20 19:24:48,122 [pool-192-thread-1] INFO  server.RaftServerConfigKeys (ConfUtils.java:logGet(43)) - raft.server.log.preallocated.size = 16384 (custom)
2019-08-20 19:24:48,122 [pool-192-thread-1] INFO  server.RaftServerConfigKeys (ConfUtils.java:logGet(43)) - raft.server.log.write.buffer.size = 33554432 (custom)
2019-08-20 19:24:48,122 [pool-192-thread-1] INFO  server.RaftServerConfigKeys (ConfUtils.java:logGet(43)) - raft.server.log.force.sync.num = 128 (default)
2019-08-20 19:24:48,122 [pool-192-thread-1] INFO  server.RaftServerConfigKeys (ConfUtils.java:logGet(43)) - raft.server.log.statemachine.data.sync = true (default)
2019-08-20 19:24:48,122 [pool-192-thread-1] INFO  server.RaftServerConfigKeys (ConfUtils.java:logGet(43)) - raft.server.log.statemachine.data.sync.timeout = 10s (default)
2019-08-20 19:24:48,122 [pool-192-thread-1] INFO  server.RaftServerConfigKeys (ConfUtils.java:logGet(43)) - raft.server.log.statemachine.data.sync.timeout.retry = -1 (default)
2019-08-20 19:24:48,123 [pool-192-thread-1] INFO  server.RaftServerConfigKeys (ConfUtils.java:logGet(43)) - raft.server.log.statemachine.data.caching.enabled = true (custom)
2019-08-20 19:24:48,123 [pool-192-thread-1] INFO  segmented.SegmentedRaftLogWorker (SegmentedRaftLogWorker.java:lambda$new$0(132)) - e9a67988-5972-48d3-82ec-24bac939e4cd-SegmentedRaftLogWorker:Storage Directory /workdir/hadoop-ozone/integration-test/target/test-dir/MiniOzoneClusterImpl-c83b9401-1b06-4086-9e2d-44809f408d3d/datanode-6/data/ratis/f7c3cc04-297b-43e4-9e70-411516aa4f03: flushIndex: setUnconditionally 0 -> -1
2019-08-20 19:24:48,124 [pool-192-thread-1] INFO  server.RaftServerConfigKeys (ConfUtils.java:logGet(43)) - raft.server.snapshot.auto.trigger.enabled = true (custom)
2019-08-20 19:24:48,124 [pool-192-thread-1] INFO  server.RaftServerConfigKeys (ConfUtils.java:logGet(43)) - raft.server.snapshot.auto.trigger.threshold = 10000 (custom)
2019-08-20 19:24:48,124 [pool-192-thread-1] INFO  server.RaftServerConfigKeys (ConfUtils.java:logGet(43)) - raft.server.retrycache.expirytime = 600000ms (custom)
2019-08-20 19:24:48,124 [pool-192-thread-1] INFO  impl.RaftServerImpl (RaftServerImpl.java:start(180)) - e9a67988-5972-48d3-82ec-24bac939e4cd: start group-411516AA4F03
2019-08-20 19:24:48,124 [pool-192-thread-1] INFO  impl.RaftServerImpl (RaftServerImpl.java:setRole(171)) - e9a67988-5972-48d3-82ec-24bac939e4cd:group-411516AA4F03 changes role from null to FOLLOWER at term 0 for startAsFollower
2019-08-20 19:24:48,124 [pool-192-thread-1] INFO  impl.RoleInfo (RoleInfo.java:updateAndGet(143)) - e9a67988-5972-48d3-82ec-24bac939e4cd: start FollowerState
2019-08-20 19:24:48,125 [pool-192-thread-1] INFO  util.JmxRegister (JmxRegister.java:tryRegister(44)) - Successfully registered JMX Bean with object name Ratis:service=RaftServer,group=group-411516AA4F03,id=e9a67988-5972-48d3-82ec-24bac939e4cd
2019-08-20 19:24:48,128 [RatisPipelineUtilsThread] INFO  pipeline.PipelineStateManager (PipelineStateManager.java:addPipeline(56)) - Created pipeline Pipeline[ Id: f7c3cc04-297b-43e4-9e70-411516aa4f03, Nodes: e9a67988-5972-48d3-82ec-24bac939e4cd{ip: 192.168.157.205, host: pr-hdds-1927-n56ck-2550958449, networkLocation: /default-rack, certSerialId: null}, Type:RATIS, Factor:ONE, State:OPEN]
2019-08-20 19:24:48,134 | INFO  | SCMAudit | user=jenkins1000 | ip=192.168.157.205 | op=ALLOCATE_BLOCK {owner=0975ad53-b02c-4678-9ccb-d065660e4d66, size=800, type=RATIS, factor=THREE} | ret=SUCCESS |  
2019-08-20 19:24:48,137 | INFO  | OMAudit | user=jenkins1000 | ip=127.0.0.1 | op=ALLOCATE_KEY {volume=testblockoutputstreamwithretries, bucket=testblockoutputstreamwithretries, key=f7996cb4-3901-4bb7-9c76-3052f5c1623b, dataSize=3200, replicationType=RATIS, replicationFactor=THREE, keyLocationInfo=null} | ret=SUCCESS |  
2019-08-20 19:24:48,151 [grpc-default-executor-1] INFO  client.GrpcClientProtocolClient (GrpcClientProtocolClient.java:onNext(255)) - client-677A23E2C7CF->261f2ceb-ac32-4ba4-817a-4ff79bcf4fe2: receive RaftClientReply:client-677A23E2C7CF->261f2ceb-ac32-4ba4-817a-4ff79bcf4fe2@group-03D39BA76A7E, cid=42, FAILED org.apache.ratis.protocol.NotLeaderException: Server 261f2ceb-ac32-4ba4-817a-4ff79bcf4fe2 is not the leader (null). Request must be sent to leader., logIndex=0, commits[261f2ceb-ac32-4ba4-817a-4ff79bcf4fe2:c-1]
2019-08-20 19:24:48,629 | INFO  | SCMAudit | user=jenkins1000 | ip=192.168.157.205 | op=SEND_HEARTBEAT {datanodeUUID=23dbf96a-50e4-4c0c-a46c-0e28d0bfca2f, command=[]} | ret=SUCCESS |  
2019-08-20 19:24:48,835 | INFO  | SCMAudit | user=jenkins1000 | ip=192.168.157.205 | op=SEND_HEARTBEAT {datanodeUUID=2760a034-05cd-481b-aa2a-ebd2ba4013cc, command=[]} | ret=SUCCESS |  
2019-08-20 19:24:49,023 | INFO  | SCMAudit | user=jenkins1000 | ip=192.168.157.205 | op=SEND_HEARTBEAT {datanodeUUID=a9642e09-25a0-4922-9409-2b3018e22f5b, command=[]} | ret=SUCCESS |  
2019-08-20 19:24:49,173 [grpc-default-executor-3] INFO  client.GrpcClientProtocolClient (GrpcClientProtocolClient.java:onNext(255)) - client-677A23E2C7CF->c86707b4-b48a-47cd-ae4d-9b9fecb37bc8: receive RaftClientReply:client-677A23E2C7CF->c86707b4-b48a-47cd-ae4d-9b9fecb37bc8@group-03D39BA76A7E, cid=42, FAILED org.apache.ratis.protocol.NotLeaderException: Server c86707b4-b48a-47cd-ae4d-9b9fecb37bc8 is not the leader (null). Request must be sent to leader., logIndex=0, commits[c86707b4-b48a-47cd-ae4d-9b9fecb37bc8:c-1]
2019-08-20 19:24:49,239 | INFO  | SCMAudit | user=jenkins1000 | ip=192.168.157.205 | op=SEND_HEARTBEAT {datanodeUUID=c86707b4-b48a-47cd-ae4d-9b9fecb37bc8, command=[]} | ret=SUCCESS |  
2019-08-20 19:24:49,630 | INFO  | SCMAudit | user=jenkins1000 | ip=192.168.157.205 | op=SEND_HEARTBEAT {datanodeUUID=23dbf96a-50e4-4c0c-a46c-0e28d0bfca2f, command=[]} | ret=SUCCESS |  
2019-08-20 19:24:49,642 [Thread-716] INFO  container.ReplicationManager (ReplicationManager.java:start(152)) - Starting Replication Monitor Thread.
2019-08-20 19:24:49,646 [ReplicationMonitor] INFO  container.ReplicationManager (ReplicationManager.java:run(215)) - Replication Monitor Thread took 0 milliseconds for processing 4 containers.
2019-08-20 19:24:49,647 | INFO  | SCMAudit | user=jenkins1000 | ip=192.168.157.205 | op=SEND_HEARTBEAT {datanodeUUID=261f2ceb-ac32-4ba4-817a-4ff79bcf4fe2, command=[]} | ret=SUCCESS |  
2019-08-20 19:24:49,834 | INFO  | SCMAudit | user=jenkins1000 | ip=192.168.157.205 | op=SEND_HEARTBEAT {datanodeUUID=2760a034-05cd-481b-aa2a-ebd2ba4013cc, command=[]} | ret=SUCCESS |  
2019-08-20 19:24:49,864 | INFO  | SCMAudit | user=jenkins1000 | ip=192.168.157.205 | op=SEND_HEARTBEAT {datanodeUUID=ca787d9a-54ae-4c30-9573-1f3ad278257b, command=[]} | ret=SUCCESS |  
2019-08-20 19:24:50,024 | INFO  | SCMAudit | user=jenkins1000 | ip=192.168.157.205 | op=SEND_HEARTBEAT {datanodeUUID=a9642e09-25a0-4922-9409-2b3018e22f5b, command=[]} | ret=SUCCESS |  
2019-08-20 19:24:50,042 | INFO  | SCMAudit | user=jenkins1000 | ip=192.168.157.205 | op=SEND_HEARTBEAT {datanodeUUID=e9a67988-5972-48d3-82ec-24bac939e4cd, command=[]} | ret=SUCCESS |  
2019-08-20 19:24:50,194 [grpc-default-executor-3] INFO  client.GrpcClientProtocolClient (GrpcClientProtocolClient.java:onNext(255)) - client-677A23E2C7CF->ca787d9a-54ae-4c30-9573-1f3ad278257b: receive RaftClientReply:client-677A23E2C7CF->ca787d9a-54ae-4c30-9573-1f3ad278257b@group-03D39BA76A7E, cid=42, FAILED org.apache.ratis.protocol.NotLeaderException: Server ca787d9a-54ae-4c30-9573-1f3ad278257b is not the leader (null). Request must be sent to leader., logIndex=0, commits[ca787d9a-54ae-4c30-9573-1f3ad278257b:c-1]
2019-08-20 19:24:50,239 | INFO  | SCMAudit | user=jenkins1000 | ip=192.168.157.205 | op=SEND_HEARTBEAT {datanodeUUID=c86707b4-b48a-47cd-ae4d-9b9fecb37bc8, command=[]} | ret=SUCCESS |  
2019-08-20 19:24:50,629 | INFO  | SCMAudit | user=jenkins1000 | ip=192.168.157.205 | op=SEND_HEARTBEAT {datanodeUUID=23dbf96a-50e4-4c0c-a46c-0e28d0bfca2f, command=[]} | ret=SUCCESS |  
2019-08-20 19:24:50,648 | INFO  | SCMAudit | user=jenkins1000 | ip=192.168.157.205 | op=SEND_HEARTBEAT {datanodeUUID=261f2ceb-ac32-4ba4-817a-4ff79bcf4fe2, command=[]} | ret=SUCCESS |  
2019-08-20 19:24:50,835 | INFO  | SCMAudit | user=jenkins1000 | ip=192.168.157.205 | op=SEND_HEARTBEAT {datanodeUUID=2760a034-05cd-481b-aa2a-ebd2ba4013cc, command=[]} | ret=SUCCESS |  
2019-08-20 19:24:50,864 | INFO  | SCMAudit | user=jenkins1000 | ip=192.168.157.205 | op=SEND_HEARTBEAT {datanodeUUID=ca787d9a-54ae-4c30-9573-1f3ad278257b, command=[]} | ret=SUCCESS |  
2019-08-20 19:24:51,024 | INFO  | SCMAudit | user=jenkins1000 | ip=192.168.157.205 | op=SEND_HEARTBEAT {datanodeUUID=a9642e09-25a0-4922-9409-2b3018e22f5b, command=[]} | ret=SUCCESS |  
2019-08-20 19:24:51,041 | INFO  | SCMAudit | user=jenkins1000 | ip=192.168.157.205 | op=SEND_HEARTBEAT {datanodeUUID=e9a67988-5972-48d3-82ec-24bac939e4cd, command=[]} | ret=SUCCESS |  
2019-08-20 19:24:51,212 [grpc-default-executor-3] INFO  client.GrpcClientProtocolClient (GrpcClientProtocolClient.java:onNext(255)) - client-677A23E2C7CF->c86707b4-b48a-47cd-ae4d-9b9fecb37bc8: receive RaftClientReply:client-677A23E2C7CF->c86707b4-b48a-47cd-ae4d-9b9fecb37bc8@group-03D39BA76A7E, cid=42, FAILED org.apache.ratis.protocol.NotLeaderException: Server c86707b4-b48a-47cd-ae4d-9b9fecb37bc8 is not the leader (null). Request must be sent to leader., logIndex=0, commits[c86707b4-b48a-47cd-ae4d-9b9fecb37bc8:c-1]
2019-08-20 19:24:51,238 | INFO  | SCMAudit | user=jenkins1000 | ip=192.168.157.205 | op=SEND_HEARTBEAT {datanodeUUID=c86707b4-b48a-47cd-ae4d-9b9fecb37bc8, command=[]} | ret=SUCCESS |  
2019-08-20 19:24:51,629 | INFO  | SCMAudit | user=jenkins1000 | ip=192.168.157.205 | op=SEND_HEARTBEAT {datanodeUUID=23dbf96a-50e4-4c0c-a46c-0e28d0bfca2f, command=[]} | ret=SUCCESS |  
2019-08-20 19:24:51,647 | INFO  | SCMAudit | user=jenkins1000 | ip=192.168.157.205 | op=SEND_HEARTBEAT {datanodeUUID=261f2ceb-ac32-4ba4-817a-4ff79bcf4fe2, command=[]} | ret=SUCCESS |  
2019-08-20 19:24:51,811 [Thread-718] INFO  impl.FollowerState (FollowerState.java:run(106)) - 23dbf96a-50e4-4c0c-a46c-0e28d0bfca2f:group-9B3448A01EC4 changes to CANDIDATE, lastRpcTime:5114, electionTimeout:5114ms
2019-08-20 19:24:51,812 [Thread-718] INFO  impl.RoleInfo (RoleInfo.java:shutdownFollowerState(121)) - 23dbf96a-50e4-4c0c-a46c-0e28d0bfca2f: shutdown FollowerState
2019-08-20 19:24:51,812 [Thread-718] INFO  impl.RaftServerImpl (RaftServerImpl.java:setRole(171)) - 23dbf96a-50e4-4c0c-a46c-0e28d0bfca2f:group-9B3448A01EC4 changes role from FOLLOWER to CANDIDATE at term 0 for changeToCandidate
2019-08-20 19:24:51,812 [Thread-718] INFO  impl.RoleInfo (RoleInfo.java:updateAndGet(143)) - 23dbf96a-50e4-4c0c-a46c-0e28d0bfca2f: start LeaderElection
2019-08-20 19:24:51,835 | INFO  | SCMAudit | user=jenkins1000 | ip=192.168.157.205 | op=SEND_HEARTBEAT {datanodeUUID=2760a034-05cd-481b-aa2a-ebd2ba4013cc, command=[]} | ret=SUCCESS |  
2019-08-20 19:24:51,857 [23dbf96a-50e4-4c0c-a46c-0e28d0bfca2f:group-9B3448A01EC4:LeaderElection19] INFO  impl.LeaderElection (LeaderElection.java:askForVotes(181)) - 23dbf96a-50e4-4c0c-a46c-0e28d0bfca2f:group-9B3448A01EC4:LeaderElection19: begin an election at term 1 for -1: [23dbf96a-50e4-4c0c-a46c-0e28d0bfca2f:192.168.157.205:33592], old=null
2019-08-20 19:24:51,857 [23dbf96a-50e4-4c0c-a46c-0e28d0bfca2f:group-9B3448A01EC4:LeaderElection19] INFO  impl.RoleInfo (RoleInfo.java:shutdownLeaderElection(134)) - 23dbf96a-50e4-4c0c-a46c-0e28d0bfca2f: shutdown LeaderElection
2019-08-20 19:24:51,858 [23dbf96a-50e4-4c0c-a46c-0e28d0bfca2f:group-9B3448A01EC4:LeaderElection19] INFO  impl.RaftServerImpl (RaftServerImpl.java:setRole(171)) - 23dbf96a-50e4-4c0c-a46c-0e28d0bfca2f:group-9B3448A01EC4 changes role from CANDIDATE to LEADER at term 1 for changeToLeader
2019-08-20 19:24:51,858 [23dbf96a-50e4-4c0c-a46c-0e28d0bfca2f:group-9B3448A01EC4:LeaderElection19] INFO  impl.RaftServerImpl (ServerState.java:setLeader(263)) - 23dbf96a-50e4-4c0c-a46c-0e28d0bfca2f:group-9B3448A01EC4 change Leader from null to 23dbf96a-50e4-4c0c-a46c-0e28d0bfca2f at term 1 for becomeLeader, leader elected after 5166ms
2019-08-20 19:24:51,858 [23dbf96a-50e4-4c0c-a46c-0e28d0bfca2f:group-9B3448A01EC4:LeaderElection19] INFO  server.RaftServerConfigKeys (ConfUtils.java:logGet(43)) - raft.server.staging.catchup.gap = 1000 (default)
2019-08-20 19:24:51,858 [23dbf96a-50e4-4c0c-a46c-0e28d0bfca2f:group-9B3448A01EC4:LeaderElection19] INFO  server.RaftServerConfigKeys (ConfUtils.java:logGet(43)) - raft.server.rpc.sleep.time = 25ms (default)
2019-08-20 19:24:51,859 [23dbf96a-50e4-4c0c-a46c-0e28d0bfca2f:group-9B3448A01EC4:LeaderElection19] INFO  server.RaftServerConfigKeys (ConfUtils.java:logGet(43)) - raft.server.write.element-limit = 4096 (default)
2019-08-20 19:24:51,859 [23dbf96a-50e4-4c0c-a46c-0e28d0bfca2f:group-9B3448A01EC4:LeaderElection19] INFO  server.RaftServerConfigKeys (ConfUtils.java:logGet(43)) - raft.server.watch.timeout = 10s (default)
2019-08-20 19:24:51,859 [23dbf96a-50e4-4c0c-a46c-0e28d0bfca2f:group-9B3448A01EC4:LeaderElection19] INFO  server.RaftServerConfigKeys (ConfUtils.java:logGet(43)) - raft.server.watch.timeout.denomination = 1s (default)
2019-08-20 19:24:51,859 [23dbf96a-50e4-4c0c-a46c-0e28d0bfca2f:group-9B3448A01EC4:LeaderElection19] INFO  server.RaftServerConfigKeys (ConfUtils.java:logGet(43)) - raft.server.watch.element-limit = 65536 (default)
2019-08-20 19:24:51,860 [23dbf96a-50e4-4c0c-a46c-0e28d0bfca2f:group-9B3448A01EC4:LeaderElection19] INFO  impl.RoleInfo (RoleInfo.java:updateAndGet(143)) - 23dbf96a-50e4-4c0c-a46c-0e28d0bfca2f: start LeaderState
2019-08-20 19:24:51,861 [23dbf96a-50e4-4c0c-a46c-0e28d0bfca2f:group-9B3448A01EC4:LeaderElection19] INFO  segmented.SegmentedRaftLogWorker (SegmentedRaftLogWorker.java:startLogSegment(380)) - 23dbf96a-50e4-4c0c-a46c-0e28d0bfca2f-SegmentedRaftLogWorker:Storage Directory /workdir/hadoop-ozone/integration-test/target/test-dir/MiniOzoneClusterImpl-c83b9401-1b06-4086-9e2d-44809f408d3d/datanode-0/data/ratis/19d583df-f73d-4439-a7d5-9b3448a01ec4: Starting segment from index:0
2019-08-20 19:24:51,861 [23dbf96a-50e4-4c0c-a46c-0e28d0bfca2f:group-9B3448A01EC4:LeaderElection19] INFO  impl.RaftServerImpl (ServerState.java:setRaftConf(361)) - 23dbf96a-50e4-4c0c-a46c-0e28d0bfca2f:group-9B3448A01EC4 set configuration 0: [23dbf96a-50e4-4c0c-a46c-0e28d0bfca2f:192.168.157.205:33592], old=null at 0
2019-08-20 19:24:51,897 | INFO  | SCMAudit | user=jenkins1000 | ip=192.168.157.205 | op=SEND_HEARTBEAT {datanodeUUID=ca787d9a-54ae-4c30-9573-1f3ad278257b, command=[]} | ret=SUCCESS |  
2019-08-20 19:24:51,919 [23dbf96a-50e4-4c0c-a46c-0e28d0bfca2f-SegmentedRaftLogWorker:Storage Directory /workdir/hadoop-ozone/integration-test/target/test-dir/MiniOzoneClusterImpl-c83b9401-1b06-4086-9e2d-44809f408d3d/datanode-0/data/ratis/19d583df-f73d-4439-a7d5-9b3448a01ec4] INFO  segmented.SegmentedRaftLogWorker (SegmentedRaftLogWorker.java:execute(569)) - 23dbf96a-50e4-4c0c-a46c-0e28d0bfca2f-SegmentedRaftLogWorker:Storage Directory /workdir/hadoop-ozone/integration-test/target/test-dir/MiniOzoneClusterImpl-c83b9401-1b06-4086-9e2d-44809f408d3d/datanode-0/data/ratis/19d583df-f73d-4439-a7d5-9b3448a01ec4: created new log segment /workdir/hadoop-ozone/integration-test/target/test-dir/MiniOzoneClusterImpl-c83b9401-1b06-4086-9e2d-44809f408d3d/datanode-0/data/ratis/19d583df-f73d-4439-a7d5-9b3448a01ec4/current/log_inprogress_0
2019-08-20 19:24:51,954 [Thread-721] INFO  impl.FollowerState (FollowerState.java:run(106)) - 2760a034-05cd-481b-aa2a-ebd2ba4013cc:group-FBFE1870D19B changes to CANDIDATE, lastRpcTime:5072, electionTimeout:5072ms
2019-08-20 19:24:51,954 [Thread-721] INFO  impl.RoleInfo (RoleInfo.java:shutdownFollowerState(121)) - 2760a034-05cd-481b-aa2a-ebd2ba4013cc: shutdown FollowerState
2019-08-20 19:24:51,954 [Thread-721] INFO  impl.RaftServerImpl (RaftServerImpl.java:setRole(171)) - 2760a034-05cd-481b-aa2a-ebd2ba4013cc:group-FBFE1870D19B changes role from FOLLOWER to CANDIDATE at term 0 for changeToCandidate
2019-08-20 19:24:51,954 [Thread-721] INFO  impl.RoleInfo (RoleInfo.java:updateAndGet(143)) - 2760a034-05cd-481b-aa2a-ebd2ba4013cc: start LeaderElection
2019-08-20 19:24:51,978 [2760a034-05cd-481b-aa2a-ebd2ba4013cc:group-FBFE1870D19B:LeaderElection20] INFO  impl.LeaderElection (LeaderElection.java:askForVotes(181)) - 2760a034-05cd-481b-aa2a-ebd2ba4013cc:group-FBFE1870D19B:LeaderElection20: begin an election at term 1 for -1: [2760a034-05cd-481b-aa2a-ebd2ba4013cc:192.168.157.205:33761], old=null
2019-08-20 19:24:51,978 [2760a034-05cd-481b-aa2a-ebd2ba4013cc:group-FBFE1870D19B:LeaderElection20] INFO  impl.RoleInfo (RoleInfo.java:shutdownLeaderElection(134)) - 2760a034-05cd-481b-aa2a-ebd2ba4013cc: shutdown LeaderElection
2019-08-20 19:24:51,978 [2760a034-05cd-481b-aa2a-ebd2ba4013cc:group-FBFE1870D19B:LeaderElection20] INFO  impl.RaftServerImpl (RaftServerImpl.java:setRole(171)) - 2760a034-05cd-481b-aa2a-ebd2ba4013cc:group-FBFE1870D19B changes role from CANDIDATE to LEADER at term 1 for changeToLeader
2019-08-20 19:24:51,978 [2760a034-05cd-481b-aa2a-ebd2ba4013cc:group-FBFE1870D19B:LeaderElection20] INFO  impl.RaftServerImpl (ServerState.java:setLeader(263)) - 2760a034-05cd-481b-aa2a-ebd2ba4013cc:group-FBFE1870D19B change Leader from null to 2760a034-05cd-481b-aa2a-ebd2ba4013cc at term 1 for becomeLeader, leader elected after 5102ms
2019-08-20 19:24:51,978 [2760a034-05cd-481b-aa2a-ebd2ba4013cc:group-FBFE1870D19B:LeaderElection20] INFO  server.RaftServerConfigKeys (ConfUtils.java:logGet(43)) - raft.server.staging.catchup.gap = 1000 (default)
2019-08-20 19:24:51,978 [2760a034-05cd-481b-aa2a-ebd2ba4013cc:group-FBFE1870D19B:LeaderElection20] INFO  server.RaftServerConfigKeys (ConfUtils.java:logGet(43)) - raft.server.rpc.sleep.time = 25ms (default)
2019-08-20 19:24:51,978 [2760a034-05cd-481b-aa2a-ebd2ba4013cc:group-FBFE1870D19B:LeaderElection20] INFO  server.RaftServerConfigKeys (ConfUtils.java:logGet(43)) - raft.server.write.element-limit = 4096 (default)
2019-08-20 19:24:51,979 [2760a034-05cd-481b-aa2a-ebd2ba4013cc:group-FBFE1870D19B:LeaderElection20] INFO  server.RaftServerConfigKeys (ConfUtils.java:logGet(43)) - raft.server.watch.timeout = 10s (default)
2019-08-20 19:24:51,979 [2760a034-05cd-481b-aa2a-ebd2ba4013cc:group-FBFE1870D19B:LeaderElection20] INFO  server.RaftServerConfigKeys (ConfUtils.java:logGet(43)) - raft.server.watch.timeout.denomination = 1s (default)
2019-08-20 19:24:51,979 [2760a034-05cd-481b-aa2a-ebd2ba4013cc:group-FBFE1870D19B:LeaderElection20] INFO  server.RaftServerConfigKeys (ConfUtils.java:logGet(43)) - raft.server.watch.element-limit = 65536 (default)
2019-08-20 19:24:51,979 [2760a034-05cd-481b-aa2a-ebd2ba4013cc:group-FBFE1870D19B:LeaderElection20] INFO  impl.RoleInfo (RoleInfo.java:updateAndGet(143)) - 2760a034-05cd-481b-aa2a-ebd2ba4013cc: start LeaderState
2019-08-20 19:24:51,979 [2760a034-05cd-481b-aa2a-ebd2ba4013cc:group-FBFE1870D19B:LeaderElection20] INFO  segmented.SegmentedRaftLogWorker (SegmentedRaftLogWorker.java:startLogSegment(380)) - 2760a034-05cd-481b-aa2a-ebd2ba4013cc-SegmentedRaftLogWorker:Storage Directory /workdir/hadoop-ozone/integration-test/target/test-dir/MiniOzoneClusterImpl-c83b9401-1b06-4086-9e2d-44809f408d3d/datanode-1/data/ratis/18eaa8b8-a9f4-4da0-93d0-fbfe1870d19b: Starting segment from index:0
2019-08-20 19:24:51,980 [2760a034-05cd-481b-aa2a-ebd2ba4013cc:group-FBFE1870D19B:LeaderElection20] INFO  impl.RaftServerImpl (ServerState.java:setRaftConf(361)) - 2760a034-05cd-481b-aa2a-ebd2ba4013cc:group-FBFE1870D19B set configuration 0: [2760a034-05cd-481b-aa2a-ebd2ba4013cc:192.168.157.205:33761], old=null at 0
2019-08-20 19:24:52,020 [2760a034-05cd-481b-aa2a-ebd2ba4013cc-SegmentedRaftLogWorker:Storage Directory /workdir/hadoop-ozone/integration-test/target/test-dir/MiniOzoneClusterImpl-c83b9401-1b06-4086-9e2d-44809f408d3d/datanode-1/data/ratis/18eaa8b8-a9f4-4da0-93d0-fbfe1870d19b] INFO  segmented.SegmentedRaftLogWorker (SegmentedRaftLogWorker.java:execute(569)) - 2760a034-05cd-481b-aa2a-ebd2ba4013cc-SegmentedRaftLogWorker:Storage Directory /workdir/hadoop-ozone/integration-test/target/test-dir/MiniOzoneClusterImpl-c83b9401-1b06-4086-9e2d-44809f408d3d/datanode-1/data/ratis/18eaa8b8-a9f4-4da0-93d0-fbfe1870d19b: created new log segment /workdir/hadoop-ozone/integration-test/target/test-dir/MiniOzoneClusterImpl-c83b9401-1b06-4086-9e2d-44809f408d3d/datanode-1/data/ratis/18eaa8b8-a9f4-4da0-93d0-fbfe1870d19b/current/log_inprogress_0
2019-08-20 19:24:52,023 | INFO  | SCMAudit | user=jenkins1000 | ip=192.168.157.205 | op=SEND_HEARTBEAT {datanodeUUID=a9642e09-25a0-4922-9409-2b3018e22f5b, command=[]} | ret=SUCCESS |  
2019-08-20 19:24:52,042 | INFO  | SCMAudit | user=jenkins1000 | ip=192.168.157.205 | op=SEND_HEARTBEAT {datanodeUUID=e9a67988-5972-48d3-82ec-24bac939e4cd, command=[]} | ret=SUCCESS |  
2019-08-20 19:24:52,170 [Thread-724] INFO  impl.FollowerState (FollowerState.java:run(106)) - a9642e09-25a0-4922-9409-2b3018e22f5b:group-E7E107D081CB changes to CANDIDATE, lastRpcTime:5098, electionTimeout:5098ms
2019-08-20 19:24:52,170 [Thread-724] INFO  impl.RoleInfo (RoleInfo.java:shutdownFollowerState(121)) - a9642e09-25a0-4922-9409-2b3018e22f5b: shutdown FollowerState
2019-08-20 19:24:52,170 [Thread-724] INFO  impl.RaftServerImpl (RaftServerImpl.java:setRole(171)) - a9642e09-25a0-4922-9409-2b3018e22f5b:group-E7E107D081CB changes role from FOLLOWER to CANDIDATE at term 0 for changeToCandidate
2019-08-20 19:24:52,170 [Thread-724] INFO  impl.RoleInfo (RoleInfo.java:updateAndGet(143)) - a9642e09-25a0-4922-9409-2b3018e22f5b: start LeaderElection
2019-08-20 19:24:52,189 [a9642e09-25a0-4922-9409-2b3018e22f5b:group-E7E107D081CB:LeaderElection21] INFO  impl.LeaderElection (LeaderElection.java:askForVotes(181)) - a9642e09-25a0-4922-9409-2b3018e22f5b:group-E7E107D081CB:LeaderElection21: begin an election at term 1 for -1: [a9642e09-25a0-4922-9409-2b3018e22f5b:192.168.157.205:40637], old=null
2019-08-20 19:24:52,189 [a9642e09-25a0-4922-9409-2b3018e22f5b:group-E7E107D081CB:LeaderElection21] INFO  impl.RoleInfo (RoleInfo.java:shutdownLeaderElection(134)) - a9642e09-25a0-4922-9409-2b3018e22f5b: shutdown LeaderElection
2019-08-20 19:24:52,189 [a9642e09-25a0-4922-9409-2b3018e22f5b:group-E7E107D081CB:LeaderElection21] INFO  impl.RaftServerImpl (RaftServerImpl.java:setRole(171)) - a9642e09-25a0-4922-9409-2b3018e22f5b:group-E7E107D081CB changes role from CANDIDATE to LEADER at term 1 for changeToLeader
2019-08-20 19:24:52,189 [a9642e09-25a0-4922-9409-2b3018e22f5b:group-E7E107D081CB:LeaderElection21] INFO  impl.RaftServerImpl (ServerState.java:setLeader(263)) - a9642e09-25a0-4922-9409-2b3018e22f5b:group-E7E107D081CB change Leader from null to a9642e09-25a0-4922-9409-2b3018e22f5b at term 1 for becomeLeader, leader elected after 5123ms
2019-08-20 19:24:52,189 [a9642e09-25a0-4922-9409-2b3018e22f5b:group-E7E107D081CB:LeaderElection21] INFO  server.RaftServerConfigKeys (ConfUtils.java:logGet(43)) - raft.server.staging.catchup.gap = 1000 (default)
2019-08-20 19:24:52,189 [a9642e09-25a0-4922-9409-2b3018e22f5b:group-E7E107D081CB:LeaderElection21] INFO  server.RaftServerConfigKeys (ConfUtils.java:logGet(43)) - raft.server.rpc.sleep.time = 25ms (default)
2019-08-20 19:24:52,190 [a9642e09-25a0-4922-9409-2b3018e22f5b:group-E7E107D081CB:LeaderElection21] INFO  server.RaftServerConfigKeys (ConfUtils.java:logGet(43)) - raft.server.write.element-limit = 4096 (default)
2019-08-20 19:24:52,190 [a9642e09-25a0-4922-9409-2b3018e22f5b:group-E7E107D081CB:LeaderElection21] INFO  server.RaftServerConfigKeys (ConfUtils.java:logGet(43)) - raft.server.watch.timeout = 10s (default)
2019-08-20 19:24:52,190 [a9642e09-25a0-4922-9409-2b3018e22f5b:group-E7E107D081CB:LeaderElection21] INFO  server.RaftServerConfigKeys (ConfUtils.java:logGet(43)) - raft.server.watch.timeout.denomination = 1s (default)
2019-08-20 19:24:52,190 [a9642e09-25a0-4922-9409-2b3018e22f5b:group-E7E107D081CB:LeaderElection21] INFO  server.RaftServerConfigKeys (ConfUtils.java:logGet(43)) - raft.server.watch.element-limit = 65536 (default)
2019-08-20 19:24:52,190 [a9642e09-25a0-4922-9409-2b3018e22f5b:group-E7E107D081CB:LeaderElection21] INFO  impl.RoleInfo (RoleInfo.java:updateAndGet(143)) - a9642e09-25a0-4922-9409-2b3018e22f5b: start LeaderState
2019-08-20 19:24:52,190 [a9642e09-25a0-4922-9409-2b3018e22f5b:group-E7E107D081CB:LeaderElection21] INFO  segmented.SegmentedRaftLogWorker (SegmentedRaftLogWorker.java:startLogSegment(380)) - a9642e09-25a0-4922-9409-2b3018e22f5b-SegmentedRaftLogWorker:Storage Directory /workdir/hadoop-ozone/integration-test/target/test-dir/MiniOzoneClusterImpl-c83b9401-1b06-4086-9e2d-44809f408d3d/datanode-2/data/ratis/046ba6cf-f253-43a3-a501-e7e107d081cb: Starting segment from index:0
2019-08-20 19:24:52,191 [a9642e09-25a0-4922-9409-2b3018e22f5b:group-E7E107D081CB:LeaderElection21] INFO  impl.RaftServerImpl (ServerState.java:setRaftConf(361)) - a9642e09-25a0-4922-9409-2b3018e22f5b:group-E7E107D081CB set configuration 0: [a9642e09-25a0-4922-9409-2b3018e22f5b:192.168.157.205:40637], old=null at 0
2019-08-20 19:24:52,228 [grpc-default-executor-3] INFO  client.GrpcClientProtocolClient (GrpcClientProtocolClient.java:onNext(255)) - client-677A23E2C7CF->261f2ceb-ac32-4ba4-817a-4ff79bcf4fe2: receive RaftClientReply:client-677A23E2C7CF->261f2ceb-ac32-4ba4-817a-4ff79bcf4fe2@group-03D39BA76A7E, cid=42, FAILED org.apache.ratis.protocol.NotLeaderException: Server 261f2ceb-ac32-4ba4-817a-4ff79bcf4fe2 is not the leader (null). Request must be sent to leader., logIndex=0, commits[261f2ceb-ac32-4ba4-817a-4ff79bcf4fe2:c-1]
2019-08-20 19:24:52,238 | INFO  | SCMAudit | user=jenkins1000 | ip=192.168.157.205 | op=SEND_HEARTBEAT {datanodeUUID=c86707b4-b48a-47cd-ae4d-9b9fecb37bc8, command=[]} | ret=SUCCESS |  
2019-08-20 19:24:52,242 [a9642e09-25a0-4922-9409-2b3018e22f5b-SegmentedRaftLogWorker:Storage Directory /workdir/hadoop-ozone/integration-test/target/test-dir/MiniOzoneClusterImpl-c83b9401-1b06-4086-9e2d-44809f408d3d/datanode-2/data/ratis/046ba6cf-f253-43a3-a501-e7e107d081cb] INFO  segmented.SegmentedRaftLogWorker (SegmentedRaftLogWorker.java:execute(569)) - a9642e09-25a0-4922-9409-2b3018e22f5b-SegmentedRaftLogWorker:Storage Directory /workdir/hadoop-ozone/integration-test/target/test-dir/MiniOzoneClusterImpl-c83b9401-1b06-4086-9e2d-44809f408d3d/datanode-2/data/ratis/046ba6cf-f253-43a3-a501-e7e107d081cb: created new log segment /workdir/hadoop-ozone/integration-test/target/test-dir/MiniOzoneClusterImpl-c83b9401-1b06-4086-9e2d-44809f408d3d/datanode-2/data/ratis/046ba6cf-f253-43a3-a501-e7e107d081cb/current/log_inprogress_0
2019-08-20 19:24:52,297 [Thread-730] INFO  impl.FollowerState (FollowerState.java:run(106)) - a9642e09-25a0-4922-9409-2b3018e22f5b:group-68EB286ECE9B changes to CANDIDATE, lastRpcTime:5144, electionTimeout:5144ms
2019-08-20 19:24:52,297 [Thread-730] INFO  impl.RoleInfo (RoleInfo.java:shutdownFollowerState(121)) - a9642e09-25a0-4922-9409-2b3018e22f5b: shutdown FollowerState
2019-08-20 19:24:52,297 [Thread-730] INFO  impl.RaftServerImpl (RaftServerImpl.java:setRole(171)) - a9642e09-25a0-4922-9409-2b3018e22f5b:group-68EB286ECE9B changes role from FOLLOWER to CANDIDATE at term 0 for changeToCandidate
2019-08-20 19:24:52,298 [Thread-730] INFO  impl.RoleInfo (RoleInfo.java:updateAndGet(143)) - a9642e09-25a0-4922-9409-2b3018e22f5b: start LeaderElection
2019-08-20 19:24:52,306 [Thread-732] INFO  impl.FollowerState (FollowerState.java:run(106)) - 2760a034-05cd-481b-aa2a-ebd2ba4013cc:group-68EB286ECE9B changes to CANDIDATE, lastRpcTime:5153, electionTimeout:5150ms
2019-08-20 19:24:52,307 [Thread-732] INFO  impl.RoleInfo (RoleInfo.java:shutdownFollowerState(121)) - 2760a034-05cd-481b-aa2a-ebd2ba4013cc: shutdown FollowerState
2019-08-20 19:24:52,307 [Thread-732] INFO  impl.RaftServerImpl (RaftServerImpl.java:setRole(171)) - 2760a034-05cd-481b-aa2a-ebd2ba4013cc:group-68EB286ECE9B changes role from FOLLOWER to CANDIDATE at term 0 for changeToCandidate
2019-08-20 19:24:52,307 [Thread-732] INFO  impl.RoleInfo (RoleInfo.java:updateAndGet(143)) - 2760a034-05cd-481b-aa2a-ebd2ba4013cc: start LeaderElection
2019-08-20 19:24:52,322 [2760a034-05cd-481b-aa2a-ebd2ba4013cc:group-68EB286ECE9B:LeaderElection23] INFO  impl.LeaderElection (LeaderElection.java:askForVotes(181)) - 2760a034-05cd-481b-aa2a-ebd2ba4013cc:group-68EB286ECE9B:LeaderElection23: begin an election at term 1 for -1: [a9642e09-25a0-4922-9409-2b3018e22f5b:192.168.157.205:40637, 2760a034-05cd-481b-aa2a-ebd2ba4013cc:192.168.157.205:33761, 23dbf96a-50e4-4c0c-a46c-0e28d0bfca2f:192.168.157.205:33592], old=null
2019-08-20 19:24:52,322 [a9642e09-25a0-4922-9409-2b3018e22f5b:group-68EB286ECE9B:LeaderElection22] INFO  impl.LeaderElection (LeaderElection.java:askForVotes(181)) - a9642e09-25a0-4922-9409-2b3018e22f5b:group-68EB286ECE9B:LeaderElection22: begin an election at term 1 for -1: [a9642e09-25a0-4922-9409-2b3018e22f5b:192.168.157.205:40637, 2760a034-05cd-481b-aa2a-ebd2ba4013cc:192.168.157.205:33761, 23dbf96a-50e4-4c0c-a46c-0e28d0bfca2f:192.168.157.205:33592], old=null
2019-08-20 19:24:52,331 [grpc-default-executor-1] INFO  impl.RaftServerImpl (RaftServerImpl.java:setRole(171)) - 23dbf96a-50e4-4c0c-a46c-0e28d0bfca2f:group-68EB286ECE9B changes role from FOLLOWER to FOLLOWER at term 1 for recognizeCandidate:2760a034-05cd-481b-aa2a-ebd2ba4013cc
2019-08-20 19:24:52,332 [grpc-default-executor-1] INFO  impl.RoleInfo (RoleInfo.java:shutdownFollowerState(121)) - 23dbf96a-50e4-4c0c-a46c-0e28d0bfca2f: shutdown FollowerState
2019-08-20 19:24:52,334 [grpc-default-executor-1] INFO  impl.RoleInfo (RoleInfo.java:updateAndGet(143)) - 23dbf96a-50e4-4c0c-a46c-0e28d0bfca2f: start FollowerState
2019-08-20 19:24:52,351 [2760a034-05cd-481b-aa2a-ebd2ba4013cc:group-68EB286ECE9B:LeaderElection23] INFO  impl.LeaderElection (LeaderElection.java:logAndReturn(56)) - 2760a034-05cd-481b-aa2a-ebd2ba4013cc:group-68EB286ECE9B:LeaderElection23: Election PASSED; received 2 response(s) [2760a034-05cd-481b-aa2a-ebd2ba4013cc<-a9642e09-25a0-4922-9409-2b3018e22f5b#0:FAIL-t1, 2760a034-05cd-481b-aa2a-ebd2ba4013cc<-23dbf96a-50e4-4c0c-a46c-0e28d0bfca2f#0:OK-t1] and 0 exception(s); 2760a034-05cd-481b-aa2a-ebd2ba4013cc:t1, leader=null, voted=2760a034-05cd-481b-aa2a-ebd2ba4013cc, raftlog=2760a034-05cd-481b-aa2a-ebd2ba4013cc-SegmentedRaftLog:OPENED:c-1,f-1,i0, conf=-1: [a9642e09-25a0-4922-9409-2b3018e22f5b:192.168.157.205:40637, 2760a034-05cd-481b-aa2a-ebd2ba4013cc:192.168.157.205:33761, 23dbf96a-50e4-4c0c-a46c-0e28d0bfca2f:192.168.157.205:33592], old=null
2019-08-20 19:24:52,351 [2760a034-05cd-481b-aa2a-ebd2ba4013cc:group-68EB286ECE9B:LeaderElection23] INFO  impl.RoleInfo (RoleInfo.java:shutdownLeaderElection(134)) - 2760a034-05cd-481b-aa2a-ebd2ba4013cc: shutdown LeaderElection
2019-08-20 19:24:52,351 [a9642e09-25a0-4922-9409-2b3018e22f5b:group-68EB286ECE9B:LeaderElection22] INFO  impl.LeaderElection (LeaderElection.java:logAndReturn(56)) - a9642e09-25a0-4922-9409-2b3018e22f5b:group-68EB286ECE9B:LeaderElection22: Election REJECTED; received 2 response(s) [a9642e09-25a0-4922-9409-2b3018e22f5b<-2760a034-05cd-481b-aa2a-ebd2ba4013cc#0:FAIL-t1, a9642e09-25a0-4922-9409-2b3018e22f5b<-23dbf96a-50e4-4c0c-a46c-0e28d0bfca2f#0:FAIL-t1] and 0 exception(s); a9642e09-25a0-4922-9409-2b3018e22f5b:t1, leader=null, voted=a9642e09-25a0-4922-9409-2b3018e22f5b, raftlog=a9642e09-25a0-4922-9409-2b3018e22f5b-SegmentedRaftLog:OPENED:c-1,f-1,i0, conf=-1: [a9642e09-25a0-4922-9409-2b3018e22f5b:192.168.157.205:40637, 2760a034-05cd-481b-aa2a-ebd2ba4013cc:192.168.157.205:33761, 23dbf96a-50e4-4c0c-a46c-0e28d0bfca2f:192.168.157.205:33592], old=null
2019-08-20 19:24:52,351 [2760a034-05cd-481b-aa2a-ebd2ba4013cc:group-68EB286ECE9B:LeaderElection23] INFO  impl.RaftServerImpl (RaftServerImpl.java:setRole(171)) - 2760a034-05cd-481b-aa2a-ebd2ba4013cc:group-68EB286ECE9B changes role from CANDIDATE to LEADER at term 1 for changeToLeader
2019-08-20 19:24:52,352 [a9642e09-25a0-4922-9409-2b3018e22f5b:group-68EB286ECE9B:LeaderElection22] INFO  impl.RaftServerImpl (RaftServerImpl.java:setRole(171)) - a9642e09-25a0-4922-9409-2b3018e22f5b:group-68EB286ECE9B changes role from CANDIDATE to FOLLOWER at term 1 for DISCOVERED_A_NEW_TERM
2019-08-20 19:24:52,352 [2760a034-05cd-481b-aa2a-ebd2ba4013cc:group-68EB286ECE9B:LeaderElection23] INFO  impl.RaftServerImpl (ServerState.java:setLeader(263)) - 2760a034-05cd-481b-aa2a-ebd2ba4013cc:group-68EB286ECE9B change Leader from null to 2760a034-05cd-481b-aa2a-ebd2ba4013cc at term 1 for becomeLeader, leader elected after 5229ms
2019-08-20 19:24:52,352 [a9642e09-25a0-4922-9409-2b3018e22f5b:group-68EB286ECE9B:LeaderElection22] INFO  impl.RoleInfo (RoleInfo.java:shutdownLeaderElection(134)) - a9642e09-25a0-4922-9409-2b3018e22f5b: shutdown LeaderElection
2019-08-20 19:24:52,352 [2760a034-05cd-481b-aa2a-ebd2ba4013cc:group-68EB286ECE9B:LeaderElection23] INFO  server.RaftServerConfigKeys (ConfUtils.java:logGet(43)) - raft.server.staging.catchup.gap = 1000 (default)
2019-08-20 19:24:52,352 [a9642e09-25a0-4922-9409-2b3018e22f5b:group-68EB286ECE9B:LeaderElection22] INFO  impl.RoleInfo (RoleInfo.java:updateAndGet(143)) - a9642e09-25a0-4922-9409-2b3018e22f5b: start FollowerState
2019-08-20 19:24:52,352 [2760a034-05cd-481b-aa2a-ebd2ba4013cc:group-68EB286ECE9B:LeaderElection23] INFO  server.RaftServerConfigKeys (ConfUtils.java:logGet(43)) - raft.server.rpc.sleep.time = 25ms (default)
2019-08-20 19:24:52,352 [2760a034-05cd-481b-aa2a-ebd2ba4013cc:group-68EB286ECE9B:LeaderElection23] INFO  server.RaftServerConfigKeys (ConfUtils.java:logGet(43)) - raft.server.write.element-limit = 4096 (default)
2019-08-20 19:24:52,352 [2760a034-05cd-481b-aa2a-ebd2ba4013cc:group-68EB286ECE9B:LeaderElection23] INFO  server.RaftServerConfigKeys (ConfUtils.java:logGet(43)) - raft.server.watch.timeout = 10s (default)
2019-08-20 19:24:52,352 [2760a034-05cd-481b-aa2a-ebd2ba4013cc:group-68EB286ECE9B:LeaderElection23] INFO  server.RaftServerConfigKeys (ConfUtils.java:logGet(43)) - raft.server.watch.timeout.denomination = 1s (default)
2019-08-20 19:24:52,353 [2760a034-05cd-481b-aa2a-ebd2ba4013cc:group-68EB286ECE9B:LeaderElection23] INFO  server.RaftServerConfigKeys (ConfUtils.java:logGet(43)) - raft.server.watch.element-limit = 65536 (default)
2019-08-20 19:24:52,353 [2760a034-05cd-481b-aa2a-ebd2ba4013cc:group-68EB286ECE9B:LeaderElection23] INFO  server.RaftServerConfigKeys (ConfUtils.java:logGet(43)) - raft.server.log.appender.snapshot.chunk.size.max = 16MB (=16777216) (default)
2019-08-20 19:24:52,353 [2760a034-05cd-481b-aa2a-ebd2ba4013cc:group-68EB286ECE9B:LeaderElection23] INFO  server.RaftServerConfigKeys (ConfUtils.java:logGet(43)) - raft.server.log.appender.buffer.byte-limit = 33554432 (custom)
2019-08-20 19:24:52,353 [2760a034-05cd-481b-aa2a-ebd2ba4013cc:group-68EB286ECE9B:LeaderElection23] INFO  server.RaftServerConfigKeys (ConfUtils.java:logGet(43)) - raft.server.log.appender.buffer.element-limit = 1 (custom)
2019-08-20 19:24:52,353 [2760a034-05cd-481b-aa2a-ebd2ba4013cc:group-68EB286ECE9B:LeaderElection23] INFO  grpc.GrpcConfigKeys$Server (ConfUtils.java:logGet(43)) - raft.grpc.server.leader.outstanding.appends.max = 128 (default)
2019-08-20 19:24:52,353 [2760a034-05cd-481b-aa2a-ebd2ba4013cc:group-68EB286ECE9B:LeaderElection23] INFO  server.RaftServerConfigKeys (ConfUtils.java:logGet(43)) - raft.server.rpc.request.timeout = 3000ms (default)
2019-08-20 19:24:52,354 [2760a034-05cd-481b-aa2a-ebd2ba4013cc:group-68EB286ECE9B:LeaderElection23] INFO  server.RaftServerConfigKeys (ConfUtils.java:logGet(43)) - raft.server.log.appender.install.snapshot.enabled = false (custom)
2019-08-20 19:24:52,354 [2760a034-05cd-481b-aa2a-ebd2ba4013cc:group-68EB286ECE9B:LeaderElection23] INFO  server.RaftServerConfigKeys (ConfUtils.java:logGet(43)) - raft.server.log.appender.snapshot.chunk.size.max = 16MB (=16777216) (default)
2019-08-20 19:24:52,354 [2760a034-05cd-481b-aa2a-ebd2ba4013cc:group-68EB286ECE9B:LeaderElection23] INFO  server.RaftServerConfigKeys (ConfUtils.java:logGet(43)) - raft.server.log.appender.buffer.byte-limit = 33554432 (custom)
2019-08-20 19:24:52,354 [2760a034-05cd-481b-aa2a-ebd2ba4013cc:group-68EB286ECE9B:LeaderElection23] INFO  server.RaftServerConfigKeys (ConfUtils.java:logGet(43)) - raft.server.log.appender.buffer.element-limit = 1 (custom)
2019-08-20 19:24:52,354 [2760a034-05cd-481b-aa2a-ebd2ba4013cc:group-68EB286ECE9B:LeaderElection23] INFO  grpc.GrpcConfigKeys$Server (ConfUtils.java:logGet(43)) - raft.grpc.server.leader.outstanding.appends.max = 128 (default)
2019-08-20 19:24:52,354 [2760a034-05cd-481b-aa2a-ebd2ba4013cc:group-68EB286ECE9B:LeaderElection23] INFO  server.RaftServerConfigKeys (ConfUtils.java:logGet(43)) - raft.server.rpc.request.timeout = 3000ms (default)
2019-08-20 19:24:52,354 [2760a034-05cd-481b-aa2a-ebd2ba4013cc:group-68EB286ECE9B:LeaderElection23] INFO  server.RaftServerConfigKeys (ConfUtils.java:logGet(43)) - raft.server.log.appender.install.snapshot.enabled = false (custom)
2019-08-20 19:24:52,354 [2760a034-05cd-481b-aa2a-ebd2ba4013cc:group-68EB286ECE9B:LeaderElection23] INFO  impl.RoleInfo (RoleInfo.java:updateAndGet(143)) - 2760a034-05cd-481b-aa2a-ebd2ba4013cc: start LeaderState
2019-08-20 19:24:52,355 [2760a034-05cd-481b-aa2a-ebd2ba4013cc:group-68EB286ECE9B:LeaderElection23] INFO  segmented.SegmentedRaftLogWorker (SegmentedRaftLogWorker.java:startLogSegment(380)) - 2760a034-05cd-481b-aa2a-ebd2ba4013cc-SegmentedRaftLogWorker:Storage Directory /workdir/hadoop-ozone/integration-test/target/test-dir/MiniOzoneClusterImpl-c83b9401-1b06-4086-9e2d-44809f408d3d/datanode-1/data/ratis/0168b744-b22a-4736-8c13-68eb286ece9b: Starting segment from index:0
2019-08-20 19:24:52,355 [2760a034-05cd-481b-aa2a-ebd2ba4013cc:group-68EB286ECE9B:LeaderElection23] INFO  impl.RaftServerImpl (ServerState.java:setRaftConf(361)) - 2760a034-05cd-481b-aa2a-ebd2ba4013cc:group-68EB286ECE9B set configuration 0: [a9642e09-25a0-4922-9409-2b3018e22f5b:192.168.157.205:40637, 2760a034-05cd-481b-aa2a-ebd2ba4013cc:192.168.157.205:33761, 23dbf96a-50e4-4c0c-a46c-0e28d0bfca2f:192.168.157.205:33592], old=null at 0
2019-08-20 19:24:52,390 [grpc-default-executor-1] INFO  impl.RaftServerImpl (ServerState.java:setLeader(263)) - a9642e09-25a0-4922-9409-2b3018e22f5b:group-68EB286ECE9B change Leader from null to 2760a034-05cd-481b-aa2a-ebd2ba4013cc at term 1 for appendEntries, leader elected after 5267ms
2019-08-20 19:24:52,390 [grpc-default-executor-3] INFO  impl.RaftServerImpl (ServerState.java:setLeader(263)) - 23dbf96a-50e4-4c0c-a46c-0e28d0bfca2f:group-68EB286ECE9B change Leader from null to 2760a034-05cd-481b-aa2a-ebd2ba4013cc at term 1 for appendEntries, leader elected after 5267ms
2019-08-20 19:24:52,393 [grpc-default-executor-1] INFO  impl.RaftServerImpl (ServerState.java:setRaftConf(361)) - 23dbf96a-50e4-4c0c-a46c-0e28d0bfca2f:group-68EB286ECE9B set configuration 0: [a9642e09-25a0-4922-9409-2b3018e22f5b:192.168.157.205:40637, 2760a034-05cd-481b-aa2a-ebd2ba4013cc:192.168.157.205:33761, 23dbf96a-50e4-4c0c-a46c-0e28d0bfca2f:192.168.157.205:33592], old=null at 0
2019-08-20 19:24:52,393 [grpc-default-executor-3] INFO  impl.RaftServerImpl (ServerState.java:setRaftConf(361)) - a9642e09-25a0-4922-9409-2b3018e22f5b:group-68EB286ECE9B set configuration 0: [a9642e09-25a0-4922-9409-2b3018e22f5b:192.168.157.205:40637, 2760a034-05cd-481b-aa2a-ebd2ba4013cc:192.168.157.205:33761, 23dbf96a-50e4-4c0c-a46c-0e28d0bfca2f:192.168.157.205:33592], old=null at 0
2019-08-20 19:24:52,393 [grpc-default-executor-1] INFO  segmented.SegmentedRaftLogWorker (SegmentedRaftLogWorker.java:startLogSegment(380)) - 23dbf96a-50e4-4c0c-a46c-0e28d0bfca2f-SegmentedRaftLogWorker:Storage Directory /workdir/hadoop-ozone/integration-test/target/test-dir/MiniOzoneClusterImpl-c83b9401-1b06-4086-9e2d-44809f408d3d/datanode-0/data/ratis/0168b744-b22a-4736-8c13-68eb286ece9b: Starting segment from index:0
2019-08-20 19:24:52,393 [grpc-default-executor-3] INFO  segmented.SegmentedRaftLogWorker (SegmentedRaftLogWorker.java:startLogSegment(380)) - a9642e09-25a0-4922-9409-2b3018e22f5b-SegmentedRaftLogWorker:Storage Directory /workdir/hadoop-ozone/integration-test/target/test-dir/MiniOzoneClusterImpl-c83b9401-1b06-4086-9e2d-44809f408d3d/datanode-2/data/ratis/0168b744-b22a-4736-8c13-68eb286ece9b: Starting segment from index:0
2019-08-20 19:24:52,413 [2760a034-05cd-481b-aa2a-ebd2ba4013cc-SegmentedRaftLogWorker:Storage Directory /workdir/hadoop-ozone/integration-test/target/test-dir/MiniOzoneClusterImpl-c83b9401-1b06-4086-9e2d-44809f408d3d/datanode-1/data/ratis/0168b744-b22a-4736-8c13-68eb286ece9b] INFO  segmented.SegmentedRaftLogWorker (SegmentedRaftLogWorker.java:execute(569)) - 2760a034-05cd-481b-aa2a-ebd2ba4013cc-SegmentedRaftLogWorker:Storage Directory /workdir/hadoop-ozone/integration-test/target/test-dir/MiniOzoneClusterImpl-c83b9401-1b06-4086-9e2d-44809f408d3d/datanode-1/data/ratis/0168b744-b22a-4736-8c13-68eb286ece9b: created new log segment /workdir/hadoop-ozone/integration-test/target/test-dir/MiniOzoneClusterImpl-c83b9401-1b06-4086-9e2d-44809f408d3d/datanode-1/data/ratis/0168b744-b22a-4736-8c13-68eb286ece9b/current/log_inprogress_0
2019-08-20 19:24:52,435 [Thread-736] INFO  impl.FollowerState (FollowerState.java:run(106)) - c86707b4-b48a-47cd-ae4d-9b9fecb37bc8:group-0A681F522DF7 changes to CANDIDATE, lastRpcTime:5150, electionTimeout:5150ms
2019-08-20 19:24:52,436 [Thread-736] INFO  impl.RoleInfo (RoleInfo.java:shutdownFollowerState(121)) - c86707b4-b48a-47cd-ae4d-9b9fecb37bc8: shutdown FollowerState
2019-08-20 19:24:52,436 [Thread-736] INFO  impl.RaftServerImpl (RaftServerImpl.java:setRole(171)) - c86707b4-b48a-47cd-ae4d-9b9fecb37bc8:group-0A681F522DF7 changes role from FOLLOWER to CANDIDATE at term 0 for changeToCandidate
2019-08-20 19:24:52,436 [Thread-736] INFO  impl.RoleInfo (RoleInfo.java:updateAndGet(143)) - c86707b4-b48a-47cd-ae4d-9b9fecb37bc8: start LeaderElection
2019-08-20 19:24:52,444 [23dbf96a-50e4-4c0c-a46c-0e28d0bfca2f-SegmentedRaftLogWorker:Storage Directory /workdir/hadoop-ozone/integration-test/target/test-dir/MiniOzoneClusterImpl-c83b9401-1b06-4086-9e2d-44809f408d3d/datanode-0/data/ratis/0168b744-b22a-4736-8c13-68eb286ece9b] INFO  segmented.SegmentedRaftLogWorker (SegmentedRaftLogWorker.java:execute(569)) - 23dbf96a-50e4-4c0c-a46c-0e28d0bfca2f-SegmentedRaftLogWorker:Storage Directory /workdir/hadoop-ozone/integration-test/target/test-dir/MiniOzoneClusterImpl-c83b9401-1b06-4086-9e2d-44809f408d3d/datanode-0/data/ratis/0168b744-b22a-4736-8c13-68eb286ece9b: created new log segment /workdir/hadoop-ozone/integration-test/target/test-dir/MiniOzoneClusterImpl-c83b9401-1b06-4086-9e2d-44809f408d3d/datanode-0/data/ratis/0168b744-b22a-4736-8c13-68eb286ece9b/current/log_inprogress_0
2019-08-20 19:24:52,444 [a9642e09-25a0-4922-9409-2b3018e22f5b-SegmentedRaftLogWorker:Storage Directory /workdir/hadoop-ozone/integration-test/target/test-dir/MiniOzoneClusterImpl-c83b9401-1b06-4086-9e2d-44809f408d3d/datanode-2/data/ratis/0168b744-b22a-4736-8c13-68eb286ece9b] INFO  segmented.SegmentedRaftLogWorker (SegmentedRaftLogWorker.java:execute(569)) - a9642e09-25a0-4922-9409-2b3018e22f5b-SegmentedRaftLogWorker:Storage Directory /workdir/hadoop-ozone/integration-test/target/test-dir/MiniOzoneClusterImpl-c83b9401-1b06-4086-9e2d-44809f408d3d/datanode-2/data/ratis/0168b744-b22a-4736-8c13-68eb286ece9b: created new log segment /workdir/hadoop-ozone/integration-test/target/test-dir/MiniOzoneClusterImpl-c83b9401-1b06-4086-9e2d-44809f408d3d/datanode-2/data/ratis/0168b744-b22a-4736-8c13-68eb286ece9b/current/log_inprogress_0
2019-08-20 19:24:52,460 [c86707b4-b48a-47cd-ae4d-9b9fecb37bc8:group-0A681F522DF7:LeaderElection24] INFO  impl.LeaderElection (LeaderElection.java:askForVotes(181)) - c86707b4-b48a-47cd-ae4d-9b9fecb37bc8:group-0A681F522DF7:LeaderElection24: begin an election at term 1 for -1: [c86707b4-b48a-47cd-ae4d-9b9fecb37bc8:192.168.157.205:38537], old=null
2019-08-20 19:24:52,460 [c86707b4-b48a-47cd-ae4d-9b9fecb37bc8:group-0A681F522DF7:LeaderElection24] INFO  impl.RoleInfo (RoleInfo.java:shutdownLeaderElection(134)) - c86707b4-b48a-47cd-ae4d-9b9fecb37bc8: shutdown LeaderElection
2019-08-20 19:24:52,461 [c86707b4-b48a-47cd-ae4d-9b9fecb37bc8:group-0A681F522DF7:LeaderElection24] INFO  impl.RaftServerImpl (RaftServerImpl.java:setRole(171)) - c86707b4-b48a-47cd-ae4d-9b9fecb37bc8:group-0A681F522DF7 changes role from CANDIDATE to LEADER at term 1 for changeToLeader
2019-08-20 19:24:52,461 [c86707b4-b48a-47cd-ae4d-9b9fecb37bc8:group-0A681F522DF7:LeaderElection24] INFO  impl.RaftServerImpl (ServerState.java:setLeader(263)) - c86707b4-b48a-47cd-ae4d-9b9fecb37bc8:group-0A681F522DF7 change Leader from null to c86707b4-b48a-47cd-ae4d-9b9fecb37bc8 at term 1 for becomeLeader, leader elected after 5180ms
2019-08-20 19:24:52,461 [c86707b4-b48a-47cd-ae4d-9b9fecb37bc8:group-0A681F522DF7:LeaderElection24] INFO  server.RaftServerConfigKeys (ConfUtils.java:logGet(43)) - raft.server.staging.catchup.gap = 1000 (default)
2019-08-20 19:24:52,461 [c86707b4-b48a-47cd-ae4d-9b9fecb37bc8:group-0A681F522DF7:LeaderElection24] INFO  server.RaftServerConfigKeys (ConfUtils.java:logGet(43)) - raft.server.rpc.sleep.time = 25ms (default)
2019-08-20 19:24:52,461 [c86707b4-b48a-47cd-ae4d-9b9fecb37bc8:group-0A681F522DF7:LeaderElection24] INFO  server.RaftServerConfigKeys (ConfUtils.java:logGet(43)) - raft.server.write.element-limit = 4096 (default)
2019-08-20 19:24:52,461 [c86707b4-b48a-47cd-ae4d-9b9fecb37bc8:group-0A681F522DF7:LeaderElection24] INFO  server.RaftServerConfigKeys (ConfUtils.java:logGet(43)) - raft.server.watch.timeout = 10s (default)
2019-08-20 19:24:52,461 [c86707b4-b48a-47cd-ae4d-9b9fecb37bc8:group-0A681F522DF7:LeaderElection24] INFO  server.RaftServerConfigKeys (ConfUtils.java:logGet(43)) - raft.server.watch.timeout.denomination = 1s (default)
2019-08-20 19:24:52,461 [c86707b4-b48a-47cd-ae4d-9b9fecb37bc8:group-0A681F522DF7:LeaderElection24] INFO  server.RaftServerConfigKeys (ConfUtils.java:logGet(43)) - raft.server.watch.element-limit = 65536 (default)
2019-08-20 19:24:52,462 [c86707b4-b48a-47cd-ae4d-9b9fecb37bc8:group-0A681F522DF7:LeaderElection24] INFO  impl.RoleInfo (RoleInfo.java:updateAndGet(143)) - c86707b4-b48a-47cd-ae4d-9b9fecb37bc8: start LeaderState
2019-08-20 19:24:52,462 [c86707b4-b48a-47cd-ae4d-9b9fecb37bc8:group-0A681F522DF7:LeaderElection24] INFO  segmented.SegmentedRaftLogWorker (SegmentedRaftLogWorker.java:startLogSegment(380)) - c86707b4-b48a-47cd-ae4d-9b9fecb37bc8-SegmentedRaftLogWorker:Storage Directory /workdir/hadoop-ozone/integration-test/target/test-dir/MiniOzoneClusterImpl-c83b9401-1b06-4086-9e2d-44809f408d3d/datanode-3/data/ratis/6fc70c2a-32ba-406a-911c-0a681f522df7: Starting segment from index:0
2019-08-20 19:24:52,462 [c86707b4-b48a-47cd-ae4d-9b9fecb37bc8:group-0A681F522DF7:LeaderElection24] INFO  impl.RaftServerImpl (ServerState.java:setRaftConf(361)) - c86707b4-b48a-47cd-ae4d-9b9fecb37bc8:group-0A681F522DF7 set configuration 0: [c86707b4-b48a-47cd-ae4d-9b9fecb37bc8:192.168.157.205:38537], old=null at 0
2019-08-20 19:24:52,507 [c86707b4-b48a-47cd-ae4d-9b9fecb37bc8-SegmentedRaftLogWorker:Storage Directory /workdir/hadoop-ozone/integration-test/target/test-dir/MiniOzoneClusterImpl-c83b9401-1b06-4086-9e2d-44809f408d3d/datanode-3/data/ratis/6fc70c2a-32ba-406a-911c-0a681f522df7] INFO  segmented.SegmentedRaftLogWorker (SegmentedRaftLogWorker.java:execute(569)) - c86707b4-b48a-47cd-ae4d-9b9fecb37bc8-SegmentedRaftLogWorker:Storage Directory /workdir/hadoop-ozone/integration-test/target/test-dir/MiniOzoneClusterImpl-c83b9401-1b06-4086-9e2d-44809f408d3d/datanode-3/data/ratis/6fc70c2a-32ba-406a-911c-0a681f522df7: created new log segment /workdir/hadoop-ozone/integration-test/target/test-dir/MiniOzoneClusterImpl-c83b9401-1b06-4086-9e2d-44809f408d3d/datanode-3/data/ratis/6fc70c2a-32ba-406a-911c-0a681f522df7/current/log_inprogress_0
2019-08-20 19:24:52,629 | INFO  | SCMAudit | user=jenkins1000 | ip=192.168.157.205 | op=SEND_HEARTBEAT {datanodeUUID=23dbf96a-50e4-4c0c-a46c-0e28d0bfca2f, command=[]} | ret=SUCCESS |  
2019-08-20 19:24:52,647 | INFO  | SCMAudit | user=jenkins1000 | ip=192.168.157.205 | op=SEND_HEARTBEAT {datanodeUUID=261f2ceb-ac32-4ba4-817a-4ff79bcf4fe2, command=[]} | ret=SUCCESS |  
2019-08-20 19:24:52,819 [Thread-739] INFO  impl.FollowerState (FollowerState.java:run(106)) - 261f2ceb-ac32-4ba4-817a-4ff79bcf4fe2:group-EA6F3373C81B changes to CANDIDATE, lastRpcTime:5121, electionTimeout:5121ms
2019-08-20 19:24:52,819 [Thread-739] INFO  impl.RoleInfo (RoleInfo.java:shutdownFollowerState(121)) - 261f2ceb-ac32-4ba4-817a-4ff79bcf4fe2: shutdown FollowerState
2019-08-20 19:24:52,819 [Thread-739] INFO  impl.RaftServerImpl (RaftServerImpl.java:setRole(171)) - 261f2ceb-ac32-4ba4-817a-4ff79bcf4fe2:group-EA6F3373C81B changes role from FOLLOWER to CANDIDATE at term 0 for changeToCandidate
2019-08-20 19:24:52,819 [Thread-739] INFO  impl.RoleInfo (RoleInfo.java:updateAndGet(143)) - 261f2ceb-ac32-4ba4-817a-4ff79bcf4fe2: start LeaderElection
2019-08-20 19:24:52,834 | INFO  | SCMAudit | user=jenkins1000 | ip=192.168.157.205 | op=SEND_HEARTBEAT {datanodeUUID=2760a034-05cd-481b-aa2a-ebd2ba4013cc, command=[]} | ret=SUCCESS |  
2019-08-20 19:24:52,838 [261f2ceb-ac32-4ba4-817a-4ff79bcf4fe2:group-EA6F3373C81B:LeaderElection25] INFO  impl.LeaderElection (LeaderElection.java:askForVotes(181)) - 261f2ceb-ac32-4ba4-817a-4ff79bcf4fe2:group-EA6F3373C81B:LeaderElection25: begin an election at term 1 for -1: [261f2ceb-ac32-4ba4-817a-4ff79bcf4fe2:192.168.157.205:41126], old=null
2019-08-20 19:24:52,838 [261f2ceb-ac32-4ba4-817a-4ff79bcf4fe2:group-EA6F3373C81B:LeaderElection25] INFO  impl.RoleInfo (RoleInfo.java:shutdownLeaderElection(134)) - 261f2ceb-ac32-4ba4-817a-4ff79bcf4fe2: shutdown LeaderElection
2019-08-20 19:24:52,838 [261f2ceb-ac32-4ba4-817a-4ff79bcf4fe2:group-EA6F3373C81B:LeaderElection25] INFO  impl.RaftServerImpl (RaftServerImpl.java:setRole(171)) - 261f2ceb-ac32-4ba4-817a-4ff79bcf4fe2:group-EA6F3373C81B changes role from CANDIDATE to LEADER at term 1 for changeToLeader
2019-08-20 19:24:52,838 [261f2ceb-ac32-4ba4-817a-4ff79bcf4fe2:group-EA6F3373C81B:LeaderElection25] INFO  impl.RaftServerImpl (ServerState.java:setLeader(263)) - 261f2ceb-ac32-4ba4-817a-4ff79bcf4fe2:group-EA6F3373C81B change Leader from null to 261f2ceb-ac32-4ba4-817a-4ff79bcf4fe2 at term 1 for becomeLeader, leader elected after 5146ms
2019-08-20 19:24:52,839 [261f2ceb-ac32-4ba4-817a-4ff79bcf4fe2:group-EA6F3373C81B:LeaderElection25] INFO  server.RaftServerConfigKeys (ConfUtils.java:logGet(43)) - raft.server.staging.catchup.gap = 1000 (default)
2019-08-20 19:24:52,839 [261f2ceb-ac32-4ba4-817a-4ff79bcf4fe2:group-EA6F3373C81B:LeaderElection25] INFO  server.RaftServerConfigKeys (ConfUtils.java:logGet(43)) - raft.server.rpc.sleep.time = 25ms (default)
2019-08-20 19:24:52,839 [261f2ceb-ac32-4ba4-817a-4ff79bcf4fe2:group-EA6F3373C81B:LeaderElection25] INFO  server.RaftServerConfigKeys (ConfUtils.java:logGet(43)) - raft.server.write.element-limit = 4096 (default)
2019-08-20 19:24:52,839 [261f2ceb-ac32-4ba4-817a-4ff79bcf4fe2:group-EA6F3373C81B:LeaderElection25] INFO  server.RaftServerConfigKeys (ConfUtils.java:logGet(43)) - raft.server.watch.timeout = 10s (default)
2019-08-20 19:24:52,839 [261f2ceb-ac32-4ba4-817a-4ff79bcf4fe2:group-EA6F3373C81B:LeaderElection25] INFO  server.RaftServerConfigKeys (ConfUtils.java:logGet(43)) - raft.server.watch.timeout.denomination = 1s (default)
2019-08-20 19:24:52,839 [261f2ceb-ac32-4ba4-817a-4ff79bcf4fe2:group-EA6F3373C81B:LeaderElection25] INFO  server.RaftServerConfigKeys (ConfUtils.java:logGet(43)) - raft.server.watch.element-limit = 65536 (default)
2019-08-20 19:24:52,840 [261f2ceb-ac32-4ba4-817a-4ff79bcf4fe2:group-EA6F3373C81B:LeaderElection25] INFO  impl.RoleInfo (RoleInfo.java:updateAndGet(143)) - 261f2ceb-ac32-4ba4-817a-4ff79bcf4fe2: start LeaderState
2019-08-20 19:24:52,840 [261f2ceb-ac32-4ba4-817a-4ff79bcf4fe2:group-EA6F3373C81B:LeaderElection25] INFO  segmented.SegmentedRaftLogWorker (SegmentedRaftLogWorker.java:startLogSegment(380)) - 261f2ceb-ac32-4ba4-817a-4ff79bcf4fe2-SegmentedRaftLogWorker:Storage Directory /workdir/hadoop-ozone/integration-test/target/test-dir/MiniOzoneClusterImpl-c83b9401-1b06-4086-9e2d-44809f408d3d/datanode-4/data/ratis/fc9026e0-440a-4a5a-b3bf-ea6f3373c81b: Starting segment from index:0
2019-08-20 19:24:52,840 [261f2ceb-ac32-4ba4-817a-4ff79bcf4fe2:group-EA6F3373C81B:LeaderElection25] INFO  impl.RaftServerImpl (ServerState.java:setRaftConf(361)) - 261f2ceb-ac32-4ba4-817a-4ff79bcf4fe2:group-EA6F3373C81B set configuration 0: [261f2ceb-ac32-4ba4-817a-4ff79bcf4fe2:192.168.157.205:41126], old=null at 0
2019-08-20 19:24:52,892 [261f2ceb-ac32-4ba4-817a-4ff79bcf4fe2-SegmentedRaftLogWorker:Storage Directory /workdir/hadoop-ozone/integration-test/target/test-dir/MiniOzoneClusterImpl-c83b9401-1b06-4086-9e2d-44809f408d3d/datanode-4/data/ratis/fc9026e0-440a-4a5a-b3bf-ea6f3373c81b] INFO  segmented.SegmentedRaftLogWorker (SegmentedRaftLogWorker.java:execute(569)) - 261f2ceb-ac32-4ba4-817a-4ff79bcf4fe2-SegmentedRaftLogWorker:Storage Directory /workdir/hadoop-ozone/integration-test/target/test-dir/MiniOzoneClusterImpl-c83b9401-1b06-4086-9e2d-44809f408d3d/datanode-4/data/ratis/fc9026e0-440a-4a5a-b3bf-ea6f3373c81b: created new log segment /workdir/hadoop-ozone/integration-test/target/test-dir/MiniOzoneClusterImpl-c83b9401-1b06-4086-9e2d-44809f408d3d/datanode-4/data/ratis/fc9026e0-440a-4a5a-b3bf-ea6f3373c81b/current/log_inprogress_0
2019-08-20 19:24:52,896 | INFO  | SCMAudit | user=jenkins1000 | ip=192.168.157.205 | op=SEND_HEARTBEAT {datanodeUUID=ca787d9a-54ae-4c30-9573-1f3ad278257b, command=[]} | ret=SUCCESS |  
2019-08-20 19:24:53,024 | INFO  | SCMAudit | user=jenkins1000 | ip=192.168.157.205 | op=SEND_HEARTBEAT {datanodeUUID=a9642e09-25a0-4922-9409-2b3018e22f5b, command=[]} | ret=SUCCESS |  
2019-08-20 19:24:53,041 [Thread-745] INFO  impl.FollowerState (FollowerState.java:run(106)) - c86707b4-b48a-47cd-ae4d-9b9fecb37bc8:group-03D39BA76A7E changes to CANDIDATE, lastRpcTime:5051, electionTimeout:5051ms
2019-08-20 19:24:53,042 [Thread-745] INFO  impl.RoleInfo (RoleInfo.java:shutdownFollowerState(121)) - c86707b4-b48a-47cd-ae4d-9b9fecb37bc8: shutdown FollowerState
2019-08-20 19:24:53,042 [Thread-745] INFO  impl.RaftServerImpl (RaftServerImpl.java:setRole(171)) - c86707b4-b48a-47cd-ae4d-9b9fecb37bc8:group-03D39BA76A7E changes role from FOLLOWER to CANDIDATE at term 0 for changeToCandidate
2019-08-20 19:24:53,042 [Thread-745] INFO  impl.RoleInfo (RoleInfo.java:updateAndGet(143)) - c86707b4-b48a-47cd-ae4d-9b9fecb37bc8: start LeaderElection
2019-08-20 19:24:53,047 | INFO  | SCMAudit | user=jenkins1000 | ip=192.168.157.205 | op=SEND_HEARTBEAT {datanodeUUID=e9a67988-5972-48d3-82ec-24bac939e4cd, command=[]} | ret=SUCCESS |  
2019-08-20 19:24:53,066 [Thread-742] INFO  impl.FollowerState (FollowerState.java:run(106)) - ca787d9a-54ae-4c30-9573-1f3ad278257b:group-6EC6B991F7C6 changes to CANDIDATE, lastRpcTime:5134, electionTimeout:5134ms
2019-08-20 19:24:53,066 [Thread-742] INFO  impl.RoleInfo (RoleInfo.java:shutdownFollowerState(121)) - ca787d9a-54ae-4c30-9573-1f3ad278257b: shutdown FollowerState
2019-08-20 19:24:53,066 [Thread-742] INFO  impl.RaftServerImpl (RaftServerImpl.java:setRole(171)) - ca787d9a-54ae-4c30-9573-1f3ad278257b:group-6EC6B991F7C6 changes role from FOLLOWER to CANDIDATE at term 0 for changeToCandidate
2019-08-20 19:24:53,066 [Thread-742] INFO  impl.RoleInfo (RoleInfo.java:updateAndGet(143)) - ca787d9a-54ae-4c30-9573-1f3ad278257b: start LeaderElection
2019-08-20 19:24:53,071 [c86707b4-b48a-47cd-ae4d-9b9fecb37bc8:group-03D39BA76A7E:LeaderElection26] INFO  impl.LeaderElection (LeaderElection.java:askForVotes(181)) - c86707b4-b48a-47cd-ae4d-9b9fecb37bc8:group-03D39BA76A7E:LeaderElection26: begin an election at term 1 for -1: [261f2ceb-ac32-4ba4-817a-4ff79bcf4fe2:192.168.157.205:41126, c86707b4-b48a-47cd-ae4d-9b9fecb37bc8:192.168.157.205:38537, ca787d9a-54ae-4c30-9573-1f3ad278257b:192.168.157.205:38551], old=null
2019-08-20 19:24:53,073 [ca787d9a-54ae-4c30-9573-1f3ad278257b:group-6EC6B991F7C6:LeaderElection27] INFO  impl.LeaderElection (LeaderElection.java:askForVotes(181)) - ca787d9a-54ae-4c30-9573-1f3ad278257b:group-6EC6B991F7C6:LeaderElection27: begin an election at term 1 for -1: [ca787d9a-54ae-4c30-9573-1f3ad278257b:192.168.157.205:38551], old=null
2019-08-20 19:24:53,073 [ca787d9a-54ae-4c30-9573-1f3ad278257b:group-6EC6B991F7C6:LeaderElection27] INFO  impl.RoleInfo (RoleInfo.java:shutdownLeaderElection(134)) - ca787d9a-54ae-4c30-9573-1f3ad278257b: shutdown LeaderElection
2019-08-20 19:24:53,073 [ca787d9a-54ae-4c30-9573-1f3ad278257b:group-6EC6B991F7C6:LeaderElection27] INFO  impl.RaftServerImpl (RaftServerImpl.java:setRole(171)) - ca787d9a-54ae-4c30-9573-1f3ad278257b:group-6EC6B991F7C6 changes role from CANDIDATE to LEADER at term 1 for changeToLeader
2019-08-20 19:24:53,074 [ca787d9a-54ae-4c30-9573-1f3ad278257b:group-6EC6B991F7C6:LeaderElection27] INFO  impl.RaftServerImpl (ServerState.java:setLeader(263)) - ca787d9a-54ae-4c30-9573-1f3ad278257b:group-6EC6B991F7C6 change Leader from null to ca787d9a-54ae-4c30-9573-1f3ad278257b at term 1 for becomeLeader, leader elected after 5148ms
2019-08-20 19:24:53,074 [ca787d9a-54ae-4c30-9573-1f3ad278257b:group-6EC6B991F7C6:LeaderElection27] INFO  server.RaftServerConfigKeys (ConfUtils.java:logGet(43)) - raft.server.staging.catchup.gap = 1000 (default)
2019-08-20 19:24:53,074 [ca787d9a-54ae-4c30-9573-1f3ad278257b:group-6EC6B991F7C6:LeaderElection27] INFO  server.RaftServerConfigKeys (ConfUtils.java:logGet(43)) - raft.server.rpc.sleep.time = 25ms (default)
2019-08-20 19:24:53,074 [ca787d9a-54ae-4c30-9573-1f3ad278257b:group-6EC6B991F7C6:LeaderElection27] INFO  server.RaftServerConfigKeys (ConfUtils.java:logGet(43)) - raft.server.write.element-limit = 4096 (default)
2019-08-20 19:24:53,074 [ca787d9a-54ae-4c30-9573-1f3ad278257b:group-6EC6B991F7C6:LeaderElection27] INFO  server.RaftServerConfigKeys (ConfUtils.java:logGet(43)) - raft.server.watch.timeout = 10s (default)
2019-08-20 19:24:53,074 [ca787d9a-54ae-4c30-9573-1f3ad278257b:group-6EC6B991F7C6:LeaderElection27] INFO  server.RaftServerConfigKeys (ConfUtils.java:logGet(43)) - raft.server.watch.timeout.denomination = 1s (default)
2019-08-20 19:24:53,074 [ca787d9a-54ae-4c30-9573-1f3ad278257b:group-6EC6B991F7C6:LeaderElection27] INFO  server.RaftServerConfigKeys (ConfUtils.java:logGet(43)) - raft.server.watch.element-limit = 65536 (default)
2019-08-20 19:24:53,074 [ca787d9a-54ae-4c30-9573-1f3ad278257b:group-6EC6B991F7C6:LeaderElection27] INFO  impl.RoleInfo (RoleInfo.java:updateAndGet(143)) - ca787d9a-54ae-4c30-9573-1f3ad278257b: start LeaderState
2019-08-20 19:24:53,075 [ca787d9a-54ae-4c30-9573-1f3ad278257b:group-6EC6B991F7C6:LeaderElection27] INFO  segmented.SegmentedRaftLogWorker (SegmentedRaftLogWorker.java:startLogSegment(380)) - ca787d9a-54ae-4c30-9573-1f3ad278257b-SegmentedRaftLogWorker:Storage Directory /workdir/hadoop-ozone/integration-test/target/test-dir/MiniOzoneClusterImpl-c83b9401-1b06-4086-9e2d-44809f408d3d/datanode-5/data/ratis/204b841a-f9cd-4e2b-b871-6ec6b991f7c6: Starting segment from index:0
2019-08-20 19:24:53,075 [ca787d9a-54ae-4c30-9573-1f3ad278257b:group-6EC6B991F7C6:LeaderElection27] INFO  impl.RaftServerImpl (ServerState.java:setRaftConf(361)) - ca787d9a-54ae-4c30-9573-1f3ad278257b:group-6EC6B991F7C6 set configuration 0: [ca787d9a-54ae-4c30-9573-1f3ad278257b:192.168.157.205:38551], old=null at 0
2019-08-20 19:24:53,106 [grpc-default-executor-1] INFO  impl.RaftServerImpl (RaftServerImpl.java:setRole(171)) - ca787d9a-54ae-4c30-9573-1f3ad278257b:group-03D39BA76A7E changes role from FOLLOWER to FOLLOWER at term 1 for recognizeCandidate:c86707b4-b48a-47cd-ae4d-9b9fecb37bc8
2019-08-20 19:24:53,106 [grpc-default-executor-3] INFO  impl.RaftServerImpl (RaftServerImpl.java:setRole(171)) - 261f2ceb-ac32-4ba4-817a-4ff79bcf4fe2:group-03D39BA76A7E changes role from FOLLOWER to FOLLOWER at term 1 for recognizeCandidate:c86707b4-b48a-47cd-ae4d-9b9fecb37bc8
2019-08-20 19:24:53,107 [grpc-default-executor-1] INFO  impl.RoleInfo (RoleInfo.java:shutdownFollowerState(121)) - ca787d9a-54ae-4c30-9573-1f3ad278257b: shutdown FollowerState
2019-08-20 19:24:53,107 [grpc-default-executor-3] INFO  impl.RoleInfo (RoleInfo.java:shutdownFollowerState(121)) - 261f2ceb-ac32-4ba4-817a-4ff79bcf4fe2: shutdown FollowerState
2019-08-20 19:24:53,107 [Thread-749] INFO  impl.FollowerState (FollowerState.java:run(114)) - ca787d9a-54ae-4c30-9573-1f3ad278257b: FollowerState was interrupted: java.lang.InterruptedException: sleep interrupted
2019-08-20 19:24:53,107 [grpc-default-executor-1] INFO  impl.RoleInfo (RoleInfo.java:updateAndGet(143)) - ca787d9a-54ae-4c30-9573-1f3ad278257b: start FollowerState
2019-08-20 19:24:53,107 [Thread-750] INFO  impl.FollowerState (FollowerState.java:run(114)) - 261f2ceb-ac32-4ba4-817a-4ff79bcf4fe2: FollowerState was interrupted: java.lang.InterruptedException: sleep interrupted
2019-08-20 19:24:53,107 [grpc-default-executor-3] INFO  impl.RoleInfo (RoleInfo.java:updateAndGet(143)) - 261f2ceb-ac32-4ba4-817a-4ff79bcf4fe2: start FollowerState
2019-08-20 19:24:53,120 [ca787d9a-54ae-4c30-9573-1f3ad278257b-SegmentedRaftLogWorker:Storage Directory /workdir/hadoop-ozone/integration-test/target/test-dir/MiniOzoneClusterImpl-c83b9401-1b06-4086-9e2d-44809f408d3d/datanode-5/data/ratis/204b841a-f9cd-4e2b-b871-6ec6b991f7c6] INFO  segmented.SegmentedRaftLogWorker (SegmentedRaftLogWorker.java:execute(569)) - ca787d9a-54ae-4c30-9573-1f3ad278257b-SegmentedRaftLogWorker:Storage Directory /workdir/hadoop-ozone/integration-test/target/test-dir/MiniOzoneClusterImpl-c83b9401-1b06-4086-9e2d-44809f408d3d/datanode-5/data/ratis/204b841a-f9cd-4e2b-b871-6ec6b991f7c6: created new log segment /workdir/hadoop-ozone/integration-test/target/test-dir/MiniOzoneClusterImpl-c83b9401-1b06-4086-9e2d-44809f408d3d/datanode-5/data/ratis/204b841a-f9cd-4e2b-b871-6ec6b991f7c6/current/log_inprogress_0
2019-08-20 19:24:53,123 [c86707b4-b48a-47cd-ae4d-9b9fecb37bc8:group-03D39BA76A7E:LeaderElection26] INFO  impl.LeaderElection (LeaderElection.java:logAndReturn(56)) - c86707b4-b48a-47cd-ae4d-9b9fecb37bc8:group-03D39BA76A7E:LeaderElection26: Election PASSED; received 1 response(s) [c86707b4-b48a-47cd-ae4d-9b9fecb37bc8<-ca787d9a-54ae-4c30-9573-1f3ad278257b#0:OK-t1] and 0 exception(s); c86707b4-b48a-47cd-ae4d-9b9fecb37bc8:t1, leader=null, voted=c86707b4-b48a-47cd-ae4d-9b9fecb37bc8, raftlog=c86707b4-b48a-47cd-ae4d-9b9fecb37bc8-SegmentedRaftLog:OPENED:c-1,f-1,i0, conf=-1: [261f2ceb-ac32-4ba4-817a-4ff79bcf4fe2:192.168.157.205:41126, c86707b4-b48a-47cd-ae4d-9b9fecb37bc8:192.168.157.205:38537, ca787d9a-54ae-4c30-9573-1f3ad278257b:192.168.157.205:38551], old=null
2019-08-20 19:24:53,123 [c86707b4-b48a-47cd-ae4d-9b9fecb37bc8:group-03D39BA76A7E:LeaderElection26] INFO  impl.RoleInfo (RoleInfo.java:shutdownLeaderElection(134)) - c86707b4-b48a-47cd-ae4d-9b9fecb37bc8: shutdown LeaderElection
2019-08-20 19:24:53,124 [c86707b4-b48a-47cd-ae4d-9b9fecb37bc8:group-03D39BA76A7E:LeaderElection26] INFO  impl.RaftServerImpl (RaftServerImpl.java:setRole(171)) - c86707b4-b48a-47cd-ae4d-9b9fecb37bc8:group-03D39BA76A7E changes role from CANDIDATE to LEADER at term 1 for changeToLeader
2019-08-20 19:24:53,124 [c86707b4-b48a-47cd-ae4d-9b9fecb37bc8:group-03D39BA76A7E:LeaderElection26] INFO  impl.RaftServerImpl (ServerState.java:setLeader(263)) - c86707b4-b48a-47cd-ae4d-9b9fecb37bc8:group-03D39BA76A7E change Leader from null to c86707b4-b48a-47cd-ae4d-9b9fecb37bc8 at term 1 for becomeLeader, leader elected after 5140ms
2019-08-20 19:24:53,124 [c86707b4-b48a-47cd-ae4d-9b9fecb37bc8:group-03D39BA76A7E:LeaderElection26] INFO  server.RaftServerConfigKeys (ConfUtils.java:logGet(43)) - raft.server.staging.catchup.gap = 1000 (default)
2019-08-20 19:24:53,124 [c86707b4-b48a-47cd-ae4d-9b9fecb37bc8:group-03D39BA76A7E:LeaderElection26] INFO  server.RaftServerConfigKeys (ConfUtils.java:logGet(43)) - raft.server.rpc.sleep.time = 25ms (default)
2019-08-20 19:24:53,124 [c86707b4-b48a-47cd-ae4d-9b9fecb37bc8:group-03D39BA76A7E:LeaderElection26] INFO  server.RaftServerConfigKeys (ConfUtils.java:logGet(43)) - raft.server.write.element-limit = 4096 (default)
2019-08-20 19:24:53,124 [c86707b4-b48a-47cd-ae4d-9b9fecb37bc8:group-03D39BA76A7E:LeaderElection26] INFO  server.RaftServerConfigKeys (ConfUtils.java:logGet(43)) - raft.server.watch.timeout = 10s (default)
2019-08-20 19:24:53,124 [c86707b4-b48a-47cd-ae4d-9b9fecb37bc8:group-03D39BA76A7E:LeaderElection26] INFO  server.RaftServerConfigKeys (ConfUtils.java:logGet(43)) - raft.server.watch.timeout.denomination = 1s (default)
2019-08-20 19:24:53,124 [c86707b4-b48a-47cd-ae4d-9b9fecb37bc8:group-03D39BA76A7E:LeaderElection26] INFO  server.RaftServerConfigKeys (ConfUtils.java:logGet(43)) - raft.server.watch.element-limit = 65536 (default)
2019-08-20 19:24:53,125 [c86707b4-b48a-47cd-ae4d-9b9fecb37bc8:group-03D39BA76A7E:LeaderElection26] INFO  server.RaftServerConfigKeys (ConfUtils.java:logGet(43)) - raft.server.log.appender.snapshot.chunk.size.max = 16MB (=16777216) (default)
2019-08-20 19:24:53,125 [c86707b4-b48a-47cd-ae4d-9b9fecb37bc8:group-03D39BA76A7E:LeaderElection26] INFO  server.RaftServerConfigKeys (ConfUtils.java:logGet(43)) - raft.server.log.appender.buffer.byte-limit = 33554432 (custom)
2019-08-20 19:24:53,125 [c86707b4-b48a-47cd-ae4d-9b9fecb37bc8:group-03D39BA76A7E:LeaderElection26] INFO  server.RaftServerConfigKeys (ConfUtils.java:logGet(43)) - raft.server.log.appender.buffer.element-limit = 1 (custom)
2019-08-20 19:24:53,125 [c86707b4-b48a-47cd-ae4d-9b9fecb37bc8:group-03D39BA76A7E:LeaderElection26] INFO  grpc.GrpcConfigKeys$Server (ConfUtils.java:logGet(43)) - raft.grpc.server.leader.outstanding.appends.max = 128 (default)
2019-08-20 19:24:53,125 [c86707b4-b48a-47cd-ae4d-9b9fecb37bc8:group-03D39BA76A7E:LeaderElection26] INFO  server.RaftServerConfigKeys (ConfUtils.java:logGet(43)) - raft.server.rpc.request.timeout = 3000ms (default)
2019-08-20 19:24:53,125 [c86707b4-b48a-47cd-ae4d-9b9fecb37bc8:group-03D39BA76A7E:LeaderElection26] INFO  server.RaftServerConfigKeys (ConfUtils.java:logGet(43)) - raft.server.log.appender.install.snapshot.enabled = false (custom)
2019-08-20 19:24:53,126 [c86707b4-b48a-47cd-ae4d-9b9fecb37bc8:group-03D39BA76A7E:LeaderElection26] INFO  server.RaftServerConfigKeys (ConfUtils.java:logGet(43)) - raft.server.log.appender.snapshot.chunk.size.max = 16MB (=16777216) (default)
2019-08-20 19:24:53,126 [c86707b4-b48a-47cd-ae4d-9b9fecb37bc8:group-03D39BA76A7E:LeaderElection26] INFO  server.RaftServerConfigKeys (ConfUtils.java:logGet(43)) - raft.server.log.appender.buffer.byte-limit = 33554432 (custom)
2019-08-20 19:24:53,126 [c86707b4-b48a-47cd-ae4d-9b9fecb37bc8:group-03D39BA76A7E:LeaderElection26] INFO  server.RaftServerConfigKeys (ConfUtils.java:logGet(43)) - raft.server.log.appender.buffer.element-limit = 1 (custom)
2019-08-20 19:24:53,126 [c86707b4-b48a-47cd-ae4d-9b9fecb37bc8:group-03D39BA76A7E:LeaderElection26] INFO  grpc.GrpcConfigKeys$Server (ConfUtils.java:logGet(43)) - raft.grpc.server.leader.outstanding.appends.max = 128 (default)
2019-08-20 19:24:53,126 [c86707b4-b48a-47cd-ae4d-9b9fecb37bc8:group-03D39BA76A7E:LeaderElection26] INFO  server.RaftServerConfigKeys (ConfUtils.java:logGet(43)) - raft.server.rpc.request.timeout = 3000ms (default)
2019-08-20 19:24:53,126 [c86707b4-b48a-47cd-ae4d-9b9fecb37bc8:group-03D39BA76A7E:LeaderElection26] INFO  server.RaftServerConfigKeys (ConfUtils.java:logGet(43)) - raft.server.log.appender.install.snapshot.enabled = false (custom)
2019-08-20 19:24:53,126 [c86707b4-b48a-47cd-ae4d-9b9fecb37bc8:group-03D39BA76A7E:LeaderElection26] INFO  impl.RoleInfo (RoleInfo.java:updateAndGet(143)) - c86707b4-b48a-47cd-ae4d-9b9fecb37bc8: start LeaderState
2019-08-20 19:24:53,127 [c86707b4-b48a-47cd-ae4d-9b9fecb37bc8:group-03D39BA76A7E:LeaderElection26] INFO  segmented.SegmentedRaftLogWorker (SegmentedRaftLogWorker.java:startLogSegment(380)) - c86707b4-b48a-47cd-ae4d-9b9fecb37bc8-SegmentedRaftLogWorker:Storage Directory /workdir/hadoop-ozone/integration-test/target/test-dir/MiniOzoneClusterImpl-c83b9401-1b06-4086-9e2d-44809f408d3d/datanode-3/data/ratis/bb36ead3-8b26-442d-bf8e-03d39ba76a7e: Starting segment from index:0
2019-08-20 19:24:53,127 [c86707b4-b48a-47cd-ae4d-9b9fecb37bc8:group-03D39BA76A7E:LeaderElection26] INFO  impl.RaftServerImpl (ServerState.java:setRaftConf(361)) - c86707b4-b48a-47cd-ae4d-9b9fecb37bc8:group-03D39BA76A7E set configuration 0: [261f2ceb-ac32-4ba4-817a-4ff79bcf4fe2:192.168.157.205:41126, c86707b4-b48a-47cd-ae4d-9b9fecb37bc8:192.168.157.205:38537, ca787d9a-54ae-4c30-9573-1f3ad278257b:192.168.157.205:38551], old=null at 0
2019-08-20 19:24:53,155 [Thread-756] INFO  impl.FollowerState (FollowerState.java:run(106)) - e9a67988-5972-48d3-82ec-24bac939e4cd:group-411516AA4F03 changes to CANDIDATE, lastRpcTime:5030, electionTimeout:5020ms
2019-08-20 19:24:53,155 [Thread-756] INFO  impl.RoleInfo (RoleInfo.java:shutdownFollowerState(121)) - e9a67988-5972-48d3-82ec-24bac939e4cd: shutdown FollowerState
2019-08-20 19:24:53,155 [Thread-756] INFO  impl.RaftServerImpl (RaftServerImpl.java:setRole(171)) - e9a67988-5972-48d3-82ec-24bac939e4cd:group-411516AA4F03 changes role from FOLLOWER to CANDIDATE at term 0 for changeToCandidate
2019-08-20 19:24:53,155 [Thread-756] INFO  impl.RoleInfo (RoleInfo.java:updateAndGet(143)) - e9a67988-5972-48d3-82ec-24bac939e4cd: start LeaderElection
2019-08-20 19:24:53,161 [grpc-default-executor-3] INFO  impl.RaftServerImpl (ServerState.java:setLeader(263)) - 261f2ceb-ac32-4ba4-817a-4ff79bcf4fe2:group-03D39BA76A7E change Leader from null to c86707b4-b48a-47cd-ae4d-9b9fecb37bc8 at term 1 for appendEntries, leader elected after 5177ms
2019-08-20 19:24:53,161 [grpc-default-executor-1] INFO  impl.RaftServerImpl (ServerState.java:setLeader(263)) - ca787d9a-54ae-4c30-9573-1f3ad278257b:group-03D39BA76A7E change Leader from null to c86707b4-b48a-47cd-ae4d-9b9fecb37bc8 at term 1 for appendEntries, leader elected after 5176ms
2019-08-20 19:24:53,167 [c86707b4-b48a-47cd-ae4d-9b9fecb37bc8-SegmentedRaftLogWorker:Storage Directory /workdir/hadoop-ozone/integration-test/target/test-dir/MiniOzoneClusterImpl-c83b9401-1b06-4086-9e2d-44809f408d3d/datanode-3/data/ratis/bb36ead3-8b26-442d-bf8e-03d39ba76a7e] INFO  segmented.SegmentedRaftLogWorker (SegmentedRaftLogWorker.java:execute(569)) - c86707b4-b48a-47cd-ae4d-9b9fecb37bc8-SegmentedRaftLogWorker:Storage Directory /workdir/hadoop-ozone/integration-test/target/test-dir/MiniOzoneClusterImpl-c83b9401-1b06-4086-9e2d-44809f408d3d/datanode-3/data/ratis/bb36ead3-8b26-442d-bf8e-03d39ba76a7e: created new log segment /workdir/hadoop-ozone/integration-test/target/test-dir/MiniOzoneClusterImpl-c83b9401-1b06-4086-9e2d-44809f408d3d/datanode-3/data/ratis/bb36ead3-8b26-442d-bf8e-03d39ba76a7e/current/log_inprogress_0
2019-08-20 19:24:53,167 [e9a67988-5972-48d3-82ec-24bac939e4cd:group-411516AA4F03:LeaderElection28] INFO  impl.LeaderElection (LeaderElection.java:askForVotes(181)) - e9a67988-5972-48d3-82ec-24bac939e4cd:group-411516AA4F03:LeaderElection28: begin an election at term 1 for -1: [e9a67988-5972-48d3-82ec-24bac939e4cd:192.168.157.205:41146], old=null
2019-08-20 19:24:53,168 [e9a67988-5972-48d3-82ec-24bac939e4cd:group-411516AA4F03:LeaderElection28] INFO  impl.RoleInfo (RoleInfo.java:shutdownLeaderElection(134)) - e9a67988-5972-48d3-82ec-24bac939e4cd: shutdown LeaderElection
2019-08-20 19:24:53,168 [e9a67988-5972-48d3-82ec-24bac939e4cd:group-411516AA4F03:LeaderElection28] INFO  impl.RaftServerImpl (RaftServerImpl.java:setRole(171)) - e9a67988-5972-48d3-82ec-24bac939e4cd:group-411516AA4F03 changes role from CANDIDATE to LEADER at term 1 for changeToLeader
2019-08-20 19:24:53,168 [e9a67988-5972-48d3-82ec-24bac939e4cd:group-411516AA4F03:LeaderElection28] INFO  impl.RaftServerImpl (ServerState.java:setLeader(263)) - e9a67988-5972-48d3-82ec-24bac939e4cd:group-411516AA4F03 change Leader from null to e9a67988-5972-48d3-82ec-24bac939e4cd at term 1 for becomeLeader, leader elected after 5048ms
2019-08-20 19:24:53,168 [grpc-default-executor-1] INFO  impl.RaftServerImpl (ServerState.java:setRaftConf(361)) - 261f2ceb-ac32-4ba4-817a-4ff79bcf4fe2:group-03D39BA76A7E set configuration 0: [261f2ceb-ac32-4ba4-817a-4ff79bcf4fe2:192.168.157.205:41126, c86707b4-b48a-47cd-ae4d-9b9fecb37bc8:192.168.157.205:38537, ca787d9a-54ae-4c30-9573-1f3ad278257b:192.168.157.205:38551], old=null at 0
2019-08-20 19:24:53,168 [grpc-default-executor-3] INFO  impl.RaftServerImpl (ServerState.java:setRaftConf(361)) - ca787d9a-54ae-4c30-9573-1f3ad278257b:group-03D39BA76A7E set configuration 0: [261f2ceb-ac32-4ba4-817a-4ff79bcf4fe2:192.168.157.205:41126, c86707b4-b48a-47cd-ae4d-9b9fecb37bc8:192.168.157.205:38537, ca787d9a-54ae-4c30-9573-1f3ad278257b:192.168.157.205:38551], old=null at 0
2019-08-20 19:24:53,168 [e9a67988-5972-48d3-82ec-24bac939e4cd:group-411516AA4F03:LeaderElection28] INFO  server.RaftServerConfigKeys (ConfUtils.java:logGet(43)) - raft.server.staging.catchup.gap = 1000 (default)
2019-08-20 19:24:53,168 [grpc-default-executor-3] INFO  segmented.SegmentedRaftLogWorker (SegmentedRaftLogWorker.java:startLogSegment(380)) - ca787d9a-54ae-4c30-9573-1f3ad278257b-SegmentedRaftLogWorker:Storage Directory /workdir/hadoop-ozone/integration-test/target/test-dir/MiniOzoneClusterImpl-c83b9401-1b06-4086-9e2d-44809f408d3d/datanode-5/data/ratis/bb36ead3-8b26-442d-bf8e-03d39ba76a7e: Starting segment from index:0
2019-08-20 19:24:53,168 [grpc-default-executor-1] INFO  segmented.SegmentedRaftLogWorker (SegmentedRaftLogWorker.java:startLogSegment(380)) - 261f2ceb-ac32-4ba4-817a-4ff79bcf4fe2-SegmentedRaftLogWorker:Storage Directory /workdir/hadoop-ozone/integration-test/target/test-dir/MiniOzoneClusterImpl-c83b9401-1b06-4086-9e2d-44809f408d3d/datanode-4/data/ratis/bb36ead3-8b26-442d-bf8e-03d39ba76a7e: Starting segment from index:0
2019-08-20 19:24:53,169 [e9a67988-5972-48d3-82ec-24bac939e4cd:group-411516AA4F03:LeaderElection28] INFO  server.RaftServerConfigKeys (ConfUtils.java:logGet(43)) - raft.server.rpc.sleep.time = 25ms (default)
2019-08-20 19:24:53,169 [e9a67988-5972-48d3-82ec-24bac939e4cd:group-411516AA4F03:LeaderElection28] INFO  server.RaftServerConfigKeys (ConfUtils.java:logGet(43)) - raft.server.write.element-limit = 4096 (default)
2019-08-20 19:24:53,169 [e9a67988-5972-48d3-82ec-24bac939e4cd:group-411516AA4F03:LeaderElection28] INFO  server.RaftServerConfigKeys (ConfUtils.java:logGet(43)) - raft.server.watch.timeout = 10s (default)
2019-08-20 19:24:53,169 [e9a67988-5972-48d3-82ec-24bac939e4cd:group-411516AA4F03:LeaderElection28] INFO  server.RaftServerConfigKeys (ConfUtils.java:logGet(43)) - raft.server.watch.timeout.denomination = 1s (default)
2019-08-20 19:24:53,169 [e9a67988-5972-48d3-82ec-24bac939e4cd:group-411516AA4F03:LeaderElection28] INFO  server.RaftServerConfigKeys (ConfUtils.java:logGet(43)) - raft.server.watch.element-limit = 65536 (default)
2019-08-20 19:24:53,170 [e9a67988-5972-48d3-82ec-24bac939e4cd:group-411516AA4F03:LeaderElection28] INFO  impl.RoleInfo (RoleInfo.java:updateAndGet(143)) - e9a67988-5972-48d3-82ec-24bac939e4cd: start LeaderState
2019-08-20 19:24:53,170 [e9a67988-5972-48d3-82ec-24bac939e4cd:group-411516AA4F03:LeaderElection28] INFO  segmented.SegmentedRaftLogWorker (SegmentedRaftLogWorker.java:startLogSegment(380)) - e9a67988-5972-48d3-82ec-24bac939e4cd-SegmentedRaftLogWorker:Storage Directory /workdir/hadoop-ozone/integration-test/target/test-dir/MiniOzoneClusterImpl-c83b9401-1b06-4086-9e2d-44809f408d3d/datanode-6/data/ratis/f7c3cc04-297b-43e4-9e70-411516aa4f03: Starting segment from index:0
2019-08-20 19:24:53,170 [e9a67988-5972-48d3-82ec-24bac939e4cd:group-411516AA4F03:LeaderElection28] INFO  impl.RaftServerImpl (ServerState.java:setRaftConf(361)) - e9a67988-5972-48d3-82ec-24bac939e4cd:group-411516AA4F03 set configuration 0: [e9a67988-5972-48d3-82ec-24bac939e4cd:192.168.157.205:41146], old=null at 0
2019-08-20 19:24:53,209 [e9a67988-5972-48d3-82ec-24bac939e4cd-SegmentedRaftLogWorker:Storage Directory /workdir/hadoop-ozone/integration-test/target/test-dir/MiniOzoneClusterImpl-c83b9401-1b06-4086-9e2d-44809f408d3d/datanode-6/data/ratis/f7c3cc04-297b-43e4-9e70-411516aa4f03] INFO  segmented.SegmentedRaftLogWorker (SegmentedRaftLogWorker.java:execute(569)) - e9a67988-5972-48d3-82ec-24bac939e4cd-SegmentedRaftLogWorker:Storage Directory /workdir/hadoop-ozone/integration-test/target/test-dir/MiniOzoneClusterImpl-c83b9401-1b06-4086-9e2d-44809f408d3d/datanode-6/data/ratis/f7c3cc04-297b-43e4-9e70-411516aa4f03: created new log segment /workdir/hadoop-ozone/integration-test/target/test-dir/MiniOzoneClusterImpl-c83b9401-1b06-4086-9e2d-44809f408d3d/datanode-6/data/ratis/f7c3cc04-297b-43e4-9e70-411516aa4f03/current/log_inprogress_0
2019-08-20 19:24:53,209 [261f2ceb-ac32-4ba4-817a-4ff79bcf4fe2-SegmentedRaftLogWorker:Storage Directory /workdir/hadoop-ozone/integration-test/target/test-dir/MiniOzoneClusterImpl-c83b9401-1b06-4086-9e2d-44809f408d3d/datanode-4/data/ratis/bb36ead3-8b26-442d-bf8e-03d39ba76a7e] INFO  segmented.SegmentedRaftLogWorker (SegmentedRaftLogWorker.java:execute(569)) - 261f2ceb-ac32-4ba4-817a-4ff79bcf4fe2-SegmentedRaftLogWorker:Storage Directory /workdir/hadoop-ozone/integration-test/target/test-dir/MiniOzoneClusterImpl-c83b9401-1b06-4086-9e2d-44809f408d3d/datanode-4/data/ratis/bb36ead3-8b26-442d-bf8e-03d39ba76a7e: created new log segment /workdir/hadoop-ozone/integration-test/target/test-dir/MiniOzoneClusterImpl-c83b9401-1b06-4086-9e2d-44809f408d3d/datanode-4/data/ratis/bb36ead3-8b26-442d-bf8e-03d39ba76a7e/current/log_inprogress_0
2019-08-20 19:24:53,209 [ca787d9a-54ae-4c30-9573-1f3ad278257b-SegmentedRaftLogWorker:Storage Directory /workdir/hadoop-ozone/integration-test/target/test-dir/MiniOzoneClusterImpl-c83b9401-1b06-4086-9e2d-44809f408d3d/datanode-5/data/ratis/bb36ead3-8b26-442d-bf8e-03d39ba76a7e] INFO  segmented.SegmentedRaftLogWorker (SegmentedRaftLogWorker.java:execute(569)) - ca787d9a-54ae-4c30-9573-1f3ad278257b-SegmentedRaftLogWorker:Storage Directory /workdir/hadoop-ozone/integration-test/target/test-dir/MiniOzoneClusterImpl-c83b9401-1b06-4086-9e2d-44809f408d3d/datanode-5/data/ratis/bb36ead3-8b26-442d-bf8e-03d39ba76a7e: created new log segment /workdir/hadoop-ozone/integration-test/target/test-dir/MiniOzoneClusterImpl-c83b9401-1b06-4086-9e2d-44809f408d3d/datanode-5/data/ratis/bb36ead3-8b26-442d-bf8e-03d39ba76a7e/current/log_inprogress_0
2019-08-20 19:24:53,239 | INFO  | SCMAudit | user=jenkins1000 | ip=192.168.157.205 | op=SEND_HEARTBEAT {datanodeUUID=c86707b4-b48a-47cd-ae4d-9b9fecb37bc8, command=[]} | ret=SUCCESS |  
2019-08-20 19:24:53,385 | INFO  | DNAudit | user=null | ip=null | op=CREATE_CONTAINER {containerID=1, containerType=KeyValueContainer} | ret=SUCCESS |  
2019-08-20 19:24:53,385 | INFO  | DNAudit | user=null | ip=null | op=CREATE_CONTAINER {containerID=1, containerType=KeyValueContainer} | ret=SUCCESS |  
2019-08-20 19:24:53,385 | INFO  | DNAudit | user=null | ip=null | op=CREATE_CONTAINER {containerID=1, containerType=KeyValueContainer} | ret=SUCCESS |  
2019-08-20 19:24:53,390 | INFO  | SCMAudit | user=jenkins1000 | ip=192.168.157.205 | op=SEND_HEARTBEAT {datanodeUUID=261f2ceb-ac32-4ba4-817a-4ff79bcf4fe2, command=[]} | ret=SUCCESS |  
2019-08-20 19:24:53,390 | INFO  | SCMAudit | user=jenkins1000 | ip=192.168.157.205 | op=SEND_HEARTBEAT {datanodeUUID=c86707b4-b48a-47cd-ae4d-9b9fecb37bc8, command=[]} | ret=SUCCESS |  
2019-08-20 19:24:53,390 | INFO  | SCMAudit | user=jenkins1000 | ip=192.168.157.205 | op=SEND_HEARTBEAT {datanodeUUID=ca787d9a-54ae-4c30-9573-1f3ad278257b, command=[]} | ret=SUCCESS |  
2019-08-20 19:24:53,391 [grpc-default-executor-1] INFO  client.GrpcClientProtocolClient (GrpcClientProtocolClient.java:onNext(255)) - client-677A23E2C7CF->c86707b4-b48a-47cd-ae4d-9b9fecb37bc8: receive RaftClientReply:client-677A23E2C7CF->c86707b4-b48a-47cd-ae4d-9b9fecb37bc8@group-03D39BA76A7E, cid=42, SUCCESS, logIndex=1, commits[c86707b4-b48a-47cd-ae4d-9b9fecb37bc8:c2, 261f2ceb-ac32-4ba4-817a-4ff79bcf4fe2:c1, ca787d9a-54ae-4c30-9573-1f3ad278257b:c1]
2019-08-20 19:24:53,502 | INFO  | DNAudit | user=null | ip=null | op=CREATE_CONTAINER {containerID=2, containerType=KeyValueContainer} | ret=SUCCESS |  
2019-08-20 19:24:53,506 | INFO  | SCMAudit | user=jenkins1000 | ip=192.168.157.205 | op=SEND_HEARTBEAT {datanodeUUID=ca787d9a-54ae-4c30-9573-1f3ad278257b, command=[]} | ret=SUCCESS |  
2019-08-20 19:24:53,522 | INFO  | DNAudit | user=null | ip=null | op=CREATE_CONTAINER {containerID=2, containerType=KeyValueContainer} | ret=SUCCESS |  
2019-08-20 19:24:53,522 | INFO  | DNAudit | user=null | ip=null | op=CREATE_CONTAINER {containerID=2, containerType=KeyValueContainer} | ret=SUCCESS |  
2019-08-20 19:24:53,532 | INFO  | SCMAudit | user=jenkins1000 | ip=192.168.157.205 | op=SEND_HEARTBEAT {datanodeUUID=c86707b4-b48a-47cd-ae4d-9b9fecb37bc8, command=[]} | ret=SUCCESS |  
2019-08-20 19:24:53,532 | INFO  | SCMAudit | user=jenkins1000 | ip=192.168.157.205 | op=SEND_HEARTBEAT {datanodeUUID=261f2ceb-ac32-4ba4-817a-4ff79bcf4fe2, command=[]} | ret=SUCCESS |  
2019-08-20 19:24:53,532 [grpc-default-executor-3] INFO  client.GrpcClientProtocolClient (GrpcClientProtocolClient.java:onNext(255)) - client-677A23E2C7CF->c86707b4-b48a-47cd-ae4d-9b9fecb37bc8: receive RaftClientReply:client-677A23E2C7CF->c86707b4-b48a-47cd-ae4d-9b9fecb37bc8@group-03D39BA76A7E, cid=43, SUCCESS, logIndex=3, commits[c86707b4-b48a-47cd-ae4d-9b9fecb37bc8:c4, 261f2ceb-ac32-4ba4-817a-4ff79bcf4fe2:c3, ca787d9a-54ae-4c30-9573-1f3ad278257b:c3]
2019-08-20 19:24:53,620 | INFO  | DNAudit | user=null | ip=null | op=CREATE_CONTAINER {containerID=3, containerType=KeyValueContainer} | ret=SUCCESS |  
2019-08-20 19:24:53,631 | INFO  | SCMAudit | user=jenkins1000 | ip=192.168.157.205 | op=SEND_HEARTBEAT {datanodeUUID=2760a034-05cd-481b-aa2a-ebd2ba4013cc, command=[]} | ret=SUCCESS |  
2019-08-20 19:24:53,631 | INFO  | SCMAudit | user=jenkins1000 | ip=192.168.157.205 | op=SEND_HEARTBEAT {datanodeUUID=23dbf96a-50e4-4c0c-a46c-0e28d0bfca2f, command=[]} | ret=SUCCESS |  
2019-08-20 19:24:53,632 [grpc-default-executor-3] INFO  client.GrpcClientProtocolClient (GrpcClientProtocolClient.java:onNext(255)) - client-6F9FE6BFAC80->2760a034-05cd-481b-aa2a-ebd2ba4013cc: receive RaftClientReply:client-6F9FE6BFAC80->2760a034-05cd-481b-aa2a-ebd2ba4013cc@group-68EB286ECE9B, cid=44, SUCCESS, logIndex=1, commits[2760a034-05cd-481b-aa2a-ebd2ba4013cc:c2, a9642e09-25a0-4922-9409-2b3018e22f5b:c0, 23dbf96a-50e4-4c0c-a46c-0e28d0bfca2f:c0]
2019-08-20 19:24:53,786 | INFO  | DNAudit | user=null | ip=null | op=CREATE_CONTAINER {containerID=4, containerType=KeyValueContainer} | ret=SUCCESS |  
2019-08-20 19:24:53,787 | INFO  | SCMAudit | user=jenkins1000 | ip=192.168.157.205 | op=SEND_HEARTBEAT {datanodeUUID=c86707b4-b48a-47cd-ae4d-9b9fecb37bc8, command=[]} | ret=SUCCESS |  
2019-08-20 19:24:53,787 [grpc-default-executor-5] INFO  client.GrpcClientProtocolClient (GrpcClientProtocolClient.java:onNext(255)) - client-677A23E2C7CF->c86707b4-b48a-47cd-ae4d-9b9fecb37bc8: receive RaftClientReply:client-677A23E2C7CF->c86707b4-b48a-47cd-ae4d-9b9fecb37bc8@group-03D39BA76A7E, cid=45, SUCCESS, logIndex=5, commits[c86707b4-b48a-47cd-ae4d-9b9fecb37bc8:c6, 261f2ceb-ac32-4ba4-817a-4ff79bcf4fe2:c5, ca787d9a-54ae-4c30-9573-1f3ad278257b:c5]
2019-08-20 19:24:53,797 [grpc-default-executor-5] INFO  client.GrpcClientProtocolClient (GrpcClientProtocolClient.java:onNext(255)) - client-C7630EED7FF4->261f2ceb-ac32-4ba4-817a-4ff79bcf4fe2: receive RaftClientReply:client-C7630EED7FF4->261f2ceb-ac32-4ba4-817a-4ff79bcf4fe2@group-03D39BA76A7E, cid=46, FAILED org.apache.ratis.protocol.NotLeaderException: Server 261f2ceb-ac32-4ba4-817a-4ff79bcf4fe2 is not the leader (c86707b4-b48a-47cd-ae4d-9b9fecb37bc8:192.168.157.205:38537). Request must be sent to leader., logIndex=0, commits[261f2ceb-ac32-4ba4-817a-4ff79bcf4fe2:c5, c86707b4-b48a-47cd-ae4d-9b9fecb37bc8:c5, ca787d9a-54ae-4c30-9573-1f3ad278257b:c3]
2019-08-20 19:24:53,814 | INFO  | DNAudit | user=null | ip=null | op=CREATE_CONTAINER {containerID=4, containerType=KeyValueContainer} | ret=SUCCESS |  
2019-08-20 19:24:53,814 | INFO  | DNAudit | user=null | ip=null | op=CREATE_CONTAINER {containerID=4, containerType=KeyValueContainer} | ret=SUCCESS |  
2019-08-20 19:24:53,821 | INFO  | SCMAudit | user=jenkins1000 | ip=192.168.157.205 | op=SEND_HEARTBEAT {datanodeUUID=ca787d9a-54ae-4c30-9573-1f3ad278257b, command=[]} | ret=SUCCESS |  
2019-08-20 19:24:53,822 | INFO  | SCMAudit | user=jenkins1000 | ip=192.168.157.205 | op=SEND_HEARTBEAT {datanodeUUID=261f2ceb-ac32-4ba4-817a-4ff79bcf4fe2, command=[]} | ret=SUCCESS |  
2019-08-20 19:24:53,829 | INFO  | DNAudit | user=null | ip=null | op=WRITE_CHUNK {blockData=conID: 1 locID: 102650943119818756 bcsId: 0} | ret=SUCCESS |  
2019-08-20 19:24:53,834 | INFO  | DNAudit | user=null | ip=null | op=WRITE_CHUNK {blockData=conID: 1 locID: 102650943119818756 bcsId: 0} | ret=SUCCESS |  
2019-08-20 19:24:53,834 | INFO  | DNAudit | user=null | ip=null | op=WRITE_CHUNK {blockData=conID: 1 locID: 102650943119818756 bcsId: 0} | ret=SUCCESS |  
2019-08-20 19:24:53,841 | INFO  | DNAudit | user=null | ip=null | op=WRITE_CHUNK {blockData=conID: 1 locID: 102650943119818756 bcsId: 0} | ret=SUCCESS |  
2019-08-20 19:24:53,847 [grpc-default-executor-5] INFO  client.GrpcClientProtocolClient (GrpcClientProtocolClient.java:onNext(255)) - client-C7630EED7FF4->c86707b4-b48a-47cd-ae4d-9b9fecb37bc8: receive RaftClientReply:client-C7630EED7FF4->c86707b4-b48a-47cd-ae4d-9b9fecb37bc8@group-03D39BA76A7E, cid=46, SUCCESS, logIndex=7, commits[c86707b4-b48a-47cd-ae4d-9b9fecb37bc8:c7, 261f2ceb-ac32-4ba4-817a-4ff79bcf4fe2:c5, ca787d9a-54ae-4c30-9573-1f3ad278257b:c6]
2019-08-20 19:24:53,855 | INFO  | DNAudit | user=null | ip=null | op=WRITE_CHUNK {blockData=conID: 1 locID: 102650943119818756 bcsId: 0} | ret=SUCCESS |  
2019-08-20 19:24:53,856 | INFO  | DNAudit | user=null | ip=null | op=WRITE_CHUNK {blockData=conID: 1 locID: 102650943119818756 bcsId: 0} | ret=SUCCESS |  
2019-08-20 19:24:53,857 | INFO  | DNAudit | user=null | ip=null | op=WRITE_CHUNK {blockData=conID: 1 locID: 102650943119818756 bcsId: 0} | ret=SUCCESS |  
2019-08-20 19:24:53,858 | INFO  | DNAudit | user=null | ip=null | op=WRITE_CHUNK {blockData=conID: 1 locID: 102650943119818756 bcsId: 0} | ret=SUCCESS |  
2019-08-20 19:24:53,858 | INFO  | DNAudit | user=null | ip=null | op=WRITE_CHUNK {blockData=conID: 1 locID: 102650943119818756 bcsId: 0} | ret=SUCCESS |  
2019-08-20 19:24:53,858 | INFO  | DNAudit | user=null | ip=null | op=WRITE_CHUNK {blockData=conID: 1 locID: 102650943119818756 bcsId: 0} | ret=SUCCESS |  
2019-08-20 19:24:53,859 | INFO  | DNAudit | user=null | ip=null | op=WRITE_CHUNK {blockData=conID: 1 locID: 102650943119818756 bcsId: 0} | ret=SUCCESS |  
2019-08-20 19:24:53,859 | INFO  | DNAudit | user=null | ip=null | op=WRITE_CHUNK {blockData=conID: 1 locID: 102650943119818756 bcsId: 0} | ret=SUCCESS |  
2019-08-20 19:24:53,859 | INFO  | DNAudit | user=null | ip=null | op=WRITE_CHUNK {blockData=conID: 1 locID: 102650943119818756 bcsId: 0} | ret=SUCCESS |  
2019-08-20 19:24:53,869 | INFO  | DNAudit | user=null | ip=null | op=WRITE_CHUNK {blockData=conID: 1 locID: 102650943119818756 bcsId: 0} | ret=SUCCESS |  
2019-08-20 19:24:53,869 | INFO  | DNAudit | user=null | ip=null | op=WRITE_CHUNK {blockData=conID: 1 locID: 102650943119818756 bcsId: 0} | ret=SUCCESS |  
2019-08-20 19:24:53,869 | INFO  | DNAudit | user=null | ip=null | op=WRITE_CHUNK {blockData=conID: 1 locID: 102650943119818756 bcsId: 0} | ret=SUCCESS |  
2019-08-20 19:24:53,874 [grpc-default-executor-2] INFO  client.GrpcClientProtocolClient (GrpcClientProtocolClient.java:onNext(255)) - client-C7630EED7FF4->c86707b4-b48a-47cd-ae4d-9b9fecb37bc8: receive RaftClientReply:client-C7630EED7FF4->c86707b4-b48a-47cd-ae4d-9b9fecb37bc8@group-03D39BA76A7E, cid=47, SUCCESS, logIndex=9, commits[c86707b4-b48a-47cd-ae4d-9b9fecb37bc8:c10, 261f2ceb-ac32-4ba4-817a-4ff79bcf4fe2:c8, ca787d9a-54ae-4c30-9573-1f3ad278257b:c7]
2019-08-20 19:24:53,881 | INFO  | DNAudit | user=null | ip=null | op=WRITE_CHUNK {blockData=conID: 1 locID: 102650943119818756 bcsId: 0} | ret=SUCCESS |  
2019-08-20 19:24:53,886 | INFO  | DNAudit | user=null | ip=null | op=WRITE_CHUNK {blockData=conID: 1 locID: 102650943119818756 bcsId: 0} | ret=SUCCESS |  
2019-08-20 19:24:53,908 | INFO  | DNAudit | user=null | ip=null | op=PUT_BLOCK {blockData=[blockId=conID: 1 locID: 102650943119818756 bcsId: 0,size=200]} | ret=SUCCESS |  
2019-08-20 19:24:53,909 | INFO  | DNAudit | user=null | ip=null | op=WRITE_CHUNK {blockData=conID: 1 locID: 102650943119818756 bcsId: 0} | ret=SUCCESS |  
2019-08-20 19:24:53,910 | INFO  | DNAudit | user=null | ip=null | op=WRITE_CHUNK {blockData=conID: 1 locID: 102650943119818756 bcsId: 0} | ret=SUCCESS |  
2019-08-20 19:24:53,910 [grpc-default-executor-1] INFO  client.GrpcClientProtocolClient (GrpcClientProtocolClient.java:onNext(255)) - client-C7630EED7FF4->c86707b4-b48a-47cd-ae4d-9b9fecb37bc8: receive RaftClientReply:client-C7630EED7FF4->c86707b4-b48a-47cd-ae4d-9b9fecb37bc8@group-03D39BA76A7E, cid=48, SUCCESS, logIndex=10, commits[c86707b4-b48a-47cd-ae4d-9b9fecb37bc8:c18, 261f2ceb-ac32-4ba4-817a-4ff79bcf4fe2:c13, ca787d9a-54ae-4c30-9573-1f3ad278257b:c13]
2019-08-20 19:24:53,911 [grpc-default-executor-1] INFO  client.GrpcClientProtocolClient (GrpcClientProtocolClient.java:onNext(255)) - client-C7630EED7FF4->c86707b4-b48a-47cd-ae4d-9b9fecb37bc8: receive RaftClientReply:client-C7630EED7FF4->c86707b4-b48a-47cd-ae4d-9b9fecb37bc8@group-03D39BA76A7E, cid=49, SUCCESS, logIndex=11, commits[c86707b4-b48a-47cd-ae4d-9b9fecb37bc8:c18, 261f2ceb-ac32-4ba4-817a-4ff79bcf4fe2:c13, ca787d9a-54ae-4c30-9573-1f3ad278257b:c13]
2019-08-20 19:24:53,911 [grpc-default-executor-1] INFO  client.GrpcClientProtocolClient (GrpcClientProtocolClient.java:onNext(255)) - client-C7630EED7FF4->c86707b4-b48a-47cd-ae4d-9b9fecb37bc8: receive RaftClientReply:client-C7630EED7FF4->c86707b4-b48a-47cd-ae4d-9b9fecb37bc8@group-03D39BA76A7E, cid=50, SUCCESS, logIndex=12, commits[c86707b4-b48a-47cd-ae4d-9b9fecb37bc8:c18, 261f2ceb-ac32-4ba4-817a-4ff79bcf4fe2:c13, ca787d9a-54ae-4c30-9573-1f3ad278257b:c13]
2019-08-20 19:24:53,949 | INFO  | DNAudit | user=null | ip=null | op=PUT_BLOCK {blockData=[blockId=conID: 1 locID: 102650943119818756 bcsId: 0,size=200]} | ret=SUCCESS |  
2019-08-20 19:24:53,949 | INFO  | DNAudit | user=null | ip=null | op=WRITE_CHUNK {blockData=conID: 1 locID: 102650943119818756 bcsId: 0} | ret=SUCCESS |  
2019-08-20 19:24:53,950 | INFO  | DNAudit | user=null | ip=null | op=WRITE_CHUNK {blockData=conID: 1 locID: 102650943119818756 bcsId: 0} | ret=SUCCESS |  
2019-08-20 19:24:54,005 | INFO  | DNAudit | user=null | ip=null | op=PUT_BLOCK {blockData=[blockId=conID: 1 locID: 102650943119818756 bcsId: 0,size=400]} | ret=SUCCESS |  
2019-08-20 19:24:54,005 | INFO  | DNAudit | user=null | ip=null | op=PUT_BLOCK {blockData=[blockId=conID: 1 locID: 102650943119818756 bcsId: 0,size=200]} | ret=SUCCESS |  
2019-08-20 19:24:54,005 | INFO  | DNAudit | user=null | ip=null | op=PUT_BLOCK {blockData=[blockId=conID: 1 locID: 102650943119818756 bcsId: 0,size=400]} | ret=SUCCESS |  
2019-08-20 19:24:54,006 | INFO  | DNAudit | user=null | ip=null | op=WRITE_CHUNK {blockData=conID: 1 locID: 102650943119818756 bcsId: 0} | ret=SUCCESS |  
2019-08-20 19:24:54,007 | INFO  | DNAudit | user=null | ip=null | op=WRITE_CHUNK {blockData=conID: 1 locID: 102650943119818756 bcsId: 0} | ret=SUCCESS |  
2019-08-20 19:24:54,010 [grpc-default-executor-1] INFO  client.GrpcClientProtocolClient (GrpcClientProtocolClient.java:onNext(255)) - client-C7630EED7FF4->c86707b4-b48a-47cd-ae4d-9b9fecb37bc8: receive RaftClientReply:client-C7630EED7FF4->c86707b4-b48a-47cd-ae4d-9b9fecb37bc8@group-03D39BA76A7E, cid=51, SUCCESS, logIndex=13, commits[c86707b4-b48a-47cd-ae4d-9b9fecb37bc8:c18, 261f2ceb-ac32-4ba4-817a-4ff79bcf4fe2:c13, ca787d9a-54ae-4c30-9573-1f3ad278257b:c13]
2019-08-20 19:24:54,011 | INFO  | DNAudit | user=null | ip=null | op=PUT_BLOCK {blockData=[blockId=conID: 1 locID: 102650943119818756 bcsId: 0,size=400]} | ret=SUCCESS |  
2019-08-20 19:24:54,012 [EventQueue-CloseContainerForCloseContainerEventHandler] INFO  container.CloseContainerEventHandler (CloseContainerEventHandler.java:onMessage(61)) - Close container Event triggered for container : #1
2019-08-20 19:24:54,015 [EventQueue-CloseContainerForCloseContainerEventHandler] INFO  container.CloseContainerEventHandler (CloseContainerEventHandler.java:onMessage(61)) - Close container Event triggered for container : #1
2019-08-20 19:24:54,015 [EventQueue-CloseContainerForCloseContainerEventHandler] INFO  container.CloseContainerEventHandler (CloseContainerEventHandler.java:onMessage(61)) - Close container Event triggered for container : #1
2019-08-20 19:24:54,015 [EventQueue-CloseContainerForCloseContainerEventHandler] INFO  container.CloseContainerEventHandler (CloseContainerEventHandler.java:onMessage(61)) - Close container Event triggered for container : #2
2019-08-20 19:24:54,015 [EventQueue-CloseContainerForCloseContainerEventHandler] INFO  container.CloseContainerEventHandler (CloseContainerEventHandler.java:onMessage(61)) - Close container Event triggered for container : #2
2019-08-20 19:24:54,015 [EventQueue-CloseContainerForCloseContainerEventHandler] INFO  container.CloseContainerEventHandler (CloseContainerEventHandler.java:onMessage(61)) - Close container Event triggered for container : #2
2019-08-20 19:24:54,015 [EventQueue-CloseContainerForCloseContainerEventHandler] INFO  container.CloseContainerEventHandler (CloseContainerEventHandler.java:onMessage(61)) - Close container Event triggered for container : #3
2019-08-20 19:24:54,024 | INFO  | SCMAudit | user=jenkins1000 | ip=192.168.157.205 | op=SEND_HEARTBEAT {datanodeUUID=a9642e09-25a0-4922-9409-2b3018e22f5b, command=[commandType: closeContainerCommand closeContainerCommandProto { containerID: 3 pipelineID { id: "0168b744-b22a-4736-8c13-68eb286ece9b" } cmdId: 3 force: false } ]} | ret=SUCCESS |  
2019-08-20 19:24:54,043 | INFO  | SCMAudit | user=jenkins1000 | ip=192.168.157.205 | op=SEND_HEARTBEAT {datanodeUUID=e9a67988-5972-48d3-82ec-24bac939e4cd, command=[]} | ret=SUCCESS |  
2019-08-20 19:24:54,623 | INFO  | SCMAudit | user=jenkins1000 | ip=192.168.157.205 | op=SEND_HEARTBEAT {datanodeUUID=2760a034-05cd-481b-aa2a-ebd2ba4013cc, command=[commandType: closeContainerCommand closeContainerCommandProto { containerID: 3 pipelineID { id: "0168b744-b22a-4736-8c13-68eb286ece9b" } cmdId: 3 force: false } ]} | ret=SUCCESS |  
2019-08-20 19:24:54,633 | INFO  | SCMAudit | user=jenkins1000 | ip=192.168.157.205 | op=SEND_HEARTBEAT {datanodeUUID=23dbf96a-50e4-4c0c-a46c-0e28d0bfca2f, command=[commandType: closeContainerCommand closeContainerCommandProto { containerID: 3 pipelineID { id: "0168b744-b22a-4736-8c13-68eb286ece9b" } cmdId: 3 force: false } ]} | ret=SUCCESS |  
2019-08-20 19:24:54,788 | INFO  | SCMAudit | user=jenkins1000 | ip=192.168.157.205 | op=SEND_HEARTBEAT {datanodeUUID=c86707b4-b48a-47cd-ae4d-9b9fecb37bc8, command=[commandType: closeContainerCommand closeContainerCommandProto { containerID: 1 pipelineID { id: "bb36ead3-8b26-442d-bf8e-03d39ba76a7e" } cmdId: 1 force: false } , commandType: closeContainerCommand closeContainerCommandProto { containerID: 1 pipelineID { id: "bb36ead3-8b26-442d-bf8e-03d39ba76a7e" } cmdId: 1 force: false } , commandType: closeContainerCommand closeContainerCommandProto { containerID: 1 pipelineID { id: "bb36ead3-8b26-442d-bf8e-03d39ba76a7e" } cmdId: 1 force: false } , commandType: closeContainerCommand closeContainerCommandProto { containerID: 2 pipelineID { id: "bb36ead3-8b26-442d-bf8e-03d39ba76a7e" } cmdId: 2 force: false } , commandType: closeContainerCommand closeContainerCommandProto { containerID: 2 pipelineID { id: "bb36ead3-8b26-442d-bf8e-03d39ba76a7e" } cmdId: 2 force: false } , commandType: closeContainerCommand closeContainerCommandProto { containerID: 2 pipelineID { id: "bb36ead3-8b26-442d-bf8e-03d39ba76a7e" } cmdId: 2 force: false } ]} | ret=SUCCESS |  
2019-08-20 19:24:54,825 | INFO  | SCMAudit | user=jenkins1000 | ip=192.168.157.205 | op=SEND_HEARTBEAT {datanodeUUID=261f2ceb-ac32-4ba4-817a-4ff79bcf4fe2, command=[commandType: closeContainerCommand closeContainerCommandProto { containerID: 1 pipelineID { id: "bb36ead3-8b26-442d-bf8e-03d39ba76a7e" } cmdId: 1 force: false } , commandType: closeContainerCommand closeContainerCommandProto { containerID: 1 pipelineID { id: "bb36ead3-8b26-442d-bf8e-03d39ba76a7e" } cmdId: 1 force: false } , commandType: closeContainerCommand closeContainerCommandProto { containerID: 1 pipelineID { id: "bb36ead3-8b26-442d-bf8e-03d39ba76a7e" } cmdId: 1 force: false } , commandType: closeContainerCommand closeContainerCommandProto { containerID: 2 pipelineID { id: "bb36ead3-8b26-442d-bf8e-03d39ba76a7e" } cmdId: 2 force: false } , commandType: closeContainerCommand closeContainerCommandProto { containerID: 2 pipelineID { id: "bb36ead3-8b26-442d-bf8e-03d39ba76a7e" } cmdId: 2 force: false } , commandType: closeContainerCommand closeContainerCommandProto { containerID: 2 pipelineID { id: "bb36ead3-8b26-442d-bf8e-03d39ba76a7e" } cmdId: 2 force: false } ]} | ret=SUCCESS |  
2019-08-20 19:24:54,825 | INFO  | SCMAudit | user=jenkins1000 | ip=192.168.157.205 | op=SEND_HEARTBEAT {datanodeUUID=ca787d9a-54ae-4c30-9573-1f3ad278257b, command=[commandType: closeContainerCommand closeContainerCommandProto { containerID: 1 pipelineID { id: "bb36ead3-8b26-442d-bf8e-03d39ba76a7e" } cmdId: 1 force: false } , commandType: closeContainerCommand closeContainerCommandProto { containerID: 1 pipelineID { id: "bb36ead3-8b26-442d-bf8e-03d39ba76a7e" } cmdId: 1 force: false } , commandType: closeContainerCommand closeContainerCommandProto { containerID: 1 pipelineID { id: "bb36ead3-8b26-442d-bf8e-03d39ba76a7e" } cmdId: 1 force: false } , commandType: closeContainerCommand closeContainerCommandProto { containerID: 2 pipelineID { id: "bb36ead3-8b26-442d-bf8e-03d39ba76a7e" } cmdId: 2 force: false } , commandType: closeContainerCommand closeContainerCommandProto { containerID: 2 pipelineID { id: "bb36ead3-8b26-442d-bf8e-03d39ba76a7e" } cmdId: 2 force: false } , commandType: closeContainerCommand closeContainerCommandProto { containerID: 2 pipelineID { id: "bb36ead3-8b26-442d-bf8e-03d39ba76a7e" } cmdId: 2 force: false } ]} | ret=SUCCESS |  
2019-08-20 19:24:55,024 | INFO  | SCMAudit | user=jenkins1000 | ip=192.168.157.205 | op=SEND_HEARTBEAT {datanodeUUID=a9642e09-25a0-4922-9409-2b3018e22f5b, command=[]} | ret=SUCCESS |  
2019-08-20 19:24:55,043 | INFO  | SCMAudit | user=jenkins1000 | ip=192.168.157.205 | op=SEND_HEARTBEAT {datanodeUUID=e9a67988-5972-48d3-82ec-24bac939e4cd, command=[]} | ret=SUCCESS |  
2019-08-20 19:24:55,623 | INFO  | SCMAudit | user=jenkins1000 | ip=192.168.157.205 | op=SEND_HEARTBEAT {datanodeUUID=2760a034-05cd-481b-aa2a-ebd2ba4013cc, command=[]} | ret=SUCCESS |  
2019-08-20 19:24:55,631 [Command processor thread] ERROR commandhandler.CloseContainerCommandHandler (CloseContainerCommandHandler.java:handle(84)) - Container #3 does not exist in datanode. Container close failed.
2019-08-20 19:24:55,632 | INFO  | SCMAudit | user=jenkins1000 | ip=192.168.157.205 | op=SEND_HEARTBEAT {datanodeUUID=23dbf96a-50e4-4c0c-a46c-0e28d0bfca2f, command=[]} | ret=SUCCESS |  
2019-08-20 19:24:55,786 | INFO  | SCMAudit | user=jenkins1000 | ip=192.168.157.205 | op=SEND_HEARTBEAT {datanodeUUID=c86707b4-b48a-47cd-ae4d-9b9fecb37bc8, command=[]} | ret=SUCCESS |  
2019-08-20 19:24:55,815 | INFO  | SCMAudit | user=jenkins1000 | ip=192.168.157.205 | op=SEND_HEARTBEAT {datanodeUUID=ca787d9a-54ae-4c30-9573-1f3ad278257b, command=[]} | ret=SUCCESS |  
2019-08-20 19:24:55,816 | INFO  | SCMAudit | user=jenkins1000 | ip=192.168.157.205 | op=SEND_HEARTBEAT {datanodeUUID=261f2ceb-ac32-4ba4-817a-4ff79bcf4fe2, command=[]} | ret=SUCCESS |  
2019-08-20 19:24:56,023 [Command processor thread] ERROR commandhandler.CloseContainerCommandHandler (CloseContainerCommandHandler.java:handle(84)) - Container #3 does not exist in datanode. Container close failed.
2019-08-20 19:24:56,027 | INFO  | SCMAudit | user=jenkins1000 | ip=192.168.157.205 | op=SEND_HEARTBEAT {datanodeUUID=a9642e09-25a0-4922-9409-2b3018e22f5b, command=[]} | ret=SUCCESS |  
2019-08-20 19:24:56,042 | INFO  | SCMAudit | user=jenkins1000 | ip=192.168.157.205 | op=SEND_HEARTBEAT {datanodeUUID=e9a67988-5972-48d3-82ec-24bac939e4cd, command=[]} | ret=SUCCESS |  
2019-08-20 19:24:56,623 | INFO  | SCMAudit | user=jenkins1000 | ip=192.168.157.205 | op=SEND_HEARTBEAT {datanodeUUID=2760a034-05cd-481b-aa2a-ebd2ba4013cc, command=[]} | ret=SUCCESS |  
2019-08-20 19:24:56,632 | INFO  | SCMAudit | user=jenkins1000 | ip=192.168.157.205 | op=SEND_HEARTBEAT {datanodeUUID=23dbf96a-50e4-4c0c-a46c-0e28d0bfca2f, command=[]} | ret=SUCCESS |  
2019-08-20 19:24:56,786 | INFO  | SCMAudit | user=jenkins1000 | ip=192.168.157.205 | op=SEND_HEARTBEAT {datanodeUUID=c86707b4-b48a-47cd-ae4d-9b9fecb37bc8, command=[]} | ret=SUCCESS |  
2019-08-20 19:24:56,815 | INFO  | SCMAudit | user=jenkins1000 | ip=192.168.157.205 | op=SEND_HEARTBEAT {datanodeUUID=ca787d9a-54ae-4c30-9573-1f3ad278257b, command=[]} | ret=SUCCESS |  
2019-08-20 19:24:56,815 | INFO  | SCMAudit | user=jenkins1000 | ip=192.168.157.205 | op=SEND_HEARTBEAT {datanodeUUID=261f2ceb-ac32-4ba4-817a-4ff79bcf4fe2, command=[]} | ret=SUCCESS |  
2019-08-20 19:24:57,025 | INFO  | SCMAudit | user=jenkins1000 | ip=192.168.157.205 | op=SEND_HEARTBEAT {datanodeUUID=a9642e09-25a0-4922-9409-2b3018e22f5b, command=[]} | ret=SUCCESS |  
2019-08-20 19:24:57,042 | INFO  | SCMAudit | user=jenkins1000 | ip=192.168.157.205 | op=SEND_HEARTBEAT {datanodeUUID=e9a67988-5972-48d3-82ec-24bac939e4cd, command=[]} | ret=SUCCESS |  
2019-08-20 19:24:57,623 | INFO  | SCMAudit | user=jenkins1000 | ip=192.168.157.205 | op=SEND_HEARTBEAT {datanodeUUID=2760a034-05cd-481b-aa2a-ebd2ba4013cc, command=[]} | ret=SUCCESS |  
2019-08-20 19:24:57,632 | INFO  | SCMAudit | user=jenkins1000 | ip=192.168.157.205 | op=SEND_HEARTBEAT {datanodeUUID=23dbf96a-50e4-4c0c-a46c-0e28d0bfca2f, command=[]} | ret=SUCCESS |  
2019-08-20 19:24:57,786 | INFO  | SCMAudit | user=jenkins1000 | ip=192.168.157.205 | op=SEND_HEARTBEAT {datanodeUUID=c86707b4-b48a-47cd-ae4d-9b9fecb37bc8, command=[]} | ret=SUCCESS |  
2019-08-20 19:24:57,816 | INFO  | SCMAudit | user=jenkins1000 | ip=192.168.157.205 | op=SEND_HEARTBEAT {datanodeUUID=261f2ceb-ac32-4ba4-817a-4ff79bcf4fe2, command=[]} | ret=SUCCESS |  
2019-08-20 19:24:57,816 | INFO  | SCMAudit | user=jenkins1000 | ip=192.168.157.205 | op=SEND_HEARTBEAT {datanodeUUID=ca787d9a-54ae-4c30-9573-1f3ad278257b, command=[]} | ret=SUCCESS |  
2019-08-20 19:24:58,025 | INFO  | SCMAudit | user=jenkins1000 | ip=192.168.157.205 | op=SEND_HEARTBEAT {datanodeUUID=a9642e09-25a0-4922-9409-2b3018e22f5b, command=[]} | ret=SUCCESS |  
2019-08-20 19:24:58,042 | INFO  | SCMAudit | user=jenkins1000 | ip=192.168.157.205 | op=SEND_HEARTBEAT {datanodeUUID=e9a67988-5972-48d3-82ec-24bac939e4cd, command=[]} | ret=SUCCESS |  
2019-08-20 19:24:58,623 | INFO  | SCMAudit | user=jenkins1000 | ip=192.168.157.205 | op=SEND_HEARTBEAT {datanodeUUID=2760a034-05cd-481b-aa2a-ebd2ba4013cc, command=[]} | ret=SUCCESS |  
2019-08-20 19:24:58,632 | INFO  | SCMAudit | user=jenkins1000 | ip=192.168.157.205 | op=SEND_HEARTBEAT {datanodeUUID=23dbf96a-50e4-4c0c-a46c-0e28d0bfca2f, command=[]} | ret=SUCCESS |  
2019-08-20 19:24:58,786 | INFO  | SCMAudit | user=jenkins1000 | ip=192.168.157.205 | op=SEND_HEARTBEAT {datanodeUUID=c86707b4-b48a-47cd-ae4d-9b9fecb37bc8, command=[]} | ret=SUCCESS |  
2019-08-20 19:24:58,816 | INFO  | SCMAudit | user=jenkins1000 | ip=192.168.157.205 | op=SEND_HEARTBEAT {datanodeUUID=ca787d9a-54ae-4c30-9573-1f3ad278257b, command=[]} | ret=SUCCESS |  
2019-08-20 19:24:58,816 | INFO  | SCMAudit | user=jenkins1000 | ip=192.168.157.205 | op=SEND_HEARTBEAT {datanodeUUID=261f2ceb-ac32-4ba4-817a-4ff79bcf4fe2, command=[]} | ret=SUCCESS |  
2019-08-20 19:24:59,025 | INFO  | SCMAudit | user=jenkins1000 | ip=192.168.157.205 | op=SEND_HEARTBEAT {datanodeUUID=a9642e09-25a0-4922-9409-2b3018e22f5b, command=[]} | ret=SUCCESS |  
2019-08-20 19:24:59,043 | INFO  | SCMAudit | user=jenkins1000 | ip=192.168.157.205 | op=SEND_HEARTBEAT {datanodeUUID=e9a67988-5972-48d3-82ec-24bac939e4cd, command=[]} | ret=SUCCESS |  
2019-08-20 19:24:59,623 | INFO  | SCMAudit | user=jenkins1000 | ip=192.168.157.205 | op=SEND_HEARTBEAT {datanodeUUID=2760a034-05cd-481b-aa2a-ebd2ba4013cc, command=[]} | ret=SUCCESS |  
2019-08-20 19:24:59,632 | INFO  | SCMAudit | user=jenkins1000 | ip=192.168.157.205 | op=SEND_HEARTBEAT {datanodeUUID=23dbf96a-50e4-4c0c-a46c-0e28d0bfca2f, command=[]} | ret=SUCCESS |  
2019-08-20 19:24:59,786 | INFO  | SCMAudit | user=jenkins1000 | ip=192.168.157.205 | op=SEND_HEARTBEAT {datanodeUUID=c86707b4-b48a-47cd-ae4d-9b9fecb37bc8, command=[]} | ret=SUCCESS |  
2019-08-20 19:24:59,816 | INFO  | SCMAudit | user=jenkins1000 | ip=192.168.157.205 | op=SEND_HEARTBEAT {datanodeUUID=ca787d9a-54ae-4c30-9573-1f3ad278257b, command=[]} | ret=SUCCESS |  
2019-08-20 19:24:59,816 | INFO  | SCMAudit | user=jenkins1000 | ip=192.168.157.205 | op=SEND_HEARTBEAT {datanodeUUID=261f2ceb-ac32-4ba4-817a-4ff79bcf4fe2, command=[]} | ret=SUCCESS |  
2019-08-20 19:25:00,026 | INFO  | SCMAudit | user=jenkins1000 | ip=192.168.157.205 | op=SEND_HEARTBEAT {datanodeUUID=a9642e09-25a0-4922-9409-2b3018e22f5b, command=[]} | ret=SUCCESS |  
2019-08-20 19:25:00,026 | INFO  | SCMAudit | user=jenkins1000 | ip=192.168.157.205 | op=SEND_HEARTBEAT {datanodeUUID=261f2ceb-ac32-4ba4-817a-4ff79bcf4fe2, command=[]} | ret=SUCCESS |  
2019-08-20 19:25:00,026 | INFO  | SCMAudit | user=jenkins1000 | ip=192.168.157.205 | op=SEND_HEARTBEAT {datanodeUUID=2760a034-05cd-481b-aa2a-ebd2ba4013cc, command=[]} | ret=SUCCESS |  
2019-08-20 19:25:00,026 | INFO  | SCMAudit | user=jenkins1000 | ip=192.168.157.205 | op=SEND_HEARTBEAT {datanodeUUID=ca787d9a-54ae-4c30-9573-1f3ad278257b, command=[]} | ret=SUCCESS |  
2019-08-20 19:25:00,026 | INFO  | SCMAudit | user=jenkins1000 | ip=192.168.157.205 | op=SEND_HEARTBEAT {datanodeUUID=c86707b4-b48a-47cd-ae4d-9b9fecb37bc8, command=[]} | ret=SUCCESS |  
2019-08-20 19:25:00,043 | INFO  | SCMAudit | user=jenkins1000 | ip=192.168.157.205 | op=SEND_HEARTBEAT {datanodeUUID=e9a67988-5972-48d3-82ec-24bac939e4cd, command=[]} | ret=SUCCESS |  
2019-08-20 19:25:00,632 | INFO  | SCMAudit | user=jenkins1000 | ip=192.168.157.205 | op=SEND_HEARTBEAT {datanodeUUID=23dbf96a-50e4-4c0c-a46c-0e28d0bfca2f, command=[]} | ret=SUCCESS |  
2019-08-20 19:25:01,025 | INFO  | SCMAudit | user=jenkins1000 | ip=192.168.157.205 | op=SEND_HEARTBEAT {datanodeUUID=a9642e09-25a0-4922-9409-2b3018e22f5b, command=[]} | ret=SUCCESS |  
2019-08-20 19:25:01,026 | INFO  | SCMAudit | user=jenkins1000 | ip=192.168.157.205 | op=SEND_HEARTBEAT {datanodeUUID=2760a034-05cd-481b-aa2a-ebd2ba4013cc, command=[]} | ret=SUCCESS |  
2019-08-20 19:25:01,026 | INFO  | SCMAudit | user=jenkins1000 | ip=192.168.157.205 | op=SEND_HEARTBEAT {datanodeUUID=261f2ceb-ac32-4ba4-817a-4ff79bcf4fe2, command=[]} | ret=SUCCESS |  
2019-08-20 19:25:01,026 | INFO  | SCMAudit | user=jenkins1000 | ip=192.168.157.205 | op=SEND_HEARTBEAT {datanodeUUID=ca787d9a-54ae-4c30-9573-1f3ad278257b, command=[]} | ret=SUCCESS |  
2019-08-20 19:25:01,027 | INFO  | SCMAudit | user=jenkins1000 | ip=192.168.157.205 | op=SEND_HEARTBEAT {datanodeUUID=c86707b4-b48a-47cd-ae4d-9b9fecb37bc8, command=[]} | ret=SUCCESS |  
2019-08-20 19:25:01,044 | INFO  | SCMAudit | user=jenkins1000 | ip=192.168.157.205 | op=SEND_HEARTBEAT {datanodeUUID=e9a67988-5972-48d3-82ec-24bac939e4cd, command=[]} | ret=SUCCESS |  
2019-08-20 19:25:01,632 | INFO  | SCMAudit | user=jenkins1000 | ip=192.168.157.205 | op=SEND_HEARTBEAT {datanodeUUID=23dbf96a-50e4-4c0c-a46c-0e28d0bfca2f, command=[]} | ret=SUCCESS |  
2019-08-20 19:25:02,025 | INFO  | SCMAudit | user=jenkins1000 | ip=192.168.157.205 | op=SEND_HEARTBEAT {datanodeUUID=a9642e09-25a0-4922-9409-2b3018e22f5b, command=[]} | ret=SUCCESS |  
2019-08-20 19:25:02,026 | INFO  | SCMAudit | user=jenkins1000 | ip=192.168.157.205 | op=SEND_HEARTBEAT {datanodeUUID=2760a034-05cd-481b-aa2a-ebd2ba4013cc, command=[]} | ret=SUCCESS |  
2019-08-20 19:25:02,026 | INFO  | SCMAudit | user=jenkins1000 | ip=192.168.157.205 | op=SEND_HEARTBEAT {datanodeUUID=261f2ceb-ac32-4ba4-817a-4ff79bcf4fe2, command=[]} | ret=SUCCESS |  
2019-08-20 19:25:02,026 | INFO  | SCMAudit | user=jenkins1000 | ip=192.168.157.205 | op=SEND_HEARTBEAT {datanodeUUID=ca787d9a-54ae-4c30-9573-1f3ad278257b, command=[]} | ret=SUCCESS |  
2019-08-20 19:25:02,027 | INFO  | SCMAudit | user=jenkins1000 | ip=192.168.157.205 | op=SEND_HEARTBEAT {datanodeUUID=c86707b4-b48a-47cd-ae4d-9b9fecb37bc8, command=[]} | ret=SUCCESS |  
2019-08-20 19:25:02,045 | INFO  | SCMAudit | user=jenkins1000 | ip=192.168.157.205 | op=SEND_HEARTBEAT {datanodeUUID=e9a67988-5972-48d3-82ec-24bac939e4cd, command=[]} | ret=SUCCESS |  
2019-08-20 19:25:02,271 | INFO  | SCMAudit | user=jenkins1000 | ip=192.168.157.205 | op=SEND_HEARTBEAT {datanodeUUID=ca787d9a-54ae-4c30-9573-1f3ad278257b, command=[]} | ret=SUCCESS |  
2019-08-20 19:25:02,271 | INFO  | SCMAudit | user=jenkins1000 | ip=192.168.157.205 | op=SEND_HEARTBEAT {datanodeUUID=261f2ceb-ac32-4ba4-817a-4ff79bcf4fe2, command=[]} | ret=SUCCESS |  
2019-08-20 19:25:02,371 [RatisApplyTransactionExecutor 3] INFO  interfaces.Container (KeyValueContainer.java:compactDB(356)) - Container 3 is closed with bcsId 0.
2019-08-20 19:25:02,372 | INFO  | DNAudit | user=null | ip=null | op=CLOSE_CONTAINER {containerID=3} | ret=SUCCESS |  
2019-08-20 19:25:02,373 | INFO  | SCMAudit | user=jenkins1000 | ip=192.168.157.205 | op=SEND_HEARTBEAT {datanodeUUID=2760a034-05cd-481b-aa2a-ebd2ba4013cc, command=[]} | ret=SUCCESS |  
2019-08-20 19:25:02,374 [EventQueue-IncrementalContainerReportForIncrementalContainerReportHandler] INFO  container.IncrementalContainerReportHandler (AbstractContainerReportHandler.java:updateContainerState(176)) - Moving container #3 to CLOSED state, datanode 2760a034-05cd-481b-aa2a-ebd2ba4013cc{ip: 192.168.157.205, host: pr-hdds-1927-n56ck-2550958449, networkLocation: /default-rack, certSerialId: null} reported CLOSED replica.
2019-08-20 19:25:02,407 | INFO  | DNAudit | user=null | ip=null | op=CREATE_CONTAINER {containerID=3, containerType=KeyValueContainer} | ret=SUCCESS |  
2019-08-20 19:25:02,407 | INFO  | DNAudit | user=null | ip=null | op=CREATE_CONTAINER {containerID=3, containerType=KeyValueContainer} | ret=SUCCESS |  
2019-08-20 19:25:02,409 | INFO  | SCMAudit | user=jenkins1000 | ip=192.168.157.205 | op=SEND_HEARTBEAT {datanodeUUID=23dbf96a-50e4-4c0c-a46c-0e28d0bfca2f, command=[]} | ret=SUCCESS |  
2019-08-20 19:25:02,409 | INFO  | SCMAudit | user=jenkins1000 | ip=192.168.157.205 | op=SEND_HEARTBEAT {datanodeUUID=a9642e09-25a0-4922-9409-2b3018e22f5b, command=[]} | ret=SUCCESS |  
2019-08-20 19:25:02,423 [RatisApplyTransactionExecutor 1] INFO  interfaces.Container (KeyValueContainer.java:compactDB(356)) - Container 1 is closed with bcsId 13.
2019-08-20 19:25:02,427 | INFO  | DNAudit | user=null | ip=null | op=CLOSE_CONTAINER {containerID=1} | ret=SUCCESS |  
2019-08-20 19:25:02,423 [RatisApplyTransactionExecutor 1] INFO  interfaces.Container (KeyValueContainer.java:compactDB(356)) - Container 1 is closed with bcsId 13.
2019-08-20 19:25:02,428 | INFO  | SCMAudit | user=jenkins1000 | ip=192.168.157.205 | op=SEND_HEARTBEAT {datanodeUUID=23dbf96a-50e4-4c0c-a46c-0e28d0bfca2f, command=[]} | ret=SUCCESS |  
2019-08-20 19:25:02,428 | INFO  | DNAudit | user=null | ip=null | op=CLOSE_CONTAINER {containerID=1} | ret=SUCCESS |  
2019-08-20 19:25:02,428 | INFO  | SCMAudit | user=jenkins1000 | ip=192.168.157.205 | op=SEND_HEARTBEAT {datanodeUUID=a9642e09-25a0-4922-9409-2b3018e22f5b, command=[]} | ret=SUCCESS |  
2019-08-20 19:25:02,428 | INFO  | SCMAudit | user=jenkins1000 | ip=192.168.157.205 | op=SEND_HEARTBEAT {datanodeUUID=261f2ceb-ac32-4ba4-817a-4ff79bcf4fe2, command=[]} | ret=SUCCESS |  
2019-08-20 19:25:02,428 [EventQueue-IncrementalContainerReportForIncrementalContainerReportHandler] INFO  container.IncrementalContainerReportHandler (AbstractContainerReportHandler.java:updateContainerState(176)) - Moving container #1 to CLOSED state, datanode 261f2ceb-ac32-4ba4-817a-4ff79bcf4fe2{ip: 192.168.157.205, host: pr-hdds-1927-n56ck-2550958449, networkLocation: /default-rack, certSerialId: null} reported CLOSED replica.
2019-08-20 19:25:02,429 | INFO  | SCMAudit | user=jenkins1000 | ip=192.168.157.205 | op=SEND_HEARTBEAT {datanodeUUID=c86707b4-b48a-47cd-ae4d-9b9fecb37bc8, command=[]} | ret=SUCCESS |  
2019-08-20 19:25:02,429 [RatisApplyTransactionExecutor 1] INFO  interfaces.Container (KeyValueContainer.java:compactDB(356)) - Container 1 is closed with bcsId 13.
2019-08-20 19:25:02,430 | INFO  | DNAudit | user=null | ip=null | op=CLOSE_CONTAINER {containerID=1} | ret=SUCCESS |  
2019-08-20 19:25:02,431 | INFO  | SCMAudit | user=jenkins1000 | ip=192.168.157.205 | op=SEND_HEARTBEAT {datanodeUUID=ca787d9a-54ae-4c30-9573-1f3ad278257b, command=[]} | ret=SUCCESS |  
2019-08-20 19:25:02,436 | INFO  | SCMAudit | user=jenkins1000 | ip=192.168.157.205 | op=SEND_HEARTBEAT {datanodeUUID=c86707b4-b48a-47cd-ae4d-9b9fecb37bc8, command=[]} | ret=SUCCESS |  
2019-08-20 19:25:02,485 [RatisApplyTransactionExecutor 3] INFO  interfaces.Container (KeyValueContainer.java:compactDB(356)) - Container 3 is closed with bcsId 0.
2019-08-20 19:25:02,485 | INFO  | DNAudit | user=null | ip=null | op=CLOSE_CONTAINER {containerID=3} | ret=SUCCESS |  
2019-08-20 19:25:02,486 | INFO  | SCMAudit | user=jenkins1000 | ip=192.168.157.205 | op=SEND_HEARTBEAT {datanodeUUID=a9642e09-25a0-4922-9409-2b3018e22f5b, command=[]} | ret=SUCCESS |  
2019-08-20 19:25:02,518 [main] INFO  ozone.MiniOzoneClusterImpl (MiniOzoneClusterImpl.java:shutdown(321)) - Shutting down the Mini Ozone Cluster
2019-08-20 19:25:02,518 | INFO  | SCMAudit | user=null | ip=null | op=GET_SCM_INFO null | ret=SUCCESS |  
2019-08-20 19:25:02,518 [main] INFO  ozone.MiniOzoneClusterImpl (MiniOzoneClusterImpl.java:stop(336)) - Stopping the Mini Ozone Cluster
2019-08-20 19:25:02,519 [main] INFO  ozone.MiniOzoneClusterImpl (MiniOzoneClusterImpl.java:stop(338)) - Stopping the OzoneManager
2019-08-20 19:25:02,519 [main] INFO  ipc.Server (Server.java:stop(3082)) - Stopping server on 44991
2019-08-20 19:25:02,522 [RatisApplyTransactionExecutor 3] INFO  interfaces.Container (KeyValueContainer.java:compactDB(356)) - Container 3 is closed with bcsId 0.
2019-08-20 19:25:02,526 | INFO  | DNAudit | user=null | ip=null | op=CLOSE_CONTAINER {containerID=3} | ret=SUCCESS |  
2019-08-20 19:25:02,532 [IPC Server listener on 44991] INFO  ipc.Server (Server.java:run(1185)) - Stopping IPC Server listener on 44991
2019-08-20 19:25:02,535 [IPC Server Responder] INFO  ipc.Server (Server.java:run(1319)) - Stopping IPC Server Responder
2019-08-20 19:25:02,532 [main] INFO  ratis.OzoneManagerDoubleBuffer (OzoneManagerDoubleBuffer.java:stop(248)) - Stopping OMDoubleBuffer flush thread
2019-08-20 19:25:02,559 | INFO  | SCMAudit | user=jenkins1000 | ip=192.168.157.205 | op=SEND_HEARTBEAT {datanodeUUID=23dbf96a-50e4-4c0c-a46c-0e28d0bfca2f, command=[]} | ret=SUCCESS |  
2019-08-20 19:25:02,560 [OMDoubleBufferFlushThread] INFO  ratis.OzoneManagerDoubleBuffer (OzoneManagerDoubleBuffer.java:flushTransactions(191)) - OMDoubleBuffer flush thread OMDoubleBufferFlushThread is interrupted and will exit. OMDoubleBufferFlushThread
2019-08-20 19:25:02,560 [main] INFO  utils.BackgroundService (BackgroundService.java:shutdown(148)) - Shutting down service KeyDeletingService
2019-08-20 19:25:02,562 [main] INFO  handler.ContextHandler (ContextHandler.java:doStop(910)) - Stopped o.e.j.w.WebAppContext@63c99f7{/,null,UNAVAILABLE}{/ozoneManager}
2019-08-20 19:25:02,563 [main] INFO  server.AbstractConnector (AbstractConnector.java:doStop(318)) - Stopped ServerConnector@7f012923{HTTP/1.1,[http/1.1]}{0.0.0.0:0}
2019-08-20 19:25:02,563 [main] INFO  handler.ContextHandler (ContextHandler.java:doStop(910)) - Stopped o.e.j.s.ServletContextHandler@1d637673{/static,file:///workdir/hadoop-ozone/integration-test/target/test-classes/webapps/static,UNAVAILABLE}
2019-08-20 19:25:02,564 [main] INFO  handler.ContextHandler (ContextHandler.java:doStop(910)) - Stopped o.e.j.s.ServletContextHandler@67d5ac2f{/logs,file:///workdir/hadoop-ozone/integration-test/target/log,UNAVAILABLE}
2019-08-20 19:25:02,565 [RatisApplyTransactionExecutor 2] INFO  interfaces.Container (KeyValueContainer.java:compactDB(356)) - Container 2 is closed with bcsId 0.
2019-08-20 19:25:02,567 | INFO  | DNAudit | user=null | ip=null | op=CLOSE_CONTAINER {containerID=2} | ret=SUCCESS |  
2019-08-20 19:25:02,571 | INFO  | SCMAudit | user=jenkins1000 | ip=192.168.157.205 | op=SEND_HEARTBEAT {datanodeUUID=c86707b4-b48a-47cd-ae4d-9b9fecb37bc8, command=[]} | ret=SUCCESS |  
2019-08-20 19:25:02,571 [EventQueue-IncrementalContainerReportForIncrementalContainerReportHandler] INFO  container.IncrementalContainerReportHandler (AbstractContainerReportHandler.java:updateContainerState(176)) - Moving container #2 to CLOSED state, datanode c86707b4-b48a-47cd-ae4d-9b9fecb37bc8{ip: 192.168.157.205, host: pr-hdds-1927-n56ck-2550958449, networkLocation: /default-rack, certSerialId: null} reported CLOSED replica.
2019-08-20 19:25:02,572 [main] INFO  ozone.MiniOzoneClusterImpl (MiniOzoneClusterImpl.java:stop(344)) - Shutting the HddsDatanodes
2019-08-20 19:25:02,573 [main] INFO  datanode.ObjectStoreHandler (ObjectStoreHandler.java:close(155)) - Closing ObjectStoreHandler.
2019-08-20 19:25:02,573 [ForkJoinPool.commonPool-worker-1] INFO  datanode.ObjectStoreHandler (ObjectStoreHandler.java:close(155)) - Closing ObjectStoreHandler.
2019-08-20 19:25:02,574 [ForkJoinPool.commonPool-worker-1] INFO  ozone.HddsDatanodeService (HddsDatanodeService.java:stop(451)) - Stopped plug-in org.apache.hadoop.ozone.web.OzoneHddsDatanodeService@29f95272
2019-08-20 19:25:02,574 [main] INFO  ozone.HddsDatanodeService (HddsDatanodeService.java:stop(451)) - Stopped plug-in org.apache.hadoop.ozone.web.OzoneHddsDatanodeService@41404aa2
2019-08-20 19:25:02,633 [RatisApplyTransactionExecutor 2] INFO  interfaces.Container (KeyValueContainer.java:compactDB(356)) - Container 2 is closed with bcsId 0.
2019-08-20 19:25:02,636 | INFO  | DNAudit | user=null | ip=null | op=CLOSE_CONTAINER {containerID=2} | ret=SUCCESS |  
2019-08-20 19:25:02,637 | INFO  | SCMAudit | user=jenkins1000 | ip=192.168.157.205 | op=SEND_HEARTBEAT {datanodeUUID=ca787d9a-54ae-4c30-9573-1f3ad278257b, command=[]} | ret=SUCCESS |  
2019-08-20 19:25:02,665 [RatisApplyTransactionExecutor 2] INFO  interfaces.Container (KeyValueContainer.java:compactDB(356)) - Container 2 is closed with bcsId 0.
2019-08-20 19:25:02,668 | INFO  | DNAudit | user=null | ip=null | op=CLOSE_CONTAINER {containerID=2} | ret=SUCCESS |  
2019-08-20 19:25:02,668 [Datanode State Machine Thread - 0] INFO  statemachine.DatanodeStateMachine (DatanodeStateMachine.java:lambda$startDaemon$0(350)) - Ozone container server started.
2019-08-20 19:25:03,044 | INFO  | SCMAudit | user=jenkins1000 | ip=192.168.157.205 | op=SEND_HEARTBEAT {datanodeUUID=e9a67988-5972-48d3-82ec-24bac939e4cd, command=[]} | ret=SUCCESS |  
2019-08-20 19:25:03,372 [Datanode State Machine Thread - 0] INFO  statemachine.DatanodeStateMachine (DatanodeStateMachine.java:lambda$startDaemon$0(350)) - Ozone container server started.
2019-08-20 19:25:03,486 | INFO  | SCMAudit | user=jenkins1000 | ip=192.168.157.205 | op=SEND_HEARTBEAT {datanodeUUID=a9642e09-25a0-4922-9409-2b3018e22f5b, command=[]} | ret=SUCCESS |  
2019-08-20 19:25:03,529 | INFO  | SCMAudit | user=jenkins1000 | ip=192.168.157.205 | op=SEND_HEARTBEAT {datanodeUUID=23dbf96a-50e4-4c0c-a46c-0e28d0bfca2f, command=[]} | ret=SUCCESS |  
2019-08-20 19:25:03,569 | INFO  | SCMAudit | user=jenkins1000 | ip=192.168.157.205 | op=SEND_HEARTBEAT {datanodeUUID=c86707b4-b48a-47cd-ae4d-9b9fecb37bc8, command=[]} | ret=SUCCESS |  
2019-08-20 19:25:03,637 | INFO  | SCMAudit | user=jenkins1000 | ip=192.168.157.205 | op=SEND_HEARTBEAT {datanodeUUID=ca787d9a-54ae-4c30-9573-1f3ad278257b, command=[]} | ret=SUCCESS |  
2019-08-20 19:25:04,044 | INFO  | SCMAudit | user=jenkins1000 | ip=192.168.157.205 | op=SEND_HEARTBEAT {datanodeUUID=e9a67988-5972-48d3-82ec-24bac939e4cd, command=[]} | ret=SUCCESS |  
2019-08-20 19:25:04,487 | INFO  | SCMAudit | user=jenkins1000 | ip=192.168.157.205 | op=SEND_HEARTBEAT {datanodeUUID=a9642e09-25a0-4922-9409-2b3018e22f5b, command=[]} | ret=SUCCESS |  
2019-08-20 19:25:04,530 | INFO  | SCMAudit | user=jenkins1000 | ip=192.168.157.205 | op=SEND_HEARTBEAT {datanodeUUID=23dbf96a-50e4-4c0c-a46c-0e28d0bfca2f, command=[]} | ret=SUCCESS |  
2019-08-20 19:25:04,568 | INFO  | SCMAudit | user=jenkins1000 | ip=192.168.157.205 | op=SEND_HEARTBEAT {datanodeUUID=c86707b4-b48a-47cd-ae4d-9b9fecb37bc8, command=[]} | ret=SUCCESS |  
2019-08-20 19:25:04,637 | INFO  | SCMAudit | user=jenkins1000 | ip=192.168.157.205 | op=SEND_HEARTBEAT {datanodeUUID=ca787d9a-54ae-4c30-9573-1f3ad278257b, command=[]} | ret=SUCCESS |  
2019-08-20 19:25:05,045 | INFO  | SCMAudit | user=jenkins1000 | ip=192.168.157.205 | op=SEND_HEARTBEAT {datanodeUUID=e9a67988-5972-48d3-82ec-24bac939e4cd, command=[]} | ret=SUCCESS |  
2019-08-20 19:25:05,487 | INFO  | SCMAudit | user=jenkins1000 | ip=192.168.157.205 | op=SEND_HEARTBEAT {datanodeUUID=a9642e09-25a0-4922-9409-2b3018e22f5b, command=[]} | ret=SUCCESS |  
2019-08-20 19:25:05,530 | INFO  | SCMAudit | user=jenkins1000 | ip=192.168.157.205 | op=SEND_HEARTBEAT {datanodeUUID=23dbf96a-50e4-4c0c-a46c-0e28d0bfca2f, command=[]} | ret=SUCCESS |  
2019-08-20 19:25:05,569 | INFO  | SCMAudit | user=jenkins1000 | ip=192.168.157.205 | op=SEND_HEARTBEAT {datanodeUUID=c86707b4-b48a-47cd-ae4d-9b9fecb37bc8, command=[]} | ret=SUCCESS |  
2019-08-20 19:25:05,637 | INFO  | SCMAudit | user=jenkins1000 | ip=192.168.157.205 | op=SEND_HEARTBEAT {datanodeUUID=ca787d9a-54ae-4c30-9573-1f3ad278257b, command=[]} | ret=SUCCESS |  
2019-08-20 19:25:06,044 | INFO  | SCMAudit | user=jenkins1000 | ip=192.168.157.205 | op=SEND_HEARTBEAT {datanodeUUID=e9a67988-5972-48d3-82ec-24bac939e4cd, command=[]} | ret=SUCCESS |  
2019-08-20 19:25:06,487 | INFO  | SCMAudit | user=jenkins1000 | ip=192.168.157.205 | op=SEND_HEARTBEAT {datanodeUUID=a9642e09-25a0-4922-9409-2b3018e22f5b, command=[]} | ret=SUCCESS |  
2019-08-20 19:25:06,529 | INFO  | SCMAudit | user=jenkins1000 | ip=192.168.157.205 | op=SEND_HEARTBEAT {datanodeUUID=23dbf96a-50e4-4c0c-a46c-0e28d0bfca2f, command=[]} | ret=SUCCESS |  
2019-08-20 19:25:06,570 | INFO  | SCMAudit | user=jenkins1000 | ip=192.168.157.205 | op=SEND_HEARTBEAT {datanodeUUID=c86707b4-b48a-47cd-ae4d-9b9fecb37bc8, command=[]} | ret=SUCCESS |  
2019-08-20 19:25:06,638 | INFO  | SCMAudit | user=jenkins1000 | ip=192.168.157.205 | op=SEND_HEARTBEAT {datanodeUUID=ca787d9a-54ae-4c30-9573-1f3ad278257b, command=[]} | ret=SUCCESS |  
2019-08-20 19:25:07,045 | INFO  | SCMAudit | user=jenkins1000 | ip=192.168.157.205 | op=SEND_HEARTBEAT {datanodeUUID=e9a67988-5972-48d3-82ec-24bac939e4cd, command=[]} | ret=SUCCESS |  
2019-08-20 19:25:07,487 | INFO  | SCMAudit | user=jenkins1000 | ip=192.168.157.205 | op=SEND_HEARTBEAT {datanodeUUID=a9642e09-25a0-4922-9409-2b3018e22f5b, command=[]} | ret=SUCCESS |  
2019-08-20 19:25:07,530 | INFO  | SCMAudit | user=jenkins1000 | ip=192.168.157.205 | op=SEND_HEARTBEAT {datanodeUUID=23dbf96a-50e4-4c0c-a46c-0e28d0bfca2f, command=[]} | ret=SUCCESS |  
2019-08-20 19:25:07,569 | INFO  | SCMAudit | user=jenkins1000 | ip=192.168.157.205 | op=SEND_HEARTBEAT {datanodeUUID=c86707b4-b48a-47cd-ae4d-9b9fecb37bc8, command=[]} | ret=SUCCESS |  
2019-08-20 19:25:07,575 [ForkJoinPool.commonPool-worker-1] INFO  ozoneimpl.OzoneContainer (OzoneContainer.java:stop(199)) - Attempting to stop container services.
2019-08-20 19:25:07,575 [main] INFO  ozoneimpl.OzoneContainer (OzoneContainer.java:stop(199)) - Attempting to stop container services.
2019-08-20 19:25:07,576 [ForkJoinPool.commonPool-worker-1] INFO  impl.RaftServerProxy (RaftServerProxy.java:lambda$close$4(314)) - 2760a034-05cd-481b-aa2a-ebd2ba4013cc: close
2019-08-20 19:25:07,580 [main] INFO  impl.RaftServerProxy (RaftServerProxy.java:lambda$close$4(314)) - 261f2ceb-ac32-4ba4-817a-4ff79bcf4fe2: close
2019-08-20 19:25:07,580 [ForkJoinPool.commonPool-worker-1] INFO  impl.RaftServerImpl (RaftServerImpl.java:lambda$shutdown$3(245)) - 2760a034-05cd-481b-aa2a-ebd2ba4013cc: shutdown group-FBFE1870D19B
2019-08-20 19:25:07,581 [main] INFO  impl.RaftServerImpl (RaftServerImpl.java:lambda$shutdown$3(245)) - 261f2ceb-ac32-4ba4-817a-4ff79bcf4fe2: shutdown group-EA6F3373C81B
2019-08-20 19:25:07,581 [ForkJoinPool.commonPool-worker-1] INFO  util.JmxRegister (JmxRegister.java:unregister(73)) - Successfully un-registered JMX Bean with object name Ratis:service=RaftServer,group=group-FBFE1870D19B,id=2760a034-05cd-481b-aa2a-ebd2ba4013cc
2019-08-20 19:25:07,581 [main] INFO  util.JmxRegister (JmxRegister.java:unregister(73)) - Successfully un-registered JMX Bean with object name Ratis:service=RaftServer,group=group-EA6F3373C81B,id=261f2ceb-ac32-4ba4-817a-4ff79bcf4fe2
2019-08-20 19:25:07,582 [ForkJoinPool.commonPool-worker-1] INFO  impl.RoleInfo (RoleInfo.java:shutdownLeaderState(104)) - 2760a034-05cd-481b-aa2a-ebd2ba4013cc: shutdown LeaderState
2019-08-20 19:25:07,582 [main] INFO  impl.RoleInfo (RoleInfo.java:shutdownLeaderState(104)) - 261f2ceb-ac32-4ba4-817a-4ff79bcf4fe2: shutdown LeaderState
2019-08-20 19:25:07,583 [ForkJoinPool.commonPool-worker-1] INFO  impl.PendingRequests (PendingRequests.java:sendNotLeaderResponses(202)) - 2760a034-05cd-481b-aa2a-ebd2ba4013cc-PendingRequests: sendNotLeaderResponses
2019-08-20 19:25:07,583 [main] INFO  impl.PendingRequests (PendingRequests.java:sendNotLeaderResponses(202)) - 261f2ceb-ac32-4ba4-817a-4ff79bcf4fe2-PendingRequests: sendNotLeaderResponses
2019-08-20 19:25:07,583 [ForkJoinPool.commonPool-worker-1] INFO  impl.StateMachineUpdater (StateMachineUpdater.java:stopAndJoin(115)) - StateMachineUpdater:2760a034-05cd-481b-aa2a-ebd2ba4013cc:group-FBFE1870D19B: set stopIndex = 0
2019-08-20 19:25:07,584 [main] INFO  impl.StateMachineUpdater (StateMachineUpdater.java:stopAndJoin(115)) - StateMachineUpdater:261f2ceb-ac32-4ba4-817a-4ff79bcf4fe2:group-EA6F3373C81B: set stopIndex = 0
2019-08-20 19:25:07,584 [ForkJoinPool.commonPool-worker-1] INFO  impl.RaftServerImpl (ServerState.java:close(394)) - 2760a034-05cd-481b-aa2a-ebd2ba4013cc:group-FBFE1870D19B closes. The last applied log index is 0
2019-08-20 19:25:07,585 [main] INFO  impl.RaftServerImpl (ServerState.java:close(394)) - 261f2ceb-ac32-4ba4-817a-4ff79bcf4fe2:group-EA6F3373C81B closes. The last applied log index is 0
2019-08-20 19:25:07,585 [2760a034-05cd-481b-aa2a-ebd2ba4013cc-SegmentedRaftLogWorker:Storage Directory /workdir/hadoop-ozone/integration-test/target/test-dir/MiniOzoneClusterImpl-c83b9401-1b06-4086-9e2d-44809f408d3d/datanode-1/data/ratis/18eaa8b8-a9f4-4da0-93d0-fbfe1870d19b] INFO  segmented.SegmentedRaftLogWorker (SegmentedRaftLogWorker.java:run(313)) - 2760a034-05cd-481b-aa2a-ebd2ba4013cc-SegmentedRaftLogWorker:Storage Directory /workdir/hadoop-ozone/integration-test/target/test-dir/MiniOzoneClusterImpl-c83b9401-1b06-4086-9e2d-44809f408d3d/datanode-1/data/ratis/18eaa8b8-a9f4-4da0-93d0-fbfe1870d19b was interrupted, exiting. There are 0 tasks remaining in the queue.
2019-08-20 19:25:07,586 [261f2ceb-ac32-4ba4-817a-4ff79bcf4fe2-SegmentedRaftLogWorker:Storage Directory /workdir/hadoop-ozone/integration-test/target/test-dir/MiniOzoneClusterImpl-c83b9401-1b06-4086-9e2d-44809f408d3d/datanode-4/data/ratis/fc9026e0-440a-4a5a-b3bf-ea6f3373c81b] INFO  segmented.SegmentedRaftLogWorker (SegmentedRaftLogWorker.java:run(313)) - 261f2ceb-ac32-4ba4-817a-4ff79bcf4fe2-SegmentedRaftLogWorker:Storage Directory /workdir/hadoop-ozone/integration-test/target/test-dir/MiniOzoneClusterImpl-c83b9401-1b06-4086-9e2d-44809f408d3d/datanode-4/data/ratis/fc9026e0-440a-4a5a-b3bf-ea6f3373c81b was interrupted, exiting. There are 0 tasks remaining in the queue.
2019-08-20 19:25:07,590 [ForkJoinPool.commonPool-worker-1] INFO  segmented.SegmentedRaftLogWorker (SegmentedRaftLogWorker.java:close(228)) - 2760a034-05cd-481b-aa2a-ebd2ba4013cc-SegmentedRaftLogWorker:Storage Directory /workdir/hadoop-ozone/integration-test/target/test-dir/MiniOzoneClusterImpl-c83b9401-1b06-4086-9e2d-44809f408d3d/datanode-1/data/ratis/18eaa8b8-a9f4-4da0-93d0-fbfe1870d19b close()
2019-08-20 19:25:07,592 [main] INFO  segmented.SegmentedRaftLogWorker (SegmentedRaftLogWorker.java:close(228)) - 261f2ceb-ac32-4ba4-817a-4ff79bcf4fe2-SegmentedRaftLogWorker:Storage Directory /workdir/hadoop-ozone/integration-test/target/test-dir/MiniOzoneClusterImpl-c83b9401-1b06-4086-9e2d-44809f408d3d/datanode-4/data/ratis/fc9026e0-440a-4a5a-b3bf-ea6f3373c81b close()
2019-08-20 19:25:07,597 [ForkJoinPool.commonPool-worker-1] INFO  impl.RaftServerImpl (RaftServerImpl.java:lambda$shutdown$3(245)) - 2760a034-05cd-481b-aa2a-ebd2ba4013cc: shutdown group-68EB286ECE9B
2019-08-20 19:25:07,602 [main] INFO  impl.RaftServerImpl (RaftServerImpl.java:lambda$shutdown$3(245)) - 261f2ceb-ac32-4ba4-817a-4ff79bcf4fe2: shutdown group-03D39BA76A7E
2019-08-20 19:25:07,602 [ForkJoinPool.commonPool-worker-1] INFO  util.JmxRegister (JmxRegister.java:unregister(73)) - Successfully un-registered JMX Bean with object name Ratis:service=RaftServer,group=group-68EB286ECE9B,id=2760a034-05cd-481b-aa2a-ebd2ba4013cc
2019-08-20 19:25:07,602 [main] INFO  util.JmxRegister (JmxRegister.java:unregister(73)) - Successfully un-registered JMX Bean with object name Ratis:service=RaftServer,group=group-03D39BA76A7E,id=261f2ceb-ac32-4ba4-817a-4ff79bcf4fe2
2019-08-20 19:25:07,603 [main] INFO  impl.RoleInfo (RoleInfo.java:shutdownFollowerState(121)) - 261f2ceb-ac32-4ba4-817a-4ff79bcf4fe2: shutdown FollowerState
2019-08-20 19:25:07,603 [ForkJoinPool.commonPool-worker-1] INFO  impl.RoleInfo (RoleInfo.java:shutdownLeaderState(104)) - 2760a034-05cd-481b-aa2a-ebd2ba4013cc: shutdown LeaderState
2019-08-20 19:25:07,604 [Thread-807] INFO  impl.FollowerState (FollowerState.java:run(114)) - 261f2ceb-ac32-4ba4-817a-4ff79bcf4fe2: FollowerState was interrupted: java.lang.InterruptedException: sleep interrupted
2019-08-20 19:25:07,604 [StateMachineUpdater:261f2ceb-ac32-4ba4-817a-4ff79bcf4fe2:group-03D39BA76A7E] INFO  ratis.ContainerStateMachine (ContainerStateMachine.java:takeSnapshot(271)) - group-03D39BA76A7E: Taking a snapshot at:(t:1, i:21) file /workdir/hadoop-ozone/integration-test/target/test-dir/MiniOzoneClusterImpl-c83b9401-1b06-4086-9e2d-44809f408d3d/datanode-4/data/ratis/bb36ead3-8b26-442d-bf8e-03d39ba76a7e/sm/snapshot.1_21
2019-08-20 19:25:07,604 [main] INFO  impl.StateMachineUpdater (StateMachineUpdater.java:stopAndJoin(115)) - StateMachineUpdater:261f2ceb-ac32-4ba4-817a-4ff79bcf4fe2:group-03D39BA76A7E: set stopIndex = 22
2019-08-20 19:25:07,613 [org.apache.ratis.server.impl.LogAppender$AppenderDaemon$$Lambda$463/1543900325@3d8e63de] WARN  server.GrpcLogAppender (GrpcLogAppender.java:mayWait(143)) - GrpcLogAppender(2760a034-05cd-481b-aa2a-ebd2ba4013cc->23dbf96a-50e4-4c0c-a46c-0e28d0bfca2f): Wait interrupted by java.lang.InterruptedException
2019-08-20 19:25:07,613 [org.apache.ratis.server.impl.LogAppender$AppenderDaemon$$Lambda$463/1543900325@788cf2ab] WARN  server.GrpcLogAppender (GrpcLogAppender.java:mayWait(143)) - GrpcLogAppender(2760a034-05cd-481b-aa2a-ebd2ba4013cc->a9642e09-25a0-4922-9409-2b3018e22f5b): Wait interrupted by java.lang.InterruptedException
2019-08-20 19:25:07,608 [ForkJoinPool.commonPool-worker-1] INFO  impl.PendingRequests (PendingRequests.java:sendNotLeaderResponses(202)) - 2760a034-05cd-481b-aa2a-ebd2ba4013cc-PendingRequests: sendNotLeaderResponses
2019-08-20 19:25:07,619 [ForkJoinPool.commonPool-worker-1] INFO  impl.StateMachineUpdater (StateMachineUpdater.java:stopAndJoin(115)) - StateMachineUpdater:2760a034-05cd-481b-aa2a-ebd2ba4013cc:group-68EB286ECE9B: set stopIndex = 4
2019-08-20 19:25:07,619 [StateMachineUpdater:2760a034-05cd-481b-aa2a-ebd2ba4013cc:group-68EB286ECE9B] INFO  ratis.ContainerStateMachine (ContainerStateMachine.java:takeSnapshot(271)) - group-68EB286ECE9B: Taking a snapshot at:(t:1, i:4) file /workdir/hadoop-ozone/integration-test/target/test-dir/MiniOzoneClusterImpl-c83b9401-1b06-4086-9e2d-44809f408d3d/datanode-1/data/ratis/0168b744-b22a-4736-8c13-68eb286ece9b/sm/snapshot.1_4
2019-08-20 19:25:07,619 [grpc-default-executor-1] INFO  server.GrpcServerProtocolService (GrpcServerProtocolService.java:onCompleted(104)) - a9642e09-25a0-4922-9409-2b3018e22f5b: appendEntries completed
2019-08-20 19:25:07,619 [grpc-default-executor-3] INFO  server.GrpcServerProtocolService (GrpcServerProtocolService.java:onCompleted(104)) - 23dbf96a-50e4-4c0c-a46c-0e28d0bfca2f: appendEntries completed
2019-08-20 19:25:07,623 [grpc-default-executor-3] INFO  server.GrpcLogAppender (GrpcLogAppender.java:onCompleted(292)) - 2760a034-05cd-481b-aa2a-ebd2ba4013cc->23dbf96a-50e4-4c0c-a46c-0e28d0bfca2f: follower responses appendEntries COMPLETED
2019-08-20 19:25:07,623 [grpc-default-executor-1] INFO  server.GrpcLogAppender (GrpcLogAppender.java:onCompleted(292)) - 2760a034-05cd-481b-aa2a-ebd2ba4013cc->a9642e09-25a0-4922-9409-2b3018e22f5b: follower responses appendEntries COMPLETED
2019-08-20 19:25:07,628 [grpc-default-executor-3] INFO  impl.FollowerInfo (FollowerInfo.java:lambda$new$0(50)) - 2760a034-05cd-481b-aa2a-ebd2ba4013cc->23dbf96a-50e4-4c0c-a46c-0e28d0bfca2f: nextIndex: updateUnconditionally 5 -> 4
2019-08-20 19:25:07,628 [grpc-default-executor-1] INFO  impl.FollowerInfo (FollowerInfo.java:lambda$new$0(50)) - 2760a034-05cd-481b-aa2a-ebd2ba4013cc->a9642e09-25a0-4922-9409-2b3018e22f5b: nextIndex: updateUnconditionally 5 -> 4
2019-08-20 19:25:07,635 [StateMachineUpdater:261f2ceb-ac32-4ba4-817a-4ff79bcf4fe2:group-03D39BA76A7E] INFO  ratis.ContainerStateMachine (ContainerStateMachine.java:takeSnapshot(282)) - group-03D39BA76A7E: Finished taking a snapshot at:(t:1, i:21) file:/workdir/hadoop-ozone/integration-test/target/test-dir/MiniOzoneClusterImpl-c83b9401-1b06-4086-9e2d-44809f408d3d/datanode-4/data/ratis/bb36ead3-8b26-442d-bf8e-03d39ba76a7e/sm/snapshot.1_21 time:32
2019-08-20 19:25:07,635 [StateMachineUpdater:2760a034-05cd-481b-aa2a-ebd2ba4013cc:group-68EB286ECE9B] INFO  ratis.ContainerStateMachine (ContainerStateMachine.java:takeSnapshot(282)) - group-68EB286ECE9B: Finished taking a snapshot at:(t:1, i:4) file:/workdir/hadoop-ozone/integration-test/target/test-dir/MiniOzoneClusterImpl-c83b9401-1b06-4086-9e2d-44809f408d3d/datanode-1/data/ratis/0168b744-b22a-4736-8c13-68eb286ece9b/sm/snapshot.1_4 time:16
2019-08-20 19:25:07,635 [StateMachineUpdater:261f2ceb-ac32-4ba4-817a-4ff79bcf4fe2:group-03D39BA76A7E] INFO  impl.StateMachineUpdater (StateMachineUpdater.java:takeSnapshot(242)) - StateMachineUpdater:261f2ceb-ac32-4ba4-817a-4ff79bcf4fe2:group-03D39BA76A7E: Took a snapshot at index 21
2019-08-20 19:25:07,635 [StateMachineUpdater:2760a034-05cd-481b-aa2a-ebd2ba4013cc:group-68EB286ECE9B] INFO  impl.StateMachineUpdater (StateMachineUpdater.java:takeSnapshot(242)) - StateMachineUpdater:2760a034-05cd-481b-aa2a-ebd2ba4013cc:group-68EB286ECE9B: Took a snapshot at index 4
2019-08-20 19:25:07,635 [StateMachineUpdater:261f2ceb-ac32-4ba4-817a-4ff79bcf4fe2:group-03D39BA76A7E] INFO  impl.StateMachineUpdater (StateMachineUpdater.java:lambda$new$0(80)) - StateMachineUpdater:261f2ceb-ac32-4ba4-817a-4ff79bcf4fe2:group-03D39BA76A7E: snapshotIndex: updateIncreasingly -1 -> 21
2019-08-20 19:25:07,636 [StateMachineUpdater:2760a034-05cd-481b-aa2a-ebd2ba4013cc:group-68EB286ECE9B] INFO  impl.StateMachineUpdater (StateMachineUpdater.java:lambda$new$0(80)) - StateMachineUpdater:2760a034-05cd-481b-aa2a-ebd2ba4013cc:group-68EB286ECE9B: snapshotIndex: updateIncreasingly -1 -> 4
2019-08-20 19:25:07,636 [main] INFO  impl.RaftServerImpl (ServerState.java:close(394)) - 261f2ceb-ac32-4ba4-817a-4ff79bcf4fe2:group-03D39BA76A7E closes. The last applied log index is 22
2019-08-20 19:25:07,636 [ForkJoinPool.commonPool-worker-1] INFO  impl.RaftServerImpl (ServerState.java:close(394)) - 2760a034-05cd-481b-aa2a-ebd2ba4013cc:group-68EB286ECE9B closes. The last applied log index is 4
2019-08-20 19:25:07,637 [261f2ceb-ac32-4ba4-817a-4ff79bcf4fe2-SegmentedRaftLogWorker:Storage Directory /workdir/hadoop-ozone/integration-test/target/test-dir/MiniOzoneClusterImpl-c83b9401-1b06-4086-9e2d-44809f408d3d/datanode-4/data/ratis/bb36ead3-8b26-442d-bf8e-03d39ba76a7e] INFO  segmented.SegmentedRaftLogWorker (SegmentedRaftLogWorker.java:run(313)) - 261f2ceb-ac32-4ba4-817a-4ff79bcf4fe2-SegmentedRaftLogWorker:Storage Directory /workdir/hadoop-ozone/integration-test/target/test-dir/MiniOzoneClusterImpl-c83b9401-1b06-4086-9e2d-44809f408d3d/datanode-4/data/ratis/bb36ead3-8b26-442d-bf8e-03d39ba76a7e was interrupted, exiting. There are 0 tasks remaining in the queue.
2019-08-20 19:25:07,640 [2760a034-05cd-481b-aa2a-ebd2ba4013cc-SegmentedRaftLogWorker:Storage Directory /workdir/hadoop-ozone/integration-test/target/test-dir/MiniOzoneClusterImpl-c83b9401-1b06-4086-9e2d-44809f408d3d/datanode-1/data/ratis/0168b744-b22a-4736-8c13-68eb286ece9b] INFO  segmented.SegmentedRaftLogWorker (SegmentedRaftLogWorker.java:run(313)) - 2760a034-05cd-481b-aa2a-ebd2ba4013cc-SegmentedRaftLogWorker:Storage Directory /workdir/hadoop-ozone/integration-test/target/test-dir/MiniOzoneClusterImpl-c83b9401-1b06-4086-9e2d-44809f408d3d/datanode-1/data/ratis/0168b744-b22a-4736-8c13-68eb286ece9b was interrupted, exiting. There are 0 tasks remaining in the queue.
2019-08-20 19:25:07,640 [main] INFO  segmented.SegmentedRaftLogWorker (SegmentedRaftLogWorker.java:close(228)) - 261f2ceb-ac32-4ba4-817a-4ff79bcf4fe2-SegmentedRaftLogWorker:Storage Directory /workdir/hadoop-ozone/integration-test/target/test-dir/MiniOzoneClusterImpl-c83b9401-1b06-4086-9e2d-44809f408d3d/datanode-4/data/ratis/bb36ead3-8b26-442d-bf8e-03d39ba76a7e close()
2019-08-20 19:25:07,643 | INFO  | SCMAudit | user=jenkins1000 | ip=192.168.157.205 | op=SEND_HEARTBEAT {datanodeUUID=ca787d9a-54ae-4c30-9573-1f3ad278257b, command=[]} | ret=SUCCESS |  
2019-08-20 19:25:07,642 [ForkJoinPool.commonPool-worker-1] INFO  segmented.SegmentedRaftLogWorker (SegmentedRaftLogWorker.java:close(228)) - 2760a034-05cd-481b-aa2a-ebd2ba4013cc-SegmentedRaftLogWorker:Storage Directory /workdir/hadoop-ozone/integration-test/target/test-dir/MiniOzoneClusterImpl-c83b9401-1b06-4086-9e2d-44809f408d3d/datanode-1/data/ratis/0168b744-b22a-4736-8c13-68eb286ece9b close()
2019-08-20 19:25:07,648 [main] INFO  server.GrpcService (GrpcService.java:closeImpl(155)) - 261f2ceb-ac32-4ba4-817a-4ff79bcf4fe2: shutdown server with port 41126 now
2019-08-20 19:25:07,664 [ForkJoinPool.commonPool-worker-1] INFO  server.GrpcService (GrpcService.java:closeImpl(155)) - 2760a034-05cd-481b-aa2a-ebd2ba4013cc: shutdown server with port 33761 now
2019-08-20 19:25:07,666 [grpc-default-executor-3] WARN  server.GrpcServerProtocolService (LogUtils.java:warn(134)) - 261f2ceb-ac32-4ba4-817a-4ff79bcf4fe2: appendEntries onError: org.apache.ratis.thirdparty.io.grpc.StatusRuntimeException: CANCELLED: cancelled before receiving half close
2019-08-20 19:25:07,666 [ForkJoinPool.commonPool-worker-1] INFO  server.GrpcService (GrpcService.java:closeImpl(163)) - 2760a034-05cd-481b-aa2a-ebd2ba4013cc: shutdown server with port 33761 successfully
2019-08-20 19:25:07,666 [grpc-default-executor-1] WARN  server.GrpcLogAppender (LogUtils.java:warn(134)) - c86707b4-b48a-47cd-ae4d-9b9fecb37bc8->261f2ceb-ac32-4ba4-817a-4ff79bcf4fe2: Failed appendEntries: org.apache.ratis.thirdparty.io.grpc.StatusRuntimeException: CANCELLED: HTTP/2 error code: CANCEL
Received Rst Stream
2019-08-20 19:25:07,666 [main] INFO  server.GrpcService (GrpcService.java:closeImpl(163)) - 261f2ceb-ac32-4ba4-817a-4ff79bcf4fe2: shutdown server with port 41126 successfully
2019-08-20 19:25:07,669 [grpc-default-executor-1] INFO  impl.FollowerInfo (FollowerInfo.java:lambda$new$0(50)) - c86707b4-b48a-47cd-ae4d-9b9fecb37bc8->261f2ceb-ac32-4ba4-817a-4ff79bcf4fe2: nextIndex: updateUnconditionally 23 -> 22
2019-08-20 19:25:07,671 [main] INFO  utils.BackgroundService (BackgroundService.java:shutdown(148)) - Shutting down service BlockDeletingService
2019-08-20 19:25:07,678 [refreshUsed-/workdir/hadoop-ozone/integration-test/target/test-dir/MiniOzoneClusterImpl-c83b9401-1b06-4086-9e2d-44809f408d3d/datanode-4/data/containers] WARN  fs.CachingGetSpaceUsed (CachingGetSpaceUsed.java:run(183)) - Thread Interrupted waiting to refresh disk information: sleep interrupted
2019-08-20 19:25:07,678 [ForkJoinPool.commonPool-worker-1] INFO  utils.BackgroundService (BackgroundService.java:shutdown(148)) - Shutting down service BlockDeletingService
2019-08-20 19:25:07,680 [refreshUsed-/workdir/hadoop-ozone/integration-test/target/test-dir/MiniOzoneClusterImpl-c83b9401-1b06-4086-9e2d-44809f408d3d/datanode-1/data/containers] WARN  fs.CachingGetSpaceUsed (CachingGetSpaceUsed.java:run(183)) - Thread Interrupted waiting to refresh disk information: sleep interrupted
2019-08-20 19:25:07,703 [main] INFO  statemachine.DatanodeStateMachine (DatanodeStateMachine.java:stopDaemon(395)) - Ozone container server stopped.
2019-08-20 19:25:07,704 [ForkJoinPool.commonPool-worker-1] INFO  statemachine.DatanodeStateMachine (DatanodeStateMachine.java:stopDaemon(395)) - Ozone container server stopped.
2019-08-20 19:25:07,711 [ForkJoinPool.commonPool-worker-1] INFO  handler.ContextHandler (ContextHandler.java:doStop(910)) - Stopped o.e.j.w.WebAppContext@401ec794{/,null,UNAVAILABLE}{/hddsDatanode}
2019-08-20 19:25:07,711 [main] INFO  handler.ContextHandler (ContextHandler.java:doStop(910)) - Stopped o.e.j.w.WebAppContext@2c0fefac{/,null,UNAVAILABLE}{/hddsDatanode}
2019-08-20 19:25:07,712 [ForkJoinPool.commonPool-worker-1] INFO  server.AbstractConnector (AbstractConnector.java:doStop(318)) - Stopped ServerConnector@d76099a{HTTP/1.1,[http/1.1]}{0.0.0.0:0}
2019-08-20 19:25:07,712 [main] INFO  server.AbstractConnector (AbstractConnector.java:doStop(318)) - Stopped ServerConnector@6fbc7853{HTTP/1.1,[http/1.1]}{0.0.0.0:0}
2019-08-20 19:25:07,714 [ForkJoinPool.commonPool-worker-1] INFO  handler.ContextHandler (ContextHandler.java:doStop(910)) - Stopped o.e.j.s.ServletContextHandler@485c84d7{/static,jar:file:/home/user/.m2/repository/org/apache/hadoop/hadoop-hdds-container-service/0.5.0-SNAPSHOT/hadoop-hdds-container-service-0.5.0-SNAPSHOT.jar!/webapps/static,UNAVAILABLE}
2019-08-20 19:25:07,714 [main] INFO  handler.ContextHandler (ContextHandler.java:doStop(910)) - Stopped o.e.j.s.ServletContextHandler@1cb44a2f{/static,jar:file:/home/user/.m2/repository/org/apache/hadoop/hadoop-hdds-container-service/0.5.0-SNAPSHOT/hadoop-hdds-container-service-0.5.0-SNAPSHOT.jar!/webapps/static,UNAVAILABLE}
2019-08-20 19:25:07,716 [ForkJoinPool.commonPool-worker-1] INFO  handler.ContextHandler (ContextHandler.java:doStop(910)) - Stopped o.e.j.s.ServletContextHandler@5d37aa0f{/logs,file:///workdir/hadoop-ozone/integration-test/target/log,UNAVAILABLE}
2019-08-20 19:25:07,716 [main] INFO  handler.ContextHandler (ContextHandler.java:doStop(910)) - Stopped o.e.j.s.ServletContextHandler@2d3b0978{/logs,file:///workdir/hadoop-ozone/integration-test/target/log,UNAVAILABLE}
2019-08-20 19:25:07,719 [main] INFO  datanode.ObjectStoreHandler (ObjectStoreHandler.java:close(155)) - Closing ObjectStoreHandler.
2019-08-20 19:25:07,719 [ForkJoinPool.commonPool-worker-1] INFO  datanode.ObjectStoreHandler (ObjectStoreHandler.java:close(155)) - Closing ObjectStoreHandler.
2019-08-20 19:25:07,719 [ForkJoinPool.commonPool-worker-1] INFO  ozone.HddsDatanodeService (HddsDatanodeService.java:stop(451)) - Stopped plug-in org.apache.hadoop.ozone.web.OzoneHddsDatanodeService@aedc426
2019-08-20 19:25:07,719 [main] INFO  ozone.HddsDatanodeService (HddsDatanodeService.java:stop(451)) - Stopped plug-in org.apache.hadoop.ozone.web.OzoneHddsDatanodeService@60ab895f
2019-08-20 19:25:08,045 | INFO  | SCMAudit | user=jenkins1000 | ip=192.168.157.205 | op=SEND_HEARTBEAT {datanodeUUID=e9a67988-5972-48d3-82ec-24bac939e4cd, command=[]} | ret=SUCCESS |  
2019-08-20 19:25:08,486 [Datanode State Machine Thread - 0] INFO  statemachine.DatanodeStateMachine (DatanodeStateMachine.java:lambda$startDaemon$0(350)) - Ozone container server started.
2019-08-20 19:25:08,530 | INFO  | SCMAudit | user=jenkins1000 | ip=192.168.157.205 | op=SEND_HEARTBEAT {datanodeUUID=23dbf96a-50e4-4c0c-a46c-0e28d0bfca2f, command=[]} | ret=SUCCESS |  
2019-08-20 19:25:08,568 [Datanode State Machine Thread - 0] INFO  statemachine.DatanodeStateMachine (DatanodeStateMachine.java:lambda$startDaemon$0(350)) - Ozone container server started.
2019-08-20 19:25:08,638 | INFO  | SCMAudit | user=jenkins1000 | ip=192.168.157.205 | op=SEND_HEARTBEAT {datanodeUUID=ca787d9a-54ae-4c30-9573-1f3ad278257b, command=[]} | ret=SUCCESS |  
2019-08-20 19:25:09,045 | INFO  | SCMAudit | user=jenkins1000 | ip=192.168.157.205 | op=SEND_HEARTBEAT {datanodeUUID=e9a67988-5972-48d3-82ec-24bac939e4cd, command=[]} | ret=SUCCESS |  
2019-08-20 19:25:09,530 | INFO  | SCMAudit | user=jenkins1000 | ip=192.168.157.205 | op=SEND_HEARTBEAT {datanodeUUID=23dbf96a-50e4-4c0c-a46c-0e28d0bfca2f, command=[]} | ret=SUCCESS |  
2019-08-20 19:25:09,638 | INFO  | SCMAudit | user=jenkins1000 | ip=192.168.157.205 | op=SEND_HEARTBEAT {datanodeUUID=ca787d9a-54ae-4c30-9573-1f3ad278257b, command=[]} | ret=SUCCESS |  
2019-08-20 19:25:09,962 [grpc-default-executor-2] WARN  server.GrpcLogAppender (LogUtils.java:warn(134)) - c86707b4-b48a-47cd-ae4d-9b9fecb37bc8->261f2ceb-ac32-4ba4-817a-4ff79bcf4fe2: Failed appendEntries: org.apache.ratis.thirdparty.io.grpc.StatusRuntimeException: UNAVAILABLE: io exception
2019-08-20 19:25:09,966 [grpc-default-executor-2] INFO  impl.FollowerInfo (FollowerInfo.java:lambda$new$0(50)) - c86707b4-b48a-47cd-ae4d-9b9fecb37bc8->261f2ceb-ac32-4ba4-817a-4ff79bcf4fe2: nextIndex: updateUnconditionally 22 -> 21
2019-08-20 19:25:10,045 | INFO  | SCMAudit | user=jenkins1000 | ip=192.168.157.205 | op=SEND_HEARTBEAT {datanodeUUID=e9a67988-5972-48d3-82ec-24bac939e4cd, command=[]} | ret=SUCCESS |  
2019-08-20 19:25:10,530 | INFO  | SCMAudit | user=jenkins1000 | ip=192.168.157.205 | op=SEND_HEARTBEAT {datanodeUUID=23dbf96a-50e4-4c0c-a46c-0e28d0bfca2f, command=[]} | ret=SUCCESS |  
2019-08-20 19:25:10,639 | INFO  | SCMAudit | user=jenkins1000 | ip=192.168.157.205 | op=SEND_HEARTBEAT {datanodeUUID=ca787d9a-54ae-4c30-9573-1f3ad278257b, command=[]} | ret=SUCCESS |  
2019-08-20 19:25:11,045 | INFO  | SCMAudit | user=jenkins1000 | ip=192.168.157.205 | op=SEND_HEARTBEAT {datanodeUUID=e9a67988-5972-48d3-82ec-24bac939e4cd, command=[]} | ret=SUCCESS |  
2019-08-20 19:25:11,530 | INFO  | SCMAudit | user=jenkins1000 | ip=192.168.157.205 | op=SEND_HEARTBEAT {datanodeUUID=23dbf96a-50e4-4c0c-a46c-0e28d0bfca2f, command=[]} | ret=SUCCESS |  
2019-08-20 19:25:11,639 | INFO  | SCMAudit | user=jenkins1000 | ip=192.168.157.205 | op=SEND_HEARTBEAT {datanodeUUID=ca787d9a-54ae-4c30-9573-1f3ad278257b, command=[]} | ret=SUCCESS |  
2019-08-20 19:25:12,045 | INFO  | SCMAudit | user=jenkins1000 | ip=192.168.157.205 | op=SEND_HEARTBEAT {datanodeUUID=e9a67988-5972-48d3-82ec-24bac939e4cd, command=[]} | ret=SUCCESS |  
2019-08-20 19:25:12,463 [grpc-default-executor-3] WARN  server.GrpcLogAppender (LogUtils.java:warn(134)) - c86707b4-b48a-47cd-ae4d-9b9fecb37bc8->261f2ceb-ac32-4ba4-817a-4ff79bcf4fe2: Failed appendEntries: org.apache.ratis.thirdparty.io.grpc.StatusRuntimeException: UNAVAILABLE: io exception
2019-08-20 19:25:12,466 [grpc-default-executor-3] INFO  impl.FollowerInfo (FollowerInfo.java:lambda$new$0(50)) - c86707b4-b48a-47cd-ae4d-9b9fecb37bc8->261f2ceb-ac32-4ba4-817a-4ff79bcf4fe2: nextIndex: updateUnconditionally 21 -> 20
2019-08-20 19:25:12,531 | INFO  | SCMAudit | user=jenkins1000 | ip=192.168.157.205 | op=SEND_HEARTBEAT {datanodeUUID=23dbf96a-50e4-4c0c-a46c-0e28d0bfca2f, command=[]} | ret=SUCCESS |  
2019-08-20 19:25:12,638 | INFO  | SCMAudit | user=jenkins1000 | ip=192.168.157.205 | op=SEND_HEARTBEAT {datanodeUUID=ca787d9a-54ae-4c30-9573-1f3ad278257b, command=[]} | ret=SUCCESS |  
2019-08-20 19:25:12,710 [Thread-787] INFO  impl.FollowerState (FollowerState.java:run(106)) - a9642e09-25a0-4922-9409-2b3018e22f5b:group-68EB286ECE9B changes to CANDIDATE, lastRpcTime:5410, electionTimeout:5091ms
2019-08-20 19:25:12,710 [Thread-787] INFO  impl.RoleInfo (RoleInfo.java:shutdownFollowerState(121)) - a9642e09-25a0-4922-9409-2b3018e22f5b: shutdown FollowerState
2019-08-20 19:25:12,711 [Thread-787] INFO  impl.RaftServerImpl (RaftServerImpl.java:setRole(171)) - a9642e09-25a0-4922-9409-2b3018e22f5b:group-68EB286ECE9B changes role from FOLLOWER to CANDIDATE at term 1 for changeToCandidate
2019-08-20 19:25:12,711 [Thread-787] INFO  impl.RoleInfo (RoleInfo.java:updateAndGet(143)) - a9642e09-25a0-4922-9409-2b3018e22f5b: start LeaderElection
2019-08-20 19:25:12,713 [a9642e09-25a0-4922-9409-2b3018e22f5b:group-68EB286ECE9B:LeaderElection29] INFO  impl.RaftServerImpl (ServerState.java:setLeader(263)) - a9642e09-25a0-4922-9409-2b3018e22f5b:group-68EB286ECE9B change Leader from 2760a034-05cd-481b-aa2a-ebd2ba4013cc to null at term 1 for initElection
2019-08-20 19:25:12,720 [main] INFO  ozoneimpl.OzoneContainer (OzoneContainer.java:stop(199)) - Attempting to stop container services.
2019-08-20 19:25:12,720 [ForkJoinPool.commonPool-worker-1] INFO  ozoneimpl.OzoneContainer (OzoneContainer.java:stop(199)) - Attempting to stop container services.
2019-08-20 19:25:12,721 [main] INFO  impl.RaftServerProxy (RaftServerProxy.java:lambda$close$4(314)) - c86707b4-b48a-47cd-ae4d-9b9fecb37bc8: close
2019-08-20 19:25:12,721 [ForkJoinPool.commonPool-worker-1] INFO  impl.RaftServerProxy (RaftServerProxy.java:lambda$close$4(314)) - a9642e09-25a0-4922-9409-2b3018e22f5b: close
2019-08-20 19:25:12,722 [main] INFO  impl.RaftServerImpl (RaftServerImpl.java:lambda$shutdown$3(245)) - c86707b4-b48a-47cd-ae4d-9b9fecb37bc8: shutdown group-03D39BA76A7E
2019-08-20 19:25:12,722 [ForkJoinPool.commonPool-worker-1] INFO  impl.RaftServerImpl (RaftServerImpl.java:lambda$shutdown$3(245)) - a9642e09-25a0-4922-9409-2b3018e22f5b: shutdown group-68EB286ECE9B
2019-08-20 19:25:12,722 [main] INFO  util.JmxRegister (JmxRegister.java:unregister(73)) - Successfully un-registered JMX Bean with object name Ratis:service=RaftServer,group=group-03D39BA76A7E,id=c86707b4-b48a-47cd-ae4d-9b9fecb37bc8
2019-08-20 19:25:12,723 [ForkJoinPool.commonPool-worker-1] INFO  util.JmxRegister (JmxRegister.java:unregister(73)) - Successfully un-registered JMX Bean with object name Ratis:service=RaftServer,group=group-68EB286ECE9B,id=a9642e09-25a0-4922-9409-2b3018e22f5b
2019-08-20 19:25:12,723 [main] INFO  impl.RoleInfo (RoleInfo.java:shutdownLeaderState(104)) - c86707b4-b48a-47cd-ae4d-9b9fecb37bc8: shutdown LeaderState
2019-08-20 19:25:12,723 [ForkJoinPool.commonPool-worker-1] INFO  impl.RoleInfo (RoleInfo.java:shutdownLeaderElection(134)) - a9642e09-25a0-4922-9409-2b3018e22f5b: shutdown LeaderElection
2019-08-20 19:25:12,728 [a9642e09-25a0-4922-9409-2b3018e22f5b:group-68EB286ECE9B:LeaderElection29] INFO  impl.LeaderElection (LeaderElection.java:askForVotes(181)) - a9642e09-25a0-4922-9409-2b3018e22f5b:group-68EB286ECE9B:LeaderElection29: begin an election at term 2 for 0: [a9642e09-25a0-4922-9409-2b3018e22f5b:192.168.157.205:40637, 2760a034-05cd-481b-aa2a-ebd2ba4013cc:192.168.157.205:33761, 23dbf96a-50e4-4c0c-a46c-0e28d0bfca2f:192.168.157.205:33592], old=null
2019-08-20 19:25:12,728 [org.apache.ratis.server.impl.LogAppender$AppenderDaemon$$Lambda$463/1543900325@49454d84] WARN  server.GrpcLogAppender (GrpcLogAppender.java:mayWait(143)) - GrpcLogAppender(c86707b4-b48a-47cd-ae4d-9b9fecb37bc8->261f2ceb-ac32-4ba4-817a-4ff79bcf4fe2): Wait interrupted by java.lang.InterruptedException
2019-08-20 19:25:12,728 [org.apache.ratis.server.impl.LogAppender$AppenderDaemon$$Lambda$463/1543900325@c47dac8] WARN  server.GrpcLogAppender (GrpcLogAppender.java:mayWait(143)) - GrpcLogAppender(c86707b4-b48a-47cd-ae4d-9b9fecb37bc8->ca787d9a-54ae-4c30-9573-1f3ad278257b): Wait interrupted by java.lang.InterruptedException
2019-08-20 19:25:12,728 [main] INFO  impl.PendingRequests (PendingRequests.java:sendNotLeaderResponses(202)) - c86707b4-b48a-47cd-ae4d-9b9fecb37bc8-PendingRequests: sendNotLeaderResponses
2019-08-20 19:25:12,729 [a9642e09-25a0-4922-9409-2b3018e22f5b:group-68EB286ECE9B:LeaderElection29] INFO  impl.LeaderElection (LeaderElection.java:logAndReturn(56)) - a9642e09-25a0-4922-9409-2b3018e22f5b:group-68EB286ECE9B:LeaderElection29: Election REJECTED; received 0 response(s) [] and 0 exception(s); a9642e09-25a0-4922-9409-2b3018e22f5b:t2, leader=null, voted=a9642e09-25a0-4922-9409-2b3018e22f5b, raftlog=a9642e09-25a0-4922-9409-2b3018e22f5b-SegmentedRaftLog:OPENED:c4,f4,i4, conf=0: [a9642e09-25a0-4922-9409-2b3018e22f5b:192.168.157.205:40637, 2760a034-05cd-481b-aa2a-ebd2ba4013cc:192.168.157.205:33761, 23dbf96a-50e4-4c0c-a46c-0e28d0bfca2f:192.168.157.205:33592], old=null
2019-08-20 19:25:12,729 [StateMachineUpdater:a9642e09-25a0-4922-9409-2b3018e22f5b:group-68EB286ECE9B] INFO  ratis.ContainerStateMachine (ContainerStateMachine.java:takeSnapshot(271)) - group-68EB286ECE9B: Taking a snapshot at:(t:1, i:3) file /workdir/hadoop-ozone/integration-test/target/test-dir/MiniOzoneClusterImpl-c83b9401-1b06-4086-9e2d-44809f408d3d/datanode-2/data/ratis/0168b744-b22a-4736-8c13-68eb286ece9b/sm/snapshot.1_3
2019-08-20 19:25:12,734 [grpc-default-executor-3] INFO  server.GrpcServerProtocolService (GrpcServerProtocolService.java:onCompleted(104)) - ca787d9a-54ae-4c30-9573-1f3ad278257b: appendEntries completed
2019-08-20 19:25:12,729 [ForkJoinPool.commonPool-worker-1] INFO  impl.StateMachineUpdater (StateMachineUpdater.java:stopAndJoin(115)) - StateMachineUpdater:a9642e09-25a0-4922-9409-2b3018e22f5b:group-68EB286ECE9B: set stopIndex = 4
2019-08-20 19:25:12,734 [StateMachineUpdater:c86707b4-b48a-47cd-ae4d-9b9fecb37bc8:group-03D39BA76A7E] INFO  ratis.ContainerStateMachine (ContainerStateMachine.java:takeSnapshot(271)) - group-03D39BA76A7E: Taking a snapshot at:(t:1, i:22) file /workdir/hadoop-ozone/integration-test/target/test-dir/MiniOzoneClusterImpl-c83b9401-1b06-4086-9e2d-44809f408d3d/datanode-3/data/ratis/bb36ead3-8b26-442d-bf8e-03d39ba76a7e/sm/snapshot.1_22
2019-08-20 19:25:12,734 [main] INFO  impl.StateMachineUpdater (StateMachineUpdater.java:stopAndJoin(115)) - StateMachineUpdater:c86707b4-b48a-47cd-ae4d-9b9fecb37bc8:group-03D39BA76A7E: set stopIndex = 22
2019-08-20 19:25:12,738 [grpc-default-executor-2] INFO  server.GrpcLogAppender (GrpcLogAppender.java:onCompleted(292)) - c86707b4-b48a-47cd-ae4d-9b9fecb37bc8->ca787d9a-54ae-4c30-9573-1f3ad278257b: follower responses appendEntries COMPLETED
2019-08-20 19:25:12,740 [grpc-default-executor-2] INFO  impl.FollowerInfo (FollowerInfo.java:lambda$new$0(50)) - c86707b4-b48a-47cd-ae4d-9b9fecb37bc8->ca787d9a-54ae-4c30-9573-1f3ad278257b: nextIndex: updateUnconditionally 23 -> 22
2019-08-20 19:25:12,741 [grpc-default-executor-3] INFO  impl.RaftServerImpl (ServerState.java:setLeader(263)) - 23dbf96a-50e4-4c0c-a46c-0e28d0bfca2f:group-68EB286ECE9B change Leader from 2760a034-05cd-481b-aa2a-ebd2ba4013cc to null at term 2 for updateCurrentTerm
2019-08-20 19:25:12,741 [grpc-default-executor-3] INFO  impl.RaftServerImpl (RaftServerImpl.java:setRole(171)) - 23dbf96a-50e4-4c0c-a46c-0e28d0bfca2f:group-68EB286ECE9B changes role from FOLLOWER to FOLLOWER at term 2 for recognizeCandidate:a9642e09-25a0-4922-9409-2b3018e22f5b
2019-08-20 19:25:12,741 [grpc-default-executor-3] INFO  impl.RoleInfo (RoleInfo.java:shutdownFollowerState(121)) - 23dbf96a-50e4-4c0c-a46c-0e28d0bfca2f: shutdown FollowerState
2019-08-20 19:25:12,742 [grpc-default-executor-3] INFO  impl.RoleInfo (RoleInfo.java:updateAndGet(143)) - 23dbf96a-50e4-4c0c-a46c-0e28d0bfca2f: start FollowerState
2019-08-20 19:25:12,742 [Thread-786] INFO  impl.FollowerState (FollowerState.java:run(114)) - 23dbf96a-50e4-4c0c-a46c-0e28d0bfca2f: FollowerState was interrupted: java.lang.InterruptedException: sleep interrupted
2019-08-20 19:25:12,746 [StateMachineUpdater:a9642e09-25a0-4922-9409-2b3018e22f5b:group-68EB286ECE9B] INFO  ratis.ContainerStateMachine (ContainerStateMachine.java:takeSnapshot(282)) - group-68EB286ECE9B: Finished taking a snapshot at:(t:1, i:3) file:/workdir/hadoop-ozone/integration-test/target/test-dir/MiniOzoneClusterImpl-c83b9401-1b06-4086-9e2d-44809f408d3d/datanode-2/data/ratis/0168b744-b22a-4736-8c13-68eb286ece9b/sm/snapshot.1_3 time:18
2019-08-20 19:25:12,747 [StateMachineUpdater:a9642e09-25a0-4922-9409-2b3018e22f5b:group-68EB286ECE9B] INFO  impl.StateMachineUpdater (StateMachineUpdater.java:takeSnapshot(242)) - StateMachineUpdater:a9642e09-25a0-4922-9409-2b3018e22f5b:group-68EB286ECE9B: Took a snapshot at index 3
2019-08-20 19:25:12,747 [StateMachineUpdater:a9642e09-25a0-4922-9409-2b3018e22f5b:group-68EB286ECE9B] INFO  impl.StateMachineUpdater (StateMachineUpdater.java:lambda$new$0(80)) - StateMachineUpdater:a9642e09-25a0-4922-9409-2b3018e22f5b:group-68EB286ECE9B: snapshotIndex: updateIncreasingly -1 -> 3
2019-08-20 19:25:12,747 [ForkJoinPool.commonPool-worker-1] INFO  impl.RaftServerImpl (ServerState.java:close(394)) - a9642e09-25a0-4922-9409-2b3018e22f5b:group-68EB286ECE9B closes. The last applied log index is 4
2019-08-20 19:25:12,748 [a9642e09-25a0-4922-9409-2b3018e22f5b-SegmentedRaftLogWorker:Storage Directory /workdir/hadoop-ozone/integration-test/target/test-dir/MiniOzoneClusterImpl-c83b9401-1b06-4086-9e2d-44809f408d3d/datanode-2/data/ratis/0168b744-b22a-4736-8c13-68eb286ece9b] INFO  segmented.SegmentedRaftLogWorker (SegmentedRaftLogWorker.java:run(313)) - a9642e09-25a0-4922-9409-2b3018e22f5b-SegmentedRaftLogWorker:Storage Directory /workdir/hadoop-ozone/integration-test/target/test-dir/MiniOzoneClusterImpl-c83b9401-1b06-4086-9e2d-44809f408d3d/datanode-2/data/ratis/0168b744-b22a-4736-8c13-68eb286ece9b was interrupted, exiting. There are 0 tasks remaining in the queue.
2019-08-20 19:25:12,750 [ForkJoinPool.commonPool-worker-1] INFO  segmented.SegmentedRaftLogWorker (SegmentedRaftLogWorker.java:close(228)) - a9642e09-25a0-4922-9409-2b3018e22f5b-SegmentedRaftLogWorker:Storage Directory /workdir/hadoop-ozone/integration-test/target/test-dir/MiniOzoneClusterImpl-c83b9401-1b06-4086-9e2d-44809f408d3d/datanode-2/data/ratis/0168b744-b22a-4736-8c13-68eb286ece9b close()
2019-08-20 19:25:12,752 [ForkJoinPool.commonPool-worker-1] INFO  impl.RaftServerImpl (RaftServerImpl.java:lambda$shutdown$3(245)) - a9642e09-25a0-4922-9409-2b3018e22f5b: shutdown group-E7E107D081CB
2019-08-20 19:25:12,753 [ForkJoinPool.commonPool-worker-1] INFO  util.JmxRegister (JmxRegister.java:unregister(73)) - Successfully un-registered JMX Bean with object name Ratis:service=RaftServer,group=group-E7E107D081CB,id=a9642e09-25a0-4922-9409-2b3018e22f5b
2019-08-20 19:25:12,753 [ForkJoinPool.commonPool-worker-1] INFO  impl.RoleInfo (RoleInfo.java:shutdownLeaderState(104)) - a9642e09-25a0-4922-9409-2b3018e22f5b: shutdown LeaderState
2019-08-20 19:25:12,753 [ForkJoinPool.commonPool-worker-1] INFO  impl.PendingRequests (PendingRequests.java:sendNotLeaderResponses(202)) - a9642e09-25a0-4922-9409-2b3018e22f5b-PendingRequests: sendNotLeaderResponses
2019-08-20 19:25:12,754 [ForkJoinPool.commonPool-worker-1] INFO  impl.StateMachineUpdater (StateMachineUpdater.java:stopAndJoin(115)) - StateMachineUpdater:a9642e09-25a0-4922-9409-2b3018e22f5b:group-E7E107D081CB: set stopIndex = 0
2019-08-20 19:25:12,754 [ForkJoinPool.commonPool-worker-1] INFO  impl.RaftServerImpl (ServerState.java:close(394)) - a9642e09-25a0-4922-9409-2b3018e22f5b:group-E7E107D081CB closes. The last applied log index is 0
2019-08-20 19:25:12,755 [a9642e09-25a0-4922-9409-2b3018e22f5b-SegmentedRaftLogWorker:Storage Directory /workdir/hadoop-ozone/integration-test/target/test-dir/MiniOzoneClusterImpl-c83b9401-1b06-4086-9e2d-44809f408d3d/datanode-2/data/ratis/046ba6cf-f253-43a3-a501-e7e107d081cb] INFO  segmented.SegmentedRaftLogWorker (SegmentedRaftLogWorker.java:run(313)) - a9642e09-25a0-4922-9409-2b3018e22f5b-SegmentedRaftLogWorker:Storage Directory /workdir/hadoop-ozone/integration-test/target/test-dir/MiniOzoneClusterImpl-c83b9401-1b06-4086-9e2d-44809f408d3d/datanode-2/data/ratis/046ba6cf-f253-43a3-a501-e7e107d081cb was interrupted, exiting. There are 0 tasks remaining in the queue.
2019-08-20 19:25:12,757 [ForkJoinPool.commonPool-worker-1] INFO  segmented.SegmentedRaftLogWorker (SegmentedRaftLogWorker.java:close(228)) - a9642e09-25a0-4922-9409-2b3018e22f5b-SegmentedRaftLogWorker:Storage Directory /workdir/hadoop-ozone/integration-test/target/test-dir/MiniOzoneClusterImpl-c83b9401-1b06-4086-9e2d-44809f408d3d/datanode-2/data/ratis/046ba6cf-f253-43a3-a501-e7e107d081cb close()
2019-08-20 19:25:12,759 [ForkJoinPool.commonPool-worker-1] INFO  server.GrpcService (GrpcService.java:closeImpl(155)) - a9642e09-25a0-4922-9409-2b3018e22f5b: shutdown server with port 40637 now
2019-08-20 19:25:12,766 [ForkJoinPool.commonPool-worker-1] INFO  server.GrpcService (GrpcService.java:closeImpl(163)) - a9642e09-25a0-4922-9409-2b3018e22f5b: shutdown server with port 40637 successfully
2019-08-20 19:25:12,769 [StateMachineUpdater:c86707b4-b48a-47cd-ae4d-9b9fecb37bc8:group-03D39BA76A7E] INFO  ratis.ContainerStateMachine (ContainerStateMachine.java:takeSnapshot(282)) - group-03D39BA76A7E: Finished taking a snapshot at:(t:1, i:22) file:/workdir/hadoop-ozone/integration-test/target/test-dir/MiniOzoneClusterImpl-c83b9401-1b06-4086-9e2d-44809f408d3d/datanode-3/data/ratis/bb36ead3-8b26-442d-bf8e-03d39ba76a7e/sm/snapshot.1_22 time:35
2019-08-20 19:25:12,769 [StateMachineUpdater:c86707b4-b48a-47cd-ae4d-9b9fecb37bc8:group-03D39BA76A7E] INFO  impl.StateMachineUpdater (StateMachineUpdater.java:takeSnapshot(242)) - StateMachineUpdater:c86707b4-b48a-47cd-ae4d-9b9fecb37bc8:group-03D39BA76A7E: Took a snapshot at index 22
2019-08-20 19:25:12,769 [StateMachineUpdater:c86707b4-b48a-47cd-ae4d-9b9fecb37bc8:group-03D39BA76A7E] INFO  impl.StateMachineUpdater (StateMachineUpdater.java:lambda$new$0(80)) - StateMachineUpdater:c86707b4-b48a-47cd-ae4d-9b9fecb37bc8:group-03D39BA76A7E: snapshotIndex: updateIncreasingly -1 -> 22
2019-08-20 19:25:12,769 [ForkJoinPool.commonPool-worker-1] INFO  utils.BackgroundService (BackgroundService.java:shutdown(148)) - Shutting down service BlockDeletingService
2019-08-20 19:25:12,770 [main] INFO  impl.RaftServerImpl (ServerState.java:close(394)) - c86707b4-b48a-47cd-ae4d-9b9fecb37bc8:group-03D39BA76A7E closes. The last applied log index is 22
2019-08-20 19:25:12,771 [c86707b4-b48a-47cd-ae4d-9b9fecb37bc8-SegmentedRaftLogWorker:Storage Directory /workdir/hadoop-ozone/integration-test/target/test-dir/MiniOzoneClusterImpl-c83b9401-1b06-4086-9e2d-44809f408d3d/datanode-3/data/ratis/bb36ead3-8b26-442d-bf8e-03d39ba76a7e] INFO  segmented.SegmentedRaftLogWorker (SegmentedRaftLogWorker.java:run(313)) - c86707b4-b48a-47cd-ae4d-9b9fecb37bc8-SegmentedRaftLogWorker:Storage Directory /workdir/hadoop-ozone/integration-test/target/test-dir/MiniOzoneClusterImpl-c83b9401-1b06-4086-9e2d-44809f408d3d/datanode-3/data/ratis/bb36ead3-8b26-442d-bf8e-03d39ba76a7e was interrupted, exiting. There are 0 tasks remaining in the queue.
2019-08-20 19:25:12,772 [refreshUsed-/workdir/hadoop-ozone/integration-test/target/test-dir/MiniOzoneClusterImpl-c83b9401-1b06-4086-9e2d-44809f408d3d/datanode-2/data/containers] WARN  fs.CachingGetSpaceUsed (CachingGetSpaceUsed.java:run(183)) - Thread Interrupted waiting to refresh disk information: sleep interrupted
2019-08-20 19:25:12,774 [main] INFO  segmented.SegmentedRaftLogWorker (SegmentedRaftLogWorker.java:close(228)) - c86707b4-b48a-47cd-ae4d-9b9fecb37bc8-SegmentedRaftLogWorker:Storage Directory /workdir/hadoop-ozone/integration-test/target/test-dir/MiniOzoneClusterImpl-c83b9401-1b06-4086-9e2d-44809f408d3d/datanode-3/data/ratis/bb36ead3-8b26-442d-bf8e-03d39ba76a7e close()
2019-08-20 19:25:12,777 [main] INFO  impl.RaftServerImpl (RaftServerImpl.java:lambda$shutdown$3(245)) - c86707b4-b48a-47cd-ae4d-9b9fecb37bc8: shutdown group-0A681F522DF7
2019-08-20 19:25:12,778 [main] INFO  util.JmxRegister (JmxRegister.java:unregister(73)) - Successfully un-registered JMX Bean with object name Ratis:service=RaftServer,group=group-0A681F522DF7,id=c86707b4-b48a-47cd-ae4d-9b9fecb37bc8
2019-08-20 19:25:12,779 [main] INFO  impl.RoleInfo (RoleInfo.java:shutdownLeaderState(104)) - c86707b4-b48a-47cd-ae4d-9b9fecb37bc8: shutdown LeaderState
2019-08-20 19:25:12,779 [main] INFO  impl.PendingRequests (PendingRequests.java:sendNotLeaderResponses(202)) - c86707b4-b48a-47cd-ae4d-9b9fecb37bc8-PendingRequests: sendNotLeaderResponses
2019-08-20 19:25:12,780 [main] INFO  impl.StateMachineUpdater (StateMachineUpdater.java:stopAndJoin(115)) - StateMachineUpdater:c86707b4-b48a-47cd-ae4d-9b9fecb37bc8:group-0A681F522DF7: set stopIndex = 0
2019-08-20 19:25:12,780 [main] INFO  impl.RaftServerImpl (ServerState.java:close(394)) - c86707b4-b48a-47cd-ae4d-9b9fecb37bc8:group-0A681F522DF7 closes. The last applied log index is 0
2019-08-20 19:25:12,781 [c86707b4-b48a-47cd-ae4d-9b9fecb37bc8-SegmentedRaftLogWorker:Storage Directory /workdir/hadoop-ozone/integration-test/target/test-dir/MiniOzoneClusterImpl-c83b9401-1b06-4086-9e2d-44809f408d3d/datanode-3/data/ratis/6fc70c2a-32ba-406a-911c-0a681f522df7] INFO  segmented.SegmentedRaftLogWorker (SegmentedRaftLogWorker.java:run(313)) - c86707b4-b48a-47cd-ae4d-9b9fecb37bc8-SegmentedRaftLogWorker:Storage Directory /workdir/hadoop-ozone/integration-test/target/test-dir/MiniOzoneClusterImpl-c83b9401-1b06-4086-9e2d-44809f408d3d/datanode-3/data/ratis/6fc70c2a-32ba-406a-911c-0a681f522df7 was interrupted, exiting. There are 0 tasks remaining in the queue.
2019-08-20 19:25:12,783 [main] INFO  segmented.SegmentedRaftLogWorker (SegmentedRaftLogWorker.java:close(228)) - c86707b4-b48a-47cd-ae4d-9b9fecb37bc8-SegmentedRaftLogWorker:Storage Directory /workdir/hadoop-ozone/integration-test/target/test-dir/MiniOzoneClusterImpl-c83b9401-1b06-4086-9e2d-44809f408d3d/datanode-3/data/ratis/6fc70c2a-32ba-406a-911c-0a681f522df7 close()
2019-08-20 19:25:12,785 [main] INFO  server.GrpcService (GrpcService.java:closeImpl(155)) - c86707b4-b48a-47cd-ae4d-9b9fecb37bc8: shutdown server with port 38537 now
2019-08-20 19:25:12,786 [main] INFO  server.GrpcService (GrpcService.java:closeImpl(163)) - c86707b4-b48a-47cd-ae4d-9b9fecb37bc8: shutdown server with port 38537 successfully
2019-08-20 19:25:12,787 [main] INFO  utils.BackgroundService (BackgroundService.java:shutdown(148)) - Shutting down service BlockDeletingService
2019-08-20 19:25:12,789 [refreshUsed-/workdir/hadoop-ozone/integration-test/target/test-dir/MiniOzoneClusterImpl-c83b9401-1b06-4086-9e2d-44809f408d3d/datanode-3/data/containers] WARN  fs.CachingGetSpaceUsed (CachingGetSpaceUsed.java:run(183)) - Thread Interrupted waiting to refresh disk information: sleep interrupted
2019-08-20 19:25:12,798 [ForkJoinPool.commonPool-worker-1] INFO  statemachine.DatanodeStateMachine (DatanodeStateMachine.java:stopDaemon(395)) - Ozone container server stopped.
2019-08-20 19:25:12,803 [ForkJoinPool.commonPool-worker-1] INFO  handler.ContextHandler (ContextHandler.java:doStop(910)) - Stopped o.e.j.w.WebAppContext@445058e8{/,null,UNAVAILABLE}{/hddsDatanode}
2019-08-20 19:25:12,804 [ForkJoinPool.commonPool-worker-1] INFO  server.AbstractConnector (AbstractConnector.java:doStop(318)) - Stopped ServerConnector@5d5574c7{HTTP/1.1,[http/1.1]}{0.0.0.0:0}
2019-08-20 19:25:12,805 [ForkJoinPool.commonPool-worker-1] INFO  handler.ContextHandler (ContextHandler.java:doStop(910)) - Stopped o.e.j.s.ServletContextHandler@4348fa35{/static,jar:file:/home/user/.m2/repository/org/apache/hadoop/hadoop-hdds-container-service/0.5.0-SNAPSHOT/hadoop-hdds-container-service-0.5.0-SNAPSHOT.jar!/webapps/static,UNAVAILABLE}
2019-08-20 19:25:12,807 [ForkJoinPool.commonPool-worker-1] INFO  handler.ContextHandler (ContextHandler.java:doStop(910)) - Stopped o.e.j.s.ServletContextHandler@1c0e4262{/logs,file:///workdir/hadoop-ozone/integration-test/target/log,UNAVAILABLE}
2019-08-20 19:25:12,809 [ForkJoinPool.commonPool-worker-1] INFO  datanode.ObjectStoreHandler (ObjectStoreHandler.java:close(155)) - Closing ObjectStoreHandler.
2019-08-20 19:25:12,809 [ForkJoinPool.commonPool-worker-1] INFO  ozone.HddsDatanodeService (HddsDatanodeService.java:stop(451)) - Stopped plug-in org.apache.hadoop.ozone.web.OzoneHddsDatanodeService@5368e981
2019-08-20 19:25:12,823 [main] INFO  statemachine.DatanodeStateMachine (DatanodeStateMachine.java:stopDaemon(395)) - Ozone container server stopped.
2019-08-20 19:25:12,825 [main] INFO  handler.ContextHandler (ContextHandler.java:doStop(910)) - Stopped o.e.j.w.WebAppContext@3caa4d85{/,null,UNAVAILABLE}{/hddsDatanode}
2019-08-20 19:25:12,825 [main] INFO  server.AbstractConnector (AbstractConnector.java:doStop(318)) - Stopped ServerConnector@356fa0d1{HTTP/1.1,[http/1.1]}{0.0.0.0:0}
2019-08-20 19:25:12,826 [main] INFO  handler.ContextHandler (ContextHandler.java:doStop(910)) - Stopped o.e.j.s.ServletContextHandler@7e3d168e{/static,jar:file:/home/user/.m2/repository/org/apache/hadoop/hadoop-hdds-container-service/0.5.0-SNAPSHOT/hadoop-hdds-container-service-0.5.0-SNAPSHOT.jar!/webapps/static,UNAVAILABLE}
2019-08-20 19:25:12,826 [main] INFO  handler.ContextHandler (ContextHandler.java:doStop(910)) - Stopped o.e.j.s.ServletContextHandler@bfd97fb{/logs,file:///workdir/hadoop-ozone/integration-test/target/log,UNAVAILABLE}
2019-08-20 19:25:12,828 [main] INFO  datanode.ObjectStoreHandler (ObjectStoreHandler.java:close(155)) - Closing ObjectStoreHandler.
2019-08-20 19:25:12,828 [main] INFO  ozone.HddsDatanodeService (HddsDatanodeService.java:stop(451)) - Stopped plug-in org.apache.hadoop.ozone.web.OzoneHddsDatanodeService@61bf405d
2019-08-20 19:25:13,046 [Datanode State Machine Thread - 0] INFO  statemachine.DatanodeStateMachine (DatanodeStateMachine.java:lambda$startDaemon$0(350)) - Ozone container server started.
2019-08-20 19:25:13,530 [Datanode State Machine Thread - 0] INFO  statemachine.DatanodeStateMachine (DatanodeStateMachine.java:lambda$startDaemon$0(350)) - Ozone container server started.
2019-08-20 19:25:13,639 | INFO  | SCMAudit | user=jenkins1000 | ip=192.168.157.205 | op=SEND_HEARTBEAT {datanodeUUID=ca787d9a-54ae-4c30-9573-1f3ad278257b, command=[]} | ret=SUCCESS |  
2019-08-20 19:25:14,639 | INFO  | SCMAudit | user=jenkins1000 | ip=192.168.157.205 | op=SEND_HEARTBEAT {datanodeUUID=ca787d9a-54ae-4c30-9573-1f3ad278257b, command=[]} | ret=SUCCESS |  
2019-08-20 19:25:15,639 | INFO  | SCMAudit | user=jenkins1000 | ip=192.168.157.205 | op=SEND_HEARTBEAT {datanodeUUID=ca787d9a-54ae-4c30-9573-1f3ad278257b, command=[]} | ret=SUCCESS |  
2019-08-20 19:25:16,639 | INFO  | SCMAudit | user=jenkins1000 | ip=192.168.157.205 | op=SEND_HEARTBEAT {datanodeUUID=ca787d9a-54ae-4c30-9573-1f3ad278257b, command=[]} | ret=SUCCESS |  
2019-08-20 19:25:17,639 | INFO  | SCMAudit | user=jenkins1000 | ip=192.168.157.205 | op=SEND_HEARTBEAT {datanodeUUID=ca787d9a-54ae-4c30-9573-1f3ad278257b, command=[]} | ret=SUCCESS |  
2019-08-20 19:25:17,810 [ForkJoinPool.commonPool-worker-1] INFO  ozoneimpl.OzoneContainer (OzoneContainer.java:stop(199)) - Attempting to stop container services.
2019-08-20 19:25:17,811 [ForkJoinPool.commonPool-worker-1] INFO  impl.RaftServerProxy (RaftServerProxy.java:lambda$close$4(314)) - 23dbf96a-50e4-4c0c-a46c-0e28d0bfca2f: close
2019-08-20 19:25:17,811 [ForkJoinPool.commonPool-worker-1] INFO  impl.RaftServerImpl (RaftServerImpl.java:lambda$shutdown$3(245)) - 23dbf96a-50e4-4c0c-a46c-0e28d0bfca2f: shutdown group-9B3448A01EC4
2019-08-20 19:25:17,811 [ForkJoinPool.commonPool-worker-1] INFO  util.JmxRegister (JmxRegister.java:unregister(73)) - Successfully un-registered JMX Bean with object name Ratis:service=RaftServer,group=group-9B3448A01EC4,id=23dbf96a-50e4-4c0c-a46c-0e28d0bfca2f
2019-08-20 19:25:17,812 [ForkJoinPool.commonPool-worker-1] INFO  impl.RoleInfo (RoleInfo.java:shutdownLeaderState(104)) - 23dbf96a-50e4-4c0c-a46c-0e28d0bfca2f: shutdown LeaderState
2019-08-20 19:25:17,812 [ForkJoinPool.commonPool-worker-1] INFO  impl.PendingRequests (PendingRequests.java:sendNotLeaderResponses(202)) - 23dbf96a-50e4-4c0c-a46c-0e28d0bfca2f-PendingRequests: sendNotLeaderResponses
2019-08-20 19:25:17,812 [ForkJoinPool.commonPool-worker-1] INFO  impl.StateMachineUpdater (StateMachineUpdater.java:stopAndJoin(115)) - StateMachineUpdater:23dbf96a-50e4-4c0c-a46c-0e28d0bfca2f:group-9B3448A01EC4: set stopIndex = 0
2019-08-20 19:25:17,813 [ForkJoinPool.commonPool-worker-1] INFO  impl.RaftServerImpl (ServerState.java:close(394)) - 23dbf96a-50e4-4c0c-a46c-0e28d0bfca2f:group-9B3448A01EC4 closes. The last applied log index is 0
2019-08-20 19:25:17,813 [23dbf96a-50e4-4c0c-a46c-0e28d0bfca2f-SegmentedRaftLogWorker:Storage Directory /workdir/hadoop-ozone/integration-test/target/test-dir/MiniOzoneClusterImpl-c83b9401-1b06-4086-9e2d-44809f408d3d/datanode-0/data/ratis/19d583df-f73d-4439-a7d5-9b3448a01ec4] INFO  segmented.SegmentedRaftLogWorker (SegmentedRaftLogWorker.java:run(313)) - 23dbf96a-50e4-4c0c-a46c-0e28d0bfca2f-SegmentedRaftLogWorker:Storage Directory /workdir/hadoop-ozone/integration-test/target/test-dir/MiniOzoneClusterImpl-c83b9401-1b06-4086-9e2d-44809f408d3d/datanode-0/data/ratis/19d583df-f73d-4439-a7d5-9b3448a01ec4 was interrupted, exiting. There are 0 tasks remaining in the queue.
2019-08-20 19:25:17,816 [ForkJoinPool.commonPool-worker-1] INFO  segmented.SegmentedRaftLogWorker (SegmentedRaftLogWorker.java:close(228)) - 23dbf96a-50e4-4c0c-a46c-0e28d0bfca2f-SegmentedRaftLogWorker:Storage Directory /workdir/hadoop-ozone/integration-test/target/test-dir/MiniOzoneClusterImpl-c83b9401-1b06-4086-9e2d-44809f408d3d/datanode-0/data/ratis/19d583df-f73d-4439-a7d5-9b3448a01ec4 close()
2019-08-20 19:25:17,818 [ForkJoinPool.commonPool-worker-1] INFO  impl.RaftServerImpl (RaftServerImpl.java:lambda$shutdown$3(245)) - 23dbf96a-50e4-4c0c-a46c-0e28d0bfca2f: shutdown group-68EB286ECE9B
2019-08-20 19:25:17,818 [ForkJoinPool.commonPool-worker-1] INFO  util.JmxRegister (JmxRegister.java:unregister(73)) - Successfully un-registered JMX Bean with object name Ratis:service=RaftServer,group=group-68EB286ECE9B,id=23dbf96a-50e4-4c0c-a46c-0e28d0bfca2f
2019-08-20 19:25:17,818 [ForkJoinPool.commonPool-worker-1] INFO  impl.RoleInfo (RoleInfo.java:shutdownFollowerState(121)) - 23dbf96a-50e4-4c0c-a46c-0e28d0bfca2f: shutdown FollowerState
2019-08-20 19:25:17,819 [ForkJoinPool.commonPool-worker-1] INFO  impl.StateMachineUpdater (StateMachineUpdater.java:stopAndJoin(115)) - StateMachineUpdater:23dbf96a-50e4-4c0c-a46c-0e28d0bfca2f:group-68EB286ECE9B: set stopIndex = 4
2019-08-20 19:25:17,819 [StateMachineUpdater:23dbf96a-50e4-4c0c-a46c-0e28d0bfca2f:group-68EB286ECE9B] INFO  ratis.ContainerStateMachine (ContainerStateMachine.java:takeSnapshot(271)) - group-68EB286ECE9B: Taking a snapshot at:(t:1, i:3) file /workdir/hadoop-ozone/integration-test/target/test-dir/MiniOzoneClusterImpl-c83b9401-1b06-4086-9e2d-44809f408d3d/datanode-0/data/ratis/0168b744-b22a-4736-8c13-68eb286ece9b/sm/snapshot.1_3
2019-08-20 19:25:17,819 [Thread-933] INFO  impl.FollowerState (FollowerState.java:run(114)) - 23dbf96a-50e4-4c0c-a46c-0e28d0bfca2f: FollowerState was interrupted: java.lang.InterruptedException: sleep interrupted
2019-08-20 19:25:17,829 [main] INFO  ozoneimpl.OzoneContainer (OzoneContainer.java:stop(199)) - Attempting to stop container services.
2019-08-20 19:25:17,830 [main] INFO  impl.RaftServerProxy (RaftServerProxy.java:lambda$close$4(314)) - e9a67988-5972-48d3-82ec-24bac939e4cd: close
2019-08-20 19:25:17,830 [StateMachineUpdater:23dbf96a-50e4-4c0c-a46c-0e28d0bfca2f:group-68EB286ECE9B] INFO  ratis.ContainerStateMachine (ContainerStateMachine.java:takeSnapshot(282)) - group-68EB286ECE9B: Finished taking a snapshot at:(t:1, i:3) file:/workdir/hadoop-ozone/integration-test/target/test-dir/MiniOzoneClusterImpl-c83b9401-1b06-4086-9e2d-44809f408d3d/datanode-0/data/ratis/0168b744-b22a-4736-8c13-68eb286ece9b/sm/snapshot.1_3 time:12
2019-08-20 19:25:17,830 [main] INFO  impl.RaftServerImpl (RaftServerImpl.java:lambda$shutdown$3(245)) - e9a67988-5972-48d3-82ec-24bac939e4cd: shutdown group-411516AA4F03
2019-08-20 19:25:17,830 [StateMachineUpdater:23dbf96a-50e4-4c0c-a46c-0e28d0bfca2f:group-68EB286ECE9B] INFO  impl.StateMachineUpdater (StateMachineUpdater.java:takeSnapshot(242)) - StateMachineUpdater:23dbf96a-50e4-4c0c-a46c-0e28d0bfca2f:group-68EB286ECE9B: Took a snapshot at index 3
2019-08-20 19:25:17,831 [main] INFO  util.JmxRegister (JmxRegister.java:unregister(73)) - Successfully un-registered JMX Bean with object name Ratis:service=RaftServer,group=group-411516AA4F03,id=e9a67988-5972-48d3-82ec-24bac939e4cd
2019-08-20 19:25:17,832 [main] INFO  impl.RoleInfo (RoleInfo.java:shutdownLeaderState(104)) - e9a67988-5972-48d3-82ec-24bac939e4cd: shutdown LeaderState
2019-08-20 19:25:17,831 [StateMachineUpdater:23dbf96a-50e4-4c0c-a46c-0e28d0bfca2f:group-68EB286ECE9B] INFO  impl.StateMachineUpdater (StateMachineUpdater.java:lambda$new$0(80)) - StateMachineUpdater:23dbf96a-50e4-4c0c-a46c-0e28d0bfca2f:group-68EB286ECE9B: snapshotIndex: updateIncreasingly -1 -> 3
2019-08-20 19:25:17,832 [main] INFO  impl.PendingRequests (PendingRequests.java:sendNotLeaderResponses(202)) - e9a67988-5972-48d3-82ec-24bac939e4cd-PendingRequests: sendNotLeaderResponses
2019-08-20 19:25:17,832 [ForkJoinPool.commonPool-worker-1] INFO  impl.RaftServerImpl (ServerState.java:close(394)) - 23dbf96a-50e4-4c0c-a46c-0e28d0bfca2f:group-68EB286ECE9B closes. The last applied log index is 4
2019-08-20 19:25:17,833 [main] INFO  impl.StateMachineUpdater (StateMachineUpdater.java:stopAndJoin(115)) - StateMachineUpdater:e9a67988-5972-48d3-82ec-24bac939e4cd:group-411516AA4F03: set stopIndex = 0
2019-08-20 19:25:17,833 [23dbf96a-50e4-4c0c-a46c-0e28d0bfca2f-SegmentedRaftLogWorker:Storage Directory /workdir/hadoop-ozone/integration-test/target/test-dir/MiniOzoneClusterImpl-c83b9401-1b06-4086-9e2d-44809f408d3d/datanode-0/data/ratis/0168b744-b22a-4736-8c13-68eb286ece9b] INFO  segmented.SegmentedRaftLogWorker (SegmentedRaftLogWorker.java:run(313)) - 23dbf96a-50e4-4c0c-a46c-0e28d0bfca2f-SegmentedRaftLogWorker:Storage Directory /workdir/hadoop-ozone/integration-test/target/test-dir/MiniOzoneClusterImpl-c83b9401-1b06-4086-9e2d-44809f408d3d/datanode-0/data/ratis/0168b744-b22a-4736-8c13-68eb286ece9b was interrupted, exiting. There are 0 tasks remaining in the queue.
2019-08-20 19:25:17,833 [main] INFO  impl.RaftServerImpl (ServerState.java:close(394)) - e9a67988-5972-48d3-82ec-24bac939e4cd:group-411516AA4F03 closes. The last applied log index is 0
2019-08-20 19:25:17,836 [ForkJoinPool.commonPool-worker-1] INFO  segmented.SegmentedRaftLogWorker (SegmentedRaftLogWorker.java:close(228)) - 23dbf96a-50e4-4c0c-a46c-0e28d0bfca2f-SegmentedRaftLogWorker:Storage Directory /workdir/hadoop-ozone/integration-test/target/test-dir/MiniOzoneClusterImpl-c83b9401-1b06-4086-9e2d-44809f408d3d/datanode-0/data/ratis/0168b744-b22a-4736-8c13-68eb286ece9b close()
2019-08-20 19:25:17,836 [e9a67988-5972-48d3-82ec-24bac939e4cd-SegmentedRaftLogWorker:Storage Directory /workdir/hadoop-ozone/integration-test/target/test-dir/MiniOzoneClusterImpl-c83b9401-1b06-4086-9e2d-44809f408d3d/datanode-6/data/ratis/f7c3cc04-297b-43e4-9e70-411516aa4f03] INFO  segmented.SegmentedRaftLogWorker (SegmentedRaftLogWorker.java:run(313)) - e9a67988-5972-48d3-82ec-24bac939e4cd-SegmentedRaftLogWorker:Storage Directory /workdir/hadoop-ozone/integration-test/target/test-dir/MiniOzoneClusterImpl-c83b9401-1b06-4086-9e2d-44809f408d3d/datanode-6/data/ratis/f7c3cc04-297b-43e4-9e70-411516aa4f03 was interrupted, exiting. There are 0 tasks remaining in the queue.
2019-08-20 19:25:17,843 [ForkJoinPool.commonPool-worker-1] INFO  server.GrpcService (GrpcService.java:closeImpl(155)) - 23dbf96a-50e4-4c0c-a46c-0e28d0bfca2f: shutdown server with port 33592 now
2019-08-20 19:25:17,844 [ForkJoinPool.commonPool-worker-1] INFO  server.GrpcService (GrpcService.java:closeImpl(163)) - 23dbf96a-50e4-4c0c-a46c-0e28d0bfca2f: shutdown server with port 33592 successfully
2019-08-20 19:25:17,844 [main] INFO  segmented.SegmentedRaftLogWorker (SegmentedRaftLogWorker.java:close(228)) - e9a67988-5972-48d3-82ec-24bac939e4cd-SegmentedRaftLogWorker:Storage Directory /workdir/hadoop-ozone/integration-test/target/test-dir/MiniOzoneClusterImpl-c83b9401-1b06-4086-9e2d-44809f408d3d/datanode-6/data/ratis/f7c3cc04-297b-43e4-9e70-411516aa4f03 close()
2019-08-20 19:25:17,845 [ForkJoinPool.commonPool-worker-1] INFO  utils.BackgroundService (BackgroundService.java:shutdown(148)) - Shutting down service BlockDeletingService
2019-08-20 19:25:17,848 [main] INFO  server.GrpcService (GrpcService.java:closeImpl(155)) - e9a67988-5972-48d3-82ec-24bac939e4cd: shutdown server with port 41146 now
2019-08-20 19:25:17,851 [main] INFO  server.GrpcService (GrpcService.java:closeImpl(163)) - e9a67988-5972-48d3-82ec-24bac939e4cd: shutdown server with port 41146 successfully
2019-08-20 19:25:17,852 [refreshUsed-/workdir/hadoop-ozone/integration-test/target/test-dir/MiniOzoneClusterImpl-c83b9401-1b06-4086-9e2d-44809f408d3d/datanode-0/data/containers] WARN  fs.CachingGetSpaceUsed (CachingGetSpaceUsed.java:run(183)) - Thread Interrupted waiting to refresh disk information: sleep interrupted
2019-08-20 19:25:17,856 [main] INFO  utils.BackgroundService (BackgroundService.java:shutdown(148)) - Shutting down service BlockDeletingService
2019-08-20 19:25:17,858 [refreshUsed-/workdir/hadoop-ozone/integration-test/target/test-dir/MiniOzoneClusterImpl-c83b9401-1b06-4086-9e2d-44809f408d3d/datanode-6/data/containers] WARN  fs.CachingGetSpaceUsed (CachingGetSpaceUsed.java:run(183)) - Thread Interrupted waiting to refresh disk information: sleep interrupted
2019-08-20 19:25:17,878 [main] INFO  statemachine.DatanodeStateMachine (DatanodeStateMachine.java:stopDaemon(395)) - Ozone container server stopped.
2019-08-20 19:25:17,879 [ForkJoinPool.commonPool-worker-1] INFO  statemachine.DatanodeStateMachine (DatanodeStateMachine.java:stopDaemon(395)) - Ozone container server stopped.
2019-08-20 19:25:17,884 [ForkJoinPool.commonPool-worker-1] INFO  handler.ContextHandler (ContextHandler.java:doStop(910)) - Stopped o.e.j.w.WebAppContext@6eaa6b0c{/,null,UNAVAILABLE}{/hddsDatanode}
2019-08-20 19:25:17,884 [main] INFO  handler.ContextHandler (ContextHandler.java:doStop(910)) - Stopped o.e.j.w.WebAppContext@6eded11a{/,null,UNAVAILABLE}{/hddsDatanode}
2019-08-20 19:25:17,884 [ForkJoinPool.commonPool-worker-1] INFO  server.AbstractConnector (AbstractConnector.java:doStop(318)) - Stopped ServerConnector@4afcae7{HTTP/1.1,[http/1.1]}{0.0.0.0:0}
2019-08-20 19:25:17,889 [ForkJoinPool.commonPool-worker-1] INFO  handler.ContextHandler (ContextHandler.java:doStop(910)) - Stopped o.e.j.s.ServletContextHandler@6249a08d{/static,jar:file:/home/user/.m2/repository/org/apache/hadoop/hadoop-hdds-container-service/0.5.0-SNAPSHOT/hadoop-hdds-container-service-0.5.0-SNAPSHOT.jar!/webapps/static,UNAVAILABLE}
2019-08-20 19:25:17,889 [main] INFO  server.AbstractConnector (AbstractConnector.java:doStop(318)) - Stopped ServerConnector@602a3237{HTTP/1.1,[http/1.1]}{0.0.0.0:0}
2019-08-20 19:25:17,889 [ForkJoinPool.commonPool-worker-1] INFO  handler.ContextHandler (ContextHandler.java:doStop(910)) - Stopped o.e.j.s.ServletContextHandler@1cc708a7{/logs,file:///workdir/hadoop-ozone/integration-test/target/log,UNAVAILABLE}
2019-08-20 19:25:17,890 [main] INFO  handler.ContextHandler (ContextHandler.java:doStop(910)) - Stopped o.e.j.s.ServletContextHandler@4888425d{/static,jar:file:/home/user/.m2/repository/org/apache/hadoop/hadoop-hdds-container-service/0.5.0-SNAPSHOT/hadoop-hdds-container-service-0.5.0-SNAPSHOT.jar!/webapps/static,UNAVAILABLE}
2019-08-20 19:25:17,891 [main] INFO  handler.ContextHandler (ContextHandler.java:doStop(910)) - Stopped o.e.j.s.ServletContextHandler@545f0b6{/logs,file:///workdir/hadoop-ozone/integration-test/target/log,UNAVAILABLE}
2019-08-20 19:25:17,891 [ForkJoinPool.commonPool-worker-1] INFO  datanode.ObjectStoreHandler (ObjectStoreHandler.java:close(155)) - Closing ObjectStoreHandler.
2019-08-20 19:25:17,892 [ForkJoinPool.commonPool-worker-1] INFO  ozone.HddsDatanodeService (HddsDatanodeService.java:stop(451)) - Stopped plug-in org.apache.hadoop.ozone.web.OzoneHddsDatanodeService@7e9a836
2019-08-20 19:25:18,637 [Datanode State Machine Thread - 0] INFO  statemachine.DatanodeStateMachine (DatanodeStateMachine.java:lambda$startDaemon$0(350)) - Ozone container server started.
2019-08-20 19:25:18,685 [Thread-806] INFO  impl.FollowerState (FollowerState.java:run(106)) - ca787d9a-54ae-4c30-9573-1f3ad278257b:group-03D39BA76A7E changes to CANDIDATE, lastRpcTime:6210, electionTimeout:5011ms
2019-08-20 19:25:18,685 [Thread-806] INFO  impl.RoleInfo (RoleInfo.java:shutdownFollowerState(121)) - ca787d9a-54ae-4c30-9573-1f3ad278257b: shutdown FollowerState
2019-08-20 19:25:18,685 [Thread-806] INFO  impl.RaftServerImpl (RaftServerImpl.java:setRole(171)) - ca787d9a-54ae-4c30-9573-1f3ad278257b:group-03D39BA76A7E changes role from FOLLOWER to CANDIDATE at term 1 for changeToCandidate
2019-08-20 19:25:18,685 [Thread-806] INFO  impl.RoleInfo (RoleInfo.java:updateAndGet(143)) - ca787d9a-54ae-4c30-9573-1f3ad278257b: start LeaderElection
2019-08-20 19:25:18,688 [ca787d9a-54ae-4c30-9573-1f3ad278257b:group-03D39BA76A7E:LeaderElection30] INFO  impl.RaftServerImpl (ServerState.java:setLeader(263)) - ca787d9a-54ae-4c30-9573-1f3ad278257b:group-03D39BA76A7E change Leader from c86707b4-b48a-47cd-ae4d-9b9fecb37bc8 to null at term 1 for initElection
2019-08-20 19:25:18,722 [ca787d9a-54ae-4c30-9573-1f3ad278257b:group-03D39BA76A7E:LeaderElection30] INFO  impl.LeaderElection (LeaderElection.java:askForVotes(181)) - ca787d9a-54ae-4c30-9573-1f3ad278257b:group-03D39BA76A7E:LeaderElection30: begin an election at term 2 for 0: [261f2ceb-ac32-4ba4-817a-4ff79bcf4fe2:192.168.157.205:41126, c86707b4-b48a-47cd-ae4d-9b9fecb37bc8:192.168.157.205:38537, ca787d9a-54ae-4c30-9573-1f3ad278257b:192.168.157.205:38551], old=null
2019-08-20 19:25:18,727 [ca787d9a-54ae-4c30-9573-1f3ad278257b:group-03D39BA76A7E:LeaderElection30] INFO  impl.LeaderElection (LogUtils.java:infoOrTrace(149)) - ca787d9a-54ae-4c30-9573-1f3ad278257b:group-03D39BA76A7E:LeaderElection30 got exception when requesting votes: {}
java.util.concurrent.ExecutionException: org.apache.ratis.thirdparty.io.grpc.StatusRuntimeException: UNAVAILABLE: io exception
	at java.util.concurrent.FutureTask.report(FutureTask.java:122)
	at java.util.concurrent.FutureTask.get(FutureTask.java:192)
	at org.apache.ratis.server.impl.LeaderElection.waitForResults(LeaderElection.java:262)
	at org.apache.ratis.server.impl.LeaderElection.askForVotes(LeaderElection.java:200)
	at org.apache.ratis.server.impl.LeaderElection.run(LeaderElection.java:130)
	at java.lang.Thread.run(Thread.java:748)
Caused by: org.apache.ratis.thirdparty.io.grpc.StatusRuntimeException: UNAVAILABLE: io exception
	at org.apache.ratis.thirdparty.io.grpc.stub.ClientCalls.toStatusRuntimeException(ClientCalls.java:233)
	at org.apache.ratis.thirdparty.io.grpc.stub.ClientCalls.getUnchecked(ClientCalls.java:214)
	at org.apache.ratis.thirdparty.io.grpc.stub.ClientCalls.blockingUnaryCall(ClientCalls.java:139)
	at org.apache.ratis.proto.grpc.RaftServerProtocolServiceGrpc$RaftServerProtocolServiceBlockingStub.requestVote(RaftServerProtocolServiceGrpc.java:265)
	at org.apache.ratis.grpc.server.GrpcServerProtocolClient.requestVote(GrpcServerProtocolClient.java:83)
	at org.apache.ratis.grpc.server.GrpcService.requestVote(GrpcService.java:195)
	at org.apache.ratis.server.impl.LeaderElection.lambda$submitRequests$1(LeaderElection.java:237)
	at java.util.concurrent.FutureTask.run(FutureTask.java:266)
	at java.util.concurrent.Executors$RunnableAdapter.call(Executors.java:511)
	at java.util.concurrent.FutureTask.run(FutureTask.java:266)
	at java.util.concurrent.ThreadPoolExecutor.runWorker(ThreadPoolExecutor.java:1149)
	at java.util.concurrent.ThreadPoolExecutor$Worker.run(ThreadPoolExecutor.java:624)
	... 1 more
Caused by: org.apache.ratis.thirdparty.io.netty.channel.AbstractChannel$AnnotatedConnectException: Connection refused: /192.168.157.205:38537
	at sun.nio.ch.SocketChannelImpl.checkConnect(Native Method)
	at sun.nio.ch.SocketChannelImpl.finishConnect(SocketChannelImpl.java:717)
	at org.apache.ratis.thirdparty.io.netty.channel.socket.nio.NioSocketChannel.doFinishConnect(NioSocketChannel.java:327)
	at org.apache.ratis.thirdparty.io.netty.channel.nio.AbstractNioChannel$AbstractNioUnsafe.finishConnect(AbstractNioChannel.java:340)
	at org.apache.ratis.thirdparty.io.netty.channel.nio.NioEventLoop.processSelectedKey(NioEventLoop.java:632)
	at org.apache.ratis.thirdparty.io.netty.channel.nio.NioEventLoop.processSelectedKeysOptimized(NioEventLoop.java:579)
	at org.apache.ratis.thirdparty.io.netty.channel.nio.NioEventLoop.processSelectedKeys(NioEventLoop.java:496)
	at org.apache.ratis.thirdparty.io.netty.channel.nio.NioEventLoop.run(NioEventLoop.java:458)
	at org.apache.ratis.thirdparty.io.netty.util.concurrent.SingleThreadEventExecutor$5.run(SingleThreadEventExecutor.java:897)
	at org.apache.ratis.thirdparty.io.netty.util.concurrent.FastThreadLocalRunnable.run(FastThreadLocalRunnable.java:30)
	... 1 more
Caused by: java.net.ConnectException: Connection refused
	... 11 more
2019-08-20 19:25:18,729 [ca787d9a-54ae-4c30-9573-1f3ad278257b:group-03D39BA76A7E:LeaderElection30] INFO  impl.LeaderElection (LogUtils.java:infoOrTrace(149)) - ca787d9a-54ae-4c30-9573-1f3ad278257b:group-03D39BA76A7E:LeaderElection30 got exception when requesting votes: {}
java.util.concurrent.ExecutionException: org.apache.ratis.thirdparty.io.grpc.StatusRuntimeException: UNAVAILABLE: io exception
	at java.util.concurrent.FutureTask.report(FutureTask.java:122)
	at java.util.concurrent.FutureTask.get(FutureTask.java:192)
	at org.apache.ratis.server.impl.LeaderElection.waitForResults(LeaderElection.java:262)
	at org.apache.ratis.server.impl.LeaderElection.askForVotes(LeaderElection.java:200)
	at org.apache.ratis.server.impl.LeaderElection.run(LeaderElection.java:130)
	at java.lang.Thread.run(Thread.java:748)
Caused by: org.apache.ratis.thirdparty.io.grpc.StatusRuntimeException: UNAVAILABLE: io exception
	at org.apache.ratis.thirdparty.io.grpc.stub.ClientCalls.toStatusRuntimeException(ClientCalls.java:233)
	at org.apache.ratis.thirdparty.io.grpc.stub.ClientCalls.getUnchecked(ClientCalls.java:214)
	at org.apache.ratis.thirdparty.io.grpc.stub.ClientCalls.blockingUnaryCall(ClientCalls.java:139)
	at org.apache.ratis.proto.grpc.RaftServerProtocolServiceGrpc$RaftServerProtocolServiceBlockingStub.requestVote(RaftServerProtocolServiceGrpc.java:265)
	at org.apache.ratis.grpc.server.GrpcServerProtocolClient.requestVote(GrpcServerProtocolClient.java:83)
	at org.apache.ratis.grpc.server.GrpcService.requestVote(GrpcService.java:195)
	at org.apache.ratis.server.impl.LeaderElection.lambda$submitRequests$1(LeaderElection.java:237)
	at java.util.concurrent.FutureTask.run(FutureTask.java:266)
	at java.util.concurrent.Executors$RunnableAdapter.call(Executors.java:511)
	at java.util.concurrent.FutureTask.run(FutureTask.java:266)
	at java.util.concurrent.ThreadPoolExecutor.runWorker(ThreadPoolExecutor.java:1149)
	at java.util.concurrent.ThreadPoolExecutor$Worker.run(ThreadPoolExecutor.java:624)
	... 1 more
Caused by: org.apache.ratis.thirdparty.io.netty.channel.AbstractChannel$AnnotatedConnectException: Connection refused: /192.168.157.205:41126
	at sun.nio.ch.SocketChannelImpl.checkConnect(Native Method)
	at sun.nio.ch.SocketChannelImpl.finishConnect(SocketChannelImpl.java:717)
	at org.apache.ratis.thirdparty.io.netty.channel.socket.nio.NioSocketChannel.doFinishConnect(NioSocketChannel.java:327)
	at org.apache.ratis.thirdparty.io.netty.channel.nio.AbstractNioChannel$AbstractNioUnsafe.finishConnect(AbstractNioChannel.java:340)
	at org.apache.ratis.thirdparty.io.netty.channel.nio.NioEventLoop.processSelectedKey(NioEventLoop.java:632)
	at org.apache.ratis.thirdparty.io.netty.channel.nio.NioEventLoop.processSelectedKeysOptimized(NioEventLoop.java:579)
	at org.apache.ratis.thirdparty.io.netty.channel.nio.NioEventLoop.processSelectedKeys(NioEventLoop.java:496)
	at org.apache.ratis.thirdparty.io.netty.channel.nio.NioEventLoop.run(NioEventLoop.java:458)
	at org.apache.ratis.thirdparty.io.netty.util.concurrent.SingleThreadEventExecutor$5.run(SingleThreadEventExecutor.java:897)
	at org.apache.ratis.thirdparty.io.netty.util.concurrent.FastThreadLocalRunnable.run(FastThreadLocalRunnable.java:30)
	... 1 more
Caused by: java.net.ConnectException: Connection refused
	... 11 more
2019-08-20 19:25:18,731 [ca787d9a-54ae-4c30-9573-1f3ad278257b:group-03D39BA76A7E:LeaderElection30] INFO  impl.LeaderElection (LeaderElection.java:logAndReturn(56)) - ca787d9a-54ae-4c30-9573-1f3ad278257b:group-03D39BA76A7E:LeaderElection30: Election REJECTED; received 0 response(s) [] and 2 exception(s); ca787d9a-54ae-4c30-9573-1f3ad278257b:t2, leader=null, voted=ca787d9a-54ae-4c30-9573-1f3ad278257b, raftlog=ca787d9a-54ae-4c30-9573-1f3ad278257b-SegmentedRaftLog:OPENED:c22,f22,i22, conf=0: [261f2ceb-ac32-4ba4-817a-4ff79bcf4fe2:192.168.157.205:41126, c86707b4-b48a-47cd-ae4d-9b9fecb37bc8:192.168.157.205:38537, ca787d9a-54ae-4c30-9573-1f3ad278257b:192.168.157.205:38551], old=null
2019-08-20 19:25:18,731 [ca787d9a-54ae-4c30-9573-1f3ad278257b:group-03D39BA76A7E:LeaderElection30] INFO  impl.LeaderElection (LogUtils.java:infoOrTrace(149)) -   Exception 0: {}
java.util.concurrent.ExecutionException: org.apache.ratis.thirdparty.io.grpc.StatusRuntimeException: UNAVAILABLE: io exception
	at java.util.concurrent.FutureTask.report(FutureTask.java:122)
	at java.util.concurrent.FutureTask.get(FutureTask.java:192)
	at org.apache.ratis.server.impl.LeaderElection.waitForResults(LeaderElection.java:262)
	at org.apache.ratis.server.impl.LeaderElection.askForVotes(LeaderElection.java:200)
	at org.apache.ratis.server.impl.LeaderElection.run(LeaderElection.java:130)
	at java.lang.Thread.run(Thread.java:748)
Caused by: org.apache.ratis.thirdparty.io.grpc.StatusRuntimeException: UNAVAILABLE: io exception
	at org.apache.ratis.thirdparty.io.grpc.stub.ClientCalls.toStatusRuntimeException(ClientCalls.java:233)
	at org.apache.ratis.thirdparty.io.grpc.stub.ClientCalls.getUnchecked(ClientCalls.java:214)
	at org.apache.ratis.thirdparty.io.grpc.stub.ClientCalls.blockingUnaryCall(ClientCalls.java:139)
	at org.apache.ratis.proto.grpc.RaftServerProtocolServiceGrpc$RaftServerProtocolServiceBlockingStub.requestVote(RaftServerProtocolServiceGrpc.java:265)
	at org.apache.ratis.grpc.server.GrpcServerProtocolClient.requestVote(GrpcServerProtocolClient.java:83)
	at org.apache.ratis.grpc.server.GrpcService.requestVote(GrpcService.java:195)
	at org.apache.ratis.server.impl.LeaderElection.lambda$submitRequests$1(LeaderElection.java:237)
	at java.util.concurrent.FutureTask.run(FutureTask.java:266)
	at java.util.concurrent.Executors$RunnableAdapter.call(Executors.java:511)
	at java.util.concurrent.FutureTask.run(FutureTask.java:266)
	at java.util.concurrent.ThreadPoolExecutor.runWorker(ThreadPoolExecutor.java:1149)
	at java.util.concurrent.ThreadPoolExecutor$Worker.run(ThreadPoolExecutor.java:624)
	... 1 more
Caused by: org.apache.ratis.thirdparty.io.netty.channel.AbstractChannel$AnnotatedConnectException: Connection refused: /192.168.157.205:38537
	at sun.nio.ch.SocketChannelImpl.checkConnect(Native Method)
	at sun.nio.ch.SocketChannelImpl.finishConnect(SocketChannelImpl.java:717)
	at org.apache.ratis.thirdparty.io.netty.channel.socket.nio.NioSocketChannel.doFinishConnect(NioSocketChannel.java:327)
	at org.apache.ratis.thirdparty.io.netty.channel.nio.AbstractNioChannel$AbstractNioUnsafe.finishConnect(AbstractNioChannel.java:340)
	at org.apache.ratis.thirdparty.io.netty.channel.nio.NioEventLoop.processSelectedKey(NioEventLoop.java:632)
	at org.apache.ratis.thirdparty.io.netty.channel.nio.NioEventLoop.processSelectedKeysOptimized(NioEventLoop.java:579)
	at org.apache.ratis.thirdparty.io.netty.channel.nio.NioEventLoop.processSelectedKeys(NioEventLoop.java:496)
	at org.apache.ratis.thirdparty.io.netty.channel.nio.NioEventLoop.run(NioEventLoop.java:458)
	at org.apache.ratis.thirdparty.io.netty.util.concurrent.SingleThreadEventExecutor$5.run(SingleThreadEventExecutor.java:897)
	at org.apache.ratis.thirdparty.io.netty.util.concurrent.FastThreadLocalRunnable.run(FastThreadLocalRunnable.java:30)
	... 1 more
Caused by: java.net.ConnectException: Connection refused
	... 11 more
2019-08-20 19:25:18,731 [ca787d9a-54ae-4c30-9573-1f3ad278257b:group-03D39BA76A7E:LeaderElection30] INFO  impl.LeaderElection (LogUtils.java:infoOrTrace(149)) -   Exception 1: {}
java.util.concurrent.ExecutionException: org.apache.ratis.thirdparty.io.grpc.StatusRuntimeException: UNAVAILABLE: io exception
	at java.util.concurrent.FutureTask.report(FutureTask.java:122)
	at java.util.concurrent.FutureTask.get(FutureTask.java:192)
	at org.apache.ratis.server.impl.LeaderElection.waitForResults(LeaderElection.java:262)
	at org.apache.ratis.server.impl.LeaderElection.askForVotes(LeaderElection.java:200)
	at org.apache.ratis.server.impl.LeaderElection.run(LeaderElection.java:130)
	at java.lang.Thread.run(Thread.java:748)
Caused by: org.apache.ratis.thirdparty.io.grpc.StatusRuntimeException: UNAVAILABLE: io exception
	at org.apache.ratis.thirdparty.io.grpc.stub.ClientCalls.toStatusRuntimeException(ClientCalls.java:233)
	at org.apache.ratis.thirdparty.io.grpc.stub.ClientCalls.getUnchecked(ClientCalls.java:214)
	at org.apache.ratis.thirdparty.io.grpc.stub.ClientCalls.blockingUnaryCall(ClientCalls.java:139)
	at org.apache.ratis.proto.grpc.RaftServerProtocolServiceGrpc$RaftServerProtocolServiceBlockingStub.requestVote(RaftServerProtocolServiceGrpc.java:265)
	at org.apache.ratis.grpc.server.GrpcServerProtocolClient.requestVote(GrpcServerProtocolClient.java:83)
	at org.apache.ratis.grpc.server.GrpcService.requestVote(GrpcService.java:195)
	at org.apache.ratis.server.impl.LeaderElection.lambda$submitRequests$1(LeaderElection.java:237)
	at java.util.concurrent.FutureTask.run(FutureTask.java:266)
	at java.util.concurrent.Executors$RunnableAdapter.call(Executors.java:511)
	at java.util.concurrent.FutureTask.run(FutureTask.java:266)
	at java.util.concurrent.ThreadPoolExecutor.runWorker(ThreadPoolExecutor.java:1149)
	at java.util.concurrent.ThreadPoolExecutor$Worker.run(ThreadPoolExecutor.java:624)
	... 1 more
Caused by: org.apache.ratis.thirdparty.io.netty.channel.AbstractChannel$AnnotatedConnectException: Connection refused: /192.168.157.205:41126
	at sun.nio.ch.SocketChannelImpl.checkConnect(Native Method)
	at sun.nio.ch.SocketChannelImpl.finishConnect(SocketChannelImpl.java:717)
	at org.apache.ratis.thirdparty.io.netty.channel.socket.nio.NioSocketChannel.doFinishConnect(NioSocketChannel.java:327)
	at org.apache.ratis.thirdparty.io.netty.channel.nio.AbstractNioChannel$AbstractNioUnsafe.finishConnect(AbstractNioChannel.java:340)
	at org.apache.ratis.thirdparty.io.netty.channel.nio.NioEventLoop.processSelectedKey(NioEventLoop.java:632)
	at org.apache.ratis.thirdparty.io.netty.channel.nio.NioEventLoop.processSelectedKeysOptimized(NioEventLoop.java:579)
	at org.apache.ratis.thirdparty.io.netty.channel.nio.NioEventLoop.processSelectedKeys(NioEventLoop.java:496)
	at org.apache.ratis.thirdparty.io.netty.channel.nio.NioEventLoop.run(NioEventLoop.java:458)
	at org.apache.ratis.thirdparty.io.netty.util.concurrent.SingleThreadEventExecutor$5.run(SingleThreadEventExecutor.java:897)
	at org.apache.ratis.thirdparty.io.netty.util.concurrent.FastThreadLocalRunnable.run(FastThreadLocalRunnable.java:30)
	... 1 more
Caused by: java.net.ConnectException: Connection refused
	... 11 more
2019-08-20 19:25:18,732 [ca787d9a-54ae-4c30-9573-1f3ad278257b:group-03D39BA76A7E:LeaderElection30] INFO  impl.RaftServerImpl (RaftServerImpl.java:setRole(171)) - ca787d9a-54ae-4c30-9573-1f3ad278257b:group-03D39BA76A7E changes role from CANDIDATE to FOLLOWER at term 2 for DISCOVERED_A_NEW_TERM
2019-08-20 19:25:18,732 [ca787d9a-54ae-4c30-9573-1f3ad278257b:group-03D39BA76A7E:LeaderElection30] INFO  impl.RoleInfo (RoleInfo.java:shutdownLeaderElection(134)) - ca787d9a-54ae-4c30-9573-1f3ad278257b: shutdown LeaderElection
2019-08-20 19:25:18,732 [ca787d9a-54ae-4c30-9573-1f3ad278257b:group-03D39BA76A7E:LeaderElection30] INFO  impl.RoleInfo (RoleInfo.java:updateAndGet(143)) - ca787d9a-54ae-4c30-9573-1f3ad278257b: start FollowerState
2019-08-20 19:25:22,893 [ForkJoinPool.commonPool-worker-1] INFO  ozoneimpl.OzoneContainer (OzoneContainer.java:stop(199)) - Attempting to stop container services.
2019-08-20 19:25:22,893 [ForkJoinPool.commonPool-worker-1] INFO  impl.RaftServerProxy (RaftServerProxy.java:lambda$close$4(314)) - ca787d9a-54ae-4c30-9573-1f3ad278257b: close
2019-08-20 19:25:22,894 [ForkJoinPool.commonPool-worker-1] INFO  impl.RaftServerImpl (RaftServerImpl.java:lambda$shutdown$3(245)) - ca787d9a-54ae-4c30-9573-1f3ad278257b: shutdown group-6EC6B991F7C6
2019-08-20 19:25:22,894 [ForkJoinPool.commonPool-worker-1] INFO  util.JmxRegister (JmxRegister.java:unregister(73)) - Successfully un-registered JMX Bean with object name Ratis:service=RaftServer,group=group-6EC6B991F7C6,id=ca787d9a-54ae-4c30-9573-1f3ad278257b
2019-08-20 19:25:22,895 [ForkJoinPool.commonPool-worker-1] INFO  impl.RoleInfo (RoleInfo.java:shutdownLeaderState(104)) - ca787d9a-54ae-4c30-9573-1f3ad278257b: shutdown LeaderState
2019-08-20 19:25:22,895 [ForkJoinPool.commonPool-worker-1] INFO  impl.PendingRequests (PendingRequests.java:sendNotLeaderResponses(202)) - ca787d9a-54ae-4c30-9573-1f3ad278257b-PendingRequests: sendNotLeaderResponses
2019-08-20 19:25:22,896 [ForkJoinPool.commonPool-worker-1] INFO  impl.StateMachineUpdater (StateMachineUpdater.java:stopAndJoin(115)) - StateMachineUpdater:ca787d9a-54ae-4c30-9573-1f3ad278257b:group-6EC6B991F7C6: set stopIndex = 0
2019-08-20 19:25:22,896 [ForkJoinPool.commonPool-worker-1] INFO  impl.RaftServerImpl (ServerState.java:close(394)) - ca787d9a-54ae-4c30-9573-1f3ad278257b:group-6EC6B991F7C6 closes. The last applied log index is 0
2019-08-20 19:25:22,897 [ca787d9a-54ae-4c30-9573-1f3ad278257b-SegmentedRaftLogWorker:Storage Directory /workdir/hadoop-ozone/integration-test/target/test-dir/MiniOzoneClusterImpl-c83b9401-1b06-4086-9e2d-44809f408d3d/datanode-5/data/ratis/204b841a-f9cd-4e2b-b871-6ec6b991f7c6] INFO  segmented.SegmentedRaftLogWorker (SegmentedRaftLogWorker.java:run(313)) - ca787d9a-54ae-4c30-9573-1f3ad278257b-SegmentedRaftLogWorker:Storage Directory /workdir/hadoop-ozone/integration-test/target/test-dir/MiniOzoneClusterImpl-c83b9401-1b06-4086-9e2d-44809f408d3d/datanode-5/data/ratis/204b841a-f9cd-4e2b-b871-6ec6b991f7c6 was interrupted, exiting. There are 0 tasks remaining in the queue.
2019-08-20 19:25:22,897 [ForkJoinPool.commonPool-worker-1] INFO  segmented.SegmentedRaftLogWorker (SegmentedRaftLogWorker.java:close(228)) - ca787d9a-54ae-4c30-9573-1f3ad278257b-SegmentedRaftLogWorker:Storage Directory /workdir/hadoop-ozone/integration-test/target/test-dir/MiniOzoneClusterImpl-c83b9401-1b06-4086-9e2d-44809f408d3d/datanode-5/data/ratis/204b841a-f9cd-4e2b-b871-6ec6b991f7c6 close()
2019-08-20 19:25:22,898 [ForkJoinPool.commonPool-worker-1] INFO  impl.RaftServerImpl (RaftServerImpl.java:lambda$shutdown$3(245)) - ca787d9a-54ae-4c30-9573-1f3ad278257b: shutdown group-03D39BA76A7E
2019-08-20 19:25:22,898 [ForkJoinPool.commonPool-worker-1] INFO  util.JmxRegister (JmxRegister.java:unregister(73)) - Successfully un-registered JMX Bean with object name Ratis:service=RaftServer,group=group-03D39BA76A7E,id=ca787d9a-54ae-4c30-9573-1f3ad278257b
2019-08-20 19:25:22,898 [ForkJoinPool.commonPool-worker-1] INFO  impl.RoleInfo (RoleInfo.java:shutdownFollowerState(121)) - ca787d9a-54ae-4c30-9573-1f3ad278257b: shutdown FollowerState
2019-08-20 19:25:22,899 [ForkJoinPool.commonPool-worker-1] INFO  impl.StateMachineUpdater (StateMachineUpdater.java:stopAndJoin(115)) - StateMachineUpdater:ca787d9a-54ae-4c30-9573-1f3ad278257b:group-03D39BA76A7E: set stopIndex = 22
2019-08-20 19:25:22,899 [StateMachineUpdater:ca787d9a-54ae-4c30-9573-1f3ad278257b:group-03D39BA76A7E] INFO  ratis.ContainerStateMachine (ContainerStateMachine.java:takeSnapshot(271)) - group-03D39BA76A7E: Taking a snapshot at:(t:1, i:21) file /workdir/hadoop-ozone/integration-test/target/test-dir/MiniOzoneClusterImpl-c83b9401-1b06-4086-9e2d-44809f408d3d/datanode-5/data/ratis/bb36ead3-8b26-442d-bf8e-03d39ba76a7e/sm/snapshot.1_21
2019-08-20 19:25:22,899 [Thread-937] INFO  impl.FollowerState (FollowerState.java:run(114)) - ca787d9a-54ae-4c30-9573-1f3ad278257b: FollowerState was interrupted: java.lang.InterruptedException: sleep interrupted
2019-08-20 19:25:25,820 [StateMachineUpdater:ca787d9a-54ae-4c30-9573-1f3ad278257b:group-03D39BA76A7E] INFO  ratis.ContainerStateMachine (ContainerStateMachine.java:takeSnapshot(282)) - group-03D39BA76A7E: Finished taking a snapshot at:(t:1, i:21) file:/workdir/hadoop-ozone/integration-test/target/test-dir/MiniOzoneClusterImpl-c83b9401-1b06-4086-9e2d-44809f408d3d/datanode-5/data/ratis/bb36ead3-8b26-442d-bf8e-03d39ba76a7e/sm/snapshot.1_21 time:2921
2019-08-20 19:25:25,820 [StateMachineUpdater:ca787d9a-54ae-4c30-9573-1f3ad278257b:group-03D39BA76A7E] INFO  impl.StateMachineUpdater (StateMachineUpdater.java:takeSnapshot(242)) - StateMachineUpdater:ca787d9a-54ae-4c30-9573-1f3ad278257b:group-03D39BA76A7E: Took a snapshot at index 21
2019-08-20 19:25:25,820 [StateMachineUpdater:ca787d9a-54ae-4c30-9573-1f3ad278257b:group-03D39BA76A7E] INFO  impl.StateMachineUpdater (StateMachineUpdater.java:lambda$new$0(80)) - StateMachineUpdater:ca787d9a-54ae-4c30-9573-1f3ad278257b:group-03D39BA76A7E: snapshotIndex: updateIncreasingly -1 -> 21
2019-08-20 19:25:25,821 [ForkJoinPool.commonPool-worker-1] INFO  impl.RaftServerImpl (ServerState.java:close(394)) - ca787d9a-54ae-4c30-9573-1f3ad278257b:group-03D39BA76A7E closes. The last applied log index is 22
2019-08-20 19:25:25,823 [ca787d9a-54ae-4c30-9573-1f3ad278257b-SegmentedRaftLogWorker:Storage Directory /workdir/hadoop-ozone/integration-test/target/test-dir/MiniOzoneClusterImpl-c83b9401-1b06-4086-9e2d-44809f408d3d/datanode-5/data/ratis/bb36ead3-8b26-442d-bf8e-03d39ba76a7e] INFO  segmented.SegmentedRaftLogWorker (SegmentedRaftLogWorker.java:run(313)) - ca787d9a-54ae-4c30-9573-1f3ad278257b-SegmentedRaftLogWorker:Storage Directory /workdir/hadoop-ozone/integration-test/target/test-dir/MiniOzoneClusterImpl-c83b9401-1b06-4086-9e2d-44809f408d3d/datanode-5/data/ratis/bb36ead3-8b26-442d-bf8e-03d39ba76a7e was interrupted, exiting. There are 0 tasks remaining in the queue.
2019-08-20 19:25:25,823 [ForkJoinPool.commonPool-worker-1] INFO  segmented.SegmentedRaftLogWorker (SegmentedRaftLogWorker.java:close(228)) - ca787d9a-54ae-4c30-9573-1f3ad278257b-SegmentedRaftLogWorker:Storage Directory /workdir/hadoop-ozone/integration-test/target/test-dir/MiniOzoneClusterImpl-c83b9401-1b06-4086-9e2d-44809f408d3d/datanode-5/data/ratis/bb36ead3-8b26-442d-bf8e-03d39ba76a7e close()
2019-08-20 19:25:25,824 [ForkJoinPool.commonPool-worker-1] INFO  server.GrpcService (GrpcService.java:closeImpl(155)) - ca787d9a-54ae-4c30-9573-1f3ad278257b: shutdown server with port 38551 now
2019-08-20 19:25:25,828 [ForkJoinPool.commonPool-worker-1] INFO  server.GrpcService (GrpcService.java:closeImpl(163)) - ca787d9a-54ae-4c30-9573-1f3ad278257b: shutdown server with port 38551 successfully
2019-08-20 19:25:25,829 [ForkJoinPool.commonPool-worker-1] INFO  utils.BackgroundService (BackgroundService.java:shutdown(148)) - Shutting down service BlockDeletingService
2019-08-20 19:25:25,831 [refreshUsed-/workdir/hadoop-ozone/integration-test/target/test-dir/MiniOzoneClusterImpl-c83b9401-1b06-4086-9e2d-44809f408d3d/datanode-5/data/containers] WARN  fs.CachingGetSpaceUsed (CachingGetSpaceUsed.java:run(183)) - Thread Interrupted waiting to refresh disk information: sleep interrupted
2019-08-20 19:25:25,853 [ForkJoinPool.commonPool-worker-1] INFO  statemachine.DatanodeStateMachine (DatanodeStateMachine.java:stopDaemon(395)) - Ozone container server stopped.
2019-08-20 19:25:25,856 [ForkJoinPool.commonPool-worker-1] INFO  handler.ContextHandler (ContextHandler.java:doStop(910)) - Stopped o.e.j.w.WebAppContext@65b2ee36{/,null,UNAVAILABLE}{/hddsDatanode}
2019-08-20 19:25:25,857 [ForkJoinPool.commonPool-worker-1] INFO  server.AbstractConnector (AbstractConnector.java:doStop(318)) - Stopped ServerConnector@28e91f6d{HTTP/1.1,[http/1.1]}{0.0.0.0:0}
2019-08-20 19:25:25,857 [ForkJoinPool.commonPool-worker-1] INFO  handler.ContextHandler (ContextHandler.java:doStop(910)) - Stopped o.e.j.s.ServletContextHandler@4ba13fed{/static,jar:file:/home/user/.m2/repository/org/apache/hadoop/hadoop-hdds-container-service/0.5.0-SNAPSHOT/hadoop-hdds-container-service-0.5.0-SNAPSHOT.jar!/webapps/static,UNAVAILABLE}
2019-08-20 19:25:25,858 [ForkJoinPool.commonPool-worker-1] INFO  handler.ContextHandler (ContextHandler.java:doStop(910)) - Stopped o.e.j.s.ServletContextHandler@5814b4fb{/logs,file:///workdir/hadoop-ozone/integration-test/target/log,UNAVAILABLE}
2019-08-20 19:25:25,858 [main] INFO  ozone.MiniOzoneClusterImpl (MiniOzoneClusterImpl.java:stop(353)) - Stopping the StorageContainerManager
2019-08-20 19:25:25,859 [main] INFO  server.StorageContainerManager (StorageContainerManager.java:stop(797)) - Stopping Replication Manager Service.
2019-08-20 19:25:25,859 [main] INFO  container.ReplicationManager (ReplicationManager.java:stop(193)) - Stopping Replication Monitor Thread.
2019-08-20 19:25:25,859 [main] INFO  server.StorageContainerManager (StorageContainerManager.java:stop(804)) - Stopping Lease Manager of the command watchers
2019-08-20 19:25:25,859 [main] INFO  server.StorageContainerManager (StorageContainerManager.java:stop(811)) - Stopping datanode service RPC server
2019-08-20 19:25:25,860 [main] INFO  server.SCMDatanodeProtocolServer (SCMDatanodeProtocolServer.java:stop(367)) - Stopping the RPC server for DataNodes
2019-08-20 19:25:25,860 [main] INFO  ipc.Server (Server.java:stop(3082)) - Stopping server on 43845
2019-08-20 19:25:25,861 [IPC Server listener on 43845] INFO  ipc.Server (Server.java:run(1185)) - Stopping IPC Server listener on 43845
2019-08-20 19:25:25,862 [IPC Server Responder] INFO  ipc.Server (Server.java:run(1319)) - Stopping IPC Server Responder
2019-08-20 19:25:25,895 [SCM Heartbeat Processing Thread - 0] WARN  node.NodeStateManager (NodeStateManager.java:scheduleNextHealthCheck(646)) - Current Thread is interrupted, shutting down HB processing thread for Node Manager.
2019-08-20 19:25:25,897 [main] INFO  server.StorageContainerManager (StorageContainerManager.java:stop(819)) - Stopping block service RPC server
2019-08-20 19:25:25,897 [main] INFO  server.SCMBlockProtocolServer (SCMBlockProtocolServer.java:stop(148)) - Stopping the RPC server for Block Protocol
2019-08-20 19:25:25,897 [main] INFO  ipc.Server (Server.java:stop(3082)) - Stopping server on 45582
2019-08-20 19:25:25,899 [main] INFO  server.StorageContainerManager (StorageContainerManager.java:stop(826)) - Stopping the StorageContainerLocationProtocol RPC server
2019-08-20 19:25:25,899 [main] INFO  server.SCMClientProtocolServer (SCMClientProtocolServer.java:stop(159)) - Stopping the RPC server for Client Protocol
2019-08-20 19:25:25,900 [main] INFO  ipc.Server (Server.java:stop(3082)) - Stopping server on 34959
2019-08-20 19:25:25,900 [IPC Server listener on 45582] INFO  ipc.Server (Server.java:run(1185)) - Stopping IPC Server listener on 45582
2019-08-20 19:25:25,900 [IPC Server Responder] INFO  ipc.Server (Server.java:run(1319)) - Stopping IPC Server Responder
2019-08-20 19:25:25,902 [main] INFO  server.StorageContainerManager (StorageContainerManager.java:stop(833)) - Stopping Storage Container Manager HTTP server.
2019-08-20 19:25:25,902 [IPC Server Responder] INFO  ipc.Server (Server.java:run(1319)) - Stopping IPC Server Responder
2019-08-20 19:25:25,902 [IPC Server listener on 34959] INFO  ipc.Server (Server.java:run(1185)) - Stopping IPC Server listener on 34959
2019-08-20 19:25:25,904 [main] INFO  handler.ContextHandler (ContextHandler.java:doStop(910)) - Stopped o.e.j.w.WebAppContext@60816371{/,null,UNAVAILABLE}{/scm}
2019-08-20 19:25:25,905 [main] INFO  server.AbstractConnector (AbstractConnector.java:doStop(318)) - Stopped ServerConnector@678586f0{HTTP/1.1,[http/1.1]}{0.0.0.0:0}
2019-08-20 19:25:25,906 [main] INFO  handler.ContextHandler (ContextHandler.java:doStop(910)) - Stopped o.e.j.s.ServletContextHandler@184de357{/static,file:///workdir/hadoop-ozone/integration-test/target/test-classes/webapps/static,UNAVAILABLE}
2019-08-20 19:25:25,907 [main] INFO  handler.ContextHandler (ContextHandler.java:doStop(910)) - Stopped o.e.j.s.ServletContextHandler@b1d19ff{/logs,file:///workdir/hadoop-ozone/integration-test/target/log,UNAVAILABLE}
2019-08-20 19:25:25,909 [main] INFO  server.StorageContainerManager (StorageContainerManager.java:stop(844)) - Stopping Block Manager Service.
2019-08-20 19:25:25,909 [main] INFO  utils.BackgroundService (BackgroundService.java:shutdown(148)) - Shutting down service SCMBlockDeletingService
2019-08-20 19:25:25,910 [main] INFO  utils.BackgroundService (BackgroundService.java:shutdown(148)) - Shutting down service SCMBlockDeletingService
2019-08-20 19:25:25,910 [main] INFO  server.StorageContainerManager (StorageContainerManager.java:stop(866)) - Stopping SCM Event Queue.
2019-08-20 19:25:25,915 [main] INFO  impl.MetricsSystemImpl (MetricsSystemImpl.java:stop(210)) - Stopping HddsDatanode metrics system...
2019-08-20 19:25:25,924 [main] INFO  impl.MetricsSystemImpl (MetricsSystemImpl.java:stop(216)) - HddsDatanode metrics system stopped.
]]></system-out>
    <system-err><![CDATA[Aug 20, 2019 7:24:42 PM com.sun.jersey.server.impl.application.WebApplicationImpl _initiate
INFO: Initiating Jersey application, version 'Jersey: 1.19 02/11/2015 03:25 AM'
Aug 20, 2019 7:24:42 PM com.sun.jersey.server.impl.application.WebApplicationImpl _initiate
INFO: Initiating Jersey application, version 'Jersey: 1.19 02/11/2015 03:25 AM'
Aug 20, 2019 7:24:42 PM com.sun.jersey.server.impl.application.WebApplicationImpl _initiate
INFO: Initiating Jersey application, version 'Jersey: 1.19 02/11/2015 03:25 AM'
Aug 20, 2019 7:24:43 PM com.sun.jersey.server.impl.application.WebApplicationImpl _initiate
INFO: Initiating Jersey application, version 'Jersey: 1.19 02/11/2015 03:25 AM'
Aug 20, 2019 7:24:43 PM com.sun.jersey.server.impl.application.WebApplicationImpl _initiate
INFO: Initiating Jersey application, version 'Jersey: 1.19 02/11/2015 03:25 AM'
Aug 20, 2019 7:24:43 PM com.sun.jersey.server.impl.application.WebApplicationImpl _initiate
INFO: Initiating Jersey application, version 'Jersey: 1.19 02/11/2015 03:25 AM'
Aug 20, 2019 7:24:43 PM com.sun.jersey.server.impl.application.WebApplicationImpl _initiate
INFO: Initiating Jersey application, version 'Jersey: 1.19 02/11/2015 03:25 AM'
]]></system-err>
  </testcase>
</testsuite>