<?xml version="1.0" encoding="UTF-8"?>
<testsuite xmlns:xsi="http://www.w3.org/2001/XMLSchema-instance" xsi:noNamespaceSchemaLocation="https://maven.apache.org/surefire/maven-surefire-plugin/xsd/surefire-test-report.xsd" name="org.apache.hadoop.ozone.client.rpc.TestFailureHandlingByClient" time="262.104" tests="5" errors="1" skipped="0" failures="0">
  <properties>
    <property name="awt.toolkit" value="sun.awt.X11.XToolkit"/>
    <property name="file.encoding.pkg" value="sun.io"/>
    <property name="java.specification.version" value="1.8"/>
    <property name="sun.cpu.isalist" value=""/>
    <property name="sun.jnu.encoding" value="UTF-8"/>
    <property name="java.class.path" value="/workdir/hadoop-ozone/integration-test/target/test-classes:/workdir/hadoop-ozone/integration-test/target/classes:/home/user/.m2/repository/org/apache/hadoop/hadoop-ozone-common/0.5.0-SNAPSHOT/hadoop-ozone-common-0.5.0-SNAPSHOT.jar:/home/user/.m2/repository/org/apache/commons/commons-compress/1.4.1/commons-compress-1.4.1.jar:/home/user/.m2/repository/org/tukaani/xz/1.0/xz-1.0.jar:/home/user/.m2/repository/org/apache/hadoop/hadoop-common/3.2.0/hadoop-common-3.2.0.jar:/home/user/.m2/repository/org/apache/hadoop/hadoop-hdfs/3.2.0/hadoop-hdfs-3.2.0.jar:/home/user/.m2/repository/org/apache/hadoop/hadoop-hdfs-client/3.2.0/hadoop-hdfs-client-3.2.0.jar:/home/user/.m2/repository/com/fasterxml/jackson/core/jackson-annotations/2.9.5/jackson-annotations-2.9.5.jar:/home/user/.m2/repository/org/apache/hadoop/hadoop-hdds-common/0.5.0-SNAPSHOT/hadoop-hdds-common-0.5.0-SNAPSHOT.jar:/home/user/.m2/repository/javax/annotation/javax.annotation-api/1.2/javax.annotation-api-1.2.jar:/home/user/.m2/repository/org/apache/ratis/ratis-server/0.4.0-2337318-SNAPSHOT/ratis-server-0.4.0-2337318-SNAPSHOT.jar:/home/user/.m2/repository/org/apache/ratis/ratis-thirdparty-misc/0.2.0/ratis-thirdparty-misc-0.2.0.jar:/home/user/.m2/repository/org/apache/ratis/ratis-proto/0.4.0-2337318-SNAPSHOT/ratis-proto-0.4.0-2337318-SNAPSHOT.jar:/home/user/.m2/repository/org/apache/ratis/ratis-common/0.4.0-2337318-SNAPSHOT/ratis-common-0.4.0-2337318-SNAPSHOT.jar:/home/user/.m2/repository/org/apache/ratis/ratis-client/0.4.0-2337318-SNAPSHOT/ratis-client-0.4.0-2337318-SNAPSHOT.jar:/home/user/.m2/repository/org/apache/ratis/ratis-metrics/0.4.0-2337318-SNAPSHOT/ratis-metrics-0.4.0-2337318-SNAPSHOT.jar:/home/user/.m2/repository/org/apache/ratis/ratis-netty/0.4.0-2337318-SNAPSHOT/ratis-netty-0.4.0-2337318-SNAPSHOT.jar:/home/user/.m2/repository/org/apache/ratis/ratis-grpc/0.4.0-2337318-SNAPSHOT/ratis-grpc-0.4.0-2337318-SNAPSHOT.jar:/home/user/.m2/repository/org/rocksdb/rocksdbjni/6.0.1/rocksdbjni-6.0.1.jar:/home/user/.m2/repository/org/apache/logging/log4j/log4j-api/2.11.0/log4j-api-2.11.0.jar:/home/user/.m2/repository/org/apache/logging/log4j/log4j-core/2.11.0/log4j-core-2.11.0.jar:/home/user/.m2/repository/com/lmax/disruptor/3.4.2/disruptor-3.4.2.jar:/home/user/.m2/repository/org/apache/commons/commons-pool2/2.6.0/commons-pool2-2.6.0.jar:/home/user/.m2/repository/org/bouncycastle/bcpkix-jdk15on/1.60/bcpkix-jdk15on-1.60.jar:/home/user/.m2/repository/commons-validator/commons-validator/1.6/commons-validator-1.6.jar:/home/user/.m2/repository/commons-digester/commons-digester/1.8.1/commons-digester-1.8.1.jar:/home/user/.m2/repository/io/jaegertracing/jaeger-client/0.33.1/jaeger-client-0.33.1.jar:/home/user/.m2/repository/io/jaegertracing/jaeger-thrift/0.33.1/jaeger-thrift-0.33.1.jar:/home/user/.m2/repository/org/apache/thrift/libthrift/0.11.0/libthrift-0.11.0.jar:/home/user/.m2/repository/com/squareup/okhttp3/okhttp/3.9.0/okhttp-3.9.0.jar:/home/user/.m2/repository/com/squareup/okio/okio/1.13.0/okio-1.13.0.jar:/home/user/.m2/repository/io/jaegertracing/jaeger-core/0.33.1/jaeger-core-0.33.1.jar:/home/user/.m2/repository/io/jaegertracing/jaeger-tracerresolver/0.33.1/jaeger-tracerresolver-0.33.1.jar:/home/user/.m2/repository/io/opentracing/contrib/opentracing-tracerresolver/0.1.5/opentracing-tracerresolver-0.1.5.jar:/home/user/.m2/repository/io/opentracing/opentracing-util/0.31.0/opentracing-util-0.31.0.jar:/home/user/.m2/repository/io/opentracing/opentracing-api/0.31.0/opentracing-api-0.31.0.jar:/home/user/.m2/repository/io/opentracing/opentracing-noop/0.31.0/opentracing-noop-0.31.0.jar:/home/user/.m2/repository/org/apache/hadoop/hadoop-hdds-server-framework/0.5.0-SNAPSHOT/hadoop-hdds-server-framework-0.5.0-SNAPSHOT.jar:/home/user/.m2/repository/org/apache/hadoop/hadoop-hdds-container-service/0.5.0-SNAPSHOT/hadoop-hdds-container-service-0.5.0-SNAPSHOT.jar:/home/user/.m2/repository/org/apache/hadoop/hadoop-hdds-client/0.5.0-SNAPSHOT/hadoop-hdds-client-0.5.0-SNAPSHOT.jar:/home/user/.m2/repository/org/apache/hadoop/hadoop-hdds-tools/0.5.0-SNAPSHOT/hadoop-hdds-tools-0.5.0-SNAPSHOT.jar:/home/user/.m2/repository/org/apache/hadoop/hadoop-hdds-server-scm/0.5.0-SNAPSHOT/hadoop-hdds-server-scm-0.5.0-SNAPSHOT.jar:/home/user/.m2/repository/org/apache/hadoop/hadoop-hdds-docs/0.5.0-SNAPSHOT/hadoop-hdds-docs-0.5.0-SNAPSHOT.jar:/home/user/.m2/repository/io/dropwizard/metrics/metrics-core/3.2.4/metrics-core-3.2.4.jar:/home/user/.m2/repository/org/hamcrest/hamcrest-all/1.3/hamcrest-all-1.3.jar:/home/user/.m2/repository/org/bouncycastle/bcprov-jdk15on/1.60/bcprov-jdk15on-1.60.jar:/home/user/.m2/repository/info/picocli/picocli/3.9.6/picocli-3.9.6.jar:/home/user/.m2/repository/com/google/protobuf/protobuf-java/2.5.0/protobuf-java-2.5.0.jar:/home/user/.m2/repository/com/google/guava/guava/11.0.2/guava-11.0.2.jar:/home/user/.m2/repository/org/apache/hadoop/hadoop-ozone-ozone-manager/0.5.0-SNAPSHOT/hadoop-ozone-ozone-manager-0.5.0-SNAPSHOT.jar:/home/user/.m2/repository/org/apache/hadoop/hadoop-minikdc/3.2.0/hadoop-minikdc-3.2.0.jar:/home/user/.m2/repository/commons-io/commons-io/2.5/commons-io-2.5.jar:/home/user/.m2/repository/org/apache/kerby/kerb-simplekdc/1.0.1/kerb-simplekdc-1.0.1.jar:/home/user/.m2/repository/org/apache/kerby/kerb-client/1.0.1/kerb-client-1.0.1.jar:/home/user/.m2/repository/org/apache/kerby/kerby-config/1.0.1/kerby-config-1.0.1.jar:/home/user/.m2/repository/org/apache/kerby/kerb-core/1.0.1/kerb-core-1.0.1.jar:/home/user/.m2/repository/org/apache/kerby/kerby-pkix/1.0.1/kerby-pkix-1.0.1.jar:/home/user/.m2/repository/org/apache/kerby/kerby-asn1/1.0.1/kerby-asn1-1.0.1.jar:/home/user/.m2/repository/org/apache/kerby/kerby-util/1.0.1/kerby-util-1.0.1.jar:/home/user/.m2/repository/org/apache/kerby/kerb-common/1.0.1/kerb-common-1.0.1.jar:/home/user/.m2/repository/org/apache/kerby/kerb-crypto/1.0.1/kerb-crypto-1.0.1.jar:/home/user/.m2/repository/org/apache/kerby/kerb-util/1.0.1/kerb-util-1.0.1.jar:/home/user/.m2/repository/org/apache/kerby/token-provider/1.0.1/token-provider-1.0.1.jar:/home/user/.m2/repository/org/apache/kerby/kerb-admin/1.0.1/kerb-admin-1.0.1.jar:/home/user/.m2/repository/org/apache/kerby/kerb-server/1.0.1/kerb-server-1.0.1.jar:/home/user/.m2/repository/org/apache/kerby/kerb-identity/1.0.1/kerb-identity-1.0.1.jar:/home/user/.m2/repository/org/apache/kerby/kerby-xdr/1.0.1/kerby-xdr-1.0.1.jar:/home/user/.m2/repository/org/slf4j/slf4j-log4j12/1.7.25/slf4j-log4j12-1.7.25.jar:/home/user/.m2/repository/org/apache/hadoop/hadoop-ozone-objectstore-service/0.5.0-SNAPSHOT/hadoop-ozone-objectstore-service-0.5.0-SNAPSHOT.jar:/home/user/.m2/repository/org/apache/hadoop/hadoop-ozone-s3gateway/0.5.0-SNAPSHOT/hadoop-ozone-s3gateway-0.5.0-SNAPSHOT.jar:/home/user/.m2/repository/org/jboss/weld/servlet/weld-servlet/2.4.7.Final/weld-servlet-2.4.7.Final.jar:/home/user/.m2/repository/org/glassfish/jersey/containers/jersey-container-servlet-core/2.27/jersey-container-servlet-core-2.27.jar:/home/user/.m2/repository/org/glassfish/hk2/external/javax.inject/2.5.0-b42/javax.inject-2.5.0-b42.jar:/home/user/.m2/repository/org/glassfish/jersey/core/jersey-common/2.27/jersey-common-2.27.jar:/home/user/.m2/repository/org/glassfish/hk2/osgi-resource-locator/1.0.1/osgi-resource-locator-1.0.1.jar:/home/user/.m2/repository/javax/ws/rs/javax.ws.rs-api/2.1/javax.ws.rs-api-2.1.jar:/home/user/.m2/repository/org/glassfish/jersey/ext/cdi/jersey-cdi1x/2.27/jersey-cdi1x-2.27.jar:/home/user/.m2/repository/org/glassfish/jersey/inject/jersey-hk2/2.27/jersey-hk2-2.27.jar:/home/user/.m2/repository/org/glassfish/hk2/hk2-locator/2.5.0-b42/hk2-locator-2.5.0-b42.jar:/home/user/.m2/repository/org/javassist/javassist/3.22.0-CR2/javassist-3.22.0-CR2.jar:/home/user/.m2/repository/org/glassfish/hk2/hk2-api/2.5.0/hk2-api-2.5.0.jar:/home/user/.m2/repository/org/glassfish/hk2/external/jakarta.inject/2.5.0/jakarta.inject-2.5.0.jar:/home/user/.m2/repository/org/glassfish/hk2/hk2-utils/2.5.0/hk2-utils-2.5.0.jar:/home/user/.m2/repository/jakarta/annotation/jakarta.annotation-api/1.3.4/jakarta.annotation-api-1.3.4.jar:/home/user/.m2/repository/org/glassfish/hk2/external/aopalliance-repackaged/2.5.0/aopalliance-repackaged-2.5.0.jar:/home/user/.m2/repository/com/fasterxml/jackson/dataformat/jackson-dataformat-xml/2.9.0/jackson-dataformat-xml-2.9.0.jar:/home/user/.m2/repository/com/fasterxml/jackson/core/jackson-core/2.9.5/jackson-core-2.9.5.jar:/home/user/.m2/repository/com/fasterxml/jackson/module/jackson-module-jaxb-annotations/2.9.5/jackson-module-jaxb-annotations-2.9.5.jar:/home/user/.m2/repository/javax/enterprise/cdi-api/1.2/cdi-api-1.2.jar:/home/user/.m2/repository/javax/el/javax.el-api/3.0.0/javax.el-api-3.0.0.jar:/home/user/.m2/repository/javax/interceptor/javax.interceptor-api/1.2/javax.interceptor-api-1.2.jar:/home/user/.m2/repository/javax/inject/javax.inject/1/javax.inject-1.jar:/home/user/.m2/repository/com/sun/xml/bind/jaxb-impl/2.3.0.1/jaxb-impl-2.3.0.1.jar:/home/user/.m2/repository/com/sun/xml/bind/jaxb-core/2.3.0.1/jaxb-core-2.3.0.1.jar:/home/user/.m2/repository/javax/xml/bind/jaxb-api/2.3.0/jaxb-api-2.3.0.jar:/home/user/.m2/repository/javax/activation/activation/1.1.1/activation-1.1.1.jar:/home/user/.m2/repository/org/apache/hadoop/hadoop-ozone-csi/0.5.0-SNAPSHOT/hadoop-ozone-csi-0.5.0-SNAPSHOT.jar:/home/user/.m2/repository/com/google/protobuf/protobuf-java-util/3.5.1/protobuf-java-util-3.5.1.jar:/home/user/.m2/repository/org/apache/hadoop/hadoop-hdds-config/0.5.0-SNAPSHOT/hadoop-hdds-config-0.5.0-SNAPSHOT.jar:/home/user/.m2/repository/io/grpc/grpc-netty/1.17.1/grpc-netty-1.17.1.jar:/home/user/.m2/repository/io/grpc/grpc-core/1.17.1/grpc-core-1.17.1.jar:/home/user/.m2/repository/io/grpc/grpc-context/1.17.1/grpc-context-1.17.1.jar:/home/user/.m2/repository/com/google/errorprone/error_prone_annotations/2.2.0/error_prone_annotations-2.2.0.jar:/home/user/.m2/repository/org/codehaus/mojo/animal-sniffer-annotations/1.17/animal-sniffer-annotations-1.17.jar:/home/user/.m2/repository/io/opencensus/opencensus-api/0.17.0/opencensus-api-0.17.0.jar:/home/user/.m2/repository/io/opencensus/opencensus-contrib-grpc-metrics/0.17.0/opencensus-contrib-grpc-metrics-0.17.0.jar:/home/user/.m2/repository/io/netty/netty-codec-http2/4.1.30.Final/netty-codec-http2-4.1.30.Final.jar:/home/user/.m2/repository/io/netty/netty-codec-http/4.1.30.Final/netty-codec-http-4.1.30.Final.jar:/home/user/.m2/repository/io/netty/netty-codec/4.1.30.Final/netty-codec-4.1.30.Final.jar:/home/user/.m2/repository/io/netty/netty-handler/4.1.30.Final/netty-handler-4.1.30.Final.jar:/home/user/.m2/repository/io/netty/netty-handler-proxy/4.1.30.Final/netty-handler-proxy-4.1.30.Final.jar:/home/user/.m2/repository/io/netty/netty-codec-socks/4.1.30.Final/netty-codec-socks-4.1.30.Final.jar:/home/user/.m2/repository/io/netty/netty-transport-native-epoll/4.1.30.Final/netty-transport-native-epoll-4.1.30.Final.jar:/home/user/.m2/repository/io/netty/netty-common/4.1.30.Final/netty-common-4.1.30.Final.jar:/home/user/.m2/repository/io/netty/netty-buffer/4.1.30.Final/netty-buffer-4.1.30.Final.jar:/home/user/.m2/repository/io/netty/netty-transport/4.1.30.Final/netty-transport-4.1.30.Final.jar:/home/user/.m2/repository/io/netty/netty-resolver/4.1.30.Final/netty-resolver-4.1.30.Final.jar:/home/user/.m2/repository/io/netty/netty-transport-native-unix-common/4.1.30.Final/netty-transport-native-unix-common-4.1.30.Final.jar:/home/user/.m2/repository/io/grpc/grpc-protobuf/1.17.1/grpc-protobuf-1.17.1.jar:/home/user/.m2/repository/com/google/api/grpc/proto-google-common-protos/1.0.0/proto-google-common-protos-1.0.0.jar:/home/user/.m2/repository/io/grpc/grpc-protobuf-lite/1.17.1/grpc-protobuf-lite-1.17.1.jar:/home/user/.m2/repository/io/grpc/grpc-stub/1.17.1/grpc-stub-1.17.1.jar:/home/user/.m2/repository/org/apache/hadoop/hadoop-ozone-recon/0.5.0-SNAPSHOT/hadoop-ozone-recon-0.5.0-SNAPSHOT.jar:/home/user/.m2/repository/org/apache/hadoop/hadoop-ozone-reconcodegen/0.5.0-SNAPSHOT/hadoop-ozone-reconcodegen-0.5.0-SNAPSHOT.jar:/home/user/.m2/repository/com/google/inject/extensions/guice-multibindings/4.0/guice-multibindings-4.0.jar:/home/user/.m2/repository/com/google/inject/guice/4.0/guice-4.0.jar:/home/user/.m2/repository/aopalliance/aopalliance/1.0/aopalliance-1.0.jar:/home/user/.m2/repository/com/google/inject/extensions/guice-servlet/4.0/guice-servlet-4.0.jar:/home/user/.m2/repository/org/glassfish/jersey/containers/jersey-container-servlet/2.27/jersey-container-servlet-2.27.jar:/home/user/.m2/repository/org/glassfish/hk2/guice-bridge/2.5.0/guice-bridge-2.5.0.jar:/home/user/.m2/repository/org/glassfish/jersey/core/jersey-server/2.27/jersey-server-2.27.jar:/home/user/.m2/repository/org/glassfish/jersey/core/jersey-client/2.27/jersey-client-2.27.jar:/home/user/.m2/repository/org/glassfish/jersey/media/jersey-media-jaxb/2.27/jersey-media-jaxb-2.27.jar:/home/user/.m2/repository/javax/validation/validation-api/1.1.0.Final/validation-api-1.1.0.Final.jar:/home/user/.m2/repository/org/glassfish/jersey/media/jersey-media-json-jackson/2.27/jersey-media-json-jackson-2.27.jar:/home/user/.m2/repository/org/glassfish/jersey/ext/jersey-entity-filtering/2.27/jersey-entity-filtering-2.27.jar:/home/user/.m2/repository/com/google/inject/extensions/guice-assistedinject/4.0/guice-assistedinject-4.0.jar:/home/user/.m2/repository/org/jooq/jooq/3.11.10/jooq-3.11.10.jar:/home/user/.m2/repository/org/jooq/jooq-meta/3.11.10/jooq-meta-3.11.10.jar:/home/user/.m2/repository/org/jooq/jooq-codegen/3.11.10/jooq-codegen-3.11.10.jar:/home/user/.m2/repository/com/jolbox/bonecp/0.8.0.RELEASE/bonecp-0.8.0.RELEASE.jar:/home/user/.m2/repository/org/xerial/sqlite-jdbc/3.25.2/sqlite-jdbc-3.25.2.jar:/home/user/.m2/repository/org/springframework/spring-jdbc/5.1.3.RELEASE/spring-jdbc-5.1.3.RELEASE.jar:/home/user/.m2/repository/org/springframework/spring-beans/5.1.3.RELEASE/spring-beans-5.1.3.RELEASE.jar:/home/user/.m2/repository/org/springframework/spring-core/5.1.3.RELEASE/spring-core-5.1.3.RELEASE.jar:/home/user/.m2/repository/org/springframework/spring-jcl/5.1.3.RELEASE/spring-jcl-5.1.3.RELEASE.jar:/home/user/.m2/repository/org/springframework/spring-tx/5.1.3.RELEASE/spring-tx-5.1.3.RELEASE.jar:/home/user/.m2/repository/org/apache/hadoop/hadoop-ozone-client/0.5.0-SNAPSHOT/hadoop-ozone-client-0.5.0-SNAPSHOT.jar:/home/user/.m2/repository/commons-lang/commons-lang/2.6/commons-lang-2.6.jar:/home/user/.m2/repository/org/apache/hadoop/hadoop-ozone-ozone-manager/0.5.0-SNAPSHOT/hadoop-ozone-ozone-manager-0.5.0-SNAPSHOT-tests.jar:/home/user/.m2/repository/junit/junit/4.11/junit-4.11.jar:/home/user/.m2/repository/org/hamcrest/hamcrest-core/1.3/hamcrest-core-1.3.jar:/home/user/.m2/repository/org/openjdk/jmh/jmh-core/1.19/jmh-core-1.19.jar:/home/user/.m2/repository/net/sf/jopt-simple/jopt-simple/4.6/jopt-simple-4.6.jar:/home/user/.m2/repository/org/apache/commons/commons-math3/3.1.1/commons-math3-3.1.1.jar:/home/user/.m2/repository/org/openjdk/jmh/jmh-generator-annprocess/1.19/jmh-generator-annprocess-1.19.jar:/home/user/.m2/repository/org/mockito/mockito-all/1.8.5/mockito-all-1.8.5.jar:/home/user/.m2/repository/org/apache/hadoop/hadoop-kms/3.2.0/hadoop-kms-3.2.0.jar:/home/user/.m2/repository/org/apache/hadoop/hadoop-auth/3.2.0/hadoop-auth-3.2.0.jar:/home/user/.m2/repository/com/nimbusds/nimbus-jose-jwt/4.41.1/nimbus-jose-jwt-4.41.1.jar:/home/user/.m2/repository/com/github/stephenc/jcip/jcip-annotations/1.0-1/jcip-annotations-1.0-1.jar:/home/user/.m2/repository/net/minidev/json-smart/2.3/json-smart-2.3.jar:/home/user/.m2/repository/net/minidev/accessors-smart/1.2/accessors-smart-1.2.jar:/home/user/.m2/repository/org/ow2/asm/asm/5.0.4/asm-5.0.4.jar:/home/user/.m2/repository/org/apache/curator/curator-framework/2.12.0/curator-framework-2.12.0.jar:/home/user/.m2/repository/com/sun/jersey/jersey-core/1.19/jersey-core-1.19.jar:/home/user/.m2/repository/javax/ws/rs/jsr311-api/1.1.1/jsr311-api-1.1.1.jar:/home/user/.m2/repository/com/sun/jersey/jersey-server/1.19/jersey-server-1.19.jar:/home/user/.m2/repository/javax/servlet/javax.servlet-api/3.1.0/javax.servlet-api-3.1.0.jar:/home/user/.m2/repository/org/eclipse/jetty/jetty-server/9.3.24.v20180605/jetty-server-9.3.24.v20180605.jar:/home/user/.m2/repository/org/eclipse/jetty/jetty-http/9.3.24.v20180605/jetty-http-9.3.24.v20180605.jar:/home/user/.m2/repository/org/eclipse/jetty/jetty-io/9.3.24.v20180605/jetty-io-9.3.24.v20180605.jar:/home/user/.m2/repository/org/eclipse/jetty/jetty-webapp/9.3.24.v20180605/jetty-webapp-9.3.24.v20180605.jar:/home/user/.m2/repository/org/eclipse/jetty/jetty-xml/9.3.24.v20180605/jetty-xml-9.3.24.v20180605.jar:/home/user/.m2/repository/log4j/log4j/1.2.17/log4j-1.2.17.jar:/home/user/.m2/repository/org/slf4j/slf4j-api/1.7.25/slf4j-api-1.7.25.jar:/home/user/.m2/repository/org/slf4j/jul-to-slf4j/1.7.25/jul-to-slf4j-1.7.25.jar:/home/user/.m2/repository/org/eclipse/jetty/jetty-util/9.3.24.v20180605/jetty-util-9.3.24.v20180605.jar:/home/user/.m2/repository/com/fasterxml/jackson/core/jackson-databind/2.9.5/jackson-databind-2.9.5.jar:/home/user/.m2/repository/org/apache/hadoop/hadoop-kms/3.2.0/hadoop-kms-3.2.0-tests.jar:/home/user/.m2/repository/org/apache/hadoop/hadoop-hdds-server-scm/0.5.0-SNAPSHOT/hadoop-hdds-server-scm-0.5.0-SNAPSHOT-tests.jar:/home/user/.m2/repository/org/apache/hadoop/hadoop-hdds-container-service/0.5.0-SNAPSHOT/hadoop-hdds-container-service-0.5.0-SNAPSHOT-tests.jar:/home/user/.m2/repository/org/yaml/snakeyaml/1.16/snakeyaml-1.16.jar:/home/user/.m2/repository/org/apache/hadoop/hadoop-common/3.2.0/hadoop-common-3.2.0-tests.jar:/home/user/.m2/repository/org/apache/hadoop/hadoop-annotations/3.2.0/hadoop-annotations-3.2.0.jar:/usr/lib/jvm/java-1.8-openjdk/jre/../lib/tools.jar:/home/user/.m2/repository/commons-cli/commons-cli/1.2/commons-cli-1.2.jar:/home/user/.m2/repository/org/apache/httpcomponents/httpclient/4.5.2/httpclient-4.5.2.jar:/home/user/.m2/repository/org/apache/httpcomponents/httpcore/4.4.4/httpcore-4.4.4.jar:/home/user/.m2/repository/commons-codec/commons-codec/1.11/commons-codec-1.11.jar:/home/user/.m2/repository/commons-net/commons-net/3.6/commons-net-3.6.jar:/home/user/.m2/repository/commons-collections/commons-collections/3.2.2/commons-collections-3.2.2.jar:/home/user/.m2/repository/org/eclipse/jetty/jetty-servlet/9.3.24.v20180605/jetty-servlet-9.3.24.v20180605.jar:/home/user/.m2/repository/org/eclipse/jetty/jetty-security/9.3.24.v20180605/jetty-security-9.3.24.v20180605.jar:/home/user/.m2/repository/javax/servlet/jsp/jsp-api/2.1/jsp-api-2.1.jar:/home/user/.m2/repository/com/sun/jersey/jersey-servlet/1.19/jersey-servlet-1.19.jar:/home/user/.m2/repository/com/sun/jersey/jersey-json/1.19/jersey-json-1.19.jar:/home/user/.m2/repository/org/codehaus/jettison/jettison/1.1/jettison-1.1.jar:/home/user/.m2/repository/org/codehaus/jackson/jackson-core-asl/1.9.13/jackson-core-asl-1.9.13.jar:/home/user/.m2/repository/org/codehaus/jackson/jackson-mapper-asl/1.9.13/jackson-mapper-asl-1.9.13.jar:/home/user/.m2/repository/org/codehaus/jackson/jackson-jaxrs/1.9.13/jackson-jaxrs-1.9.13.jar:/home/user/.m2/repository/org/codehaus/jackson/jackson-xc/1.9.13/jackson-xc-1.9.13.jar:/home/user/.m2/repository/commons-logging/commons-logging/1.1.3/commons-logging-1.1.3.jar:/home/user/.m2/repository/commons-beanutils/commons-beanutils/1.9.3/commons-beanutils-1.9.3.jar:/home/user/.m2/repository/org/apache/commons/commons-configuration2/2.1.1/commons-configuration2-2.1.1.jar:/home/user/.m2/repository/org/apache/commons/commons-lang3/3.7/commons-lang3-3.7.jar:/home/user/.m2/repository/org/apache/commons/commons-text/1.4/commons-text-1.4.jar:/home/user/.m2/repository/org/apache/avro/avro/1.7.7/avro-1.7.7.jar:/home/user/.m2/repository/com/thoughtworks/paranamer/paranamer/2.3/paranamer-2.3.jar:/home/user/.m2/repository/org/xerial/snappy/snappy-java/1.0.5/snappy-java-1.0.5.jar:/home/user/.m2/repository/com/google/re2j/re2j/1.1/re2j-1.1.jar:/home/user/.m2/repository/com/google/code/gson/gson/2.2.4/gson-2.2.4.jar:/home/user/.m2/repository/com/jcraft/jsch/0.1.54/jsch-0.1.54.jar:/home/user/.m2/repository/org/apache/curator/curator-client/2.12.0/curator-client-2.12.0.jar:/home/user/.m2/repository/org/apache/curator/curator-recipes/2.12.0/curator-recipes-2.12.0.jar:/home/user/.m2/repository/com/google/code/findbugs/jsr305/3.0.0/jsr305-3.0.0.jar:/home/user/.m2/repository/org/apache/htrace/htrace-core4/4.1.0-incubating/htrace-core4-4.1.0-incubating.jar:/home/user/.m2/repository/org/apache/zookeeper/zookeeper/3.4.13/zookeeper-3.4.13.jar:/home/user/.m2/repository/org/apache/yetus/audience-annotations/0.5.0/audience-annotations-0.5.0.jar:/home/user/.m2/repository/org/codehaus/woodstox/stax2-api/3.1.4/stax2-api-3.1.4.jar:/home/user/.m2/repository/com/fasterxml/woodstox/woodstox-core/5.0.3/woodstox-core-5.0.3.jar:/home/user/.m2/repository/dnsjava/dnsjava/2.1.7/dnsjava-2.1.7.jar:/home/user/.m2/repository/org/apache/hadoop/hadoop-hdfs/3.2.0/hadoop-hdfs-3.2.0-tests.jar:/home/user/.m2/repository/org/eclipse/jetty/jetty-util-ajax/9.3.24.v20180605/jetty-util-ajax-9.3.24.v20180605.jar:/home/user/.m2/repository/commons-daemon/commons-daemon/1.0.13/commons-daemon-1.0.13.jar:/home/user/.m2/repository/io/netty/netty/3.10.5.Final/netty-3.10.5.Final.jar:/home/user/.m2/repository/io/netty/netty-all/4.0.52.Final/netty-all-4.0.52.Final.jar:/home/user/.m2/repository/org/fusesource/leveldbjni/leveldbjni-all/1.8/leveldbjni-all-1.8.jar:"/>
    <property name="java.vm.vendor" value="IcedTea"/>
    <property name="sun.arch.data.model" value="64"/>
    <property name="test.build.dir" value="/workdir/hadoop-ozone/integration-test/target/test-dir"/>
    <property name="test.cache.data" value=""/>
    <property name="java.vendor.url" value="https://icedtea.classpath.org"/>
    <property name="user.timezone" value=""/>
    <property name="java.vm.specification.version" value="1.8"/>
    <property name="os.name" value="Linux"/>
    <property name="test.build.data" value="/workdir/hadoop-ozone/integration-test/target/test-dir"/>
    <property name="user.country" value="US"/>
    <property name="sun.java.launcher" value="SUN_STANDARD"/>
    <property name="sun.boot.library.path" value="/usr/lib/jvm/java-1.8-openjdk/jre/lib/amd64"/>
    <property name="sun.java.command" value="/workdir/hadoop-ozone/integration-test/target/surefire/surefirebooter5778161566792794282.jar /workdir/hadoop-ozone/integration-test/target/surefire 2019-08-20T19-03-50_846-jvmRun1 surefire2398019964490068188tmp surefire_364290512138548057561tmp"/>
    <property name="test" value="!TestMiniChaosOzoneCluster"/>
    <property name="surefire.test.class.path" value="/workdir/hadoop-ozone/integration-test/target/test-classes:/workdir/hadoop-ozone/integration-test/target/classes:/home/user/.m2/repository/org/apache/hadoop/hadoop-ozone-common/0.5.0-SNAPSHOT/hadoop-ozone-common-0.5.0-SNAPSHOT.jar:/home/user/.m2/repository/org/apache/commons/commons-compress/1.4.1/commons-compress-1.4.1.jar:/home/user/.m2/repository/org/tukaani/xz/1.0/xz-1.0.jar:/home/user/.m2/repository/org/apache/hadoop/hadoop-common/3.2.0/hadoop-common-3.2.0.jar:/home/user/.m2/repository/org/apache/hadoop/hadoop-hdfs/3.2.0/hadoop-hdfs-3.2.0.jar:/home/user/.m2/repository/org/apache/hadoop/hadoop-hdfs-client/3.2.0/hadoop-hdfs-client-3.2.0.jar:/home/user/.m2/repository/com/fasterxml/jackson/core/jackson-annotations/2.9.5/jackson-annotations-2.9.5.jar:/home/user/.m2/repository/org/apache/hadoop/hadoop-hdds-common/0.5.0-SNAPSHOT/hadoop-hdds-common-0.5.0-SNAPSHOT.jar:/home/user/.m2/repository/javax/annotation/javax.annotation-api/1.2/javax.annotation-api-1.2.jar:/home/user/.m2/repository/org/apache/ratis/ratis-server/0.4.0-2337318-SNAPSHOT/ratis-server-0.4.0-2337318-SNAPSHOT.jar:/home/user/.m2/repository/org/apache/ratis/ratis-thirdparty-misc/0.2.0/ratis-thirdparty-misc-0.2.0.jar:/home/user/.m2/repository/org/apache/ratis/ratis-proto/0.4.0-2337318-SNAPSHOT/ratis-proto-0.4.0-2337318-SNAPSHOT.jar:/home/user/.m2/repository/org/apache/ratis/ratis-common/0.4.0-2337318-SNAPSHOT/ratis-common-0.4.0-2337318-SNAPSHOT.jar:/home/user/.m2/repository/org/apache/ratis/ratis-client/0.4.0-2337318-SNAPSHOT/ratis-client-0.4.0-2337318-SNAPSHOT.jar:/home/user/.m2/repository/org/apache/ratis/ratis-metrics/0.4.0-2337318-SNAPSHOT/ratis-metrics-0.4.0-2337318-SNAPSHOT.jar:/home/user/.m2/repository/org/apache/ratis/ratis-netty/0.4.0-2337318-SNAPSHOT/ratis-netty-0.4.0-2337318-SNAPSHOT.jar:/home/user/.m2/repository/org/apache/ratis/ratis-grpc/0.4.0-2337318-SNAPSHOT/ratis-grpc-0.4.0-2337318-SNAPSHOT.jar:/home/user/.m2/repository/org/rocksdb/rocksdbjni/6.0.1/rocksdbjni-6.0.1.jar:/home/user/.m2/repository/org/apache/logging/log4j/log4j-api/2.11.0/log4j-api-2.11.0.jar:/home/user/.m2/repository/org/apache/logging/log4j/log4j-core/2.11.0/log4j-core-2.11.0.jar:/home/user/.m2/repository/com/lmax/disruptor/3.4.2/disruptor-3.4.2.jar:/home/user/.m2/repository/org/apache/commons/commons-pool2/2.6.0/commons-pool2-2.6.0.jar:/home/user/.m2/repository/org/bouncycastle/bcpkix-jdk15on/1.60/bcpkix-jdk15on-1.60.jar:/home/user/.m2/repository/commons-validator/commons-validator/1.6/commons-validator-1.6.jar:/home/user/.m2/repository/commons-digester/commons-digester/1.8.1/commons-digester-1.8.1.jar:/home/user/.m2/repository/io/jaegertracing/jaeger-client/0.33.1/jaeger-client-0.33.1.jar:/home/user/.m2/repository/io/jaegertracing/jaeger-thrift/0.33.1/jaeger-thrift-0.33.1.jar:/home/user/.m2/repository/org/apache/thrift/libthrift/0.11.0/libthrift-0.11.0.jar:/home/user/.m2/repository/com/squareup/okhttp3/okhttp/3.9.0/okhttp-3.9.0.jar:/home/user/.m2/repository/com/squareup/okio/okio/1.13.0/okio-1.13.0.jar:/home/user/.m2/repository/io/jaegertracing/jaeger-core/0.33.1/jaeger-core-0.33.1.jar:/home/user/.m2/repository/io/jaegertracing/jaeger-tracerresolver/0.33.1/jaeger-tracerresolver-0.33.1.jar:/home/user/.m2/repository/io/opentracing/contrib/opentracing-tracerresolver/0.1.5/opentracing-tracerresolver-0.1.5.jar:/home/user/.m2/repository/io/opentracing/opentracing-util/0.31.0/opentracing-util-0.31.0.jar:/home/user/.m2/repository/io/opentracing/opentracing-api/0.31.0/opentracing-api-0.31.0.jar:/home/user/.m2/repository/io/opentracing/opentracing-noop/0.31.0/opentracing-noop-0.31.0.jar:/home/user/.m2/repository/org/apache/hadoop/hadoop-hdds-server-framework/0.5.0-SNAPSHOT/hadoop-hdds-server-framework-0.5.0-SNAPSHOT.jar:/home/user/.m2/repository/org/apache/hadoop/hadoop-hdds-container-service/0.5.0-SNAPSHOT/hadoop-hdds-container-service-0.5.0-SNAPSHOT.jar:/home/user/.m2/repository/org/apache/hadoop/hadoop-hdds-client/0.5.0-SNAPSHOT/hadoop-hdds-client-0.5.0-SNAPSHOT.jar:/home/user/.m2/repository/org/apache/hadoop/hadoop-hdds-tools/0.5.0-SNAPSHOT/hadoop-hdds-tools-0.5.0-SNAPSHOT.jar:/home/user/.m2/repository/org/apache/hadoop/hadoop-hdds-server-scm/0.5.0-SNAPSHOT/hadoop-hdds-server-scm-0.5.0-SNAPSHOT.jar:/home/user/.m2/repository/org/apache/hadoop/hadoop-hdds-docs/0.5.0-SNAPSHOT/hadoop-hdds-docs-0.5.0-SNAPSHOT.jar:/home/user/.m2/repository/io/dropwizard/metrics/metrics-core/3.2.4/metrics-core-3.2.4.jar:/home/user/.m2/repository/org/hamcrest/hamcrest-all/1.3/hamcrest-all-1.3.jar:/home/user/.m2/repository/org/bouncycastle/bcprov-jdk15on/1.60/bcprov-jdk15on-1.60.jar:/home/user/.m2/repository/info/picocli/picocli/3.9.6/picocli-3.9.6.jar:/home/user/.m2/repository/com/google/protobuf/protobuf-java/2.5.0/protobuf-java-2.5.0.jar:/home/user/.m2/repository/com/google/guava/guava/11.0.2/guava-11.0.2.jar:/home/user/.m2/repository/org/apache/hadoop/hadoop-ozone-ozone-manager/0.5.0-SNAPSHOT/hadoop-ozone-ozone-manager-0.5.0-SNAPSHOT.jar:/home/user/.m2/repository/org/apache/hadoop/hadoop-minikdc/3.2.0/hadoop-minikdc-3.2.0.jar:/home/user/.m2/repository/commons-io/commons-io/2.5/commons-io-2.5.jar:/home/user/.m2/repository/org/apache/kerby/kerb-simplekdc/1.0.1/kerb-simplekdc-1.0.1.jar:/home/user/.m2/repository/org/apache/kerby/kerb-client/1.0.1/kerb-client-1.0.1.jar:/home/user/.m2/repository/org/apache/kerby/kerby-config/1.0.1/kerby-config-1.0.1.jar:/home/user/.m2/repository/org/apache/kerby/kerb-core/1.0.1/kerb-core-1.0.1.jar:/home/user/.m2/repository/org/apache/kerby/kerby-pkix/1.0.1/kerby-pkix-1.0.1.jar:/home/user/.m2/repository/org/apache/kerby/kerby-asn1/1.0.1/kerby-asn1-1.0.1.jar:/home/user/.m2/repository/org/apache/kerby/kerby-util/1.0.1/kerby-util-1.0.1.jar:/home/user/.m2/repository/org/apache/kerby/kerb-common/1.0.1/kerb-common-1.0.1.jar:/home/user/.m2/repository/org/apache/kerby/kerb-crypto/1.0.1/kerb-crypto-1.0.1.jar:/home/user/.m2/repository/org/apache/kerby/kerb-util/1.0.1/kerb-util-1.0.1.jar:/home/user/.m2/repository/org/apache/kerby/token-provider/1.0.1/token-provider-1.0.1.jar:/home/user/.m2/repository/org/apache/kerby/kerb-admin/1.0.1/kerb-admin-1.0.1.jar:/home/user/.m2/repository/org/apache/kerby/kerb-server/1.0.1/kerb-server-1.0.1.jar:/home/user/.m2/repository/org/apache/kerby/kerb-identity/1.0.1/kerb-identity-1.0.1.jar:/home/user/.m2/repository/org/apache/kerby/kerby-xdr/1.0.1/kerby-xdr-1.0.1.jar:/home/user/.m2/repository/org/slf4j/slf4j-log4j12/1.7.25/slf4j-log4j12-1.7.25.jar:/home/user/.m2/repository/org/apache/hadoop/hadoop-ozone-objectstore-service/0.5.0-SNAPSHOT/hadoop-ozone-objectstore-service-0.5.0-SNAPSHOT.jar:/home/user/.m2/repository/org/apache/hadoop/hadoop-ozone-s3gateway/0.5.0-SNAPSHOT/hadoop-ozone-s3gateway-0.5.0-SNAPSHOT.jar:/home/user/.m2/repository/org/jboss/weld/servlet/weld-servlet/2.4.7.Final/weld-servlet-2.4.7.Final.jar:/home/user/.m2/repository/org/glassfish/jersey/containers/jersey-container-servlet-core/2.27/jersey-container-servlet-core-2.27.jar:/home/user/.m2/repository/org/glassfish/hk2/external/javax.inject/2.5.0-b42/javax.inject-2.5.0-b42.jar:/home/user/.m2/repository/org/glassfish/jersey/core/jersey-common/2.27/jersey-common-2.27.jar:/home/user/.m2/repository/org/glassfish/hk2/osgi-resource-locator/1.0.1/osgi-resource-locator-1.0.1.jar:/home/user/.m2/repository/javax/ws/rs/javax.ws.rs-api/2.1/javax.ws.rs-api-2.1.jar:/home/user/.m2/repository/org/glassfish/jersey/ext/cdi/jersey-cdi1x/2.27/jersey-cdi1x-2.27.jar:/home/user/.m2/repository/org/glassfish/jersey/inject/jersey-hk2/2.27/jersey-hk2-2.27.jar:/home/user/.m2/repository/org/glassfish/hk2/hk2-locator/2.5.0-b42/hk2-locator-2.5.0-b42.jar:/home/user/.m2/repository/org/javassist/javassist/3.22.0-CR2/javassist-3.22.0-CR2.jar:/home/user/.m2/repository/org/glassfish/hk2/hk2-api/2.5.0/hk2-api-2.5.0.jar:/home/user/.m2/repository/org/glassfish/hk2/external/jakarta.inject/2.5.0/jakarta.inject-2.5.0.jar:/home/user/.m2/repository/org/glassfish/hk2/hk2-utils/2.5.0/hk2-utils-2.5.0.jar:/home/user/.m2/repository/jakarta/annotation/jakarta.annotation-api/1.3.4/jakarta.annotation-api-1.3.4.jar:/home/user/.m2/repository/org/glassfish/hk2/external/aopalliance-repackaged/2.5.0/aopalliance-repackaged-2.5.0.jar:/home/user/.m2/repository/com/fasterxml/jackson/dataformat/jackson-dataformat-xml/2.9.0/jackson-dataformat-xml-2.9.0.jar:/home/user/.m2/repository/com/fasterxml/jackson/core/jackson-core/2.9.5/jackson-core-2.9.5.jar:/home/user/.m2/repository/com/fasterxml/jackson/module/jackson-module-jaxb-annotations/2.9.5/jackson-module-jaxb-annotations-2.9.5.jar:/home/user/.m2/repository/javax/enterprise/cdi-api/1.2/cdi-api-1.2.jar:/home/user/.m2/repository/javax/el/javax.el-api/3.0.0/javax.el-api-3.0.0.jar:/home/user/.m2/repository/javax/interceptor/javax.interceptor-api/1.2/javax.interceptor-api-1.2.jar:/home/user/.m2/repository/javax/inject/javax.inject/1/javax.inject-1.jar:/home/user/.m2/repository/com/sun/xml/bind/jaxb-impl/2.3.0.1/jaxb-impl-2.3.0.1.jar:/home/user/.m2/repository/com/sun/xml/bind/jaxb-core/2.3.0.1/jaxb-core-2.3.0.1.jar:/home/user/.m2/repository/javax/xml/bind/jaxb-api/2.3.0/jaxb-api-2.3.0.jar:/home/user/.m2/repository/javax/activation/activation/1.1.1/activation-1.1.1.jar:/home/user/.m2/repository/org/apache/hadoop/hadoop-ozone-csi/0.5.0-SNAPSHOT/hadoop-ozone-csi-0.5.0-SNAPSHOT.jar:/home/user/.m2/repository/com/google/protobuf/protobuf-java-util/3.5.1/protobuf-java-util-3.5.1.jar:/home/user/.m2/repository/org/apache/hadoop/hadoop-hdds-config/0.5.0-SNAPSHOT/hadoop-hdds-config-0.5.0-SNAPSHOT.jar:/home/user/.m2/repository/io/grpc/grpc-netty/1.17.1/grpc-netty-1.17.1.jar:/home/user/.m2/repository/io/grpc/grpc-core/1.17.1/grpc-core-1.17.1.jar:/home/user/.m2/repository/io/grpc/grpc-context/1.17.1/grpc-context-1.17.1.jar:/home/user/.m2/repository/com/google/errorprone/error_prone_annotations/2.2.0/error_prone_annotations-2.2.0.jar:/home/user/.m2/repository/org/codehaus/mojo/animal-sniffer-annotations/1.17/animal-sniffer-annotations-1.17.jar:/home/user/.m2/repository/io/opencensus/opencensus-api/0.17.0/opencensus-api-0.17.0.jar:/home/user/.m2/repository/io/opencensus/opencensus-contrib-grpc-metrics/0.17.0/opencensus-contrib-grpc-metrics-0.17.0.jar:/home/user/.m2/repository/io/netty/netty-codec-http2/4.1.30.Final/netty-codec-http2-4.1.30.Final.jar:/home/user/.m2/repository/io/netty/netty-codec-http/4.1.30.Final/netty-codec-http-4.1.30.Final.jar:/home/user/.m2/repository/io/netty/netty-codec/4.1.30.Final/netty-codec-4.1.30.Final.jar:/home/user/.m2/repository/io/netty/netty-handler/4.1.30.Final/netty-handler-4.1.30.Final.jar:/home/user/.m2/repository/io/netty/netty-handler-proxy/4.1.30.Final/netty-handler-proxy-4.1.30.Final.jar:/home/user/.m2/repository/io/netty/netty-codec-socks/4.1.30.Final/netty-codec-socks-4.1.30.Final.jar:/home/user/.m2/repository/io/netty/netty-transport-native-epoll/4.1.30.Final/netty-transport-native-epoll-4.1.30.Final.jar:/home/user/.m2/repository/io/netty/netty-common/4.1.30.Final/netty-common-4.1.30.Final.jar:/home/user/.m2/repository/io/netty/netty-buffer/4.1.30.Final/netty-buffer-4.1.30.Final.jar:/home/user/.m2/repository/io/netty/netty-transport/4.1.30.Final/netty-transport-4.1.30.Final.jar:/home/user/.m2/repository/io/netty/netty-resolver/4.1.30.Final/netty-resolver-4.1.30.Final.jar:/home/user/.m2/repository/io/netty/netty-transport-native-unix-common/4.1.30.Final/netty-transport-native-unix-common-4.1.30.Final.jar:/home/user/.m2/repository/io/grpc/grpc-protobuf/1.17.1/grpc-protobuf-1.17.1.jar:/home/user/.m2/repository/com/google/api/grpc/proto-google-common-protos/1.0.0/proto-google-common-protos-1.0.0.jar:/home/user/.m2/repository/io/grpc/grpc-protobuf-lite/1.17.1/grpc-protobuf-lite-1.17.1.jar:/home/user/.m2/repository/io/grpc/grpc-stub/1.17.1/grpc-stub-1.17.1.jar:/home/user/.m2/repository/org/apache/hadoop/hadoop-ozone-recon/0.5.0-SNAPSHOT/hadoop-ozone-recon-0.5.0-SNAPSHOT.jar:/home/user/.m2/repository/org/apache/hadoop/hadoop-ozone-reconcodegen/0.5.0-SNAPSHOT/hadoop-ozone-reconcodegen-0.5.0-SNAPSHOT.jar:/home/user/.m2/repository/com/google/inject/extensions/guice-multibindings/4.0/guice-multibindings-4.0.jar:/home/user/.m2/repository/com/google/inject/guice/4.0/guice-4.0.jar:/home/user/.m2/repository/aopalliance/aopalliance/1.0/aopalliance-1.0.jar:/home/user/.m2/repository/com/google/inject/extensions/guice-servlet/4.0/guice-servlet-4.0.jar:/home/user/.m2/repository/org/glassfish/jersey/containers/jersey-container-servlet/2.27/jersey-container-servlet-2.27.jar:/home/user/.m2/repository/org/glassfish/hk2/guice-bridge/2.5.0/guice-bridge-2.5.0.jar:/home/user/.m2/repository/org/glassfish/jersey/core/jersey-server/2.27/jersey-server-2.27.jar:/home/user/.m2/repository/org/glassfish/jersey/core/jersey-client/2.27/jersey-client-2.27.jar:/home/user/.m2/repository/org/glassfish/jersey/media/jersey-media-jaxb/2.27/jersey-media-jaxb-2.27.jar:/home/user/.m2/repository/javax/validation/validation-api/1.1.0.Final/validation-api-1.1.0.Final.jar:/home/user/.m2/repository/org/glassfish/jersey/media/jersey-media-json-jackson/2.27/jersey-media-json-jackson-2.27.jar:/home/user/.m2/repository/org/glassfish/jersey/ext/jersey-entity-filtering/2.27/jersey-entity-filtering-2.27.jar:/home/user/.m2/repository/com/google/inject/extensions/guice-assistedinject/4.0/guice-assistedinject-4.0.jar:/home/user/.m2/repository/org/jooq/jooq/3.11.10/jooq-3.11.10.jar:/home/user/.m2/repository/org/jooq/jooq-meta/3.11.10/jooq-meta-3.11.10.jar:/home/user/.m2/repository/org/jooq/jooq-codegen/3.11.10/jooq-codegen-3.11.10.jar:/home/user/.m2/repository/com/jolbox/bonecp/0.8.0.RELEASE/bonecp-0.8.0.RELEASE.jar:/home/user/.m2/repository/org/xerial/sqlite-jdbc/3.25.2/sqlite-jdbc-3.25.2.jar:/home/user/.m2/repository/org/springframework/spring-jdbc/5.1.3.RELEASE/spring-jdbc-5.1.3.RELEASE.jar:/home/user/.m2/repository/org/springframework/spring-beans/5.1.3.RELEASE/spring-beans-5.1.3.RELEASE.jar:/home/user/.m2/repository/org/springframework/spring-core/5.1.3.RELEASE/spring-core-5.1.3.RELEASE.jar:/home/user/.m2/repository/org/springframework/spring-jcl/5.1.3.RELEASE/spring-jcl-5.1.3.RELEASE.jar:/home/user/.m2/repository/org/springframework/spring-tx/5.1.3.RELEASE/spring-tx-5.1.3.RELEASE.jar:/home/user/.m2/repository/org/apache/hadoop/hadoop-ozone-client/0.5.0-SNAPSHOT/hadoop-ozone-client-0.5.0-SNAPSHOT.jar:/home/user/.m2/repository/commons-lang/commons-lang/2.6/commons-lang-2.6.jar:/home/user/.m2/repository/org/apache/hadoop/hadoop-ozone-ozone-manager/0.5.0-SNAPSHOT/hadoop-ozone-ozone-manager-0.5.0-SNAPSHOT-tests.jar:/home/user/.m2/repository/junit/junit/4.11/junit-4.11.jar:/home/user/.m2/repository/org/hamcrest/hamcrest-core/1.3/hamcrest-core-1.3.jar:/home/user/.m2/repository/org/openjdk/jmh/jmh-core/1.19/jmh-core-1.19.jar:/home/user/.m2/repository/net/sf/jopt-simple/jopt-simple/4.6/jopt-simple-4.6.jar:/home/user/.m2/repository/org/apache/commons/commons-math3/3.1.1/commons-math3-3.1.1.jar:/home/user/.m2/repository/org/openjdk/jmh/jmh-generator-annprocess/1.19/jmh-generator-annprocess-1.19.jar:/home/user/.m2/repository/org/mockito/mockito-all/1.8.5/mockito-all-1.8.5.jar:/home/user/.m2/repository/org/apache/hadoop/hadoop-kms/3.2.0/hadoop-kms-3.2.0.jar:/home/user/.m2/repository/org/apache/hadoop/hadoop-auth/3.2.0/hadoop-auth-3.2.0.jar:/home/user/.m2/repository/com/nimbusds/nimbus-jose-jwt/4.41.1/nimbus-jose-jwt-4.41.1.jar:/home/user/.m2/repository/com/github/stephenc/jcip/jcip-annotations/1.0-1/jcip-annotations-1.0-1.jar:/home/user/.m2/repository/net/minidev/json-smart/2.3/json-smart-2.3.jar:/home/user/.m2/repository/net/minidev/accessors-smart/1.2/accessors-smart-1.2.jar:/home/user/.m2/repository/org/ow2/asm/asm/5.0.4/asm-5.0.4.jar:/home/user/.m2/repository/org/apache/curator/curator-framework/2.12.0/curator-framework-2.12.0.jar:/home/user/.m2/repository/com/sun/jersey/jersey-core/1.19/jersey-core-1.19.jar:/home/user/.m2/repository/javax/ws/rs/jsr311-api/1.1.1/jsr311-api-1.1.1.jar:/home/user/.m2/repository/com/sun/jersey/jersey-server/1.19/jersey-server-1.19.jar:/home/user/.m2/repository/javax/servlet/javax.servlet-api/3.1.0/javax.servlet-api-3.1.0.jar:/home/user/.m2/repository/org/eclipse/jetty/jetty-server/9.3.24.v20180605/jetty-server-9.3.24.v20180605.jar:/home/user/.m2/repository/org/eclipse/jetty/jetty-http/9.3.24.v20180605/jetty-http-9.3.24.v20180605.jar:/home/user/.m2/repository/org/eclipse/jetty/jetty-io/9.3.24.v20180605/jetty-io-9.3.24.v20180605.jar:/home/user/.m2/repository/org/eclipse/jetty/jetty-webapp/9.3.24.v20180605/jetty-webapp-9.3.24.v20180605.jar:/home/user/.m2/repository/org/eclipse/jetty/jetty-xml/9.3.24.v20180605/jetty-xml-9.3.24.v20180605.jar:/home/user/.m2/repository/log4j/log4j/1.2.17/log4j-1.2.17.jar:/home/user/.m2/repository/org/slf4j/slf4j-api/1.7.25/slf4j-api-1.7.25.jar:/home/user/.m2/repository/org/slf4j/jul-to-slf4j/1.7.25/jul-to-slf4j-1.7.25.jar:/home/user/.m2/repository/org/eclipse/jetty/jetty-util/9.3.24.v20180605/jetty-util-9.3.24.v20180605.jar:/home/user/.m2/repository/com/fasterxml/jackson/core/jackson-databind/2.9.5/jackson-databind-2.9.5.jar:/home/user/.m2/repository/org/apache/hadoop/hadoop-kms/3.2.0/hadoop-kms-3.2.0-tests.jar:/home/user/.m2/repository/org/apache/hadoop/hadoop-hdds-server-scm/0.5.0-SNAPSHOT/hadoop-hdds-server-scm-0.5.0-SNAPSHOT-tests.jar:/home/user/.m2/repository/org/apache/hadoop/hadoop-hdds-container-service/0.5.0-SNAPSHOT/hadoop-hdds-container-service-0.5.0-SNAPSHOT-tests.jar:/home/user/.m2/repository/org/yaml/snakeyaml/1.16/snakeyaml-1.16.jar:/home/user/.m2/repository/org/apache/hadoop/hadoop-common/3.2.0/hadoop-common-3.2.0-tests.jar:/home/user/.m2/repository/org/apache/hadoop/hadoop-annotations/3.2.0/hadoop-annotations-3.2.0.jar:/usr/lib/jvm/java-1.8-openjdk/jre/../lib/tools.jar:/home/user/.m2/repository/commons-cli/commons-cli/1.2/commons-cli-1.2.jar:/home/user/.m2/repository/org/apache/httpcomponents/httpclient/4.5.2/httpclient-4.5.2.jar:/home/user/.m2/repository/org/apache/httpcomponents/httpcore/4.4.4/httpcore-4.4.4.jar:/home/user/.m2/repository/commons-codec/commons-codec/1.11/commons-codec-1.11.jar:/home/user/.m2/repository/commons-net/commons-net/3.6/commons-net-3.6.jar:/home/user/.m2/repository/commons-collections/commons-collections/3.2.2/commons-collections-3.2.2.jar:/home/user/.m2/repository/org/eclipse/jetty/jetty-servlet/9.3.24.v20180605/jetty-servlet-9.3.24.v20180605.jar:/home/user/.m2/repository/org/eclipse/jetty/jetty-security/9.3.24.v20180605/jetty-security-9.3.24.v20180605.jar:/home/user/.m2/repository/javax/servlet/jsp/jsp-api/2.1/jsp-api-2.1.jar:/home/user/.m2/repository/com/sun/jersey/jersey-servlet/1.19/jersey-servlet-1.19.jar:/home/user/.m2/repository/com/sun/jersey/jersey-json/1.19/jersey-json-1.19.jar:/home/user/.m2/repository/org/codehaus/jettison/jettison/1.1/jettison-1.1.jar:/home/user/.m2/repository/org/codehaus/jackson/jackson-core-asl/1.9.13/jackson-core-asl-1.9.13.jar:/home/user/.m2/repository/org/codehaus/jackson/jackson-mapper-asl/1.9.13/jackson-mapper-asl-1.9.13.jar:/home/user/.m2/repository/org/codehaus/jackson/jackson-jaxrs/1.9.13/jackson-jaxrs-1.9.13.jar:/home/user/.m2/repository/org/codehaus/jackson/jackson-xc/1.9.13/jackson-xc-1.9.13.jar:/home/user/.m2/repository/commons-logging/commons-logging/1.1.3/commons-logging-1.1.3.jar:/home/user/.m2/repository/commons-beanutils/commons-beanutils/1.9.3/commons-beanutils-1.9.3.jar:/home/user/.m2/repository/org/apache/commons/commons-configuration2/2.1.1/commons-configuration2-2.1.1.jar:/home/user/.m2/repository/org/apache/commons/commons-lang3/3.7/commons-lang3-3.7.jar:/home/user/.m2/repository/org/apache/commons/commons-text/1.4/commons-text-1.4.jar:/home/user/.m2/repository/org/apache/avro/avro/1.7.7/avro-1.7.7.jar:/home/user/.m2/repository/com/thoughtworks/paranamer/paranamer/2.3/paranamer-2.3.jar:/home/user/.m2/repository/org/xerial/snappy/snappy-java/1.0.5/snappy-java-1.0.5.jar:/home/user/.m2/repository/com/google/re2j/re2j/1.1/re2j-1.1.jar:/home/user/.m2/repository/com/google/code/gson/gson/2.2.4/gson-2.2.4.jar:/home/user/.m2/repository/com/jcraft/jsch/0.1.54/jsch-0.1.54.jar:/home/user/.m2/repository/org/apache/curator/curator-client/2.12.0/curator-client-2.12.0.jar:/home/user/.m2/repository/org/apache/curator/curator-recipes/2.12.0/curator-recipes-2.12.0.jar:/home/user/.m2/repository/com/google/code/findbugs/jsr305/3.0.0/jsr305-3.0.0.jar:/home/user/.m2/repository/org/apache/htrace/htrace-core4/4.1.0-incubating/htrace-core4-4.1.0-incubating.jar:/home/user/.m2/repository/org/apache/zookeeper/zookeeper/3.4.13/zookeeper-3.4.13.jar:/home/user/.m2/repository/org/apache/yetus/audience-annotations/0.5.0/audience-annotations-0.5.0.jar:/home/user/.m2/repository/org/codehaus/woodstox/stax2-api/3.1.4/stax2-api-3.1.4.jar:/home/user/.m2/repository/com/fasterxml/woodstox/woodstox-core/5.0.3/woodstox-core-5.0.3.jar:/home/user/.m2/repository/dnsjava/dnsjava/2.1.7/dnsjava-2.1.7.jar:/home/user/.m2/repository/org/apache/hadoop/hadoop-hdfs/3.2.0/hadoop-hdfs-3.2.0-tests.jar:/home/user/.m2/repository/org/eclipse/jetty/jetty-util-ajax/9.3.24.v20180605/jetty-util-ajax-9.3.24.v20180605.jar:/home/user/.m2/repository/commons-daemon/commons-daemon/1.0.13/commons-daemon-1.0.13.jar:/home/user/.m2/repository/io/netty/netty/3.10.5.Final/netty-3.10.5.Final.jar:/home/user/.m2/repository/io/netty/netty-all/4.0.52.Final/netty-all-4.0.52.Final.jar:/home/user/.m2/repository/org/fusesource/leveldbjni/leveldbjni-all/1.8/leveldbjni-all-1.8.jar:"/>
    <property name="sun.cpu.endian" value="little"/>
    <property name="user.home" value="/home/user"/>
    <property name="user.language" value="en"/>
    <property name="java.specification.vendor" value="Oracle Corporation"/>
    <property name="java.home" value="/usr/lib/jvm/java-1.8-openjdk/jre"/>
    <property name="java.security.krb5.conf" value="/workdir/hadoop-ozone/integration-test/target/test-classes/krb5.conf"/>
    <property name="basedir" value="/workdir/hadoop-ozone/integration-test"/>
    <property name="file.separator" value="/"/>
    <property name="line.separator" value="&#10;"/>
    <property name="java.vm.specification.vendor" value="Oracle Corporation"/>
    <property name="java.specification.name" value="Java Platform API Specification"/>
    <property name="java.awt.graphicsenv" value="sun.awt.X11GraphicsEnvironment"/>
    <property name="surefire.real.class.path" value="/workdir/hadoop-ozone/integration-test/target/surefire/surefirebooter5778161566792794282.jar"/>
    <property name="hadoop.log.dir" value="/workdir/hadoop-ozone/integration-test/target/log"/>
    <property name="sun.boot.class.path" value="/usr/lib/jvm/java-1.8-openjdk/jre/lib/resources.jar:/usr/lib/jvm/java-1.8-openjdk/jre/lib/rt.jar:/usr/lib/jvm/java-1.8-openjdk/jre/lib/sunrsasign.jar:/usr/lib/jvm/java-1.8-openjdk/jre/lib/jsse.jar:/usr/lib/jvm/java-1.8-openjdk/jre/lib/jce.jar:/usr/lib/jvm/java-1.8-openjdk/jre/lib/charsets.jar:/usr/lib/jvm/java-1.8-openjdk/jre/lib/jfr.jar:/usr/lib/jvm/java-1.8-openjdk/jre/classes"/>
    <property name="sun.management.compiler" value="HotSpot 64-Bit Tiered Compilers"/>
    <property name="java.runtime.version" value="1.8.0_212-b04"/>
    <property name="java.net.preferIPv4Stack" value="true"/>
    <property name="user.name" value="jenkins1000"/>
    <property name="path.separator" value=":"/>
    <property name="java.security.egd" value="file:///dev/urandom"/>
    <property name="os.version" value="3.10.0-957.12.2.el7.x86_64"/>
    <property name="java.endorsed.dirs" value="/usr/lib/jvm/java-1.8-openjdk/jre/lib/endorsed"/>
    <property name="java.runtime.name" value="OpenJDK Runtime Environment"/>
    <property name="file.encoding" value="UTF-8"/>
    <property name="java.vm.name" value="OpenJDK 64-Bit Server VM"/>
    <property name="test.build.webapps" value=""/>
    <property name="localRepository" value="/home/user/.m2/repository"/>
    <property name="java.vendor.url.bug" value="https://icedtea.classpath.org/bugzilla"/>
    <property name="java.io.tmpdir" value="/tmp"/>
    <property name="require.test.libhadoop" value=""/>
    <property name="java.version" value="1.8.0_212"/>
    <property name="user.dir" value="/workdir/hadoop-ozone/integration-test"/>
    <property name="os.arch" value="amd64"/>
    <property name="java.vm.specification.name" value="Java Virtual Machine Specification"/>
    <property name="test.build.classes" value="/workdir/hadoop-ozone/integration-test/target/test-classes"/>
    <property name="java.awt.printerjob" value="sun.print.PSPrinterJob"/>
    <property name="sun.os.patch.level" value="unknown"/>
    <property name="hadoop.tmp.dir" value="/workdir/hadoop-ozone/integration-test/target/tmp"/>
    <property name="java.library.path" value="/usr/lib/jvm/java-1.8-openjdk/jre/lib/amd64/server:/usr/lib/jvm/java-1.8-openjdk/jre/lib/amd64:/usr/lib/jvm/java-1.8-openjdk/jre/../lib/amd64:/workdir/hadoop-ozone/integration-test/target/native/target/usr/local/lib:/workdir/hadoop-ozone/integration-test/../../hadoop-common-project/hadoop-common/target/native/target/usr/local/lib:/usr/java/packages/lib/amd64:/usr/lib64:/lib64:/lib:/usr/lib"/>
    <property name="java.vm.info" value="mixed mode"/>
    <property name="java.vendor" value="IcedTea"/>
    <property name="java.vm.version" value="25.212-b04"/>
    <property name="java.ext.dirs" value="/usr/lib/jvm/java-1.8-openjdk/jre/lib/ext:/usr/java/packages/lib/ext"/>
    <property name="sun.io.unicode.encoding" value="UnicodeLittle"/>
    <property name="java.class.version" value="52.0"/>
  </properties>
  <testcase name="testPipelineExclusionWithPipelineFailure" classname="org.apache.hadoop.ozone.client.rpc.TestFailureHandlingByClient" time="47.61">
    <error message="Allocated 0 blocks. Requested 1 blocks" type="INTERNAL_ERROR org.apache.hadoop.ozone.om.exceptions.OMException">INTERNAL_ERROR org.apache.hadoop.ozone.om.exceptions.OMException: Allocated 0 blocks. Requested 1 blocks
	at org.apache.hadoop.ozone.om.protocolPB.OzoneManagerProtocolClientSideTranslatorPB.handleError(OzoneManagerProtocolClientSideTranslatorPB.java:725)
	at org.apache.hadoop.ozone.om.protocolPB.OzoneManagerProtocolClientSideTranslatorPB.openKey(OzoneManagerProtocolClientSideTranslatorPB.java:716)
	at org.apache.hadoop.ozone.client.rpc.RpcClient.createKey(RpcClient.java:615)
	at org.apache.hadoop.ozone.client.OzoneBucket.createKey(OzoneBucket.java:323)
	at org.apache.hadoop.ozone.container.ContainerTestHelper.createKey(ContainerTestHelper.java:690)
	at org.apache.hadoop.ozone.client.rpc.TestFailureHandlingByClient.createKey(TestFailureHandlingByClient.java:408)
	at org.apache.hadoop.ozone.client.rpc.TestFailureHandlingByClient.testPipelineExclusionWithPipelineFailure(TestFailureHandlingByClient.java:348)
	at sun.reflect.NativeMethodAccessorImpl.invoke0(Native Method)
	at sun.reflect.NativeMethodAccessorImpl.invoke(NativeMethodAccessorImpl.java:62)
	at sun.reflect.DelegatingMethodAccessorImpl.invoke(DelegatingMethodAccessorImpl.java:43)
	at java.lang.reflect.Method.invoke(Method.java:498)
	at org.junit.runners.model.FrameworkMethod$1.runReflectiveCall(FrameworkMethod.java:47)
	at org.junit.internal.runners.model.ReflectiveCallable.run(ReflectiveCallable.java:12)
	at org.junit.runners.model.FrameworkMethod.invokeExplosively(FrameworkMethod.java:44)
	at org.junit.internal.runners.statements.InvokeMethod.evaluate(InvokeMethod.java:17)
	at org.junit.internal.runners.statements.RunAfters.evaluate(RunAfters.java:27)
	at org.junit.runners.ParentRunner.runLeaf(ParentRunner.java:271)
	at org.junit.runners.BlockJUnit4ClassRunner.runChild(BlockJUnit4ClassRunner.java:70)
	at org.junit.runners.BlockJUnit4ClassRunner.runChild(BlockJUnit4ClassRunner.java:50)
	at org.junit.runners.ParentRunner$3.run(ParentRunner.java:238)
	at org.junit.runners.ParentRunner$1.schedule(ParentRunner.java:63)
	at org.junit.runners.ParentRunner.runChildren(ParentRunner.java:236)
	at org.junit.runners.ParentRunner.access$000(ParentRunner.java:53)
	at org.junit.runners.ParentRunner$2.evaluate(ParentRunner.java:229)
	at org.junit.runners.ParentRunner.run(ParentRunner.java:309)
	at org.apache.maven.surefire.junit4.JUnit4Provider.execute(JUnit4Provider.java:365)
	at org.apache.maven.surefire.junit4.JUnit4Provider.executeWithRerun(JUnit4Provider.java:273)
	at org.apache.maven.surefire.junit4.JUnit4Provider.executeTestSet(JUnit4Provider.java:238)
	at org.apache.maven.surefire.junit4.JUnit4Provider.invoke(JUnit4Provider.java:159)
	at org.apache.maven.surefire.booter.ForkedBooter.invokeProviderInSameClassLoader(ForkedBooter.java:384)
	at org.apache.maven.surefire.booter.ForkedBooter.runSuitesInProcess(ForkedBooter.java:345)
	at org.apache.maven.surefire.booter.ForkedBooter.execute(ForkedBooter.java:126)
	at org.apache.maven.surefire.booter.ForkedBooter.main(ForkedBooter.java:418)
</error>
    <system-out><![CDATA[2019-08-20 19:41:26,194 [main] WARN  server.ServerUtils (ServerUtils.java:getScmDbDir(145)) - ozone.scm.db.dirs is not configured. We recommend adding this setting. Falling back to ozone.metadata.dirs instead.
2019-08-20 19:41:26,318 [main] WARN  server.ServerUtils (ServerUtils.java:getScmDbDir(145)) - ozone.scm.db.dirs is not configured. We recommend adding this setting. Falling back to ozone.metadata.dirs instead.
2019-08-20 19:41:26,322 [main] WARN  server.ServerUtils (ServerUtils.java:getScmDbDir(145)) - ozone.scm.db.dirs is not configured. We recommend adding this setting. Falling back to ozone.metadata.dirs instead.
2019-08-20 19:41:26,339 [main] INFO  util.log (Log.java:initialized(192)) - Logging initialized @884ms
2019-08-20 19:41:26,427 [main] INFO  db.DBStoreBuilder (DBStoreBuilder.java:addTable(110)) - using custom profile for table: deletedBlocks
2019-08-20 19:41:26,427 [main] INFO  db.DBStoreBuilder (DBStoreBuilder.java:processTables(161)) - Using default column profile:DBProfile.DISK for Table:deletedBlocks
2019-08-20 19:41:26,427 [main] INFO  db.DBStoreBuilder (DBStoreBuilder.java:addTable(110)) - using custom profile for table: validCerts
2019-08-20 19:41:26,428 [main] INFO  db.DBStoreBuilder (DBStoreBuilder.java:processTables(161)) - Using default column profile:DBProfile.DISK for Table:validCerts
2019-08-20 19:41:26,428 [main] INFO  db.DBStoreBuilder (DBStoreBuilder.java:addTable(110)) - using custom profile for table: revokedCerts
2019-08-20 19:41:26,428 [main] INFO  db.DBStoreBuilder (DBStoreBuilder.java:processTables(161)) - Using default column profile:DBProfile.DISK for Table:revokedCerts
2019-08-20 19:41:26,439 [main] INFO  db.DBStoreBuilder (DBStoreBuilder.java:addTable(110)) - using custom profile for table: default
2019-08-20 19:41:26,439 [main] INFO  db.DBStoreBuilder (DBStoreBuilder.java:processTables(167)) - Using default column profile:DBProfile.DISK for Table:default
2019-08-20 19:41:26,440 [main] INFO  db.DBStoreBuilder (DBStoreBuilder.java:getDbProfile(198)) - Using default options. DBProfile.DISK
2019-08-20 19:41:26,622 [main] INFO  net.NodeSchemaLoader (NodeSchemaLoader.java:loadSchemaFromFile(125)) - Loading file from sun.misc.CompoundEnumeration@795cd85e
2019-08-20 19:41:26,623 [main] INFO  net.NodeSchemaLoader (NodeSchemaLoader.java:loadSchema(171)) - Loading network topology layer schema file
2019-08-20 19:41:26,699 [main] INFO  node.SCMNodeManager (SCMNodeManager.java:<init>(121)) - Entering startup safe mode.
2019-08-20 19:41:26,769 [main] INFO  Configuration.deprecation (Configuration.java:logDeprecation(1394)) - hadoop.configured.node.mapping is deprecated. Instead, use net.topology.configured.node.mapping
2019-08-20 19:41:26,772 [main] INFO  algorithms.ContainerPlacementPolicyFactory (ContainerPlacementPolicyFactory.java:getPolicy(55)) - Create container placement policy of type org.apache.hadoop.hdds.scm.container.placement.algorithms.SCMContainerPlacementRandom
2019-08-20 19:41:26,787 [main] WARN  server.ServerUtils (ServerUtils.java:getScmDbDir(145)) - ozone.scm.db.dirs is not configured. We recommend adding this setting. Falling back to ozone.metadata.dirs instead.
2019-08-20 19:41:26,868 [main] INFO  pipeline.SCMPipelineManager (SCMPipelineManager.java:initializePipelineState(126)) - No pipeline exists in current db
2019-08-20 19:41:26,870 [main] WARN  server.ServerUtils (ServerUtils.java:getScmDbDir(145)) - ozone.scm.db.dirs is not configured. We recommend adding this setting. Falling back to ozone.metadata.dirs instead.
2019-08-20 19:41:26,966 [main] WARN  events.EventQueue (EventQueue.java:fireEvent(175)) - No event handler registered for event TypedEvent{payloadType=SafeModeStatus, name='SafeModeStatus'}
2019-08-20 19:41:27,469 [main] INFO  ipc.CallQueueManager (CallQueueManager.java:<init>(84)) - Using callQueue: class java.util.concurrent.LinkedBlockingQueue, queueCapacity: 2000, scheduler: class org.apache.hadoop.ipc.DefaultRpcScheduler, ipcBackoff: false.
2019-08-20 19:41:27,727 [Socket Reader #1 for port 34749] INFO  ipc.Server (Server.java:run(1074)) - Starting Socket Reader #1 for port 34749
2019-08-20 19:41:27,753 [main] INFO  ipc.CallQueueManager (CallQueueManager.java:<init>(84)) - Using callQueue: class java.util.concurrent.LinkedBlockingQueue, queueCapacity: 2000, scheduler: class org.apache.hadoop.ipc.DefaultRpcScheduler, ipcBackoff: false.
2019-08-20 19:41:27,754 [Socket Reader #1 for port 36482] INFO  ipc.Server (Server.java:run(1074)) - Starting Socket Reader #1 for port 36482
2019-08-20 19:41:27,760 [main] INFO  ipc.CallQueueManager (CallQueueManager.java:<init>(84)) - Using callQueue: class java.util.concurrent.LinkedBlockingQueue, queueCapacity: 2000, scheduler: class org.apache.hadoop.ipc.DefaultRpcScheduler, ipcBackoff: false.
2019-08-20 19:41:27,761 [Socket Reader #1 for port 46790] INFO  ipc.Server (Server.java:run(1074)) - Starting Socket Reader #1 for port 46790
2019-08-20 19:41:27,779 [main] INFO  hdfs.DFSUtil (DFSUtil.java:httpServerTemplateForNNAndJN(1641)) - Starting Web-server for scm at: http://0.0.0.0:0
2019-08-20 19:41:27,926 [main] INFO  server.AuthenticationFilter (AuthenticationFilter.java:constructSecretProvider(240)) - Unable to initialize FileSignerSecretProvider, falling back to use random secrets.
2019-08-20 19:41:27,935 [main] WARN  http.HttpRequestLog (HttpRequestLog.java:getRequestLog(97)) - Jetty request log can only be enabled using Log4j
2019-08-20 19:41:27,944 [main] INFO  http.HttpServer2 (HttpServer2.java:addGlobalFilter(975)) - Added global filter 'safety' (class=org.apache.hadoop.http.HttpServer2$QuotingInputFilter)
2019-08-20 19:41:27,947 [main] INFO  http.HttpServer2 (HttpServer2.java:addFilter(948)) - Added filter static_user_filter (class=org.apache.hadoop.http.lib.StaticUserWebFilter$StaticUserFilter) to context scm
2019-08-20 19:41:27,947 [main] INFO  http.HttpServer2 (HttpServer2.java:addFilter(958)) - Added filter static_user_filter (class=org.apache.hadoop.http.lib.StaticUserWebFilter$StaticUserFilter) to context static
2019-08-20 19:41:27,947 [main] INFO  http.HttpServer2 (HttpServer2.java:addFilter(958)) - Added filter static_user_filter (class=org.apache.hadoop.http.lib.StaticUserWebFilter$StaticUserFilter) to context logs
2019-08-20 19:41:27,977 [main] INFO  server.StorageContainerManager (StorageContainerManager.java:start(759)) - StorageContainerLocationProtocol RPC server is listening at /0.0.0.0:46790
2019-08-20 19:41:28,036 [main] WARN  impl.MetricsConfig (MetricsConfig.java:loadFirst(134)) - Cannot locate configuration: tried hadoop-metrics2-storagecontainermanager.properties,hadoop-metrics2.properties
2019-08-20 19:41:28,048 [main] INFO  impl.MetricsSystemImpl (MetricsSystemImpl.java:startTimer(374)) - Scheduled Metric snapshot period at 10 second(s).
2019-08-20 19:41:28,048 [main] INFO  impl.MetricsSystemImpl (MetricsSystemImpl.java:start(191)) - StorageContainerManager metrics system started
2019-08-20 19:41:28,278 [main] INFO  server.SCMClientProtocolServer (SCMClientProtocolServer.java:start(151)) - RPC server for Client  is listening at /0.0.0.0:46790
2019-08-20 19:41:28,279 [IPC Server Responder] INFO  ipc.Server (Server.java:run(1314)) - IPC Server Responder: starting
2019-08-20 19:41:28,279 [IPC Server listener on 46790] INFO  ipc.Server (Server.java:run(1153)) - IPC Server listener on 46790: starting
2019-08-20 19:41:28,281 [main] INFO  server.StorageContainerManager (StorageContainerManager.java:start(769)) - ScmBlockLocationProtocol RPC server is listening at /0.0.0.0:36482
2019-08-20 19:41:28,282 [main] INFO  server.SCMBlockProtocolServer (SCMBlockProtocolServer.java:start(140)) - RPC server for Block Protocol is listening at /0.0.0.0:36482
2019-08-20 19:41:28,282 [IPC Server Responder] INFO  ipc.Server (Server.java:run(1314)) - IPC Server Responder: starting
2019-08-20 19:41:28,282 [IPC Server listener on 36482] INFO  ipc.Server (Server.java:run(1153)) - IPC Server listener on 36482: starting
2019-08-20 19:41:28,284 [main] INFO  server.StorageContainerManager (StorageContainerManager.java:start(773)) - ScmDatanodeProtocl RPC server is listening at /0.0.0.0:34749
2019-08-20 19:41:28,284 [main] INFO  server.SCMDatanodeProtocolServer (SCMDatanodeProtocolServer.java:start(191)) - RPC server for DataNodes is listening at /0.0.0.0:34749
2019-08-20 19:41:28,285 [IPC Server Responder] INFO  ipc.Server (Server.java:run(1314)) - IPC Server Responder: starting
2019-08-20 19:41:28,285 [IPC Server listener on 34749] INFO  ipc.Server (Server.java:run(1153)) - IPC Server listener on 34749: starting
2019-08-20 19:41:28,288 [main] INFO  http.HttpServer2 (HttpServer2.java:bindListener(1191)) - Jetty bound to port 43078
2019-08-20 19:41:28,291 [main] INFO  server.Server (Server.java:doStart(351)) - jetty-9.3.24.v20180605, build timestamp: 2018-06-05T17:11:56Z, git hash: 84205aa28f11a4f31f2a3b86d1bba2cc8ab69827
2019-08-20 19:41:28,330 [main] INFO  handler.ContextHandler (ContextHandler.java:doStart(781)) - Started o.e.j.s.ServletContextHandler@424fd310{/logs,file:///workdir/hadoop-ozone/integration-test/target/log,AVAILABLE}
2019-08-20 19:41:28,331 [main] INFO  handler.ContextHandler (ContextHandler.java:doStart(781)) - Started o.e.j.s.ServletContextHandler@38f116f6{/static,file:///workdir/hadoop-ozone/integration-test/target/test-classes/webapps/static,AVAILABLE}
2019-08-20 19:41:28,366 [main] INFO  handler.ContextHandler (ContextHandler.java:doStart(781)) - Started o.e.j.w.WebAppContext@5489c777{/,file:///workdir/hadoop-ozone/integration-test/target/test-classes/webapps/scm/,AVAILABLE}{/scm}
2019-08-20 19:41:28,374 [main] INFO  server.AbstractConnector (AbstractConnector.java:doStart(278)) - Started ServerConnector@2970a5bc{HTTP/1.1,[http/1.1]}{0.0.0.0:43078}
2019-08-20 19:41:28,374 [main] INFO  server.Server (Server.java:doStart(419)) - Started @2920ms
2019-08-20 19:41:28,375 [main] INFO  server.BaseHttpServer (BaseHttpServer.java:updateConnectorAddress(213)) - HTTP server of SCM is listening at http://0.0.0.0:43078
2019-08-20 19:41:28,381 [org.apache.hadoop.util.JvmPauseMonitor$Monitor@7c18432b] INFO  util.JvmPauseMonitor (JvmPauseMonitor.java:run(188)) - Starting JVM pause monitor
2019-08-20 19:41:28,384 [main] WARN  server.ServerUtils (ServerUtils.java:getDBPath(222)) - ozone.om.db.dirs is not configured. We recommend adding this setting. Falling back to ozone.metadata.dirs instead.
2019-08-20 19:41:28,498 [main] WARN  server.ServerUtils (ServerUtils.java:getDBPath(222)) - ozone.om.db.dirs is not configured. We recommend adding this setting. Falling back to ozone.metadata.dirs instead.
2019-08-20 19:41:28,499 [main] WARN  server.ServerUtils (ServerUtils.java:getDBPath(222)) - ozone.om.db.dirs is not configured. We recommend adding this setting. Falling back to ozone.metadata.dirs instead.
2019-08-20 19:41:28,500 [main] INFO  om.OzoneManager (OzoneManager.java:setOMNodeDetails(648)) - OM Service ID is not set. Setting it to the default ID: omServiceIdDefault
2019-08-20 19:41:28,500 [main] INFO  om.OzoneManager (OzoneManager.java:setOMNodeDetails(654)) - OM Node ID is not set. Setting it to the OmStorage's OmID: 5f9a309f-ead1-42ef-8dc2-2395160dc6f2
2019-08-20 19:41:28,501 [main] INFO  om.OzoneManager (OzoneManager.java:loadOMHAConfigs(605)) - Found matching OM address with OMServiceId: null, OMNodeId: null, RPC Address: localhost:0 and Ratis port: 9872
2019-08-20 19:41:28,768 | INFO  | SCMAudit | user=jenkins1000 | ip=192.168.157.205 | op=GET_SCM_INFO null | ret=SUCCESS |  
2019-08-20 19:41:29,241 [main] WARN  server.ServerUtils (ServerUtils.java:getDBPath(222)) - ozone.om.db.dirs is not configured. We recommend adding this setting. Falling back to ozone.metadata.dirs instead.
2019-08-20 19:41:29,249 [main] INFO  db.DBStoreBuilder (DBStoreBuilder.java:addTable(110)) - using custom profile for table: userTable
2019-08-20 19:41:29,249 [main] INFO  db.DBStoreBuilder (DBStoreBuilder.java:processTables(161)) - Using default column profile:DBProfile.DISK for Table:userTable
2019-08-20 19:41:29,249 [main] INFO  db.DBStoreBuilder (DBStoreBuilder.java:addTable(110)) - using custom profile for table: volumeTable
2019-08-20 19:41:29,250 [main] INFO  db.DBStoreBuilder (DBStoreBuilder.java:processTables(161)) - Using default column profile:DBProfile.DISK for Table:volumeTable
2019-08-20 19:41:29,250 [main] INFO  db.DBStoreBuilder (DBStoreBuilder.java:addTable(110)) - using custom profile for table: bucketTable
2019-08-20 19:41:29,250 [main] INFO  db.DBStoreBuilder (DBStoreBuilder.java:processTables(161)) - Using default column profile:DBProfile.DISK for Table:bucketTable
2019-08-20 19:41:29,251 [main] INFO  db.DBStoreBuilder (DBStoreBuilder.java:addTable(110)) - using custom profile for table: keyTable
2019-08-20 19:41:29,251 [main] INFO  db.DBStoreBuilder (DBStoreBuilder.java:processTables(161)) - Using default column profile:DBProfile.DISK for Table:keyTable
2019-08-20 19:41:29,251 [main] INFO  db.DBStoreBuilder (DBStoreBuilder.java:addTable(110)) - using custom profile for table: deletedTable
2019-08-20 19:41:29,251 [main] INFO  db.DBStoreBuilder (DBStoreBuilder.java:processTables(161)) - Using default column profile:DBProfile.DISK for Table:deletedTable
2019-08-20 19:41:29,252 [main] INFO  db.DBStoreBuilder (DBStoreBuilder.java:addTable(110)) - using custom profile for table: openKeyTable
2019-08-20 19:41:29,252 [main] INFO  db.DBStoreBuilder (DBStoreBuilder.java:processTables(161)) - Using default column profile:DBProfile.DISK for Table:openKeyTable
2019-08-20 19:41:29,252 [main] INFO  db.DBStoreBuilder (DBStoreBuilder.java:addTable(110)) - using custom profile for table: s3Table
2019-08-20 19:41:29,253 [main] INFO  db.DBStoreBuilder (DBStoreBuilder.java:processTables(161)) - Using default column profile:DBProfile.DISK for Table:s3Table
2019-08-20 19:41:29,253 [main] INFO  db.DBStoreBuilder (DBStoreBuilder.java:addTable(110)) - using custom profile for table: multipartInfoTable
2019-08-20 19:41:29,253 [main] INFO  db.DBStoreBuilder (DBStoreBuilder.java:processTables(161)) - Using default column profile:DBProfile.DISK for Table:multipartInfoTable
2019-08-20 19:41:29,253 [main] INFO  db.DBStoreBuilder (DBStoreBuilder.java:addTable(110)) - using custom profile for table: dTokenTable
2019-08-20 19:41:29,254 [main] INFO  db.DBStoreBuilder (DBStoreBuilder.java:processTables(161)) - Using default column profile:DBProfile.DISK for Table:dTokenTable
2019-08-20 19:41:29,254 [main] INFO  db.DBStoreBuilder (DBStoreBuilder.java:addTable(110)) - using custom profile for table: s3SecretTable
2019-08-20 19:41:29,254 [main] INFO  db.DBStoreBuilder (DBStoreBuilder.java:processTables(161)) - Using default column profile:DBProfile.DISK for Table:s3SecretTable
2019-08-20 19:41:29,255 [main] INFO  db.DBStoreBuilder (DBStoreBuilder.java:addTable(110)) - using custom profile for table: prefixTable
2019-08-20 19:41:29,255 [main] INFO  db.DBStoreBuilder (DBStoreBuilder.java:processTables(161)) - Using default column profile:DBProfile.DISK for Table:prefixTable
2019-08-20 19:41:29,255 [main] INFO  db.DBStoreBuilder (DBStoreBuilder.java:addTable(110)) - using custom profile for table: default
2019-08-20 19:41:29,255 [main] INFO  db.DBStoreBuilder (DBStoreBuilder.java:processTables(167)) - Using default column profile:DBProfile.DISK for Table:default
2019-08-20 19:41:29,255 [main] INFO  db.DBStoreBuilder (DBStoreBuilder.java:getDbProfile(198)) - Using default options. DBProfile.DISK
2019-08-20 19:41:29,879 [main] INFO  ipc.CallQueueManager (CallQueueManager.java:<init>(84)) - Using callQueue: class java.util.concurrent.LinkedBlockingQueue, queueCapacity: 2000, scheduler: class org.apache.hadoop.ipc.DefaultRpcScheduler, ipcBackoff: false.
2019-08-20 19:41:29,880 [Socket Reader #1 for port 39630] INFO  ipc.Server (Server.java:run(1074)) - Starting Socket Reader #1 for port 39630
2019-08-20 19:41:29,903 [main] INFO  om.OzoneManager (OzoneManager.java:start(1259)) - OzoneManager RPC server is listening at localhost/127.0.0.1:39630
2019-08-20 19:41:29,903 [main] INFO  impl.MetricsSystemImpl (MetricsSystemImpl.java:init(158)) - OzoneManager metrics system started (again)
2019-08-20 19:41:29,905 [IPC Server listener on 39630] INFO  ipc.Server (Server.java:run(1153)) - IPC Server listener on 39630: starting
2019-08-20 19:41:29,905 [IPC Server Responder] INFO  ipc.Server (Server.java:run(1314)) - IPC Server Responder: starting
2019-08-20 19:41:29,911 [main] INFO  hdfs.DFSUtil (DFSUtil.java:httpServerTemplateForNNAndJN(1641)) - Starting Web-server for ozoneManager at: http://0.0.0.0:0
2019-08-20 19:41:29,913 [main] INFO  server.AuthenticationFilter (AuthenticationFilter.java:constructSecretProvider(240)) - Unable to initialize FileSignerSecretProvider, falling back to use random secrets.
2019-08-20 19:41:29,914 [main] WARN  http.HttpRequestLog (HttpRequestLog.java:getRequestLog(97)) - Jetty request log can only be enabled using Log4j
2019-08-20 19:41:29,917 [main] INFO  http.HttpServer2 (HttpServer2.java:addGlobalFilter(975)) - Added global filter 'safety' (class=org.apache.hadoop.http.HttpServer2$QuotingInputFilter)
2019-08-20 19:41:30,161 [main] INFO  http.HttpServer2 (HttpServer2.java:addFilter(948)) - Added filter static_user_filter (class=org.apache.hadoop.http.lib.StaticUserWebFilter$StaticUserFilter) to context ozoneManager
2019-08-20 19:41:30,161 [main] INFO  http.HttpServer2 (HttpServer2.java:addFilter(958)) - Added filter static_user_filter (class=org.apache.hadoop.http.lib.StaticUserWebFilter$StaticUserFilter) to context logs
2019-08-20 19:41:30,162 [main] INFO  http.HttpServer2 (HttpServer2.java:addFilter(958)) - Added filter static_user_filter (class=org.apache.hadoop.http.lib.StaticUserWebFilter$StaticUserFilter) to context static
2019-08-20 19:41:30,166 [main] INFO  http.HttpServer2 (HttpServer2.java:bindListener(1191)) - Jetty bound to port 38280
2019-08-20 19:41:30,167 [main] INFO  server.Server (Server.java:doStart(351)) - jetty-9.3.24.v20180605, build timestamp: 2018-06-05T17:11:56Z, git hash: 84205aa28f11a4f31f2a3b86d1bba2cc8ab69827
2019-08-20 19:41:30,174 [main] INFO  handler.ContextHandler (ContextHandler.java:doStart(781)) - Started o.e.j.s.ServletContextHandler@4e628b52{/logs,file:///workdir/hadoop-ozone/integration-test/target/log,AVAILABLE}
2019-08-20 19:41:30,175 [main] INFO  handler.ContextHandler (ContextHandler.java:doStart(781)) - Started o.e.j.s.ServletContextHandler@f8f56b9{/static,file:///workdir/hadoop-ozone/integration-test/target/test-classes/webapps/static,AVAILABLE}
2019-08-20 19:41:30,184 [main] INFO  handler.ContextHandler (ContextHandler.java:doStart(781)) - Started o.e.j.w.WebAppContext@250b236d{/,file:///workdir/hadoop-ozone/integration-test/target/test-classes/webapps/ozoneManager/,AVAILABLE}{/ozoneManager}
2019-08-20 19:41:30,185 [main] INFO  server.AbstractConnector (AbstractConnector.java:doStart(278)) - Started ServerConnector@61f3fbb8{HTTP/1.1,[http/1.1]}{0.0.0.0:38280}
2019-08-20 19:41:30,186 [main] INFO  server.Server (Server.java:doStart(419)) - Started @4731ms
2019-08-20 19:41:30,188 [main] INFO  server.BaseHttpServer (BaseHttpServer.java:updateConnectorAddress(213)) - HTTP server of OZONEMANAGER is listening at http://0.0.0.0:38280
2019-08-20 19:41:30,408 [main] INFO  impl.MetricsSystemImpl (MetricsSystemImpl.java:init(158)) - HddsDatanode metrics system started (again)
2019-08-20 19:41:30,499 [main] INFO  ozone.HddsDatanodeService (HddsDatanodeService.java:start(184)) - HddsDatanodeService host:pr-hdds-1927-n56ck-2550958449 ip:192.168.157.205
2019-08-20 19:41:30,533 [main] INFO  volume.HddsVolume (HddsVolume.java:<init>(176)) - Creating Volume: /workdir/hadoop-ozone/integration-test/target/test-dir/MiniOzoneClusterImpl-e13e4b4c-a51c-41ed-96f1-bc31a3706be2/datanode-0/data/containers/hdds of  storage type : DISK and capacity : 1482555576320
2019-08-20 19:41:30,534 [main] INFO  volume.VolumeSet (VolumeSet.java:initializeVolumeSet(170)) - Added Volume : /workdir/hadoop-ozone/integration-test/target/test-dir/MiniOzoneClusterImpl-e13e4b4c-a51c-41ed-96f1-bc31a3706be2/datanode-0/data/containers/hdds to VolumeSet
2019-08-20 19:41:30,538 [main] INFO  volume.ThrottledAsyncChecker (ThrottledAsyncChecker.java:schedule(140)) - Scheduling a check for org.apache.hadoop.ozone.container.common.volume.HddsVolume@60acd609
2019-08-20 19:41:30,555 [main] INFO  volume.HddsVolumeChecker (HddsVolumeChecker.java:checkAllVolumes(203)) - Scheduled health check for volume org.apache.hadoop.ozone.container.common.volume.HddsVolume@60acd609
2019-08-20 19:41:30,677 [main] INFO  impl.RaftServerProxy (ConfUtils.java:logGet(43)) - raft.rpc.type = GRPC (default)
2019-08-20 19:41:30,766 [main] INFO  grpc.GrpcFactory (GrpcFactory.java:checkPooledByteBufAllocatorUseCacheForAllThreads(45)) - PERFORMANCE WARNING: useCacheForAllThreads is true that may cause Netty to create a lot garbage objects and, as a result, trigger GC.
	It is recommended to disable useCacheForAllThreads by setting -Dorg.apache.ratis.thirdparty.io.netty.allocator.useCacheForAllThreads=false in command line.
2019-08-20 19:41:30,773 [main] INFO  grpc.GrpcConfigKeys$Server (ConfUtils.java:logGet(43)) - raft.grpc.server.port = 0 (default)
2019-08-20 19:41:30,775 [main] INFO  server.GrpcService (ConfUtils.java:logGet(43)) - raft.grpc.message.size.max = 33570816 (custom)
2019-08-20 19:41:30,777 [main] INFO  server.RaftServerConfigKeys (ConfUtils.java:logGet(43)) - raft.server.log.appender.buffer.byte-limit = 33554432 (custom)
2019-08-20 19:41:30,779 [main] INFO  server.GrpcService (ConfUtils.java:logGet(43)) - raft.grpc.flow.control.window = 1MB (=1048576) (default)
2019-08-20 19:41:30,780 [main] INFO  server.RaftServerConfigKeys (ConfUtils.java:logGet(43)) - raft.server.rpc.request.timeout = 3000ms (default)
2019-08-20 19:41:30,999 [main] INFO  server.RaftServerConfigKeys (ConfUtils.java:logGet(43)) - raft.server.storage.dir = [/workdir/hadoop-ozone/integration-test/target/test-dir/MiniOzoneClusterImpl-e13e4b4c-a51c-41ed-96f1-bc31a3706be2/datanode-0/data/ratis] (custom)
2019-08-20 19:41:31,038 [main] INFO  replication.SimpleContainerDownloader (SimpleContainerDownloader.java:<init>(72)) - Starting container downloader service to copy containers to replicate.
2019-08-20 19:41:31,053 [main] INFO  hdfs.DFSUtil (DFSUtil.java:httpServerTemplateForNNAndJN(1641)) - Starting Web-server for hddsDatanode at: http://0.0.0.0:0
2019-08-20 19:41:31,056 [main] INFO  server.AuthenticationFilter (AuthenticationFilter.java:constructSecretProvider(240)) - Unable to initialize FileSignerSecretProvider, falling back to use random secrets.
2019-08-20 19:41:31,057 [main] WARN  http.HttpRequestLog (HttpRequestLog.java:getRequestLog(97)) - Jetty request log can only be enabled using Log4j
2019-08-20 19:41:31,060 [main] INFO  http.HttpServer2 (HttpServer2.java:addGlobalFilter(975)) - Added global filter 'safety' (class=org.apache.hadoop.http.HttpServer2$QuotingInputFilter)
2019-08-20 19:41:31,060 [main] INFO  http.HttpServer2 (HttpServer2.java:addFilter(948)) - Added filter static_user_filter (class=org.apache.hadoop.http.lib.StaticUserWebFilter$StaticUserFilter) to context hddsDatanode
2019-08-20 19:41:31,061 [main] INFO  http.HttpServer2 (HttpServer2.java:addFilter(958)) - Added filter static_user_filter (class=org.apache.hadoop.http.lib.StaticUserWebFilter$StaticUserFilter) to context static
2019-08-20 19:41:31,061 [main] INFO  http.HttpServer2 (HttpServer2.java:addFilter(958)) - Added filter static_user_filter (class=org.apache.hadoop.http.lib.StaticUserWebFilter$StaticUserFilter) to context logs
2019-08-20 19:41:31,062 [main] INFO  http.HttpServer2 (HttpServer2.java:bindListener(1191)) - Jetty bound to port 35588
2019-08-20 19:41:31,063 [main] INFO  server.Server (Server.java:doStart(351)) - jetty-9.3.24.v20180605, build timestamp: 2018-06-05T17:11:56Z, git hash: 84205aa28f11a4f31f2a3b86d1bba2cc8ab69827
2019-08-20 19:41:31,065 [main] INFO  handler.ContextHandler (ContextHandler.java:doStart(781)) - Started o.e.j.s.ServletContextHandler@6a1d3225{/logs,file:///workdir/hadoop-ozone/integration-test/target/log,AVAILABLE}
2019-08-20 19:41:31,066 [main] INFO  handler.ContextHandler (ContextHandler.java:doStart(781)) - Started o.e.j.s.ServletContextHandler@50fb33a{/static,jar:file:/home/user/.m2/repository/org/apache/hadoop/hadoop-hdds-container-service/0.5.0-SNAPSHOT/hadoop-hdds-container-service-0.5.0-SNAPSHOT.jar!/webapps/static,AVAILABLE}
2019-08-20 19:41:31,098 [main] INFO  handler.ContextHandler (ContextHandler.java:doStart(781)) - Started o.e.j.w.WebAppContext@4c58255{/,file:///tmp/jetty-0.0.0.0-35588-hddsDatanode-_-any-3845277011884498130.dir/webapp/,AVAILABLE}{/hddsDatanode}
2019-08-20 19:41:31,099 [main] INFO  server.AbstractConnector (AbstractConnector.java:doStart(278)) - Started ServerConnector@eac3a26{HTTP/1.1,[http/1.1]}{0.0.0.0:35588}
2019-08-20 19:41:31,100 [main] INFO  server.Server (Server.java:doStart(419)) - Started @5645ms
2019-08-20 19:41:31,102 [main] INFO  server.BaseHttpServer (BaseHttpServer.java:updateConnectorAddress(213)) - HTTP server of HDDSDATANODE is listening at http://0.0.0.0:35588
2019-08-20 19:41:32,088 | INFO  | ObjectStoreRestHttpServer | Listening HDDS REST traffic on /0.0.0.0:44218 |  
2019-08-20 19:41:32,089 [main] INFO  ozone.HddsDatanodeService (HddsDatanodeService.java:startPlugins(395)) - Started plug-in org.apache.hadoop.ozone.web.OzoneHddsDatanodeService@377949f1
2019-08-20 19:41:32,090 [main] INFO  impl.MetricsSystemImpl (MetricsSystemImpl.java:init(158)) - HddsDatanode metrics system started (again)
2019-08-20 19:41:32,093 [main] INFO  ozone.HddsDatanodeService (HddsDatanodeService.java:start(184)) - HddsDatanodeService host:pr-hdds-1927-n56ck-2550958449 ip:192.168.157.205
2019-08-20 19:41:32,098 [org.apache.hadoop.util.JvmPauseMonitor$Monitor@62c17b7d] INFO  util.JvmPauseMonitor (JvmPauseMonitor.java:run(188)) - Starting JVM pause monitor
2019-08-20 19:41:32,102 [main] INFO  volume.HddsVolume (HddsVolume.java:<init>(176)) - Creating Volume: /workdir/hadoop-ozone/integration-test/target/test-dir/MiniOzoneClusterImpl-e13e4b4c-a51c-41ed-96f1-bc31a3706be2/datanode-1/data/containers/hdds of  storage type : DISK and capacity : 1482555576320
2019-08-20 19:41:32,103 [main] INFO  volume.VolumeSet (VolumeSet.java:initializeVolumeSet(170)) - Added Volume : /workdir/hadoop-ozone/integration-test/target/test-dir/MiniOzoneClusterImpl-e13e4b4c-a51c-41ed-96f1-bc31a3706be2/datanode-1/data/containers/hdds to VolumeSet
2019-08-20 19:41:32,103 [main] INFO  volume.ThrottledAsyncChecker (ThrottledAsyncChecker.java:schedule(140)) - Scheduling a check for org.apache.hadoop.ozone.container.common.volume.HddsVolume@1ef31f71
2019-08-20 19:41:32,104 [main] INFO  volume.HddsVolumeChecker (HddsVolumeChecker.java:checkAllVolumes(203)) - Scheduled health check for volume org.apache.hadoop.ozone.container.common.volume.HddsVolume@1ef31f71
2019-08-20 19:41:32,119 [main] INFO  impl.RaftServerProxy (ConfUtils.java:logGet(43)) - raft.rpc.type = GRPC (default)
2019-08-20 19:41:32,119 [main] INFO  grpc.GrpcFactory (GrpcFactory.java:checkPooledByteBufAllocatorUseCacheForAllThreads(45)) - PERFORMANCE WARNING: useCacheForAllThreads is true that may cause Netty to create a lot garbage objects and, as a result, trigger GC.
	It is recommended to disable useCacheForAllThreads by setting -Dorg.apache.ratis.thirdparty.io.netty.allocator.useCacheForAllThreads=false in command line.
2019-08-20 19:41:32,120 [main] INFO  grpc.GrpcConfigKeys$Server (ConfUtils.java:logGet(43)) - raft.grpc.server.port = 0 (default)
2019-08-20 19:41:32,120 [main] INFO  server.GrpcService (ConfUtils.java:logGet(43)) - raft.grpc.message.size.max = 33570816 (custom)
2019-08-20 19:41:32,120 [main] INFO  server.RaftServerConfigKeys (ConfUtils.java:logGet(43)) - raft.server.log.appender.buffer.byte-limit = 33554432 (custom)
2019-08-20 19:41:32,120 [main] INFO  server.GrpcService (ConfUtils.java:logGet(43)) - raft.grpc.flow.control.window = 1MB (=1048576) (default)
2019-08-20 19:41:32,121 [main] INFO  server.RaftServerConfigKeys (ConfUtils.java:logGet(43)) - raft.server.rpc.request.timeout = 3000ms (default)
2019-08-20 19:41:32,121 [main] INFO  server.RaftServerConfigKeys (ConfUtils.java:logGet(43)) - raft.server.storage.dir = [/workdir/hadoop-ozone/integration-test/target/test-dir/MiniOzoneClusterImpl-e13e4b4c-a51c-41ed-96f1-bc31a3706be2/datanode-1/data/ratis] (custom)
2019-08-20 19:41:32,122 [main] INFO  replication.SimpleContainerDownloader (SimpleContainerDownloader.java:<init>(72)) - Starting container downloader service to copy containers to replicate.
2019-08-20 19:41:32,123 [main] INFO  hdfs.DFSUtil (DFSUtil.java:httpServerTemplateForNNAndJN(1641)) - Starting Web-server for hddsDatanode at: http://0.0.0.0:0
2019-08-20 19:41:32,124 [main] INFO  server.AuthenticationFilter (AuthenticationFilter.java:constructSecretProvider(240)) - Unable to initialize FileSignerSecretProvider, falling back to use random secrets.
2019-08-20 19:41:32,125 [main] WARN  http.HttpRequestLog (HttpRequestLog.java:getRequestLog(97)) - Jetty request log can only be enabled using Log4j
2019-08-20 19:41:32,126 [main] INFO  http.HttpServer2 (HttpServer2.java:addGlobalFilter(975)) - Added global filter 'safety' (class=org.apache.hadoop.http.HttpServer2$QuotingInputFilter)
2019-08-20 19:41:32,126 [main] INFO  http.HttpServer2 (HttpServer2.java:addFilter(948)) - Added filter static_user_filter (class=org.apache.hadoop.http.lib.StaticUserWebFilter$StaticUserFilter) to context hddsDatanode
2019-08-20 19:41:32,127 [main] INFO  http.HttpServer2 (HttpServer2.java:addFilter(958)) - Added filter static_user_filter (class=org.apache.hadoop.http.lib.StaticUserWebFilter$StaticUserFilter) to context static
2019-08-20 19:41:32,127 [main] INFO  http.HttpServer2 (HttpServer2.java:addFilter(958)) - Added filter static_user_filter (class=org.apache.hadoop.http.lib.StaticUserWebFilter$StaticUserFilter) to context logs
2019-08-20 19:41:32,127 [main] INFO  http.HttpServer2 (HttpServer2.java:bindListener(1191)) - Jetty bound to port 38265
2019-08-20 19:41:32,128 [main] INFO  server.Server (Server.java:doStart(351)) - jetty-9.3.24.v20180605, build timestamp: 2018-06-05T17:11:56Z, git hash: 84205aa28f11a4f31f2a3b86d1bba2cc8ab69827
2019-08-20 19:41:32,132 [main] INFO  handler.ContextHandler (ContextHandler.java:doStart(781)) - Started o.e.j.s.ServletContextHandler@613f7eb7{/logs,file:///workdir/hadoop-ozone/integration-test/target/log,AVAILABLE}
2019-08-20 19:41:32,132 [main] INFO  handler.ContextHandler (ContextHandler.java:doStart(781)) - Started o.e.j.s.ServletContextHandler@587c5c1{/static,jar:file:/home/user/.m2/repository/org/apache/hadoop/hadoop-hdds-container-service/0.5.0-SNAPSHOT/hadoop-hdds-container-service-0.5.0-SNAPSHOT.jar!/webapps/static,AVAILABLE}
2019-08-20 19:41:32,157 [main] INFO  handler.ContextHandler (ContextHandler.java:doStart(781)) - Started o.e.j.w.WebAppContext@68af87ad{/,file:///tmp/jetty-0.0.0.0-38265-hddsDatanode-_-any-469586182070130838.dir/webapp/,AVAILABLE}{/hddsDatanode}
2019-08-20 19:41:32,157 [main] INFO  server.AbstractConnector (AbstractConnector.java:doStart(278)) - Started ServerConnector@43d65a81{HTTP/1.1,[http/1.1]}{0.0.0.0:38265}
2019-08-20 19:41:32,158 [main] INFO  server.Server (Server.java:doStart(419)) - Started @6704ms
2019-08-20 19:41:32,159 [main] INFO  server.BaseHttpServer (BaseHttpServer.java:updateConnectorAddress(213)) - HTTP server of HDDSDATANODE is listening at http://0.0.0.0:38265
2019-08-20 19:41:32,214 [Datanode State Machine Thread - 0] INFO  datanode.InitDatanodeState (InitDatanodeState.java:persistContainerDatanodeDetails(140)) - DatanodeDetails is persisted to /workdir/hadoop-ozone/integration-test/target/test-dir/MiniOzoneClusterImpl-e13e4b4c-a51c-41ed-96f1-bc31a3706be2/datanode-0/meta/datanode.id
2019-08-20 19:41:32,312 | INFO  | ObjectStoreRestHttpServer | Listening HDDS REST traffic on /0.0.0.0:43017 |  
2019-08-20 19:41:32,312 [main] INFO  ozone.HddsDatanodeService (HddsDatanodeService.java:startPlugins(395)) - Started plug-in org.apache.hadoop.ozone.web.OzoneHddsDatanodeService@3b435211
2019-08-20 19:41:32,313 [main] INFO  impl.MetricsSystemImpl (MetricsSystemImpl.java:init(158)) - HddsDatanode metrics system started (again)
2019-08-20 19:41:32,316 [main] INFO  ozone.HddsDatanodeService (HddsDatanodeService.java:start(184)) - HddsDatanodeService host:pr-hdds-1927-n56ck-2550958449 ip:192.168.157.205
2019-08-20 19:41:32,316 [org.apache.hadoop.util.JvmPauseMonitor$Monitor@3f5ff27f] INFO  util.JvmPauseMonitor (JvmPauseMonitor.java:run(188)) - Starting JVM pause monitor
2019-08-20 19:41:32,322 [Datanode State Machine Thread - 0] INFO  datanode.InitDatanodeState (InitDatanodeState.java:persistContainerDatanodeDetails(140)) - DatanodeDetails is persisted to /workdir/hadoop-ozone/integration-test/target/test-dir/MiniOzoneClusterImpl-e13e4b4c-a51c-41ed-96f1-bc31a3706be2/datanode-1/meta/datanode.id
2019-08-20 19:41:32,325 [main] INFO  volume.HddsVolume (HddsVolume.java:<init>(176)) - Creating Volume: /workdir/hadoop-ozone/integration-test/target/test-dir/MiniOzoneClusterImpl-e13e4b4c-a51c-41ed-96f1-bc31a3706be2/datanode-2/data/containers/hdds of  storage type : DISK and capacity : 1482555576320
2019-08-20 19:41:32,326 [main] INFO  volume.VolumeSet (VolumeSet.java:initializeVolumeSet(170)) - Added Volume : /workdir/hadoop-ozone/integration-test/target/test-dir/MiniOzoneClusterImpl-e13e4b4c-a51c-41ed-96f1-bc31a3706be2/datanode-2/data/containers/hdds to VolumeSet
2019-08-20 19:41:32,326 [main] INFO  volume.ThrottledAsyncChecker (ThrottledAsyncChecker.java:schedule(140)) - Scheduling a check for org.apache.hadoop.ozone.container.common.volume.HddsVolume@7d3691e1
2019-08-20 19:41:32,326 [main] INFO  volume.HddsVolumeChecker (HddsVolumeChecker.java:checkAllVolumes(203)) - Scheduled health check for volume org.apache.hadoop.ozone.container.common.volume.HddsVolume@7d3691e1
2019-08-20 19:41:32,343 [main] INFO  impl.RaftServerProxy (ConfUtils.java:logGet(43)) - raft.rpc.type = GRPC (default)
2019-08-20 19:41:32,343 [main] INFO  grpc.GrpcFactory (GrpcFactory.java:checkPooledByteBufAllocatorUseCacheForAllThreads(45)) - PERFORMANCE WARNING: useCacheForAllThreads is true that may cause Netty to create a lot garbage objects and, as a result, trigger GC.
	It is recommended to disable useCacheForAllThreads by setting -Dorg.apache.ratis.thirdparty.io.netty.allocator.useCacheForAllThreads=false in command line.
2019-08-20 19:41:32,343 [main] INFO  grpc.GrpcConfigKeys$Server (ConfUtils.java:logGet(43)) - raft.grpc.server.port = 0 (default)
2019-08-20 19:41:32,344 [main] INFO  server.GrpcService (ConfUtils.java:logGet(43)) - raft.grpc.message.size.max = 33570816 (custom)
2019-08-20 19:41:32,344 [main] INFO  server.RaftServerConfigKeys (ConfUtils.java:logGet(43)) - raft.server.log.appender.buffer.byte-limit = 33554432 (custom)
2019-08-20 19:41:32,344 [main] INFO  server.GrpcService (ConfUtils.java:logGet(43)) - raft.grpc.flow.control.window = 1MB (=1048576) (default)
2019-08-20 19:41:32,344 [main] INFO  server.RaftServerConfigKeys (ConfUtils.java:logGet(43)) - raft.server.rpc.request.timeout = 3000ms (default)
2019-08-20 19:41:32,345 [main] INFO  server.RaftServerConfigKeys (ConfUtils.java:logGet(43)) - raft.server.storage.dir = [/workdir/hadoop-ozone/integration-test/target/test-dir/MiniOzoneClusterImpl-e13e4b4c-a51c-41ed-96f1-bc31a3706be2/datanode-2/data/ratis] (custom)
2019-08-20 19:41:32,346 [main] INFO  replication.SimpleContainerDownloader (SimpleContainerDownloader.java:<init>(72)) - Starting container downloader service to copy containers to replicate.
2019-08-20 19:41:32,347 [main] INFO  hdfs.DFSUtil (DFSUtil.java:httpServerTemplateForNNAndJN(1641)) - Starting Web-server for hddsDatanode at: http://0.0.0.0:0
2019-08-20 19:41:32,350 [main] INFO  server.AuthenticationFilter (AuthenticationFilter.java:constructSecretProvider(240)) - Unable to initialize FileSignerSecretProvider, falling back to use random secrets.
2019-08-20 19:41:32,350 [main] WARN  http.HttpRequestLog (HttpRequestLog.java:getRequestLog(97)) - Jetty request log can only be enabled using Log4j
2019-08-20 19:41:32,353 [main] INFO  http.HttpServer2 (HttpServer2.java:addGlobalFilter(975)) - Added global filter 'safety' (class=org.apache.hadoop.http.HttpServer2$QuotingInputFilter)
2019-08-20 19:41:32,354 [main] INFO  http.HttpServer2 (HttpServer2.java:addFilter(948)) - Added filter static_user_filter (class=org.apache.hadoop.http.lib.StaticUserWebFilter$StaticUserFilter) to context hddsDatanode
2019-08-20 19:41:32,354 [main] INFO  http.HttpServer2 (HttpServer2.java:addFilter(958)) - Added filter static_user_filter (class=org.apache.hadoop.http.lib.StaticUserWebFilter$StaticUserFilter) to context logs
2019-08-20 19:41:32,355 [main] INFO  http.HttpServer2 (HttpServer2.java:addFilter(958)) - Added filter static_user_filter (class=org.apache.hadoop.http.lib.StaticUserWebFilter$StaticUserFilter) to context static
2019-08-20 19:41:32,356 [main] INFO  http.HttpServer2 (HttpServer2.java:bindListener(1191)) - Jetty bound to port 33516
2019-08-20 19:41:32,356 [main] INFO  server.Server (Server.java:doStart(351)) - jetty-9.3.24.v20180605, build timestamp: 2018-06-05T17:11:56Z, git hash: 84205aa28f11a4f31f2a3b86d1bba2cc8ab69827
2019-08-20 19:41:32,359 [main] INFO  handler.ContextHandler (ContextHandler.java:doStart(781)) - Started o.e.j.s.ServletContextHandler@102c18e{/logs,file:///workdir/hadoop-ozone/integration-test/target/log,AVAILABLE}
2019-08-20 19:41:32,360 [main] INFO  handler.ContextHandler (ContextHandler.java:doStart(781)) - Started o.e.j.s.ServletContextHandler@65eb3597{/static,jar:file:/home/user/.m2/repository/org/apache/hadoop/hadoop-hdds-container-service/0.5.0-SNAPSHOT/hadoop-hdds-container-service-0.5.0-SNAPSHOT.jar!/webapps/static,AVAILABLE}
2019-08-20 19:41:32,402 [main] INFO  handler.ContextHandler (ContextHandler.java:doStart(781)) - Started o.e.j.w.WebAppContext@17c0274c{/,file:///tmp/jetty-0.0.0.0-33516-hddsDatanode-_-any-311321092011551347.dir/webapp/,AVAILABLE}{/hddsDatanode}
2019-08-20 19:41:32,404 [main] INFO  server.AbstractConnector (AbstractConnector.java:doStart(278)) - Started ServerConnector@7abeabe9{HTTP/1.1,[http/1.1]}{0.0.0.0:33516}
2019-08-20 19:41:32,406 [main] INFO  server.Server (Server.java:doStart(419)) - Started @6950ms
2019-08-20 19:41:32,407 [main] INFO  server.BaseHttpServer (BaseHttpServer.java:updateConnectorAddress(213)) - HTTP server of HDDSDATANODE is listening at http://0.0.0.0:33516
2019-08-20 19:41:32,543 | INFO  | ObjectStoreRestHttpServer | Listening HDDS REST traffic on /0.0.0.0:33534 |  
2019-08-20 19:41:32,544 [main] INFO  ozone.HddsDatanodeService (HddsDatanodeService.java:startPlugins(395)) - Started plug-in org.apache.hadoop.ozone.web.OzoneHddsDatanodeService@53d6e959
2019-08-20 19:41:32,544 [main] INFO  impl.MetricsSystemImpl (MetricsSystemImpl.java:init(158)) - HddsDatanode metrics system started (again)
2019-08-20 19:41:32,547 [main] INFO  ozone.HddsDatanodeService (HddsDatanodeService.java:start(184)) - HddsDatanodeService host:pr-hdds-1927-n56ck-2550958449 ip:192.168.157.205
2019-08-20 19:41:32,548 [org.apache.hadoop.util.JvmPauseMonitor$Monitor@91a3aa2] INFO  util.JvmPauseMonitor (JvmPauseMonitor.java:run(188)) - Starting JVM pause monitor
2019-08-20 19:41:32,551 [Datanode State Machine Thread - 0] INFO  datanode.InitDatanodeState (InitDatanodeState.java:persistContainerDatanodeDetails(140)) - DatanodeDetails is persisted to /workdir/hadoop-ozone/integration-test/target/test-dir/MiniOzoneClusterImpl-e13e4b4c-a51c-41ed-96f1-bc31a3706be2/datanode-2/meta/datanode.id
2019-08-20 19:41:32,554 [main] INFO  volume.HddsVolume (HddsVolume.java:<init>(176)) - Creating Volume: /workdir/hadoop-ozone/integration-test/target/test-dir/MiniOzoneClusterImpl-e13e4b4c-a51c-41ed-96f1-bc31a3706be2/datanode-3/data/containers/hdds of  storage type : DISK and capacity : 1482555576320
2019-08-20 19:41:32,555 [main] INFO  volume.VolumeSet (VolumeSet.java:initializeVolumeSet(170)) - Added Volume : /workdir/hadoop-ozone/integration-test/target/test-dir/MiniOzoneClusterImpl-e13e4b4c-a51c-41ed-96f1-bc31a3706be2/datanode-3/data/containers/hdds to VolumeSet
2019-08-20 19:41:32,555 [main] INFO  volume.ThrottledAsyncChecker (ThrottledAsyncChecker.java:schedule(140)) - Scheduling a check for org.apache.hadoop.ozone.container.common.volume.HddsVolume@2801827a
2019-08-20 19:41:32,555 [main] INFO  volume.HddsVolumeChecker (HddsVolumeChecker.java:checkAllVolumes(203)) - Scheduled health check for volume org.apache.hadoop.ozone.container.common.volume.HddsVolume@2801827a
2019-08-20 19:41:32,569 [main] INFO  impl.RaftServerProxy (ConfUtils.java:logGet(43)) - raft.rpc.type = GRPC (default)
2019-08-20 19:41:32,569 [main] INFO  grpc.GrpcFactory (GrpcFactory.java:checkPooledByteBufAllocatorUseCacheForAllThreads(45)) - PERFORMANCE WARNING: useCacheForAllThreads is true that may cause Netty to create a lot garbage objects and, as a result, trigger GC.
	It is recommended to disable useCacheForAllThreads by setting -Dorg.apache.ratis.thirdparty.io.netty.allocator.useCacheForAllThreads=false in command line.
2019-08-20 19:41:32,569 [main] INFO  grpc.GrpcConfigKeys$Server (ConfUtils.java:logGet(43)) - raft.grpc.server.port = 0 (default)
2019-08-20 19:41:32,569 [main] INFO  server.GrpcService (ConfUtils.java:logGet(43)) - raft.grpc.message.size.max = 33570816 (custom)
2019-08-20 19:41:32,570 [main] INFO  server.RaftServerConfigKeys (ConfUtils.java:logGet(43)) - raft.server.log.appender.buffer.byte-limit = 33554432 (custom)
2019-08-20 19:41:32,570 [main] INFO  server.GrpcService (ConfUtils.java:logGet(43)) - raft.grpc.flow.control.window = 1MB (=1048576) (default)
2019-08-20 19:41:32,570 [main] INFO  server.RaftServerConfigKeys (ConfUtils.java:logGet(43)) - raft.server.rpc.request.timeout = 3000ms (default)
2019-08-20 19:41:32,571 [main] INFO  server.RaftServerConfigKeys (ConfUtils.java:logGet(43)) - raft.server.storage.dir = [/workdir/hadoop-ozone/integration-test/target/test-dir/MiniOzoneClusterImpl-e13e4b4c-a51c-41ed-96f1-bc31a3706be2/datanode-3/data/ratis] (custom)
2019-08-20 19:41:32,571 [main] INFO  replication.SimpleContainerDownloader (SimpleContainerDownloader.java:<init>(72)) - Starting container downloader service to copy containers to replicate.
2019-08-20 19:41:32,572 [main] INFO  hdfs.DFSUtil (DFSUtil.java:httpServerTemplateForNNAndJN(1641)) - Starting Web-server for hddsDatanode at: http://0.0.0.0:0
2019-08-20 19:41:32,573 [main] INFO  server.AuthenticationFilter (AuthenticationFilter.java:constructSecretProvider(240)) - Unable to initialize FileSignerSecretProvider, falling back to use random secrets.
2019-08-20 19:41:32,574 [main] WARN  http.HttpRequestLog (HttpRequestLog.java:getRequestLog(97)) - Jetty request log can only be enabled using Log4j
2019-08-20 19:41:32,575 [main] INFO  http.HttpServer2 (HttpServer2.java:addGlobalFilter(975)) - Added global filter 'safety' (class=org.apache.hadoop.http.HttpServer2$QuotingInputFilter)
2019-08-20 19:41:32,575 [main] INFO  http.HttpServer2 (HttpServer2.java:addFilter(948)) - Added filter static_user_filter (class=org.apache.hadoop.http.lib.StaticUserWebFilter$StaticUserFilter) to context hddsDatanode
2019-08-20 19:41:32,576 [main] INFO  http.HttpServer2 (HttpServer2.java:addFilter(958)) - Added filter static_user_filter (class=org.apache.hadoop.http.lib.StaticUserWebFilter$StaticUserFilter) to context logs
2019-08-20 19:41:32,576 [main] INFO  http.HttpServer2 (HttpServer2.java:addFilter(958)) - Added filter static_user_filter (class=org.apache.hadoop.http.lib.StaticUserWebFilter$StaticUserFilter) to context static
2019-08-20 19:41:32,576 [main] INFO  http.HttpServer2 (HttpServer2.java:bindListener(1191)) - Jetty bound to port 36857
2019-08-20 19:41:32,577 [main] INFO  server.Server (Server.java:doStart(351)) - jetty-9.3.24.v20180605, build timestamp: 2018-06-05T17:11:56Z, git hash: 84205aa28f11a4f31f2a3b86d1bba2cc8ab69827
2019-08-20 19:41:32,580 [main] INFO  handler.ContextHandler (ContextHandler.java:doStart(781)) - Started o.e.j.s.ServletContextHandler@4a2bf50f{/logs,file:///workdir/hadoop-ozone/integration-test/target/log,AVAILABLE}
2019-08-20 19:41:32,581 [main] INFO  handler.ContextHandler (ContextHandler.java:doStart(781)) - Started o.e.j.s.ServletContextHandler@2506b881{/static,jar:file:/home/user/.m2/repository/org/apache/hadoop/hadoop-hdds-container-service/0.5.0-SNAPSHOT/hadoop-hdds-container-service-0.5.0-SNAPSHOT.jar!/webapps/static,AVAILABLE}
2019-08-20 19:41:32,605 [main] INFO  handler.ContextHandler (ContextHandler.java:doStart(781)) - Started o.e.j.w.WebAppContext@2eb0cefe{/,file:///tmp/jetty-0.0.0.0-36857-hddsDatanode-_-any-7259746618185981163.dir/webapp/,AVAILABLE}{/hddsDatanode}
2019-08-20 19:41:32,606 [main] INFO  server.AbstractConnector (AbstractConnector.java:doStart(278)) - Started ServerConnector@5a2ae1ab{HTTP/1.1,[http/1.1]}{0.0.0.0:36857}
2019-08-20 19:41:32,606 [main] INFO  server.Server (Server.java:doStart(419)) - Started @7151ms
2019-08-20 19:41:32,607 [main] INFO  server.BaseHttpServer (BaseHttpServer.java:updateConnectorAddress(213)) - HTTP server of HDDSDATANODE is listening at http://0.0.0.0:36857
2019-08-20 19:41:32,763 | INFO  | ObjectStoreRestHttpServer | Listening HDDS REST traffic on /0.0.0.0:39595 |  
2019-08-20 19:41:32,763 [main] INFO  ozone.HddsDatanodeService (HddsDatanodeService.java:startPlugins(395)) - Started plug-in org.apache.hadoop.ozone.web.OzoneHddsDatanodeService@99a8de3
2019-08-20 19:41:32,764 [main] INFO  impl.MetricsSystemImpl (MetricsSystemImpl.java:init(158)) - HddsDatanode metrics system started (again)
2019-08-20 19:41:32,768 [org.apache.hadoop.util.JvmPauseMonitor$Monitor@498d6740] INFO  util.JvmPauseMonitor (JvmPauseMonitor.java:run(188)) - Starting JVM pause monitor
2019-08-20 19:41:32,768 [main] INFO  ozone.HddsDatanodeService (HddsDatanodeService.java:start(184)) - HddsDatanodeService host:pr-hdds-1927-n56ck-2550958449 ip:192.168.157.205
2019-08-20 19:41:32,771 [Datanode State Machine Thread - 0] INFO  datanode.InitDatanodeState (InitDatanodeState.java:persistContainerDatanodeDetails(140)) - DatanodeDetails is persisted to /workdir/hadoop-ozone/integration-test/target/test-dir/MiniOzoneClusterImpl-e13e4b4c-a51c-41ed-96f1-bc31a3706be2/datanode-3/meta/datanode.id
2019-08-20 19:41:32,777 [main] INFO  volume.HddsVolume (HddsVolume.java:<init>(176)) - Creating Volume: /workdir/hadoop-ozone/integration-test/target/test-dir/MiniOzoneClusterImpl-e13e4b4c-a51c-41ed-96f1-bc31a3706be2/datanode-4/data/containers/hdds of  storage type : DISK and capacity : 1482555576320
2019-08-20 19:41:32,777 [main] INFO  volume.VolumeSet (VolumeSet.java:initializeVolumeSet(170)) - Added Volume : /workdir/hadoop-ozone/integration-test/target/test-dir/MiniOzoneClusterImpl-e13e4b4c-a51c-41ed-96f1-bc31a3706be2/datanode-4/data/containers/hdds to VolumeSet
2019-08-20 19:41:32,778 [main] INFO  volume.ThrottledAsyncChecker (ThrottledAsyncChecker.java:schedule(140)) - Scheduling a check for org.apache.hadoop.ozone.container.common.volume.HddsVolume@1ecf0ac6
2019-08-20 19:41:32,778 [main] INFO  volume.HddsVolumeChecker (HddsVolumeChecker.java:checkAllVolumes(203)) - Scheduled health check for volume org.apache.hadoop.ozone.container.common.volume.HddsVolume@1ecf0ac6
2019-08-20 19:41:32,795 [main] INFO  impl.RaftServerProxy (ConfUtils.java:logGet(43)) - raft.rpc.type = GRPC (default)
2019-08-20 19:41:32,796 [main] INFO  grpc.GrpcFactory (GrpcFactory.java:checkPooledByteBufAllocatorUseCacheForAllThreads(45)) - PERFORMANCE WARNING: useCacheForAllThreads is true that may cause Netty to create a lot garbage objects and, as a result, trigger GC.
	It is recommended to disable useCacheForAllThreads by setting -Dorg.apache.ratis.thirdparty.io.netty.allocator.useCacheForAllThreads=false in command line.
2019-08-20 19:41:32,796 [main] INFO  grpc.GrpcConfigKeys$Server (ConfUtils.java:logGet(43)) - raft.grpc.server.port = 0 (default)
2019-08-20 19:41:32,796 [main] INFO  server.GrpcService (ConfUtils.java:logGet(43)) - raft.grpc.message.size.max = 33570816 (custom)
2019-08-20 19:41:32,796 [main] INFO  server.RaftServerConfigKeys (ConfUtils.java:logGet(43)) - raft.server.log.appender.buffer.byte-limit = 33554432 (custom)
2019-08-20 19:41:32,797 [main] INFO  server.GrpcService (ConfUtils.java:logGet(43)) - raft.grpc.flow.control.window = 1MB (=1048576) (default)
2019-08-20 19:41:32,797 [main] INFO  server.RaftServerConfigKeys (ConfUtils.java:logGet(43)) - raft.server.rpc.request.timeout = 3000ms (default)
2019-08-20 19:41:32,798 [main] INFO  server.RaftServerConfigKeys (ConfUtils.java:logGet(43)) - raft.server.storage.dir = [/workdir/hadoop-ozone/integration-test/target/test-dir/MiniOzoneClusterImpl-e13e4b4c-a51c-41ed-96f1-bc31a3706be2/datanode-4/data/ratis] (custom)
2019-08-20 19:41:32,798 [main] INFO  replication.SimpleContainerDownloader (SimpleContainerDownloader.java:<init>(72)) - Starting container downloader service to copy containers to replicate.
2019-08-20 19:41:32,800 [main] INFO  hdfs.DFSUtil (DFSUtil.java:httpServerTemplateForNNAndJN(1641)) - Starting Web-server for hddsDatanode at: http://0.0.0.0:0
2019-08-20 19:41:32,802 [main] INFO  server.AuthenticationFilter (AuthenticationFilter.java:constructSecretProvider(240)) - Unable to initialize FileSignerSecretProvider, falling back to use random secrets.
2019-08-20 19:41:32,803 [main] WARN  http.HttpRequestLog (HttpRequestLog.java:getRequestLog(97)) - Jetty request log can only be enabled using Log4j
2019-08-20 19:41:32,805 [main] INFO  http.HttpServer2 (HttpServer2.java:addGlobalFilter(975)) - Added global filter 'safety' (class=org.apache.hadoop.http.HttpServer2$QuotingInputFilter)
2019-08-20 19:41:32,806 [main] INFO  http.HttpServer2 (HttpServer2.java:addFilter(948)) - Added filter static_user_filter (class=org.apache.hadoop.http.lib.StaticUserWebFilter$StaticUserFilter) to context hddsDatanode
2019-08-20 19:41:32,807 [main] INFO  http.HttpServer2 (HttpServer2.java:addFilter(958)) - Added filter static_user_filter (class=org.apache.hadoop.http.lib.StaticUserWebFilter$StaticUserFilter) to context static
2019-08-20 19:41:32,807 [main] INFO  http.HttpServer2 (HttpServer2.java:addFilter(958)) - Added filter static_user_filter (class=org.apache.hadoop.http.lib.StaticUserWebFilter$StaticUserFilter) to context logs
2019-08-20 19:41:32,808 [main] INFO  http.HttpServer2 (HttpServer2.java:bindListener(1191)) - Jetty bound to port 33225
2019-08-20 19:41:32,809 [main] INFO  server.Server (Server.java:doStart(351)) - jetty-9.3.24.v20180605, build timestamp: 2018-06-05T17:11:56Z, git hash: 84205aa28f11a4f31f2a3b86d1bba2cc8ab69827
2019-08-20 19:41:32,812 [main] INFO  handler.ContextHandler (ContextHandler.java:doStart(781)) - Started o.e.j.s.ServletContextHandler@1bee0085{/logs,file:///workdir/hadoop-ozone/integration-test/target/log,AVAILABLE}
2019-08-20 19:41:32,813 [main] INFO  handler.ContextHandler (ContextHandler.java:doStart(781)) - Started o.e.j.s.ServletContextHandler@13f40d71{/static,jar:file:/home/user/.m2/repository/org/apache/hadoop/hadoop-hdds-container-service/0.5.0-SNAPSHOT/hadoop-hdds-container-service-0.5.0-SNAPSHOT.jar!/webapps/static,AVAILABLE}
2019-08-20 19:41:32,858 [main] INFO  handler.ContextHandler (ContextHandler.java:doStart(781)) - Started o.e.j.w.WebAppContext@154b8cb6{/,file:///tmp/jetty-0.0.0.0-33225-hddsDatanode-_-any-4922168053845332886.dir/webapp/,AVAILABLE}{/hddsDatanode}
2019-08-20 19:41:32,859 [main] INFO  server.AbstractConnector (AbstractConnector.java:doStart(278)) - Started ServerConnector@7b297740{HTTP/1.1,[http/1.1]}{0.0.0.0:33225}
2019-08-20 19:41:32,860 [main] INFO  server.Server (Server.java:doStart(419)) - Started @7406ms
2019-08-20 19:41:32,862 [main] INFO  server.BaseHttpServer (BaseHttpServer.java:updateConnectorAddress(213)) - HTTP server of HDDSDATANODE is listening at http://0.0.0.0:33225
2019-08-20 19:41:33,046 | INFO  | ObjectStoreRestHttpServer | Listening HDDS REST traffic on /0.0.0.0:35910 |  
2019-08-20 19:41:33,046 [main] INFO  ozone.HddsDatanodeService (HddsDatanodeService.java:startPlugins(395)) - Started plug-in org.apache.hadoop.ozone.web.OzoneHddsDatanodeService@8f2e3e6
2019-08-20 19:41:33,047 [main] INFO  impl.MetricsSystemImpl (MetricsSystemImpl.java:init(158)) - HddsDatanode metrics system started (again)
2019-08-20 19:41:33,051 [main] INFO  ozone.HddsDatanodeService (HddsDatanodeService.java:start(184)) - HddsDatanodeService host:pr-hdds-1927-n56ck-2550958449 ip:192.168.157.205
2019-08-20 19:41:33,051 [org.apache.hadoop.util.JvmPauseMonitor$Monitor@681ccde3] INFO  util.JvmPauseMonitor (JvmPauseMonitor.java:run(188)) - Starting JVM pause monitor
2019-08-20 19:41:33,109 [Datanode State Machine Thread - 0] INFO  datanode.InitDatanodeState (InitDatanodeState.java:persistContainerDatanodeDetails(140)) - DatanodeDetails is persisted to /workdir/hadoop-ozone/integration-test/target/test-dir/MiniOzoneClusterImpl-e13e4b4c-a51c-41ed-96f1-bc31a3706be2/datanode-4/meta/datanode.id
2019-08-20 19:41:33,118 [main] INFO  volume.HddsVolume (HddsVolume.java:<init>(176)) - Creating Volume: /workdir/hadoop-ozone/integration-test/target/test-dir/MiniOzoneClusterImpl-e13e4b4c-a51c-41ed-96f1-bc31a3706be2/datanode-5/data/containers/hdds of  storage type : DISK and capacity : 1482555576320
2019-08-20 19:41:33,119 [main] INFO  volume.VolumeSet (VolumeSet.java:initializeVolumeSet(170)) - Added Volume : /workdir/hadoop-ozone/integration-test/target/test-dir/MiniOzoneClusterImpl-e13e4b4c-a51c-41ed-96f1-bc31a3706be2/datanode-5/data/containers/hdds to VolumeSet
2019-08-20 19:41:33,119 [main] INFO  volume.ThrottledAsyncChecker (ThrottledAsyncChecker.java:schedule(140)) - Scheduling a check for org.apache.hadoop.ozone.container.common.volume.HddsVolume@78b0ec3a
2019-08-20 19:41:33,120 [main] INFO  volume.HddsVolumeChecker (HddsVolumeChecker.java:checkAllVolumes(203)) - Scheduled health check for volume org.apache.hadoop.ozone.container.common.volume.HddsVolume@78b0ec3a
2019-08-20 19:41:33,158 [main] INFO  impl.RaftServerProxy (ConfUtils.java:logGet(43)) - raft.rpc.type = GRPC (default)
2019-08-20 19:41:33,158 [main] INFO  grpc.GrpcFactory (GrpcFactory.java:checkPooledByteBufAllocatorUseCacheForAllThreads(45)) - PERFORMANCE WARNING: useCacheForAllThreads is true that may cause Netty to create a lot garbage objects and, as a result, trigger GC.
	It is recommended to disable useCacheForAllThreads by setting -Dorg.apache.ratis.thirdparty.io.netty.allocator.useCacheForAllThreads=false in command line.
2019-08-20 19:41:33,159 [main] INFO  grpc.GrpcConfigKeys$Server (ConfUtils.java:logGet(43)) - raft.grpc.server.port = 0 (default)
2019-08-20 19:41:33,159 [main] INFO  server.GrpcService (ConfUtils.java:logGet(43)) - raft.grpc.message.size.max = 33570816 (custom)
2019-08-20 19:41:33,160 [main] INFO  server.RaftServerConfigKeys (ConfUtils.java:logGet(43)) - raft.server.log.appender.buffer.byte-limit = 33554432 (custom)
2019-08-20 19:41:33,160 [main] INFO  server.GrpcService (ConfUtils.java:logGet(43)) - raft.grpc.flow.control.window = 1MB (=1048576) (default)
2019-08-20 19:41:33,160 [main] INFO  server.RaftServerConfigKeys (ConfUtils.java:logGet(43)) - raft.server.rpc.request.timeout = 3000ms (default)
2019-08-20 19:41:33,161 [main] INFO  server.RaftServerConfigKeys (ConfUtils.java:logGet(43)) - raft.server.storage.dir = [/workdir/hadoop-ozone/integration-test/target/test-dir/MiniOzoneClusterImpl-e13e4b4c-a51c-41ed-96f1-bc31a3706be2/datanode-5/data/ratis] (custom)
2019-08-20 19:41:33,162 [main] INFO  replication.SimpleContainerDownloader (SimpleContainerDownloader.java:<init>(72)) - Starting container downloader service to copy containers to replicate.
2019-08-20 19:41:33,163 [main] INFO  hdfs.DFSUtil (DFSUtil.java:httpServerTemplateForNNAndJN(1641)) - Starting Web-server for hddsDatanode at: http://0.0.0.0:0
2019-08-20 19:41:33,165 [main] INFO  server.AuthenticationFilter (AuthenticationFilter.java:constructSecretProvider(240)) - Unable to initialize FileSignerSecretProvider, falling back to use random secrets.
2019-08-20 19:41:33,166 [main] WARN  http.HttpRequestLog (HttpRequestLog.java:getRequestLog(97)) - Jetty request log can only be enabled using Log4j
2019-08-20 19:41:33,168 [main] INFO  http.HttpServer2 (HttpServer2.java:addGlobalFilter(975)) - Added global filter 'safety' (class=org.apache.hadoop.http.HttpServer2$QuotingInputFilter)
2019-08-20 19:41:33,169 [main] INFO  http.HttpServer2 (HttpServer2.java:addFilter(948)) - Added filter static_user_filter (class=org.apache.hadoop.http.lib.StaticUserWebFilter$StaticUserFilter) to context hddsDatanode
2019-08-20 19:41:33,169 [main] INFO  http.HttpServer2 (HttpServer2.java:addFilter(958)) - Added filter static_user_filter (class=org.apache.hadoop.http.lib.StaticUserWebFilter$StaticUserFilter) to context logs
2019-08-20 19:41:33,169 [main] INFO  http.HttpServer2 (HttpServer2.java:addFilter(958)) - Added filter static_user_filter (class=org.apache.hadoop.http.lib.StaticUserWebFilter$StaticUserFilter) to context static
2019-08-20 19:41:33,170 [main] INFO  http.HttpServer2 (HttpServer2.java:bindListener(1191)) - Jetty bound to port 40430
2019-08-20 19:41:33,171 [main] INFO  server.Server (Server.java:doStart(351)) - jetty-9.3.24.v20180605, build timestamp: 2018-06-05T17:11:56Z, git hash: 84205aa28f11a4f31f2a3b86d1bba2cc8ab69827
2019-08-20 19:41:33,174 [main] INFO  handler.ContextHandler (ContextHandler.java:doStart(781)) - Started o.e.j.s.ServletContextHandler@7af1d072{/logs,file:///workdir/hadoop-ozone/integration-test/target/log,AVAILABLE}
2019-08-20 19:41:33,175 [main] INFO  handler.ContextHandler (ContextHandler.java:doStart(781)) - Started o.e.j.s.ServletContextHandler@642c6461{/static,jar:file:/home/user/.m2/repository/org/apache/hadoop/hadoop-hdds-container-service/0.5.0-SNAPSHOT/hadoop-hdds-container-service-0.5.0-SNAPSHOT.jar!/webapps/static,AVAILABLE}
2019-08-20 19:41:33,224 [main] INFO  handler.ContextHandler (ContextHandler.java:doStart(781)) - Started o.e.j.w.WebAppContext@7caf1e5{/,file:///tmp/jetty-0.0.0.0-40430-hddsDatanode-_-any-4299682166086396930.dir/webapp/,AVAILABLE}{/hddsDatanode}
2019-08-20 19:41:33,226 [main] INFO  server.AbstractConnector (AbstractConnector.java:doStart(278)) - Started ServerConnector@5c234920{HTTP/1.1,[http/1.1]}{0.0.0.0:40430}
2019-08-20 19:41:33,226 [main] INFO  server.Server (Server.java:doStart(419)) - Started @7772ms
2019-08-20 19:41:33,227 [main] INFO  server.BaseHttpServer (BaseHttpServer.java:updateConnectorAddress(213)) - HTTP server of HDDSDATANODE is listening at http://0.0.0.0:40430
2019-08-20 19:41:33,438 | INFO  | ObjectStoreRestHttpServer | Listening HDDS REST traffic on /0.0.0.0:45745 |  
2019-08-20 19:41:33,439 [main] INFO  ozone.HddsDatanodeService (HddsDatanodeService.java:startPlugins(395)) - Started plug-in org.apache.hadoop.ozone.web.OzoneHddsDatanodeService@d9f5fce
2019-08-20 19:41:33,439 [main] INFO  impl.MetricsSystemImpl (MetricsSystemImpl.java:init(158)) - HddsDatanode metrics system started (again)
2019-08-20 19:41:33,444 [org.apache.hadoop.util.JvmPauseMonitor$Monitor@412e4800] INFO  util.JvmPauseMonitor (JvmPauseMonitor.java:run(188)) - Starting JVM pause monitor
2019-08-20 19:41:33,444 [main] INFO  ozone.HddsDatanodeService (HddsDatanodeService.java:start(184)) - HddsDatanodeService host:pr-hdds-1927-n56ck-2550958449 ip:192.168.157.205
2019-08-20 19:41:33,446 [Datanode State Machine Thread - 0] INFO  datanode.InitDatanodeState (InitDatanodeState.java:persistContainerDatanodeDetails(140)) - DatanodeDetails is persisted to /workdir/hadoop-ozone/integration-test/target/test-dir/MiniOzoneClusterImpl-e13e4b4c-a51c-41ed-96f1-bc31a3706be2/datanode-5/meta/datanode.id
2019-08-20 19:41:33,454 [main] INFO  volume.HddsVolume (HddsVolume.java:<init>(176)) - Creating Volume: /workdir/hadoop-ozone/integration-test/target/test-dir/MiniOzoneClusterImpl-e13e4b4c-a51c-41ed-96f1-bc31a3706be2/datanode-6/data/containers/hdds of  storage type : DISK and capacity : 1482555576320
2019-08-20 19:41:33,454 [main] INFO  volume.VolumeSet (VolumeSet.java:initializeVolumeSet(170)) - Added Volume : /workdir/hadoop-ozone/integration-test/target/test-dir/MiniOzoneClusterImpl-e13e4b4c-a51c-41ed-96f1-bc31a3706be2/datanode-6/data/containers/hdds to VolumeSet
2019-08-20 19:41:33,454 [main] INFO  volume.ThrottledAsyncChecker (ThrottledAsyncChecker.java:schedule(140)) - Scheduling a check for org.apache.hadoop.ozone.container.common.volume.HddsVolume@7e18ced7
2019-08-20 19:41:33,455 [main] INFO  volume.HddsVolumeChecker (HddsVolumeChecker.java:checkAllVolumes(203)) - Scheduled health check for volume org.apache.hadoop.ozone.container.common.volume.HddsVolume@7e18ced7
2019-08-20 19:41:33,471 [main] INFO  impl.RaftServerProxy (ConfUtils.java:logGet(43)) - raft.rpc.type = GRPC (default)
2019-08-20 19:41:33,471 [main] INFO  grpc.GrpcFactory (GrpcFactory.java:checkPooledByteBufAllocatorUseCacheForAllThreads(45)) - PERFORMANCE WARNING: useCacheForAllThreads is true that may cause Netty to create a lot garbage objects and, as a result, trigger GC.
	It is recommended to disable useCacheForAllThreads by setting -Dorg.apache.ratis.thirdparty.io.netty.allocator.useCacheForAllThreads=false in command line.
2019-08-20 19:41:33,471 [main] INFO  grpc.GrpcConfigKeys$Server (ConfUtils.java:logGet(43)) - raft.grpc.server.port = 0 (default)
2019-08-20 19:41:33,471 [main] INFO  server.GrpcService (ConfUtils.java:logGet(43)) - raft.grpc.message.size.max = 33570816 (custom)
2019-08-20 19:41:33,472 [main] INFO  server.RaftServerConfigKeys (ConfUtils.java:logGet(43)) - raft.server.log.appender.buffer.byte-limit = 33554432 (custom)
2019-08-20 19:41:33,472 [main] INFO  server.GrpcService (ConfUtils.java:logGet(43)) - raft.grpc.flow.control.window = 1MB (=1048576) (default)
2019-08-20 19:41:33,472 [main] INFO  server.RaftServerConfigKeys (ConfUtils.java:logGet(43)) - raft.server.rpc.request.timeout = 3000ms (default)
2019-08-20 19:41:33,473 [main] INFO  server.RaftServerConfigKeys (ConfUtils.java:logGet(43)) - raft.server.storage.dir = [/workdir/hadoop-ozone/integration-test/target/test-dir/MiniOzoneClusterImpl-e13e4b4c-a51c-41ed-96f1-bc31a3706be2/datanode-6/data/ratis] (custom)
2019-08-20 19:41:33,473 [main] INFO  replication.SimpleContainerDownloader (SimpleContainerDownloader.java:<init>(72)) - Starting container downloader service to copy containers to replicate.
2019-08-20 19:41:33,475 [main] INFO  hdfs.DFSUtil (DFSUtil.java:httpServerTemplateForNNAndJN(1641)) - Starting Web-server for hddsDatanode at: http://0.0.0.0:0
2019-08-20 19:41:33,477 [main] INFO  server.AuthenticationFilter (AuthenticationFilter.java:constructSecretProvider(240)) - Unable to initialize FileSignerSecretProvider, falling back to use random secrets.
2019-08-20 19:41:33,477 [main] WARN  http.HttpRequestLog (HttpRequestLog.java:getRequestLog(97)) - Jetty request log can only be enabled using Log4j
2019-08-20 19:41:33,480 [main] INFO  http.HttpServer2 (HttpServer2.java:addGlobalFilter(975)) - Added global filter 'safety' (class=org.apache.hadoop.http.HttpServer2$QuotingInputFilter)
2019-08-20 19:41:33,481 [main] INFO  http.HttpServer2 (HttpServer2.java:addFilter(948)) - Added filter static_user_filter (class=org.apache.hadoop.http.lib.StaticUserWebFilter$StaticUserFilter) to context hddsDatanode
2019-08-20 19:41:33,481 [main] INFO  http.HttpServer2 (HttpServer2.java:addFilter(958)) - Added filter static_user_filter (class=org.apache.hadoop.http.lib.StaticUserWebFilter$StaticUserFilter) to context logs
2019-08-20 19:41:33,481 [main] INFO  http.HttpServer2 (HttpServer2.java:addFilter(958)) - Added filter static_user_filter (class=org.apache.hadoop.http.lib.StaticUserWebFilter$StaticUserFilter) to context static
2019-08-20 19:41:33,482 [main] INFO  http.HttpServer2 (HttpServer2.java:bindListener(1191)) - Jetty bound to port 33491
2019-08-20 19:41:33,483 [main] INFO  server.Server (Server.java:doStart(351)) - jetty-9.3.24.v20180605, build timestamp: 2018-06-05T17:11:56Z, git hash: 84205aa28f11a4f31f2a3b86d1bba2cc8ab69827
2019-08-20 19:41:33,485 [main] INFO  handler.ContextHandler (ContextHandler.java:doStart(781)) - Started o.e.j.s.ServletContextHandler@1e6bd263{/logs,file:///workdir/hadoop-ozone/integration-test/target/log,AVAILABLE}
2019-08-20 19:41:33,486 [main] INFO  handler.ContextHandler (ContextHandler.java:doStart(781)) - Started o.e.j.s.ServletContextHandler@635ff2a5{/static,jar:file:/home/user/.m2/repository/org/apache/hadoop/hadoop-hdds-container-service/0.5.0-SNAPSHOT/hadoop-hdds-container-service-0.5.0-SNAPSHOT.jar!/webapps/static,AVAILABLE}
2019-08-20 19:41:33,529 [main] INFO  handler.ContextHandler (ContextHandler.java:doStart(781)) - Started o.e.j.w.WebAppContext@76e6c070{/,file:///tmp/jetty-0.0.0.0-33491-hddsDatanode-_-any-3565059451896580442.dir/webapp/,AVAILABLE}{/hddsDatanode}
2019-08-20 19:41:33,529 [main] INFO  server.AbstractConnector (AbstractConnector.java:doStart(278)) - Started ServerConnector@184afb78{HTTP/1.1,[http/1.1]}{0.0.0.0:33491}
2019-08-20 19:41:33,531 [main] INFO  server.Server (Server.java:doStart(419)) - Started @8076ms
2019-08-20 19:41:33,531 [main] INFO  server.BaseHttpServer (BaseHttpServer.java:updateConnectorAddress(213)) - HTTP server of HDDSDATANODE is listening at http://0.0.0.0:33491
2019-08-20 19:41:33,667 | INFO  | ObjectStoreRestHttpServer | Listening HDDS REST traffic on /0.0.0.0:45994 |  
2019-08-20 19:41:33,667 [main] INFO  ozone.HddsDatanodeService (HddsDatanodeService.java:startPlugins(395)) - Started plug-in org.apache.hadoop.ozone.web.OzoneHddsDatanodeService@23afc725
2019-08-20 19:41:33,668 [main] INFO  impl.MetricsSystemImpl (MetricsSystemImpl.java:init(158)) - HddsDatanode metrics system started (again)
2019-08-20 19:41:33,672 [main] INFO  ozone.HddsDatanodeService (HddsDatanodeService.java:start(184)) - HddsDatanodeService host:pr-hdds-1927-n56ck-2550958449 ip:192.168.157.205
2019-08-20 19:41:33,672 [org.apache.hadoop.util.JvmPauseMonitor$Monitor@5ce51dfa] INFO  util.JvmPauseMonitor (JvmPauseMonitor.java:run(188)) - Starting JVM pause monitor
2019-08-20 19:41:33,674 [Datanode State Machine Thread - 0] INFO  datanode.InitDatanodeState (InitDatanodeState.java:persistContainerDatanodeDetails(140)) - DatanodeDetails is persisted to /workdir/hadoop-ozone/integration-test/target/test-dir/MiniOzoneClusterImpl-e13e4b4c-a51c-41ed-96f1-bc31a3706be2/datanode-6/meta/datanode.id
2019-08-20 19:41:33,685 [main] INFO  volume.HddsVolume (HddsVolume.java:<init>(176)) - Creating Volume: /workdir/hadoop-ozone/integration-test/target/test-dir/MiniOzoneClusterImpl-e13e4b4c-a51c-41ed-96f1-bc31a3706be2/datanode-7/data/containers/hdds of  storage type : DISK and capacity : 1482555576320
2019-08-20 19:41:33,685 [main] INFO  volume.VolumeSet (VolumeSet.java:initializeVolumeSet(170)) - Added Volume : /workdir/hadoop-ozone/integration-test/target/test-dir/MiniOzoneClusterImpl-e13e4b4c-a51c-41ed-96f1-bc31a3706be2/datanode-7/data/containers/hdds to VolumeSet
2019-08-20 19:41:33,685 [main] INFO  volume.ThrottledAsyncChecker (ThrottledAsyncChecker.java:schedule(140)) - Scheduling a check for org.apache.hadoop.ozone.container.common.volume.HddsVolume@1805383
2019-08-20 19:41:33,686 [main] INFO  volume.HddsVolumeChecker (HddsVolumeChecker.java:checkAllVolumes(203)) - Scheduled health check for volume org.apache.hadoop.ozone.container.common.volume.HddsVolume@1805383
2019-08-20 19:41:33,701 [main] INFO  impl.RaftServerProxy (ConfUtils.java:logGet(43)) - raft.rpc.type = GRPC (default)
2019-08-20 19:41:33,702 [main] INFO  grpc.GrpcFactory (GrpcFactory.java:checkPooledByteBufAllocatorUseCacheForAllThreads(45)) - PERFORMANCE WARNING: useCacheForAllThreads is true that may cause Netty to create a lot garbage objects and, as a result, trigger GC.
	It is recommended to disable useCacheForAllThreads by setting -Dorg.apache.ratis.thirdparty.io.netty.allocator.useCacheForAllThreads=false in command line.
2019-08-20 19:41:33,702 [main] INFO  grpc.GrpcConfigKeys$Server (ConfUtils.java:logGet(43)) - raft.grpc.server.port = 0 (default)
2019-08-20 19:41:33,702 [main] INFO  server.GrpcService (ConfUtils.java:logGet(43)) - raft.grpc.message.size.max = 33570816 (custom)
2019-08-20 19:41:33,702 [main] INFO  server.RaftServerConfigKeys (ConfUtils.java:logGet(43)) - raft.server.log.appender.buffer.byte-limit = 33554432 (custom)
2019-08-20 19:41:33,703 [main] INFO  server.GrpcService (ConfUtils.java:logGet(43)) - raft.grpc.flow.control.window = 1MB (=1048576) (default)
2019-08-20 19:41:33,703 [main] INFO  server.RaftServerConfigKeys (ConfUtils.java:logGet(43)) - raft.server.rpc.request.timeout = 3000ms (default)
2019-08-20 19:41:33,703 [main] INFO  server.RaftServerConfigKeys (ConfUtils.java:logGet(43)) - raft.server.storage.dir = [/workdir/hadoop-ozone/integration-test/target/test-dir/MiniOzoneClusterImpl-e13e4b4c-a51c-41ed-96f1-bc31a3706be2/datanode-7/data/ratis] (custom)
2019-08-20 19:41:33,704 [main] INFO  replication.SimpleContainerDownloader (SimpleContainerDownloader.java:<init>(72)) - Starting container downloader service to copy containers to replicate.
2019-08-20 19:41:33,705 [main] INFO  hdfs.DFSUtil (DFSUtil.java:httpServerTemplateForNNAndJN(1641)) - Starting Web-server for hddsDatanode at: http://0.0.0.0:0
2019-08-20 19:41:33,707 [main] INFO  server.AuthenticationFilter (AuthenticationFilter.java:constructSecretProvider(240)) - Unable to initialize FileSignerSecretProvider, falling back to use random secrets.
2019-08-20 19:41:33,707 [main] WARN  http.HttpRequestLog (HttpRequestLog.java:getRequestLog(97)) - Jetty request log can only be enabled using Log4j
2019-08-20 19:41:33,709 [main] INFO  http.HttpServer2 (HttpServer2.java:addGlobalFilter(975)) - Added global filter 'safety' (class=org.apache.hadoop.http.HttpServer2$QuotingInputFilter)
2019-08-20 19:41:33,709 [main] INFO  http.HttpServer2 (HttpServer2.java:addFilter(948)) - Added filter static_user_filter (class=org.apache.hadoop.http.lib.StaticUserWebFilter$StaticUserFilter) to context hddsDatanode
2019-08-20 19:41:33,709 [main] INFO  http.HttpServer2 (HttpServer2.java:addFilter(958)) - Added filter static_user_filter (class=org.apache.hadoop.http.lib.StaticUserWebFilter$StaticUserFilter) to context static
2019-08-20 19:41:33,710 [main] INFO  http.HttpServer2 (HttpServer2.java:addFilter(958)) - Added filter static_user_filter (class=org.apache.hadoop.http.lib.StaticUserWebFilter$StaticUserFilter) to context logs
2019-08-20 19:41:33,710 [main] INFO  http.HttpServer2 (HttpServer2.java:bindListener(1191)) - Jetty bound to port 34030
2019-08-20 19:41:33,711 [main] INFO  server.Server (Server.java:doStart(351)) - jetty-9.3.24.v20180605, build timestamp: 2018-06-05T17:11:56Z, git hash: 84205aa28f11a4f31f2a3b86d1bba2cc8ab69827
2019-08-20 19:41:33,712 [main] INFO  handler.ContextHandler (ContextHandler.java:doStart(781)) - Started o.e.j.s.ServletContextHandler@52ca0ad4{/logs,file:///workdir/hadoop-ozone/integration-test/target/log,AVAILABLE}
2019-08-20 19:41:33,713 [main] INFO  handler.ContextHandler (ContextHandler.java:doStart(781)) - Started o.e.j.s.ServletContextHandler@6658f08a{/static,jar:file:/home/user/.m2/repository/org/apache/hadoop/hadoop-hdds-container-service/0.5.0-SNAPSHOT/hadoop-hdds-container-service-0.5.0-SNAPSHOT.jar!/webapps/static,AVAILABLE}
2019-08-20 19:41:33,743 [main] INFO  handler.ContextHandler (ContextHandler.java:doStart(781)) - Started o.e.j.w.WebAppContext@4228f269{/,file:///tmp/jetty-0.0.0.0-34030-hddsDatanode-_-any-480501112580729578.dir/webapp/,AVAILABLE}{/hddsDatanode}
2019-08-20 19:41:33,743 [main] INFO  server.AbstractConnector (AbstractConnector.java:doStart(278)) - Started ServerConnector@376b5cb2{HTTP/1.1,[http/1.1]}{0.0.0.0:34030}
2019-08-20 19:41:33,744 [main] INFO  server.Server (Server.java:doStart(419)) - Started @8290ms
2019-08-20 19:41:33,745 [main] INFO  server.BaseHttpServer (BaseHttpServer.java:updateConnectorAddress(213)) - HTTP server of HDDSDATANODE is listening at http://0.0.0.0:34030
2019-08-20 19:41:33,876 | INFO  | ObjectStoreRestHttpServer | Listening HDDS REST traffic on /0.0.0.0:45713 |  
2019-08-20 19:41:33,876 [main] INFO  ozone.HddsDatanodeService (HddsDatanodeService.java:startPlugins(395)) - Started plug-in org.apache.hadoop.ozone.web.OzoneHddsDatanodeService@283d3628
2019-08-20 19:41:33,877 [main] INFO  impl.MetricsSystemImpl (MetricsSystemImpl.java:init(158)) - HddsDatanode metrics system started (again)
2019-08-20 19:41:33,882 [org.apache.hadoop.util.JvmPauseMonitor$Monitor@31f9c130] INFO  util.JvmPauseMonitor (JvmPauseMonitor.java:run(188)) - Starting JVM pause monitor
2019-08-20 19:41:33,882 [main] INFO  ozone.HddsDatanodeService (HddsDatanodeService.java:start(184)) - HddsDatanodeService host:pr-hdds-1927-n56ck-2550958449 ip:192.168.157.205
2019-08-20 19:41:33,885 [Datanode State Machine Thread - 0] INFO  datanode.InitDatanodeState (InitDatanodeState.java:persistContainerDatanodeDetails(140)) - DatanodeDetails is persisted to /workdir/hadoop-ozone/integration-test/target/test-dir/MiniOzoneClusterImpl-e13e4b4c-a51c-41ed-96f1-bc31a3706be2/datanode-7/meta/datanode.id
2019-08-20 19:41:33,893 [main] INFO  volume.HddsVolume (HddsVolume.java:<init>(176)) - Creating Volume: /workdir/hadoop-ozone/integration-test/target/test-dir/MiniOzoneClusterImpl-e13e4b4c-a51c-41ed-96f1-bc31a3706be2/datanode-8/data/containers/hdds of  storage type : DISK and capacity : 1482555576320
2019-08-20 19:41:33,894 [main] INFO  volume.VolumeSet (VolumeSet.java:initializeVolumeSet(170)) - Added Volume : /workdir/hadoop-ozone/integration-test/target/test-dir/MiniOzoneClusterImpl-e13e4b4c-a51c-41ed-96f1-bc31a3706be2/datanode-8/data/containers/hdds to VolumeSet
2019-08-20 19:41:33,894 [main] INFO  volume.ThrottledAsyncChecker (ThrottledAsyncChecker.java:schedule(140)) - Scheduling a check for org.apache.hadoop.ozone.container.common.volume.HddsVolume@7a2a7492
2019-08-20 19:41:33,895 [main] INFO  volume.HddsVolumeChecker (HddsVolumeChecker.java:checkAllVolumes(203)) - Scheduled health check for volume org.apache.hadoop.ozone.container.common.volume.HddsVolume@7a2a7492
2019-08-20 19:41:33,919 [main] INFO  impl.RaftServerProxy (ConfUtils.java:logGet(43)) - raft.rpc.type = GRPC (default)
2019-08-20 19:41:33,919 [main] INFO  grpc.GrpcFactory (GrpcFactory.java:checkPooledByteBufAllocatorUseCacheForAllThreads(45)) - PERFORMANCE WARNING: useCacheForAllThreads is true that may cause Netty to create a lot garbage objects and, as a result, trigger GC.
	It is recommended to disable useCacheForAllThreads by setting -Dorg.apache.ratis.thirdparty.io.netty.allocator.useCacheForAllThreads=false in command line.
2019-08-20 19:41:33,920 [main] INFO  grpc.GrpcConfigKeys$Server (ConfUtils.java:logGet(43)) - raft.grpc.server.port = 0 (default)
2019-08-20 19:41:33,920 [main] INFO  server.GrpcService (ConfUtils.java:logGet(43)) - raft.grpc.message.size.max = 33570816 (custom)
2019-08-20 19:41:33,920 [main] INFO  server.RaftServerConfigKeys (ConfUtils.java:logGet(43)) - raft.server.log.appender.buffer.byte-limit = 33554432 (custom)
2019-08-20 19:41:33,921 [main] INFO  server.GrpcService (ConfUtils.java:logGet(43)) - raft.grpc.flow.control.window = 1MB (=1048576) (default)
2019-08-20 19:41:33,921 [main] INFO  server.RaftServerConfigKeys (ConfUtils.java:logGet(43)) - raft.server.rpc.request.timeout = 3000ms (default)
2019-08-20 19:41:33,922 [main] INFO  server.RaftServerConfigKeys (ConfUtils.java:logGet(43)) - raft.server.storage.dir = [/workdir/hadoop-ozone/integration-test/target/test-dir/MiniOzoneClusterImpl-e13e4b4c-a51c-41ed-96f1-bc31a3706be2/datanode-8/data/ratis] (custom)
2019-08-20 19:41:33,922 [main] INFO  replication.SimpleContainerDownloader (SimpleContainerDownloader.java:<init>(72)) - Starting container downloader service to copy containers to replicate.
2019-08-20 19:41:33,924 [main] INFO  hdfs.DFSUtil (DFSUtil.java:httpServerTemplateForNNAndJN(1641)) - Starting Web-server for hddsDatanode at: http://0.0.0.0:0
2019-08-20 19:41:33,926 [main] INFO  server.AuthenticationFilter (AuthenticationFilter.java:constructSecretProvider(240)) - Unable to initialize FileSignerSecretProvider, falling back to use random secrets.
2019-08-20 19:41:33,926 [main] WARN  http.HttpRequestLog (HttpRequestLog.java:getRequestLog(97)) - Jetty request log can only be enabled using Log4j
2019-08-20 19:41:33,928 [main] INFO  http.HttpServer2 (HttpServer2.java:addGlobalFilter(975)) - Added global filter 'safety' (class=org.apache.hadoop.http.HttpServer2$QuotingInputFilter)
2019-08-20 19:41:33,929 [main] INFO  http.HttpServer2 (HttpServer2.java:addFilter(948)) - Added filter static_user_filter (class=org.apache.hadoop.http.lib.StaticUserWebFilter$StaticUserFilter) to context hddsDatanode
2019-08-20 19:41:33,929 [main] INFO  http.HttpServer2 (HttpServer2.java:addFilter(958)) - Added filter static_user_filter (class=org.apache.hadoop.http.lib.StaticUserWebFilter$StaticUserFilter) to context static
2019-08-20 19:41:33,929 [main] INFO  http.HttpServer2 (HttpServer2.java:addFilter(958)) - Added filter static_user_filter (class=org.apache.hadoop.http.lib.StaticUserWebFilter$StaticUserFilter) to context logs
2019-08-20 19:41:33,930 [main] INFO  http.HttpServer2 (HttpServer2.java:bindListener(1191)) - Jetty bound to port 46671
2019-08-20 19:41:33,930 [main] INFO  server.Server (Server.java:doStart(351)) - jetty-9.3.24.v20180605, build timestamp: 2018-06-05T17:11:56Z, git hash: 84205aa28f11a4f31f2a3b86d1bba2cc8ab69827
2019-08-20 19:41:33,932 [main] INFO  handler.ContextHandler (ContextHandler.java:doStart(781)) - Started o.e.j.s.ServletContextHandler@3866c96e{/logs,file:///workdir/hadoop-ozone/integration-test/target/log,AVAILABLE}
2019-08-20 19:41:33,933 [main] INFO  handler.ContextHandler (ContextHandler.java:doStart(781)) - Started o.e.j.s.ServletContextHandler@5c76fce4{/static,jar:file:/home/user/.m2/repository/org/apache/hadoop/hadoop-hdds-container-service/0.5.0-SNAPSHOT/hadoop-hdds-container-service-0.5.0-SNAPSHOT.jar!/webapps/static,AVAILABLE}
2019-08-20 19:41:33,966 [main] INFO  handler.ContextHandler (ContextHandler.java:doStart(781)) - Started o.e.j.w.WebAppContext@2bc16fe2{/,file:///tmp/jetty-0.0.0.0-46671-hddsDatanode-_-any-462994895719465861.dir/webapp/,AVAILABLE}{/hddsDatanode}
2019-08-20 19:41:33,966 [main] INFO  server.AbstractConnector (AbstractConnector.java:doStart(278)) - Started ServerConnector@d66502{HTTP/1.1,[http/1.1]}{0.0.0.0:46671}
2019-08-20 19:41:33,968 [main] INFO  server.Server (Server.java:doStart(419)) - Started @8514ms
2019-08-20 19:41:33,969 [main] INFO  server.BaseHttpServer (BaseHttpServer.java:updateConnectorAddress(213)) - HTTP server of HDDSDATANODE is listening at http://0.0.0.0:46671
2019-08-20 19:41:34,086 | INFO  | ObjectStoreRestHttpServer | Listening HDDS REST traffic on /0.0.0.0:38522 |  
2019-08-20 19:41:34,086 [main] INFO  ozone.HddsDatanodeService (HddsDatanodeService.java:startPlugins(395)) - Started plug-in org.apache.hadoop.ozone.web.OzoneHddsDatanodeService@1aed6f0b
2019-08-20 19:41:34,087 [main] INFO  impl.MetricsSystemImpl (MetricsSystemImpl.java:init(158)) - HddsDatanode metrics system started (again)
2019-08-20 19:41:34,092 [main] INFO  ozone.HddsDatanodeService (HddsDatanodeService.java:start(184)) - HddsDatanodeService host:pr-hdds-1927-n56ck-2550958449 ip:192.168.157.205
2019-08-20 19:41:34,092 [org.apache.hadoop.util.JvmPauseMonitor$Monitor@1b477ebf] INFO  util.JvmPauseMonitor (JvmPauseMonitor.java:run(188)) - Starting JVM pause monitor
2019-08-20 19:41:34,095 [Datanode State Machine Thread - 0] INFO  datanode.InitDatanodeState (InitDatanodeState.java:persistContainerDatanodeDetails(140)) - DatanodeDetails is persisted to /workdir/hadoop-ozone/integration-test/target/test-dir/MiniOzoneClusterImpl-e13e4b4c-a51c-41ed-96f1-bc31a3706be2/datanode-8/meta/datanode.id
2019-08-20 19:41:34,102 [main] INFO  volume.HddsVolume (HddsVolume.java:<init>(176)) - Creating Volume: /workdir/hadoop-ozone/integration-test/target/test-dir/MiniOzoneClusterImpl-e13e4b4c-a51c-41ed-96f1-bc31a3706be2/datanode-9/data/containers/hdds of  storage type : DISK and capacity : 1482555576320
2019-08-20 19:41:34,102 [main] INFO  volume.VolumeSet (VolumeSet.java:initializeVolumeSet(170)) - Added Volume : /workdir/hadoop-ozone/integration-test/target/test-dir/MiniOzoneClusterImpl-e13e4b4c-a51c-41ed-96f1-bc31a3706be2/datanode-9/data/containers/hdds to VolumeSet
2019-08-20 19:41:34,102 [main] INFO  volume.ThrottledAsyncChecker (ThrottledAsyncChecker.java:schedule(140)) - Scheduling a check for org.apache.hadoop.ozone.container.common.volume.HddsVolume@14e3d439
2019-08-20 19:41:34,103 [main] INFO  volume.HddsVolumeChecker (HddsVolumeChecker.java:checkAllVolumes(203)) - Scheduled health check for volume org.apache.hadoop.ozone.container.common.volume.HddsVolume@14e3d439
2019-08-20 19:41:34,121 [main] INFO  impl.RaftServerProxy (ConfUtils.java:logGet(43)) - raft.rpc.type = GRPC (default)
2019-08-20 19:41:34,121 [main] INFO  grpc.GrpcFactory (GrpcFactory.java:checkPooledByteBufAllocatorUseCacheForAllThreads(45)) - PERFORMANCE WARNING: useCacheForAllThreads is true that may cause Netty to create a lot garbage objects and, as a result, trigger GC.
	It is recommended to disable useCacheForAllThreads by setting -Dorg.apache.ratis.thirdparty.io.netty.allocator.useCacheForAllThreads=false in command line.
2019-08-20 19:41:34,121 [main] INFO  grpc.GrpcConfigKeys$Server (ConfUtils.java:logGet(43)) - raft.grpc.server.port = 0 (default)
2019-08-20 19:41:34,122 [main] INFO  server.GrpcService (ConfUtils.java:logGet(43)) - raft.grpc.message.size.max = 33570816 (custom)
2019-08-20 19:41:34,122 [main] INFO  server.RaftServerConfigKeys (ConfUtils.java:logGet(43)) - raft.server.log.appender.buffer.byte-limit = 33554432 (custom)
2019-08-20 19:41:34,122 [main] INFO  server.GrpcService (ConfUtils.java:logGet(43)) - raft.grpc.flow.control.window = 1MB (=1048576) (default)
2019-08-20 19:41:34,122 [main] INFO  server.RaftServerConfigKeys (ConfUtils.java:logGet(43)) - raft.server.rpc.request.timeout = 3000ms (default)
2019-08-20 19:41:34,123 [main] INFO  server.RaftServerConfigKeys (ConfUtils.java:logGet(43)) - raft.server.storage.dir = [/workdir/hadoop-ozone/integration-test/target/test-dir/MiniOzoneClusterImpl-e13e4b4c-a51c-41ed-96f1-bc31a3706be2/datanode-9/data/ratis] (custom)
2019-08-20 19:41:34,123 [main] INFO  replication.SimpleContainerDownloader (SimpleContainerDownloader.java:<init>(72)) - Starting container downloader service to copy containers to replicate.
2019-08-20 19:41:34,124 [main] INFO  hdfs.DFSUtil (DFSUtil.java:httpServerTemplateForNNAndJN(1641)) - Starting Web-server for hddsDatanode at: http://0.0.0.0:0
2019-08-20 19:41:34,126 [main] INFO  server.AuthenticationFilter (AuthenticationFilter.java:constructSecretProvider(240)) - Unable to initialize FileSignerSecretProvider, falling back to use random secrets.
2019-08-20 19:41:34,126 [main] WARN  http.HttpRequestLog (HttpRequestLog.java:getRequestLog(97)) - Jetty request log can only be enabled using Log4j
2019-08-20 19:41:34,127 [main] INFO  http.HttpServer2 (HttpServer2.java:addGlobalFilter(975)) - Added global filter 'safety' (class=org.apache.hadoop.http.HttpServer2$QuotingInputFilter)
2019-08-20 19:41:34,128 [main] INFO  http.HttpServer2 (HttpServer2.java:addFilter(948)) - Added filter static_user_filter (class=org.apache.hadoop.http.lib.StaticUserWebFilter$StaticUserFilter) to context hddsDatanode
2019-08-20 19:41:34,128 [main] INFO  http.HttpServer2 (HttpServer2.java:addFilter(958)) - Added filter static_user_filter (class=org.apache.hadoop.http.lib.StaticUserWebFilter$StaticUserFilter) to context static
2019-08-20 19:41:34,128 [main] INFO  http.HttpServer2 (HttpServer2.java:addFilter(958)) - Added filter static_user_filter (class=org.apache.hadoop.http.lib.StaticUserWebFilter$StaticUserFilter) to context logs
2019-08-20 19:41:34,129 [main] INFO  http.HttpServer2 (HttpServer2.java:bindListener(1191)) - Jetty bound to port 45024
2019-08-20 19:41:34,129 [main] INFO  server.Server (Server.java:doStart(351)) - jetty-9.3.24.v20180605, build timestamp: 2018-06-05T17:11:56Z, git hash: 84205aa28f11a4f31f2a3b86d1bba2cc8ab69827
2019-08-20 19:41:34,131 [main] INFO  handler.ContextHandler (ContextHandler.java:doStart(781)) - Started o.e.j.s.ServletContextHandler@28f05b0c{/logs,file:///workdir/hadoop-ozone/integration-test/target/log,AVAILABLE}
2019-08-20 19:41:34,131 [main] INFO  handler.ContextHandler (ContextHandler.java:doStart(781)) - Started o.e.j.s.ServletContextHandler@6d3163a6{/static,jar:file:/home/user/.m2/repository/org/apache/hadoop/hadoop-hdds-container-service/0.5.0-SNAPSHOT/hadoop-hdds-container-service-0.5.0-SNAPSHOT.jar!/webapps/static,AVAILABLE}
2019-08-20 19:41:34,135 | INFO  | SCMAudit | user=jenkins1000 | ip=192.168.157.205 | op=GET_VERSION null | ret=SUCCESS |  
2019-08-20 19:41:34,155 [Datanode State Machine Thread - 0] INFO  ozoneimpl.OzoneContainer (OzoneContainer.java:start(186)) - Attempting to start container services.
2019-08-20 19:41:34,160 [Datanode State Machine Thread - 0] INFO  ozoneimpl.OzoneContainer (OzoneContainer.java:startContainerScrub(160)) - Background container scrubber has been disabled by hdds.containerscrub.enabled
2019-08-20 19:41:34,160 [Datanode State Machine Thread - 0] INFO  ratis.XceiverServerRatis (XceiverServerRatis.java:start(404)) - Starting XceiverServerRatis 2bc3458d-469e-4a51-8672-7abe5768ce0e at port 0
2019-08-20 19:41:34,163 [main] INFO  handler.ContextHandler (ContextHandler.java:doStart(781)) - Started o.e.j.w.WebAppContext@6b8bdcc6{/,file:///tmp/jetty-0.0.0.0-45024-hddsDatanode-_-any-1837217140992941189.dir/webapp/,AVAILABLE}{/hddsDatanode}
2019-08-20 19:41:34,164 [main] INFO  server.AbstractConnector (AbstractConnector.java:doStart(278)) - Started ServerConnector@213835b6{HTTP/1.1,[http/1.1]}{0.0.0.0:45024}
2019-08-20 19:41:34,164 [main] INFO  server.Server (Server.java:doStart(419)) - Started @8710ms
2019-08-20 19:41:34,166 [main] INFO  server.BaseHttpServer (BaseHttpServer.java:updateConnectorAddress(213)) - HTTP server of HDDSDATANODE is listening at http://0.0.0.0:45024
2019-08-20 19:41:34,182 [Datanode State Machine Thread - 0] INFO  impl.RaftServerProxy (RaftServerProxy.java:lambda$start$3(299)) - 2bc3458d-469e-4a51-8672-7abe5768ce0e: start RPC server
2019-08-20 19:41:34,290 | INFO  | ObjectStoreRestHttpServer | Listening HDDS REST traffic on /0.0.0.0:38158 |  
2019-08-20 19:41:34,290 [main] INFO  ozone.HddsDatanodeService (HddsDatanodeService.java:startPlugins(395)) - Started plug-in org.apache.hadoop.ozone.web.OzoneHddsDatanodeService@433d93e7
2019-08-20 19:41:34,294 [main] INFO  ozone.MiniOzoneClusterImpl (MiniOzoneClusterImpl.java:lambda$waitForClusterToBeReady$0(142)) - Waiting for cluster to be ready. Got 0 of 10 DN Heartbeats.
2019-08-20 19:41:34,296 [org.apache.hadoop.util.JvmPauseMonitor$Monitor@969484c] INFO  util.JvmPauseMonitor (JvmPauseMonitor.java:run(188)) - Starting JVM pause monitor
2019-08-20 19:41:34,299 [Datanode State Machine Thread - 0] INFO  datanode.InitDatanodeState (InitDatanodeState.java:persistContainerDatanodeDetails(140)) - DatanodeDetails is persisted to /workdir/hadoop-ozone/integration-test/target/test-dir/MiniOzoneClusterImpl-e13e4b4c-a51c-41ed-96f1-bc31a3706be2/datanode-9/meta/datanode.id
2019-08-20 19:41:34,319 | INFO  | SCMAudit | user=jenkins1000 | ip=192.168.157.205 | op=GET_VERSION null | ret=SUCCESS |  
2019-08-20 19:41:34,320 [Datanode State Machine Thread - 0] INFO  server.GrpcService (GrpcService.java:startImpl(149)) - 2bc3458d-469e-4a51-8672-7abe5768ce0e: GrpcService started, listening on 0.0.0.0/0.0.0.0:33472
2019-08-20 19:41:34,321 [Datanode State Machine Thread - 0] INFO  ratis.XceiverServerRatis (XceiverServerRatis.java:start(414)) - XceiverServerRatis 2bc3458d-469e-4a51-8672-7abe5768ce0e is started using port 33472
2019-08-20 19:41:34,323 [Datanode State Machine Thread - 0] INFO  server.XceiverServerGrpc (XceiverServerGrpc.java:start(161)) - XceiverServerGrpc 2bc3458d-469e-4a51-8672-7abe5768ce0e is started using port 45386
2019-08-20 19:41:34,335 [Datanode State Machine Thread - 0] INFO  ozoneimpl.OzoneContainer (OzoneContainer.java:start(186)) - Attempting to start container services.
2019-08-20 19:41:34,336 [Datanode State Machine Thread - 0] INFO  ozoneimpl.OzoneContainer (OzoneContainer.java:startContainerScrub(160)) - Background container scrubber has been disabled by hdds.containerscrub.enabled
2019-08-20 19:41:34,336 [Datanode State Machine Thread - 0] INFO  ratis.XceiverServerRatis (XceiverServerRatis.java:start(404)) - Starting XceiverServerRatis a9286357-6b15-4043-a893-920ae835d3d2 at port 0
2019-08-20 19:41:34,344 [Datanode State Machine Thread - 0] INFO  impl.RaftServerProxy (RaftServerProxy.java:lambda$start$3(299)) - a9286357-6b15-4043-a893-920ae835d3d2: start RPC server
2019-08-20 19:41:34,348 [Datanode State Machine Thread - 0] INFO  server.GrpcService (GrpcService.java:startImpl(149)) - a9286357-6b15-4043-a893-920ae835d3d2: GrpcService started, listening on 0.0.0.0/0.0.0.0:32972
2019-08-20 19:41:34,348 [Datanode State Machine Thread - 0] INFO  ratis.XceiverServerRatis (XceiverServerRatis.java:start(414)) - XceiverServerRatis a9286357-6b15-4043-a893-920ae835d3d2 is started using port 32972
2019-08-20 19:41:34,351 [Datanode State Machine Thread - 0] INFO  server.XceiverServerGrpc (XceiverServerGrpc.java:start(161)) - XceiverServerGrpc a9286357-6b15-4043-a893-920ae835d3d2 is started using port 41865
2019-08-20 19:41:34,551 | INFO  | SCMAudit | user=jenkins1000 | ip=192.168.157.205 | op=GET_VERSION null | ret=SUCCESS |  
2019-08-20 19:41:34,609 [Datanode State Machine Thread - 0] INFO  ozoneimpl.OzoneContainer (OzoneContainer.java:start(186)) - Attempting to start container services.
2019-08-20 19:41:34,609 [Datanode State Machine Thread - 0] INFO  ozoneimpl.OzoneContainer (OzoneContainer.java:startContainerScrub(160)) - Background container scrubber has been disabled by hdds.containerscrub.enabled
2019-08-20 19:41:34,610 [Datanode State Machine Thread - 0] INFO  ratis.XceiverServerRatis (XceiverServerRatis.java:start(404)) - Starting XceiverServerRatis 4076f294-af48-436f-ac12-9ab283e144bb at port 0
2019-08-20 19:41:34,619 [Datanode State Machine Thread - 0] INFO  impl.RaftServerProxy (RaftServerProxy.java:lambda$start$3(299)) - 4076f294-af48-436f-ac12-9ab283e144bb: start RPC server
2019-08-20 19:41:34,623 [Datanode State Machine Thread - 0] INFO  server.GrpcService (GrpcService.java:startImpl(149)) - 4076f294-af48-436f-ac12-9ab283e144bb: GrpcService started, listening on 0.0.0.0/0.0.0.0:33701
2019-08-20 19:41:34,623 [Datanode State Machine Thread - 0] INFO  ratis.XceiverServerRatis (XceiverServerRatis.java:start(414)) - XceiverServerRatis 4076f294-af48-436f-ac12-9ab283e144bb is started using port 33701
2019-08-20 19:41:34,627 [Datanode State Machine Thread - 0] INFO  server.XceiverServerGrpc (XceiverServerGrpc.java:start(161)) - XceiverServerGrpc 4076f294-af48-436f-ac12-9ab283e144bb is started using port 44775
2019-08-20 19:41:34,772 | INFO  | SCMAudit | user=jenkins1000 | ip=192.168.157.205 | op=GET_VERSION null | ret=SUCCESS |  
2019-08-20 19:41:34,800 [Datanode State Machine Thread - 0] INFO  ozoneimpl.OzoneContainer (OzoneContainer.java:start(186)) - Attempting to start container services.
2019-08-20 19:41:34,801 [Datanode State Machine Thread - 0] INFO  ozoneimpl.OzoneContainer (OzoneContainer.java:startContainerScrub(160)) - Background container scrubber has been disabled by hdds.containerscrub.enabled
2019-08-20 19:41:34,801 [Datanode State Machine Thread - 0] INFO  ratis.XceiverServerRatis (XceiverServerRatis.java:start(404)) - Starting XceiverServerRatis 7e48a0a7-bde4-47b7-8ad8-7f749fa46a32 at port 0
2019-08-20 19:41:34,810 [Datanode State Machine Thread - 0] INFO  impl.RaftServerProxy (RaftServerProxy.java:lambda$start$3(299)) - 7e48a0a7-bde4-47b7-8ad8-7f749fa46a32: start RPC server
2019-08-20 19:41:34,815 [Datanode State Machine Thread - 0] INFO  server.GrpcService (GrpcService.java:startImpl(149)) - 7e48a0a7-bde4-47b7-8ad8-7f749fa46a32: GrpcService started, listening on 0.0.0.0/0.0.0.0:36626
2019-08-20 19:41:34,815 [Datanode State Machine Thread - 0] INFO  ratis.XceiverServerRatis (XceiverServerRatis.java:start(414)) - XceiverServerRatis 7e48a0a7-bde4-47b7-8ad8-7f749fa46a32 is started using port 36626
2019-08-20 19:41:34,818 [Datanode State Machine Thread - 0] INFO  server.XceiverServerGrpc (XceiverServerGrpc.java:start(161)) - XceiverServerGrpc 7e48a0a7-bde4-47b7-8ad8-7f749fa46a32 is started using port 45673
2019-08-20 19:41:35,055 | INFO  | SCMAudit | user=jenkins1000 | ip=192.168.157.205 | op=GET_VERSION null | ret=SUCCESS |  
2019-08-20 19:41:35,080 [Datanode State Machine Thread - 0] INFO  ozoneimpl.OzoneContainer (OzoneContainer.java:start(186)) - Attempting to start container services.
2019-08-20 19:41:35,080 [Datanode State Machine Thread - 0] INFO  ozoneimpl.OzoneContainer (OzoneContainer.java:startContainerScrub(160)) - Background container scrubber has been disabled by hdds.containerscrub.enabled
2019-08-20 19:41:35,080 [Datanode State Machine Thread - 0] INFO  ratis.XceiverServerRatis (XceiverServerRatis.java:start(404)) - Starting XceiverServerRatis 0ddcad73-dd47-4236-bfae-d514011a99c3 at port 0
2019-08-20 19:41:35,089 [Datanode State Machine Thread - 0] INFO  impl.RaftServerProxy (RaftServerProxy.java:lambda$start$3(299)) - 0ddcad73-dd47-4236-bfae-d514011a99c3: start RPC server
2019-08-20 19:41:35,093 [Datanode State Machine Thread - 0] INFO  server.GrpcService (GrpcService.java:startImpl(149)) - 0ddcad73-dd47-4236-bfae-d514011a99c3: GrpcService started, listening on 0.0.0.0/0.0.0.0:38687
2019-08-20 19:41:35,093 [Datanode State Machine Thread - 0] INFO  ratis.XceiverServerRatis (XceiverServerRatis.java:start(414)) - XceiverServerRatis 0ddcad73-dd47-4236-bfae-d514011a99c3 is started using port 38687
2019-08-20 19:41:35,096 [Datanode State Machine Thread - 0] INFO  server.XceiverServerGrpc (XceiverServerGrpc.java:start(161)) - XceiverServerGrpc 0ddcad73-dd47-4236-bfae-d514011a99c3 is started using port 34662
2019-08-20 19:41:35,294 [main] INFO  ozone.MiniOzoneClusterImpl (MiniOzoneClusterImpl.java:lambda$waitForClusterToBeReady$0(142)) - Waiting for cluster to be ready. Got 0 of 10 DN Heartbeats.
2019-08-20 19:41:35,448 | INFO  | SCMAudit | user=jenkins1000 | ip=192.168.157.205 | op=GET_VERSION null | ret=SUCCESS |  
2019-08-20 19:41:35,462 [Datanode State Machine Thread - 0] INFO  ozoneimpl.OzoneContainer (OzoneContainer.java:start(186)) - Attempting to start container services.
2019-08-20 19:41:35,463 [Datanode State Machine Thread - 0] INFO  ozoneimpl.OzoneContainer (OzoneContainer.java:startContainerScrub(160)) - Background container scrubber has been disabled by hdds.containerscrub.enabled
2019-08-20 19:41:35,463 [Datanode State Machine Thread - 0] INFO  ratis.XceiverServerRatis (XceiverServerRatis.java:start(404)) - Starting XceiverServerRatis ee8f8b66-a0a6-4ed9-8105-e31fb13b4287 at port 0
2019-08-20 19:41:35,471 [Datanode State Machine Thread - 0] INFO  impl.RaftServerProxy (RaftServerProxy.java:lambda$start$3(299)) - ee8f8b66-a0a6-4ed9-8105-e31fb13b4287: start RPC server
2019-08-20 19:41:35,477 [Datanode State Machine Thread - 0] INFO  server.GrpcService (GrpcService.java:startImpl(149)) - ee8f8b66-a0a6-4ed9-8105-e31fb13b4287: GrpcService started, listening on 0.0.0.0/0.0.0.0:44060
2019-08-20 19:41:35,477 [Datanode State Machine Thread - 0] INFO  ratis.XceiverServerRatis (XceiverServerRatis.java:start(414)) - XceiverServerRatis ee8f8b66-a0a6-4ed9-8105-e31fb13b4287 is started using port 44060
2019-08-20 19:41:35,483 [Datanode State Machine Thread - 0] INFO  server.XceiverServerGrpc (XceiverServerGrpc.java:start(161)) - XceiverServerGrpc ee8f8b66-a0a6-4ed9-8105-e31fb13b4287 is started using port 39528
2019-08-20 19:41:35,676 | INFO  | SCMAudit | user=jenkins1000 | ip=192.168.157.205 | op=GET_VERSION null | ret=SUCCESS |  
2019-08-20 19:41:35,701 [Datanode State Machine Thread - 0] INFO  ozoneimpl.OzoneContainer (OzoneContainer.java:start(186)) - Attempting to start container services.
2019-08-20 19:41:35,701 [Datanode State Machine Thread - 0] INFO  ozoneimpl.OzoneContainer (OzoneContainer.java:startContainerScrub(160)) - Background container scrubber has been disabled by hdds.containerscrub.enabled
2019-08-20 19:41:35,702 [Datanode State Machine Thread - 0] INFO  ratis.XceiverServerRatis (XceiverServerRatis.java:start(404)) - Starting XceiverServerRatis 1eeec8c2-4c0f-4bc8-b0db-6391a5855575 at port 0
2019-08-20 19:41:35,709 [Datanode State Machine Thread - 0] INFO  impl.RaftServerProxy (RaftServerProxy.java:lambda$start$3(299)) - 1eeec8c2-4c0f-4bc8-b0db-6391a5855575: start RPC server
2019-08-20 19:41:35,715 [Datanode State Machine Thread - 0] INFO  server.GrpcService (GrpcService.java:startImpl(149)) - 1eeec8c2-4c0f-4bc8-b0db-6391a5855575: GrpcService started, listening on 0.0.0.0/0.0.0.0:39192
2019-08-20 19:41:35,715 [Datanode State Machine Thread - 0] INFO  ratis.XceiverServerRatis (XceiverServerRatis.java:start(414)) - XceiverServerRatis 1eeec8c2-4c0f-4bc8-b0db-6391a5855575 is started using port 39192
2019-08-20 19:41:35,720 [Datanode State Machine Thread - 0] INFO  server.XceiverServerGrpc (XceiverServerGrpc.java:start(161)) - XceiverServerGrpc 1eeec8c2-4c0f-4bc8-b0db-6391a5855575 is started using port 34143
2019-08-20 19:41:35,885 | INFO  | SCMAudit | user=jenkins1000 | ip=192.168.157.205 | op=GET_VERSION null | ret=SUCCESS |  
2019-08-20 19:41:35,910 [Datanode State Machine Thread - 0] INFO  ozoneimpl.OzoneContainer (OzoneContainer.java:start(186)) - Attempting to start container services.
2019-08-20 19:41:35,910 [Datanode State Machine Thread - 0] INFO  ozoneimpl.OzoneContainer (OzoneContainer.java:startContainerScrub(160)) - Background container scrubber has been disabled by hdds.containerscrub.enabled
2019-08-20 19:41:35,910 [Datanode State Machine Thread - 0] INFO  ratis.XceiverServerRatis (XceiverServerRatis.java:start(404)) - Starting XceiverServerRatis 8109623e-cc10-4f33-b553-5cc878b10d85 at port 0
2019-08-20 19:41:35,918 [Datanode State Machine Thread - 0] INFO  impl.RaftServerProxy (RaftServerProxy.java:lambda$start$3(299)) - 8109623e-cc10-4f33-b553-5cc878b10d85: start RPC server
2019-08-20 19:41:35,932 [Datanode State Machine Thread - 0] INFO  server.GrpcService (GrpcService.java:startImpl(149)) - 8109623e-cc10-4f33-b553-5cc878b10d85: GrpcService started, listening on 0.0.0.0/0.0.0.0:41929
2019-08-20 19:41:35,932 [Datanode State Machine Thread - 0] INFO  ratis.XceiverServerRatis (XceiverServerRatis.java:start(414)) - XceiverServerRatis 8109623e-cc10-4f33-b553-5cc878b10d85 is started using port 41929
2019-08-20 19:41:35,938 [Datanode State Machine Thread - 0] INFO  server.XceiverServerGrpc (XceiverServerGrpc.java:start(161)) - XceiverServerGrpc 8109623e-cc10-4f33-b553-5cc878b10d85 is started using port 42659
2019-08-20 19:41:36,095 | INFO  | SCMAudit | user=jenkins1000 | ip=192.168.157.205 | op=GET_VERSION null | ret=SUCCESS |  
2019-08-20 19:41:36,118 [Datanode State Machine Thread - 0] INFO  ozoneimpl.OzoneContainer (OzoneContainer.java:start(186)) - Attempting to start container services.
2019-08-20 19:41:36,118 [Datanode State Machine Thread - 0] INFO  ozoneimpl.OzoneContainer (OzoneContainer.java:startContainerScrub(160)) - Background container scrubber has been disabled by hdds.containerscrub.enabled
2019-08-20 19:41:36,118 [Datanode State Machine Thread - 0] INFO  ratis.XceiverServerRatis (XceiverServerRatis.java:start(404)) - Starting XceiverServerRatis 58cb59aa-46a6-4cbe-bb28-3c835a001716 at port 0
2019-08-20 19:41:36,128 [Datanode State Machine Thread - 0] INFO  impl.RaftServerProxy (RaftServerProxy.java:lambda$start$3(299)) - 58cb59aa-46a6-4cbe-bb28-3c835a001716: start RPC server
2019-08-20 19:41:36,136 [Datanode State Machine Thread - 0] INFO  server.GrpcService (GrpcService.java:startImpl(149)) - 58cb59aa-46a6-4cbe-bb28-3c835a001716: GrpcService started, listening on 0.0.0.0/0.0.0.0:43427
2019-08-20 19:41:36,137 [Datanode State Machine Thread - 0] INFO  ratis.XceiverServerRatis (XceiverServerRatis.java:start(414)) - XceiverServerRatis 58cb59aa-46a6-4cbe-bb28-3c835a001716 is started using port 43427
2019-08-20 19:41:36,157 [Datanode State Machine Thread - 0] INFO  server.XceiverServerGrpc (XceiverServerGrpc.java:start(161)) - XceiverServerGrpc 58cb59aa-46a6-4cbe-bb28-3c835a001716 is started using port 36160
2019-08-20 19:41:36,166 [IPC Server handler 5 on 34749] INFO  net.NetworkTopology (NetworkTopologyImpl.java:add(110)) - Added a new node: /rack1/2bc3458d-469e-4a51-8672-7abe5768ce0e
2019-08-20 19:41:36,169 [IPC Server handler 5 on 34749] INFO  node.SCMNodeManager (SCMNodeManager.java:register(273)) - Registered Data node : 2bc3458d-469e-4a51-8672-7abe5768ce0e{ip: 192.168.157.205, host: pr-hdds-1927-n56ck-2550958449, networkLocation: /rack1, certSerialId: null}
2019-08-20 19:41:36,174 [EventQueue-NodeRegistrationContainerReportForDataNodeSafeModeRule] INFO  safemode.SCMSafeModeManager (DataNodeSafeModeRule.java:process(71)) - SCM in safe mode. 1 DataNodes registered, 1 required.
2019-08-20 19:41:36,174 [EventQueue-NodeRegistrationContainerReportForDataNodeSafeModeRule] INFO  safemode.SCMSafeModeManager (SCMSafeModeManager.java:validateSafeModeExitRules(177)) - ScmSafeModeManager, all rules are successfully validated
2019-08-20 19:41:36,175 [EventQueue-NodeRegistrationContainerReportForDataNodeSafeModeRule] INFO  safemode.SCMSafeModeManager (SCMSafeModeManager.java:exitSafeMode(193)) - SCM exiting safe mode.
2019-08-20 19:41:36,181 | INFO  | SCMAudit | user=jenkins1000 | ip=192.168.157.205 | op=REGISTER {datanodeDetails=2bc3458d-469e-4a51-8672-7abe5768ce0e{ip: 192.168.157.205, host: pr-hdds-1927-n56ck-2550958449, networkLocation: /default-rack, certSerialId: null}} | ret=SUCCESS |  
2019-08-20 19:41:36,296 [main] INFO  ozone.MiniOzoneClusterImpl (MiniOzoneClusterImpl.java:lambda$waitForClusterToBeReady$0(142)) - Waiting for cluster to be ready. Got 1 of 10 DN Heartbeats.
2019-08-20 19:41:36,303 | INFO  | SCMAudit | user=jenkins1000 | ip=192.168.157.205 | op=GET_VERSION null | ret=SUCCESS |  
2019-08-20 19:41:36,320 [Datanode State Machine Thread - 0] INFO  ozoneimpl.OzoneContainer (OzoneContainer.java:start(186)) - Attempting to start container services.
2019-08-20 19:41:36,320 [IPC Server handler 2 on 34749] INFO  net.NetworkTopology (NetworkTopologyImpl.java:add(110)) - Added a new node: /rack1/a9286357-6b15-4043-a893-920ae835d3d2
2019-08-20 19:41:36,320 [Datanode State Machine Thread - 0] INFO  ozoneimpl.OzoneContainer (OzoneContainer.java:startContainerScrub(160)) - Background container scrubber has been disabled by hdds.containerscrub.enabled
2019-08-20 19:41:36,320 [IPC Server handler 2 on 34749] INFO  node.SCMNodeManager (SCMNodeManager.java:register(273)) - Registered Data node : a9286357-6b15-4043-a893-920ae835d3d2{ip: 192.168.157.205, host: pr-hdds-1927-n56ck-2550958449, networkLocation: /rack1, certSerialId: null}
2019-08-20 19:41:36,321 [Datanode State Machine Thread - 0] INFO  ratis.XceiverServerRatis (XceiverServerRatis.java:start(404)) - Starting XceiverServerRatis 3a5f5f92-1fbc-4da9-891b-fb9af6a803f0 at port 0
2019-08-20 19:41:36,321 | INFO  | SCMAudit | user=jenkins1000 | ip=192.168.157.205 | op=REGISTER {datanodeDetails=a9286357-6b15-4043-a893-920ae835d3d2{ip: 192.168.157.205, host: pr-hdds-1927-n56ck-2550958449, networkLocation: /default-rack, certSerialId: null}} | ret=SUCCESS |  
2019-08-20 19:41:36,328 [Datanode State Machine Thread - 0] INFO  impl.RaftServerProxy (RaftServerProxy.java:lambda$start$3(299)) - 3a5f5f92-1fbc-4da9-891b-fb9af6a803f0: start RPC server
2019-08-20 19:41:36,334 [Datanode State Machine Thread - 0] INFO  server.GrpcService (GrpcService.java:startImpl(149)) - 3a5f5f92-1fbc-4da9-891b-fb9af6a803f0: GrpcService started, listening on 0.0.0.0/0.0.0.0:37319
2019-08-20 19:41:36,334 [Datanode State Machine Thread - 0] INFO  ratis.XceiverServerRatis (XceiverServerRatis.java:start(414)) - XceiverServerRatis 3a5f5f92-1fbc-4da9-891b-fb9af6a803f0 is started using port 37319
2019-08-20 19:41:36,363 [Datanode State Machine Thread - 0] INFO  server.XceiverServerGrpc (XceiverServerGrpc.java:start(161)) - XceiverServerGrpc 3a5f5f92-1fbc-4da9-891b-fb9af6a803f0 is started using port 38913
2019-08-20 19:41:36,553 [IPC Server handler 3 on 34749] INFO  net.NetworkTopology (NetworkTopologyImpl.java:add(110)) - Added a new node: /rack1/4076f294-af48-436f-ac12-9ab283e144bb
2019-08-20 19:41:36,553 [IPC Server handler 3 on 34749] INFO  node.SCMNodeManager (SCMNodeManager.java:register(273)) - Registered Data node : 4076f294-af48-436f-ac12-9ab283e144bb{ip: 192.168.157.205, host: pr-hdds-1927-n56ck-2550958449, networkLocation: /rack1, certSerialId: null}
2019-08-20 19:41:36,554 | INFO  | SCMAudit | user=jenkins1000 | ip=192.168.157.205 | op=REGISTER {datanodeDetails=4076f294-af48-436f-ac12-9ab283e144bb{ip: 192.168.157.205, host: pr-hdds-1927-n56ck-2550958449, networkLocation: /default-rack, certSerialId: null}} | ret=SUCCESS |  
2019-08-20 19:41:37,189 [IPC Server handler 6 on 34749] INFO  net.NetworkTopology (NetworkTopologyImpl.java:add(110)) - Added a new node: /rack1/0ddcad73-dd47-4236-bfae-d514011a99c3
2019-08-20 19:41:37,190 [IPC Server handler 19 on 34749] INFO  net.NetworkTopology (NetworkTopologyImpl.java:add(110)) - Added a new node: /rack1/7e48a0a7-bde4-47b7-8ad8-7f749fa46a32
2019-08-20 19:41:37,190 [IPC Server handler 6 on 34749] INFO  node.SCMNodeManager (SCMNodeManager.java:register(273)) - Registered Data node : 0ddcad73-dd47-4236-bfae-d514011a99c3{ip: 192.168.157.205, host: pr-hdds-1927-n56ck-2550958449, networkLocation: /rack1, certSerialId: null}
2019-08-20 19:41:37,190 [IPC Server handler 19 on 34749] INFO  node.SCMNodeManager (SCMNodeManager.java:register(273)) - Registered Data node : 7e48a0a7-bde4-47b7-8ad8-7f749fa46a32{ip: 192.168.157.205, host: pr-hdds-1927-n56ck-2550958449, networkLocation: /rack1, certSerialId: null}
2019-08-20 19:41:37,191 | INFO  | SCMAudit | user=jenkins1000 | ip=192.168.157.205 | op=REGISTER {datanodeDetails=7e48a0a7-bde4-47b7-8ad8-7f749fa46a32{ip: 192.168.157.205, host: pr-hdds-1927-n56ck-2550958449, networkLocation: /default-rack, certSerialId: null}} | ret=SUCCESS |  
2019-08-20 19:41:37,191 | INFO  | SCMAudit | user=jenkins1000 | ip=192.168.157.205 | op=REGISTER {datanodeDetails=0ddcad73-dd47-4236-bfae-d514011a99c3{ip: 192.168.157.205, host: pr-hdds-1927-n56ck-2550958449, networkLocation: /default-rack, certSerialId: null}} | ret=SUCCESS |  
2019-08-20 19:41:37,338 [main] INFO  ozone.MiniOzoneClusterImpl (MiniOzoneClusterImpl.java:lambda$waitForClusterToBeReady$0(142)) - Waiting for cluster to be ready. Got 5 of 10 DN Heartbeats.
2019-08-20 19:41:37,448 [IPC Server handler 3 on 34749] INFO  net.NetworkTopology (NetworkTopologyImpl.java:add(110)) - Added a new node: /rack1/ee8f8b66-a0a6-4ed9-8105-e31fb13b4287
2019-08-20 19:41:37,448 [IPC Server handler 3 on 34749] INFO  node.SCMNodeManager (SCMNodeManager.java:register(273)) - Registered Data node : ee8f8b66-a0a6-4ed9-8105-e31fb13b4287{ip: 192.168.157.205, host: pr-hdds-1927-n56ck-2550958449, networkLocation: /rack1, certSerialId: null}
2019-08-20 19:41:37,449 | INFO  | SCMAudit | user=jenkins1000 | ip=192.168.157.205 | op=REGISTER {datanodeDetails=ee8f8b66-a0a6-4ed9-8105-e31fb13b4287{ip: 192.168.157.205, host: pr-hdds-1927-n56ck-2550958449, networkLocation: /default-rack, certSerialId: null}} | ret=SUCCESS |  
2019-08-20 19:41:37,528 [grpc-default-executor-0] INFO  impl.RaftServerProxy (RaftServerProxy.java:addNew(89)) - 2bc3458d-469e-4a51-8672-7abe5768ce0e: addNew group-96FD08FB1942:[2bc3458d-469e-4a51-8672-7abe5768ce0e:192.168.157.205:33472] returns group-96FD08FB1942:java.util.concurrent.CompletableFuture@5f5d63f3[Not completed]
2019-08-20 19:41:37,555 [pool-27-thread-1] INFO  impl.RaftServerImpl (RaftServerImpl.java:<init>(93)) - 2bc3458d-469e-4a51-8672-7abe5768ce0e: new RaftServerImpl for group-96FD08FB1942:[2bc3458d-469e-4a51-8672-7abe5768ce0e:192.168.157.205:33472] with ContainerStateMachine:uninitialized
2019-08-20 19:41:37,557 [pool-27-thread-1] INFO  server.RaftServerConfigKeys (ConfUtils.java:logGet(43)) - raft.server.rpc.timeout.min = 1s (custom)
2019-08-20 19:41:37,560 [pool-27-thread-1] INFO  server.RaftServerConfigKeys (ConfUtils.java:logGet(43)) - raft.server.rpc.timeout.max = 1200ms (custom)
2019-08-20 19:41:37,560 [pool-27-thread-1] INFO  server.RaftServerConfigKeys (ConfUtils.java:logGet(43)) - raft.server.rpcslowness.timeout = 120s (custom)
2019-08-20 19:41:37,561 [pool-27-thread-1] INFO  server.RaftServerConfigKeys (ConfUtils.java:logGet(43)) - raft.server.sleep.deviation.threshold = 300 (default)
2019-08-20 19:41:37,562 [pool-27-thread-1] INFO  server.RaftServerConfigKeys (ConfUtils.java:logGet(43)) - raft.server.log.appender.install.snapshot.enabled = false (custom)
2019-08-20 19:41:37,572 [pool-27-thread-1] INFO  impl.RaftServerImpl (ServerState.java:<init>(105)) - 2bc3458d-469e-4a51-8672-7abe5768ce0e:group-96FD08FB1942 ConfigurationManager, init=-1: [2bc3458d-469e-4a51-8672-7abe5768ce0e:192.168.157.205:33472], old=null, confs=<EMPTY_MAP>
2019-08-20 19:41:37,573 [pool-27-thread-1] INFO  server.RaftServerConfigKeys (ConfUtils.java:logGet(43)) - raft.server.storage.dir = [/workdir/hadoop-ozone/integration-test/target/test-dir/MiniOzoneClusterImpl-e13e4b4c-a51c-41ed-96f1-bc31a3706be2/datanode-0/data/ratis] (custom)
2019-08-20 19:41:37,582 [pool-27-thread-1] INFO  storage.RaftStorageDirectory (RaftStorageDirectory.java:analyzeStorage(246)) - The storage directory /workdir/hadoop-ozone/integration-test/target/test-dir/MiniOzoneClusterImpl-e13e4b4c-a51c-41ed-96f1-bc31a3706be2/datanode-0/data/ratis/a7d736d9-94ed-43e0-a158-96fd08fb1942 does not exist. Creating ...
2019-08-20 19:41:37,601 [pool-27-thread-1] INFO  storage.RaftStorageDirectory (RaftStorageDirectory.java:tryLock(328)) - Lock on /workdir/hadoop-ozone/integration-test/target/test-dir/MiniOzoneClusterImpl-e13e4b4c-a51c-41ed-96f1-bc31a3706be2/datanode-0/data/ratis/a7d736d9-94ed-43e0-a158-96fd08fb1942/in_use.lock acquired by nodename 22599@pr-hdds-1927-n56ck-2550958449
2019-08-20 19:41:37,617 [pool-27-thread-1] INFO  storage.RaftStorage (RaftStorage.java:format(72)) - Storage directory /workdir/hadoop-ozone/integration-test/target/test-dir/MiniOzoneClusterImpl-e13e4b4c-a51c-41ed-96f1-bc31a3706be2/datanode-0/data/ratis/a7d736d9-94ed-43e0-a158-96fd08fb1942 has been successfully formatted.
2019-08-20 19:41:37,619 [pool-27-thread-1] INFO  ratis.ContainerStateMachine (ContainerStateMachine.java:loadSnapshot(222)) - group-96FD08FB1942: The snapshot info is null. Setting the last applied indexto:(t:0, i:~)
2019-08-20 19:41:37,620 [pool-27-thread-1] INFO  server.RaftServerConfigKeys (ConfUtils.java:logGet(43)) - raft.server.leader.election.timeout = 120s (custom)
2019-08-20 19:41:37,622 [pool-27-thread-1] INFO  server.RaftServerConfigKeys (ConfUtils.java:logGet(43)) - raft.server.log.use.memory = false (default)
2019-08-20 19:41:37,629 [pool-27-thread-1] INFO  server.RaftServerConfigKeys (ConfUtils.java:logGet(43)) - raft.server.log.purge.gap = 1000000 (custom)
2019-08-20 19:41:37,629 [pool-27-thread-1] INFO  server.RaftServerConfigKeys (ConfUtils.java:logGet(43)) - raft.server.log.appender.buffer.byte-limit = 33554432 (custom)
2019-08-20 19:41:37,631 [pool-27-thread-1] INFO  server.RaftServerConfigKeys (ConfUtils.java:logGet(43)) - raft.server.log.segment.size.max = 1048576 (custom)
2019-08-20 19:41:37,637 [pool-27-thread-1] INFO  server.RaftServerConfigKeys (ConfUtils.java:logGet(43)) - raft.server.log.segment.cache.num.max = 2 (custom)
2019-08-20 19:41:37,644 [pool-27-thread-1] INFO  segmented.SegmentedRaftLogWorker (SegmentedRaftLogWorker.java:<init>(172)) - new 2bc3458d-469e-4a51-8672-7abe5768ce0e-SegmentedRaftLogWorker:Storage Directory /workdir/hadoop-ozone/integration-test/target/test-dir/MiniOzoneClusterImpl-e13e4b4c-a51c-41ed-96f1-bc31a3706be2/datanode-0/data/ratis/a7d736d9-94ed-43e0-a158-96fd08fb1942 for RaftStorage:Storage Directory /workdir/hadoop-ozone/integration-test/target/test-dir/MiniOzoneClusterImpl-e13e4b4c-a51c-41ed-96f1-bc31a3706be2/datanode-0/data/ratis/a7d736d9-94ed-43e0-a158-96fd08fb1942
2019-08-20 19:41:37,658 [pool-27-thread-1] INFO  server.RaftServerConfigKeys (ConfUtils.java:logGet(43)) - raft.server.log.queue.byte-limit = 2147483647 (custom)
2019-08-20 19:41:37,658 [pool-27-thread-1] INFO  server.RaftServerConfigKeys (ConfUtils.java:logGet(43)) - raft.server.log.queue.element-limit = 1024 (custom)
2019-08-20 19:41:37,664 [pool-27-thread-1] INFO  server.RaftServerConfigKeys (ConfUtils.java:logGet(43)) - raft.server.log.segment.size.max = 1048576 (custom)
2019-08-20 19:41:37,664 [pool-27-thread-1] INFO  server.RaftServerConfigKeys (ConfUtils.java:logGet(43)) - raft.server.log.preallocated.size = 16384 (custom)
2019-08-20 19:41:37,665 [pool-27-thread-1] INFO  server.RaftServerConfigKeys (ConfUtils.java:logGet(43)) - raft.server.log.write.buffer.size = 33554432 (custom)
2019-08-20 19:41:37,665 [pool-27-thread-1] INFO  server.RaftServerConfigKeys (ConfUtils.java:logGet(43)) - raft.server.log.force.sync.num = 128 (default)
2019-08-20 19:41:37,666 [pool-27-thread-1] INFO  server.RaftServerConfigKeys (ConfUtils.java:logGet(43)) - raft.server.log.statemachine.data.sync = true (default)
2019-08-20 19:41:37,666 [pool-27-thread-1] INFO  server.RaftServerConfigKeys (ConfUtils.java:logGet(43)) - raft.server.log.statemachine.data.sync.timeout = 10s (default)
2019-08-20 19:41:37,667 [pool-27-thread-1] INFO  server.RaftServerConfigKeys (ConfUtils.java:logGet(43)) - raft.server.log.statemachine.data.sync.timeout.retry = -1 (default)
2019-08-20 19:41:37,676 [IPC Server handler 1 on 34749] INFO  net.NetworkTopology (NetworkTopologyImpl.java:add(110)) - Added a new node: /rack1/1eeec8c2-4c0f-4bc8-b0db-6391a5855575
2019-08-20 19:41:37,679 [IPC Server handler 1 on 34749] INFO  node.SCMNodeManager (SCMNodeManager.java:register(273)) - Registered Data node : 1eeec8c2-4c0f-4bc8-b0db-6391a5855575{ip: 192.168.157.205, host: pr-hdds-1927-n56ck-2550958449, networkLocation: /rack1, certSerialId: null}
2019-08-20 19:41:37,680 | INFO  | SCMAudit | user=jenkins1000 | ip=192.168.157.205 | op=REGISTER {datanodeDetails=1eeec8c2-4c0f-4bc8-b0db-6391a5855575{ip: 192.168.157.205, host: pr-hdds-1927-n56ck-2550958449, networkLocation: /default-rack, certSerialId: null}} | ret=SUCCESS |  
2019-08-20 19:41:37,682 [pool-27-thread-1] INFO  server.RaftServerConfigKeys (ConfUtils.java:logGet(43)) - raft.server.log.statemachine.data.caching.enabled = true (custom)
2019-08-20 19:41:37,686 [pool-27-thread-1] INFO  segmented.SegmentedRaftLogWorker (SegmentedRaftLogWorker.java:lambda$new$0(132)) - 2bc3458d-469e-4a51-8672-7abe5768ce0e-SegmentedRaftLogWorker:Storage Directory /workdir/hadoop-ozone/integration-test/target/test-dir/MiniOzoneClusterImpl-e13e4b4c-a51c-41ed-96f1-bc31a3706be2/datanode-0/data/ratis/a7d736d9-94ed-43e0-a158-96fd08fb1942: flushIndex: setUnconditionally 0 -> -1
2019-08-20 19:41:37,691 [pool-27-thread-1] INFO  server.RaftServerConfigKeys (ConfUtils.java:logGet(43)) - raft.server.snapshot.auto.trigger.enabled = true (custom)
2019-08-20 19:41:37,692 [pool-27-thread-1] INFO  server.RaftServerConfigKeys (ConfUtils.java:logGet(43)) - raft.server.snapshot.auto.trigger.threshold = 10000 (custom)
2019-08-20 19:41:37,692 [pool-27-thread-1] INFO  server.RaftServerConfigKeys (ConfUtils.java:logGet(43)) - raft.server.retrycache.expirytime = 600000ms (custom)
2019-08-20 19:41:37,712 [pool-27-thread-1] INFO  impl.RaftServerImpl (RaftServerImpl.java:start(180)) - 2bc3458d-469e-4a51-8672-7abe5768ce0e: start group-96FD08FB1942
2019-08-20 19:41:37,713 [pool-27-thread-1] INFO  impl.RaftServerImpl (RaftServerImpl.java:setRole(171)) - 2bc3458d-469e-4a51-8672-7abe5768ce0e:group-96FD08FB1942 changes role from null to FOLLOWER at term 0 for startAsFollower
2019-08-20 19:41:37,714 [pool-27-thread-1] INFO  impl.RoleInfo (RoleInfo.java:updateAndGet(143)) - 2bc3458d-469e-4a51-8672-7abe5768ce0e: start FollowerState
2019-08-20 19:41:37,716 [pool-27-thread-1] INFO  util.JmxRegister (JmxRegister.java:tryRegister(44)) - Successfully registered JMX Bean with object name Ratis:service=RaftServer,group=group-96FD08FB1942,id=2bc3458d-469e-4a51-8672-7abe5768ce0e
2019-08-20 19:41:37,780 [RatisPipelineUtilsThread] INFO  pipeline.PipelineStateManager (PipelineStateManager.java:addPipeline(56)) - Created pipeline Pipeline[ Id: a7d736d9-94ed-43e0-a158-96fd08fb1942, Nodes: 2bc3458d-469e-4a51-8672-7abe5768ce0e{ip: 192.168.157.205, host: pr-hdds-1927-n56ck-2550958449, networkLocation: /rack1, certSerialId: null}, Type:RATIS, Factor:ONE, State:OPEN]
2019-08-20 19:41:37,812 [grpc-default-executor-1] INFO  impl.RaftServerProxy (RaftServerProxy.java:addNew(89)) - ee8f8b66-a0a6-4ed9-8105-e31fb13b4287: addNew group-D9F71F650CA7:[ee8f8b66-a0a6-4ed9-8105-e31fb13b4287:192.168.157.205:44060] returns group-D9F71F650CA7:java.util.concurrent.CompletableFuture@1226ada7[Not completed]
2019-08-20 19:41:37,898 [pool-82-thread-1] INFO  impl.RaftServerImpl (RaftServerImpl.java:<init>(93)) - ee8f8b66-a0a6-4ed9-8105-e31fb13b4287: new RaftServerImpl for group-D9F71F650CA7:[ee8f8b66-a0a6-4ed9-8105-e31fb13b4287:192.168.157.205:44060] with ContainerStateMachine:uninitialized
2019-08-20 19:41:37,899 [pool-82-thread-1] INFO  server.RaftServerConfigKeys (ConfUtils.java:logGet(43)) - raft.server.rpc.timeout.min = 1s (custom)
2019-08-20 19:41:37,900 [pool-82-thread-1] INFO  server.RaftServerConfigKeys (ConfUtils.java:logGet(43)) - raft.server.rpc.timeout.max = 1200ms (custom)
2019-08-20 19:41:37,900 [pool-82-thread-1] INFO  server.RaftServerConfigKeys (ConfUtils.java:logGet(43)) - raft.server.rpcslowness.timeout = 120s (custom)
2019-08-20 19:41:37,900 [IPC Server handler 4 on 34749] INFO  net.NetworkTopology (NetworkTopologyImpl.java:add(110)) - Added a new node: /rack1/8109623e-cc10-4f33-b553-5cc878b10d85
2019-08-20 19:41:37,900 [pool-82-thread-1] INFO  server.RaftServerConfigKeys (ConfUtils.java:logGet(43)) - raft.server.sleep.deviation.threshold = 300 (default)
2019-08-20 19:41:37,900 [IPC Server handler 4 on 34749] INFO  node.SCMNodeManager (SCMNodeManager.java:register(273)) - Registered Data node : 8109623e-cc10-4f33-b553-5cc878b10d85{ip: 192.168.157.205, host: pr-hdds-1927-n56ck-2550958449, networkLocation: /rack1, certSerialId: null}
2019-08-20 19:41:37,900 [pool-82-thread-1] INFO  server.RaftServerConfigKeys (ConfUtils.java:logGet(43)) - raft.server.log.appender.install.snapshot.enabled = false (custom)
2019-08-20 19:41:37,901 [pool-82-thread-1] INFO  impl.RaftServerImpl (ServerState.java:<init>(105)) - ee8f8b66-a0a6-4ed9-8105-e31fb13b4287:group-D9F71F650CA7 ConfigurationManager, init=-1: [ee8f8b66-a0a6-4ed9-8105-e31fb13b4287:192.168.157.205:44060], old=null, confs=<EMPTY_MAP>
2019-08-20 19:41:37,901 | INFO  | SCMAudit | user=jenkins1000 | ip=192.168.157.205 | op=REGISTER {datanodeDetails=8109623e-cc10-4f33-b553-5cc878b10d85{ip: 192.168.157.205, host: pr-hdds-1927-n56ck-2550958449, networkLocation: /default-rack, certSerialId: null}} | ret=SUCCESS |  
2019-08-20 19:41:37,901 [pool-82-thread-1] INFO  server.RaftServerConfigKeys (ConfUtils.java:logGet(43)) - raft.server.storage.dir = [/workdir/hadoop-ozone/integration-test/target/test-dir/MiniOzoneClusterImpl-e13e4b4c-a51c-41ed-96f1-bc31a3706be2/datanode-5/data/ratis] (custom)
2019-08-20 19:41:37,901 [pool-82-thread-1] INFO  storage.RaftStorageDirectory (RaftStorageDirectory.java:analyzeStorage(246)) - The storage directory /workdir/hadoop-ozone/integration-test/target/test-dir/MiniOzoneClusterImpl-e13e4b4c-a51c-41ed-96f1-bc31a3706be2/datanode-5/data/ratis/142d2a61-90d2-4b1b-ab33-d9f71f650ca7 does not exist. Creating ...
2019-08-20 19:41:37,915 [pool-82-thread-1] INFO  storage.RaftStorageDirectory (RaftStorageDirectory.java:tryLock(328)) - Lock on /workdir/hadoop-ozone/integration-test/target/test-dir/MiniOzoneClusterImpl-e13e4b4c-a51c-41ed-96f1-bc31a3706be2/datanode-5/data/ratis/142d2a61-90d2-4b1b-ab33-d9f71f650ca7/in_use.lock acquired by nodename 22599@pr-hdds-1927-n56ck-2550958449
2019-08-20 19:41:37,929 [pool-82-thread-1] INFO  storage.RaftStorage (RaftStorage.java:format(72)) - Storage directory /workdir/hadoop-ozone/integration-test/target/test-dir/MiniOzoneClusterImpl-e13e4b4c-a51c-41ed-96f1-bc31a3706be2/datanode-5/data/ratis/142d2a61-90d2-4b1b-ab33-d9f71f650ca7 has been successfully formatted.
2019-08-20 19:41:37,931 [pool-82-thread-1] INFO  ratis.ContainerStateMachine (ContainerStateMachine.java:loadSnapshot(222)) - group-D9F71F650CA7: The snapshot info is null. Setting the last applied indexto:(t:0, i:~)
2019-08-20 19:41:37,932 [pool-82-thread-1] INFO  server.RaftServerConfigKeys (ConfUtils.java:logGet(43)) - raft.server.leader.election.timeout = 120s (custom)
2019-08-20 19:41:37,933 [pool-82-thread-1] INFO  server.RaftServerConfigKeys (ConfUtils.java:logGet(43)) - raft.server.log.use.memory = false (default)
2019-08-20 19:41:37,933 [pool-82-thread-1] INFO  server.RaftServerConfigKeys (ConfUtils.java:logGet(43)) - raft.server.log.purge.gap = 1000000 (custom)
2019-08-20 19:41:37,933 [pool-82-thread-1] INFO  server.RaftServerConfigKeys (ConfUtils.java:logGet(43)) - raft.server.log.appender.buffer.byte-limit = 33554432 (custom)
2019-08-20 19:41:37,933 [pool-82-thread-1] INFO  server.RaftServerConfigKeys (ConfUtils.java:logGet(43)) - raft.server.log.segment.size.max = 1048576 (custom)
2019-08-20 19:41:37,933 [pool-82-thread-1] INFO  server.RaftServerConfigKeys (ConfUtils.java:logGet(43)) - raft.server.log.segment.cache.num.max = 2 (custom)
2019-08-20 19:41:37,933 [pool-82-thread-1] INFO  segmented.SegmentedRaftLogWorker (SegmentedRaftLogWorker.java:<init>(172)) - new ee8f8b66-a0a6-4ed9-8105-e31fb13b4287-SegmentedRaftLogWorker:Storage Directory /workdir/hadoop-ozone/integration-test/target/test-dir/MiniOzoneClusterImpl-e13e4b4c-a51c-41ed-96f1-bc31a3706be2/datanode-5/data/ratis/142d2a61-90d2-4b1b-ab33-d9f71f650ca7 for RaftStorage:Storage Directory /workdir/hadoop-ozone/integration-test/target/test-dir/MiniOzoneClusterImpl-e13e4b4c-a51c-41ed-96f1-bc31a3706be2/datanode-5/data/ratis/142d2a61-90d2-4b1b-ab33-d9f71f650ca7
2019-08-20 19:41:37,935 [pool-82-thread-1] INFO  server.RaftServerConfigKeys (ConfUtils.java:logGet(43)) - raft.server.log.queue.byte-limit = 2147483647 (custom)
2019-08-20 19:41:37,935 [pool-82-thread-1] INFO  server.RaftServerConfigKeys (ConfUtils.java:logGet(43)) - raft.server.log.queue.element-limit = 1024 (custom)
2019-08-20 19:41:37,936 [pool-82-thread-1] INFO  server.RaftServerConfigKeys (ConfUtils.java:logGet(43)) - raft.server.log.segment.size.max = 1048576 (custom)
2019-08-20 19:41:37,936 [pool-82-thread-1] INFO  server.RaftServerConfigKeys (ConfUtils.java:logGet(43)) - raft.server.log.preallocated.size = 16384 (custom)
2019-08-20 19:41:37,936 [pool-82-thread-1] INFO  server.RaftServerConfigKeys (ConfUtils.java:logGet(43)) - raft.server.log.write.buffer.size = 33554432 (custom)
2019-08-20 19:41:37,936 [pool-82-thread-1] INFO  server.RaftServerConfigKeys (ConfUtils.java:logGet(43)) - raft.server.log.force.sync.num = 128 (default)
2019-08-20 19:41:37,936 [pool-82-thread-1] INFO  server.RaftServerConfigKeys (ConfUtils.java:logGet(43)) - raft.server.log.statemachine.data.sync = true (default)
2019-08-20 19:41:37,937 [pool-82-thread-1] INFO  server.RaftServerConfigKeys (ConfUtils.java:logGet(43)) - raft.server.log.statemachine.data.sync.timeout = 10s (default)
2019-08-20 19:41:37,937 [pool-82-thread-1] INFO  server.RaftServerConfigKeys (ConfUtils.java:logGet(43)) - raft.server.log.statemachine.data.sync.timeout.retry = -1 (default)
2019-08-20 19:41:37,937 [pool-82-thread-1] INFO  server.RaftServerConfigKeys (ConfUtils.java:logGet(43)) - raft.server.log.statemachine.data.caching.enabled = true (custom)
2019-08-20 19:41:37,938 [pool-82-thread-1] INFO  segmented.SegmentedRaftLogWorker (SegmentedRaftLogWorker.java:lambda$new$0(132)) - ee8f8b66-a0a6-4ed9-8105-e31fb13b4287-SegmentedRaftLogWorker:Storage Directory /workdir/hadoop-ozone/integration-test/target/test-dir/MiniOzoneClusterImpl-e13e4b4c-a51c-41ed-96f1-bc31a3706be2/datanode-5/data/ratis/142d2a61-90d2-4b1b-ab33-d9f71f650ca7: flushIndex: setUnconditionally 0 -> -1
2019-08-20 19:41:37,938 [pool-82-thread-1] INFO  server.RaftServerConfigKeys (ConfUtils.java:logGet(43)) - raft.server.snapshot.auto.trigger.enabled = true (custom)
2019-08-20 19:41:37,938 [pool-82-thread-1] INFO  server.RaftServerConfigKeys (ConfUtils.java:logGet(43)) - raft.server.snapshot.auto.trigger.threshold = 10000 (custom)
2019-08-20 19:41:37,939 [pool-82-thread-1] INFO  server.RaftServerConfigKeys (ConfUtils.java:logGet(43)) - raft.server.retrycache.expirytime = 600000ms (custom)
2019-08-20 19:41:37,939 [pool-82-thread-1] INFO  impl.RaftServerImpl (RaftServerImpl.java:start(180)) - ee8f8b66-a0a6-4ed9-8105-e31fb13b4287: start group-D9F71F650CA7
2019-08-20 19:41:37,939 [pool-82-thread-1] INFO  impl.RaftServerImpl (RaftServerImpl.java:setRole(171)) - ee8f8b66-a0a6-4ed9-8105-e31fb13b4287:group-D9F71F650CA7 changes role from null to FOLLOWER at term 0 for startAsFollower
2019-08-20 19:41:37,939 [pool-82-thread-1] INFO  impl.RoleInfo (RoleInfo.java:updateAndGet(143)) - ee8f8b66-a0a6-4ed9-8105-e31fb13b4287: start FollowerState
2019-08-20 19:41:37,941 [pool-82-thread-1] INFO  util.JmxRegister (JmxRegister.java:tryRegister(44)) - Successfully registered JMX Bean with object name Ratis:service=RaftServer,group=group-D9F71F650CA7,id=ee8f8b66-a0a6-4ed9-8105-e31fb13b4287
2019-08-20 19:41:37,960 [RatisPipelineUtilsThread] INFO  pipeline.PipelineStateManager (PipelineStateManager.java:addPipeline(56)) - Created pipeline Pipeline[ Id: 142d2a61-90d2-4b1b-ab33-d9f71f650ca7, Nodes: ee8f8b66-a0a6-4ed9-8105-e31fb13b4287{ip: 192.168.157.205, host: pr-hdds-1927-n56ck-2550958449, networkLocation: /rack1, certSerialId: null}, Type:RATIS, Factor:ONE, State:OPEN]
2019-08-20 19:41:37,992 [grpc-default-executor-1] INFO  impl.RaftServerProxy (RaftServerProxy.java:addNew(89)) - 1eeec8c2-4c0f-4bc8-b0db-6391a5855575: addNew group-3DFC4D60ADA1:[1eeec8c2-4c0f-4bc8-b0db-6391a5855575:192.168.157.205:39192] returns group-3DFC4D60ADA1:java.util.concurrent.CompletableFuture@456ed6bc[Not completed]
2019-08-20 19:41:38,014 [pool-93-thread-1] INFO  impl.RaftServerImpl (RaftServerImpl.java:<init>(93)) - 1eeec8c2-4c0f-4bc8-b0db-6391a5855575: new RaftServerImpl for group-3DFC4D60ADA1:[1eeec8c2-4c0f-4bc8-b0db-6391a5855575:192.168.157.205:39192] with ContainerStateMachine:uninitialized
2019-08-20 19:41:38,015 [pool-93-thread-1] INFO  server.RaftServerConfigKeys (ConfUtils.java:logGet(43)) - raft.server.rpc.timeout.min = 1s (custom)
2019-08-20 19:41:38,015 [pool-93-thread-1] INFO  server.RaftServerConfigKeys (ConfUtils.java:logGet(43)) - raft.server.rpc.timeout.max = 1200ms (custom)
2019-08-20 19:41:38,015 [pool-93-thread-1] INFO  server.RaftServerConfigKeys (ConfUtils.java:logGet(43)) - raft.server.rpcslowness.timeout = 120s (custom)
2019-08-20 19:41:38,015 [pool-93-thread-1] INFO  server.RaftServerConfigKeys (ConfUtils.java:logGet(43)) - raft.server.sleep.deviation.threshold = 300 (default)
2019-08-20 19:41:38,015 [pool-93-thread-1] INFO  server.RaftServerConfigKeys (ConfUtils.java:logGet(43)) - raft.server.log.appender.install.snapshot.enabled = false (custom)
2019-08-20 19:41:38,015 [pool-93-thread-1] INFO  impl.RaftServerImpl (ServerState.java:<init>(105)) - 1eeec8c2-4c0f-4bc8-b0db-6391a5855575:group-3DFC4D60ADA1 ConfigurationManager, init=-1: [1eeec8c2-4c0f-4bc8-b0db-6391a5855575:192.168.157.205:39192], old=null, confs=<EMPTY_MAP>
2019-08-20 19:41:38,016 [pool-93-thread-1] INFO  server.RaftServerConfigKeys (ConfUtils.java:logGet(43)) - raft.server.storage.dir = [/workdir/hadoop-ozone/integration-test/target/test-dir/MiniOzoneClusterImpl-e13e4b4c-a51c-41ed-96f1-bc31a3706be2/datanode-6/data/ratis] (custom)
2019-08-20 19:41:38,016 [pool-93-thread-1] INFO  storage.RaftStorageDirectory (RaftStorageDirectory.java:analyzeStorage(246)) - The storage directory /workdir/hadoop-ozone/integration-test/target/test-dir/MiniOzoneClusterImpl-e13e4b4c-a51c-41ed-96f1-bc31a3706be2/datanode-6/data/ratis/5ed69197-1f00-4862-88a9-3dfc4d60ada1 does not exist. Creating ...
2019-08-20 19:41:38,029 [pool-93-thread-1] INFO  storage.RaftStorageDirectory (RaftStorageDirectory.java:tryLock(328)) - Lock on /workdir/hadoop-ozone/integration-test/target/test-dir/MiniOzoneClusterImpl-e13e4b4c-a51c-41ed-96f1-bc31a3706be2/datanode-6/data/ratis/5ed69197-1f00-4862-88a9-3dfc4d60ada1/in_use.lock acquired by nodename 22599@pr-hdds-1927-n56ck-2550958449
2019-08-20 19:41:38,043 [pool-93-thread-1] INFO  storage.RaftStorage (RaftStorage.java:format(72)) - Storage directory /workdir/hadoop-ozone/integration-test/target/test-dir/MiniOzoneClusterImpl-e13e4b4c-a51c-41ed-96f1-bc31a3706be2/datanode-6/data/ratis/5ed69197-1f00-4862-88a9-3dfc4d60ada1 has been successfully formatted.
2019-08-20 19:41:38,043 [pool-93-thread-1] INFO  ratis.ContainerStateMachine (ContainerStateMachine.java:loadSnapshot(222)) - group-3DFC4D60ADA1: The snapshot info is null. Setting the last applied indexto:(t:0, i:~)
2019-08-20 19:41:38,043 [pool-93-thread-1] INFO  server.RaftServerConfigKeys (ConfUtils.java:logGet(43)) - raft.server.leader.election.timeout = 120s (custom)
2019-08-20 19:41:38,044 [pool-93-thread-1] INFO  server.RaftServerConfigKeys (ConfUtils.java:logGet(43)) - raft.server.log.use.memory = false (default)
2019-08-20 19:41:38,044 [pool-93-thread-1] INFO  server.RaftServerConfigKeys (ConfUtils.java:logGet(43)) - raft.server.log.purge.gap = 1000000 (custom)
2019-08-20 19:41:38,044 [pool-93-thread-1] INFO  server.RaftServerConfigKeys (ConfUtils.java:logGet(43)) - raft.server.log.appender.buffer.byte-limit = 33554432 (custom)
2019-08-20 19:41:38,044 [pool-93-thread-1] INFO  server.RaftServerConfigKeys (ConfUtils.java:logGet(43)) - raft.server.log.segment.size.max = 1048576 (custom)
2019-08-20 19:41:38,044 [pool-93-thread-1] INFO  server.RaftServerConfigKeys (ConfUtils.java:logGet(43)) - raft.server.log.segment.cache.num.max = 2 (custom)
2019-08-20 19:41:38,045 [pool-93-thread-1] INFO  segmented.SegmentedRaftLogWorker (SegmentedRaftLogWorker.java:<init>(172)) - new 1eeec8c2-4c0f-4bc8-b0db-6391a5855575-SegmentedRaftLogWorker:Storage Directory /workdir/hadoop-ozone/integration-test/target/test-dir/MiniOzoneClusterImpl-e13e4b4c-a51c-41ed-96f1-bc31a3706be2/datanode-6/data/ratis/5ed69197-1f00-4862-88a9-3dfc4d60ada1 for RaftStorage:Storage Directory /workdir/hadoop-ozone/integration-test/target/test-dir/MiniOzoneClusterImpl-e13e4b4c-a51c-41ed-96f1-bc31a3706be2/datanode-6/data/ratis/5ed69197-1f00-4862-88a9-3dfc4d60ada1
2019-08-20 19:41:38,045 [pool-93-thread-1] INFO  server.RaftServerConfigKeys (ConfUtils.java:logGet(43)) - raft.server.log.queue.byte-limit = 2147483647 (custom)
2019-08-20 19:41:38,045 [pool-93-thread-1] INFO  server.RaftServerConfigKeys (ConfUtils.java:logGet(43)) - raft.server.log.queue.element-limit = 1024 (custom)
2019-08-20 19:41:38,045 [pool-93-thread-1] INFO  server.RaftServerConfigKeys (ConfUtils.java:logGet(43)) - raft.server.log.segment.size.max = 1048576 (custom)
2019-08-20 19:41:38,046 [pool-93-thread-1] INFO  server.RaftServerConfigKeys (ConfUtils.java:logGet(43)) - raft.server.log.preallocated.size = 16384 (custom)
2019-08-20 19:41:38,046 [pool-93-thread-1] INFO  server.RaftServerConfigKeys (ConfUtils.java:logGet(43)) - raft.server.log.write.buffer.size = 33554432 (custom)
2019-08-20 19:41:38,046 [pool-93-thread-1] INFO  server.RaftServerConfigKeys (ConfUtils.java:logGet(43)) - raft.server.log.force.sync.num = 128 (default)
2019-08-20 19:41:38,046 [pool-93-thread-1] INFO  server.RaftServerConfigKeys (ConfUtils.java:logGet(43)) - raft.server.log.statemachine.data.sync = true (default)
2019-08-20 19:41:38,046 [pool-93-thread-1] INFO  server.RaftServerConfigKeys (ConfUtils.java:logGet(43)) - raft.server.log.statemachine.data.sync.timeout = 10s (default)
2019-08-20 19:41:38,047 [pool-93-thread-1] INFO  server.RaftServerConfigKeys (ConfUtils.java:logGet(43)) - raft.server.log.statemachine.data.sync.timeout.retry = -1 (default)
2019-08-20 19:41:38,047 [pool-93-thread-1] INFO  server.RaftServerConfigKeys (ConfUtils.java:logGet(43)) - raft.server.log.statemachine.data.caching.enabled = true (custom)
2019-08-20 19:41:38,047 [pool-93-thread-1] INFO  segmented.SegmentedRaftLogWorker (SegmentedRaftLogWorker.java:lambda$new$0(132)) - 1eeec8c2-4c0f-4bc8-b0db-6391a5855575-SegmentedRaftLogWorker:Storage Directory /workdir/hadoop-ozone/integration-test/target/test-dir/MiniOzoneClusterImpl-e13e4b4c-a51c-41ed-96f1-bc31a3706be2/datanode-6/data/ratis/5ed69197-1f00-4862-88a9-3dfc4d60ada1: flushIndex: setUnconditionally 0 -> -1
2019-08-20 19:41:38,048 [pool-93-thread-1] INFO  server.RaftServerConfigKeys (ConfUtils.java:logGet(43)) - raft.server.snapshot.auto.trigger.enabled = true (custom)
2019-08-20 19:41:38,048 [pool-93-thread-1] INFO  server.RaftServerConfigKeys (ConfUtils.java:logGet(43)) - raft.server.snapshot.auto.trigger.threshold = 10000 (custom)
2019-08-20 19:41:38,048 [pool-93-thread-1] INFO  server.RaftServerConfigKeys (ConfUtils.java:logGet(43)) - raft.server.retrycache.expirytime = 600000ms (custom)
2019-08-20 19:41:38,049 [pool-93-thread-1] INFO  impl.RaftServerImpl (RaftServerImpl.java:start(180)) - 1eeec8c2-4c0f-4bc8-b0db-6391a5855575: start group-3DFC4D60ADA1
2019-08-20 19:41:38,049 [pool-93-thread-1] INFO  impl.RaftServerImpl (RaftServerImpl.java:setRole(171)) - 1eeec8c2-4c0f-4bc8-b0db-6391a5855575:group-3DFC4D60ADA1 changes role from null to FOLLOWER at term 0 for startAsFollower
2019-08-20 19:41:38,049 [pool-93-thread-1] INFO  impl.RoleInfo (RoleInfo.java:updateAndGet(143)) - 1eeec8c2-4c0f-4bc8-b0db-6391a5855575: start FollowerState
2019-08-20 19:41:38,050 [pool-93-thread-1] INFO  util.JmxRegister (JmxRegister.java:tryRegister(44)) - Successfully registered JMX Bean with object name Ratis:service=RaftServer,group=group-3DFC4D60ADA1,id=1eeec8c2-4c0f-4bc8-b0db-6391a5855575
2019-08-20 19:41:38,065 [RatisPipelineUtilsThread] INFO  pipeline.PipelineStateManager (PipelineStateManager.java:addPipeline(56)) - Created pipeline Pipeline[ Id: 5ed69197-1f00-4862-88a9-3dfc4d60ada1, Nodes: 1eeec8c2-4c0f-4bc8-b0db-6391a5855575{ip: 192.168.157.205, host: pr-hdds-1927-n56ck-2550958449, networkLocation: /rack1, certSerialId: null}, Type:RATIS, Factor:ONE, State:OPEN]
2019-08-20 19:41:38,096 [grpc-default-executor-1] INFO  impl.RaftServerProxy (RaftServerProxy.java:addNew(89)) - 7e48a0a7-bde4-47b7-8ad8-7f749fa46a32: addNew group-A92C0EDF269C:[7e48a0a7-bde4-47b7-8ad8-7f749fa46a32:192.168.157.205:36626] returns group-A92C0EDF269C:java.util.concurrent.CompletableFuture@333458d3[Not completed]
2019-08-20 19:41:38,097 [IPC Server handler 5 on 34749] INFO  net.NetworkTopology (NetworkTopologyImpl.java:add(110)) - Added a new node: /rack1/58cb59aa-46a6-4cbe-bb28-3c835a001716
2019-08-20 19:41:38,097 [IPC Server handler 5 on 34749] INFO  node.SCMNodeManager (SCMNodeManager.java:register(273)) - Registered Data node : 58cb59aa-46a6-4cbe-bb28-3c835a001716{ip: 192.168.157.205, host: pr-hdds-1927-n56ck-2550958449, networkLocation: /rack1, certSerialId: null}
2019-08-20 19:41:38,097 | INFO  | SCMAudit | user=jenkins1000 | ip=192.168.157.205 | op=REGISTER {datanodeDetails=58cb59aa-46a6-4cbe-bb28-3c835a001716{ip: 192.168.157.205, host: pr-hdds-1927-n56ck-2550958449, networkLocation: /default-rack, certSerialId: null}} | ret=SUCCESS |  
2019-08-20 19:41:38,102 [pool-60-thread-1] INFO  impl.RaftServerImpl (RaftServerImpl.java:<init>(93)) - 7e48a0a7-bde4-47b7-8ad8-7f749fa46a32: new RaftServerImpl for group-A92C0EDF269C:[7e48a0a7-bde4-47b7-8ad8-7f749fa46a32:192.168.157.205:36626] with ContainerStateMachine:uninitialized
2019-08-20 19:41:38,102 [pool-60-thread-1] INFO  server.RaftServerConfigKeys (ConfUtils.java:logGet(43)) - raft.server.rpc.timeout.min = 1s (custom)
2019-08-20 19:41:38,102 [pool-60-thread-1] INFO  server.RaftServerConfigKeys (ConfUtils.java:logGet(43)) - raft.server.rpc.timeout.max = 1200ms (custom)
2019-08-20 19:41:38,102 [pool-60-thread-1] INFO  server.RaftServerConfigKeys (ConfUtils.java:logGet(43)) - raft.server.rpcslowness.timeout = 120s (custom)
2019-08-20 19:41:38,103 [pool-60-thread-1] INFO  server.RaftServerConfigKeys (ConfUtils.java:logGet(43)) - raft.server.sleep.deviation.threshold = 300 (default)
2019-08-20 19:41:38,103 [pool-60-thread-1] INFO  server.RaftServerConfigKeys (ConfUtils.java:logGet(43)) - raft.server.log.appender.install.snapshot.enabled = false (custom)
2019-08-20 19:41:38,103 [pool-60-thread-1] INFO  impl.RaftServerImpl (ServerState.java:<init>(105)) - 7e48a0a7-bde4-47b7-8ad8-7f749fa46a32:group-A92C0EDF269C ConfigurationManager, init=-1: [7e48a0a7-bde4-47b7-8ad8-7f749fa46a32:192.168.157.205:36626], old=null, confs=<EMPTY_MAP>
2019-08-20 19:41:38,103 [pool-60-thread-1] INFO  server.RaftServerConfigKeys (ConfUtils.java:logGet(43)) - raft.server.storage.dir = [/workdir/hadoop-ozone/integration-test/target/test-dir/MiniOzoneClusterImpl-e13e4b4c-a51c-41ed-96f1-bc31a3706be2/datanode-3/data/ratis] (custom)
2019-08-20 19:41:38,104 [pool-60-thread-1] INFO  storage.RaftStorageDirectory (RaftStorageDirectory.java:analyzeStorage(246)) - The storage directory /workdir/hadoop-ozone/integration-test/target/test-dir/MiniOzoneClusterImpl-e13e4b4c-a51c-41ed-96f1-bc31a3706be2/datanode-3/data/ratis/b292fd7c-bafd-46af-b982-a92c0edf269c does not exist. Creating ...
2019-08-20 19:41:38,118 [pool-60-thread-1] INFO  storage.RaftStorageDirectory (RaftStorageDirectory.java:tryLock(328)) - Lock on /workdir/hadoop-ozone/integration-test/target/test-dir/MiniOzoneClusterImpl-e13e4b4c-a51c-41ed-96f1-bc31a3706be2/datanode-3/data/ratis/b292fd7c-bafd-46af-b982-a92c0edf269c/in_use.lock acquired by nodename 22599@pr-hdds-1927-n56ck-2550958449
2019-08-20 19:41:38,134 | INFO  | SCMAudit | user=jenkins1000 | ip=192.168.157.205 | op=SEND_HEARTBEAT {datanodeUUID=2bc3458d-469e-4a51-8672-7abe5768ce0e, command=[]} | ret=SUCCESS |  
2019-08-20 19:41:38,138 [pool-60-thread-1] INFO  storage.RaftStorage (RaftStorage.java:format(72)) - Storage directory /workdir/hadoop-ozone/integration-test/target/test-dir/MiniOzoneClusterImpl-e13e4b4c-a51c-41ed-96f1-bc31a3706be2/datanode-3/data/ratis/b292fd7c-bafd-46af-b982-a92c0edf269c has been successfully formatted.
2019-08-20 19:41:38,138 [pool-60-thread-1] INFO  ratis.ContainerStateMachine (ContainerStateMachine.java:loadSnapshot(222)) - group-A92C0EDF269C: The snapshot info is null. Setting the last applied indexto:(t:0, i:~)
2019-08-20 19:41:38,138 [pool-60-thread-1] INFO  server.RaftServerConfigKeys (ConfUtils.java:logGet(43)) - raft.server.leader.election.timeout = 120s (custom)
2019-08-20 19:41:38,138 [pool-60-thread-1] INFO  server.RaftServerConfigKeys (ConfUtils.java:logGet(43)) - raft.server.log.use.memory = false (default)
2019-08-20 19:41:38,139 [pool-60-thread-1] INFO  server.RaftServerConfigKeys (ConfUtils.java:logGet(43)) - raft.server.log.purge.gap = 1000000 (custom)
2019-08-20 19:41:38,139 [pool-60-thread-1] INFO  server.RaftServerConfigKeys (ConfUtils.java:logGet(43)) - raft.server.log.appender.buffer.byte-limit = 33554432 (custom)
2019-08-20 19:41:38,139 [pool-60-thread-1] INFO  server.RaftServerConfigKeys (ConfUtils.java:logGet(43)) - raft.server.log.segment.size.max = 1048576 (custom)
2019-08-20 19:41:38,139 [pool-60-thread-1] INFO  server.RaftServerConfigKeys (ConfUtils.java:logGet(43)) - raft.server.log.segment.cache.num.max = 2 (custom)
2019-08-20 19:41:38,139 [pool-60-thread-1] INFO  segmented.SegmentedRaftLogWorker (SegmentedRaftLogWorker.java:<init>(172)) - new 7e48a0a7-bde4-47b7-8ad8-7f749fa46a32-SegmentedRaftLogWorker:Storage Directory /workdir/hadoop-ozone/integration-test/target/test-dir/MiniOzoneClusterImpl-e13e4b4c-a51c-41ed-96f1-bc31a3706be2/datanode-3/data/ratis/b292fd7c-bafd-46af-b982-a92c0edf269c for RaftStorage:Storage Directory /workdir/hadoop-ozone/integration-test/target/test-dir/MiniOzoneClusterImpl-e13e4b4c-a51c-41ed-96f1-bc31a3706be2/datanode-3/data/ratis/b292fd7c-bafd-46af-b982-a92c0edf269c
2019-08-20 19:41:38,140 [pool-60-thread-1] INFO  server.RaftServerConfigKeys (ConfUtils.java:logGet(43)) - raft.server.log.queue.byte-limit = 2147483647 (custom)
2019-08-20 19:41:38,140 [pool-60-thread-1] INFO  server.RaftServerConfigKeys (ConfUtils.java:logGet(43)) - raft.server.log.queue.element-limit = 1024 (custom)
2019-08-20 19:41:38,140 [pool-60-thread-1] INFO  server.RaftServerConfigKeys (ConfUtils.java:logGet(43)) - raft.server.log.segment.size.max = 1048576 (custom)
2019-08-20 19:41:38,141 [pool-60-thread-1] INFO  server.RaftServerConfigKeys (ConfUtils.java:logGet(43)) - raft.server.log.preallocated.size = 16384 (custom)
2019-08-20 19:41:38,141 [pool-60-thread-1] INFO  server.RaftServerConfigKeys (ConfUtils.java:logGet(43)) - raft.server.log.write.buffer.size = 33554432 (custom)
2019-08-20 19:41:38,141 [pool-60-thread-1] INFO  server.RaftServerConfigKeys (ConfUtils.java:logGet(43)) - raft.server.log.force.sync.num = 128 (default)
2019-08-20 19:41:38,141 [pool-60-thread-1] INFO  server.RaftServerConfigKeys (ConfUtils.java:logGet(43)) - raft.server.log.statemachine.data.sync = true (default)
2019-08-20 19:41:38,141 [pool-60-thread-1] INFO  server.RaftServerConfigKeys (ConfUtils.java:logGet(43)) - raft.server.log.statemachine.data.sync.timeout = 10s (default)
2019-08-20 19:41:38,142 [pool-60-thread-1] INFO  server.RaftServerConfigKeys (ConfUtils.java:logGet(43)) - raft.server.log.statemachine.data.sync.timeout.retry = -1 (default)
2019-08-20 19:41:38,142 [pool-60-thread-1] INFO  server.RaftServerConfigKeys (ConfUtils.java:logGet(43)) - raft.server.log.statemachine.data.caching.enabled = true (custom)
2019-08-20 19:41:38,143 [pool-60-thread-1] INFO  segmented.SegmentedRaftLogWorker (SegmentedRaftLogWorker.java:lambda$new$0(132)) - 7e48a0a7-bde4-47b7-8ad8-7f749fa46a32-SegmentedRaftLogWorker:Storage Directory /workdir/hadoop-ozone/integration-test/target/test-dir/MiniOzoneClusterImpl-e13e4b4c-a51c-41ed-96f1-bc31a3706be2/datanode-3/data/ratis/b292fd7c-bafd-46af-b982-a92c0edf269c: flushIndex: setUnconditionally 0 -> -1
2019-08-20 19:41:38,143 [pool-60-thread-1] INFO  server.RaftServerConfigKeys (ConfUtils.java:logGet(43)) - raft.server.snapshot.auto.trigger.enabled = true (custom)
2019-08-20 19:41:38,143 [pool-60-thread-1] INFO  server.RaftServerConfigKeys (ConfUtils.java:logGet(43)) - raft.server.snapshot.auto.trigger.threshold = 10000 (custom)
2019-08-20 19:41:38,144 [pool-60-thread-1] INFO  server.RaftServerConfigKeys (ConfUtils.java:logGet(43)) - raft.server.retrycache.expirytime = 600000ms (custom)
2019-08-20 19:41:38,144 [pool-60-thread-1] INFO  impl.RaftServerImpl (RaftServerImpl.java:start(180)) - 7e48a0a7-bde4-47b7-8ad8-7f749fa46a32: start group-A92C0EDF269C
2019-08-20 19:41:38,144 [pool-60-thread-1] INFO  impl.RaftServerImpl (RaftServerImpl.java:setRole(171)) - 7e48a0a7-bde4-47b7-8ad8-7f749fa46a32:group-A92C0EDF269C changes role from null to FOLLOWER at term 0 for startAsFollower
2019-08-20 19:41:38,144 [pool-60-thread-1] INFO  impl.RoleInfo (RoleInfo.java:updateAndGet(143)) - 7e48a0a7-bde4-47b7-8ad8-7f749fa46a32: start FollowerState
2019-08-20 19:41:38,145 [pool-60-thread-1] INFO  util.JmxRegister (JmxRegister.java:tryRegister(44)) - Successfully registered JMX Bean with object name Ratis:service=RaftServer,group=group-A92C0EDF269C,id=7e48a0a7-bde4-47b7-8ad8-7f749fa46a32
2019-08-20 19:41:38,170 [RatisPipelineUtilsThread] INFO  pipeline.PipelineStateManager (PipelineStateManager.java:addPipeline(56)) - Created pipeline Pipeline[ Id: b292fd7c-bafd-46af-b982-a92c0edf269c, Nodes: 7e48a0a7-bde4-47b7-8ad8-7f749fa46a32{ip: 192.168.157.205, host: pr-hdds-1927-n56ck-2550958449, networkLocation: /rack1, certSerialId: null}, Type:RATIS, Factor:ONE, State:OPEN]
2019-08-20 19:41:38,194 [grpc-default-executor-1] INFO  impl.RaftServerProxy (RaftServerProxy.java:addNew(89)) - 58cb59aa-46a6-4cbe-bb28-3c835a001716: addNew group-C17AC19485F0:[58cb59aa-46a6-4cbe-bb28-3c835a001716:192.168.157.205:43427] returns group-C17AC19485F0:java.util.concurrent.CompletableFuture@26193196[Not completed]
2019-08-20 19:41:38,199 [pool-115-thread-1] INFO  impl.RaftServerImpl (RaftServerImpl.java:<init>(93)) - 58cb59aa-46a6-4cbe-bb28-3c835a001716: new RaftServerImpl for group-C17AC19485F0:[58cb59aa-46a6-4cbe-bb28-3c835a001716:192.168.157.205:43427] with ContainerStateMachine:uninitialized
2019-08-20 19:41:38,199 [pool-115-thread-1] INFO  server.RaftServerConfigKeys (ConfUtils.java:logGet(43)) - raft.server.rpc.timeout.min = 1s (custom)
2019-08-20 19:41:38,200 [pool-115-thread-1] INFO  server.RaftServerConfigKeys (ConfUtils.java:logGet(43)) - raft.server.rpc.timeout.max = 1200ms (custom)
2019-08-20 19:41:38,200 [pool-115-thread-1] INFO  server.RaftServerConfigKeys (ConfUtils.java:logGet(43)) - raft.server.rpcslowness.timeout = 120s (custom)
2019-08-20 19:41:38,200 [pool-115-thread-1] INFO  server.RaftServerConfigKeys (ConfUtils.java:logGet(43)) - raft.server.sleep.deviation.threshold = 300 (default)
2019-08-20 19:41:38,200 [pool-115-thread-1] INFO  server.RaftServerConfigKeys (ConfUtils.java:logGet(43)) - raft.server.log.appender.install.snapshot.enabled = false (custom)
2019-08-20 19:41:38,201 [pool-115-thread-1] INFO  impl.RaftServerImpl (ServerState.java:<init>(105)) - 58cb59aa-46a6-4cbe-bb28-3c835a001716:group-C17AC19485F0 ConfigurationManager, init=-1: [58cb59aa-46a6-4cbe-bb28-3c835a001716:192.168.157.205:43427], old=null, confs=<EMPTY_MAP>
2019-08-20 19:41:38,201 [pool-115-thread-1] INFO  server.RaftServerConfigKeys (ConfUtils.java:logGet(43)) - raft.server.storage.dir = [/workdir/hadoop-ozone/integration-test/target/test-dir/MiniOzoneClusterImpl-e13e4b4c-a51c-41ed-96f1-bc31a3706be2/datanode-8/data/ratis] (custom)
2019-08-20 19:41:38,201 [pool-115-thread-1] INFO  storage.RaftStorageDirectory (RaftStorageDirectory.java:analyzeStorage(246)) - The storage directory /workdir/hadoop-ozone/integration-test/target/test-dir/MiniOzoneClusterImpl-e13e4b4c-a51c-41ed-96f1-bc31a3706be2/datanode-8/data/ratis/299bfc4a-4126-4727-a12e-c17ac19485f0 does not exist. Creating ...
2019-08-20 19:41:38,214 [pool-115-thread-1] INFO  storage.RaftStorageDirectory (RaftStorageDirectory.java:tryLock(328)) - Lock on /workdir/hadoop-ozone/integration-test/target/test-dir/MiniOzoneClusterImpl-e13e4b4c-a51c-41ed-96f1-bc31a3706be2/datanode-8/data/ratis/299bfc4a-4126-4727-a12e-c17ac19485f0/in_use.lock acquired by nodename 22599@pr-hdds-1927-n56ck-2550958449
2019-08-20 19:41:38,227 [pool-115-thread-1] INFO  storage.RaftStorage (RaftStorage.java:format(72)) - Storage directory /workdir/hadoop-ozone/integration-test/target/test-dir/MiniOzoneClusterImpl-e13e4b4c-a51c-41ed-96f1-bc31a3706be2/datanode-8/data/ratis/299bfc4a-4126-4727-a12e-c17ac19485f0 has been successfully formatted.
2019-08-20 19:41:38,228 [pool-115-thread-1] INFO  ratis.ContainerStateMachine (ContainerStateMachine.java:loadSnapshot(222)) - group-C17AC19485F0: The snapshot info is null. Setting the last applied indexto:(t:0, i:~)
2019-08-20 19:41:38,228 [pool-115-thread-1] INFO  server.RaftServerConfigKeys (ConfUtils.java:logGet(43)) - raft.server.leader.election.timeout = 120s (custom)
2019-08-20 19:41:38,228 [pool-115-thread-1] INFO  server.RaftServerConfigKeys (ConfUtils.java:logGet(43)) - raft.server.log.use.memory = false (default)
2019-08-20 19:41:38,228 [pool-115-thread-1] INFO  server.RaftServerConfigKeys (ConfUtils.java:logGet(43)) - raft.server.log.purge.gap = 1000000 (custom)
2019-08-20 19:41:38,229 [pool-115-thread-1] INFO  server.RaftServerConfigKeys (ConfUtils.java:logGet(43)) - raft.server.log.appender.buffer.byte-limit = 33554432 (custom)
2019-08-20 19:41:38,229 [pool-115-thread-1] INFO  server.RaftServerConfigKeys (ConfUtils.java:logGet(43)) - raft.server.log.segment.size.max = 1048576 (custom)
2019-08-20 19:41:38,229 [pool-115-thread-1] INFO  server.RaftServerConfigKeys (ConfUtils.java:logGet(43)) - raft.server.log.segment.cache.num.max = 2 (custom)
2019-08-20 19:41:38,229 [pool-115-thread-1] INFO  segmented.SegmentedRaftLogWorker (SegmentedRaftLogWorker.java:<init>(172)) - new 58cb59aa-46a6-4cbe-bb28-3c835a001716-SegmentedRaftLogWorker:Storage Directory /workdir/hadoop-ozone/integration-test/target/test-dir/MiniOzoneClusterImpl-e13e4b4c-a51c-41ed-96f1-bc31a3706be2/datanode-8/data/ratis/299bfc4a-4126-4727-a12e-c17ac19485f0 for RaftStorage:Storage Directory /workdir/hadoop-ozone/integration-test/target/test-dir/MiniOzoneClusterImpl-e13e4b4c-a51c-41ed-96f1-bc31a3706be2/datanode-8/data/ratis/299bfc4a-4126-4727-a12e-c17ac19485f0
2019-08-20 19:41:38,229 [pool-115-thread-1] INFO  server.RaftServerConfigKeys (ConfUtils.java:logGet(43)) - raft.server.log.queue.byte-limit = 2147483647 (custom)
2019-08-20 19:41:38,230 [pool-115-thread-1] INFO  server.RaftServerConfigKeys (ConfUtils.java:logGet(43)) - raft.server.log.queue.element-limit = 1024 (custom)
2019-08-20 19:41:38,230 [pool-115-thread-1] INFO  server.RaftServerConfigKeys (ConfUtils.java:logGet(43)) - raft.server.log.segment.size.max = 1048576 (custom)
2019-08-20 19:41:38,230 [pool-115-thread-1] INFO  server.RaftServerConfigKeys (ConfUtils.java:logGet(43)) - raft.server.log.preallocated.size = 16384 (custom)
2019-08-20 19:41:38,230 [pool-115-thread-1] INFO  server.RaftServerConfigKeys (ConfUtils.java:logGet(43)) - raft.server.log.write.buffer.size = 33554432 (custom)
2019-08-20 19:41:38,231 [pool-115-thread-1] INFO  server.RaftServerConfigKeys (ConfUtils.java:logGet(43)) - raft.server.log.force.sync.num = 128 (default)
2019-08-20 19:41:38,231 [pool-115-thread-1] INFO  server.RaftServerConfigKeys (ConfUtils.java:logGet(43)) - raft.server.log.statemachine.data.sync = true (default)
2019-08-20 19:41:38,231 [pool-115-thread-1] INFO  server.RaftServerConfigKeys (ConfUtils.java:logGet(43)) - raft.server.log.statemachine.data.sync.timeout = 10s (default)
2019-08-20 19:41:38,231 [pool-115-thread-1] INFO  server.RaftServerConfigKeys (ConfUtils.java:logGet(43)) - raft.server.log.statemachine.data.sync.timeout.retry = -1 (default)
2019-08-20 19:41:38,232 [pool-115-thread-1] INFO  server.RaftServerConfigKeys (ConfUtils.java:logGet(43)) - raft.server.log.statemachine.data.caching.enabled = true (custom)
2019-08-20 19:41:38,232 [pool-115-thread-1] INFO  segmented.SegmentedRaftLogWorker (SegmentedRaftLogWorker.java:lambda$new$0(132)) - 58cb59aa-46a6-4cbe-bb28-3c835a001716-SegmentedRaftLogWorker:Storage Directory /workdir/hadoop-ozone/integration-test/target/test-dir/MiniOzoneClusterImpl-e13e4b4c-a51c-41ed-96f1-bc31a3706be2/datanode-8/data/ratis/299bfc4a-4126-4727-a12e-c17ac19485f0: flushIndex: setUnconditionally 0 -> -1
2019-08-20 19:41:38,233 [pool-115-thread-1] INFO  server.RaftServerConfigKeys (ConfUtils.java:logGet(43)) - raft.server.snapshot.auto.trigger.enabled = true (custom)
2019-08-20 19:41:38,233 [pool-115-thread-1] INFO  server.RaftServerConfigKeys (ConfUtils.java:logGet(43)) - raft.server.snapshot.auto.trigger.threshold = 10000 (custom)
2019-08-20 19:41:38,233 [pool-115-thread-1] INFO  server.RaftServerConfigKeys (ConfUtils.java:logGet(43)) - raft.server.retrycache.expirytime = 600000ms (custom)
2019-08-20 19:41:38,233 [pool-115-thread-1] INFO  impl.RaftServerImpl (RaftServerImpl.java:start(180)) - 58cb59aa-46a6-4cbe-bb28-3c835a001716: start group-C17AC19485F0
2019-08-20 19:41:38,233 [pool-115-thread-1] INFO  impl.RaftServerImpl (RaftServerImpl.java:setRole(171)) - 58cb59aa-46a6-4cbe-bb28-3c835a001716:group-C17AC19485F0 changes role from null to FOLLOWER at term 0 for startAsFollower
2019-08-20 19:41:38,234 [pool-115-thread-1] INFO  impl.RoleInfo (RoleInfo.java:updateAndGet(143)) - 58cb59aa-46a6-4cbe-bb28-3c835a001716: start FollowerState
2019-08-20 19:41:38,234 [pool-115-thread-1] INFO  util.JmxRegister (JmxRegister.java:tryRegister(44)) - Successfully registered JMX Bean with object name Ratis:service=RaftServer,group=group-C17AC19485F0,id=58cb59aa-46a6-4cbe-bb28-3c835a001716
2019-08-20 19:41:38,251 [RatisPipelineUtilsThread] INFO  pipeline.PipelineStateManager (PipelineStateManager.java:addPipeline(56)) - Created pipeline Pipeline[ Id: 299bfc4a-4126-4727-a12e-c17ac19485f0, Nodes: 58cb59aa-46a6-4cbe-bb28-3c835a001716{ip: 192.168.157.205, host: pr-hdds-1927-n56ck-2550958449, networkLocation: /rack1, certSerialId: null}, Type:RATIS, Factor:ONE, State:OPEN]
2019-08-20 19:41:38,274 [grpc-default-executor-1] INFO  impl.RaftServerProxy (RaftServerProxy.java:addNew(89)) - a9286357-6b15-4043-a893-920ae835d3d2: addNew group-9189E1E9EF5B:[a9286357-6b15-4043-a893-920ae835d3d2:192.168.157.205:32972] returns group-9189E1E9EF5B:java.util.concurrent.CompletableFuture@4d28b8c9[Not completed]
2019-08-20 19:41:38,280 [pool-38-thread-1] INFO  impl.RaftServerImpl (RaftServerImpl.java:<init>(93)) - a9286357-6b15-4043-a893-920ae835d3d2: new RaftServerImpl for group-9189E1E9EF5B:[a9286357-6b15-4043-a893-920ae835d3d2:192.168.157.205:32972] with ContainerStateMachine:uninitialized
2019-08-20 19:41:38,280 [pool-38-thread-1] INFO  server.RaftServerConfigKeys (ConfUtils.java:logGet(43)) - raft.server.rpc.timeout.min = 1s (custom)
2019-08-20 19:41:38,280 [pool-38-thread-1] INFO  server.RaftServerConfigKeys (ConfUtils.java:logGet(43)) - raft.server.rpc.timeout.max = 1200ms (custom)
2019-08-20 19:41:38,281 [pool-38-thread-1] INFO  server.RaftServerConfigKeys (ConfUtils.java:logGet(43)) - raft.server.rpcslowness.timeout = 120s (custom)
2019-08-20 19:41:38,281 [pool-38-thread-1] INFO  server.RaftServerConfigKeys (ConfUtils.java:logGet(43)) - raft.server.sleep.deviation.threshold = 300 (default)
2019-08-20 19:41:38,281 [pool-38-thread-1] INFO  server.RaftServerConfigKeys (ConfUtils.java:logGet(43)) - raft.server.log.appender.install.snapshot.enabled = false (custom)
2019-08-20 19:41:38,281 [pool-38-thread-1] INFO  impl.RaftServerImpl (ServerState.java:<init>(105)) - a9286357-6b15-4043-a893-920ae835d3d2:group-9189E1E9EF5B ConfigurationManager, init=-1: [a9286357-6b15-4043-a893-920ae835d3d2:192.168.157.205:32972], old=null, confs=<EMPTY_MAP>
2019-08-20 19:41:38,281 [pool-38-thread-1] INFO  server.RaftServerConfigKeys (ConfUtils.java:logGet(43)) - raft.server.storage.dir = [/workdir/hadoop-ozone/integration-test/target/test-dir/MiniOzoneClusterImpl-e13e4b4c-a51c-41ed-96f1-bc31a3706be2/datanode-1/data/ratis] (custom)
2019-08-20 19:41:38,282 [pool-38-thread-1] INFO  storage.RaftStorageDirectory (RaftStorageDirectory.java:analyzeStorage(246)) - The storage directory /workdir/hadoop-ozone/integration-test/target/test-dir/MiniOzoneClusterImpl-e13e4b4c-a51c-41ed-96f1-bc31a3706be2/datanode-1/data/ratis/58516834-1e55-4f0a-b04a-9189e1e9ef5b does not exist. Creating ...
2019-08-20 19:41:38,297 [pool-38-thread-1] INFO  storage.RaftStorageDirectory (RaftStorageDirectory.java:tryLock(328)) - Lock on /workdir/hadoop-ozone/integration-test/target/test-dir/MiniOzoneClusterImpl-e13e4b4c-a51c-41ed-96f1-bc31a3706be2/datanode-1/data/ratis/58516834-1e55-4f0a-b04a-9189e1e9ef5b/in_use.lock acquired by nodename 22599@pr-hdds-1927-n56ck-2550958449
2019-08-20 19:41:38,310 [IPC Server handler 2 on 34749] INFO  net.NetworkTopology (NetworkTopologyImpl.java:add(110)) - Added a new node: /rack1/3a5f5f92-1fbc-4da9-891b-fb9af6a803f0
2019-08-20 19:41:38,310 [IPC Server handler 2 on 34749] INFO  node.SCMNodeManager (SCMNodeManager.java:register(273)) - Registered Data node : 3a5f5f92-1fbc-4da9-891b-fb9af6a803f0{ip: 192.168.157.205, host: pr-hdds-1927-n56ck-2550958449, networkLocation: /rack1, certSerialId: null}
2019-08-20 19:41:38,311 | INFO  | SCMAudit | user=jenkins1000 | ip=192.168.157.205 | op=REGISTER {datanodeDetails=3a5f5f92-1fbc-4da9-891b-fb9af6a803f0{ip: 192.168.157.205, host: pr-hdds-1927-n56ck-2550958449, networkLocation: /default-rack, certSerialId: null}} | ret=SUCCESS |  
2019-08-20 19:41:38,311 [pool-38-thread-1] INFO  storage.RaftStorage (RaftStorage.java:format(72)) - Storage directory /workdir/hadoop-ozone/integration-test/target/test-dir/MiniOzoneClusterImpl-e13e4b4c-a51c-41ed-96f1-bc31a3706be2/datanode-1/data/ratis/58516834-1e55-4f0a-b04a-9189e1e9ef5b has been successfully formatted.
2019-08-20 19:41:38,312 [pool-38-thread-1] INFO  ratis.ContainerStateMachine (ContainerStateMachine.java:loadSnapshot(222)) - group-9189E1E9EF5B: The snapshot info is null. Setting the last applied indexto:(t:0, i:~)
2019-08-20 19:41:38,312 [pool-38-thread-1] INFO  server.RaftServerConfigKeys (ConfUtils.java:logGet(43)) - raft.server.leader.election.timeout = 120s (custom)
2019-08-20 19:41:38,312 [pool-38-thread-1] INFO  server.RaftServerConfigKeys (ConfUtils.java:logGet(43)) - raft.server.log.use.memory = false (default)
2019-08-20 19:41:38,312 [pool-38-thread-1] INFO  server.RaftServerConfigKeys (ConfUtils.java:logGet(43)) - raft.server.log.purge.gap = 1000000 (custom)
2019-08-20 19:41:38,312 [pool-38-thread-1] INFO  server.RaftServerConfigKeys (ConfUtils.java:logGet(43)) - raft.server.log.appender.buffer.byte-limit = 33554432 (custom)
2019-08-20 19:41:38,313 [pool-38-thread-1] INFO  server.RaftServerConfigKeys (ConfUtils.java:logGet(43)) - raft.server.log.segment.size.max = 1048576 (custom)
2019-08-20 19:41:38,313 [pool-38-thread-1] INFO  server.RaftServerConfigKeys (ConfUtils.java:logGet(43)) - raft.server.log.segment.cache.num.max = 2 (custom)
2019-08-20 19:41:38,313 [pool-38-thread-1] INFO  segmented.SegmentedRaftLogWorker (SegmentedRaftLogWorker.java:<init>(172)) - new a9286357-6b15-4043-a893-920ae835d3d2-SegmentedRaftLogWorker:Storage Directory /workdir/hadoop-ozone/integration-test/target/test-dir/MiniOzoneClusterImpl-e13e4b4c-a51c-41ed-96f1-bc31a3706be2/datanode-1/data/ratis/58516834-1e55-4f0a-b04a-9189e1e9ef5b for RaftStorage:Storage Directory /workdir/hadoop-ozone/integration-test/target/test-dir/MiniOzoneClusterImpl-e13e4b4c-a51c-41ed-96f1-bc31a3706be2/datanode-1/data/ratis/58516834-1e55-4f0a-b04a-9189e1e9ef5b
2019-08-20 19:41:38,313 [pool-38-thread-1] INFO  server.RaftServerConfigKeys (ConfUtils.java:logGet(43)) - raft.server.log.queue.byte-limit = 2147483647 (custom)
2019-08-20 19:41:38,314 [pool-38-thread-1] INFO  server.RaftServerConfigKeys (ConfUtils.java:logGet(43)) - raft.server.log.queue.element-limit = 1024 (custom)
2019-08-20 19:41:38,314 [pool-38-thread-1] INFO  server.RaftServerConfigKeys (ConfUtils.java:logGet(43)) - raft.server.log.segment.size.max = 1048576 (custom)
2019-08-20 19:41:38,314 [pool-38-thread-1] INFO  server.RaftServerConfigKeys (ConfUtils.java:logGet(43)) - raft.server.log.preallocated.size = 16384 (custom)
2019-08-20 19:41:38,314 [pool-38-thread-1] INFO  server.RaftServerConfigKeys (ConfUtils.java:logGet(43)) - raft.server.log.write.buffer.size = 33554432 (custom)
2019-08-20 19:41:38,314 [pool-38-thread-1] INFO  server.RaftServerConfigKeys (ConfUtils.java:logGet(43)) - raft.server.log.force.sync.num = 128 (default)
2019-08-20 19:41:38,315 [pool-38-thread-1] INFO  server.RaftServerConfigKeys (ConfUtils.java:logGet(43)) - raft.server.log.statemachine.data.sync = true (default)
2019-08-20 19:41:38,315 [pool-38-thread-1] INFO  server.RaftServerConfigKeys (ConfUtils.java:logGet(43)) - raft.server.log.statemachine.data.sync.timeout = 10s (default)
2019-08-20 19:41:38,315 [pool-38-thread-1] INFO  server.RaftServerConfigKeys (ConfUtils.java:logGet(43)) - raft.server.log.statemachine.data.sync.timeout.retry = -1 (default)
2019-08-20 19:41:38,315 [pool-38-thread-1] INFO  server.RaftServerConfigKeys (ConfUtils.java:logGet(43)) - raft.server.log.statemachine.data.caching.enabled = true (custom)
2019-08-20 19:41:38,316 [pool-38-thread-1] INFO  segmented.SegmentedRaftLogWorker (SegmentedRaftLogWorker.java:lambda$new$0(132)) - a9286357-6b15-4043-a893-920ae835d3d2-SegmentedRaftLogWorker:Storage Directory /workdir/hadoop-ozone/integration-test/target/test-dir/MiniOzoneClusterImpl-e13e4b4c-a51c-41ed-96f1-bc31a3706be2/datanode-1/data/ratis/58516834-1e55-4f0a-b04a-9189e1e9ef5b: flushIndex: setUnconditionally 0 -> -1
2019-08-20 19:41:38,316 [pool-38-thread-1] INFO  server.RaftServerConfigKeys (ConfUtils.java:logGet(43)) - raft.server.snapshot.auto.trigger.enabled = true (custom)
2019-08-20 19:41:38,316 [pool-38-thread-1] INFO  server.RaftServerConfigKeys (ConfUtils.java:logGet(43)) - raft.server.snapshot.auto.trigger.threshold = 10000 (custom)
2019-08-20 19:41:38,317 [pool-38-thread-1] INFO  server.RaftServerConfigKeys (ConfUtils.java:logGet(43)) - raft.server.retrycache.expirytime = 600000ms (custom)
2019-08-20 19:41:38,319 [pool-38-thread-1] INFO  impl.RaftServerImpl (RaftServerImpl.java:start(180)) - a9286357-6b15-4043-a893-920ae835d3d2: start group-9189E1E9EF5B
2019-08-20 19:41:38,319 [pool-38-thread-1] INFO  impl.RaftServerImpl (RaftServerImpl.java:setRole(171)) - a9286357-6b15-4043-a893-920ae835d3d2:group-9189E1E9EF5B changes role from null to FOLLOWER at term 0 for startAsFollower
2019-08-20 19:41:38,319 [pool-38-thread-1] INFO  impl.RoleInfo (RoleInfo.java:updateAndGet(143)) - a9286357-6b15-4043-a893-920ae835d3d2: start FollowerState
2019-08-20 19:41:38,320 | INFO  | SCMAudit | user=jenkins1000 | ip=192.168.157.205 | op=SEND_HEARTBEAT {datanodeUUID=a9286357-6b15-4043-a893-920ae835d3d2, command=[]} | ret=SUCCESS |  
2019-08-20 19:41:38,320 [pool-38-thread-1] INFO  util.JmxRegister (JmxRegister.java:tryRegister(44)) - Successfully registered JMX Bean with object name Ratis:service=RaftServer,group=group-9189E1E9EF5B,id=a9286357-6b15-4043-a893-920ae835d3d2
2019-08-20 19:41:38,334 [RatisPipelineUtilsThread] INFO  pipeline.PipelineStateManager (PipelineStateManager.java:addPipeline(56)) - Created pipeline Pipeline[ Id: 58516834-1e55-4f0a-b04a-9189e1e9ef5b, Nodes: a9286357-6b15-4043-a893-920ae835d3d2{ip: 192.168.157.205, host: pr-hdds-1927-n56ck-2550958449, networkLocation: /rack1, certSerialId: null}, Type:RATIS, Factor:ONE, State:OPEN]
2019-08-20 19:41:38,341 [main] INFO  ozone.MiniOzoneClusterImpl (MiniOzoneClusterImpl.java:lambda$waitForClusterToBeReady$0(142)) - Cluster is ready. Got 10 of 10 DN Heartbeats.
2019-08-20 19:41:38,356 [grpc-default-executor-1] INFO  impl.RaftServerProxy (RaftServerProxy.java:addNew(89)) - 3a5f5f92-1fbc-4da9-891b-fb9af6a803f0: addNew group-0D20F8011B2A:[3a5f5f92-1fbc-4da9-891b-fb9af6a803f0:192.168.157.205:37319] returns group-0D20F8011B2A:java.util.concurrent.CompletableFuture@43578d44[Not completed]
2019-08-20 19:41:38,362 [pool-126-thread-1] INFO  impl.RaftServerImpl (RaftServerImpl.java:<init>(93)) - 3a5f5f92-1fbc-4da9-891b-fb9af6a803f0: new RaftServerImpl for group-0D20F8011B2A:[3a5f5f92-1fbc-4da9-891b-fb9af6a803f0:192.168.157.205:37319] with ContainerStateMachine:uninitialized
2019-08-20 19:41:38,362 [pool-126-thread-1] INFO  server.RaftServerConfigKeys (ConfUtils.java:logGet(43)) - raft.server.rpc.timeout.min = 1s (custom)
2019-08-20 19:41:38,363 [pool-126-thread-1] INFO  server.RaftServerConfigKeys (ConfUtils.java:logGet(43)) - raft.server.rpc.timeout.max = 1200ms (custom)
2019-08-20 19:41:38,363 [pool-126-thread-1] INFO  server.RaftServerConfigKeys (ConfUtils.java:logGet(43)) - raft.server.rpcslowness.timeout = 120s (custom)
2019-08-20 19:41:38,363 [pool-126-thread-1] INFO  server.RaftServerConfigKeys (ConfUtils.java:logGet(43)) - raft.server.sleep.deviation.threshold = 300 (default)
2019-08-20 19:41:38,363 [pool-126-thread-1] INFO  server.RaftServerConfigKeys (ConfUtils.java:logGet(43)) - raft.server.log.appender.install.snapshot.enabled = false (custom)
2019-08-20 19:41:38,363 [pool-126-thread-1] INFO  impl.RaftServerImpl (ServerState.java:<init>(105)) - 3a5f5f92-1fbc-4da9-891b-fb9af6a803f0:group-0D20F8011B2A ConfigurationManager, init=-1: [3a5f5f92-1fbc-4da9-891b-fb9af6a803f0:192.168.157.205:37319], old=null, confs=<EMPTY_MAP>
2019-08-20 19:41:38,364 [pool-126-thread-1] INFO  server.RaftServerConfigKeys (ConfUtils.java:logGet(43)) - raft.server.storage.dir = [/workdir/hadoop-ozone/integration-test/target/test-dir/MiniOzoneClusterImpl-e13e4b4c-a51c-41ed-96f1-bc31a3706be2/datanode-9/data/ratis] (custom)
2019-08-20 19:41:38,364 [pool-126-thread-1] INFO  storage.RaftStorageDirectory (RaftStorageDirectory.java:analyzeStorage(246)) - The storage directory /workdir/hadoop-ozone/integration-test/target/test-dir/MiniOzoneClusterImpl-e13e4b4c-a51c-41ed-96f1-bc31a3706be2/datanode-9/data/ratis/e62d4702-5177-4bb0-94aa-0d20f8011b2a does not exist. Creating ...
2019-08-20 19:41:38,377 [pool-126-thread-1] INFO  storage.RaftStorageDirectory (RaftStorageDirectory.java:tryLock(328)) - Lock on /workdir/hadoop-ozone/integration-test/target/test-dir/MiniOzoneClusterImpl-e13e4b4c-a51c-41ed-96f1-bc31a3706be2/datanode-9/data/ratis/e62d4702-5177-4bb0-94aa-0d20f8011b2a/in_use.lock acquired by nodename 22599@pr-hdds-1927-n56ck-2550958449
2019-08-20 19:41:38,391 [pool-126-thread-1] INFO  storage.RaftStorage (RaftStorage.java:format(72)) - Storage directory /workdir/hadoop-ozone/integration-test/target/test-dir/MiniOzoneClusterImpl-e13e4b4c-a51c-41ed-96f1-bc31a3706be2/datanode-9/data/ratis/e62d4702-5177-4bb0-94aa-0d20f8011b2a has been successfully formatted.
2019-08-20 19:41:38,392 [pool-126-thread-1] INFO  ratis.ContainerStateMachine (ContainerStateMachine.java:loadSnapshot(222)) - group-0D20F8011B2A: The snapshot info is null. Setting the last applied indexto:(t:0, i:~)
2019-08-20 19:41:38,392 [pool-126-thread-1] INFO  server.RaftServerConfigKeys (ConfUtils.java:logGet(43)) - raft.server.leader.election.timeout = 120s (custom)
2019-08-20 19:41:38,392 [pool-126-thread-1] INFO  server.RaftServerConfigKeys (ConfUtils.java:logGet(43)) - raft.server.log.use.memory = false (default)
2019-08-20 19:41:38,392 [pool-126-thread-1] INFO  server.RaftServerConfigKeys (ConfUtils.java:logGet(43)) - raft.server.log.purge.gap = 1000000 (custom)
2019-08-20 19:41:38,392 [pool-126-thread-1] INFO  server.RaftServerConfigKeys (ConfUtils.java:logGet(43)) - raft.server.log.appender.buffer.byte-limit = 33554432 (custom)
2019-08-20 19:41:38,398 [pool-126-thread-1] INFO  server.RaftServerConfigKeys (ConfUtils.java:logGet(43)) - raft.server.log.segment.size.max = 1048576 (custom)
2019-08-20 19:41:38,398 [pool-126-thread-1] INFO  server.RaftServerConfigKeys (ConfUtils.java:logGet(43)) - raft.server.log.segment.cache.num.max = 2 (custom)
2019-08-20 19:41:38,398 [pool-126-thread-1] INFO  segmented.SegmentedRaftLogWorker (SegmentedRaftLogWorker.java:<init>(172)) - new 3a5f5f92-1fbc-4da9-891b-fb9af6a803f0-SegmentedRaftLogWorker:Storage Directory /workdir/hadoop-ozone/integration-test/target/test-dir/MiniOzoneClusterImpl-e13e4b4c-a51c-41ed-96f1-bc31a3706be2/datanode-9/data/ratis/e62d4702-5177-4bb0-94aa-0d20f8011b2a for RaftStorage:Storage Directory /workdir/hadoop-ozone/integration-test/target/test-dir/MiniOzoneClusterImpl-e13e4b4c-a51c-41ed-96f1-bc31a3706be2/datanode-9/data/ratis/e62d4702-5177-4bb0-94aa-0d20f8011b2a
2019-08-20 19:41:38,399 [pool-126-thread-1] INFO  server.RaftServerConfigKeys (ConfUtils.java:logGet(43)) - raft.server.log.queue.byte-limit = 2147483647 (custom)
2019-08-20 19:41:38,399 [pool-126-thread-1] INFO  server.RaftServerConfigKeys (ConfUtils.java:logGet(43)) - raft.server.log.queue.element-limit = 1024 (custom)
2019-08-20 19:41:38,399 [pool-126-thread-1] INFO  server.RaftServerConfigKeys (ConfUtils.java:logGet(43)) - raft.server.log.segment.size.max = 1048576 (custom)
2019-08-20 19:41:38,400 [pool-126-thread-1] INFO  server.RaftServerConfigKeys (ConfUtils.java:logGet(43)) - raft.server.log.preallocated.size = 16384 (custom)
2019-08-20 19:41:38,400 [pool-126-thread-1] INFO  server.RaftServerConfigKeys (ConfUtils.java:logGet(43)) - raft.server.log.write.buffer.size = 33554432 (custom)
2019-08-20 19:41:38,400 [pool-126-thread-1] INFO  server.RaftServerConfigKeys (ConfUtils.java:logGet(43)) - raft.server.log.force.sync.num = 128 (default)
2019-08-20 19:41:38,400 [pool-126-thread-1] INFO  server.RaftServerConfigKeys (ConfUtils.java:logGet(43)) - raft.server.log.statemachine.data.sync = true (default)
2019-08-20 19:41:38,400 [pool-126-thread-1] INFO  server.RaftServerConfigKeys (ConfUtils.java:logGet(43)) - raft.server.log.statemachine.data.sync.timeout = 10s (default)
2019-08-20 19:41:38,400 [pool-126-thread-1] INFO  server.RaftServerConfigKeys (ConfUtils.java:logGet(43)) - raft.server.log.statemachine.data.sync.timeout.retry = -1 (default)
2019-08-20 19:41:38,401 [pool-126-thread-1] INFO  server.RaftServerConfigKeys (ConfUtils.java:logGet(43)) - raft.server.log.statemachine.data.caching.enabled = true (custom)
2019-08-20 19:41:38,401 [pool-126-thread-1] INFO  segmented.SegmentedRaftLogWorker (SegmentedRaftLogWorker.java:lambda$new$0(132)) - 3a5f5f92-1fbc-4da9-891b-fb9af6a803f0-SegmentedRaftLogWorker:Storage Directory /workdir/hadoop-ozone/integration-test/target/test-dir/MiniOzoneClusterImpl-e13e4b4c-a51c-41ed-96f1-bc31a3706be2/datanode-9/data/ratis/e62d4702-5177-4bb0-94aa-0d20f8011b2a: flushIndex: setUnconditionally 0 -> -1
2019-08-20 19:41:38,402 [pool-126-thread-1] INFO  server.RaftServerConfigKeys (ConfUtils.java:logGet(43)) - raft.server.snapshot.auto.trigger.enabled = true (custom)
2019-08-20 19:41:38,402 [pool-126-thread-1] INFO  server.RaftServerConfigKeys (ConfUtils.java:logGet(43)) - raft.server.snapshot.auto.trigger.threshold = 10000 (custom)
2019-08-20 19:41:38,402 [pool-126-thread-1] INFO  server.RaftServerConfigKeys (ConfUtils.java:logGet(43)) - raft.server.retrycache.expirytime = 600000ms (custom)
2019-08-20 19:41:38,402 [pool-126-thread-1] INFO  impl.RaftServerImpl (RaftServerImpl.java:start(180)) - 3a5f5f92-1fbc-4da9-891b-fb9af6a803f0: start group-0D20F8011B2A
2019-08-20 19:41:38,402 [pool-126-thread-1] INFO  impl.RaftServerImpl (RaftServerImpl.java:setRole(171)) - 3a5f5f92-1fbc-4da9-891b-fb9af6a803f0:group-0D20F8011B2A changes role from null to FOLLOWER at term 0 for startAsFollower
2019-08-20 19:41:38,403 [pool-126-thread-1] INFO  impl.RoleInfo (RoleInfo.java:updateAndGet(143)) - 3a5f5f92-1fbc-4da9-891b-fb9af6a803f0: start FollowerState
2019-08-20 19:41:38,403 [pool-126-thread-1] INFO  util.JmxRegister (JmxRegister.java:tryRegister(44)) - Successfully registered JMX Bean with object name Ratis:service=RaftServer,group=group-0D20F8011B2A,id=3a5f5f92-1fbc-4da9-891b-fb9af6a803f0
2019-08-20 19:41:38,429 [RatisPipelineUtilsThread] INFO  pipeline.PipelineStateManager (PipelineStateManager.java:addPipeline(56)) - Created pipeline Pipeline[ Id: e62d4702-5177-4bb0-94aa-0d20f8011b2a, Nodes: 3a5f5f92-1fbc-4da9-891b-fb9af6a803f0{ip: 192.168.157.205, host: pr-hdds-1927-n56ck-2550958449, networkLocation: /rack1, certSerialId: null}, Type:RATIS, Factor:ONE, State:OPEN]
2019-08-20 19:41:38,466 [grpc-default-executor-1] INFO  impl.RaftServerProxy (RaftServerProxy.java:addNew(89)) - 8109623e-cc10-4f33-b553-5cc878b10d85: addNew group-7FF24DFB94D0:[8109623e-cc10-4f33-b553-5cc878b10d85:192.168.157.205:41929] returns group-7FF24DFB94D0:java.util.concurrent.CompletableFuture@17d3087e[Not completed]
2019-08-20 19:41:38,473 [pool-104-thread-1] INFO  impl.RaftServerImpl (RaftServerImpl.java:<init>(93)) - 8109623e-cc10-4f33-b553-5cc878b10d85: new RaftServerImpl for group-7FF24DFB94D0:[8109623e-cc10-4f33-b553-5cc878b10d85:192.168.157.205:41929] with ContainerStateMachine:uninitialized
2019-08-20 19:41:38,473 [pool-104-thread-1] INFO  server.RaftServerConfigKeys (ConfUtils.java:logGet(43)) - raft.server.rpc.timeout.min = 1s (custom)
2019-08-20 19:41:38,473 [pool-104-thread-1] INFO  server.RaftServerConfigKeys (ConfUtils.java:logGet(43)) - raft.server.rpc.timeout.max = 1200ms (custom)
2019-08-20 19:41:38,474 [pool-104-thread-1] INFO  server.RaftServerConfigKeys (ConfUtils.java:logGet(43)) - raft.server.rpcslowness.timeout = 120s (custom)
2019-08-20 19:41:38,474 [pool-104-thread-1] INFO  server.RaftServerConfigKeys (ConfUtils.java:logGet(43)) - raft.server.sleep.deviation.threshold = 300 (default)
2019-08-20 19:41:38,474 [pool-104-thread-1] INFO  server.RaftServerConfigKeys (ConfUtils.java:logGet(43)) - raft.server.log.appender.install.snapshot.enabled = false (custom)
2019-08-20 19:41:38,474 [pool-104-thread-1] INFO  impl.RaftServerImpl (ServerState.java:<init>(105)) - 8109623e-cc10-4f33-b553-5cc878b10d85:group-7FF24DFB94D0 ConfigurationManager, init=-1: [8109623e-cc10-4f33-b553-5cc878b10d85:192.168.157.205:41929], old=null, confs=<EMPTY_MAP>
2019-08-20 19:41:38,474 [pool-104-thread-1] INFO  server.RaftServerConfigKeys (ConfUtils.java:logGet(43)) - raft.server.storage.dir = [/workdir/hadoop-ozone/integration-test/target/test-dir/MiniOzoneClusterImpl-e13e4b4c-a51c-41ed-96f1-bc31a3706be2/datanode-7/data/ratis] (custom)
2019-08-20 19:41:38,475 [pool-104-thread-1] INFO  storage.RaftStorageDirectory (RaftStorageDirectory.java:analyzeStorage(246)) - The storage directory /workdir/hadoop-ozone/integration-test/target/test-dir/MiniOzoneClusterImpl-e13e4b4c-a51c-41ed-96f1-bc31a3706be2/datanode-7/data/ratis/b375dec5-ac9c-4436-984f-7ff24dfb94d0 does not exist. Creating ...
2019-08-20 19:41:38,488 [pool-104-thread-1] INFO  storage.RaftStorageDirectory (RaftStorageDirectory.java:tryLock(328)) - Lock on /workdir/hadoop-ozone/integration-test/target/test-dir/MiniOzoneClusterImpl-e13e4b4c-a51c-41ed-96f1-bc31a3706be2/datanode-7/data/ratis/b375dec5-ac9c-4436-984f-7ff24dfb94d0/in_use.lock acquired by nodename 22599@pr-hdds-1927-n56ck-2550958449
2019-08-20 19:41:38,507 [pool-104-thread-1] INFO  storage.RaftStorage (RaftStorage.java:format(72)) - Storage directory /workdir/hadoop-ozone/integration-test/target/test-dir/MiniOzoneClusterImpl-e13e4b4c-a51c-41ed-96f1-bc31a3706be2/datanode-7/data/ratis/b375dec5-ac9c-4436-984f-7ff24dfb94d0 has been successfully formatted.
2019-08-20 19:41:38,507 [pool-104-thread-1] INFO  ratis.ContainerStateMachine (ContainerStateMachine.java:loadSnapshot(222)) - group-7FF24DFB94D0: The snapshot info is null. Setting the last applied indexto:(t:0, i:~)
2019-08-20 19:41:38,507 [pool-104-thread-1] INFO  server.RaftServerConfigKeys (ConfUtils.java:logGet(43)) - raft.server.leader.election.timeout = 120s (custom)
2019-08-20 19:41:38,507 [pool-104-thread-1] INFO  server.RaftServerConfigKeys (ConfUtils.java:logGet(43)) - raft.server.log.use.memory = false (default)
2019-08-20 19:41:38,508 [pool-104-thread-1] INFO  server.RaftServerConfigKeys (ConfUtils.java:logGet(43)) - raft.server.log.purge.gap = 1000000 (custom)
2019-08-20 19:41:38,508 [pool-104-thread-1] INFO  server.RaftServerConfigKeys (ConfUtils.java:logGet(43)) - raft.server.log.appender.buffer.byte-limit = 33554432 (custom)
2019-08-20 19:41:38,508 [pool-104-thread-1] INFO  server.RaftServerConfigKeys (ConfUtils.java:logGet(43)) - raft.server.log.segment.size.max = 1048576 (custom)
2019-08-20 19:41:38,508 [pool-104-thread-1] INFO  server.RaftServerConfigKeys (ConfUtils.java:logGet(43)) - raft.server.log.segment.cache.num.max = 2 (custom)
2019-08-20 19:41:38,508 [pool-104-thread-1] INFO  segmented.SegmentedRaftLogWorker (SegmentedRaftLogWorker.java:<init>(172)) - new 8109623e-cc10-4f33-b553-5cc878b10d85-SegmentedRaftLogWorker:Storage Directory /workdir/hadoop-ozone/integration-test/target/test-dir/MiniOzoneClusterImpl-e13e4b4c-a51c-41ed-96f1-bc31a3706be2/datanode-7/data/ratis/b375dec5-ac9c-4436-984f-7ff24dfb94d0 for RaftStorage:Storage Directory /workdir/hadoop-ozone/integration-test/target/test-dir/MiniOzoneClusterImpl-e13e4b4c-a51c-41ed-96f1-bc31a3706be2/datanode-7/data/ratis/b375dec5-ac9c-4436-984f-7ff24dfb94d0
2019-08-20 19:41:38,509 [pool-104-thread-1] INFO  server.RaftServerConfigKeys (ConfUtils.java:logGet(43)) - raft.server.log.queue.byte-limit = 2147483647 (custom)
2019-08-20 19:41:38,509 [pool-104-thread-1] INFO  server.RaftServerConfigKeys (ConfUtils.java:logGet(43)) - raft.server.log.queue.element-limit = 1024 (custom)
2019-08-20 19:41:38,509 [pool-104-thread-1] INFO  server.RaftServerConfigKeys (ConfUtils.java:logGet(43)) - raft.server.log.segment.size.max = 1048576 (custom)
2019-08-20 19:41:38,509 [pool-104-thread-1] INFO  server.RaftServerConfigKeys (ConfUtils.java:logGet(43)) - raft.server.log.preallocated.size = 16384 (custom)
2019-08-20 19:41:38,510 [pool-104-thread-1] INFO  server.RaftServerConfigKeys (ConfUtils.java:logGet(43)) - raft.server.log.write.buffer.size = 33554432 (custom)
2019-08-20 19:41:38,510 [pool-104-thread-1] INFO  server.RaftServerConfigKeys (ConfUtils.java:logGet(43)) - raft.server.log.force.sync.num = 128 (default)
2019-08-20 19:41:38,510 [pool-104-thread-1] INFO  server.RaftServerConfigKeys (ConfUtils.java:logGet(43)) - raft.server.log.statemachine.data.sync = true (default)
2019-08-20 19:41:38,510 [pool-104-thread-1] INFO  server.RaftServerConfigKeys (ConfUtils.java:logGet(43)) - raft.server.log.statemachine.data.sync.timeout = 10s (default)
2019-08-20 19:41:38,510 [pool-104-thread-1] INFO  server.RaftServerConfigKeys (ConfUtils.java:logGet(43)) - raft.server.log.statemachine.data.sync.timeout.retry = -1 (default)
2019-08-20 19:41:38,511 [pool-104-thread-1] INFO  server.RaftServerConfigKeys (ConfUtils.java:logGet(43)) - raft.server.log.statemachine.data.caching.enabled = true (custom)
2019-08-20 19:41:38,511 [pool-104-thread-1] INFO  segmented.SegmentedRaftLogWorker (SegmentedRaftLogWorker.java:lambda$new$0(132)) - 8109623e-cc10-4f33-b553-5cc878b10d85-SegmentedRaftLogWorker:Storage Directory /workdir/hadoop-ozone/integration-test/target/test-dir/MiniOzoneClusterImpl-e13e4b4c-a51c-41ed-96f1-bc31a3706be2/datanode-7/data/ratis/b375dec5-ac9c-4436-984f-7ff24dfb94d0: flushIndex: setUnconditionally 0 -> -1
2019-08-20 19:41:38,512 [pool-104-thread-1] INFO  server.RaftServerConfigKeys (ConfUtils.java:logGet(43)) - raft.server.snapshot.auto.trigger.enabled = true (custom)
2019-08-20 19:41:38,512 [pool-104-thread-1] INFO  server.RaftServerConfigKeys (ConfUtils.java:logGet(43)) - raft.server.snapshot.auto.trigger.threshold = 10000 (custom)
2019-08-20 19:41:38,512 [pool-104-thread-1] INFO  server.RaftServerConfigKeys (ConfUtils.java:logGet(43)) - raft.server.retrycache.expirytime = 600000ms (custom)
2019-08-20 19:41:38,512 [pool-104-thread-1] INFO  impl.RaftServerImpl (RaftServerImpl.java:start(180)) - 8109623e-cc10-4f33-b553-5cc878b10d85: start group-7FF24DFB94D0
2019-08-20 19:41:38,512 [pool-104-thread-1] INFO  impl.RaftServerImpl (RaftServerImpl.java:setRole(171)) - 8109623e-cc10-4f33-b553-5cc878b10d85:group-7FF24DFB94D0 changes role from null to FOLLOWER at term 0 for startAsFollower
2019-08-20 19:41:38,513 [pool-104-thread-1] INFO  impl.RoleInfo (RoleInfo.java:updateAndGet(143)) - 8109623e-cc10-4f33-b553-5cc878b10d85: start FollowerState
2019-08-20 19:41:38,513 [pool-104-thread-1] INFO  util.JmxRegister (JmxRegister.java:tryRegister(44)) - Successfully registered JMX Bean with object name Ratis:service=RaftServer,group=group-7FF24DFB94D0,id=8109623e-cc10-4f33-b553-5cc878b10d85
2019-08-20 19:41:38,532 [RatisPipelineUtilsThread] INFO  pipeline.PipelineStateManager (PipelineStateManager.java:addPipeline(56)) - Created pipeline Pipeline[ Id: b375dec5-ac9c-4436-984f-7ff24dfb94d0, Nodes: 8109623e-cc10-4f33-b553-5cc878b10d85{ip: 192.168.157.205, host: pr-hdds-1927-n56ck-2550958449, networkLocation: /rack1, certSerialId: null}, Type:RATIS, Factor:ONE, State:OPEN]
2019-08-20 19:41:38,555 | INFO  | SCMAudit | user=jenkins1000 | ip=192.168.157.205 | op=SEND_HEARTBEAT {datanodeUUID=4076f294-af48-436f-ac12-9ab283e144bb, command=[]} | ret=SUCCESS |  
2019-08-20 19:41:38,556 [grpc-default-executor-1] INFO  impl.RaftServerProxy (RaftServerProxy.java:addNew(89)) - 0ddcad73-dd47-4236-bfae-d514011a99c3: addNew group-30BC8F6A2A35:[0ddcad73-dd47-4236-bfae-d514011a99c3:192.168.157.205:38687] returns group-30BC8F6A2A35:java.util.concurrent.CompletableFuture@2f73ba75[Not completed]
2019-08-20 19:41:38,569 [pool-71-thread-1] INFO  impl.RaftServerImpl (RaftServerImpl.java:<init>(93)) - 0ddcad73-dd47-4236-bfae-d514011a99c3: new RaftServerImpl for group-30BC8F6A2A35:[0ddcad73-dd47-4236-bfae-d514011a99c3:192.168.157.205:38687] with ContainerStateMachine:uninitialized
2019-08-20 19:41:38,569 [pool-71-thread-1] INFO  server.RaftServerConfigKeys (ConfUtils.java:logGet(43)) - raft.server.rpc.timeout.min = 1s (custom)
2019-08-20 19:41:38,569 [pool-71-thread-1] INFO  server.RaftServerConfigKeys (ConfUtils.java:logGet(43)) - raft.server.rpc.timeout.max = 1200ms (custom)
2019-08-20 19:41:38,569 [pool-71-thread-1] INFO  server.RaftServerConfigKeys (ConfUtils.java:logGet(43)) - raft.server.rpcslowness.timeout = 120s (custom)
2019-08-20 19:41:38,570 [pool-71-thread-1] INFO  server.RaftServerConfigKeys (ConfUtils.java:logGet(43)) - raft.server.sleep.deviation.threshold = 300 (default)
2019-08-20 19:41:38,570 [pool-71-thread-1] INFO  server.RaftServerConfigKeys (ConfUtils.java:logGet(43)) - raft.server.log.appender.install.snapshot.enabled = false (custom)
2019-08-20 19:41:38,570 [pool-71-thread-1] INFO  impl.RaftServerImpl (ServerState.java:<init>(105)) - 0ddcad73-dd47-4236-bfae-d514011a99c3:group-30BC8F6A2A35 ConfigurationManager, init=-1: [0ddcad73-dd47-4236-bfae-d514011a99c3:192.168.157.205:38687], old=null, confs=<EMPTY_MAP>
2019-08-20 19:41:38,570 [pool-71-thread-1] INFO  server.RaftServerConfigKeys (ConfUtils.java:logGet(43)) - raft.server.storage.dir = [/workdir/hadoop-ozone/integration-test/target/test-dir/MiniOzoneClusterImpl-e13e4b4c-a51c-41ed-96f1-bc31a3706be2/datanode-4/data/ratis] (custom)
2019-08-20 19:41:38,571 [pool-71-thread-1] INFO  storage.RaftStorageDirectory (RaftStorageDirectory.java:analyzeStorage(246)) - The storage directory /workdir/hadoop-ozone/integration-test/target/test-dir/MiniOzoneClusterImpl-e13e4b4c-a51c-41ed-96f1-bc31a3706be2/datanode-4/data/ratis/959210a8-235f-4bb8-b2be-30bc8f6a2a35 does not exist. Creating ...
2019-08-20 19:41:38,584 [pool-71-thread-1] INFO  storage.RaftStorageDirectory (RaftStorageDirectory.java:tryLock(328)) - Lock on /workdir/hadoop-ozone/integration-test/target/test-dir/MiniOzoneClusterImpl-e13e4b4c-a51c-41ed-96f1-bc31a3706be2/datanode-4/data/ratis/959210a8-235f-4bb8-b2be-30bc8f6a2a35/in_use.lock acquired by nodename 22599@pr-hdds-1927-n56ck-2550958449
2019-08-20 19:41:38,598 [pool-71-thread-1] INFO  storage.RaftStorage (RaftStorage.java:format(72)) - Storage directory /workdir/hadoop-ozone/integration-test/target/test-dir/MiniOzoneClusterImpl-e13e4b4c-a51c-41ed-96f1-bc31a3706be2/datanode-4/data/ratis/959210a8-235f-4bb8-b2be-30bc8f6a2a35 has been successfully formatted.
2019-08-20 19:41:38,598 [pool-71-thread-1] INFO  ratis.ContainerStateMachine (ContainerStateMachine.java:loadSnapshot(222)) - group-30BC8F6A2A35: The snapshot info is null. Setting the last applied indexto:(t:0, i:~)
2019-08-20 19:41:38,598 [pool-71-thread-1] INFO  server.RaftServerConfigKeys (ConfUtils.java:logGet(43)) - raft.server.leader.election.timeout = 120s (custom)
2019-08-20 19:41:38,598 [pool-71-thread-1] INFO  server.RaftServerConfigKeys (ConfUtils.java:logGet(43)) - raft.server.log.use.memory = false (default)
2019-08-20 19:41:38,599 [pool-71-thread-1] INFO  server.RaftServerConfigKeys (ConfUtils.java:logGet(43)) - raft.server.log.purge.gap = 1000000 (custom)
2019-08-20 19:41:38,599 [pool-71-thread-1] INFO  server.RaftServerConfigKeys (ConfUtils.java:logGet(43)) - raft.server.log.appender.buffer.byte-limit = 33554432 (custom)
2019-08-20 19:41:38,599 [pool-71-thread-1] INFO  server.RaftServerConfigKeys (ConfUtils.java:logGet(43)) - raft.server.log.segment.size.max = 1048576 (custom)
2019-08-20 19:41:38,599 [pool-71-thread-1] INFO  server.RaftServerConfigKeys (ConfUtils.java:logGet(43)) - raft.server.log.segment.cache.num.max = 2 (custom)
2019-08-20 19:41:38,599 [pool-71-thread-1] INFO  segmented.SegmentedRaftLogWorker (SegmentedRaftLogWorker.java:<init>(172)) - new 0ddcad73-dd47-4236-bfae-d514011a99c3-SegmentedRaftLogWorker:Storage Directory /workdir/hadoop-ozone/integration-test/target/test-dir/MiniOzoneClusterImpl-e13e4b4c-a51c-41ed-96f1-bc31a3706be2/datanode-4/data/ratis/959210a8-235f-4bb8-b2be-30bc8f6a2a35 for RaftStorage:Storage Directory /workdir/hadoop-ozone/integration-test/target/test-dir/MiniOzoneClusterImpl-e13e4b4c-a51c-41ed-96f1-bc31a3706be2/datanode-4/data/ratis/959210a8-235f-4bb8-b2be-30bc8f6a2a35
2019-08-20 19:41:38,600 [pool-71-thread-1] INFO  server.RaftServerConfigKeys (ConfUtils.java:logGet(43)) - raft.server.log.queue.byte-limit = 2147483647 (custom)
2019-08-20 19:41:38,600 [pool-71-thread-1] INFO  server.RaftServerConfigKeys (ConfUtils.java:logGet(43)) - raft.server.log.queue.element-limit = 1024 (custom)
2019-08-20 19:41:38,600 [pool-71-thread-1] INFO  server.RaftServerConfigKeys (ConfUtils.java:logGet(43)) - raft.server.log.segment.size.max = 1048576 (custom)
2019-08-20 19:41:38,600 [pool-71-thread-1] INFO  server.RaftServerConfigKeys (ConfUtils.java:logGet(43)) - raft.server.log.preallocated.size = 16384 (custom)
2019-08-20 19:41:38,601 [pool-71-thread-1] INFO  server.RaftServerConfigKeys (ConfUtils.java:logGet(43)) - raft.server.log.write.buffer.size = 33554432 (custom)
2019-08-20 19:41:38,601 [pool-71-thread-1] INFO  server.RaftServerConfigKeys (ConfUtils.java:logGet(43)) - raft.server.log.force.sync.num = 128 (default)
2019-08-20 19:41:38,601 [pool-71-thread-1] INFO  server.RaftServerConfigKeys (ConfUtils.java:logGet(43)) - raft.server.log.statemachine.data.sync = true (default)
2019-08-20 19:41:38,601 [pool-71-thread-1] INFO  server.RaftServerConfigKeys (ConfUtils.java:logGet(43)) - raft.server.log.statemachine.data.sync.timeout = 10s (default)
2019-08-20 19:41:38,601 [pool-71-thread-1] INFO  server.RaftServerConfigKeys (ConfUtils.java:logGet(43)) - raft.server.log.statemachine.data.sync.timeout.retry = -1 (default)
2019-08-20 19:41:38,602 [pool-71-thread-1] INFO  server.RaftServerConfigKeys (ConfUtils.java:logGet(43)) - raft.server.log.statemachine.data.caching.enabled = true (custom)
2019-08-20 19:41:38,602 [pool-71-thread-1] INFO  segmented.SegmentedRaftLogWorker (SegmentedRaftLogWorker.java:lambda$new$0(132)) - 0ddcad73-dd47-4236-bfae-d514011a99c3-SegmentedRaftLogWorker:Storage Directory /workdir/hadoop-ozone/integration-test/target/test-dir/MiniOzoneClusterImpl-e13e4b4c-a51c-41ed-96f1-bc31a3706be2/datanode-4/data/ratis/959210a8-235f-4bb8-b2be-30bc8f6a2a35: flushIndex: setUnconditionally 0 -> -1
2019-08-20 19:41:38,602 [pool-71-thread-1] INFO  server.RaftServerConfigKeys (ConfUtils.java:logGet(43)) - raft.server.snapshot.auto.trigger.enabled = true (custom)
2019-08-20 19:41:38,602 [pool-71-thread-1] INFO  server.RaftServerConfigKeys (ConfUtils.java:logGet(43)) - raft.server.snapshot.auto.trigger.threshold = 10000 (custom)
2019-08-20 19:41:38,603 [pool-71-thread-1] INFO  server.RaftServerConfigKeys (ConfUtils.java:logGet(43)) - raft.server.retrycache.expirytime = 600000ms (custom)
2019-08-20 19:41:38,603 [pool-71-thread-1] INFO  impl.RaftServerImpl (RaftServerImpl.java:start(180)) - 0ddcad73-dd47-4236-bfae-d514011a99c3: start group-30BC8F6A2A35
2019-08-20 19:41:38,603 [pool-71-thread-1] INFO  impl.RaftServerImpl (RaftServerImpl.java:setRole(171)) - 0ddcad73-dd47-4236-bfae-d514011a99c3:group-30BC8F6A2A35 changes role from null to FOLLOWER at term 0 for startAsFollower
2019-08-20 19:41:38,603 [pool-71-thread-1] INFO  impl.RoleInfo (RoleInfo.java:updateAndGet(143)) - 0ddcad73-dd47-4236-bfae-d514011a99c3: start FollowerState
2019-08-20 19:41:38,604 [pool-71-thread-1] INFO  util.JmxRegister (JmxRegister.java:tryRegister(44)) - Successfully registered JMX Bean with object name Ratis:service=RaftServer,group=group-30BC8F6A2A35,id=0ddcad73-dd47-4236-bfae-d514011a99c3
2019-08-20 19:41:38,621 [RatisPipelineUtilsThread] INFO  pipeline.PipelineStateManager (PipelineStateManager.java:addPipeline(56)) - Created pipeline Pipeline[ Id: 959210a8-235f-4bb8-b2be-30bc8f6a2a35, Nodes: 0ddcad73-dd47-4236-bfae-d514011a99c3{ip: 192.168.157.205, host: pr-hdds-1927-n56ck-2550958449, networkLocation: /rack1, certSerialId: null}, Type:RATIS, Factor:ONE, State:OPEN]
2019-08-20 19:41:38,652 [grpc-default-executor-0] INFO  impl.RaftServerProxy (RaftServerProxy.java:addNew(89)) - 4076f294-af48-436f-ac12-9ab283e144bb: addNew group-6E912D5A715C:[4076f294-af48-436f-ac12-9ab283e144bb:192.168.157.205:33701] returns group-6E912D5A715C:java.util.concurrent.CompletableFuture@19674b7d[Not completed]
2019-08-20 19:41:38,655 [pool-49-thread-1] INFO  impl.RaftServerImpl (RaftServerImpl.java:<init>(93)) - 4076f294-af48-436f-ac12-9ab283e144bb: new RaftServerImpl for group-6E912D5A715C:[4076f294-af48-436f-ac12-9ab283e144bb:192.168.157.205:33701] with ContainerStateMachine:uninitialized
2019-08-20 19:41:38,655 [pool-49-thread-1] INFO  server.RaftServerConfigKeys (ConfUtils.java:logGet(43)) - raft.server.rpc.timeout.min = 1s (custom)
2019-08-20 19:41:38,656 [pool-49-thread-1] INFO  server.RaftServerConfigKeys (ConfUtils.java:logGet(43)) - raft.server.rpc.timeout.max = 1200ms (custom)
2019-08-20 19:41:38,656 [pool-49-thread-1] INFO  server.RaftServerConfigKeys (ConfUtils.java:logGet(43)) - raft.server.rpcslowness.timeout = 120s (custom)
2019-08-20 19:41:38,656 [pool-49-thread-1] INFO  server.RaftServerConfigKeys (ConfUtils.java:logGet(43)) - raft.server.sleep.deviation.threshold = 300 (default)
2019-08-20 19:41:38,656 [pool-49-thread-1] INFO  server.RaftServerConfigKeys (ConfUtils.java:logGet(43)) - raft.server.log.appender.install.snapshot.enabled = false (custom)
2019-08-20 19:41:38,656 [pool-49-thread-1] INFO  impl.RaftServerImpl (ServerState.java:<init>(105)) - 4076f294-af48-436f-ac12-9ab283e144bb:group-6E912D5A715C ConfigurationManager, init=-1: [4076f294-af48-436f-ac12-9ab283e144bb:192.168.157.205:33701], old=null, confs=<EMPTY_MAP>
2019-08-20 19:41:38,657 [pool-49-thread-1] INFO  server.RaftServerConfigKeys (ConfUtils.java:logGet(43)) - raft.server.storage.dir = [/workdir/hadoop-ozone/integration-test/target/test-dir/MiniOzoneClusterImpl-e13e4b4c-a51c-41ed-96f1-bc31a3706be2/datanode-2/data/ratis] (custom)
2019-08-20 19:41:38,657 [pool-49-thread-1] INFO  storage.RaftStorageDirectory (RaftStorageDirectory.java:analyzeStorage(246)) - The storage directory /workdir/hadoop-ozone/integration-test/target/test-dir/MiniOzoneClusterImpl-e13e4b4c-a51c-41ed-96f1-bc31a3706be2/datanode-2/data/ratis/acc906f5-6f27-4e67-b7a8-6e912d5a715c does not exist. Creating ...
2019-08-20 19:41:38,670 [pool-49-thread-1] INFO  storage.RaftStorageDirectory (RaftStorageDirectory.java:tryLock(328)) - Lock on /workdir/hadoop-ozone/integration-test/target/test-dir/MiniOzoneClusterImpl-e13e4b4c-a51c-41ed-96f1-bc31a3706be2/datanode-2/data/ratis/acc906f5-6f27-4e67-b7a8-6e912d5a715c/in_use.lock acquired by nodename 22599@pr-hdds-1927-n56ck-2550958449
2019-08-20 19:41:38,685 [pool-49-thread-1] INFO  storage.RaftStorage (RaftStorage.java:format(72)) - Storage directory /workdir/hadoop-ozone/integration-test/target/test-dir/MiniOzoneClusterImpl-e13e4b4c-a51c-41ed-96f1-bc31a3706be2/datanode-2/data/ratis/acc906f5-6f27-4e67-b7a8-6e912d5a715c has been successfully formatted.
2019-08-20 19:41:38,685 [pool-49-thread-1] INFO  ratis.ContainerStateMachine (ContainerStateMachine.java:loadSnapshot(222)) - group-6E912D5A715C: The snapshot info is null. Setting the last applied indexto:(t:0, i:~)
2019-08-20 19:41:38,685 [pool-49-thread-1] INFO  server.RaftServerConfigKeys (ConfUtils.java:logGet(43)) - raft.server.leader.election.timeout = 120s (custom)
2019-08-20 19:41:38,685 [pool-49-thread-1] INFO  server.RaftServerConfigKeys (ConfUtils.java:logGet(43)) - raft.server.log.use.memory = false (default)
2019-08-20 19:41:38,686 [pool-49-thread-1] INFO  server.RaftServerConfigKeys (ConfUtils.java:logGet(43)) - raft.server.log.purge.gap = 1000000 (custom)
2019-08-20 19:41:38,686 [pool-49-thread-1] INFO  server.RaftServerConfigKeys (ConfUtils.java:logGet(43)) - raft.server.log.appender.buffer.byte-limit = 33554432 (custom)
2019-08-20 19:41:38,686 [pool-49-thread-1] INFO  server.RaftServerConfigKeys (ConfUtils.java:logGet(43)) - raft.server.log.segment.size.max = 1048576 (custom)
2019-08-20 19:41:38,686 [pool-49-thread-1] INFO  server.RaftServerConfigKeys (ConfUtils.java:logGet(43)) - raft.server.log.segment.cache.num.max = 2 (custom)
2019-08-20 19:41:38,687 [pool-49-thread-1] INFO  segmented.SegmentedRaftLogWorker (SegmentedRaftLogWorker.java:<init>(172)) - new 4076f294-af48-436f-ac12-9ab283e144bb-SegmentedRaftLogWorker:Storage Directory /workdir/hadoop-ozone/integration-test/target/test-dir/MiniOzoneClusterImpl-e13e4b4c-a51c-41ed-96f1-bc31a3706be2/datanode-2/data/ratis/acc906f5-6f27-4e67-b7a8-6e912d5a715c for RaftStorage:Storage Directory /workdir/hadoop-ozone/integration-test/target/test-dir/MiniOzoneClusterImpl-e13e4b4c-a51c-41ed-96f1-bc31a3706be2/datanode-2/data/ratis/acc906f5-6f27-4e67-b7a8-6e912d5a715c
2019-08-20 19:41:38,687 [pool-49-thread-1] INFO  server.RaftServerConfigKeys (ConfUtils.java:logGet(43)) - raft.server.log.queue.byte-limit = 2147483647 (custom)
2019-08-20 19:41:38,687 [pool-49-thread-1] INFO  server.RaftServerConfigKeys (ConfUtils.java:logGet(43)) - raft.server.log.queue.element-limit = 1024 (custom)
2019-08-20 19:41:38,687 [pool-49-thread-1] INFO  server.RaftServerConfigKeys (ConfUtils.java:logGet(43)) - raft.server.log.segment.size.max = 1048576 (custom)
2019-08-20 19:41:38,688 [pool-49-thread-1] INFO  server.RaftServerConfigKeys (ConfUtils.java:logGet(43)) - raft.server.log.preallocated.size = 16384 (custom)
2019-08-20 19:41:38,688 [pool-49-thread-1] INFO  server.RaftServerConfigKeys (ConfUtils.java:logGet(43)) - raft.server.log.write.buffer.size = 33554432 (custom)
2019-08-20 19:41:38,688 [pool-49-thread-1] INFO  server.RaftServerConfigKeys (ConfUtils.java:logGet(43)) - raft.server.log.force.sync.num = 128 (default)
2019-08-20 19:41:38,688 [pool-49-thread-1] INFO  server.RaftServerConfigKeys (ConfUtils.java:logGet(43)) - raft.server.log.statemachine.data.sync = true (default)
2019-08-20 19:41:38,688 [pool-49-thread-1] INFO  server.RaftServerConfigKeys (ConfUtils.java:logGet(43)) - raft.server.log.statemachine.data.sync.timeout = 10s (default)
2019-08-20 19:41:38,689 [pool-49-thread-1] INFO  server.RaftServerConfigKeys (ConfUtils.java:logGet(43)) - raft.server.log.statemachine.data.sync.timeout.retry = -1 (default)
2019-08-20 19:41:38,689 [pool-49-thread-1] INFO  server.RaftServerConfigKeys (ConfUtils.java:logGet(43)) - raft.server.log.statemachine.data.caching.enabled = true (custom)
2019-08-20 19:41:38,690 [pool-49-thread-1] INFO  segmented.SegmentedRaftLogWorker (SegmentedRaftLogWorker.java:lambda$new$0(132)) - 4076f294-af48-436f-ac12-9ab283e144bb-SegmentedRaftLogWorker:Storage Directory /workdir/hadoop-ozone/integration-test/target/test-dir/MiniOzoneClusterImpl-e13e4b4c-a51c-41ed-96f1-bc31a3706be2/datanode-2/data/ratis/acc906f5-6f27-4e67-b7a8-6e912d5a715c: flushIndex: setUnconditionally 0 -> -1
2019-08-20 19:41:38,690 [pool-49-thread-1] INFO  server.RaftServerConfigKeys (ConfUtils.java:logGet(43)) - raft.server.snapshot.auto.trigger.enabled = true (custom)
2019-08-20 19:41:38,690 [pool-49-thread-1] INFO  server.RaftServerConfigKeys (ConfUtils.java:logGet(43)) - raft.server.snapshot.auto.trigger.threshold = 10000 (custom)
2019-08-20 19:41:38,690 [pool-49-thread-1] INFO  server.RaftServerConfigKeys (ConfUtils.java:logGet(43)) - raft.server.retrycache.expirytime = 600000ms (custom)
2019-08-20 19:41:38,691 [pool-49-thread-1] INFO  impl.RaftServerImpl (RaftServerImpl.java:start(180)) - 4076f294-af48-436f-ac12-9ab283e144bb: start group-6E912D5A715C
2019-08-20 19:41:38,691 [pool-49-thread-1] INFO  impl.RaftServerImpl (RaftServerImpl.java:setRole(171)) - 4076f294-af48-436f-ac12-9ab283e144bb:group-6E912D5A715C changes role from null to FOLLOWER at term 0 for startAsFollower
2019-08-20 19:41:38,691 [pool-49-thread-1] INFO  impl.RoleInfo (RoleInfo.java:updateAndGet(143)) - 4076f294-af48-436f-ac12-9ab283e144bb: start FollowerState
2019-08-20 19:41:38,692 [pool-49-thread-1] INFO  util.JmxRegister (JmxRegister.java:tryRegister(44)) - Successfully registered JMX Bean with object name Ratis:service=RaftServer,group=group-6E912D5A715C,id=4076f294-af48-436f-ac12-9ab283e144bb
2019-08-20 19:41:38,706 [RatisPipelineUtilsThread] INFO  pipeline.PipelineStateManager (PipelineStateManager.java:addPipeline(56)) - Created pipeline Pipeline[ Id: acc906f5-6f27-4e67-b7a8-6e912d5a715c, Nodes: 4076f294-af48-436f-ac12-9ab283e144bb{ip: 192.168.157.205, host: pr-hdds-1927-n56ck-2550958449, networkLocation: /rack1, certSerialId: null}, Type:RATIS, Factor:ONE, State:OPEN]
2019-08-20 19:41:38,748 [Thread-284] INFO  impl.FollowerState (FollowerState.java:run(106)) - 2bc3458d-469e-4a51-8672-7abe5768ce0e:group-96FD08FB1942 changes to CANDIDATE, lastRpcTime:1034, electionTimeout:1033ms
2019-08-20 19:41:38,750 [Thread-284] INFO  impl.RoleInfo (RoleInfo.java:shutdownFollowerState(121)) - 2bc3458d-469e-4a51-8672-7abe5768ce0e: shutdown FollowerState
2019-08-20 19:41:38,751 [Thread-284] INFO  impl.RaftServerImpl (RaftServerImpl.java:setRole(171)) - 2bc3458d-469e-4a51-8672-7abe5768ce0e:group-96FD08FB1942 changes role from FOLLOWER to CANDIDATE at term 0 for changeToCandidate
2019-08-20 19:41:38,751 [grpc-default-executor-0] INFO  impl.RaftServerProxy (RaftServerProxy.java:addNew(89)) - 3a5f5f92-1fbc-4da9-891b-fb9af6a803f0: addNew group-78F196AB2FA0:[1eeec8c2-4c0f-4bc8-b0db-6391a5855575:192.168.157.205:39192, 3a5f5f92-1fbc-4da9-891b-fb9af6a803f0:192.168.157.205:37319, ee8f8b66-a0a6-4ed9-8105-e31fb13b4287:192.168.157.205:44060] returns group-78F196AB2FA0:java.util.concurrent.CompletableFuture@628f4816[Not completed]
2019-08-20 19:41:38,751 [grpc-default-executor-2] INFO  impl.RaftServerProxy (RaftServerProxy.java:addNew(89)) - 1eeec8c2-4c0f-4bc8-b0db-6391a5855575: addNew group-78F196AB2FA0:[1eeec8c2-4c0f-4bc8-b0db-6391a5855575:192.168.157.205:39192, 3a5f5f92-1fbc-4da9-891b-fb9af6a803f0:192.168.157.205:37319, ee8f8b66-a0a6-4ed9-8105-e31fb13b4287:192.168.157.205:44060] returns group-78F196AB2FA0:java.util.concurrent.CompletableFuture@73c64489[Not completed]
2019-08-20 19:41:38,751 [grpc-default-executor-1] INFO  impl.RaftServerProxy (RaftServerProxy.java:addNew(89)) - ee8f8b66-a0a6-4ed9-8105-e31fb13b4287: addNew group-78F196AB2FA0:[1eeec8c2-4c0f-4bc8-b0db-6391a5855575:192.168.157.205:39192, 3a5f5f92-1fbc-4da9-891b-fb9af6a803f0:192.168.157.205:37319, ee8f8b66-a0a6-4ed9-8105-e31fb13b4287:192.168.157.205:44060] returns group-78F196AB2FA0:java.util.concurrent.CompletableFuture@23d88b86[Not completed]
2019-08-20 19:41:38,759 [Thread-284] INFO  impl.RoleInfo (RoleInfo.java:updateAndGet(143)) - 2bc3458d-469e-4a51-8672-7abe5768ce0e: start LeaderElection
2019-08-20 19:41:38,776 [pool-82-thread-1] INFO  impl.RaftServerImpl (RaftServerImpl.java:<init>(93)) - ee8f8b66-a0a6-4ed9-8105-e31fb13b4287: new RaftServerImpl for group-78F196AB2FA0:[1eeec8c2-4c0f-4bc8-b0db-6391a5855575:192.168.157.205:39192, 3a5f5f92-1fbc-4da9-891b-fb9af6a803f0:192.168.157.205:37319, ee8f8b66-a0a6-4ed9-8105-e31fb13b4287:192.168.157.205:44060] with ContainerStateMachine:uninitialized
2019-08-20 19:41:38,788 [pool-82-thread-1] INFO  server.RaftServerConfigKeys (ConfUtils.java:logGet(43)) - raft.server.rpc.timeout.min = 1s (custom)
2019-08-20 19:41:38,788 [pool-82-thread-1] INFO  server.RaftServerConfigKeys (ConfUtils.java:logGet(43)) - raft.server.rpc.timeout.max = 1200ms (custom)
2019-08-20 19:41:38,789 [pool-82-thread-1] INFO  server.RaftServerConfigKeys (ConfUtils.java:logGet(43)) - raft.server.rpcslowness.timeout = 120s (custom)
2019-08-20 19:41:38,789 [pool-82-thread-1] INFO  server.RaftServerConfigKeys (ConfUtils.java:logGet(43)) - raft.server.sleep.deviation.threshold = 300 (default)
2019-08-20 19:41:38,789 [pool-82-thread-1] INFO  server.RaftServerConfigKeys (ConfUtils.java:logGet(43)) - raft.server.log.appender.install.snapshot.enabled = false (custom)
2019-08-20 19:41:38,789 [pool-93-thread-1] INFO  impl.RaftServerImpl (RaftServerImpl.java:<init>(93)) - 1eeec8c2-4c0f-4bc8-b0db-6391a5855575: new RaftServerImpl for group-78F196AB2FA0:[1eeec8c2-4c0f-4bc8-b0db-6391a5855575:192.168.157.205:39192, 3a5f5f92-1fbc-4da9-891b-fb9af6a803f0:192.168.157.205:37319, ee8f8b66-a0a6-4ed9-8105-e31fb13b4287:192.168.157.205:44060] with ContainerStateMachine:uninitialized
2019-08-20 19:41:38,790 [pool-82-thread-1] INFO  impl.RaftServerImpl (ServerState.java:<init>(105)) - ee8f8b66-a0a6-4ed9-8105-e31fb13b4287:group-78F196AB2FA0 ConfigurationManager, init=-1: [1eeec8c2-4c0f-4bc8-b0db-6391a5855575:192.168.157.205:39192, 3a5f5f92-1fbc-4da9-891b-fb9af6a803f0:192.168.157.205:37319, ee8f8b66-a0a6-4ed9-8105-e31fb13b4287:192.168.157.205:44060], old=null, confs=<EMPTY_MAP>
2019-08-20 19:41:38,790 [pool-93-thread-1] INFO  server.RaftServerConfigKeys (ConfUtils.java:logGet(43)) - raft.server.rpc.timeout.min = 1s (custom)
2019-08-20 19:41:38,790 [pool-82-thread-1] INFO  server.RaftServerConfigKeys (ConfUtils.java:logGet(43)) - raft.server.storage.dir = [/workdir/hadoop-ozone/integration-test/target/test-dir/MiniOzoneClusterImpl-e13e4b4c-a51c-41ed-96f1-bc31a3706be2/datanode-5/data/ratis] (custom)
2019-08-20 19:41:38,790 [pool-93-thread-1] INFO  server.RaftServerConfigKeys (ConfUtils.java:logGet(43)) - raft.server.rpc.timeout.max = 1200ms (custom)
2019-08-20 19:41:38,790 [pool-93-thread-1] INFO  server.RaftServerConfigKeys (ConfUtils.java:logGet(43)) - raft.server.rpcslowness.timeout = 120s (custom)
2019-08-20 19:41:38,791 [pool-93-thread-1] INFO  server.RaftServerConfigKeys (ConfUtils.java:logGet(43)) - raft.server.sleep.deviation.threshold = 300 (default)
2019-08-20 19:41:38,791 [pool-82-thread-1] INFO  storage.RaftStorageDirectory (RaftStorageDirectory.java:analyzeStorage(246)) - The storage directory /workdir/hadoop-ozone/integration-test/target/test-dir/MiniOzoneClusterImpl-e13e4b4c-a51c-41ed-96f1-bc31a3706be2/datanode-5/data/ratis/d391e905-fe4b-49eb-8efd-78f196ab2fa0 does not exist. Creating ...
2019-08-20 19:41:38,791 [pool-126-thread-1] INFO  impl.RaftServerImpl (RaftServerImpl.java:<init>(93)) - 3a5f5f92-1fbc-4da9-891b-fb9af6a803f0: new RaftServerImpl for group-78F196AB2FA0:[1eeec8c2-4c0f-4bc8-b0db-6391a5855575:192.168.157.205:39192, 3a5f5f92-1fbc-4da9-891b-fb9af6a803f0:192.168.157.205:37319, ee8f8b66-a0a6-4ed9-8105-e31fb13b4287:192.168.157.205:44060] with ContainerStateMachine:uninitialized
2019-08-20 19:41:38,791 [pool-93-thread-1] INFO  server.RaftServerConfigKeys (ConfUtils.java:logGet(43)) - raft.server.log.appender.install.snapshot.enabled = false (custom)
2019-08-20 19:41:38,791 [pool-126-thread-1] INFO  server.RaftServerConfigKeys (ConfUtils.java:logGet(43)) - raft.server.rpc.timeout.min = 1s (custom)
2019-08-20 19:41:38,791 [pool-93-thread-1] INFO  impl.RaftServerImpl (ServerState.java:<init>(105)) - 1eeec8c2-4c0f-4bc8-b0db-6391a5855575:group-78F196AB2FA0 ConfigurationManager, init=-1: [1eeec8c2-4c0f-4bc8-b0db-6391a5855575:192.168.157.205:39192, 3a5f5f92-1fbc-4da9-891b-fb9af6a803f0:192.168.157.205:37319, ee8f8b66-a0a6-4ed9-8105-e31fb13b4287:192.168.157.205:44060], old=null, confs=<EMPTY_MAP>
2019-08-20 19:41:38,792 [pool-126-thread-1] INFO  server.RaftServerConfigKeys (ConfUtils.java:logGet(43)) - raft.server.rpc.timeout.max = 1200ms (custom)
2019-08-20 19:41:38,792 [pool-93-thread-1] INFO  server.RaftServerConfigKeys (ConfUtils.java:logGet(43)) - raft.server.storage.dir = [/workdir/hadoop-ozone/integration-test/target/test-dir/MiniOzoneClusterImpl-e13e4b4c-a51c-41ed-96f1-bc31a3706be2/datanode-6/data/ratis] (custom)
2019-08-20 19:41:38,792 [pool-126-thread-1] INFO  server.RaftServerConfigKeys (ConfUtils.java:logGet(43)) - raft.server.rpcslowness.timeout = 120s (custom)
2019-08-20 19:41:38,792 [pool-126-thread-1] INFO  server.RaftServerConfigKeys (ConfUtils.java:logGet(43)) - raft.server.sleep.deviation.threshold = 300 (default)
2019-08-20 19:41:38,792 [pool-93-thread-1] INFO  storage.RaftStorageDirectory (RaftStorageDirectory.java:analyzeStorage(246)) - The storage directory /workdir/hadoop-ozone/integration-test/target/test-dir/MiniOzoneClusterImpl-e13e4b4c-a51c-41ed-96f1-bc31a3706be2/datanode-6/data/ratis/d391e905-fe4b-49eb-8efd-78f196ab2fa0 does not exist. Creating ...
2019-08-20 19:41:38,792 [pool-126-thread-1] INFO  server.RaftServerConfigKeys (ConfUtils.java:logGet(43)) - raft.server.log.appender.install.snapshot.enabled = false (custom)
2019-08-20 19:41:38,793 [pool-126-thread-1] INFO  impl.RaftServerImpl (ServerState.java:<init>(105)) - 3a5f5f92-1fbc-4da9-891b-fb9af6a803f0:group-78F196AB2FA0 ConfigurationManager, init=-1: [1eeec8c2-4c0f-4bc8-b0db-6391a5855575:192.168.157.205:39192, 3a5f5f92-1fbc-4da9-891b-fb9af6a803f0:192.168.157.205:37319, ee8f8b66-a0a6-4ed9-8105-e31fb13b4287:192.168.157.205:44060], old=null, confs=<EMPTY_MAP>
2019-08-20 19:41:38,793 [pool-126-thread-1] INFO  server.RaftServerConfigKeys (ConfUtils.java:logGet(43)) - raft.server.storage.dir = [/workdir/hadoop-ozone/integration-test/target/test-dir/MiniOzoneClusterImpl-e13e4b4c-a51c-41ed-96f1-bc31a3706be2/datanode-9/data/ratis] (custom)
2019-08-20 19:41:38,793 [pool-126-thread-1] INFO  storage.RaftStorageDirectory (RaftStorageDirectory.java:analyzeStorage(246)) - The storage directory /workdir/hadoop-ozone/integration-test/target/test-dir/MiniOzoneClusterImpl-e13e4b4c-a51c-41ed-96f1-bc31a3706be2/datanode-9/data/ratis/d391e905-fe4b-49eb-8efd-78f196ab2fa0 does not exist. Creating ...
2019-08-20 19:41:38,899 [main] INFO  rpc.RpcClient (RpcClient.java:createVolume(293)) - Creating Volume: datanodefailurehandlingtest, with jenkins1000 as owner.
2019-08-20 19:41:38,931 | INFO  | OMAudit | user=jenkins1000 | ip=127.0.0.1 | op=CREATE_VOLUME {admin=jenkins1000, owner=jenkins1000, volume=datanodefailurehandlingtest, creationTime=1566330098924, quotaInBytes=1152921504606846976} | ret=SUCCESS |  
2019-08-20 19:41:38,950 | INFO  | OMAudit | user=jenkins1000 | ip=127.0.0.1 | op=READ_VOLUME {volume=datanodefailurehandlingtest} | ret=SUCCESS |  
2019-08-20 19:41:38,958 [main] INFO  rpc.RpcClient (RpcClient.java:createBucket(432)) - Creating Bucket: datanodefailurehandlingtest/datanodefailurehandlingtest, with Versioning false and Storage Type set to DISK and Encryption set to false 
2019-08-20 19:41:38,982 | INFO  | OMAudit | user=jenkins1000 | ip=127.0.0.1 | op=CREATE_BUCKET {volume=datanodefailurehandlingtest, bucket=datanodefailurehandlingtest, acls=[user:jenkins1000:a[ACCESS], group:default:a[ACCESS]], isVersionEnabled=false, storageType=DISK, creationTime=0} | ret=SUCCESS |  
2019-08-20 19:41:38,991 | INFO  | OMAudit | user=jenkins1000 | ip=127.0.0.1 | op=READ_VOLUME {volume=datanodefailurehandlingtest} | ret=SUCCESS |  
2019-08-20 19:41:39,000 | INFO  | OMAudit | user=jenkins1000 | ip=127.0.0.1 | op=READ_BUCKET {volume=datanodefailurehandlingtest, bucket=datanodefailurehandlingtest} | ret=SUCCESS |  
2019-08-20 19:41:39,102 | INFO  | SCMAudit | user=jenkins1000 | ip=192.168.157.205 | op=SEND_HEARTBEAT {datanodeUUID=2bc3458d-469e-4a51-8672-7abe5768ce0e, command=[]} | ret=SUCCESS |  
2019-08-20 19:41:39,110 [Thread-287] INFO  impl.FollowerState (FollowerState.java:run(106)) - ee8f8b66-a0a6-4ed9-8105-e31fb13b4287:group-D9F71F650CA7 changes to CANDIDATE, lastRpcTime:1171, electionTimeout:1169ms
2019-08-20 19:41:39,112 [Thread-287] INFO  impl.RoleInfo (RoleInfo.java:shutdownFollowerState(121)) - ee8f8b66-a0a6-4ed9-8105-e31fb13b4287: shutdown FollowerState
2019-08-20 19:41:39,112 [Thread-287] INFO  impl.RaftServerImpl (RaftServerImpl.java:setRole(171)) - ee8f8b66-a0a6-4ed9-8105-e31fb13b4287:group-D9F71F650CA7 changes role from FOLLOWER to CANDIDATE at term 0 for changeToCandidate
2019-08-20 19:41:39,113 [Thread-287] INFO  impl.RoleInfo (RoleInfo.java:updateAndGet(143)) - ee8f8b66-a0a6-4ed9-8105-e31fb13b4287: start LeaderElection
2019-08-20 19:41:39,166 | INFO  | SCMAudit | user=jenkins1000 | ip=192.168.157.205 | op=SEND_HEARTBEAT {datanodeUUID=7e48a0a7-bde4-47b7-8ad8-7f749fa46a32, command=[]} | ret=SUCCESS |  
2019-08-20 19:41:39,170 | INFO  | SCMAudit | user=jenkins1000 | ip=192.168.157.205 | op=SEND_HEARTBEAT {datanodeUUID=0ddcad73-dd47-4236-bfae-d514011a99c3, command=[]} | ret=SUCCESS |  
2019-08-20 19:41:39,177 [Thread-282] INFO  container.ReplicationManager (ReplicationManager.java:start(152)) - Starting Replication Monitor Thread.
2019-08-20 19:41:39,179 [ReplicationMonitor] INFO  container.ReplicationManager (ReplicationManager.java:run(215)) - Replication Monitor Thread took 1 milliseconds for processing 0 containers.
2019-08-20 19:41:39,194 [Thread-290] INFO  impl.FollowerState (FollowerState.java:run(106)) - 1eeec8c2-4c0f-4bc8-b0db-6391a5855575:group-3DFC4D60ADA1 changes to CANDIDATE, lastRpcTime:1144, electionTimeout:1144ms
2019-08-20 19:41:39,194 [Thread-290] INFO  impl.RoleInfo (RoleInfo.java:shutdownFollowerState(121)) - 1eeec8c2-4c0f-4bc8-b0db-6391a5855575: shutdown FollowerState
2019-08-20 19:41:39,194 [Thread-290] INFO  impl.RaftServerImpl (RaftServerImpl.java:setRole(171)) - 1eeec8c2-4c0f-4bc8-b0db-6391a5855575:group-3DFC4D60ADA1 changes role from FOLLOWER to CANDIDATE at term 0 for changeToCandidate
2019-08-20 19:41:39,194 [Thread-290] INFO  impl.RoleInfo (RoleInfo.java:updateAndGet(143)) - 1eeec8c2-4c0f-4bc8-b0db-6391a5855575: start LeaderElection
2019-08-20 19:41:39,308 [Thread-293] INFO  impl.FollowerState (FollowerState.java:run(106)) - 7e48a0a7-bde4-47b7-8ad8-7f749fa46a32:group-A92C0EDF269C changes to CANDIDATE, lastRpcTime:1163, electionTimeout:1163ms
2019-08-20 19:41:39,308 [Thread-293] INFO  impl.RoleInfo (RoleInfo.java:shutdownFollowerState(121)) - 7e48a0a7-bde4-47b7-8ad8-7f749fa46a32: shutdown FollowerState
2019-08-20 19:41:39,308 [Thread-293] INFO  impl.RaftServerImpl (RaftServerImpl.java:setRole(171)) - 7e48a0a7-bde4-47b7-8ad8-7f749fa46a32:group-A92C0EDF269C changes role from FOLLOWER to CANDIDATE at term 0 for changeToCandidate
2019-08-20 19:41:39,308 [Thread-293] INFO  impl.RoleInfo (RoleInfo.java:updateAndGet(143)) - 7e48a0a7-bde4-47b7-8ad8-7f749fa46a32: start LeaderElection
2019-08-20 19:41:39,321 | INFO  | SCMAudit | user=jenkins1000 | ip=192.168.157.205 | op=SEND_HEARTBEAT {datanodeUUID=a9286357-6b15-4043-a893-920ae835d3d2, command=[]} | ret=SUCCESS |  
2019-08-20 19:41:39,373 [Thread-296] INFO  impl.FollowerState (FollowerState.java:run(106)) - 58cb59aa-46a6-4cbe-bb28-3c835a001716:group-C17AC19485F0 changes to CANDIDATE, lastRpcTime:1139, electionTimeout:1139ms
2019-08-20 19:41:39,373 [Thread-296] INFO  impl.RoleInfo (RoleInfo.java:shutdownFollowerState(121)) - 58cb59aa-46a6-4cbe-bb28-3c835a001716: shutdown FollowerState
2019-08-20 19:41:39,373 [Thread-296] INFO  impl.RaftServerImpl (RaftServerImpl.java:setRole(171)) - 58cb59aa-46a6-4cbe-bb28-3c835a001716:group-C17AC19485F0 changes role from FOLLOWER to CANDIDATE at term 0 for changeToCandidate
2019-08-20 19:41:39,374 [Thread-296] INFO  impl.RoleInfo (RoleInfo.java:updateAndGet(143)) - 58cb59aa-46a6-4cbe-bb28-3c835a001716: start LeaderElection
2019-08-20 19:41:39,396 [Thread-299] INFO  impl.FollowerState (FollowerState.java:run(106)) - a9286357-6b15-4043-a893-920ae835d3d2:group-9189E1E9EF5B changes to CANDIDATE, lastRpcTime:1076, electionTimeout:1076ms
2019-08-20 19:41:39,396 [Thread-299] INFO  impl.RoleInfo (RoleInfo.java:shutdownFollowerState(121)) - a9286357-6b15-4043-a893-920ae835d3d2: shutdown FollowerState
2019-08-20 19:41:39,396 [Thread-299] INFO  impl.RaftServerImpl (RaftServerImpl.java:setRole(171)) - a9286357-6b15-4043-a893-920ae835d3d2:group-9189E1E9EF5B changes role from FOLLOWER to CANDIDATE at term 0 for changeToCandidate
2019-08-20 19:41:39,397 [Thread-299] INFO  impl.RoleInfo (RoleInfo.java:updateAndGet(143)) - a9286357-6b15-4043-a893-920ae835d3d2: start LeaderElection
2019-08-20 19:41:39,448 | INFO  | SCMAudit | user=jenkins1000 | ip=192.168.157.205 | op=SEND_HEARTBEAT {datanodeUUID=ee8f8b66-a0a6-4ed9-8105-e31fb13b4287, command=[]} | ret=SUCCESS |  
2019-08-20 19:41:39,554 | INFO  | SCMAudit | user=jenkins1000 | ip=192.168.157.205 | op=SEND_HEARTBEAT {datanodeUUID=4076f294-af48-436f-ac12-9ab283e144bb, command=[]} | ret=SUCCESS |  
2019-08-20 19:41:39,558 [Thread-302] INFO  impl.FollowerState (FollowerState.java:run(106)) - 3a5f5f92-1fbc-4da9-891b-fb9af6a803f0:group-0D20F8011B2A changes to CANDIDATE, lastRpcTime:1155, electionTimeout:1155ms
2019-08-20 19:41:39,559 [Thread-302] INFO  impl.RoleInfo (RoleInfo.java:shutdownFollowerState(121)) - 3a5f5f92-1fbc-4da9-891b-fb9af6a803f0: shutdown FollowerState
2019-08-20 19:41:39,559 [Thread-302] INFO  impl.RaftServerImpl (RaftServerImpl.java:setRole(171)) - 3a5f5f92-1fbc-4da9-891b-fb9af6a803f0:group-0D20F8011B2A changes role from FOLLOWER to CANDIDATE at term 0 for changeToCandidate
2019-08-20 19:41:39,559 [Thread-302] INFO  impl.RoleInfo (RoleInfo.java:updateAndGet(143)) - 3a5f5f92-1fbc-4da9-891b-fb9af6a803f0: start LeaderElection
2019-08-20 19:41:39,676 | INFO  | SCMAudit | user=jenkins1000 | ip=192.168.157.205 | op=SEND_HEARTBEAT {datanodeUUID=1eeec8c2-4c0f-4bc8-b0db-6391a5855575, command=[]} | ret=SUCCESS |  
2019-08-20 19:41:39,704 [Thread-306] INFO  impl.FollowerState (FollowerState.java:run(106)) - 8109623e-cc10-4f33-b553-5cc878b10d85:group-7FF24DFB94D0 changes to CANDIDATE, lastRpcTime:1191, electionTimeout:1191ms
2019-08-20 19:41:39,705 [Thread-306] INFO  impl.RoleInfo (RoleInfo.java:shutdownFollowerState(121)) - 8109623e-cc10-4f33-b553-5cc878b10d85: shutdown FollowerState
2019-08-20 19:41:39,705 [Thread-306] INFO  impl.RaftServerImpl (RaftServerImpl.java:setRole(171)) - 8109623e-cc10-4f33-b553-5cc878b10d85:group-7FF24DFB94D0 changes role from FOLLOWER to CANDIDATE at term 0 for changeToCandidate
2019-08-20 19:41:39,705 [Thread-306] INFO  impl.RoleInfo (RoleInfo.java:updateAndGet(143)) - 8109623e-cc10-4f33-b553-5cc878b10d85: start LeaderElection
2019-08-20 19:41:39,722 [Thread-309] INFO  impl.FollowerState (FollowerState.java:run(106)) - 0ddcad73-dd47-4236-bfae-d514011a99c3:group-30BC8F6A2A35 changes to CANDIDATE, lastRpcTime:1118, electionTimeout:1118ms
2019-08-20 19:41:39,722 [Thread-309] INFO  impl.RoleInfo (RoleInfo.java:shutdownFollowerState(121)) - 0ddcad73-dd47-4236-bfae-d514011a99c3: shutdown FollowerState
2019-08-20 19:41:39,722 [Thread-309] INFO  impl.RaftServerImpl (RaftServerImpl.java:setRole(171)) - 0ddcad73-dd47-4236-bfae-d514011a99c3:group-30BC8F6A2A35 changes role from FOLLOWER to CANDIDATE at term 0 for changeToCandidate
2019-08-20 19:41:39,722 [Thread-309] INFO  impl.RoleInfo (RoleInfo.java:updateAndGet(143)) - 0ddcad73-dd47-4236-bfae-d514011a99c3: start LeaderElection
2019-08-20 19:41:39,820 [Thread-312] INFO  impl.FollowerState (FollowerState.java:run(106)) - 4076f294-af48-436f-ac12-9ab283e144bb:group-6E912D5A715C changes to CANDIDATE, lastRpcTime:1128, electionTimeout:1128ms
2019-08-20 19:41:39,820 [Thread-312] INFO  impl.RoleInfo (RoleInfo.java:shutdownFollowerState(121)) - 4076f294-af48-436f-ac12-9ab283e144bb: shutdown FollowerState
2019-08-20 19:41:39,820 [Thread-312] INFO  impl.RaftServerImpl (RaftServerImpl.java:setRole(171)) - 4076f294-af48-436f-ac12-9ab283e144bb:group-6E912D5A715C changes role from FOLLOWER to CANDIDATE at term 0 for changeToCandidate
2019-08-20 19:41:39,820 [Thread-312] INFO  impl.RoleInfo (RoleInfo.java:updateAndGet(143)) - 4076f294-af48-436f-ac12-9ab283e144bb: start LeaderElection
2019-08-20 19:41:39,904 | INFO  | SCMAudit | user=jenkins1000 | ip=192.168.157.205 | op=SEND_HEARTBEAT {datanodeUUID=8109623e-cc10-4f33-b553-5cc878b10d85, command=[]} | ret=SUCCESS |  
2019-08-20 19:41:40,094 | INFO  | SCMAudit | user=jenkins1000 | ip=192.168.157.205 | op=SEND_HEARTBEAT {datanodeUUID=58cb59aa-46a6-4cbe-bb28-3c835a001716, command=[]} | ret=SUCCESS |  
2019-08-20 19:41:40,098 | INFO  | SCMAudit | user=jenkins1000 | ip=192.168.157.205 | op=SEND_HEARTBEAT {datanodeUUID=2bc3458d-469e-4a51-8672-7abe5768ce0e, command=[]} | ret=SUCCESS |  
2019-08-20 19:41:40,162 | INFO  | SCMAudit | user=jenkins1000 | ip=192.168.157.205 | op=SEND_HEARTBEAT {datanodeUUID=7e48a0a7-bde4-47b7-8ad8-7f749fa46a32, command=[]} | ret=SUCCESS |  
2019-08-20 19:41:40,167 | INFO  | SCMAudit | user=jenkins1000 | ip=192.168.157.205 | op=SEND_HEARTBEAT {datanodeUUID=0ddcad73-dd47-4236-bfae-d514011a99c3, command=[]} | ret=SUCCESS |  
2019-08-20 19:41:40,297 | INFO  | SCMAudit | user=jenkins1000 | ip=192.168.157.205 | op=SEND_HEARTBEAT {datanodeUUID=3a5f5f92-1fbc-4da9-891b-fb9af6a803f0, command=[]} | ret=SUCCESS |  
2019-08-20 19:41:40,318 | INFO  | SCMAudit | user=jenkins1000 | ip=192.168.157.205 | op=SEND_HEARTBEAT {datanodeUUID=a9286357-6b15-4043-a893-920ae835d3d2, command=[]} | ret=SUCCESS |  
2019-08-20 19:41:40,446 | INFO  | SCMAudit | user=jenkins1000 | ip=192.168.157.205 | op=SEND_HEARTBEAT {datanodeUUID=ee8f8b66-a0a6-4ed9-8105-e31fb13b4287, command=[]} | ret=SUCCESS |  
2019-08-20 19:41:40,517 [pool-126-thread-1] INFO  storage.RaftStorageDirectory (RaftStorageDirectory.java:tryLock(328)) - Lock on /workdir/hadoop-ozone/integration-test/target/test-dir/MiniOzoneClusterImpl-e13e4b4c-a51c-41ed-96f1-bc31a3706be2/datanode-9/data/ratis/d391e905-fe4b-49eb-8efd-78f196ab2fa0/in_use.lock acquired by nodename 22599@pr-hdds-1927-n56ck-2550958449
2019-08-20 19:41:40,517 [pool-93-thread-1] INFO  storage.RaftStorageDirectory (RaftStorageDirectory.java:tryLock(328)) - Lock on /workdir/hadoop-ozone/integration-test/target/test-dir/MiniOzoneClusterImpl-e13e4b4c-a51c-41ed-96f1-bc31a3706be2/datanode-6/data/ratis/d391e905-fe4b-49eb-8efd-78f196ab2fa0/in_use.lock acquired by nodename 22599@pr-hdds-1927-n56ck-2550958449
2019-08-20 19:41:40,517 [pool-82-thread-1] INFO  storage.RaftStorageDirectory (RaftStorageDirectory.java:tryLock(328)) - Lock on /workdir/hadoop-ozone/integration-test/target/test-dir/MiniOzoneClusterImpl-e13e4b4c-a51c-41ed-96f1-bc31a3706be2/datanode-5/data/ratis/d391e905-fe4b-49eb-8efd-78f196ab2fa0/in_use.lock acquired by nodename 22599@pr-hdds-1927-n56ck-2550958449
2019-08-20 19:41:40,518 [2bc3458d-469e-4a51-8672-7abe5768ce0e:group-96FD08FB1942:LeaderElection1] INFO  impl.LeaderElection (LeaderElection.java:askForVotes(181)) - 2bc3458d-469e-4a51-8672-7abe5768ce0e:group-96FD08FB1942:LeaderElection1: begin an election at term 1 for -1: [2bc3458d-469e-4a51-8672-7abe5768ce0e:192.168.157.205:33472], old=null
2019-08-20 19:41:40,521 [2bc3458d-469e-4a51-8672-7abe5768ce0e:group-96FD08FB1942:LeaderElection1] INFO  impl.RoleInfo (RoleInfo.java:shutdownLeaderElection(134)) - 2bc3458d-469e-4a51-8672-7abe5768ce0e: shutdown LeaderElection
2019-08-20 19:41:40,522 [2bc3458d-469e-4a51-8672-7abe5768ce0e:group-96FD08FB1942:LeaderElection1] INFO  impl.RaftServerImpl (RaftServerImpl.java:setRole(171)) - 2bc3458d-469e-4a51-8672-7abe5768ce0e:group-96FD08FB1942 changes role from CANDIDATE to LEADER at term 1 for changeToLeader
2019-08-20 19:41:40,522 [2bc3458d-469e-4a51-8672-7abe5768ce0e:group-96FD08FB1942:LeaderElection1] INFO  impl.RaftServerImpl (ServerState.java:setLeader(263)) - 2bc3458d-469e-4a51-8672-7abe5768ce0e:group-96FD08FB1942 change Leader from null to 2bc3458d-469e-4a51-8672-7abe5768ce0e at term 1 for becomeLeader, leader elected after 2902ms
2019-08-20 19:41:40,531 [2bc3458d-469e-4a51-8672-7abe5768ce0e:group-96FD08FB1942:LeaderElection1] INFO  server.RaftServerConfigKeys (ConfUtils.java:logGet(43)) - raft.server.staging.catchup.gap = 1000 (default)
2019-08-20 19:41:40,531 [2bc3458d-469e-4a51-8672-7abe5768ce0e:group-96FD08FB1942:LeaderElection1] INFO  server.RaftServerConfigKeys (ConfUtils.java:logGet(43)) - raft.server.rpc.sleep.time = 25ms (default)
2019-08-20 19:41:40,532 [3a5f5f92-1fbc-4da9-891b-fb9af6a803f0:group-0D20F8011B2A:LeaderElection7] INFO  impl.LeaderElection (LeaderElection.java:askForVotes(181)) - 3a5f5f92-1fbc-4da9-891b-fb9af6a803f0:group-0D20F8011B2A:LeaderElection7: begin an election at term 1 for -1: [3a5f5f92-1fbc-4da9-891b-fb9af6a803f0:192.168.157.205:37319], old=null
2019-08-20 19:41:40,532 [4076f294-af48-436f-ac12-9ab283e144bb:group-6E912D5A715C:LeaderElection10] INFO  impl.LeaderElection (LeaderElection.java:askForVotes(181)) - 4076f294-af48-436f-ac12-9ab283e144bb:group-6E912D5A715C:LeaderElection10: begin an election at term 1 for -1: [4076f294-af48-436f-ac12-9ab283e144bb:192.168.157.205:33701], old=null
2019-08-20 19:41:40,547 [3a5f5f92-1fbc-4da9-891b-fb9af6a803f0:group-0D20F8011B2A:LeaderElection7] INFO  impl.RoleInfo (RoleInfo.java:shutdownLeaderElection(134)) - 3a5f5f92-1fbc-4da9-891b-fb9af6a803f0: shutdown LeaderElection
2019-08-20 19:41:40,547 [ee8f8b66-a0a6-4ed9-8105-e31fb13b4287:group-D9F71F650CA7:LeaderElection2] INFO  impl.LeaderElection (LeaderElection.java:askForVotes(181)) - ee8f8b66-a0a6-4ed9-8105-e31fb13b4287:group-D9F71F650CA7:LeaderElection2: begin an election at term 1 for -1: [ee8f8b66-a0a6-4ed9-8105-e31fb13b4287:192.168.157.205:44060], old=null
2019-08-20 19:41:40,547 [58cb59aa-46a6-4cbe-bb28-3c835a001716:group-C17AC19485F0:LeaderElection5] INFO  impl.LeaderElection (LeaderElection.java:askForVotes(181)) - 58cb59aa-46a6-4cbe-bb28-3c835a001716:group-C17AC19485F0:LeaderElection5: begin an election at term 1 for -1: [58cb59aa-46a6-4cbe-bb28-3c835a001716:192.168.157.205:43427], old=null
2019-08-20 19:41:40,533 [a9286357-6b15-4043-a893-920ae835d3d2:group-9189E1E9EF5B:LeaderElection6] INFO  impl.LeaderElection (LeaderElection.java:askForVotes(181)) - a9286357-6b15-4043-a893-920ae835d3d2:group-9189E1E9EF5B:LeaderElection6: begin an election at term 1 for -1: [a9286357-6b15-4043-a893-920ae835d3d2:192.168.157.205:32972], old=null
2019-08-20 19:41:40,533 [7e48a0a7-bde4-47b7-8ad8-7f749fa46a32:group-A92C0EDF269C:LeaderElection4] INFO  impl.LeaderElection (LeaderElection.java:askForVotes(181)) - 7e48a0a7-bde4-47b7-8ad8-7f749fa46a32:group-A92C0EDF269C:LeaderElection4: begin an election at term 1 for -1: [7e48a0a7-bde4-47b7-8ad8-7f749fa46a32:192.168.157.205:36626], old=null
2019-08-20 19:41:40,532 [0ddcad73-dd47-4236-bfae-d514011a99c3:group-30BC8F6A2A35:LeaderElection9] INFO  impl.LeaderElection (LeaderElection.java:askForVotes(181)) - 0ddcad73-dd47-4236-bfae-d514011a99c3:group-30BC8F6A2A35:LeaderElection9: begin an election at term 1 for -1: [0ddcad73-dd47-4236-bfae-d514011a99c3:192.168.157.205:38687], old=null
2019-08-20 19:41:40,532 [8109623e-cc10-4f33-b553-5cc878b10d85:group-7FF24DFB94D0:LeaderElection8] INFO  impl.LeaderElection (LeaderElection.java:askForVotes(181)) - 8109623e-cc10-4f33-b553-5cc878b10d85:group-7FF24DFB94D0:LeaderElection8: begin an election at term 1 for -1: [8109623e-cc10-4f33-b553-5cc878b10d85:192.168.157.205:41929], old=null
2019-08-20 19:41:40,546 [1eeec8c2-4c0f-4bc8-b0db-6391a5855575:group-3DFC4D60ADA1:LeaderElection3] INFO  impl.LeaderElection (LeaderElection.java:askForVotes(181)) - 1eeec8c2-4c0f-4bc8-b0db-6391a5855575:group-3DFC4D60ADA1:LeaderElection3: begin an election at term 1 for -1: [1eeec8c2-4c0f-4bc8-b0db-6391a5855575:192.168.157.205:39192], old=null
2019-08-20 19:41:40,548 [8109623e-cc10-4f33-b553-5cc878b10d85:group-7FF24DFB94D0:LeaderElection8] INFO  impl.RoleInfo (RoleInfo.java:shutdownLeaderElection(134)) - 8109623e-cc10-4f33-b553-5cc878b10d85: shutdown LeaderElection
2019-08-20 19:41:40,548 [0ddcad73-dd47-4236-bfae-d514011a99c3:group-30BC8F6A2A35:LeaderElection9] INFO  impl.RoleInfo (RoleInfo.java:shutdownLeaderElection(134)) - 0ddcad73-dd47-4236-bfae-d514011a99c3: shutdown LeaderElection
2019-08-20 19:41:40,548 [7e48a0a7-bde4-47b7-8ad8-7f749fa46a32:group-A92C0EDF269C:LeaderElection4] INFO  impl.RoleInfo (RoleInfo.java:shutdownLeaderElection(134)) - 7e48a0a7-bde4-47b7-8ad8-7f749fa46a32: shutdown LeaderElection
2019-08-20 19:41:40,548 [a9286357-6b15-4043-a893-920ae835d3d2:group-9189E1E9EF5B:LeaderElection6] INFO  impl.RoleInfo (RoleInfo.java:shutdownLeaderElection(134)) - a9286357-6b15-4043-a893-920ae835d3d2: shutdown LeaderElection
2019-08-20 19:41:40,548 [58cb59aa-46a6-4cbe-bb28-3c835a001716:group-C17AC19485F0:LeaderElection5] INFO  impl.RoleInfo (RoleInfo.java:shutdownLeaderElection(134)) - 58cb59aa-46a6-4cbe-bb28-3c835a001716: shutdown LeaderElection
2019-08-20 19:41:40,549 [58cb59aa-46a6-4cbe-bb28-3c835a001716:group-C17AC19485F0:LeaderElection5] INFO  impl.RaftServerImpl (RaftServerImpl.java:setRole(171)) - 58cb59aa-46a6-4cbe-bb28-3c835a001716:group-C17AC19485F0 changes role from CANDIDATE to LEADER at term 1 for changeToLeader
2019-08-20 19:41:40,547 [ee8f8b66-a0a6-4ed9-8105-e31fb13b4287:group-D9F71F650CA7:LeaderElection2] INFO  impl.RoleInfo (RoleInfo.java:shutdownLeaderElection(134)) - ee8f8b66-a0a6-4ed9-8105-e31fb13b4287: shutdown LeaderElection
2019-08-20 19:41:40,547 [3a5f5f92-1fbc-4da9-891b-fb9af6a803f0:group-0D20F8011B2A:LeaderElection7] INFO  impl.RaftServerImpl (RaftServerImpl.java:setRole(171)) - 3a5f5f92-1fbc-4da9-891b-fb9af6a803f0:group-0D20F8011B2A changes role from CANDIDATE to LEADER at term 1 for changeToLeader
2019-08-20 19:41:40,550 | INFO  | SCMAudit | user=jenkins1000 | ip=192.168.157.205 | op=SEND_HEARTBEAT {datanodeUUID=4076f294-af48-436f-ac12-9ab283e144bb, command=[]} | ret=SUCCESS |  
2019-08-20 19:41:40,547 [4076f294-af48-436f-ac12-9ab283e144bb:group-6E912D5A715C:LeaderElection10] INFO  impl.RoleInfo (RoleInfo.java:shutdownLeaderElection(134)) - 4076f294-af48-436f-ac12-9ab283e144bb: shutdown LeaderElection
2019-08-20 19:41:40,550 [3a5f5f92-1fbc-4da9-891b-fb9af6a803f0:group-0D20F8011B2A:LeaderElection7] INFO  impl.RaftServerImpl (ServerState.java:setLeader(263)) - 3a5f5f92-1fbc-4da9-891b-fb9af6a803f0:group-0D20F8011B2A change Leader from null to 3a5f5f92-1fbc-4da9-891b-fb9af6a803f0 at term 1 for becomeLeader, leader elected after 2158ms
2019-08-20 19:41:40,550 [ee8f8b66-a0a6-4ed9-8105-e31fb13b4287:group-D9F71F650CA7:LeaderElection2] INFO  impl.RaftServerImpl (RaftServerImpl.java:setRole(171)) - ee8f8b66-a0a6-4ed9-8105-e31fb13b4287:group-D9F71F650CA7 changes role from CANDIDATE to LEADER at term 1 for changeToLeader
2019-08-20 19:41:40,550 [3a5f5f92-1fbc-4da9-891b-fb9af6a803f0:group-0D20F8011B2A:LeaderElection7] INFO  server.RaftServerConfigKeys (ConfUtils.java:logGet(43)) - raft.server.staging.catchup.gap = 1000 (default)
2019-08-20 19:41:40,550 [58cb59aa-46a6-4cbe-bb28-3c835a001716:group-C17AC19485F0:LeaderElection5] INFO  impl.RaftServerImpl (ServerState.java:setLeader(263)) - 58cb59aa-46a6-4cbe-bb28-3c835a001716:group-C17AC19485F0 change Leader from null to 58cb59aa-46a6-4cbe-bb28-3c835a001716 at term 1 for becomeLeader, leader elected after 2321ms
2019-08-20 19:41:40,549 [a9286357-6b15-4043-a893-920ae835d3d2:group-9189E1E9EF5B:LeaderElection6] INFO  impl.RaftServerImpl (RaftServerImpl.java:setRole(171)) - a9286357-6b15-4043-a893-920ae835d3d2:group-9189E1E9EF5B changes role from CANDIDATE to LEADER at term 1 for changeToLeader
2019-08-20 19:41:40,549 [7e48a0a7-bde4-47b7-8ad8-7f749fa46a32:group-A92C0EDF269C:LeaderElection4] INFO  impl.RaftServerImpl (RaftServerImpl.java:setRole(171)) - 7e48a0a7-bde4-47b7-8ad8-7f749fa46a32:group-A92C0EDF269C changes role from CANDIDATE to LEADER at term 1 for changeToLeader
2019-08-20 19:41:40,551 [7e48a0a7-bde4-47b7-8ad8-7f749fa46a32:group-A92C0EDF269C:LeaderElection4] INFO  impl.RaftServerImpl (ServerState.java:setLeader(263)) - 7e48a0a7-bde4-47b7-8ad8-7f749fa46a32:group-A92C0EDF269C change Leader from null to 7e48a0a7-bde4-47b7-8ad8-7f749fa46a32 at term 1 for becomeLeader, leader elected after 2413ms
2019-08-20 19:41:40,549 [0ddcad73-dd47-4236-bfae-d514011a99c3:group-30BC8F6A2A35:LeaderElection9] INFO  impl.RaftServerImpl (RaftServerImpl.java:setRole(171)) - 0ddcad73-dd47-4236-bfae-d514011a99c3:group-30BC8F6A2A35 changes role from CANDIDATE to LEADER at term 1 for changeToLeader
2019-08-20 19:41:40,552 [0ddcad73-dd47-4236-bfae-d514011a99c3:group-30BC8F6A2A35:LeaderElection9] INFO  impl.RaftServerImpl (ServerState.java:setLeader(263)) - 0ddcad73-dd47-4236-bfae-d514011a99c3:group-30BC8F6A2A35 change Leader from null to 0ddcad73-dd47-4236-bfae-d514011a99c3 at term 1 for becomeLeader, leader elected after 1953ms
2019-08-20 19:41:40,549 [8109623e-cc10-4f33-b553-5cc878b10d85:group-7FF24DFB94D0:LeaderElection8] INFO  impl.RaftServerImpl (RaftServerImpl.java:setRole(171)) - 8109623e-cc10-4f33-b553-5cc878b10d85:group-7FF24DFB94D0 changes role from CANDIDATE to LEADER at term 1 for changeToLeader
2019-08-20 19:41:40,548 [1eeec8c2-4c0f-4bc8-b0db-6391a5855575:group-3DFC4D60ADA1:LeaderElection3] INFO  impl.RoleInfo (RoleInfo.java:shutdownLeaderElection(134)) - 1eeec8c2-4c0f-4bc8-b0db-6391a5855575: shutdown LeaderElection
2019-08-20 19:41:40,552 [8109623e-cc10-4f33-b553-5cc878b10d85:group-7FF24DFB94D0:LeaderElection8] INFO  impl.RaftServerImpl (ServerState.java:setLeader(263)) - 8109623e-cc10-4f33-b553-5cc878b10d85:group-7FF24DFB94D0 change Leader from null to 8109623e-cc10-4f33-b553-5cc878b10d85 at term 1 for becomeLeader, leader elected after 2044ms
2019-08-20 19:41:40,552 [0ddcad73-dd47-4236-bfae-d514011a99c3:group-30BC8F6A2A35:LeaderElection9] INFO  server.RaftServerConfigKeys (ConfUtils.java:logGet(43)) - raft.server.staging.catchup.gap = 1000 (default)
2019-08-20 19:41:40,551 [7e48a0a7-bde4-47b7-8ad8-7f749fa46a32:group-A92C0EDF269C:LeaderElection4] INFO  server.RaftServerConfigKeys (ConfUtils.java:logGet(43)) - raft.server.staging.catchup.gap = 1000 (default)
2019-08-20 19:41:40,551 [a9286357-6b15-4043-a893-920ae835d3d2:group-9189E1E9EF5B:LeaderElection6] INFO  impl.RaftServerImpl (ServerState.java:setLeader(263)) - a9286357-6b15-4043-a893-920ae835d3d2:group-9189E1E9EF5B change Leader from null to a9286357-6b15-4043-a893-920ae835d3d2 at term 1 for becomeLeader, leader elected after 2239ms
2019-08-20 19:41:40,551 [58cb59aa-46a6-4cbe-bb28-3c835a001716:group-C17AC19485F0:LeaderElection5] INFO  server.RaftServerConfigKeys (ConfUtils.java:logGet(43)) - raft.server.staging.catchup.gap = 1000 (default)
2019-08-20 19:41:40,551 [3a5f5f92-1fbc-4da9-891b-fb9af6a803f0:group-0D20F8011B2A:LeaderElection7] INFO  server.RaftServerConfigKeys (ConfUtils.java:logGet(43)) - raft.server.rpc.sleep.time = 25ms (default)
2019-08-20 19:41:40,551 [2bc3458d-469e-4a51-8672-7abe5768ce0e:group-96FD08FB1942:LeaderElection1] INFO  server.RaftServerConfigKeys (ConfUtils.java:logGet(43)) - raft.server.write.element-limit = 4096 (default)
2019-08-20 19:41:40,550 [ee8f8b66-a0a6-4ed9-8105-e31fb13b4287:group-D9F71F650CA7:LeaderElection2] INFO  impl.RaftServerImpl (ServerState.java:setLeader(263)) - ee8f8b66-a0a6-4ed9-8105-e31fb13b4287:group-D9F71F650CA7 change Leader from null to ee8f8b66-a0a6-4ed9-8105-e31fb13b4287 at term 1 for becomeLeader, leader elected after 2618ms
2019-08-20 19:41:40,550 [4076f294-af48-436f-ac12-9ab283e144bb:group-6E912D5A715C:LeaderElection10] INFO  impl.RaftServerImpl (RaftServerImpl.java:setRole(171)) - 4076f294-af48-436f-ac12-9ab283e144bb:group-6E912D5A715C changes role from CANDIDATE to LEADER at term 1 for changeToLeader
2019-08-20 19:41:40,553 [3a5f5f92-1fbc-4da9-891b-fb9af6a803f0:group-0D20F8011B2A:LeaderElection7] INFO  server.RaftServerConfigKeys (ConfUtils.java:logGet(43)) - raft.server.write.element-limit = 4096 (default)
2019-08-20 19:41:40,553 [58cb59aa-46a6-4cbe-bb28-3c835a001716:group-C17AC19485F0:LeaderElection5] INFO  server.RaftServerConfigKeys (ConfUtils.java:logGet(43)) - raft.server.rpc.sleep.time = 25ms (default)
2019-08-20 19:41:40,553 [a9286357-6b15-4043-a893-920ae835d3d2:group-9189E1E9EF5B:LeaderElection6] INFO  server.RaftServerConfigKeys (ConfUtils.java:logGet(43)) - raft.server.staging.catchup.gap = 1000 (default)
2019-08-20 19:41:40,553 [7e48a0a7-bde4-47b7-8ad8-7f749fa46a32:group-A92C0EDF269C:LeaderElection4] INFO  server.RaftServerConfigKeys (ConfUtils.java:logGet(43)) - raft.server.rpc.sleep.time = 25ms (default)
2019-08-20 19:41:40,553 [0ddcad73-dd47-4236-bfae-d514011a99c3:group-30BC8F6A2A35:LeaderElection9] INFO  server.RaftServerConfigKeys (ConfUtils.java:logGet(43)) - raft.server.rpc.sleep.time = 25ms (default)
2019-08-20 19:41:40,552 [8109623e-cc10-4f33-b553-5cc878b10d85:group-7FF24DFB94D0:LeaderElection8] INFO  server.RaftServerConfigKeys (ConfUtils.java:logGet(43)) - raft.server.staging.catchup.gap = 1000 (default)
2019-08-20 19:41:40,552 [1eeec8c2-4c0f-4bc8-b0db-6391a5855575:group-3DFC4D60ADA1:LeaderElection3] INFO  impl.RaftServerImpl (RaftServerImpl.java:setRole(171)) - 1eeec8c2-4c0f-4bc8-b0db-6391a5855575:group-3DFC4D60ADA1 changes role from CANDIDATE to LEADER at term 1 for changeToLeader
2019-08-20 19:41:40,555 [8109623e-cc10-4f33-b553-5cc878b10d85:group-7FF24DFB94D0:LeaderElection8] INFO  server.RaftServerConfigKeys (ConfUtils.java:logGet(43)) - raft.server.rpc.sleep.time = 25ms (default)
2019-08-20 19:41:40,555 [0ddcad73-dd47-4236-bfae-d514011a99c3:group-30BC8F6A2A35:LeaderElection9] INFO  server.RaftServerConfigKeys (ConfUtils.java:logGet(43)) - raft.server.write.element-limit = 4096 (default)
2019-08-20 19:41:40,555 [7e48a0a7-bde4-47b7-8ad8-7f749fa46a32:group-A92C0EDF269C:LeaderElection4] INFO  server.RaftServerConfigKeys (ConfUtils.java:logGet(43)) - raft.server.write.element-limit = 4096 (default)
2019-08-20 19:41:40,555 [a9286357-6b15-4043-a893-920ae835d3d2:group-9189E1E9EF5B:LeaderElection6] INFO  server.RaftServerConfigKeys (ConfUtils.java:logGet(43)) - raft.server.rpc.sleep.time = 25ms (default)
2019-08-20 19:41:40,554 [58cb59aa-46a6-4cbe-bb28-3c835a001716:group-C17AC19485F0:LeaderElection5] INFO  server.RaftServerConfigKeys (ConfUtils.java:logGet(43)) - raft.server.write.element-limit = 4096 (default)
2019-08-20 19:41:40,554 [4076f294-af48-436f-ac12-9ab283e144bb:group-6E912D5A715C:LeaderElection10] INFO  impl.RaftServerImpl (ServerState.java:setLeader(263)) - 4076f294-af48-436f-ac12-9ab283e144bb:group-6E912D5A715C change Leader from null to 4076f294-af48-436f-ac12-9ab283e144bb at term 1 for becomeLeader, leader elected after 1868ms
2019-08-20 19:41:40,554 [ee8f8b66-a0a6-4ed9-8105-e31fb13b4287:group-D9F71F650CA7:LeaderElection2] INFO  server.RaftServerConfigKeys (ConfUtils.java:logGet(43)) - raft.server.staging.catchup.gap = 1000 (default)
2019-08-20 19:41:40,557 [4076f294-af48-436f-ac12-9ab283e144bb:group-6E912D5A715C:LeaderElection10] INFO  server.RaftServerConfigKeys (ConfUtils.java:logGet(43)) - raft.server.staging.catchup.gap = 1000 (default)
2019-08-20 19:41:40,556 [a9286357-6b15-4043-a893-920ae835d3d2:group-9189E1E9EF5B:LeaderElection6] INFO  server.RaftServerConfigKeys (ConfUtils.java:logGet(43)) - raft.server.write.element-limit = 4096 (default)
2019-08-20 19:41:40,556 [8109623e-cc10-4f33-b553-5cc878b10d85:group-7FF24DFB94D0:LeaderElection8] INFO  server.RaftServerConfigKeys (ConfUtils.java:logGet(43)) - raft.server.write.element-limit = 4096 (default)
2019-08-20 19:41:40,556 [1eeec8c2-4c0f-4bc8-b0db-6391a5855575:group-3DFC4D60ADA1:LeaderElection3] INFO  impl.RaftServerImpl (ServerState.java:setLeader(263)) - 1eeec8c2-4c0f-4bc8-b0db-6391a5855575:group-3DFC4D60ADA1 change Leader from null to 1eeec8c2-4c0f-4bc8-b0db-6391a5855575 at term 1 for becomeLeader, leader elected after 2512ms
2019-08-20 19:41:40,557 [4076f294-af48-436f-ac12-9ab283e144bb:group-6E912D5A715C:LeaderElection10] INFO  server.RaftServerConfigKeys (ConfUtils.java:logGet(43)) - raft.server.rpc.sleep.time = 25ms (default)
2019-08-20 19:41:40,557 [ee8f8b66-a0a6-4ed9-8105-e31fb13b4287:group-D9F71F650CA7:LeaderElection2] INFO  server.RaftServerConfigKeys (ConfUtils.java:logGet(43)) - raft.server.rpc.sleep.time = 25ms (default)
2019-08-20 19:41:40,558 [4076f294-af48-436f-ac12-9ab283e144bb:group-6E912D5A715C:LeaderElection10] INFO  server.RaftServerConfigKeys (ConfUtils.java:logGet(43)) - raft.server.write.element-limit = 4096 (default)
2019-08-20 19:41:40,558 [0ddcad73-dd47-4236-bfae-d514011a99c3:group-30BC8F6A2A35:LeaderElection9] INFO  server.RaftServerConfigKeys (ConfUtils.java:logGet(43)) - raft.server.watch.timeout = 10s (default)
2019-08-20 19:41:40,558 [3a5f5f92-1fbc-4da9-891b-fb9af6a803f0:group-0D20F8011B2A:LeaderElection7] INFO  server.RaftServerConfigKeys (ConfUtils.java:logGet(43)) - raft.server.watch.timeout = 10s (default)
2019-08-20 19:41:40,558 [2bc3458d-469e-4a51-8672-7abe5768ce0e:group-96FD08FB1942:LeaderElection1] INFO  server.RaftServerConfigKeys (ConfUtils.java:logGet(43)) - raft.server.watch.timeout = 10s (default)
2019-08-20 19:41:40,558 [1eeec8c2-4c0f-4bc8-b0db-6391a5855575:group-3DFC4D60ADA1:LeaderElection3] INFO  server.RaftServerConfigKeys (ConfUtils.java:logGet(43)) - raft.server.staging.catchup.gap = 1000 (default)
2019-08-20 19:41:40,559 [2bc3458d-469e-4a51-8672-7abe5768ce0e:group-96FD08FB1942:LeaderElection1] INFO  server.RaftServerConfigKeys (ConfUtils.java:logGet(43)) - raft.server.watch.timeout.denomination = 1s (default)
2019-08-20 19:41:40,559 [3a5f5f92-1fbc-4da9-891b-fb9af6a803f0:group-0D20F8011B2A:LeaderElection7] INFO  server.RaftServerConfigKeys (ConfUtils.java:logGet(43)) - raft.server.watch.timeout.denomination = 1s (default)
2019-08-20 19:41:40,559 [0ddcad73-dd47-4236-bfae-d514011a99c3:group-30BC8F6A2A35:LeaderElection9] INFO  server.RaftServerConfigKeys (ConfUtils.java:logGet(43)) - raft.server.watch.timeout.denomination = 1s (default)
2019-08-20 19:41:40,558 [4076f294-af48-436f-ac12-9ab283e144bb:group-6E912D5A715C:LeaderElection10] INFO  server.RaftServerConfigKeys (ConfUtils.java:logGet(43)) - raft.server.watch.timeout = 10s (default)
2019-08-20 19:41:40,560 [4076f294-af48-436f-ac12-9ab283e144bb:group-6E912D5A715C:LeaderElection10] INFO  server.RaftServerConfigKeys (ConfUtils.java:logGet(43)) - raft.server.watch.timeout.denomination = 1s (default)
2019-08-20 19:41:40,558 [a9286357-6b15-4043-a893-920ae835d3d2:group-9189E1E9EF5B:LeaderElection6] INFO  server.RaftServerConfigKeys (ConfUtils.java:logGet(43)) - raft.server.watch.timeout = 10s (default)
2019-08-20 19:41:40,558 [58cb59aa-46a6-4cbe-bb28-3c835a001716:group-C17AC19485F0:LeaderElection5] INFO  server.RaftServerConfigKeys (ConfUtils.java:logGet(43)) - raft.server.watch.timeout = 10s (default)
2019-08-20 19:41:40,558 [8109623e-cc10-4f33-b553-5cc878b10d85:group-7FF24DFB94D0:LeaderElection8] INFO  server.RaftServerConfigKeys (ConfUtils.java:logGet(43)) - raft.server.watch.timeout = 10s (default)
2019-08-20 19:41:40,558 [7e48a0a7-bde4-47b7-8ad8-7f749fa46a32:group-A92C0EDF269C:LeaderElection4] INFO  server.RaftServerConfigKeys (ConfUtils.java:logGet(43)) - raft.server.watch.timeout = 10s (default)
2019-08-20 19:41:40,558 [ee8f8b66-a0a6-4ed9-8105-e31fb13b4287:group-D9F71F650CA7:LeaderElection2] INFO  server.RaftServerConfigKeys (ConfUtils.java:logGet(43)) - raft.server.write.element-limit = 4096 (default)
2019-08-20 19:41:40,561 [7e48a0a7-bde4-47b7-8ad8-7f749fa46a32:group-A92C0EDF269C:LeaderElection4] INFO  server.RaftServerConfigKeys (ConfUtils.java:logGet(43)) - raft.server.watch.timeout.denomination = 1s (default)
2019-08-20 19:41:40,561 [0ddcad73-dd47-4236-bfae-d514011a99c3:group-30BC8F6A2A35:LeaderElection9] INFO  server.RaftServerConfigKeys (ConfUtils.java:logGet(43)) - raft.server.watch.element-limit = 65536 (default)
2019-08-20 19:41:40,561 [8109623e-cc10-4f33-b553-5cc878b10d85:group-7FF24DFB94D0:LeaderElection8] INFO  server.RaftServerConfigKeys (ConfUtils.java:logGet(43)) - raft.server.watch.timeout.denomination = 1s (default)
2019-08-20 19:41:40,561 [4076f294-af48-436f-ac12-9ab283e144bb:group-6E912D5A715C:LeaderElection10] INFO  server.RaftServerConfigKeys (ConfUtils.java:logGet(43)) - raft.server.watch.element-limit = 65536 (default)
2019-08-20 19:41:40,561 [3a5f5f92-1fbc-4da9-891b-fb9af6a803f0:group-0D20F8011B2A:LeaderElection7] INFO  server.RaftServerConfigKeys (ConfUtils.java:logGet(43)) - raft.server.watch.element-limit = 65536 (default)
2019-08-20 19:41:40,560 [2bc3458d-469e-4a51-8672-7abe5768ce0e:group-96FD08FB1942:LeaderElection1] INFO  server.RaftServerConfigKeys (ConfUtils.java:logGet(43)) - raft.server.watch.element-limit = 65536 (default)
2019-08-20 19:41:40,560 [58cb59aa-46a6-4cbe-bb28-3c835a001716:group-C17AC19485F0:LeaderElection5] INFO  server.RaftServerConfigKeys (ConfUtils.java:logGet(43)) - raft.server.watch.timeout.denomination = 1s (default)
2019-08-20 19:41:40,560 [a9286357-6b15-4043-a893-920ae835d3d2:group-9189E1E9EF5B:LeaderElection6] INFO  server.RaftServerConfigKeys (ConfUtils.java:logGet(43)) - raft.server.watch.timeout.denomination = 1s (default)
2019-08-20 19:41:40,559 [1eeec8c2-4c0f-4bc8-b0db-6391a5855575:group-3DFC4D60ADA1:LeaderElection3] INFO  server.RaftServerConfigKeys (ConfUtils.java:logGet(43)) - raft.server.rpc.sleep.time = 25ms (default)
2019-08-20 19:41:40,563 [a9286357-6b15-4043-a893-920ae835d3d2:group-9189E1E9EF5B:LeaderElection6] INFO  server.RaftServerConfigKeys (ConfUtils.java:logGet(43)) - raft.server.watch.element-limit = 65536 (default)
2019-08-20 19:41:40,563 [58cb59aa-46a6-4cbe-bb28-3c835a001716:group-C17AC19485F0:LeaderElection5] INFO  server.RaftServerConfigKeys (ConfUtils.java:logGet(43)) - raft.server.watch.element-limit = 65536 (default)
2019-08-20 19:41:40,562 [8109623e-cc10-4f33-b553-5cc878b10d85:group-7FF24DFB94D0:LeaderElection8] INFO  server.RaftServerConfigKeys (ConfUtils.java:logGet(43)) - raft.server.watch.element-limit = 65536 (default)
2019-08-20 19:41:40,561 [7e48a0a7-bde4-47b7-8ad8-7f749fa46a32:group-A92C0EDF269C:LeaderElection4] INFO  server.RaftServerConfigKeys (ConfUtils.java:logGet(43)) - raft.server.watch.element-limit = 65536 (default)
2019-08-20 19:41:40,561 [ee8f8b66-a0a6-4ed9-8105-e31fb13b4287:group-D9F71F650CA7:LeaderElection2] INFO  server.RaftServerConfigKeys (ConfUtils.java:logGet(43)) - raft.server.watch.timeout = 10s (default)
2019-08-20 19:41:40,563 [1eeec8c2-4c0f-4bc8-b0db-6391a5855575:group-3DFC4D60ADA1:LeaderElection3] INFO  server.RaftServerConfigKeys (ConfUtils.java:logGet(43)) - raft.server.write.element-limit = 4096 (default)
2019-08-20 19:41:40,564 [ee8f8b66-a0a6-4ed9-8105-e31fb13b4287:group-D9F71F650CA7:LeaderElection2] INFO  server.RaftServerConfigKeys (ConfUtils.java:logGet(43)) - raft.server.watch.timeout.denomination = 1s (default)
2019-08-20 19:41:40,564 [1eeec8c2-4c0f-4bc8-b0db-6391a5855575:group-3DFC4D60ADA1:LeaderElection3] INFO  server.RaftServerConfigKeys (ConfUtils.java:logGet(43)) - raft.server.watch.timeout = 10s (default)
2019-08-20 19:41:40,564 [ee8f8b66-a0a6-4ed9-8105-e31fb13b4287:group-D9F71F650CA7:LeaderElection2] INFO  server.RaftServerConfigKeys (ConfUtils.java:logGet(43)) - raft.server.watch.element-limit = 65536 (default)
2019-08-20 19:41:40,565 [1eeec8c2-4c0f-4bc8-b0db-6391a5855575:group-3DFC4D60ADA1:LeaderElection3] INFO  server.RaftServerConfigKeys (ConfUtils.java:logGet(43)) - raft.server.watch.timeout.denomination = 1s (default)
2019-08-20 19:41:40,565 [1eeec8c2-4c0f-4bc8-b0db-6391a5855575:group-3DFC4D60ADA1:LeaderElection3] INFO  server.RaftServerConfigKeys (ConfUtils.java:logGet(43)) - raft.server.watch.element-limit = 65536 (default)
2019-08-20 19:41:40,589 [3a5f5f92-1fbc-4da9-891b-fb9af6a803f0:group-0D20F8011B2A:LeaderElection7] INFO  impl.RoleInfo (RoleInfo.java:updateAndGet(143)) - 3a5f5f92-1fbc-4da9-891b-fb9af6a803f0: start LeaderState
2019-08-20 19:41:40,589 [8109623e-cc10-4f33-b553-5cc878b10d85:group-7FF24DFB94D0:LeaderElection8] INFO  impl.RoleInfo (RoleInfo.java:updateAndGet(143)) - 8109623e-cc10-4f33-b553-5cc878b10d85: start LeaderState
2019-08-20 19:41:40,589 [ee8f8b66-a0a6-4ed9-8105-e31fb13b4287:group-D9F71F650CA7:LeaderElection2] INFO  impl.RoleInfo (RoleInfo.java:updateAndGet(143)) - ee8f8b66-a0a6-4ed9-8105-e31fb13b4287: start LeaderState
2019-08-20 19:41:40,589 [2bc3458d-469e-4a51-8672-7abe5768ce0e:group-96FD08FB1942:LeaderElection1] INFO  impl.RoleInfo (RoleInfo.java:updateAndGet(143)) - 2bc3458d-469e-4a51-8672-7abe5768ce0e: start LeaderState
2019-08-20 19:41:40,589 [1eeec8c2-4c0f-4bc8-b0db-6391a5855575:group-3DFC4D60ADA1:LeaderElection3] INFO  impl.RoleInfo (RoleInfo.java:updateAndGet(143)) - 1eeec8c2-4c0f-4bc8-b0db-6391a5855575: start LeaderState
2019-08-20 19:41:40,589 [4076f294-af48-436f-ac12-9ab283e144bb:group-6E912D5A715C:LeaderElection10] INFO  impl.RoleInfo (RoleInfo.java:updateAndGet(143)) - 4076f294-af48-436f-ac12-9ab283e144bb: start LeaderState
2019-08-20 19:41:40,589 [7e48a0a7-bde4-47b7-8ad8-7f749fa46a32:group-A92C0EDF269C:LeaderElection4] INFO  impl.RoleInfo (RoleInfo.java:updateAndGet(143)) - 7e48a0a7-bde4-47b7-8ad8-7f749fa46a32: start LeaderState
2019-08-20 19:41:40,589 [0ddcad73-dd47-4236-bfae-d514011a99c3:group-30BC8F6A2A35:LeaderElection9] INFO  impl.RoleInfo (RoleInfo.java:updateAndGet(143)) - 0ddcad73-dd47-4236-bfae-d514011a99c3: start LeaderState
2019-08-20 19:41:40,589 [58cb59aa-46a6-4cbe-bb28-3c835a001716:group-C17AC19485F0:LeaderElection5] INFO  impl.RoleInfo (RoleInfo.java:updateAndGet(143)) - 58cb59aa-46a6-4cbe-bb28-3c835a001716: start LeaderState
2019-08-20 19:41:40,589 [a9286357-6b15-4043-a893-920ae835d3d2:group-9189E1E9EF5B:LeaderElection6] INFO  impl.RoleInfo (RoleInfo.java:updateAndGet(143)) - a9286357-6b15-4043-a893-920ae835d3d2: start LeaderState
2019-08-20 19:41:40,619 [3a5f5f92-1fbc-4da9-891b-fb9af6a803f0:group-0D20F8011B2A:LeaderElection7] INFO  segmented.SegmentedRaftLogWorker (SegmentedRaftLogWorker.java:startLogSegment(380)) - 3a5f5f92-1fbc-4da9-891b-fb9af6a803f0-SegmentedRaftLogWorker:Storage Directory /workdir/hadoop-ozone/integration-test/target/test-dir/MiniOzoneClusterImpl-e13e4b4c-a51c-41ed-96f1-bc31a3706be2/datanode-9/data/ratis/e62d4702-5177-4bb0-94aa-0d20f8011b2a: Starting segment from index:0
2019-08-20 19:41:40,619 [7e48a0a7-bde4-47b7-8ad8-7f749fa46a32:group-A92C0EDF269C:LeaderElection4] INFO  segmented.SegmentedRaftLogWorker (SegmentedRaftLogWorker.java:startLogSegment(380)) - 7e48a0a7-bde4-47b7-8ad8-7f749fa46a32-SegmentedRaftLogWorker:Storage Directory /workdir/hadoop-ozone/integration-test/target/test-dir/MiniOzoneClusterImpl-e13e4b4c-a51c-41ed-96f1-bc31a3706be2/datanode-3/data/ratis/b292fd7c-bafd-46af-b982-a92c0edf269c: Starting segment from index:0
2019-08-20 19:41:40,619 [1eeec8c2-4c0f-4bc8-b0db-6391a5855575:group-3DFC4D60ADA1:LeaderElection3] INFO  segmented.SegmentedRaftLogWorker (SegmentedRaftLogWorker.java:startLogSegment(380)) - 1eeec8c2-4c0f-4bc8-b0db-6391a5855575-SegmentedRaftLogWorker:Storage Directory /workdir/hadoop-ozone/integration-test/target/test-dir/MiniOzoneClusterImpl-e13e4b4c-a51c-41ed-96f1-bc31a3706be2/datanode-6/data/ratis/5ed69197-1f00-4862-88a9-3dfc4d60ada1: Starting segment from index:0
2019-08-20 19:41:40,619 [ee8f8b66-a0a6-4ed9-8105-e31fb13b4287:group-D9F71F650CA7:LeaderElection2] INFO  segmented.SegmentedRaftLogWorker (SegmentedRaftLogWorker.java:startLogSegment(380)) - ee8f8b66-a0a6-4ed9-8105-e31fb13b4287-SegmentedRaftLogWorker:Storage Directory /workdir/hadoop-ozone/integration-test/target/test-dir/MiniOzoneClusterImpl-e13e4b4c-a51c-41ed-96f1-bc31a3706be2/datanode-5/data/ratis/142d2a61-90d2-4b1b-ab33-d9f71f650ca7: Starting segment from index:0
2019-08-20 19:41:40,619 [4076f294-af48-436f-ac12-9ab283e144bb:group-6E912D5A715C:LeaderElection10] INFO  segmented.SegmentedRaftLogWorker (SegmentedRaftLogWorker.java:startLogSegment(380)) - 4076f294-af48-436f-ac12-9ab283e144bb-SegmentedRaftLogWorker:Storage Directory /workdir/hadoop-ozone/integration-test/target/test-dir/MiniOzoneClusterImpl-e13e4b4c-a51c-41ed-96f1-bc31a3706be2/datanode-2/data/ratis/acc906f5-6f27-4e67-b7a8-6e912d5a715c: Starting segment from index:0
2019-08-20 19:41:40,619 [0ddcad73-dd47-4236-bfae-d514011a99c3:group-30BC8F6A2A35:LeaderElection9] INFO  segmented.SegmentedRaftLogWorker (SegmentedRaftLogWorker.java:startLogSegment(380)) - 0ddcad73-dd47-4236-bfae-d514011a99c3-SegmentedRaftLogWorker:Storage Directory /workdir/hadoop-ozone/integration-test/target/test-dir/MiniOzoneClusterImpl-e13e4b4c-a51c-41ed-96f1-bc31a3706be2/datanode-4/data/ratis/959210a8-235f-4bb8-b2be-30bc8f6a2a35: Starting segment from index:0
2019-08-20 19:41:40,619 [58cb59aa-46a6-4cbe-bb28-3c835a001716:group-C17AC19485F0:LeaderElection5] INFO  segmented.SegmentedRaftLogWorker (SegmentedRaftLogWorker.java:startLogSegment(380)) - 58cb59aa-46a6-4cbe-bb28-3c835a001716-SegmentedRaftLogWorker:Storage Directory /workdir/hadoop-ozone/integration-test/target/test-dir/MiniOzoneClusterImpl-e13e4b4c-a51c-41ed-96f1-bc31a3706be2/datanode-8/data/ratis/299bfc4a-4126-4727-a12e-c17ac19485f0: Starting segment from index:0
2019-08-20 19:41:40,619 [8109623e-cc10-4f33-b553-5cc878b10d85:group-7FF24DFB94D0:LeaderElection8] INFO  segmented.SegmentedRaftLogWorker (SegmentedRaftLogWorker.java:startLogSegment(380)) - 8109623e-cc10-4f33-b553-5cc878b10d85-SegmentedRaftLogWorker:Storage Directory /workdir/hadoop-ozone/integration-test/target/test-dir/MiniOzoneClusterImpl-e13e4b4c-a51c-41ed-96f1-bc31a3706be2/datanode-7/data/ratis/b375dec5-ac9c-4436-984f-7ff24dfb94d0: Starting segment from index:0
2019-08-20 19:41:40,619 [a9286357-6b15-4043-a893-920ae835d3d2:group-9189E1E9EF5B:LeaderElection6] INFO  segmented.SegmentedRaftLogWorker (SegmentedRaftLogWorker.java:startLogSegment(380)) - a9286357-6b15-4043-a893-920ae835d3d2-SegmentedRaftLogWorker:Storage Directory /workdir/hadoop-ozone/integration-test/target/test-dir/MiniOzoneClusterImpl-e13e4b4c-a51c-41ed-96f1-bc31a3706be2/datanode-1/data/ratis/58516834-1e55-4f0a-b04a-9189e1e9ef5b: Starting segment from index:0
2019-08-20 19:41:40,619 [2bc3458d-469e-4a51-8672-7abe5768ce0e:group-96FD08FB1942:LeaderElection1] INFO  segmented.SegmentedRaftLogWorker (SegmentedRaftLogWorker.java:startLogSegment(380)) - 2bc3458d-469e-4a51-8672-7abe5768ce0e-SegmentedRaftLogWorker:Storage Directory /workdir/hadoop-ozone/integration-test/target/test-dir/MiniOzoneClusterImpl-e13e4b4c-a51c-41ed-96f1-bc31a3706be2/datanode-0/data/ratis/a7d736d9-94ed-43e0-a158-96fd08fb1942: Starting segment from index:0
2019-08-20 19:41:40,633 [8109623e-cc10-4f33-b553-5cc878b10d85:group-7FF24DFB94D0:LeaderElection8] INFO  impl.RaftServerImpl (ServerState.java:setRaftConf(361)) - 8109623e-cc10-4f33-b553-5cc878b10d85:group-7FF24DFB94D0 set configuration 0: [8109623e-cc10-4f33-b553-5cc878b10d85:192.168.157.205:41929], old=null at 0
2019-08-20 19:41:40,633 [4076f294-af48-436f-ac12-9ab283e144bb:group-6E912D5A715C:LeaderElection10] INFO  impl.RaftServerImpl (ServerState.java:setRaftConf(361)) - 4076f294-af48-436f-ac12-9ab283e144bb:group-6E912D5A715C set configuration 0: [4076f294-af48-436f-ac12-9ab283e144bb:192.168.157.205:33701], old=null at 0
2019-08-20 19:41:40,633 [1eeec8c2-4c0f-4bc8-b0db-6391a5855575:group-3DFC4D60ADA1:LeaderElection3] INFO  impl.RaftServerImpl (ServerState.java:setRaftConf(361)) - 1eeec8c2-4c0f-4bc8-b0db-6391a5855575:group-3DFC4D60ADA1 set configuration 0: [1eeec8c2-4c0f-4bc8-b0db-6391a5855575:192.168.157.205:39192], old=null at 0
2019-08-20 19:41:40,633 [7e48a0a7-bde4-47b7-8ad8-7f749fa46a32:group-A92C0EDF269C:LeaderElection4] INFO  impl.RaftServerImpl (ServerState.java:setRaftConf(361)) - 7e48a0a7-bde4-47b7-8ad8-7f749fa46a32:group-A92C0EDF269C set configuration 0: [7e48a0a7-bde4-47b7-8ad8-7f749fa46a32:192.168.157.205:36626], old=null at 0
2019-08-20 19:41:40,633 [2bc3458d-469e-4a51-8672-7abe5768ce0e:group-96FD08FB1942:LeaderElection1] INFO  impl.RaftServerImpl (ServerState.java:setRaftConf(361)) - 2bc3458d-469e-4a51-8672-7abe5768ce0e:group-96FD08FB1942 set configuration 0: [2bc3458d-469e-4a51-8672-7abe5768ce0e:192.168.157.205:33472], old=null at 0
2019-08-20 19:41:40,633 [ee8f8b66-a0a6-4ed9-8105-e31fb13b4287:group-D9F71F650CA7:LeaderElection2] INFO  impl.RaftServerImpl (ServerState.java:setRaftConf(361)) - ee8f8b66-a0a6-4ed9-8105-e31fb13b4287:group-D9F71F650CA7 set configuration 0: [ee8f8b66-a0a6-4ed9-8105-e31fb13b4287:192.168.157.205:44060], old=null at 0
2019-08-20 19:41:40,640 [3a5f5f92-1fbc-4da9-891b-fb9af6a803f0:group-0D20F8011B2A:LeaderElection7] INFO  impl.RaftServerImpl (ServerState.java:setRaftConf(361)) - 3a5f5f92-1fbc-4da9-891b-fb9af6a803f0:group-0D20F8011B2A set configuration 0: [3a5f5f92-1fbc-4da9-891b-fb9af6a803f0:192.168.157.205:37319], old=null at 0
2019-08-20 19:41:40,634 [0ddcad73-dd47-4236-bfae-d514011a99c3:group-30BC8F6A2A35:LeaderElection9] INFO  impl.RaftServerImpl (ServerState.java:setRaftConf(361)) - 0ddcad73-dd47-4236-bfae-d514011a99c3:group-30BC8F6A2A35 set configuration 0: [0ddcad73-dd47-4236-bfae-d514011a99c3:192.168.157.205:38687], old=null at 0
2019-08-20 19:41:40,634 [a9286357-6b15-4043-a893-920ae835d3d2:group-9189E1E9EF5B:LeaderElection6] INFO  impl.RaftServerImpl (ServerState.java:setRaftConf(361)) - a9286357-6b15-4043-a893-920ae835d3d2:group-9189E1E9EF5B set configuration 0: [a9286357-6b15-4043-a893-920ae835d3d2:192.168.157.205:32972], old=null at 0
2019-08-20 19:41:40,634 [58cb59aa-46a6-4cbe-bb28-3c835a001716:group-C17AC19485F0:LeaderElection5] INFO  impl.RaftServerImpl (ServerState.java:setRaftConf(361)) - 58cb59aa-46a6-4cbe-bb28-3c835a001716:group-C17AC19485F0 set configuration 0: [58cb59aa-46a6-4cbe-bb28-3c835a001716:192.168.157.205:43427], old=null at 0
2019-08-20 19:41:40,673 | INFO  | SCMAudit | user=jenkins1000 | ip=192.168.157.205 | op=SEND_HEARTBEAT {datanodeUUID=1eeec8c2-4c0f-4bc8-b0db-6391a5855575, command=[]} | ret=SUCCESS |  
2019-08-20 19:41:40,886 | INFO  | SCMAudit | user=jenkins1000 | ip=192.168.157.205 | op=SEND_HEARTBEAT {datanodeUUID=8109623e-cc10-4f33-b553-5cc878b10d85, command=[]} | ret=SUCCESS |  
2019-08-20 19:41:41,094 | INFO  | SCMAudit | user=jenkins1000 | ip=192.168.157.205 | op=SEND_HEARTBEAT {datanodeUUID=58cb59aa-46a6-4cbe-bb28-3c835a001716, command=[]} | ret=SUCCESS |  
2019-08-20 19:41:41,098 | INFO  | SCMAudit | user=jenkins1000 | ip=192.168.157.205 | op=SEND_HEARTBEAT {datanodeUUID=2bc3458d-469e-4a51-8672-7abe5768ce0e, command=[]} | ret=SUCCESS |  
2019-08-20 19:41:41,163 | INFO  | SCMAudit | user=jenkins1000 | ip=192.168.157.205 | op=SEND_HEARTBEAT {datanodeUUID=7e48a0a7-bde4-47b7-8ad8-7f749fa46a32, command=[]} | ret=SUCCESS |  
2019-08-20 19:41:41,167 | INFO  | SCMAudit | user=jenkins1000 | ip=192.168.157.205 | op=SEND_HEARTBEAT {datanodeUUID=0ddcad73-dd47-4236-bfae-d514011a99c3, command=[]} | ret=SUCCESS |  
2019-08-20 19:41:41,297 | INFO  | SCMAudit | user=jenkins1000 | ip=192.168.157.205 | op=SEND_HEARTBEAT {datanodeUUID=3a5f5f92-1fbc-4da9-891b-fb9af6a803f0, command=[]} | ret=SUCCESS |  
2019-08-20 19:41:41,317 | INFO  | SCMAudit | user=jenkins1000 | ip=192.168.157.205 | op=SEND_HEARTBEAT {datanodeUUID=a9286357-6b15-4043-a893-920ae835d3d2, command=[]} | ret=SUCCESS |  
2019-08-20 19:41:41,446 | INFO  | SCMAudit | user=jenkins1000 | ip=192.168.157.205 | op=SEND_HEARTBEAT {datanodeUUID=ee8f8b66-a0a6-4ed9-8105-e31fb13b4287, command=[]} | ret=SUCCESS |  
2019-08-20 19:41:41,550 | INFO  | SCMAudit | user=jenkins1000 | ip=192.168.157.205 | op=SEND_HEARTBEAT {datanodeUUID=4076f294-af48-436f-ac12-9ab283e144bb, command=[]} | ret=SUCCESS |  
2019-08-20 19:41:41,673 | INFO  | SCMAudit | user=jenkins1000 | ip=192.168.157.205 | op=SEND_HEARTBEAT {datanodeUUID=1eeec8c2-4c0f-4bc8-b0db-6391a5855575, command=[]} | ret=SUCCESS |  
2019-08-20 19:41:41,749 [RATISCREATEPIPELINE3] ERROR pipeline.RatisPipelineProvider (RatisPipelineProvider.java:lambda$null$5(235)) - Failed invoke Ratis rpc org.apache.hadoop.hdds.scm.pipeline.RatisPipelineProvider$$Lambda$171/2114824496@ecad9f0 for 3a5f5f92-1fbc-4da9-891b-fb9af6a803f0
org.apache.ratis.protocol.TimeoutIOException: deadline exceeded after 2996687650ns
	at org.apache.ratis.grpc.GrpcUtil.tryUnwrapException(GrpcUtil.java:82)
	at org.apache.ratis.grpc.GrpcUtil.unwrapException(GrpcUtil.java:75)
	at org.apache.ratis.grpc.client.GrpcClientProtocolClient.blockingCall(GrpcClientProtocolClient.java:169)
	at org.apache.ratis.grpc.client.GrpcClientProtocolClient.groupAdd(GrpcClientProtocolClient.java:138)
	at org.apache.ratis.grpc.client.GrpcClientRpc.sendRequest(GrpcClientRpc.java:94)
	at org.apache.ratis.client.impl.RaftClientImpl.sendRequest(RaftClientImpl.java:279)
	at org.apache.ratis.client.impl.RaftClientImpl.groupAdd(RaftClientImpl.java:206)
	at org.apache.hadoop.hdds.scm.pipeline.RatisPipelineProvider.lambda$initializePipeline$4(RatisPipelineProvider.java:194)
	at org.apache.hadoop.hdds.scm.pipeline.RatisPipelineProvider.lambda$null$5(RatisPipelineProvider.java:231)
	at java.util.stream.ForEachOps$ForEachOp$OfRef.accept(ForEachOps.java:184)
	at java.util.ArrayList$ArrayListSpliterator.forEachRemaining(ArrayList.java:1382)
	at java.util.stream.AbstractPipeline.copyInto(AbstractPipeline.java:482)
	at java.util.stream.ForEachOps$ForEachTask.compute(ForEachOps.java:291)
	at java.util.concurrent.CountedCompleter.exec(CountedCompleter.java:731)
	at java.util.concurrent.ForkJoinTask.doExec(ForkJoinTask.java:289)
	at java.util.concurrent.ForkJoinPool$WorkQueue.runTask(ForkJoinPool.java:1056)
	at java.util.concurrent.ForkJoinPool.runWorker(ForkJoinPool.java:1692)
	at java.util.concurrent.ForkJoinWorkerThread.run(ForkJoinWorkerThread.java:157)
Caused by: org.apache.ratis.thirdparty.io.grpc.StatusRuntimeException: DEADLINE_EXCEEDED: deadline exceeded after 2996687650ns
	at org.apache.ratis.thirdparty.io.grpc.stub.ClientCalls.toStatusRuntimeException(ClientCalls.java:233)
	at org.apache.ratis.thirdparty.io.grpc.stub.ClientCalls.getUnchecked(ClientCalls.java:214)
	at org.apache.ratis.thirdparty.io.grpc.stub.ClientCalls.blockingUnaryCall(ClientCalls.java:139)
	at org.apache.ratis.proto.grpc.AdminProtocolServiceGrpc$AdminProtocolServiceBlockingStub.groupManagement(AdminProtocolServiceGrpc.java:274)
	at org.apache.ratis.grpc.client.GrpcClientProtocolClient.lambda$groupAdd$3(GrpcClientProtocolClient.java:140)
	at org.apache.ratis.grpc.client.GrpcClientProtocolClient.blockingCall(GrpcClientProtocolClient.java:167)
	... 15 more
2019-08-20 19:41:41,749 [RATISCREATEPIPELINE1] ERROR pipeline.RatisPipelineProvider (RatisPipelineProvider.java:lambda$null$5(235)) - Failed invoke Ratis rpc org.apache.hadoop.hdds.scm.pipeline.RatisPipelineProvider$$Lambda$171/2114824496@ecad9f0 for 1eeec8c2-4c0f-4bc8-b0db-6391a5855575
org.apache.ratis.protocol.TimeoutIOException: deadline exceeded after 2999762190ns
	at org.apache.ratis.grpc.GrpcUtil.tryUnwrapException(GrpcUtil.java:82)
	at org.apache.ratis.grpc.GrpcUtil.unwrapException(GrpcUtil.java:75)
	at org.apache.ratis.grpc.client.GrpcClientProtocolClient.blockingCall(GrpcClientProtocolClient.java:169)
	at org.apache.ratis.grpc.client.GrpcClientProtocolClient.groupAdd(GrpcClientProtocolClient.java:138)
	at org.apache.ratis.grpc.client.GrpcClientRpc.sendRequest(GrpcClientRpc.java:94)
	at org.apache.ratis.client.impl.RaftClientImpl.sendRequest(RaftClientImpl.java:279)
	at org.apache.ratis.client.impl.RaftClientImpl.groupAdd(RaftClientImpl.java:206)
	at org.apache.hadoop.hdds.scm.pipeline.RatisPipelineProvider.lambda$initializePipeline$4(RatisPipelineProvider.java:194)
	at org.apache.hadoop.hdds.scm.pipeline.RatisPipelineProvider.lambda$null$5(RatisPipelineProvider.java:231)
	at java.util.stream.ForEachOps$ForEachOp$OfRef.accept(ForEachOps.java:184)
	at java.util.ArrayList$ArrayListSpliterator.forEachRemaining(ArrayList.java:1382)
	at java.util.stream.AbstractPipeline.copyInto(AbstractPipeline.java:482)
	at java.util.stream.ForEachOps$ForEachTask.compute(ForEachOps.java:291)
	at java.util.concurrent.CountedCompleter.exec(CountedCompleter.java:731)
	at java.util.concurrent.ForkJoinTask.doExec(ForkJoinTask.java:289)
	at java.util.concurrent.ForkJoinTask.doInvoke(ForkJoinTask.java:401)
	at java.util.concurrent.ForkJoinTask.invoke(ForkJoinTask.java:734)
	at java.util.stream.ForEachOps$ForEachOp.evaluateParallel(ForEachOps.java:160)
	at java.util.stream.ForEachOps$ForEachOp$OfRef.evaluateParallel(ForEachOps.java:174)
	at java.util.stream.AbstractPipeline.evaluate(AbstractPipeline.java:233)
	at java.util.stream.ReferencePipeline.forEach(ReferencePipeline.java:418)
	at java.util.stream.ReferencePipeline$Head.forEach(ReferencePipeline.java:583)
	at org.apache.hadoop.hdds.scm.pipeline.RatisPipelineProvider.lambda$callRatisRpc$6(RatisPipelineProvider.java:225)
	at java.util.concurrent.ForkJoinTask$AdaptedRunnableAction.exec(ForkJoinTask.java:1386)
	at java.util.concurrent.ForkJoinTask.doExec(ForkJoinTask.java:289)
	at java.util.concurrent.ForkJoinPool$WorkQueue.runTask(ForkJoinPool.java:1056)
	at java.util.concurrent.ForkJoinPool.runWorker(ForkJoinPool.java:1692)
	at java.util.concurrent.ForkJoinWorkerThread.run(ForkJoinWorkerThread.java:157)
Caused by: org.apache.ratis.thirdparty.io.grpc.StatusRuntimeException: DEADLINE_EXCEEDED: deadline exceeded after 2999762190ns
	at org.apache.ratis.thirdparty.io.grpc.stub.ClientCalls.toStatusRuntimeException(ClientCalls.java:233)
	at org.apache.ratis.thirdparty.io.grpc.stub.ClientCalls.getUnchecked(ClientCalls.java:214)
	at org.apache.ratis.thirdparty.io.grpc.stub.ClientCalls.blockingUnaryCall(ClientCalls.java:139)
	at org.apache.ratis.proto.grpc.AdminProtocolServiceGrpc$AdminProtocolServiceBlockingStub.groupManagement(AdminProtocolServiceGrpc.java:274)
	at org.apache.ratis.grpc.client.GrpcClientProtocolClient.lambda$groupAdd$3(GrpcClientProtocolClient.java:140)
	at org.apache.ratis.grpc.client.GrpcClientProtocolClient.blockingCall(GrpcClientProtocolClient.java:167)
	... 25 more
2019-08-20 19:41:41,749 [RATISCREATEPIPELINE2] ERROR pipeline.RatisPipelineProvider (RatisPipelineProvider.java:lambda$null$5(235)) - Failed invoke Ratis rpc org.apache.hadoop.hdds.scm.pipeline.RatisPipelineProvider$$Lambda$171/2114824496@ecad9f0 for ee8f8b66-a0a6-4ed9-8105-e31fb13b4287
org.apache.ratis.protocol.TimeoutIOException: deadline exceeded after 2997073669ns
	at org.apache.ratis.grpc.GrpcUtil.tryUnwrapException(GrpcUtil.java:82)
	at org.apache.ratis.grpc.GrpcUtil.unwrapException(GrpcUtil.java:75)
	at org.apache.ratis.grpc.client.GrpcClientProtocolClient.blockingCall(GrpcClientProtocolClient.java:169)
	at org.apache.ratis.grpc.client.GrpcClientProtocolClient.groupAdd(GrpcClientProtocolClient.java:138)
	at org.apache.ratis.grpc.client.GrpcClientRpc.sendRequest(GrpcClientRpc.java:94)
	at org.apache.ratis.client.impl.RaftClientImpl.sendRequest(RaftClientImpl.java:279)
	at org.apache.ratis.client.impl.RaftClientImpl.groupAdd(RaftClientImpl.java:206)
	at org.apache.hadoop.hdds.scm.pipeline.RatisPipelineProvider.lambda$initializePipeline$4(RatisPipelineProvider.java:194)
	at org.apache.hadoop.hdds.scm.pipeline.RatisPipelineProvider.lambda$null$5(RatisPipelineProvider.java:231)
	at java.util.stream.ForEachOps$ForEachOp$OfRef.accept(ForEachOps.java:184)
	at java.util.ArrayList$ArrayListSpliterator.forEachRemaining(ArrayList.java:1382)
	at java.util.stream.AbstractPipeline.copyInto(AbstractPipeline.java:482)
	at java.util.stream.ForEachOps$ForEachTask.compute(ForEachOps.java:291)
	at java.util.concurrent.CountedCompleter.exec(CountedCompleter.java:731)
	at java.util.concurrent.ForkJoinTask.doExec(ForkJoinTask.java:289)
	at java.util.concurrent.ForkJoinPool$WorkQueue.runTask(ForkJoinPool.java:1056)
	at java.util.concurrent.ForkJoinPool.runWorker(ForkJoinPool.java:1692)
	at java.util.concurrent.ForkJoinWorkerThread.run(ForkJoinWorkerThread.java:157)
Caused by: org.apache.ratis.thirdparty.io.grpc.StatusRuntimeException: DEADLINE_EXCEEDED: deadline exceeded after 2997073669ns
	at org.apache.ratis.thirdparty.io.grpc.stub.ClientCalls.toStatusRuntimeException(ClientCalls.java:233)
	at org.apache.ratis.thirdparty.io.grpc.stub.ClientCalls.getUnchecked(ClientCalls.java:214)
	at org.apache.ratis.thirdparty.io.grpc.stub.ClientCalls.blockingUnaryCall(ClientCalls.java:139)
	at org.apache.ratis.proto.grpc.AdminProtocolServiceGrpc$AdminProtocolServiceBlockingStub.groupManagement(AdminProtocolServiceGrpc.java:274)
	at org.apache.ratis.grpc.client.GrpcClientProtocolClient.lambda$groupAdd$3(GrpcClientProtocolClient.java:140)
	at org.apache.ratis.grpc.client.GrpcClientProtocolClient.blockingCall(GrpcClientProtocolClient.java:167)
	... 15 more
2019-08-20 19:41:41,786 [grpc-default-executor-1] INFO  impl.RaftServerProxy (RaftServerProxy.java:addNew(89)) - 1eeec8c2-4c0f-4bc8-b0db-6391a5855575: addNew group-CA825B28539E:[1eeec8c2-4c0f-4bc8-b0db-6391a5855575:192.168.157.205:39192, 3a5f5f92-1fbc-4da9-891b-fb9af6a803f0:192.168.157.205:37319, ee8f8b66-a0a6-4ed9-8105-e31fb13b4287:192.168.157.205:44060] returns group-CA825B28539E:java.util.concurrent.CompletableFuture@365b5400[Not completed]
2019-08-20 19:41:41,789 [grpc-default-executor-3] INFO  impl.RaftServerProxy (RaftServerProxy.java:addNew(89)) - 3a5f5f92-1fbc-4da9-891b-fb9af6a803f0: addNew group-CA825B28539E:[1eeec8c2-4c0f-4bc8-b0db-6391a5855575:192.168.157.205:39192, 3a5f5f92-1fbc-4da9-891b-fb9af6a803f0:192.168.157.205:37319, ee8f8b66-a0a6-4ed9-8105-e31fb13b4287:192.168.157.205:44060] returns group-CA825B28539E:java.util.concurrent.CompletableFuture@4dfb6b19[Not completed]
2019-08-20 19:41:41,789 [grpc-default-executor-0] INFO  impl.RaftServerProxy (RaftServerProxy.java:addNew(89)) - ee8f8b66-a0a6-4ed9-8105-e31fb13b4287: addNew group-CA825B28539E:[1eeec8c2-4c0f-4bc8-b0db-6391a5855575:192.168.157.205:39192, 3a5f5f92-1fbc-4da9-891b-fb9af6a803f0:192.168.157.205:37319, ee8f8b66-a0a6-4ed9-8105-e31fb13b4287:192.168.157.205:44060] returns group-CA825B28539E:java.util.concurrent.CompletableFuture@c80edbb[Not completed]
2019-08-20 19:41:41,885 | INFO  | SCMAudit | user=jenkins1000 | ip=192.168.157.205 | op=SEND_HEARTBEAT {datanodeUUID=8109623e-cc10-4f33-b553-5cc878b10d85, command=[]} | ret=SUCCESS |  
2019-08-20 19:41:42,093 | INFO  | SCMAudit | user=jenkins1000 | ip=192.168.157.205 | op=SEND_HEARTBEAT {datanodeUUID=58cb59aa-46a6-4cbe-bb28-3c835a001716, command=[]} | ret=SUCCESS |  
2019-08-20 19:41:42,098 | INFO  | SCMAudit | user=jenkins1000 | ip=192.168.157.205 | op=SEND_HEARTBEAT {datanodeUUID=2bc3458d-469e-4a51-8672-7abe5768ce0e, command=[]} | ret=SUCCESS |  
2019-08-20 19:41:42,163 | INFO  | SCMAudit | user=jenkins1000 | ip=192.168.157.205 | op=SEND_HEARTBEAT {datanodeUUID=7e48a0a7-bde4-47b7-8ad8-7f749fa46a32, command=[]} | ret=SUCCESS |  
2019-08-20 19:41:42,166 | INFO  | SCMAudit | user=jenkins1000 | ip=192.168.157.205 | op=SEND_HEARTBEAT {datanodeUUID=0ddcad73-dd47-4236-bfae-d514011a99c3, command=[]} | ret=SUCCESS |  
2019-08-20 19:41:42,297 | INFO  | SCMAudit | user=jenkins1000 | ip=192.168.157.205 | op=SEND_HEARTBEAT {datanodeUUID=3a5f5f92-1fbc-4da9-891b-fb9af6a803f0, command=[]} | ret=SUCCESS |  
2019-08-20 19:41:42,318 | INFO  | SCMAudit | user=jenkins1000 | ip=192.168.157.205 | op=SEND_HEARTBEAT {datanodeUUID=a9286357-6b15-4043-a893-920ae835d3d2, command=[]} | ret=SUCCESS |  
2019-08-20 19:41:42,446 | INFO  | SCMAudit | user=jenkins1000 | ip=192.168.157.205 | op=SEND_HEARTBEAT {datanodeUUID=ee8f8b66-a0a6-4ed9-8105-e31fb13b4287, command=[]} | ret=SUCCESS |  
2019-08-20 19:41:42,550 | INFO  | SCMAudit | user=jenkins1000 | ip=192.168.157.205 | op=SEND_HEARTBEAT {datanodeUUID=4076f294-af48-436f-ac12-9ab283e144bb, command=[]} | ret=SUCCESS |  
2019-08-20 19:41:42,673 | INFO  | SCMAudit | user=jenkins1000 | ip=192.168.157.205 | op=SEND_HEARTBEAT {datanodeUUID=1eeec8c2-4c0f-4bc8-b0db-6391a5855575, command=[]} | ret=SUCCESS |  
2019-08-20 19:41:42,885 | INFO  | SCMAudit | user=jenkins1000 | ip=192.168.157.205 | op=SEND_HEARTBEAT {datanodeUUID=8109623e-cc10-4f33-b553-5cc878b10d85, command=[]} | ret=SUCCESS |  
2019-08-20 19:41:43,094 | INFO  | SCMAudit | user=jenkins1000 | ip=192.168.157.205 | op=SEND_HEARTBEAT {datanodeUUID=58cb59aa-46a6-4cbe-bb28-3c835a001716, command=[]} | ret=SUCCESS |  
2019-08-20 19:41:43,098 | INFO  | SCMAudit | user=jenkins1000 | ip=192.168.157.205 | op=SEND_HEARTBEAT {datanodeUUID=2bc3458d-469e-4a51-8672-7abe5768ce0e, command=[]} | ret=SUCCESS |  
2019-08-20 19:41:43,163 | INFO  | SCMAudit | user=jenkins1000 | ip=192.168.157.205 | op=SEND_HEARTBEAT {datanodeUUID=7e48a0a7-bde4-47b7-8ad8-7f749fa46a32, command=[]} | ret=SUCCESS |  
2019-08-20 19:41:43,166 | INFO  | SCMAudit | user=jenkins1000 | ip=192.168.157.205 | op=SEND_HEARTBEAT {datanodeUUID=0ddcad73-dd47-4236-bfae-d514011a99c3, command=[]} | ret=SUCCESS |  
2019-08-20 19:41:43,298 | INFO  | SCMAudit | user=jenkins1000 | ip=192.168.157.205 | op=SEND_HEARTBEAT {datanodeUUID=3a5f5f92-1fbc-4da9-891b-fb9af6a803f0, command=[]} | ret=SUCCESS |  
2019-08-20 19:41:43,318 | INFO  | SCMAudit | user=jenkins1000 | ip=192.168.157.205 | op=SEND_HEARTBEAT {datanodeUUID=a9286357-6b15-4043-a893-920ae835d3d2, command=[]} | ret=SUCCESS |  
2019-08-20 19:41:43,447 | INFO  | SCMAudit | user=jenkins1000 | ip=192.168.157.205 | op=SEND_HEARTBEAT {datanodeUUID=ee8f8b66-a0a6-4ed9-8105-e31fb13b4287, command=[]} | ret=SUCCESS |  
2019-08-20 19:41:43,550 | INFO  | SCMAudit | user=jenkins1000 | ip=192.168.157.205 | op=SEND_HEARTBEAT {datanodeUUID=4076f294-af48-436f-ac12-9ab283e144bb, command=[]} | ret=SUCCESS |  
2019-08-20 19:41:43,672 | INFO  | SCMAudit | user=jenkins1000 | ip=192.168.157.205 | op=SEND_HEARTBEAT {datanodeUUID=1eeec8c2-4c0f-4bc8-b0db-6391a5855575, command=[]} | ret=SUCCESS |  
2019-08-20 19:41:43,885 | INFO  | SCMAudit | user=jenkins1000 | ip=192.168.157.205 | op=SEND_HEARTBEAT {datanodeUUID=8109623e-cc10-4f33-b553-5cc878b10d85, command=[]} | ret=SUCCESS |  
2019-08-20 19:41:44,094 | INFO  | SCMAudit | user=jenkins1000 | ip=192.168.157.205 | op=SEND_HEARTBEAT {datanodeUUID=58cb59aa-46a6-4cbe-bb28-3c835a001716, command=[]} | ret=SUCCESS |  
2019-08-20 19:41:44,098 | INFO  | SCMAudit | user=jenkins1000 | ip=192.168.157.205 | op=SEND_HEARTBEAT {datanodeUUID=2bc3458d-469e-4a51-8672-7abe5768ce0e, command=[]} | ret=SUCCESS |  
2019-08-20 19:41:44,163 | INFO  | SCMAudit | user=jenkins1000 | ip=192.168.157.205 | op=SEND_HEARTBEAT {datanodeUUID=7e48a0a7-bde4-47b7-8ad8-7f749fa46a32, command=[]} | ret=SUCCESS |  
2019-08-20 19:41:44,166 | INFO  | SCMAudit | user=jenkins1000 | ip=192.168.157.205 | op=SEND_HEARTBEAT {datanodeUUID=0ddcad73-dd47-4236-bfae-d514011a99c3, command=[]} | ret=SUCCESS |  
2019-08-20 19:41:44,297 | INFO  | SCMAudit | user=jenkins1000 | ip=192.168.157.205 | op=SEND_HEARTBEAT {datanodeUUID=3a5f5f92-1fbc-4da9-891b-fb9af6a803f0, command=[]} | ret=SUCCESS |  
2019-08-20 19:41:44,319 | INFO  | SCMAudit | user=jenkins1000 | ip=192.168.157.205 | op=SEND_HEARTBEAT {datanodeUUID=a9286357-6b15-4043-a893-920ae835d3d2, command=[]} | ret=SUCCESS |  
2019-08-20 19:41:44,447 | INFO  | SCMAudit | user=jenkins1000 | ip=192.168.157.205 | op=SEND_HEARTBEAT {datanodeUUID=ee8f8b66-a0a6-4ed9-8105-e31fb13b4287, command=[]} | ret=SUCCESS |  
2019-08-20 19:41:44,550 | INFO  | SCMAudit | user=jenkins1000 | ip=192.168.157.205 | op=SEND_HEARTBEAT {datanodeUUID=4076f294-af48-436f-ac12-9ab283e144bb, command=[]} | ret=SUCCESS |  
2019-08-20 19:41:44,672 | INFO  | SCMAudit | user=jenkins1000 | ip=192.168.157.205 | op=SEND_HEARTBEAT {datanodeUUID=1eeec8c2-4c0f-4bc8-b0db-6391a5855575, command=[]} | ret=SUCCESS |  
2019-08-20 19:41:44,775 [RATISCREATEPIPELINE2] ERROR pipeline.RatisPipelineProvider (RatisPipelineProvider.java:lambda$null$5(235)) - Failed invoke Ratis rpc org.apache.hadoop.hdds.scm.pipeline.RatisPipelineProvider$$Lambda$171/2114824496@25e4cc96 for ee8f8b66-a0a6-4ed9-8105-e31fb13b4287
org.apache.ratis.protocol.TimeoutIOException: deadline exceeded after 2999643955ns
	at org.apache.ratis.grpc.GrpcUtil.tryUnwrapException(GrpcUtil.java:82)
	at org.apache.ratis.grpc.GrpcUtil.unwrapException(GrpcUtil.java:75)
	at org.apache.ratis.grpc.client.GrpcClientProtocolClient.blockingCall(GrpcClientProtocolClient.java:169)
	at org.apache.ratis.grpc.client.GrpcClientProtocolClient.groupAdd(GrpcClientProtocolClient.java:138)
	at org.apache.ratis.grpc.client.GrpcClientRpc.sendRequest(GrpcClientRpc.java:94)
	at org.apache.ratis.client.impl.RaftClientImpl.sendRequest(RaftClientImpl.java:279)
	at org.apache.ratis.client.impl.RaftClientImpl.groupAdd(RaftClientImpl.java:206)
	at org.apache.hadoop.hdds.scm.pipeline.RatisPipelineProvider.lambda$initializePipeline$4(RatisPipelineProvider.java:194)
	at org.apache.hadoop.hdds.scm.pipeline.RatisPipelineProvider.lambda$null$5(RatisPipelineProvider.java:231)
	at java.util.stream.ForEachOps$ForEachOp$OfRef.accept(ForEachOps.java:184)
	at java.util.ArrayList$ArrayListSpliterator.forEachRemaining(ArrayList.java:1382)
	at java.util.stream.AbstractPipeline.copyInto(AbstractPipeline.java:482)
	at java.util.stream.ForEachOps$ForEachTask.compute(ForEachOps.java:291)
	at java.util.concurrent.CountedCompleter.exec(CountedCompleter.java:731)
	at java.util.concurrent.ForkJoinTask.doExec(ForkJoinTask.java:289)
	at java.util.concurrent.ForkJoinPool$WorkQueue.runTask(ForkJoinPool.java:1056)
	at java.util.concurrent.ForkJoinPool.runWorker(ForkJoinPool.java:1692)
	at java.util.concurrent.ForkJoinWorkerThread.run(ForkJoinWorkerThread.java:157)
Caused by: org.apache.ratis.thirdparty.io.grpc.StatusRuntimeException: DEADLINE_EXCEEDED: deadline exceeded after 2999643955ns
	at org.apache.ratis.thirdparty.io.grpc.stub.ClientCalls.toStatusRuntimeException(ClientCalls.java:233)
	at org.apache.ratis.thirdparty.io.grpc.stub.ClientCalls.getUnchecked(ClientCalls.java:214)
	at org.apache.ratis.thirdparty.io.grpc.stub.ClientCalls.blockingUnaryCall(ClientCalls.java:139)
	at org.apache.ratis.proto.grpc.AdminProtocolServiceGrpc$AdminProtocolServiceBlockingStub.groupManagement(AdminProtocolServiceGrpc.java:274)
	at org.apache.ratis.grpc.client.GrpcClientProtocolClient.lambda$groupAdd$3(GrpcClientProtocolClient.java:140)
	at org.apache.ratis.grpc.client.GrpcClientProtocolClient.blockingCall(GrpcClientProtocolClient.java:167)
	... 15 more
2019-08-20 19:41:44,775 [RATISCREATEPIPELINE1] ERROR pipeline.RatisPipelineProvider (RatisPipelineProvider.java:lambda$null$5(235)) - Failed invoke Ratis rpc org.apache.hadoop.hdds.scm.pipeline.RatisPipelineProvider$$Lambda$171/2114824496@25e4cc96 for 1eeec8c2-4c0f-4bc8-b0db-6391a5855575
org.apache.ratis.protocol.TimeoutIOException: deadline exceeded after 2997040086ns
	at org.apache.ratis.grpc.GrpcUtil.tryUnwrapException(GrpcUtil.java:82)
	at org.apache.ratis.grpc.GrpcUtil.unwrapException(GrpcUtil.java:75)
	at org.apache.ratis.grpc.client.GrpcClientProtocolClient.blockingCall(GrpcClientProtocolClient.java:169)
	at org.apache.ratis.grpc.client.GrpcClientProtocolClient.groupAdd(GrpcClientProtocolClient.java:138)
	at org.apache.ratis.grpc.client.GrpcClientRpc.sendRequest(GrpcClientRpc.java:94)
	at org.apache.ratis.client.impl.RaftClientImpl.sendRequest(RaftClientImpl.java:279)
	at org.apache.ratis.client.impl.RaftClientImpl.groupAdd(RaftClientImpl.java:206)
	at org.apache.hadoop.hdds.scm.pipeline.RatisPipelineProvider.lambda$initializePipeline$4(RatisPipelineProvider.java:194)
	at org.apache.hadoop.hdds.scm.pipeline.RatisPipelineProvider.lambda$null$5(RatisPipelineProvider.java:231)
	at java.util.stream.ForEachOps$ForEachOp$OfRef.accept(ForEachOps.java:184)
	at java.util.ArrayList$ArrayListSpliterator.forEachRemaining(ArrayList.java:1382)
	at java.util.stream.AbstractPipeline.copyInto(AbstractPipeline.java:482)
	at java.util.stream.ForEachOps$ForEachTask.compute(ForEachOps.java:291)
	at java.util.concurrent.CountedCompleter.exec(CountedCompleter.java:731)
	at java.util.concurrent.ForkJoinTask.doExec(ForkJoinTask.java:289)
	at java.util.concurrent.ForkJoinTask.doInvoke(ForkJoinTask.java:401)
	at java.util.concurrent.ForkJoinTask.invoke(ForkJoinTask.java:734)
	at java.util.stream.ForEachOps$ForEachOp.evaluateParallel(ForEachOps.java:160)
	at java.util.stream.ForEachOps$ForEachOp$OfRef.evaluateParallel(ForEachOps.java:174)
	at java.util.stream.AbstractPipeline.evaluate(AbstractPipeline.java:233)
	at java.util.stream.ReferencePipeline.forEach(ReferencePipeline.java:418)
	at java.util.stream.ReferencePipeline$Head.forEach(ReferencePipeline.java:583)
	at org.apache.hadoop.hdds.scm.pipeline.RatisPipelineProvider.lambda$callRatisRpc$6(RatisPipelineProvider.java:225)
	at java.util.concurrent.ForkJoinTask$AdaptedRunnableAction.exec(ForkJoinTask.java:1386)
	at java.util.concurrent.ForkJoinTask.doExec(ForkJoinTask.java:289)
	at java.util.concurrent.ForkJoinPool$WorkQueue.runTask(ForkJoinPool.java:1056)
	at java.util.concurrent.ForkJoinPool.runWorker(ForkJoinPool.java:1692)
	at java.util.concurrent.ForkJoinWorkerThread.run(ForkJoinWorkerThread.java:157)
Caused by: org.apache.ratis.thirdparty.io.grpc.StatusRuntimeException: DEADLINE_EXCEEDED: deadline exceeded after 2997040086ns
	at org.apache.ratis.thirdparty.io.grpc.stub.ClientCalls.toStatusRuntimeException(ClientCalls.java:233)
	at org.apache.ratis.thirdparty.io.grpc.stub.ClientCalls.getUnchecked(ClientCalls.java:214)
	at org.apache.ratis.thirdparty.io.grpc.stub.ClientCalls.blockingUnaryCall(ClientCalls.java:139)
	at org.apache.ratis.proto.grpc.AdminProtocolServiceGrpc$AdminProtocolServiceBlockingStub.groupManagement(AdminProtocolServiceGrpc.java:274)
	at org.apache.ratis.grpc.client.GrpcClientProtocolClient.lambda$groupAdd$3(GrpcClientProtocolClient.java:140)
	at org.apache.ratis.grpc.client.GrpcClientProtocolClient.blockingCall(GrpcClientProtocolClient.java:167)
	... 25 more
2019-08-20 19:41:44,775 [RATISCREATEPIPELINE3] ERROR pipeline.RatisPipelineProvider (RatisPipelineProvider.java:lambda$null$5(235)) - Failed invoke Ratis rpc org.apache.hadoop.hdds.scm.pipeline.RatisPipelineProvider$$Lambda$171/2114824496@25e4cc96 for 3a5f5f92-1fbc-4da9-891b-fb9af6a803f0
org.apache.ratis.protocol.TimeoutIOException: deadline exceeded after 2994633376ns
	at org.apache.ratis.grpc.GrpcUtil.tryUnwrapException(GrpcUtil.java:82)
	at org.apache.ratis.grpc.GrpcUtil.unwrapException(GrpcUtil.java:75)
	at org.apache.ratis.grpc.client.GrpcClientProtocolClient.blockingCall(GrpcClientProtocolClient.java:169)
	at org.apache.ratis.grpc.client.GrpcClientProtocolClient.groupAdd(GrpcClientProtocolClient.java:138)
	at org.apache.ratis.grpc.client.GrpcClientRpc.sendRequest(GrpcClientRpc.java:94)
	at org.apache.ratis.client.impl.RaftClientImpl.sendRequest(RaftClientImpl.java:279)
	at org.apache.ratis.client.impl.RaftClientImpl.groupAdd(RaftClientImpl.java:206)
	at org.apache.hadoop.hdds.scm.pipeline.RatisPipelineProvider.lambda$initializePipeline$4(RatisPipelineProvider.java:194)
	at org.apache.hadoop.hdds.scm.pipeline.RatisPipelineProvider.lambda$null$5(RatisPipelineProvider.java:231)
	at java.util.stream.ForEachOps$ForEachOp$OfRef.accept(ForEachOps.java:184)
	at java.util.ArrayList$ArrayListSpliterator.forEachRemaining(ArrayList.java:1382)
	at java.util.stream.AbstractPipeline.copyInto(AbstractPipeline.java:482)
	at java.util.stream.ForEachOps$ForEachTask.compute(ForEachOps.java:291)
	at java.util.concurrent.CountedCompleter.exec(CountedCompleter.java:731)
	at java.util.concurrent.ForkJoinTask.doExec(ForkJoinTask.java:289)
	at java.util.concurrent.ForkJoinPool$WorkQueue.runTask(ForkJoinPool.java:1056)
	at java.util.concurrent.ForkJoinPool.runWorker(ForkJoinPool.java:1692)
	at java.util.concurrent.ForkJoinWorkerThread.run(ForkJoinWorkerThread.java:157)
Caused by: org.apache.ratis.thirdparty.io.grpc.StatusRuntimeException: DEADLINE_EXCEEDED: deadline exceeded after 2994633376ns
	at org.apache.ratis.thirdparty.io.grpc.stub.ClientCalls.toStatusRuntimeException(ClientCalls.java:233)
	at org.apache.ratis.thirdparty.io.grpc.stub.ClientCalls.getUnchecked(ClientCalls.java:214)
	at org.apache.ratis.thirdparty.io.grpc.stub.ClientCalls.blockingUnaryCall(ClientCalls.java:139)
	at org.apache.ratis.proto.grpc.AdminProtocolServiceGrpc$AdminProtocolServiceBlockingStub.groupManagement(AdminProtocolServiceGrpc.java:274)
	at org.apache.ratis.grpc.client.GrpcClientProtocolClient.lambda$groupAdd$3(GrpcClientProtocolClient.java:140)
	at org.apache.ratis.grpc.client.GrpcClientProtocolClient.blockingCall(GrpcClientProtocolClient.java:167)
	... 15 more
2019-08-20 19:41:44,825 [grpc-default-executor-2] INFO  impl.RaftServerProxy (RaftServerProxy.java:addNew(89)) - ee8f8b66-a0a6-4ed9-8105-e31fb13b4287: addNew group-4BD28E86B1A9:[1eeec8c2-4c0f-4bc8-b0db-6391a5855575:192.168.157.205:39192, 3a5f5f92-1fbc-4da9-891b-fb9af6a803f0:192.168.157.205:37319, ee8f8b66-a0a6-4ed9-8105-e31fb13b4287:192.168.157.205:44060] returns group-4BD28E86B1A9:java.util.concurrent.CompletableFuture@3e8d6453[Not completed]
2019-08-20 19:41:44,825 [grpc-default-executor-1] INFO  impl.RaftServerProxy (RaftServerProxy.java:addNew(89)) - 1eeec8c2-4c0f-4bc8-b0db-6391a5855575: addNew group-4BD28E86B1A9:[1eeec8c2-4c0f-4bc8-b0db-6391a5855575:192.168.157.205:39192, 3a5f5f92-1fbc-4da9-891b-fb9af6a803f0:192.168.157.205:37319, ee8f8b66-a0a6-4ed9-8105-e31fb13b4287:192.168.157.205:44060] returns group-4BD28E86B1A9:java.util.concurrent.CompletableFuture@67629712[Not completed]
2019-08-20 19:41:44,826 [grpc-default-executor-3] INFO  impl.RaftServerProxy (RaftServerProxy.java:addNew(89)) - 3a5f5f92-1fbc-4da9-891b-fb9af6a803f0: addNew group-4BD28E86B1A9:[1eeec8c2-4c0f-4bc8-b0db-6391a5855575:192.168.157.205:39192, 3a5f5f92-1fbc-4da9-891b-fb9af6a803f0:192.168.157.205:37319, ee8f8b66-a0a6-4ed9-8105-e31fb13b4287:192.168.157.205:44060] returns group-4BD28E86B1A9:java.util.concurrent.CompletableFuture@5726a5fc[Not completed]
2019-08-20 19:41:44,886 | INFO  | SCMAudit | user=jenkins1000 | ip=192.168.157.205 | op=SEND_HEARTBEAT {datanodeUUID=8109623e-cc10-4f33-b553-5cc878b10d85, command=[]} | ret=SUCCESS |  
2019-08-20 19:41:45,094 | INFO  | SCMAudit | user=jenkins1000 | ip=192.168.157.205 | op=SEND_HEARTBEAT {datanodeUUID=58cb59aa-46a6-4cbe-bb28-3c835a001716, command=[]} | ret=SUCCESS |  
2019-08-20 19:41:45,098 | INFO  | SCMAudit | user=jenkins1000 | ip=192.168.157.205 | op=SEND_HEARTBEAT {datanodeUUID=2bc3458d-469e-4a51-8672-7abe5768ce0e, command=[]} | ret=SUCCESS |  
2019-08-20 19:41:45,163 | INFO  | SCMAudit | user=jenkins1000 | ip=192.168.157.205 | op=SEND_HEARTBEAT {datanodeUUID=7e48a0a7-bde4-47b7-8ad8-7f749fa46a32, command=[]} | ret=SUCCESS |  
2019-08-20 19:41:45,166 | INFO  | SCMAudit | user=jenkins1000 | ip=192.168.157.205 | op=SEND_HEARTBEAT {datanodeUUID=0ddcad73-dd47-4236-bfae-d514011a99c3, command=[]} | ret=SUCCESS |  
2019-08-20 19:41:45,300 | INFO  | SCMAudit | user=jenkins1000 | ip=192.168.157.205 | op=SEND_HEARTBEAT {datanodeUUID=3a5f5f92-1fbc-4da9-891b-fb9af6a803f0, command=[]} | ret=SUCCESS |  
2019-08-20 19:41:45,319 | INFO  | SCMAudit | user=jenkins1000 | ip=192.168.157.205 | op=SEND_HEARTBEAT {datanodeUUID=a9286357-6b15-4043-a893-920ae835d3d2, command=[]} | ret=SUCCESS |  
2019-08-20 19:41:45,447 | INFO  | SCMAudit | user=jenkins1000 | ip=192.168.157.205 | op=SEND_HEARTBEAT {datanodeUUID=ee8f8b66-a0a6-4ed9-8105-e31fb13b4287, command=[]} | ret=SUCCESS |  
2019-08-20 19:41:45,550 | INFO  | SCMAudit | user=jenkins1000 | ip=192.168.157.205 | op=SEND_HEARTBEAT {datanodeUUID=4076f294-af48-436f-ac12-9ab283e144bb, command=[]} | ret=SUCCESS |  
2019-08-20 19:41:45,611 [pool-93-thread-1] INFO  storage.RaftStorage (RaftStorage.java:format(72)) - Storage directory /workdir/hadoop-ozone/integration-test/target/test-dir/MiniOzoneClusterImpl-e13e4b4c-a51c-41ed-96f1-bc31a3706be2/datanode-6/data/ratis/d391e905-fe4b-49eb-8efd-78f196ab2fa0 has been successfully formatted.
2019-08-20 19:41:45,611 [pool-126-thread-1] INFO  storage.RaftStorage (RaftStorage.java:format(72)) - Storage directory /workdir/hadoop-ozone/integration-test/target/test-dir/MiniOzoneClusterImpl-e13e4b4c-a51c-41ed-96f1-bc31a3706be2/datanode-9/data/ratis/d391e905-fe4b-49eb-8efd-78f196ab2fa0 has been successfully formatted.
2019-08-20 19:41:45,611 [pool-82-thread-1] INFO  storage.RaftStorage (RaftStorage.java:format(72)) - Storage directory /workdir/hadoop-ozone/integration-test/target/test-dir/MiniOzoneClusterImpl-e13e4b4c-a51c-41ed-96f1-bc31a3706be2/datanode-5/data/ratis/d391e905-fe4b-49eb-8efd-78f196ab2fa0 has been successfully formatted.
2019-08-20 19:41:45,612 [pool-126-thread-1] INFO  ratis.ContainerStateMachine (ContainerStateMachine.java:loadSnapshot(222)) - group-78F196AB2FA0: The snapshot info is null. Setting the last applied indexto:(t:0, i:~)
2019-08-20 19:41:45,612 [pool-93-thread-1] INFO  ratis.ContainerStateMachine (ContainerStateMachine.java:loadSnapshot(222)) - group-78F196AB2FA0: The snapshot info is null. Setting the last applied indexto:(t:0, i:~)
2019-08-20 19:41:45,612 [pool-126-thread-1] INFO  server.RaftServerConfigKeys (ConfUtils.java:logGet(43)) - raft.server.leader.election.timeout = 120s (custom)
2019-08-20 19:41:45,612 [pool-82-thread-1] INFO  ratis.ContainerStateMachine (ContainerStateMachine.java:loadSnapshot(222)) - group-78F196AB2FA0: The snapshot info is null. Setting the last applied indexto:(t:0, i:~)
2019-08-20 19:41:45,612 [a9286357-6b15-4043-a893-920ae835d3d2-SegmentedRaftLogWorker:Storage Directory /workdir/hadoop-ozone/integration-test/target/test-dir/MiniOzoneClusterImpl-e13e4b4c-a51c-41ed-96f1-bc31a3706be2/datanode-1/data/ratis/58516834-1e55-4f0a-b04a-9189e1e9ef5b] INFO  segmented.SegmentedRaftLogWorker (SegmentedRaftLogWorker.java:execute(569)) - a9286357-6b15-4043-a893-920ae835d3d2-SegmentedRaftLogWorker:Storage Directory /workdir/hadoop-ozone/integration-test/target/test-dir/MiniOzoneClusterImpl-e13e4b4c-a51c-41ed-96f1-bc31a3706be2/datanode-1/data/ratis/58516834-1e55-4f0a-b04a-9189e1e9ef5b: created new log segment /workdir/hadoop-ozone/integration-test/target/test-dir/MiniOzoneClusterImpl-e13e4b4c-a51c-41ed-96f1-bc31a3706be2/datanode-1/data/ratis/58516834-1e55-4f0a-b04a-9189e1e9ef5b/current/log_inprogress_0
2019-08-20 19:41:45,612 [3a5f5f92-1fbc-4da9-891b-fb9af6a803f0-SegmentedRaftLogWorker:Storage Directory /workdir/hadoop-ozone/integration-test/target/test-dir/MiniOzoneClusterImpl-e13e4b4c-a51c-41ed-96f1-bc31a3706be2/datanode-9/data/ratis/e62d4702-5177-4bb0-94aa-0d20f8011b2a] INFO  segmented.SegmentedRaftLogWorker (SegmentedRaftLogWorker.java:execute(569)) - 3a5f5f92-1fbc-4da9-891b-fb9af6a803f0-SegmentedRaftLogWorker:Storage Directory /workdir/hadoop-ozone/integration-test/target/test-dir/MiniOzoneClusterImpl-e13e4b4c-a51c-41ed-96f1-bc31a3706be2/datanode-9/data/ratis/e62d4702-5177-4bb0-94aa-0d20f8011b2a: created new log segment /workdir/hadoop-ozone/integration-test/target/test-dir/MiniOzoneClusterImpl-e13e4b4c-a51c-41ed-96f1-bc31a3706be2/datanode-9/data/ratis/e62d4702-5177-4bb0-94aa-0d20f8011b2a/current/log_inprogress_0
2019-08-20 19:41:45,612 [7e48a0a7-bde4-47b7-8ad8-7f749fa46a32-SegmentedRaftLogWorker:Storage Directory /workdir/hadoop-ozone/integration-test/target/test-dir/MiniOzoneClusterImpl-e13e4b4c-a51c-41ed-96f1-bc31a3706be2/datanode-3/data/ratis/b292fd7c-bafd-46af-b982-a92c0edf269c] INFO  segmented.SegmentedRaftLogWorker (SegmentedRaftLogWorker.java:execute(569)) - 7e48a0a7-bde4-47b7-8ad8-7f749fa46a32-SegmentedRaftLogWorker:Storage Directory /workdir/hadoop-ozone/integration-test/target/test-dir/MiniOzoneClusterImpl-e13e4b4c-a51c-41ed-96f1-bc31a3706be2/datanode-3/data/ratis/b292fd7c-bafd-46af-b982-a92c0edf269c: created new log segment /workdir/hadoop-ozone/integration-test/target/test-dir/MiniOzoneClusterImpl-e13e4b4c-a51c-41ed-96f1-bc31a3706be2/datanode-3/data/ratis/b292fd7c-bafd-46af-b982-a92c0edf269c/current/log_inprogress_0
2019-08-20 19:41:45,612 [1eeec8c2-4c0f-4bc8-b0db-6391a5855575-SegmentedRaftLogWorker:Storage Directory /workdir/hadoop-ozone/integration-test/target/test-dir/MiniOzoneClusterImpl-e13e4b4c-a51c-41ed-96f1-bc31a3706be2/datanode-6/data/ratis/5ed69197-1f00-4862-88a9-3dfc4d60ada1] INFO  segmented.SegmentedRaftLogWorker (SegmentedRaftLogWorker.java:execute(569)) - 1eeec8c2-4c0f-4bc8-b0db-6391a5855575-SegmentedRaftLogWorker:Storage Directory /workdir/hadoop-ozone/integration-test/target/test-dir/MiniOzoneClusterImpl-e13e4b4c-a51c-41ed-96f1-bc31a3706be2/datanode-6/data/ratis/5ed69197-1f00-4862-88a9-3dfc4d60ada1: created new log segment /workdir/hadoop-ozone/integration-test/target/test-dir/MiniOzoneClusterImpl-e13e4b4c-a51c-41ed-96f1-bc31a3706be2/datanode-6/data/ratis/5ed69197-1f00-4862-88a9-3dfc4d60ada1/current/log_inprogress_0
2019-08-20 19:41:45,612 [ee8f8b66-a0a6-4ed9-8105-e31fb13b4287-SegmentedRaftLogWorker:Storage Directory /workdir/hadoop-ozone/integration-test/target/test-dir/MiniOzoneClusterImpl-e13e4b4c-a51c-41ed-96f1-bc31a3706be2/datanode-5/data/ratis/142d2a61-90d2-4b1b-ab33-d9f71f650ca7] INFO  segmented.SegmentedRaftLogWorker (SegmentedRaftLogWorker.java:execute(569)) - ee8f8b66-a0a6-4ed9-8105-e31fb13b4287-SegmentedRaftLogWorker:Storage Directory /workdir/hadoop-ozone/integration-test/target/test-dir/MiniOzoneClusterImpl-e13e4b4c-a51c-41ed-96f1-bc31a3706be2/datanode-5/data/ratis/142d2a61-90d2-4b1b-ab33-d9f71f650ca7: created new log segment /workdir/hadoop-ozone/integration-test/target/test-dir/MiniOzoneClusterImpl-e13e4b4c-a51c-41ed-96f1-bc31a3706be2/datanode-5/data/ratis/142d2a61-90d2-4b1b-ab33-d9f71f650ca7/current/log_inprogress_0
2019-08-20 19:41:45,612 [8109623e-cc10-4f33-b553-5cc878b10d85-SegmentedRaftLogWorker:Storage Directory /workdir/hadoop-ozone/integration-test/target/test-dir/MiniOzoneClusterImpl-e13e4b4c-a51c-41ed-96f1-bc31a3706be2/datanode-7/data/ratis/b375dec5-ac9c-4436-984f-7ff24dfb94d0] INFO  segmented.SegmentedRaftLogWorker (SegmentedRaftLogWorker.java:execute(569)) - 8109623e-cc10-4f33-b553-5cc878b10d85-SegmentedRaftLogWorker:Storage Directory /workdir/hadoop-ozone/integration-test/target/test-dir/MiniOzoneClusterImpl-e13e4b4c-a51c-41ed-96f1-bc31a3706be2/datanode-7/data/ratis/b375dec5-ac9c-4436-984f-7ff24dfb94d0: created new log segment /workdir/hadoop-ozone/integration-test/target/test-dir/MiniOzoneClusterImpl-e13e4b4c-a51c-41ed-96f1-bc31a3706be2/datanode-7/data/ratis/b375dec5-ac9c-4436-984f-7ff24dfb94d0/current/log_inprogress_0
2019-08-20 19:41:45,612 [2bc3458d-469e-4a51-8672-7abe5768ce0e-SegmentedRaftLogWorker:Storage Directory /workdir/hadoop-ozone/integration-test/target/test-dir/MiniOzoneClusterImpl-e13e4b4c-a51c-41ed-96f1-bc31a3706be2/datanode-0/data/ratis/a7d736d9-94ed-43e0-a158-96fd08fb1942] INFO  segmented.SegmentedRaftLogWorker (SegmentedRaftLogWorker.java:execute(569)) - 2bc3458d-469e-4a51-8672-7abe5768ce0e-SegmentedRaftLogWorker:Storage Directory /workdir/hadoop-ozone/integration-test/target/test-dir/MiniOzoneClusterImpl-e13e4b4c-a51c-41ed-96f1-bc31a3706be2/datanode-0/data/ratis/a7d736d9-94ed-43e0-a158-96fd08fb1942: created new log segment /workdir/hadoop-ozone/integration-test/target/test-dir/MiniOzoneClusterImpl-e13e4b4c-a51c-41ed-96f1-bc31a3706be2/datanode-0/data/ratis/a7d736d9-94ed-43e0-a158-96fd08fb1942/current/log_inprogress_0
2019-08-20 19:41:45,612 [0ddcad73-dd47-4236-bfae-d514011a99c3-SegmentedRaftLogWorker:Storage Directory /workdir/hadoop-ozone/integration-test/target/test-dir/MiniOzoneClusterImpl-e13e4b4c-a51c-41ed-96f1-bc31a3706be2/datanode-4/data/ratis/959210a8-235f-4bb8-b2be-30bc8f6a2a35] INFO  segmented.SegmentedRaftLogWorker (SegmentedRaftLogWorker.java:execute(569)) - 0ddcad73-dd47-4236-bfae-d514011a99c3-SegmentedRaftLogWorker:Storage Directory /workdir/hadoop-ozone/integration-test/target/test-dir/MiniOzoneClusterImpl-e13e4b4c-a51c-41ed-96f1-bc31a3706be2/datanode-4/data/ratis/959210a8-235f-4bb8-b2be-30bc8f6a2a35: created new log segment /workdir/hadoop-ozone/integration-test/target/test-dir/MiniOzoneClusterImpl-e13e4b4c-a51c-41ed-96f1-bc31a3706be2/datanode-4/data/ratis/959210a8-235f-4bb8-b2be-30bc8f6a2a35/current/log_inprogress_0
2019-08-20 19:41:45,612 [4076f294-af48-436f-ac12-9ab283e144bb-SegmentedRaftLogWorker:Storage Directory /workdir/hadoop-ozone/integration-test/target/test-dir/MiniOzoneClusterImpl-e13e4b4c-a51c-41ed-96f1-bc31a3706be2/datanode-2/data/ratis/acc906f5-6f27-4e67-b7a8-6e912d5a715c] INFO  segmented.SegmentedRaftLogWorker (SegmentedRaftLogWorker.java:execute(569)) - 4076f294-af48-436f-ac12-9ab283e144bb-SegmentedRaftLogWorker:Storage Directory /workdir/hadoop-ozone/integration-test/target/test-dir/MiniOzoneClusterImpl-e13e4b4c-a51c-41ed-96f1-bc31a3706be2/datanode-2/data/ratis/acc906f5-6f27-4e67-b7a8-6e912d5a715c: created new log segment /workdir/hadoop-ozone/integration-test/target/test-dir/MiniOzoneClusterImpl-e13e4b4c-a51c-41ed-96f1-bc31a3706be2/datanode-2/data/ratis/acc906f5-6f27-4e67-b7a8-6e912d5a715c/current/log_inprogress_0
2019-08-20 19:41:45,612 [58cb59aa-46a6-4cbe-bb28-3c835a001716-SegmentedRaftLogWorker:Storage Directory /workdir/hadoop-ozone/integration-test/target/test-dir/MiniOzoneClusterImpl-e13e4b4c-a51c-41ed-96f1-bc31a3706be2/datanode-8/data/ratis/299bfc4a-4126-4727-a12e-c17ac19485f0] INFO  segmented.SegmentedRaftLogWorker (SegmentedRaftLogWorker.java:execute(569)) - 58cb59aa-46a6-4cbe-bb28-3c835a001716-SegmentedRaftLogWorker:Storage Directory /workdir/hadoop-ozone/integration-test/target/test-dir/MiniOzoneClusterImpl-e13e4b4c-a51c-41ed-96f1-bc31a3706be2/datanode-8/data/ratis/299bfc4a-4126-4727-a12e-c17ac19485f0: created new log segment /workdir/hadoop-ozone/integration-test/target/test-dir/MiniOzoneClusterImpl-e13e4b4c-a51c-41ed-96f1-bc31a3706be2/datanode-8/data/ratis/299bfc4a-4126-4727-a12e-c17ac19485f0/current/log_inprogress_0
2019-08-20 19:41:45,613 [pool-82-thread-1] INFO  server.RaftServerConfigKeys (ConfUtils.java:logGet(43)) - raft.server.leader.election.timeout = 120s (custom)
2019-08-20 19:41:45,613 [pool-126-thread-1] INFO  server.RaftServerConfigKeys (ConfUtils.java:logGet(43)) - raft.server.log.use.memory = false (default)
2019-08-20 19:41:45,613 [pool-93-thread-1] INFO  server.RaftServerConfigKeys (ConfUtils.java:logGet(43)) - raft.server.leader.election.timeout = 120s (custom)
2019-08-20 19:41:45,659 [pool-126-thread-1] INFO  server.RaftServerConfigKeys (ConfUtils.java:logGet(43)) - raft.server.log.purge.gap = 1000000 (custom)
2019-08-20 19:41:45,640 [pool-82-thread-1] INFO  server.RaftServerConfigKeys (ConfUtils.java:logGet(43)) - raft.server.log.use.memory = false (default)
2019-08-20 19:41:45,662 [pool-126-thread-1] INFO  server.RaftServerConfigKeys (ConfUtils.java:logGet(43)) - raft.server.log.appender.buffer.byte-limit = 33554432 (custom)
2019-08-20 19:41:45,661 [pool-93-thread-1] INFO  server.RaftServerConfigKeys (ConfUtils.java:logGet(43)) - raft.server.log.use.memory = false (default)
2019-08-20 19:41:45,662 [pool-126-thread-1] INFO  server.RaftServerConfigKeys (ConfUtils.java:logGet(43)) - raft.server.log.segment.size.max = 1048576 (custom)
2019-08-20 19:41:45,662 [pool-82-thread-1] INFO  server.RaftServerConfigKeys (ConfUtils.java:logGet(43)) - raft.server.log.purge.gap = 1000000 (custom)
2019-08-20 19:41:45,663 [pool-126-thread-1] INFO  server.RaftServerConfigKeys (ConfUtils.java:logGet(43)) - raft.server.log.segment.cache.num.max = 2 (custom)
2019-08-20 19:41:45,662 [pool-93-thread-1] INFO  server.RaftServerConfigKeys (ConfUtils.java:logGet(43)) - raft.server.log.purge.gap = 1000000 (custom)
2019-08-20 19:41:45,663 [pool-126-thread-1] INFO  segmented.SegmentedRaftLogWorker (SegmentedRaftLogWorker.java:<init>(172)) - new 3a5f5f92-1fbc-4da9-891b-fb9af6a803f0-SegmentedRaftLogWorker:Storage Directory /workdir/hadoop-ozone/integration-test/target/test-dir/MiniOzoneClusterImpl-e13e4b4c-a51c-41ed-96f1-bc31a3706be2/datanode-9/data/ratis/d391e905-fe4b-49eb-8efd-78f196ab2fa0 for RaftStorage:Storage Directory /workdir/hadoop-ozone/integration-test/target/test-dir/MiniOzoneClusterImpl-e13e4b4c-a51c-41ed-96f1-bc31a3706be2/datanode-9/data/ratis/d391e905-fe4b-49eb-8efd-78f196ab2fa0
2019-08-20 19:41:45,663 [pool-82-thread-1] INFO  server.RaftServerConfigKeys (ConfUtils.java:logGet(43)) - raft.server.log.appender.buffer.byte-limit = 33554432 (custom)
2019-08-20 19:41:45,663 [pool-126-thread-1] INFO  server.RaftServerConfigKeys (ConfUtils.java:logGet(43)) - raft.server.log.queue.byte-limit = 2147483647 (custom)
2019-08-20 19:41:45,664 [pool-82-thread-1] INFO  server.RaftServerConfigKeys (ConfUtils.java:logGet(43)) - raft.server.log.segment.size.max = 1048576 (custom)
2019-08-20 19:41:45,663 [pool-93-thread-1] INFO  server.RaftServerConfigKeys (ConfUtils.java:logGet(43)) - raft.server.log.appender.buffer.byte-limit = 33554432 (custom)
2019-08-20 19:41:45,681 [pool-82-thread-1] INFO  server.RaftServerConfigKeys (ConfUtils.java:logGet(43)) - raft.server.log.segment.cache.num.max = 2 (custom)
2019-08-20 19:41:45,680 [pool-126-thread-1] INFO  server.RaftServerConfigKeys (ConfUtils.java:logGet(43)) - raft.server.log.queue.element-limit = 1024 (custom)
2019-08-20 19:41:45,681 [pool-82-thread-1] INFO  segmented.SegmentedRaftLogWorker (SegmentedRaftLogWorker.java:<init>(172)) - new ee8f8b66-a0a6-4ed9-8105-e31fb13b4287-SegmentedRaftLogWorker:Storage Directory /workdir/hadoop-ozone/integration-test/target/test-dir/MiniOzoneClusterImpl-e13e4b4c-a51c-41ed-96f1-bc31a3706be2/datanode-5/data/ratis/d391e905-fe4b-49eb-8efd-78f196ab2fa0 for RaftStorage:Storage Directory /workdir/hadoop-ozone/integration-test/target/test-dir/MiniOzoneClusterImpl-e13e4b4c-a51c-41ed-96f1-bc31a3706be2/datanode-5/data/ratis/d391e905-fe4b-49eb-8efd-78f196ab2fa0
2019-08-20 19:41:45,681 [pool-93-thread-1] INFO  server.RaftServerConfigKeys (ConfUtils.java:logGet(43)) - raft.server.log.segment.size.max = 1048576 (custom)
2019-08-20 19:41:45,682 [pool-82-thread-1] INFO  server.RaftServerConfigKeys (ConfUtils.java:logGet(43)) - raft.server.log.queue.byte-limit = 2147483647 (custom)
2019-08-20 19:41:45,682 [pool-126-thread-1] INFO  server.RaftServerConfigKeys (ConfUtils.java:logGet(43)) - raft.server.log.segment.size.max = 1048576 (custom)
2019-08-20 19:41:45,685 [pool-82-thread-1] INFO  server.RaftServerConfigKeys (ConfUtils.java:logGet(43)) - raft.server.log.queue.element-limit = 1024 (custom)
2019-08-20 19:41:45,685 [pool-93-thread-1] INFO  server.RaftServerConfigKeys (ConfUtils.java:logGet(43)) - raft.server.log.segment.cache.num.max = 2 (custom)
2019-08-20 19:41:45,686 [pool-82-thread-1] INFO  server.RaftServerConfigKeys (ConfUtils.java:logGet(43)) - raft.server.log.segment.size.max = 1048576 (custom)
2019-08-20 19:41:45,686 | INFO  | SCMAudit | user=jenkins1000 | ip=192.168.157.205 | op=SEND_HEARTBEAT {datanodeUUID=1eeec8c2-4c0f-4bc8-b0db-6391a5855575, command=[]} | ret=SUCCESS |  
2019-08-20 19:41:45,685 [pool-126-thread-1] INFO  server.RaftServerConfigKeys (ConfUtils.java:logGet(43)) - raft.server.log.preallocated.size = 16384 (custom)
2019-08-20 19:41:45,686 [pool-82-thread-1] INFO  server.RaftServerConfigKeys (ConfUtils.java:logGet(43)) - raft.server.log.preallocated.size = 16384 (custom)
2019-08-20 19:41:45,686 [pool-93-thread-1] INFO  segmented.SegmentedRaftLogWorker (SegmentedRaftLogWorker.java:<init>(172)) - new 1eeec8c2-4c0f-4bc8-b0db-6391a5855575-SegmentedRaftLogWorker:Storage Directory /workdir/hadoop-ozone/integration-test/target/test-dir/MiniOzoneClusterImpl-e13e4b4c-a51c-41ed-96f1-bc31a3706be2/datanode-6/data/ratis/d391e905-fe4b-49eb-8efd-78f196ab2fa0 for RaftStorage:Storage Directory /workdir/hadoop-ozone/integration-test/target/test-dir/MiniOzoneClusterImpl-e13e4b4c-a51c-41ed-96f1-bc31a3706be2/datanode-6/data/ratis/d391e905-fe4b-49eb-8efd-78f196ab2fa0
2019-08-20 19:41:45,686 [pool-82-thread-1] INFO  server.RaftServerConfigKeys (ConfUtils.java:logGet(43)) - raft.server.log.write.buffer.size = 33554432 (custom)
2019-08-20 19:41:45,686 [pool-126-thread-1] INFO  server.RaftServerConfigKeys (ConfUtils.java:logGet(43)) - raft.server.log.write.buffer.size = 33554432 (custom)
2019-08-20 19:41:45,687 [pool-82-thread-1] INFO  server.RaftServerConfigKeys (ConfUtils.java:logGet(43)) - raft.server.log.force.sync.num = 128 (default)
2019-08-20 19:41:45,687 [pool-93-thread-1] INFO  server.RaftServerConfigKeys (ConfUtils.java:logGet(43)) - raft.server.log.queue.byte-limit = 2147483647 (custom)
2019-08-20 19:41:45,689 [pool-82-thread-1] INFO  server.RaftServerConfigKeys (ConfUtils.java:logGet(43)) - raft.server.log.statemachine.data.sync = true (default)
2019-08-20 19:41:45,689 [pool-126-thread-1] INFO  server.RaftServerConfigKeys (ConfUtils.java:logGet(43)) - raft.server.log.force.sync.num = 128 (default)
2019-08-20 19:41:45,690 [pool-82-thread-1] INFO  server.RaftServerConfigKeys (ConfUtils.java:logGet(43)) - raft.server.log.statemachine.data.sync.timeout = 10s (default)
2019-08-20 19:41:45,689 [pool-93-thread-1] INFO  server.RaftServerConfigKeys (ConfUtils.java:logGet(43)) - raft.server.log.queue.element-limit = 1024 (custom)
2019-08-20 19:41:45,690 [pool-82-thread-1] INFO  server.RaftServerConfigKeys (ConfUtils.java:logGet(43)) - raft.server.log.statemachine.data.sync.timeout.retry = -1 (default)
2019-08-20 19:41:45,690 [pool-126-thread-1] INFO  server.RaftServerConfigKeys (ConfUtils.java:logGet(43)) - raft.server.log.statemachine.data.sync = true (default)
2019-08-20 19:41:45,690 [pool-82-thread-1] INFO  server.RaftServerConfigKeys (ConfUtils.java:logGet(43)) - raft.server.log.statemachine.data.caching.enabled = true (custom)
2019-08-20 19:41:45,690 [pool-93-thread-1] INFO  server.RaftServerConfigKeys (ConfUtils.java:logGet(43)) - raft.server.log.segment.size.max = 1048576 (custom)
2019-08-20 19:41:45,691 [pool-126-thread-1] INFO  server.RaftServerConfigKeys (ConfUtils.java:logGet(43)) - raft.server.log.statemachine.data.sync.timeout = 10s (default)
2019-08-20 19:41:45,691 [pool-82-thread-1] INFO  segmented.SegmentedRaftLogWorker (SegmentedRaftLogWorker.java:lambda$new$0(132)) - ee8f8b66-a0a6-4ed9-8105-e31fb13b4287-SegmentedRaftLogWorker:Storage Directory /workdir/hadoop-ozone/integration-test/target/test-dir/MiniOzoneClusterImpl-e13e4b4c-a51c-41ed-96f1-bc31a3706be2/datanode-5/data/ratis/d391e905-fe4b-49eb-8efd-78f196ab2fa0: flushIndex: setUnconditionally 0 -> -1
2019-08-20 19:41:45,691 [pool-93-thread-1] INFO  server.RaftServerConfigKeys (ConfUtils.java:logGet(43)) - raft.server.log.preallocated.size = 16384 (custom)
2019-08-20 19:41:45,691 [pool-126-thread-1] INFO  server.RaftServerConfigKeys (ConfUtils.java:logGet(43)) - raft.server.log.statemachine.data.sync.timeout.retry = -1 (default)
2019-08-20 19:41:45,692 [pool-93-thread-1] INFO  server.RaftServerConfigKeys (ConfUtils.java:logGet(43)) - raft.server.log.write.buffer.size = 33554432 (custom)
2019-08-20 19:41:45,692 [pool-126-thread-1] INFO  server.RaftServerConfigKeys (ConfUtils.java:logGet(43)) - raft.server.log.statemachine.data.caching.enabled = true (custom)
2019-08-20 19:41:45,692 [pool-82-thread-1] INFO  server.RaftServerConfigKeys (ConfUtils.java:logGet(43)) - raft.server.snapshot.auto.trigger.enabled = true (custom)
2019-08-20 19:41:45,692 [pool-93-thread-1] INFO  server.RaftServerConfigKeys (ConfUtils.java:logGet(43)) - raft.server.log.force.sync.num = 128 (default)
2019-08-20 19:41:45,693 [pool-82-thread-1] INFO  server.RaftServerConfigKeys (ConfUtils.java:logGet(43)) - raft.server.snapshot.auto.trigger.threshold = 10000 (custom)
2019-08-20 19:41:45,693 [pool-126-thread-1] INFO  segmented.SegmentedRaftLogWorker (SegmentedRaftLogWorker.java:lambda$new$0(132)) - 3a5f5f92-1fbc-4da9-891b-fb9af6a803f0-SegmentedRaftLogWorker:Storage Directory /workdir/hadoop-ozone/integration-test/target/test-dir/MiniOzoneClusterImpl-e13e4b4c-a51c-41ed-96f1-bc31a3706be2/datanode-9/data/ratis/d391e905-fe4b-49eb-8efd-78f196ab2fa0: flushIndex: setUnconditionally 0 -> -1
2019-08-20 19:41:45,693 [pool-82-thread-1] INFO  server.RaftServerConfigKeys (ConfUtils.java:logGet(43)) - raft.server.retrycache.expirytime = 600000ms (custom)
2019-08-20 19:41:45,693 [pool-126-thread-1] INFO  server.RaftServerConfigKeys (ConfUtils.java:logGet(43)) - raft.server.snapshot.auto.trigger.enabled = true (custom)
2019-08-20 19:41:45,693 [pool-93-thread-1] INFO  server.RaftServerConfigKeys (ConfUtils.java:logGet(43)) - raft.server.log.statemachine.data.sync = true (default)
2019-08-20 19:41:45,693 [pool-126-thread-1] INFO  server.RaftServerConfigKeys (ConfUtils.java:logGet(43)) - raft.server.snapshot.auto.trigger.threshold = 10000 (custom)
2019-08-20 19:41:45,694 [pool-93-thread-1] INFO  server.RaftServerConfigKeys (ConfUtils.java:logGet(43)) - raft.server.log.statemachine.data.sync.timeout = 10s (default)
2019-08-20 19:41:45,694 [pool-126-thread-1] INFO  server.RaftServerConfigKeys (ConfUtils.java:logGet(43)) - raft.server.retrycache.expirytime = 600000ms (custom)
2019-08-20 19:41:45,694 [pool-93-thread-1] INFO  server.RaftServerConfigKeys (ConfUtils.java:logGet(43)) - raft.server.log.statemachine.data.sync.timeout.retry = -1 (default)
2019-08-20 19:41:45,694 [pool-93-thread-1] INFO  server.RaftServerConfigKeys (ConfUtils.java:logGet(43)) - raft.server.log.statemachine.data.caching.enabled = true (custom)
2019-08-20 19:41:45,695 [pool-93-thread-1] INFO  segmented.SegmentedRaftLogWorker (SegmentedRaftLogWorker.java:lambda$new$0(132)) - 1eeec8c2-4c0f-4bc8-b0db-6391a5855575-SegmentedRaftLogWorker:Storage Directory /workdir/hadoop-ozone/integration-test/target/test-dir/MiniOzoneClusterImpl-e13e4b4c-a51c-41ed-96f1-bc31a3706be2/datanode-6/data/ratis/d391e905-fe4b-49eb-8efd-78f196ab2fa0: flushIndex: setUnconditionally 0 -> -1
2019-08-20 19:41:45,695 [pool-93-thread-1] INFO  server.RaftServerConfigKeys (ConfUtils.java:logGet(43)) - raft.server.snapshot.auto.trigger.enabled = true (custom)
2019-08-20 19:41:45,695 [pool-93-thread-1] INFO  server.RaftServerConfigKeys (ConfUtils.java:logGet(43)) - raft.server.snapshot.auto.trigger.threshold = 10000 (custom)
2019-08-20 19:41:45,696 [pool-93-thread-1] INFO  server.RaftServerConfigKeys (ConfUtils.java:logGet(43)) - raft.server.retrycache.expirytime = 600000ms (custom)
2019-08-20 19:41:45,696 [pool-82-thread-1] INFO  impl.RaftServerImpl (RaftServerImpl.java:<init>(93)) - ee8f8b66-a0a6-4ed9-8105-e31fb13b4287: new RaftServerImpl for group-CA825B28539E:[1eeec8c2-4c0f-4bc8-b0db-6391a5855575:192.168.157.205:39192, 3a5f5f92-1fbc-4da9-891b-fb9af6a803f0:192.168.157.205:37319, ee8f8b66-a0a6-4ed9-8105-e31fb13b4287:192.168.157.205:44060] with ContainerStateMachine:uninitialized
2019-08-20 19:41:45,697 [pool-82-thread-1] INFO  server.RaftServerConfigKeys (ConfUtils.java:logGet(43)) - raft.server.rpc.timeout.min = 1s (custom)
2019-08-20 19:41:45,697 [pool-82-thread-1] INFO  server.RaftServerConfigKeys (ConfUtils.java:logGet(43)) - raft.server.rpc.timeout.max = 1200ms (custom)
2019-08-20 19:41:45,697 [pool-82-thread-1] INFO  server.RaftServerConfigKeys (ConfUtils.java:logGet(43)) - raft.server.rpcslowness.timeout = 120s (custom)
2019-08-20 19:41:45,697 [pool-82-thread-1] INFO  server.RaftServerConfigKeys (ConfUtils.java:logGet(43)) - raft.server.sleep.deviation.threshold = 300 (default)
2019-08-20 19:41:45,697 [pool-126-thread-1] INFO  impl.RaftServerImpl (RaftServerImpl.java:<init>(93)) - 3a5f5f92-1fbc-4da9-891b-fb9af6a803f0: new RaftServerImpl for group-CA825B28539E:[1eeec8c2-4c0f-4bc8-b0db-6391a5855575:192.168.157.205:39192, 3a5f5f92-1fbc-4da9-891b-fb9af6a803f0:192.168.157.205:37319, ee8f8b66-a0a6-4ed9-8105-e31fb13b4287:192.168.157.205:44060] with ContainerStateMachine:uninitialized
2019-08-20 19:41:45,698 [pool-82-thread-1] INFO  server.RaftServerConfigKeys (ConfUtils.java:logGet(43)) - raft.server.log.appender.install.snapshot.enabled = false (custom)
2019-08-20 19:41:45,698 [pool-126-thread-1] INFO  server.RaftServerConfigKeys (ConfUtils.java:logGet(43)) - raft.server.rpc.timeout.min = 1s (custom)
2019-08-20 19:41:45,698 [pool-82-thread-1] INFO  impl.RaftServerImpl (ServerState.java:<init>(105)) - ee8f8b66-a0a6-4ed9-8105-e31fb13b4287:group-CA825B28539E ConfigurationManager, init=-1: [1eeec8c2-4c0f-4bc8-b0db-6391a5855575:192.168.157.205:39192, 3a5f5f92-1fbc-4da9-891b-fb9af6a803f0:192.168.157.205:37319, ee8f8b66-a0a6-4ed9-8105-e31fb13b4287:192.168.157.205:44060], old=null, confs=<EMPTY_MAP>
2019-08-20 19:41:45,698 [pool-126-thread-1] INFO  server.RaftServerConfigKeys (ConfUtils.java:logGet(43)) - raft.server.rpc.timeout.max = 1200ms (custom)
2019-08-20 19:41:45,698 [pool-82-thread-1] INFO  server.RaftServerConfigKeys (ConfUtils.java:logGet(43)) - raft.server.storage.dir = [/workdir/hadoop-ozone/integration-test/target/test-dir/MiniOzoneClusterImpl-e13e4b4c-a51c-41ed-96f1-bc31a3706be2/datanode-5/data/ratis] (custom)
2019-08-20 19:41:45,699 [pool-93-thread-1] INFO  impl.RaftServerImpl (RaftServerImpl.java:<init>(93)) - 1eeec8c2-4c0f-4bc8-b0db-6391a5855575: new RaftServerImpl for group-CA825B28539E:[1eeec8c2-4c0f-4bc8-b0db-6391a5855575:192.168.157.205:39192, 3a5f5f92-1fbc-4da9-891b-fb9af6a803f0:192.168.157.205:37319, ee8f8b66-a0a6-4ed9-8105-e31fb13b4287:192.168.157.205:44060] with ContainerStateMachine:uninitialized
2019-08-20 19:41:45,698 [pool-126-thread-1] INFO  server.RaftServerConfigKeys (ConfUtils.java:logGet(43)) - raft.server.rpcslowness.timeout = 120s (custom)
2019-08-20 19:41:45,699 [pool-93-thread-1] INFO  server.RaftServerConfigKeys (ConfUtils.java:logGet(43)) - raft.server.rpc.timeout.min = 1s (custom)
2019-08-20 19:41:45,699 [pool-82-thread-1] INFO  storage.RaftStorageDirectory (RaftStorageDirectory.java:analyzeStorage(246)) - The storage directory /workdir/hadoop-ozone/integration-test/target/test-dir/MiniOzoneClusterImpl-e13e4b4c-a51c-41ed-96f1-bc31a3706be2/datanode-5/data/ratis/3075ad27-c966-413a-b68e-ca825b28539e does not exist. Creating ...
2019-08-20 19:41:45,699 [pool-126-thread-1] INFO  server.RaftServerConfigKeys (ConfUtils.java:logGet(43)) - raft.server.sleep.deviation.threshold = 300 (default)
2019-08-20 19:41:45,699 [pool-93-thread-1] INFO  server.RaftServerConfigKeys (ConfUtils.java:logGet(43)) - raft.server.rpc.timeout.max = 1200ms (custom)
2019-08-20 19:41:45,700 [pool-126-thread-1] INFO  server.RaftServerConfigKeys (ConfUtils.java:logGet(43)) - raft.server.log.appender.install.snapshot.enabled = false (custom)
2019-08-20 19:41:45,700 [pool-93-thread-1] INFO  server.RaftServerConfigKeys (ConfUtils.java:logGet(43)) - raft.server.rpcslowness.timeout = 120s (custom)
2019-08-20 19:41:45,700 [pool-126-thread-1] INFO  impl.RaftServerImpl (ServerState.java:<init>(105)) - 3a5f5f92-1fbc-4da9-891b-fb9af6a803f0:group-CA825B28539E ConfigurationManager, init=-1: [1eeec8c2-4c0f-4bc8-b0db-6391a5855575:192.168.157.205:39192, 3a5f5f92-1fbc-4da9-891b-fb9af6a803f0:192.168.157.205:37319, ee8f8b66-a0a6-4ed9-8105-e31fb13b4287:192.168.157.205:44060], old=null, confs=<EMPTY_MAP>
2019-08-20 19:41:45,700 [pool-93-thread-1] INFO  server.RaftServerConfigKeys (ConfUtils.java:logGet(43)) - raft.server.sleep.deviation.threshold = 300 (default)
2019-08-20 19:41:45,700 [pool-126-thread-1] INFO  server.RaftServerConfigKeys (ConfUtils.java:logGet(43)) - raft.server.storage.dir = [/workdir/hadoop-ozone/integration-test/target/test-dir/MiniOzoneClusterImpl-e13e4b4c-a51c-41ed-96f1-bc31a3706be2/datanode-9/data/ratis] (custom)
2019-08-20 19:41:45,700 [pool-93-thread-1] INFO  server.RaftServerConfigKeys (ConfUtils.java:logGet(43)) - raft.server.log.appender.install.snapshot.enabled = false (custom)
2019-08-20 19:41:45,701 [pool-93-thread-1] INFO  impl.RaftServerImpl (ServerState.java:<init>(105)) - 1eeec8c2-4c0f-4bc8-b0db-6391a5855575:group-CA825B28539E ConfigurationManager, init=-1: [1eeec8c2-4c0f-4bc8-b0db-6391a5855575:192.168.157.205:39192, 3a5f5f92-1fbc-4da9-891b-fb9af6a803f0:192.168.157.205:37319, ee8f8b66-a0a6-4ed9-8105-e31fb13b4287:192.168.157.205:44060], old=null, confs=<EMPTY_MAP>
2019-08-20 19:41:45,701 [pool-126-thread-1] INFO  storage.RaftStorageDirectory (RaftStorageDirectory.java:analyzeStorage(246)) - The storage directory /workdir/hadoop-ozone/integration-test/target/test-dir/MiniOzoneClusterImpl-e13e4b4c-a51c-41ed-96f1-bc31a3706be2/datanode-9/data/ratis/3075ad27-c966-413a-b68e-ca825b28539e does not exist. Creating ...
2019-08-20 19:41:45,701 [pool-93-thread-1] INFO  server.RaftServerConfigKeys (ConfUtils.java:logGet(43)) - raft.server.storage.dir = [/workdir/hadoop-ozone/integration-test/target/test-dir/MiniOzoneClusterImpl-e13e4b4c-a51c-41ed-96f1-bc31a3706be2/datanode-6/data/ratis] (custom)
2019-08-20 19:41:45,701 [pool-93-thread-1] INFO  storage.RaftStorageDirectory (RaftStorageDirectory.java:analyzeStorage(246)) - The storage directory /workdir/hadoop-ozone/integration-test/target/test-dir/MiniOzoneClusterImpl-e13e4b4c-a51c-41ed-96f1-bc31a3706be2/datanode-6/data/ratis/3075ad27-c966-413a-b68e-ca825b28539e does not exist. Creating ...
2019-08-20 19:41:45,886 | INFO  | SCMAudit | user=jenkins1000 | ip=192.168.157.205 | op=SEND_HEARTBEAT {datanodeUUID=8109623e-cc10-4f33-b553-5cc878b10d85, command=[]} | ret=SUCCESS |  
2019-08-20 19:41:46,094 | INFO  | SCMAudit | user=jenkins1000 | ip=192.168.157.205 | op=SEND_HEARTBEAT {datanodeUUID=58cb59aa-46a6-4cbe-bb28-3c835a001716, command=[]} | ret=SUCCESS |  
2019-08-20 19:41:46,097 | INFO  | SCMAudit | user=jenkins1000 | ip=192.168.157.205 | op=SEND_HEARTBEAT {datanodeUUID=2bc3458d-469e-4a51-8672-7abe5768ce0e, command=[]} | ret=SUCCESS |  
2019-08-20 19:41:46,164 | INFO  | SCMAudit | user=jenkins1000 | ip=192.168.157.205 | op=SEND_HEARTBEAT {datanodeUUID=7e48a0a7-bde4-47b7-8ad8-7f749fa46a32, command=[]} | ret=SUCCESS |  
2019-08-20 19:41:46,166 | INFO  | SCMAudit | user=jenkins1000 | ip=192.168.157.205 | op=SEND_HEARTBEAT {datanodeUUID=0ddcad73-dd47-4236-bfae-d514011a99c3, command=[]} | ret=SUCCESS |  
2019-08-20 19:41:46,298 | INFO  | SCMAudit | user=jenkins1000 | ip=192.168.157.205 | op=SEND_HEARTBEAT {datanodeUUID=3a5f5f92-1fbc-4da9-891b-fb9af6a803f0, command=[]} | ret=SUCCESS |  
2019-08-20 19:41:46,319 | INFO  | SCMAudit | user=jenkins1000 | ip=192.168.157.205 | op=SEND_HEARTBEAT {datanodeUUID=a9286357-6b15-4043-a893-920ae835d3d2, command=[]} | ret=SUCCESS |  
2019-08-20 19:41:46,448 | INFO  | SCMAudit | user=jenkins1000 | ip=192.168.157.205 | op=SEND_HEARTBEAT {datanodeUUID=ee8f8b66-a0a6-4ed9-8105-e31fb13b4287, command=[]} | ret=SUCCESS |  
2019-08-20 19:41:46,550 | INFO  | SCMAudit | user=jenkins1000 | ip=192.168.157.205 | op=SEND_HEARTBEAT {datanodeUUID=4076f294-af48-436f-ac12-9ab283e144bb, command=[]} | ret=SUCCESS |  
2019-08-20 19:41:46,681 | INFO  | SCMAudit | user=jenkins1000 | ip=192.168.157.205 | op=SEND_HEARTBEAT {datanodeUUID=1eeec8c2-4c0f-4bc8-b0db-6391a5855575, command=[]} | ret=SUCCESS |  
2019-08-20 19:41:46,885 | INFO  | SCMAudit | user=jenkins1000 | ip=192.168.157.205 | op=SEND_HEARTBEAT {datanodeUUID=8109623e-cc10-4f33-b553-5cc878b10d85, command=[]} | ret=SUCCESS |  
2019-08-20 19:41:47,095 | INFO  | SCMAudit | user=jenkins1000 | ip=192.168.157.205 | op=SEND_HEARTBEAT {datanodeUUID=58cb59aa-46a6-4cbe-bb28-3c835a001716, command=[]} | ret=SUCCESS |  
2019-08-20 19:41:47,098 | INFO  | SCMAudit | user=jenkins1000 | ip=192.168.157.205 | op=SEND_HEARTBEAT {datanodeUUID=2bc3458d-469e-4a51-8672-7abe5768ce0e, command=[]} | ret=SUCCESS |  
2019-08-20 19:41:47,164 | INFO  | SCMAudit | user=jenkins1000 | ip=192.168.157.205 | op=SEND_HEARTBEAT {datanodeUUID=7e48a0a7-bde4-47b7-8ad8-7f749fa46a32, command=[]} | ret=SUCCESS |  
2019-08-20 19:41:47,167 | INFO  | SCMAudit | user=jenkins1000 | ip=192.168.157.205 | op=SEND_HEARTBEAT {datanodeUUID=0ddcad73-dd47-4236-bfae-d514011a99c3, command=[]} | ret=SUCCESS |  
2019-08-20 19:41:47,298 | INFO  | SCMAudit | user=jenkins1000 | ip=192.168.157.205 | op=SEND_HEARTBEAT {datanodeUUID=3a5f5f92-1fbc-4da9-891b-fb9af6a803f0, command=[]} | ret=SUCCESS |  
2019-08-20 19:41:47,341 | INFO  | SCMAudit | user=jenkins1000 | ip=192.168.157.205 | op=SEND_HEARTBEAT {datanodeUUID=a9286357-6b15-4043-a893-920ae835d3d2, command=[]} | ret=SUCCESS |  
2019-08-20 19:41:47,448 | INFO  | SCMAudit | user=jenkins1000 | ip=192.168.157.205 | op=SEND_HEARTBEAT {datanodeUUID=ee8f8b66-a0a6-4ed9-8105-e31fb13b4287, command=[]} | ret=SUCCESS |  
2019-08-20 19:41:47,550 | INFO  | SCMAudit | user=jenkins1000 | ip=192.168.157.205 | op=SEND_HEARTBEAT {datanodeUUID=4076f294-af48-436f-ac12-9ab283e144bb, command=[]} | ret=SUCCESS |  
2019-08-20 19:41:47,682 | INFO  | SCMAudit | user=jenkins1000 | ip=192.168.157.205 | op=SEND_HEARTBEAT {datanodeUUID=1eeec8c2-4c0f-4bc8-b0db-6391a5855575, command=[]} | ret=SUCCESS |  
2019-08-20 19:41:47,815 [RATISCREATEPIPELINE3] ERROR pipeline.RatisPipelineProvider (RatisPipelineProvider.java:lambda$null$5(235)) - Failed invoke Ratis rpc org.apache.hadoop.hdds.scm.pipeline.RatisPipelineProvider$$Lambda$171/2114824496@44d2e5c8 for ee8f8b66-a0a6-4ed9-8105-e31fb13b4287
org.apache.ratis.protocol.TimeoutIOException: deadline exceeded after 2996792973ns
	at org.apache.ratis.grpc.GrpcUtil.tryUnwrapException(GrpcUtil.java:82)
	at org.apache.ratis.grpc.GrpcUtil.unwrapException(GrpcUtil.java:75)
	at org.apache.ratis.grpc.client.GrpcClientProtocolClient.blockingCall(GrpcClientProtocolClient.java:169)
	at org.apache.ratis.grpc.client.GrpcClientProtocolClient.groupAdd(GrpcClientProtocolClient.java:138)
	at org.apache.ratis.grpc.client.GrpcClientRpc.sendRequest(GrpcClientRpc.java:94)
	at org.apache.ratis.client.impl.RaftClientImpl.sendRequest(RaftClientImpl.java:279)
	at org.apache.ratis.client.impl.RaftClientImpl.groupAdd(RaftClientImpl.java:206)
	at org.apache.hadoop.hdds.scm.pipeline.RatisPipelineProvider.lambda$initializePipeline$4(RatisPipelineProvider.java:194)
	at org.apache.hadoop.hdds.scm.pipeline.RatisPipelineProvider.lambda$null$5(RatisPipelineProvider.java:231)
	at java.util.stream.ForEachOps$ForEachOp$OfRef.accept(ForEachOps.java:184)
	at java.util.ArrayList$ArrayListSpliterator.forEachRemaining(ArrayList.java:1382)
	at java.util.stream.AbstractPipeline.copyInto(AbstractPipeline.java:482)
	at java.util.stream.ForEachOps$ForEachTask.compute(ForEachOps.java:291)
	at java.util.concurrent.CountedCompleter.exec(CountedCompleter.java:731)
	at java.util.concurrent.ForkJoinTask.doExec(ForkJoinTask.java:289)
	at java.util.concurrent.ForkJoinPool$WorkQueue.runTask(ForkJoinPool.java:1056)
	at java.util.concurrent.ForkJoinPool.runWorker(ForkJoinPool.java:1692)
	at java.util.concurrent.ForkJoinWorkerThread.run(ForkJoinWorkerThread.java:157)
Caused by: org.apache.ratis.thirdparty.io.grpc.StatusRuntimeException: DEADLINE_EXCEEDED: deadline exceeded after 2996792973ns
	at org.apache.ratis.thirdparty.io.grpc.stub.ClientCalls.toStatusRuntimeException(ClientCalls.java:233)
	at org.apache.ratis.thirdparty.io.grpc.stub.ClientCalls.getUnchecked(ClientCalls.java:214)
	at org.apache.ratis.thirdparty.io.grpc.stub.ClientCalls.blockingUnaryCall(ClientCalls.java:139)
	at org.apache.ratis.proto.grpc.AdminProtocolServiceGrpc$AdminProtocolServiceBlockingStub.groupManagement(AdminProtocolServiceGrpc.java:274)
	at org.apache.ratis.grpc.client.GrpcClientProtocolClient.lambda$groupAdd$3(GrpcClientProtocolClient.java:140)
	at org.apache.ratis.grpc.client.GrpcClientProtocolClient.blockingCall(GrpcClientProtocolClient.java:167)
	... 15 more
2019-08-20 19:41:47,815 [RATISCREATEPIPELINE2] ERROR pipeline.RatisPipelineProvider (RatisPipelineProvider.java:lambda$null$5(235)) - Failed invoke Ratis rpc org.apache.hadoop.hdds.scm.pipeline.RatisPipelineProvider$$Lambda$171/2114824496@44d2e5c8 for 3a5f5f92-1fbc-4da9-891b-fb9af6a803f0
org.apache.ratis.protocol.TimeoutIOException: deadline exceeded after 2996847010ns
	at org.apache.ratis.grpc.GrpcUtil.tryUnwrapException(GrpcUtil.java:82)
	at org.apache.ratis.grpc.GrpcUtil.unwrapException(GrpcUtil.java:75)
	at org.apache.ratis.grpc.client.GrpcClientProtocolClient.blockingCall(GrpcClientProtocolClient.java:169)
	at org.apache.ratis.grpc.client.GrpcClientProtocolClient.groupAdd(GrpcClientProtocolClient.java:138)
	at org.apache.ratis.grpc.client.GrpcClientRpc.sendRequest(GrpcClientRpc.java:94)
	at org.apache.ratis.client.impl.RaftClientImpl.sendRequest(RaftClientImpl.java:279)
	at org.apache.ratis.client.impl.RaftClientImpl.groupAdd(RaftClientImpl.java:206)
	at org.apache.hadoop.hdds.scm.pipeline.RatisPipelineProvider.lambda$initializePipeline$4(RatisPipelineProvider.java:194)
	at org.apache.hadoop.hdds.scm.pipeline.RatisPipelineProvider.lambda$null$5(RatisPipelineProvider.java:231)
	at java.util.stream.ForEachOps$ForEachOp$OfRef.accept(ForEachOps.java:184)
	at java.util.ArrayList$ArrayListSpliterator.forEachRemaining(ArrayList.java:1382)
	at java.util.stream.AbstractPipeline.copyInto(AbstractPipeline.java:482)
	at java.util.stream.ForEachOps$ForEachTask.compute(ForEachOps.java:291)
	at java.util.concurrent.CountedCompleter.exec(CountedCompleter.java:731)
	at java.util.concurrent.ForkJoinTask.doExec(ForkJoinTask.java:289)
	at java.util.concurrent.ForkJoinPool$WorkQueue.runTask(ForkJoinPool.java:1056)
	at java.util.concurrent.ForkJoinPool.runWorker(ForkJoinPool.java:1692)
	at java.util.concurrent.ForkJoinWorkerThread.run(ForkJoinWorkerThread.java:157)
Caused by: org.apache.ratis.thirdparty.io.grpc.StatusRuntimeException: DEADLINE_EXCEEDED: deadline exceeded after 2996847010ns
	at org.apache.ratis.thirdparty.io.grpc.stub.ClientCalls.toStatusRuntimeException(ClientCalls.java:233)
	at org.apache.ratis.thirdparty.io.grpc.stub.ClientCalls.getUnchecked(ClientCalls.java:214)
	at org.apache.ratis.thirdparty.io.grpc.stub.ClientCalls.blockingUnaryCall(ClientCalls.java:139)
	at org.apache.ratis.proto.grpc.AdminProtocolServiceGrpc$AdminProtocolServiceBlockingStub.groupManagement(AdminProtocolServiceGrpc.java:274)
	at org.apache.ratis.grpc.client.GrpcClientProtocolClient.lambda$groupAdd$3(GrpcClientProtocolClient.java:140)
	at org.apache.ratis.grpc.client.GrpcClientProtocolClient.blockingCall(GrpcClientProtocolClient.java:167)
	... 15 more
2019-08-20 19:41:47,815 [RATISCREATEPIPELINE1] ERROR pipeline.RatisPipelineProvider (RatisPipelineProvider.java:lambda$null$5(235)) - Failed invoke Ratis rpc org.apache.hadoop.hdds.scm.pipeline.RatisPipelineProvider$$Lambda$171/2114824496@44d2e5c8 for 1eeec8c2-4c0f-4bc8-b0db-6391a5855575
org.apache.ratis.protocol.TimeoutIOException: deadline exceeded after 2996820874ns
	at org.apache.ratis.grpc.GrpcUtil.tryUnwrapException(GrpcUtil.java:82)
	at org.apache.ratis.grpc.GrpcUtil.unwrapException(GrpcUtil.java:75)
	at org.apache.ratis.grpc.client.GrpcClientProtocolClient.blockingCall(GrpcClientProtocolClient.java:169)
	at org.apache.ratis.grpc.client.GrpcClientProtocolClient.groupAdd(GrpcClientProtocolClient.java:138)
	at org.apache.ratis.grpc.client.GrpcClientRpc.sendRequest(GrpcClientRpc.java:94)
	at org.apache.ratis.client.impl.RaftClientImpl.sendRequest(RaftClientImpl.java:279)
	at org.apache.ratis.client.impl.RaftClientImpl.groupAdd(RaftClientImpl.java:206)
	at org.apache.hadoop.hdds.scm.pipeline.RatisPipelineProvider.lambda$initializePipeline$4(RatisPipelineProvider.java:194)
	at org.apache.hadoop.hdds.scm.pipeline.RatisPipelineProvider.lambda$null$5(RatisPipelineProvider.java:231)
	at java.util.stream.ForEachOps$ForEachOp$OfRef.accept(ForEachOps.java:184)
	at java.util.ArrayList$ArrayListSpliterator.forEachRemaining(ArrayList.java:1382)
	at java.util.stream.AbstractPipeline.copyInto(AbstractPipeline.java:482)
	at java.util.stream.ForEachOps$ForEachTask.compute(ForEachOps.java:291)
	at java.util.concurrent.CountedCompleter.exec(CountedCompleter.java:731)
	at java.util.concurrent.ForkJoinTask.doExec(ForkJoinTask.java:289)
	at java.util.concurrent.ForkJoinTask.doInvoke(ForkJoinTask.java:401)
	at java.util.concurrent.ForkJoinTask.invoke(ForkJoinTask.java:734)
	at java.util.stream.ForEachOps$ForEachOp.evaluateParallel(ForEachOps.java:160)
	at java.util.stream.ForEachOps$ForEachOp$OfRef.evaluateParallel(ForEachOps.java:174)
	at java.util.stream.AbstractPipeline.evaluate(AbstractPipeline.java:233)
	at java.util.stream.ReferencePipeline.forEach(ReferencePipeline.java:418)
	at java.util.stream.ReferencePipeline$Head.forEach(ReferencePipeline.java:583)
	at org.apache.hadoop.hdds.scm.pipeline.RatisPipelineProvider.lambda$callRatisRpc$6(RatisPipelineProvider.java:225)
	at java.util.concurrent.ForkJoinTask$AdaptedRunnableAction.exec(ForkJoinTask.java:1386)
	at java.util.concurrent.ForkJoinTask.doExec(ForkJoinTask.java:289)
	at java.util.concurrent.ForkJoinPool$WorkQueue.runTask(ForkJoinPool.java:1056)
	at java.util.concurrent.ForkJoinPool.runWorker(ForkJoinPool.java:1692)
	at java.util.concurrent.ForkJoinWorkerThread.run(ForkJoinWorkerThread.java:157)
Caused by: org.apache.ratis.thirdparty.io.grpc.StatusRuntimeException: DEADLINE_EXCEEDED: deadline exceeded after 2996820874ns
	at org.apache.ratis.thirdparty.io.grpc.stub.ClientCalls.toStatusRuntimeException(ClientCalls.java:233)
	at org.apache.ratis.thirdparty.io.grpc.stub.ClientCalls.getUnchecked(ClientCalls.java:214)
	at org.apache.ratis.thirdparty.io.grpc.stub.ClientCalls.blockingUnaryCall(ClientCalls.java:139)
	at org.apache.ratis.proto.grpc.AdminProtocolServiceGrpc$AdminProtocolServiceBlockingStub.groupManagement(AdminProtocolServiceGrpc.java:274)
	at org.apache.ratis.grpc.client.GrpcClientProtocolClient.lambda$groupAdd$3(GrpcClientProtocolClient.java:140)
	at org.apache.ratis.grpc.client.GrpcClientProtocolClient.blockingCall(GrpcClientProtocolClient.java:167)
	... 25 more
2019-08-20 19:41:47,834 [IPC Server handler 0 on 36482] WARN  block.BlockManagerImpl (BlockManagerImpl.java:allocateBlock(192)) - Pipeline creation failed for type:RATIS factor:THREE. Retrying get pipelines call once.
org.apache.hadoop.io.MultipleIOException: 3 exceptions [java.io.IOException: Failed invoke Ratis rpc org.apache.hadoop.hdds.scm.pipeline.RatisPipelineProvider$$Lambda$171/2114824496@44d2e5c8 for ee8f8b66-a0a6-4ed9-8105-e31fb13b4287, java.io.IOException: Failed invoke Ratis rpc org.apache.hadoop.hdds.scm.pipeline.RatisPipelineProvider$$Lambda$171/2114824496@44d2e5c8 for 3a5f5f92-1fbc-4da9-891b-fb9af6a803f0, java.io.IOException: Failed invoke Ratis rpc org.apache.hadoop.hdds.scm.pipeline.RatisPipelineProvider$$Lambda$171/2114824496@44d2e5c8 for 1eeec8c2-4c0f-4bc8-b0db-6391a5855575]
	at org.apache.hadoop.io.MultipleIOException.createIOException(MultipleIOException.java:53)
	at org.apache.hadoop.hdds.scm.pipeline.RatisPipelineProvider.callRatisRpc(RatisPipelineProvider.java:251)
	at org.apache.hadoop.hdds.scm.pipeline.RatisPipelineProvider.initializePipeline(RatisPipelineProvider.java:192)
	at org.apache.hadoop.hdds.scm.pipeline.RatisPipelineProvider.create(RatisPipelineProvider.java:161)
	at org.apache.hadoop.hdds.scm.pipeline.PipelineFactory.create(PipelineFactory.java:57)
	at org.apache.hadoop.hdds.scm.pipeline.SCMPipelineManager.createPipeline(SCMPipelineManager.java:149)
	at org.apache.hadoop.hdds.scm.block.BlockManagerImpl.allocateBlock(BlockManagerImpl.java:190)
	at org.apache.hadoop.hdds.scm.server.SCMBlockProtocolServer.allocateBlock(SCMBlockProtocolServer.java:175)
	at org.apache.hadoop.ozone.protocolPB.ScmBlockLocationProtocolServerSideTranslatorPB.allocateScmBlock(ScmBlockLocationProtocolServerSideTranslatorPB.java:153)
	at org.apache.hadoop.ozone.protocolPB.ScmBlockLocationProtocolServerSideTranslatorPB.send(ScmBlockLocationProtocolServerSideTranslatorPB.java:112)
	at org.apache.hadoop.hdds.protocol.proto.ScmBlockLocationProtocolProtos$ScmBlockLocationProtocolService$2.callBlockingMethod(ScmBlockLocationProtocolProtos.java:13157)
	at org.apache.hadoop.ipc.ProtobufRpcEngine$Server$ProtoBufRpcInvoker.call(ProtobufRpcEngine.java:524)
	at org.apache.hadoop.ipc.RPC$Server.call(RPC.java:1025)
	at org.apache.hadoop.ipc.Server$RpcCall.run(Server.java:876)
	at org.apache.hadoop.ipc.Server$RpcCall.run(Server.java:822)
	at java.security.AccessController.doPrivileged(Native Method)
	at javax.security.auth.Subject.doAs(Subject.java:422)
	at org.apache.hadoop.security.UserGroupInformation.doAs(UserGroupInformation.java:1730)
	at org.apache.hadoop.ipc.Server$Handler.run(Server.java:2682)
2019-08-20 19:41:47,835 [IPC Server handler 0 on 36482] INFO  block.BlockManagerImpl (BlockManagerImpl.java:allocateBlock(198)) - Could not find available pipeline of type:RATIS and factor:THREE even after retrying
2019-08-20 19:41:47,835 [IPC Server handler 0 on 36482] ERROR block.BlockManagerImpl (BlockManagerImpl.java:allocateBlock(222)) - Unable to allocate a block for the size: 4194304, type: RATIS, factor: THREE
2019-08-20 19:41:47,835 | INFO  | SCMAudit | user=jenkins1000 | ip=192.168.157.205 | op=ALLOCATE_BLOCK {owner=5f9a309f-ead1-42ef-8dc2-2395160dc6f2, size=4194304, type=RATIS, factor=THREE} | ret=SUCCESS |  
2019-08-20 19:41:47,845 | ERROR | OMAudit | user=jenkins1000 | ip=127.0.0.1 | op=ALLOCATE_KEY {volume=datanodefailurehandlingtest, bucket=datanodefailurehandlingtest, key=b163eb11-7e50-449a-8c9a-37711160d97d, dataSize=4194304, replicationType=RATIS, replicationFactor=THREE, keyLocationInfo=null} | ret=FAILURE | org.apache.hadoop.hdds.scm.exceptions.SCMException: Allocated 0 blocks. Requested 1 blocks
	at org.apache.hadoop.hdds.scm.protocolPB.ScmBlockLocationProtocolClientSideTranslatorPB.handleError(ScmBlockLocationProtocolClientSideTranslatorPB.java:118)
	at org.apache.hadoop.hdds.scm.protocolPB.ScmBlockLocationProtocolClientSideTranslatorPB.allocateBlock(ScmBlockLocationProtocolClientSideTranslatorPB.java:156) 
2019-08-20 19:41:47,852 [main] INFO  ozone.MiniOzoneClusterImpl (MiniOzoneClusterImpl.java:shutdown(321)) - Shutting down the Mini Ozone Cluster
2019-08-20 19:41:47,853 | INFO  | SCMAudit | user=null | ip=null | op=GET_SCM_INFO null | ret=SUCCESS |  
2019-08-20 19:41:47,853 [main] INFO  ozone.MiniOzoneClusterImpl (MiniOzoneClusterImpl.java:stop(336)) - Stopping the Mini Ozone Cluster
2019-08-20 19:41:47,853 [main] INFO  ozone.MiniOzoneClusterImpl (MiniOzoneClusterImpl.java:stop(338)) - Stopping the OzoneManager
2019-08-20 19:41:47,854 [main] INFO  ipc.Server (Server.java:stop(3082)) - Stopping server on 39630
2019-08-20 19:41:47,873 [IPC Server listener on 39630] INFO  ipc.Server (Server.java:run(1185)) - Stopping IPC Server listener on 39630
2019-08-20 19:41:47,877 [main] INFO  ratis.OzoneManagerDoubleBuffer (OzoneManagerDoubleBuffer.java:stop(248)) - Stopping OMDoubleBuffer flush thread
2019-08-20 19:41:47,883 [IPC Server Responder] INFO  ipc.Server (Server.java:run(1319)) - Stopping IPC Server Responder
2019-08-20 19:41:47,896 [OMDoubleBufferFlushThread] INFO  ratis.OzoneManagerDoubleBuffer (OzoneManagerDoubleBuffer.java:flushTransactions(191)) - OMDoubleBuffer flush thread OMDoubleBufferFlushThread is interrupted and will exit. OMDoubleBufferFlushThread
2019-08-20 19:41:47,899 | INFO  | SCMAudit | user=jenkins1000 | ip=192.168.157.205 | op=SEND_HEARTBEAT {datanodeUUID=8109623e-cc10-4f33-b553-5cc878b10d85, command=[]} | ret=SUCCESS |  
2019-08-20 19:41:47,899 [main] INFO  utils.BackgroundService (BackgroundService.java:shutdown(148)) - Shutting down service KeyDeletingService
2019-08-20 19:41:47,904 [main] INFO  handler.ContextHandler (ContextHandler.java:doStop(910)) - Stopped o.e.j.w.WebAppContext@250b236d{/,null,UNAVAILABLE}{/ozoneManager}
2019-08-20 19:41:47,911 [main] INFO  server.AbstractConnector (AbstractConnector.java:doStop(318)) - Stopped ServerConnector@61f3fbb8{HTTP/1.1,[http/1.1]}{0.0.0.0:0}
2019-08-20 19:41:47,911 [main] INFO  handler.ContextHandler (ContextHandler.java:doStop(910)) - Stopped o.e.j.s.ServletContextHandler@f8f56b9{/static,file:///workdir/hadoop-ozone/integration-test/target/test-classes/webapps/static,UNAVAILABLE}
2019-08-20 19:41:47,912 [main] INFO  handler.ContextHandler (ContextHandler.java:doStop(910)) - Stopped o.e.j.s.ServletContextHandler@4e628b52{/logs,file:///workdir/hadoop-ozone/integration-test/target/log,UNAVAILABLE}
2019-08-20 19:41:47,917 [main] INFO  ozone.MiniOzoneClusterImpl (MiniOzoneClusterImpl.java:stop(344)) - Shutting the HddsDatanodes
2019-08-20 19:41:47,918 [main] INFO  datanode.ObjectStoreHandler (ObjectStoreHandler.java:close(155)) - Closing ObjectStoreHandler.
2019-08-20 19:41:47,919 [ForkJoinPool.commonPool-worker-0] INFO  datanode.ObjectStoreHandler (ObjectStoreHandler.java:close(155)) - Closing ObjectStoreHandler.
2019-08-20 19:41:47,921 [main] INFO  ozone.HddsDatanodeService (HddsDatanodeService.java:stop(451)) - Stopped plug-in org.apache.hadoop.ozone.web.OzoneHddsDatanodeService@d9f5fce
2019-08-20 19:41:47,921 [ForkJoinPool.commonPool-worker-0] INFO  ozone.HddsDatanodeService (HddsDatanodeService.java:stop(451)) - Stopped plug-in org.apache.hadoop.ozone.web.OzoneHddsDatanodeService@53d6e959
2019-08-20 19:41:48,095 | INFO  | SCMAudit | user=jenkins1000 | ip=192.168.157.205 | op=SEND_HEARTBEAT {datanodeUUID=58cb59aa-46a6-4cbe-bb28-3c835a001716, command=[]} | ret=SUCCESS |  
2019-08-20 19:41:48,099 | INFO  | SCMAudit | user=jenkins1000 | ip=192.168.157.205 | op=SEND_HEARTBEAT {datanodeUUID=2bc3458d-469e-4a51-8672-7abe5768ce0e, command=[]} | ret=SUCCESS |  
2019-08-20 19:41:48,163 | INFO  | SCMAudit | user=jenkins1000 | ip=192.168.157.205 | op=SEND_HEARTBEAT {datanodeUUID=7e48a0a7-bde4-47b7-8ad8-7f749fa46a32, command=[]} | ret=SUCCESS |  
2019-08-20 19:41:48,167 | INFO  | SCMAudit | user=jenkins1000 | ip=192.168.157.205 | op=SEND_HEARTBEAT {datanodeUUID=0ddcad73-dd47-4236-bfae-d514011a99c3, command=[]} | ret=SUCCESS |  
2019-08-20 19:41:48,298 | INFO  | SCMAudit | user=jenkins1000 | ip=192.168.157.205 | op=SEND_HEARTBEAT {datanodeUUID=3a5f5f92-1fbc-4da9-891b-fb9af6a803f0, command=[]} | ret=SUCCESS |  
2019-08-20 19:41:48,340 | INFO  | SCMAudit | user=jenkins1000 | ip=192.168.157.205 | op=SEND_HEARTBEAT {datanodeUUID=a9286357-6b15-4043-a893-920ae835d3d2, command=[]} | ret=SUCCESS |  
2019-08-20 19:41:48,447 [Datanode State Machine Thread - 0] INFO  statemachine.DatanodeStateMachine (DatanodeStateMachine.java:lambda$startDaemon$0(350)) - Ozone container server started.
2019-08-20 19:41:48,549 [Datanode State Machine Thread - 0] INFO  statemachine.DatanodeStateMachine (DatanodeStateMachine.java:lambda$startDaemon$0(350)) - Ozone container server started.
2019-08-20 19:41:48,684 | INFO  | SCMAudit | user=jenkins1000 | ip=192.168.157.205 | op=SEND_HEARTBEAT {datanodeUUID=1eeec8c2-4c0f-4bc8-b0db-6391a5855575, command=[]} | ret=SUCCESS |  
2019-08-20 19:41:48,685 [pool-126-thread-1] INFO  storage.RaftStorageDirectory (RaftStorageDirectory.java:tryLock(328)) - Lock on /workdir/hadoop-ozone/integration-test/target/test-dir/MiniOzoneClusterImpl-e13e4b4c-a51c-41ed-96f1-bc31a3706be2/datanode-9/data/ratis/3075ad27-c966-413a-b68e-ca825b28539e/in_use.lock acquired by nodename 22599@pr-hdds-1927-n56ck-2550958449
2019-08-20 19:41:48,685 [pool-82-thread-1] INFO  storage.RaftStorageDirectory (RaftStorageDirectory.java:tryLock(328)) - Lock on /workdir/hadoop-ozone/integration-test/target/test-dir/MiniOzoneClusterImpl-e13e4b4c-a51c-41ed-96f1-bc31a3706be2/datanode-5/data/ratis/3075ad27-c966-413a-b68e-ca825b28539e/in_use.lock acquired by nodename 22599@pr-hdds-1927-n56ck-2550958449
2019-08-20 19:41:48,685 [pool-93-thread-1] INFO  storage.RaftStorageDirectory (RaftStorageDirectory.java:tryLock(328)) - Lock on /workdir/hadoop-ozone/integration-test/target/test-dir/MiniOzoneClusterImpl-e13e4b4c-a51c-41ed-96f1-bc31a3706be2/datanode-6/data/ratis/3075ad27-c966-413a-b68e-ca825b28539e/in_use.lock acquired by nodename 22599@pr-hdds-1927-n56ck-2550958449
2019-08-20 19:41:48,711 [pool-82-thread-1] INFO  storage.RaftStorage (RaftStorage.java:format(72)) - Storage directory /workdir/hadoop-ozone/integration-test/target/test-dir/MiniOzoneClusterImpl-e13e4b4c-a51c-41ed-96f1-bc31a3706be2/datanode-5/data/ratis/3075ad27-c966-413a-b68e-ca825b28539e has been successfully formatted.
2019-08-20 19:41:48,711 [pool-93-thread-1] INFO  storage.RaftStorage (RaftStorage.java:format(72)) - Storage directory /workdir/hadoop-ozone/integration-test/target/test-dir/MiniOzoneClusterImpl-e13e4b4c-a51c-41ed-96f1-bc31a3706be2/datanode-6/data/ratis/3075ad27-c966-413a-b68e-ca825b28539e has been successfully formatted.
2019-08-20 19:41:48,711 [pool-126-thread-1] INFO  storage.RaftStorage (RaftStorage.java:format(72)) - Storage directory /workdir/hadoop-ozone/integration-test/target/test-dir/MiniOzoneClusterImpl-e13e4b4c-a51c-41ed-96f1-bc31a3706be2/datanode-9/data/ratis/3075ad27-c966-413a-b68e-ca825b28539e has been successfully formatted.
2019-08-20 19:41:48,712 [pool-82-thread-1] INFO  ratis.ContainerStateMachine (ContainerStateMachine.java:loadSnapshot(222)) - group-CA825B28539E: The snapshot info is null. Setting the last applied indexto:(t:0, i:~)
2019-08-20 19:41:48,712 [pool-93-thread-1] INFO  ratis.ContainerStateMachine (ContainerStateMachine.java:loadSnapshot(222)) - group-CA825B28539E: The snapshot info is null. Setting the last applied indexto:(t:0, i:~)
2019-08-20 19:41:48,712 [pool-82-thread-1] INFO  server.RaftServerConfigKeys (ConfUtils.java:logGet(43)) - raft.server.leader.election.timeout = 120s (custom)
2019-08-20 19:41:48,713 [pool-93-thread-1] INFO  server.RaftServerConfigKeys (ConfUtils.java:logGet(43)) - raft.server.leader.election.timeout = 120s (custom)
2019-08-20 19:41:48,712 [pool-126-thread-1] INFO  ratis.ContainerStateMachine (ContainerStateMachine.java:loadSnapshot(222)) - group-CA825B28539E: The snapshot info is null. Setting the last applied indexto:(t:0, i:~)
2019-08-20 19:41:48,713 [pool-93-thread-1] INFO  server.RaftServerConfigKeys (ConfUtils.java:logGet(43)) - raft.server.log.use.memory = false (default)
2019-08-20 19:41:48,713 [pool-82-thread-1] INFO  server.RaftServerConfigKeys (ConfUtils.java:logGet(43)) - raft.server.log.use.memory = false (default)
2019-08-20 19:41:48,714 [pool-93-thread-1] INFO  server.RaftServerConfigKeys (ConfUtils.java:logGet(43)) - raft.server.log.purge.gap = 1000000 (custom)
2019-08-20 19:41:48,713 [pool-126-thread-1] INFO  server.RaftServerConfigKeys (ConfUtils.java:logGet(43)) - raft.server.leader.election.timeout = 120s (custom)
2019-08-20 19:41:48,714 [pool-93-thread-1] INFO  server.RaftServerConfigKeys (ConfUtils.java:logGet(43)) - raft.server.log.appender.buffer.byte-limit = 33554432 (custom)
2019-08-20 19:41:48,714 [pool-82-thread-1] INFO  server.RaftServerConfigKeys (ConfUtils.java:logGet(43)) - raft.server.log.purge.gap = 1000000 (custom)
2019-08-20 19:41:48,715 [pool-93-thread-1] INFO  server.RaftServerConfigKeys (ConfUtils.java:logGet(43)) - raft.server.log.segment.size.max = 1048576 (custom)
2019-08-20 19:41:48,714 [pool-126-thread-1] INFO  server.RaftServerConfigKeys (ConfUtils.java:logGet(43)) - raft.server.log.use.memory = false (default)
2019-08-20 19:41:48,715 [pool-93-thread-1] INFO  server.RaftServerConfigKeys (ConfUtils.java:logGet(43)) - raft.server.log.segment.cache.num.max = 2 (custom)
2019-08-20 19:41:48,715 [pool-82-thread-1] INFO  server.RaftServerConfigKeys (ConfUtils.java:logGet(43)) - raft.server.log.appender.buffer.byte-limit = 33554432 (custom)
2019-08-20 19:41:48,716 [pool-93-thread-1] INFO  segmented.SegmentedRaftLogWorker (SegmentedRaftLogWorker.java:<init>(172)) - new 1eeec8c2-4c0f-4bc8-b0db-6391a5855575-SegmentedRaftLogWorker:Storage Directory /workdir/hadoop-ozone/integration-test/target/test-dir/MiniOzoneClusterImpl-e13e4b4c-a51c-41ed-96f1-bc31a3706be2/datanode-6/data/ratis/3075ad27-c966-413a-b68e-ca825b28539e for RaftStorage:Storage Directory /workdir/hadoop-ozone/integration-test/target/test-dir/MiniOzoneClusterImpl-e13e4b4c-a51c-41ed-96f1-bc31a3706be2/datanode-6/data/ratis/3075ad27-c966-413a-b68e-ca825b28539e
2019-08-20 19:41:48,715 [pool-126-thread-1] INFO  server.RaftServerConfigKeys (ConfUtils.java:logGet(43)) - raft.server.log.purge.gap = 1000000 (custom)
2019-08-20 19:41:48,716 [pool-93-thread-1] INFO  server.RaftServerConfigKeys (ConfUtils.java:logGet(43)) - raft.server.log.queue.byte-limit = 2147483647 (custom)
2019-08-20 19:41:48,716 [pool-82-thread-1] INFO  server.RaftServerConfigKeys (ConfUtils.java:logGet(43)) - raft.server.log.segment.size.max = 1048576 (custom)
2019-08-20 19:41:48,721 [pool-93-thread-1] INFO  server.RaftServerConfigKeys (ConfUtils.java:logGet(43)) - raft.server.log.queue.element-limit = 1024 (custom)
2019-08-20 19:41:48,716 [pool-126-thread-1] INFO  server.RaftServerConfigKeys (ConfUtils.java:logGet(43)) - raft.server.log.appender.buffer.byte-limit = 33554432 (custom)
2019-08-20 19:41:48,722 [pool-93-thread-1] INFO  server.RaftServerConfigKeys (ConfUtils.java:logGet(43)) - raft.server.log.segment.size.max = 1048576 (custom)
2019-08-20 19:41:48,721 [pool-82-thread-1] INFO  server.RaftServerConfigKeys (ConfUtils.java:logGet(43)) - raft.server.log.segment.cache.num.max = 2 (custom)
2019-08-20 19:41:48,722 [pool-93-thread-1] INFO  server.RaftServerConfigKeys (ConfUtils.java:logGet(43)) - raft.server.log.preallocated.size = 16384 (custom)
2019-08-20 19:41:48,722 [pool-126-thread-1] INFO  server.RaftServerConfigKeys (ConfUtils.java:logGet(43)) - raft.server.log.segment.size.max = 1048576 (custom)
2019-08-20 19:41:48,723 [pool-93-thread-1] INFO  server.RaftServerConfigKeys (ConfUtils.java:logGet(43)) - raft.server.log.write.buffer.size = 33554432 (custom)
2019-08-20 19:41:48,722 [pool-82-thread-1] INFO  segmented.SegmentedRaftLogWorker (SegmentedRaftLogWorker.java:<init>(172)) - new ee8f8b66-a0a6-4ed9-8105-e31fb13b4287-SegmentedRaftLogWorker:Storage Directory /workdir/hadoop-ozone/integration-test/target/test-dir/MiniOzoneClusterImpl-e13e4b4c-a51c-41ed-96f1-bc31a3706be2/datanode-5/data/ratis/3075ad27-c966-413a-b68e-ca825b28539e for RaftStorage:Storage Directory /workdir/hadoop-ozone/integration-test/target/test-dir/MiniOzoneClusterImpl-e13e4b4c-a51c-41ed-96f1-bc31a3706be2/datanode-5/data/ratis/3075ad27-c966-413a-b68e-ca825b28539e
2019-08-20 19:41:48,723 [pool-93-thread-1] INFO  server.RaftServerConfigKeys (ConfUtils.java:logGet(43)) - raft.server.log.force.sync.num = 128 (default)
2019-08-20 19:41:48,723 [pool-126-thread-1] INFO  server.RaftServerConfigKeys (ConfUtils.java:logGet(43)) - raft.server.log.segment.cache.num.max = 2 (custom)
2019-08-20 19:41:48,723 [pool-93-thread-1] INFO  server.RaftServerConfigKeys (ConfUtils.java:logGet(43)) - raft.server.log.statemachine.data.sync = true (default)
2019-08-20 19:41:48,723 [pool-82-thread-1] INFO  server.RaftServerConfigKeys (ConfUtils.java:logGet(43)) - raft.server.log.queue.byte-limit = 2147483647 (custom)
2019-08-20 19:41:48,727 [pool-93-thread-1] INFO  server.RaftServerConfigKeys (ConfUtils.java:logGet(43)) - raft.server.log.statemachine.data.sync.timeout = 10s (default)
2019-08-20 19:41:48,727 [pool-126-thread-1] INFO  segmented.SegmentedRaftLogWorker (SegmentedRaftLogWorker.java:<init>(172)) - new 3a5f5f92-1fbc-4da9-891b-fb9af6a803f0-SegmentedRaftLogWorker:Storage Directory /workdir/hadoop-ozone/integration-test/target/test-dir/MiniOzoneClusterImpl-e13e4b4c-a51c-41ed-96f1-bc31a3706be2/datanode-9/data/ratis/3075ad27-c966-413a-b68e-ca825b28539e for RaftStorage:Storage Directory /workdir/hadoop-ozone/integration-test/target/test-dir/MiniOzoneClusterImpl-e13e4b4c-a51c-41ed-96f1-bc31a3706be2/datanode-9/data/ratis/3075ad27-c966-413a-b68e-ca825b28539e
2019-08-20 19:41:48,728 [pool-93-thread-1] INFO  server.RaftServerConfigKeys (ConfUtils.java:logGet(43)) - raft.server.log.statemachine.data.sync.timeout.retry = -1 (default)
2019-08-20 19:41:48,728 [pool-82-thread-1] INFO  server.RaftServerConfigKeys (ConfUtils.java:logGet(43)) - raft.server.log.queue.element-limit = 1024 (custom)
2019-08-20 19:41:48,731 [pool-93-thread-1] INFO  server.RaftServerConfigKeys (ConfUtils.java:logGet(43)) - raft.server.log.statemachine.data.caching.enabled = true (custom)
2019-08-20 19:41:48,728 [pool-126-thread-1] INFO  server.RaftServerConfigKeys (ConfUtils.java:logGet(43)) - raft.server.log.queue.byte-limit = 2147483647 (custom)
2019-08-20 19:41:48,731 [pool-82-thread-1] INFO  server.RaftServerConfigKeys (ConfUtils.java:logGet(43)) - raft.server.log.segment.size.max = 1048576 (custom)
2019-08-20 19:41:48,731 [pool-126-thread-1] INFO  server.RaftServerConfigKeys (ConfUtils.java:logGet(43)) - raft.server.log.queue.element-limit = 1024 (custom)
2019-08-20 19:41:48,731 [pool-93-thread-1] INFO  segmented.SegmentedRaftLogWorker (SegmentedRaftLogWorker.java:lambda$new$0(132)) - 1eeec8c2-4c0f-4bc8-b0db-6391a5855575-SegmentedRaftLogWorker:Storage Directory /workdir/hadoop-ozone/integration-test/target/test-dir/MiniOzoneClusterImpl-e13e4b4c-a51c-41ed-96f1-bc31a3706be2/datanode-6/data/ratis/3075ad27-c966-413a-b68e-ca825b28539e: flushIndex: setUnconditionally 0 -> -1
2019-08-20 19:41:48,731 [pool-82-thread-1] INFO  server.RaftServerConfigKeys (ConfUtils.java:logGet(43)) - raft.server.log.preallocated.size = 16384 (custom)
2019-08-20 19:41:48,732 [pool-126-thread-1] INFO  server.RaftServerConfigKeys (ConfUtils.java:logGet(43)) - raft.server.log.segment.size.max = 1048576 (custom)
2019-08-20 19:41:48,732 [pool-93-thread-1] INFO  server.RaftServerConfigKeys (ConfUtils.java:logGet(43)) - raft.server.snapshot.auto.trigger.enabled = true (custom)
2019-08-20 19:41:48,732 [pool-82-thread-1] INFO  server.RaftServerConfigKeys (ConfUtils.java:logGet(43)) - raft.server.log.write.buffer.size = 33554432 (custom)
2019-08-20 19:41:48,732 [pool-93-thread-1] INFO  server.RaftServerConfigKeys (ConfUtils.java:logGet(43)) - raft.server.snapshot.auto.trigger.threshold = 10000 (custom)
2019-08-20 19:41:48,732 [pool-126-thread-1] INFO  server.RaftServerConfigKeys (ConfUtils.java:logGet(43)) - raft.server.log.preallocated.size = 16384 (custom)
2019-08-20 19:41:48,733 [pool-93-thread-1] INFO  server.RaftServerConfigKeys (ConfUtils.java:logGet(43)) - raft.server.retrycache.expirytime = 600000ms (custom)
2019-08-20 19:41:48,733 [pool-82-thread-1] INFO  server.RaftServerConfigKeys (ConfUtils.java:logGet(43)) - raft.server.log.force.sync.num = 128 (default)
2019-08-20 19:41:48,733 [pool-126-thread-1] INFO  server.RaftServerConfigKeys (ConfUtils.java:logGet(43)) - raft.server.log.write.buffer.size = 33554432 (custom)
2019-08-20 19:41:48,733 [pool-82-thread-1] INFO  server.RaftServerConfigKeys (ConfUtils.java:logGet(43)) - raft.server.log.statemachine.data.sync = true (default)
2019-08-20 19:41:48,733 [pool-126-thread-1] INFO  server.RaftServerConfigKeys (ConfUtils.java:logGet(43)) - raft.server.log.force.sync.num = 128 (default)
2019-08-20 19:41:48,734 [pool-82-thread-1] INFO  server.RaftServerConfigKeys (ConfUtils.java:logGet(43)) - raft.server.log.statemachine.data.sync.timeout = 10s (default)
2019-08-20 19:41:48,734 [pool-126-thread-1] INFO  server.RaftServerConfigKeys (ConfUtils.java:logGet(43)) - raft.server.log.statemachine.data.sync = true (default)
2019-08-20 19:41:48,734 [pool-82-thread-1] INFO  server.RaftServerConfigKeys (ConfUtils.java:logGet(43)) - raft.server.log.statemachine.data.sync.timeout.retry = -1 (default)
2019-08-20 19:41:48,734 [pool-126-thread-1] INFO  server.RaftServerConfigKeys (ConfUtils.java:logGet(43)) - raft.server.log.statemachine.data.sync.timeout = 10s (default)
2019-08-20 19:41:48,734 [pool-82-thread-1] INFO  server.RaftServerConfigKeys (ConfUtils.java:logGet(43)) - raft.server.log.statemachine.data.caching.enabled = true (custom)
2019-08-20 19:41:48,735 [pool-126-thread-1] INFO  server.RaftServerConfigKeys (ConfUtils.java:logGet(43)) - raft.server.log.statemachine.data.sync.timeout.retry = -1 (default)
2019-08-20 19:41:48,735 [pool-126-thread-1] INFO  server.RaftServerConfigKeys (ConfUtils.java:logGet(43)) - raft.server.log.statemachine.data.caching.enabled = true (custom)
2019-08-20 19:41:48,735 [pool-82-thread-1] INFO  segmented.SegmentedRaftLogWorker (SegmentedRaftLogWorker.java:lambda$new$0(132)) - ee8f8b66-a0a6-4ed9-8105-e31fb13b4287-SegmentedRaftLogWorker:Storage Directory /workdir/hadoop-ozone/integration-test/target/test-dir/MiniOzoneClusterImpl-e13e4b4c-a51c-41ed-96f1-bc31a3706be2/datanode-5/data/ratis/3075ad27-c966-413a-b68e-ca825b28539e: flushIndex: setUnconditionally 0 -> -1
2019-08-20 19:41:48,735 [pool-126-thread-1] INFO  segmented.SegmentedRaftLogWorker (SegmentedRaftLogWorker.java:lambda$new$0(132)) - 3a5f5f92-1fbc-4da9-891b-fb9af6a803f0-SegmentedRaftLogWorker:Storage Directory /workdir/hadoop-ozone/integration-test/target/test-dir/MiniOzoneClusterImpl-e13e4b4c-a51c-41ed-96f1-bc31a3706be2/datanode-9/data/ratis/3075ad27-c966-413a-b68e-ca825b28539e: flushIndex: setUnconditionally 0 -> -1
2019-08-20 19:41:48,736 [pool-82-thread-1] INFO  server.RaftServerConfigKeys (ConfUtils.java:logGet(43)) - raft.server.snapshot.auto.trigger.enabled = true (custom)
2019-08-20 19:41:48,736 [pool-82-thread-1] INFO  server.RaftServerConfigKeys (ConfUtils.java:logGet(43)) - raft.server.snapshot.auto.trigger.threshold = 10000 (custom)
2019-08-20 19:41:48,736 [pool-126-thread-1] INFO  server.RaftServerConfigKeys (ConfUtils.java:logGet(43)) - raft.server.snapshot.auto.trigger.enabled = true (custom)
2019-08-20 19:41:48,736 [pool-82-thread-1] INFO  server.RaftServerConfigKeys (ConfUtils.java:logGet(43)) - raft.server.retrycache.expirytime = 600000ms (custom)
2019-08-20 19:41:48,736 [pool-126-thread-1] INFO  server.RaftServerConfigKeys (ConfUtils.java:logGet(43)) - raft.server.snapshot.auto.trigger.threshold = 10000 (custom)
2019-08-20 19:41:48,737 [pool-126-thread-1] INFO  server.RaftServerConfigKeys (ConfUtils.java:logGet(43)) - raft.server.retrycache.expirytime = 600000ms (custom)
2019-08-20 19:41:48,737 [pool-93-thread-1] INFO  impl.RaftServerImpl (RaftServerImpl.java:<init>(93)) - 1eeec8c2-4c0f-4bc8-b0db-6391a5855575: new RaftServerImpl for group-4BD28E86B1A9:[1eeec8c2-4c0f-4bc8-b0db-6391a5855575:192.168.157.205:39192, 3a5f5f92-1fbc-4da9-891b-fb9af6a803f0:192.168.157.205:37319, ee8f8b66-a0a6-4ed9-8105-e31fb13b4287:192.168.157.205:44060] with ContainerStateMachine:uninitialized
2019-08-20 19:41:48,737 [pool-93-thread-1] INFO  server.RaftServerConfigKeys (ConfUtils.java:logGet(43)) - raft.server.rpc.timeout.min = 1s (custom)
2019-08-20 19:41:48,737 [pool-93-thread-1] INFO  server.RaftServerConfigKeys (ConfUtils.java:logGet(43)) - raft.server.rpc.timeout.max = 1200ms (custom)
2019-08-20 19:41:48,738 [pool-93-thread-1] INFO  server.RaftServerConfigKeys (ConfUtils.java:logGet(43)) - raft.server.rpcslowness.timeout = 120s (custom)
2019-08-20 19:41:48,738 [pool-93-thread-1] INFO  server.RaftServerConfigKeys (ConfUtils.java:logGet(43)) - raft.server.sleep.deviation.threshold = 300 (default)
2019-08-20 19:41:48,738 [pool-93-thread-1] INFO  server.RaftServerConfigKeys (ConfUtils.java:logGet(43)) - raft.server.log.appender.install.snapshot.enabled = false (custom)
2019-08-20 19:41:48,738 [pool-93-thread-1] INFO  impl.RaftServerImpl (ServerState.java:<init>(105)) - 1eeec8c2-4c0f-4bc8-b0db-6391a5855575:group-4BD28E86B1A9 ConfigurationManager, init=-1: [1eeec8c2-4c0f-4bc8-b0db-6391a5855575:192.168.157.205:39192, 3a5f5f92-1fbc-4da9-891b-fb9af6a803f0:192.168.157.205:37319, ee8f8b66-a0a6-4ed9-8105-e31fb13b4287:192.168.157.205:44060], old=null, confs=<EMPTY_MAP>
2019-08-20 19:41:48,739 [pool-93-thread-1] INFO  server.RaftServerConfigKeys (ConfUtils.java:logGet(43)) - raft.server.storage.dir = [/workdir/hadoop-ozone/integration-test/target/test-dir/MiniOzoneClusterImpl-e13e4b4c-a51c-41ed-96f1-bc31a3706be2/datanode-6/data/ratis] (custom)
2019-08-20 19:41:48,739 [pool-126-thread-1] INFO  impl.RaftServerImpl (RaftServerImpl.java:<init>(93)) - 3a5f5f92-1fbc-4da9-891b-fb9af6a803f0: new RaftServerImpl for group-4BD28E86B1A9:[1eeec8c2-4c0f-4bc8-b0db-6391a5855575:192.168.157.205:39192, 3a5f5f92-1fbc-4da9-891b-fb9af6a803f0:192.168.157.205:37319, ee8f8b66-a0a6-4ed9-8105-e31fb13b4287:192.168.157.205:44060] with ContainerStateMachine:uninitialized
2019-08-20 19:41:48,739 [pool-126-thread-1] INFO  server.RaftServerConfigKeys (ConfUtils.java:logGet(43)) - raft.server.rpc.timeout.min = 1s (custom)
2019-08-20 19:41:48,739 [pool-93-thread-1] INFO  storage.RaftStorageDirectory (RaftStorageDirectory.java:analyzeStorage(246)) - The storage directory /workdir/hadoop-ozone/integration-test/target/test-dir/MiniOzoneClusterImpl-e13e4b4c-a51c-41ed-96f1-bc31a3706be2/datanode-6/data/ratis/b8a02491-4481-463c-9f11-4bd28e86b1a9 does not exist. Creating ...
2019-08-20 19:41:48,739 [pool-126-thread-1] INFO  server.RaftServerConfigKeys (ConfUtils.java:logGet(43)) - raft.server.rpc.timeout.max = 1200ms (custom)
2019-08-20 19:41:48,740 [pool-126-thread-1] INFO  server.RaftServerConfigKeys (ConfUtils.java:logGet(43)) - raft.server.rpcslowness.timeout = 120s (custom)
2019-08-20 19:41:48,740 [pool-126-thread-1] INFO  server.RaftServerConfigKeys (ConfUtils.java:logGet(43)) - raft.server.sleep.deviation.threshold = 300 (default)
2019-08-20 19:41:48,740 [pool-126-thread-1] INFO  server.RaftServerConfigKeys (ConfUtils.java:logGet(43)) - raft.server.log.appender.install.snapshot.enabled = false (custom)
2019-08-20 19:41:48,740 [pool-126-thread-1] INFO  impl.RaftServerImpl (ServerState.java:<init>(105)) - 3a5f5f92-1fbc-4da9-891b-fb9af6a803f0:group-4BD28E86B1A9 ConfigurationManager, init=-1: [1eeec8c2-4c0f-4bc8-b0db-6391a5855575:192.168.157.205:39192, 3a5f5f92-1fbc-4da9-891b-fb9af6a803f0:192.168.157.205:37319, ee8f8b66-a0a6-4ed9-8105-e31fb13b4287:192.168.157.205:44060], old=null, confs=<EMPTY_MAP>
2019-08-20 19:41:48,740 [pool-126-thread-1] INFO  server.RaftServerConfigKeys (ConfUtils.java:logGet(43)) - raft.server.storage.dir = [/workdir/hadoop-ozone/integration-test/target/test-dir/MiniOzoneClusterImpl-e13e4b4c-a51c-41ed-96f1-bc31a3706be2/datanode-9/data/ratis] (custom)
2019-08-20 19:41:48,741 [pool-82-thread-1] INFO  impl.RaftServerImpl (RaftServerImpl.java:<init>(93)) - ee8f8b66-a0a6-4ed9-8105-e31fb13b4287: new RaftServerImpl for group-4BD28E86B1A9:[1eeec8c2-4c0f-4bc8-b0db-6391a5855575:192.168.157.205:39192, 3a5f5f92-1fbc-4da9-891b-fb9af6a803f0:192.168.157.205:37319, ee8f8b66-a0a6-4ed9-8105-e31fb13b4287:192.168.157.205:44060] with ContainerStateMachine:uninitialized
2019-08-20 19:41:48,741 [pool-82-thread-1] INFO  server.RaftServerConfigKeys (ConfUtils.java:logGet(43)) - raft.server.rpc.timeout.min = 1s (custom)
2019-08-20 19:41:48,741 [pool-126-thread-1] INFO  storage.RaftStorageDirectory (RaftStorageDirectory.java:analyzeStorage(246)) - The storage directory /workdir/hadoop-ozone/integration-test/target/test-dir/MiniOzoneClusterImpl-e13e4b4c-a51c-41ed-96f1-bc31a3706be2/datanode-9/data/ratis/b8a02491-4481-463c-9f11-4bd28e86b1a9 does not exist. Creating ...
2019-08-20 19:41:48,741 [pool-82-thread-1] INFO  server.RaftServerConfigKeys (ConfUtils.java:logGet(43)) - raft.server.rpc.timeout.max = 1200ms (custom)
2019-08-20 19:41:48,741 [pool-82-thread-1] INFO  server.RaftServerConfigKeys (ConfUtils.java:logGet(43)) - raft.server.rpcslowness.timeout = 120s (custom)
2019-08-20 19:41:48,742 [pool-82-thread-1] INFO  server.RaftServerConfigKeys (ConfUtils.java:logGet(43)) - raft.server.sleep.deviation.threshold = 300 (default)
2019-08-20 19:41:48,742 [pool-82-thread-1] INFO  server.RaftServerConfigKeys (ConfUtils.java:logGet(43)) - raft.server.log.appender.install.snapshot.enabled = false (custom)
2019-08-20 19:41:48,742 [pool-82-thread-1] INFO  impl.RaftServerImpl (ServerState.java:<init>(105)) - ee8f8b66-a0a6-4ed9-8105-e31fb13b4287:group-4BD28E86B1A9 ConfigurationManager, init=-1: [1eeec8c2-4c0f-4bc8-b0db-6391a5855575:192.168.157.205:39192, 3a5f5f92-1fbc-4da9-891b-fb9af6a803f0:192.168.157.205:37319, ee8f8b66-a0a6-4ed9-8105-e31fb13b4287:192.168.157.205:44060], old=null, confs=<EMPTY_MAP>
2019-08-20 19:41:48,742 [pool-82-thread-1] INFO  server.RaftServerConfigKeys (ConfUtils.java:logGet(43)) - raft.server.storage.dir = [/workdir/hadoop-ozone/integration-test/target/test-dir/MiniOzoneClusterImpl-e13e4b4c-a51c-41ed-96f1-bc31a3706be2/datanode-5/data/ratis] (custom)
2019-08-20 19:41:48,743 [pool-82-thread-1] INFO  storage.RaftStorageDirectory (RaftStorageDirectory.java:analyzeStorage(246)) - The storage directory /workdir/hadoop-ozone/integration-test/target/test-dir/MiniOzoneClusterImpl-e13e4b4c-a51c-41ed-96f1-bc31a3706be2/datanode-5/data/ratis/b8a02491-4481-463c-9f11-4bd28e86b1a9 does not exist. Creating ...
2019-08-20 19:41:48,753 [pool-82-thread-1] INFO  storage.RaftStorageDirectory (RaftStorageDirectory.java:tryLock(328)) - Lock on /workdir/hadoop-ozone/integration-test/target/test-dir/MiniOzoneClusterImpl-e13e4b4c-a51c-41ed-96f1-bc31a3706be2/datanode-5/data/ratis/b8a02491-4481-463c-9f11-4bd28e86b1a9/in_use.lock acquired by nodename 22599@pr-hdds-1927-n56ck-2550958449
2019-08-20 19:41:48,753 [pool-93-thread-1] INFO  storage.RaftStorageDirectory (RaftStorageDirectory.java:tryLock(328)) - Lock on /workdir/hadoop-ozone/integration-test/target/test-dir/MiniOzoneClusterImpl-e13e4b4c-a51c-41ed-96f1-bc31a3706be2/datanode-6/data/ratis/b8a02491-4481-463c-9f11-4bd28e86b1a9/in_use.lock acquired by nodename 22599@pr-hdds-1927-n56ck-2550958449
2019-08-20 19:41:48,753 [pool-126-thread-1] INFO  storage.RaftStorageDirectory (RaftStorageDirectory.java:tryLock(328)) - Lock on /workdir/hadoop-ozone/integration-test/target/test-dir/MiniOzoneClusterImpl-e13e4b4c-a51c-41ed-96f1-bc31a3706be2/datanode-9/data/ratis/b8a02491-4481-463c-9f11-4bd28e86b1a9/in_use.lock acquired by nodename 22599@pr-hdds-1927-n56ck-2550958449
2019-08-20 19:41:48,783 [pool-126-thread-1] INFO  storage.RaftStorage (RaftStorage.java:format(72)) - Storage directory /workdir/hadoop-ozone/integration-test/target/test-dir/MiniOzoneClusterImpl-e13e4b4c-a51c-41ed-96f1-bc31a3706be2/datanode-9/data/ratis/b8a02491-4481-463c-9f11-4bd28e86b1a9 has been successfully formatted.
2019-08-20 19:41:48,783 [pool-82-thread-1] INFO  storage.RaftStorage (RaftStorage.java:format(72)) - Storage directory /workdir/hadoop-ozone/integration-test/target/test-dir/MiniOzoneClusterImpl-e13e4b4c-a51c-41ed-96f1-bc31a3706be2/datanode-5/data/ratis/b8a02491-4481-463c-9f11-4bd28e86b1a9 has been successfully formatted.
2019-08-20 19:41:48,783 [pool-126-thread-1] INFO  ratis.ContainerStateMachine (ContainerStateMachine.java:loadSnapshot(222)) - group-4BD28E86B1A9: The snapshot info is null. Setting the last applied indexto:(t:0, i:~)
2019-08-20 19:41:48,783 [pool-93-thread-1] INFO  storage.RaftStorage (RaftStorage.java:format(72)) - Storage directory /workdir/hadoop-ozone/integration-test/target/test-dir/MiniOzoneClusterImpl-e13e4b4c-a51c-41ed-96f1-bc31a3706be2/datanode-6/data/ratis/b8a02491-4481-463c-9f11-4bd28e86b1a9 has been successfully formatted.
2019-08-20 19:41:48,783 [pool-126-thread-1] INFO  server.RaftServerConfigKeys (ConfUtils.java:logGet(43)) - raft.server.leader.election.timeout = 120s (custom)
2019-08-20 19:41:48,783 [pool-82-thread-1] INFO  ratis.ContainerStateMachine (ContainerStateMachine.java:loadSnapshot(222)) - group-4BD28E86B1A9: The snapshot info is null. Setting the last applied indexto:(t:0, i:~)
2019-08-20 19:41:48,784 [pool-93-thread-1] INFO  ratis.ContainerStateMachine (ContainerStateMachine.java:loadSnapshot(222)) - group-4BD28E86B1A9: The snapshot info is null. Setting the last applied indexto:(t:0, i:~)
2019-08-20 19:41:48,784 [pool-126-thread-1] INFO  server.RaftServerConfigKeys (ConfUtils.java:logGet(43)) - raft.server.log.use.memory = false (default)
2019-08-20 19:41:48,784 [pool-93-thread-1] INFO  server.RaftServerConfigKeys (ConfUtils.java:logGet(43)) - raft.server.leader.election.timeout = 120s (custom)
2019-08-20 19:41:48,784 [pool-82-thread-1] INFO  server.RaftServerConfigKeys (ConfUtils.java:logGet(43)) - raft.server.leader.election.timeout = 120s (custom)
2019-08-20 19:41:48,785 [pool-93-thread-1] INFO  server.RaftServerConfigKeys (ConfUtils.java:logGet(43)) - raft.server.log.use.memory = false (default)
2019-08-20 19:41:48,784 [pool-126-thread-1] INFO  server.RaftServerConfigKeys (ConfUtils.java:logGet(43)) - raft.server.log.purge.gap = 1000000 (custom)
2019-08-20 19:41:48,785 [pool-93-thread-1] INFO  server.RaftServerConfigKeys (ConfUtils.java:logGet(43)) - raft.server.log.purge.gap = 1000000 (custom)
2019-08-20 19:41:48,785 [pool-82-thread-1] INFO  server.RaftServerConfigKeys (ConfUtils.java:logGet(43)) - raft.server.log.use.memory = false (default)
2019-08-20 19:41:48,785 [pool-93-thread-1] INFO  server.RaftServerConfigKeys (ConfUtils.java:logGet(43)) - raft.server.log.appender.buffer.byte-limit = 33554432 (custom)
2019-08-20 19:41:48,785 [pool-126-thread-1] INFO  server.RaftServerConfigKeys (ConfUtils.java:logGet(43)) - raft.server.log.appender.buffer.byte-limit = 33554432 (custom)
2019-08-20 19:41:48,786 [pool-93-thread-1] INFO  server.RaftServerConfigKeys (ConfUtils.java:logGet(43)) - raft.server.log.segment.size.max = 1048576 (custom)
2019-08-20 19:41:48,786 [pool-82-thread-1] INFO  server.RaftServerConfigKeys (ConfUtils.java:logGet(43)) - raft.server.log.purge.gap = 1000000 (custom)
2019-08-20 19:41:48,786 [pool-93-thread-1] INFO  server.RaftServerConfigKeys (ConfUtils.java:logGet(43)) - raft.server.log.segment.cache.num.max = 2 (custom)
2019-08-20 19:41:48,786 [pool-126-thread-1] INFO  server.RaftServerConfigKeys (ConfUtils.java:logGet(43)) - raft.server.log.segment.size.max = 1048576 (custom)
2019-08-20 19:41:48,787 [pool-93-thread-1] INFO  segmented.SegmentedRaftLogWorker (SegmentedRaftLogWorker.java:<init>(172)) - new 1eeec8c2-4c0f-4bc8-b0db-6391a5855575-SegmentedRaftLogWorker:Storage Directory /workdir/hadoop-ozone/integration-test/target/test-dir/MiniOzoneClusterImpl-e13e4b4c-a51c-41ed-96f1-bc31a3706be2/datanode-6/data/ratis/b8a02491-4481-463c-9f11-4bd28e86b1a9 for RaftStorage:Storage Directory /workdir/hadoop-ozone/integration-test/target/test-dir/MiniOzoneClusterImpl-e13e4b4c-a51c-41ed-96f1-bc31a3706be2/datanode-6/data/ratis/b8a02491-4481-463c-9f11-4bd28e86b1a9
2019-08-20 19:41:48,786 [pool-82-thread-1] INFO  server.RaftServerConfigKeys (ConfUtils.java:logGet(43)) - raft.server.log.appender.buffer.byte-limit = 33554432 (custom)
2019-08-20 19:41:48,787 [pool-93-thread-1] INFO  server.RaftServerConfigKeys (ConfUtils.java:logGet(43)) - raft.server.log.queue.byte-limit = 2147483647 (custom)
2019-08-20 19:41:48,787 [pool-126-thread-1] INFO  server.RaftServerConfigKeys (ConfUtils.java:logGet(43)) - raft.server.log.segment.cache.num.max = 2 (custom)
2019-08-20 19:41:48,791 [pool-93-thread-1] INFO  server.RaftServerConfigKeys (ConfUtils.java:logGet(43)) - raft.server.log.queue.element-limit = 1024 (custom)
2019-08-20 19:41:48,791 [pool-82-thread-1] INFO  server.RaftServerConfigKeys (ConfUtils.java:logGet(43)) - raft.server.log.segment.size.max = 1048576 (custom)
2019-08-20 19:41:48,791 [pool-93-thread-1] INFO  server.RaftServerConfigKeys (ConfUtils.java:logGet(43)) - raft.server.log.segment.size.max = 1048576 (custom)
2019-08-20 19:41:48,791 [pool-126-thread-1] INFO  segmented.SegmentedRaftLogWorker (SegmentedRaftLogWorker.java:<init>(172)) - new 3a5f5f92-1fbc-4da9-891b-fb9af6a803f0-SegmentedRaftLogWorker:Storage Directory /workdir/hadoop-ozone/integration-test/target/test-dir/MiniOzoneClusterImpl-e13e4b4c-a51c-41ed-96f1-bc31a3706be2/datanode-9/data/ratis/b8a02491-4481-463c-9f11-4bd28e86b1a9 for RaftStorage:Storage Directory /workdir/hadoop-ozone/integration-test/target/test-dir/MiniOzoneClusterImpl-e13e4b4c-a51c-41ed-96f1-bc31a3706be2/datanode-9/data/ratis/b8a02491-4481-463c-9f11-4bd28e86b1a9
2019-08-20 19:41:48,792 [pool-93-thread-1] INFO  server.RaftServerConfigKeys (ConfUtils.java:logGet(43)) - raft.server.log.preallocated.size = 16384 (custom)
2019-08-20 19:41:48,791 [pool-82-thread-1] INFO  server.RaftServerConfigKeys (ConfUtils.java:logGet(43)) - raft.server.log.segment.cache.num.max = 2 (custom)
2019-08-20 19:41:48,792 [pool-93-thread-1] INFO  server.RaftServerConfigKeys (ConfUtils.java:logGet(43)) - raft.server.log.write.buffer.size = 33554432 (custom)
2019-08-20 19:41:48,792 [pool-126-thread-1] INFO  server.RaftServerConfigKeys (ConfUtils.java:logGet(43)) - raft.server.log.queue.byte-limit = 2147483647 (custom)
2019-08-20 19:41:48,795 [pool-93-thread-1] INFO  server.RaftServerConfigKeys (ConfUtils.java:logGet(43)) - raft.server.log.force.sync.num = 128 (default)
2019-08-20 19:41:48,794 [pool-82-thread-1] INFO  segmented.SegmentedRaftLogWorker (SegmentedRaftLogWorker.java:<init>(172)) - new ee8f8b66-a0a6-4ed9-8105-e31fb13b4287-SegmentedRaftLogWorker:Storage Directory /workdir/hadoop-ozone/integration-test/target/test-dir/MiniOzoneClusterImpl-e13e4b4c-a51c-41ed-96f1-bc31a3706be2/datanode-5/data/ratis/b8a02491-4481-463c-9f11-4bd28e86b1a9 for RaftStorage:Storage Directory /workdir/hadoop-ozone/integration-test/target/test-dir/MiniOzoneClusterImpl-e13e4b4c-a51c-41ed-96f1-bc31a3706be2/datanode-5/data/ratis/b8a02491-4481-463c-9f11-4bd28e86b1a9
2019-08-20 19:41:48,795 [pool-93-thread-1] INFO  server.RaftServerConfigKeys (ConfUtils.java:logGet(43)) - raft.server.log.statemachine.data.sync = true (default)
2019-08-20 19:41:48,795 [pool-126-thread-1] INFO  server.RaftServerConfigKeys (ConfUtils.java:logGet(43)) - raft.server.log.queue.element-limit = 1024 (custom)
2019-08-20 19:41:48,798 [pool-93-thread-1] INFO  server.RaftServerConfigKeys (ConfUtils.java:logGet(43)) - raft.server.log.statemachine.data.sync.timeout = 10s (default)
2019-08-20 19:41:48,795 [pool-82-thread-1] INFO  server.RaftServerConfigKeys (ConfUtils.java:logGet(43)) - raft.server.log.queue.byte-limit = 2147483647 (custom)
2019-08-20 19:41:48,798 [pool-93-thread-1] INFO  server.RaftServerConfigKeys (ConfUtils.java:logGet(43)) - raft.server.log.statemachine.data.sync.timeout.retry = -1 (default)
2019-08-20 19:41:48,798 [pool-126-thread-1] INFO  server.RaftServerConfigKeys (ConfUtils.java:logGet(43)) - raft.server.log.segment.size.max = 1048576 (custom)
2019-08-20 19:41:48,799 [pool-93-thread-1] INFO  server.RaftServerConfigKeys (ConfUtils.java:logGet(43)) - raft.server.log.statemachine.data.caching.enabled = true (custom)
2019-08-20 19:41:48,798 [pool-82-thread-1] INFO  server.RaftServerConfigKeys (ConfUtils.java:logGet(43)) - raft.server.log.queue.element-limit = 1024 (custom)
2019-08-20 19:41:48,799 [pool-126-thread-1] INFO  server.RaftServerConfigKeys (ConfUtils.java:logGet(43)) - raft.server.log.preallocated.size = 16384 (custom)
2019-08-20 19:41:48,799 [pool-82-thread-1] INFO  server.RaftServerConfigKeys (ConfUtils.java:logGet(43)) - raft.server.log.segment.size.max = 1048576 (custom)
2019-08-20 19:41:48,799 [pool-93-thread-1] INFO  segmented.SegmentedRaftLogWorker (SegmentedRaftLogWorker.java:lambda$new$0(132)) - 1eeec8c2-4c0f-4bc8-b0db-6391a5855575-SegmentedRaftLogWorker:Storage Directory /workdir/hadoop-ozone/integration-test/target/test-dir/MiniOzoneClusterImpl-e13e4b4c-a51c-41ed-96f1-bc31a3706be2/datanode-6/data/ratis/b8a02491-4481-463c-9f11-4bd28e86b1a9: flushIndex: setUnconditionally 0 -> -1
2019-08-20 19:41:48,799 [pool-82-thread-1] INFO  server.RaftServerConfigKeys (ConfUtils.java:logGet(43)) - raft.server.log.preallocated.size = 16384 (custom)
2019-08-20 19:41:48,799 [pool-126-thread-1] INFO  server.RaftServerConfigKeys (ConfUtils.java:logGet(43)) - raft.server.log.write.buffer.size = 33554432 (custom)
2019-08-20 19:41:48,800 [pool-93-thread-1] INFO  server.RaftServerConfigKeys (ConfUtils.java:logGet(43)) - raft.server.snapshot.auto.trigger.enabled = true (custom)
2019-08-20 19:41:48,800 [pool-82-thread-1] INFO  server.RaftServerConfigKeys (ConfUtils.java:logGet(43)) - raft.server.log.write.buffer.size = 33554432 (custom)
2019-08-20 19:41:48,800 [pool-93-thread-1] INFO  server.RaftServerConfigKeys (ConfUtils.java:logGet(43)) - raft.server.snapshot.auto.trigger.threshold = 10000 (custom)
2019-08-20 19:41:48,800 [pool-126-thread-1] INFO  server.RaftServerConfigKeys (ConfUtils.java:logGet(43)) - raft.server.log.force.sync.num = 128 (default)
2019-08-20 19:41:48,801 [pool-93-thread-1] INFO  server.RaftServerConfigKeys (ConfUtils.java:logGet(43)) - raft.server.retrycache.expirytime = 600000ms (custom)
2019-08-20 19:41:48,800 [pool-82-thread-1] INFO  server.RaftServerConfigKeys (ConfUtils.java:logGet(43)) - raft.server.log.force.sync.num = 128 (default)
2019-08-20 19:41:48,801 [pool-93-thread-1] INFO  impl.RaftServerImpl (RaftServerImpl.java:start(180)) - 1eeec8c2-4c0f-4bc8-b0db-6391a5855575: start group-78F196AB2FA0
2019-08-20 19:41:48,801 [pool-126-thread-1] INFO  server.RaftServerConfigKeys (ConfUtils.java:logGet(43)) - raft.server.log.statemachine.data.sync = true (default)
2019-08-20 19:41:48,801 [pool-93-thread-1] INFO  impl.RaftServerImpl (RaftServerImpl.java:setRole(171)) - 1eeec8c2-4c0f-4bc8-b0db-6391a5855575:group-78F196AB2FA0 changes role from null to FOLLOWER at term 0 for startAsFollower
2019-08-20 19:41:48,801 [pool-82-thread-1] INFO  server.RaftServerConfigKeys (ConfUtils.java:logGet(43)) - raft.server.log.statemachine.data.sync = true (default)
2019-08-20 19:41:48,802 [pool-93-thread-1] INFO  impl.RoleInfo (RoleInfo.java:updateAndGet(143)) - 1eeec8c2-4c0f-4bc8-b0db-6391a5855575: start FollowerState
2019-08-20 19:41:48,801 [pool-126-thread-1] INFO  server.RaftServerConfigKeys (ConfUtils.java:logGet(43)) - raft.server.log.statemachine.data.sync.timeout = 10s (default)
2019-08-20 19:41:48,802 [pool-82-thread-1] INFO  server.RaftServerConfigKeys (ConfUtils.java:logGet(43)) - raft.server.log.statemachine.data.sync.timeout = 10s (default)
2019-08-20 19:41:48,802 [pool-126-thread-1] INFO  server.RaftServerConfigKeys (ConfUtils.java:logGet(43)) - raft.server.log.statemachine.data.sync.timeout.retry = -1 (default)
2019-08-20 19:41:48,802 [pool-93-thread-1] INFO  util.JmxRegister (JmxRegister.java:tryRegister(44)) - Successfully registered JMX Bean with object name Ratis:service=RaftServer,group=group-78F196AB2FA0,id=1eeec8c2-4c0f-4bc8-b0db-6391a5855575
2019-08-20 19:41:48,802 [pool-82-thread-1] INFO  server.RaftServerConfigKeys (ConfUtils.java:logGet(43)) - raft.server.log.statemachine.data.sync.timeout.retry = -1 (default)
2019-08-20 19:41:48,803 [pool-126-thread-1] INFO  server.RaftServerConfigKeys (ConfUtils.java:logGet(43)) - raft.server.log.statemachine.data.caching.enabled = true (custom)
2019-08-20 19:41:48,803 [pool-82-thread-1] INFO  server.RaftServerConfigKeys (ConfUtils.java:logGet(43)) - raft.server.log.statemachine.data.caching.enabled = true (custom)
2019-08-20 19:41:48,803 [pool-126-thread-1] INFO  segmented.SegmentedRaftLogWorker (SegmentedRaftLogWorker.java:lambda$new$0(132)) - 3a5f5f92-1fbc-4da9-891b-fb9af6a803f0-SegmentedRaftLogWorker:Storage Directory /workdir/hadoop-ozone/integration-test/target/test-dir/MiniOzoneClusterImpl-e13e4b4c-a51c-41ed-96f1-bc31a3706be2/datanode-9/data/ratis/b8a02491-4481-463c-9f11-4bd28e86b1a9: flushIndex: setUnconditionally 0 -> -1
2019-08-20 19:41:48,803 [pool-82-thread-1] INFO  segmented.SegmentedRaftLogWorker (SegmentedRaftLogWorker.java:lambda$new$0(132)) - ee8f8b66-a0a6-4ed9-8105-e31fb13b4287-SegmentedRaftLogWorker:Storage Directory /workdir/hadoop-ozone/integration-test/target/test-dir/MiniOzoneClusterImpl-e13e4b4c-a51c-41ed-96f1-bc31a3706be2/datanode-5/data/ratis/b8a02491-4481-463c-9f11-4bd28e86b1a9: flushIndex: setUnconditionally 0 -> -1
2019-08-20 19:41:48,803 [pool-93-thread-1] INFO  impl.RaftServerImpl (RaftServerImpl.java:start(180)) - 1eeec8c2-4c0f-4bc8-b0db-6391a5855575: start group-CA825B28539E
2019-08-20 19:41:48,804 [pool-126-thread-1] INFO  server.RaftServerConfigKeys (ConfUtils.java:logGet(43)) - raft.server.snapshot.auto.trigger.enabled = true (custom)
2019-08-20 19:41:48,804 [pool-82-thread-1] INFO  server.RaftServerConfigKeys (ConfUtils.java:logGet(43)) - raft.server.snapshot.auto.trigger.enabled = true (custom)
2019-08-20 19:41:48,804 [pool-93-thread-1] INFO  impl.RaftServerImpl (RaftServerImpl.java:setRole(171)) - 1eeec8c2-4c0f-4bc8-b0db-6391a5855575:group-CA825B28539E changes role from null to FOLLOWER at term 0 for startAsFollower
2019-08-20 19:41:48,804 [pool-82-thread-1] INFO  server.RaftServerConfigKeys (ConfUtils.java:logGet(43)) - raft.server.snapshot.auto.trigger.threshold = 10000 (custom)
2019-08-20 19:41:48,804 [pool-126-thread-1] INFO  server.RaftServerConfigKeys (ConfUtils.java:logGet(43)) - raft.server.snapshot.auto.trigger.threshold = 10000 (custom)
2019-08-20 19:41:48,805 [pool-82-thread-1] INFO  server.RaftServerConfigKeys (ConfUtils.java:logGet(43)) - raft.server.retrycache.expirytime = 600000ms (custom)
2019-08-20 19:41:48,804 [pool-93-thread-1] INFO  impl.RoleInfo (RoleInfo.java:updateAndGet(143)) - 1eeec8c2-4c0f-4bc8-b0db-6391a5855575: start FollowerState
2019-08-20 19:41:48,805 [pool-82-thread-1] INFO  impl.RaftServerImpl (RaftServerImpl.java:start(180)) - ee8f8b66-a0a6-4ed9-8105-e31fb13b4287: start group-78F196AB2FA0
2019-08-20 19:41:48,805 [pool-126-thread-1] INFO  server.RaftServerConfigKeys (ConfUtils.java:logGet(43)) - raft.server.retrycache.expirytime = 600000ms (custom)
2019-08-20 19:41:48,805 [pool-82-thread-1] INFO  impl.RaftServerImpl (RaftServerImpl.java:setRole(171)) - ee8f8b66-a0a6-4ed9-8105-e31fb13b4287:group-78F196AB2FA0 changes role from null to FOLLOWER at term 0 for startAsFollower
2019-08-20 19:41:48,805 [pool-126-thread-1] INFO  impl.RaftServerImpl (RaftServerImpl.java:start(180)) - 3a5f5f92-1fbc-4da9-891b-fb9af6a803f0: start group-78F196AB2FA0
2019-08-20 19:41:48,805 [pool-93-thread-1] INFO  util.JmxRegister (JmxRegister.java:tryRegister(44)) - Successfully registered JMX Bean with object name Ratis:service=RaftServer,group=group-CA825B28539E,id=1eeec8c2-4c0f-4bc8-b0db-6391a5855575
2019-08-20 19:41:48,805 [pool-126-thread-1] INFO  impl.RaftServerImpl (RaftServerImpl.java:setRole(171)) - 3a5f5f92-1fbc-4da9-891b-fb9af6a803f0:group-78F196AB2FA0 changes role from null to FOLLOWER at term 0 for startAsFollower
2019-08-20 19:41:48,805 [pool-82-thread-1] INFO  impl.RoleInfo (RoleInfo.java:updateAndGet(143)) - ee8f8b66-a0a6-4ed9-8105-e31fb13b4287: start FollowerState
2019-08-20 19:41:48,806 [pool-126-thread-1] INFO  impl.RoleInfo (RoleInfo.java:updateAndGet(143)) - 3a5f5f92-1fbc-4da9-891b-fb9af6a803f0: start FollowerState
2019-08-20 19:41:48,806 [pool-93-thread-1] INFO  impl.RaftServerImpl (RaftServerImpl.java:start(180)) - 1eeec8c2-4c0f-4bc8-b0db-6391a5855575: start group-4BD28E86B1A9
2019-08-20 19:41:48,806 [pool-93-thread-1] INFO  impl.RaftServerImpl (RaftServerImpl.java:setRole(171)) - 1eeec8c2-4c0f-4bc8-b0db-6391a5855575:group-4BD28E86B1A9 changes role from null to FOLLOWER at term 0 for startAsFollower
2019-08-20 19:41:48,807 [pool-126-thread-1] INFO  util.JmxRegister (JmxRegister.java:tryRegister(44)) - Successfully registered JMX Bean with object name Ratis:service=RaftServer,group=group-78F196AB2FA0,id=3a5f5f92-1fbc-4da9-891b-fb9af6a803f0
2019-08-20 19:41:48,806 [pool-82-thread-1] INFO  util.JmxRegister (JmxRegister.java:tryRegister(44)) - Successfully registered JMX Bean with object name Ratis:service=RaftServer,group=group-78F196AB2FA0,id=ee8f8b66-a0a6-4ed9-8105-e31fb13b4287
2019-08-20 19:41:48,807 [pool-93-thread-1] INFO  impl.RoleInfo (RoleInfo.java:updateAndGet(143)) - 1eeec8c2-4c0f-4bc8-b0db-6391a5855575: start FollowerState
2019-08-20 19:41:48,807 [pool-126-thread-1] INFO  impl.RaftServerImpl (RaftServerImpl.java:start(180)) - 3a5f5f92-1fbc-4da9-891b-fb9af6a803f0: start group-CA825B28539E
2019-08-20 19:41:48,807 [pool-126-thread-1] INFO  impl.RaftServerImpl (RaftServerImpl.java:setRole(171)) - 3a5f5f92-1fbc-4da9-891b-fb9af6a803f0:group-CA825B28539E changes role from null to FOLLOWER at term 0 for startAsFollower
2019-08-20 19:41:48,808 [pool-126-thread-1] INFO  impl.RoleInfo (RoleInfo.java:updateAndGet(143)) - 3a5f5f92-1fbc-4da9-891b-fb9af6a803f0: start FollowerState
2019-08-20 19:41:48,808 [pool-93-thread-1] INFO  util.JmxRegister (JmxRegister.java:tryRegister(44)) - Successfully registered JMX Bean with object name Ratis:service=RaftServer,group=group-4BD28E86B1A9,id=1eeec8c2-4c0f-4bc8-b0db-6391a5855575
2019-08-20 19:41:48,808 [pool-82-thread-1] INFO  impl.RaftServerImpl (RaftServerImpl.java:start(180)) - ee8f8b66-a0a6-4ed9-8105-e31fb13b4287: start group-CA825B28539E
2019-08-20 19:41:48,808 [pool-82-thread-1] INFO  impl.RaftServerImpl (RaftServerImpl.java:setRole(171)) - ee8f8b66-a0a6-4ed9-8105-e31fb13b4287:group-CA825B28539E changes role from null to FOLLOWER at term 0 for startAsFollower
2019-08-20 19:41:48,808 [pool-126-thread-1] INFO  util.JmxRegister (JmxRegister.java:tryRegister(44)) - Successfully registered JMX Bean with object name Ratis:service=RaftServer,group=group-CA825B28539E,id=3a5f5f92-1fbc-4da9-891b-fb9af6a803f0
2019-08-20 19:41:48,808 [pool-82-thread-1] INFO  impl.RoleInfo (RoleInfo.java:updateAndGet(143)) - ee8f8b66-a0a6-4ed9-8105-e31fb13b4287: start FollowerState
2019-08-20 19:41:48,809 [pool-126-thread-1] INFO  impl.RaftServerImpl (RaftServerImpl.java:start(180)) - 3a5f5f92-1fbc-4da9-891b-fb9af6a803f0: start group-4BD28E86B1A9
2019-08-20 19:41:48,809 [pool-82-thread-1] INFO  util.JmxRegister (JmxRegister.java:tryRegister(44)) - Successfully registered JMX Bean with object name Ratis:service=RaftServer,group=group-CA825B28539E,id=ee8f8b66-a0a6-4ed9-8105-e31fb13b4287
2019-08-20 19:41:48,809 [pool-126-thread-1] INFO  impl.RaftServerImpl (RaftServerImpl.java:setRole(171)) - 3a5f5f92-1fbc-4da9-891b-fb9af6a803f0:group-4BD28E86B1A9 changes role from null to FOLLOWER at term 0 for startAsFollower
2019-08-20 19:41:48,809 [pool-126-thread-1] INFO  impl.RoleInfo (RoleInfo.java:updateAndGet(143)) - 3a5f5f92-1fbc-4da9-891b-fb9af6a803f0: start FollowerState
2019-08-20 19:41:48,810 [pool-82-thread-1] INFO  impl.RaftServerImpl (RaftServerImpl.java:start(180)) - ee8f8b66-a0a6-4ed9-8105-e31fb13b4287: start group-4BD28E86B1A9
2019-08-20 19:41:48,810 [pool-82-thread-1] INFO  impl.RaftServerImpl (RaftServerImpl.java:setRole(171)) - ee8f8b66-a0a6-4ed9-8105-e31fb13b4287:group-4BD28E86B1A9 changes role from null to FOLLOWER at term 0 for startAsFollower
2019-08-20 19:41:48,810 [pool-126-thread-1] INFO  util.JmxRegister (JmxRegister.java:tryRegister(44)) - Successfully registered JMX Bean with object name Ratis:service=RaftServer,group=group-4BD28E86B1A9,id=3a5f5f92-1fbc-4da9-891b-fb9af6a803f0
2019-08-20 19:41:48,810 [pool-82-thread-1] INFO  impl.RoleInfo (RoleInfo.java:updateAndGet(143)) - ee8f8b66-a0a6-4ed9-8105-e31fb13b4287: start FollowerState
2019-08-20 19:41:48,811 [pool-82-thread-1] INFO  util.JmxRegister (JmxRegister.java:tryRegister(44)) - Successfully registered JMX Bean with object name Ratis:service=RaftServer,group=group-4BD28E86B1A9,id=ee8f8b66-a0a6-4ed9-8105-e31fb13b4287
2019-08-20 19:41:48,894 | INFO  | SCMAudit | user=jenkins1000 | ip=192.168.157.205 | op=SEND_HEARTBEAT {datanodeUUID=8109623e-cc10-4f33-b553-5cc878b10d85, command=[]} | ret=SUCCESS |  
2019-08-20 19:41:49,095 | INFO  | SCMAudit | user=jenkins1000 | ip=192.168.157.205 | op=SEND_HEARTBEAT {datanodeUUID=58cb59aa-46a6-4cbe-bb28-3c835a001716, command=[]} | ret=SUCCESS |  
2019-08-20 19:41:49,099 | INFO  | SCMAudit | user=jenkins1000 | ip=192.168.157.205 | op=SEND_HEARTBEAT {datanodeUUID=2bc3458d-469e-4a51-8672-7abe5768ce0e, command=[]} | ret=SUCCESS |  
2019-08-20 19:41:49,163 | INFO  | SCMAudit | user=jenkins1000 | ip=192.168.157.205 | op=SEND_HEARTBEAT {datanodeUUID=7e48a0a7-bde4-47b7-8ad8-7f749fa46a32, command=[]} | ret=SUCCESS |  
2019-08-20 19:41:49,167 | INFO  | SCMAudit | user=jenkins1000 | ip=192.168.157.205 | op=SEND_HEARTBEAT {datanodeUUID=0ddcad73-dd47-4236-bfae-d514011a99c3, command=[]} | ret=SUCCESS |  
2019-08-20 19:41:49,297 | INFO  | SCMAudit | user=jenkins1000 | ip=192.168.157.205 | op=SEND_HEARTBEAT {datanodeUUID=3a5f5f92-1fbc-4da9-891b-fb9af6a803f0, command=[]} | ret=SUCCESS |  
2019-08-20 19:41:49,340 | INFO  | SCMAudit | user=jenkins1000 | ip=192.168.157.205 | op=SEND_HEARTBEAT {datanodeUUID=a9286357-6b15-4043-a893-920ae835d3d2, command=[]} | ret=SUCCESS |  
2019-08-20 19:41:49,683 | INFO  | SCMAudit | user=jenkins1000 | ip=192.168.157.205 | op=SEND_HEARTBEAT {datanodeUUID=1eeec8c2-4c0f-4bc8-b0db-6391a5855575, command=[]} | ret=SUCCESS |  
2019-08-20 19:41:49,811 [Thread-356] INFO  impl.FollowerState (FollowerState.java:run(106)) - 3a5f5f92-1fbc-4da9-891b-fb9af6a803f0:group-CA825B28539E changes to CANDIDATE, lastRpcTime:1003, electionTimeout:1003ms
2019-08-20 19:41:49,812 [Thread-356] INFO  impl.RoleInfo (RoleInfo.java:shutdownFollowerState(121)) - 3a5f5f92-1fbc-4da9-891b-fb9af6a803f0: shutdown FollowerState
2019-08-20 19:41:49,812 [Thread-356] INFO  impl.RaftServerImpl (RaftServerImpl.java:setRole(171)) - 3a5f5f92-1fbc-4da9-891b-fb9af6a803f0:group-CA825B28539E changes role from FOLLOWER to CANDIDATE at term 0 for changeToCandidate
2019-08-20 19:41:49,812 [Thread-356] INFO  impl.RoleInfo (RoleInfo.java:updateAndGet(143)) - 3a5f5f92-1fbc-4da9-891b-fb9af6a803f0: start LeaderElection
2019-08-20 19:41:49,819 [Thread-350] INFO  impl.FollowerState (FollowerState.java:run(106)) - ee8f8b66-a0a6-4ed9-8105-e31fb13b4287:group-78F196AB2FA0 changes to CANDIDATE, lastRpcTime:1011, electionTimeout:1008ms
2019-08-20 19:41:49,821 [Thread-350] INFO  impl.RoleInfo (RoleInfo.java:shutdownFollowerState(121)) - ee8f8b66-a0a6-4ed9-8105-e31fb13b4287: shutdown FollowerState
2019-08-20 19:41:49,821 [Thread-350] INFO  impl.RaftServerImpl (RaftServerImpl.java:setRole(171)) - ee8f8b66-a0a6-4ed9-8105-e31fb13b4287:group-78F196AB2FA0 changes role from FOLLOWER to CANDIDATE at term 0 for changeToCandidate
2019-08-20 19:41:49,821 [Thread-350] INFO  impl.RoleInfo (RoleInfo.java:updateAndGet(143)) - ee8f8b66-a0a6-4ed9-8105-e31fb13b4287: start LeaderElection
2019-08-20 19:41:49,836 [Thread-347] INFO  impl.FollowerState (FollowerState.java:run(106)) - 1eeec8c2-4c0f-4bc8-b0db-6391a5855575:group-CA825B28539E changes to CANDIDATE, lastRpcTime:1031, electionTimeout:1031ms
2019-08-20 19:41:49,836 [Thread-347] INFO  impl.RoleInfo (RoleInfo.java:shutdownFollowerState(121)) - 1eeec8c2-4c0f-4bc8-b0db-6391a5855575: shutdown FollowerState
2019-08-20 19:41:49,837 [Thread-347] INFO  impl.RaftServerImpl (RaftServerImpl.java:setRole(171)) - 1eeec8c2-4c0f-4bc8-b0db-6391a5855575:group-CA825B28539E changes role from FOLLOWER to CANDIDATE at term 0 for changeToCandidate
2019-08-20 19:41:49,837 [Thread-347] INFO  impl.RoleInfo (RoleInfo.java:updateAndGet(143)) - 1eeec8c2-4c0f-4bc8-b0db-6391a5855575: start LeaderElection
2019-08-20 19:41:49,843 [ee8f8b66-a0a6-4ed9-8105-e31fb13b4287:group-78F196AB2FA0:LeaderElection12] INFO  impl.LeaderElection (LeaderElection.java:askForVotes(181)) - ee8f8b66-a0a6-4ed9-8105-e31fb13b4287:group-78F196AB2FA0:LeaderElection12: begin an election at term 1 for -1: [1eeec8c2-4c0f-4bc8-b0db-6391a5855575:192.168.157.205:39192, 3a5f5f92-1fbc-4da9-891b-fb9af6a803f0:192.168.157.205:37319, ee8f8b66-a0a6-4ed9-8105-e31fb13b4287:192.168.157.205:44060], old=null
2019-08-20 19:41:49,843 [3a5f5f92-1fbc-4da9-891b-fb9af6a803f0:group-CA825B28539E:LeaderElection11] INFO  impl.LeaderElection (LeaderElection.java:askForVotes(181)) - 3a5f5f92-1fbc-4da9-891b-fb9af6a803f0:group-CA825B28539E:LeaderElection11: begin an election at term 1 for -1: [1eeec8c2-4c0f-4bc8-b0db-6391a5855575:192.168.157.205:39192, 3a5f5f92-1fbc-4da9-891b-fb9af6a803f0:192.168.157.205:37319, ee8f8b66-a0a6-4ed9-8105-e31fb13b4287:192.168.157.205:44060], old=null
2019-08-20 19:41:49,865 [1eeec8c2-4c0f-4bc8-b0db-6391a5855575:group-CA825B28539E:LeaderElection13] INFO  impl.LeaderElection (LeaderElection.java:askForVotes(181)) - 1eeec8c2-4c0f-4bc8-b0db-6391a5855575:group-CA825B28539E:LeaderElection13: begin an election at term 1 for -1: [1eeec8c2-4c0f-4bc8-b0db-6391a5855575:192.168.157.205:39192, 3a5f5f92-1fbc-4da9-891b-fb9af6a803f0:192.168.157.205:37319, ee8f8b66-a0a6-4ed9-8105-e31fb13b4287:192.168.157.205:44060], old=null
2019-08-20 19:41:49,895 [Thread-353] INFO  impl.FollowerState (FollowerState.java:run(106)) - 1eeec8c2-4c0f-4bc8-b0db-6391a5855575:group-4BD28E86B1A9 changes to CANDIDATE, lastRpcTime:1088, electionTimeout:1086ms
2019-08-20 19:41:49,895 [Thread-353] INFO  impl.RoleInfo (RoleInfo.java:shutdownFollowerState(121)) - 1eeec8c2-4c0f-4bc8-b0db-6391a5855575: shutdown FollowerState
2019-08-20 19:41:49,895 [Thread-353] INFO  impl.RaftServerImpl (RaftServerImpl.java:setRole(171)) - 1eeec8c2-4c0f-4bc8-b0db-6391a5855575:group-4BD28E86B1A9 changes role from FOLLOWER to CANDIDATE at term 0 for changeToCandidate
2019-08-20 19:41:49,896 [Thread-353] INFO  impl.RoleInfo (RoleInfo.java:updateAndGet(143)) - 1eeec8c2-4c0f-4bc8-b0db-6391a5855575: start LeaderElection
2019-08-20 19:41:49,896 | INFO  | SCMAudit | user=jenkins1000 | ip=192.168.157.205 | op=SEND_HEARTBEAT {datanodeUUID=8109623e-cc10-4f33-b553-5cc878b10d85, command=[]} | ret=SUCCESS |  
2019-08-20 19:41:49,907 [grpc-default-executor-3] INFO  impl.RaftServerImpl (RaftServerImpl.java:setRole(171)) - 1eeec8c2-4c0f-4bc8-b0db-6391a5855575:group-78F196AB2FA0 changes role from FOLLOWER to FOLLOWER at term 1 for recognizeCandidate:ee8f8b66-a0a6-4ed9-8105-e31fb13b4287
2019-08-20 19:41:49,907 [grpc-default-executor-2] INFO  impl.RaftServerImpl (RaftServerImpl.java:setRole(171)) - ee8f8b66-a0a6-4ed9-8105-e31fb13b4287:group-CA825B28539E changes role from FOLLOWER to FOLLOWER at term 1 for recognizeCandidate:3a5f5f92-1fbc-4da9-891b-fb9af6a803f0
2019-08-20 19:41:49,907 [grpc-default-executor-3] INFO  impl.RoleInfo (RoleInfo.java:shutdownFollowerState(121)) - 1eeec8c2-4c0f-4bc8-b0db-6391a5855575: shutdown FollowerState
2019-08-20 19:41:49,907 [grpc-default-executor-0] INFO  impl.RaftServerImpl (RaftServerImpl.java:setRole(171)) - 3a5f5f92-1fbc-4da9-891b-fb9af6a803f0:group-78F196AB2FA0 changes role from FOLLOWER to FOLLOWER at term 1 for recognizeCandidate:ee8f8b66-a0a6-4ed9-8105-e31fb13b4287
2019-08-20 19:41:49,910 [Thread-362] INFO  impl.FollowerState (FollowerState.java:run(106)) - ee8f8b66-a0a6-4ed9-8105-e31fb13b4287:group-4BD28E86B1A9 changes to CANDIDATE, lastRpcTime:1099, electionTimeout:1099ms
2019-08-20 19:41:49,910 [grpc-default-executor-3] INFO  impl.RoleInfo (RoleInfo.java:updateAndGet(143)) - 1eeec8c2-4c0f-4bc8-b0db-6391a5855575: start FollowerState
2019-08-20 19:41:49,909 [grpc-default-executor-2] INFO  impl.RoleInfo (RoleInfo.java:shutdownFollowerState(121)) - ee8f8b66-a0a6-4ed9-8105-e31fb13b4287: shutdown FollowerState
2019-08-20 19:41:49,912 [Thread-362] INFO  impl.RoleInfo (RoleInfo.java:shutdownFollowerState(121)) - ee8f8b66-a0a6-4ed9-8105-e31fb13b4287: shutdown FollowerState
2019-08-20 19:41:49,910 [Thread-345] INFO  impl.FollowerState (FollowerState.java:run(114)) - 1eeec8c2-4c0f-4bc8-b0db-6391a5855575: FollowerState was interrupted: java.lang.InterruptedException: sleep interrupted
2019-08-20 19:41:49,912 [Thread-358] INFO  impl.FollowerState (FollowerState.java:run(114)) - ee8f8b66-a0a6-4ed9-8105-e31fb13b4287: FollowerState was interrupted: java.lang.InterruptedException: sleep interrupted
2019-08-20 19:41:49,910 [grpc-default-executor-0] INFO  impl.RoleInfo (RoleInfo.java:shutdownFollowerState(121)) - 3a5f5f92-1fbc-4da9-891b-fb9af6a803f0: shutdown FollowerState
2019-08-20 19:41:49,916 [1eeec8c2-4c0f-4bc8-b0db-6391a5855575:group-4BD28E86B1A9:LeaderElection14] INFO  impl.LeaderElection (LeaderElection.java:askForVotes(181)) - 1eeec8c2-4c0f-4bc8-b0db-6391a5855575:group-4BD28E86B1A9:LeaderElection14: begin an election at term 1 for -1: [1eeec8c2-4c0f-4bc8-b0db-6391a5855575:192.168.157.205:39192, 3a5f5f92-1fbc-4da9-891b-fb9af6a803f0:192.168.157.205:37319, ee8f8b66-a0a6-4ed9-8105-e31fb13b4287:192.168.157.205:44060], old=null
2019-08-20 19:41:49,912 [Thread-362] INFO  impl.RaftServerImpl (RaftServerImpl.java:setRole(171)) - ee8f8b66-a0a6-4ed9-8105-e31fb13b4287:group-4BD28E86B1A9 changes role from FOLLOWER to CANDIDATE at term 0 for changeToCandidate
2019-08-20 19:41:49,912 [grpc-default-executor-2] INFO  impl.RoleInfo (RoleInfo.java:updateAndGet(143)) - ee8f8b66-a0a6-4ed9-8105-e31fb13b4287: start FollowerState
2019-08-20 19:41:49,917 [Thread-362] INFO  impl.RoleInfo (RoleInfo.java:updateAndGet(143)) - ee8f8b66-a0a6-4ed9-8105-e31fb13b4287: start LeaderElection
2019-08-20 19:41:49,917 [Thread-351] INFO  impl.FollowerState (FollowerState.java:run(114)) - 3a5f5f92-1fbc-4da9-891b-fb9af6a803f0: FollowerState was interrupted: java.lang.InterruptedException: sleep interrupted
2019-08-20 19:41:49,917 [grpc-default-executor-0] INFO  impl.RoleInfo (RoleInfo.java:updateAndGet(143)) - 3a5f5f92-1fbc-4da9-891b-fb9af6a803f0: start FollowerState
2019-08-20 19:41:49,943 [grpc-default-executor-1] INFO  impl.RaftServerImpl (RaftServerImpl.java:setRole(171)) - 3a5f5f92-1fbc-4da9-891b-fb9af6a803f0:group-4BD28E86B1A9 changes role from FOLLOWER to FOLLOWER at term 1 for recognizeCandidate:1eeec8c2-4c0f-4bc8-b0db-6391a5855575
2019-08-20 19:41:49,943 [grpc-default-executor-1] INFO  impl.RoleInfo (RoleInfo.java:shutdownFollowerState(121)) - 3a5f5f92-1fbc-4da9-891b-fb9af6a803f0: shutdown FollowerState
2019-08-20 19:41:49,944 [grpc-default-executor-1] INFO  impl.RoleInfo (RoleInfo.java:updateAndGet(143)) - 3a5f5f92-1fbc-4da9-891b-fb9af6a803f0: start FollowerState
2019-08-20 19:41:49,944 [Thread-360] INFO  impl.FollowerState (FollowerState.java:run(114)) - 3a5f5f92-1fbc-4da9-891b-fb9af6a803f0: FollowerState was interrupted: java.lang.InterruptedException: sleep interrupted
2019-08-20 19:41:49,946 [ee8f8b66-a0a6-4ed9-8105-e31fb13b4287:group-4BD28E86B1A9:LeaderElection15] INFO  impl.LeaderElection (LeaderElection.java:askForVotes(181)) - ee8f8b66-a0a6-4ed9-8105-e31fb13b4287:group-4BD28E86B1A9:LeaderElection15: begin an election at term 1 for -1: [1eeec8c2-4c0f-4bc8-b0db-6391a5855575:192.168.157.205:39192, 3a5f5f92-1fbc-4da9-891b-fb9af6a803f0:192.168.157.205:37319, ee8f8b66-a0a6-4ed9-8105-e31fb13b4287:192.168.157.205:44060], old=null
2019-08-20 19:41:49,956 [3a5f5f92-1fbc-4da9-891b-fb9af6a803f0:group-CA825B28539E:LeaderElection11] INFO  impl.LeaderElection (LeaderElection.java:logAndReturn(56)) - 3a5f5f92-1fbc-4da9-891b-fb9af6a803f0:group-CA825B28539E:LeaderElection11: Election PASSED; received 2 response(s) [3a5f5f92-1fbc-4da9-891b-fb9af6a803f0<-1eeec8c2-4c0f-4bc8-b0db-6391a5855575#0:FAIL-t1, 3a5f5f92-1fbc-4da9-891b-fb9af6a803f0<-ee8f8b66-a0a6-4ed9-8105-e31fb13b4287#0:OK-t1] and 0 exception(s); 3a5f5f92-1fbc-4da9-891b-fb9af6a803f0:t1, leader=null, voted=3a5f5f92-1fbc-4da9-891b-fb9af6a803f0, raftlog=3a5f5f92-1fbc-4da9-891b-fb9af6a803f0-SegmentedRaftLog:OPENED:c-1,f-1,i0, conf=-1: [1eeec8c2-4c0f-4bc8-b0db-6391a5855575:192.168.157.205:39192, 3a5f5f92-1fbc-4da9-891b-fb9af6a803f0:192.168.157.205:37319, ee8f8b66-a0a6-4ed9-8105-e31fb13b4287:192.168.157.205:44060], old=null
2019-08-20 19:41:49,956 [ee8f8b66-a0a6-4ed9-8105-e31fb13b4287:group-78F196AB2FA0:LeaderElection12] INFO  impl.LeaderElection (LeaderElection.java:logAndReturn(56)) - ee8f8b66-a0a6-4ed9-8105-e31fb13b4287:group-78F196AB2FA0:LeaderElection12: Election PASSED; received 1 response(s) [ee8f8b66-a0a6-4ed9-8105-e31fb13b4287<-1eeec8c2-4c0f-4bc8-b0db-6391a5855575#0:OK-t1] and 0 exception(s); ee8f8b66-a0a6-4ed9-8105-e31fb13b4287:t1, leader=null, voted=ee8f8b66-a0a6-4ed9-8105-e31fb13b4287, raftlog=ee8f8b66-a0a6-4ed9-8105-e31fb13b4287-SegmentedRaftLog:OPENED:c-1,f-1,i0, conf=-1: [1eeec8c2-4c0f-4bc8-b0db-6391a5855575:192.168.157.205:39192, 3a5f5f92-1fbc-4da9-891b-fb9af6a803f0:192.168.157.205:37319, ee8f8b66-a0a6-4ed9-8105-e31fb13b4287:192.168.157.205:44060], old=null
2019-08-20 19:41:49,957 [3a5f5f92-1fbc-4da9-891b-fb9af6a803f0:group-CA825B28539E:LeaderElection11] INFO  impl.RoleInfo (RoleInfo.java:shutdownLeaderElection(134)) - 3a5f5f92-1fbc-4da9-891b-fb9af6a803f0: shutdown LeaderElection
2019-08-20 19:41:49,959 [1eeec8c2-4c0f-4bc8-b0db-6391a5855575:group-CA825B28539E:LeaderElection13] INFO  impl.LeaderElection (LeaderElection.java:logAndReturn(56)) - 1eeec8c2-4c0f-4bc8-b0db-6391a5855575:group-CA825B28539E:LeaderElection13: Election REJECTED; received 2 response(s) [1eeec8c2-4c0f-4bc8-b0db-6391a5855575<-3a5f5f92-1fbc-4da9-891b-fb9af6a803f0#0:FAIL-t1, 1eeec8c2-4c0f-4bc8-b0db-6391a5855575<-ee8f8b66-a0a6-4ed9-8105-e31fb13b4287#0:FAIL-t1] and 0 exception(s); 1eeec8c2-4c0f-4bc8-b0db-6391a5855575:t1, leader=null, voted=1eeec8c2-4c0f-4bc8-b0db-6391a5855575, raftlog=1eeec8c2-4c0f-4bc8-b0db-6391a5855575-SegmentedRaftLog:OPENED:c-1,f-1,i0, conf=-1: [1eeec8c2-4c0f-4bc8-b0db-6391a5855575:192.168.157.205:39192, 3a5f5f92-1fbc-4da9-891b-fb9af6a803f0:192.168.157.205:37319, ee8f8b66-a0a6-4ed9-8105-e31fb13b4287:192.168.157.205:44060], old=null
2019-08-20 19:41:49,957 [ee8f8b66-a0a6-4ed9-8105-e31fb13b4287:group-78F196AB2FA0:LeaderElection12] INFO  impl.RoleInfo (RoleInfo.java:shutdownLeaderElection(134)) - ee8f8b66-a0a6-4ed9-8105-e31fb13b4287: shutdown LeaderElection
2019-08-20 19:41:49,963 [1eeec8c2-4c0f-4bc8-b0db-6391a5855575:group-CA825B28539E:LeaderElection13] INFO  impl.RaftServerImpl (RaftServerImpl.java:setRole(171)) - 1eeec8c2-4c0f-4bc8-b0db-6391a5855575:group-CA825B28539E changes role from CANDIDATE to FOLLOWER at term 1 for DISCOVERED_A_NEW_TERM
2019-08-20 19:41:49,961 [3a5f5f92-1fbc-4da9-891b-fb9af6a803f0:group-CA825B28539E:LeaderElection11] INFO  impl.RaftServerImpl (RaftServerImpl.java:setRole(171)) - 3a5f5f92-1fbc-4da9-891b-fb9af6a803f0:group-CA825B28539E changes role from CANDIDATE to LEADER at term 1 for changeToLeader
2019-08-20 19:41:49,966 [1eeec8c2-4c0f-4bc8-b0db-6391a5855575:group-CA825B28539E:LeaderElection13] INFO  impl.RoleInfo (RoleInfo.java:shutdownLeaderElection(134)) - 1eeec8c2-4c0f-4bc8-b0db-6391a5855575: shutdown LeaderElection
2019-08-20 19:41:49,963 [ee8f8b66-a0a6-4ed9-8105-e31fb13b4287:group-78F196AB2FA0:LeaderElection12] INFO  impl.RaftServerImpl (RaftServerImpl.java:setRole(171)) - ee8f8b66-a0a6-4ed9-8105-e31fb13b4287:group-78F196AB2FA0 changes role from CANDIDATE to LEADER at term 1 for changeToLeader
2019-08-20 19:41:49,966 [1eeec8c2-4c0f-4bc8-b0db-6391a5855575:group-CA825B28539E:LeaderElection13] INFO  impl.RoleInfo (RoleInfo.java:updateAndGet(143)) - 1eeec8c2-4c0f-4bc8-b0db-6391a5855575: start FollowerState
2019-08-20 19:41:49,966 [3a5f5f92-1fbc-4da9-891b-fb9af6a803f0:group-CA825B28539E:LeaderElection11] INFO  impl.RaftServerImpl (ServerState.java:setLeader(263)) - 3a5f5f92-1fbc-4da9-891b-fb9af6a803f0:group-CA825B28539E change Leader from null to 3a5f5f92-1fbc-4da9-891b-fb9af6a803f0 at term 1 for becomeLeader, leader elected after 1252ms
2019-08-20 19:41:49,967 [ee8f8b66-a0a6-4ed9-8105-e31fb13b4287:group-78F196AB2FA0:LeaderElection12] INFO  impl.RaftServerImpl (ServerState.java:setLeader(263)) - ee8f8b66-a0a6-4ed9-8105-e31fb13b4287:group-78F196AB2FA0 change Leader from null to ee8f8b66-a0a6-4ed9-8105-e31fb13b4287 at term 1 for becomeLeader, leader elected after 4353ms
2019-08-20 19:41:49,968 [3a5f5f92-1fbc-4da9-891b-fb9af6a803f0:group-CA825B28539E:LeaderElection11] INFO  server.RaftServerConfigKeys (ConfUtils.java:logGet(43)) - raft.server.staging.catchup.gap = 1000 (default)
2019-08-20 19:41:49,969 [ee8f8b66-a0a6-4ed9-8105-e31fb13b4287:group-78F196AB2FA0:LeaderElection12] INFO  server.RaftServerConfigKeys (ConfUtils.java:logGet(43)) - raft.server.staging.catchup.gap = 1000 (default)
2019-08-20 19:41:49,969 [3a5f5f92-1fbc-4da9-891b-fb9af6a803f0:group-CA825B28539E:LeaderElection11] INFO  server.RaftServerConfigKeys (ConfUtils.java:logGet(43)) - raft.server.rpc.sleep.time = 25ms (default)
2019-08-20 19:41:49,969 [ee8f8b66-a0a6-4ed9-8105-e31fb13b4287:group-78F196AB2FA0:LeaderElection12] INFO  server.RaftServerConfigKeys (ConfUtils.java:logGet(43)) - raft.server.rpc.sleep.time = 25ms (default)
2019-08-20 19:41:49,969 [3a5f5f92-1fbc-4da9-891b-fb9af6a803f0:group-CA825B28539E:LeaderElection11] INFO  server.RaftServerConfigKeys (ConfUtils.java:logGet(43)) - raft.server.write.element-limit = 4096 (default)
2019-08-20 19:41:49,969 [ee8f8b66-a0a6-4ed9-8105-e31fb13b4287:group-78F196AB2FA0:LeaderElection12] INFO  server.RaftServerConfigKeys (ConfUtils.java:logGet(43)) - raft.server.write.element-limit = 4096 (default)
2019-08-20 19:41:49,969 [3a5f5f92-1fbc-4da9-891b-fb9af6a803f0:group-CA825B28539E:LeaderElection11] INFO  server.RaftServerConfigKeys (ConfUtils.java:logGet(43)) - raft.server.watch.timeout = 10s (default)
2019-08-20 19:41:49,969 [ee8f8b66-a0a6-4ed9-8105-e31fb13b4287:group-78F196AB2FA0:LeaderElection12] INFO  server.RaftServerConfigKeys (ConfUtils.java:logGet(43)) - raft.server.watch.timeout = 10s (default)
2019-08-20 19:41:49,969 [3a5f5f92-1fbc-4da9-891b-fb9af6a803f0:group-CA825B28539E:LeaderElection11] INFO  server.RaftServerConfigKeys (ConfUtils.java:logGet(43)) - raft.server.watch.timeout.denomination = 1s (default)
2019-08-20 19:41:49,970 [ee8f8b66-a0a6-4ed9-8105-e31fb13b4287:group-78F196AB2FA0:LeaderElection12] INFO  server.RaftServerConfigKeys (ConfUtils.java:logGet(43)) - raft.server.watch.timeout.denomination = 1s (default)
2019-08-20 19:41:49,970 [3a5f5f92-1fbc-4da9-891b-fb9af6a803f0:group-CA825B28539E:LeaderElection11] INFO  server.RaftServerConfigKeys (ConfUtils.java:logGet(43)) - raft.server.watch.element-limit = 65536 (default)
2019-08-20 19:41:49,970 [ee8f8b66-a0a6-4ed9-8105-e31fb13b4287:group-78F196AB2FA0:LeaderElection12] INFO  server.RaftServerConfigKeys (ConfUtils.java:logGet(43)) - raft.server.watch.element-limit = 65536 (default)
2019-08-20 19:41:49,970 [1eeec8c2-4c0f-4bc8-b0db-6391a5855575:group-4BD28E86B1A9:LeaderElection14] INFO  impl.LeaderElection (LeaderElection.java:logAndReturn(56)) - 1eeec8c2-4c0f-4bc8-b0db-6391a5855575:group-4BD28E86B1A9:LeaderElection14: Election PASSED; received 2 response(s) [1eeec8c2-4c0f-4bc8-b0db-6391a5855575<-3a5f5f92-1fbc-4da9-891b-fb9af6a803f0#0:OK-t1, 1eeec8c2-4c0f-4bc8-b0db-6391a5855575<-ee8f8b66-a0a6-4ed9-8105-e31fb13b4287#0:FAIL-t1] and 0 exception(s); 1eeec8c2-4c0f-4bc8-b0db-6391a5855575:t1, leader=null, voted=1eeec8c2-4c0f-4bc8-b0db-6391a5855575, raftlog=1eeec8c2-4c0f-4bc8-b0db-6391a5855575-SegmentedRaftLog:OPENED:c-1,f-1,i0, conf=-1: [1eeec8c2-4c0f-4bc8-b0db-6391a5855575:192.168.157.205:39192, 3a5f5f92-1fbc-4da9-891b-fb9af6a803f0:192.168.157.205:37319, ee8f8b66-a0a6-4ed9-8105-e31fb13b4287:192.168.157.205:44060], old=null
2019-08-20 19:41:49,970 [ee8f8b66-a0a6-4ed9-8105-e31fb13b4287:group-4BD28E86B1A9:LeaderElection15] INFO  impl.LeaderElection (LeaderElection.java:logAndReturn(56)) - ee8f8b66-a0a6-4ed9-8105-e31fb13b4287:group-4BD28E86B1A9:LeaderElection15: Election REJECTED; received 2 response(s) [ee8f8b66-a0a6-4ed9-8105-e31fb13b4287<-1eeec8c2-4c0f-4bc8-b0db-6391a5855575#0:FAIL-t1, ee8f8b66-a0a6-4ed9-8105-e31fb13b4287<-3a5f5f92-1fbc-4da9-891b-fb9af6a803f0#0:FAIL-t1] and 0 exception(s); ee8f8b66-a0a6-4ed9-8105-e31fb13b4287:t1, leader=null, voted=ee8f8b66-a0a6-4ed9-8105-e31fb13b4287, raftlog=ee8f8b66-a0a6-4ed9-8105-e31fb13b4287-SegmentedRaftLog:OPENED:c-1,f-1,i0, conf=-1: [1eeec8c2-4c0f-4bc8-b0db-6391a5855575:192.168.157.205:39192, 3a5f5f92-1fbc-4da9-891b-fb9af6a803f0:192.168.157.205:37319, ee8f8b66-a0a6-4ed9-8105-e31fb13b4287:192.168.157.205:44060], old=null
2019-08-20 19:41:49,970 [1eeec8c2-4c0f-4bc8-b0db-6391a5855575:group-4BD28E86B1A9:LeaderElection14] INFO  impl.RoleInfo (RoleInfo.java:shutdownLeaderElection(134)) - 1eeec8c2-4c0f-4bc8-b0db-6391a5855575: shutdown LeaderElection
2019-08-20 19:41:49,974 [1eeec8c2-4c0f-4bc8-b0db-6391a5855575:group-4BD28E86B1A9:LeaderElection14] INFO  impl.RaftServerImpl (RaftServerImpl.java:setRole(171)) - 1eeec8c2-4c0f-4bc8-b0db-6391a5855575:group-4BD28E86B1A9 changes role from CANDIDATE to LEADER at term 1 for changeToLeader
2019-08-20 19:41:49,981 [1eeec8c2-4c0f-4bc8-b0db-6391a5855575:group-4BD28E86B1A9:LeaderElection14] INFO  impl.RaftServerImpl (ServerState.java:setLeader(263)) - 1eeec8c2-4c0f-4bc8-b0db-6391a5855575:group-4BD28E86B1A9 change Leader from null to 1eeec8c2-4c0f-4bc8-b0db-6391a5855575 at term 1 for becomeLeader, leader elected after 1196ms
2019-08-20 19:41:49,974 [ee8f8b66-a0a6-4ed9-8105-e31fb13b4287:group-4BD28E86B1A9:LeaderElection15] INFO  impl.RaftServerImpl (RaftServerImpl.java:setRole(171)) - ee8f8b66-a0a6-4ed9-8105-e31fb13b4287:group-4BD28E86B1A9 changes role from CANDIDATE to FOLLOWER at term 1 for DISCOVERED_A_NEW_TERM
2019-08-20 19:41:49,981 [1eeec8c2-4c0f-4bc8-b0db-6391a5855575:group-4BD28E86B1A9:LeaderElection14] INFO  server.RaftServerConfigKeys (ConfUtils.java:logGet(43)) - raft.server.staging.catchup.gap = 1000 (default)
2019-08-20 19:41:49,983 [ee8f8b66-a0a6-4ed9-8105-e31fb13b4287:group-4BD28E86B1A9:LeaderElection15] INFO  impl.RoleInfo (RoleInfo.java:shutdownLeaderElection(134)) - ee8f8b66-a0a6-4ed9-8105-e31fb13b4287: shutdown LeaderElection
2019-08-20 19:41:49,983 [1eeec8c2-4c0f-4bc8-b0db-6391a5855575:group-4BD28E86B1A9:LeaderElection14] INFO  server.RaftServerConfigKeys (ConfUtils.java:logGet(43)) - raft.server.rpc.sleep.time = 25ms (default)
2019-08-20 19:41:49,983 [ee8f8b66-a0a6-4ed9-8105-e31fb13b4287:group-4BD28E86B1A9:LeaderElection15] INFO  impl.RoleInfo (RoleInfo.java:updateAndGet(143)) - ee8f8b66-a0a6-4ed9-8105-e31fb13b4287: start FollowerState
2019-08-20 19:41:49,983 [1eeec8c2-4c0f-4bc8-b0db-6391a5855575:group-4BD28E86B1A9:LeaderElection14] INFO  server.RaftServerConfigKeys (ConfUtils.java:logGet(43)) - raft.server.write.element-limit = 4096 (default)
2019-08-20 19:41:49,984 [1eeec8c2-4c0f-4bc8-b0db-6391a5855575:group-4BD28E86B1A9:LeaderElection14] INFO  server.RaftServerConfigKeys (ConfUtils.java:logGet(43)) - raft.server.watch.timeout = 10s (default)
2019-08-20 19:41:49,984 [1eeec8c2-4c0f-4bc8-b0db-6391a5855575:group-4BD28E86B1A9:LeaderElection14] INFO  server.RaftServerConfigKeys (ConfUtils.java:logGet(43)) - raft.server.watch.timeout.denomination = 1s (default)
2019-08-20 19:41:49,984 [1eeec8c2-4c0f-4bc8-b0db-6391a5855575:group-4BD28E86B1A9:LeaderElection14] INFO  server.RaftServerConfigKeys (ConfUtils.java:logGet(43)) - raft.server.watch.element-limit = 65536 (default)
2019-08-20 19:41:49,985 [1eeec8c2-4c0f-4bc8-b0db-6391a5855575:group-4BD28E86B1A9:LeaderElection14] INFO  server.RaftServerConfigKeys (ConfUtils.java:logGet(43)) - raft.server.log.appender.snapshot.chunk.size.max = 16MB (=16777216) (default)
2019-08-20 19:41:49,985 [3a5f5f92-1fbc-4da9-891b-fb9af6a803f0:group-CA825B28539E:LeaderElection11] INFO  server.RaftServerConfigKeys (ConfUtils.java:logGet(43)) - raft.server.log.appender.snapshot.chunk.size.max = 16MB (=16777216) (default)
2019-08-20 19:41:49,985 [ee8f8b66-a0a6-4ed9-8105-e31fb13b4287:group-78F196AB2FA0:LeaderElection12] INFO  server.RaftServerConfigKeys (ConfUtils.java:logGet(43)) - raft.server.log.appender.snapshot.chunk.size.max = 16MB (=16777216) (default)
2019-08-20 19:41:49,985 [3a5f5f92-1fbc-4da9-891b-fb9af6a803f0:group-CA825B28539E:LeaderElection11] INFO  server.RaftServerConfigKeys (ConfUtils.java:logGet(43)) - raft.server.log.appender.buffer.byte-limit = 33554432 (custom)
2019-08-20 19:41:49,985 [1eeec8c2-4c0f-4bc8-b0db-6391a5855575:group-4BD28E86B1A9:LeaderElection14] INFO  server.RaftServerConfigKeys (ConfUtils.java:logGet(43)) - raft.server.log.appender.buffer.byte-limit = 33554432 (custom)
2019-08-20 19:41:49,985 [ee8f8b66-a0a6-4ed9-8105-e31fb13b4287:group-78F196AB2FA0:LeaderElection12] INFO  server.RaftServerConfigKeys (ConfUtils.java:logGet(43)) - raft.server.log.appender.buffer.byte-limit = 33554432 (custom)
2019-08-20 19:41:49,986 [1eeec8c2-4c0f-4bc8-b0db-6391a5855575:group-4BD28E86B1A9:LeaderElection14] INFO  server.RaftServerConfigKeys (ConfUtils.java:logGet(43)) - raft.server.log.appender.buffer.element-limit = 1 (custom)
2019-08-20 19:41:49,986 [3a5f5f92-1fbc-4da9-891b-fb9af6a803f0:group-CA825B28539E:LeaderElection11] INFO  server.RaftServerConfigKeys (ConfUtils.java:logGet(43)) - raft.server.log.appender.buffer.element-limit = 1 (custom)
2019-08-20 19:41:49,986 [ee8f8b66-a0a6-4ed9-8105-e31fb13b4287:group-78F196AB2FA0:LeaderElection12] INFO  server.RaftServerConfigKeys (ConfUtils.java:logGet(43)) - raft.server.log.appender.buffer.element-limit = 1 (custom)
2019-08-20 19:41:49,988 [1eeec8c2-4c0f-4bc8-b0db-6391a5855575:group-4BD28E86B1A9:LeaderElection14] INFO  grpc.GrpcConfigKeys$Server (ConfUtils.java:logGet(43)) - raft.grpc.server.leader.outstanding.appends.max = 128 (default)
2019-08-20 19:41:49,989 [ee8f8b66-a0a6-4ed9-8105-e31fb13b4287:group-78F196AB2FA0:LeaderElection12] INFO  grpc.GrpcConfigKeys$Server (ConfUtils.java:logGet(43)) - raft.grpc.server.leader.outstanding.appends.max = 128 (default)
2019-08-20 19:41:49,990 [1eeec8c2-4c0f-4bc8-b0db-6391a5855575:group-4BD28E86B1A9:LeaderElection14] INFO  server.RaftServerConfigKeys (ConfUtils.java:logGet(43)) - raft.server.rpc.request.timeout = 3000ms (default)
2019-08-20 19:41:49,990 [3a5f5f92-1fbc-4da9-891b-fb9af6a803f0:group-CA825B28539E:LeaderElection11] INFO  grpc.GrpcConfigKeys$Server (ConfUtils.java:logGet(43)) - raft.grpc.server.leader.outstanding.appends.max = 128 (default)
2019-08-20 19:41:49,990 [1eeec8c2-4c0f-4bc8-b0db-6391a5855575:group-4BD28E86B1A9:LeaderElection14] INFO  server.RaftServerConfigKeys (ConfUtils.java:logGet(43)) - raft.server.log.appender.install.snapshot.enabled = false (custom)
2019-08-20 19:41:49,990 [ee8f8b66-a0a6-4ed9-8105-e31fb13b4287:group-78F196AB2FA0:LeaderElection12] INFO  server.RaftServerConfigKeys (ConfUtils.java:logGet(43)) - raft.server.rpc.request.timeout = 3000ms (default)
2019-08-20 19:41:49,991 [1eeec8c2-4c0f-4bc8-b0db-6391a5855575:group-4BD28E86B1A9:LeaderElection14] INFO  server.RaftServerConfigKeys (ConfUtils.java:logGet(43)) - raft.server.log.appender.snapshot.chunk.size.max = 16MB (=16777216) (default)
2019-08-20 19:41:49,991 [3a5f5f92-1fbc-4da9-891b-fb9af6a803f0:group-CA825B28539E:LeaderElection11] INFO  server.RaftServerConfigKeys (ConfUtils.java:logGet(43)) - raft.server.rpc.request.timeout = 3000ms (default)
2019-08-20 19:41:49,991 [1eeec8c2-4c0f-4bc8-b0db-6391a5855575:group-4BD28E86B1A9:LeaderElection14] INFO  server.RaftServerConfigKeys (ConfUtils.java:logGet(43)) - raft.server.log.appender.buffer.byte-limit = 33554432 (custom)
2019-08-20 19:41:49,991 [ee8f8b66-a0a6-4ed9-8105-e31fb13b4287:group-78F196AB2FA0:LeaderElection12] INFO  server.RaftServerConfigKeys (ConfUtils.java:logGet(43)) - raft.server.log.appender.install.snapshot.enabled = false (custom)
2019-08-20 19:41:49,991 [1eeec8c2-4c0f-4bc8-b0db-6391a5855575:group-4BD28E86B1A9:LeaderElection14] INFO  server.RaftServerConfigKeys (ConfUtils.java:logGet(43)) - raft.server.log.appender.buffer.element-limit = 1 (custom)
2019-08-20 19:41:49,991 [3a5f5f92-1fbc-4da9-891b-fb9af6a803f0:group-CA825B28539E:LeaderElection11] INFO  server.RaftServerConfigKeys (ConfUtils.java:logGet(43)) - raft.server.log.appender.install.snapshot.enabled = false (custom)
2019-08-20 19:41:49,992 [1eeec8c2-4c0f-4bc8-b0db-6391a5855575:group-4BD28E86B1A9:LeaderElection14] INFO  grpc.GrpcConfigKeys$Server (ConfUtils.java:logGet(43)) - raft.grpc.server.leader.outstanding.appends.max = 128 (default)
2019-08-20 19:41:49,992 [ee8f8b66-a0a6-4ed9-8105-e31fb13b4287:group-78F196AB2FA0:LeaderElection12] INFO  server.RaftServerConfigKeys (ConfUtils.java:logGet(43)) - raft.server.log.appender.snapshot.chunk.size.max = 16MB (=16777216) (default)
2019-08-20 19:41:49,992 [1eeec8c2-4c0f-4bc8-b0db-6391a5855575:group-4BD28E86B1A9:LeaderElection14] INFO  server.RaftServerConfigKeys (ConfUtils.java:logGet(43)) - raft.server.rpc.request.timeout = 3000ms (default)
2019-08-20 19:41:49,992 [3a5f5f92-1fbc-4da9-891b-fb9af6a803f0:group-CA825B28539E:LeaderElection11] INFO  server.RaftServerConfigKeys (ConfUtils.java:logGet(43)) - raft.server.log.appender.snapshot.chunk.size.max = 16MB (=16777216) (default)
2019-08-20 19:41:49,992 [1eeec8c2-4c0f-4bc8-b0db-6391a5855575:group-4BD28E86B1A9:LeaderElection14] INFO  server.RaftServerConfigKeys (ConfUtils.java:logGet(43)) - raft.server.log.appender.install.snapshot.enabled = false (custom)
2019-08-20 19:41:49,992 [ee8f8b66-a0a6-4ed9-8105-e31fb13b4287:group-78F196AB2FA0:LeaderElection12] INFO  server.RaftServerConfigKeys (ConfUtils.java:logGet(43)) - raft.server.log.appender.buffer.byte-limit = 33554432 (custom)
2019-08-20 19:41:49,993 [3a5f5f92-1fbc-4da9-891b-fb9af6a803f0:group-CA825B28539E:LeaderElection11] INFO  server.RaftServerConfigKeys (ConfUtils.java:logGet(43)) - raft.server.log.appender.buffer.byte-limit = 33554432 (custom)
2019-08-20 19:41:49,993 [ee8f8b66-a0a6-4ed9-8105-e31fb13b4287:group-78F196AB2FA0:LeaderElection12] INFO  server.RaftServerConfigKeys (ConfUtils.java:logGet(43)) - raft.server.log.appender.buffer.element-limit = 1 (custom)
2019-08-20 19:41:49,993 [3a5f5f92-1fbc-4da9-891b-fb9af6a803f0:group-CA825B28539E:LeaderElection11] INFO  server.RaftServerConfigKeys (ConfUtils.java:logGet(43)) - raft.server.log.appender.buffer.element-limit = 1 (custom)
2019-08-20 19:41:49,993 [ee8f8b66-a0a6-4ed9-8105-e31fb13b4287:group-78F196AB2FA0:LeaderElection12] INFO  grpc.GrpcConfigKeys$Server (ConfUtils.java:logGet(43)) - raft.grpc.server.leader.outstanding.appends.max = 128 (default)
2019-08-20 19:41:49,993 [3a5f5f92-1fbc-4da9-891b-fb9af6a803f0:group-CA825B28539E:LeaderElection11] INFO  grpc.GrpcConfigKeys$Server (ConfUtils.java:logGet(43)) - raft.grpc.server.leader.outstanding.appends.max = 128 (default)
2019-08-20 19:41:49,994 [ee8f8b66-a0a6-4ed9-8105-e31fb13b4287:group-78F196AB2FA0:LeaderElection12] INFO  server.RaftServerConfigKeys (ConfUtils.java:logGet(43)) - raft.server.rpc.request.timeout = 3000ms (default)
2019-08-20 19:41:49,994 [3a5f5f92-1fbc-4da9-891b-fb9af6a803f0:group-CA825B28539E:LeaderElection11] INFO  server.RaftServerConfigKeys (ConfUtils.java:logGet(43)) - raft.server.rpc.request.timeout = 3000ms (default)
2019-08-20 19:41:49,994 [1eeec8c2-4c0f-4bc8-b0db-6391a5855575:group-4BD28E86B1A9:LeaderElection14] INFO  impl.RoleInfo (RoleInfo.java:updateAndGet(143)) - 1eeec8c2-4c0f-4bc8-b0db-6391a5855575: start LeaderState
2019-08-20 19:41:49,994 [ee8f8b66-a0a6-4ed9-8105-e31fb13b4287:group-78F196AB2FA0:LeaderElection12] INFO  server.RaftServerConfigKeys (ConfUtils.java:logGet(43)) - raft.server.log.appender.install.snapshot.enabled = false (custom)
2019-08-20 19:41:49,994 [3a5f5f92-1fbc-4da9-891b-fb9af6a803f0:group-CA825B28539E:LeaderElection11] INFO  server.RaftServerConfigKeys (ConfUtils.java:logGet(43)) - raft.server.log.appender.install.snapshot.enabled = false (custom)
2019-08-20 19:41:49,994 [ee8f8b66-a0a6-4ed9-8105-e31fb13b4287:group-78F196AB2FA0:LeaderElection12] INFO  impl.RoleInfo (RoleInfo.java:updateAndGet(143)) - ee8f8b66-a0a6-4ed9-8105-e31fb13b4287: start LeaderState
2019-08-20 19:41:49,994 [1eeec8c2-4c0f-4bc8-b0db-6391a5855575:group-4BD28E86B1A9:LeaderElection14] INFO  segmented.SegmentedRaftLogWorker (SegmentedRaftLogWorker.java:startLogSegment(380)) - 1eeec8c2-4c0f-4bc8-b0db-6391a5855575-SegmentedRaftLogWorker:Storage Directory /workdir/hadoop-ozone/integration-test/target/test-dir/MiniOzoneClusterImpl-e13e4b4c-a51c-41ed-96f1-bc31a3706be2/datanode-6/data/ratis/b8a02491-4481-463c-9f11-4bd28e86b1a9: Starting segment from index:0
2019-08-20 19:41:49,994 [3a5f5f92-1fbc-4da9-891b-fb9af6a803f0:group-CA825B28539E:LeaderElection11] INFO  impl.RoleInfo (RoleInfo.java:updateAndGet(143)) - 3a5f5f92-1fbc-4da9-891b-fb9af6a803f0: start LeaderState
2019-08-20 19:41:49,995 [ee8f8b66-a0a6-4ed9-8105-e31fb13b4287:group-78F196AB2FA0:LeaderElection12] INFO  segmented.SegmentedRaftLogWorker (SegmentedRaftLogWorker.java:startLogSegment(380)) - ee8f8b66-a0a6-4ed9-8105-e31fb13b4287-SegmentedRaftLogWorker:Storage Directory /workdir/hadoop-ozone/integration-test/target/test-dir/MiniOzoneClusterImpl-e13e4b4c-a51c-41ed-96f1-bc31a3706be2/datanode-5/data/ratis/d391e905-fe4b-49eb-8efd-78f196ab2fa0: Starting segment from index:0
2019-08-20 19:41:49,995 [3a5f5f92-1fbc-4da9-891b-fb9af6a803f0:group-CA825B28539E:LeaderElection11] INFO  segmented.SegmentedRaftLogWorker (SegmentedRaftLogWorker.java:startLogSegment(380)) - 3a5f5f92-1fbc-4da9-891b-fb9af6a803f0-SegmentedRaftLogWorker:Storage Directory /workdir/hadoop-ozone/integration-test/target/test-dir/MiniOzoneClusterImpl-e13e4b4c-a51c-41ed-96f1-bc31a3706be2/datanode-9/data/ratis/3075ad27-c966-413a-b68e-ca825b28539e: Starting segment from index:0
2019-08-20 19:41:49,995 [1eeec8c2-4c0f-4bc8-b0db-6391a5855575:group-4BD28E86B1A9:LeaderElection14] INFO  impl.RaftServerImpl (ServerState.java:setRaftConf(361)) - 1eeec8c2-4c0f-4bc8-b0db-6391a5855575:group-4BD28E86B1A9 set configuration 0: [1eeec8c2-4c0f-4bc8-b0db-6391a5855575:192.168.157.205:39192, 3a5f5f92-1fbc-4da9-891b-fb9af6a803f0:192.168.157.205:37319, ee8f8b66-a0a6-4ed9-8105-e31fb13b4287:192.168.157.205:44060], old=null at 0
2019-08-20 19:41:49,996 [ee8f8b66-a0a6-4ed9-8105-e31fb13b4287:group-78F196AB2FA0:LeaderElection12] INFO  impl.RaftServerImpl (ServerState.java:setRaftConf(361)) - ee8f8b66-a0a6-4ed9-8105-e31fb13b4287:group-78F196AB2FA0 set configuration 0: [1eeec8c2-4c0f-4bc8-b0db-6391a5855575:192.168.157.205:39192, 3a5f5f92-1fbc-4da9-891b-fb9af6a803f0:192.168.157.205:37319, ee8f8b66-a0a6-4ed9-8105-e31fb13b4287:192.168.157.205:44060], old=null at 0
2019-08-20 19:41:49,996 [3a5f5f92-1fbc-4da9-891b-fb9af6a803f0:group-CA825B28539E:LeaderElection11] INFO  impl.RaftServerImpl (ServerState.java:setRaftConf(361)) - 3a5f5f92-1fbc-4da9-891b-fb9af6a803f0:group-CA825B28539E set configuration 0: [1eeec8c2-4c0f-4bc8-b0db-6391a5855575:192.168.157.205:39192, 3a5f5f92-1fbc-4da9-891b-fb9af6a803f0:192.168.157.205:37319, ee8f8b66-a0a6-4ed9-8105-e31fb13b4287:192.168.157.205:44060], old=null at 0
2019-08-20 19:41:50,041 [3a5f5f92-1fbc-4da9-891b-fb9af6a803f0-SegmentedRaftLogWorker:Storage Directory /workdir/hadoop-ozone/integration-test/target/test-dir/MiniOzoneClusterImpl-e13e4b4c-a51c-41ed-96f1-bc31a3706be2/datanode-9/data/ratis/3075ad27-c966-413a-b68e-ca825b28539e] INFO  segmented.SegmentedRaftLogWorker (SegmentedRaftLogWorker.java:execute(569)) - 3a5f5f92-1fbc-4da9-891b-fb9af6a803f0-SegmentedRaftLogWorker:Storage Directory /workdir/hadoop-ozone/integration-test/target/test-dir/MiniOzoneClusterImpl-e13e4b4c-a51c-41ed-96f1-bc31a3706be2/datanode-9/data/ratis/3075ad27-c966-413a-b68e-ca825b28539e: created new log segment /workdir/hadoop-ozone/integration-test/target/test-dir/MiniOzoneClusterImpl-e13e4b4c-a51c-41ed-96f1-bc31a3706be2/datanode-9/data/ratis/3075ad27-c966-413a-b68e-ca825b28539e/current/log_inprogress_0
2019-08-20 19:41:50,041 [1eeec8c2-4c0f-4bc8-b0db-6391a5855575-SegmentedRaftLogWorker:Storage Directory /workdir/hadoop-ozone/integration-test/target/test-dir/MiniOzoneClusterImpl-e13e4b4c-a51c-41ed-96f1-bc31a3706be2/datanode-6/data/ratis/b8a02491-4481-463c-9f11-4bd28e86b1a9] INFO  segmented.SegmentedRaftLogWorker (SegmentedRaftLogWorker.java:execute(569)) - 1eeec8c2-4c0f-4bc8-b0db-6391a5855575-SegmentedRaftLogWorker:Storage Directory /workdir/hadoop-ozone/integration-test/target/test-dir/MiniOzoneClusterImpl-e13e4b4c-a51c-41ed-96f1-bc31a3706be2/datanode-6/data/ratis/b8a02491-4481-463c-9f11-4bd28e86b1a9: created new log segment /workdir/hadoop-ozone/integration-test/target/test-dir/MiniOzoneClusterImpl-e13e4b4c-a51c-41ed-96f1-bc31a3706be2/datanode-6/data/ratis/b8a02491-4481-463c-9f11-4bd28e86b1a9/current/log_inprogress_0
2019-08-20 19:41:50,041 [ee8f8b66-a0a6-4ed9-8105-e31fb13b4287-SegmentedRaftLogWorker:Storage Directory /workdir/hadoop-ozone/integration-test/target/test-dir/MiniOzoneClusterImpl-e13e4b4c-a51c-41ed-96f1-bc31a3706be2/datanode-5/data/ratis/d391e905-fe4b-49eb-8efd-78f196ab2fa0] INFO  segmented.SegmentedRaftLogWorker (SegmentedRaftLogWorker.java:execute(569)) - ee8f8b66-a0a6-4ed9-8105-e31fb13b4287-SegmentedRaftLogWorker:Storage Directory /workdir/hadoop-ozone/integration-test/target/test-dir/MiniOzoneClusterImpl-e13e4b4c-a51c-41ed-96f1-bc31a3706be2/datanode-5/data/ratis/d391e905-fe4b-49eb-8efd-78f196ab2fa0: created new log segment /workdir/hadoop-ozone/integration-test/target/test-dir/MiniOzoneClusterImpl-e13e4b4c-a51c-41ed-96f1-bc31a3706be2/datanode-5/data/ratis/d391e905-fe4b-49eb-8efd-78f196ab2fa0/current/log_inprogress_0
2019-08-20 19:41:50,053 [grpc-default-executor-3] INFO  impl.RaftServerImpl (ServerState.java:setLeader(263)) - 3a5f5f92-1fbc-4da9-891b-fb9af6a803f0:group-78F196AB2FA0 change Leader from null to ee8f8b66-a0a6-4ed9-8105-e31fb13b4287 at term 1 for appendEntries, leader elected after 4440ms
2019-08-20 19:41:50,055 [grpc-default-executor-1] INFO  impl.RaftServerImpl (ServerState.java:setLeader(263)) - ee8f8b66-a0a6-4ed9-8105-e31fb13b4287:group-CA825B28539E change Leader from null to 3a5f5f92-1fbc-4da9-891b-fb9af6a803f0 at term 1 for appendEntries, leader elected after 1342ms
2019-08-20 19:41:50,053 [grpc-default-executor-4] INFO  impl.RaftServerImpl (ServerState.java:setLeader(263)) - 1eeec8c2-4c0f-4bc8-b0db-6391a5855575:group-78F196AB2FA0 change Leader from null to ee8f8b66-a0a6-4ed9-8105-e31fb13b4287 at term 1 for appendEntries, leader elected after 4440ms
2019-08-20 19:41:50,057 [grpc-default-executor-0] INFO  impl.RaftServerImpl (ServerState.java:setLeader(263)) - 1eeec8c2-4c0f-4bc8-b0db-6391a5855575:group-CA825B28539E change Leader from null to 3a5f5f92-1fbc-4da9-891b-fb9af6a803f0 at term 1 for appendEntries, leader elected after 1343ms
2019-08-20 19:41:50,057 [grpc-default-executor-5] INFO  impl.RaftServerImpl (ServerState.java:setLeader(263)) - ee8f8b66-a0a6-4ed9-8105-e31fb13b4287:group-4BD28E86B1A9 change Leader from null to 1eeec8c2-4c0f-4bc8-b0db-6391a5855575 at term 1 for appendEntries, leader elected after 1270ms
2019-08-20 19:41:50,056 [grpc-default-executor-2] INFO  impl.RaftServerImpl (ServerState.java:setLeader(263)) - 3a5f5f92-1fbc-4da9-891b-fb9af6a803f0:group-4BD28E86B1A9 change Leader from null to 1eeec8c2-4c0f-4bc8-b0db-6391a5855575 at term 1 for appendEntries, leader elected after 1271ms
2019-08-20 19:41:50,097 | INFO  | SCMAudit | user=jenkins1000 | ip=192.168.157.205 | op=SEND_HEARTBEAT {datanodeUUID=58cb59aa-46a6-4cbe-bb28-3c835a001716, command=[]} | ret=SUCCESS |  
2019-08-20 19:41:50,099 | INFO  | SCMAudit | user=jenkins1000 | ip=192.168.157.205 | op=SEND_HEARTBEAT {datanodeUUID=2bc3458d-469e-4a51-8672-7abe5768ce0e, command=[]} | ret=SUCCESS |  
2019-08-20 19:41:50,106 [grpc-default-executor-2] INFO  impl.RaftServerImpl (ServerState.java:setRaftConf(361)) - 1eeec8c2-4c0f-4bc8-b0db-6391a5855575:group-CA825B28539E set configuration 0: [1eeec8c2-4c0f-4bc8-b0db-6391a5855575:192.168.157.205:39192, 3a5f5f92-1fbc-4da9-891b-fb9af6a803f0:192.168.157.205:37319, ee8f8b66-a0a6-4ed9-8105-e31fb13b4287:192.168.157.205:44060], old=null at 0
2019-08-20 19:41:50,106 [grpc-default-executor-3] INFO  impl.RaftServerImpl (ServerState.java:setRaftConf(361)) - 1eeec8c2-4c0f-4bc8-b0db-6391a5855575:group-78F196AB2FA0 set configuration 0: [1eeec8c2-4c0f-4bc8-b0db-6391a5855575:192.168.157.205:39192, 3a5f5f92-1fbc-4da9-891b-fb9af6a803f0:192.168.157.205:37319, ee8f8b66-a0a6-4ed9-8105-e31fb13b4287:192.168.157.205:44060], old=null at 0
2019-08-20 19:41:50,107 [grpc-default-executor-2] INFO  segmented.SegmentedRaftLogWorker (SegmentedRaftLogWorker.java:startLogSegment(380)) - 1eeec8c2-4c0f-4bc8-b0db-6391a5855575-SegmentedRaftLogWorker:Storage Directory /workdir/hadoop-ozone/integration-test/target/test-dir/MiniOzoneClusterImpl-e13e4b4c-a51c-41ed-96f1-bc31a3706be2/datanode-6/data/ratis/3075ad27-c966-413a-b68e-ca825b28539e: Starting segment from index:0
2019-08-20 19:41:50,106 [grpc-default-executor-1] INFO  impl.RaftServerImpl (ServerState.java:setRaftConf(361)) - 3a5f5f92-1fbc-4da9-891b-fb9af6a803f0:group-78F196AB2FA0 set configuration 0: [1eeec8c2-4c0f-4bc8-b0db-6391a5855575:192.168.157.205:39192, 3a5f5f92-1fbc-4da9-891b-fb9af6a803f0:192.168.157.205:37319, ee8f8b66-a0a6-4ed9-8105-e31fb13b4287:192.168.157.205:44060], old=null at 0
2019-08-20 19:41:50,106 [grpc-default-executor-5] INFO  impl.RaftServerImpl (ServerState.java:setRaftConf(361)) - ee8f8b66-a0a6-4ed9-8105-e31fb13b4287:group-CA825B28539E set configuration 0: [1eeec8c2-4c0f-4bc8-b0db-6391a5855575:192.168.157.205:39192, 3a5f5f92-1fbc-4da9-891b-fb9af6a803f0:192.168.157.205:37319, ee8f8b66-a0a6-4ed9-8105-e31fb13b4287:192.168.157.205:44060], old=null at 0
2019-08-20 19:41:50,106 [grpc-default-executor-4] INFO  impl.RaftServerImpl (ServerState.java:setRaftConf(361)) - ee8f8b66-a0a6-4ed9-8105-e31fb13b4287:group-4BD28E86B1A9 set configuration 0: [1eeec8c2-4c0f-4bc8-b0db-6391a5855575:192.168.157.205:39192, 3a5f5f92-1fbc-4da9-891b-fb9af6a803f0:192.168.157.205:37319, ee8f8b66-a0a6-4ed9-8105-e31fb13b4287:192.168.157.205:44060], old=null at 0
2019-08-20 19:41:50,106 [grpc-default-executor-0] INFO  impl.RaftServerImpl (ServerState.java:setRaftConf(361)) - 3a5f5f92-1fbc-4da9-891b-fb9af6a803f0:group-4BD28E86B1A9 set configuration 0: [1eeec8c2-4c0f-4bc8-b0db-6391a5855575:192.168.157.205:39192, 3a5f5f92-1fbc-4da9-891b-fb9af6a803f0:192.168.157.205:37319, ee8f8b66-a0a6-4ed9-8105-e31fb13b4287:192.168.157.205:44060], old=null at 0
2019-08-20 19:41:50,108 [grpc-default-executor-4] INFO  segmented.SegmentedRaftLogWorker (SegmentedRaftLogWorker.java:startLogSegment(380)) - ee8f8b66-a0a6-4ed9-8105-e31fb13b4287-SegmentedRaftLogWorker:Storage Directory /workdir/hadoop-ozone/integration-test/target/test-dir/MiniOzoneClusterImpl-e13e4b4c-a51c-41ed-96f1-bc31a3706be2/datanode-5/data/ratis/b8a02491-4481-463c-9f11-4bd28e86b1a9: Starting segment from index:0
2019-08-20 19:41:50,107 [grpc-default-executor-5] INFO  segmented.SegmentedRaftLogWorker (SegmentedRaftLogWorker.java:startLogSegment(380)) - ee8f8b66-a0a6-4ed9-8105-e31fb13b4287-SegmentedRaftLogWorker:Storage Directory /workdir/hadoop-ozone/integration-test/target/test-dir/MiniOzoneClusterImpl-e13e4b4c-a51c-41ed-96f1-bc31a3706be2/datanode-5/data/ratis/3075ad27-c966-413a-b68e-ca825b28539e: Starting segment from index:0
2019-08-20 19:41:50,107 [grpc-default-executor-1] INFO  segmented.SegmentedRaftLogWorker (SegmentedRaftLogWorker.java:startLogSegment(380)) - 3a5f5f92-1fbc-4da9-891b-fb9af6a803f0-SegmentedRaftLogWorker:Storage Directory /workdir/hadoop-ozone/integration-test/target/test-dir/MiniOzoneClusterImpl-e13e4b4c-a51c-41ed-96f1-bc31a3706be2/datanode-9/data/ratis/d391e905-fe4b-49eb-8efd-78f196ab2fa0: Starting segment from index:0
2019-08-20 19:41:50,107 [grpc-default-executor-3] INFO  segmented.SegmentedRaftLogWorker (SegmentedRaftLogWorker.java:startLogSegment(380)) - 1eeec8c2-4c0f-4bc8-b0db-6391a5855575-SegmentedRaftLogWorker:Storage Directory /workdir/hadoop-ozone/integration-test/target/test-dir/MiniOzoneClusterImpl-e13e4b4c-a51c-41ed-96f1-bc31a3706be2/datanode-6/data/ratis/d391e905-fe4b-49eb-8efd-78f196ab2fa0: Starting segment from index:0
2019-08-20 19:41:50,108 [grpc-default-executor-0] INFO  segmented.SegmentedRaftLogWorker (SegmentedRaftLogWorker.java:startLogSegment(380)) - 3a5f5f92-1fbc-4da9-891b-fb9af6a803f0-SegmentedRaftLogWorker:Storage Directory /workdir/hadoop-ozone/integration-test/target/test-dir/MiniOzoneClusterImpl-e13e4b4c-a51c-41ed-96f1-bc31a3706be2/datanode-9/data/ratis/b8a02491-4481-463c-9f11-4bd28e86b1a9: Starting segment from index:0
2019-08-20 19:41:50,150 [ee8f8b66-a0a6-4ed9-8105-e31fb13b4287-SegmentedRaftLogWorker:Storage Directory /workdir/hadoop-ozone/integration-test/target/test-dir/MiniOzoneClusterImpl-e13e4b4c-a51c-41ed-96f1-bc31a3706be2/datanode-5/data/ratis/3075ad27-c966-413a-b68e-ca825b28539e] INFO  segmented.SegmentedRaftLogWorker (SegmentedRaftLogWorker.java:execute(569)) - ee8f8b66-a0a6-4ed9-8105-e31fb13b4287-SegmentedRaftLogWorker:Storage Directory /workdir/hadoop-ozone/integration-test/target/test-dir/MiniOzoneClusterImpl-e13e4b4c-a51c-41ed-96f1-bc31a3706be2/datanode-5/data/ratis/3075ad27-c966-413a-b68e-ca825b28539e: created new log segment /workdir/hadoop-ozone/integration-test/target/test-dir/MiniOzoneClusterImpl-e13e4b4c-a51c-41ed-96f1-bc31a3706be2/datanode-5/data/ratis/3075ad27-c966-413a-b68e-ca825b28539e/current/log_inprogress_0
2019-08-20 19:41:50,150 [ee8f8b66-a0a6-4ed9-8105-e31fb13b4287-SegmentedRaftLogWorker:Storage Directory /workdir/hadoop-ozone/integration-test/target/test-dir/MiniOzoneClusterImpl-e13e4b4c-a51c-41ed-96f1-bc31a3706be2/datanode-5/data/ratis/b8a02491-4481-463c-9f11-4bd28e86b1a9] INFO  segmented.SegmentedRaftLogWorker (SegmentedRaftLogWorker.java:execute(569)) - ee8f8b66-a0a6-4ed9-8105-e31fb13b4287-SegmentedRaftLogWorker:Storage Directory /workdir/hadoop-ozone/integration-test/target/test-dir/MiniOzoneClusterImpl-e13e4b4c-a51c-41ed-96f1-bc31a3706be2/datanode-5/data/ratis/b8a02491-4481-463c-9f11-4bd28e86b1a9: created new log segment /workdir/hadoop-ozone/integration-test/target/test-dir/MiniOzoneClusterImpl-e13e4b4c-a51c-41ed-96f1-bc31a3706be2/datanode-5/data/ratis/b8a02491-4481-463c-9f11-4bd28e86b1a9/current/log_inprogress_0
2019-08-20 19:41:50,150 [1eeec8c2-4c0f-4bc8-b0db-6391a5855575-SegmentedRaftLogWorker:Storage Directory /workdir/hadoop-ozone/integration-test/target/test-dir/MiniOzoneClusterImpl-e13e4b4c-a51c-41ed-96f1-bc31a3706be2/datanode-6/data/ratis/d391e905-fe4b-49eb-8efd-78f196ab2fa0] INFO  segmented.SegmentedRaftLogWorker (SegmentedRaftLogWorker.java:execute(569)) - 1eeec8c2-4c0f-4bc8-b0db-6391a5855575-SegmentedRaftLogWorker:Storage Directory /workdir/hadoop-ozone/integration-test/target/test-dir/MiniOzoneClusterImpl-e13e4b4c-a51c-41ed-96f1-bc31a3706be2/datanode-6/data/ratis/d391e905-fe4b-49eb-8efd-78f196ab2fa0: created new log segment /workdir/hadoop-ozone/integration-test/target/test-dir/MiniOzoneClusterImpl-e13e4b4c-a51c-41ed-96f1-bc31a3706be2/datanode-6/data/ratis/d391e905-fe4b-49eb-8efd-78f196ab2fa0/current/log_inprogress_0
2019-08-20 19:41:50,150 [3a5f5f92-1fbc-4da9-891b-fb9af6a803f0-SegmentedRaftLogWorker:Storage Directory /workdir/hadoop-ozone/integration-test/target/test-dir/MiniOzoneClusterImpl-e13e4b4c-a51c-41ed-96f1-bc31a3706be2/datanode-9/data/ratis/d391e905-fe4b-49eb-8efd-78f196ab2fa0] INFO  segmented.SegmentedRaftLogWorker (SegmentedRaftLogWorker.java:execute(569)) - 3a5f5f92-1fbc-4da9-891b-fb9af6a803f0-SegmentedRaftLogWorker:Storage Directory /workdir/hadoop-ozone/integration-test/target/test-dir/MiniOzoneClusterImpl-e13e4b4c-a51c-41ed-96f1-bc31a3706be2/datanode-9/data/ratis/d391e905-fe4b-49eb-8efd-78f196ab2fa0: created new log segment /workdir/hadoop-ozone/integration-test/target/test-dir/MiniOzoneClusterImpl-e13e4b4c-a51c-41ed-96f1-bc31a3706be2/datanode-9/data/ratis/d391e905-fe4b-49eb-8efd-78f196ab2fa0/current/log_inprogress_0
2019-08-20 19:41:50,150 [1eeec8c2-4c0f-4bc8-b0db-6391a5855575-SegmentedRaftLogWorker:Storage Directory /workdir/hadoop-ozone/integration-test/target/test-dir/MiniOzoneClusterImpl-e13e4b4c-a51c-41ed-96f1-bc31a3706be2/datanode-6/data/ratis/3075ad27-c966-413a-b68e-ca825b28539e] INFO  segmented.SegmentedRaftLogWorker (SegmentedRaftLogWorker.java:execute(569)) - 1eeec8c2-4c0f-4bc8-b0db-6391a5855575-SegmentedRaftLogWorker:Storage Directory /workdir/hadoop-ozone/integration-test/target/test-dir/MiniOzoneClusterImpl-e13e4b4c-a51c-41ed-96f1-bc31a3706be2/datanode-6/data/ratis/3075ad27-c966-413a-b68e-ca825b28539e: created new log segment /workdir/hadoop-ozone/integration-test/target/test-dir/MiniOzoneClusterImpl-e13e4b4c-a51c-41ed-96f1-bc31a3706be2/datanode-6/data/ratis/3075ad27-c966-413a-b68e-ca825b28539e/current/log_inprogress_0
2019-08-20 19:41:50,155 [3a5f5f92-1fbc-4da9-891b-fb9af6a803f0-SegmentedRaftLogWorker:Storage Directory /workdir/hadoop-ozone/integration-test/target/test-dir/MiniOzoneClusterImpl-e13e4b4c-a51c-41ed-96f1-bc31a3706be2/datanode-9/data/ratis/b8a02491-4481-463c-9f11-4bd28e86b1a9] INFO  segmented.SegmentedRaftLogWorker (SegmentedRaftLogWorker.java:execute(569)) - 3a5f5f92-1fbc-4da9-891b-fb9af6a803f0-SegmentedRaftLogWorker:Storage Directory /workdir/hadoop-ozone/integration-test/target/test-dir/MiniOzoneClusterImpl-e13e4b4c-a51c-41ed-96f1-bc31a3706be2/datanode-9/data/ratis/b8a02491-4481-463c-9f11-4bd28e86b1a9: created new log segment /workdir/hadoop-ozone/integration-test/target/test-dir/MiniOzoneClusterImpl-e13e4b4c-a51c-41ed-96f1-bc31a3706be2/datanode-9/data/ratis/b8a02491-4481-463c-9f11-4bd28e86b1a9/current/log_inprogress_0
2019-08-20 19:41:50,166 | INFO  | SCMAudit | user=jenkins1000 | ip=192.168.157.205 | op=SEND_HEARTBEAT {datanodeUUID=7e48a0a7-bde4-47b7-8ad8-7f749fa46a32, command=[]} | ret=SUCCESS |  
2019-08-20 19:41:50,166 | INFO  | SCMAudit | user=jenkins1000 | ip=192.168.157.205 | op=SEND_HEARTBEAT {datanodeUUID=0ddcad73-dd47-4236-bfae-d514011a99c3, command=[]} | ret=SUCCESS |  
2019-08-20 19:41:50,297 | INFO  | SCMAudit | user=jenkins1000 | ip=192.168.157.205 | op=SEND_HEARTBEAT {datanodeUUID=3a5f5f92-1fbc-4da9-891b-fb9af6a803f0, command=[]} | ret=SUCCESS |  
2019-08-20 19:41:50,340 | INFO  | SCMAudit | user=jenkins1000 | ip=192.168.157.205 | op=SEND_HEARTBEAT {datanodeUUID=a9286357-6b15-4043-a893-920ae835d3d2, command=[]} | ret=SUCCESS |  
2019-08-20 19:41:50,684 | INFO  | SCMAudit | user=jenkins1000 | ip=192.168.157.205 | op=SEND_HEARTBEAT {datanodeUUID=1eeec8c2-4c0f-4bc8-b0db-6391a5855575, command=[]} | ret=SUCCESS |  
2019-08-20 19:41:50,893 | INFO  | SCMAudit | user=jenkins1000 | ip=192.168.157.205 | op=SEND_HEARTBEAT {datanodeUUID=8109623e-cc10-4f33-b553-5cc878b10d85, command=[]} | ret=SUCCESS |  
2019-08-20 19:41:51,097 | INFO  | SCMAudit | user=jenkins1000 | ip=192.168.157.205 | op=SEND_HEARTBEAT {datanodeUUID=58cb59aa-46a6-4cbe-bb28-3c835a001716, command=[]} | ret=SUCCESS |  
2019-08-20 19:41:51,100 | INFO  | SCMAudit | user=jenkins1000 | ip=192.168.157.205 | op=SEND_HEARTBEAT {datanodeUUID=2bc3458d-469e-4a51-8672-7abe5768ce0e, command=[]} | ret=SUCCESS |  
2019-08-20 19:41:51,166 | INFO  | SCMAudit | user=jenkins1000 | ip=192.168.157.205 | op=SEND_HEARTBEAT {datanodeUUID=7e48a0a7-bde4-47b7-8ad8-7f749fa46a32, command=[]} | ret=SUCCESS |  
2019-08-20 19:41:51,167 | INFO  | SCMAudit | user=jenkins1000 | ip=192.168.157.205 | op=SEND_HEARTBEAT {datanodeUUID=0ddcad73-dd47-4236-bfae-d514011a99c3, command=[]} | ret=SUCCESS |  
2019-08-20 19:41:51,298 | INFO  | SCMAudit | user=jenkins1000 | ip=192.168.157.205 | op=SEND_HEARTBEAT {datanodeUUID=3a5f5f92-1fbc-4da9-891b-fb9af6a803f0, command=[]} | ret=SUCCESS |  
2019-08-20 19:41:51,340 | INFO  | SCMAudit | user=jenkins1000 | ip=192.168.157.205 | op=SEND_HEARTBEAT {datanodeUUID=a9286357-6b15-4043-a893-920ae835d3d2, command=[]} | ret=SUCCESS |  
2019-08-20 19:41:51,684 | INFO  | SCMAudit | user=jenkins1000 | ip=192.168.157.205 | op=SEND_HEARTBEAT {datanodeUUID=1eeec8c2-4c0f-4bc8-b0db-6391a5855575, command=[]} | ret=SUCCESS |  
2019-08-20 19:41:51,893 | INFO  | SCMAudit | user=jenkins1000 | ip=192.168.157.205 | op=SEND_HEARTBEAT {datanodeUUID=8109623e-cc10-4f33-b553-5cc878b10d85, command=[]} | ret=SUCCESS |  
2019-08-20 19:41:52,097 | INFO  | SCMAudit | user=jenkins1000 | ip=192.168.157.205 | op=SEND_HEARTBEAT {datanodeUUID=58cb59aa-46a6-4cbe-bb28-3c835a001716, command=[]} | ret=SUCCESS |  
2019-08-20 19:41:52,100 | INFO  | SCMAudit | user=jenkins1000 | ip=192.168.157.205 | op=SEND_HEARTBEAT {datanodeUUID=2bc3458d-469e-4a51-8672-7abe5768ce0e, command=[]} | ret=SUCCESS |  
2019-08-20 19:41:52,166 | INFO  | SCMAudit | user=jenkins1000 | ip=192.168.157.205 | op=SEND_HEARTBEAT {datanodeUUID=7e48a0a7-bde4-47b7-8ad8-7f749fa46a32, command=[]} | ret=SUCCESS |  
2019-08-20 19:41:52,166 | INFO  | SCMAudit | user=jenkins1000 | ip=192.168.157.205 | op=SEND_HEARTBEAT {datanodeUUID=0ddcad73-dd47-4236-bfae-d514011a99c3, command=[]} | ret=SUCCESS |  
2019-08-20 19:41:52,298 | INFO  | SCMAudit | user=jenkins1000 | ip=192.168.157.205 | op=SEND_HEARTBEAT {datanodeUUID=3a5f5f92-1fbc-4da9-891b-fb9af6a803f0, command=[]} | ret=SUCCESS |  
2019-08-20 19:41:52,340 | INFO  | SCMAudit | user=jenkins1000 | ip=192.168.157.205 | op=SEND_HEARTBEAT {datanodeUUID=a9286357-6b15-4043-a893-920ae835d3d2, command=[]} | ret=SUCCESS |  
2019-08-20 19:41:52,684 | INFO  | SCMAudit | user=jenkins1000 | ip=192.168.157.205 | op=SEND_HEARTBEAT {datanodeUUID=1eeec8c2-4c0f-4bc8-b0db-6391a5855575, command=[]} | ret=SUCCESS |  
2019-08-20 19:41:52,894 | INFO  | SCMAudit | user=jenkins1000 | ip=192.168.157.205 | op=SEND_HEARTBEAT {datanodeUUID=8109623e-cc10-4f33-b553-5cc878b10d85, command=[]} | ret=SUCCESS |  
2019-08-20 19:41:52,926 [main] INFO  ozoneimpl.OzoneContainer (OzoneContainer.java:stop(199)) - Attempting to stop container services.
2019-08-20 19:41:52,926 [ForkJoinPool.commonPool-worker-0] INFO  ozoneimpl.OzoneContainer (OzoneContainer.java:stop(199)) - Attempting to stop container services.
2019-08-20 19:41:52,928 [main] INFO  impl.RaftServerProxy (RaftServerProxy.java:lambda$close$4(314)) - ee8f8b66-a0a6-4ed9-8105-e31fb13b4287: close
2019-08-20 19:41:52,928 [ForkJoinPool.commonPool-worker-0] INFO  impl.RaftServerProxy (RaftServerProxy.java:lambda$close$4(314)) - 4076f294-af48-436f-ac12-9ab283e144bb: close
2019-08-20 19:41:52,931 [main] INFO  impl.RaftServerImpl (RaftServerImpl.java:lambda$shutdown$3(245)) - ee8f8b66-a0a6-4ed9-8105-e31fb13b4287: shutdown group-CA825B28539E
2019-08-20 19:41:52,931 [ForkJoinPool.commonPool-worker-0] INFO  impl.RaftServerImpl (RaftServerImpl.java:lambda$shutdown$3(245)) - 4076f294-af48-436f-ac12-9ab283e144bb: shutdown group-6E912D5A715C
2019-08-20 19:41:52,932 [main] INFO  util.JmxRegister (JmxRegister.java:unregister(73)) - Successfully un-registered JMX Bean with object name Ratis:service=RaftServer,group=group-CA825B28539E,id=ee8f8b66-a0a6-4ed9-8105-e31fb13b4287
2019-08-20 19:41:52,932 [ForkJoinPool.commonPool-worker-0] INFO  util.JmxRegister (JmxRegister.java:unregister(73)) - Successfully un-registered JMX Bean with object name Ratis:service=RaftServer,group=group-6E912D5A715C,id=4076f294-af48-436f-ac12-9ab283e144bb
2019-08-20 19:41:52,933 [main] INFO  impl.RoleInfo (RoleInfo.java:shutdownFollowerState(121)) - ee8f8b66-a0a6-4ed9-8105-e31fb13b4287: shutdown FollowerState
2019-08-20 19:41:52,933 [ForkJoinPool.commonPool-worker-0] INFO  impl.RoleInfo (RoleInfo.java:shutdownLeaderState(104)) - 4076f294-af48-436f-ac12-9ab283e144bb: shutdown LeaderState
2019-08-20 19:41:52,934 [Thread-376] INFO  impl.FollowerState (FollowerState.java:run(114)) - ee8f8b66-a0a6-4ed9-8105-e31fb13b4287: FollowerState was interrupted: java.lang.InterruptedException: sleep interrupted
2019-08-20 19:41:52,934 [main] INFO  impl.StateMachineUpdater (StateMachineUpdater.java:stopAndJoin(115)) - StateMachineUpdater:ee8f8b66-a0a6-4ed9-8105-e31fb13b4287:group-CA825B28539E: set stopIndex = 0
2019-08-20 19:41:52,954 [main] INFO  impl.RaftServerImpl (ServerState.java:close(394)) - ee8f8b66-a0a6-4ed9-8105-e31fb13b4287:group-CA825B28539E closes. The last applied log index is 0
2019-08-20 19:41:52,954 [ForkJoinPool.commonPool-worker-0] INFO  impl.PendingRequests (PendingRequests.java:sendNotLeaderResponses(202)) - 4076f294-af48-436f-ac12-9ab283e144bb-PendingRequests: sendNotLeaderResponses
2019-08-20 19:41:52,956 [ee8f8b66-a0a6-4ed9-8105-e31fb13b4287-SegmentedRaftLogWorker:Storage Directory /workdir/hadoop-ozone/integration-test/target/test-dir/MiniOzoneClusterImpl-e13e4b4c-a51c-41ed-96f1-bc31a3706be2/datanode-5/data/ratis/3075ad27-c966-413a-b68e-ca825b28539e] INFO  segmented.SegmentedRaftLogWorker (SegmentedRaftLogWorker.java:run(313)) - ee8f8b66-a0a6-4ed9-8105-e31fb13b4287-SegmentedRaftLogWorker:Storage Directory /workdir/hadoop-ozone/integration-test/target/test-dir/MiniOzoneClusterImpl-e13e4b4c-a51c-41ed-96f1-bc31a3706be2/datanode-5/data/ratis/3075ad27-c966-413a-b68e-ca825b28539e was interrupted, exiting. There are 0 tasks remaining in the queue.
2019-08-20 19:41:52,957 [ForkJoinPool.commonPool-worker-0] INFO  impl.StateMachineUpdater (StateMachineUpdater.java:stopAndJoin(115)) - StateMachineUpdater:4076f294-af48-436f-ac12-9ab283e144bb:group-6E912D5A715C: set stopIndex = 0
2019-08-20 19:41:52,962 [ForkJoinPool.commonPool-worker-0] INFO  impl.RaftServerImpl (ServerState.java:close(394)) - 4076f294-af48-436f-ac12-9ab283e144bb:group-6E912D5A715C closes. The last applied log index is 0
2019-08-20 19:41:52,962 [main] INFO  segmented.SegmentedRaftLogWorker (SegmentedRaftLogWorker.java:close(228)) - ee8f8b66-a0a6-4ed9-8105-e31fb13b4287-SegmentedRaftLogWorker:Storage Directory /workdir/hadoop-ozone/integration-test/target/test-dir/MiniOzoneClusterImpl-e13e4b4c-a51c-41ed-96f1-bc31a3706be2/datanode-5/data/ratis/3075ad27-c966-413a-b68e-ca825b28539e close()
2019-08-20 19:41:52,962 [4076f294-af48-436f-ac12-9ab283e144bb-SegmentedRaftLogWorker:Storage Directory /workdir/hadoop-ozone/integration-test/target/test-dir/MiniOzoneClusterImpl-e13e4b4c-a51c-41ed-96f1-bc31a3706be2/datanode-2/data/ratis/acc906f5-6f27-4e67-b7a8-6e912d5a715c] INFO  segmented.SegmentedRaftLogWorker (SegmentedRaftLogWorker.java:run(313)) - 4076f294-af48-436f-ac12-9ab283e144bb-SegmentedRaftLogWorker:Storage Directory /workdir/hadoop-ozone/integration-test/target/test-dir/MiniOzoneClusterImpl-e13e4b4c-a51c-41ed-96f1-bc31a3706be2/datanode-2/data/ratis/acc906f5-6f27-4e67-b7a8-6e912d5a715c was interrupted, exiting. There are 0 tasks remaining in the queue.
2019-08-20 19:41:52,969 [main] INFO  impl.RaftServerImpl (RaftServerImpl.java:lambda$shutdown$3(245)) - ee8f8b66-a0a6-4ed9-8105-e31fb13b4287: shutdown group-4BD28E86B1A9
2019-08-20 19:41:52,969 [ForkJoinPool.commonPool-worker-0] INFO  segmented.SegmentedRaftLogWorker (SegmentedRaftLogWorker.java:close(228)) - 4076f294-af48-436f-ac12-9ab283e144bb-SegmentedRaftLogWorker:Storage Directory /workdir/hadoop-ozone/integration-test/target/test-dir/MiniOzoneClusterImpl-e13e4b4c-a51c-41ed-96f1-bc31a3706be2/datanode-2/data/ratis/acc906f5-6f27-4e67-b7a8-6e912d5a715c close()
2019-08-20 19:41:52,970 [main] INFO  util.JmxRegister (JmxRegister.java:unregister(73)) - Successfully un-registered JMX Bean with object name Ratis:service=RaftServer,group=group-4BD28E86B1A9,id=ee8f8b66-a0a6-4ed9-8105-e31fb13b4287
2019-08-20 19:41:52,975 [main] INFO  impl.RoleInfo (RoleInfo.java:shutdownFollowerState(121)) - ee8f8b66-a0a6-4ed9-8105-e31fb13b4287: shutdown FollowerState
2019-08-20 19:41:52,975 [ForkJoinPool.commonPool-worker-0] INFO  server.GrpcService (GrpcService.java:closeImpl(155)) - 4076f294-af48-436f-ac12-9ab283e144bb: shutdown server with port 33701 now
2019-08-20 19:41:52,975 [Thread-387] INFO  impl.FollowerState (FollowerState.java:run(114)) - ee8f8b66-a0a6-4ed9-8105-e31fb13b4287: FollowerState was interrupted: java.lang.InterruptedException: sleep interrupted
2019-08-20 19:41:52,975 [main] INFO  impl.StateMachineUpdater (StateMachineUpdater.java:stopAndJoin(115)) - StateMachineUpdater:ee8f8b66-a0a6-4ed9-8105-e31fb13b4287:group-4BD28E86B1A9: set stopIndex = 0
2019-08-20 19:41:52,976 [main] INFO  impl.RaftServerImpl (ServerState.java:close(394)) - ee8f8b66-a0a6-4ed9-8105-e31fb13b4287:group-4BD28E86B1A9 closes. The last applied log index is 0
2019-08-20 19:41:52,977 [ee8f8b66-a0a6-4ed9-8105-e31fb13b4287-SegmentedRaftLogWorker:Storage Directory /workdir/hadoop-ozone/integration-test/target/test-dir/MiniOzoneClusterImpl-e13e4b4c-a51c-41ed-96f1-bc31a3706be2/datanode-5/data/ratis/b8a02491-4481-463c-9f11-4bd28e86b1a9] INFO  segmented.SegmentedRaftLogWorker (SegmentedRaftLogWorker.java:run(313)) - ee8f8b66-a0a6-4ed9-8105-e31fb13b4287-SegmentedRaftLogWorker:Storage Directory /workdir/hadoop-ozone/integration-test/target/test-dir/MiniOzoneClusterImpl-e13e4b4c-a51c-41ed-96f1-bc31a3706be2/datanode-5/data/ratis/b8a02491-4481-463c-9f11-4bd28e86b1a9 was interrupted, exiting. There are 0 tasks remaining in the queue.
2019-08-20 19:41:52,979 [main] INFO  segmented.SegmentedRaftLogWorker (SegmentedRaftLogWorker.java:close(228)) - ee8f8b66-a0a6-4ed9-8105-e31fb13b4287-SegmentedRaftLogWorker:Storage Directory /workdir/hadoop-ozone/integration-test/target/test-dir/MiniOzoneClusterImpl-e13e4b4c-a51c-41ed-96f1-bc31a3706be2/datanode-5/data/ratis/b8a02491-4481-463c-9f11-4bd28e86b1a9 close()
2019-08-20 19:41:52,986 [main] INFO  impl.RaftServerImpl (RaftServerImpl.java:lambda$shutdown$3(245)) - ee8f8b66-a0a6-4ed9-8105-e31fb13b4287: shutdown group-D9F71F650CA7
2019-08-20 19:41:52,986 [ForkJoinPool.commonPool-worker-0] INFO  server.GrpcService (GrpcService.java:closeImpl(163)) - 4076f294-af48-436f-ac12-9ab283e144bb: shutdown server with port 33701 successfully
2019-08-20 19:41:52,986 [main] INFO  util.JmxRegister (JmxRegister.java:unregister(73)) - Successfully un-registered JMX Bean with object name Ratis:service=RaftServer,group=group-D9F71F650CA7,id=ee8f8b66-a0a6-4ed9-8105-e31fb13b4287
2019-08-20 19:41:52,987 [main] INFO  impl.RoleInfo (RoleInfo.java:shutdownLeaderState(104)) - ee8f8b66-a0a6-4ed9-8105-e31fb13b4287: shutdown LeaderState
2019-08-20 19:41:52,987 [main] INFO  impl.PendingRequests (PendingRequests.java:sendNotLeaderResponses(202)) - ee8f8b66-a0a6-4ed9-8105-e31fb13b4287-PendingRequests: sendNotLeaderResponses
2019-08-20 19:41:52,990 [main] INFO  impl.StateMachineUpdater (StateMachineUpdater.java:stopAndJoin(115)) - StateMachineUpdater:ee8f8b66-a0a6-4ed9-8105-e31fb13b4287:group-D9F71F650CA7: set stopIndex = 0
2019-08-20 19:41:52,990 [main] INFO  impl.RaftServerImpl (ServerState.java:close(394)) - ee8f8b66-a0a6-4ed9-8105-e31fb13b4287:group-D9F71F650CA7 closes. The last applied log index is 0
2019-08-20 19:41:52,991 [ee8f8b66-a0a6-4ed9-8105-e31fb13b4287-SegmentedRaftLogWorker:Storage Directory /workdir/hadoop-ozone/integration-test/target/test-dir/MiniOzoneClusterImpl-e13e4b4c-a51c-41ed-96f1-bc31a3706be2/datanode-5/data/ratis/142d2a61-90d2-4b1b-ab33-d9f71f650ca7] INFO  segmented.SegmentedRaftLogWorker (SegmentedRaftLogWorker.java:run(313)) - ee8f8b66-a0a6-4ed9-8105-e31fb13b4287-SegmentedRaftLogWorker:Storage Directory /workdir/hadoop-ozone/integration-test/target/test-dir/MiniOzoneClusterImpl-e13e4b4c-a51c-41ed-96f1-bc31a3706be2/datanode-5/data/ratis/142d2a61-90d2-4b1b-ab33-d9f71f650ca7 was interrupted, exiting. There are 0 tasks remaining in the queue.
2019-08-20 19:41:52,993 [main] INFO  segmented.SegmentedRaftLogWorker (SegmentedRaftLogWorker.java:close(228)) - ee8f8b66-a0a6-4ed9-8105-e31fb13b4287-SegmentedRaftLogWorker:Storage Directory /workdir/hadoop-ozone/integration-test/target/test-dir/MiniOzoneClusterImpl-e13e4b4c-a51c-41ed-96f1-bc31a3706be2/datanode-5/data/ratis/142d2a61-90d2-4b1b-ab33-d9f71f650ca7 close()
2019-08-20 19:41:52,998 [main] INFO  impl.RaftServerImpl (RaftServerImpl.java:lambda$shutdown$3(245)) - ee8f8b66-a0a6-4ed9-8105-e31fb13b4287: shutdown group-78F196AB2FA0
2019-08-20 19:41:52,998 [main] INFO  util.JmxRegister (JmxRegister.java:unregister(73)) - Successfully un-registered JMX Bean with object name Ratis:service=RaftServer,group=group-78F196AB2FA0,id=ee8f8b66-a0a6-4ed9-8105-e31fb13b4287
2019-08-20 19:41:52,999 [main] INFO  impl.RoleInfo (RoleInfo.java:shutdownLeaderState(104)) - ee8f8b66-a0a6-4ed9-8105-e31fb13b4287: shutdown LeaderState
2019-08-20 19:41:53,003 [main] INFO  impl.PendingRequests (PendingRequests.java:sendNotLeaderResponses(202)) - ee8f8b66-a0a6-4ed9-8105-e31fb13b4287-PendingRequests: sendNotLeaderResponses
2019-08-20 19:41:53,003 [org.apache.ratis.server.impl.LogAppender$AppenderDaemon$$Lambda$725/1187814529@a558bb] WARN  server.GrpcLogAppender (GrpcLogAppender.java:mayWait(143)) - GrpcLogAppender(ee8f8b66-a0a6-4ed9-8105-e31fb13b4287->3a5f5f92-1fbc-4da9-891b-fb9af6a803f0): Wait interrupted by java.lang.InterruptedException
2019-08-20 19:41:53,003 [org.apache.ratis.server.impl.LogAppender$AppenderDaemon$$Lambda$725/1187814529@7ecab2ff] WARN  server.GrpcLogAppender (GrpcLogAppender.java:mayWait(143)) - GrpcLogAppender(ee8f8b66-a0a6-4ed9-8105-e31fb13b4287->1eeec8c2-4c0f-4bc8-b0db-6391a5855575): Wait interrupted by java.lang.InterruptedException
2019-08-20 19:41:53,005 [main] INFO  impl.StateMachineUpdater (StateMachineUpdater.java:stopAndJoin(115)) - StateMachineUpdater:ee8f8b66-a0a6-4ed9-8105-e31fb13b4287:group-78F196AB2FA0: set stopIndex = 0
2019-08-20 19:41:53,009 [ForkJoinPool.commonPool-worker-0] INFO  utils.BackgroundService (BackgroundService.java:shutdown(148)) - Shutting down service BlockDeletingService
2019-08-20 19:41:53,009 [main] INFO  impl.RaftServerImpl (ServerState.java:close(394)) - ee8f8b66-a0a6-4ed9-8105-e31fb13b4287:group-78F196AB2FA0 closes. The last applied log index is 0
2019-08-20 19:41:53,013 [ee8f8b66-a0a6-4ed9-8105-e31fb13b4287-SegmentedRaftLogWorker:Storage Directory /workdir/hadoop-ozone/integration-test/target/test-dir/MiniOzoneClusterImpl-e13e4b4c-a51c-41ed-96f1-bc31a3706be2/datanode-5/data/ratis/d391e905-fe4b-49eb-8efd-78f196ab2fa0] INFO  segmented.SegmentedRaftLogWorker (SegmentedRaftLogWorker.java:run(313)) - ee8f8b66-a0a6-4ed9-8105-e31fb13b4287-SegmentedRaftLogWorker:Storage Directory /workdir/hadoop-ozone/integration-test/target/test-dir/MiniOzoneClusterImpl-e13e4b4c-a51c-41ed-96f1-bc31a3706be2/datanode-5/data/ratis/d391e905-fe4b-49eb-8efd-78f196ab2fa0 was interrupted, exiting. There are 0 tasks remaining in the queue.
2019-08-20 19:41:53,015 [main] INFO  segmented.SegmentedRaftLogWorker (SegmentedRaftLogWorker.java:close(228)) - ee8f8b66-a0a6-4ed9-8105-e31fb13b4287-SegmentedRaftLogWorker:Storage Directory /workdir/hadoop-ozone/integration-test/target/test-dir/MiniOzoneClusterImpl-e13e4b4c-a51c-41ed-96f1-bc31a3706be2/datanode-5/data/ratis/d391e905-fe4b-49eb-8efd-78f196ab2fa0 close()
2019-08-20 19:41:53,021 [main] INFO  server.GrpcService (GrpcService.java:closeImpl(155)) - ee8f8b66-a0a6-4ed9-8105-e31fb13b4287: shutdown server with port 44060 now
2019-08-20 19:41:53,023 [refreshUsed-/workdir/hadoop-ozone/integration-test/target/test-dir/MiniOzoneClusterImpl-e13e4b4c-a51c-41ed-96f1-bc31a3706be2/datanode-2/data/containers] WARN  fs.CachingGetSpaceUsed (CachingGetSpaceUsed.java:run(183)) - Thread Interrupted waiting to refresh disk information: sleep interrupted
2019-08-20 19:41:53,021 [grpc-default-executor-5] INFO  server.GrpcServerProtocolService (GrpcServerProtocolService.java:onCompleted(104)) - 3a5f5f92-1fbc-4da9-891b-fb9af6a803f0: appendEntries completed
2019-08-20 19:41:53,021 [grpc-default-executor-4] INFO  server.GrpcServerProtocolService (GrpcServerProtocolService.java:onCompleted(104)) - 1eeec8c2-4c0f-4bc8-b0db-6391a5855575: appendEntries completed
2019-08-20 19:41:53,036 [grpc-default-executor-5] INFO  server.GrpcLogAppender (GrpcLogAppender.java:onCompleted(292)) - ee8f8b66-a0a6-4ed9-8105-e31fb13b4287->1eeec8c2-4c0f-4bc8-b0db-6391a5855575: follower responses appendEntries COMPLETED
2019-08-20 19:41:53,039 [grpc-default-executor-3] WARN  server.GrpcServerProtocolService (LogUtils.java:warn(134)) - ee8f8b66-a0a6-4ed9-8105-e31fb13b4287: appendEntries onError: org.apache.ratis.thirdparty.io.grpc.StatusRuntimeException: CANCELLED: cancelled before receiving half close
2019-08-20 19:41:53,039 [grpc-default-executor-5] INFO  impl.FollowerInfo (FollowerInfo.java:lambda$new$0(50)) - ee8f8b66-a0a6-4ed9-8105-e31fb13b4287->1eeec8c2-4c0f-4bc8-b0db-6391a5855575: nextIndex: updateUnconditionally 1 -> 0
2019-08-20 19:41:53,044 [grpc-default-executor-4] WARN  server.GrpcServerProtocolService (LogUtils.java:warn(134)) - ee8f8b66-a0a6-4ed9-8105-e31fb13b4287: appendEntries onError: org.apache.ratis.thirdparty.io.grpc.StatusRuntimeException: CANCELLED: cancelled before receiving half close
2019-08-20 19:41:53,044 [main] INFO  server.GrpcService (GrpcService.java:closeImpl(163)) - ee8f8b66-a0a6-4ed9-8105-e31fb13b4287: shutdown server with port 44060 successfully
2019-08-20 19:41:53,050 [grpc-default-executor-5] INFO  server.GrpcLogAppender (GrpcLogAppender.java:onError(281)) - GrpcLogAppender(ee8f8b66-a0a6-4ed9-8105-e31fb13b4287->3a5f5f92-1fbc-4da9-891b-fb9af6a803f0) is stopped
2019-08-20 19:41:53,053 [grpc-default-executor-5] WARN  server.GrpcLogAppender (LogUtils.java:warn(134)) - 3a5f5f92-1fbc-4da9-891b-fb9af6a803f0->ee8f8b66-a0a6-4ed9-8105-e31fb13b4287: Failed appendEntries: org.apache.ratis.thirdparty.io.grpc.StatusRuntimeException: CANCELLED: HTTP/2 error code: CANCEL
Received Rst Stream
2019-08-20 19:41:53,056 [main] INFO  utils.BackgroundService (BackgroundService.java:shutdown(148)) - Shutting down service BlockDeletingService
2019-08-20 19:41:53,056 [grpc-default-executor-5] INFO  impl.FollowerInfo (FollowerInfo.java:lambda$new$0(50)) - 3a5f5f92-1fbc-4da9-891b-fb9af6a803f0->ee8f8b66-a0a6-4ed9-8105-e31fb13b4287: nextIndex: updateUnconditionally 1 -> 0
2019-08-20 19:41:53,056 [grpc-default-executor-4] WARN  server.GrpcLogAppender (LogUtils.java:warn(134)) - 1eeec8c2-4c0f-4bc8-b0db-6391a5855575->ee8f8b66-a0a6-4ed9-8105-e31fb13b4287: Failed appendEntries: org.apache.ratis.thirdparty.io.grpc.StatusRuntimeException: CANCELLED: HTTP/2 error code: CANCEL
Received Rst Stream
2019-08-20 19:41:53,059 [refreshUsed-/workdir/hadoop-ozone/integration-test/target/test-dir/MiniOzoneClusterImpl-e13e4b4c-a51c-41ed-96f1-bc31a3706be2/datanode-5/data/containers] WARN  fs.CachingGetSpaceUsed (CachingGetSpaceUsed.java:run(183)) - Thread Interrupted waiting to refresh disk information: sleep interrupted
2019-08-20 19:41:53,064 [grpc-default-executor-4] INFO  impl.FollowerInfo (FollowerInfo.java:lambda$new$0(50)) - 1eeec8c2-4c0f-4bc8-b0db-6391a5855575->ee8f8b66-a0a6-4ed9-8105-e31fb13b4287: nextIndex: updateUnconditionally 1 -> 0
2019-08-20 19:41:53,094 [ForkJoinPool.commonPool-worker-0] INFO  statemachine.DatanodeStateMachine (DatanodeStateMachine.java:stopDaemon(395)) - Ozone container server stopped.
2019-08-20 19:41:53,101 [ForkJoinPool.commonPool-worker-0] INFO  handler.ContextHandler (ContextHandler.java:doStop(910)) - Stopped o.e.j.w.WebAppContext@17c0274c{/,null,UNAVAILABLE}{/hddsDatanode}
2019-08-20 19:41:53,101 | INFO  | SCMAudit | user=jenkins1000 | ip=192.168.157.205 | op=SEND_HEARTBEAT {datanodeUUID=58cb59aa-46a6-4cbe-bb28-3c835a001716, command=[]} | ret=SUCCESS |  
2019-08-20 19:41:53,101 | INFO  | SCMAudit | user=jenkins1000 | ip=192.168.157.205 | op=SEND_HEARTBEAT {datanodeUUID=2bc3458d-469e-4a51-8672-7abe5768ce0e, command=[]} | ret=SUCCESS |  
2019-08-20 19:41:53,102 [ForkJoinPool.commonPool-worker-0] INFO  server.AbstractConnector (AbstractConnector.java:doStop(318)) - Stopped ServerConnector@7abeabe9{HTTP/1.1,[http/1.1]}{0.0.0.0:0}
2019-08-20 19:41:53,104 [ForkJoinPool.commonPool-worker-0] INFO  handler.ContextHandler (ContextHandler.java:doStop(910)) - Stopped o.e.j.s.ServletContextHandler@65eb3597{/static,jar:file:/home/user/.m2/repository/org/apache/hadoop/hadoop-hdds-container-service/0.5.0-SNAPSHOT/hadoop-hdds-container-service-0.5.0-SNAPSHOT.jar!/webapps/static,UNAVAILABLE}
2019-08-20 19:41:53,106 [ForkJoinPool.commonPool-worker-0] INFO  handler.ContextHandler (ContextHandler.java:doStop(910)) - Stopped o.e.j.s.ServletContextHandler@102c18e{/logs,file:///workdir/hadoop-ozone/integration-test/target/log,UNAVAILABLE}
2019-08-20 19:41:53,107 [ForkJoinPool.commonPool-worker-0] INFO  datanode.ObjectStoreHandler (ObjectStoreHandler.java:close(155)) - Closing ObjectStoreHandler.
2019-08-20 19:41:53,108 [ForkJoinPool.commonPool-worker-0] INFO  ozone.HddsDatanodeService (HddsDatanodeService.java:stop(451)) - Stopped plug-in org.apache.hadoop.ozone.web.OzoneHddsDatanodeService@99a8de3
2019-08-20 19:41:53,117 [main] INFO  statemachine.DatanodeStateMachine (DatanodeStateMachine.java:stopDaemon(395)) - Ozone container server stopped.
2019-08-20 19:41:53,119 [main] INFO  handler.ContextHandler (ContextHandler.java:doStop(910)) - Stopped o.e.j.w.WebAppContext@7caf1e5{/,null,UNAVAILABLE}{/hddsDatanode}
2019-08-20 19:41:53,120 [main] INFO  server.AbstractConnector (AbstractConnector.java:doStop(318)) - Stopped ServerConnector@5c234920{HTTP/1.1,[http/1.1]}{0.0.0.0:0}
2019-08-20 19:41:53,120 [main] INFO  handler.ContextHandler (ContextHandler.java:doStop(910)) - Stopped o.e.j.s.ServletContextHandler@642c6461{/static,jar:file:/home/user/.m2/repository/org/apache/hadoop/hadoop-hdds-container-service/0.5.0-SNAPSHOT/hadoop-hdds-container-service-0.5.0-SNAPSHOT.jar!/webapps/static,UNAVAILABLE}
2019-08-20 19:41:53,121 [main] INFO  handler.ContextHandler (ContextHandler.java:doStop(910)) - Stopped o.e.j.s.ServletContextHandler@7af1d072{/logs,file:///workdir/hadoop-ozone/integration-test/target/log,UNAVAILABLE}
2019-08-20 19:41:53,122 [main] INFO  datanode.ObjectStoreHandler (ObjectStoreHandler.java:close(155)) - Closing ObjectStoreHandler.
2019-08-20 19:41:53,122 [main] INFO  ozone.HddsDatanodeService (HddsDatanodeService.java:stop(451)) - Stopped plug-in org.apache.hadoop.ozone.web.OzoneHddsDatanodeService@23afc725
2019-08-20 19:41:53,165 [Datanode State Machine Thread - 0] INFO  statemachine.DatanodeStateMachine (DatanodeStateMachine.java:lambda$startDaemon$0(350)) - Ozone container server started.
2019-08-20 19:41:53,166 | INFO  | SCMAudit | user=jenkins1000 | ip=192.168.157.205 | op=SEND_HEARTBEAT {datanodeUUID=0ddcad73-dd47-4236-bfae-d514011a99c3, command=[]} | ret=SUCCESS |  
2019-08-20 19:41:53,227 [grpc-default-executor-3] WARN  server.GrpcLogAppender (LogUtils.java:warn(134)) - 1eeec8c2-4c0f-4bc8-b0db-6391a5855575->ee8f8b66-a0a6-4ed9-8105-e31fb13b4287: Failed appendEntries: org.apache.ratis.thirdparty.io.grpc.StatusRuntimeException: UNAVAILABLE: io exception
2019-08-20 19:41:53,227 [grpc-default-executor-2] WARN  server.GrpcLogAppender (LogUtils.java:warn(134)) - 3a5f5f92-1fbc-4da9-891b-fb9af6a803f0->ee8f8b66-a0a6-4ed9-8105-e31fb13b4287: Failed appendEntries: org.apache.ratis.thirdparty.io.grpc.StatusRuntimeException: UNAVAILABLE: io exception
2019-08-20 19:41:53,233 [grpc-default-executor-3] INFO  impl.FollowerInfo (FollowerInfo.java:lambda$new$0(50)) - 1eeec8c2-4c0f-4bc8-b0db-6391a5855575->ee8f8b66-a0a6-4ed9-8105-e31fb13b4287: nextIndex: updateUnconditionally 0 -> 0
2019-08-20 19:41:53,233 [grpc-default-executor-2] INFO  impl.FollowerInfo (FollowerInfo.java:lambda$new$0(50)) - 3a5f5f92-1fbc-4da9-891b-fb9af6a803f0->ee8f8b66-a0a6-4ed9-8105-e31fb13b4287: nextIndex: updateUnconditionally 0 -> 0
2019-08-20 19:41:53,298 | INFO  | SCMAudit | user=jenkins1000 | ip=192.168.157.205 | op=SEND_HEARTBEAT {datanodeUUID=3a5f5f92-1fbc-4da9-891b-fb9af6a803f0, command=[]} | ret=SUCCESS |  
2019-08-20 19:41:53,342 | INFO  | SCMAudit | user=jenkins1000 | ip=192.168.157.205 | op=SEND_HEARTBEAT {datanodeUUID=a9286357-6b15-4043-a893-920ae835d3d2, command=[]} | ret=SUCCESS |  
2019-08-20 19:41:53,682 [Datanode State Machine Thread - 0] INFO  statemachine.DatanodeStateMachine (DatanodeStateMachine.java:lambda$startDaemon$0(350)) - Ozone container server started.
2019-08-20 19:41:53,720 [grpc-default-executor-5] WARN  server.GrpcLogAppender (LogUtils.java:warn(134)) - 1eeec8c2-4c0f-4bc8-b0db-6391a5855575->ee8f8b66-a0a6-4ed9-8105-e31fb13b4287: Failed appendEntries: org.apache.ratis.thirdparty.io.grpc.StatusRuntimeException: UNAVAILABLE: io exception
2019-08-20 19:41:53,723 [grpc-default-executor-5] INFO  impl.FollowerInfo (FollowerInfo.java:lambda$new$0(50)) - 1eeec8c2-4c0f-4bc8-b0db-6391a5855575->ee8f8b66-a0a6-4ed9-8105-e31fb13b4287: nextIndex: updateUnconditionally 0 -> 0
2019-08-20 19:41:53,727 [grpc-default-executor-2] WARN  server.GrpcLogAppender (LogUtils.java:warn(134)) - 3a5f5f92-1fbc-4da9-891b-fb9af6a803f0->ee8f8b66-a0a6-4ed9-8105-e31fb13b4287: Failed appendEntries: org.apache.ratis.thirdparty.io.grpc.StatusRuntimeException: UNAVAILABLE: io exception
2019-08-20 19:41:53,730 [grpc-default-executor-2] INFO  impl.FollowerInfo (FollowerInfo.java:lambda$new$0(50)) - 3a5f5f92-1fbc-4da9-891b-fb9af6a803f0->ee8f8b66-a0a6-4ed9-8105-e31fb13b4287: nextIndex: updateUnconditionally 0 -> 0
2019-08-20 19:41:53,895 | INFO  | SCMAudit | user=jenkins1000 | ip=192.168.157.205 | op=SEND_HEARTBEAT {datanodeUUID=8109623e-cc10-4f33-b553-5cc878b10d85, command=[]} | ret=SUCCESS |  
2019-08-20 19:41:54,097 | INFO  | SCMAudit | user=jenkins1000 | ip=192.168.157.205 | op=SEND_HEARTBEAT {datanodeUUID=58cb59aa-46a6-4cbe-bb28-3c835a001716, command=[]} | ret=SUCCESS |  
2019-08-20 19:41:54,099 | INFO  | SCMAudit | user=jenkins1000 | ip=192.168.157.205 | op=SEND_HEARTBEAT {datanodeUUID=2bc3458d-469e-4a51-8672-7abe5768ce0e, command=[]} | ret=SUCCESS |  
2019-08-20 19:41:54,167 | INFO  | SCMAudit | user=jenkins1000 | ip=192.168.157.205 | op=SEND_HEARTBEAT {datanodeUUID=0ddcad73-dd47-4236-bfae-d514011a99c3, command=[]} | ret=SUCCESS |  
2019-08-20 19:41:54,224 [grpc-default-executor-3] WARN  server.GrpcLogAppender (LogUtils.java:warn(134)) - 1eeec8c2-4c0f-4bc8-b0db-6391a5855575->ee8f8b66-a0a6-4ed9-8105-e31fb13b4287: Failed appendEntries: org.apache.ratis.thirdparty.io.grpc.StatusRuntimeException: UNAVAILABLE: io exception
2019-08-20 19:41:54,227 [grpc-default-executor-3] INFO  impl.FollowerInfo (FollowerInfo.java:lambda$new$0(50)) - 1eeec8c2-4c0f-4bc8-b0db-6391a5855575->ee8f8b66-a0a6-4ed9-8105-e31fb13b4287: nextIndex: updateUnconditionally 0 -> 0
2019-08-20 19:41:54,230 [grpc-default-executor-2] WARN  server.GrpcLogAppender (LogUtils.java:warn(134)) - 3a5f5f92-1fbc-4da9-891b-fb9af6a803f0->ee8f8b66-a0a6-4ed9-8105-e31fb13b4287: Failed appendEntries: org.apache.ratis.thirdparty.io.grpc.StatusRuntimeException: UNAVAILABLE: io exception
2019-08-20 19:41:54,232 [grpc-default-executor-2] INFO  impl.FollowerInfo (FollowerInfo.java:lambda$new$0(50)) - 3a5f5f92-1fbc-4da9-891b-fb9af6a803f0->ee8f8b66-a0a6-4ed9-8105-e31fb13b4287: nextIndex: updateUnconditionally 0 -> 0
2019-08-20 19:41:54,298 | INFO  | SCMAudit | user=jenkins1000 | ip=192.168.157.205 | op=SEND_HEARTBEAT {datanodeUUID=3a5f5f92-1fbc-4da9-891b-fb9af6a803f0, command=[]} | ret=SUCCESS |  
2019-08-20 19:41:54,301 [Thread-375] INFO  impl.FollowerState (FollowerState.java:run(106)) - 1eeec8c2-4c0f-4bc8-b0db-6391a5855575:group-78F196AB2FA0 changes to CANDIDATE, lastRpcTime:1590, electionTimeout:1106ms
2019-08-20 19:41:54,301 [Thread-375] INFO  impl.RoleInfo (RoleInfo.java:shutdownFollowerState(121)) - 1eeec8c2-4c0f-4bc8-b0db-6391a5855575: shutdown FollowerState
2019-08-20 19:41:54,301 [Thread-375] INFO  impl.RaftServerImpl (RaftServerImpl.java:setRole(171)) - 1eeec8c2-4c0f-4bc8-b0db-6391a5855575:group-78F196AB2FA0 changes role from FOLLOWER to CANDIDATE at term 1 for changeToCandidate
2019-08-20 19:41:54,301 [Thread-375] INFO  impl.RoleInfo (RoleInfo.java:updateAndGet(143)) - 1eeec8c2-4c0f-4bc8-b0db-6391a5855575: start LeaderElection
2019-08-20 19:41:54,302 [1eeec8c2-4c0f-4bc8-b0db-6391a5855575:group-78F196AB2FA0:LeaderElection16] INFO  impl.RaftServerImpl (ServerState.java:setLeader(263)) - 1eeec8c2-4c0f-4bc8-b0db-6391a5855575:group-78F196AB2FA0 change Leader from ee8f8b66-a0a6-4ed9-8105-e31fb13b4287 to null at term 1 for initElection
2019-08-20 19:41:54,333 [1eeec8c2-4c0f-4bc8-b0db-6391a5855575:group-78F196AB2FA0:LeaderElection16] INFO  impl.LeaderElection (LeaderElection.java:askForVotes(181)) - 1eeec8c2-4c0f-4bc8-b0db-6391a5855575:group-78F196AB2FA0:LeaderElection16: begin an election at term 2 for 0: [1eeec8c2-4c0f-4bc8-b0db-6391a5855575:192.168.157.205:39192, 3a5f5f92-1fbc-4da9-891b-fb9af6a803f0:192.168.157.205:37319, ee8f8b66-a0a6-4ed9-8105-e31fb13b4287:192.168.157.205:44060], old=null
2019-08-20 19:41:54,341 [1eeec8c2-4c0f-4bc8-b0db-6391a5855575:group-78F196AB2FA0:LeaderElection16] INFO  impl.LeaderElection (LogUtils.java:infoOrTrace(149)) - 1eeec8c2-4c0f-4bc8-b0db-6391a5855575:group-78F196AB2FA0:LeaderElection16 got exception when requesting votes: {}
java.util.concurrent.ExecutionException: org.apache.ratis.thirdparty.io.grpc.StatusRuntimeException: UNAVAILABLE: io exception
	at java.util.concurrent.FutureTask.report(FutureTask.java:122)
	at java.util.concurrent.FutureTask.get(FutureTask.java:192)
	at org.apache.ratis.server.impl.LeaderElection.waitForResults(LeaderElection.java:262)
	at org.apache.ratis.server.impl.LeaderElection.askForVotes(LeaderElection.java:200)
	at org.apache.ratis.server.impl.LeaderElection.run(LeaderElection.java:130)
	at java.lang.Thread.run(Thread.java:748)
Caused by: org.apache.ratis.thirdparty.io.grpc.StatusRuntimeException: UNAVAILABLE: io exception
	at org.apache.ratis.thirdparty.io.grpc.stub.ClientCalls.toStatusRuntimeException(ClientCalls.java:233)
	at org.apache.ratis.thirdparty.io.grpc.stub.ClientCalls.getUnchecked(ClientCalls.java:214)
	at org.apache.ratis.thirdparty.io.grpc.stub.ClientCalls.blockingUnaryCall(ClientCalls.java:139)
	at org.apache.ratis.proto.grpc.RaftServerProtocolServiceGrpc$RaftServerProtocolServiceBlockingStub.requestVote(RaftServerProtocolServiceGrpc.java:265)
	at org.apache.ratis.grpc.server.GrpcServerProtocolClient.requestVote(GrpcServerProtocolClient.java:83)
	at org.apache.ratis.grpc.server.GrpcService.requestVote(GrpcService.java:195)
	at org.apache.ratis.server.impl.LeaderElection.lambda$submitRequests$1(LeaderElection.java:237)
	at java.util.concurrent.FutureTask.run(FutureTask.java:266)
	at java.util.concurrent.Executors$RunnableAdapter.call(Executors.java:511)
	at java.util.concurrent.FutureTask.run(FutureTask.java:266)
	at java.util.concurrent.ThreadPoolExecutor.runWorker(ThreadPoolExecutor.java:1149)
	at java.util.concurrent.ThreadPoolExecutor$Worker.run(ThreadPoolExecutor.java:624)
	... 1 more
Caused by: org.apache.ratis.thirdparty.io.netty.channel.AbstractChannel$AnnotatedConnectException: Connection refused: /192.168.157.205:44060
	at sun.nio.ch.SocketChannelImpl.checkConnect(Native Method)
	at sun.nio.ch.SocketChannelImpl.finishConnect(SocketChannelImpl.java:717)
	at org.apache.ratis.thirdparty.io.netty.channel.socket.nio.NioSocketChannel.doFinishConnect(NioSocketChannel.java:327)
	at org.apache.ratis.thirdparty.io.netty.channel.nio.AbstractNioChannel$AbstractNioUnsafe.finishConnect(AbstractNioChannel.java:340)
	at org.apache.ratis.thirdparty.io.netty.channel.nio.NioEventLoop.processSelectedKey(NioEventLoop.java:632)
	at org.apache.ratis.thirdparty.io.netty.channel.nio.NioEventLoop.processSelectedKeysOptimized(NioEventLoop.java:579)
	at org.apache.ratis.thirdparty.io.netty.channel.nio.NioEventLoop.processSelectedKeys(NioEventLoop.java:496)
	at org.apache.ratis.thirdparty.io.netty.channel.nio.NioEventLoop.run(NioEventLoop.java:458)
	at org.apache.ratis.thirdparty.io.netty.util.concurrent.SingleThreadEventExecutor$5.run(SingleThreadEventExecutor.java:897)
	at org.apache.ratis.thirdparty.io.netty.util.concurrent.FastThreadLocalRunnable.run(FastThreadLocalRunnable.java:30)
	... 1 more
Caused by: java.net.ConnectException: Connection refused
	... 11 more
2019-08-20 19:41:54,345 [grpc-default-executor-2] INFO  impl.RaftServerImpl (ServerState.java:setLeader(263)) - 3a5f5f92-1fbc-4da9-891b-fb9af6a803f0:group-78F196AB2FA0 change Leader from ee8f8b66-a0a6-4ed9-8105-e31fb13b4287 to null at term 2 for updateCurrentTerm
2019-08-20 19:41:54,346 [grpc-default-executor-2] INFO  impl.RaftServerImpl (RaftServerImpl.java:setRole(171)) - 3a5f5f92-1fbc-4da9-891b-fb9af6a803f0:group-78F196AB2FA0 changes role from FOLLOWER to FOLLOWER at term 2 for recognizeCandidate:1eeec8c2-4c0f-4bc8-b0db-6391a5855575
2019-08-20 19:41:54,346 | INFO  | SCMAudit | user=jenkins1000 | ip=192.168.157.205 | op=SEND_HEARTBEAT {datanodeUUID=a9286357-6b15-4043-a893-920ae835d3d2, command=[]} | ret=SUCCESS |  
2019-08-20 19:41:54,346 [grpc-default-executor-2] INFO  impl.RoleInfo (RoleInfo.java:shutdownFollowerState(121)) - 3a5f5f92-1fbc-4da9-891b-fb9af6a803f0: shutdown FollowerState
2019-08-20 19:41:54,346 [grpc-default-executor-2] INFO  impl.RoleInfo (RoleInfo.java:updateAndGet(143)) - 3a5f5f92-1fbc-4da9-891b-fb9af6a803f0: start FollowerState
2019-08-20 19:41:54,346 [Thread-377] INFO  impl.FollowerState (FollowerState.java:run(114)) - 3a5f5f92-1fbc-4da9-891b-fb9af6a803f0: FollowerState was interrupted: java.lang.InterruptedException: sleep interrupted
2019-08-20 19:41:54,364 [1eeec8c2-4c0f-4bc8-b0db-6391a5855575:group-78F196AB2FA0:LeaderElection16] INFO  impl.LeaderElection (LeaderElection.java:logAndReturn(56)) - 1eeec8c2-4c0f-4bc8-b0db-6391a5855575:group-78F196AB2FA0:LeaderElection16: Election PASSED; received 1 response(s) [1eeec8c2-4c0f-4bc8-b0db-6391a5855575<-3a5f5f92-1fbc-4da9-891b-fb9af6a803f0#0:OK-t2] and 1 exception(s); 1eeec8c2-4c0f-4bc8-b0db-6391a5855575:t2, leader=null, voted=1eeec8c2-4c0f-4bc8-b0db-6391a5855575, raftlog=1eeec8c2-4c0f-4bc8-b0db-6391a5855575-SegmentedRaftLog:OPENED:c0,f0,i0, conf=0: [1eeec8c2-4c0f-4bc8-b0db-6391a5855575:192.168.157.205:39192, 3a5f5f92-1fbc-4da9-891b-fb9af6a803f0:192.168.157.205:37319, ee8f8b66-a0a6-4ed9-8105-e31fb13b4287:192.168.157.205:44060], old=null
2019-08-20 19:41:54,365 [1eeec8c2-4c0f-4bc8-b0db-6391a5855575:group-78F196AB2FA0:LeaderElection16] INFO  impl.LeaderElection (LogUtils.java:infoOrTrace(149)) -   Exception 0: {}
java.util.concurrent.ExecutionException: org.apache.ratis.thirdparty.io.grpc.StatusRuntimeException: UNAVAILABLE: io exception
	at java.util.concurrent.FutureTask.report(FutureTask.java:122)
	at java.util.concurrent.FutureTask.get(FutureTask.java:192)
	at org.apache.ratis.server.impl.LeaderElection.waitForResults(LeaderElection.java:262)
	at org.apache.ratis.server.impl.LeaderElection.askForVotes(LeaderElection.java:200)
	at org.apache.ratis.server.impl.LeaderElection.run(LeaderElection.java:130)
	at java.lang.Thread.run(Thread.java:748)
Caused by: org.apache.ratis.thirdparty.io.grpc.StatusRuntimeException: UNAVAILABLE: io exception
	at org.apache.ratis.thirdparty.io.grpc.stub.ClientCalls.toStatusRuntimeException(ClientCalls.java:233)
	at org.apache.ratis.thirdparty.io.grpc.stub.ClientCalls.getUnchecked(ClientCalls.java:214)
	at org.apache.ratis.thirdparty.io.grpc.stub.ClientCalls.blockingUnaryCall(ClientCalls.java:139)
	at org.apache.ratis.proto.grpc.RaftServerProtocolServiceGrpc$RaftServerProtocolServiceBlockingStub.requestVote(RaftServerProtocolServiceGrpc.java:265)
	at org.apache.ratis.grpc.server.GrpcServerProtocolClient.requestVote(GrpcServerProtocolClient.java:83)
	at org.apache.ratis.grpc.server.GrpcService.requestVote(GrpcService.java:195)
	at org.apache.ratis.server.impl.LeaderElection.lambda$submitRequests$1(LeaderElection.java:237)
	at java.util.concurrent.FutureTask.run(FutureTask.java:266)
	at java.util.concurrent.Executors$RunnableAdapter.call(Executors.java:511)
	at java.util.concurrent.FutureTask.run(FutureTask.java:266)
	at java.util.concurrent.ThreadPoolExecutor.runWorker(ThreadPoolExecutor.java:1149)
	at java.util.concurrent.ThreadPoolExecutor$Worker.run(ThreadPoolExecutor.java:624)
	... 1 more
Caused by: org.apache.ratis.thirdparty.io.netty.channel.AbstractChannel$AnnotatedConnectException: Connection refused: /192.168.157.205:44060
	at sun.nio.ch.SocketChannelImpl.checkConnect(Native Method)
	at sun.nio.ch.SocketChannelImpl.finishConnect(SocketChannelImpl.java:717)
	at org.apache.ratis.thirdparty.io.netty.channel.socket.nio.NioSocketChannel.doFinishConnect(NioSocketChannel.java:327)
	at org.apache.ratis.thirdparty.io.netty.channel.nio.AbstractNioChannel$AbstractNioUnsafe.finishConnect(AbstractNioChannel.java:340)
	at org.apache.ratis.thirdparty.io.netty.channel.nio.NioEventLoop.processSelectedKey(NioEventLoop.java:632)
	at org.apache.ratis.thirdparty.io.netty.channel.nio.NioEventLoop.processSelectedKeysOptimized(NioEventLoop.java:579)
	at org.apache.ratis.thirdparty.io.netty.channel.nio.NioEventLoop.processSelectedKeys(NioEventLoop.java:496)
	at org.apache.ratis.thirdparty.io.netty.channel.nio.NioEventLoop.run(NioEventLoop.java:458)
	at org.apache.ratis.thirdparty.io.netty.util.concurrent.SingleThreadEventExecutor$5.run(SingleThreadEventExecutor.java:897)
	at org.apache.ratis.thirdparty.io.netty.util.concurrent.FastThreadLocalRunnable.run(FastThreadLocalRunnable.java:30)
	... 1 more
Caused by: java.net.ConnectException: Connection refused
	... 11 more
2019-08-20 19:41:54,365 [1eeec8c2-4c0f-4bc8-b0db-6391a5855575:group-78F196AB2FA0:LeaderElection16] INFO  impl.RoleInfo (RoleInfo.java:shutdownLeaderElection(134)) - 1eeec8c2-4c0f-4bc8-b0db-6391a5855575: shutdown LeaderElection
2019-08-20 19:41:54,365 [1eeec8c2-4c0f-4bc8-b0db-6391a5855575:group-78F196AB2FA0:LeaderElection16] INFO  impl.RaftServerImpl (RaftServerImpl.java:setRole(171)) - 1eeec8c2-4c0f-4bc8-b0db-6391a5855575:group-78F196AB2FA0 changes role from CANDIDATE to LEADER at term 2 for changeToLeader
2019-08-20 19:41:54,368 [1eeec8c2-4c0f-4bc8-b0db-6391a5855575:group-78F196AB2FA0:LeaderElection16] INFO  impl.RaftServerImpl (ServerState.java:setLeader(263)) - 1eeec8c2-4c0f-4bc8-b0db-6391a5855575:group-78F196AB2FA0 change Leader from null to 1eeec8c2-4c0f-4bc8-b0db-6391a5855575 at term 2 for becomeLeader, leader elected after 66ms
2019-08-20 19:41:54,368 [1eeec8c2-4c0f-4bc8-b0db-6391a5855575:group-78F196AB2FA0:LeaderElection16] INFO  server.RaftServerConfigKeys (ConfUtils.java:logGet(43)) - raft.server.staging.catchup.gap = 1000 (default)
2019-08-20 19:41:54,368 [1eeec8c2-4c0f-4bc8-b0db-6391a5855575:group-78F196AB2FA0:LeaderElection16] INFO  server.RaftServerConfigKeys (ConfUtils.java:logGet(43)) - raft.server.rpc.sleep.time = 25ms (default)
2019-08-20 19:41:54,369 [1eeec8c2-4c0f-4bc8-b0db-6391a5855575:group-78F196AB2FA0:LeaderElection16] INFO  server.RaftServerConfigKeys (ConfUtils.java:logGet(43)) - raft.server.write.element-limit = 4096 (default)
2019-08-20 19:41:54,369 [1eeec8c2-4c0f-4bc8-b0db-6391a5855575:group-78F196AB2FA0:LeaderElection16] INFO  server.RaftServerConfigKeys (ConfUtils.java:logGet(43)) - raft.server.watch.timeout = 10s (default)
2019-08-20 19:41:54,369 [1eeec8c2-4c0f-4bc8-b0db-6391a5855575:group-78F196AB2FA0:LeaderElection16] INFO  server.RaftServerConfigKeys (ConfUtils.java:logGet(43)) - raft.server.watch.timeout.denomination = 1s (default)
2019-08-20 19:41:54,369 [1eeec8c2-4c0f-4bc8-b0db-6391a5855575:group-78F196AB2FA0:LeaderElection16] INFO  server.RaftServerConfigKeys (ConfUtils.java:logGet(43)) - raft.server.watch.element-limit = 65536 (default)
2019-08-20 19:41:54,369 [1eeec8c2-4c0f-4bc8-b0db-6391a5855575:group-78F196AB2FA0:LeaderElection16] INFO  server.RaftServerConfigKeys (ConfUtils.java:logGet(43)) - raft.server.log.appender.snapshot.chunk.size.max = 16MB (=16777216) (default)
2019-08-20 19:41:54,369 [1eeec8c2-4c0f-4bc8-b0db-6391a5855575:group-78F196AB2FA0:LeaderElection16] INFO  server.RaftServerConfigKeys (ConfUtils.java:logGet(43)) - raft.server.log.appender.buffer.byte-limit = 33554432 (custom)
2019-08-20 19:41:54,369 [1eeec8c2-4c0f-4bc8-b0db-6391a5855575:group-78F196AB2FA0:LeaderElection16] INFO  server.RaftServerConfigKeys (ConfUtils.java:logGet(43)) - raft.server.log.appender.buffer.element-limit = 1 (custom)
2019-08-20 19:41:54,370 [1eeec8c2-4c0f-4bc8-b0db-6391a5855575:group-78F196AB2FA0:LeaderElection16] INFO  grpc.GrpcConfigKeys$Server (ConfUtils.java:logGet(43)) - raft.grpc.server.leader.outstanding.appends.max = 128 (default)
2019-08-20 19:41:54,370 [1eeec8c2-4c0f-4bc8-b0db-6391a5855575:group-78F196AB2FA0:LeaderElection16] INFO  server.RaftServerConfigKeys (ConfUtils.java:logGet(43)) - raft.server.rpc.request.timeout = 3000ms (default)
2019-08-20 19:41:54,370 [1eeec8c2-4c0f-4bc8-b0db-6391a5855575:group-78F196AB2FA0:LeaderElection16] INFO  server.RaftServerConfigKeys (ConfUtils.java:logGet(43)) - raft.server.log.appender.install.snapshot.enabled = false (custom)
2019-08-20 19:41:54,370 [1eeec8c2-4c0f-4bc8-b0db-6391a5855575:group-78F196AB2FA0:LeaderElection16] INFO  server.RaftServerConfigKeys (ConfUtils.java:logGet(43)) - raft.server.log.appender.snapshot.chunk.size.max = 16MB (=16777216) (default)
2019-08-20 19:41:54,370 [1eeec8c2-4c0f-4bc8-b0db-6391a5855575:group-78F196AB2FA0:LeaderElection16] INFO  server.RaftServerConfigKeys (ConfUtils.java:logGet(43)) - raft.server.log.appender.buffer.byte-limit = 33554432 (custom)
2019-08-20 19:41:54,370 [1eeec8c2-4c0f-4bc8-b0db-6391a5855575:group-78F196AB2FA0:LeaderElection16] INFO  server.RaftServerConfigKeys (ConfUtils.java:logGet(43)) - raft.server.log.appender.buffer.element-limit = 1 (custom)
2019-08-20 19:41:54,371 [1eeec8c2-4c0f-4bc8-b0db-6391a5855575:group-78F196AB2FA0:LeaderElection16] INFO  grpc.GrpcConfigKeys$Server (ConfUtils.java:logGet(43)) - raft.grpc.server.leader.outstanding.appends.max = 128 (default)
2019-08-20 19:41:54,371 [1eeec8c2-4c0f-4bc8-b0db-6391a5855575:group-78F196AB2FA0:LeaderElection16] INFO  server.RaftServerConfigKeys (ConfUtils.java:logGet(43)) - raft.server.rpc.request.timeout = 3000ms (default)
2019-08-20 19:41:54,371 [1eeec8c2-4c0f-4bc8-b0db-6391a5855575:group-78F196AB2FA0:LeaderElection16] INFO  server.RaftServerConfigKeys (ConfUtils.java:logGet(43)) - raft.server.log.appender.install.snapshot.enabled = false (custom)
2019-08-20 19:41:54,371 [1eeec8c2-4c0f-4bc8-b0db-6391a5855575:group-78F196AB2FA0:LeaderElection16] INFO  impl.RoleInfo (RoleInfo.java:updateAndGet(143)) - 1eeec8c2-4c0f-4bc8-b0db-6391a5855575: start LeaderState
2019-08-20 19:41:54,371 [1eeec8c2-4c0f-4bc8-b0db-6391a5855575:group-78F196AB2FA0:LeaderElection16] INFO  segmented.SegmentedRaftLogWorker (SegmentedRaftLogWorker.java:rollLogSegment(385)) - 1eeec8c2-4c0f-4bc8-b0db-6391a5855575-SegmentedRaftLogWorker:Storage Directory /workdir/hadoop-ozone/integration-test/target/test-dir/MiniOzoneClusterImpl-e13e4b4c-a51c-41ed-96f1-bc31a3706be2/datanode-6/data/ratis/d391e905-fe4b-49eb-8efd-78f196ab2fa0: Rolling segment log-0_0 to index:0
2019-08-20 19:41:54,374 [1eeec8c2-4c0f-4bc8-b0db-6391a5855575-SegmentedRaftLogWorker:Storage Directory /workdir/hadoop-ozone/integration-test/target/test-dir/MiniOzoneClusterImpl-e13e4b4c-a51c-41ed-96f1-bc31a3706be2/datanode-6/data/ratis/d391e905-fe4b-49eb-8efd-78f196ab2fa0] INFO  segmented.SegmentedRaftLogWorker (SegmentedRaftLogWorker.java:execute(526)) - 1eeec8c2-4c0f-4bc8-b0db-6391a5855575-SegmentedRaftLogWorker:Storage Directory /workdir/hadoop-ozone/integration-test/target/test-dir/MiniOzoneClusterImpl-e13e4b4c-a51c-41ed-96f1-bc31a3706be2/datanode-6/data/ratis/d391e905-fe4b-49eb-8efd-78f196ab2fa0: Rolled log segment from /workdir/hadoop-ozone/integration-test/target/test-dir/MiniOzoneClusterImpl-e13e4b4c-a51c-41ed-96f1-bc31a3706be2/datanode-6/data/ratis/d391e905-fe4b-49eb-8efd-78f196ab2fa0/current/log_inprogress_0 to /workdir/hadoop-ozone/integration-test/target/test-dir/MiniOzoneClusterImpl-e13e4b4c-a51c-41ed-96f1-bc31a3706be2/datanode-6/data/ratis/d391e905-fe4b-49eb-8efd-78f196ab2fa0/current/log_0-0
2019-08-20 19:41:54,376 [1eeec8c2-4c0f-4bc8-b0db-6391a5855575:group-78F196AB2FA0:LeaderElection16] INFO  impl.RaftServerImpl (ServerState.java:setRaftConf(361)) - 1eeec8c2-4c0f-4bc8-b0db-6391a5855575:group-78F196AB2FA0 set configuration 1: [1eeec8c2-4c0f-4bc8-b0db-6391a5855575:192.168.157.205:39192, 3a5f5f92-1fbc-4da9-891b-fb9af6a803f0:192.168.157.205:37319, ee8f8b66-a0a6-4ed9-8105-e31fb13b4287:192.168.157.205:44060], old=null at 1
2019-08-20 19:41:54,402 [grpc-default-executor-2] WARN  server.GrpcLogAppender (LogUtils.java:warn(134)) - 1eeec8c2-4c0f-4bc8-b0db-6391a5855575->ee8f8b66-a0a6-4ed9-8105-e31fb13b4287: Failed appendEntries: org.apache.ratis.thirdparty.io.grpc.StatusRuntimeException: UNAVAILABLE: io exception
2019-08-20 19:41:54,404 [grpc-default-executor-2] INFO  impl.FollowerInfo (FollowerInfo.java:lambda$new$0(50)) - 1eeec8c2-4c0f-4bc8-b0db-6391a5855575->ee8f8b66-a0a6-4ed9-8105-e31fb13b4287: nextIndex: updateUnconditionally 1 -> 0
2019-08-20 19:41:54,406 [grpc-default-executor-2] INFO  impl.RaftServerImpl (ServerState.java:setLeader(263)) - 3a5f5f92-1fbc-4da9-891b-fb9af6a803f0:group-78F196AB2FA0 change Leader from null to 1eeec8c2-4c0f-4bc8-b0db-6391a5855575 at term 2 for appendEntries, leader elected after 61ms
2019-08-20 19:41:54,412 [grpc-default-executor-2] INFO  impl.RaftServerImpl (ServerState.java:setRaftConf(361)) - 3a5f5f92-1fbc-4da9-891b-fb9af6a803f0:group-78F196AB2FA0 set configuration 1: [1eeec8c2-4c0f-4bc8-b0db-6391a5855575:192.168.157.205:39192, 3a5f5f92-1fbc-4da9-891b-fb9af6a803f0:192.168.157.205:37319, ee8f8b66-a0a6-4ed9-8105-e31fb13b4287:192.168.157.205:44060], old=null at 1
2019-08-20 19:41:54,412 [grpc-default-executor-2] INFO  segmented.SegmentedRaftLogWorker (SegmentedRaftLogWorker.java:rollLogSegment(385)) - 3a5f5f92-1fbc-4da9-891b-fb9af6a803f0-SegmentedRaftLogWorker:Storage Directory /workdir/hadoop-ozone/integration-test/target/test-dir/MiniOzoneClusterImpl-e13e4b4c-a51c-41ed-96f1-bc31a3706be2/datanode-9/data/ratis/d391e905-fe4b-49eb-8efd-78f196ab2fa0: Rolling segment log-0_0 to index:0
2019-08-20 19:41:54,414 [3a5f5f92-1fbc-4da9-891b-fb9af6a803f0-SegmentedRaftLogWorker:Storage Directory /workdir/hadoop-ozone/integration-test/target/test-dir/MiniOzoneClusterImpl-e13e4b4c-a51c-41ed-96f1-bc31a3706be2/datanode-9/data/ratis/d391e905-fe4b-49eb-8efd-78f196ab2fa0] INFO  segmented.SegmentedRaftLogWorker (SegmentedRaftLogWorker.java:execute(526)) - 3a5f5f92-1fbc-4da9-891b-fb9af6a803f0-SegmentedRaftLogWorker:Storage Directory /workdir/hadoop-ozone/integration-test/target/test-dir/MiniOzoneClusterImpl-e13e4b4c-a51c-41ed-96f1-bc31a3706be2/datanode-9/data/ratis/d391e905-fe4b-49eb-8efd-78f196ab2fa0: Rolled log segment from /workdir/hadoop-ozone/integration-test/target/test-dir/MiniOzoneClusterImpl-e13e4b4c-a51c-41ed-96f1-bc31a3706be2/datanode-9/data/ratis/d391e905-fe4b-49eb-8efd-78f196ab2fa0/current/log_inprogress_0 to /workdir/hadoop-ozone/integration-test/target/test-dir/MiniOzoneClusterImpl-e13e4b4c-a51c-41ed-96f1-bc31a3706be2/datanode-9/data/ratis/d391e905-fe4b-49eb-8efd-78f196ab2fa0/current/log_0-0
2019-08-20 19:41:54,415 [1eeec8c2-4c0f-4bc8-b0db-6391a5855575-SegmentedRaftLogWorker:Storage Directory /workdir/hadoop-ozone/integration-test/target/test-dir/MiniOzoneClusterImpl-e13e4b4c-a51c-41ed-96f1-bc31a3706be2/datanode-6/data/ratis/d391e905-fe4b-49eb-8efd-78f196ab2fa0] INFO  segmented.SegmentedRaftLogWorker (SegmentedRaftLogWorker.java:execute(569)) - 1eeec8c2-4c0f-4bc8-b0db-6391a5855575-SegmentedRaftLogWorker:Storage Directory /workdir/hadoop-ozone/integration-test/target/test-dir/MiniOzoneClusterImpl-e13e4b4c-a51c-41ed-96f1-bc31a3706be2/datanode-6/data/ratis/d391e905-fe4b-49eb-8efd-78f196ab2fa0: created new log segment /workdir/hadoop-ozone/integration-test/target/test-dir/MiniOzoneClusterImpl-e13e4b4c-a51c-41ed-96f1-bc31a3706be2/datanode-6/data/ratis/d391e905-fe4b-49eb-8efd-78f196ab2fa0/current/log_inprogress_1
2019-08-20 19:41:54,468 [3a5f5f92-1fbc-4da9-891b-fb9af6a803f0-SegmentedRaftLogWorker:Storage Directory /workdir/hadoop-ozone/integration-test/target/test-dir/MiniOzoneClusterImpl-e13e4b4c-a51c-41ed-96f1-bc31a3706be2/datanode-9/data/ratis/d391e905-fe4b-49eb-8efd-78f196ab2fa0] INFO  segmented.SegmentedRaftLogWorker (SegmentedRaftLogWorker.java:execute(569)) - 3a5f5f92-1fbc-4da9-891b-fb9af6a803f0-SegmentedRaftLogWorker:Storage Directory /workdir/hadoop-ozone/integration-test/target/test-dir/MiniOzoneClusterImpl-e13e4b4c-a51c-41ed-96f1-bc31a3706be2/datanode-9/data/ratis/d391e905-fe4b-49eb-8efd-78f196ab2fa0: created new log segment /workdir/hadoop-ozone/integration-test/target/test-dir/MiniOzoneClusterImpl-e13e4b4c-a51c-41ed-96f1-bc31a3706be2/datanode-9/data/ratis/d391e905-fe4b-49eb-8efd-78f196ab2fa0/current/log_inprogress_1
2019-08-20 19:41:54,481 [grpc-default-executor-5] WARN  server.GrpcLogAppender (LogUtils.java:warn(134)) - 1eeec8c2-4c0f-4bc8-b0db-6391a5855575->ee8f8b66-a0a6-4ed9-8105-e31fb13b4287: Failed appendEntries: org.apache.ratis.thirdparty.io.grpc.StatusRuntimeException: UNAVAILABLE: io exception
2019-08-20 19:41:54,485 [grpc-default-executor-5] INFO  impl.FollowerInfo (FollowerInfo.java:lambda$new$0(50)) - 1eeec8c2-4c0f-4bc8-b0db-6391a5855575->ee8f8b66-a0a6-4ed9-8105-e31fb13b4287: nextIndex: updateUnconditionally 1 -> 0
2019-08-20 19:41:54,492 [grpc-default-executor-3] WARN  server.GrpcLogAppender (LogUtils.java:warn(134)) - 1eeec8c2-4c0f-4bc8-b0db-6391a5855575->ee8f8b66-a0a6-4ed9-8105-e31fb13b4287: Failed appendEntries: org.apache.ratis.thirdparty.io.grpc.StatusRuntimeException: UNAVAILABLE: io exception
2019-08-20 19:41:54,495 [grpc-default-executor-3] INFO  impl.FollowerInfo (FollowerInfo.java:lambda$new$0(50)) - 1eeec8c2-4c0f-4bc8-b0db-6391a5855575->ee8f8b66-a0a6-4ed9-8105-e31fb13b4287: nextIndex: updateUnconditionally 1 -> 0
2019-08-20 19:41:54,733 [grpc-default-executor-2] WARN  server.GrpcLogAppender (LogUtils.java:warn(134)) - 1eeec8c2-4c0f-4bc8-b0db-6391a5855575->ee8f8b66-a0a6-4ed9-8105-e31fb13b4287: Failed appendEntries: org.apache.ratis.thirdparty.io.grpc.StatusRuntimeException: UNAVAILABLE: io exception
2019-08-20 19:41:54,736 [grpc-default-executor-2] INFO  impl.FollowerInfo (FollowerInfo.java:lambda$new$0(50)) - 1eeec8c2-4c0f-4bc8-b0db-6391a5855575->ee8f8b66-a0a6-4ed9-8105-e31fb13b4287: nextIndex: updateUnconditionally 0 -> 0
2019-08-20 19:41:54,737 [grpc-default-executor-4] WARN  server.GrpcLogAppender (LogUtils.java:warn(134)) - 3a5f5f92-1fbc-4da9-891b-fb9af6a803f0->ee8f8b66-a0a6-4ed9-8105-e31fb13b4287: Failed appendEntries: org.apache.ratis.thirdparty.io.grpc.StatusRuntimeException: UNAVAILABLE: io exception
2019-08-20 19:41:54,739 [grpc-default-executor-4] INFO  impl.FollowerInfo (FollowerInfo.java:lambda$new$0(50)) - 3a5f5f92-1fbc-4da9-891b-fb9af6a803f0->ee8f8b66-a0a6-4ed9-8105-e31fb13b4287: nextIndex: updateUnconditionally 0 -> 0
2019-08-20 19:41:54,895 | INFO  | SCMAudit | user=jenkins1000 | ip=192.168.157.205 | op=SEND_HEARTBEAT {datanodeUUID=8109623e-cc10-4f33-b553-5cc878b10d85, command=[]} | ret=SUCCESS |  
2019-08-20 19:41:54,999 [grpc-default-executor-2] WARN  server.GrpcLogAppender (LogUtils.java:warn(134)) - 1eeec8c2-4c0f-4bc8-b0db-6391a5855575->ee8f8b66-a0a6-4ed9-8105-e31fb13b4287: Failed appendEntries: org.apache.ratis.thirdparty.io.grpc.StatusRuntimeException: UNAVAILABLE: io exception
2019-08-20 19:41:55,001 [grpc-default-executor-2] INFO  impl.FollowerInfo (FollowerInfo.java:lambda$new$0(50)) - 1eeec8c2-4c0f-4bc8-b0db-6391a5855575->ee8f8b66-a0a6-4ed9-8105-e31fb13b4287: nextIndex: updateUnconditionally 0 -> 0
2019-08-20 19:41:55,097 | INFO  | SCMAudit | user=jenkins1000 | ip=192.168.157.205 | op=SEND_HEARTBEAT {datanodeUUID=58cb59aa-46a6-4cbe-bb28-3c835a001716, command=[]} | ret=SUCCESS |  
2019-08-20 19:41:55,100 | INFO  | SCMAudit | user=jenkins1000 | ip=192.168.157.205 | op=SEND_HEARTBEAT {datanodeUUID=2bc3458d-469e-4a51-8672-7abe5768ce0e, command=[]} | ret=SUCCESS |  
2019-08-20 19:41:55,166 | INFO  | SCMAudit | user=jenkins1000 | ip=192.168.157.205 | op=SEND_HEARTBEAT {datanodeUUID=0ddcad73-dd47-4236-bfae-d514011a99c3, command=[]} | ret=SUCCESS |  
2019-08-20 19:41:55,246 [grpc-default-executor-3] WARN  server.GrpcLogAppender (LogUtils.java:warn(134)) - 1eeec8c2-4c0f-4bc8-b0db-6391a5855575->ee8f8b66-a0a6-4ed9-8105-e31fb13b4287: Failed appendEntries: org.apache.ratis.thirdparty.io.grpc.StatusRuntimeException: UNAVAILABLE: io exception
2019-08-20 19:41:55,250 [grpc-default-executor-5] WARN  server.GrpcLogAppender (LogUtils.java:warn(134)) - 3a5f5f92-1fbc-4da9-891b-fb9af6a803f0->ee8f8b66-a0a6-4ed9-8105-e31fb13b4287: Failed appendEntries: org.apache.ratis.thirdparty.io.grpc.StatusRuntimeException: UNAVAILABLE: io exception
2019-08-20 19:41:55,250 [grpc-default-executor-3] INFO  impl.FollowerInfo (FollowerInfo.java:lambda$new$0(50)) - 1eeec8c2-4c0f-4bc8-b0db-6391a5855575->ee8f8b66-a0a6-4ed9-8105-e31fb13b4287: nextIndex: updateUnconditionally 0 -> 0
2019-08-20 19:41:55,254 [grpc-default-executor-5] INFO  impl.FollowerInfo (FollowerInfo.java:lambda$new$0(50)) - 3a5f5f92-1fbc-4da9-891b-fb9af6a803f0->ee8f8b66-a0a6-4ed9-8105-e31fb13b4287: nextIndex: updateUnconditionally 0 -> 0
2019-08-20 19:41:55,297 | INFO  | SCMAudit | user=jenkins1000 | ip=192.168.157.205 | op=SEND_HEARTBEAT {datanodeUUID=3a5f5f92-1fbc-4da9-891b-fb9af6a803f0, command=[]} | ret=SUCCESS |  
2019-08-20 19:41:55,342 | INFO  | SCMAudit | user=jenkins1000 | ip=192.168.157.205 | op=SEND_HEARTBEAT {datanodeUUID=a9286357-6b15-4043-a893-920ae835d3d2, command=[]} | ret=SUCCESS |  
2019-08-20 19:41:55,499 [grpc-default-executor-3] WARN  server.GrpcLogAppender (LogUtils.java:warn(134)) - 1eeec8c2-4c0f-4bc8-b0db-6391a5855575->ee8f8b66-a0a6-4ed9-8105-e31fb13b4287: Failed appendEntries: org.apache.ratis.thirdparty.io.grpc.StatusRuntimeException: UNAVAILABLE: io exception
2019-08-20 19:41:55,503 [grpc-default-executor-3] INFO  impl.FollowerInfo (FollowerInfo.java:lambda$new$0(50)) - 1eeec8c2-4c0f-4bc8-b0db-6391a5855575->ee8f8b66-a0a6-4ed9-8105-e31fb13b4287: nextIndex: updateUnconditionally 0 -> 0
2019-08-20 19:41:55,736 [grpc-default-executor-3] WARN  server.GrpcLogAppender (LogUtils.java:warn(134)) - 1eeec8c2-4c0f-4bc8-b0db-6391a5855575->ee8f8b66-a0a6-4ed9-8105-e31fb13b4287: Failed appendEntries: org.apache.ratis.thirdparty.io.grpc.StatusRuntimeException: UNAVAILABLE: io exception
2019-08-20 19:41:55,749 [grpc-default-executor-3] INFO  impl.FollowerInfo (FollowerInfo.java:lambda$new$0(50)) - 1eeec8c2-4c0f-4bc8-b0db-6391a5855575->ee8f8b66-a0a6-4ed9-8105-e31fb13b4287: nextIndex: updateUnconditionally 0 -> 0
2019-08-20 19:41:55,751 [grpc-default-executor-3] WARN  server.GrpcLogAppender (LogUtils.java:warn(134)) - 3a5f5f92-1fbc-4da9-891b-fb9af6a803f0->ee8f8b66-a0a6-4ed9-8105-e31fb13b4287: Failed appendEntries: org.apache.ratis.thirdparty.io.grpc.StatusRuntimeException: UNAVAILABLE: io exception
2019-08-20 19:41:55,754 [grpc-default-executor-3] INFO  impl.FollowerInfo (FollowerInfo.java:lambda$new$0(50)) - 3a5f5f92-1fbc-4da9-891b-fb9af6a803f0->ee8f8b66-a0a6-4ed9-8105-e31fb13b4287: nextIndex: updateUnconditionally 0 -> 0
2019-08-20 19:41:55,896 | INFO  | SCMAudit | user=jenkins1000 | ip=192.168.157.205 | op=SEND_HEARTBEAT {datanodeUUID=8109623e-cc10-4f33-b553-5cc878b10d85, command=[]} | ret=SUCCESS |  
2019-08-20 19:41:55,999 [grpc-default-executor-5] WARN  server.GrpcLogAppender (LogUtils.java:warn(134)) - 1eeec8c2-4c0f-4bc8-b0db-6391a5855575->ee8f8b66-a0a6-4ed9-8105-e31fb13b4287: Failed appendEntries: org.apache.ratis.thirdparty.io.grpc.StatusRuntimeException: UNAVAILABLE: io exception
2019-08-20 19:41:56,002 [grpc-default-executor-5] INFO  impl.FollowerInfo (FollowerInfo.java:lambda$new$0(50)) - 1eeec8c2-4c0f-4bc8-b0db-6391a5855575->ee8f8b66-a0a6-4ed9-8105-e31fb13b4287: nextIndex: updateUnconditionally 0 -> 0
2019-08-20 19:41:56,097 | INFO  | SCMAudit | user=jenkins1000 | ip=192.168.157.205 | op=SEND_HEARTBEAT {datanodeUUID=58cb59aa-46a6-4cbe-bb28-3c835a001716, command=[]} | ret=SUCCESS |  
2019-08-20 19:41:56,100 | INFO  | SCMAudit | user=jenkins1000 | ip=192.168.157.205 | op=SEND_HEARTBEAT {datanodeUUID=2bc3458d-469e-4a51-8672-7abe5768ce0e, command=[]} | ret=SUCCESS |  
2019-08-20 19:41:56,167 | INFO  | SCMAudit | user=jenkins1000 | ip=192.168.157.205 | op=SEND_HEARTBEAT {datanodeUUID=0ddcad73-dd47-4236-bfae-d514011a99c3, command=[]} | ret=SUCCESS |  
2019-08-20 19:41:56,237 [grpc-default-executor-2] WARN  server.GrpcLogAppender (LogUtils.java:warn(134)) - 1eeec8c2-4c0f-4bc8-b0db-6391a5855575->ee8f8b66-a0a6-4ed9-8105-e31fb13b4287: Failed appendEntries: org.apache.ratis.thirdparty.io.grpc.StatusRuntimeException: UNAVAILABLE: io exception
2019-08-20 19:41:56,240 [grpc-default-executor-2] INFO  impl.FollowerInfo (FollowerInfo.java:lambda$new$0(50)) - 1eeec8c2-4c0f-4bc8-b0db-6391a5855575->ee8f8b66-a0a6-4ed9-8105-e31fb13b4287: nextIndex: updateUnconditionally 0 -> 0
2019-08-20 19:41:56,268 [grpc-default-executor-5] WARN  server.GrpcLogAppender (LogUtils.java:warn(134)) - 3a5f5f92-1fbc-4da9-891b-fb9af6a803f0->ee8f8b66-a0a6-4ed9-8105-e31fb13b4287: Failed appendEntries: org.apache.ratis.thirdparty.io.grpc.StatusRuntimeException: UNAVAILABLE: io exception
2019-08-20 19:41:56,270 [grpc-default-executor-5] INFO  impl.FollowerInfo (FollowerInfo.java:lambda$new$0(50)) - 3a5f5f92-1fbc-4da9-891b-fb9af6a803f0->ee8f8b66-a0a6-4ed9-8105-e31fb13b4287: nextIndex: updateUnconditionally 0 -> 0
2019-08-20 19:41:56,298 | INFO  | SCMAudit | user=jenkins1000 | ip=192.168.157.205 | op=SEND_HEARTBEAT {datanodeUUID=3a5f5f92-1fbc-4da9-891b-fb9af6a803f0, command=[]} | ret=SUCCESS |  
2019-08-20 19:41:56,341 | INFO  | SCMAudit | user=jenkins1000 | ip=192.168.157.205 | op=SEND_HEARTBEAT {datanodeUUID=a9286357-6b15-4043-a893-920ae835d3d2, command=[]} | ret=SUCCESS |  
2019-08-20 19:41:56,500 [grpc-default-executor-3] WARN  server.GrpcLogAppender (LogUtils.java:warn(134)) - 1eeec8c2-4c0f-4bc8-b0db-6391a5855575->ee8f8b66-a0a6-4ed9-8105-e31fb13b4287: Failed appendEntries: org.apache.ratis.thirdparty.io.grpc.StatusRuntimeException: UNAVAILABLE: io exception
2019-08-20 19:41:56,504 [grpc-default-executor-3] INFO  impl.FollowerInfo (FollowerInfo.java:lambda$new$0(50)) - 1eeec8c2-4c0f-4bc8-b0db-6391a5855575->ee8f8b66-a0a6-4ed9-8105-e31fb13b4287: nextIndex: updateUnconditionally 0 -> 0
2019-08-20 19:41:56,739 [grpc-default-executor-5] WARN  server.GrpcLogAppender (LogUtils.java:warn(134)) - 1eeec8c2-4c0f-4bc8-b0db-6391a5855575->ee8f8b66-a0a6-4ed9-8105-e31fb13b4287: Failed appendEntries: org.apache.ratis.thirdparty.io.grpc.StatusRuntimeException: UNAVAILABLE: io exception
2019-08-20 19:41:56,742 [grpc-default-executor-5] INFO  impl.FollowerInfo (FollowerInfo.java:lambda$new$0(50)) - 1eeec8c2-4c0f-4bc8-b0db-6391a5855575->ee8f8b66-a0a6-4ed9-8105-e31fb13b4287: nextIndex: updateUnconditionally 0 -> 0
2019-08-20 19:41:56,754 [grpc-default-executor-2] WARN  server.GrpcLogAppender (LogUtils.java:warn(134)) - 3a5f5f92-1fbc-4da9-891b-fb9af6a803f0->ee8f8b66-a0a6-4ed9-8105-e31fb13b4287: Failed appendEntries: org.apache.ratis.thirdparty.io.grpc.StatusRuntimeException: UNAVAILABLE: io exception
2019-08-20 19:41:56,758 [grpc-default-executor-2] INFO  impl.FollowerInfo (FollowerInfo.java:lambda$new$0(50)) - 3a5f5f92-1fbc-4da9-891b-fb9af6a803f0->ee8f8b66-a0a6-4ed9-8105-e31fb13b4287: nextIndex: updateUnconditionally 0 -> 0
2019-08-20 19:41:56,895 | INFO  | SCMAudit | user=jenkins1000 | ip=192.168.157.205 | op=SEND_HEARTBEAT {datanodeUUID=8109623e-cc10-4f33-b553-5cc878b10d85, command=[]} | ret=SUCCESS |  
2019-08-20 19:41:57,003 [grpc-default-executor-3] WARN  server.GrpcLogAppender (LogUtils.java:warn(134)) - 1eeec8c2-4c0f-4bc8-b0db-6391a5855575->ee8f8b66-a0a6-4ed9-8105-e31fb13b4287: Failed appendEntries: org.apache.ratis.thirdparty.io.grpc.StatusRuntimeException: UNAVAILABLE: io exception
2019-08-20 19:41:57,007 [grpc-default-executor-3] INFO  impl.FollowerInfo (FollowerInfo.java:lambda$new$0(50)) - 1eeec8c2-4c0f-4bc8-b0db-6391a5855575->ee8f8b66-a0a6-4ed9-8105-e31fb13b4287: nextIndex: updateUnconditionally 0 -> 0
2019-08-20 19:41:57,097 | INFO  | SCMAudit | user=jenkins1000 | ip=192.168.157.205 | op=SEND_HEARTBEAT {datanodeUUID=58cb59aa-46a6-4cbe-bb28-3c835a001716, command=[]} | ret=SUCCESS |  
2019-08-20 19:41:57,099 | INFO  | SCMAudit | user=jenkins1000 | ip=192.168.157.205 | op=SEND_HEARTBEAT {datanodeUUID=2bc3458d-469e-4a51-8672-7abe5768ce0e, command=[]} | ret=SUCCESS |  
2019-08-20 19:41:57,167 | INFO  | SCMAudit | user=jenkins1000 | ip=192.168.157.205 | op=SEND_HEARTBEAT {datanodeUUID=0ddcad73-dd47-4236-bfae-d514011a99c3, command=[]} | ret=SUCCESS |  
2019-08-20 19:41:57,240 [grpc-default-executor-3] WARN  server.GrpcLogAppender (LogUtils.java:warn(134)) - 1eeec8c2-4c0f-4bc8-b0db-6391a5855575->ee8f8b66-a0a6-4ed9-8105-e31fb13b4287: Failed appendEntries: org.apache.ratis.thirdparty.io.grpc.StatusRuntimeException: UNAVAILABLE: io exception
2019-08-20 19:41:57,243 [grpc-default-executor-3] INFO  impl.FollowerInfo (FollowerInfo.java:lambda$new$0(50)) - 1eeec8c2-4c0f-4bc8-b0db-6391a5855575->ee8f8b66-a0a6-4ed9-8105-e31fb13b4287: nextIndex: updateUnconditionally 0 -> 0
2019-08-20 19:41:57,254 [grpc-default-executor-3] WARN  server.GrpcLogAppender (LogUtils.java:warn(134)) - 3a5f5f92-1fbc-4da9-891b-fb9af6a803f0->ee8f8b66-a0a6-4ed9-8105-e31fb13b4287: Failed appendEntries: org.apache.ratis.thirdparty.io.grpc.StatusRuntimeException: UNAVAILABLE: io exception
2019-08-20 19:41:57,256 [grpc-default-executor-3] INFO  impl.FollowerInfo (FollowerInfo.java:lambda$new$0(50)) - 3a5f5f92-1fbc-4da9-891b-fb9af6a803f0->ee8f8b66-a0a6-4ed9-8105-e31fb13b4287: nextIndex: updateUnconditionally 0 -> 0
2019-08-20 19:41:57,298 | INFO  | SCMAudit | user=jenkins1000 | ip=192.168.157.205 | op=SEND_HEARTBEAT {datanodeUUID=3a5f5f92-1fbc-4da9-891b-fb9af6a803f0, command=[]} | ret=SUCCESS |  
2019-08-20 19:41:57,342 | INFO  | SCMAudit | user=jenkins1000 | ip=192.168.157.205 | op=SEND_HEARTBEAT {datanodeUUID=a9286357-6b15-4043-a893-920ae835d3d2, command=[]} | ret=SUCCESS |  
2019-08-20 19:41:57,503 [grpc-default-executor-3] WARN  server.GrpcLogAppender (LogUtils.java:warn(134)) - 1eeec8c2-4c0f-4bc8-b0db-6391a5855575->ee8f8b66-a0a6-4ed9-8105-e31fb13b4287: Failed appendEntries: org.apache.ratis.thirdparty.io.grpc.StatusRuntimeException: UNAVAILABLE: io exception
2019-08-20 19:41:57,506 [grpc-default-executor-3] INFO  impl.FollowerInfo (FollowerInfo.java:lambda$new$0(50)) - 1eeec8c2-4c0f-4bc8-b0db-6391a5855575->ee8f8b66-a0a6-4ed9-8105-e31fb13b4287: nextIndex: updateUnconditionally 0 -> 0
2019-08-20 19:41:57,740 [grpc-default-executor-2] WARN  server.GrpcLogAppender (LogUtils.java:warn(134)) - 1eeec8c2-4c0f-4bc8-b0db-6391a5855575->ee8f8b66-a0a6-4ed9-8105-e31fb13b4287: Failed appendEntries: org.apache.ratis.thirdparty.io.grpc.StatusRuntimeException: UNAVAILABLE: io exception
2019-08-20 19:41:57,744 [grpc-default-executor-2] INFO  impl.FollowerInfo (FollowerInfo.java:lambda$new$0(50)) - 1eeec8c2-4c0f-4bc8-b0db-6391a5855575->ee8f8b66-a0a6-4ed9-8105-e31fb13b4287: nextIndex: updateUnconditionally 0 -> 0
2019-08-20 19:41:57,756 [grpc-default-executor-3] WARN  server.GrpcLogAppender (LogUtils.java:warn(134)) - 3a5f5f92-1fbc-4da9-891b-fb9af6a803f0->ee8f8b66-a0a6-4ed9-8105-e31fb13b4287: Failed appendEntries: org.apache.ratis.thirdparty.io.grpc.StatusRuntimeException: UNAVAILABLE: io exception
2019-08-20 19:41:57,758 [grpc-default-executor-3] INFO  impl.FollowerInfo (FollowerInfo.java:lambda$new$0(50)) - 3a5f5f92-1fbc-4da9-891b-fb9af6a803f0->ee8f8b66-a0a6-4ed9-8105-e31fb13b4287: nextIndex: updateUnconditionally 0 -> 0
2019-08-20 19:41:57,895 | INFO  | SCMAudit | user=jenkins1000 | ip=192.168.157.205 | op=SEND_HEARTBEAT {datanodeUUID=8109623e-cc10-4f33-b553-5cc878b10d85, command=[]} | ret=SUCCESS |  
2019-08-20 19:41:58,005 [grpc-default-executor-3] WARN  server.GrpcLogAppender (LogUtils.java:warn(134)) - 1eeec8c2-4c0f-4bc8-b0db-6391a5855575->ee8f8b66-a0a6-4ed9-8105-e31fb13b4287: Failed appendEntries: org.apache.ratis.thirdparty.io.grpc.StatusRuntimeException: UNAVAILABLE: io exception
2019-08-20 19:41:58,008 [grpc-default-executor-3] INFO  impl.FollowerInfo (FollowerInfo.java:lambda$new$0(50)) - 1eeec8c2-4c0f-4bc8-b0db-6391a5855575->ee8f8b66-a0a6-4ed9-8105-e31fb13b4287: nextIndex: updateUnconditionally 0 -> 0
2019-08-20 19:41:58,097 | INFO  | SCMAudit | user=jenkins1000 | ip=192.168.157.205 | op=SEND_HEARTBEAT {datanodeUUID=58cb59aa-46a6-4cbe-bb28-3c835a001716, command=[]} | ret=SUCCESS |  
2019-08-20 19:41:58,100 | INFO  | SCMAudit | user=jenkins1000 | ip=192.168.157.205 | op=SEND_HEARTBEAT {datanodeUUID=2bc3458d-469e-4a51-8672-7abe5768ce0e, command=[]} | ret=SUCCESS |  
2019-08-20 19:41:58,109 [ForkJoinPool.commonPool-worker-0] INFO  ozoneimpl.OzoneContainer (OzoneContainer.java:stop(199)) - Attempting to stop container services.
2019-08-20 19:41:58,110 [ForkJoinPool.commonPool-worker-0] INFO  impl.RaftServerProxy (RaftServerProxy.java:lambda$close$4(314)) - 7e48a0a7-bde4-47b7-8ad8-7f749fa46a32: close
2019-08-20 19:41:58,110 [ForkJoinPool.commonPool-worker-0] INFO  impl.RaftServerImpl (RaftServerImpl.java:lambda$shutdown$3(245)) - 7e48a0a7-bde4-47b7-8ad8-7f749fa46a32: shutdown group-A92C0EDF269C
2019-08-20 19:41:58,111 [ForkJoinPool.commonPool-worker-0] INFO  util.JmxRegister (JmxRegister.java:unregister(73)) - Successfully un-registered JMX Bean with object name Ratis:service=RaftServer,group=group-A92C0EDF269C,id=7e48a0a7-bde4-47b7-8ad8-7f749fa46a32
2019-08-20 19:41:58,111 [ForkJoinPool.commonPool-worker-0] INFO  impl.RoleInfo (RoleInfo.java:shutdownLeaderState(104)) - 7e48a0a7-bde4-47b7-8ad8-7f749fa46a32: shutdown LeaderState
2019-08-20 19:41:58,111 [ForkJoinPool.commonPool-worker-0] INFO  impl.PendingRequests (PendingRequests.java:sendNotLeaderResponses(202)) - 7e48a0a7-bde4-47b7-8ad8-7f749fa46a32-PendingRequests: sendNotLeaderResponses
2019-08-20 19:41:58,112 [ForkJoinPool.commonPool-worker-0] INFO  impl.StateMachineUpdater (StateMachineUpdater.java:stopAndJoin(115)) - StateMachineUpdater:7e48a0a7-bde4-47b7-8ad8-7f749fa46a32:group-A92C0EDF269C: set stopIndex = 0
2019-08-20 19:41:58,112 [ForkJoinPool.commonPool-worker-0] INFO  impl.RaftServerImpl (ServerState.java:close(394)) - 7e48a0a7-bde4-47b7-8ad8-7f749fa46a32:group-A92C0EDF269C closes. The last applied log index is 0
2019-08-20 19:41:58,113 [7e48a0a7-bde4-47b7-8ad8-7f749fa46a32-SegmentedRaftLogWorker:Storage Directory /workdir/hadoop-ozone/integration-test/target/test-dir/MiniOzoneClusterImpl-e13e4b4c-a51c-41ed-96f1-bc31a3706be2/datanode-3/data/ratis/b292fd7c-bafd-46af-b982-a92c0edf269c] INFO  segmented.SegmentedRaftLogWorker (SegmentedRaftLogWorker.java:run(313)) - 7e48a0a7-bde4-47b7-8ad8-7f749fa46a32-SegmentedRaftLogWorker:Storage Directory /workdir/hadoop-ozone/integration-test/target/test-dir/MiniOzoneClusterImpl-e13e4b4c-a51c-41ed-96f1-bc31a3706be2/datanode-3/data/ratis/b292fd7c-bafd-46af-b982-a92c0edf269c was interrupted, exiting. There are 0 tasks remaining in the queue.
2019-08-20 19:41:58,116 [ForkJoinPool.commonPool-worker-0] INFO  segmented.SegmentedRaftLogWorker (SegmentedRaftLogWorker.java:close(228)) - 7e48a0a7-bde4-47b7-8ad8-7f749fa46a32-SegmentedRaftLogWorker:Storage Directory /workdir/hadoop-ozone/integration-test/target/test-dir/MiniOzoneClusterImpl-e13e4b4c-a51c-41ed-96f1-bc31a3706be2/datanode-3/data/ratis/b292fd7c-bafd-46af-b982-a92c0edf269c close()
2019-08-20 19:41:58,119 [ForkJoinPool.commonPool-worker-0] INFO  server.GrpcService (GrpcService.java:closeImpl(155)) - 7e48a0a7-bde4-47b7-8ad8-7f749fa46a32: shutdown server with port 36626 now
2019-08-20 19:41:58,121 [ForkJoinPool.commonPool-worker-0] INFO  server.GrpcService (GrpcService.java:closeImpl(163)) - 7e48a0a7-bde4-47b7-8ad8-7f749fa46a32: shutdown server with port 36626 successfully
2019-08-20 19:41:58,124 [main] INFO  ozoneimpl.OzoneContainer (OzoneContainer.java:stop(199)) - Attempting to stop container services.
2019-08-20 19:41:58,124 [main] INFO  impl.RaftServerProxy (RaftServerProxy.java:lambda$close$4(314)) - 1eeec8c2-4c0f-4bc8-b0db-6391a5855575: close
2019-08-20 19:41:58,125 [main] INFO  impl.RaftServerImpl (RaftServerImpl.java:lambda$shutdown$3(245)) - 1eeec8c2-4c0f-4bc8-b0db-6391a5855575: shutdown group-CA825B28539E
2019-08-20 19:41:58,125 [main] INFO  util.JmxRegister (JmxRegister.java:unregister(73)) - Successfully un-registered JMX Bean with object name Ratis:service=RaftServer,group=group-CA825B28539E,id=1eeec8c2-4c0f-4bc8-b0db-6391a5855575
2019-08-20 19:41:58,126 [main] INFO  impl.RoleInfo (RoleInfo.java:shutdownFollowerState(121)) - 1eeec8c2-4c0f-4bc8-b0db-6391a5855575: shutdown FollowerState
2019-08-20 19:41:58,126 [main] INFO  impl.StateMachineUpdater (StateMachineUpdater.java:stopAndJoin(115)) - StateMachineUpdater:1eeec8c2-4c0f-4bc8-b0db-6391a5855575:group-CA825B28539E: set stopIndex = 0
2019-08-20 19:41:58,126 [Thread-384] INFO  impl.FollowerState (FollowerState.java:run(114)) - 1eeec8c2-4c0f-4bc8-b0db-6391a5855575: FollowerState was interrupted: java.lang.InterruptedException: sleep interrupted
2019-08-20 19:41:58,127 [main] INFO  impl.RaftServerImpl (ServerState.java:close(394)) - 1eeec8c2-4c0f-4bc8-b0db-6391a5855575:group-CA825B28539E closes. The last applied log index is 0
2019-08-20 19:41:58,127 [1eeec8c2-4c0f-4bc8-b0db-6391a5855575-SegmentedRaftLogWorker:Storage Directory /workdir/hadoop-ozone/integration-test/target/test-dir/MiniOzoneClusterImpl-e13e4b4c-a51c-41ed-96f1-bc31a3706be2/datanode-6/data/ratis/3075ad27-c966-413a-b68e-ca825b28539e] INFO  segmented.SegmentedRaftLogWorker (SegmentedRaftLogWorker.java:run(313)) - 1eeec8c2-4c0f-4bc8-b0db-6391a5855575-SegmentedRaftLogWorker:Storage Directory /workdir/hadoop-ozone/integration-test/target/test-dir/MiniOzoneClusterImpl-e13e4b4c-a51c-41ed-96f1-bc31a3706be2/datanode-6/data/ratis/3075ad27-c966-413a-b68e-ca825b28539e was interrupted, exiting. There are 0 tasks remaining in the queue.
2019-08-20 19:41:58,129 [main] INFO  segmented.SegmentedRaftLogWorker (SegmentedRaftLogWorker.java:close(228)) - 1eeec8c2-4c0f-4bc8-b0db-6391a5855575-SegmentedRaftLogWorker:Storage Directory /workdir/hadoop-ozone/integration-test/target/test-dir/MiniOzoneClusterImpl-e13e4b4c-a51c-41ed-96f1-bc31a3706be2/datanode-6/data/ratis/3075ad27-c966-413a-b68e-ca825b28539e close()
2019-08-20 19:41:58,134 [main] INFO  impl.RaftServerImpl (RaftServerImpl.java:lambda$shutdown$3(245)) - 1eeec8c2-4c0f-4bc8-b0db-6391a5855575: shutdown group-3DFC4D60ADA1
2019-08-20 19:41:58,135 [main] INFO  util.JmxRegister (JmxRegister.java:unregister(73)) - Successfully un-registered JMX Bean with object name Ratis:service=RaftServer,group=group-3DFC4D60ADA1,id=1eeec8c2-4c0f-4bc8-b0db-6391a5855575
2019-08-20 19:41:58,135 [main] INFO  impl.RoleInfo (RoleInfo.java:shutdownLeaderState(104)) - 1eeec8c2-4c0f-4bc8-b0db-6391a5855575: shutdown LeaderState
2019-08-20 19:41:58,135 [main] INFO  impl.PendingRequests (PendingRequests.java:sendNotLeaderResponses(202)) - 1eeec8c2-4c0f-4bc8-b0db-6391a5855575-PendingRequests: sendNotLeaderResponses
2019-08-20 19:41:58,136 [main] INFO  impl.StateMachineUpdater (StateMachineUpdater.java:stopAndJoin(115)) - StateMachineUpdater:1eeec8c2-4c0f-4bc8-b0db-6391a5855575:group-3DFC4D60ADA1: set stopIndex = 0
2019-08-20 19:41:58,136 [main] INFO  impl.RaftServerImpl (ServerState.java:close(394)) - 1eeec8c2-4c0f-4bc8-b0db-6391a5855575:group-3DFC4D60ADA1 closes. The last applied log index is 0
2019-08-20 19:41:58,137 [1eeec8c2-4c0f-4bc8-b0db-6391a5855575-SegmentedRaftLogWorker:Storage Directory /workdir/hadoop-ozone/integration-test/target/test-dir/MiniOzoneClusterImpl-e13e4b4c-a51c-41ed-96f1-bc31a3706be2/datanode-6/data/ratis/5ed69197-1f00-4862-88a9-3dfc4d60ada1] INFO  segmented.SegmentedRaftLogWorker (SegmentedRaftLogWorker.java:run(313)) - 1eeec8c2-4c0f-4bc8-b0db-6391a5855575-SegmentedRaftLogWorker:Storage Directory /workdir/hadoop-ozone/integration-test/target/test-dir/MiniOzoneClusterImpl-e13e4b4c-a51c-41ed-96f1-bc31a3706be2/datanode-6/data/ratis/5ed69197-1f00-4862-88a9-3dfc4d60ada1 was interrupted, exiting. There are 0 tasks remaining in the queue.
2019-08-20 19:41:58,139 [main] INFO  segmented.SegmentedRaftLogWorker (SegmentedRaftLogWorker.java:close(228)) - 1eeec8c2-4c0f-4bc8-b0db-6391a5855575-SegmentedRaftLogWorker:Storage Directory /workdir/hadoop-ozone/integration-test/target/test-dir/MiniOzoneClusterImpl-e13e4b4c-a51c-41ed-96f1-bc31a3706be2/datanode-6/data/ratis/5ed69197-1f00-4862-88a9-3dfc4d60ada1 close()
2019-08-20 19:41:58,142 [main] INFO  impl.RaftServerImpl (RaftServerImpl.java:lambda$shutdown$3(245)) - 1eeec8c2-4c0f-4bc8-b0db-6391a5855575: shutdown group-4BD28E86B1A9
2019-08-20 19:41:58,143 [main] INFO  util.JmxRegister (JmxRegister.java:unregister(73)) - Successfully un-registered JMX Bean with object name Ratis:service=RaftServer,group=group-4BD28E86B1A9,id=1eeec8c2-4c0f-4bc8-b0db-6391a5855575
2019-08-20 19:41:58,144 [main] INFO  impl.RoleInfo (RoleInfo.java:shutdownLeaderState(104)) - 1eeec8c2-4c0f-4bc8-b0db-6391a5855575: shutdown LeaderState
2019-08-20 19:41:58,147 [ForkJoinPool.commonPool-worker-0] INFO  utils.BackgroundService (BackgroundService.java:shutdown(148)) - Shutting down service BlockDeletingService
2019-08-20 19:41:58,149 [main] INFO  impl.PendingRequests (PendingRequests.java:sendNotLeaderResponses(202)) - 1eeec8c2-4c0f-4bc8-b0db-6391a5855575-PendingRequests: sendNotLeaderResponses
2019-08-20 19:41:58,149 [org.apache.ratis.server.impl.LogAppender$AppenderDaemon$$Lambda$725/1187814529@756ad8e9] WARN  server.GrpcLogAppender (GrpcLogAppender.java:mayWait(143)) - GrpcLogAppender(1eeec8c2-4c0f-4bc8-b0db-6391a5855575->3a5f5f92-1fbc-4da9-891b-fb9af6a803f0): Wait interrupted by java.lang.InterruptedException
2019-08-20 19:41:58,149 [org.apache.ratis.server.impl.LogAppender$AppenderDaemon$$Lambda$725/1187814529@341e2107] WARN  server.GrpcLogAppender (GrpcLogAppender.java:mayWait(143)) - GrpcLogAppender(1eeec8c2-4c0f-4bc8-b0db-6391a5855575->ee8f8b66-a0a6-4ed9-8105-e31fb13b4287): Wait interrupted by java.lang.InterruptedException
2019-08-20 19:41:58,149 [main] INFO  impl.StateMachineUpdater (StateMachineUpdater.java:stopAndJoin(115)) - StateMachineUpdater:1eeec8c2-4c0f-4bc8-b0db-6391a5855575:group-4BD28E86B1A9: set stopIndex = 0
2019-08-20 19:41:58,152 [refreshUsed-/workdir/hadoop-ozone/integration-test/target/test-dir/MiniOzoneClusterImpl-e13e4b4c-a51c-41ed-96f1-bc31a3706be2/datanode-3/data/containers] WARN  fs.CachingGetSpaceUsed (CachingGetSpaceUsed.java:run(183)) - Thread Interrupted waiting to refresh disk information: sleep interrupted
2019-08-20 19:41:58,153 [main] INFO  impl.RaftServerImpl (ServerState.java:close(394)) - 1eeec8c2-4c0f-4bc8-b0db-6391a5855575:group-4BD28E86B1A9 closes. The last applied log index is 0
2019-08-20 19:41:58,153 [grpc-default-executor-3] INFO  server.GrpcServerProtocolService (GrpcServerProtocolService.java:onCompleted(104)) - 3a5f5f92-1fbc-4da9-891b-fb9af6a803f0: appendEntries completed
2019-08-20 19:41:58,154 [1eeec8c2-4c0f-4bc8-b0db-6391a5855575-SegmentedRaftLogWorker:Storage Directory /workdir/hadoop-ozone/integration-test/target/test-dir/MiniOzoneClusterImpl-e13e4b4c-a51c-41ed-96f1-bc31a3706be2/datanode-6/data/ratis/b8a02491-4481-463c-9f11-4bd28e86b1a9] INFO  segmented.SegmentedRaftLogWorker (SegmentedRaftLogWorker.java:run(313)) - 1eeec8c2-4c0f-4bc8-b0db-6391a5855575-SegmentedRaftLogWorker:Storage Directory /workdir/hadoop-ozone/integration-test/target/test-dir/MiniOzoneClusterImpl-e13e4b4c-a51c-41ed-96f1-bc31a3706be2/datanode-6/data/ratis/b8a02491-4481-463c-9f11-4bd28e86b1a9 was interrupted, exiting. There are 0 tasks remaining in the queue.
2019-08-20 19:41:58,155 [main] INFO  segmented.SegmentedRaftLogWorker (SegmentedRaftLogWorker.java:close(228)) - 1eeec8c2-4c0f-4bc8-b0db-6391a5855575-SegmentedRaftLogWorker:Storage Directory /workdir/hadoop-ozone/integration-test/target/test-dir/MiniOzoneClusterImpl-e13e4b4c-a51c-41ed-96f1-bc31a3706be2/datanode-6/data/ratis/b8a02491-4481-463c-9f11-4bd28e86b1a9 close()
2019-08-20 19:41:58,159 [main] INFO  impl.RaftServerImpl (RaftServerImpl.java:lambda$shutdown$3(245)) - 1eeec8c2-4c0f-4bc8-b0db-6391a5855575: shutdown group-78F196AB2FA0
2019-08-20 19:41:58,160 [grpc-default-executor-3] INFO  server.GrpcLogAppender (GrpcLogAppender.java:onCompleted(292)) - 1eeec8c2-4c0f-4bc8-b0db-6391a5855575->3a5f5f92-1fbc-4da9-891b-fb9af6a803f0: follower responses appendEntries COMPLETED
2019-08-20 19:41:58,160 [main] INFO  util.JmxRegister (JmxRegister.java:unregister(73)) - Successfully un-registered JMX Bean with object name Ratis:service=RaftServer,group=group-78F196AB2FA0,id=1eeec8c2-4c0f-4bc8-b0db-6391a5855575
2019-08-20 19:41:58,160 [grpc-default-executor-3] INFO  impl.FollowerInfo (FollowerInfo.java:lambda$new$0(50)) - 1eeec8c2-4c0f-4bc8-b0db-6391a5855575->3a5f5f92-1fbc-4da9-891b-fb9af6a803f0: nextIndex: updateUnconditionally 1 -> 0
2019-08-20 19:41:58,161 [main] INFO  impl.RoleInfo (RoleInfo.java:shutdownLeaderState(104)) - 1eeec8c2-4c0f-4bc8-b0db-6391a5855575: shutdown LeaderState
2019-08-20 19:41:58,161 [grpc-default-executor-2] WARN  server.GrpcLogAppender (LogUtils.java:warn(134)) - 1eeec8c2-4c0f-4bc8-b0db-6391a5855575->3a5f5f92-1fbc-4da9-891b-fb9af6a803f0: Failed appendEntries: org.apache.ratis.thirdparty.io.grpc.StatusRuntimeException: UNAVAILABLE: Channel shutdownNow invoked
2019-08-20 19:41:58,164 [org.apache.ratis.server.impl.LogAppender$AppenderDaemon$$Lambda$725/1187814529@18acdfec] WARN  server.GrpcLogAppender (GrpcLogAppender.java:mayWait(143)) - GrpcLogAppender(1eeec8c2-4c0f-4bc8-b0db-6391a5855575->3a5f5f92-1fbc-4da9-891b-fb9af6a803f0): Wait interrupted by java.lang.InterruptedException
2019-08-20 19:41:58,165 [grpc-default-executor-5] WARN  server.GrpcServerProtocolService (LogUtils.java:warn(134)) - 3a5f5f92-1fbc-4da9-891b-fb9af6a803f0: appendEntries onError: org.apache.ratis.thirdparty.io.grpc.StatusRuntimeException: CANCELLED: cancelled before receiving half close
2019-08-20 19:41:58,164 [org.apache.ratis.server.impl.LogAppender$AppenderDaemon$$Lambda$725/1187814529@6f50e1da] WARN  server.GrpcLogAppender (GrpcLogAppender.java:mayWait(143)) - GrpcLogAppender(1eeec8c2-4c0f-4bc8-b0db-6391a5855575->ee8f8b66-a0a6-4ed9-8105-e31fb13b4287): Wait interrupted by java.lang.InterruptedException
2019-08-20 19:41:58,164 [main] INFO  impl.PendingRequests (PendingRequests.java:sendNotLeaderResponses(202)) - 1eeec8c2-4c0f-4bc8-b0db-6391a5855575-PendingRequests: sendNotLeaderResponses
2019-08-20 19:41:58,167 [grpc-default-executor-2] INFO  impl.FollowerInfo (FollowerInfo.java:lambda$new$0(50)) - 1eeec8c2-4c0f-4bc8-b0db-6391a5855575->3a5f5f92-1fbc-4da9-891b-fb9af6a803f0: nextIndex: updateUnconditionally 3 -> 2
2019-08-20 19:41:58,172 | INFO  | SCMAudit | user=jenkins1000 | ip=192.168.157.205 | op=SEND_HEARTBEAT {datanodeUUID=0ddcad73-dd47-4236-bfae-d514011a99c3, command=[]} | ret=SUCCESS |  
2019-08-20 19:41:58,171 [main] INFO  impl.StateMachineUpdater (StateMachineUpdater.java:stopAndJoin(115)) - StateMachineUpdater:1eeec8c2-4c0f-4bc8-b0db-6391a5855575:group-78F196AB2FA0: set stopIndex = 2
2019-08-20 19:41:58,172 [main] INFO  impl.RaftServerImpl (ServerState.java:close(394)) - 1eeec8c2-4c0f-4bc8-b0db-6391a5855575:group-78F196AB2FA0 closes. The last applied log index is 2
2019-08-20 19:41:58,173 [1eeec8c2-4c0f-4bc8-b0db-6391a5855575-SegmentedRaftLogWorker:Storage Directory /workdir/hadoop-ozone/integration-test/target/test-dir/MiniOzoneClusterImpl-e13e4b4c-a51c-41ed-96f1-bc31a3706be2/datanode-6/data/ratis/d391e905-fe4b-49eb-8efd-78f196ab2fa0] INFO  segmented.SegmentedRaftLogWorker (SegmentedRaftLogWorker.java:run(313)) - 1eeec8c2-4c0f-4bc8-b0db-6391a5855575-SegmentedRaftLogWorker:Storage Directory /workdir/hadoop-ozone/integration-test/target/test-dir/MiniOzoneClusterImpl-e13e4b4c-a51c-41ed-96f1-bc31a3706be2/datanode-6/data/ratis/d391e905-fe4b-49eb-8efd-78f196ab2fa0 was interrupted, exiting. There are 0 tasks remaining in the queue.
2019-08-20 19:41:58,174 [main] INFO  segmented.SegmentedRaftLogWorker (SegmentedRaftLogWorker.java:close(228)) - 1eeec8c2-4c0f-4bc8-b0db-6391a5855575-SegmentedRaftLogWorker:Storage Directory /workdir/hadoop-ozone/integration-test/target/test-dir/MiniOzoneClusterImpl-e13e4b4c-a51c-41ed-96f1-bc31a3706be2/datanode-6/data/ratis/d391e905-fe4b-49eb-8efd-78f196ab2fa0 close()
2019-08-20 19:41:58,182 [main] INFO  server.GrpcService (GrpcService.java:closeImpl(155)) - 1eeec8c2-4c0f-4bc8-b0db-6391a5855575: shutdown server with port 39192 now
2019-08-20 19:41:58,185 [grpc-default-executor-5] WARN  server.GrpcServerProtocolService (LogUtils.java:warn(134)) - 1eeec8c2-4c0f-4bc8-b0db-6391a5855575: appendEntries onError: org.apache.ratis.thirdparty.io.grpc.StatusRuntimeException: CANCELLED: cancelled before receiving half close
2019-08-20 19:41:58,185 [main] INFO  server.GrpcService (GrpcService.java:closeImpl(163)) - 1eeec8c2-4c0f-4bc8-b0db-6391a5855575: shutdown server with port 39192 successfully
2019-08-20 19:41:58,186 [grpc-default-executor-2] WARN  server.GrpcLogAppender (LogUtils.java:warn(134)) - 3a5f5f92-1fbc-4da9-891b-fb9af6a803f0->1eeec8c2-4c0f-4bc8-b0db-6391a5855575: Failed appendEntries: org.apache.ratis.thirdparty.io.grpc.StatusRuntimeException: CANCELLED: HTTP/2 error code: CANCEL
Received Rst Stream
2019-08-20 19:41:58,186 [grpc-default-executor-2] INFO  impl.FollowerInfo (FollowerInfo.java:lambda$new$0(50)) - 3a5f5f92-1fbc-4da9-891b-fb9af6a803f0->1eeec8c2-4c0f-4bc8-b0db-6391a5855575: nextIndex: updateUnconditionally 1 -> 0
2019-08-20 19:41:58,187 [main] INFO  utils.BackgroundService (BackgroundService.java:shutdown(148)) - Shutting down service BlockDeletingService
2019-08-20 19:41:58,189 [refreshUsed-/workdir/hadoop-ozone/integration-test/target/test-dir/MiniOzoneClusterImpl-e13e4b4c-a51c-41ed-96f1-bc31a3706be2/datanode-6/data/containers] WARN  fs.CachingGetSpaceUsed (CachingGetSpaceUsed.java:run(183)) - Thread Interrupted waiting to refresh disk information: sleep interrupted
2019-08-20 19:41:58,202 [ForkJoinPool.commonPool-worker-0] INFO  statemachine.DatanodeStateMachine (DatanodeStateMachine.java:stopDaemon(395)) - Ozone container server stopped.
2019-08-20 19:41:58,208 [ForkJoinPool.commonPool-worker-0] INFO  handler.ContextHandler (ContextHandler.java:doStop(910)) - Stopped o.e.j.w.WebAppContext@2eb0cefe{/,null,UNAVAILABLE}{/hddsDatanode}
2019-08-20 19:41:58,209 [ForkJoinPool.commonPool-worker-0] INFO  server.AbstractConnector (AbstractConnector.java:doStop(318)) - Stopped ServerConnector@5a2ae1ab{HTTP/1.1,[http/1.1]}{0.0.0.0:0}
2019-08-20 19:41:58,210 [ForkJoinPool.commonPool-worker-0] INFO  handler.ContextHandler (ContextHandler.java:doStop(910)) - Stopped o.e.j.s.ServletContextHandler@2506b881{/static,jar:file:/home/user/.m2/repository/org/apache/hadoop/hadoop-hdds-container-service/0.5.0-SNAPSHOT/hadoop-hdds-container-service-0.5.0-SNAPSHOT.jar!/webapps/static,UNAVAILABLE}
2019-08-20 19:41:58,212 [ForkJoinPool.commonPool-worker-0] INFO  handler.ContextHandler (ContextHandler.java:doStop(910)) - Stopped o.e.j.s.ServletContextHandler@4a2bf50f{/logs,file:///workdir/hadoop-ozone/integration-test/target/log,UNAVAILABLE}
2019-08-20 19:41:58,213 [ForkJoinPool.commonPool-worker-0] INFO  datanode.ObjectStoreHandler (ObjectStoreHandler.java:close(155)) - Closing ObjectStoreHandler.
2019-08-20 19:41:58,214 [ForkJoinPool.commonPool-worker-0] INFO  ozone.HddsDatanodeService (HddsDatanodeService.java:stop(451)) - Stopped plug-in org.apache.hadoop.ozone.web.OzoneHddsDatanodeService@8f2e3e6
2019-08-20 19:41:58,221 [main] INFO  statemachine.DatanodeStateMachine (DatanodeStateMachine.java:stopDaemon(395)) - Ozone container server stopped.
2019-08-20 19:41:58,222 [main] INFO  handler.ContextHandler (ContextHandler.java:doStop(910)) - Stopped o.e.j.w.WebAppContext@76e6c070{/,null,UNAVAILABLE}{/hddsDatanode}
2019-08-20 19:41:58,223 [main] INFO  server.AbstractConnector (AbstractConnector.java:doStop(318)) - Stopped ServerConnector@184afb78{HTTP/1.1,[http/1.1]}{0.0.0.0:0}
2019-08-20 19:41:58,223 [main] INFO  handler.ContextHandler (ContextHandler.java:doStop(910)) - Stopped o.e.j.s.ServletContextHandler@635ff2a5{/static,jar:file:/home/user/.m2/repository/org/apache/hadoop/hadoop-hdds-container-service/0.5.0-SNAPSHOT/hadoop-hdds-container-service-0.5.0-SNAPSHOT.jar!/webapps/static,UNAVAILABLE}
2019-08-20 19:41:58,224 [main] INFO  handler.ContextHandler (ContextHandler.java:doStop(910)) - Stopped o.e.j.s.ServletContextHandler@1e6bd263{/logs,file:///workdir/hadoop-ozone/integration-test/target/log,UNAVAILABLE}
2019-08-20 19:41:58,225 [main] INFO  datanode.ObjectStoreHandler (ObjectStoreHandler.java:close(155)) - Closing ObjectStoreHandler.
2019-08-20 19:41:58,225 [main] INFO  ozone.HddsDatanodeService (HddsDatanodeService.java:stop(451)) - Stopped plug-in org.apache.hadoop.ozone.web.OzoneHddsDatanodeService@1aed6f0b
2019-08-20 19:41:58,257 [grpc-default-executor-3] WARN  server.GrpcLogAppender (LogUtils.java:warn(134)) - 3a5f5f92-1fbc-4da9-891b-fb9af6a803f0->ee8f8b66-a0a6-4ed9-8105-e31fb13b4287: Failed appendEntries: org.apache.ratis.thirdparty.io.grpc.StatusRuntimeException: UNAVAILABLE: io exception
2019-08-20 19:41:58,259 [grpc-default-executor-3] INFO  impl.FollowerInfo (FollowerInfo.java:lambda$new$0(50)) - 3a5f5f92-1fbc-4da9-891b-fb9af6a803f0->ee8f8b66-a0a6-4ed9-8105-e31fb13b4287: nextIndex: updateUnconditionally 0 -> 0
2019-08-20 19:41:58,288 [grpc-default-executor-5] WARN  server.GrpcLogAppender (LogUtils.java:warn(134)) - 3a5f5f92-1fbc-4da9-891b-fb9af6a803f0->1eeec8c2-4c0f-4bc8-b0db-6391a5855575: Failed appendEntries: org.apache.ratis.thirdparty.io.grpc.StatusRuntimeException: UNAVAILABLE: io exception
2019-08-20 19:41:58,290 [grpc-default-executor-5] INFO  impl.FollowerInfo (FollowerInfo.java:lambda$new$0(50)) - 3a5f5f92-1fbc-4da9-891b-fb9af6a803f0->1eeec8c2-4c0f-4bc8-b0db-6391a5855575: nextIndex: updateUnconditionally 0 -> 0
2019-08-20 19:41:58,298 | INFO  | SCMAudit | user=jenkins1000 | ip=192.168.157.205 | op=SEND_HEARTBEAT {datanodeUUID=3a5f5f92-1fbc-4da9-891b-fb9af6a803f0, command=[]} | ret=SUCCESS |  
2019-08-20 19:41:58,342 | INFO  | SCMAudit | user=jenkins1000 | ip=192.168.157.205 | op=SEND_HEARTBEAT {datanodeUUID=a9286357-6b15-4043-a893-920ae835d3d2, command=[]} | ret=SUCCESS |  
2019-08-20 19:41:58,759 [grpc-default-executor-2] WARN  server.GrpcLogAppender (LogUtils.java:warn(134)) - 3a5f5f92-1fbc-4da9-891b-fb9af6a803f0->ee8f8b66-a0a6-4ed9-8105-e31fb13b4287: Failed appendEntries: org.apache.ratis.thirdparty.io.grpc.StatusRuntimeException: UNAVAILABLE: io exception
2019-08-20 19:41:58,762 [grpc-default-executor-2] INFO  impl.FollowerInfo (FollowerInfo.java:lambda$new$0(50)) - 3a5f5f92-1fbc-4da9-891b-fb9af6a803f0->ee8f8b66-a0a6-4ed9-8105-e31fb13b4287: nextIndex: updateUnconditionally 0 -> 0
2019-08-20 19:41:58,789 [grpc-default-executor-5] WARN  server.GrpcLogAppender (LogUtils.java:warn(134)) - 3a5f5f92-1fbc-4da9-891b-fb9af6a803f0->1eeec8c2-4c0f-4bc8-b0db-6391a5855575: Failed appendEntries: org.apache.ratis.thirdparty.io.grpc.StatusRuntimeException: UNAVAILABLE: io exception
2019-08-20 19:41:58,792 [grpc-default-executor-5] INFO  impl.FollowerInfo (FollowerInfo.java:lambda$new$0(50)) - 3a5f5f92-1fbc-4da9-891b-fb9af6a803f0->1eeec8c2-4c0f-4bc8-b0db-6391a5855575: nextIndex: updateUnconditionally 0 -> 0
2019-08-20 19:41:58,895 | INFO  | SCMAudit | user=jenkins1000 | ip=192.168.157.205 | op=SEND_HEARTBEAT {datanodeUUID=8109623e-cc10-4f33-b553-5cc878b10d85, command=[]} | ret=SUCCESS |  
2019-08-20 19:41:59,096 [Datanode State Machine Thread - 0] INFO  statemachine.DatanodeStateMachine (DatanodeStateMachine.java:lambda$startDaemon$0(350)) - Ozone container server started.
2019-08-20 19:41:59,101 | INFO  | SCMAudit | user=jenkins1000 | ip=192.168.157.205 | op=SEND_HEARTBEAT {datanodeUUID=2bc3458d-469e-4a51-8672-7abe5768ce0e, command=[]} | ret=SUCCESS |  
2019-08-20 19:41:59,165 [Datanode State Machine Thread - 0] INFO  statemachine.DatanodeStateMachine (DatanodeStateMachine.java:lambda$startDaemon$0(350)) - Ozone container server started.
2019-08-20 19:41:59,260 [grpc-default-executor-3] WARN  server.GrpcLogAppender (LogUtils.java:warn(134)) - 3a5f5f92-1fbc-4da9-891b-fb9af6a803f0->ee8f8b66-a0a6-4ed9-8105-e31fb13b4287: Failed appendEntries: org.apache.ratis.thirdparty.io.grpc.StatusRuntimeException: UNAVAILABLE: io exception
2019-08-20 19:41:59,264 [grpc-default-executor-3] INFO  impl.FollowerInfo (FollowerInfo.java:lambda$new$0(50)) - 3a5f5f92-1fbc-4da9-891b-fb9af6a803f0->ee8f8b66-a0a6-4ed9-8105-e31fb13b4287: nextIndex: updateUnconditionally 0 -> 0
2019-08-20 19:41:59,292 [grpc-default-executor-5] WARN  server.GrpcLogAppender (LogUtils.java:warn(134)) - 3a5f5f92-1fbc-4da9-891b-fb9af6a803f0->1eeec8c2-4c0f-4bc8-b0db-6391a5855575: Failed appendEntries: org.apache.ratis.thirdparty.io.grpc.StatusRuntimeException: UNAVAILABLE: io exception
2019-08-20 19:41:59,300 [grpc-default-executor-5] INFO  impl.FollowerInfo (FollowerInfo.java:lambda$new$0(50)) - 3a5f5f92-1fbc-4da9-891b-fb9af6a803f0->1eeec8c2-4c0f-4bc8-b0db-6391a5855575: nextIndex: updateUnconditionally 0 -> 0
2019-08-20 19:41:59,302 | INFO  | SCMAudit | user=jenkins1000 | ip=192.168.157.205 | op=SEND_HEARTBEAT {datanodeUUID=3a5f5f92-1fbc-4da9-891b-fb9af6a803f0, command=[]} | ret=SUCCESS |  
2019-08-20 19:41:59,342 | INFO  | SCMAudit | user=jenkins1000 | ip=192.168.157.205 | op=SEND_HEARTBEAT {datanodeUUID=a9286357-6b15-4043-a893-920ae835d3d2, command=[]} | ret=SUCCESS |  
2019-08-20 19:41:59,570 [Thread-381] INFO  impl.FollowerState (FollowerState.java:run(106)) - 3a5f5f92-1fbc-4da9-891b-fb9af6a803f0:group-4BD28E86B1A9 changes to CANDIDATE, lastRpcTime:1787, electionTimeout:1049ms
2019-08-20 19:41:59,570 [Thread-381] INFO  impl.RoleInfo (RoleInfo.java:shutdownFollowerState(121)) - 3a5f5f92-1fbc-4da9-891b-fb9af6a803f0: shutdown FollowerState
2019-08-20 19:41:59,570 [Thread-381] INFO  impl.RaftServerImpl (RaftServerImpl.java:setRole(171)) - 3a5f5f92-1fbc-4da9-891b-fb9af6a803f0:group-4BD28E86B1A9 changes role from FOLLOWER to CANDIDATE at term 1 for changeToCandidate
2019-08-20 19:41:59,571 [Thread-381] INFO  impl.RoleInfo (RoleInfo.java:updateAndGet(143)) - 3a5f5f92-1fbc-4da9-891b-fb9af6a803f0: start LeaderElection
2019-08-20 19:41:59,571 [3a5f5f92-1fbc-4da9-891b-fb9af6a803f0:group-4BD28E86B1A9:LeaderElection17] INFO  impl.RaftServerImpl (ServerState.java:setLeader(263)) - 3a5f5f92-1fbc-4da9-891b-fb9af6a803f0:group-4BD28E86B1A9 change Leader from 1eeec8c2-4c0f-4bc8-b0db-6391a5855575 to null at term 1 for initElection
2019-08-20 19:41:59,607 [3a5f5f92-1fbc-4da9-891b-fb9af6a803f0:group-4BD28E86B1A9:LeaderElection17] INFO  impl.LeaderElection (LeaderElection.java:askForVotes(181)) - 3a5f5f92-1fbc-4da9-891b-fb9af6a803f0:group-4BD28E86B1A9:LeaderElection17: begin an election at term 2 for 0: [1eeec8c2-4c0f-4bc8-b0db-6391a5855575:192.168.157.205:39192, 3a5f5f92-1fbc-4da9-891b-fb9af6a803f0:192.168.157.205:37319, ee8f8b66-a0a6-4ed9-8105-e31fb13b4287:192.168.157.205:44060], old=null
2019-08-20 19:41:59,612 [3a5f5f92-1fbc-4da9-891b-fb9af6a803f0:group-4BD28E86B1A9:LeaderElection17] INFO  impl.LeaderElection (LogUtils.java:infoOrTrace(149)) - 3a5f5f92-1fbc-4da9-891b-fb9af6a803f0:group-4BD28E86B1A9:LeaderElection17 got exception when requesting votes: {}
java.util.concurrent.ExecutionException: org.apache.ratis.thirdparty.io.grpc.StatusRuntimeException: UNAVAILABLE: io exception
	at java.util.concurrent.FutureTask.report(FutureTask.java:122)
	at java.util.concurrent.FutureTask.get(FutureTask.java:192)
	at org.apache.ratis.server.impl.LeaderElection.waitForResults(LeaderElection.java:262)
	at org.apache.ratis.server.impl.LeaderElection.askForVotes(LeaderElection.java:200)
	at org.apache.ratis.server.impl.LeaderElection.run(LeaderElection.java:130)
	at java.lang.Thread.run(Thread.java:748)
Caused by: org.apache.ratis.thirdparty.io.grpc.StatusRuntimeException: UNAVAILABLE: io exception
	at org.apache.ratis.thirdparty.io.grpc.stub.ClientCalls.toStatusRuntimeException(ClientCalls.java:233)
	at org.apache.ratis.thirdparty.io.grpc.stub.ClientCalls.getUnchecked(ClientCalls.java:214)
	at org.apache.ratis.thirdparty.io.grpc.stub.ClientCalls.blockingUnaryCall(ClientCalls.java:139)
	at org.apache.ratis.proto.grpc.RaftServerProtocolServiceGrpc$RaftServerProtocolServiceBlockingStub.requestVote(RaftServerProtocolServiceGrpc.java:265)
	at org.apache.ratis.grpc.server.GrpcServerProtocolClient.requestVote(GrpcServerProtocolClient.java:83)
	at org.apache.ratis.grpc.server.GrpcService.requestVote(GrpcService.java:195)
	at org.apache.ratis.server.impl.LeaderElection.lambda$submitRequests$1(LeaderElection.java:237)
	at java.util.concurrent.FutureTask.run(FutureTask.java:266)
	at java.util.concurrent.Executors$RunnableAdapter.call(Executors.java:511)
	at java.util.concurrent.FutureTask.run(FutureTask.java:266)
	at java.util.concurrent.ThreadPoolExecutor.runWorker(ThreadPoolExecutor.java:1149)
	at java.util.concurrent.ThreadPoolExecutor$Worker.run(ThreadPoolExecutor.java:624)
	... 1 more
Caused by: org.apache.ratis.thirdparty.io.netty.channel.AbstractChannel$AnnotatedConnectException: Connection refused: /192.168.157.205:39192
	at sun.nio.ch.SocketChannelImpl.checkConnect(Native Method)
	at sun.nio.ch.SocketChannelImpl.finishConnect(SocketChannelImpl.java:717)
	at org.apache.ratis.thirdparty.io.netty.channel.socket.nio.NioSocketChannel.doFinishConnect(NioSocketChannel.java:327)
	at org.apache.ratis.thirdparty.io.netty.channel.nio.AbstractNioChannel$AbstractNioUnsafe.finishConnect(AbstractNioChannel.java:340)
	at org.apache.ratis.thirdparty.io.netty.channel.nio.NioEventLoop.processSelectedKey(NioEventLoop.java:632)
	at org.apache.ratis.thirdparty.io.netty.channel.nio.NioEventLoop.processSelectedKeysOptimized(NioEventLoop.java:579)
	at org.apache.ratis.thirdparty.io.netty.channel.nio.NioEventLoop.processSelectedKeys(NioEventLoop.java:496)
	at org.apache.ratis.thirdparty.io.netty.channel.nio.NioEventLoop.run(NioEventLoop.java:458)
	at org.apache.ratis.thirdparty.io.netty.util.concurrent.SingleThreadEventExecutor$5.run(SingleThreadEventExecutor.java:897)
	at org.apache.ratis.thirdparty.io.netty.util.concurrent.FastThreadLocalRunnable.run(FastThreadLocalRunnable.java:30)
	... 1 more
Caused by: java.net.ConnectException: Connection refused
	... 11 more
2019-08-20 19:41:59,616 [3a5f5f92-1fbc-4da9-891b-fb9af6a803f0:group-4BD28E86B1A9:LeaderElection17] INFO  impl.LeaderElection (LogUtils.java:infoOrTrace(149)) - 3a5f5f92-1fbc-4da9-891b-fb9af6a803f0:group-4BD28E86B1A9:LeaderElection17 got exception when requesting votes: {}
java.util.concurrent.ExecutionException: org.apache.ratis.thirdparty.io.grpc.StatusRuntimeException: UNAVAILABLE: io exception
	at java.util.concurrent.FutureTask.report(FutureTask.java:122)
	at java.util.concurrent.FutureTask.get(FutureTask.java:192)
	at org.apache.ratis.server.impl.LeaderElection.waitForResults(LeaderElection.java:262)
	at org.apache.ratis.server.impl.LeaderElection.askForVotes(LeaderElection.java:200)
	at org.apache.ratis.server.impl.LeaderElection.run(LeaderElection.java:130)
	at java.lang.Thread.run(Thread.java:748)
Caused by: org.apache.ratis.thirdparty.io.grpc.StatusRuntimeException: UNAVAILABLE: io exception
	at org.apache.ratis.thirdparty.io.grpc.stub.ClientCalls.toStatusRuntimeException(ClientCalls.java:233)
	at org.apache.ratis.thirdparty.io.grpc.stub.ClientCalls.getUnchecked(ClientCalls.java:214)
	at org.apache.ratis.thirdparty.io.grpc.stub.ClientCalls.blockingUnaryCall(ClientCalls.java:139)
	at org.apache.ratis.proto.grpc.RaftServerProtocolServiceGrpc$RaftServerProtocolServiceBlockingStub.requestVote(RaftServerProtocolServiceGrpc.java:265)
	at org.apache.ratis.grpc.server.GrpcServerProtocolClient.requestVote(GrpcServerProtocolClient.java:83)
	at org.apache.ratis.grpc.server.GrpcService.requestVote(GrpcService.java:195)
	at org.apache.ratis.server.impl.LeaderElection.lambda$submitRequests$1(LeaderElection.java:237)
	at java.util.concurrent.FutureTask.run(FutureTask.java:266)
	at java.util.concurrent.Executors$RunnableAdapter.call(Executors.java:511)
	at java.util.concurrent.FutureTask.run(FutureTask.java:266)
	at java.util.concurrent.ThreadPoolExecutor.runWorker(ThreadPoolExecutor.java:1149)
	at java.util.concurrent.ThreadPoolExecutor$Worker.run(ThreadPoolExecutor.java:624)
	... 1 more
Caused by: org.apache.ratis.thirdparty.io.netty.channel.AbstractChannel$AnnotatedConnectException: Connection refused: /192.168.157.205:44060
	at sun.nio.ch.SocketChannelImpl.checkConnect(Native Method)
	at sun.nio.ch.SocketChannelImpl.finishConnect(SocketChannelImpl.java:717)
	at org.apache.ratis.thirdparty.io.netty.channel.socket.nio.NioSocketChannel.doFinishConnect(NioSocketChannel.java:327)
	at org.apache.ratis.thirdparty.io.netty.channel.nio.AbstractNioChannel$AbstractNioUnsafe.finishConnect(AbstractNioChannel.java:340)
	at org.apache.ratis.thirdparty.io.netty.channel.nio.NioEventLoop.processSelectedKey(NioEventLoop.java:632)
	at org.apache.ratis.thirdparty.io.netty.channel.nio.NioEventLoop.processSelectedKeysOptimized(NioEventLoop.java:579)
	at org.apache.ratis.thirdparty.io.netty.channel.nio.NioEventLoop.processSelectedKeys(NioEventLoop.java:496)
	at org.apache.ratis.thirdparty.io.netty.channel.nio.NioEventLoop.run(NioEventLoop.java:458)
	at org.apache.ratis.thirdparty.io.netty.util.concurrent.SingleThreadEventExecutor$5.run(SingleThreadEventExecutor.java:897)
	at org.apache.ratis.thirdparty.io.netty.util.concurrent.FastThreadLocalRunnable.run(FastThreadLocalRunnable.java:30)
	... 1 more
Caused by: java.net.ConnectException: Connection refused
	... 11 more
2019-08-20 19:41:59,618 [3a5f5f92-1fbc-4da9-891b-fb9af6a803f0:group-4BD28E86B1A9:LeaderElection17] INFO  impl.LeaderElection (LeaderElection.java:logAndReturn(56)) - 3a5f5f92-1fbc-4da9-891b-fb9af6a803f0:group-4BD28E86B1A9:LeaderElection17: Election REJECTED; received 0 response(s) [] and 2 exception(s); 3a5f5f92-1fbc-4da9-891b-fb9af6a803f0:t2, leader=null, voted=3a5f5f92-1fbc-4da9-891b-fb9af6a803f0, raftlog=3a5f5f92-1fbc-4da9-891b-fb9af6a803f0-SegmentedRaftLog:OPENED:c0,f0,i0, conf=0: [1eeec8c2-4c0f-4bc8-b0db-6391a5855575:192.168.157.205:39192, 3a5f5f92-1fbc-4da9-891b-fb9af6a803f0:192.168.157.205:37319, ee8f8b66-a0a6-4ed9-8105-e31fb13b4287:192.168.157.205:44060], old=null
2019-08-20 19:41:59,619 [3a5f5f92-1fbc-4da9-891b-fb9af6a803f0:group-4BD28E86B1A9:LeaderElection17] INFO  impl.LeaderElection (LogUtils.java:infoOrTrace(149)) -   Exception 0: {}
java.util.concurrent.ExecutionException: org.apache.ratis.thirdparty.io.grpc.StatusRuntimeException: UNAVAILABLE: io exception
	at java.util.concurrent.FutureTask.report(FutureTask.java:122)
	at java.util.concurrent.FutureTask.get(FutureTask.java:192)
	at org.apache.ratis.server.impl.LeaderElection.waitForResults(LeaderElection.java:262)
	at org.apache.ratis.server.impl.LeaderElection.askForVotes(LeaderElection.java:200)
	at org.apache.ratis.server.impl.LeaderElection.run(LeaderElection.java:130)
	at java.lang.Thread.run(Thread.java:748)
Caused by: org.apache.ratis.thirdparty.io.grpc.StatusRuntimeException: UNAVAILABLE: io exception
	at org.apache.ratis.thirdparty.io.grpc.stub.ClientCalls.toStatusRuntimeException(ClientCalls.java:233)
	at org.apache.ratis.thirdparty.io.grpc.stub.ClientCalls.getUnchecked(ClientCalls.java:214)
	at org.apache.ratis.thirdparty.io.grpc.stub.ClientCalls.blockingUnaryCall(ClientCalls.java:139)
	at org.apache.ratis.proto.grpc.RaftServerProtocolServiceGrpc$RaftServerProtocolServiceBlockingStub.requestVote(RaftServerProtocolServiceGrpc.java:265)
	at org.apache.ratis.grpc.server.GrpcServerProtocolClient.requestVote(GrpcServerProtocolClient.java:83)
	at org.apache.ratis.grpc.server.GrpcService.requestVote(GrpcService.java:195)
	at org.apache.ratis.server.impl.LeaderElection.lambda$submitRequests$1(LeaderElection.java:237)
	at java.util.concurrent.FutureTask.run(FutureTask.java:266)
	at java.util.concurrent.Executors$RunnableAdapter.call(Executors.java:511)
	at java.util.concurrent.FutureTask.run(FutureTask.java:266)
	at java.util.concurrent.ThreadPoolExecutor.runWorker(ThreadPoolExecutor.java:1149)
	at java.util.concurrent.ThreadPoolExecutor$Worker.run(ThreadPoolExecutor.java:624)
	... 1 more
Caused by: org.apache.ratis.thirdparty.io.netty.channel.AbstractChannel$AnnotatedConnectException: Connection refused: /192.168.157.205:39192
	at sun.nio.ch.SocketChannelImpl.checkConnect(Native Method)
	at sun.nio.ch.SocketChannelImpl.finishConnect(SocketChannelImpl.java:717)
	at org.apache.ratis.thirdparty.io.netty.channel.socket.nio.NioSocketChannel.doFinishConnect(NioSocketChannel.java:327)
	at org.apache.ratis.thirdparty.io.netty.channel.nio.AbstractNioChannel$AbstractNioUnsafe.finishConnect(AbstractNioChannel.java:340)
	at org.apache.ratis.thirdparty.io.netty.channel.nio.NioEventLoop.processSelectedKey(NioEventLoop.java:632)
	at org.apache.ratis.thirdparty.io.netty.channel.nio.NioEventLoop.processSelectedKeysOptimized(NioEventLoop.java:579)
	at org.apache.ratis.thirdparty.io.netty.channel.nio.NioEventLoop.processSelectedKeys(NioEventLoop.java:496)
	at org.apache.ratis.thirdparty.io.netty.channel.nio.NioEventLoop.run(NioEventLoop.java:458)
	at org.apache.ratis.thirdparty.io.netty.util.concurrent.SingleThreadEventExecutor$5.run(SingleThreadEventExecutor.java:897)
	at org.apache.ratis.thirdparty.io.netty.util.concurrent.FastThreadLocalRunnable.run(FastThreadLocalRunnable.java:30)
	... 1 more
Caused by: java.net.ConnectException: Connection refused
	... 11 more
2019-08-20 19:41:59,619 [3a5f5f92-1fbc-4da9-891b-fb9af6a803f0:group-4BD28E86B1A9:LeaderElection17] INFO  impl.LeaderElection (LogUtils.java:infoOrTrace(149)) -   Exception 1: {}
java.util.concurrent.ExecutionException: org.apache.ratis.thirdparty.io.grpc.StatusRuntimeException: UNAVAILABLE: io exception
	at java.util.concurrent.FutureTask.report(FutureTask.java:122)
	at java.util.concurrent.FutureTask.get(FutureTask.java:192)
	at org.apache.ratis.server.impl.LeaderElection.waitForResults(LeaderElection.java:262)
	at org.apache.ratis.server.impl.LeaderElection.askForVotes(LeaderElection.java:200)
	at org.apache.ratis.server.impl.LeaderElection.run(LeaderElection.java:130)
	at java.lang.Thread.run(Thread.java:748)
Caused by: org.apache.ratis.thirdparty.io.grpc.StatusRuntimeException: UNAVAILABLE: io exception
	at org.apache.ratis.thirdparty.io.grpc.stub.ClientCalls.toStatusRuntimeException(ClientCalls.java:233)
	at org.apache.ratis.thirdparty.io.grpc.stub.ClientCalls.getUnchecked(ClientCalls.java:214)
	at org.apache.ratis.thirdparty.io.grpc.stub.ClientCalls.blockingUnaryCall(ClientCalls.java:139)
	at org.apache.ratis.proto.grpc.RaftServerProtocolServiceGrpc$RaftServerProtocolServiceBlockingStub.requestVote(RaftServerProtocolServiceGrpc.java:265)
	at org.apache.ratis.grpc.server.GrpcServerProtocolClient.requestVote(GrpcServerProtocolClient.java:83)
	at org.apache.ratis.grpc.server.GrpcService.requestVote(GrpcService.java:195)
	at org.apache.ratis.server.impl.LeaderElection.lambda$submitRequests$1(LeaderElection.java:237)
	at java.util.concurrent.FutureTask.run(FutureTask.java:266)
	at java.util.concurrent.Executors$RunnableAdapter.call(Executors.java:511)
	at java.util.concurrent.FutureTask.run(FutureTask.java:266)
	at java.util.concurrent.ThreadPoolExecutor.runWorker(ThreadPoolExecutor.java:1149)
	at java.util.concurrent.ThreadPoolExecutor$Worker.run(ThreadPoolExecutor.java:624)
	... 1 more
Caused by: org.apache.ratis.thirdparty.io.netty.channel.AbstractChannel$AnnotatedConnectException: Connection refused: /192.168.157.205:44060
	at sun.nio.ch.SocketChannelImpl.checkConnect(Native Method)
	at sun.nio.ch.SocketChannelImpl.finishConnect(SocketChannelImpl.java:717)
	at org.apache.ratis.thirdparty.io.netty.channel.socket.nio.NioSocketChannel.doFinishConnect(NioSocketChannel.java:327)
	at org.apache.ratis.thirdparty.io.netty.channel.nio.AbstractNioChannel$AbstractNioUnsafe.finishConnect(AbstractNioChannel.java:340)
	at org.apache.ratis.thirdparty.io.netty.channel.nio.NioEventLoop.processSelectedKey(NioEventLoop.java:632)
	at org.apache.ratis.thirdparty.io.netty.channel.nio.NioEventLoop.processSelectedKeysOptimized(NioEventLoop.java:579)
	at org.apache.ratis.thirdparty.io.netty.channel.nio.NioEventLoop.processSelectedKeys(NioEventLoop.java:496)
	at org.apache.ratis.thirdparty.io.netty.channel.nio.NioEventLoop.run(NioEventLoop.java:458)
	at org.apache.ratis.thirdparty.io.netty.util.concurrent.SingleThreadEventExecutor$5.run(SingleThreadEventExecutor.java:897)
	at org.apache.ratis.thirdparty.io.netty.util.concurrent.FastThreadLocalRunnable.run(FastThreadLocalRunnable.java:30)
	... 1 more
Caused by: java.net.ConnectException: Connection refused
	... 11 more
2019-08-20 19:41:59,620 [3a5f5f92-1fbc-4da9-891b-fb9af6a803f0:group-4BD28E86B1A9:LeaderElection17] INFO  impl.RaftServerImpl (RaftServerImpl.java:setRole(171)) - 3a5f5f92-1fbc-4da9-891b-fb9af6a803f0:group-4BD28E86B1A9 changes role from CANDIDATE to FOLLOWER at term 2 for DISCOVERED_A_NEW_TERM
2019-08-20 19:41:59,622 [3a5f5f92-1fbc-4da9-891b-fb9af6a803f0:group-4BD28E86B1A9:LeaderElection17] INFO  impl.RoleInfo (RoleInfo.java:shutdownLeaderElection(134)) - 3a5f5f92-1fbc-4da9-891b-fb9af6a803f0: shutdown LeaderElection
2019-08-20 19:41:59,622 [3a5f5f92-1fbc-4da9-891b-fb9af6a803f0:group-4BD28E86B1A9:LeaderElection17] INFO  impl.RoleInfo (RoleInfo.java:updateAndGet(143)) - 3a5f5f92-1fbc-4da9-891b-fb9af6a803f0: start FollowerState
2019-08-20 19:41:59,725 [Thread-452] INFO  impl.FollowerState (FollowerState.java:run(106)) - 3a5f5f92-1fbc-4da9-891b-fb9af6a803f0:group-78F196AB2FA0 changes to CANDIDATE, lastRpcTime:1704, electionTimeout:1096ms
2019-08-20 19:41:59,726 [Thread-452] INFO  impl.RoleInfo (RoleInfo.java:shutdownFollowerState(121)) - 3a5f5f92-1fbc-4da9-891b-fb9af6a803f0: shutdown FollowerState
2019-08-20 19:41:59,726 [Thread-452] INFO  impl.RaftServerImpl (RaftServerImpl.java:setRole(171)) - 3a5f5f92-1fbc-4da9-891b-fb9af6a803f0:group-78F196AB2FA0 changes role from FOLLOWER to CANDIDATE at term 2 for changeToCandidate
2019-08-20 19:41:59,726 [Thread-452] INFO  impl.RoleInfo (RoleInfo.java:updateAndGet(143)) - 3a5f5f92-1fbc-4da9-891b-fb9af6a803f0: start LeaderElection
2019-08-20 19:41:59,730 [3a5f5f92-1fbc-4da9-891b-fb9af6a803f0:group-78F196AB2FA0:LeaderElection18] INFO  impl.RaftServerImpl (ServerState.java:setLeader(263)) - 3a5f5f92-1fbc-4da9-891b-fb9af6a803f0:group-78F196AB2FA0 change Leader from 1eeec8c2-4c0f-4bc8-b0db-6391a5855575 to null at term 2 for initElection
2019-08-20 19:41:59,744 [3a5f5f92-1fbc-4da9-891b-fb9af6a803f0:group-78F196AB2FA0:LeaderElection18] INFO  impl.LeaderElection (LeaderElection.java:askForVotes(181)) - 3a5f5f92-1fbc-4da9-891b-fb9af6a803f0:group-78F196AB2FA0:LeaderElection18: begin an election at term 3 for 1: [1eeec8c2-4c0f-4bc8-b0db-6391a5855575:192.168.157.205:39192, 3a5f5f92-1fbc-4da9-891b-fb9af6a803f0:192.168.157.205:37319, ee8f8b66-a0a6-4ed9-8105-e31fb13b4287:192.168.157.205:44060], old=null
2019-08-20 19:41:59,746 [3a5f5f92-1fbc-4da9-891b-fb9af6a803f0:group-78F196AB2FA0:LeaderElection18] INFO  impl.LeaderElection (LogUtils.java:infoOrTrace(149)) - 3a5f5f92-1fbc-4da9-891b-fb9af6a803f0:group-78F196AB2FA0:LeaderElection18 got exception when requesting votes: {}
java.util.concurrent.ExecutionException: org.apache.ratis.thirdparty.io.grpc.StatusRuntimeException: UNAVAILABLE: io exception
	at java.util.concurrent.FutureTask.report(FutureTask.java:122)
	at java.util.concurrent.FutureTask.get(FutureTask.java:192)
	at org.apache.ratis.server.impl.LeaderElection.waitForResults(LeaderElection.java:262)
	at org.apache.ratis.server.impl.LeaderElection.askForVotes(LeaderElection.java:200)
	at org.apache.ratis.server.impl.LeaderElection.run(LeaderElection.java:130)
	at java.lang.Thread.run(Thread.java:748)
Caused by: org.apache.ratis.thirdparty.io.grpc.StatusRuntimeException: UNAVAILABLE: io exception
	at org.apache.ratis.thirdparty.io.grpc.stub.ClientCalls.toStatusRuntimeException(ClientCalls.java:233)
	at org.apache.ratis.thirdparty.io.grpc.stub.ClientCalls.getUnchecked(ClientCalls.java:214)
	at org.apache.ratis.thirdparty.io.grpc.stub.ClientCalls.blockingUnaryCall(ClientCalls.java:139)
	at org.apache.ratis.proto.grpc.RaftServerProtocolServiceGrpc$RaftServerProtocolServiceBlockingStub.requestVote(RaftServerProtocolServiceGrpc.java:265)
	at org.apache.ratis.grpc.server.GrpcServerProtocolClient.requestVote(GrpcServerProtocolClient.java:83)
	at org.apache.ratis.grpc.server.GrpcService.requestVote(GrpcService.java:195)
	at org.apache.ratis.server.impl.LeaderElection.lambda$submitRequests$1(LeaderElection.java:237)
	at java.util.concurrent.FutureTask.run(FutureTask.java:266)
	at java.util.concurrent.Executors$RunnableAdapter.call(Executors.java:511)
	at java.util.concurrent.FutureTask.run(FutureTask.java:266)
	at java.util.concurrent.ThreadPoolExecutor.runWorker(ThreadPoolExecutor.java:1149)
	at java.util.concurrent.ThreadPoolExecutor$Worker.run(ThreadPoolExecutor.java:624)
	... 1 more
Caused by: org.apache.ratis.thirdparty.io.netty.channel.AbstractChannel$AnnotatedConnectException: Connection refused: /192.168.157.205:39192
	at sun.nio.ch.SocketChannelImpl.checkConnect(Native Method)
	at sun.nio.ch.SocketChannelImpl.finishConnect(SocketChannelImpl.java:717)
	at org.apache.ratis.thirdparty.io.netty.channel.socket.nio.NioSocketChannel.doFinishConnect(NioSocketChannel.java:327)
	at org.apache.ratis.thirdparty.io.netty.channel.nio.AbstractNioChannel$AbstractNioUnsafe.finishConnect(AbstractNioChannel.java:340)
	at org.apache.ratis.thirdparty.io.netty.channel.nio.NioEventLoop.processSelectedKey(NioEventLoop.java:632)
	at org.apache.ratis.thirdparty.io.netty.channel.nio.NioEventLoop.processSelectedKeysOptimized(NioEventLoop.java:579)
	at org.apache.ratis.thirdparty.io.netty.channel.nio.NioEventLoop.processSelectedKeys(NioEventLoop.java:496)
	at org.apache.ratis.thirdparty.io.netty.channel.nio.NioEventLoop.run(NioEventLoop.java:458)
	at org.apache.ratis.thirdparty.io.netty.util.concurrent.SingleThreadEventExecutor$5.run(SingleThreadEventExecutor.java:897)
	at org.apache.ratis.thirdparty.io.netty.util.concurrent.FastThreadLocalRunnable.run(FastThreadLocalRunnable.java:30)
	... 1 more
Caused by: java.net.ConnectException: Connection refused
	... 11 more
2019-08-20 19:41:59,748 [3a5f5f92-1fbc-4da9-891b-fb9af6a803f0:group-78F196AB2FA0:LeaderElection18] INFO  impl.LeaderElection (LogUtils.java:infoOrTrace(149)) - 3a5f5f92-1fbc-4da9-891b-fb9af6a803f0:group-78F196AB2FA0:LeaderElection18 got exception when requesting votes: {}
java.util.concurrent.ExecutionException: org.apache.ratis.thirdparty.io.grpc.StatusRuntimeException: UNAVAILABLE: io exception
	at java.util.concurrent.FutureTask.report(FutureTask.java:122)
	at java.util.concurrent.FutureTask.get(FutureTask.java:192)
	at org.apache.ratis.server.impl.LeaderElection.waitForResults(LeaderElection.java:262)
	at org.apache.ratis.server.impl.LeaderElection.askForVotes(LeaderElection.java:200)
	at org.apache.ratis.server.impl.LeaderElection.run(LeaderElection.java:130)
	at java.lang.Thread.run(Thread.java:748)
Caused by: org.apache.ratis.thirdparty.io.grpc.StatusRuntimeException: UNAVAILABLE: io exception
	at org.apache.ratis.thirdparty.io.grpc.stub.ClientCalls.toStatusRuntimeException(ClientCalls.java:233)
	at org.apache.ratis.thirdparty.io.grpc.stub.ClientCalls.getUnchecked(ClientCalls.java:214)
	at org.apache.ratis.thirdparty.io.grpc.stub.ClientCalls.blockingUnaryCall(ClientCalls.java:139)
	at org.apache.ratis.proto.grpc.RaftServerProtocolServiceGrpc$RaftServerProtocolServiceBlockingStub.requestVote(RaftServerProtocolServiceGrpc.java:265)
	at org.apache.ratis.grpc.server.GrpcServerProtocolClient.requestVote(GrpcServerProtocolClient.java:83)
	at org.apache.ratis.grpc.server.GrpcService.requestVote(GrpcService.java:195)
	at org.apache.ratis.server.impl.LeaderElection.lambda$submitRequests$1(LeaderElection.java:237)
	at java.util.concurrent.FutureTask.run(FutureTask.java:266)
	at java.util.concurrent.Executors$RunnableAdapter.call(Executors.java:511)
	at java.util.concurrent.FutureTask.run(FutureTask.java:266)
	at java.util.concurrent.ThreadPoolExecutor.runWorker(ThreadPoolExecutor.java:1149)
	at java.util.concurrent.ThreadPoolExecutor$Worker.run(ThreadPoolExecutor.java:624)
	... 1 more
Caused by: org.apache.ratis.thirdparty.io.netty.channel.AbstractChannel$AnnotatedConnectException: Connection refused: /192.168.157.205:44060
	at sun.nio.ch.SocketChannelImpl.checkConnect(Native Method)
	at sun.nio.ch.SocketChannelImpl.finishConnect(SocketChannelImpl.java:717)
	at org.apache.ratis.thirdparty.io.netty.channel.socket.nio.NioSocketChannel.doFinishConnect(NioSocketChannel.java:327)
	at org.apache.ratis.thirdparty.io.netty.channel.nio.AbstractNioChannel$AbstractNioUnsafe.finishConnect(AbstractNioChannel.java:340)
	at org.apache.ratis.thirdparty.io.netty.channel.nio.NioEventLoop.processSelectedKey(NioEventLoop.java:632)
	at org.apache.ratis.thirdparty.io.netty.channel.nio.NioEventLoop.processSelectedKeysOptimized(NioEventLoop.java:579)
	at org.apache.ratis.thirdparty.io.netty.channel.nio.NioEventLoop.processSelectedKeys(NioEventLoop.java:496)
	at org.apache.ratis.thirdparty.io.netty.channel.nio.NioEventLoop.run(NioEventLoop.java:458)
	at org.apache.ratis.thirdparty.io.netty.util.concurrent.SingleThreadEventExecutor$5.run(SingleThreadEventExecutor.java:897)
	at org.apache.ratis.thirdparty.io.netty.util.concurrent.FastThreadLocalRunnable.run(FastThreadLocalRunnable.java:30)
	... 1 more
Caused by: java.net.ConnectException: Connection refused
	... 11 more
2019-08-20 19:41:59,751 [3a5f5f92-1fbc-4da9-891b-fb9af6a803f0:group-78F196AB2FA0:LeaderElection18] INFO  impl.LeaderElection (LeaderElection.java:logAndReturn(56)) - 3a5f5f92-1fbc-4da9-891b-fb9af6a803f0:group-78F196AB2FA0:LeaderElection18: Election REJECTED; received 0 response(s) [] and 2 exception(s); 3a5f5f92-1fbc-4da9-891b-fb9af6a803f0:t3, leader=null, voted=3a5f5f92-1fbc-4da9-891b-fb9af6a803f0, raftlog=3a5f5f92-1fbc-4da9-891b-fb9af6a803f0-SegmentedRaftLog:OPENED:c2,f2,i2, conf=1: [1eeec8c2-4c0f-4bc8-b0db-6391a5855575:192.168.157.205:39192, 3a5f5f92-1fbc-4da9-891b-fb9af6a803f0:192.168.157.205:37319, ee8f8b66-a0a6-4ed9-8105-e31fb13b4287:192.168.157.205:44060], old=null
2019-08-20 19:41:59,751 [3a5f5f92-1fbc-4da9-891b-fb9af6a803f0:group-78F196AB2FA0:LeaderElection18] INFO  impl.LeaderElection (LogUtils.java:infoOrTrace(149)) -   Exception 0: {}
java.util.concurrent.ExecutionException: org.apache.ratis.thirdparty.io.grpc.StatusRuntimeException: UNAVAILABLE: io exception
	at java.util.concurrent.FutureTask.report(FutureTask.java:122)
	at java.util.concurrent.FutureTask.get(FutureTask.java:192)
	at org.apache.ratis.server.impl.LeaderElection.waitForResults(LeaderElection.java:262)
	at org.apache.ratis.server.impl.LeaderElection.askForVotes(LeaderElection.java:200)
	at org.apache.ratis.server.impl.LeaderElection.run(LeaderElection.java:130)
	at java.lang.Thread.run(Thread.java:748)
Caused by: org.apache.ratis.thirdparty.io.grpc.StatusRuntimeException: UNAVAILABLE: io exception
	at org.apache.ratis.thirdparty.io.grpc.stub.ClientCalls.toStatusRuntimeException(ClientCalls.java:233)
	at org.apache.ratis.thirdparty.io.grpc.stub.ClientCalls.getUnchecked(ClientCalls.java:214)
	at org.apache.ratis.thirdparty.io.grpc.stub.ClientCalls.blockingUnaryCall(ClientCalls.java:139)
	at org.apache.ratis.proto.grpc.RaftServerProtocolServiceGrpc$RaftServerProtocolServiceBlockingStub.requestVote(RaftServerProtocolServiceGrpc.java:265)
	at org.apache.ratis.grpc.server.GrpcServerProtocolClient.requestVote(GrpcServerProtocolClient.java:83)
	at org.apache.ratis.grpc.server.GrpcService.requestVote(GrpcService.java:195)
	at org.apache.ratis.server.impl.LeaderElection.lambda$submitRequests$1(LeaderElection.java:237)
	at java.util.concurrent.FutureTask.run(FutureTask.java:266)
	at java.util.concurrent.Executors$RunnableAdapter.call(Executors.java:511)
	at java.util.concurrent.FutureTask.run(FutureTask.java:266)
	at java.util.concurrent.ThreadPoolExecutor.runWorker(ThreadPoolExecutor.java:1149)
	at java.util.concurrent.ThreadPoolExecutor$Worker.run(ThreadPoolExecutor.java:624)
	... 1 more
Caused by: org.apache.ratis.thirdparty.io.netty.channel.AbstractChannel$AnnotatedConnectException: Connection refused: /192.168.157.205:39192
	at sun.nio.ch.SocketChannelImpl.checkConnect(Native Method)
	at sun.nio.ch.SocketChannelImpl.finishConnect(SocketChannelImpl.java:717)
	at org.apache.ratis.thirdparty.io.netty.channel.socket.nio.NioSocketChannel.doFinishConnect(NioSocketChannel.java:327)
	at org.apache.ratis.thirdparty.io.netty.channel.nio.AbstractNioChannel$AbstractNioUnsafe.finishConnect(AbstractNioChannel.java:340)
	at org.apache.ratis.thirdparty.io.netty.channel.nio.NioEventLoop.processSelectedKey(NioEventLoop.java:632)
	at org.apache.ratis.thirdparty.io.netty.channel.nio.NioEventLoop.processSelectedKeysOptimized(NioEventLoop.java:579)
	at org.apache.ratis.thirdparty.io.netty.channel.nio.NioEventLoop.processSelectedKeys(NioEventLoop.java:496)
	at org.apache.ratis.thirdparty.io.netty.channel.nio.NioEventLoop.run(NioEventLoop.java:458)
	at org.apache.ratis.thirdparty.io.netty.util.concurrent.SingleThreadEventExecutor$5.run(SingleThreadEventExecutor.java:897)
	at org.apache.ratis.thirdparty.io.netty.util.concurrent.FastThreadLocalRunnable.run(FastThreadLocalRunnable.java:30)
	... 1 more
Caused by: java.net.ConnectException: Connection refused
	... 11 more
2019-08-20 19:41:59,752 [3a5f5f92-1fbc-4da9-891b-fb9af6a803f0:group-78F196AB2FA0:LeaderElection18] INFO  impl.LeaderElection (LogUtils.java:infoOrTrace(149)) -   Exception 1: {}
java.util.concurrent.ExecutionException: org.apache.ratis.thirdparty.io.grpc.StatusRuntimeException: UNAVAILABLE: io exception
	at java.util.concurrent.FutureTask.report(FutureTask.java:122)
	at java.util.concurrent.FutureTask.get(FutureTask.java:192)
	at org.apache.ratis.server.impl.LeaderElection.waitForResults(LeaderElection.java:262)
	at org.apache.ratis.server.impl.LeaderElection.askForVotes(LeaderElection.java:200)
	at org.apache.ratis.server.impl.LeaderElection.run(LeaderElection.java:130)
	at java.lang.Thread.run(Thread.java:748)
Caused by: org.apache.ratis.thirdparty.io.grpc.StatusRuntimeException: UNAVAILABLE: io exception
	at org.apache.ratis.thirdparty.io.grpc.stub.ClientCalls.toStatusRuntimeException(ClientCalls.java:233)
	at org.apache.ratis.thirdparty.io.grpc.stub.ClientCalls.getUnchecked(ClientCalls.java:214)
	at org.apache.ratis.thirdparty.io.grpc.stub.ClientCalls.blockingUnaryCall(ClientCalls.java:139)
	at org.apache.ratis.proto.grpc.RaftServerProtocolServiceGrpc$RaftServerProtocolServiceBlockingStub.requestVote(RaftServerProtocolServiceGrpc.java:265)
	at org.apache.ratis.grpc.server.GrpcServerProtocolClient.requestVote(GrpcServerProtocolClient.java:83)
	at org.apache.ratis.grpc.server.GrpcService.requestVote(GrpcService.java:195)
	at org.apache.ratis.server.impl.LeaderElection.lambda$submitRequests$1(LeaderElection.java:237)
	at java.util.concurrent.FutureTask.run(FutureTask.java:266)
	at java.util.concurrent.Executors$RunnableAdapter.call(Executors.java:511)
	at java.util.concurrent.FutureTask.run(FutureTask.java:266)
	at java.util.concurrent.ThreadPoolExecutor.runWorker(ThreadPoolExecutor.java:1149)
	at java.util.concurrent.ThreadPoolExecutor$Worker.run(ThreadPoolExecutor.java:624)
	... 1 more
Caused by: org.apache.ratis.thirdparty.io.netty.channel.AbstractChannel$AnnotatedConnectException: Connection refused: /192.168.157.205:44060
	at sun.nio.ch.SocketChannelImpl.checkConnect(Native Method)
	at sun.nio.ch.SocketChannelImpl.finishConnect(SocketChannelImpl.java:717)
	at org.apache.ratis.thirdparty.io.netty.channel.socket.nio.NioSocketChannel.doFinishConnect(NioSocketChannel.java:327)
	at org.apache.ratis.thirdparty.io.netty.channel.nio.AbstractNioChannel$AbstractNioUnsafe.finishConnect(AbstractNioChannel.java:340)
	at org.apache.ratis.thirdparty.io.netty.channel.nio.NioEventLoop.processSelectedKey(NioEventLoop.java:632)
	at org.apache.ratis.thirdparty.io.netty.channel.nio.NioEventLoop.processSelectedKeysOptimized(NioEventLoop.java:579)
	at org.apache.ratis.thirdparty.io.netty.channel.nio.NioEventLoop.processSelectedKeys(NioEventLoop.java:496)
	at org.apache.ratis.thirdparty.io.netty.channel.nio.NioEventLoop.run(NioEventLoop.java:458)
	at org.apache.ratis.thirdparty.io.netty.util.concurrent.SingleThreadEventExecutor$5.run(SingleThreadEventExecutor.java:897)
	at org.apache.ratis.thirdparty.io.netty.util.concurrent.FastThreadLocalRunnable.run(FastThreadLocalRunnable.java:30)
	... 1 more
Caused by: java.net.ConnectException: Connection refused
	... 11 more
2019-08-20 19:41:59,752 [3a5f5f92-1fbc-4da9-891b-fb9af6a803f0:group-78F196AB2FA0:LeaderElection18] INFO  impl.RaftServerImpl (RaftServerImpl.java:setRole(171)) - 3a5f5f92-1fbc-4da9-891b-fb9af6a803f0:group-78F196AB2FA0 changes role from CANDIDATE to FOLLOWER at term 3 for DISCOVERED_A_NEW_TERM
2019-08-20 19:41:59,754 [3a5f5f92-1fbc-4da9-891b-fb9af6a803f0:group-78F196AB2FA0:LeaderElection18] INFO  impl.RoleInfo (RoleInfo.java:shutdownLeaderElection(134)) - 3a5f5f92-1fbc-4da9-891b-fb9af6a803f0: shutdown LeaderElection
2019-08-20 19:41:59,754 [3a5f5f92-1fbc-4da9-891b-fb9af6a803f0:group-78F196AB2FA0:LeaderElection18] INFO  impl.RoleInfo (RoleInfo.java:updateAndGet(143)) - 3a5f5f92-1fbc-4da9-891b-fb9af6a803f0: start FollowerState
2019-08-20 19:41:59,758 [grpc-default-executor-3] WARN  server.GrpcLogAppender (LogUtils.java:warn(134)) - 3a5f5f92-1fbc-4da9-891b-fb9af6a803f0->ee8f8b66-a0a6-4ed9-8105-e31fb13b4287: Failed appendEntries: org.apache.ratis.thirdparty.io.grpc.StatusRuntimeException: UNAVAILABLE: io exception
2019-08-20 19:41:59,759 [grpc-default-executor-3] INFO  impl.FollowerInfo (FollowerInfo.java:lambda$new$0(50)) - 3a5f5f92-1fbc-4da9-891b-fb9af6a803f0->ee8f8b66-a0a6-4ed9-8105-e31fb13b4287: nextIndex: updateUnconditionally 0 -> 0
2019-08-20 19:41:59,791 [grpc-default-executor-3] WARN  server.GrpcLogAppender (LogUtils.java:warn(134)) - 3a5f5f92-1fbc-4da9-891b-fb9af6a803f0->1eeec8c2-4c0f-4bc8-b0db-6391a5855575: Failed appendEntries: org.apache.ratis.thirdparty.io.grpc.StatusRuntimeException: UNAVAILABLE: io exception
2019-08-20 19:41:59,791 [grpc-default-executor-3] INFO  impl.FollowerInfo (FollowerInfo.java:lambda$new$0(50)) - 3a5f5f92-1fbc-4da9-891b-fb9af6a803f0->1eeec8c2-4c0f-4bc8-b0db-6391a5855575: nextIndex: updateUnconditionally 0 -> 0
2019-08-20 19:41:59,896 | INFO  | SCMAudit | user=jenkins1000 | ip=192.168.157.205 | op=SEND_HEARTBEAT {datanodeUUID=8109623e-cc10-4f33-b553-5cc878b10d85, command=[]} | ret=SUCCESS |  
2019-08-20 19:42:00,101 | INFO  | SCMAudit | user=jenkins1000 | ip=192.168.157.205 | op=SEND_HEARTBEAT {datanodeUUID=2bc3458d-469e-4a51-8672-7abe5768ce0e, command=[]} | ret=SUCCESS |  
2019-08-20 19:42:00,262 [grpc-default-executor-2] WARN  server.GrpcLogAppender (LogUtils.java:warn(134)) - 3a5f5f92-1fbc-4da9-891b-fb9af6a803f0->ee8f8b66-a0a6-4ed9-8105-e31fb13b4287: Failed appendEntries: org.apache.ratis.thirdparty.io.grpc.StatusRuntimeException: UNAVAILABLE: io exception
2019-08-20 19:42:00,263 [grpc-default-executor-2] INFO  impl.FollowerInfo (FollowerInfo.java:lambda$new$0(50)) - 3a5f5f92-1fbc-4da9-891b-fb9af6a803f0->ee8f8b66-a0a6-4ed9-8105-e31fb13b4287: nextIndex: updateUnconditionally 0 -> 0
2019-08-20 19:42:00,310 [grpc-default-executor-3] WARN  server.GrpcLogAppender (LogUtils.java:warn(134)) - 3a5f5f92-1fbc-4da9-891b-fb9af6a803f0->1eeec8c2-4c0f-4bc8-b0db-6391a5855575: Failed appendEntries: org.apache.ratis.thirdparty.io.grpc.StatusRuntimeException: UNAVAILABLE: io exception
2019-08-20 19:42:00,310 [grpc-default-executor-3] INFO  impl.FollowerInfo (FollowerInfo.java:lambda$new$0(50)) - 3a5f5f92-1fbc-4da9-891b-fb9af6a803f0->1eeec8c2-4c0f-4bc8-b0db-6391a5855575: nextIndex: updateUnconditionally 0 -> 0
2019-08-20 19:42:00,311 | INFO  | SCMAudit | user=jenkins1000 | ip=192.168.157.205 | op=SEND_HEARTBEAT {datanodeUUID=3a5f5f92-1fbc-4da9-891b-fb9af6a803f0, command=[]} | ret=SUCCESS |  
2019-08-20 19:42:00,342 | INFO  | SCMAudit | user=jenkins1000 | ip=192.168.157.205 | op=SEND_HEARTBEAT {datanodeUUID=a9286357-6b15-4043-a893-920ae835d3d2, command=[]} | ret=SUCCESS |  
2019-08-20 19:42:00,751 [Thread-485] INFO  impl.FollowerState (FollowerState.java:run(106)) - 3a5f5f92-1fbc-4da9-891b-fb9af6a803f0:group-4BD28E86B1A9 changes to CANDIDATE, lastRpcTime:1129, electionTimeout:1127ms
2019-08-20 19:42:00,751 [Thread-485] INFO  impl.RoleInfo (RoleInfo.java:shutdownFollowerState(121)) - 3a5f5f92-1fbc-4da9-891b-fb9af6a803f0: shutdown FollowerState
2019-08-20 19:42:00,752 [Thread-485] INFO  impl.RaftServerImpl (RaftServerImpl.java:setRole(171)) - 3a5f5f92-1fbc-4da9-891b-fb9af6a803f0:group-4BD28E86B1A9 changes role from FOLLOWER to CANDIDATE at term 2 for changeToCandidate
2019-08-20 19:42:00,752 [Thread-485] INFO  impl.RoleInfo (RoleInfo.java:updateAndGet(143)) - 3a5f5f92-1fbc-4da9-891b-fb9af6a803f0: start LeaderElection
2019-08-20 19:42:00,763 [grpc-default-executor-5] WARN  server.GrpcLogAppender (LogUtils.java:warn(134)) - 3a5f5f92-1fbc-4da9-891b-fb9af6a803f0->ee8f8b66-a0a6-4ed9-8105-e31fb13b4287: Failed appendEntries: org.apache.ratis.thirdparty.io.grpc.StatusRuntimeException: UNAVAILABLE: io exception
2019-08-20 19:42:00,764 [grpc-default-executor-5] INFO  impl.FollowerInfo (FollowerInfo.java:lambda$new$0(50)) - 3a5f5f92-1fbc-4da9-891b-fb9af6a803f0->ee8f8b66-a0a6-4ed9-8105-e31fb13b4287: nextIndex: updateUnconditionally 0 -> 0
2019-08-20 19:42:00,769 [3a5f5f92-1fbc-4da9-891b-fb9af6a803f0:group-4BD28E86B1A9:LeaderElection19] INFO  impl.LeaderElection (LeaderElection.java:askForVotes(181)) - 3a5f5f92-1fbc-4da9-891b-fb9af6a803f0:group-4BD28E86B1A9:LeaderElection19: begin an election at term 3 for 0: [1eeec8c2-4c0f-4bc8-b0db-6391a5855575:192.168.157.205:39192, 3a5f5f92-1fbc-4da9-891b-fb9af6a803f0:192.168.157.205:37319, ee8f8b66-a0a6-4ed9-8105-e31fb13b4287:192.168.157.205:44060], old=null
2019-08-20 19:42:00,773 [3a5f5f92-1fbc-4da9-891b-fb9af6a803f0:group-4BD28E86B1A9:LeaderElection19] INFO  impl.LeaderElection (LogUtils.java:infoOrTrace(149)) - 3a5f5f92-1fbc-4da9-891b-fb9af6a803f0:group-4BD28E86B1A9:LeaderElection19 got exception when requesting votes: {}
java.util.concurrent.ExecutionException: org.apache.ratis.thirdparty.io.grpc.StatusRuntimeException: UNAVAILABLE: io exception
	at java.util.concurrent.FutureTask.report(FutureTask.java:122)
	at java.util.concurrent.FutureTask.get(FutureTask.java:192)
	at org.apache.ratis.server.impl.LeaderElection.waitForResults(LeaderElection.java:262)
	at org.apache.ratis.server.impl.LeaderElection.askForVotes(LeaderElection.java:200)
	at org.apache.ratis.server.impl.LeaderElection.run(LeaderElection.java:130)
	at java.lang.Thread.run(Thread.java:748)
Caused by: org.apache.ratis.thirdparty.io.grpc.StatusRuntimeException: UNAVAILABLE: io exception
	at org.apache.ratis.thirdparty.io.grpc.stub.ClientCalls.toStatusRuntimeException(ClientCalls.java:233)
	at org.apache.ratis.thirdparty.io.grpc.stub.ClientCalls.getUnchecked(ClientCalls.java:214)
	at org.apache.ratis.thirdparty.io.grpc.stub.ClientCalls.blockingUnaryCall(ClientCalls.java:139)
	at org.apache.ratis.proto.grpc.RaftServerProtocolServiceGrpc$RaftServerProtocolServiceBlockingStub.requestVote(RaftServerProtocolServiceGrpc.java:265)
	at org.apache.ratis.grpc.server.GrpcServerProtocolClient.requestVote(GrpcServerProtocolClient.java:83)
	at org.apache.ratis.grpc.server.GrpcService.requestVote(GrpcService.java:195)
	at org.apache.ratis.server.impl.LeaderElection.lambda$submitRequests$1(LeaderElection.java:237)
	at java.util.concurrent.FutureTask.run(FutureTask.java:266)
	at java.util.concurrent.Executors$RunnableAdapter.call(Executors.java:511)
	at java.util.concurrent.FutureTask.run(FutureTask.java:266)
	at java.util.concurrent.ThreadPoolExecutor.runWorker(ThreadPoolExecutor.java:1149)
	at java.util.concurrent.ThreadPoolExecutor$Worker.run(ThreadPoolExecutor.java:624)
	... 1 more
Caused by: org.apache.ratis.thirdparty.io.netty.channel.AbstractChannel$AnnotatedConnectException: Connection refused: /192.168.157.205:44060
	at sun.nio.ch.SocketChannelImpl.checkConnect(Native Method)
	at sun.nio.ch.SocketChannelImpl.finishConnect(SocketChannelImpl.java:717)
	at org.apache.ratis.thirdparty.io.netty.channel.socket.nio.NioSocketChannel.doFinishConnect(NioSocketChannel.java:327)
	at org.apache.ratis.thirdparty.io.netty.channel.nio.AbstractNioChannel$AbstractNioUnsafe.finishConnect(AbstractNioChannel.java:340)
	at org.apache.ratis.thirdparty.io.netty.channel.nio.NioEventLoop.processSelectedKey(NioEventLoop.java:632)
	at org.apache.ratis.thirdparty.io.netty.channel.nio.NioEventLoop.processSelectedKeysOptimized(NioEventLoop.java:579)
	at org.apache.ratis.thirdparty.io.netty.channel.nio.NioEventLoop.processSelectedKeys(NioEventLoop.java:496)
	at org.apache.ratis.thirdparty.io.netty.channel.nio.NioEventLoop.run(NioEventLoop.java:458)
	at org.apache.ratis.thirdparty.io.netty.util.concurrent.SingleThreadEventExecutor$5.run(SingleThreadEventExecutor.java:897)
	at org.apache.ratis.thirdparty.io.netty.util.concurrent.FastThreadLocalRunnable.run(FastThreadLocalRunnable.java:30)
	... 1 more
Caused by: java.net.ConnectException: Connection refused
	... 11 more
2019-08-20 19:42:00,776 [3a5f5f92-1fbc-4da9-891b-fb9af6a803f0:group-4BD28E86B1A9:LeaderElection19] INFO  impl.LeaderElection (LogUtils.java:infoOrTrace(149)) - 3a5f5f92-1fbc-4da9-891b-fb9af6a803f0:group-4BD28E86B1A9:LeaderElection19 got exception when requesting votes: {}
java.util.concurrent.ExecutionException: org.apache.ratis.thirdparty.io.grpc.StatusRuntimeException: UNAVAILABLE: io exception
	at java.util.concurrent.FutureTask.report(FutureTask.java:122)
	at java.util.concurrent.FutureTask.get(FutureTask.java:192)
	at org.apache.ratis.server.impl.LeaderElection.waitForResults(LeaderElection.java:262)
	at org.apache.ratis.server.impl.LeaderElection.askForVotes(LeaderElection.java:200)
	at org.apache.ratis.server.impl.LeaderElection.run(LeaderElection.java:130)
	at java.lang.Thread.run(Thread.java:748)
Caused by: org.apache.ratis.thirdparty.io.grpc.StatusRuntimeException: UNAVAILABLE: io exception
	at org.apache.ratis.thirdparty.io.grpc.stub.ClientCalls.toStatusRuntimeException(ClientCalls.java:233)
	at org.apache.ratis.thirdparty.io.grpc.stub.ClientCalls.getUnchecked(ClientCalls.java:214)
	at org.apache.ratis.thirdparty.io.grpc.stub.ClientCalls.blockingUnaryCall(ClientCalls.java:139)
	at org.apache.ratis.proto.grpc.RaftServerProtocolServiceGrpc$RaftServerProtocolServiceBlockingStub.requestVote(RaftServerProtocolServiceGrpc.java:265)
	at org.apache.ratis.grpc.server.GrpcServerProtocolClient.requestVote(GrpcServerProtocolClient.java:83)
	at org.apache.ratis.grpc.server.GrpcService.requestVote(GrpcService.java:195)
	at org.apache.ratis.server.impl.LeaderElection.lambda$submitRequests$1(LeaderElection.java:237)
	at java.util.concurrent.FutureTask.run(FutureTask.java:266)
	at java.util.concurrent.Executors$RunnableAdapter.call(Executors.java:511)
	at java.util.concurrent.FutureTask.run(FutureTask.java:266)
	at java.util.concurrent.ThreadPoolExecutor.runWorker(ThreadPoolExecutor.java:1149)
	at java.util.concurrent.ThreadPoolExecutor$Worker.run(ThreadPoolExecutor.java:624)
	... 1 more
Caused by: org.apache.ratis.thirdparty.io.netty.channel.AbstractChannel$AnnotatedConnectException: Connection refused: /192.168.157.205:39192
	at sun.nio.ch.SocketChannelImpl.checkConnect(Native Method)
	at sun.nio.ch.SocketChannelImpl.finishConnect(SocketChannelImpl.java:717)
	at org.apache.ratis.thirdparty.io.netty.channel.socket.nio.NioSocketChannel.doFinishConnect(NioSocketChannel.java:327)
	at org.apache.ratis.thirdparty.io.netty.channel.nio.AbstractNioChannel$AbstractNioUnsafe.finishConnect(AbstractNioChannel.java:340)
	at org.apache.ratis.thirdparty.io.netty.channel.nio.NioEventLoop.processSelectedKey(NioEventLoop.java:632)
	at org.apache.ratis.thirdparty.io.netty.channel.nio.NioEventLoop.processSelectedKeysOptimized(NioEventLoop.java:579)
	at org.apache.ratis.thirdparty.io.netty.channel.nio.NioEventLoop.processSelectedKeys(NioEventLoop.java:496)
	at org.apache.ratis.thirdparty.io.netty.channel.nio.NioEventLoop.run(NioEventLoop.java:458)
	at org.apache.ratis.thirdparty.io.netty.util.concurrent.SingleThreadEventExecutor$5.run(SingleThreadEventExecutor.java:897)
	at org.apache.ratis.thirdparty.io.netty.util.concurrent.FastThreadLocalRunnable.run(FastThreadLocalRunnable.java:30)
	... 1 more
Caused by: java.net.ConnectException: Connection refused
	... 11 more
2019-08-20 19:42:00,778 [3a5f5f92-1fbc-4da9-891b-fb9af6a803f0:group-4BD28E86B1A9:LeaderElection19] INFO  impl.LeaderElection (LeaderElection.java:logAndReturn(56)) - 3a5f5f92-1fbc-4da9-891b-fb9af6a803f0:group-4BD28E86B1A9:LeaderElection19: Election REJECTED; received 0 response(s) [] and 2 exception(s); 3a5f5f92-1fbc-4da9-891b-fb9af6a803f0:t3, leader=null, voted=3a5f5f92-1fbc-4da9-891b-fb9af6a803f0, raftlog=3a5f5f92-1fbc-4da9-891b-fb9af6a803f0-SegmentedRaftLog:OPENED:c0,f0,i0, conf=0: [1eeec8c2-4c0f-4bc8-b0db-6391a5855575:192.168.157.205:39192, 3a5f5f92-1fbc-4da9-891b-fb9af6a803f0:192.168.157.205:37319, ee8f8b66-a0a6-4ed9-8105-e31fb13b4287:192.168.157.205:44060], old=null
2019-08-20 19:42:00,778 [3a5f5f92-1fbc-4da9-891b-fb9af6a803f0:group-4BD28E86B1A9:LeaderElection19] INFO  impl.LeaderElection (LogUtils.java:infoOrTrace(149)) -   Exception 0: {}
java.util.concurrent.ExecutionException: org.apache.ratis.thirdparty.io.grpc.StatusRuntimeException: UNAVAILABLE: io exception
	at java.util.concurrent.FutureTask.report(FutureTask.java:122)
	at java.util.concurrent.FutureTask.get(FutureTask.java:192)
	at org.apache.ratis.server.impl.LeaderElection.waitForResults(LeaderElection.java:262)
	at org.apache.ratis.server.impl.LeaderElection.askForVotes(LeaderElection.java:200)
	at org.apache.ratis.server.impl.LeaderElection.run(LeaderElection.java:130)
	at java.lang.Thread.run(Thread.java:748)
Caused by: org.apache.ratis.thirdparty.io.grpc.StatusRuntimeException: UNAVAILABLE: io exception
	at org.apache.ratis.thirdparty.io.grpc.stub.ClientCalls.toStatusRuntimeException(ClientCalls.java:233)
	at org.apache.ratis.thirdparty.io.grpc.stub.ClientCalls.getUnchecked(ClientCalls.java:214)
	at org.apache.ratis.thirdparty.io.grpc.stub.ClientCalls.blockingUnaryCall(ClientCalls.java:139)
	at org.apache.ratis.proto.grpc.RaftServerProtocolServiceGrpc$RaftServerProtocolServiceBlockingStub.requestVote(RaftServerProtocolServiceGrpc.java:265)
	at org.apache.ratis.grpc.server.GrpcServerProtocolClient.requestVote(GrpcServerProtocolClient.java:83)
	at org.apache.ratis.grpc.server.GrpcService.requestVote(GrpcService.java:195)
	at org.apache.ratis.server.impl.LeaderElection.lambda$submitRequests$1(LeaderElection.java:237)
	at java.util.concurrent.FutureTask.run(FutureTask.java:266)
	at java.util.concurrent.Executors$RunnableAdapter.call(Executors.java:511)
	at java.util.concurrent.FutureTask.run(FutureTask.java:266)
	at java.util.concurrent.ThreadPoolExecutor.runWorker(ThreadPoolExecutor.java:1149)
	at java.util.concurrent.ThreadPoolExecutor$Worker.run(ThreadPoolExecutor.java:624)
	... 1 more
Caused by: org.apache.ratis.thirdparty.io.netty.channel.AbstractChannel$AnnotatedConnectException: Connection refused: /192.168.157.205:44060
	at sun.nio.ch.SocketChannelImpl.checkConnect(Native Method)
	at sun.nio.ch.SocketChannelImpl.finishConnect(SocketChannelImpl.java:717)
	at org.apache.ratis.thirdparty.io.netty.channel.socket.nio.NioSocketChannel.doFinishConnect(NioSocketChannel.java:327)
	at org.apache.ratis.thirdparty.io.netty.channel.nio.AbstractNioChannel$AbstractNioUnsafe.finishConnect(AbstractNioChannel.java:340)
	at org.apache.ratis.thirdparty.io.netty.channel.nio.NioEventLoop.processSelectedKey(NioEventLoop.java:632)
	at org.apache.ratis.thirdparty.io.netty.channel.nio.NioEventLoop.processSelectedKeysOptimized(NioEventLoop.java:579)
	at org.apache.ratis.thirdparty.io.netty.channel.nio.NioEventLoop.processSelectedKeys(NioEventLoop.java:496)
	at org.apache.ratis.thirdparty.io.netty.channel.nio.NioEventLoop.run(NioEventLoop.java:458)
	at org.apache.ratis.thirdparty.io.netty.util.concurrent.SingleThreadEventExecutor$5.run(SingleThreadEventExecutor.java:897)
	at org.apache.ratis.thirdparty.io.netty.util.concurrent.FastThreadLocalRunnable.run(FastThreadLocalRunnable.java:30)
	... 1 more
Caused by: java.net.ConnectException: Connection refused
	... 11 more
2019-08-20 19:42:00,779 [3a5f5f92-1fbc-4da9-891b-fb9af6a803f0:group-4BD28E86B1A9:LeaderElection19] INFO  impl.LeaderElection (LogUtils.java:infoOrTrace(149)) -   Exception 1: {}
java.util.concurrent.ExecutionException: org.apache.ratis.thirdparty.io.grpc.StatusRuntimeException: UNAVAILABLE: io exception
	at java.util.concurrent.FutureTask.report(FutureTask.java:122)
	at java.util.concurrent.FutureTask.get(FutureTask.java:192)
	at org.apache.ratis.server.impl.LeaderElection.waitForResults(LeaderElection.java:262)
	at org.apache.ratis.server.impl.LeaderElection.askForVotes(LeaderElection.java:200)
	at org.apache.ratis.server.impl.LeaderElection.run(LeaderElection.java:130)
	at java.lang.Thread.run(Thread.java:748)
Caused by: org.apache.ratis.thirdparty.io.grpc.StatusRuntimeException: UNAVAILABLE: io exception
	at org.apache.ratis.thirdparty.io.grpc.stub.ClientCalls.toStatusRuntimeException(ClientCalls.java:233)
	at org.apache.ratis.thirdparty.io.grpc.stub.ClientCalls.getUnchecked(ClientCalls.java:214)
	at org.apache.ratis.thirdparty.io.grpc.stub.ClientCalls.blockingUnaryCall(ClientCalls.java:139)
	at org.apache.ratis.proto.grpc.RaftServerProtocolServiceGrpc$RaftServerProtocolServiceBlockingStub.requestVote(RaftServerProtocolServiceGrpc.java:265)
	at org.apache.ratis.grpc.server.GrpcServerProtocolClient.requestVote(GrpcServerProtocolClient.java:83)
	at org.apache.ratis.grpc.server.GrpcService.requestVote(GrpcService.java:195)
	at org.apache.ratis.server.impl.LeaderElection.lambda$submitRequests$1(LeaderElection.java:237)
	at java.util.concurrent.FutureTask.run(FutureTask.java:266)
	at java.util.concurrent.Executors$RunnableAdapter.call(Executors.java:511)
	at java.util.concurrent.FutureTask.run(FutureTask.java:266)
	at java.util.concurrent.ThreadPoolExecutor.runWorker(ThreadPoolExecutor.java:1149)
	at java.util.concurrent.ThreadPoolExecutor$Worker.run(ThreadPoolExecutor.java:624)
	... 1 more
Caused by: org.apache.ratis.thirdparty.io.netty.channel.AbstractChannel$AnnotatedConnectException: Connection refused: /192.168.157.205:39192
	at sun.nio.ch.SocketChannelImpl.checkConnect(Native Method)
	at sun.nio.ch.SocketChannelImpl.finishConnect(SocketChannelImpl.java:717)
	at org.apache.ratis.thirdparty.io.netty.channel.socket.nio.NioSocketChannel.doFinishConnect(NioSocketChannel.java:327)
	at org.apache.ratis.thirdparty.io.netty.channel.nio.AbstractNioChannel$AbstractNioUnsafe.finishConnect(AbstractNioChannel.java:340)
	at org.apache.ratis.thirdparty.io.netty.channel.nio.NioEventLoop.processSelectedKey(NioEventLoop.java:632)
	at org.apache.ratis.thirdparty.io.netty.channel.nio.NioEventLoop.processSelectedKeysOptimized(NioEventLoop.java:579)
	at org.apache.ratis.thirdparty.io.netty.channel.nio.NioEventLoop.processSelectedKeys(NioEventLoop.java:496)
	at org.apache.ratis.thirdparty.io.netty.channel.nio.NioEventLoop.run(NioEventLoop.java:458)
	at org.apache.ratis.thirdparty.io.netty.util.concurrent.SingleThreadEventExecutor$5.run(SingleThreadEventExecutor.java:897)
	at org.apache.ratis.thirdparty.io.netty.util.concurrent.FastThreadLocalRunnable.run(FastThreadLocalRunnable.java:30)
	... 1 more
Caused by: java.net.ConnectException: Connection refused
	... 11 more
2019-08-20 19:42:00,779 [3a5f5f92-1fbc-4da9-891b-fb9af6a803f0:group-4BD28E86B1A9:LeaderElection19] INFO  impl.RaftServerImpl (RaftServerImpl.java:setRole(171)) - 3a5f5f92-1fbc-4da9-891b-fb9af6a803f0:group-4BD28E86B1A9 changes role from CANDIDATE to FOLLOWER at term 3 for DISCOVERED_A_NEW_TERM
2019-08-20 19:42:00,781 [3a5f5f92-1fbc-4da9-891b-fb9af6a803f0:group-4BD28E86B1A9:LeaderElection19] INFO  impl.RoleInfo (RoleInfo.java:shutdownLeaderElection(134)) - 3a5f5f92-1fbc-4da9-891b-fb9af6a803f0: shutdown LeaderElection
2019-08-20 19:42:00,781 [3a5f5f92-1fbc-4da9-891b-fb9af6a803f0:group-4BD28E86B1A9:LeaderElection19] INFO  impl.RoleInfo (RoleInfo.java:updateAndGet(143)) - 3a5f5f92-1fbc-4da9-891b-fb9af6a803f0: start FollowerState
2019-08-20 19:42:00,793 [grpc-default-executor-3] WARN  server.GrpcLogAppender (LogUtils.java:warn(134)) - 3a5f5f92-1fbc-4da9-891b-fb9af6a803f0->1eeec8c2-4c0f-4bc8-b0db-6391a5855575: Failed appendEntries: org.apache.ratis.thirdparty.io.grpc.StatusRuntimeException: UNAVAILABLE: io exception
2019-08-20 19:42:00,794 [grpc-default-executor-3] INFO  impl.FollowerInfo (FollowerInfo.java:lambda$new$0(50)) - 3a5f5f92-1fbc-4da9-891b-fb9af6a803f0->1eeec8c2-4c0f-4bc8-b0db-6391a5855575: nextIndex: updateUnconditionally 0 -> 0
2019-08-20 19:42:00,839 [Thread-489] INFO  impl.FollowerState (FollowerState.java:run(106)) - 3a5f5f92-1fbc-4da9-891b-fb9af6a803f0:group-78F196AB2FA0 changes to CANDIDATE, lastRpcTime:1084, electionTimeout:1083ms
2019-08-20 19:42:00,839 [Thread-489] INFO  impl.RoleInfo (RoleInfo.java:shutdownFollowerState(121)) - 3a5f5f92-1fbc-4da9-891b-fb9af6a803f0: shutdown FollowerState
2019-08-20 19:42:00,839 [Thread-489] INFO  impl.RaftServerImpl (RaftServerImpl.java:setRole(171)) - 3a5f5f92-1fbc-4da9-891b-fb9af6a803f0:group-78F196AB2FA0 changes role from FOLLOWER to CANDIDATE at term 3 for changeToCandidate
2019-08-20 19:42:00,840 [Thread-489] INFO  impl.RoleInfo (RoleInfo.java:updateAndGet(143)) - 3a5f5f92-1fbc-4da9-891b-fb9af6a803f0: start LeaderElection
2019-08-20 19:42:00,856 [3a5f5f92-1fbc-4da9-891b-fb9af6a803f0:group-78F196AB2FA0:LeaderElection20] INFO  impl.LeaderElection (LeaderElection.java:askForVotes(181)) - 3a5f5f92-1fbc-4da9-891b-fb9af6a803f0:group-78F196AB2FA0:LeaderElection20: begin an election at term 4 for 1: [1eeec8c2-4c0f-4bc8-b0db-6391a5855575:192.168.157.205:39192, 3a5f5f92-1fbc-4da9-891b-fb9af6a803f0:192.168.157.205:37319, ee8f8b66-a0a6-4ed9-8105-e31fb13b4287:192.168.157.205:44060], old=null
2019-08-20 19:42:00,858 [3a5f5f92-1fbc-4da9-891b-fb9af6a803f0:group-78F196AB2FA0:LeaderElection20] INFO  impl.LeaderElection (LogUtils.java:infoOrTrace(149)) - 3a5f5f92-1fbc-4da9-891b-fb9af6a803f0:group-78F196AB2FA0:LeaderElection20 got exception when requesting votes: {}
java.util.concurrent.ExecutionException: org.apache.ratis.thirdparty.io.grpc.StatusRuntimeException: UNAVAILABLE: io exception
	at java.util.concurrent.FutureTask.report(FutureTask.java:122)
	at java.util.concurrent.FutureTask.get(FutureTask.java:192)
	at org.apache.ratis.server.impl.LeaderElection.waitForResults(LeaderElection.java:262)
	at org.apache.ratis.server.impl.LeaderElection.askForVotes(LeaderElection.java:200)
	at org.apache.ratis.server.impl.LeaderElection.run(LeaderElection.java:130)
	at java.lang.Thread.run(Thread.java:748)
Caused by: org.apache.ratis.thirdparty.io.grpc.StatusRuntimeException: UNAVAILABLE: io exception
	at org.apache.ratis.thirdparty.io.grpc.stub.ClientCalls.toStatusRuntimeException(ClientCalls.java:233)
	at org.apache.ratis.thirdparty.io.grpc.stub.ClientCalls.getUnchecked(ClientCalls.java:214)
	at org.apache.ratis.thirdparty.io.grpc.stub.ClientCalls.blockingUnaryCall(ClientCalls.java:139)
	at org.apache.ratis.proto.grpc.RaftServerProtocolServiceGrpc$RaftServerProtocolServiceBlockingStub.requestVote(RaftServerProtocolServiceGrpc.java:265)
	at org.apache.ratis.grpc.server.GrpcServerProtocolClient.requestVote(GrpcServerProtocolClient.java:83)
	at org.apache.ratis.grpc.server.GrpcService.requestVote(GrpcService.java:195)
	at org.apache.ratis.server.impl.LeaderElection.lambda$submitRequests$1(LeaderElection.java:237)
	at java.util.concurrent.FutureTask.run(FutureTask.java:266)
	at java.util.concurrent.Executors$RunnableAdapter.call(Executors.java:511)
	at java.util.concurrent.FutureTask.run(FutureTask.java:266)
	at java.util.concurrent.ThreadPoolExecutor.runWorker(ThreadPoolExecutor.java:1149)
	at java.util.concurrent.ThreadPoolExecutor$Worker.run(ThreadPoolExecutor.java:624)
	... 1 more
Caused by: org.apache.ratis.thirdparty.io.netty.channel.AbstractChannel$AnnotatedConnectException: Connection refused: /192.168.157.205:44060
	at sun.nio.ch.SocketChannelImpl.checkConnect(Native Method)
	at sun.nio.ch.SocketChannelImpl.finishConnect(SocketChannelImpl.java:717)
	at org.apache.ratis.thirdparty.io.netty.channel.socket.nio.NioSocketChannel.doFinishConnect(NioSocketChannel.java:327)
	at org.apache.ratis.thirdparty.io.netty.channel.nio.AbstractNioChannel$AbstractNioUnsafe.finishConnect(AbstractNioChannel.java:340)
	at org.apache.ratis.thirdparty.io.netty.channel.nio.NioEventLoop.processSelectedKey(NioEventLoop.java:632)
	at org.apache.ratis.thirdparty.io.netty.channel.nio.NioEventLoop.processSelectedKeysOptimized(NioEventLoop.java:579)
	at org.apache.ratis.thirdparty.io.netty.channel.nio.NioEventLoop.processSelectedKeys(NioEventLoop.java:496)
	at org.apache.ratis.thirdparty.io.netty.channel.nio.NioEventLoop.run(NioEventLoop.java:458)
	at org.apache.ratis.thirdparty.io.netty.util.concurrent.SingleThreadEventExecutor$5.run(SingleThreadEventExecutor.java:897)
	at org.apache.ratis.thirdparty.io.netty.util.concurrent.FastThreadLocalRunnable.run(FastThreadLocalRunnable.java:30)
	... 1 more
Caused by: java.net.ConnectException: Connection refused
	... 11 more
2019-08-20 19:42:00,862 [3a5f5f92-1fbc-4da9-891b-fb9af6a803f0:group-78F196AB2FA0:LeaderElection20] INFO  impl.LeaderElection (LogUtils.java:infoOrTrace(149)) - 3a5f5f92-1fbc-4da9-891b-fb9af6a803f0:group-78F196AB2FA0:LeaderElection20 got exception when requesting votes: {}
java.util.concurrent.ExecutionException: org.apache.ratis.thirdparty.io.grpc.StatusRuntimeException: UNAVAILABLE: io exception
	at java.util.concurrent.FutureTask.report(FutureTask.java:122)
	at java.util.concurrent.FutureTask.get(FutureTask.java:192)
	at org.apache.ratis.server.impl.LeaderElection.waitForResults(LeaderElection.java:262)
	at org.apache.ratis.server.impl.LeaderElection.askForVotes(LeaderElection.java:200)
	at org.apache.ratis.server.impl.LeaderElection.run(LeaderElection.java:130)
	at java.lang.Thread.run(Thread.java:748)
Caused by: org.apache.ratis.thirdparty.io.grpc.StatusRuntimeException: UNAVAILABLE: io exception
	at org.apache.ratis.thirdparty.io.grpc.stub.ClientCalls.toStatusRuntimeException(ClientCalls.java:233)
	at org.apache.ratis.thirdparty.io.grpc.stub.ClientCalls.getUnchecked(ClientCalls.java:214)
	at org.apache.ratis.thirdparty.io.grpc.stub.ClientCalls.blockingUnaryCall(ClientCalls.java:139)
	at org.apache.ratis.proto.grpc.RaftServerProtocolServiceGrpc$RaftServerProtocolServiceBlockingStub.requestVote(RaftServerProtocolServiceGrpc.java:265)
	at org.apache.ratis.grpc.server.GrpcServerProtocolClient.requestVote(GrpcServerProtocolClient.java:83)
	at org.apache.ratis.grpc.server.GrpcService.requestVote(GrpcService.java:195)
	at org.apache.ratis.server.impl.LeaderElection.lambda$submitRequests$1(LeaderElection.java:237)
	at java.util.concurrent.FutureTask.run(FutureTask.java:266)
	at java.util.concurrent.Executors$RunnableAdapter.call(Executors.java:511)
	at java.util.concurrent.FutureTask.run(FutureTask.java:266)
	at java.util.concurrent.ThreadPoolExecutor.runWorker(ThreadPoolExecutor.java:1149)
	at java.util.concurrent.ThreadPoolExecutor$Worker.run(ThreadPoolExecutor.java:624)
	... 1 more
Caused by: org.apache.ratis.thirdparty.io.netty.channel.AbstractChannel$AnnotatedConnectException: Connection refused: /192.168.157.205:39192
	at sun.nio.ch.SocketChannelImpl.checkConnect(Native Method)
	at sun.nio.ch.SocketChannelImpl.finishConnect(SocketChannelImpl.java:717)
	at org.apache.ratis.thirdparty.io.netty.channel.socket.nio.NioSocketChannel.doFinishConnect(NioSocketChannel.java:327)
	at org.apache.ratis.thirdparty.io.netty.channel.nio.AbstractNioChannel$AbstractNioUnsafe.finishConnect(AbstractNioChannel.java:340)
	at org.apache.ratis.thirdparty.io.netty.channel.nio.NioEventLoop.processSelectedKey(NioEventLoop.java:632)
	at org.apache.ratis.thirdparty.io.netty.channel.nio.NioEventLoop.processSelectedKeysOptimized(NioEventLoop.java:579)
	at org.apache.ratis.thirdparty.io.netty.channel.nio.NioEventLoop.processSelectedKeys(NioEventLoop.java:496)
	at org.apache.ratis.thirdparty.io.netty.channel.nio.NioEventLoop.run(NioEventLoop.java:458)
	at org.apache.ratis.thirdparty.io.netty.util.concurrent.SingleThreadEventExecutor$5.run(SingleThreadEventExecutor.java:897)
	at org.apache.ratis.thirdparty.io.netty.util.concurrent.FastThreadLocalRunnable.run(FastThreadLocalRunnable.java:30)
	... 1 more
Caused by: java.net.ConnectException: Connection refused
	... 11 more
2019-08-20 19:42:00,865 [3a5f5f92-1fbc-4da9-891b-fb9af6a803f0:group-78F196AB2FA0:LeaderElection20] INFO  impl.LeaderElection (LeaderElection.java:logAndReturn(56)) - 3a5f5f92-1fbc-4da9-891b-fb9af6a803f0:group-78F196AB2FA0:LeaderElection20: Election REJECTED; received 0 response(s) [] and 2 exception(s); 3a5f5f92-1fbc-4da9-891b-fb9af6a803f0:t4, leader=null, voted=3a5f5f92-1fbc-4da9-891b-fb9af6a803f0, raftlog=3a5f5f92-1fbc-4da9-891b-fb9af6a803f0-SegmentedRaftLog:OPENED:c2,f2,i2, conf=1: [1eeec8c2-4c0f-4bc8-b0db-6391a5855575:192.168.157.205:39192, 3a5f5f92-1fbc-4da9-891b-fb9af6a803f0:192.168.157.205:37319, ee8f8b66-a0a6-4ed9-8105-e31fb13b4287:192.168.157.205:44060], old=null
2019-08-20 19:42:00,865 [3a5f5f92-1fbc-4da9-891b-fb9af6a803f0:group-78F196AB2FA0:LeaderElection20] INFO  impl.LeaderElection (LogUtils.java:infoOrTrace(149)) -   Exception 0: {}
java.util.concurrent.ExecutionException: org.apache.ratis.thirdparty.io.grpc.StatusRuntimeException: UNAVAILABLE: io exception
	at java.util.concurrent.FutureTask.report(FutureTask.java:122)
	at java.util.concurrent.FutureTask.get(FutureTask.java:192)
	at org.apache.ratis.server.impl.LeaderElection.waitForResults(LeaderElection.java:262)
	at org.apache.ratis.server.impl.LeaderElection.askForVotes(LeaderElection.java:200)
	at org.apache.ratis.server.impl.LeaderElection.run(LeaderElection.java:130)
	at java.lang.Thread.run(Thread.java:748)
Caused by: org.apache.ratis.thirdparty.io.grpc.StatusRuntimeException: UNAVAILABLE: io exception
	at org.apache.ratis.thirdparty.io.grpc.stub.ClientCalls.toStatusRuntimeException(ClientCalls.java:233)
	at org.apache.ratis.thirdparty.io.grpc.stub.ClientCalls.getUnchecked(ClientCalls.java:214)
	at org.apache.ratis.thirdparty.io.grpc.stub.ClientCalls.blockingUnaryCall(ClientCalls.java:139)
	at org.apache.ratis.proto.grpc.RaftServerProtocolServiceGrpc$RaftServerProtocolServiceBlockingStub.requestVote(RaftServerProtocolServiceGrpc.java:265)
	at org.apache.ratis.grpc.server.GrpcServerProtocolClient.requestVote(GrpcServerProtocolClient.java:83)
	at org.apache.ratis.grpc.server.GrpcService.requestVote(GrpcService.java:195)
	at org.apache.ratis.server.impl.LeaderElection.lambda$submitRequests$1(LeaderElection.java:237)
	at java.util.concurrent.FutureTask.run(FutureTask.java:266)
	at java.util.concurrent.Executors$RunnableAdapter.call(Executors.java:511)
	at java.util.concurrent.FutureTask.run(FutureTask.java:266)
	at java.util.concurrent.ThreadPoolExecutor.runWorker(ThreadPoolExecutor.java:1149)
	at java.util.concurrent.ThreadPoolExecutor$Worker.run(ThreadPoolExecutor.java:624)
	... 1 more
Caused by: org.apache.ratis.thirdparty.io.netty.channel.AbstractChannel$AnnotatedConnectException: Connection refused: /192.168.157.205:44060
	at sun.nio.ch.SocketChannelImpl.checkConnect(Native Method)
	at sun.nio.ch.SocketChannelImpl.finishConnect(SocketChannelImpl.java:717)
	at org.apache.ratis.thirdparty.io.netty.channel.socket.nio.NioSocketChannel.doFinishConnect(NioSocketChannel.java:327)
	at org.apache.ratis.thirdparty.io.netty.channel.nio.AbstractNioChannel$AbstractNioUnsafe.finishConnect(AbstractNioChannel.java:340)
	at org.apache.ratis.thirdparty.io.netty.channel.nio.NioEventLoop.processSelectedKey(NioEventLoop.java:632)
	at org.apache.ratis.thirdparty.io.netty.channel.nio.NioEventLoop.processSelectedKeysOptimized(NioEventLoop.java:579)
	at org.apache.ratis.thirdparty.io.netty.channel.nio.NioEventLoop.processSelectedKeys(NioEventLoop.java:496)
	at org.apache.ratis.thirdparty.io.netty.channel.nio.NioEventLoop.run(NioEventLoop.java:458)
	at org.apache.ratis.thirdparty.io.netty.util.concurrent.SingleThreadEventExecutor$5.run(SingleThreadEventExecutor.java:897)
	at org.apache.ratis.thirdparty.io.netty.util.concurrent.FastThreadLocalRunnable.run(FastThreadLocalRunnable.java:30)
	... 1 more
Caused by: java.net.ConnectException: Connection refused
	... 11 more
2019-08-20 19:42:00,866 [3a5f5f92-1fbc-4da9-891b-fb9af6a803f0:group-78F196AB2FA0:LeaderElection20] INFO  impl.LeaderElection (LogUtils.java:infoOrTrace(149)) -   Exception 1: {}
java.util.concurrent.ExecutionException: org.apache.ratis.thirdparty.io.grpc.StatusRuntimeException: UNAVAILABLE: io exception
	at java.util.concurrent.FutureTask.report(FutureTask.java:122)
	at java.util.concurrent.FutureTask.get(FutureTask.java:192)
	at org.apache.ratis.server.impl.LeaderElection.waitForResults(LeaderElection.java:262)
	at org.apache.ratis.server.impl.LeaderElection.askForVotes(LeaderElection.java:200)
	at org.apache.ratis.server.impl.LeaderElection.run(LeaderElection.java:130)
	at java.lang.Thread.run(Thread.java:748)
Caused by: org.apache.ratis.thirdparty.io.grpc.StatusRuntimeException: UNAVAILABLE: io exception
	at org.apache.ratis.thirdparty.io.grpc.stub.ClientCalls.toStatusRuntimeException(ClientCalls.java:233)
	at org.apache.ratis.thirdparty.io.grpc.stub.ClientCalls.getUnchecked(ClientCalls.java:214)
	at org.apache.ratis.thirdparty.io.grpc.stub.ClientCalls.blockingUnaryCall(ClientCalls.java:139)
	at org.apache.ratis.proto.grpc.RaftServerProtocolServiceGrpc$RaftServerProtocolServiceBlockingStub.requestVote(RaftServerProtocolServiceGrpc.java:265)
	at org.apache.ratis.grpc.server.GrpcServerProtocolClient.requestVote(GrpcServerProtocolClient.java:83)
	at org.apache.ratis.grpc.server.GrpcService.requestVote(GrpcService.java:195)
	at org.apache.ratis.server.impl.LeaderElection.lambda$submitRequests$1(LeaderElection.java:237)
	at java.util.concurrent.FutureTask.run(FutureTask.java:266)
	at java.util.concurrent.Executors$RunnableAdapter.call(Executors.java:511)
	at java.util.concurrent.FutureTask.run(FutureTask.java:266)
	at java.util.concurrent.ThreadPoolExecutor.runWorker(ThreadPoolExecutor.java:1149)
	at java.util.concurrent.ThreadPoolExecutor$Worker.run(ThreadPoolExecutor.java:624)
	... 1 more
Caused by: org.apache.ratis.thirdparty.io.netty.channel.AbstractChannel$AnnotatedConnectException: Connection refused: /192.168.157.205:39192
	at sun.nio.ch.SocketChannelImpl.checkConnect(Native Method)
	at sun.nio.ch.SocketChannelImpl.finishConnect(SocketChannelImpl.java:717)
	at org.apache.ratis.thirdparty.io.netty.channel.socket.nio.NioSocketChannel.doFinishConnect(NioSocketChannel.java:327)
	at org.apache.ratis.thirdparty.io.netty.channel.nio.AbstractNioChannel$AbstractNioUnsafe.finishConnect(AbstractNioChannel.java:340)
	at org.apache.ratis.thirdparty.io.netty.channel.nio.NioEventLoop.processSelectedKey(NioEventLoop.java:632)
	at org.apache.ratis.thirdparty.io.netty.channel.nio.NioEventLoop.processSelectedKeysOptimized(NioEventLoop.java:579)
	at org.apache.ratis.thirdparty.io.netty.channel.nio.NioEventLoop.processSelectedKeys(NioEventLoop.java:496)
	at org.apache.ratis.thirdparty.io.netty.channel.nio.NioEventLoop.run(NioEventLoop.java:458)
	at org.apache.ratis.thirdparty.io.netty.util.concurrent.SingleThreadEventExecutor$5.run(SingleThreadEventExecutor.java:897)
	at org.apache.ratis.thirdparty.io.netty.util.concurrent.FastThreadLocalRunnable.run(FastThreadLocalRunnable.java:30)
	... 1 more
Caused by: java.net.ConnectException: Connection refused
	... 11 more
2019-08-20 19:42:00,866 [3a5f5f92-1fbc-4da9-891b-fb9af6a803f0:group-78F196AB2FA0:LeaderElection20] INFO  impl.RaftServerImpl (RaftServerImpl.java:setRole(171)) - 3a5f5f92-1fbc-4da9-891b-fb9af6a803f0:group-78F196AB2FA0 changes role from CANDIDATE to FOLLOWER at term 4 for DISCOVERED_A_NEW_TERM
2019-08-20 19:42:00,866 [3a5f5f92-1fbc-4da9-891b-fb9af6a803f0:group-78F196AB2FA0:LeaderElection20] INFO  impl.RoleInfo (RoleInfo.java:shutdownLeaderElection(134)) - 3a5f5f92-1fbc-4da9-891b-fb9af6a803f0: shutdown LeaderElection
2019-08-20 19:42:00,866 [3a5f5f92-1fbc-4da9-891b-fb9af6a803f0:group-78F196AB2FA0:LeaderElection20] INFO  impl.RoleInfo (RoleInfo.java:updateAndGet(143)) - 3a5f5f92-1fbc-4da9-891b-fb9af6a803f0: start FollowerState
2019-08-20 19:42:00,895 | INFO  | SCMAudit | user=jenkins1000 | ip=192.168.157.205 | op=SEND_HEARTBEAT {datanodeUUID=8109623e-cc10-4f33-b553-5cc878b10d85, command=[]} | ret=SUCCESS |  
2019-08-20 19:42:01,100 | INFO  | SCMAudit | user=jenkins1000 | ip=192.168.157.205 | op=SEND_HEARTBEAT {datanodeUUID=2bc3458d-469e-4a51-8672-7abe5768ce0e, command=[]} | ret=SUCCESS |  
2019-08-20 19:42:01,261 [grpc-default-executor-3] WARN  server.GrpcLogAppender (LogUtils.java:warn(134)) - 3a5f5f92-1fbc-4da9-891b-fb9af6a803f0->ee8f8b66-a0a6-4ed9-8105-e31fb13b4287: Failed appendEntries: org.apache.ratis.thirdparty.io.grpc.StatusRuntimeException: UNAVAILABLE: io exception
2019-08-20 19:42:01,262 [grpc-default-executor-3] INFO  impl.FollowerInfo (FollowerInfo.java:lambda$new$0(50)) - 3a5f5f92-1fbc-4da9-891b-fb9af6a803f0->ee8f8b66-a0a6-4ed9-8105-e31fb13b4287: nextIndex: updateUnconditionally 0 -> 0
2019-08-20 19:42:01,294 [grpc-default-executor-3] WARN  server.GrpcLogAppender (LogUtils.java:warn(134)) - 3a5f5f92-1fbc-4da9-891b-fb9af6a803f0->1eeec8c2-4c0f-4bc8-b0db-6391a5855575: Failed appendEntries: org.apache.ratis.thirdparty.io.grpc.StatusRuntimeException: UNAVAILABLE: io exception
2019-08-20 19:42:01,294 [grpc-default-executor-3] INFO  impl.FollowerInfo (FollowerInfo.java:lambda$new$0(50)) - 3a5f5f92-1fbc-4da9-891b-fb9af6a803f0->1eeec8c2-4c0f-4bc8-b0db-6391a5855575: nextIndex: updateUnconditionally 0 -> 0
2019-08-20 19:42:01,305 | INFO  | SCMAudit | user=jenkins1000 | ip=192.168.157.205 | op=SEND_HEARTBEAT {datanodeUUID=3a5f5f92-1fbc-4da9-891b-fb9af6a803f0, command=[]} | ret=SUCCESS |  
2019-08-20 19:42:01,342 | INFO  | SCMAudit | user=jenkins1000 | ip=192.168.157.205 | op=SEND_HEARTBEAT {datanodeUUID=a9286357-6b15-4043-a893-920ae835d3d2, command=[]} | ret=SUCCESS |  
2019-08-20 19:42:01,765 [grpc-default-executor-3] WARN  server.GrpcLogAppender (LogUtils.java:warn(134)) - 3a5f5f92-1fbc-4da9-891b-fb9af6a803f0->ee8f8b66-a0a6-4ed9-8105-e31fb13b4287: Failed appendEntries: org.apache.ratis.thirdparty.io.grpc.StatusRuntimeException: UNAVAILABLE: io exception
2019-08-20 19:42:01,765 [grpc-default-executor-3] INFO  impl.FollowerInfo (FollowerInfo.java:lambda$new$0(50)) - 3a5f5f92-1fbc-4da9-891b-fb9af6a803f0->ee8f8b66-a0a6-4ed9-8105-e31fb13b4287: nextIndex: updateUnconditionally 0 -> 0
2019-08-20 19:42:01,797 [grpc-default-executor-2] WARN  server.GrpcLogAppender (LogUtils.java:warn(134)) - 3a5f5f92-1fbc-4da9-891b-fb9af6a803f0->1eeec8c2-4c0f-4bc8-b0db-6391a5855575: Failed appendEntries: org.apache.ratis.thirdparty.io.grpc.StatusRuntimeException: UNAVAILABLE: io exception
2019-08-20 19:42:01,797 [Thread-493] INFO  impl.FollowerState (FollowerState.java:run(106)) - 3a5f5f92-1fbc-4da9-891b-fb9af6a803f0:group-4BD28E86B1A9 changes to CANDIDATE, lastRpcTime:1015, electionTimeout:1006ms
2019-08-20 19:42:01,797 [Thread-493] INFO  impl.RoleInfo (RoleInfo.java:shutdownFollowerState(121)) - 3a5f5f92-1fbc-4da9-891b-fb9af6a803f0: shutdown FollowerState
2019-08-20 19:42:01,797 [grpc-default-executor-2] INFO  impl.FollowerInfo (FollowerInfo.java:lambda$new$0(50)) - 3a5f5f92-1fbc-4da9-891b-fb9af6a803f0->1eeec8c2-4c0f-4bc8-b0db-6391a5855575: nextIndex: updateUnconditionally 0 -> 0
2019-08-20 19:42:01,797 [Thread-493] INFO  impl.RaftServerImpl (RaftServerImpl.java:setRole(171)) - 3a5f5f92-1fbc-4da9-891b-fb9af6a803f0:group-4BD28E86B1A9 changes role from FOLLOWER to CANDIDATE at term 3 for changeToCandidate
2019-08-20 19:42:01,798 [Thread-493] INFO  impl.RoleInfo (RoleInfo.java:updateAndGet(143)) - 3a5f5f92-1fbc-4da9-891b-fb9af6a803f0: start LeaderElection
2019-08-20 19:42:01,814 [3a5f5f92-1fbc-4da9-891b-fb9af6a803f0:group-4BD28E86B1A9:LeaderElection21] INFO  impl.LeaderElection (LeaderElection.java:askForVotes(181)) - 3a5f5f92-1fbc-4da9-891b-fb9af6a803f0:group-4BD28E86B1A9:LeaderElection21: begin an election at term 4 for 0: [1eeec8c2-4c0f-4bc8-b0db-6391a5855575:192.168.157.205:39192, 3a5f5f92-1fbc-4da9-891b-fb9af6a803f0:192.168.157.205:37319, ee8f8b66-a0a6-4ed9-8105-e31fb13b4287:192.168.157.205:44060], old=null
2019-08-20 19:42:01,817 [3a5f5f92-1fbc-4da9-891b-fb9af6a803f0:group-4BD28E86B1A9:LeaderElection21] INFO  impl.LeaderElection (LogUtils.java:infoOrTrace(149)) - 3a5f5f92-1fbc-4da9-891b-fb9af6a803f0:group-4BD28E86B1A9:LeaderElection21 got exception when requesting votes: {}
java.util.concurrent.ExecutionException: org.apache.ratis.thirdparty.io.grpc.StatusRuntimeException: UNAVAILABLE: io exception
	at java.util.concurrent.FutureTask.report(FutureTask.java:122)
	at java.util.concurrent.FutureTask.get(FutureTask.java:192)
	at org.apache.ratis.server.impl.LeaderElection.waitForResults(LeaderElection.java:262)
	at org.apache.ratis.server.impl.LeaderElection.askForVotes(LeaderElection.java:200)
	at org.apache.ratis.server.impl.LeaderElection.run(LeaderElection.java:130)
	at java.lang.Thread.run(Thread.java:748)
Caused by: org.apache.ratis.thirdparty.io.grpc.StatusRuntimeException: UNAVAILABLE: io exception
	at org.apache.ratis.thirdparty.io.grpc.stub.ClientCalls.toStatusRuntimeException(ClientCalls.java:233)
	at org.apache.ratis.thirdparty.io.grpc.stub.ClientCalls.getUnchecked(ClientCalls.java:214)
	at org.apache.ratis.thirdparty.io.grpc.stub.ClientCalls.blockingUnaryCall(ClientCalls.java:139)
	at org.apache.ratis.proto.grpc.RaftServerProtocolServiceGrpc$RaftServerProtocolServiceBlockingStub.requestVote(RaftServerProtocolServiceGrpc.java:265)
	at org.apache.ratis.grpc.server.GrpcServerProtocolClient.requestVote(GrpcServerProtocolClient.java:83)
	at org.apache.ratis.grpc.server.GrpcService.requestVote(GrpcService.java:195)
	at org.apache.ratis.server.impl.LeaderElection.lambda$submitRequests$1(LeaderElection.java:237)
	at java.util.concurrent.FutureTask.run(FutureTask.java:266)
	at java.util.concurrent.Executors$RunnableAdapter.call(Executors.java:511)
	at java.util.concurrent.FutureTask.run(FutureTask.java:266)
	at java.util.concurrent.ThreadPoolExecutor.runWorker(ThreadPoolExecutor.java:1149)
	at java.util.concurrent.ThreadPoolExecutor$Worker.run(ThreadPoolExecutor.java:624)
	... 1 more
Caused by: org.apache.ratis.thirdparty.io.netty.channel.AbstractChannel$AnnotatedConnectException: Connection refused: /192.168.157.205:39192
	at sun.nio.ch.SocketChannelImpl.checkConnect(Native Method)
	at sun.nio.ch.SocketChannelImpl.finishConnect(SocketChannelImpl.java:717)
	at org.apache.ratis.thirdparty.io.netty.channel.socket.nio.NioSocketChannel.doFinishConnect(NioSocketChannel.java:327)
	at org.apache.ratis.thirdparty.io.netty.channel.nio.AbstractNioChannel$AbstractNioUnsafe.finishConnect(AbstractNioChannel.java:340)
	at org.apache.ratis.thirdparty.io.netty.channel.nio.NioEventLoop.processSelectedKey(NioEventLoop.java:632)
	at org.apache.ratis.thirdparty.io.netty.channel.nio.NioEventLoop.processSelectedKeysOptimized(NioEventLoop.java:579)
	at org.apache.ratis.thirdparty.io.netty.channel.nio.NioEventLoop.processSelectedKeys(NioEventLoop.java:496)
	at org.apache.ratis.thirdparty.io.netty.channel.nio.NioEventLoop.run(NioEventLoop.java:458)
	at org.apache.ratis.thirdparty.io.netty.util.concurrent.SingleThreadEventExecutor$5.run(SingleThreadEventExecutor.java:897)
	at org.apache.ratis.thirdparty.io.netty.util.concurrent.FastThreadLocalRunnable.run(FastThreadLocalRunnable.java:30)
	... 1 more
Caused by: java.net.ConnectException: Connection refused
	... 11 more
2019-08-20 19:42:01,820 [3a5f5f92-1fbc-4da9-891b-fb9af6a803f0:group-4BD28E86B1A9:LeaderElection21] INFO  impl.LeaderElection (LogUtils.java:infoOrTrace(149)) - 3a5f5f92-1fbc-4da9-891b-fb9af6a803f0:group-4BD28E86B1A9:LeaderElection21 got exception when requesting votes: {}
java.util.concurrent.ExecutionException: org.apache.ratis.thirdparty.io.grpc.StatusRuntimeException: UNAVAILABLE: io exception
	at java.util.concurrent.FutureTask.report(FutureTask.java:122)
	at java.util.concurrent.FutureTask.get(FutureTask.java:192)
	at org.apache.ratis.server.impl.LeaderElection.waitForResults(LeaderElection.java:262)
	at org.apache.ratis.server.impl.LeaderElection.askForVotes(LeaderElection.java:200)
	at org.apache.ratis.server.impl.LeaderElection.run(LeaderElection.java:130)
	at java.lang.Thread.run(Thread.java:748)
Caused by: org.apache.ratis.thirdparty.io.grpc.StatusRuntimeException: UNAVAILABLE: io exception
	at org.apache.ratis.thirdparty.io.grpc.stub.ClientCalls.toStatusRuntimeException(ClientCalls.java:233)
	at org.apache.ratis.thirdparty.io.grpc.stub.ClientCalls.getUnchecked(ClientCalls.java:214)
	at org.apache.ratis.thirdparty.io.grpc.stub.ClientCalls.blockingUnaryCall(ClientCalls.java:139)
	at org.apache.ratis.proto.grpc.RaftServerProtocolServiceGrpc$RaftServerProtocolServiceBlockingStub.requestVote(RaftServerProtocolServiceGrpc.java:265)
	at org.apache.ratis.grpc.server.GrpcServerProtocolClient.requestVote(GrpcServerProtocolClient.java:83)
	at org.apache.ratis.grpc.server.GrpcService.requestVote(GrpcService.java:195)
	at org.apache.ratis.server.impl.LeaderElection.lambda$submitRequests$1(LeaderElection.java:237)
	at java.util.concurrent.FutureTask.run(FutureTask.java:266)
	at java.util.concurrent.Executors$RunnableAdapter.call(Executors.java:511)
	at java.util.concurrent.FutureTask.run(FutureTask.java:266)
	at java.util.concurrent.ThreadPoolExecutor.runWorker(ThreadPoolExecutor.java:1149)
	at java.util.concurrent.ThreadPoolExecutor$Worker.run(ThreadPoolExecutor.java:624)
	... 1 more
Caused by: org.apache.ratis.thirdparty.io.netty.channel.AbstractChannel$AnnotatedConnectException: Connection refused: /192.168.157.205:44060
	at sun.nio.ch.SocketChannelImpl.checkConnect(Native Method)
	at sun.nio.ch.SocketChannelImpl.finishConnect(SocketChannelImpl.java:717)
	at org.apache.ratis.thirdparty.io.netty.channel.socket.nio.NioSocketChannel.doFinishConnect(NioSocketChannel.java:327)
	at org.apache.ratis.thirdparty.io.netty.channel.nio.AbstractNioChannel$AbstractNioUnsafe.finishConnect(AbstractNioChannel.java:340)
	at org.apache.ratis.thirdparty.io.netty.channel.nio.NioEventLoop.processSelectedKey(NioEventLoop.java:632)
	at org.apache.ratis.thirdparty.io.netty.channel.nio.NioEventLoop.processSelectedKeysOptimized(NioEventLoop.java:579)
	at org.apache.ratis.thirdparty.io.netty.channel.nio.NioEventLoop.processSelectedKeys(NioEventLoop.java:496)
	at org.apache.ratis.thirdparty.io.netty.channel.nio.NioEventLoop.run(NioEventLoop.java:458)
	at org.apache.ratis.thirdparty.io.netty.util.concurrent.SingleThreadEventExecutor$5.run(SingleThreadEventExecutor.java:897)
	at org.apache.ratis.thirdparty.io.netty.util.concurrent.FastThreadLocalRunnable.run(FastThreadLocalRunnable.java:30)
	... 1 more
Caused by: java.net.ConnectException: Connection refused
	... 11 more
2019-08-20 19:42:01,826 [3a5f5f92-1fbc-4da9-891b-fb9af6a803f0:group-4BD28E86B1A9:LeaderElection21] INFO  impl.LeaderElection (LeaderElection.java:logAndReturn(56)) - 3a5f5f92-1fbc-4da9-891b-fb9af6a803f0:group-4BD28E86B1A9:LeaderElection21: Election REJECTED; received 0 response(s) [] and 2 exception(s); 3a5f5f92-1fbc-4da9-891b-fb9af6a803f0:t4, leader=null, voted=3a5f5f92-1fbc-4da9-891b-fb9af6a803f0, raftlog=3a5f5f92-1fbc-4da9-891b-fb9af6a803f0-SegmentedRaftLog:OPENED:c0,f0,i0, conf=0: [1eeec8c2-4c0f-4bc8-b0db-6391a5855575:192.168.157.205:39192, 3a5f5f92-1fbc-4da9-891b-fb9af6a803f0:192.168.157.205:37319, ee8f8b66-a0a6-4ed9-8105-e31fb13b4287:192.168.157.205:44060], old=null
2019-08-20 19:42:01,826 [3a5f5f92-1fbc-4da9-891b-fb9af6a803f0:group-4BD28E86B1A9:LeaderElection21] INFO  impl.LeaderElection (LogUtils.java:infoOrTrace(149)) -   Exception 0: {}
java.util.concurrent.ExecutionException: org.apache.ratis.thirdparty.io.grpc.StatusRuntimeException: UNAVAILABLE: io exception
	at java.util.concurrent.FutureTask.report(FutureTask.java:122)
	at java.util.concurrent.FutureTask.get(FutureTask.java:192)
	at org.apache.ratis.server.impl.LeaderElection.waitForResults(LeaderElection.java:262)
	at org.apache.ratis.server.impl.LeaderElection.askForVotes(LeaderElection.java:200)
	at org.apache.ratis.server.impl.LeaderElection.run(LeaderElection.java:130)
	at java.lang.Thread.run(Thread.java:748)
Caused by: org.apache.ratis.thirdparty.io.grpc.StatusRuntimeException: UNAVAILABLE: io exception
	at org.apache.ratis.thirdparty.io.grpc.stub.ClientCalls.toStatusRuntimeException(ClientCalls.java:233)
	at org.apache.ratis.thirdparty.io.grpc.stub.ClientCalls.getUnchecked(ClientCalls.java:214)
	at org.apache.ratis.thirdparty.io.grpc.stub.ClientCalls.blockingUnaryCall(ClientCalls.java:139)
	at org.apache.ratis.proto.grpc.RaftServerProtocolServiceGrpc$RaftServerProtocolServiceBlockingStub.requestVote(RaftServerProtocolServiceGrpc.java:265)
	at org.apache.ratis.grpc.server.GrpcServerProtocolClient.requestVote(GrpcServerProtocolClient.java:83)
	at org.apache.ratis.grpc.server.GrpcService.requestVote(GrpcService.java:195)
	at org.apache.ratis.server.impl.LeaderElection.lambda$submitRequests$1(LeaderElection.java:237)
	at java.util.concurrent.FutureTask.run(FutureTask.java:266)
	at java.util.concurrent.Executors$RunnableAdapter.call(Executors.java:511)
	at java.util.concurrent.FutureTask.run(FutureTask.java:266)
	at java.util.concurrent.ThreadPoolExecutor.runWorker(ThreadPoolExecutor.java:1149)
	at java.util.concurrent.ThreadPoolExecutor$Worker.run(ThreadPoolExecutor.java:624)
	... 1 more
Caused by: org.apache.ratis.thirdparty.io.netty.channel.AbstractChannel$AnnotatedConnectException: Connection refused: /192.168.157.205:39192
	at sun.nio.ch.SocketChannelImpl.checkConnect(Native Method)
	at sun.nio.ch.SocketChannelImpl.finishConnect(SocketChannelImpl.java:717)
	at org.apache.ratis.thirdparty.io.netty.channel.socket.nio.NioSocketChannel.doFinishConnect(NioSocketChannel.java:327)
	at org.apache.ratis.thirdparty.io.netty.channel.nio.AbstractNioChannel$AbstractNioUnsafe.finishConnect(AbstractNioChannel.java:340)
	at org.apache.ratis.thirdparty.io.netty.channel.nio.NioEventLoop.processSelectedKey(NioEventLoop.java:632)
	at org.apache.ratis.thirdparty.io.netty.channel.nio.NioEventLoop.processSelectedKeysOptimized(NioEventLoop.java:579)
	at org.apache.ratis.thirdparty.io.netty.channel.nio.NioEventLoop.processSelectedKeys(NioEventLoop.java:496)
	at org.apache.ratis.thirdparty.io.netty.channel.nio.NioEventLoop.run(NioEventLoop.java:458)
	at org.apache.ratis.thirdparty.io.netty.util.concurrent.SingleThreadEventExecutor$5.run(SingleThreadEventExecutor.java:897)
	at org.apache.ratis.thirdparty.io.netty.util.concurrent.FastThreadLocalRunnable.run(FastThreadLocalRunnable.java:30)
	... 1 more
Caused by: java.net.ConnectException: Connection refused
	... 11 more
2019-08-20 19:42:01,826 [3a5f5f92-1fbc-4da9-891b-fb9af6a803f0:group-4BD28E86B1A9:LeaderElection21] INFO  impl.LeaderElection (LogUtils.java:infoOrTrace(149)) -   Exception 1: {}
java.util.concurrent.ExecutionException: org.apache.ratis.thirdparty.io.grpc.StatusRuntimeException: UNAVAILABLE: io exception
	at java.util.concurrent.FutureTask.report(FutureTask.java:122)
	at java.util.concurrent.FutureTask.get(FutureTask.java:192)
	at org.apache.ratis.server.impl.LeaderElection.waitForResults(LeaderElection.java:262)
	at org.apache.ratis.server.impl.LeaderElection.askForVotes(LeaderElection.java:200)
	at org.apache.ratis.server.impl.LeaderElection.run(LeaderElection.java:130)
	at java.lang.Thread.run(Thread.java:748)
Caused by: org.apache.ratis.thirdparty.io.grpc.StatusRuntimeException: UNAVAILABLE: io exception
	at org.apache.ratis.thirdparty.io.grpc.stub.ClientCalls.toStatusRuntimeException(ClientCalls.java:233)
	at org.apache.ratis.thirdparty.io.grpc.stub.ClientCalls.getUnchecked(ClientCalls.java:214)
	at org.apache.ratis.thirdparty.io.grpc.stub.ClientCalls.blockingUnaryCall(ClientCalls.java:139)
	at org.apache.ratis.proto.grpc.RaftServerProtocolServiceGrpc$RaftServerProtocolServiceBlockingStub.requestVote(RaftServerProtocolServiceGrpc.java:265)
	at org.apache.ratis.grpc.server.GrpcServerProtocolClient.requestVote(GrpcServerProtocolClient.java:83)
	at org.apache.ratis.grpc.server.GrpcService.requestVote(GrpcService.java:195)
	at org.apache.ratis.server.impl.LeaderElection.lambda$submitRequests$1(LeaderElection.java:237)
	at java.util.concurrent.FutureTask.run(FutureTask.java:266)
	at java.util.concurrent.Executors$RunnableAdapter.call(Executors.java:511)
	at java.util.concurrent.FutureTask.run(FutureTask.java:266)
	at java.util.concurrent.ThreadPoolExecutor.runWorker(ThreadPoolExecutor.java:1149)
	at java.util.concurrent.ThreadPoolExecutor$Worker.run(ThreadPoolExecutor.java:624)
	... 1 more
Caused by: org.apache.ratis.thirdparty.io.netty.channel.AbstractChannel$AnnotatedConnectException: Connection refused: /192.168.157.205:44060
	at sun.nio.ch.SocketChannelImpl.checkConnect(Native Method)
	at sun.nio.ch.SocketChannelImpl.finishConnect(SocketChannelImpl.java:717)
	at org.apache.ratis.thirdparty.io.netty.channel.socket.nio.NioSocketChannel.doFinishConnect(NioSocketChannel.java:327)
	at org.apache.ratis.thirdparty.io.netty.channel.nio.AbstractNioChannel$AbstractNioUnsafe.finishConnect(AbstractNioChannel.java:340)
	at org.apache.ratis.thirdparty.io.netty.channel.nio.NioEventLoop.processSelectedKey(NioEventLoop.java:632)
	at org.apache.ratis.thirdparty.io.netty.channel.nio.NioEventLoop.processSelectedKeysOptimized(NioEventLoop.java:579)
	at org.apache.ratis.thirdparty.io.netty.channel.nio.NioEventLoop.processSelectedKeys(NioEventLoop.java:496)
	at org.apache.ratis.thirdparty.io.netty.channel.nio.NioEventLoop.run(NioEventLoop.java:458)
	at org.apache.ratis.thirdparty.io.netty.util.concurrent.SingleThreadEventExecutor$5.run(SingleThreadEventExecutor.java:897)
	at org.apache.ratis.thirdparty.io.netty.util.concurrent.FastThreadLocalRunnable.run(FastThreadLocalRunnable.java:30)
	... 1 more
Caused by: java.net.ConnectException: Connection refused
	... 11 more
2019-08-20 19:42:01,827 [3a5f5f92-1fbc-4da9-891b-fb9af6a803f0:group-4BD28E86B1A9:LeaderElection21] INFO  impl.RaftServerImpl (RaftServerImpl.java:setRole(171)) - 3a5f5f92-1fbc-4da9-891b-fb9af6a803f0:group-4BD28E86B1A9 changes role from CANDIDATE to FOLLOWER at term 4 for DISCOVERED_A_NEW_TERM
2019-08-20 19:42:01,827 [3a5f5f92-1fbc-4da9-891b-fb9af6a803f0:group-4BD28E86B1A9:LeaderElection21] INFO  impl.RoleInfo (RoleInfo.java:shutdownLeaderElection(134)) - 3a5f5f92-1fbc-4da9-891b-fb9af6a803f0: shutdown LeaderElection
2019-08-20 19:42:01,827 [3a5f5f92-1fbc-4da9-891b-fb9af6a803f0:group-4BD28E86B1A9:LeaderElection21] INFO  impl.RoleInfo (RoleInfo.java:updateAndGet(143)) - 3a5f5f92-1fbc-4da9-891b-fb9af6a803f0: start FollowerState
2019-08-20 19:42:01,884 [Thread-497] INFO  impl.FollowerState (FollowerState.java:run(106)) - 3a5f5f92-1fbc-4da9-891b-fb9af6a803f0:group-78F196AB2FA0 changes to CANDIDATE, lastRpcTime:1017, electionTimeout:1017ms
2019-08-20 19:42:01,884 [Thread-497] INFO  impl.RoleInfo (RoleInfo.java:shutdownFollowerState(121)) - 3a5f5f92-1fbc-4da9-891b-fb9af6a803f0: shutdown FollowerState
2019-08-20 19:42:01,884 [Thread-497] INFO  impl.RaftServerImpl (RaftServerImpl.java:setRole(171)) - 3a5f5f92-1fbc-4da9-891b-fb9af6a803f0:group-78F196AB2FA0 changes role from FOLLOWER to CANDIDATE at term 4 for changeToCandidate
2019-08-20 19:42:01,885 [Thread-497] INFO  impl.RoleInfo (RoleInfo.java:updateAndGet(143)) - 3a5f5f92-1fbc-4da9-891b-fb9af6a803f0: start LeaderElection
2019-08-20 19:42:01,895 | INFO  | SCMAudit | user=jenkins1000 | ip=192.168.157.205 | op=SEND_HEARTBEAT {datanodeUUID=8109623e-cc10-4f33-b553-5cc878b10d85, command=[]} | ret=SUCCESS |  
2019-08-20 19:42:01,912 [3a5f5f92-1fbc-4da9-891b-fb9af6a803f0:group-78F196AB2FA0:LeaderElection22] INFO  impl.LeaderElection (LeaderElection.java:askForVotes(181)) - 3a5f5f92-1fbc-4da9-891b-fb9af6a803f0:group-78F196AB2FA0:LeaderElection22: begin an election at term 5 for 1: [1eeec8c2-4c0f-4bc8-b0db-6391a5855575:192.168.157.205:39192, 3a5f5f92-1fbc-4da9-891b-fb9af6a803f0:192.168.157.205:37319, ee8f8b66-a0a6-4ed9-8105-e31fb13b4287:192.168.157.205:44060], old=null
2019-08-20 19:42:01,913 [3a5f5f92-1fbc-4da9-891b-fb9af6a803f0:group-78F196AB2FA0:LeaderElection22] INFO  impl.LeaderElection (LogUtils.java:infoOrTrace(149)) - 3a5f5f92-1fbc-4da9-891b-fb9af6a803f0:group-78F196AB2FA0:LeaderElection22 got exception when requesting votes: {}
java.util.concurrent.ExecutionException: org.apache.ratis.thirdparty.io.grpc.StatusRuntimeException: UNAVAILABLE: io exception
	at java.util.concurrent.FutureTask.report(FutureTask.java:122)
	at java.util.concurrent.FutureTask.get(FutureTask.java:192)
	at org.apache.ratis.server.impl.LeaderElection.waitForResults(LeaderElection.java:262)
	at org.apache.ratis.server.impl.LeaderElection.askForVotes(LeaderElection.java:200)
	at org.apache.ratis.server.impl.LeaderElection.run(LeaderElection.java:130)
	at java.lang.Thread.run(Thread.java:748)
Caused by: org.apache.ratis.thirdparty.io.grpc.StatusRuntimeException: UNAVAILABLE: io exception
	at org.apache.ratis.thirdparty.io.grpc.stub.ClientCalls.toStatusRuntimeException(ClientCalls.java:233)
	at org.apache.ratis.thirdparty.io.grpc.stub.ClientCalls.getUnchecked(ClientCalls.java:214)
	at org.apache.ratis.thirdparty.io.grpc.stub.ClientCalls.blockingUnaryCall(ClientCalls.java:139)
	at org.apache.ratis.proto.grpc.RaftServerProtocolServiceGrpc$RaftServerProtocolServiceBlockingStub.requestVote(RaftServerProtocolServiceGrpc.java:265)
	at org.apache.ratis.grpc.server.GrpcServerProtocolClient.requestVote(GrpcServerProtocolClient.java:83)
	at org.apache.ratis.grpc.server.GrpcService.requestVote(GrpcService.java:195)
	at org.apache.ratis.server.impl.LeaderElection.lambda$submitRequests$1(LeaderElection.java:237)
	at java.util.concurrent.FutureTask.run(FutureTask.java:266)
	at java.util.concurrent.Executors$RunnableAdapter.call(Executors.java:511)
	at java.util.concurrent.FutureTask.run(FutureTask.java:266)
	at java.util.concurrent.ThreadPoolExecutor.runWorker(ThreadPoolExecutor.java:1149)
	at java.util.concurrent.ThreadPoolExecutor$Worker.run(ThreadPoolExecutor.java:624)
	... 1 more
Caused by: org.apache.ratis.thirdparty.io.netty.channel.AbstractChannel$AnnotatedConnectException: Connection refused: /192.168.157.205:39192
	at sun.nio.ch.SocketChannelImpl.checkConnect(Native Method)
	at sun.nio.ch.SocketChannelImpl.finishConnect(SocketChannelImpl.java:717)
	at org.apache.ratis.thirdparty.io.netty.channel.socket.nio.NioSocketChannel.doFinishConnect(NioSocketChannel.java:327)
	at org.apache.ratis.thirdparty.io.netty.channel.nio.AbstractNioChannel$AbstractNioUnsafe.finishConnect(AbstractNioChannel.java:340)
	at org.apache.ratis.thirdparty.io.netty.channel.nio.NioEventLoop.processSelectedKey(NioEventLoop.java:632)
	at org.apache.ratis.thirdparty.io.netty.channel.nio.NioEventLoop.processSelectedKeysOptimized(NioEventLoop.java:579)
	at org.apache.ratis.thirdparty.io.netty.channel.nio.NioEventLoop.processSelectedKeys(NioEventLoop.java:496)
	at org.apache.ratis.thirdparty.io.netty.channel.nio.NioEventLoop.run(NioEventLoop.java:458)
	at org.apache.ratis.thirdparty.io.netty.util.concurrent.SingleThreadEventExecutor$5.run(SingleThreadEventExecutor.java:897)
	at org.apache.ratis.thirdparty.io.netty.util.concurrent.FastThreadLocalRunnable.run(FastThreadLocalRunnable.java:30)
	... 1 more
Caused by: java.net.ConnectException: Connection refused
	... 11 more
2019-08-20 19:42:01,917 [3a5f5f92-1fbc-4da9-891b-fb9af6a803f0:group-78F196AB2FA0:LeaderElection22] INFO  impl.LeaderElection (LogUtils.java:infoOrTrace(149)) - 3a5f5f92-1fbc-4da9-891b-fb9af6a803f0:group-78F196AB2FA0:LeaderElection22 got exception when requesting votes: {}
java.util.concurrent.ExecutionException: org.apache.ratis.thirdparty.io.grpc.StatusRuntimeException: UNAVAILABLE: io exception
	at java.util.concurrent.FutureTask.report(FutureTask.java:122)
	at java.util.concurrent.FutureTask.get(FutureTask.java:192)
	at org.apache.ratis.server.impl.LeaderElection.waitForResults(LeaderElection.java:262)
	at org.apache.ratis.server.impl.LeaderElection.askForVotes(LeaderElection.java:200)
	at org.apache.ratis.server.impl.LeaderElection.run(LeaderElection.java:130)
	at java.lang.Thread.run(Thread.java:748)
Caused by: org.apache.ratis.thirdparty.io.grpc.StatusRuntimeException: UNAVAILABLE: io exception
	at org.apache.ratis.thirdparty.io.grpc.stub.ClientCalls.toStatusRuntimeException(ClientCalls.java:233)
	at org.apache.ratis.thirdparty.io.grpc.stub.ClientCalls.getUnchecked(ClientCalls.java:214)
	at org.apache.ratis.thirdparty.io.grpc.stub.ClientCalls.blockingUnaryCall(ClientCalls.java:139)
	at org.apache.ratis.proto.grpc.RaftServerProtocolServiceGrpc$RaftServerProtocolServiceBlockingStub.requestVote(RaftServerProtocolServiceGrpc.java:265)
	at org.apache.ratis.grpc.server.GrpcServerProtocolClient.requestVote(GrpcServerProtocolClient.java:83)
	at org.apache.ratis.grpc.server.GrpcService.requestVote(GrpcService.java:195)
	at org.apache.ratis.server.impl.LeaderElection.lambda$submitRequests$1(LeaderElection.java:237)
	at java.util.concurrent.FutureTask.run(FutureTask.java:266)
	at java.util.concurrent.Executors$RunnableAdapter.call(Executors.java:511)
	at java.util.concurrent.FutureTask.run(FutureTask.java:266)
	at java.util.concurrent.ThreadPoolExecutor.runWorker(ThreadPoolExecutor.java:1149)
	at java.util.concurrent.ThreadPoolExecutor$Worker.run(ThreadPoolExecutor.java:624)
	... 1 more
Caused by: org.apache.ratis.thirdparty.io.netty.channel.AbstractChannel$AnnotatedConnectException: Connection refused: /192.168.157.205:44060
	at sun.nio.ch.SocketChannelImpl.checkConnect(Native Method)
	at sun.nio.ch.SocketChannelImpl.finishConnect(SocketChannelImpl.java:717)
	at org.apache.ratis.thirdparty.io.netty.channel.socket.nio.NioSocketChannel.doFinishConnect(NioSocketChannel.java:327)
	at org.apache.ratis.thirdparty.io.netty.channel.nio.AbstractNioChannel$AbstractNioUnsafe.finishConnect(AbstractNioChannel.java:340)
	at org.apache.ratis.thirdparty.io.netty.channel.nio.NioEventLoop.processSelectedKey(NioEventLoop.java:632)
	at org.apache.ratis.thirdparty.io.netty.channel.nio.NioEventLoop.processSelectedKeysOptimized(NioEventLoop.java:579)
	at org.apache.ratis.thirdparty.io.netty.channel.nio.NioEventLoop.processSelectedKeys(NioEventLoop.java:496)
	at org.apache.ratis.thirdparty.io.netty.channel.nio.NioEventLoop.run(NioEventLoop.java:458)
	at org.apache.ratis.thirdparty.io.netty.util.concurrent.SingleThreadEventExecutor$5.run(SingleThreadEventExecutor.java:897)
	at org.apache.ratis.thirdparty.io.netty.util.concurrent.FastThreadLocalRunnable.run(FastThreadLocalRunnable.java:30)
	... 1 more
Caused by: java.net.ConnectException: Connection refused
	... 11 more
2019-08-20 19:42:01,919 [3a5f5f92-1fbc-4da9-891b-fb9af6a803f0:group-78F196AB2FA0:LeaderElection22] INFO  impl.LeaderElection (LeaderElection.java:logAndReturn(56)) - 3a5f5f92-1fbc-4da9-891b-fb9af6a803f0:group-78F196AB2FA0:LeaderElection22: Election REJECTED; received 0 response(s) [] and 2 exception(s); 3a5f5f92-1fbc-4da9-891b-fb9af6a803f0:t5, leader=null, voted=3a5f5f92-1fbc-4da9-891b-fb9af6a803f0, raftlog=3a5f5f92-1fbc-4da9-891b-fb9af6a803f0-SegmentedRaftLog:OPENED:c2,f2,i2, conf=1: [1eeec8c2-4c0f-4bc8-b0db-6391a5855575:192.168.157.205:39192, 3a5f5f92-1fbc-4da9-891b-fb9af6a803f0:192.168.157.205:37319, ee8f8b66-a0a6-4ed9-8105-e31fb13b4287:192.168.157.205:44060], old=null
2019-08-20 19:42:01,919 [3a5f5f92-1fbc-4da9-891b-fb9af6a803f0:group-78F196AB2FA0:LeaderElection22] INFO  impl.LeaderElection (LogUtils.java:infoOrTrace(149)) -   Exception 0: {}
java.util.concurrent.ExecutionException: org.apache.ratis.thirdparty.io.grpc.StatusRuntimeException: UNAVAILABLE: io exception
	at java.util.concurrent.FutureTask.report(FutureTask.java:122)
	at java.util.concurrent.FutureTask.get(FutureTask.java:192)
	at org.apache.ratis.server.impl.LeaderElection.waitForResults(LeaderElection.java:262)
	at org.apache.ratis.server.impl.LeaderElection.askForVotes(LeaderElection.java:200)
	at org.apache.ratis.server.impl.LeaderElection.run(LeaderElection.java:130)
	at java.lang.Thread.run(Thread.java:748)
Caused by: org.apache.ratis.thirdparty.io.grpc.StatusRuntimeException: UNAVAILABLE: io exception
	at org.apache.ratis.thirdparty.io.grpc.stub.ClientCalls.toStatusRuntimeException(ClientCalls.java:233)
	at org.apache.ratis.thirdparty.io.grpc.stub.ClientCalls.getUnchecked(ClientCalls.java:214)
	at org.apache.ratis.thirdparty.io.grpc.stub.ClientCalls.blockingUnaryCall(ClientCalls.java:139)
	at org.apache.ratis.proto.grpc.RaftServerProtocolServiceGrpc$RaftServerProtocolServiceBlockingStub.requestVote(RaftServerProtocolServiceGrpc.java:265)
	at org.apache.ratis.grpc.server.GrpcServerProtocolClient.requestVote(GrpcServerProtocolClient.java:83)
	at org.apache.ratis.grpc.server.GrpcService.requestVote(GrpcService.java:195)
	at org.apache.ratis.server.impl.LeaderElection.lambda$submitRequests$1(LeaderElection.java:237)
	at java.util.concurrent.FutureTask.run(FutureTask.java:266)
	at java.util.concurrent.Executors$RunnableAdapter.call(Executors.java:511)
	at java.util.concurrent.FutureTask.run(FutureTask.java:266)
	at java.util.concurrent.ThreadPoolExecutor.runWorker(ThreadPoolExecutor.java:1149)
	at java.util.concurrent.ThreadPoolExecutor$Worker.run(ThreadPoolExecutor.java:624)
	... 1 more
Caused by: org.apache.ratis.thirdparty.io.netty.channel.AbstractChannel$AnnotatedConnectException: Connection refused: /192.168.157.205:39192
	at sun.nio.ch.SocketChannelImpl.checkConnect(Native Method)
	at sun.nio.ch.SocketChannelImpl.finishConnect(SocketChannelImpl.java:717)
	at org.apache.ratis.thirdparty.io.netty.channel.socket.nio.NioSocketChannel.doFinishConnect(NioSocketChannel.java:327)
	at org.apache.ratis.thirdparty.io.netty.channel.nio.AbstractNioChannel$AbstractNioUnsafe.finishConnect(AbstractNioChannel.java:340)
	at org.apache.ratis.thirdparty.io.netty.channel.nio.NioEventLoop.processSelectedKey(NioEventLoop.java:632)
	at org.apache.ratis.thirdparty.io.netty.channel.nio.NioEventLoop.processSelectedKeysOptimized(NioEventLoop.java:579)
	at org.apache.ratis.thirdparty.io.netty.channel.nio.NioEventLoop.processSelectedKeys(NioEventLoop.java:496)
	at org.apache.ratis.thirdparty.io.netty.channel.nio.NioEventLoop.run(NioEventLoop.java:458)
	at org.apache.ratis.thirdparty.io.netty.util.concurrent.SingleThreadEventExecutor$5.run(SingleThreadEventExecutor.java:897)
	at org.apache.ratis.thirdparty.io.netty.util.concurrent.FastThreadLocalRunnable.run(FastThreadLocalRunnable.java:30)
	... 1 more
Caused by: java.net.ConnectException: Connection refused
	... 11 more
2019-08-20 19:42:01,920 [3a5f5f92-1fbc-4da9-891b-fb9af6a803f0:group-78F196AB2FA0:LeaderElection22] INFO  impl.LeaderElection (LogUtils.java:infoOrTrace(149)) -   Exception 1: {}
java.util.concurrent.ExecutionException: org.apache.ratis.thirdparty.io.grpc.StatusRuntimeException: UNAVAILABLE: io exception
	at java.util.concurrent.FutureTask.report(FutureTask.java:122)
	at java.util.concurrent.FutureTask.get(FutureTask.java:192)
	at org.apache.ratis.server.impl.LeaderElection.waitForResults(LeaderElection.java:262)
	at org.apache.ratis.server.impl.LeaderElection.askForVotes(LeaderElection.java:200)
	at org.apache.ratis.server.impl.LeaderElection.run(LeaderElection.java:130)
	at java.lang.Thread.run(Thread.java:748)
Caused by: org.apache.ratis.thirdparty.io.grpc.StatusRuntimeException: UNAVAILABLE: io exception
	at org.apache.ratis.thirdparty.io.grpc.stub.ClientCalls.toStatusRuntimeException(ClientCalls.java:233)
	at org.apache.ratis.thirdparty.io.grpc.stub.ClientCalls.getUnchecked(ClientCalls.java:214)
	at org.apache.ratis.thirdparty.io.grpc.stub.ClientCalls.blockingUnaryCall(ClientCalls.java:139)
	at org.apache.ratis.proto.grpc.RaftServerProtocolServiceGrpc$RaftServerProtocolServiceBlockingStub.requestVote(RaftServerProtocolServiceGrpc.java:265)
	at org.apache.ratis.grpc.server.GrpcServerProtocolClient.requestVote(GrpcServerProtocolClient.java:83)
	at org.apache.ratis.grpc.server.GrpcService.requestVote(GrpcService.java:195)
	at org.apache.ratis.server.impl.LeaderElection.lambda$submitRequests$1(LeaderElection.java:237)
	at java.util.concurrent.FutureTask.run(FutureTask.java:266)
	at java.util.concurrent.Executors$RunnableAdapter.call(Executors.java:511)
	at java.util.concurrent.FutureTask.run(FutureTask.java:266)
	at java.util.concurrent.ThreadPoolExecutor.runWorker(ThreadPoolExecutor.java:1149)
	at java.util.concurrent.ThreadPoolExecutor$Worker.run(ThreadPoolExecutor.java:624)
	... 1 more
Caused by: org.apache.ratis.thirdparty.io.netty.channel.AbstractChannel$AnnotatedConnectException: Connection refused: /192.168.157.205:44060
	at sun.nio.ch.SocketChannelImpl.checkConnect(Native Method)
	at sun.nio.ch.SocketChannelImpl.finishConnect(SocketChannelImpl.java:717)
	at org.apache.ratis.thirdparty.io.netty.channel.socket.nio.NioSocketChannel.doFinishConnect(NioSocketChannel.java:327)
	at org.apache.ratis.thirdparty.io.netty.channel.nio.AbstractNioChannel$AbstractNioUnsafe.finishConnect(AbstractNioChannel.java:340)
	at org.apache.ratis.thirdparty.io.netty.channel.nio.NioEventLoop.processSelectedKey(NioEventLoop.java:632)
	at org.apache.ratis.thirdparty.io.netty.channel.nio.NioEventLoop.processSelectedKeysOptimized(NioEventLoop.java:579)
	at org.apache.ratis.thirdparty.io.netty.channel.nio.NioEventLoop.processSelectedKeys(NioEventLoop.java:496)
	at org.apache.ratis.thirdparty.io.netty.channel.nio.NioEventLoop.run(NioEventLoop.java:458)
	at org.apache.ratis.thirdparty.io.netty.util.concurrent.SingleThreadEventExecutor$5.run(SingleThreadEventExecutor.java:897)
	at org.apache.ratis.thirdparty.io.netty.util.concurrent.FastThreadLocalRunnable.run(FastThreadLocalRunnable.java:30)
	... 1 more
Caused by: java.net.ConnectException: Connection refused
	... 11 more
2019-08-20 19:42:01,921 [3a5f5f92-1fbc-4da9-891b-fb9af6a803f0:group-78F196AB2FA0:LeaderElection22] INFO  impl.RaftServerImpl (RaftServerImpl.java:setRole(171)) - 3a5f5f92-1fbc-4da9-891b-fb9af6a803f0:group-78F196AB2FA0 changes role from CANDIDATE to FOLLOWER at term 5 for DISCOVERED_A_NEW_TERM
2019-08-20 19:42:01,921 [3a5f5f92-1fbc-4da9-891b-fb9af6a803f0:group-78F196AB2FA0:LeaderElection22] INFO  impl.RoleInfo (RoleInfo.java:shutdownLeaderElection(134)) - 3a5f5f92-1fbc-4da9-891b-fb9af6a803f0: shutdown LeaderElection
2019-08-20 19:42:01,921 [3a5f5f92-1fbc-4da9-891b-fb9af6a803f0:group-78F196AB2FA0:LeaderElection22] INFO  impl.RoleInfo (RoleInfo.java:updateAndGet(143)) - 3a5f5f92-1fbc-4da9-891b-fb9af6a803f0: start FollowerState
2019-08-20 19:42:02,101 | INFO  | SCMAudit | user=jenkins1000 | ip=192.168.157.205 | op=SEND_HEARTBEAT {datanodeUUID=2bc3458d-469e-4a51-8672-7abe5768ce0e, command=[]} | ret=SUCCESS |  
2019-08-20 19:42:02,263 [grpc-default-executor-5] WARN  server.GrpcLogAppender (LogUtils.java:warn(134)) - 3a5f5f92-1fbc-4da9-891b-fb9af6a803f0->ee8f8b66-a0a6-4ed9-8105-e31fb13b4287: Failed appendEntries: org.apache.ratis.thirdparty.io.grpc.StatusRuntimeException: UNAVAILABLE: io exception
2019-08-20 19:42:02,264 [grpc-default-executor-5] INFO  impl.FollowerInfo (FollowerInfo.java:lambda$new$0(50)) - 3a5f5f92-1fbc-4da9-891b-fb9af6a803f0->ee8f8b66-a0a6-4ed9-8105-e31fb13b4287: nextIndex: updateUnconditionally 0 -> 0
2019-08-20 19:42:02,296 [grpc-default-executor-5] WARN  server.GrpcLogAppender (LogUtils.java:warn(134)) - 3a5f5f92-1fbc-4da9-891b-fb9af6a803f0->1eeec8c2-4c0f-4bc8-b0db-6391a5855575: Failed appendEntries: org.apache.ratis.thirdparty.io.grpc.StatusRuntimeException: UNAVAILABLE: io exception
2019-08-20 19:42:02,296 [grpc-default-executor-5] INFO  impl.FollowerInfo (FollowerInfo.java:lambda$new$0(50)) - 3a5f5f92-1fbc-4da9-891b-fb9af6a803f0->1eeec8c2-4c0f-4bc8-b0db-6391a5855575: nextIndex: updateUnconditionally 0 -> 0
2019-08-20 19:42:02,305 | INFO  | SCMAudit | user=jenkins1000 | ip=192.168.157.205 | op=SEND_HEARTBEAT {datanodeUUID=3a5f5f92-1fbc-4da9-891b-fb9af6a803f0, command=[]} | ret=SUCCESS |  
2019-08-20 19:42:02,342 | INFO  | SCMAudit | user=jenkins1000 | ip=192.168.157.205 | op=SEND_HEARTBEAT {datanodeUUID=a9286357-6b15-4043-a893-920ae835d3d2, command=[]} | ret=SUCCESS |  
2019-08-20 19:42:02,767 [grpc-default-executor-3] WARN  server.GrpcLogAppender (LogUtils.java:warn(134)) - 3a5f5f92-1fbc-4da9-891b-fb9af6a803f0->ee8f8b66-a0a6-4ed9-8105-e31fb13b4287: Failed appendEntries: org.apache.ratis.thirdparty.io.grpc.StatusRuntimeException: UNAVAILABLE: io exception
2019-08-20 19:42:02,767 [grpc-default-executor-3] INFO  impl.FollowerInfo (FollowerInfo.java:lambda$new$0(50)) - 3a5f5f92-1fbc-4da9-891b-fb9af6a803f0->ee8f8b66-a0a6-4ed9-8105-e31fb13b4287: nextIndex: updateUnconditionally 0 -> 0
2019-08-20 19:42:02,799 [grpc-default-executor-2] WARN  server.GrpcLogAppender (LogUtils.java:warn(134)) - 3a5f5f92-1fbc-4da9-891b-fb9af6a803f0->1eeec8c2-4c0f-4bc8-b0db-6391a5855575: Failed appendEntries: org.apache.ratis.thirdparty.io.grpc.StatusRuntimeException: UNAVAILABLE: io exception
2019-08-20 19:42:02,799 [grpc-default-executor-2] INFO  impl.FollowerInfo (FollowerInfo.java:lambda$new$0(50)) - 3a5f5f92-1fbc-4da9-891b-fb9af6a803f0->1eeec8c2-4c0f-4bc8-b0db-6391a5855575: nextIndex: updateUnconditionally 0 -> 0
2019-08-20 19:42:02,895 | INFO  | SCMAudit | user=jenkins1000 | ip=192.168.157.205 | op=SEND_HEARTBEAT {datanodeUUID=8109623e-cc10-4f33-b553-5cc878b10d85, command=[]} | ret=SUCCESS |  
2019-08-20 19:42:02,932 [Thread-501] INFO  impl.FollowerState (FollowerState.java:run(106)) - 3a5f5f92-1fbc-4da9-891b-fb9af6a803f0:group-4BD28E86B1A9 changes to CANDIDATE, lastRpcTime:1104, electionTimeout:1104ms
2019-08-20 19:42:02,932 [Thread-505] INFO  impl.FollowerState (FollowerState.java:run(106)) - 3a5f5f92-1fbc-4da9-891b-fb9af6a803f0:group-78F196AB2FA0 changes to CANDIDATE, lastRpcTime:1010, electionTimeout:1010ms
2019-08-20 19:42:02,932 [Thread-501] INFO  impl.RoleInfo (RoleInfo.java:shutdownFollowerState(121)) - 3a5f5f92-1fbc-4da9-891b-fb9af6a803f0: shutdown FollowerState
2019-08-20 19:42:02,932 [Thread-505] INFO  impl.RoleInfo (RoleInfo.java:shutdownFollowerState(121)) - 3a5f5f92-1fbc-4da9-891b-fb9af6a803f0: shutdown FollowerState
2019-08-20 19:42:02,932 [Thread-501] INFO  impl.RaftServerImpl (RaftServerImpl.java:setRole(171)) - 3a5f5f92-1fbc-4da9-891b-fb9af6a803f0:group-4BD28E86B1A9 changes role from FOLLOWER to CANDIDATE at term 4 for changeToCandidate
2019-08-20 19:42:02,932 [Thread-505] INFO  impl.RaftServerImpl (RaftServerImpl.java:setRole(171)) - 3a5f5f92-1fbc-4da9-891b-fb9af6a803f0:group-78F196AB2FA0 changes role from FOLLOWER to CANDIDATE at term 5 for changeToCandidate
2019-08-20 19:42:02,932 [Thread-501] INFO  impl.RoleInfo (RoleInfo.java:updateAndGet(143)) - 3a5f5f92-1fbc-4da9-891b-fb9af6a803f0: start LeaderElection
2019-08-20 19:42:02,932 [Thread-505] INFO  impl.RoleInfo (RoleInfo.java:updateAndGet(143)) - 3a5f5f92-1fbc-4da9-891b-fb9af6a803f0: start LeaderElection
2019-08-20 19:42:02,950 [3a5f5f92-1fbc-4da9-891b-fb9af6a803f0:group-78F196AB2FA0:LeaderElection24] INFO  impl.LeaderElection (LeaderElection.java:askForVotes(181)) - 3a5f5f92-1fbc-4da9-891b-fb9af6a803f0:group-78F196AB2FA0:LeaderElection24: begin an election at term 6 for 1: [1eeec8c2-4c0f-4bc8-b0db-6391a5855575:192.168.157.205:39192, 3a5f5f92-1fbc-4da9-891b-fb9af6a803f0:192.168.157.205:37319, ee8f8b66-a0a6-4ed9-8105-e31fb13b4287:192.168.157.205:44060], old=null
2019-08-20 19:42:02,950 [3a5f5f92-1fbc-4da9-891b-fb9af6a803f0:group-4BD28E86B1A9:LeaderElection23] INFO  impl.LeaderElection (LeaderElection.java:askForVotes(181)) - 3a5f5f92-1fbc-4da9-891b-fb9af6a803f0:group-4BD28E86B1A9:LeaderElection23: begin an election at term 5 for 0: [1eeec8c2-4c0f-4bc8-b0db-6391a5855575:192.168.157.205:39192, 3a5f5f92-1fbc-4da9-891b-fb9af6a803f0:192.168.157.205:37319, ee8f8b66-a0a6-4ed9-8105-e31fb13b4287:192.168.157.205:44060], old=null
2019-08-20 19:42:02,954 [3a5f5f92-1fbc-4da9-891b-fb9af6a803f0:group-4BD28E86B1A9:LeaderElection23] INFO  impl.LeaderElection (LogUtils.java:infoOrTrace(149)) - 3a5f5f92-1fbc-4da9-891b-fb9af6a803f0:group-4BD28E86B1A9:LeaderElection23 got exception when requesting votes: {}
java.util.concurrent.ExecutionException: org.apache.ratis.thirdparty.io.grpc.StatusRuntimeException: UNAVAILABLE: io exception
	at java.util.concurrent.FutureTask.report(FutureTask.java:122)
	at java.util.concurrent.FutureTask.get(FutureTask.java:192)
	at org.apache.ratis.server.impl.LeaderElection.waitForResults(LeaderElection.java:262)
	at org.apache.ratis.server.impl.LeaderElection.askForVotes(LeaderElection.java:200)
	at org.apache.ratis.server.impl.LeaderElection.run(LeaderElection.java:130)
	at java.lang.Thread.run(Thread.java:748)
Caused by: org.apache.ratis.thirdparty.io.grpc.StatusRuntimeException: UNAVAILABLE: io exception
	at org.apache.ratis.thirdparty.io.grpc.stub.ClientCalls.toStatusRuntimeException(ClientCalls.java:233)
	at org.apache.ratis.thirdparty.io.grpc.stub.ClientCalls.getUnchecked(ClientCalls.java:214)
	at org.apache.ratis.thirdparty.io.grpc.stub.ClientCalls.blockingUnaryCall(ClientCalls.java:139)
	at org.apache.ratis.proto.grpc.RaftServerProtocolServiceGrpc$RaftServerProtocolServiceBlockingStub.requestVote(RaftServerProtocolServiceGrpc.java:265)
	at org.apache.ratis.grpc.server.GrpcServerProtocolClient.requestVote(GrpcServerProtocolClient.java:83)
	at org.apache.ratis.grpc.server.GrpcService.requestVote(GrpcService.java:195)
	at org.apache.ratis.server.impl.LeaderElection.lambda$submitRequests$1(LeaderElection.java:237)
	at java.util.concurrent.FutureTask.run(FutureTask.java:266)
	at java.util.concurrent.Executors$RunnableAdapter.call(Executors.java:511)
	at java.util.concurrent.FutureTask.run(FutureTask.java:266)
	at java.util.concurrent.ThreadPoolExecutor.runWorker(ThreadPoolExecutor.java:1149)
	at java.util.concurrent.ThreadPoolExecutor$Worker.run(ThreadPoolExecutor.java:624)
	... 1 more
Caused by: org.apache.ratis.thirdparty.io.netty.channel.AbstractChannel$AnnotatedConnectException: Connection refused: /192.168.157.205:39192
	at sun.nio.ch.SocketChannelImpl.checkConnect(Native Method)
	at sun.nio.ch.SocketChannelImpl.finishConnect(SocketChannelImpl.java:717)
	at org.apache.ratis.thirdparty.io.netty.channel.socket.nio.NioSocketChannel.doFinishConnect(NioSocketChannel.java:327)
	at org.apache.ratis.thirdparty.io.netty.channel.nio.AbstractNioChannel$AbstractNioUnsafe.finishConnect(AbstractNioChannel.java:340)
	at org.apache.ratis.thirdparty.io.netty.channel.nio.NioEventLoop.processSelectedKey(NioEventLoop.java:632)
	at org.apache.ratis.thirdparty.io.netty.channel.nio.NioEventLoop.processSelectedKeysOptimized(NioEventLoop.java:579)
	at org.apache.ratis.thirdparty.io.netty.channel.nio.NioEventLoop.processSelectedKeys(NioEventLoop.java:496)
	at org.apache.ratis.thirdparty.io.netty.channel.nio.NioEventLoop.run(NioEventLoop.java:458)
	at org.apache.ratis.thirdparty.io.netty.util.concurrent.SingleThreadEventExecutor$5.run(SingleThreadEventExecutor.java:897)
	at org.apache.ratis.thirdparty.io.netty.util.concurrent.FastThreadLocalRunnable.run(FastThreadLocalRunnable.java:30)
	... 1 more
Caused by: java.net.ConnectException: Connection refused
	... 11 more
2019-08-20 19:42:02,954 [3a5f5f92-1fbc-4da9-891b-fb9af6a803f0:group-78F196AB2FA0:LeaderElection24] INFO  impl.LeaderElection (LogUtils.java:infoOrTrace(149)) - 3a5f5f92-1fbc-4da9-891b-fb9af6a803f0:group-78F196AB2FA0:LeaderElection24 got exception when requesting votes: {}
java.util.concurrent.ExecutionException: org.apache.ratis.thirdparty.io.grpc.StatusRuntimeException: UNAVAILABLE: io exception
	at java.util.concurrent.FutureTask.report(FutureTask.java:122)
	at java.util.concurrent.FutureTask.get(FutureTask.java:192)
	at org.apache.ratis.server.impl.LeaderElection.waitForResults(LeaderElection.java:262)
	at org.apache.ratis.server.impl.LeaderElection.askForVotes(LeaderElection.java:200)
	at org.apache.ratis.server.impl.LeaderElection.run(LeaderElection.java:130)
	at java.lang.Thread.run(Thread.java:748)
Caused by: org.apache.ratis.thirdparty.io.grpc.StatusRuntimeException: UNAVAILABLE: io exception
	at org.apache.ratis.thirdparty.io.grpc.stub.ClientCalls.toStatusRuntimeException(ClientCalls.java:233)
	at org.apache.ratis.thirdparty.io.grpc.stub.ClientCalls.getUnchecked(ClientCalls.java:214)
	at org.apache.ratis.thirdparty.io.grpc.stub.ClientCalls.blockingUnaryCall(ClientCalls.java:139)
	at org.apache.ratis.proto.grpc.RaftServerProtocolServiceGrpc$RaftServerProtocolServiceBlockingStub.requestVote(RaftServerProtocolServiceGrpc.java:265)
	at org.apache.ratis.grpc.server.GrpcServerProtocolClient.requestVote(GrpcServerProtocolClient.java:83)
	at org.apache.ratis.grpc.server.GrpcService.requestVote(GrpcService.java:195)
	at org.apache.ratis.server.impl.LeaderElection.lambda$submitRequests$1(LeaderElection.java:237)
	at java.util.concurrent.FutureTask.run(FutureTask.java:266)
	at java.util.concurrent.Executors$RunnableAdapter.call(Executors.java:511)
	at java.util.concurrent.FutureTask.run(FutureTask.java:266)
	at java.util.concurrent.ThreadPoolExecutor.runWorker(ThreadPoolExecutor.java:1149)
	at java.util.concurrent.ThreadPoolExecutor$Worker.run(ThreadPoolExecutor.java:624)
	... 1 more
Caused by: org.apache.ratis.thirdparty.io.netty.channel.AbstractChannel$AnnotatedConnectException: Connection refused: /192.168.157.205:39192
	at sun.nio.ch.SocketChannelImpl.checkConnect(Native Method)
	at sun.nio.ch.SocketChannelImpl.finishConnect(SocketChannelImpl.java:717)
	at org.apache.ratis.thirdparty.io.netty.channel.socket.nio.NioSocketChannel.doFinishConnect(NioSocketChannel.java:327)
	at org.apache.ratis.thirdparty.io.netty.channel.nio.AbstractNioChannel$AbstractNioUnsafe.finishConnect(AbstractNioChannel.java:340)
	at org.apache.ratis.thirdparty.io.netty.channel.nio.NioEventLoop.processSelectedKey(NioEventLoop.java:632)
	at org.apache.ratis.thirdparty.io.netty.channel.nio.NioEventLoop.processSelectedKeysOptimized(NioEventLoop.java:579)
	at org.apache.ratis.thirdparty.io.netty.channel.nio.NioEventLoop.processSelectedKeys(NioEventLoop.java:496)
	at org.apache.ratis.thirdparty.io.netty.channel.nio.NioEventLoop.run(NioEventLoop.java:458)
	at org.apache.ratis.thirdparty.io.netty.util.concurrent.SingleThreadEventExecutor$5.run(SingleThreadEventExecutor.java:897)
	at org.apache.ratis.thirdparty.io.netty.util.concurrent.FastThreadLocalRunnable.run(FastThreadLocalRunnable.java:30)
	... 1 more
Caused by: java.net.ConnectException: Connection refused
	... 11 more
2019-08-20 19:42:02,957 [3a5f5f92-1fbc-4da9-891b-fb9af6a803f0:group-4BD28E86B1A9:LeaderElection23] INFO  impl.LeaderElection (LogUtils.java:infoOrTrace(149)) - 3a5f5f92-1fbc-4da9-891b-fb9af6a803f0:group-4BD28E86B1A9:LeaderElection23 got exception when requesting votes: {}
java.util.concurrent.ExecutionException: org.apache.ratis.thirdparty.io.grpc.StatusRuntimeException: UNAVAILABLE: io exception
	at java.util.concurrent.FutureTask.report(FutureTask.java:122)
	at java.util.concurrent.FutureTask.get(FutureTask.java:192)
	at org.apache.ratis.server.impl.LeaderElection.waitForResults(LeaderElection.java:262)
	at org.apache.ratis.server.impl.LeaderElection.askForVotes(LeaderElection.java:200)
	at org.apache.ratis.server.impl.LeaderElection.run(LeaderElection.java:130)
	at java.lang.Thread.run(Thread.java:748)
Caused by: org.apache.ratis.thirdparty.io.grpc.StatusRuntimeException: UNAVAILABLE: io exception
	at org.apache.ratis.thirdparty.io.grpc.stub.ClientCalls.toStatusRuntimeException(ClientCalls.java:233)
	at org.apache.ratis.thirdparty.io.grpc.stub.ClientCalls.getUnchecked(ClientCalls.java:214)
	at org.apache.ratis.thirdparty.io.grpc.stub.ClientCalls.blockingUnaryCall(ClientCalls.java:139)
	at org.apache.ratis.proto.grpc.RaftServerProtocolServiceGrpc$RaftServerProtocolServiceBlockingStub.requestVote(RaftServerProtocolServiceGrpc.java:265)
	at org.apache.ratis.grpc.server.GrpcServerProtocolClient.requestVote(GrpcServerProtocolClient.java:83)
	at org.apache.ratis.grpc.server.GrpcService.requestVote(GrpcService.java:195)
	at org.apache.ratis.server.impl.LeaderElection.lambda$submitRequests$1(LeaderElection.java:237)
	at java.util.concurrent.FutureTask.run(FutureTask.java:266)
	at java.util.concurrent.Executors$RunnableAdapter.call(Executors.java:511)
	at java.util.concurrent.FutureTask.run(FutureTask.java:266)
	at java.util.concurrent.ThreadPoolExecutor.runWorker(ThreadPoolExecutor.java:1149)
	at java.util.concurrent.ThreadPoolExecutor$Worker.run(ThreadPoolExecutor.java:624)
	... 1 more
Caused by: org.apache.ratis.thirdparty.io.netty.channel.AbstractChannel$AnnotatedConnectException: Connection refused: /192.168.157.205:44060
	at sun.nio.ch.SocketChannelImpl.checkConnect(Native Method)
	at sun.nio.ch.SocketChannelImpl.finishConnect(SocketChannelImpl.java:717)
	at org.apache.ratis.thirdparty.io.netty.channel.socket.nio.NioSocketChannel.doFinishConnect(NioSocketChannel.java:327)
	at org.apache.ratis.thirdparty.io.netty.channel.nio.AbstractNioChannel$AbstractNioUnsafe.finishConnect(AbstractNioChannel.java:340)
	at org.apache.ratis.thirdparty.io.netty.channel.nio.NioEventLoop.processSelectedKey(NioEventLoop.java:632)
	at org.apache.ratis.thirdparty.io.netty.channel.nio.NioEventLoop.processSelectedKeysOptimized(NioEventLoop.java:579)
	at org.apache.ratis.thirdparty.io.netty.channel.nio.NioEventLoop.processSelectedKeys(NioEventLoop.java:496)
	at org.apache.ratis.thirdparty.io.netty.channel.nio.NioEventLoop.run(NioEventLoop.java:458)
	at org.apache.ratis.thirdparty.io.netty.util.concurrent.SingleThreadEventExecutor$5.run(SingleThreadEventExecutor.java:897)
	at org.apache.ratis.thirdparty.io.netty.util.concurrent.FastThreadLocalRunnable.run(FastThreadLocalRunnable.java:30)
	... 1 more
Caused by: java.net.ConnectException: Connection refused
	... 11 more
2019-08-20 19:42:02,960 [3a5f5f92-1fbc-4da9-891b-fb9af6a803f0:group-78F196AB2FA0:LeaderElection24] INFO  impl.LeaderElection (LogUtils.java:infoOrTrace(149)) - 3a5f5f92-1fbc-4da9-891b-fb9af6a803f0:group-78F196AB2FA0:LeaderElection24 got exception when requesting votes: {}
java.util.concurrent.ExecutionException: org.apache.ratis.thirdparty.io.grpc.StatusRuntimeException: UNAVAILABLE: io exception
	at java.util.concurrent.FutureTask.report(FutureTask.java:122)
	at java.util.concurrent.FutureTask.get(FutureTask.java:192)
	at org.apache.ratis.server.impl.LeaderElection.waitForResults(LeaderElection.java:262)
	at org.apache.ratis.server.impl.LeaderElection.askForVotes(LeaderElection.java:200)
	at org.apache.ratis.server.impl.LeaderElection.run(LeaderElection.java:130)
	at java.lang.Thread.run(Thread.java:748)
Caused by: org.apache.ratis.thirdparty.io.grpc.StatusRuntimeException: UNAVAILABLE: io exception
	at org.apache.ratis.thirdparty.io.grpc.stub.ClientCalls.toStatusRuntimeException(ClientCalls.java:233)
	at org.apache.ratis.thirdparty.io.grpc.stub.ClientCalls.getUnchecked(ClientCalls.java:214)
	at org.apache.ratis.thirdparty.io.grpc.stub.ClientCalls.blockingUnaryCall(ClientCalls.java:139)
	at org.apache.ratis.proto.grpc.RaftServerProtocolServiceGrpc$RaftServerProtocolServiceBlockingStub.requestVote(RaftServerProtocolServiceGrpc.java:265)
	at org.apache.ratis.grpc.server.GrpcServerProtocolClient.requestVote(GrpcServerProtocolClient.java:83)
	at org.apache.ratis.grpc.server.GrpcService.requestVote(GrpcService.java:195)
	at org.apache.ratis.server.impl.LeaderElection.lambda$submitRequests$1(LeaderElection.java:237)
	at java.util.concurrent.FutureTask.run(FutureTask.java:266)
	at java.util.concurrent.Executors$RunnableAdapter.call(Executors.java:511)
	at java.util.concurrent.FutureTask.run(FutureTask.java:266)
	at java.util.concurrent.ThreadPoolExecutor.runWorker(ThreadPoolExecutor.java:1149)
	at java.util.concurrent.ThreadPoolExecutor$Worker.run(ThreadPoolExecutor.java:624)
	... 1 more
Caused by: org.apache.ratis.thirdparty.io.netty.channel.AbstractChannel$AnnotatedConnectException: Connection refused: /192.168.157.205:44060
	at sun.nio.ch.SocketChannelImpl.checkConnect(Native Method)
	at sun.nio.ch.SocketChannelImpl.finishConnect(SocketChannelImpl.java:717)
	at org.apache.ratis.thirdparty.io.netty.channel.socket.nio.NioSocketChannel.doFinishConnect(NioSocketChannel.java:327)
	at org.apache.ratis.thirdparty.io.netty.channel.nio.AbstractNioChannel$AbstractNioUnsafe.finishConnect(AbstractNioChannel.java:340)
	at org.apache.ratis.thirdparty.io.netty.channel.nio.NioEventLoop.processSelectedKey(NioEventLoop.java:632)
	at org.apache.ratis.thirdparty.io.netty.channel.nio.NioEventLoop.processSelectedKeysOptimized(NioEventLoop.java:579)
	at org.apache.ratis.thirdparty.io.netty.channel.nio.NioEventLoop.processSelectedKeys(NioEventLoop.java:496)
	at org.apache.ratis.thirdparty.io.netty.channel.nio.NioEventLoop.run(NioEventLoop.java:458)
	at org.apache.ratis.thirdparty.io.netty.util.concurrent.SingleThreadEventExecutor$5.run(SingleThreadEventExecutor.java:897)
	at org.apache.ratis.thirdparty.io.netty.util.concurrent.FastThreadLocalRunnable.run(FastThreadLocalRunnable.java:30)
	... 1 more
Caused by: java.net.ConnectException: Connection refused
	... 11 more
2019-08-20 19:42:02,963 [3a5f5f92-1fbc-4da9-891b-fb9af6a803f0:group-4BD28E86B1A9:LeaderElection23] INFO  impl.LeaderElection (LeaderElection.java:logAndReturn(56)) - 3a5f5f92-1fbc-4da9-891b-fb9af6a803f0:group-4BD28E86B1A9:LeaderElection23: Election REJECTED; received 0 response(s) [] and 2 exception(s); 3a5f5f92-1fbc-4da9-891b-fb9af6a803f0:t5, leader=null, voted=3a5f5f92-1fbc-4da9-891b-fb9af6a803f0, raftlog=3a5f5f92-1fbc-4da9-891b-fb9af6a803f0-SegmentedRaftLog:OPENED:c0,f0,i0, conf=0: [1eeec8c2-4c0f-4bc8-b0db-6391a5855575:192.168.157.205:39192, 3a5f5f92-1fbc-4da9-891b-fb9af6a803f0:192.168.157.205:37319, ee8f8b66-a0a6-4ed9-8105-e31fb13b4287:192.168.157.205:44060], old=null
2019-08-20 19:42:02,967 [3a5f5f92-1fbc-4da9-891b-fb9af6a803f0:group-78F196AB2FA0:LeaderElection24] INFO  impl.LeaderElection (LeaderElection.java:logAndReturn(56)) - 3a5f5f92-1fbc-4da9-891b-fb9af6a803f0:group-78F196AB2FA0:LeaderElection24: Election REJECTED; received 0 response(s) [] and 2 exception(s); 3a5f5f92-1fbc-4da9-891b-fb9af6a803f0:t6, leader=null, voted=3a5f5f92-1fbc-4da9-891b-fb9af6a803f0, raftlog=3a5f5f92-1fbc-4da9-891b-fb9af6a803f0-SegmentedRaftLog:OPENED:c2,f2,i2, conf=1: [1eeec8c2-4c0f-4bc8-b0db-6391a5855575:192.168.157.205:39192, 3a5f5f92-1fbc-4da9-891b-fb9af6a803f0:192.168.157.205:37319, ee8f8b66-a0a6-4ed9-8105-e31fb13b4287:192.168.157.205:44060], old=null
2019-08-20 19:42:02,967 [3a5f5f92-1fbc-4da9-891b-fb9af6a803f0:group-4BD28E86B1A9:LeaderElection23] INFO  impl.LeaderElection (LogUtils.java:infoOrTrace(149)) -   Exception 0: {}
java.util.concurrent.ExecutionException: org.apache.ratis.thirdparty.io.grpc.StatusRuntimeException: UNAVAILABLE: io exception
	at java.util.concurrent.FutureTask.report(FutureTask.java:122)
	at java.util.concurrent.FutureTask.get(FutureTask.java:192)
	at org.apache.ratis.server.impl.LeaderElection.waitForResults(LeaderElection.java:262)
	at org.apache.ratis.server.impl.LeaderElection.askForVotes(LeaderElection.java:200)
	at org.apache.ratis.server.impl.LeaderElection.run(LeaderElection.java:130)
	at java.lang.Thread.run(Thread.java:748)
Caused by: org.apache.ratis.thirdparty.io.grpc.StatusRuntimeException: UNAVAILABLE: io exception
	at org.apache.ratis.thirdparty.io.grpc.stub.ClientCalls.toStatusRuntimeException(ClientCalls.java:233)
	at org.apache.ratis.thirdparty.io.grpc.stub.ClientCalls.getUnchecked(ClientCalls.java:214)
	at org.apache.ratis.thirdparty.io.grpc.stub.ClientCalls.blockingUnaryCall(ClientCalls.java:139)
	at org.apache.ratis.proto.grpc.RaftServerProtocolServiceGrpc$RaftServerProtocolServiceBlockingStub.requestVote(RaftServerProtocolServiceGrpc.java:265)
	at org.apache.ratis.grpc.server.GrpcServerProtocolClient.requestVote(GrpcServerProtocolClient.java:83)
	at org.apache.ratis.grpc.server.GrpcService.requestVote(GrpcService.java:195)
	at org.apache.ratis.server.impl.LeaderElection.lambda$submitRequests$1(LeaderElection.java:237)
	at java.util.concurrent.FutureTask.run(FutureTask.java:266)
	at java.util.concurrent.Executors$RunnableAdapter.call(Executors.java:511)
	at java.util.concurrent.FutureTask.run(FutureTask.java:266)
	at java.util.concurrent.ThreadPoolExecutor.runWorker(ThreadPoolExecutor.java:1149)
	at java.util.concurrent.ThreadPoolExecutor$Worker.run(ThreadPoolExecutor.java:624)
	... 1 more
Caused by: org.apache.ratis.thirdparty.io.netty.channel.AbstractChannel$AnnotatedConnectException: Connection refused: /192.168.157.205:39192
	at sun.nio.ch.SocketChannelImpl.checkConnect(Native Method)
	at sun.nio.ch.SocketChannelImpl.finishConnect(SocketChannelImpl.java:717)
	at org.apache.ratis.thirdparty.io.netty.channel.socket.nio.NioSocketChannel.doFinishConnect(NioSocketChannel.java:327)
	at org.apache.ratis.thirdparty.io.netty.channel.nio.AbstractNioChannel$AbstractNioUnsafe.finishConnect(AbstractNioChannel.java:340)
	at org.apache.ratis.thirdparty.io.netty.channel.nio.NioEventLoop.processSelectedKey(NioEventLoop.java:632)
	at org.apache.ratis.thirdparty.io.netty.channel.nio.NioEventLoop.processSelectedKeysOptimized(NioEventLoop.java:579)
	at org.apache.ratis.thirdparty.io.netty.channel.nio.NioEventLoop.processSelectedKeys(NioEventLoop.java:496)
	at org.apache.ratis.thirdparty.io.netty.channel.nio.NioEventLoop.run(NioEventLoop.java:458)
	at org.apache.ratis.thirdparty.io.netty.util.concurrent.SingleThreadEventExecutor$5.run(SingleThreadEventExecutor.java:897)
	at org.apache.ratis.thirdparty.io.netty.util.concurrent.FastThreadLocalRunnable.run(FastThreadLocalRunnable.java:30)
	... 1 more
Caused by: java.net.ConnectException: Connection refused
	... 11 more
2019-08-20 19:42:02,968 [3a5f5f92-1fbc-4da9-891b-fb9af6a803f0:group-78F196AB2FA0:LeaderElection24] INFO  impl.LeaderElection (LogUtils.java:infoOrTrace(149)) -   Exception 0: {}
java.util.concurrent.ExecutionException: org.apache.ratis.thirdparty.io.grpc.StatusRuntimeException: UNAVAILABLE: io exception
	at java.util.concurrent.FutureTask.report(FutureTask.java:122)
	at java.util.concurrent.FutureTask.get(FutureTask.java:192)
	at org.apache.ratis.server.impl.LeaderElection.waitForResults(LeaderElection.java:262)
	at org.apache.ratis.server.impl.LeaderElection.askForVotes(LeaderElection.java:200)
	at org.apache.ratis.server.impl.LeaderElection.run(LeaderElection.java:130)
	at java.lang.Thread.run(Thread.java:748)
Caused by: org.apache.ratis.thirdparty.io.grpc.StatusRuntimeException: UNAVAILABLE: io exception
	at org.apache.ratis.thirdparty.io.grpc.stub.ClientCalls.toStatusRuntimeException(ClientCalls.java:233)
	at org.apache.ratis.thirdparty.io.grpc.stub.ClientCalls.getUnchecked(ClientCalls.java:214)
	at org.apache.ratis.thirdparty.io.grpc.stub.ClientCalls.blockingUnaryCall(ClientCalls.java:139)
	at org.apache.ratis.proto.grpc.RaftServerProtocolServiceGrpc$RaftServerProtocolServiceBlockingStub.requestVote(RaftServerProtocolServiceGrpc.java:265)
	at org.apache.ratis.grpc.server.GrpcServerProtocolClient.requestVote(GrpcServerProtocolClient.java:83)
	at org.apache.ratis.grpc.server.GrpcService.requestVote(GrpcService.java:195)
	at org.apache.ratis.server.impl.LeaderElection.lambda$submitRequests$1(LeaderElection.java:237)
	at java.util.concurrent.FutureTask.run(FutureTask.java:266)
	at java.util.concurrent.Executors$RunnableAdapter.call(Executors.java:511)
	at java.util.concurrent.FutureTask.run(FutureTask.java:266)
	at java.util.concurrent.ThreadPoolExecutor.runWorker(ThreadPoolExecutor.java:1149)
	at java.util.concurrent.ThreadPoolExecutor$Worker.run(ThreadPoolExecutor.java:624)
	... 1 more
Caused by: org.apache.ratis.thirdparty.io.netty.channel.AbstractChannel$AnnotatedConnectException: Connection refused: /192.168.157.205:39192
	at sun.nio.ch.SocketChannelImpl.checkConnect(Native Method)
	at sun.nio.ch.SocketChannelImpl.finishConnect(SocketChannelImpl.java:717)
	at org.apache.ratis.thirdparty.io.netty.channel.socket.nio.NioSocketChannel.doFinishConnect(NioSocketChannel.java:327)
	at org.apache.ratis.thirdparty.io.netty.channel.nio.AbstractNioChannel$AbstractNioUnsafe.finishConnect(AbstractNioChannel.java:340)
	at org.apache.ratis.thirdparty.io.netty.channel.nio.NioEventLoop.processSelectedKey(NioEventLoop.java:632)
	at org.apache.ratis.thirdparty.io.netty.channel.nio.NioEventLoop.processSelectedKeysOptimized(NioEventLoop.java:579)
	at org.apache.ratis.thirdparty.io.netty.channel.nio.NioEventLoop.processSelectedKeys(NioEventLoop.java:496)
	at org.apache.ratis.thirdparty.io.netty.channel.nio.NioEventLoop.run(NioEventLoop.java:458)
	at org.apache.ratis.thirdparty.io.netty.util.concurrent.SingleThreadEventExecutor$5.run(SingleThreadEventExecutor.java:897)
	at org.apache.ratis.thirdparty.io.netty.util.concurrent.FastThreadLocalRunnable.run(FastThreadLocalRunnable.java:30)
	... 1 more
Caused by: java.net.ConnectException: Connection refused
	... 11 more
2019-08-20 19:42:02,969 [3a5f5f92-1fbc-4da9-891b-fb9af6a803f0:group-4BD28E86B1A9:LeaderElection23] INFO  impl.LeaderElection (LogUtils.java:infoOrTrace(149)) -   Exception 1: {}
java.util.concurrent.ExecutionException: org.apache.ratis.thirdparty.io.grpc.StatusRuntimeException: UNAVAILABLE: io exception
	at java.util.concurrent.FutureTask.report(FutureTask.java:122)
	at java.util.concurrent.FutureTask.get(FutureTask.java:192)
	at org.apache.ratis.server.impl.LeaderElection.waitForResults(LeaderElection.java:262)
	at org.apache.ratis.server.impl.LeaderElection.askForVotes(LeaderElection.java:200)
	at org.apache.ratis.server.impl.LeaderElection.run(LeaderElection.java:130)
	at java.lang.Thread.run(Thread.java:748)
Caused by: org.apache.ratis.thirdparty.io.grpc.StatusRuntimeException: UNAVAILABLE: io exception
	at org.apache.ratis.thirdparty.io.grpc.stub.ClientCalls.toStatusRuntimeException(ClientCalls.java:233)
	at org.apache.ratis.thirdparty.io.grpc.stub.ClientCalls.getUnchecked(ClientCalls.java:214)
	at org.apache.ratis.thirdparty.io.grpc.stub.ClientCalls.blockingUnaryCall(ClientCalls.java:139)
	at org.apache.ratis.proto.grpc.RaftServerProtocolServiceGrpc$RaftServerProtocolServiceBlockingStub.requestVote(RaftServerProtocolServiceGrpc.java:265)
	at org.apache.ratis.grpc.server.GrpcServerProtocolClient.requestVote(GrpcServerProtocolClient.java:83)
	at org.apache.ratis.grpc.server.GrpcService.requestVote(GrpcService.java:195)
	at org.apache.ratis.server.impl.LeaderElection.lambda$submitRequests$1(LeaderElection.java:237)
	at java.util.concurrent.FutureTask.run(FutureTask.java:266)
	at java.util.concurrent.Executors$RunnableAdapter.call(Executors.java:511)
	at java.util.concurrent.FutureTask.run(FutureTask.java:266)
	at java.util.concurrent.ThreadPoolExecutor.runWorker(ThreadPoolExecutor.java:1149)
	at java.util.concurrent.ThreadPoolExecutor$Worker.run(ThreadPoolExecutor.java:624)
	... 1 more
Caused by: org.apache.ratis.thirdparty.io.netty.channel.AbstractChannel$AnnotatedConnectException: Connection refused: /192.168.157.205:44060
	at sun.nio.ch.SocketChannelImpl.checkConnect(Native Method)
	at sun.nio.ch.SocketChannelImpl.finishConnect(SocketChannelImpl.java:717)
	at org.apache.ratis.thirdparty.io.netty.channel.socket.nio.NioSocketChannel.doFinishConnect(NioSocketChannel.java:327)
	at org.apache.ratis.thirdparty.io.netty.channel.nio.AbstractNioChannel$AbstractNioUnsafe.finishConnect(AbstractNioChannel.java:340)
	at org.apache.ratis.thirdparty.io.netty.channel.nio.NioEventLoop.processSelectedKey(NioEventLoop.java:632)
	at org.apache.ratis.thirdparty.io.netty.channel.nio.NioEventLoop.processSelectedKeysOptimized(NioEventLoop.java:579)
	at org.apache.ratis.thirdparty.io.netty.channel.nio.NioEventLoop.processSelectedKeys(NioEventLoop.java:496)
	at org.apache.ratis.thirdparty.io.netty.channel.nio.NioEventLoop.run(NioEventLoop.java:458)
	at org.apache.ratis.thirdparty.io.netty.util.concurrent.SingleThreadEventExecutor$5.run(SingleThreadEventExecutor.java:897)
	at org.apache.ratis.thirdparty.io.netty.util.concurrent.FastThreadLocalRunnable.run(FastThreadLocalRunnable.java:30)
	... 1 more
Caused by: java.net.ConnectException: Connection refused
	... 11 more
2019-08-20 19:42:02,969 [3a5f5f92-1fbc-4da9-891b-fb9af6a803f0:group-78F196AB2FA0:LeaderElection24] INFO  impl.LeaderElection (LogUtils.java:infoOrTrace(149)) -   Exception 1: {}
java.util.concurrent.ExecutionException: org.apache.ratis.thirdparty.io.grpc.StatusRuntimeException: UNAVAILABLE: io exception
	at java.util.concurrent.FutureTask.report(FutureTask.java:122)
	at java.util.concurrent.FutureTask.get(FutureTask.java:192)
	at org.apache.ratis.server.impl.LeaderElection.waitForResults(LeaderElection.java:262)
	at org.apache.ratis.server.impl.LeaderElection.askForVotes(LeaderElection.java:200)
	at org.apache.ratis.server.impl.LeaderElection.run(LeaderElection.java:130)
	at java.lang.Thread.run(Thread.java:748)
Caused by: org.apache.ratis.thirdparty.io.grpc.StatusRuntimeException: UNAVAILABLE: io exception
	at org.apache.ratis.thirdparty.io.grpc.stub.ClientCalls.toStatusRuntimeException(ClientCalls.java:233)
	at org.apache.ratis.thirdparty.io.grpc.stub.ClientCalls.getUnchecked(ClientCalls.java:214)
	at org.apache.ratis.thirdparty.io.grpc.stub.ClientCalls.blockingUnaryCall(ClientCalls.java:139)
	at org.apache.ratis.proto.grpc.RaftServerProtocolServiceGrpc$RaftServerProtocolServiceBlockingStub.requestVote(RaftServerProtocolServiceGrpc.java:265)
	at org.apache.ratis.grpc.server.GrpcServerProtocolClient.requestVote(GrpcServerProtocolClient.java:83)
	at org.apache.ratis.grpc.server.GrpcService.requestVote(GrpcService.java:195)
	at org.apache.ratis.server.impl.LeaderElection.lambda$submitRequests$1(LeaderElection.java:237)
	at java.util.concurrent.FutureTask.run(FutureTask.java:266)
	at java.util.concurrent.Executors$RunnableAdapter.call(Executors.java:511)
	at java.util.concurrent.FutureTask.run(FutureTask.java:266)
	at java.util.concurrent.ThreadPoolExecutor.runWorker(ThreadPoolExecutor.java:1149)
	at java.util.concurrent.ThreadPoolExecutor$Worker.run(ThreadPoolExecutor.java:624)
	... 1 more
Caused by: org.apache.ratis.thirdparty.io.netty.channel.AbstractChannel$AnnotatedConnectException: Connection refused: /192.168.157.205:44060
	at sun.nio.ch.SocketChannelImpl.checkConnect(Native Method)
	at sun.nio.ch.SocketChannelImpl.finishConnect(SocketChannelImpl.java:717)
	at org.apache.ratis.thirdparty.io.netty.channel.socket.nio.NioSocketChannel.doFinishConnect(NioSocketChannel.java:327)
	at org.apache.ratis.thirdparty.io.netty.channel.nio.AbstractNioChannel$AbstractNioUnsafe.finishConnect(AbstractNioChannel.java:340)
	at org.apache.ratis.thirdparty.io.netty.channel.nio.NioEventLoop.processSelectedKey(NioEventLoop.java:632)
	at org.apache.ratis.thirdparty.io.netty.channel.nio.NioEventLoop.processSelectedKeysOptimized(NioEventLoop.java:579)
	at org.apache.ratis.thirdparty.io.netty.channel.nio.NioEventLoop.processSelectedKeys(NioEventLoop.java:496)
	at org.apache.ratis.thirdparty.io.netty.channel.nio.NioEventLoop.run(NioEventLoop.java:458)
	at org.apache.ratis.thirdparty.io.netty.util.concurrent.SingleThreadEventExecutor$5.run(SingleThreadEventExecutor.java:897)
	at org.apache.ratis.thirdparty.io.netty.util.concurrent.FastThreadLocalRunnable.run(FastThreadLocalRunnable.java:30)
	... 1 more
Caused by: java.net.ConnectException: Connection refused
	... 11 more
2019-08-20 19:42:02,970 [3a5f5f92-1fbc-4da9-891b-fb9af6a803f0:group-4BD28E86B1A9:LeaderElection23] INFO  impl.RaftServerImpl (RaftServerImpl.java:setRole(171)) - 3a5f5f92-1fbc-4da9-891b-fb9af6a803f0:group-4BD28E86B1A9 changes role from CANDIDATE to FOLLOWER at term 5 for DISCOVERED_A_NEW_TERM
2019-08-20 19:42:02,971 [3a5f5f92-1fbc-4da9-891b-fb9af6a803f0:group-78F196AB2FA0:LeaderElection24] INFO  impl.RaftServerImpl (RaftServerImpl.java:setRole(171)) - 3a5f5f92-1fbc-4da9-891b-fb9af6a803f0:group-78F196AB2FA0 changes role from CANDIDATE to FOLLOWER at term 6 for DISCOVERED_A_NEW_TERM
2019-08-20 19:42:02,971 [3a5f5f92-1fbc-4da9-891b-fb9af6a803f0:group-4BD28E86B1A9:LeaderElection23] INFO  impl.RoleInfo (RoleInfo.java:shutdownLeaderElection(134)) - 3a5f5f92-1fbc-4da9-891b-fb9af6a803f0: shutdown LeaderElection
2019-08-20 19:42:02,971 [3a5f5f92-1fbc-4da9-891b-fb9af6a803f0:group-78F196AB2FA0:LeaderElection24] INFO  impl.RoleInfo (RoleInfo.java:shutdownLeaderElection(134)) - 3a5f5f92-1fbc-4da9-891b-fb9af6a803f0: shutdown LeaderElection
2019-08-20 19:42:02,971 [3a5f5f92-1fbc-4da9-891b-fb9af6a803f0:group-4BD28E86B1A9:LeaderElection23] INFO  impl.RoleInfo (RoleInfo.java:updateAndGet(143)) - 3a5f5f92-1fbc-4da9-891b-fb9af6a803f0: start FollowerState
2019-08-20 19:42:02,971 [3a5f5f92-1fbc-4da9-891b-fb9af6a803f0:group-78F196AB2FA0:LeaderElection24] INFO  impl.RoleInfo (RoleInfo.java:updateAndGet(143)) - 3a5f5f92-1fbc-4da9-891b-fb9af6a803f0: start FollowerState
2019-08-20 19:42:03,101 | INFO  | SCMAudit | user=jenkins1000 | ip=192.168.157.205 | op=SEND_HEARTBEAT {datanodeUUID=2bc3458d-469e-4a51-8672-7abe5768ce0e, command=[]} | ret=SUCCESS |  
2019-08-20 19:42:03,215 [ForkJoinPool.commonPool-worker-0] INFO  ozoneimpl.OzoneContainer (OzoneContainer.java:stop(199)) - Attempting to stop container services.
2019-08-20 19:42:03,215 [ForkJoinPool.commonPool-worker-0] INFO  impl.RaftServerProxy (RaftServerProxy.java:lambda$close$4(314)) - 0ddcad73-dd47-4236-bfae-d514011a99c3: close
2019-08-20 19:42:03,216 [ForkJoinPool.commonPool-worker-0] INFO  impl.RaftServerImpl (RaftServerImpl.java:lambda$shutdown$3(245)) - 0ddcad73-dd47-4236-bfae-d514011a99c3: shutdown group-30BC8F6A2A35
2019-08-20 19:42:03,216 [ForkJoinPool.commonPool-worker-0] INFO  util.JmxRegister (JmxRegister.java:unregister(73)) - Successfully un-registered JMX Bean with object name Ratis:service=RaftServer,group=group-30BC8F6A2A35,id=0ddcad73-dd47-4236-bfae-d514011a99c3
2019-08-20 19:42:03,216 [ForkJoinPool.commonPool-worker-0] INFO  impl.RoleInfo (RoleInfo.java:shutdownLeaderState(104)) - 0ddcad73-dd47-4236-bfae-d514011a99c3: shutdown LeaderState
2019-08-20 19:42:03,216 [ForkJoinPool.commonPool-worker-0] INFO  impl.PendingRequests (PendingRequests.java:sendNotLeaderResponses(202)) - 0ddcad73-dd47-4236-bfae-d514011a99c3-PendingRequests: sendNotLeaderResponses
2019-08-20 19:42:03,216 [ForkJoinPool.commonPool-worker-0] INFO  impl.StateMachineUpdater (StateMachineUpdater.java:stopAndJoin(115)) - StateMachineUpdater:0ddcad73-dd47-4236-bfae-d514011a99c3:group-30BC8F6A2A35: set stopIndex = 0
2019-08-20 19:42:03,217 [ForkJoinPool.commonPool-worker-0] INFO  impl.RaftServerImpl (ServerState.java:close(394)) - 0ddcad73-dd47-4236-bfae-d514011a99c3:group-30BC8F6A2A35 closes. The last applied log index is 0
2019-08-20 19:42:03,217 [0ddcad73-dd47-4236-bfae-d514011a99c3-SegmentedRaftLogWorker:Storage Directory /workdir/hadoop-ozone/integration-test/target/test-dir/MiniOzoneClusterImpl-e13e4b4c-a51c-41ed-96f1-bc31a3706be2/datanode-4/data/ratis/959210a8-235f-4bb8-b2be-30bc8f6a2a35] INFO  segmented.SegmentedRaftLogWorker (SegmentedRaftLogWorker.java:run(313)) - 0ddcad73-dd47-4236-bfae-d514011a99c3-SegmentedRaftLogWorker:Storage Directory /workdir/hadoop-ozone/integration-test/target/test-dir/MiniOzoneClusterImpl-e13e4b4c-a51c-41ed-96f1-bc31a3706be2/datanode-4/data/ratis/959210a8-235f-4bb8-b2be-30bc8f6a2a35 was interrupted, exiting. There are 0 tasks remaining in the queue.
2019-08-20 19:42:03,217 [ForkJoinPool.commonPool-worker-0] INFO  segmented.SegmentedRaftLogWorker (SegmentedRaftLogWorker.java:close(228)) - 0ddcad73-dd47-4236-bfae-d514011a99c3-SegmentedRaftLogWorker:Storage Directory /workdir/hadoop-ozone/integration-test/target/test-dir/MiniOzoneClusterImpl-e13e4b4c-a51c-41ed-96f1-bc31a3706be2/datanode-4/data/ratis/959210a8-235f-4bb8-b2be-30bc8f6a2a35 close()
2019-08-20 19:42:03,220 [ForkJoinPool.commonPool-worker-0] INFO  server.GrpcService (GrpcService.java:closeImpl(155)) - 0ddcad73-dd47-4236-bfae-d514011a99c3: shutdown server with port 38687 now
2019-08-20 19:42:03,222 [ForkJoinPool.commonPool-worker-0] INFO  server.GrpcService (GrpcService.java:closeImpl(163)) - 0ddcad73-dd47-4236-bfae-d514011a99c3: shutdown server with port 38687 successfully
2019-08-20 19:42:03,223 [ForkJoinPool.commonPool-worker-0] INFO  utils.BackgroundService (BackgroundService.java:shutdown(148)) - Shutting down service BlockDeletingService
2019-08-20 19:42:03,225 [refreshUsed-/workdir/hadoop-ozone/integration-test/target/test-dir/MiniOzoneClusterImpl-e13e4b4c-a51c-41ed-96f1-bc31a3706be2/datanode-4/data/containers] WARN  fs.CachingGetSpaceUsed (CachingGetSpaceUsed.java:run(183)) - Thread Interrupted waiting to refresh disk information: sleep interrupted
2019-08-20 19:42:03,226 [main] INFO  ozoneimpl.OzoneContainer (OzoneContainer.java:stop(199)) - Attempting to stop container services.
2019-08-20 19:42:03,228 [main] INFO  impl.RaftServerProxy (RaftServerProxy.java:lambda$close$4(314)) - 58cb59aa-46a6-4cbe-bb28-3c835a001716: close
2019-08-20 19:42:03,228 [main] INFO  impl.RaftServerImpl (RaftServerImpl.java:lambda$shutdown$3(245)) - 58cb59aa-46a6-4cbe-bb28-3c835a001716: shutdown group-C17AC19485F0
2019-08-20 19:42:03,229 [main] INFO  util.JmxRegister (JmxRegister.java:unregister(73)) - Successfully un-registered JMX Bean with object name Ratis:service=RaftServer,group=group-C17AC19485F0,id=58cb59aa-46a6-4cbe-bb28-3c835a001716
2019-08-20 19:42:03,230 [main] INFO  impl.RoleInfo (RoleInfo.java:shutdownLeaderState(104)) - 58cb59aa-46a6-4cbe-bb28-3c835a001716: shutdown LeaderState
2019-08-20 19:42:03,230 [main] INFO  impl.PendingRequests (PendingRequests.java:sendNotLeaderResponses(202)) - 58cb59aa-46a6-4cbe-bb28-3c835a001716-PendingRequests: sendNotLeaderResponses
2019-08-20 19:42:03,231 [main] INFO  impl.StateMachineUpdater (StateMachineUpdater.java:stopAndJoin(115)) - StateMachineUpdater:58cb59aa-46a6-4cbe-bb28-3c835a001716:group-C17AC19485F0: set stopIndex = 0
2019-08-20 19:42:03,231 [main] INFO  impl.RaftServerImpl (ServerState.java:close(394)) - 58cb59aa-46a6-4cbe-bb28-3c835a001716:group-C17AC19485F0 closes. The last applied log index is 0
2019-08-20 19:42:03,231 [58cb59aa-46a6-4cbe-bb28-3c835a001716-SegmentedRaftLogWorker:Storage Directory /workdir/hadoop-ozone/integration-test/target/test-dir/MiniOzoneClusterImpl-e13e4b4c-a51c-41ed-96f1-bc31a3706be2/datanode-8/data/ratis/299bfc4a-4126-4727-a12e-c17ac19485f0] INFO  segmented.SegmentedRaftLogWorker (SegmentedRaftLogWorker.java:run(313)) - 58cb59aa-46a6-4cbe-bb28-3c835a001716-SegmentedRaftLogWorker:Storage Directory /workdir/hadoop-ozone/integration-test/target/test-dir/MiniOzoneClusterImpl-e13e4b4c-a51c-41ed-96f1-bc31a3706be2/datanode-8/data/ratis/299bfc4a-4126-4727-a12e-c17ac19485f0 was interrupted, exiting. There are 0 tasks remaining in the queue.
2019-08-20 19:42:03,232 [main] INFO  segmented.SegmentedRaftLogWorker (SegmentedRaftLogWorker.java:close(228)) - 58cb59aa-46a6-4cbe-bb28-3c835a001716-SegmentedRaftLogWorker:Storage Directory /workdir/hadoop-ozone/integration-test/target/test-dir/MiniOzoneClusterImpl-e13e4b4c-a51c-41ed-96f1-bc31a3706be2/datanode-8/data/ratis/299bfc4a-4126-4727-a12e-c17ac19485f0 close()
2019-08-20 19:42:03,233 [main] INFO  server.GrpcService (GrpcService.java:closeImpl(155)) - 58cb59aa-46a6-4cbe-bb28-3c835a001716: shutdown server with port 43427 now
2019-08-20 19:42:03,235 [main] INFO  server.GrpcService (GrpcService.java:closeImpl(163)) - 58cb59aa-46a6-4cbe-bb28-3c835a001716: shutdown server with port 43427 successfully
2019-08-20 19:42:03,238 [main] INFO  utils.BackgroundService (BackgroundService.java:shutdown(148)) - Shutting down service BlockDeletingService
2019-08-20 19:42:03,241 [refreshUsed-/workdir/hadoop-ozone/integration-test/target/test-dir/MiniOzoneClusterImpl-e13e4b4c-a51c-41ed-96f1-bc31a3706be2/datanode-8/data/containers] WARN  fs.CachingGetSpaceUsed (CachingGetSpaceUsed.java:run(183)) - Thread Interrupted waiting to refresh disk information: sleep interrupted
2019-08-20 19:42:03,249 [ForkJoinPool.commonPool-worker-0] INFO  statemachine.DatanodeStateMachine (DatanodeStateMachine.java:stopDaemon(395)) - Ozone container server stopped.
2019-08-20 19:42:03,254 [ForkJoinPool.commonPool-worker-0] INFO  handler.ContextHandler (ContextHandler.java:doStop(910)) - Stopped o.e.j.w.WebAppContext@154b8cb6{/,null,UNAVAILABLE}{/hddsDatanode}
2019-08-20 19:42:03,255 [ForkJoinPool.commonPool-worker-0] INFO  server.AbstractConnector (AbstractConnector.java:doStop(318)) - Stopped ServerConnector@7b297740{HTTP/1.1,[http/1.1]}{0.0.0.0:0}
2019-08-20 19:42:03,258 [ForkJoinPool.commonPool-worker-0] INFO  handler.ContextHandler (ContextHandler.java:doStop(910)) - Stopped o.e.j.s.ServletContextHandler@13f40d71{/static,jar:file:/home/user/.m2/repository/org/apache/hadoop/hadoop-hdds-container-service/0.5.0-SNAPSHOT/hadoop-hdds-container-service-0.5.0-SNAPSHOT.jar!/webapps/static,UNAVAILABLE}
2019-08-20 19:42:03,259 [ForkJoinPool.commonPool-worker-0] INFO  handler.ContextHandler (ContextHandler.java:doStop(910)) - Stopped o.e.j.s.ServletContextHandler@1bee0085{/logs,file:///workdir/hadoop-ozone/integration-test/target/log,UNAVAILABLE}
2019-08-20 19:42:03,260 [ForkJoinPool.commonPool-worker-0] INFO  datanode.ObjectStoreHandler (ObjectStoreHandler.java:close(155)) - Closing ObjectStoreHandler.
2019-08-20 19:42:03,260 [ForkJoinPool.commonPool-worker-0] INFO  ozone.HddsDatanodeService (HddsDatanodeService.java:stop(451)) - Stopped plug-in org.apache.hadoop.ozone.web.OzoneHddsDatanodeService@377949f1
2019-08-20 19:42:03,265 [main] INFO  statemachine.DatanodeStateMachine (DatanodeStateMachine.java:stopDaemon(395)) - Ozone container server stopped.
2019-08-20 19:42:03,265 [grpc-default-executor-2] WARN  server.GrpcLogAppender (LogUtils.java:warn(134)) - 3a5f5f92-1fbc-4da9-891b-fb9af6a803f0->ee8f8b66-a0a6-4ed9-8105-e31fb13b4287: Failed appendEntries: org.apache.ratis.thirdparty.io.grpc.StatusRuntimeException: UNAVAILABLE: io exception
2019-08-20 19:42:03,266 [grpc-default-executor-2] INFO  impl.FollowerInfo (FollowerInfo.java:lambda$new$0(50)) - 3a5f5f92-1fbc-4da9-891b-fb9af6a803f0->ee8f8b66-a0a6-4ed9-8105-e31fb13b4287: nextIndex: updateUnconditionally 0 -> 0
2019-08-20 19:42:03,266 [main] INFO  handler.ContextHandler (ContextHandler.java:doStop(910)) - Stopped o.e.j.w.WebAppContext@2bc16fe2{/,null,UNAVAILABLE}{/hddsDatanode}
2019-08-20 19:42:03,266 [main] INFO  server.AbstractConnector (AbstractConnector.java:doStop(318)) - Stopped ServerConnector@d66502{HTTP/1.1,[http/1.1]}{0.0.0.0:0}
2019-08-20 19:42:03,267 [main] INFO  handler.ContextHandler (ContextHandler.java:doStop(910)) - Stopped o.e.j.s.ServletContextHandler@5c76fce4{/static,jar:file:/home/user/.m2/repository/org/apache/hadoop/hadoop-hdds-container-service/0.5.0-SNAPSHOT/hadoop-hdds-container-service-0.5.0-SNAPSHOT.jar!/webapps/static,UNAVAILABLE}
2019-08-20 19:42:03,267 [main] INFO  handler.ContextHandler (ContextHandler.java:doStop(910)) - Stopped o.e.j.s.ServletContextHandler@3866c96e{/logs,file:///workdir/hadoop-ozone/integration-test/target/log,UNAVAILABLE}
2019-08-20 19:42:03,268 [main] INFO  datanode.ObjectStoreHandler (ObjectStoreHandler.java:close(155)) - Closing ObjectStoreHandler.
2019-08-20 19:42:03,269 [main] INFO  ozone.HddsDatanodeService (HddsDatanodeService.java:stop(451)) - Stopped plug-in org.apache.hadoop.ozone.web.OzoneHddsDatanodeService@433d93e7
2019-08-20 19:42:03,297 [grpc-default-executor-2] WARN  server.GrpcLogAppender (LogUtils.java:warn(134)) - 3a5f5f92-1fbc-4da9-891b-fb9af6a803f0->1eeec8c2-4c0f-4bc8-b0db-6391a5855575: Failed appendEntries: org.apache.ratis.thirdparty.io.grpc.StatusRuntimeException: UNAVAILABLE: io exception
2019-08-20 19:42:03,298 [grpc-default-executor-2] INFO  impl.FollowerInfo (FollowerInfo.java:lambda$new$0(50)) - 3a5f5f92-1fbc-4da9-891b-fb9af6a803f0->1eeec8c2-4c0f-4bc8-b0db-6391a5855575: nextIndex: updateUnconditionally 0 -> 0
2019-08-20 19:42:03,303 [Datanode State Machine Thread - 0] INFO  statemachine.DatanodeStateMachine (DatanodeStateMachine.java:lambda$startDaemon$0(350)) - Ozone container server started.
2019-08-20 19:42:03,342 | INFO  | SCMAudit | user=jenkins1000 | ip=192.168.157.205 | op=SEND_HEARTBEAT {datanodeUUID=a9286357-6b15-4043-a893-920ae835d3d2, command=[]} | ret=SUCCESS |  
2019-08-20 19:42:03,769 [grpc-default-executor-2] WARN  server.GrpcLogAppender (LogUtils.java:warn(134)) - 3a5f5f92-1fbc-4da9-891b-fb9af6a803f0->ee8f8b66-a0a6-4ed9-8105-e31fb13b4287: Failed appendEntries: org.apache.ratis.thirdparty.io.grpc.StatusRuntimeException: UNAVAILABLE: io exception
2019-08-20 19:42:03,769 [grpc-default-executor-2] INFO  impl.FollowerInfo (FollowerInfo.java:lambda$new$0(50)) - 3a5f5f92-1fbc-4da9-891b-fb9af6a803f0->ee8f8b66-a0a6-4ed9-8105-e31fb13b4287: nextIndex: updateUnconditionally 0 -> 0
2019-08-20 19:42:03,800 [grpc-default-executor-5] WARN  server.GrpcLogAppender (LogUtils.java:warn(134)) - 3a5f5f92-1fbc-4da9-891b-fb9af6a803f0->1eeec8c2-4c0f-4bc8-b0db-6391a5855575: Failed appendEntries: org.apache.ratis.thirdparty.io.grpc.StatusRuntimeException: UNAVAILABLE: io exception
2019-08-20 19:42:03,801 [grpc-default-executor-5] INFO  impl.FollowerInfo (FollowerInfo.java:lambda$new$0(50)) - 3a5f5f92-1fbc-4da9-891b-fb9af6a803f0->1eeec8c2-4c0f-4bc8-b0db-6391a5855575: nextIndex: updateUnconditionally 0 -> 0
2019-08-20 19:42:03,895 | INFO  | SCMAudit | user=jenkins1000 | ip=192.168.157.205 | op=SEND_HEARTBEAT {datanodeUUID=8109623e-cc10-4f33-b553-5cc878b10d85, command=[]} | ret=SUCCESS |  
2019-08-20 19:42:04,042 [Thread-512] INFO  impl.FollowerState (FollowerState.java:run(106)) - 3a5f5f92-1fbc-4da9-891b-fb9af6a803f0:group-4BD28E86B1A9 changes to CANDIDATE, lastRpcTime:1070, electionTimeout:1070ms
2019-08-20 19:42:04,042 [Thread-512] INFO  impl.RoleInfo (RoleInfo.java:shutdownFollowerState(121)) - 3a5f5f92-1fbc-4da9-891b-fb9af6a803f0: shutdown FollowerState
2019-08-20 19:42:04,042 [Thread-512] INFO  impl.RaftServerImpl (RaftServerImpl.java:setRole(171)) - 3a5f5f92-1fbc-4da9-891b-fb9af6a803f0:group-4BD28E86B1A9 changes role from FOLLOWER to CANDIDATE at term 5 for changeToCandidate
2019-08-20 19:42:04,043 [Thread-512] INFO  impl.RoleInfo (RoleInfo.java:updateAndGet(143)) - 3a5f5f92-1fbc-4da9-891b-fb9af6a803f0: start LeaderElection
2019-08-20 19:42:04,079 [3a5f5f92-1fbc-4da9-891b-fb9af6a803f0:group-4BD28E86B1A9:LeaderElection25] INFO  impl.LeaderElection (LeaderElection.java:askForVotes(181)) - 3a5f5f92-1fbc-4da9-891b-fb9af6a803f0:group-4BD28E86B1A9:LeaderElection25: begin an election at term 6 for 0: [1eeec8c2-4c0f-4bc8-b0db-6391a5855575:192.168.157.205:39192, 3a5f5f92-1fbc-4da9-891b-fb9af6a803f0:192.168.157.205:37319, ee8f8b66-a0a6-4ed9-8105-e31fb13b4287:192.168.157.205:44060], old=null
2019-08-20 19:42:04,083 [3a5f5f92-1fbc-4da9-891b-fb9af6a803f0:group-4BD28E86B1A9:LeaderElection25] INFO  impl.LeaderElection (LogUtils.java:infoOrTrace(149)) - 3a5f5f92-1fbc-4da9-891b-fb9af6a803f0:group-4BD28E86B1A9:LeaderElection25 got exception when requesting votes: {}
java.util.concurrent.ExecutionException: org.apache.ratis.thirdparty.io.grpc.StatusRuntimeException: UNAVAILABLE: io exception
	at java.util.concurrent.FutureTask.report(FutureTask.java:122)
	at java.util.concurrent.FutureTask.get(FutureTask.java:192)
	at org.apache.ratis.server.impl.LeaderElection.waitForResults(LeaderElection.java:262)
	at org.apache.ratis.server.impl.LeaderElection.askForVotes(LeaderElection.java:200)
	at org.apache.ratis.server.impl.LeaderElection.run(LeaderElection.java:130)
	at java.lang.Thread.run(Thread.java:748)
Caused by: org.apache.ratis.thirdparty.io.grpc.StatusRuntimeException: UNAVAILABLE: io exception
	at org.apache.ratis.thirdparty.io.grpc.stub.ClientCalls.toStatusRuntimeException(ClientCalls.java:233)
	at org.apache.ratis.thirdparty.io.grpc.stub.ClientCalls.getUnchecked(ClientCalls.java:214)
	at org.apache.ratis.thirdparty.io.grpc.stub.ClientCalls.blockingUnaryCall(ClientCalls.java:139)
	at org.apache.ratis.proto.grpc.RaftServerProtocolServiceGrpc$RaftServerProtocolServiceBlockingStub.requestVote(RaftServerProtocolServiceGrpc.java:265)
	at org.apache.ratis.grpc.server.GrpcServerProtocolClient.requestVote(GrpcServerProtocolClient.java:83)
	at org.apache.ratis.grpc.server.GrpcService.requestVote(GrpcService.java:195)
	at org.apache.ratis.server.impl.LeaderElection.lambda$submitRequests$1(LeaderElection.java:237)
	at java.util.concurrent.FutureTask.run(FutureTask.java:266)
	at java.util.concurrent.Executors$RunnableAdapter.call(Executors.java:511)
	at java.util.concurrent.FutureTask.run(FutureTask.java:266)
	at java.util.concurrent.ThreadPoolExecutor.runWorker(ThreadPoolExecutor.java:1149)
	at java.util.concurrent.ThreadPoolExecutor$Worker.run(ThreadPoolExecutor.java:624)
	... 1 more
Caused by: org.apache.ratis.thirdparty.io.netty.channel.AbstractChannel$AnnotatedConnectException: Connection refused: /192.168.157.205:39192
	at sun.nio.ch.SocketChannelImpl.checkConnect(Native Method)
	at sun.nio.ch.SocketChannelImpl.finishConnect(SocketChannelImpl.java:717)
	at org.apache.ratis.thirdparty.io.netty.channel.socket.nio.NioSocketChannel.doFinishConnect(NioSocketChannel.java:327)
	at org.apache.ratis.thirdparty.io.netty.channel.nio.AbstractNioChannel$AbstractNioUnsafe.finishConnect(AbstractNioChannel.java:340)
	at org.apache.ratis.thirdparty.io.netty.channel.nio.NioEventLoop.processSelectedKey(NioEventLoop.java:632)
	at org.apache.ratis.thirdparty.io.netty.channel.nio.NioEventLoop.processSelectedKeysOptimized(NioEventLoop.java:579)
	at org.apache.ratis.thirdparty.io.netty.channel.nio.NioEventLoop.processSelectedKeys(NioEventLoop.java:496)
	at org.apache.ratis.thirdparty.io.netty.channel.nio.NioEventLoop.run(NioEventLoop.java:458)
	at org.apache.ratis.thirdparty.io.netty.util.concurrent.SingleThreadEventExecutor$5.run(SingleThreadEventExecutor.java:897)
	at org.apache.ratis.thirdparty.io.netty.util.concurrent.FastThreadLocalRunnable.run(FastThreadLocalRunnable.java:30)
	... 1 more
Caused by: java.net.ConnectException: Connection refused
	... 11 more
2019-08-20 19:42:04,086 [3a5f5f92-1fbc-4da9-891b-fb9af6a803f0:group-4BD28E86B1A9:LeaderElection25] INFO  impl.LeaderElection (LogUtils.java:infoOrTrace(149)) - 3a5f5f92-1fbc-4da9-891b-fb9af6a803f0:group-4BD28E86B1A9:LeaderElection25 got exception when requesting votes: {}
java.util.concurrent.ExecutionException: org.apache.ratis.thirdparty.io.grpc.StatusRuntimeException: UNAVAILABLE: io exception
	at java.util.concurrent.FutureTask.report(FutureTask.java:122)
	at java.util.concurrent.FutureTask.get(FutureTask.java:192)
	at org.apache.ratis.server.impl.LeaderElection.waitForResults(LeaderElection.java:262)
	at org.apache.ratis.server.impl.LeaderElection.askForVotes(LeaderElection.java:200)
	at org.apache.ratis.server.impl.LeaderElection.run(LeaderElection.java:130)
	at java.lang.Thread.run(Thread.java:748)
Caused by: org.apache.ratis.thirdparty.io.grpc.StatusRuntimeException: UNAVAILABLE: io exception
	at org.apache.ratis.thirdparty.io.grpc.stub.ClientCalls.toStatusRuntimeException(ClientCalls.java:233)
	at org.apache.ratis.thirdparty.io.grpc.stub.ClientCalls.getUnchecked(ClientCalls.java:214)
	at org.apache.ratis.thirdparty.io.grpc.stub.ClientCalls.blockingUnaryCall(ClientCalls.java:139)
	at org.apache.ratis.proto.grpc.RaftServerProtocolServiceGrpc$RaftServerProtocolServiceBlockingStub.requestVote(RaftServerProtocolServiceGrpc.java:265)
	at org.apache.ratis.grpc.server.GrpcServerProtocolClient.requestVote(GrpcServerProtocolClient.java:83)
	at org.apache.ratis.grpc.server.GrpcService.requestVote(GrpcService.java:195)
	at org.apache.ratis.server.impl.LeaderElection.lambda$submitRequests$1(LeaderElection.java:237)
	at java.util.concurrent.FutureTask.run(FutureTask.java:266)
	at java.util.concurrent.Executors$RunnableAdapter.call(Executors.java:511)
	at java.util.concurrent.FutureTask.run(FutureTask.java:266)
	at java.util.concurrent.ThreadPoolExecutor.runWorker(ThreadPoolExecutor.java:1149)
	at java.util.concurrent.ThreadPoolExecutor$Worker.run(ThreadPoolExecutor.java:624)
	... 1 more
Caused by: org.apache.ratis.thirdparty.io.netty.channel.AbstractChannel$AnnotatedConnectException: Connection refused: /192.168.157.205:44060
	at sun.nio.ch.SocketChannelImpl.checkConnect(Native Method)
	at sun.nio.ch.SocketChannelImpl.finishConnect(SocketChannelImpl.java:717)
	at org.apache.ratis.thirdparty.io.netty.channel.socket.nio.NioSocketChannel.doFinishConnect(NioSocketChannel.java:327)
	at org.apache.ratis.thirdparty.io.netty.channel.nio.AbstractNioChannel$AbstractNioUnsafe.finishConnect(AbstractNioChannel.java:340)
	at org.apache.ratis.thirdparty.io.netty.channel.nio.NioEventLoop.processSelectedKey(NioEventLoop.java:632)
	at org.apache.ratis.thirdparty.io.netty.channel.nio.NioEventLoop.processSelectedKeysOptimized(NioEventLoop.java:579)
	at org.apache.ratis.thirdparty.io.netty.channel.nio.NioEventLoop.processSelectedKeys(NioEventLoop.java:496)
	at org.apache.ratis.thirdparty.io.netty.channel.nio.NioEventLoop.run(NioEventLoop.java:458)
	at org.apache.ratis.thirdparty.io.netty.util.concurrent.SingleThreadEventExecutor$5.run(SingleThreadEventExecutor.java:897)
	at org.apache.ratis.thirdparty.io.netty.util.concurrent.FastThreadLocalRunnable.run(FastThreadLocalRunnable.java:30)
	... 1 more
Caused by: java.net.ConnectException: Connection refused
	... 11 more
2019-08-20 19:42:04,089 [3a5f5f92-1fbc-4da9-891b-fb9af6a803f0:group-4BD28E86B1A9:LeaderElection25] INFO  impl.LeaderElection (LeaderElection.java:logAndReturn(56)) - 3a5f5f92-1fbc-4da9-891b-fb9af6a803f0:group-4BD28E86B1A9:LeaderElection25: Election REJECTED; received 0 response(s) [] and 2 exception(s); 3a5f5f92-1fbc-4da9-891b-fb9af6a803f0:t6, leader=null, voted=3a5f5f92-1fbc-4da9-891b-fb9af6a803f0, raftlog=3a5f5f92-1fbc-4da9-891b-fb9af6a803f0-SegmentedRaftLog:OPENED:c0,f0,i0, conf=0: [1eeec8c2-4c0f-4bc8-b0db-6391a5855575:192.168.157.205:39192, 3a5f5f92-1fbc-4da9-891b-fb9af6a803f0:192.168.157.205:37319, ee8f8b66-a0a6-4ed9-8105-e31fb13b4287:192.168.157.205:44060], old=null
2019-08-20 19:42:04,089 [3a5f5f92-1fbc-4da9-891b-fb9af6a803f0:group-4BD28E86B1A9:LeaderElection25] INFO  impl.LeaderElection (LogUtils.java:infoOrTrace(149)) -   Exception 0: {}
java.util.concurrent.ExecutionException: org.apache.ratis.thirdparty.io.grpc.StatusRuntimeException: UNAVAILABLE: io exception
	at java.util.concurrent.FutureTask.report(FutureTask.java:122)
	at java.util.concurrent.FutureTask.get(FutureTask.java:192)
	at org.apache.ratis.server.impl.LeaderElection.waitForResults(LeaderElection.java:262)
	at org.apache.ratis.server.impl.LeaderElection.askForVotes(LeaderElection.java:200)
	at org.apache.ratis.server.impl.LeaderElection.run(LeaderElection.java:130)
	at java.lang.Thread.run(Thread.java:748)
Caused by: org.apache.ratis.thirdparty.io.grpc.StatusRuntimeException: UNAVAILABLE: io exception
	at org.apache.ratis.thirdparty.io.grpc.stub.ClientCalls.toStatusRuntimeException(ClientCalls.java:233)
	at org.apache.ratis.thirdparty.io.grpc.stub.ClientCalls.getUnchecked(ClientCalls.java:214)
	at org.apache.ratis.thirdparty.io.grpc.stub.ClientCalls.blockingUnaryCall(ClientCalls.java:139)
	at org.apache.ratis.proto.grpc.RaftServerProtocolServiceGrpc$RaftServerProtocolServiceBlockingStub.requestVote(RaftServerProtocolServiceGrpc.java:265)
	at org.apache.ratis.grpc.server.GrpcServerProtocolClient.requestVote(GrpcServerProtocolClient.java:83)
	at org.apache.ratis.grpc.server.GrpcService.requestVote(GrpcService.java:195)
	at org.apache.ratis.server.impl.LeaderElection.lambda$submitRequests$1(LeaderElection.java:237)
	at java.util.concurrent.FutureTask.run(FutureTask.java:266)
	at java.util.concurrent.Executors$RunnableAdapter.call(Executors.java:511)
	at java.util.concurrent.FutureTask.run(FutureTask.java:266)
	at java.util.concurrent.ThreadPoolExecutor.runWorker(ThreadPoolExecutor.java:1149)
	at java.util.concurrent.ThreadPoolExecutor$Worker.run(ThreadPoolExecutor.java:624)
	... 1 more
Caused by: org.apache.ratis.thirdparty.io.netty.channel.AbstractChannel$AnnotatedConnectException: Connection refused: /192.168.157.205:39192
	at sun.nio.ch.SocketChannelImpl.checkConnect(Native Method)
	at sun.nio.ch.SocketChannelImpl.finishConnect(SocketChannelImpl.java:717)
	at org.apache.ratis.thirdparty.io.netty.channel.socket.nio.NioSocketChannel.doFinishConnect(NioSocketChannel.java:327)
	at org.apache.ratis.thirdparty.io.netty.channel.nio.AbstractNioChannel$AbstractNioUnsafe.finishConnect(AbstractNioChannel.java:340)
	at org.apache.ratis.thirdparty.io.netty.channel.nio.NioEventLoop.processSelectedKey(NioEventLoop.java:632)
	at org.apache.ratis.thirdparty.io.netty.channel.nio.NioEventLoop.processSelectedKeysOptimized(NioEventLoop.java:579)
	at org.apache.ratis.thirdparty.io.netty.channel.nio.NioEventLoop.processSelectedKeys(NioEventLoop.java:496)
	at org.apache.ratis.thirdparty.io.netty.channel.nio.NioEventLoop.run(NioEventLoop.java:458)
	at org.apache.ratis.thirdparty.io.netty.util.concurrent.SingleThreadEventExecutor$5.run(SingleThreadEventExecutor.java:897)
	at org.apache.ratis.thirdparty.io.netty.util.concurrent.FastThreadLocalRunnable.run(FastThreadLocalRunnable.java:30)
	... 1 more
Caused by: java.net.ConnectException: Connection refused
	... 11 more
2019-08-20 19:42:04,090 [3a5f5f92-1fbc-4da9-891b-fb9af6a803f0:group-4BD28E86B1A9:LeaderElection25] INFO  impl.LeaderElection (LogUtils.java:infoOrTrace(149)) -   Exception 1: {}
java.util.concurrent.ExecutionException: org.apache.ratis.thirdparty.io.grpc.StatusRuntimeException: UNAVAILABLE: io exception
	at java.util.concurrent.FutureTask.report(FutureTask.java:122)
	at java.util.concurrent.FutureTask.get(FutureTask.java:192)
	at org.apache.ratis.server.impl.LeaderElection.waitForResults(LeaderElection.java:262)
	at org.apache.ratis.server.impl.LeaderElection.askForVotes(LeaderElection.java:200)
	at org.apache.ratis.server.impl.LeaderElection.run(LeaderElection.java:130)
	at java.lang.Thread.run(Thread.java:748)
Caused by: org.apache.ratis.thirdparty.io.grpc.StatusRuntimeException: UNAVAILABLE: io exception
	at org.apache.ratis.thirdparty.io.grpc.stub.ClientCalls.toStatusRuntimeException(ClientCalls.java:233)
	at org.apache.ratis.thirdparty.io.grpc.stub.ClientCalls.getUnchecked(ClientCalls.java:214)
	at org.apache.ratis.thirdparty.io.grpc.stub.ClientCalls.blockingUnaryCall(ClientCalls.java:139)
	at org.apache.ratis.proto.grpc.RaftServerProtocolServiceGrpc$RaftServerProtocolServiceBlockingStub.requestVote(RaftServerProtocolServiceGrpc.java:265)
	at org.apache.ratis.grpc.server.GrpcServerProtocolClient.requestVote(GrpcServerProtocolClient.java:83)
	at org.apache.ratis.grpc.server.GrpcService.requestVote(GrpcService.java:195)
	at org.apache.ratis.server.impl.LeaderElection.lambda$submitRequests$1(LeaderElection.java:237)
	at java.util.concurrent.FutureTask.run(FutureTask.java:266)
	at java.util.concurrent.Executors$RunnableAdapter.call(Executors.java:511)
	at java.util.concurrent.FutureTask.run(FutureTask.java:266)
	at java.util.concurrent.ThreadPoolExecutor.runWorker(ThreadPoolExecutor.java:1149)
	at java.util.concurrent.ThreadPoolExecutor$Worker.run(ThreadPoolExecutor.java:624)
	... 1 more
Caused by: org.apache.ratis.thirdparty.io.netty.channel.AbstractChannel$AnnotatedConnectException: Connection refused: /192.168.157.205:44060
	at sun.nio.ch.SocketChannelImpl.checkConnect(Native Method)
	at sun.nio.ch.SocketChannelImpl.finishConnect(SocketChannelImpl.java:717)
	at org.apache.ratis.thirdparty.io.netty.channel.socket.nio.NioSocketChannel.doFinishConnect(NioSocketChannel.java:327)
	at org.apache.ratis.thirdparty.io.netty.channel.nio.AbstractNioChannel$AbstractNioUnsafe.finishConnect(AbstractNioChannel.java:340)
	at org.apache.ratis.thirdparty.io.netty.channel.nio.NioEventLoop.processSelectedKey(NioEventLoop.java:632)
	at org.apache.ratis.thirdparty.io.netty.channel.nio.NioEventLoop.processSelectedKeysOptimized(NioEventLoop.java:579)
	at org.apache.ratis.thirdparty.io.netty.channel.nio.NioEventLoop.processSelectedKeys(NioEventLoop.java:496)
	at org.apache.ratis.thirdparty.io.netty.channel.nio.NioEventLoop.run(NioEventLoop.java:458)
	at org.apache.ratis.thirdparty.io.netty.util.concurrent.SingleThreadEventExecutor$5.run(SingleThreadEventExecutor.java:897)
	at org.apache.ratis.thirdparty.io.netty.util.concurrent.FastThreadLocalRunnable.run(FastThreadLocalRunnable.java:30)
	... 1 more
Caused by: java.net.ConnectException: Connection refused
	... 11 more
2019-08-20 19:42:04,091 [3a5f5f92-1fbc-4da9-891b-fb9af6a803f0:group-4BD28E86B1A9:LeaderElection25] INFO  impl.RaftServerImpl (RaftServerImpl.java:setRole(171)) - 3a5f5f92-1fbc-4da9-891b-fb9af6a803f0:group-4BD28E86B1A9 changes role from CANDIDATE to FOLLOWER at term 6 for DISCOVERED_A_NEW_TERM
2019-08-20 19:42:04,091 [3a5f5f92-1fbc-4da9-891b-fb9af6a803f0:group-4BD28E86B1A9:LeaderElection25] INFO  impl.RoleInfo (RoleInfo.java:shutdownLeaderElection(134)) - 3a5f5f92-1fbc-4da9-891b-fb9af6a803f0: shutdown LeaderElection
2019-08-20 19:42:04,091 [3a5f5f92-1fbc-4da9-891b-fb9af6a803f0:group-4BD28E86B1A9:LeaderElection25] INFO  impl.RoleInfo (RoleInfo.java:updateAndGet(143)) - 3a5f5f92-1fbc-4da9-891b-fb9af6a803f0: start FollowerState
2019-08-20 19:42:04,101 [Datanode State Machine Thread - 0] INFO  statemachine.DatanodeStateMachine (DatanodeStateMachine.java:lambda$startDaemon$0(350)) - Ozone container server started.
2019-08-20 19:42:04,110 [Thread-513] INFO  impl.FollowerState (FollowerState.java:run(106)) - 3a5f5f92-1fbc-4da9-891b-fb9af6a803f0:group-78F196AB2FA0 changes to CANDIDATE, lastRpcTime:1138, electionTimeout:1138ms
2019-08-20 19:42:04,110 [Thread-513] INFO  impl.RoleInfo (RoleInfo.java:shutdownFollowerState(121)) - 3a5f5f92-1fbc-4da9-891b-fb9af6a803f0: shutdown FollowerState
2019-08-20 19:42:04,110 [Thread-513] INFO  impl.RaftServerImpl (RaftServerImpl.java:setRole(171)) - 3a5f5f92-1fbc-4da9-891b-fb9af6a803f0:group-78F196AB2FA0 changes role from FOLLOWER to CANDIDATE at term 6 for changeToCandidate
2019-08-20 19:42:04,111 [Thread-513] INFO  impl.RoleInfo (RoleInfo.java:updateAndGet(143)) - 3a5f5f92-1fbc-4da9-891b-fb9af6a803f0: start LeaderElection
2019-08-20 19:42:04,126 [3a5f5f92-1fbc-4da9-891b-fb9af6a803f0:group-78F196AB2FA0:LeaderElection26] INFO  impl.LeaderElection (LeaderElection.java:askForVotes(181)) - 3a5f5f92-1fbc-4da9-891b-fb9af6a803f0:group-78F196AB2FA0:LeaderElection26: begin an election at term 7 for 1: [1eeec8c2-4c0f-4bc8-b0db-6391a5855575:192.168.157.205:39192, 3a5f5f92-1fbc-4da9-891b-fb9af6a803f0:192.168.157.205:37319, ee8f8b66-a0a6-4ed9-8105-e31fb13b4287:192.168.157.205:44060], old=null
2019-08-20 19:42:04,127 [3a5f5f92-1fbc-4da9-891b-fb9af6a803f0:group-78F196AB2FA0:LeaderElection26] INFO  impl.LeaderElection (LogUtils.java:infoOrTrace(149)) - 3a5f5f92-1fbc-4da9-891b-fb9af6a803f0:group-78F196AB2FA0:LeaderElection26 got exception when requesting votes: {}
java.util.concurrent.ExecutionException: org.apache.ratis.thirdparty.io.grpc.StatusRuntimeException: UNAVAILABLE: io exception
	at java.util.concurrent.FutureTask.report(FutureTask.java:122)
	at java.util.concurrent.FutureTask.get(FutureTask.java:192)
	at org.apache.ratis.server.impl.LeaderElection.waitForResults(LeaderElection.java:262)
	at org.apache.ratis.server.impl.LeaderElection.askForVotes(LeaderElection.java:200)
	at org.apache.ratis.server.impl.LeaderElection.run(LeaderElection.java:130)
	at java.lang.Thread.run(Thread.java:748)
Caused by: org.apache.ratis.thirdparty.io.grpc.StatusRuntimeException: UNAVAILABLE: io exception
	at org.apache.ratis.thirdparty.io.grpc.stub.ClientCalls.toStatusRuntimeException(ClientCalls.java:233)
	at org.apache.ratis.thirdparty.io.grpc.stub.ClientCalls.getUnchecked(ClientCalls.java:214)
	at org.apache.ratis.thirdparty.io.grpc.stub.ClientCalls.blockingUnaryCall(ClientCalls.java:139)
	at org.apache.ratis.proto.grpc.RaftServerProtocolServiceGrpc$RaftServerProtocolServiceBlockingStub.requestVote(RaftServerProtocolServiceGrpc.java:265)
	at org.apache.ratis.grpc.server.GrpcServerProtocolClient.requestVote(GrpcServerProtocolClient.java:83)
	at org.apache.ratis.grpc.server.GrpcService.requestVote(GrpcService.java:195)
	at org.apache.ratis.server.impl.LeaderElection.lambda$submitRequests$1(LeaderElection.java:237)
	at java.util.concurrent.FutureTask.run(FutureTask.java:266)
	at java.util.concurrent.Executors$RunnableAdapter.call(Executors.java:511)
	at java.util.concurrent.FutureTask.run(FutureTask.java:266)
	at java.util.concurrent.ThreadPoolExecutor.runWorker(ThreadPoolExecutor.java:1149)
	at java.util.concurrent.ThreadPoolExecutor$Worker.run(ThreadPoolExecutor.java:624)
	... 1 more
Caused by: org.apache.ratis.thirdparty.io.netty.channel.AbstractChannel$AnnotatedConnectException: Connection refused: /192.168.157.205:39192
	at sun.nio.ch.SocketChannelImpl.checkConnect(Native Method)
	at sun.nio.ch.SocketChannelImpl.finishConnect(SocketChannelImpl.java:717)
	at org.apache.ratis.thirdparty.io.netty.channel.socket.nio.NioSocketChannel.doFinishConnect(NioSocketChannel.java:327)
	at org.apache.ratis.thirdparty.io.netty.channel.nio.AbstractNioChannel$AbstractNioUnsafe.finishConnect(AbstractNioChannel.java:340)
	at org.apache.ratis.thirdparty.io.netty.channel.nio.NioEventLoop.processSelectedKey(NioEventLoop.java:632)
	at org.apache.ratis.thirdparty.io.netty.channel.nio.NioEventLoop.processSelectedKeysOptimized(NioEventLoop.java:579)
	at org.apache.ratis.thirdparty.io.netty.channel.nio.NioEventLoop.processSelectedKeys(NioEventLoop.java:496)
	at org.apache.ratis.thirdparty.io.netty.channel.nio.NioEventLoop.run(NioEventLoop.java:458)
	at org.apache.ratis.thirdparty.io.netty.util.concurrent.SingleThreadEventExecutor$5.run(SingleThreadEventExecutor.java:897)
	at org.apache.ratis.thirdparty.io.netty.util.concurrent.FastThreadLocalRunnable.run(FastThreadLocalRunnable.java:30)
	... 1 more
Caused by: java.net.ConnectException: Connection refused
	... 11 more
2019-08-20 19:42:04,136 [3a5f5f92-1fbc-4da9-891b-fb9af6a803f0:group-78F196AB2FA0:LeaderElection26] INFO  impl.LeaderElection (LogUtils.java:infoOrTrace(149)) - 3a5f5f92-1fbc-4da9-891b-fb9af6a803f0:group-78F196AB2FA0:LeaderElection26 got exception when requesting votes: {}
java.util.concurrent.ExecutionException: org.apache.ratis.thirdparty.io.grpc.StatusRuntimeException: UNAVAILABLE: io exception
	at java.util.concurrent.FutureTask.report(FutureTask.java:122)
	at java.util.concurrent.FutureTask.get(FutureTask.java:192)
	at org.apache.ratis.server.impl.LeaderElection.waitForResults(LeaderElection.java:262)
	at org.apache.ratis.server.impl.LeaderElection.askForVotes(LeaderElection.java:200)
	at org.apache.ratis.server.impl.LeaderElection.run(LeaderElection.java:130)
	at java.lang.Thread.run(Thread.java:748)
Caused by: org.apache.ratis.thirdparty.io.grpc.StatusRuntimeException: UNAVAILABLE: io exception
	at org.apache.ratis.thirdparty.io.grpc.stub.ClientCalls.toStatusRuntimeException(ClientCalls.java:233)
	at org.apache.ratis.thirdparty.io.grpc.stub.ClientCalls.getUnchecked(ClientCalls.java:214)
	at org.apache.ratis.thirdparty.io.grpc.stub.ClientCalls.blockingUnaryCall(ClientCalls.java:139)
	at org.apache.ratis.proto.grpc.RaftServerProtocolServiceGrpc$RaftServerProtocolServiceBlockingStub.requestVote(RaftServerProtocolServiceGrpc.java:265)
	at org.apache.ratis.grpc.server.GrpcServerProtocolClient.requestVote(GrpcServerProtocolClient.java:83)
	at org.apache.ratis.grpc.server.GrpcService.requestVote(GrpcService.java:195)
	at org.apache.ratis.server.impl.LeaderElection.lambda$submitRequests$1(LeaderElection.java:237)
	at java.util.concurrent.FutureTask.run(FutureTask.java:266)
	at java.util.concurrent.Executors$RunnableAdapter.call(Executors.java:511)
	at java.util.concurrent.FutureTask.run(FutureTask.java:266)
	at java.util.concurrent.ThreadPoolExecutor.runWorker(ThreadPoolExecutor.java:1149)
	at java.util.concurrent.ThreadPoolExecutor$Worker.run(ThreadPoolExecutor.java:624)
	... 1 more
Caused by: org.apache.ratis.thirdparty.io.netty.channel.AbstractChannel$AnnotatedConnectException: Connection refused: /192.168.157.205:44060
	at sun.nio.ch.SocketChannelImpl.checkConnect(Native Method)
	at sun.nio.ch.SocketChannelImpl.finishConnect(SocketChannelImpl.java:717)
	at org.apache.ratis.thirdparty.io.netty.channel.socket.nio.NioSocketChannel.doFinishConnect(NioSocketChannel.java:327)
	at org.apache.ratis.thirdparty.io.netty.channel.nio.AbstractNioChannel$AbstractNioUnsafe.finishConnect(AbstractNioChannel.java:340)
	at org.apache.ratis.thirdparty.io.netty.channel.nio.NioEventLoop.processSelectedKey(NioEventLoop.java:632)
	at org.apache.ratis.thirdparty.io.netty.channel.nio.NioEventLoop.processSelectedKeysOptimized(NioEventLoop.java:579)
	at org.apache.ratis.thirdparty.io.netty.channel.nio.NioEventLoop.processSelectedKeys(NioEventLoop.java:496)
	at org.apache.ratis.thirdparty.io.netty.channel.nio.NioEventLoop.run(NioEventLoop.java:458)
	at org.apache.ratis.thirdparty.io.netty.util.concurrent.SingleThreadEventExecutor$5.run(SingleThreadEventExecutor.java:897)
	at org.apache.ratis.thirdparty.io.netty.util.concurrent.FastThreadLocalRunnable.run(FastThreadLocalRunnable.java:30)
	... 1 more
Caused by: java.net.ConnectException: Connection refused
	... 11 more
2019-08-20 19:42:04,138 [3a5f5f92-1fbc-4da9-891b-fb9af6a803f0:group-78F196AB2FA0:LeaderElection26] INFO  impl.LeaderElection (LeaderElection.java:logAndReturn(56)) - 3a5f5f92-1fbc-4da9-891b-fb9af6a803f0:group-78F196AB2FA0:LeaderElection26: Election REJECTED; received 0 response(s) [] and 2 exception(s); 3a5f5f92-1fbc-4da9-891b-fb9af6a803f0:t7, leader=null, voted=3a5f5f92-1fbc-4da9-891b-fb9af6a803f0, raftlog=3a5f5f92-1fbc-4da9-891b-fb9af6a803f0-SegmentedRaftLog:OPENED:c2,f2,i2, conf=1: [1eeec8c2-4c0f-4bc8-b0db-6391a5855575:192.168.157.205:39192, 3a5f5f92-1fbc-4da9-891b-fb9af6a803f0:192.168.157.205:37319, ee8f8b66-a0a6-4ed9-8105-e31fb13b4287:192.168.157.205:44060], old=null
2019-08-20 19:42:04,138 [3a5f5f92-1fbc-4da9-891b-fb9af6a803f0:group-78F196AB2FA0:LeaderElection26] INFO  impl.LeaderElection (LogUtils.java:infoOrTrace(149)) -   Exception 0: {}
java.util.concurrent.ExecutionException: org.apache.ratis.thirdparty.io.grpc.StatusRuntimeException: UNAVAILABLE: io exception
	at java.util.concurrent.FutureTask.report(FutureTask.java:122)
	at java.util.concurrent.FutureTask.get(FutureTask.java:192)
	at org.apache.ratis.server.impl.LeaderElection.waitForResults(LeaderElection.java:262)
	at org.apache.ratis.server.impl.LeaderElection.askForVotes(LeaderElection.java:200)
	at org.apache.ratis.server.impl.LeaderElection.run(LeaderElection.java:130)
	at java.lang.Thread.run(Thread.java:748)
Caused by: org.apache.ratis.thirdparty.io.grpc.StatusRuntimeException: UNAVAILABLE: io exception
	at org.apache.ratis.thirdparty.io.grpc.stub.ClientCalls.toStatusRuntimeException(ClientCalls.java:233)
	at org.apache.ratis.thirdparty.io.grpc.stub.ClientCalls.getUnchecked(ClientCalls.java:214)
	at org.apache.ratis.thirdparty.io.grpc.stub.ClientCalls.blockingUnaryCall(ClientCalls.java:139)
	at org.apache.ratis.proto.grpc.RaftServerProtocolServiceGrpc$RaftServerProtocolServiceBlockingStub.requestVote(RaftServerProtocolServiceGrpc.java:265)
	at org.apache.ratis.grpc.server.GrpcServerProtocolClient.requestVote(GrpcServerProtocolClient.java:83)
	at org.apache.ratis.grpc.server.GrpcService.requestVote(GrpcService.java:195)
	at org.apache.ratis.server.impl.LeaderElection.lambda$submitRequests$1(LeaderElection.java:237)
	at java.util.concurrent.FutureTask.run(FutureTask.java:266)
	at java.util.concurrent.Executors$RunnableAdapter.call(Executors.java:511)
	at java.util.concurrent.FutureTask.run(FutureTask.java:266)
	at java.util.concurrent.ThreadPoolExecutor.runWorker(ThreadPoolExecutor.java:1149)
	at java.util.concurrent.ThreadPoolExecutor$Worker.run(ThreadPoolExecutor.java:624)
	... 1 more
Caused by: org.apache.ratis.thirdparty.io.netty.channel.AbstractChannel$AnnotatedConnectException: Connection refused: /192.168.157.205:39192
	at sun.nio.ch.SocketChannelImpl.checkConnect(Native Method)
	at sun.nio.ch.SocketChannelImpl.finishConnect(SocketChannelImpl.java:717)
	at org.apache.ratis.thirdparty.io.netty.channel.socket.nio.NioSocketChannel.doFinishConnect(NioSocketChannel.java:327)
	at org.apache.ratis.thirdparty.io.netty.channel.nio.AbstractNioChannel$AbstractNioUnsafe.finishConnect(AbstractNioChannel.java:340)
	at org.apache.ratis.thirdparty.io.netty.channel.nio.NioEventLoop.processSelectedKey(NioEventLoop.java:632)
	at org.apache.ratis.thirdparty.io.netty.channel.nio.NioEventLoop.processSelectedKeysOptimized(NioEventLoop.java:579)
	at org.apache.ratis.thirdparty.io.netty.channel.nio.NioEventLoop.processSelectedKeys(NioEventLoop.java:496)
	at org.apache.ratis.thirdparty.io.netty.channel.nio.NioEventLoop.run(NioEventLoop.java:458)
	at org.apache.ratis.thirdparty.io.netty.util.concurrent.SingleThreadEventExecutor$5.run(SingleThreadEventExecutor.java:897)
	at org.apache.ratis.thirdparty.io.netty.util.concurrent.FastThreadLocalRunnable.run(FastThreadLocalRunnable.java:30)
	... 1 more
Caused by: java.net.ConnectException: Connection refused
	... 11 more
2019-08-20 19:42:04,138 [3a5f5f92-1fbc-4da9-891b-fb9af6a803f0:group-78F196AB2FA0:LeaderElection26] INFO  impl.LeaderElection (LogUtils.java:infoOrTrace(149)) -   Exception 1: {}
java.util.concurrent.ExecutionException: org.apache.ratis.thirdparty.io.grpc.StatusRuntimeException: UNAVAILABLE: io exception
	at java.util.concurrent.FutureTask.report(FutureTask.java:122)
	at java.util.concurrent.FutureTask.get(FutureTask.java:192)
	at org.apache.ratis.server.impl.LeaderElection.waitForResults(LeaderElection.java:262)
	at org.apache.ratis.server.impl.LeaderElection.askForVotes(LeaderElection.java:200)
	at org.apache.ratis.server.impl.LeaderElection.run(LeaderElection.java:130)
	at java.lang.Thread.run(Thread.java:748)
Caused by: org.apache.ratis.thirdparty.io.grpc.StatusRuntimeException: UNAVAILABLE: io exception
	at org.apache.ratis.thirdparty.io.grpc.stub.ClientCalls.toStatusRuntimeException(ClientCalls.java:233)
	at org.apache.ratis.thirdparty.io.grpc.stub.ClientCalls.getUnchecked(ClientCalls.java:214)
	at org.apache.ratis.thirdparty.io.grpc.stub.ClientCalls.blockingUnaryCall(ClientCalls.java:139)
	at org.apache.ratis.proto.grpc.RaftServerProtocolServiceGrpc$RaftServerProtocolServiceBlockingStub.requestVote(RaftServerProtocolServiceGrpc.java:265)
	at org.apache.ratis.grpc.server.GrpcServerProtocolClient.requestVote(GrpcServerProtocolClient.java:83)
	at org.apache.ratis.grpc.server.GrpcService.requestVote(GrpcService.java:195)
	at org.apache.ratis.server.impl.LeaderElection.lambda$submitRequests$1(LeaderElection.java:237)
	at java.util.concurrent.FutureTask.run(FutureTask.java:266)
	at java.util.concurrent.Executors$RunnableAdapter.call(Executors.java:511)
	at java.util.concurrent.FutureTask.run(FutureTask.java:266)
	at java.util.concurrent.ThreadPoolExecutor.runWorker(ThreadPoolExecutor.java:1149)
	at java.util.concurrent.ThreadPoolExecutor$Worker.run(ThreadPoolExecutor.java:624)
	... 1 more
Caused by: org.apache.ratis.thirdparty.io.netty.channel.AbstractChannel$AnnotatedConnectException: Connection refused: /192.168.157.205:44060
	at sun.nio.ch.SocketChannelImpl.checkConnect(Native Method)
	at sun.nio.ch.SocketChannelImpl.finishConnect(SocketChannelImpl.java:717)
	at org.apache.ratis.thirdparty.io.netty.channel.socket.nio.NioSocketChannel.doFinishConnect(NioSocketChannel.java:327)
	at org.apache.ratis.thirdparty.io.netty.channel.nio.AbstractNioChannel$AbstractNioUnsafe.finishConnect(AbstractNioChannel.java:340)
	at org.apache.ratis.thirdparty.io.netty.channel.nio.NioEventLoop.processSelectedKey(NioEventLoop.java:632)
	at org.apache.ratis.thirdparty.io.netty.channel.nio.NioEventLoop.processSelectedKeysOptimized(NioEventLoop.java:579)
	at org.apache.ratis.thirdparty.io.netty.channel.nio.NioEventLoop.processSelectedKeys(NioEventLoop.java:496)
	at org.apache.ratis.thirdparty.io.netty.channel.nio.NioEventLoop.run(NioEventLoop.java:458)
	at org.apache.ratis.thirdparty.io.netty.util.concurrent.SingleThreadEventExecutor$5.run(SingleThreadEventExecutor.java:897)
	at org.apache.ratis.thirdparty.io.netty.util.concurrent.FastThreadLocalRunnable.run(FastThreadLocalRunnable.java:30)
	... 1 more
Caused by: java.net.ConnectException: Connection refused
	... 11 more
2019-08-20 19:42:04,139 [3a5f5f92-1fbc-4da9-891b-fb9af6a803f0:group-78F196AB2FA0:LeaderElection26] INFO  impl.RaftServerImpl (RaftServerImpl.java:setRole(171)) - 3a5f5f92-1fbc-4da9-891b-fb9af6a803f0:group-78F196AB2FA0 changes role from CANDIDATE to FOLLOWER at term 7 for DISCOVERED_A_NEW_TERM
2019-08-20 19:42:04,139 [3a5f5f92-1fbc-4da9-891b-fb9af6a803f0:group-78F196AB2FA0:LeaderElection26] INFO  impl.RoleInfo (RoleInfo.java:shutdownLeaderElection(134)) - 3a5f5f92-1fbc-4da9-891b-fb9af6a803f0: shutdown LeaderElection
2019-08-20 19:42:04,139 [3a5f5f92-1fbc-4da9-891b-fb9af6a803f0:group-78F196AB2FA0:LeaderElection26] INFO  impl.RoleInfo (RoleInfo.java:updateAndGet(143)) - 3a5f5f92-1fbc-4da9-891b-fb9af6a803f0: start FollowerState
2019-08-20 19:42:04,267 [grpc-default-executor-3] WARN  server.GrpcLogAppender (LogUtils.java:warn(134)) - 3a5f5f92-1fbc-4da9-891b-fb9af6a803f0->ee8f8b66-a0a6-4ed9-8105-e31fb13b4287: Failed appendEntries: org.apache.ratis.thirdparty.io.grpc.StatusRuntimeException: UNAVAILABLE: io exception
2019-08-20 19:42:04,268 [grpc-default-executor-3] INFO  impl.FollowerInfo (FollowerInfo.java:lambda$new$0(50)) - 3a5f5f92-1fbc-4da9-891b-fb9af6a803f0->ee8f8b66-a0a6-4ed9-8105-e31fb13b4287: nextIndex: updateUnconditionally 0 -> 0
2019-08-20 19:42:04,299 [grpc-default-executor-3] WARN  server.GrpcLogAppender (LogUtils.java:warn(134)) - 3a5f5f92-1fbc-4da9-891b-fb9af6a803f0->1eeec8c2-4c0f-4bc8-b0db-6391a5855575: Failed appendEntries: org.apache.ratis.thirdparty.io.grpc.StatusRuntimeException: UNAVAILABLE: io exception
2019-08-20 19:42:04,299 [grpc-default-executor-3] INFO  impl.FollowerInfo (FollowerInfo.java:lambda$new$0(50)) - 3a5f5f92-1fbc-4da9-891b-fb9af6a803f0->1eeec8c2-4c0f-4bc8-b0db-6391a5855575: nextIndex: updateUnconditionally 0 -> 0
2019-08-20 19:42:04,342 | INFO  | SCMAudit | user=jenkins1000 | ip=192.168.157.205 | op=SEND_HEARTBEAT {datanodeUUID=a9286357-6b15-4043-a893-920ae835d3d2, command=[]} | ret=SUCCESS |  
2019-08-20 19:42:04,770 [grpc-default-executor-2] WARN  server.GrpcLogAppender (LogUtils.java:warn(134)) - 3a5f5f92-1fbc-4da9-891b-fb9af6a803f0->ee8f8b66-a0a6-4ed9-8105-e31fb13b4287: Failed appendEntries: org.apache.ratis.thirdparty.io.grpc.StatusRuntimeException: UNAVAILABLE: io exception
2019-08-20 19:42:04,771 [grpc-default-executor-2] INFO  impl.FollowerInfo (FollowerInfo.java:lambda$new$0(50)) - 3a5f5f92-1fbc-4da9-891b-fb9af6a803f0->ee8f8b66-a0a6-4ed9-8105-e31fb13b4287: nextIndex: updateUnconditionally 0 -> 0
2019-08-20 19:42:04,802 [grpc-default-executor-3] WARN  server.GrpcLogAppender (LogUtils.java:warn(134)) - 3a5f5f92-1fbc-4da9-891b-fb9af6a803f0->1eeec8c2-4c0f-4bc8-b0db-6391a5855575: Failed appendEntries: org.apache.ratis.thirdparty.io.grpc.StatusRuntimeException: UNAVAILABLE: io exception
2019-08-20 19:42:04,803 [grpc-default-executor-3] INFO  impl.FollowerInfo (FollowerInfo.java:lambda$new$0(50)) - 3a5f5f92-1fbc-4da9-891b-fb9af6a803f0->1eeec8c2-4c0f-4bc8-b0db-6391a5855575: nextIndex: updateUnconditionally 0 -> 0
2019-08-20 19:42:04,895 | INFO  | SCMAudit | user=jenkins1000 | ip=192.168.157.205 | op=SEND_HEARTBEAT {datanodeUUID=8109623e-cc10-4f33-b553-5cc878b10d85, command=[]} | ret=SUCCESS |  
2019-08-20 19:42:05,162 [Thread-521] INFO  impl.FollowerState (FollowerState.java:run(106)) - 3a5f5f92-1fbc-4da9-891b-fb9af6a803f0:group-78F196AB2FA0 changes to CANDIDATE, lastRpcTime:1022, electionTimeout:1022ms
2019-08-20 19:42:05,162 [Thread-521] INFO  impl.RoleInfo (RoleInfo.java:shutdownFollowerState(121)) - 3a5f5f92-1fbc-4da9-891b-fb9af6a803f0: shutdown FollowerState
2019-08-20 19:42:05,162 [Thread-521] INFO  impl.RaftServerImpl (RaftServerImpl.java:setRole(171)) - 3a5f5f92-1fbc-4da9-891b-fb9af6a803f0:group-78F196AB2FA0 changes role from FOLLOWER to CANDIDATE at term 7 for changeToCandidate
2019-08-20 19:42:05,163 [Thread-521] INFO  impl.RoleInfo (RoleInfo.java:updateAndGet(143)) - 3a5f5f92-1fbc-4da9-891b-fb9af6a803f0: start LeaderElection
2019-08-20 19:42:05,180 [3a5f5f92-1fbc-4da9-891b-fb9af6a803f0:group-78F196AB2FA0:LeaderElection27] INFO  impl.LeaderElection (LeaderElection.java:askForVotes(181)) - 3a5f5f92-1fbc-4da9-891b-fb9af6a803f0:group-78F196AB2FA0:LeaderElection27: begin an election at term 8 for 1: [1eeec8c2-4c0f-4bc8-b0db-6391a5855575:192.168.157.205:39192, 3a5f5f92-1fbc-4da9-891b-fb9af6a803f0:192.168.157.205:37319, ee8f8b66-a0a6-4ed9-8105-e31fb13b4287:192.168.157.205:44060], old=null
2019-08-20 19:42:05,184 [3a5f5f92-1fbc-4da9-891b-fb9af6a803f0:group-78F196AB2FA0:LeaderElection27] INFO  impl.LeaderElection (LogUtils.java:infoOrTrace(149)) - 3a5f5f92-1fbc-4da9-891b-fb9af6a803f0:group-78F196AB2FA0:LeaderElection27 got exception when requesting votes: {}
java.util.concurrent.ExecutionException: org.apache.ratis.thirdparty.io.grpc.StatusRuntimeException: UNAVAILABLE: io exception
	at java.util.concurrent.FutureTask.report(FutureTask.java:122)
	at java.util.concurrent.FutureTask.get(FutureTask.java:192)
	at org.apache.ratis.server.impl.LeaderElection.waitForResults(LeaderElection.java:262)
	at org.apache.ratis.server.impl.LeaderElection.askForVotes(LeaderElection.java:200)
	at org.apache.ratis.server.impl.LeaderElection.run(LeaderElection.java:130)
	at java.lang.Thread.run(Thread.java:748)
Caused by: org.apache.ratis.thirdparty.io.grpc.StatusRuntimeException: UNAVAILABLE: io exception
	at org.apache.ratis.thirdparty.io.grpc.stub.ClientCalls.toStatusRuntimeException(ClientCalls.java:233)
	at org.apache.ratis.thirdparty.io.grpc.stub.ClientCalls.getUnchecked(ClientCalls.java:214)
	at org.apache.ratis.thirdparty.io.grpc.stub.ClientCalls.blockingUnaryCall(ClientCalls.java:139)
	at org.apache.ratis.proto.grpc.RaftServerProtocolServiceGrpc$RaftServerProtocolServiceBlockingStub.requestVote(RaftServerProtocolServiceGrpc.java:265)
	at org.apache.ratis.grpc.server.GrpcServerProtocolClient.requestVote(GrpcServerProtocolClient.java:83)
	at org.apache.ratis.grpc.server.GrpcService.requestVote(GrpcService.java:195)
	at org.apache.ratis.server.impl.LeaderElection.lambda$submitRequests$1(LeaderElection.java:237)
	at java.util.concurrent.FutureTask.run(FutureTask.java:266)
	at java.util.concurrent.Executors$RunnableAdapter.call(Executors.java:511)
	at java.util.concurrent.FutureTask.run(FutureTask.java:266)
	at java.util.concurrent.ThreadPoolExecutor.runWorker(ThreadPoolExecutor.java:1149)
	at java.util.concurrent.ThreadPoolExecutor$Worker.run(ThreadPoolExecutor.java:624)
	... 1 more
Caused by: org.apache.ratis.thirdparty.io.netty.channel.AbstractChannel$AnnotatedConnectException: Connection refused: /192.168.157.205:39192
	at sun.nio.ch.SocketChannelImpl.checkConnect(Native Method)
	at sun.nio.ch.SocketChannelImpl.finishConnect(SocketChannelImpl.java:717)
	at org.apache.ratis.thirdparty.io.netty.channel.socket.nio.NioSocketChannel.doFinishConnect(NioSocketChannel.java:327)
	at org.apache.ratis.thirdparty.io.netty.channel.nio.AbstractNioChannel$AbstractNioUnsafe.finishConnect(AbstractNioChannel.java:340)
	at org.apache.ratis.thirdparty.io.netty.channel.nio.NioEventLoop.processSelectedKey(NioEventLoop.java:632)
	at org.apache.ratis.thirdparty.io.netty.channel.nio.NioEventLoop.processSelectedKeysOptimized(NioEventLoop.java:579)
	at org.apache.ratis.thirdparty.io.netty.channel.nio.NioEventLoop.processSelectedKeys(NioEventLoop.java:496)
	at org.apache.ratis.thirdparty.io.netty.channel.nio.NioEventLoop.run(NioEventLoop.java:458)
	at org.apache.ratis.thirdparty.io.netty.util.concurrent.SingleThreadEventExecutor$5.run(SingleThreadEventExecutor.java:897)
	at org.apache.ratis.thirdparty.io.netty.util.concurrent.FastThreadLocalRunnable.run(FastThreadLocalRunnable.java:30)
	... 1 more
Caused by: java.net.ConnectException: Connection refused
	... 11 more
2019-08-20 19:42:05,187 [3a5f5f92-1fbc-4da9-891b-fb9af6a803f0:group-78F196AB2FA0:LeaderElection27] INFO  impl.LeaderElection (LogUtils.java:infoOrTrace(149)) - 3a5f5f92-1fbc-4da9-891b-fb9af6a803f0:group-78F196AB2FA0:LeaderElection27 got exception when requesting votes: {}
java.util.concurrent.ExecutionException: org.apache.ratis.thirdparty.io.grpc.StatusRuntimeException: UNAVAILABLE: io exception
	at java.util.concurrent.FutureTask.report(FutureTask.java:122)
	at java.util.concurrent.FutureTask.get(FutureTask.java:192)
	at org.apache.ratis.server.impl.LeaderElection.waitForResults(LeaderElection.java:262)
	at org.apache.ratis.server.impl.LeaderElection.askForVotes(LeaderElection.java:200)
	at org.apache.ratis.server.impl.LeaderElection.run(LeaderElection.java:130)
	at java.lang.Thread.run(Thread.java:748)
Caused by: org.apache.ratis.thirdparty.io.grpc.StatusRuntimeException: UNAVAILABLE: io exception
	at org.apache.ratis.thirdparty.io.grpc.stub.ClientCalls.toStatusRuntimeException(ClientCalls.java:233)
	at org.apache.ratis.thirdparty.io.grpc.stub.ClientCalls.getUnchecked(ClientCalls.java:214)
	at org.apache.ratis.thirdparty.io.grpc.stub.ClientCalls.blockingUnaryCall(ClientCalls.java:139)
	at org.apache.ratis.proto.grpc.RaftServerProtocolServiceGrpc$RaftServerProtocolServiceBlockingStub.requestVote(RaftServerProtocolServiceGrpc.java:265)
	at org.apache.ratis.grpc.server.GrpcServerProtocolClient.requestVote(GrpcServerProtocolClient.java:83)
	at org.apache.ratis.grpc.server.GrpcService.requestVote(GrpcService.java:195)
	at org.apache.ratis.server.impl.LeaderElection.lambda$submitRequests$1(LeaderElection.java:237)
	at java.util.concurrent.FutureTask.run(FutureTask.java:266)
	at java.util.concurrent.Executors$RunnableAdapter.call(Executors.java:511)
	at java.util.concurrent.FutureTask.run(FutureTask.java:266)
	at java.util.concurrent.ThreadPoolExecutor.runWorker(ThreadPoolExecutor.java:1149)
	at java.util.concurrent.ThreadPoolExecutor$Worker.run(ThreadPoolExecutor.java:624)
	... 1 more
Caused by: org.apache.ratis.thirdparty.io.netty.channel.AbstractChannel$AnnotatedConnectException: Connection refused: /192.168.157.205:44060
	at sun.nio.ch.SocketChannelImpl.checkConnect(Native Method)
	at sun.nio.ch.SocketChannelImpl.finishConnect(SocketChannelImpl.java:717)
	at org.apache.ratis.thirdparty.io.netty.channel.socket.nio.NioSocketChannel.doFinishConnect(NioSocketChannel.java:327)
	at org.apache.ratis.thirdparty.io.netty.channel.nio.AbstractNioChannel$AbstractNioUnsafe.finishConnect(AbstractNioChannel.java:340)
	at org.apache.ratis.thirdparty.io.netty.channel.nio.NioEventLoop.processSelectedKey(NioEventLoop.java:632)
	at org.apache.ratis.thirdparty.io.netty.channel.nio.NioEventLoop.processSelectedKeysOptimized(NioEventLoop.java:579)
	at org.apache.ratis.thirdparty.io.netty.channel.nio.NioEventLoop.processSelectedKeys(NioEventLoop.java:496)
	at org.apache.ratis.thirdparty.io.netty.channel.nio.NioEventLoop.run(NioEventLoop.java:458)
	at org.apache.ratis.thirdparty.io.netty.util.concurrent.SingleThreadEventExecutor$5.run(SingleThreadEventExecutor.java:897)
	at org.apache.ratis.thirdparty.io.netty.util.concurrent.FastThreadLocalRunnable.run(FastThreadLocalRunnable.java:30)
	... 1 more
Caused by: java.net.ConnectException: Connection refused
	... 11 more
2019-08-20 19:42:05,189 [3a5f5f92-1fbc-4da9-891b-fb9af6a803f0:group-78F196AB2FA0:LeaderElection27] INFO  impl.LeaderElection (LeaderElection.java:logAndReturn(56)) - 3a5f5f92-1fbc-4da9-891b-fb9af6a803f0:group-78F196AB2FA0:LeaderElection27: Election REJECTED; received 0 response(s) [] and 2 exception(s); 3a5f5f92-1fbc-4da9-891b-fb9af6a803f0:t8, leader=null, voted=3a5f5f92-1fbc-4da9-891b-fb9af6a803f0, raftlog=3a5f5f92-1fbc-4da9-891b-fb9af6a803f0-SegmentedRaftLog:OPENED:c2,f2,i2, conf=1: [1eeec8c2-4c0f-4bc8-b0db-6391a5855575:192.168.157.205:39192, 3a5f5f92-1fbc-4da9-891b-fb9af6a803f0:192.168.157.205:37319, ee8f8b66-a0a6-4ed9-8105-e31fb13b4287:192.168.157.205:44060], old=null
2019-08-20 19:42:05,189 [3a5f5f92-1fbc-4da9-891b-fb9af6a803f0:group-78F196AB2FA0:LeaderElection27] INFO  impl.LeaderElection (LogUtils.java:infoOrTrace(149)) -   Exception 0: {}
java.util.concurrent.ExecutionException: org.apache.ratis.thirdparty.io.grpc.StatusRuntimeException: UNAVAILABLE: io exception
	at java.util.concurrent.FutureTask.report(FutureTask.java:122)
	at java.util.concurrent.FutureTask.get(FutureTask.java:192)
	at org.apache.ratis.server.impl.LeaderElection.waitForResults(LeaderElection.java:262)
	at org.apache.ratis.server.impl.LeaderElection.askForVotes(LeaderElection.java:200)
	at org.apache.ratis.server.impl.LeaderElection.run(LeaderElection.java:130)
	at java.lang.Thread.run(Thread.java:748)
Caused by: org.apache.ratis.thirdparty.io.grpc.StatusRuntimeException: UNAVAILABLE: io exception
	at org.apache.ratis.thirdparty.io.grpc.stub.ClientCalls.toStatusRuntimeException(ClientCalls.java:233)
	at org.apache.ratis.thirdparty.io.grpc.stub.ClientCalls.getUnchecked(ClientCalls.java:214)
	at org.apache.ratis.thirdparty.io.grpc.stub.ClientCalls.blockingUnaryCall(ClientCalls.java:139)
	at org.apache.ratis.proto.grpc.RaftServerProtocolServiceGrpc$RaftServerProtocolServiceBlockingStub.requestVote(RaftServerProtocolServiceGrpc.java:265)
	at org.apache.ratis.grpc.server.GrpcServerProtocolClient.requestVote(GrpcServerProtocolClient.java:83)
	at org.apache.ratis.grpc.server.GrpcService.requestVote(GrpcService.java:195)
	at org.apache.ratis.server.impl.LeaderElection.lambda$submitRequests$1(LeaderElection.java:237)
	at java.util.concurrent.FutureTask.run(FutureTask.java:266)
	at java.util.concurrent.Executors$RunnableAdapter.call(Executors.java:511)
	at java.util.concurrent.FutureTask.run(FutureTask.java:266)
	at java.util.concurrent.ThreadPoolExecutor.runWorker(ThreadPoolExecutor.java:1149)
	at java.util.concurrent.ThreadPoolExecutor$Worker.run(ThreadPoolExecutor.java:624)
	... 1 more
Caused by: org.apache.ratis.thirdparty.io.netty.channel.AbstractChannel$AnnotatedConnectException: Connection refused: /192.168.157.205:39192
	at sun.nio.ch.SocketChannelImpl.checkConnect(Native Method)
	at sun.nio.ch.SocketChannelImpl.finishConnect(SocketChannelImpl.java:717)
	at org.apache.ratis.thirdparty.io.netty.channel.socket.nio.NioSocketChannel.doFinishConnect(NioSocketChannel.java:327)
	at org.apache.ratis.thirdparty.io.netty.channel.nio.AbstractNioChannel$AbstractNioUnsafe.finishConnect(AbstractNioChannel.java:340)
	at org.apache.ratis.thirdparty.io.netty.channel.nio.NioEventLoop.processSelectedKey(NioEventLoop.java:632)
	at org.apache.ratis.thirdparty.io.netty.channel.nio.NioEventLoop.processSelectedKeysOptimized(NioEventLoop.java:579)
	at org.apache.ratis.thirdparty.io.netty.channel.nio.NioEventLoop.processSelectedKeys(NioEventLoop.java:496)
	at org.apache.ratis.thirdparty.io.netty.channel.nio.NioEventLoop.run(NioEventLoop.java:458)
	at org.apache.ratis.thirdparty.io.netty.util.concurrent.SingleThreadEventExecutor$5.run(SingleThreadEventExecutor.java:897)
	at org.apache.ratis.thirdparty.io.netty.util.concurrent.FastThreadLocalRunnable.run(FastThreadLocalRunnable.java:30)
	... 1 more
Caused by: java.net.ConnectException: Connection refused
	... 11 more
2019-08-20 19:42:05,189 [3a5f5f92-1fbc-4da9-891b-fb9af6a803f0:group-78F196AB2FA0:LeaderElection27] INFO  impl.LeaderElection (LogUtils.java:infoOrTrace(149)) -   Exception 1: {}
java.util.concurrent.ExecutionException: org.apache.ratis.thirdparty.io.grpc.StatusRuntimeException: UNAVAILABLE: io exception
	at java.util.concurrent.FutureTask.report(FutureTask.java:122)
	at java.util.concurrent.FutureTask.get(FutureTask.java:192)
	at org.apache.ratis.server.impl.LeaderElection.waitForResults(LeaderElection.java:262)
	at org.apache.ratis.server.impl.LeaderElection.askForVotes(LeaderElection.java:200)
	at org.apache.ratis.server.impl.LeaderElection.run(LeaderElection.java:130)
	at java.lang.Thread.run(Thread.java:748)
Caused by: org.apache.ratis.thirdparty.io.grpc.StatusRuntimeException: UNAVAILABLE: io exception
	at org.apache.ratis.thirdparty.io.grpc.stub.ClientCalls.toStatusRuntimeException(ClientCalls.java:233)
	at org.apache.ratis.thirdparty.io.grpc.stub.ClientCalls.getUnchecked(ClientCalls.java:214)
	at org.apache.ratis.thirdparty.io.grpc.stub.ClientCalls.blockingUnaryCall(ClientCalls.java:139)
	at org.apache.ratis.proto.grpc.RaftServerProtocolServiceGrpc$RaftServerProtocolServiceBlockingStub.requestVote(RaftServerProtocolServiceGrpc.java:265)
	at org.apache.ratis.grpc.server.GrpcServerProtocolClient.requestVote(GrpcServerProtocolClient.java:83)
	at org.apache.ratis.grpc.server.GrpcService.requestVote(GrpcService.java:195)
	at org.apache.ratis.server.impl.LeaderElection.lambda$submitRequests$1(LeaderElection.java:237)
	at java.util.concurrent.FutureTask.run(FutureTask.java:266)
	at java.util.concurrent.Executors$RunnableAdapter.call(Executors.java:511)
	at java.util.concurrent.FutureTask.run(FutureTask.java:266)
	at java.util.concurrent.ThreadPoolExecutor.runWorker(ThreadPoolExecutor.java:1149)
	at java.util.concurrent.ThreadPoolExecutor$Worker.run(ThreadPoolExecutor.java:624)
	... 1 more
Caused by: org.apache.ratis.thirdparty.io.netty.channel.AbstractChannel$AnnotatedConnectException: Connection refused: /192.168.157.205:44060
	at sun.nio.ch.SocketChannelImpl.checkConnect(Native Method)
	at sun.nio.ch.SocketChannelImpl.finishConnect(SocketChannelImpl.java:717)
	at org.apache.ratis.thirdparty.io.netty.channel.socket.nio.NioSocketChannel.doFinishConnect(NioSocketChannel.java:327)
	at org.apache.ratis.thirdparty.io.netty.channel.nio.AbstractNioChannel$AbstractNioUnsafe.finishConnect(AbstractNioChannel.java:340)
	at org.apache.ratis.thirdparty.io.netty.channel.nio.NioEventLoop.processSelectedKey(NioEventLoop.java:632)
	at org.apache.ratis.thirdparty.io.netty.channel.nio.NioEventLoop.processSelectedKeysOptimized(NioEventLoop.java:579)
	at org.apache.ratis.thirdparty.io.netty.channel.nio.NioEventLoop.processSelectedKeys(NioEventLoop.java:496)
	at org.apache.ratis.thirdparty.io.netty.channel.nio.NioEventLoop.run(NioEventLoop.java:458)
	at org.apache.ratis.thirdparty.io.netty.util.concurrent.SingleThreadEventExecutor$5.run(SingleThreadEventExecutor.java:897)
	at org.apache.ratis.thirdparty.io.netty.util.concurrent.FastThreadLocalRunnable.run(FastThreadLocalRunnable.java:30)
	... 1 more
Caused by: java.net.ConnectException: Connection refused
	... 11 more
2019-08-20 19:42:05,190 [3a5f5f92-1fbc-4da9-891b-fb9af6a803f0:group-78F196AB2FA0:LeaderElection27] INFO  impl.RaftServerImpl (RaftServerImpl.java:setRole(171)) - 3a5f5f92-1fbc-4da9-891b-fb9af6a803f0:group-78F196AB2FA0 changes role from CANDIDATE to FOLLOWER at term 8 for DISCOVERED_A_NEW_TERM
2019-08-20 19:42:05,190 [3a5f5f92-1fbc-4da9-891b-fb9af6a803f0:group-78F196AB2FA0:LeaderElection27] INFO  impl.RoleInfo (RoleInfo.java:shutdownLeaderElection(134)) - 3a5f5f92-1fbc-4da9-891b-fb9af6a803f0: shutdown LeaderElection
2019-08-20 19:42:05,190 [3a5f5f92-1fbc-4da9-891b-fb9af6a803f0:group-78F196AB2FA0:LeaderElection27] INFO  impl.RoleInfo (RoleInfo.java:updateAndGet(143)) - 3a5f5f92-1fbc-4da9-891b-fb9af6a803f0: start FollowerState
2019-08-20 19:42:05,269 [grpc-default-executor-2] WARN  server.GrpcLogAppender (LogUtils.java:warn(134)) - 3a5f5f92-1fbc-4da9-891b-fb9af6a803f0->ee8f8b66-a0a6-4ed9-8105-e31fb13b4287: Failed appendEntries: org.apache.ratis.thirdparty.io.grpc.StatusRuntimeException: UNAVAILABLE: io exception
2019-08-20 19:42:05,270 [grpc-default-executor-2] INFO  impl.FollowerInfo (FollowerInfo.java:lambda$new$0(50)) - 3a5f5f92-1fbc-4da9-891b-fb9af6a803f0->ee8f8b66-a0a6-4ed9-8105-e31fb13b4287: nextIndex: updateUnconditionally 0 -> 0
2019-08-20 19:42:05,286 [Thread-517] INFO  impl.FollowerState (FollowerState.java:run(106)) - 3a5f5f92-1fbc-4da9-891b-fb9af6a803f0:group-4BD28E86B1A9 changes to CANDIDATE, lastRpcTime:1194, electionTimeout:1194ms
2019-08-20 19:42:05,286 [Thread-517] INFO  impl.RoleInfo (RoleInfo.java:shutdownFollowerState(121)) - 3a5f5f92-1fbc-4da9-891b-fb9af6a803f0: shutdown FollowerState
2019-08-20 19:42:05,286 [Thread-517] INFO  impl.RaftServerImpl (RaftServerImpl.java:setRole(171)) - 3a5f5f92-1fbc-4da9-891b-fb9af6a803f0:group-4BD28E86B1A9 changes role from FOLLOWER to CANDIDATE at term 6 for changeToCandidate
2019-08-20 19:42:05,286 [Thread-517] INFO  impl.RoleInfo (RoleInfo.java:updateAndGet(143)) - 3a5f5f92-1fbc-4da9-891b-fb9af6a803f0: start LeaderElection
2019-08-20 19:42:05,301 [grpc-default-executor-2] WARN  server.GrpcLogAppender (LogUtils.java:warn(134)) - 3a5f5f92-1fbc-4da9-891b-fb9af6a803f0->1eeec8c2-4c0f-4bc8-b0db-6391a5855575: Failed appendEntries: org.apache.ratis.thirdparty.io.grpc.StatusRuntimeException: UNAVAILABLE: io exception
2019-08-20 19:42:05,301 [grpc-default-executor-2] INFO  impl.FollowerInfo (FollowerInfo.java:lambda$new$0(50)) - 3a5f5f92-1fbc-4da9-891b-fb9af6a803f0->1eeec8c2-4c0f-4bc8-b0db-6391a5855575: nextIndex: updateUnconditionally 0 -> 0
2019-08-20 19:42:05,302 [3a5f5f92-1fbc-4da9-891b-fb9af6a803f0:group-4BD28E86B1A9:LeaderElection28] INFO  impl.LeaderElection (LeaderElection.java:askForVotes(181)) - 3a5f5f92-1fbc-4da9-891b-fb9af6a803f0:group-4BD28E86B1A9:LeaderElection28: begin an election at term 7 for 0: [1eeec8c2-4c0f-4bc8-b0db-6391a5855575:192.168.157.205:39192, 3a5f5f92-1fbc-4da9-891b-fb9af6a803f0:192.168.157.205:37319, ee8f8b66-a0a6-4ed9-8105-e31fb13b4287:192.168.157.205:44060], old=null
2019-08-20 19:42:05,306 [3a5f5f92-1fbc-4da9-891b-fb9af6a803f0:group-4BD28E86B1A9:LeaderElection28] INFO  impl.LeaderElection (LogUtils.java:infoOrTrace(149)) - 3a5f5f92-1fbc-4da9-891b-fb9af6a803f0:group-4BD28E86B1A9:LeaderElection28 got exception when requesting votes: {}
java.util.concurrent.ExecutionException: org.apache.ratis.thirdparty.io.grpc.StatusRuntimeException: UNAVAILABLE: io exception
	at java.util.concurrent.FutureTask.report(FutureTask.java:122)
	at java.util.concurrent.FutureTask.get(FutureTask.java:192)
	at org.apache.ratis.server.impl.LeaderElection.waitForResults(LeaderElection.java:262)
	at org.apache.ratis.server.impl.LeaderElection.askForVotes(LeaderElection.java:200)
	at org.apache.ratis.server.impl.LeaderElection.run(LeaderElection.java:130)
	at java.lang.Thread.run(Thread.java:748)
Caused by: org.apache.ratis.thirdparty.io.grpc.StatusRuntimeException: UNAVAILABLE: io exception
	at org.apache.ratis.thirdparty.io.grpc.stub.ClientCalls.toStatusRuntimeException(ClientCalls.java:233)
	at org.apache.ratis.thirdparty.io.grpc.stub.ClientCalls.getUnchecked(ClientCalls.java:214)
	at org.apache.ratis.thirdparty.io.grpc.stub.ClientCalls.blockingUnaryCall(ClientCalls.java:139)
	at org.apache.ratis.proto.grpc.RaftServerProtocolServiceGrpc$RaftServerProtocolServiceBlockingStub.requestVote(RaftServerProtocolServiceGrpc.java:265)
	at org.apache.ratis.grpc.server.GrpcServerProtocolClient.requestVote(GrpcServerProtocolClient.java:83)
	at org.apache.ratis.grpc.server.GrpcService.requestVote(GrpcService.java:195)
	at org.apache.ratis.server.impl.LeaderElection.lambda$submitRequests$1(LeaderElection.java:237)
	at java.util.concurrent.FutureTask.run(FutureTask.java:266)
	at java.util.concurrent.Executors$RunnableAdapter.call(Executors.java:511)
	at java.util.concurrent.FutureTask.run(FutureTask.java:266)
	at java.util.concurrent.ThreadPoolExecutor.runWorker(ThreadPoolExecutor.java:1149)
	at java.util.concurrent.ThreadPoolExecutor$Worker.run(ThreadPoolExecutor.java:624)
	... 1 more
Caused by: org.apache.ratis.thirdparty.io.netty.channel.AbstractChannel$AnnotatedConnectException: Connection refused: /192.168.157.205:44060
	at sun.nio.ch.SocketChannelImpl.checkConnect(Native Method)
	at sun.nio.ch.SocketChannelImpl.finishConnect(SocketChannelImpl.java:717)
	at org.apache.ratis.thirdparty.io.netty.channel.socket.nio.NioSocketChannel.doFinishConnect(NioSocketChannel.java:327)
	at org.apache.ratis.thirdparty.io.netty.channel.nio.AbstractNioChannel$AbstractNioUnsafe.finishConnect(AbstractNioChannel.java:340)
	at org.apache.ratis.thirdparty.io.netty.channel.nio.NioEventLoop.processSelectedKey(NioEventLoop.java:632)
	at org.apache.ratis.thirdparty.io.netty.channel.nio.NioEventLoop.processSelectedKeysOptimized(NioEventLoop.java:579)
	at org.apache.ratis.thirdparty.io.netty.channel.nio.NioEventLoop.processSelectedKeys(NioEventLoop.java:496)
	at org.apache.ratis.thirdparty.io.netty.channel.nio.NioEventLoop.run(NioEventLoop.java:458)
	at org.apache.ratis.thirdparty.io.netty.util.concurrent.SingleThreadEventExecutor$5.run(SingleThreadEventExecutor.java:897)
	at org.apache.ratis.thirdparty.io.netty.util.concurrent.FastThreadLocalRunnable.run(FastThreadLocalRunnable.java:30)
	... 1 more
Caused by: java.net.ConnectException: Connection refused
	... 11 more
2019-08-20 19:42:05,308 [3a5f5f92-1fbc-4da9-891b-fb9af6a803f0:group-4BD28E86B1A9:LeaderElection28] INFO  impl.LeaderElection (LogUtils.java:infoOrTrace(149)) - 3a5f5f92-1fbc-4da9-891b-fb9af6a803f0:group-4BD28E86B1A9:LeaderElection28 got exception when requesting votes: {}
java.util.concurrent.ExecutionException: org.apache.ratis.thirdparty.io.grpc.StatusRuntimeException: UNAVAILABLE: io exception
	at java.util.concurrent.FutureTask.report(FutureTask.java:122)
	at java.util.concurrent.FutureTask.get(FutureTask.java:192)
	at org.apache.ratis.server.impl.LeaderElection.waitForResults(LeaderElection.java:262)
	at org.apache.ratis.server.impl.LeaderElection.askForVotes(LeaderElection.java:200)
	at org.apache.ratis.server.impl.LeaderElection.run(LeaderElection.java:130)
	at java.lang.Thread.run(Thread.java:748)
Caused by: org.apache.ratis.thirdparty.io.grpc.StatusRuntimeException: UNAVAILABLE: io exception
	at org.apache.ratis.thirdparty.io.grpc.stub.ClientCalls.toStatusRuntimeException(ClientCalls.java:233)
	at org.apache.ratis.thirdparty.io.grpc.stub.ClientCalls.getUnchecked(ClientCalls.java:214)
	at org.apache.ratis.thirdparty.io.grpc.stub.ClientCalls.blockingUnaryCall(ClientCalls.java:139)
	at org.apache.ratis.proto.grpc.RaftServerProtocolServiceGrpc$RaftServerProtocolServiceBlockingStub.requestVote(RaftServerProtocolServiceGrpc.java:265)
	at org.apache.ratis.grpc.server.GrpcServerProtocolClient.requestVote(GrpcServerProtocolClient.java:83)
	at org.apache.ratis.grpc.server.GrpcService.requestVote(GrpcService.java:195)
	at org.apache.ratis.server.impl.LeaderElection.lambda$submitRequests$1(LeaderElection.java:237)
	at java.util.concurrent.FutureTask.run(FutureTask.java:266)
	at java.util.concurrent.Executors$RunnableAdapter.call(Executors.java:511)
	at java.util.concurrent.FutureTask.run(FutureTask.java:266)
	at java.util.concurrent.ThreadPoolExecutor.runWorker(ThreadPoolExecutor.java:1149)
	at java.util.concurrent.ThreadPoolExecutor$Worker.run(ThreadPoolExecutor.java:624)
	... 1 more
Caused by: org.apache.ratis.thirdparty.io.netty.channel.AbstractChannel$AnnotatedConnectException: Connection refused: /192.168.157.205:39192
	at sun.nio.ch.SocketChannelImpl.checkConnect(Native Method)
	at sun.nio.ch.SocketChannelImpl.finishConnect(SocketChannelImpl.java:717)
	at org.apache.ratis.thirdparty.io.netty.channel.socket.nio.NioSocketChannel.doFinishConnect(NioSocketChannel.java:327)
	at org.apache.ratis.thirdparty.io.netty.channel.nio.AbstractNioChannel$AbstractNioUnsafe.finishConnect(AbstractNioChannel.java:340)
	at org.apache.ratis.thirdparty.io.netty.channel.nio.NioEventLoop.processSelectedKey(NioEventLoop.java:632)
	at org.apache.ratis.thirdparty.io.netty.channel.nio.NioEventLoop.processSelectedKeysOptimized(NioEventLoop.java:579)
	at org.apache.ratis.thirdparty.io.netty.channel.nio.NioEventLoop.processSelectedKeys(NioEventLoop.java:496)
	at org.apache.ratis.thirdparty.io.netty.channel.nio.NioEventLoop.run(NioEventLoop.java:458)
	at org.apache.ratis.thirdparty.io.netty.util.concurrent.SingleThreadEventExecutor$5.run(SingleThreadEventExecutor.java:897)
	at org.apache.ratis.thirdparty.io.netty.util.concurrent.FastThreadLocalRunnable.run(FastThreadLocalRunnable.java:30)
	... 1 more
Caused by: java.net.ConnectException: Connection refused
	... 11 more
2019-08-20 19:42:05,311 [3a5f5f92-1fbc-4da9-891b-fb9af6a803f0:group-4BD28E86B1A9:LeaderElection28] INFO  impl.LeaderElection (LeaderElection.java:logAndReturn(56)) - 3a5f5f92-1fbc-4da9-891b-fb9af6a803f0:group-4BD28E86B1A9:LeaderElection28: Election REJECTED; received 0 response(s) [] and 2 exception(s); 3a5f5f92-1fbc-4da9-891b-fb9af6a803f0:t7, leader=null, voted=3a5f5f92-1fbc-4da9-891b-fb9af6a803f0, raftlog=3a5f5f92-1fbc-4da9-891b-fb9af6a803f0-SegmentedRaftLog:OPENED:c0,f0,i0, conf=0: [1eeec8c2-4c0f-4bc8-b0db-6391a5855575:192.168.157.205:39192, 3a5f5f92-1fbc-4da9-891b-fb9af6a803f0:192.168.157.205:37319, ee8f8b66-a0a6-4ed9-8105-e31fb13b4287:192.168.157.205:44060], old=null
2019-08-20 19:42:05,311 [3a5f5f92-1fbc-4da9-891b-fb9af6a803f0:group-4BD28E86B1A9:LeaderElection28] INFO  impl.LeaderElection (LogUtils.java:infoOrTrace(149)) -   Exception 0: {}
java.util.concurrent.ExecutionException: org.apache.ratis.thirdparty.io.grpc.StatusRuntimeException: UNAVAILABLE: io exception
	at java.util.concurrent.FutureTask.report(FutureTask.java:122)
	at java.util.concurrent.FutureTask.get(FutureTask.java:192)
	at org.apache.ratis.server.impl.LeaderElection.waitForResults(LeaderElection.java:262)
	at org.apache.ratis.server.impl.LeaderElection.askForVotes(LeaderElection.java:200)
	at org.apache.ratis.server.impl.LeaderElection.run(LeaderElection.java:130)
	at java.lang.Thread.run(Thread.java:748)
Caused by: org.apache.ratis.thirdparty.io.grpc.StatusRuntimeException: UNAVAILABLE: io exception
	at org.apache.ratis.thirdparty.io.grpc.stub.ClientCalls.toStatusRuntimeException(ClientCalls.java:233)
	at org.apache.ratis.thirdparty.io.grpc.stub.ClientCalls.getUnchecked(ClientCalls.java:214)
	at org.apache.ratis.thirdparty.io.grpc.stub.ClientCalls.blockingUnaryCall(ClientCalls.java:139)
	at org.apache.ratis.proto.grpc.RaftServerProtocolServiceGrpc$RaftServerProtocolServiceBlockingStub.requestVote(RaftServerProtocolServiceGrpc.java:265)
	at org.apache.ratis.grpc.server.GrpcServerProtocolClient.requestVote(GrpcServerProtocolClient.java:83)
	at org.apache.ratis.grpc.server.GrpcService.requestVote(GrpcService.java:195)
	at org.apache.ratis.server.impl.LeaderElection.lambda$submitRequests$1(LeaderElection.java:237)
	at java.util.concurrent.FutureTask.run(FutureTask.java:266)
	at java.util.concurrent.Executors$RunnableAdapter.call(Executors.java:511)
	at java.util.concurrent.FutureTask.run(FutureTask.java:266)
	at java.util.concurrent.ThreadPoolExecutor.runWorker(ThreadPoolExecutor.java:1149)
	at java.util.concurrent.ThreadPoolExecutor$Worker.run(ThreadPoolExecutor.java:624)
	... 1 more
Caused by: org.apache.ratis.thirdparty.io.netty.channel.AbstractChannel$AnnotatedConnectException: Connection refused: /192.168.157.205:44060
	at sun.nio.ch.SocketChannelImpl.checkConnect(Native Method)
	at sun.nio.ch.SocketChannelImpl.finishConnect(SocketChannelImpl.java:717)
	at org.apache.ratis.thirdparty.io.netty.channel.socket.nio.NioSocketChannel.doFinishConnect(NioSocketChannel.java:327)
	at org.apache.ratis.thirdparty.io.netty.channel.nio.AbstractNioChannel$AbstractNioUnsafe.finishConnect(AbstractNioChannel.java:340)
	at org.apache.ratis.thirdparty.io.netty.channel.nio.NioEventLoop.processSelectedKey(NioEventLoop.java:632)
	at org.apache.ratis.thirdparty.io.netty.channel.nio.NioEventLoop.processSelectedKeysOptimized(NioEventLoop.java:579)
	at org.apache.ratis.thirdparty.io.netty.channel.nio.NioEventLoop.processSelectedKeys(NioEventLoop.java:496)
	at org.apache.ratis.thirdparty.io.netty.channel.nio.NioEventLoop.run(NioEventLoop.java:458)
	at org.apache.ratis.thirdparty.io.netty.util.concurrent.SingleThreadEventExecutor$5.run(SingleThreadEventExecutor.java:897)
	at org.apache.ratis.thirdparty.io.netty.util.concurrent.FastThreadLocalRunnable.run(FastThreadLocalRunnable.java:30)
	... 1 more
Caused by: java.net.ConnectException: Connection refused
	... 11 more
2019-08-20 19:42:05,312 [3a5f5f92-1fbc-4da9-891b-fb9af6a803f0:group-4BD28E86B1A9:LeaderElection28] INFO  impl.LeaderElection (LogUtils.java:infoOrTrace(149)) -   Exception 1: {}
java.util.concurrent.ExecutionException: org.apache.ratis.thirdparty.io.grpc.StatusRuntimeException: UNAVAILABLE: io exception
	at java.util.concurrent.FutureTask.report(FutureTask.java:122)
	at java.util.concurrent.FutureTask.get(FutureTask.java:192)
	at org.apache.ratis.server.impl.LeaderElection.waitForResults(LeaderElection.java:262)
	at org.apache.ratis.server.impl.LeaderElection.askForVotes(LeaderElection.java:200)
	at org.apache.ratis.server.impl.LeaderElection.run(LeaderElection.java:130)
	at java.lang.Thread.run(Thread.java:748)
Caused by: org.apache.ratis.thirdparty.io.grpc.StatusRuntimeException: UNAVAILABLE: io exception
	at org.apache.ratis.thirdparty.io.grpc.stub.ClientCalls.toStatusRuntimeException(ClientCalls.java:233)
	at org.apache.ratis.thirdparty.io.grpc.stub.ClientCalls.getUnchecked(ClientCalls.java:214)
	at org.apache.ratis.thirdparty.io.grpc.stub.ClientCalls.blockingUnaryCall(ClientCalls.java:139)
	at org.apache.ratis.proto.grpc.RaftServerProtocolServiceGrpc$RaftServerProtocolServiceBlockingStub.requestVote(RaftServerProtocolServiceGrpc.java:265)
	at org.apache.ratis.grpc.server.GrpcServerProtocolClient.requestVote(GrpcServerProtocolClient.java:83)
	at org.apache.ratis.grpc.server.GrpcService.requestVote(GrpcService.java:195)
	at org.apache.ratis.server.impl.LeaderElection.lambda$submitRequests$1(LeaderElection.java:237)
	at java.util.concurrent.FutureTask.run(FutureTask.java:266)
	at java.util.concurrent.Executors$RunnableAdapter.call(Executors.java:511)
	at java.util.concurrent.FutureTask.run(FutureTask.java:266)
	at java.util.concurrent.ThreadPoolExecutor.runWorker(ThreadPoolExecutor.java:1149)
	at java.util.concurrent.ThreadPoolExecutor$Worker.run(ThreadPoolExecutor.java:624)
	... 1 more
Caused by: org.apache.ratis.thirdparty.io.netty.channel.AbstractChannel$AnnotatedConnectException: Connection refused: /192.168.157.205:39192
	at sun.nio.ch.SocketChannelImpl.checkConnect(Native Method)
	at sun.nio.ch.SocketChannelImpl.finishConnect(SocketChannelImpl.java:717)
	at org.apache.ratis.thirdparty.io.netty.channel.socket.nio.NioSocketChannel.doFinishConnect(NioSocketChannel.java:327)
	at org.apache.ratis.thirdparty.io.netty.channel.nio.AbstractNioChannel$AbstractNioUnsafe.finishConnect(AbstractNioChannel.java:340)
	at org.apache.ratis.thirdparty.io.netty.channel.nio.NioEventLoop.processSelectedKey(NioEventLoop.java:632)
	at org.apache.ratis.thirdparty.io.netty.channel.nio.NioEventLoop.processSelectedKeysOptimized(NioEventLoop.java:579)
	at org.apache.ratis.thirdparty.io.netty.channel.nio.NioEventLoop.processSelectedKeys(NioEventLoop.java:496)
	at org.apache.ratis.thirdparty.io.netty.channel.nio.NioEventLoop.run(NioEventLoop.java:458)
	at org.apache.ratis.thirdparty.io.netty.util.concurrent.SingleThreadEventExecutor$5.run(SingleThreadEventExecutor.java:897)
	at org.apache.ratis.thirdparty.io.netty.util.concurrent.FastThreadLocalRunnable.run(FastThreadLocalRunnable.java:30)
	... 1 more
Caused by: java.net.ConnectException: Connection refused
	... 11 more
2019-08-20 19:42:05,313 [3a5f5f92-1fbc-4da9-891b-fb9af6a803f0:group-4BD28E86B1A9:LeaderElection28] INFO  impl.RaftServerImpl (RaftServerImpl.java:setRole(171)) - 3a5f5f92-1fbc-4da9-891b-fb9af6a803f0:group-4BD28E86B1A9 changes role from CANDIDATE to FOLLOWER at term 7 for DISCOVERED_A_NEW_TERM
2019-08-20 19:42:05,313 [3a5f5f92-1fbc-4da9-891b-fb9af6a803f0:group-4BD28E86B1A9:LeaderElection28] INFO  impl.RoleInfo (RoleInfo.java:shutdownLeaderElection(134)) - 3a5f5f92-1fbc-4da9-891b-fb9af6a803f0: shutdown LeaderElection
2019-08-20 19:42:05,313 [3a5f5f92-1fbc-4da9-891b-fb9af6a803f0:group-4BD28E86B1A9:LeaderElection28] INFO  impl.RoleInfo (RoleInfo.java:updateAndGet(143)) - 3a5f5f92-1fbc-4da9-891b-fb9af6a803f0: start FollowerState
2019-08-20 19:42:05,342 | INFO  | SCMAudit | user=jenkins1000 | ip=192.168.157.205 | op=SEND_HEARTBEAT {datanodeUUID=a9286357-6b15-4043-a893-920ae835d3d2, command=[]} | ret=SUCCESS |  
2019-08-20 19:42:05,770 [grpc-default-executor-2] WARN  server.GrpcLogAppender (LogUtils.java:warn(134)) - 3a5f5f92-1fbc-4da9-891b-fb9af6a803f0->ee8f8b66-a0a6-4ed9-8105-e31fb13b4287: Failed appendEntries: org.apache.ratis.thirdparty.io.grpc.StatusRuntimeException: UNAVAILABLE: io exception
2019-08-20 19:42:05,770 [grpc-default-executor-2] INFO  impl.FollowerInfo (FollowerInfo.java:lambda$new$0(50)) - 3a5f5f92-1fbc-4da9-891b-fb9af6a803f0->ee8f8b66-a0a6-4ed9-8105-e31fb13b4287: nextIndex: updateUnconditionally 0 -> 0
2019-08-20 19:42:05,801 [grpc-default-executor-2] WARN  server.GrpcLogAppender (LogUtils.java:warn(134)) - 3a5f5f92-1fbc-4da9-891b-fb9af6a803f0->1eeec8c2-4c0f-4bc8-b0db-6391a5855575: Failed appendEntries: org.apache.ratis.thirdparty.io.grpc.StatusRuntimeException: UNAVAILABLE: io exception
2019-08-20 19:42:05,802 [grpc-default-executor-2] INFO  impl.FollowerInfo (FollowerInfo.java:lambda$new$0(50)) - 3a5f5f92-1fbc-4da9-891b-fb9af6a803f0->1eeec8c2-4c0f-4bc8-b0db-6391a5855575: nextIndex: updateUnconditionally 0 -> 0
2019-08-20 19:42:05,895 | INFO  | SCMAudit | user=jenkins1000 | ip=192.168.157.205 | op=SEND_HEARTBEAT {datanodeUUID=8109623e-cc10-4f33-b553-5cc878b10d85, command=[]} | ret=SUCCESS |  
2019-08-20 19:42:06,274 [grpc-default-executor-5] WARN  server.GrpcLogAppender (LogUtils.java:warn(134)) - 3a5f5f92-1fbc-4da9-891b-fb9af6a803f0->ee8f8b66-a0a6-4ed9-8105-e31fb13b4287: Failed appendEntries: org.apache.ratis.thirdparty.io.grpc.StatusRuntimeException: UNAVAILABLE: io exception
2019-08-20 19:42:06,274 [grpc-default-executor-5] INFO  impl.FollowerInfo (FollowerInfo.java:lambda$new$0(50)) - 3a5f5f92-1fbc-4da9-891b-fb9af6a803f0->ee8f8b66-a0a6-4ed9-8105-e31fb13b4287: nextIndex: updateUnconditionally 0 -> 0
2019-08-20 19:42:06,303 [Thread-525] INFO  impl.FollowerState (FollowerState.java:run(106)) - 3a5f5f92-1fbc-4da9-891b-fb9af6a803f0:group-78F196AB2FA0 changes to CANDIDATE, lastRpcTime:1112, electionTimeout:1112ms
2019-08-20 19:42:06,303 [Thread-525] INFO  impl.RoleInfo (RoleInfo.java:shutdownFollowerState(121)) - 3a5f5f92-1fbc-4da9-891b-fb9af6a803f0: shutdown FollowerState
2019-08-20 19:42:06,303 [Thread-525] INFO  impl.RaftServerImpl (RaftServerImpl.java:setRole(171)) - 3a5f5f92-1fbc-4da9-891b-fb9af6a803f0:group-78F196AB2FA0 changes role from FOLLOWER to CANDIDATE at term 8 for changeToCandidate
2019-08-20 19:42:06,303 [Thread-525] INFO  impl.RoleInfo (RoleInfo.java:updateAndGet(143)) - 3a5f5f92-1fbc-4da9-891b-fb9af6a803f0: start LeaderElection
2019-08-20 19:42:06,307 [grpc-default-executor-2] WARN  server.GrpcLogAppender (LogUtils.java:warn(134)) - 3a5f5f92-1fbc-4da9-891b-fb9af6a803f0->1eeec8c2-4c0f-4bc8-b0db-6391a5855575: Failed appendEntries: org.apache.ratis.thirdparty.io.grpc.StatusRuntimeException: UNAVAILABLE: io exception
2019-08-20 19:42:06,308 [grpc-default-executor-2] INFO  impl.FollowerInfo (FollowerInfo.java:lambda$new$0(50)) - 3a5f5f92-1fbc-4da9-891b-fb9af6a803f0->1eeec8c2-4c0f-4bc8-b0db-6391a5855575: nextIndex: updateUnconditionally 0 -> 0
2019-08-20 19:42:06,331 [3a5f5f92-1fbc-4da9-891b-fb9af6a803f0:group-78F196AB2FA0:LeaderElection29] INFO  impl.LeaderElection (LeaderElection.java:askForVotes(181)) - 3a5f5f92-1fbc-4da9-891b-fb9af6a803f0:group-78F196AB2FA0:LeaderElection29: begin an election at term 9 for 1: [1eeec8c2-4c0f-4bc8-b0db-6391a5855575:192.168.157.205:39192, 3a5f5f92-1fbc-4da9-891b-fb9af6a803f0:192.168.157.205:37319, ee8f8b66-a0a6-4ed9-8105-e31fb13b4287:192.168.157.205:44060], old=null
2019-08-20 19:42:06,334 [3a5f5f92-1fbc-4da9-891b-fb9af6a803f0:group-78F196AB2FA0:LeaderElection29] INFO  impl.LeaderElection (LogUtils.java:infoOrTrace(149)) - 3a5f5f92-1fbc-4da9-891b-fb9af6a803f0:group-78F196AB2FA0:LeaderElection29 got exception when requesting votes: {}
java.util.concurrent.ExecutionException: org.apache.ratis.thirdparty.io.grpc.StatusRuntimeException: UNAVAILABLE: io exception
	at java.util.concurrent.FutureTask.report(FutureTask.java:122)
	at java.util.concurrent.FutureTask.get(FutureTask.java:192)
	at org.apache.ratis.server.impl.LeaderElection.waitForResults(LeaderElection.java:262)
	at org.apache.ratis.server.impl.LeaderElection.askForVotes(LeaderElection.java:200)
	at org.apache.ratis.server.impl.LeaderElection.run(LeaderElection.java:130)
	at java.lang.Thread.run(Thread.java:748)
Caused by: org.apache.ratis.thirdparty.io.grpc.StatusRuntimeException: UNAVAILABLE: io exception
	at org.apache.ratis.thirdparty.io.grpc.stub.ClientCalls.toStatusRuntimeException(ClientCalls.java:233)
	at org.apache.ratis.thirdparty.io.grpc.stub.ClientCalls.getUnchecked(ClientCalls.java:214)
	at org.apache.ratis.thirdparty.io.grpc.stub.ClientCalls.blockingUnaryCall(ClientCalls.java:139)
	at org.apache.ratis.proto.grpc.RaftServerProtocolServiceGrpc$RaftServerProtocolServiceBlockingStub.requestVote(RaftServerProtocolServiceGrpc.java:265)
	at org.apache.ratis.grpc.server.GrpcServerProtocolClient.requestVote(GrpcServerProtocolClient.java:83)
	at org.apache.ratis.grpc.server.GrpcService.requestVote(GrpcService.java:195)
	at org.apache.ratis.server.impl.LeaderElection.lambda$submitRequests$1(LeaderElection.java:237)
	at java.util.concurrent.FutureTask.run(FutureTask.java:266)
	at java.util.concurrent.Executors$RunnableAdapter.call(Executors.java:511)
	at java.util.concurrent.FutureTask.run(FutureTask.java:266)
	at java.util.concurrent.ThreadPoolExecutor.runWorker(ThreadPoolExecutor.java:1149)
	at java.util.concurrent.ThreadPoolExecutor$Worker.run(ThreadPoolExecutor.java:624)
	... 1 more
Caused by: org.apache.ratis.thirdparty.io.netty.channel.AbstractChannel$AnnotatedConnectException: Connection refused: /192.168.157.205:39192
	at sun.nio.ch.SocketChannelImpl.checkConnect(Native Method)
	at sun.nio.ch.SocketChannelImpl.finishConnect(SocketChannelImpl.java:717)
	at org.apache.ratis.thirdparty.io.netty.channel.socket.nio.NioSocketChannel.doFinishConnect(NioSocketChannel.java:327)
	at org.apache.ratis.thirdparty.io.netty.channel.nio.AbstractNioChannel$AbstractNioUnsafe.finishConnect(AbstractNioChannel.java:340)
	at org.apache.ratis.thirdparty.io.netty.channel.nio.NioEventLoop.processSelectedKey(NioEventLoop.java:632)
	at org.apache.ratis.thirdparty.io.netty.channel.nio.NioEventLoop.processSelectedKeysOptimized(NioEventLoop.java:579)
	at org.apache.ratis.thirdparty.io.netty.channel.nio.NioEventLoop.processSelectedKeys(NioEventLoop.java:496)
	at org.apache.ratis.thirdparty.io.netty.channel.nio.NioEventLoop.run(NioEventLoop.java:458)
	at org.apache.ratis.thirdparty.io.netty.util.concurrent.SingleThreadEventExecutor$5.run(SingleThreadEventExecutor.java:897)
	at org.apache.ratis.thirdparty.io.netty.util.concurrent.FastThreadLocalRunnable.run(FastThreadLocalRunnable.java:30)
	... 1 more
Caused by: java.net.ConnectException: Connection refused
	... 11 more
2019-08-20 19:42:06,336 [3a5f5f92-1fbc-4da9-891b-fb9af6a803f0:group-78F196AB2FA0:LeaderElection29] INFO  impl.LeaderElection (LogUtils.java:infoOrTrace(149)) - 3a5f5f92-1fbc-4da9-891b-fb9af6a803f0:group-78F196AB2FA0:LeaderElection29 got exception when requesting votes: {}
java.util.concurrent.ExecutionException: org.apache.ratis.thirdparty.io.grpc.StatusRuntimeException: UNAVAILABLE: io exception
	at java.util.concurrent.FutureTask.report(FutureTask.java:122)
	at java.util.concurrent.FutureTask.get(FutureTask.java:192)
	at org.apache.ratis.server.impl.LeaderElection.waitForResults(LeaderElection.java:262)
	at org.apache.ratis.server.impl.LeaderElection.askForVotes(LeaderElection.java:200)
	at org.apache.ratis.server.impl.LeaderElection.run(LeaderElection.java:130)
	at java.lang.Thread.run(Thread.java:748)
Caused by: org.apache.ratis.thirdparty.io.grpc.StatusRuntimeException: UNAVAILABLE: io exception
	at org.apache.ratis.thirdparty.io.grpc.stub.ClientCalls.toStatusRuntimeException(ClientCalls.java:233)
	at org.apache.ratis.thirdparty.io.grpc.stub.ClientCalls.getUnchecked(ClientCalls.java:214)
	at org.apache.ratis.thirdparty.io.grpc.stub.ClientCalls.blockingUnaryCall(ClientCalls.java:139)
	at org.apache.ratis.proto.grpc.RaftServerProtocolServiceGrpc$RaftServerProtocolServiceBlockingStub.requestVote(RaftServerProtocolServiceGrpc.java:265)
	at org.apache.ratis.grpc.server.GrpcServerProtocolClient.requestVote(GrpcServerProtocolClient.java:83)
	at org.apache.ratis.grpc.server.GrpcService.requestVote(GrpcService.java:195)
	at org.apache.ratis.server.impl.LeaderElection.lambda$submitRequests$1(LeaderElection.java:237)
	at java.util.concurrent.FutureTask.run(FutureTask.java:266)
	at java.util.concurrent.Executors$RunnableAdapter.call(Executors.java:511)
	at java.util.concurrent.FutureTask.run(FutureTask.java:266)
	at java.util.concurrent.ThreadPoolExecutor.runWorker(ThreadPoolExecutor.java:1149)
	at java.util.concurrent.ThreadPoolExecutor$Worker.run(ThreadPoolExecutor.java:624)
	... 1 more
Caused by: org.apache.ratis.thirdparty.io.netty.channel.AbstractChannel$AnnotatedConnectException: Connection refused: /192.168.157.205:44060
	at sun.nio.ch.SocketChannelImpl.checkConnect(Native Method)
	at sun.nio.ch.SocketChannelImpl.finishConnect(SocketChannelImpl.java:717)
	at org.apache.ratis.thirdparty.io.netty.channel.socket.nio.NioSocketChannel.doFinishConnect(NioSocketChannel.java:327)
	at org.apache.ratis.thirdparty.io.netty.channel.nio.AbstractNioChannel$AbstractNioUnsafe.finishConnect(AbstractNioChannel.java:340)
	at org.apache.ratis.thirdparty.io.netty.channel.nio.NioEventLoop.processSelectedKey(NioEventLoop.java:632)
	at org.apache.ratis.thirdparty.io.netty.channel.nio.NioEventLoop.processSelectedKeysOptimized(NioEventLoop.java:579)
	at org.apache.ratis.thirdparty.io.netty.channel.nio.NioEventLoop.processSelectedKeys(NioEventLoop.java:496)
	at org.apache.ratis.thirdparty.io.netty.channel.nio.NioEventLoop.run(NioEventLoop.java:458)
	at org.apache.ratis.thirdparty.io.netty.util.concurrent.SingleThreadEventExecutor$5.run(SingleThreadEventExecutor.java:897)
	at org.apache.ratis.thirdparty.io.netty.util.concurrent.FastThreadLocalRunnable.run(FastThreadLocalRunnable.java:30)
	... 1 more
Caused by: java.net.ConnectException: Connection refused
	... 11 more
2019-08-20 19:42:06,338 [3a5f5f92-1fbc-4da9-891b-fb9af6a803f0:group-78F196AB2FA0:LeaderElection29] INFO  impl.LeaderElection (LeaderElection.java:logAndReturn(56)) - 3a5f5f92-1fbc-4da9-891b-fb9af6a803f0:group-78F196AB2FA0:LeaderElection29: Election REJECTED; received 0 response(s) [] and 2 exception(s); 3a5f5f92-1fbc-4da9-891b-fb9af6a803f0:t9, leader=null, voted=3a5f5f92-1fbc-4da9-891b-fb9af6a803f0, raftlog=3a5f5f92-1fbc-4da9-891b-fb9af6a803f0-SegmentedRaftLog:OPENED:c2,f2,i2, conf=1: [1eeec8c2-4c0f-4bc8-b0db-6391a5855575:192.168.157.205:39192, 3a5f5f92-1fbc-4da9-891b-fb9af6a803f0:192.168.157.205:37319, ee8f8b66-a0a6-4ed9-8105-e31fb13b4287:192.168.157.205:44060], old=null
2019-08-20 19:42:06,339 [3a5f5f92-1fbc-4da9-891b-fb9af6a803f0:group-78F196AB2FA0:LeaderElection29] INFO  impl.LeaderElection (LogUtils.java:infoOrTrace(149)) -   Exception 0: {}
java.util.concurrent.ExecutionException: org.apache.ratis.thirdparty.io.grpc.StatusRuntimeException: UNAVAILABLE: io exception
	at java.util.concurrent.FutureTask.report(FutureTask.java:122)
	at java.util.concurrent.FutureTask.get(FutureTask.java:192)
	at org.apache.ratis.server.impl.LeaderElection.waitForResults(LeaderElection.java:262)
	at org.apache.ratis.server.impl.LeaderElection.askForVotes(LeaderElection.java:200)
	at org.apache.ratis.server.impl.LeaderElection.run(LeaderElection.java:130)
	at java.lang.Thread.run(Thread.java:748)
Caused by: org.apache.ratis.thirdparty.io.grpc.StatusRuntimeException: UNAVAILABLE: io exception
	at org.apache.ratis.thirdparty.io.grpc.stub.ClientCalls.toStatusRuntimeException(ClientCalls.java:233)
	at org.apache.ratis.thirdparty.io.grpc.stub.ClientCalls.getUnchecked(ClientCalls.java:214)
	at org.apache.ratis.thirdparty.io.grpc.stub.ClientCalls.blockingUnaryCall(ClientCalls.java:139)
	at org.apache.ratis.proto.grpc.RaftServerProtocolServiceGrpc$RaftServerProtocolServiceBlockingStub.requestVote(RaftServerProtocolServiceGrpc.java:265)
	at org.apache.ratis.grpc.server.GrpcServerProtocolClient.requestVote(GrpcServerProtocolClient.java:83)
	at org.apache.ratis.grpc.server.GrpcService.requestVote(GrpcService.java:195)
	at org.apache.ratis.server.impl.LeaderElection.lambda$submitRequests$1(LeaderElection.java:237)
	at java.util.concurrent.FutureTask.run(FutureTask.java:266)
	at java.util.concurrent.Executors$RunnableAdapter.call(Executors.java:511)
	at java.util.concurrent.FutureTask.run(FutureTask.java:266)
	at java.util.concurrent.ThreadPoolExecutor.runWorker(ThreadPoolExecutor.java:1149)
	at java.util.concurrent.ThreadPoolExecutor$Worker.run(ThreadPoolExecutor.java:624)
	... 1 more
Caused by: org.apache.ratis.thirdparty.io.netty.channel.AbstractChannel$AnnotatedConnectException: Connection refused: /192.168.157.205:39192
	at sun.nio.ch.SocketChannelImpl.checkConnect(Native Method)
	at sun.nio.ch.SocketChannelImpl.finishConnect(SocketChannelImpl.java:717)
	at org.apache.ratis.thirdparty.io.netty.channel.socket.nio.NioSocketChannel.doFinishConnect(NioSocketChannel.java:327)
	at org.apache.ratis.thirdparty.io.netty.channel.nio.AbstractNioChannel$AbstractNioUnsafe.finishConnect(AbstractNioChannel.java:340)
	at org.apache.ratis.thirdparty.io.netty.channel.nio.NioEventLoop.processSelectedKey(NioEventLoop.java:632)
	at org.apache.ratis.thirdparty.io.netty.channel.nio.NioEventLoop.processSelectedKeysOptimized(NioEventLoop.java:579)
	at org.apache.ratis.thirdparty.io.netty.channel.nio.NioEventLoop.processSelectedKeys(NioEventLoop.java:496)
	at org.apache.ratis.thirdparty.io.netty.channel.nio.NioEventLoop.run(NioEventLoop.java:458)
	at org.apache.ratis.thirdparty.io.netty.util.concurrent.SingleThreadEventExecutor$5.run(SingleThreadEventExecutor.java:897)
	at org.apache.ratis.thirdparty.io.netty.util.concurrent.FastThreadLocalRunnable.run(FastThreadLocalRunnable.java:30)
	... 1 more
Caused by: java.net.ConnectException: Connection refused
	... 11 more
2019-08-20 19:42:06,339 [3a5f5f92-1fbc-4da9-891b-fb9af6a803f0:group-78F196AB2FA0:LeaderElection29] INFO  impl.LeaderElection (LogUtils.java:infoOrTrace(149)) -   Exception 1: {}
java.util.concurrent.ExecutionException: org.apache.ratis.thirdparty.io.grpc.StatusRuntimeException: UNAVAILABLE: io exception
	at java.util.concurrent.FutureTask.report(FutureTask.java:122)
	at java.util.concurrent.FutureTask.get(FutureTask.java:192)
	at org.apache.ratis.server.impl.LeaderElection.waitForResults(LeaderElection.java:262)
	at org.apache.ratis.server.impl.LeaderElection.askForVotes(LeaderElection.java:200)
	at org.apache.ratis.server.impl.LeaderElection.run(LeaderElection.java:130)
	at java.lang.Thread.run(Thread.java:748)
Caused by: org.apache.ratis.thirdparty.io.grpc.StatusRuntimeException: UNAVAILABLE: io exception
	at org.apache.ratis.thirdparty.io.grpc.stub.ClientCalls.toStatusRuntimeException(ClientCalls.java:233)
	at org.apache.ratis.thirdparty.io.grpc.stub.ClientCalls.getUnchecked(ClientCalls.java:214)
	at org.apache.ratis.thirdparty.io.grpc.stub.ClientCalls.blockingUnaryCall(ClientCalls.java:139)
	at org.apache.ratis.proto.grpc.RaftServerProtocolServiceGrpc$RaftServerProtocolServiceBlockingStub.requestVote(RaftServerProtocolServiceGrpc.java:265)
	at org.apache.ratis.grpc.server.GrpcServerProtocolClient.requestVote(GrpcServerProtocolClient.java:83)
	at org.apache.ratis.grpc.server.GrpcService.requestVote(GrpcService.java:195)
	at org.apache.ratis.server.impl.LeaderElection.lambda$submitRequests$1(LeaderElection.java:237)
	at java.util.concurrent.FutureTask.run(FutureTask.java:266)
	at java.util.concurrent.Executors$RunnableAdapter.call(Executors.java:511)
	at java.util.concurrent.FutureTask.run(FutureTask.java:266)
	at java.util.concurrent.ThreadPoolExecutor.runWorker(ThreadPoolExecutor.java:1149)
	at java.util.concurrent.ThreadPoolExecutor$Worker.run(ThreadPoolExecutor.java:624)
	... 1 more
Caused by: org.apache.ratis.thirdparty.io.netty.channel.AbstractChannel$AnnotatedConnectException: Connection refused: /192.168.157.205:44060
	at sun.nio.ch.SocketChannelImpl.checkConnect(Native Method)
	at sun.nio.ch.SocketChannelImpl.finishConnect(SocketChannelImpl.java:717)
	at org.apache.ratis.thirdparty.io.netty.channel.socket.nio.NioSocketChannel.doFinishConnect(NioSocketChannel.java:327)
	at org.apache.ratis.thirdparty.io.netty.channel.nio.AbstractNioChannel$AbstractNioUnsafe.finishConnect(AbstractNioChannel.java:340)
	at org.apache.ratis.thirdparty.io.netty.channel.nio.NioEventLoop.processSelectedKey(NioEventLoop.java:632)
	at org.apache.ratis.thirdparty.io.netty.channel.nio.NioEventLoop.processSelectedKeysOptimized(NioEventLoop.java:579)
	at org.apache.ratis.thirdparty.io.netty.channel.nio.NioEventLoop.processSelectedKeys(NioEventLoop.java:496)
	at org.apache.ratis.thirdparty.io.netty.channel.nio.NioEventLoop.run(NioEventLoop.java:458)
	at org.apache.ratis.thirdparty.io.netty.util.concurrent.SingleThreadEventExecutor$5.run(SingleThreadEventExecutor.java:897)
	at org.apache.ratis.thirdparty.io.netty.util.concurrent.FastThreadLocalRunnable.run(FastThreadLocalRunnable.java:30)
	... 1 more
Caused by: java.net.ConnectException: Connection refused
	... 11 more
2019-08-20 19:42:06,340 [3a5f5f92-1fbc-4da9-891b-fb9af6a803f0:group-78F196AB2FA0:LeaderElection29] INFO  impl.RaftServerImpl (RaftServerImpl.java:setRole(171)) - 3a5f5f92-1fbc-4da9-891b-fb9af6a803f0:group-78F196AB2FA0 changes role from CANDIDATE to FOLLOWER at term 9 for DISCOVERED_A_NEW_TERM
2019-08-20 19:42:06,340 [3a5f5f92-1fbc-4da9-891b-fb9af6a803f0:group-78F196AB2FA0:LeaderElection29] INFO  impl.RoleInfo (RoleInfo.java:shutdownLeaderElection(134)) - 3a5f5f92-1fbc-4da9-891b-fb9af6a803f0: shutdown LeaderElection
2019-08-20 19:42:06,340 [3a5f5f92-1fbc-4da9-891b-fb9af6a803f0:group-78F196AB2FA0:LeaderElection29] INFO  impl.RoleInfo (RoleInfo.java:updateAndGet(143)) - 3a5f5f92-1fbc-4da9-891b-fb9af6a803f0: start FollowerState
2019-08-20 19:42:06,342 | INFO  | SCMAudit | user=jenkins1000 | ip=192.168.157.205 | op=SEND_HEARTBEAT {datanodeUUID=a9286357-6b15-4043-a893-920ae835d3d2, command=[]} | ret=SUCCESS |  
2019-08-20 19:42:06,441 [Thread-529] INFO  impl.FollowerState (FollowerState.java:run(106)) - 3a5f5f92-1fbc-4da9-891b-fb9af6a803f0:group-4BD28E86B1A9 changes to CANDIDATE, lastRpcTime:1127, electionTimeout:1127ms
2019-08-20 19:42:06,441 [Thread-529] INFO  impl.RoleInfo (RoleInfo.java:shutdownFollowerState(121)) - 3a5f5f92-1fbc-4da9-891b-fb9af6a803f0: shutdown FollowerState
2019-08-20 19:42:06,441 [Thread-529] INFO  impl.RaftServerImpl (RaftServerImpl.java:setRole(171)) - 3a5f5f92-1fbc-4da9-891b-fb9af6a803f0:group-4BD28E86B1A9 changes role from FOLLOWER to CANDIDATE at term 7 for changeToCandidate
2019-08-20 19:42:06,441 [Thread-529] INFO  impl.RoleInfo (RoleInfo.java:updateAndGet(143)) - 3a5f5f92-1fbc-4da9-891b-fb9af6a803f0: start LeaderElection
2019-08-20 19:42:06,457 [3a5f5f92-1fbc-4da9-891b-fb9af6a803f0:group-4BD28E86B1A9:LeaderElection30] INFO  impl.LeaderElection (LeaderElection.java:askForVotes(181)) - 3a5f5f92-1fbc-4da9-891b-fb9af6a803f0:group-4BD28E86B1A9:LeaderElection30: begin an election at term 8 for 0: [1eeec8c2-4c0f-4bc8-b0db-6391a5855575:192.168.157.205:39192, 3a5f5f92-1fbc-4da9-891b-fb9af6a803f0:192.168.157.205:37319, ee8f8b66-a0a6-4ed9-8105-e31fb13b4287:192.168.157.205:44060], old=null
2019-08-20 19:42:06,458 [3a5f5f92-1fbc-4da9-891b-fb9af6a803f0:group-4BD28E86B1A9:LeaderElection30] INFO  impl.LeaderElection (LogUtils.java:infoOrTrace(149)) - 3a5f5f92-1fbc-4da9-891b-fb9af6a803f0:group-4BD28E86B1A9:LeaderElection30 got exception when requesting votes: {}
java.util.concurrent.ExecutionException: org.apache.ratis.thirdparty.io.grpc.StatusRuntimeException: UNAVAILABLE: io exception
	at java.util.concurrent.FutureTask.report(FutureTask.java:122)
	at java.util.concurrent.FutureTask.get(FutureTask.java:192)
	at org.apache.ratis.server.impl.LeaderElection.waitForResults(LeaderElection.java:262)
	at org.apache.ratis.server.impl.LeaderElection.askForVotes(LeaderElection.java:200)
	at org.apache.ratis.server.impl.LeaderElection.run(LeaderElection.java:130)
	at java.lang.Thread.run(Thread.java:748)
Caused by: org.apache.ratis.thirdparty.io.grpc.StatusRuntimeException: UNAVAILABLE: io exception
	at org.apache.ratis.thirdparty.io.grpc.stub.ClientCalls.toStatusRuntimeException(ClientCalls.java:233)
	at org.apache.ratis.thirdparty.io.grpc.stub.ClientCalls.getUnchecked(ClientCalls.java:214)
	at org.apache.ratis.thirdparty.io.grpc.stub.ClientCalls.blockingUnaryCall(ClientCalls.java:139)
	at org.apache.ratis.proto.grpc.RaftServerProtocolServiceGrpc$RaftServerProtocolServiceBlockingStub.requestVote(RaftServerProtocolServiceGrpc.java:265)
	at org.apache.ratis.grpc.server.GrpcServerProtocolClient.requestVote(GrpcServerProtocolClient.java:83)
	at org.apache.ratis.grpc.server.GrpcService.requestVote(GrpcService.java:195)
	at org.apache.ratis.server.impl.LeaderElection.lambda$submitRequests$1(LeaderElection.java:237)
	at java.util.concurrent.FutureTask.run(FutureTask.java:266)
	at java.util.concurrent.Executors$RunnableAdapter.call(Executors.java:511)
	at java.util.concurrent.FutureTask.run(FutureTask.java:266)
	at java.util.concurrent.ThreadPoolExecutor.runWorker(ThreadPoolExecutor.java:1149)
	at java.util.concurrent.ThreadPoolExecutor$Worker.run(ThreadPoolExecutor.java:624)
	... 1 more
Caused by: org.apache.ratis.thirdparty.io.netty.channel.AbstractChannel$AnnotatedConnectException: Connection refused: /192.168.157.205:44060
	at sun.nio.ch.SocketChannelImpl.checkConnect(Native Method)
	at sun.nio.ch.SocketChannelImpl.finishConnect(SocketChannelImpl.java:717)
	at org.apache.ratis.thirdparty.io.netty.channel.socket.nio.NioSocketChannel.doFinishConnect(NioSocketChannel.java:327)
	at org.apache.ratis.thirdparty.io.netty.channel.nio.AbstractNioChannel$AbstractNioUnsafe.finishConnect(AbstractNioChannel.java:340)
	at org.apache.ratis.thirdparty.io.netty.channel.nio.NioEventLoop.processSelectedKey(NioEventLoop.java:632)
	at org.apache.ratis.thirdparty.io.netty.channel.nio.NioEventLoop.processSelectedKeysOptimized(NioEventLoop.java:579)
	at org.apache.ratis.thirdparty.io.netty.channel.nio.NioEventLoop.processSelectedKeys(NioEventLoop.java:496)
	at org.apache.ratis.thirdparty.io.netty.channel.nio.NioEventLoop.run(NioEventLoop.java:458)
	at org.apache.ratis.thirdparty.io.netty.util.concurrent.SingleThreadEventExecutor$5.run(SingleThreadEventExecutor.java:897)
	at org.apache.ratis.thirdparty.io.netty.util.concurrent.FastThreadLocalRunnable.run(FastThreadLocalRunnable.java:30)
	... 1 more
Caused by: java.net.ConnectException: Connection refused
	... 11 more
2019-08-20 19:42:06,460 [3a5f5f92-1fbc-4da9-891b-fb9af6a803f0:group-4BD28E86B1A9:LeaderElection30] INFO  impl.LeaderElection (LogUtils.java:infoOrTrace(149)) - 3a5f5f92-1fbc-4da9-891b-fb9af6a803f0:group-4BD28E86B1A9:LeaderElection30 got exception when requesting votes: {}
java.util.concurrent.ExecutionException: org.apache.ratis.thirdparty.io.grpc.StatusRuntimeException: UNAVAILABLE: io exception
	at java.util.concurrent.FutureTask.report(FutureTask.java:122)
	at java.util.concurrent.FutureTask.get(FutureTask.java:192)
	at org.apache.ratis.server.impl.LeaderElection.waitForResults(LeaderElection.java:262)
	at org.apache.ratis.server.impl.LeaderElection.askForVotes(LeaderElection.java:200)
	at org.apache.ratis.server.impl.LeaderElection.run(LeaderElection.java:130)
	at java.lang.Thread.run(Thread.java:748)
Caused by: org.apache.ratis.thirdparty.io.grpc.StatusRuntimeException: UNAVAILABLE: io exception
	at org.apache.ratis.thirdparty.io.grpc.stub.ClientCalls.toStatusRuntimeException(ClientCalls.java:233)
	at org.apache.ratis.thirdparty.io.grpc.stub.ClientCalls.getUnchecked(ClientCalls.java:214)
	at org.apache.ratis.thirdparty.io.grpc.stub.ClientCalls.blockingUnaryCall(ClientCalls.java:139)
	at org.apache.ratis.proto.grpc.RaftServerProtocolServiceGrpc$RaftServerProtocolServiceBlockingStub.requestVote(RaftServerProtocolServiceGrpc.java:265)
	at org.apache.ratis.grpc.server.GrpcServerProtocolClient.requestVote(GrpcServerProtocolClient.java:83)
	at org.apache.ratis.grpc.server.GrpcService.requestVote(GrpcService.java:195)
	at org.apache.ratis.server.impl.LeaderElection.lambda$submitRequests$1(LeaderElection.java:237)
	at java.util.concurrent.FutureTask.run(FutureTask.java:266)
	at java.util.concurrent.Executors$RunnableAdapter.call(Executors.java:511)
	at java.util.concurrent.FutureTask.run(FutureTask.java:266)
	at java.util.concurrent.ThreadPoolExecutor.runWorker(ThreadPoolExecutor.java:1149)
	at java.util.concurrent.ThreadPoolExecutor$Worker.run(ThreadPoolExecutor.java:624)
	... 1 more
Caused by: org.apache.ratis.thirdparty.io.netty.channel.AbstractChannel$AnnotatedConnectException: Connection refused: /192.168.157.205:39192
	at sun.nio.ch.SocketChannelImpl.checkConnect(Native Method)
	at sun.nio.ch.SocketChannelImpl.finishConnect(SocketChannelImpl.java:717)
	at org.apache.ratis.thirdparty.io.netty.channel.socket.nio.NioSocketChannel.doFinishConnect(NioSocketChannel.java:327)
	at org.apache.ratis.thirdparty.io.netty.channel.nio.AbstractNioChannel$AbstractNioUnsafe.finishConnect(AbstractNioChannel.java:340)
	at org.apache.ratis.thirdparty.io.netty.channel.nio.NioEventLoop.processSelectedKey(NioEventLoop.java:632)
	at org.apache.ratis.thirdparty.io.netty.channel.nio.NioEventLoop.processSelectedKeysOptimized(NioEventLoop.java:579)
	at org.apache.ratis.thirdparty.io.netty.channel.nio.NioEventLoop.processSelectedKeys(NioEventLoop.java:496)
	at org.apache.ratis.thirdparty.io.netty.channel.nio.NioEventLoop.run(NioEventLoop.java:458)
	at org.apache.ratis.thirdparty.io.netty.util.concurrent.SingleThreadEventExecutor$5.run(SingleThreadEventExecutor.java:897)
	at org.apache.ratis.thirdparty.io.netty.util.concurrent.FastThreadLocalRunnable.run(FastThreadLocalRunnable.java:30)
	... 1 more
Caused by: java.net.ConnectException: Connection refused
	... 11 more
2019-08-20 19:42:06,462 [3a5f5f92-1fbc-4da9-891b-fb9af6a803f0:group-4BD28E86B1A9:LeaderElection30] INFO  impl.LeaderElection (LeaderElection.java:logAndReturn(56)) - 3a5f5f92-1fbc-4da9-891b-fb9af6a803f0:group-4BD28E86B1A9:LeaderElection30: Election REJECTED; received 0 response(s) [] and 2 exception(s); 3a5f5f92-1fbc-4da9-891b-fb9af6a803f0:t8, leader=null, voted=3a5f5f92-1fbc-4da9-891b-fb9af6a803f0, raftlog=3a5f5f92-1fbc-4da9-891b-fb9af6a803f0-SegmentedRaftLog:OPENED:c0,f0,i0, conf=0: [1eeec8c2-4c0f-4bc8-b0db-6391a5855575:192.168.157.205:39192, 3a5f5f92-1fbc-4da9-891b-fb9af6a803f0:192.168.157.205:37319, ee8f8b66-a0a6-4ed9-8105-e31fb13b4287:192.168.157.205:44060], old=null
2019-08-20 19:42:06,462 [3a5f5f92-1fbc-4da9-891b-fb9af6a803f0:group-4BD28E86B1A9:LeaderElection30] INFO  impl.LeaderElection (LogUtils.java:infoOrTrace(149)) -   Exception 0: {}
java.util.concurrent.ExecutionException: org.apache.ratis.thirdparty.io.grpc.StatusRuntimeException: UNAVAILABLE: io exception
	at java.util.concurrent.FutureTask.report(FutureTask.java:122)
	at java.util.concurrent.FutureTask.get(FutureTask.java:192)
	at org.apache.ratis.server.impl.LeaderElection.waitForResults(LeaderElection.java:262)
	at org.apache.ratis.server.impl.LeaderElection.askForVotes(LeaderElection.java:200)
	at org.apache.ratis.server.impl.LeaderElection.run(LeaderElection.java:130)
	at java.lang.Thread.run(Thread.java:748)
Caused by: org.apache.ratis.thirdparty.io.grpc.StatusRuntimeException: UNAVAILABLE: io exception
	at org.apache.ratis.thirdparty.io.grpc.stub.ClientCalls.toStatusRuntimeException(ClientCalls.java:233)
	at org.apache.ratis.thirdparty.io.grpc.stub.ClientCalls.getUnchecked(ClientCalls.java:214)
	at org.apache.ratis.thirdparty.io.grpc.stub.ClientCalls.blockingUnaryCall(ClientCalls.java:139)
	at org.apache.ratis.proto.grpc.RaftServerProtocolServiceGrpc$RaftServerProtocolServiceBlockingStub.requestVote(RaftServerProtocolServiceGrpc.java:265)
	at org.apache.ratis.grpc.server.GrpcServerProtocolClient.requestVote(GrpcServerProtocolClient.java:83)
	at org.apache.ratis.grpc.server.GrpcService.requestVote(GrpcService.java:195)
	at org.apache.ratis.server.impl.LeaderElection.lambda$submitRequests$1(LeaderElection.java:237)
	at java.util.concurrent.FutureTask.run(FutureTask.java:266)
	at java.util.concurrent.Executors$RunnableAdapter.call(Executors.java:511)
	at java.util.concurrent.FutureTask.run(FutureTask.java:266)
	at java.util.concurrent.ThreadPoolExecutor.runWorker(ThreadPoolExecutor.java:1149)
	at java.util.concurrent.ThreadPoolExecutor$Worker.run(ThreadPoolExecutor.java:624)
	... 1 more
Caused by: org.apache.ratis.thirdparty.io.netty.channel.AbstractChannel$AnnotatedConnectException: Connection refused: /192.168.157.205:44060
	at sun.nio.ch.SocketChannelImpl.checkConnect(Native Method)
	at sun.nio.ch.SocketChannelImpl.finishConnect(SocketChannelImpl.java:717)
	at org.apache.ratis.thirdparty.io.netty.channel.socket.nio.NioSocketChannel.doFinishConnect(NioSocketChannel.java:327)
	at org.apache.ratis.thirdparty.io.netty.channel.nio.AbstractNioChannel$AbstractNioUnsafe.finishConnect(AbstractNioChannel.java:340)
	at org.apache.ratis.thirdparty.io.netty.channel.nio.NioEventLoop.processSelectedKey(NioEventLoop.java:632)
	at org.apache.ratis.thirdparty.io.netty.channel.nio.NioEventLoop.processSelectedKeysOptimized(NioEventLoop.java:579)
	at org.apache.ratis.thirdparty.io.netty.channel.nio.NioEventLoop.processSelectedKeys(NioEventLoop.java:496)
	at org.apache.ratis.thirdparty.io.netty.channel.nio.NioEventLoop.run(NioEventLoop.java:458)
	at org.apache.ratis.thirdparty.io.netty.util.concurrent.SingleThreadEventExecutor$5.run(SingleThreadEventExecutor.java:897)
	at org.apache.ratis.thirdparty.io.netty.util.concurrent.FastThreadLocalRunnable.run(FastThreadLocalRunnable.java:30)
	... 1 more
Caused by: java.net.ConnectException: Connection refused
	... 11 more
2019-08-20 19:42:06,463 [3a5f5f92-1fbc-4da9-891b-fb9af6a803f0:group-4BD28E86B1A9:LeaderElection30] INFO  impl.LeaderElection (LogUtils.java:infoOrTrace(149)) -   Exception 1: {}
java.util.concurrent.ExecutionException: org.apache.ratis.thirdparty.io.grpc.StatusRuntimeException: UNAVAILABLE: io exception
	at java.util.concurrent.FutureTask.report(FutureTask.java:122)
	at java.util.concurrent.FutureTask.get(FutureTask.java:192)
	at org.apache.ratis.server.impl.LeaderElection.waitForResults(LeaderElection.java:262)
	at org.apache.ratis.server.impl.LeaderElection.askForVotes(LeaderElection.java:200)
	at org.apache.ratis.server.impl.LeaderElection.run(LeaderElection.java:130)
	at java.lang.Thread.run(Thread.java:748)
Caused by: org.apache.ratis.thirdparty.io.grpc.StatusRuntimeException: UNAVAILABLE: io exception
	at org.apache.ratis.thirdparty.io.grpc.stub.ClientCalls.toStatusRuntimeException(ClientCalls.java:233)
	at org.apache.ratis.thirdparty.io.grpc.stub.ClientCalls.getUnchecked(ClientCalls.java:214)
	at org.apache.ratis.thirdparty.io.grpc.stub.ClientCalls.blockingUnaryCall(ClientCalls.java:139)
	at org.apache.ratis.proto.grpc.RaftServerProtocolServiceGrpc$RaftServerProtocolServiceBlockingStub.requestVote(RaftServerProtocolServiceGrpc.java:265)
	at org.apache.ratis.grpc.server.GrpcServerProtocolClient.requestVote(GrpcServerProtocolClient.java:83)
	at org.apache.ratis.grpc.server.GrpcService.requestVote(GrpcService.java:195)
	at org.apache.ratis.server.impl.LeaderElection.lambda$submitRequests$1(LeaderElection.java:237)
	at java.util.concurrent.FutureTask.run(FutureTask.java:266)
	at java.util.concurrent.Executors$RunnableAdapter.call(Executors.java:511)
	at java.util.concurrent.FutureTask.run(FutureTask.java:266)
	at java.util.concurrent.ThreadPoolExecutor.runWorker(ThreadPoolExecutor.java:1149)
	at java.util.concurrent.ThreadPoolExecutor$Worker.run(ThreadPoolExecutor.java:624)
	... 1 more
Caused by: org.apache.ratis.thirdparty.io.netty.channel.AbstractChannel$AnnotatedConnectException: Connection refused: /192.168.157.205:39192
	at sun.nio.ch.SocketChannelImpl.checkConnect(Native Method)
	at sun.nio.ch.SocketChannelImpl.finishConnect(SocketChannelImpl.java:717)
	at org.apache.ratis.thirdparty.io.netty.channel.socket.nio.NioSocketChannel.doFinishConnect(NioSocketChannel.java:327)
	at org.apache.ratis.thirdparty.io.netty.channel.nio.AbstractNioChannel$AbstractNioUnsafe.finishConnect(AbstractNioChannel.java:340)
	at org.apache.ratis.thirdparty.io.netty.channel.nio.NioEventLoop.processSelectedKey(NioEventLoop.java:632)
	at org.apache.ratis.thirdparty.io.netty.channel.nio.NioEventLoop.processSelectedKeysOptimized(NioEventLoop.java:579)
	at org.apache.ratis.thirdparty.io.netty.channel.nio.NioEventLoop.processSelectedKeys(NioEventLoop.java:496)
	at org.apache.ratis.thirdparty.io.netty.channel.nio.NioEventLoop.run(NioEventLoop.java:458)
	at org.apache.ratis.thirdparty.io.netty.util.concurrent.SingleThreadEventExecutor$5.run(SingleThreadEventExecutor.java:897)
	at org.apache.ratis.thirdparty.io.netty.util.concurrent.FastThreadLocalRunnable.run(FastThreadLocalRunnable.java:30)
	... 1 more
Caused by: java.net.ConnectException: Connection refused
	... 11 more
2019-08-20 19:42:06,463 [3a5f5f92-1fbc-4da9-891b-fb9af6a803f0:group-4BD28E86B1A9:LeaderElection30] INFO  impl.RaftServerImpl (RaftServerImpl.java:setRole(171)) - 3a5f5f92-1fbc-4da9-891b-fb9af6a803f0:group-4BD28E86B1A9 changes role from CANDIDATE to FOLLOWER at term 8 for DISCOVERED_A_NEW_TERM
2019-08-20 19:42:06,463 [3a5f5f92-1fbc-4da9-891b-fb9af6a803f0:group-4BD28E86B1A9:LeaderElection30] INFO  impl.RoleInfo (RoleInfo.java:shutdownLeaderElection(134)) - 3a5f5f92-1fbc-4da9-891b-fb9af6a803f0: shutdown LeaderElection
2019-08-20 19:42:06,464 [3a5f5f92-1fbc-4da9-891b-fb9af6a803f0:group-4BD28E86B1A9:LeaderElection30] INFO  impl.RoleInfo (RoleInfo.java:updateAndGet(143)) - 3a5f5f92-1fbc-4da9-891b-fb9af6a803f0: start FollowerState
2019-08-20 19:42:06,771 [grpc-default-executor-5] WARN  server.GrpcLogAppender (LogUtils.java:warn(134)) - 3a5f5f92-1fbc-4da9-891b-fb9af6a803f0->ee8f8b66-a0a6-4ed9-8105-e31fb13b4287: Failed appendEntries: org.apache.ratis.thirdparty.io.grpc.StatusRuntimeException: UNAVAILABLE: io exception
2019-08-20 19:42:06,772 [grpc-default-executor-5] INFO  impl.FollowerInfo (FollowerInfo.java:lambda$new$0(50)) - 3a5f5f92-1fbc-4da9-891b-fb9af6a803f0->ee8f8b66-a0a6-4ed9-8105-e31fb13b4287: nextIndex: updateUnconditionally 0 -> 0
2019-08-20 19:42:06,803 [grpc-default-executor-5] WARN  server.GrpcLogAppender (LogUtils.java:warn(134)) - 3a5f5f92-1fbc-4da9-891b-fb9af6a803f0->1eeec8c2-4c0f-4bc8-b0db-6391a5855575: Failed appendEntries: org.apache.ratis.thirdparty.io.grpc.StatusRuntimeException: UNAVAILABLE: io exception
2019-08-20 19:42:06,804 [grpc-default-executor-5] INFO  impl.FollowerInfo (FollowerInfo.java:lambda$new$0(50)) - 3a5f5f92-1fbc-4da9-891b-fb9af6a803f0->1eeec8c2-4c0f-4bc8-b0db-6391a5855575: nextIndex: updateUnconditionally 0 -> 0
2019-08-20 19:42:06,896 | INFO  | SCMAudit | user=jenkins1000 | ip=192.168.157.205 | op=SEND_HEARTBEAT {datanodeUUID=8109623e-cc10-4f33-b553-5cc878b10d85, command=[]} | ret=SUCCESS |  
2019-08-20 19:42:07,275 [grpc-default-executor-3] WARN  server.GrpcLogAppender (LogUtils.java:warn(134)) - 3a5f5f92-1fbc-4da9-891b-fb9af6a803f0->ee8f8b66-a0a6-4ed9-8105-e31fb13b4287: Failed appendEntries: org.apache.ratis.thirdparty.io.grpc.StatusRuntimeException: UNAVAILABLE: io exception
2019-08-20 19:42:07,276 [grpc-default-executor-3] INFO  impl.FollowerInfo (FollowerInfo.java:lambda$new$0(50)) - 3a5f5f92-1fbc-4da9-891b-fb9af6a803f0->ee8f8b66-a0a6-4ed9-8105-e31fb13b4287: nextIndex: updateUnconditionally 0 -> 0
2019-08-20 19:42:07,306 [grpc-default-executor-5] WARN  server.GrpcLogAppender (LogUtils.java:warn(134)) - 3a5f5f92-1fbc-4da9-891b-fb9af6a803f0->1eeec8c2-4c0f-4bc8-b0db-6391a5855575: Failed appendEntries: org.apache.ratis.thirdparty.io.grpc.StatusRuntimeException: UNAVAILABLE: io exception
2019-08-20 19:42:07,307 [grpc-default-executor-5] INFO  impl.FollowerInfo (FollowerInfo.java:lambda$new$0(50)) - 3a5f5f92-1fbc-4da9-891b-fb9af6a803f0->1eeec8c2-4c0f-4bc8-b0db-6391a5855575: nextIndex: updateUnconditionally 0 -> 0
2019-08-20 19:42:07,342 | INFO  | SCMAudit | user=jenkins1000 | ip=192.168.157.205 | op=SEND_HEARTBEAT {datanodeUUID=a9286357-6b15-4043-a893-920ae835d3d2, command=[]} | ret=SUCCESS |  
2019-08-20 19:42:07,522 [Thread-533] INFO  impl.FollowerState (FollowerState.java:run(106)) - 3a5f5f92-1fbc-4da9-891b-fb9af6a803f0:group-78F196AB2FA0 changes to CANDIDATE, lastRpcTime:1181, electionTimeout:1181ms
2019-08-20 19:42:07,522 [Thread-533] INFO  impl.RoleInfo (RoleInfo.java:shutdownFollowerState(121)) - 3a5f5f92-1fbc-4da9-891b-fb9af6a803f0: shutdown FollowerState
2019-08-20 19:42:07,522 [Thread-533] INFO  impl.RaftServerImpl (RaftServerImpl.java:setRole(171)) - 3a5f5f92-1fbc-4da9-891b-fb9af6a803f0:group-78F196AB2FA0 changes role from FOLLOWER to CANDIDATE at term 9 for changeToCandidate
2019-08-20 19:42:07,523 [Thread-533] INFO  impl.RoleInfo (RoleInfo.java:updateAndGet(143)) - 3a5f5f92-1fbc-4da9-891b-fb9af6a803f0: start LeaderElection
2019-08-20 19:42:07,539 [3a5f5f92-1fbc-4da9-891b-fb9af6a803f0:group-78F196AB2FA0:LeaderElection31] INFO  impl.LeaderElection (LeaderElection.java:askForVotes(181)) - 3a5f5f92-1fbc-4da9-891b-fb9af6a803f0:group-78F196AB2FA0:LeaderElection31: begin an election at term 10 for 1: [1eeec8c2-4c0f-4bc8-b0db-6391a5855575:192.168.157.205:39192, 3a5f5f92-1fbc-4da9-891b-fb9af6a803f0:192.168.157.205:37319, ee8f8b66-a0a6-4ed9-8105-e31fb13b4287:192.168.157.205:44060], old=null
2019-08-20 19:42:07,543 [3a5f5f92-1fbc-4da9-891b-fb9af6a803f0:group-78F196AB2FA0:LeaderElection31] INFO  impl.LeaderElection (LogUtils.java:infoOrTrace(149)) - 3a5f5f92-1fbc-4da9-891b-fb9af6a803f0:group-78F196AB2FA0:LeaderElection31 got exception when requesting votes: {}
java.util.concurrent.ExecutionException: org.apache.ratis.thirdparty.io.grpc.StatusRuntimeException: UNAVAILABLE: io exception
	at java.util.concurrent.FutureTask.report(FutureTask.java:122)
	at java.util.concurrent.FutureTask.get(FutureTask.java:192)
	at org.apache.ratis.server.impl.LeaderElection.waitForResults(LeaderElection.java:262)
	at org.apache.ratis.server.impl.LeaderElection.askForVotes(LeaderElection.java:200)
	at org.apache.ratis.server.impl.LeaderElection.run(LeaderElection.java:130)
	at java.lang.Thread.run(Thread.java:748)
Caused by: org.apache.ratis.thirdparty.io.grpc.StatusRuntimeException: UNAVAILABLE: io exception
	at org.apache.ratis.thirdparty.io.grpc.stub.ClientCalls.toStatusRuntimeException(ClientCalls.java:233)
	at org.apache.ratis.thirdparty.io.grpc.stub.ClientCalls.getUnchecked(ClientCalls.java:214)
	at org.apache.ratis.thirdparty.io.grpc.stub.ClientCalls.blockingUnaryCall(ClientCalls.java:139)
	at org.apache.ratis.proto.grpc.RaftServerProtocolServiceGrpc$RaftServerProtocolServiceBlockingStub.requestVote(RaftServerProtocolServiceGrpc.java:265)
	at org.apache.ratis.grpc.server.GrpcServerProtocolClient.requestVote(GrpcServerProtocolClient.java:83)
	at org.apache.ratis.grpc.server.GrpcService.requestVote(GrpcService.java:195)
	at org.apache.ratis.server.impl.LeaderElection.lambda$submitRequests$1(LeaderElection.java:237)
	at java.util.concurrent.FutureTask.run(FutureTask.java:266)
	at java.util.concurrent.Executors$RunnableAdapter.call(Executors.java:511)
	at java.util.concurrent.FutureTask.run(FutureTask.java:266)
	at java.util.concurrent.ThreadPoolExecutor.runWorker(ThreadPoolExecutor.java:1149)
	at java.util.concurrent.ThreadPoolExecutor$Worker.run(ThreadPoolExecutor.java:624)
	... 1 more
Caused by: org.apache.ratis.thirdparty.io.netty.channel.AbstractChannel$AnnotatedConnectException: Connection refused: /192.168.157.205:39192
	at sun.nio.ch.SocketChannelImpl.checkConnect(Native Method)
	at sun.nio.ch.SocketChannelImpl.finishConnect(SocketChannelImpl.java:717)
	at org.apache.ratis.thirdparty.io.netty.channel.socket.nio.NioSocketChannel.doFinishConnect(NioSocketChannel.java:327)
	at org.apache.ratis.thirdparty.io.netty.channel.nio.AbstractNioChannel$AbstractNioUnsafe.finishConnect(AbstractNioChannel.java:340)
	at org.apache.ratis.thirdparty.io.netty.channel.nio.NioEventLoop.processSelectedKey(NioEventLoop.java:632)
	at org.apache.ratis.thirdparty.io.netty.channel.nio.NioEventLoop.processSelectedKeysOptimized(NioEventLoop.java:579)
	at org.apache.ratis.thirdparty.io.netty.channel.nio.NioEventLoop.processSelectedKeys(NioEventLoop.java:496)
	at org.apache.ratis.thirdparty.io.netty.channel.nio.NioEventLoop.run(NioEventLoop.java:458)
	at org.apache.ratis.thirdparty.io.netty.util.concurrent.SingleThreadEventExecutor$5.run(SingleThreadEventExecutor.java:897)
	at org.apache.ratis.thirdparty.io.netty.util.concurrent.FastThreadLocalRunnable.run(FastThreadLocalRunnable.java:30)
	... 1 more
Caused by: java.net.ConnectException: Connection refused
	... 11 more
2019-08-20 19:42:07,545 [3a5f5f92-1fbc-4da9-891b-fb9af6a803f0:group-78F196AB2FA0:LeaderElection31] INFO  impl.LeaderElection (LogUtils.java:infoOrTrace(149)) - 3a5f5f92-1fbc-4da9-891b-fb9af6a803f0:group-78F196AB2FA0:LeaderElection31 got exception when requesting votes: {}
java.util.concurrent.ExecutionException: org.apache.ratis.thirdparty.io.grpc.StatusRuntimeException: UNAVAILABLE: io exception
	at java.util.concurrent.FutureTask.report(FutureTask.java:122)
	at java.util.concurrent.FutureTask.get(FutureTask.java:192)
	at org.apache.ratis.server.impl.LeaderElection.waitForResults(LeaderElection.java:262)
	at org.apache.ratis.server.impl.LeaderElection.askForVotes(LeaderElection.java:200)
	at org.apache.ratis.server.impl.LeaderElection.run(LeaderElection.java:130)
	at java.lang.Thread.run(Thread.java:748)
Caused by: org.apache.ratis.thirdparty.io.grpc.StatusRuntimeException: UNAVAILABLE: io exception
	at org.apache.ratis.thirdparty.io.grpc.stub.ClientCalls.toStatusRuntimeException(ClientCalls.java:233)
	at org.apache.ratis.thirdparty.io.grpc.stub.ClientCalls.getUnchecked(ClientCalls.java:214)
	at org.apache.ratis.thirdparty.io.grpc.stub.ClientCalls.blockingUnaryCall(ClientCalls.java:139)
	at org.apache.ratis.proto.grpc.RaftServerProtocolServiceGrpc$RaftServerProtocolServiceBlockingStub.requestVote(RaftServerProtocolServiceGrpc.java:265)
	at org.apache.ratis.grpc.server.GrpcServerProtocolClient.requestVote(GrpcServerProtocolClient.java:83)
	at org.apache.ratis.grpc.server.GrpcService.requestVote(GrpcService.java:195)
	at org.apache.ratis.server.impl.LeaderElection.lambda$submitRequests$1(LeaderElection.java:237)
	at java.util.concurrent.FutureTask.run(FutureTask.java:266)
	at java.util.concurrent.Executors$RunnableAdapter.call(Executors.java:511)
	at java.util.concurrent.FutureTask.run(FutureTask.java:266)
	at java.util.concurrent.ThreadPoolExecutor.runWorker(ThreadPoolExecutor.java:1149)
	at java.util.concurrent.ThreadPoolExecutor$Worker.run(ThreadPoolExecutor.java:624)
	... 1 more
Caused by: org.apache.ratis.thirdparty.io.netty.channel.AbstractChannel$AnnotatedConnectException: Connection refused: /192.168.157.205:44060
	at sun.nio.ch.SocketChannelImpl.checkConnect(Native Method)
	at sun.nio.ch.SocketChannelImpl.finishConnect(SocketChannelImpl.java:717)
	at org.apache.ratis.thirdparty.io.netty.channel.socket.nio.NioSocketChannel.doFinishConnect(NioSocketChannel.java:327)
	at org.apache.ratis.thirdparty.io.netty.channel.nio.AbstractNioChannel$AbstractNioUnsafe.finishConnect(AbstractNioChannel.java:340)
	at org.apache.ratis.thirdparty.io.netty.channel.nio.NioEventLoop.processSelectedKey(NioEventLoop.java:632)
	at org.apache.ratis.thirdparty.io.netty.channel.nio.NioEventLoop.processSelectedKeysOptimized(NioEventLoop.java:579)
	at org.apache.ratis.thirdparty.io.netty.channel.nio.NioEventLoop.processSelectedKeys(NioEventLoop.java:496)
	at org.apache.ratis.thirdparty.io.netty.channel.nio.NioEventLoop.run(NioEventLoop.java:458)
	at org.apache.ratis.thirdparty.io.netty.util.concurrent.SingleThreadEventExecutor$5.run(SingleThreadEventExecutor.java:897)
	at org.apache.ratis.thirdparty.io.netty.util.concurrent.FastThreadLocalRunnable.run(FastThreadLocalRunnable.java:30)
	... 1 more
Caused by: java.net.ConnectException: Connection refused
	... 11 more
2019-08-20 19:42:07,554 [3a5f5f92-1fbc-4da9-891b-fb9af6a803f0:group-78F196AB2FA0:LeaderElection31] INFO  impl.LeaderElection (LeaderElection.java:logAndReturn(56)) - 3a5f5f92-1fbc-4da9-891b-fb9af6a803f0:group-78F196AB2FA0:LeaderElection31: Election REJECTED; received 0 response(s) [] and 2 exception(s); 3a5f5f92-1fbc-4da9-891b-fb9af6a803f0:t10, leader=null, voted=3a5f5f92-1fbc-4da9-891b-fb9af6a803f0, raftlog=3a5f5f92-1fbc-4da9-891b-fb9af6a803f0-SegmentedRaftLog:OPENED:c2,f2,i2, conf=1: [1eeec8c2-4c0f-4bc8-b0db-6391a5855575:192.168.157.205:39192, 3a5f5f92-1fbc-4da9-891b-fb9af6a803f0:192.168.157.205:37319, ee8f8b66-a0a6-4ed9-8105-e31fb13b4287:192.168.157.205:44060], old=null
2019-08-20 19:42:07,554 [3a5f5f92-1fbc-4da9-891b-fb9af6a803f0:group-78F196AB2FA0:LeaderElection31] INFO  impl.LeaderElection (LogUtils.java:infoOrTrace(149)) -   Exception 0: {}
java.util.concurrent.ExecutionException: org.apache.ratis.thirdparty.io.grpc.StatusRuntimeException: UNAVAILABLE: io exception
	at java.util.concurrent.FutureTask.report(FutureTask.java:122)
	at java.util.concurrent.FutureTask.get(FutureTask.java:192)
	at org.apache.ratis.server.impl.LeaderElection.waitForResults(LeaderElection.java:262)
	at org.apache.ratis.server.impl.LeaderElection.askForVotes(LeaderElection.java:200)
	at org.apache.ratis.server.impl.LeaderElection.run(LeaderElection.java:130)
	at java.lang.Thread.run(Thread.java:748)
Caused by: org.apache.ratis.thirdparty.io.grpc.StatusRuntimeException: UNAVAILABLE: io exception
	at org.apache.ratis.thirdparty.io.grpc.stub.ClientCalls.toStatusRuntimeException(ClientCalls.java:233)
	at org.apache.ratis.thirdparty.io.grpc.stub.ClientCalls.getUnchecked(ClientCalls.java:214)
	at org.apache.ratis.thirdparty.io.grpc.stub.ClientCalls.blockingUnaryCall(ClientCalls.java:139)
	at org.apache.ratis.proto.grpc.RaftServerProtocolServiceGrpc$RaftServerProtocolServiceBlockingStub.requestVote(RaftServerProtocolServiceGrpc.java:265)
	at org.apache.ratis.grpc.server.GrpcServerProtocolClient.requestVote(GrpcServerProtocolClient.java:83)
	at org.apache.ratis.grpc.server.GrpcService.requestVote(GrpcService.java:195)
	at org.apache.ratis.server.impl.LeaderElection.lambda$submitRequests$1(LeaderElection.java:237)
	at java.util.concurrent.FutureTask.run(FutureTask.java:266)
	at java.util.concurrent.Executors$RunnableAdapter.call(Executors.java:511)
	at java.util.concurrent.FutureTask.run(FutureTask.java:266)
	at java.util.concurrent.ThreadPoolExecutor.runWorker(ThreadPoolExecutor.java:1149)
	at java.util.concurrent.ThreadPoolExecutor$Worker.run(ThreadPoolExecutor.java:624)
	... 1 more
Caused by: org.apache.ratis.thirdparty.io.netty.channel.AbstractChannel$AnnotatedConnectException: Connection refused: /192.168.157.205:39192
	at sun.nio.ch.SocketChannelImpl.checkConnect(Native Method)
	at sun.nio.ch.SocketChannelImpl.finishConnect(SocketChannelImpl.java:717)
	at org.apache.ratis.thirdparty.io.netty.channel.socket.nio.NioSocketChannel.doFinishConnect(NioSocketChannel.java:327)
	at org.apache.ratis.thirdparty.io.netty.channel.nio.AbstractNioChannel$AbstractNioUnsafe.finishConnect(AbstractNioChannel.java:340)
	at org.apache.ratis.thirdparty.io.netty.channel.nio.NioEventLoop.processSelectedKey(NioEventLoop.java:632)
	at org.apache.ratis.thirdparty.io.netty.channel.nio.NioEventLoop.processSelectedKeysOptimized(NioEventLoop.java:579)
	at org.apache.ratis.thirdparty.io.netty.channel.nio.NioEventLoop.processSelectedKeys(NioEventLoop.java:496)
	at org.apache.ratis.thirdparty.io.netty.channel.nio.NioEventLoop.run(NioEventLoop.java:458)
	at org.apache.ratis.thirdparty.io.netty.util.concurrent.SingleThreadEventExecutor$5.run(SingleThreadEventExecutor.java:897)
	at org.apache.ratis.thirdparty.io.netty.util.concurrent.FastThreadLocalRunnable.run(FastThreadLocalRunnable.java:30)
	... 1 more
Caused by: java.net.ConnectException: Connection refused
	... 11 more
2019-08-20 19:42:07,555 [3a5f5f92-1fbc-4da9-891b-fb9af6a803f0:group-78F196AB2FA0:LeaderElection31] INFO  impl.LeaderElection (LogUtils.java:infoOrTrace(149)) -   Exception 1: {}
java.util.concurrent.ExecutionException: org.apache.ratis.thirdparty.io.grpc.StatusRuntimeException: UNAVAILABLE: io exception
	at java.util.concurrent.FutureTask.report(FutureTask.java:122)
	at java.util.concurrent.FutureTask.get(FutureTask.java:192)
	at org.apache.ratis.server.impl.LeaderElection.waitForResults(LeaderElection.java:262)
	at org.apache.ratis.server.impl.LeaderElection.askForVotes(LeaderElection.java:200)
	at org.apache.ratis.server.impl.LeaderElection.run(LeaderElection.java:130)
	at java.lang.Thread.run(Thread.java:748)
Caused by: org.apache.ratis.thirdparty.io.grpc.StatusRuntimeException: UNAVAILABLE: io exception
	at org.apache.ratis.thirdparty.io.grpc.stub.ClientCalls.toStatusRuntimeException(ClientCalls.java:233)
	at org.apache.ratis.thirdparty.io.grpc.stub.ClientCalls.getUnchecked(ClientCalls.java:214)
	at org.apache.ratis.thirdparty.io.grpc.stub.ClientCalls.blockingUnaryCall(ClientCalls.java:139)
	at org.apache.ratis.proto.grpc.RaftServerProtocolServiceGrpc$RaftServerProtocolServiceBlockingStub.requestVote(RaftServerProtocolServiceGrpc.java:265)
	at org.apache.ratis.grpc.server.GrpcServerProtocolClient.requestVote(GrpcServerProtocolClient.java:83)
	at org.apache.ratis.grpc.server.GrpcService.requestVote(GrpcService.java:195)
	at org.apache.ratis.server.impl.LeaderElection.lambda$submitRequests$1(LeaderElection.java:237)
	at java.util.concurrent.FutureTask.run(FutureTask.java:266)
	at java.util.concurrent.Executors$RunnableAdapter.call(Executors.java:511)
	at java.util.concurrent.FutureTask.run(FutureTask.java:266)
	at java.util.concurrent.ThreadPoolExecutor.runWorker(ThreadPoolExecutor.java:1149)
	at java.util.concurrent.ThreadPoolExecutor$Worker.run(ThreadPoolExecutor.java:624)
	... 1 more
Caused by: org.apache.ratis.thirdparty.io.netty.channel.AbstractChannel$AnnotatedConnectException: Connection refused: /192.168.157.205:44060
	at sun.nio.ch.SocketChannelImpl.checkConnect(Native Method)
	at sun.nio.ch.SocketChannelImpl.finishConnect(SocketChannelImpl.java:717)
	at org.apache.ratis.thirdparty.io.netty.channel.socket.nio.NioSocketChannel.doFinishConnect(NioSocketChannel.java:327)
	at org.apache.ratis.thirdparty.io.netty.channel.nio.AbstractNioChannel$AbstractNioUnsafe.finishConnect(AbstractNioChannel.java:340)
	at org.apache.ratis.thirdparty.io.netty.channel.nio.NioEventLoop.processSelectedKey(NioEventLoop.java:632)
	at org.apache.ratis.thirdparty.io.netty.channel.nio.NioEventLoop.processSelectedKeysOptimized(NioEventLoop.java:579)
	at org.apache.ratis.thirdparty.io.netty.channel.nio.NioEventLoop.processSelectedKeys(NioEventLoop.java:496)
	at org.apache.ratis.thirdparty.io.netty.channel.nio.NioEventLoop.run(NioEventLoop.java:458)
	at org.apache.ratis.thirdparty.io.netty.util.concurrent.SingleThreadEventExecutor$5.run(SingleThreadEventExecutor.java:897)
	at org.apache.ratis.thirdparty.io.netty.util.concurrent.FastThreadLocalRunnable.run(FastThreadLocalRunnable.java:30)
	... 1 more
Caused by: java.net.ConnectException: Connection refused
	... 11 more
2019-08-20 19:42:07,556 [3a5f5f92-1fbc-4da9-891b-fb9af6a803f0:group-78F196AB2FA0:LeaderElection31] INFO  impl.RaftServerImpl (RaftServerImpl.java:setRole(171)) - 3a5f5f92-1fbc-4da9-891b-fb9af6a803f0:group-78F196AB2FA0 changes role from CANDIDATE to FOLLOWER at term 10 for DISCOVERED_A_NEW_TERM
2019-08-20 19:42:07,556 [3a5f5f92-1fbc-4da9-891b-fb9af6a803f0:group-78F196AB2FA0:LeaderElection31] INFO  impl.RoleInfo (RoleInfo.java:shutdownLeaderElection(134)) - 3a5f5f92-1fbc-4da9-891b-fb9af6a803f0: shutdown LeaderElection
2019-08-20 19:42:07,556 [3a5f5f92-1fbc-4da9-891b-fb9af6a803f0:group-78F196AB2FA0:LeaderElection31] INFO  impl.RoleInfo (RoleInfo.java:updateAndGet(143)) - 3a5f5f92-1fbc-4da9-891b-fb9af6a803f0: start FollowerState
2019-08-20 19:42:07,582 [Thread-537] INFO  impl.FollowerState (FollowerState.java:run(106)) - 3a5f5f92-1fbc-4da9-891b-fb9af6a803f0:group-4BD28E86B1A9 changes to CANDIDATE, lastRpcTime:1118, electionTimeout:1118ms
2019-08-20 19:42:07,582 [Thread-537] INFO  impl.RoleInfo (RoleInfo.java:shutdownFollowerState(121)) - 3a5f5f92-1fbc-4da9-891b-fb9af6a803f0: shutdown FollowerState
2019-08-20 19:42:07,583 [Thread-537] INFO  impl.RaftServerImpl (RaftServerImpl.java:setRole(171)) - 3a5f5f92-1fbc-4da9-891b-fb9af6a803f0:group-4BD28E86B1A9 changes role from FOLLOWER to CANDIDATE at term 8 for changeToCandidate
2019-08-20 19:42:07,583 [Thread-537] INFO  impl.RoleInfo (RoleInfo.java:updateAndGet(143)) - 3a5f5f92-1fbc-4da9-891b-fb9af6a803f0: start LeaderElection
2019-08-20 19:42:07,599 [3a5f5f92-1fbc-4da9-891b-fb9af6a803f0:group-4BD28E86B1A9:LeaderElection32] INFO  impl.LeaderElection (LeaderElection.java:askForVotes(181)) - 3a5f5f92-1fbc-4da9-891b-fb9af6a803f0:group-4BD28E86B1A9:LeaderElection32: begin an election at term 9 for 0: [1eeec8c2-4c0f-4bc8-b0db-6391a5855575:192.168.157.205:39192, 3a5f5f92-1fbc-4da9-891b-fb9af6a803f0:192.168.157.205:37319, ee8f8b66-a0a6-4ed9-8105-e31fb13b4287:192.168.157.205:44060], old=null
2019-08-20 19:42:07,600 [3a5f5f92-1fbc-4da9-891b-fb9af6a803f0:group-4BD28E86B1A9:LeaderElection32] INFO  impl.LeaderElection (LogUtils.java:infoOrTrace(149)) - 3a5f5f92-1fbc-4da9-891b-fb9af6a803f0:group-4BD28E86B1A9:LeaderElection32 got exception when requesting votes: {}
java.util.concurrent.ExecutionException: org.apache.ratis.thirdparty.io.grpc.StatusRuntimeException: UNAVAILABLE: io exception
	at java.util.concurrent.FutureTask.report(FutureTask.java:122)
	at java.util.concurrent.FutureTask.get(FutureTask.java:192)
	at org.apache.ratis.server.impl.LeaderElection.waitForResults(LeaderElection.java:262)
	at org.apache.ratis.server.impl.LeaderElection.askForVotes(LeaderElection.java:200)
	at org.apache.ratis.server.impl.LeaderElection.run(LeaderElection.java:130)
	at java.lang.Thread.run(Thread.java:748)
Caused by: org.apache.ratis.thirdparty.io.grpc.StatusRuntimeException: UNAVAILABLE: io exception
	at org.apache.ratis.thirdparty.io.grpc.stub.ClientCalls.toStatusRuntimeException(ClientCalls.java:233)
	at org.apache.ratis.thirdparty.io.grpc.stub.ClientCalls.getUnchecked(ClientCalls.java:214)
	at org.apache.ratis.thirdparty.io.grpc.stub.ClientCalls.blockingUnaryCall(ClientCalls.java:139)
	at org.apache.ratis.proto.grpc.RaftServerProtocolServiceGrpc$RaftServerProtocolServiceBlockingStub.requestVote(RaftServerProtocolServiceGrpc.java:265)
	at org.apache.ratis.grpc.server.GrpcServerProtocolClient.requestVote(GrpcServerProtocolClient.java:83)
	at org.apache.ratis.grpc.server.GrpcService.requestVote(GrpcService.java:195)
	at org.apache.ratis.server.impl.LeaderElection.lambda$submitRequests$1(LeaderElection.java:237)
	at java.util.concurrent.FutureTask.run(FutureTask.java:266)
	at java.util.concurrent.Executors$RunnableAdapter.call(Executors.java:511)
	at java.util.concurrent.FutureTask.run(FutureTask.java:266)
	at java.util.concurrent.ThreadPoolExecutor.runWorker(ThreadPoolExecutor.java:1149)
	at java.util.concurrent.ThreadPoolExecutor$Worker.run(ThreadPoolExecutor.java:624)
	... 1 more
Caused by: org.apache.ratis.thirdparty.io.netty.channel.AbstractChannel$AnnotatedConnectException: Connection refused: /192.168.157.205:39192
	at sun.nio.ch.SocketChannelImpl.checkConnect(Native Method)
	at sun.nio.ch.SocketChannelImpl.finishConnect(SocketChannelImpl.java:717)
	at org.apache.ratis.thirdparty.io.netty.channel.socket.nio.NioSocketChannel.doFinishConnect(NioSocketChannel.java:327)
	at org.apache.ratis.thirdparty.io.netty.channel.nio.AbstractNioChannel$AbstractNioUnsafe.finishConnect(AbstractNioChannel.java:340)
	at org.apache.ratis.thirdparty.io.netty.channel.nio.NioEventLoop.processSelectedKey(NioEventLoop.java:632)
	at org.apache.ratis.thirdparty.io.netty.channel.nio.NioEventLoop.processSelectedKeysOptimized(NioEventLoop.java:579)
	at org.apache.ratis.thirdparty.io.netty.channel.nio.NioEventLoop.processSelectedKeys(NioEventLoop.java:496)
	at org.apache.ratis.thirdparty.io.netty.channel.nio.NioEventLoop.run(NioEventLoop.java:458)
	at org.apache.ratis.thirdparty.io.netty.util.concurrent.SingleThreadEventExecutor$5.run(SingleThreadEventExecutor.java:897)
	at org.apache.ratis.thirdparty.io.netty.util.concurrent.FastThreadLocalRunnable.run(FastThreadLocalRunnable.java:30)
	... 1 more
Caused by: java.net.ConnectException: Connection refused
	... 11 more
2019-08-20 19:42:07,601 [3a5f5f92-1fbc-4da9-891b-fb9af6a803f0:group-4BD28E86B1A9:LeaderElection32] INFO  impl.LeaderElection (LogUtils.java:infoOrTrace(149)) - 3a5f5f92-1fbc-4da9-891b-fb9af6a803f0:group-4BD28E86B1A9:LeaderElection32 got exception when requesting votes: {}
java.util.concurrent.ExecutionException: org.apache.ratis.thirdparty.io.grpc.StatusRuntimeException: UNAVAILABLE: io exception
	at java.util.concurrent.FutureTask.report(FutureTask.java:122)
	at java.util.concurrent.FutureTask.get(FutureTask.java:192)
	at org.apache.ratis.server.impl.LeaderElection.waitForResults(LeaderElection.java:262)
	at org.apache.ratis.server.impl.LeaderElection.askForVotes(LeaderElection.java:200)
	at org.apache.ratis.server.impl.LeaderElection.run(LeaderElection.java:130)
	at java.lang.Thread.run(Thread.java:748)
Caused by: org.apache.ratis.thirdparty.io.grpc.StatusRuntimeException: UNAVAILABLE: io exception
	at org.apache.ratis.thirdparty.io.grpc.stub.ClientCalls.toStatusRuntimeException(ClientCalls.java:233)
	at org.apache.ratis.thirdparty.io.grpc.stub.ClientCalls.getUnchecked(ClientCalls.java:214)
	at org.apache.ratis.thirdparty.io.grpc.stub.ClientCalls.blockingUnaryCall(ClientCalls.java:139)
	at org.apache.ratis.proto.grpc.RaftServerProtocolServiceGrpc$RaftServerProtocolServiceBlockingStub.requestVote(RaftServerProtocolServiceGrpc.java:265)
	at org.apache.ratis.grpc.server.GrpcServerProtocolClient.requestVote(GrpcServerProtocolClient.java:83)
	at org.apache.ratis.grpc.server.GrpcService.requestVote(GrpcService.java:195)
	at org.apache.ratis.server.impl.LeaderElection.lambda$submitRequests$1(LeaderElection.java:237)
	at java.util.concurrent.FutureTask.run(FutureTask.java:266)
	at java.util.concurrent.Executors$RunnableAdapter.call(Executors.java:511)
	at java.util.concurrent.FutureTask.run(FutureTask.java:266)
	at java.util.concurrent.ThreadPoolExecutor.runWorker(ThreadPoolExecutor.java:1149)
	at java.util.concurrent.ThreadPoolExecutor$Worker.run(ThreadPoolExecutor.java:624)
	... 1 more
Caused by: org.apache.ratis.thirdparty.io.netty.channel.AbstractChannel$AnnotatedConnectException: Connection refused: /192.168.157.205:44060
	at sun.nio.ch.SocketChannelImpl.checkConnect(Native Method)
	at sun.nio.ch.SocketChannelImpl.finishConnect(SocketChannelImpl.java:717)
	at org.apache.ratis.thirdparty.io.netty.channel.socket.nio.NioSocketChannel.doFinishConnect(NioSocketChannel.java:327)
	at org.apache.ratis.thirdparty.io.netty.channel.nio.AbstractNioChannel$AbstractNioUnsafe.finishConnect(AbstractNioChannel.java:340)
	at org.apache.ratis.thirdparty.io.netty.channel.nio.NioEventLoop.processSelectedKey(NioEventLoop.java:632)
	at org.apache.ratis.thirdparty.io.netty.channel.nio.NioEventLoop.processSelectedKeysOptimized(NioEventLoop.java:579)
	at org.apache.ratis.thirdparty.io.netty.channel.nio.NioEventLoop.processSelectedKeys(NioEventLoop.java:496)
	at org.apache.ratis.thirdparty.io.netty.channel.nio.NioEventLoop.run(NioEventLoop.java:458)
	at org.apache.ratis.thirdparty.io.netty.util.concurrent.SingleThreadEventExecutor$5.run(SingleThreadEventExecutor.java:897)
	at org.apache.ratis.thirdparty.io.netty.util.concurrent.FastThreadLocalRunnable.run(FastThreadLocalRunnable.java:30)
	... 1 more
Caused by: java.net.ConnectException: Connection refused
	... 11 more
2019-08-20 19:42:07,602 [3a5f5f92-1fbc-4da9-891b-fb9af6a803f0:group-4BD28E86B1A9:LeaderElection32] INFO  impl.LeaderElection (LeaderElection.java:logAndReturn(56)) - 3a5f5f92-1fbc-4da9-891b-fb9af6a803f0:group-4BD28E86B1A9:LeaderElection32: Election REJECTED; received 0 response(s) [] and 2 exception(s); 3a5f5f92-1fbc-4da9-891b-fb9af6a803f0:t9, leader=null, voted=3a5f5f92-1fbc-4da9-891b-fb9af6a803f0, raftlog=3a5f5f92-1fbc-4da9-891b-fb9af6a803f0-SegmentedRaftLog:OPENED:c0,f0,i0, conf=0: [1eeec8c2-4c0f-4bc8-b0db-6391a5855575:192.168.157.205:39192, 3a5f5f92-1fbc-4da9-891b-fb9af6a803f0:192.168.157.205:37319, ee8f8b66-a0a6-4ed9-8105-e31fb13b4287:192.168.157.205:44060], old=null
2019-08-20 19:42:07,602 [3a5f5f92-1fbc-4da9-891b-fb9af6a803f0:group-4BD28E86B1A9:LeaderElection32] INFO  impl.LeaderElection (LogUtils.java:infoOrTrace(149)) -   Exception 0: {}
java.util.concurrent.ExecutionException: org.apache.ratis.thirdparty.io.grpc.StatusRuntimeException: UNAVAILABLE: io exception
	at java.util.concurrent.FutureTask.report(FutureTask.java:122)
	at java.util.concurrent.FutureTask.get(FutureTask.java:192)
	at org.apache.ratis.server.impl.LeaderElection.waitForResults(LeaderElection.java:262)
	at org.apache.ratis.server.impl.LeaderElection.askForVotes(LeaderElection.java:200)
	at org.apache.ratis.server.impl.LeaderElection.run(LeaderElection.java:130)
	at java.lang.Thread.run(Thread.java:748)
Caused by: org.apache.ratis.thirdparty.io.grpc.StatusRuntimeException: UNAVAILABLE: io exception
	at org.apache.ratis.thirdparty.io.grpc.stub.ClientCalls.toStatusRuntimeException(ClientCalls.java:233)
	at org.apache.ratis.thirdparty.io.grpc.stub.ClientCalls.getUnchecked(ClientCalls.java:214)
	at org.apache.ratis.thirdparty.io.grpc.stub.ClientCalls.blockingUnaryCall(ClientCalls.java:139)
	at org.apache.ratis.proto.grpc.RaftServerProtocolServiceGrpc$RaftServerProtocolServiceBlockingStub.requestVote(RaftServerProtocolServiceGrpc.java:265)
	at org.apache.ratis.grpc.server.GrpcServerProtocolClient.requestVote(GrpcServerProtocolClient.java:83)
	at org.apache.ratis.grpc.server.GrpcService.requestVote(GrpcService.java:195)
	at org.apache.ratis.server.impl.LeaderElection.lambda$submitRequests$1(LeaderElection.java:237)
	at java.util.concurrent.FutureTask.run(FutureTask.java:266)
	at java.util.concurrent.Executors$RunnableAdapter.call(Executors.java:511)
	at java.util.concurrent.FutureTask.run(FutureTask.java:266)
	at java.util.concurrent.ThreadPoolExecutor.runWorker(ThreadPoolExecutor.java:1149)
	at java.util.concurrent.ThreadPoolExecutor$Worker.run(ThreadPoolExecutor.java:624)
	... 1 more
Caused by: org.apache.ratis.thirdparty.io.netty.channel.AbstractChannel$AnnotatedConnectException: Connection refused: /192.168.157.205:39192
	at sun.nio.ch.SocketChannelImpl.checkConnect(Native Method)
	at sun.nio.ch.SocketChannelImpl.finishConnect(SocketChannelImpl.java:717)
	at org.apache.ratis.thirdparty.io.netty.channel.socket.nio.NioSocketChannel.doFinishConnect(NioSocketChannel.java:327)
	at org.apache.ratis.thirdparty.io.netty.channel.nio.AbstractNioChannel$AbstractNioUnsafe.finishConnect(AbstractNioChannel.java:340)
	at org.apache.ratis.thirdparty.io.netty.channel.nio.NioEventLoop.processSelectedKey(NioEventLoop.java:632)
	at org.apache.ratis.thirdparty.io.netty.channel.nio.NioEventLoop.processSelectedKeysOptimized(NioEventLoop.java:579)
	at org.apache.ratis.thirdparty.io.netty.channel.nio.NioEventLoop.processSelectedKeys(NioEventLoop.java:496)
	at org.apache.ratis.thirdparty.io.netty.channel.nio.NioEventLoop.run(NioEventLoop.java:458)
	at org.apache.ratis.thirdparty.io.netty.util.concurrent.SingleThreadEventExecutor$5.run(SingleThreadEventExecutor.java:897)
	at org.apache.ratis.thirdparty.io.netty.util.concurrent.FastThreadLocalRunnable.run(FastThreadLocalRunnable.java:30)
	... 1 more
Caused by: java.net.ConnectException: Connection refused
	... 11 more
2019-08-20 19:42:07,602 [3a5f5f92-1fbc-4da9-891b-fb9af6a803f0:group-4BD28E86B1A9:LeaderElection32] INFO  impl.LeaderElection (LogUtils.java:infoOrTrace(149)) -   Exception 1: {}
java.util.concurrent.ExecutionException: org.apache.ratis.thirdparty.io.grpc.StatusRuntimeException: UNAVAILABLE: io exception
	at java.util.concurrent.FutureTask.report(FutureTask.java:122)
	at java.util.concurrent.FutureTask.get(FutureTask.java:192)
	at org.apache.ratis.server.impl.LeaderElection.waitForResults(LeaderElection.java:262)
	at org.apache.ratis.server.impl.LeaderElection.askForVotes(LeaderElection.java:200)
	at org.apache.ratis.server.impl.LeaderElection.run(LeaderElection.java:130)
	at java.lang.Thread.run(Thread.java:748)
Caused by: org.apache.ratis.thirdparty.io.grpc.StatusRuntimeException: UNAVAILABLE: io exception
	at org.apache.ratis.thirdparty.io.grpc.stub.ClientCalls.toStatusRuntimeException(ClientCalls.java:233)
	at org.apache.ratis.thirdparty.io.grpc.stub.ClientCalls.getUnchecked(ClientCalls.java:214)
	at org.apache.ratis.thirdparty.io.grpc.stub.ClientCalls.blockingUnaryCall(ClientCalls.java:139)
	at org.apache.ratis.proto.grpc.RaftServerProtocolServiceGrpc$RaftServerProtocolServiceBlockingStub.requestVote(RaftServerProtocolServiceGrpc.java:265)
	at org.apache.ratis.grpc.server.GrpcServerProtocolClient.requestVote(GrpcServerProtocolClient.java:83)
	at org.apache.ratis.grpc.server.GrpcService.requestVote(GrpcService.java:195)
	at org.apache.ratis.server.impl.LeaderElection.lambda$submitRequests$1(LeaderElection.java:237)
	at java.util.concurrent.FutureTask.run(FutureTask.java:266)
	at java.util.concurrent.Executors$RunnableAdapter.call(Executors.java:511)
	at java.util.concurrent.FutureTask.run(FutureTask.java:266)
	at java.util.concurrent.ThreadPoolExecutor.runWorker(ThreadPoolExecutor.java:1149)
	at java.util.concurrent.ThreadPoolExecutor$Worker.run(ThreadPoolExecutor.java:624)
	... 1 more
Caused by: org.apache.ratis.thirdparty.io.netty.channel.AbstractChannel$AnnotatedConnectException: Connection refused: /192.168.157.205:44060
	at sun.nio.ch.SocketChannelImpl.checkConnect(Native Method)
	at sun.nio.ch.SocketChannelImpl.finishConnect(SocketChannelImpl.java:717)
	at org.apache.ratis.thirdparty.io.netty.channel.socket.nio.NioSocketChannel.doFinishConnect(NioSocketChannel.java:327)
	at org.apache.ratis.thirdparty.io.netty.channel.nio.AbstractNioChannel$AbstractNioUnsafe.finishConnect(AbstractNioChannel.java:340)
	at org.apache.ratis.thirdparty.io.netty.channel.nio.NioEventLoop.processSelectedKey(NioEventLoop.java:632)
	at org.apache.ratis.thirdparty.io.netty.channel.nio.NioEventLoop.processSelectedKeysOptimized(NioEventLoop.java:579)
	at org.apache.ratis.thirdparty.io.netty.channel.nio.NioEventLoop.processSelectedKeys(NioEventLoop.java:496)
	at org.apache.ratis.thirdparty.io.netty.channel.nio.NioEventLoop.run(NioEventLoop.java:458)
	at org.apache.ratis.thirdparty.io.netty.util.concurrent.SingleThreadEventExecutor$5.run(SingleThreadEventExecutor.java:897)
	at org.apache.ratis.thirdparty.io.netty.util.concurrent.FastThreadLocalRunnable.run(FastThreadLocalRunnable.java:30)
	... 1 more
Caused by: java.net.ConnectException: Connection refused
	... 11 more
2019-08-20 19:42:07,603 [3a5f5f92-1fbc-4da9-891b-fb9af6a803f0:group-4BD28E86B1A9:LeaderElection32] INFO  impl.RaftServerImpl (RaftServerImpl.java:setRole(171)) - 3a5f5f92-1fbc-4da9-891b-fb9af6a803f0:group-4BD28E86B1A9 changes role from CANDIDATE to FOLLOWER at term 9 for DISCOVERED_A_NEW_TERM
2019-08-20 19:42:07,603 [3a5f5f92-1fbc-4da9-891b-fb9af6a803f0:group-4BD28E86B1A9:LeaderElection32] INFO  impl.RoleInfo (RoleInfo.java:shutdownLeaderElection(134)) - 3a5f5f92-1fbc-4da9-891b-fb9af6a803f0: shutdown LeaderElection
2019-08-20 19:42:07,603 [3a5f5f92-1fbc-4da9-891b-fb9af6a803f0:group-4BD28E86B1A9:LeaderElection32] INFO  impl.RoleInfo (RoleInfo.java:updateAndGet(143)) - 3a5f5f92-1fbc-4da9-891b-fb9af6a803f0: start FollowerState
2019-08-20 19:42:07,773 [grpc-default-executor-5] WARN  server.GrpcLogAppender (LogUtils.java:warn(134)) - 3a5f5f92-1fbc-4da9-891b-fb9af6a803f0->ee8f8b66-a0a6-4ed9-8105-e31fb13b4287: Failed appendEntries: org.apache.ratis.thirdparty.io.grpc.StatusRuntimeException: UNAVAILABLE: io exception
2019-08-20 19:42:07,774 [grpc-default-executor-5] INFO  impl.FollowerInfo (FollowerInfo.java:lambda$new$0(50)) - 3a5f5f92-1fbc-4da9-891b-fb9af6a803f0->ee8f8b66-a0a6-4ed9-8105-e31fb13b4287: nextIndex: updateUnconditionally 0 -> 0
2019-08-20 19:42:07,805 [grpc-default-executor-5] WARN  server.GrpcLogAppender (LogUtils.java:warn(134)) - 3a5f5f92-1fbc-4da9-891b-fb9af6a803f0->1eeec8c2-4c0f-4bc8-b0db-6391a5855575: Failed appendEntries: org.apache.ratis.thirdparty.io.grpc.StatusRuntimeException: UNAVAILABLE: io exception
2019-08-20 19:42:07,805 [grpc-default-executor-5] INFO  impl.FollowerInfo (FollowerInfo.java:lambda$new$0(50)) - 3a5f5f92-1fbc-4da9-891b-fb9af6a803f0->1eeec8c2-4c0f-4bc8-b0db-6391a5855575: nextIndex: updateUnconditionally 0 -> 0
2019-08-20 19:42:07,896 | INFO  | SCMAudit | user=jenkins1000 | ip=192.168.157.205 | op=SEND_HEARTBEAT {datanodeUUID=8109623e-cc10-4f33-b553-5cc878b10d85, command=[]} | ret=SUCCESS |  
2019-08-20 19:42:08,261 [ForkJoinPool.commonPool-worker-0] INFO  ozoneimpl.OzoneContainer (OzoneContainer.java:stop(199)) - Attempting to stop container services.
2019-08-20 19:42:08,262 [ForkJoinPool.commonPool-worker-0] INFO  impl.RaftServerProxy (RaftServerProxy.java:lambda$close$4(314)) - 2bc3458d-469e-4a51-8672-7abe5768ce0e: close
2019-08-20 19:42:08,262 [ForkJoinPool.commonPool-worker-0] INFO  impl.RaftServerImpl (RaftServerImpl.java:lambda$shutdown$3(245)) - 2bc3458d-469e-4a51-8672-7abe5768ce0e: shutdown group-96FD08FB1942
2019-08-20 19:42:08,263 [ForkJoinPool.commonPool-worker-0] INFO  util.JmxRegister (JmxRegister.java:unregister(73)) - Successfully un-registered JMX Bean with object name Ratis:service=RaftServer,group=group-96FD08FB1942,id=2bc3458d-469e-4a51-8672-7abe5768ce0e
2019-08-20 19:42:08,263 [ForkJoinPool.commonPool-worker-0] INFO  impl.RoleInfo (RoleInfo.java:shutdownLeaderState(104)) - 2bc3458d-469e-4a51-8672-7abe5768ce0e: shutdown LeaderState
2019-08-20 19:42:08,263 [ForkJoinPool.commonPool-worker-0] INFO  impl.PendingRequests (PendingRequests.java:sendNotLeaderResponses(202)) - 2bc3458d-469e-4a51-8672-7abe5768ce0e-PendingRequests: sendNotLeaderResponses
2019-08-20 19:42:08,264 [ForkJoinPool.commonPool-worker-0] INFO  impl.StateMachineUpdater (StateMachineUpdater.java:stopAndJoin(115)) - StateMachineUpdater:2bc3458d-469e-4a51-8672-7abe5768ce0e:group-96FD08FB1942: set stopIndex = 0
2019-08-20 19:42:08,264 [ForkJoinPool.commonPool-worker-0] INFO  impl.RaftServerImpl (ServerState.java:close(394)) - 2bc3458d-469e-4a51-8672-7abe5768ce0e:group-96FD08FB1942 closes. The last applied log index is 0
2019-08-20 19:42:08,265 [2bc3458d-469e-4a51-8672-7abe5768ce0e-SegmentedRaftLogWorker:Storage Directory /workdir/hadoop-ozone/integration-test/target/test-dir/MiniOzoneClusterImpl-e13e4b4c-a51c-41ed-96f1-bc31a3706be2/datanode-0/data/ratis/a7d736d9-94ed-43e0-a158-96fd08fb1942] INFO  segmented.SegmentedRaftLogWorker (SegmentedRaftLogWorker.java:run(313)) - 2bc3458d-469e-4a51-8672-7abe5768ce0e-SegmentedRaftLogWorker:Storage Directory /workdir/hadoop-ozone/integration-test/target/test-dir/MiniOzoneClusterImpl-e13e4b4c-a51c-41ed-96f1-bc31a3706be2/datanode-0/data/ratis/a7d736d9-94ed-43e0-a158-96fd08fb1942 was interrupted, exiting. There are 0 tasks remaining in the queue.
2019-08-20 19:42:08,265 [ForkJoinPool.commonPool-worker-0] INFO  segmented.SegmentedRaftLogWorker (SegmentedRaftLogWorker.java:close(228)) - 2bc3458d-469e-4a51-8672-7abe5768ce0e-SegmentedRaftLogWorker:Storage Directory /workdir/hadoop-ozone/integration-test/target/test-dir/MiniOzoneClusterImpl-e13e4b4c-a51c-41ed-96f1-bc31a3706be2/datanode-0/data/ratis/a7d736d9-94ed-43e0-a158-96fd08fb1942 close()
2019-08-20 19:42:08,267 [ForkJoinPool.commonPool-worker-0] INFO  server.GrpcService (GrpcService.java:closeImpl(155)) - 2bc3458d-469e-4a51-8672-7abe5768ce0e: shutdown server with port 33472 now
2019-08-20 19:42:08,270 [ForkJoinPool.commonPool-worker-0] INFO  server.GrpcService (GrpcService.java:closeImpl(163)) - 2bc3458d-469e-4a51-8672-7abe5768ce0e: shutdown server with port 33472 successfully
2019-08-20 19:42:08,270 [main] INFO  ozoneimpl.OzoneContainer (OzoneContainer.java:stop(199)) - Attempting to stop container services.
2019-08-20 19:42:08,271 [main] INFO  impl.RaftServerProxy (RaftServerProxy.java:lambda$close$4(314)) - 3a5f5f92-1fbc-4da9-891b-fb9af6a803f0: close
2019-08-20 19:42:08,272 [main] INFO  impl.RaftServerImpl (RaftServerImpl.java:lambda$shutdown$3(245)) - 3a5f5f92-1fbc-4da9-891b-fb9af6a803f0: shutdown group-CA825B28539E
2019-08-20 19:42:08,272 [ForkJoinPool.commonPool-worker-0] INFO  utils.BackgroundService (BackgroundService.java:shutdown(148)) - Shutting down service BlockDeletingService
2019-08-20 19:42:08,272 [main] INFO  util.JmxRegister (JmxRegister.java:unregister(73)) - Successfully un-registered JMX Bean with object name Ratis:service=RaftServer,group=group-CA825B28539E,id=3a5f5f92-1fbc-4da9-891b-fb9af6a803f0
2019-08-20 19:42:08,273 [main] INFO  impl.RoleInfo (RoleInfo.java:shutdownLeaderState(104)) - 3a5f5f92-1fbc-4da9-891b-fb9af6a803f0: shutdown LeaderState
2019-08-20 19:42:08,276 [main] INFO  impl.PendingRequests (PendingRequests.java:sendNotLeaderResponses(202)) - 3a5f5f92-1fbc-4da9-891b-fb9af6a803f0-PendingRequests: sendNotLeaderResponses
2019-08-20 19:42:08,277 [refreshUsed-/workdir/hadoop-ozone/integration-test/target/test-dir/MiniOzoneClusterImpl-e13e4b4c-a51c-41ed-96f1-bc31a3706be2/datanode-0/data/containers] WARN  fs.CachingGetSpaceUsed (CachingGetSpaceUsed.java:run(183)) - Thread Interrupted waiting to refresh disk information: sleep interrupted
2019-08-20 19:42:08,277 [org.apache.ratis.server.impl.LogAppender$AppenderDaemon$$Lambda$725/1187814529@5504192f] WARN  server.GrpcLogAppender (GrpcLogAppender.java:mayWait(143)) - GrpcLogAppender(3a5f5f92-1fbc-4da9-891b-fb9af6a803f0->1eeec8c2-4c0f-4bc8-b0db-6391a5855575): Wait interrupted by java.lang.InterruptedException
2019-08-20 19:42:08,277 [main] INFO  impl.StateMachineUpdater (StateMachineUpdater.java:stopAndJoin(115)) - StateMachineUpdater:3a5f5f92-1fbc-4da9-891b-fb9af6a803f0:group-CA825B28539E: set stopIndex = 0
2019-08-20 19:42:08,277 [org.apache.ratis.server.impl.LogAppender$AppenderDaemon$$Lambda$725/1187814529@3967c79b] WARN  server.GrpcLogAppender (GrpcLogAppender.java:mayWait(143)) - GrpcLogAppender(3a5f5f92-1fbc-4da9-891b-fb9af6a803f0->ee8f8b66-a0a6-4ed9-8105-e31fb13b4287): Wait interrupted by java.lang.InterruptedException
2019-08-20 19:42:08,278 [main] INFO  impl.RaftServerImpl (ServerState.java:close(394)) - 3a5f5f92-1fbc-4da9-891b-fb9af6a803f0:group-CA825B28539E closes. The last applied log index is 0
2019-08-20 19:42:08,279 [3a5f5f92-1fbc-4da9-891b-fb9af6a803f0-SegmentedRaftLogWorker:Storage Directory /workdir/hadoop-ozone/integration-test/target/test-dir/MiniOzoneClusterImpl-e13e4b4c-a51c-41ed-96f1-bc31a3706be2/datanode-9/data/ratis/3075ad27-c966-413a-b68e-ca825b28539e] INFO  segmented.SegmentedRaftLogWorker (SegmentedRaftLogWorker.java:run(313)) - 3a5f5f92-1fbc-4da9-891b-fb9af6a803f0-SegmentedRaftLogWorker:Storage Directory /workdir/hadoop-ozone/integration-test/target/test-dir/MiniOzoneClusterImpl-e13e4b4c-a51c-41ed-96f1-bc31a3706be2/datanode-9/data/ratis/3075ad27-c966-413a-b68e-ca825b28539e was interrupted, exiting. There are 0 tasks remaining in the queue.
2019-08-20 19:42:08,279 [main] INFO  segmented.SegmentedRaftLogWorker (SegmentedRaftLogWorker.java:close(228)) - 3a5f5f92-1fbc-4da9-891b-fb9af6a803f0-SegmentedRaftLogWorker:Storage Directory /workdir/hadoop-ozone/integration-test/target/test-dir/MiniOzoneClusterImpl-e13e4b4c-a51c-41ed-96f1-bc31a3706be2/datanode-9/data/ratis/3075ad27-c966-413a-b68e-ca825b28539e close()
2019-08-20 19:42:08,282 [main] INFO  impl.RaftServerImpl (RaftServerImpl.java:lambda$shutdown$3(245)) - 3a5f5f92-1fbc-4da9-891b-fb9af6a803f0: shutdown group-4BD28E86B1A9
2019-08-20 19:42:08,282 [grpc-default-executor-2] INFO  server.GrpcLogAppender (GrpcLogAppender.java:onError(281)) - GrpcLogAppender(3a5f5f92-1fbc-4da9-891b-fb9af6a803f0->ee8f8b66-a0a6-4ed9-8105-e31fb13b4287) is stopped
2019-08-20 19:42:08,283 [main] INFO  util.JmxRegister (JmxRegister.java:unregister(73)) - Successfully un-registered JMX Bean with object name Ratis:service=RaftServer,group=group-4BD28E86B1A9,id=3a5f5f92-1fbc-4da9-891b-fb9af6a803f0
2019-08-20 19:42:08,283 [main] INFO  impl.RoleInfo (RoleInfo.java:shutdownFollowerState(121)) - 3a5f5f92-1fbc-4da9-891b-fb9af6a803f0: shutdown FollowerState
2019-08-20 19:42:08,284 [main] INFO  impl.StateMachineUpdater (StateMachineUpdater.java:stopAndJoin(115)) - StateMachineUpdater:3a5f5f92-1fbc-4da9-891b-fb9af6a803f0:group-4BD28E86B1A9: set stopIndex = 0
2019-08-20 19:42:08,284 [Thread-545] INFO  impl.FollowerState (FollowerState.java:run(114)) - 3a5f5f92-1fbc-4da9-891b-fb9af6a803f0: FollowerState was interrupted: java.lang.InterruptedException: sleep interrupted
2019-08-20 19:42:08,284 [main] INFO  impl.RaftServerImpl (ServerState.java:close(394)) - 3a5f5f92-1fbc-4da9-891b-fb9af6a803f0:group-4BD28E86B1A9 closes. The last applied log index is 0
2019-08-20 19:42:08,287 [3a5f5f92-1fbc-4da9-891b-fb9af6a803f0-SegmentedRaftLogWorker:Storage Directory /workdir/hadoop-ozone/integration-test/target/test-dir/MiniOzoneClusterImpl-e13e4b4c-a51c-41ed-96f1-bc31a3706be2/datanode-9/data/ratis/b8a02491-4481-463c-9f11-4bd28e86b1a9] INFO  segmented.SegmentedRaftLogWorker (SegmentedRaftLogWorker.java:run(313)) - 3a5f5f92-1fbc-4da9-891b-fb9af6a803f0-SegmentedRaftLogWorker:Storage Directory /workdir/hadoop-ozone/integration-test/target/test-dir/MiniOzoneClusterImpl-e13e4b4c-a51c-41ed-96f1-bc31a3706be2/datanode-9/data/ratis/b8a02491-4481-463c-9f11-4bd28e86b1a9 was interrupted, exiting. There are 0 tasks remaining in the queue.
2019-08-20 19:42:08,287 [main] INFO  segmented.SegmentedRaftLogWorker (SegmentedRaftLogWorker.java:close(228)) - 3a5f5f92-1fbc-4da9-891b-fb9af6a803f0-SegmentedRaftLogWorker:Storage Directory /workdir/hadoop-ozone/integration-test/target/test-dir/MiniOzoneClusterImpl-e13e4b4c-a51c-41ed-96f1-bc31a3706be2/datanode-9/data/ratis/b8a02491-4481-463c-9f11-4bd28e86b1a9 close()
2019-08-20 19:42:08,290 [main] INFO  impl.RaftServerImpl (RaftServerImpl.java:lambda$shutdown$3(245)) - 3a5f5f92-1fbc-4da9-891b-fb9af6a803f0: shutdown group-78F196AB2FA0
2019-08-20 19:42:08,290 [main] INFO  util.JmxRegister (JmxRegister.java:unregister(73)) - Successfully un-registered JMX Bean with object name Ratis:service=RaftServer,group=group-78F196AB2FA0,id=3a5f5f92-1fbc-4da9-891b-fb9af6a803f0
2019-08-20 19:42:08,291 [main] INFO  impl.RoleInfo (RoleInfo.java:shutdownFollowerState(121)) - 3a5f5f92-1fbc-4da9-891b-fb9af6a803f0: shutdown FollowerState
2019-08-20 19:42:08,291 [main] INFO  impl.StateMachineUpdater (StateMachineUpdater.java:stopAndJoin(115)) - StateMachineUpdater:3a5f5f92-1fbc-4da9-891b-fb9af6a803f0:group-78F196AB2FA0: set stopIndex = 2
2019-08-20 19:42:08,291 [Thread-541] INFO  impl.FollowerState (FollowerState.java:run(114)) - 3a5f5f92-1fbc-4da9-891b-fb9af6a803f0: FollowerState was interrupted: java.lang.InterruptedException: sleep interrupted
2019-08-20 19:42:08,292 [main] INFO  impl.RaftServerImpl (ServerState.java:close(394)) - 3a5f5f92-1fbc-4da9-891b-fb9af6a803f0:group-78F196AB2FA0 closes. The last applied log index is 2
2019-08-20 19:42:08,295 [3a5f5f92-1fbc-4da9-891b-fb9af6a803f0-SegmentedRaftLogWorker:Storage Directory /workdir/hadoop-ozone/integration-test/target/test-dir/MiniOzoneClusterImpl-e13e4b4c-a51c-41ed-96f1-bc31a3706be2/datanode-9/data/ratis/d391e905-fe4b-49eb-8efd-78f196ab2fa0] INFO  segmented.SegmentedRaftLogWorker (SegmentedRaftLogWorker.java:run(313)) - 3a5f5f92-1fbc-4da9-891b-fb9af6a803f0-SegmentedRaftLogWorker:Storage Directory /workdir/hadoop-ozone/integration-test/target/test-dir/MiniOzoneClusterImpl-e13e4b4c-a51c-41ed-96f1-bc31a3706be2/datanode-9/data/ratis/d391e905-fe4b-49eb-8efd-78f196ab2fa0 was interrupted, exiting. There are 0 tasks remaining in the queue.
2019-08-20 19:42:08,297 [main] INFO  segmented.SegmentedRaftLogWorker (SegmentedRaftLogWorker.java:close(228)) - 3a5f5f92-1fbc-4da9-891b-fb9af6a803f0-SegmentedRaftLogWorker:Storage Directory /workdir/hadoop-ozone/integration-test/target/test-dir/MiniOzoneClusterImpl-e13e4b4c-a51c-41ed-96f1-bc31a3706be2/datanode-9/data/ratis/d391e905-fe4b-49eb-8efd-78f196ab2fa0 close()
2019-08-20 19:42:08,299 [main] INFO  impl.RaftServerImpl (RaftServerImpl.java:lambda$shutdown$3(245)) - 3a5f5f92-1fbc-4da9-891b-fb9af6a803f0: shutdown group-0D20F8011B2A
2019-08-20 19:42:08,300 [main] INFO  util.JmxRegister (JmxRegister.java:unregister(73)) - Successfully un-registered JMX Bean with object name Ratis:service=RaftServer,group=group-0D20F8011B2A,id=3a5f5f92-1fbc-4da9-891b-fb9af6a803f0
2019-08-20 19:42:08,300 [main] INFO  impl.RoleInfo (RoleInfo.java:shutdownLeaderState(104)) - 3a5f5f92-1fbc-4da9-891b-fb9af6a803f0: shutdown LeaderState
2019-08-20 19:42:08,300 [main] INFO  impl.PendingRequests (PendingRequests.java:sendNotLeaderResponses(202)) - 3a5f5f92-1fbc-4da9-891b-fb9af6a803f0-PendingRequests: sendNotLeaderResponses
2019-08-20 19:42:08,301 [main] INFO  impl.StateMachineUpdater (StateMachineUpdater.java:stopAndJoin(115)) - StateMachineUpdater:3a5f5f92-1fbc-4da9-891b-fb9af6a803f0:group-0D20F8011B2A: set stopIndex = 0
2019-08-20 19:42:08,301 [main] INFO  impl.RaftServerImpl (ServerState.java:close(394)) - 3a5f5f92-1fbc-4da9-891b-fb9af6a803f0:group-0D20F8011B2A closes. The last applied log index is 0
2019-08-20 19:42:08,302 [3a5f5f92-1fbc-4da9-891b-fb9af6a803f0-SegmentedRaftLogWorker:Storage Directory /workdir/hadoop-ozone/integration-test/target/test-dir/MiniOzoneClusterImpl-e13e4b4c-a51c-41ed-96f1-bc31a3706be2/datanode-9/data/ratis/e62d4702-5177-4bb0-94aa-0d20f8011b2a] INFO  segmented.SegmentedRaftLogWorker (SegmentedRaftLogWorker.java:run(313)) - 3a5f5f92-1fbc-4da9-891b-fb9af6a803f0-SegmentedRaftLogWorker:Storage Directory /workdir/hadoop-ozone/integration-test/target/test-dir/MiniOzoneClusterImpl-e13e4b4c-a51c-41ed-96f1-bc31a3706be2/datanode-9/data/ratis/e62d4702-5177-4bb0-94aa-0d20f8011b2a was interrupted, exiting. There are 0 tasks remaining in the queue.
2019-08-20 19:42:08,302 [main] INFO  segmented.SegmentedRaftLogWorker (SegmentedRaftLogWorker.java:close(228)) - 3a5f5f92-1fbc-4da9-891b-fb9af6a803f0-SegmentedRaftLogWorker:Storage Directory /workdir/hadoop-ozone/integration-test/target/test-dir/MiniOzoneClusterImpl-e13e4b4c-a51c-41ed-96f1-bc31a3706be2/datanode-9/data/ratis/e62d4702-5177-4bb0-94aa-0d20f8011b2a close()
2019-08-20 19:42:08,304 [main] INFO  server.GrpcService (GrpcService.java:closeImpl(155)) - 3a5f5f92-1fbc-4da9-891b-fb9af6a803f0: shutdown server with port 37319 now
2019-08-20 19:42:08,305 [main] INFO  server.GrpcService (GrpcService.java:closeImpl(163)) - 3a5f5f92-1fbc-4da9-891b-fb9af6a803f0: shutdown server with port 37319 successfully
2019-08-20 19:42:08,306 [main] INFO  utils.BackgroundService (BackgroundService.java:shutdown(148)) - Shutting down service BlockDeletingService
2019-08-20 19:42:08,307 [refreshUsed-/workdir/hadoop-ozone/integration-test/target/test-dir/MiniOzoneClusterImpl-e13e4b4c-a51c-41ed-96f1-bc31a3706be2/datanode-9/data/containers] WARN  fs.CachingGetSpaceUsed (CachingGetSpaceUsed.java:run(183)) - Thread Interrupted waiting to refresh disk information: sleep interrupted
2019-08-20 19:42:08,316 [ForkJoinPool.commonPool-worker-0] INFO  statemachine.DatanodeStateMachine (DatanodeStateMachine.java:stopDaemon(395)) - Ozone container server stopped.
2019-08-20 19:42:08,322 [ForkJoinPool.commonPool-worker-0] INFO  handler.ContextHandler (ContextHandler.java:doStop(910)) - Stopped o.e.j.w.WebAppContext@4c58255{/,null,UNAVAILABLE}{/hddsDatanode}
2019-08-20 19:42:08,324 [ForkJoinPool.commonPool-worker-0] INFO  server.AbstractConnector (AbstractConnector.java:doStop(318)) - Stopped ServerConnector@eac3a26{HTTP/1.1,[http/1.1]}{0.0.0.0:0}
2019-08-20 19:42:08,325 [ForkJoinPool.commonPool-worker-0] INFO  handler.ContextHandler (ContextHandler.java:doStop(910)) - Stopped o.e.j.s.ServletContextHandler@50fb33a{/static,jar:file:/home/user/.m2/repository/org/apache/hadoop/hadoop-hdds-container-service/0.5.0-SNAPSHOT/hadoop-hdds-container-service-0.5.0-SNAPSHOT.jar!/webapps/static,UNAVAILABLE}
2019-08-20 19:42:08,327 [ForkJoinPool.commonPool-worker-0] INFO  handler.ContextHandler (ContextHandler.java:doStop(910)) - Stopped o.e.j.s.ServletContextHandler@6a1d3225{/logs,file:///workdir/hadoop-ozone/integration-test/target/log,UNAVAILABLE}
2019-08-20 19:42:08,328 [ForkJoinPool.commonPool-worker-0] INFO  datanode.ObjectStoreHandler (ObjectStoreHandler.java:close(155)) - Closing ObjectStoreHandler.
2019-08-20 19:42:08,329 [ForkJoinPool.commonPool-worker-0] INFO  ozone.HddsDatanodeService (HddsDatanodeService.java:stop(451)) - Stopped plug-in org.apache.hadoop.ozone.web.OzoneHddsDatanodeService@3b435211
2019-08-20 19:42:08,339 [main] INFO  statemachine.DatanodeStateMachine (DatanodeStateMachine.java:stopDaemon(395)) - Ozone container server stopped.
2019-08-20 19:42:08,340 [main] INFO  handler.ContextHandler (ContextHandler.java:doStop(910)) - Stopped o.e.j.w.WebAppContext@6b8bdcc6{/,null,UNAVAILABLE}{/hddsDatanode}
2019-08-20 19:42:08,341 [Datanode State Machine Thread - 0] INFO  statemachine.DatanodeStateMachine (DatanodeStateMachine.java:lambda$startDaemon$0(350)) - Ozone container server started.
2019-08-20 19:42:08,342 [main] INFO  server.AbstractConnector (AbstractConnector.java:doStop(318)) - Stopped ServerConnector@213835b6{HTTP/1.1,[http/1.1]}{0.0.0.0:0}
2019-08-20 19:42:08,342 [main] INFO  handler.ContextHandler (ContextHandler.java:doStop(910)) - Stopped o.e.j.s.ServletContextHandler@6d3163a6{/static,jar:file:/home/user/.m2/repository/org/apache/hadoop/hadoop-hdds-container-service/0.5.0-SNAPSHOT/hadoop-hdds-container-service-0.5.0-SNAPSHOT.jar!/webapps/static,UNAVAILABLE}
2019-08-20 19:42:08,342 [main] INFO  handler.ContextHandler (ContextHandler.java:doStop(910)) - Stopped o.e.j.s.ServletContextHandler@28f05b0c{/logs,file:///workdir/hadoop-ozone/integration-test/target/log,UNAVAILABLE}
2019-08-20 19:42:08,348 [main] INFO  datanode.ObjectStoreHandler (ObjectStoreHandler.java:close(155)) - Closing ObjectStoreHandler.
2019-08-20 19:42:08,349 [main] INFO  ozone.HddsDatanodeService (HddsDatanodeService.java:stop(451)) - Stopped plug-in org.apache.hadoop.ozone.web.OzoneHddsDatanodeService@283d3628
2019-08-20 19:42:08,894 [Datanode State Machine Thread - 0] INFO  statemachine.DatanodeStateMachine (DatanodeStateMachine.java:lambda$startDaemon$0(350)) - Ozone container server started.
2019-08-20 19:42:13,330 [ForkJoinPool.commonPool-worker-0] INFO  ozoneimpl.OzoneContainer (OzoneContainer.java:stop(199)) - Attempting to stop container services.
2019-08-20 19:42:13,330 [ForkJoinPool.commonPool-worker-0] INFO  impl.RaftServerProxy (RaftServerProxy.java:lambda$close$4(314)) - a9286357-6b15-4043-a893-920ae835d3d2: close
2019-08-20 19:42:13,331 [ForkJoinPool.commonPool-worker-0] INFO  impl.RaftServerImpl (RaftServerImpl.java:lambda$shutdown$3(245)) - a9286357-6b15-4043-a893-920ae835d3d2: shutdown group-9189E1E9EF5B
2019-08-20 19:42:13,331 [ForkJoinPool.commonPool-worker-0] INFO  util.JmxRegister (JmxRegister.java:unregister(73)) - Successfully un-registered JMX Bean with object name Ratis:service=RaftServer,group=group-9189E1E9EF5B,id=a9286357-6b15-4043-a893-920ae835d3d2
2019-08-20 19:42:13,331 [ForkJoinPool.commonPool-worker-0] INFO  impl.RoleInfo (RoleInfo.java:shutdownLeaderState(104)) - a9286357-6b15-4043-a893-920ae835d3d2: shutdown LeaderState
2019-08-20 19:42:13,331 [ForkJoinPool.commonPool-worker-0] INFO  impl.PendingRequests (PendingRequests.java:sendNotLeaderResponses(202)) - a9286357-6b15-4043-a893-920ae835d3d2-PendingRequests: sendNotLeaderResponses
2019-08-20 19:42:13,332 [ForkJoinPool.commonPool-worker-0] INFO  impl.StateMachineUpdater (StateMachineUpdater.java:stopAndJoin(115)) - StateMachineUpdater:a9286357-6b15-4043-a893-920ae835d3d2:group-9189E1E9EF5B: set stopIndex = 0
2019-08-20 19:42:13,332 [ForkJoinPool.commonPool-worker-0] INFO  impl.RaftServerImpl (ServerState.java:close(394)) - a9286357-6b15-4043-a893-920ae835d3d2:group-9189E1E9EF5B closes. The last applied log index is 0
2019-08-20 19:42:13,332 [a9286357-6b15-4043-a893-920ae835d3d2-SegmentedRaftLogWorker:Storage Directory /workdir/hadoop-ozone/integration-test/target/test-dir/MiniOzoneClusterImpl-e13e4b4c-a51c-41ed-96f1-bc31a3706be2/datanode-1/data/ratis/58516834-1e55-4f0a-b04a-9189e1e9ef5b] INFO  segmented.SegmentedRaftLogWorker (SegmentedRaftLogWorker.java:run(313)) - a9286357-6b15-4043-a893-920ae835d3d2-SegmentedRaftLogWorker:Storage Directory /workdir/hadoop-ozone/integration-test/target/test-dir/MiniOzoneClusterImpl-e13e4b4c-a51c-41ed-96f1-bc31a3706be2/datanode-1/data/ratis/58516834-1e55-4f0a-b04a-9189e1e9ef5b was interrupted, exiting. There are 0 tasks remaining in the queue.
2019-08-20 19:42:13,333 [ForkJoinPool.commonPool-worker-0] INFO  segmented.SegmentedRaftLogWorker (SegmentedRaftLogWorker.java:close(228)) - a9286357-6b15-4043-a893-920ae835d3d2-SegmentedRaftLogWorker:Storage Directory /workdir/hadoop-ozone/integration-test/target/test-dir/MiniOzoneClusterImpl-e13e4b4c-a51c-41ed-96f1-bc31a3706be2/datanode-1/data/ratis/58516834-1e55-4f0a-b04a-9189e1e9ef5b close()
2019-08-20 19:42:13,335 [ForkJoinPool.commonPool-worker-0] INFO  server.GrpcService (GrpcService.java:closeImpl(155)) - a9286357-6b15-4043-a893-920ae835d3d2: shutdown server with port 32972 now
2019-08-20 19:42:13,336 [ForkJoinPool.commonPool-worker-0] INFO  server.GrpcService (GrpcService.java:closeImpl(163)) - a9286357-6b15-4043-a893-920ae835d3d2: shutdown server with port 32972 successfully
2019-08-20 19:42:13,338 [ForkJoinPool.commonPool-worker-0] INFO  utils.BackgroundService (BackgroundService.java:shutdown(148)) - Shutting down service BlockDeletingService
2019-08-20 19:42:13,339 [refreshUsed-/workdir/hadoop-ozone/integration-test/target/test-dir/MiniOzoneClusterImpl-e13e4b4c-a51c-41ed-96f1-bc31a3706be2/datanode-1/data/containers] WARN  fs.CachingGetSpaceUsed (CachingGetSpaceUsed.java:run(183)) - Thread Interrupted waiting to refresh disk information: sleep interrupted
2019-08-20 19:42:13,350 [main] INFO  ozoneimpl.OzoneContainer (OzoneContainer.java:stop(199)) - Attempting to stop container services.
2019-08-20 19:42:13,350 [main] INFO  impl.RaftServerProxy (RaftServerProxy.java:lambda$close$4(314)) - 8109623e-cc10-4f33-b553-5cc878b10d85: close
2019-08-20 19:42:13,350 [main] INFO  impl.RaftServerImpl (RaftServerImpl.java:lambda$shutdown$3(245)) - 8109623e-cc10-4f33-b553-5cc878b10d85: shutdown group-7FF24DFB94D0
2019-08-20 19:42:13,351 [main] INFO  util.JmxRegister (JmxRegister.java:unregister(73)) - Successfully un-registered JMX Bean with object name Ratis:service=RaftServer,group=group-7FF24DFB94D0,id=8109623e-cc10-4f33-b553-5cc878b10d85
2019-08-20 19:42:13,351 [main] INFO  impl.RoleInfo (RoleInfo.java:shutdownLeaderState(104)) - 8109623e-cc10-4f33-b553-5cc878b10d85: shutdown LeaderState
2019-08-20 19:42:13,351 [main] INFO  impl.PendingRequests (PendingRequests.java:sendNotLeaderResponses(202)) - 8109623e-cc10-4f33-b553-5cc878b10d85-PendingRequests: sendNotLeaderResponses
2019-08-20 19:42:13,351 [main] INFO  impl.StateMachineUpdater (StateMachineUpdater.java:stopAndJoin(115)) - StateMachineUpdater:8109623e-cc10-4f33-b553-5cc878b10d85:group-7FF24DFB94D0: set stopIndex = 0
2019-08-20 19:42:13,352 [main] INFO  impl.RaftServerImpl (ServerState.java:close(394)) - 8109623e-cc10-4f33-b553-5cc878b10d85:group-7FF24DFB94D0 closes. The last applied log index is 0
2019-08-20 19:42:13,352 [8109623e-cc10-4f33-b553-5cc878b10d85-SegmentedRaftLogWorker:Storage Directory /workdir/hadoop-ozone/integration-test/target/test-dir/MiniOzoneClusterImpl-e13e4b4c-a51c-41ed-96f1-bc31a3706be2/datanode-7/data/ratis/b375dec5-ac9c-4436-984f-7ff24dfb94d0] INFO  segmented.SegmentedRaftLogWorker (SegmentedRaftLogWorker.java:run(313)) - 8109623e-cc10-4f33-b553-5cc878b10d85-SegmentedRaftLogWorker:Storage Directory /workdir/hadoop-ozone/integration-test/target/test-dir/MiniOzoneClusterImpl-e13e4b4c-a51c-41ed-96f1-bc31a3706be2/datanode-7/data/ratis/b375dec5-ac9c-4436-984f-7ff24dfb94d0 was interrupted, exiting. There are 0 tasks remaining in the queue.
2019-08-20 19:42:13,352 [main] INFO  segmented.SegmentedRaftLogWorker (SegmentedRaftLogWorker.java:close(228)) - 8109623e-cc10-4f33-b553-5cc878b10d85-SegmentedRaftLogWorker:Storage Directory /workdir/hadoop-ozone/integration-test/target/test-dir/MiniOzoneClusterImpl-e13e4b4c-a51c-41ed-96f1-bc31a3706be2/datanode-7/data/ratis/b375dec5-ac9c-4436-984f-7ff24dfb94d0 close()
2019-08-20 19:42:13,354 [main] INFO  server.GrpcService (GrpcService.java:closeImpl(155)) - 8109623e-cc10-4f33-b553-5cc878b10d85: shutdown server with port 41929 now
2019-08-20 19:42:13,355 [main] INFO  server.GrpcService (GrpcService.java:closeImpl(163)) - 8109623e-cc10-4f33-b553-5cc878b10d85: shutdown server with port 41929 successfully
2019-08-20 19:42:13,357 [ForkJoinPool.commonPool-worker-0] INFO  statemachine.DatanodeStateMachine (DatanodeStateMachine.java:stopDaemon(395)) - Ozone container server stopped.
2019-08-20 19:42:13,361 [ForkJoinPool.commonPool-worker-0] INFO  handler.ContextHandler (ContextHandler.java:doStop(910)) - Stopped o.e.j.w.WebAppContext@68af87ad{/,null,UNAVAILABLE}{/hddsDatanode}
2019-08-20 19:42:13,361 [ForkJoinPool.commonPool-worker-0] INFO  server.AbstractConnector (AbstractConnector.java:doStop(318)) - Stopped ServerConnector@43d65a81{HTTP/1.1,[http/1.1]}{0.0.0.0:0}
2019-08-20 19:42:13,362 [ForkJoinPool.commonPool-worker-0] INFO  handler.ContextHandler (ContextHandler.java:doStop(910)) - Stopped o.e.j.s.ServletContextHandler@587c5c1{/static,jar:file:/home/user/.m2/repository/org/apache/hadoop/hadoop-hdds-container-service/0.5.0-SNAPSHOT/hadoop-hdds-container-service-0.5.0-SNAPSHOT.jar!/webapps/static,UNAVAILABLE}
2019-08-20 19:42:13,363 [ForkJoinPool.commonPool-worker-0] INFO  handler.ContextHandler (ContextHandler.java:doStop(910)) - Stopped o.e.j.s.ServletContextHandler@613f7eb7{/logs,file:///workdir/hadoop-ozone/integration-test/target/log,UNAVAILABLE}
2019-08-20 19:42:13,366 [main] INFO  utils.BackgroundService (BackgroundService.java:shutdown(148)) - Shutting down service BlockDeletingService
2019-08-20 19:42:13,367 [refreshUsed-/workdir/hadoop-ozone/integration-test/target/test-dir/MiniOzoneClusterImpl-e13e4b4c-a51c-41ed-96f1-bc31a3706be2/datanode-7/data/containers] WARN  fs.CachingGetSpaceUsed (CachingGetSpaceUsed.java:run(183)) - Thread Interrupted waiting to refresh disk information: sleep interrupted
2019-08-20 19:42:13,381 [main] INFO  statemachine.DatanodeStateMachine (DatanodeStateMachine.java:stopDaemon(395)) - Ozone container server stopped.
2019-08-20 19:42:13,382 [main] INFO  handler.ContextHandler (ContextHandler.java:doStop(910)) - Stopped o.e.j.w.WebAppContext@4228f269{/,null,UNAVAILABLE}{/hddsDatanode}
2019-08-20 19:42:13,383 [main] INFO  server.AbstractConnector (AbstractConnector.java:doStop(318)) - Stopped ServerConnector@376b5cb2{HTTP/1.1,[http/1.1]}{0.0.0.0:0}
2019-08-20 19:42:13,383 [main] INFO  handler.ContextHandler (ContextHandler.java:doStop(910)) - Stopped o.e.j.s.ServletContextHandler@6658f08a{/static,jar:file:/home/user/.m2/repository/org/apache/hadoop/hadoop-hdds-container-service/0.5.0-SNAPSHOT/hadoop-hdds-container-service-0.5.0-SNAPSHOT.jar!/webapps/static,UNAVAILABLE}
2019-08-20 19:42:13,384 [main] INFO  handler.ContextHandler (ContextHandler.java:doStop(910)) - Stopped o.e.j.s.ServletContextHandler@52ca0ad4{/logs,file:///workdir/hadoop-ozone/integration-test/target/log,UNAVAILABLE}
2019-08-20 19:42:13,384 [main] INFO  ozone.MiniOzoneClusterImpl (MiniOzoneClusterImpl.java:stop(353)) - Stopping the StorageContainerManager
2019-08-20 19:42:13,384 [main] INFO  server.StorageContainerManager (StorageContainerManager.java:stop(797)) - Stopping Replication Manager Service.
2019-08-20 19:42:13,385 [main] INFO  container.ReplicationManager (ReplicationManager.java:stop(193)) - Stopping Replication Monitor Thread.
2019-08-20 19:42:13,385 [main] INFO  server.StorageContainerManager (StorageContainerManager.java:stop(804)) - Stopping Lease Manager of the command watchers
2019-08-20 19:42:13,385 [main] INFO  server.StorageContainerManager (StorageContainerManager.java:stop(811)) - Stopping datanode service RPC server
2019-08-20 19:42:13,385 [main] INFO  server.SCMDatanodeProtocolServer (SCMDatanodeProtocolServer.java:stop(367)) - Stopping the RPC server for DataNodes
2019-08-20 19:42:13,385 [main] INFO  ipc.Server (Server.java:stop(3082)) - Stopping server on 34749
2019-08-20 19:42:13,386 [IPC Server listener on 34749] INFO  ipc.Server (Server.java:run(1185)) - Stopping IPC Server listener on 34749
2019-08-20 19:42:13,386 [IPC Server Responder] INFO  ipc.Server (Server.java:run(1319)) - Stopping IPC Server Responder
2019-08-20 19:42:13,391 [SCM Heartbeat Processing Thread - 0] WARN  node.NodeStateManager (NodeStateManager.java:scheduleNextHealthCheck(646)) - Current Thread is interrupted, shutting down HB processing thread for Node Manager.
2019-08-20 19:42:13,391 [main] INFO  server.StorageContainerManager (StorageContainerManager.java:stop(819)) - Stopping block service RPC server
2019-08-20 19:42:13,392 [main] INFO  server.SCMBlockProtocolServer (SCMBlockProtocolServer.java:stop(148)) - Stopping the RPC server for Block Protocol
2019-08-20 19:42:13,392 [main] INFO  ipc.Server (Server.java:stop(3082)) - Stopping server on 36482
2019-08-20 19:42:13,392 [IPC Server listener on 36482] INFO  ipc.Server (Server.java:run(1185)) - Stopping IPC Server listener on 36482
2019-08-20 19:42:13,392 [main] INFO  server.StorageContainerManager (StorageContainerManager.java:stop(826)) - Stopping the StorageContainerLocationProtocol RPC server
2019-08-20 19:42:13,393 [main] INFO  server.SCMClientProtocolServer (SCMClientProtocolServer.java:stop(159)) - Stopping the RPC server for Client Protocol
2019-08-20 19:42:13,393 [IPC Server Responder] INFO  ipc.Server (Server.java:run(1319)) - Stopping IPC Server Responder
2019-08-20 19:42:13,393 [main] INFO  ipc.Server (Server.java:stop(3082)) - Stopping server on 46790
2019-08-20 19:42:13,395 [IPC Server listener on 46790] INFO  ipc.Server (Server.java:run(1185)) - Stopping IPC Server listener on 46790
2019-08-20 19:42:13,395 [main] INFO  server.StorageContainerManager (StorageContainerManager.java:stop(833)) - Stopping Storage Container Manager HTTP server.
2019-08-20 19:42:13,395 [IPC Server Responder] INFO  ipc.Server (Server.java:run(1319)) - Stopping IPC Server Responder
2019-08-20 19:42:13,396 [main] INFO  handler.ContextHandler (ContextHandler.java:doStop(910)) - Stopped o.e.j.w.WebAppContext@5489c777{/,null,UNAVAILABLE}{/scm}
2019-08-20 19:42:13,397 [main] INFO  server.AbstractConnector (AbstractConnector.java:doStop(318)) - Stopped ServerConnector@2970a5bc{HTTP/1.1,[http/1.1]}{0.0.0.0:0}
2019-08-20 19:42:13,397 [main] INFO  handler.ContextHandler (ContextHandler.java:doStop(910)) - Stopped o.e.j.s.ServletContextHandler@38f116f6{/static,file:///workdir/hadoop-ozone/integration-test/target/test-classes/webapps/static,UNAVAILABLE}
2019-08-20 19:42:13,397 [main] INFO  handler.ContextHandler (ContextHandler.java:doStop(910)) - Stopped o.e.j.s.ServletContextHandler@424fd310{/logs,file:///workdir/hadoop-ozone/integration-test/target/log,UNAVAILABLE}
2019-08-20 19:42:13,398 [main] INFO  server.StorageContainerManager (StorageContainerManager.java:stop(844)) - Stopping Block Manager Service.
2019-08-20 19:42:13,398 [main] INFO  utils.BackgroundService (BackgroundService.java:shutdown(148)) - Shutting down service SCMBlockDeletingService
2019-08-20 19:42:13,399 [main] INFO  utils.BackgroundService (BackgroundService.java:shutdown(148)) - Shutting down service SCMBlockDeletingService
2019-08-20 19:42:13,400 [main] INFO  server.StorageContainerManager (StorageContainerManager.java:stop(866)) - Stopping SCM Event Queue.
2019-08-20 19:42:13,405 [main] INFO  impl.MetricsSystemImpl (MetricsSystemImpl.java:stop(210)) - Stopping HddsDatanode metrics system...
2019-08-20 19:42:13,412 [main] INFO  impl.MetricsSystemImpl (MetricsSystemImpl.java:stop(216)) - HddsDatanode metrics system stopped.
]]></system-out>
    <system-err><![CDATA[Aug 20, 2019 7:41:31 PM com.sun.jersey.server.impl.application.WebApplicationImpl _initiate
INFO: Initiating Jersey application, version 'Jersey: 1.19 02/11/2015 03:25 AM'
Aug 20, 2019 7:41:32 PM com.sun.jersey.server.impl.application.WebApplicationImpl _initiate
INFO: Initiating Jersey application, version 'Jersey: 1.19 02/11/2015 03:25 AM'
Aug 20, 2019 7:41:32 PM com.sun.jersey.server.impl.application.WebApplicationImpl _initiate
INFO: Initiating Jersey application, version 'Jersey: 1.19 02/11/2015 03:25 AM'
Aug 20, 2019 7:41:32 PM com.sun.jersey.server.impl.application.WebApplicationImpl _initiate
INFO: Initiating Jersey application, version 'Jersey: 1.19 02/11/2015 03:25 AM'
Aug 20, 2019 7:41:32 PM com.sun.jersey.server.impl.application.WebApplicationImpl _initiate
INFO: Initiating Jersey application, version 'Jersey: 1.19 02/11/2015 03:25 AM'
Aug 20, 2019 7:41:33 PM com.sun.jersey.server.impl.application.WebApplicationImpl _initiate
INFO: Initiating Jersey application, version 'Jersey: 1.19 02/11/2015 03:25 AM'
Aug 20, 2019 7:41:33 PM com.sun.jersey.server.impl.application.WebApplicationImpl _initiate
INFO: Initiating Jersey application, version 'Jersey: 1.19 02/11/2015 03:25 AM'
Aug 20, 2019 7:41:33 PM com.sun.jersey.server.impl.application.WebApplicationImpl _initiate
INFO: Initiating Jersey application, version 'Jersey: 1.19 02/11/2015 03:25 AM'
Aug 20, 2019 7:41:33 PM com.sun.jersey.server.impl.application.WebApplicationImpl _initiate
INFO: Initiating Jersey application, version 'Jersey: 1.19 02/11/2015 03:25 AM'
Aug 20, 2019 7:41:34 PM com.sun.jersey.server.impl.application.WebApplicationImpl _initiate
INFO: Initiating Jersey application, version 'Jersey: 1.19 02/11/2015 03:25 AM'
]]></system-err>
  </testcase>
  <testcase name="testContainerExclusionWithClosedContainerException" classname="org.apache.hadoop.ozone.client.rpc.TestFailureHandlingByClient" time="48.82"/>
  <testcase name="testWriteSmallFile" classname="org.apache.hadoop.ozone.client.rpc.TestFailureHandlingByClient" time="52.422"/>
  <testcase name="testBlockWritesWithDnFailures" classname="org.apache.hadoop.ozone.client.rpc.TestFailureHandlingByClient" time="56.672"/>
  <testcase name="testDatanodeExclusionWithMajorityCommit" classname="org.apache.hadoop.ozone.client.rpc.TestFailureHandlingByClient" time="56.511"/>
</testsuite>