<?xml version="1.0" encoding="UTF-8"?>
<testsuite xmlns:xsi="http://www.w3.org/2001/XMLSchema-instance" xsi:noNamespaceSchemaLocation="https://maven.apache.org/surefire/maven-surefire-plugin/xsd/surefire-test-report.xsd" name="org.apache.hadoop.fs.ozone.TestOzoneFileSystem" time="125.036" tests="7" errors="2" skipped="0" failures="0">
  <properties>
    <property name="awt.toolkit" value="sun.awt.X11.XToolkit"/>
    <property name="file.encoding.pkg" value="sun.io"/>
    <property name="java.specification.version" value="1.8"/>
    <property name="sun.cpu.isalist" value=""/>
    <property name="sun.jnu.encoding" value="UTF-8"/>
    <property name="java.class.path" value="/workdir/hadoop-ozone/ozonefs/target/test-classes:/workdir/hadoop-ozone/ozonefs/target/classes:/home/user/.m2/repository/org/apache/hadoop/hadoop-common/3.2.0/hadoop-common-3.2.0.jar:/home/user/.m2/repository/org/apache/hadoop/hadoop-annotations/3.2.0/hadoop-annotations-3.2.0.jar:/usr/lib/jvm/java-1.8-openjdk/jre/../lib/tools.jar:/home/user/.m2/repository/com/google/guava/guava/11.0.2/guava-11.0.2.jar:/home/user/.m2/repository/commons-cli/commons-cli/1.2/commons-cli-1.2.jar:/home/user/.m2/repository/org/apache/commons/commons-math3/3.1.1/commons-math3-3.1.1.jar:/home/user/.m2/repository/org/apache/httpcomponents/httpclient/4.5.2/httpclient-4.5.2.jar:/home/user/.m2/repository/org/apache/httpcomponents/httpcore/4.4.4/httpcore-4.4.4.jar:/home/user/.m2/repository/commons-codec/commons-codec/1.11/commons-codec-1.11.jar:/home/user/.m2/repository/commons-io/commons-io/2.5/commons-io-2.5.jar:/home/user/.m2/repository/commons-net/commons-net/3.6/commons-net-3.6.jar:/home/user/.m2/repository/commons-collections/commons-collections/3.2.2/commons-collections-3.2.2.jar:/home/user/.m2/repository/javax/servlet/javax.servlet-api/3.1.0/javax.servlet-api-3.1.0.jar:/home/user/.m2/repository/org/eclipse/jetty/jetty-server/9.3.24.v20180605/jetty-server-9.3.24.v20180605.jar:/home/user/.m2/repository/org/eclipse/jetty/jetty-http/9.3.24.v20180605/jetty-http-9.3.24.v20180605.jar:/home/user/.m2/repository/org/eclipse/jetty/jetty-io/9.3.24.v20180605/jetty-io-9.3.24.v20180605.jar:/home/user/.m2/repository/org/eclipse/jetty/jetty-util/9.3.24.v20180605/jetty-util-9.3.24.v20180605.jar:/home/user/.m2/repository/org/eclipse/jetty/jetty-servlet/9.3.24.v20180605/jetty-servlet-9.3.24.v20180605.jar:/home/user/.m2/repository/org/eclipse/jetty/jetty-security/9.3.24.v20180605/jetty-security-9.3.24.v20180605.jar:/home/user/.m2/repository/org/eclipse/jetty/jetty-webapp/9.3.24.v20180605/jetty-webapp-9.3.24.v20180605.jar:/home/user/.m2/repository/org/eclipse/jetty/jetty-xml/9.3.24.v20180605/jetty-xml-9.3.24.v20180605.jar:/home/user/.m2/repository/javax/servlet/jsp/jsp-api/2.1/jsp-api-2.1.jar:/home/user/.m2/repository/com/sun/jersey/jersey-core/1.19/jersey-core-1.19.jar:/home/user/.m2/repository/javax/ws/rs/jsr311-api/1.1.1/jsr311-api-1.1.1.jar:/home/user/.m2/repository/com/sun/jersey/jersey-servlet/1.19/jersey-servlet-1.19.jar:/home/user/.m2/repository/com/sun/jersey/jersey-json/1.19/jersey-json-1.19.jar:/home/user/.m2/repository/org/codehaus/jettison/jettison/1.1/jettison-1.1.jar:/home/user/.m2/repository/com/sun/xml/bind/jaxb-impl/2.3.0.1/jaxb-impl-2.3.0.1.jar:/home/user/.m2/repository/org/codehaus/jackson/jackson-core-asl/1.9.13/jackson-core-asl-1.9.13.jar:/home/user/.m2/repository/org/codehaus/jackson/jackson-mapper-asl/1.9.13/jackson-mapper-asl-1.9.13.jar:/home/user/.m2/repository/org/codehaus/jackson/jackson-jaxrs/1.9.13/jackson-jaxrs-1.9.13.jar:/home/user/.m2/repository/org/codehaus/jackson/jackson-xc/1.9.13/jackson-xc-1.9.13.jar:/home/user/.m2/repository/com/sun/jersey/jersey-server/1.19/jersey-server-1.19.jar:/home/user/.m2/repository/commons-logging/commons-logging/1.1.3/commons-logging-1.1.3.jar:/home/user/.m2/repository/log4j/log4j/1.2.17/log4j-1.2.17.jar:/home/user/.m2/repository/commons-beanutils/commons-beanutils/1.9.3/commons-beanutils-1.9.3.jar:/home/user/.m2/repository/org/apache/commons/commons-configuration2/2.1.1/commons-configuration2-2.1.1.jar:/home/user/.m2/repository/org/apache/commons/commons-lang3/3.7/commons-lang3-3.7.jar:/home/user/.m2/repository/org/apache/commons/commons-text/1.4/commons-text-1.4.jar:/home/user/.m2/repository/org/slf4j/slf4j-api/1.7.25/slf4j-api-1.7.25.jar:/home/user/.m2/repository/org/slf4j/slf4j-log4j12/1.7.25/slf4j-log4j12-1.7.25.jar:/home/user/.m2/repository/org/apache/avro/avro/1.7.7/avro-1.7.7.jar:/home/user/.m2/repository/com/thoughtworks/paranamer/paranamer/2.3/paranamer-2.3.jar:/home/user/.m2/repository/org/xerial/snappy/snappy-java/1.0.5/snappy-java-1.0.5.jar:/home/user/.m2/repository/com/google/re2j/re2j/1.1/re2j-1.1.jar:/home/user/.m2/repository/com/google/protobuf/protobuf-java/2.5.0/protobuf-java-2.5.0.jar:/home/user/.m2/repository/com/google/code/gson/gson/2.2.4/gson-2.2.4.jar:/home/user/.m2/repository/org/apache/hadoop/hadoop-auth/3.2.0/hadoop-auth-3.2.0.jar:/home/user/.m2/repository/com/nimbusds/nimbus-jose-jwt/4.41.1/nimbus-jose-jwt-4.41.1.jar:/home/user/.m2/repository/com/github/stephenc/jcip/jcip-annotations/1.0-1/jcip-annotations-1.0-1.jar:/home/user/.m2/repository/net/minidev/json-smart/2.3/json-smart-2.3.jar:/home/user/.m2/repository/net/minidev/accessors-smart/1.2/accessors-smart-1.2.jar:/home/user/.m2/repository/org/apache/curator/curator-framework/2.12.0/curator-framework-2.12.0.jar:/home/user/.m2/repository/com/jcraft/jsch/0.1.54/jsch-0.1.54.jar:/home/user/.m2/repository/org/apache/curator/curator-client/2.12.0/curator-client-2.12.0.jar:/home/user/.m2/repository/org/apache/curator/curator-recipes/2.12.0/curator-recipes-2.12.0.jar:/home/user/.m2/repository/com/google/code/findbugs/jsr305/3.0.0/jsr305-3.0.0.jar:/home/user/.m2/repository/org/apache/htrace/htrace-core4/4.1.0-incubating/htrace-core4-4.1.0-incubating.jar:/home/user/.m2/repository/org/apache/zookeeper/zookeeper/3.4.13/zookeeper-3.4.13.jar:/home/user/.m2/repository/org/apache/yetus/audience-annotations/0.5.0/audience-annotations-0.5.0.jar:/home/user/.m2/repository/org/apache/commons/commons-compress/1.4.1/commons-compress-1.4.1.jar:/home/user/.m2/repository/org/tukaani/xz/1.0/xz-1.0.jar:/home/user/.m2/repository/org/apache/kerby/kerb-simplekdc/1.0.1/kerb-simplekdc-1.0.1.jar:/home/user/.m2/repository/org/apache/kerby/kerb-client/1.0.1/kerb-client-1.0.1.jar:/home/user/.m2/repository/org/apache/kerby/kerby-config/1.0.1/kerby-config-1.0.1.jar:/home/user/.m2/repository/org/apache/kerby/kerb-core/1.0.1/kerb-core-1.0.1.jar:/home/user/.m2/repository/org/apache/kerby/kerby-pkix/1.0.1/kerby-pkix-1.0.1.jar:/home/user/.m2/repository/org/apache/kerby/kerby-asn1/1.0.1/kerby-asn1-1.0.1.jar:/home/user/.m2/repository/org/apache/kerby/kerby-util/1.0.1/kerby-util-1.0.1.jar:/home/user/.m2/repository/org/apache/kerby/kerb-common/1.0.1/kerb-common-1.0.1.jar:/home/user/.m2/repository/org/apache/kerby/kerb-crypto/1.0.1/kerb-crypto-1.0.1.jar:/home/user/.m2/repository/org/apache/kerby/kerb-util/1.0.1/kerb-util-1.0.1.jar:/home/user/.m2/repository/org/apache/kerby/token-provider/1.0.1/token-provider-1.0.1.jar:/home/user/.m2/repository/org/apache/kerby/kerb-admin/1.0.1/kerb-admin-1.0.1.jar:/home/user/.m2/repository/org/apache/kerby/kerb-server/1.0.1/kerb-server-1.0.1.jar:/home/user/.m2/repository/org/apache/kerby/kerb-identity/1.0.1/kerb-identity-1.0.1.jar:/home/user/.m2/repository/org/apache/kerby/kerby-xdr/1.0.1/kerby-xdr-1.0.1.jar:/home/user/.m2/repository/com/fasterxml/jackson/core/jackson-databind/2.9.5/jackson-databind-2.9.5.jar:/home/user/.m2/repository/com/fasterxml/jackson/core/jackson-annotations/2.9.5/jackson-annotations-2.9.5.jar:/home/user/.m2/repository/com/fasterxml/jackson/core/jackson-core/2.9.5/jackson-core-2.9.5.jar:/home/user/.m2/repository/org/codehaus/woodstox/stax2-api/3.1.4/stax2-api-3.1.4.jar:/home/user/.m2/repository/com/fasterxml/woodstox/woodstox-core/5.0.3/woodstox-core-5.0.3.jar:/home/user/.m2/repository/dnsjava/dnsjava/2.1.7/dnsjava-2.1.7.jar:/home/user/.m2/repository/org/apache/hadoop/hadoop-hdfs/3.2.0/hadoop-hdfs-3.2.0.jar:/home/user/.m2/repository/org/eclipse/jetty/jetty-util-ajax/9.3.24.v20180605/jetty-util-ajax-9.3.24.v20180605.jar:/home/user/.m2/repository/commons-daemon/commons-daemon/1.0.13/commons-daemon-1.0.13.jar:/home/user/.m2/repository/io/netty/netty/3.10.5.Final/netty-3.10.5.Final.jar:/home/user/.m2/repository/io/netty/netty-all/4.0.52.Final/netty-all-4.0.52.Final.jar:/home/user/.m2/repository/org/fusesource/leveldbjni/leveldbjni-all/1.8/leveldbjni-all-1.8.jar:/home/user/.m2/repository/org/apache/hadoop/hadoop-hdds-common/0.5.0-SNAPSHOT/hadoop-hdds-common-0.5.0-SNAPSHOT.jar:/home/user/.m2/repository/org/apache/hadoop/hadoop-hdds-config/0.5.0-SNAPSHOT/hadoop-hdds-config-0.5.0-SNAPSHOT.jar:/home/user/.m2/repository/javax/annotation/javax.annotation-api/1.2/javax.annotation-api-1.2.jar:/home/user/.m2/repository/org/apache/ratis/ratis-server/0.4.0-2337318-SNAPSHOT/ratis-server-0.4.0-2337318-SNAPSHOT.jar:/home/user/.m2/repository/org/apache/ratis/ratis-thirdparty-misc/0.2.0/ratis-thirdparty-misc-0.2.0.jar:/home/user/.m2/repository/org/apache/ratis/ratis-proto/0.4.0-2337318-SNAPSHOT/ratis-proto-0.4.0-2337318-SNAPSHOT.jar:/home/user/.m2/repository/org/apache/ratis/ratis-common/0.4.0-2337318-SNAPSHOT/ratis-common-0.4.0-2337318-SNAPSHOT.jar:/home/user/.m2/repository/org/apache/ratis/ratis-client/0.4.0-2337318-SNAPSHOT/ratis-client-0.4.0-2337318-SNAPSHOT.jar:/home/user/.m2/repository/org/apache/ratis/ratis-metrics/0.4.0-2337318-SNAPSHOT/ratis-metrics-0.4.0-2337318-SNAPSHOT.jar:/home/user/.m2/repository/org/apache/ratis/ratis-netty/0.4.0-2337318-SNAPSHOT/ratis-netty-0.4.0-2337318-SNAPSHOT.jar:/home/user/.m2/repository/org/apache/ratis/ratis-grpc/0.4.0-2337318-SNAPSHOT/ratis-grpc-0.4.0-2337318-SNAPSHOT.jar:/home/user/.m2/repository/org/rocksdb/rocksdbjni/6.0.1/rocksdbjni-6.0.1.jar:/home/user/.m2/repository/org/apache/logging/log4j/log4j-api/2.11.0/log4j-api-2.11.0.jar:/home/user/.m2/repository/org/apache/logging/log4j/log4j-core/2.11.0/log4j-core-2.11.0.jar:/home/user/.m2/repository/com/lmax/disruptor/3.4.2/disruptor-3.4.2.jar:/home/user/.m2/repository/org/apache/commons/commons-pool2/2.6.0/commons-pool2-2.6.0.jar:/home/user/.m2/repository/org/bouncycastle/bcpkix-jdk15on/1.60/bcpkix-jdk15on-1.60.jar:/home/user/.m2/repository/commons-validator/commons-validator/1.6/commons-validator-1.6.jar:/home/user/.m2/repository/commons-digester/commons-digester/1.8.1/commons-digester-1.8.1.jar:/home/user/.m2/repository/io/jaegertracing/jaeger-client/0.33.1/jaeger-client-0.33.1.jar:/home/user/.m2/repository/io/jaegertracing/jaeger-thrift/0.33.1/jaeger-thrift-0.33.1.jar:/home/user/.m2/repository/org/apache/thrift/libthrift/0.11.0/libthrift-0.11.0.jar:/home/user/.m2/repository/com/squareup/okhttp3/okhttp/3.9.0/okhttp-3.9.0.jar:/home/user/.m2/repository/com/squareup/okio/okio/1.13.0/okio-1.13.0.jar:/home/user/.m2/repository/io/jaegertracing/jaeger-core/0.33.1/jaeger-core-0.33.1.jar:/home/user/.m2/repository/io/jaegertracing/jaeger-tracerresolver/0.33.1/jaeger-tracerresolver-0.33.1.jar:/home/user/.m2/repository/io/opentracing/contrib/opentracing-tracerresolver/0.1.5/opentracing-tracerresolver-0.1.5.jar:/home/user/.m2/repository/io/opentracing/opentracing-util/0.31.0/opentracing-util-0.31.0.jar:/home/user/.m2/repository/io/opentracing/opentracing-api/0.31.0/opentracing-api-0.31.0.jar:/home/user/.m2/repository/io/opentracing/opentracing-noop/0.31.0/opentracing-noop-0.31.0.jar:/home/user/.m2/repository/org/yaml/snakeyaml/1.16/snakeyaml-1.16.jar:/home/user/.m2/repository/org/apache/hadoop/hadoop-hdfs-client/3.2.0/hadoop-hdfs-client-3.2.0.jar:/home/user/.m2/repository/info/picocli/picocli/3.9.6/picocli-3.9.6.jar:/home/user/.m2/repository/org/apache/hadoop/hadoop-hdds-server-scm/0.5.0-SNAPSHOT/hadoop-hdds-server-scm-0.5.0-SNAPSHOT.jar:/home/user/.m2/repository/org/apache/hadoop/hadoop-hdds-docs/0.5.0-SNAPSHOT/hadoop-hdds-docs-0.5.0-SNAPSHOT.jar:/home/user/.m2/repository/io/dropwizard/metrics/metrics-core/3.2.4/metrics-core-3.2.4.jar:/home/user/.m2/repository/org/hamcrest/hamcrest-all/1.3/hamcrest-all-1.3.jar:/home/user/.m2/repository/org/bouncycastle/bcprov-jdk15on/1.60/bcprov-jdk15on-1.60.jar:/home/user/.m2/repository/org/apache/hadoop/hadoop-hdds-server-framework/0.5.0-SNAPSHOT/hadoop-hdds-server-framework-0.5.0-SNAPSHOT.jar:/home/user/.m2/repository/org/apache/hadoop/hadoop-ozone-ozone-manager/0.5.0-SNAPSHOT/hadoop-ozone-ozone-manager-0.5.0-SNAPSHOT.jar:/home/user/.m2/repository/org/apache/hadoop/hadoop-hdds-container-service/0.5.0-SNAPSHOT/hadoop-hdds-container-service-0.5.0-SNAPSHOT.jar:/home/user/.m2/repository/org/apache/hadoop/hadoop-hdds-client/0.5.0-SNAPSHOT/hadoop-hdds-client-0.5.0-SNAPSHOT.jar:/home/user/.m2/repository/org/apache/hadoop/hadoop-ozone-common/0.5.0-SNAPSHOT/hadoop-ozone-common-0.5.0-SNAPSHOT.jar:/home/user/.m2/repository/org/apache/hadoop/hadoop-hdds-tools/0.5.0-SNAPSHOT/hadoop-hdds-tools-0.5.0-SNAPSHOT.jar:/home/user/.m2/repository/org/xerial/sqlite-jdbc/3.25.2/sqlite-jdbc-3.25.2.jar:/home/user/.m2/repository/com/google/code/findbugs/findbugs/3.0.1/findbugs-3.0.1.jar:/home/user/.m2/repository/net/jcip/jcip-annotations/1.0/jcip-annotations-1.0.jar:/home/user/.m2/repository/com/google/code/findbugs/bcel-findbugs/6.0/bcel-findbugs-6.0.jar:/home/user/.m2/repository/com/google/code/findbugs/jFormatString/2.0.1/jFormatString-2.0.1.jar:/home/user/.m2/repository/dom4j/dom4j/1.6.1/dom4j-1.6.1.jar:/home/user/.m2/repository/xml-apis/xml-apis/1.0.b2/xml-apis-1.0.b2.jar:/home/user/.m2/repository/org/ow2/asm/asm-debug-all/5.0.2/asm-debug-all-5.0.2.jar:/home/user/.m2/repository/org/ow2/asm/asm-commons/5.0.2/asm-commons-5.0.2.jar:/home/user/.m2/repository/org/ow2/asm/asm-tree/5.0.2/asm-tree-5.0.2.jar:/home/user/.m2/repository/org/ow2/asm/asm/5.0.4/asm-5.0.4.jar:/home/user/.m2/repository/commons-lang/commons-lang/2.6/commons-lang-2.6.jar:/home/user/.m2/repository/com/apple/AppleJavaExtensions/1.4/AppleJavaExtensions-1.4.jar:/home/user/.m2/repository/jaxen/jaxen/1.1.6/jaxen-1.1.6.jar:/home/user/.m2/repository/org/apache/hadoop/hadoop-common/3.2.0/hadoop-common-3.2.0-tests.jar:/home/user/.m2/repository/org/apache/hadoop/hadoop-ozone-client/0.5.0-SNAPSHOT/hadoop-ozone-client-0.5.0-SNAPSHOT.jar:/home/user/.m2/repository/org/apache/hadoop/hadoop-hdfs/3.2.0/hadoop-hdfs-3.2.0-tests.jar:/workdir/hadoop-ozone/integration-test/target/test-classes:/home/user/.m2/repository/org/apache/hadoop/hadoop-ozone-s3gateway/0.5.0-SNAPSHOT/hadoop-ozone-s3gateway-0.5.0-SNAPSHOT.jar:/home/user/.m2/repository/org/jboss/weld/servlet/weld-servlet/2.4.7.Final/weld-servlet-2.4.7.Final.jar:/home/user/.m2/repository/org/glassfish/jersey/containers/jersey-container-servlet-core/2.27/jersey-container-servlet-core-2.27.jar:/home/user/.m2/repository/org/glassfish/hk2/external/javax.inject/2.5.0-b42/javax.inject-2.5.0-b42.jar:/home/user/.m2/repository/org/glassfish/jersey/core/jersey-common/2.27/jersey-common-2.27.jar:/home/user/.m2/repository/org/glassfish/hk2/osgi-resource-locator/1.0.1/osgi-resource-locator-1.0.1.jar:/home/user/.m2/repository/javax/ws/rs/javax.ws.rs-api/2.1/javax.ws.rs-api-2.1.jar:/home/user/.m2/repository/org/glassfish/jersey/ext/cdi/jersey-cdi1x/2.27/jersey-cdi1x-2.27.jar:/home/user/.m2/repository/org/glassfish/jersey/inject/jersey-hk2/2.27/jersey-hk2-2.27.jar:/home/user/.m2/repository/org/glassfish/hk2/hk2-locator/2.5.0-b42/hk2-locator-2.5.0-b42.jar:/home/user/.m2/repository/org/javassist/javassist/3.22.0-CR2/javassist-3.22.0-CR2.jar:/home/user/.m2/repository/org/glassfish/hk2/hk2-api/2.5.0/hk2-api-2.5.0.jar:/home/user/.m2/repository/org/glassfish/hk2/external/jakarta.inject/2.5.0/jakarta.inject-2.5.0.jar:/home/user/.m2/repository/org/glassfish/hk2/hk2-utils/2.5.0/hk2-utils-2.5.0.jar:/home/user/.m2/repository/jakarta/annotation/jakarta.annotation-api/1.3.4/jakarta.annotation-api-1.3.4.jar:/home/user/.m2/repository/org/glassfish/hk2/external/aopalliance-repackaged/2.5.0/aopalliance-repackaged-2.5.0.jar:/home/user/.m2/repository/com/fasterxml/jackson/dataformat/jackson-dataformat-xml/2.9.0/jackson-dataformat-xml-2.9.0.jar:/home/user/.m2/repository/com/fasterxml/jackson/module/jackson-module-jaxb-annotations/2.9.5/jackson-module-jaxb-annotations-2.9.5.jar:/home/user/.m2/repository/javax/enterprise/cdi-api/1.2/cdi-api-1.2.jar:/home/user/.m2/repository/javax/el/javax.el-api/3.0.0/javax.el-api-3.0.0.jar:/home/user/.m2/repository/javax/interceptor/javax.interceptor-api/1.2/javax.interceptor-api-1.2.jar:/home/user/.m2/repository/javax/inject/javax.inject/1/javax.inject-1.jar:/home/user/.m2/repository/com/sun/xml/bind/jaxb-core/2.3.0.1/jaxb-core-2.3.0.1.jar:/home/user/.m2/repository/javax/xml/bind/jaxb-api/2.3.0/jaxb-api-2.3.0.jar:/home/user/.m2/repository/javax/activation/activation/1.1.1/activation-1.1.1.jar:/home/user/.m2/repository/org/apache/hadoop/hadoop-ozone-csi/0.5.0-SNAPSHOT/hadoop-ozone-csi-0.5.0-SNAPSHOT.jar:/home/user/.m2/repository/com/google/protobuf/protobuf-java-util/3.5.1/protobuf-java-util-3.5.1.jar:/home/user/.m2/repository/io/grpc/grpc-netty/1.17.1/grpc-netty-1.17.1.jar:/home/user/.m2/repository/io/grpc/grpc-core/1.17.1/grpc-core-1.17.1.jar:/home/user/.m2/repository/io/grpc/grpc-context/1.17.1/grpc-context-1.17.1.jar:/home/user/.m2/repository/com/google/errorprone/error_prone_annotations/2.2.0/error_prone_annotations-2.2.0.jar:/home/user/.m2/repository/org/codehaus/mojo/animal-sniffer-annotations/1.17/animal-sniffer-annotations-1.17.jar:/home/user/.m2/repository/io/opencensus/opencensus-api/0.17.0/opencensus-api-0.17.0.jar:/home/user/.m2/repository/io/opencensus/opencensus-contrib-grpc-metrics/0.17.0/opencensus-contrib-grpc-metrics-0.17.0.jar:/home/user/.m2/repository/io/netty/netty-codec-http2/4.1.30.Final/netty-codec-http2-4.1.30.Final.jar:/home/user/.m2/repository/io/netty/netty-codec-http/4.1.30.Final/netty-codec-http-4.1.30.Final.jar:/home/user/.m2/repository/io/netty/netty-codec/4.1.30.Final/netty-codec-4.1.30.Final.jar:/home/user/.m2/repository/io/netty/netty-handler/4.1.30.Final/netty-handler-4.1.30.Final.jar:/home/user/.m2/repository/io/netty/netty-handler-proxy/4.1.30.Final/netty-handler-proxy-4.1.30.Final.jar:/home/user/.m2/repository/io/netty/netty-codec-socks/4.1.30.Final/netty-codec-socks-4.1.30.Final.jar:/home/user/.m2/repository/io/netty/netty-transport-native-epoll/4.1.30.Final/netty-transport-native-epoll-4.1.30.Final.jar:/home/user/.m2/repository/io/netty/netty-common/4.1.30.Final/netty-common-4.1.30.Final.jar:/home/user/.m2/repository/io/netty/netty-buffer/4.1.30.Final/netty-buffer-4.1.30.Final.jar:/home/user/.m2/repository/io/netty/netty-transport/4.1.30.Final/netty-transport-4.1.30.Final.jar:/home/user/.m2/repository/io/netty/netty-resolver/4.1.30.Final/netty-resolver-4.1.30.Final.jar:/home/user/.m2/repository/io/netty/netty-transport-native-unix-common/4.1.30.Final/netty-transport-native-unix-common-4.1.30.Final.jar:/home/user/.m2/repository/io/grpc/grpc-protobuf/1.17.1/grpc-protobuf-1.17.1.jar:/home/user/.m2/repository/com/google/api/grpc/proto-google-common-protos/1.0.0/proto-google-common-protos-1.0.0.jar:/home/user/.m2/repository/io/grpc/grpc-protobuf-lite/1.17.1/grpc-protobuf-lite-1.17.1.jar:/home/user/.m2/repository/io/grpc/grpc-stub/1.17.1/grpc-stub-1.17.1.jar:/home/user/.m2/repository/org/apache/hadoop/hadoop-ozone-recon/0.5.0-SNAPSHOT/hadoop-ozone-recon-0.5.0-SNAPSHOT.jar:/home/user/.m2/repository/org/apache/hadoop/hadoop-ozone-reconcodegen/0.5.0-SNAPSHOT/hadoop-ozone-reconcodegen-0.5.0-SNAPSHOT.jar:/home/user/.m2/repository/com/google/inject/extensions/guice-multibindings/4.0/guice-multibindings-4.0.jar:/home/user/.m2/repository/com/google/inject/guice/4.0/guice-4.0.jar:/home/user/.m2/repository/aopalliance/aopalliance/1.0/aopalliance-1.0.jar:/home/user/.m2/repository/org/glassfish/jersey/containers/jersey-container-servlet/2.27/jersey-container-servlet-2.27.jar:/home/user/.m2/repository/org/glassfish/hk2/guice-bridge/2.5.0/guice-bridge-2.5.0.jar:/home/user/.m2/repository/org/glassfish/jersey/core/jersey-server/2.27/jersey-server-2.27.jar:/home/user/.m2/repository/org/glassfish/jersey/core/jersey-client/2.27/jersey-client-2.27.jar:/home/user/.m2/repository/org/glassfish/jersey/media/jersey-media-jaxb/2.27/jersey-media-jaxb-2.27.jar:/home/user/.m2/repository/javax/validation/validation-api/1.1.0.Final/validation-api-1.1.0.Final.jar:/home/user/.m2/repository/org/glassfish/jersey/media/jersey-media-json-jackson/2.27/jersey-media-json-jackson-2.27.jar:/home/user/.m2/repository/org/glassfish/jersey/ext/jersey-entity-filtering/2.27/jersey-entity-filtering-2.27.jar:/home/user/.m2/repository/com/google/inject/extensions/guice-assistedinject/4.0/guice-assistedinject-4.0.jar:/home/user/.m2/repository/org/jooq/jooq/3.11.10/jooq-3.11.10.jar:/home/user/.m2/repository/org/jooq/jooq-meta/3.11.10/jooq-meta-3.11.10.jar:/home/user/.m2/repository/org/jooq/jooq-codegen/3.11.10/jooq-codegen-3.11.10.jar:/home/user/.m2/repository/com/jolbox/bonecp/0.8.0.RELEASE/bonecp-0.8.0.RELEASE.jar:/home/user/.m2/repository/org/springframework/spring-jdbc/5.1.3.RELEASE/spring-jdbc-5.1.3.RELEASE.jar:/home/user/.m2/repository/org/springframework/spring-beans/5.1.3.RELEASE/spring-beans-5.1.3.RELEASE.jar:/home/user/.m2/repository/org/springframework/spring-core/5.1.3.RELEASE/spring-core-5.1.3.RELEASE.jar:/home/user/.m2/repository/org/springframework/spring-jcl/5.1.3.RELEASE/spring-jcl-5.1.3.RELEASE.jar:/home/user/.m2/repository/org/springframework/spring-tx/5.1.3.RELEASE/spring-tx-5.1.3.RELEASE.jar:/home/user/.m2/repository/org/mockito/mockito-all/1.10.19/mockito-all-1.10.19.jar:/home/user/.m2/repository/junit/junit/4.11/junit-4.11.jar:/home/user/.m2/repository/org/hamcrest/hamcrest-core/1.3/hamcrest-core-1.3.jar:/home/user/.m2/repository/org/apache/hadoop/hadoop-distcp/3.2.0/hadoop-distcp-3.2.0.jar:/home/user/.m2/repository/org/apache/hadoop/hadoop-distcp/3.2.0/hadoop-distcp-3.2.0-tests.jar:/home/user/.m2/repository/org/apache/hadoop/hadoop-mapreduce-client-jobclient/3.2.0/hadoop-mapreduce-client-jobclient-3.2.0.jar:/home/user/.m2/repository/org/apache/hadoop/hadoop-mapreduce-client-common/3.2.0/hadoop-mapreduce-client-common-3.2.0.jar:/home/user/.m2/repository/org/apache/hadoop/hadoop-yarn-common/3.2.0/hadoop-yarn-common-3.2.0.jar:/home/user/.m2/repository/org/apache/hadoop/hadoop-yarn-api/3.2.0/hadoop-yarn-api-3.2.0.jar:/home/user/.m2/repository/com/sun/jersey/jersey-client/1.19/jersey-client-1.19.jar:/home/user/.m2/repository/com/sun/jersey/contribs/jersey-guice/1.19/jersey-guice-1.19.jar:/home/user/.m2/repository/com/fasterxml/jackson/jaxrs/jackson-jaxrs-json-provider/2.9.5/jackson-jaxrs-json-provider-2.9.5.jar:/home/user/.m2/repository/com/fasterxml/jackson/jaxrs/jackson-jaxrs-base/2.9.5/jackson-jaxrs-base-2.9.5.jar:/home/user/.m2/repository/org/apache/hadoop/hadoop-yarn-client/3.2.0/hadoop-yarn-client-3.2.0.jar:/home/user/.m2/repository/org/apache/hadoop/hadoop-mapreduce-client-core/3.2.0/hadoop-mapreduce-client-core-3.2.0.jar:/home/user/.m2/repository/com/google/inject/extensions/guice-servlet/4.0/guice-servlet-4.0.jar:/home/user/.m2/repository/org/powermock/powermock-module-junit4/1.6.5/powermock-module-junit4-1.6.5.jar:/home/user/.m2/repository/org/powermock/powermock-module-junit4-common/1.6.5/powermock-module-junit4-common-1.6.5.jar:/home/user/.m2/repository/org/powermock/powermock-core/1.6.5/powermock-core-1.6.5.jar:/home/user/.m2/repository/org/powermock/powermock-reflect/1.6.5/powermock-reflect-1.6.5.jar:/home/user/.m2/repository/org/powermock/powermock-api-mockito/1.6.5/powermock-api-mockito-1.6.5.jar:/home/user/.m2/repository/org/mockito/mockito-core/1.10.19/mockito-core-1.10.19.jar:/home/user/.m2/repository/org/objenesis/objenesis/1.0/objenesis-1.0.jar:/home/user/.m2/repository/org/powermock/powermock-api-mockito-common/1.6.5/powermock-api-mockito-common-1.6.5.jar:/home/user/.m2/repository/org/powermock/powermock-api-support/1.6.5/powermock-api-support-1.6.5.jar:"/>
    <property name="java.vm.vendor" value="IcedTea"/>
    <property name="sun.arch.data.model" value="64"/>
    <property name="test.build.dir" value="/workdir/hadoop-ozone/ozonefs/target/test-dir"/>
    <property name="test.cache.data" value=""/>
    <property name="java.vendor.url" value="https://icedtea.classpath.org"/>
    <property name="user.timezone" value=""/>
    <property name="java.vm.specification.version" value="1.8"/>
    <property name="os.name" value="Linux"/>
    <property name="test.build.data" value="/workdir/hadoop-ozone/ozonefs/target/test-dir"/>
    <property name="user.country" value="US"/>
    <property name="sun.java.launcher" value="SUN_STANDARD"/>
    <property name="sun.boot.library.path" value="/usr/lib/jvm/java-1.8-openjdk/jre/lib/amd64"/>
    <property name="sun.java.command" value="/workdir/hadoop-ozone/ozonefs/target/surefire/surefirebooter4322693934674204804.jar /workdir/hadoop-ozone/ozonefs/target/surefire 2019-08-23T15-04-30_677-jvmRun1 surefire5094780828815443030tmp surefire_991216952720550289013tmp"/>
    <property name="test" value="!TestMiniChaosOzoneCluster"/>
    <property name="surefire.test.class.path" value="/workdir/hadoop-ozone/ozonefs/target/test-classes:/workdir/hadoop-ozone/ozonefs/target/classes:/home/user/.m2/repository/org/apache/hadoop/hadoop-common/3.2.0/hadoop-common-3.2.0.jar:/home/user/.m2/repository/org/apache/hadoop/hadoop-annotations/3.2.0/hadoop-annotations-3.2.0.jar:/usr/lib/jvm/java-1.8-openjdk/jre/../lib/tools.jar:/home/user/.m2/repository/com/google/guava/guava/11.0.2/guava-11.0.2.jar:/home/user/.m2/repository/commons-cli/commons-cli/1.2/commons-cli-1.2.jar:/home/user/.m2/repository/org/apache/commons/commons-math3/3.1.1/commons-math3-3.1.1.jar:/home/user/.m2/repository/org/apache/httpcomponents/httpclient/4.5.2/httpclient-4.5.2.jar:/home/user/.m2/repository/org/apache/httpcomponents/httpcore/4.4.4/httpcore-4.4.4.jar:/home/user/.m2/repository/commons-codec/commons-codec/1.11/commons-codec-1.11.jar:/home/user/.m2/repository/commons-io/commons-io/2.5/commons-io-2.5.jar:/home/user/.m2/repository/commons-net/commons-net/3.6/commons-net-3.6.jar:/home/user/.m2/repository/commons-collections/commons-collections/3.2.2/commons-collections-3.2.2.jar:/home/user/.m2/repository/javax/servlet/javax.servlet-api/3.1.0/javax.servlet-api-3.1.0.jar:/home/user/.m2/repository/org/eclipse/jetty/jetty-server/9.3.24.v20180605/jetty-server-9.3.24.v20180605.jar:/home/user/.m2/repository/org/eclipse/jetty/jetty-http/9.3.24.v20180605/jetty-http-9.3.24.v20180605.jar:/home/user/.m2/repository/org/eclipse/jetty/jetty-io/9.3.24.v20180605/jetty-io-9.3.24.v20180605.jar:/home/user/.m2/repository/org/eclipse/jetty/jetty-util/9.3.24.v20180605/jetty-util-9.3.24.v20180605.jar:/home/user/.m2/repository/org/eclipse/jetty/jetty-servlet/9.3.24.v20180605/jetty-servlet-9.3.24.v20180605.jar:/home/user/.m2/repository/org/eclipse/jetty/jetty-security/9.3.24.v20180605/jetty-security-9.3.24.v20180605.jar:/home/user/.m2/repository/org/eclipse/jetty/jetty-webapp/9.3.24.v20180605/jetty-webapp-9.3.24.v20180605.jar:/home/user/.m2/repository/org/eclipse/jetty/jetty-xml/9.3.24.v20180605/jetty-xml-9.3.24.v20180605.jar:/home/user/.m2/repository/javax/servlet/jsp/jsp-api/2.1/jsp-api-2.1.jar:/home/user/.m2/repository/com/sun/jersey/jersey-core/1.19/jersey-core-1.19.jar:/home/user/.m2/repository/javax/ws/rs/jsr311-api/1.1.1/jsr311-api-1.1.1.jar:/home/user/.m2/repository/com/sun/jersey/jersey-servlet/1.19/jersey-servlet-1.19.jar:/home/user/.m2/repository/com/sun/jersey/jersey-json/1.19/jersey-json-1.19.jar:/home/user/.m2/repository/org/codehaus/jettison/jettison/1.1/jettison-1.1.jar:/home/user/.m2/repository/com/sun/xml/bind/jaxb-impl/2.3.0.1/jaxb-impl-2.3.0.1.jar:/home/user/.m2/repository/org/codehaus/jackson/jackson-core-asl/1.9.13/jackson-core-asl-1.9.13.jar:/home/user/.m2/repository/org/codehaus/jackson/jackson-mapper-asl/1.9.13/jackson-mapper-asl-1.9.13.jar:/home/user/.m2/repository/org/codehaus/jackson/jackson-jaxrs/1.9.13/jackson-jaxrs-1.9.13.jar:/home/user/.m2/repository/org/codehaus/jackson/jackson-xc/1.9.13/jackson-xc-1.9.13.jar:/home/user/.m2/repository/com/sun/jersey/jersey-server/1.19/jersey-server-1.19.jar:/home/user/.m2/repository/commons-logging/commons-logging/1.1.3/commons-logging-1.1.3.jar:/home/user/.m2/repository/log4j/log4j/1.2.17/log4j-1.2.17.jar:/home/user/.m2/repository/commons-beanutils/commons-beanutils/1.9.3/commons-beanutils-1.9.3.jar:/home/user/.m2/repository/org/apache/commons/commons-configuration2/2.1.1/commons-configuration2-2.1.1.jar:/home/user/.m2/repository/org/apache/commons/commons-lang3/3.7/commons-lang3-3.7.jar:/home/user/.m2/repository/org/apache/commons/commons-text/1.4/commons-text-1.4.jar:/home/user/.m2/repository/org/slf4j/slf4j-api/1.7.25/slf4j-api-1.7.25.jar:/home/user/.m2/repository/org/slf4j/slf4j-log4j12/1.7.25/slf4j-log4j12-1.7.25.jar:/home/user/.m2/repository/org/apache/avro/avro/1.7.7/avro-1.7.7.jar:/home/user/.m2/repository/com/thoughtworks/paranamer/paranamer/2.3/paranamer-2.3.jar:/home/user/.m2/repository/org/xerial/snappy/snappy-java/1.0.5/snappy-java-1.0.5.jar:/home/user/.m2/repository/com/google/re2j/re2j/1.1/re2j-1.1.jar:/home/user/.m2/repository/com/google/protobuf/protobuf-java/2.5.0/protobuf-java-2.5.0.jar:/home/user/.m2/repository/com/google/code/gson/gson/2.2.4/gson-2.2.4.jar:/home/user/.m2/repository/org/apache/hadoop/hadoop-auth/3.2.0/hadoop-auth-3.2.0.jar:/home/user/.m2/repository/com/nimbusds/nimbus-jose-jwt/4.41.1/nimbus-jose-jwt-4.41.1.jar:/home/user/.m2/repository/com/github/stephenc/jcip/jcip-annotations/1.0-1/jcip-annotations-1.0-1.jar:/home/user/.m2/repository/net/minidev/json-smart/2.3/json-smart-2.3.jar:/home/user/.m2/repository/net/minidev/accessors-smart/1.2/accessors-smart-1.2.jar:/home/user/.m2/repository/org/apache/curator/curator-framework/2.12.0/curator-framework-2.12.0.jar:/home/user/.m2/repository/com/jcraft/jsch/0.1.54/jsch-0.1.54.jar:/home/user/.m2/repository/org/apache/curator/curator-client/2.12.0/curator-client-2.12.0.jar:/home/user/.m2/repository/org/apache/curator/curator-recipes/2.12.0/curator-recipes-2.12.0.jar:/home/user/.m2/repository/com/google/code/findbugs/jsr305/3.0.0/jsr305-3.0.0.jar:/home/user/.m2/repository/org/apache/htrace/htrace-core4/4.1.0-incubating/htrace-core4-4.1.0-incubating.jar:/home/user/.m2/repository/org/apache/zookeeper/zookeeper/3.4.13/zookeeper-3.4.13.jar:/home/user/.m2/repository/org/apache/yetus/audience-annotations/0.5.0/audience-annotations-0.5.0.jar:/home/user/.m2/repository/org/apache/commons/commons-compress/1.4.1/commons-compress-1.4.1.jar:/home/user/.m2/repository/org/tukaani/xz/1.0/xz-1.0.jar:/home/user/.m2/repository/org/apache/kerby/kerb-simplekdc/1.0.1/kerb-simplekdc-1.0.1.jar:/home/user/.m2/repository/org/apache/kerby/kerb-client/1.0.1/kerb-client-1.0.1.jar:/home/user/.m2/repository/org/apache/kerby/kerby-config/1.0.1/kerby-config-1.0.1.jar:/home/user/.m2/repository/org/apache/kerby/kerb-core/1.0.1/kerb-core-1.0.1.jar:/home/user/.m2/repository/org/apache/kerby/kerby-pkix/1.0.1/kerby-pkix-1.0.1.jar:/home/user/.m2/repository/org/apache/kerby/kerby-asn1/1.0.1/kerby-asn1-1.0.1.jar:/home/user/.m2/repository/org/apache/kerby/kerby-util/1.0.1/kerby-util-1.0.1.jar:/home/user/.m2/repository/org/apache/kerby/kerb-common/1.0.1/kerb-common-1.0.1.jar:/home/user/.m2/repository/org/apache/kerby/kerb-crypto/1.0.1/kerb-crypto-1.0.1.jar:/home/user/.m2/repository/org/apache/kerby/kerb-util/1.0.1/kerb-util-1.0.1.jar:/home/user/.m2/repository/org/apache/kerby/token-provider/1.0.1/token-provider-1.0.1.jar:/home/user/.m2/repository/org/apache/kerby/kerb-admin/1.0.1/kerb-admin-1.0.1.jar:/home/user/.m2/repository/org/apache/kerby/kerb-server/1.0.1/kerb-server-1.0.1.jar:/home/user/.m2/repository/org/apache/kerby/kerb-identity/1.0.1/kerb-identity-1.0.1.jar:/home/user/.m2/repository/org/apache/kerby/kerby-xdr/1.0.1/kerby-xdr-1.0.1.jar:/home/user/.m2/repository/com/fasterxml/jackson/core/jackson-databind/2.9.5/jackson-databind-2.9.5.jar:/home/user/.m2/repository/com/fasterxml/jackson/core/jackson-annotations/2.9.5/jackson-annotations-2.9.5.jar:/home/user/.m2/repository/com/fasterxml/jackson/core/jackson-core/2.9.5/jackson-core-2.9.5.jar:/home/user/.m2/repository/org/codehaus/woodstox/stax2-api/3.1.4/stax2-api-3.1.4.jar:/home/user/.m2/repository/com/fasterxml/woodstox/woodstox-core/5.0.3/woodstox-core-5.0.3.jar:/home/user/.m2/repository/dnsjava/dnsjava/2.1.7/dnsjava-2.1.7.jar:/home/user/.m2/repository/org/apache/hadoop/hadoop-hdfs/3.2.0/hadoop-hdfs-3.2.0.jar:/home/user/.m2/repository/org/eclipse/jetty/jetty-util-ajax/9.3.24.v20180605/jetty-util-ajax-9.3.24.v20180605.jar:/home/user/.m2/repository/commons-daemon/commons-daemon/1.0.13/commons-daemon-1.0.13.jar:/home/user/.m2/repository/io/netty/netty/3.10.5.Final/netty-3.10.5.Final.jar:/home/user/.m2/repository/io/netty/netty-all/4.0.52.Final/netty-all-4.0.52.Final.jar:/home/user/.m2/repository/org/fusesource/leveldbjni/leveldbjni-all/1.8/leveldbjni-all-1.8.jar:/home/user/.m2/repository/org/apache/hadoop/hadoop-hdds-common/0.5.0-SNAPSHOT/hadoop-hdds-common-0.5.0-SNAPSHOT.jar:/home/user/.m2/repository/org/apache/hadoop/hadoop-hdds-config/0.5.0-SNAPSHOT/hadoop-hdds-config-0.5.0-SNAPSHOT.jar:/home/user/.m2/repository/javax/annotation/javax.annotation-api/1.2/javax.annotation-api-1.2.jar:/home/user/.m2/repository/org/apache/ratis/ratis-server/0.4.0-2337318-SNAPSHOT/ratis-server-0.4.0-2337318-SNAPSHOT.jar:/home/user/.m2/repository/org/apache/ratis/ratis-thirdparty-misc/0.2.0/ratis-thirdparty-misc-0.2.0.jar:/home/user/.m2/repository/org/apache/ratis/ratis-proto/0.4.0-2337318-SNAPSHOT/ratis-proto-0.4.0-2337318-SNAPSHOT.jar:/home/user/.m2/repository/org/apache/ratis/ratis-common/0.4.0-2337318-SNAPSHOT/ratis-common-0.4.0-2337318-SNAPSHOT.jar:/home/user/.m2/repository/org/apache/ratis/ratis-client/0.4.0-2337318-SNAPSHOT/ratis-client-0.4.0-2337318-SNAPSHOT.jar:/home/user/.m2/repository/org/apache/ratis/ratis-metrics/0.4.0-2337318-SNAPSHOT/ratis-metrics-0.4.0-2337318-SNAPSHOT.jar:/home/user/.m2/repository/org/apache/ratis/ratis-netty/0.4.0-2337318-SNAPSHOT/ratis-netty-0.4.0-2337318-SNAPSHOT.jar:/home/user/.m2/repository/org/apache/ratis/ratis-grpc/0.4.0-2337318-SNAPSHOT/ratis-grpc-0.4.0-2337318-SNAPSHOT.jar:/home/user/.m2/repository/org/rocksdb/rocksdbjni/6.0.1/rocksdbjni-6.0.1.jar:/home/user/.m2/repository/org/apache/logging/log4j/log4j-api/2.11.0/log4j-api-2.11.0.jar:/home/user/.m2/repository/org/apache/logging/log4j/log4j-core/2.11.0/log4j-core-2.11.0.jar:/home/user/.m2/repository/com/lmax/disruptor/3.4.2/disruptor-3.4.2.jar:/home/user/.m2/repository/org/apache/commons/commons-pool2/2.6.0/commons-pool2-2.6.0.jar:/home/user/.m2/repository/org/bouncycastle/bcpkix-jdk15on/1.60/bcpkix-jdk15on-1.60.jar:/home/user/.m2/repository/commons-validator/commons-validator/1.6/commons-validator-1.6.jar:/home/user/.m2/repository/commons-digester/commons-digester/1.8.1/commons-digester-1.8.1.jar:/home/user/.m2/repository/io/jaegertracing/jaeger-client/0.33.1/jaeger-client-0.33.1.jar:/home/user/.m2/repository/io/jaegertracing/jaeger-thrift/0.33.1/jaeger-thrift-0.33.1.jar:/home/user/.m2/repository/org/apache/thrift/libthrift/0.11.0/libthrift-0.11.0.jar:/home/user/.m2/repository/com/squareup/okhttp3/okhttp/3.9.0/okhttp-3.9.0.jar:/home/user/.m2/repository/com/squareup/okio/okio/1.13.0/okio-1.13.0.jar:/home/user/.m2/repository/io/jaegertracing/jaeger-core/0.33.1/jaeger-core-0.33.1.jar:/home/user/.m2/repository/io/jaegertracing/jaeger-tracerresolver/0.33.1/jaeger-tracerresolver-0.33.1.jar:/home/user/.m2/repository/io/opentracing/contrib/opentracing-tracerresolver/0.1.5/opentracing-tracerresolver-0.1.5.jar:/home/user/.m2/repository/io/opentracing/opentracing-util/0.31.0/opentracing-util-0.31.0.jar:/home/user/.m2/repository/io/opentracing/opentracing-api/0.31.0/opentracing-api-0.31.0.jar:/home/user/.m2/repository/io/opentracing/opentracing-noop/0.31.0/opentracing-noop-0.31.0.jar:/home/user/.m2/repository/org/yaml/snakeyaml/1.16/snakeyaml-1.16.jar:/home/user/.m2/repository/org/apache/hadoop/hadoop-hdfs-client/3.2.0/hadoop-hdfs-client-3.2.0.jar:/home/user/.m2/repository/info/picocli/picocli/3.9.6/picocli-3.9.6.jar:/home/user/.m2/repository/org/apache/hadoop/hadoop-hdds-server-scm/0.5.0-SNAPSHOT/hadoop-hdds-server-scm-0.5.0-SNAPSHOT.jar:/home/user/.m2/repository/org/apache/hadoop/hadoop-hdds-docs/0.5.0-SNAPSHOT/hadoop-hdds-docs-0.5.0-SNAPSHOT.jar:/home/user/.m2/repository/io/dropwizard/metrics/metrics-core/3.2.4/metrics-core-3.2.4.jar:/home/user/.m2/repository/org/hamcrest/hamcrest-all/1.3/hamcrest-all-1.3.jar:/home/user/.m2/repository/org/bouncycastle/bcprov-jdk15on/1.60/bcprov-jdk15on-1.60.jar:/home/user/.m2/repository/org/apache/hadoop/hadoop-hdds-server-framework/0.5.0-SNAPSHOT/hadoop-hdds-server-framework-0.5.0-SNAPSHOT.jar:/home/user/.m2/repository/org/apache/hadoop/hadoop-ozone-ozone-manager/0.5.0-SNAPSHOT/hadoop-ozone-ozone-manager-0.5.0-SNAPSHOT.jar:/home/user/.m2/repository/org/apache/hadoop/hadoop-hdds-container-service/0.5.0-SNAPSHOT/hadoop-hdds-container-service-0.5.0-SNAPSHOT.jar:/home/user/.m2/repository/org/apache/hadoop/hadoop-hdds-client/0.5.0-SNAPSHOT/hadoop-hdds-client-0.5.0-SNAPSHOT.jar:/home/user/.m2/repository/org/apache/hadoop/hadoop-ozone-common/0.5.0-SNAPSHOT/hadoop-ozone-common-0.5.0-SNAPSHOT.jar:/home/user/.m2/repository/org/apache/hadoop/hadoop-hdds-tools/0.5.0-SNAPSHOT/hadoop-hdds-tools-0.5.0-SNAPSHOT.jar:/home/user/.m2/repository/org/xerial/sqlite-jdbc/3.25.2/sqlite-jdbc-3.25.2.jar:/home/user/.m2/repository/com/google/code/findbugs/findbugs/3.0.1/findbugs-3.0.1.jar:/home/user/.m2/repository/net/jcip/jcip-annotations/1.0/jcip-annotations-1.0.jar:/home/user/.m2/repository/com/google/code/findbugs/bcel-findbugs/6.0/bcel-findbugs-6.0.jar:/home/user/.m2/repository/com/google/code/findbugs/jFormatString/2.0.1/jFormatString-2.0.1.jar:/home/user/.m2/repository/dom4j/dom4j/1.6.1/dom4j-1.6.1.jar:/home/user/.m2/repository/xml-apis/xml-apis/1.0.b2/xml-apis-1.0.b2.jar:/home/user/.m2/repository/org/ow2/asm/asm-debug-all/5.0.2/asm-debug-all-5.0.2.jar:/home/user/.m2/repository/org/ow2/asm/asm-commons/5.0.2/asm-commons-5.0.2.jar:/home/user/.m2/repository/org/ow2/asm/asm-tree/5.0.2/asm-tree-5.0.2.jar:/home/user/.m2/repository/org/ow2/asm/asm/5.0.4/asm-5.0.4.jar:/home/user/.m2/repository/commons-lang/commons-lang/2.6/commons-lang-2.6.jar:/home/user/.m2/repository/com/apple/AppleJavaExtensions/1.4/AppleJavaExtensions-1.4.jar:/home/user/.m2/repository/jaxen/jaxen/1.1.6/jaxen-1.1.6.jar:/home/user/.m2/repository/org/apache/hadoop/hadoop-common/3.2.0/hadoop-common-3.2.0-tests.jar:/home/user/.m2/repository/org/apache/hadoop/hadoop-ozone-client/0.5.0-SNAPSHOT/hadoop-ozone-client-0.5.0-SNAPSHOT.jar:/home/user/.m2/repository/org/apache/hadoop/hadoop-hdfs/3.2.0/hadoop-hdfs-3.2.0-tests.jar:/workdir/hadoop-ozone/integration-test/target/test-classes:/home/user/.m2/repository/org/apache/hadoop/hadoop-ozone-s3gateway/0.5.0-SNAPSHOT/hadoop-ozone-s3gateway-0.5.0-SNAPSHOT.jar:/home/user/.m2/repository/org/jboss/weld/servlet/weld-servlet/2.4.7.Final/weld-servlet-2.4.7.Final.jar:/home/user/.m2/repository/org/glassfish/jersey/containers/jersey-container-servlet-core/2.27/jersey-container-servlet-core-2.27.jar:/home/user/.m2/repository/org/glassfish/hk2/external/javax.inject/2.5.0-b42/javax.inject-2.5.0-b42.jar:/home/user/.m2/repository/org/glassfish/jersey/core/jersey-common/2.27/jersey-common-2.27.jar:/home/user/.m2/repository/org/glassfish/hk2/osgi-resource-locator/1.0.1/osgi-resource-locator-1.0.1.jar:/home/user/.m2/repository/javax/ws/rs/javax.ws.rs-api/2.1/javax.ws.rs-api-2.1.jar:/home/user/.m2/repository/org/glassfish/jersey/ext/cdi/jersey-cdi1x/2.27/jersey-cdi1x-2.27.jar:/home/user/.m2/repository/org/glassfish/jersey/inject/jersey-hk2/2.27/jersey-hk2-2.27.jar:/home/user/.m2/repository/org/glassfish/hk2/hk2-locator/2.5.0-b42/hk2-locator-2.5.0-b42.jar:/home/user/.m2/repository/org/javassist/javassist/3.22.0-CR2/javassist-3.22.0-CR2.jar:/home/user/.m2/repository/org/glassfish/hk2/hk2-api/2.5.0/hk2-api-2.5.0.jar:/home/user/.m2/repository/org/glassfish/hk2/external/jakarta.inject/2.5.0/jakarta.inject-2.5.0.jar:/home/user/.m2/repository/org/glassfish/hk2/hk2-utils/2.5.0/hk2-utils-2.5.0.jar:/home/user/.m2/repository/jakarta/annotation/jakarta.annotation-api/1.3.4/jakarta.annotation-api-1.3.4.jar:/home/user/.m2/repository/org/glassfish/hk2/external/aopalliance-repackaged/2.5.0/aopalliance-repackaged-2.5.0.jar:/home/user/.m2/repository/com/fasterxml/jackson/dataformat/jackson-dataformat-xml/2.9.0/jackson-dataformat-xml-2.9.0.jar:/home/user/.m2/repository/com/fasterxml/jackson/module/jackson-module-jaxb-annotations/2.9.5/jackson-module-jaxb-annotations-2.9.5.jar:/home/user/.m2/repository/javax/enterprise/cdi-api/1.2/cdi-api-1.2.jar:/home/user/.m2/repository/javax/el/javax.el-api/3.0.0/javax.el-api-3.0.0.jar:/home/user/.m2/repository/javax/interceptor/javax.interceptor-api/1.2/javax.interceptor-api-1.2.jar:/home/user/.m2/repository/javax/inject/javax.inject/1/javax.inject-1.jar:/home/user/.m2/repository/com/sun/xml/bind/jaxb-core/2.3.0.1/jaxb-core-2.3.0.1.jar:/home/user/.m2/repository/javax/xml/bind/jaxb-api/2.3.0/jaxb-api-2.3.0.jar:/home/user/.m2/repository/javax/activation/activation/1.1.1/activation-1.1.1.jar:/home/user/.m2/repository/org/apache/hadoop/hadoop-ozone-csi/0.5.0-SNAPSHOT/hadoop-ozone-csi-0.5.0-SNAPSHOT.jar:/home/user/.m2/repository/com/google/protobuf/protobuf-java-util/3.5.1/protobuf-java-util-3.5.1.jar:/home/user/.m2/repository/io/grpc/grpc-netty/1.17.1/grpc-netty-1.17.1.jar:/home/user/.m2/repository/io/grpc/grpc-core/1.17.1/grpc-core-1.17.1.jar:/home/user/.m2/repository/io/grpc/grpc-context/1.17.1/grpc-context-1.17.1.jar:/home/user/.m2/repository/com/google/errorprone/error_prone_annotations/2.2.0/error_prone_annotations-2.2.0.jar:/home/user/.m2/repository/org/codehaus/mojo/animal-sniffer-annotations/1.17/animal-sniffer-annotations-1.17.jar:/home/user/.m2/repository/io/opencensus/opencensus-api/0.17.0/opencensus-api-0.17.0.jar:/home/user/.m2/repository/io/opencensus/opencensus-contrib-grpc-metrics/0.17.0/opencensus-contrib-grpc-metrics-0.17.0.jar:/home/user/.m2/repository/io/netty/netty-codec-http2/4.1.30.Final/netty-codec-http2-4.1.30.Final.jar:/home/user/.m2/repository/io/netty/netty-codec-http/4.1.30.Final/netty-codec-http-4.1.30.Final.jar:/home/user/.m2/repository/io/netty/netty-codec/4.1.30.Final/netty-codec-4.1.30.Final.jar:/home/user/.m2/repository/io/netty/netty-handler/4.1.30.Final/netty-handler-4.1.30.Final.jar:/home/user/.m2/repository/io/netty/netty-handler-proxy/4.1.30.Final/netty-handler-proxy-4.1.30.Final.jar:/home/user/.m2/repository/io/netty/netty-codec-socks/4.1.30.Final/netty-codec-socks-4.1.30.Final.jar:/home/user/.m2/repository/io/netty/netty-transport-native-epoll/4.1.30.Final/netty-transport-native-epoll-4.1.30.Final.jar:/home/user/.m2/repository/io/netty/netty-common/4.1.30.Final/netty-common-4.1.30.Final.jar:/home/user/.m2/repository/io/netty/netty-buffer/4.1.30.Final/netty-buffer-4.1.30.Final.jar:/home/user/.m2/repository/io/netty/netty-transport/4.1.30.Final/netty-transport-4.1.30.Final.jar:/home/user/.m2/repository/io/netty/netty-resolver/4.1.30.Final/netty-resolver-4.1.30.Final.jar:/home/user/.m2/repository/io/netty/netty-transport-native-unix-common/4.1.30.Final/netty-transport-native-unix-common-4.1.30.Final.jar:/home/user/.m2/repository/io/grpc/grpc-protobuf/1.17.1/grpc-protobuf-1.17.1.jar:/home/user/.m2/repository/com/google/api/grpc/proto-google-common-protos/1.0.0/proto-google-common-protos-1.0.0.jar:/home/user/.m2/repository/io/grpc/grpc-protobuf-lite/1.17.1/grpc-protobuf-lite-1.17.1.jar:/home/user/.m2/repository/io/grpc/grpc-stub/1.17.1/grpc-stub-1.17.1.jar:/home/user/.m2/repository/org/apache/hadoop/hadoop-ozone-recon/0.5.0-SNAPSHOT/hadoop-ozone-recon-0.5.0-SNAPSHOT.jar:/home/user/.m2/repository/org/apache/hadoop/hadoop-ozone-reconcodegen/0.5.0-SNAPSHOT/hadoop-ozone-reconcodegen-0.5.0-SNAPSHOT.jar:/home/user/.m2/repository/com/google/inject/extensions/guice-multibindings/4.0/guice-multibindings-4.0.jar:/home/user/.m2/repository/com/google/inject/guice/4.0/guice-4.0.jar:/home/user/.m2/repository/aopalliance/aopalliance/1.0/aopalliance-1.0.jar:/home/user/.m2/repository/org/glassfish/jersey/containers/jersey-container-servlet/2.27/jersey-container-servlet-2.27.jar:/home/user/.m2/repository/org/glassfish/hk2/guice-bridge/2.5.0/guice-bridge-2.5.0.jar:/home/user/.m2/repository/org/glassfish/jersey/core/jersey-server/2.27/jersey-server-2.27.jar:/home/user/.m2/repository/org/glassfish/jersey/core/jersey-client/2.27/jersey-client-2.27.jar:/home/user/.m2/repository/org/glassfish/jersey/media/jersey-media-jaxb/2.27/jersey-media-jaxb-2.27.jar:/home/user/.m2/repository/javax/validation/validation-api/1.1.0.Final/validation-api-1.1.0.Final.jar:/home/user/.m2/repository/org/glassfish/jersey/media/jersey-media-json-jackson/2.27/jersey-media-json-jackson-2.27.jar:/home/user/.m2/repository/org/glassfish/jersey/ext/jersey-entity-filtering/2.27/jersey-entity-filtering-2.27.jar:/home/user/.m2/repository/com/google/inject/extensions/guice-assistedinject/4.0/guice-assistedinject-4.0.jar:/home/user/.m2/repository/org/jooq/jooq/3.11.10/jooq-3.11.10.jar:/home/user/.m2/repository/org/jooq/jooq-meta/3.11.10/jooq-meta-3.11.10.jar:/home/user/.m2/repository/org/jooq/jooq-codegen/3.11.10/jooq-codegen-3.11.10.jar:/home/user/.m2/repository/com/jolbox/bonecp/0.8.0.RELEASE/bonecp-0.8.0.RELEASE.jar:/home/user/.m2/repository/org/springframework/spring-jdbc/5.1.3.RELEASE/spring-jdbc-5.1.3.RELEASE.jar:/home/user/.m2/repository/org/springframework/spring-beans/5.1.3.RELEASE/spring-beans-5.1.3.RELEASE.jar:/home/user/.m2/repository/org/springframework/spring-core/5.1.3.RELEASE/spring-core-5.1.3.RELEASE.jar:/home/user/.m2/repository/org/springframework/spring-jcl/5.1.3.RELEASE/spring-jcl-5.1.3.RELEASE.jar:/home/user/.m2/repository/org/springframework/spring-tx/5.1.3.RELEASE/spring-tx-5.1.3.RELEASE.jar:/home/user/.m2/repository/org/mockito/mockito-all/1.10.19/mockito-all-1.10.19.jar:/home/user/.m2/repository/junit/junit/4.11/junit-4.11.jar:/home/user/.m2/repository/org/hamcrest/hamcrest-core/1.3/hamcrest-core-1.3.jar:/home/user/.m2/repository/org/apache/hadoop/hadoop-distcp/3.2.0/hadoop-distcp-3.2.0.jar:/home/user/.m2/repository/org/apache/hadoop/hadoop-distcp/3.2.0/hadoop-distcp-3.2.0-tests.jar:/home/user/.m2/repository/org/apache/hadoop/hadoop-mapreduce-client-jobclient/3.2.0/hadoop-mapreduce-client-jobclient-3.2.0.jar:/home/user/.m2/repository/org/apache/hadoop/hadoop-mapreduce-client-common/3.2.0/hadoop-mapreduce-client-common-3.2.0.jar:/home/user/.m2/repository/org/apache/hadoop/hadoop-yarn-common/3.2.0/hadoop-yarn-common-3.2.0.jar:/home/user/.m2/repository/org/apache/hadoop/hadoop-yarn-api/3.2.0/hadoop-yarn-api-3.2.0.jar:/home/user/.m2/repository/com/sun/jersey/jersey-client/1.19/jersey-client-1.19.jar:/home/user/.m2/repository/com/sun/jersey/contribs/jersey-guice/1.19/jersey-guice-1.19.jar:/home/user/.m2/repository/com/fasterxml/jackson/jaxrs/jackson-jaxrs-json-provider/2.9.5/jackson-jaxrs-json-provider-2.9.5.jar:/home/user/.m2/repository/com/fasterxml/jackson/jaxrs/jackson-jaxrs-base/2.9.5/jackson-jaxrs-base-2.9.5.jar:/home/user/.m2/repository/org/apache/hadoop/hadoop-yarn-client/3.2.0/hadoop-yarn-client-3.2.0.jar:/home/user/.m2/repository/org/apache/hadoop/hadoop-mapreduce-client-core/3.2.0/hadoop-mapreduce-client-core-3.2.0.jar:/home/user/.m2/repository/com/google/inject/extensions/guice-servlet/4.0/guice-servlet-4.0.jar:/home/user/.m2/repository/org/powermock/powermock-module-junit4/1.6.5/powermock-module-junit4-1.6.5.jar:/home/user/.m2/repository/org/powermock/powermock-module-junit4-common/1.6.5/powermock-module-junit4-common-1.6.5.jar:/home/user/.m2/repository/org/powermock/powermock-core/1.6.5/powermock-core-1.6.5.jar:/home/user/.m2/repository/org/powermock/powermock-reflect/1.6.5/powermock-reflect-1.6.5.jar:/home/user/.m2/repository/org/powermock/powermock-api-mockito/1.6.5/powermock-api-mockito-1.6.5.jar:/home/user/.m2/repository/org/mockito/mockito-core/1.10.19/mockito-core-1.10.19.jar:/home/user/.m2/repository/org/objenesis/objenesis/1.0/objenesis-1.0.jar:/home/user/.m2/repository/org/powermock/powermock-api-mockito-common/1.6.5/powermock-api-mockito-common-1.6.5.jar:/home/user/.m2/repository/org/powermock/powermock-api-support/1.6.5/powermock-api-support-1.6.5.jar:"/>
    <property name="sun.cpu.endian" value="little"/>
    <property name="user.home" value="/home/user"/>
    <property name="user.language" value="en"/>
    <property name="java.specification.vendor" value="Oracle Corporation"/>
    <property name="java.home" value="/usr/lib/jvm/java-1.8-openjdk/jre"/>
    <property name="java.security.krb5.conf" value="/workdir/hadoop-ozone/ozonefs/target/test-classes/krb5.conf"/>
    <property name="basedir" value="/workdir/hadoop-ozone/ozonefs"/>
    <property name="file.separator" value="/"/>
    <property name="line.separator" value="&#10;"/>
    <property name="java.vm.specification.vendor" value="Oracle Corporation"/>
    <property name="java.specification.name" value="Java Platform API Specification"/>
    <property name="java.awt.graphicsenv" value="sun.awt.X11GraphicsEnvironment"/>
    <property name="surefire.real.class.path" value="/workdir/hadoop-ozone/ozonefs/target/surefire/surefirebooter4322693934674204804.jar"/>
    <property name="hadoop.log.dir" value="/workdir/hadoop-ozone/ozonefs/target/log"/>
    <property name="sun.boot.class.path" value="/usr/lib/jvm/java-1.8-openjdk/jre/lib/resources.jar:/usr/lib/jvm/java-1.8-openjdk/jre/lib/rt.jar:/usr/lib/jvm/java-1.8-openjdk/jre/lib/sunrsasign.jar:/usr/lib/jvm/java-1.8-openjdk/jre/lib/jsse.jar:/usr/lib/jvm/java-1.8-openjdk/jre/lib/jce.jar:/usr/lib/jvm/java-1.8-openjdk/jre/lib/charsets.jar:/usr/lib/jvm/java-1.8-openjdk/jre/lib/jfr.jar:/usr/lib/jvm/java-1.8-openjdk/jre/classes"/>
    <property name="sun.management.compiler" value="HotSpot 64-Bit Tiered Compilers"/>
    <property name="java.runtime.version" value="1.8.0_212-b04"/>
    <property name="java.net.preferIPv4Stack" value="true"/>
    <property name="user.name" value="jenkins1000"/>
    <property name="path.separator" value=":"/>
    <property name="java.security.egd" value="file:///dev/urandom"/>
    <property name="os.version" value="3.10.0-957.12.2.el7.x86_64"/>
    <property name="java.endorsed.dirs" value="/usr/lib/jvm/java-1.8-openjdk/jre/lib/endorsed"/>
    <property name="java.runtime.name" value="OpenJDK Runtime Environment"/>
    <property name="file.encoding" value="UTF-8"/>
    <property name="java.vm.name" value="OpenJDK 64-Bit Server VM"/>
    <property name="test.build.webapps" value=""/>
    <property name="localRepository" value="/home/user/.m2/repository"/>
    <property name="java.vendor.url.bug" value="https://icedtea.classpath.org/bugzilla"/>
    <property name="java.io.tmpdir" value="/tmp"/>
    <property name="require.test.libhadoop" value=""/>
    <property name="java.version" value="1.8.0_212"/>
    <property name="user.dir" value="/workdir/hadoop-ozone/ozonefs"/>
    <property name="os.arch" value="amd64"/>
    <property name="java.vm.specification.name" value="Java Virtual Machine Specification"/>
    <property name="test.build.classes" value="/workdir/hadoop-ozone/ozonefs/target/test-classes"/>
    <property name="java.awt.printerjob" value="sun.print.PSPrinterJob"/>
    <property name="sun.os.patch.level" value="unknown"/>
    <property name="hadoop.tmp.dir" value="/workdir/hadoop-ozone/ozonefs/target/tmp"/>
    <property name="java.library.path" value="/usr/lib/jvm/java-1.8-openjdk/jre/lib/amd64/server:/usr/lib/jvm/java-1.8-openjdk/jre/lib/amd64:/usr/lib/jvm/java-1.8-openjdk/jre/../lib/amd64:/workdir/hadoop-ozone/ozonefs/target/native/target/usr/local/lib:/workdir/hadoop-ozone/ozonefs/../../hadoop-common-project/hadoop-common/target/native/target/usr/local/lib:/usr/java/packages/lib/amd64:/usr/lib64:/lib64:/lib:/usr/lib"/>
    <property name="java.vm.info" value="mixed mode"/>
    <property name="java.vendor" value="IcedTea"/>
    <property name="java.vm.version" value="25.212-b04"/>
    <property name="java.ext.dirs" value="/usr/lib/jvm/java-1.8-openjdk/jre/lib/ext:/usr/java/packages/lib/ext"/>
    <property name="sun.io.unicode.encoding" value="UnicodeLittle"/>
    <property name="java.class.version" value="52.0"/>
  </properties>
  <testcase name="testOzoneFsServiceLoader" classname="org.apache.hadoop.fs.ozone.TestOzoneFileSystem" time="20.933"/>
  <testcase name="testListStatusOnRoot" classname="org.apache.hadoop.fs.ozone.TestOzoneFileSystem" time="16.632"/>
  <testcase name="testListStatusOnSubDirs" classname="org.apache.hadoop.fs.ozone.TestOzoneFileSystem" time="16.888"/>
  <testcase name="testListStatus" classname="org.apache.hadoop.fs.ozone.TestOzoneFileSystem" time="16.799"/>
  <testcase name="testCreateDoesNotAddParentDirKeys" classname="org.apache.hadoop.fs.ozone.TestOzoneFileSystem" time="15.881">
    <error message="Bucket or Volume name is null" type="java.lang.IllegalArgumentException">java.lang.IllegalArgumentException: Bucket or Volume name is null
	at org.apache.hadoop.hdds.scm.client.HddsClientUtils.verifyResourceName(HddsClientUtils.java:142)
	at org.apache.hadoop.ozone.client.rpc.RpcClient.getVolumeDetails(RpcClient.java:321)
	at sun.reflect.NativeMethodAccessorImpl.invoke0(Native Method)
	at sun.reflect.NativeMethodAccessorImpl.invoke(NativeMethodAccessorImpl.java:62)
	at sun.reflect.DelegatingMethodAccessorImpl.invoke(DelegatingMethodAccessorImpl.java:43)
	at java.lang.reflect.Method.invoke(Method.java:498)
	at org.apache.hadoop.ozone.client.OzoneClientInvocationHandler.invoke(OzoneClientInvocationHandler.java:54)
	at com.sun.proxy.$Proxy51.getVolumeDetails(Unknown Source)
	at sun.reflect.NativeMethodAccessorImpl.invoke0(Native Method)
	at sun.reflect.NativeMethodAccessorImpl.invoke(NativeMethodAccessorImpl.java:62)
	at sun.reflect.DelegatingMethodAccessorImpl.invoke(DelegatingMethodAccessorImpl.java:43)
	at java.lang.reflect.Method.invoke(Method.java:498)
	at org.apache.hadoop.hdds.tracing.TraceAllMethod.invoke(TraceAllMethod.java:66)
	at com.sun.proxy.$Proxy51.getVolumeDetails(Unknown Source)
	at org.apache.hadoop.ozone.client.ObjectStore.getVolume(ObjectStore.java:171)
	at org.apache.hadoop.fs.ozone.TestOzoneFileSystem.getKey(TestOzoneFileSystem.java:271)
	at org.apache.hadoop.fs.ozone.TestOzoneFileSystem.testCreateDoesNotAddParentDirKeys(TestOzoneFileSystem.java:109)
	at sun.reflect.NativeMethodAccessorImpl.invoke0(Native Method)
	at sun.reflect.NativeMethodAccessorImpl.invoke(NativeMethodAccessorImpl.java:62)
	at sun.reflect.DelegatingMethodAccessorImpl.invoke(DelegatingMethodAccessorImpl.java:43)
	at java.lang.reflect.Method.invoke(Method.java:498)
	at org.junit.runners.model.FrameworkMethod$1.runReflectiveCall(FrameworkMethod.java:47)
	at org.junit.internal.runners.model.ReflectiveCallable.run(ReflectiveCallable.java:12)
	at org.junit.runners.model.FrameworkMethod.invokeExplosively(FrameworkMethod.java:44)
	at org.junit.internal.runners.statements.InvokeMethod.evaluate(InvokeMethod.java:17)
	at org.junit.internal.runners.statements.RunBefores.evaluate(RunBefores.java:26)
	at org.junit.internal.runners.statements.RunAfters.evaluate(RunAfters.java:27)
	at org.junit.internal.runners.statements.FailOnTimeout$StatementThread.run(FailOnTimeout.java:74)
</error>
    <system-out><![CDATA[2019-08-23 16:25:44,701 [Thread-849] WARN  server.ServerUtils (ServerUtils.java:getScmDbDir(145)) - ozone.scm.db.dirs is not configured. We recommend adding this setting. Falling back to ozone.metadata.dirs instead.
2019-08-23 16:25:44,715 [Thread-849] WARN  server.ServerUtils (ServerUtils.java:getScmDbDir(145)) - ozone.scm.db.dirs is not configured. We recommend adding this setting. Falling back to ozone.metadata.dirs instead.
2019-08-23 16:25:44,716 [Thread-849] WARN  server.ServerUtils (ServerUtils.java:getScmDbDir(145)) - ozone.scm.db.dirs is not configured. We recommend adding this setting. Falling back to ozone.metadata.dirs instead.
2019-08-23 16:25:44,716 [Thread-849] INFO  db.DBStoreBuilder (DBStoreBuilder.java:addTable(110)) - using custom profile for table: deletedBlocks
2019-08-23 16:25:44,716 [Thread-849] INFO  db.DBStoreBuilder (DBStoreBuilder.java:processTables(161)) - Using default column profile:DBProfile.DISK for Table:deletedBlocks
2019-08-23 16:25:44,717 [Thread-849] INFO  db.DBStoreBuilder (DBStoreBuilder.java:addTable(110)) - using custom profile for table: validCerts
2019-08-23 16:25:44,717 [Thread-849] INFO  db.DBStoreBuilder (DBStoreBuilder.java:processTables(161)) - Using default column profile:DBProfile.DISK for Table:validCerts
2019-08-23 16:25:44,717 [Thread-849] INFO  db.DBStoreBuilder (DBStoreBuilder.java:addTable(110)) - using custom profile for table: revokedCerts
2019-08-23 16:25:44,717 [Thread-849] INFO  db.DBStoreBuilder (DBStoreBuilder.java:processTables(161)) - Using default column profile:DBProfile.DISK for Table:revokedCerts
2019-08-23 16:25:44,717 [Thread-849] INFO  db.DBStoreBuilder (DBStoreBuilder.java:addTable(110)) - using custom profile for table: default
2019-08-23 16:25:44,718 [Thread-849] INFO  db.DBStoreBuilder (DBStoreBuilder.java:processTables(167)) - Using default column profile:DBProfile.DISK for Table:default
2019-08-23 16:25:44,718 [Thread-849] INFO  db.DBStoreBuilder (DBStoreBuilder.java:getDbProfile(198)) - Using default options. DBProfile.DISK
2019-08-23 16:25:44,892 [Thread-849] INFO  net.NodeSchemaLoader (NodeSchemaLoader.java:loadSchemaFromFile(125)) - Loading file from sun.misc.CompoundEnumeration@2c8f867f
2019-08-23 16:25:44,892 [Thread-849] INFO  net.NodeSchemaLoader (NodeSchemaLoader.java:loadSchema(171)) - Loading network topology layer schema file
2019-08-23 16:25:44,897 [Thread-849] WARN  server.ServerUtils (ServerUtils.java:sanitizeUserArgs(70)) - ozone.scm.stale.node.interval value = 300000 is larger than max = 100000 based on the key value of ozone.scm.heartbeat.thread.interval, reset to the max value 100000.
2019-08-23 16:25:44,897 [Thread-849] WARN  server.ServerUtils (ServerUtils.java:sanitizeUserArgs(70)) - ozone.scm.stale.node.interval value = 300000 is larger than max = 100000 based on the key value of ozone.scm.heartbeat.thread.interval, reset to the max value 100000.
2019-08-23 16:25:44,898 [Thread-849] INFO  node.SCMNodeManager (SCMNodeManager.java:<init>(121)) - Entering startup safe mode.
2019-08-23 16:25:44,898 [Thread-849] INFO  algorithms.ContainerPlacementPolicyFactory (ContainerPlacementPolicyFactory.java:getPolicy(55)) - Create container placement policy of type org.apache.hadoop.hdds.scm.container.placement.algorithms.SCMContainerPlacementRandom
2019-08-23 16:25:44,899 [Thread-849] WARN  server.ServerUtils (ServerUtils.java:getScmDbDir(145)) - ozone.scm.db.dirs is not configured. We recommend adding this setting. Falling back to ozone.metadata.dirs instead.
2019-08-23 16:25:44,944 [Thread-849] INFO  pipeline.SCMPipelineManager (SCMPipelineManager.java:initializePipelineState(126)) - No pipeline exists in current db
2019-08-23 16:25:44,945 [Thread-849] WARN  server.ServerUtils (ServerUtils.java:getScmDbDir(145)) - ozone.scm.db.dirs is not configured. We recommend adding this setting. Falling back to ozone.metadata.dirs instead.
2019-08-23 16:25:44,992 [Thread-849] WARN  events.EventQueue (EventQueue.java:fireEvent(175)) - No event handler registered for event TypedEvent{payloadType=SafeModeStatus, name='SafeModeStatus'}
2019-08-23 16:25:44,994 [Thread-849] INFO  ipc.CallQueueManager (CallQueueManager.java:<init>(84)) - Using callQueue: class java.util.concurrent.LinkedBlockingQueue, queueCapacity: 2000, scheduler: class org.apache.hadoop.ipc.DefaultRpcScheduler, ipcBackoff: false.
2019-08-23 16:25:44,995 [Socket Reader #1 for port 35114] INFO  ipc.Server (Server.java:run(1074)) - Starting Socket Reader #1 for port 35114
2019-08-23 16:25:44,997 [Thread-849] INFO  ipc.CallQueueManager (CallQueueManager.java:<init>(84)) - Using callQueue: class java.util.concurrent.LinkedBlockingQueue, queueCapacity: 2000, scheduler: class org.apache.hadoop.ipc.DefaultRpcScheduler, ipcBackoff: false.
2019-08-23 16:25:44,998 [Socket Reader #1 for port 38458] INFO  ipc.Server (Server.java:run(1074)) - Starting Socket Reader #1 for port 38458
2019-08-23 16:25:44,999 [Thread-849] INFO  ipc.CallQueueManager (CallQueueManager.java:<init>(84)) - Using callQueue: class java.util.concurrent.LinkedBlockingQueue, queueCapacity: 2000, scheduler: class org.apache.hadoop.ipc.DefaultRpcScheduler, ipcBackoff: false.
2019-08-23 16:25:45,000 [Socket Reader #1 for port 34186] INFO  ipc.Server (Server.java:run(1074)) - Starting Socket Reader #1 for port 34186
2019-08-23 16:25:45,002 [Thread-849] INFO  hdfs.DFSUtil (DFSUtil.java:httpServerTemplateForNNAndJN(1641)) - Starting Web-server for scm at: http://0.0.0.0:0
2019-08-23 16:25:45,006 [Thread-849] INFO  server.AuthenticationFilter (AuthenticationFilter.java:constructSecretProvider(240)) - Unable to initialize FileSignerSecretProvider, falling back to use random secrets.
2019-08-23 16:25:45,007 [Thread-849] WARN  http.HttpRequestLog (HttpRequestLog.java:getRequestLog(97)) - Jetty request log can only be enabled using Log4j
2019-08-23 16:25:45,010 [Thread-849] INFO  http.HttpServer2 (HttpServer2.java:addGlobalFilter(975)) - Added global filter 'safety' (class=org.apache.hadoop.http.HttpServer2$QuotingInputFilter)
2019-08-23 16:25:45,011 [Thread-849] INFO  http.HttpServer2 (HttpServer2.java:addFilter(948)) - Added filter static_user_filter (class=org.apache.hadoop.http.lib.StaticUserWebFilter$StaticUserFilter) to context scm
2019-08-23 16:25:45,011 [Thread-849] INFO  http.HttpServer2 (HttpServer2.java:addFilter(958)) - Added filter static_user_filter (class=org.apache.hadoop.http.lib.StaticUserWebFilter$StaticUserFilter) to context static
2019-08-23 16:25:45,011 [Thread-849] INFO  http.HttpServer2 (HttpServer2.java:addFilter(958)) - Added filter static_user_filter (class=org.apache.hadoop.http.lib.StaticUserWebFilter$StaticUserFilter) to context logs
2019-08-23 16:25:45,014 [Thread-849] INFO  server.StorageContainerManager (StorageContainerManager.java:start(759)) - StorageContainerLocationProtocol RPC server is listening at /0.0.0.0:34186
2019-08-23 16:25:45,017 [Thread-849] WARN  impl.MetricsConfig (MetricsConfig.java:loadFirst(134)) - Cannot locate configuration: tried hadoop-metrics2-storagecontainermanager.properties,hadoop-metrics2.properties
2019-08-23 16:25:45,018 [Thread-849] INFO  impl.MetricsSystemImpl (MetricsSystemImpl.java:startTimer(374)) - Scheduled Metric snapshot period at 10 second(s).
2019-08-23 16:25:45,019 [Thread-849] INFO  impl.MetricsSystemImpl (MetricsSystemImpl.java:start(191)) - StorageContainerManager metrics system started
2019-08-23 16:25:45,082 [Thread-849] INFO  server.SCMClientProtocolServer (SCMClientProtocolServer.java:start(151)) - RPC server for Client  is listening at /0.0.0.0:34186
2019-08-23 16:25:45,082 [IPC Server Responder] INFO  ipc.Server (Server.java:run(1314)) - IPC Server Responder: starting
2019-08-23 16:25:45,082 [IPC Server listener on 34186] INFO  ipc.Server (Server.java:run(1153)) - IPC Server listener on 34186: starting
2019-08-23 16:25:45,086 [Thread-849] INFO  server.StorageContainerManager (StorageContainerManager.java:start(769)) - ScmBlockLocationProtocol RPC server is listening at /0.0.0.0:38458
2019-08-23 16:25:45,086 [Thread-849] INFO  server.SCMBlockProtocolServer (SCMBlockProtocolServer.java:start(140)) - RPC server for Block Protocol is listening at /0.0.0.0:38458
2019-08-23 16:25:45,087 [IPC Server Responder] INFO  ipc.Server (Server.java:run(1314)) - IPC Server Responder: starting
2019-08-23 16:25:45,087 [IPC Server listener on 38458] INFO  ipc.Server (Server.java:run(1153)) - IPC Server listener on 38458: starting
2019-08-23 16:25:45,090 [Thread-849] INFO  server.StorageContainerManager (StorageContainerManager.java:start(773)) - ScmDatanodeProtocl RPC server is listening at /0.0.0.0:35114
2019-08-23 16:25:45,090 [Thread-849] INFO  server.SCMDatanodeProtocolServer (SCMDatanodeProtocolServer.java:start(191)) - RPC server for DataNodes is listening at /0.0.0.0:35114
2019-08-23 16:25:45,091 [IPC Server Responder] INFO  ipc.Server (Server.java:run(1314)) - IPC Server Responder: starting
2019-08-23 16:25:45,091 [IPC Server listener on 35114] INFO  ipc.Server (Server.java:run(1153)) - IPC Server listener on 35114: starting
2019-08-23 16:25:45,096 [Thread-849] INFO  http.HttpServer2 (HttpServer2.java:bindListener(1191)) - Jetty bound to port 43543
2019-08-23 16:25:45,096 [Thread-849] INFO  server.Server (Server.java:doStart(351)) - jetty-9.3.24.v20180605, build timestamp: 2018-06-05T17:11:56Z, git hash: 84205aa28f11a4f31f2a3b86d1bba2cc8ab69827
2019-08-23 16:25:45,098 [Thread-849] INFO  handler.ContextHandler (ContextHandler.java:doStart(781)) - Started o.e.j.s.ServletContextHandler@25240c39{/logs,file:///workdir/hadoop-ozone/ozonefs/target/log,AVAILABLE}
2019-08-23 16:25:45,099 [Thread-849] INFO  handler.ContextHandler (ContextHandler.java:doStart(781)) - Started o.e.j.s.ServletContextHandler@20a3733b{/static,jar:file:/home/user/.m2/repository/org/apache/hadoop/hadoop-hdds-server-scm/0.5.0-SNAPSHOT/hadoop-hdds-server-scm-0.5.0-SNAPSHOT.jar!/webapps/static,AVAILABLE}
2019-08-23 16:25:45,170 [Thread-849] INFO  handler.ContextHandler (ContextHandler.java:doStart(781)) - Started o.e.j.w.WebAppContext@6488230a{/,file:///tmp/jetty-0.0.0.0-43543-scm-_-any-247388185916175133.dir/webapp/,AVAILABLE}{/scm}
2019-08-23 16:25:45,171 [Thread-849] INFO  server.AbstractConnector (AbstractConnector.java:doStart(278)) - Started ServerConnector@1bf99064{HTTP/1.1,[http/1.1]}{0.0.0.0:43543}
2019-08-23 16:25:45,174 [Thread-849] INFO  server.Server (Server.java:doStart(419)) - Started @72221ms
2019-08-23 16:25:45,175 [Thread-849] INFO  server.BaseHttpServer (BaseHttpServer.java:updateConnectorAddress(213)) - HTTP server of SCM is listening at http://0.0.0.0:43543
2019-08-23 16:25:45,175 [Thread-849] WARN  server.ServerUtils (ServerUtils.java:getDBPath(222)) - ozone.om.db.dirs is not configured. We recommend adding this setting. Falling back to ozone.metadata.dirs instead.
2019-08-23 16:25:45,175 [org.apache.hadoop.util.JvmPauseMonitor$Monitor@15fe3b3f] INFO  util.JvmPauseMonitor (JvmPauseMonitor.java:run(188)) - Starting JVM pause monitor
2019-08-23 16:25:45,190 [Thread-849] WARN  server.ServerUtils (ServerUtils.java:getDBPath(222)) - ozone.om.db.dirs is not configured. We recommend adding this setting. Falling back to ozone.metadata.dirs instead.
2019-08-23 16:25:45,191 [Thread-849] WARN  server.ServerUtils (ServerUtils.java:getDBPath(222)) - ozone.om.db.dirs is not configured. We recommend adding this setting. Falling back to ozone.metadata.dirs instead.
2019-08-23 16:25:45,191 [Thread-849] INFO  om.OzoneManager (OzoneManager.java:setOMNodeDetails(648)) - OM Service ID is not set. Setting it to the default ID: omServiceIdDefault
2019-08-23 16:25:45,191 [Thread-849] INFO  om.OzoneManager (OzoneManager.java:setOMNodeDetails(654)) - OM Node ID is not set. Setting it to the OmStorage's OmID: 6f3c2966-4399-4223-88db-f9859f9ee5a7
2019-08-23 16:25:45,192 [Thread-849] INFO  om.OzoneManager (OzoneManager.java:loadOMHAConfigs(605)) - Found matching OM address with OMServiceId: null, OMNodeId: null, RPC Address: localhost:0 and Ratis port: 9872
2019-08-23 16:25:45,196 | INFO  | SCMAudit | user=jenkins1000 | ip=192.168.5.135 | op=GET_SCM_INFO null | ret=SUCCESS |  
2019-08-23 16:25:45,198 [Thread-849] WARN  server.ServerUtils (ServerUtils.java:getDBPath(222)) - ozone.om.db.dirs is not configured. We recommend adding this setting. Falling back to ozone.metadata.dirs instead.
2019-08-23 16:25:45,198 [Thread-849] INFO  db.DBStoreBuilder (DBStoreBuilder.java:addTable(110)) - using custom profile for table: userTable
2019-08-23 16:25:45,198 [Thread-849] INFO  db.DBStoreBuilder (DBStoreBuilder.java:processTables(161)) - Using default column profile:DBProfile.DISK for Table:userTable
2019-08-23 16:25:45,199 [Thread-849] INFO  db.DBStoreBuilder (DBStoreBuilder.java:addTable(110)) - using custom profile for table: volumeTable
2019-08-23 16:25:45,199 [Thread-849] INFO  db.DBStoreBuilder (DBStoreBuilder.java:processTables(161)) - Using default column profile:DBProfile.DISK for Table:volumeTable
2019-08-23 16:25:45,199 [Thread-849] INFO  db.DBStoreBuilder (DBStoreBuilder.java:addTable(110)) - using custom profile for table: bucketTable
2019-08-23 16:25:45,199 [Thread-849] INFO  db.DBStoreBuilder (DBStoreBuilder.java:processTables(161)) - Using default column profile:DBProfile.DISK for Table:bucketTable
2019-08-23 16:25:45,199 [Thread-849] INFO  db.DBStoreBuilder (DBStoreBuilder.java:addTable(110)) - using custom profile for table: keyTable
2019-08-23 16:25:45,199 [Thread-849] INFO  db.DBStoreBuilder (DBStoreBuilder.java:processTables(161)) - Using default column profile:DBProfile.DISK for Table:keyTable
2019-08-23 16:25:45,199 [Thread-849] INFO  db.DBStoreBuilder (DBStoreBuilder.java:addTable(110)) - using custom profile for table: deletedTable
2019-08-23 16:25:45,200 [Thread-849] INFO  db.DBStoreBuilder (DBStoreBuilder.java:processTables(161)) - Using default column profile:DBProfile.DISK for Table:deletedTable
2019-08-23 16:25:45,200 [Thread-849] INFO  db.DBStoreBuilder (DBStoreBuilder.java:addTable(110)) - using custom profile for table: openKeyTable
2019-08-23 16:25:45,200 [Thread-849] INFO  db.DBStoreBuilder (DBStoreBuilder.java:processTables(161)) - Using default column profile:DBProfile.DISK for Table:openKeyTable
2019-08-23 16:25:45,200 [Thread-849] INFO  db.DBStoreBuilder (DBStoreBuilder.java:addTable(110)) - using custom profile for table: s3Table
2019-08-23 16:25:45,200 [Thread-849] INFO  db.DBStoreBuilder (DBStoreBuilder.java:processTables(161)) - Using default column profile:DBProfile.DISK for Table:s3Table
2019-08-23 16:25:45,200 [Thread-849] INFO  db.DBStoreBuilder (DBStoreBuilder.java:addTable(110)) - using custom profile for table: multipartInfoTable
2019-08-23 16:25:45,200 [Thread-849] INFO  db.DBStoreBuilder (DBStoreBuilder.java:processTables(161)) - Using default column profile:DBProfile.DISK for Table:multipartInfoTable
2019-08-23 16:25:45,201 [Thread-849] INFO  db.DBStoreBuilder (DBStoreBuilder.java:addTable(110)) - using custom profile for table: dTokenTable
2019-08-23 16:25:45,201 [Thread-849] INFO  db.DBStoreBuilder (DBStoreBuilder.java:processTables(161)) - Using default column profile:DBProfile.DISK for Table:dTokenTable
2019-08-23 16:25:45,201 [Thread-849] INFO  db.DBStoreBuilder (DBStoreBuilder.java:addTable(110)) - using custom profile for table: s3SecretTable
2019-08-23 16:25:45,201 [Thread-849] INFO  db.DBStoreBuilder (DBStoreBuilder.java:processTables(161)) - Using default column profile:DBProfile.DISK for Table:s3SecretTable
2019-08-23 16:25:45,201 [Thread-849] INFO  db.DBStoreBuilder (DBStoreBuilder.java:addTable(110)) - using custom profile for table: prefixTable
2019-08-23 16:25:45,201 [Thread-849] INFO  db.DBStoreBuilder (DBStoreBuilder.java:processTables(161)) - Using default column profile:DBProfile.DISK for Table:prefixTable
2019-08-23 16:25:45,202 [Thread-849] INFO  db.DBStoreBuilder (DBStoreBuilder.java:addTable(110)) - using custom profile for table: default
2019-08-23 16:25:45,202 [Thread-849] INFO  db.DBStoreBuilder (DBStoreBuilder.java:processTables(167)) - Using default column profile:DBProfile.DISK for Table:default
2019-08-23 16:25:45,202 [Thread-849] INFO  db.DBStoreBuilder (DBStoreBuilder.java:getDbProfile(198)) - Using default options. DBProfile.DISK
2019-08-23 16:25:45,671 [Thread-849] INFO  ipc.CallQueueManager (CallQueueManager.java:<init>(84)) - Using callQueue: class java.util.concurrent.LinkedBlockingQueue, queueCapacity: 2000, scheduler: class org.apache.hadoop.ipc.DefaultRpcScheduler, ipcBackoff: false.
2019-08-23 16:25:45,672 [Socket Reader #1 for port 33293] INFO  ipc.Server (Server.java:run(1074)) - Starting Socket Reader #1 for port 33293
2019-08-23 16:25:45,690 [Thread-849] INFO  om.OzoneManager (OzoneManager.java:start(1259)) - OzoneManager RPC server is listening at localhost/127.0.0.1:33293
2019-08-23 16:25:45,691 [Thread-849] INFO  impl.MetricsSystemImpl (MetricsSystemImpl.java:init(158)) - OzoneManager metrics system started (again)
2019-08-23 16:25:45,691 [IPC Server Responder] INFO  ipc.Server (Server.java:run(1314)) - IPC Server Responder: starting
2019-08-23 16:25:45,692 [IPC Server listener on 33293] INFO  ipc.Server (Server.java:run(1153)) - IPC Server listener on 33293: starting
2019-08-23 16:25:45,696 [Thread-849] INFO  hdfs.DFSUtil (DFSUtil.java:httpServerTemplateForNNAndJN(1641)) - Starting Web-server for ozoneManager at: http://0.0.0.0:0
2019-08-23 16:25:45,698 [Thread-849] INFO  server.AuthenticationFilter (AuthenticationFilter.java:constructSecretProvider(240)) - Unable to initialize FileSignerSecretProvider, falling back to use random secrets.
2019-08-23 16:25:45,698 [Thread-849] WARN  http.HttpRequestLog (HttpRequestLog.java:getRequestLog(97)) - Jetty request log can only be enabled using Log4j
2019-08-23 16:25:45,700 [Thread-849] INFO  http.HttpServer2 (HttpServer2.java:addGlobalFilter(975)) - Added global filter 'safety' (class=org.apache.hadoop.http.HttpServer2$QuotingInputFilter)
2019-08-23 16:25:45,700 [Thread-849] INFO  http.HttpServer2 (HttpServer2.java:addFilter(948)) - Added filter static_user_filter (class=org.apache.hadoop.http.lib.StaticUserWebFilter$StaticUserFilter) to context ozoneManager
2019-08-23 16:25:45,700 [Thread-849] INFO  http.HttpServer2 (HttpServer2.java:addFilter(958)) - Added filter static_user_filter (class=org.apache.hadoop.http.lib.StaticUserWebFilter$StaticUserFilter) to context static
2019-08-23 16:25:45,701 [Thread-849] INFO  http.HttpServer2 (HttpServer2.java:addFilter(958)) - Added filter static_user_filter (class=org.apache.hadoop.http.lib.StaticUserWebFilter$StaticUserFilter) to context logs
2019-08-23 16:25:45,701 [Thread-849] INFO  http.HttpServer2 (HttpServer2.java:bindListener(1191)) - Jetty bound to port 35519
2019-08-23 16:25:45,701 [Thread-849] INFO  server.Server (Server.java:doStart(351)) - jetty-9.3.24.v20180605, build timestamp: 2018-06-05T17:11:56Z, git hash: 84205aa28f11a4f31f2a3b86d1bba2cc8ab69827
2019-08-23 16:25:45,703 [Thread-849] INFO  handler.ContextHandler (ContextHandler.java:doStart(781)) - Started o.e.j.s.ServletContextHandler@594e67e0{/logs,file:///workdir/hadoop-ozone/ozonefs/target/log,AVAILABLE}
2019-08-23 16:25:45,704 [Thread-849] INFO  handler.ContextHandler (ContextHandler.java:doStart(781)) - Started o.e.j.s.ServletContextHandler@4f833c9f{/static,jar:file:/home/user/.m2/repository/org/apache/hadoop/hadoop-ozone-ozone-manager/0.5.0-SNAPSHOT/hadoop-ozone-ozone-manager-0.5.0-SNAPSHOT.jar!/webapps/static,AVAILABLE}
2019-08-23 16:25:45,748 [Thread-849] INFO  handler.ContextHandler (ContextHandler.java:doStart(781)) - Started o.e.j.w.WebAppContext@1ad7f2e{/,file:///tmp/jetty-0.0.0.0-35519-ozoneManager-_-any-8166049995982623282.dir/webapp/,AVAILABLE}{/ozoneManager}
2019-08-23 16:25:45,748 [Thread-849] INFO  server.AbstractConnector (AbstractConnector.java:doStart(278)) - Started ServerConnector@709364fb{HTTP/1.1,[http/1.1]}{0.0.0.0:35519}
2019-08-23 16:25:45,749 [Thread-849] INFO  server.Server (Server.java:doStart(419)) - Started @72797ms
2019-08-23 16:25:45,750 [Thread-849] INFO  server.BaseHttpServer (BaseHttpServer.java:updateConnectorAddress(213)) - HTTP server of OZONEMANAGER is listening at http://0.0.0.0:35519
2019-08-23 16:25:45,757 [Thread-849] INFO  impl.MetricsSystemImpl (MetricsSystemImpl.java:init(158)) - HddsDatanode metrics system started (again)
2019-08-23 16:25:45,759 [Thread-849] INFO  ozone.HddsDatanodeService (HddsDatanodeService.java:start(184)) - HddsDatanodeService host:pr-hdds-738-hvzxd-2983279717 ip:192.168.5.135
2019-08-23 16:25:45,765 [Thread-849] INFO  volume.HddsVolume (HddsVolume.java:<init>(176)) - Creating Volume: /workdir/hadoop-ozone/ozonefs/target/test-dir/MiniOzoneClusterImpl-d548ed9b-acf1-4888-8b24-e7058aaa43d2/datanode-0/data/containers/hdds of  storage type : DISK and capacity : 1482555576320
2019-08-23 16:25:45,765 [Thread-849] INFO  volume.VolumeSet (VolumeSet.java:initializeVolumeSet(170)) - Added Volume : /workdir/hadoop-ozone/ozonefs/target/test-dir/MiniOzoneClusterImpl-d548ed9b-acf1-4888-8b24-e7058aaa43d2/datanode-0/data/containers/hdds to VolumeSet
2019-08-23 16:25:45,765 [Thread-849] INFO  volume.ThrottledAsyncChecker (ThrottledAsyncChecker.java:schedule(140)) - Scheduling a check for org.apache.hadoop.ozone.container.common.volume.HddsVolume@32d6dbb
2019-08-23 16:25:45,766 [Thread-849] INFO  volume.HddsVolumeChecker (HddsVolumeChecker.java:checkAllVolumes(203)) - Scheduled health check for volume org.apache.hadoop.ozone.container.common.volume.HddsVolume@32d6dbb
2019-08-23 16:25:45,786 [Thread-849] INFO  impl.RaftServerProxy (ConfUtils.java:logGet(43)) - raft.rpc.type = GRPC (default)
2019-08-23 16:25:45,786 [Thread-849] INFO  grpc.GrpcFactory (GrpcFactory.java:checkPooledByteBufAllocatorUseCacheForAllThreads(45)) - PERFORMANCE WARNING: useCacheForAllThreads is true that may cause Netty to create a lot garbage objects and, as a result, trigger GC.
	It is recommended to disable useCacheForAllThreads by setting -Dorg.apache.ratis.thirdparty.io.netty.allocator.useCacheForAllThreads=false in command line.
2019-08-23 16:25:45,786 [Thread-849] INFO  grpc.GrpcConfigKeys$Server (ConfUtils.java:logGet(43)) - raft.grpc.server.port = 0 (default)
2019-08-23 16:25:45,786 [Thread-849] INFO  server.GrpcService (ConfUtils.java:logGet(43)) - raft.grpc.message.size.max = 33570816 (custom)
2019-08-23 16:25:45,786 [Thread-849] INFO  server.RaftServerConfigKeys (ConfUtils.java:logGet(43)) - raft.server.log.appender.buffer.byte-limit = 33554432 (custom)
2019-08-23 16:25:45,787 [Thread-849] INFO  server.GrpcService (ConfUtils.java:logGet(43)) - raft.grpc.flow.control.window = 1MB (=1048576) (default)
2019-08-23 16:25:45,787 [Thread-849] INFO  server.RaftServerConfigKeys (ConfUtils.java:logGet(43)) - raft.server.rpc.request.timeout = 3000ms (default)
2019-08-23 16:25:45,787 [Thread-849] INFO  server.RaftServerConfigKeys (ConfUtils.java:logGet(43)) - raft.server.storage.dir = [/workdir/hadoop-ozone/ozonefs/target/test-dir/MiniOzoneClusterImpl-d548ed9b-acf1-4888-8b24-e7058aaa43d2/datanode-0/data/ratis] (custom)
2019-08-23 16:25:45,788 [Thread-849] INFO  replication.SimpleContainerDownloader (SimpleContainerDownloader.java:<init>(72)) - Starting container downloader service to copy containers to replicate.
2019-08-23 16:25:45,789 [Thread-849] INFO  hdfs.DFSUtil (DFSUtil.java:httpServerTemplateForNNAndJN(1641)) - Starting Web-server for hddsDatanode at: http://0.0.0.0:0
2019-08-23 16:25:45,790 [Thread-849] INFO  server.AuthenticationFilter (AuthenticationFilter.java:constructSecretProvider(240)) - Unable to initialize FileSignerSecretProvider, falling back to use random secrets.
2019-08-23 16:25:45,790 [Thread-849] WARN  http.HttpRequestLog (HttpRequestLog.java:getRequestLog(97)) - Jetty request log can only be enabled using Log4j
2019-08-23 16:25:45,792 [Thread-849] INFO  http.HttpServer2 (HttpServer2.java:addGlobalFilter(975)) - Added global filter 'safety' (class=org.apache.hadoop.http.HttpServer2$QuotingInputFilter)
2019-08-23 16:25:45,793 [Thread-849] INFO  http.HttpServer2 (HttpServer2.java:addFilter(948)) - Added filter static_user_filter (class=org.apache.hadoop.http.lib.StaticUserWebFilter$StaticUserFilter) to context hddsDatanode
2019-08-23 16:25:45,793 [Thread-849] INFO  http.HttpServer2 (HttpServer2.java:addFilter(958)) - Added filter static_user_filter (class=org.apache.hadoop.http.lib.StaticUserWebFilter$StaticUserFilter) to context logs
2019-08-23 16:25:45,793 [Thread-849] INFO  http.HttpServer2 (HttpServer2.java:addFilter(958)) - Added filter static_user_filter (class=org.apache.hadoop.http.lib.StaticUserWebFilter$StaticUserFilter) to context static
2019-08-23 16:25:45,794 [Thread-849] INFO  http.HttpServer2 (HttpServer2.java:bindListener(1191)) - Jetty bound to port 39839
2019-08-23 16:25:45,794 [Thread-849] INFO  server.Server (Server.java:doStart(351)) - jetty-9.3.24.v20180605, build timestamp: 2018-06-05T17:11:56Z, git hash: 84205aa28f11a4f31f2a3b86d1bba2cc8ab69827
2019-08-23 16:25:45,795 [Thread-849] INFO  handler.ContextHandler (ContextHandler.java:doStart(781)) - Started o.e.j.s.ServletContextHandler@1b83b6e0{/logs,file:///workdir/hadoop-ozone/ozonefs/target/log,AVAILABLE}
2019-08-23 16:25:45,796 [Thread-849] INFO  handler.ContextHandler (ContextHandler.java:doStart(781)) - Started o.e.j.s.ServletContextHandler@5b365f7c{/static,jar:file:/home/user/.m2/repository/org/apache/hadoop/hadoop-hdds-container-service/0.5.0-SNAPSHOT/hadoop-hdds-container-service-0.5.0-SNAPSHOT.jar!/webapps/static,AVAILABLE}
2019-08-23 16:25:45,822 [Thread-849] INFO  handler.ContextHandler (ContextHandler.java:doStart(781)) - Started o.e.j.w.WebAppContext@769956e1{/,file:///tmp/jetty-0.0.0.0-39839-hddsDatanode-_-any-1712283535565198648.dir/webapp/,AVAILABLE}{/hddsDatanode}
2019-08-23 16:25:45,823 [Thread-849] INFO  server.AbstractConnector (AbstractConnector.java:doStart(278)) - Started ServerConnector@6c5de4e1{HTTP/1.1,[http/1.1]}{0.0.0.0:39839}
2019-08-23 16:25:45,824 [Thread-849] INFO  server.Server (Server.java:doStart(419)) - Started @72872ms
2019-08-23 16:25:45,825 [Thread-849] INFO  server.BaseHttpServer (BaseHttpServer.java:updateConnectorAddress(213)) - HTTP server of HDDSDATANODE is listening at http://0.0.0.0:39839
2019-08-23 16:25:45,825 [Thread-849] INFO  impl.MetricsSystemImpl (MetricsSystemImpl.java:init(158)) - HddsDatanode metrics system started (again)
2019-08-23 16:25:45,827 [Thread-849] INFO  ozone.HddsDatanodeService (HddsDatanodeService.java:start(184)) - HddsDatanodeService host:pr-hdds-738-hvzxd-2983279717 ip:192.168.5.135
2019-08-23 16:25:45,828 [org.apache.hadoop.util.JvmPauseMonitor$Monitor@6963527a] INFO  util.JvmPauseMonitor (JvmPauseMonitor.java:run(188)) - Starting JVM pause monitor
2019-08-23 16:25:45,830 [Datanode State Machine Thread - 0] INFO  datanode.InitDatanodeState (InitDatanodeState.java:persistContainerDatanodeDetails(140)) - DatanodeDetails is persisted to /workdir/hadoop-ozone/ozonefs/target/test-dir/MiniOzoneClusterImpl-d548ed9b-acf1-4888-8b24-e7058aaa43d2/datanode-0/meta/datanode.id
2019-08-23 16:25:45,833 [Thread-849] INFO  volume.HddsVolume (HddsVolume.java:<init>(176)) - Creating Volume: /workdir/hadoop-ozone/ozonefs/target/test-dir/MiniOzoneClusterImpl-d548ed9b-acf1-4888-8b24-e7058aaa43d2/datanode-1/data/containers/hdds of  storage type : DISK and capacity : 1482555576320
2019-08-23 16:25:45,834 [Thread-849] INFO  volume.VolumeSet (VolumeSet.java:initializeVolumeSet(170)) - Added Volume : /workdir/hadoop-ozone/ozonefs/target/test-dir/MiniOzoneClusterImpl-d548ed9b-acf1-4888-8b24-e7058aaa43d2/datanode-1/data/containers/hdds to VolumeSet
2019-08-23 16:25:45,834 [Thread-849] INFO  volume.ThrottledAsyncChecker (ThrottledAsyncChecker.java:schedule(140)) - Scheduling a check for org.apache.hadoop.ozone.container.common.volume.HddsVolume@6ca1e11d
2019-08-23 16:25:45,834 [Thread-849] INFO  volume.HddsVolumeChecker (HddsVolumeChecker.java:checkAllVolumes(203)) - Scheduled health check for volume org.apache.hadoop.ozone.container.common.volume.HddsVolume@6ca1e11d
2019-08-23 16:25:45,854 [Thread-849] INFO  impl.RaftServerProxy (ConfUtils.java:logGet(43)) - raft.rpc.type = GRPC (default)
2019-08-23 16:25:45,854 [Thread-849] INFO  grpc.GrpcFactory (GrpcFactory.java:checkPooledByteBufAllocatorUseCacheForAllThreads(45)) - PERFORMANCE WARNING: useCacheForAllThreads is true that may cause Netty to create a lot garbage objects and, as a result, trigger GC.
	It is recommended to disable useCacheForAllThreads by setting -Dorg.apache.ratis.thirdparty.io.netty.allocator.useCacheForAllThreads=false in command line.
2019-08-23 16:25:45,854 [Thread-849] INFO  grpc.GrpcConfigKeys$Server (ConfUtils.java:logGet(43)) - raft.grpc.server.port = 0 (default)
2019-08-23 16:25:45,854 [Thread-849] INFO  server.GrpcService (ConfUtils.java:logGet(43)) - raft.grpc.message.size.max = 33570816 (custom)
2019-08-23 16:25:45,855 [Thread-849] INFO  server.RaftServerConfigKeys (ConfUtils.java:logGet(43)) - raft.server.log.appender.buffer.byte-limit = 33554432 (custom)
2019-08-23 16:25:45,855 [Thread-849] INFO  server.GrpcService (ConfUtils.java:logGet(43)) - raft.grpc.flow.control.window = 1MB (=1048576) (default)
2019-08-23 16:25:45,855 [Thread-849] INFO  server.RaftServerConfigKeys (ConfUtils.java:logGet(43)) - raft.server.rpc.request.timeout = 3000ms (default)
2019-08-23 16:25:45,855 [Thread-849] INFO  server.RaftServerConfigKeys (ConfUtils.java:logGet(43)) - raft.server.storage.dir = [/workdir/hadoop-ozone/ozonefs/target/test-dir/MiniOzoneClusterImpl-d548ed9b-acf1-4888-8b24-e7058aaa43d2/datanode-1/data/ratis] (custom)
2019-08-23 16:25:45,856 [Thread-849] INFO  replication.SimpleContainerDownloader (SimpleContainerDownloader.java:<init>(72)) - Starting container downloader service to copy containers to replicate.
2019-08-23 16:25:45,857 [Thread-849] INFO  hdfs.DFSUtil (DFSUtil.java:httpServerTemplateForNNAndJN(1641)) - Starting Web-server for hddsDatanode at: http://0.0.0.0:0
2019-08-23 16:25:45,858 [Thread-849] INFO  server.AuthenticationFilter (AuthenticationFilter.java:constructSecretProvider(240)) - Unable to initialize FileSignerSecretProvider, falling back to use random secrets.
2019-08-23 16:25:45,859 [Thread-849] WARN  http.HttpRequestLog (HttpRequestLog.java:getRequestLog(97)) - Jetty request log can only be enabled using Log4j
2019-08-23 16:25:45,860 [Thread-849] INFO  http.HttpServer2 (HttpServer2.java:addGlobalFilter(975)) - Added global filter 'safety' (class=org.apache.hadoop.http.HttpServer2$QuotingInputFilter)
2019-08-23 16:25:45,861 [Thread-849] INFO  http.HttpServer2 (HttpServer2.java:addFilter(948)) - Added filter static_user_filter (class=org.apache.hadoop.http.lib.StaticUserWebFilter$StaticUserFilter) to context hddsDatanode
2019-08-23 16:25:45,861 [Thread-849] INFO  http.HttpServer2 (HttpServer2.java:addFilter(958)) - Added filter static_user_filter (class=org.apache.hadoop.http.lib.StaticUserWebFilter$StaticUserFilter) to context logs
2019-08-23 16:25:45,861 [Thread-849] INFO  http.HttpServer2 (HttpServer2.java:addFilter(958)) - Added filter static_user_filter (class=org.apache.hadoop.http.lib.StaticUserWebFilter$StaticUserFilter) to context static
2019-08-23 16:25:45,862 [Thread-849] INFO  http.HttpServer2 (HttpServer2.java:bindListener(1191)) - Jetty bound to port 38703
2019-08-23 16:25:45,862 [Thread-849] INFO  server.Server (Server.java:doStart(351)) - jetty-9.3.24.v20180605, build timestamp: 2018-06-05T17:11:56Z, git hash: 84205aa28f11a4f31f2a3b86d1bba2cc8ab69827
2019-08-23 16:25:45,864 [Thread-849] INFO  handler.ContextHandler (ContextHandler.java:doStart(781)) - Started o.e.j.s.ServletContextHandler@4fb0f33f{/logs,file:///workdir/hadoop-ozone/ozonefs/target/log,AVAILABLE}
2019-08-23 16:25:45,864 [Thread-849] INFO  handler.ContextHandler (ContextHandler.java:doStart(781)) - Started o.e.j.s.ServletContextHandler@a88b217{/static,jar:file:/home/user/.m2/repository/org/apache/hadoop/hadoop-hdds-container-service/0.5.0-SNAPSHOT/hadoop-hdds-container-service-0.5.0-SNAPSHOT.jar!/webapps/static,AVAILABLE}
2019-08-23 16:25:45,891 [Thread-849] INFO  handler.ContextHandler (ContextHandler.java:doStart(781)) - Started o.e.j.w.WebAppContext@5ce792d2{/,file:///tmp/jetty-0.0.0.0-38703-hddsDatanode-_-any-1416507587334293392.dir/webapp/,AVAILABLE}{/hddsDatanode}
2019-08-23 16:25:45,891 [Thread-849] INFO  server.AbstractConnector (AbstractConnector.java:doStart(278)) - Started ServerConnector@1790deee{HTTP/1.1,[http/1.1]}{0.0.0.0:38703}
2019-08-23 16:25:45,892 [Thread-849] INFO  server.Server (Server.java:doStart(419)) - Started @72939ms
2019-08-23 16:25:45,892 [Thread-849] INFO  server.BaseHttpServer (BaseHttpServer.java:updateConnectorAddress(213)) - HTTP server of HDDSDATANODE is listening at http://0.0.0.0:38703
2019-08-23 16:25:45,893 [Thread-849] INFO  impl.MetricsSystemImpl (MetricsSystemImpl.java:init(158)) - HddsDatanode metrics system started (again)
2019-08-23 16:25:45,895 [Thread-849] INFO  ozone.HddsDatanodeService (HddsDatanodeService.java:start(184)) - HddsDatanodeService host:pr-hdds-738-hvzxd-2983279717 ip:192.168.5.135
2019-08-23 16:25:45,895 [org.apache.hadoop.util.JvmPauseMonitor$Monitor@36a43e29] INFO  util.JvmPauseMonitor (JvmPauseMonitor.java:run(188)) - Starting JVM pause monitor
2019-08-23 16:25:45,898 [Datanode State Machine Thread - 0] INFO  datanode.InitDatanodeState (InitDatanodeState.java:persistContainerDatanodeDetails(140)) - DatanodeDetails is persisted to /workdir/hadoop-ozone/ozonefs/target/test-dir/MiniOzoneClusterImpl-d548ed9b-acf1-4888-8b24-e7058aaa43d2/datanode-1/meta/datanode.id
2019-08-23 16:25:45,906 [Thread-849] INFO  volume.HddsVolume (HddsVolume.java:<init>(176)) - Creating Volume: /workdir/hadoop-ozone/ozonefs/target/test-dir/MiniOzoneClusterImpl-d548ed9b-acf1-4888-8b24-e7058aaa43d2/datanode-2/data/containers/hdds of  storage type : DISK and capacity : 1482555576320
2019-08-23 16:25:45,907 [Thread-849] INFO  volume.VolumeSet (VolumeSet.java:initializeVolumeSet(170)) - Added Volume : /workdir/hadoop-ozone/ozonefs/target/test-dir/MiniOzoneClusterImpl-d548ed9b-acf1-4888-8b24-e7058aaa43d2/datanode-2/data/containers/hdds to VolumeSet
2019-08-23 16:25:45,907 [Thread-849] INFO  volume.ThrottledAsyncChecker (ThrottledAsyncChecker.java:schedule(140)) - Scheduling a check for org.apache.hadoop.ozone.container.common.volume.HddsVolume@4204509
2019-08-23 16:25:45,907 [Thread-849] INFO  volume.HddsVolumeChecker (HddsVolumeChecker.java:checkAllVolumes(203)) - Scheduled health check for volume org.apache.hadoop.ozone.container.common.volume.HddsVolume@4204509
2019-08-23 16:25:45,928 [Thread-849] INFO  impl.RaftServerProxy (ConfUtils.java:logGet(43)) - raft.rpc.type = GRPC (default)
2019-08-23 16:25:45,928 [Thread-849] INFO  grpc.GrpcFactory (GrpcFactory.java:checkPooledByteBufAllocatorUseCacheForAllThreads(45)) - PERFORMANCE WARNING: useCacheForAllThreads is true that may cause Netty to create a lot garbage objects and, as a result, trigger GC.
	It is recommended to disable useCacheForAllThreads by setting -Dorg.apache.ratis.thirdparty.io.netty.allocator.useCacheForAllThreads=false in command line.
2019-08-23 16:25:45,928 [Thread-849] INFO  grpc.GrpcConfigKeys$Server (ConfUtils.java:logGet(43)) - raft.grpc.server.port = 0 (default)
2019-08-23 16:25:45,929 [Thread-849] INFO  server.GrpcService (ConfUtils.java:logGet(43)) - raft.grpc.message.size.max = 33570816 (custom)
2019-08-23 16:25:45,929 [Thread-849] INFO  server.RaftServerConfigKeys (ConfUtils.java:logGet(43)) - raft.server.log.appender.buffer.byte-limit = 33554432 (custom)
2019-08-23 16:25:45,929 [Thread-849] INFO  server.GrpcService (ConfUtils.java:logGet(43)) - raft.grpc.flow.control.window = 1MB (=1048576) (default)
2019-08-23 16:25:45,929 [Thread-849] INFO  server.RaftServerConfigKeys (ConfUtils.java:logGet(43)) - raft.server.rpc.request.timeout = 3000ms (default)
2019-08-23 16:25:45,930 [Thread-849] INFO  server.RaftServerConfigKeys (ConfUtils.java:logGet(43)) - raft.server.storage.dir = [/workdir/hadoop-ozone/ozonefs/target/test-dir/MiniOzoneClusterImpl-d548ed9b-acf1-4888-8b24-e7058aaa43d2/datanode-2/data/ratis] (custom)
2019-08-23 16:25:45,930 [Thread-849] INFO  replication.SimpleContainerDownloader (SimpleContainerDownloader.java:<init>(72)) - Starting container downloader service to copy containers to replicate.
2019-08-23 16:25:45,931 [Thread-849] INFO  hdfs.DFSUtil (DFSUtil.java:httpServerTemplateForNNAndJN(1641)) - Starting Web-server for hddsDatanode at: http://0.0.0.0:0
2019-08-23 16:25:45,933 [Thread-849] INFO  server.AuthenticationFilter (AuthenticationFilter.java:constructSecretProvider(240)) - Unable to initialize FileSignerSecretProvider, falling back to use random secrets.
2019-08-23 16:25:45,933 [Thread-849] WARN  http.HttpRequestLog (HttpRequestLog.java:getRequestLog(97)) - Jetty request log can only be enabled using Log4j
2019-08-23 16:25:45,935 [Thread-849] INFO  http.HttpServer2 (HttpServer2.java:addGlobalFilter(975)) - Added global filter 'safety' (class=org.apache.hadoop.http.HttpServer2$QuotingInputFilter)
2019-08-23 16:25:45,935 [Thread-849] INFO  http.HttpServer2 (HttpServer2.java:addFilter(948)) - Added filter static_user_filter (class=org.apache.hadoop.http.lib.StaticUserWebFilter$StaticUserFilter) to context hddsDatanode
2019-08-23 16:25:45,936 [Thread-849] INFO  http.HttpServer2 (HttpServer2.java:addFilter(958)) - Added filter static_user_filter (class=org.apache.hadoop.http.lib.StaticUserWebFilter$StaticUserFilter) to context static
2019-08-23 16:25:45,936 [Thread-849] INFO  http.HttpServer2 (HttpServer2.java:addFilter(958)) - Added filter static_user_filter (class=org.apache.hadoop.http.lib.StaticUserWebFilter$StaticUserFilter) to context logs
2019-08-23 16:25:45,936 [Thread-849] INFO  http.HttpServer2 (HttpServer2.java:bindListener(1191)) - Jetty bound to port 36962
2019-08-23 16:25:45,936 [Thread-849] INFO  server.Server (Server.java:doStart(351)) - jetty-9.3.24.v20180605, build timestamp: 2018-06-05T17:11:56Z, git hash: 84205aa28f11a4f31f2a3b86d1bba2cc8ab69827
2019-08-23 16:25:45,938 [Thread-849] INFO  handler.ContextHandler (ContextHandler.java:doStart(781)) - Started o.e.j.s.ServletContextHandler@759fa951{/logs,file:///workdir/hadoop-ozone/ozonefs/target/log,AVAILABLE}
2019-08-23 16:25:45,939 [Thread-849] INFO  handler.ContextHandler (ContextHandler.java:doStart(781)) - Started o.e.j.s.ServletContextHandler@28d90608{/static,jar:file:/home/user/.m2/repository/org/apache/hadoop/hadoop-hdds-container-service/0.5.0-SNAPSHOT/hadoop-hdds-container-service-0.5.0-SNAPSHOT.jar!/webapps/static,AVAILABLE}
2019-08-23 16:25:45,965 [Thread-849] INFO  handler.ContextHandler (ContextHandler.java:doStart(781)) - Started o.e.j.w.WebAppContext@5d740054{/,file:///tmp/jetty-0.0.0.0-36962-hddsDatanode-_-any-2241797096359205563.dir/webapp/,AVAILABLE}{/hddsDatanode}
2019-08-23 16:25:45,966 [Thread-849] INFO  server.AbstractConnector (AbstractConnector.java:doStart(278)) - Started ServerConnector@f6052b1{HTTP/1.1,[http/1.1]}{0.0.0.0:36962}
2019-08-23 16:25:45,967 [Thread-849] INFO  server.Server (Server.java:doStart(419)) - Started @73014ms
2019-08-23 16:25:45,968 [Thread-849] INFO  server.BaseHttpServer (BaseHttpServer.java:updateConnectorAddress(213)) - HTTP server of HDDSDATANODE is listening at http://0.0.0.0:36962
2019-08-23 16:25:45,968 [Thread-849] INFO  ozone.MiniOzoneClusterImpl (MiniOzoneClusterImpl.java:lambda$waitForClusterToBeReady$0(140)) - Waiting for cluster to be ready. Got 0 of 3 DN Heartbeats.
2019-08-23 16:25:45,969 [org.apache.hadoop.util.JvmPauseMonitor$Monitor@164b11cc] INFO  util.JvmPauseMonitor (JvmPauseMonitor.java:run(188)) - Starting JVM pause monitor
2019-08-23 16:25:45,972 [Datanode State Machine Thread - 0] INFO  datanode.InitDatanodeState (InitDatanodeState.java:persistContainerDatanodeDetails(140)) - DatanodeDetails is persisted to /workdir/hadoop-ozone/ozonefs/target/test-dir/MiniOzoneClusterImpl-d548ed9b-acf1-4888-8b24-e7058aaa43d2/datanode-2/meta/datanode.id
2019-08-23 16:25:46,968 [Thread-849] INFO  ozone.MiniOzoneClusterImpl (MiniOzoneClusterImpl.java:lambda$waitForClusterToBeReady$0(140)) - Waiting for cluster to be ready. Got 0 of 3 DN Heartbeats.
2019-08-23 16:25:47,833 | INFO  | SCMAudit | user=jenkins1000 | ip=192.168.5.135 | op=GET_VERSION null | ret=SUCCESS |  
2019-08-23 16:25:47,849 [Datanode State Machine Thread - 0] INFO  ozoneimpl.OzoneContainer (OzoneContainer.java:start(186)) - Attempting to start container services.
2019-08-23 16:25:47,849 [Datanode State Machine Thread - 0] INFO  ozoneimpl.OzoneContainer (OzoneContainer.java:startContainerScrub(160)) - Background container scrubber has been disabled by hdds.containerscrub.enabled
2019-08-23 16:25:47,849 [Datanode State Machine Thread - 0] INFO  ratis.XceiverServerRatis (XceiverServerRatis.java:start(404)) - Starting XceiverServerRatis 642b2e3c-6abd-4654-bcbb-2acff3cb613d at port 0
2019-08-23 16:25:47,959 | INFO  | SCMAudit | user=jenkins1000 | ip=192.168.5.135 | op=GET_VERSION null | ret=SUCCESS |  
2019-08-23 16:25:47,976 [Thread-849] INFO  ozone.MiniOzoneClusterImpl (MiniOzoneClusterImpl.java:lambda$waitForClusterToBeReady$0(140)) - Waiting for cluster to be ready. Got 0 of 3 DN Heartbeats.
2019-08-23 16:25:48,055 | INFO  | SCMAudit | user=jenkins1000 | ip=192.168.5.135 | op=GET_VERSION null | ret=SUCCESS |  
2019-08-23 16:25:48,061 [Datanode State Machine Thread - 0] INFO  impl.RaftServerProxy (RaftServerProxy.java:lambda$start$3(299)) - 642b2e3c-6abd-4654-bcbb-2acff3cb613d: start RPC server
2019-08-23 16:25:48,063 [Datanode State Machine Thread - 0] INFO  ozoneimpl.OzoneContainer (OzoneContainer.java:start(186)) - Attempting to start container services.
2019-08-23 16:25:48,072 [Datanode State Machine Thread - 0] INFO  ozoneimpl.OzoneContainer (OzoneContainer.java:startContainerScrub(160)) - Background container scrubber has been disabled by hdds.containerscrub.enabled
2019-08-23 16:25:48,081 [Datanode State Machine Thread - 0] INFO  ratis.XceiverServerRatis (XceiverServerRatis.java:start(404)) - Starting XceiverServerRatis d7bb11cb-bbbf-47ac-a5c8-6e34020ccd89 at port 0
2019-08-23 16:25:48,094 [Datanode State Machine Thread - 0] INFO  server.GrpcService (GrpcService.java:startImpl(149)) - 642b2e3c-6abd-4654-bcbb-2acff3cb613d: GrpcService started, listening on 0.0.0.0/0.0.0.0:37482
2019-08-23 16:25:48,097 [Datanode State Machine Thread - 0] INFO  ratis.XceiverServerRatis (XceiverServerRatis.java:start(414)) - XceiverServerRatis 642b2e3c-6abd-4654-bcbb-2acff3cb613d is started using port 37482
2019-08-23 16:25:48,097 [Datanode State Machine Thread - 0] INFO  ozoneimpl.OzoneContainer (OzoneContainer.java:start(186)) - Attempting to start container services.
2019-08-23 16:25:48,097 [Datanode State Machine Thread - 0] INFO  ozoneimpl.OzoneContainer (OzoneContainer.java:startContainerScrub(160)) - Background container scrubber has been disabled by hdds.containerscrub.enabled
2019-08-23 16:25:48,097 [Datanode State Machine Thread - 0] INFO  ratis.XceiverServerRatis (XceiverServerRatis.java:start(404)) - Starting XceiverServerRatis 5ea1fec6-19ab-4b7f-b3e9-d4f878a2e58a at port 0
2019-08-23 16:25:48,097 [Datanode State Machine Thread - 0] INFO  server.XceiverServerGrpc (XceiverServerGrpc.java:start(161)) - XceiverServerGrpc 642b2e3c-6abd-4654-bcbb-2acff3cb613d is started using port 43725
2019-08-23 16:25:48,115 [Datanode State Machine Thread - 0] INFO  impl.RaftServerProxy (RaftServerProxy.java:lambda$start$3(299)) - d7bb11cb-bbbf-47ac-a5c8-6e34020ccd89: start RPC server
2019-08-23 16:25:48,116 [Datanode State Machine Thread - 0] INFO  server.GrpcService (GrpcService.java:startImpl(149)) - d7bb11cb-bbbf-47ac-a5c8-6e34020ccd89: GrpcService started, listening on 0.0.0.0/0.0.0.0:34210
2019-08-23 16:25:48,116 [Datanode State Machine Thread - 0] INFO  ratis.XceiverServerRatis (XceiverServerRatis.java:start(414)) - XceiverServerRatis d7bb11cb-bbbf-47ac-a5c8-6e34020ccd89 is started using port 34210
2019-08-23 16:25:48,117 [Datanode State Machine Thread - 0] INFO  server.XceiverServerGrpc (XceiverServerGrpc.java:start(161)) - XceiverServerGrpc d7bb11cb-bbbf-47ac-a5c8-6e34020ccd89 is started using port 39555
2019-08-23 16:25:48,118 [Datanode State Machine Thread - 0] INFO  impl.RaftServerProxy (RaftServerProxy.java:lambda$start$3(299)) - 5ea1fec6-19ab-4b7f-b3e9-d4f878a2e58a: start RPC server
2019-08-23 16:25:48,120 [Datanode State Machine Thread - 0] INFO  server.GrpcService (GrpcService.java:startImpl(149)) - 5ea1fec6-19ab-4b7f-b3e9-d4f878a2e58a: GrpcService started, listening on 0.0.0.0/0.0.0.0:42612
2019-08-23 16:25:48,120 [Datanode State Machine Thread - 0] INFO  ratis.XceiverServerRatis (XceiverServerRatis.java:start(414)) - XceiverServerRatis 5ea1fec6-19ab-4b7f-b3e9-d4f878a2e58a is started using port 42612
2019-08-23 16:25:48,121 [Datanode State Machine Thread - 0] INFO  server.XceiverServerGrpc (XceiverServerGrpc.java:start(161)) - XceiverServerGrpc 5ea1fec6-19ab-4b7f-b3e9-d4f878a2e58a is started using port 46770
2019-08-23 16:25:48,989 [Thread-849] INFO  ozone.MiniOzoneClusterImpl (MiniOzoneClusterImpl.java:lambda$waitForClusterToBeReady$0(140)) - Waiting for cluster to be ready. Got 0 of 3 DN Heartbeats.
2019-08-23 16:25:49,831 [IPC Server handler 0 on 35114] INFO  net.NetworkTopology (NetworkTopologyImpl.java:add(110)) - Added a new node: /default-rack/642b2e3c-6abd-4654-bcbb-2acff3cb613d
2019-08-23 16:25:49,833 [IPC Server handler 0 on 35114] INFO  node.SCMNodeManager (SCMNodeManager.java:register(273)) - Registered Data node : 642b2e3c-6abd-4654-bcbb-2acff3cb613d{ip: 192.168.5.135, host: pr-hdds-738-hvzxd-2983279717, networkLocation: /default-rack, certSerialId: null}
2019-08-23 16:25:49,834 [EventQueue-NodeRegistrationContainerReportForDataNodeSafeModeRule] INFO  safemode.SCMSafeModeManager (DataNodeSafeModeRule.java:process(71)) - SCM in safe mode. 1 DataNodes registered, 1 required.
2019-08-23 16:25:49,836 [EventQueue-NodeRegistrationContainerReportForDataNodeSafeModeRule] INFO  safemode.SCMSafeModeManager (SCMSafeModeManager.java:validateSafeModeExitRules(177)) - ScmSafeModeManager, all rules are successfully validated
2019-08-23 16:25:49,835 | INFO  | SCMAudit | user=jenkins1000 | ip=192.168.5.135 | op=REGISTER {datanodeDetails=642b2e3c-6abd-4654-bcbb-2acff3cb613d{ip: 192.168.5.135, host: pr-hdds-738-hvzxd-2983279717, networkLocation: /default-rack, certSerialId: null}} | ret=SUCCESS |  
2019-08-23 16:25:49,836 [EventQueue-NodeRegistrationContainerReportForDataNodeSafeModeRule] INFO  safemode.SCMSafeModeManager (SCMSafeModeManager.java:exitSafeMode(193)) - SCM exiting safe mode.
2019-08-23 16:25:49,854 [grpc-default-executor-0] INFO  impl.RaftServerProxy (RaftServerProxy.java:addNew(89)) - 642b2e3c-6abd-4654-bcbb-2acff3cb613d: addNew group-49DD012F30AE:[642b2e3c-6abd-4654-bcbb-2acff3cb613d:192.168.5.135:37482] returns group-49DD012F30AE:java.util.concurrent.CompletableFuture@332a1213[Not completed]
2019-08-23 16:25:49,856 [pool-239-thread-1] INFO  impl.RaftServerImpl (RaftServerImpl.java:<init>(93)) - 642b2e3c-6abd-4654-bcbb-2acff3cb613d: new RaftServerImpl for group-49DD012F30AE:[642b2e3c-6abd-4654-bcbb-2acff3cb613d:192.168.5.135:37482] with ContainerStateMachine:uninitialized
2019-08-23 16:25:49,857 [pool-239-thread-1] INFO  server.RaftServerConfigKeys (ConfUtils.java:logGet(43)) - raft.server.rpc.timeout.min = 5s (custom)
2019-08-23 16:25:49,857 [pool-239-thread-1] INFO  server.RaftServerConfigKeys (ConfUtils.java:logGet(43)) - raft.server.rpc.timeout.max = 5200ms (custom)
2019-08-23 16:25:49,857 [pool-239-thread-1] INFO  server.RaftServerConfigKeys (ConfUtils.java:logGet(43)) - raft.server.rpcslowness.timeout = 120s (custom)
2019-08-23 16:25:49,857 [pool-239-thread-1] INFO  server.RaftServerConfigKeys (ConfUtils.java:logGet(43)) - raft.server.sleep.deviation.threshold = 300 (default)
2019-08-23 16:25:49,857 [pool-239-thread-1] INFO  server.RaftServerConfigKeys (ConfUtils.java:logGet(43)) - raft.server.log.appender.install.snapshot.enabled = false (custom)
2019-08-23 16:25:49,858 [pool-239-thread-1] INFO  impl.RaftServerImpl (ServerState.java:<init>(105)) - 642b2e3c-6abd-4654-bcbb-2acff3cb613d:group-49DD012F30AE ConfigurationManager, init=-1: [642b2e3c-6abd-4654-bcbb-2acff3cb613d:192.168.5.135:37482], old=null, confs=<EMPTY_MAP>
2019-08-23 16:25:49,858 [pool-239-thread-1] INFO  server.RaftServerConfigKeys (ConfUtils.java:logGet(43)) - raft.server.storage.dir = [/workdir/hadoop-ozone/ozonefs/target/test-dir/MiniOzoneClusterImpl-d548ed9b-acf1-4888-8b24-e7058aaa43d2/datanode-0/data/ratis] (custom)
2019-08-23 16:25:49,858 [pool-239-thread-1] INFO  storage.RaftStorageDirectory (RaftStorageDirectory.java:analyzeStorage(246)) - The storage directory /workdir/hadoop-ozone/ozonefs/target/test-dir/MiniOzoneClusterImpl-d548ed9b-acf1-4888-8b24-e7058aaa43d2/datanode-0/data/ratis/d7f674a1-485d-422a-a01a-49dd012f30ae does not exist. Creating ...
2019-08-23 16:25:49,871 [pool-239-thread-1] INFO  storage.RaftStorageDirectory (RaftStorageDirectory.java:tryLock(328)) - Lock on /workdir/hadoop-ozone/ozonefs/target/test-dir/MiniOzoneClusterImpl-d548ed9b-acf1-4888-8b24-e7058aaa43d2/datanode-0/data/ratis/d7f674a1-485d-422a-a01a-49dd012f30ae/in_use.lock acquired by nodename 14400@pr-hdds-738-hvzxd-2983279717
2019-08-23 16:25:49,884 [pool-239-thread-1] INFO  storage.RaftStorage (RaftStorage.java:format(72)) - Storage directory /workdir/hadoop-ozone/ozonefs/target/test-dir/MiniOzoneClusterImpl-d548ed9b-acf1-4888-8b24-e7058aaa43d2/datanode-0/data/ratis/d7f674a1-485d-422a-a01a-49dd012f30ae has been successfully formatted.
2019-08-23 16:25:49,885 [pool-239-thread-1] INFO  ratis.ContainerStateMachine (ContainerStateMachine.java:loadSnapshot(226)) - group-49DD012F30AE: The snapshot info is null. Setting the last applied indexto:(t:0, i:~)
2019-08-23 16:25:49,885 [pool-239-thread-1] INFO  server.RaftServerConfigKeys (ConfUtils.java:logGet(43)) - raft.server.leader.election.timeout = 120s (custom)
2019-08-23 16:25:49,885 [pool-239-thread-1] INFO  server.RaftServerConfigKeys (ConfUtils.java:logGet(43)) - raft.server.log.use.memory = false (default)
2019-08-23 16:25:49,885 [pool-239-thread-1] INFO  server.RaftServerConfigKeys (ConfUtils.java:logGet(43)) - raft.server.log.purge.gap = 1000000 (custom)
2019-08-23 16:25:49,885 [pool-239-thread-1] INFO  server.RaftServerConfigKeys (ConfUtils.java:logGet(43)) - raft.server.log.appender.buffer.byte-limit = 33554432 (custom)
2019-08-23 16:25:49,886 [pool-239-thread-1] INFO  server.RaftServerConfigKeys (ConfUtils.java:logGet(43)) - raft.server.log.segment.size.max = 1048576 (custom)
2019-08-23 16:25:49,886 [pool-239-thread-1] INFO  server.RaftServerConfigKeys (ConfUtils.java:logGet(43)) - raft.server.log.segment.cache.num.max = 2 (custom)
2019-08-23 16:25:49,886 [pool-239-thread-1] INFO  segmented.SegmentedRaftLogWorker (SegmentedRaftLogWorker.java:<init>(172)) - new 642b2e3c-6abd-4654-bcbb-2acff3cb613d-SegmentedRaftLogWorker:Storage Directory /workdir/hadoop-ozone/ozonefs/target/test-dir/MiniOzoneClusterImpl-d548ed9b-acf1-4888-8b24-e7058aaa43d2/datanode-0/data/ratis/d7f674a1-485d-422a-a01a-49dd012f30ae for RaftStorage:Storage Directory /workdir/hadoop-ozone/ozonefs/target/test-dir/MiniOzoneClusterImpl-d548ed9b-acf1-4888-8b24-e7058aaa43d2/datanode-0/data/ratis/d7f674a1-485d-422a-a01a-49dd012f30ae
2019-08-23 16:25:49,886 [pool-239-thread-1] INFO  server.RaftServerConfigKeys (ConfUtils.java:logGet(43)) - raft.server.log.queue.byte-limit = 2147483647 (custom)
2019-08-23 16:25:49,886 [pool-239-thread-1] INFO  server.RaftServerConfigKeys (ConfUtils.java:logGet(43)) - raft.server.log.queue.element-limit = 1024 (custom)
2019-08-23 16:25:49,887 [pool-239-thread-1] INFO  server.RaftServerConfigKeys (ConfUtils.java:logGet(43)) - raft.server.log.segment.size.max = 1048576 (custom)
2019-08-23 16:25:49,887 [pool-239-thread-1] INFO  server.RaftServerConfigKeys (ConfUtils.java:logGet(43)) - raft.server.log.preallocated.size = 16384 (custom)
2019-08-23 16:25:49,887 [pool-239-thread-1] INFO  server.RaftServerConfigKeys (ConfUtils.java:logGet(43)) - raft.server.log.write.buffer.size = 33554432 (custom)
2019-08-23 16:25:49,887 [pool-239-thread-1] INFO  server.RaftServerConfigKeys (ConfUtils.java:logGet(43)) - raft.server.log.force.sync.num = 128 (default)
2019-08-23 16:25:49,888 [pool-239-thread-1] INFO  server.RaftServerConfigKeys (ConfUtils.java:logGet(43)) - raft.server.log.statemachine.data.sync = true (default)
2019-08-23 16:25:49,888 [pool-239-thread-1] INFO  server.RaftServerConfigKeys (ConfUtils.java:logGet(43)) - raft.server.log.statemachine.data.sync.timeout = 10s (default)
2019-08-23 16:25:49,888 [pool-239-thread-1] INFO  server.RaftServerConfigKeys (ConfUtils.java:logGet(43)) - raft.server.log.statemachine.data.sync.timeout.retry = -1 (default)
2019-08-23 16:25:49,888 [pool-239-thread-1] INFO  server.RaftServerConfigKeys (ConfUtils.java:logGet(43)) - raft.server.log.statemachine.data.caching.enabled = true (custom)
2019-08-23 16:25:49,889 [pool-239-thread-1] INFO  segmented.SegmentedRaftLogWorker (SegmentedRaftLogWorker.java:lambda$new$0(132)) - 642b2e3c-6abd-4654-bcbb-2acff3cb613d-SegmentedRaftLogWorker:Storage Directory /workdir/hadoop-ozone/ozonefs/target/test-dir/MiniOzoneClusterImpl-d548ed9b-acf1-4888-8b24-e7058aaa43d2/datanode-0/data/ratis/d7f674a1-485d-422a-a01a-49dd012f30ae: flushIndex: setUnconditionally 0 -> -1
2019-08-23 16:25:49,889 [pool-239-thread-1] INFO  server.RaftServerConfigKeys (ConfUtils.java:logGet(43)) - raft.server.snapshot.auto.trigger.enabled = true (custom)
2019-08-23 16:25:49,889 [pool-239-thread-1] INFO  server.RaftServerConfigKeys (ConfUtils.java:logGet(43)) - raft.server.snapshot.auto.trigger.threshold = 10000 (custom)
2019-08-23 16:25:49,890 [pool-239-thread-1] INFO  server.RaftServerConfigKeys (ConfUtils.java:logGet(43)) - raft.server.retrycache.expirytime = 600000ms (custom)
2019-08-23 16:25:49,890 [pool-239-thread-1] INFO  impl.RaftServerImpl (RaftServerImpl.java:start(180)) - 642b2e3c-6abd-4654-bcbb-2acff3cb613d: start group-49DD012F30AE
2019-08-23 16:25:49,890 [pool-239-thread-1] INFO  impl.RaftServerImpl (RaftServerImpl.java:setRole(171)) - 642b2e3c-6abd-4654-bcbb-2acff3cb613d:group-49DD012F30AE changes role from null to FOLLOWER at term 0 for startAsFollower
2019-08-23 16:25:49,890 [pool-239-thread-1] INFO  impl.RoleInfo (RoleInfo.java:updateAndGet(143)) - 642b2e3c-6abd-4654-bcbb-2acff3cb613d: start FollowerState
2019-08-23 16:25:49,891 [pool-239-thread-1] INFO  util.JmxRegister (JmxRegister.java:tryRegister(44)) - Successfully registered JMX Bean with object name Ratis:service=RaftServer,group=group-49DD012F30AE,id=642b2e3c-6abd-4654-bcbb-2acff3cb613d
2019-08-23 16:25:49,896 [RatisPipelineUtilsThread] INFO  pipeline.PipelineStateManager (PipelineStateManager.java:addPipeline(56)) - Created pipeline Pipeline[ Id: d7f674a1-485d-422a-a01a-49dd012f30ae, Nodes: 642b2e3c-6abd-4654-bcbb-2acff3cb613d{ip: 192.168.5.135, host: pr-hdds-738-hvzxd-2983279717, networkLocation: /default-rack, certSerialId: null}, Type:RATIS, Factor:ONE, State:OPEN]
2019-08-23 16:25:49,947 [IPC Server handler 1 on 35114] INFO  net.NetworkTopology (NetworkTopologyImpl.java:add(110)) - Added a new node: /default-rack/d7bb11cb-bbbf-47ac-a5c8-6e34020ccd89
2019-08-23 16:25:49,947 [IPC Server handler 1 on 35114] INFO  node.SCMNodeManager (SCMNodeManager.java:register(273)) - Registered Data node : d7bb11cb-bbbf-47ac-a5c8-6e34020ccd89{ip: 192.168.5.135, host: pr-hdds-738-hvzxd-2983279717, networkLocation: /default-rack, certSerialId: null}
2019-08-23 16:25:49,948 | INFO  | SCMAudit | user=jenkins1000 | ip=192.168.5.135 | op=REGISTER {datanodeDetails=d7bb11cb-bbbf-47ac-a5c8-6e34020ccd89{ip: 192.168.5.135, host: pr-hdds-738-hvzxd-2983279717, networkLocation: /default-rack, certSerialId: null}} | ret=SUCCESS |  
2019-08-23 16:25:49,960 [grpc-default-executor-0] INFO  impl.RaftServerProxy (RaftServerProxy.java:addNew(89)) - d7bb11cb-bbbf-47ac-a5c8-6e34020ccd89: addNew group-C3D253767EE0:[d7bb11cb-bbbf-47ac-a5c8-6e34020ccd89:192.168.5.135:34210] returns group-C3D253767EE0:java.util.concurrent.CompletableFuture@30dccbde[Not completed]
2019-08-23 16:25:49,962 [pool-250-thread-1] INFO  impl.RaftServerImpl (RaftServerImpl.java:<init>(93)) - d7bb11cb-bbbf-47ac-a5c8-6e34020ccd89: new RaftServerImpl for group-C3D253767EE0:[d7bb11cb-bbbf-47ac-a5c8-6e34020ccd89:192.168.5.135:34210] with ContainerStateMachine:uninitialized
2019-08-23 16:25:49,962 [pool-250-thread-1] INFO  server.RaftServerConfigKeys (ConfUtils.java:logGet(43)) - raft.server.rpc.timeout.min = 5s (custom)
2019-08-23 16:25:49,963 [pool-250-thread-1] INFO  server.RaftServerConfigKeys (ConfUtils.java:logGet(43)) - raft.server.rpc.timeout.max = 5200ms (custom)
2019-08-23 16:25:49,963 [pool-250-thread-1] INFO  server.RaftServerConfigKeys (ConfUtils.java:logGet(43)) - raft.server.rpcslowness.timeout = 120s (custom)
2019-08-23 16:25:49,963 [pool-250-thread-1] INFO  server.RaftServerConfigKeys (ConfUtils.java:logGet(43)) - raft.server.sleep.deviation.threshold = 300 (default)
2019-08-23 16:25:49,963 [pool-250-thread-1] INFO  server.RaftServerConfigKeys (ConfUtils.java:logGet(43)) - raft.server.log.appender.install.snapshot.enabled = false (custom)
2019-08-23 16:25:49,964 [pool-250-thread-1] INFO  impl.RaftServerImpl (ServerState.java:<init>(105)) - d7bb11cb-bbbf-47ac-a5c8-6e34020ccd89:group-C3D253767EE0 ConfigurationManager, init=-1: [d7bb11cb-bbbf-47ac-a5c8-6e34020ccd89:192.168.5.135:34210], old=null, confs=<EMPTY_MAP>
2019-08-23 16:25:49,964 [pool-250-thread-1] INFO  server.RaftServerConfigKeys (ConfUtils.java:logGet(43)) - raft.server.storage.dir = [/workdir/hadoop-ozone/ozonefs/target/test-dir/MiniOzoneClusterImpl-d548ed9b-acf1-4888-8b24-e7058aaa43d2/datanode-1/data/ratis] (custom)
2019-08-23 16:25:49,964 [pool-250-thread-1] INFO  storage.RaftStorageDirectory (RaftStorageDirectory.java:analyzeStorage(246)) - The storage directory /workdir/hadoop-ozone/ozonefs/target/test-dir/MiniOzoneClusterImpl-d548ed9b-acf1-4888-8b24-e7058aaa43d2/datanode-1/data/ratis/79e52d43-e294-494e-bfcb-c3d253767ee0 does not exist. Creating ...
2019-08-23 16:25:49,971 [IPC Server handler 2 on 35114] INFO  net.NetworkTopology (NetworkTopologyImpl.java:add(110)) - Added a new node: /default-rack/5ea1fec6-19ab-4b7f-b3e9-d4f878a2e58a
2019-08-23 16:25:49,971 [IPC Server handler 2 on 35114] INFO  node.SCMNodeManager (SCMNodeManager.java:register(273)) - Registered Data node : 5ea1fec6-19ab-4b7f-b3e9-d4f878a2e58a{ip: 192.168.5.135, host: pr-hdds-738-hvzxd-2983279717, networkLocation: /default-rack, certSerialId: null}
2019-08-23 16:25:49,971 | INFO  | SCMAudit | user=jenkins1000 | ip=192.168.5.135 | op=REGISTER {datanodeDetails=5ea1fec6-19ab-4b7f-b3e9-d4f878a2e58a{ip: 192.168.5.135, host: pr-hdds-738-hvzxd-2983279717, networkLocation: /default-rack, certSerialId: null}} | ret=SUCCESS |  
2019-08-23 16:25:49,977 [pool-250-thread-1] INFO  storage.RaftStorageDirectory (RaftStorageDirectory.java:tryLock(328)) - Lock on /workdir/hadoop-ozone/ozonefs/target/test-dir/MiniOzoneClusterImpl-d548ed9b-acf1-4888-8b24-e7058aaa43d2/datanode-1/data/ratis/79e52d43-e294-494e-bfcb-c3d253767ee0/in_use.lock acquired by nodename 14400@pr-hdds-738-hvzxd-2983279717
2019-08-23 16:25:49,990 [Thread-849] INFO  ozone.MiniOzoneClusterImpl (MiniOzoneClusterImpl.java:lambda$waitForClusterToBeReady$0(140)) - Cluster is ready. Got 3 of 3 DN Heartbeats.
2019-08-23 16:25:49,991 [pool-250-thread-1] INFO  storage.RaftStorage (RaftStorage.java:format(72)) - Storage directory /workdir/hadoop-ozone/ozonefs/target/test-dir/MiniOzoneClusterImpl-d548ed9b-acf1-4888-8b24-e7058aaa43d2/datanode-1/data/ratis/79e52d43-e294-494e-bfcb-c3d253767ee0 has been successfully formatted.
2019-08-23 16:25:49,991 [pool-250-thread-1] INFO  ratis.ContainerStateMachine (ContainerStateMachine.java:loadSnapshot(226)) - group-C3D253767EE0: The snapshot info is null. Setting the last applied indexto:(t:0, i:~)
2019-08-23 16:25:49,991 [pool-250-thread-1] INFO  server.RaftServerConfigKeys (ConfUtils.java:logGet(43)) - raft.server.leader.election.timeout = 120s (custom)
2019-08-23 16:25:49,991 [pool-250-thread-1] INFO  server.RaftServerConfigKeys (ConfUtils.java:logGet(43)) - raft.server.log.use.memory = false (default)
2019-08-23 16:25:49,991 [pool-250-thread-1] INFO  server.RaftServerConfigKeys (ConfUtils.java:logGet(43)) - raft.server.log.purge.gap = 1000000 (custom)
2019-08-23 16:25:49,992 [pool-250-thread-1] INFO  server.RaftServerConfigKeys (ConfUtils.java:logGet(43)) - raft.server.log.appender.buffer.byte-limit = 33554432 (custom)
2019-08-23 16:25:49,992 [pool-250-thread-1] INFO  server.RaftServerConfigKeys (ConfUtils.java:logGet(43)) - raft.server.log.segment.size.max = 1048576 (custom)
2019-08-23 16:25:49,992 [pool-250-thread-1] INFO  server.RaftServerConfigKeys (ConfUtils.java:logGet(43)) - raft.server.log.segment.cache.num.max = 2 (custom)
2019-08-23 16:25:49,992 [pool-250-thread-1] INFO  segmented.SegmentedRaftLogWorker (SegmentedRaftLogWorker.java:<init>(172)) - new d7bb11cb-bbbf-47ac-a5c8-6e34020ccd89-SegmentedRaftLogWorker:Storage Directory /workdir/hadoop-ozone/ozonefs/target/test-dir/MiniOzoneClusterImpl-d548ed9b-acf1-4888-8b24-e7058aaa43d2/datanode-1/data/ratis/79e52d43-e294-494e-bfcb-c3d253767ee0 for RaftStorage:Storage Directory /workdir/hadoop-ozone/ozonefs/target/test-dir/MiniOzoneClusterImpl-d548ed9b-acf1-4888-8b24-e7058aaa43d2/datanode-1/data/ratis/79e52d43-e294-494e-bfcb-c3d253767ee0
2019-08-23 16:25:49,992 [pool-250-thread-1] INFO  server.RaftServerConfigKeys (ConfUtils.java:logGet(43)) - raft.server.log.queue.byte-limit = 2147483647 (custom)
2019-08-23 16:25:49,993 [pool-250-thread-1] INFO  server.RaftServerConfigKeys (ConfUtils.java:logGet(43)) - raft.server.log.queue.element-limit = 1024 (custom)
2019-08-23 16:25:49,996 [pool-250-thread-1] INFO  server.RaftServerConfigKeys (ConfUtils.java:logGet(43)) - raft.server.log.segment.size.max = 1048576 (custom)
2019-08-23 16:25:49,996 [pool-250-thread-1] INFO  server.RaftServerConfigKeys (ConfUtils.java:logGet(43)) - raft.server.log.preallocated.size = 16384 (custom)
2019-08-23 16:25:49,996 [pool-250-thread-1] INFO  server.RaftServerConfigKeys (ConfUtils.java:logGet(43)) - raft.server.log.write.buffer.size = 33554432 (custom)
2019-08-23 16:25:49,996 [pool-250-thread-1] INFO  server.RaftServerConfigKeys (ConfUtils.java:logGet(43)) - raft.server.log.force.sync.num = 128 (default)
2019-08-23 16:25:49,997 [pool-250-thread-1] INFO  server.RaftServerConfigKeys (ConfUtils.java:logGet(43)) - raft.server.log.statemachine.data.sync = true (default)
2019-08-23 16:25:49,997 [pool-250-thread-1] INFO  server.RaftServerConfigKeys (ConfUtils.java:logGet(43)) - raft.server.log.statemachine.data.sync.timeout = 10s (default)
2019-08-23 16:25:49,997 [pool-250-thread-1] INFO  server.RaftServerConfigKeys (ConfUtils.java:logGet(43)) - raft.server.log.statemachine.data.sync.timeout.retry = -1 (default)
2019-08-23 16:25:49,997 [pool-250-thread-1] INFO  server.RaftServerConfigKeys (ConfUtils.java:logGet(43)) - raft.server.log.statemachine.data.caching.enabled = true (custom)
2019-08-23 16:25:49,998 [pool-250-thread-1] INFO  segmented.SegmentedRaftLogWorker (SegmentedRaftLogWorker.java:lambda$new$0(132)) - d7bb11cb-bbbf-47ac-a5c8-6e34020ccd89-SegmentedRaftLogWorker:Storage Directory /workdir/hadoop-ozone/ozonefs/target/test-dir/MiniOzoneClusterImpl-d548ed9b-acf1-4888-8b24-e7058aaa43d2/datanode-1/data/ratis/79e52d43-e294-494e-bfcb-c3d253767ee0: flushIndex: setUnconditionally 0 -> -1
2019-08-23 16:25:50,000 [pool-250-thread-1] INFO  server.RaftServerConfigKeys (ConfUtils.java:logGet(43)) - raft.server.snapshot.auto.trigger.enabled = true (custom)
2019-08-23 16:25:50,000 [pool-250-thread-1] INFO  server.RaftServerConfigKeys (ConfUtils.java:logGet(43)) - raft.server.snapshot.auto.trigger.threshold = 10000 (custom)
2019-08-23 16:25:50,000 [pool-250-thread-1] INFO  server.RaftServerConfigKeys (ConfUtils.java:logGet(43)) - raft.server.retrycache.expirytime = 600000ms (custom)
2019-08-23 16:25:50,000 [pool-250-thread-1] INFO  impl.RaftServerImpl (RaftServerImpl.java:start(180)) - d7bb11cb-bbbf-47ac-a5c8-6e34020ccd89: start group-C3D253767EE0
2019-08-23 16:25:50,000 [pool-250-thread-1] INFO  impl.RaftServerImpl (RaftServerImpl.java:setRole(171)) - d7bb11cb-bbbf-47ac-a5c8-6e34020ccd89:group-C3D253767EE0 changes role from null to FOLLOWER at term 0 for startAsFollower
2019-08-23 16:25:50,001 [pool-250-thread-1] INFO  impl.RoleInfo (RoleInfo.java:updateAndGet(143)) - d7bb11cb-bbbf-47ac-a5c8-6e34020ccd89: start FollowerState
2019-08-23 16:25:50,001 [pool-250-thread-1] INFO  util.JmxRegister (JmxRegister.java:tryRegister(44)) - Successfully registered JMX Bean with object name Ratis:service=RaftServer,group=group-C3D253767EE0,id=d7bb11cb-bbbf-47ac-a5c8-6e34020ccd89
2019-08-23 16:25:50,017 [RatisPipelineUtilsThread] INFO  pipeline.PipelineStateManager (PipelineStateManager.java:addPipeline(56)) - Created pipeline Pipeline[ Id: 79e52d43-e294-494e-bfcb-c3d253767ee0, Nodes: d7bb11cb-bbbf-47ac-a5c8-6e34020ccd89{ip: 192.168.5.135, host: pr-hdds-738-hvzxd-2983279717, networkLocation: /default-rack, certSerialId: null}, Type:RATIS, Factor:ONE, State:OPEN]
2019-08-23 16:25:50,029 [grpc-default-executor-0] INFO  impl.RaftServerProxy (RaftServerProxy.java:addNew(89)) - 5ea1fec6-19ab-4b7f-b3e9-d4f878a2e58a: addNew group-8CFDD2828D50:[5ea1fec6-19ab-4b7f-b3e9-d4f878a2e58a:192.168.5.135:42612] returns group-8CFDD2828D50:java.util.concurrent.CompletableFuture@7d0c8386[Not completed]
2019-08-23 16:25:50,031 [pool-261-thread-1] INFO  impl.RaftServerImpl (RaftServerImpl.java:<init>(93)) - 5ea1fec6-19ab-4b7f-b3e9-d4f878a2e58a: new RaftServerImpl for group-8CFDD2828D50:[5ea1fec6-19ab-4b7f-b3e9-d4f878a2e58a:192.168.5.135:42612] with ContainerStateMachine:uninitialized
2019-08-23 16:25:50,031 [pool-261-thread-1] INFO  server.RaftServerConfigKeys (ConfUtils.java:logGet(43)) - raft.server.rpc.timeout.min = 5s (custom)
2019-08-23 16:25:50,031 [pool-261-thread-1] INFO  server.RaftServerConfigKeys (ConfUtils.java:logGet(43)) - raft.server.rpc.timeout.max = 5200ms (custom)
2019-08-23 16:25:50,031 [pool-261-thread-1] INFO  server.RaftServerConfigKeys (ConfUtils.java:logGet(43)) - raft.server.rpcslowness.timeout = 120s (custom)
2019-08-23 16:25:50,031 [pool-261-thread-1] INFO  server.RaftServerConfigKeys (ConfUtils.java:logGet(43)) - raft.server.sleep.deviation.threshold = 300 (default)
2019-08-23 16:25:50,031 [pool-261-thread-1] INFO  server.RaftServerConfigKeys (ConfUtils.java:logGet(43)) - raft.server.log.appender.install.snapshot.enabled = false (custom)
2019-08-23 16:25:50,031 [pool-261-thread-1] INFO  impl.RaftServerImpl (ServerState.java:<init>(105)) - 5ea1fec6-19ab-4b7f-b3e9-d4f878a2e58a:group-8CFDD2828D50 ConfigurationManager, init=-1: [5ea1fec6-19ab-4b7f-b3e9-d4f878a2e58a:192.168.5.135:42612], old=null, confs=<EMPTY_MAP>
2019-08-23 16:25:50,032 [pool-261-thread-1] INFO  server.RaftServerConfigKeys (ConfUtils.java:logGet(43)) - raft.server.storage.dir = [/workdir/hadoop-ozone/ozonefs/target/test-dir/MiniOzoneClusterImpl-d548ed9b-acf1-4888-8b24-e7058aaa43d2/datanode-2/data/ratis] (custom)
2019-08-23 16:25:50,032 [pool-261-thread-1] INFO  storage.RaftStorageDirectory (RaftStorageDirectory.java:analyzeStorage(246)) - The storage directory /workdir/hadoop-ozone/ozonefs/target/test-dir/MiniOzoneClusterImpl-d548ed9b-acf1-4888-8b24-e7058aaa43d2/datanode-2/data/ratis/b48fe493-22c8-4bf6-acf5-8cfdd2828d50 does not exist. Creating ...
2019-08-23 16:25:50,038 [Thread-849] INFO  rpc.RpcClient (RpcClient.java:createVolume(293)) - Creating Volume: volume23673, with user20307 as owner.
2019-08-23 16:25:50,041 | INFO  | OMAudit | user=jenkins1000 | ip=127.0.0.1 | op=CREATE_VOLUME {admin=admin81236, owner=user20307, volume=volume23673, creationTime=1566577550041, quotaInBytes=1152921504606846976} | ret=SUCCESS |  
2019-08-23 16:25:50,048 [pool-261-thread-1] INFO  storage.RaftStorageDirectory (RaftStorageDirectory.java:tryLock(328)) - Lock on /workdir/hadoop-ozone/ozonefs/target/test-dir/MiniOzoneClusterImpl-d548ed9b-acf1-4888-8b24-e7058aaa43d2/datanode-2/data/ratis/b48fe493-22c8-4bf6-acf5-8cfdd2828d50/in_use.lock acquired by nodename 14400@pr-hdds-738-hvzxd-2983279717
2019-08-23 16:25:50,049 | INFO  | OMAudit | user=jenkins1000 | ip=127.0.0.1 | op=READ_VOLUME {volume=volume23673} | ret=SUCCESS |  
2019-08-23 16:25:50,050 [Thread-849] INFO  rpc.RpcClient (RpcClient.java:createBucket(432)) - Creating Bucket: volume23673/bucket69087, with Versioning false and Storage Type set to DISK and Encryption set to false 
2019-08-23 16:25:50,053 | INFO  | OMAudit | user=jenkins1000 | ip=127.0.0.1 | op=CREATE_BUCKET {volume=volume23673, bucket=bucket69087, acls=[user:jenkins1000:a[ACCESS], group:default:a[ACCESS]], isVersionEnabled=false, storageType=DISK, creationTime=0} | ret=SUCCESS |  
2019-08-23 16:25:50,055 | INFO  | OMAudit | user=jenkins1000 | ip=127.0.0.1 | op=READ_BUCKET {volume=volume23673, bucket=bucket69087} | ret=SUCCESS |  
2019-08-23 16:25:50,061 [pool-261-thread-1] INFO  storage.RaftStorage (RaftStorage.java:format(72)) - Storage directory /workdir/hadoop-ozone/ozonefs/target/test-dir/MiniOzoneClusterImpl-d548ed9b-acf1-4888-8b24-e7058aaa43d2/datanode-2/data/ratis/b48fe493-22c8-4bf6-acf5-8cfdd2828d50 has been successfully formatted.
2019-08-23 16:25:50,062 [pool-261-thread-1] INFO  ratis.ContainerStateMachine (ContainerStateMachine.java:loadSnapshot(226)) - group-8CFDD2828D50: The snapshot info is null. Setting the last applied indexto:(t:0, i:~)
2019-08-23 16:25:50,062 [pool-261-thread-1] INFO  server.RaftServerConfigKeys (ConfUtils.java:logGet(43)) - raft.server.leader.election.timeout = 120s (custom)
2019-08-23 16:25:50,062 [pool-261-thread-1] INFO  server.RaftServerConfigKeys (ConfUtils.java:logGet(43)) - raft.server.log.use.memory = false (default)
2019-08-23 16:25:50,063 [pool-261-thread-1] INFO  server.RaftServerConfigKeys (ConfUtils.java:logGet(43)) - raft.server.log.purge.gap = 1000000 (custom)
2019-08-23 16:25:50,063 [pool-261-thread-1] INFO  server.RaftServerConfigKeys (ConfUtils.java:logGet(43)) - raft.server.log.appender.buffer.byte-limit = 33554432 (custom)
2019-08-23 16:25:50,063 [pool-261-thread-1] INFO  server.RaftServerConfigKeys (ConfUtils.java:logGet(43)) - raft.server.log.segment.size.max = 1048576 (custom)
2019-08-23 16:25:50,064 [pool-261-thread-1] INFO  server.RaftServerConfigKeys (ConfUtils.java:logGet(43)) - raft.server.log.segment.cache.num.max = 2 (custom)
2019-08-23 16:25:50,064 [pool-261-thread-1] INFO  segmented.SegmentedRaftLogWorker (SegmentedRaftLogWorker.java:<init>(172)) - new 5ea1fec6-19ab-4b7f-b3e9-d4f878a2e58a-SegmentedRaftLogWorker:Storage Directory /workdir/hadoop-ozone/ozonefs/target/test-dir/MiniOzoneClusterImpl-d548ed9b-acf1-4888-8b24-e7058aaa43d2/datanode-2/data/ratis/b48fe493-22c8-4bf6-acf5-8cfdd2828d50 for RaftStorage:Storage Directory /workdir/hadoop-ozone/ozonefs/target/test-dir/MiniOzoneClusterImpl-d548ed9b-acf1-4888-8b24-e7058aaa43d2/datanode-2/data/ratis/b48fe493-22c8-4bf6-acf5-8cfdd2828d50
2019-08-23 16:25:50,064 [pool-261-thread-1] INFO  server.RaftServerConfigKeys (ConfUtils.java:logGet(43)) - raft.server.log.queue.byte-limit = 2147483647 (custom)
2019-08-23 16:25:50,064 [pool-261-thread-1] INFO  server.RaftServerConfigKeys (ConfUtils.java:logGet(43)) - raft.server.log.queue.element-limit = 1024 (custom)
2019-08-23 16:25:50,064 [pool-261-thread-1] INFO  server.RaftServerConfigKeys (ConfUtils.java:logGet(43)) - raft.server.log.segment.size.max = 1048576 (custom)
2019-08-23 16:25:50,065 [pool-261-thread-1] INFO  server.RaftServerConfigKeys (ConfUtils.java:logGet(43)) - raft.server.log.preallocated.size = 16384 (custom)
2019-08-23 16:25:50,065 [pool-261-thread-1] INFO  server.RaftServerConfigKeys (ConfUtils.java:logGet(43)) - raft.server.log.write.buffer.size = 33554432 (custom)
2019-08-23 16:25:50,065 [pool-261-thread-1] INFO  server.RaftServerConfigKeys (ConfUtils.java:logGet(43)) - raft.server.log.force.sync.num = 128 (default)
2019-08-23 16:25:50,065 [pool-261-thread-1] INFO  server.RaftServerConfigKeys (ConfUtils.java:logGet(43)) - raft.server.log.statemachine.data.sync = true (default)
2019-08-23 16:25:50,065 [pool-261-thread-1] INFO  server.RaftServerConfigKeys (ConfUtils.java:logGet(43)) - raft.server.log.statemachine.data.sync.timeout = 10s (default)
2019-08-23 16:25:50,065 [pool-261-thread-1] INFO  server.RaftServerConfigKeys (ConfUtils.java:logGet(43)) - raft.server.log.statemachine.data.sync.timeout.retry = -1 (default)
2019-08-23 16:25:50,066 [pool-261-thread-1] INFO  server.RaftServerConfigKeys (ConfUtils.java:logGet(43)) - raft.server.log.statemachine.data.caching.enabled = true (custom)
2019-08-23 16:25:50,066 [pool-261-thread-1] INFO  segmented.SegmentedRaftLogWorker (SegmentedRaftLogWorker.java:lambda$new$0(132)) - 5ea1fec6-19ab-4b7f-b3e9-d4f878a2e58a-SegmentedRaftLogWorker:Storage Directory /workdir/hadoop-ozone/ozonefs/target/test-dir/MiniOzoneClusterImpl-d548ed9b-acf1-4888-8b24-e7058aaa43d2/datanode-2/data/ratis/b48fe493-22c8-4bf6-acf5-8cfdd2828d50: flushIndex: setUnconditionally 0 -> -1
2019-08-23 16:25:50,066 [pool-261-thread-1] INFO  server.RaftServerConfigKeys (ConfUtils.java:logGet(43)) - raft.server.snapshot.auto.trigger.enabled = true (custom)
2019-08-23 16:25:50,066 | INFO  | OMAudit | user=jenkins1000 | ip=127.0.0.1 | op=READ_VOLUME {volume=volume23673} | ret=SUCCESS |  
2019-08-23 16:25:50,066 [pool-261-thread-1] INFO  server.RaftServerConfigKeys (ConfUtils.java:logGet(43)) - raft.server.snapshot.auto.trigger.threshold = 10000 (custom)
2019-08-23 16:25:50,067 [pool-261-thread-1] INFO  server.RaftServerConfigKeys (ConfUtils.java:logGet(43)) - raft.server.retrycache.expirytime = 600000ms (custom)
2019-08-23 16:25:50,067 [pool-261-thread-1] INFO  impl.RaftServerImpl (RaftServerImpl.java:start(180)) - 5ea1fec6-19ab-4b7f-b3e9-d4f878a2e58a: start group-8CFDD2828D50
2019-08-23 16:25:50,067 [pool-261-thread-1] INFO  impl.RaftServerImpl (RaftServerImpl.java:setRole(171)) - 5ea1fec6-19ab-4b7f-b3e9-d4f878a2e58a:group-8CFDD2828D50 changes role from null to FOLLOWER at term 0 for startAsFollower
2019-08-23 16:25:50,067 [pool-261-thread-1] INFO  impl.RoleInfo (RoleInfo.java:updateAndGet(143)) - 5ea1fec6-19ab-4b7f-b3e9-d4f878a2e58a: start FollowerState
2019-08-23 16:25:50,067 [pool-261-thread-1] INFO  util.JmxRegister (JmxRegister.java:tryRegister(44)) - Successfully registered JMX Bean with object name Ratis:service=RaftServer,group=group-8CFDD2828D50,id=5ea1fec6-19ab-4b7f-b3e9-d4f878a2e58a
2019-08-23 16:25:50,068 | INFO  | OMAudit | user=jenkins1000 | ip=127.0.0.1 | op=READ_BUCKET {volume=volume23673, bucket=bucket69087} | ret=SUCCESS |  
2019-08-23 16:25:50,071 [RatisPipelineUtilsThread] INFO  pipeline.PipelineStateManager (PipelineStateManager.java:addPipeline(56)) - Created pipeline Pipeline[ Id: b48fe493-22c8-4bf6-acf5-8cfdd2828d50, Nodes: 5ea1fec6-19ab-4b7f-b3e9-d4f878a2e58a{ip: 192.168.5.135, host: pr-hdds-738-hvzxd-2983279717, networkLocation: /default-rack, certSerialId: null}, Type:RATIS, Factor:ONE, State:OPEN]
2019-08-23 16:25:50,090 [grpc-default-executor-1] INFO  impl.RaftServerProxy (RaftServerProxy.java:addNew(89)) - 5ea1fec6-19ab-4b7f-b3e9-d4f878a2e58a: addNew group-ADD937669246:[d7bb11cb-bbbf-47ac-a5c8-6e34020ccd89:192.168.5.135:34210, 642b2e3c-6abd-4654-bcbb-2acff3cb613d:192.168.5.135:37482, 5ea1fec6-19ab-4b7f-b3e9-d4f878a2e58a:192.168.5.135:42612] returns group-ADD937669246:java.util.concurrent.CompletableFuture@5569fed6[Not completed]
2019-08-23 16:25:50,090 [grpc-default-executor-2] INFO  impl.RaftServerProxy (RaftServerProxy.java:addNew(89)) - d7bb11cb-bbbf-47ac-a5c8-6e34020ccd89: addNew group-ADD937669246:[d7bb11cb-bbbf-47ac-a5c8-6e34020ccd89:192.168.5.135:34210, 642b2e3c-6abd-4654-bcbb-2acff3cb613d:192.168.5.135:37482, 5ea1fec6-19ab-4b7f-b3e9-d4f878a2e58a:192.168.5.135:42612] returns group-ADD937669246:java.util.concurrent.CompletableFuture@44eb50f6[Not completed]
2019-08-23 16:25:50,092 [grpc-default-executor-1] INFO  impl.RaftServerProxy (RaftServerProxy.java:addNew(89)) - 642b2e3c-6abd-4654-bcbb-2acff3cb613d: addNew group-ADD937669246:[d7bb11cb-bbbf-47ac-a5c8-6e34020ccd89:192.168.5.135:34210, 642b2e3c-6abd-4654-bcbb-2acff3cb613d:192.168.5.135:37482, 5ea1fec6-19ab-4b7f-b3e9-d4f878a2e58a:192.168.5.135:42612] returns group-ADD937669246:java.util.concurrent.CompletableFuture@1454f4ed[Not completed]
2019-08-23 16:25:50,092 [pool-261-thread-1] INFO  impl.RaftServerImpl (RaftServerImpl.java:<init>(93)) - 5ea1fec6-19ab-4b7f-b3e9-d4f878a2e58a: new RaftServerImpl for group-ADD937669246:[d7bb11cb-bbbf-47ac-a5c8-6e34020ccd89:192.168.5.135:34210, 642b2e3c-6abd-4654-bcbb-2acff3cb613d:192.168.5.135:37482, 5ea1fec6-19ab-4b7f-b3e9-d4f878a2e58a:192.168.5.135:42612] with ContainerStateMachine:uninitialized
2019-08-23 16:25:50,093 [pool-261-thread-1] INFO  server.RaftServerConfigKeys (ConfUtils.java:logGet(43)) - raft.server.rpc.timeout.min = 5s (custom)
2019-08-23 16:25:50,093 [pool-261-thread-1] INFO  server.RaftServerConfigKeys (ConfUtils.java:logGet(43)) - raft.server.rpc.timeout.max = 5200ms (custom)
2019-08-23 16:25:50,093 [pool-250-thread-1] INFO  impl.RaftServerImpl (RaftServerImpl.java:<init>(93)) - d7bb11cb-bbbf-47ac-a5c8-6e34020ccd89: new RaftServerImpl for group-ADD937669246:[d7bb11cb-bbbf-47ac-a5c8-6e34020ccd89:192.168.5.135:34210, 642b2e3c-6abd-4654-bcbb-2acff3cb613d:192.168.5.135:37482, 5ea1fec6-19ab-4b7f-b3e9-d4f878a2e58a:192.168.5.135:42612] with ContainerStateMachine:uninitialized
2019-08-23 16:25:50,093 [pool-261-thread-1] INFO  server.RaftServerConfigKeys (ConfUtils.java:logGet(43)) - raft.server.rpcslowness.timeout = 120s (custom)
2019-08-23 16:25:50,093 [pool-250-thread-1] INFO  server.RaftServerConfigKeys (ConfUtils.java:logGet(43)) - raft.server.rpc.timeout.min = 5s (custom)
2019-08-23 16:25:50,094 [pool-239-thread-1] INFO  impl.RaftServerImpl (RaftServerImpl.java:<init>(93)) - 642b2e3c-6abd-4654-bcbb-2acff3cb613d: new RaftServerImpl for group-ADD937669246:[d7bb11cb-bbbf-47ac-a5c8-6e34020ccd89:192.168.5.135:34210, 642b2e3c-6abd-4654-bcbb-2acff3cb613d:192.168.5.135:37482, 5ea1fec6-19ab-4b7f-b3e9-d4f878a2e58a:192.168.5.135:42612] with ContainerStateMachine:uninitialized
2019-08-23 16:25:50,094 [pool-261-thread-1] INFO  server.RaftServerConfigKeys (ConfUtils.java:logGet(43)) - raft.server.sleep.deviation.threshold = 300 (default)
2019-08-23 16:25:50,094 [pool-239-thread-1] INFO  server.RaftServerConfigKeys (ConfUtils.java:logGet(43)) - raft.server.rpc.timeout.min = 5s (custom)
2019-08-23 16:25:50,094 [pool-250-thread-1] INFO  server.RaftServerConfigKeys (ConfUtils.java:logGet(43)) - raft.server.rpc.timeout.max = 5200ms (custom)
2019-08-23 16:25:50,094 [pool-239-thread-1] INFO  server.RaftServerConfigKeys (ConfUtils.java:logGet(43)) - raft.server.rpc.timeout.max = 5200ms (custom)
2019-08-23 16:25:50,094 [pool-261-thread-1] INFO  server.RaftServerConfigKeys (ConfUtils.java:logGet(43)) - raft.server.log.appender.install.snapshot.enabled = false (custom)
2019-08-23 16:25:50,094 [pool-239-thread-1] INFO  server.RaftServerConfigKeys (ConfUtils.java:logGet(43)) - raft.server.rpcslowness.timeout = 120s (custom)
2019-08-23 16:25:50,094 [pool-250-thread-1] INFO  server.RaftServerConfigKeys (ConfUtils.java:logGet(43)) - raft.server.rpcslowness.timeout = 120s (custom)
2019-08-23 16:25:50,095 [pool-239-thread-1] INFO  server.RaftServerConfigKeys (ConfUtils.java:logGet(43)) - raft.server.sleep.deviation.threshold = 300 (default)
2019-08-23 16:25:50,095 [pool-239-thread-1] INFO  server.RaftServerConfigKeys (ConfUtils.java:logGet(43)) - raft.server.log.appender.install.snapshot.enabled = false (custom)
2019-08-23 16:25:50,095 [pool-261-thread-1] INFO  impl.RaftServerImpl (ServerState.java:<init>(105)) - 5ea1fec6-19ab-4b7f-b3e9-d4f878a2e58a:group-ADD937669246 ConfigurationManager, init=-1: [d7bb11cb-bbbf-47ac-a5c8-6e34020ccd89:192.168.5.135:34210, 642b2e3c-6abd-4654-bcbb-2acff3cb613d:192.168.5.135:37482, 5ea1fec6-19ab-4b7f-b3e9-d4f878a2e58a:192.168.5.135:42612], old=null, confs=<EMPTY_MAP>
2019-08-23 16:25:50,095 [pool-239-thread-1] INFO  impl.RaftServerImpl (ServerState.java:<init>(105)) - 642b2e3c-6abd-4654-bcbb-2acff3cb613d:group-ADD937669246 ConfigurationManager, init=-1: [d7bb11cb-bbbf-47ac-a5c8-6e34020ccd89:192.168.5.135:34210, 642b2e3c-6abd-4654-bcbb-2acff3cb613d:192.168.5.135:37482, 5ea1fec6-19ab-4b7f-b3e9-d4f878a2e58a:192.168.5.135:42612], old=null, confs=<EMPTY_MAP>
2019-08-23 16:25:50,095 [pool-250-thread-1] INFO  server.RaftServerConfigKeys (ConfUtils.java:logGet(43)) - raft.server.sleep.deviation.threshold = 300 (default)
2019-08-23 16:25:50,095 [pool-261-thread-1] INFO  server.RaftServerConfigKeys (ConfUtils.java:logGet(43)) - raft.server.storage.dir = [/workdir/hadoop-ozone/ozonefs/target/test-dir/MiniOzoneClusterImpl-d548ed9b-acf1-4888-8b24-e7058aaa43d2/datanode-2/data/ratis] (custom)
2019-08-23 16:25:50,095 [pool-239-thread-1] INFO  server.RaftServerConfigKeys (ConfUtils.java:logGet(43)) - raft.server.storage.dir = [/workdir/hadoop-ozone/ozonefs/target/test-dir/MiniOzoneClusterImpl-d548ed9b-acf1-4888-8b24-e7058aaa43d2/datanode-0/data/ratis] (custom)
2019-08-23 16:25:50,095 [pool-250-thread-1] INFO  server.RaftServerConfigKeys (ConfUtils.java:logGet(43)) - raft.server.log.appender.install.snapshot.enabled = false (custom)
2019-08-23 16:25:50,096 [pool-261-thread-1] INFO  storage.RaftStorageDirectory (RaftStorageDirectory.java:analyzeStorage(246)) - The storage directory /workdir/hadoop-ozone/ozonefs/target/test-dir/MiniOzoneClusterImpl-d548ed9b-acf1-4888-8b24-e7058aaa43d2/datanode-2/data/ratis/2eb885b5-8b60-4c5d-b578-add937669246 does not exist. Creating ...
2019-08-23 16:25:50,096 [pool-239-thread-1] INFO  storage.RaftStorageDirectory (RaftStorageDirectory.java:analyzeStorage(246)) - The storage directory /workdir/hadoop-ozone/ozonefs/target/test-dir/MiniOzoneClusterImpl-d548ed9b-acf1-4888-8b24-e7058aaa43d2/datanode-0/data/ratis/2eb885b5-8b60-4c5d-b578-add937669246 does not exist. Creating ...
2019-08-23 16:25:50,096 [pool-250-thread-1] INFO  impl.RaftServerImpl (ServerState.java:<init>(105)) - d7bb11cb-bbbf-47ac-a5c8-6e34020ccd89:group-ADD937669246 ConfigurationManager, init=-1: [d7bb11cb-bbbf-47ac-a5c8-6e34020ccd89:192.168.5.135:34210, 642b2e3c-6abd-4654-bcbb-2acff3cb613d:192.168.5.135:37482, 5ea1fec6-19ab-4b7f-b3e9-d4f878a2e58a:192.168.5.135:42612], old=null, confs=<EMPTY_MAP>
2019-08-23 16:25:50,096 [pool-250-thread-1] INFO  server.RaftServerConfigKeys (ConfUtils.java:logGet(43)) - raft.server.storage.dir = [/workdir/hadoop-ozone/ozonefs/target/test-dir/MiniOzoneClusterImpl-d548ed9b-acf1-4888-8b24-e7058aaa43d2/datanode-1/data/ratis] (custom)
2019-08-23 16:25:50,097 [pool-250-thread-1] INFO  storage.RaftStorageDirectory (RaftStorageDirectory.java:analyzeStorage(246)) - The storage directory /workdir/hadoop-ozone/ozonefs/target/test-dir/MiniOzoneClusterImpl-d548ed9b-acf1-4888-8b24-e7058aaa43d2/datanode-1/data/ratis/2eb885b5-8b60-4c5d-b578-add937669246 does not exist. Creating ...
2019-08-23 16:25:50,109 [pool-250-thread-1] INFO  storage.RaftStorageDirectory (RaftStorageDirectory.java:tryLock(328)) - Lock on /workdir/hadoop-ozone/ozonefs/target/test-dir/MiniOzoneClusterImpl-d548ed9b-acf1-4888-8b24-e7058aaa43d2/datanode-1/data/ratis/2eb885b5-8b60-4c5d-b578-add937669246/in_use.lock acquired by nodename 14400@pr-hdds-738-hvzxd-2983279717
2019-08-23 16:25:50,109 [pool-261-thread-1] INFO  storage.RaftStorageDirectory (RaftStorageDirectory.java:tryLock(328)) - Lock on /workdir/hadoop-ozone/ozonefs/target/test-dir/MiniOzoneClusterImpl-d548ed9b-acf1-4888-8b24-e7058aaa43d2/datanode-2/data/ratis/2eb885b5-8b60-4c5d-b578-add937669246/in_use.lock acquired by nodename 14400@pr-hdds-738-hvzxd-2983279717
2019-08-23 16:25:50,109 [pool-239-thread-1] INFO  storage.RaftStorageDirectory (RaftStorageDirectory.java:tryLock(328)) - Lock on /workdir/hadoop-ozone/ozonefs/target/test-dir/MiniOzoneClusterImpl-d548ed9b-acf1-4888-8b24-e7058aaa43d2/datanode-0/data/ratis/2eb885b5-8b60-4c5d-b578-add937669246/in_use.lock acquired by nodename 14400@pr-hdds-738-hvzxd-2983279717
2019-08-23 16:25:50,123 [pool-239-thread-1] INFO  storage.RaftStorage (RaftStorage.java:format(72)) - Storage directory /workdir/hadoop-ozone/ozonefs/target/test-dir/MiniOzoneClusterImpl-d548ed9b-acf1-4888-8b24-e7058aaa43d2/datanode-0/data/ratis/2eb885b5-8b60-4c5d-b578-add937669246 has been successfully formatted.
2019-08-23 16:25:50,123 [pool-250-thread-1] INFO  storage.RaftStorage (RaftStorage.java:format(72)) - Storage directory /workdir/hadoop-ozone/ozonefs/target/test-dir/MiniOzoneClusterImpl-d548ed9b-acf1-4888-8b24-e7058aaa43d2/datanode-1/data/ratis/2eb885b5-8b60-4c5d-b578-add937669246 has been successfully formatted.
2019-08-23 16:25:50,123 [pool-261-thread-1] INFO  storage.RaftStorage (RaftStorage.java:format(72)) - Storage directory /workdir/hadoop-ozone/ozonefs/target/test-dir/MiniOzoneClusterImpl-d548ed9b-acf1-4888-8b24-e7058aaa43d2/datanode-2/data/ratis/2eb885b5-8b60-4c5d-b578-add937669246 has been successfully formatted.
2019-08-23 16:25:50,123 [pool-250-thread-1] INFO  ratis.ContainerStateMachine (ContainerStateMachine.java:loadSnapshot(226)) - group-ADD937669246: The snapshot info is null. Setting the last applied indexto:(t:0, i:~)
2019-08-23 16:25:50,123 [pool-239-thread-1] INFO  ratis.ContainerStateMachine (ContainerStateMachine.java:loadSnapshot(226)) - group-ADD937669246: The snapshot info is null. Setting the last applied indexto:(t:0, i:~)
2019-08-23 16:25:50,123 [pool-250-thread-1] INFO  server.RaftServerConfigKeys (ConfUtils.java:logGet(43)) - raft.server.leader.election.timeout = 120s (custom)
2019-08-23 16:25:50,123 [pool-261-thread-1] INFO  ratis.ContainerStateMachine (ContainerStateMachine.java:loadSnapshot(226)) - group-ADD937669246: The snapshot info is null. Setting the last applied indexto:(t:0, i:~)
2019-08-23 16:25:50,123 [pool-250-thread-1] INFO  server.RaftServerConfigKeys (ConfUtils.java:logGet(43)) - raft.server.log.use.memory = false (default)
2019-08-23 16:25:50,123 [pool-239-thread-1] INFO  server.RaftServerConfigKeys (ConfUtils.java:logGet(43)) - raft.server.leader.election.timeout = 120s (custom)
2019-08-23 16:25:50,124 [pool-250-thread-1] INFO  server.RaftServerConfigKeys (ConfUtils.java:logGet(43)) - raft.server.log.purge.gap = 1000000 (custom)
2019-08-23 16:25:50,124 [pool-261-thread-1] INFO  server.RaftServerConfigKeys (ConfUtils.java:logGet(43)) - raft.server.leader.election.timeout = 120s (custom)
2019-08-23 16:25:50,124 [pool-250-thread-1] INFO  server.RaftServerConfigKeys (ConfUtils.java:logGet(43)) - raft.server.log.appender.buffer.byte-limit = 33554432 (custom)
2019-08-23 16:25:50,124 [pool-239-thread-1] INFO  server.RaftServerConfigKeys (ConfUtils.java:logGet(43)) - raft.server.log.use.memory = false (default)
2019-08-23 16:25:50,124 [pool-250-thread-1] INFO  server.RaftServerConfigKeys (ConfUtils.java:logGet(43)) - raft.server.log.segment.size.max = 1048576 (custom)
2019-08-23 16:25:50,124 [pool-261-thread-1] INFO  server.RaftServerConfigKeys (ConfUtils.java:logGet(43)) - raft.server.log.use.memory = false (default)
2019-08-23 16:25:50,124 [pool-250-thread-1] INFO  server.RaftServerConfigKeys (ConfUtils.java:logGet(43)) - raft.server.log.segment.cache.num.max = 2 (custom)
2019-08-23 16:25:50,124 [pool-239-thread-1] INFO  server.RaftServerConfigKeys (ConfUtils.java:logGet(43)) - raft.server.log.purge.gap = 1000000 (custom)
2019-08-23 16:25:50,125 [pool-250-thread-1] INFO  segmented.SegmentedRaftLogWorker (SegmentedRaftLogWorker.java:<init>(172)) - new d7bb11cb-bbbf-47ac-a5c8-6e34020ccd89-SegmentedRaftLogWorker:Storage Directory /workdir/hadoop-ozone/ozonefs/target/test-dir/MiniOzoneClusterImpl-d548ed9b-acf1-4888-8b24-e7058aaa43d2/datanode-1/data/ratis/2eb885b5-8b60-4c5d-b578-add937669246 for RaftStorage:Storage Directory /workdir/hadoop-ozone/ozonefs/target/test-dir/MiniOzoneClusterImpl-d548ed9b-acf1-4888-8b24-e7058aaa43d2/datanode-1/data/ratis/2eb885b5-8b60-4c5d-b578-add937669246
2019-08-23 16:25:50,125 [pool-261-thread-1] INFO  server.RaftServerConfigKeys (ConfUtils.java:logGet(43)) - raft.server.log.purge.gap = 1000000 (custom)
2019-08-23 16:25:50,125 [pool-250-thread-1] INFO  server.RaftServerConfigKeys (ConfUtils.java:logGet(43)) - raft.server.log.queue.byte-limit = 2147483647 (custom)
2019-08-23 16:25:50,125 [pool-239-thread-1] INFO  server.RaftServerConfigKeys (ConfUtils.java:logGet(43)) - raft.server.log.appender.buffer.byte-limit = 33554432 (custom)
2019-08-23 16:25:50,125 [pool-250-thread-1] INFO  server.RaftServerConfigKeys (ConfUtils.java:logGet(43)) - raft.server.log.queue.element-limit = 1024 (custom)
2019-08-23 16:25:50,125 [pool-261-thread-1] INFO  server.RaftServerConfigKeys (ConfUtils.java:logGet(43)) - raft.server.log.appender.buffer.byte-limit = 33554432 (custom)
2019-08-23 16:25:50,126 [pool-250-thread-1] INFO  server.RaftServerConfigKeys (ConfUtils.java:logGet(43)) - raft.server.log.segment.size.max = 1048576 (custom)
2019-08-23 16:25:50,125 [pool-239-thread-1] INFO  server.RaftServerConfigKeys (ConfUtils.java:logGet(43)) - raft.server.log.segment.size.max = 1048576 (custom)
2019-08-23 16:25:50,126 [pool-250-thread-1] INFO  server.RaftServerConfigKeys (ConfUtils.java:logGet(43)) - raft.server.log.preallocated.size = 16384 (custom)
2019-08-23 16:25:50,126 [pool-261-thread-1] INFO  server.RaftServerConfigKeys (ConfUtils.java:logGet(43)) - raft.server.log.segment.size.max = 1048576 (custom)
2019-08-23 16:25:50,126 [pool-250-thread-1] INFO  server.RaftServerConfigKeys (ConfUtils.java:logGet(43)) - raft.server.log.write.buffer.size = 33554432 (custom)
2019-08-23 16:25:50,126 [pool-239-thread-1] INFO  server.RaftServerConfigKeys (ConfUtils.java:logGet(43)) - raft.server.log.segment.cache.num.max = 2 (custom)
2019-08-23 16:25:50,126 [pool-250-thread-1] INFO  server.RaftServerConfigKeys (ConfUtils.java:logGet(43)) - raft.server.log.force.sync.num = 128 (default)
2019-08-23 16:25:50,126 [pool-261-thread-1] INFO  server.RaftServerConfigKeys (ConfUtils.java:logGet(43)) - raft.server.log.segment.cache.num.max = 2 (custom)
2019-08-23 16:25:50,127 [pool-250-thread-1] INFO  server.RaftServerConfigKeys (ConfUtils.java:logGet(43)) - raft.server.log.statemachine.data.sync = true (default)
2019-08-23 16:25:50,127 [pool-239-thread-1] INFO  segmented.SegmentedRaftLogWorker (SegmentedRaftLogWorker.java:<init>(172)) - new 642b2e3c-6abd-4654-bcbb-2acff3cb613d-SegmentedRaftLogWorker:Storage Directory /workdir/hadoop-ozone/ozonefs/target/test-dir/MiniOzoneClusterImpl-d548ed9b-acf1-4888-8b24-e7058aaa43d2/datanode-0/data/ratis/2eb885b5-8b60-4c5d-b578-add937669246 for RaftStorage:Storage Directory /workdir/hadoop-ozone/ozonefs/target/test-dir/MiniOzoneClusterImpl-d548ed9b-acf1-4888-8b24-e7058aaa43d2/datanode-0/data/ratis/2eb885b5-8b60-4c5d-b578-add937669246
2019-08-23 16:25:50,127 [pool-250-thread-1] INFO  server.RaftServerConfigKeys (ConfUtils.java:logGet(43)) - raft.server.log.statemachine.data.sync.timeout = 10s (default)
2019-08-23 16:25:50,127 [pool-261-thread-1] INFO  segmented.SegmentedRaftLogWorker (SegmentedRaftLogWorker.java:<init>(172)) - new 5ea1fec6-19ab-4b7f-b3e9-d4f878a2e58a-SegmentedRaftLogWorker:Storage Directory /workdir/hadoop-ozone/ozonefs/target/test-dir/MiniOzoneClusterImpl-d548ed9b-acf1-4888-8b24-e7058aaa43d2/datanode-2/data/ratis/2eb885b5-8b60-4c5d-b578-add937669246 for RaftStorage:Storage Directory /workdir/hadoop-ozone/ozonefs/target/test-dir/MiniOzoneClusterImpl-d548ed9b-acf1-4888-8b24-e7058aaa43d2/datanode-2/data/ratis/2eb885b5-8b60-4c5d-b578-add937669246
2019-08-23 16:25:50,127 [pool-250-thread-1] INFO  server.RaftServerConfigKeys (ConfUtils.java:logGet(43)) - raft.server.log.statemachine.data.sync.timeout.retry = -1 (default)
2019-08-23 16:25:50,127 [pool-239-thread-1] INFO  server.RaftServerConfigKeys (ConfUtils.java:logGet(43)) - raft.server.log.queue.byte-limit = 2147483647 (custom)
2019-08-23 16:25:50,128 [pool-250-thread-1] INFO  server.RaftServerConfigKeys (ConfUtils.java:logGet(43)) - raft.server.log.statemachine.data.caching.enabled = true (custom)
2019-08-23 16:25:50,127 [pool-261-thread-1] INFO  server.RaftServerConfigKeys (ConfUtils.java:logGet(43)) - raft.server.log.queue.byte-limit = 2147483647 (custom)
2019-08-23 16:25:50,128 [pool-239-thread-1] INFO  server.RaftServerConfigKeys (ConfUtils.java:logGet(43)) - raft.server.log.queue.element-limit = 1024 (custom)
2019-08-23 16:25:50,128 [pool-250-thread-1] INFO  segmented.SegmentedRaftLogWorker (SegmentedRaftLogWorker.java:lambda$new$0(132)) - d7bb11cb-bbbf-47ac-a5c8-6e34020ccd89-SegmentedRaftLogWorker:Storage Directory /workdir/hadoop-ozone/ozonefs/target/test-dir/MiniOzoneClusterImpl-d548ed9b-acf1-4888-8b24-e7058aaa43d2/datanode-1/data/ratis/2eb885b5-8b60-4c5d-b578-add937669246: flushIndex: setUnconditionally 0 -> -1
2019-08-23 16:25:50,128 [pool-261-thread-1] INFO  server.RaftServerConfigKeys (ConfUtils.java:logGet(43)) - raft.server.log.queue.element-limit = 1024 (custom)
2019-08-23 16:25:50,128 [pool-239-thread-1] INFO  server.RaftServerConfigKeys (ConfUtils.java:logGet(43)) - raft.server.log.segment.size.max = 1048576 (custom)
2019-08-23 16:25:50,128 [pool-250-thread-1] INFO  server.RaftServerConfigKeys (ConfUtils.java:logGet(43)) - raft.server.snapshot.auto.trigger.enabled = true (custom)
2019-08-23 16:25:50,128 [pool-261-thread-1] INFO  server.RaftServerConfigKeys (ConfUtils.java:logGet(43)) - raft.server.log.segment.size.max = 1048576 (custom)
2019-08-23 16:25:50,129 [pool-250-thread-1] INFO  server.RaftServerConfigKeys (ConfUtils.java:logGet(43)) - raft.server.snapshot.auto.trigger.threshold = 10000 (custom)
2019-08-23 16:25:50,128 [pool-239-thread-1] INFO  server.RaftServerConfigKeys (ConfUtils.java:logGet(43)) - raft.server.log.preallocated.size = 16384 (custom)
2019-08-23 16:25:50,129 [pool-261-thread-1] INFO  server.RaftServerConfigKeys (ConfUtils.java:logGet(43)) - raft.server.log.preallocated.size = 16384 (custom)
2019-08-23 16:25:50,129 [pool-250-thread-1] INFO  server.RaftServerConfigKeys (ConfUtils.java:logGet(43)) - raft.server.retrycache.expirytime = 600000ms (custom)
2019-08-23 16:25:50,129 [pool-239-thread-1] INFO  server.RaftServerConfigKeys (ConfUtils.java:logGet(43)) - raft.server.log.write.buffer.size = 33554432 (custom)
2019-08-23 16:25:50,129 [pool-250-thread-1] INFO  impl.RaftServerImpl (RaftServerImpl.java:start(180)) - d7bb11cb-bbbf-47ac-a5c8-6e34020ccd89: start group-ADD937669246
2019-08-23 16:25:50,129 [pool-261-thread-1] INFO  server.RaftServerConfigKeys (ConfUtils.java:logGet(43)) - raft.server.log.write.buffer.size = 33554432 (custom)
2019-08-23 16:25:50,129 [pool-250-thread-1] INFO  impl.RaftServerImpl (RaftServerImpl.java:setRole(171)) - d7bb11cb-bbbf-47ac-a5c8-6e34020ccd89:group-ADD937669246 changes role from null to FOLLOWER at term 0 for startAsFollower
2019-08-23 16:25:50,129 [pool-239-thread-1] INFO  server.RaftServerConfigKeys (ConfUtils.java:logGet(43)) - raft.server.log.force.sync.num = 128 (default)
2019-08-23 16:25:50,130 [pool-250-thread-1] INFO  impl.RoleInfo (RoleInfo.java:updateAndGet(143)) - d7bb11cb-bbbf-47ac-a5c8-6e34020ccd89: start FollowerState
2019-08-23 16:25:50,130 [pool-261-thread-1] INFO  server.RaftServerConfigKeys (ConfUtils.java:logGet(43)) - raft.server.log.force.sync.num = 128 (default)
2019-08-23 16:25:50,130 [pool-239-thread-1] INFO  server.RaftServerConfigKeys (ConfUtils.java:logGet(43)) - raft.server.log.statemachine.data.sync = true (default)
2019-08-23 16:25:50,130 [pool-261-thread-1] INFO  server.RaftServerConfigKeys (ConfUtils.java:logGet(43)) - raft.server.log.statemachine.data.sync = true (default)
2019-08-23 16:25:50,130 [pool-250-thread-1] INFO  util.JmxRegister (JmxRegister.java:tryRegister(44)) - Successfully registered JMX Bean with object name Ratis:service=RaftServer,group=group-ADD937669246,id=d7bb11cb-bbbf-47ac-a5c8-6e34020ccd89
2019-08-23 16:25:50,130 [pool-239-thread-1] INFO  server.RaftServerConfigKeys (ConfUtils.java:logGet(43)) - raft.server.log.statemachine.data.sync.timeout = 10s (default)
2019-08-23 16:25:50,130 [pool-261-thread-1] INFO  server.RaftServerConfigKeys (ConfUtils.java:logGet(43)) - raft.server.log.statemachine.data.sync.timeout = 10s (default)
2019-08-23 16:25:50,131 [pool-239-thread-1] INFO  server.RaftServerConfigKeys (ConfUtils.java:logGet(43)) - raft.server.log.statemachine.data.sync.timeout.retry = -1 (default)
2019-08-23 16:25:50,131 [pool-261-thread-1] INFO  server.RaftServerConfigKeys (ConfUtils.java:logGet(43)) - raft.server.log.statemachine.data.sync.timeout.retry = -1 (default)
2019-08-23 16:25:50,131 [pool-239-thread-1] INFO  server.RaftServerConfigKeys (ConfUtils.java:logGet(43)) - raft.server.log.statemachine.data.caching.enabled = true (custom)
2019-08-23 16:25:50,131 [pool-261-thread-1] INFO  server.RaftServerConfigKeys (ConfUtils.java:logGet(43)) - raft.server.log.statemachine.data.caching.enabled = true (custom)
2019-08-23 16:25:50,131 [pool-239-thread-1] INFO  segmented.SegmentedRaftLogWorker (SegmentedRaftLogWorker.java:lambda$new$0(132)) - 642b2e3c-6abd-4654-bcbb-2acff3cb613d-SegmentedRaftLogWorker:Storage Directory /workdir/hadoop-ozone/ozonefs/target/test-dir/MiniOzoneClusterImpl-d548ed9b-acf1-4888-8b24-e7058aaa43d2/datanode-0/data/ratis/2eb885b5-8b60-4c5d-b578-add937669246: flushIndex: setUnconditionally 0 -> -1
2019-08-23 16:25:50,132 [pool-261-thread-1] INFO  segmented.SegmentedRaftLogWorker (SegmentedRaftLogWorker.java:lambda$new$0(132)) - 5ea1fec6-19ab-4b7f-b3e9-d4f878a2e58a-SegmentedRaftLogWorker:Storage Directory /workdir/hadoop-ozone/ozonefs/target/test-dir/MiniOzoneClusterImpl-d548ed9b-acf1-4888-8b24-e7058aaa43d2/datanode-2/data/ratis/2eb885b5-8b60-4c5d-b578-add937669246: flushIndex: setUnconditionally 0 -> -1
2019-08-23 16:25:50,132 [pool-239-thread-1] INFO  server.RaftServerConfigKeys (ConfUtils.java:logGet(43)) - raft.server.snapshot.auto.trigger.enabled = true (custom)
2019-08-23 16:25:50,132 [pool-239-thread-1] INFO  server.RaftServerConfigKeys (ConfUtils.java:logGet(43)) - raft.server.snapshot.auto.trigger.threshold = 10000 (custom)
2019-08-23 16:25:50,132 [pool-261-thread-1] INFO  server.RaftServerConfigKeys (ConfUtils.java:logGet(43)) - raft.server.snapshot.auto.trigger.enabled = true (custom)
2019-08-23 16:25:50,132 [pool-239-thread-1] INFO  server.RaftServerConfigKeys (ConfUtils.java:logGet(43)) - raft.server.retrycache.expirytime = 600000ms (custom)
2019-08-23 16:25:50,132 [pool-261-thread-1] INFO  server.RaftServerConfigKeys (ConfUtils.java:logGet(43)) - raft.server.snapshot.auto.trigger.threshold = 10000 (custom)
2019-08-23 16:25:50,134 [pool-239-thread-1] INFO  impl.RaftServerImpl (RaftServerImpl.java:start(180)) - 642b2e3c-6abd-4654-bcbb-2acff3cb613d: start group-ADD937669246
2019-08-23 16:25:50,134 [pool-239-thread-1] INFO  impl.RaftServerImpl (RaftServerImpl.java:setRole(171)) - 642b2e3c-6abd-4654-bcbb-2acff3cb613d:group-ADD937669246 changes role from null to FOLLOWER at term 0 for startAsFollower
2019-08-23 16:25:50,134 [pool-261-thread-1] INFO  server.RaftServerConfigKeys (ConfUtils.java:logGet(43)) - raft.server.retrycache.expirytime = 600000ms (custom)
2019-08-23 16:25:50,134 [pool-239-thread-1] INFO  impl.RoleInfo (RoleInfo.java:updateAndGet(143)) - 642b2e3c-6abd-4654-bcbb-2acff3cb613d: start FollowerState
2019-08-23 16:25:50,134 [pool-261-thread-1] INFO  impl.RaftServerImpl (RaftServerImpl.java:start(180)) - 5ea1fec6-19ab-4b7f-b3e9-d4f878a2e58a: start group-ADD937669246
2019-08-23 16:25:50,134 [pool-261-thread-1] INFO  impl.RaftServerImpl (RaftServerImpl.java:setRole(171)) - 5ea1fec6-19ab-4b7f-b3e9-d4f878a2e58a:group-ADD937669246 changes role from null to FOLLOWER at term 0 for startAsFollower
2019-08-23 16:25:50,134 [pool-239-thread-1] INFO  util.JmxRegister (JmxRegister.java:tryRegister(44)) - Successfully registered JMX Bean with object name Ratis:service=RaftServer,group=group-ADD937669246,id=642b2e3c-6abd-4654-bcbb-2acff3cb613d
2019-08-23 16:25:50,135 [pool-261-thread-1] INFO  impl.RoleInfo (RoleInfo.java:updateAndGet(143)) - 5ea1fec6-19ab-4b7f-b3e9-d4f878a2e58a: start FollowerState
2019-08-23 16:25:50,135 [pool-261-thread-1] INFO  util.JmxRegister (JmxRegister.java:tryRegister(44)) - Successfully registered JMX Bean with object name Ratis:service=RaftServer,group=group-ADD937669246,id=5ea1fec6-19ab-4b7f-b3e9-d4f878a2e58a
2019-08-23 16:25:50,141 [RatisPipelineUtilsThread] INFO  pipeline.PipelineStateManager (PipelineStateManager.java:addPipeline(56)) - Created pipeline Pipeline[ Id: 2eb885b5-8b60-4c5d-b578-add937669246, Nodes: d7bb11cb-bbbf-47ac-a5c8-6e34020ccd89{ip: 192.168.5.135, host: pr-hdds-738-hvzxd-2983279717, networkLocation: /default-rack, certSerialId: null}5ea1fec6-19ab-4b7f-b3e9-d4f878a2e58a{ip: 192.168.5.135, host: pr-hdds-738-hvzxd-2983279717, networkLocation: /default-rack, certSerialId: null}642b2e3c-6abd-4654-bcbb-2acff3cb613d{ip: 192.168.5.135, host: pr-hdds-738-hvzxd-2983279717, networkLocation: /default-rack, certSerialId: null}, Type:RATIS, Factor:THREE, State:OPEN]
2019-08-23 16:25:50,147 | INFO  | SCMAudit | user=jenkins1000 | ip=192.168.5.135 | op=ALLOCATE_BLOCK {owner=6f3c2966-4399-4223-88db-f9859f9ee5a7, size=4194304, type=RATIS, factor=THREE} | ret=SUCCESS |  
2019-08-23 16:25:50,149 | INFO  | OMAudit | user=jenkins1000 | ip=127.0.0.1 | op=CREATE_FILE {volume=volume23673, bucket=bucket69087, key=testCreateDoesNotAddParentDirKeys/parent/child, dataSize=0, replicationType=RATIS, replicationFactor=THREE, keyLocationInfo=null} | ret=SUCCESS |  
2019-08-23 16:25:50,153 | INFO  | OMAudit | user=jenkins1000 | ip=127.0.0.1 | op=COMMIT_KEY {volume=volume23673, bucket=bucket69087, key=testCreateDoesNotAddParentDirKeys/parent/child, dataSize=0, replicationType=null, replicationFactor=null, keyLocationInfo=[], clientID=102667226323746826} | ret=SUCCESS |  
2019-08-23 16:25:50,161 [Thread-849] INFO  ozone.MiniOzoneClusterImpl (MiniOzoneClusterImpl.java:shutdown(307)) - Shutting down the Mini Ozone Cluster
2019-08-23 16:25:50,161 | INFO  | SCMAudit | user=null | ip=null | op=GET_SCM_INFO null | ret=SUCCESS |  
2019-08-23 16:25:50,161 [Thread-849] INFO  ozone.MiniOzoneClusterImpl (MiniOzoneClusterImpl.java:stop(322)) - Stopping the Mini Ozone Cluster
2019-08-23 16:25:50,162 [Thread-849] INFO  ozone.MiniOzoneClusterImpl (MiniOzoneClusterImpl.java:stop(324)) - Stopping the OzoneManager
2019-08-23 16:25:50,162 [Thread-849] INFO  ipc.Server (Server.java:stop(3082)) - Stopping server on 33293
2019-08-23 16:25:50,165 [IPC Server listener on 33293] INFO  ipc.Server (Server.java:run(1185)) - Stopping IPC Server listener on 33293
2019-08-23 16:25:50,165 [Thread-849] INFO  ratis.OzoneManagerDoubleBuffer (OzoneManagerDoubleBuffer.java:stop(248)) - Stopping OMDoubleBuffer flush thread
2019-08-23 16:25:50,170 [IPC Server Responder] INFO  ipc.Server (Server.java:run(1319)) - Stopping IPC Server Responder
2019-08-23 16:25:50,170 [OMDoubleBufferFlushThread] INFO  ratis.OzoneManagerDoubleBuffer (OzoneManagerDoubleBuffer.java:flushTransactions(191)) - OMDoubleBuffer flush thread OMDoubleBufferFlushThread is interrupted and will exit. OMDoubleBufferFlushThread
2019-08-23 16:25:50,171 [Thread-849] INFO  utils.BackgroundService (BackgroundService.java:shutdown(148)) - Shutting down service KeyDeletingService
2019-08-23 16:25:50,183 [Thread-849] INFO  handler.ContextHandler (ContextHandler.java:doStop(910)) - Stopped o.e.j.w.WebAppContext@1ad7f2e{/,null,UNAVAILABLE}{/ozoneManager}
2019-08-23 16:25:50,184 [Thread-849] INFO  server.AbstractConnector (AbstractConnector.java:doStop(318)) - Stopped ServerConnector@709364fb{HTTP/1.1,[http/1.1]}{0.0.0.0:0}
2019-08-23 16:25:50,184 [Thread-849] INFO  handler.ContextHandler (ContextHandler.java:doStop(910)) - Stopped o.e.j.s.ServletContextHandler@4f833c9f{/static,jar:file:/home/user/.m2/repository/org/apache/hadoop/hadoop-ozone-ozone-manager/0.5.0-SNAPSHOT/hadoop-ozone-ozone-manager-0.5.0-SNAPSHOT.jar!/webapps/static,UNAVAILABLE}
2019-08-23 16:25:50,184 [Thread-849] INFO  handler.ContextHandler (ContextHandler.java:doStop(910)) - Stopped o.e.j.s.ServletContextHandler@594e67e0{/logs,file:///workdir/hadoop-ozone/ozonefs/target/log,UNAVAILABLE}
2019-08-23 16:25:50,186 [Thread-849] INFO  ozone.MiniOzoneClusterImpl (MiniOzoneClusterImpl.java:stop(330)) - Shutting the HddsDatanodes
2019-08-23 16:25:51,828 [Datanode State Machine Thread - 0] INFO  statemachine.DatanodeStateMachine (DatanodeStateMachine.java:lambda$startDaemon$0(350)) - Ozone container server started.
2019-08-23 16:25:51,945 [Datanode State Machine Thread - 0] INFO  statemachine.DatanodeStateMachine (DatanodeStateMachine.java:lambda$startDaemon$0(350)) - Ozone container server started.
2019-08-23 16:25:51,971 | INFO  | SCMAudit | user=jenkins1000 | ip=192.168.5.135 | op=SEND_HEARTBEAT {datanodeUUID=5ea1fec6-19ab-4b7f-b3e9-d4f878a2e58a, command=[]} | ret=SUCCESS |  
2019-08-23 16:25:52,839 [Thread-1021] INFO  container.ReplicationManager (ReplicationManager.java:start(152)) - Starting Replication Monitor Thread.
2019-08-23 16:25:52,842 [ReplicationMonitor] INFO  container.ReplicationManager (ReplicationManager.java:run(215)) - Replication Monitor Thread took 0 milliseconds for processing 1 containers.
2019-08-23 16:25:52,971 | INFO  | SCMAudit | user=jenkins1000 | ip=192.168.5.135 | op=SEND_HEARTBEAT {datanodeUUID=5ea1fec6-19ab-4b7f-b3e9-d4f878a2e58a, command=[]} | ret=SUCCESS |  
2019-08-23 16:25:53,971 | INFO  | SCMAudit | user=jenkins1000 | ip=192.168.5.135 | op=SEND_HEARTBEAT {datanodeUUID=5ea1fec6-19ab-4b7f-b3e9-d4f878a2e58a, command=[]} | ret=SUCCESS |  
2019-08-23 16:25:54,898 [Thread-1023] INFO  impl.FollowerState (FollowerState.java:run(106)) - 642b2e3c-6abd-4654-bcbb-2acff3cb613d:group-49DD012F30AE changes to CANDIDATE, lastRpcTime:5007, electionTimeout:5007ms
2019-08-23 16:25:54,898 [Thread-1023] INFO  impl.RoleInfo (RoleInfo.java:shutdownFollowerState(121)) - 642b2e3c-6abd-4654-bcbb-2acff3cb613d: shutdown FollowerState
2019-08-23 16:25:54,898 [Thread-1023] INFO  impl.RaftServerImpl (RaftServerImpl.java:setRole(171)) - 642b2e3c-6abd-4654-bcbb-2acff3cb613d:group-49DD012F30AE changes role from FOLLOWER to CANDIDATE at term 0 for changeToCandidate
2019-08-23 16:25:54,899 [Thread-1023] INFO  impl.RoleInfo (RoleInfo.java:updateAndGet(143)) - 642b2e3c-6abd-4654-bcbb-2acff3cb613d: start LeaderElection
2019-08-23 16:25:54,918 [642b2e3c-6abd-4654-bcbb-2acff3cb613d:group-49DD012F30AE:LeaderElection18] INFO  impl.LeaderElection (LeaderElection.java:askForVotes(181)) - 642b2e3c-6abd-4654-bcbb-2acff3cb613d:group-49DD012F30AE:LeaderElection18: begin an election at term 1 for -1: [642b2e3c-6abd-4654-bcbb-2acff3cb613d:192.168.5.135:37482], old=null
2019-08-23 16:25:54,918 [642b2e3c-6abd-4654-bcbb-2acff3cb613d:group-49DD012F30AE:LeaderElection18] INFO  impl.RoleInfo (RoleInfo.java:shutdownLeaderElection(134)) - 642b2e3c-6abd-4654-bcbb-2acff3cb613d: shutdown LeaderElection
2019-08-23 16:25:54,919 [642b2e3c-6abd-4654-bcbb-2acff3cb613d:group-49DD012F30AE:LeaderElection18] INFO  impl.RaftServerImpl (RaftServerImpl.java:setRole(171)) - 642b2e3c-6abd-4654-bcbb-2acff3cb613d:group-49DD012F30AE changes role from CANDIDATE to LEADER at term 1 for changeToLeader
2019-08-23 16:25:54,919 [642b2e3c-6abd-4654-bcbb-2acff3cb613d:group-49DD012F30AE:LeaderElection18] INFO  impl.RaftServerImpl (ServerState.java:setLeader(263)) - 642b2e3c-6abd-4654-bcbb-2acff3cb613d:group-49DD012F30AE change Leader from null to 642b2e3c-6abd-4654-bcbb-2acff3cb613d at term 1 for becomeLeader, leader elected after 5033ms
2019-08-23 16:25:54,919 [642b2e3c-6abd-4654-bcbb-2acff3cb613d:group-49DD012F30AE:LeaderElection18] INFO  server.RaftServerConfigKeys (ConfUtils.java:logGet(43)) - raft.server.staging.catchup.gap = 1000 (default)
2019-08-23 16:25:54,919 [642b2e3c-6abd-4654-bcbb-2acff3cb613d:group-49DD012F30AE:LeaderElection18] INFO  server.RaftServerConfigKeys (ConfUtils.java:logGet(43)) - raft.server.rpc.sleep.time = 25ms (default)
2019-08-23 16:25:54,919 [642b2e3c-6abd-4654-bcbb-2acff3cb613d:group-49DD012F30AE:LeaderElection18] INFO  server.RaftServerConfigKeys (ConfUtils.java:logGet(43)) - raft.server.write.element-limit = 4096 (default)
2019-08-23 16:25:54,920 [642b2e3c-6abd-4654-bcbb-2acff3cb613d:group-49DD012F30AE:LeaderElection18] INFO  server.RaftServerConfigKeys (ConfUtils.java:logGet(43)) - raft.server.watch.timeout = 10s (default)
2019-08-23 16:25:54,920 [642b2e3c-6abd-4654-bcbb-2acff3cb613d:group-49DD012F30AE:LeaderElection18] INFO  server.RaftServerConfigKeys (ConfUtils.java:logGet(43)) - raft.server.watch.timeout.denomination = 1s (default)
2019-08-23 16:25:54,920 [642b2e3c-6abd-4654-bcbb-2acff3cb613d:group-49DD012F30AE:LeaderElection18] INFO  server.RaftServerConfigKeys (ConfUtils.java:logGet(43)) - raft.server.watch.element-limit = 65536 (default)
2019-08-23 16:25:54,920 [642b2e3c-6abd-4654-bcbb-2acff3cb613d:group-49DD012F30AE:LeaderElection18] INFO  impl.RoleInfo (RoleInfo.java:updateAndGet(143)) - 642b2e3c-6abd-4654-bcbb-2acff3cb613d: start LeaderState
2019-08-23 16:25:54,920 [642b2e3c-6abd-4654-bcbb-2acff3cb613d:group-49DD012F30AE:LeaderElection18] INFO  segmented.SegmentedRaftLogWorker (SegmentedRaftLogWorker.java:startLogSegment(380)) - 642b2e3c-6abd-4654-bcbb-2acff3cb613d-SegmentedRaftLogWorker:Storage Directory /workdir/hadoop-ozone/ozonefs/target/test-dir/MiniOzoneClusterImpl-d548ed9b-acf1-4888-8b24-e7058aaa43d2/datanode-0/data/ratis/d7f674a1-485d-422a-a01a-49dd012f30ae: Starting segment from index:0
2019-08-23 16:25:54,921 [642b2e3c-6abd-4654-bcbb-2acff3cb613d:group-49DD012F30AE:LeaderElection18] INFO  impl.RaftServerImpl (ServerState.java:setRaftConf(361)) - 642b2e3c-6abd-4654-bcbb-2acff3cb613d:group-49DD012F30AE set configuration 0: [642b2e3c-6abd-4654-bcbb-2acff3cb613d:192.168.5.135:37482], old=null at 0
2019-08-23 16:25:54,971 | INFO  | SCMAudit | user=jenkins1000 | ip=192.168.5.135 | op=SEND_HEARTBEAT {datanodeUUID=5ea1fec6-19ab-4b7f-b3e9-d4f878a2e58a, command=[]} | ret=SUCCESS |  
2019-08-23 16:25:54,973 [642b2e3c-6abd-4654-bcbb-2acff3cb613d-SegmentedRaftLogWorker:Storage Directory /workdir/hadoop-ozone/ozonefs/target/test-dir/MiniOzoneClusterImpl-d548ed9b-acf1-4888-8b24-e7058aaa43d2/datanode-0/data/ratis/d7f674a1-485d-422a-a01a-49dd012f30ae] INFO  segmented.SegmentedRaftLogWorker (SegmentedRaftLogWorker.java:execute(569)) - 642b2e3c-6abd-4654-bcbb-2acff3cb613d-SegmentedRaftLogWorker:Storage Directory /workdir/hadoop-ozone/ozonefs/target/test-dir/MiniOzoneClusterImpl-d548ed9b-acf1-4888-8b24-e7058aaa43d2/datanode-0/data/ratis/d7f674a1-485d-422a-a01a-49dd012f30ae: created new log segment /workdir/hadoop-ozone/ozonefs/target/test-dir/MiniOzoneClusterImpl-d548ed9b-acf1-4888-8b24-e7058aaa43d2/datanode-0/data/ratis/d7f674a1-485d-422a-a01a-49dd012f30ae/current/log_inprogress_0
2019-08-23 16:25:55,109 [Thread-1028] INFO  impl.FollowerState (FollowerState.java:run(106)) - d7bb11cb-bbbf-47ac-a5c8-6e34020ccd89:group-C3D253767EE0 changes to CANDIDATE, lastRpcTime:5108, electionTimeout:5108ms
2019-08-23 16:25:55,109 [Thread-1028] INFO  impl.RoleInfo (RoleInfo.java:shutdownFollowerState(121)) - d7bb11cb-bbbf-47ac-a5c8-6e34020ccd89: shutdown FollowerState
2019-08-23 16:25:55,110 [Thread-1028] INFO  impl.RaftServerImpl (RaftServerImpl.java:setRole(171)) - d7bb11cb-bbbf-47ac-a5c8-6e34020ccd89:group-C3D253767EE0 changes role from FOLLOWER to CANDIDATE at term 0 for changeToCandidate
2019-08-23 16:25:55,110 [Thread-1028] INFO  impl.RoleInfo (RoleInfo.java:updateAndGet(143)) - d7bb11cb-bbbf-47ac-a5c8-6e34020ccd89: start LeaderElection
2019-08-23 16:25:55,128 [d7bb11cb-bbbf-47ac-a5c8-6e34020ccd89:group-C3D253767EE0:LeaderElection19] INFO  impl.LeaderElection (LeaderElection.java:askForVotes(181)) - d7bb11cb-bbbf-47ac-a5c8-6e34020ccd89:group-C3D253767EE0:LeaderElection19: begin an election at term 1 for -1: [d7bb11cb-bbbf-47ac-a5c8-6e34020ccd89:192.168.5.135:34210], old=null
2019-08-23 16:25:55,128 [d7bb11cb-bbbf-47ac-a5c8-6e34020ccd89:group-C3D253767EE0:LeaderElection19] INFO  impl.RoleInfo (RoleInfo.java:shutdownLeaderElection(134)) - d7bb11cb-bbbf-47ac-a5c8-6e34020ccd89: shutdown LeaderElection
2019-08-23 16:25:55,128 [d7bb11cb-bbbf-47ac-a5c8-6e34020ccd89:group-C3D253767EE0:LeaderElection19] INFO  impl.RaftServerImpl (RaftServerImpl.java:setRole(171)) - d7bb11cb-bbbf-47ac-a5c8-6e34020ccd89:group-C3D253767EE0 changes role from CANDIDATE to LEADER at term 1 for changeToLeader
2019-08-23 16:25:55,128 [d7bb11cb-bbbf-47ac-a5c8-6e34020ccd89:group-C3D253767EE0:LeaderElection19] INFO  impl.RaftServerImpl (ServerState.java:setLeader(263)) - d7bb11cb-bbbf-47ac-a5c8-6e34020ccd89:group-C3D253767EE0 change Leader from null to d7bb11cb-bbbf-47ac-a5c8-6e34020ccd89 at term 1 for becomeLeader, leader elected after 5137ms
2019-08-23 16:25:55,128 [d7bb11cb-bbbf-47ac-a5c8-6e34020ccd89:group-C3D253767EE0:LeaderElection19] INFO  server.RaftServerConfigKeys (ConfUtils.java:logGet(43)) - raft.server.staging.catchup.gap = 1000 (default)
2019-08-23 16:25:55,129 [d7bb11cb-bbbf-47ac-a5c8-6e34020ccd89:group-C3D253767EE0:LeaderElection19] INFO  server.RaftServerConfigKeys (ConfUtils.java:logGet(43)) - raft.server.rpc.sleep.time = 25ms (default)
2019-08-23 16:25:55,129 [d7bb11cb-bbbf-47ac-a5c8-6e34020ccd89:group-C3D253767EE0:LeaderElection19] INFO  server.RaftServerConfigKeys (ConfUtils.java:logGet(43)) - raft.server.write.element-limit = 4096 (default)
2019-08-23 16:25:55,129 [d7bb11cb-bbbf-47ac-a5c8-6e34020ccd89:group-C3D253767EE0:LeaderElection19] INFO  server.RaftServerConfigKeys (ConfUtils.java:logGet(43)) - raft.server.watch.timeout = 10s (default)
2019-08-23 16:25:55,129 [d7bb11cb-bbbf-47ac-a5c8-6e34020ccd89:group-C3D253767EE0:LeaderElection19] INFO  server.RaftServerConfigKeys (ConfUtils.java:logGet(43)) - raft.server.watch.timeout.denomination = 1s (default)
2019-08-23 16:25:55,129 [d7bb11cb-bbbf-47ac-a5c8-6e34020ccd89:group-C3D253767EE0:LeaderElection19] INFO  server.RaftServerConfigKeys (ConfUtils.java:logGet(43)) - raft.server.watch.element-limit = 65536 (default)
2019-08-23 16:25:55,130 [d7bb11cb-bbbf-47ac-a5c8-6e34020ccd89:group-C3D253767EE0:LeaderElection19] INFO  impl.RoleInfo (RoleInfo.java:updateAndGet(143)) - d7bb11cb-bbbf-47ac-a5c8-6e34020ccd89: start LeaderState
2019-08-23 16:25:55,130 [d7bb11cb-bbbf-47ac-a5c8-6e34020ccd89:group-C3D253767EE0:LeaderElection19] INFO  segmented.SegmentedRaftLogWorker (SegmentedRaftLogWorker.java:startLogSegment(380)) - d7bb11cb-bbbf-47ac-a5c8-6e34020ccd89-SegmentedRaftLogWorker:Storage Directory /workdir/hadoop-ozone/ozonefs/target/test-dir/MiniOzoneClusterImpl-d548ed9b-acf1-4888-8b24-e7058aaa43d2/datanode-1/data/ratis/79e52d43-e294-494e-bfcb-c3d253767ee0: Starting segment from index:0
2019-08-23 16:25:55,131 [d7bb11cb-bbbf-47ac-a5c8-6e34020ccd89:group-C3D253767EE0:LeaderElection19] INFO  impl.RaftServerImpl (ServerState.java:setRaftConf(361)) - d7bb11cb-bbbf-47ac-a5c8-6e34020ccd89:group-C3D253767EE0 set configuration 0: [d7bb11cb-bbbf-47ac-a5c8-6e34020ccd89:192.168.5.135:34210], old=null at 0
2019-08-23 16:25:55,187 [Thread-849] INFO  ozoneimpl.OzoneContainer (OzoneContainer.java:stop(199)) - Attempting to stop container services.
2019-08-23 16:25:55,187 [ForkJoinPool.commonPool-worker-1] INFO  ozoneimpl.OzoneContainer (OzoneContainer.java:stop(199)) - Attempting to stop container services.
2019-08-23 16:25:55,187 [Thread-849] INFO  impl.RaftServerProxy (RaftServerProxy.java:lambda$close$4(314)) - d7bb11cb-bbbf-47ac-a5c8-6e34020ccd89: close
2019-08-23 16:25:55,188 [ForkJoinPool.commonPool-worker-1] INFO  impl.RaftServerProxy (RaftServerProxy.java:lambda$close$4(314)) - 642b2e3c-6abd-4654-bcbb-2acff3cb613d: close
2019-08-23 16:25:55,188 [Thread-849] INFO  impl.RaftServerImpl (RaftServerImpl.java:lambda$shutdown$3(245)) - d7bb11cb-bbbf-47ac-a5c8-6e34020ccd89: shutdown group-ADD937669246
2019-08-23 16:25:55,188 [ForkJoinPool.commonPool-worker-1] INFO  impl.RaftServerImpl (RaftServerImpl.java:lambda$shutdown$3(245)) - 642b2e3c-6abd-4654-bcbb-2acff3cb613d: shutdown group-ADD937669246
2019-08-23 16:25:55,188 [Thread-849] INFO  util.JmxRegister (JmxRegister.java:unregister(73)) - Successfully un-registered JMX Bean with object name Ratis:service=RaftServer,group=group-ADD937669246,id=d7bb11cb-bbbf-47ac-a5c8-6e34020ccd89
2019-08-23 16:25:55,189 [ForkJoinPool.commonPool-worker-1] INFO  util.JmxRegister (JmxRegister.java:unregister(73)) - Successfully un-registered JMX Bean with object name Ratis:service=RaftServer,group=group-ADD937669246,id=642b2e3c-6abd-4654-bcbb-2acff3cb613d
2019-08-23 16:25:55,189 [ForkJoinPool.commonPool-worker-1] INFO  impl.RoleInfo (RoleInfo.java:shutdownFollowerState(121)) - 642b2e3c-6abd-4654-bcbb-2acff3cb613d: shutdown FollowerState
2019-08-23 16:25:55,189 [Thread-849] INFO  impl.RoleInfo (RoleInfo.java:shutdownFollowerState(121)) - d7bb11cb-bbbf-47ac-a5c8-6e34020ccd89: shutdown FollowerState
2019-08-23 16:25:55,190 [Thread-1039] INFO  impl.FollowerState (FollowerState.java:run(114)) - 642b2e3c-6abd-4654-bcbb-2acff3cb613d: FollowerState was interrupted: java.lang.InterruptedException: sleep interrupted
2019-08-23 16:25:55,190 [ForkJoinPool.commonPool-worker-1] INFO  impl.StateMachineUpdater (StateMachineUpdater.java:stopAndJoin(115)) - StateMachineUpdater:642b2e3c-6abd-4654-bcbb-2acff3cb613d:group-ADD937669246: set stopIndex = -1
2019-08-23 16:25:55,192 [Thread-1035] INFO  impl.FollowerState (FollowerState.java:run(114)) - d7bb11cb-bbbf-47ac-a5c8-6e34020ccd89: FollowerState was interrupted: java.lang.InterruptedException: sleep interrupted
2019-08-23 16:25:55,192 [Thread-849] INFO  impl.StateMachineUpdater (StateMachineUpdater.java:stopAndJoin(115)) - StateMachineUpdater:d7bb11cb-bbbf-47ac-a5c8-6e34020ccd89:group-ADD937669246: set stopIndex = -1
2019-08-23 16:25:55,195 [Thread-849] INFO  impl.RaftServerImpl (ServerState.java:close(394)) - d7bb11cb-bbbf-47ac-a5c8-6e34020ccd89:group-ADD937669246 closes. The last applied log index is -1
2019-08-23 16:25:55,194 [ForkJoinPool.commonPool-worker-1] INFO  impl.RaftServerImpl (ServerState.java:close(394)) - 642b2e3c-6abd-4654-bcbb-2acff3cb613d:group-ADD937669246 closes. The last applied log index is -1
2019-08-23 16:25:55,196 [d7bb11cb-bbbf-47ac-a5c8-6e34020ccd89-SegmentedRaftLogWorker:Storage Directory /workdir/hadoop-ozone/ozonefs/target/test-dir/MiniOzoneClusterImpl-d548ed9b-acf1-4888-8b24-e7058aaa43d2/datanode-1/data/ratis/79e52d43-e294-494e-bfcb-c3d253767ee0] INFO  segmented.SegmentedRaftLogWorker (SegmentedRaftLogWorker.java:execute(569)) - d7bb11cb-bbbf-47ac-a5c8-6e34020ccd89-SegmentedRaftLogWorker:Storage Directory /workdir/hadoop-ozone/ozonefs/target/test-dir/MiniOzoneClusterImpl-d548ed9b-acf1-4888-8b24-e7058aaa43d2/datanode-1/data/ratis/79e52d43-e294-494e-bfcb-c3d253767ee0: created new log segment /workdir/hadoop-ozone/ozonefs/target/test-dir/MiniOzoneClusterImpl-d548ed9b-acf1-4888-8b24-e7058aaa43d2/datanode-1/data/ratis/79e52d43-e294-494e-bfcb-c3d253767ee0/current/log_inprogress_0
2019-08-23 16:25:55,196 [642b2e3c-6abd-4654-bcbb-2acff3cb613d-SegmentedRaftLogWorker:Storage Directory /workdir/hadoop-ozone/ozonefs/target/test-dir/MiniOzoneClusterImpl-d548ed9b-acf1-4888-8b24-e7058aaa43d2/datanode-0/data/ratis/2eb885b5-8b60-4c5d-b578-add937669246] INFO  segmented.SegmentedRaftLogWorker (SegmentedRaftLogWorker.java:run(313)) - 642b2e3c-6abd-4654-bcbb-2acff3cb613d-SegmentedRaftLogWorker:Storage Directory /workdir/hadoop-ozone/ozonefs/target/test-dir/MiniOzoneClusterImpl-d548ed9b-acf1-4888-8b24-e7058aaa43d2/datanode-0/data/ratis/2eb885b5-8b60-4c5d-b578-add937669246 was interrupted, exiting. There are 0 tasks remaining in the queue.
2019-08-23 16:25:55,196 [d7bb11cb-bbbf-47ac-a5c8-6e34020ccd89-SegmentedRaftLogWorker:Storage Directory /workdir/hadoop-ozone/ozonefs/target/test-dir/MiniOzoneClusterImpl-d548ed9b-acf1-4888-8b24-e7058aaa43d2/datanode-1/data/ratis/2eb885b5-8b60-4c5d-b578-add937669246] INFO  segmented.SegmentedRaftLogWorker (SegmentedRaftLogWorker.java:run(313)) - d7bb11cb-bbbf-47ac-a5c8-6e34020ccd89-SegmentedRaftLogWorker:Storage Directory /workdir/hadoop-ozone/ozonefs/target/test-dir/MiniOzoneClusterImpl-d548ed9b-acf1-4888-8b24-e7058aaa43d2/datanode-1/data/ratis/2eb885b5-8b60-4c5d-b578-add937669246 was interrupted, exiting. There are 0 tasks remaining in the queue.
2019-08-23 16:25:55,196 [Thread-1032] INFO  impl.FollowerState (FollowerState.java:run(106)) - 5ea1fec6-19ab-4b7f-b3e9-d4f878a2e58a:group-8CFDD2828D50 changes to CANDIDATE, lastRpcTime:5128, electionTimeout:5128ms
2019-08-23 16:25:55,197 [Thread-849] INFO  segmented.SegmentedRaftLogWorker (SegmentedRaftLogWorker.java:close(228)) - d7bb11cb-bbbf-47ac-a5c8-6e34020ccd89-SegmentedRaftLogWorker:Storage Directory /workdir/hadoop-ozone/ozonefs/target/test-dir/MiniOzoneClusterImpl-d548ed9b-acf1-4888-8b24-e7058aaa43d2/datanode-1/data/ratis/2eb885b5-8b60-4c5d-b578-add937669246 close()
2019-08-23 16:25:55,196 [ForkJoinPool.commonPool-worker-1] INFO  segmented.SegmentedRaftLogWorker (SegmentedRaftLogWorker.java:close(228)) - 642b2e3c-6abd-4654-bcbb-2acff3cb613d-SegmentedRaftLogWorker:Storage Directory /workdir/hadoop-ozone/ozonefs/target/test-dir/MiniOzoneClusterImpl-d548ed9b-acf1-4888-8b24-e7058aaa43d2/datanode-0/data/ratis/2eb885b5-8b60-4c5d-b578-add937669246 close()
2019-08-23 16:25:55,200 [Thread-849] INFO  impl.RaftServerImpl (RaftServerImpl.java:lambda$shutdown$3(245)) - d7bb11cb-bbbf-47ac-a5c8-6e34020ccd89: shutdown group-C3D253767EE0
2019-08-23 16:25:55,197 [Thread-1032] INFO  impl.RoleInfo (RoleInfo.java:shutdownFollowerState(121)) - 5ea1fec6-19ab-4b7f-b3e9-d4f878a2e58a: shutdown FollowerState
2019-08-23 16:25:55,203 [Thread-849] INFO  util.JmxRegister (JmxRegister.java:unregister(73)) - Successfully un-registered JMX Bean with object name Ratis:service=RaftServer,group=group-C3D253767EE0,id=d7bb11cb-bbbf-47ac-a5c8-6e34020ccd89
2019-08-23 16:25:55,203 [Thread-849] INFO  impl.RoleInfo (RoleInfo.java:shutdownLeaderState(104)) - d7bb11cb-bbbf-47ac-a5c8-6e34020ccd89: shutdown LeaderState
2019-08-23 16:25:55,202 [ForkJoinPool.commonPool-worker-1] INFO  impl.RaftServerImpl (RaftServerImpl.java:lambda$shutdown$3(245)) - 642b2e3c-6abd-4654-bcbb-2acff3cb613d: shutdown group-49DD012F30AE
2019-08-23 16:25:55,203 [Thread-849] INFO  impl.PendingRequests (PendingRequests.java:sendNotLeaderResponses(202)) - d7bb11cb-bbbf-47ac-a5c8-6e34020ccd89-PendingRequests: sendNotLeaderResponses
2019-08-23 16:25:55,203 [Thread-1032] INFO  impl.RaftServerImpl (RaftServerImpl.java:setRole(171)) - 5ea1fec6-19ab-4b7f-b3e9-d4f878a2e58a:group-8CFDD2828D50 changes role from FOLLOWER to CANDIDATE at term 0 for changeToCandidate
2019-08-23 16:25:55,204 [Thread-849] INFO  impl.StateMachineUpdater (StateMachineUpdater.java:stopAndJoin(115)) - StateMachineUpdater:d7bb11cb-bbbf-47ac-a5c8-6e34020ccd89:group-C3D253767EE0: set stopIndex = -1
2019-08-23 16:25:55,206 [Thread-849] INFO  impl.RaftServerImpl (ServerState.java:close(394)) - d7bb11cb-bbbf-47ac-a5c8-6e34020ccd89:group-C3D253767EE0 closes. The last applied log index is -1
2019-08-23 16:25:55,204 [ForkJoinPool.commonPool-worker-1] INFO  util.JmxRegister (JmxRegister.java:unregister(73)) - Successfully un-registered JMX Bean with object name Ratis:service=RaftServer,group=group-49DD012F30AE,id=642b2e3c-6abd-4654-bcbb-2acff3cb613d
2019-08-23 16:25:55,208 [ForkJoinPool.commonPool-worker-1] INFO  impl.RoleInfo (RoleInfo.java:shutdownLeaderState(104)) - 642b2e3c-6abd-4654-bcbb-2acff3cb613d: shutdown LeaderState
2019-08-23 16:25:55,206 [Thread-1032] INFO  impl.RoleInfo (RoleInfo.java:updateAndGet(143)) - 5ea1fec6-19ab-4b7f-b3e9-d4f878a2e58a: start LeaderElection
2019-08-23 16:25:55,208 [ForkJoinPool.commonPool-worker-1] INFO  impl.PendingRequests (PendingRequests.java:sendNotLeaderResponses(202)) - 642b2e3c-6abd-4654-bcbb-2acff3cb613d-PendingRequests: sendNotLeaderResponses
2019-08-23 16:25:55,212 [ForkJoinPool.commonPool-worker-1] INFO  impl.StateMachineUpdater (StateMachineUpdater.java:stopAndJoin(115)) - StateMachineUpdater:642b2e3c-6abd-4654-bcbb-2acff3cb613d:group-49DD012F30AE: set stopIndex = 0
2019-08-23 16:25:55,214 [ForkJoinPool.commonPool-worker-1] INFO  impl.RaftServerImpl (ServerState.java:close(394)) - 642b2e3c-6abd-4654-bcbb-2acff3cb613d:group-49DD012F30AE closes. The last applied log index is 0
2019-08-23 16:25:55,214 [642b2e3c-6abd-4654-bcbb-2acff3cb613d-SegmentedRaftLogWorker:Storage Directory /workdir/hadoop-ozone/ozonefs/target/test-dir/MiniOzoneClusterImpl-d548ed9b-acf1-4888-8b24-e7058aaa43d2/datanode-0/data/ratis/d7f674a1-485d-422a-a01a-49dd012f30ae] INFO  segmented.SegmentedRaftLogWorker (SegmentedRaftLogWorker.java:run(313)) - 642b2e3c-6abd-4654-bcbb-2acff3cb613d-SegmentedRaftLogWorker:Storage Directory /workdir/hadoop-ozone/ozonefs/target/test-dir/MiniOzoneClusterImpl-d548ed9b-acf1-4888-8b24-e7058aaa43d2/datanode-0/data/ratis/d7f674a1-485d-422a-a01a-49dd012f30ae was interrupted, exiting. There are 0 tasks remaining in the queue.
2019-08-23 16:25:55,216 [ForkJoinPool.commonPool-worker-1] INFO  segmented.SegmentedRaftLogWorker (SegmentedRaftLogWorker.java:close(228)) - 642b2e3c-6abd-4654-bcbb-2acff3cb613d-SegmentedRaftLogWorker:Storage Directory /workdir/hadoop-ozone/ozonefs/target/test-dir/MiniOzoneClusterImpl-d548ed9b-acf1-4888-8b24-e7058aaa43d2/datanode-0/data/ratis/d7f674a1-485d-422a-a01a-49dd012f30ae close()
2019-08-23 16:25:55,219 [ForkJoinPool.commonPool-worker-1] INFO  server.GrpcService (GrpcService.java:closeImpl(155)) - 642b2e3c-6abd-4654-bcbb-2acff3cb613d: shutdown server with port 37482 now
2019-08-23 16:25:55,219 [Thread-1040] INFO  impl.FollowerState (FollowerState.java:run(106)) - 5ea1fec6-19ab-4b7f-b3e9-d4f878a2e58a:group-ADD937669246 changes to CANDIDATE, lastRpcTime:5084, electionTimeout:5084ms
2019-08-23 16:25:55,219 [ForkJoinPool.commonPool-worker-1] INFO  server.GrpcService (GrpcService.java:closeImpl(163)) - 642b2e3c-6abd-4654-bcbb-2acff3cb613d: shutdown server with port 37482 successfully
2019-08-23 16:25:55,219 [Thread-1040] INFO  impl.RoleInfo (RoleInfo.java:shutdownFollowerState(121)) - 5ea1fec6-19ab-4b7f-b3e9-d4f878a2e58a: shutdown FollowerState
2019-08-23 16:25:55,220 [Thread-1040] INFO  impl.RaftServerImpl (RaftServerImpl.java:setRole(171)) - 5ea1fec6-19ab-4b7f-b3e9-d4f878a2e58a:group-ADD937669246 changes role from FOLLOWER to CANDIDATE at term 0 for changeToCandidate
2019-08-23 16:25:55,220 [Thread-1040] INFO  impl.RoleInfo (RoleInfo.java:updateAndGet(143)) - 5ea1fec6-19ab-4b7f-b3e9-d4f878a2e58a: start LeaderElection
2019-08-23 16:25:55,228 [ForkJoinPool.commonPool-worker-1] INFO  utils.BackgroundService (BackgroundService.java:shutdown(148)) - Shutting down service BlockDeletingService
2019-08-23 16:25:55,230 [refreshUsed-/workdir/hadoop-ozone/ozonefs/target/test-dir/MiniOzoneClusterImpl-d548ed9b-acf1-4888-8b24-e7058aaa43d2/datanode-0/data/containers] WARN  fs.CachingGetSpaceUsed (CachingGetSpaceUsed.java:run(183)) - Thread Interrupted waiting to refresh disk information: sleep interrupted
2019-08-23 16:25:55,233 [d7bb11cb-bbbf-47ac-a5c8-6e34020ccd89-SegmentedRaftLogWorker:Storage Directory /workdir/hadoop-ozone/ozonefs/target/test-dir/MiniOzoneClusterImpl-d548ed9b-acf1-4888-8b24-e7058aaa43d2/datanode-1/data/ratis/79e52d43-e294-494e-bfcb-c3d253767ee0] INFO  segmented.SegmentedRaftLogWorker (SegmentedRaftLogWorker.java:run(320)) - d7bb11cb-bbbf-47ac-a5c8-6e34020ccd89-SegmentedRaftLogWorker:Storage Directory /workdir/hadoop-ozone/ozonefs/target/test-dir/MiniOzoneClusterImpl-d548ed9b-acf1-4888-8b24-e7058aaa43d2/datanode-1/data/ratis/79e52d43-e294-494e-bfcb-c3d253767ee0 got closed and hit exception
java.lang.NullPointerException
	at org.apache.hadoop.hdds.protocol.proto.StorageContainerDatanodeProtocolProtos$ClosePipelineInfo$Builder.setDetailedReason(StorageContainerDatanodeProtocolProtos.java:19487)
	at org.apache.hadoop.ozone.container.common.transport.server.ratis.XceiverServerRatis.triggerPipelineClose(XceiverServerRatis.java:550)
	at org.apache.hadoop.ozone.container.common.transport.server.ratis.XceiverServerRatis.handleNodeLogFailure(XceiverServerRatis.java:654)
	at org.apache.hadoop.ozone.container.common.transport.server.ratis.ContainerStateMachine.notifyLogFailed(ContainerStateMachine.java:772)
	at org.apache.ratis.server.raftlog.segmented.SegmentedRaftLogWorker$WriteLog.failed(SegmentedRaftLogWorker.java:455)
	at org.apache.ratis.server.raftlog.segmented.SegmentedRaftLogWorker.run(SegmentedRaftLogWorker.java:297)
	at java.lang.Thread.run(Thread.java:748)
2019-08-23 16:25:55,233 [Thread-849] INFO  segmented.SegmentedRaftLogWorker (SegmentedRaftLogWorker.java:close(228)) - d7bb11cb-bbbf-47ac-a5c8-6e34020ccd89-SegmentedRaftLogWorker:Storage Directory /workdir/hadoop-ozone/ozonefs/target/test-dir/MiniOzoneClusterImpl-d548ed9b-acf1-4888-8b24-e7058aaa43d2/datanode-1/data/ratis/79e52d43-e294-494e-bfcb-c3d253767ee0 close()
2019-08-23 16:25:55,236 [Thread-849] INFO  server.GrpcService (GrpcService.java:closeImpl(155)) - d7bb11cb-bbbf-47ac-a5c8-6e34020ccd89: shutdown server with port 34210 now
2019-08-23 16:25:55,236 [Thread-849] INFO  server.GrpcService (GrpcService.java:closeImpl(163)) - d7bb11cb-bbbf-47ac-a5c8-6e34020ccd89: shutdown server with port 34210 successfully
2019-08-23 16:25:55,239 [5ea1fec6-19ab-4b7f-b3e9-d4f878a2e58a:group-8CFDD2828D50:LeaderElection20] INFO  impl.LeaderElection (LeaderElection.java:askForVotes(181)) - 5ea1fec6-19ab-4b7f-b3e9-d4f878a2e58a:group-8CFDD2828D50:LeaderElection20: begin an election at term 1 for -1: [5ea1fec6-19ab-4b7f-b3e9-d4f878a2e58a:192.168.5.135:42612], old=null
2019-08-23 16:25:55,239 [5ea1fec6-19ab-4b7f-b3e9-d4f878a2e58a:group-ADD937669246:LeaderElection21] INFO  impl.LeaderElection (LeaderElection.java:askForVotes(181)) - 5ea1fec6-19ab-4b7f-b3e9-d4f878a2e58a:group-ADD937669246:LeaderElection21: begin an election at term 1 for -1: [d7bb11cb-bbbf-47ac-a5c8-6e34020ccd89:192.168.5.135:34210, 642b2e3c-6abd-4654-bcbb-2acff3cb613d:192.168.5.135:37482, 5ea1fec6-19ab-4b7f-b3e9-d4f878a2e58a:192.168.5.135:42612], old=null
2019-08-23 16:25:55,241 [5ea1fec6-19ab-4b7f-b3e9-d4f878a2e58a:group-8CFDD2828D50:LeaderElection20] INFO  impl.RoleInfo (RoleInfo.java:shutdownLeaderElection(134)) - 5ea1fec6-19ab-4b7f-b3e9-d4f878a2e58a: shutdown LeaderElection
2019-08-23 16:25:55,239 [Thread-849] INFO  utils.BackgroundService (BackgroundService.java:shutdown(148)) - Shutting down service BlockDeletingService
2019-08-23 16:25:55,242 [5ea1fec6-19ab-4b7f-b3e9-d4f878a2e58a:group-8CFDD2828D50:LeaderElection20] INFO  impl.RaftServerImpl (RaftServerImpl.java:setRole(171)) - 5ea1fec6-19ab-4b7f-b3e9-d4f878a2e58a:group-8CFDD2828D50 changes role from CANDIDATE to LEADER at term 1 for changeToLeader
2019-08-23 16:25:55,242 [5ea1fec6-19ab-4b7f-b3e9-d4f878a2e58a:group-8CFDD2828D50:LeaderElection20] INFO  impl.RaftServerImpl (ServerState.java:setLeader(263)) - 5ea1fec6-19ab-4b7f-b3e9-d4f878a2e58a:group-8CFDD2828D50 change Leader from null to 5ea1fec6-19ab-4b7f-b3e9-d4f878a2e58a at term 1 for becomeLeader, leader elected after 5180ms
2019-08-23 16:25:55,243 [5ea1fec6-19ab-4b7f-b3e9-d4f878a2e58a:group-8CFDD2828D50:LeaderElection20] INFO  server.RaftServerConfigKeys (ConfUtils.java:logGet(43)) - raft.server.staging.catchup.gap = 1000 (default)
2019-08-23 16:25:55,243 [5ea1fec6-19ab-4b7f-b3e9-d4f878a2e58a:group-8CFDD2828D50:LeaderElection20] INFO  server.RaftServerConfigKeys (ConfUtils.java:logGet(43)) - raft.server.rpc.sleep.time = 25ms (default)
2019-08-23 16:25:55,243 [refreshUsed-/workdir/hadoop-ozone/ozonefs/target/test-dir/MiniOzoneClusterImpl-d548ed9b-acf1-4888-8b24-e7058aaa43d2/datanode-1/data/containers] WARN  fs.CachingGetSpaceUsed (CachingGetSpaceUsed.java:run(183)) - Thread Interrupted waiting to refresh disk information: sleep interrupted
2019-08-23 16:25:55,243 [5ea1fec6-19ab-4b7f-b3e9-d4f878a2e58a:group-8CFDD2828D50:LeaderElection20] INFO  server.RaftServerConfigKeys (ConfUtils.java:logGet(43)) - raft.server.write.element-limit = 4096 (default)
2019-08-23 16:25:55,245 [5ea1fec6-19ab-4b7f-b3e9-d4f878a2e58a:group-8CFDD2828D50:LeaderElection20] INFO  server.RaftServerConfigKeys (ConfUtils.java:logGet(43)) - raft.server.watch.timeout = 10s (default)
2019-08-23 16:25:55,245 [5ea1fec6-19ab-4b7f-b3e9-d4f878a2e58a:group-8CFDD2828D50:LeaderElection20] INFO  server.RaftServerConfigKeys (ConfUtils.java:logGet(43)) - raft.server.watch.timeout.denomination = 1s (default)
2019-08-23 16:25:55,245 [5ea1fec6-19ab-4b7f-b3e9-d4f878a2e58a:group-8CFDD2828D50:LeaderElection20] INFO  server.RaftServerConfigKeys (ConfUtils.java:logGet(43)) - raft.server.watch.element-limit = 65536 (default)
2019-08-23 16:25:55,245 [5ea1fec6-19ab-4b7f-b3e9-d4f878a2e58a:group-8CFDD2828D50:LeaderElection20] INFO  impl.RoleInfo (RoleInfo.java:updateAndGet(143)) - 5ea1fec6-19ab-4b7f-b3e9-d4f878a2e58a: start LeaderState
2019-08-23 16:25:55,246 [5ea1fec6-19ab-4b7f-b3e9-d4f878a2e58a:group-8CFDD2828D50:LeaderElection20] INFO  segmented.SegmentedRaftLogWorker (SegmentedRaftLogWorker.java:startLogSegment(380)) - 5ea1fec6-19ab-4b7f-b3e9-d4f878a2e58a-SegmentedRaftLogWorker:Storage Directory /workdir/hadoop-ozone/ozonefs/target/test-dir/MiniOzoneClusterImpl-d548ed9b-acf1-4888-8b24-e7058aaa43d2/datanode-2/data/ratis/b48fe493-22c8-4bf6-acf5-8cfdd2828d50: Starting segment from index:0
2019-08-23 16:25:55,246 [5ea1fec6-19ab-4b7f-b3e9-d4f878a2e58a:group-8CFDD2828D50:LeaderElection20] INFO  impl.RaftServerImpl (ServerState.java:setRaftConf(361)) - 5ea1fec6-19ab-4b7f-b3e9-d4f878a2e58a:group-8CFDD2828D50 set configuration 0: [5ea1fec6-19ab-4b7f-b3e9-d4f878a2e58a:192.168.5.135:42612], old=null at 0
2019-08-23 16:25:55,287 [5ea1fec6-19ab-4b7f-b3e9-d4f878a2e58a:group-ADD937669246:LeaderElection21] INFO  impl.LeaderElection (LogUtils.java:infoOrTrace(149)) - 5ea1fec6-19ab-4b7f-b3e9-d4f878a2e58a:group-ADD937669246:LeaderElection21 got exception when requesting votes: {}
java.util.concurrent.ExecutionException: org.apache.ratis.thirdparty.io.grpc.StatusRuntimeException: UNAVAILABLE: io exception
	at java.util.concurrent.FutureTask.report(FutureTask.java:122)
	at java.util.concurrent.FutureTask.get(FutureTask.java:192)
	at org.apache.ratis.server.impl.LeaderElection.waitForResults(LeaderElection.java:262)
	at org.apache.ratis.server.impl.LeaderElection.askForVotes(LeaderElection.java:200)
	at org.apache.ratis.server.impl.LeaderElection.run(LeaderElection.java:130)
	at java.lang.Thread.run(Thread.java:748)
Caused by: org.apache.ratis.thirdparty.io.grpc.StatusRuntimeException: UNAVAILABLE: io exception
	at org.apache.ratis.thirdparty.io.grpc.stub.ClientCalls.toStatusRuntimeException(ClientCalls.java:233)
	at org.apache.ratis.thirdparty.io.grpc.stub.ClientCalls.getUnchecked(ClientCalls.java:214)
	at org.apache.ratis.thirdparty.io.grpc.stub.ClientCalls.blockingUnaryCall(ClientCalls.java:139)
	at org.apache.ratis.proto.grpc.RaftServerProtocolServiceGrpc$RaftServerProtocolServiceBlockingStub.requestVote(RaftServerProtocolServiceGrpc.java:265)
	at org.apache.ratis.grpc.server.GrpcServerProtocolClient.requestVote(GrpcServerProtocolClient.java:83)
	at org.apache.ratis.grpc.server.GrpcService.requestVote(GrpcService.java:195)
	at org.apache.ratis.server.impl.LeaderElection.lambda$submitRequests$1(LeaderElection.java:237)
	at java.util.concurrent.FutureTask.run(FutureTask.java:266)
	at java.util.concurrent.Executors$RunnableAdapter.call(Executors.java:511)
	at java.util.concurrent.FutureTask.run(FutureTask.java:266)
	at java.util.concurrent.ThreadPoolExecutor.runWorker(ThreadPoolExecutor.java:1149)
	at java.util.concurrent.ThreadPoolExecutor$Worker.run(ThreadPoolExecutor.java:624)
	... 1 more
Caused by: org.apache.ratis.thirdparty.io.netty.channel.AbstractChannel$AnnotatedConnectException: Connection refused: /192.168.5.135:37482
	at sun.nio.ch.SocketChannelImpl.checkConnect(Native Method)
	at sun.nio.ch.SocketChannelImpl.finishConnect(SocketChannelImpl.java:717)
	at org.apache.ratis.thirdparty.io.netty.channel.socket.nio.NioSocketChannel.doFinishConnect(NioSocketChannel.java:327)
	at org.apache.ratis.thirdparty.io.netty.channel.nio.AbstractNioChannel$AbstractNioUnsafe.finishConnect(AbstractNioChannel.java:340)
	at org.apache.ratis.thirdparty.io.netty.channel.nio.NioEventLoop.processSelectedKey(NioEventLoop.java:632)
	at org.apache.ratis.thirdparty.io.netty.channel.nio.NioEventLoop.processSelectedKeysOptimized(NioEventLoop.java:579)
	at org.apache.ratis.thirdparty.io.netty.channel.nio.NioEventLoop.processSelectedKeys(NioEventLoop.java:496)
	at org.apache.ratis.thirdparty.io.netty.channel.nio.NioEventLoop.run(NioEventLoop.java:458)
	at org.apache.ratis.thirdparty.io.netty.util.concurrent.SingleThreadEventExecutor$5.run(SingleThreadEventExecutor.java:897)
	at org.apache.ratis.thirdparty.io.netty.util.concurrent.FastThreadLocalRunnable.run(FastThreadLocalRunnable.java:30)
	... 1 more
Caused by: java.net.ConnectException: Connection refused
	... 11 more
2019-08-23 16:25:55,288 [5ea1fec6-19ab-4b7f-b3e9-d4f878a2e58a:group-ADD937669246:LeaderElection21] INFO  impl.LeaderElection (LogUtils.java:infoOrTrace(149)) - 5ea1fec6-19ab-4b7f-b3e9-d4f878a2e58a:group-ADD937669246:LeaderElection21 got exception when requesting votes: {}
java.util.concurrent.ExecutionException: org.apache.ratis.thirdparty.io.grpc.StatusRuntimeException: UNAVAILABLE: io exception
	at java.util.concurrent.FutureTask.report(FutureTask.java:122)
	at java.util.concurrent.FutureTask.get(FutureTask.java:192)
	at org.apache.ratis.server.impl.LeaderElection.waitForResults(LeaderElection.java:262)
	at org.apache.ratis.server.impl.LeaderElection.askForVotes(LeaderElection.java:200)
	at org.apache.ratis.server.impl.LeaderElection.run(LeaderElection.java:130)
	at java.lang.Thread.run(Thread.java:748)
Caused by: org.apache.ratis.thirdparty.io.grpc.StatusRuntimeException: UNAVAILABLE: io exception
	at org.apache.ratis.thirdparty.io.grpc.stub.ClientCalls.toStatusRuntimeException(ClientCalls.java:233)
	at org.apache.ratis.thirdparty.io.grpc.stub.ClientCalls.getUnchecked(ClientCalls.java:214)
	at org.apache.ratis.thirdparty.io.grpc.stub.ClientCalls.blockingUnaryCall(ClientCalls.java:139)
	at org.apache.ratis.proto.grpc.RaftServerProtocolServiceGrpc$RaftServerProtocolServiceBlockingStub.requestVote(RaftServerProtocolServiceGrpc.java:265)
	at org.apache.ratis.grpc.server.GrpcServerProtocolClient.requestVote(GrpcServerProtocolClient.java:83)
	at org.apache.ratis.grpc.server.GrpcService.requestVote(GrpcService.java:195)
	at org.apache.ratis.server.impl.LeaderElection.lambda$submitRequests$1(LeaderElection.java:237)
	at java.util.concurrent.FutureTask.run(FutureTask.java:266)
	at java.util.concurrent.Executors$RunnableAdapter.call(Executors.java:511)
	at java.util.concurrent.FutureTask.run(FutureTask.java:266)
	at java.util.concurrent.ThreadPoolExecutor.runWorker(ThreadPoolExecutor.java:1149)
	at java.util.concurrent.ThreadPoolExecutor$Worker.run(ThreadPoolExecutor.java:624)
	... 1 more
Caused by: org.apache.ratis.thirdparty.io.netty.channel.AbstractChannel$AnnotatedConnectException: Connection refused: /192.168.5.135:34210
	at sun.nio.ch.SocketChannelImpl.checkConnect(Native Method)
	at sun.nio.ch.SocketChannelImpl.finishConnect(SocketChannelImpl.java:717)
	at org.apache.ratis.thirdparty.io.netty.channel.socket.nio.NioSocketChannel.doFinishConnect(NioSocketChannel.java:327)
	at org.apache.ratis.thirdparty.io.netty.channel.nio.AbstractNioChannel$AbstractNioUnsafe.finishConnect(AbstractNioChannel.java:340)
	at org.apache.ratis.thirdparty.io.netty.channel.nio.NioEventLoop.processSelectedKey(NioEventLoop.java:632)
	at org.apache.ratis.thirdparty.io.netty.channel.nio.NioEventLoop.processSelectedKeysOptimized(NioEventLoop.java:579)
	at org.apache.ratis.thirdparty.io.netty.channel.nio.NioEventLoop.processSelectedKeys(NioEventLoop.java:496)
	at org.apache.ratis.thirdparty.io.netty.channel.nio.NioEventLoop.run(NioEventLoop.java:458)
	at org.apache.ratis.thirdparty.io.netty.util.concurrent.SingleThreadEventExecutor$5.run(SingleThreadEventExecutor.java:897)
	at org.apache.ratis.thirdparty.io.netty.util.concurrent.FastThreadLocalRunnable.run(FastThreadLocalRunnable.java:30)
	... 1 more
Caused by: java.net.ConnectException: Connection refused
	... 11 more
2019-08-23 16:25:55,290 [5ea1fec6-19ab-4b7f-b3e9-d4f878a2e58a:group-ADD937669246:LeaderElection21] INFO  impl.LeaderElection (LeaderElection.java:logAndReturn(56)) - 5ea1fec6-19ab-4b7f-b3e9-d4f878a2e58a:group-ADD937669246:LeaderElection21: Election REJECTED; received 0 response(s) [] and 2 exception(s); 5ea1fec6-19ab-4b7f-b3e9-d4f878a2e58a:t1, leader=null, voted=5ea1fec6-19ab-4b7f-b3e9-d4f878a2e58a, raftlog=5ea1fec6-19ab-4b7f-b3e9-d4f878a2e58a-SegmentedRaftLog:OPENED:c-1,f-1,i0, conf=-1: [d7bb11cb-bbbf-47ac-a5c8-6e34020ccd89:192.168.5.135:34210, 642b2e3c-6abd-4654-bcbb-2acff3cb613d:192.168.5.135:37482, 5ea1fec6-19ab-4b7f-b3e9-d4f878a2e58a:192.168.5.135:42612], old=null
2019-08-23 16:25:55,290 [5ea1fec6-19ab-4b7f-b3e9-d4f878a2e58a:group-ADD937669246:LeaderElection21] INFO  impl.LeaderElection (LogUtils.java:infoOrTrace(149)) -   Exception 0: {}
java.util.concurrent.ExecutionException: org.apache.ratis.thirdparty.io.grpc.StatusRuntimeException: UNAVAILABLE: io exception
	at java.util.concurrent.FutureTask.report(FutureTask.java:122)
	at java.util.concurrent.FutureTask.get(FutureTask.java:192)
	at org.apache.ratis.server.impl.LeaderElection.waitForResults(LeaderElection.java:262)
	at org.apache.ratis.server.impl.LeaderElection.askForVotes(LeaderElection.java:200)
	at org.apache.ratis.server.impl.LeaderElection.run(LeaderElection.java:130)
	at java.lang.Thread.run(Thread.java:748)
Caused by: org.apache.ratis.thirdparty.io.grpc.StatusRuntimeException: UNAVAILABLE: io exception
	at org.apache.ratis.thirdparty.io.grpc.stub.ClientCalls.toStatusRuntimeException(ClientCalls.java:233)
	at org.apache.ratis.thirdparty.io.grpc.stub.ClientCalls.getUnchecked(ClientCalls.java:214)
	at org.apache.ratis.thirdparty.io.grpc.stub.ClientCalls.blockingUnaryCall(ClientCalls.java:139)
	at org.apache.ratis.proto.grpc.RaftServerProtocolServiceGrpc$RaftServerProtocolServiceBlockingStub.requestVote(RaftServerProtocolServiceGrpc.java:265)
	at org.apache.ratis.grpc.server.GrpcServerProtocolClient.requestVote(GrpcServerProtocolClient.java:83)
	at org.apache.ratis.grpc.server.GrpcService.requestVote(GrpcService.java:195)
	at org.apache.ratis.server.impl.LeaderElection.lambda$submitRequests$1(LeaderElection.java:237)
	at java.util.concurrent.FutureTask.run(FutureTask.java:266)
	at java.util.concurrent.Executors$RunnableAdapter.call(Executors.java:511)
	at java.util.concurrent.FutureTask.run(FutureTask.java:266)
	at java.util.concurrent.ThreadPoolExecutor.runWorker(ThreadPoolExecutor.java:1149)
	at java.util.concurrent.ThreadPoolExecutor$Worker.run(ThreadPoolExecutor.java:624)
	... 1 more
Caused by: org.apache.ratis.thirdparty.io.netty.channel.AbstractChannel$AnnotatedConnectException: Connection refused: /192.168.5.135:37482
	at sun.nio.ch.SocketChannelImpl.checkConnect(Native Method)
	at sun.nio.ch.SocketChannelImpl.finishConnect(SocketChannelImpl.java:717)
	at org.apache.ratis.thirdparty.io.netty.channel.socket.nio.NioSocketChannel.doFinishConnect(NioSocketChannel.java:327)
	at org.apache.ratis.thirdparty.io.netty.channel.nio.AbstractNioChannel$AbstractNioUnsafe.finishConnect(AbstractNioChannel.java:340)
	at org.apache.ratis.thirdparty.io.netty.channel.nio.NioEventLoop.processSelectedKey(NioEventLoop.java:632)
	at org.apache.ratis.thirdparty.io.netty.channel.nio.NioEventLoop.processSelectedKeysOptimized(NioEventLoop.java:579)
	at org.apache.ratis.thirdparty.io.netty.channel.nio.NioEventLoop.processSelectedKeys(NioEventLoop.java:496)
	at org.apache.ratis.thirdparty.io.netty.channel.nio.NioEventLoop.run(NioEventLoop.java:458)
	at org.apache.ratis.thirdparty.io.netty.util.concurrent.SingleThreadEventExecutor$5.run(SingleThreadEventExecutor.java:897)
	at org.apache.ratis.thirdparty.io.netty.util.concurrent.FastThreadLocalRunnable.run(FastThreadLocalRunnable.java:30)
	... 1 more
Caused by: java.net.ConnectException: Connection refused
	... 11 more
2019-08-23 16:25:55,290 [5ea1fec6-19ab-4b7f-b3e9-d4f878a2e58a:group-ADD937669246:LeaderElection21] INFO  impl.LeaderElection (LogUtils.java:infoOrTrace(149)) -   Exception 1: {}
java.util.concurrent.ExecutionException: org.apache.ratis.thirdparty.io.grpc.StatusRuntimeException: UNAVAILABLE: io exception
	at java.util.concurrent.FutureTask.report(FutureTask.java:122)
	at java.util.concurrent.FutureTask.get(FutureTask.java:192)
	at org.apache.ratis.server.impl.LeaderElection.waitForResults(LeaderElection.java:262)
	at org.apache.ratis.server.impl.LeaderElection.askForVotes(LeaderElection.java:200)
	at org.apache.ratis.server.impl.LeaderElection.run(LeaderElection.java:130)
	at java.lang.Thread.run(Thread.java:748)
Caused by: org.apache.ratis.thirdparty.io.grpc.StatusRuntimeException: UNAVAILABLE: io exception
	at org.apache.ratis.thirdparty.io.grpc.stub.ClientCalls.toStatusRuntimeException(ClientCalls.java:233)
	at org.apache.ratis.thirdparty.io.grpc.stub.ClientCalls.getUnchecked(ClientCalls.java:214)
	at org.apache.ratis.thirdparty.io.grpc.stub.ClientCalls.blockingUnaryCall(ClientCalls.java:139)
	at org.apache.ratis.proto.grpc.RaftServerProtocolServiceGrpc$RaftServerProtocolServiceBlockingStub.requestVote(RaftServerProtocolServiceGrpc.java:265)
	at org.apache.ratis.grpc.server.GrpcServerProtocolClient.requestVote(GrpcServerProtocolClient.java:83)
	at org.apache.ratis.grpc.server.GrpcService.requestVote(GrpcService.java:195)
	at org.apache.ratis.server.impl.LeaderElection.lambda$submitRequests$1(LeaderElection.java:237)
	at java.util.concurrent.FutureTask.run(FutureTask.java:266)
	at java.util.concurrent.Executors$RunnableAdapter.call(Executors.java:511)
	at java.util.concurrent.FutureTask.run(FutureTask.java:266)
	at java.util.concurrent.ThreadPoolExecutor.runWorker(ThreadPoolExecutor.java:1149)
	at java.util.concurrent.ThreadPoolExecutor$Worker.run(ThreadPoolExecutor.java:624)
	... 1 more
Caused by: org.apache.ratis.thirdparty.io.netty.channel.AbstractChannel$AnnotatedConnectException: Connection refused: /192.168.5.135:34210
	at sun.nio.ch.SocketChannelImpl.checkConnect(Native Method)
	at sun.nio.ch.SocketChannelImpl.finishConnect(SocketChannelImpl.java:717)
	at org.apache.ratis.thirdparty.io.netty.channel.socket.nio.NioSocketChannel.doFinishConnect(NioSocketChannel.java:327)
	at org.apache.ratis.thirdparty.io.netty.channel.nio.AbstractNioChannel$AbstractNioUnsafe.finishConnect(AbstractNioChannel.java:340)
	at org.apache.ratis.thirdparty.io.netty.channel.nio.NioEventLoop.processSelectedKey(NioEventLoop.java:632)
	at org.apache.ratis.thirdparty.io.netty.channel.nio.NioEventLoop.processSelectedKeysOptimized(NioEventLoop.java:579)
	at org.apache.ratis.thirdparty.io.netty.channel.nio.NioEventLoop.processSelectedKeys(NioEventLoop.java:496)
	at org.apache.ratis.thirdparty.io.netty.channel.nio.NioEventLoop.run(NioEventLoop.java:458)
	at org.apache.ratis.thirdparty.io.netty.util.concurrent.SingleThreadEventExecutor$5.run(SingleThreadEventExecutor.java:897)
	at org.apache.ratis.thirdparty.io.netty.util.concurrent.FastThreadLocalRunnable.run(FastThreadLocalRunnable.java:30)
	... 1 more
Caused by: java.net.ConnectException: Connection refused
	... 11 more
2019-08-23 16:25:55,291 [5ea1fec6-19ab-4b7f-b3e9-d4f878a2e58a:group-ADD937669246:LeaderElection21] INFO  impl.RaftServerImpl (RaftServerImpl.java:setRole(171)) - 5ea1fec6-19ab-4b7f-b3e9-d4f878a2e58a:group-ADD937669246 changes role from CANDIDATE to FOLLOWER at term 1 for DISCOVERED_A_NEW_TERM
2019-08-23 16:25:55,291 [5ea1fec6-19ab-4b7f-b3e9-d4f878a2e58a:group-ADD937669246:LeaderElection21] INFO  impl.RoleInfo (RoleInfo.java:shutdownLeaderElection(134)) - 5ea1fec6-19ab-4b7f-b3e9-d4f878a2e58a: shutdown LeaderElection
2019-08-23 16:25:55,291 [5ea1fec6-19ab-4b7f-b3e9-d4f878a2e58a:group-ADD937669246:LeaderElection21] INFO  impl.RoleInfo (RoleInfo.java:updateAndGet(143)) - 5ea1fec6-19ab-4b7f-b3e9-d4f878a2e58a: start FollowerState
2019-08-23 16:25:55,298 [5ea1fec6-19ab-4b7f-b3e9-d4f878a2e58a-SegmentedRaftLogWorker:Storage Directory /workdir/hadoop-ozone/ozonefs/target/test-dir/MiniOzoneClusterImpl-d548ed9b-acf1-4888-8b24-e7058aaa43d2/datanode-2/data/ratis/b48fe493-22c8-4bf6-acf5-8cfdd2828d50] INFO  segmented.SegmentedRaftLogWorker (SegmentedRaftLogWorker.java:execute(569)) - 5ea1fec6-19ab-4b7f-b3e9-d4f878a2e58a-SegmentedRaftLogWorker:Storage Directory /workdir/hadoop-ozone/ozonefs/target/test-dir/MiniOzoneClusterImpl-d548ed9b-acf1-4888-8b24-e7058aaa43d2/datanode-2/data/ratis/b48fe493-22c8-4bf6-acf5-8cfdd2828d50: created new log segment /workdir/hadoop-ozone/ozonefs/target/test-dir/MiniOzoneClusterImpl-d548ed9b-acf1-4888-8b24-e7058aaa43d2/datanode-2/data/ratis/b48fe493-22c8-4bf6-acf5-8cfdd2828d50/current/log_inprogress_0
2019-08-23 16:25:55,310 [ForkJoinPool.commonPool-worker-1] INFO  statemachine.DatanodeStateMachine (DatanodeStateMachine.java:stopDaemon(395)) - Ozone container server stopped.
2019-08-23 16:25:55,315 [ForkJoinPool.commonPool-worker-1] INFO  handler.ContextHandler (ContextHandler.java:doStop(910)) - Stopped o.e.j.w.WebAppContext@769956e1{/,null,UNAVAILABLE}{/hddsDatanode}
2019-08-23 16:25:55,315 [ForkJoinPool.commonPool-worker-1] INFO  server.AbstractConnector (AbstractConnector.java:doStop(318)) - Stopped ServerConnector@6c5de4e1{HTTP/1.1,[http/1.1]}{0.0.0.0:0}
2019-08-23 16:25:55,317 [ForkJoinPool.commonPool-worker-1] INFO  handler.ContextHandler (ContextHandler.java:doStop(910)) - Stopped o.e.j.s.ServletContextHandler@5b365f7c{/static,jar:file:/home/user/.m2/repository/org/apache/hadoop/hadoop-hdds-container-service/0.5.0-SNAPSHOT/hadoop-hdds-container-service-0.5.0-SNAPSHOT.jar!/webapps/static,UNAVAILABLE}
2019-08-23 16:25:55,319 [ForkJoinPool.commonPool-worker-1] INFO  handler.ContextHandler (ContextHandler.java:doStop(910)) - Stopped o.e.j.s.ServletContextHandler@1b83b6e0{/logs,file:///workdir/hadoop-ozone/ozonefs/target/log,UNAVAILABLE}
2019-08-23 16:25:55,324 [Thread-849] INFO  statemachine.DatanodeStateMachine (DatanodeStateMachine.java:stopDaemon(395)) - Ozone container server stopped.
2019-08-23 16:25:55,325 [Thread-849] INFO  handler.ContextHandler (ContextHandler.java:doStop(910)) - Stopped o.e.j.w.WebAppContext@5ce792d2{/,null,UNAVAILABLE}{/hddsDatanode}
2019-08-23 16:25:55,325 [Thread-849] INFO  server.AbstractConnector (AbstractConnector.java:doStop(318)) - Stopped ServerConnector@1790deee{HTTP/1.1,[http/1.1]}{0.0.0.0:0}
2019-08-23 16:25:55,326 [Thread-849] INFO  handler.ContextHandler (ContextHandler.java:doStop(910)) - Stopped o.e.j.s.ServletContextHandler@a88b217{/static,jar:file:/home/user/.m2/repository/org/apache/hadoop/hadoop-hdds-container-service/0.5.0-SNAPSHOT/hadoop-hdds-container-service-0.5.0-SNAPSHOT.jar!/webapps/static,UNAVAILABLE}
2019-08-23 16:25:55,326 [Thread-849] INFO  handler.ContextHandler (ContextHandler.java:doStop(910)) - Stopped o.e.j.s.ServletContextHandler@4fb0f33f{/logs,file:///workdir/hadoop-ozone/ozonefs/target/log,UNAVAILABLE}
2019-08-23 16:25:55,970 [Datanode State Machine Thread - 0] INFO  statemachine.DatanodeStateMachine (DatanodeStateMachine.java:lambda$startDaemon$0(350)) - Ozone container server started.
2019-08-23 16:26:00,320 [ForkJoinPool.commonPool-worker-1] INFO  ozoneimpl.OzoneContainer (OzoneContainer.java:stop(199)) - Attempting to stop container services.
2019-08-23 16:26:00,321 [ForkJoinPool.commonPool-worker-1] INFO  impl.RaftServerProxy (RaftServerProxy.java:lambda$close$4(314)) - 5ea1fec6-19ab-4b7f-b3e9-d4f878a2e58a: close
2019-08-23 16:26:00,321 [ForkJoinPool.commonPool-worker-1] INFO  impl.RaftServerImpl (RaftServerImpl.java:lambda$shutdown$3(245)) - 5ea1fec6-19ab-4b7f-b3e9-d4f878a2e58a: shutdown group-ADD937669246
2019-08-23 16:26:00,321 [ForkJoinPool.commonPool-worker-1] INFO  util.JmxRegister (JmxRegister.java:unregister(73)) - Successfully un-registered JMX Bean with object name Ratis:service=RaftServer,group=group-ADD937669246,id=5ea1fec6-19ab-4b7f-b3e9-d4f878a2e58a
2019-08-23 16:26:00,322 [ForkJoinPool.commonPool-worker-1] INFO  impl.RoleInfo (RoleInfo.java:shutdownFollowerState(121)) - 5ea1fec6-19ab-4b7f-b3e9-d4f878a2e58a: shutdown FollowerState
2019-08-23 16:26:00,322 [ForkJoinPool.commonPool-worker-1] INFO  impl.StateMachineUpdater (StateMachineUpdater.java:stopAndJoin(115)) - StateMachineUpdater:5ea1fec6-19ab-4b7f-b3e9-d4f878a2e58a:group-ADD937669246: set stopIndex = -1
2019-08-23 16:26:00,322 [Thread-1053] INFO  impl.FollowerState (FollowerState.java:run(114)) - 5ea1fec6-19ab-4b7f-b3e9-d4f878a2e58a: FollowerState was interrupted: java.lang.InterruptedException: sleep interrupted
2019-08-23 16:26:00,322 [ForkJoinPool.commonPool-worker-1] INFO  impl.RaftServerImpl (ServerState.java:close(394)) - 5ea1fec6-19ab-4b7f-b3e9-d4f878a2e58a:group-ADD937669246 closes. The last applied log index is -1
2019-08-23 16:26:00,324 [5ea1fec6-19ab-4b7f-b3e9-d4f878a2e58a-SegmentedRaftLogWorker:Storage Directory /workdir/hadoop-ozone/ozonefs/target/test-dir/MiniOzoneClusterImpl-d548ed9b-acf1-4888-8b24-e7058aaa43d2/datanode-2/data/ratis/2eb885b5-8b60-4c5d-b578-add937669246] INFO  segmented.SegmentedRaftLogWorker (SegmentedRaftLogWorker.java:run(313)) - 5ea1fec6-19ab-4b7f-b3e9-d4f878a2e58a-SegmentedRaftLogWorker:Storage Directory /workdir/hadoop-ozone/ozonefs/target/test-dir/MiniOzoneClusterImpl-d548ed9b-acf1-4888-8b24-e7058aaa43d2/datanode-2/data/ratis/2eb885b5-8b60-4c5d-b578-add937669246 was interrupted, exiting. There are 0 tasks remaining in the queue.
2019-08-23 16:26:00,324 [ForkJoinPool.commonPool-worker-1] INFO  segmented.SegmentedRaftLogWorker (SegmentedRaftLogWorker.java:close(228)) - 5ea1fec6-19ab-4b7f-b3e9-d4f878a2e58a-SegmentedRaftLogWorker:Storage Directory /workdir/hadoop-ozone/ozonefs/target/test-dir/MiniOzoneClusterImpl-d548ed9b-acf1-4888-8b24-e7058aaa43d2/datanode-2/data/ratis/2eb885b5-8b60-4c5d-b578-add937669246 close()
2019-08-23 16:26:00,326 [ForkJoinPool.commonPool-worker-1] INFO  impl.RaftServerImpl (RaftServerImpl.java:lambda$shutdown$3(245)) - 5ea1fec6-19ab-4b7f-b3e9-d4f878a2e58a: shutdown group-8CFDD2828D50
2019-08-23 16:26:00,327 [ForkJoinPool.commonPool-worker-1] INFO  util.JmxRegister (JmxRegister.java:unregister(73)) - Successfully un-registered JMX Bean with object name Ratis:service=RaftServer,group=group-8CFDD2828D50,id=5ea1fec6-19ab-4b7f-b3e9-d4f878a2e58a
2019-08-23 16:26:00,327 [ForkJoinPool.commonPool-worker-1] INFO  impl.RoleInfo (RoleInfo.java:shutdownLeaderState(104)) - 5ea1fec6-19ab-4b7f-b3e9-d4f878a2e58a: shutdown LeaderState
2019-08-23 16:26:00,327 [ForkJoinPool.commonPool-worker-1] INFO  impl.PendingRequests (PendingRequests.java:sendNotLeaderResponses(202)) - 5ea1fec6-19ab-4b7f-b3e9-d4f878a2e58a-PendingRequests: sendNotLeaderResponses
2019-08-23 16:26:00,328 [ForkJoinPool.commonPool-worker-1] INFO  impl.StateMachineUpdater (StateMachineUpdater.java:stopAndJoin(115)) - StateMachineUpdater:5ea1fec6-19ab-4b7f-b3e9-d4f878a2e58a:group-8CFDD2828D50: set stopIndex = 0
2019-08-23 16:26:00,328 [ForkJoinPool.commonPool-worker-1] INFO  impl.RaftServerImpl (ServerState.java:close(394)) - 5ea1fec6-19ab-4b7f-b3e9-d4f878a2e58a:group-8CFDD2828D50 closes. The last applied log index is 0
2019-08-23 16:26:00,329 [5ea1fec6-19ab-4b7f-b3e9-d4f878a2e58a-SegmentedRaftLogWorker:Storage Directory /workdir/hadoop-ozone/ozonefs/target/test-dir/MiniOzoneClusterImpl-d548ed9b-acf1-4888-8b24-e7058aaa43d2/datanode-2/data/ratis/b48fe493-22c8-4bf6-acf5-8cfdd2828d50] INFO  segmented.SegmentedRaftLogWorker (SegmentedRaftLogWorker.java:run(313)) - 5ea1fec6-19ab-4b7f-b3e9-d4f878a2e58a-SegmentedRaftLogWorker:Storage Directory /workdir/hadoop-ozone/ozonefs/target/test-dir/MiniOzoneClusterImpl-d548ed9b-acf1-4888-8b24-e7058aaa43d2/datanode-2/data/ratis/b48fe493-22c8-4bf6-acf5-8cfdd2828d50 was interrupted, exiting. There are 0 tasks remaining in the queue.
2019-08-23 16:26:00,330 [ForkJoinPool.commonPool-worker-1] INFO  segmented.SegmentedRaftLogWorker (SegmentedRaftLogWorker.java:close(228)) - 5ea1fec6-19ab-4b7f-b3e9-d4f878a2e58a-SegmentedRaftLogWorker:Storage Directory /workdir/hadoop-ozone/ozonefs/target/test-dir/MiniOzoneClusterImpl-d548ed9b-acf1-4888-8b24-e7058aaa43d2/datanode-2/data/ratis/b48fe493-22c8-4bf6-acf5-8cfdd2828d50 close()
2019-08-23 16:26:00,333 [ForkJoinPool.commonPool-worker-1] INFO  server.GrpcService (GrpcService.java:closeImpl(155)) - 5ea1fec6-19ab-4b7f-b3e9-d4f878a2e58a: shutdown server with port 42612 now
2019-08-23 16:26:00,342 [ForkJoinPool.commonPool-worker-1] INFO  server.GrpcService (GrpcService.java:closeImpl(163)) - 5ea1fec6-19ab-4b7f-b3e9-d4f878a2e58a: shutdown server with port 42612 successfully
2019-08-23 16:26:00,346 [ForkJoinPool.commonPool-worker-1] INFO  utils.BackgroundService (BackgroundService.java:shutdown(148)) - Shutting down service BlockDeletingService
2019-08-23 16:26:00,348 [refreshUsed-/workdir/hadoop-ozone/ozonefs/target/test-dir/MiniOzoneClusterImpl-d548ed9b-acf1-4888-8b24-e7058aaa43d2/datanode-2/data/containers] WARN  fs.CachingGetSpaceUsed (CachingGetSpaceUsed.java:run(183)) - Thread Interrupted waiting to refresh disk information: sleep interrupted
2019-08-23 16:26:00,383 [ForkJoinPool.commonPool-worker-1] INFO  statemachine.DatanodeStateMachine (DatanodeStateMachine.java:stopDaemon(395)) - Ozone container server stopped.
2019-08-23 16:26:00,399 [ForkJoinPool.commonPool-worker-1] INFO  handler.ContextHandler (ContextHandler.java:doStop(910)) - Stopped o.e.j.w.WebAppContext@5d740054{/,null,UNAVAILABLE}{/hddsDatanode}
2019-08-23 16:26:00,400 [ForkJoinPool.commonPool-worker-1] INFO  server.AbstractConnector (AbstractConnector.java:doStop(318)) - Stopped ServerConnector@f6052b1{HTTP/1.1,[http/1.1]}{0.0.0.0:0}
2019-08-23 16:26:00,403 [ForkJoinPool.commonPool-worker-1] INFO  handler.ContextHandler (ContextHandler.java:doStop(910)) - Stopped o.e.j.s.ServletContextHandler@28d90608{/static,jar:file:/home/user/.m2/repository/org/apache/hadoop/hadoop-hdds-container-service/0.5.0-SNAPSHOT/hadoop-hdds-container-service-0.5.0-SNAPSHOT.jar!/webapps/static,UNAVAILABLE}
2019-08-23 16:26:00,404 [ForkJoinPool.commonPool-worker-1] INFO  handler.ContextHandler (ContextHandler.java:doStop(910)) - Stopped o.e.j.s.ServletContextHandler@759fa951{/logs,file:///workdir/hadoop-ozone/ozonefs/target/log,UNAVAILABLE}
2019-08-23 16:26:00,405 [Thread-849] INFO  ozone.MiniOzoneClusterImpl (MiniOzoneClusterImpl.java:stop(339)) - Stopping the StorageContainerManager
2019-08-23 16:26:00,406 [Thread-849] INFO  server.StorageContainerManager (StorageContainerManager.java:stop(797)) - Stopping Replication Manager Service.
2019-08-23 16:26:00,406 [Thread-849] INFO  container.ReplicationManager (ReplicationManager.java:stop(193)) - Stopping Replication Monitor Thread.
2019-08-23 16:26:00,406 [Thread-849] INFO  server.StorageContainerManager (StorageContainerManager.java:stop(804)) - Stopping Lease Manager of the command watchers
2019-08-23 16:26:00,406 [Thread-849] INFO  server.StorageContainerManager (StorageContainerManager.java:stop(811)) - Stopping datanode service RPC server
2019-08-23 16:26:00,406 [Thread-849] INFO  server.SCMDatanodeProtocolServer (SCMDatanodeProtocolServer.java:stop(367)) - Stopping the RPC server for DataNodes
2019-08-23 16:26:00,407 [Thread-849] INFO  ipc.Server (Server.java:stop(3082)) - Stopping server on 35114
2019-08-23 16:26:00,411 [IPC Server listener on 35114] INFO  ipc.Server (Server.java:run(1185)) - Stopping IPC Server listener on 35114
2019-08-23 16:26:00,411 [IPC Server Responder] INFO  ipc.Server (Server.java:run(1319)) - Stopping IPC Server Responder
2019-08-23 16:26:00,493 [SCM Heartbeat Processing Thread - 0] WARN  node.NodeStateManager (NodeStateManager.java:scheduleNextHealthCheck(646)) - Current Thread is interrupted, shutting down HB processing thread for Node Manager.
2019-08-23 16:26:00,494 [Thread-849] INFO  server.StorageContainerManager (StorageContainerManager.java:stop(819)) - Stopping block service RPC server
2019-08-23 16:26:00,494 [Thread-849] INFO  server.SCMBlockProtocolServer (SCMBlockProtocolServer.java:stop(148)) - Stopping the RPC server for Block Protocol
2019-08-23 16:26:00,494 [Thread-849] INFO  ipc.Server (Server.java:stop(3082)) - Stopping server on 38458
2019-08-23 16:26:00,497 [IPC Server listener on 38458] INFO  ipc.Server (Server.java:run(1185)) - Stopping IPC Server listener on 38458
2019-08-23 16:26:00,497 [IPC Server Responder] INFO  ipc.Server (Server.java:run(1319)) - Stopping IPC Server Responder
2019-08-23 16:26:00,497 [Thread-849] INFO  server.StorageContainerManager (StorageContainerManager.java:stop(826)) - Stopping the StorageContainerLocationProtocol RPC server
2019-08-23 16:26:00,498 [Thread-849] INFO  server.SCMClientProtocolServer (SCMClientProtocolServer.java:stop(159)) - Stopping the RPC server for Client Protocol
2019-08-23 16:26:00,498 [Thread-849] INFO  ipc.Server (Server.java:stop(3082)) - Stopping server on 34186
2019-08-23 16:26:00,501 [IPC Server listener on 34186] INFO  ipc.Server (Server.java:run(1185)) - Stopping IPC Server listener on 34186
2019-08-23 16:26:00,501 [Thread-849] INFO  server.StorageContainerManager (StorageContainerManager.java:stop(833)) - Stopping Storage Container Manager HTTP server.
2019-08-23 16:26:00,501 [IPC Server Responder] INFO  ipc.Server (Server.java:run(1319)) - Stopping IPC Server Responder
2019-08-23 16:26:00,503 [Thread-849] INFO  handler.ContextHandler (ContextHandler.java:doStop(910)) - Stopped o.e.j.w.WebAppContext@6488230a{/,null,UNAVAILABLE}{/scm}
2019-08-23 16:26:00,505 [Thread-849] INFO  server.AbstractConnector (AbstractConnector.java:doStop(318)) - Stopped ServerConnector@1bf99064{HTTP/1.1,[http/1.1]}{0.0.0.0:0}
2019-08-23 16:26:00,505 [Thread-849] INFO  handler.ContextHandler (ContextHandler.java:doStop(910)) - Stopped o.e.j.s.ServletContextHandler@20a3733b{/static,jar:file:/home/user/.m2/repository/org/apache/hadoop/hadoop-hdds-server-scm/0.5.0-SNAPSHOT/hadoop-hdds-server-scm-0.5.0-SNAPSHOT.jar!/webapps/static,UNAVAILABLE}
2019-08-23 16:26:00,505 [Thread-849] INFO  handler.ContextHandler (ContextHandler.java:doStop(910)) - Stopped o.e.j.s.ServletContextHandler@25240c39{/logs,file:///workdir/hadoop-ozone/ozonefs/target/log,UNAVAILABLE}
2019-08-23 16:26:00,506 [Thread-849] INFO  server.StorageContainerManager (StorageContainerManager.java:stop(844)) - Stopping Block Manager Service.
2019-08-23 16:26:00,506 [Thread-849] INFO  utils.BackgroundService (BackgroundService.java:shutdown(148)) - Shutting down service SCMBlockDeletingService
2019-08-23 16:26:00,507 [Thread-849] INFO  utils.BackgroundService (BackgroundService.java:shutdown(148)) - Shutting down service SCMBlockDeletingService
2019-08-23 16:26:00,508 [Thread-849] INFO  server.StorageContainerManager (StorageContainerManager.java:stop(866)) - Stopping SCM Event Queue.
2019-08-23 16:26:00,512 [Thread-849] INFO  impl.MetricsSystemImpl (MetricsSystemImpl.java:stop(210)) - Stopping HddsDatanode metrics system...
2019-08-23 16:26:00,517 [Thread-849] INFO  impl.MetricsSystemImpl (MetricsSystemImpl.java:stop(216)) - HddsDatanode metrics system stopped.
]]></system-out>
  </testcase>
  <testcase name="testDeleteCreatesFakeParentDir" classname="org.apache.hadoop.fs.ozone.TestOzoneFileSystem" time="16.61">
    <error message="Bucket or Volume name is null" type="java.lang.IllegalArgumentException">java.lang.IllegalArgumentException: Bucket or Volume name is null
	at org.apache.hadoop.hdds.scm.client.HddsClientUtils.verifyResourceName(HddsClientUtils.java:142)
	at org.apache.hadoop.ozone.client.rpc.RpcClient.getVolumeDetails(RpcClient.java:321)
	at sun.reflect.NativeMethodAccessorImpl.invoke0(Native Method)
	at sun.reflect.NativeMethodAccessorImpl.invoke(NativeMethodAccessorImpl.java:62)
	at sun.reflect.DelegatingMethodAccessorImpl.invoke(DelegatingMethodAccessorImpl.java:43)
	at java.lang.reflect.Method.invoke(Method.java:498)
	at org.apache.hadoop.ozone.client.OzoneClientInvocationHandler.invoke(OzoneClientInvocationHandler.java:54)
	at com.sun.proxy.$Proxy51.getVolumeDetails(Unknown Source)
	at sun.reflect.NativeMethodAccessorImpl.invoke0(Native Method)
	at sun.reflect.NativeMethodAccessorImpl.invoke(NativeMethodAccessorImpl.java:62)
	at sun.reflect.DelegatingMethodAccessorImpl.invoke(DelegatingMethodAccessorImpl.java:43)
	at java.lang.reflect.Method.invoke(Method.java:498)
	at org.apache.hadoop.hdds.tracing.TraceAllMethod.invoke(TraceAllMethod.java:66)
	at com.sun.proxy.$Proxy51.getVolumeDetails(Unknown Source)
	at org.apache.hadoop.ozone.client.ObjectStore.getVolume(ObjectStore.java:171)
	at org.apache.hadoop.fs.ozone.TestOzoneFileSystem.getKey(TestOzoneFileSystem.java:271)
	at org.apache.hadoop.fs.ozone.TestOzoneFileSystem.testDeleteCreatesFakeParentDir(TestOzoneFileSystem.java:136)
	at sun.reflect.NativeMethodAccessorImpl.invoke0(Native Method)
	at sun.reflect.NativeMethodAccessorImpl.invoke(NativeMethodAccessorImpl.java:62)
	at sun.reflect.DelegatingMethodAccessorImpl.invoke(DelegatingMethodAccessorImpl.java:43)
	at java.lang.reflect.Method.invoke(Method.java:498)
	at org.junit.runners.model.FrameworkMethod$1.runReflectiveCall(FrameworkMethod.java:47)
	at org.junit.internal.runners.model.ReflectiveCallable.run(ReflectiveCallable.java:12)
	at org.junit.runners.model.FrameworkMethod.invokeExplosively(FrameworkMethod.java:44)
	at org.junit.internal.runners.statements.InvokeMethod.evaluate(InvokeMethod.java:17)
	at org.junit.internal.runners.statements.RunBefores.evaluate(RunBefores.java:26)
	at org.junit.internal.runners.statements.RunAfters.evaluate(RunAfters.java:27)
	at org.junit.internal.runners.statements.FailOnTimeout$StatementThread.run(FailOnTimeout.java:74)
</error>
    <system-out><![CDATA[2019-08-23 16:26:00,583 [Thread-1054] WARN  server.ServerUtils (ServerUtils.java:getScmDbDir(145)) - ozone.scm.db.dirs is not configured. We recommend adding this setting. Falling back to ozone.metadata.dirs instead.
2019-08-23 16:26:00,597 [Thread-1054] WARN  server.ServerUtils (ServerUtils.java:getScmDbDir(145)) - ozone.scm.db.dirs is not configured. We recommend adding this setting. Falling back to ozone.metadata.dirs instead.
2019-08-23 16:26:00,597 [Thread-1054] WARN  server.ServerUtils (ServerUtils.java:getScmDbDir(145)) - ozone.scm.db.dirs is not configured. We recommend adding this setting. Falling back to ozone.metadata.dirs instead.
2019-08-23 16:26:00,598 [Thread-1054] INFO  db.DBStoreBuilder (DBStoreBuilder.java:addTable(110)) - using custom profile for table: deletedBlocks
2019-08-23 16:26:00,598 [Thread-1054] INFO  db.DBStoreBuilder (DBStoreBuilder.java:processTables(161)) - Using default column profile:DBProfile.DISK for Table:deletedBlocks
2019-08-23 16:26:00,598 [Thread-1054] INFO  db.DBStoreBuilder (DBStoreBuilder.java:addTable(110)) - using custom profile for table: validCerts
2019-08-23 16:26:00,598 [Thread-1054] INFO  db.DBStoreBuilder (DBStoreBuilder.java:processTables(161)) - Using default column profile:DBProfile.DISK for Table:validCerts
2019-08-23 16:26:00,599 [Thread-1054] INFO  db.DBStoreBuilder (DBStoreBuilder.java:addTable(110)) - using custom profile for table: revokedCerts
2019-08-23 16:26:00,599 [Thread-1054] INFO  db.DBStoreBuilder (DBStoreBuilder.java:processTables(161)) - Using default column profile:DBProfile.DISK for Table:revokedCerts
2019-08-23 16:26:00,599 [Thread-1054] INFO  db.DBStoreBuilder (DBStoreBuilder.java:addTable(110)) - using custom profile for table: default
2019-08-23 16:26:00,599 [Thread-1054] INFO  db.DBStoreBuilder (DBStoreBuilder.java:processTables(167)) - Using default column profile:DBProfile.DISK for Table:default
2019-08-23 16:26:00,599 [Thread-1054] INFO  db.DBStoreBuilder (DBStoreBuilder.java:getDbProfile(198)) - Using default options. DBProfile.DISK
2019-08-23 16:26:00,788 [Thread-1054] INFO  net.NodeSchemaLoader (NodeSchemaLoader.java:loadSchemaFromFile(125)) - Loading file from sun.misc.CompoundEnumeration@6ab0846b
2019-08-23 16:26:00,789 [Thread-1054] INFO  net.NodeSchemaLoader (NodeSchemaLoader.java:loadSchema(171)) - Loading network topology layer schema file
2019-08-23 16:26:00,793 [Thread-1054] WARN  server.ServerUtils (ServerUtils.java:sanitizeUserArgs(70)) - ozone.scm.stale.node.interval value = 300000 is larger than max = 100000 based on the key value of ozone.scm.heartbeat.thread.interval, reset to the max value 100000.
2019-08-23 16:26:00,794 [Thread-1054] WARN  server.ServerUtils (ServerUtils.java:sanitizeUserArgs(70)) - ozone.scm.stale.node.interval value = 300000 is larger than max = 100000 based on the key value of ozone.scm.heartbeat.thread.interval, reset to the max value 100000.
2019-08-23 16:26:00,794 [Thread-1054] INFO  node.SCMNodeManager (SCMNodeManager.java:<init>(121)) - Entering startup safe mode.
2019-08-23 16:26:00,795 [Thread-1054] INFO  algorithms.ContainerPlacementPolicyFactory (ContainerPlacementPolicyFactory.java:getPolicy(55)) - Create container placement policy of type org.apache.hadoop.hdds.scm.container.placement.algorithms.SCMContainerPlacementRandom
2019-08-23 16:26:00,795 [Thread-1054] WARN  server.ServerUtils (ServerUtils.java:getScmDbDir(145)) - ozone.scm.db.dirs is not configured. We recommend adding this setting. Falling back to ozone.metadata.dirs instead.
2019-08-23 16:26:00,826 [Thread-1054] INFO  pipeline.SCMPipelineManager (SCMPipelineManager.java:initializePipelineState(126)) - No pipeline exists in current db
2019-08-23 16:26:00,827 [Thread-1054] WARN  server.ServerUtils (ServerUtils.java:getScmDbDir(145)) - ozone.scm.db.dirs is not configured. We recommend adding this setting. Falling back to ozone.metadata.dirs instead.
2019-08-23 16:26:00,852 [Thread-1054] WARN  events.EventQueue (EventQueue.java:fireEvent(175)) - No event handler registered for event TypedEvent{payloadType=SafeModeStatus, name='SafeModeStatus'}
2019-08-23 16:26:00,854 [Thread-1054] INFO  ipc.CallQueueManager (CallQueueManager.java:<init>(84)) - Using callQueue: class java.util.concurrent.LinkedBlockingQueue, queueCapacity: 2000, scheduler: class org.apache.hadoop.ipc.DefaultRpcScheduler, ipcBackoff: false.
2019-08-23 16:26:00,855 [Socket Reader #1 for port 38076] INFO  ipc.Server (Server.java:run(1074)) - Starting Socket Reader #1 for port 38076
2019-08-23 16:26:00,857 [Thread-1054] INFO  ipc.CallQueueManager (CallQueueManager.java:<init>(84)) - Using callQueue: class java.util.concurrent.LinkedBlockingQueue, queueCapacity: 2000, scheduler: class org.apache.hadoop.ipc.DefaultRpcScheduler, ipcBackoff: false.
2019-08-23 16:26:00,857 [Socket Reader #1 for port 38645] INFO  ipc.Server (Server.java:run(1074)) - Starting Socket Reader #1 for port 38645
2019-08-23 16:26:00,859 [Thread-1054] INFO  ipc.CallQueueManager (CallQueueManager.java:<init>(84)) - Using callQueue: class java.util.concurrent.LinkedBlockingQueue, queueCapacity: 2000, scheduler: class org.apache.hadoop.ipc.DefaultRpcScheduler, ipcBackoff: false.
2019-08-23 16:26:00,860 [Socket Reader #1 for port 40668] INFO  ipc.Server (Server.java:run(1074)) - Starting Socket Reader #1 for port 40668
2019-08-23 16:26:00,863 [Thread-1054] INFO  hdfs.DFSUtil (DFSUtil.java:httpServerTemplateForNNAndJN(1641)) - Starting Web-server for scm at: http://0.0.0.0:0
2019-08-23 16:26:00,866 [Thread-1054] INFO  server.AuthenticationFilter (AuthenticationFilter.java:constructSecretProvider(240)) - Unable to initialize FileSignerSecretProvider, falling back to use random secrets.
2019-08-23 16:26:00,867 [Thread-1054] WARN  http.HttpRequestLog (HttpRequestLog.java:getRequestLog(97)) - Jetty request log can only be enabled using Log4j
2019-08-23 16:26:00,870 [Thread-1054] INFO  http.HttpServer2 (HttpServer2.java:addGlobalFilter(975)) - Added global filter 'safety' (class=org.apache.hadoop.http.HttpServer2$QuotingInputFilter)
2019-08-23 16:26:00,871 [Thread-1054] INFO  http.HttpServer2 (HttpServer2.java:addFilter(948)) - Added filter static_user_filter (class=org.apache.hadoop.http.lib.StaticUserWebFilter$StaticUserFilter) to context scm
2019-08-23 16:26:00,871 [Thread-1054] INFO  http.HttpServer2 (HttpServer2.java:addFilter(958)) - Added filter static_user_filter (class=org.apache.hadoop.http.lib.StaticUserWebFilter$StaticUserFilter) to context static
2019-08-23 16:26:00,872 [Thread-1054] INFO  http.HttpServer2 (HttpServer2.java:addFilter(958)) - Added filter static_user_filter (class=org.apache.hadoop.http.lib.StaticUserWebFilter$StaticUserFilter) to context logs
2019-08-23 16:26:00,874 [Thread-1054] INFO  server.StorageContainerManager (StorageContainerManager.java:start(759)) - StorageContainerLocationProtocol RPC server is listening at /0.0.0.0:40668
2019-08-23 16:26:00,878 [Thread-1054] WARN  impl.MetricsConfig (MetricsConfig.java:loadFirst(134)) - Cannot locate configuration: tried hadoop-metrics2-storagecontainermanager.properties,hadoop-metrics2.properties
2019-08-23 16:26:00,880 [Thread-1054] INFO  impl.MetricsSystemImpl (MetricsSystemImpl.java:startTimer(374)) - Scheduled Metric snapshot period at 10 second(s).
2019-08-23 16:26:00,880 [Thread-1054] INFO  impl.MetricsSystemImpl (MetricsSystemImpl.java:start(191)) - StorageContainerManager metrics system started
2019-08-23 16:26:00,936 [Thread-1054] INFO  server.SCMClientProtocolServer (SCMClientProtocolServer.java:start(151)) - RPC server for Client  is listening at /0.0.0.0:40668
2019-08-23 16:26:00,937 [IPC Server Responder] INFO  ipc.Server (Server.java:run(1314)) - IPC Server Responder: starting
2019-08-23 16:26:00,937 [IPC Server listener on 40668] INFO  ipc.Server (Server.java:run(1153)) - IPC Server listener on 40668: starting
2019-08-23 16:26:00,940 [Thread-1054] INFO  server.StorageContainerManager (StorageContainerManager.java:start(769)) - ScmBlockLocationProtocol RPC server is listening at /0.0.0.0:38645
2019-08-23 16:26:00,940 [Thread-1054] INFO  server.SCMBlockProtocolServer (SCMBlockProtocolServer.java:start(140)) - RPC server for Block Protocol is listening at /0.0.0.0:38645
2019-08-23 16:26:00,941 [IPC Server Responder] INFO  ipc.Server (Server.java:run(1314)) - IPC Server Responder: starting
2019-08-23 16:26:00,941 [IPC Server listener on 38645] INFO  ipc.Server (Server.java:run(1153)) - IPC Server listener on 38645: starting
2019-08-23 16:26:00,944 [Thread-1054] INFO  server.StorageContainerManager (StorageContainerManager.java:start(773)) - ScmDatanodeProtocl RPC server is listening at /0.0.0.0:38076
2019-08-23 16:26:00,944 [Thread-1054] INFO  server.SCMDatanodeProtocolServer (SCMDatanodeProtocolServer.java:start(191)) - RPC server for DataNodes is listening at /0.0.0.0:38076
2019-08-23 16:26:00,945 [IPC Server Responder] INFO  ipc.Server (Server.java:run(1314)) - IPC Server Responder: starting
2019-08-23 16:26:00,945 [IPC Server listener on 38076] INFO  ipc.Server (Server.java:run(1153)) - IPC Server listener on 38076: starting
2019-08-23 16:26:00,951 [Thread-1054] INFO  http.HttpServer2 (HttpServer2.java:bindListener(1191)) - Jetty bound to port 35905
2019-08-23 16:26:00,951 [Thread-1054] INFO  server.Server (Server.java:doStart(351)) - jetty-9.3.24.v20180605, build timestamp: 2018-06-05T17:11:56Z, git hash: 84205aa28f11a4f31f2a3b86d1bba2cc8ab69827
2019-08-23 16:26:00,953 [Thread-1054] INFO  handler.ContextHandler (ContextHandler.java:doStart(781)) - Started o.e.j.s.ServletContextHandler@729bafa7{/logs,file:///workdir/hadoop-ozone/ozonefs/target/log,AVAILABLE}
2019-08-23 16:26:00,954 [Thread-1054] INFO  handler.ContextHandler (ContextHandler.java:doStart(781)) - Started o.e.j.s.ServletContextHandler@7a29d220{/static,jar:file:/home/user/.m2/repository/org/apache/hadoop/hadoop-hdds-server-scm/0.5.0-SNAPSHOT/hadoop-hdds-server-scm-0.5.0-SNAPSHOT.jar!/webapps/static,AVAILABLE}
2019-08-23 16:26:00,996 [Thread-1054] INFO  handler.ContextHandler (ContextHandler.java:doStart(781)) - Started o.e.j.w.WebAppContext@49403021{/,file:///tmp/jetty-0.0.0.0-35905-scm-_-any-1832906777604407031.dir/webapp/,AVAILABLE}{/scm}
2019-08-23 16:26:00,996 [Thread-1054] INFO  server.AbstractConnector (AbstractConnector.java:doStart(278)) - Started ServerConnector@46d7977d{HTTP/1.1,[http/1.1]}{0.0.0.0:35905}
2019-08-23 16:26:00,997 [Thread-1054] INFO  server.Server (Server.java:doStart(419)) - Started @88045ms
2019-08-23 16:26:00,998 [Thread-1054] INFO  server.BaseHttpServer (BaseHttpServer.java:updateConnectorAddress(213)) - HTTP server of SCM is listening at http://0.0.0.0:35905
2019-08-23 16:26:00,999 [Thread-1054] WARN  server.ServerUtils (ServerUtils.java:getDBPath(222)) - ozone.om.db.dirs is not configured. We recommend adding this setting. Falling back to ozone.metadata.dirs instead.
2019-08-23 16:26:00,999 [org.apache.hadoop.util.JvmPauseMonitor$Monitor@1c48e15e] INFO  util.JvmPauseMonitor (JvmPauseMonitor.java:run(188)) - Starting JVM pause monitor
2019-08-23 16:26:01,013 [Thread-1054] WARN  server.ServerUtils (ServerUtils.java:getDBPath(222)) - ozone.om.db.dirs is not configured. We recommend adding this setting. Falling back to ozone.metadata.dirs instead.
2019-08-23 16:26:01,013 [Thread-1054] WARN  server.ServerUtils (ServerUtils.java:getDBPath(222)) - ozone.om.db.dirs is not configured. We recommend adding this setting. Falling back to ozone.metadata.dirs instead.
2019-08-23 16:26:01,013 [Thread-1054] INFO  om.OzoneManager (OzoneManager.java:setOMNodeDetails(648)) - OM Service ID is not set. Setting it to the default ID: omServiceIdDefault
2019-08-23 16:26:01,013 [Thread-1054] INFO  om.OzoneManager (OzoneManager.java:setOMNodeDetails(654)) - OM Node ID is not set. Setting it to the OmStorage's OmID: 9a2bc7c4-5733-4c51-a181-4e716f45c173
2019-08-23 16:26:01,013 [Thread-1054] INFO  om.OzoneManager (OzoneManager.java:loadOMHAConfigs(605)) - Found matching OM address with OMServiceId: null, OMNodeId: null, RPC Address: localhost:0 and Ratis port: 9872
2019-08-23 16:26:01,022 | INFO  | SCMAudit | user=jenkins1000 | ip=192.168.5.135 | op=GET_SCM_INFO null | ret=SUCCESS |  
2019-08-23 16:26:01,024 [Thread-1054] WARN  server.ServerUtils (ServerUtils.java:getDBPath(222)) - ozone.om.db.dirs is not configured. We recommend adding this setting. Falling back to ozone.metadata.dirs instead.
2019-08-23 16:26:01,024 [Thread-1054] INFO  db.DBStoreBuilder (DBStoreBuilder.java:addTable(110)) - using custom profile for table: userTable
2019-08-23 16:26:01,024 [Thread-1054] INFO  db.DBStoreBuilder (DBStoreBuilder.java:processTables(161)) - Using default column profile:DBProfile.DISK for Table:userTable
2019-08-23 16:26:01,025 [Thread-1054] INFO  db.DBStoreBuilder (DBStoreBuilder.java:addTable(110)) - using custom profile for table: volumeTable
2019-08-23 16:26:01,025 [Thread-1054] INFO  db.DBStoreBuilder (DBStoreBuilder.java:processTables(161)) - Using default column profile:DBProfile.DISK for Table:volumeTable
2019-08-23 16:26:01,025 [Thread-1054] INFO  db.DBStoreBuilder (DBStoreBuilder.java:addTable(110)) - using custom profile for table: bucketTable
2019-08-23 16:26:01,025 [Thread-1054] INFO  db.DBStoreBuilder (DBStoreBuilder.java:processTables(161)) - Using default column profile:DBProfile.DISK for Table:bucketTable
2019-08-23 16:26:01,025 [Thread-1054] INFO  db.DBStoreBuilder (DBStoreBuilder.java:addTable(110)) - using custom profile for table: keyTable
2019-08-23 16:26:01,025 [Thread-1054] INFO  db.DBStoreBuilder (DBStoreBuilder.java:processTables(161)) - Using default column profile:DBProfile.DISK for Table:keyTable
2019-08-23 16:26:01,026 [Thread-1054] INFO  db.DBStoreBuilder (DBStoreBuilder.java:addTable(110)) - using custom profile for table: deletedTable
2019-08-23 16:26:01,026 [Thread-1054] INFO  db.DBStoreBuilder (DBStoreBuilder.java:processTables(161)) - Using default column profile:DBProfile.DISK for Table:deletedTable
2019-08-23 16:26:01,026 [Thread-1054] INFO  db.DBStoreBuilder (DBStoreBuilder.java:addTable(110)) - using custom profile for table: openKeyTable
2019-08-23 16:26:01,026 [Thread-1054] INFO  db.DBStoreBuilder (DBStoreBuilder.java:processTables(161)) - Using default column profile:DBProfile.DISK for Table:openKeyTable
2019-08-23 16:26:01,026 [Thread-1054] INFO  db.DBStoreBuilder (DBStoreBuilder.java:addTable(110)) - using custom profile for table: s3Table
2019-08-23 16:26:01,026 [Thread-1054] INFO  db.DBStoreBuilder (DBStoreBuilder.java:processTables(161)) - Using default column profile:DBProfile.DISK for Table:s3Table
2019-08-23 16:26:01,026 [Thread-1054] INFO  db.DBStoreBuilder (DBStoreBuilder.java:addTable(110)) - using custom profile for table: multipartInfoTable
2019-08-23 16:26:01,026 [Thread-1054] INFO  db.DBStoreBuilder (DBStoreBuilder.java:processTables(161)) - Using default column profile:DBProfile.DISK for Table:multipartInfoTable
2019-08-23 16:26:01,027 [Thread-1054] INFO  db.DBStoreBuilder (DBStoreBuilder.java:addTable(110)) - using custom profile for table: dTokenTable
2019-08-23 16:26:01,027 [Thread-1054] INFO  db.DBStoreBuilder (DBStoreBuilder.java:processTables(161)) - Using default column profile:DBProfile.DISK for Table:dTokenTable
2019-08-23 16:26:01,027 [Thread-1054] INFO  db.DBStoreBuilder (DBStoreBuilder.java:addTable(110)) - using custom profile for table: s3SecretTable
2019-08-23 16:26:01,027 [Thread-1054] INFO  db.DBStoreBuilder (DBStoreBuilder.java:processTables(161)) - Using default column profile:DBProfile.DISK for Table:s3SecretTable
2019-08-23 16:26:01,027 [Thread-1054] INFO  db.DBStoreBuilder (DBStoreBuilder.java:addTable(110)) - using custom profile for table: prefixTable
2019-08-23 16:26:01,027 [Thread-1054] INFO  db.DBStoreBuilder (DBStoreBuilder.java:processTables(161)) - Using default column profile:DBProfile.DISK for Table:prefixTable
2019-08-23 16:26:01,028 [Thread-1054] INFO  db.DBStoreBuilder (DBStoreBuilder.java:addTable(110)) - using custom profile for table: default
2019-08-23 16:26:01,028 [Thread-1054] INFO  db.DBStoreBuilder (DBStoreBuilder.java:processTables(167)) - Using default column profile:DBProfile.DISK for Table:default
2019-08-23 16:26:01,028 [Thread-1054] INFO  db.DBStoreBuilder (DBStoreBuilder.java:getDbProfile(198)) - Using default options. DBProfile.DISK
2019-08-23 16:26:01,576 [Thread-1054] INFO  ipc.CallQueueManager (CallQueueManager.java:<init>(84)) - Using callQueue: class java.util.concurrent.LinkedBlockingQueue, queueCapacity: 2000, scheduler: class org.apache.hadoop.ipc.DefaultRpcScheduler, ipcBackoff: false.
2019-08-23 16:26:01,578 [Socket Reader #1 for port 45836] INFO  ipc.Server (Server.java:run(1074)) - Starting Socket Reader #1 for port 45836
2019-08-23 16:26:01,597 [Thread-1054] INFO  om.OzoneManager (OzoneManager.java:start(1259)) - OzoneManager RPC server is listening at localhost/127.0.0.1:45836
2019-08-23 16:26:01,597 [Thread-1054] INFO  impl.MetricsSystemImpl (MetricsSystemImpl.java:init(158)) - OzoneManager metrics system started (again)
2019-08-23 16:26:01,597 [IPC Server Responder] INFO  ipc.Server (Server.java:run(1314)) - IPC Server Responder: starting
2019-08-23 16:26:01,598 [IPC Server listener on 45836] INFO  ipc.Server (Server.java:run(1153)) - IPC Server listener on 45836: starting
2019-08-23 16:26:01,603 [Thread-1054] INFO  hdfs.DFSUtil (DFSUtil.java:httpServerTemplateForNNAndJN(1641)) - Starting Web-server for ozoneManager at: http://0.0.0.0:0
2019-08-23 16:26:01,606 [Thread-1054] INFO  server.AuthenticationFilter (AuthenticationFilter.java:constructSecretProvider(240)) - Unable to initialize FileSignerSecretProvider, falling back to use random secrets.
2019-08-23 16:26:01,606 [Thread-1054] WARN  http.HttpRequestLog (HttpRequestLog.java:getRequestLog(97)) - Jetty request log can only be enabled using Log4j
2019-08-23 16:26:01,608 [Thread-1054] INFO  http.HttpServer2 (HttpServer2.java:addGlobalFilter(975)) - Added global filter 'safety' (class=org.apache.hadoop.http.HttpServer2$QuotingInputFilter)
2019-08-23 16:26:01,609 [Thread-1054] INFO  http.HttpServer2 (HttpServer2.java:addFilter(948)) - Added filter static_user_filter (class=org.apache.hadoop.http.lib.StaticUserWebFilter$StaticUserFilter) to context ozoneManager
2019-08-23 16:26:01,609 [Thread-1054] INFO  http.HttpServer2 (HttpServer2.java:addFilter(958)) - Added filter static_user_filter (class=org.apache.hadoop.http.lib.StaticUserWebFilter$StaticUserFilter) to context static
2019-08-23 16:26:01,610 [Thread-1054] INFO  http.HttpServer2 (HttpServer2.java:addFilter(958)) - Added filter static_user_filter (class=org.apache.hadoop.http.lib.StaticUserWebFilter$StaticUserFilter) to context logs
2019-08-23 16:26:01,610 [Thread-1054] INFO  http.HttpServer2 (HttpServer2.java:bindListener(1191)) - Jetty bound to port 36484
2019-08-23 16:26:01,611 [Thread-1054] INFO  server.Server (Server.java:doStart(351)) - jetty-9.3.24.v20180605, build timestamp: 2018-06-05T17:11:56Z, git hash: 84205aa28f11a4f31f2a3b86d1bba2cc8ab69827
2019-08-23 16:26:01,613 [Thread-1054] INFO  handler.ContextHandler (ContextHandler.java:doStart(781)) - Started o.e.j.s.ServletContextHandler@18103694{/logs,file:///workdir/hadoop-ozone/ozonefs/target/log,AVAILABLE}
2019-08-23 16:26:01,613 [Thread-1054] INFO  handler.ContextHandler (ContextHandler.java:doStart(781)) - Started o.e.j.s.ServletContextHandler@72d0e700{/static,jar:file:/home/user/.m2/repository/org/apache/hadoop/hadoop-ozone-ozone-manager/0.5.0-SNAPSHOT/hadoop-ozone-ozone-manager-0.5.0-SNAPSHOT.jar!/webapps/static,AVAILABLE}
2019-08-23 16:26:01,661 [Thread-1054] INFO  handler.ContextHandler (ContextHandler.java:doStart(781)) - Started o.e.j.w.WebAppContext@614a28fc{/,file:///tmp/jetty-0.0.0.0-36484-ozoneManager-_-any-8211265134516528769.dir/webapp/,AVAILABLE}{/ozoneManager}
2019-08-23 16:26:01,661 [Thread-1054] INFO  server.AbstractConnector (AbstractConnector.java:doStart(278)) - Started ServerConnector@1bace273{HTTP/1.1,[http/1.1]}{0.0.0.0:36484}
2019-08-23 16:26:01,662 [Thread-1054] INFO  server.Server (Server.java:doStart(419)) - Started @88710ms
2019-08-23 16:26:01,663 [Thread-1054] INFO  server.BaseHttpServer (BaseHttpServer.java:updateConnectorAddress(213)) - HTTP server of OZONEMANAGER is listening at http://0.0.0.0:36484
2019-08-23 16:26:01,671 [Thread-1054] INFO  impl.MetricsSystemImpl (MetricsSystemImpl.java:init(158)) - HddsDatanode metrics system started (again)
2019-08-23 16:26:01,673 [Thread-1054] INFO  ozone.HddsDatanodeService (HddsDatanodeService.java:start(184)) - HddsDatanodeService host:pr-hdds-738-hvzxd-2983279717 ip:192.168.5.135
2019-08-23 16:26:01,678 [Thread-1054] INFO  volume.HddsVolume (HddsVolume.java:<init>(176)) - Creating Volume: /workdir/hadoop-ozone/ozonefs/target/test-dir/MiniOzoneClusterImpl-65c7d374-77ea-4ff7-a0a5-0274e3ac1d1c/datanode-0/data/containers/hdds of  storage type : DISK and capacity : 1482555576320
2019-08-23 16:26:01,678 [Thread-1054] INFO  volume.VolumeSet (VolumeSet.java:initializeVolumeSet(170)) - Added Volume : /workdir/hadoop-ozone/ozonefs/target/test-dir/MiniOzoneClusterImpl-65c7d374-77ea-4ff7-a0a5-0274e3ac1d1c/datanode-0/data/containers/hdds to VolumeSet
2019-08-23 16:26:01,678 [Thread-1054] INFO  volume.ThrottledAsyncChecker (ThrottledAsyncChecker.java:schedule(140)) - Scheduling a check for org.apache.hadoop.ozone.container.common.volume.HddsVolume@43a8f564
2019-08-23 16:26:01,679 [Thread-1054] INFO  volume.HddsVolumeChecker (HddsVolumeChecker.java:checkAllVolumes(203)) - Scheduled health check for volume org.apache.hadoop.ozone.container.common.volume.HddsVolume@43a8f564
2019-08-23 16:26:01,699 [Thread-1054] INFO  impl.RaftServerProxy (ConfUtils.java:logGet(43)) - raft.rpc.type = GRPC (default)
2019-08-23 16:26:01,699 [Thread-1054] INFO  grpc.GrpcFactory (GrpcFactory.java:checkPooledByteBufAllocatorUseCacheForAllThreads(45)) - PERFORMANCE WARNING: useCacheForAllThreads is true that may cause Netty to create a lot garbage objects and, as a result, trigger GC.
	It is recommended to disable useCacheForAllThreads by setting -Dorg.apache.ratis.thirdparty.io.netty.allocator.useCacheForAllThreads=false in command line.
2019-08-23 16:26:01,699 [Thread-1054] INFO  grpc.GrpcConfigKeys$Server (ConfUtils.java:logGet(43)) - raft.grpc.server.port = 0 (default)
2019-08-23 16:26:01,700 [Thread-1054] INFO  server.GrpcService (ConfUtils.java:logGet(43)) - raft.grpc.message.size.max = 33570816 (custom)
2019-08-23 16:26:01,700 [Thread-1054] INFO  server.RaftServerConfigKeys (ConfUtils.java:logGet(43)) - raft.server.log.appender.buffer.byte-limit = 33554432 (custom)
2019-08-23 16:26:01,700 [Thread-1054] INFO  server.GrpcService (ConfUtils.java:logGet(43)) - raft.grpc.flow.control.window = 1MB (=1048576) (default)
2019-08-23 16:26:01,700 [Thread-1054] INFO  server.RaftServerConfigKeys (ConfUtils.java:logGet(43)) - raft.server.rpc.request.timeout = 3000ms (default)
2019-08-23 16:26:01,701 [Thread-1054] INFO  server.RaftServerConfigKeys (ConfUtils.java:logGet(43)) - raft.server.storage.dir = [/workdir/hadoop-ozone/ozonefs/target/test-dir/MiniOzoneClusterImpl-65c7d374-77ea-4ff7-a0a5-0274e3ac1d1c/datanode-0/data/ratis] (custom)
2019-08-23 16:26:01,701 [Thread-1054] INFO  replication.SimpleContainerDownloader (SimpleContainerDownloader.java:<init>(72)) - Starting container downloader service to copy containers to replicate.
2019-08-23 16:26:01,703 [Thread-1054] INFO  hdfs.DFSUtil (DFSUtil.java:httpServerTemplateForNNAndJN(1641)) - Starting Web-server for hddsDatanode at: http://0.0.0.0:0
2019-08-23 16:26:01,705 [Thread-1054] INFO  server.AuthenticationFilter (AuthenticationFilter.java:constructSecretProvider(240)) - Unable to initialize FileSignerSecretProvider, falling back to use random secrets.
2019-08-23 16:26:01,705 [Thread-1054] WARN  http.HttpRequestLog (HttpRequestLog.java:getRequestLog(97)) - Jetty request log can only be enabled using Log4j
2019-08-23 16:26:01,706 [Thread-1054] INFO  http.HttpServer2 (HttpServer2.java:addGlobalFilter(975)) - Added global filter 'safety' (class=org.apache.hadoop.http.HttpServer2$QuotingInputFilter)
2019-08-23 16:26:01,707 [Thread-1054] INFO  http.HttpServer2 (HttpServer2.java:addFilter(948)) - Added filter static_user_filter (class=org.apache.hadoop.http.lib.StaticUserWebFilter$StaticUserFilter) to context hddsDatanode
2019-08-23 16:26:01,707 [Thread-1054] INFO  http.HttpServer2 (HttpServer2.java:addFilter(958)) - Added filter static_user_filter (class=org.apache.hadoop.http.lib.StaticUserWebFilter$StaticUserFilter) to context logs
2019-08-23 16:26:01,707 [Thread-1054] INFO  http.HttpServer2 (HttpServer2.java:addFilter(958)) - Added filter static_user_filter (class=org.apache.hadoop.http.lib.StaticUserWebFilter$StaticUserFilter) to context static
2019-08-23 16:26:01,708 [Thread-1054] INFO  http.HttpServer2 (HttpServer2.java:bindListener(1191)) - Jetty bound to port 40823
2019-08-23 16:26:01,708 [Thread-1054] INFO  server.Server (Server.java:doStart(351)) - jetty-9.3.24.v20180605, build timestamp: 2018-06-05T17:11:56Z, git hash: 84205aa28f11a4f31f2a3b86d1bba2cc8ab69827
2019-08-23 16:26:01,710 [Thread-1054] INFO  handler.ContextHandler (ContextHandler.java:doStart(781)) - Started o.e.j.s.ServletContextHandler@2044b1d4{/logs,file:///workdir/hadoop-ozone/ozonefs/target/log,AVAILABLE}
2019-08-23 16:26:01,710 [Thread-1054] INFO  handler.ContextHandler (ContextHandler.java:doStart(781)) - Started o.e.j.s.ServletContextHandler@62f5248e{/static,jar:file:/home/user/.m2/repository/org/apache/hadoop/hadoop-hdds-container-service/0.5.0-SNAPSHOT/hadoop-hdds-container-service-0.5.0-SNAPSHOT.jar!/webapps/static,AVAILABLE}
2019-08-23 16:26:01,737 [Thread-1054] INFO  handler.ContextHandler (ContextHandler.java:doStart(781)) - Started o.e.j.w.WebAppContext@5d086a4f{/,file:///tmp/jetty-0.0.0.0-40823-hddsDatanode-_-any-7384543194155764888.dir/webapp/,AVAILABLE}{/hddsDatanode}
2019-08-23 16:26:01,738 [Thread-1054] INFO  server.AbstractConnector (AbstractConnector.java:doStart(278)) - Started ServerConnector@472c6749{HTTP/1.1,[http/1.1]}{0.0.0.0:40823}
2019-08-23 16:26:01,739 [Thread-1054] INFO  server.Server (Server.java:doStart(419)) - Started @88786ms
2019-08-23 16:26:01,740 [Thread-1054] INFO  server.BaseHttpServer (BaseHttpServer.java:updateConnectorAddress(213)) - HTTP server of HDDSDATANODE is listening at http://0.0.0.0:40823
2019-08-23 16:26:01,740 [Thread-1054] INFO  impl.MetricsSystemImpl (MetricsSystemImpl.java:init(158)) - HddsDatanode metrics system started (again)
2019-08-23 16:26:01,742 [org.apache.hadoop.util.JvmPauseMonitor$Monitor@5e62ab72] INFO  util.JvmPauseMonitor (JvmPauseMonitor.java:run(188)) - Starting JVM pause monitor
2019-08-23 16:26:01,742 [Thread-1054] INFO  ozone.HddsDatanodeService (HddsDatanodeService.java:start(184)) - HddsDatanodeService host:pr-hdds-738-hvzxd-2983279717 ip:192.168.5.135
2019-08-23 16:26:01,745 [Datanode State Machine Thread - 0] INFO  datanode.InitDatanodeState (InitDatanodeState.java:persistContainerDatanodeDetails(140)) - DatanodeDetails is persisted to /workdir/hadoop-ozone/ozonefs/target/test-dir/MiniOzoneClusterImpl-65c7d374-77ea-4ff7-a0a5-0274e3ac1d1c/datanode-0/meta/datanode.id
2019-08-23 16:26:01,748 [Thread-1054] INFO  volume.HddsVolume (HddsVolume.java:<init>(176)) - Creating Volume: /workdir/hadoop-ozone/ozonefs/target/test-dir/MiniOzoneClusterImpl-65c7d374-77ea-4ff7-a0a5-0274e3ac1d1c/datanode-1/data/containers/hdds of  storage type : DISK and capacity : 1482555576320
2019-08-23 16:26:01,748 [Thread-1054] INFO  volume.VolumeSet (VolumeSet.java:initializeVolumeSet(170)) - Added Volume : /workdir/hadoop-ozone/ozonefs/target/test-dir/MiniOzoneClusterImpl-65c7d374-77ea-4ff7-a0a5-0274e3ac1d1c/datanode-1/data/containers/hdds to VolumeSet
2019-08-23 16:26:01,748 [Thread-1054] INFO  volume.ThrottledAsyncChecker (ThrottledAsyncChecker.java:schedule(140)) - Scheduling a check for org.apache.hadoop.ozone.container.common.volume.HddsVolume@b002c8f
2019-08-23 16:26:01,749 [Thread-1054] INFO  volume.HddsVolumeChecker (HddsVolumeChecker.java:checkAllVolumes(203)) - Scheduled health check for volume org.apache.hadoop.ozone.container.common.volume.HddsVolume@b002c8f
2019-08-23 16:26:01,769 [Thread-1054] INFO  impl.RaftServerProxy (ConfUtils.java:logGet(43)) - raft.rpc.type = GRPC (default)
2019-08-23 16:26:01,770 [Thread-1054] INFO  grpc.GrpcFactory (GrpcFactory.java:checkPooledByteBufAllocatorUseCacheForAllThreads(45)) - PERFORMANCE WARNING: useCacheForAllThreads is true that may cause Netty to create a lot garbage objects and, as a result, trigger GC.
	It is recommended to disable useCacheForAllThreads by setting -Dorg.apache.ratis.thirdparty.io.netty.allocator.useCacheForAllThreads=false in command line.
2019-08-23 16:26:01,770 [Thread-1054] INFO  grpc.GrpcConfigKeys$Server (ConfUtils.java:logGet(43)) - raft.grpc.server.port = 0 (default)
2019-08-23 16:26:01,770 [Thread-1054] INFO  server.GrpcService (ConfUtils.java:logGet(43)) - raft.grpc.message.size.max = 33570816 (custom)
2019-08-23 16:26:01,770 [Thread-1054] INFO  server.RaftServerConfigKeys (ConfUtils.java:logGet(43)) - raft.server.log.appender.buffer.byte-limit = 33554432 (custom)
2019-08-23 16:26:01,770 [Thread-1054] INFO  server.GrpcService (ConfUtils.java:logGet(43)) - raft.grpc.flow.control.window = 1MB (=1048576) (default)
2019-08-23 16:26:01,770 [Thread-1054] INFO  server.RaftServerConfigKeys (ConfUtils.java:logGet(43)) - raft.server.rpc.request.timeout = 3000ms (default)
2019-08-23 16:26:01,771 [Thread-1054] INFO  server.RaftServerConfigKeys (ConfUtils.java:logGet(43)) - raft.server.storage.dir = [/workdir/hadoop-ozone/ozonefs/target/test-dir/MiniOzoneClusterImpl-65c7d374-77ea-4ff7-a0a5-0274e3ac1d1c/datanode-1/data/ratis] (custom)
2019-08-23 16:26:01,771 [Thread-1054] INFO  replication.SimpleContainerDownloader (SimpleContainerDownloader.java:<init>(72)) - Starting container downloader service to copy containers to replicate.
2019-08-23 16:26:01,772 [Thread-1054] INFO  hdfs.DFSUtil (DFSUtil.java:httpServerTemplateForNNAndJN(1641)) - Starting Web-server for hddsDatanode at: http://0.0.0.0:0
2019-08-23 16:26:01,774 [Thread-1054] INFO  server.AuthenticationFilter (AuthenticationFilter.java:constructSecretProvider(240)) - Unable to initialize FileSignerSecretProvider, falling back to use random secrets.
2019-08-23 16:26:01,774 [Thread-1054] WARN  http.HttpRequestLog (HttpRequestLog.java:getRequestLog(97)) - Jetty request log can only be enabled using Log4j
2019-08-23 16:26:01,776 [Thread-1054] INFO  http.HttpServer2 (HttpServer2.java:addGlobalFilter(975)) - Added global filter 'safety' (class=org.apache.hadoop.http.HttpServer2$QuotingInputFilter)
2019-08-23 16:26:01,776 [Thread-1054] INFO  http.HttpServer2 (HttpServer2.java:addFilter(948)) - Added filter static_user_filter (class=org.apache.hadoop.http.lib.StaticUserWebFilter$StaticUserFilter) to context hddsDatanode
2019-08-23 16:26:01,776 [Thread-1054] INFO  http.HttpServer2 (HttpServer2.java:addFilter(958)) - Added filter static_user_filter (class=org.apache.hadoop.http.lib.StaticUserWebFilter$StaticUserFilter) to context static
2019-08-23 16:26:01,777 [Thread-1054] INFO  http.HttpServer2 (HttpServer2.java:addFilter(958)) - Added filter static_user_filter (class=org.apache.hadoop.http.lib.StaticUserWebFilter$StaticUserFilter) to context logs
2019-08-23 16:26:01,777 [Thread-1054] INFO  http.HttpServer2 (HttpServer2.java:bindListener(1191)) - Jetty bound to port 33790
2019-08-23 16:26:01,777 [Thread-1054] INFO  server.Server (Server.java:doStart(351)) - jetty-9.3.24.v20180605, build timestamp: 2018-06-05T17:11:56Z, git hash: 84205aa28f11a4f31f2a3b86d1bba2cc8ab69827
2019-08-23 16:26:01,779 [Thread-1054] INFO  handler.ContextHandler (ContextHandler.java:doStart(781)) - Started o.e.j.s.ServletContextHandler@7e7086f6{/logs,file:///workdir/hadoop-ozone/ozonefs/target/log,AVAILABLE}
2019-08-23 16:26:01,780 [Thread-1054] INFO  handler.ContextHandler (ContextHandler.java:doStart(781)) - Started o.e.j.s.ServletContextHandler@e7fd6dd{/static,jar:file:/home/user/.m2/repository/org/apache/hadoop/hadoop-hdds-container-service/0.5.0-SNAPSHOT/hadoop-hdds-container-service-0.5.0-SNAPSHOT.jar!/webapps/static,AVAILABLE}
2019-08-23 16:26:01,807 [Thread-1054] INFO  handler.ContextHandler (ContextHandler.java:doStart(781)) - Started o.e.j.w.WebAppContext@122e1598{/,file:///tmp/jetty-0.0.0.0-33790-hddsDatanode-_-any-2224815402219170270.dir/webapp/,AVAILABLE}{/hddsDatanode}
2019-08-23 16:26:01,809 [Thread-1054] INFO  server.AbstractConnector (AbstractConnector.java:doStart(278)) - Started ServerConnector@27ffc528{HTTP/1.1,[http/1.1]}{0.0.0.0:33790}
2019-08-23 16:26:01,809 [Thread-1054] INFO  server.Server (Server.java:doStart(419)) - Started @88856ms
2019-08-23 16:26:01,809 [Thread-1054] INFO  server.BaseHttpServer (BaseHttpServer.java:updateConnectorAddress(213)) - HTTP server of HDDSDATANODE is listening at http://0.0.0.0:33790
2019-08-23 16:26:01,810 [Thread-1054] INFO  impl.MetricsSystemImpl (MetricsSystemImpl.java:init(158)) - HddsDatanode metrics system started (again)
2019-08-23 16:26:01,812 [org.apache.hadoop.util.JvmPauseMonitor$Monitor@50c85079] INFO  util.JvmPauseMonitor (JvmPauseMonitor.java:run(188)) - Starting JVM pause monitor
2019-08-23 16:26:01,812 [Thread-1054] INFO  ozone.HddsDatanodeService (HddsDatanodeService.java:start(184)) - HddsDatanodeService host:pr-hdds-738-hvzxd-2983279717 ip:192.168.5.135
2019-08-23 16:26:01,814 [Datanode State Machine Thread - 0] INFO  datanode.InitDatanodeState (InitDatanodeState.java:persistContainerDatanodeDetails(140)) - DatanodeDetails is persisted to /workdir/hadoop-ozone/ozonefs/target/test-dir/MiniOzoneClusterImpl-65c7d374-77ea-4ff7-a0a5-0274e3ac1d1c/datanode-1/meta/datanode.id
2019-08-23 16:26:01,817 [Thread-1054] INFO  volume.HddsVolume (HddsVolume.java:<init>(176)) - Creating Volume: /workdir/hadoop-ozone/ozonefs/target/test-dir/MiniOzoneClusterImpl-65c7d374-77ea-4ff7-a0a5-0274e3ac1d1c/datanode-2/data/containers/hdds of  storage type : DISK and capacity : 1482555576320
2019-08-23 16:26:01,818 [Thread-1054] INFO  volume.VolumeSet (VolumeSet.java:initializeVolumeSet(170)) - Added Volume : /workdir/hadoop-ozone/ozonefs/target/test-dir/MiniOzoneClusterImpl-65c7d374-77ea-4ff7-a0a5-0274e3ac1d1c/datanode-2/data/containers/hdds to VolumeSet
2019-08-23 16:26:01,818 [Thread-1054] INFO  volume.ThrottledAsyncChecker (ThrottledAsyncChecker.java:schedule(140)) - Scheduling a check for org.apache.hadoop.ozone.container.common.volume.HddsVolume@33f592d0
2019-08-23 16:26:01,818 [Thread-1054] INFO  volume.HddsVolumeChecker (HddsVolumeChecker.java:checkAllVolumes(203)) - Scheduled health check for volume org.apache.hadoop.ozone.container.common.volume.HddsVolume@33f592d0
2019-08-23 16:26:01,842 [Thread-1054] INFO  impl.RaftServerProxy (ConfUtils.java:logGet(43)) - raft.rpc.type = GRPC (default)
2019-08-23 16:26:01,842 [Thread-1054] INFO  grpc.GrpcFactory (GrpcFactory.java:checkPooledByteBufAllocatorUseCacheForAllThreads(45)) - PERFORMANCE WARNING: useCacheForAllThreads is true that may cause Netty to create a lot garbage objects and, as a result, trigger GC.
	It is recommended to disable useCacheForAllThreads by setting -Dorg.apache.ratis.thirdparty.io.netty.allocator.useCacheForAllThreads=false in command line.
2019-08-23 16:26:01,842 [Thread-1054] INFO  grpc.GrpcConfigKeys$Server (ConfUtils.java:logGet(43)) - raft.grpc.server.port = 0 (default)
2019-08-23 16:26:01,843 [Thread-1054] INFO  server.GrpcService (ConfUtils.java:logGet(43)) - raft.grpc.message.size.max = 33570816 (custom)
2019-08-23 16:26:01,843 [Thread-1054] INFO  server.RaftServerConfigKeys (ConfUtils.java:logGet(43)) - raft.server.log.appender.buffer.byte-limit = 33554432 (custom)
2019-08-23 16:26:01,843 [Thread-1054] INFO  server.GrpcService (ConfUtils.java:logGet(43)) - raft.grpc.flow.control.window = 1MB (=1048576) (default)
2019-08-23 16:26:01,843 [Thread-1054] INFO  server.RaftServerConfigKeys (ConfUtils.java:logGet(43)) - raft.server.rpc.request.timeout = 3000ms (default)
2019-08-23 16:26:01,844 [Thread-1054] INFO  server.RaftServerConfigKeys (ConfUtils.java:logGet(43)) - raft.server.storage.dir = [/workdir/hadoop-ozone/ozonefs/target/test-dir/MiniOzoneClusterImpl-65c7d374-77ea-4ff7-a0a5-0274e3ac1d1c/datanode-2/data/ratis] (custom)
2019-08-23 16:26:01,844 [Thread-1054] INFO  replication.SimpleContainerDownloader (SimpleContainerDownloader.java:<init>(72)) - Starting container downloader service to copy containers to replicate.
2019-08-23 16:26:01,845 [Thread-1054] INFO  hdfs.DFSUtil (DFSUtil.java:httpServerTemplateForNNAndJN(1641)) - Starting Web-server for hddsDatanode at: http://0.0.0.0:0
2019-08-23 16:26:01,847 [Thread-1054] INFO  server.AuthenticationFilter (AuthenticationFilter.java:constructSecretProvider(240)) - Unable to initialize FileSignerSecretProvider, falling back to use random secrets.
2019-08-23 16:26:01,848 [Thread-1054] WARN  http.HttpRequestLog (HttpRequestLog.java:getRequestLog(97)) - Jetty request log can only be enabled using Log4j
2019-08-23 16:26:01,850 [Thread-1054] INFO  http.HttpServer2 (HttpServer2.java:addGlobalFilter(975)) - Added global filter 'safety' (class=org.apache.hadoop.http.HttpServer2$QuotingInputFilter)
2019-08-23 16:26:01,851 [Thread-1054] INFO  http.HttpServer2 (HttpServer2.java:addFilter(948)) - Added filter static_user_filter (class=org.apache.hadoop.http.lib.StaticUserWebFilter$StaticUserFilter) to context hddsDatanode
2019-08-23 16:26:01,851 [Thread-1054] INFO  http.HttpServer2 (HttpServer2.java:addFilter(958)) - Added filter static_user_filter (class=org.apache.hadoop.http.lib.StaticUserWebFilter$StaticUserFilter) to context static
2019-08-23 16:26:01,851 [Thread-1054] INFO  http.HttpServer2 (HttpServer2.java:addFilter(958)) - Added filter static_user_filter (class=org.apache.hadoop.http.lib.StaticUserWebFilter$StaticUserFilter) to context logs
2019-08-23 16:26:01,852 [Thread-1054] INFO  http.HttpServer2 (HttpServer2.java:bindListener(1191)) - Jetty bound to port 34305
2019-08-23 16:26:01,852 [Thread-1054] INFO  server.Server (Server.java:doStart(351)) - jetty-9.3.24.v20180605, build timestamp: 2018-06-05T17:11:56Z, git hash: 84205aa28f11a4f31f2a3b86d1bba2cc8ab69827
2019-08-23 16:26:01,853 [Thread-1054] INFO  handler.ContextHandler (ContextHandler.java:doStart(781)) - Started o.e.j.s.ServletContextHandler@36633e18{/logs,file:///workdir/hadoop-ozone/ozonefs/target/log,AVAILABLE}
2019-08-23 16:26:01,854 [Thread-1054] INFO  handler.ContextHandler (ContextHandler.java:doStart(781)) - Started o.e.j.s.ServletContextHandler@3d422b84{/static,jar:file:/home/user/.m2/repository/org/apache/hadoop/hadoop-hdds-container-service/0.5.0-SNAPSHOT/hadoop-hdds-container-service-0.5.0-SNAPSHOT.jar!/webapps/static,AVAILABLE}
2019-08-23 16:26:01,882 [Thread-1054] INFO  handler.ContextHandler (ContextHandler.java:doStart(781)) - Started o.e.j.w.WebAppContext@3d0b8c5f{/,file:///tmp/jetty-0.0.0.0-34305-hddsDatanode-_-any-4126499175949373942.dir/webapp/,AVAILABLE}{/hddsDatanode}
2019-08-23 16:26:01,882 [Thread-1054] INFO  server.AbstractConnector (AbstractConnector.java:doStart(278)) - Started ServerConnector@383aa7ec{HTTP/1.1,[http/1.1]}{0.0.0.0:34305}
2019-08-23 16:26:01,883 [Thread-1054] INFO  server.Server (Server.java:doStart(419)) - Started @88931ms
2019-08-23 16:26:01,884 [Thread-1054] INFO  server.BaseHttpServer (BaseHttpServer.java:updateConnectorAddress(213)) - HTTP server of HDDSDATANODE is listening at http://0.0.0.0:34305
2019-08-23 16:26:01,884 [Thread-1054] INFO  ozone.MiniOzoneClusterImpl (MiniOzoneClusterImpl.java:lambda$waitForClusterToBeReady$0(140)) - Waiting for cluster to be ready. Got 0 of 3 DN Heartbeats.
2019-08-23 16:26:01,885 [org.apache.hadoop.util.JvmPauseMonitor$Monitor@4a36d20e] INFO  util.JvmPauseMonitor (JvmPauseMonitor.java:run(188)) - Starting JVM pause monitor
2019-08-23 16:26:01,887 [Datanode State Machine Thread - 0] INFO  datanode.InitDatanodeState (InitDatanodeState.java:persistContainerDatanodeDetails(140)) - DatanodeDetails is persisted to /workdir/hadoop-ozone/ozonefs/target/test-dir/MiniOzoneClusterImpl-65c7d374-77ea-4ff7-a0a5-0274e3ac1d1c/datanode-2/meta/datanode.id
2019-08-23 16:26:02,884 [Thread-1054] INFO  ozone.MiniOzoneClusterImpl (MiniOzoneClusterImpl.java:lambda$waitForClusterToBeReady$0(140)) - Waiting for cluster to be ready. Got 0 of 3 DN Heartbeats.
2019-08-23 16:26:03,747 | INFO  | SCMAudit | user=jenkins1000 | ip=192.168.5.135 | op=GET_VERSION null | ret=SUCCESS |  
2019-08-23 16:26:03,763 [Datanode State Machine Thread - 0] INFO  ozoneimpl.OzoneContainer (OzoneContainer.java:start(186)) - Attempting to start container services.
2019-08-23 16:26:03,763 [Datanode State Machine Thread - 0] INFO  ozoneimpl.OzoneContainer (OzoneContainer.java:startContainerScrub(160)) - Background container scrubber has been disabled by hdds.containerscrub.enabled
2019-08-23 16:26:03,763 [Datanode State Machine Thread - 0] INFO  ratis.XceiverServerRatis (XceiverServerRatis.java:start(404)) - Starting XceiverServerRatis 1ab7c03b-9667-49b2-8e22-cb721609aa90 at port 0
2019-08-23 16:26:03,771 [Datanode State Machine Thread - 0] INFO  impl.RaftServerProxy (RaftServerProxy.java:lambda$start$3(299)) - 1ab7c03b-9667-49b2-8e22-cb721609aa90: start RPC server
2019-08-23 16:26:03,775 [Datanode State Machine Thread - 0] INFO  server.GrpcService (GrpcService.java:startImpl(149)) - 1ab7c03b-9667-49b2-8e22-cb721609aa90: GrpcService started, listening on 0.0.0.0/0.0.0.0:36696
2019-08-23 16:26:03,775 [Datanode State Machine Thread - 0] INFO  ratis.XceiverServerRatis (XceiverServerRatis.java:start(414)) - XceiverServerRatis 1ab7c03b-9667-49b2-8e22-cb721609aa90 is started using port 36696
2019-08-23 16:26:03,776 [Datanode State Machine Thread - 0] INFO  server.XceiverServerGrpc (XceiverServerGrpc.java:start(161)) - XceiverServerGrpc 1ab7c03b-9667-49b2-8e22-cb721609aa90 is started using port 34920
2019-08-23 16:26:03,812 | INFO  | SCMAudit | user=jenkins1000 | ip=192.168.5.135 | op=GET_VERSION null | ret=SUCCESS |  
2019-08-23 16:26:03,826 [Datanode State Machine Thread - 0] INFO  ozoneimpl.OzoneContainer (OzoneContainer.java:start(186)) - Attempting to start container services.
2019-08-23 16:26:03,826 [Datanode State Machine Thread - 0] INFO  ozoneimpl.OzoneContainer (OzoneContainer.java:startContainerScrub(160)) - Background container scrubber has been disabled by hdds.containerscrub.enabled
2019-08-23 16:26:03,826 [Datanode State Machine Thread - 0] INFO  ratis.XceiverServerRatis (XceiverServerRatis.java:start(404)) - Starting XceiverServerRatis 87f14ea1-3348-4777-bc43-d21fe6a39e55 at port 0
2019-08-23 16:26:03,833 [Datanode State Machine Thread - 0] INFO  impl.RaftServerProxy (RaftServerProxy.java:lambda$start$3(299)) - 87f14ea1-3348-4777-bc43-d21fe6a39e55: start RPC server
2019-08-23 16:26:03,834 [Datanode State Machine Thread - 0] INFO  server.GrpcService (GrpcService.java:startImpl(149)) - 87f14ea1-3348-4777-bc43-d21fe6a39e55: GrpcService started, listening on 0.0.0.0/0.0.0.0:34054
2019-08-23 16:26:03,835 [Datanode State Machine Thread - 0] INFO  ratis.XceiverServerRatis (XceiverServerRatis.java:start(414)) - XceiverServerRatis 87f14ea1-3348-4777-bc43-d21fe6a39e55 is started using port 34054
2019-08-23 16:26:03,835 [Datanode State Machine Thread - 0] INFO  server.XceiverServerGrpc (XceiverServerGrpc.java:start(161)) - XceiverServerGrpc 87f14ea1-3348-4777-bc43-d21fe6a39e55 is started using port 41460
2019-08-23 16:26:03,885 [Thread-1054] INFO  ozone.MiniOzoneClusterImpl (MiniOzoneClusterImpl.java:lambda$waitForClusterToBeReady$0(140)) - Waiting for cluster to be ready. Got 0 of 3 DN Heartbeats.
2019-08-23 16:26:03,887 | INFO  | SCMAudit | user=jenkins1000 | ip=192.168.5.135 | op=GET_VERSION null | ret=SUCCESS |  
2019-08-23 16:26:03,901 [Datanode State Machine Thread - 0] INFO  ozoneimpl.OzoneContainer (OzoneContainer.java:start(186)) - Attempting to start container services.
2019-08-23 16:26:03,901 [Datanode State Machine Thread - 0] INFO  ozoneimpl.OzoneContainer (OzoneContainer.java:startContainerScrub(160)) - Background container scrubber has been disabled by hdds.containerscrub.enabled
2019-08-23 16:26:03,901 [Datanode State Machine Thread - 0] INFO  ratis.XceiverServerRatis (XceiverServerRatis.java:start(404)) - Starting XceiverServerRatis 275d4702-7309-4baf-8e37-b3bdbb85f52d at port 0
2019-08-23 16:26:03,909 [Datanode State Machine Thread - 0] INFO  impl.RaftServerProxy (RaftServerProxy.java:lambda$start$3(299)) - 275d4702-7309-4baf-8e37-b3bdbb85f52d: start RPC server
2019-08-23 16:26:03,910 [Datanode State Machine Thread - 0] INFO  server.GrpcService (GrpcService.java:startImpl(149)) - 275d4702-7309-4baf-8e37-b3bdbb85f52d: GrpcService started, listening on 0.0.0.0/0.0.0.0:39435
2019-08-23 16:26:03,910 [Datanode State Machine Thread - 0] INFO  ratis.XceiverServerRatis (XceiverServerRatis.java:start(414)) - XceiverServerRatis 275d4702-7309-4baf-8e37-b3bdbb85f52d is started using port 39435
2019-08-23 16:26:03,911 [Datanode State Machine Thread - 0] INFO  server.XceiverServerGrpc (XceiverServerGrpc.java:start(161)) - XceiverServerGrpc 275d4702-7309-4baf-8e37-b3bdbb85f52d is started using port 44369
2019-08-23 16:26:04,885 [Thread-1054] INFO  ozone.MiniOzoneClusterImpl (MiniOzoneClusterImpl.java:lambda$waitForClusterToBeReady$0(140)) - Waiting for cluster to be ready. Got 0 of 3 DN Heartbeats.
2019-08-23 16:26:05,748 [IPC Server handler 0 on 38076] INFO  net.NetworkTopology (NetworkTopologyImpl.java:add(110)) - Added a new node: /default-rack/1ab7c03b-9667-49b2-8e22-cb721609aa90
2019-08-23 16:26:05,749 [IPC Server handler 0 on 38076] INFO  node.SCMNodeManager (SCMNodeManager.java:register(273)) - Registered Data node : 1ab7c03b-9667-49b2-8e22-cb721609aa90{ip: 192.168.5.135, host: pr-hdds-738-hvzxd-2983279717, networkLocation: /default-rack, certSerialId: null}
2019-08-23 16:26:05,750 [EventQueue-NodeRegistrationContainerReportForDataNodeSafeModeRule] INFO  safemode.SCMSafeModeManager (DataNodeSafeModeRule.java:process(71)) - SCM in safe mode. 1 DataNodes registered, 1 required.
2019-08-23 16:26:05,755 [EventQueue-NodeRegistrationContainerReportForContainerSafeModeRule] INFO  safemode.SCMSafeModeManager (SCMSafeModeManager.java:validateSafeModeExitRules(177)) - ScmSafeModeManager, all rules are successfully validated
2019-08-23 16:26:05,755 [EventQueue-NodeRegistrationContainerReportForContainerSafeModeRule] INFO  safemode.SCMSafeModeManager (SCMSafeModeManager.java:exitSafeMode(193)) - SCM exiting safe mode.
2019-08-23 16:26:05,755 | INFO  | SCMAudit | user=jenkins1000 | ip=192.168.5.135 | op=REGISTER {datanodeDetails=1ab7c03b-9667-49b2-8e22-cb721609aa90{ip: 192.168.5.135, host: pr-hdds-738-hvzxd-2983279717, networkLocation: /default-rack, certSerialId: null}} | ret=SUCCESS |  
2019-08-23 16:26:05,778 [grpc-default-executor-0] INFO  impl.RaftServerProxy (RaftServerProxy.java:addNew(89)) - 1ab7c03b-9667-49b2-8e22-cb721609aa90: addNew group-1E3683B94A43:[1ab7c03b-9667-49b2-8e22-cb721609aa90:192.168.5.135:36696] returns group-1E3683B94A43:java.util.concurrent.CompletableFuture@64722991[Not completed]
2019-08-23 16:26:05,780 [pool-292-thread-1] INFO  impl.RaftServerImpl (RaftServerImpl.java:<init>(93)) - 1ab7c03b-9667-49b2-8e22-cb721609aa90: new RaftServerImpl for group-1E3683B94A43:[1ab7c03b-9667-49b2-8e22-cb721609aa90:192.168.5.135:36696] with ContainerStateMachine:uninitialized
2019-08-23 16:26:05,781 [pool-292-thread-1] INFO  server.RaftServerConfigKeys (ConfUtils.java:logGet(43)) - raft.server.rpc.timeout.min = 5s (custom)
2019-08-23 16:26:05,781 [pool-292-thread-1] INFO  server.RaftServerConfigKeys (ConfUtils.java:logGet(43)) - raft.server.rpc.timeout.max = 5200ms (custom)
2019-08-23 16:26:05,781 [pool-292-thread-1] INFO  server.RaftServerConfigKeys (ConfUtils.java:logGet(43)) - raft.server.rpcslowness.timeout = 120s (custom)
2019-08-23 16:26:05,781 [pool-292-thread-1] INFO  server.RaftServerConfigKeys (ConfUtils.java:logGet(43)) - raft.server.sleep.deviation.threshold = 300 (default)
2019-08-23 16:26:05,781 [pool-292-thread-1] INFO  server.RaftServerConfigKeys (ConfUtils.java:logGet(43)) - raft.server.log.appender.install.snapshot.enabled = false (custom)
2019-08-23 16:26:05,781 [pool-292-thread-1] INFO  impl.RaftServerImpl (ServerState.java:<init>(105)) - 1ab7c03b-9667-49b2-8e22-cb721609aa90:group-1E3683B94A43 ConfigurationManager, init=-1: [1ab7c03b-9667-49b2-8e22-cb721609aa90:192.168.5.135:36696], old=null, confs=<EMPTY_MAP>
2019-08-23 16:26:05,782 [pool-292-thread-1] INFO  server.RaftServerConfigKeys (ConfUtils.java:logGet(43)) - raft.server.storage.dir = [/workdir/hadoop-ozone/ozonefs/target/test-dir/MiniOzoneClusterImpl-65c7d374-77ea-4ff7-a0a5-0274e3ac1d1c/datanode-0/data/ratis] (custom)
2019-08-23 16:26:05,782 [pool-292-thread-1] INFO  storage.RaftStorageDirectory (RaftStorageDirectory.java:analyzeStorage(246)) - The storage directory /workdir/hadoop-ozone/ozonefs/target/test-dir/MiniOzoneClusterImpl-65c7d374-77ea-4ff7-a0a5-0274e3ac1d1c/datanode-0/data/ratis/f6e839fc-7870-4316-b7d3-1e3683b94a43 does not exist. Creating ...
2019-08-23 16:26:05,795 [pool-292-thread-1] INFO  storage.RaftStorageDirectory (RaftStorageDirectory.java:tryLock(328)) - Lock on /workdir/hadoop-ozone/ozonefs/target/test-dir/MiniOzoneClusterImpl-65c7d374-77ea-4ff7-a0a5-0274e3ac1d1c/datanode-0/data/ratis/f6e839fc-7870-4316-b7d3-1e3683b94a43/in_use.lock acquired by nodename 14400@pr-hdds-738-hvzxd-2983279717
2019-08-23 16:26:05,808 [pool-292-thread-1] INFO  storage.RaftStorage (RaftStorage.java:format(72)) - Storage directory /workdir/hadoop-ozone/ozonefs/target/test-dir/MiniOzoneClusterImpl-65c7d374-77ea-4ff7-a0a5-0274e3ac1d1c/datanode-0/data/ratis/f6e839fc-7870-4316-b7d3-1e3683b94a43 has been successfully formatted.
2019-08-23 16:26:05,809 [pool-292-thread-1] INFO  ratis.ContainerStateMachine (ContainerStateMachine.java:loadSnapshot(226)) - group-1E3683B94A43: The snapshot info is null. Setting the last applied indexto:(t:0, i:~)
2019-08-23 16:26:05,809 [pool-292-thread-1] INFO  server.RaftServerConfigKeys (ConfUtils.java:logGet(43)) - raft.server.leader.election.timeout = 120s (custom)
2019-08-23 16:26:05,809 [pool-292-thread-1] INFO  server.RaftServerConfigKeys (ConfUtils.java:logGet(43)) - raft.server.log.use.memory = false (default)
2019-08-23 16:26:05,809 [pool-292-thread-1] INFO  server.RaftServerConfigKeys (ConfUtils.java:logGet(43)) - raft.server.log.purge.gap = 1000000 (custom)
2019-08-23 16:26:05,810 [pool-292-thread-1] INFO  server.RaftServerConfigKeys (ConfUtils.java:logGet(43)) - raft.server.log.appender.buffer.byte-limit = 33554432 (custom)
2019-08-23 16:26:05,810 [pool-292-thread-1] INFO  server.RaftServerConfigKeys (ConfUtils.java:logGet(43)) - raft.server.log.segment.size.max = 1048576 (custom)
2019-08-23 16:26:05,810 [pool-292-thread-1] INFO  server.RaftServerConfigKeys (ConfUtils.java:logGet(43)) - raft.server.log.segment.cache.num.max = 2 (custom)
2019-08-23 16:26:05,810 [pool-292-thread-1] INFO  segmented.SegmentedRaftLogWorker (SegmentedRaftLogWorker.java:<init>(172)) - new 1ab7c03b-9667-49b2-8e22-cb721609aa90-SegmentedRaftLogWorker:Storage Directory /workdir/hadoop-ozone/ozonefs/target/test-dir/MiniOzoneClusterImpl-65c7d374-77ea-4ff7-a0a5-0274e3ac1d1c/datanode-0/data/ratis/f6e839fc-7870-4316-b7d3-1e3683b94a43 for RaftStorage:Storage Directory /workdir/hadoop-ozone/ozonefs/target/test-dir/MiniOzoneClusterImpl-65c7d374-77ea-4ff7-a0a5-0274e3ac1d1c/datanode-0/data/ratis/f6e839fc-7870-4316-b7d3-1e3683b94a43
2019-08-23 16:26:05,811 [pool-292-thread-1] INFO  server.RaftServerConfigKeys (ConfUtils.java:logGet(43)) - raft.server.log.queue.byte-limit = 2147483647 (custom)
2019-08-23 16:26:05,811 [pool-292-thread-1] INFO  server.RaftServerConfigKeys (ConfUtils.java:logGet(43)) - raft.server.log.queue.element-limit = 1024 (custom)
2019-08-23 16:26:05,811 [pool-292-thread-1] INFO  server.RaftServerConfigKeys (ConfUtils.java:logGet(43)) - raft.server.log.segment.size.max = 1048576 (custom)
2019-08-23 16:26:05,811 [pool-292-thread-1] INFO  server.RaftServerConfigKeys (ConfUtils.java:logGet(43)) - raft.server.log.preallocated.size = 16384 (custom)
2019-08-23 16:26:05,811 [pool-292-thread-1] INFO  server.RaftServerConfigKeys (ConfUtils.java:logGet(43)) - raft.server.log.write.buffer.size = 33554432 (custom)
2019-08-23 16:26:05,812 [pool-292-thread-1] INFO  server.RaftServerConfigKeys (ConfUtils.java:logGet(43)) - raft.server.log.force.sync.num = 128 (default)
2019-08-23 16:26:05,812 [pool-292-thread-1] INFO  server.RaftServerConfigKeys (ConfUtils.java:logGet(43)) - raft.server.log.statemachine.data.sync = true (default)
2019-08-23 16:26:05,812 [pool-292-thread-1] INFO  server.RaftServerConfigKeys (ConfUtils.java:logGet(43)) - raft.server.log.statemachine.data.sync.timeout = 10s (default)
2019-08-23 16:26:05,812 [pool-292-thread-1] INFO  server.RaftServerConfigKeys (ConfUtils.java:logGet(43)) - raft.server.log.statemachine.data.sync.timeout.retry = -1 (default)
2019-08-23 16:26:05,813 [pool-292-thread-1] INFO  server.RaftServerConfigKeys (ConfUtils.java:logGet(43)) - raft.server.log.statemachine.data.caching.enabled = true (custom)
2019-08-23 16:26:05,813 [IPC Server handler 1 on 38076] INFO  net.NetworkTopology (NetworkTopologyImpl.java:add(110)) - Added a new node: /default-rack/87f14ea1-3348-4777-bc43-d21fe6a39e55
2019-08-23 16:26:05,813 [pool-292-thread-1] INFO  segmented.SegmentedRaftLogWorker (SegmentedRaftLogWorker.java:lambda$new$0(132)) - 1ab7c03b-9667-49b2-8e22-cb721609aa90-SegmentedRaftLogWorker:Storage Directory /workdir/hadoop-ozone/ozonefs/target/test-dir/MiniOzoneClusterImpl-65c7d374-77ea-4ff7-a0a5-0274e3ac1d1c/datanode-0/data/ratis/f6e839fc-7870-4316-b7d3-1e3683b94a43: flushIndex: setUnconditionally 0 -> -1
2019-08-23 16:26:05,813 [IPC Server handler 1 on 38076] INFO  node.SCMNodeManager (SCMNodeManager.java:register(273)) - Registered Data node : 87f14ea1-3348-4777-bc43-d21fe6a39e55{ip: 192.168.5.135, host: pr-hdds-738-hvzxd-2983279717, networkLocation: /default-rack, certSerialId: null}
2019-08-23 16:26:05,814 [pool-292-thread-1] INFO  server.RaftServerConfigKeys (ConfUtils.java:logGet(43)) - raft.server.snapshot.auto.trigger.enabled = true (custom)
2019-08-23 16:26:05,814 | INFO  | SCMAudit | user=jenkins1000 | ip=192.168.5.135 | op=REGISTER {datanodeDetails=87f14ea1-3348-4777-bc43-d21fe6a39e55{ip: 192.168.5.135, host: pr-hdds-738-hvzxd-2983279717, networkLocation: /default-rack, certSerialId: null}} | ret=SUCCESS |  
2019-08-23 16:26:05,814 [pool-292-thread-1] INFO  server.RaftServerConfigKeys (ConfUtils.java:logGet(43)) - raft.server.snapshot.auto.trigger.threshold = 10000 (custom)
2019-08-23 16:26:05,814 [pool-292-thread-1] INFO  server.RaftServerConfigKeys (ConfUtils.java:logGet(43)) - raft.server.retrycache.expirytime = 600000ms (custom)
2019-08-23 16:26:05,815 [pool-292-thread-1] INFO  impl.RaftServerImpl (RaftServerImpl.java:start(180)) - 1ab7c03b-9667-49b2-8e22-cb721609aa90: start group-1E3683B94A43
2019-08-23 16:26:05,815 [pool-292-thread-1] INFO  impl.RaftServerImpl (RaftServerImpl.java:setRole(171)) - 1ab7c03b-9667-49b2-8e22-cb721609aa90:group-1E3683B94A43 changes role from null to FOLLOWER at term 0 for startAsFollower
2019-08-23 16:26:05,815 [pool-292-thread-1] INFO  impl.RoleInfo (RoleInfo.java:updateAndGet(143)) - 1ab7c03b-9667-49b2-8e22-cb721609aa90: start FollowerState
2019-08-23 16:26:05,816 [pool-292-thread-1] INFO  util.JmxRegister (JmxRegister.java:tryRegister(44)) - Successfully registered JMX Bean with object name Ratis:service=RaftServer,group=group-1E3683B94A43,id=1ab7c03b-9667-49b2-8e22-cb721609aa90
2019-08-23 16:26:05,821 [RatisPipelineUtilsThread] INFO  pipeline.PipelineStateManager (PipelineStateManager.java:addPipeline(56)) - Created pipeline Pipeline[ Id: f6e839fc-7870-4316-b7d3-1e3683b94a43, Nodes: 1ab7c03b-9667-49b2-8e22-cb721609aa90{ip: 192.168.5.135, host: pr-hdds-738-hvzxd-2983279717, networkLocation: /default-rack, certSerialId: null}, Type:RATIS, Factor:ONE, State:OPEN]
2019-08-23 16:26:05,832 [grpc-default-executor-0] INFO  impl.RaftServerProxy (RaftServerProxy.java:addNew(89)) - 87f14ea1-3348-4777-bc43-d21fe6a39e55: addNew group-531B5FC2829F:[87f14ea1-3348-4777-bc43-d21fe6a39e55:192.168.5.135:34054] returns group-531B5FC2829F:java.util.concurrent.CompletableFuture@711647cc[Not completed]
2019-08-23 16:26:05,833 [pool-303-thread-1] INFO  impl.RaftServerImpl (RaftServerImpl.java:<init>(93)) - 87f14ea1-3348-4777-bc43-d21fe6a39e55: new RaftServerImpl for group-531B5FC2829F:[87f14ea1-3348-4777-bc43-d21fe6a39e55:192.168.5.135:34054] with ContainerStateMachine:uninitialized
2019-08-23 16:26:05,834 [pool-303-thread-1] INFO  server.RaftServerConfigKeys (ConfUtils.java:logGet(43)) - raft.server.rpc.timeout.min = 5s (custom)
2019-08-23 16:26:05,834 [pool-303-thread-1] INFO  server.RaftServerConfigKeys (ConfUtils.java:logGet(43)) - raft.server.rpc.timeout.max = 5200ms (custom)
2019-08-23 16:26:05,834 [pool-303-thread-1] INFO  server.RaftServerConfigKeys (ConfUtils.java:logGet(43)) - raft.server.rpcslowness.timeout = 120s (custom)
2019-08-23 16:26:05,834 [pool-303-thread-1] INFO  server.RaftServerConfigKeys (ConfUtils.java:logGet(43)) - raft.server.sleep.deviation.threshold = 300 (default)
2019-08-23 16:26:05,834 [pool-303-thread-1] INFO  server.RaftServerConfigKeys (ConfUtils.java:logGet(43)) - raft.server.log.appender.install.snapshot.enabled = false (custom)
2019-08-23 16:26:05,834 [pool-303-thread-1] INFO  impl.RaftServerImpl (ServerState.java:<init>(105)) - 87f14ea1-3348-4777-bc43-d21fe6a39e55:group-531B5FC2829F ConfigurationManager, init=-1: [87f14ea1-3348-4777-bc43-d21fe6a39e55:192.168.5.135:34054], old=null, confs=<EMPTY_MAP>
2019-08-23 16:26:05,835 [pool-303-thread-1] INFO  server.RaftServerConfigKeys (ConfUtils.java:logGet(43)) - raft.server.storage.dir = [/workdir/hadoop-ozone/ozonefs/target/test-dir/MiniOzoneClusterImpl-65c7d374-77ea-4ff7-a0a5-0274e3ac1d1c/datanode-1/data/ratis] (custom)
2019-08-23 16:26:05,835 [pool-303-thread-1] INFO  storage.RaftStorageDirectory (RaftStorageDirectory.java:analyzeStorage(246)) - The storage directory /workdir/hadoop-ozone/ozonefs/target/test-dir/MiniOzoneClusterImpl-65c7d374-77ea-4ff7-a0a5-0274e3ac1d1c/datanode-1/data/ratis/f827978b-9abd-4ad3-b6e9-531b5fc2829f does not exist. Creating ...
2019-08-23 16:26:05,848 [pool-303-thread-1] INFO  storage.RaftStorageDirectory (RaftStorageDirectory.java:tryLock(328)) - Lock on /workdir/hadoop-ozone/ozonefs/target/test-dir/MiniOzoneClusterImpl-65c7d374-77ea-4ff7-a0a5-0274e3ac1d1c/datanode-1/data/ratis/f827978b-9abd-4ad3-b6e9-531b5fc2829f/in_use.lock acquired by nodename 14400@pr-hdds-738-hvzxd-2983279717
2019-08-23 16:26:05,861 [pool-303-thread-1] INFO  storage.RaftStorage (RaftStorage.java:format(72)) - Storage directory /workdir/hadoop-ozone/ozonefs/target/test-dir/MiniOzoneClusterImpl-65c7d374-77ea-4ff7-a0a5-0274e3ac1d1c/datanode-1/data/ratis/f827978b-9abd-4ad3-b6e9-531b5fc2829f has been successfully formatted.
2019-08-23 16:26:05,861 [pool-303-thread-1] INFO  ratis.ContainerStateMachine (ContainerStateMachine.java:loadSnapshot(226)) - group-531B5FC2829F: The snapshot info is null. Setting the last applied indexto:(t:0, i:~)
2019-08-23 16:26:05,861 [pool-303-thread-1] INFO  server.RaftServerConfigKeys (ConfUtils.java:logGet(43)) - raft.server.leader.election.timeout = 120s (custom)
2019-08-23 16:26:05,861 [pool-303-thread-1] INFO  server.RaftServerConfigKeys (ConfUtils.java:logGet(43)) - raft.server.log.use.memory = false (default)
2019-08-23 16:26:05,861 [pool-303-thread-1] INFO  server.RaftServerConfigKeys (ConfUtils.java:logGet(43)) - raft.server.log.purge.gap = 1000000 (custom)
2019-08-23 16:26:05,862 [pool-303-thread-1] INFO  server.RaftServerConfigKeys (ConfUtils.java:logGet(43)) - raft.server.log.appender.buffer.byte-limit = 33554432 (custom)
2019-08-23 16:26:05,862 [pool-303-thread-1] INFO  server.RaftServerConfigKeys (ConfUtils.java:logGet(43)) - raft.server.log.segment.size.max = 1048576 (custom)
2019-08-23 16:26:05,862 [pool-303-thread-1] INFO  server.RaftServerConfigKeys (ConfUtils.java:logGet(43)) - raft.server.log.segment.cache.num.max = 2 (custom)
2019-08-23 16:26:05,862 [pool-303-thread-1] INFO  segmented.SegmentedRaftLogWorker (SegmentedRaftLogWorker.java:<init>(172)) - new 87f14ea1-3348-4777-bc43-d21fe6a39e55-SegmentedRaftLogWorker:Storage Directory /workdir/hadoop-ozone/ozonefs/target/test-dir/MiniOzoneClusterImpl-65c7d374-77ea-4ff7-a0a5-0274e3ac1d1c/datanode-1/data/ratis/f827978b-9abd-4ad3-b6e9-531b5fc2829f for RaftStorage:Storage Directory /workdir/hadoop-ozone/ozonefs/target/test-dir/MiniOzoneClusterImpl-65c7d374-77ea-4ff7-a0a5-0274e3ac1d1c/datanode-1/data/ratis/f827978b-9abd-4ad3-b6e9-531b5fc2829f
2019-08-23 16:26:05,862 [pool-303-thread-1] INFO  server.RaftServerConfigKeys (ConfUtils.java:logGet(43)) - raft.server.log.queue.byte-limit = 2147483647 (custom)
2019-08-23 16:26:05,862 [pool-303-thread-1] INFO  server.RaftServerConfigKeys (ConfUtils.java:logGet(43)) - raft.server.log.queue.element-limit = 1024 (custom)
2019-08-23 16:26:05,863 [pool-303-thread-1] INFO  server.RaftServerConfigKeys (ConfUtils.java:logGet(43)) - raft.server.log.segment.size.max = 1048576 (custom)
2019-08-23 16:26:05,863 [pool-303-thread-1] INFO  server.RaftServerConfigKeys (ConfUtils.java:logGet(43)) - raft.server.log.preallocated.size = 16384 (custom)
2019-08-23 16:26:05,863 [pool-303-thread-1] INFO  server.RaftServerConfigKeys (ConfUtils.java:logGet(43)) - raft.server.log.write.buffer.size = 33554432 (custom)
2019-08-23 16:26:05,863 [pool-303-thread-1] INFO  server.RaftServerConfigKeys (ConfUtils.java:logGet(43)) - raft.server.log.force.sync.num = 128 (default)
2019-08-23 16:26:05,863 [pool-303-thread-1] INFO  server.RaftServerConfigKeys (ConfUtils.java:logGet(43)) - raft.server.log.statemachine.data.sync = true (default)
2019-08-23 16:26:05,863 [pool-303-thread-1] INFO  server.RaftServerConfigKeys (ConfUtils.java:logGet(43)) - raft.server.log.statemachine.data.sync.timeout = 10s (default)
2019-08-23 16:26:05,864 [pool-303-thread-1] INFO  server.RaftServerConfigKeys (ConfUtils.java:logGet(43)) - raft.server.log.statemachine.data.sync.timeout.retry = -1 (default)
2019-08-23 16:26:05,864 [pool-303-thread-1] INFO  server.RaftServerConfigKeys (ConfUtils.java:logGet(43)) - raft.server.log.statemachine.data.caching.enabled = true (custom)
2019-08-23 16:26:05,864 [pool-303-thread-1] INFO  segmented.SegmentedRaftLogWorker (SegmentedRaftLogWorker.java:lambda$new$0(132)) - 87f14ea1-3348-4777-bc43-d21fe6a39e55-SegmentedRaftLogWorker:Storage Directory /workdir/hadoop-ozone/ozonefs/target/test-dir/MiniOzoneClusterImpl-65c7d374-77ea-4ff7-a0a5-0274e3ac1d1c/datanode-1/data/ratis/f827978b-9abd-4ad3-b6e9-531b5fc2829f: flushIndex: setUnconditionally 0 -> -1
2019-08-23 16:26:05,865 [pool-303-thread-1] INFO  server.RaftServerConfigKeys (ConfUtils.java:logGet(43)) - raft.server.snapshot.auto.trigger.enabled = true (custom)
2019-08-23 16:26:05,865 [pool-303-thread-1] INFO  server.RaftServerConfigKeys (ConfUtils.java:logGet(43)) - raft.server.snapshot.auto.trigger.threshold = 10000 (custom)
2019-08-23 16:26:05,865 [pool-303-thread-1] INFO  server.RaftServerConfigKeys (ConfUtils.java:logGet(43)) - raft.server.retrycache.expirytime = 600000ms (custom)
2019-08-23 16:26:05,865 [pool-303-thread-1] INFO  impl.RaftServerImpl (RaftServerImpl.java:start(180)) - 87f14ea1-3348-4777-bc43-d21fe6a39e55: start group-531B5FC2829F
2019-08-23 16:26:05,865 [pool-303-thread-1] INFO  impl.RaftServerImpl (RaftServerImpl.java:setRole(171)) - 87f14ea1-3348-4777-bc43-d21fe6a39e55:group-531B5FC2829F changes role from null to FOLLOWER at term 0 for startAsFollower
2019-08-23 16:26:05,865 [pool-303-thread-1] INFO  impl.RoleInfo (RoleInfo.java:updateAndGet(143)) - 87f14ea1-3348-4777-bc43-d21fe6a39e55: start FollowerState
2019-08-23 16:26:05,866 [pool-303-thread-1] INFO  util.JmxRegister (JmxRegister.java:tryRegister(44)) - Successfully registered JMX Bean with object name Ratis:service=RaftServer,group=group-531B5FC2829F,id=87f14ea1-3348-4777-bc43-d21fe6a39e55
2019-08-23 16:26:05,871 [RatisPipelineUtilsThread] INFO  pipeline.PipelineStateManager (PipelineStateManager.java:addPipeline(56)) - Created pipeline Pipeline[ Id: f827978b-9abd-4ad3-b6e9-531b5fc2829f, Nodes: 87f14ea1-3348-4777-bc43-d21fe6a39e55{ip: 192.168.5.135, host: pr-hdds-738-hvzxd-2983279717, networkLocation: /default-rack, certSerialId: null}, Type:RATIS, Factor:ONE, State:OPEN]
2019-08-23 16:26:05,886 [Thread-1054] INFO  ozone.MiniOzoneClusterImpl (MiniOzoneClusterImpl.java:lambda$waitForClusterToBeReady$0(140)) - Waiting for cluster to be ready. Got 2 of 3 DN Heartbeats.
2019-08-23 16:26:05,887 [IPC Server handler 3 on 38076] INFO  net.NetworkTopology (NetworkTopologyImpl.java:add(110)) - Added a new node: /default-rack/275d4702-7309-4baf-8e37-b3bdbb85f52d
2019-08-23 16:26:05,887 [IPC Server handler 3 on 38076] INFO  node.SCMNodeManager (SCMNodeManager.java:register(273)) - Registered Data node : 275d4702-7309-4baf-8e37-b3bdbb85f52d{ip: 192.168.5.135, host: pr-hdds-738-hvzxd-2983279717, networkLocation: /default-rack, certSerialId: null}
2019-08-23 16:26:05,887 | INFO  | SCMAudit | user=jenkins1000 | ip=192.168.5.135 | op=REGISTER {datanodeDetails=275d4702-7309-4baf-8e37-b3bdbb85f52d{ip: 192.168.5.135, host: pr-hdds-738-hvzxd-2983279717, networkLocation: /default-rack, certSerialId: null}} | ret=SUCCESS |  
2019-08-23 16:26:05,897 [grpc-default-executor-0] INFO  impl.RaftServerProxy (RaftServerProxy.java:addNew(89)) - 275d4702-7309-4baf-8e37-b3bdbb85f52d: addNew group-20B3E94D0A6F:[275d4702-7309-4baf-8e37-b3bdbb85f52d:192.168.5.135:39435] returns group-20B3E94D0A6F:java.util.concurrent.CompletableFuture@29f97454[Not completed]
2019-08-23 16:26:05,899 [pool-314-thread-1] INFO  impl.RaftServerImpl (RaftServerImpl.java:<init>(93)) - 275d4702-7309-4baf-8e37-b3bdbb85f52d: new RaftServerImpl for group-20B3E94D0A6F:[275d4702-7309-4baf-8e37-b3bdbb85f52d:192.168.5.135:39435] with ContainerStateMachine:uninitialized
2019-08-23 16:26:05,899 [pool-314-thread-1] INFO  server.RaftServerConfigKeys (ConfUtils.java:logGet(43)) - raft.server.rpc.timeout.min = 5s (custom)
2019-08-23 16:26:05,899 [pool-314-thread-1] INFO  server.RaftServerConfigKeys (ConfUtils.java:logGet(43)) - raft.server.rpc.timeout.max = 5200ms (custom)
2019-08-23 16:26:05,899 [pool-314-thread-1] INFO  server.RaftServerConfigKeys (ConfUtils.java:logGet(43)) - raft.server.rpcslowness.timeout = 120s (custom)
2019-08-23 16:26:05,899 [pool-314-thread-1] INFO  server.RaftServerConfigKeys (ConfUtils.java:logGet(43)) - raft.server.sleep.deviation.threshold = 300 (default)
2019-08-23 16:26:05,900 [pool-314-thread-1] INFO  server.RaftServerConfigKeys (ConfUtils.java:logGet(43)) - raft.server.log.appender.install.snapshot.enabled = false (custom)
2019-08-23 16:26:05,900 [pool-314-thread-1] INFO  impl.RaftServerImpl (ServerState.java:<init>(105)) - 275d4702-7309-4baf-8e37-b3bdbb85f52d:group-20B3E94D0A6F ConfigurationManager, init=-1: [275d4702-7309-4baf-8e37-b3bdbb85f52d:192.168.5.135:39435], old=null, confs=<EMPTY_MAP>
2019-08-23 16:26:05,900 [pool-314-thread-1] INFO  server.RaftServerConfigKeys (ConfUtils.java:logGet(43)) - raft.server.storage.dir = [/workdir/hadoop-ozone/ozonefs/target/test-dir/MiniOzoneClusterImpl-65c7d374-77ea-4ff7-a0a5-0274e3ac1d1c/datanode-2/data/ratis] (custom)
2019-08-23 16:26:05,900 [pool-314-thread-1] INFO  storage.RaftStorageDirectory (RaftStorageDirectory.java:analyzeStorage(246)) - The storage directory /workdir/hadoop-ozone/ozonefs/target/test-dir/MiniOzoneClusterImpl-65c7d374-77ea-4ff7-a0a5-0274e3ac1d1c/datanode-2/data/ratis/a3a3627f-b899-43c9-9c64-20b3e94d0a6f does not exist. Creating ...
2019-08-23 16:26:05,913 [pool-314-thread-1] INFO  storage.RaftStorageDirectory (RaftStorageDirectory.java:tryLock(328)) - Lock on /workdir/hadoop-ozone/ozonefs/target/test-dir/MiniOzoneClusterImpl-65c7d374-77ea-4ff7-a0a5-0274e3ac1d1c/datanode-2/data/ratis/a3a3627f-b899-43c9-9c64-20b3e94d0a6f/in_use.lock acquired by nodename 14400@pr-hdds-738-hvzxd-2983279717
2019-08-23 16:26:05,916 [pool-314-thread-1] INFO  storage.RaftStorage (RaftStorage.java:format(72)) - Storage directory /workdir/hadoop-ozone/ozonefs/target/test-dir/MiniOzoneClusterImpl-65c7d374-77ea-4ff7-a0a5-0274e3ac1d1c/datanode-2/data/ratis/a3a3627f-b899-43c9-9c64-20b3e94d0a6f has been successfully formatted.
2019-08-23 16:26:05,917 [pool-314-thread-1] INFO  ratis.ContainerStateMachine (ContainerStateMachine.java:loadSnapshot(226)) - group-20B3E94D0A6F: The snapshot info is null. Setting the last applied indexto:(t:0, i:~)
2019-08-23 16:26:05,917 [pool-314-thread-1] INFO  server.RaftServerConfigKeys (ConfUtils.java:logGet(43)) - raft.server.leader.election.timeout = 120s (custom)
2019-08-23 16:26:05,917 [pool-314-thread-1] INFO  server.RaftServerConfigKeys (ConfUtils.java:logGet(43)) - raft.server.log.use.memory = false (default)
2019-08-23 16:26:05,917 [pool-314-thread-1] INFO  server.RaftServerConfigKeys (ConfUtils.java:logGet(43)) - raft.server.log.purge.gap = 1000000 (custom)
2019-08-23 16:26:05,917 [pool-314-thread-1] INFO  server.RaftServerConfigKeys (ConfUtils.java:logGet(43)) - raft.server.log.appender.buffer.byte-limit = 33554432 (custom)
2019-08-23 16:26:05,918 [pool-314-thread-1] INFO  server.RaftServerConfigKeys (ConfUtils.java:logGet(43)) - raft.server.log.segment.size.max = 1048576 (custom)
2019-08-23 16:26:05,918 [pool-314-thread-1] INFO  server.RaftServerConfigKeys (ConfUtils.java:logGet(43)) - raft.server.log.segment.cache.num.max = 2 (custom)
2019-08-23 16:26:05,918 [pool-314-thread-1] INFO  segmented.SegmentedRaftLogWorker (SegmentedRaftLogWorker.java:<init>(172)) - new 275d4702-7309-4baf-8e37-b3bdbb85f52d-SegmentedRaftLogWorker:Storage Directory /workdir/hadoop-ozone/ozonefs/target/test-dir/MiniOzoneClusterImpl-65c7d374-77ea-4ff7-a0a5-0274e3ac1d1c/datanode-2/data/ratis/a3a3627f-b899-43c9-9c64-20b3e94d0a6f for RaftStorage:Storage Directory /workdir/hadoop-ozone/ozonefs/target/test-dir/MiniOzoneClusterImpl-65c7d374-77ea-4ff7-a0a5-0274e3ac1d1c/datanode-2/data/ratis/a3a3627f-b899-43c9-9c64-20b3e94d0a6f
2019-08-23 16:26:05,918 [pool-314-thread-1] INFO  server.RaftServerConfigKeys (ConfUtils.java:logGet(43)) - raft.server.log.queue.byte-limit = 2147483647 (custom)
2019-08-23 16:26:05,918 [pool-314-thread-1] INFO  server.RaftServerConfigKeys (ConfUtils.java:logGet(43)) - raft.server.log.queue.element-limit = 1024 (custom)
2019-08-23 16:26:05,919 [pool-314-thread-1] INFO  server.RaftServerConfigKeys (ConfUtils.java:logGet(43)) - raft.server.log.segment.size.max = 1048576 (custom)
2019-08-23 16:26:05,919 [pool-314-thread-1] INFO  server.RaftServerConfigKeys (ConfUtils.java:logGet(43)) - raft.server.log.preallocated.size = 16384 (custom)
2019-08-23 16:26:05,919 [pool-314-thread-1] INFO  server.RaftServerConfigKeys (ConfUtils.java:logGet(43)) - raft.server.log.write.buffer.size = 33554432 (custom)
2019-08-23 16:26:05,919 [pool-314-thread-1] INFO  server.RaftServerConfigKeys (ConfUtils.java:logGet(43)) - raft.server.log.force.sync.num = 128 (default)
2019-08-23 16:26:05,919 [pool-314-thread-1] INFO  server.RaftServerConfigKeys (ConfUtils.java:logGet(43)) - raft.server.log.statemachine.data.sync = true (default)
2019-08-23 16:26:05,920 [pool-314-thread-1] INFO  server.RaftServerConfigKeys (ConfUtils.java:logGet(43)) - raft.server.log.statemachine.data.sync.timeout = 10s (default)
2019-08-23 16:26:05,920 [pool-314-thread-1] INFO  server.RaftServerConfigKeys (ConfUtils.java:logGet(43)) - raft.server.log.statemachine.data.sync.timeout.retry = -1 (default)
2019-08-23 16:26:05,920 [pool-314-thread-1] INFO  server.RaftServerConfigKeys (ConfUtils.java:logGet(43)) - raft.server.log.statemachine.data.caching.enabled = true (custom)
2019-08-23 16:26:05,921 [pool-314-thread-1] INFO  segmented.SegmentedRaftLogWorker (SegmentedRaftLogWorker.java:lambda$new$0(132)) - 275d4702-7309-4baf-8e37-b3bdbb85f52d-SegmentedRaftLogWorker:Storage Directory /workdir/hadoop-ozone/ozonefs/target/test-dir/MiniOzoneClusterImpl-65c7d374-77ea-4ff7-a0a5-0274e3ac1d1c/datanode-2/data/ratis/a3a3627f-b899-43c9-9c64-20b3e94d0a6f: flushIndex: setUnconditionally 0 -> -1
2019-08-23 16:26:05,921 [pool-314-thread-1] INFO  server.RaftServerConfigKeys (ConfUtils.java:logGet(43)) - raft.server.snapshot.auto.trigger.enabled = true (custom)
2019-08-23 16:26:05,921 [pool-314-thread-1] INFO  server.RaftServerConfigKeys (ConfUtils.java:logGet(43)) - raft.server.snapshot.auto.trigger.threshold = 10000 (custom)
2019-08-23 16:26:05,921 [pool-314-thread-1] INFO  server.RaftServerConfigKeys (ConfUtils.java:logGet(43)) - raft.server.retrycache.expirytime = 600000ms (custom)
2019-08-23 16:26:05,922 [pool-314-thread-1] INFO  impl.RaftServerImpl (RaftServerImpl.java:start(180)) - 275d4702-7309-4baf-8e37-b3bdbb85f52d: start group-20B3E94D0A6F
2019-08-23 16:26:05,922 [pool-314-thread-1] INFO  impl.RaftServerImpl (RaftServerImpl.java:setRole(171)) - 275d4702-7309-4baf-8e37-b3bdbb85f52d:group-20B3E94D0A6F changes role from null to FOLLOWER at term 0 for startAsFollower
2019-08-23 16:26:05,922 [pool-314-thread-1] INFO  impl.RoleInfo (RoleInfo.java:updateAndGet(143)) - 275d4702-7309-4baf-8e37-b3bdbb85f52d: start FollowerState
2019-08-23 16:26:05,923 [pool-314-thread-1] INFO  util.JmxRegister (JmxRegister.java:tryRegister(44)) - Successfully registered JMX Bean with object name Ratis:service=RaftServer,group=group-20B3E94D0A6F,id=275d4702-7309-4baf-8e37-b3bdbb85f52d
2019-08-23 16:26:05,927 [RatisPipelineUtilsThread] INFO  pipeline.PipelineStateManager (PipelineStateManager.java:addPipeline(56)) - Created pipeline Pipeline[ Id: a3a3627f-b899-43c9-9c64-20b3e94d0a6f, Nodes: 275d4702-7309-4baf-8e37-b3bdbb85f52d{ip: 192.168.5.135, host: pr-hdds-738-hvzxd-2983279717, networkLocation: /default-rack, certSerialId: null}, Type:RATIS, Factor:ONE, State:OPEN]
2019-08-23 16:26:05,948 [grpc-default-executor-1] INFO  impl.RaftServerProxy (RaftServerProxy.java:addNew(89)) - 87f14ea1-3348-4777-bc43-d21fe6a39e55: addNew group-D65473067B69:[275d4702-7309-4baf-8e37-b3bdbb85f52d:192.168.5.135:39435, 1ab7c03b-9667-49b2-8e22-cb721609aa90:192.168.5.135:36696, 87f14ea1-3348-4777-bc43-d21fe6a39e55:192.168.5.135:34054] returns group-D65473067B69:java.util.concurrent.CompletableFuture@44d2276d[Not completed]
2019-08-23 16:26:05,950 [grpc-default-executor-2] INFO  impl.RaftServerProxy (RaftServerProxy.java:addNew(89)) - 275d4702-7309-4baf-8e37-b3bdbb85f52d: addNew group-D65473067B69:[275d4702-7309-4baf-8e37-b3bdbb85f52d:192.168.5.135:39435, 1ab7c03b-9667-49b2-8e22-cb721609aa90:192.168.5.135:36696, 87f14ea1-3348-4777-bc43-d21fe6a39e55:192.168.5.135:34054] returns group-D65473067B69:java.util.concurrent.CompletableFuture@221c1af1[Not completed]
2019-08-23 16:26:05,950 [grpc-default-executor-0] INFO  impl.RaftServerProxy (RaftServerProxy.java:addNew(89)) - 1ab7c03b-9667-49b2-8e22-cb721609aa90: addNew group-D65473067B69:[275d4702-7309-4baf-8e37-b3bdbb85f52d:192.168.5.135:39435, 1ab7c03b-9667-49b2-8e22-cb721609aa90:192.168.5.135:36696, 87f14ea1-3348-4777-bc43-d21fe6a39e55:192.168.5.135:34054] returns group-D65473067B69:java.util.concurrent.CompletableFuture@13ae3a[Not completed]
2019-08-23 16:26:05,951 [pool-314-thread-1] INFO  impl.RaftServerImpl (RaftServerImpl.java:<init>(93)) - 275d4702-7309-4baf-8e37-b3bdbb85f52d: new RaftServerImpl for group-D65473067B69:[275d4702-7309-4baf-8e37-b3bdbb85f52d:192.168.5.135:39435, 1ab7c03b-9667-49b2-8e22-cb721609aa90:192.168.5.135:36696, 87f14ea1-3348-4777-bc43-d21fe6a39e55:192.168.5.135:34054] with ContainerStateMachine:uninitialized
2019-08-23 16:26:05,951 [pool-314-thread-1] INFO  server.RaftServerConfigKeys (ConfUtils.java:logGet(43)) - raft.server.rpc.timeout.min = 5s (custom)
2019-08-23 16:26:05,951 [pool-314-thread-1] INFO  server.RaftServerConfigKeys (ConfUtils.java:logGet(43)) - raft.server.rpc.timeout.max = 5200ms (custom)
2019-08-23 16:26:05,951 [pool-314-thread-1] INFO  server.RaftServerConfigKeys (ConfUtils.java:logGet(43)) - raft.server.rpcslowness.timeout = 120s (custom)
2019-08-23 16:26:05,951 [pool-292-thread-1] INFO  impl.RaftServerImpl (RaftServerImpl.java:<init>(93)) - 1ab7c03b-9667-49b2-8e22-cb721609aa90: new RaftServerImpl for group-D65473067B69:[275d4702-7309-4baf-8e37-b3bdbb85f52d:192.168.5.135:39435, 1ab7c03b-9667-49b2-8e22-cb721609aa90:192.168.5.135:36696, 87f14ea1-3348-4777-bc43-d21fe6a39e55:192.168.5.135:34054] with ContainerStateMachine:uninitialized
2019-08-23 16:26:05,952 [pool-314-thread-1] INFO  server.RaftServerConfigKeys (ConfUtils.java:logGet(43)) - raft.server.sleep.deviation.threshold = 300 (default)
2019-08-23 16:26:05,952 [pool-292-thread-1] INFO  server.RaftServerConfigKeys (ConfUtils.java:logGet(43)) - raft.server.rpc.timeout.min = 5s (custom)
2019-08-23 16:26:05,952 [pool-314-thread-1] INFO  server.RaftServerConfigKeys (ConfUtils.java:logGet(43)) - raft.server.log.appender.install.snapshot.enabled = false (custom)
2019-08-23 16:26:05,952 [pool-303-thread-1] INFO  impl.RaftServerImpl (RaftServerImpl.java:<init>(93)) - 87f14ea1-3348-4777-bc43-d21fe6a39e55: new RaftServerImpl for group-D65473067B69:[275d4702-7309-4baf-8e37-b3bdbb85f52d:192.168.5.135:39435, 1ab7c03b-9667-49b2-8e22-cb721609aa90:192.168.5.135:36696, 87f14ea1-3348-4777-bc43-d21fe6a39e55:192.168.5.135:34054] with ContainerStateMachine:uninitialized
2019-08-23 16:26:05,952 [pool-292-thread-1] INFO  server.RaftServerConfigKeys (ConfUtils.java:logGet(43)) - raft.server.rpc.timeout.max = 5200ms (custom)
2019-08-23 16:26:05,952 [pool-303-thread-1] INFO  server.RaftServerConfigKeys (ConfUtils.java:logGet(43)) - raft.server.rpc.timeout.min = 5s (custom)
2019-08-23 16:26:05,952 [pool-314-thread-1] INFO  impl.RaftServerImpl (ServerState.java:<init>(105)) - 275d4702-7309-4baf-8e37-b3bdbb85f52d:group-D65473067B69 ConfigurationManager, init=-1: [275d4702-7309-4baf-8e37-b3bdbb85f52d:192.168.5.135:39435, 1ab7c03b-9667-49b2-8e22-cb721609aa90:192.168.5.135:36696, 87f14ea1-3348-4777-bc43-d21fe6a39e55:192.168.5.135:34054], old=null, confs=<EMPTY_MAP>
2019-08-23 16:26:05,953 [pool-303-thread-1] INFO  server.RaftServerConfigKeys (ConfUtils.java:logGet(43)) - raft.server.rpc.timeout.max = 5200ms (custom)
2019-08-23 16:26:05,953 [pool-303-thread-1] INFO  server.RaftServerConfigKeys (ConfUtils.java:logGet(43)) - raft.server.rpcslowness.timeout = 120s (custom)
2019-08-23 16:26:05,952 [pool-292-thread-1] INFO  server.RaftServerConfigKeys (ConfUtils.java:logGet(43)) - raft.server.rpcslowness.timeout = 120s (custom)
2019-08-23 16:26:05,953 [pool-303-thread-1] INFO  server.RaftServerConfigKeys (ConfUtils.java:logGet(43)) - raft.server.sleep.deviation.threshold = 300 (default)
2019-08-23 16:26:05,953 [pool-314-thread-1] INFO  server.RaftServerConfigKeys (ConfUtils.java:logGet(43)) - raft.server.storage.dir = [/workdir/hadoop-ozone/ozonefs/target/test-dir/MiniOzoneClusterImpl-65c7d374-77ea-4ff7-a0a5-0274e3ac1d1c/datanode-2/data/ratis] (custom)
2019-08-23 16:26:05,953 [pool-303-thread-1] INFO  server.RaftServerConfigKeys (ConfUtils.java:logGet(43)) - raft.server.log.appender.install.snapshot.enabled = false (custom)
2019-08-23 16:26:05,953 [pool-292-thread-1] INFO  server.RaftServerConfigKeys (ConfUtils.java:logGet(43)) - raft.server.sleep.deviation.threshold = 300 (default)
2019-08-23 16:26:05,954 [pool-303-thread-1] INFO  impl.RaftServerImpl (ServerState.java:<init>(105)) - 87f14ea1-3348-4777-bc43-d21fe6a39e55:group-D65473067B69 ConfigurationManager, init=-1: [275d4702-7309-4baf-8e37-b3bdbb85f52d:192.168.5.135:39435, 1ab7c03b-9667-49b2-8e22-cb721609aa90:192.168.5.135:36696, 87f14ea1-3348-4777-bc43-d21fe6a39e55:192.168.5.135:34054], old=null, confs=<EMPTY_MAP>
2019-08-23 16:26:05,954 [pool-292-thread-1] INFO  server.RaftServerConfigKeys (ConfUtils.java:logGet(43)) - raft.server.log.appender.install.snapshot.enabled = false (custom)
2019-08-23 16:26:05,954 [pool-314-thread-1] INFO  storage.RaftStorageDirectory (RaftStorageDirectory.java:analyzeStorage(246)) - The storage directory /workdir/hadoop-ozone/ozonefs/target/test-dir/MiniOzoneClusterImpl-65c7d374-77ea-4ff7-a0a5-0274e3ac1d1c/datanode-2/data/ratis/c3a23862-82a2-4f6a-afc1-d65473067b69 does not exist. Creating ...
2019-08-23 16:26:05,954 [pool-292-thread-1] INFO  impl.RaftServerImpl (ServerState.java:<init>(105)) - 1ab7c03b-9667-49b2-8e22-cb721609aa90:group-D65473067B69 ConfigurationManager, init=-1: [275d4702-7309-4baf-8e37-b3bdbb85f52d:192.168.5.135:39435, 1ab7c03b-9667-49b2-8e22-cb721609aa90:192.168.5.135:36696, 87f14ea1-3348-4777-bc43-d21fe6a39e55:192.168.5.135:34054], old=null, confs=<EMPTY_MAP>
2019-08-23 16:26:05,954 [pool-303-thread-1] INFO  server.RaftServerConfigKeys (ConfUtils.java:logGet(43)) - raft.server.storage.dir = [/workdir/hadoop-ozone/ozonefs/target/test-dir/MiniOzoneClusterImpl-65c7d374-77ea-4ff7-a0a5-0274e3ac1d1c/datanode-1/data/ratis] (custom)
2019-08-23 16:26:05,955 [pool-292-thread-1] INFO  server.RaftServerConfigKeys (ConfUtils.java:logGet(43)) - raft.server.storage.dir = [/workdir/hadoop-ozone/ozonefs/target/test-dir/MiniOzoneClusterImpl-65c7d374-77ea-4ff7-a0a5-0274e3ac1d1c/datanode-0/data/ratis] (custom)
2019-08-23 16:26:05,955 [pool-303-thread-1] INFO  storage.RaftStorageDirectory (RaftStorageDirectory.java:analyzeStorage(246)) - The storage directory /workdir/hadoop-ozone/ozonefs/target/test-dir/MiniOzoneClusterImpl-65c7d374-77ea-4ff7-a0a5-0274e3ac1d1c/datanode-1/data/ratis/c3a23862-82a2-4f6a-afc1-d65473067b69 does not exist. Creating ...
2019-08-23 16:26:05,955 [pool-292-thread-1] INFO  storage.RaftStorageDirectory (RaftStorageDirectory.java:analyzeStorage(246)) - The storage directory /workdir/hadoop-ozone/ozonefs/target/test-dir/MiniOzoneClusterImpl-65c7d374-77ea-4ff7-a0a5-0274e3ac1d1c/datanode-0/data/ratis/c3a23862-82a2-4f6a-afc1-d65473067b69 does not exist. Creating ...
2019-08-23 16:26:05,967 [pool-303-thread-1] INFO  storage.RaftStorageDirectory (RaftStorageDirectory.java:tryLock(328)) - Lock on /workdir/hadoop-ozone/ozonefs/target/test-dir/MiniOzoneClusterImpl-65c7d374-77ea-4ff7-a0a5-0274e3ac1d1c/datanode-1/data/ratis/c3a23862-82a2-4f6a-afc1-d65473067b69/in_use.lock acquired by nodename 14400@pr-hdds-738-hvzxd-2983279717
2019-08-23 16:26:05,967 [pool-292-thread-1] INFO  storage.RaftStorageDirectory (RaftStorageDirectory.java:tryLock(328)) - Lock on /workdir/hadoop-ozone/ozonefs/target/test-dir/MiniOzoneClusterImpl-65c7d374-77ea-4ff7-a0a5-0274e3ac1d1c/datanode-0/data/ratis/c3a23862-82a2-4f6a-afc1-d65473067b69/in_use.lock acquired by nodename 14400@pr-hdds-738-hvzxd-2983279717
2019-08-23 16:26:05,967 [pool-314-thread-1] INFO  storage.RaftStorageDirectory (RaftStorageDirectory.java:tryLock(328)) - Lock on /workdir/hadoop-ozone/ozonefs/target/test-dir/MiniOzoneClusterImpl-65c7d374-77ea-4ff7-a0a5-0274e3ac1d1c/datanode-2/data/ratis/c3a23862-82a2-4f6a-afc1-d65473067b69/in_use.lock acquired by nodename 14400@pr-hdds-738-hvzxd-2983279717
2019-08-23 16:26:05,972 [pool-303-thread-1] INFO  storage.RaftStorage (RaftStorage.java:format(72)) - Storage directory /workdir/hadoop-ozone/ozonefs/target/test-dir/MiniOzoneClusterImpl-65c7d374-77ea-4ff7-a0a5-0274e3ac1d1c/datanode-1/data/ratis/c3a23862-82a2-4f6a-afc1-d65473067b69 has been successfully formatted.
2019-08-23 16:26:05,972 [pool-292-thread-1] INFO  storage.RaftStorage (RaftStorage.java:format(72)) - Storage directory /workdir/hadoop-ozone/ozonefs/target/test-dir/MiniOzoneClusterImpl-65c7d374-77ea-4ff7-a0a5-0274e3ac1d1c/datanode-0/data/ratis/c3a23862-82a2-4f6a-afc1-d65473067b69 has been successfully formatted.
2019-08-23 16:26:05,972 [pool-303-thread-1] INFO  ratis.ContainerStateMachine (ContainerStateMachine.java:loadSnapshot(226)) - group-D65473067B69: The snapshot info is null. Setting the last applied indexto:(t:0, i:~)
2019-08-23 16:26:05,972 [pool-314-thread-1] INFO  storage.RaftStorage (RaftStorage.java:format(72)) - Storage directory /workdir/hadoop-ozone/ozonefs/target/test-dir/MiniOzoneClusterImpl-65c7d374-77ea-4ff7-a0a5-0274e3ac1d1c/datanode-2/data/ratis/c3a23862-82a2-4f6a-afc1-d65473067b69 has been successfully formatted.
2019-08-23 16:26:05,972 [pool-303-thread-1] INFO  server.RaftServerConfigKeys (ConfUtils.java:logGet(43)) - raft.server.leader.election.timeout = 120s (custom)
2019-08-23 16:26:05,972 [pool-292-thread-1] INFO  ratis.ContainerStateMachine (ContainerStateMachine.java:loadSnapshot(226)) - group-D65473067B69: The snapshot info is null. Setting the last applied indexto:(t:0, i:~)
2019-08-23 16:26:05,973 [pool-303-thread-1] INFO  server.RaftServerConfigKeys (ConfUtils.java:logGet(43)) - raft.server.log.use.memory = false (default)
2019-08-23 16:26:05,973 [pool-314-thread-1] INFO  ratis.ContainerStateMachine (ContainerStateMachine.java:loadSnapshot(226)) - group-D65473067B69: The snapshot info is null. Setting the last applied indexto:(t:0, i:~)
2019-08-23 16:26:05,973 [pool-303-thread-1] INFO  server.RaftServerConfigKeys (ConfUtils.java:logGet(43)) - raft.server.log.purge.gap = 1000000 (custom)
2019-08-23 16:26:05,973 [pool-292-thread-1] INFO  server.RaftServerConfigKeys (ConfUtils.java:logGet(43)) - raft.server.leader.election.timeout = 120s (custom)
2019-08-23 16:26:05,973 [pool-303-thread-1] INFO  server.RaftServerConfigKeys (ConfUtils.java:logGet(43)) - raft.server.log.appender.buffer.byte-limit = 33554432 (custom)
2019-08-23 16:26:05,973 [pool-314-thread-1] INFO  server.RaftServerConfigKeys (ConfUtils.java:logGet(43)) - raft.server.leader.election.timeout = 120s (custom)
2019-08-23 16:26:05,974 [pool-303-thread-1] INFO  server.RaftServerConfigKeys (ConfUtils.java:logGet(43)) - raft.server.log.segment.size.max = 1048576 (custom)
2019-08-23 16:26:05,974 [pool-292-thread-1] INFO  server.RaftServerConfigKeys (ConfUtils.java:logGet(43)) - raft.server.log.use.memory = false (default)
2019-08-23 16:26:05,974 [pool-303-thread-1] INFO  server.RaftServerConfigKeys (ConfUtils.java:logGet(43)) - raft.server.log.segment.cache.num.max = 2 (custom)
2019-08-23 16:26:05,974 [pool-314-thread-1] INFO  server.RaftServerConfigKeys (ConfUtils.java:logGet(43)) - raft.server.log.use.memory = false (default)
2019-08-23 16:26:05,974 [pool-303-thread-1] INFO  segmented.SegmentedRaftLogWorker (SegmentedRaftLogWorker.java:<init>(172)) - new 87f14ea1-3348-4777-bc43-d21fe6a39e55-SegmentedRaftLogWorker:Storage Directory /workdir/hadoop-ozone/ozonefs/target/test-dir/MiniOzoneClusterImpl-65c7d374-77ea-4ff7-a0a5-0274e3ac1d1c/datanode-1/data/ratis/c3a23862-82a2-4f6a-afc1-d65473067b69 for RaftStorage:Storage Directory /workdir/hadoop-ozone/ozonefs/target/test-dir/MiniOzoneClusterImpl-65c7d374-77ea-4ff7-a0a5-0274e3ac1d1c/datanode-1/data/ratis/c3a23862-82a2-4f6a-afc1-d65473067b69
2019-08-23 16:26:05,974 [pool-292-thread-1] INFO  server.RaftServerConfigKeys (ConfUtils.java:logGet(43)) - raft.server.log.purge.gap = 1000000 (custom)
2019-08-23 16:26:05,975 [pool-303-thread-1] INFO  server.RaftServerConfigKeys (ConfUtils.java:logGet(43)) - raft.server.log.queue.byte-limit = 2147483647 (custom)
2019-08-23 16:26:05,975 [pool-303-thread-1] INFO  server.RaftServerConfigKeys (ConfUtils.java:logGet(43)) - raft.server.log.queue.element-limit = 1024 (custom)
2019-08-23 16:26:05,975 [pool-314-thread-1] INFO  server.RaftServerConfigKeys (ConfUtils.java:logGet(43)) - raft.server.log.purge.gap = 1000000 (custom)
2019-08-23 16:26:05,975 [pool-303-thread-1] INFO  server.RaftServerConfigKeys (ConfUtils.java:logGet(43)) - raft.server.log.segment.size.max = 1048576 (custom)
2019-08-23 16:26:05,975 [pool-292-thread-1] INFO  server.RaftServerConfigKeys (ConfUtils.java:logGet(43)) - raft.server.log.appender.buffer.byte-limit = 33554432 (custom)
2019-08-23 16:26:05,976 [pool-303-thread-1] INFO  server.RaftServerConfigKeys (ConfUtils.java:logGet(43)) - raft.server.log.preallocated.size = 16384 (custom)
2019-08-23 16:26:05,976 [pool-303-thread-1] INFO  server.RaftServerConfigKeys (ConfUtils.java:logGet(43)) - raft.server.log.write.buffer.size = 33554432 (custom)
2019-08-23 16:26:05,975 [pool-314-thread-1] INFO  server.RaftServerConfigKeys (ConfUtils.java:logGet(43)) - raft.server.log.appender.buffer.byte-limit = 33554432 (custom)
2019-08-23 16:26:05,976 [pool-303-thread-1] INFO  server.RaftServerConfigKeys (ConfUtils.java:logGet(43)) - raft.server.log.force.sync.num = 128 (default)
2019-08-23 16:26:05,976 [pool-292-thread-1] INFO  server.RaftServerConfigKeys (ConfUtils.java:logGet(43)) - raft.server.log.segment.size.max = 1048576 (custom)
2019-08-23 16:26:05,976 [pool-303-thread-1] INFO  server.RaftServerConfigKeys (ConfUtils.java:logGet(43)) - raft.server.log.statemachine.data.sync = true (default)
2019-08-23 16:26:05,976 [pool-314-thread-1] INFO  server.RaftServerConfigKeys (ConfUtils.java:logGet(43)) - raft.server.log.segment.size.max = 1048576 (custom)
2019-08-23 16:26:05,977 [pool-303-thread-1] INFO  server.RaftServerConfigKeys (ConfUtils.java:logGet(43)) - raft.server.log.statemachine.data.sync.timeout = 10s (default)
2019-08-23 16:26:05,977 [pool-303-thread-1] INFO  server.RaftServerConfigKeys (ConfUtils.java:logGet(43)) - raft.server.log.statemachine.data.sync.timeout.retry = -1 (default)
2019-08-23 16:26:05,977 [pool-292-thread-1] INFO  server.RaftServerConfigKeys (ConfUtils.java:logGet(43)) - raft.server.log.segment.cache.num.max = 2 (custom)
2019-08-23 16:26:05,977 [pool-303-thread-1] INFO  server.RaftServerConfigKeys (ConfUtils.java:logGet(43)) - raft.server.log.statemachine.data.caching.enabled = true (custom)
2019-08-23 16:26:05,977 [pool-314-thread-1] INFO  server.RaftServerConfigKeys (ConfUtils.java:logGet(43)) - raft.server.log.segment.cache.num.max = 2 (custom)
2019-08-23 16:26:05,977 [pool-292-thread-1] INFO  segmented.SegmentedRaftLogWorker (SegmentedRaftLogWorker.java:<init>(172)) - new 1ab7c03b-9667-49b2-8e22-cb721609aa90-SegmentedRaftLogWorker:Storage Directory /workdir/hadoop-ozone/ozonefs/target/test-dir/MiniOzoneClusterImpl-65c7d374-77ea-4ff7-a0a5-0274e3ac1d1c/datanode-0/data/ratis/c3a23862-82a2-4f6a-afc1-d65473067b69 for RaftStorage:Storage Directory /workdir/hadoop-ozone/ozonefs/target/test-dir/MiniOzoneClusterImpl-65c7d374-77ea-4ff7-a0a5-0274e3ac1d1c/datanode-0/data/ratis/c3a23862-82a2-4f6a-afc1-d65473067b69
2019-08-23 16:26:05,978 [pool-303-thread-1] INFO  segmented.SegmentedRaftLogWorker (SegmentedRaftLogWorker.java:lambda$new$0(132)) - 87f14ea1-3348-4777-bc43-d21fe6a39e55-SegmentedRaftLogWorker:Storage Directory /workdir/hadoop-ozone/ozonefs/target/test-dir/MiniOzoneClusterImpl-65c7d374-77ea-4ff7-a0a5-0274e3ac1d1c/datanode-1/data/ratis/c3a23862-82a2-4f6a-afc1-d65473067b69: flushIndex: setUnconditionally 0 -> -1
2019-08-23 16:26:05,978 [pool-314-thread-1] INFO  segmented.SegmentedRaftLogWorker (SegmentedRaftLogWorker.java:<init>(172)) - new 275d4702-7309-4baf-8e37-b3bdbb85f52d-SegmentedRaftLogWorker:Storage Directory /workdir/hadoop-ozone/ozonefs/target/test-dir/MiniOzoneClusterImpl-65c7d374-77ea-4ff7-a0a5-0274e3ac1d1c/datanode-2/data/ratis/c3a23862-82a2-4f6a-afc1-d65473067b69 for RaftStorage:Storage Directory /workdir/hadoop-ozone/ozonefs/target/test-dir/MiniOzoneClusterImpl-65c7d374-77ea-4ff7-a0a5-0274e3ac1d1c/datanode-2/data/ratis/c3a23862-82a2-4f6a-afc1-d65473067b69
2019-08-23 16:26:05,978 [pool-292-thread-1] INFO  server.RaftServerConfigKeys (ConfUtils.java:logGet(43)) - raft.server.log.queue.byte-limit = 2147483647 (custom)
2019-08-23 16:26:05,978 [pool-303-thread-1] INFO  server.RaftServerConfigKeys (ConfUtils.java:logGet(43)) - raft.server.snapshot.auto.trigger.enabled = true (custom)
2019-08-23 16:26:05,978 [pool-314-thread-1] INFO  server.RaftServerConfigKeys (ConfUtils.java:logGet(43)) - raft.server.log.queue.byte-limit = 2147483647 (custom)
2019-08-23 16:26:05,979 [pool-303-thread-1] INFO  server.RaftServerConfigKeys (ConfUtils.java:logGet(43)) - raft.server.snapshot.auto.trigger.threshold = 10000 (custom)
2019-08-23 16:26:05,978 [pool-292-thread-1] INFO  server.RaftServerConfigKeys (ConfUtils.java:logGet(43)) - raft.server.log.queue.element-limit = 1024 (custom)
2019-08-23 16:26:05,979 [pool-303-thread-1] INFO  server.RaftServerConfigKeys (ConfUtils.java:logGet(43)) - raft.server.retrycache.expirytime = 600000ms (custom)
2019-08-23 16:26:05,979 [pool-314-thread-1] INFO  server.RaftServerConfigKeys (ConfUtils.java:logGet(43)) - raft.server.log.queue.element-limit = 1024 (custom)
2019-08-23 16:26:05,979 [pool-303-thread-1] INFO  impl.RaftServerImpl (RaftServerImpl.java:start(180)) - 87f14ea1-3348-4777-bc43-d21fe6a39e55: start group-D65473067B69
2019-08-23 16:26:05,979 [pool-292-thread-1] INFO  server.RaftServerConfigKeys (ConfUtils.java:logGet(43)) - raft.server.log.segment.size.max = 1048576 (custom)
2019-08-23 16:26:05,979 [pool-303-thread-1] INFO  impl.RaftServerImpl (RaftServerImpl.java:setRole(171)) - 87f14ea1-3348-4777-bc43-d21fe6a39e55:group-D65473067B69 changes role from null to FOLLOWER at term 0 for startAsFollower
2019-08-23 16:26:05,979 [pool-314-thread-1] INFO  server.RaftServerConfigKeys (ConfUtils.java:logGet(43)) - raft.server.log.segment.size.max = 1048576 (custom)
2019-08-23 16:26:05,980 [pool-303-thread-1] INFO  impl.RoleInfo (RoleInfo.java:updateAndGet(143)) - 87f14ea1-3348-4777-bc43-d21fe6a39e55: start FollowerState
2019-08-23 16:26:05,980 [pool-292-thread-1] INFO  server.RaftServerConfigKeys (ConfUtils.java:logGet(43)) - raft.server.log.preallocated.size = 16384 (custom)
2019-08-23 16:26:05,980 [pool-314-thread-1] INFO  server.RaftServerConfigKeys (ConfUtils.java:logGet(43)) - raft.server.log.preallocated.size = 16384 (custom)
2019-08-23 16:26:05,980 [pool-303-thread-1] INFO  util.JmxRegister (JmxRegister.java:tryRegister(44)) - Successfully registered JMX Bean with object name Ratis:service=RaftServer,group=group-D65473067B69,id=87f14ea1-3348-4777-bc43-d21fe6a39e55
2019-08-23 16:26:05,980 [pool-292-thread-1] INFO  server.RaftServerConfigKeys (ConfUtils.java:logGet(43)) - raft.server.log.write.buffer.size = 33554432 (custom)
2019-08-23 16:26:05,980 [pool-314-thread-1] INFO  server.RaftServerConfigKeys (ConfUtils.java:logGet(43)) - raft.server.log.write.buffer.size = 33554432 (custom)
2019-08-23 16:26:05,981 [pool-292-thread-1] INFO  server.RaftServerConfigKeys (ConfUtils.java:logGet(43)) - raft.server.log.force.sync.num = 128 (default)
2019-08-23 16:26:05,981 [pool-314-thread-1] INFO  server.RaftServerConfigKeys (ConfUtils.java:logGet(43)) - raft.server.log.force.sync.num = 128 (default)
2019-08-23 16:26:05,981 [pool-292-thread-1] INFO  server.RaftServerConfigKeys (ConfUtils.java:logGet(43)) - raft.server.log.statemachine.data.sync = true (default)
2019-08-23 16:26:05,981 [pool-314-thread-1] INFO  server.RaftServerConfigKeys (ConfUtils.java:logGet(43)) - raft.server.log.statemachine.data.sync = true (default)
2019-08-23 16:26:05,981 [pool-292-thread-1] INFO  server.RaftServerConfigKeys (ConfUtils.java:logGet(43)) - raft.server.log.statemachine.data.sync.timeout = 10s (default)
2019-08-23 16:26:05,981 [pool-314-thread-1] INFO  server.RaftServerConfigKeys (ConfUtils.java:logGet(43)) - raft.server.log.statemachine.data.sync.timeout = 10s (default)
2019-08-23 16:26:05,982 [pool-292-thread-1] INFO  server.RaftServerConfigKeys (ConfUtils.java:logGet(43)) - raft.server.log.statemachine.data.sync.timeout.retry = -1 (default)
2019-08-23 16:26:05,982 [pool-314-thread-1] INFO  server.RaftServerConfigKeys (ConfUtils.java:logGet(43)) - raft.server.log.statemachine.data.sync.timeout.retry = -1 (default)
2019-08-23 16:26:05,982 [pool-292-thread-1] INFO  server.RaftServerConfigKeys (ConfUtils.java:logGet(43)) - raft.server.log.statemachine.data.caching.enabled = true (custom)
2019-08-23 16:26:05,982 [pool-314-thread-1] INFO  server.RaftServerConfigKeys (ConfUtils.java:logGet(43)) - raft.server.log.statemachine.data.caching.enabled = true (custom)
2019-08-23 16:26:05,982 [pool-292-thread-1] INFO  segmented.SegmentedRaftLogWorker (SegmentedRaftLogWorker.java:lambda$new$0(132)) - 1ab7c03b-9667-49b2-8e22-cb721609aa90-SegmentedRaftLogWorker:Storage Directory /workdir/hadoop-ozone/ozonefs/target/test-dir/MiniOzoneClusterImpl-65c7d374-77ea-4ff7-a0a5-0274e3ac1d1c/datanode-0/data/ratis/c3a23862-82a2-4f6a-afc1-d65473067b69: flushIndex: setUnconditionally 0 -> -1
2019-08-23 16:26:05,984 [pool-314-thread-1] INFO  segmented.SegmentedRaftLogWorker (SegmentedRaftLogWorker.java:lambda$new$0(132)) - 275d4702-7309-4baf-8e37-b3bdbb85f52d-SegmentedRaftLogWorker:Storage Directory /workdir/hadoop-ozone/ozonefs/target/test-dir/MiniOzoneClusterImpl-65c7d374-77ea-4ff7-a0a5-0274e3ac1d1c/datanode-2/data/ratis/c3a23862-82a2-4f6a-afc1-d65473067b69: flushIndex: setUnconditionally 0 -> -1
2019-08-23 16:26:05,984 [pool-292-thread-1] INFO  server.RaftServerConfigKeys (ConfUtils.java:logGet(43)) - raft.server.snapshot.auto.trigger.enabled = true (custom)
2019-08-23 16:26:05,984 [pool-292-thread-1] INFO  server.RaftServerConfigKeys (ConfUtils.java:logGet(43)) - raft.server.snapshot.auto.trigger.threshold = 10000 (custom)
2019-08-23 16:26:05,984 [pool-314-thread-1] INFO  server.RaftServerConfigKeys (ConfUtils.java:logGet(43)) - raft.server.snapshot.auto.trigger.enabled = true (custom)
2019-08-23 16:26:05,984 [pool-292-thread-1] INFO  server.RaftServerConfigKeys (ConfUtils.java:logGet(43)) - raft.server.retrycache.expirytime = 600000ms (custom)
2019-08-23 16:26:05,985 [pool-314-thread-1] INFO  server.RaftServerConfigKeys (ConfUtils.java:logGet(43)) - raft.server.snapshot.auto.trigger.threshold = 10000 (custom)
2019-08-23 16:26:05,985 [pool-292-thread-1] INFO  impl.RaftServerImpl (RaftServerImpl.java:start(180)) - 1ab7c03b-9667-49b2-8e22-cb721609aa90: start group-D65473067B69
2019-08-23 16:26:05,985 [pool-314-thread-1] INFO  server.RaftServerConfigKeys (ConfUtils.java:logGet(43)) - raft.server.retrycache.expirytime = 600000ms (custom)
2019-08-23 16:26:05,985 [pool-292-thread-1] INFO  impl.RaftServerImpl (RaftServerImpl.java:setRole(171)) - 1ab7c03b-9667-49b2-8e22-cb721609aa90:group-D65473067B69 changes role from null to FOLLOWER at term 0 for startAsFollower
2019-08-23 16:26:05,985 [pool-314-thread-1] INFO  impl.RaftServerImpl (RaftServerImpl.java:start(180)) - 275d4702-7309-4baf-8e37-b3bdbb85f52d: start group-D65473067B69
2019-08-23 16:26:05,985 [pool-292-thread-1] INFO  impl.RoleInfo (RoleInfo.java:updateAndGet(143)) - 1ab7c03b-9667-49b2-8e22-cb721609aa90: start FollowerState
2019-08-23 16:26:05,985 [pool-314-thread-1] INFO  impl.RaftServerImpl (RaftServerImpl.java:setRole(171)) - 275d4702-7309-4baf-8e37-b3bdbb85f52d:group-D65473067B69 changes role from null to FOLLOWER at term 0 for startAsFollower
2019-08-23 16:26:05,986 [pool-314-thread-1] INFO  impl.RoleInfo (RoleInfo.java:updateAndGet(143)) - 275d4702-7309-4baf-8e37-b3bdbb85f52d: start FollowerState
2019-08-23 16:26:05,986 [pool-292-thread-1] INFO  util.JmxRegister (JmxRegister.java:tryRegister(44)) - Successfully registered JMX Bean with object name Ratis:service=RaftServer,group=group-D65473067B69,id=1ab7c03b-9667-49b2-8e22-cb721609aa90
2019-08-23 16:26:05,986 [pool-314-thread-1] INFO  util.JmxRegister (JmxRegister.java:tryRegister(44)) - Successfully registered JMX Bean with object name Ratis:service=RaftServer,group=group-D65473067B69,id=275d4702-7309-4baf-8e37-b3bdbb85f52d
2019-08-23 16:26:05,992 [RatisPipelineUtilsThread] INFO  pipeline.PipelineStateManager (PipelineStateManager.java:addPipeline(56)) - Created pipeline Pipeline[ Id: c3a23862-82a2-4f6a-afc1-d65473067b69, Nodes: 1ab7c03b-9667-49b2-8e22-cb721609aa90{ip: 192.168.5.135, host: pr-hdds-738-hvzxd-2983279717, networkLocation: /default-rack, certSerialId: null}87f14ea1-3348-4777-bc43-d21fe6a39e55{ip: 192.168.5.135, host: pr-hdds-738-hvzxd-2983279717, networkLocation: /default-rack, certSerialId: null}275d4702-7309-4baf-8e37-b3bdbb85f52d{ip: 192.168.5.135, host: pr-hdds-738-hvzxd-2983279717, networkLocation: /default-rack, certSerialId: null}, Type:RATIS, Factor:THREE, State:OPEN]
2019-08-23 16:26:06,886 [Thread-1054] INFO  ozone.MiniOzoneClusterImpl (MiniOzoneClusterImpl.java:lambda$waitForClusterToBeReady$0(140)) - Cluster is ready. Got 3 of 3 DN Heartbeats.
2019-08-23 16:26:06,919 [Thread-1054] INFO  rpc.RpcClient (RpcClient.java:createVolume(293)) - Creating Volume: volume95918, with user65265 as owner.
2019-08-23 16:26:06,922 | INFO  | OMAudit | user=jenkins1000 | ip=127.0.0.1 | op=CREATE_VOLUME {admin=admin72211, owner=user65265, volume=volume95918, creationTime=1566577566921, quotaInBytes=1152921504606846976} | ret=SUCCESS |  
2019-08-23 16:26:06,927 | INFO  | OMAudit | user=jenkins1000 | ip=127.0.0.1 | op=READ_VOLUME {volume=volume95918} | ret=SUCCESS |  
2019-08-23 16:26:06,928 [Thread-1054] INFO  rpc.RpcClient (RpcClient.java:createBucket(432)) - Creating Bucket: volume95918/bucket28741, with Versioning false and Storage Type set to DISK and Encryption set to false 
2019-08-23 16:26:06,930 | INFO  | OMAudit | user=jenkins1000 | ip=127.0.0.1 | op=CREATE_BUCKET {volume=volume95918, bucket=bucket28741, acls=[user:jenkins1000:a[ACCESS], group:default:a[ACCESS]], isVersionEnabled=false, storageType=DISK, creationTime=0} | ret=SUCCESS |  
2019-08-23 16:26:06,932 | INFO  | OMAudit | user=jenkins1000 | ip=127.0.0.1 | op=READ_BUCKET {volume=volume95918, bucket=bucket28741} | ret=SUCCESS |  
2019-08-23 16:26:06,940 | INFO  | OMAudit | user=jenkins1000 | ip=127.0.0.1 | op=READ_VOLUME {volume=volume95918} | ret=SUCCESS |  
2019-08-23 16:26:06,942 | INFO  | OMAudit | user=jenkins1000 | ip=127.0.0.1 | op=READ_BUCKET {volume=volume95918, bucket=bucket28741} | ret=SUCCESS |  
2019-08-23 16:26:06,962 | INFO  | SCMAudit | user=jenkins1000 | ip=192.168.5.135 | op=ALLOCATE_BLOCK {owner=9a2bc7c4-5733-4c51-a181-4e716f45c173, size=4194304, type=RATIS, factor=THREE} | ret=SUCCESS |  
2019-08-23 16:26:06,964 | INFO  | OMAudit | user=jenkins1000 | ip=127.0.0.1 | op=CREATE_FILE {volume=volume95918, bucket=bucket28741, key=testDeleteCreatesFakeParentDir/parent/child, dataSize=0, replicationType=RATIS, replicationFactor=THREE, keyLocationInfo=null} | ret=SUCCESS |  
2019-08-23 16:26:06,966 | INFO  | OMAudit | user=jenkins1000 | ip=127.0.0.1 | op=COMMIT_KEY {volume=volume95918, bucket=bucket28741, key=testDeleteCreatesFakeParentDir/parent/child, dataSize=0, replicationType=null, replicationFactor=null, keyLocationInfo=[], clientID=102667227428290572} | ret=SUCCESS |  
2019-08-23 16:26:06,971 [Thread-1054] INFO  ozone.MiniOzoneClusterImpl (MiniOzoneClusterImpl.java:shutdown(307)) - Shutting down the Mini Ozone Cluster
2019-08-23 16:26:06,971 | INFO  | SCMAudit | user=null | ip=null | op=GET_SCM_INFO null | ret=SUCCESS |  
2019-08-23 16:26:06,972 [Thread-1054] INFO  ozone.MiniOzoneClusterImpl (MiniOzoneClusterImpl.java:stop(322)) - Stopping the Mini Ozone Cluster
2019-08-23 16:26:06,972 [Thread-1054] INFO  ozone.MiniOzoneClusterImpl (MiniOzoneClusterImpl.java:stop(324)) - Stopping the OzoneManager
2019-08-23 16:26:06,972 [Thread-1054] INFO  ipc.Server (Server.java:stop(3082)) - Stopping server on 45836
2019-08-23 16:26:06,976 [IPC Server listener on 45836] INFO  ipc.Server (Server.java:run(1185)) - Stopping IPC Server listener on 45836
2019-08-23 16:26:06,976 [IPC Server Responder] INFO  ipc.Server (Server.java:run(1319)) - Stopping IPC Server Responder
2019-08-23 16:26:06,976 [Thread-1054] INFO  ratis.OzoneManagerDoubleBuffer (OzoneManagerDoubleBuffer.java:stop(248)) - Stopping OMDoubleBuffer flush thread
2019-08-23 16:26:06,978 [OMDoubleBufferFlushThread] INFO  ratis.OzoneManagerDoubleBuffer (OzoneManagerDoubleBuffer.java:flushTransactions(191)) - OMDoubleBuffer flush thread OMDoubleBufferFlushThread is interrupted and will exit. OMDoubleBufferFlushThread
2019-08-23 16:26:06,978 [Thread-1054] INFO  utils.BackgroundService (BackgroundService.java:shutdown(148)) - Shutting down service KeyDeletingService
2019-08-23 16:26:06,980 [Thread-1054] INFO  handler.ContextHandler (ContextHandler.java:doStop(910)) - Stopped o.e.j.w.WebAppContext@614a28fc{/,null,UNAVAILABLE}{/ozoneManager}
2019-08-23 16:26:06,980 [Thread-1054] INFO  server.AbstractConnector (AbstractConnector.java:doStop(318)) - Stopped ServerConnector@1bace273{HTTP/1.1,[http/1.1]}{0.0.0.0:0}
2019-08-23 16:26:06,980 [Thread-1054] INFO  handler.ContextHandler (ContextHandler.java:doStop(910)) - Stopped o.e.j.s.ServletContextHandler@72d0e700{/static,jar:file:/home/user/.m2/repository/org/apache/hadoop/hadoop-ozone-ozone-manager/0.5.0-SNAPSHOT/hadoop-ozone-ozone-manager-0.5.0-SNAPSHOT.jar!/webapps/static,UNAVAILABLE}
2019-08-23 16:26:06,981 [Thread-1054] INFO  handler.ContextHandler (ContextHandler.java:doStop(910)) - Stopped o.e.j.s.ServletContextHandler@18103694{/logs,file:///workdir/hadoop-ozone/ozonefs/target/log,UNAVAILABLE}
2019-08-23 16:26:06,982 [Thread-1054] INFO  ozone.MiniOzoneClusterImpl (MiniOzoneClusterImpl.java:stop(330)) - Shutting the HddsDatanodes
2019-08-23 16:26:07,743 [Datanode State Machine Thread - 0] INFO  statemachine.DatanodeStateMachine (DatanodeStateMachine.java:lambda$startDaemon$0(350)) - Ozone container server started.
2019-08-23 16:26:07,812 [Datanode State Machine Thread - 0] INFO  statemachine.DatanodeStateMachine (DatanodeStateMachine.java:lambda$startDaemon$0(350)) - Ozone container server started.
2019-08-23 16:26:07,887 | INFO  | SCMAudit | user=jenkins1000 | ip=192.168.5.135 | op=SEND_HEARTBEAT {datanodeUUID=275d4702-7309-4baf-8e37-b3bdbb85f52d, command=[]} | ret=SUCCESS |  
2019-08-23 16:26:08,762 [Thread-1226] INFO  container.ReplicationManager (ReplicationManager.java:start(152)) - Starting Replication Monitor Thread.
2019-08-23 16:26:08,764 [ReplicationMonitor] INFO  container.ReplicationManager (ReplicationManager.java:run(215)) - Replication Monitor Thread took 0 milliseconds for processing 1 containers.
2019-08-23 16:26:08,886 | INFO  | SCMAudit | user=jenkins1000 | ip=192.168.5.135 | op=SEND_HEARTBEAT {datanodeUUID=275d4702-7309-4baf-8e37-b3bdbb85f52d, command=[]} | ret=SUCCESS |  
2019-08-23 16:26:09,887 | INFO  | SCMAudit | user=jenkins1000 | ip=192.168.5.135 | op=SEND_HEARTBEAT {datanodeUUID=275d4702-7309-4baf-8e37-b3bdbb85f52d, command=[]} | ret=SUCCESS |  
2019-08-23 16:26:10,827 [Thread-1228] INFO  impl.FollowerState (FollowerState.java:run(106)) - 1ab7c03b-9667-49b2-8e22-cb721609aa90:group-1E3683B94A43 changes to CANDIDATE, lastRpcTime:5011, electionTimeout:5011ms
2019-08-23 16:26:10,827 [Thread-1228] INFO  impl.RoleInfo (RoleInfo.java:shutdownFollowerState(121)) - 1ab7c03b-9667-49b2-8e22-cb721609aa90: shutdown FollowerState
2019-08-23 16:26:10,827 [Thread-1228] INFO  impl.RaftServerImpl (RaftServerImpl.java:setRole(171)) - 1ab7c03b-9667-49b2-8e22-cb721609aa90:group-1E3683B94A43 changes role from FOLLOWER to CANDIDATE at term 0 for changeToCandidate
2019-08-23 16:26:10,827 [Thread-1228] INFO  impl.RoleInfo (RoleInfo.java:updateAndGet(143)) - 1ab7c03b-9667-49b2-8e22-cb721609aa90: start LeaderElection
2019-08-23 16:26:10,846 [1ab7c03b-9667-49b2-8e22-cb721609aa90:group-1E3683B94A43:LeaderElection22] INFO  impl.LeaderElection (LeaderElection.java:askForVotes(181)) - 1ab7c03b-9667-49b2-8e22-cb721609aa90:group-1E3683B94A43:LeaderElection22: begin an election at term 1 for -1: [1ab7c03b-9667-49b2-8e22-cb721609aa90:192.168.5.135:36696], old=null
2019-08-23 16:26:10,846 [1ab7c03b-9667-49b2-8e22-cb721609aa90:group-1E3683B94A43:LeaderElection22] INFO  impl.RoleInfo (RoleInfo.java:shutdownLeaderElection(134)) - 1ab7c03b-9667-49b2-8e22-cb721609aa90: shutdown LeaderElection
2019-08-23 16:26:10,846 [1ab7c03b-9667-49b2-8e22-cb721609aa90:group-1E3683B94A43:LeaderElection22] INFO  impl.RaftServerImpl (RaftServerImpl.java:setRole(171)) - 1ab7c03b-9667-49b2-8e22-cb721609aa90:group-1E3683B94A43 changes role from CANDIDATE to LEADER at term 1 for changeToLeader
2019-08-23 16:26:10,846 [1ab7c03b-9667-49b2-8e22-cb721609aa90:group-1E3683B94A43:LeaderElection22] INFO  impl.RaftServerImpl (ServerState.java:setLeader(263)) - 1ab7c03b-9667-49b2-8e22-cb721609aa90:group-1E3683B94A43 change Leader from null to 1ab7c03b-9667-49b2-8e22-cb721609aa90 at term 1 for becomeLeader, leader elected after 5037ms
2019-08-23 16:26:10,846 [1ab7c03b-9667-49b2-8e22-cb721609aa90:group-1E3683B94A43:LeaderElection22] INFO  server.RaftServerConfigKeys (ConfUtils.java:logGet(43)) - raft.server.staging.catchup.gap = 1000 (default)
2019-08-23 16:26:10,846 [1ab7c03b-9667-49b2-8e22-cb721609aa90:group-1E3683B94A43:LeaderElection22] INFO  server.RaftServerConfigKeys (ConfUtils.java:logGet(43)) - raft.server.rpc.sleep.time = 25ms (default)
2019-08-23 16:26:10,847 [1ab7c03b-9667-49b2-8e22-cb721609aa90:group-1E3683B94A43:LeaderElection22] INFO  server.RaftServerConfigKeys (ConfUtils.java:logGet(43)) - raft.server.write.element-limit = 4096 (default)
2019-08-23 16:26:10,847 [1ab7c03b-9667-49b2-8e22-cb721609aa90:group-1E3683B94A43:LeaderElection22] INFO  server.RaftServerConfigKeys (ConfUtils.java:logGet(43)) - raft.server.watch.timeout = 10s (default)
2019-08-23 16:26:10,847 [1ab7c03b-9667-49b2-8e22-cb721609aa90:group-1E3683B94A43:LeaderElection22] INFO  server.RaftServerConfigKeys (ConfUtils.java:logGet(43)) - raft.server.watch.timeout.denomination = 1s (default)
2019-08-23 16:26:10,847 [1ab7c03b-9667-49b2-8e22-cb721609aa90:group-1E3683B94A43:LeaderElection22] INFO  server.RaftServerConfigKeys (ConfUtils.java:logGet(43)) - raft.server.watch.element-limit = 65536 (default)
2019-08-23 16:26:10,847 [1ab7c03b-9667-49b2-8e22-cb721609aa90:group-1E3683B94A43:LeaderElection22] INFO  impl.RoleInfo (RoleInfo.java:updateAndGet(143)) - 1ab7c03b-9667-49b2-8e22-cb721609aa90: start LeaderState
2019-08-23 16:26:10,847 [1ab7c03b-9667-49b2-8e22-cb721609aa90:group-1E3683B94A43:LeaderElection22] INFO  segmented.SegmentedRaftLogWorker (SegmentedRaftLogWorker.java:startLogSegment(380)) - 1ab7c03b-9667-49b2-8e22-cb721609aa90-SegmentedRaftLogWorker:Storage Directory /workdir/hadoop-ozone/ozonefs/target/test-dir/MiniOzoneClusterImpl-65c7d374-77ea-4ff7-a0a5-0274e3ac1d1c/datanode-0/data/ratis/f6e839fc-7870-4316-b7d3-1e3683b94a43: Starting segment from index:0
2019-08-23 16:26:10,848 [1ab7c03b-9667-49b2-8e22-cb721609aa90:group-1E3683B94A43:LeaderElection22] INFO  impl.RaftServerImpl (ServerState.java:setRaftConf(361)) - 1ab7c03b-9667-49b2-8e22-cb721609aa90:group-1E3683B94A43 set configuration 0: [1ab7c03b-9667-49b2-8e22-cb721609aa90:192.168.5.135:36696], old=null at 0
2019-08-23 16:26:10,888 | INFO  | SCMAudit | user=jenkins1000 | ip=192.168.5.135 | op=SEND_HEARTBEAT {datanodeUUID=275d4702-7309-4baf-8e37-b3bdbb85f52d, command=[]} | ret=SUCCESS |  
2019-08-23 16:26:10,895 [1ab7c03b-9667-49b2-8e22-cb721609aa90-SegmentedRaftLogWorker:Storage Directory /workdir/hadoop-ozone/ozonefs/target/test-dir/MiniOzoneClusterImpl-65c7d374-77ea-4ff7-a0a5-0274e3ac1d1c/datanode-0/data/ratis/f6e839fc-7870-4316-b7d3-1e3683b94a43] INFO  segmented.SegmentedRaftLogWorker (SegmentedRaftLogWorker.java:execute(569)) - 1ab7c03b-9667-49b2-8e22-cb721609aa90-SegmentedRaftLogWorker:Storage Directory /workdir/hadoop-ozone/ozonefs/target/test-dir/MiniOzoneClusterImpl-65c7d374-77ea-4ff7-a0a5-0274e3ac1d1c/datanode-0/data/ratis/f6e839fc-7870-4316-b7d3-1e3683b94a43: created new log segment /workdir/hadoop-ozone/ozonefs/target/test-dir/MiniOzoneClusterImpl-65c7d374-77ea-4ff7-a0a5-0274e3ac1d1c/datanode-0/data/ratis/f6e839fc-7870-4316-b7d3-1e3683b94a43/current/log_inprogress_0
2019-08-23 16:26:11,035 [Thread-1231] INFO  impl.FollowerState (FollowerState.java:run(106)) - 87f14ea1-3348-4777-bc43-d21fe6a39e55:group-531B5FC2829F changes to CANDIDATE, lastRpcTime:5169, electionTimeout:5169ms
2019-08-23 16:26:11,035 [Thread-1231] INFO  impl.RoleInfo (RoleInfo.java:shutdownFollowerState(121)) - 87f14ea1-3348-4777-bc43-d21fe6a39e55: shutdown FollowerState
2019-08-23 16:26:11,035 [Thread-1231] INFO  impl.RaftServerImpl (RaftServerImpl.java:setRole(171)) - 87f14ea1-3348-4777-bc43-d21fe6a39e55:group-531B5FC2829F changes role from FOLLOWER to CANDIDATE at term 0 for changeToCandidate
2019-08-23 16:26:11,036 [Thread-1231] INFO  impl.RoleInfo (RoleInfo.java:updateAndGet(143)) - 87f14ea1-3348-4777-bc43-d21fe6a39e55: start LeaderElection
2019-08-23 16:26:11,041 [Thread-1241] INFO  impl.FollowerState (FollowerState.java:run(106)) - 1ab7c03b-9667-49b2-8e22-cb721609aa90:group-D65473067B69 changes to CANDIDATE, lastRpcTime:5055, electionTimeout:5055ms
2019-08-23 16:26:11,041 [Thread-1241] INFO  impl.RoleInfo (RoleInfo.java:shutdownFollowerState(121)) - 1ab7c03b-9667-49b2-8e22-cb721609aa90: shutdown FollowerState
2019-08-23 16:26:11,041 [Thread-1241] INFO  impl.RaftServerImpl (RaftServerImpl.java:setRole(171)) - 1ab7c03b-9667-49b2-8e22-cb721609aa90:group-D65473067B69 changes role from FOLLOWER to CANDIDATE at term 0 for changeToCandidate
2019-08-23 16:26:11,041 [Thread-1241] INFO  impl.RoleInfo (RoleInfo.java:updateAndGet(143)) - 1ab7c03b-9667-49b2-8e22-cb721609aa90: start LeaderElection
2019-08-23 16:26:11,053 [87f14ea1-3348-4777-bc43-d21fe6a39e55:group-531B5FC2829F:LeaderElection23] INFO  impl.LeaderElection (LeaderElection.java:askForVotes(181)) - 87f14ea1-3348-4777-bc43-d21fe6a39e55:group-531B5FC2829F:LeaderElection23: begin an election at term 1 for -1: [87f14ea1-3348-4777-bc43-d21fe6a39e55:192.168.5.135:34054], old=null
2019-08-23 16:26:11,053 [1ab7c03b-9667-49b2-8e22-cb721609aa90:group-D65473067B69:LeaderElection24] INFO  impl.LeaderElection (LeaderElection.java:askForVotes(181)) - 1ab7c03b-9667-49b2-8e22-cb721609aa90:group-D65473067B69:LeaderElection24: begin an election at term 1 for -1: [275d4702-7309-4baf-8e37-b3bdbb85f52d:192.168.5.135:39435, 1ab7c03b-9667-49b2-8e22-cb721609aa90:192.168.5.135:36696, 87f14ea1-3348-4777-bc43-d21fe6a39e55:192.168.5.135:34054], old=null
2019-08-23 16:26:11,053 [87f14ea1-3348-4777-bc43-d21fe6a39e55:group-531B5FC2829F:LeaderElection23] INFO  impl.RoleInfo (RoleInfo.java:shutdownLeaderElection(134)) - 87f14ea1-3348-4777-bc43-d21fe6a39e55: shutdown LeaderElection
2019-08-23 16:26:11,053 [87f14ea1-3348-4777-bc43-d21fe6a39e55:group-531B5FC2829F:LeaderElection23] INFO  impl.RaftServerImpl (RaftServerImpl.java:setRole(171)) - 87f14ea1-3348-4777-bc43-d21fe6a39e55:group-531B5FC2829F changes role from CANDIDATE to LEADER at term 1 for changeToLeader
2019-08-23 16:26:11,053 [87f14ea1-3348-4777-bc43-d21fe6a39e55:group-531B5FC2829F:LeaderElection23] INFO  impl.RaftServerImpl (ServerState.java:setLeader(263)) - 87f14ea1-3348-4777-bc43-d21fe6a39e55:group-531B5FC2829F change Leader from null to 87f14ea1-3348-4777-bc43-d21fe6a39e55 at term 1 for becomeLeader, leader elected after 5192ms
2019-08-23 16:26:11,053 [87f14ea1-3348-4777-bc43-d21fe6a39e55:group-531B5FC2829F:LeaderElection23] INFO  server.RaftServerConfigKeys (ConfUtils.java:logGet(43)) - raft.server.staging.catchup.gap = 1000 (default)
2019-08-23 16:26:11,054 [87f14ea1-3348-4777-bc43-d21fe6a39e55:group-531B5FC2829F:LeaderElection23] INFO  server.RaftServerConfigKeys (ConfUtils.java:logGet(43)) - raft.server.rpc.sleep.time = 25ms (default)
2019-08-23 16:26:11,054 [87f14ea1-3348-4777-bc43-d21fe6a39e55:group-531B5FC2829F:LeaderElection23] INFO  server.RaftServerConfigKeys (ConfUtils.java:logGet(43)) - raft.server.write.element-limit = 4096 (default)
2019-08-23 16:26:11,054 [87f14ea1-3348-4777-bc43-d21fe6a39e55:group-531B5FC2829F:LeaderElection23] INFO  server.RaftServerConfigKeys (ConfUtils.java:logGet(43)) - raft.server.watch.timeout = 10s (default)
2019-08-23 16:26:11,054 [87f14ea1-3348-4777-bc43-d21fe6a39e55:group-531B5FC2829F:LeaderElection23] INFO  server.RaftServerConfigKeys (ConfUtils.java:logGet(43)) - raft.server.watch.timeout.denomination = 1s (default)
2019-08-23 16:26:11,054 [87f14ea1-3348-4777-bc43-d21fe6a39e55:group-531B5FC2829F:LeaderElection23] INFO  server.RaftServerConfigKeys (ConfUtils.java:logGet(43)) - raft.server.watch.element-limit = 65536 (default)
2019-08-23 16:26:11,054 [87f14ea1-3348-4777-bc43-d21fe6a39e55:group-531B5FC2829F:LeaderElection23] INFO  impl.RoleInfo (RoleInfo.java:updateAndGet(143)) - 87f14ea1-3348-4777-bc43-d21fe6a39e55: start LeaderState
2019-08-23 16:26:11,056 [87f14ea1-3348-4777-bc43-d21fe6a39e55:group-531B5FC2829F:LeaderElection23] INFO  segmented.SegmentedRaftLogWorker (SegmentedRaftLogWorker.java:startLogSegment(380)) - 87f14ea1-3348-4777-bc43-d21fe6a39e55-SegmentedRaftLogWorker:Storage Directory /workdir/hadoop-ozone/ozonefs/target/test-dir/MiniOzoneClusterImpl-65c7d374-77ea-4ff7-a0a5-0274e3ac1d1c/datanode-1/data/ratis/f827978b-9abd-4ad3-b6e9-531b5fc2829f: Starting segment from index:0
2019-08-23 16:26:11,063 [87f14ea1-3348-4777-bc43-d21fe6a39e55:group-531B5FC2829F:LeaderElection23] INFO  impl.RaftServerImpl (ServerState.java:setRaftConf(361)) - 87f14ea1-3348-4777-bc43-d21fe6a39e55:group-531B5FC2829F set configuration 0: [87f14ea1-3348-4777-bc43-d21fe6a39e55:192.168.5.135:34054], old=null at 0
2019-08-23 16:26:11,099 [Thread-1242] INFO  impl.FollowerState (FollowerState.java:run(106)) - 275d4702-7309-4baf-8e37-b3bdbb85f52d:group-D65473067B69 changes to CANDIDATE, lastRpcTime:5113, electionTimeout:5112ms
2019-08-23 16:26:11,099 [Thread-1237] INFO  impl.FollowerState (FollowerState.java:run(106)) - 87f14ea1-3348-4777-bc43-d21fe6a39e55:group-D65473067B69 changes to CANDIDATE, lastRpcTime:5119, electionTimeout:5099ms
2019-08-23 16:26:11,099 [Thread-1242] INFO  impl.RoleInfo (RoleInfo.java:shutdownFollowerState(121)) - 275d4702-7309-4baf-8e37-b3bdbb85f52d: shutdown FollowerState
2019-08-23 16:26:11,099 [Thread-1234] INFO  impl.FollowerState (FollowerState.java:run(106)) - 275d4702-7309-4baf-8e37-b3bdbb85f52d:group-20B3E94D0A6F changes to CANDIDATE, lastRpcTime:5177, electionTimeout:5147ms
2019-08-23 16:26:11,100 [Thread-1242] INFO  impl.RaftServerImpl (RaftServerImpl.java:setRole(171)) - 275d4702-7309-4baf-8e37-b3bdbb85f52d:group-D65473067B69 changes role from FOLLOWER to CANDIDATE at term 0 for changeToCandidate
2019-08-23 16:26:11,099 [Thread-1237] INFO  impl.RoleInfo (RoleInfo.java:shutdownFollowerState(121)) - 87f14ea1-3348-4777-bc43-d21fe6a39e55: shutdown FollowerState
2019-08-23 16:26:11,100 [Thread-1242] INFO  impl.RoleInfo (RoleInfo.java:updateAndGet(143)) - 275d4702-7309-4baf-8e37-b3bdbb85f52d: start LeaderElection
2019-08-23 16:26:11,100 [Thread-1234] INFO  impl.RoleInfo (RoleInfo.java:shutdownFollowerState(121)) - 275d4702-7309-4baf-8e37-b3bdbb85f52d: shutdown FollowerState
2019-08-23 16:26:11,100 [Thread-1237] INFO  impl.RaftServerImpl (RaftServerImpl.java:setRole(171)) - 87f14ea1-3348-4777-bc43-d21fe6a39e55:group-D65473067B69 changes role from FOLLOWER to CANDIDATE at term 0 for changeToCandidate
2019-08-23 16:26:11,101 [Thread-1234] INFO  impl.RaftServerImpl (RaftServerImpl.java:setRole(171)) - 275d4702-7309-4baf-8e37-b3bdbb85f52d:group-20B3E94D0A6F changes role from FOLLOWER to CANDIDATE at term 0 for changeToCandidate
2019-08-23 16:26:11,103 [Thread-1237] INFO  impl.RoleInfo (RoleInfo.java:updateAndGet(143)) - 87f14ea1-3348-4777-bc43-d21fe6a39e55: start LeaderElection
2019-08-23 16:26:11,106 [Thread-1234] INFO  impl.RoleInfo (RoleInfo.java:updateAndGet(143)) - 275d4702-7309-4baf-8e37-b3bdbb85f52d: start LeaderElection
2019-08-23 16:26:11,112 [87f14ea1-3348-4777-bc43-d21fe6a39e55-SegmentedRaftLogWorker:Storage Directory /workdir/hadoop-ozone/ozonefs/target/test-dir/MiniOzoneClusterImpl-65c7d374-77ea-4ff7-a0a5-0274e3ac1d1c/datanode-1/data/ratis/f827978b-9abd-4ad3-b6e9-531b5fc2829f] INFO  segmented.SegmentedRaftLogWorker (SegmentedRaftLogWorker.java:execute(569)) - 87f14ea1-3348-4777-bc43-d21fe6a39e55-SegmentedRaftLogWorker:Storage Directory /workdir/hadoop-ozone/ozonefs/target/test-dir/MiniOzoneClusterImpl-65c7d374-77ea-4ff7-a0a5-0274e3ac1d1c/datanode-1/data/ratis/f827978b-9abd-4ad3-b6e9-531b5fc2829f: created new log segment /workdir/hadoop-ozone/ozonefs/target/test-dir/MiniOzoneClusterImpl-65c7d374-77ea-4ff7-a0a5-0274e3ac1d1c/datanode-1/data/ratis/f827978b-9abd-4ad3-b6e9-531b5fc2829f/current/log_inprogress_0
2019-08-23 16:26:11,134 [275d4702-7309-4baf-8e37-b3bdbb85f52d:group-20B3E94D0A6F:LeaderElection27] INFO  impl.LeaderElection (LeaderElection.java:askForVotes(181)) - 275d4702-7309-4baf-8e37-b3bdbb85f52d:group-20B3E94D0A6F:LeaderElection27: begin an election at term 1 for -1: [275d4702-7309-4baf-8e37-b3bdbb85f52d:192.168.5.135:39435], old=null
2019-08-23 16:26:11,134 [275d4702-7309-4baf-8e37-b3bdbb85f52d:group-D65473067B69:LeaderElection25] INFO  impl.LeaderElection (LeaderElection.java:askForVotes(181)) - 275d4702-7309-4baf-8e37-b3bdbb85f52d:group-D65473067B69:LeaderElection25: begin an election at term 1 for -1: [275d4702-7309-4baf-8e37-b3bdbb85f52d:192.168.5.135:39435, 1ab7c03b-9667-49b2-8e22-cb721609aa90:192.168.5.135:36696, 87f14ea1-3348-4777-bc43-d21fe6a39e55:192.168.5.135:34054], old=null
2019-08-23 16:26:11,135 [275d4702-7309-4baf-8e37-b3bdbb85f52d:group-20B3E94D0A6F:LeaderElection27] INFO  impl.RoleInfo (RoleInfo.java:shutdownLeaderElection(134)) - 275d4702-7309-4baf-8e37-b3bdbb85f52d: shutdown LeaderElection
2019-08-23 16:26:11,134 [87f14ea1-3348-4777-bc43-d21fe6a39e55:group-D65473067B69:LeaderElection26] INFO  impl.LeaderElection (LeaderElection.java:askForVotes(181)) - 87f14ea1-3348-4777-bc43-d21fe6a39e55:group-D65473067B69:LeaderElection26: begin an election at term 1 for -1: [275d4702-7309-4baf-8e37-b3bdbb85f52d:192.168.5.135:39435, 1ab7c03b-9667-49b2-8e22-cb721609aa90:192.168.5.135:36696, 87f14ea1-3348-4777-bc43-d21fe6a39e55:192.168.5.135:34054], old=null
2019-08-23 16:26:11,135 [275d4702-7309-4baf-8e37-b3bdbb85f52d:group-20B3E94D0A6F:LeaderElection27] INFO  impl.RaftServerImpl (RaftServerImpl.java:setRole(171)) - 275d4702-7309-4baf-8e37-b3bdbb85f52d:group-20B3E94D0A6F changes role from CANDIDATE to LEADER at term 1 for changeToLeader
2019-08-23 16:26:11,135 [275d4702-7309-4baf-8e37-b3bdbb85f52d:group-20B3E94D0A6F:LeaderElection27] INFO  impl.RaftServerImpl (ServerState.java:setLeader(263)) - 275d4702-7309-4baf-8e37-b3bdbb85f52d:group-20B3E94D0A6F change Leader from null to 275d4702-7309-4baf-8e37-b3bdbb85f52d at term 1 for becomeLeader, leader elected after 5218ms
2019-08-23 16:26:11,135 [275d4702-7309-4baf-8e37-b3bdbb85f52d:group-20B3E94D0A6F:LeaderElection27] INFO  server.RaftServerConfigKeys (ConfUtils.java:logGet(43)) - raft.server.staging.catchup.gap = 1000 (default)
2019-08-23 16:26:11,138 [275d4702-7309-4baf-8e37-b3bdbb85f52d:group-20B3E94D0A6F:LeaderElection27] INFO  server.RaftServerConfigKeys (ConfUtils.java:logGet(43)) - raft.server.rpc.sleep.time = 25ms (default)
2019-08-23 16:26:11,138 [275d4702-7309-4baf-8e37-b3bdbb85f52d:group-20B3E94D0A6F:LeaderElection27] INFO  server.RaftServerConfigKeys (ConfUtils.java:logGet(43)) - raft.server.write.element-limit = 4096 (default)
2019-08-23 16:26:11,140 [275d4702-7309-4baf-8e37-b3bdbb85f52d:group-20B3E94D0A6F:LeaderElection27] INFO  server.RaftServerConfigKeys (ConfUtils.java:logGet(43)) - raft.server.watch.timeout = 10s (default)
2019-08-23 16:26:11,142 [275d4702-7309-4baf-8e37-b3bdbb85f52d:group-20B3E94D0A6F:LeaderElection27] INFO  server.RaftServerConfigKeys (ConfUtils.java:logGet(43)) - raft.server.watch.timeout.denomination = 1s (default)
2019-08-23 16:26:11,144 [275d4702-7309-4baf-8e37-b3bdbb85f52d:group-20B3E94D0A6F:LeaderElection27] INFO  server.RaftServerConfigKeys (ConfUtils.java:logGet(43)) - raft.server.watch.element-limit = 65536 (default)
2019-08-23 16:26:11,144 [275d4702-7309-4baf-8e37-b3bdbb85f52d:group-20B3E94D0A6F:LeaderElection27] INFO  impl.RoleInfo (RoleInfo.java:updateAndGet(143)) - 275d4702-7309-4baf-8e37-b3bdbb85f52d: start LeaderState
2019-08-23 16:26:11,146 [1ab7c03b-9667-49b2-8e22-cb721609aa90:group-D65473067B69:LeaderElection24] INFO  impl.LeaderElection (LeaderElection.java:logAndReturn(56)) - 1ab7c03b-9667-49b2-8e22-cb721609aa90:group-D65473067B69:LeaderElection24: Election REJECTED; received 2 response(s) [1ab7c03b-9667-49b2-8e22-cb721609aa90<-275d4702-7309-4baf-8e37-b3bdbb85f52d#0:FAIL-t1, 1ab7c03b-9667-49b2-8e22-cb721609aa90<-87f14ea1-3348-4777-bc43-d21fe6a39e55#0:FAIL-t1] and 0 exception(s); 1ab7c03b-9667-49b2-8e22-cb721609aa90:t1, leader=null, voted=1ab7c03b-9667-49b2-8e22-cb721609aa90, raftlog=1ab7c03b-9667-49b2-8e22-cb721609aa90-SegmentedRaftLog:OPENED:c-1,f-1,i0, conf=-1: [275d4702-7309-4baf-8e37-b3bdbb85f52d:192.168.5.135:39435, 1ab7c03b-9667-49b2-8e22-cb721609aa90:192.168.5.135:36696, 87f14ea1-3348-4777-bc43-d21fe6a39e55:192.168.5.135:34054], old=null
2019-08-23 16:26:11,146 [275d4702-7309-4baf-8e37-b3bdbb85f52d:group-20B3E94D0A6F:LeaderElection27] INFO  segmented.SegmentedRaftLogWorker (SegmentedRaftLogWorker.java:startLogSegment(380)) - 275d4702-7309-4baf-8e37-b3bdbb85f52d-SegmentedRaftLogWorker:Storage Directory /workdir/hadoop-ozone/ozonefs/target/test-dir/MiniOzoneClusterImpl-65c7d374-77ea-4ff7-a0a5-0274e3ac1d1c/datanode-2/data/ratis/a3a3627f-b899-43c9-9c64-20b3e94d0a6f: Starting segment from index:0
2019-08-23 16:26:11,146 [1ab7c03b-9667-49b2-8e22-cb721609aa90:group-D65473067B69:LeaderElection24] INFO  impl.RaftServerImpl (RaftServerImpl.java:setRole(171)) - 1ab7c03b-9667-49b2-8e22-cb721609aa90:group-D65473067B69 changes role from CANDIDATE to FOLLOWER at term 1 for DISCOVERED_A_NEW_TERM
2019-08-23 16:26:11,150 [1ab7c03b-9667-49b2-8e22-cb721609aa90:group-D65473067B69:LeaderElection24] INFO  impl.RoleInfo (RoleInfo.java:shutdownLeaderElection(134)) - 1ab7c03b-9667-49b2-8e22-cb721609aa90: shutdown LeaderElection
2019-08-23 16:26:11,185 [275d4702-7309-4baf-8e37-b3bdbb85f52d:group-20B3E94D0A6F:LeaderElection27] INFO  impl.RaftServerImpl (ServerState.java:setRaftConf(361)) - 275d4702-7309-4baf-8e37-b3bdbb85f52d:group-20B3E94D0A6F set configuration 0: [275d4702-7309-4baf-8e37-b3bdbb85f52d:192.168.5.135:39435], old=null at 0
2019-08-23 16:26:11,185 [1ab7c03b-9667-49b2-8e22-cb721609aa90:group-D65473067B69:LeaderElection24] INFO  impl.RoleInfo (RoleInfo.java:updateAndGet(143)) - 1ab7c03b-9667-49b2-8e22-cb721609aa90: start FollowerState
2019-08-23 16:26:11,198 [275d4702-7309-4baf-8e37-b3bdbb85f52d-SegmentedRaftLogWorker:Storage Directory /workdir/hadoop-ozone/ozonefs/target/test-dir/MiniOzoneClusterImpl-65c7d374-77ea-4ff7-a0a5-0274e3ac1d1c/datanode-2/data/ratis/a3a3627f-b899-43c9-9c64-20b3e94d0a6f] INFO  segmented.SegmentedRaftLogWorker (SegmentedRaftLogWorker.java:execute(569)) - 275d4702-7309-4baf-8e37-b3bdbb85f52d-SegmentedRaftLogWorker:Storage Directory /workdir/hadoop-ozone/ozonefs/target/test-dir/MiniOzoneClusterImpl-65c7d374-77ea-4ff7-a0a5-0274e3ac1d1c/datanode-2/data/ratis/a3a3627f-b899-43c9-9c64-20b3e94d0a6f: created new log segment /workdir/hadoop-ozone/ozonefs/target/test-dir/MiniOzoneClusterImpl-65c7d374-77ea-4ff7-a0a5-0274e3ac1d1c/datanode-2/data/ratis/a3a3627f-b899-43c9-9c64-20b3e94d0a6f/current/log_inprogress_0
2019-08-23 16:26:11,207 [275d4702-7309-4baf-8e37-b3bdbb85f52d:group-D65473067B69:LeaderElection25] INFO  impl.LeaderElection (LeaderElection.java:logAndReturn(56)) - 275d4702-7309-4baf-8e37-b3bdbb85f52d:group-D65473067B69:LeaderElection25: Election REJECTED; received 2 response(s) [275d4702-7309-4baf-8e37-b3bdbb85f52d<-1ab7c03b-9667-49b2-8e22-cb721609aa90#0:FAIL-t1, 275d4702-7309-4baf-8e37-b3bdbb85f52d<-87f14ea1-3348-4777-bc43-d21fe6a39e55#0:FAIL-t1] and 0 exception(s); 275d4702-7309-4baf-8e37-b3bdbb85f52d:t1, leader=null, voted=275d4702-7309-4baf-8e37-b3bdbb85f52d, raftlog=275d4702-7309-4baf-8e37-b3bdbb85f52d-SegmentedRaftLog:OPENED:c-1,f-1,i0, conf=-1: [275d4702-7309-4baf-8e37-b3bdbb85f52d:192.168.5.135:39435, 1ab7c03b-9667-49b2-8e22-cb721609aa90:192.168.5.135:36696, 87f14ea1-3348-4777-bc43-d21fe6a39e55:192.168.5.135:34054], old=null
2019-08-23 16:26:11,207 [275d4702-7309-4baf-8e37-b3bdbb85f52d:group-D65473067B69:LeaderElection25] INFO  impl.RaftServerImpl (RaftServerImpl.java:setRole(171)) - 275d4702-7309-4baf-8e37-b3bdbb85f52d:group-D65473067B69 changes role from CANDIDATE to FOLLOWER at term 1 for DISCOVERED_A_NEW_TERM
2019-08-23 16:26:11,209 [275d4702-7309-4baf-8e37-b3bdbb85f52d:group-D65473067B69:LeaderElection25] INFO  impl.RoleInfo (RoleInfo.java:shutdownLeaderElection(134)) - 275d4702-7309-4baf-8e37-b3bdbb85f52d: shutdown LeaderElection
2019-08-23 16:26:11,210 [275d4702-7309-4baf-8e37-b3bdbb85f52d:group-D65473067B69:LeaderElection25] INFO  impl.RoleInfo (RoleInfo.java:updateAndGet(143)) - 275d4702-7309-4baf-8e37-b3bdbb85f52d: start FollowerState
2019-08-23 16:26:11,212 [87f14ea1-3348-4777-bc43-d21fe6a39e55:group-D65473067B69:LeaderElection26] INFO  impl.LeaderElection (LeaderElection.java:logAndReturn(56)) - 87f14ea1-3348-4777-bc43-d21fe6a39e55:group-D65473067B69:LeaderElection26: Election REJECTED; received 2 response(s) [87f14ea1-3348-4777-bc43-d21fe6a39e55<-275d4702-7309-4baf-8e37-b3bdbb85f52d#0:FAIL-t1, 87f14ea1-3348-4777-bc43-d21fe6a39e55<-1ab7c03b-9667-49b2-8e22-cb721609aa90#0:FAIL-t1] and 0 exception(s); 87f14ea1-3348-4777-bc43-d21fe6a39e55:t1, leader=null, voted=87f14ea1-3348-4777-bc43-d21fe6a39e55, raftlog=87f14ea1-3348-4777-bc43-d21fe6a39e55-SegmentedRaftLog:OPENED:c-1,f-1,i0, conf=-1: [275d4702-7309-4baf-8e37-b3bdbb85f52d:192.168.5.135:39435, 1ab7c03b-9667-49b2-8e22-cb721609aa90:192.168.5.135:36696, 87f14ea1-3348-4777-bc43-d21fe6a39e55:192.168.5.135:34054], old=null
2019-08-23 16:26:11,212 [87f14ea1-3348-4777-bc43-d21fe6a39e55:group-D65473067B69:LeaderElection26] INFO  impl.RaftServerImpl (RaftServerImpl.java:setRole(171)) - 87f14ea1-3348-4777-bc43-d21fe6a39e55:group-D65473067B69 changes role from CANDIDATE to FOLLOWER at term 1 for DISCOVERED_A_NEW_TERM
2019-08-23 16:26:11,215 [87f14ea1-3348-4777-bc43-d21fe6a39e55:group-D65473067B69:LeaderElection26] INFO  impl.RoleInfo (RoleInfo.java:shutdownLeaderElection(134)) - 87f14ea1-3348-4777-bc43-d21fe6a39e55: shutdown LeaderElection
2019-08-23 16:26:11,215 [87f14ea1-3348-4777-bc43-d21fe6a39e55:group-D65473067B69:LeaderElection26] INFO  impl.RoleInfo (RoleInfo.java:updateAndGet(143)) - 87f14ea1-3348-4777-bc43-d21fe6a39e55: start FollowerState
2019-08-23 16:26:11,888 | INFO  | SCMAudit | user=jenkins1000 | ip=192.168.5.135 | op=SEND_HEARTBEAT {datanodeUUID=275d4702-7309-4baf-8e37-b3bdbb85f52d, command=[]} | ret=SUCCESS |  
2019-08-23 16:26:11,983 [Thread-1054] INFO  ozoneimpl.OzoneContainer (OzoneContainer.java:stop(199)) - Attempting to stop container services.
2019-08-23 16:26:11,983 [ForkJoinPool.commonPool-worker-0] INFO  ozoneimpl.OzoneContainer (OzoneContainer.java:stop(199)) - Attempting to stop container services.
2019-08-23 16:26:11,983 [Thread-1054] INFO  impl.RaftServerProxy (RaftServerProxy.java:lambda$close$4(314)) - 87f14ea1-3348-4777-bc43-d21fe6a39e55: close
2019-08-23 16:26:11,984 [ForkJoinPool.commonPool-worker-0] INFO  impl.RaftServerProxy (RaftServerProxy.java:lambda$close$4(314)) - 1ab7c03b-9667-49b2-8e22-cb721609aa90: close
2019-08-23 16:26:11,984 [Thread-1054] INFO  impl.RaftServerImpl (RaftServerImpl.java:lambda$shutdown$3(245)) - 87f14ea1-3348-4777-bc43-d21fe6a39e55: shutdown group-D65473067B69
2019-08-23 16:26:11,984 [ForkJoinPool.commonPool-worker-0] INFO  impl.RaftServerImpl (RaftServerImpl.java:lambda$shutdown$3(245)) - 1ab7c03b-9667-49b2-8e22-cb721609aa90: shutdown group-D65473067B69
2019-08-23 16:26:11,984 [Thread-1054] INFO  util.JmxRegister (JmxRegister.java:unregister(73)) - Successfully un-registered JMX Bean with object name Ratis:service=RaftServer,group=group-D65473067B69,id=87f14ea1-3348-4777-bc43-d21fe6a39e55
2019-08-23 16:26:11,984 [ForkJoinPool.commonPool-worker-0] INFO  util.JmxRegister (JmxRegister.java:unregister(73)) - Successfully un-registered JMX Bean with object name Ratis:service=RaftServer,group=group-D65473067B69,id=1ab7c03b-9667-49b2-8e22-cb721609aa90
2019-08-23 16:26:11,985 [Thread-1054] INFO  impl.RoleInfo (RoleInfo.java:shutdownFollowerState(121)) - 87f14ea1-3348-4777-bc43-d21fe6a39e55: shutdown FollowerState
2019-08-23 16:26:11,985 [ForkJoinPool.commonPool-worker-0] INFO  impl.RoleInfo (RoleInfo.java:shutdownFollowerState(121)) - 1ab7c03b-9667-49b2-8e22-cb721609aa90: shutdown FollowerState
2019-08-23 16:26:11,985 [Thread-1266] INFO  impl.FollowerState (FollowerState.java:run(114)) - 87f14ea1-3348-4777-bc43-d21fe6a39e55: FollowerState was interrupted: java.lang.InterruptedException: sleep interrupted
2019-08-23 16:26:11,988 [Thread-1264] INFO  impl.FollowerState (FollowerState.java:run(114)) - 1ab7c03b-9667-49b2-8e22-cb721609aa90: FollowerState was interrupted: java.lang.InterruptedException: sleep interrupted
2019-08-23 16:26:11,985 [Thread-1054] INFO  impl.StateMachineUpdater (StateMachineUpdater.java:stopAndJoin(115)) - StateMachineUpdater:87f14ea1-3348-4777-bc43-d21fe6a39e55:group-D65473067B69: set stopIndex = -1
2019-08-23 16:26:11,987 [ForkJoinPool.commonPool-worker-0] INFO  impl.StateMachineUpdater (StateMachineUpdater.java:stopAndJoin(115)) - StateMachineUpdater:1ab7c03b-9667-49b2-8e22-cb721609aa90:group-D65473067B69: set stopIndex = -1
2019-08-23 16:26:11,991 [Thread-1054] INFO  impl.RaftServerImpl (ServerState.java:close(394)) - 87f14ea1-3348-4777-bc43-d21fe6a39e55:group-D65473067B69 closes. The last applied log index is -1
2019-08-23 16:26:11,991 [ForkJoinPool.commonPool-worker-0] INFO  impl.RaftServerImpl (ServerState.java:close(394)) - 1ab7c03b-9667-49b2-8e22-cb721609aa90:group-D65473067B69 closes. The last applied log index is -1
2019-08-23 16:26:11,993 [87f14ea1-3348-4777-bc43-d21fe6a39e55-SegmentedRaftLogWorker:Storage Directory /workdir/hadoop-ozone/ozonefs/target/test-dir/MiniOzoneClusterImpl-65c7d374-77ea-4ff7-a0a5-0274e3ac1d1c/datanode-1/data/ratis/c3a23862-82a2-4f6a-afc1-d65473067b69] INFO  segmented.SegmentedRaftLogWorker (SegmentedRaftLogWorker.java:run(313)) - 87f14ea1-3348-4777-bc43-d21fe6a39e55-SegmentedRaftLogWorker:Storage Directory /workdir/hadoop-ozone/ozonefs/target/test-dir/MiniOzoneClusterImpl-65c7d374-77ea-4ff7-a0a5-0274e3ac1d1c/datanode-1/data/ratis/c3a23862-82a2-4f6a-afc1-d65473067b69 was interrupted, exiting. There are 0 tasks remaining in the queue.
2019-08-23 16:26:11,994 [Thread-1054] INFO  segmented.SegmentedRaftLogWorker (SegmentedRaftLogWorker.java:close(228)) - 87f14ea1-3348-4777-bc43-d21fe6a39e55-SegmentedRaftLogWorker:Storage Directory /workdir/hadoop-ozone/ozonefs/target/test-dir/MiniOzoneClusterImpl-65c7d374-77ea-4ff7-a0a5-0274e3ac1d1c/datanode-1/data/ratis/c3a23862-82a2-4f6a-afc1-d65473067b69 close()
2019-08-23 16:26:11,994 [1ab7c03b-9667-49b2-8e22-cb721609aa90-SegmentedRaftLogWorker:Storage Directory /workdir/hadoop-ozone/ozonefs/target/test-dir/MiniOzoneClusterImpl-65c7d374-77ea-4ff7-a0a5-0274e3ac1d1c/datanode-0/data/ratis/c3a23862-82a2-4f6a-afc1-d65473067b69] INFO  segmented.SegmentedRaftLogWorker (SegmentedRaftLogWorker.java:run(313)) - 1ab7c03b-9667-49b2-8e22-cb721609aa90-SegmentedRaftLogWorker:Storage Directory /workdir/hadoop-ozone/ozonefs/target/test-dir/MiniOzoneClusterImpl-65c7d374-77ea-4ff7-a0a5-0274e3ac1d1c/datanode-0/data/ratis/c3a23862-82a2-4f6a-afc1-d65473067b69 was interrupted, exiting. There are 0 tasks remaining in the queue.
2019-08-23 16:26:11,997 [Thread-1054] INFO  impl.RaftServerImpl (RaftServerImpl.java:lambda$shutdown$3(245)) - 87f14ea1-3348-4777-bc43-d21fe6a39e55: shutdown group-531B5FC2829F
2019-08-23 16:26:11,997 [ForkJoinPool.commonPool-worker-0] INFO  segmented.SegmentedRaftLogWorker (SegmentedRaftLogWorker.java:close(228)) - 1ab7c03b-9667-49b2-8e22-cb721609aa90-SegmentedRaftLogWorker:Storage Directory /workdir/hadoop-ozone/ozonefs/target/test-dir/MiniOzoneClusterImpl-65c7d374-77ea-4ff7-a0a5-0274e3ac1d1c/datanode-0/data/ratis/c3a23862-82a2-4f6a-afc1-d65473067b69 close()
2019-08-23 16:26:11,997 [Thread-1054] INFO  util.JmxRegister (JmxRegister.java:unregister(73)) - Successfully un-registered JMX Bean with object name Ratis:service=RaftServer,group=group-531B5FC2829F,id=87f14ea1-3348-4777-bc43-d21fe6a39e55
2019-08-23 16:26:12,000 [ForkJoinPool.commonPool-worker-0] INFO  impl.RaftServerImpl (RaftServerImpl.java:lambda$shutdown$3(245)) - 1ab7c03b-9667-49b2-8e22-cb721609aa90: shutdown group-1E3683B94A43
2019-08-23 16:26:12,000 [Thread-1054] INFO  impl.RoleInfo (RoleInfo.java:shutdownLeaderState(104)) - 87f14ea1-3348-4777-bc43-d21fe6a39e55: shutdown LeaderState
2019-08-23 16:26:12,001 [ForkJoinPool.commonPool-worker-0] INFO  util.JmxRegister (JmxRegister.java:unregister(73)) - Successfully un-registered JMX Bean with object name Ratis:service=RaftServer,group=group-1E3683B94A43,id=1ab7c03b-9667-49b2-8e22-cb721609aa90
2019-08-23 16:26:12,001 [Thread-1054] INFO  impl.PendingRequests (PendingRequests.java:sendNotLeaderResponses(202)) - 87f14ea1-3348-4777-bc43-d21fe6a39e55-PendingRequests: sendNotLeaderResponses
2019-08-23 16:26:12,002 [ForkJoinPool.commonPool-worker-0] INFO  impl.RoleInfo (RoleInfo.java:shutdownLeaderState(104)) - 1ab7c03b-9667-49b2-8e22-cb721609aa90: shutdown LeaderState
2019-08-23 16:26:12,002 [Thread-1054] INFO  impl.StateMachineUpdater (StateMachineUpdater.java:stopAndJoin(115)) - StateMachineUpdater:87f14ea1-3348-4777-bc43-d21fe6a39e55:group-531B5FC2829F: set stopIndex = 0
2019-08-23 16:26:12,004 [ForkJoinPool.commonPool-worker-0] INFO  impl.PendingRequests (PendingRequests.java:sendNotLeaderResponses(202)) - 1ab7c03b-9667-49b2-8e22-cb721609aa90-PendingRequests: sendNotLeaderResponses
2019-08-23 16:26:12,004 [Thread-1054] INFO  impl.RaftServerImpl (ServerState.java:close(394)) - 87f14ea1-3348-4777-bc43-d21fe6a39e55:group-531B5FC2829F closes. The last applied log index is 0
2019-08-23 16:26:12,005 [ForkJoinPool.commonPool-worker-0] INFO  impl.StateMachineUpdater (StateMachineUpdater.java:stopAndJoin(115)) - StateMachineUpdater:1ab7c03b-9667-49b2-8e22-cb721609aa90:group-1E3683B94A43: set stopIndex = 0
2019-08-23 16:26:12,006 [87f14ea1-3348-4777-bc43-d21fe6a39e55-SegmentedRaftLogWorker:Storage Directory /workdir/hadoop-ozone/ozonefs/target/test-dir/MiniOzoneClusterImpl-65c7d374-77ea-4ff7-a0a5-0274e3ac1d1c/datanode-1/data/ratis/f827978b-9abd-4ad3-b6e9-531b5fc2829f] INFO  segmented.SegmentedRaftLogWorker (SegmentedRaftLogWorker.java:run(313)) - 87f14ea1-3348-4777-bc43-d21fe6a39e55-SegmentedRaftLogWorker:Storage Directory /workdir/hadoop-ozone/ozonefs/target/test-dir/MiniOzoneClusterImpl-65c7d374-77ea-4ff7-a0a5-0274e3ac1d1c/datanode-1/data/ratis/f827978b-9abd-4ad3-b6e9-531b5fc2829f was interrupted, exiting. There are 0 tasks remaining in the queue.
2019-08-23 16:26:12,007 [ForkJoinPool.commonPool-worker-0] INFO  impl.RaftServerImpl (ServerState.java:close(394)) - 1ab7c03b-9667-49b2-8e22-cb721609aa90:group-1E3683B94A43 closes. The last applied log index is 0
2019-08-23 16:26:12,008 [Thread-1054] INFO  segmented.SegmentedRaftLogWorker (SegmentedRaftLogWorker.java:close(228)) - 87f14ea1-3348-4777-bc43-d21fe6a39e55-SegmentedRaftLogWorker:Storage Directory /workdir/hadoop-ozone/ozonefs/target/test-dir/MiniOzoneClusterImpl-65c7d374-77ea-4ff7-a0a5-0274e3ac1d1c/datanode-1/data/ratis/f827978b-9abd-4ad3-b6e9-531b5fc2829f close()
2019-08-23 16:26:12,009 [1ab7c03b-9667-49b2-8e22-cb721609aa90-SegmentedRaftLogWorker:Storage Directory /workdir/hadoop-ozone/ozonefs/target/test-dir/MiniOzoneClusterImpl-65c7d374-77ea-4ff7-a0a5-0274e3ac1d1c/datanode-0/data/ratis/f6e839fc-7870-4316-b7d3-1e3683b94a43] INFO  segmented.SegmentedRaftLogWorker (SegmentedRaftLogWorker.java:run(313)) - 1ab7c03b-9667-49b2-8e22-cb721609aa90-SegmentedRaftLogWorker:Storage Directory /workdir/hadoop-ozone/ozonefs/target/test-dir/MiniOzoneClusterImpl-65c7d374-77ea-4ff7-a0a5-0274e3ac1d1c/datanode-0/data/ratis/f6e839fc-7870-4316-b7d3-1e3683b94a43 was interrupted, exiting. There are 0 tasks remaining in the queue.
2019-08-23 16:26:12,011 [Thread-1054] INFO  server.GrpcService (GrpcService.java:closeImpl(155)) - 87f14ea1-3348-4777-bc43-d21fe6a39e55: shutdown server with port 34054 now
2019-08-23 16:26:12,013 [ForkJoinPool.commonPool-worker-0] INFO  segmented.SegmentedRaftLogWorker (SegmentedRaftLogWorker.java:close(228)) - 1ab7c03b-9667-49b2-8e22-cb721609aa90-SegmentedRaftLogWorker:Storage Directory /workdir/hadoop-ozone/ozonefs/target/test-dir/MiniOzoneClusterImpl-65c7d374-77ea-4ff7-a0a5-0274e3ac1d1c/datanode-0/data/ratis/f6e839fc-7870-4316-b7d3-1e3683b94a43 close()
2019-08-23 16:26:12,022 [ForkJoinPool.commonPool-worker-0] INFO  server.GrpcService (GrpcService.java:closeImpl(155)) - 1ab7c03b-9667-49b2-8e22-cb721609aa90: shutdown server with port 36696 now
2019-08-23 16:26:12,025 [ForkJoinPool.commonPool-worker-0] INFO  server.GrpcService (GrpcService.java:closeImpl(163)) - 1ab7c03b-9667-49b2-8e22-cb721609aa90: shutdown server with port 36696 successfully
2019-08-23 16:26:12,025 [Thread-1054] INFO  server.GrpcService (GrpcService.java:closeImpl(163)) - 87f14ea1-3348-4777-bc43-d21fe6a39e55: shutdown server with port 34054 successfully
2019-08-23 16:26:12,026 [ForkJoinPool.commonPool-worker-0] INFO  utils.BackgroundService (BackgroundService.java:shutdown(148)) - Shutting down service BlockDeletingService
2019-08-23 16:26:12,026 [Thread-1054] INFO  utils.BackgroundService (BackgroundService.java:shutdown(148)) - Shutting down service BlockDeletingService
2019-08-23 16:26:12,028 [refreshUsed-/workdir/hadoop-ozone/ozonefs/target/test-dir/MiniOzoneClusterImpl-65c7d374-77ea-4ff7-a0a5-0274e3ac1d1c/datanode-0/data/containers] WARN  fs.CachingGetSpaceUsed (CachingGetSpaceUsed.java:run(183)) - Thread Interrupted waiting to refresh disk information: sleep interrupted
2019-08-23 16:26:12,028 [refreshUsed-/workdir/hadoop-ozone/ozonefs/target/test-dir/MiniOzoneClusterImpl-65c7d374-77ea-4ff7-a0a5-0274e3ac1d1c/datanode-1/data/containers] WARN  fs.CachingGetSpaceUsed (CachingGetSpaceUsed.java:run(183)) - Thread Interrupted waiting to refresh disk information: sleep interrupted
2019-08-23 16:26:12,063 [Thread-1054] INFO  statemachine.DatanodeStateMachine (DatanodeStateMachine.java:stopDaemon(395)) - Ozone container server stopped.
2019-08-23 16:26:12,063 [Thread-1054] INFO  handler.ContextHandler (ContextHandler.java:doStop(910)) - Stopped o.e.j.w.WebAppContext@122e1598{/,null,UNAVAILABLE}{/hddsDatanode}
2019-08-23 16:26:12,064 [Thread-1054] INFO  server.AbstractConnector (AbstractConnector.java:doStop(318)) - Stopped ServerConnector@27ffc528{HTTP/1.1,[http/1.1]}{0.0.0.0:0}
2019-08-23 16:26:12,064 [Thread-1054] INFO  handler.ContextHandler (ContextHandler.java:doStop(910)) - Stopped o.e.j.s.ServletContextHandler@e7fd6dd{/static,jar:file:/home/user/.m2/repository/org/apache/hadoop/hadoop-hdds-container-service/0.5.0-SNAPSHOT/hadoop-hdds-container-service-0.5.0-SNAPSHOT.jar!/webapps/static,UNAVAILABLE}
2019-08-23 16:26:12,065 [Thread-1054] INFO  handler.ContextHandler (ContextHandler.java:doStop(910)) - Stopped o.e.j.s.ServletContextHandler@7e7086f6{/logs,file:///workdir/hadoop-ozone/ozonefs/target/log,UNAVAILABLE}
2019-08-23 16:26:12,073 [ForkJoinPool.commonPool-worker-0] INFO  statemachine.DatanodeStateMachine (DatanodeStateMachine.java:stopDaemon(395)) - Ozone container server stopped.
2019-08-23 16:26:12,076 [ForkJoinPool.commonPool-worker-0] INFO  handler.ContextHandler (ContextHandler.java:doStop(910)) - Stopped o.e.j.w.WebAppContext@5d086a4f{/,null,UNAVAILABLE}{/hddsDatanode}
2019-08-23 16:26:12,076 [ForkJoinPool.commonPool-worker-0] INFO  server.AbstractConnector (AbstractConnector.java:doStop(318)) - Stopped ServerConnector@472c6749{HTTP/1.1,[http/1.1]}{0.0.0.0:0}
2019-08-23 16:26:12,077 [ForkJoinPool.commonPool-worker-0] INFO  handler.ContextHandler (ContextHandler.java:doStop(910)) - Stopped o.e.j.s.ServletContextHandler@62f5248e{/static,jar:file:/home/user/.m2/repository/org/apache/hadoop/hadoop-hdds-container-service/0.5.0-SNAPSHOT/hadoop-hdds-container-service-0.5.0-SNAPSHOT.jar!/webapps/static,UNAVAILABLE}
2019-08-23 16:26:12,079 [ForkJoinPool.commonPool-worker-0] INFO  handler.ContextHandler (ContextHandler.java:doStop(910)) - Stopped o.e.j.s.ServletContextHandler@2044b1d4{/logs,file:///workdir/hadoop-ozone/ozonefs/target/log,UNAVAILABLE}
2019-08-23 16:26:12,887 [Datanode State Machine Thread - 0] INFO  statemachine.DatanodeStateMachine (DatanodeStateMachine.java:lambda$startDaemon$0(350)) - Ozone container server started.
2019-08-23 16:26:16,402 [Thread-1265] INFO  impl.FollowerState (FollowerState.java:run(106)) - 275d4702-7309-4baf-8e37-b3bdbb85f52d:group-D65473067B69 changes to CANDIDATE, lastRpcTime:5192, electionTimeout:5190ms
2019-08-23 16:26:16,403 [Thread-1265] INFO  impl.RoleInfo (RoleInfo.java:shutdownFollowerState(121)) - 275d4702-7309-4baf-8e37-b3bdbb85f52d: shutdown FollowerState
2019-08-23 16:26:16,403 [Thread-1265] INFO  impl.RaftServerImpl (RaftServerImpl.java:setRole(171)) - 275d4702-7309-4baf-8e37-b3bdbb85f52d:group-D65473067B69 changes role from FOLLOWER to CANDIDATE at term 1 for changeToCandidate
2019-08-23 16:26:16,403 [Thread-1265] INFO  impl.RoleInfo (RoleInfo.java:updateAndGet(143)) - 275d4702-7309-4baf-8e37-b3bdbb85f52d: start LeaderElection
2019-08-23 16:26:16,418 [275d4702-7309-4baf-8e37-b3bdbb85f52d:group-D65473067B69:LeaderElection28] INFO  impl.LeaderElection (LeaderElection.java:askForVotes(181)) - 275d4702-7309-4baf-8e37-b3bdbb85f52d:group-D65473067B69:LeaderElection28: begin an election at term 2 for -1: [275d4702-7309-4baf-8e37-b3bdbb85f52d:192.168.5.135:39435, 1ab7c03b-9667-49b2-8e22-cb721609aa90:192.168.5.135:36696, 87f14ea1-3348-4777-bc43-d21fe6a39e55:192.168.5.135:34054], old=null
2019-08-23 16:26:16,428 [275d4702-7309-4baf-8e37-b3bdbb85f52d:group-D65473067B69:LeaderElection28] INFO  impl.LeaderElection (LogUtils.java:infoOrTrace(149)) - 275d4702-7309-4baf-8e37-b3bdbb85f52d:group-D65473067B69:LeaderElection28 got exception when requesting votes: {}
java.util.concurrent.ExecutionException: org.apache.ratis.thirdparty.io.grpc.StatusRuntimeException: UNAVAILABLE: io exception
	at java.util.concurrent.FutureTask.report(FutureTask.java:122)
	at java.util.concurrent.FutureTask.get(FutureTask.java:192)
	at org.apache.ratis.server.impl.LeaderElection.waitForResults(LeaderElection.java:262)
	at org.apache.ratis.server.impl.LeaderElection.askForVotes(LeaderElection.java:200)
	at org.apache.ratis.server.impl.LeaderElection.run(LeaderElection.java:130)
	at java.lang.Thread.run(Thread.java:748)
Caused by: org.apache.ratis.thirdparty.io.grpc.StatusRuntimeException: UNAVAILABLE: io exception
	at org.apache.ratis.thirdparty.io.grpc.stub.ClientCalls.toStatusRuntimeException(ClientCalls.java:233)
	at org.apache.ratis.thirdparty.io.grpc.stub.ClientCalls.getUnchecked(ClientCalls.java:214)
	at org.apache.ratis.thirdparty.io.grpc.stub.ClientCalls.blockingUnaryCall(ClientCalls.java:139)
	at org.apache.ratis.proto.grpc.RaftServerProtocolServiceGrpc$RaftServerProtocolServiceBlockingStub.requestVote(RaftServerProtocolServiceGrpc.java:265)
	at org.apache.ratis.grpc.server.GrpcServerProtocolClient.requestVote(GrpcServerProtocolClient.java:83)
	at org.apache.ratis.grpc.server.GrpcService.requestVote(GrpcService.java:195)
	at org.apache.ratis.server.impl.LeaderElection.lambda$submitRequests$1(LeaderElection.java:237)
	at java.util.concurrent.FutureTask.run(FutureTask.java:266)
	at java.util.concurrent.Executors$RunnableAdapter.call(Executors.java:511)
	at java.util.concurrent.FutureTask.run(FutureTask.java:266)
	at java.util.concurrent.ThreadPoolExecutor.runWorker(ThreadPoolExecutor.java:1149)
	at java.util.concurrent.ThreadPoolExecutor$Worker.run(ThreadPoolExecutor.java:624)
	... 1 more
Caused by: org.apache.ratis.thirdparty.io.netty.channel.AbstractChannel$AnnotatedConnectException: Connection refused: /192.168.5.135:36696
	at sun.nio.ch.SocketChannelImpl.checkConnect(Native Method)
	at sun.nio.ch.SocketChannelImpl.finishConnect(SocketChannelImpl.java:717)
	at org.apache.ratis.thirdparty.io.netty.channel.socket.nio.NioSocketChannel.doFinishConnect(NioSocketChannel.java:327)
	at org.apache.ratis.thirdparty.io.netty.channel.nio.AbstractNioChannel$AbstractNioUnsafe.finishConnect(AbstractNioChannel.java:340)
	at org.apache.ratis.thirdparty.io.netty.channel.nio.NioEventLoop.processSelectedKey(NioEventLoop.java:632)
	at org.apache.ratis.thirdparty.io.netty.channel.nio.NioEventLoop.processSelectedKeysOptimized(NioEventLoop.java:579)
	at org.apache.ratis.thirdparty.io.netty.channel.nio.NioEventLoop.processSelectedKeys(NioEventLoop.java:496)
	at org.apache.ratis.thirdparty.io.netty.channel.nio.NioEventLoop.run(NioEventLoop.java:458)
	at org.apache.ratis.thirdparty.io.netty.util.concurrent.SingleThreadEventExecutor$5.run(SingleThreadEventExecutor.java:897)
	at org.apache.ratis.thirdparty.io.netty.util.concurrent.FastThreadLocalRunnable.run(FastThreadLocalRunnable.java:30)
	... 1 more
Caused by: java.net.ConnectException: Connection refused
	... 11 more
2019-08-23 16:26:16,429 [275d4702-7309-4baf-8e37-b3bdbb85f52d:group-D65473067B69:LeaderElection28] INFO  impl.LeaderElection (LogUtils.java:infoOrTrace(149)) - 275d4702-7309-4baf-8e37-b3bdbb85f52d:group-D65473067B69:LeaderElection28 got exception when requesting votes: {}
java.util.concurrent.ExecutionException: org.apache.ratis.thirdparty.io.grpc.StatusRuntimeException: UNAVAILABLE: io exception
	at java.util.concurrent.FutureTask.report(FutureTask.java:122)
	at java.util.concurrent.FutureTask.get(FutureTask.java:192)
	at org.apache.ratis.server.impl.LeaderElection.waitForResults(LeaderElection.java:262)
	at org.apache.ratis.server.impl.LeaderElection.askForVotes(LeaderElection.java:200)
	at org.apache.ratis.server.impl.LeaderElection.run(LeaderElection.java:130)
	at java.lang.Thread.run(Thread.java:748)
Caused by: org.apache.ratis.thirdparty.io.grpc.StatusRuntimeException: UNAVAILABLE: io exception
	at org.apache.ratis.thirdparty.io.grpc.stub.ClientCalls.toStatusRuntimeException(ClientCalls.java:233)
	at org.apache.ratis.thirdparty.io.grpc.stub.ClientCalls.getUnchecked(ClientCalls.java:214)
	at org.apache.ratis.thirdparty.io.grpc.stub.ClientCalls.blockingUnaryCall(ClientCalls.java:139)
	at org.apache.ratis.proto.grpc.RaftServerProtocolServiceGrpc$RaftServerProtocolServiceBlockingStub.requestVote(RaftServerProtocolServiceGrpc.java:265)
	at org.apache.ratis.grpc.server.GrpcServerProtocolClient.requestVote(GrpcServerProtocolClient.java:83)
	at org.apache.ratis.grpc.server.GrpcService.requestVote(GrpcService.java:195)
	at org.apache.ratis.server.impl.LeaderElection.lambda$submitRequests$1(LeaderElection.java:237)
	at java.util.concurrent.FutureTask.run(FutureTask.java:266)
	at java.util.concurrent.Executors$RunnableAdapter.call(Executors.java:511)
	at java.util.concurrent.FutureTask.run(FutureTask.java:266)
	at java.util.concurrent.ThreadPoolExecutor.runWorker(ThreadPoolExecutor.java:1149)
	at java.util.concurrent.ThreadPoolExecutor$Worker.run(ThreadPoolExecutor.java:624)
	... 1 more
Caused by: org.apache.ratis.thirdparty.io.netty.channel.AbstractChannel$AnnotatedConnectException: Connection refused: /192.168.5.135:34054
	at sun.nio.ch.SocketChannelImpl.checkConnect(Native Method)
	at sun.nio.ch.SocketChannelImpl.finishConnect(SocketChannelImpl.java:717)
	at org.apache.ratis.thirdparty.io.netty.channel.socket.nio.NioSocketChannel.doFinishConnect(NioSocketChannel.java:327)
	at org.apache.ratis.thirdparty.io.netty.channel.nio.AbstractNioChannel$AbstractNioUnsafe.finishConnect(AbstractNioChannel.java:340)
	at org.apache.ratis.thirdparty.io.netty.channel.nio.NioEventLoop.processSelectedKey(NioEventLoop.java:632)
	at org.apache.ratis.thirdparty.io.netty.channel.nio.NioEventLoop.processSelectedKeysOptimized(NioEventLoop.java:579)
	at org.apache.ratis.thirdparty.io.netty.channel.nio.NioEventLoop.processSelectedKeys(NioEventLoop.java:496)
	at org.apache.ratis.thirdparty.io.netty.channel.nio.NioEventLoop.run(NioEventLoop.java:458)
	at org.apache.ratis.thirdparty.io.netty.util.concurrent.SingleThreadEventExecutor$5.run(SingleThreadEventExecutor.java:897)
	at org.apache.ratis.thirdparty.io.netty.util.concurrent.FastThreadLocalRunnable.run(FastThreadLocalRunnable.java:30)
	... 1 more
Caused by: java.net.ConnectException: Connection refused
	... 11 more
2019-08-23 16:26:16,431 [275d4702-7309-4baf-8e37-b3bdbb85f52d:group-D65473067B69:LeaderElection28] INFO  impl.LeaderElection (LeaderElection.java:logAndReturn(56)) - 275d4702-7309-4baf-8e37-b3bdbb85f52d:group-D65473067B69:LeaderElection28: Election REJECTED; received 0 response(s) [] and 2 exception(s); 275d4702-7309-4baf-8e37-b3bdbb85f52d:t2, leader=null, voted=275d4702-7309-4baf-8e37-b3bdbb85f52d, raftlog=275d4702-7309-4baf-8e37-b3bdbb85f52d-SegmentedRaftLog:OPENED:c-1,f-1,i0, conf=-1: [275d4702-7309-4baf-8e37-b3bdbb85f52d:192.168.5.135:39435, 1ab7c03b-9667-49b2-8e22-cb721609aa90:192.168.5.135:36696, 87f14ea1-3348-4777-bc43-d21fe6a39e55:192.168.5.135:34054], old=null
2019-08-23 16:26:16,431 [275d4702-7309-4baf-8e37-b3bdbb85f52d:group-D65473067B69:LeaderElection28] INFO  impl.LeaderElection (LogUtils.java:infoOrTrace(149)) -   Exception 0: {}
java.util.concurrent.ExecutionException: org.apache.ratis.thirdparty.io.grpc.StatusRuntimeException: UNAVAILABLE: io exception
	at java.util.concurrent.FutureTask.report(FutureTask.java:122)
	at java.util.concurrent.FutureTask.get(FutureTask.java:192)
	at org.apache.ratis.server.impl.LeaderElection.waitForResults(LeaderElection.java:262)
	at org.apache.ratis.server.impl.LeaderElection.askForVotes(LeaderElection.java:200)
	at org.apache.ratis.server.impl.LeaderElection.run(LeaderElection.java:130)
	at java.lang.Thread.run(Thread.java:748)
Caused by: org.apache.ratis.thirdparty.io.grpc.StatusRuntimeException: UNAVAILABLE: io exception
	at org.apache.ratis.thirdparty.io.grpc.stub.ClientCalls.toStatusRuntimeException(ClientCalls.java:233)
	at org.apache.ratis.thirdparty.io.grpc.stub.ClientCalls.getUnchecked(ClientCalls.java:214)
	at org.apache.ratis.thirdparty.io.grpc.stub.ClientCalls.blockingUnaryCall(ClientCalls.java:139)
	at org.apache.ratis.proto.grpc.RaftServerProtocolServiceGrpc$RaftServerProtocolServiceBlockingStub.requestVote(RaftServerProtocolServiceGrpc.java:265)
	at org.apache.ratis.grpc.server.GrpcServerProtocolClient.requestVote(GrpcServerProtocolClient.java:83)
	at org.apache.ratis.grpc.server.GrpcService.requestVote(GrpcService.java:195)
	at org.apache.ratis.server.impl.LeaderElection.lambda$submitRequests$1(LeaderElection.java:237)
	at java.util.concurrent.FutureTask.run(FutureTask.java:266)
	at java.util.concurrent.Executors$RunnableAdapter.call(Executors.java:511)
	at java.util.concurrent.FutureTask.run(FutureTask.java:266)
	at java.util.concurrent.ThreadPoolExecutor.runWorker(ThreadPoolExecutor.java:1149)
	at java.util.concurrent.ThreadPoolExecutor$Worker.run(ThreadPoolExecutor.java:624)
	... 1 more
Caused by: org.apache.ratis.thirdparty.io.netty.channel.AbstractChannel$AnnotatedConnectException: Connection refused: /192.168.5.135:36696
	at sun.nio.ch.SocketChannelImpl.checkConnect(Native Method)
	at sun.nio.ch.SocketChannelImpl.finishConnect(SocketChannelImpl.java:717)
	at org.apache.ratis.thirdparty.io.netty.channel.socket.nio.NioSocketChannel.doFinishConnect(NioSocketChannel.java:327)
	at org.apache.ratis.thirdparty.io.netty.channel.nio.AbstractNioChannel$AbstractNioUnsafe.finishConnect(AbstractNioChannel.java:340)
	at org.apache.ratis.thirdparty.io.netty.channel.nio.NioEventLoop.processSelectedKey(NioEventLoop.java:632)
	at org.apache.ratis.thirdparty.io.netty.channel.nio.NioEventLoop.processSelectedKeysOptimized(NioEventLoop.java:579)
	at org.apache.ratis.thirdparty.io.netty.channel.nio.NioEventLoop.processSelectedKeys(NioEventLoop.java:496)
	at org.apache.ratis.thirdparty.io.netty.channel.nio.NioEventLoop.run(NioEventLoop.java:458)
	at org.apache.ratis.thirdparty.io.netty.util.concurrent.SingleThreadEventExecutor$5.run(SingleThreadEventExecutor.java:897)
	at org.apache.ratis.thirdparty.io.netty.util.concurrent.FastThreadLocalRunnable.run(FastThreadLocalRunnable.java:30)
	... 1 more
Caused by: java.net.ConnectException: Connection refused
	... 11 more
2019-08-23 16:26:16,431 [275d4702-7309-4baf-8e37-b3bdbb85f52d:group-D65473067B69:LeaderElection28] INFO  impl.LeaderElection (LogUtils.java:infoOrTrace(149)) -   Exception 1: {}
java.util.concurrent.ExecutionException: org.apache.ratis.thirdparty.io.grpc.StatusRuntimeException: UNAVAILABLE: io exception
	at java.util.concurrent.FutureTask.report(FutureTask.java:122)
	at java.util.concurrent.FutureTask.get(FutureTask.java:192)
	at org.apache.ratis.server.impl.LeaderElection.waitForResults(LeaderElection.java:262)
	at org.apache.ratis.server.impl.LeaderElection.askForVotes(LeaderElection.java:200)
	at org.apache.ratis.server.impl.LeaderElection.run(LeaderElection.java:130)
	at java.lang.Thread.run(Thread.java:748)
Caused by: org.apache.ratis.thirdparty.io.grpc.StatusRuntimeException: UNAVAILABLE: io exception
	at org.apache.ratis.thirdparty.io.grpc.stub.ClientCalls.toStatusRuntimeException(ClientCalls.java:233)
	at org.apache.ratis.thirdparty.io.grpc.stub.ClientCalls.getUnchecked(ClientCalls.java:214)
	at org.apache.ratis.thirdparty.io.grpc.stub.ClientCalls.blockingUnaryCall(ClientCalls.java:139)
	at org.apache.ratis.proto.grpc.RaftServerProtocolServiceGrpc$RaftServerProtocolServiceBlockingStub.requestVote(RaftServerProtocolServiceGrpc.java:265)
	at org.apache.ratis.grpc.server.GrpcServerProtocolClient.requestVote(GrpcServerProtocolClient.java:83)
	at org.apache.ratis.grpc.server.GrpcService.requestVote(GrpcService.java:195)
	at org.apache.ratis.server.impl.LeaderElection.lambda$submitRequests$1(LeaderElection.java:237)
	at java.util.concurrent.FutureTask.run(FutureTask.java:266)
	at java.util.concurrent.Executors$RunnableAdapter.call(Executors.java:511)
	at java.util.concurrent.FutureTask.run(FutureTask.java:266)
	at java.util.concurrent.ThreadPoolExecutor.runWorker(ThreadPoolExecutor.java:1149)
	at java.util.concurrent.ThreadPoolExecutor$Worker.run(ThreadPoolExecutor.java:624)
	... 1 more
Caused by: org.apache.ratis.thirdparty.io.netty.channel.AbstractChannel$AnnotatedConnectException: Connection refused: /192.168.5.135:34054
	at sun.nio.ch.SocketChannelImpl.checkConnect(Native Method)
	at sun.nio.ch.SocketChannelImpl.finishConnect(SocketChannelImpl.java:717)
	at org.apache.ratis.thirdparty.io.netty.channel.socket.nio.NioSocketChannel.doFinishConnect(NioSocketChannel.java:327)
	at org.apache.ratis.thirdparty.io.netty.channel.nio.AbstractNioChannel$AbstractNioUnsafe.finishConnect(AbstractNioChannel.java:340)
	at org.apache.ratis.thirdparty.io.netty.channel.nio.NioEventLoop.processSelectedKey(NioEventLoop.java:632)
	at org.apache.ratis.thirdparty.io.netty.channel.nio.NioEventLoop.processSelectedKeysOptimized(NioEventLoop.java:579)
	at org.apache.ratis.thirdparty.io.netty.channel.nio.NioEventLoop.processSelectedKeys(NioEventLoop.java:496)
	at org.apache.ratis.thirdparty.io.netty.channel.nio.NioEventLoop.run(NioEventLoop.java:458)
	at org.apache.ratis.thirdparty.io.netty.util.concurrent.SingleThreadEventExecutor$5.run(SingleThreadEventExecutor.java:897)
	at org.apache.ratis.thirdparty.io.netty.util.concurrent.FastThreadLocalRunnable.run(FastThreadLocalRunnable.java:30)
	... 1 more
Caused by: java.net.ConnectException: Connection refused
	... 11 more
2019-08-23 16:26:16,432 [275d4702-7309-4baf-8e37-b3bdbb85f52d:group-D65473067B69:LeaderElection28] INFO  impl.RaftServerImpl (RaftServerImpl.java:setRole(171)) - 275d4702-7309-4baf-8e37-b3bdbb85f52d:group-D65473067B69 changes role from CANDIDATE to FOLLOWER at term 2 for DISCOVERED_A_NEW_TERM
2019-08-23 16:26:16,433 [275d4702-7309-4baf-8e37-b3bdbb85f52d:group-D65473067B69:LeaderElection28] INFO  impl.RoleInfo (RoleInfo.java:shutdownLeaderElection(134)) - 275d4702-7309-4baf-8e37-b3bdbb85f52d: shutdown LeaderElection
2019-08-23 16:26:16,433 [275d4702-7309-4baf-8e37-b3bdbb85f52d:group-D65473067B69:LeaderElection28] INFO  impl.RoleInfo (RoleInfo.java:updateAndGet(143)) - 275d4702-7309-4baf-8e37-b3bdbb85f52d: start FollowerState
2019-08-23 16:26:17,066 [Thread-1054] INFO  ozoneimpl.OzoneContainer (OzoneContainer.java:stop(199)) - Attempting to stop container services.
2019-08-23 16:26:17,067 [Thread-1054] INFO  impl.RaftServerProxy (RaftServerProxy.java:lambda$close$4(314)) - 275d4702-7309-4baf-8e37-b3bdbb85f52d: close
2019-08-23 16:26:17,067 [Thread-1054] INFO  impl.RaftServerImpl (RaftServerImpl.java:lambda$shutdown$3(245)) - 275d4702-7309-4baf-8e37-b3bdbb85f52d: shutdown group-D65473067B69
2019-08-23 16:26:17,068 [ForkJoinPool.commonPool-worker-1] INFO  impl.RaftServerImpl (RaftServerImpl.java:lambda$shutdown$3(245)) - 275d4702-7309-4baf-8e37-b3bdbb85f52d: shutdown group-20B3E94D0A6F
2019-08-23 16:26:17,068 [Thread-1054] INFO  util.JmxRegister (JmxRegister.java:unregister(73)) - Successfully un-registered JMX Bean with object name Ratis:service=RaftServer,group=group-D65473067B69,id=275d4702-7309-4baf-8e37-b3bdbb85f52d
2019-08-23 16:26:17,068 [ForkJoinPool.commonPool-worker-1] INFO  util.JmxRegister (JmxRegister.java:unregister(73)) - Successfully un-registered JMX Bean with object name Ratis:service=RaftServer,group=group-20B3E94D0A6F,id=275d4702-7309-4baf-8e37-b3bdbb85f52d
2019-08-23 16:26:17,068 [Thread-1054] INFO  impl.RoleInfo (RoleInfo.java:shutdownFollowerState(121)) - 275d4702-7309-4baf-8e37-b3bdbb85f52d: shutdown FollowerState
2019-08-23 16:26:17,068 [ForkJoinPool.commonPool-worker-1] INFO  impl.RoleInfo (RoleInfo.java:shutdownLeaderState(104)) - 275d4702-7309-4baf-8e37-b3bdbb85f52d: shutdown LeaderState
2019-08-23 16:26:17,069 [Thread-1054] INFO  impl.StateMachineUpdater (StateMachineUpdater.java:stopAndJoin(115)) - StateMachineUpdater:275d4702-7309-4baf-8e37-b3bdbb85f52d:group-D65473067B69: set stopIndex = -1
2019-08-23 16:26:17,073 [Thread-1054] INFO  impl.RaftServerImpl (ServerState.java:close(394)) - 275d4702-7309-4baf-8e37-b3bdbb85f52d:group-D65473067B69 closes. The last applied log index is -1
2019-08-23 16:26:17,069 [ForkJoinPool.commonPool-worker-1] INFO  impl.PendingRequests (PendingRequests.java:sendNotLeaderResponses(202)) - 275d4702-7309-4baf-8e37-b3bdbb85f52d-PendingRequests: sendNotLeaderResponses
2019-08-23 16:26:17,069 [Thread-1270] INFO  impl.FollowerState (FollowerState.java:run(114)) - 275d4702-7309-4baf-8e37-b3bdbb85f52d: FollowerState was interrupted: java.lang.InterruptedException: sleep interrupted
2019-08-23 16:26:17,073 [ForkJoinPool.commonPool-worker-1] INFO  impl.StateMachineUpdater (StateMachineUpdater.java:stopAndJoin(115)) - StateMachineUpdater:275d4702-7309-4baf-8e37-b3bdbb85f52d:group-20B3E94D0A6F: set stopIndex = 0
2019-08-23 16:26:17,073 [275d4702-7309-4baf-8e37-b3bdbb85f52d-SegmentedRaftLogWorker:Storage Directory /workdir/hadoop-ozone/ozonefs/target/test-dir/MiniOzoneClusterImpl-65c7d374-77ea-4ff7-a0a5-0274e3ac1d1c/datanode-2/data/ratis/c3a23862-82a2-4f6a-afc1-d65473067b69] INFO  segmented.SegmentedRaftLogWorker (SegmentedRaftLogWorker.java:run(313)) - 275d4702-7309-4baf-8e37-b3bdbb85f52d-SegmentedRaftLogWorker:Storage Directory /workdir/hadoop-ozone/ozonefs/target/test-dir/MiniOzoneClusterImpl-65c7d374-77ea-4ff7-a0a5-0274e3ac1d1c/datanode-2/data/ratis/c3a23862-82a2-4f6a-afc1-d65473067b69 was interrupted, exiting. There are 0 tasks remaining in the queue.
2019-08-23 16:26:17,074 [ForkJoinPool.commonPool-worker-1] INFO  impl.RaftServerImpl (ServerState.java:close(394)) - 275d4702-7309-4baf-8e37-b3bdbb85f52d:group-20B3E94D0A6F closes. The last applied log index is 0
2019-08-23 16:26:17,075 [Thread-1054] INFO  segmented.SegmentedRaftLogWorker (SegmentedRaftLogWorker.java:close(228)) - 275d4702-7309-4baf-8e37-b3bdbb85f52d-SegmentedRaftLogWorker:Storage Directory /workdir/hadoop-ozone/ozonefs/target/test-dir/MiniOzoneClusterImpl-65c7d374-77ea-4ff7-a0a5-0274e3ac1d1c/datanode-2/data/ratis/c3a23862-82a2-4f6a-afc1-d65473067b69 close()
2019-08-23 16:26:17,075 [275d4702-7309-4baf-8e37-b3bdbb85f52d-SegmentedRaftLogWorker:Storage Directory /workdir/hadoop-ozone/ozonefs/target/test-dir/MiniOzoneClusterImpl-65c7d374-77ea-4ff7-a0a5-0274e3ac1d1c/datanode-2/data/ratis/a3a3627f-b899-43c9-9c64-20b3e94d0a6f] INFO  segmented.SegmentedRaftLogWorker (SegmentedRaftLogWorker.java:run(313)) - 275d4702-7309-4baf-8e37-b3bdbb85f52d-SegmentedRaftLogWorker:Storage Directory /workdir/hadoop-ozone/ozonefs/target/test-dir/MiniOzoneClusterImpl-65c7d374-77ea-4ff7-a0a5-0274e3ac1d1c/datanode-2/data/ratis/a3a3627f-b899-43c9-9c64-20b3e94d0a6f was interrupted, exiting. There are 0 tasks remaining in the queue.
2019-08-23 16:26:17,077 [ForkJoinPool.commonPool-worker-1] INFO  segmented.SegmentedRaftLogWorker (SegmentedRaftLogWorker.java:close(228)) - 275d4702-7309-4baf-8e37-b3bdbb85f52d-SegmentedRaftLogWorker:Storage Directory /workdir/hadoop-ozone/ozonefs/target/test-dir/MiniOzoneClusterImpl-65c7d374-77ea-4ff7-a0a5-0274e3ac1d1c/datanode-2/data/ratis/a3a3627f-b899-43c9-9c64-20b3e94d0a6f close()
2019-08-23 16:26:17,079 [Thread-1054] INFO  server.GrpcService (GrpcService.java:closeImpl(155)) - 275d4702-7309-4baf-8e37-b3bdbb85f52d: shutdown server with port 39435 now
2019-08-23 16:26:17,080 [Thread-1054] INFO  server.GrpcService (GrpcService.java:closeImpl(163)) - 275d4702-7309-4baf-8e37-b3bdbb85f52d: shutdown server with port 39435 successfully
2019-08-23 16:26:17,081 [Thread-1054] INFO  utils.BackgroundService (BackgroundService.java:shutdown(148)) - Shutting down service BlockDeletingService
2019-08-23 16:26:17,082 [refreshUsed-/workdir/hadoop-ozone/ozonefs/target/test-dir/MiniOzoneClusterImpl-65c7d374-77ea-4ff7-a0a5-0274e3ac1d1c/datanode-2/data/containers] WARN  fs.CachingGetSpaceUsed (CachingGetSpaceUsed.java:run(183)) - Thread Interrupted waiting to refresh disk information: sleep interrupted
2019-08-23 16:26:17,107 [Thread-1054] INFO  statemachine.DatanodeStateMachine (DatanodeStateMachine.java:stopDaemon(395)) - Ozone container server stopped.
2019-08-23 16:26:17,108 [Thread-1054] INFO  handler.ContextHandler (ContextHandler.java:doStop(910)) - Stopped o.e.j.w.WebAppContext@3d0b8c5f{/,null,UNAVAILABLE}{/hddsDatanode}
2019-08-23 16:26:17,109 [Thread-1054] INFO  server.AbstractConnector (AbstractConnector.java:doStop(318)) - Stopped ServerConnector@383aa7ec{HTTP/1.1,[http/1.1]}{0.0.0.0:0}
2019-08-23 16:26:17,109 [Thread-1054] INFO  handler.ContextHandler (ContextHandler.java:doStop(910)) - Stopped o.e.j.s.ServletContextHandler@3d422b84{/static,jar:file:/home/user/.m2/repository/org/apache/hadoop/hadoop-hdds-container-service/0.5.0-SNAPSHOT/hadoop-hdds-container-service-0.5.0-SNAPSHOT.jar!/webapps/static,UNAVAILABLE}
2019-08-23 16:26:17,109 [Thread-1054] INFO  handler.ContextHandler (ContextHandler.java:doStop(910)) - Stopped o.e.j.s.ServletContextHandler@36633e18{/logs,file:///workdir/hadoop-ozone/ozonefs/target/log,UNAVAILABLE}
2019-08-23 16:26:17,110 [Thread-1054] INFO  ozone.MiniOzoneClusterImpl (MiniOzoneClusterImpl.java:stop(339)) - Stopping the StorageContainerManager
2019-08-23 16:26:17,110 [Thread-1054] INFO  server.StorageContainerManager (StorageContainerManager.java:stop(797)) - Stopping Replication Manager Service.
2019-08-23 16:26:17,110 [Thread-1054] INFO  container.ReplicationManager (ReplicationManager.java:stop(193)) - Stopping Replication Monitor Thread.
2019-08-23 16:26:17,110 [Thread-1054] INFO  server.StorageContainerManager (StorageContainerManager.java:stop(804)) - Stopping Lease Manager of the command watchers
2019-08-23 16:26:17,111 [Thread-1054] INFO  server.StorageContainerManager (StorageContainerManager.java:stop(811)) - Stopping datanode service RPC server
2019-08-23 16:26:17,111 [Thread-1054] INFO  server.SCMDatanodeProtocolServer (SCMDatanodeProtocolServer.java:stop(367)) - Stopping the RPC server for DataNodes
2019-08-23 16:26:17,111 [Thread-1054] INFO  ipc.Server (Server.java:stop(3082)) - Stopping server on 38076
2019-08-23 16:26:17,112 [IPC Server listener on 38076] INFO  ipc.Server (Server.java:run(1185)) - Stopping IPC Server listener on 38076
2019-08-23 16:26:17,113 [IPC Server Responder] INFO  ipc.Server (Server.java:run(1319)) - Stopping IPC Server Responder
2019-08-23 16:26:17,130 [SCM Heartbeat Processing Thread - 0] WARN  node.NodeStateManager (NodeStateManager.java:scheduleNextHealthCheck(646)) - Current Thread is interrupted, shutting down HB processing thread for Node Manager.
2019-08-23 16:26:17,130 [Thread-1054] INFO  server.StorageContainerManager (StorageContainerManager.java:stop(819)) - Stopping block service RPC server
2019-08-23 16:26:17,130 [Thread-1054] INFO  server.SCMBlockProtocolServer (SCMBlockProtocolServer.java:stop(148)) - Stopping the RPC server for Block Protocol
2019-08-23 16:26:17,131 [Thread-1054] INFO  ipc.Server (Server.java:stop(3082)) - Stopping server on 38645
2019-08-23 16:26:17,132 [IPC Server listener on 38645] INFO  ipc.Server (Server.java:run(1185)) - Stopping IPC Server listener on 38645
2019-08-23 16:26:17,133 [IPC Server Responder] INFO  ipc.Server (Server.java:run(1319)) - Stopping IPC Server Responder
2019-08-23 16:26:17,133 [Thread-1054] INFO  server.StorageContainerManager (StorageContainerManager.java:stop(826)) - Stopping the StorageContainerLocationProtocol RPC server
2019-08-23 16:26:17,134 [Thread-1054] INFO  server.SCMClientProtocolServer (SCMClientProtocolServer.java:stop(159)) - Stopping the RPC server for Client Protocol
2019-08-23 16:26:17,135 [Thread-1054] INFO  ipc.Server (Server.java:stop(3082)) - Stopping server on 40668
2019-08-23 16:26:17,136 [IPC Server listener on 40668] INFO  ipc.Server (Server.java:run(1185)) - Stopping IPC Server listener on 40668
2019-08-23 16:26:17,137 [IPC Server Responder] INFO  ipc.Server (Server.java:run(1319)) - Stopping IPC Server Responder
2019-08-23 16:26:17,136 [Thread-1054] INFO  server.StorageContainerManager (StorageContainerManager.java:stop(833)) - Stopping Storage Container Manager HTTP server.
2019-08-23 16:26:17,139 [Thread-1054] INFO  handler.ContextHandler (ContextHandler.java:doStop(910)) - Stopped o.e.j.w.WebAppContext@49403021{/,null,UNAVAILABLE}{/scm}
2019-08-23 16:26:17,139 [Thread-1054] INFO  server.AbstractConnector (AbstractConnector.java:doStop(318)) - Stopped ServerConnector@46d7977d{HTTP/1.1,[http/1.1]}{0.0.0.0:0}
2019-08-23 16:26:17,139 [Thread-1054] INFO  handler.ContextHandler (ContextHandler.java:doStop(910)) - Stopped o.e.j.s.ServletContextHandler@7a29d220{/static,jar:file:/home/user/.m2/repository/org/apache/hadoop/hadoop-hdds-server-scm/0.5.0-SNAPSHOT/hadoop-hdds-server-scm-0.5.0-SNAPSHOT.jar!/webapps/static,UNAVAILABLE}
2019-08-23 16:26:17,140 [Thread-1054] INFO  handler.ContextHandler (ContextHandler.java:doStop(910)) - Stopped o.e.j.s.ServletContextHandler@729bafa7{/logs,file:///workdir/hadoop-ozone/ozonefs/target/log,UNAVAILABLE}
2019-08-23 16:26:17,140 [Thread-1054] INFO  server.StorageContainerManager (StorageContainerManager.java:stop(844)) - Stopping Block Manager Service.
2019-08-23 16:26:17,141 [Thread-1054] INFO  utils.BackgroundService (BackgroundService.java:shutdown(148)) - Shutting down service SCMBlockDeletingService
2019-08-23 16:26:17,141 [Thread-1054] INFO  utils.BackgroundService (BackgroundService.java:shutdown(148)) - Shutting down service SCMBlockDeletingService
2019-08-23 16:26:17,141 [Thread-1054] INFO  server.StorageContainerManager (StorageContainerManager.java:stop(866)) - Stopping SCM Event Queue.
2019-08-23 16:26:17,144 [Thread-1054] INFO  impl.MetricsSystemImpl (MetricsSystemImpl.java:stop(210)) - Stopping HddsDatanode metrics system...
2019-08-23 16:26:17,148 [Thread-1054] INFO  impl.MetricsSystemImpl (MetricsSystemImpl.java:stop(216)) - HddsDatanode metrics system stopped.
]]></system-out>
  </testcase>
  <testcase name="testListStatusOnLargeDirectory" classname="org.apache.hadoop.fs.ozone.TestOzoneFileSystem" time="21.188"/>
</testsuite>