<?xml version="1.0" encoding="UTF-8"?>
<testsuite xmlns:xsi="http://www.w3.org/2001/XMLSchema-instance" xsi:noNamespaceSchemaLocation="https://maven.apache.org/surefire/maven-surefire-plugin/xsd/surefire-test-report.xsd" name="org.apache.hadoop.hdds.scm.pipeline.TestRatisPipelineCreateAndDestory" time="69.276" tests="2" errors="1" skipped="0" failures="0">
  <properties>
    <property name="awt.toolkit" value="sun.awt.X11.XToolkit"/>
    <property name="file.encoding.pkg" value="sun.io"/>
    <property name="java.specification.version" value="1.8"/>
    <property name="sun.cpu.isalist" value=""/>
    <property name="sun.jnu.encoding" value="UTF-8"/>
    <property name="java.class.path" value="/workdir/hadoop-ozone/integration-test/target/test-classes:/workdir/hadoop-ozone/integration-test/target/classes:/home/user/.m2/repository/org/apache/hadoop/hadoop-ozone-common/0.5.0-SNAPSHOT/hadoop-ozone-common-0.5.0-SNAPSHOT.jar:/home/user/.m2/repository/org/apache/commons/commons-compress/1.4.1/commons-compress-1.4.1.jar:/home/user/.m2/repository/org/tukaani/xz/1.0/xz-1.0.jar:/home/user/.m2/repository/org/apache/hadoop/hadoop-common/3.2.0/hadoop-common-3.2.0.jar:/home/user/.m2/repository/org/apache/hadoop/hadoop-hdfs/3.2.0/hadoop-hdfs-3.2.0.jar:/home/user/.m2/repository/org/apache/hadoop/hadoop-hdfs-client/3.2.0/hadoop-hdfs-client-3.2.0.jar:/home/user/.m2/repository/com/fasterxml/jackson/core/jackson-annotations/2.9.5/jackson-annotations-2.9.5.jar:/home/user/.m2/repository/org/apache/hadoop/hadoop-hdds-common/0.5.0-SNAPSHOT/hadoop-hdds-common-0.5.0-SNAPSHOT.jar:/home/user/.m2/repository/javax/annotation/javax.annotation-api/1.2/javax.annotation-api-1.2.jar:/home/user/.m2/repository/org/apache/ratis/ratis-server/0.4.0-2337318-SNAPSHOT/ratis-server-0.4.0-2337318-SNAPSHOT.jar:/home/user/.m2/repository/org/apache/ratis/ratis-thirdparty-misc/0.2.0/ratis-thirdparty-misc-0.2.0.jar:/home/user/.m2/repository/org/apache/ratis/ratis-proto/0.4.0-2337318-SNAPSHOT/ratis-proto-0.4.0-2337318-SNAPSHOT.jar:/home/user/.m2/repository/org/apache/ratis/ratis-common/0.4.0-2337318-SNAPSHOT/ratis-common-0.4.0-2337318-SNAPSHOT.jar:/home/user/.m2/repository/org/apache/ratis/ratis-client/0.4.0-2337318-SNAPSHOT/ratis-client-0.4.0-2337318-SNAPSHOT.jar:/home/user/.m2/repository/org/apache/ratis/ratis-metrics/0.4.0-2337318-SNAPSHOT/ratis-metrics-0.4.0-2337318-SNAPSHOT.jar:/home/user/.m2/repository/org/apache/ratis/ratis-netty/0.4.0-2337318-SNAPSHOT/ratis-netty-0.4.0-2337318-SNAPSHOT.jar:/home/user/.m2/repository/org/apache/ratis/ratis-grpc/0.4.0-2337318-SNAPSHOT/ratis-grpc-0.4.0-2337318-SNAPSHOT.jar:/home/user/.m2/repository/org/rocksdb/rocksdbjni/6.0.1/rocksdbjni-6.0.1.jar:/home/user/.m2/repository/org/apache/logging/log4j/log4j-api/2.11.0/log4j-api-2.11.0.jar:/home/user/.m2/repository/org/apache/logging/log4j/log4j-core/2.11.0/log4j-core-2.11.0.jar:/home/user/.m2/repository/com/lmax/disruptor/3.4.2/disruptor-3.4.2.jar:/home/user/.m2/repository/org/apache/commons/commons-pool2/2.6.0/commons-pool2-2.6.0.jar:/home/user/.m2/repository/org/bouncycastle/bcpkix-jdk15on/1.60/bcpkix-jdk15on-1.60.jar:/home/user/.m2/repository/commons-validator/commons-validator/1.6/commons-validator-1.6.jar:/home/user/.m2/repository/commons-digester/commons-digester/1.8.1/commons-digester-1.8.1.jar:/home/user/.m2/repository/io/jaegertracing/jaeger-client/0.33.1/jaeger-client-0.33.1.jar:/home/user/.m2/repository/io/jaegertracing/jaeger-thrift/0.33.1/jaeger-thrift-0.33.1.jar:/home/user/.m2/repository/org/apache/thrift/libthrift/0.11.0/libthrift-0.11.0.jar:/home/user/.m2/repository/com/squareup/okhttp3/okhttp/3.9.0/okhttp-3.9.0.jar:/home/user/.m2/repository/com/squareup/okio/okio/1.13.0/okio-1.13.0.jar:/home/user/.m2/repository/io/jaegertracing/jaeger-core/0.33.1/jaeger-core-0.33.1.jar:/home/user/.m2/repository/io/jaegertracing/jaeger-tracerresolver/0.33.1/jaeger-tracerresolver-0.33.1.jar:/home/user/.m2/repository/io/opentracing/contrib/opentracing-tracerresolver/0.1.5/opentracing-tracerresolver-0.1.5.jar:/home/user/.m2/repository/io/opentracing/opentracing-util/0.31.0/opentracing-util-0.31.0.jar:/home/user/.m2/repository/io/opentracing/opentracing-api/0.31.0/opentracing-api-0.31.0.jar:/home/user/.m2/repository/io/opentracing/opentracing-noop/0.31.0/opentracing-noop-0.31.0.jar:/home/user/.m2/repository/org/apache/hadoop/hadoop-hdds-server-framework/0.5.0-SNAPSHOT/hadoop-hdds-server-framework-0.5.0-SNAPSHOT.jar:/home/user/.m2/repository/org/apache/hadoop/hadoop-hdds-container-service/0.5.0-SNAPSHOT/hadoop-hdds-container-service-0.5.0-SNAPSHOT.jar:/home/user/.m2/repository/org/apache/hadoop/hadoop-hdds-client/0.5.0-SNAPSHOT/hadoop-hdds-client-0.5.0-SNAPSHOT.jar:/home/user/.m2/repository/org/apache/hadoop/hadoop-hdds-tools/0.5.0-SNAPSHOT/hadoop-hdds-tools-0.5.0-SNAPSHOT.jar:/home/user/.m2/repository/org/apache/hadoop/hadoop-hdds-server-scm/0.5.0-SNAPSHOT/hadoop-hdds-server-scm-0.5.0-SNAPSHOT.jar:/home/user/.m2/repository/org/apache/hadoop/hadoop-hdds-docs/0.5.0-SNAPSHOT/hadoop-hdds-docs-0.5.0-SNAPSHOT.jar:/home/user/.m2/repository/io/dropwizard/metrics/metrics-core/3.2.4/metrics-core-3.2.4.jar:/home/user/.m2/repository/org/hamcrest/hamcrest-all/1.3/hamcrest-all-1.3.jar:/home/user/.m2/repository/org/bouncycastle/bcprov-jdk15on/1.60/bcprov-jdk15on-1.60.jar:/home/user/.m2/repository/info/picocli/picocli/3.9.6/picocli-3.9.6.jar:/home/user/.m2/repository/com/google/protobuf/protobuf-java/2.5.0/protobuf-java-2.5.0.jar:/home/user/.m2/repository/com/google/guava/guava/11.0.2/guava-11.0.2.jar:/home/user/.m2/repository/org/apache/hadoop/hadoop-ozone-ozone-manager/0.5.0-SNAPSHOT/hadoop-ozone-ozone-manager-0.5.0-SNAPSHOT.jar:/home/user/.m2/repository/org/apache/hadoop/hadoop-minikdc/3.2.0/hadoop-minikdc-3.2.0.jar:/home/user/.m2/repository/commons-io/commons-io/2.5/commons-io-2.5.jar:/home/user/.m2/repository/org/apache/kerby/kerb-simplekdc/1.0.1/kerb-simplekdc-1.0.1.jar:/home/user/.m2/repository/org/apache/kerby/kerb-client/1.0.1/kerb-client-1.0.1.jar:/home/user/.m2/repository/org/apache/kerby/kerby-config/1.0.1/kerby-config-1.0.1.jar:/home/user/.m2/repository/org/apache/kerby/kerb-core/1.0.1/kerb-core-1.0.1.jar:/home/user/.m2/repository/org/apache/kerby/kerby-pkix/1.0.1/kerby-pkix-1.0.1.jar:/home/user/.m2/repository/org/apache/kerby/kerby-asn1/1.0.1/kerby-asn1-1.0.1.jar:/home/user/.m2/repository/org/apache/kerby/kerby-util/1.0.1/kerby-util-1.0.1.jar:/home/user/.m2/repository/org/apache/kerby/kerb-common/1.0.1/kerb-common-1.0.1.jar:/home/user/.m2/repository/org/apache/kerby/kerb-crypto/1.0.1/kerb-crypto-1.0.1.jar:/home/user/.m2/repository/org/apache/kerby/kerb-util/1.0.1/kerb-util-1.0.1.jar:/home/user/.m2/repository/org/apache/kerby/token-provider/1.0.1/token-provider-1.0.1.jar:/home/user/.m2/repository/org/apache/kerby/kerb-admin/1.0.1/kerb-admin-1.0.1.jar:/home/user/.m2/repository/org/apache/kerby/kerb-server/1.0.1/kerb-server-1.0.1.jar:/home/user/.m2/repository/org/apache/kerby/kerb-identity/1.0.1/kerb-identity-1.0.1.jar:/home/user/.m2/repository/org/apache/kerby/kerby-xdr/1.0.1/kerby-xdr-1.0.1.jar:/home/user/.m2/repository/org/slf4j/slf4j-log4j12/1.7.25/slf4j-log4j12-1.7.25.jar:/home/user/.m2/repository/org/apache/hadoop/hadoop-ozone-objectstore-service/0.5.0-SNAPSHOT/hadoop-ozone-objectstore-service-0.5.0-SNAPSHOT.jar:/home/user/.m2/repository/org/apache/hadoop/hadoop-ozone-s3gateway/0.5.0-SNAPSHOT/hadoop-ozone-s3gateway-0.5.0-SNAPSHOT.jar:/home/user/.m2/repository/org/jboss/weld/servlet/weld-servlet/2.4.7.Final/weld-servlet-2.4.7.Final.jar:/home/user/.m2/repository/org/glassfish/jersey/containers/jersey-container-servlet-core/2.27/jersey-container-servlet-core-2.27.jar:/home/user/.m2/repository/org/glassfish/hk2/external/javax.inject/2.5.0-b42/javax.inject-2.5.0-b42.jar:/home/user/.m2/repository/org/glassfish/jersey/core/jersey-common/2.27/jersey-common-2.27.jar:/home/user/.m2/repository/org/glassfish/hk2/osgi-resource-locator/1.0.1/osgi-resource-locator-1.0.1.jar:/home/user/.m2/repository/javax/ws/rs/javax.ws.rs-api/2.1/javax.ws.rs-api-2.1.jar:/home/user/.m2/repository/org/glassfish/jersey/ext/cdi/jersey-cdi1x/2.27/jersey-cdi1x-2.27.jar:/home/user/.m2/repository/org/glassfish/jersey/inject/jersey-hk2/2.27/jersey-hk2-2.27.jar:/home/user/.m2/repository/org/glassfish/hk2/hk2-locator/2.5.0-b42/hk2-locator-2.5.0-b42.jar:/home/user/.m2/repository/org/javassist/javassist/3.22.0-CR2/javassist-3.22.0-CR2.jar:/home/user/.m2/repository/org/glassfish/hk2/hk2-api/2.5.0/hk2-api-2.5.0.jar:/home/user/.m2/repository/org/glassfish/hk2/external/jakarta.inject/2.5.0/jakarta.inject-2.5.0.jar:/home/user/.m2/repository/org/glassfish/hk2/hk2-utils/2.5.0/hk2-utils-2.5.0.jar:/home/user/.m2/repository/jakarta/annotation/jakarta.annotation-api/1.3.4/jakarta.annotation-api-1.3.4.jar:/home/user/.m2/repository/org/glassfish/hk2/external/aopalliance-repackaged/2.5.0/aopalliance-repackaged-2.5.0.jar:/home/user/.m2/repository/com/fasterxml/jackson/dataformat/jackson-dataformat-xml/2.9.0/jackson-dataformat-xml-2.9.0.jar:/home/user/.m2/repository/com/fasterxml/jackson/core/jackson-core/2.9.5/jackson-core-2.9.5.jar:/home/user/.m2/repository/com/fasterxml/jackson/module/jackson-module-jaxb-annotations/2.9.5/jackson-module-jaxb-annotations-2.9.5.jar:/home/user/.m2/repository/javax/enterprise/cdi-api/1.2/cdi-api-1.2.jar:/home/user/.m2/repository/javax/el/javax.el-api/3.0.0/javax.el-api-3.0.0.jar:/home/user/.m2/repository/javax/interceptor/javax.interceptor-api/1.2/javax.interceptor-api-1.2.jar:/home/user/.m2/repository/javax/inject/javax.inject/1/javax.inject-1.jar:/home/user/.m2/repository/com/sun/xml/bind/jaxb-impl/2.3.0.1/jaxb-impl-2.3.0.1.jar:/home/user/.m2/repository/com/sun/xml/bind/jaxb-core/2.3.0.1/jaxb-core-2.3.0.1.jar:/home/user/.m2/repository/javax/xml/bind/jaxb-api/2.3.0/jaxb-api-2.3.0.jar:/home/user/.m2/repository/javax/activation/activation/1.1.1/activation-1.1.1.jar:/home/user/.m2/repository/org/apache/hadoop/hadoop-ozone-csi/0.5.0-SNAPSHOT/hadoop-ozone-csi-0.5.0-SNAPSHOT.jar:/home/user/.m2/repository/com/google/protobuf/protobuf-java-util/3.5.1/protobuf-java-util-3.5.1.jar:/home/user/.m2/repository/org/apache/hadoop/hadoop-hdds-config/0.5.0-SNAPSHOT/hadoop-hdds-config-0.5.0-SNAPSHOT.jar:/home/user/.m2/repository/io/grpc/grpc-netty/1.17.1/grpc-netty-1.17.1.jar:/home/user/.m2/repository/io/grpc/grpc-core/1.17.1/grpc-core-1.17.1.jar:/home/user/.m2/repository/io/grpc/grpc-context/1.17.1/grpc-context-1.17.1.jar:/home/user/.m2/repository/com/google/errorprone/error_prone_annotations/2.2.0/error_prone_annotations-2.2.0.jar:/home/user/.m2/repository/org/codehaus/mojo/animal-sniffer-annotations/1.17/animal-sniffer-annotations-1.17.jar:/home/user/.m2/repository/io/opencensus/opencensus-api/0.17.0/opencensus-api-0.17.0.jar:/home/user/.m2/repository/io/opencensus/opencensus-contrib-grpc-metrics/0.17.0/opencensus-contrib-grpc-metrics-0.17.0.jar:/home/user/.m2/repository/io/netty/netty-codec-http2/4.1.30.Final/netty-codec-http2-4.1.30.Final.jar:/home/user/.m2/repository/io/netty/netty-codec-http/4.1.30.Final/netty-codec-http-4.1.30.Final.jar:/home/user/.m2/repository/io/netty/netty-codec/4.1.30.Final/netty-codec-4.1.30.Final.jar:/home/user/.m2/repository/io/netty/netty-handler/4.1.30.Final/netty-handler-4.1.30.Final.jar:/home/user/.m2/repository/io/netty/netty-handler-proxy/4.1.30.Final/netty-handler-proxy-4.1.30.Final.jar:/home/user/.m2/repository/io/netty/netty-codec-socks/4.1.30.Final/netty-codec-socks-4.1.30.Final.jar:/home/user/.m2/repository/io/netty/netty-transport-native-epoll/4.1.30.Final/netty-transport-native-epoll-4.1.30.Final.jar:/home/user/.m2/repository/io/netty/netty-common/4.1.30.Final/netty-common-4.1.30.Final.jar:/home/user/.m2/repository/io/netty/netty-buffer/4.1.30.Final/netty-buffer-4.1.30.Final.jar:/home/user/.m2/repository/io/netty/netty-transport/4.1.30.Final/netty-transport-4.1.30.Final.jar:/home/user/.m2/repository/io/netty/netty-resolver/4.1.30.Final/netty-resolver-4.1.30.Final.jar:/home/user/.m2/repository/io/netty/netty-transport-native-unix-common/4.1.30.Final/netty-transport-native-unix-common-4.1.30.Final.jar:/home/user/.m2/repository/io/grpc/grpc-protobuf/1.17.1/grpc-protobuf-1.17.1.jar:/home/user/.m2/repository/com/google/api/grpc/proto-google-common-protos/1.0.0/proto-google-common-protos-1.0.0.jar:/home/user/.m2/repository/io/grpc/grpc-protobuf-lite/1.17.1/grpc-protobuf-lite-1.17.1.jar:/home/user/.m2/repository/io/grpc/grpc-stub/1.17.1/grpc-stub-1.17.1.jar:/home/user/.m2/repository/org/apache/hadoop/hadoop-ozone-recon/0.5.0-SNAPSHOT/hadoop-ozone-recon-0.5.0-SNAPSHOT.jar:/home/user/.m2/repository/org/apache/hadoop/hadoop-ozone-reconcodegen/0.5.0-SNAPSHOT/hadoop-ozone-reconcodegen-0.5.0-SNAPSHOT.jar:/home/user/.m2/repository/com/google/inject/extensions/guice-multibindings/4.0/guice-multibindings-4.0.jar:/home/user/.m2/repository/com/google/inject/guice/4.0/guice-4.0.jar:/home/user/.m2/repository/aopalliance/aopalliance/1.0/aopalliance-1.0.jar:/home/user/.m2/repository/com/google/inject/extensions/guice-servlet/4.0/guice-servlet-4.0.jar:/home/user/.m2/repository/org/glassfish/jersey/containers/jersey-container-servlet/2.27/jersey-container-servlet-2.27.jar:/home/user/.m2/repository/org/glassfish/hk2/guice-bridge/2.5.0/guice-bridge-2.5.0.jar:/home/user/.m2/repository/org/glassfish/jersey/core/jersey-server/2.27/jersey-server-2.27.jar:/home/user/.m2/repository/org/glassfish/jersey/core/jersey-client/2.27/jersey-client-2.27.jar:/home/user/.m2/repository/org/glassfish/jersey/media/jersey-media-jaxb/2.27/jersey-media-jaxb-2.27.jar:/home/user/.m2/repository/javax/validation/validation-api/1.1.0.Final/validation-api-1.1.0.Final.jar:/home/user/.m2/repository/org/glassfish/jersey/media/jersey-media-json-jackson/2.27/jersey-media-json-jackson-2.27.jar:/home/user/.m2/repository/org/glassfish/jersey/ext/jersey-entity-filtering/2.27/jersey-entity-filtering-2.27.jar:/home/user/.m2/repository/com/google/inject/extensions/guice-assistedinject/4.0/guice-assistedinject-4.0.jar:/home/user/.m2/repository/org/jooq/jooq/3.11.10/jooq-3.11.10.jar:/home/user/.m2/repository/org/jooq/jooq-meta/3.11.10/jooq-meta-3.11.10.jar:/home/user/.m2/repository/org/jooq/jooq-codegen/3.11.10/jooq-codegen-3.11.10.jar:/home/user/.m2/repository/com/jolbox/bonecp/0.8.0.RELEASE/bonecp-0.8.0.RELEASE.jar:/home/user/.m2/repository/org/xerial/sqlite-jdbc/3.25.2/sqlite-jdbc-3.25.2.jar:/home/user/.m2/repository/org/springframework/spring-jdbc/5.1.3.RELEASE/spring-jdbc-5.1.3.RELEASE.jar:/home/user/.m2/repository/org/springframework/spring-beans/5.1.3.RELEASE/spring-beans-5.1.3.RELEASE.jar:/home/user/.m2/repository/org/springframework/spring-core/5.1.3.RELEASE/spring-core-5.1.3.RELEASE.jar:/home/user/.m2/repository/org/springframework/spring-jcl/5.1.3.RELEASE/spring-jcl-5.1.3.RELEASE.jar:/home/user/.m2/repository/org/springframework/spring-tx/5.1.3.RELEASE/spring-tx-5.1.3.RELEASE.jar:/home/user/.m2/repository/org/apache/hadoop/hadoop-ozone-client/0.5.0-SNAPSHOT/hadoop-ozone-client-0.5.0-SNAPSHOT.jar:/home/user/.m2/repository/commons-lang/commons-lang/2.6/commons-lang-2.6.jar:/home/user/.m2/repository/org/apache/hadoop/hadoop-ozone-ozone-manager/0.5.0-SNAPSHOT/hadoop-ozone-ozone-manager-0.5.0-SNAPSHOT-tests.jar:/home/user/.m2/repository/junit/junit/4.11/junit-4.11.jar:/home/user/.m2/repository/org/hamcrest/hamcrest-core/1.3/hamcrest-core-1.3.jar:/home/user/.m2/repository/org/openjdk/jmh/jmh-core/1.19/jmh-core-1.19.jar:/home/user/.m2/repository/net/sf/jopt-simple/jopt-simple/4.6/jopt-simple-4.6.jar:/home/user/.m2/repository/org/apache/commons/commons-math3/3.1.1/commons-math3-3.1.1.jar:/home/user/.m2/repository/org/openjdk/jmh/jmh-generator-annprocess/1.19/jmh-generator-annprocess-1.19.jar:/home/user/.m2/repository/org/mockito/mockito-all/1.8.5/mockito-all-1.8.5.jar:/home/user/.m2/repository/org/apache/hadoop/hadoop-kms/3.2.0/hadoop-kms-3.2.0.jar:/home/user/.m2/repository/org/apache/hadoop/hadoop-auth/3.2.0/hadoop-auth-3.2.0.jar:/home/user/.m2/repository/com/nimbusds/nimbus-jose-jwt/4.41.1/nimbus-jose-jwt-4.41.1.jar:/home/user/.m2/repository/com/github/stephenc/jcip/jcip-annotations/1.0-1/jcip-annotations-1.0-1.jar:/home/user/.m2/repository/net/minidev/json-smart/2.3/json-smart-2.3.jar:/home/user/.m2/repository/net/minidev/accessors-smart/1.2/accessors-smart-1.2.jar:/home/user/.m2/repository/org/ow2/asm/asm/5.0.4/asm-5.0.4.jar:/home/user/.m2/repository/org/apache/curator/curator-framework/2.12.0/curator-framework-2.12.0.jar:/home/user/.m2/repository/com/sun/jersey/jersey-core/1.19/jersey-core-1.19.jar:/home/user/.m2/repository/javax/ws/rs/jsr311-api/1.1.1/jsr311-api-1.1.1.jar:/home/user/.m2/repository/com/sun/jersey/jersey-server/1.19/jersey-server-1.19.jar:/home/user/.m2/repository/javax/servlet/javax.servlet-api/3.1.0/javax.servlet-api-3.1.0.jar:/home/user/.m2/repository/org/eclipse/jetty/jetty-server/9.3.24.v20180605/jetty-server-9.3.24.v20180605.jar:/home/user/.m2/repository/org/eclipse/jetty/jetty-http/9.3.24.v20180605/jetty-http-9.3.24.v20180605.jar:/home/user/.m2/repository/org/eclipse/jetty/jetty-io/9.3.24.v20180605/jetty-io-9.3.24.v20180605.jar:/home/user/.m2/repository/org/eclipse/jetty/jetty-webapp/9.3.24.v20180605/jetty-webapp-9.3.24.v20180605.jar:/home/user/.m2/repository/org/eclipse/jetty/jetty-xml/9.3.24.v20180605/jetty-xml-9.3.24.v20180605.jar:/home/user/.m2/repository/log4j/log4j/1.2.17/log4j-1.2.17.jar:/home/user/.m2/repository/org/slf4j/slf4j-api/1.7.25/slf4j-api-1.7.25.jar:/home/user/.m2/repository/org/slf4j/jul-to-slf4j/1.7.25/jul-to-slf4j-1.7.25.jar:/home/user/.m2/repository/org/eclipse/jetty/jetty-util/9.3.24.v20180605/jetty-util-9.3.24.v20180605.jar:/home/user/.m2/repository/com/fasterxml/jackson/core/jackson-databind/2.9.5/jackson-databind-2.9.5.jar:/home/user/.m2/repository/org/apache/hadoop/hadoop-kms/3.2.0/hadoop-kms-3.2.0-tests.jar:/home/user/.m2/repository/org/apache/hadoop/hadoop-hdds-server-scm/0.5.0-SNAPSHOT/hadoop-hdds-server-scm-0.5.0-SNAPSHOT-tests.jar:/home/user/.m2/repository/org/apache/hadoop/hadoop-hdds-container-service/0.5.0-SNAPSHOT/hadoop-hdds-container-service-0.5.0-SNAPSHOT-tests.jar:/home/user/.m2/repository/org/yaml/snakeyaml/1.16/snakeyaml-1.16.jar:/home/user/.m2/repository/org/apache/hadoop/hadoop-common/3.2.0/hadoop-common-3.2.0-tests.jar:/home/user/.m2/repository/org/apache/hadoop/hadoop-annotations/3.2.0/hadoop-annotations-3.2.0.jar:/usr/lib/jvm/java-1.8-openjdk/jre/../lib/tools.jar:/home/user/.m2/repository/commons-cli/commons-cli/1.2/commons-cli-1.2.jar:/home/user/.m2/repository/org/apache/httpcomponents/httpclient/4.5.2/httpclient-4.5.2.jar:/home/user/.m2/repository/org/apache/httpcomponents/httpcore/4.4.4/httpcore-4.4.4.jar:/home/user/.m2/repository/commons-codec/commons-codec/1.11/commons-codec-1.11.jar:/home/user/.m2/repository/commons-net/commons-net/3.6/commons-net-3.6.jar:/home/user/.m2/repository/commons-collections/commons-collections/3.2.2/commons-collections-3.2.2.jar:/home/user/.m2/repository/org/eclipse/jetty/jetty-servlet/9.3.24.v20180605/jetty-servlet-9.3.24.v20180605.jar:/home/user/.m2/repository/org/eclipse/jetty/jetty-security/9.3.24.v20180605/jetty-security-9.3.24.v20180605.jar:/home/user/.m2/repository/javax/servlet/jsp/jsp-api/2.1/jsp-api-2.1.jar:/home/user/.m2/repository/com/sun/jersey/jersey-servlet/1.19/jersey-servlet-1.19.jar:/home/user/.m2/repository/com/sun/jersey/jersey-json/1.19/jersey-json-1.19.jar:/home/user/.m2/repository/org/codehaus/jettison/jettison/1.1/jettison-1.1.jar:/home/user/.m2/repository/org/codehaus/jackson/jackson-core-asl/1.9.13/jackson-core-asl-1.9.13.jar:/home/user/.m2/repository/org/codehaus/jackson/jackson-mapper-asl/1.9.13/jackson-mapper-asl-1.9.13.jar:/home/user/.m2/repository/org/codehaus/jackson/jackson-jaxrs/1.9.13/jackson-jaxrs-1.9.13.jar:/home/user/.m2/repository/org/codehaus/jackson/jackson-xc/1.9.13/jackson-xc-1.9.13.jar:/home/user/.m2/repository/commons-logging/commons-logging/1.1.3/commons-logging-1.1.3.jar:/home/user/.m2/repository/commons-beanutils/commons-beanutils/1.9.3/commons-beanutils-1.9.3.jar:/home/user/.m2/repository/org/apache/commons/commons-configuration2/2.1.1/commons-configuration2-2.1.1.jar:/home/user/.m2/repository/org/apache/commons/commons-lang3/3.7/commons-lang3-3.7.jar:/home/user/.m2/repository/org/apache/commons/commons-text/1.4/commons-text-1.4.jar:/home/user/.m2/repository/org/apache/avro/avro/1.7.7/avro-1.7.7.jar:/home/user/.m2/repository/com/thoughtworks/paranamer/paranamer/2.3/paranamer-2.3.jar:/home/user/.m2/repository/org/xerial/snappy/snappy-java/1.0.5/snappy-java-1.0.5.jar:/home/user/.m2/repository/com/google/re2j/re2j/1.1/re2j-1.1.jar:/home/user/.m2/repository/com/google/code/gson/gson/2.2.4/gson-2.2.4.jar:/home/user/.m2/repository/com/jcraft/jsch/0.1.54/jsch-0.1.54.jar:/home/user/.m2/repository/org/apache/curator/curator-client/2.12.0/curator-client-2.12.0.jar:/home/user/.m2/repository/org/apache/curator/curator-recipes/2.12.0/curator-recipes-2.12.0.jar:/home/user/.m2/repository/com/google/code/findbugs/jsr305/3.0.0/jsr305-3.0.0.jar:/home/user/.m2/repository/org/apache/htrace/htrace-core4/4.1.0-incubating/htrace-core4-4.1.0-incubating.jar:/home/user/.m2/repository/org/apache/zookeeper/zookeeper/3.4.13/zookeeper-3.4.13.jar:/home/user/.m2/repository/org/apache/yetus/audience-annotations/0.5.0/audience-annotations-0.5.0.jar:/home/user/.m2/repository/org/codehaus/woodstox/stax2-api/3.1.4/stax2-api-3.1.4.jar:/home/user/.m2/repository/com/fasterxml/woodstox/woodstox-core/5.0.3/woodstox-core-5.0.3.jar:/home/user/.m2/repository/dnsjava/dnsjava/2.1.7/dnsjava-2.1.7.jar:/home/user/.m2/repository/org/apache/hadoop/hadoop-hdfs/3.2.0/hadoop-hdfs-3.2.0-tests.jar:/home/user/.m2/repository/org/eclipse/jetty/jetty-util-ajax/9.3.24.v20180605/jetty-util-ajax-9.3.24.v20180605.jar:/home/user/.m2/repository/commons-daemon/commons-daemon/1.0.13/commons-daemon-1.0.13.jar:/home/user/.m2/repository/io/netty/netty/3.10.5.Final/netty-3.10.5.Final.jar:/home/user/.m2/repository/io/netty/netty-all/4.0.52.Final/netty-all-4.0.52.Final.jar:/home/user/.m2/repository/org/fusesource/leveldbjni/leveldbjni-all/1.8/leveldbjni-all-1.8.jar:"/>
    <property name="java.vm.vendor" value="IcedTea"/>
    <property name="sun.arch.data.model" value="64"/>
    <property name="test.build.dir" value="/workdir/hadoop-ozone/integration-test/target/test-dir"/>
    <property name="test.cache.data" value=""/>
    <property name="java.vendor.url" value="https://icedtea.classpath.org"/>
    <property name="user.timezone" value=""/>
    <property name="java.vm.specification.version" value="1.8"/>
    <property name="os.name" value="Linux"/>
    <property name="test.build.data" value="/workdir/hadoop-ozone/integration-test/target/test-dir"/>
    <property name="user.country" value="US"/>
    <property name="sun.java.launcher" value="SUN_STANDARD"/>
    <property name="sun.boot.library.path" value="/usr/lib/jvm/java-1.8-openjdk/jre/lib/amd64"/>
    <property name="sun.java.command" value="/workdir/hadoop-ozone/integration-test/target/surefire/surefirebooter4491219166728956959.jar /workdir/hadoop-ozone/integration-test/target/surefire 2019-08-20T13-59-02_783-jvmRun1 surefire8675575082461331774tmp surefire_46112172381010590866tmp"/>
    <property name="surefire.test.class.path" value="/workdir/hadoop-ozone/integration-test/target/test-classes:/workdir/hadoop-ozone/integration-test/target/classes:/home/user/.m2/repository/org/apache/hadoop/hadoop-ozone-common/0.5.0-SNAPSHOT/hadoop-ozone-common-0.5.0-SNAPSHOT.jar:/home/user/.m2/repository/org/apache/commons/commons-compress/1.4.1/commons-compress-1.4.1.jar:/home/user/.m2/repository/org/tukaani/xz/1.0/xz-1.0.jar:/home/user/.m2/repository/org/apache/hadoop/hadoop-common/3.2.0/hadoop-common-3.2.0.jar:/home/user/.m2/repository/org/apache/hadoop/hadoop-hdfs/3.2.0/hadoop-hdfs-3.2.0.jar:/home/user/.m2/repository/org/apache/hadoop/hadoop-hdfs-client/3.2.0/hadoop-hdfs-client-3.2.0.jar:/home/user/.m2/repository/com/fasterxml/jackson/core/jackson-annotations/2.9.5/jackson-annotations-2.9.5.jar:/home/user/.m2/repository/org/apache/hadoop/hadoop-hdds-common/0.5.0-SNAPSHOT/hadoop-hdds-common-0.5.0-SNAPSHOT.jar:/home/user/.m2/repository/javax/annotation/javax.annotation-api/1.2/javax.annotation-api-1.2.jar:/home/user/.m2/repository/org/apache/ratis/ratis-server/0.4.0-2337318-SNAPSHOT/ratis-server-0.4.0-2337318-SNAPSHOT.jar:/home/user/.m2/repository/org/apache/ratis/ratis-thirdparty-misc/0.2.0/ratis-thirdparty-misc-0.2.0.jar:/home/user/.m2/repository/org/apache/ratis/ratis-proto/0.4.0-2337318-SNAPSHOT/ratis-proto-0.4.0-2337318-SNAPSHOT.jar:/home/user/.m2/repository/org/apache/ratis/ratis-common/0.4.0-2337318-SNAPSHOT/ratis-common-0.4.0-2337318-SNAPSHOT.jar:/home/user/.m2/repository/org/apache/ratis/ratis-client/0.4.0-2337318-SNAPSHOT/ratis-client-0.4.0-2337318-SNAPSHOT.jar:/home/user/.m2/repository/org/apache/ratis/ratis-metrics/0.4.0-2337318-SNAPSHOT/ratis-metrics-0.4.0-2337318-SNAPSHOT.jar:/home/user/.m2/repository/org/apache/ratis/ratis-netty/0.4.0-2337318-SNAPSHOT/ratis-netty-0.4.0-2337318-SNAPSHOT.jar:/home/user/.m2/repository/org/apache/ratis/ratis-grpc/0.4.0-2337318-SNAPSHOT/ratis-grpc-0.4.0-2337318-SNAPSHOT.jar:/home/user/.m2/repository/org/rocksdb/rocksdbjni/6.0.1/rocksdbjni-6.0.1.jar:/home/user/.m2/repository/org/apache/logging/log4j/log4j-api/2.11.0/log4j-api-2.11.0.jar:/home/user/.m2/repository/org/apache/logging/log4j/log4j-core/2.11.0/log4j-core-2.11.0.jar:/home/user/.m2/repository/com/lmax/disruptor/3.4.2/disruptor-3.4.2.jar:/home/user/.m2/repository/org/apache/commons/commons-pool2/2.6.0/commons-pool2-2.6.0.jar:/home/user/.m2/repository/org/bouncycastle/bcpkix-jdk15on/1.60/bcpkix-jdk15on-1.60.jar:/home/user/.m2/repository/commons-validator/commons-validator/1.6/commons-validator-1.6.jar:/home/user/.m2/repository/commons-digester/commons-digester/1.8.1/commons-digester-1.8.1.jar:/home/user/.m2/repository/io/jaegertracing/jaeger-client/0.33.1/jaeger-client-0.33.1.jar:/home/user/.m2/repository/io/jaegertracing/jaeger-thrift/0.33.1/jaeger-thrift-0.33.1.jar:/home/user/.m2/repository/org/apache/thrift/libthrift/0.11.0/libthrift-0.11.0.jar:/home/user/.m2/repository/com/squareup/okhttp3/okhttp/3.9.0/okhttp-3.9.0.jar:/home/user/.m2/repository/com/squareup/okio/okio/1.13.0/okio-1.13.0.jar:/home/user/.m2/repository/io/jaegertracing/jaeger-core/0.33.1/jaeger-core-0.33.1.jar:/home/user/.m2/repository/io/jaegertracing/jaeger-tracerresolver/0.33.1/jaeger-tracerresolver-0.33.1.jar:/home/user/.m2/repository/io/opentracing/contrib/opentracing-tracerresolver/0.1.5/opentracing-tracerresolver-0.1.5.jar:/home/user/.m2/repository/io/opentracing/opentracing-util/0.31.0/opentracing-util-0.31.0.jar:/home/user/.m2/repository/io/opentracing/opentracing-api/0.31.0/opentracing-api-0.31.0.jar:/home/user/.m2/repository/io/opentracing/opentracing-noop/0.31.0/opentracing-noop-0.31.0.jar:/home/user/.m2/repository/org/apache/hadoop/hadoop-hdds-server-framework/0.5.0-SNAPSHOT/hadoop-hdds-server-framework-0.5.0-SNAPSHOT.jar:/home/user/.m2/repository/org/apache/hadoop/hadoop-hdds-container-service/0.5.0-SNAPSHOT/hadoop-hdds-container-service-0.5.0-SNAPSHOT.jar:/home/user/.m2/repository/org/apache/hadoop/hadoop-hdds-client/0.5.0-SNAPSHOT/hadoop-hdds-client-0.5.0-SNAPSHOT.jar:/home/user/.m2/repository/org/apache/hadoop/hadoop-hdds-tools/0.5.0-SNAPSHOT/hadoop-hdds-tools-0.5.0-SNAPSHOT.jar:/home/user/.m2/repository/org/apache/hadoop/hadoop-hdds-server-scm/0.5.0-SNAPSHOT/hadoop-hdds-server-scm-0.5.0-SNAPSHOT.jar:/home/user/.m2/repository/org/apache/hadoop/hadoop-hdds-docs/0.5.0-SNAPSHOT/hadoop-hdds-docs-0.5.0-SNAPSHOT.jar:/home/user/.m2/repository/io/dropwizard/metrics/metrics-core/3.2.4/metrics-core-3.2.4.jar:/home/user/.m2/repository/org/hamcrest/hamcrest-all/1.3/hamcrest-all-1.3.jar:/home/user/.m2/repository/org/bouncycastle/bcprov-jdk15on/1.60/bcprov-jdk15on-1.60.jar:/home/user/.m2/repository/info/picocli/picocli/3.9.6/picocli-3.9.6.jar:/home/user/.m2/repository/com/google/protobuf/protobuf-java/2.5.0/protobuf-java-2.5.0.jar:/home/user/.m2/repository/com/google/guava/guava/11.0.2/guava-11.0.2.jar:/home/user/.m2/repository/org/apache/hadoop/hadoop-ozone-ozone-manager/0.5.0-SNAPSHOT/hadoop-ozone-ozone-manager-0.5.0-SNAPSHOT.jar:/home/user/.m2/repository/org/apache/hadoop/hadoop-minikdc/3.2.0/hadoop-minikdc-3.2.0.jar:/home/user/.m2/repository/commons-io/commons-io/2.5/commons-io-2.5.jar:/home/user/.m2/repository/org/apache/kerby/kerb-simplekdc/1.0.1/kerb-simplekdc-1.0.1.jar:/home/user/.m2/repository/org/apache/kerby/kerb-client/1.0.1/kerb-client-1.0.1.jar:/home/user/.m2/repository/org/apache/kerby/kerby-config/1.0.1/kerby-config-1.0.1.jar:/home/user/.m2/repository/org/apache/kerby/kerb-core/1.0.1/kerb-core-1.0.1.jar:/home/user/.m2/repository/org/apache/kerby/kerby-pkix/1.0.1/kerby-pkix-1.0.1.jar:/home/user/.m2/repository/org/apache/kerby/kerby-asn1/1.0.1/kerby-asn1-1.0.1.jar:/home/user/.m2/repository/org/apache/kerby/kerby-util/1.0.1/kerby-util-1.0.1.jar:/home/user/.m2/repository/org/apache/kerby/kerb-common/1.0.1/kerb-common-1.0.1.jar:/home/user/.m2/repository/org/apache/kerby/kerb-crypto/1.0.1/kerb-crypto-1.0.1.jar:/home/user/.m2/repository/org/apache/kerby/kerb-util/1.0.1/kerb-util-1.0.1.jar:/home/user/.m2/repository/org/apache/kerby/token-provider/1.0.1/token-provider-1.0.1.jar:/home/user/.m2/repository/org/apache/kerby/kerb-admin/1.0.1/kerb-admin-1.0.1.jar:/home/user/.m2/repository/org/apache/kerby/kerb-server/1.0.1/kerb-server-1.0.1.jar:/home/user/.m2/repository/org/apache/kerby/kerb-identity/1.0.1/kerb-identity-1.0.1.jar:/home/user/.m2/repository/org/apache/kerby/kerby-xdr/1.0.1/kerby-xdr-1.0.1.jar:/home/user/.m2/repository/org/slf4j/slf4j-log4j12/1.7.25/slf4j-log4j12-1.7.25.jar:/home/user/.m2/repository/org/apache/hadoop/hadoop-ozone-objectstore-service/0.5.0-SNAPSHOT/hadoop-ozone-objectstore-service-0.5.0-SNAPSHOT.jar:/home/user/.m2/repository/org/apache/hadoop/hadoop-ozone-s3gateway/0.5.0-SNAPSHOT/hadoop-ozone-s3gateway-0.5.0-SNAPSHOT.jar:/home/user/.m2/repository/org/jboss/weld/servlet/weld-servlet/2.4.7.Final/weld-servlet-2.4.7.Final.jar:/home/user/.m2/repository/org/glassfish/jersey/containers/jersey-container-servlet-core/2.27/jersey-container-servlet-core-2.27.jar:/home/user/.m2/repository/org/glassfish/hk2/external/javax.inject/2.5.0-b42/javax.inject-2.5.0-b42.jar:/home/user/.m2/repository/org/glassfish/jersey/core/jersey-common/2.27/jersey-common-2.27.jar:/home/user/.m2/repository/org/glassfish/hk2/osgi-resource-locator/1.0.1/osgi-resource-locator-1.0.1.jar:/home/user/.m2/repository/javax/ws/rs/javax.ws.rs-api/2.1/javax.ws.rs-api-2.1.jar:/home/user/.m2/repository/org/glassfish/jersey/ext/cdi/jersey-cdi1x/2.27/jersey-cdi1x-2.27.jar:/home/user/.m2/repository/org/glassfish/jersey/inject/jersey-hk2/2.27/jersey-hk2-2.27.jar:/home/user/.m2/repository/org/glassfish/hk2/hk2-locator/2.5.0-b42/hk2-locator-2.5.0-b42.jar:/home/user/.m2/repository/org/javassist/javassist/3.22.0-CR2/javassist-3.22.0-CR2.jar:/home/user/.m2/repository/org/glassfish/hk2/hk2-api/2.5.0/hk2-api-2.5.0.jar:/home/user/.m2/repository/org/glassfish/hk2/external/jakarta.inject/2.5.0/jakarta.inject-2.5.0.jar:/home/user/.m2/repository/org/glassfish/hk2/hk2-utils/2.5.0/hk2-utils-2.5.0.jar:/home/user/.m2/repository/jakarta/annotation/jakarta.annotation-api/1.3.4/jakarta.annotation-api-1.3.4.jar:/home/user/.m2/repository/org/glassfish/hk2/external/aopalliance-repackaged/2.5.0/aopalliance-repackaged-2.5.0.jar:/home/user/.m2/repository/com/fasterxml/jackson/dataformat/jackson-dataformat-xml/2.9.0/jackson-dataformat-xml-2.9.0.jar:/home/user/.m2/repository/com/fasterxml/jackson/core/jackson-core/2.9.5/jackson-core-2.9.5.jar:/home/user/.m2/repository/com/fasterxml/jackson/module/jackson-module-jaxb-annotations/2.9.5/jackson-module-jaxb-annotations-2.9.5.jar:/home/user/.m2/repository/javax/enterprise/cdi-api/1.2/cdi-api-1.2.jar:/home/user/.m2/repository/javax/el/javax.el-api/3.0.0/javax.el-api-3.0.0.jar:/home/user/.m2/repository/javax/interceptor/javax.interceptor-api/1.2/javax.interceptor-api-1.2.jar:/home/user/.m2/repository/javax/inject/javax.inject/1/javax.inject-1.jar:/home/user/.m2/repository/com/sun/xml/bind/jaxb-impl/2.3.0.1/jaxb-impl-2.3.0.1.jar:/home/user/.m2/repository/com/sun/xml/bind/jaxb-core/2.3.0.1/jaxb-core-2.3.0.1.jar:/home/user/.m2/repository/javax/xml/bind/jaxb-api/2.3.0/jaxb-api-2.3.0.jar:/home/user/.m2/repository/javax/activation/activation/1.1.1/activation-1.1.1.jar:/home/user/.m2/repository/org/apache/hadoop/hadoop-ozone-csi/0.5.0-SNAPSHOT/hadoop-ozone-csi-0.5.0-SNAPSHOT.jar:/home/user/.m2/repository/com/google/protobuf/protobuf-java-util/3.5.1/protobuf-java-util-3.5.1.jar:/home/user/.m2/repository/org/apache/hadoop/hadoop-hdds-config/0.5.0-SNAPSHOT/hadoop-hdds-config-0.5.0-SNAPSHOT.jar:/home/user/.m2/repository/io/grpc/grpc-netty/1.17.1/grpc-netty-1.17.1.jar:/home/user/.m2/repository/io/grpc/grpc-core/1.17.1/grpc-core-1.17.1.jar:/home/user/.m2/repository/io/grpc/grpc-context/1.17.1/grpc-context-1.17.1.jar:/home/user/.m2/repository/com/google/errorprone/error_prone_annotations/2.2.0/error_prone_annotations-2.2.0.jar:/home/user/.m2/repository/org/codehaus/mojo/animal-sniffer-annotations/1.17/animal-sniffer-annotations-1.17.jar:/home/user/.m2/repository/io/opencensus/opencensus-api/0.17.0/opencensus-api-0.17.0.jar:/home/user/.m2/repository/io/opencensus/opencensus-contrib-grpc-metrics/0.17.0/opencensus-contrib-grpc-metrics-0.17.0.jar:/home/user/.m2/repository/io/netty/netty-codec-http2/4.1.30.Final/netty-codec-http2-4.1.30.Final.jar:/home/user/.m2/repository/io/netty/netty-codec-http/4.1.30.Final/netty-codec-http-4.1.30.Final.jar:/home/user/.m2/repository/io/netty/netty-codec/4.1.30.Final/netty-codec-4.1.30.Final.jar:/home/user/.m2/repository/io/netty/netty-handler/4.1.30.Final/netty-handler-4.1.30.Final.jar:/home/user/.m2/repository/io/netty/netty-handler-proxy/4.1.30.Final/netty-handler-proxy-4.1.30.Final.jar:/home/user/.m2/repository/io/netty/netty-codec-socks/4.1.30.Final/netty-codec-socks-4.1.30.Final.jar:/home/user/.m2/repository/io/netty/netty-transport-native-epoll/4.1.30.Final/netty-transport-native-epoll-4.1.30.Final.jar:/home/user/.m2/repository/io/netty/netty-common/4.1.30.Final/netty-common-4.1.30.Final.jar:/home/user/.m2/repository/io/netty/netty-buffer/4.1.30.Final/netty-buffer-4.1.30.Final.jar:/home/user/.m2/repository/io/netty/netty-transport/4.1.30.Final/netty-transport-4.1.30.Final.jar:/home/user/.m2/repository/io/netty/netty-resolver/4.1.30.Final/netty-resolver-4.1.30.Final.jar:/home/user/.m2/repository/io/netty/netty-transport-native-unix-common/4.1.30.Final/netty-transport-native-unix-common-4.1.30.Final.jar:/home/user/.m2/repository/io/grpc/grpc-protobuf/1.17.1/grpc-protobuf-1.17.1.jar:/home/user/.m2/repository/com/google/api/grpc/proto-google-common-protos/1.0.0/proto-google-common-protos-1.0.0.jar:/home/user/.m2/repository/io/grpc/grpc-protobuf-lite/1.17.1/grpc-protobuf-lite-1.17.1.jar:/home/user/.m2/repository/io/grpc/grpc-stub/1.17.1/grpc-stub-1.17.1.jar:/home/user/.m2/repository/org/apache/hadoop/hadoop-ozone-recon/0.5.0-SNAPSHOT/hadoop-ozone-recon-0.5.0-SNAPSHOT.jar:/home/user/.m2/repository/org/apache/hadoop/hadoop-ozone-reconcodegen/0.5.0-SNAPSHOT/hadoop-ozone-reconcodegen-0.5.0-SNAPSHOT.jar:/home/user/.m2/repository/com/google/inject/extensions/guice-multibindings/4.0/guice-multibindings-4.0.jar:/home/user/.m2/repository/com/google/inject/guice/4.0/guice-4.0.jar:/home/user/.m2/repository/aopalliance/aopalliance/1.0/aopalliance-1.0.jar:/home/user/.m2/repository/com/google/inject/extensions/guice-servlet/4.0/guice-servlet-4.0.jar:/home/user/.m2/repository/org/glassfish/jersey/containers/jersey-container-servlet/2.27/jersey-container-servlet-2.27.jar:/home/user/.m2/repository/org/glassfish/hk2/guice-bridge/2.5.0/guice-bridge-2.5.0.jar:/home/user/.m2/repository/org/glassfish/jersey/core/jersey-server/2.27/jersey-server-2.27.jar:/home/user/.m2/repository/org/glassfish/jersey/core/jersey-client/2.27/jersey-client-2.27.jar:/home/user/.m2/repository/org/glassfish/jersey/media/jersey-media-jaxb/2.27/jersey-media-jaxb-2.27.jar:/home/user/.m2/repository/javax/validation/validation-api/1.1.0.Final/validation-api-1.1.0.Final.jar:/home/user/.m2/repository/org/glassfish/jersey/media/jersey-media-json-jackson/2.27/jersey-media-json-jackson-2.27.jar:/home/user/.m2/repository/org/glassfish/jersey/ext/jersey-entity-filtering/2.27/jersey-entity-filtering-2.27.jar:/home/user/.m2/repository/com/google/inject/extensions/guice-assistedinject/4.0/guice-assistedinject-4.0.jar:/home/user/.m2/repository/org/jooq/jooq/3.11.10/jooq-3.11.10.jar:/home/user/.m2/repository/org/jooq/jooq-meta/3.11.10/jooq-meta-3.11.10.jar:/home/user/.m2/repository/org/jooq/jooq-codegen/3.11.10/jooq-codegen-3.11.10.jar:/home/user/.m2/repository/com/jolbox/bonecp/0.8.0.RELEASE/bonecp-0.8.0.RELEASE.jar:/home/user/.m2/repository/org/xerial/sqlite-jdbc/3.25.2/sqlite-jdbc-3.25.2.jar:/home/user/.m2/repository/org/springframework/spring-jdbc/5.1.3.RELEASE/spring-jdbc-5.1.3.RELEASE.jar:/home/user/.m2/repository/org/springframework/spring-beans/5.1.3.RELEASE/spring-beans-5.1.3.RELEASE.jar:/home/user/.m2/repository/org/springframework/spring-core/5.1.3.RELEASE/spring-core-5.1.3.RELEASE.jar:/home/user/.m2/repository/org/springframework/spring-jcl/5.1.3.RELEASE/spring-jcl-5.1.3.RELEASE.jar:/home/user/.m2/repository/org/springframework/spring-tx/5.1.3.RELEASE/spring-tx-5.1.3.RELEASE.jar:/home/user/.m2/repository/org/apache/hadoop/hadoop-ozone-client/0.5.0-SNAPSHOT/hadoop-ozone-client-0.5.0-SNAPSHOT.jar:/home/user/.m2/repository/commons-lang/commons-lang/2.6/commons-lang-2.6.jar:/home/user/.m2/repository/org/apache/hadoop/hadoop-ozone-ozone-manager/0.5.0-SNAPSHOT/hadoop-ozone-ozone-manager-0.5.0-SNAPSHOT-tests.jar:/home/user/.m2/repository/junit/junit/4.11/junit-4.11.jar:/home/user/.m2/repository/org/hamcrest/hamcrest-core/1.3/hamcrest-core-1.3.jar:/home/user/.m2/repository/org/openjdk/jmh/jmh-core/1.19/jmh-core-1.19.jar:/home/user/.m2/repository/net/sf/jopt-simple/jopt-simple/4.6/jopt-simple-4.6.jar:/home/user/.m2/repository/org/apache/commons/commons-math3/3.1.1/commons-math3-3.1.1.jar:/home/user/.m2/repository/org/openjdk/jmh/jmh-generator-annprocess/1.19/jmh-generator-annprocess-1.19.jar:/home/user/.m2/repository/org/mockito/mockito-all/1.8.5/mockito-all-1.8.5.jar:/home/user/.m2/repository/org/apache/hadoop/hadoop-kms/3.2.0/hadoop-kms-3.2.0.jar:/home/user/.m2/repository/org/apache/hadoop/hadoop-auth/3.2.0/hadoop-auth-3.2.0.jar:/home/user/.m2/repository/com/nimbusds/nimbus-jose-jwt/4.41.1/nimbus-jose-jwt-4.41.1.jar:/home/user/.m2/repository/com/github/stephenc/jcip/jcip-annotations/1.0-1/jcip-annotations-1.0-1.jar:/home/user/.m2/repository/net/minidev/json-smart/2.3/json-smart-2.3.jar:/home/user/.m2/repository/net/minidev/accessors-smart/1.2/accessors-smart-1.2.jar:/home/user/.m2/repository/org/ow2/asm/asm/5.0.4/asm-5.0.4.jar:/home/user/.m2/repository/org/apache/curator/curator-framework/2.12.0/curator-framework-2.12.0.jar:/home/user/.m2/repository/com/sun/jersey/jersey-core/1.19/jersey-core-1.19.jar:/home/user/.m2/repository/javax/ws/rs/jsr311-api/1.1.1/jsr311-api-1.1.1.jar:/home/user/.m2/repository/com/sun/jersey/jersey-server/1.19/jersey-server-1.19.jar:/home/user/.m2/repository/javax/servlet/javax.servlet-api/3.1.0/javax.servlet-api-3.1.0.jar:/home/user/.m2/repository/org/eclipse/jetty/jetty-server/9.3.24.v20180605/jetty-server-9.3.24.v20180605.jar:/home/user/.m2/repository/org/eclipse/jetty/jetty-http/9.3.24.v20180605/jetty-http-9.3.24.v20180605.jar:/home/user/.m2/repository/org/eclipse/jetty/jetty-io/9.3.24.v20180605/jetty-io-9.3.24.v20180605.jar:/home/user/.m2/repository/org/eclipse/jetty/jetty-webapp/9.3.24.v20180605/jetty-webapp-9.3.24.v20180605.jar:/home/user/.m2/repository/org/eclipse/jetty/jetty-xml/9.3.24.v20180605/jetty-xml-9.3.24.v20180605.jar:/home/user/.m2/repository/log4j/log4j/1.2.17/log4j-1.2.17.jar:/home/user/.m2/repository/org/slf4j/slf4j-api/1.7.25/slf4j-api-1.7.25.jar:/home/user/.m2/repository/org/slf4j/jul-to-slf4j/1.7.25/jul-to-slf4j-1.7.25.jar:/home/user/.m2/repository/org/eclipse/jetty/jetty-util/9.3.24.v20180605/jetty-util-9.3.24.v20180605.jar:/home/user/.m2/repository/com/fasterxml/jackson/core/jackson-databind/2.9.5/jackson-databind-2.9.5.jar:/home/user/.m2/repository/org/apache/hadoop/hadoop-kms/3.2.0/hadoop-kms-3.2.0-tests.jar:/home/user/.m2/repository/org/apache/hadoop/hadoop-hdds-server-scm/0.5.0-SNAPSHOT/hadoop-hdds-server-scm-0.5.0-SNAPSHOT-tests.jar:/home/user/.m2/repository/org/apache/hadoop/hadoop-hdds-container-service/0.5.0-SNAPSHOT/hadoop-hdds-container-service-0.5.0-SNAPSHOT-tests.jar:/home/user/.m2/repository/org/yaml/snakeyaml/1.16/snakeyaml-1.16.jar:/home/user/.m2/repository/org/apache/hadoop/hadoop-common/3.2.0/hadoop-common-3.2.0-tests.jar:/home/user/.m2/repository/org/apache/hadoop/hadoop-annotations/3.2.0/hadoop-annotations-3.2.0.jar:/usr/lib/jvm/java-1.8-openjdk/jre/../lib/tools.jar:/home/user/.m2/repository/commons-cli/commons-cli/1.2/commons-cli-1.2.jar:/home/user/.m2/repository/org/apache/httpcomponents/httpclient/4.5.2/httpclient-4.5.2.jar:/home/user/.m2/repository/org/apache/httpcomponents/httpcore/4.4.4/httpcore-4.4.4.jar:/home/user/.m2/repository/commons-codec/commons-codec/1.11/commons-codec-1.11.jar:/home/user/.m2/repository/commons-net/commons-net/3.6/commons-net-3.6.jar:/home/user/.m2/repository/commons-collections/commons-collections/3.2.2/commons-collections-3.2.2.jar:/home/user/.m2/repository/org/eclipse/jetty/jetty-servlet/9.3.24.v20180605/jetty-servlet-9.3.24.v20180605.jar:/home/user/.m2/repository/org/eclipse/jetty/jetty-security/9.3.24.v20180605/jetty-security-9.3.24.v20180605.jar:/home/user/.m2/repository/javax/servlet/jsp/jsp-api/2.1/jsp-api-2.1.jar:/home/user/.m2/repository/com/sun/jersey/jersey-servlet/1.19/jersey-servlet-1.19.jar:/home/user/.m2/repository/com/sun/jersey/jersey-json/1.19/jersey-json-1.19.jar:/home/user/.m2/repository/org/codehaus/jettison/jettison/1.1/jettison-1.1.jar:/home/user/.m2/repository/org/codehaus/jackson/jackson-core-asl/1.9.13/jackson-core-asl-1.9.13.jar:/home/user/.m2/repository/org/codehaus/jackson/jackson-mapper-asl/1.9.13/jackson-mapper-asl-1.9.13.jar:/home/user/.m2/repository/org/codehaus/jackson/jackson-jaxrs/1.9.13/jackson-jaxrs-1.9.13.jar:/home/user/.m2/repository/org/codehaus/jackson/jackson-xc/1.9.13/jackson-xc-1.9.13.jar:/home/user/.m2/repository/commons-logging/commons-logging/1.1.3/commons-logging-1.1.3.jar:/home/user/.m2/repository/commons-beanutils/commons-beanutils/1.9.3/commons-beanutils-1.9.3.jar:/home/user/.m2/repository/org/apache/commons/commons-configuration2/2.1.1/commons-configuration2-2.1.1.jar:/home/user/.m2/repository/org/apache/commons/commons-lang3/3.7/commons-lang3-3.7.jar:/home/user/.m2/repository/org/apache/commons/commons-text/1.4/commons-text-1.4.jar:/home/user/.m2/repository/org/apache/avro/avro/1.7.7/avro-1.7.7.jar:/home/user/.m2/repository/com/thoughtworks/paranamer/paranamer/2.3/paranamer-2.3.jar:/home/user/.m2/repository/org/xerial/snappy/snappy-java/1.0.5/snappy-java-1.0.5.jar:/home/user/.m2/repository/com/google/re2j/re2j/1.1/re2j-1.1.jar:/home/user/.m2/repository/com/google/code/gson/gson/2.2.4/gson-2.2.4.jar:/home/user/.m2/repository/com/jcraft/jsch/0.1.54/jsch-0.1.54.jar:/home/user/.m2/repository/org/apache/curator/curator-client/2.12.0/curator-client-2.12.0.jar:/home/user/.m2/repository/org/apache/curator/curator-recipes/2.12.0/curator-recipes-2.12.0.jar:/home/user/.m2/repository/com/google/code/findbugs/jsr305/3.0.0/jsr305-3.0.0.jar:/home/user/.m2/repository/org/apache/htrace/htrace-core4/4.1.0-incubating/htrace-core4-4.1.0-incubating.jar:/home/user/.m2/repository/org/apache/zookeeper/zookeeper/3.4.13/zookeeper-3.4.13.jar:/home/user/.m2/repository/org/apache/yetus/audience-annotations/0.5.0/audience-annotations-0.5.0.jar:/home/user/.m2/repository/org/codehaus/woodstox/stax2-api/3.1.4/stax2-api-3.1.4.jar:/home/user/.m2/repository/com/fasterxml/woodstox/woodstox-core/5.0.3/woodstox-core-5.0.3.jar:/home/user/.m2/repository/dnsjava/dnsjava/2.1.7/dnsjava-2.1.7.jar:/home/user/.m2/repository/org/apache/hadoop/hadoop-hdfs/3.2.0/hadoop-hdfs-3.2.0-tests.jar:/home/user/.m2/repository/org/eclipse/jetty/jetty-util-ajax/9.3.24.v20180605/jetty-util-ajax-9.3.24.v20180605.jar:/home/user/.m2/repository/commons-daemon/commons-daemon/1.0.13/commons-daemon-1.0.13.jar:/home/user/.m2/repository/io/netty/netty/3.10.5.Final/netty-3.10.5.Final.jar:/home/user/.m2/repository/io/netty/netty-all/4.0.52.Final/netty-all-4.0.52.Final.jar:/home/user/.m2/repository/org/fusesource/leveldbjni/leveldbjni-all/1.8/leveldbjni-all-1.8.jar:"/>
    <property name="sun.cpu.endian" value="little"/>
    <property name="user.home" value="/home/user"/>
    <property name="user.language" value="en"/>
    <property name="java.specification.vendor" value="Oracle Corporation"/>
    <property name="java.home" value="/usr/lib/jvm/java-1.8-openjdk/jre"/>
    <property name="java.security.krb5.conf" value="/workdir/hadoop-ozone/integration-test/target/test-classes/krb5.conf"/>
    <property name="basedir" value="/workdir/hadoop-ozone/integration-test"/>
    <property name="file.separator" value="/"/>
    <property name="line.separator" value="&#10;"/>
    <property name="java.vm.specification.vendor" value="Oracle Corporation"/>
    <property name="java.specification.name" value="Java Platform API Specification"/>
    <property name="java.awt.graphicsenv" value="sun.awt.X11GraphicsEnvironment"/>
    <property name="surefire.real.class.path" value="/workdir/hadoop-ozone/integration-test/target/surefire/surefirebooter4491219166728956959.jar"/>
    <property name="hadoop.log.dir" value="/workdir/hadoop-ozone/integration-test/target/log"/>
    <property name="sun.boot.class.path" value="/usr/lib/jvm/java-1.8-openjdk/jre/lib/resources.jar:/usr/lib/jvm/java-1.8-openjdk/jre/lib/rt.jar:/usr/lib/jvm/java-1.8-openjdk/jre/lib/sunrsasign.jar:/usr/lib/jvm/java-1.8-openjdk/jre/lib/jsse.jar:/usr/lib/jvm/java-1.8-openjdk/jre/lib/jce.jar:/usr/lib/jvm/java-1.8-openjdk/jre/lib/charsets.jar:/usr/lib/jvm/java-1.8-openjdk/jre/lib/jfr.jar:/usr/lib/jvm/java-1.8-openjdk/jre/classes"/>
    <property name="sun.management.compiler" value="HotSpot 64-Bit Tiered Compilers"/>
    <property name="java.runtime.version" value="1.8.0_212-b04"/>
    <property name="java.net.preferIPv4Stack" value="true"/>
    <property name="user.name" value="jenkins1000"/>
    <property name="path.separator" value=":"/>
    <property name="java.security.egd" value="file:///dev/urandom"/>
    <property name="os.version" value="3.10.0-957.12.2.el7.x86_64"/>
    <property name="java.endorsed.dirs" value="/usr/lib/jvm/java-1.8-openjdk/jre/lib/endorsed"/>
    <property name="java.runtime.name" value="OpenJDK Runtime Environment"/>
    <property name="file.encoding" value="UTF-8"/>
    <property name="java.vm.name" value="OpenJDK 64-Bit Server VM"/>
    <property name="test.build.webapps" value=""/>
    <property name="localRepository" value="/home/user/.m2/repository"/>
    <property name="java.vendor.url.bug" value="https://icedtea.classpath.org/bugzilla"/>
    <property name="java.io.tmpdir" value="/tmp"/>
    <property name="require.test.libhadoop" value=""/>
    <property name="java.version" value="1.8.0_212"/>
    <property name="user.dir" value="/workdir/hadoop-ozone/integration-test"/>
    <property name="os.arch" value="amd64"/>
    <property name="java.vm.specification.name" value="Java Virtual Machine Specification"/>
    <property name="test.build.classes" value="/workdir/hadoop-ozone/integration-test/target/test-classes"/>
    <property name="java.awt.printerjob" value="sun.print.PSPrinterJob"/>
    <property name="sun.os.patch.level" value="unknown"/>
    <property name="hadoop.tmp.dir" value="/workdir/hadoop-ozone/integration-test/target/tmp"/>
    <property name="java.library.path" value="/usr/lib/jvm/java-1.8-openjdk/jre/lib/amd64/server:/usr/lib/jvm/java-1.8-openjdk/jre/lib/amd64:/usr/lib/jvm/java-1.8-openjdk/jre/../lib/amd64:/workdir/hadoop-ozone/integration-test/target/native/target/usr/local/lib:/workdir/hadoop-ozone/integration-test/../../hadoop-common-project/hadoop-common/target/native/target/usr/local/lib:/usr/java/packages/lib/amd64:/usr/lib64:/lib64:/lib:/usr/lib"/>
    <property name="java.vm.info" value="mixed mode"/>
    <property name="java.vendor" value="IcedTea"/>
    <property name="java.vm.version" value="25.212-b04"/>
    <property name="java.ext.dirs" value="/usr/lib/jvm/java-1.8-openjdk/jre/lib/ext:/usr/java/packages/lib/ext"/>
    <property name="sun.io.unicode.encoding" value="UnicodeLittle"/>
    <property name="java.class.version" value="52.0"/>
  </properties>
  <testcase name="testAutomaticPipelineCreationOnPipelineDestroy" classname="org.apache.hadoop.hdds.scm.pipeline.TestRatisPipelineCreateAndDestory" time="28.757"/>
  <testcase name="testPipelineCreationOnNodeRestart" classname="org.apache.hadoop.hdds.scm.pipeline.TestRatisPipelineCreateAndDestory" time="40.269">
    <error message="test timed out after 30000 milliseconds" type="java.lang.Exception">java.lang.Exception: test timed out after 30000 milliseconds
	at java.lang.Thread.sleep(Native Method)
	at org.apache.hadoop.test.GenericTestUtils.waitFor(GenericTestUtils.java:382)
	at org.apache.hadoop.hdds.scm.pipeline.TestRatisPipelineCreateAndDestory.waitForPipelines(TestRatisPipelineCreateAndDestory.java:126)
	at org.apache.hadoop.hdds.scm.pipeline.TestRatisPipelineCreateAndDestory.testPipelineCreationOnNodeRestart(TestRatisPipelineCreateAndDestory.java:121)
	at sun.reflect.NativeMethodAccessorImpl.invoke0(Native Method)
	at sun.reflect.NativeMethodAccessorImpl.invoke(NativeMethodAccessorImpl.java:62)
	at sun.reflect.DelegatingMethodAccessorImpl.invoke(DelegatingMethodAccessorImpl.java:43)
	at java.lang.reflect.Method.invoke(Method.java:498)
	at org.junit.runners.model.FrameworkMethod$1.runReflectiveCall(FrameworkMethod.java:47)
	at org.junit.internal.runners.model.ReflectiveCallable.run(ReflectiveCallable.java:12)
	at org.junit.runners.model.FrameworkMethod.invokeExplosively(FrameworkMethod.java:44)
	at org.junit.internal.runners.statements.InvokeMethod.evaluate(InvokeMethod.java:17)
	at org.junit.internal.runners.statements.FailOnTimeout$StatementThread.run(FailOnTimeout.java:74)
</error>
    <system-out><![CDATA[2019-08-20 14:03:11,647 WARN  server.ServerUtils (ServerUtils.java:getScmDbDir(145)) - ozone.scm.db.dirs is not configured. We recommend adding this setting. Falling back to ozone.metadata.dirs instead.
2019-08-20 14:03:11,662 WARN  server.ServerUtils (ServerUtils.java:getScmDbDir(145)) - ozone.scm.db.dirs is not configured. We recommend adding this setting. Falling back to ozone.metadata.dirs instead.
2019-08-20 14:03:11,663 WARN  server.ServerUtils (ServerUtils.java:getScmDbDir(145)) - ozone.scm.db.dirs is not configured. We recommend adding this setting. Falling back to ozone.metadata.dirs instead.
2019-08-20 14:03:11,663 INFO  db.DBStoreBuilder (DBStoreBuilder.java:addTable(110)) - using custom profile for table: deletedBlocks
2019-08-20 14:03:11,663 INFO  db.DBStoreBuilder (DBStoreBuilder.java:processTables(161)) - Using default column profile:DBProfile.DISK for Table:deletedBlocks
2019-08-20 14:03:11,663 INFO  db.DBStoreBuilder (DBStoreBuilder.java:addTable(110)) - using custom profile for table: validCerts
2019-08-20 14:03:11,663 INFO  db.DBStoreBuilder (DBStoreBuilder.java:processTables(161)) - Using default column profile:DBProfile.DISK for Table:validCerts
2019-08-20 14:03:11,664 INFO  db.DBStoreBuilder (DBStoreBuilder.java:addTable(110)) - using custom profile for table: revokedCerts
2019-08-20 14:03:11,664 INFO  db.DBStoreBuilder (DBStoreBuilder.java:processTables(161)) - Using default column profile:DBProfile.DISK for Table:revokedCerts
2019-08-20 14:03:11,664 INFO  db.DBStoreBuilder (DBStoreBuilder.java:addTable(110)) - using custom profile for table: default
2019-08-20 14:03:11,664 INFO  db.DBStoreBuilder (DBStoreBuilder.java:processTables(167)) - Using default column profile:DBProfile.DISK for Table:default
2019-08-20 14:03:11,664 INFO  db.DBStoreBuilder (DBStoreBuilder.java:getDbProfile(198)) - Using default options. DBProfile.DISK
2019-08-20 14:03:11,831 INFO  net.NodeSchemaLoader (NodeSchemaLoader.java:loadSchemaFromFile(125)) - Loading file from sun.misc.CompoundEnumeration@1100d071
2019-08-20 14:03:11,832 INFO  net.NodeSchemaLoader (NodeSchemaLoader.java:loadSchema(171)) - Loading network topology layer schema file
2019-08-20 14:03:11,838 INFO  node.SCMNodeManager (SCMNodeManager.java:<init>(121)) - Entering startup safe mode.
2019-08-20 14:03:11,839 WARN  server.ServerUtils (ServerUtils.java:getScmDbDir(145)) - ozone.scm.db.dirs is not configured. We recommend adding this setting. Falling back to ozone.metadata.dirs instead.
2019-08-20 14:03:11,904 INFO  pipeline.SCMPipelineManager (SCMPipelineManager.java:initializePipelineState(126)) - No pipeline exists in current db
2019-08-20 14:03:11,904 WARN  server.ServerUtils (ServerUtils.java:getScmDbDir(145)) - ozone.scm.db.dirs is not configured. We recommend adding this setting. Falling back to ozone.metadata.dirs instead.
2019-08-20 14:03:11,974 WARN  events.EventQueue (EventQueue.java:fireEvent(175)) - No event handler registered for event TypedEvent{payloadType=SafeModeStatus, name='SafeModeStatus'}
2019-08-20 14:03:11,975 INFO  ipc.CallQueueManager (CallQueueManager.java:<init>(84)) - Using callQueue: class java.util.concurrent.LinkedBlockingQueue, queueCapacity: 2000, scheduler: class org.apache.hadoop.ipc.DefaultRpcScheduler, ipcBackoff: false.
2019-08-20 14:03:11,976 INFO  ipc.Server (Server.java:run(1074)) - Starting Socket Reader #1 for port 38600
2019-08-20 14:03:11,977 INFO  ipc.CallQueueManager (CallQueueManager.java:<init>(84)) - Using callQueue: class java.util.concurrent.LinkedBlockingQueue, queueCapacity: 2000, scheduler: class org.apache.hadoop.ipc.DefaultRpcScheduler, ipcBackoff: false.
2019-08-20 14:03:11,978 INFO  ipc.Server (Server.java:run(1074)) - Starting Socket Reader #1 for port 41937
2019-08-20 14:03:11,979 INFO  ipc.CallQueueManager (CallQueueManager.java:<init>(84)) - Using callQueue: class java.util.concurrent.LinkedBlockingQueue, queueCapacity: 2000, scheduler: class org.apache.hadoop.ipc.DefaultRpcScheduler, ipcBackoff: false.
2019-08-20 14:03:11,980 INFO  ipc.Server (Server.java:run(1074)) - Starting Socket Reader #1 for port 46484
2019-08-20 14:03:11,982 INFO  hdfs.DFSUtil (DFSUtil.java:httpServerTemplateForNNAndJN(1641)) - Starting Web-server for scm at: http://0.0.0.0:0
2019-08-20 14:03:11,985 INFO  server.AuthenticationFilter (AuthenticationFilter.java:constructSecretProvider(240)) - Unable to initialize FileSignerSecretProvider, falling back to use random secrets.
2019-08-20 14:03:11,985 WARN  http.HttpRequestLog (HttpRequestLog.java:getRequestLog(97)) - Jetty request log can only be enabled using Log4j
2019-08-20 14:03:11,987 INFO  http.HttpServer2 (HttpServer2.java:addGlobalFilter(975)) - Added global filter 'safety' (class=org.apache.hadoop.http.HttpServer2$QuotingInputFilter)
2019-08-20 14:03:11,988 INFO  http.HttpServer2 (HttpServer2.java:addFilter(948)) - Added filter static_user_filter (class=org.apache.hadoop.http.lib.StaticUserWebFilter$StaticUserFilter) to context scm
2019-08-20 14:03:11,988 INFO  http.HttpServer2 (HttpServer2.java:addFilter(958)) - Added filter static_user_filter (class=org.apache.hadoop.http.lib.StaticUserWebFilter$StaticUserFilter) to context static
2019-08-20 14:03:11,988 INFO  http.HttpServer2 (HttpServer2.java:addFilter(958)) - Added filter static_user_filter (class=org.apache.hadoop.http.lib.StaticUserWebFilter$StaticUserFilter) to context logs
2019-08-20 14:03:11,990 INFO  server.StorageContainerManager (StorageContainerManager.java:start(758)) - StorageContainerLocationProtocol RPC server is listening at /0.0.0.0:46484
2019-08-20 14:03:11,992 WARN  impl.MetricsConfig (MetricsConfig.java:loadFirst(134)) - Cannot locate configuration: tried hadoop-metrics2-storagecontainermanager.properties,hadoop-metrics2.properties
2019-08-20 14:03:11,995 INFO  impl.MetricsSystemImpl (MetricsSystemImpl.java:startTimer(374)) - Scheduled Metric snapshot period at 10 second(s).
2019-08-20 14:03:11,995 INFO  impl.MetricsSystemImpl (MetricsSystemImpl.java:start(191)) - StorageContainerManager metrics system started
2019-08-20 14:03:12,033 INFO  server.SCMClientProtocolServer (SCMClientProtocolServer.java:start(151)) - RPC server for Client  is listening at /0.0.0.0:46484
2019-08-20 14:03:12,034 INFO  ipc.Server (Server.java:run(1314)) - IPC Server Responder: starting
2019-08-20 14:03:12,034 INFO  ipc.Server (Server.java:run(1153)) - IPC Server listener on 46484: starting
2019-08-20 14:03:12,037 INFO  server.StorageContainerManager (StorageContainerManager.java:start(768)) - ScmBlockLocationProtocol RPC server is listening at /0.0.0.0:41937
2019-08-20 14:03:12,037 INFO  server.SCMBlockProtocolServer (SCMBlockProtocolServer.java:start(140)) - RPC server for Block Protocol is listening at /0.0.0.0:41937
2019-08-20 14:03:12,038 INFO  ipc.Server (Server.java:run(1153)) - IPC Server listener on 41937: starting
2019-08-20 14:03:12,038 INFO  ipc.Server (Server.java:run(1314)) - IPC Server Responder: starting
2019-08-20 14:03:12,040 INFO  server.StorageContainerManager (StorageContainerManager.java:start(772)) - ScmDatanodeProtocl RPC server is listening at /0.0.0.0:38600
2019-08-20 14:03:12,040 INFO  server.SCMDatanodeProtocolServer (SCMDatanodeProtocolServer.java:start(191)) - RPC server for DataNodes is listening at /0.0.0.0:38600
2019-08-20 14:03:12,040 INFO  ipc.Server (Server.java:run(1314)) - IPC Server Responder: starting
2019-08-20 14:03:12,041 INFO  ipc.Server (Server.java:run(1153)) - IPC Server listener on 38600: starting
2019-08-20 14:03:12,044 INFO  http.HttpServer2 (HttpServer2.java:bindListener(1191)) - Jetty bound to port 36370
2019-08-20 14:03:12,045 INFO  server.Server (Server.java:doStart(351)) - jetty-9.3.24.v20180605, build timestamp: 2018-06-05T17:11:56Z, git hash: 84205aa28f11a4f31f2a3b86d1bba2cc8ab69827
2019-08-20 14:03:12,047 INFO  handler.ContextHandler (ContextHandler.java:doStart(781)) - Started o.e.j.s.ServletContextHandler@10f1457a{/logs,file:///workdir/hadoop-ozone/integration-test/target/log,AVAILABLE}
2019-08-20 14:03:12,047 INFO  handler.ContextHandler (ContextHandler.java:doStart(781)) - Started o.e.j.s.ServletContextHandler@3ef74687{/static,file:///workdir/hadoop-ozone/integration-test/target/test-classes/webapps/static,AVAILABLE}
2019-08-20 14:03:12,052 INFO  handler.ContextHandler (ContextHandler.java:doStart(781)) - Started o.e.j.w.WebAppContext@7fa33e30{/,file:///workdir/hadoop-ozone/integration-test/target/test-classes/webapps/scm/,AVAILABLE}{/scm}
2019-08-20 14:03:12,052 INFO  server.AbstractConnector (AbstractConnector.java:doStart(278)) - Started ServerConnector@2b9b717e{HTTP/1.1,[http/1.1]}{0.0.0.0:36370}
2019-08-20 14:03:12,053 INFO  server.Server (Server.java:doStart(419)) - Started @29769ms
2019-08-20 14:03:12,055 INFO  server.BaseHttpServer (BaseHttpServer.java:updateConnectorAddress(207)) - HTTP server of SCM is listening at http://0.0.0.0:36370
2019-08-20 14:03:12,055 WARN  server.ServerUtils (ServerUtils.java:getDBPath(222)) - ozone.om.db.dirs is not configured. We recommend adding this setting. Falling back to ozone.metadata.dirs instead.
2019-08-20 14:03:12,055 INFO  util.JvmPauseMonitor (JvmPauseMonitor.java:run(188)) - Starting JVM pause monitor
2019-08-20 14:03:12,069 WARN  server.ServerUtils (ServerUtils.java:getDBPath(222)) - ozone.om.db.dirs is not configured. We recommend adding this setting. Falling back to ozone.metadata.dirs instead.
2019-08-20 14:03:12,070 WARN  server.ServerUtils (ServerUtils.java:getDBPath(222)) - ozone.om.db.dirs is not configured. We recommend adding this setting. Falling back to ozone.metadata.dirs instead.
2019-08-20 14:03:12,070 INFO  om.OzoneManager (OzoneManager.java:setOMNodeDetails(644)) - OM Service ID is not set. Setting it to the default ID: omServiceIdDefault
2019-08-20 14:03:12,070 INFO  om.OzoneManager (OzoneManager.java:setOMNodeDetails(650)) - OM Node ID is not set. Setting it to the OmStorage's OmID: 175d1cbf-44e8-4ddc-b3f0-c881b3a52189
2019-08-20 14:03:12,070 INFO  om.OzoneManager (OzoneManager.java:loadOMHAConfigs(601)) - Found matching OM address with OMServiceId: null, OMNodeId: null, RPC Address: localhost:0 and Ratis port: 9872
2019-08-20 14:03:12,077 WARN  server.ServerUtils (ServerUtils.java:getDBPath(222)) - ozone.om.db.dirs is not configured. We recommend adding this setting. Falling back to ozone.metadata.dirs instead.
2019-08-20 14:03:12,078 INFO  db.DBStoreBuilder (DBStoreBuilder.java:addTable(110)) - using custom profile for table: userTable
2019-08-20 14:03:12,078 INFO  db.DBStoreBuilder (DBStoreBuilder.java:processTables(161)) - Using default column profile:DBProfile.DISK for Table:userTable
2019-08-20 14:03:12,078 INFO  db.DBStoreBuilder (DBStoreBuilder.java:addTable(110)) - using custom profile for table: volumeTable
2019-08-20 14:03:12,078 INFO  db.DBStoreBuilder (DBStoreBuilder.java:processTables(161)) - Using default column profile:DBProfile.DISK for Table:volumeTable
2019-08-20 14:03:12,079 INFO  db.DBStoreBuilder (DBStoreBuilder.java:addTable(110)) - using custom profile for table: bucketTable
2019-08-20 14:03:12,079 INFO  db.DBStoreBuilder (DBStoreBuilder.java:processTables(161)) - Using default column profile:DBProfile.DISK for Table:bucketTable
2019-08-20 14:03:12,079 INFO  db.DBStoreBuilder (DBStoreBuilder.java:addTable(110)) - using custom profile for table: keyTable
2019-08-20 14:03:12,079 INFO  db.DBStoreBuilder (DBStoreBuilder.java:processTables(161)) - Using default column profile:DBProfile.DISK for Table:keyTable
2019-08-20 14:03:12,079 INFO  db.DBStoreBuilder (DBStoreBuilder.java:addTable(110)) - using custom profile for table: deletedTable
2019-08-20 14:03:12,080 INFO  db.DBStoreBuilder (DBStoreBuilder.java:processTables(161)) - Using default column profile:DBProfile.DISK for Table:deletedTable
2019-08-20 14:03:12,080 INFO  db.DBStoreBuilder (DBStoreBuilder.java:addTable(110)) - using custom profile for table: openKeyTable
2019-08-20 14:03:12,080 INFO  db.DBStoreBuilder (DBStoreBuilder.java:processTables(161)) - Using default column profile:DBProfile.DISK for Table:openKeyTable
2019-08-20 14:03:12,080 INFO  db.DBStoreBuilder (DBStoreBuilder.java:addTable(110)) - using custom profile for table: s3Table
2019-08-20 14:03:12,080 INFO  db.DBStoreBuilder (DBStoreBuilder.java:processTables(161)) - Using default column profile:DBProfile.DISK for Table:s3Table
2019-08-20 14:03:12,081 INFO  db.DBStoreBuilder (DBStoreBuilder.java:addTable(110)) - using custom profile for table: multipartInfoTable
2019-08-20 14:03:12,081 INFO  db.DBStoreBuilder (DBStoreBuilder.java:processTables(161)) - Using default column profile:DBProfile.DISK for Table:multipartInfoTable
2019-08-20 14:03:12,081 INFO  db.DBStoreBuilder (DBStoreBuilder.java:addTable(110)) - using custom profile for table: dTokenTable
2019-08-20 14:03:12,081 INFO  db.DBStoreBuilder (DBStoreBuilder.java:processTables(161)) - Using default column profile:DBProfile.DISK for Table:dTokenTable
2019-08-20 14:03:12,081 INFO  db.DBStoreBuilder (DBStoreBuilder.java:addTable(110)) - using custom profile for table: s3SecretTable
2019-08-20 14:03:12,081 INFO  db.DBStoreBuilder (DBStoreBuilder.java:processTables(161)) - Using default column profile:DBProfile.DISK for Table:s3SecretTable
2019-08-20 14:03:12,082 INFO  db.DBStoreBuilder (DBStoreBuilder.java:addTable(110)) - using custom profile for table: prefixTable
2019-08-20 14:03:12,082 INFO  db.DBStoreBuilder (DBStoreBuilder.java:processTables(161)) - Using default column profile:DBProfile.DISK for Table:prefixTable
2019-08-20 14:03:12,083 INFO  db.DBStoreBuilder (DBStoreBuilder.java:addTable(110)) - using custom profile for table: default
2019-08-20 14:03:12,083 INFO  db.DBStoreBuilder (DBStoreBuilder.java:processTables(167)) - Using default column profile:DBProfile.DISK for Table:default
2019-08-20 14:03:12,083 INFO  db.DBStoreBuilder (DBStoreBuilder.java:getDbProfile(198)) - Using default options. DBProfile.DISK
2019-08-20 14:03:12,575 INFO  ipc.CallQueueManager (CallQueueManager.java:<init>(84)) - Using callQueue: class java.util.concurrent.LinkedBlockingQueue, queueCapacity: 2000, scheduler: class org.apache.hadoop.ipc.DefaultRpcScheduler, ipcBackoff: false.
2019-08-20 14:03:12,576 INFO  ipc.Server (Server.java:run(1074)) - Starting Socket Reader #1 for port 42818
2019-08-20 14:03:12,591 INFO  om.OzoneManager (OzoneManager.java:start(1255)) - OzoneManager RPC server is listening at localhost/127.0.0.1:42818
2019-08-20 14:03:12,592 INFO  impl.MetricsSystemImpl (MetricsSystemImpl.java:init(158)) - OzoneManager metrics system started (again)
2019-08-20 14:03:12,592 INFO  ipc.Server (Server.java:run(1314)) - IPC Server Responder: starting
2019-08-20 14:03:12,593 INFO  ipc.Server (Server.java:run(1153)) - IPC Server listener on 42818: starting
2019-08-20 14:03:12,598 INFO  hdfs.DFSUtil (DFSUtil.java:httpServerTemplateForNNAndJN(1641)) - Starting Web-server for ozoneManager at: http://0.0.0.0:0
2019-08-20 14:03:12,601 INFO  server.AuthenticationFilter (AuthenticationFilter.java:constructSecretProvider(240)) - Unable to initialize FileSignerSecretProvider, falling back to use random secrets.
2019-08-20 14:03:12,601 WARN  http.HttpRequestLog (HttpRequestLog.java:getRequestLog(97)) - Jetty request log can only be enabled using Log4j
2019-08-20 14:03:12,604 INFO  http.HttpServer2 (HttpServer2.java:addGlobalFilter(975)) - Added global filter 'safety' (class=org.apache.hadoop.http.HttpServer2$QuotingInputFilter)
2019-08-20 14:03:12,605 INFO  http.HttpServer2 (HttpServer2.java:addFilter(948)) - Added filter static_user_filter (class=org.apache.hadoop.http.lib.StaticUserWebFilter$StaticUserFilter) to context ozoneManager
2019-08-20 14:03:12,605 INFO  http.HttpServer2 (HttpServer2.java:addFilter(958)) - Added filter static_user_filter (class=org.apache.hadoop.http.lib.StaticUserWebFilter$StaticUserFilter) to context logs
2019-08-20 14:03:12,605 INFO  http.HttpServer2 (HttpServer2.java:addFilter(958)) - Added filter static_user_filter (class=org.apache.hadoop.http.lib.StaticUserWebFilter$StaticUserFilter) to context static
2019-08-20 14:03:12,606 INFO  http.HttpServer2 (HttpServer2.java:bindListener(1191)) - Jetty bound to port 37482
2019-08-20 14:03:12,607 INFO  server.Server (Server.java:doStart(351)) - jetty-9.3.24.v20180605, build timestamp: 2018-06-05T17:11:56Z, git hash: 84205aa28f11a4f31f2a3b86d1bba2cc8ab69827
2019-08-20 14:03:12,609 INFO  handler.ContextHandler (ContextHandler.java:doStart(781)) - Started o.e.j.s.ServletContextHandler@7b46cb63{/logs,file:///workdir/hadoop-ozone/integration-test/target/log,AVAILABLE}
2019-08-20 14:03:12,610 INFO  handler.ContextHandler (ContextHandler.java:doStart(781)) - Started o.e.j.s.ServletContextHandler@4e376621{/static,file:///workdir/hadoop-ozone/integration-test/target/test-classes/webapps/static,AVAILABLE}
2019-08-20 14:03:12,617 INFO  handler.ContextHandler (ContextHandler.java:doStart(781)) - Started o.e.j.w.WebAppContext@79fa8154{/,file:///workdir/hadoop-ozone/integration-test/target/test-classes/webapps/ozoneManager/,AVAILABLE}{/ozoneManager}
2019-08-20 14:03:12,617 INFO  server.AbstractConnector (AbstractConnector.java:doStart(278)) - Started ServerConnector@1330370c{HTTP/1.1,[http/1.1]}{0.0.0.0:37482}
2019-08-20 14:03:12,618 INFO  server.Server (Server.java:doStart(419)) - Started @30334ms
2019-08-20 14:03:12,619 INFO  server.BaseHttpServer (BaseHttpServer.java:updateConnectorAddress(207)) - HTTP server of OZONEMANAGER is listening at http://0.0.0.0:37482
2019-08-20 14:03:12,630 INFO  impl.MetricsSystemImpl (MetricsSystemImpl.java:init(158)) - HddsDatanode metrics system started (again)
2019-08-20 14:03:12,632 INFO  ozone.HddsDatanodeService (HddsDatanodeService.java:start(184)) - HddsDatanodeService host:pr-hdds-1881-nhl7g-263231641 ip:192.168.157.221
2019-08-20 14:03:12,643 INFO  volume.HddsVolume (HddsVolume.java:<init>(176)) - Creating Volume: /workdir/hadoop-ozone/integration-test/target/test-dir/MiniOzoneClusterImpl-a5093427-9167-43d9-94b9-19b4565cf696/datanode-0/data/containers/hdds of  storage type : DISK and capacity : 1482555576320
2019-08-20 14:03:12,643 INFO  volume.VolumeSet (VolumeSet.java:initializeVolumeSet(170)) - Added Volume : /workdir/hadoop-ozone/integration-test/target/test-dir/MiniOzoneClusterImpl-a5093427-9167-43d9-94b9-19b4565cf696/datanode-0/data/containers/hdds to VolumeSet
2019-08-20 14:03:12,643 INFO  volume.ThrottledAsyncChecker (ThrottledAsyncChecker.java:schedule(140)) - Scheduling a check for org.apache.hadoop.ozone.container.common.volume.HddsVolume@14be2678
2019-08-20 14:03:12,644 INFO  volume.HddsVolumeChecker (HddsVolumeChecker.java:checkAllVolumes(203)) - Scheduled health check for volume org.apache.hadoop.ozone.container.common.volume.HddsVolume@14be2678
2019-08-20 14:03:12,662 INFO  impl.RaftServerProxy (ConfUtils.java:logGet(43)) - raft.rpc.type = GRPC (default)
2019-08-20 14:03:12,662 INFO  grpc.GrpcFactory (GrpcFactory.java:checkPooledByteBufAllocatorUseCacheForAllThreads(45)) - PERFORMANCE WARNING: useCacheForAllThreads is true that may cause Netty to create a lot garbage objects and, as a result, trigger GC.
	It is recommended to disable useCacheForAllThreads by setting -Dorg.apache.ratis.thirdparty.io.netty.allocator.useCacheForAllThreads=false in command line.
2019-08-20 14:03:12,663 INFO  grpc.GrpcConfigKeys$Server (ConfUtils.java:logGet(43)) - raft.grpc.server.port = 0 (default)
2019-08-20 14:03:12,663 INFO  server.GrpcService (ConfUtils.java:logGet(43)) - raft.grpc.message.size.max = 33570816 (custom)
2019-08-20 14:03:12,663 INFO  server.RaftServerConfigKeys (ConfUtils.java:logGet(43)) - raft.server.log.appender.buffer.byte-limit = 33554432 (custom)
2019-08-20 14:03:12,663 INFO  server.GrpcService (ConfUtils.java:logGet(43)) - raft.grpc.flow.control.window = 1MB (=1048576) (default)
2019-08-20 14:03:12,664 INFO  server.RaftServerConfigKeys (ConfUtils.java:logGet(43)) - raft.server.rpc.request.timeout = 3000ms (default)
2019-08-20 14:03:12,664 INFO  server.RaftServerConfigKeys (ConfUtils.java:logGet(43)) - raft.server.storage.dir = [/workdir/hadoop-ozone/integration-test/target/test-dir/MiniOzoneClusterImpl-a5093427-9167-43d9-94b9-19b4565cf696/datanode-0/data/ratis] (custom)
2019-08-20 14:03:12,665 INFO  replication.SimpleContainerDownloader (SimpleContainerDownloader.java:<init>(72)) - Starting container downloader service to copy containers to replicate.
2019-08-20 14:03:12,667 INFO  hdfs.DFSUtil (DFSUtil.java:httpServerTemplateForNNAndJN(1641)) - Starting Web-server for hddsDatanode at: http://0.0.0.0:0
2019-08-20 14:03:12,668 INFO  server.AuthenticationFilter (AuthenticationFilter.java:constructSecretProvider(240)) - Unable to initialize FileSignerSecretProvider, falling back to use random secrets.
2019-08-20 14:03:12,669 WARN  http.HttpRequestLog (HttpRequestLog.java:getRequestLog(97)) - Jetty request log can only be enabled using Log4j
2019-08-20 14:03:12,670 INFO  http.HttpServer2 (HttpServer2.java:addGlobalFilter(975)) - Added global filter 'safety' (class=org.apache.hadoop.http.HttpServer2$QuotingInputFilter)
2019-08-20 14:03:12,671 INFO  http.HttpServer2 (HttpServer2.java:addFilter(948)) - Added filter static_user_filter (class=org.apache.hadoop.http.lib.StaticUserWebFilter$StaticUserFilter) to context hddsDatanode
2019-08-20 14:03:12,671 INFO  http.HttpServer2 (HttpServer2.java:addFilter(958)) - Added filter static_user_filter (class=org.apache.hadoop.http.lib.StaticUserWebFilter$StaticUserFilter) to context logs
2019-08-20 14:03:12,671 INFO  http.HttpServer2 (HttpServer2.java:addFilter(958)) - Added filter static_user_filter (class=org.apache.hadoop.http.lib.StaticUserWebFilter$StaticUserFilter) to context static
2019-08-20 14:03:12,672 INFO  http.HttpServer2 (HttpServer2.java:bindListener(1191)) - Jetty bound to port 42728
2019-08-20 14:03:12,672 INFO  server.Server (Server.java:doStart(351)) - jetty-9.3.24.v20180605, build timestamp: 2018-06-05T17:11:56Z, git hash: 84205aa28f11a4f31f2a3b86d1bba2cc8ab69827
2019-08-20 14:03:12,674 INFO  handler.ContextHandler (ContextHandler.java:doStart(781)) - Started o.e.j.s.ServletContextHandler@2d7283f2{/logs,file:///workdir/hadoop-ozone/integration-test/target/log,AVAILABLE}
2019-08-20 14:03:12,675 INFO  handler.ContextHandler (ContextHandler.java:doStart(781)) - Started o.e.j.s.ServletContextHandler@71243002{/static,jar:file:/home/user/.m2/repository/org/apache/hadoop/hadoop-hdds-container-service/0.5.0-SNAPSHOT/hadoop-hdds-container-service-0.5.0-SNAPSHOT.jar!/webapps/static,AVAILABLE}
2019-08-20 14:03:12,710 INFO  handler.ContextHandler (ContextHandler.java:doStart(781)) - Started o.e.j.w.WebAppContext@36bbfee6{/,file:///tmp/jetty-0.0.0.0-42728-hddsDatanode-_-any-4226615985988955760.dir/webapp/,AVAILABLE}{/hddsDatanode}
2019-08-20 14:03:12,710 INFO  server.AbstractConnector (AbstractConnector.java:doStart(278)) - Started ServerConnector@224a0298{HTTP/1.1,[http/1.1]}{0.0.0.0:42728}
2019-08-20 14:03:12,711 INFO  server.Server (Server.java:doStart(419)) - Started @30427ms
2019-08-20 14:03:12,712 INFO  server.BaseHttpServer (BaseHttpServer.java:updateConnectorAddress(207)) - HTTP server of HDDSDATANODE is listening at http://0.0.0.0:42728
2019-08-20 14:03:12,874 INFO  ozone.HddsDatanodeService (HddsDatanodeService.java:startPlugins(395)) - Started plug-in org.apache.hadoop.ozone.web.OzoneHddsDatanodeService@6a9dacd4
2019-08-20 14:03:12,875 INFO  impl.MetricsSystemImpl (MetricsSystemImpl.java:init(158)) - HddsDatanode metrics system started (again)
2019-08-20 14:03:12,877 INFO  ozone.HddsDatanodeService (HddsDatanodeService.java:start(184)) - HddsDatanodeService host:pr-hdds-1881-nhl7g-263231641 ip:192.168.157.221
2019-08-20 14:03:12,878 INFO  util.JvmPauseMonitor (JvmPauseMonitor.java:run(188)) - Starting JVM pause monitor
2019-08-20 14:03:12,881 INFO  datanode.InitDatanodeState (InitDatanodeState.java:persistContainerDatanodeDetails(140)) - DatanodeDetails is persisted to /workdir/hadoop-ozone/integration-test/target/test-dir/MiniOzoneClusterImpl-a5093427-9167-43d9-94b9-19b4565cf696/datanode-0/meta/datanode.id
2019-08-20 14:03:12,885 INFO  volume.HddsVolume (HddsVolume.java:<init>(176)) - Creating Volume: /workdir/hadoop-ozone/integration-test/target/test-dir/MiniOzoneClusterImpl-a5093427-9167-43d9-94b9-19b4565cf696/datanode-1/data/containers/hdds of  storage type : DISK and capacity : 1482555576320
2019-08-20 14:03:12,885 INFO  volume.VolumeSet (VolumeSet.java:initializeVolumeSet(170)) - Added Volume : /workdir/hadoop-ozone/integration-test/target/test-dir/MiniOzoneClusterImpl-a5093427-9167-43d9-94b9-19b4565cf696/datanode-1/data/containers/hdds to VolumeSet
2019-08-20 14:03:12,885 INFO  volume.ThrottledAsyncChecker (ThrottledAsyncChecker.java:schedule(140)) - Scheduling a check for org.apache.hadoop.ozone.container.common.volume.HddsVolume@42a12566
2019-08-20 14:03:12,886 INFO  volume.HddsVolumeChecker (HddsVolumeChecker.java:checkAllVolumes(203)) - Scheduled health check for volume org.apache.hadoop.ozone.container.common.volume.HddsVolume@42a12566
2019-08-20 14:03:12,900 INFO  impl.RaftServerProxy (ConfUtils.java:logGet(43)) - raft.rpc.type = GRPC (default)
2019-08-20 14:03:12,900 INFO  grpc.GrpcFactory (GrpcFactory.java:checkPooledByteBufAllocatorUseCacheForAllThreads(45)) - PERFORMANCE WARNING: useCacheForAllThreads is true that may cause Netty to create a lot garbage objects and, as a result, trigger GC.
	It is recommended to disable useCacheForAllThreads by setting -Dorg.apache.ratis.thirdparty.io.netty.allocator.useCacheForAllThreads=false in command line.
2019-08-20 14:03:12,900 INFO  grpc.GrpcConfigKeys$Server (ConfUtils.java:logGet(43)) - raft.grpc.server.port = 0 (default)
2019-08-20 14:03:12,900 INFO  server.GrpcService (ConfUtils.java:logGet(43)) - raft.grpc.message.size.max = 33570816 (custom)
2019-08-20 14:03:12,900 INFO  server.RaftServerConfigKeys (ConfUtils.java:logGet(43)) - raft.server.log.appender.buffer.byte-limit = 33554432 (custom)
2019-08-20 14:03:12,901 INFO  server.GrpcService (ConfUtils.java:logGet(43)) - raft.grpc.flow.control.window = 1MB (=1048576) (default)
2019-08-20 14:03:12,901 INFO  server.RaftServerConfigKeys (ConfUtils.java:logGet(43)) - raft.server.rpc.request.timeout = 3000ms (default)
2019-08-20 14:03:12,901 INFO  server.RaftServerConfigKeys (ConfUtils.java:logGet(43)) - raft.server.storage.dir = [/workdir/hadoop-ozone/integration-test/target/test-dir/MiniOzoneClusterImpl-a5093427-9167-43d9-94b9-19b4565cf696/datanode-1/data/ratis] (custom)
2019-08-20 14:03:12,902 INFO  replication.SimpleContainerDownloader (SimpleContainerDownloader.java:<init>(72)) - Starting container downloader service to copy containers to replicate.
2019-08-20 14:03:12,903 INFO  hdfs.DFSUtil (DFSUtil.java:httpServerTemplateForNNAndJN(1641)) - Starting Web-server for hddsDatanode at: http://0.0.0.0:0
2019-08-20 14:03:12,904 INFO  server.AuthenticationFilter (AuthenticationFilter.java:constructSecretProvider(240)) - Unable to initialize FileSignerSecretProvider, falling back to use random secrets.
2019-08-20 14:03:12,904 WARN  http.HttpRequestLog (HttpRequestLog.java:getRequestLog(97)) - Jetty request log can only be enabled using Log4j
2019-08-20 14:03:12,905 INFO  http.HttpServer2 (HttpServer2.java:addGlobalFilter(975)) - Added global filter 'safety' (class=org.apache.hadoop.http.HttpServer2$QuotingInputFilter)
2019-08-20 14:03:12,906 INFO  http.HttpServer2 (HttpServer2.java:addFilter(948)) - Added filter static_user_filter (class=org.apache.hadoop.http.lib.StaticUserWebFilter$StaticUserFilter) to context hddsDatanode
2019-08-20 14:03:12,906 INFO  http.HttpServer2 (HttpServer2.java:addFilter(958)) - Added filter static_user_filter (class=org.apache.hadoop.http.lib.StaticUserWebFilter$StaticUserFilter) to context logs
2019-08-20 14:03:12,906 INFO  http.HttpServer2 (HttpServer2.java:addFilter(958)) - Added filter static_user_filter (class=org.apache.hadoop.http.lib.StaticUserWebFilter$StaticUserFilter) to context static
2019-08-20 14:03:12,907 INFO  http.HttpServer2 (HttpServer2.java:bindListener(1191)) - Jetty bound to port 44790
2019-08-20 14:03:12,907 INFO  server.Server (Server.java:doStart(351)) - jetty-9.3.24.v20180605, build timestamp: 2018-06-05T17:11:56Z, git hash: 84205aa28f11a4f31f2a3b86d1bba2cc8ab69827
2019-08-20 14:03:12,909 INFO  handler.ContextHandler (ContextHandler.java:doStart(781)) - Started o.e.j.s.ServletContextHandler@64331a11{/logs,file:///workdir/hadoop-ozone/integration-test/target/log,AVAILABLE}
2019-08-20 14:03:12,909 INFO  handler.ContextHandler (ContextHandler.java:doStart(781)) - Started o.e.j.s.ServletContextHandler@6c98a83a{/static,jar:file:/home/user/.m2/repository/org/apache/hadoop/hadoop-hdds-container-service/0.5.0-SNAPSHOT/hadoop-hdds-container-service-0.5.0-SNAPSHOT.jar!/webapps/static,AVAILABLE}
2019-08-20 14:03:12,938 INFO  handler.ContextHandler (ContextHandler.java:doStart(781)) - Started o.e.j.w.WebAppContext@31920436{/,file:///tmp/jetty-0.0.0.0-44790-hddsDatanode-_-any-7733486919352332369.dir/webapp/,AVAILABLE}{/hddsDatanode}
2019-08-20 14:03:12,938 INFO  server.AbstractConnector (AbstractConnector.java:doStart(278)) - Started ServerConnector@69389e78{HTTP/1.1,[http/1.1]}{0.0.0.0:44790}
2019-08-20 14:03:12,939 INFO  server.Server (Server.java:doStart(419)) - Started @30655ms
2019-08-20 14:03:12,940 INFO  server.BaseHttpServer (BaseHttpServer.java:updateConnectorAddress(207)) - HTTP server of HDDSDATANODE is listening at http://0.0.0.0:44790
2019-08-20 14:03:13,088 INFO  ozone.HddsDatanodeService (HddsDatanodeService.java:startPlugins(395)) - Started plug-in org.apache.hadoop.ozone.web.OzoneHddsDatanodeService@50c57628
2019-08-20 14:03:13,089 INFO  impl.MetricsSystemImpl (MetricsSystemImpl.java:init(158)) - HddsDatanode metrics system started (again)
2019-08-20 14:03:13,092 INFO  util.JvmPauseMonitor (JvmPauseMonitor.java:run(188)) - Starting JVM pause monitor
2019-08-20 14:03:13,092 INFO  ozone.HddsDatanodeService (HddsDatanodeService.java:start(184)) - HddsDatanodeService host:pr-hdds-1881-nhl7g-263231641 ip:192.168.157.221
2019-08-20 14:03:13,095 INFO  datanode.InitDatanodeState (InitDatanodeState.java:persistContainerDatanodeDetails(140)) - DatanodeDetails is persisted to /workdir/hadoop-ozone/integration-test/target/test-dir/MiniOzoneClusterImpl-a5093427-9167-43d9-94b9-19b4565cf696/datanode-1/meta/datanode.id
2019-08-20 14:03:13,100 INFO  volume.HddsVolume (HddsVolume.java:<init>(176)) - Creating Volume: /workdir/hadoop-ozone/integration-test/target/test-dir/MiniOzoneClusterImpl-a5093427-9167-43d9-94b9-19b4565cf696/datanode-2/data/containers/hdds of  storage type : DISK and capacity : 1482555576320
2019-08-20 14:03:13,100 INFO  volume.VolumeSet (VolumeSet.java:initializeVolumeSet(170)) - Added Volume : /workdir/hadoop-ozone/integration-test/target/test-dir/MiniOzoneClusterImpl-a5093427-9167-43d9-94b9-19b4565cf696/datanode-2/data/containers/hdds to VolumeSet
2019-08-20 14:03:13,100 INFO  volume.ThrottledAsyncChecker (ThrottledAsyncChecker.java:schedule(140)) - Scheduling a check for org.apache.hadoop.ozone.container.common.volume.HddsVolume@56224a95
2019-08-20 14:03:13,101 INFO  volume.HddsVolumeChecker (HddsVolumeChecker.java:checkAllVolumes(203)) - Scheduled health check for volume org.apache.hadoop.ozone.container.common.volume.HddsVolume@56224a95
2019-08-20 14:03:13,116 INFO  impl.RaftServerProxy (ConfUtils.java:logGet(43)) - raft.rpc.type = GRPC (default)
2019-08-20 14:03:13,116 INFO  grpc.GrpcFactory (GrpcFactory.java:checkPooledByteBufAllocatorUseCacheForAllThreads(45)) - PERFORMANCE WARNING: useCacheForAllThreads is true that may cause Netty to create a lot garbage objects and, as a result, trigger GC.
	It is recommended to disable useCacheForAllThreads by setting -Dorg.apache.ratis.thirdparty.io.netty.allocator.useCacheForAllThreads=false in command line.
2019-08-20 14:03:13,116 INFO  grpc.GrpcConfigKeys$Server (ConfUtils.java:logGet(43)) - raft.grpc.server.port = 0 (default)
2019-08-20 14:03:13,116 INFO  server.GrpcService (ConfUtils.java:logGet(43)) - raft.grpc.message.size.max = 33570816 (custom)
2019-08-20 14:03:13,116 INFO  server.RaftServerConfigKeys (ConfUtils.java:logGet(43)) - raft.server.log.appender.buffer.byte-limit = 33554432 (custom)
2019-08-20 14:03:13,117 INFO  server.GrpcService (ConfUtils.java:logGet(43)) - raft.grpc.flow.control.window = 1MB (=1048576) (default)
2019-08-20 14:03:13,117 INFO  server.RaftServerConfigKeys (ConfUtils.java:logGet(43)) - raft.server.rpc.request.timeout = 3000ms (default)
2019-08-20 14:03:13,117 INFO  server.RaftServerConfigKeys (ConfUtils.java:logGet(43)) - raft.server.storage.dir = [/workdir/hadoop-ozone/integration-test/target/test-dir/MiniOzoneClusterImpl-a5093427-9167-43d9-94b9-19b4565cf696/datanode-2/data/ratis] (custom)
2019-08-20 14:03:13,118 INFO  replication.SimpleContainerDownloader (SimpleContainerDownloader.java:<init>(72)) - Starting container downloader service to copy containers to replicate.
2019-08-20 14:03:13,119 INFO  hdfs.DFSUtil (DFSUtil.java:httpServerTemplateForNNAndJN(1641)) - Starting Web-server for hddsDatanode at: http://0.0.0.0:0
2019-08-20 14:03:13,120 INFO  server.AuthenticationFilter (AuthenticationFilter.java:constructSecretProvider(240)) - Unable to initialize FileSignerSecretProvider, falling back to use random secrets.
2019-08-20 14:03:13,120 WARN  http.HttpRequestLog (HttpRequestLog.java:getRequestLog(97)) - Jetty request log can only be enabled using Log4j
2019-08-20 14:03:13,122 INFO  http.HttpServer2 (HttpServer2.java:addGlobalFilter(975)) - Added global filter 'safety' (class=org.apache.hadoop.http.HttpServer2$QuotingInputFilter)
2019-08-20 14:03:13,122 INFO  http.HttpServer2 (HttpServer2.java:addFilter(948)) - Added filter static_user_filter (class=org.apache.hadoop.http.lib.StaticUserWebFilter$StaticUserFilter) to context hddsDatanode
2019-08-20 14:03:13,122 INFO  http.HttpServer2 (HttpServer2.java:addFilter(958)) - Added filter static_user_filter (class=org.apache.hadoop.http.lib.StaticUserWebFilter$StaticUserFilter) to context logs
2019-08-20 14:03:13,122 INFO  http.HttpServer2 (HttpServer2.java:addFilter(958)) - Added filter static_user_filter (class=org.apache.hadoop.http.lib.StaticUserWebFilter$StaticUserFilter) to context static
2019-08-20 14:03:13,123 INFO  http.HttpServer2 (HttpServer2.java:bindListener(1191)) - Jetty bound to port 35745
2019-08-20 14:03:13,123 INFO  server.Server (Server.java:doStart(351)) - jetty-9.3.24.v20180605, build timestamp: 2018-06-05T17:11:56Z, git hash: 84205aa28f11a4f31f2a3b86d1bba2cc8ab69827
2019-08-20 14:03:13,125 INFO  handler.ContextHandler (ContextHandler.java:doStart(781)) - Started o.e.j.s.ServletContextHandler@2262a275{/logs,file:///workdir/hadoop-ozone/integration-test/target/log,AVAILABLE}
2019-08-20 14:03:13,125 INFO  handler.ContextHandler (ContextHandler.java:doStart(781)) - Started o.e.j.s.ServletContextHandler@6ad9fea{/static,jar:file:/home/user/.m2/repository/org/apache/hadoop/hadoop-hdds-container-service/0.5.0-SNAPSHOT/hadoop-hdds-container-service-0.5.0-SNAPSHOT.jar!/webapps/static,AVAILABLE}
2019-08-20 14:03:13,153 INFO  handler.ContextHandler (ContextHandler.java:doStart(781)) - Started o.e.j.w.WebAppContext@546aa8bf{/,file:///tmp/jetty-0.0.0.0-35745-hddsDatanode-_-any-315108097930762194.dir/webapp/,AVAILABLE}{/hddsDatanode}
2019-08-20 14:03:13,153 INFO  server.AbstractConnector (AbstractConnector.java:doStart(278)) - Started ServerConnector@56f7247a{HTTP/1.1,[http/1.1]}{0.0.0.0:35745}
2019-08-20 14:03:13,154 INFO  server.Server (Server.java:doStart(419)) - Started @30870ms
2019-08-20 14:03:13,155 INFO  server.BaseHttpServer (BaseHttpServer.java:updateConnectorAddress(207)) - HTTP server of HDDSDATANODE is listening at http://0.0.0.0:35745
2019-08-20 14:03:13,324 INFO  ozone.HddsDatanodeService (HddsDatanodeService.java:startPlugins(395)) - Started plug-in org.apache.hadoop.ozone.web.OzoneHddsDatanodeService@7f05cda7
2019-08-20 14:03:13,324 INFO  ozone.MiniOzoneClusterImpl (MiniOzoneClusterImpl.java:lambda$waitForClusterToBeReady$0(142)) - Waiting for cluster to be ready. Got 0 of 3 DN Heartbeats.
2019-08-20 14:03:13,328 INFO  util.JvmPauseMonitor (JvmPauseMonitor.java:run(188)) - Starting JVM pause monitor
2019-08-20 14:03:13,330 INFO  datanode.InitDatanodeState (InitDatanodeState.java:persistContainerDatanodeDetails(140)) - DatanodeDetails is persisted to /workdir/hadoop-ozone/integration-test/target/test-dir/MiniOzoneClusterImpl-a5093427-9167-43d9-94b9-19b4565cf696/datanode-2/meta/datanode.id
2019-08-20 14:03:14,327 INFO  ozone.MiniOzoneClusterImpl (MiniOzoneClusterImpl.java:lambda$waitForClusterToBeReady$0(142)) - Waiting for cluster to be ready. Got 0 of 3 DN Heartbeats.
2019-08-20 14:03:14,910 INFO  ozoneimpl.OzoneContainer (OzoneContainer.java:start(186)) - Attempting to start container services.
2019-08-20 14:03:14,913 INFO  ozoneimpl.OzoneContainer (OzoneContainer.java:startContainerScrub(160)) - Background container scrubber has been disabled by hdds.containerscrub.enabled
2019-08-20 14:03:14,913 INFO  ratis.XceiverServerRatis (XceiverServerRatis.java:start(404)) - Starting XceiverServerRatis 38221ef5-4b6d-4f4b-abde-abccf4438b27 at port 0
2019-08-20 14:03:14,921 INFO  impl.RaftServerProxy (RaftServerProxy.java:lambda$start$3(299)) - 38221ef5-4b6d-4f4b-abde-abccf4438b27: start RPC server
2019-08-20 14:03:14,924 INFO  server.GrpcService (GrpcService.java:startImpl(149)) - 38221ef5-4b6d-4f4b-abde-abccf4438b27: GrpcService started, listening on 0.0.0.0/0.0.0.0:42932
2019-08-20 14:03:14,924 INFO  ratis.XceiverServerRatis (XceiverServerRatis.java:start(414)) - XceiverServerRatis 38221ef5-4b6d-4f4b-abde-abccf4438b27 is started using port 42932
2019-08-20 14:03:14,925 INFO  server.XceiverServerGrpc (XceiverServerGrpc.java:start(161)) - XceiverServerGrpc 38221ef5-4b6d-4f4b-abde-abccf4438b27 is started using port 43491
2019-08-20 14:03:15,109 INFO  ozoneimpl.OzoneContainer (OzoneContainer.java:start(186)) - Attempting to start container services.
2019-08-20 14:03:15,110 INFO  ozoneimpl.OzoneContainer (OzoneContainer.java:startContainerScrub(160)) - Background container scrubber has been disabled by hdds.containerscrub.enabled
2019-08-20 14:03:15,110 INFO  ratis.XceiverServerRatis (XceiverServerRatis.java:start(404)) - Starting XceiverServerRatis 44a8054b-acc3-4d83-a55b-30f3f259d19d at port 0
2019-08-20 14:03:15,118 INFO  impl.RaftServerProxy (RaftServerProxy.java:lambda$start$3(299)) - 44a8054b-acc3-4d83-a55b-30f3f259d19d: start RPC server
2019-08-20 14:03:15,119 INFO  server.GrpcService (GrpcService.java:startImpl(149)) - 44a8054b-acc3-4d83-a55b-30f3f259d19d: GrpcService started, listening on 0.0.0.0/0.0.0.0:35929
2019-08-20 14:03:15,119 INFO  ratis.XceiverServerRatis (XceiverServerRatis.java:start(414)) - XceiverServerRatis 44a8054b-acc3-4d83-a55b-30f3f259d19d is started using port 35929
2019-08-20 14:03:15,125 INFO  server.XceiverServerGrpc (XceiverServerGrpc.java:start(161)) - XceiverServerGrpc 44a8054b-acc3-4d83-a55b-30f3f259d19d is started using port 37757
2019-08-20 14:03:15,327 INFO  ozone.MiniOzoneClusterImpl (MiniOzoneClusterImpl.java:lambda$waitForClusterToBeReady$0(142)) - Waiting for cluster to be ready. Got 0 of 3 DN Heartbeats.
2019-08-20 14:03:15,355 INFO  ozoneimpl.OzoneContainer (OzoneContainer.java:start(186)) - Attempting to start container services.
2019-08-20 14:03:15,356 INFO  ozoneimpl.OzoneContainer (OzoneContainer.java:startContainerScrub(160)) - Background container scrubber has been disabled by hdds.containerscrub.enabled
2019-08-20 14:03:15,356 INFO  ratis.XceiverServerRatis (XceiverServerRatis.java:start(404)) - Starting XceiverServerRatis 94514a72-c6de-4ebd-97fe-2a2c4a5db496 at port 0
2019-08-20 14:03:15,363 INFO  impl.RaftServerProxy (RaftServerProxy.java:lambda$start$3(299)) - 94514a72-c6de-4ebd-97fe-2a2c4a5db496: start RPC server
2019-08-20 14:03:15,365 INFO  server.GrpcService (GrpcService.java:startImpl(149)) - 94514a72-c6de-4ebd-97fe-2a2c4a5db496: GrpcService started, listening on 0.0.0.0/0.0.0.0:39507
2019-08-20 14:03:15,365 INFO  ratis.XceiverServerRatis (XceiverServerRatis.java:start(414)) - XceiverServerRatis 94514a72-c6de-4ebd-97fe-2a2c4a5db496 is started using port 39507
2019-08-20 14:03:15,366 INFO  server.XceiverServerGrpc (XceiverServerGrpc.java:start(161)) - XceiverServerGrpc 94514a72-c6de-4ebd-97fe-2a2c4a5db496 is started using port 44912
2019-08-20 14:03:16,328 INFO  ozone.MiniOzoneClusterImpl (MiniOzoneClusterImpl.java:lambda$waitForClusterToBeReady$0(142)) - Waiting for cluster to be ready. Got 0 of 3 DN Heartbeats.
2019-08-20 14:03:16,882 INFO  net.NetworkTopology (NetworkTopologyImpl.java:add(110)) - Added a new node: /default-rack/38221ef5-4b6d-4f4b-abde-abccf4438b27
2019-08-20 14:03:16,884 INFO  node.SCMNodeManager (SCMNodeManager.java:register(273)) - Registered Data node : 38221ef5-4b6d-4f4b-abde-abccf4438b27{ip: 192.168.157.221, host: pr-hdds-1881-nhl7g-263231641, networkLocation: /default-rack, certSerialId: null}
2019-08-20 14:03:16,885 INFO  safemode.SCMSafeModeManager (DataNodeSafeModeRule.java:process(71)) - SCM in safe mode. 1 DataNodes registered, 1 required.
2019-08-20 14:03:16,886 INFO  safemode.SCMSafeModeManager (SCMSafeModeManager.java:validateSafeModeExitRules(177)) - ScmSafeModeManager, all rules are successfully validated
2019-08-20 14:03:16,886 INFO  safemode.SCMSafeModeManager (SCMSafeModeManager.java:exitSafeMode(193)) - SCM exiting safe mode.
2019-08-20 14:03:16,906 INFO  impl.RaftServerProxy (RaftServerProxy.java:addNew(89)) - 38221ef5-4b6d-4f4b-abde-abccf4438b27: addNew group-A3C7EC746934:[38221ef5-4b6d-4f4b-abde-abccf4438b27:192.168.157.221:42932] returns group-A3C7EC746934:java.util.concurrent.CompletableFuture@6ad73bba[Not completed]
2019-08-20 14:03:16,909 INFO  impl.RaftServerImpl (RaftServerImpl.java:<init>(93)) - 38221ef5-4b6d-4f4b-abde-abccf4438b27: new RaftServerImpl for group-A3C7EC746934:[38221ef5-4b6d-4f4b-abde-abccf4438b27:192.168.157.221:42932] with ContainerStateMachine:uninitialized
2019-08-20 14:03:16,909 INFO  server.RaftServerConfigKeys (ConfUtils.java:logGet(43)) - raft.server.rpc.timeout.min = 5s (custom)
2019-08-20 14:03:16,909 INFO  server.RaftServerConfigKeys (ConfUtils.java:logGet(43)) - raft.server.rpc.timeout.max = 5200ms (custom)
2019-08-20 14:03:16,909 INFO  server.RaftServerConfigKeys (ConfUtils.java:logGet(43)) - raft.server.rpcslowness.timeout = 120s (custom)
2019-08-20 14:03:16,909 INFO  server.RaftServerConfigKeys (ConfUtils.java:logGet(43)) - raft.server.sleep.deviation.threshold = 300 (default)
2019-08-20 14:03:16,910 INFO  server.RaftServerConfigKeys (ConfUtils.java:logGet(43)) - raft.server.log.appender.install.snapshot.enabled = false (custom)
2019-08-20 14:03:16,910 INFO  impl.RaftServerImpl (ServerState.java:<init>(105)) - 38221ef5-4b6d-4f4b-abde-abccf4438b27:group-A3C7EC746934 ConfigurationManager, init=-1: [38221ef5-4b6d-4f4b-abde-abccf4438b27:192.168.157.221:42932], old=null, confs=<EMPTY_MAP>
2019-08-20 14:03:16,910 INFO  server.RaftServerConfigKeys (ConfUtils.java:logGet(43)) - raft.server.storage.dir = [/workdir/hadoop-ozone/integration-test/target/test-dir/MiniOzoneClusterImpl-a5093427-9167-43d9-94b9-19b4565cf696/datanode-0/data/ratis] (custom)
2019-08-20 14:03:16,911 INFO  storage.RaftStorageDirectory (RaftStorageDirectory.java:analyzeStorage(246)) - The storage directory /workdir/hadoop-ozone/integration-test/target/test-dir/MiniOzoneClusterImpl-a5093427-9167-43d9-94b9-19b4565cf696/datanode-0/data/ratis/99fa317d-d9bc-4c58-816d-a3c7ec746934 does not exist. Creating ...
2019-08-20 14:03:16,924 INFO  storage.RaftStorageDirectory (RaftStorageDirectory.java:tryLock(328)) - Lock on /workdir/hadoop-ozone/integration-test/target/test-dir/MiniOzoneClusterImpl-a5093427-9167-43d9-94b9-19b4565cf696/datanode-0/data/ratis/99fa317d-d9bc-4c58-816d-a3c7ec746934/in_use.lock acquired by nodename 6769@pr-hdds-1881-nhl7g-263231641
2019-08-20 14:03:16,937 INFO  storage.RaftStorage (RaftStorage.java:format(72)) - Storage directory /workdir/hadoop-ozone/integration-test/target/test-dir/MiniOzoneClusterImpl-a5093427-9167-43d9-94b9-19b4565cf696/datanode-0/data/ratis/99fa317d-d9bc-4c58-816d-a3c7ec746934 has been successfully formatted.
2019-08-20 14:03:16,938 INFO  ratis.ContainerStateMachine (ContainerStateMachine.java:loadSnapshot(213)) - group-A3C7EC746934: The snapshot info is null. Setting the last applied indexto:(t:0, i:~)
2019-08-20 14:03:16,938 INFO  server.RaftServerConfigKeys (ConfUtils.java:logGet(43)) - raft.server.leader.election.timeout = 120s (custom)
2019-08-20 14:03:16,938 INFO  server.RaftServerConfigKeys (ConfUtils.java:logGet(43)) - raft.server.log.use.memory = false (default)
2019-08-20 14:03:16,938 INFO  server.RaftServerConfigKeys (ConfUtils.java:logGet(43)) - raft.server.log.purge.gap = 1000000000 (custom)
2019-08-20 14:03:16,939 INFO  server.RaftServerConfigKeys (ConfUtils.java:logGet(43)) - raft.server.log.appender.buffer.byte-limit = 33554432 (custom)
2019-08-20 14:03:16,939 INFO  server.RaftServerConfigKeys (ConfUtils.java:logGet(43)) - raft.server.log.segment.size.max = 1048576 (custom)
2019-08-20 14:03:16,939 INFO  server.RaftServerConfigKeys (ConfUtils.java:logGet(43)) - raft.server.log.segment.cache.num.max = 2 (custom)
2019-08-20 14:03:16,939 INFO  segmented.SegmentedRaftLogWorker (SegmentedRaftLogWorker.java:<init>(172)) - new 38221ef5-4b6d-4f4b-abde-abccf4438b27-SegmentedRaftLogWorker:Storage Directory /workdir/hadoop-ozone/integration-test/target/test-dir/MiniOzoneClusterImpl-a5093427-9167-43d9-94b9-19b4565cf696/datanode-0/data/ratis/99fa317d-d9bc-4c58-816d-a3c7ec746934 for RaftStorage:Storage Directory /workdir/hadoop-ozone/integration-test/target/test-dir/MiniOzoneClusterImpl-a5093427-9167-43d9-94b9-19b4565cf696/datanode-0/data/ratis/99fa317d-d9bc-4c58-816d-a3c7ec746934
2019-08-20 14:03:16,939 INFO  server.RaftServerConfigKeys (ConfUtils.java:logGet(43)) - raft.server.log.queue.byte-limit = 2147483647 (custom)
2019-08-20 14:03:16,940 INFO  server.RaftServerConfigKeys (ConfUtils.java:logGet(43)) - raft.server.log.queue.element-limit = 1024 (custom)
2019-08-20 14:03:16,940 INFO  server.RaftServerConfigKeys (ConfUtils.java:logGet(43)) - raft.server.log.segment.size.max = 1048576 (custom)
2019-08-20 14:03:16,940 INFO  server.RaftServerConfigKeys (ConfUtils.java:logGet(43)) - raft.server.log.preallocated.size = 16384 (custom)
2019-08-20 14:03:16,940 INFO  server.RaftServerConfigKeys (ConfUtils.java:logGet(43)) - raft.server.log.write.buffer.size = 33554432 (custom)
2019-08-20 14:03:16,941 INFO  server.RaftServerConfigKeys (ConfUtils.java:logGet(43)) - raft.server.log.force.sync.num = 128 (default)
2019-08-20 14:03:16,941 INFO  server.RaftServerConfigKeys (ConfUtils.java:logGet(43)) - raft.server.log.statemachine.data.sync = true (default)
2019-08-20 14:03:16,941 INFO  server.RaftServerConfigKeys (ConfUtils.java:logGet(43)) - raft.server.log.statemachine.data.sync.timeout = 10s (default)
2019-08-20 14:03:16,941 INFO  server.RaftServerConfigKeys (ConfUtils.java:logGet(43)) - raft.server.log.statemachine.data.sync.timeout.retry = -1 (default)
2019-08-20 14:03:16,942 INFO  server.RaftServerConfigKeys (ConfUtils.java:logGet(43)) - raft.server.log.statemachine.data.caching.enabled = true (custom)
2019-08-20 14:03:16,942 INFO  segmented.SegmentedRaftLogWorker (SegmentedRaftLogWorker.java:lambda$new$0(132)) - 38221ef5-4b6d-4f4b-abde-abccf4438b27-SegmentedRaftLogWorker:Storage Directory /workdir/hadoop-ozone/integration-test/target/test-dir/MiniOzoneClusterImpl-a5093427-9167-43d9-94b9-19b4565cf696/datanode-0/data/ratis/99fa317d-d9bc-4c58-816d-a3c7ec746934: flushIndex: setUnconditionally 0 -> -1
2019-08-20 14:03:16,943 INFO  server.RaftServerConfigKeys (ConfUtils.java:logGet(43)) - raft.server.snapshot.auto.trigger.enabled = true (custom)
2019-08-20 14:03:16,943 INFO  server.RaftServerConfigKeys (ConfUtils.java:logGet(43)) - raft.server.snapshot.auto.trigger.threshold = 10000 (custom)
2019-08-20 14:03:16,943 INFO  server.RaftServerConfigKeys (ConfUtils.java:logGet(43)) - raft.server.retrycache.expirytime = 600000ms (custom)
2019-08-20 14:03:16,943 INFO  impl.RaftServerImpl (RaftServerImpl.java:start(180)) - 38221ef5-4b6d-4f4b-abde-abccf4438b27: start group-A3C7EC746934
2019-08-20 14:03:16,944 INFO  impl.RaftServerImpl (RaftServerImpl.java:setRole(171)) - 38221ef5-4b6d-4f4b-abde-abccf4438b27:group-A3C7EC746934 changes role from null to FOLLOWER at term 0 for startAsFollower
2019-08-20 14:03:16,944 INFO  impl.RoleInfo (RoleInfo.java:updateAndGet(143)) - 38221ef5-4b6d-4f4b-abde-abccf4438b27: start FollowerState
2019-08-20 14:03:16,944 INFO  util.JmxRegister (JmxRegister.java:tryRegister(44)) - Successfully registered JMX Bean with object name Ratis:service=RaftServer,group=group-A3C7EC746934,id=38221ef5-4b6d-4f4b-abde-abccf4438b27
2019-08-20 14:03:16,953 INFO  pipeline.PipelineStateManager (PipelineStateManager.java:addPipeline(56)) - Created pipeline Pipeline[ Id: 99fa317d-d9bc-4c58-816d-a3c7ec746934, Nodes: 38221ef5-4b6d-4f4b-abde-abccf4438b27{ip: 192.168.157.221, host: pr-hdds-1881-nhl7g-263231641, networkLocation: /default-rack, certSerialId: null}, Type:RATIS, Factor:ONE, State:OPEN]
2019-08-20 14:03:17,094 INFO  net.NetworkTopology (NetworkTopologyImpl.java:add(110)) - Added a new node: /default-rack/44a8054b-acc3-4d83-a55b-30f3f259d19d
2019-08-20 14:03:17,095 INFO  node.SCMNodeManager (SCMNodeManager.java:register(273)) - Registered Data node : 44a8054b-acc3-4d83-a55b-30f3f259d19d{ip: 192.168.157.221, host: pr-hdds-1881-nhl7g-263231641, networkLocation: /default-rack, certSerialId: null}
2019-08-20 14:03:17,108 INFO  impl.RaftServerProxy (RaftServerProxy.java:addNew(89)) - 44a8054b-acc3-4d83-a55b-30f3f259d19d: addNew group-F8E860B63721:[44a8054b-acc3-4d83-a55b-30f3f259d19d:192.168.157.221:35929] returns group-F8E860B63721:java.util.concurrent.CompletableFuture@59a12e90[Not completed]
2019-08-20 14:03:17,111 INFO  impl.RaftServerImpl (RaftServerImpl.java:<init>(93)) - 44a8054b-acc3-4d83-a55b-30f3f259d19d: new RaftServerImpl for group-F8E860B63721:[44a8054b-acc3-4d83-a55b-30f3f259d19d:192.168.157.221:35929] with ContainerStateMachine:uninitialized
2019-08-20 14:03:17,111 INFO  server.RaftServerConfigKeys (ConfUtils.java:logGet(43)) - raft.server.rpc.timeout.min = 5s (custom)
2019-08-20 14:03:17,112 INFO  server.RaftServerConfigKeys (ConfUtils.java:logGet(43)) - raft.server.rpc.timeout.max = 5200ms (custom)
2019-08-20 14:03:17,112 INFO  server.RaftServerConfigKeys (ConfUtils.java:logGet(43)) - raft.server.rpcslowness.timeout = 120s (custom)
2019-08-20 14:03:17,112 INFO  server.RaftServerConfigKeys (ConfUtils.java:logGet(43)) - raft.server.sleep.deviation.threshold = 300 (default)
2019-08-20 14:03:17,112 INFO  server.RaftServerConfigKeys (ConfUtils.java:logGet(43)) - raft.server.log.appender.install.snapshot.enabled = false (custom)
2019-08-20 14:03:17,112 INFO  impl.RaftServerImpl (ServerState.java:<init>(105)) - 44a8054b-acc3-4d83-a55b-30f3f259d19d:group-F8E860B63721 ConfigurationManager, init=-1: [44a8054b-acc3-4d83-a55b-30f3f259d19d:192.168.157.221:35929], old=null, confs=<EMPTY_MAP>
2019-08-20 14:03:17,113 INFO  server.RaftServerConfigKeys (ConfUtils.java:logGet(43)) - raft.server.storage.dir = [/workdir/hadoop-ozone/integration-test/target/test-dir/MiniOzoneClusterImpl-a5093427-9167-43d9-94b9-19b4565cf696/datanode-1/data/ratis] (custom)
2019-08-20 14:03:17,113 INFO  storage.RaftStorageDirectory (RaftStorageDirectory.java:analyzeStorage(246)) - The storage directory /workdir/hadoop-ozone/integration-test/target/test-dir/MiniOzoneClusterImpl-a5093427-9167-43d9-94b9-19b4565cf696/datanode-1/data/ratis/99d75ece-f1ba-4cae-b32a-f8e860b63721 does not exist. Creating ...
2019-08-20 14:03:17,148 INFO  storage.RaftStorageDirectory (RaftStorageDirectory.java:tryLock(328)) - Lock on /workdir/hadoop-ozone/integration-test/target/test-dir/MiniOzoneClusterImpl-a5093427-9167-43d9-94b9-19b4565cf696/datanode-1/data/ratis/99d75ece-f1ba-4cae-b32a-f8e860b63721/in_use.lock acquired by nodename 6769@pr-hdds-1881-nhl7g-263231641
2019-08-20 14:03:17,161 INFO  storage.RaftStorage (RaftStorage.java:format(72)) - Storage directory /workdir/hadoop-ozone/integration-test/target/test-dir/MiniOzoneClusterImpl-a5093427-9167-43d9-94b9-19b4565cf696/datanode-1/data/ratis/99d75ece-f1ba-4cae-b32a-f8e860b63721 has been successfully formatted.
2019-08-20 14:03:17,162 INFO  ratis.ContainerStateMachine (ContainerStateMachine.java:loadSnapshot(213)) - group-F8E860B63721: The snapshot info is null. Setting the last applied indexto:(t:0, i:~)
2019-08-20 14:03:17,162 INFO  server.RaftServerConfigKeys (ConfUtils.java:logGet(43)) - raft.server.leader.election.timeout = 120s (custom)
2019-08-20 14:03:17,162 INFO  server.RaftServerConfigKeys (ConfUtils.java:logGet(43)) - raft.server.log.use.memory = false (default)
2019-08-20 14:03:17,163 INFO  server.RaftServerConfigKeys (ConfUtils.java:logGet(43)) - raft.server.log.purge.gap = 1000000000 (custom)
2019-08-20 14:03:17,163 INFO  server.RaftServerConfigKeys (ConfUtils.java:logGet(43)) - raft.server.log.appender.buffer.byte-limit = 33554432 (custom)
2019-08-20 14:03:17,163 INFO  server.RaftServerConfigKeys (ConfUtils.java:logGet(43)) - raft.server.log.segment.size.max = 1048576 (custom)
2019-08-20 14:03:17,163 INFO  server.RaftServerConfigKeys (ConfUtils.java:logGet(43)) - raft.server.log.segment.cache.num.max = 2 (custom)
2019-08-20 14:03:17,163 INFO  segmented.SegmentedRaftLogWorker (SegmentedRaftLogWorker.java:<init>(172)) - new 44a8054b-acc3-4d83-a55b-30f3f259d19d-SegmentedRaftLogWorker:Storage Directory /workdir/hadoop-ozone/integration-test/target/test-dir/MiniOzoneClusterImpl-a5093427-9167-43d9-94b9-19b4565cf696/datanode-1/data/ratis/99d75ece-f1ba-4cae-b32a-f8e860b63721 for RaftStorage:Storage Directory /workdir/hadoop-ozone/integration-test/target/test-dir/MiniOzoneClusterImpl-a5093427-9167-43d9-94b9-19b4565cf696/datanode-1/data/ratis/99d75ece-f1ba-4cae-b32a-f8e860b63721
2019-08-20 14:03:17,164 INFO  server.RaftServerConfigKeys (ConfUtils.java:logGet(43)) - raft.server.log.queue.byte-limit = 2147483647 (custom)
2019-08-20 14:03:17,164 INFO  server.RaftServerConfigKeys (ConfUtils.java:logGet(43)) - raft.server.log.queue.element-limit = 1024 (custom)
2019-08-20 14:03:17,164 INFO  server.RaftServerConfigKeys (ConfUtils.java:logGet(43)) - raft.server.log.segment.size.max = 1048576 (custom)
2019-08-20 14:03:17,164 INFO  server.RaftServerConfigKeys (ConfUtils.java:logGet(43)) - raft.server.log.preallocated.size = 16384 (custom)
2019-08-20 14:03:17,165 INFO  server.RaftServerConfigKeys (ConfUtils.java:logGet(43)) - raft.server.log.write.buffer.size = 33554432 (custom)
2019-08-20 14:03:17,165 INFO  server.RaftServerConfigKeys (ConfUtils.java:logGet(43)) - raft.server.log.force.sync.num = 128 (default)
2019-08-20 14:03:17,165 INFO  server.RaftServerConfigKeys (ConfUtils.java:logGet(43)) - raft.server.log.statemachine.data.sync = true (default)
2019-08-20 14:03:17,165 INFO  server.RaftServerConfigKeys (ConfUtils.java:logGet(43)) - raft.server.log.statemachine.data.sync.timeout = 10s (default)
2019-08-20 14:03:17,165 INFO  server.RaftServerConfigKeys (ConfUtils.java:logGet(43)) - raft.server.log.statemachine.data.sync.timeout.retry = -1 (default)
2019-08-20 14:03:17,166 INFO  server.RaftServerConfigKeys (ConfUtils.java:logGet(43)) - raft.server.log.statemachine.data.caching.enabled = true (custom)
2019-08-20 14:03:17,166 INFO  segmented.SegmentedRaftLogWorker (SegmentedRaftLogWorker.java:lambda$new$0(132)) - 44a8054b-acc3-4d83-a55b-30f3f259d19d-SegmentedRaftLogWorker:Storage Directory /workdir/hadoop-ozone/integration-test/target/test-dir/MiniOzoneClusterImpl-a5093427-9167-43d9-94b9-19b4565cf696/datanode-1/data/ratis/99d75ece-f1ba-4cae-b32a-f8e860b63721: flushIndex: setUnconditionally 0 -> -1
2019-08-20 14:03:17,167 INFO  server.RaftServerConfigKeys (ConfUtils.java:logGet(43)) - raft.server.snapshot.auto.trigger.enabled = true (custom)
2019-08-20 14:03:17,167 INFO  server.RaftServerConfigKeys (ConfUtils.java:logGet(43)) - raft.server.snapshot.auto.trigger.threshold = 10000 (custom)
2019-08-20 14:03:17,167 INFO  server.RaftServerConfigKeys (ConfUtils.java:logGet(43)) - raft.server.retrycache.expirytime = 600000ms (custom)
2019-08-20 14:03:17,167 INFO  impl.RaftServerImpl (RaftServerImpl.java:start(180)) - 44a8054b-acc3-4d83-a55b-30f3f259d19d: start group-F8E860B63721
2019-08-20 14:03:17,168 INFO  impl.RaftServerImpl (RaftServerImpl.java:setRole(171)) - 44a8054b-acc3-4d83-a55b-30f3f259d19d:group-F8E860B63721 changes role from null to FOLLOWER at term 0 for startAsFollower
2019-08-20 14:03:17,168 INFO  impl.RoleInfo (RoleInfo.java:updateAndGet(143)) - 44a8054b-acc3-4d83-a55b-30f3f259d19d: start FollowerState
2019-08-20 14:03:17,173 INFO  util.JmxRegister (JmxRegister.java:tryRegister(44)) - Successfully registered JMX Bean with object name Ratis:service=RaftServer,group=group-F8E860B63721,id=44a8054b-acc3-4d83-a55b-30f3f259d19d
2019-08-20 14:03:17,182 INFO  pipeline.PipelineStateManager (PipelineStateManager.java:addPipeline(56)) - Created pipeline Pipeline[ Id: 99d75ece-f1ba-4cae-b32a-f8e860b63721, Nodes: 44a8054b-acc3-4d83-a55b-30f3f259d19d{ip: 192.168.157.221, host: pr-hdds-1881-nhl7g-263231641, networkLocation: /default-rack, certSerialId: null}, Type:RATIS, Factor:ONE, State:OPEN]
2019-08-20 14:03:17,328 INFO  ozone.MiniOzoneClusterImpl (MiniOzoneClusterImpl.java:lambda$waitForClusterToBeReady$0(142)) - Waiting for cluster to be ready. Got 2 of 3 DN Heartbeats.
2019-08-20 14:03:17,329 INFO  net.NetworkTopology (NetworkTopologyImpl.java:add(110)) - Added a new node: /default-rack/94514a72-c6de-4ebd-97fe-2a2c4a5db496
2019-08-20 14:03:17,330 INFO  node.SCMNodeManager (SCMNodeManager.java:register(273)) - Registered Data node : 94514a72-c6de-4ebd-97fe-2a2c4a5db496{ip: 192.168.157.221, host: pr-hdds-1881-nhl7g-263231641, networkLocation: /default-rack, certSerialId: null}
2019-08-20 14:03:17,342 INFO  impl.RaftServerProxy (RaftServerProxy.java:addNew(89)) - 94514a72-c6de-4ebd-97fe-2a2c4a5db496: addNew group-7DEDFD9F574E:[94514a72-c6de-4ebd-97fe-2a2c4a5db496:192.168.157.221:39507] returns group-7DEDFD9F574E:java.util.concurrent.CompletableFuture@1220780b[Not completed]
2019-08-20 14:03:17,344 INFO  impl.RaftServerImpl (RaftServerImpl.java:<init>(93)) - 94514a72-c6de-4ebd-97fe-2a2c4a5db496: new RaftServerImpl for group-7DEDFD9F574E:[94514a72-c6de-4ebd-97fe-2a2c4a5db496:192.168.157.221:39507] with ContainerStateMachine:uninitialized
2019-08-20 14:03:17,345 INFO  server.RaftServerConfigKeys (ConfUtils.java:logGet(43)) - raft.server.rpc.timeout.min = 5s (custom)
2019-08-20 14:03:17,345 INFO  server.RaftServerConfigKeys (ConfUtils.java:logGet(43)) - raft.server.rpc.timeout.max = 5200ms (custom)
2019-08-20 14:03:17,345 INFO  server.RaftServerConfigKeys (ConfUtils.java:logGet(43)) - raft.server.rpcslowness.timeout = 120s (custom)
2019-08-20 14:03:17,345 INFO  server.RaftServerConfigKeys (ConfUtils.java:logGet(43)) - raft.server.sleep.deviation.threshold = 300 (default)
2019-08-20 14:03:17,345 INFO  server.RaftServerConfigKeys (ConfUtils.java:logGet(43)) - raft.server.log.appender.install.snapshot.enabled = false (custom)
2019-08-20 14:03:17,346 INFO  impl.RaftServerImpl (ServerState.java:<init>(105)) - 94514a72-c6de-4ebd-97fe-2a2c4a5db496:group-7DEDFD9F574E ConfigurationManager, init=-1: [94514a72-c6de-4ebd-97fe-2a2c4a5db496:192.168.157.221:39507], old=null, confs=<EMPTY_MAP>
2019-08-20 14:03:17,346 INFO  server.RaftServerConfigKeys (ConfUtils.java:logGet(43)) - raft.server.storage.dir = [/workdir/hadoop-ozone/integration-test/target/test-dir/MiniOzoneClusterImpl-a5093427-9167-43d9-94b9-19b4565cf696/datanode-2/data/ratis] (custom)
2019-08-20 14:03:17,346 INFO  storage.RaftStorageDirectory (RaftStorageDirectory.java:analyzeStorage(246)) - The storage directory /workdir/hadoop-ozone/integration-test/target/test-dir/MiniOzoneClusterImpl-a5093427-9167-43d9-94b9-19b4565cf696/datanode-2/data/ratis/a2f366ed-0b70-4dbf-a5a5-7dedfd9f574e does not exist. Creating ...
2019-08-20 14:03:17,359 INFO  storage.RaftStorageDirectory (RaftStorageDirectory.java:tryLock(328)) - Lock on /workdir/hadoop-ozone/integration-test/target/test-dir/MiniOzoneClusterImpl-a5093427-9167-43d9-94b9-19b4565cf696/datanode-2/data/ratis/a2f366ed-0b70-4dbf-a5a5-7dedfd9f574e/in_use.lock acquired by nodename 6769@pr-hdds-1881-nhl7g-263231641
2019-08-20 14:03:17,373 INFO  storage.RaftStorage (RaftStorage.java:format(72)) - Storage directory /workdir/hadoop-ozone/integration-test/target/test-dir/MiniOzoneClusterImpl-a5093427-9167-43d9-94b9-19b4565cf696/datanode-2/data/ratis/a2f366ed-0b70-4dbf-a5a5-7dedfd9f574e has been successfully formatted.
2019-08-20 14:03:17,373 INFO  ratis.ContainerStateMachine (ContainerStateMachine.java:loadSnapshot(213)) - group-7DEDFD9F574E: The snapshot info is null. Setting the last applied indexto:(t:0, i:~)
2019-08-20 14:03:17,373 INFO  server.RaftServerConfigKeys (ConfUtils.java:logGet(43)) - raft.server.leader.election.timeout = 120s (custom)
2019-08-20 14:03:17,373 INFO  server.RaftServerConfigKeys (ConfUtils.java:logGet(43)) - raft.server.log.use.memory = false (default)
2019-08-20 14:03:17,373 INFO  server.RaftServerConfigKeys (ConfUtils.java:logGet(43)) - raft.server.log.purge.gap = 1000000000 (custom)
2019-08-20 14:03:17,374 INFO  server.RaftServerConfigKeys (ConfUtils.java:logGet(43)) - raft.server.log.appender.buffer.byte-limit = 33554432 (custom)
2019-08-20 14:03:17,374 INFO  server.RaftServerConfigKeys (ConfUtils.java:logGet(43)) - raft.server.log.segment.size.max = 1048576 (custom)
2019-08-20 14:03:17,374 INFO  server.RaftServerConfigKeys (ConfUtils.java:logGet(43)) - raft.server.log.segment.cache.num.max = 2 (custom)
2019-08-20 14:03:17,374 INFO  segmented.SegmentedRaftLogWorker (SegmentedRaftLogWorker.java:<init>(172)) - new 94514a72-c6de-4ebd-97fe-2a2c4a5db496-SegmentedRaftLogWorker:Storage Directory /workdir/hadoop-ozone/integration-test/target/test-dir/MiniOzoneClusterImpl-a5093427-9167-43d9-94b9-19b4565cf696/datanode-2/data/ratis/a2f366ed-0b70-4dbf-a5a5-7dedfd9f574e for RaftStorage:Storage Directory /workdir/hadoop-ozone/integration-test/target/test-dir/MiniOzoneClusterImpl-a5093427-9167-43d9-94b9-19b4565cf696/datanode-2/data/ratis/a2f366ed-0b70-4dbf-a5a5-7dedfd9f574e
2019-08-20 14:03:17,374 INFO  server.RaftServerConfigKeys (ConfUtils.java:logGet(43)) - raft.server.log.queue.byte-limit = 2147483647 (custom)
2019-08-20 14:03:17,375 INFO  server.RaftServerConfigKeys (ConfUtils.java:logGet(43)) - raft.server.log.queue.element-limit = 1024 (custom)
2019-08-20 14:03:17,375 INFO  server.RaftServerConfigKeys (ConfUtils.java:logGet(43)) - raft.server.log.segment.size.max = 1048576 (custom)
2019-08-20 14:03:17,375 INFO  server.RaftServerConfigKeys (ConfUtils.java:logGet(43)) - raft.server.log.preallocated.size = 16384 (custom)
2019-08-20 14:03:17,375 INFO  server.RaftServerConfigKeys (ConfUtils.java:logGet(43)) - raft.server.log.write.buffer.size = 33554432 (custom)
2019-08-20 14:03:17,375 INFO  server.RaftServerConfigKeys (ConfUtils.java:logGet(43)) - raft.server.log.force.sync.num = 128 (default)
2019-08-20 14:03:17,376 INFO  server.RaftServerConfigKeys (ConfUtils.java:logGet(43)) - raft.server.log.statemachine.data.sync = true (default)
2019-08-20 14:03:17,376 INFO  server.RaftServerConfigKeys (ConfUtils.java:logGet(43)) - raft.server.log.statemachine.data.sync.timeout = 10s (default)
2019-08-20 14:03:17,376 INFO  server.RaftServerConfigKeys (ConfUtils.java:logGet(43)) - raft.server.log.statemachine.data.sync.timeout.retry = -1 (default)
2019-08-20 14:03:17,376 INFO  server.RaftServerConfigKeys (ConfUtils.java:logGet(43)) - raft.server.log.statemachine.data.caching.enabled = true (custom)
2019-08-20 14:03:17,377 INFO  segmented.SegmentedRaftLogWorker (SegmentedRaftLogWorker.java:lambda$new$0(132)) - 94514a72-c6de-4ebd-97fe-2a2c4a5db496-SegmentedRaftLogWorker:Storage Directory /workdir/hadoop-ozone/integration-test/target/test-dir/MiniOzoneClusterImpl-a5093427-9167-43d9-94b9-19b4565cf696/datanode-2/data/ratis/a2f366ed-0b70-4dbf-a5a5-7dedfd9f574e: flushIndex: setUnconditionally 0 -> -1
2019-08-20 14:03:17,377 INFO  server.RaftServerConfigKeys (ConfUtils.java:logGet(43)) - raft.server.snapshot.auto.trigger.enabled = true (custom)
2019-08-20 14:03:17,377 INFO  server.RaftServerConfigKeys (ConfUtils.java:logGet(43)) - raft.server.snapshot.auto.trigger.threshold = 10000 (custom)
2019-08-20 14:03:17,378 INFO  server.RaftServerConfigKeys (ConfUtils.java:logGet(43)) - raft.server.retrycache.expirytime = 600000ms (custom)
2019-08-20 14:03:17,378 INFO  impl.RaftServerImpl (RaftServerImpl.java:start(180)) - 94514a72-c6de-4ebd-97fe-2a2c4a5db496: start group-7DEDFD9F574E
2019-08-20 14:03:17,378 INFO  impl.RaftServerImpl (RaftServerImpl.java:setRole(171)) - 94514a72-c6de-4ebd-97fe-2a2c4a5db496:group-7DEDFD9F574E changes role from null to FOLLOWER at term 0 for startAsFollower
2019-08-20 14:03:17,378 INFO  impl.RoleInfo (RoleInfo.java:updateAndGet(143)) - 94514a72-c6de-4ebd-97fe-2a2c4a5db496: start FollowerState
2019-08-20 14:03:17,379 INFO  util.JmxRegister (JmxRegister.java:tryRegister(44)) - Successfully registered JMX Bean with object name Ratis:service=RaftServer,group=group-7DEDFD9F574E,id=94514a72-c6de-4ebd-97fe-2a2c4a5db496
2019-08-20 14:03:17,384 INFO  pipeline.PipelineStateManager (PipelineStateManager.java:addPipeline(56)) - Created pipeline Pipeline[ Id: a2f366ed-0b70-4dbf-a5a5-7dedfd9f574e, Nodes: 94514a72-c6de-4ebd-97fe-2a2c4a5db496{ip: 192.168.157.221, host: pr-hdds-1881-nhl7g-263231641, networkLocation: /default-rack, certSerialId: null}, Type:RATIS, Factor:ONE, State:OPEN]
2019-08-20 14:03:17,412 INFO  impl.RaftServerProxy (RaftServerProxy.java:addNew(89)) - 94514a72-c6de-4ebd-97fe-2a2c4a5db496: addNew group-779C78602A24:[44a8054b-acc3-4d83-a55b-30f3f259d19d:192.168.157.221:35929, 38221ef5-4b6d-4f4b-abde-abccf4438b27:192.168.157.221:42932, 94514a72-c6de-4ebd-97fe-2a2c4a5db496:192.168.157.221:39507] returns group-779C78602A24:java.util.concurrent.CompletableFuture@303a3564[Not completed]
2019-08-20 14:03:17,415 INFO  impl.RaftServerProxy (RaftServerProxy.java:addNew(89)) - 44a8054b-acc3-4d83-a55b-30f3f259d19d: addNew group-779C78602A24:[44a8054b-acc3-4d83-a55b-30f3f259d19d:192.168.157.221:35929, 38221ef5-4b6d-4f4b-abde-abccf4438b27:192.168.157.221:42932, 94514a72-c6de-4ebd-97fe-2a2c4a5db496:192.168.157.221:39507] returns group-779C78602A24:java.util.concurrent.CompletableFuture@7538bd07[Not completed]
2019-08-20 14:03:17,416 INFO  impl.RaftServerProxy (RaftServerProxy.java:addNew(89)) - 38221ef5-4b6d-4f4b-abde-abccf4438b27: addNew group-779C78602A24:[44a8054b-acc3-4d83-a55b-30f3f259d19d:192.168.157.221:35929, 38221ef5-4b6d-4f4b-abde-abccf4438b27:192.168.157.221:42932, 94514a72-c6de-4ebd-97fe-2a2c4a5db496:192.168.157.221:39507] returns group-779C78602A24:java.util.concurrent.CompletableFuture@7ff2617b[Not completed]
2019-08-20 14:03:17,416 INFO  impl.RaftServerImpl (RaftServerImpl.java:<init>(93)) - 94514a72-c6de-4ebd-97fe-2a2c4a5db496: new RaftServerImpl for group-779C78602A24:[44a8054b-acc3-4d83-a55b-30f3f259d19d:192.168.157.221:35929, 38221ef5-4b6d-4f4b-abde-abccf4438b27:192.168.157.221:42932, 94514a72-c6de-4ebd-97fe-2a2c4a5db496:192.168.157.221:39507] with ContainerStateMachine:uninitialized
2019-08-20 14:03:17,417 INFO  server.RaftServerConfigKeys (ConfUtils.java:logGet(43)) - raft.server.rpc.timeout.min = 5s (custom)
2019-08-20 14:03:17,417 INFO  server.RaftServerConfigKeys (ConfUtils.java:logGet(43)) - raft.server.rpc.timeout.max = 5200ms (custom)
2019-08-20 14:03:17,417 INFO  server.RaftServerConfigKeys (ConfUtils.java:logGet(43)) - raft.server.rpcslowness.timeout = 120s (custom)
2019-08-20 14:03:17,417 INFO  server.RaftServerConfigKeys (ConfUtils.java:logGet(43)) - raft.server.sleep.deviation.threshold = 300 (default)
2019-08-20 14:03:17,417 INFO  server.RaftServerConfigKeys (ConfUtils.java:logGet(43)) - raft.server.log.appender.install.snapshot.enabled = false (custom)
2019-08-20 14:03:17,417 INFO  impl.RaftServerImpl (ServerState.java:<init>(105)) - 94514a72-c6de-4ebd-97fe-2a2c4a5db496:group-779C78602A24 ConfigurationManager, init=-1: [44a8054b-acc3-4d83-a55b-30f3f259d19d:192.168.157.221:35929, 38221ef5-4b6d-4f4b-abde-abccf4438b27:192.168.157.221:42932, 94514a72-c6de-4ebd-97fe-2a2c4a5db496:192.168.157.221:39507], old=null, confs=<EMPTY_MAP>
2019-08-20 14:03:17,418 INFO  server.RaftServerConfigKeys (ConfUtils.java:logGet(43)) - raft.server.storage.dir = [/workdir/hadoop-ozone/integration-test/target/test-dir/MiniOzoneClusterImpl-a5093427-9167-43d9-94b9-19b4565cf696/datanode-2/data/ratis] (custom)
2019-08-20 14:03:17,418 INFO  impl.RaftServerImpl (RaftServerImpl.java:<init>(93)) - 44a8054b-acc3-4d83-a55b-30f3f259d19d: new RaftServerImpl for group-779C78602A24:[44a8054b-acc3-4d83-a55b-30f3f259d19d:192.168.157.221:35929, 38221ef5-4b6d-4f4b-abde-abccf4438b27:192.168.157.221:42932, 94514a72-c6de-4ebd-97fe-2a2c4a5db496:192.168.157.221:39507] with ContainerStateMachine:uninitialized
2019-08-20 14:03:17,418 INFO  storage.RaftStorageDirectory (RaftStorageDirectory.java:analyzeStorage(246)) - The storage directory /workdir/hadoop-ozone/integration-test/target/test-dir/MiniOzoneClusterImpl-a5093427-9167-43d9-94b9-19b4565cf696/datanode-2/data/ratis/ac29457e-09c2-454e-b9f5-779c78602a24 does not exist. Creating ...
2019-08-20 14:03:17,418 INFO  server.RaftServerConfigKeys (ConfUtils.java:logGet(43)) - raft.server.rpc.timeout.min = 5s (custom)
2019-08-20 14:03:17,419 INFO  server.RaftServerConfigKeys (ConfUtils.java:logGet(43)) - raft.server.rpc.timeout.max = 5200ms (custom)
2019-08-20 14:03:17,419 INFO  server.RaftServerConfigKeys (ConfUtils.java:logGet(43)) - raft.server.rpcslowness.timeout = 120s (custom)
2019-08-20 14:03:17,419 INFO  server.RaftServerConfigKeys (ConfUtils.java:logGet(43)) - raft.server.sleep.deviation.threshold = 300 (default)
2019-08-20 14:03:17,419 INFO  server.RaftServerConfigKeys (ConfUtils.java:logGet(43)) - raft.server.log.appender.install.snapshot.enabled = false (custom)
2019-08-20 14:03:17,419 INFO  impl.RaftServerImpl (ServerState.java:<init>(105)) - 44a8054b-acc3-4d83-a55b-30f3f259d19d:group-779C78602A24 ConfigurationManager, init=-1: [44a8054b-acc3-4d83-a55b-30f3f259d19d:192.168.157.221:35929, 38221ef5-4b6d-4f4b-abde-abccf4438b27:192.168.157.221:42932, 94514a72-c6de-4ebd-97fe-2a2c4a5db496:192.168.157.221:39507], old=null, confs=<EMPTY_MAP>
2019-08-20 14:03:17,419 INFO  impl.RaftServerImpl (RaftServerImpl.java:<init>(93)) - 38221ef5-4b6d-4f4b-abde-abccf4438b27: new RaftServerImpl for group-779C78602A24:[44a8054b-acc3-4d83-a55b-30f3f259d19d:192.168.157.221:35929, 38221ef5-4b6d-4f4b-abde-abccf4438b27:192.168.157.221:42932, 94514a72-c6de-4ebd-97fe-2a2c4a5db496:192.168.157.221:39507] with ContainerStateMachine:uninitialized
2019-08-20 14:03:17,420 INFO  server.RaftServerConfigKeys (ConfUtils.java:logGet(43)) - raft.server.storage.dir = [/workdir/hadoop-ozone/integration-test/target/test-dir/MiniOzoneClusterImpl-a5093427-9167-43d9-94b9-19b4565cf696/datanode-1/data/ratis] (custom)
2019-08-20 14:03:17,420 INFO  server.RaftServerConfigKeys (ConfUtils.java:logGet(43)) - raft.server.rpc.timeout.min = 5s (custom)
2019-08-20 14:03:17,420 INFO  server.RaftServerConfigKeys (ConfUtils.java:logGet(43)) - raft.server.rpc.timeout.max = 5200ms (custom)
2019-08-20 14:03:17,420 INFO  storage.RaftStorageDirectory (RaftStorageDirectory.java:analyzeStorage(246)) - The storage directory /workdir/hadoop-ozone/integration-test/target/test-dir/MiniOzoneClusterImpl-a5093427-9167-43d9-94b9-19b4565cf696/datanode-1/data/ratis/ac29457e-09c2-454e-b9f5-779c78602a24 does not exist. Creating ...
2019-08-20 14:03:17,420 INFO  server.RaftServerConfigKeys (ConfUtils.java:logGet(43)) - raft.server.rpcslowness.timeout = 120s (custom)
2019-08-20 14:03:17,421 INFO  server.RaftServerConfigKeys (ConfUtils.java:logGet(43)) - raft.server.sleep.deviation.threshold = 300 (default)
2019-08-20 14:03:17,421 INFO  server.RaftServerConfigKeys (ConfUtils.java:logGet(43)) - raft.server.log.appender.install.snapshot.enabled = false (custom)
2019-08-20 14:03:17,421 INFO  impl.RaftServerImpl (ServerState.java:<init>(105)) - 38221ef5-4b6d-4f4b-abde-abccf4438b27:group-779C78602A24 ConfigurationManager, init=-1: [44a8054b-acc3-4d83-a55b-30f3f259d19d:192.168.157.221:35929, 38221ef5-4b6d-4f4b-abde-abccf4438b27:192.168.157.221:42932, 94514a72-c6de-4ebd-97fe-2a2c4a5db496:192.168.157.221:39507], old=null, confs=<EMPTY_MAP>
2019-08-20 14:03:17,421 INFO  server.RaftServerConfigKeys (ConfUtils.java:logGet(43)) - raft.server.storage.dir = [/workdir/hadoop-ozone/integration-test/target/test-dir/MiniOzoneClusterImpl-a5093427-9167-43d9-94b9-19b4565cf696/datanode-0/data/ratis] (custom)
2019-08-20 14:03:17,422 INFO  storage.RaftStorageDirectory (RaftStorageDirectory.java:analyzeStorage(246)) - The storage directory /workdir/hadoop-ozone/integration-test/target/test-dir/MiniOzoneClusterImpl-a5093427-9167-43d9-94b9-19b4565cf696/datanode-0/data/ratis/ac29457e-09c2-454e-b9f5-779c78602a24 does not exist. Creating ...
2019-08-20 14:03:17,446 INFO  storage.RaftStorageDirectory (RaftStorageDirectory.java:tryLock(328)) - Lock on /workdir/hadoop-ozone/integration-test/target/test-dir/MiniOzoneClusterImpl-a5093427-9167-43d9-94b9-19b4565cf696/datanode-0/data/ratis/ac29457e-09c2-454e-b9f5-779c78602a24/in_use.lock acquired by nodename 6769@pr-hdds-1881-nhl7g-263231641
2019-08-20 14:03:17,446 INFO  storage.RaftStorageDirectory (RaftStorageDirectory.java:tryLock(328)) - Lock on /workdir/hadoop-ozone/integration-test/target/test-dir/MiniOzoneClusterImpl-a5093427-9167-43d9-94b9-19b4565cf696/datanode-2/data/ratis/ac29457e-09c2-454e-b9f5-779c78602a24/in_use.lock acquired by nodename 6769@pr-hdds-1881-nhl7g-263231641
2019-08-20 14:03:17,446 INFO  storage.RaftStorageDirectory (RaftStorageDirectory.java:tryLock(328)) - Lock on /workdir/hadoop-ozone/integration-test/target/test-dir/MiniOzoneClusterImpl-a5093427-9167-43d9-94b9-19b4565cf696/datanode-1/data/ratis/ac29457e-09c2-454e-b9f5-779c78602a24/in_use.lock acquired by nodename 6769@pr-hdds-1881-nhl7g-263231641
2019-08-20 14:03:17,466 INFO  storage.RaftStorage (RaftStorage.java:format(72)) - Storage directory /workdir/hadoop-ozone/integration-test/target/test-dir/MiniOzoneClusterImpl-a5093427-9167-43d9-94b9-19b4565cf696/datanode-2/data/ratis/ac29457e-09c2-454e-b9f5-779c78602a24 has been successfully formatted.
2019-08-20 14:03:17,466 INFO  storage.RaftStorage (RaftStorage.java:format(72)) - Storage directory /workdir/hadoop-ozone/integration-test/target/test-dir/MiniOzoneClusterImpl-a5093427-9167-43d9-94b9-19b4565cf696/datanode-0/data/ratis/ac29457e-09c2-454e-b9f5-779c78602a24 has been successfully formatted.
2019-08-20 14:03:17,466 INFO  storage.RaftStorage (RaftStorage.java:format(72)) - Storage directory /workdir/hadoop-ozone/integration-test/target/test-dir/MiniOzoneClusterImpl-a5093427-9167-43d9-94b9-19b4565cf696/datanode-1/data/ratis/ac29457e-09c2-454e-b9f5-779c78602a24 has been successfully formatted.
2019-08-20 14:03:17,467 INFO  ratis.ContainerStateMachine (ContainerStateMachine.java:loadSnapshot(213)) - group-779C78602A24: The snapshot info is null. Setting the last applied indexto:(t:0, i:~)
2019-08-20 14:03:17,467 INFO  ratis.ContainerStateMachine (ContainerStateMachine.java:loadSnapshot(213)) - group-779C78602A24: The snapshot info is null. Setting the last applied indexto:(t:0, i:~)
2019-08-20 14:03:17,467 INFO  server.RaftServerConfigKeys (ConfUtils.java:logGet(43)) - raft.server.leader.election.timeout = 120s (custom)
2019-08-20 14:03:17,467 INFO  ratis.ContainerStateMachine (ContainerStateMachine.java:loadSnapshot(213)) - group-779C78602A24: The snapshot info is null. Setting the last applied indexto:(t:0, i:~)
2019-08-20 14:03:17,467 INFO  server.RaftServerConfigKeys (ConfUtils.java:logGet(43)) - raft.server.log.use.memory = false (default)
2019-08-20 14:03:17,467 INFO  server.RaftServerConfigKeys (ConfUtils.java:logGet(43)) - raft.server.leader.election.timeout = 120s (custom)
2019-08-20 14:03:17,468 INFO  server.RaftServerConfigKeys (ConfUtils.java:logGet(43)) - raft.server.log.purge.gap = 1000000000 (custom)
2019-08-20 14:03:17,468 INFO  server.RaftServerConfigKeys (ConfUtils.java:logGet(43)) - raft.server.leader.election.timeout = 120s (custom)
2019-08-20 14:03:17,468 INFO  server.RaftServerConfigKeys (ConfUtils.java:logGet(43)) - raft.server.log.appender.buffer.byte-limit = 33554432 (custom)
2019-08-20 14:03:17,468 INFO  server.RaftServerConfigKeys (ConfUtils.java:logGet(43)) - raft.server.log.use.memory = false (default)
2019-08-20 14:03:17,468 INFO  server.RaftServerConfigKeys (ConfUtils.java:logGet(43)) - raft.server.log.segment.size.max = 1048576 (custom)
2019-08-20 14:03:17,468 INFO  server.RaftServerConfigKeys (ConfUtils.java:logGet(43)) - raft.server.log.use.memory = false (default)
2019-08-20 14:03:17,469 INFO  server.RaftServerConfigKeys (ConfUtils.java:logGet(43)) - raft.server.log.segment.cache.num.max = 2 (custom)
2019-08-20 14:03:17,468 INFO  server.RaftServerConfigKeys (ConfUtils.java:logGet(43)) - raft.server.log.purge.gap = 1000000000 (custom)
2019-08-20 14:03:17,469 INFO  segmented.SegmentedRaftLogWorker (SegmentedRaftLogWorker.java:<init>(172)) - new 38221ef5-4b6d-4f4b-abde-abccf4438b27-SegmentedRaftLogWorker:Storage Directory /workdir/hadoop-ozone/integration-test/target/test-dir/MiniOzoneClusterImpl-a5093427-9167-43d9-94b9-19b4565cf696/datanode-0/data/ratis/ac29457e-09c2-454e-b9f5-779c78602a24 for RaftStorage:Storage Directory /workdir/hadoop-ozone/integration-test/target/test-dir/MiniOzoneClusterImpl-a5093427-9167-43d9-94b9-19b4565cf696/datanode-0/data/ratis/ac29457e-09c2-454e-b9f5-779c78602a24
2019-08-20 14:03:17,469 INFO  server.RaftServerConfigKeys (ConfUtils.java:logGet(43)) - raft.server.log.appender.buffer.byte-limit = 33554432 (custom)
2019-08-20 14:03:17,469 INFO  server.RaftServerConfigKeys (ConfUtils.java:logGet(43)) - raft.server.log.purge.gap = 1000000000 (custom)
2019-08-20 14:03:17,469 INFO  server.RaftServerConfigKeys (ConfUtils.java:logGet(43)) - raft.server.log.segment.size.max = 1048576 (custom)
2019-08-20 14:03:17,469 INFO  server.RaftServerConfigKeys (ConfUtils.java:logGet(43)) - raft.server.log.queue.byte-limit = 2147483647 (custom)
2019-08-20 14:03:17,470 INFO  server.RaftServerConfigKeys (ConfUtils.java:logGet(43)) - raft.server.log.segment.cache.num.max = 2 (custom)
2019-08-20 14:03:17,469 INFO  server.RaftServerConfigKeys (ConfUtils.java:logGet(43)) - raft.server.log.appender.buffer.byte-limit = 33554432 (custom)
2019-08-20 14:03:17,470 INFO  segmented.SegmentedRaftLogWorker (SegmentedRaftLogWorker.java:<init>(172)) - new 94514a72-c6de-4ebd-97fe-2a2c4a5db496-SegmentedRaftLogWorker:Storage Directory /workdir/hadoop-ozone/integration-test/target/test-dir/MiniOzoneClusterImpl-a5093427-9167-43d9-94b9-19b4565cf696/datanode-2/data/ratis/ac29457e-09c2-454e-b9f5-779c78602a24 for RaftStorage:Storage Directory /workdir/hadoop-ozone/integration-test/target/test-dir/MiniOzoneClusterImpl-a5093427-9167-43d9-94b9-19b4565cf696/datanode-2/data/ratis/ac29457e-09c2-454e-b9f5-779c78602a24
2019-08-20 14:03:17,470 INFO  server.RaftServerConfigKeys (ConfUtils.java:logGet(43)) - raft.server.log.queue.element-limit = 1024 (custom)
2019-08-20 14:03:17,470 INFO  server.RaftServerConfigKeys (ConfUtils.java:logGet(43)) - raft.server.log.queue.byte-limit = 2147483647 (custom)
2019-08-20 14:03:17,470 INFO  server.RaftServerConfigKeys (ConfUtils.java:logGet(43)) - raft.server.log.segment.size.max = 1048576 (custom)
2019-08-20 14:03:17,470 INFO  server.RaftServerConfigKeys (ConfUtils.java:logGet(43)) - raft.server.log.queue.element-limit = 1024 (custom)
2019-08-20 14:03:17,470 INFO  server.RaftServerConfigKeys (ConfUtils.java:logGet(43)) - raft.server.log.segment.size.max = 1048576 (custom)
2019-08-20 14:03:17,471 INFO  server.RaftServerConfigKeys (ConfUtils.java:logGet(43)) - raft.server.log.segment.size.max = 1048576 (custom)
2019-08-20 14:03:17,471 INFO  server.RaftServerConfigKeys (ConfUtils.java:logGet(43)) - raft.server.log.segment.cache.num.max = 2 (custom)
2019-08-20 14:03:17,471 INFO  server.RaftServerConfigKeys (ConfUtils.java:logGet(43)) - raft.server.log.preallocated.size = 16384 (custom)
2019-08-20 14:03:17,471 INFO  server.RaftServerConfigKeys (ConfUtils.java:logGet(43)) - raft.server.log.preallocated.size = 16384 (custom)
2019-08-20 14:03:17,471 INFO  server.RaftServerConfigKeys (ConfUtils.java:logGet(43)) - raft.server.log.write.buffer.size = 33554432 (custom)
2019-08-20 14:03:17,471 INFO  segmented.SegmentedRaftLogWorker (SegmentedRaftLogWorker.java:<init>(172)) - new 44a8054b-acc3-4d83-a55b-30f3f259d19d-SegmentedRaftLogWorker:Storage Directory /workdir/hadoop-ozone/integration-test/target/test-dir/MiniOzoneClusterImpl-a5093427-9167-43d9-94b9-19b4565cf696/datanode-1/data/ratis/ac29457e-09c2-454e-b9f5-779c78602a24 for RaftStorage:Storage Directory /workdir/hadoop-ozone/integration-test/target/test-dir/MiniOzoneClusterImpl-a5093427-9167-43d9-94b9-19b4565cf696/datanode-1/data/ratis/ac29457e-09c2-454e-b9f5-779c78602a24
2019-08-20 14:03:17,472 INFO  server.RaftServerConfigKeys (ConfUtils.java:logGet(43)) - raft.server.log.force.sync.num = 128 (default)
2019-08-20 14:03:17,471 INFO  server.RaftServerConfigKeys (ConfUtils.java:logGet(43)) - raft.server.log.write.buffer.size = 33554432 (custom)
2019-08-20 14:03:17,472 INFO  server.RaftServerConfigKeys (ConfUtils.java:logGet(43)) - raft.server.log.statemachine.data.sync = true (default)
2019-08-20 14:03:17,472 INFO  server.RaftServerConfigKeys (ConfUtils.java:logGet(43)) - raft.server.log.queue.byte-limit = 2147483647 (custom)
2019-08-20 14:03:17,472 INFO  server.RaftServerConfigKeys (ConfUtils.java:logGet(43)) - raft.server.log.statemachine.data.sync.timeout = 10s (default)
2019-08-20 14:03:17,472 INFO  server.RaftServerConfigKeys (ConfUtils.java:logGet(43)) - raft.server.log.force.sync.num = 128 (default)
2019-08-20 14:03:17,472 INFO  server.RaftServerConfigKeys (ConfUtils.java:logGet(43)) - raft.server.log.statemachine.data.sync.timeout.retry = -1 (default)
2019-08-20 14:03:17,472 INFO  server.RaftServerConfigKeys (ConfUtils.java:logGet(43)) - raft.server.log.queue.element-limit = 1024 (custom)
2019-08-20 14:03:17,473 INFO  server.RaftServerConfigKeys (ConfUtils.java:logGet(43)) - raft.server.log.statemachine.data.caching.enabled = true (custom)
2019-08-20 14:03:17,473 INFO  server.RaftServerConfigKeys (ConfUtils.java:logGet(43)) - raft.server.log.statemachine.data.sync = true (default)
2019-08-20 14:03:17,473 INFO  server.RaftServerConfigKeys (ConfUtils.java:logGet(43)) - raft.server.log.segment.size.max = 1048576 (custom)
2019-08-20 14:03:17,473 INFO  segmented.SegmentedRaftLogWorker (SegmentedRaftLogWorker.java:lambda$new$0(132)) - 94514a72-c6de-4ebd-97fe-2a2c4a5db496-SegmentedRaftLogWorker:Storage Directory /workdir/hadoop-ozone/integration-test/target/test-dir/MiniOzoneClusterImpl-a5093427-9167-43d9-94b9-19b4565cf696/datanode-2/data/ratis/ac29457e-09c2-454e-b9f5-779c78602a24: flushIndex: setUnconditionally 0 -> -1
2019-08-20 14:03:17,473 INFO  server.RaftServerConfigKeys (ConfUtils.java:logGet(43)) - raft.server.log.statemachine.data.sync.timeout = 10s (default)
2019-08-20 14:03:17,473 INFO  server.RaftServerConfigKeys (ConfUtils.java:logGet(43)) - raft.server.log.preallocated.size = 16384 (custom)
2019-08-20 14:03:17,474 INFO  server.RaftServerConfigKeys (ConfUtils.java:logGet(43)) - raft.server.snapshot.auto.trigger.enabled = true (custom)
2019-08-20 14:03:17,474 INFO  server.RaftServerConfigKeys (ConfUtils.java:logGet(43)) - raft.server.log.statemachine.data.sync.timeout.retry = -1 (default)
2019-08-20 14:03:17,474 INFO  server.RaftServerConfigKeys (ConfUtils.java:logGet(43)) - raft.server.snapshot.auto.trigger.threshold = 10000 (custom)
2019-08-20 14:03:17,474 INFO  server.RaftServerConfigKeys (ConfUtils.java:logGet(43)) - raft.server.log.write.buffer.size = 33554432 (custom)
2019-08-20 14:03:17,475 INFO  server.RaftServerConfigKeys (ConfUtils.java:logGet(43)) - raft.server.retrycache.expirytime = 600000ms (custom)
2019-08-20 14:03:17,474 INFO  server.RaftServerConfigKeys (ConfUtils.java:logGet(43)) - raft.server.log.statemachine.data.caching.enabled = true (custom)
2019-08-20 14:03:17,475 INFO  server.RaftServerConfigKeys (ConfUtils.java:logGet(43)) - raft.server.log.force.sync.num = 128 (default)
2019-08-20 14:03:17,475 INFO  impl.RaftServerImpl (RaftServerImpl.java:start(180)) - 94514a72-c6de-4ebd-97fe-2a2c4a5db496: start group-779C78602A24
2019-08-20 14:03:17,475 INFO  segmented.SegmentedRaftLogWorker (SegmentedRaftLogWorker.java:lambda$new$0(132)) - 38221ef5-4b6d-4f4b-abde-abccf4438b27-SegmentedRaftLogWorker:Storage Directory /workdir/hadoop-ozone/integration-test/target/test-dir/MiniOzoneClusterImpl-a5093427-9167-43d9-94b9-19b4565cf696/datanode-0/data/ratis/ac29457e-09c2-454e-b9f5-779c78602a24: flushIndex: setUnconditionally 0 -> -1
2019-08-20 14:03:17,475 INFO  server.RaftServerConfigKeys (ConfUtils.java:logGet(43)) - raft.server.log.statemachine.data.sync = true (default)
2019-08-20 14:03:17,475 INFO  impl.RaftServerImpl (RaftServerImpl.java:setRole(171)) - 94514a72-c6de-4ebd-97fe-2a2c4a5db496:group-779C78602A24 changes role from null to FOLLOWER at term 0 for startAsFollower
2019-08-20 14:03:17,476 INFO  server.RaftServerConfigKeys (ConfUtils.java:logGet(43)) - raft.server.log.statemachine.data.sync.timeout = 10s (default)
2019-08-20 14:03:17,476 INFO  server.RaftServerConfigKeys (ConfUtils.java:logGet(43)) - raft.server.snapshot.auto.trigger.enabled = true (custom)
2019-08-20 14:03:17,476 INFO  server.RaftServerConfigKeys (ConfUtils.java:logGet(43)) - raft.server.log.statemachine.data.sync.timeout.retry = -1 (default)
2019-08-20 14:03:17,476 INFO  impl.RoleInfo (RoleInfo.java:updateAndGet(143)) - 94514a72-c6de-4ebd-97fe-2a2c4a5db496: start FollowerState
2019-08-20 14:03:17,476 INFO  server.RaftServerConfigKeys (ConfUtils.java:logGet(43)) - raft.server.log.statemachine.data.caching.enabled = true (custom)
2019-08-20 14:03:17,476 INFO  server.RaftServerConfigKeys (ConfUtils.java:logGet(43)) - raft.server.snapshot.auto.trigger.threshold = 10000 (custom)
2019-08-20 14:03:17,477 INFO  segmented.SegmentedRaftLogWorker (SegmentedRaftLogWorker.java:lambda$new$0(132)) - 44a8054b-acc3-4d83-a55b-30f3f259d19d-SegmentedRaftLogWorker:Storage Directory /workdir/hadoop-ozone/integration-test/target/test-dir/MiniOzoneClusterImpl-a5093427-9167-43d9-94b9-19b4565cf696/datanode-1/data/ratis/ac29457e-09c2-454e-b9f5-779c78602a24: flushIndex: setUnconditionally 0 -> -1
2019-08-20 14:03:17,477 INFO  server.RaftServerConfigKeys (ConfUtils.java:logGet(43)) - raft.server.retrycache.expirytime = 600000ms (custom)
2019-08-20 14:03:17,477 INFO  util.JmxRegister (JmxRegister.java:tryRegister(44)) - Successfully registered JMX Bean with object name Ratis:service=RaftServer,group=group-779C78602A24,id=94514a72-c6de-4ebd-97fe-2a2c4a5db496
2019-08-20 14:03:17,477 INFO  server.RaftServerConfigKeys (ConfUtils.java:logGet(43)) - raft.server.snapshot.auto.trigger.enabled = true (custom)
2019-08-20 14:03:17,477 INFO  impl.RaftServerImpl (RaftServerImpl.java:start(180)) - 38221ef5-4b6d-4f4b-abde-abccf4438b27: start group-779C78602A24
2019-08-20 14:03:17,478 INFO  server.RaftServerConfigKeys (ConfUtils.java:logGet(43)) - raft.server.snapshot.auto.trigger.threshold = 10000 (custom)
2019-08-20 14:03:17,478 INFO  impl.RaftServerImpl (RaftServerImpl.java:setRole(171)) - 38221ef5-4b6d-4f4b-abde-abccf4438b27:group-779C78602A24 changes role from null to FOLLOWER at term 0 for startAsFollower
2019-08-20 14:03:17,478 INFO  server.RaftServerConfigKeys (ConfUtils.java:logGet(43)) - raft.server.retrycache.expirytime = 600000ms (custom)
2019-08-20 14:03:17,478 INFO  impl.RoleInfo (RoleInfo.java:updateAndGet(143)) - 38221ef5-4b6d-4f4b-abde-abccf4438b27: start FollowerState
2019-08-20 14:03:17,478 INFO  impl.RaftServerImpl (RaftServerImpl.java:start(180)) - 44a8054b-acc3-4d83-a55b-30f3f259d19d: start group-779C78602A24
2019-08-20 14:03:17,478 INFO  impl.RaftServerImpl (RaftServerImpl.java:setRole(171)) - 44a8054b-acc3-4d83-a55b-30f3f259d19d:group-779C78602A24 changes role from null to FOLLOWER at term 0 for startAsFollower
2019-08-20 14:03:17,479 INFO  impl.RoleInfo (RoleInfo.java:updateAndGet(143)) - 44a8054b-acc3-4d83-a55b-30f3f259d19d: start FollowerState
2019-08-20 14:03:17,479 INFO  util.JmxRegister (JmxRegister.java:tryRegister(44)) - Successfully registered JMX Bean with object name Ratis:service=RaftServer,group=group-779C78602A24,id=38221ef5-4b6d-4f4b-abde-abccf4438b27
2019-08-20 14:03:17,479 INFO  util.JmxRegister (JmxRegister.java:tryRegister(44)) - Successfully registered JMX Bean with object name Ratis:service=RaftServer,group=group-779C78602A24,id=44a8054b-acc3-4d83-a55b-30f3f259d19d
2019-08-20 14:03:17,490 INFO  pipeline.PipelineStateManager (PipelineStateManager.java:addPipeline(56)) - Created pipeline Pipeline[ Id: ac29457e-09c2-454e-b9f5-779c78602a24, Nodes: 38221ef5-4b6d-4f4b-abde-abccf4438b27{ip: 192.168.157.221, host: pr-hdds-1881-nhl7g-263231641, networkLocation: /default-rack, certSerialId: null}94514a72-c6de-4ebd-97fe-2a2c4a5db496{ip: 192.168.157.221, host: pr-hdds-1881-nhl7g-263231641, networkLocation: /default-rack, certSerialId: null}44a8054b-acc3-4d83-a55b-30f3f259d19d{ip: 192.168.157.221, host: pr-hdds-1881-nhl7g-263231641, networkLocation: /default-rack, certSerialId: null}, Type:RATIS, Factor:THREE, State:OPEN]
2019-08-20 14:03:18,329 INFO  ozone.MiniOzoneClusterImpl (MiniOzoneClusterImpl.java:lambda$waitForClusterToBeReady$0(142)) - Cluster is ready. Got 3 of 3 DN Heartbeats.
2019-08-20 14:03:18,330 INFO  datanode.ObjectStoreHandler (ObjectStoreHandler.java:close(155)) - Closing ObjectStoreHandler.
2019-08-20 14:03:18,330 INFO  ozone.HddsDatanodeService (HddsDatanodeService.java:stop(451)) - Stopped plug-in org.apache.hadoop.ozone.web.OzoneHddsDatanodeService@6a9dacd4
2019-08-20 14:03:18,877 INFO  statemachine.DatanodeStateMachine (DatanodeStateMachine.java:lambda$startDaemon$0(350)) - Ozone container server started.
2019-08-20 14:03:19,887 INFO  container.ReplicationManager (ReplicationManager.java:start(155)) - Starting Replication Monitor Thread.
2019-08-20 14:03:19,890 INFO  container.ReplicationManager (ReplicationManager.java:run(207)) - Replication Monitor Thread took 0 milliseconds for processing 0 containers.
2019-08-20 14:03:22,038 INFO  impl.FollowerState (FollowerState.java:run(106)) - 38221ef5-4b6d-4f4b-abde-abccf4438b27:group-A3C7EC746934 changes to CANDIDATE, lastRpcTime:5094, electionTimeout:5094ms
2019-08-20 14:03:22,039 INFO  impl.RoleInfo (RoleInfo.java:shutdownFollowerState(121)) - 38221ef5-4b6d-4f4b-abde-abccf4438b27: shutdown FollowerState
2019-08-20 14:03:22,039 INFO  impl.RaftServerImpl (RaftServerImpl.java:setRole(171)) - 38221ef5-4b6d-4f4b-abde-abccf4438b27:group-A3C7EC746934 changes role from FOLLOWER to CANDIDATE at term 0 for changeToCandidate
2019-08-20 14:03:22,039 INFO  impl.RoleInfo (RoleInfo.java:updateAndGet(143)) - 38221ef5-4b6d-4f4b-abde-abccf4438b27: start LeaderElection
2019-08-20 14:03:22,227 INFO  impl.FollowerState (FollowerState.java:run(106)) - 44a8054b-acc3-4d83-a55b-30f3f259d19d:group-F8E860B63721 changes to CANDIDATE, lastRpcTime:5059, electionTimeout:5059ms
2019-08-20 14:03:22,228 INFO  impl.RoleInfo (RoleInfo.java:shutdownFollowerState(121)) - 44a8054b-acc3-4d83-a55b-30f3f259d19d: shutdown FollowerState
2019-08-20 14:03:22,228 INFO  impl.RaftServerImpl (RaftServerImpl.java:setRole(171)) - 44a8054b-acc3-4d83-a55b-30f3f259d19d:group-F8E860B63721 changes role from FOLLOWER to CANDIDATE at term 0 for changeToCandidate
2019-08-20 14:03:22,228 INFO  impl.RoleInfo (RoleInfo.java:updateAndGet(143)) - 44a8054b-acc3-4d83-a55b-30f3f259d19d: start LeaderElection
2019-08-20 14:03:22,487 INFO  impl.FollowerState (FollowerState.java:run(106)) - 94514a72-c6de-4ebd-97fe-2a2c4a5db496:group-7DEDFD9F574E changes to CANDIDATE, lastRpcTime:5108, electionTimeout:5108ms
2019-08-20 14:03:22,487 INFO  impl.RoleInfo (RoleInfo.java:shutdownFollowerState(121)) - 94514a72-c6de-4ebd-97fe-2a2c4a5db496: shutdown FollowerState
2019-08-20 14:03:22,487 INFO  impl.RaftServerImpl (RaftServerImpl.java:setRole(171)) - 94514a72-c6de-4ebd-97fe-2a2c4a5db496:group-7DEDFD9F574E changes role from FOLLOWER to CANDIDATE at term 0 for changeToCandidate
2019-08-20 14:03:22,488 INFO  impl.RoleInfo (RoleInfo.java:updateAndGet(143)) - 94514a72-c6de-4ebd-97fe-2a2c4a5db496: start LeaderElection
2019-08-20 14:03:22,514 INFO  impl.FollowerState (FollowerState.java:run(106)) - 38221ef5-4b6d-4f4b-abde-abccf4438b27:group-779C78602A24 changes to CANDIDATE, lastRpcTime:5035, electionTimeout:5035ms
2019-08-20 14:03:22,514 INFO  impl.RoleInfo (RoleInfo.java:shutdownFollowerState(121)) - 38221ef5-4b6d-4f4b-abde-abccf4438b27: shutdown FollowerState
2019-08-20 14:03:22,514 INFO  impl.RaftServerImpl (RaftServerImpl.java:setRole(171)) - 38221ef5-4b6d-4f4b-abde-abccf4438b27:group-779C78602A24 changes role from FOLLOWER to CANDIDATE at term 0 for changeToCandidate
2019-08-20 14:03:22,514 INFO  impl.RoleInfo (RoleInfo.java:updateAndGet(143)) - 38221ef5-4b6d-4f4b-abde-abccf4438b27: start LeaderElection
2019-08-20 14:03:22,620 INFO  impl.FollowerState (FollowerState.java:run(106)) - 94514a72-c6de-4ebd-97fe-2a2c4a5db496:group-779C78602A24 changes to CANDIDATE, lastRpcTime:5144, electionTimeout:5143ms
2019-08-20 14:03:22,620 INFO  impl.RoleInfo (RoleInfo.java:shutdownFollowerState(121)) - 94514a72-c6de-4ebd-97fe-2a2c4a5db496: shutdown FollowerState
2019-08-20 14:03:22,620 INFO  impl.RaftServerImpl (RaftServerImpl.java:setRole(171)) - 94514a72-c6de-4ebd-97fe-2a2c4a5db496:group-779C78602A24 changes role from FOLLOWER to CANDIDATE at term 0 for changeToCandidate
2019-08-20 14:03:22,621 INFO  impl.RoleInfo (RoleInfo.java:updateAndGet(143)) - 94514a72-c6de-4ebd-97fe-2a2c4a5db496: start LeaderElection
2019-08-20 14:03:22,662 INFO  impl.FollowerState (FollowerState.java:run(106)) - 44a8054b-acc3-4d83-a55b-30f3f259d19d:group-779C78602A24 changes to CANDIDATE, lastRpcTime:5183, electionTimeout:5183ms
2019-08-20 14:03:22,662 INFO  impl.RoleInfo (RoleInfo.java:shutdownFollowerState(121)) - 44a8054b-acc3-4d83-a55b-30f3f259d19d: shutdown FollowerState
2019-08-20 14:03:22,663 INFO  impl.RaftServerImpl (RaftServerImpl.java:setRole(171)) - 44a8054b-acc3-4d83-a55b-30f3f259d19d:group-779C78602A24 changes role from FOLLOWER to CANDIDATE at term 0 for changeToCandidate
2019-08-20 14:03:22,663 INFO  impl.RoleInfo (RoleInfo.java:updateAndGet(143)) - 44a8054b-acc3-4d83-a55b-30f3f259d19d: start LeaderElection
2019-08-20 14:03:22,842 INFO  node.StaleNodeHandler (StaleNodeHandler.java:onMessage(58)) - Datanode 38221ef5-4b6d-4f4b-abde-abccf4438b27{ip: 192.168.157.221, host: pr-hdds-1881-nhl7g-263231641, networkLocation: /default-rack, certSerialId: null} moved to stale state. Finalizing its pipelines [PipelineID=ac29457e-09c2-454e-b9f5-779c78602a24, PipelineID=99fa317d-d9bc-4c58-816d-a3c7ec746934]
2019-08-20 14:03:22,843 INFO  pipeline.SCMPipelineManager (SCMPipelineManager.java:finalizeAndDestroyPipeline(309)) - destroying pipeline:Pipeline[ Id: ac29457e-09c2-454e-b9f5-779c78602a24, Nodes: 38221ef5-4b6d-4f4b-abde-abccf4438b27{ip: 192.168.157.221, host: pr-hdds-1881-nhl7g-263231641, networkLocation: /default-rack, certSerialId: null}94514a72-c6de-4ebd-97fe-2a2c4a5db496{ip: 192.168.157.221, host: pr-hdds-1881-nhl7g-263231641, networkLocation: /default-rack, certSerialId: null}44a8054b-acc3-4d83-a55b-30f3f259d19d{ip: 192.168.157.221, host: pr-hdds-1881-nhl7g-263231641, networkLocation: /default-rack, certSerialId: null}, Type:RATIS, Factor:THREE, State:OPEN]
2019-08-20 14:03:22,843 INFO  pipeline.PipelineStateManager (PipelineStateManager.java:finalizePipeline(123)) - Pipeline Pipeline[ Id: ac29457e-09c2-454e-b9f5-779c78602a24, Nodes: 38221ef5-4b6d-4f4b-abde-abccf4438b27{ip: 192.168.157.221, host: pr-hdds-1881-nhl7g-263231641, networkLocation: /default-rack, certSerialId: null}94514a72-c6de-4ebd-97fe-2a2c4a5db496{ip: 192.168.157.221, host: pr-hdds-1881-nhl7g-263231641, networkLocation: /default-rack, certSerialId: null}44a8054b-acc3-4d83-a55b-30f3f259d19d{ip: 192.168.157.221, host: pr-hdds-1881-nhl7g-263231641, networkLocation: /default-rack, certSerialId: null}, Type:RATIS, Factor:THREE, State:CLOSED] moved to CLOSED state
2019-08-20 14:03:22,846 INFO  pipeline.SCMPipelineManager (SCMPipelineManager.java:finalizeAndDestroyPipeline(309)) - destroying pipeline:Pipeline[ Id: 99fa317d-d9bc-4c58-816d-a3c7ec746934, Nodes: 38221ef5-4b6d-4f4b-abde-abccf4438b27{ip: 192.168.157.221, host: pr-hdds-1881-nhl7g-263231641, networkLocation: /default-rack, certSerialId: null}, Type:RATIS, Factor:ONE, State:OPEN]
2019-08-20 14:03:22,846 INFO  pipeline.PipelineStateManager (PipelineStateManager.java:finalizePipeline(123)) - Pipeline Pipeline[ Id: 99fa317d-d9bc-4c58-816d-a3c7ec746934, Nodes: 38221ef5-4b6d-4f4b-abde-abccf4438b27{ip: 192.168.157.221, host: pr-hdds-1881-nhl7g-263231641, networkLocation: /default-rack, certSerialId: null}, Type:RATIS, Factor:ONE, State:CLOSED] moved to CLOSED state
2019-08-20 14:03:23,332 INFO  ozoneimpl.OzoneContainer (OzoneContainer.java:stop(199)) - Attempting to stop container services.
2019-08-20 14:03:23,332 INFO  impl.RaftServerProxy (RaftServerProxy.java:lambda$close$4(314)) - 38221ef5-4b6d-4f4b-abde-abccf4438b27: close
2019-08-20 14:03:23,333 INFO  impl.RaftServerImpl (RaftServerImpl.java:lambda$shutdown$3(245)) - 38221ef5-4b6d-4f4b-abde-abccf4438b27: shutdown group-779C78602A24
2019-08-20 14:03:23,333 INFO  impl.RaftServerImpl (RaftServerImpl.java:lambda$shutdown$3(245)) - 38221ef5-4b6d-4f4b-abde-abccf4438b27: shutdown group-A3C7EC746934
2019-08-20 14:03:23,333 INFO  util.JmxRegister (JmxRegister.java:unregister(73)) - Successfully un-registered JMX Bean with object name Ratis:service=RaftServer,group=group-779C78602A24,id=38221ef5-4b6d-4f4b-abde-abccf4438b27
2019-08-20 14:03:23,334 INFO  util.JmxRegister (JmxRegister.java:unregister(73)) - Successfully un-registered JMX Bean with object name Ratis:service=RaftServer,group=group-A3C7EC746934,id=38221ef5-4b6d-4f4b-abde-abccf4438b27
2019-08-20 14:03:23,334 INFO  impl.RoleInfo (RoleInfo.java:shutdownLeaderElection(134)) - 38221ef5-4b6d-4f4b-abde-abccf4438b27: shutdown LeaderElection
2019-08-20 14:03:23,334 INFO  impl.RoleInfo (RoleInfo.java:shutdownLeaderElection(134)) - 38221ef5-4b6d-4f4b-abde-abccf4438b27: shutdown LeaderElection
2019-08-20 14:03:23,335 INFO  impl.StateMachineUpdater (StateMachineUpdater.java:stopAndJoin(115)) - StateMachineUpdater:38221ef5-4b6d-4f4b-abde-abccf4438b27:group-779C78602A24: set stopIndex = -1
2019-08-20 14:03:23,335 INFO  impl.StateMachineUpdater (StateMachineUpdater.java:stopAndJoin(115)) - StateMachineUpdater:38221ef5-4b6d-4f4b-abde-abccf4438b27:group-A3C7EC746934: set stopIndex = -1
2019-08-20 14:03:23,339 INFO  impl.RaftServerImpl (ServerState.java:close(394)) - 38221ef5-4b6d-4f4b-abde-abccf4438b27:group-779C78602A24 closes. The last applied log index is -1
2019-08-20 14:03:23,339 INFO  impl.RaftServerImpl (ServerState.java:close(394)) - 38221ef5-4b6d-4f4b-abde-abccf4438b27:group-A3C7EC746934 closes. The last applied log index is -1
2019-08-20 14:03:23,340 INFO  segmented.SegmentedRaftLogWorker (SegmentedRaftLogWorker.java:run(313)) - 38221ef5-4b6d-4f4b-abde-abccf4438b27-SegmentedRaftLogWorker:Storage Directory /workdir/hadoop-ozone/integration-test/target/test-dir/MiniOzoneClusterImpl-a5093427-9167-43d9-94b9-19b4565cf696/datanode-0/data/ratis/ac29457e-09c2-454e-b9f5-779c78602a24 was interrupted, exiting. There are 0 tasks remaining in the queue.
2019-08-20 14:03:23,340 INFO  segmented.SegmentedRaftLogWorker (SegmentedRaftLogWorker.java:run(313)) - 38221ef5-4b6d-4f4b-abde-abccf4438b27-SegmentedRaftLogWorker:Storage Directory /workdir/hadoop-ozone/integration-test/target/test-dir/MiniOzoneClusterImpl-a5093427-9167-43d9-94b9-19b4565cf696/datanode-0/data/ratis/99fa317d-d9bc-4c58-816d-a3c7ec746934 was interrupted, exiting. There are 0 tasks remaining in the queue.
2019-08-20 14:03:23,340 INFO  segmented.SegmentedRaftLogWorker (SegmentedRaftLogWorker.java:close(228)) - 38221ef5-4b6d-4f4b-abde-abccf4438b27-SegmentedRaftLogWorker:Storage Directory /workdir/hadoop-ozone/integration-test/target/test-dir/MiniOzoneClusterImpl-a5093427-9167-43d9-94b9-19b4565cf696/datanode-0/data/ratis/ac29457e-09c2-454e-b9f5-779c78602a24 close()
2019-08-20 14:03:23,340 INFO  segmented.SegmentedRaftLogWorker (SegmentedRaftLogWorker.java:close(228)) - 38221ef5-4b6d-4f4b-abde-abccf4438b27-SegmentedRaftLogWorker:Storage Directory /workdir/hadoop-ozone/integration-test/target/test-dir/MiniOzoneClusterImpl-a5093427-9167-43d9-94b9-19b4565cf696/datanode-0/data/ratis/99fa317d-d9bc-4c58-816d-a3c7ec746934 close()
2019-08-20 14:03:23,351 INFO  server.GrpcService (GrpcService.java:closeImpl(155)) - 38221ef5-4b6d-4f4b-abde-abccf4438b27: shutdown server with port 42932 now
2019-08-20 14:03:23,352 INFO  server.GrpcService (GrpcService.java:closeImpl(163)) - 38221ef5-4b6d-4f4b-abde-abccf4438b27: shutdown server with port 42932 successfully
2019-08-20 14:03:23,354 INFO  utils.BackgroundService (BackgroundService.java:shutdown(148)) - Shutting down service BlockDeletingService
2019-08-20 14:03:26,755 WARN  fs.CachingGetSpaceUsed (CachingGetSpaceUsed.java:run(183)) - Thread Interrupted waiting to refresh disk information: sleep interrupted
2019-08-20 14:03:26,781 INFO  statemachine.DatanodeStateMachine (DatanodeStateMachine.java:stopDaemon(395)) - Ozone container server stopped.
2019-08-20 14:03:26,783 INFO  handler.ContextHandler (ContextHandler.java:doStop(910)) - Stopped o.e.j.w.WebAppContext@36bbfee6{/,null,UNAVAILABLE}{/hddsDatanode}
2019-08-20 14:03:26,784 INFO  server.AbstractConnector (AbstractConnector.java:doStop(318)) - Stopped ServerConnector@224a0298{HTTP/1.1,[http/1.1]}{0.0.0.0:0}
2019-08-20 14:03:26,784 INFO  handler.ContextHandler (ContextHandler.java:doStop(910)) - Stopped o.e.j.s.ServletContextHandler@71243002{/static,jar:file:/home/user/.m2/repository/org/apache/hadoop/hadoop-hdds-container-service/0.5.0-SNAPSHOT/hadoop-hdds-container-service-0.5.0-SNAPSHOT.jar!/webapps/static,UNAVAILABLE}
2019-08-20 14:03:26,785 INFO  handler.ContextHandler (ContextHandler.java:doStop(910)) - Stopped o.e.j.s.ServletContextHandler@2d7283f2{/logs,file:///workdir/hadoop-ozone/integration-test/target/log,UNAVAILABLE}
2019-08-20 14:03:26,786 INFO  datanode.ObjectStoreHandler (ObjectStoreHandler.java:close(155)) - Closing ObjectStoreHandler.
2019-08-20 14:03:26,786 INFO  ozone.HddsDatanodeService (HddsDatanodeService.java:stop(451)) - Stopped plug-in org.apache.hadoop.ozone.web.OzoneHddsDatanodeService@50c57628
2019-08-20 14:03:27,094 INFO  statemachine.DatanodeStateMachine (DatanodeStateMachine.java:lambda$startDaemon$0(350)) - Ozone container server started.
2019-08-20 14:03:28,298 INFO  impl.LeaderElection (LeaderElection.java:askForVotes(181)) - 44a8054b-acc3-4d83-a55b-30f3f259d19d:group-F8E860B63721:LeaderElection12: begin an election at term 1 for -1: [44a8054b-acc3-4d83-a55b-30f3f259d19d:192.168.157.221:35929], old=null
2019-08-20 14:03:28,298 INFO  impl.LeaderElection (LeaderElection.java:askForVotes(181)) - 38221ef5-4b6d-4f4b-abde-abccf4438b27:group-A3C7EC746934:LeaderElection11: begin an election at term 1 for -1: [38221ef5-4b6d-4f4b-abde-abccf4438b27:192.168.157.221:42932], old=null
2019-08-20 14:03:28,299 INFO  impl.RoleInfo (RoleInfo.java:shutdownLeaderElection(134)) - 44a8054b-acc3-4d83-a55b-30f3f259d19d: shutdown LeaderElection
2019-08-20 14:03:28,299 INFO  impl.LeaderElection (LeaderElection.java:askForVotes(181)) - 94514a72-c6de-4ebd-97fe-2a2c4a5db496:group-7DEDFD9F574E:LeaderElection13: begin an election at term 1 for -1: [94514a72-c6de-4ebd-97fe-2a2c4a5db496:192.168.157.221:39507], old=null
2019-08-20 14:03:28,299 INFO  impl.LeaderElection (LeaderElection.java:askForVotes(181)) - 44a8054b-acc3-4d83-a55b-30f3f259d19d:group-779C78602A24:LeaderElection16: begin an election at term 1 for -1: [44a8054b-acc3-4d83-a55b-30f3f259d19d:192.168.157.221:35929, 38221ef5-4b6d-4f4b-abde-abccf4438b27:192.168.157.221:42932, 94514a72-c6de-4ebd-97fe-2a2c4a5db496:192.168.157.221:39507], old=null
2019-08-20 14:03:28,299 INFO  impl.RaftServerImpl (RaftServerImpl.java:setRole(171)) - 44a8054b-acc3-4d83-a55b-30f3f259d19d:group-F8E860B63721 changes role from CANDIDATE to LEADER at term 1 for changeToLeader
2019-08-20 14:03:28,299 INFO  impl.LeaderElection (LeaderElection.java:askForVotes(181)) - 38221ef5-4b6d-4f4b-abde-abccf4438b27:group-779C78602A24:LeaderElection14: begin an election at term 1 for -1: [44a8054b-acc3-4d83-a55b-30f3f259d19d:192.168.157.221:35929, 38221ef5-4b6d-4f4b-abde-abccf4438b27:192.168.157.221:42932, 94514a72-c6de-4ebd-97fe-2a2c4a5db496:192.168.157.221:39507], old=null
2019-08-20 14:03:28,299 INFO  impl.LeaderElection (LeaderElection.java:askForVotes(181)) - 94514a72-c6de-4ebd-97fe-2a2c4a5db496:group-779C78602A24:LeaderElection15: begin an election at term 1 for -1: [44a8054b-acc3-4d83-a55b-30f3f259d19d:192.168.157.221:35929, 38221ef5-4b6d-4f4b-abde-abccf4438b27:192.168.157.221:42932, 94514a72-c6de-4ebd-97fe-2a2c4a5db496:192.168.157.221:39507], old=null
2019-08-20 14:03:28,300 INFO  impl.RaftServerImpl (ServerState.java:setLeader(263)) - 44a8054b-acc3-4d83-a55b-30f3f259d19d:group-F8E860B63721 change Leader from null to 44a8054b-acc3-4d83-a55b-30f3f259d19d at term 1 for becomeLeader, leader elected after 11137ms
2019-08-20 14:03:28,299 INFO  impl.RoleInfo (RoleInfo.java:shutdownLeaderElection(134)) - 94514a72-c6de-4ebd-97fe-2a2c4a5db496: shutdown LeaderElection
2019-08-20 14:03:28,300 INFO  impl.LeaderElection (LogUtils.java:infoOrTrace(149)) - Failed 38221ef5-4b6d-4f4b-abde-abccf4438b27:group-A3C7EC746934:LeaderElection11, state=CLOSING: {}
java.lang.IllegalArgumentException: 38221ef5-4b6d-4f4b-abde-abccf4438b27-SegmentedRaftLog is expected to be opened but it is CLOSED
	at org.apache.ratis.util.OpenCloseState.assertOpen(OpenCloseState.java:63)
	at org.apache.ratis.server.raftlog.RaftLog.checkLogState(RaftLog.java:101)
	at org.apache.ratis.server.raftlog.segmented.SegmentedRaftLog.getLastEntryTermIndex(SegmentedRaftLog.java:263)
	at org.apache.ratis.server.impl.LeaderElection.askForVotes(LeaderElection.java:183)
	at org.apache.ratis.server.impl.LeaderElection.run(LeaderElection.java:130)
	at java.lang.Thread.run(Thread.java:748)
Caused by: org.apache.ratis.util.OpenCloseState$CloseTrace: Close 38221ef5-4b6d-4f4b-abde-abccf4438b27-SegmentedRaftLog
	at org.apache.ratis.util.OpenCloseState.lambda$close$1(OpenCloseState.java:109)
	at java.util.concurrent.atomic.AtomicReference.getAndUpdate(AtomicReference.java:160)
	at org.apache.ratis.util.OpenCloseState.close(OpenCloseState.java:109)
	at org.apache.ratis.server.raftlog.RaftLog.close(RaftLog.java:437)
	at org.apache.ratis.server.raftlog.segmented.SegmentedRaftLog.close(SegmentedRaftLog.java:428)
	at org.apache.ratis.server.impl.ServerState.close(ServerState.java:397)
	at org.apache.ratis.server.impl.RaftServerImpl.lambda$shutdown$3(RaftServerImpl.java:267)
	at org.apache.ratis.util.LifeCycle.lambda$checkStateAndClose$2(LifeCycle.java:231)
	at org.apache.ratis.util.LifeCycle.checkStateAndClose(LifeCycle.java:251)
	at org.apache.ratis.util.LifeCycle.checkStateAndClose(LifeCycle.java:229)
	at org.apache.ratis.server.impl.RaftServerImpl.shutdown(RaftServerImpl.java:244)
	at org.apache.ratis.server.impl.RaftServerProxy$ImplMap.lambda$close$0(RaftServerProxy.java:107)
	at java.util.stream.ForEachOps$ForEachOp$OfRef.accept(ForEachOps.java:184)
	at java.util.stream.ReferencePipeline$3$1.accept(ReferencePipeline.java:193)
	at java.util.concurrent.ConcurrentHashMap$ValueSpliterator.forEachRemaining(ConcurrentHashMap.java:3566)
	at java.util.stream.AbstractPipeline.copyInto(AbstractPipeline.java:482)
	at java.util.stream.ForEachOps$ForEachTask.compute(ForEachOps.java:291)
	at java.util.concurrent.CountedCompleter.exec(CountedCompleter.java:731)
	at java.util.concurrent.ForkJoinTask.doExec(ForkJoinTask.java:289)
	at java.util.concurrent.ForkJoinPool$WorkQueue.runTask(ForkJoinPool.java:1056)
	at java.util.concurrent.ForkJoinPool.runWorker(ForkJoinPool.java:1692)
	at java.util.concurrent.ForkJoinWorkerThread.run(ForkJoinWorkerThread.java:157)
2019-08-20 14:03:28,301 INFO  server.RaftServerConfigKeys (ConfUtils.java:logGet(43)) - raft.server.staging.catchup.gap = 1000 (default)
2019-08-20 14:03:28,301 INFO  impl.LeaderElection (LogUtils.java:infoOrTrace(149)) - Failed 38221ef5-4b6d-4f4b-abde-abccf4438b27:group-779C78602A24:LeaderElection14, state=CLOSING: {}
java.lang.IllegalArgumentException: 38221ef5-4b6d-4f4b-abde-abccf4438b27-SegmentedRaftLog is expected to be opened but it is CLOSED
	at org.apache.ratis.util.OpenCloseState.assertOpen(OpenCloseState.java:63)
	at org.apache.ratis.server.raftlog.RaftLog.checkLogState(RaftLog.java:101)
	at org.apache.ratis.server.raftlog.segmented.SegmentedRaftLog.getLastEntryTermIndex(SegmentedRaftLog.java:263)
	at org.apache.ratis.server.impl.LeaderElection.askForVotes(LeaderElection.java:183)
	at org.apache.ratis.server.impl.LeaderElection.run(LeaderElection.java:130)
	at java.lang.Thread.run(Thread.java:748)
Caused by: org.apache.ratis.util.OpenCloseState$CloseTrace: Close 38221ef5-4b6d-4f4b-abde-abccf4438b27-SegmentedRaftLog
	at org.apache.ratis.util.OpenCloseState.lambda$close$1(OpenCloseState.java:109)
	at java.util.concurrent.atomic.AtomicReference.getAndUpdate(AtomicReference.java:160)
	at org.apache.ratis.util.OpenCloseState.close(OpenCloseState.java:109)
	at org.apache.ratis.server.raftlog.RaftLog.close(RaftLog.java:437)
	at org.apache.ratis.server.raftlog.segmented.SegmentedRaftLog.close(SegmentedRaftLog.java:428)
	at org.apache.ratis.server.impl.ServerState.close(ServerState.java:397)
	at org.apache.ratis.server.impl.RaftServerImpl.lambda$shutdown$3(RaftServerImpl.java:267)
	at org.apache.ratis.util.LifeCycle.lambda$checkStateAndClose$2(LifeCycle.java:231)
	at org.apache.ratis.util.LifeCycle.checkStateAndClose(LifeCycle.java:251)
	at org.apache.ratis.util.LifeCycle.checkStateAndClose(LifeCycle.java:229)
	at org.apache.ratis.server.impl.RaftServerImpl.shutdown(RaftServerImpl.java:244)
	at org.apache.ratis.server.impl.RaftServerProxy$ImplMap.lambda$close$0(RaftServerProxy.java:107)
	at java.util.stream.ForEachOps$ForEachOp$OfRef.accept(ForEachOps.java:184)
	at java.util.stream.ReferencePipeline$3$1.accept(ReferencePipeline.java:193)
	at java.util.concurrent.ConcurrentHashMap$ValueSpliterator.forEachRemaining(ConcurrentHashMap.java:3566)
	at java.util.stream.AbstractPipeline.copyInto(AbstractPipeline.java:482)
	at java.util.stream.ForEachOps$ForEachTask.compute(ForEachOps.java:291)
	at java.util.concurrent.CountedCompleter.exec(CountedCompleter.java:731)
	at java.util.concurrent.ForkJoinTask.doExec(ForkJoinTask.java:289)
	at java.util.concurrent.ForkJoinTask.doInvoke(ForkJoinTask.java:401)
	at java.util.concurrent.ForkJoinTask.invoke(ForkJoinTask.java:734)
	at java.util.stream.ForEachOps$ForEachOp.evaluateParallel(ForEachOps.java:160)
	at java.util.stream.ForEachOps$ForEachOp$OfRef.evaluateParallel(ForEachOps.java:174)
	at java.util.stream.AbstractPipeline.evaluate(AbstractPipeline.java:233)
	at java.util.stream.ReferencePipeline.forEach(ReferencePipeline.java:418)
	at org.apache.ratis.server.impl.RaftServerProxy$ImplMap.close(RaftServerProxy.java:107)
	at org.apache.ratis.server.impl.RaftServerProxy.lambda$close$4(RaftServerProxy.java:315)
	at org.apache.ratis.util.LifeCycle.lambda$checkStateAndClose$2(LifeCycle.java:231)
	at org.apache.ratis.util.LifeCycle.checkStateAndClose(LifeCycle.java:251)
	at org.apache.ratis.util.LifeCycle.checkStateAndClose(LifeCycle.java:229)
	at org.apache.ratis.server.impl.RaftServerProxy.close(RaftServerProxy.java:313)
	at org.apache.hadoop.ozone.container.common.transport.server.ratis.XceiverServerRatis.stop(XceiverServerRatis.java:434)
	at org.apache.hadoop.ozone.container.ozoneimpl.OzoneContainer.stop(OzoneContainer.java:201)
	at org.apache.hadoop.ozone.container.common.statemachine.DatanodeStateMachine.close(DatanodeStateMachine.java:270)
	at org.apache.hadoop.ozone.container.common.statemachine.DatanodeStateMachine.stopDaemon(DatanodeStateMachine.java:394)
	at org.apache.hadoop.ozone.HddsDatanodeService.stop(HddsDatanodeService.java:458)
	at org.apache.hadoop.ozone.MiniOzoneClusterImpl.shutdownHddsDatanode(MiniOzoneClusterImpl.java:310)
	at org.apache.hadoop.ozone.MiniOzoneClusterImpl.shutdownHddsDatanode(MiniOzoneClusterImpl.java:315)
	at org.apache.hadoop.hdds.scm.pipeline.TestRatisPipelineCreateAndDestory.testPipelineCreationOnNodeRestart(TestRatisPipelineCreateAndDestory.java:95)
	at sun.reflect.NativeMethodAccessorImpl.invoke0(Native Method)
	at sun.reflect.NativeMethodAccessorImpl.invoke(NativeMethodAccessorImpl.java:62)
	at sun.reflect.DelegatingMethodAccessorImpl.invoke(DelegatingMethodAccessorImpl.java:43)
	at java.lang.reflect.Method.invoke(Method.java:498)
	at org.junit.runners.model.FrameworkMethod$1.runReflectiveCall(FrameworkMethod.java:47)
	at org.junit.internal.runners.model.ReflectiveCallable.run(ReflectiveCallable.java:12)
	at org.junit.runners.model.FrameworkMethod.invokeExplosively(FrameworkMethod.java:44)
	at org.junit.internal.runners.statements.InvokeMethod.evaluate(InvokeMethod.java:17)
	at org.junit.internal.runners.statements.FailOnTimeout$StatementThread.run(FailOnTimeout.java:74)
2019-08-20 14:03:28,301 INFO  impl.RaftServerImpl (RaftServerImpl.java:setRole(171)) - 94514a72-c6de-4ebd-97fe-2a2c4a5db496:group-7DEDFD9F574E changes role from CANDIDATE to LEADER at term 1 for changeToLeader
2019-08-20 14:03:28,310 INFO  impl.LeaderElection (LeaderElection.java:run(141)) - 38221ef5-4b6d-4f4b-abde-abccf4438b27:group-779C78602A24:LeaderElection14: IllegalArgumentException is safely ignored since this is already CLOSING
2019-08-20 14:03:28,306 INFO  server.RaftServerConfigKeys (ConfUtils.java:logGet(43)) - raft.server.rpc.sleep.time = 25ms (default)
2019-08-20 14:03:28,306 INFO  impl.LeaderElection (LeaderElection.java:run(141)) - 38221ef5-4b6d-4f4b-abde-abccf4438b27:group-A3C7EC746934:LeaderElection11: IllegalArgumentException is safely ignored since this is already CLOSING
2019-08-20 14:03:28,311 INFO  impl.RaftServerImpl (ServerState.java:setLeader(263)) - 94514a72-c6de-4ebd-97fe-2a2c4a5db496:group-7DEDFD9F574E change Leader from null to 94514a72-c6de-4ebd-97fe-2a2c4a5db496 at term 1 for becomeLeader, leader elected after 10937ms
2019-08-20 14:03:28,312 INFO  server.RaftServerConfigKeys (ConfUtils.java:logGet(43)) - raft.server.write.element-limit = 4096 (default)
2019-08-20 14:03:28,315 INFO  server.RaftServerConfigKeys (ConfUtils.java:logGet(43)) - raft.server.staging.catchup.gap = 1000 (default)
2019-08-20 14:03:28,315 INFO  server.RaftServerConfigKeys (ConfUtils.java:logGet(43)) - raft.server.watch.timeout = 10s (default)
2019-08-20 14:03:28,315 INFO  impl.LeaderElection (LogUtils.java:infoOrTrace(149)) - 44a8054b-acc3-4d83-a55b-30f3f259d19d:group-779C78602A24:LeaderElection16 got exception when requesting votes: {}
java.util.concurrent.ExecutionException: org.apache.ratis.thirdparty.io.grpc.StatusRuntimeException: UNAVAILABLE: io exception
	at java.util.concurrent.FutureTask.report(FutureTask.java:122)
	at java.util.concurrent.FutureTask.get(FutureTask.java:192)
	at org.apache.ratis.server.impl.LeaderElection.waitForResults(LeaderElection.java:262)
	at org.apache.ratis.server.impl.LeaderElection.askForVotes(LeaderElection.java:200)
	at org.apache.ratis.server.impl.LeaderElection.run(LeaderElection.java:130)
	at java.lang.Thread.run(Thread.java:748)
Caused by: org.apache.ratis.thirdparty.io.grpc.StatusRuntimeException: UNAVAILABLE: io exception
	at org.apache.ratis.thirdparty.io.grpc.stub.ClientCalls.toStatusRuntimeException(ClientCalls.java:233)
	at org.apache.ratis.thirdparty.io.grpc.stub.ClientCalls.getUnchecked(ClientCalls.java:214)
	at org.apache.ratis.thirdparty.io.grpc.stub.ClientCalls.blockingUnaryCall(ClientCalls.java:139)
	at org.apache.ratis.proto.grpc.RaftServerProtocolServiceGrpc$RaftServerProtocolServiceBlockingStub.requestVote(RaftServerProtocolServiceGrpc.java:265)
	at org.apache.ratis.grpc.server.GrpcServerProtocolClient.requestVote(GrpcServerProtocolClient.java:83)
	at org.apache.ratis.grpc.server.GrpcService.requestVote(GrpcService.java:195)
	at org.apache.ratis.server.impl.LeaderElection.lambda$submitRequests$1(LeaderElection.java:237)
	at java.util.concurrent.FutureTask.run(FutureTask.java:266)
	at java.util.concurrent.Executors$RunnableAdapter.call(Executors.java:511)
	at java.util.concurrent.FutureTask.run(FutureTask.java:266)
	at java.util.concurrent.ThreadPoolExecutor.runWorker(ThreadPoolExecutor.java:1149)
	at java.util.concurrent.ThreadPoolExecutor$Worker.run(ThreadPoolExecutor.java:624)
	... 1 more
Caused by: org.apache.ratis.thirdparty.io.netty.channel.AbstractChannel$AnnotatedConnectException: Connection refused: /192.168.157.221:42932
	at sun.nio.ch.SocketChannelImpl.checkConnect(Native Method)
	at sun.nio.ch.SocketChannelImpl.finishConnect(SocketChannelImpl.java:717)
	at org.apache.ratis.thirdparty.io.netty.channel.socket.nio.NioSocketChannel.doFinishConnect(NioSocketChannel.java:327)
	at org.apache.ratis.thirdparty.io.netty.channel.nio.AbstractNioChannel$AbstractNioUnsafe.finishConnect(AbstractNioChannel.java:340)
	at org.apache.ratis.thirdparty.io.netty.channel.nio.NioEventLoop.processSelectedKey(NioEventLoop.java:632)
	at org.apache.ratis.thirdparty.io.netty.channel.nio.NioEventLoop.processSelectedKeysOptimized(NioEventLoop.java:579)
	at org.apache.ratis.thirdparty.io.netty.channel.nio.NioEventLoop.processSelectedKeys(NioEventLoop.java:496)
	at org.apache.ratis.thirdparty.io.netty.channel.nio.NioEventLoop.run(NioEventLoop.java:458)
	at org.apache.ratis.thirdparty.io.netty.util.concurrent.SingleThreadEventExecutor$5.run(SingleThreadEventExecutor.java:897)
	at org.apache.ratis.thirdparty.io.netty.util.concurrent.FastThreadLocalRunnable.run(FastThreadLocalRunnable.java:30)
	... 1 more
Caused by: java.net.ConnectException: Connection refused
	... 11 more
2019-08-20 14:03:28,315 INFO  impl.LeaderElection (LogUtils.java:infoOrTrace(149)) - 94514a72-c6de-4ebd-97fe-2a2c4a5db496:group-779C78602A24:LeaderElection15 got exception when requesting votes: {}
java.util.concurrent.ExecutionException: org.apache.ratis.thirdparty.io.grpc.StatusRuntimeException: UNAVAILABLE: io exception
	at java.util.concurrent.FutureTask.report(FutureTask.java:122)
	at java.util.concurrent.FutureTask.get(FutureTask.java:192)
	at org.apache.ratis.server.impl.LeaderElection.waitForResults(LeaderElection.java:262)
	at org.apache.ratis.server.impl.LeaderElection.askForVotes(LeaderElection.java:200)
	at org.apache.ratis.server.impl.LeaderElection.run(LeaderElection.java:130)
	at java.lang.Thread.run(Thread.java:748)
Caused by: org.apache.ratis.thirdparty.io.grpc.StatusRuntimeException: UNAVAILABLE: io exception
	at org.apache.ratis.thirdparty.io.grpc.stub.ClientCalls.toStatusRuntimeException(ClientCalls.java:233)
	at org.apache.ratis.thirdparty.io.grpc.stub.ClientCalls.getUnchecked(ClientCalls.java:214)
	at org.apache.ratis.thirdparty.io.grpc.stub.ClientCalls.blockingUnaryCall(ClientCalls.java:139)
	at org.apache.ratis.proto.grpc.RaftServerProtocolServiceGrpc$RaftServerProtocolServiceBlockingStub.requestVote(RaftServerProtocolServiceGrpc.java:265)
	at org.apache.ratis.grpc.server.GrpcServerProtocolClient.requestVote(GrpcServerProtocolClient.java:83)
	at org.apache.ratis.grpc.server.GrpcService.requestVote(GrpcService.java:195)
	at org.apache.ratis.server.impl.LeaderElection.lambda$submitRequests$1(LeaderElection.java:237)
	at java.util.concurrent.FutureTask.run(FutureTask.java:266)
	at java.util.concurrent.Executors$RunnableAdapter.call(Executors.java:511)
	at java.util.concurrent.FutureTask.run(FutureTask.java:266)
	at java.util.concurrent.ThreadPoolExecutor.runWorker(ThreadPoolExecutor.java:1149)
	at java.util.concurrent.ThreadPoolExecutor$Worker.run(ThreadPoolExecutor.java:624)
	... 1 more
Caused by: org.apache.ratis.thirdparty.io.netty.channel.AbstractChannel$AnnotatedConnectException: Connection refused: /192.168.157.221:42932
	at sun.nio.ch.SocketChannelImpl.checkConnect(Native Method)
	at sun.nio.ch.SocketChannelImpl.finishConnect(SocketChannelImpl.java:717)
	at org.apache.ratis.thirdparty.io.netty.channel.socket.nio.NioSocketChannel.doFinishConnect(NioSocketChannel.java:327)
	at org.apache.ratis.thirdparty.io.netty.channel.nio.AbstractNioChannel$AbstractNioUnsafe.finishConnect(AbstractNioChannel.java:340)
	at org.apache.ratis.thirdparty.io.netty.channel.nio.NioEventLoop.processSelectedKey(NioEventLoop.java:632)
	at org.apache.ratis.thirdparty.io.netty.channel.nio.NioEventLoop.processSelectedKeysOptimized(NioEventLoop.java:579)
	at org.apache.ratis.thirdparty.io.netty.channel.nio.NioEventLoop.processSelectedKeys(NioEventLoop.java:496)
	at org.apache.ratis.thirdparty.io.netty.channel.nio.NioEventLoop.run(NioEventLoop.java:458)
	at org.apache.ratis.thirdparty.io.netty.util.concurrent.SingleThreadEventExecutor$5.run(SingleThreadEventExecutor.java:897)
	at org.apache.ratis.thirdparty.io.netty.util.concurrent.FastThreadLocalRunnable.run(FastThreadLocalRunnable.java:30)
	... 1 more
Caused by: java.net.ConnectException: Connection refused
	... 11 more
2019-08-20 14:03:28,316 INFO  server.RaftServerConfigKeys (ConfUtils.java:logGet(43)) - raft.server.watch.timeout.denomination = 1s (default)
2019-08-20 14:03:28,316 INFO  server.RaftServerConfigKeys (ConfUtils.java:logGet(43)) - raft.server.rpc.sleep.time = 25ms (default)
2019-08-20 14:03:28,321 INFO  server.RaftServerConfigKeys (ConfUtils.java:logGet(43)) - raft.server.watch.element-limit = 65536 (default)
2019-08-20 14:03:28,321 INFO  server.RaftServerConfigKeys (ConfUtils.java:logGet(43)) - raft.server.write.element-limit = 4096 (default)
2019-08-20 14:03:28,321 INFO  impl.RoleInfo (RoleInfo.java:updateAndGet(143)) - 44a8054b-acc3-4d83-a55b-30f3f259d19d: start LeaderState
2019-08-20 14:03:28,321 INFO  server.RaftServerConfigKeys (ConfUtils.java:logGet(43)) - raft.server.watch.timeout = 10s (default)
2019-08-20 14:03:28,323 INFO  segmented.SegmentedRaftLogWorker (SegmentedRaftLogWorker.java:startLogSegment(380)) - 44a8054b-acc3-4d83-a55b-30f3f259d19d-SegmentedRaftLogWorker:Storage Directory /workdir/hadoop-ozone/integration-test/target/test-dir/MiniOzoneClusterImpl-a5093427-9167-43d9-94b9-19b4565cf696/datanode-1/data/ratis/99d75ece-f1ba-4cae-b32a-f8e860b63721: Starting segment from index:0
2019-08-20 14:03:28,323 INFO  server.RaftServerConfigKeys (ConfUtils.java:logGet(43)) - raft.server.watch.timeout.denomination = 1s (default)
2019-08-20 14:03:28,325 INFO  server.RaftServerConfigKeys (ConfUtils.java:logGet(43)) - raft.server.watch.element-limit = 65536 (default)
2019-08-20 14:03:28,325 INFO  impl.RaftServerImpl (ServerState.java:setRaftConf(361)) - 44a8054b-acc3-4d83-a55b-30f3f259d19d:group-F8E860B63721 set configuration 0: [44a8054b-acc3-4d83-a55b-30f3f259d19d:192.168.157.221:35929], old=null at 0
2019-08-20 14:03:28,325 INFO  impl.RoleInfo (RoleInfo.java:updateAndGet(143)) - 94514a72-c6de-4ebd-97fe-2a2c4a5db496: start LeaderState
2019-08-20 14:03:28,364 INFO  segmented.SegmentedRaftLogWorker (SegmentedRaftLogWorker.java:startLogSegment(380)) - 94514a72-c6de-4ebd-97fe-2a2c4a5db496-SegmentedRaftLogWorker:Storage Directory /workdir/hadoop-ozone/integration-test/target/test-dir/MiniOzoneClusterImpl-a5093427-9167-43d9-94b9-19b4565cf696/datanode-2/data/ratis/a2f366ed-0b70-4dbf-a5a5-7dedfd9f574e: Starting segment from index:0
2019-08-20 14:03:28,364 INFO  impl.RaftServerImpl (ServerState.java:setRaftConf(361)) - 94514a72-c6de-4ebd-97fe-2a2c4a5db496:group-7DEDFD9F574E set configuration 0: [94514a72-c6de-4ebd-97fe-2a2c4a5db496:192.168.157.221:39507], old=null at 0
2019-08-20 14:03:28,365 INFO  impl.LeaderElection (LeaderElection.java:logAndReturn(56)) - 44a8054b-acc3-4d83-a55b-30f3f259d19d:group-779C78602A24:LeaderElection16: Election REJECTED; received 1 response(s) [44a8054b-acc3-4d83-a55b-30f3f259d19d<-94514a72-c6de-4ebd-97fe-2a2c4a5db496#0:FAIL-t1] and 1 exception(s); 44a8054b-acc3-4d83-a55b-30f3f259d19d:t1, leader=null, voted=44a8054b-acc3-4d83-a55b-30f3f259d19d, raftlog=44a8054b-acc3-4d83-a55b-30f3f259d19d-SegmentedRaftLog:OPENED:c-1,f-1,i0, conf=-1: [44a8054b-acc3-4d83-a55b-30f3f259d19d:192.168.157.221:35929, 38221ef5-4b6d-4f4b-abde-abccf4438b27:192.168.157.221:42932, 94514a72-c6de-4ebd-97fe-2a2c4a5db496:192.168.157.221:39507], old=null
2019-08-20 14:03:28,402 INFO  segmented.SegmentedRaftLogWorker (SegmentedRaftLogWorker.java:execute(569)) - 44a8054b-acc3-4d83-a55b-30f3f259d19d-SegmentedRaftLogWorker:Storage Directory /workdir/hadoop-ozone/integration-test/target/test-dir/MiniOzoneClusterImpl-a5093427-9167-43d9-94b9-19b4565cf696/datanode-1/data/ratis/99d75ece-f1ba-4cae-b32a-f8e860b63721: created new log segment /workdir/hadoop-ozone/integration-test/target/test-dir/MiniOzoneClusterImpl-a5093427-9167-43d9-94b9-19b4565cf696/datanode-1/data/ratis/99d75ece-f1ba-4cae-b32a-f8e860b63721/current/log_inprogress_0
2019-08-20 14:03:28,402 INFO  impl.LeaderElection (LogUtils.java:infoOrTrace(149)) -   Exception 0: {}
java.util.concurrent.ExecutionException: org.apache.ratis.thirdparty.io.grpc.StatusRuntimeException: UNAVAILABLE: io exception
	at java.util.concurrent.FutureTask.report(FutureTask.java:122)
	at java.util.concurrent.FutureTask.get(FutureTask.java:192)
	at org.apache.ratis.server.impl.LeaderElection.waitForResults(LeaderElection.java:262)
	at org.apache.ratis.server.impl.LeaderElection.askForVotes(LeaderElection.java:200)
	at org.apache.ratis.server.impl.LeaderElection.run(LeaderElection.java:130)
	at java.lang.Thread.run(Thread.java:748)
Caused by: org.apache.ratis.thirdparty.io.grpc.StatusRuntimeException: UNAVAILABLE: io exception
	at org.apache.ratis.thirdparty.io.grpc.stub.ClientCalls.toStatusRuntimeException(ClientCalls.java:233)
	at org.apache.ratis.thirdparty.io.grpc.stub.ClientCalls.getUnchecked(ClientCalls.java:214)
	at org.apache.ratis.thirdparty.io.grpc.stub.ClientCalls.blockingUnaryCall(ClientCalls.java:139)
	at org.apache.ratis.proto.grpc.RaftServerProtocolServiceGrpc$RaftServerProtocolServiceBlockingStub.requestVote(RaftServerProtocolServiceGrpc.java:265)
	at org.apache.ratis.grpc.server.GrpcServerProtocolClient.requestVote(GrpcServerProtocolClient.java:83)
	at org.apache.ratis.grpc.server.GrpcService.requestVote(GrpcService.java:195)
	at org.apache.ratis.server.impl.LeaderElection.lambda$submitRequests$1(LeaderElection.java:237)
	at java.util.concurrent.FutureTask.run(FutureTask.java:266)
	at java.util.concurrent.Executors$RunnableAdapter.call(Executors.java:511)
	at java.util.concurrent.FutureTask.run(FutureTask.java:266)
	at java.util.concurrent.ThreadPoolExecutor.runWorker(ThreadPoolExecutor.java:1149)
	at java.util.concurrent.ThreadPoolExecutor$Worker.run(ThreadPoolExecutor.java:624)
	... 1 more
Caused by: org.apache.ratis.thirdparty.io.netty.channel.AbstractChannel$AnnotatedConnectException: Connection refused: /192.168.157.221:42932
	at sun.nio.ch.SocketChannelImpl.checkConnect(Native Method)
	at sun.nio.ch.SocketChannelImpl.finishConnect(SocketChannelImpl.java:717)
	at org.apache.ratis.thirdparty.io.netty.channel.socket.nio.NioSocketChannel.doFinishConnect(NioSocketChannel.java:327)
	at org.apache.ratis.thirdparty.io.netty.channel.nio.AbstractNioChannel$AbstractNioUnsafe.finishConnect(AbstractNioChannel.java:340)
	at org.apache.ratis.thirdparty.io.netty.channel.nio.NioEventLoop.processSelectedKey(NioEventLoop.java:632)
	at org.apache.ratis.thirdparty.io.netty.channel.nio.NioEventLoop.processSelectedKeysOptimized(NioEventLoop.java:579)
	at org.apache.ratis.thirdparty.io.netty.channel.nio.NioEventLoop.processSelectedKeys(NioEventLoop.java:496)
	at org.apache.ratis.thirdparty.io.netty.channel.nio.NioEventLoop.run(NioEventLoop.java:458)
	at org.apache.ratis.thirdparty.io.netty.util.concurrent.SingleThreadEventExecutor$5.run(SingleThreadEventExecutor.java:897)
	at org.apache.ratis.thirdparty.io.netty.util.concurrent.FastThreadLocalRunnable.run(FastThreadLocalRunnable.java:30)
	... 1 more
Caused by: java.net.ConnectException: Connection refused
	... 11 more
2019-08-20 14:03:28,403 INFO  impl.RaftServerImpl (RaftServerImpl.java:setRole(171)) - 44a8054b-acc3-4d83-a55b-30f3f259d19d:group-779C78602A24 changes role from CANDIDATE to FOLLOWER at term 1 for DISCOVERED_A_NEW_TERM
2019-08-20 14:03:28,403 INFO  impl.LeaderElection (LeaderElection.java:logAndReturn(56)) - 94514a72-c6de-4ebd-97fe-2a2c4a5db496:group-779C78602A24:LeaderElection15: Election REJECTED; received 1 response(s) [94514a72-c6de-4ebd-97fe-2a2c4a5db496<-44a8054b-acc3-4d83-a55b-30f3f259d19d#0:FAIL-t1] and 1 exception(s); 94514a72-c6de-4ebd-97fe-2a2c4a5db496:t1, leader=null, voted=94514a72-c6de-4ebd-97fe-2a2c4a5db496, raftlog=94514a72-c6de-4ebd-97fe-2a2c4a5db496-SegmentedRaftLog:OPENED:c-1,f-1,i0, conf=-1: [44a8054b-acc3-4d83-a55b-30f3f259d19d:192.168.157.221:35929, 38221ef5-4b6d-4f4b-abde-abccf4438b27:192.168.157.221:42932, 94514a72-c6de-4ebd-97fe-2a2c4a5db496:192.168.157.221:39507], old=null
2019-08-20 14:03:28,405 INFO  impl.RoleInfo (RoleInfo.java:shutdownLeaderElection(134)) - 44a8054b-acc3-4d83-a55b-30f3f259d19d: shutdown LeaderElection
2019-08-20 14:03:28,405 INFO  impl.LeaderElection (LogUtils.java:infoOrTrace(149)) -   Exception 0: {}
java.util.concurrent.ExecutionException: org.apache.ratis.thirdparty.io.grpc.StatusRuntimeException: UNAVAILABLE: io exception
	at java.util.concurrent.FutureTask.report(FutureTask.java:122)
	at java.util.concurrent.FutureTask.get(FutureTask.java:192)
	at org.apache.ratis.server.impl.LeaderElection.waitForResults(LeaderElection.java:262)
	at org.apache.ratis.server.impl.LeaderElection.askForVotes(LeaderElection.java:200)
	at org.apache.ratis.server.impl.LeaderElection.run(LeaderElection.java:130)
	at java.lang.Thread.run(Thread.java:748)
Caused by: org.apache.ratis.thirdparty.io.grpc.StatusRuntimeException: UNAVAILABLE: io exception
	at org.apache.ratis.thirdparty.io.grpc.stub.ClientCalls.toStatusRuntimeException(ClientCalls.java:233)
	at org.apache.ratis.thirdparty.io.grpc.stub.ClientCalls.getUnchecked(ClientCalls.java:214)
	at org.apache.ratis.thirdparty.io.grpc.stub.ClientCalls.blockingUnaryCall(ClientCalls.java:139)
	at org.apache.ratis.proto.grpc.RaftServerProtocolServiceGrpc$RaftServerProtocolServiceBlockingStub.requestVote(RaftServerProtocolServiceGrpc.java:265)
	at org.apache.ratis.grpc.server.GrpcServerProtocolClient.requestVote(GrpcServerProtocolClient.java:83)
	at org.apache.ratis.grpc.server.GrpcService.requestVote(GrpcService.java:195)
	at org.apache.ratis.server.impl.LeaderElection.lambda$submitRequests$1(LeaderElection.java:237)
	at java.util.concurrent.FutureTask.run(FutureTask.java:266)
	at java.util.concurrent.Executors$RunnableAdapter.call(Executors.java:511)
	at java.util.concurrent.FutureTask.run(FutureTask.java:266)
	at java.util.concurrent.ThreadPoolExecutor.runWorker(ThreadPoolExecutor.java:1149)
	at java.util.concurrent.ThreadPoolExecutor$Worker.run(ThreadPoolExecutor.java:624)
	... 1 more
Caused by: org.apache.ratis.thirdparty.io.netty.channel.AbstractChannel$AnnotatedConnectException: Connection refused: /192.168.157.221:42932
	at sun.nio.ch.SocketChannelImpl.checkConnect(Native Method)
	at sun.nio.ch.SocketChannelImpl.finishConnect(SocketChannelImpl.java:717)
	at org.apache.ratis.thirdparty.io.netty.channel.socket.nio.NioSocketChannel.doFinishConnect(NioSocketChannel.java:327)
	at org.apache.ratis.thirdparty.io.netty.channel.nio.AbstractNioChannel$AbstractNioUnsafe.finishConnect(AbstractNioChannel.java:340)
	at org.apache.ratis.thirdparty.io.netty.channel.nio.NioEventLoop.processSelectedKey(NioEventLoop.java:632)
	at org.apache.ratis.thirdparty.io.netty.channel.nio.NioEventLoop.processSelectedKeysOptimized(NioEventLoop.java:579)
	at org.apache.ratis.thirdparty.io.netty.channel.nio.NioEventLoop.processSelectedKeys(NioEventLoop.java:496)
	at org.apache.ratis.thirdparty.io.netty.channel.nio.NioEventLoop.run(NioEventLoop.java:458)
	at org.apache.ratis.thirdparty.io.netty.util.concurrent.SingleThreadEventExecutor$5.run(SingleThreadEventExecutor.java:897)
	at org.apache.ratis.thirdparty.io.netty.util.concurrent.FastThreadLocalRunnable.run(FastThreadLocalRunnable.java:30)
	... 1 more
Caused by: java.net.ConnectException: Connection refused
	... 11 more
2019-08-20 14:03:28,405 INFO  impl.RoleInfo (RoleInfo.java:updateAndGet(143)) - 44a8054b-acc3-4d83-a55b-30f3f259d19d: start FollowerState
2019-08-20 14:03:28,406 INFO  impl.RaftServerImpl (RaftServerImpl.java:setRole(171)) - 94514a72-c6de-4ebd-97fe-2a2c4a5db496:group-779C78602A24 changes role from CANDIDATE to FOLLOWER at term 1 for DISCOVERED_A_NEW_TERM
2019-08-20 14:03:28,408 INFO  impl.RoleInfo (RoleInfo.java:shutdownLeaderElection(134)) - 94514a72-c6de-4ebd-97fe-2a2c4a5db496: shutdown LeaderElection
2019-08-20 14:03:28,408 INFO  impl.RoleInfo (RoleInfo.java:updateAndGet(143)) - 94514a72-c6de-4ebd-97fe-2a2c4a5db496: start FollowerState
2019-08-20 14:03:28,415 INFO  segmented.SegmentedRaftLogWorker (SegmentedRaftLogWorker.java:execute(569)) - 94514a72-c6de-4ebd-97fe-2a2c4a5db496-SegmentedRaftLogWorker:Storage Directory /workdir/hadoop-ozone/integration-test/target/test-dir/MiniOzoneClusterImpl-a5093427-9167-43d9-94b9-19b4565cf696/datanode-2/data/ratis/a2f366ed-0b70-4dbf-a5a5-7dedfd9f574e: created new log segment /workdir/hadoop-ozone/integration-test/target/test-dir/MiniOzoneClusterImpl-a5093427-9167-43d9-94b9-19b4565cf696/datanode-2/data/ratis/a2f366ed-0b70-4dbf-a5a5-7dedfd9f574e/current/log_inprogress_0
2019-08-20 14:03:31,787 INFO  ozoneimpl.OzoneContainer (OzoneContainer.java:stop(199)) - Attempting to stop container services.
2019-08-20 14:03:31,788 INFO  impl.RaftServerProxy (RaftServerProxy.java:lambda$close$4(314)) - 44a8054b-acc3-4d83-a55b-30f3f259d19d: close
2019-08-20 14:03:31,788 INFO  impl.RaftServerImpl (RaftServerImpl.java:lambda$shutdown$3(245)) - 44a8054b-acc3-4d83-a55b-30f3f259d19d: shutdown group-779C78602A24
2019-08-20 14:03:31,789 INFO  impl.RaftServerImpl (RaftServerImpl.java:lambda$shutdown$3(245)) - 44a8054b-acc3-4d83-a55b-30f3f259d19d: shutdown group-F8E860B63721
2019-08-20 14:03:31,789 INFO  util.JmxRegister (JmxRegister.java:unregister(73)) - Successfully un-registered JMX Bean with object name Ratis:service=RaftServer,group=group-779C78602A24,id=44a8054b-acc3-4d83-a55b-30f3f259d19d
2019-08-20 14:03:31,789 INFO  util.JmxRegister (JmxRegister.java:unregister(73)) - Successfully un-registered JMX Bean with object name Ratis:service=RaftServer,group=group-F8E860B63721,id=44a8054b-acc3-4d83-a55b-30f3f259d19d
2019-08-20 14:03:31,790 INFO  impl.RoleInfo (RoleInfo.java:shutdownFollowerState(121)) - 44a8054b-acc3-4d83-a55b-30f3f259d19d: shutdown FollowerState
2019-08-20 14:03:31,790 INFO  impl.RoleInfo (RoleInfo.java:shutdownLeaderState(104)) - 44a8054b-acc3-4d83-a55b-30f3f259d19d: shutdown LeaderState
2019-08-20 14:03:31,790 INFO  impl.FollowerState (FollowerState.java:run(114)) - 44a8054b-acc3-4d83-a55b-30f3f259d19d: FollowerState was interrupted: java.lang.InterruptedException: sleep interrupted
2019-08-20 14:03:31,792 INFO  impl.PendingRequests (PendingRequests.java:sendNotLeaderResponses(202)) - 44a8054b-acc3-4d83-a55b-30f3f259d19d-PendingRequests: sendNotLeaderResponses
2019-08-20 14:03:31,790 INFO  impl.StateMachineUpdater (StateMachineUpdater.java:stopAndJoin(115)) - StateMachineUpdater:44a8054b-acc3-4d83-a55b-30f3f259d19d:group-779C78602A24: set stopIndex = -1
2019-08-20 14:03:31,794 INFO  impl.StateMachineUpdater (StateMachineUpdater.java:stopAndJoin(115)) - StateMachineUpdater:44a8054b-acc3-4d83-a55b-30f3f259d19d:group-F8E860B63721: set stopIndex = 0
2019-08-20 14:03:31,796 INFO  impl.RaftServerImpl (ServerState.java:close(394)) - 44a8054b-acc3-4d83-a55b-30f3f259d19d:group-F8E860B63721 closes. The last applied log index is 0
2019-08-20 14:03:31,795 INFO  impl.RaftServerImpl (ServerState.java:close(394)) - 44a8054b-acc3-4d83-a55b-30f3f259d19d:group-779C78602A24 closes. The last applied log index is -1
2019-08-20 14:03:31,796 INFO  segmented.SegmentedRaftLogWorker (SegmentedRaftLogWorker.java:run(313)) - 44a8054b-acc3-4d83-a55b-30f3f259d19d-SegmentedRaftLogWorker:Storage Directory /workdir/hadoop-ozone/integration-test/target/test-dir/MiniOzoneClusterImpl-a5093427-9167-43d9-94b9-19b4565cf696/datanode-1/data/ratis/99d75ece-f1ba-4cae-b32a-f8e860b63721 was interrupted, exiting. There are 0 tasks remaining in the queue.
2019-08-20 14:03:31,797 INFO  segmented.SegmentedRaftLogWorker (SegmentedRaftLogWorker.java:run(313)) - 44a8054b-acc3-4d83-a55b-30f3f259d19d-SegmentedRaftLogWorker:Storage Directory /workdir/hadoop-ozone/integration-test/target/test-dir/MiniOzoneClusterImpl-a5093427-9167-43d9-94b9-19b4565cf696/datanode-1/data/ratis/ac29457e-09c2-454e-b9f5-779c78602a24 was interrupted, exiting. There are 0 tasks remaining in the queue.
2019-08-20 14:03:31,798 INFO  segmented.SegmentedRaftLogWorker (SegmentedRaftLogWorker.java:close(228)) - 44a8054b-acc3-4d83-a55b-30f3f259d19d-SegmentedRaftLogWorker:Storage Directory /workdir/hadoop-ozone/integration-test/target/test-dir/MiniOzoneClusterImpl-a5093427-9167-43d9-94b9-19b4565cf696/datanode-1/data/ratis/99d75ece-f1ba-4cae-b32a-f8e860b63721 close()
2019-08-20 14:03:31,798 INFO  segmented.SegmentedRaftLogWorker (SegmentedRaftLogWorker.java:close(228)) - 44a8054b-acc3-4d83-a55b-30f3f259d19d-SegmentedRaftLogWorker:Storage Directory /workdir/hadoop-ozone/integration-test/target/test-dir/MiniOzoneClusterImpl-a5093427-9167-43d9-94b9-19b4565cf696/datanode-1/data/ratis/ac29457e-09c2-454e-b9f5-779c78602a24 close()
2019-08-20 14:03:31,801 INFO  server.GrpcService (GrpcService.java:closeImpl(155)) - 44a8054b-acc3-4d83-a55b-30f3f259d19d: shutdown server with port 35929 now
2019-08-20 14:03:31,804 INFO  server.GrpcService (GrpcService.java:closeImpl(163)) - 44a8054b-acc3-4d83-a55b-30f3f259d19d: shutdown server with port 35929 successfully
2019-08-20 14:03:31,806 INFO  utils.BackgroundService (BackgroundService.java:shutdown(148)) - Shutting down service BlockDeletingService
2019-08-20 14:03:31,807 WARN  fs.CachingGetSpaceUsed (CachingGetSpaceUsed.java:run(183)) - Thread Interrupted waiting to refresh disk information: sleep interrupted
2019-08-20 14:03:31,824 INFO  statemachine.DatanodeStateMachine (DatanodeStateMachine.java:stopDaemon(395)) - Ozone container server stopped.
2019-08-20 14:03:31,825 INFO  handler.ContextHandler (ContextHandler.java:doStop(910)) - Stopped o.e.j.w.WebAppContext@31920436{/,null,UNAVAILABLE}{/hddsDatanode}
2019-08-20 14:03:31,826 INFO  server.AbstractConnector (AbstractConnector.java:doStop(318)) - Stopped ServerConnector@69389e78{HTTP/1.1,[http/1.1]}{0.0.0.0:0}
2019-08-20 14:03:31,826 INFO  handler.ContextHandler (ContextHandler.java:doStop(910)) - Stopped o.e.j.s.ServletContextHandler@6c98a83a{/static,jar:file:/home/user/.m2/repository/org/apache/hadoop/hadoop-hdds-container-service/0.5.0-SNAPSHOT/hadoop-hdds-container-service-0.5.0-SNAPSHOT.jar!/webapps/static,UNAVAILABLE}
2019-08-20 14:03:31,827 INFO  handler.ContextHandler (ContextHandler.java:doStop(910)) - Stopped o.e.j.s.ServletContextHandler@64331a11{/logs,file:///workdir/hadoop-ozone/integration-test/target/log,UNAVAILABLE}
2019-08-20 14:03:31,827 INFO  datanode.ObjectStoreHandler (ObjectStoreHandler.java:close(155)) - Closing ObjectStoreHandler.
2019-08-20 14:03:31,829 INFO  ozone.HddsDatanodeService (HddsDatanodeService.java:stop(451)) - Stopped plug-in org.apache.hadoop.ozone.web.OzoneHddsDatanodeService@7f05cda7
2019-08-20 14:03:31,844 INFO  node.StaleNodeHandler (StaleNodeHandler.java:onMessage(58)) - Datanode 44a8054b-acc3-4d83-a55b-30f3f259d19d{ip: 192.168.157.221, host: pr-hdds-1881-nhl7g-263231641, networkLocation: /default-rack, certSerialId: null} moved to stale state. Finalizing its pipelines [PipelineID=ac29457e-09c2-454e-b9f5-779c78602a24, PipelineID=99d75ece-f1ba-4cae-b32a-f8e860b63721]
2019-08-20 14:03:31,845 INFO  pipeline.SCMPipelineManager (SCMPipelineManager.java:finalizeAndDestroyPipeline(309)) - destroying pipeline:Pipeline[ Id: ac29457e-09c2-454e-b9f5-779c78602a24, Nodes: 38221ef5-4b6d-4f4b-abde-abccf4438b27{ip: 192.168.157.221, host: pr-hdds-1881-nhl7g-263231641, networkLocation: /default-rack, certSerialId: null}94514a72-c6de-4ebd-97fe-2a2c4a5db496{ip: 192.168.157.221, host: pr-hdds-1881-nhl7g-263231641, networkLocation: /default-rack, certSerialId: null}44a8054b-acc3-4d83-a55b-30f3f259d19d{ip: 192.168.157.221, host: pr-hdds-1881-nhl7g-263231641, networkLocation: /default-rack, certSerialId: null}, Type:RATIS, Factor:THREE, State:CLOSED]
2019-08-20 14:03:31,845 INFO  pipeline.SCMPipelineManager (SCMPipelineManager.java:finalizeAndDestroyPipeline(309)) - destroying pipeline:Pipeline[ Id: 99d75ece-f1ba-4cae-b32a-f8e860b63721, Nodes: 44a8054b-acc3-4d83-a55b-30f3f259d19d{ip: 192.168.157.221, host: pr-hdds-1881-nhl7g-263231641, networkLocation: /default-rack, certSerialId: null}, Type:RATIS, Factor:ONE, State:OPEN]
2019-08-20 14:03:31,845 INFO  pipeline.PipelineStateManager (PipelineStateManager.java:finalizePipeline(123)) - Pipeline Pipeline[ Id: 99d75ece-f1ba-4cae-b32a-f8e860b63721, Nodes: 44a8054b-acc3-4d83-a55b-30f3f259d19d{ip: 192.168.157.221, host: pr-hdds-1881-nhl7g-263231641, networkLocation: /default-rack, certSerialId: null}, Type:RATIS, Factor:ONE, State:CLOSED] moved to CLOSED state
2019-08-20 14:03:32,361 INFO  statemachine.DatanodeStateMachine (DatanodeStateMachine.java:lambda$startDaemon$0(350)) - Ozone container server started.
2019-08-20 14:03:33,600 INFO  impl.FollowerState (FollowerState.java:run(106)) - 94514a72-c6de-4ebd-97fe-2a2c4a5db496:group-779C78602A24 changes to CANDIDATE, lastRpcTime:5191, electionTimeout:5190ms
2019-08-20 14:03:33,600 INFO  impl.RoleInfo (RoleInfo.java:shutdownFollowerState(121)) - 94514a72-c6de-4ebd-97fe-2a2c4a5db496: shutdown FollowerState
2019-08-20 14:03:33,600 INFO  impl.RaftServerImpl (RaftServerImpl.java:setRole(171)) - 94514a72-c6de-4ebd-97fe-2a2c4a5db496:group-779C78602A24 changes role from FOLLOWER to CANDIDATE at term 1 for changeToCandidate
2019-08-20 14:03:33,600 INFO  impl.RoleInfo (RoleInfo.java:updateAndGet(143)) - 94514a72-c6de-4ebd-97fe-2a2c4a5db496: start LeaderElection
2019-08-20 14:03:33,627 INFO  impl.LeaderElection (LeaderElection.java:askForVotes(181)) - 94514a72-c6de-4ebd-97fe-2a2c4a5db496:group-779C78602A24:LeaderElection17: begin an election at term 2 for -1: [44a8054b-acc3-4d83-a55b-30f3f259d19d:192.168.157.221:35929, 38221ef5-4b6d-4f4b-abde-abccf4438b27:192.168.157.221:42932, 94514a72-c6de-4ebd-97fe-2a2c4a5db496:192.168.157.221:39507], old=null
2019-08-20 14:03:33,629 INFO  impl.LeaderElection (LogUtils.java:infoOrTrace(149)) - 94514a72-c6de-4ebd-97fe-2a2c4a5db496:group-779C78602A24:LeaderElection17 got exception when requesting votes: {}
java.util.concurrent.ExecutionException: org.apache.ratis.thirdparty.io.grpc.StatusRuntimeException: UNAVAILABLE: io exception
	at java.util.concurrent.FutureTask.report(FutureTask.java:122)
	at java.util.concurrent.FutureTask.get(FutureTask.java:192)
	at org.apache.ratis.server.impl.LeaderElection.waitForResults(LeaderElection.java:262)
	at org.apache.ratis.server.impl.LeaderElection.askForVotes(LeaderElection.java:200)
	at org.apache.ratis.server.impl.LeaderElection.run(LeaderElection.java:130)
	at java.lang.Thread.run(Thread.java:748)
Caused by: org.apache.ratis.thirdparty.io.grpc.StatusRuntimeException: UNAVAILABLE: io exception
	at org.apache.ratis.thirdparty.io.grpc.stub.ClientCalls.toStatusRuntimeException(ClientCalls.java:233)
	at org.apache.ratis.thirdparty.io.grpc.stub.ClientCalls.getUnchecked(ClientCalls.java:214)
	at org.apache.ratis.thirdparty.io.grpc.stub.ClientCalls.blockingUnaryCall(ClientCalls.java:139)
	at org.apache.ratis.proto.grpc.RaftServerProtocolServiceGrpc$RaftServerProtocolServiceBlockingStub.requestVote(RaftServerProtocolServiceGrpc.java:265)
	at org.apache.ratis.grpc.server.GrpcServerProtocolClient.requestVote(GrpcServerProtocolClient.java:83)
	at org.apache.ratis.grpc.server.GrpcService.requestVote(GrpcService.java:195)
	at org.apache.ratis.server.impl.LeaderElection.lambda$submitRequests$1(LeaderElection.java:237)
	at java.util.concurrent.FutureTask.run(FutureTask.java:266)
	at java.util.concurrent.Executors$RunnableAdapter.call(Executors.java:511)
	at java.util.concurrent.FutureTask.run(FutureTask.java:266)
	at java.util.concurrent.ThreadPoolExecutor.runWorker(ThreadPoolExecutor.java:1149)
	at java.util.concurrent.ThreadPoolExecutor$Worker.run(ThreadPoolExecutor.java:624)
	... 1 more
Caused by: org.apache.ratis.thirdparty.io.netty.channel.AbstractChannel$AnnotatedConnectException: Connection refused: /192.168.157.221:42932
	at sun.nio.ch.SocketChannelImpl.checkConnect(Native Method)
	at sun.nio.ch.SocketChannelImpl.finishConnect(SocketChannelImpl.java:717)
	at org.apache.ratis.thirdparty.io.netty.channel.socket.nio.NioSocketChannel.doFinishConnect(NioSocketChannel.java:327)
	at org.apache.ratis.thirdparty.io.netty.channel.nio.AbstractNioChannel$AbstractNioUnsafe.finishConnect(AbstractNioChannel.java:340)
	at org.apache.ratis.thirdparty.io.netty.channel.nio.NioEventLoop.processSelectedKey(NioEventLoop.java:632)
	at org.apache.ratis.thirdparty.io.netty.channel.nio.NioEventLoop.processSelectedKeysOptimized(NioEventLoop.java:579)
	at org.apache.ratis.thirdparty.io.netty.channel.nio.NioEventLoop.processSelectedKeys(NioEventLoop.java:496)
	at org.apache.ratis.thirdparty.io.netty.channel.nio.NioEventLoop.run(NioEventLoop.java:458)
	at org.apache.ratis.thirdparty.io.netty.util.concurrent.SingleThreadEventExecutor$5.run(SingleThreadEventExecutor.java:897)
	at org.apache.ratis.thirdparty.io.netty.util.concurrent.FastThreadLocalRunnable.run(FastThreadLocalRunnable.java:30)
	... 1 more
Caused by: java.net.ConnectException: Connection refused
	... 11 more
2019-08-20 14:03:33,633 INFO  impl.LeaderElection (LogUtils.java:infoOrTrace(149)) - 94514a72-c6de-4ebd-97fe-2a2c4a5db496:group-779C78602A24:LeaderElection17 got exception when requesting votes: {}
java.util.concurrent.ExecutionException: org.apache.ratis.thirdparty.io.grpc.StatusRuntimeException: UNAVAILABLE: io exception
	at java.util.concurrent.FutureTask.report(FutureTask.java:122)
	at java.util.concurrent.FutureTask.get(FutureTask.java:192)
	at org.apache.ratis.server.impl.LeaderElection.waitForResults(LeaderElection.java:262)
	at org.apache.ratis.server.impl.LeaderElection.askForVotes(LeaderElection.java:200)
	at org.apache.ratis.server.impl.LeaderElection.run(LeaderElection.java:130)
	at java.lang.Thread.run(Thread.java:748)
Caused by: org.apache.ratis.thirdparty.io.grpc.StatusRuntimeException: UNAVAILABLE: io exception
	at org.apache.ratis.thirdparty.io.grpc.stub.ClientCalls.toStatusRuntimeException(ClientCalls.java:233)
	at org.apache.ratis.thirdparty.io.grpc.stub.ClientCalls.getUnchecked(ClientCalls.java:214)
	at org.apache.ratis.thirdparty.io.grpc.stub.ClientCalls.blockingUnaryCall(ClientCalls.java:139)
	at org.apache.ratis.proto.grpc.RaftServerProtocolServiceGrpc$RaftServerProtocolServiceBlockingStub.requestVote(RaftServerProtocolServiceGrpc.java:265)
	at org.apache.ratis.grpc.server.GrpcServerProtocolClient.requestVote(GrpcServerProtocolClient.java:83)
	at org.apache.ratis.grpc.server.GrpcService.requestVote(GrpcService.java:195)
	at org.apache.ratis.server.impl.LeaderElection.lambda$submitRequests$1(LeaderElection.java:237)
	at java.util.concurrent.FutureTask.run(FutureTask.java:266)
	at java.util.concurrent.Executors$RunnableAdapter.call(Executors.java:511)
	at java.util.concurrent.FutureTask.run(FutureTask.java:266)
	at java.util.concurrent.ThreadPoolExecutor.runWorker(ThreadPoolExecutor.java:1149)
	at java.util.concurrent.ThreadPoolExecutor$Worker.run(ThreadPoolExecutor.java:624)
	... 1 more
Caused by: org.apache.ratis.thirdparty.io.netty.channel.AbstractChannel$AnnotatedConnectException: Connection refused: /192.168.157.221:35929
	at sun.nio.ch.SocketChannelImpl.checkConnect(Native Method)
	at sun.nio.ch.SocketChannelImpl.finishConnect(SocketChannelImpl.java:717)
	at org.apache.ratis.thirdparty.io.netty.channel.socket.nio.NioSocketChannel.doFinishConnect(NioSocketChannel.java:327)
	at org.apache.ratis.thirdparty.io.netty.channel.nio.AbstractNioChannel$AbstractNioUnsafe.finishConnect(AbstractNioChannel.java:340)
	at org.apache.ratis.thirdparty.io.netty.channel.nio.NioEventLoop.processSelectedKey(NioEventLoop.java:632)
	at org.apache.ratis.thirdparty.io.netty.channel.nio.NioEventLoop.processSelectedKeysOptimized(NioEventLoop.java:579)
	at org.apache.ratis.thirdparty.io.netty.channel.nio.NioEventLoop.processSelectedKeys(NioEventLoop.java:496)
	at org.apache.ratis.thirdparty.io.netty.channel.nio.NioEventLoop.run(NioEventLoop.java:458)
	at org.apache.ratis.thirdparty.io.netty.util.concurrent.SingleThreadEventExecutor$5.run(SingleThreadEventExecutor.java:897)
	at org.apache.ratis.thirdparty.io.netty.util.concurrent.FastThreadLocalRunnable.run(FastThreadLocalRunnable.java:30)
	... 1 more
Caused by: java.net.ConnectException: Connection refused
	... 11 more
2019-08-20 14:03:33,634 INFO  impl.LeaderElection (LeaderElection.java:logAndReturn(56)) - 94514a72-c6de-4ebd-97fe-2a2c4a5db496:group-779C78602A24:LeaderElection17: Election REJECTED; received 0 response(s) [] and 2 exception(s); 94514a72-c6de-4ebd-97fe-2a2c4a5db496:t2, leader=null, voted=94514a72-c6de-4ebd-97fe-2a2c4a5db496, raftlog=94514a72-c6de-4ebd-97fe-2a2c4a5db496-SegmentedRaftLog:OPENED:c-1,f-1,i0, conf=-1: [44a8054b-acc3-4d83-a55b-30f3f259d19d:192.168.157.221:35929, 38221ef5-4b6d-4f4b-abde-abccf4438b27:192.168.157.221:42932, 94514a72-c6de-4ebd-97fe-2a2c4a5db496:192.168.157.221:39507], old=null
2019-08-20 14:03:33,635 INFO  impl.LeaderElection (LogUtils.java:infoOrTrace(149)) -   Exception 0: {}
java.util.concurrent.ExecutionException: org.apache.ratis.thirdparty.io.grpc.StatusRuntimeException: UNAVAILABLE: io exception
	at java.util.concurrent.FutureTask.report(FutureTask.java:122)
	at java.util.concurrent.FutureTask.get(FutureTask.java:192)
	at org.apache.ratis.server.impl.LeaderElection.waitForResults(LeaderElection.java:262)
	at org.apache.ratis.server.impl.LeaderElection.askForVotes(LeaderElection.java:200)
	at org.apache.ratis.server.impl.LeaderElection.run(LeaderElection.java:130)
	at java.lang.Thread.run(Thread.java:748)
Caused by: org.apache.ratis.thirdparty.io.grpc.StatusRuntimeException: UNAVAILABLE: io exception
	at org.apache.ratis.thirdparty.io.grpc.stub.ClientCalls.toStatusRuntimeException(ClientCalls.java:233)
	at org.apache.ratis.thirdparty.io.grpc.stub.ClientCalls.getUnchecked(ClientCalls.java:214)
	at org.apache.ratis.thirdparty.io.grpc.stub.ClientCalls.blockingUnaryCall(ClientCalls.java:139)
	at org.apache.ratis.proto.grpc.RaftServerProtocolServiceGrpc$RaftServerProtocolServiceBlockingStub.requestVote(RaftServerProtocolServiceGrpc.java:265)
	at org.apache.ratis.grpc.server.GrpcServerProtocolClient.requestVote(GrpcServerProtocolClient.java:83)
	at org.apache.ratis.grpc.server.GrpcService.requestVote(GrpcService.java:195)
	at org.apache.ratis.server.impl.LeaderElection.lambda$submitRequests$1(LeaderElection.java:237)
	at java.util.concurrent.FutureTask.run(FutureTask.java:266)
	at java.util.concurrent.Executors$RunnableAdapter.call(Executors.java:511)
	at java.util.concurrent.FutureTask.run(FutureTask.java:266)
	at java.util.concurrent.ThreadPoolExecutor.runWorker(ThreadPoolExecutor.java:1149)
	at java.util.concurrent.ThreadPoolExecutor$Worker.run(ThreadPoolExecutor.java:624)
	... 1 more
Caused by: org.apache.ratis.thirdparty.io.netty.channel.AbstractChannel$AnnotatedConnectException: Connection refused: /192.168.157.221:42932
	at sun.nio.ch.SocketChannelImpl.checkConnect(Native Method)
	at sun.nio.ch.SocketChannelImpl.finishConnect(SocketChannelImpl.java:717)
	at org.apache.ratis.thirdparty.io.netty.channel.socket.nio.NioSocketChannel.doFinishConnect(NioSocketChannel.java:327)
	at org.apache.ratis.thirdparty.io.netty.channel.nio.AbstractNioChannel$AbstractNioUnsafe.finishConnect(AbstractNioChannel.java:340)
	at org.apache.ratis.thirdparty.io.netty.channel.nio.NioEventLoop.processSelectedKey(NioEventLoop.java:632)
	at org.apache.ratis.thirdparty.io.netty.channel.nio.NioEventLoop.processSelectedKeysOptimized(NioEventLoop.java:579)
	at org.apache.ratis.thirdparty.io.netty.channel.nio.NioEventLoop.processSelectedKeys(NioEventLoop.java:496)
	at org.apache.ratis.thirdparty.io.netty.channel.nio.NioEventLoop.run(NioEventLoop.java:458)
	at org.apache.ratis.thirdparty.io.netty.util.concurrent.SingleThreadEventExecutor$5.run(SingleThreadEventExecutor.java:897)
	at org.apache.ratis.thirdparty.io.netty.util.concurrent.FastThreadLocalRunnable.run(FastThreadLocalRunnable.java:30)
	... 1 more
Caused by: java.net.ConnectException: Connection refused
	... 11 more
2019-08-20 14:03:33,635 INFO  impl.LeaderElection (LogUtils.java:infoOrTrace(149)) -   Exception 1: {}
java.util.concurrent.ExecutionException: org.apache.ratis.thirdparty.io.grpc.StatusRuntimeException: UNAVAILABLE: io exception
	at java.util.concurrent.FutureTask.report(FutureTask.java:122)
	at java.util.concurrent.FutureTask.get(FutureTask.java:192)
	at org.apache.ratis.server.impl.LeaderElection.waitForResults(LeaderElection.java:262)
	at org.apache.ratis.server.impl.LeaderElection.askForVotes(LeaderElection.java:200)
	at org.apache.ratis.server.impl.LeaderElection.run(LeaderElection.java:130)
	at java.lang.Thread.run(Thread.java:748)
Caused by: org.apache.ratis.thirdparty.io.grpc.StatusRuntimeException: UNAVAILABLE: io exception
	at org.apache.ratis.thirdparty.io.grpc.stub.ClientCalls.toStatusRuntimeException(ClientCalls.java:233)
	at org.apache.ratis.thirdparty.io.grpc.stub.ClientCalls.getUnchecked(ClientCalls.java:214)
	at org.apache.ratis.thirdparty.io.grpc.stub.ClientCalls.blockingUnaryCall(ClientCalls.java:139)
	at org.apache.ratis.proto.grpc.RaftServerProtocolServiceGrpc$RaftServerProtocolServiceBlockingStub.requestVote(RaftServerProtocolServiceGrpc.java:265)
	at org.apache.ratis.grpc.server.GrpcServerProtocolClient.requestVote(GrpcServerProtocolClient.java:83)
	at org.apache.ratis.grpc.server.GrpcService.requestVote(GrpcService.java:195)
	at org.apache.ratis.server.impl.LeaderElection.lambda$submitRequests$1(LeaderElection.java:237)
	at java.util.concurrent.FutureTask.run(FutureTask.java:266)
	at java.util.concurrent.Executors$RunnableAdapter.call(Executors.java:511)
	at java.util.concurrent.FutureTask.run(FutureTask.java:266)
	at java.util.concurrent.ThreadPoolExecutor.runWorker(ThreadPoolExecutor.java:1149)
	at java.util.concurrent.ThreadPoolExecutor$Worker.run(ThreadPoolExecutor.java:624)
	... 1 more
Caused by: org.apache.ratis.thirdparty.io.netty.channel.AbstractChannel$AnnotatedConnectException: Connection refused: /192.168.157.221:35929
	at sun.nio.ch.SocketChannelImpl.checkConnect(Native Method)
	at sun.nio.ch.SocketChannelImpl.finishConnect(SocketChannelImpl.java:717)
	at org.apache.ratis.thirdparty.io.netty.channel.socket.nio.NioSocketChannel.doFinishConnect(NioSocketChannel.java:327)
	at org.apache.ratis.thirdparty.io.netty.channel.nio.AbstractNioChannel$AbstractNioUnsafe.finishConnect(AbstractNioChannel.java:340)
	at org.apache.ratis.thirdparty.io.netty.channel.nio.NioEventLoop.processSelectedKey(NioEventLoop.java:632)
	at org.apache.ratis.thirdparty.io.netty.channel.nio.NioEventLoop.processSelectedKeysOptimized(NioEventLoop.java:579)
	at org.apache.ratis.thirdparty.io.netty.channel.nio.NioEventLoop.processSelectedKeys(NioEventLoop.java:496)
	at org.apache.ratis.thirdparty.io.netty.channel.nio.NioEventLoop.run(NioEventLoop.java:458)
	at org.apache.ratis.thirdparty.io.netty.util.concurrent.SingleThreadEventExecutor$5.run(SingleThreadEventExecutor.java:897)
	at org.apache.ratis.thirdparty.io.netty.util.concurrent.FastThreadLocalRunnable.run(FastThreadLocalRunnable.java:30)
	... 1 more
Caused by: java.net.ConnectException: Connection refused
	... 11 more
2019-08-20 14:03:33,636 INFO  impl.RaftServerImpl (RaftServerImpl.java:setRole(171)) - 94514a72-c6de-4ebd-97fe-2a2c4a5db496:group-779C78602A24 changes role from CANDIDATE to FOLLOWER at term 2 for DISCOVERED_A_NEW_TERM
2019-08-20 14:03:33,637 INFO  impl.RoleInfo (RoleInfo.java:shutdownLeaderElection(134)) - 94514a72-c6de-4ebd-97fe-2a2c4a5db496: shutdown LeaderElection
2019-08-20 14:03:33,638 INFO  impl.RoleInfo (RoleInfo.java:updateAndGet(143)) - 94514a72-c6de-4ebd-97fe-2a2c4a5db496: start FollowerState
2019-08-20 14:03:36,830 INFO  ozoneimpl.OzoneContainer (OzoneContainer.java:stop(199)) - Attempting to stop container services.
2019-08-20 14:03:36,830 INFO  impl.RaftServerProxy (RaftServerProxy.java:lambda$close$4(314)) - 94514a72-c6de-4ebd-97fe-2a2c4a5db496: close
2019-08-20 14:03:36,831 INFO  impl.RaftServerImpl (RaftServerImpl.java:lambda$shutdown$3(245)) - 94514a72-c6de-4ebd-97fe-2a2c4a5db496: shutdown group-779C78602A24
2019-08-20 14:03:36,831 INFO  impl.RaftServerImpl (RaftServerImpl.java:lambda$shutdown$3(245)) - 94514a72-c6de-4ebd-97fe-2a2c4a5db496: shutdown group-7DEDFD9F574E
2019-08-20 14:03:36,831 INFO  util.JmxRegister (JmxRegister.java:unregister(73)) - Successfully un-registered JMX Bean with object name Ratis:service=RaftServer,group=group-779C78602A24,id=94514a72-c6de-4ebd-97fe-2a2c4a5db496
2019-08-20 14:03:36,831 INFO  util.JmxRegister (JmxRegister.java:unregister(73)) - Successfully un-registered JMX Bean with object name Ratis:service=RaftServer,group=group-7DEDFD9F574E,id=94514a72-c6de-4ebd-97fe-2a2c4a5db496
2019-08-20 14:03:36,831 INFO  impl.RoleInfo (RoleInfo.java:shutdownFollowerState(121)) - 94514a72-c6de-4ebd-97fe-2a2c4a5db496: shutdown FollowerState
2019-08-20 14:03:36,831 INFO  impl.RoleInfo (RoleInfo.java:shutdownLeaderState(104)) - 94514a72-c6de-4ebd-97fe-2a2c4a5db496: shutdown LeaderState
2019-08-20 14:03:36,832 INFO  impl.FollowerState (FollowerState.java:run(114)) - 94514a72-c6de-4ebd-97fe-2a2c4a5db496: FollowerState was interrupted: java.lang.InterruptedException: sleep interrupted
2019-08-20 14:03:36,831 INFO  impl.StateMachineUpdater (StateMachineUpdater.java:stopAndJoin(115)) - StateMachineUpdater:94514a72-c6de-4ebd-97fe-2a2c4a5db496:group-779C78602A24: set stopIndex = -1
2019-08-20 14:03:36,833 INFO  impl.PendingRequests (PendingRequests.java:sendNotLeaderResponses(202)) - 94514a72-c6de-4ebd-97fe-2a2c4a5db496-PendingRequests: sendNotLeaderResponses
2019-08-20 14:03:36,834 INFO  impl.RaftServerImpl (ServerState.java:close(394)) - 94514a72-c6de-4ebd-97fe-2a2c4a5db496:group-779C78602A24 closes. The last applied log index is -1
2019-08-20 14:03:36,834 INFO  impl.StateMachineUpdater (StateMachineUpdater.java:stopAndJoin(115)) - StateMachineUpdater:94514a72-c6de-4ebd-97fe-2a2c4a5db496:group-7DEDFD9F574E: set stopIndex = 0
2019-08-20 14:03:36,835 INFO  segmented.SegmentedRaftLogWorker (SegmentedRaftLogWorker.java:run(313)) - 94514a72-c6de-4ebd-97fe-2a2c4a5db496-SegmentedRaftLogWorker:Storage Directory /workdir/hadoop-ozone/integration-test/target/test-dir/MiniOzoneClusterImpl-a5093427-9167-43d9-94b9-19b4565cf696/datanode-2/data/ratis/ac29457e-09c2-454e-b9f5-779c78602a24 was interrupted, exiting. There are 0 tasks remaining in the queue.
2019-08-20 14:03:36,835 INFO  impl.RaftServerImpl (ServerState.java:close(394)) - 94514a72-c6de-4ebd-97fe-2a2c4a5db496:group-7DEDFD9F574E closes. The last applied log index is 0
2019-08-20 14:03:36,835 INFO  segmented.SegmentedRaftLogWorker (SegmentedRaftLogWorker.java:close(228)) - 94514a72-c6de-4ebd-97fe-2a2c4a5db496-SegmentedRaftLogWorker:Storage Directory /workdir/hadoop-ozone/integration-test/target/test-dir/MiniOzoneClusterImpl-a5093427-9167-43d9-94b9-19b4565cf696/datanode-2/data/ratis/ac29457e-09c2-454e-b9f5-779c78602a24 close()
2019-08-20 14:03:36,835 INFO  segmented.SegmentedRaftLogWorker (SegmentedRaftLogWorker.java:run(313)) - 94514a72-c6de-4ebd-97fe-2a2c4a5db496-SegmentedRaftLogWorker:Storage Directory /workdir/hadoop-ozone/integration-test/target/test-dir/MiniOzoneClusterImpl-a5093427-9167-43d9-94b9-19b4565cf696/datanode-2/data/ratis/a2f366ed-0b70-4dbf-a5a5-7dedfd9f574e was interrupted, exiting. There are 0 tasks remaining in the queue.
2019-08-20 14:03:36,837 INFO  segmented.SegmentedRaftLogWorker (SegmentedRaftLogWorker.java:close(228)) - 94514a72-c6de-4ebd-97fe-2a2c4a5db496-SegmentedRaftLogWorker:Storage Directory /workdir/hadoop-ozone/integration-test/target/test-dir/MiniOzoneClusterImpl-a5093427-9167-43d9-94b9-19b4565cf696/datanode-2/data/ratis/a2f366ed-0b70-4dbf-a5a5-7dedfd9f574e close()
2019-08-20 14:03:36,837 INFO  server.GrpcService (GrpcService.java:closeImpl(155)) - 94514a72-c6de-4ebd-97fe-2a2c4a5db496: shutdown server with port 39507 now
2019-08-20 14:03:36,839 INFO  server.GrpcService (GrpcService.java:closeImpl(163)) - 94514a72-c6de-4ebd-97fe-2a2c4a5db496: shutdown server with port 39507 successfully
2019-08-20 14:03:36,843 INFO  utils.BackgroundService (BackgroundService.java:shutdown(148)) - Shutting down service BlockDeletingService
2019-08-20 14:03:36,844 WARN  fs.CachingGetSpaceUsed (CachingGetSpaceUsed.java:run(183)) - Thread Interrupted waiting to refresh disk information: sleep interrupted
2019-08-20 14:03:36,846 INFO  node.StaleNodeHandler (StaleNodeHandler.java:onMessage(58)) - Datanode 94514a72-c6de-4ebd-97fe-2a2c4a5db496{ip: 192.168.157.221, host: pr-hdds-1881-nhl7g-263231641, networkLocation: /default-rack, certSerialId: null} moved to stale state. Finalizing its pipelines [PipelineID=ac29457e-09c2-454e-b9f5-779c78602a24, PipelineID=a2f366ed-0b70-4dbf-a5a5-7dedfd9f574e]
2019-08-20 14:03:36,846 INFO  pipeline.SCMPipelineManager (SCMPipelineManager.java:finalizeAndDestroyPipeline(309)) - destroying pipeline:Pipeline[ Id: ac29457e-09c2-454e-b9f5-779c78602a24, Nodes: 38221ef5-4b6d-4f4b-abde-abccf4438b27{ip: 192.168.157.221, host: pr-hdds-1881-nhl7g-263231641, networkLocation: /default-rack, certSerialId: null}94514a72-c6de-4ebd-97fe-2a2c4a5db496{ip: 192.168.157.221, host: pr-hdds-1881-nhl7g-263231641, networkLocation: /default-rack, certSerialId: null}44a8054b-acc3-4d83-a55b-30f3f259d19d{ip: 192.168.157.221, host: pr-hdds-1881-nhl7g-263231641, networkLocation: /default-rack, certSerialId: null}, Type:RATIS, Factor:THREE, State:CLOSED]
2019-08-20 14:03:36,846 INFO  pipeline.SCMPipelineManager (SCMPipelineManager.java:finalizeAndDestroyPipeline(309)) - destroying pipeline:Pipeline[ Id: a2f366ed-0b70-4dbf-a5a5-7dedfd9f574e, Nodes: 94514a72-c6de-4ebd-97fe-2a2c4a5db496{ip: 192.168.157.221, host: pr-hdds-1881-nhl7g-263231641, networkLocation: /default-rack, certSerialId: null}, Type:RATIS, Factor:ONE, State:OPEN]
2019-08-20 14:03:36,846 INFO  pipeline.PipelineStateManager (PipelineStateManager.java:finalizePipeline(123)) - Pipeline Pipeline[ Id: a2f366ed-0b70-4dbf-a5a5-7dedfd9f574e, Nodes: 94514a72-c6de-4ebd-97fe-2a2c4a5db496{ip: 192.168.157.221, host: pr-hdds-1881-nhl7g-263231641, networkLocation: /default-rack, certSerialId: null}, Type:RATIS, Factor:ONE, State:CLOSED] moved to CLOSED state
2019-08-20 14:03:36,856 INFO  statemachine.DatanodeStateMachine (DatanodeStateMachine.java:stopDaemon(395)) - Ozone container server stopped.
2019-08-20 14:03:36,857 INFO  handler.ContextHandler (ContextHandler.java:doStop(910)) - Stopped o.e.j.w.WebAppContext@546aa8bf{/,null,UNAVAILABLE}{/hddsDatanode}
2019-08-20 14:03:36,857 INFO  server.AbstractConnector (AbstractConnector.java:doStop(318)) - Stopped ServerConnector@56f7247a{HTTP/1.1,[http/1.1]}{0.0.0.0:0}
2019-08-20 14:03:36,857 INFO  handler.ContextHandler (ContextHandler.java:doStop(910)) - Stopped o.e.j.s.ServletContextHandler@6ad9fea{/static,jar:file:/home/user/.m2/repository/org/apache/hadoop/hadoop-hdds-container-service/0.5.0-SNAPSHOT/hadoop-hdds-container-service-0.5.0-SNAPSHOT.jar!/webapps/static,UNAVAILABLE}
2019-08-20 14:03:36,858 INFO  handler.ContextHandler (ContextHandler.java:doStop(910)) - Stopped o.e.j.s.ServletContextHandler@2262a275{/logs,file:///workdir/hadoop-ozone/integration-test/target/log,UNAVAILABLE}
2019-08-20 14:03:36,860 INFO  impl.MetricsSystemImpl (MetricsSystemImpl.java:init(158)) - HddsDatanode metrics system started (again)
2019-08-20 14:03:36,899 INFO  ozone.HddsDatanodeService (HddsDatanodeService.java:start(184)) - HddsDatanodeService host:pr-hdds-1881-nhl7g-263231641 ip:192.168.157.221
2019-08-20 14:03:36,902 INFO  volume.VolumeUsage (VolumeUsage.java:loadScmUsed(144)) - Cached ScmUsed found for /workdir/hadoop-ozone/integration-test/target/test-dir/MiniOzoneClusterImpl-a5093427-9167-43d9-94b9-19b4565cf696/datanode-0/data/containers : 4096 
2019-08-20 14:03:36,902 INFO  volume.HddsVolume (HddsVolume.java:<init>(176)) - Creating Volume: /workdir/hadoop-ozone/integration-test/target/test-dir/MiniOzoneClusterImpl-a5093427-9167-43d9-94b9-19b4565cf696/datanode-0/data/containers/hdds of  storage type : DISK and capacity : 1482555576320
2019-08-20 14:03:36,902 INFO  volume.VolumeSet (VolumeSet.java:initializeVolumeSet(170)) - Added Volume : /workdir/hadoop-ozone/integration-test/target/test-dir/MiniOzoneClusterImpl-a5093427-9167-43d9-94b9-19b4565cf696/datanode-0/data/containers/hdds to VolumeSet
2019-08-20 14:03:36,903 INFO  volume.ThrottledAsyncChecker (ThrottledAsyncChecker.java:schedule(140)) - Scheduling a check for org.apache.hadoop.ozone.container.common.volume.HddsVolume@11eb7c06
2019-08-20 14:03:36,903 INFO  volume.HddsVolumeChecker (HddsVolumeChecker.java:checkAllVolumes(203)) - Scheduled health check for volume org.apache.hadoop.ozone.container.common.volume.HddsVolume@11eb7c06
2019-08-20 14:03:36,921 INFO  impl.RaftServerProxy (ConfUtils.java:logGet(43)) - raft.rpc.type = GRPC (default)
2019-08-20 14:03:36,921 INFO  grpc.GrpcFactory (GrpcFactory.java:checkPooledByteBufAllocatorUseCacheForAllThreads(45)) - PERFORMANCE WARNING: useCacheForAllThreads is true that may cause Netty to create a lot garbage objects and, as a result, trigger GC.
	It is recommended to disable useCacheForAllThreads by setting -Dorg.apache.ratis.thirdparty.io.netty.allocator.useCacheForAllThreads=false in command line.
2019-08-20 14:03:36,922 INFO  grpc.GrpcConfigKeys$Server (ConfUtils.java:logGet(43)) - raft.grpc.server.port = 42932 (custom)
2019-08-20 14:03:36,922 INFO  server.GrpcService (ConfUtils.java:logGet(43)) - raft.grpc.message.size.max = 33570816 (custom)
2019-08-20 14:03:36,922 INFO  server.RaftServerConfigKeys (ConfUtils.java:logGet(43)) - raft.server.log.appender.buffer.byte-limit = 33554432 (custom)
2019-08-20 14:03:36,922 INFO  server.GrpcService (ConfUtils.java:logGet(43)) - raft.grpc.flow.control.window = 1MB (=1048576) (default)
2019-08-20 14:03:36,922 INFO  server.RaftServerConfigKeys (ConfUtils.java:logGet(43)) - raft.server.rpc.request.timeout = 3000ms (default)
2019-08-20 14:03:36,923 INFO  server.RaftServerConfigKeys (ConfUtils.java:logGet(43)) - raft.server.storage.dir = [/workdir/hadoop-ozone/integration-test/target/test-dir/MiniOzoneClusterImpl-a5093427-9167-43d9-94b9-19b4565cf696/datanode-0/data/ratis] (custom)
2019-08-20 14:03:36,923 INFO  impl.RaftServerProxy (RaftServerProxy.java:lambda$null$0(191)) - 38221ef5-4b6d-4f4b-abde-abccf4438b27: found a subdirectory /workdir/hadoop-ozone/integration-test/target/test-dir/MiniOzoneClusterImpl-a5093427-9167-43d9-94b9-19b4565cf696/datanode-0/data/ratis/99fa317d-d9bc-4c58-816d-a3c7ec746934
2019-08-20 14:03:36,924 INFO  impl.RaftServerProxy (RaftServerProxy.java:addNew(89)) - 38221ef5-4b6d-4f4b-abde-abccf4438b27: addNew group-A3C7EC746934:[] returns group-A3C7EC746934:java.util.concurrent.CompletableFuture@6e0d5210[Not completed]
2019-08-20 14:03:36,925 INFO  impl.RaftServerProxy (RaftServerProxy.java:lambda$null$0(191)) - 38221ef5-4b6d-4f4b-abde-abccf4438b27: found a subdirectory /workdir/hadoop-ozone/integration-test/target/test-dir/MiniOzoneClusterImpl-a5093427-9167-43d9-94b9-19b4565cf696/datanode-0/data/ratis/ac29457e-09c2-454e-b9f5-779c78602a24
2019-08-20 14:03:36,925 INFO  impl.RaftServerProxy (RaftServerProxy.java:addNew(89)) - 38221ef5-4b6d-4f4b-abde-abccf4438b27: addNew group-779C78602A24:[] returns group-779C78602A24:java.util.concurrent.CompletableFuture@1e5ccaf5[Not completed]
2019-08-20 14:03:36,925 INFO  replication.SimpleContainerDownloader (SimpleContainerDownloader.java:<init>(72)) - Starting container downloader service to copy containers to replicate.
2019-08-20 14:03:36,926 INFO  impl.RaftServerImpl (RaftServerImpl.java:<init>(93)) - 38221ef5-4b6d-4f4b-abde-abccf4438b27: new RaftServerImpl for group-A3C7EC746934:[] with ContainerStateMachine:uninitialized
2019-08-20 14:03:36,927 INFO  server.RaftServerConfigKeys (ConfUtils.java:logGet(43)) - raft.server.rpc.timeout.min = 5s (custom)
2019-08-20 14:03:36,927 INFO  hdfs.DFSUtil (DFSUtil.java:httpServerTemplateForNNAndJN(1641)) - Starting Web-server for hddsDatanode at: http://0.0.0.0:42728
2019-08-20 14:03:36,927 INFO  server.RaftServerConfigKeys (ConfUtils.java:logGet(43)) - raft.server.rpc.timeout.max = 5200ms (custom)
2019-08-20 14:03:36,927 INFO  server.RaftServerConfigKeys (ConfUtils.java:logGet(43)) - raft.server.rpcslowness.timeout = 120s (custom)
2019-08-20 14:03:36,927 INFO  server.RaftServerConfigKeys (ConfUtils.java:logGet(43)) - raft.server.sleep.deviation.threshold = 300 (default)
2019-08-20 14:03:36,927 INFO  server.RaftServerConfigKeys (ConfUtils.java:logGet(43)) - raft.server.log.appender.install.snapshot.enabled = false (custom)
2019-08-20 14:03:36,927 INFO  impl.RaftServerImpl (ServerState.java:<init>(105)) - 38221ef5-4b6d-4f4b-abde-abccf4438b27:group-A3C7EC746934 ConfigurationManager, init=-1: [], old=null, confs=<EMPTY_MAP>
2019-08-20 14:03:36,928 INFO  server.RaftServerConfigKeys (ConfUtils.java:logGet(43)) - raft.server.storage.dir = [/workdir/hadoop-ozone/integration-test/target/test-dir/MiniOzoneClusterImpl-a5093427-9167-43d9-94b9-19b4565cf696/datanode-0/data/ratis] (custom)
2019-08-20 14:03:36,928 INFO  server.AuthenticationFilter (AuthenticationFilter.java:constructSecretProvider(240)) - Unable to initialize FileSignerSecretProvider, falling back to use random secrets.
2019-08-20 14:03:36,929 WARN  http.HttpRequestLog (HttpRequestLog.java:getRequestLog(97)) - Jetty request log can only be enabled using Log4j
2019-08-20 14:03:36,930 INFO  http.HttpServer2 (HttpServer2.java:addGlobalFilter(975)) - Added global filter 'safety' (class=org.apache.hadoop.http.HttpServer2$QuotingInputFilter)
2019-08-20 14:03:36,931 INFO  http.HttpServer2 (HttpServer2.java:addFilter(948)) - Added filter static_user_filter (class=org.apache.hadoop.http.lib.StaticUserWebFilter$StaticUserFilter) to context hddsDatanode
2019-08-20 14:03:36,931 INFO  http.HttpServer2 (HttpServer2.java:addFilter(958)) - Added filter static_user_filter (class=org.apache.hadoop.http.lib.StaticUserWebFilter$StaticUserFilter) to context logs
2019-08-20 14:03:36,931 INFO  http.HttpServer2 (HttpServer2.java:addFilter(958)) - Added filter static_user_filter (class=org.apache.hadoop.http.lib.StaticUserWebFilter$StaticUserFilter) to context static
2019-08-20 14:03:36,931 INFO  http.HttpServer2 (HttpServer2.java:bindListener(1191)) - Jetty bound to port 42728
2019-08-20 14:03:36,932 INFO  server.Server (Server.java:doStart(351)) - jetty-9.3.24.v20180605, build timestamp: 2018-06-05T17:11:56Z, git hash: 84205aa28f11a4f31f2a3b86d1bba2cc8ab69827
2019-08-20 14:03:36,933 INFO  handler.ContextHandler (ContextHandler.java:doStart(781)) - Started o.e.j.s.ServletContextHandler@1893b453{/logs,file:///workdir/hadoop-ozone/integration-test/target/log,AVAILABLE}
2019-08-20 14:03:36,934 INFO  handler.ContextHandler (ContextHandler.java:doStart(781)) - Started o.e.j.s.ServletContextHandler@7bcf5b21{/static,jar:file:/home/user/.m2/repository/org/apache/hadoop/hadoop-hdds-container-service/0.5.0-SNAPSHOT/hadoop-hdds-container-service-0.5.0-SNAPSHOT.jar!/webapps/static,AVAILABLE}
2019-08-20 14:03:36,939 INFO  storage.RaftStorageDirectory (RaftStorageDirectory.java:tryLock(328)) - Lock on /workdir/hadoop-ozone/integration-test/target/test-dir/MiniOzoneClusterImpl-a5093427-9167-43d9-94b9-19b4565cf696/datanode-0/data/ratis/99fa317d-d9bc-4c58-816d-a3c7ec746934/in_use.lock acquired by nodename 6769@pr-hdds-1881-nhl7g-263231641
2019-08-20 14:03:36,941 INFO  ratis.ContainerStateMachine (ContainerStateMachine.java:loadSnapshot(213)) - group-A3C7EC746934: The snapshot info is null. Setting the last applied indexto:(t:0, i:~)
2019-08-20 14:03:36,941 INFO  server.RaftServerConfigKeys (ConfUtils.java:logGet(43)) - raft.server.leader.election.timeout = 120s (custom)
2019-08-20 14:03:36,941 INFO  server.RaftServerConfigKeys (ConfUtils.java:logGet(43)) - raft.server.log.use.memory = false (default)
2019-08-20 14:03:36,941 INFO  server.RaftServerConfigKeys (ConfUtils.java:logGet(43)) - raft.server.log.purge.gap = 1000000000 (custom)
2019-08-20 14:03:36,941 INFO  server.RaftServerConfigKeys (ConfUtils.java:logGet(43)) - raft.server.log.appender.buffer.byte-limit = 33554432 (custom)
2019-08-20 14:03:36,942 INFO  server.RaftServerConfigKeys (ConfUtils.java:logGet(43)) - raft.server.log.segment.size.max = 1048576 (custom)
2019-08-20 14:03:36,942 INFO  server.RaftServerConfigKeys (ConfUtils.java:logGet(43)) - raft.server.log.segment.cache.num.max = 2 (custom)
2019-08-20 14:03:36,942 INFO  segmented.SegmentedRaftLogWorker (SegmentedRaftLogWorker.java:<init>(172)) - new 38221ef5-4b6d-4f4b-abde-abccf4438b27-SegmentedRaftLogWorker:Storage Directory /workdir/hadoop-ozone/integration-test/target/test-dir/MiniOzoneClusterImpl-a5093427-9167-43d9-94b9-19b4565cf696/datanode-0/data/ratis/99fa317d-d9bc-4c58-816d-a3c7ec746934 for RaftStorage:Storage Directory /workdir/hadoop-ozone/integration-test/target/test-dir/MiniOzoneClusterImpl-a5093427-9167-43d9-94b9-19b4565cf696/datanode-0/data/ratis/99fa317d-d9bc-4c58-816d-a3c7ec746934
2019-08-20 14:03:36,942 INFO  server.RaftServerConfigKeys (ConfUtils.java:logGet(43)) - raft.server.log.queue.byte-limit = 2147483647 (custom)
2019-08-20 14:03:36,942 INFO  server.RaftServerConfigKeys (ConfUtils.java:logGet(43)) - raft.server.log.queue.element-limit = 1024 (custom)
2019-08-20 14:03:36,943 INFO  server.RaftServerConfigKeys (ConfUtils.java:logGet(43)) - raft.server.log.segment.size.max = 1048576 (custom)
2019-08-20 14:03:36,943 INFO  server.RaftServerConfigKeys (ConfUtils.java:logGet(43)) - raft.server.log.preallocated.size = 16384 (custom)
2019-08-20 14:03:36,943 INFO  server.RaftServerConfigKeys (ConfUtils.java:logGet(43)) - raft.server.log.write.buffer.size = 33554432 (custom)
2019-08-20 14:03:36,943 INFO  server.RaftServerConfigKeys (ConfUtils.java:logGet(43)) - raft.server.log.force.sync.num = 128 (default)
2019-08-20 14:03:36,943 INFO  server.RaftServerConfigKeys (ConfUtils.java:logGet(43)) - raft.server.log.statemachine.data.sync = true (default)
2019-08-20 14:03:36,943 INFO  server.RaftServerConfigKeys (ConfUtils.java:logGet(43)) - raft.server.log.statemachine.data.sync.timeout = 10s (default)
2019-08-20 14:03:36,944 INFO  server.RaftServerConfigKeys (ConfUtils.java:logGet(43)) - raft.server.log.statemachine.data.sync.timeout.retry = -1 (default)
2019-08-20 14:03:36,944 INFO  server.RaftServerConfigKeys (ConfUtils.java:logGet(43)) - raft.server.log.statemachine.data.caching.enabled = true (custom)
2019-08-20 14:03:36,944 INFO  segmented.SegmentedRaftLogWorker (SegmentedRaftLogWorker.java:lambda$new$0(132)) - 38221ef5-4b6d-4f4b-abde-abccf4438b27-SegmentedRaftLogWorker:Storage Directory /workdir/hadoop-ozone/integration-test/target/test-dir/MiniOzoneClusterImpl-a5093427-9167-43d9-94b9-19b4565cf696/datanode-0/data/ratis/99fa317d-d9bc-4c58-816d-a3c7ec746934: flushIndex: setUnconditionally 0 -> -1
2019-08-20 14:03:36,945 INFO  server.RaftServerConfigKeys (ConfUtils.java:logGet(43)) - raft.server.snapshot.auto.trigger.enabled = true (custom)
2019-08-20 14:03:36,945 INFO  server.RaftServerConfigKeys (ConfUtils.java:logGet(43)) - raft.server.snapshot.auto.trigger.threshold = 10000 (custom)
2019-08-20 14:03:36,945 INFO  server.RaftServerConfigKeys (ConfUtils.java:logGet(43)) - raft.server.retrycache.expirytime = 600000ms (custom)
2019-08-20 14:03:36,947 INFO  impl.RaftServerImpl (RaftServerImpl.java:<init>(93)) - 38221ef5-4b6d-4f4b-abde-abccf4438b27: new RaftServerImpl for group-779C78602A24:[] with ContainerStateMachine:uninitialized
2019-08-20 14:03:36,947 INFO  server.RaftServerConfigKeys (ConfUtils.java:logGet(43)) - raft.server.rpc.timeout.min = 5s (custom)
2019-08-20 14:03:36,947 INFO  server.RaftServerConfigKeys (ConfUtils.java:logGet(43)) - raft.server.rpc.timeout.max = 5200ms (custom)
2019-08-20 14:03:36,947 INFO  server.RaftServerConfigKeys (ConfUtils.java:logGet(43)) - raft.server.rpcslowness.timeout = 120s (custom)
2019-08-20 14:03:36,948 INFO  server.RaftServerConfigKeys (ConfUtils.java:logGet(43)) - raft.server.sleep.deviation.threshold = 300 (default)
2019-08-20 14:03:36,948 INFO  server.RaftServerConfigKeys (ConfUtils.java:logGet(43)) - raft.server.log.appender.install.snapshot.enabled = false (custom)
2019-08-20 14:03:36,948 INFO  impl.RaftServerImpl (ServerState.java:<init>(105)) - 38221ef5-4b6d-4f4b-abde-abccf4438b27:group-779C78602A24 ConfigurationManager, init=-1: [], old=null, confs=<EMPTY_MAP>
2019-08-20 14:03:36,948 INFO  server.RaftServerConfigKeys (ConfUtils.java:logGet(43)) - raft.server.storage.dir = [/workdir/hadoop-ozone/integration-test/target/test-dir/MiniOzoneClusterImpl-a5093427-9167-43d9-94b9-19b4565cf696/datanode-0/data/ratis] (custom)
2019-08-20 14:03:36,959 INFO  storage.RaftStorageDirectory (RaftStorageDirectory.java:tryLock(328)) - Lock on /workdir/hadoop-ozone/integration-test/target/test-dir/MiniOzoneClusterImpl-a5093427-9167-43d9-94b9-19b4565cf696/datanode-0/data/ratis/ac29457e-09c2-454e-b9f5-779c78602a24/in_use.lock acquired by nodename 6769@pr-hdds-1881-nhl7g-263231641
2019-08-20 14:03:36,959 INFO  ratis.ContainerStateMachine (ContainerStateMachine.java:loadSnapshot(213)) - group-779C78602A24: The snapshot info is null. Setting the last applied indexto:(t:0, i:~)
2019-08-20 14:03:36,959 INFO  server.RaftServerConfigKeys (ConfUtils.java:logGet(43)) - raft.server.leader.election.timeout = 120s (custom)
2019-08-20 14:03:36,960 INFO  server.RaftServerConfigKeys (ConfUtils.java:logGet(43)) - raft.server.log.use.memory = false (default)
2019-08-20 14:03:36,960 INFO  server.RaftServerConfigKeys (ConfUtils.java:logGet(43)) - raft.server.log.purge.gap = 1000000000 (custom)
2019-08-20 14:03:36,960 INFO  server.RaftServerConfigKeys (ConfUtils.java:logGet(43)) - raft.server.log.appender.buffer.byte-limit = 33554432 (custom)
2019-08-20 14:03:36,960 INFO  server.RaftServerConfigKeys (ConfUtils.java:logGet(43)) - raft.server.log.segment.size.max = 1048576 (custom)
2019-08-20 14:03:36,960 INFO  server.RaftServerConfigKeys (ConfUtils.java:logGet(43)) - raft.server.log.segment.cache.num.max = 2 (custom)
2019-08-20 14:03:36,960 INFO  segmented.SegmentedRaftLogWorker (SegmentedRaftLogWorker.java:<init>(172)) - new 38221ef5-4b6d-4f4b-abde-abccf4438b27-SegmentedRaftLogWorker:Storage Directory /workdir/hadoop-ozone/integration-test/target/test-dir/MiniOzoneClusterImpl-a5093427-9167-43d9-94b9-19b4565cf696/datanode-0/data/ratis/ac29457e-09c2-454e-b9f5-779c78602a24 for RaftStorage:Storage Directory /workdir/hadoop-ozone/integration-test/target/test-dir/MiniOzoneClusterImpl-a5093427-9167-43d9-94b9-19b4565cf696/datanode-0/data/ratis/ac29457e-09c2-454e-b9f5-779c78602a24
2019-08-20 14:03:36,960 INFO  server.RaftServerConfigKeys (ConfUtils.java:logGet(43)) - raft.server.log.queue.byte-limit = 2147483647 (custom)
2019-08-20 14:03:36,961 INFO  server.RaftServerConfigKeys (ConfUtils.java:logGet(43)) - raft.server.log.queue.element-limit = 1024 (custom)
2019-08-20 14:03:36,961 INFO  server.RaftServerConfigKeys (ConfUtils.java:logGet(43)) - raft.server.log.segment.size.max = 1048576 (custom)
2019-08-20 14:03:36,961 INFO  server.RaftServerConfigKeys (ConfUtils.java:logGet(43)) - raft.server.log.preallocated.size = 16384 (custom)
2019-08-20 14:03:36,961 INFO  server.RaftServerConfigKeys (ConfUtils.java:logGet(43)) - raft.server.log.write.buffer.size = 33554432 (custom)
2019-08-20 14:03:36,961 INFO  server.RaftServerConfigKeys (ConfUtils.java:logGet(43)) - raft.server.log.force.sync.num = 128 (default)
2019-08-20 14:03:36,961 INFO  server.RaftServerConfigKeys (ConfUtils.java:logGet(43)) - raft.server.log.statemachine.data.sync = true (default)
2019-08-20 14:03:36,961 INFO  server.RaftServerConfigKeys (ConfUtils.java:logGet(43)) - raft.server.log.statemachine.data.sync.timeout = 10s (default)
2019-08-20 14:03:36,961 INFO  server.RaftServerConfigKeys (ConfUtils.java:logGet(43)) - raft.server.log.statemachine.data.sync.timeout.retry = -1 (default)
2019-08-20 14:03:36,962 INFO  server.RaftServerConfigKeys (ConfUtils.java:logGet(43)) - raft.server.log.statemachine.data.caching.enabled = true (custom)
2019-08-20 14:03:36,962 INFO  segmented.SegmentedRaftLogWorker (SegmentedRaftLogWorker.java:lambda$new$0(132)) - 38221ef5-4b6d-4f4b-abde-abccf4438b27-SegmentedRaftLogWorker:Storage Directory /workdir/hadoop-ozone/integration-test/target/test-dir/MiniOzoneClusterImpl-a5093427-9167-43d9-94b9-19b4565cf696/datanode-0/data/ratis/ac29457e-09c2-454e-b9f5-779c78602a24: flushIndex: setUnconditionally 0 -> -1
2019-08-20 14:03:36,962 INFO  server.RaftServerConfigKeys (ConfUtils.java:logGet(43)) - raft.server.snapshot.auto.trigger.enabled = true (custom)
2019-08-20 14:03:36,962 INFO  server.RaftServerConfigKeys (ConfUtils.java:logGet(43)) - raft.server.snapshot.auto.trigger.threshold = 10000 (custom)
2019-08-20 14:03:36,963 INFO  server.RaftServerConfigKeys (ConfUtils.java:logGet(43)) - raft.server.retrycache.expirytime = 600000ms (custom)
2019-08-20 14:03:36,963 INFO  handler.ContextHandler (ContextHandler.java:doStart(781)) - Started o.e.j.w.WebAppContext@45dd4f4b{/,file:///tmp/jetty-0.0.0.0-42728-hddsDatanode-_-any-4050213902226553896.dir/webapp/,AVAILABLE}{/hddsDatanode}
2019-08-20 14:03:36,964 INFO  server.AbstractConnector (AbstractConnector.java:doStart(278)) - Started ServerConnector@43177857{HTTP/1.1,[http/1.1]}{0.0.0.0:42728}
2019-08-20 14:03:36,964 INFO  server.Server (Server.java:doStart(419)) - Started @54680ms
2019-08-20 14:03:36,965 INFO  server.BaseHttpServer (BaseHttpServer.java:updateConnectorAddress(207)) - HTTP server of HDDSDATANODE is listening at http://0.0.0.0:42728
2019-08-20 14:03:37,102 INFO  ozone.HddsDatanodeService (HddsDatanodeService.java:startPlugins(395)) - Started plug-in org.apache.hadoop.ozone.web.OzoneHddsDatanodeService@d0c7b6f
2019-08-20 14:03:37,104 INFO  util.JvmPauseMonitor (JvmPauseMonitor.java:run(188)) - Starting JVM pause monitor
2019-08-20 14:03:37,104 INFO  impl.MetricsSystemImpl (MetricsSystemImpl.java:init(158)) - HddsDatanode metrics system started (again)
2019-08-20 14:03:37,108 INFO  ozone.HddsDatanodeService (HddsDatanodeService.java:start(184)) - HddsDatanodeService host:pr-hdds-1881-nhl7g-263231641 ip:192.168.157.221
2019-08-20 14:03:37,113 INFO  volume.VolumeUsage (VolumeUsage.java:loadScmUsed(144)) - Cached ScmUsed found for /workdir/hadoop-ozone/integration-test/target/test-dir/MiniOzoneClusterImpl-a5093427-9167-43d9-94b9-19b4565cf696/datanode-1/data/containers : 4096 
2019-08-20 14:03:37,113 INFO  volume.HddsVolume (HddsVolume.java:<init>(176)) - Creating Volume: /workdir/hadoop-ozone/integration-test/target/test-dir/MiniOzoneClusterImpl-a5093427-9167-43d9-94b9-19b4565cf696/datanode-1/data/containers/hdds of  storage type : DISK and capacity : 1482555576320
2019-08-20 14:03:37,114 INFO  volume.VolumeSet (VolumeSet.java:initializeVolumeSet(170)) - Added Volume : /workdir/hadoop-ozone/integration-test/target/test-dir/MiniOzoneClusterImpl-a5093427-9167-43d9-94b9-19b4565cf696/datanode-1/data/containers/hdds to VolumeSet
2019-08-20 14:03:37,114 INFO  volume.ThrottledAsyncChecker (ThrottledAsyncChecker.java:schedule(140)) - Scheduling a check for org.apache.hadoop.ozone.container.common.volume.HddsVolume@1ce1b445
2019-08-20 14:03:37,114 INFO  volume.HddsVolumeChecker (HddsVolumeChecker.java:checkAllVolumes(203)) - Scheduled health check for volume org.apache.hadoop.ozone.container.common.volume.HddsVolume@1ce1b445
2019-08-20 14:03:37,129 INFO  impl.RaftServerProxy (ConfUtils.java:logGet(43)) - raft.rpc.type = GRPC (default)
2019-08-20 14:03:37,129 INFO  grpc.GrpcFactory (GrpcFactory.java:checkPooledByteBufAllocatorUseCacheForAllThreads(45)) - PERFORMANCE WARNING: useCacheForAllThreads is true that may cause Netty to create a lot garbage objects and, as a result, trigger GC.
	It is recommended to disable useCacheForAllThreads by setting -Dorg.apache.ratis.thirdparty.io.netty.allocator.useCacheForAllThreads=false in command line.
2019-08-20 14:03:37,130 INFO  grpc.GrpcConfigKeys$Server (ConfUtils.java:logGet(43)) - raft.grpc.server.port = 35929 (custom)
2019-08-20 14:03:37,130 INFO  server.GrpcService (ConfUtils.java:logGet(43)) - raft.grpc.message.size.max = 33570816 (custom)
2019-08-20 14:03:37,130 INFO  server.RaftServerConfigKeys (ConfUtils.java:logGet(43)) - raft.server.log.appender.buffer.byte-limit = 33554432 (custom)
2019-08-20 14:03:37,130 INFO  server.GrpcService (ConfUtils.java:logGet(43)) - raft.grpc.flow.control.window = 1MB (=1048576) (default)
2019-08-20 14:03:37,130 INFO  server.RaftServerConfigKeys (ConfUtils.java:logGet(43)) - raft.server.rpc.request.timeout = 3000ms (default)
2019-08-20 14:03:37,131 INFO  server.RaftServerConfigKeys (ConfUtils.java:logGet(43)) - raft.server.storage.dir = [/workdir/hadoop-ozone/integration-test/target/test-dir/MiniOzoneClusterImpl-a5093427-9167-43d9-94b9-19b4565cf696/datanode-1/data/ratis] (custom)
2019-08-20 14:03:37,131 INFO  impl.RaftServerProxy (RaftServerProxy.java:lambda$null$0(191)) - 44a8054b-acc3-4d83-a55b-30f3f259d19d: found a subdirectory /workdir/hadoop-ozone/integration-test/target/test-dir/MiniOzoneClusterImpl-a5093427-9167-43d9-94b9-19b4565cf696/datanode-1/data/ratis/ac29457e-09c2-454e-b9f5-779c78602a24
2019-08-20 14:03:37,131 INFO  impl.RaftServerProxy (RaftServerProxy.java:addNew(89)) - 44a8054b-acc3-4d83-a55b-30f3f259d19d: addNew group-779C78602A24:[] returns group-779C78602A24:java.util.concurrent.CompletableFuture@56713a1[Not completed]
2019-08-20 14:03:37,132 INFO  impl.RaftServerProxy (RaftServerProxy.java:lambda$null$0(191)) - 44a8054b-acc3-4d83-a55b-30f3f259d19d: found a subdirectory /workdir/hadoop-ozone/integration-test/target/test-dir/MiniOzoneClusterImpl-a5093427-9167-43d9-94b9-19b4565cf696/datanode-1/data/ratis/99d75ece-f1ba-4cae-b32a-f8e860b63721
2019-08-20 14:03:37,132 INFO  impl.RaftServerProxy (RaftServerProxy.java:addNew(89)) - 44a8054b-acc3-4d83-a55b-30f3f259d19d: addNew group-F8E860B63721:[] returns group-F8E860B63721:java.util.concurrent.CompletableFuture@164f575b[Not completed]
2019-08-20 14:03:37,132 INFO  replication.SimpleContainerDownloader (SimpleContainerDownloader.java:<init>(72)) - Starting container downloader service to copy containers to replicate.
2019-08-20 14:03:37,133 INFO  impl.RaftServerImpl (RaftServerImpl.java:<init>(93)) - 44a8054b-acc3-4d83-a55b-30f3f259d19d: new RaftServerImpl for group-779C78602A24:[] with ContainerStateMachine:uninitialized
2019-08-20 14:03:37,133 INFO  hdfs.DFSUtil (DFSUtil.java:httpServerTemplateForNNAndJN(1641)) - Starting Web-server for hddsDatanode at: http://0.0.0.0:44790
2019-08-20 14:03:37,134 INFO  server.RaftServerConfigKeys (ConfUtils.java:logGet(43)) - raft.server.rpc.timeout.min = 5s (custom)
2019-08-20 14:03:37,134 INFO  server.RaftServerConfigKeys (ConfUtils.java:logGet(43)) - raft.server.rpc.timeout.max = 5200ms (custom)
2019-08-20 14:03:37,134 INFO  server.RaftServerConfigKeys (ConfUtils.java:logGet(43)) - raft.server.rpcslowness.timeout = 120s (custom)
2019-08-20 14:03:37,134 INFO  server.RaftServerConfigKeys (ConfUtils.java:logGet(43)) - raft.server.sleep.deviation.threshold = 300 (default)
2019-08-20 14:03:37,134 INFO  server.RaftServerConfigKeys (ConfUtils.java:logGet(43)) - raft.server.log.appender.install.snapshot.enabled = false (custom)
2019-08-20 14:03:37,134 INFO  impl.RaftServerImpl (ServerState.java:<init>(105)) - 44a8054b-acc3-4d83-a55b-30f3f259d19d:group-779C78602A24 ConfigurationManager, init=-1: [], old=null, confs=<EMPTY_MAP>
2019-08-20 14:03:37,134 INFO  server.RaftServerConfigKeys (ConfUtils.java:logGet(43)) - raft.server.storage.dir = [/workdir/hadoop-ozone/integration-test/target/test-dir/MiniOzoneClusterImpl-a5093427-9167-43d9-94b9-19b4565cf696/datanode-1/data/ratis] (custom)
2019-08-20 14:03:37,135 INFO  server.AuthenticationFilter (AuthenticationFilter.java:constructSecretProvider(240)) - Unable to initialize FileSignerSecretProvider, falling back to use random secrets.
2019-08-20 14:03:37,136 WARN  http.HttpRequestLog (HttpRequestLog.java:getRequestLog(97)) - Jetty request log can only be enabled using Log4j
2019-08-20 14:03:37,138 INFO  http.HttpServer2 (HttpServer2.java:addGlobalFilter(975)) - Added global filter 'safety' (class=org.apache.hadoop.http.HttpServer2$QuotingInputFilter)
2019-08-20 14:03:37,138 INFO  http.HttpServer2 (HttpServer2.java:addFilter(948)) - Added filter static_user_filter (class=org.apache.hadoop.http.lib.StaticUserWebFilter$StaticUserFilter) to context hddsDatanode
2019-08-20 14:03:37,139 INFO  http.HttpServer2 (HttpServer2.java:addFilter(958)) - Added filter static_user_filter (class=org.apache.hadoop.http.lib.StaticUserWebFilter$StaticUserFilter) to context static
2019-08-20 14:03:37,139 INFO  http.HttpServer2 (HttpServer2.java:addFilter(958)) - Added filter static_user_filter (class=org.apache.hadoop.http.lib.StaticUserWebFilter$StaticUserFilter) to context logs
2019-08-20 14:03:37,140 INFO  http.HttpServer2 (HttpServer2.java:bindListener(1191)) - Jetty bound to port 44790
2019-08-20 14:03:37,140 INFO  server.Server (Server.java:doStart(351)) - jetty-9.3.24.v20180605, build timestamp: 2018-06-05T17:11:56Z, git hash: 84205aa28f11a4f31f2a3b86d1bba2cc8ab69827
2019-08-20 14:03:37,141 INFO  handler.ContextHandler (ContextHandler.java:doStart(781)) - Started o.e.j.s.ServletContextHandler@48229ea5{/logs,file:///workdir/hadoop-ozone/integration-test/target/log,AVAILABLE}
2019-08-20 14:03:37,142 INFO  handler.ContextHandler (ContextHandler.java:doStart(781)) - Started o.e.j.s.ServletContextHandler@6f836000{/static,jar:file:/home/user/.m2/repository/org/apache/hadoop/hadoop-hdds-container-service/0.5.0-SNAPSHOT/hadoop-hdds-container-service-0.5.0-SNAPSHOT.jar!/webapps/static,AVAILABLE}
2019-08-20 14:03:37,148 INFO  storage.RaftStorageDirectory (RaftStorageDirectory.java:tryLock(328)) - Lock on /workdir/hadoop-ozone/integration-test/target/test-dir/MiniOzoneClusterImpl-a5093427-9167-43d9-94b9-19b4565cf696/datanode-1/data/ratis/ac29457e-09c2-454e-b9f5-779c78602a24/in_use.lock acquired by nodename 6769@pr-hdds-1881-nhl7g-263231641
2019-08-20 14:03:37,148 INFO  ratis.ContainerStateMachine (ContainerStateMachine.java:loadSnapshot(213)) - group-779C78602A24: The snapshot info is null. Setting the last applied indexto:(t:0, i:~)
2019-08-20 14:03:37,148 INFO  server.RaftServerConfigKeys (ConfUtils.java:logGet(43)) - raft.server.leader.election.timeout = 120s (custom)
2019-08-20 14:03:37,149 INFO  server.RaftServerConfigKeys (ConfUtils.java:logGet(43)) - raft.server.log.use.memory = false (default)
2019-08-20 14:03:37,149 INFO  server.RaftServerConfigKeys (ConfUtils.java:logGet(43)) - raft.server.log.purge.gap = 1000000000 (custom)
2019-08-20 14:03:37,149 INFO  server.RaftServerConfigKeys (ConfUtils.java:logGet(43)) - raft.server.log.appender.buffer.byte-limit = 33554432 (custom)
2019-08-20 14:03:37,149 INFO  server.RaftServerConfigKeys (ConfUtils.java:logGet(43)) - raft.server.log.segment.size.max = 1048576 (custom)
2019-08-20 14:03:37,149 INFO  server.RaftServerConfigKeys (ConfUtils.java:logGet(43)) - raft.server.log.segment.cache.num.max = 2 (custom)
2019-08-20 14:03:37,149 INFO  segmented.SegmentedRaftLogWorker (SegmentedRaftLogWorker.java:<init>(172)) - new 44a8054b-acc3-4d83-a55b-30f3f259d19d-SegmentedRaftLogWorker:Storage Directory /workdir/hadoop-ozone/integration-test/target/test-dir/MiniOzoneClusterImpl-a5093427-9167-43d9-94b9-19b4565cf696/datanode-1/data/ratis/ac29457e-09c2-454e-b9f5-779c78602a24 for RaftStorage:Storage Directory /workdir/hadoop-ozone/integration-test/target/test-dir/MiniOzoneClusterImpl-a5093427-9167-43d9-94b9-19b4565cf696/datanode-1/data/ratis/ac29457e-09c2-454e-b9f5-779c78602a24
2019-08-20 14:03:37,149 INFO  server.RaftServerConfigKeys (ConfUtils.java:logGet(43)) - raft.server.log.queue.byte-limit = 2147483647 (custom)
2019-08-20 14:03:37,149 INFO  server.RaftServerConfigKeys (ConfUtils.java:logGet(43)) - raft.server.log.queue.element-limit = 1024 (custom)
2019-08-20 14:03:37,149 INFO  server.RaftServerConfigKeys (ConfUtils.java:logGet(43)) - raft.server.log.segment.size.max = 1048576 (custom)
2019-08-20 14:03:37,150 INFO  server.RaftServerConfigKeys (ConfUtils.java:logGet(43)) - raft.server.log.preallocated.size = 16384 (custom)
2019-08-20 14:03:37,150 INFO  server.RaftServerConfigKeys (ConfUtils.java:logGet(43)) - raft.server.log.write.buffer.size = 33554432 (custom)
2019-08-20 14:03:37,150 INFO  server.RaftServerConfigKeys (ConfUtils.java:logGet(43)) - raft.server.log.force.sync.num = 128 (default)
2019-08-20 14:03:37,150 INFO  server.RaftServerConfigKeys (ConfUtils.java:logGet(43)) - raft.server.log.statemachine.data.sync = true (default)
2019-08-20 14:03:37,150 INFO  server.RaftServerConfigKeys (ConfUtils.java:logGet(43)) - raft.server.log.statemachine.data.sync.timeout = 10s (default)
2019-08-20 14:03:37,150 INFO  server.RaftServerConfigKeys (ConfUtils.java:logGet(43)) - raft.server.log.statemachine.data.sync.timeout.retry = -1 (default)
2019-08-20 14:03:37,150 INFO  server.RaftServerConfigKeys (ConfUtils.java:logGet(43)) - raft.server.log.statemachine.data.caching.enabled = true (custom)
2019-08-20 14:03:37,150 INFO  segmented.SegmentedRaftLogWorker (SegmentedRaftLogWorker.java:lambda$new$0(132)) - 44a8054b-acc3-4d83-a55b-30f3f259d19d-SegmentedRaftLogWorker:Storage Directory /workdir/hadoop-ozone/integration-test/target/test-dir/MiniOzoneClusterImpl-a5093427-9167-43d9-94b9-19b4565cf696/datanode-1/data/ratis/ac29457e-09c2-454e-b9f5-779c78602a24: flushIndex: setUnconditionally 0 -> -1
2019-08-20 14:03:37,151 INFO  server.RaftServerConfigKeys (ConfUtils.java:logGet(43)) - raft.server.snapshot.auto.trigger.enabled = true (custom)
2019-08-20 14:03:37,151 INFO  server.RaftServerConfigKeys (ConfUtils.java:logGet(43)) - raft.server.snapshot.auto.trigger.threshold = 10000 (custom)
2019-08-20 14:03:37,151 INFO  server.RaftServerConfigKeys (ConfUtils.java:logGet(43)) - raft.server.retrycache.expirytime = 600000ms (custom)
2019-08-20 14:03:37,153 INFO  impl.RaftServerImpl (RaftServerImpl.java:<init>(93)) - 44a8054b-acc3-4d83-a55b-30f3f259d19d: new RaftServerImpl for group-F8E860B63721:[] with ContainerStateMachine:uninitialized
2019-08-20 14:03:37,153 INFO  server.RaftServerConfigKeys (ConfUtils.java:logGet(43)) - raft.server.rpc.timeout.min = 5s (custom)
2019-08-20 14:03:37,153 INFO  server.RaftServerConfigKeys (ConfUtils.java:logGet(43)) - raft.server.rpc.timeout.max = 5200ms (custom)
2019-08-20 14:03:37,153 INFO  server.RaftServerConfigKeys (ConfUtils.java:logGet(43)) - raft.server.rpcslowness.timeout = 120s (custom)
2019-08-20 14:03:37,154 INFO  server.RaftServerConfigKeys (ConfUtils.java:logGet(43)) - raft.server.sleep.deviation.threshold = 300 (default)
2019-08-20 14:03:37,154 INFO  server.RaftServerConfigKeys (ConfUtils.java:logGet(43)) - raft.server.log.appender.install.snapshot.enabled = false (custom)
2019-08-20 14:03:37,154 INFO  impl.RaftServerImpl (ServerState.java:<init>(105)) - 44a8054b-acc3-4d83-a55b-30f3f259d19d:group-F8E860B63721 ConfigurationManager, init=-1: [], old=null, confs=<EMPTY_MAP>
2019-08-20 14:03:37,155 INFO  server.RaftServerConfigKeys (ConfUtils.java:logGet(43)) - raft.server.storage.dir = [/workdir/hadoop-ozone/integration-test/target/test-dir/MiniOzoneClusterImpl-a5093427-9167-43d9-94b9-19b4565cf696/datanode-1/data/ratis] (custom)
2019-08-20 14:03:37,170 INFO  handler.ContextHandler (ContextHandler.java:doStart(781)) - Started o.e.j.w.WebAppContext@1df40794{/,file:///tmp/jetty-0.0.0.0-44790-hddsDatanode-_-any-7902048060930202745.dir/webapp/,AVAILABLE}{/hddsDatanode}
2019-08-20 14:03:37,170 INFO  server.AbstractConnector (AbstractConnector.java:doStart(278)) - Started ServerConnector@72809774{HTTP/1.1,[http/1.1]}{0.0.0.0:44790}
2019-08-20 14:03:37,174 INFO  server.Server (Server.java:doStart(419)) - Started @54890ms
2019-08-20 14:03:37,175 INFO  server.BaseHttpServer (BaseHttpServer.java:updateConnectorAddress(207)) - HTTP server of HDDSDATANODE is listening at http://0.0.0.0:44790
2019-08-20 14:03:37,178 INFO  storage.RaftStorageDirectory (RaftStorageDirectory.java:tryLock(328)) - Lock on /workdir/hadoop-ozone/integration-test/target/test-dir/MiniOzoneClusterImpl-a5093427-9167-43d9-94b9-19b4565cf696/datanode-1/data/ratis/99d75ece-f1ba-4cae-b32a-f8e860b63721/in_use.lock acquired by nodename 6769@pr-hdds-1881-nhl7g-263231641
2019-08-20 14:03:37,179 INFO  ratis.ContainerStateMachine (ContainerStateMachine.java:loadSnapshot(213)) - group-F8E860B63721: The snapshot info is null. Setting the last applied indexto:(t:0, i:~)
2019-08-20 14:03:37,179 INFO  server.RaftServerConfigKeys (ConfUtils.java:logGet(43)) - raft.server.leader.election.timeout = 120s (custom)
2019-08-20 14:03:37,179 INFO  server.RaftServerConfigKeys (ConfUtils.java:logGet(43)) - raft.server.log.use.memory = false (default)
2019-08-20 14:03:37,179 INFO  server.RaftServerConfigKeys (ConfUtils.java:logGet(43)) - raft.server.log.purge.gap = 1000000000 (custom)
2019-08-20 14:03:37,180 INFO  server.RaftServerConfigKeys (ConfUtils.java:logGet(43)) - raft.server.log.appender.buffer.byte-limit = 33554432 (custom)
2019-08-20 14:03:37,180 INFO  server.RaftServerConfigKeys (ConfUtils.java:logGet(43)) - raft.server.log.segment.size.max = 1048576 (custom)
2019-08-20 14:03:37,180 INFO  server.RaftServerConfigKeys (ConfUtils.java:logGet(43)) - raft.server.log.segment.cache.num.max = 2 (custom)
2019-08-20 14:03:37,180 INFO  segmented.SegmentedRaftLogWorker (SegmentedRaftLogWorker.java:<init>(172)) - new 44a8054b-acc3-4d83-a55b-30f3f259d19d-SegmentedRaftLogWorker:Storage Directory /workdir/hadoop-ozone/integration-test/target/test-dir/MiniOzoneClusterImpl-a5093427-9167-43d9-94b9-19b4565cf696/datanode-1/data/ratis/99d75ece-f1ba-4cae-b32a-f8e860b63721 for RaftStorage:Storage Directory /workdir/hadoop-ozone/integration-test/target/test-dir/MiniOzoneClusterImpl-a5093427-9167-43d9-94b9-19b4565cf696/datanode-1/data/ratis/99d75ece-f1ba-4cae-b32a-f8e860b63721
2019-08-20 14:03:37,180 INFO  server.RaftServerConfigKeys (ConfUtils.java:logGet(43)) - raft.server.log.queue.byte-limit = 2147483647 (custom)
2019-08-20 14:03:37,180 INFO  server.RaftServerConfigKeys (ConfUtils.java:logGet(43)) - raft.server.log.queue.element-limit = 1024 (custom)
2019-08-20 14:03:37,180 INFO  server.RaftServerConfigKeys (ConfUtils.java:logGet(43)) - raft.server.log.segment.size.max = 1048576 (custom)
2019-08-20 14:03:37,180 INFO  server.RaftServerConfigKeys (ConfUtils.java:logGet(43)) - raft.server.log.preallocated.size = 16384 (custom)
2019-08-20 14:03:37,180 INFO  server.RaftServerConfigKeys (ConfUtils.java:logGet(43)) - raft.server.log.write.buffer.size = 33554432 (custom)
2019-08-20 14:03:37,181 INFO  server.RaftServerConfigKeys (ConfUtils.java:logGet(43)) - raft.server.log.force.sync.num = 128 (default)
2019-08-20 14:03:37,181 INFO  server.RaftServerConfigKeys (ConfUtils.java:logGet(43)) - raft.server.log.statemachine.data.sync = true (default)
2019-08-20 14:03:37,181 INFO  server.RaftServerConfigKeys (ConfUtils.java:logGet(43)) - raft.server.log.statemachine.data.sync.timeout = 10s (default)
2019-08-20 14:03:37,181 INFO  server.RaftServerConfigKeys (ConfUtils.java:logGet(43)) - raft.server.log.statemachine.data.sync.timeout.retry = -1 (default)
2019-08-20 14:03:37,181 INFO  server.RaftServerConfigKeys (ConfUtils.java:logGet(43)) - raft.server.log.statemachine.data.caching.enabled = true (custom)
2019-08-20 14:03:37,188 INFO  impl.RaftServerImpl (ServerState.java:setRaftConf(361)) - 44a8054b-acc3-4d83-a55b-30f3f259d19d:group-F8E860B63721 set configuration 0: [44a8054b-acc3-4d83-a55b-30f3f259d19d:192.168.157.221:35929], old=null at 0
2019-08-20 14:03:37,188 INFO  segmented.LogSegment (LogSegment.java:loadSegment(145)) - Successfully read 1 entries from segment file /workdir/hadoop-ozone/integration-test/target/test-dir/MiniOzoneClusterImpl-a5093427-9167-43d9-94b9-19b4565cf696/datanode-1/data/ratis/99d75ece-f1ba-4cae-b32a-f8e860b63721/current/log_inprogress_0
2019-08-20 14:03:37,189 INFO  segmented.SegmentedRaftLogWorker (SegmentedRaftLogWorker.java:lambda$new$0(132)) - 44a8054b-acc3-4d83-a55b-30f3f259d19d-SegmentedRaftLogWorker:Storage Directory /workdir/hadoop-ozone/integration-test/target/test-dir/MiniOzoneClusterImpl-a5093427-9167-43d9-94b9-19b4565cf696/datanode-1/data/ratis/99d75ece-f1ba-4cae-b32a-f8e860b63721: flushIndex: setUnconditionally 0 -> 0
2019-08-20 14:03:37,217 INFO  server.RaftServerConfigKeys (ConfUtils.java:logGet(43)) - raft.server.snapshot.auto.trigger.enabled = true (custom)
2019-08-20 14:03:37,217 INFO  server.RaftServerConfigKeys (ConfUtils.java:logGet(43)) - raft.server.snapshot.auto.trigger.threshold = 10000 (custom)
2019-08-20 14:03:37,217 INFO  server.RaftServerConfigKeys (ConfUtils.java:logGet(43)) - raft.server.retrycache.expirytime = 600000ms (custom)
2019-08-20 14:03:37,340 INFO  ozone.HddsDatanodeService (HddsDatanodeService.java:startPlugins(395)) - Started plug-in org.apache.hadoop.ozone.web.OzoneHddsDatanodeService@850ec05
2019-08-20 14:03:37,341 INFO  util.JvmPauseMonitor (JvmPauseMonitor.java:run(188)) - Starting JVM pause monitor
2019-08-20 14:03:37,342 INFO  impl.MetricsSystemImpl (MetricsSystemImpl.java:init(158)) - HddsDatanode metrics system started (again)
2019-08-20 14:03:37,346 INFO  ozone.HddsDatanodeService (HddsDatanodeService.java:start(184)) - HddsDatanodeService host:pr-hdds-1881-nhl7g-263231641 ip:192.168.157.221
2019-08-20 14:03:37,348 INFO  volume.VolumeUsage (VolumeUsage.java:loadScmUsed(144)) - Cached ScmUsed found for /workdir/hadoop-ozone/integration-test/target/test-dir/MiniOzoneClusterImpl-a5093427-9167-43d9-94b9-19b4565cf696/datanode-2/data/containers : 4096 
2019-08-20 14:03:37,349 INFO  volume.HddsVolume (HddsVolume.java:<init>(176)) - Creating Volume: /workdir/hadoop-ozone/integration-test/target/test-dir/MiniOzoneClusterImpl-a5093427-9167-43d9-94b9-19b4565cf696/datanode-2/data/containers/hdds of  storage type : DISK and capacity : 1482555576320
2019-08-20 14:03:37,360 INFO  volume.VolumeSet (VolumeSet.java:initializeVolumeSet(170)) - Added Volume : /workdir/hadoop-ozone/integration-test/target/test-dir/MiniOzoneClusterImpl-a5093427-9167-43d9-94b9-19b4565cf696/datanode-2/data/containers/hdds to VolumeSet
2019-08-20 14:03:37,360 INFO  volume.ThrottledAsyncChecker (ThrottledAsyncChecker.java:schedule(140)) - Scheduling a check for org.apache.hadoop.ozone.container.common.volume.HddsVolume@5e933f2b
2019-08-20 14:03:37,360 INFO  volume.HddsVolumeChecker (HddsVolumeChecker.java:checkAllVolumes(203)) - Scheduled health check for volume org.apache.hadoop.ozone.container.common.volume.HddsVolume@5e933f2b
2019-08-20 14:03:37,376 INFO  impl.RaftServerProxy (ConfUtils.java:logGet(43)) - raft.rpc.type = GRPC (default)
2019-08-20 14:03:37,377 INFO  grpc.GrpcFactory (GrpcFactory.java:checkPooledByteBufAllocatorUseCacheForAllThreads(45)) - PERFORMANCE WARNING: useCacheForAllThreads is true that may cause Netty to create a lot garbage objects and, as a result, trigger GC.
	It is recommended to disable useCacheForAllThreads by setting -Dorg.apache.ratis.thirdparty.io.netty.allocator.useCacheForAllThreads=false in command line.
2019-08-20 14:03:37,377 INFO  grpc.GrpcConfigKeys$Server (ConfUtils.java:logGet(43)) - raft.grpc.server.port = 39507 (custom)
2019-08-20 14:03:37,377 INFO  server.GrpcService (ConfUtils.java:logGet(43)) - raft.grpc.message.size.max = 33570816 (custom)
2019-08-20 14:03:37,377 INFO  server.RaftServerConfigKeys (ConfUtils.java:logGet(43)) - raft.server.log.appender.buffer.byte-limit = 33554432 (custom)
2019-08-20 14:03:37,377 INFO  server.GrpcService (ConfUtils.java:logGet(43)) - raft.grpc.flow.control.window = 1MB (=1048576) (default)
2019-08-20 14:03:37,377 INFO  server.RaftServerConfigKeys (ConfUtils.java:logGet(43)) - raft.server.rpc.request.timeout = 3000ms (default)
2019-08-20 14:03:37,378 INFO  server.RaftServerConfigKeys (ConfUtils.java:logGet(43)) - raft.server.storage.dir = [/workdir/hadoop-ozone/integration-test/target/test-dir/MiniOzoneClusterImpl-a5093427-9167-43d9-94b9-19b4565cf696/datanode-2/data/ratis] (custom)
2019-08-20 14:03:37,378 INFO  impl.RaftServerProxy (RaftServerProxy.java:lambda$null$0(191)) - 94514a72-c6de-4ebd-97fe-2a2c4a5db496: found a subdirectory /workdir/hadoop-ozone/integration-test/target/test-dir/MiniOzoneClusterImpl-a5093427-9167-43d9-94b9-19b4565cf696/datanode-2/data/ratis/a2f366ed-0b70-4dbf-a5a5-7dedfd9f574e
2019-08-20 14:03:37,379 INFO  impl.RaftServerProxy (RaftServerProxy.java:addNew(89)) - 94514a72-c6de-4ebd-97fe-2a2c4a5db496: addNew group-7DEDFD9F574E:[] returns group-7DEDFD9F574E:java.util.concurrent.CompletableFuture@2e68a88f[Not completed]
2019-08-20 14:03:37,379 INFO  impl.RaftServerProxy (RaftServerProxy.java:lambda$null$0(191)) - 94514a72-c6de-4ebd-97fe-2a2c4a5db496: found a subdirectory /workdir/hadoop-ozone/integration-test/target/test-dir/MiniOzoneClusterImpl-a5093427-9167-43d9-94b9-19b4565cf696/datanode-2/data/ratis/ac29457e-09c2-454e-b9f5-779c78602a24
2019-08-20 14:03:37,379 INFO  impl.RaftServerProxy (RaftServerProxy.java:addNew(89)) - 94514a72-c6de-4ebd-97fe-2a2c4a5db496: addNew group-779C78602A24:[] returns group-779C78602A24:java.util.concurrent.CompletableFuture@3933c08c[Not completed]
2019-08-20 14:03:37,379 INFO  replication.SimpleContainerDownloader (SimpleContainerDownloader.java:<init>(72)) - Starting container downloader service to copy containers to replicate.
2019-08-20 14:03:37,380 INFO  impl.RaftServerImpl (RaftServerImpl.java:<init>(93)) - 94514a72-c6de-4ebd-97fe-2a2c4a5db496: new RaftServerImpl for group-7DEDFD9F574E:[] with ContainerStateMachine:uninitialized
2019-08-20 14:03:37,380 INFO  server.RaftServerConfigKeys (ConfUtils.java:logGet(43)) - raft.server.rpc.timeout.min = 5s (custom)
2019-08-20 14:03:37,380 INFO  server.RaftServerConfigKeys (ConfUtils.java:logGet(43)) - raft.server.rpc.timeout.max = 5200ms (custom)
2019-08-20 14:03:37,380 INFO  server.RaftServerConfigKeys (ConfUtils.java:logGet(43)) - raft.server.rpcslowness.timeout = 120s (custom)
2019-08-20 14:03:37,380 INFO  server.RaftServerConfigKeys (ConfUtils.java:logGet(43)) - raft.server.sleep.deviation.threshold = 300 (default)
2019-08-20 14:03:37,380 INFO  server.RaftServerConfigKeys (ConfUtils.java:logGet(43)) - raft.server.log.appender.install.snapshot.enabled = false (custom)
2019-08-20 14:03:37,381 INFO  hdfs.DFSUtil (DFSUtil.java:httpServerTemplateForNNAndJN(1641)) - Starting Web-server for hddsDatanode at: http://0.0.0.0:35745
2019-08-20 14:03:37,381 INFO  impl.RaftServerImpl (ServerState.java:<init>(105)) - 94514a72-c6de-4ebd-97fe-2a2c4a5db496:group-7DEDFD9F574E ConfigurationManager, init=-1: [], old=null, confs=<EMPTY_MAP>
2019-08-20 14:03:37,381 INFO  server.RaftServerConfigKeys (ConfUtils.java:logGet(43)) - raft.server.storage.dir = [/workdir/hadoop-ozone/integration-test/target/test-dir/MiniOzoneClusterImpl-a5093427-9167-43d9-94b9-19b4565cf696/datanode-2/data/ratis] (custom)
2019-08-20 14:03:37,382 INFO  server.AuthenticationFilter (AuthenticationFilter.java:constructSecretProvider(240)) - Unable to initialize FileSignerSecretProvider, falling back to use random secrets.
2019-08-20 14:03:37,383 WARN  http.HttpRequestLog (HttpRequestLog.java:getRequestLog(97)) - Jetty request log can only be enabled using Log4j
2019-08-20 14:03:37,384 INFO  http.HttpServer2 (HttpServer2.java:addGlobalFilter(975)) - Added global filter 'safety' (class=org.apache.hadoop.http.HttpServer2$QuotingInputFilter)
2019-08-20 14:03:37,385 INFO  http.HttpServer2 (HttpServer2.java:addFilter(948)) - Added filter static_user_filter (class=org.apache.hadoop.http.lib.StaticUserWebFilter$StaticUserFilter) to context hddsDatanode
2019-08-20 14:03:37,385 INFO  http.HttpServer2 (HttpServer2.java:addFilter(958)) - Added filter static_user_filter (class=org.apache.hadoop.http.lib.StaticUserWebFilter$StaticUserFilter) to context static
2019-08-20 14:03:37,385 INFO  http.HttpServer2 (HttpServer2.java:addFilter(958)) - Added filter static_user_filter (class=org.apache.hadoop.http.lib.StaticUserWebFilter$StaticUserFilter) to context logs
2019-08-20 14:03:37,386 INFO  http.HttpServer2 (HttpServer2.java:bindListener(1191)) - Jetty bound to port 35745
2019-08-20 14:03:37,386 INFO  server.Server (Server.java:doStart(351)) - jetty-9.3.24.v20180605, build timestamp: 2018-06-05T17:11:56Z, git hash: 84205aa28f11a4f31f2a3b86d1bba2cc8ab69827
2019-08-20 14:03:37,388 INFO  handler.ContextHandler (ContextHandler.java:doStart(781)) - Started o.e.j.s.ServletContextHandler@46b825e1{/logs,file:///workdir/hadoop-ozone/integration-test/target/log,AVAILABLE}
2019-08-20 14:03:37,388 INFO  handler.ContextHandler (ContextHandler.java:doStart(781)) - Started o.e.j.s.ServletContextHandler@349ff86f{/static,jar:file:/home/user/.m2/repository/org/apache/hadoop/hadoop-hdds-container-service/0.5.0-SNAPSHOT/hadoop-hdds-container-service-0.5.0-SNAPSHOT.jar!/webapps/static,AVAILABLE}
2019-08-20 14:03:37,394 INFO  storage.RaftStorageDirectory (RaftStorageDirectory.java:tryLock(328)) - Lock on /workdir/hadoop-ozone/integration-test/target/test-dir/MiniOzoneClusterImpl-a5093427-9167-43d9-94b9-19b4565cf696/datanode-2/data/ratis/a2f366ed-0b70-4dbf-a5a5-7dedfd9f574e/in_use.lock acquired by nodename 6769@pr-hdds-1881-nhl7g-263231641
2019-08-20 14:03:37,395 INFO  ratis.ContainerStateMachine (ContainerStateMachine.java:loadSnapshot(213)) - group-7DEDFD9F574E: The snapshot info is null. Setting the last applied indexto:(t:0, i:~)
2019-08-20 14:03:37,395 INFO  server.RaftServerConfigKeys (ConfUtils.java:logGet(43)) - raft.server.leader.election.timeout = 120s (custom)
2019-08-20 14:03:37,395 INFO  server.RaftServerConfigKeys (ConfUtils.java:logGet(43)) - raft.server.log.use.memory = false (default)
2019-08-20 14:03:37,395 INFO  server.RaftServerConfigKeys (ConfUtils.java:logGet(43)) - raft.server.log.purge.gap = 1000000000 (custom)
2019-08-20 14:03:37,396 INFO  server.RaftServerConfigKeys (ConfUtils.java:logGet(43)) - raft.server.log.appender.buffer.byte-limit = 33554432 (custom)
2019-08-20 14:03:37,396 INFO  server.RaftServerConfigKeys (ConfUtils.java:logGet(43)) - raft.server.log.segment.size.max = 1048576 (custom)
2019-08-20 14:03:37,396 INFO  server.RaftServerConfigKeys (ConfUtils.java:logGet(43)) - raft.server.log.segment.cache.num.max = 2 (custom)
2019-08-20 14:03:37,396 INFO  segmented.SegmentedRaftLogWorker (SegmentedRaftLogWorker.java:<init>(172)) - new 94514a72-c6de-4ebd-97fe-2a2c4a5db496-SegmentedRaftLogWorker:Storage Directory /workdir/hadoop-ozone/integration-test/target/test-dir/MiniOzoneClusterImpl-a5093427-9167-43d9-94b9-19b4565cf696/datanode-2/data/ratis/a2f366ed-0b70-4dbf-a5a5-7dedfd9f574e for RaftStorage:Storage Directory /workdir/hadoop-ozone/integration-test/target/test-dir/MiniOzoneClusterImpl-a5093427-9167-43d9-94b9-19b4565cf696/datanode-2/data/ratis/a2f366ed-0b70-4dbf-a5a5-7dedfd9f574e
2019-08-20 14:03:37,396 INFO  server.RaftServerConfigKeys (ConfUtils.java:logGet(43)) - raft.server.log.queue.byte-limit = 2147483647 (custom)
2019-08-20 14:03:37,396 INFO  server.RaftServerConfigKeys (ConfUtils.java:logGet(43)) - raft.server.log.queue.element-limit = 1024 (custom)
2019-08-20 14:03:37,396 INFO  server.RaftServerConfigKeys (ConfUtils.java:logGet(43)) - raft.server.log.segment.size.max = 1048576 (custom)
2019-08-20 14:03:37,397 INFO  server.RaftServerConfigKeys (ConfUtils.java:logGet(43)) - raft.server.log.preallocated.size = 16384 (custom)
2019-08-20 14:03:37,397 INFO  server.RaftServerConfigKeys (ConfUtils.java:logGet(43)) - raft.server.log.write.buffer.size = 33554432 (custom)
2019-08-20 14:03:37,397 INFO  server.RaftServerConfigKeys (ConfUtils.java:logGet(43)) - raft.server.log.force.sync.num = 128 (default)
2019-08-20 14:03:37,397 INFO  server.RaftServerConfigKeys (ConfUtils.java:logGet(43)) - raft.server.log.statemachine.data.sync = true (default)
2019-08-20 14:03:37,397 INFO  server.RaftServerConfigKeys (ConfUtils.java:logGet(43)) - raft.server.log.statemachine.data.sync.timeout = 10s (default)
2019-08-20 14:03:37,397 INFO  server.RaftServerConfigKeys (ConfUtils.java:logGet(43)) - raft.server.log.statemachine.data.sync.timeout.retry = -1 (default)
2019-08-20 14:03:37,397 INFO  server.RaftServerConfigKeys (ConfUtils.java:logGet(43)) - raft.server.log.statemachine.data.caching.enabled = true (custom)
2019-08-20 14:03:37,398 INFO  impl.RaftServerImpl (ServerState.java:setRaftConf(361)) - 94514a72-c6de-4ebd-97fe-2a2c4a5db496:group-7DEDFD9F574E set configuration 0: [94514a72-c6de-4ebd-97fe-2a2c4a5db496:192.168.157.221:39507], old=null at 0
2019-08-20 14:03:37,399 INFO  segmented.LogSegment (LogSegment.java:loadSegment(145)) - Successfully read 1 entries from segment file /workdir/hadoop-ozone/integration-test/target/test-dir/MiniOzoneClusterImpl-a5093427-9167-43d9-94b9-19b4565cf696/datanode-2/data/ratis/a2f366ed-0b70-4dbf-a5a5-7dedfd9f574e/current/log_inprogress_0
2019-08-20 14:03:37,400 INFO  segmented.SegmentedRaftLogWorker (SegmentedRaftLogWorker.java:lambda$new$0(132)) - 94514a72-c6de-4ebd-97fe-2a2c4a5db496-SegmentedRaftLogWorker:Storage Directory /workdir/hadoop-ozone/integration-test/target/test-dir/MiniOzoneClusterImpl-a5093427-9167-43d9-94b9-19b4565cf696/datanode-2/data/ratis/a2f366ed-0b70-4dbf-a5a5-7dedfd9f574e: flushIndex: setUnconditionally 0 -> 0
2019-08-20 14:03:37,424 INFO  handler.ContextHandler (ContextHandler.java:doStart(781)) - Started o.e.j.w.WebAppContext@4dcc6b06{/,file:///tmp/jetty-0.0.0.0-35745-hddsDatanode-_-any-1582175788725644449.dir/webapp/,AVAILABLE}{/hddsDatanode}
2019-08-20 14:03:37,425 INFO  server.AbstractConnector (AbstractConnector.java:doStart(278)) - Started ServerConnector@69972717{HTTP/1.1,[http/1.1]}{0.0.0.0:35745}
2019-08-20 14:03:37,427 INFO  server.Server (Server.java:doStart(419)) - Started @55143ms
2019-08-20 14:03:37,427 INFO  server.RaftServerConfigKeys (ConfUtils.java:logGet(43)) - raft.server.snapshot.auto.trigger.enabled = true (custom)
2019-08-20 14:03:37,427 INFO  server.RaftServerConfigKeys (ConfUtils.java:logGet(43)) - raft.server.snapshot.auto.trigger.threshold = 10000 (custom)
2019-08-20 14:03:37,428 INFO  server.RaftServerConfigKeys (ConfUtils.java:logGet(43)) - raft.server.retrycache.expirytime = 600000ms (custom)
2019-08-20 14:03:37,428 INFO  server.BaseHttpServer (BaseHttpServer.java:updateConnectorAddress(207)) - HTTP server of HDDSDATANODE is listening at http://0.0.0.0:35745
2019-08-20 14:03:37,429 INFO  impl.RaftServerImpl (RaftServerImpl.java:<init>(93)) - 94514a72-c6de-4ebd-97fe-2a2c4a5db496: new RaftServerImpl for group-779C78602A24:[] with ContainerStateMachine:uninitialized
2019-08-20 14:03:37,430 INFO  server.RaftServerConfigKeys (ConfUtils.java:logGet(43)) - raft.server.rpc.timeout.min = 5s (custom)
2019-08-20 14:03:37,430 INFO  server.RaftServerConfigKeys (ConfUtils.java:logGet(43)) - raft.server.rpc.timeout.max = 5200ms (custom)
2019-08-20 14:03:37,430 INFO  server.RaftServerConfigKeys (ConfUtils.java:logGet(43)) - raft.server.rpcslowness.timeout = 120s (custom)
2019-08-20 14:03:37,430 INFO  server.RaftServerConfigKeys (ConfUtils.java:logGet(43)) - raft.server.sleep.deviation.threshold = 300 (default)
2019-08-20 14:03:37,430 INFO  server.RaftServerConfigKeys (ConfUtils.java:logGet(43)) - raft.server.log.appender.install.snapshot.enabled = false (custom)
2019-08-20 14:03:37,430 INFO  impl.RaftServerImpl (ServerState.java:<init>(105)) - 94514a72-c6de-4ebd-97fe-2a2c4a5db496:group-779C78602A24 ConfigurationManager, init=-1: [], old=null, confs=<EMPTY_MAP>
2019-08-20 14:03:37,430 INFO  server.RaftServerConfigKeys (ConfUtils.java:logGet(43)) - raft.server.storage.dir = [/workdir/hadoop-ozone/integration-test/target/test-dir/MiniOzoneClusterImpl-a5093427-9167-43d9-94b9-19b4565cf696/datanode-2/data/ratis] (custom)
2019-08-20 14:03:37,443 INFO  storage.RaftStorageDirectory (RaftStorageDirectory.java:tryLock(328)) - Lock on /workdir/hadoop-ozone/integration-test/target/test-dir/MiniOzoneClusterImpl-a5093427-9167-43d9-94b9-19b4565cf696/datanode-2/data/ratis/ac29457e-09c2-454e-b9f5-779c78602a24/in_use.lock acquired by nodename 6769@pr-hdds-1881-nhl7g-263231641
2019-08-20 14:03:37,444 INFO  ratis.ContainerStateMachine (ContainerStateMachine.java:loadSnapshot(213)) - group-779C78602A24: The snapshot info is null. Setting the last applied indexto:(t:0, i:~)
2019-08-20 14:03:37,444 INFO  server.RaftServerConfigKeys (ConfUtils.java:logGet(43)) - raft.server.leader.election.timeout = 120s (custom)
2019-08-20 14:03:37,444 INFO  server.RaftServerConfigKeys (ConfUtils.java:logGet(43)) - raft.server.log.use.memory = false (default)
2019-08-20 14:03:37,444 INFO  server.RaftServerConfigKeys (ConfUtils.java:logGet(43)) - raft.server.log.purge.gap = 1000000000 (custom)
2019-08-20 14:03:37,444 INFO  server.RaftServerConfigKeys (ConfUtils.java:logGet(43)) - raft.server.log.appender.buffer.byte-limit = 33554432 (custom)
2019-08-20 14:03:37,445 INFO  server.RaftServerConfigKeys (ConfUtils.java:logGet(43)) - raft.server.log.segment.size.max = 1048576 (custom)
2019-08-20 14:03:37,445 INFO  server.RaftServerConfigKeys (ConfUtils.java:logGet(43)) - raft.server.log.segment.cache.num.max = 2 (custom)
2019-08-20 14:03:37,445 INFO  segmented.SegmentedRaftLogWorker (SegmentedRaftLogWorker.java:<init>(172)) - new 94514a72-c6de-4ebd-97fe-2a2c4a5db496-SegmentedRaftLogWorker:Storage Directory /workdir/hadoop-ozone/integration-test/target/test-dir/MiniOzoneClusterImpl-a5093427-9167-43d9-94b9-19b4565cf696/datanode-2/data/ratis/ac29457e-09c2-454e-b9f5-779c78602a24 for RaftStorage:Storage Directory /workdir/hadoop-ozone/integration-test/target/test-dir/MiniOzoneClusterImpl-a5093427-9167-43d9-94b9-19b4565cf696/datanode-2/data/ratis/ac29457e-09c2-454e-b9f5-779c78602a24
2019-08-20 14:03:37,445 INFO  server.RaftServerConfigKeys (ConfUtils.java:logGet(43)) - raft.server.log.queue.byte-limit = 2147483647 (custom)
2019-08-20 14:03:37,445 INFO  server.RaftServerConfigKeys (ConfUtils.java:logGet(43)) - raft.server.log.queue.element-limit = 1024 (custom)
2019-08-20 14:03:37,445 INFO  server.RaftServerConfigKeys (ConfUtils.java:logGet(43)) - raft.server.log.segment.size.max = 1048576 (custom)
2019-08-20 14:03:37,445 INFO  server.RaftServerConfigKeys (ConfUtils.java:logGet(43)) - raft.server.log.preallocated.size = 16384 (custom)
2019-08-20 14:03:37,446 INFO  server.RaftServerConfigKeys (ConfUtils.java:logGet(43)) - raft.server.log.write.buffer.size = 33554432 (custom)
2019-08-20 14:03:37,446 INFO  server.RaftServerConfigKeys (ConfUtils.java:logGet(43)) - raft.server.log.force.sync.num = 128 (default)
2019-08-20 14:03:37,446 INFO  server.RaftServerConfigKeys (ConfUtils.java:logGet(43)) - raft.server.log.statemachine.data.sync = true (default)
2019-08-20 14:03:37,446 INFO  server.RaftServerConfigKeys (ConfUtils.java:logGet(43)) - raft.server.log.statemachine.data.sync.timeout = 10s (default)
2019-08-20 14:03:37,446 INFO  server.RaftServerConfigKeys (ConfUtils.java:logGet(43)) - raft.server.log.statemachine.data.sync.timeout.retry = -1 (default)
2019-08-20 14:03:37,446 INFO  server.RaftServerConfigKeys (ConfUtils.java:logGet(43)) - raft.server.log.statemachine.data.caching.enabled = true (custom)
2019-08-20 14:03:37,446 INFO  segmented.SegmentedRaftLogWorker (SegmentedRaftLogWorker.java:lambda$new$0(132)) - 94514a72-c6de-4ebd-97fe-2a2c4a5db496-SegmentedRaftLogWorker:Storage Directory /workdir/hadoop-ozone/integration-test/target/test-dir/MiniOzoneClusterImpl-a5093427-9167-43d9-94b9-19b4565cf696/datanode-2/data/ratis/ac29457e-09c2-454e-b9f5-779c78602a24: flushIndex: setUnconditionally 0 -> -1
2019-08-20 14:03:37,447 INFO  server.RaftServerConfigKeys (ConfUtils.java:logGet(43)) - raft.server.snapshot.auto.trigger.enabled = true (custom)
2019-08-20 14:03:37,447 INFO  server.RaftServerConfigKeys (ConfUtils.java:logGet(43)) - raft.server.snapshot.auto.trigger.threshold = 10000 (custom)
2019-08-20 14:03:37,447 INFO  server.RaftServerConfigKeys (ConfUtils.java:logGet(43)) - raft.server.retrycache.expirytime = 600000ms (custom)
2019-08-20 14:03:37,696 INFO  ozone.HddsDatanodeService (HddsDatanodeService.java:startPlugins(395)) - Started plug-in org.apache.hadoop.ozone.web.OzoneHddsDatanodeService@40409edf
2019-08-20 14:03:37,697 INFO  pipeline.SCMPipelineManager (SCMPipelineManager.java:finalizeAndDestroyPipeline(309)) - destroying pipeline:Pipeline[ Id: ac29457e-09c2-454e-b9f5-779c78602a24, Nodes: 38221ef5-4b6d-4f4b-abde-abccf4438b27{ip: 192.168.157.221, host: pr-hdds-1881-nhl7g-263231641, networkLocation: /default-rack, certSerialId: null}94514a72-c6de-4ebd-97fe-2a2c4a5db496{ip: 192.168.157.221, host: pr-hdds-1881-nhl7g-263231641, networkLocation: /default-rack, certSerialId: null}44a8054b-acc3-4d83-a55b-30f3f259d19d{ip: 192.168.157.221, host: pr-hdds-1881-nhl7g-263231641, networkLocation: /default-rack, certSerialId: null}, Type:RATIS, Factor:THREE, State:OPEN]
2019-08-20 14:03:37,698 INFO  util.JvmPauseMonitor (JvmPauseMonitor.java:run(188)) - Starting JVM pause monitor
2019-08-20 14:03:37,706 WARN  pipeline.RatisPipelineUtils (RatisPipelineUtils.java:destroyPipeline(66)) - Pipeline destroy failed for pipeline=PipelineID=ac29457e-09c2-454e-b9f5-779c78602a24 dn=38221ef5-4b6d-4f4b-abde-abccf4438b27{ip: 192.168.157.221, host: pr-hdds-1881-nhl7g-263231641, networkLocation: /default-rack, certSerialId: null}
2019-08-20 14:03:37,711 WARN  pipeline.RatisPipelineUtils (RatisPipelineUtils.java:destroyPipeline(66)) - Pipeline destroy failed for pipeline=PipelineID=ac29457e-09c2-454e-b9f5-779c78602a24 dn=94514a72-c6de-4ebd-97fe-2a2c4a5db496{ip: 192.168.157.221, host: pr-hdds-1881-nhl7g-263231641, networkLocation: /default-rack, certSerialId: null}
2019-08-20 14:03:37,714 WARN  pipeline.RatisPipelineUtils (RatisPipelineUtils.java:destroyPipeline(66)) - Pipeline destroy failed for pipeline=PipelineID=ac29457e-09c2-454e-b9f5-779c78602a24 dn=44a8054b-acc3-4d83-a55b-30f3f259d19d{ip: 192.168.157.221, host: pr-hdds-1881-nhl7g-263231641, networkLocation: /default-rack, certSerialId: null}
2019-08-20 14:03:37,715 INFO  pipeline.PipelineStateManager (PipelineStateManager.java:removePipeline(108)) - Pipeline Pipeline[ Id: ac29457e-09c2-454e-b9f5-779c78602a24, Nodes: 38221ef5-4b6d-4f4b-abde-abccf4438b27{ip: 192.168.157.221, host: pr-hdds-1881-nhl7g-263231641, networkLocation: /default-rack, certSerialId: null}94514a72-c6de-4ebd-97fe-2a2c4a5db496{ip: 192.168.157.221, host: pr-hdds-1881-nhl7g-263231641, networkLocation: /default-rack, certSerialId: null}44a8054b-acc3-4d83-a55b-30f3f259d19d{ip: 192.168.157.221, host: pr-hdds-1881-nhl7g-263231641, networkLocation: /default-rack, certSerialId: null}, Type:RATIS, Factor:THREE, State:CLOSED] removed from db
2019-08-20 14:03:39,107 INFO  ozoneimpl.OzoneContainer (OzoneContainer.java:start(186)) - Attempting to start container services.
2019-08-20 14:03:39,108 INFO  ozoneimpl.OzoneContainer (OzoneContainer.java:startContainerScrub(160)) - Background container scrubber has been disabled by hdds.containerscrub.enabled
2019-08-20 14:03:39,108 INFO  ratis.XceiverServerRatis (XceiverServerRatis.java:start(404)) - Starting XceiverServerRatis 38221ef5-4b6d-4f4b-abde-abccf4438b27 at port 42932
2019-08-20 14:03:39,121 INFO  impl.RaftServerImpl (RaftServerImpl.java:start(180)) - 38221ef5-4b6d-4f4b-abde-abccf4438b27: start group-A3C7EC746934
2019-08-20 14:03:39,121 INFO  impl.RaftServerImpl (RaftServerImpl.java:start(180)) - 38221ef5-4b6d-4f4b-abde-abccf4438b27: start group-779C78602A24
2019-08-20 14:03:39,122 INFO  impl.RaftServerImpl (RaftServerImpl.java:setRole(171)) - 38221ef5-4b6d-4f4b-abde-abccf4438b27:group-A3C7EC746934 changes role from null to FOLLOWER at term 1 for startInitializing
2019-08-20 14:03:39,123 INFO  impl.RaftServerImpl (RaftServerImpl.java:setRole(171)) - 38221ef5-4b6d-4f4b-abde-abccf4438b27:group-779C78602A24 changes role from null to FOLLOWER at term 1 for startInitializing
2019-08-20 14:03:39,125 INFO  util.JmxRegister (JmxRegister.java:tryRegister(44)) - Successfully registered JMX Bean with object name Ratis:service=RaftServer,group=group-A3C7EC746934,id=38221ef5-4b6d-4f4b-abde-abccf4438b27
2019-08-20 14:03:39,125 INFO  util.JmxRegister (JmxRegister.java:tryRegister(44)) - Successfully registered JMX Bean with object name Ratis:service=RaftServer,group=group-779C78602A24,id=38221ef5-4b6d-4f4b-abde-abccf4438b27
2019-08-20 14:03:39,128 INFO  impl.RaftServerProxy (RaftServerProxy.java:lambda$start$3(299)) - 38221ef5-4b6d-4f4b-abde-abccf4438b27: start RPC server
2019-08-20 14:03:39,131 INFO  server.GrpcService (GrpcService.java:startImpl(149)) - 38221ef5-4b6d-4f4b-abde-abccf4438b27: GrpcService started, listening on 0.0.0.0/0.0.0.0:42932
2019-08-20 14:03:39,344 INFO  ozoneimpl.OzoneContainer (OzoneContainer.java:start(186)) - Attempting to start container services.
2019-08-20 14:03:39,344 INFO  ozoneimpl.OzoneContainer (OzoneContainer.java:startContainerScrub(160)) - Background container scrubber has been disabled by hdds.containerscrub.enabled
2019-08-20 14:03:39,344 INFO  ratis.XceiverServerRatis (XceiverServerRatis.java:start(404)) - Starting XceiverServerRatis 44a8054b-acc3-4d83-a55b-30f3f259d19d at port 35929
2019-08-20 14:03:39,354 INFO  impl.RaftServerImpl (RaftServerImpl.java:start(180)) - 44a8054b-acc3-4d83-a55b-30f3f259d19d: start group-F8E860B63721
2019-08-20 14:03:39,354 INFO  impl.RaftServerImpl (RaftServerImpl.java:start(180)) - 44a8054b-acc3-4d83-a55b-30f3f259d19d: start group-779C78602A24
2019-08-20 14:03:39,355 INFO  impl.RaftServerImpl (RaftServerImpl.java:setRole(171)) - 44a8054b-acc3-4d83-a55b-30f3f259d19d:group-F8E860B63721 changes role from null to FOLLOWER at term 1 for startAsFollower
2019-08-20 14:03:39,357 INFO  impl.RaftServerImpl (RaftServerImpl.java:setRole(171)) - 44a8054b-acc3-4d83-a55b-30f3f259d19d:group-779C78602A24 changes role from null to FOLLOWER at term 1 for startInitializing
2019-08-20 14:03:39,357 INFO  impl.RoleInfo (RoleInfo.java:updateAndGet(143)) - 44a8054b-acc3-4d83-a55b-30f3f259d19d: start FollowerState
2019-08-20 14:03:39,357 INFO  util.JmxRegister (JmxRegister.java:tryRegister(44)) - Successfully registered JMX Bean with object name Ratis:service=RaftServer,group=group-779C78602A24,id=44a8054b-acc3-4d83-a55b-30f3f259d19d
2019-08-20 14:03:39,363 INFO  util.JmxRegister (JmxRegister.java:tryRegister(44)) - Successfully registered JMX Bean with object name Ratis:service=RaftServer,group=group-F8E860B63721,id=44a8054b-acc3-4d83-a55b-30f3f259d19d
2019-08-20 14:03:39,363 INFO  impl.RaftServerProxy (RaftServerProxy.java:lambda$start$3(299)) - 44a8054b-acc3-4d83-a55b-30f3f259d19d: start RPC server
2019-08-20 14:03:39,365 INFO  server.GrpcService (GrpcService.java:startImpl(149)) - 44a8054b-acc3-4d83-a55b-30f3f259d19d: GrpcService started, listening on 0.0.0.0/0.0.0.0:35929
2019-08-20 14:03:39,701 INFO  ozoneimpl.OzoneContainer (OzoneContainer.java:start(186)) - Attempting to start container services.
2019-08-20 14:03:39,702 INFO  ozoneimpl.OzoneContainer (OzoneContainer.java:startContainerScrub(160)) - Background container scrubber has been disabled by hdds.containerscrub.enabled
2019-08-20 14:03:39,702 INFO  ratis.XceiverServerRatis (XceiverServerRatis.java:start(404)) - Starting XceiverServerRatis 94514a72-c6de-4ebd-97fe-2a2c4a5db496 at port 39507
2019-08-20 14:03:39,711 INFO  impl.RaftServerImpl (RaftServerImpl.java:start(180)) - 94514a72-c6de-4ebd-97fe-2a2c4a5db496: start group-7DEDFD9F574E
2019-08-20 14:03:39,711 INFO  impl.RaftServerImpl (RaftServerImpl.java:start(180)) - 94514a72-c6de-4ebd-97fe-2a2c4a5db496: start group-779C78602A24
2019-08-20 14:03:39,713 INFO  impl.RaftServerImpl (RaftServerImpl.java:setRole(171)) - 94514a72-c6de-4ebd-97fe-2a2c4a5db496:group-7DEDFD9F574E changes role from null to FOLLOWER at term 1 for startAsFollower
2019-08-20 14:03:39,715 INFO  impl.RaftServerImpl (RaftServerImpl.java:setRole(171)) - 94514a72-c6de-4ebd-97fe-2a2c4a5db496:group-779C78602A24 changes role from null to FOLLOWER at term 2 for startInitializing
2019-08-20 14:03:39,715 INFO  impl.RoleInfo (RoleInfo.java:updateAndGet(143)) - 94514a72-c6de-4ebd-97fe-2a2c4a5db496: start FollowerState
2019-08-20 14:03:39,715 INFO  util.JmxRegister (JmxRegister.java:tryRegister(44)) - Successfully registered JMX Bean with object name Ratis:service=RaftServer,group=group-779C78602A24,id=94514a72-c6de-4ebd-97fe-2a2c4a5db496
2019-08-20 14:03:39,716 INFO  util.JmxRegister (JmxRegister.java:tryRegister(44)) - Successfully registered JMX Bean with object name Ratis:service=RaftServer,group=group-7DEDFD9F574E,id=94514a72-c6de-4ebd-97fe-2a2c4a5db496
2019-08-20 14:03:39,716 INFO  impl.RaftServerProxy (RaftServerProxy.java:lambda$start$3(299)) - 94514a72-c6de-4ebd-97fe-2a2c4a5db496: start RPC server
2019-08-20 14:03:39,717 INFO  server.GrpcService (GrpcService.java:startImpl(149)) - 94514a72-c6de-4ebd-97fe-2a2c4a5db496: GrpcService started, listening on 0.0.0.0/0.0.0.0:39507
2019-08-20 14:03:41,124 INFO  impl.RaftServerProxy (RaftServerProxy.java:remove(95)) - 38221ef5-4b6d-4f4b-abde-abccf4438b27: remove FOLLOWER group-779C78602A24 38221ef5-4b6d-4f4b-abde-abccf4438b27:t1, leader=null, voted=38221ef5-4b6d-4f4b-abde-abccf4438b27, raftlog=38221ef5-4b6d-4f4b-abde-abccf4438b27-SegmentedRaftLog:OPENED:c-1,f-1,i0, conf=-1: [], old=null STARTING
2019-08-20 14:03:41,125 INFO  impl.RaftServerImpl (RaftServerImpl.java:lambda$shutdown$3(245)) - 38221ef5-4b6d-4f4b-abde-abccf4438b27: shutdown group-779C78602A24
2019-08-20 14:03:41,125 INFO  util.JmxRegister (JmxRegister.java:unregister(73)) - Successfully un-registered JMX Bean with object name Ratis:service=RaftServer,group=group-779C78602A24,id=38221ef5-4b6d-4f4b-abde-abccf4438b27
2019-08-20 14:03:41,125 INFO  impl.StateMachineUpdater (StateMachineUpdater.java:stopAndJoin(115)) - StateMachineUpdater:38221ef5-4b6d-4f4b-abde-abccf4438b27:group-779C78602A24: set stopIndex = -1
2019-08-20 14:03:41,125 INFO  impl.RaftServerImpl (ServerState.java:close(394)) - 38221ef5-4b6d-4f4b-abde-abccf4438b27:group-779C78602A24 closes. The last applied log index is -1
2019-08-20 14:03:41,126 INFO  segmented.SegmentedRaftLogWorker (SegmentedRaftLogWorker.java:run(313)) - 38221ef5-4b6d-4f4b-abde-abccf4438b27-SegmentedRaftLogWorker:Storage Directory /workdir/hadoop-ozone/integration-test/target/test-dir/MiniOzoneClusterImpl-a5093427-9167-43d9-94b9-19b4565cf696/datanode-0/data/ratis/ac29457e-09c2-454e-b9f5-779c78602a24 was interrupted, exiting. There are 0 tasks remaining in the queue.
2019-08-20 14:03:41,126 INFO  segmented.SegmentedRaftLogWorker (SegmentedRaftLogWorker.java:close(228)) - 38221ef5-4b6d-4f4b-abde-abccf4438b27-SegmentedRaftLogWorker:Storage Directory /workdir/hadoop-ozone/integration-test/target/test-dir/MiniOzoneClusterImpl-a5093427-9167-43d9-94b9-19b4565cf696/datanode-0/data/ratis/ac29457e-09c2-454e-b9f5-779c78602a24 close()
2019-08-20 14:03:41,353 INFO  impl.RaftServerProxy (RaftServerProxy.java:remove(95)) - 44a8054b-acc3-4d83-a55b-30f3f259d19d: remove FOLLOWER group-779C78602A24 44a8054b-acc3-4d83-a55b-30f3f259d19d:t1, leader=null, voted=44a8054b-acc3-4d83-a55b-30f3f259d19d, raftlog=44a8054b-acc3-4d83-a55b-30f3f259d19d-SegmentedRaftLog:OPENED:c-1,f-1,i0, conf=-1: [], old=null STARTING
2019-08-20 14:03:41,353 INFO  impl.RaftServerImpl (RaftServerImpl.java:lambda$shutdown$3(245)) - 44a8054b-acc3-4d83-a55b-30f3f259d19d: shutdown group-779C78602A24
2019-08-20 14:03:41,353 INFO  util.JmxRegister (JmxRegister.java:unregister(73)) - Successfully un-registered JMX Bean with object name Ratis:service=RaftServer,group=group-779C78602A24,id=44a8054b-acc3-4d83-a55b-30f3f259d19d
2019-08-20 14:03:41,353 INFO  impl.StateMachineUpdater (StateMachineUpdater.java:stopAndJoin(115)) - StateMachineUpdater:44a8054b-acc3-4d83-a55b-30f3f259d19d:group-779C78602A24: set stopIndex = -1
2019-08-20 14:03:41,354 INFO  impl.RaftServerImpl (ServerState.java:close(394)) - 44a8054b-acc3-4d83-a55b-30f3f259d19d:group-779C78602A24 closes. The last applied log index is -1
2019-08-20 14:03:41,355 INFO  segmented.SegmentedRaftLogWorker (SegmentedRaftLogWorker.java:run(313)) - 44a8054b-acc3-4d83-a55b-30f3f259d19d-SegmentedRaftLogWorker:Storage Directory /workdir/hadoop-ozone/integration-test/target/test-dir/MiniOzoneClusterImpl-a5093427-9167-43d9-94b9-19b4565cf696/datanode-1/data/ratis/ac29457e-09c2-454e-b9f5-779c78602a24 was interrupted, exiting. There are 0 tasks remaining in the queue.
2019-08-20 14:03:41,355 INFO  segmented.SegmentedRaftLogWorker (SegmentedRaftLogWorker.java:close(228)) - 44a8054b-acc3-4d83-a55b-30f3f259d19d-SegmentedRaftLogWorker:Storage Directory /workdir/hadoop-ozone/integration-test/target/test-dir/MiniOzoneClusterImpl-a5093427-9167-43d9-94b9-19b4565cf696/datanode-1/data/ratis/ac29457e-09c2-454e-b9f5-779c78602a24 close()
2019-08-20 14:03:41,633 INFO  ozone.MiniOzoneClusterImpl (MiniOzoneClusterImpl.java:shutdown(321)) - Shutting down the Mini Ozone Cluster
2019-08-20 14:03:41,634 INFO  ozone.MiniOzoneClusterImpl (MiniOzoneClusterImpl.java:stop(336)) - Stopping the Mini Ozone Cluster
2019-08-20 14:03:41,634 INFO  ozone.MiniOzoneClusterImpl (MiniOzoneClusterImpl.java:stop(338)) - Stopping the OzoneManager
2019-08-20 14:03:41,635 INFO  ipc.Server (Server.java:stop(3082)) - Stopping server on 42818
2019-08-20 14:03:41,648 INFO  ipc.Server (Server.java:run(1185)) - Stopping IPC Server listener on 42818
2019-08-20 14:03:41,651 INFO  ipc.Server (Server.java:run(1319)) - Stopping IPC Server Responder
2019-08-20 14:03:41,648 INFO  utils.BackgroundService (BackgroundService.java:shutdown(148)) - Shutting down service KeyDeletingService
2019-08-20 14:03:41,663 INFO  handler.ContextHandler (ContextHandler.java:doStop(910)) - Stopped o.e.j.w.WebAppContext@79fa8154{/,null,UNAVAILABLE}{/ozoneManager}
2019-08-20 14:03:41,664 INFO  server.AbstractConnector (AbstractConnector.java:doStop(318)) - Stopped ServerConnector@1330370c{HTTP/1.1,[http/1.1]}{0.0.0.0:0}
2019-08-20 14:03:41,665 INFO  handler.ContextHandler (ContextHandler.java:doStop(910)) - Stopped o.e.j.s.ServletContextHandler@4e376621{/static,file:///workdir/hadoop-ozone/integration-test/target/test-classes/webapps/static,UNAVAILABLE}
2019-08-20 14:03:41,667 INFO  handler.ContextHandler (ContextHandler.java:doStop(910)) - Stopped o.e.j.s.ServletContextHandler@7b46cb63{/logs,file:///workdir/hadoop-ozone/integration-test/target/log,UNAVAILABLE}
2019-08-20 14:03:41,670 INFO  ozone.MiniOzoneClusterImpl (MiniOzoneClusterImpl.java:stop(344)) - Shutting the HddsDatanodes
2019-08-20 14:03:41,671 INFO  datanode.ObjectStoreHandler (ObjectStoreHandler.java:close(155)) - Closing ObjectStoreHandler.
2019-08-20 14:03:41,671 INFO  datanode.ObjectStoreHandler (ObjectStoreHandler.java:close(155)) - Closing ObjectStoreHandler.
2019-08-20 14:03:41,671 INFO  ozone.HddsDatanodeService (HddsDatanodeService.java:stop(451)) - Stopped plug-in org.apache.hadoop.ozone.web.OzoneHddsDatanodeService@850ec05
2019-08-20 14:03:41,671 INFO  ozone.HddsDatanodeService (HddsDatanodeService.java:stop(451)) - Stopped plug-in org.apache.hadoop.ozone.web.OzoneHddsDatanodeService@d0c7b6f
2019-08-20 14:03:41,710 INFO  impl.RaftServerProxy (RaftServerProxy.java:remove(95)) - 94514a72-c6de-4ebd-97fe-2a2c4a5db496: remove FOLLOWER group-779C78602A24 94514a72-c6de-4ebd-97fe-2a2c4a5db496:t2, leader=null, voted=94514a72-c6de-4ebd-97fe-2a2c4a5db496, raftlog=94514a72-c6de-4ebd-97fe-2a2c4a5db496-SegmentedRaftLog:OPENED:c-1,f-1,i0, conf=-1: [], old=null STARTING
2019-08-20 14:03:41,711 INFO  impl.RaftServerImpl (RaftServerImpl.java:lambda$shutdown$3(245)) - 94514a72-c6de-4ebd-97fe-2a2c4a5db496: shutdown group-779C78602A24
2019-08-20 14:03:41,711 INFO  util.JmxRegister (JmxRegister.java:unregister(73)) - Successfully un-registered JMX Bean with object name Ratis:service=RaftServer,group=group-779C78602A24,id=94514a72-c6de-4ebd-97fe-2a2c4a5db496
2019-08-20 14:03:41,711 INFO  impl.StateMachineUpdater (StateMachineUpdater.java:stopAndJoin(115)) - StateMachineUpdater:94514a72-c6de-4ebd-97fe-2a2c4a5db496:group-779C78602A24: set stopIndex = -1
2019-08-20 14:03:41,713 INFO  impl.RaftServerImpl (ServerState.java:close(394)) - 94514a72-c6de-4ebd-97fe-2a2c4a5db496:group-779C78602A24 closes. The last applied log index is -1
2019-08-20 14:03:41,713 INFO  segmented.SegmentedRaftLogWorker (SegmentedRaftLogWorker.java:run(313)) - 94514a72-c6de-4ebd-97fe-2a2c4a5db496-SegmentedRaftLogWorker:Storage Directory /workdir/hadoop-ozone/integration-test/target/test-dir/MiniOzoneClusterImpl-a5093427-9167-43d9-94b9-19b4565cf696/datanode-2/data/ratis/ac29457e-09c2-454e-b9f5-779c78602a24 was interrupted, exiting. There are 0 tasks remaining in the queue.
2019-08-20 14:03:41,713 INFO  segmented.SegmentedRaftLogWorker (SegmentedRaftLogWorker.java:close(228)) - 94514a72-c6de-4ebd-97fe-2a2c4a5db496-SegmentedRaftLogWorker:Storage Directory /workdir/hadoop-ozone/integration-test/target/test-dir/MiniOzoneClusterImpl-a5093427-9167-43d9-94b9-19b4565cf696/datanode-2/data/ratis/ac29457e-09c2-454e-b9f5-779c78602a24 close()
2019-08-20 14:03:43,104 INFO  statemachine.DatanodeStateMachine (DatanodeStateMachine.java:lambda$startDaemon$0(350)) - Ozone container server started.
2019-08-20 14:03:43,342 INFO  statemachine.DatanodeStateMachine (DatanodeStateMachine.java:lambda$startDaemon$0(350)) - Ozone container server started.
2019-08-20 14:03:43,862 INFO  impl.RaftServerProxy (RaftServerProxy.java:addNew(89)) - 94514a72-c6de-4ebd-97fe-2a2c4a5db496: addNew group-39FD983BE2F2:[94514a72-c6de-4ebd-97fe-2a2c4a5db496:192.168.157.221:39507] returns group-39FD983BE2F2:java.util.concurrent.CompletableFuture@4303c66c[Not completed]
2019-08-20 14:03:43,865 INFO  impl.RaftServerImpl (RaftServerImpl.java:<init>(93)) - 94514a72-c6de-4ebd-97fe-2a2c4a5db496: new RaftServerImpl for group-39FD983BE2F2:[94514a72-c6de-4ebd-97fe-2a2c4a5db496:192.168.157.221:39507] with ContainerStateMachine:uninitialized
2019-08-20 14:03:43,866 INFO  server.RaftServerConfigKeys (ConfUtils.java:logGet(43)) - raft.server.rpc.timeout.min = 5s (custom)
2019-08-20 14:03:43,866 INFO  server.RaftServerConfigKeys (ConfUtils.java:logGet(43)) - raft.server.rpc.timeout.max = 5200ms (custom)
2019-08-20 14:03:43,866 INFO  server.RaftServerConfigKeys (ConfUtils.java:logGet(43)) - raft.server.rpcslowness.timeout = 120s (custom)
2019-08-20 14:03:43,867 INFO  server.RaftServerConfigKeys (ConfUtils.java:logGet(43)) - raft.server.sleep.deviation.threshold = 300 (default)
2019-08-20 14:03:43,867 INFO  server.RaftServerConfigKeys (ConfUtils.java:logGet(43)) - raft.server.log.appender.install.snapshot.enabled = false (custom)
2019-08-20 14:03:43,867 INFO  impl.RaftServerImpl (ServerState.java:<init>(105)) - 94514a72-c6de-4ebd-97fe-2a2c4a5db496:group-39FD983BE2F2 ConfigurationManager, init=-1: [94514a72-c6de-4ebd-97fe-2a2c4a5db496:192.168.157.221:39507], old=null, confs=<EMPTY_MAP>
2019-08-20 14:03:43,867 INFO  server.RaftServerConfigKeys (ConfUtils.java:logGet(43)) - raft.server.storage.dir = [/workdir/hadoop-ozone/integration-test/target/test-dir/MiniOzoneClusterImpl-a5093427-9167-43d9-94b9-19b4565cf696/datanode-2/data/ratis] (custom)
2019-08-20 14:03:43,868 INFO  storage.RaftStorageDirectory (RaftStorageDirectory.java:analyzeStorage(246)) - The storage directory /workdir/hadoop-ozone/integration-test/target/test-dir/MiniOzoneClusterImpl-a5093427-9167-43d9-94b9-19b4565cf696/datanode-2/data/ratis/27b01a73-3e3e-4486-908b-39fd983be2f2 does not exist. Creating ...
2019-08-20 14:03:43,881 INFO  storage.RaftStorageDirectory (RaftStorageDirectory.java:tryLock(328)) - Lock on /workdir/hadoop-ozone/integration-test/target/test-dir/MiniOzoneClusterImpl-a5093427-9167-43d9-94b9-19b4565cf696/datanode-2/data/ratis/27b01a73-3e3e-4486-908b-39fd983be2f2/in_use.lock acquired by nodename 6769@pr-hdds-1881-nhl7g-263231641
2019-08-20 14:03:43,896 INFO  storage.RaftStorage (RaftStorage.java:format(72)) - Storage directory /workdir/hadoop-ozone/integration-test/target/test-dir/MiniOzoneClusterImpl-a5093427-9167-43d9-94b9-19b4565cf696/datanode-2/data/ratis/27b01a73-3e3e-4486-908b-39fd983be2f2 has been successfully formatted.
2019-08-20 14:03:43,896 INFO  ratis.ContainerStateMachine (ContainerStateMachine.java:loadSnapshot(213)) - group-39FD983BE2F2: The snapshot info is null. Setting the last applied indexto:(t:0, i:~)
2019-08-20 14:03:43,896 INFO  server.RaftServerConfigKeys (ConfUtils.java:logGet(43)) - raft.server.leader.election.timeout = 120s (custom)
2019-08-20 14:03:43,897 INFO  server.RaftServerConfigKeys (ConfUtils.java:logGet(43)) - raft.server.log.use.memory = false (default)
2019-08-20 14:03:43,897 INFO  server.RaftServerConfigKeys (ConfUtils.java:logGet(43)) - raft.server.log.purge.gap = 1000000000 (custom)
2019-08-20 14:03:43,897 INFO  server.RaftServerConfigKeys (ConfUtils.java:logGet(43)) - raft.server.log.appender.buffer.byte-limit = 33554432 (custom)
2019-08-20 14:03:43,897 INFO  server.RaftServerConfigKeys (ConfUtils.java:logGet(43)) - raft.server.log.segment.size.max = 1048576 (custom)
2019-08-20 14:03:43,898 INFO  server.RaftServerConfigKeys (ConfUtils.java:logGet(43)) - raft.server.log.segment.cache.num.max = 2 (custom)
2019-08-20 14:03:43,898 INFO  segmented.SegmentedRaftLogWorker (SegmentedRaftLogWorker.java:<init>(172)) - new 94514a72-c6de-4ebd-97fe-2a2c4a5db496-SegmentedRaftLogWorker:Storage Directory /workdir/hadoop-ozone/integration-test/target/test-dir/MiniOzoneClusterImpl-a5093427-9167-43d9-94b9-19b4565cf696/datanode-2/data/ratis/27b01a73-3e3e-4486-908b-39fd983be2f2 for RaftStorage:Storage Directory /workdir/hadoop-ozone/integration-test/target/test-dir/MiniOzoneClusterImpl-a5093427-9167-43d9-94b9-19b4565cf696/datanode-2/data/ratis/27b01a73-3e3e-4486-908b-39fd983be2f2
2019-08-20 14:03:43,898 INFO  server.RaftServerConfigKeys (ConfUtils.java:logGet(43)) - raft.server.log.queue.byte-limit = 2147483647 (custom)
2019-08-20 14:03:43,898 INFO  server.RaftServerConfigKeys (ConfUtils.java:logGet(43)) - raft.server.log.queue.element-limit = 1024 (custom)
2019-08-20 14:03:43,898 INFO  server.RaftServerConfigKeys (ConfUtils.java:logGet(43)) - raft.server.log.segment.size.max = 1048576 (custom)
2019-08-20 14:03:43,898 INFO  server.RaftServerConfigKeys (ConfUtils.java:logGet(43)) - raft.server.log.preallocated.size = 16384 (custom)
2019-08-20 14:03:43,899 INFO  server.RaftServerConfigKeys (ConfUtils.java:logGet(43)) - raft.server.log.write.buffer.size = 33554432 (custom)
2019-08-20 14:03:43,899 INFO  server.RaftServerConfigKeys (ConfUtils.java:logGet(43)) - raft.server.log.force.sync.num = 128 (default)
2019-08-20 14:03:43,899 INFO  server.RaftServerConfigKeys (ConfUtils.java:logGet(43)) - raft.server.log.statemachine.data.sync = true (default)
2019-08-20 14:03:43,899 INFO  server.RaftServerConfigKeys (ConfUtils.java:logGet(43)) - raft.server.log.statemachine.data.sync.timeout = 10s (default)
2019-08-20 14:03:43,899 INFO  server.RaftServerConfigKeys (ConfUtils.java:logGet(43)) - raft.server.log.statemachine.data.sync.timeout.retry = -1 (default)
2019-08-20 14:03:43,899 INFO  server.RaftServerConfigKeys (ConfUtils.java:logGet(43)) - raft.server.log.statemachine.data.caching.enabled = true (custom)
2019-08-20 14:03:43,907 INFO  segmented.SegmentedRaftLogWorker (SegmentedRaftLogWorker.java:lambda$new$0(132)) - 94514a72-c6de-4ebd-97fe-2a2c4a5db496-SegmentedRaftLogWorker:Storage Directory /workdir/hadoop-ozone/integration-test/target/test-dir/MiniOzoneClusterImpl-a5093427-9167-43d9-94b9-19b4565cf696/datanode-2/data/ratis/27b01a73-3e3e-4486-908b-39fd983be2f2: flushIndex: setUnconditionally 0 -> -1
2019-08-20 14:03:43,908 INFO  server.RaftServerConfigKeys (ConfUtils.java:logGet(43)) - raft.server.snapshot.auto.trigger.enabled = true (custom)
2019-08-20 14:03:43,908 INFO  server.RaftServerConfigKeys (ConfUtils.java:logGet(43)) - raft.server.snapshot.auto.trigger.threshold = 10000 (custom)
2019-08-20 14:03:43,908 INFO  server.RaftServerConfigKeys (ConfUtils.java:logGet(43)) - raft.server.retrycache.expirytime = 600000ms (custom)
2019-08-20 14:03:43,909 INFO  impl.RaftServerImpl (RaftServerImpl.java:start(180)) - 94514a72-c6de-4ebd-97fe-2a2c4a5db496: start group-39FD983BE2F2
2019-08-20 14:03:43,909 INFO  impl.RaftServerImpl (RaftServerImpl.java:setRole(171)) - 94514a72-c6de-4ebd-97fe-2a2c4a5db496:group-39FD983BE2F2 changes role from null to FOLLOWER at term 0 for startAsFollower
2019-08-20 14:03:43,909 INFO  impl.RoleInfo (RoleInfo.java:updateAndGet(143)) - 94514a72-c6de-4ebd-97fe-2a2c4a5db496: start FollowerState
2019-08-20 14:03:43,909 INFO  util.JmxRegister (JmxRegister.java:tryRegister(44)) - Successfully registered JMX Bean with object name Ratis:service=RaftServer,group=group-39FD983BE2F2,id=94514a72-c6de-4ebd-97fe-2a2c4a5db496
2019-08-20 14:03:43,915 INFO  pipeline.PipelineStateManager (PipelineStateManager.java:addPipeline(56)) - Created pipeline Pipeline[ Id: 27b01a73-3e3e-4486-908b-39fd983be2f2, Nodes: 94514a72-c6de-4ebd-97fe-2a2c4a5db496{ip: 192.168.157.221, host: pr-hdds-1881-nhl7g-263231641, networkLocation: /default-rack, certSerialId: null}, Type:RATIS, Factor:ONE, State:OPEN]
2019-08-20 14:03:44,485 INFO  impl.FollowerState (FollowerState.java:run(106)) - 44a8054b-acc3-4d83-a55b-30f3f259d19d:group-F8E860B63721 changes to CANDIDATE, lastRpcTime:5127, electionTimeout:5122ms
2019-08-20 14:03:44,485 INFO  impl.RoleInfo (RoleInfo.java:shutdownFollowerState(121)) - 44a8054b-acc3-4d83-a55b-30f3f259d19d: shutdown FollowerState
2019-08-20 14:03:44,485 INFO  impl.RaftServerImpl (RaftServerImpl.java:setRole(171)) - 44a8054b-acc3-4d83-a55b-30f3f259d19d:group-F8E860B63721 changes role from FOLLOWER to CANDIDATE at term 1 for changeToCandidate
2019-08-20 14:03:44,485 INFO  impl.RoleInfo (RoleInfo.java:updateAndGet(143)) - 44a8054b-acc3-4d83-a55b-30f3f259d19d: start LeaderElection
2019-08-20 14:03:44,511 INFO  impl.LeaderElection (LeaderElection.java:askForVotes(181)) - 44a8054b-acc3-4d83-a55b-30f3f259d19d:group-F8E860B63721:LeaderElection18: begin an election at term 2 for 0: [44a8054b-acc3-4d83-a55b-30f3f259d19d:192.168.157.221:35929], old=null
2019-08-20 14:03:44,512 INFO  impl.RoleInfo (RoleInfo.java:shutdownLeaderElection(134)) - 44a8054b-acc3-4d83-a55b-30f3f259d19d: shutdown LeaderElection
2019-08-20 14:03:44,512 INFO  impl.RaftServerImpl (RaftServerImpl.java:setRole(171)) - 44a8054b-acc3-4d83-a55b-30f3f259d19d:group-F8E860B63721 changes role from CANDIDATE to LEADER at term 2 for changeToLeader
2019-08-20 14:03:44,512 INFO  impl.RaftServerImpl (ServerState.java:setLeader(263)) - 44a8054b-acc3-4d83-a55b-30f3f259d19d:group-F8E860B63721 change Leader from null to 44a8054b-acc3-4d83-a55b-30f3f259d19d at term 2 for becomeLeader, leader elected after 7332ms
2019-08-20 14:03:44,512 INFO  server.RaftServerConfigKeys (ConfUtils.java:logGet(43)) - raft.server.staging.catchup.gap = 1000 (default)
2019-08-20 14:03:44,512 INFO  server.RaftServerConfigKeys (ConfUtils.java:logGet(43)) - raft.server.rpc.sleep.time = 25ms (default)
2019-08-20 14:03:44,512 INFO  server.RaftServerConfigKeys (ConfUtils.java:logGet(43)) - raft.server.write.element-limit = 4096 (default)
2019-08-20 14:03:44,513 INFO  server.RaftServerConfigKeys (ConfUtils.java:logGet(43)) - raft.server.watch.timeout = 10s (default)
2019-08-20 14:03:44,513 INFO  server.RaftServerConfigKeys (ConfUtils.java:logGet(43)) - raft.server.watch.timeout.denomination = 1s (default)
2019-08-20 14:03:44,513 INFO  server.RaftServerConfigKeys (ConfUtils.java:logGet(43)) - raft.server.watch.element-limit = 65536 (default)
2019-08-20 14:03:44,513 INFO  impl.RoleInfo (RoleInfo.java:updateAndGet(143)) - 44a8054b-acc3-4d83-a55b-30f3f259d19d: start LeaderState
2019-08-20 14:03:44,514 INFO  segmented.SegmentedRaftLogWorker (SegmentedRaftLogWorker.java:rollLogSegment(385)) - 44a8054b-acc3-4d83-a55b-30f3f259d19d-SegmentedRaftLogWorker:Storage Directory /workdir/hadoop-ozone/integration-test/target/test-dir/MiniOzoneClusterImpl-a5093427-9167-43d9-94b9-19b4565cf696/datanode-1/data/ratis/99d75ece-f1ba-4cae-b32a-f8e860b63721: Rolling segment log-0_0 to index:0
2019-08-20 14:03:44,519 INFO  segmented.SegmentedRaftLogWorker (SegmentedRaftLogWorker.java:execute(526)) - 44a8054b-acc3-4d83-a55b-30f3f259d19d-SegmentedRaftLogWorker:Storage Directory /workdir/hadoop-ozone/integration-test/target/test-dir/MiniOzoneClusterImpl-a5093427-9167-43d9-94b9-19b4565cf696/datanode-1/data/ratis/99d75ece-f1ba-4cae-b32a-f8e860b63721: Rolled log segment from /workdir/hadoop-ozone/integration-test/target/test-dir/MiniOzoneClusterImpl-a5093427-9167-43d9-94b9-19b4565cf696/datanode-1/data/ratis/99d75ece-f1ba-4cae-b32a-f8e860b63721/current/log_inprogress_0 to /workdir/hadoop-ozone/integration-test/target/test-dir/MiniOzoneClusterImpl-a5093427-9167-43d9-94b9-19b4565cf696/datanode-1/data/ratis/99d75ece-f1ba-4cae-b32a-f8e860b63721/current/log_0-0
2019-08-20 14:03:44,522 INFO  impl.RaftServerImpl (ServerState.java:setRaftConf(361)) - 44a8054b-acc3-4d83-a55b-30f3f259d19d:group-F8E860B63721 set configuration 1: [44a8054b-acc3-4d83-a55b-30f3f259d19d:192.168.157.221:35929], old=null at 1
2019-08-20 14:03:44,582 INFO  segmented.SegmentedRaftLogWorker (SegmentedRaftLogWorker.java:execute(569)) - 44a8054b-acc3-4d83-a55b-30f3f259d19d-SegmentedRaftLogWorker:Storage Directory /workdir/hadoop-ozone/integration-test/target/test-dir/MiniOzoneClusterImpl-a5093427-9167-43d9-94b9-19b4565cf696/datanode-1/data/ratis/99d75ece-f1ba-4cae-b32a-f8e860b63721: created new log segment /workdir/hadoop-ozone/integration-test/target/test-dir/MiniOzoneClusterImpl-a5093427-9167-43d9-94b9-19b4565cf696/datanode-1/data/ratis/99d75ece-f1ba-4cae-b32a-f8e860b63721/current/log_inprogress_1
2019-08-20 14:03:44,755 INFO  impl.FollowerState (FollowerState.java:run(106)) - 94514a72-c6de-4ebd-97fe-2a2c4a5db496:group-7DEDFD9F574E changes to CANDIDATE, lastRpcTime:5039, electionTimeout:5039ms
2019-08-20 14:03:44,755 INFO  impl.RoleInfo (RoleInfo.java:shutdownFollowerState(121)) - 94514a72-c6de-4ebd-97fe-2a2c4a5db496: shutdown FollowerState
2019-08-20 14:03:44,755 INFO  impl.RaftServerImpl (RaftServerImpl.java:setRole(171)) - 94514a72-c6de-4ebd-97fe-2a2c4a5db496:group-7DEDFD9F574E changes role from FOLLOWER to CANDIDATE at term 1 for changeToCandidate
2019-08-20 14:03:44,755 INFO  impl.RoleInfo (RoleInfo.java:updateAndGet(143)) - 94514a72-c6de-4ebd-97fe-2a2c4a5db496: start LeaderElection
2019-08-20 14:03:44,788 INFO  impl.LeaderElection (LeaderElection.java:askForVotes(181)) - 94514a72-c6de-4ebd-97fe-2a2c4a5db496:group-7DEDFD9F574E:LeaderElection19: begin an election at term 2 for 0: [94514a72-c6de-4ebd-97fe-2a2c4a5db496:192.168.157.221:39507], old=null
2019-08-20 14:03:44,788 INFO  impl.RoleInfo (RoleInfo.java:shutdownLeaderElection(134)) - 94514a72-c6de-4ebd-97fe-2a2c4a5db496: shutdown LeaderElection
2019-08-20 14:03:44,788 INFO  impl.RaftServerImpl (RaftServerImpl.java:setRole(171)) - 94514a72-c6de-4ebd-97fe-2a2c4a5db496:group-7DEDFD9F574E changes role from CANDIDATE to LEADER at term 2 for changeToLeader
2019-08-20 14:03:44,788 INFO  impl.RaftServerImpl (ServerState.java:setLeader(263)) - 94514a72-c6de-4ebd-97fe-2a2c4a5db496:group-7DEDFD9F574E change Leader from null to 94514a72-c6de-4ebd-97fe-2a2c4a5db496 at term 2 for becomeLeader, leader elected after 7393ms
2019-08-20 14:03:44,788 INFO  server.RaftServerConfigKeys (ConfUtils.java:logGet(43)) - raft.server.staging.catchup.gap = 1000 (default)
2019-08-20 14:03:44,789 INFO  server.RaftServerConfigKeys (ConfUtils.java:logGet(43)) - raft.server.rpc.sleep.time = 25ms (default)
2019-08-20 14:03:44,789 INFO  server.RaftServerConfigKeys (ConfUtils.java:logGet(43)) - raft.server.write.element-limit = 4096 (default)
2019-08-20 14:03:44,789 INFO  server.RaftServerConfigKeys (ConfUtils.java:logGet(43)) - raft.server.watch.timeout = 10s (default)
2019-08-20 14:03:44,789 INFO  server.RaftServerConfigKeys (ConfUtils.java:logGet(43)) - raft.server.watch.timeout.denomination = 1s (default)
2019-08-20 14:03:44,789 INFO  server.RaftServerConfigKeys (ConfUtils.java:logGet(43)) - raft.server.watch.element-limit = 65536 (default)
2019-08-20 14:03:44,790 INFO  impl.RoleInfo (RoleInfo.java:updateAndGet(143)) - 94514a72-c6de-4ebd-97fe-2a2c4a5db496: start LeaderState
2019-08-20 14:03:44,790 INFO  segmented.SegmentedRaftLogWorker (SegmentedRaftLogWorker.java:rollLogSegment(385)) - 94514a72-c6de-4ebd-97fe-2a2c4a5db496-SegmentedRaftLogWorker:Storage Directory /workdir/hadoop-ozone/integration-test/target/test-dir/MiniOzoneClusterImpl-a5093427-9167-43d9-94b9-19b4565cf696/datanode-2/data/ratis/a2f366ed-0b70-4dbf-a5a5-7dedfd9f574e: Rolling segment log-0_0 to index:0
2019-08-20 14:03:44,792 INFO  impl.RaftServerImpl (ServerState.java:setRaftConf(361)) - 94514a72-c6de-4ebd-97fe-2a2c4a5db496:group-7DEDFD9F574E set configuration 1: [94514a72-c6de-4ebd-97fe-2a2c4a5db496:192.168.157.221:39507], old=null at 1
2019-08-20 14:03:44,794 INFO  segmented.SegmentedRaftLogWorker (SegmentedRaftLogWorker.java:execute(526)) - 94514a72-c6de-4ebd-97fe-2a2c4a5db496-SegmentedRaftLogWorker:Storage Directory /workdir/hadoop-ozone/integration-test/target/test-dir/MiniOzoneClusterImpl-a5093427-9167-43d9-94b9-19b4565cf696/datanode-2/data/ratis/a2f366ed-0b70-4dbf-a5a5-7dedfd9f574e: Rolled log segment from /workdir/hadoop-ozone/integration-test/target/test-dir/MiniOzoneClusterImpl-a5093427-9167-43d9-94b9-19b4565cf696/datanode-2/data/ratis/a2f366ed-0b70-4dbf-a5a5-7dedfd9f574e/current/log_inprogress_0 to /workdir/hadoop-ozone/integration-test/target/test-dir/MiniOzoneClusterImpl-a5093427-9167-43d9-94b9-19b4565cf696/datanode-2/data/ratis/a2f366ed-0b70-4dbf-a5a5-7dedfd9f574e/current/log_0-0
2019-08-20 14:03:44,846 INFO  segmented.SegmentedRaftLogWorker (SegmentedRaftLogWorker.java:execute(569)) - 94514a72-c6de-4ebd-97fe-2a2c4a5db496-SegmentedRaftLogWorker:Storage Directory /workdir/hadoop-ozone/integration-test/target/test-dir/MiniOzoneClusterImpl-a5093427-9167-43d9-94b9-19b4565cf696/datanode-2/data/ratis/a2f366ed-0b70-4dbf-a5a5-7dedfd9f574e: created new log segment /workdir/hadoop-ozone/integration-test/target/test-dir/MiniOzoneClusterImpl-a5093427-9167-43d9-94b9-19b4565cf696/datanode-2/data/ratis/a2f366ed-0b70-4dbf-a5a5-7dedfd9f574e/current/log_inprogress_1
2019-08-20 14:03:46,672 INFO  ozoneimpl.OzoneContainer (OzoneContainer.java:stop(199)) - Attempting to stop container services.
2019-08-20 14:03:46,672 INFO  ozoneimpl.OzoneContainer (OzoneContainer.java:stop(199)) - Attempting to stop container services.
2019-08-20 14:03:46,673 INFO  impl.RaftServerProxy (RaftServerProxy.java:lambda$close$4(314)) - 38221ef5-4b6d-4f4b-abde-abccf4438b27: close
2019-08-20 14:03:46,674 INFO  impl.RaftServerProxy (RaftServerProxy.java:lambda$close$4(314)) - 44a8054b-acc3-4d83-a55b-30f3f259d19d: close
2019-08-20 14:03:46,674 INFO  impl.RaftServerImpl (RaftServerImpl.java:lambda$shutdown$3(245)) - 38221ef5-4b6d-4f4b-abde-abccf4438b27: shutdown group-A3C7EC746934
2019-08-20 14:03:46,674 INFO  impl.RaftServerImpl (RaftServerImpl.java:lambda$shutdown$3(245)) - 44a8054b-acc3-4d83-a55b-30f3f259d19d: shutdown group-F8E860B63721
2019-08-20 14:03:46,675 INFO  util.JmxRegister (JmxRegister.java:unregister(73)) - Successfully un-registered JMX Bean with object name Ratis:service=RaftServer,group=group-A3C7EC746934,id=38221ef5-4b6d-4f4b-abde-abccf4438b27
2019-08-20 14:03:46,675 INFO  util.JmxRegister (JmxRegister.java:unregister(73)) - Successfully un-registered JMX Bean with object name Ratis:service=RaftServer,group=group-F8E860B63721,id=44a8054b-acc3-4d83-a55b-30f3f259d19d
2019-08-20 14:03:46,676 INFO  impl.StateMachineUpdater (StateMachineUpdater.java:stopAndJoin(115)) - StateMachineUpdater:38221ef5-4b6d-4f4b-abde-abccf4438b27:group-A3C7EC746934: set stopIndex = -1
2019-08-20 14:03:46,676 INFO  impl.RoleInfo (RoleInfo.java:shutdownLeaderState(104)) - 44a8054b-acc3-4d83-a55b-30f3f259d19d: shutdown LeaderState
2019-08-20 14:03:46,676 INFO  impl.RaftServerImpl (ServerState.java:close(394)) - 38221ef5-4b6d-4f4b-abde-abccf4438b27:group-A3C7EC746934 closes. The last applied log index is -1
2019-08-20 14:03:46,677 INFO  impl.PendingRequests (PendingRequests.java:sendNotLeaderResponses(202)) - 44a8054b-acc3-4d83-a55b-30f3f259d19d-PendingRequests: sendNotLeaderResponses
2019-08-20 14:03:46,678 INFO  segmented.SegmentedRaftLogWorker (SegmentedRaftLogWorker.java:run(313)) - 38221ef5-4b6d-4f4b-abde-abccf4438b27-SegmentedRaftLogWorker:Storage Directory /workdir/hadoop-ozone/integration-test/target/test-dir/MiniOzoneClusterImpl-a5093427-9167-43d9-94b9-19b4565cf696/datanode-0/data/ratis/99fa317d-d9bc-4c58-816d-a3c7ec746934 was interrupted, exiting. There are 0 tasks remaining in the queue.
2019-08-20 14:03:46,684 INFO  impl.StateMachineUpdater (StateMachineUpdater.java:stopAndJoin(115)) - StateMachineUpdater:44a8054b-acc3-4d83-a55b-30f3f259d19d:group-F8E860B63721: set stopIndex = 2
2019-08-20 14:03:46,684 INFO  segmented.SegmentedRaftLogWorker (SegmentedRaftLogWorker.java:close(228)) - 38221ef5-4b6d-4f4b-abde-abccf4438b27-SegmentedRaftLogWorker:Storage Directory /workdir/hadoop-ozone/integration-test/target/test-dir/MiniOzoneClusterImpl-a5093427-9167-43d9-94b9-19b4565cf696/datanode-0/data/ratis/99fa317d-d9bc-4c58-816d-a3c7ec746934 close()
2019-08-20 14:03:46,686 INFO  impl.RaftServerImpl (ServerState.java:close(394)) - 44a8054b-acc3-4d83-a55b-30f3f259d19d:group-F8E860B63721 closes. The last applied log index is 2
2019-08-20 14:03:46,689 INFO  server.GrpcService (GrpcService.java:closeImpl(155)) - 38221ef5-4b6d-4f4b-abde-abccf4438b27: shutdown server with port 42932 now
2019-08-20 14:03:46,689 INFO  segmented.SegmentedRaftLogWorker (SegmentedRaftLogWorker.java:run(313)) - 44a8054b-acc3-4d83-a55b-30f3f259d19d-SegmentedRaftLogWorker:Storage Directory /workdir/hadoop-ozone/integration-test/target/test-dir/MiniOzoneClusterImpl-a5093427-9167-43d9-94b9-19b4565cf696/datanode-1/data/ratis/99d75ece-f1ba-4cae-b32a-f8e860b63721 was interrupted, exiting. There are 0 tasks remaining in the queue.
2019-08-20 14:03:46,692 INFO  server.GrpcService (GrpcService.java:closeImpl(163)) - 38221ef5-4b6d-4f4b-abde-abccf4438b27: shutdown server with port 42932 successfully
2019-08-20 14:03:46,692 INFO  segmented.SegmentedRaftLogWorker (SegmentedRaftLogWorker.java:close(228)) - 44a8054b-acc3-4d83-a55b-30f3f259d19d-SegmentedRaftLogWorker:Storage Directory /workdir/hadoop-ozone/integration-test/target/test-dir/MiniOzoneClusterImpl-a5093427-9167-43d9-94b9-19b4565cf696/datanode-1/data/ratis/99d75ece-f1ba-4cae-b32a-f8e860b63721 close()
2019-08-20 14:03:46,696 INFO  server.GrpcService (GrpcService.java:closeImpl(155)) - 44a8054b-acc3-4d83-a55b-30f3f259d19d: shutdown server with port 35929 now
2019-08-20 14:03:46,698 INFO  server.GrpcService (GrpcService.java:closeImpl(163)) - 44a8054b-acc3-4d83-a55b-30f3f259d19d: shutdown server with port 35929 successfully
2019-08-20 14:03:46,700 INFO  utils.BackgroundService (BackgroundService.java:shutdown(148)) - Shutting down service BlockDeletingService
2019-08-20 14:03:46,702 INFO  utils.BackgroundService (BackgroundService.java:shutdown(148)) - Shutting down service BlockDeletingService
2019-08-20 14:03:46,708 WARN  fs.CachingGetSpaceUsed (CachingGetSpaceUsed.java:run(183)) - Thread Interrupted waiting to refresh disk information: sleep interrupted
2019-08-20 14:03:46,708 WARN  fs.CachingGetSpaceUsed (CachingGetSpaceUsed.java:run(183)) - Thread Interrupted waiting to refresh disk information: sleep interrupted
2019-08-20 14:03:46,729 INFO  statemachine.DatanodeStateMachine (DatanodeStateMachine.java:stopDaemon(395)) - Ozone container server stopped.
2019-08-20 14:03:46,733 INFO  handler.ContextHandler (ContextHandler.java:doStop(910)) - Stopped o.e.j.w.WebAppContext@1df40794{/,null,UNAVAILABLE}{/hddsDatanode}
2019-08-20 14:03:46,734 INFO  server.AbstractConnector (AbstractConnector.java:doStop(318)) - Stopped ServerConnector@72809774{HTTP/1.1,[http/1.1]}{0.0.0.0:44790}
2019-08-20 14:03:46,737 INFO  statemachine.DatanodeStateMachine (DatanodeStateMachine.java:stopDaemon(395)) - Ozone container server stopped.
2019-08-20 14:03:46,737 INFO  handler.ContextHandler (ContextHandler.java:doStop(910)) - Stopped o.e.j.s.ServletContextHandler@6f836000{/static,jar:file:/home/user/.m2/repository/org/apache/hadoop/hadoop-hdds-container-service/0.5.0-SNAPSHOT/hadoop-hdds-container-service-0.5.0-SNAPSHOT.jar!/webapps/static,UNAVAILABLE}
2019-08-20 14:03:46,740 INFO  handler.ContextHandler (ContextHandler.java:doStop(910)) - Stopped o.e.j.s.ServletContextHandler@48229ea5{/logs,file:///workdir/hadoop-ozone/integration-test/target/log,UNAVAILABLE}
2019-08-20 14:03:46,741 INFO  handler.ContextHandler (ContextHandler.java:doStop(910)) - Stopped o.e.j.w.WebAppContext@45dd4f4b{/,null,UNAVAILABLE}{/hddsDatanode}
2019-08-20 14:03:46,742 INFO  datanode.ObjectStoreHandler (ObjectStoreHandler.java:close(155)) - Closing ObjectStoreHandler.
2019-08-20 14:03:46,742 INFO  server.AbstractConnector (AbstractConnector.java:doStop(318)) - Stopped ServerConnector@43177857{HTTP/1.1,[http/1.1]}{0.0.0.0:42728}
2019-08-20 14:03:46,743 INFO  ozone.HddsDatanodeService (HddsDatanodeService.java:stop(451)) - Stopped plug-in org.apache.hadoop.ozone.web.OzoneHddsDatanodeService@40409edf
2019-08-20 14:03:46,743 INFO  handler.ContextHandler (ContextHandler.java:doStop(910)) - Stopped o.e.j.s.ServletContextHandler@7bcf5b21{/static,jar:file:/home/user/.m2/repository/org/apache/hadoop/hadoop-hdds-container-service/0.5.0-SNAPSHOT/hadoop-hdds-container-service-0.5.0-SNAPSHOT.jar!/webapps/static,UNAVAILABLE}
2019-08-20 14:03:46,745 INFO  handler.ContextHandler (ContextHandler.java:doStop(910)) - Stopped o.e.j.s.ServletContextHandler@1893b453{/logs,file:///workdir/hadoop-ozone/integration-test/target/log,UNAVAILABLE}
2019-08-20 14:03:47,700 INFO  statemachine.DatanodeStateMachine (DatanodeStateMachine.java:lambda$startDaemon$0(350)) - Ozone container server started.
2019-08-20 14:03:48,911 INFO  impl.FollowerState (FollowerState.java:run(106)) - 94514a72-c6de-4ebd-97fe-2a2c4a5db496:group-39FD983BE2F2 changes to CANDIDATE, lastRpcTime:5002, electionTimeout:5002ms
2019-08-20 14:03:48,912 INFO  impl.RoleInfo (RoleInfo.java:shutdownFollowerState(121)) - 94514a72-c6de-4ebd-97fe-2a2c4a5db496: shutdown FollowerState
2019-08-20 14:03:48,912 INFO  impl.RaftServerImpl (RaftServerImpl.java:setRole(171)) - 94514a72-c6de-4ebd-97fe-2a2c4a5db496:group-39FD983BE2F2 changes role from FOLLOWER to CANDIDATE at term 0 for changeToCandidate
2019-08-20 14:03:48,912 INFO  impl.RoleInfo (RoleInfo.java:updateAndGet(143)) - 94514a72-c6de-4ebd-97fe-2a2c4a5db496: start LeaderElection
2019-08-20 14:03:48,940 INFO  impl.LeaderElection (LeaderElection.java:askForVotes(181)) - 94514a72-c6de-4ebd-97fe-2a2c4a5db496:group-39FD983BE2F2:LeaderElection20: begin an election at term 1 for -1: [94514a72-c6de-4ebd-97fe-2a2c4a5db496:192.168.157.221:39507], old=null
2019-08-20 14:03:48,940 INFO  impl.RoleInfo (RoleInfo.java:shutdownLeaderElection(134)) - 94514a72-c6de-4ebd-97fe-2a2c4a5db496: shutdown LeaderElection
2019-08-20 14:03:48,940 INFO  impl.RaftServerImpl (RaftServerImpl.java:setRole(171)) - 94514a72-c6de-4ebd-97fe-2a2c4a5db496:group-39FD983BE2F2 changes role from CANDIDATE to LEADER at term 1 for changeToLeader
2019-08-20 14:03:48,940 INFO  impl.RaftServerImpl (ServerState.java:setLeader(263)) - 94514a72-c6de-4ebd-97fe-2a2c4a5db496:group-39FD983BE2F2 change Leader from null to 94514a72-c6de-4ebd-97fe-2a2c4a5db496 at term 1 for becomeLeader, leader elected after 5043ms
2019-08-20 14:03:48,941 INFO  server.RaftServerConfigKeys (ConfUtils.java:logGet(43)) - raft.server.staging.catchup.gap = 1000 (default)
2019-08-20 14:03:48,941 INFO  server.RaftServerConfigKeys (ConfUtils.java:logGet(43)) - raft.server.rpc.sleep.time = 25ms (default)
2019-08-20 14:03:48,941 INFO  server.RaftServerConfigKeys (ConfUtils.java:logGet(43)) - raft.server.write.element-limit = 4096 (default)
2019-08-20 14:03:48,941 INFO  server.RaftServerConfigKeys (ConfUtils.java:logGet(43)) - raft.server.watch.timeout = 10s (default)
2019-08-20 14:03:48,941 INFO  server.RaftServerConfigKeys (ConfUtils.java:logGet(43)) - raft.server.watch.timeout.denomination = 1s (default)
2019-08-20 14:03:48,941 INFO  server.RaftServerConfigKeys (ConfUtils.java:logGet(43)) - raft.server.watch.element-limit = 65536 (default)
2019-08-20 14:03:48,942 INFO  impl.RoleInfo (RoleInfo.java:updateAndGet(143)) - 94514a72-c6de-4ebd-97fe-2a2c4a5db496: start LeaderState
2019-08-20 14:03:48,942 INFO  segmented.SegmentedRaftLogWorker (SegmentedRaftLogWorker.java:startLogSegment(380)) - 94514a72-c6de-4ebd-97fe-2a2c4a5db496-SegmentedRaftLogWorker:Storage Directory /workdir/hadoop-ozone/integration-test/target/test-dir/MiniOzoneClusterImpl-a5093427-9167-43d9-94b9-19b4565cf696/datanode-2/data/ratis/27b01a73-3e3e-4486-908b-39fd983be2f2: Starting segment from index:0
2019-08-20 14:03:48,943 INFO  impl.RaftServerImpl (ServerState.java:setRaftConf(361)) - 94514a72-c6de-4ebd-97fe-2a2c4a5db496:group-39FD983BE2F2 set configuration 0: [94514a72-c6de-4ebd-97fe-2a2c4a5db496:192.168.157.221:39507], old=null at 0
2019-08-20 14:03:49,001 INFO  segmented.SegmentedRaftLogWorker (SegmentedRaftLogWorker.java:execute(569)) - 94514a72-c6de-4ebd-97fe-2a2c4a5db496-SegmentedRaftLogWorker:Storage Directory /workdir/hadoop-ozone/integration-test/target/test-dir/MiniOzoneClusterImpl-a5093427-9167-43d9-94b9-19b4565cf696/datanode-2/data/ratis/27b01a73-3e3e-4486-908b-39fd983be2f2: created new log segment /workdir/hadoop-ozone/integration-test/target/test-dir/MiniOzoneClusterImpl-a5093427-9167-43d9-94b9-19b4565cf696/datanode-2/data/ratis/27b01a73-3e3e-4486-908b-39fd983be2f2/current/log_inprogress_0
2019-08-20 14:03:51,744 INFO  ozoneimpl.OzoneContainer (OzoneContainer.java:stop(199)) - Attempting to stop container services.
2019-08-20 14:03:51,745 INFO  impl.RaftServerProxy (RaftServerProxy.java:lambda$close$4(314)) - 94514a72-c6de-4ebd-97fe-2a2c4a5db496: close
2019-08-20 14:03:51,745 INFO  impl.RaftServerImpl (RaftServerImpl.java:lambda$shutdown$3(245)) - 94514a72-c6de-4ebd-97fe-2a2c4a5db496: shutdown group-39FD983BE2F2
2019-08-20 14:03:51,745 INFO  impl.RaftServerImpl (RaftServerImpl.java:lambda$shutdown$3(245)) - 94514a72-c6de-4ebd-97fe-2a2c4a5db496: shutdown group-7DEDFD9F574E
2019-08-20 14:03:51,746 INFO  util.JmxRegister (JmxRegister.java:unregister(73)) - Successfully un-registered JMX Bean with object name Ratis:service=RaftServer,group=group-39FD983BE2F2,id=94514a72-c6de-4ebd-97fe-2a2c4a5db496
2019-08-20 14:03:51,746 INFO  util.JmxRegister (JmxRegister.java:unregister(73)) - Successfully un-registered JMX Bean with object name Ratis:service=RaftServer,group=group-7DEDFD9F574E,id=94514a72-c6de-4ebd-97fe-2a2c4a5db496
2019-08-20 14:03:51,746 INFO  impl.RoleInfo (RoleInfo.java:shutdownLeaderState(104)) - 94514a72-c6de-4ebd-97fe-2a2c4a5db496: shutdown LeaderState
2019-08-20 14:03:51,746 INFO  impl.RoleInfo (RoleInfo.java:shutdownLeaderState(104)) - 94514a72-c6de-4ebd-97fe-2a2c4a5db496: shutdown LeaderState
2019-08-20 14:03:51,747 INFO  impl.PendingRequests (PendingRequests.java:sendNotLeaderResponses(202)) - 94514a72-c6de-4ebd-97fe-2a2c4a5db496-PendingRequests: sendNotLeaderResponses
2019-08-20 14:03:51,747 INFO  impl.PendingRequests (PendingRequests.java:sendNotLeaderResponses(202)) - 94514a72-c6de-4ebd-97fe-2a2c4a5db496-PendingRequests: sendNotLeaderResponses
2019-08-20 14:03:51,747 INFO  impl.StateMachineUpdater (StateMachineUpdater.java:stopAndJoin(115)) - StateMachineUpdater:94514a72-c6de-4ebd-97fe-2a2c4a5db496:group-39FD983BE2F2: set stopIndex = 0
2019-08-20 14:03:51,751 INFO  impl.RaftServerImpl (ServerState.java:close(394)) - 94514a72-c6de-4ebd-97fe-2a2c4a5db496:group-39FD983BE2F2 closes. The last applied log index is 0
2019-08-20 14:03:51,751 INFO  impl.StateMachineUpdater (StateMachineUpdater.java:stopAndJoin(115)) - StateMachineUpdater:94514a72-c6de-4ebd-97fe-2a2c4a5db496:group-7DEDFD9F574E: set stopIndex = 2
2019-08-20 14:03:51,752 INFO  segmented.SegmentedRaftLogWorker (SegmentedRaftLogWorker.java:run(313)) - 94514a72-c6de-4ebd-97fe-2a2c4a5db496-SegmentedRaftLogWorker:Storage Directory /workdir/hadoop-ozone/integration-test/target/test-dir/MiniOzoneClusterImpl-a5093427-9167-43d9-94b9-19b4565cf696/datanode-2/data/ratis/27b01a73-3e3e-4486-908b-39fd983be2f2 was interrupted, exiting. There are 0 tasks remaining in the queue.
2019-08-20 14:03:51,752 INFO  impl.RaftServerImpl (ServerState.java:close(394)) - 94514a72-c6de-4ebd-97fe-2a2c4a5db496:group-7DEDFD9F574E closes. The last applied log index is 2
2019-08-20 14:03:51,754 INFO  segmented.SegmentedRaftLogWorker (SegmentedRaftLogWorker.java:close(228)) - 94514a72-c6de-4ebd-97fe-2a2c4a5db496-SegmentedRaftLogWorker:Storage Directory /workdir/hadoop-ozone/integration-test/target/test-dir/MiniOzoneClusterImpl-a5093427-9167-43d9-94b9-19b4565cf696/datanode-2/data/ratis/27b01a73-3e3e-4486-908b-39fd983be2f2 close()
2019-08-20 14:03:51,754 INFO  segmented.SegmentedRaftLogWorker (SegmentedRaftLogWorker.java:run(313)) - 94514a72-c6de-4ebd-97fe-2a2c4a5db496-SegmentedRaftLogWorker:Storage Directory /workdir/hadoop-ozone/integration-test/target/test-dir/MiniOzoneClusterImpl-a5093427-9167-43d9-94b9-19b4565cf696/datanode-2/data/ratis/a2f366ed-0b70-4dbf-a5a5-7dedfd9f574e was interrupted, exiting. There are 0 tasks remaining in the queue.
2019-08-20 14:03:51,757 INFO  segmented.SegmentedRaftLogWorker (SegmentedRaftLogWorker.java:close(228)) - 94514a72-c6de-4ebd-97fe-2a2c4a5db496-SegmentedRaftLogWorker:Storage Directory /workdir/hadoop-ozone/integration-test/target/test-dir/MiniOzoneClusterImpl-a5093427-9167-43d9-94b9-19b4565cf696/datanode-2/data/ratis/a2f366ed-0b70-4dbf-a5a5-7dedfd9f574e close()
2019-08-20 14:03:51,758 INFO  server.GrpcService (GrpcService.java:closeImpl(155)) - 94514a72-c6de-4ebd-97fe-2a2c4a5db496: shutdown server with port 39507 now
2019-08-20 14:03:51,760 INFO  server.GrpcService (GrpcService.java:closeImpl(163)) - 94514a72-c6de-4ebd-97fe-2a2c4a5db496: shutdown server with port 39507 successfully
2019-08-20 14:03:51,762 INFO  utils.BackgroundService (BackgroundService.java:shutdown(148)) - Shutting down service BlockDeletingService
2019-08-20 14:03:51,765 WARN  fs.CachingGetSpaceUsed (CachingGetSpaceUsed.java:run(183)) - Thread Interrupted waiting to refresh disk information: sleep interrupted
2019-08-20 14:03:51,783 INFO  statemachine.DatanodeStateMachine (DatanodeStateMachine.java:stopDaemon(395)) - Ozone container server stopped.
2019-08-20 14:03:51,785 INFO  handler.ContextHandler (ContextHandler.java:doStop(910)) - Stopped o.e.j.w.WebAppContext@4dcc6b06{/,null,UNAVAILABLE}{/hddsDatanode}
2019-08-20 14:03:51,786 INFO  server.AbstractConnector (AbstractConnector.java:doStop(318)) - Stopped ServerConnector@69972717{HTTP/1.1,[http/1.1]}{0.0.0.0:35745}
2019-08-20 14:03:51,787 INFO  handler.ContextHandler (ContextHandler.java:doStop(910)) - Stopped o.e.j.s.ServletContextHandler@349ff86f{/static,jar:file:/home/user/.m2/repository/org/apache/hadoop/hadoop-hdds-container-service/0.5.0-SNAPSHOT/hadoop-hdds-container-service-0.5.0-SNAPSHOT.jar!/webapps/static,UNAVAILABLE}
2019-08-20 14:03:51,788 INFO  handler.ContextHandler (ContextHandler.java:doStop(910)) - Stopped o.e.j.s.ServletContextHandler@46b825e1{/logs,file:///workdir/hadoop-ozone/integration-test/target/log,UNAVAILABLE}
2019-08-20 14:03:51,789 INFO  ozone.MiniOzoneClusterImpl (MiniOzoneClusterImpl.java:stop(353)) - Stopping the StorageContainerManager
2019-08-20 14:03:51,789 INFO  server.StorageContainerManager (StorageContainerManager.java:stop(796)) - Stopping Replication Manager Service.
2019-08-20 14:03:51,789 INFO  container.ReplicationManager (ReplicationManager.java:stop(187)) - Stopping Replication Monitor Thread.
2019-08-20 14:03:51,789 INFO  server.StorageContainerManager (StorageContainerManager.java:stop(803)) - Stopping Lease Manager of the command watchers
2019-08-20 14:03:51,789 INFO  server.StorageContainerManager (StorageContainerManager.java:stop(810)) - Stopping datanode service RPC server
2019-08-20 14:03:51,789 INFO  server.SCMDatanodeProtocolServer (SCMDatanodeProtocolServer.java:stop(367)) - Stopping the RPC server for DataNodes
2019-08-20 14:03:51,790 INFO  ipc.Server (Server.java:stop(3082)) - Stopping server on 38600
2019-08-20 14:03:51,792 INFO  ipc.Server (Server.java:run(1185)) - Stopping IPC Server listener on 38600
2019-08-20 14:03:51,793 INFO  ipc.Server (Server.java:run(1319)) - Stopping IPC Server Responder
2019-08-20 14:03:51,853 WARN  node.NodeStateManager (NodeStateManager.java:scheduleNextHealthCheck(631)) - Current Thread is interrupted, shutting down HB processing thread for Node Manager.
2019-08-20 14:03:51,853 INFO  node.StaleNodeHandler (StaleNodeHandler.java:onMessage(58)) - Datanode 94514a72-c6de-4ebd-97fe-2a2c4a5db496{ip: 192.168.157.221, host: pr-hdds-1881-nhl7g-263231641, networkLocation: /default-rack, certSerialId: null} moved to stale state. Finalizing its pipelines [PipelineID=27b01a73-3e3e-4486-908b-39fd983be2f2, PipelineID=a2f366ed-0b70-4dbf-a5a5-7dedfd9f574e]
2019-08-20 14:03:51,853 INFO  server.StorageContainerManager (StorageContainerManager.java:stop(818)) - Stopping block service RPC server
2019-08-20 14:03:51,853 INFO  pipeline.SCMPipelineManager (SCMPipelineManager.java:finalizeAndDestroyPipeline(309)) - destroying pipeline:Pipeline[ Id: 27b01a73-3e3e-4486-908b-39fd983be2f2, Nodes: 94514a72-c6de-4ebd-97fe-2a2c4a5db496{ip: 192.168.157.221, host: pr-hdds-1881-nhl7g-263231641, networkLocation: /default-rack, certSerialId: null}, Type:RATIS, Factor:ONE, State:OPEN]
2019-08-20 14:03:51,853 INFO  server.SCMBlockProtocolServer (SCMBlockProtocolServer.java:stop(148)) - Stopping the RPC server for Block Protocol
2019-08-20 14:03:51,854 INFO  pipeline.PipelineStateManager (PipelineStateManager.java:finalizePipeline(123)) - Pipeline Pipeline[ Id: 27b01a73-3e3e-4486-908b-39fd983be2f2, Nodes: 94514a72-c6de-4ebd-97fe-2a2c4a5db496{ip: 192.168.157.221, host: pr-hdds-1881-nhl7g-263231641, networkLocation: /default-rack, certSerialId: null}, Type:RATIS, Factor:ONE, State:CLOSED] moved to CLOSED state
2019-08-20 14:03:51,855 INFO  ipc.Server (Server.java:stop(3082)) - Stopping server on 41937
2019-08-20 14:03:51,855 INFO  pipeline.SCMPipelineManager (SCMPipelineManager.java:finalizeAndDestroyPipeline(309)) - destroying pipeline:Pipeline[ Id: a2f366ed-0b70-4dbf-a5a5-7dedfd9f574e, Nodes: 94514a72-c6de-4ebd-97fe-2a2c4a5db496{ip: 192.168.157.221, host: pr-hdds-1881-nhl7g-263231641, networkLocation: /default-rack, certSerialId: null}, Type:RATIS, Factor:ONE, State:CLOSED]
2019-08-20 14:03:51,858 INFO  server.StorageContainerManager (StorageContainerManager.java:stop(825)) - Stopping the StorageContainerLocationProtocol RPC server
2019-08-20 14:03:51,858 INFO  ipc.Server (Server.java:run(1319)) - Stopping IPC Server Responder
2019-08-20 14:03:51,858 INFO  ipc.Server (Server.java:run(1185)) - Stopping IPC Server listener on 41937
2019-08-20 14:03:51,858 INFO  server.SCMClientProtocolServer (SCMClientProtocolServer.java:stop(159)) - Stopping the RPC server for Client Protocol
2019-08-20 14:03:51,859 INFO  ipc.Server (Server.java:stop(3082)) - Stopping server on 46484
2019-08-20 14:03:51,861 INFO  ipc.Server (Server.java:run(1185)) - Stopping IPC Server listener on 46484
2019-08-20 14:03:51,861 INFO  server.StorageContainerManager (StorageContainerManager.java:stop(832)) - Stopping Storage Container Manager HTTP server.
2019-08-20 14:03:51,861 INFO  ipc.Server (Server.java:run(1319)) - Stopping IPC Server Responder
2019-08-20 14:03:51,863 INFO  handler.ContextHandler (ContextHandler.java:doStop(910)) - Stopped o.e.j.w.WebAppContext@7fa33e30{/,null,UNAVAILABLE}{/scm}
2019-08-20 14:03:51,864 INFO  server.AbstractConnector (AbstractConnector.java:doStop(318)) - Stopped ServerConnector@2b9b717e{HTTP/1.1,[http/1.1]}{0.0.0.0:0}
2019-08-20 14:03:51,864 INFO  handler.ContextHandler (ContextHandler.java:doStop(910)) - Stopped o.e.j.s.ServletContextHandler@3ef74687{/static,file:///workdir/hadoop-ozone/integration-test/target/test-classes/webapps/static,UNAVAILABLE}
2019-08-20 14:03:51,865 INFO  handler.ContextHandler (ContextHandler.java:doStop(910)) - Stopped o.e.j.s.ServletContextHandler@10f1457a{/logs,file:///workdir/hadoop-ozone/integration-test/target/log,UNAVAILABLE}
2019-08-20 14:03:51,866 INFO  server.StorageContainerManager (StorageContainerManager.java:stop(843)) - Stopping Block Manager Service.
2019-08-20 14:03:51,866 INFO  utils.BackgroundService (BackgroundService.java:shutdown(148)) - Shutting down service SCMBlockDeletingService
2019-08-20 14:03:51,866 INFO  utils.BackgroundService (BackgroundService.java:shutdown(148)) - Shutting down service SCMBlockDeletingService
2019-08-20 14:03:51,867 INFO  server.StorageContainerManager (StorageContainerManager.java:stop(865)) - Stopping SCM Event Queue.
2019-08-20 14:03:51,872 INFO  impl.MetricsSystemImpl (MetricsSystemImpl.java:stop(210)) - Stopping HddsDatanode metrics system...
2019-08-20 14:03:51,878 INFO  impl.MetricsSystemImpl (MetricsSystemImpl.java:stop(216)) - HddsDatanode metrics system stopped.
]]></system-out>
    <system-err><![CDATA[Aug 20, 2019 2:03:12 PM com.sun.jersey.server.impl.application.WebApplicationImpl _initiate
INFO: Initiating Jersey application, version 'Jersey: 1.19 02/11/2015 03:25 AM'
Aug 20, 2019 2:03:12 PM com.sun.jersey.server.impl.application.WebApplicationImpl _initiate
INFO: Initiating Jersey application, version 'Jersey: 1.19 02/11/2015 03:25 AM'
Aug 20, 2019 2:03:13 PM com.sun.jersey.server.impl.application.WebApplicationImpl _initiate
INFO: Initiating Jersey application, version 'Jersey: 1.19 02/11/2015 03:25 AM'
Aug 20, 2019 2:03:36 PM com.sun.jersey.server.impl.application.WebApplicationImpl _initiate
INFO: Initiating Jersey application, version 'Jersey: 1.19 02/11/2015 03:25 AM'
Aug 20, 2019 2:03:37 PM com.sun.jersey.server.impl.application.WebApplicationImpl _initiate
INFO: Initiating Jersey application, version 'Jersey: 1.19 02/11/2015 03:25 AM'
Aug 20, 2019 2:03:37 PM com.sun.jersey.server.impl.application.WebApplicationImpl _initiate
INFO: Initiating Jersey application, version 'Jersey: 1.19 02/11/2015 03:25 AM'
]]></system-err>
  </testcase>
</testsuite>