<?xml version="1.0" encoding="UTF-8"?>
<testsuite xmlns:xsi="http://www.w3.org/2001/XMLSchema-instance" xsi:noNamespaceSchemaLocation="https://maven.apache.org/surefire/maven-surefire-plugin/xsd/surefire-test-report.xsd" name="org.apache.hadoop.hdds.scm.pipeline.TestRatisPipelineCreateAndDestory" time="70.17" tests="2" errors="1" skipped="0" failures="0">
  <properties>
    <property name="awt.toolkit" value="sun.awt.X11.XToolkit"/>
    <property name="file.encoding.pkg" value="sun.io"/>
    <property name="java.specification.version" value="1.8"/>
    <property name="sun.cpu.isalist" value=""/>
    <property name="sun.jnu.encoding" value="UTF-8"/>
    <property name="java.class.path" value="/workdir/hadoop-ozone/integration-test/target/test-classes:/workdir/hadoop-ozone/integration-test/target/classes:/home/user/.m2/repository/org/apache/hadoop/hadoop-ozone-common/0.5.0-SNAPSHOT/hadoop-ozone-common-0.5.0-SNAPSHOT.jar:/home/user/.m2/repository/org/apache/commons/commons-compress/1.4.1/commons-compress-1.4.1.jar:/home/user/.m2/repository/org/tukaani/xz/1.0/xz-1.0.jar:/home/user/.m2/repository/org/apache/hadoop/hadoop-common/3.2.0/hadoop-common-3.2.0.jar:/home/user/.m2/repository/org/apache/hadoop/hadoop-hdfs/3.2.0/hadoop-hdfs-3.2.0.jar:/home/user/.m2/repository/org/apache/hadoop/hadoop-hdfs-client/3.2.0/hadoop-hdfs-client-3.2.0.jar:/home/user/.m2/repository/com/fasterxml/jackson/core/jackson-annotations/2.9.5/jackson-annotations-2.9.5.jar:/home/user/.m2/repository/org/apache/hadoop/hadoop-hdds-common/0.5.0-SNAPSHOT/hadoop-hdds-common-0.5.0-SNAPSHOT.jar:/home/user/.m2/repository/javax/annotation/javax.annotation-api/1.2/javax.annotation-api-1.2.jar:/home/user/.m2/repository/org/apache/ratis/ratis-server/0.4.0-2337318-SNAPSHOT/ratis-server-0.4.0-2337318-SNAPSHOT.jar:/home/user/.m2/repository/org/apache/ratis/ratis-thirdparty-misc/0.2.0/ratis-thirdparty-misc-0.2.0.jar:/home/user/.m2/repository/org/apache/ratis/ratis-proto/0.4.0-2337318-SNAPSHOT/ratis-proto-0.4.0-2337318-SNAPSHOT.jar:/home/user/.m2/repository/org/apache/ratis/ratis-common/0.4.0-2337318-SNAPSHOT/ratis-common-0.4.0-2337318-SNAPSHOT.jar:/home/user/.m2/repository/org/apache/ratis/ratis-client/0.4.0-2337318-SNAPSHOT/ratis-client-0.4.0-2337318-SNAPSHOT.jar:/home/user/.m2/repository/org/apache/ratis/ratis-metrics/0.4.0-2337318-SNAPSHOT/ratis-metrics-0.4.0-2337318-SNAPSHOT.jar:/home/user/.m2/repository/org/apache/ratis/ratis-netty/0.4.0-2337318-SNAPSHOT/ratis-netty-0.4.0-2337318-SNAPSHOT.jar:/home/user/.m2/repository/org/apache/ratis/ratis-grpc/0.4.0-2337318-SNAPSHOT/ratis-grpc-0.4.0-2337318-SNAPSHOT.jar:/home/user/.m2/repository/org/rocksdb/rocksdbjni/6.0.1/rocksdbjni-6.0.1.jar:/home/user/.m2/repository/org/apache/logging/log4j/log4j-api/2.11.0/log4j-api-2.11.0.jar:/home/user/.m2/repository/org/apache/logging/log4j/log4j-core/2.11.0/log4j-core-2.11.0.jar:/home/user/.m2/repository/com/lmax/disruptor/3.4.2/disruptor-3.4.2.jar:/home/user/.m2/repository/org/apache/commons/commons-pool2/2.6.0/commons-pool2-2.6.0.jar:/home/user/.m2/repository/org/bouncycastle/bcpkix-jdk15on/1.60/bcpkix-jdk15on-1.60.jar:/home/user/.m2/repository/commons-validator/commons-validator/1.6/commons-validator-1.6.jar:/home/user/.m2/repository/commons-digester/commons-digester/1.8.1/commons-digester-1.8.1.jar:/home/user/.m2/repository/io/jaegertracing/jaeger-client/0.33.1/jaeger-client-0.33.1.jar:/home/user/.m2/repository/io/jaegertracing/jaeger-thrift/0.33.1/jaeger-thrift-0.33.1.jar:/home/user/.m2/repository/org/apache/thrift/libthrift/0.11.0/libthrift-0.11.0.jar:/home/user/.m2/repository/com/squareup/okhttp3/okhttp/3.9.0/okhttp-3.9.0.jar:/home/user/.m2/repository/com/squareup/okio/okio/1.13.0/okio-1.13.0.jar:/home/user/.m2/repository/io/jaegertracing/jaeger-core/0.33.1/jaeger-core-0.33.1.jar:/home/user/.m2/repository/io/jaegertracing/jaeger-tracerresolver/0.33.1/jaeger-tracerresolver-0.33.1.jar:/home/user/.m2/repository/io/opentracing/contrib/opentracing-tracerresolver/0.1.5/opentracing-tracerresolver-0.1.5.jar:/home/user/.m2/repository/io/opentracing/opentracing-util/0.31.0/opentracing-util-0.31.0.jar:/home/user/.m2/repository/io/opentracing/opentracing-api/0.31.0/opentracing-api-0.31.0.jar:/home/user/.m2/repository/io/opentracing/opentracing-noop/0.31.0/opentracing-noop-0.31.0.jar:/home/user/.m2/repository/org/apache/hadoop/hadoop-hdds-server-framework/0.5.0-SNAPSHOT/hadoop-hdds-server-framework-0.5.0-SNAPSHOT.jar:/home/user/.m2/repository/org/apache/hadoop/hadoop-hdds-container-service/0.5.0-SNAPSHOT/hadoop-hdds-container-service-0.5.0-SNAPSHOT.jar:/home/user/.m2/repository/org/apache/hadoop/hadoop-hdds-client/0.5.0-SNAPSHOT/hadoop-hdds-client-0.5.0-SNAPSHOT.jar:/home/user/.m2/repository/org/apache/hadoop/hadoop-hdds-tools/0.5.0-SNAPSHOT/hadoop-hdds-tools-0.5.0-SNAPSHOT.jar:/home/user/.m2/repository/org/apache/hadoop/hadoop-hdds-server-scm/0.5.0-SNAPSHOT/hadoop-hdds-server-scm-0.5.0-SNAPSHOT.jar:/home/user/.m2/repository/org/apache/hadoop/hadoop-hdds-docs/0.5.0-SNAPSHOT/hadoop-hdds-docs-0.5.0-SNAPSHOT.jar:/home/user/.m2/repository/io/dropwizard/metrics/metrics-core/3.2.4/metrics-core-3.2.4.jar:/home/user/.m2/repository/org/hamcrest/hamcrest-all/1.3/hamcrest-all-1.3.jar:/home/user/.m2/repository/org/bouncycastle/bcprov-jdk15on/1.60/bcprov-jdk15on-1.60.jar:/home/user/.m2/repository/info/picocli/picocli/3.9.6/picocli-3.9.6.jar:/home/user/.m2/repository/com/google/protobuf/protobuf-java/2.5.0/protobuf-java-2.5.0.jar:/home/user/.m2/repository/com/google/guava/guava/11.0.2/guava-11.0.2.jar:/home/user/.m2/repository/org/apache/hadoop/hadoop-ozone-ozone-manager/0.5.0-SNAPSHOT/hadoop-ozone-ozone-manager-0.5.0-SNAPSHOT.jar:/home/user/.m2/repository/org/apache/hadoop/hadoop-minikdc/3.2.0/hadoop-minikdc-3.2.0.jar:/home/user/.m2/repository/commons-io/commons-io/2.5/commons-io-2.5.jar:/home/user/.m2/repository/org/apache/kerby/kerb-simplekdc/1.0.1/kerb-simplekdc-1.0.1.jar:/home/user/.m2/repository/org/apache/kerby/kerb-client/1.0.1/kerb-client-1.0.1.jar:/home/user/.m2/repository/org/apache/kerby/kerby-config/1.0.1/kerby-config-1.0.1.jar:/home/user/.m2/repository/org/apache/kerby/kerb-core/1.0.1/kerb-core-1.0.1.jar:/home/user/.m2/repository/org/apache/kerby/kerby-pkix/1.0.1/kerby-pkix-1.0.1.jar:/home/user/.m2/repository/org/apache/kerby/kerby-asn1/1.0.1/kerby-asn1-1.0.1.jar:/home/user/.m2/repository/org/apache/kerby/kerby-util/1.0.1/kerby-util-1.0.1.jar:/home/user/.m2/repository/org/apache/kerby/kerb-common/1.0.1/kerb-common-1.0.1.jar:/home/user/.m2/repository/org/apache/kerby/kerb-crypto/1.0.1/kerb-crypto-1.0.1.jar:/home/user/.m2/repository/org/apache/kerby/kerb-util/1.0.1/kerb-util-1.0.1.jar:/home/user/.m2/repository/org/apache/kerby/token-provider/1.0.1/token-provider-1.0.1.jar:/home/user/.m2/repository/org/apache/kerby/kerb-admin/1.0.1/kerb-admin-1.0.1.jar:/home/user/.m2/repository/org/apache/kerby/kerb-server/1.0.1/kerb-server-1.0.1.jar:/home/user/.m2/repository/org/apache/kerby/kerb-identity/1.0.1/kerb-identity-1.0.1.jar:/home/user/.m2/repository/org/apache/kerby/kerby-xdr/1.0.1/kerby-xdr-1.0.1.jar:/home/user/.m2/repository/org/slf4j/slf4j-log4j12/1.7.25/slf4j-log4j12-1.7.25.jar:/home/user/.m2/repository/org/apache/hadoop/hadoop-ozone-objectstore-service/0.5.0-SNAPSHOT/hadoop-ozone-objectstore-service-0.5.0-SNAPSHOT.jar:/home/user/.m2/repository/org/apache/hadoop/hadoop-ozone-s3gateway/0.5.0-SNAPSHOT/hadoop-ozone-s3gateway-0.5.0-SNAPSHOT.jar:/home/user/.m2/repository/org/jboss/weld/servlet/weld-servlet/2.4.7.Final/weld-servlet-2.4.7.Final.jar:/home/user/.m2/repository/org/glassfish/jersey/containers/jersey-container-servlet-core/2.27/jersey-container-servlet-core-2.27.jar:/home/user/.m2/repository/org/glassfish/hk2/external/javax.inject/2.5.0-b42/javax.inject-2.5.0-b42.jar:/home/user/.m2/repository/org/glassfish/jersey/core/jersey-common/2.27/jersey-common-2.27.jar:/home/user/.m2/repository/org/glassfish/hk2/osgi-resource-locator/1.0.1/osgi-resource-locator-1.0.1.jar:/home/user/.m2/repository/javax/ws/rs/javax.ws.rs-api/2.1/javax.ws.rs-api-2.1.jar:/home/user/.m2/repository/org/glassfish/jersey/ext/cdi/jersey-cdi1x/2.27/jersey-cdi1x-2.27.jar:/home/user/.m2/repository/org/glassfish/jersey/inject/jersey-hk2/2.27/jersey-hk2-2.27.jar:/home/user/.m2/repository/org/glassfish/hk2/hk2-locator/2.5.0-b42/hk2-locator-2.5.0-b42.jar:/home/user/.m2/repository/org/javassist/javassist/3.22.0-CR2/javassist-3.22.0-CR2.jar:/home/user/.m2/repository/org/glassfish/hk2/hk2-api/2.5.0/hk2-api-2.5.0.jar:/home/user/.m2/repository/org/glassfish/hk2/external/jakarta.inject/2.5.0/jakarta.inject-2.5.0.jar:/home/user/.m2/repository/org/glassfish/hk2/hk2-utils/2.5.0/hk2-utils-2.5.0.jar:/home/user/.m2/repository/jakarta/annotation/jakarta.annotation-api/1.3.4/jakarta.annotation-api-1.3.4.jar:/home/user/.m2/repository/org/glassfish/hk2/external/aopalliance-repackaged/2.5.0/aopalliance-repackaged-2.5.0.jar:/home/user/.m2/repository/com/fasterxml/jackson/dataformat/jackson-dataformat-xml/2.9.0/jackson-dataformat-xml-2.9.0.jar:/home/user/.m2/repository/com/fasterxml/jackson/core/jackson-core/2.9.5/jackson-core-2.9.5.jar:/home/user/.m2/repository/com/fasterxml/jackson/module/jackson-module-jaxb-annotations/2.9.5/jackson-module-jaxb-annotations-2.9.5.jar:/home/user/.m2/repository/javax/enterprise/cdi-api/1.2/cdi-api-1.2.jar:/home/user/.m2/repository/javax/el/javax.el-api/3.0.0/javax.el-api-3.0.0.jar:/home/user/.m2/repository/javax/interceptor/javax.interceptor-api/1.2/javax.interceptor-api-1.2.jar:/home/user/.m2/repository/javax/inject/javax.inject/1/javax.inject-1.jar:/home/user/.m2/repository/com/sun/xml/bind/jaxb-impl/2.3.0.1/jaxb-impl-2.3.0.1.jar:/home/user/.m2/repository/com/sun/xml/bind/jaxb-core/2.3.0.1/jaxb-core-2.3.0.1.jar:/home/user/.m2/repository/javax/xml/bind/jaxb-api/2.3.0/jaxb-api-2.3.0.jar:/home/user/.m2/repository/javax/activation/activation/1.1.1/activation-1.1.1.jar:/home/user/.m2/repository/org/apache/hadoop/hadoop-ozone-csi/0.5.0-SNAPSHOT/hadoop-ozone-csi-0.5.0-SNAPSHOT.jar:/home/user/.m2/repository/com/google/protobuf/protobuf-java-util/3.5.1/protobuf-java-util-3.5.1.jar:/home/user/.m2/repository/org/apache/hadoop/hadoop-hdds-config/0.5.0-SNAPSHOT/hadoop-hdds-config-0.5.0-SNAPSHOT.jar:/home/user/.m2/repository/io/grpc/grpc-netty/1.17.1/grpc-netty-1.17.1.jar:/home/user/.m2/repository/io/grpc/grpc-core/1.17.1/grpc-core-1.17.1.jar:/home/user/.m2/repository/io/grpc/grpc-context/1.17.1/grpc-context-1.17.1.jar:/home/user/.m2/repository/com/google/errorprone/error_prone_annotations/2.2.0/error_prone_annotations-2.2.0.jar:/home/user/.m2/repository/org/codehaus/mojo/animal-sniffer-annotations/1.17/animal-sniffer-annotations-1.17.jar:/home/user/.m2/repository/io/opencensus/opencensus-api/0.17.0/opencensus-api-0.17.0.jar:/home/user/.m2/repository/io/opencensus/opencensus-contrib-grpc-metrics/0.17.0/opencensus-contrib-grpc-metrics-0.17.0.jar:/home/user/.m2/repository/io/netty/netty-codec-http2/4.1.30.Final/netty-codec-http2-4.1.30.Final.jar:/home/user/.m2/repository/io/netty/netty-codec-http/4.1.30.Final/netty-codec-http-4.1.30.Final.jar:/home/user/.m2/repository/io/netty/netty-codec/4.1.30.Final/netty-codec-4.1.30.Final.jar:/home/user/.m2/repository/io/netty/netty-handler/4.1.30.Final/netty-handler-4.1.30.Final.jar:/home/user/.m2/repository/io/netty/netty-handler-proxy/4.1.30.Final/netty-handler-proxy-4.1.30.Final.jar:/home/user/.m2/repository/io/netty/netty-codec-socks/4.1.30.Final/netty-codec-socks-4.1.30.Final.jar:/home/user/.m2/repository/io/netty/netty-transport-native-epoll/4.1.30.Final/netty-transport-native-epoll-4.1.30.Final.jar:/home/user/.m2/repository/io/netty/netty-common/4.1.30.Final/netty-common-4.1.30.Final.jar:/home/user/.m2/repository/io/netty/netty-buffer/4.1.30.Final/netty-buffer-4.1.30.Final.jar:/home/user/.m2/repository/io/netty/netty-transport/4.1.30.Final/netty-transport-4.1.30.Final.jar:/home/user/.m2/repository/io/netty/netty-resolver/4.1.30.Final/netty-resolver-4.1.30.Final.jar:/home/user/.m2/repository/io/netty/netty-transport-native-unix-common/4.1.30.Final/netty-transport-native-unix-common-4.1.30.Final.jar:/home/user/.m2/repository/io/grpc/grpc-protobuf/1.17.1/grpc-protobuf-1.17.1.jar:/home/user/.m2/repository/com/google/api/grpc/proto-google-common-protos/1.0.0/proto-google-common-protos-1.0.0.jar:/home/user/.m2/repository/io/grpc/grpc-protobuf-lite/1.17.1/grpc-protobuf-lite-1.17.1.jar:/home/user/.m2/repository/io/grpc/grpc-stub/1.17.1/grpc-stub-1.17.1.jar:/home/user/.m2/repository/org/apache/hadoop/hadoop-ozone-recon/0.5.0-SNAPSHOT/hadoop-ozone-recon-0.5.0-SNAPSHOT.jar:/home/user/.m2/repository/org/apache/hadoop/hadoop-ozone-reconcodegen/0.5.0-SNAPSHOT/hadoop-ozone-reconcodegen-0.5.0-SNAPSHOT.jar:/home/user/.m2/repository/com/google/inject/extensions/guice-multibindings/4.0/guice-multibindings-4.0.jar:/home/user/.m2/repository/com/google/inject/guice/4.0/guice-4.0.jar:/home/user/.m2/repository/aopalliance/aopalliance/1.0/aopalliance-1.0.jar:/home/user/.m2/repository/com/google/inject/extensions/guice-servlet/4.0/guice-servlet-4.0.jar:/home/user/.m2/repository/org/glassfish/jersey/containers/jersey-container-servlet/2.27/jersey-container-servlet-2.27.jar:/home/user/.m2/repository/org/glassfish/hk2/guice-bridge/2.5.0/guice-bridge-2.5.0.jar:/home/user/.m2/repository/org/glassfish/jersey/core/jersey-server/2.27/jersey-server-2.27.jar:/home/user/.m2/repository/org/glassfish/jersey/core/jersey-client/2.27/jersey-client-2.27.jar:/home/user/.m2/repository/org/glassfish/jersey/media/jersey-media-jaxb/2.27/jersey-media-jaxb-2.27.jar:/home/user/.m2/repository/javax/validation/validation-api/1.1.0.Final/validation-api-1.1.0.Final.jar:/home/user/.m2/repository/org/glassfish/jersey/media/jersey-media-json-jackson/2.27/jersey-media-json-jackson-2.27.jar:/home/user/.m2/repository/org/glassfish/jersey/ext/jersey-entity-filtering/2.27/jersey-entity-filtering-2.27.jar:/home/user/.m2/repository/com/google/inject/extensions/guice-assistedinject/4.0/guice-assistedinject-4.0.jar:/home/user/.m2/repository/org/jooq/jooq/3.11.10/jooq-3.11.10.jar:/home/user/.m2/repository/org/jooq/jooq-meta/3.11.10/jooq-meta-3.11.10.jar:/home/user/.m2/repository/org/jooq/jooq-codegen/3.11.10/jooq-codegen-3.11.10.jar:/home/user/.m2/repository/com/jolbox/bonecp/0.8.0.RELEASE/bonecp-0.8.0.RELEASE.jar:/home/user/.m2/repository/org/xerial/sqlite-jdbc/3.25.2/sqlite-jdbc-3.25.2.jar:/home/user/.m2/repository/org/springframework/spring-jdbc/5.1.3.RELEASE/spring-jdbc-5.1.3.RELEASE.jar:/home/user/.m2/repository/org/springframework/spring-beans/5.1.3.RELEASE/spring-beans-5.1.3.RELEASE.jar:/home/user/.m2/repository/org/springframework/spring-core/5.1.3.RELEASE/spring-core-5.1.3.RELEASE.jar:/home/user/.m2/repository/org/springframework/spring-jcl/5.1.3.RELEASE/spring-jcl-5.1.3.RELEASE.jar:/home/user/.m2/repository/org/springframework/spring-tx/5.1.3.RELEASE/spring-tx-5.1.3.RELEASE.jar:/home/user/.m2/repository/org/apache/hadoop/hadoop-ozone-client/0.5.0-SNAPSHOT/hadoop-ozone-client-0.5.0-SNAPSHOT.jar:/home/user/.m2/repository/commons-lang/commons-lang/2.6/commons-lang-2.6.jar:/home/user/.m2/repository/org/apache/hadoop/hadoop-ozone-ozone-manager/0.5.0-SNAPSHOT/hadoop-ozone-ozone-manager-0.5.0-SNAPSHOT-tests.jar:/home/user/.m2/repository/junit/junit/4.11/junit-4.11.jar:/home/user/.m2/repository/org/hamcrest/hamcrest-core/1.3/hamcrest-core-1.3.jar:/home/user/.m2/repository/org/openjdk/jmh/jmh-core/1.19/jmh-core-1.19.jar:/home/user/.m2/repository/net/sf/jopt-simple/jopt-simple/4.6/jopt-simple-4.6.jar:/home/user/.m2/repository/org/apache/commons/commons-math3/3.1.1/commons-math3-3.1.1.jar:/home/user/.m2/repository/org/openjdk/jmh/jmh-generator-annprocess/1.19/jmh-generator-annprocess-1.19.jar:/home/user/.m2/repository/org/mockito/mockito-all/1.8.5/mockito-all-1.8.5.jar:/home/user/.m2/repository/org/apache/hadoop/hadoop-kms/3.2.0/hadoop-kms-3.2.0.jar:/home/user/.m2/repository/org/apache/hadoop/hadoop-auth/3.2.0/hadoop-auth-3.2.0.jar:/home/user/.m2/repository/com/nimbusds/nimbus-jose-jwt/4.41.1/nimbus-jose-jwt-4.41.1.jar:/home/user/.m2/repository/com/github/stephenc/jcip/jcip-annotations/1.0-1/jcip-annotations-1.0-1.jar:/home/user/.m2/repository/net/minidev/json-smart/2.3/json-smart-2.3.jar:/home/user/.m2/repository/net/minidev/accessors-smart/1.2/accessors-smart-1.2.jar:/home/user/.m2/repository/org/ow2/asm/asm/5.0.4/asm-5.0.4.jar:/home/user/.m2/repository/org/apache/curator/curator-framework/2.12.0/curator-framework-2.12.0.jar:/home/user/.m2/repository/com/sun/jersey/jersey-core/1.19/jersey-core-1.19.jar:/home/user/.m2/repository/javax/ws/rs/jsr311-api/1.1.1/jsr311-api-1.1.1.jar:/home/user/.m2/repository/com/sun/jersey/jersey-server/1.19/jersey-server-1.19.jar:/home/user/.m2/repository/javax/servlet/javax.servlet-api/3.1.0/javax.servlet-api-3.1.0.jar:/home/user/.m2/repository/org/eclipse/jetty/jetty-server/9.3.24.v20180605/jetty-server-9.3.24.v20180605.jar:/home/user/.m2/repository/org/eclipse/jetty/jetty-http/9.3.24.v20180605/jetty-http-9.3.24.v20180605.jar:/home/user/.m2/repository/org/eclipse/jetty/jetty-io/9.3.24.v20180605/jetty-io-9.3.24.v20180605.jar:/home/user/.m2/repository/org/eclipse/jetty/jetty-webapp/9.3.24.v20180605/jetty-webapp-9.3.24.v20180605.jar:/home/user/.m2/repository/org/eclipse/jetty/jetty-xml/9.3.24.v20180605/jetty-xml-9.3.24.v20180605.jar:/home/user/.m2/repository/log4j/log4j/1.2.17/log4j-1.2.17.jar:/home/user/.m2/repository/org/slf4j/slf4j-api/1.7.25/slf4j-api-1.7.25.jar:/home/user/.m2/repository/org/slf4j/jul-to-slf4j/1.7.25/jul-to-slf4j-1.7.25.jar:/home/user/.m2/repository/org/eclipse/jetty/jetty-util/9.3.24.v20180605/jetty-util-9.3.24.v20180605.jar:/home/user/.m2/repository/com/fasterxml/jackson/core/jackson-databind/2.9.5/jackson-databind-2.9.5.jar:/home/user/.m2/repository/org/apache/hadoop/hadoop-kms/3.2.0/hadoop-kms-3.2.0-tests.jar:/home/user/.m2/repository/org/apache/hadoop/hadoop-hdds-server-scm/0.5.0-SNAPSHOT/hadoop-hdds-server-scm-0.5.0-SNAPSHOT-tests.jar:/home/user/.m2/repository/org/apache/hadoop/hadoop-hdds-container-service/0.5.0-SNAPSHOT/hadoop-hdds-container-service-0.5.0-SNAPSHOT-tests.jar:/home/user/.m2/repository/org/yaml/snakeyaml/1.16/snakeyaml-1.16.jar:/home/user/.m2/repository/org/apache/hadoop/hadoop-common/3.2.0/hadoop-common-3.2.0-tests.jar:/home/user/.m2/repository/org/apache/hadoop/hadoop-annotations/3.2.0/hadoop-annotations-3.2.0.jar:/usr/lib/jvm/java-1.8-openjdk/jre/../lib/tools.jar:/home/user/.m2/repository/commons-cli/commons-cli/1.2/commons-cli-1.2.jar:/home/user/.m2/repository/org/apache/httpcomponents/httpclient/4.5.2/httpclient-4.5.2.jar:/home/user/.m2/repository/org/apache/httpcomponents/httpcore/4.4.4/httpcore-4.4.4.jar:/home/user/.m2/repository/commons-codec/commons-codec/1.11/commons-codec-1.11.jar:/home/user/.m2/repository/commons-net/commons-net/3.6/commons-net-3.6.jar:/home/user/.m2/repository/commons-collections/commons-collections/3.2.2/commons-collections-3.2.2.jar:/home/user/.m2/repository/org/eclipse/jetty/jetty-servlet/9.3.24.v20180605/jetty-servlet-9.3.24.v20180605.jar:/home/user/.m2/repository/org/eclipse/jetty/jetty-security/9.3.24.v20180605/jetty-security-9.3.24.v20180605.jar:/home/user/.m2/repository/javax/servlet/jsp/jsp-api/2.1/jsp-api-2.1.jar:/home/user/.m2/repository/com/sun/jersey/jersey-servlet/1.19/jersey-servlet-1.19.jar:/home/user/.m2/repository/com/sun/jersey/jersey-json/1.19/jersey-json-1.19.jar:/home/user/.m2/repository/org/codehaus/jettison/jettison/1.1/jettison-1.1.jar:/home/user/.m2/repository/org/codehaus/jackson/jackson-core-asl/1.9.13/jackson-core-asl-1.9.13.jar:/home/user/.m2/repository/org/codehaus/jackson/jackson-mapper-asl/1.9.13/jackson-mapper-asl-1.9.13.jar:/home/user/.m2/repository/org/codehaus/jackson/jackson-jaxrs/1.9.13/jackson-jaxrs-1.9.13.jar:/home/user/.m2/repository/org/codehaus/jackson/jackson-xc/1.9.13/jackson-xc-1.9.13.jar:/home/user/.m2/repository/commons-logging/commons-logging/1.1.3/commons-logging-1.1.3.jar:/home/user/.m2/repository/commons-beanutils/commons-beanutils/1.9.3/commons-beanutils-1.9.3.jar:/home/user/.m2/repository/org/apache/commons/commons-configuration2/2.1.1/commons-configuration2-2.1.1.jar:/home/user/.m2/repository/org/apache/commons/commons-lang3/3.7/commons-lang3-3.7.jar:/home/user/.m2/repository/org/apache/commons/commons-text/1.4/commons-text-1.4.jar:/home/user/.m2/repository/org/apache/avro/avro/1.7.7/avro-1.7.7.jar:/home/user/.m2/repository/com/thoughtworks/paranamer/paranamer/2.3/paranamer-2.3.jar:/home/user/.m2/repository/org/xerial/snappy/snappy-java/1.0.5/snappy-java-1.0.5.jar:/home/user/.m2/repository/com/google/re2j/re2j/1.1/re2j-1.1.jar:/home/user/.m2/repository/com/google/code/gson/gson/2.2.4/gson-2.2.4.jar:/home/user/.m2/repository/com/jcraft/jsch/0.1.54/jsch-0.1.54.jar:/home/user/.m2/repository/org/apache/curator/curator-client/2.12.0/curator-client-2.12.0.jar:/home/user/.m2/repository/org/apache/curator/curator-recipes/2.12.0/curator-recipes-2.12.0.jar:/home/user/.m2/repository/com/google/code/findbugs/jsr305/3.0.0/jsr305-3.0.0.jar:/home/user/.m2/repository/org/apache/htrace/htrace-core4/4.1.0-incubating/htrace-core4-4.1.0-incubating.jar:/home/user/.m2/repository/org/apache/zookeeper/zookeeper/3.4.13/zookeeper-3.4.13.jar:/home/user/.m2/repository/org/apache/yetus/audience-annotations/0.5.0/audience-annotations-0.5.0.jar:/home/user/.m2/repository/org/codehaus/woodstox/stax2-api/3.1.4/stax2-api-3.1.4.jar:/home/user/.m2/repository/com/fasterxml/woodstox/woodstox-core/5.0.3/woodstox-core-5.0.3.jar:/home/user/.m2/repository/dnsjava/dnsjava/2.1.7/dnsjava-2.1.7.jar:/home/user/.m2/repository/org/apache/hadoop/hadoop-hdfs/3.2.0/hadoop-hdfs-3.2.0-tests.jar:/home/user/.m2/repository/org/eclipse/jetty/jetty-util-ajax/9.3.24.v20180605/jetty-util-ajax-9.3.24.v20180605.jar:/home/user/.m2/repository/commons-daemon/commons-daemon/1.0.13/commons-daemon-1.0.13.jar:/home/user/.m2/repository/io/netty/netty/3.10.5.Final/netty-3.10.5.Final.jar:/home/user/.m2/repository/io/netty/netty-all/4.0.52.Final/netty-all-4.0.52.Final.jar:/home/user/.m2/repository/org/fusesource/leveldbjni/leveldbjni-all/1.8/leveldbjni-all-1.8.jar:"/>
    <property name="java.vm.vendor" value="IcedTea"/>
    <property name="sun.arch.data.model" value="64"/>
    <property name="test.build.dir" value="/workdir/hadoop-ozone/integration-test/target/test-dir"/>
    <property name="test.cache.data" value=""/>
    <property name="java.vendor.url" value="https://icedtea.classpath.org"/>
    <property name="user.timezone" value=""/>
    <property name="java.vm.specification.version" value="1.8"/>
    <property name="os.name" value="Linux"/>
    <property name="test.build.data" value="/workdir/hadoop-ozone/integration-test/target/test-dir"/>
    <property name="user.country" value="US"/>
    <property name="sun.java.launcher" value="SUN_STANDARD"/>
    <property name="sun.boot.library.path" value="/usr/lib/jvm/java-1.8-openjdk/jre/lib/amd64"/>
    <property name="sun.java.command" value="/workdir/hadoop-ozone/integration-test/target/surefire/surefirebooter911209262387569611.jar /workdir/hadoop-ozone/integration-test/target/surefire 2019-08-21T08-09-49_598-jvmRun1 surefire4379960975045449722tmp surefire_88845165352149610386tmp"/>
    <property name="test" value="!TestMiniChaosOzoneCluster"/>
    <property name="surefire.test.class.path" value="/workdir/hadoop-ozone/integration-test/target/test-classes:/workdir/hadoop-ozone/integration-test/target/classes:/home/user/.m2/repository/org/apache/hadoop/hadoop-ozone-common/0.5.0-SNAPSHOT/hadoop-ozone-common-0.5.0-SNAPSHOT.jar:/home/user/.m2/repository/org/apache/commons/commons-compress/1.4.1/commons-compress-1.4.1.jar:/home/user/.m2/repository/org/tukaani/xz/1.0/xz-1.0.jar:/home/user/.m2/repository/org/apache/hadoop/hadoop-common/3.2.0/hadoop-common-3.2.0.jar:/home/user/.m2/repository/org/apache/hadoop/hadoop-hdfs/3.2.0/hadoop-hdfs-3.2.0.jar:/home/user/.m2/repository/org/apache/hadoop/hadoop-hdfs-client/3.2.0/hadoop-hdfs-client-3.2.0.jar:/home/user/.m2/repository/com/fasterxml/jackson/core/jackson-annotations/2.9.5/jackson-annotations-2.9.5.jar:/home/user/.m2/repository/org/apache/hadoop/hadoop-hdds-common/0.5.0-SNAPSHOT/hadoop-hdds-common-0.5.0-SNAPSHOT.jar:/home/user/.m2/repository/javax/annotation/javax.annotation-api/1.2/javax.annotation-api-1.2.jar:/home/user/.m2/repository/org/apache/ratis/ratis-server/0.4.0-2337318-SNAPSHOT/ratis-server-0.4.0-2337318-SNAPSHOT.jar:/home/user/.m2/repository/org/apache/ratis/ratis-thirdparty-misc/0.2.0/ratis-thirdparty-misc-0.2.0.jar:/home/user/.m2/repository/org/apache/ratis/ratis-proto/0.4.0-2337318-SNAPSHOT/ratis-proto-0.4.0-2337318-SNAPSHOT.jar:/home/user/.m2/repository/org/apache/ratis/ratis-common/0.4.0-2337318-SNAPSHOT/ratis-common-0.4.0-2337318-SNAPSHOT.jar:/home/user/.m2/repository/org/apache/ratis/ratis-client/0.4.0-2337318-SNAPSHOT/ratis-client-0.4.0-2337318-SNAPSHOT.jar:/home/user/.m2/repository/org/apache/ratis/ratis-metrics/0.4.0-2337318-SNAPSHOT/ratis-metrics-0.4.0-2337318-SNAPSHOT.jar:/home/user/.m2/repository/org/apache/ratis/ratis-netty/0.4.0-2337318-SNAPSHOT/ratis-netty-0.4.0-2337318-SNAPSHOT.jar:/home/user/.m2/repository/org/apache/ratis/ratis-grpc/0.4.0-2337318-SNAPSHOT/ratis-grpc-0.4.0-2337318-SNAPSHOT.jar:/home/user/.m2/repository/org/rocksdb/rocksdbjni/6.0.1/rocksdbjni-6.0.1.jar:/home/user/.m2/repository/org/apache/logging/log4j/log4j-api/2.11.0/log4j-api-2.11.0.jar:/home/user/.m2/repository/org/apache/logging/log4j/log4j-core/2.11.0/log4j-core-2.11.0.jar:/home/user/.m2/repository/com/lmax/disruptor/3.4.2/disruptor-3.4.2.jar:/home/user/.m2/repository/org/apache/commons/commons-pool2/2.6.0/commons-pool2-2.6.0.jar:/home/user/.m2/repository/org/bouncycastle/bcpkix-jdk15on/1.60/bcpkix-jdk15on-1.60.jar:/home/user/.m2/repository/commons-validator/commons-validator/1.6/commons-validator-1.6.jar:/home/user/.m2/repository/commons-digester/commons-digester/1.8.1/commons-digester-1.8.1.jar:/home/user/.m2/repository/io/jaegertracing/jaeger-client/0.33.1/jaeger-client-0.33.1.jar:/home/user/.m2/repository/io/jaegertracing/jaeger-thrift/0.33.1/jaeger-thrift-0.33.1.jar:/home/user/.m2/repository/org/apache/thrift/libthrift/0.11.0/libthrift-0.11.0.jar:/home/user/.m2/repository/com/squareup/okhttp3/okhttp/3.9.0/okhttp-3.9.0.jar:/home/user/.m2/repository/com/squareup/okio/okio/1.13.0/okio-1.13.0.jar:/home/user/.m2/repository/io/jaegertracing/jaeger-core/0.33.1/jaeger-core-0.33.1.jar:/home/user/.m2/repository/io/jaegertracing/jaeger-tracerresolver/0.33.1/jaeger-tracerresolver-0.33.1.jar:/home/user/.m2/repository/io/opentracing/contrib/opentracing-tracerresolver/0.1.5/opentracing-tracerresolver-0.1.5.jar:/home/user/.m2/repository/io/opentracing/opentracing-util/0.31.0/opentracing-util-0.31.0.jar:/home/user/.m2/repository/io/opentracing/opentracing-api/0.31.0/opentracing-api-0.31.0.jar:/home/user/.m2/repository/io/opentracing/opentracing-noop/0.31.0/opentracing-noop-0.31.0.jar:/home/user/.m2/repository/org/apache/hadoop/hadoop-hdds-server-framework/0.5.0-SNAPSHOT/hadoop-hdds-server-framework-0.5.0-SNAPSHOT.jar:/home/user/.m2/repository/org/apache/hadoop/hadoop-hdds-container-service/0.5.0-SNAPSHOT/hadoop-hdds-container-service-0.5.0-SNAPSHOT.jar:/home/user/.m2/repository/org/apache/hadoop/hadoop-hdds-client/0.5.0-SNAPSHOT/hadoop-hdds-client-0.5.0-SNAPSHOT.jar:/home/user/.m2/repository/org/apache/hadoop/hadoop-hdds-tools/0.5.0-SNAPSHOT/hadoop-hdds-tools-0.5.0-SNAPSHOT.jar:/home/user/.m2/repository/org/apache/hadoop/hadoop-hdds-server-scm/0.5.0-SNAPSHOT/hadoop-hdds-server-scm-0.5.0-SNAPSHOT.jar:/home/user/.m2/repository/org/apache/hadoop/hadoop-hdds-docs/0.5.0-SNAPSHOT/hadoop-hdds-docs-0.5.0-SNAPSHOT.jar:/home/user/.m2/repository/io/dropwizard/metrics/metrics-core/3.2.4/metrics-core-3.2.4.jar:/home/user/.m2/repository/org/hamcrest/hamcrest-all/1.3/hamcrest-all-1.3.jar:/home/user/.m2/repository/org/bouncycastle/bcprov-jdk15on/1.60/bcprov-jdk15on-1.60.jar:/home/user/.m2/repository/info/picocli/picocli/3.9.6/picocli-3.9.6.jar:/home/user/.m2/repository/com/google/protobuf/protobuf-java/2.5.0/protobuf-java-2.5.0.jar:/home/user/.m2/repository/com/google/guava/guava/11.0.2/guava-11.0.2.jar:/home/user/.m2/repository/org/apache/hadoop/hadoop-ozone-ozone-manager/0.5.0-SNAPSHOT/hadoop-ozone-ozone-manager-0.5.0-SNAPSHOT.jar:/home/user/.m2/repository/org/apache/hadoop/hadoop-minikdc/3.2.0/hadoop-minikdc-3.2.0.jar:/home/user/.m2/repository/commons-io/commons-io/2.5/commons-io-2.5.jar:/home/user/.m2/repository/org/apache/kerby/kerb-simplekdc/1.0.1/kerb-simplekdc-1.0.1.jar:/home/user/.m2/repository/org/apache/kerby/kerb-client/1.0.1/kerb-client-1.0.1.jar:/home/user/.m2/repository/org/apache/kerby/kerby-config/1.0.1/kerby-config-1.0.1.jar:/home/user/.m2/repository/org/apache/kerby/kerb-core/1.0.1/kerb-core-1.0.1.jar:/home/user/.m2/repository/org/apache/kerby/kerby-pkix/1.0.1/kerby-pkix-1.0.1.jar:/home/user/.m2/repository/org/apache/kerby/kerby-asn1/1.0.1/kerby-asn1-1.0.1.jar:/home/user/.m2/repository/org/apache/kerby/kerby-util/1.0.1/kerby-util-1.0.1.jar:/home/user/.m2/repository/org/apache/kerby/kerb-common/1.0.1/kerb-common-1.0.1.jar:/home/user/.m2/repository/org/apache/kerby/kerb-crypto/1.0.1/kerb-crypto-1.0.1.jar:/home/user/.m2/repository/org/apache/kerby/kerb-util/1.0.1/kerb-util-1.0.1.jar:/home/user/.m2/repository/org/apache/kerby/token-provider/1.0.1/token-provider-1.0.1.jar:/home/user/.m2/repository/org/apache/kerby/kerb-admin/1.0.1/kerb-admin-1.0.1.jar:/home/user/.m2/repository/org/apache/kerby/kerb-server/1.0.1/kerb-server-1.0.1.jar:/home/user/.m2/repository/org/apache/kerby/kerb-identity/1.0.1/kerb-identity-1.0.1.jar:/home/user/.m2/repository/org/apache/kerby/kerby-xdr/1.0.1/kerby-xdr-1.0.1.jar:/home/user/.m2/repository/org/slf4j/slf4j-log4j12/1.7.25/slf4j-log4j12-1.7.25.jar:/home/user/.m2/repository/org/apache/hadoop/hadoop-ozone-objectstore-service/0.5.0-SNAPSHOT/hadoop-ozone-objectstore-service-0.5.0-SNAPSHOT.jar:/home/user/.m2/repository/org/apache/hadoop/hadoop-ozone-s3gateway/0.5.0-SNAPSHOT/hadoop-ozone-s3gateway-0.5.0-SNAPSHOT.jar:/home/user/.m2/repository/org/jboss/weld/servlet/weld-servlet/2.4.7.Final/weld-servlet-2.4.7.Final.jar:/home/user/.m2/repository/org/glassfish/jersey/containers/jersey-container-servlet-core/2.27/jersey-container-servlet-core-2.27.jar:/home/user/.m2/repository/org/glassfish/hk2/external/javax.inject/2.5.0-b42/javax.inject-2.5.0-b42.jar:/home/user/.m2/repository/org/glassfish/jersey/core/jersey-common/2.27/jersey-common-2.27.jar:/home/user/.m2/repository/org/glassfish/hk2/osgi-resource-locator/1.0.1/osgi-resource-locator-1.0.1.jar:/home/user/.m2/repository/javax/ws/rs/javax.ws.rs-api/2.1/javax.ws.rs-api-2.1.jar:/home/user/.m2/repository/org/glassfish/jersey/ext/cdi/jersey-cdi1x/2.27/jersey-cdi1x-2.27.jar:/home/user/.m2/repository/org/glassfish/jersey/inject/jersey-hk2/2.27/jersey-hk2-2.27.jar:/home/user/.m2/repository/org/glassfish/hk2/hk2-locator/2.5.0-b42/hk2-locator-2.5.0-b42.jar:/home/user/.m2/repository/org/javassist/javassist/3.22.0-CR2/javassist-3.22.0-CR2.jar:/home/user/.m2/repository/org/glassfish/hk2/hk2-api/2.5.0/hk2-api-2.5.0.jar:/home/user/.m2/repository/org/glassfish/hk2/external/jakarta.inject/2.5.0/jakarta.inject-2.5.0.jar:/home/user/.m2/repository/org/glassfish/hk2/hk2-utils/2.5.0/hk2-utils-2.5.0.jar:/home/user/.m2/repository/jakarta/annotation/jakarta.annotation-api/1.3.4/jakarta.annotation-api-1.3.4.jar:/home/user/.m2/repository/org/glassfish/hk2/external/aopalliance-repackaged/2.5.0/aopalliance-repackaged-2.5.0.jar:/home/user/.m2/repository/com/fasterxml/jackson/dataformat/jackson-dataformat-xml/2.9.0/jackson-dataformat-xml-2.9.0.jar:/home/user/.m2/repository/com/fasterxml/jackson/core/jackson-core/2.9.5/jackson-core-2.9.5.jar:/home/user/.m2/repository/com/fasterxml/jackson/module/jackson-module-jaxb-annotations/2.9.5/jackson-module-jaxb-annotations-2.9.5.jar:/home/user/.m2/repository/javax/enterprise/cdi-api/1.2/cdi-api-1.2.jar:/home/user/.m2/repository/javax/el/javax.el-api/3.0.0/javax.el-api-3.0.0.jar:/home/user/.m2/repository/javax/interceptor/javax.interceptor-api/1.2/javax.interceptor-api-1.2.jar:/home/user/.m2/repository/javax/inject/javax.inject/1/javax.inject-1.jar:/home/user/.m2/repository/com/sun/xml/bind/jaxb-impl/2.3.0.1/jaxb-impl-2.3.0.1.jar:/home/user/.m2/repository/com/sun/xml/bind/jaxb-core/2.3.0.1/jaxb-core-2.3.0.1.jar:/home/user/.m2/repository/javax/xml/bind/jaxb-api/2.3.0/jaxb-api-2.3.0.jar:/home/user/.m2/repository/javax/activation/activation/1.1.1/activation-1.1.1.jar:/home/user/.m2/repository/org/apache/hadoop/hadoop-ozone-csi/0.5.0-SNAPSHOT/hadoop-ozone-csi-0.5.0-SNAPSHOT.jar:/home/user/.m2/repository/com/google/protobuf/protobuf-java-util/3.5.1/protobuf-java-util-3.5.1.jar:/home/user/.m2/repository/org/apache/hadoop/hadoop-hdds-config/0.5.0-SNAPSHOT/hadoop-hdds-config-0.5.0-SNAPSHOT.jar:/home/user/.m2/repository/io/grpc/grpc-netty/1.17.1/grpc-netty-1.17.1.jar:/home/user/.m2/repository/io/grpc/grpc-core/1.17.1/grpc-core-1.17.1.jar:/home/user/.m2/repository/io/grpc/grpc-context/1.17.1/grpc-context-1.17.1.jar:/home/user/.m2/repository/com/google/errorprone/error_prone_annotations/2.2.0/error_prone_annotations-2.2.0.jar:/home/user/.m2/repository/org/codehaus/mojo/animal-sniffer-annotations/1.17/animal-sniffer-annotations-1.17.jar:/home/user/.m2/repository/io/opencensus/opencensus-api/0.17.0/opencensus-api-0.17.0.jar:/home/user/.m2/repository/io/opencensus/opencensus-contrib-grpc-metrics/0.17.0/opencensus-contrib-grpc-metrics-0.17.0.jar:/home/user/.m2/repository/io/netty/netty-codec-http2/4.1.30.Final/netty-codec-http2-4.1.30.Final.jar:/home/user/.m2/repository/io/netty/netty-codec-http/4.1.30.Final/netty-codec-http-4.1.30.Final.jar:/home/user/.m2/repository/io/netty/netty-codec/4.1.30.Final/netty-codec-4.1.30.Final.jar:/home/user/.m2/repository/io/netty/netty-handler/4.1.30.Final/netty-handler-4.1.30.Final.jar:/home/user/.m2/repository/io/netty/netty-handler-proxy/4.1.30.Final/netty-handler-proxy-4.1.30.Final.jar:/home/user/.m2/repository/io/netty/netty-codec-socks/4.1.30.Final/netty-codec-socks-4.1.30.Final.jar:/home/user/.m2/repository/io/netty/netty-transport-native-epoll/4.1.30.Final/netty-transport-native-epoll-4.1.30.Final.jar:/home/user/.m2/repository/io/netty/netty-common/4.1.30.Final/netty-common-4.1.30.Final.jar:/home/user/.m2/repository/io/netty/netty-buffer/4.1.30.Final/netty-buffer-4.1.30.Final.jar:/home/user/.m2/repository/io/netty/netty-transport/4.1.30.Final/netty-transport-4.1.30.Final.jar:/home/user/.m2/repository/io/netty/netty-resolver/4.1.30.Final/netty-resolver-4.1.30.Final.jar:/home/user/.m2/repository/io/netty/netty-transport-native-unix-common/4.1.30.Final/netty-transport-native-unix-common-4.1.30.Final.jar:/home/user/.m2/repository/io/grpc/grpc-protobuf/1.17.1/grpc-protobuf-1.17.1.jar:/home/user/.m2/repository/com/google/api/grpc/proto-google-common-protos/1.0.0/proto-google-common-protos-1.0.0.jar:/home/user/.m2/repository/io/grpc/grpc-protobuf-lite/1.17.1/grpc-protobuf-lite-1.17.1.jar:/home/user/.m2/repository/io/grpc/grpc-stub/1.17.1/grpc-stub-1.17.1.jar:/home/user/.m2/repository/org/apache/hadoop/hadoop-ozone-recon/0.5.0-SNAPSHOT/hadoop-ozone-recon-0.5.0-SNAPSHOT.jar:/home/user/.m2/repository/org/apache/hadoop/hadoop-ozone-reconcodegen/0.5.0-SNAPSHOT/hadoop-ozone-reconcodegen-0.5.0-SNAPSHOT.jar:/home/user/.m2/repository/com/google/inject/extensions/guice-multibindings/4.0/guice-multibindings-4.0.jar:/home/user/.m2/repository/com/google/inject/guice/4.0/guice-4.0.jar:/home/user/.m2/repository/aopalliance/aopalliance/1.0/aopalliance-1.0.jar:/home/user/.m2/repository/com/google/inject/extensions/guice-servlet/4.0/guice-servlet-4.0.jar:/home/user/.m2/repository/org/glassfish/jersey/containers/jersey-container-servlet/2.27/jersey-container-servlet-2.27.jar:/home/user/.m2/repository/org/glassfish/hk2/guice-bridge/2.5.0/guice-bridge-2.5.0.jar:/home/user/.m2/repository/org/glassfish/jersey/core/jersey-server/2.27/jersey-server-2.27.jar:/home/user/.m2/repository/org/glassfish/jersey/core/jersey-client/2.27/jersey-client-2.27.jar:/home/user/.m2/repository/org/glassfish/jersey/media/jersey-media-jaxb/2.27/jersey-media-jaxb-2.27.jar:/home/user/.m2/repository/javax/validation/validation-api/1.1.0.Final/validation-api-1.1.0.Final.jar:/home/user/.m2/repository/org/glassfish/jersey/media/jersey-media-json-jackson/2.27/jersey-media-json-jackson-2.27.jar:/home/user/.m2/repository/org/glassfish/jersey/ext/jersey-entity-filtering/2.27/jersey-entity-filtering-2.27.jar:/home/user/.m2/repository/com/google/inject/extensions/guice-assistedinject/4.0/guice-assistedinject-4.0.jar:/home/user/.m2/repository/org/jooq/jooq/3.11.10/jooq-3.11.10.jar:/home/user/.m2/repository/org/jooq/jooq-meta/3.11.10/jooq-meta-3.11.10.jar:/home/user/.m2/repository/org/jooq/jooq-codegen/3.11.10/jooq-codegen-3.11.10.jar:/home/user/.m2/repository/com/jolbox/bonecp/0.8.0.RELEASE/bonecp-0.8.0.RELEASE.jar:/home/user/.m2/repository/org/xerial/sqlite-jdbc/3.25.2/sqlite-jdbc-3.25.2.jar:/home/user/.m2/repository/org/springframework/spring-jdbc/5.1.3.RELEASE/spring-jdbc-5.1.3.RELEASE.jar:/home/user/.m2/repository/org/springframework/spring-beans/5.1.3.RELEASE/spring-beans-5.1.3.RELEASE.jar:/home/user/.m2/repository/org/springframework/spring-core/5.1.3.RELEASE/spring-core-5.1.3.RELEASE.jar:/home/user/.m2/repository/org/springframework/spring-jcl/5.1.3.RELEASE/spring-jcl-5.1.3.RELEASE.jar:/home/user/.m2/repository/org/springframework/spring-tx/5.1.3.RELEASE/spring-tx-5.1.3.RELEASE.jar:/home/user/.m2/repository/org/apache/hadoop/hadoop-ozone-client/0.5.0-SNAPSHOT/hadoop-ozone-client-0.5.0-SNAPSHOT.jar:/home/user/.m2/repository/commons-lang/commons-lang/2.6/commons-lang-2.6.jar:/home/user/.m2/repository/org/apache/hadoop/hadoop-ozone-ozone-manager/0.5.0-SNAPSHOT/hadoop-ozone-ozone-manager-0.5.0-SNAPSHOT-tests.jar:/home/user/.m2/repository/junit/junit/4.11/junit-4.11.jar:/home/user/.m2/repository/org/hamcrest/hamcrest-core/1.3/hamcrest-core-1.3.jar:/home/user/.m2/repository/org/openjdk/jmh/jmh-core/1.19/jmh-core-1.19.jar:/home/user/.m2/repository/net/sf/jopt-simple/jopt-simple/4.6/jopt-simple-4.6.jar:/home/user/.m2/repository/org/apache/commons/commons-math3/3.1.1/commons-math3-3.1.1.jar:/home/user/.m2/repository/org/openjdk/jmh/jmh-generator-annprocess/1.19/jmh-generator-annprocess-1.19.jar:/home/user/.m2/repository/org/mockito/mockito-all/1.8.5/mockito-all-1.8.5.jar:/home/user/.m2/repository/org/apache/hadoop/hadoop-kms/3.2.0/hadoop-kms-3.2.0.jar:/home/user/.m2/repository/org/apache/hadoop/hadoop-auth/3.2.0/hadoop-auth-3.2.0.jar:/home/user/.m2/repository/com/nimbusds/nimbus-jose-jwt/4.41.1/nimbus-jose-jwt-4.41.1.jar:/home/user/.m2/repository/com/github/stephenc/jcip/jcip-annotations/1.0-1/jcip-annotations-1.0-1.jar:/home/user/.m2/repository/net/minidev/json-smart/2.3/json-smart-2.3.jar:/home/user/.m2/repository/net/minidev/accessors-smart/1.2/accessors-smart-1.2.jar:/home/user/.m2/repository/org/ow2/asm/asm/5.0.4/asm-5.0.4.jar:/home/user/.m2/repository/org/apache/curator/curator-framework/2.12.0/curator-framework-2.12.0.jar:/home/user/.m2/repository/com/sun/jersey/jersey-core/1.19/jersey-core-1.19.jar:/home/user/.m2/repository/javax/ws/rs/jsr311-api/1.1.1/jsr311-api-1.1.1.jar:/home/user/.m2/repository/com/sun/jersey/jersey-server/1.19/jersey-server-1.19.jar:/home/user/.m2/repository/javax/servlet/javax.servlet-api/3.1.0/javax.servlet-api-3.1.0.jar:/home/user/.m2/repository/org/eclipse/jetty/jetty-server/9.3.24.v20180605/jetty-server-9.3.24.v20180605.jar:/home/user/.m2/repository/org/eclipse/jetty/jetty-http/9.3.24.v20180605/jetty-http-9.3.24.v20180605.jar:/home/user/.m2/repository/org/eclipse/jetty/jetty-io/9.3.24.v20180605/jetty-io-9.3.24.v20180605.jar:/home/user/.m2/repository/org/eclipse/jetty/jetty-webapp/9.3.24.v20180605/jetty-webapp-9.3.24.v20180605.jar:/home/user/.m2/repository/org/eclipse/jetty/jetty-xml/9.3.24.v20180605/jetty-xml-9.3.24.v20180605.jar:/home/user/.m2/repository/log4j/log4j/1.2.17/log4j-1.2.17.jar:/home/user/.m2/repository/org/slf4j/slf4j-api/1.7.25/slf4j-api-1.7.25.jar:/home/user/.m2/repository/org/slf4j/jul-to-slf4j/1.7.25/jul-to-slf4j-1.7.25.jar:/home/user/.m2/repository/org/eclipse/jetty/jetty-util/9.3.24.v20180605/jetty-util-9.3.24.v20180605.jar:/home/user/.m2/repository/com/fasterxml/jackson/core/jackson-databind/2.9.5/jackson-databind-2.9.5.jar:/home/user/.m2/repository/org/apache/hadoop/hadoop-kms/3.2.0/hadoop-kms-3.2.0-tests.jar:/home/user/.m2/repository/org/apache/hadoop/hadoop-hdds-server-scm/0.5.0-SNAPSHOT/hadoop-hdds-server-scm-0.5.0-SNAPSHOT-tests.jar:/home/user/.m2/repository/org/apache/hadoop/hadoop-hdds-container-service/0.5.0-SNAPSHOT/hadoop-hdds-container-service-0.5.0-SNAPSHOT-tests.jar:/home/user/.m2/repository/org/yaml/snakeyaml/1.16/snakeyaml-1.16.jar:/home/user/.m2/repository/org/apache/hadoop/hadoop-common/3.2.0/hadoop-common-3.2.0-tests.jar:/home/user/.m2/repository/org/apache/hadoop/hadoop-annotations/3.2.0/hadoop-annotations-3.2.0.jar:/usr/lib/jvm/java-1.8-openjdk/jre/../lib/tools.jar:/home/user/.m2/repository/commons-cli/commons-cli/1.2/commons-cli-1.2.jar:/home/user/.m2/repository/org/apache/httpcomponents/httpclient/4.5.2/httpclient-4.5.2.jar:/home/user/.m2/repository/org/apache/httpcomponents/httpcore/4.4.4/httpcore-4.4.4.jar:/home/user/.m2/repository/commons-codec/commons-codec/1.11/commons-codec-1.11.jar:/home/user/.m2/repository/commons-net/commons-net/3.6/commons-net-3.6.jar:/home/user/.m2/repository/commons-collections/commons-collections/3.2.2/commons-collections-3.2.2.jar:/home/user/.m2/repository/org/eclipse/jetty/jetty-servlet/9.3.24.v20180605/jetty-servlet-9.3.24.v20180605.jar:/home/user/.m2/repository/org/eclipse/jetty/jetty-security/9.3.24.v20180605/jetty-security-9.3.24.v20180605.jar:/home/user/.m2/repository/javax/servlet/jsp/jsp-api/2.1/jsp-api-2.1.jar:/home/user/.m2/repository/com/sun/jersey/jersey-servlet/1.19/jersey-servlet-1.19.jar:/home/user/.m2/repository/com/sun/jersey/jersey-json/1.19/jersey-json-1.19.jar:/home/user/.m2/repository/org/codehaus/jettison/jettison/1.1/jettison-1.1.jar:/home/user/.m2/repository/org/codehaus/jackson/jackson-core-asl/1.9.13/jackson-core-asl-1.9.13.jar:/home/user/.m2/repository/org/codehaus/jackson/jackson-mapper-asl/1.9.13/jackson-mapper-asl-1.9.13.jar:/home/user/.m2/repository/org/codehaus/jackson/jackson-jaxrs/1.9.13/jackson-jaxrs-1.9.13.jar:/home/user/.m2/repository/org/codehaus/jackson/jackson-xc/1.9.13/jackson-xc-1.9.13.jar:/home/user/.m2/repository/commons-logging/commons-logging/1.1.3/commons-logging-1.1.3.jar:/home/user/.m2/repository/commons-beanutils/commons-beanutils/1.9.3/commons-beanutils-1.9.3.jar:/home/user/.m2/repository/org/apache/commons/commons-configuration2/2.1.1/commons-configuration2-2.1.1.jar:/home/user/.m2/repository/org/apache/commons/commons-lang3/3.7/commons-lang3-3.7.jar:/home/user/.m2/repository/org/apache/commons/commons-text/1.4/commons-text-1.4.jar:/home/user/.m2/repository/org/apache/avro/avro/1.7.7/avro-1.7.7.jar:/home/user/.m2/repository/com/thoughtworks/paranamer/paranamer/2.3/paranamer-2.3.jar:/home/user/.m2/repository/org/xerial/snappy/snappy-java/1.0.5/snappy-java-1.0.5.jar:/home/user/.m2/repository/com/google/re2j/re2j/1.1/re2j-1.1.jar:/home/user/.m2/repository/com/google/code/gson/gson/2.2.4/gson-2.2.4.jar:/home/user/.m2/repository/com/jcraft/jsch/0.1.54/jsch-0.1.54.jar:/home/user/.m2/repository/org/apache/curator/curator-client/2.12.0/curator-client-2.12.0.jar:/home/user/.m2/repository/org/apache/curator/curator-recipes/2.12.0/curator-recipes-2.12.0.jar:/home/user/.m2/repository/com/google/code/findbugs/jsr305/3.0.0/jsr305-3.0.0.jar:/home/user/.m2/repository/org/apache/htrace/htrace-core4/4.1.0-incubating/htrace-core4-4.1.0-incubating.jar:/home/user/.m2/repository/org/apache/zookeeper/zookeeper/3.4.13/zookeeper-3.4.13.jar:/home/user/.m2/repository/org/apache/yetus/audience-annotations/0.5.0/audience-annotations-0.5.0.jar:/home/user/.m2/repository/org/codehaus/woodstox/stax2-api/3.1.4/stax2-api-3.1.4.jar:/home/user/.m2/repository/com/fasterxml/woodstox/woodstox-core/5.0.3/woodstox-core-5.0.3.jar:/home/user/.m2/repository/dnsjava/dnsjava/2.1.7/dnsjava-2.1.7.jar:/home/user/.m2/repository/org/apache/hadoop/hadoop-hdfs/3.2.0/hadoop-hdfs-3.2.0-tests.jar:/home/user/.m2/repository/org/eclipse/jetty/jetty-util-ajax/9.3.24.v20180605/jetty-util-ajax-9.3.24.v20180605.jar:/home/user/.m2/repository/commons-daemon/commons-daemon/1.0.13/commons-daemon-1.0.13.jar:/home/user/.m2/repository/io/netty/netty/3.10.5.Final/netty-3.10.5.Final.jar:/home/user/.m2/repository/io/netty/netty-all/4.0.52.Final/netty-all-4.0.52.Final.jar:/home/user/.m2/repository/org/fusesource/leveldbjni/leveldbjni-all/1.8/leveldbjni-all-1.8.jar:"/>
    <property name="sun.cpu.endian" value="little"/>
    <property name="user.home" value="/home/user"/>
    <property name="user.language" value="en"/>
    <property name="java.specification.vendor" value="Oracle Corporation"/>
    <property name="java.home" value="/usr/lib/jvm/java-1.8-openjdk/jre"/>
    <property name="java.security.krb5.conf" value="/workdir/hadoop-ozone/integration-test/target/test-classes/krb5.conf"/>
    <property name="basedir" value="/workdir/hadoop-ozone/integration-test"/>
    <property name="file.separator" value="/"/>
    <property name="line.separator" value="&#10;"/>
    <property name="java.vm.specification.vendor" value="Oracle Corporation"/>
    <property name="java.specification.name" value="Java Platform API Specification"/>
    <property name="java.awt.graphicsenv" value="sun.awt.X11GraphicsEnvironment"/>
    <property name="surefire.real.class.path" value="/workdir/hadoop-ozone/integration-test/target/surefire/surefirebooter911209262387569611.jar"/>
    <property name="hadoop.log.dir" value="/workdir/hadoop-ozone/integration-test/target/log"/>
    <property name="sun.boot.class.path" value="/usr/lib/jvm/java-1.8-openjdk/jre/lib/resources.jar:/usr/lib/jvm/java-1.8-openjdk/jre/lib/rt.jar:/usr/lib/jvm/java-1.8-openjdk/jre/lib/sunrsasign.jar:/usr/lib/jvm/java-1.8-openjdk/jre/lib/jsse.jar:/usr/lib/jvm/java-1.8-openjdk/jre/lib/jce.jar:/usr/lib/jvm/java-1.8-openjdk/jre/lib/charsets.jar:/usr/lib/jvm/java-1.8-openjdk/jre/lib/jfr.jar:/usr/lib/jvm/java-1.8-openjdk/jre/classes"/>
    <property name="sun.management.compiler" value="HotSpot 64-Bit Tiered Compilers"/>
    <property name="java.runtime.version" value="1.8.0_212-b04"/>
    <property name="java.net.preferIPv4Stack" value="true"/>
    <property name="user.name" value="jenkins1000"/>
    <property name="path.separator" value=":"/>
    <property name="java.security.egd" value="file:///dev/urandom"/>
    <property name="os.version" value="3.10.0-957.12.2.el7.x86_64"/>
    <property name="java.endorsed.dirs" value="/usr/lib/jvm/java-1.8-openjdk/jre/lib/endorsed"/>
    <property name="java.runtime.name" value="OpenJDK Runtime Environment"/>
    <property name="file.encoding" value="UTF-8"/>
    <property name="java.vm.name" value="OpenJDK 64-Bit Server VM"/>
    <property name="test.build.webapps" value=""/>
    <property name="localRepository" value="/home/user/.m2/repository"/>
    <property name="java.vendor.url.bug" value="https://icedtea.classpath.org/bugzilla"/>
    <property name="java.io.tmpdir" value="/tmp"/>
    <property name="require.test.libhadoop" value=""/>
    <property name="java.version" value="1.8.0_212"/>
    <property name="user.dir" value="/workdir/hadoop-ozone/integration-test"/>
    <property name="os.arch" value="amd64"/>
    <property name="java.vm.specification.name" value="Java Virtual Machine Specification"/>
    <property name="test.build.classes" value="/workdir/hadoop-ozone/integration-test/target/test-classes"/>
    <property name="java.awt.printerjob" value="sun.print.PSPrinterJob"/>
    <property name="sun.os.patch.level" value="unknown"/>
    <property name="hadoop.tmp.dir" value="/workdir/hadoop-ozone/integration-test/target/tmp"/>
    <property name="java.library.path" value="/usr/lib/jvm/java-1.8-openjdk/jre/lib/amd64/server:/usr/lib/jvm/java-1.8-openjdk/jre/lib/amd64:/usr/lib/jvm/java-1.8-openjdk/jre/../lib/amd64:/workdir/hadoop-ozone/integration-test/target/native/target/usr/local/lib:/workdir/hadoop-ozone/integration-test/../../hadoop-common-project/hadoop-common/target/native/target/usr/local/lib:/usr/java/packages/lib/amd64:/usr/lib64:/lib64:/lib:/usr/lib"/>
    <property name="java.vm.info" value="mixed mode"/>
    <property name="java.vendor" value="IcedTea"/>
    <property name="java.vm.version" value="25.212-b04"/>
    <property name="java.ext.dirs" value="/usr/lib/jvm/java-1.8-openjdk/jre/lib/ext:/usr/java/packages/lib/ext"/>
    <property name="sun.io.unicode.encoding" value="UnicodeLittle"/>
    <property name="java.class.version" value="52.0"/>
  </properties>
  <testcase name="testAutomaticPipelineCreationOnPipelineDestroy" classname="org.apache.hadoop.hdds.scm.pipeline.TestRatisPipelineCreateAndDestory" time="28.922"/>
  <testcase name="testPipelineCreationOnNodeRestart" classname="org.apache.hadoop.hdds.scm.pipeline.TestRatisPipelineCreateAndDestory" time="41.014">
    <error message="test timed out after 30000 milliseconds" type="java.lang.Exception">java.lang.Exception: test timed out after 30000 milliseconds
	at java.lang.Thread.sleep(Native Method)
	at org.apache.hadoop.test.GenericTestUtils.waitFor(GenericTestUtils.java:382)
	at org.apache.hadoop.hdds.scm.pipeline.TestRatisPipelineCreateAndDestory.waitForPipelines(TestRatisPipelineCreateAndDestory.java:126)
	at org.apache.hadoop.hdds.scm.pipeline.TestRatisPipelineCreateAndDestory.testPipelineCreationOnNodeRestart(TestRatisPipelineCreateAndDestory.java:121)
	at sun.reflect.NativeMethodAccessorImpl.invoke0(Native Method)
	at sun.reflect.NativeMethodAccessorImpl.invoke(NativeMethodAccessorImpl.java:62)
	at sun.reflect.DelegatingMethodAccessorImpl.invoke(DelegatingMethodAccessorImpl.java:43)
	at java.lang.reflect.Method.invoke(Method.java:498)
	at org.junit.runners.model.FrameworkMethod$1.runReflectiveCall(FrameworkMethod.java:47)
	at org.junit.internal.runners.model.ReflectiveCallable.run(ReflectiveCallable.java:12)
	at org.junit.runners.model.FrameworkMethod.invokeExplosively(FrameworkMethod.java:44)
	at org.junit.internal.runners.statements.InvokeMethod.evaluate(InvokeMethod.java:17)
	at org.junit.internal.runners.statements.FailOnTimeout$StatementThread.run(FailOnTimeout.java:74)
</error>
    <system-out><![CDATA[2019-08-21 09:30:31,100 [Thread-324] WARN  server.ServerUtils (ServerUtils.java:getScmDbDir(145)) - ozone.scm.db.dirs is not configured. We recommend adding this setting. Falling back to ozone.metadata.dirs instead.
2019-08-21 09:30:31,115 [Thread-324] WARN  server.ServerUtils (ServerUtils.java:getScmDbDir(145)) - ozone.scm.db.dirs is not configured. We recommend adding this setting. Falling back to ozone.metadata.dirs instead.
2019-08-21 09:30:31,115 [Thread-324] WARN  server.ServerUtils (ServerUtils.java:getScmDbDir(145)) - ozone.scm.db.dirs is not configured. We recommend adding this setting. Falling back to ozone.metadata.dirs instead.
2019-08-21 09:30:31,116 [Thread-324] INFO  db.DBStoreBuilder (DBStoreBuilder.java:addTable(110)) - using custom profile for table: deletedBlocks
2019-08-21 09:30:31,116 [Thread-324] INFO  db.DBStoreBuilder (DBStoreBuilder.java:processTables(161)) - Using default column profile:DBProfile.DISK for Table:deletedBlocks
2019-08-21 09:30:31,117 [Thread-324] INFO  db.DBStoreBuilder (DBStoreBuilder.java:addTable(110)) - using custom profile for table: validCerts
2019-08-21 09:30:31,117 [Thread-324] INFO  db.DBStoreBuilder (DBStoreBuilder.java:processTables(161)) - Using default column profile:DBProfile.DISK for Table:validCerts
2019-08-21 09:30:31,117 [Thread-324] INFO  db.DBStoreBuilder (DBStoreBuilder.java:addTable(110)) - using custom profile for table: revokedCerts
2019-08-21 09:30:31,118 [Thread-324] INFO  db.DBStoreBuilder (DBStoreBuilder.java:processTables(161)) - Using default column profile:DBProfile.DISK for Table:revokedCerts
2019-08-21 09:30:31,118 [Thread-324] INFO  db.DBStoreBuilder (DBStoreBuilder.java:addTable(110)) - using custom profile for table: default
2019-08-21 09:30:31,118 [Thread-324] INFO  db.DBStoreBuilder (DBStoreBuilder.java:processTables(167)) - Using default column profile:DBProfile.DISK for Table:default
2019-08-21 09:30:31,119 [Thread-324] INFO  db.DBStoreBuilder (DBStoreBuilder.java:getDbProfile(198)) - Using default options. DBProfile.DISK
2019-08-21 09:30:34,013 [Thread-324] INFO  net.NodeSchemaLoader (NodeSchemaLoader.java:loadSchemaFromFile(125)) - Loading file from sun.misc.CompoundEnumeration@77004b92
2019-08-21 09:30:34,014 [Thread-324] INFO  net.NodeSchemaLoader (NodeSchemaLoader.java:loadSchema(171)) - Loading network topology layer schema file
2019-08-21 09:30:34,020 [Thread-324] INFO  node.SCMNodeManager (SCMNodeManager.java:<init>(114)) - Entering startup safe mode.
2019-08-21 09:30:34,021 [Thread-324] INFO  algorithms.ContainerPlacementPolicyFactory (ContainerPlacementPolicyFactory.java:getPolicy(55)) - Create container placement policy of type org.apache.hadoop.hdds.scm.container.placement.algorithms.SCMContainerPlacementRandom
2019-08-21 09:30:34,021 [Thread-324] WARN  server.ServerUtils (ServerUtils.java:getScmDbDir(145)) - ozone.scm.db.dirs is not configured. We recommend adding this setting. Falling back to ozone.metadata.dirs instead.
2019-08-21 09:30:34,109 [Thread-324] INFO  pipeline.SCMPipelineManager (SCMPipelineManager.java:initializePipelineState(126)) - No pipeline exists in current db
2019-08-21 09:30:34,110 [Thread-324] WARN  server.ServerUtils (ServerUtils.java:getScmDbDir(145)) - ozone.scm.db.dirs is not configured. We recommend adding this setting. Falling back to ozone.metadata.dirs instead.
2019-08-21 09:30:34,222 [Thread-324] WARN  events.EventQueue (EventQueue.java:fireEvent(183)) - No event handler registered for event TypedEvent{payloadType=SafeModeStatus, name='SafeModeStatus'}
2019-08-21 09:30:34,223 [Thread-324] INFO  ipc.CallQueueManager (CallQueueManager.java:<init>(84)) - Using callQueue: class java.util.concurrent.LinkedBlockingQueue, queueCapacity: 2000, scheduler: class org.apache.hadoop.ipc.DefaultRpcScheduler, ipcBackoff: false.
2019-08-21 09:30:34,224 [Socket Reader #1 for port 34768] INFO  ipc.Server (Server.java:run(1074)) - Starting Socket Reader #1 for port 34768
2019-08-21 09:30:34,225 [Thread-324] INFO  ipc.CallQueueManager (CallQueueManager.java:<init>(84)) - Using callQueue: class java.util.concurrent.LinkedBlockingQueue, queueCapacity: 2000, scheduler: class org.apache.hadoop.ipc.DefaultRpcScheduler, ipcBackoff: false.
2019-08-21 09:30:34,226 [Socket Reader #1 for port 36034] INFO  ipc.Server (Server.java:run(1074)) - Starting Socket Reader #1 for port 36034
2019-08-21 09:30:34,227 [Thread-324] INFO  ipc.CallQueueManager (CallQueueManager.java:<init>(84)) - Using callQueue: class java.util.concurrent.LinkedBlockingQueue, queueCapacity: 2000, scheduler: class org.apache.hadoop.ipc.DefaultRpcScheduler, ipcBackoff: false.
2019-08-21 09:30:34,228 [Socket Reader #1 for port 35431] INFO  ipc.Server (Server.java:run(1074)) - Starting Socket Reader #1 for port 35431
2019-08-21 09:30:34,230 [Thread-324] INFO  hdfs.DFSUtil (DFSUtil.java:httpServerTemplateForNNAndJN(1641)) - Starting Web-server for scm at: http://0.0.0.0:0
2019-08-21 09:30:34,232 [Thread-324] INFO  server.AuthenticationFilter (AuthenticationFilter.java:constructSecretProvider(240)) - Unable to initialize FileSignerSecretProvider, falling back to use random secrets.
2019-08-21 09:30:34,233 [Thread-324] WARN  http.HttpRequestLog (HttpRequestLog.java:getRequestLog(97)) - Jetty request log can only be enabled using Log4j
2019-08-21 09:30:34,235 [Thread-324] INFO  http.HttpServer2 (HttpServer2.java:addGlobalFilter(975)) - Added global filter 'safety' (class=org.apache.hadoop.http.HttpServer2$QuotingInputFilter)
2019-08-21 09:30:34,236 [Thread-324] INFO  http.HttpServer2 (HttpServer2.java:addFilter(948)) - Added filter static_user_filter (class=org.apache.hadoop.http.lib.StaticUserWebFilter$StaticUserFilter) to context scm
2019-08-21 09:30:34,236 [Thread-324] INFO  http.HttpServer2 (HttpServer2.java:addFilter(958)) - Added filter static_user_filter (class=org.apache.hadoop.http.lib.StaticUserWebFilter$StaticUserFilter) to context static
2019-08-21 09:30:34,236 [Thread-324] INFO  http.HttpServer2 (HttpServer2.java:addFilter(958)) - Added filter static_user_filter (class=org.apache.hadoop.http.lib.StaticUserWebFilter$StaticUserFilter) to context logs
2019-08-21 09:30:34,239 [Thread-324] INFO  server.StorageContainerManager (StorageContainerManager.java:start(759)) - StorageContainerLocationProtocol RPC server is listening at /0.0.0.0:35431
2019-08-21 09:30:34,241 [Thread-324] WARN  impl.MetricsConfig (MetricsConfig.java:loadFirst(134)) - Cannot locate configuration: tried hadoop-metrics2-storagecontainermanager.properties,hadoop-metrics2.properties
2019-08-21 09:30:34,242 [Thread-324] INFO  impl.MetricsSystemImpl (MetricsSystemImpl.java:startTimer(374)) - Scheduled Metric snapshot period at 10 second(s).
2019-08-21 09:30:34,242 [Thread-324] INFO  impl.MetricsSystemImpl (MetricsSystemImpl.java:start(191)) - StorageContainerManager metrics system started
2019-08-21 09:30:34,264 [Thread-324] WARN  impl.MetricsSystemImpl (MetricsSystemImpl.java:register(276)) - Sink prometheus already exists!
2019-08-21 09:30:34,277 [Thread-324] INFO  server.SCMClientProtocolServer (SCMClientProtocolServer.java:start(151)) - RPC server for Client  is listening at /0.0.0.0:35431
2019-08-21 09:30:34,278 [IPC Server Responder] INFO  ipc.Server (Server.java:run(1314)) - IPC Server Responder: starting
2019-08-21 09:30:34,278 [IPC Server listener on 35431] INFO  ipc.Server (Server.java:run(1153)) - IPC Server listener on 35431: starting
2019-08-21 09:30:34,282 [Thread-324] INFO  server.StorageContainerManager (StorageContainerManager.java:start(769)) - ScmBlockLocationProtocol RPC server is listening at /0.0.0.0:36034
2019-08-21 09:30:34,282 [Thread-324] INFO  server.SCMBlockProtocolServer (SCMBlockProtocolServer.java:start(146)) - RPC server for Block Protocol is listening at /0.0.0.0:36034
2019-08-21 09:30:34,283 [IPC Server Responder] INFO  ipc.Server (Server.java:run(1314)) - IPC Server Responder: starting
2019-08-21 09:30:34,283 [IPC Server listener on 36034] INFO  ipc.Server (Server.java:run(1153)) - IPC Server listener on 36034: starting
2019-08-21 09:30:34,287 [Thread-324] INFO  server.StorageContainerManager (StorageContainerManager.java:start(773)) - ScmDatanodeProtocl RPC server is listening at /0.0.0.0:34768
2019-08-21 09:30:34,287 [Thread-324] INFO  server.SCMDatanodeProtocolServer (SCMDatanodeProtocolServer.java:start(191)) - RPC server for DataNodes is listening at /0.0.0.0:34768
2019-08-21 09:30:34,287 [IPC Server Responder] INFO  ipc.Server (Server.java:run(1314)) - IPC Server Responder: starting
2019-08-21 09:30:34,287 [IPC Server listener on 34768] INFO  ipc.Server (Server.java:run(1153)) - IPC Server listener on 34768: starting
2019-08-21 09:30:34,291 [Thread-324] INFO  http.HttpServer2 (HttpServer2.java:bindListener(1191)) - Jetty bound to port 45775
2019-08-21 09:30:34,291 [Thread-324] INFO  server.Server (Server.java:doStart(351)) - jetty-9.3.24.v20180605, build timestamp: 2018-06-05T17:11:56Z, git hash: 84205aa28f11a4f31f2a3b86d1bba2cc8ab69827
2019-08-21 09:30:34,293 [Thread-324] INFO  handler.ContextHandler (ContextHandler.java:doStart(781)) - Started o.e.j.s.ServletContextHandler@6121229f{/logs,file:///workdir/hadoop-ozone/integration-test/target/log,AVAILABLE}
2019-08-21 09:30:34,294 [Thread-324] INFO  handler.ContextHandler (ContextHandler.java:doStart(781)) - Started o.e.j.s.ServletContextHandler@771c0f68{/static,file:///workdir/hadoop-ozone/integration-test/target/test-classes/webapps/static,AVAILABLE}
2019-08-21 09:30:34,299 [Thread-324] INFO  handler.ContextHandler (ContextHandler.java:doStart(781)) - Started o.e.j.w.WebAppContext@417409f2{/,file:///workdir/hadoop-ozone/integration-test/target/test-classes/webapps/scm/,AVAILABLE}{/scm}
2019-08-21 09:30:34,300 [Thread-324] INFO  server.AbstractConnector (AbstractConnector.java:doStart(278)) - Started ServerConnector@1db76d7d{HTTP/1.1,[http/1.1]}{0.0.0.0:45775}
2019-08-21 09:30:34,300 [Thread-324] INFO  server.Server (Server.java:doStart(419)) - Started @32737ms
2019-08-21 09:30:34,300 [Thread-324] WARN  impl.MetricsSystemImpl (MetricsSystemImpl.java:register(276)) - Sink prometheus already exists!
2019-08-21 09:30:34,301 [Thread-324] INFO  server.BaseHttpServer (BaseHttpServer.java:updateConnectorAddress(215)) - HTTP server of SCM is listening at http://0.0.0.0:45775
2019-08-21 09:30:34,302 [Thread-324] WARN  server.ServerUtils (ServerUtils.java:getDBPath(222)) - ozone.om.db.dirs is not configured. We recommend adding this setting. Falling back to ozone.metadata.dirs instead.
2019-08-21 09:30:34,302 [org.apache.hadoop.util.JvmPauseMonitor$Monitor@4e9f5f8d] INFO  util.JvmPauseMonitor (JvmPauseMonitor.java:run(188)) - Starting JVM pause monitor
2019-08-21 09:30:34,316 [Thread-324] WARN  server.ServerUtils (ServerUtils.java:getDBPath(222)) - ozone.om.db.dirs is not configured. We recommend adding this setting. Falling back to ozone.metadata.dirs instead.
2019-08-21 09:30:34,316 [Thread-324] WARN  server.ServerUtils (ServerUtils.java:getDBPath(222)) - ozone.om.db.dirs is not configured. We recommend adding this setting. Falling back to ozone.metadata.dirs instead.
2019-08-21 09:30:34,316 [Thread-324] INFO  om.OzoneManager (OzoneManager.java:setOMNodeDetails(655)) - OM Service ID is not set. Setting it to the default ID: omServiceIdDefault
2019-08-21 09:30:34,316 [Thread-324] INFO  om.OzoneManager (OzoneManager.java:setOMNodeDetails(661)) - OM Node ID is not set. Setting it to the OmStorage's OmID: d18bb77a-326f-4932-9c11-3bc4de4151e8
2019-08-21 09:30:34,317 [Thread-324] INFO  om.OzoneManager (OzoneManager.java:loadOMHAConfigs(612)) - Found matching OM address with OMServiceId: null, OMNodeId: null, RPC Address: localhost:0 and Ratis port: 9872
2019-08-21 09:30:34,322 | INFO  | SCMAudit | user=jenkins1000 | ip=192.168.5.184 | op=GET_SCM_INFO null | ret=SUCCESS |  
2019-08-21 09:30:34,324 [Thread-324] WARN  server.ServerUtils (ServerUtils.java:getDBPath(222)) - ozone.om.db.dirs is not configured. We recommend adding this setting. Falling back to ozone.metadata.dirs instead.
2019-08-21 09:30:34,325 [Thread-324] INFO  db.DBStoreBuilder (DBStoreBuilder.java:addTable(110)) - using custom profile for table: userTable
2019-08-21 09:30:34,325 [Thread-324] INFO  db.DBStoreBuilder (DBStoreBuilder.java:processTables(161)) - Using default column profile:DBProfile.DISK for Table:userTable
2019-08-21 09:30:34,325 [Thread-324] INFO  db.DBStoreBuilder (DBStoreBuilder.java:addTable(110)) - using custom profile for table: volumeTable
2019-08-21 09:30:34,325 [Thread-324] INFO  db.DBStoreBuilder (DBStoreBuilder.java:processTables(161)) - Using default column profile:DBProfile.DISK for Table:volumeTable
2019-08-21 09:30:34,325 [Thread-324] INFO  db.DBStoreBuilder (DBStoreBuilder.java:addTable(110)) - using custom profile for table: bucketTable
2019-08-21 09:30:34,325 [Thread-324] INFO  db.DBStoreBuilder (DBStoreBuilder.java:processTables(161)) - Using default column profile:DBProfile.DISK for Table:bucketTable
2019-08-21 09:30:34,325 [Thread-324] INFO  db.DBStoreBuilder (DBStoreBuilder.java:addTable(110)) - using custom profile for table: keyTable
2019-08-21 09:30:34,326 [Thread-324] INFO  db.DBStoreBuilder (DBStoreBuilder.java:processTables(161)) - Using default column profile:DBProfile.DISK for Table:keyTable
2019-08-21 09:30:34,326 [Thread-324] INFO  db.DBStoreBuilder (DBStoreBuilder.java:addTable(110)) - using custom profile for table: deletedTable
2019-08-21 09:30:34,326 [Thread-324] INFO  db.DBStoreBuilder (DBStoreBuilder.java:processTables(161)) - Using default column profile:DBProfile.DISK for Table:deletedTable
2019-08-21 09:30:34,326 [Thread-324] INFO  db.DBStoreBuilder (DBStoreBuilder.java:addTable(110)) - using custom profile for table: openKeyTable
2019-08-21 09:30:34,326 [Thread-324] INFO  db.DBStoreBuilder (DBStoreBuilder.java:processTables(161)) - Using default column profile:DBProfile.DISK for Table:openKeyTable
2019-08-21 09:30:34,326 [Thread-324] INFO  db.DBStoreBuilder (DBStoreBuilder.java:addTable(110)) - using custom profile for table: s3Table
2019-08-21 09:30:34,326 [Thread-324] INFO  db.DBStoreBuilder (DBStoreBuilder.java:processTables(161)) - Using default column profile:DBProfile.DISK for Table:s3Table
2019-08-21 09:30:34,327 [Thread-324] INFO  db.DBStoreBuilder (DBStoreBuilder.java:addTable(110)) - using custom profile for table: multipartInfoTable
2019-08-21 09:30:34,327 [Thread-324] INFO  db.DBStoreBuilder (DBStoreBuilder.java:processTables(161)) - Using default column profile:DBProfile.DISK for Table:multipartInfoTable
2019-08-21 09:30:34,327 [Thread-324] INFO  db.DBStoreBuilder (DBStoreBuilder.java:addTable(110)) - using custom profile for table: dTokenTable
2019-08-21 09:30:34,327 [Thread-324] INFO  db.DBStoreBuilder (DBStoreBuilder.java:processTables(161)) - Using default column profile:DBProfile.DISK for Table:dTokenTable
2019-08-21 09:30:34,327 [Thread-324] INFO  db.DBStoreBuilder (DBStoreBuilder.java:addTable(110)) - using custom profile for table: s3SecretTable
2019-08-21 09:30:34,327 [Thread-324] INFO  db.DBStoreBuilder (DBStoreBuilder.java:processTables(161)) - Using default column profile:DBProfile.DISK for Table:s3SecretTable
2019-08-21 09:30:34,327 [Thread-324] INFO  db.DBStoreBuilder (DBStoreBuilder.java:addTable(110)) - using custom profile for table: prefixTable
2019-08-21 09:30:34,328 [Thread-324] INFO  db.DBStoreBuilder (DBStoreBuilder.java:processTables(161)) - Using default column profile:DBProfile.DISK for Table:prefixTable
2019-08-21 09:30:34,328 [Thread-324] INFO  db.DBStoreBuilder (DBStoreBuilder.java:addTable(110)) - using custom profile for table: default
2019-08-21 09:30:34,328 [Thread-324] INFO  db.DBStoreBuilder (DBStoreBuilder.java:processTables(167)) - Using default column profile:DBProfile.DISK for Table:default
2019-08-21 09:30:34,328 [Thread-324] INFO  db.DBStoreBuilder (DBStoreBuilder.java:getDbProfile(198)) - Using default options. DBProfile.DISK
2019-08-21 09:30:34,971 [Thread-324] INFO  ipc.CallQueueManager (CallQueueManager.java:<init>(84)) - Using callQueue: class java.util.concurrent.LinkedBlockingQueue, queueCapacity: 2000, scheduler: class org.apache.hadoop.ipc.DefaultRpcScheduler, ipcBackoff: false.
2019-08-21 09:30:34,972 [Socket Reader #1 for port 39909] INFO  ipc.Server (Server.java:run(1074)) - Starting Socket Reader #1 for port 39909
2019-08-21 09:30:34,984 [Thread-324] INFO  om.OzoneManager (OzoneManager.java:start(1269)) - OzoneManager RPC server is listening at localhost/127.0.0.1:39909
2019-08-21 09:30:34,984 [Thread-324] INFO  impl.MetricsSystemImpl (MetricsSystemImpl.java:init(158)) - OzoneManager metrics system started (again)
2019-08-21 09:30:34,985 [IPC Server Responder] INFO  ipc.Server (Server.java:run(1314)) - IPC Server Responder: starting
2019-08-21 09:30:34,986 [IPC Server listener on 39909] INFO  ipc.Server (Server.java:run(1153)) - IPC Server listener on 39909: starting
2019-08-21 09:30:34,989 [Thread-324] INFO  hdfs.DFSUtil (DFSUtil.java:httpServerTemplateForNNAndJN(1641)) - Starting Web-server for ozoneManager at: http://0.0.0.0:0
2019-08-21 09:30:34,991 [Thread-324] INFO  server.AuthenticationFilter (AuthenticationFilter.java:constructSecretProvider(240)) - Unable to initialize FileSignerSecretProvider, falling back to use random secrets.
2019-08-21 09:30:34,991 [Thread-324] WARN  http.HttpRequestLog (HttpRequestLog.java:getRequestLog(97)) - Jetty request log can only be enabled using Log4j
2019-08-21 09:30:34,992 [Thread-324] INFO  http.HttpServer2 (HttpServer2.java:addGlobalFilter(975)) - Added global filter 'safety' (class=org.apache.hadoop.http.HttpServer2$QuotingInputFilter)
2019-08-21 09:30:34,993 [Thread-324] INFO  http.HttpServer2 (HttpServer2.java:addFilter(948)) - Added filter static_user_filter (class=org.apache.hadoop.http.lib.StaticUserWebFilter$StaticUserFilter) to context ozoneManager
2019-08-21 09:30:34,993 [Thread-324] INFO  http.HttpServer2 (HttpServer2.java:addFilter(958)) - Added filter static_user_filter (class=org.apache.hadoop.http.lib.StaticUserWebFilter$StaticUserFilter) to context logs
2019-08-21 09:30:34,993 [Thread-324] INFO  http.HttpServer2 (HttpServer2.java:addFilter(958)) - Added filter static_user_filter (class=org.apache.hadoop.http.lib.StaticUserWebFilter$StaticUserFilter) to context static
2019-08-21 09:30:34,994 [Thread-324] INFO  http.HttpServer2 (HttpServer2.java:bindListener(1191)) - Jetty bound to port 41370
2019-08-21 09:30:34,994 [Thread-324] INFO  server.Server (Server.java:doStart(351)) - jetty-9.3.24.v20180605, build timestamp: 2018-06-05T17:11:56Z, git hash: 84205aa28f11a4f31f2a3b86d1bba2cc8ab69827
2019-08-21 09:30:34,996 [Thread-324] INFO  handler.ContextHandler (ContextHandler.java:doStart(781)) - Started o.e.j.s.ServletContextHandler@4a0ff0c5{/logs,file:///workdir/hadoop-ozone/integration-test/target/log,AVAILABLE}
2019-08-21 09:30:34,996 [Thread-324] INFO  handler.ContextHandler (ContextHandler.java:doStart(781)) - Started o.e.j.s.ServletContextHandler@34408b7f{/static,file:///workdir/hadoop-ozone/integration-test/target/test-classes/webapps/static,AVAILABLE}
2019-08-21 09:30:35,000 [Thread-324] INFO  handler.ContextHandler (ContextHandler.java:doStart(781)) - Started o.e.j.w.WebAppContext@3bf3ea8{/,file:///workdir/hadoop-ozone/integration-test/target/test-classes/webapps/ozoneManager/,AVAILABLE}{/ozoneManager}
2019-08-21 09:30:35,000 [Thread-324] INFO  server.AbstractConnector (AbstractConnector.java:doStart(278)) - Started ServerConnector@44c22441{HTTP/1.1,[http/1.1]}{0.0.0.0:41370}
2019-08-21 09:30:35,001 [Thread-324] INFO  server.Server (Server.java:doStart(419)) - Started @33438ms
2019-08-21 09:30:35,001 [Thread-324] WARN  impl.MetricsSystemImpl (MetricsSystemImpl.java:register(276)) - Sink prometheus already exists!
2019-08-21 09:30:35,002 [Thread-324] INFO  server.BaseHttpServer (BaseHttpServer.java:updateConnectorAddress(215)) - HTTP server of OZONEMANAGER is listening at http://0.0.0.0:41370
2019-08-21 09:30:35,009 [Thread-324] INFO  impl.MetricsSystemImpl (MetricsSystemImpl.java:init(158)) - HddsDatanode metrics system started (again)
2019-08-21 09:30:35,010 [Thread-324] INFO  ozone.HddsDatanodeService (HddsDatanodeService.java:start(184)) - HddsDatanodeService host:pr-hdds-1935-xjqtc-1107137857 ip:192.168.5.184
2019-08-21 09:30:35,017 [Thread-324] INFO  volume.HddsVolume (HddsVolume.java:<init>(176)) - Creating Volume: /workdir/hadoop-ozone/integration-test/target/test-dir/MiniOzoneClusterImpl-33ae4b10-f24f-4466-94ae-5d1d58110502/datanode-0/data/containers/hdds of  storage type : DISK and capacity : 1482555576320
2019-08-21 09:30:35,018 [Thread-324] INFO  volume.VolumeSet (VolumeSet.java:initializeVolumeSet(170)) - Added Volume : /workdir/hadoop-ozone/integration-test/target/test-dir/MiniOzoneClusterImpl-33ae4b10-f24f-4466-94ae-5d1d58110502/datanode-0/data/containers/hdds to VolumeSet
2019-08-21 09:30:35,018 [Thread-324] INFO  volume.ThrottledAsyncChecker (ThrottledAsyncChecker.java:schedule(140)) - Scheduling a check for org.apache.hadoop.ozone.container.common.volume.HddsVolume@5cf3b93c
2019-08-21 09:30:35,018 [Thread-324] INFO  volume.HddsVolumeChecker (HddsVolumeChecker.java:checkAllVolumes(203)) - Scheduled health check for volume org.apache.hadoop.ozone.container.common.volume.HddsVolume@5cf3b93c
2019-08-21 09:30:35,032 [Thread-324] INFO  impl.RaftServerProxy (ConfUtils.java:logGet(43)) - raft.rpc.type = GRPC (default)
2019-08-21 09:30:35,033 [Thread-324] INFO  grpc.GrpcFactory (GrpcFactory.java:checkPooledByteBufAllocatorUseCacheForAllThreads(45)) - PERFORMANCE WARNING: useCacheForAllThreads is true that may cause Netty to create a lot garbage objects and, as a result, trigger GC.
	It is recommended to disable useCacheForAllThreads by setting -Dorg.apache.ratis.thirdparty.io.netty.allocator.useCacheForAllThreads=false in command line.
2019-08-21 09:30:35,033 [Thread-324] INFO  grpc.GrpcConfigKeys$Server (ConfUtils.java:logGet(43)) - raft.grpc.server.port = 0 (default)
2019-08-21 09:30:35,033 [Thread-324] INFO  server.GrpcService (ConfUtils.java:logGet(43)) - raft.grpc.message.size.max = 33570816 (custom)
2019-08-21 09:30:35,034 [Thread-324] INFO  server.RaftServerConfigKeys (ConfUtils.java:logGet(43)) - raft.server.log.appender.buffer.byte-limit = 33554432 (custom)
2019-08-21 09:30:35,034 [Thread-324] INFO  server.GrpcService (ConfUtils.java:logGet(43)) - raft.grpc.flow.control.window = 1MB (=1048576) (default)
2019-08-21 09:30:35,034 [Thread-324] INFO  server.RaftServerConfigKeys (ConfUtils.java:logGet(43)) - raft.server.rpc.request.timeout = 3000ms (default)
2019-08-21 09:30:35,035 [Thread-324] INFO  server.RaftServerConfigKeys (ConfUtils.java:logGet(43)) - raft.server.storage.dir = [/workdir/hadoop-ozone/integration-test/target/test-dir/MiniOzoneClusterImpl-33ae4b10-f24f-4466-94ae-5d1d58110502/datanode-0/data/ratis] (custom)
2019-08-21 09:30:35,035 [Thread-324] INFO  replication.SimpleContainerDownloader (SimpleContainerDownloader.java:<init>(72)) - Starting container downloader service to copy containers to replicate.
2019-08-21 09:30:35,036 [Thread-324] INFO  hdfs.DFSUtil (DFSUtil.java:httpServerTemplateForNNAndJN(1641)) - Starting Web-server for hddsDatanode at: http://0.0.0.0:0
2019-08-21 09:30:35,037 [Thread-324] INFO  server.AuthenticationFilter (AuthenticationFilter.java:constructSecretProvider(240)) - Unable to initialize FileSignerSecretProvider, falling back to use random secrets.
2019-08-21 09:30:35,038 [Thread-324] WARN  http.HttpRequestLog (HttpRequestLog.java:getRequestLog(97)) - Jetty request log can only be enabled using Log4j
2019-08-21 09:30:35,039 [Thread-324] INFO  http.HttpServer2 (HttpServer2.java:addGlobalFilter(975)) - Added global filter 'safety' (class=org.apache.hadoop.http.HttpServer2$QuotingInputFilter)
2019-08-21 09:30:35,039 [Thread-324] INFO  http.HttpServer2 (HttpServer2.java:addFilter(948)) - Added filter static_user_filter (class=org.apache.hadoop.http.lib.StaticUserWebFilter$StaticUserFilter) to context hddsDatanode
2019-08-21 09:30:35,039 [Thread-324] INFO  http.HttpServer2 (HttpServer2.java:addFilter(958)) - Added filter static_user_filter (class=org.apache.hadoop.http.lib.StaticUserWebFilter$StaticUserFilter) to context logs
2019-08-21 09:30:35,039 [Thread-324] INFO  http.HttpServer2 (HttpServer2.java:addFilter(958)) - Added filter static_user_filter (class=org.apache.hadoop.http.lib.StaticUserWebFilter$StaticUserFilter) to context static
2019-08-21 09:30:35,040 [Thread-324] INFO  http.HttpServer2 (HttpServer2.java:bindListener(1191)) - Jetty bound to port 36497
2019-08-21 09:30:35,040 [Thread-324] INFO  server.Server (Server.java:doStart(351)) - jetty-9.3.24.v20180605, build timestamp: 2018-06-05T17:11:56Z, git hash: 84205aa28f11a4f31f2a3b86d1bba2cc8ab69827
2019-08-21 09:30:35,042 [Thread-324] INFO  handler.ContextHandler (ContextHandler.java:doStart(781)) - Started o.e.j.s.ServletContextHandler@fc72746{/logs,file:///workdir/hadoop-ozone/integration-test/target/log,AVAILABLE}
2019-08-21 09:30:35,042 [Thread-324] INFO  handler.ContextHandler (ContextHandler.java:doStart(781)) - Started o.e.j.s.ServletContextHandler@5f3f3391{/static,jar:file:/home/user/.m2/repository/org/apache/hadoop/hadoop-hdds-container-service/0.5.0-SNAPSHOT/hadoop-hdds-container-service-0.5.0-SNAPSHOT.jar!/webapps/static,AVAILABLE}
2019-08-21 09:30:35,070 [Thread-324] INFO  handler.ContextHandler (ContextHandler.java:doStart(781)) - Started o.e.j.w.WebAppContext@52fe8835{/,file:///tmp/jetty-0.0.0.0-36497-hddsDatanode-_-any-7234531701071754633.dir/webapp/,AVAILABLE}{/hddsDatanode}
2019-08-21 09:30:35,070 [Thread-324] INFO  server.AbstractConnector (AbstractConnector.java:doStart(278)) - Started ServerConnector@1bc956fc{HTTP/1.1,[http/1.1]}{0.0.0.0:36497}
2019-08-21 09:30:35,071 [Thread-324] INFO  server.Server (Server.java:doStart(419)) - Started @33509ms
2019-08-21 09:30:35,071 [Thread-324] WARN  impl.MetricsSystemImpl (MetricsSystemImpl.java:register(276)) - Sink prometheus already exists!
2019-08-21 09:30:35,072 [Thread-324] INFO  server.BaseHttpServer (BaseHttpServer.java:updateConnectorAddress(215)) - HTTP server of HDDSDATANODE is listening at http://0.0.0.0:36497
2019-08-21 09:30:35,213 | INFO  | ObjectStoreRestHttpServer | Listening HDDS REST traffic on /0.0.0.0:34500 |  
2019-08-21 09:30:35,214 [Thread-324] INFO  ozone.HddsDatanodeService (HddsDatanodeService.java:startPlugins(395)) - Started plug-in org.apache.hadoop.ozone.web.OzoneHddsDatanodeService@1ab50d42
2019-08-21 09:30:35,214 [Thread-324] INFO  impl.MetricsSystemImpl (MetricsSystemImpl.java:init(158)) - HddsDatanode metrics system started (again)
2019-08-21 09:30:35,216 [Thread-324] INFO  ozone.HddsDatanodeService (HddsDatanodeService.java:start(184)) - HddsDatanodeService host:pr-hdds-1935-xjqtc-1107137857 ip:192.168.5.184
2019-08-21 09:30:35,217 [org.apache.hadoop.util.JvmPauseMonitor$Monitor@37a527bf] INFO  util.JvmPauseMonitor (JvmPauseMonitor.java:run(188)) - Starting JVM pause monitor
2019-08-21 09:30:35,220 [Datanode State Machine Thread - 0] INFO  datanode.InitDatanodeState (InitDatanodeState.java:persistContainerDatanodeDetails(140)) - DatanodeDetails is persisted to /workdir/hadoop-ozone/integration-test/target/test-dir/MiniOzoneClusterImpl-33ae4b10-f24f-4466-94ae-5d1d58110502/datanode-0/meta/datanode.id
2019-08-21 09:30:35,223 [Thread-324] INFO  volume.HddsVolume (HddsVolume.java:<init>(176)) - Creating Volume: /workdir/hadoop-ozone/integration-test/target/test-dir/MiniOzoneClusterImpl-33ae4b10-f24f-4466-94ae-5d1d58110502/datanode-1/data/containers/hdds of  storage type : DISK and capacity : 1482555576320
2019-08-21 09:30:35,224 [Thread-324] INFO  volume.VolumeSet (VolumeSet.java:initializeVolumeSet(170)) - Added Volume : /workdir/hadoop-ozone/integration-test/target/test-dir/MiniOzoneClusterImpl-33ae4b10-f24f-4466-94ae-5d1d58110502/datanode-1/data/containers/hdds to VolumeSet
2019-08-21 09:30:35,224 [Thread-324] INFO  volume.ThrottledAsyncChecker (ThrottledAsyncChecker.java:schedule(140)) - Scheduling a check for org.apache.hadoop.ozone.container.common.volume.HddsVolume@42d0ed81
2019-08-21 09:30:35,224 [Thread-324] INFO  volume.HddsVolumeChecker (HddsVolumeChecker.java:checkAllVolumes(203)) - Scheduled health check for volume org.apache.hadoop.ozone.container.common.volume.HddsVolume@42d0ed81
2019-08-21 09:30:35,238 [Thread-324] INFO  impl.RaftServerProxy (ConfUtils.java:logGet(43)) - raft.rpc.type = GRPC (default)
2019-08-21 09:30:35,238 [Thread-324] INFO  grpc.GrpcFactory (GrpcFactory.java:checkPooledByteBufAllocatorUseCacheForAllThreads(45)) - PERFORMANCE WARNING: useCacheForAllThreads is true that may cause Netty to create a lot garbage objects and, as a result, trigger GC.
	It is recommended to disable useCacheForAllThreads by setting -Dorg.apache.ratis.thirdparty.io.netty.allocator.useCacheForAllThreads=false in command line.
2019-08-21 09:30:35,238 [Thread-324] INFO  grpc.GrpcConfigKeys$Server (ConfUtils.java:logGet(43)) - raft.grpc.server.port = 0 (default)
2019-08-21 09:30:35,238 [Thread-324] INFO  server.GrpcService (ConfUtils.java:logGet(43)) - raft.grpc.message.size.max = 33570816 (custom)
2019-08-21 09:30:35,239 [Thread-324] INFO  server.RaftServerConfigKeys (ConfUtils.java:logGet(43)) - raft.server.log.appender.buffer.byte-limit = 33554432 (custom)
2019-08-21 09:30:35,239 [Thread-324] INFO  server.GrpcService (ConfUtils.java:logGet(43)) - raft.grpc.flow.control.window = 1MB (=1048576) (default)
2019-08-21 09:30:35,239 [Thread-324] INFO  server.RaftServerConfigKeys (ConfUtils.java:logGet(43)) - raft.server.rpc.request.timeout = 3000ms (default)
2019-08-21 09:30:35,239 [Thread-324] INFO  server.RaftServerConfigKeys (ConfUtils.java:logGet(43)) - raft.server.storage.dir = [/workdir/hadoop-ozone/integration-test/target/test-dir/MiniOzoneClusterImpl-33ae4b10-f24f-4466-94ae-5d1d58110502/datanode-1/data/ratis] (custom)
2019-08-21 09:30:35,240 [Thread-324] INFO  replication.SimpleContainerDownloader (SimpleContainerDownloader.java:<init>(72)) - Starting container downloader service to copy containers to replicate.
2019-08-21 09:30:35,241 [Thread-324] INFO  hdfs.DFSUtil (DFSUtil.java:httpServerTemplateForNNAndJN(1641)) - Starting Web-server for hddsDatanode at: http://0.0.0.0:0
2019-08-21 09:30:35,242 [Thread-324] INFO  server.AuthenticationFilter (AuthenticationFilter.java:constructSecretProvider(240)) - Unable to initialize FileSignerSecretProvider, falling back to use random secrets.
2019-08-21 09:30:35,242 [Thread-324] WARN  http.HttpRequestLog (HttpRequestLog.java:getRequestLog(97)) - Jetty request log can only be enabled using Log4j
2019-08-21 09:30:35,243 [Thread-324] INFO  http.HttpServer2 (HttpServer2.java:addGlobalFilter(975)) - Added global filter 'safety' (class=org.apache.hadoop.http.HttpServer2$QuotingInputFilter)
2019-08-21 09:30:35,244 [Thread-324] INFO  http.HttpServer2 (HttpServer2.java:addFilter(948)) - Added filter static_user_filter (class=org.apache.hadoop.http.lib.StaticUserWebFilter$StaticUserFilter) to context hddsDatanode
2019-08-21 09:30:35,244 [Thread-324] INFO  http.HttpServer2 (HttpServer2.java:addFilter(958)) - Added filter static_user_filter (class=org.apache.hadoop.http.lib.StaticUserWebFilter$StaticUserFilter) to context static
2019-08-21 09:30:35,244 [Thread-324] INFO  http.HttpServer2 (HttpServer2.java:addFilter(958)) - Added filter static_user_filter (class=org.apache.hadoop.http.lib.StaticUserWebFilter$StaticUserFilter) to context logs
2019-08-21 09:30:35,245 [Thread-324] INFO  http.HttpServer2 (HttpServer2.java:bindListener(1191)) - Jetty bound to port 44435
2019-08-21 09:30:35,245 [Thread-324] INFO  server.Server (Server.java:doStart(351)) - jetty-9.3.24.v20180605, build timestamp: 2018-06-05T17:11:56Z, git hash: 84205aa28f11a4f31f2a3b86d1bba2cc8ab69827
2019-08-21 09:30:35,246 [Thread-324] INFO  handler.ContextHandler (ContextHandler.java:doStart(781)) - Started o.e.j.s.ServletContextHandler@4ecd9fd2{/logs,file:///workdir/hadoop-ozone/integration-test/target/log,AVAILABLE}
2019-08-21 09:30:35,247 [Thread-324] INFO  handler.ContextHandler (ContextHandler.java:doStart(781)) - Started o.e.j.s.ServletContextHandler@66c5d31c{/static,jar:file:/home/user/.m2/repository/org/apache/hadoop/hadoop-hdds-container-service/0.5.0-SNAPSHOT/hadoop-hdds-container-service-0.5.0-SNAPSHOT.jar!/webapps/static,AVAILABLE}
2019-08-21 09:30:35,274 [Thread-324] INFO  handler.ContextHandler (ContextHandler.java:doStart(781)) - Started o.e.j.w.WebAppContext@3191111a{/,file:///tmp/jetty-0.0.0.0-44435-hddsDatanode-_-any-8146629810562045264.dir/webapp/,AVAILABLE}{/hddsDatanode}
2019-08-21 09:30:35,274 [Thread-324] INFO  server.AbstractConnector (AbstractConnector.java:doStart(278)) - Started ServerConnector@2bd5586b{HTTP/1.1,[http/1.1]}{0.0.0.0:44435}
2019-08-21 09:30:35,275 [Thread-324] INFO  server.Server (Server.java:doStart(419)) - Started @33712ms
2019-08-21 09:30:35,275 [Thread-324] WARN  impl.MetricsSystemImpl (MetricsSystemImpl.java:register(276)) - Sink prometheus already exists!
2019-08-21 09:30:35,276 [Thread-324] INFO  server.BaseHttpServer (BaseHttpServer.java:updateConnectorAddress(215)) - HTTP server of HDDSDATANODE is listening at http://0.0.0.0:44435
2019-08-21 09:30:35,397 | INFO  | ObjectStoreRestHttpServer | Listening HDDS REST traffic on /0.0.0.0:34034 |  
2019-08-21 09:30:35,398 [Thread-324] INFO  ozone.HddsDatanodeService (HddsDatanodeService.java:startPlugins(395)) - Started plug-in org.apache.hadoop.ozone.web.OzoneHddsDatanodeService@4f1cdbb7
2019-08-21 09:30:35,398 [Thread-324] INFO  impl.MetricsSystemImpl (MetricsSystemImpl.java:init(158)) - HddsDatanode metrics system started (again)
2019-08-21 09:30:35,401 [Thread-324] INFO  ozone.HddsDatanodeService (HddsDatanodeService.java:start(184)) - HddsDatanodeService host:pr-hdds-1935-xjqtc-1107137857 ip:192.168.5.184
2019-08-21 09:30:35,401 [org.apache.hadoop.util.JvmPauseMonitor$Monitor@64ca97bc] INFO  util.JvmPauseMonitor (JvmPauseMonitor.java:run(188)) - Starting JVM pause monitor
2019-08-21 09:30:35,403 [Datanode State Machine Thread - 0] INFO  datanode.InitDatanodeState (InitDatanodeState.java:persistContainerDatanodeDetails(140)) - DatanodeDetails is persisted to /workdir/hadoop-ozone/integration-test/target/test-dir/MiniOzoneClusterImpl-33ae4b10-f24f-4466-94ae-5d1d58110502/datanode-1/meta/datanode.id
2019-08-21 09:30:35,408 [Thread-324] INFO  volume.HddsVolume (HddsVolume.java:<init>(176)) - Creating Volume: /workdir/hadoop-ozone/integration-test/target/test-dir/MiniOzoneClusterImpl-33ae4b10-f24f-4466-94ae-5d1d58110502/datanode-2/data/containers/hdds of  storage type : DISK and capacity : 1482555576320
2019-08-21 09:30:35,408 [Thread-324] INFO  volume.VolumeSet (VolumeSet.java:initializeVolumeSet(170)) - Added Volume : /workdir/hadoop-ozone/integration-test/target/test-dir/MiniOzoneClusterImpl-33ae4b10-f24f-4466-94ae-5d1d58110502/datanode-2/data/containers/hdds to VolumeSet
2019-08-21 09:30:35,408 [Thread-324] INFO  volume.ThrottledAsyncChecker (ThrottledAsyncChecker.java:schedule(140)) - Scheduling a check for org.apache.hadoop.ozone.container.common.volume.HddsVolume@49dfc5a9
2019-08-21 09:30:35,409 [Thread-324] INFO  volume.HddsVolumeChecker (HddsVolumeChecker.java:checkAllVolumes(203)) - Scheduled health check for volume org.apache.hadoop.ozone.container.common.volume.HddsVolume@49dfc5a9
2019-08-21 09:30:35,422 [Thread-324] INFO  impl.RaftServerProxy (ConfUtils.java:logGet(43)) - raft.rpc.type = GRPC (default)
2019-08-21 09:30:35,422 [Thread-324] INFO  grpc.GrpcFactory (GrpcFactory.java:checkPooledByteBufAllocatorUseCacheForAllThreads(45)) - PERFORMANCE WARNING: useCacheForAllThreads is true that may cause Netty to create a lot garbage objects and, as a result, trigger GC.
	It is recommended to disable useCacheForAllThreads by setting -Dorg.apache.ratis.thirdparty.io.netty.allocator.useCacheForAllThreads=false in command line.
2019-08-21 09:30:35,422 [Thread-324] INFO  grpc.GrpcConfigKeys$Server (ConfUtils.java:logGet(43)) - raft.grpc.server.port = 0 (default)
2019-08-21 09:30:35,423 [Thread-324] INFO  server.GrpcService (ConfUtils.java:logGet(43)) - raft.grpc.message.size.max = 33570816 (custom)
2019-08-21 09:30:35,423 [Thread-324] INFO  server.RaftServerConfigKeys (ConfUtils.java:logGet(43)) - raft.server.log.appender.buffer.byte-limit = 33554432 (custom)
2019-08-21 09:30:35,423 [Thread-324] INFO  server.GrpcService (ConfUtils.java:logGet(43)) - raft.grpc.flow.control.window = 1MB (=1048576) (default)
2019-08-21 09:30:35,423 [Thread-324] INFO  server.RaftServerConfigKeys (ConfUtils.java:logGet(43)) - raft.server.rpc.request.timeout = 3000ms (default)
2019-08-21 09:30:35,423 [Thread-324] INFO  server.RaftServerConfigKeys (ConfUtils.java:logGet(43)) - raft.server.storage.dir = [/workdir/hadoop-ozone/integration-test/target/test-dir/MiniOzoneClusterImpl-33ae4b10-f24f-4466-94ae-5d1d58110502/datanode-2/data/ratis] (custom)
2019-08-21 09:30:35,424 [Thread-324] INFO  replication.SimpleContainerDownloader (SimpleContainerDownloader.java:<init>(72)) - Starting container downloader service to copy containers to replicate.
2019-08-21 09:30:35,425 [Thread-324] INFO  hdfs.DFSUtil (DFSUtil.java:httpServerTemplateForNNAndJN(1641)) - Starting Web-server for hddsDatanode at: http://0.0.0.0:0
2019-08-21 09:30:35,426 [Thread-324] INFO  server.AuthenticationFilter (AuthenticationFilter.java:constructSecretProvider(240)) - Unable to initialize FileSignerSecretProvider, falling back to use random secrets.
2019-08-21 09:30:35,427 [Thread-324] WARN  http.HttpRequestLog (HttpRequestLog.java:getRequestLog(97)) - Jetty request log can only be enabled using Log4j
2019-08-21 09:30:35,428 [Thread-324] INFO  http.HttpServer2 (HttpServer2.java:addGlobalFilter(975)) - Added global filter 'safety' (class=org.apache.hadoop.http.HttpServer2$QuotingInputFilter)
2019-08-21 09:30:35,428 [Thread-324] INFO  http.HttpServer2 (HttpServer2.java:addFilter(948)) - Added filter static_user_filter (class=org.apache.hadoop.http.lib.StaticUserWebFilter$StaticUserFilter) to context hddsDatanode
2019-08-21 09:30:35,428 [Thread-324] INFO  http.HttpServer2 (HttpServer2.java:addFilter(958)) - Added filter static_user_filter (class=org.apache.hadoop.http.lib.StaticUserWebFilter$StaticUserFilter) to context static
2019-08-21 09:30:35,428 [Thread-324] INFO  http.HttpServer2 (HttpServer2.java:addFilter(958)) - Added filter static_user_filter (class=org.apache.hadoop.http.lib.StaticUserWebFilter$StaticUserFilter) to context logs
2019-08-21 09:30:35,429 [Thread-324] INFO  http.HttpServer2 (HttpServer2.java:bindListener(1191)) - Jetty bound to port 42615
2019-08-21 09:30:35,429 [Thread-324] INFO  server.Server (Server.java:doStart(351)) - jetty-9.3.24.v20180605, build timestamp: 2018-06-05T17:11:56Z, git hash: 84205aa28f11a4f31f2a3b86d1bba2cc8ab69827
2019-08-21 09:30:35,431 [Thread-324] INFO  handler.ContextHandler (ContextHandler.java:doStart(781)) - Started o.e.j.s.ServletContextHandler@5b270128{/logs,file:///workdir/hadoop-ozone/integration-test/target/log,AVAILABLE}
2019-08-21 09:30:35,431 [Thread-324] INFO  handler.ContextHandler (ContextHandler.java:doStart(781)) - Started o.e.j.s.ServletContextHandler@1ae43fb8{/static,jar:file:/home/user/.m2/repository/org/apache/hadoop/hadoop-hdds-container-service/0.5.0-SNAPSHOT/hadoop-hdds-container-service-0.5.0-SNAPSHOT.jar!/webapps/static,AVAILABLE}
2019-08-21 09:30:35,459 [Thread-324] INFO  handler.ContextHandler (ContextHandler.java:doStart(781)) - Started o.e.j.w.WebAppContext@28e87ef6{/,file:///tmp/jetty-0.0.0.0-42615-hddsDatanode-_-any-4915124015943156655.dir/webapp/,AVAILABLE}{/hddsDatanode}
2019-08-21 09:30:35,459 [Thread-324] INFO  server.AbstractConnector (AbstractConnector.java:doStart(278)) - Started ServerConnector@1a19e1ce{HTTP/1.1,[http/1.1]}{0.0.0.0:42615}
2019-08-21 09:30:35,460 [Thread-324] INFO  server.Server (Server.java:doStart(419)) - Started @33898ms
2019-08-21 09:30:35,460 [Thread-324] WARN  impl.MetricsSystemImpl (MetricsSystemImpl.java:register(276)) - Sink prometheus already exists!
2019-08-21 09:30:35,461 [Thread-324] INFO  server.BaseHttpServer (BaseHttpServer.java:updateConnectorAddress(215)) - HTTP server of HDDSDATANODE is listening at http://0.0.0.0:42615
2019-08-21 09:30:35,576 | INFO  | ObjectStoreRestHttpServer | Listening HDDS REST traffic on /0.0.0.0:46077 |  
2019-08-21 09:30:35,576 [Thread-324] INFO  ozone.HddsDatanodeService (HddsDatanodeService.java:startPlugins(395)) - Started plug-in org.apache.hadoop.ozone.web.OzoneHddsDatanodeService@6ce10d57
2019-08-21 09:30:35,577 [Thread-324] INFO  ozone.MiniOzoneClusterImpl (MiniOzoneClusterImpl.java:lambda$waitForClusterToBeReady$0(142)) - Waiting for cluster to be ready. Got 0 of 3 DN Heartbeats.
2019-08-21 09:30:35,580 [org.apache.hadoop.util.JvmPauseMonitor$Monitor@48b0a46e] INFO  util.JvmPauseMonitor (JvmPauseMonitor.java:run(188)) - Starting JVM pause monitor
2019-08-21 09:30:35,582 [Datanode State Machine Thread - 0] INFO  datanode.InitDatanodeState (InitDatanodeState.java:persistContainerDatanodeDetails(140)) - DatanodeDetails is persisted to /workdir/hadoop-ozone/integration-test/target/test-dir/MiniOzoneClusterImpl-33ae4b10-f24f-4466-94ae-5d1d58110502/datanode-2/meta/datanode.id
2019-08-21 09:30:36,577 [Thread-324] INFO  ozone.MiniOzoneClusterImpl (MiniOzoneClusterImpl.java:lambda$waitForClusterToBeReady$0(142)) - Waiting for cluster to be ready. Got 0 of 3 DN Heartbeats.
2019-08-21 09:30:37,221 | INFO  | SCMAudit | user=jenkins1000 | ip=192.168.5.184 | op=GET_VERSION null | ret=SUCCESS |  
2019-08-21 09:30:37,244 [Datanode State Machine Thread - 0] INFO  ozoneimpl.OzoneContainer (OzoneContainer.java:start(186)) - Attempting to start container services.
2019-08-21 09:30:37,245 [Datanode State Machine Thread - 0] INFO  ozoneimpl.OzoneContainer (OzoneContainer.java:startContainerScrub(160)) - Background container scrubber has been disabled by hdds.containerscrub.enabled
2019-08-21 09:30:37,246 [Datanode State Machine Thread - 0] INFO  ratis.XceiverServerRatis (XceiverServerRatis.java:start(404)) - Starting XceiverServerRatis 1e27fcfb-c104-4324-889c-430876b01a3a at port 0
2019-08-21 09:30:37,254 [Datanode State Machine Thread - 0] INFO  impl.RaftServerProxy (RaftServerProxy.java:lambda$start$3(299)) - 1e27fcfb-c104-4324-889c-430876b01a3a: start RPC server
2019-08-21 09:30:37,257 [Datanode State Machine Thread - 0] INFO  server.GrpcService (GrpcService.java:startImpl(149)) - 1e27fcfb-c104-4324-889c-430876b01a3a: GrpcService started, listening on 0.0.0.0/0.0.0.0:42282
2019-08-21 09:30:37,257 [Datanode State Machine Thread - 0] INFO  ratis.XceiverServerRatis (XceiverServerRatis.java:start(414)) - XceiverServerRatis 1e27fcfb-c104-4324-889c-430876b01a3a is started using port 42282
2019-08-21 09:30:37,259 [Datanode State Machine Thread - 0] INFO  server.XceiverServerGrpc (XceiverServerGrpc.java:start(161)) - XceiverServerGrpc 1e27fcfb-c104-4324-889c-430876b01a3a is started using port 35353
2019-08-21 09:30:37,403 | INFO  | SCMAudit | user=jenkins1000 | ip=192.168.5.184 | op=GET_VERSION null | ret=SUCCESS |  
2019-08-21 09:30:37,415 [Datanode State Machine Thread - 0] INFO  ozoneimpl.OzoneContainer (OzoneContainer.java:start(186)) - Attempting to start container services.
2019-08-21 09:30:37,416 [Datanode State Machine Thread - 0] INFO  ozoneimpl.OzoneContainer (OzoneContainer.java:startContainerScrub(160)) - Background container scrubber has been disabled by hdds.containerscrub.enabled
2019-08-21 09:30:37,417 [Datanode State Machine Thread - 0] INFO  ratis.XceiverServerRatis (XceiverServerRatis.java:start(404)) - Starting XceiverServerRatis 08261258-4556-48ae-a229-db40bbbaf060 at port 0
2019-08-21 09:30:37,422 [Datanode State Machine Thread - 0] INFO  impl.RaftServerProxy (RaftServerProxy.java:lambda$start$3(299)) - 08261258-4556-48ae-a229-db40bbbaf060: start RPC server
2019-08-21 09:30:37,423 [Datanode State Machine Thread - 0] INFO  server.GrpcService (GrpcService.java:startImpl(149)) - 08261258-4556-48ae-a229-db40bbbaf060: GrpcService started, listening on 0.0.0.0/0.0.0.0:44716
2019-08-21 09:30:37,423 [Datanode State Machine Thread - 0] INFO  ratis.XceiverServerRatis (XceiverServerRatis.java:start(414)) - XceiverServerRatis 08261258-4556-48ae-a229-db40bbbaf060 is started using port 44716
2019-08-21 09:30:37,424 [Datanode State Machine Thread - 0] INFO  server.XceiverServerGrpc (XceiverServerGrpc.java:start(161)) - XceiverServerGrpc 08261258-4556-48ae-a229-db40bbbaf060 is started using port 40823
2019-08-21 09:30:37,578 [Thread-324] INFO  ozone.MiniOzoneClusterImpl (MiniOzoneClusterImpl.java:lambda$waitForClusterToBeReady$0(142)) - Waiting for cluster to be ready. Got 0 of 3 DN Heartbeats.
2019-08-21 09:30:37,582 | INFO  | SCMAudit | user=jenkins1000 | ip=192.168.5.184 | op=GET_VERSION null | ret=SUCCESS |  
2019-08-21 09:30:37,597 [Datanode State Machine Thread - 0] INFO  ozoneimpl.OzoneContainer (OzoneContainer.java:start(186)) - Attempting to start container services.
2019-08-21 09:30:37,598 [Datanode State Machine Thread - 0] INFO  ozoneimpl.OzoneContainer (OzoneContainer.java:startContainerScrub(160)) - Background container scrubber has been disabled by hdds.containerscrub.enabled
2019-08-21 09:30:37,598 [Datanode State Machine Thread - 0] INFO  ratis.XceiverServerRatis (XceiverServerRatis.java:start(404)) - Starting XceiverServerRatis 59741f75-dde0-4aa7-9839-4fef31d8a6cb at port 0
2019-08-21 09:30:37,604 [Datanode State Machine Thread - 0] INFO  impl.RaftServerProxy (RaftServerProxy.java:lambda$start$3(299)) - 59741f75-dde0-4aa7-9839-4fef31d8a6cb: start RPC server
2019-08-21 09:30:37,608 [Datanode State Machine Thread - 0] INFO  server.GrpcService (GrpcService.java:startImpl(149)) - 59741f75-dde0-4aa7-9839-4fef31d8a6cb: GrpcService started, listening on 0.0.0.0/0.0.0.0:37972
2019-08-21 09:30:37,608 [Datanode State Machine Thread - 0] INFO  ratis.XceiverServerRatis (XceiverServerRatis.java:start(414)) - XceiverServerRatis 59741f75-dde0-4aa7-9839-4fef31d8a6cb is started using port 37972
2019-08-21 09:30:37,609 [Datanode State Machine Thread - 0] INFO  server.XceiverServerGrpc (XceiverServerGrpc.java:start(161)) - XceiverServerGrpc 59741f75-dde0-4aa7-9839-4fef31d8a6cb is started using port 36536
2019-08-21 09:30:38,578 [Thread-324] INFO  ozone.MiniOzoneClusterImpl (MiniOzoneClusterImpl.java:lambda$waitForClusterToBeReady$0(142)) - Waiting for cluster to be ready. Got 0 of 3 DN Heartbeats.
2019-08-21 09:30:39,221 [IPC Server handler 3 on 34768] INFO  net.NetworkTopology (NetworkTopologyImpl.java:add(110)) - Added a new node: /default-rack/1e27fcfb-c104-4324-889c-430876b01a3a
2019-08-21 09:30:39,223 [IPC Server handler 3 on 34768] INFO  node.SCMNodeManager (SCMNodeManager.java:register(266)) - Registered Data node : 1e27fcfb-c104-4324-889c-430876b01a3a{ip: 192.168.5.184, host: pr-hdds-1935-xjqtc-1107137857, networkLocation: /default-rack, certSerialId: null}
2019-08-21 09:30:39,227 [EventQueue-NodeRegistrationContainerReportForDataNodeSafeModeRule] INFO  safemode.SCMSafeModeManager (DataNodeSafeModeRule.java:process(71)) - SCM in safe mode. 1 DataNodes registered, 1 required.
2019-08-21 09:30:39,228 [EventQueue-NodeRegistrationContainerReportForDataNodeSafeModeRule] INFO  safemode.SCMSafeModeManager (SCMSafeModeManager.java:validateSafeModeExitRules(177)) - ScmSafeModeManager, all rules are successfully validated
2019-08-21 09:30:39,228 [EventQueue-NodeRegistrationContainerReportForDataNodeSafeModeRule] INFO  safemode.SCMSafeModeManager (SCMSafeModeManager.java:exitSafeMode(193)) - SCM exiting safe mode.
2019-08-21 09:30:39,228 | INFO  | SCMAudit | user=jenkins1000 | ip=192.168.5.184 | op=REGISTER {datanodeDetails=1e27fcfb-c104-4324-889c-430876b01a3a{ip: 192.168.5.184, host: pr-hdds-1935-xjqtc-1107137857, networkLocation: /default-rack, certSerialId: null}} | ret=SUCCESS |  
2019-08-21 09:30:39,249 [grpc-default-executor-0] INFO  impl.RaftServerProxy (RaftServerProxy.java:addNew(89)) - 1e27fcfb-c104-4324-889c-430876b01a3a: addNew group-25EDB1DB35D8:[1e27fcfb-c104-4324-889c-430876b01a3a:192.168.5.184:42282] returns group-25EDB1DB35D8:java.util.concurrent.CompletableFuture@7a34eda3[Not completed]
2019-08-21 09:30:39,251 [pool-113-thread-1] INFO  impl.RaftServerImpl (RaftServerImpl.java:<init>(93)) - 1e27fcfb-c104-4324-889c-430876b01a3a: new RaftServerImpl for group-25EDB1DB35D8:[1e27fcfb-c104-4324-889c-430876b01a3a:192.168.5.184:42282] with ContainerStateMachine:uninitialized
2019-08-21 09:30:39,253 [pool-113-thread-1] INFO  server.RaftServerConfigKeys (ConfUtils.java:logGet(43)) - raft.server.rpc.timeout.min = 5s (custom)
2019-08-21 09:30:39,253 [pool-113-thread-1] INFO  server.RaftServerConfigKeys (ConfUtils.java:logGet(43)) - raft.server.rpc.timeout.max = 5200ms (custom)
2019-08-21 09:30:39,253 [pool-113-thread-1] INFO  server.RaftServerConfigKeys (ConfUtils.java:logGet(43)) - raft.server.rpcslowness.timeout = 120s (custom)
2019-08-21 09:30:39,253 [pool-113-thread-1] INFO  server.RaftServerConfigKeys (ConfUtils.java:logGet(43)) - raft.server.sleep.deviation.threshold = 300 (default)
2019-08-21 09:30:39,254 [pool-113-thread-1] INFO  server.RaftServerConfigKeys (ConfUtils.java:logGet(43)) - raft.server.log.appender.install.snapshot.enabled = false (custom)
2019-08-21 09:30:39,254 [pool-113-thread-1] INFO  impl.RaftServerImpl (ServerState.java:<init>(105)) - 1e27fcfb-c104-4324-889c-430876b01a3a:group-25EDB1DB35D8 ConfigurationManager, init=-1: [1e27fcfb-c104-4324-889c-430876b01a3a:192.168.5.184:42282], old=null, confs=<EMPTY_MAP>
2019-08-21 09:30:39,254 [pool-113-thread-1] INFO  server.RaftServerConfigKeys (ConfUtils.java:logGet(43)) - raft.server.storage.dir = [/workdir/hadoop-ozone/integration-test/target/test-dir/MiniOzoneClusterImpl-33ae4b10-f24f-4466-94ae-5d1d58110502/datanode-0/data/ratis] (custom)
2019-08-21 09:30:39,255 [pool-113-thread-1] INFO  storage.RaftStorageDirectory (RaftStorageDirectory.java:analyzeStorage(246)) - The storage directory /workdir/hadoop-ozone/integration-test/target/test-dir/MiniOzoneClusterImpl-33ae4b10-f24f-4466-94ae-5d1d58110502/datanode-0/data/ratis/5391df57-0fce-42e1-9ff6-25edb1db35d8 does not exist. Creating ...
2019-08-21 09:30:39,269 [pool-113-thread-1] INFO  storage.RaftStorageDirectory (RaftStorageDirectory.java:tryLock(328)) - Lock on /workdir/hadoop-ozone/integration-test/target/test-dir/MiniOzoneClusterImpl-33ae4b10-f24f-4466-94ae-5d1d58110502/datanode-0/data/ratis/5391df57-0fce-42e1-9ff6-25edb1db35d8/in_use.lock acquired by nodename 2538@pr-hdds-1935-xjqtc-1107137857
2019-08-21 09:30:39,282 [pool-113-thread-1] INFO  storage.RaftStorage (RaftStorage.java:format(72)) - Storage directory /workdir/hadoop-ozone/integration-test/target/test-dir/MiniOzoneClusterImpl-33ae4b10-f24f-4466-94ae-5d1d58110502/datanode-0/data/ratis/5391df57-0fce-42e1-9ff6-25edb1db35d8 has been successfully formatted.
2019-08-21 09:30:39,282 [pool-113-thread-1] INFO  ratis.ContainerStateMachine (ContainerStateMachine.java:loadSnapshot(226)) - group-25EDB1DB35D8: The snapshot info is null. Setting the last applied indexto:(t:0, i:~)
2019-08-21 09:30:39,282 [pool-113-thread-1] INFO  server.RaftServerConfigKeys (ConfUtils.java:logGet(43)) - raft.server.leader.election.timeout = 120s (custom)
2019-08-21 09:30:39,283 [pool-113-thread-1] INFO  server.RaftServerConfigKeys (ConfUtils.java:logGet(43)) - raft.server.log.use.memory = false (default)
2019-08-21 09:30:39,283 [pool-113-thread-1] INFO  server.RaftServerConfigKeys (ConfUtils.java:logGet(43)) - raft.server.log.purge.gap = 1000000 (custom)
2019-08-21 09:30:39,283 [pool-113-thread-1] INFO  server.RaftServerConfigKeys (ConfUtils.java:logGet(43)) - raft.server.log.appender.buffer.byte-limit = 33554432 (custom)
2019-08-21 09:30:39,284 [pool-113-thread-1] INFO  server.RaftServerConfigKeys (ConfUtils.java:logGet(43)) - raft.server.log.segment.size.max = 1048576 (custom)
2019-08-21 09:30:39,284 [pool-113-thread-1] INFO  server.RaftServerConfigKeys (ConfUtils.java:logGet(43)) - raft.server.log.segment.cache.num.max = 2 (custom)
2019-08-21 09:30:39,284 [pool-113-thread-1] INFO  segmented.SegmentedRaftLogWorker (SegmentedRaftLogWorker.java:<init>(172)) - new 1e27fcfb-c104-4324-889c-430876b01a3a-SegmentedRaftLogWorker:Storage Directory /workdir/hadoop-ozone/integration-test/target/test-dir/MiniOzoneClusterImpl-33ae4b10-f24f-4466-94ae-5d1d58110502/datanode-0/data/ratis/5391df57-0fce-42e1-9ff6-25edb1db35d8 for RaftStorage:Storage Directory /workdir/hadoop-ozone/integration-test/target/test-dir/MiniOzoneClusterImpl-33ae4b10-f24f-4466-94ae-5d1d58110502/datanode-0/data/ratis/5391df57-0fce-42e1-9ff6-25edb1db35d8
2019-08-21 09:30:39,284 [pool-113-thread-1] INFO  server.RaftServerConfigKeys (ConfUtils.java:logGet(43)) - raft.server.log.queue.byte-limit = 2147483647 (custom)
2019-08-21 09:30:39,284 [pool-113-thread-1] INFO  server.RaftServerConfigKeys (ConfUtils.java:logGet(43)) - raft.server.log.queue.element-limit = 1024 (custom)
2019-08-21 09:30:39,285 [pool-113-thread-1] INFO  server.RaftServerConfigKeys (ConfUtils.java:logGet(43)) - raft.server.log.segment.size.max = 1048576 (custom)
2019-08-21 09:30:39,285 [pool-113-thread-1] INFO  server.RaftServerConfigKeys (ConfUtils.java:logGet(43)) - raft.server.log.preallocated.size = 16384 (custom)
2019-08-21 09:30:39,285 [pool-113-thread-1] INFO  server.RaftServerConfigKeys (ConfUtils.java:logGet(43)) - raft.server.log.write.buffer.size = 33554432 (custom)
2019-08-21 09:30:39,285 [pool-113-thread-1] INFO  server.RaftServerConfigKeys (ConfUtils.java:logGet(43)) - raft.server.log.force.sync.num = 128 (default)
2019-08-21 09:30:39,286 [pool-113-thread-1] INFO  server.RaftServerConfigKeys (ConfUtils.java:logGet(43)) - raft.server.log.statemachine.data.sync = true (default)
2019-08-21 09:30:39,286 [pool-113-thread-1] INFO  server.RaftServerConfigKeys (ConfUtils.java:logGet(43)) - raft.server.log.statemachine.data.sync.timeout = 10s (default)
2019-08-21 09:30:39,286 [pool-113-thread-1] INFO  server.RaftServerConfigKeys (ConfUtils.java:logGet(43)) - raft.server.log.statemachine.data.sync.timeout.retry = -1 (default)
2019-08-21 09:30:39,287 [pool-113-thread-1] INFO  server.RaftServerConfigKeys (ConfUtils.java:logGet(43)) - raft.server.log.statemachine.data.caching.enabled = true (custom)
2019-08-21 09:30:39,287 [pool-113-thread-1] INFO  segmented.SegmentedRaftLogWorker (SegmentedRaftLogWorker.java:lambda$new$0(132)) - 1e27fcfb-c104-4324-889c-430876b01a3a-SegmentedRaftLogWorker:Storage Directory /workdir/hadoop-ozone/integration-test/target/test-dir/MiniOzoneClusterImpl-33ae4b10-f24f-4466-94ae-5d1d58110502/datanode-0/data/ratis/5391df57-0fce-42e1-9ff6-25edb1db35d8: flushIndex: setUnconditionally 0 -> -1
2019-08-21 09:30:39,288 [pool-113-thread-1] INFO  server.RaftServerConfigKeys (ConfUtils.java:logGet(43)) - raft.server.snapshot.auto.trigger.enabled = true (custom)
2019-08-21 09:30:39,288 [pool-113-thread-1] INFO  server.RaftServerConfigKeys (ConfUtils.java:logGet(43)) - raft.server.snapshot.auto.trigger.threshold = 10000 (custom)
2019-08-21 09:30:39,288 [pool-113-thread-1] INFO  server.RaftServerConfigKeys (ConfUtils.java:logGet(43)) - raft.server.retrycache.expirytime = 600000ms (custom)
2019-08-21 09:30:39,288 [pool-113-thread-1] INFO  impl.RaftServerImpl (RaftServerImpl.java:start(180)) - 1e27fcfb-c104-4324-889c-430876b01a3a: start group-25EDB1DB35D8
2019-08-21 09:30:39,289 [pool-113-thread-1] INFO  impl.RaftServerImpl (RaftServerImpl.java:setRole(171)) - 1e27fcfb-c104-4324-889c-430876b01a3a:group-25EDB1DB35D8 changes role from null to FOLLOWER at term 0 for startAsFollower
2019-08-21 09:30:39,289 [pool-113-thread-1] INFO  impl.RoleInfo (RoleInfo.java:updateAndGet(143)) - 1e27fcfb-c104-4324-889c-430876b01a3a: start FollowerState
2019-08-21 09:30:39,290 [pool-113-thread-1] INFO  util.JmxRegister (JmxRegister.java:tryRegister(44)) - Successfully registered JMX Bean with object name Ratis:service=RaftServer,group=group-25EDB1DB35D8,id=1e27fcfb-c104-4324-889c-430876b01a3a
2019-08-21 09:30:39,296 [RatisPipelineUtilsThread] INFO  pipeline.PipelineStateManager (PipelineStateManager.java:addPipeline(56)) - Created pipeline Pipeline[ Id: 5391df57-0fce-42e1-9ff6-25edb1db35d8, Nodes: 1e27fcfb-c104-4324-889c-430876b01a3a{ip: 192.168.5.184, host: pr-hdds-1935-xjqtc-1107137857, networkLocation: /default-rack, certSerialId: null}, Type:RATIS, Factor:ONE, State:OPEN]
2019-08-21 09:30:39,404 [IPC Server handler 1 on 34768] INFO  net.NetworkTopology (NetworkTopologyImpl.java:add(110)) - Added a new node: /default-rack/08261258-4556-48ae-a229-db40bbbaf060
2019-08-21 09:30:39,405 [IPC Server handler 1 on 34768] INFO  node.SCMNodeManager (SCMNodeManager.java:register(266)) - Registered Data node : 08261258-4556-48ae-a229-db40bbbaf060{ip: 192.168.5.184, host: pr-hdds-1935-xjqtc-1107137857, networkLocation: /default-rack, certSerialId: null}
2019-08-21 09:30:39,406 | INFO  | SCMAudit | user=jenkins1000 | ip=192.168.5.184 | op=REGISTER {datanodeDetails=08261258-4556-48ae-a229-db40bbbaf060{ip: 192.168.5.184, host: pr-hdds-1935-xjqtc-1107137857, networkLocation: /default-rack, certSerialId: null}} | ret=SUCCESS |  
2019-08-21 09:30:39,418 [grpc-default-executor-0] INFO  impl.RaftServerProxy (RaftServerProxy.java:addNew(89)) - 08261258-4556-48ae-a229-db40bbbaf060: addNew group-D50CC2FA0BA1:[08261258-4556-48ae-a229-db40bbbaf060:192.168.5.184:44716] returns group-D50CC2FA0BA1:java.util.concurrent.CompletableFuture@471fb659[Not completed]
2019-08-21 09:30:39,420 [pool-124-thread-1] INFO  impl.RaftServerImpl (RaftServerImpl.java:<init>(93)) - 08261258-4556-48ae-a229-db40bbbaf060: new RaftServerImpl for group-D50CC2FA0BA1:[08261258-4556-48ae-a229-db40bbbaf060:192.168.5.184:44716] with ContainerStateMachine:uninitialized
2019-08-21 09:30:39,422 [pool-124-thread-1] INFO  server.RaftServerConfigKeys (ConfUtils.java:logGet(43)) - raft.server.rpc.timeout.min = 5s (custom)
2019-08-21 09:30:39,422 [pool-124-thread-1] INFO  server.RaftServerConfigKeys (ConfUtils.java:logGet(43)) - raft.server.rpc.timeout.max = 5200ms (custom)
2019-08-21 09:30:39,422 [pool-124-thread-1] INFO  server.RaftServerConfigKeys (ConfUtils.java:logGet(43)) - raft.server.rpcslowness.timeout = 120s (custom)
2019-08-21 09:30:39,422 [pool-124-thread-1] INFO  server.RaftServerConfigKeys (ConfUtils.java:logGet(43)) - raft.server.sleep.deviation.threshold = 300 (default)
2019-08-21 09:30:39,422 [pool-124-thread-1] INFO  server.RaftServerConfigKeys (ConfUtils.java:logGet(43)) - raft.server.log.appender.install.snapshot.enabled = false (custom)
2019-08-21 09:30:39,423 [pool-124-thread-1] INFO  impl.RaftServerImpl (ServerState.java:<init>(105)) - 08261258-4556-48ae-a229-db40bbbaf060:group-D50CC2FA0BA1 ConfigurationManager, init=-1: [08261258-4556-48ae-a229-db40bbbaf060:192.168.5.184:44716], old=null, confs=<EMPTY_MAP>
2019-08-21 09:30:39,423 [pool-124-thread-1] INFO  server.RaftServerConfigKeys (ConfUtils.java:logGet(43)) - raft.server.storage.dir = [/workdir/hadoop-ozone/integration-test/target/test-dir/MiniOzoneClusterImpl-33ae4b10-f24f-4466-94ae-5d1d58110502/datanode-1/data/ratis] (custom)
2019-08-21 09:30:39,423 [pool-124-thread-1] INFO  storage.RaftStorageDirectory (RaftStorageDirectory.java:analyzeStorage(246)) - The storage directory /workdir/hadoop-ozone/integration-test/target/test-dir/MiniOzoneClusterImpl-33ae4b10-f24f-4466-94ae-5d1d58110502/datanode-1/data/ratis/bf15aef7-74b6-459e-a6ae-d50cc2fa0ba1 does not exist. Creating ...
2019-08-21 09:30:39,436 [pool-124-thread-1] INFO  storage.RaftStorageDirectory (RaftStorageDirectory.java:tryLock(328)) - Lock on /workdir/hadoop-ozone/integration-test/target/test-dir/MiniOzoneClusterImpl-33ae4b10-f24f-4466-94ae-5d1d58110502/datanode-1/data/ratis/bf15aef7-74b6-459e-a6ae-d50cc2fa0ba1/in_use.lock acquired by nodename 2538@pr-hdds-1935-xjqtc-1107137857
2019-08-21 09:30:39,450 [pool-124-thread-1] INFO  storage.RaftStorage (RaftStorage.java:format(72)) - Storage directory /workdir/hadoop-ozone/integration-test/target/test-dir/MiniOzoneClusterImpl-33ae4b10-f24f-4466-94ae-5d1d58110502/datanode-1/data/ratis/bf15aef7-74b6-459e-a6ae-d50cc2fa0ba1 has been successfully formatted.
2019-08-21 09:30:39,450 [pool-124-thread-1] INFO  ratis.ContainerStateMachine (ContainerStateMachine.java:loadSnapshot(226)) - group-D50CC2FA0BA1: The snapshot info is null. Setting the last applied indexto:(t:0, i:~)
2019-08-21 09:30:39,450 [pool-124-thread-1] INFO  server.RaftServerConfigKeys (ConfUtils.java:logGet(43)) - raft.server.leader.election.timeout = 120s (custom)
2019-08-21 09:30:39,451 [pool-124-thread-1] INFO  server.RaftServerConfigKeys (ConfUtils.java:logGet(43)) - raft.server.log.use.memory = false (default)
2019-08-21 09:30:39,451 [pool-124-thread-1] INFO  server.RaftServerConfigKeys (ConfUtils.java:logGet(43)) - raft.server.log.purge.gap = 1000000 (custom)
2019-08-21 09:30:39,451 [pool-124-thread-1] INFO  server.RaftServerConfigKeys (ConfUtils.java:logGet(43)) - raft.server.log.appender.buffer.byte-limit = 33554432 (custom)
2019-08-21 09:30:39,451 [pool-124-thread-1] INFO  server.RaftServerConfigKeys (ConfUtils.java:logGet(43)) - raft.server.log.segment.size.max = 1048576 (custom)
2019-08-21 09:30:39,451 [pool-124-thread-1] INFO  server.RaftServerConfigKeys (ConfUtils.java:logGet(43)) - raft.server.log.segment.cache.num.max = 2 (custom)
2019-08-21 09:30:39,452 [pool-124-thread-1] INFO  segmented.SegmentedRaftLogWorker (SegmentedRaftLogWorker.java:<init>(172)) - new 08261258-4556-48ae-a229-db40bbbaf060-SegmentedRaftLogWorker:Storage Directory /workdir/hadoop-ozone/integration-test/target/test-dir/MiniOzoneClusterImpl-33ae4b10-f24f-4466-94ae-5d1d58110502/datanode-1/data/ratis/bf15aef7-74b6-459e-a6ae-d50cc2fa0ba1 for RaftStorage:Storage Directory /workdir/hadoop-ozone/integration-test/target/test-dir/MiniOzoneClusterImpl-33ae4b10-f24f-4466-94ae-5d1d58110502/datanode-1/data/ratis/bf15aef7-74b6-459e-a6ae-d50cc2fa0ba1
2019-08-21 09:30:39,452 [pool-124-thread-1] INFO  server.RaftServerConfigKeys (ConfUtils.java:logGet(43)) - raft.server.log.queue.byte-limit = 2147483647 (custom)
2019-08-21 09:30:39,452 [pool-124-thread-1] INFO  server.RaftServerConfigKeys (ConfUtils.java:logGet(43)) - raft.server.log.queue.element-limit = 1024 (custom)
2019-08-21 09:30:39,452 [pool-124-thread-1] INFO  server.RaftServerConfigKeys (ConfUtils.java:logGet(43)) - raft.server.log.segment.size.max = 1048576 (custom)
2019-08-21 09:30:39,453 [pool-124-thread-1] INFO  server.RaftServerConfigKeys (ConfUtils.java:logGet(43)) - raft.server.log.preallocated.size = 16384 (custom)
2019-08-21 09:30:39,453 [pool-124-thread-1] INFO  server.RaftServerConfigKeys (ConfUtils.java:logGet(43)) - raft.server.log.write.buffer.size = 33554432 (custom)
2019-08-21 09:30:39,453 [pool-124-thread-1] INFO  server.RaftServerConfigKeys (ConfUtils.java:logGet(43)) - raft.server.log.force.sync.num = 128 (default)
2019-08-21 09:30:39,453 [pool-124-thread-1] INFO  server.RaftServerConfigKeys (ConfUtils.java:logGet(43)) - raft.server.log.statemachine.data.sync = true (default)
2019-08-21 09:30:39,453 [pool-124-thread-1] INFO  server.RaftServerConfigKeys (ConfUtils.java:logGet(43)) - raft.server.log.statemachine.data.sync.timeout = 10s (default)
2019-08-21 09:30:39,453 [pool-124-thread-1] INFO  server.RaftServerConfigKeys (ConfUtils.java:logGet(43)) - raft.server.log.statemachine.data.sync.timeout.retry = -1 (default)
2019-08-21 09:30:39,454 [pool-124-thread-1] INFO  server.RaftServerConfigKeys (ConfUtils.java:logGet(43)) - raft.server.log.statemachine.data.caching.enabled = true (custom)
2019-08-21 09:30:39,454 [pool-124-thread-1] INFO  segmented.SegmentedRaftLogWorker (SegmentedRaftLogWorker.java:lambda$new$0(132)) - 08261258-4556-48ae-a229-db40bbbaf060-SegmentedRaftLogWorker:Storage Directory /workdir/hadoop-ozone/integration-test/target/test-dir/MiniOzoneClusterImpl-33ae4b10-f24f-4466-94ae-5d1d58110502/datanode-1/data/ratis/bf15aef7-74b6-459e-a6ae-d50cc2fa0ba1: flushIndex: setUnconditionally 0 -> -1
2019-08-21 09:30:39,455 [pool-124-thread-1] INFO  server.RaftServerConfigKeys (ConfUtils.java:logGet(43)) - raft.server.snapshot.auto.trigger.enabled = true (custom)
2019-08-21 09:30:39,455 [pool-124-thread-1] INFO  server.RaftServerConfigKeys (ConfUtils.java:logGet(43)) - raft.server.snapshot.auto.trigger.threshold = 10000 (custom)
2019-08-21 09:30:39,455 [pool-124-thread-1] INFO  server.RaftServerConfigKeys (ConfUtils.java:logGet(43)) - raft.server.retrycache.expirytime = 600000ms (custom)
2019-08-21 09:30:39,455 [pool-124-thread-1] INFO  impl.RaftServerImpl (RaftServerImpl.java:start(180)) - 08261258-4556-48ae-a229-db40bbbaf060: start group-D50CC2FA0BA1
2019-08-21 09:30:39,456 [pool-124-thread-1] INFO  impl.RaftServerImpl (RaftServerImpl.java:setRole(171)) - 08261258-4556-48ae-a229-db40bbbaf060:group-D50CC2FA0BA1 changes role from null to FOLLOWER at term 0 for startAsFollower
2019-08-21 09:30:39,456 [pool-124-thread-1] INFO  impl.RoleInfo (RoleInfo.java:updateAndGet(143)) - 08261258-4556-48ae-a229-db40bbbaf060: start FollowerState
2019-08-21 09:30:39,462 [pool-124-thread-1] INFO  util.JmxRegister (JmxRegister.java:tryRegister(44)) - Successfully registered JMX Bean with object name Ratis:service=RaftServer,group=group-D50CC2FA0BA1,id=08261258-4556-48ae-a229-db40bbbaf060
2019-08-21 09:30:39,471 [RatisPipelineUtilsThread] INFO  pipeline.PipelineStateManager (PipelineStateManager.java:addPipeline(56)) - Created pipeline Pipeline[ Id: bf15aef7-74b6-459e-a6ae-d50cc2fa0ba1, Nodes: 08261258-4556-48ae-a229-db40bbbaf060{ip: 192.168.5.184, host: pr-hdds-1935-xjqtc-1107137857, networkLocation: /default-rack, certSerialId: null}, Type:RATIS, Factor:ONE, State:OPEN]
2019-08-21 09:30:39,579 [Thread-324] INFO  ozone.MiniOzoneClusterImpl (MiniOzoneClusterImpl.java:lambda$waitForClusterToBeReady$0(142)) - Waiting for cluster to be ready. Got 2 of 3 DN Heartbeats.
2019-08-21 09:30:39,582 [IPC Server handler 3 on 34768] INFO  net.NetworkTopology (NetworkTopologyImpl.java:add(110)) - Added a new node: /default-rack/59741f75-dde0-4aa7-9839-4fef31d8a6cb
2019-08-21 09:30:39,582 [IPC Server handler 3 on 34768] INFO  node.SCMNodeManager (SCMNodeManager.java:register(266)) - Registered Data node : 59741f75-dde0-4aa7-9839-4fef31d8a6cb{ip: 192.168.5.184, host: pr-hdds-1935-xjqtc-1107137857, networkLocation: /default-rack, certSerialId: null}
2019-08-21 09:30:39,582 | INFO  | SCMAudit | user=jenkins1000 | ip=192.168.5.184 | op=REGISTER {datanodeDetails=59741f75-dde0-4aa7-9839-4fef31d8a6cb{ip: 192.168.5.184, host: pr-hdds-1935-xjqtc-1107137857, networkLocation: /default-rack, certSerialId: null}} | ret=SUCCESS |  
2019-08-21 09:30:39,594 [grpc-default-executor-0] INFO  impl.RaftServerProxy (RaftServerProxy.java:addNew(89)) - 59741f75-dde0-4aa7-9839-4fef31d8a6cb: addNew group-9AC9CD14A056:[59741f75-dde0-4aa7-9839-4fef31d8a6cb:192.168.5.184:37972] returns group-9AC9CD14A056:java.util.concurrent.CompletableFuture@660c56ad[Not completed]
2019-08-21 09:30:39,596 [pool-135-thread-1] INFO  impl.RaftServerImpl (RaftServerImpl.java:<init>(93)) - 59741f75-dde0-4aa7-9839-4fef31d8a6cb: new RaftServerImpl for group-9AC9CD14A056:[59741f75-dde0-4aa7-9839-4fef31d8a6cb:192.168.5.184:37972] with ContainerStateMachine:uninitialized
2019-08-21 09:30:39,597 [pool-135-thread-1] INFO  server.RaftServerConfigKeys (ConfUtils.java:logGet(43)) - raft.server.rpc.timeout.min = 5s (custom)
2019-08-21 09:30:39,598 [pool-135-thread-1] INFO  server.RaftServerConfigKeys (ConfUtils.java:logGet(43)) - raft.server.rpc.timeout.max = 5200ms (custom)
2019-08-21 09:30:39,598 [pool-135-thread-1] INFO  server.RaftServerConfigKeys (ConfUtils.java:logGet(43)) - raft.server.rpcslowness.timeout = 120s (custom)
2019-08-21 09:30:39,598 [pool-135-thread-1] INFO  server.RaftServerConfigKeys (ConfUtils.java:logGet(43)) - raft.server.sleep.deviation.threshold = 300 (default)
2019-08-21 09:30:39,598 [pool-135-thread-1] INFO  server.RaftServerConfigKeys (ConfUtils.java:logGet(43)) - raft.server.log.appender.install.snapshot.enabled = false (custom)
2019-08-21 09:30:39,598 [pool-135-thread-1] INFO  impl.RaftServerImpl (ServerState.java:<init>(105)) - 59741f75-dde0-4aa7-9839-4fef31d8a6cb:group-9AC9CD14A056 ConfigurationManager, init=-1: [59741f75-dde0-4aa7-9839-4fef31d8a6cb:192.168.5.184:37972], old=null, confs=<EMPTY_MAP>
2019-08-21 09:30:39,598 [pool-135-thread-1] INFO  server.RaftServerConfigKeys (ConfUtils.java:logGet(43)) - raft.server.storage.dir = [/workdir/hadoop-ozone/integration-test/target/test-dir/MiniOzoneClusterImpl-33ae4b10-f24f-4466-94ae-5d1d58110502/datanode-2/data/ratis] (custom)
2019-08-21 09:30:39,599 [pool-135-thread-1] INFO  storage.RaftStorageDirectory (RaftStorageDirectory.java:analyzeStorage(246)) - The storage directory /workdir/hadoop-ozone/integration-test/target/test-dir/MiniOzoneClusterImpl-33ae4b10-f24f-4466-94ae-5d1d58110502/datanode-2/data/ratis/87bc7c79-2020-4e68-9ebc-9ac9cd14a056 does not exist. Creating ...
2019-08-21 09:30:39,612 [pool-135-thread-1] INFO  storage.RaftStorageDirectory (RaftStorageDirectory.java:tryLock(328)) - Lock on /workdir/hadoop-ozone/integration-test/target/test-dir/MiniOzoneClusterImpl-33ae4b10-f24f-4466-94ae-5d1d58110502/datanode-2/data/ratis/87bc7c79-2020-4e68-9ebc-9ac9cd14a056/in_use.lock acquired by nodename 2538@pr-hdds-1935-xjqtc-1107137857
2019-08-21 09:30:39,625 [pool-135-thread-1] INFO  storage.RaftStorage (RaftStorage.java:format(72)) - Storage directory /workdir/hadoop-ozone/integration-test/target/test-dir/MiniOzoneClusterImpl-33ae4b10-f24f-4466-94ae-5d1d58110502/datanode-2/data/ratis/87bc7c79-2020-4e68-9ebc-9ac9cd14a056 has been successfully formatted.
2019-08-21 09:30:39,625 [pool-135-thread-1] INFO  ratis.ContainerStateMachine (ContainerStateMachine.java:loadSnapshot(226)) - group-9AC9CD14A056: The snapshot info is null. Setting the last applied indexto:(t:0, i:~)
2019-08-21 09:30:39,625 [pool-135-thread-1] INFO  server.RaftServerConfigKeys (ConfUtils.java:logGet(43)) - raft.server.leader.election.timeout = 120s (custom)
2019-08-21 09:30:39,625 [pool-135-thread-1] INFO  server.RaftServerConfigKeys (ConfUtils.java:logGet(43)) - raft.server.log.use.memory = false (default)
2019-08-21 09:30:39,625 [pool-135-thread-1] INFO  server.RaftServerConfigKeys (ConfUtils.java:logGet(43)) - raft.server.log.purge.gap = 1000000 (custom)
2019-08-21 09:30:39,626 [pool-135-thread-1] INFO  server.RaftServerConfigKeys (ConfUtils.java:logGet(43)) - raft.server.log.appender.buffer.byte-limit = 33554432 (custom)
2019-08-21 09:30:39,626 [pool-135-thread-1] INFO  server.RaftServerConfigKeys (ConfUtils.java:logGet(43)) - raft.server.log.segment.size.max = 1048576 (custom)
2019-08-21 09:30:39,626 [pool-135-thread-1] INFO  server.RaftServerConfigKeys (ConfUtils.java:logGet(43)) - raft.server.log.segment.cache.num.max = 2 (custom)
2019-08-21 09:30:39,626 [pool-135-thread-1] INFO  segmented.SegmentedRaftLogWorker (SegmentedRaftLogWorker.java:<init>(172)) - new 59741f75-dde0-4aa7-9839-4fef31d8a6cb-SegmentedRaftLogWorker:Storage Directory /workdir/hadoop-ozone/integration-test/target/test-dir/MiniOzoneClusterImpl-33ae4b10-f24f-4466-94ae-5d1d58110502/datanode-2/data/ratis/87bc7c79-2020-4e68-9ebc-9ac9cd14a056 for RaftStorage:Storage Directory /workdir/hadoop-ozone/integration-test/target/test-dir/MiniOzoneClusterImpl-33ae4b10-f24f-4466-94ae-5d1d58110502/datanode-2/data/ratis/87bc7c79-2020-4e68-9ebc-9ac9cd14a056
2019-08-21 09:30:39,626 [pool-135-thread-1] INFO  server.RaftServerConfigKeys (ConfUtils.java:logGet(43)) - raft.server.log.queue.byte-limit = 2147483647 (custom)
2019-08-21 09:30:39,626 [pool-135-thread-1] INFO  server.RaftServerConfigKeys (ConfUtils.java:logGet(43)) - raft.server.log.queue.element-limit = 1024 (custom)
2019-08-21 09:30:39,627 [pool-135-thread-1] INFO  server.RaftServerConfigKeys (ConfUtils.java:logGet(43)) - raft.server.log.segment.size.max = 1048576 (custom)
2019-08-21 09:30:39,627 [pool-135-thread-1] INFO  server.RaftServerConfigKeys (ConfUtils.java:logGet(43)) - raft.server.log.preallocated.size = 16384 (custom)
2019-08-21 09:30:39,627 [pool-135-thread-1] INFO  server.RaftServerConfigKeys (ConfUtils.java:logGet(43)) - raft.server.log.write.buffer.size = 33554432 (custom)
2019-08-21 09:30:39,627 [pool-135-thread-1] INFO  server.RaftServerConfigKeys (ConfUtils.java:logGet(43)) - raft.server.log.force.sync.num = 128 (default)
2019-08-21 09:30:39,627 [pool-135-thread-1] INFO  server.RaftServerConfigKeys (ConfUtils.java:logGet(43)) - raft.server.log.statemachine.data.sync = true (default)
2019-08-21 09:30:39,628 [pool-135-thread-1] INFO  server.RaftServerConfigKeys (ConfUtils.java:logGet(43)) - raft.server.log.statemachine.data.sync.timeout = 10s (default)
2019-08-21 09:30:39,628 [pool-135-thread-1] INFO  server.RaftServerConfigKeys (ConfUtils.java:logGet(43)) - raft.server.log.statemachine.data.sync.timeout.retry = -1 (default)
2019-08-21 09:30:39,628 [pool-135-thread-1] INFO  server.RaftServerConfigKeys (ConfUtils.java:logGet(43)) - raft.server.log.statemachine.data.caching.enabled = true (custom)
2019-08-21 09:30:39,629 [pool-135-thread-1] INFO  segmented.SegmentedRaftLogWorker (SegmentedRaftLogWorker.java:lambda$new$0(132)) - 59741f75-dde0-4aa7-9839-4fef31d8a6cb-SegmentedRaftLogWorker:Storage Directory /workdir/hadoop-ozone/integration-test/target/test-dir/MiniOzoneClusterImpl-33ae4b10-f24f-4466-94ae-5d1d58110502/datanode-2/data/ratis/87bc7c79-2020-4e68-9ebc-9ac9cd14a056: flushIndex: setUnconditionally 0 -> -1
2019-08-21 09:30:39,629 [pool-135-thread-1] INFO  server.RaftServerConfigKeys (ConfUtils.java:logGet(43)) - raft.server.snapshot.auto.trigger.enabled = true (custom)
2019-08-21 09:30:39,629 [pool-135-thread-1] INFO  server.RaftServerConfigKeys (ConfUtils.java:logGet(43)) - raft.server.snapshot.auto.trigger.threshold = 10000 (custom)
2019-08-21 09:30:39,629 [pool-135-thread-1] INFO  server.RaftServerConfigKeys (ConfUtils.java:logGet(43)) - raft.server.retrycache.expirytime = 600000ms (custom)
2019-08-21 09:30:39,630 [pool-135-thread-1] INFO  impl.RaftServerImpl (RaftServerImpl.java:start(180)) - 59741f75-dde0-4aa7-9839-4fef31d8a6cb: start group-9AC9CD14A056
2019-08-21 09:30:39,630 [pool-135-thread-1] INFO  impl.RaftServerImpl (RaftServerImpl.java:setRole(171)) - 59741f75-dde0-4aa7-9839-4fef31d8a6cb:group-9AC9CD14A056 changes role from null to FOLLOWER at term 0 for startAsFollower
2019-08-21 09:30:39,630 [pool-135-thread-1] INFO  impl.RoleInfo (RoleInfo.java:updateAndGet(143)) - 59741f75-dde0-4aa7-9839-4fef31d8a6cb: start FollowerState
2019-08-21 09:30:39,630 [pool-135-thread-1] INFO  util.JmxRegister (JmxRegister.java:tryRegister(44)) - Successfully registered JMX Bean with object name Ratis:service=RaftServer,group=group-9AC9CD14A056,id=59741f75-dde0-4aa7-9839-4fef31d8a6cb
2019-08-21 09:30:39,636 [RatisPipelineUtilsThread] INFO  pipeline.PipelineStateManager (PipelineStateManager.java:addPipeline(56)) - Created pipeline Pipeline[ Id: 87bc7c79-2020-4e68-9ebc-9ac9cd14a056, Nodes: 59741f75-dde0-4aa7-9839-4fef31d8a6cb{ip: 192.168.5.184, host: pr-hdds-1935-xjqtc-1107137857, networkLocation: /default-rack, certSerialId: null}, Type:RATIS, Factor:ONE, State:OPEN]
2019-08-21 09:30:39,656 [grpc-default-executor-1] INFO  impl.RaftServerProxy (RaftServerProxy.java:addNew(89)) - 59741f75-dde0-4aa7-9839-4fef31d8a6cb: addNew group-EB942AFDCBD7:[08261258-4556-48ae-a229-db40bbbaf060:192.168.5.184:44716, 1e27fcfb-c104-4324-889c-430876b01a3a:192.168.5.184:42282, 59741f75-dde0-4aa7-9839-4fef31d8a6cb:192.168.5.184:37972] returns group-EB942AFDCBD7:java.util.concurrent.CompletableFuture@4291d1e8[Not completed]
2019-08-21 09:30:39,659 [grpc-default-executor-1] INFO  impl.RaftServerProxy (RaftServerProxy.java:addNew(89)) - 1e27fcfb-c104-4324-889c-430876b01a3a: addNew group-EB942AFDCBD7:[08261258-4556-48ae-a229-db40bbbaf060:192.168.5.184:44716, 1e27fcfb-c104-4324-889c-430876b01a3a:192.168.5.184:42282, 59741f75-dde0-4aa7-9839-4fef31d8a6cb:192.168.5.184:37972] returns group-EB942AFDCBD7:java.util.concurrent.CompletableFuture@22b90ce[Not completed]
2019-08-21 09:30:39,659 [grpc-default-executor-0] INFO  impl.RaftServerProxy (RaftServerProxy.java:addNew(89)) - 08261258-4556-48ae-a229-db40bbbaf060: addNew group-EB942AFDCBD7:[08261258-4556-48ae-a229-db40bbbaf060:192.168.5.184:44716, 1e27fcfb-c104-4324-889c-430876b01a3a:192.168.5.184:42282, 59741f75-dde0-4aa7-9839-4fef31d8a6cb:192.168.5.184:37972] returns group-EB942AFDCBD7:java.util.concurrent.CompletableFuture@1e556c56[Not completed]
2019-08-21 09:30:39,660 [pool-135-thread-1] INFO  impl.RaftServerImpl (RaftServerImpl.java:<init>(93)) - 59741f75-dde0-4aa7-9839-4fef31d8a6cb: new RaftServerImpl for group-EB942AFDCBD7:[08261258-4556-48ae-a229-db40bbbaf060:192.168.5.184:44716, 1e27fcfb-c104-4324-889c-430876b01a3a:192.168.5.184:42282, 59741f75-dde0-4aa7-9839-4fef31d8a6cb:192.168.5.184:37972] with ContainerStateMachine:uninitialized
2019-08-21 09:30:39,660 [pool-135-thread-1] INFO  server.RaftServerConfigKeys (ConfUtils.java:logGet(43)) - raft.server.rpc.timeout.min = 5s (custom)
2019-08-21 09:30:39,660 [pool-135-thread-1] INFO  server.RaftServerConfigKeys (ConfUtils.java:logGet(43)) - raft.server.rpc.timeout.max = 5200ms (custom)
2019-08-21 09:30:39,660 [pool-135-thread-1] INFO  server.RaftServerConfigKeys (ConfUtils.java:logGet(43)) - raft.server.rpcslowness.timeout = 120s (custom)
2019-08-21 09:30:39,660 [pool-135-thread-1] INFO  server.RaftServerConfigKeys (ConfUtils.java:logGet(43)) - raft.server.sleep.deviation.threshold = 300 (default)
2019-08-21 09:30:39,661 [pool-113-thread-1] INFO  impl.RaftServerImpl (RaftServerImpl.java:<init>(93)) - 1e27fcfb-c104-4324-889c-430876b01a3a: new RaftServerImpl for group-EB942AFDCBD7:[08261258-4556-48ae-a229-db40bbbaf060:192.168.5.184:44716, 1e27fcfb-c104-4324-889c-430876b01a3a:192.168.5.184:42282, 59741f75-dde0-4aa7-9839-4fef31d8a6cb:192.168.5.184:37972] with ContainerStateMachine:uninitialized
2019-08-21 09:30:39,661 [pool-135-thread-1] INFO  server.RaftServerConfigKeys (ConfUtils.java:logGet(43)) - raft.server.log.appender.install.snapshot.enabled = false (custom)
2019-08-21 09:30:39,661 [pool-113-thread-1] INFO  server.RaftServerConfigKeys (ConfUtils.java:logGet(43)) - raft.server.rpc.timeout.min = 5s (custom)
2019-08-21 09:30:39,661 [pool-135-thread-1] INFO  impl.RaftServerImpl (ServerState.java:<init>(105)) - 59741f75-dde0-4aa7-9839-4fef31d8a6cb:group-EB942AFDCBD7 ConfigurationManager, init=-1: [08261258-4556-48ae-a229-db40bbbaf060:192.168.5.184:44716, 1e27fcfb-c104-4324-889c-430876b01a3a:192.168.5.184:42282, 59741f75-dde0-4aa7-9839-4fef31d8a6cb:192.168.5.184:37972], old=null, confs=<EMPTY_MAP>
2019-08-21 09:30:39,661 [pool-113-thread-1] INFO  server.RaftServerConfigKeys (ConfUtils.java:logGet(43)) - raft.server.rpc.timeout.max = 5200ms (custom)
2019-08-21 09:30:39,661 [pool-135-thread-1] INFO  server.RaftServerConfigKeys (ConfUtils.java:logGet(43)) - raft.server.storage.dir = [/workdir/hadoop-ozone/integration-test/target/test-dir/MiniOzoneClusterImpl-33ae4b10-f24f-4466-94ae-5d1d58110502/datanode-2/data/ratis] (custom)
2019-08-21 09:30:39,661 [pool-113-thread-1] INFO  server.RaftServerConfigKeys (ConfUtils.java:logGet(43)) - raft.server.rpcslowness.timeout = 120s (custom)
2019-08-21 09:30:39,662 [pool-124-thread-1] INFO  impl.RaftServerImpl (RaftServerImpl.java:<init>(93)) - 08261258-4556-48ae-a229-db40bbbaf060: new RaftServerImpl for group-EB942AFDCBD7:[08261258-4556-48ae-a229-db40bbbaf060:192.168.5.184:44716, 1e27fcfb-c104-4324-889c-430876b01a3a:192.168.5.184:42282, 59741f75-dde0-4aa7-9839-4fef31d8a6cb:192.168.5.184:37972] with ContainerStateMachine:uninitialized
2019-08-21 09:30:39,662 [pool-135-thread-1] INFO  storage.RaftStorageDirectory (RaftStorageDirectory.java:analyzeStorage(246)) - The storage directory /workdir/hadoop-ozone/integration-test/target/test-dir/MiniOzoneClusterImpl-33ae4b10-f24f-4466-94ae-5d1d58110502/datanode-2/data/ratis/51c9435d-115b-480c-af95-eb942afdcbd7 does not exist. Creating ...
2019-08-21 09:30:39,662 [pool-113-thread-1] INFO  server.RaftServerConfigKeys (ConfUtils.java:logGet(43)) - raft.server.sleep.deviation.threshold = 300 (default)
2019-08-21 09:30:39,662 [pool-124-thread-1] INFO  server.RaftServerConfigKeys (ConfUtils.java:logGet(43)) - raft.server.rpc.timeout.min = 5s (custom)
2019-08-21 09:30:39,662 [pool-113-thread-1] INFO  server.RaftServerConfigKeys (ConfUtils.java:logGet(43)) - raft.server.log.appender.install.snapshot.enabled = false (custom)
2019-08-21 09:30:39,662 [pool-124-thread-1] INFO  server.RaftServerConfigKeys (ConfUtils.java:logGet(43)) - raft.server.rpc.timeout.max = 5200ms (custom)
2019-08-21 09:30:39,662 [pool-113-thread-1] INFO  impl.RaftServerImpl (ServerState.java:<init>(105)) - 1e27fcfb-c104-4324-889c-430876b01a3a:group-EB942AFDCBD7 ConfigurationManager, init=-1: [08261258-4556-48ae-a229-db40bbbaf060:192.168.5.184:44716, 1e27fcfb-c104-4324-889c-430876b01a3a:192.168.5.184:42282, 59741f75-dde0-4aa7-9839-4fef31d8a6cb:192.168.5.184:37972], old=null, confs=<EMPTY_MAP>
2019-08-21 09:30:39,662 [pool-124-thread-1] INFO  server.RaftServerConfigKeys (ConfUtils.java:logGet(43)) - raft.server.rpcslowness.timeout = 120s (custom)
2019-08-21 09:30:39,663 [pool-113-thread-1] INFO  server.RaftServerConfigKeys (ConfUtils.java:logGet(43)) - raft.server.storage.dir = [/workdir/hadoop-ozone/integration-test/target/test-dir/MiniOzoneClusterImpl-33ae4b10-f24f-4466-94ae-5d1d58110502/datanode-0/data/ratis] (custom)
2019-08-21 09:30:39,663 [pool-124-thread-1] INFO  server.RaftServerConfigKeys (ConfUtils.java:logGet(43)) - raft.server.sleep.deviation.threshold = 300 (default)
2019-08-21 09:30:39,663 [pool-124-thread-1] INFO  server.RaftServerConfigKeys (ConfUtils.java:logGet(43)) - raft.server.log.appender.install.snapshot.enabled = false (custom)
2019-08-21 09:30:39,663 [pool-113-thread-1] INFO  storage.RaftStorageDirectory (RaftStorageDirectory.java:analyzeStorage(246)) - The storage directory /workdir/hadoop-ozone/integration-test/target/test-dir/MiniOzoneClusterImpl-33ae4b10-f24f-4466-94ae-5d1d58110502/datanode-0/data/ratis/51c9435d-115b-480c-af95-eb942afdcbd7 does not exist. Creating ...
2019-08-21 09:30:39,663 [pool-124-thread-1] INFO  impl.RaftServerImpl (ServerState.java:<init>(105)) - 08261258-4556-48ae-a229-db40bbbaf060:group-EB942AFDCBD7 ConfigurationManager, init=-1: [08261258-4556-48ae-a229-db40bbbaf060:192.168.5.184:44716, 1e27fcfb-c104-4324-889c-430876b01a3a:192.168.5.184:42282, 59741f75-dde0-4aa7-9839-4fef31d8a6cb:192.168.5.184:37972], old=null, confs=<EMPTY_MAP>
2019-08-21 09:30:39,664 [pool-124-thread-1] INFO  server.RaftServerConfigKeys (ConfUtils.java:logGet(43)) - raft.server.storage.dir = [/workdir/hadoop-ozone/integration-test/target/test-dir/MiniOzoneClusterImpl-33ae4b10-f24f-4466-94ae-5d1d58110502/datanode-1/data/ratis] (custom)
2019-08-21 09:30:39,664 [pool-124-thread-1] INFO  storage.RaftStorageDirectory (RaftStorageDirectory.java:analyzeStorage(246)) - The storage directory /workdir/hadoop-ozone/integration-test/target/test-dir/MiniOzoneClusterImpl-33ae4b10-f24f-4466-94ae-5d1d58110502/datanode-1/data/ratis/51c9435d-115b-480c-af95-eb942afdcbd7 does not exist. Creating ...
2019-08-21 09:30:39,675 [pool-124-thread-1] INFO  storage.RaftStorageDirectory (RaftStorageDirectory.java:tryLock(328)) - Lock on /workdir/hadoop-ozone/integration-test/target/test-dir/MiniOzoneClusterImpl-33ae4b10-f24f-4466-94ae-5d1d58110502/datanode-1/data/ratis/51c9435d-115b-480c-af95-eb942afdcbd7/in_use.lock acquired by nodename 2538@pr-hdds-1935-xjqtc-1107137857
2019-08-21 09:30:39,675 [pool-113-thread-1] INFO  storage.RaftStorageDirectory (RaftStorageDirectory.java:tryLock(328)) - Lock on /workdir/hadoop-ozone/integration-test/target/test-dir/MiniOzoneClusterImpl-33ae4b10-f24f-4466-94ae-5d1d58110502/datanode-0/data/ratis/51c9435d-115b-480c-af95-eb942afdcbd7/in_use.lock acquired by nodename 2538@pr-hdds-1935-xjqtc-1107137857
2019-08-21 09:30:39,675 [pool-135-thread-1] INFO  storage.RaftStorageDirectory (RaftStorageDirectory.java:tryLock(328)) - Lock on /workdir/hadoop-ozone/integration-test/target/test-dir/MiniOzoneClusterImpl-33ae4b10-f24f-4466-94ae-5d1d58110502/datanode-2/data/ratis/51c9435d-115b-480c-af95-eb942afdcbd7/in_use.lock acquired by nodename 2538@pr-hdds-1935-xjqtc-1107137857
2019-08-21 09:30:39,689 [pool-135-thread-1] INFO  storage.RaftStorage (RaftStorage.java:format(72)) - Storage directory /workdir/hadoop-ozone/integration-test/target/test-dir/MiniOzoneClusterImpl-33ae4b10-f24f-4466-94ae-5d1d58110502/datanode-2/data/ratis/51c9435d-115b-480c-af95-eb942afdcbd7 has been successfully formatted.
2019-08-21 09:30:39,689 [pool-124-thread-1] INFO  storage.RaftStorage (RaftStorage.java:format(72)) - Storage directory /workdir/hadoop-ozone/integration-test/target/test-dir/MiniOzoneClusterImpl-33ae4b10-f24f-4466-94ae-5d1d58110502/datanode-1/data/ratis/51c9435d-115b-480c-af95-eb942afdcbd7 has been successfully formatted.
2019-08-21 09:30:39,689 [pool-113-thread-1] INFO  storage.RaftStorage (RaftStorage.java:format(72)) - Storage directory /workdir/hadoop-ozone/integration-test/target/test-dir/MiniOzoneClusterImpl-33ae4b10-f24f-4466-94ae-5d1d58110502/datanode-0/data/ratis/51c9435d-115b-480c-af95-eb942afdcbd7 has been successfully formatted.
2019-08-21 09:30:39,689 [pool-135-thread-1] INFO  ratis.ContainerStateMachine (ContainerStateMachine.java:loadSnapshot(226)) - group-EB942AFDCBD7: The snapshot info is null. Setting the last applied indexto:(t:0, i:~)
2019-08-21 09:30:39,689 [pool-113-thread-1] INFO  ratis.ContainerStateMachine (ContainerStateMachine.java:loadSnapshot(226)) - group-EB942AFDCBD7: The snapshot info is null. Setting the last applied indexto:(t:0, i:~)
2019-08-21 09:30:39,689 [pool-124-thread-1] INFO  ratis.ContainerStateMachine (ContainerStateMachine.java:loadSnapshot(226)) - group-EB942AFDCBD7: The snapshot info is null. Setting the last applied indexto:(t:0, i:~)
2019-08-21 09:30:39,690 [pool-113-thread-1] INFO  server.RaftServerConfigKeys (ConfUtils.java:logGet(43)) - raft.server.leader.election.timeout = 120s (custom)
2019-08-21 09:30:39,690 [pool-135-thread-1] INFO  server.RaftServerConfigKeys (ConfUtils.java:logGet(43)) - raft.server.leader.election.timeout = 120s (custom)
2019-08-21 09:30:39,690 [pool-113-thread-1] INFO  server.RaftServerConfigKeys (ConfUtils.java:logGet(43)) - raft.server.log.use.memory = false (default)
2019-08-21 09:30:39,690 [pool-124-thread-1] INFO  server.RaftServerConfigKeys (ConfUtils.java:logGet(43)) - raft.server.leader.election.timeout = 120s (custom)
2019-08-21 09:30:39,690 [pool-113-thread-1] INFO  server.RaftServerConfigKeys (ConfUtils.java:logGet(43)) - raft.server.log.purge.gap = 1000000 (custom)
2019-08-21 09:30:39,690 [pool-135-thread-1] INFO  server.RaftServerConfigKeys (ConfUtils.java:logGet(43)) - raft.server.log.use.memory = false (default)
2019-08-21 09:30:39,690 [pool-113-thread-1] INFO  server.RaftServerConfigKeys (ConfUtils.java:logGet(43)) - raft.server.log.appender.buffer.byte-limit = 33554432 (custom)
2019-08-21 09:30:39,690 [pool-124-thread-1] INFO  server.RaftServerConfigKeys (ConfUtils.java:logGet(43)) - raft.server.log.use.memory = false (default)
2019-08-21 09:30:39,691 [pool-113-thread-1] INFO  server.RaftServerConfigKeys (ConfUtils.java:logGet(43)) - raft.server.log.segment.size.max = 1048576 (custom)
2019-08-21 09:30:39,691 [pool-135-thread-1] INFO  server.RaftServerConfigKeys (ConfUtils.java:logGet(43)) - raft.server.log.purge.gap = 1000000 (custom)
2019-08-21 09:30:39,691 [pool-113-thread-1] INFO  server.RaftServerConfigKeys (ConfUtils.java:logGet(43)) - raft.server.log.segment.cache.num.max = 2 (custom)
2019-08-21 09:30:39,691 [pool-124-thread-1] INFO  server.RaftServerConfigKeys (ConfUtils.java:logGet(43)) - raft.server.log.purge.gap = 1000000 (custom)
2019-08-21 09:30:39,691 [pool-113-thread-1] INFO  segmented.SegmentedRaftLogWorker (SegmentedRaftLogWorker.java:<init>(172)) - new 1e27fcfb-c104-4324-889c-430876b01a3a-SegmentedRaftLogWorker:Storage Directory /workdir/hadoop-ozone/integration-test/target/test-dir/MiniOzoneClusterImpl-33ae4b10-f24f-4466-94ae-5d1d58110502/datanode-0/data/ratis/51c9435d-115b-480c-af95-eb942afdcbd7 for RaftStorage:Storage Directory /workdir/hadoop-ozone/integration-test/target/test-dir/MiniOzoneClusterImpl-33ae4b10-f24f-4466-94ae-5d1d58110502/datanode-0/data/ratis/51c9435d-115b-480c-af95-eb942afdcbd7
2019-08-21 09:30:39,691 [pool-135-thread-1] INFO  server.RaftServerConfigKeys (ConfUtils.java:logGet(43)) - raft.server.log.appender.buffer.byte-limit = 33554432 (custom)
2019-08-21 09:30:39,692 [pool-113-thread-1] INFO  server.RaftServerConfigKeys (ConfUtils.java:logGet(43)) - raft.server.log.queue.byte-limit = 2147483647 (custom)
2019-08-21 09:30:39,692 [pool-124-thread-1] INFO  server.RaftServerConfigKeys (ConfUtils.java:logGet(43)) - raft.server.log.appender.buffer.byte-limit = 33554432 (custom)
2019-08-21 09:30:39,692 [pool-113-thread-1] INFO  server.RaftServerConfigKeys (ConfUtils.java:logGet(43)) - raft.server.log.queue.element-limit = 1024 (custom)
2019-08-21 09:30:39,692 [pool-135-thread-1] INFO  server.RaftServerConfigKeys (ConfUtils.java:logGet(43)) - raft.server.log.segment.size.max = 1048576 (custom)
2019-08-21 09:30:39,692 [pool-113-thread-1] INFO  server.RaftServerConfigKeys (ConfUtils.java:logGet(43)) - raft.server.log.segment.size.max = 1048576 (custom)
2019-08-21 09:30:39,692 [pool-124-thread-1] INFO  server.RaftServerConfigKeys (ConfUtils.java:logGet(43)) - raft.server.log.segment.size.max = 1048576 (custom)
2019-08-21 09:30:39,693 [pool-113-thread-1] INFO  server.RaftServerConfigKeys (ConfUtils.java:logGet(43)) - raft.server.log.preallocated.size = 16384 (custom)
2019-08-21 09:30:39,693 [pool-113-thread-1] INFO  server.RaftServerConfigKeys (ConfUtils.java:logGet(43)) - raft.server.log.write.buffer.size = 33554432 (custom)
2019-08-21 09:30:39,693 [pool-135-thread-1] INFO  server.RaftServerConfigKeys (ConfUtils.java:logGet(43)) - raft.server.log.segment.cache.num.max = 2 (custom)
2019-08-21 09:30:39,693 [pool-113-thread-1] INFO  server.RaftServerConfigKeys (ConfUtils.java:logGet(43)) - raft.server.log.force.sync.num = 128 (default)
2019-08-21 09:30:39,693 [pool-124-thread-1] INFO  server.RaftServerConfigKeys (ConfUtils.java:logGet(43)) - raft.server.log.segment.cache.num.max = 2 (custom)
2019-08-21 09:30:39,694 [pool-113-thread-1] INFO  server.RaftServerConfigKeys (ConfUtils.java:logGet(43)) - raft.server.log.statemachine.data.sync = true (default)
2019-08-21 09:30:39,693 [pool-135-thread-1] INFO  segmented.SegmentedRaftLogWorker (SegmentedRaftLogWorker.java:<init>(172)) - new 59741f75-dde0-4aa7-9839-4fef31d8a6cb-SegmentedRaftLogWorker:Storage Directory /workdir/hadoop-ozone/integration-test/target/test-dir/MiniOzoneClusterImpl-33ae4b10-f24f-4466-94ae-5d1d58110502/datanode-2/data/ratis/51c9435d-115b-480c-af95-eb942afdcbd7 for RaftStorage:Storage Directory /workdir/hadoop-ozone/integration-test/target/test-dir/MiniOzoneClusterImpl-33ae4b10-f24f-4466-94ae-5d1d58110502/datanode-2/data/ratis/51c9435d-115b-480c-af95-eb942afdcbd7
2019-08-21 09:30:39,694 [pool-113-thread-1] INFO  server.RaftServerConfigKeys (ConfUtils.java:logGet(43)) - raft.server.log.statemachine.data.sync.timeout = 10s (default)
2019-08-21 09:30:39,694 [pool-124-thread-1] INFO  segmented.SegmentedRaftLogWorker (SegmentedRaftLogWorker.java:<init>(172)) - new 08261258-4556-48ae-a229-db40bbbaf060-SegmentedRaftLogWorker:Storage Directory /workdir/hadoop-ozone/integration-test/target/test-dir/MiniOzoneClusterImpl-33ae4b10-f24f-4466-94ae-5d1d58110502/datanode-1/data/ratis/51c9435d-115b-480c-af95-eb942afdcbd7 for RaftStorage:Storage Directory /workdir/hadoop-ozone/integration-test/target/test-dir/MiniOzoneClusterImpl-33ae4b10-f24f-4466-94ae-5d1d58110502/datanode-1/data/ratis/51c9435d-115b-480c-af95-eb942afdcbd7
2019-08-21 09:30:39,694 [pool-113-thread-1] INFO  server.RaftServerConfigKeys (ConfUtils.java:logGet(43)) - raft.server.log.statemachine.data.sync.timeout.retry = -1 (default)
2019-08-21 09:30:39,694 [pool-135-thread-1] INFO  server.RaftServerConfigKeys (ConfUtils.java:logGet(43)) - raft.server.log.queue.byte-limit = 2147483647 (custom)
2019-08-21 09:30:39,695 [pool-113-thread-1] INFO  server.RaftServerConfigKeys (ConfUtils.java:logGet(43)) - raft.server.log.statemachine.data.caching.enabled = true (custom)
2019-08-21 09:30:39,694 [pool-124-thread-1] INFO  server.RaftServerConfigKeys (ConfUtils.java:logGet(43)) - raft.server.log.queue.byte-limit = 2147483647 (custom)
2019-08-21 09:30:39,695 [pool-135-thread-1] INFO  server.RaftServerConfigKeys (ConfUtils.java:logGet(43)) - raft.server.log.queue.element-limit = 1024 (custom)
2019-08-21 09:30:39,695 [pool-113-thread-1] INFO  segmented.SegmentedRaftLogWorker (SegmentedRaftLogWorker.java:lambda$new$0(132)) - 1e27fcfb-c104-4324-889c-430876b01a3a-SegmentedRaftLogWorker:Storage Directory /workdir/hadoop-ozone/integration-test/target/test-dir/MiniOzoneClusterImpl-33ae4b10-f24f-4466-94ae-5d1d58110502/datanode-0/data/ratis/51c9435d-115b-480c-af95-eb942afdcbd7: flushIndex: setUnconditionally 0 -> -1
2019-08-21 09:30:39,695 [pool-124-thread-1] INFO  server.RaftServerConfigKeys (ConfUtils.java:logGet(43)) - raft.server.log.queue.element-limit = 1024 (custom)
2019-08-21 09:30:39,695 [pool-135-thread-1] INFO  server.RaftServerConfigKeys (ConfUtils.java:logGet(43)) - raft.server.log.segment.size.max = 1048576 (custom)
2019-08-21 09:30:39,696 [pool-113-thread-1] INFO  server.RaftServerConfigKeys (ConfUtils.java:logGet(43)) - raft.server.snapshot.auto.trigger.enabled = true (custom)
2019-08-21 09:30:39,695 [pool-124-thread-1] INFO  server.RaftServerConfigKeys (ConfUtils.java:logGet(43)) - raft.server.log.segment.size.max = 1048576 (custom)
2019-08-21 09:30:39,696 [pool-113-thread-1] INFO  server.RaftServerConfigKeys (ConfUtils.java:logGet(43)) - raft.server.snapshot.auto.trigger.threshold = 10000 (custom)
2019-08-21 09:30:39,696 [pool-135-thread-1] INFO  server.RaftServerConfigKeys (ConfUtils.java:logGet(43)) - raft.server.log.preallocated.size = 16384 (custom)
2019-08-21 09:30:39,696 [pool-113-thread-1] INFO  server.RaftServerConfigKeys (ConfUtils.java:logGet(43)) - raft.server.retrycache.expirytime = 600000ms (custom)
2019-08-21 09:30:39,696 [pool-124-thread-1] INFO  server.RaftServerConfigKeys (ConfUtils.java:logGet(43)) - raft.server.log.preallocated.size = 16384 (custom)
2019-08-21 09:30:39,697 [pool-113-thread-1] INFO  impl.RaftServerImpl (RaftServerImpl.java:start(180)) - 1e27fcfb-c104-4324-889c-430876b01a3a: start group-EB942AFDCBD7
2019-08-21 09:30:39,696 [pool-135-thread-1] INFO  server.RaftServerConfigKeys (ConfUtils.java:logGet(43)) - raft.server.log.write.buffer.size = 33554432 (custom)
2019-08-21 09:30:39,697 [pool-113-thread-1] INFO  impl.RaftServerImpl (RaftServerImpl.java:setRole(171)) - 1e27fcfb-c104-4324-889c-430876b01a3a:group-EB942AFDCBD7 changes role from null to FOLLOWER at term 0 for startAsFollower
2019-08-21 09:30:39,697 [pool-124-thread-1] INFO  server.RaftServerConfigKeys (ConfUtils.java:logGet(43)) - raft.server.log.write.buffer.size = 33554432 (custom)
2019-08-21 09:30:39,697 [pool-113-thread-1] INFO  impl.RoleInfo (RoleInfo.java:updateAndGet(143)) - 1e27fcfb-c104-4324-889c-430876b01a3a: start FollowerState
2019-08-21 09:30:39,697 [pool-135-thread-1] INFO  server.RaftServerConfigKeys (ConfUtils.java:logGet(43)) - raft.server.log.force.sync.num = 128 (default)
2019-08-21 09:30:39,697 [pool-124-thread-1] INFO  server.RaftServerConfigKeys (ConfUtils.java:logGet(43)) - raft.server.log.force.sync.num = 128 (default)
2019-08-21 09:30:39,697 [pool-135-thread-1] INFO  server.RaftServerConfigKeys (ConfUtils.java:logGet(43)) - raft.server.log.statemachine.data.sync = true (default)
2019-08-21 09:30:39,698 [pool-113-thread-1] INFO  util.JmxRegister (JmxRegister.java:tryRegister(44)) - Successfully registered JMX Bean with object name Ratis:service=RaftServer,group=group-EB942AFDCBD7,id=1e27fcfb-c104-4324-889c-430876b01a3a
2019-08-21 09:30:39,698 [pool-124-thread-1] INFO  server.RaftServerConfigKeys (ConfUtils.java:logGet(43)) - raft.server.log.statemachine.data.sync = true (default)
2019-08-21 09:30:39,698 [pool-135-thread-1] INFO  server.RaftServerConfigKeys (ConfUtils.java:logGet(43)) - raft.server.log.statemachine.data.sync.timeout = 10s (default)
2019-08-21 09:30:39,698 [pool-124-thread-1] INFO  server.RaftServerConfigKeys (ConfUtils.java:logGet(43)) - raft.server.log.statemachine.data.sync.timeout = 10s (default)
2019-08-21 09:30:39,698 [pool-135-thread-1] INFO  server.RaftServerConfigKeys (ConfUtils.java:logGet(43)) - raft.server.log.statemachine.data.sync.timeout.retry = -1 (default)
2019-08-21 09:30:39,698 [pool-124-thread-1] INFO  server.RaftServerConfigKeys (ConfUtils.java:logGet(43)) - raft.server.log.statemachine.data.sync.timeout.retry = -1 (default)
2019-08-21 09:30:39,699 [pool-135-thread-1] INFO  server.RaftServerConfigKeys (ConfUtils.java:logGet(43)) - raft.server.log.statemachine.data.caching.enabled = true (custom)
2019-08-21 09:30:39,699 [pool-124-thread-1] INFO  server.RaftServerConfigKeys (ConfUtils.java:logGet(43)) - raft.server.log.statemachine.data.caching.enabled = true (custom)
2019-08-21 09:30:39,699 [pool-135-thread-1] INFO  segmented.SegmentedRaftLogWorker (SegmentedRaftLogWorker.java:lambda$new$0(132)) - 59741f75-dde0-4aa7-9839-4fef31d8a6cb-SegmentedRaftLogWorker:Storage Directory /workdir/hadoop-ozone/integration-test/target/test-dir/MiniOzoneClusterImpl-33ae4b10-f24f-4466-94ae-5d1d58110502/datanode-2/data/ratis/51c9435d-115b-480c-af95-eb942afdcbd7: flushIndex: setUnconditionally 0 -> -1
2019-08-21 09:30:39,699 [pool-124-thread-1] INFO  segmented.SegmentedRaftLogWorker (SegmentedRaftLogWorker.java:lambda$new$0(132)) - 08261258-4556-48ae-a229-db40bbbaf060-SegmentedRaftLogWorker:Storage Directory /workdir/hadoop-ozone/integration-test/target/test-dir/MiniOzoneClusterImpl-33ae4b10-f24f-4466-94ae-5d1d58110502/datanode-1/data/ratis/51c9435d-115b-480c-af95-eb942afdcbd7: flushIndex: setUnconditionally 0 -> -1
2019-08-21 09:30:39,701 [pool-124-thread-1] INFO  server.RaftServerConfigKeys (ConfUtils.java:logGet(43)) - raft.server.snapshot.auto.trigger.enabled = true (custom)
2019-08-21 09:30:39,701 [pool-135-thread-1] INFO  server.RaftServerConfigKeys (ConfUtils.java:logGet(43)) - raft.server.snapshot.auto.trigger.enabled = true (custom)
2019-08-21 09:30:39,701 [pool-124-thread-1] INFO  server.RaftServerConfigKeys (ConfUtils.java:logGet(43)) - raft.server.snapshot.auto.trigger.threshold = 10000 (custom)
2019-08-21 09:30:39,701 [pool-135-thread-1] INFO  server.RaftServerConfigKeys (ConfUtils.java:logGet(43)) - raft.server.snapshot.auto.trigger.threshold = 10000 (custom)
2019-08-21 09:30:39,701 [pool-124-thread-1] INFO  server.RaftServerConfigKeys (ConfUtils.java:logGet(43)) - raft.server.retrycache.expirytime = 600000ms (custom)
2019-08-21 09:30:39,702 [pool-135-thread-1] INFO  server.RaftServerConfigKeys (ConfUtils.java:logGet(43)) - raft.server.retrycache.expirytime = 600000ms (custom)
2019-08-21 09:30:39,702 [pool-124-thread-1] INFO  impl.RaftServerImpl (RaftServerImpl.java:start(180)) - 08261258-4556-48ae-a229-db40bbbaf060: start group-EB942AFDCBD7
2019-08-21 09:30:39,702 [pool-135-thread-1] INFO  impl.RaftServerImpl (RaftServerImpl.java:start(180)) - 59741f75-dde0-4aa7-9839-4fef31d8a6cb: start group-EB942AFDCBD7
2019-08-21 09:30:39,702 [pool-124-thread-1] INFO  impl.RaftServerImpl (RaftServerImpl.java:setRole(171)) - 08261258-4556-48ae-a229-db40bbbaf060:group-EB942AFDCBD7 changes role from null to FOLLOWER at term 0 for startAsFollower
2019-08-21 09:30:39,702 [pool-135-thread-1] INFO  impl.RaftServerImpl (RaftServerImpl.java:setRole(171)) - 59741f75-dde0-4aa7-9839-4fef31d8a6cb:group-EB942AFDCBD7 changes role from null to FOLLOWER at term 0 for startAsFollower
2019-08-21 09:30:39,702 [pool-124-thread-1] INFO  impl.RoleInfo (RoleInfo.java:updateAndGet(143)) - 08261258-4556-48ae-a229-db40bbbaf060: start FollowerState
2019-08-21 09:30:39,702 [pool-135-thread-1] INFO  impl.RoleInfo (RoleInfo.java:updateAndGet(143)) - 59741f75-dde0-4aa7-9839-4fef31d8a6cb: start FollowerState
2019-08-21 09:30:39,703 [pool-124-thread-1] INFO  util.JmxRegister (JmxRegister.java:tryRegister(44)) - Successfully registered JMX Bean with object name Ratis:service=RaftServer,group=group-EB942AFDCBD7,id=08261258-4556-48ae-a229-db40bbbaf060
2019-08-21 09:30:39,703 [pool-135-thread-1] INFO  util.JmxRegister (JmxRegister.java:tryRegister(44)) - Successfully registered JMX Bean with object name Ratis:service=RaftServer,group=group-EB942AFDCBD7,id=59741f75-dde0-4aa7-9839-4fef31d8a6cb
2019-08-21 09:30:39,711 [RatisPipelineUtilsThread] INFO  pipeline.PipelineStateManager (PipelineStateManager.java:addPipeline(56)) - Created pipeline Pipeline[ Id: 51c9435d-115b-480c-af95-eb942afdcbd7, Nodes: 1e27fcfb-c104-4324-889c-430876b01a3a{ip: 192.168.5.184, host: pr-hdds-1935-xjqtc-1107137857, networkLocation: /default-rack, certSerialId: null}59741f75-dde0-4aa7-9839-4fef31d8a6cb{ip: 192.168.5.184, host: pr-hdds-1935-xjqtc-1107137857, networkLocation: /default-rack, certSerialId: null}08261258-4556-48ae-a229-db40bbbaf060{ip: 192.168.5.184, host: pr-hdds-1935-xjqtc-1107137857, networkLocation: /default-rack, certSerialId: null}, Type:RATIS, Factor:THREE, State:OPEN]
2019-08-21 09:30:40,579 [Thread-324] INFO  ozone.MiniOzoneClusterImpl (MiniOzoneClusterImpl.java:lambda$waitForClusterToBeReady$0(142)) - Cluster is ready. Got 3 of 3 DN Heartbeats.
2019-08-21 09:30:40,580 [Thread-324] INFO  datanode.ObjectStoreHandler (ObjectStoreHandler.java:close(155)) - Closing ObjectStoreHandler.
2019-08-21 09:30:40,580 [Thread-324] INFO  ozone.HddsDatanodeService (HddsDatanodeService.java:stop(451)) - Stopped plug-in org.apache.hadoop.ozone.web.OzoneHddsDatanodeService@1ab50d42
2019-08-21 09:30:41,216 [Datanode State Machine Thread - 0] INFO  statemachine.DatanodeStateMachine (DatanodeStateMachine.java:lambda$startDaemon$0(350)) - Ozone container server started.
2019-08-21 09:30:41,405 | INFO  | SCMAudit | user=jenkins1000 | ip=192.168.5.184 | op=SEND_HEARTBEAT {datanodeUUID=08261258-4556-48ae-a229-db40bbbaf060, command=[]} | ret=SUCCESS |  
2019-08-21 09:30:41,582 | INFO  | SCMAudit | user=jenkins1000 | ip=192.168.5.184 | op=SEND_HEARTBEAT {datanodeUUID=59741f75-dde0-4aa7-9839-4fef31d8a6cb, command=[]} | ret=SUCCESS |  
2019-08-21 09:30:42,260 [Thread-496] INFO  container.ReplicationManager (ReplicationManager.java:start(162)) - Starting Replication Monitor Thread.
2019-08-21 09:30:42,262 [ReplicationMonitor] INFO  container.ReplicationManager (ReplicationManager.java:run(225)) - Replication Monitor Thread took 0 milliseconds for processing 0 containers.
2019-08-21 09:30:42,405 | INFO  | SCMAudit | user=jenkins1000 | ip=192.168.5.184 | op=SEND_HEARTBEAT {datanodeUUID=08261258-4556-48ae-a229-db40bbbaf060, command=[]} | ret=SUCCESS |  
2019-08-21 09:30:42,582 | INFO  | SCMAudit | user=jenkins1000 | ip=192.168.5.184 | op=SEND_HEARTBEAT {datanodeUUID=59741f75-dde0-4aa7-9839-4fef31d8a6cb, command=[]} | ret=SUCCESS |  
2019-08-21 09:30:43,405 | INFO  | SCMAudit | user=jenkins1000 | ip=192.168.5.184 | op=SEND_HEARTBEAT {datanodeUUID=08261258-4556-48ae-a229-db40bbbaf060, command=[]} | ret=SUCCESS |  
2019-08-21 09:30:43,582 | INFO  | SCMAudit | user=jenkins1000 | ip=192.168.5.184 | op=SEND_HEARTBEAT {datanodeUUID=59741f75-dde0-4aa7-9839-4fef31d8a6cb, command=[]} | ret=SUCCESS |  
2019-08-21 09:30:44,405 | INFO  | SCMAudit | user=jenkins1000 | ip=192.168.5.184 | op=SEND_HEARTBEAT {datanodeUUID=08261258-4556-48ae-a229-db40bbbaf060, command=[]} | ret=SUCCESS |  
2019-08-21 09:30:44,464 [Thread-498] INFO  impl.FollowerState (FollowerState.java:run(106)) - 1e27fcfb-c104-4324-889c-430876b01a3a:group-25EDB1DB35D8 changes to CANDIDATE, lastRpcTime:5174, electionTimeout:5174ms
2019-08-21 09:30:44,464 [Thread-498] INFO  impl.RoleInfo (RoleInfo.java:shutdownFollowerState(121)) - 1e27fcfb-c104-4324-889c-430876b01a3a: shutdown FollowerState
2019-08-21 09:30:44,464 [Thread-498] INFO  impl.RaftServerImpl (RaftServerImpl.java:setRole(171)) - 1e27fcfb-c104-4324-889c-430876b01a3a:group-25EDB1DB35D8 changes role from FOLLOWER to CANDIDATE at term 0 for changeToCandidate
2019-08-21 09:30:44,464 [Thread-498] INFO  impl.RoleInfo (RoleInfo.java:updateAndGet(143)) - 1e27fcfb-c104-4324-889c-430876b01a3a: start LeaderElection
2019-08-21 09:30:44,498 [1e27fcfb-c104-4324-889c-430876b01a3a:group-25EDB1DB35D8:LeaderElection13] INFO  impl.LeaderElection (LeaderElection.java:askForVotes(181)) - 1e27fcfb-c104-4324-889c-430876b01a3a:group-25EDB1DB35D8:LeaderElection13: begin an election at term 1 for -1: [1e27fcfb-c104-4324-889c-430876b01a3a:192.168.5.184:42282], old=null
2019-08-21 09:30:44,499 [1e27fcfb-c104-4324-889c-430876b01a3a:group-25EDB1DB35D8:LeaderElection13] INFO  impl.RoleInfo (RoleInfo.java:shutdownLeaderElection(134)) - 1e27fcfb-c104-4324-889c-430876b01a3a: shutdown LeaderElection
2019-08-21 09:30:44,499 [1e27fcfb-c104-4324-889c-430876b01a3a:group-25EDB1DB35D8:LeaderElection13] INFO  impl.RaftServerImpl (RaftServerImpl.java:setRole(171)) - 1e27fcfb-c104-4324-889c-430876b01a3a:group-25EDB1DB35D8 changes role from CANDIDATE to LEADER at term 1 for changeToLeader
2019-08-21 09:30:44,499 [1e27fcfb-c104-4324-889c-430876b01a3a:group-25EDB1DB35D8:LeaderElection13] INFO  impl.RaftServerImpl (ServerState.java:setLeader(263)) - 1e27fcfb-c104-4324-889c-430876b01a3a:group-25EDB1DB35D8 change Leader from null to 1e27fcfb-c104-4324-889c-430876b01a3a at term 1 for becomeLeader, leader elected after 5216ms
2019-08-21 09:30:44,499 [1e27fcfb-c104-4324-889c-430876b01a3a:group-25EDB1DB35D8:LeaderElection13] INFO  server.RaftServerConfigKeys (ConfUtils.java:logGet(43)) - raft.server.staging.catchup.gap = 1000 (default)
2019-08-21 09:30:44,499 [1e27fcfb-c104-4324-889c-430876b01a3a:group-25EDB1DB35D8:LeaderElection13] INFO  server.RaftServerConfigKeys (ConfUtils.java:logGet(43)) - raft.server.rpc.sleep.time = 25ms (default)
2019-08-21 09:30:44,500 [1e27fcfb-c104-4324-889c-430876b01a3a:group-25EDB1DB35D8:LeaderElection13] INFO  server.RaftServerConfigKeys (ConfUtils.java:logGet(43)) - raft.server.write.element-limit = 4096 (default)
2019-08-21 09:30:44,500 [1e27fcfb-c104-4324-889c-430876b01a3a:group-25EDB1DB35D8:LeaderElection13] INFO  server.RaftServerConfigKeys (ConfUtils.java:logGet(43)) - raft.server.watch.timeout = 10s (default)
2019-08-21 09:30:44,500 [1e27fcfb-c104-4324-889c-430876b01a3a:group-25EDB1DB35D8:LeaderElection13] INFO  server.RaftServerConfigKeys (ConfUtils.java:logGet(43)) - raft.server.watch.timeout.denomination = 1s (default)
2019-08-21 09:30:44,500 [1e27fcfb-c104-4324-889c-430876b01a3a:group-25EDB1DB35D8:LeaderElection13] INFO  server.RaftServerConfigKeys (ConfUtils.java:logGet(43)) - raft.server.watch.element-limit = 65536 (default)
2019-08-21 09:30:44,501 [1e27fcfb-c104-4324-889c-430876b01a3a:group-25EDB1DB35D8:LeaderElection13] INFO  impl.RoleInfo (RoleInfo.java:updateAndGet(143)) - 1e27fcfb-c104-4324-889c-430876b01a3a: start LeaderState
2019-08-21 09:30:44,501 [1e27fcfb-c104-4324-889c-430876b01a3a:group-25EDB1DB35D8:LeaderElection13] INFO  segmented.SegmentedRaftLogWorker (SegmentedRaftLogWorker.java:startLogSegment(380)) - 1e27fcfb-c104-4324-889c-430876b01a3a-SegmentedRaftLogWorker:Storage Directory /workdir/hadoop-ozone/integration-test/target/test-dir/MiniOzoneClusterImpl-33ae4b10-f24f-4466-94ae-5d1d58110502/datanode-0/data/ratis/5391df57-0fce-42e1-9ff6-25edb1db35d8: Starting segment from index:0
2019-08-21 09:30:44,502 [1e27fcfb-c104-4324-889c-430876b01a3a:group-25EDB1DB35D8:LeaderElection13] INFO  impl.RaftServerImpl (ServerState.java:setRaftConf(361)) - 1e27fcfb-c104-4324-889c-430876b01a3a:group-25EDB1DB35D8 set configuration 0: [1e27fcfb-c104-4324-889c-430876b01a3a:192.168.5.184:42282], old=null at 0
2019-08-21 09:30:44,532 [1e27fcfb-c104-4324-889c-430876b01a3a-SegmentedRaftLogWorker:Storage Directory /workdir/hadoop-ozone/integration-test/target/test-dir/MiniOzoneClusterImpl-33ae4b10-f24f-4466-94ae-5d1d58110502/datanode-0/data/ratis/5391df57-0fce-42e1-9ff6-25edb1db35d8] INFO  segmented.SegmentedRaftLogWorker (SegmentedRaftLogWorker.java:execute(569)) - 1e27fcfb-c104-4324-889c-430876b01a3a-SegmentedRaftLogWorker:Storage Directory /workdir/hadoop-ozone/integration-test/target/test-dir/MiniOzoneClusterImpl-33ae4b10-f24f-4466-94ae-5d1d58110502/datanode-0/data/ratis/5391df57-0fce-42e1-9ff6-25edb1db35d8: created new log segment /workdir/hadoop-ozone/integration-test/target/test-dir/MiniOzoneClusterImpl-33ae4b10-f24f-4466-94ae-5d1d58110502/datanode-0/data/ratis/5391df57-0fce-42e1-9ff6-25edb1db35d8/current/log_inprogress_0
2019-08-21 09:30:44,569 [Thread-501] INFO  impl.FollowerState (FollowerState.java:run(106)) - 08261258-4556-48ae-a229-db40bbbaf060:group-D50CC2FA0BA1 changes to CANDIDATE, lastRpcTime:5113, electionTimeout:5113ms
2019-08-21 09:30:44,570 [Thread-501] INFO  impl.RoleInfo (RoleInfo.java:shutdownFollowerState(121)) - 08261258-4556-48ae-a229-db40bbbaf060: shutdown FollowerState
2019-08-21 09:30:44,570 [Thread-501] INFO  impl.RaftServerImpl (RaftServerImpl.java:setRole(171)) - 08261258-4556-48ae-a229-db40bbbaf060:group-D50CC2FA0BA1 changes role from FOLLOWER to CANDIDATE at term 0 for changeToCandidate
2019-08-21 09:30:44,570 [Thread-501] INFO  impl.RoleInfo (RoleInfo.java:updateAndGet(143)) - 08261258-4556-48ae-a229-db40bbbaf060: start LeaderElection
2019-08-21 09:30:44,582 | INFO  | SCMAudit | user=jenkins1000 | ip=192.168.5.184 | op=SEND_HEARTBEAT {datanodeUUID=59741f75-dde0-4aa7-9839-4fef31d8a6cb, command=[]} | ret=SUCCESS |  
2019-08-21 09:30:44,587 [08261258-4556-48ae-a229-db40bbbaf060:group-D50CC2FA0BA1:LeaderElection14] INFO  impl.LeaderElection (LeaderElection.java:askForVotes(181)) - 08261258-4556-48ae-a229-db40bbbaf060:group-D50CC2FA0BA1:LeaderElection14: begin an election at term 1 for -1: [08261258-4556-48ae-a229-db40bbbaf060:192.168.5.184:44716], old=null
2019-08-21 09:30:44,587 [08261258-4556-48ae-a229-db40bbbaf060:group-D50CC2FA0BA1:LeaderElection14] INFO  impl.RoleInfo (RoleInfo.java:shutdownLeaderElection(134)) - 08261258-4556-48ae-a229-db40bbbaf060: shutdown LeaderElection
2019-08-21 09:30:44,587 [08261258-4556-48ae-a229-db40bbbaf060:group-D50CC2FA0BA1:LeaderElection14] INFO  impl.RaftServerImpl (RaftServerImpl.java:setRole(171)) - 08261258-4556-48ae-a229-db40bbbaf060:group-D50CC2FA0BA1 changes role from CANDIDATE to LEADER at term 1 for changeToLeader
2019-08-21 09:30:44,588 [08261258-4556-48ae-a229-db40bbbaf060:group-D50CC2FA0BA1:LeaderElection14] INFO  impl.RaftServerImpl (ServerState.java:setLeader(263)) - 08261258-4556-48ae-a229-db40bbbaf060:group-D50CC2FA0BA1 change Leader from null to 08261258-4556-48ae-a229-db40bbbaf060 at term 1 for becomeLeader, leader elected after 5137ms
2019-08-21 09:30:44,588 [08261258-4556-48ae-a229-db40bbbaf060:group-D50CC2FA0BA1:LeaderElection14] INFO  server.RaftServerConfigKeys (ConfUtils.java:logGet(43)) - raft.server.staging.catchup.gap = 1000 (default)
2019-08-21 09:30:44,588 [08261258-4556-48ae-a229-db40bbbaf060:group-D50CC2FA0BA1:LeaderElection14] INFO  server.RaftServerConfigKeys (ConfUtils.java:logGet(43)) - raft.server.rpc.sleep.time = 25ms (default)
2019-08-21 09:30:44,588 [08261258-4556-48ae-a229-db40bbbaf060:group-D50CC2FA0BA1:LeaderElection14] INFO  server.RaftServerConfigKeys (ConfUtils.java:logGet(43)) - raft.server.write.element-limit = 4096 (default)
2019-08-21 09:30:44,589 [08261258-4556-48ae-a229-db40bbbaf060:group-D50CC2FA0BA1:LeaderElection14] INFO  server.RaftServerConfigKeys (ConfUtils.java:logGet(43)) - raft.server.watch.timeout = 10s (default)
2019-08-21 09:30:44,589 [08261258-4556-48ae-a229-db40bbbaf060:group-D50CC2FA0BA1:LeaderElection14] INFO  server.RaftServerConfigKeys (ConfUtils.java:logGet(43)) - raft.server.watch.timeout.denomination = 1s (default)
2019-08-21 09:30:44,589 [08261258-4556-48ae-a229-db40bbbaf060:group-D50CC2FA0BA1:LeaderElection14] INFO  server.RaftServerConfigKeys (ConfUtils.java:logGet(43)) - raft.server.watch.element-limit = 65536 (default)
2019-08-21 09:30:44,589 [08261258-4556-48ae-a229-db40bbbaf060:group-D50CC2FA0BA1:LeaderElection14] INFO  impl.RoleInfo (RoleInfo.java:updateAndGet(143)) - 08261258-4556-48ae-a229-db40bbbaf060: start LeaderState
2019-08-21 09:30:44,590 [08261258-4556-48ae-a229-db40bbbaf060:group-D50CC2FA0BA1:LeaderElection14] INFO  segmented.SegmentedRaftLogWorker (SegmentedRaftLogWorker.java:startLogSegment(380)) - 08261258-4556-48ae-a229-db40bbbaf060-SegmentedRaftLogWorker:Storage Directory /workdir/hadoop-ozone/integration-test/target/test-dir/MiniOzoneClusterImpl-33ae4b10-f24f-4466-94ae-5d1d58110502/datanode-1/data/ratis/bf15aef7-74b6-459e-a6ae-d50cc2fa0ba1: Starting segment from index:0
2019-08-21 09:30:44,590 [08261258-4556-48ae-a229-db40bbbaf060:group-D50CC2FA0BA1:LeaderElection14] INFO  impl.RaftServerImpl (ServerState.java:setRaftConf(361)) - 08261258-4556-48ae-a229-db40bbbaf060:group-D50CC2FA0BA1 set configuration 0: [08261258-4556-48ae-a229-db40bbbaf060:192.168.5.184:44716], old=null at 0
2019-08-21 09:30:44,625 [08261258-4556-48ae-a229-db40bbbaf060-SegmentedRaftLogWorker:Storage Directory /workdir/hadoop-ozone/integration-test/target/test-dir/MiniOzoneClusterImpl-33ae4b10-f24f-4466-94ae-5d1d58110502/datanode-1/data/ratis/bf15aef7-74b6-459e-a6ae-d50cc2fa0ba1] INFO  segmented.SegmentedRaftLogWorker (SegmentedRaftLogWorker.java:execute(569)) - 08261258-4556-48ae-a229-db40bbbaf060-SegmentedRaftLogWorker:Storage Directory /workdir/hadoop-ozone/integration-test/target/test-dir/MiniOzoneClusterImpl-33ae4b10-f24f-4466-94ae-5d1d58110502/datanode-1/data/ratis/bf15aef7-74b6-459e-a6ae-d50cc2fa0ba1: created new log segment /workdir/hadoop-ozone/integration-test/target/test-dir/MiniOzoneClusterImpl-33ae4b10-f24f-4466-94ae-5d1d58110502/datanode-1/data/ratis/bf15aef7-74b6-459e-a6ae-d50cc2fa0ba1/current/log_inprogress_0
2019-08-21 09:30:44,713 [Thread-507] INFO  impl.FollowerState (FollowerState.java:run(106)) - 1e27fcfb-c104-4324-889c-430876b01a3a:group-EB942AFDCBD7 changes to CANDIDATE, lastRpcTime:5015, electionTimeout:5015ms
2019-08-21 09:30:44,713 [Thread-507] INFO  impl.RoleInfo (RoleInfo.java:shutdownFollowerState(121)) - 1e27fcfb-c104-4324-889c-430876b01a3a: shutdown FollowerState
2019-08-21 09:30:44,713 [Thread-507] INFO  impl.RaftServerImpl (RaftServerImpl.java:setRole(171)) - 1e27fcfb-c104-4324-889c-430876b01a3a:group-EB942AFDCBD7 changes role from FOLLOWER to CANDIDATE at term 0 for changeToCandidate
2019-08-21 09:30:44,713 [Thread-507] INFO  impl.RoleInfo (RoleInfo.java:updateAndGet(143)) - 1e27fcfb-c104-4324-889c-430876b01a3a: start LeaderElection
2019-08-21 09:30:44,734 [1e27fcfb-c104-4324-889c-430876b01a3a:group-EB942AFDCBD7:LeaderElection15] INFO  impl.LeaderElection (LeaderElection.java:askForVotes(181)) - 1e27fcfb-c104-4324-889c-430876b01a3a:group-EB942AFDCBD7:LeaderElection15: begin an election at term 1 for -1: [08261258-4556-48ae-a229-db40bbbaf060:192.168.5.184:44716, 1e27fcfb-c104-4324-889c-430876b01a3a:192.168.5.184:42282, 59741f75-dde0-4aa7-9839-4fef31d8a6cb:192.168.5.184:37972], old=null
2019-08-21 09:30:44,748 [grpc-default-executor-1] INFO  impl.RaftServerImpl (RaftServerImpl.java:setRole(171)) - 08261258-4556-48ae-a229-db40bbbaf060:group-EB942AFDCBD7 changes role from FOLLOWER to FOLLOWER at term 1 for recognizeCandidate:1e27fcfb-c104-4324-889c-430876b01a3a
2019-08-21 09:30:44,749 [grpc-default-executor-1] INFO  impl.RoleInfo (RoleInfo.java:shutdownFollowerState(121)) - 08261258-4556-48ae-a229-db40bbbaf060: shutdown FollowerState
2019-08-21 09:30:44,748 [grpc-default-executor-0] INFO  impl.RaftServerImpl (RaftServerImpl.java:setRole(171)) - 59741f75-dde0-4aa7-9839-4fef31d8a6cb:group-EB942AFDCBD7 changes role from FOLLOWER to FOLLOWER at term 1 for recognizeCandidate:1e27fcfb-c104-4324-889c-430876b01a3a
2019-08-21 09:30:44,749 [Thread-511] INFO  impl.FollowerState (FollowerState.java:run(114)) - 08261258-4556-48ae-a229-db40bbbaf060: FollowerState was interrupted: java.lang.InterruptedException: sleep interrupted
2019-08-21 09:30:44,749 [grpc-default-executor-1] INFO  impl.RoleInfo (RoleInfo.java:updateAndGet(143)) - 08261258-4556-48ae-a229-db40bbbaf060: start FollowerState
2019-08-21 09:30:44,749 [grpc-default-executor-0] INFO  impl.RoleInfo (RoleInfo.java:shutdownFollowerState(121)) - 59741f75-dde0-4aa7-9839-4fef31d8a6cb: shutdown FollowerState
2019-08-21 09:30:44,751 [grpc-default-executor-0] INFO  impl.RoleInfo (RoleInfo.java:updateAndGet(143)) - 59741f75-dde0-4aa7-9839-4fef31d8a6cb: start FollowerState
2019-08-21 09:30:44,751 [Thread-512] INFO  impl.FollowerState (FollowerState.java:run(114)) - 59741f75-dde0-4aa7-9839-4fef31d8a6cb: FollowerState was interrupted: java.lang.InterruptedException: sleep interrupted
2019-08-21 09:30:44,764 [1e27fcfb-c104-4324-889c-430876b01a3a:group-EB942AFDCBD7:LeaderElection15] INFO  impl.LeaderElection (LeaderElection.java:logAndReturn(56)) - 1e27fcfb-c104-4324-889c-430876b01a3a:group-EB942AFDCBD7:LeaderElection15: Election PASSED; received 1 response(s) [1e27fcfb-c104-4324-889c-430876b01a3a<-59741f75-dde0-4aa7-9839-4fef31d8a6cb#0:OK-t1] and 0 exception(s); 1e27fcfb-c104-4324-889c-430876b01a3a:t1, leader=null, voted=1e27fcfb-c104-4324-889c-430876b01a3a, raftlog=1e27fcfb-c104-4324-889c-430876b01a3a-SegmentedRaftLog:OPENED:c-1,f-1,i0, conf=-1: [08261258-4556-48ae-a229-db40bbbaf060:192.168.5.184:44716, 1e27fcfb-c104-4324-889c-430876b01a3a:192.168.5.184:42282, 59741f75-dde0-4aa7-9839-4fef31d8a6cb:192.168.5.184:37972], old=null
2019-08-21 09:30:44,764 [1e27fcfb-c104-4324-889c-430876b01a3a:group-EB942AFDCBD7:LeaderElection15] INFO  impl.RoleInfo (RoleInfo.java:shutdownLeaderElection(134)) - 1e27fcfb-c104-4324-889c-430876b01a3a: shutdown LeaderElection
2019-08-21 09:30:44,765 [1e27fcfb-c104-4324-889c-430876b01a3a:group-EB942AFDCBD7:LeaderElection15] INFO  impl.RaftServerImpl (RaftServerImpl.java:setRole(171)) - 1e27fcfb-c104-4324-889c-430876b01a3a:group-EB942AFDCBD7 changes role from CANDIDATE to LEADER at term 1 for changeToLeader
2019-08-21 09:30:44,765 [1e27fcfb-c104-4324-889c-430876b01a3a:group-EB942AFDCBD7:LeaderElection15] INFO  impl.RaftServerImpl (ServerState.java:setLeader(263)) - 1e27fcfb-c104-4324-889c-430876b01a3a:group-EB942AFDCBD7 change Leader from null to 1e27fcfb-c104-4324-889c-430876b01a3a at term 1 for becomeLeader, leader elected after 5075ms
2019-08-21 09:30:44,766 [1e27fcfb-c104-4324-889c-430876b01a3a:group-EB942AFDCBD7:LeaderElection15] INFO  server.RaftServerConfigKeys (ConfUtils.java:logGet(43)) - raft.server.staging.catchup.gap = 1000 (default)
2019-08-21 09:30:44,766 [1e27fcfb-c104-4324-889c-430876b01a3a:group-EB942AFDCBD7:LeaderElection15] INFO  server.RaftServerConfigKeys (ConfUtils.java:logGet(43)) - raft.server.rpc.sleep.time = 25ms (default)
2019-08-21 09:30:44,766 [1e27fcfb-c104-4324-889c-430876b01a3a:group-EB942AFDCBD7:LeaderElection15] INFO  server.RaftServerConfigKeys (ConfUtils.java:logGet(43)) - raft.server.write.element-limit = 4096 (default)
2019-08-21 09:30:44,766 [1e27fcfb-c104-4324-889c-430876b01a3a:group-EB942AFDCBD7:LeaderElection15] INFO  server.RaftServerConfigKeys (ConfUtils.java:logGet(43)) - raft.server.watch.timeout = 10s (default)
2019-08-21 09:30:44,767 [1e27fcfb-c104-4324-889c-430876b01a3a:group-EB942AFDCBD7:LeaderElection15] INFO  server.RaftServerConfigKeys (ConfUtils.java:logGet(43)) - raft.server.watch.timeout.denomination = 1s (default)
2019-08-21 09:30:44,767 [1e27fcfb-c104-4324-889c-430876b01a3a:group-EB942AFDCBD7:LeaderElection15] INFO  server.RaftServerConfigKeys (ConfUtils.java:logGet(43)) - raft.server.watch.element-limit = 65536 (default)
2019-08-21 09:30:44,767 [1e27fcfb-c104-4324-889c-430876b01a3a:group-EB942AFDCBD7:LeaderElection15] INFO  server.RaftServerConfigKeys (ConfUtils.java:logGet(43)) - raft.server.log.appender.snapshot.chunk.size.max = 16MB (=16777216) (default)
2019-08-21 09:30:44,768 [1e27fcfb-c104-4324-889c-430876b01a3a:group-EB942AFDCBD7:LeaderElection15] INFO  server.RaftServerConfigKeys (ConfUtils.java:logGet(43)) - raft.server.log.appender.buffer.byte-limit = 33554432 (custom)
2019-08-21 09:30:44,768 [1e27fcfb-c104-4324-889c-430876b01a3a:group-EB942AFDCBD7:LeaderElection15] INFO  server.RaftServerConfigKeys (ConfUtils.java:logGet(43)) - raft.server.log.appender.buffer.element-limit = 1 (custom)
2019-08-21 09:30:44,769 [1e27fcfb-c104-4324-889c-430876b01a3a:group-EB942AFDCBD7:LeaderElection15] INFO  grpc.GrpcConfigKeys$Server (ConfUtils.java:logGet(43)) - raft.grpc.server.leader.outstanding.appends.max = 128 (default)
2019-08-21 09:30:44,769 [1e27fcfb-c104-4324-889c-430876b01a3a:group-EB942AFDCBD7:LeaderElection15] INFO  server.RaftServerConfigKeys (ConfUtils.java:logGet(43)) - raft.server.rpc.request.timeout = 3000ms (default)
2019-08-21 09:30:44,769 [1e27fcfb-c104-4324-889c-430876b01a3a:group-EB942AFDCBD7:LeaderElection15] INFO  server.RaftServerConfigKeys (ConfUtils.java:logGet(43)) - raft.server.log.appender.install.snapshot.enabled = false (custom)
2019-08-21 09:30:44,770 [1e27fcfb-c104-4324-889c-430876b01a3a:group-EB942AFDCBD7:LeaderElection15] INFO  server.RaftServerConfigKeys (ConfUtils.java:logGet(43)) - raft.server.log.appender.snapshot.chunk.size.max = 16MB (=16777216) (default)
2019-08-21 09:30:44,770 [1e27fcfb-c104-4324-889c-430876b01a3a:group-EB942AFDCBD7:LeaderElection15] INFO  server.RaftServerConfigKeys (ConfUtils.java:logGet(43)) - raft.server.log.appender.buffer.byte-limit = 33554432 (custom)
2019-08-21 09:30:44,770 [1e27fcfb-c104-4324-889c-430876b01a3a:group-EB942AFDCBD7:LeaderElection15] INFO  server.RaftServerConfigKeys (ConfUtils.java:logGet(43)) - raft.server.log.appender.buffer.element-limit = 1 (custom)
2019-08-21 09:30:44,771 [1e27fcfb-c104-4324-889c-430876b01a3a:group-EB942AFDCBD7:LeaderElection15] INFO  grpc.GrpcConfigKeys$Server (ConfUtils.java:logGet(43)) - raft.grpc.server.leader.outstanding.appends.max = 128 (default)
2019-08-21 09:30:44,771 [1e27fcfb-c104-4324-889c-430876b01a3a:group-EB942AFDCBD7:LeaderElection15] INFO  server.RaftServerConfigKeys (ConfUtils.java:logGet(43)) - raft.server.rpc.request.timeout = 3000ms (default)
2019-08-21 09:30:44,771 [1e27fcfb-c104-4324-889c-430876b01a3a:group-EB942AFDCBD7:LeaderElection15] INFO  server.RaftServerConfigKeys (ConfUtils.java:logGet(43)) - raft.server.log.appender.install.snapshot.enabled = false (custom)
2019-08-21 09:30:44,771 [1e27fcfb-c104-4324-889c-430876b01a3a:group-EB942AFDCBD7:LeaderElection15] INFO  impl.RoleInfo (RoleInfo.java:updateAndGet(143)) - 1e27fcfb-c104-4324-889c-430876b01a3a: start LeaderState
2019-08-21 09:30:44,771 [Thread-504] INFO  impl.FollowerState (FollowerState.java:run(106)) - 59741f75-dde0-4aa7-9839-4fef31d8a6cb:group-9AC9CD14A056 changes to CANDIDATE, lastRpcTime:5141, electionTimeout:5141ms
2019-08-21 09:30:44,772 [Thread-504] INFO  impl.RoleInfo (RoleInfo.java:shutdownFollowerState(121)) - 59741f75-dde0-4aa7-9839-4fef31d8a6cb: shutdown FollowerState
2019-08-21 09:30:44,772 [1e27fcfb-c104-4324-889c-430876b01a3a:group-EB942AFDCBD7:LeaderElection15] INFO  segmented.SegmentedRaftLogWorker (SegmentedRaftLogWorker.java:startLogSegment(380)) - 1e27fcfb-c104-4324-889c-430876b01a3a-SegmentedRaftLogWorker:Storage Directory /workdir/hadoop-ozone/integration-test/target/test-dir/MiniOzoneClusterImpl-33ae4b10-f24f-4466-94ae-5d1d58110502/datanode-0/data/ratis/51c9435d-115b-480c-af95-eb942afdcbd7: Starting segment from index:0
2019-08-21 09:30:44,772 [Thread-504] INFO  impl.RaftServerImpl (RaftServerImpl.java:setRole(171)) - 59741f75-dde0-4aa7-9839-4fef31d8a6cb:group-9AC9CD14A056 changes role from FOLLOWER to CANDIDATE at term 0 for changeToCandidate
2019-08-21 09:30:44,772 [Thread-504] INFO  impl.RoleInfo (RoleInfo.java:updateAndGet(143)) - 59741f75-dde0-4aa7-9839-4fef31d8a6cb: start LeaderElection
2019-08-21 09:30:44,813 [1e27fcfb-c104-4324-889c-430876b01a3a:group-EB942AFDCBD7:LeaderElection15] INFO  impl.RaftServerImpl (ServerState.java:setRaftConf(361)) - 1e27fcfb-c104-4324-889c-430876b01a3a:group-EB942AFDCBD7 set configuration 0: [08261258-4556-48ae-a229-db40bbbaf060:192.168.5.184:44716, 1e27fcfb-c104-4324-889c-430876b01a3a:192.168.5.184:42282, 59741f75-dde0-4aa7-9839-4fef31d8a6cb:192.168.5.184:37972], old=null at 0
2019-08-21 09:30:44,818 [grpc-default-executor-0] INFO  impl.RaftServerImpl (ServerState.java:setLeader(263)) - 59741f75-dde0-4aa7-9839-4fef31d8a6cb:group-EB942AFDCBD7 change Leader from null to 1e27fcfb-c104-4324-889c-430876b01a3a at term 1 for appendEntries, leader elected after 5128ms
2019-08-21 09:30:44,818 [grpc-default-executor-1] INFO  impl.RaftServerImpl (ServerState.java:setLeader(263)) - 08261258-4556-48ae-a229-db40bbbaf060:group-EB942AFDCBD7 change Leader from null to 1e27fcfb-c104-4324-889c-430876b01a3a at term 1 for appendEntries, leader elected after 5128ms
2019-08-21 09:30:44,830 [1e27fcfb-c104-4324-889c-430876b01a3a-SegmentedRaftLogWorker:Storage Directory /workdir/hadoop-ozone/integration-test/target/test-dir/MiniOzoneClusterImpl-33ae4b10-f24f-4466-94ae-5d1d58110502/datanode-0/data/ratis/51c9435d-115b-480c-af95-eb942afdcbd7] INFO  segmented.SegmentedRaftLogWorker (SegmentedRaftLogWorker.java:execute(569)) - 1e27fcfb-c104-4324-889c-430876b01a3a-SegmentedRaftLogWorker:Storage Directory /workdir/hadoop-ozone/integration-test/target/test-dir/MiniOzoneClusterImpl-33ae4b10-f24f-4466-94ae-5d1d58110502/datanode-0/data/ratis/51c9435d-115b-480c-af95-eb942afdcbd7: created new log segment /workdir/hadoop-ozone/integration-test/target/test-dir/MiniOzoneClusterImpl-33ae4b10-f24f-4466-94ae-5d1d58110502/datanode-0/data/ratis/51c9435d-115b-480c-af95-eb942afdcbd7/current/log_inprogress_0
2019-08-21 09:30:44,830 [59741f75-dde0-4aa7-9839-4fef31d8a6cb:group-9AC9CD14A056:LeaderElection16] INFO  impl.LeaderElection (LeaderElection.java:askForVotes(181)) - 59741f75-dde0-4aa7-9839-4fef31d8a6cb:group-9AC9CD14A056:LeaderElection16: begin an election at term 1 for -1: [59741f75-dde0-4aa7-9839-4fef31d8a6cb:192.168.5.184:37972], old=null
2019-08-21 09:30:44,831 [59741f75-dde0-4aa7-9839-4fef31d8a6cb:group-9AC9CD14A056:LeaderElection16] INFO  impl.RoleInfo (RoleInfo.java:shutdownLeaderElection(134)) - 59741f75-dde0-4aa7-9839-4fef31d8a6cb: shutdown LeaderElection
2019-08-21 09:30:44,831 [59741f75-dde0-4aa7-9839-4fef31d8a6cb:group-9AC9CD14A056:LeaderElection16] INFO  impl.RaftServerImpl (RaftServerImpl.java:setRole(171)) - 59741f75-dde0-4aa7-9839-4fef31d8a6cb:group-9AC9CD14A056 changes role from CANDIDATE to LEADER at term 1 for changeToLeader
2019-08-21 09:30:44,831 [59741f75-dde0-4aa7-9839-4fef31d8a6cb:group-9AC9CD14A056:LeaderElection16] INFO  impl.RaftServerImpl (ServerState.java:setLeader(263)) - 59741f75-dde0-4aa7-9839-4fef31d8a6cb:group-9AC9CD14A056 change Leader from null to 59741f75-dde0-4aa7-9839-4fef31d8a6cb at term 1 for becomeLeader, leader elected after 5206ms
2019-08-21 09:30:44,832 [59741f75-dde0-4aa7-9839-4fef31d8a6cb:group-9AC9CD14A056:LeaderElection16] INFO  server.RaftServerConfigKeys (ConfUtils.java:logGet(43)) - raft.server.staging.catchup.gap = 1000 (default)
2019-08-21 09:30:44,832 [59741f75-dde0-4aa7-9839-4fef31d8a6cb:group-9AC9CD14A056:LeaderElection16] INFO  server.RaftServerConfigKeys (ConfUtils.java:logGet(43)) - raft.server.rpc.sleep.time = 25ms (default)
2019-08-21 09:30:44,832 [59741f75-dde0-4aa7-9839-4fef31d8a6cb:group-9AC9CD14A056:LeaderElection16] INFO  server.RaftServerConfigKeys (ConfUtils.java:logGet(43)) - raft.server.write.element-limit = 4096 (default)
2019-08-21 09:30:44,832 [59741f75-dde0-4aa7-9839-4fef31d8a6cb:group-9AC9CD14A056:LeaderElection16] INFO  server.RaftServerConfigKeys (ConfUtils.java:logGet(43)) - raft.server.watch.timeout = 10s (default)
2019-08-21 09:30:44,833 [59741f75-dde0-4aa7-9839-4fef31d8a6cb:group-9AC9CD14A056:LeaderElection16] INFO  server.RaftServerConfigKeys (ConfUtils.java:logGet(43)) - raft.server.watch.timeout.denomination = 1s (default)
2019-08-21 09:30:44,833 [59741f75-dde0-4aa7-9839-4fef31d8a6cb:group-9AC9CD14A056:LeaderElection16] INFO  server.RaftServerConfigKeys (ConfUtils.java:logGet(43)) - raft.server.watch.element-limit = 65536 (default)
2019-08-21 09:30:44,833 [59741f75-dde0-4aa7-9839-4fef31d8a6cb:group-9AC9CD14A056:LeaderElection16] INFO  impl.RoleInfo (RoleInfo.java:updateAndGet(143)) - 59741f75-dde0-4aa7-9839-4fef31d8a6cb: start LeaderState
2019-08-21 09:30:44,835 [59741f75-dde0-4aa7-9839-4fef31d8a6cb:group-9AC9CD14A056:LeaderElection16] INFO  segmented.SegmentedRaftLogWorker (SegmentedRaftLogWorker.java:startLogSegment(380)) - 59741f75-dde0-4aa7-9839-4fef31d8a6cb-SegmentedRaftLogWorker:Storage Directory /workdir/hadoop-ozone/integration-test/target/test-dir/MiniOzoneClusterImpl-33ae4b10-f24f-4466-94ae-5d1d58110502/datanode-2/data/ratis/87bc7c79-2020-4e68-9ebc-9ac9cd14a056: Starting segment from index:0
2019-08-21 09:30:44,835 [grpc-default-executor-1] INFO  impl.RaftServerImpl (ServerState.java:setRaftConf(361)) - 59741f75-dde0-4aa7-9839-4fef31d8a6cb:group-EB942AFDCBD7 set configuration 0: [08261258-4556-48ae-a229-db40bbbaf060:192.168.5.184:44716, 1e27fcfb-c104-4324-889c-430876b01a3a:192.168.5.184:42282, 59741f75-dde0-4aa7-9839-4fef31d8a6cb:192.168.5.184:37972], old=null at 0
2019-08-21 09:30:44,835 [59741f75-dde0-4aa7-9839-4fef31d8a6cb:group-9AC9CD14A056:LeaderElection16] INFO  impl.RaftServerImpl (ServerState.java:setRaftConf(361)) - 59741f75-dde0-4aa7-9839-4fef31d8a6cb:group-9AC9CD14A056 set configuration 0: [59741f75-dde0-4aa7-9839-4fef31d8a6cb:192.168.5.184:37972], old=null at 0
2019-08-21 09:30:44,835 [grpc-default-executor-1] INFO  segmented.SegmentedRaftLogWorker (SegmentedRaftLogWorker.java:startLogSegment(380)) - 59741f75-dde0-4aa7-9839-4fef31d8a6cb-SegmentedRaftLogWorker:Storage Directory /workdir/hadoop-ozone/integration-test/target/test-dir/MiniOzoneClusterImpl-33ae4b10-f24f-4466-94ae-5d1d58110502/datanode-2/data/ratis/51c9435d-115b-480c-af95-eb942afdcbd7: Starting segment from index:0
2019-08-21 09:30:44,868 [grpc-default-executor-0] INFO  impl.RaftServerImpl (ServerState.java:setRaftConf(361)) - 08261258-4556-48ae-a229-db40bbbaf060:group-EB942AFDCBD7 set configuration 0: [08261258-4556-48ae-a229-db40bbbaf060:192.168.5.184:44716, 1e27fcfb-c104-4324-889c-430876b01a3a:192.168.5.184:42282, 59741f75-dde0-4aa7-9839-4fef31d8a6cb:192.168.5.184:37972], old=null at 0
2019-08-21 09:30:44,869 [grpc-default-executor-0] INFO  segmented.SegmentedRaftLogWorker (SegmentedRaftLogWorker.java:startLogSegment(380)) - 08261258-4556-48ae-a229-db40bbbaf060-SegmentedRaftLogWorker:Storage Directory /workdir/hadoop-ozone/integration-test/target/test-dir/MiniOzoneClusterImpl-33ae4b10-f24f-4466-94ae-5d1d58110502/datanode-1/data/ratis/51c9435d-115b-480c-af95-eb942afdcbd7: Starting segment from index:0
2019-08-21 09:30:44,881 [59741f75-dde0-4aa7-9839-4fef31d8a6cb-SegmentedRaftLogWorker:Storage Directory /workdir/hadoop-ozone/integration-test/target/test-dir/MiniOzoneClusterImpl-33ae4b10-f24f-4466-94ae-5d1d58110502/datanode-2/data/ratis/87bc7c79-2020-4e68-9ebc-9ac9cd14a056] INFO  segmented.SegmentedRaftLogWorker (SegmentedRaftLogWorker.java:execute(569)) - 59741f75-dde0-4aa7-9839-4fef31d8a6cb-SegmentedRaftLogWorker:Storage Directory /workdir/hadoop-ozone/integration-test/target/test-dir/MiniOzoneClusterImpl-33ae4b10-f24f-4466-94ae-5d1d58110502/datanode-2/data/ratis/87bc7c79-2020-4e68-9ebc-9ac9cd14a056: created new log segment /workdir/hadoop-ozone/integration-test/target/test-dir/MiniOzoneClusterImpl-33ae4b10-f24f-4466-94ae-5d1d58110502/datanode-2/data/ratis/87bc7c79-2020-4e68-9ebc-9ac9cd14a056/current/log_inprogress_0
2019-08-21 09:30:44,920 [59741f75-dde0-4aa7-9839-4fef31d8a6cb-SegmentedRaftLogWorker:Storage Directory /workdir/hadoop-ozone/integration-test/target/test-dir/MiniOzoneClusterImpl-33ae4b10-f24f-4466-94ae-5d1d58110502/datanode-2/data/ratis/51c9435d-115b-480c-af95-eb942afdcbd7] INFO  segmented.SegmentedRaftLogWorker (SegmentedRaftLogWorker.java:execute(569)) - 59741f75-dde0-4aa7-9839-4fef31d8a6cb-SegmentedRaftLogWorker:Storage Directory /workdir/hadoop-ozone/integration-test/target/test-dir/MiniOzoneClusterImpl-33ae4b10-f24f-4466-94ae-5d1d58110502/datanode-2/data/ratis/51c9435d-115b-480c-af95-eb942afdcbd7: created new log segment /workdir/hadoop-ozone/integration-test/target/test-dir/MiniOzoneClusterImpl-33ae4b10-f24f-4466-94ae-5d1d58110502/datanode-2/data/ratis/51c9435d-115b-480c-af95-eb942afdcbd7/current/log_inprogress_0
2019-08-21 09:30:44,920 [08261258-4556-48ae-a229-db40bbbaf060-SegmentedRaftLogWorker:Storage Directory /workdir/hadoop-ozone/integration-test/target/test-dir/MiniOzoneClusterImpl-33ae4b10-f24f-4466-94ae-5d1d58110502/datanode-1/data/ratis/51c9435d-115b-480c-af95-eb942afdcbd7] INFO  segmented.SegmentedRaftLogWorker (SegmentedRaftLogWorker.java:execute(569)) - 08261258-4556-48ae-a229-db40bbbaf060-SegmentedRaftLogWorker:Storage Directory /workdir/hadoop-ozone/integration-test/target/test-dir/MiniOzoneClusterImpl-33ae4b10-f24f-4466-94ae-5d1d58110502/datanode-1/data/ratis/51c9435d-115b-480c-af95-eb942afdcbd7: created new log segment /workdir/hadoop-ozone/integration-test/target/test-dir/MiniOzoneClusterImpl-33ae4b10-f24f-4466-94ae-5d1d58110502/datanode-1/data/ratis/51c9435d-115b-480c-af95-eb942afdcbd7/current/log_inprogress_0
2019-08-21 09:30:45,023 [EventQueue-StaleNodeForStaleNodeHandler] INFO  node.StaleNodeHandler (StaleNodeHandler.java:onMessage(58)) - Datanode 1e27fcfb-c104-4324-889c-430876b01a3a{ip: 192.168.5.184, host: pr-hdds-1935-xjqtc-1107137857, networkLocation: /default-rack, certSerialId: null} moved to stale state. Finalizing its pipelines [PipelineID=5391df57-0fce-42e1-9ff6-25edb1db35d8, PipelineID=51c9435d-115b-480c-af95-eb942afdcbd7]
2019-08-21 09:30:45,024 [EventQueue-StaleNodeForStaleNodeHandler] INFO  pipeline.SCMPipelineManager (SCMPipelineManager.java:finalizeAndDestroyPipeline(309)) - destroying pipeline:Pipeline[ Id: 5391df57-0fce-42e1-9ff6-25edb1db35d8, Nodes: 1e27fcfb-c104-4324-889c-430876b01a3a{ip: 192.168.5.184, host: pr-hdds-1935-xjqtc-1107137857, networkLocation: /default-rack, certSerialId: null}, Type:RATIS, Factor:ONE, State:OPEN]
2019-08-21 09:30:45,024 [EventQueue-StaleNodeForStaleNodeHandler] INFO  pipeline.PipelineStateManager (PipelineStateManager.java:finalizePipeline(123)) - Pipeline Pipeline[ Id: 5391df57-0fce-42e1-9ff6-25edb1db35d8, Nodes: 1e27fcfb-c104-4324-889c-430876b01a3a{ip: 192.168.5.184, host: pr-hdds-1935-xjqtc-1107137857, networkLocation: /default-rack, certSerialId: null}, Type:RATIS, Factor:ONE, State:CLOSED] moved to CLOSED state
2019-08-21 09:30:45,027 [EventQueue-StaleNodeForStaleNodeHandler] INFO  pipeline.SCMPipelineManager (SCMPipelineManager.java:finalizeAndDestroyPipeline(309)) - destroying pipeline:Pipeline[ Id: 51c9435d-115b-480c-af95-eb942afdcbd7, Nodes: 1e27fcfb-c104-4324-889c-430876b01a3a{ip: 192.168.5.184, host: pr-hdds-1935-xjqtc-1107137857, networkLocation: /default-rack, certSerialId: null}59741f75-dde0-4aa7-9839-4fef31d8a6cb{ip: 192.168.5.184, host: pr-hdds-1935-xjqtc-1107137857, networkLocation: /default-rack, certSerialId: null}08261258-4556-48ae-a229-db40bbbaf060{ip: 192.168.5.184, host: pr-hdds-1935-xjqtc-1107137857, networkLocation: /default-rack, certSerialId: null}, Type:RATIS, Factor:THREE, State:OPEN]
2019-08-21 09:30:45,027 [EventQueue-StaleNodeForStaleNodeHandler] INFO  pipeline.PipelineStateManager (PipelineStateManager.java:finalizePipeline(123)) - Pipeline Pipeline[ Id: 51c9435d-115b-480c-af95-eb942afdcbd7, Nodes: 1e27fcfb-c104-4324-889c-430876b01a3a{ip: 192.168.5.184, host: pr-hdds-1935-xjqtc-1107137857, networkLocation: /default-rack, certSerialId: null}59741f75-dde0-4aa7-9839-4fef31d8a6cb{ip: 192.168.5.184, host: pr-hdds-1935-xjqtc-1107137857, networkLocation: /default-rack, certSerialId: null}08261258-4556-48ae-a229-db40bbbaf060{ip: 192.168.5.184, host: pr-hdds-1935-xjqtc-1107137857, networkLocation: /default-rack, certSerialId: null}, Type:RATIS, Factor:THREE, State:CLOSED] moved to CLOSED state
2019-08-21 09:30:45,406 | INFO  | SCMAudit | user=jenkins1000 | ip=192.168.5.184 | op=SEND_HEARTBEAT {datanodeUUID=08261258-4556-48ae-a229-db40bbbaf060, command=[]} | ret=SUCCESS |  
2019-08-21 09:30:45,581 [Thread-324] INFO  ozoneimpl.OzoneContainer (OzoneContainer.java:stop(199)) - Attempting to stop container services.
2019-08-21 09:30:45,582 | INFO  | SCMAudit | user=jenkins1000 | ip=192.168.5.184 | op=SEND_HEARTBEAT {datanodeUUID=59741f75-dde0-4aa7-9839-4fef31d8a6cb, command=[]} | ret=SUCCESS |  
2019-08-21 09:30:45,582 [Thread-324] INFO  impl.RaftServerProxy (RaftServerProxy.java:lambda$close$4(314)) - 1e27fcfb-c104-4324-889c-430876b01a3a: close
2019-08-21 09:30:45,583 [Thread-324] INFO  impl.RaftServerImpl (RaftServerImpl.java:lambda$shutdown$3(245)) - 1e27fcfb-c104-4324-889c-430876b01a3a: shutdown group-25EDB1DB35D8
2019-08-21 09:30:45,583 [ForkJoinPool.commonPool-worker-1] INFO  impl.RaftServerImpl (RaftServerImpl.java:lambda$shutdown$3(245)) - 1e27fcfb-c104-4324-889c-430876b01a3a: shutdown group-EB942AFDCBD7
2019-08-21 09:30:45,583 [Thread-324] INFO  util.JmxRegister (JmxRegister.java:unregister(73)) - Successfully un-registered JMX Bean with object name Ratis:service=RaftServer,group=group-25EDB1DB35D8,id=1e27fcfb-c104-4324-889c-430876b01a3a
2019-08-21 09:30:45,584 [ForkJoinPool.commonPool-worker-1] INFO  util.JmxRegister (JmxRegister.java:unregister(73)) - Successfully un-registered JMX Bean with object name Ratis:service=RaftServer,group=group-EB942AFDCBD7,id=1e27fcfb-c104-4324-889c-430876b01a3a
2019-08-21 09:30:45,584 [Thread-324] INFO  impl.RoleInfo (RoleInfo.java:shutdownLeaderState(104)) - 1e27fcfb-c104-4324-889c-430876b01a3a: shutdown LeaderState
2019-08-21 09:30:45,584 [ForkJoinPool.commonPool-worker-1] INFO  impl.RoleInfo (RoleInfo.java:shutdownLeaderState(104)) - 1e27fcfb-c104-4324-889c-430876b01a3a: shutdown LeaderState
2019-08-21 09:30:45,585 [Thread-324] INFO  impl.PendingRequests (PendingRequests.java:sendNotLeaderResponses(202)) - 1e27fcfb-c104-4324-889c-430876b01a3a-PendingRequests: sendNotLeaderResponses
2019-08-21 09:30:45,589 [org.apache.ratis.server.impl.LogAppender$AppenderDaemon$$Lambda$502/2053000484@517e688] WARN  server.GrpcLogAppender (GrpcLogAppender.java:mayWait(143)) - GrpcLogAppender(1e27fcfb-c104-4324-889c-430876b01a3a->59741f75-dde0-4aa7-9839-4fef31d8a6cb): Wait interrupted by java.lang.InterruptedException
2019-08-21 09:30:45,589 [org.apache.ratis.server.impl.LogAppender$AppenderDaemon$$Lambda$502/2053000484@401560ee] WARN  server.GrpcLogAppender (GrpcLogAppender.java:mayWait(143)) - GrpcLogAppender(1e27fcfb-c104-4324-889c-430876b01a3a->08261258-4556-48ae-a229-db40bbbaf060): Wait interrupted by java.lang.InterruptedException
2019-08-21 09:30:45,589 [ForkJoinPool.commonPool-worker-1] INFO  impl.PendingRequests (PendingRequests.java:sendNotLeaderResponses(202)) - 1e27fcfb-c104-4324-889c-430876b01a3a-PendingRequests: sendNotLeaderResponses
2019-08-21 09:30:45,589 [Thread-324] INFO  impl.StateMachineUpdater (StateMachineUpdater.java:stopAndJoin(115)) - StateMachineUpdater:1e27fcfb-c104-4324-889c-430876b01a3a:group-25EDB1DB35D8: set stopIndex = 0
2019-08-21 09:30:45,594 [ForkJoinPool.commonPool-worker-1] INFO  impl.StateMachineUpdater (StateMachineUpdater.java:stopAndJoin(115)) - StateMachineUpdater:1e27fcfb-c104-4324-889c-430876b01a3a:group-EB942AFDCBD7: set stopIndex = 0
2019-08-21 09:30:45,597 [grpc-default-executor-1] INFO  server.GrpcServerProtocolService (GrpcServerProtocolService.java:onCompleted(104)) - 08261258-4556-48ae-a229-db40bbbaf060: appendEntries completed
2019-08-21 09:30:45,596 [Thread-324] INFO  impl.RaftServerImpl (ServerState.java:close(394)) - 1e27fcfb-c104-4324-889c-430876b01a3a:group-25EDB1DB35D8 closes. The last applied log index is 0
2019-08-21 09:30:45,596 [grpc-default-executor-0] INFO  server.GrpcServerProtocolService (GrpcServerProtocolService.java:onCompleted(104)) - 59741f75-dde0-4aa7-9839-4fef31d8a6cb: appendEntries completed
2019-08-21 09:30:45,597 [ForkJoinPool.commonPool-worker-1] INFO  impl.RaftServerImpl (ServerState.java:close(394)) - 1e27fcfb-c104-4324-889c-430876b01a3a:group-EB942AFDCBD7 closes. The last applied log index is 0
2019-08-21 09:30:45,599 [1e27fcfb-c104-4324-889c-430876b01a3a-SegmentedRaftLogWorker:Storage Directory /workdir/hadoop-ozone/integration-test/target/test-dir/MiniOzoneClusterImpl-33ae4b10-f24f-4466-94ae-5d1d58110502/datanode-0/data/ratis/5391df57-0fce-42e1-9ff6-25edb1db35d8] INFO  segmented.SegmentedRaftLogWorker (SegmentedRaftLogWorker.java:run(313)) - 1e27fcfb-c104-4324-889c-430876b01a3a-SegmentedRaftLogWorker:Storage Directory /workdir/hadoop-ozone/integration-test/target/test-dir/MiniOzoneClusterImpl-33ae4b10-f24f-4466-94ae-5d1d58110502/datanode-0/data/ratis/5391df57-0fce-42e1-9ff6-25edb1db35d8 was interrupted, exiting. There are 0 tasks remaining in the queue.
2019-08-21 09:30:45,599 [1e27fcfb-c104-4324-889c-430876b01a3a-SegmentedRaftLogWorker:Storage Directory /workdir/hadoop-ozone/integration-test/target/test-dir/MiniOzoneClusterImpl-33ae4b10-f24f-4466-94ae-5d1d58110502/datanode-0/data/ratis/51c9435d-115b-480c-af95-eb942afdcbd7] INFO  segmented.SegmentedRaftLogWorker (SegmentedRaftLogWorker.java:run(313)) - 1e27fcfb-c104-4324-889c-430876b01a3a-SegmentedRaftLogWorker:Storage Directory /workdir/hadoop-ozone/integration-test/target/test-dir/MiniOzoneClusterImpl-33ae4b10-f24f-4466-94ae-5d1d58110502/datanode-0/data/ratis/51c9435d-115b-480c-af95-eb942afdcbd7 was interrupted, exiting. There are 0 tasks remaining in the queue.
2019-08-21 09:30:45,599 [grpc-default-executor-0] INFO  server.GrpcLogAppender (GrpcLogAppender.java:onCompleted(292)) - 1e27fcfb-c104-4324-889c-430876b01a3a->08261258-4556-48ae-a229-db40bbbaf060: follower responses appendEntries COMPLETED
2019-08-21 09:30:45,602 [ForkJoinPool.commonPool-worker-1] INFO  segmented.SegmentedRaftLogWorker (SegmentedRaftLogWorker.java:close(228)) - 1e27fcfb-c104-4324-889c-430876b01a3a-SegmentedRaftLogWorker:Storage Directory /workdir/hadoop-ozone/integration-test/target/test-dir/MiniOzoneClusterImpl-33ae4b10-f24f-4466-94ae-5d1d58110502/datanode-0/data/ratis/51c9435d-115b-480c-af95-eb942afdcbd7 close()
2019-08-21 09:30:45,602 [grpc-default-executor-1] INFO  server.GrpcLogAppender (GrpcLogAppender.java:onCompleted(292)) - 1e27fcfb-c104-4324-889c-430876b01a3a->59741f75-dde0-4aa7-9839-4fef31d8a6cb: follower responses appendEntries COMPLETED
2019-08-21 09:30:45,601 [Thread-324] INFO  segmented.SegmentedRaftLogWorker (SegmentedRaftLogWorker.java:close(228)) - 1e27fcfb-c104-4324-889c-430876b01a3a-SegmentedRaftLogWorker:Storage Directory /workdir/hadoop-ozone/integration-test/target/test-dir/MiniOzoneClusterImpl-33ae4b10-f24f-4466-94ae-5d1d58110502/datanode-0/data/ratis/5391df57-0fce-42e1-9ff6-25edb1db35d8 close()
2019-08-21 09:30:45,608 [grpc-default-executor-1] INFO  impl.FollowerInfo (FollowerInfo.java:lambda$new$0(50)) - 1e27fcfb-c104-4324-889c-430876b01a3a->59741f75-dde0-4aa7-9839-4fef31d8a6cb: nextIndex: updateUnconditionally 1 -> 0
2019-08-21 09:30:45,605 [grpc-default-executor-0] INFO  impl.FollowerInfo (FollowerInfo.java:lambda$new$0(50)) - 1e27fcfb-c104-4324-889c-430876b01a3a->08261258-4556-48ae-a229-db40bbbaf060: nextIndex: updateUnconditionally 1 -> 0
2019-08-21 09:30:45,618 [Thread-324] INFO  server.GrpcService (GrpcService.java:closeImpl(155)) - 1e27fcfb-c104-4324-889c-430876b01a3a: shutdown server with port 42282 now
2019-08-21 09:30:45,619 [Thread-324] INFO  server.GrpcService (GrpcService.java:closeImpl(163)) - 1e27fcfb-c104-4324-889c-430876b01a3a: shutdown server with port 42282 successfully
2019-08-21 09:30:45,621 [Thread-324] INFO  utils.BackgroundService (BackgroundService.java:shutdown(148)) - Shutting down service BlockDeletingService
2019-08-21 09:30:45,622 [refreshUsed-/workdir/hadoop-ozone/integration-test/target/test-dir/MiniOzoneClusterImpl-33ae4b10-f24f-4466-94ae-5d1d58110502/datanode-0/data/containers] WARN  fs.CachingGetSpaceUsed (CachingGetSpaceUsed.java:run(183)) - Thread Interrupted waiting to refresh disk information: sleep interrupted
2019-08-21 09:30:45,645 [Thread-324] INFO  statemachine.DatanodeStateMachine (DatanodeStateMachine.java:stopDaemon(395)) - Ozone container server stopped.
2019-08-21 09:30:45,646 [Thread-324] INFO  handler.ContextHandler (ContextHandler.java:doStop(910)) - Stopped o.e.j.w.WebAppContext@52fe8835{/,null,UNAVAILABLE}{/hddsDatanode}
2019-08-21 09:30:45,647 [Thread-324] INFO  server.AbstractConnector (AbstractConnector.java:doStop(318)) - Stopped ServerConnector@1bc956fc{HTTP/1.1,[http/1.1]}{0.0.0.0:0}
2019-08-21 09:30:45,647 [Thread-324] INFO  handler.ContextHandler (ContextHandler.java:doStop(910)) - Stopped o.e.j.s.ServletContextHandler@5f3f3391{/static,jar:file:/home/user/.m2/repository/org/apache/hadoop/hadoop-hdds-container-service/0.5.0-SNAPSHOT/hadoop-hdds-container-service-0.5.0-SNAPSHOT.jar!/webapps/static,UNAVAILABLE}
2019-08-21 09:30:45,647 [Thread-324] INFO  handler.ContextHandler (ContextHandler.java:doStop(910)) - Stopped o.e.j.s.ServletContextHandler@fc72746{/logs,file:///workdir/hadoop-ozone/integration-test/target/log,UNAVAILABLE}
2019-08-21 09:30:45,648 [Thread-324] INFO  datanode.ObjectStoreHandler (ObjectStoreHandler.java:close(155)) - Closing ObjectStoreHandler.
2019-08-21 09:30:45,649 [Thread-324] INFO  ozone.HddsDatanodeService (HddsDatanodeService.java:stop(451)) - Stopped plug-in org.apache.hadoop.ozone.web.OzoneHddsDatanodeService@4f1cdbb7
2019-08-21 09:30:46,405 [Datanode State Machine Thread - 0] INFO  statemachine.DatanodeStateMachine (DatanodeStateMachine.java:lambda$startDaemon$0(350)) - Ozone container server started.
2019-08-21 09:30:46,582 | INFO  | SCMAudit | user=jenkins1000 | ip=192.168.5.184 | op=SEND_HEARTBEAT {datanodeUUID=59741f75-dde0-4aa7-9839-4fef31d8a6cb, command=[]} | ret=SUCCESS |  
2019-08-21 09:30:47,583 | INFO  | SCMAudit | user=jenkins1000 | ip=192.168.5.184 | op=SEND_HEARTBEAT {datanodeUUID=59741f75-dde0-4aa7-9839-4fef31d8a6cb, command=[]} | ret=SUCCESS |  
2019-08-21 09:30:48,582 | INFO  | SCMAudit | user=jenkins1000 | ip=192.168.5.184 | op=SEND_HEARTBEAT {datanodeUUID=59741f75-dde0-4aa7-9839-4fef31d8a6cb, command=[]} | ret=SUCCESS |  
2019-08-21 09:30:49,583 | INFO  | SCMAudit | user=jenkins1000 | ip=192.168.5.184 | op=SEND_HEARTBEAT {datanodeUUID=59741f75-dde0-4aa7-9839-4fef31d8a6cb, command=[]} | ret=SUCCESS |  
2019-08-21 09:30:50,583 | INFO  | SCMAudit | user=jenkins1000 | ip=192.168.5.184 | op=SEND_HEARTBEAT {datanodeUUID=59741f75-dde0-4aa7-9839-4fef31d8a6cb, command=[]} | ret=SUCCESS |  
2019-08-21 09:30:50,650 [Thread-324] INFO  ozoneimpl.OzoneContainer (OzoneContainer.java:stop(199)) - Attempting to stop container services.
2019-08-21 09:30:50,651 [Thread-324] INFO  impl.RaftServerProxy (RaftServerProxy.java:lambda$close$4(314)) - 08261258-4556-48ae-a229-db40bbbaf060: close
2019-08-21 09:30:50,652 [Thread-324] INFO  impl.RaftServerImpl (RaftServerImpl.java:lambda$shutdown$3(245)) - 08261258-4556-48ae-a229-db40bbbaf060: shutdown group-D50CC2FA0BA1
2019-08-21 09:30:50,652 [ForkJoinPool.commonPool-worker-0] INFO  impl.RaftServerImpl (RaftServerImpl.java:lambda$shutdown$3(245)) - 08261258-4556-48ae-a229-db40bbbaf060: shutdown group-EB942AFDCBD7
2019-08-21 09:30:50,652 [Thread-324] INFO  util.JmxRegister (JmxRegister.java:unregister(73)) - Successfully un-registered JMX Bean with object name Ratis:service=RaftServer,group=group-D50CC2FA0BA1,id=08261258-4556-48ae-a229-db40bbbaf060
2019-08-21 09:30:50,652 [ForkJoinPool.commonPool-worker-0] INFO  util.JmxRegister (JmxRegister.java:unregister(73)) - Successfully un-registered JMX Bean with object name Ratis:service=RaftServer,group=group-EB942AFDCBD7,id=08261258-4556-48ae-a229-db40bbbaf060
2019-08-21 09:30:50,653 [Thread-324] INFO  impl.RoleInfo (RoleInfo.java:shutdownLeaderState(104)) - 08261258-4556-48ae-a229-db40bbbaf060: shutdown LeaderState
2019-08-21 09:30:50,653 [ForkJoinPool.commonPool-worker-0] INFO  impl.RoleInfo (RoleInfo.java:shutdownFollowerState(121)) - 08261258-4556-48ae-a229-db40bbbaf060: shutdown FollowerState
2019-08-21 09:30:50,653 [Thread-324] INFO  impl.PendingRequests (PendingRequests.java:sendNotLeaderResponses(202)) - 08261258-4556-48ae-a229-db40bbbaf060-PendingRequests: sendNotLeaderResponses
2019-08-21 09:30:50,654 [Thread-523] INFO  impl.FollowerState (FollowerState.java:run(114)) - 08261258-4556-48ae-a229-db40bbbaf060: FollowerState was interrupted: java.lang.InterruptedException: sleep interrupted
2019-08-21 09:30:50,656 [Thread-324] INFO  impl.StateMachineUpdater (StateMachineUpdater.java:stopAndJoin(115)) - StateMachineUpdater:08261258-4556-48ae-a229-db40bbbaf060:group-D50CC2FA0BA1: set stopIndex = 0
2019-08-21 09:30:50,653 [ForkJoinPool.commonPool-worker-0] INFO  impl.StateMachineUpdater (StateMachineUpdater.java:stopAndJoin(115)) - StateMachineUpdater:08261258-4556-48ae-a229-db40bbbaf060:group-EB942AFDCBD7: set stopIndex = -1
2019-08-21 09:30:50,658 [Thread-324] INFO  impl.RaftServerImpl (ServerState.java:close(394)) - 08261258-4556-48ae-a229-db40bbbaf060:group-D50CC2FA0BA1 closes. The last applied log index is 0
2019-08-21 09:30:50,659 [ForkJoinPool.commonPool-worker-0] INFO  impl.RaftServerImpl (ServerState.java:close(394)) - 08261258-4556-48ae-a229-db40bbbaf060:group-EB942AFDCBD7 closes. The last applied log index is -1
2019-08-21 09:30:50,659 [08261258-4556-48ae-a229-db40bbbaf060-SegmentedRaftLogWorker:Storage Directory /workdir/hadoop-ozone/integration-test/target/test-dir/MiniOzoneClusterImpl-33ae4b10-f24f-4466-94ae-5d1d58110502/datanode-1/data/ratis/bf15aef7-74b6-459e-a6ae-d50cc2fa0ba1] INFO  segmented.SegmentedRaftLogWorker (SegmentedRaftLogWorker.java:run(313)) - 08261258-4556-48ae-a229-db40bbbaf060-SegmentedRaftLogWorker:Storage Directory /workdir/hadoop-ozone/integration-test/target/test-dir/MiniOzoneClusterImpl-33ae4b10-f24f-4466-94ae-5d1d58110502/datanode-1/data/ratis/bf15aef7-74b6-459e-a6ae-d50cc2fa0ba1 was interrupted, exiting. There are 0 tasks remaining in the queue.
2019-08-21 09:30:50,660 [08261258-4556-48ae-a229-db40bbbaf060-SegmentedRaftLogWorker:Storage Directory /workdir/hadoop-ozone/integration-test/target/test-dir/MiniOzoneClusterImpl-33ae4b10-f24f-4466-94ae-5d1d58110502/datanode-1/data/ratis/51c9435d-115b-480c-af95-eb942afdcbd7] INFO  segmented.SegmentedRaftLogWorker (SegmentedRaftLogWorker.java:run(313)) - 08261258-4556-48ae-a229-db40bbbaf060-SegmentedRaftLogWorker:Storage Directory /workdir/hadoop-ozone/integration-test/target/test-dir/MiniOzoneClusterImpl-33ae4b10-f24f-4466-94ae-5d1d58110502/datanode-1/data/ratis/51c9435d-115b-480c-af95-eb942afdcbd7 was interrupted, exiting. There are 0 tasks remaining in the queue.
2019-08-21 09:30:50,662 [Thread-324] INFO  segmented.SegmentedRaftLogWorker (SegmentedRaftLogWorker.java:close(228)) - 08261258-4556-48ae-a229-db40bbbaf060-SegmentedRaftLogWorker:Storage Directory /workdir/hadoop-ozone/integration-test/target/test-dir/MiniOzoneClusterImpl-33ae4b10-f24f-4466-94ae-5d1d58110502/datanode-1/data/ratis/bf15aef7-74b6-459e-a6ae-d50cc2fa0ba1 close()
2019-08-21 09:30:50,662 [ForkJoinPool.commonPool-worker-0] INFO  segmented.SegmentedRaftLogWorker (SegmentedRaftLogWorker.java:close(228)) - 08261258-4556-48ae-a229-db40bbbaf060-SegmentedRaftLogWorker:Storage Directory /workdir/hadoop-ozone/integration-test/target/test-dir/MiniOzoneClusterImpl-33ae4b10-f24f-4466-94ae-5d1d58110502/datanode-1/data/ratis/51c9435d-115b-480c-af95-eb942afdcbd7 close()
2019-08-21 09:30:50,665 [Thread-324] INFO  server.GrpcService (GrpcService.java:closeImpl(155)) - 08261258-4556-48ae-a229-db40bbbaf060: shutdown server with port 44716 now
2019-08-21 09:30:50,665 [Thread-324] INFO  server.GrpcService (GrpcService.java:closeImpl(163)) - 08261258-4556-48ae-a229-db40bbbaf060: shutdown server with port 44716 successfully
2019-08-21 09:30:50,666 [Thread-324] INFO  utils.BackgroundService (BackgroundService.java:shutdown(148)) - Shutting down service BlockDeletingService
2019-08-21 09:30:50,668 [refreshUsed-/workdir/hadoop-ozone/integration-test/target/test-dir/MiniOzoneClusterImpl-33ae4b10-f24f-4466-94ae-5d1d58110502/datanode-1/data/containers] WARN  fs.CachingGetSpaceUsed (CachingGetSpaceUsed.java:run(183)) - Thread Interrupted waiting to refresh disk information: sleep interrupted
2019-08-21 09:30:50,688 [Thread-324] INFO  statemachine.DatanodeStateMachine (DatanodeStateMachine.java:stopDaemon(395)) - Ozone container server stopped.
2019-08-21 09:30:50,690 [Thread-324] INFO  handler.ContextHandler (ContextHandler.java:doStop(910)) - Stopped o.e.j.w.WebAppContext@3191111a{/,null,UNAVAILABLE}{/hddsDatanode}
2019-08-21 09:30:50,691 [Thread-324] INFO  server.AbstractConnector (AbstractConnector.java:doStop(318)) - Stopped ServerConnector@2bd5586b{HTTP/1.1,[http/1.1]}{0.0.0.0:0}
2019-08-21 09:30:50,691 [Thread-324] INFO  handler.ContextHandler (ContextHandler.java:doStop(910)) - Stopped o.e.j.s.ServletContextHandler@66c5d31c{/static,jar:file:/home/user/.m2/repository/org/apache/hadoop/hadoop-hdds-container-service/0.5.0-SNAPSHOT/hadoop-hdds-container-service-0.5.0-SNAPSHOT.jar!/webapps/static,UNAVAILABLE}
2019-08-21 09:30:50,692 [Thread-324] INFO  handler.ContextHandler (ContextHandler.java:doStop(910)) - Stopped o.e.j.s.ServletContextHandler@4ecd9fd2{/logs,file:///workdir/hadoop-ozone/integration-test/target/log,UNAVAILABLE}
2019-08-21 09:30:50,693 [Thread-324] INFO  datanode.ObjectStoreHandler (ObjectStoreHandler.java:close(155)) - Closing ObjectStoreHandler.
2019-08-21 09:30:50,694 [Thread-324] INFO  ozone.HddsDatanodeService (HddsDatanodeService.java:stop(451)) - Stopped plug-in org.apache.hadoop.ozone.web.OzoneHddsDatanodeService@6ce10d57
2019-08-21 09:30:51,025 [EventQueue-StaleNodeForStaleNodeHandler] INFO  node.StaleNodeHandler (StaleNodeHandler.java:onMessage(58)) - Datanode 08261258-4556-48ae-a229-db40bbbaf060{ip: 192.168.5.184, host: pr-hdds-1935-xjqtc-1107137857, networkLocation: /default-rack, certSerialId: null} moved to stale state. Finalizing its pipelines [PipelineID=bf15aef7-74b6-459e-a6ae-d50cc2fa0ba1, PipelineID=51c9435d-115b-480c-af95-eb942afdcbd7]
2019-08-21 09:30:51,025 [EventQueue-StaleNodeForStaleNodeHandler] INFO  pipeline.SCMPipelineManager (SCMPipelineManager.java:finalizeAndDestroyPipeline(309)) - destroying pipeline:Pipeline[ Id: bf15aef7-74b6-459e-a6ae-d50cc2fa0ba1, Nodes: 08261258-4556-48ae-a229-db40bbbaf060{ip: 192.168.5.184, host: pr-hdds-1935-xjqtc-1107137857, networkLocation: /default-rack, certSerialId: null}, Type:RATIS, Factor:ONE, State:OPEN]
2019-08-21 09:30:51,025 [EventQueue-StaleNodeForStaleNodeHandler] INFO  pipeline.PipelineStateManager (PipelineStateManager.java:finalizePipeline(123)) - Pipeline Pipeline[ Id: bf15aef7-74b6-459e-a6ae-d50cc2fa0ba1, Nodes: 08261258-4556-48ae-a229-db40bbbaf060{ip: 192.168.5.184, host: pr-hdds-1935-xjqtc-1107137857, networkLocation: /default-rack, certSerialId: null}, Type:RATIS, Factor:ONE, State:CLOSED] moved to CLOSED state
2019-08-21 09:30:51,026 [EventQueue-StaleNodeForStaleNodeHandler] INFO  pipeline.SCMPipelineManager (SCMPipelineManager.java:finalizeAndDestroyPipeline(309)) - destroying pipeline:Pipeline[ Id: 51c9435d-115b-480c-af95-eb942afdcbd7, Nodes: 1e27fcfb-c104-4324-889c-430876b01a3a{ip: 192.168.5.184, host: pr-hdds-1935-xjqtc-1107137857, networkLocation: /default-rack, certSerialId: null}59741f75-dde0-4aa7-9839-4fef31d8a6cb{ip: 192.168.5.184, host: pr-hdds-1935-xjqtc-1107137857, networkLocation: /default-rack, certSerialId: null}08261258-4556-48ae-a229-db40bbbaf060{ip: 192.168.5.184, host: pr-hdds-1935-xjqtc-1107137857, networkLocation: /default-rack, certSerialId: null}, Type:RATIS, Factor:THREE, State:CLOSED]
2019-08-21 09:30:51,581 [Datanode State Machine Thread - 0] INFO  statemachine.DatanodeStateMachine (DatanodeStateMachine.java:lambda$startDaemon$0(350)) - Ozone container server started.
2019-08-21 09:30:54,912 [Thread-524] INFO  impl.FollowerState (FollowerState.java:run(106)) - 59741f75-dde0-4aa7-9839-4fef31d8a6cb:group-EB942AFDCBD7 changes to CANDIDATE, lastRpcTime:9979, electionTimeout:5058ms
2019-08-21 09:30:54,912 [Thread-524] INFO  impl.RoleInfo (RoleInfo.java:shutdownFollowerState(121)) - 59741f75-dde0-4aa7-9839-4fef31d8a6cb: shutdown FollowerState
2019-08-21 09:30:54,912 [Thread-524] INFO  impl.RaftServerImpl (RaftServerImpl.java:setRole(171)) - 59741f75-dde0-4aa7-9839-4fef31d8a6cb:group-EB942AFDCBD7 changes role from FOLLOWER to CANDIDATE at term 1 for changeToCandidate
2019-08-21 09:30:54,913 [Thread-524] INFO  impl.RoleInfo (RoleInfo.java:updateAndGet(143)) - 59741f75-dde0-4aa7-9839-4fef31d8a6cb: start LeaderElection
2019-08-21 09:30:54,915 [59741f75-dde0-4aa7-9839-4fef31d8a6cb:group-EB942AFDCBD7:LeaderElection17] INFO  impl.RaftServerImpl (ServerState.java:setLeader(263)) - 59741f75-dde0-4aa7-9839-4fef31d8a6cb:group-EB942AFDCBD7 change Leader from 1e27fcfb-c104-4324-889c-430876b01a3a to null at term 1 for initElection
2019-08-21 09:30:54,929 [59741f75-dde0-4aa7-9839-4fef31d8a6cb:group-EB942AFDCBD7:LeaderElection17] INFO  impl.LeaderElection (LeaderElection.java:askForVotes(181)) - 59741f75-dde0-4aa7-9839-4fef31d8a6cb:group-EB942AFDCBD7:LeaderElection17: begin an election at term 2 for 0: [08261258-4556-48ae-a229-db40bbbaf060:192.168.5.184:44716, 1e27fcfb-c104-4324-889c-430876b01a3a:192.168.5.184:42282, 59741f75-dde0-4aa7-9839-4fef31d8a6cb:192.168.5.184:37972], old=null
2019-08-21 09:30:54,939 [59741f75-dde0-4aa7-9839-4fef31d8a6cb:group-EB942AFDCBD7:LeaderElection17] INFO  impl.LeaderElection (LogUtils.java:infoOrTrace(149)) - 59741f75-dde0-4aa7-9839-4fef31d8a6cb:group-EB942AFDCBD7:LeaderElection17 got exception when requesting votes: {}
java.util.concurrent.ExecutionException: org.apache.ratis.thirdparty.io.grpc.StatusRuntimeException: UNAVAILABLE: io exception
	at java.util.concurrent.FutureTask.report(FutureTask.java:122)
	at java.util.concurrent.FutureTask.get(FutureTask.java:192)
	at org.apache.ratis.server.impl.LeaderElection.waitForResults(LeaderElection.java:262)
	at org.apache.ratis.server.impl.LeaderElection.askForVotes(LeaderElection.java:200)
	at org.apache.ratis.server.impl.LeaderElection.run(LeaderElection.java:130)
	at java.lang.Thread.run(Thread.java:748)
Caused by: org.apache.ratis.thirdparty.io.grpc.StatusRuntimeException: UNAVAILABLE: io exception
	at org.apache.ratis.thirdparty.io.grpc.stub.ClientCalls.toStatusRuntimeException(ClientCalls.java:233)
	at org.apache.ratis.thirdparty.io.grpc.stub.ClientCalls.getUnchecked(ClientCalls.java:214)
	at org.apache.ratis.thirdparty.io.grpc.stub.ClientCalls.blockingUnaryCall(ClientCalls.java:139)
	at org.apache.ratis.proto.grpc.RaftServerProtocolServiceGrpc$RaftServerProtocolServiceBlockingStub.requestVote(RaftServerProtocolServiceGrpc.java:265)
	at org.apache.ratis.grpc.server.GrpcServerProtocolClient.requestVote(GrpcServerProtocolClient.java:83)
	at org.apache.ratis.grpc.server.GrpcService.requestVote(GrpcService.java:195)
	at org.apache.ratis.server.impl.LeaderElection.lambda$submitRequests$1(LeaderElection.java:237)
	at java.util.concurrent.FutureTask.run(FutureTask.java:266)
	at java.util.concurrent.Executors$RunnableAdapter.call(Executors.java:511)
	at java.util.concurrent.FutureTask.run(FutureTask.java:266)
	at java.util.concurrent.ThreadPoolExecutor.runWorker(ThreadPoolExecutor.java:1149)
	at java.util.concurrent.ThreadPoolExecutor$Worker.run(ThreadPoolExecutor.java:624)
	... 1 more
Caused by: org.apache.ratis.thirdparty.io.netty.channel.AbstractChannel$AnnotatedConnectException: Connection refused: /192.168.5.184:42282
	at sun.nio.ch.SocketChannelImpl.checkConnect(Native Method)
	at sun.nio.ch.SocketChannelImpl.finishConnect(SocketChannelImpl.java:717)
	at org.apache.ratis.thirdparty.io.netty.channel.socket.nio.NioSocketChannel.doFinishConnect(NioSocketChannel.java:327)
	at org.apache.ratis.thirdparty.io.netty.channel.nio.AbstractNioChannel$AbstractNioUnsafe.finishConnect(AbstractNioChannel.java:340)
	at org.apache.ratis.thirdparty.io.netty.channel.nio.NioEventLoop.processSelectedKey(NioEventLoop.java:632)
	at org.apache.ratis.thirdparty.io.netty.channel.nio.NioEventLoop.processSelectedKeysOptimized(NioEventLoop.java:579)
	at org.apache.ratis.thirdparty.io.netty.channel.nio.NioEventLoop.processSelectedKeys(NioEventLoop.java:496)
	at org.apache.ratis.thirdparty.io.netty.channel.nio.NioEventLoop.run(NioEventLoop.java:458)
	at org.apache.ratis.thirdparty.io.netty.util.concurrent.SingleThreadEventExecutor$5.run(SingleThreadEventExecutor.java:897)
	at org.apache.ratis.thirdparty.io.netty.util.concurrent.FastThreadLocalRunnable.run(FastThreadLocalRunnable.java:30)
	... 1 more
Caused by: java.net.ConnectException: Connection refused
	... 11 more
2019-08-21 09:30:54,941 [59741f75-dde0-4aa7-9839-4fef31d8a6cb:group-EB942AFDCBD7:LeaderElection17] INFO  impl.LeaderElection (LogUtils.java:infoOrTrace(149)) - 59741f75-dde0-4aa7-9839-4fef31d8a6cb:group-EB942AFDCBD7:LeaderElection17 got exception when requesting votes: {}
java.util.concurrent.ExecutionException: org.apache.ratis.thirdparty.io.grpc.StatusRuntimeException: UNAVAILABLE: io exception
	at java.util.concurrent.FutureTask.report(FutureTask.java:122)
	at java.util.concurrent.FutureTask.get(FutureTask.java:192)
	at org.apache.ratis.server.impl.LeaderElection.waitForResults(LeaderElection.java:262)
	at org.apache.ratis.server.impl.LeaderElection.askForVotes(LeaderElection.java:200)
	at org.apache.ratis.server.impl.LeaderElection.run(LeaderElection.java:130)
	at java.lang.Thread.run(Thread.java:748)
Caused by: org.apache.ratis.thirdparty.io.grpc.StatusRuntimeException: UNAVAILABLE: io exception
	at org.apache.ratis.thirdparty.io.grpc.stub.ClientCalls.toStatusRuntimeException(ClientCalls.java:233)
	at org.apache.ratis.thirdparty.io.grpc.stub.ClientCalls.getUnchecked(ClientCalls.java:214)
	at org.apache.ratis.thirdparty.io.grpc.stub.ClientCalls.blockingUnaryCall(ClientCalls.java:139)
	at org.apache.ratis.proto.grpc.RaftServerProtocolServiceGrpc$RaftServerProtocolServiceBlockingStub.requestVote(RaftServerProtocolServiceGrpc.java:265)
	at org.apache.ratis.grpc.server.GrpcServerProtocolClient.requestVote(GrpcServerProtocolClient.java:83)
	at org.apache.ratis.grpc.server.GrpcService.requestVote(GrpcService.java:195)
	at org.apache.ratis.server.impl.LeaderElection.lambda$submitRequests$1(LeaderElection.java:237)
	at java.util.concurrent.FutureTask.run(FutureTask.java:266)
	at java.util.concurrent.Executors$RunnableAdapter.call(Executors.java:511)
	at java.util.concurrent.FutureTask.run(FutureTask.java:266)
	at java.util.concurrent.ThreadPoolExecutor.runWorker(ThreadPoolExecutor.java:1149)
	at java.util.concurrent.ThreadPoolExecutor$Worker.run(ThreadPoolExecutor.java:624)
	... 1 more
Caused by: org.apache.ratis.thirdparty.io.netty.channel.AbstractChannel$AnnotatedConnectException: Connection refused: /192.168.5.184:44716
	at sun.nio.ch.SocketChannelImpl.checkConnect(Native Method)
	at sun.nio.ch.SocketChannelImpl.finishConnect(SocketChannelImpl.java:717)
	at org.apache.ratis.thirdparty.io.netty.channel.socket.nio.NioSocketChannel.doFinishConnect(NioSocketChannel.java:327)
	at org.apache.ratis.thirdparty.io.netty.channel.nio.AbstractNioChannel$AbstractNioUnsafe.finishConnect(AbstractNioChannel.java:340)
	at org.apache.ratis.thirdparty.io.netty.channel.nio.NioEventLoop.processSelectedKey(NioEventLoop.java:632)
	at org.apache.ratis.thirdparty.io.netty.channel.nio.NioEventLoop.processSelectedKeysOptimized(NioEventLoop.java:579)
	at org.apache.ratis.thirdparty.io.netty.channel.nio.NioEventLoop.processSelectedKeys(NioEventLoop.java:496)
	at org.apache.ratis.thirdparty.io.netty.channel.nio.NioEventLoop.run(NioEventLoop.java:458)
	at org.apache.ratis.thirdparty.io.netty.util.concurrent.SingleThreadEventExecutor$5.run(SingleThreadEventExecutor.java:897)
	at org.apache.ratis.thirdparty.io.netty.util.concurrent.FastThreadLocalRunnable.run(FastThreadLocalRunnable.java:30)
	... 1 more
Caused by: java.net.ConnectException: Connection refused
	... 11 more
2019-08-21 09:30:54,942 [59741f75-dde0-4aa7-9839-4fef31d8a6cb:group-EB942AFDCBD7:LeaderElection17] INFO  impl.LeaderElection (LeaderElection.java:logAndReturn(56)) - 59741f75-dde0-4aa7-9839-4fef31d8a6cb:group-EB942AFDCBD7:LeaderElection17: Election REJECTED; received 0 response(s) [] and 2 exception(s); 59741f75-dde0-4aa7-9839-4fef31d8a6cb:t2, leader=null, voted=59741f75-dde0-4aa7-9839-4fef31d8a6cb, raftlog=59741f75-dde0-4aa7-9839-4fef31d8a6cb-SegmentedRaftLog:OPENED:c-1,f0,i0, conf=0: [08261258-4556-48ae-a229-db40bbbaf060:192.168.5.184:44716, 1e27fcfb-c104-4324-889c-430876b01a3a:192.168.5.184:42282, 59741f75-dde0-4aa7-9839-4fef31d8a6cb:192.168.5.184:37972], old=null
2019-08-21 09:30:54,942 [59741f75-dde0-4aa7-9839-4fef31d8a6cb:group-EB942AFDCBD7:LeaderElection17] INFO  impl.LeaderElection (LogUtils.java:infoOrTrace(149)) -   Exception 0: {}
java.util.concurrent.ExecutionException: org.apache.ratis.thirdparty.io.grpc.StatusRuntimeException: UNAVAILABLE: io exception
	at java.util.concurrent.FutureTask.report(FutureTask.java:122)
	at java.util.concurrent.FutureTask.get(FutureTask.java:192)
	at org.apache.ratis.server.impl.LeaderElection.waitForResults(LeaderElection.java:262)
	at org.apache.ratis.server.impl.LeaderElection.askForVotes(LeaderElection.java:200)
	at org.apache.ratis.server.impl.LeaderElection.run(LeaderElection.java:130)
	at java.lang.Thread.run(Thread.java:748)
Caused by: org.apache.ratis.thirdparty.io.grpc.StatusRuntimeException: UNAVAILABLE: io exception
	at org.apache.ratis.thirdparty.io.grpc.stub.ClientCalls.toStatusRuntimeException(ClientCalls.java:233)
	at org.apache.ratis.thirdparty.io.grpc.stub.ClientCalls.getUnchecked(ClientCalls.java:214)
	at org.apache.ratis.thirdparty.io.grpc.stub.ClientCalls.blockingUnaryCall(ClientCalls.java:139)
	at org.apache.ratis.proto.grpc.RaftServerProtocolServiceGrpc$RaftServerProtocolServiceBlockingStub.requestVote(RaftServerProtocolServiceGrpc.java:265)
	at org.apache.ratis.grpc.server.GrpcServerProtocolClient.requestVote(GrpcServerProtocolClient.java:83)
	at org.apache.ratis.grpc.server.GrpcService.requestVote(GrpcService.java:195)
	at org.apache.ratis.server.impl.LeaderElection.lambda$submitRequests$1(LeaderElection.java:237)
	at java.util.concurrent.FutureTask.run(FutureTask.java:266)
	at java.util.concurrent.Executors$RunnableAdapter.call(Executors.java:511)
	at java.util.concurrent.FutureTask.run(FutureTask.java:266)
	at java.util.concurrent.ThreadPoolExecutor.runWorker(ThreadPoolExecutor.java:1149)
	at java.util.concurrent.ThreadPoolExecutor$Worker.run(ThreadPoolExecutor.java:624)
	... 1 more
Caused by: org.apache.ratis.thirdparty.io.netty.channel.AbstractChannel$AnnotatedConnectException: Connection refused: /192.168.5.184:42282
	at sun.nio.ch.SocketChannelImpl.checkConnect(Native Method)
	at sun.nio.ch.SocketChannelImpl.finishConnect(SocketChannelImpl.java:717)
	at org.apache.ratis.thirdparty.io.netty.channel.socket.nio.NioSocketChannel.doFinishConnect(NioSocketChannel.java:327)
	at org.apache.ratis.thirdparty.io.netty.channel.nio.AbstractNioChannel$AbstractNioUnsafe.finishConnect(AbstractNioChannel.java:340)
	at org.apache.ratis.thirdparty.io.netty.channel.nio.NioEventLoop.processSelectedKey(NioEventLoop.java:632)
	at org.apache.ratis.thirdparty.io.netty.channel.nio.NioEventLoop.processSelectedKeysOptimized(NioEventLoop.java:579)
	at org.apache.ratis.thirdparty.io.netty.channel.nio.NioEventLoop.processSelectedKeys(NioEventLoop.java:496)
	at org.apache.ratis.thirdparty.io.netty.channel.nio.NioEventLoop.run(NioEventLoop.java:458)
	at org.apache.ratis.thirdparty.io.netty.util.concurrent.SingleThreadEventExecutor$5.run(SingleThreadEventExecutor.java:897)
	at org.apache.ratis.thirdparty.io.netty.util.concurrent.FastThreadLocalRunnable.run(FastThreadLocalRunnable.java:30)
	... 1 more
Caused by: java.net.ConnectException: Connection refused
	... 11 more
2019-08-21 09:30:54,943 [59741f75-dde0-4aa7-9839-4fef31d8a6cb:group-EB942AFDCBD7:LeaderElection17] INFO  impl.LeaderElection (LogUtils.java:infoOrTrace(149)) -   Exception 1: {}
java.util.concurrent.ExecutionException: org.apache.ratis.thirdparty.io.grpc.StatusRuntimeException: UNAVAILABLE: io exception
	at java.util.concurrent.FutureTask.report(FutureTask.java:122)
	at java.util.concurrent.FutureTask.get(FutureTask.java:192)
	at org.apache.ratis.server.impl.LeaderElection.waitForResults(LeaderElection.java:262)
	at org.apache.ratis.server.impl.LeaderElection.askForVotes(LeaderElection.java:200)
	at org.apache.ratis.server.impl.LeaderElection.run(LeaderElection.java:130)
	at java.lang.Thread.run(Thread.java:748)
Caused by: org.apache.ratis.thirdparty.io.grpc.StatusRuntimeException: UNAVAILABLE: io exception
	at org.apache.ratis.thirdparty.io.grpc.stub.ClientCalls.toStatusRuntimeException(ClientCalls.java:233)
	at org.apache.ratis.thirdparty.io.grpc.stub.ClientCalls.getUnchecked(ClientCalls.java:214)
	at org.apache.ratis.thirdparty.io.grpc.stub.ClientCalls.blockingUnaryCall(ClientCalls.java:139)
	at org.apache.ratis.proto.grpc.RaftServerProtocolServiceGrpc$RaftServerProtocolServiceBlockingStub.requestVote(RaftServerProtocolServiceGrpc.java:265)
	at org.apache.ratis.grpc.server.GrpcServerProtocolClient.requestVote(GrpcServerProtocolClient.java:83)
	at org.apache.ratis.grpc.server.GrpcService.requestVote(GrpcService.java:195)
	at org.apache.ratis.server.impl.LeaderElection.lambda$submitRequests$1(LeaderElection.java:237)
	at java.util.concurrent.FutureTask.run(FutureTask.java:266)
	at java.util.concurrent.Executors$RunnableAdapter.call(Executors.java:511)
	at java.util.concurrent.FutureTask.run(FutureTask.java:266)
	at java.util.concurrent.ThreadPoolExecutor.runWorker(ThreadPoolExecutor.java:1149)
	at java.util.concurrent.ThreadPoolExecutor$Worker.run(ThreadPoolExecutor.java:624)
	... 1 more
Caused by: org.apache.ratis.thirdparty.io.netty.channel.AbstractChannel$AnnotatedConnectException: Connection refused: /192.168.5.184:44716
	at sun.nio.ch.SocketChannelImpl.checkConnect(Native Method)
	at sun.nio.ch.SocketChannelImpl.finishConnect(SocketChannelImpl.java:717)
	at org.apache.ratis.thirdparty.io.netty.channel.socket.nio.NioSocketChannel.doFinishConnect(NioSocketChannel.java:327)
	at org.apache.ratis.thirdparty.io.netty.channel.nio.AbstractNioChannel$AbstractNioUnsafe.finishConnect(AbstractNioChannel.java:340)
	at org.apache.ratis.thirdparty.io.netty.channel.nio.NioEventLoop.processSelectedKey(NioEventLoop.java:632)
	at org.apache.ratis.thirdparty.io.netty.channel.nio.NioEventLoop.processSelectedKeysOptimized(NioEventLoop.java:579)
	at org.apache.ratis.thirdparty.io.netty.channel.nio.NioEventLoop.processSelectedKeys(NioEventLoop.java:496)
	at org.apache.ratis.thirdparty.io.netty.channel.nio.NioEventLoop.run(NioEventLoop.java:458)
	at org.apache.ratis.thirdparty.io.netty.util.concurrent.SingleThreadEventExecutor$5.run(SingleThreadEventExecutor.java:897)
	at org.apache.ratis.thirdparty.io.netty.util.concurrent.FastThreadLocalRunnable.run(FastThreadLocalRunnable.java:30)
	... 1 more
Caused by: java.net.ConnectException: Connection refused
	... 11 more
2019-08-21 09:30:54,943 [59741f75-dde0-4aa7-9839-4fef31d8a6cb:group-EB942AFDCBD7:LeaderElection17] INFO  impl.RaftServerImpl (RaftServerImpl.java:setRole(171)) - 59741f75-dde0-4aa7-9839-4fef31d8a6cb:group-EB942AFDCBD7 changes role from CANDIDATE to FOLLOWER at term 2 for DISCOVERED_A_NEW_TERM
2019-08-21 09:30:54,944 [59741f75-dde0-4aa7-9839-4fef31d8a6cb:group-EB942AFDCBD7:LeaderElection17] INFO  impl.RoleInfo (RoleInfo.java:shutdownLeaderElection(134)) - 59741f75-dde0-4aa7-9839-4fef31d8a6cb: shutdown LeaderElection
2019-08-21 09:30:54,945 [59741f75-dde0-4aa7-9839-4fef31d8a6cb:group-EB942AFDCBD7:LeaderElection17] INFO  impl.RoleInfo (RoleInfo.java:updateAndGet(143)) - 59741f75-dde0-4aa7-9839-4fef31d8a6cb: start FollowerState
2019-08-21 09:30:55,695 [Thread-324] INFO  ozoneimpl.OzoneContainer (OzoneContainer.java:stop(199)) - Attempting to stop container services.
2019-08-21 09:30:55,695 [Thread-324] INFO  impl.RaftServerProxy (RaftServerProxy.java:lambda$close$4(314)) - 59741f75-dde0-4aa7-9839-4fef31d8a6cb: close
2019-08-21 09:30:55,696 [Thread-324] INFO  impl.RaftServerImpl (RaftServerImpl.java:lambda$shutdown$3(245)) - 59741f75-dde0-4aa7-9839-4fef31d8a6cb: shutdown group-EB942AFDCBD7
2019-08-21 09:30:55,696 [Thread-324] INFO  util.JmxRegister (JmxRegister.java:unregister(73)) - Successfully un-registered JMX Bean with object name Ratis:service=RaftServer,group=group-EB942AFDCBD7,id=59741f75-dde0-4aa7-9839-4fef31d8a6cb
2019-08-21 09:30:55,697 [Thread-324] INFO  impl.RoleInfo (RoleInfo.java:shutdownFollowerState(121)) - 59741f75-dde0-4aa7-9839-4fef31d8a6cb: shutdown FollowerState
2019-08-21 09:30:55,697 [Thread-324] INFO  impl.StateMachineUpdater (StateMachineUpdater.java:stopAndJoin(115)) - StateMachineUpdater:59741f75-dde0-4aa7-9839-4fef31d8a6cb:group-EB942AFDCBD7: set stopIndex = -1
2019-08-21 09:30:55,697 [Thread-540] INFO  impl.FollowerState (FollowerState.java:run(114)) - 59741f75-dde0-4aa7-9839-4fef31d8a6cb: FollowerState was interrupted: java.lang.InterruptedException: sleep interrupted
2019-08-21 09:30:55,699 [Thread-324] INFO  impl.RaftServerImpl (ServerState.java:close(394)) - 59741f75-dde0-4aa7-9839-4fef31d8a6cb:group-EB942AFDCBD7 closes. The last applied log index is -1
2019-08-21 09:30:55,700 [59741f75-dde0-4aa7-9839-4fef31d8a6cb-SegmentedRaftLogWorker:Storage Directory /workdir/hadoop-ozone/integration-test/target/test-dir/MiniOzoneClusterImpl-33ae4b10-f24f-4466-94ae-5d1d58110502/datanode-2/data/ratis/51c9435d-115b-480c-af95-eb942afdcbd7] INFO  segmented.SegmentedRaftLogWorker (SegmentedRaftLogWorker.java:run(313)) - 59741f75-dde0-4aa7-9839-4fef31d8a6cb-SegmentedRaftLogWorker:Storage Directory /workdir/hadoop-ozone/integration-test/target/test-dir/MiniOzoneClusterImpl-33ae4b10-f24f-4466-94ae-5d1d58110502/datanode-2/data/ratis/51c9435d-115b-480c-af95-eb942afdcbd7 was interrupted, exiting. There are 0 tasks remaining in the queue.
2019-08-21 09:30:55,701 [Thread-324] INFO  segmented.SegmentedRaftLogWorker (SegmentedRaftLogWorker.java:close(228)) - 59741f75-dde0-4aa7-9839-4fef31d8a6cb-SegmentedRaftLogWorker:Storage Directory /workdir/hadoop-ozone/integration-test/target/test-dir/MiniOzoneClusterImpl-33ae4b10-f24f-4466-94ae-5d1d58110502/datanode-2/data/ratis/51c9435d-115b-480c-af95-eb942afdcbd7 close()
2019-08-21 09:30:55,702 [Thread-324] INFO  impl.RaftServerImpl (RaftServerImpl.java:lambda$shutdown$3(245)) - 59741f75-dde0-4aa7-9839-4fef31d8a6cb: shutdown group-9AC9CD14A056
2019-08-21 09:30:55,703 [Thread-324] INFO  util.JmxRegister (JmxRegister.java:unregister(73)) - Successfully un-registered JMX Bean with object name Ratis:service=RaftServer,group=group-9AC9CD14A056,id=59741f75-dde0-4aa7-9839-4fef31d8a6cb
2019-08-21 09:30:55,703 [Thread-324] INFO  impl.RoleInfo (RoleInfo.java:shutdownLeaderState(104)) - 59741f75-dde0-4aa7-9839-4fef31d8a6cb: shutdown LeaderState
2019-08-21 09:30:55,703 [Thread-324] INFO  impl.PendingRequests (PendingRequests.java:sendNotLeaderResponses(202)) - 59741f75-dde0-4aa7-9839-4fef31d8a6cb-PendingRequests: sendNotLeaderResponses
2019-08-21 09:30:55,704 [Thread-324] INFO  impl.StateMachineUpdater (StateMachineUpdater.java:stopAndJoin(115)) - StateMachineUpdater:59741f75-dde0-4aa7-9839-4fef31d8a6cb:group-9AC9CD14A056: set stopIndex = 0
2019-08-21 09:30:55,705 [Thread-324] INFO  impl.RaftServerImpl (ServerState.java:close(394)) - 59741f75-dde0-4aa7-9839-4fef31d8a6cb:group-9AC9CD14A056 closes. The last applied log index is 0
2019-08-21 09:30:55,705 [59741f75-dde0-4aa7-9839-4fef31d8a6cb-SegmentedRaftLogWorker:Storage Directory /workdir/hadoop-ozone/integration-test/target/test-dir/MiniOzoneClusterImpl-33ae4b10-f24f-4466-94ae-5d1d58110502/datanode-2/data/ratis/87bc7c79-2020-4e68-9ebc-9ac9cd14a056] INFO  segmented.SegmentedRaftLogWorker (SegmentedRaftLogWorker.java:run(313)) - 59741f75-dde0-4aa7-9839-4fef31d8a6cb-SegmentedRaftLogWorker:Storage Directory /workdir/hadoop-ozone/integration-test/target/test-dir/MiniOzoneClusterImpl-33ae4b10-f24f-4466-94ae-5d1d58110502/datanode-2/data/ratis/87bc7c79-2020-4e68-9ebc-9ac9cd14a056 was interrupted, exiting. There are 0 tasks remaining in the queue.
2019-08-21 09:30:55,706 [Thread-324] INFO  segmented.SegmentedRaftLogWorker (SegmentedRaftLogWorker.java:close(228)) - 59741f75-dde0-4aa7-9839-4fef31d8a6cb-SegmentedRaftLogWorker:Storage Directory /workdir/hadoop-ozone/integration-test/target/test-dir/MiniOzoneClusterImpl-33ae4b10-f24f-4466-94ae-5d1d58110502/datanode-2/data/ratis/87bc7c79-2020-4e68-9ebc-9ac9cd14a056 close()
2019-08-21 09:30:55,707 [Thread-324] INFO  server.GrpcService (GrpcService.java:closeImpl(155)) - 59741f75-dde0-4aa7-9839-4fef31d8a6cb: shutdown server with port 37972 now
2019-08-21 09:30:55,709 [Thread-324] INFO  server.GrpcService (GrpcService.java:closeImpl(163)) - 59741f75-dde0-4aa7-9839-4fef31d8a6cb: shutdown server with port 37972 successfully
2019-08-21 09:30:55,711 [Thread-324] INFO  utils.BackgroundService (BackgroundService.java:shutdown(148)) - Shutting down service BlockDeletingService
2019-08-21 09:30:55,712 [refreshUsed-/workdir/hadoop-ozone/integration-test/target/test-dir/MiniOzoneClusterImpl-33ae4b10-f24f-4466-94ae-5d1d58110502/datanode-2/data/containers] WARN  fs.CachingGetSpaceUsed (CachingGetSpaceUsed.java:run(183)) - Thread Interrupted waiting to refresh disk information: sleep interrupted
2019-08-21 09:30:55,727 [Thread-324] INFO  statemachine.DatanodeStateMachine (DatanodeStateMachine.java:stopDaemon(395)) - Ozone container server stopped.
2019-08-21 09:30:55,728 [Thread-324] INFO  handler.ContextHandler (ContextHandler.java:doStop(910)) - Stopped o.e.j.w.WebAppContext@28e87ef6{/,null,UNAVAILABLE}{/hddsDatanode}
2019-08-21 09:30:55,729 [Thread-324] INFO  server.AbstractConnector (AbstractConnector.java:doStop(318)) - Stopped ServerConnector@1a19e1ce{HTTP/1.1,[http/1.1]}{0.0.0.0:0}
2019-08-21 09:30:55,729 [Thread-324] INFO  handler.ContextHandler (ContextHandler.java:doStop(910)) - Stopped o.e.j.s.ServletContextHandler@1ae43fb8{/static,jar:file:/home/user/.m2/repository/org/apache/hadoop/hadoop-hdds-container-service/0.5.0-SNAPSHOT/hadoop-hdds-container-service-0.5.0-SNAPSHOT.jar!/webapps/static,UNAVAILABLE}
2019-08-21 09:30:55,729 [Thread-324] INFO  handler.ContextHandler (ContextHandler.java:doStop(910)) - Stopped o.e.j.s.ServletContextHandler@5b270128{/logs,file:///workdir/hadoop-ozone/integration-test/target/log,UNAVAILABLE}
2019-08-21 09:30:55,733 [Thread-324] INFO  impl.MetricsSystemImpl (MetricsSystemImpl.java:init(158)) - HddsDatanode metrics system started (again)
2019-08-21 09:30:55,770 [Thread-324] INFO  ozone.HddsDatanodeService (HddsDatanodeService.java:start(184)) - HddsDatanodeService host:pr-hdds-1935-xjqtc-1107137857 ip:192.168.5.184
2019-08-21 09:30:55,772 [Thread-324] INFO  volume.VolumeUsage (VolumeUsage.java:loadScmUsed(144)) - Cached ScmUsed found for /workdir/hadoop-ozone/integration-test/target/test-dir/MiniOzoneClusterImpl-33ae4b10-f24f-4466-94ae-5d1d58110502/datanode-0/data/containers : 4096 
2019-08-21 09:30:55,773 [Thread-324] INFO  volume.HddsVolume (HddsVolume.java:<init>(176)) - Creating Volume: /workdir/hadoop-ozone/integration-test/target/test-dir/MiniOzoneClusterImpl-33ae4b10-f24f-4466-94ae-5d1d58110502/datanode-0/data/containers/hdds of  storage type : DISK and capacity : 1482555576320
2019-08-21 09:30:55,773 [Thread-324] INFO  volume.VolumeSet (VolumeSet.java:initializeVolumeSet(170)) - Added Volume : /workdir/hadoop-ozone/integration-test/target/test-dir/MiniOzoneClusterImpl-33ae4b10-f24f-4466-94ae-5d1d58110502/datanode-0/data/containers/hdds to VolumeSet
2019-08-21 09:30:55,774 [Thread-324] INFO  volume.ThrottledAsyncChecker (ThrottledAsyncChecker.java:schedule(140)) - Scheduling a check for org.apache.hadoop.ozone.container.common.volume.HddsVolume@1a07248d
2019-08-21 09:30:55,774 [Thread-324] INFO  volume.HddsVolumeChecker (HddsVolumeChecker.java:checkAllVolumes(203)) - Scheduled health check for volume org.apache.hadoop.ozone.container.common.volume.HddsVolume@1a07248d
2019-08-21 09:30:55,792 [Thread-324] INFO  impl.RaftServerProxy (ConfUtils.java:logGet(43)) - raft.rpc.type = GRPC (default)
2019-08-21 09:30:55,792 [Thread-324] INFO  grpc.GrpcFactory (GrpcFactory.java:checkPooledByteBufAllocatorUseCacheForAllThreads(45)) - PERFORMANCE WARNING: useCacheForAllThreads is true that may cause Netty to create a lot garbage objects and, as a result, trigger GC.
	It is recommended to disable useCacheForAllThreads by setting -Dorg.apache.ratis.thirdparty.io.netty.allocator.useCacheForAllThreads=false in command line.
2019-08-21 09:30:55,793 [Thread-324] INFO  grpc.GrpcConfigKeys$Server (ConfUtils.java:logGet(43)) - raft.grpc.server.port = 42282 (custom)
2019-08-21 09:30:55,793 [Thread-324] INFO  server.GrpcService (ConfUtils.java:logGet(43)) - raft.grpc.message.size.max = 33570816 (custom)
2019-08-21 09:30:55,793 [Thread-324] INFO  server.RaftServerConfigKeys (ConfUtils.java:logGet(43)) - raft.server.log.appender.buffer.byte-limit = 33554432 (custom)
2019-08-21 09:30:55,793 [Thread-324] INFO  server.GrpcService (ConfUtils.java:logGet(43)) - raft.grpc.flow.control.window = 1MB (=1048576) (default)
2019-08-21 09:30:55,793 [Thread-324] INFO  server.RaftServerConfigKeys (ConfUtils.java:logGet(43)) - raft.server.rpc.request.timeout = 3000ms (default)
2019-08-21 09:30:55,794 [Thread-324] INFO  server.RaftServerConfigKeys (ConfUtils.java:logGet(43)) - raft.server.storage.dir = [/workdir/hadoop-ozone/integration-test/target/test-dir/MiniOzoneClusterImpl-33ae4b10-f24f-4466-94ae-5d1d58110502/datanode-0/data/ratis] (custom)
2019-08-21 09:30:55,794 [Thread-324] INFO  impl.RaftServerProxy (RaftServerProxy.java:lambda$null$0(191)) - 1e27fcfb-c104-4324-889c-430876b01a3a: found a subdirectory /workdir/hadoop-ozone/integration-test/target/test-dir/MiniOzoneClusterImpl-33ae4b10-f24f-4466-94ae-5d1d58110502/datanode-0/data/ratis/51c9435d-115b-480c-af95-eb942afdcbd7
2019-08-21 09:30:55,796 [Thread-324] INFO  impl.RaftServerProxy (RaftServerProxy.java:addNew(89)) - 1e27fcfb-c104-4324-889c-430876b01a3a: addNew group-EB942AFDCBD7:[] returns group-EB942AFDCBD7:java.util.concurrent.CompletableFuture@25366ef7[Not completed]
2019-08-21 09:30:55,796 [Thread-324] INFO  impl.RaftServerProxy (RaftServerProxy.java:lambda$null$0(191)) - 1e27fcfb-c104-4324-889c-430876b01a3a: found a subdirectory /workdir/hadoop-ozone/integration-test/target/test-dir/MiniOzoneClusterImpl-33ae4b10-f24f-4466-94ae-5d1d58110502/datanode-0/data/ratis/5391df57-0fce-42e1-9ff6-25edb1db35d8
2019-08-21 09:30:55,796 [Thread-324] INFO  impl.RaftServerProxy (RaftServerProxy.java:addNew(89)) - 1e27fcfb-c104-4324-889c-430876b01a3a: addNew group-25EDB1DB35D8:[] returns group-25EDB1DB35D8:java.util.concurrent.CompletableFuture@50c7da6b[Not completed]
2019-08-21 09:30:55,797 [Thread-324] INFO  replication.SimpleContainerDownloader (SimpleContainerDownloader.java:<init>(72)) - Starting container downloader service to copy containers to replicate.
2019-08-21 09:30:55,799 [Thread-324] INFO  hdfs.DFSUtil (DFSUtil.java:httpServerTemplateForNNAndJN(1641)) - Starting Web-server for hddsDatanode at: http://0.0.0.0:36497
2019-08-21 09:30:55,799 [pool-148-thread-1] INFO  impl.RaftServerImpl (RaftServerImpl.java:<init>(93)) - 1e27fcfb-c104-4324-889c-430876b01a3a: new RaftServerImpl for group-EB942AFDCBD7:[] with ContainerStateMachine:uninitialized
2019-08-21 09:30:55,800 [pool-148-thread-1] INFO  server.RaftServerConfigKeys (ConfUtils.java:logGet(43)) - raft.server.rpc.timeout.min = 5s (custom)
2019-08-21 09:30:55,800 [pool-148-thread-1] INFO  server.RaftServerConfigKeys (ConfUtils.java:logGet(43)) - raft.server.rpc.timeout.max = 5200ms (custom)
2019-08-21 09:30:55,800 [pool-148-thread-1] INFO  server.RaftServerConfigKeys (ConfUtils.java:logGet(43)) - raft.server.rpcslowness.timeout = 120s (custom)
2019-08-21 09:30:55,800 [pool-148-thread-1] INFO  server.RaftServerConfigKeys (ConfUtils.java:logGet(43)) - raft.server.sleep.deviation.threshold = 300 (default)
2019-08-21 09:30:55,801 [pool-148-thread-1] INFO  server.RaftServerConfigKeys (ConfUtils.java:logGet(43)) - raft.server.log.appender.install.snapshot.enabled = false (custom)
2019-08-21 09:30:55,801 [Thread-324] INFO  server.AuthenticationFilter (AuthenticationFilter.java:constructSecretProvider(240)) - Unable to initialize FileSignerSecretProvider, falling back to use random secrets.
2019-08-21 09:30:55,801 [pool-148-thread-1] INFO  impl.RaftServerImpl (ServerState.java:<init>(105)) - 1e27fcfb-c104-4324-889c-430876b01a3a:group-EB942AFDCBD7 ConfigurationManager, init=-1: [], old=null, confs=<EMPTY_MAP>
2019-08-21 09:30:55,801 [pool-148-thread-1] INFO  server.RaftServerConfigKeys (ConfUtils.java:logGet(43)) - raft.server.storage.dir = [/workdir/hadoop-ozone/integration-test/target/test-dir/MiniOzoneClusterImpl-33ae4b10-f24f-4466-94ae-5d1d58110502/datanode-0/data/ratis] (custom)
2019-08-21 09:30:55,801 [Thread-324] WARN  http.HttpRequestLog (HttpRequestLog.java:getRequestLog(97)) - Jetty request log can only be enabled using Log4j
2019-08-21 09:30:55,802 [Thread-324] INFO  http.HttpServer2 (HttpServer2.java:addGlobalFilter(975)) - Added global filter 'safety' (class=org.apache.hadoop.http.HttpServer2$QuotingInputFilter)
2019-08-21 09:30:55,803 [Thread-324] INFO  http.HttpServer2 (HttpServer2.java:addFilter(948)) - Added filter static_user_filter (class=org.apache.hadoop.http.lib.StaticUserWebFilter$StaticUserFilter) to context hddsDatanode
2019-08-21 09:30:55,803 [Thread-324] INFO  http.HttpServer2 (HttpServer2.java:addFilter(958)) - Added filter static_user_filter (class=org.apache.hadoop.http.lib.StaticUserWebFilter$StaticUserFilter) to context logs
2019-08-21 09:30:55,803 [Thread-324] INFO  http.HttpServer2 (HttpServer2.java:addFilter(958)) - Added filter static_user_filter (class=org.apache.hadoop.http.lib.StaticUserWebFilter$StaticUserFilter) to context static
2019-08-21 09:30:55,804 [Thread-324] INFO  http.HttpServer2 (HttpServer2.java:bindListener(1191)) - Jetty bound to port 36497
2019-08-21 09:30:55,804 [Thread-324] INFO  server.Server (Server.java:doStart(351)) - jetty-9.3.24.v20180605, build timestamp: 2018-06-05T17:11:56Z, git hash: 84205aa28f11a4f31f2a3b86d1bba2cc8ab69827
2019-08-21 09:30:55,806 [Thread-324] INFO  handler.ContextHandler (ContextHandler.java:doStart(781)) - Started o.e.j.s.ServletContextHandler@640a9088{/logs,file:///workdir/hadoop-ozone/integration-test/target/log,AVAILABLE}
2019-08-21 09:30:55,807 [Thread-324] INFO  handler.ContextHandler (ContextHandler.java:doStart(781)) - Started o.e.j.s.ServletContextHandler@5efd4767{/static,jar:file:/home/user/.m2/repository/org/apache/hadoop/hadoop-hdds-container-service/0.5.0-SNAPSHOT/hadoop-hdds-container-service-0.5.0-SNAPSHOT.jar!/webapps/static,AVAILABLE}
2019-08-21 09:30:55,827 [pool-148-thread-1] INFO  storage.RaftStorageDirectory (RaftStorageDirectory.java:tryLock(328)) - Lock on /workdir/hadoop-ozone/integration-test/target/test-dir/MiniOzoneClusterImpl-33ae4b10-f24f-4466-94ae-5d1d58110502/datanode-0/data/ratis/51c9435d-115b-480c-af95-eb942afdcbd7/in_use.lock acquired by nodename 2538@pr-hdds-1935-xjqtc-1107137857
2019-08-21 09:30:55,828 [pool-148-thread-1] INFO  ratis.ContainerStateMachine (ContainerStateMachine.java:loadSnapshot(226)) - group-EB942AFDCBD7: The snapshot info is null. Setting the last applied indexto:(t:0, i:~)
2019-08-21 09:30:55,828 [pool-148-thread-1] INFO  server.RaftServerConfigKeys (ConfUtils.java:logGet(43)) - raft.server.leader.election.timeout = 120s (custom)
2019-08-21 09:30:55,829 [pool-148-thread-1] INFO  server.RaftServerConfigKeys (ConfUtils.java:logGet(43)) - raft.server.log.use.memory = false (default)
2019-08-21 09:30:55,829 [pool-148-thread-1] INFO  server.RaftServerConfigKeys (ConfUtils.java:logGet(43)) - raft.server.log.purge.gap = 1000000 (custom)
2019-08-21 09:30:55,829 [pool-148-thread-1] INFO  server.RaftServerConfigKeys (ConfUtils.java:logGet(43)) - raft.server.log.appender.buffer.byte-limit = 33554432 (custom)
2019-08-21 09:30:55,829 [pool-148-thread-1] INFO  server.RaftServerConfigKeys (ConfUtils.java:logGet(43)) - raft.server.log.segment.size.max = 1048576 (custom)
2019-08-21 09:30:55,829 [pool-148-thread-1] INFO  server.RaftServerConfigKeys (ConfUtils.java:logGet(43)) - raft.server.log.segment.cache.num.max = 2 (custom)
2019-08-21 09:30:55,830 [pool-148-thread-1] INFO  segmented.SegmentedRaftLogWorker (SegmentedRaftLogWorker.java:<init>(172)) - new 1e27fcfb-c104-4324-889c-430876b01a3a-SegmentedRaftLogWorker:Storage Directory /workdir/hadoop-ozone/integration-test/target/test-dir/MiniOzoneClusterImpl-33ae4b10-f24f-4466-94ae-5d1d58110502/datanode-0/data/ratis/51c9435d-115b-480c-af95-eb942afdcbd7 for RaftStorage:Storage Directory /workdir/hadoop-ozone/integration-test/target/test-dir/MiniOzoneClusterImpl-33ae4b10-f24f-4466-94ae-5d1d58110502/datanode-0/data/ratis/51c9435d-115b-480c-af95-eb942afdcbd7
2019-08-21 09:30:55,830 [pool-148-thread-1] INFO  server.RaftServerConfigKeys (ConfUtils.java:logGet(43)) - raft.server.log.queue.byte-limit = 2147483647 (custom)
2019-08-21 09:30:55,830 [pool-148-thread-1] INFO  server.RaftServerConfigKeys (ConfUtils.java:logGet(43)) - raft.server.log.queue.element-limit = 1024 (custom)
2019-08-21 09:30:55,830 [pool-148-thread-1] INFO  server.RaftServerConfigKeys (ConfUtils.java:logGet(43)) - raft.server.log.segment.size.max = 1048576 (custom)
2019-08-21 09:30:55,830 [pool-148-thread-1] INFO  server.RaftServerConfigKeys (ConfUtils.java:logGet(43)) - raft.server.log.preallocated.size = 16384 (custom)
2019-08-21 09:30:55,830 [pool-148-thread-1] INFO  server.RaftServerConfigKeys (ConfUtils.java:logGet(43)) - raft.server.log.write.buffer.size = 33554432 (custom)
2019-08-21 09:30:55,831 [pool-148-thread-1] INFO  server.RaftServerConfigKeys (ConfUtils.java:logGet(43)) - raft.server.log.force.sync.num = 128 (default)
2019-08-21 09:30:55,831 [pool-148-thread-1] INFO  server.RaftServerConfigKeys (ConfUtils.java:logGet(43)) - raft.server.log.statemachine.data.sync = true (default)
2019-08-21 09:30:55,831 [pool-148-thread-1] INFO  server.RaftServerConfigKeys (ConfUtils.java:logGet(43)) - raft.server.log.statemachine.data.sync.timeout = 10s (default)
2019-08-21 09:30:55,831 [pool-148-thread-1] INFO  server.RaftServerConfigKeys (ConfUtils.java:logGet(43)) - raft.server.log.statemachine.data.sync.timeout.retry = -1 (default)
2019-08-21 09:30:55,831 [pool-148-thread-1] INFO  server.RaftServerConfigKeys (ConfUtils.java:logGet(43)) - raft.server.log.statemachine.data.caching.enabled = true (custom)
2019-08-21 09:30:55,834 [Thread-324] INFO  handler.ContextHandler (ContextHandler.java:doStart(781)) - Started o.e.j.w.WebAppContext@139b6107{/,file:///tmp/jetty-0.0.0.0-36497-hddsDatanode-_-any-3730582193203903014.dir/webapp/,AVAILABLE}{/hddsDatanode}
2019-08-21 09:30:55,834 [Thread-324] INFO  server.AbstractConnector (AbstractConnector.java:doStart(278)) - Started ServerConnector@6ec4d78a{HTTP/1.1,[http/1.1]}{0.0.0.0:36497}
2019-08-21 09:30:55,835 [Thread-324] INFO  server.Server (Server.java:doStart(419)) - Started @54272ms
2019-08-21 09:30:55,835 [Thread-324] WARN  impl.MetricsSystemImpl (MetricsSystemImpl.java:register(276)) - Sink prometheus already exists!
2019-08-21 09:30:55,836 [Thread-324] INFO  server.BaseHttpServer (BaseHttpServer.java:updateConnectorAddress(215)) - HTTP server of HDDSDATANODE is listening at http://0.0.0.0:36497
2019-08-21 09:30:55,840 [pool-148-thread-1] INFO  impl.RaftServerImpl (ServerState.java:setRaftConf(361)) - 1e27fcfb-c104-4324-889c-430876b01a3a:group-EB942AFDCBD7 set configuration 0: [08261258-4556-48ae-a229-db40bbbaf060:192.168.5.184:44716, 1e27fcfb-c104-4324-889c-430876b01a3a:192.168.5.184:42282, 59741f75-dde0-4aa7-9839-4fef31d8a6cb:192.168.5.184:37972], old=null at 0
2019-08-21 09:30:55,840 [pool-148-thread-1] INFO  segmented.LogSegment (LogSegment.java:loadSegment(145)) - Successfully read 1 entries from segment file /workdir/hadoop-ozone/integration-test/target/test-dir/MiniOzoneClusterImpl-33ae4b10-f24f-4466-94ae-5d1d58110502/datanode-0/data/ratis/51c9435d-115b-480c-af95-eb942afdcbd7/current/log_inprogress_0
2019-08-21 09:30:55,840 [pool-148-thread-1] INFO  segmented.SegmentedRaftLogWorker (SegmentedRaftLogWorker.java:lambda$new$0(132)) - 1e27fcfb-c104-4324-889c-430876b01a3a-SegmentedRaftLogWorker:Storage Directory /workdir/hadoop-ozone/integration-test/target/test-dir/MiniOzoneClusterImpl-33ae4b10-f24f-4466-94ae-5d1d58110502/datanode-0/data/ratis/51c9435d-115b-480c-af95-eb942afdcbd7: flushIndex: setUnconditionally 0 -> 0
2019-08-21 09:30:55,876 [pool-148-thread-1] INFO  server.RaftServerConfigKeys (ConfUtils.java:logGet(43)) - raft.server.snapshot.auto.trigger.enabled = true (custom)
2019-08-21 09:30:55,876 [pool-148-thread-1] INFO  server.RaftServerConfigKeys (ConfUtils.java:logGet(43)) - raft.server.snapshot.auto.trigger.threshold = 10000 (custom)
2019-08-21 09:30:55,877 [pool-148-thread-1] INFO  server.RaftServerConfigKeys (ConfUtils.java:logGet(43)) - raft.server.retrycache.expirytime = 600000ms (custom)
2019-08-21 09:30:55,879 [pool-148-thread-1] INFO  impl.RaftServerImpl (RaftServerImpl.java:<init>(93)) - 1e27fcfb-c104-4324-889c-430876b01a3a: new RaftServerImpl for group-25EDB1DB35D8:[] with ContainerStateMachine:uninitialized
2019-08-21 09:30:55,879 [pool-148-thread-1] INFO  server.RaftServerConfigKeys (ConfUtils.java:logGet(43)) - raft.server.rpc.timeout.min = 5s (custom)
2019-08-21 09:30:55,879 [pool-148-thread-1] INFO  server.RaftServerConfigKeys (ConfUtils.java:logGet(43)) - raft.server.rpc.timeout.max = 5200ms (custom)
2019-08-21 09:30:55,879 [pool-148-thread-1] INFO  server.RaftServerConfigKeys (ConfUtils.java:logGet(43)) - raft.server.rpcslowness.timeout = 120s (custom)
2019-08-21 09:30:55,879 [pool-148-thread-1] INFO  server.RaftServerConfigKeys (ConfUtils.java:logGet(43)) - raft.server.sleep.deviation.threshold = 300 (default)
2019-08-21 09:30:55,879 [pool-148-thread-1] INFO  server.RaftServerConfigKeys (ConfUtils.java:logGet(43)) - raft.server.log.appender.install.snapshot.enabled = false (custom)
2019-08-21 09:30:55,880 [pool-148-thread-1] INFO  impl.RaftServerImpl (ServerState.java:<init>(105)) - 1e27fcfb-c104-4324-889c-430876b01a3a:group-25EDB1DB35D8 ConfigurationManager, init=-1: [], old=null, confs=<EMPTY_MAP>
2019-08-21 09:30:55,880 [pool-148-thread-1] INFO  server.RaftServerConfigKeys (ConfUtils.java:logGet(43)) - raft.server.storage.dir = [/workdir/hadoop-ozone/integration-test/target/test-dir/MiniOzoneClusterImpl-33ae4b10-f24f-4466-94ae-5d1d58110502/datanode-0/data/ratis] (custom)
2019-08-21 09:30:55,892 [pool-148-thread-1] INFO  storage.RaftStorageDirectory (RaftStorageDirectory.java:tryLock(328)) - Lock on /workdir/hadoop-ozone/integration-test/target/test-dir/MiniOzoneClusterImpl-33ae4b10-f24f-4466-94ae-5d1d58110502/datanode-0/data/ratis/5391df57-0fce-42e1-9ff6-25edb1db35d8/in_use.lock acquired by nodename 2538@pr-hdds-1935-xjqtc-1107137857
2019-08-21 09:30:55,893 [pool-148-thread-1] INFO  ratis.ContainerStateMachine (ContainerStateMachine.java:loadSnapshot(226)) - group-25EDB1DB35D8: The snapshot info is null. Setting the last applied indexto:(t:0, i:~)
2019-08-21 09:30:55,893 [pool-148-thread-1] INFO  server.RaftServerConfigKeys (ConfUtils.java:logGet(43)) - raft.server.leader.election.timeout = 120s (custom)
2019-08-21 09:30:55,893 [pool-148-thread-1] INFO  server.RaftServerConfigKeys (ConfUtils.java:logGet(43)) - raft.server.log.use.memory = false (default)
2019-08-21 09:30:55,894 [pool-148-thread-1] INFO  server.RaftServerConfigKeys (ConfUtils.java:logGet(43)) - raft.server.log.purge.gap = 1000000 (custom)
2019-08-21 09:30:55,894 [pool-148-thread-1] INFO  server.RaftServerConfigKeys (ConfUtils.java:logGet(43)) - raft.server.log.appender.buffer.byte-limit = 33554432 (custom)
2019-08-21 09:30:55,894 [pool-148-thread-1] INFO  server.RaftServerConfigKeys (ConfUtils.java:logGet(43)) - raft.server.log.segment.size.max = 1048576 (custom)
2019-08-21 09:30:55,894 [pool-148-thread-1] INFO  server.RaftServerConfigKeys (ConfUtils.java:logGet(43)) - raft.server.log.segment.cache.num.max = 2 (custom)
2019-08-21 09:30:55,894 [pool-148-thread-1] INFO  segmented.SegmentedRaftLogWorker (SegmentedRaftLogWorker.java:<init>(172)) - new 1e27fcfb-c104-4324-889c-430876b01a3a-SegmentedRaftLogWorker:Storage Directory /workdir/hadoop-ozone/integration-test/target/test-dir/MiniOzoneClusterImpl-33ae4b10-f24f-4466-94ae-5d1d58110502/datanode-0/data/ratis/5391df57-0fce-42e1-9ff6-25edb1db35d8 for RaftStorage:Storage Directory /workdir/hadoop-ozone/integration-test/target/test-dir/MiniOzoneClusterImpl-33ae4b10-f24f-4466-94ae-5d1d58110502/datanode-0/data/ratis/5391df57-0fce-42e1-9ff6-25edb1db35d8
2019-08-21 09:30:55,894 [pool-148-thread-1] INFO  server.RaftServerConfigKeys (ConfUtils.java:logGet(43)) - raft.server.log.queue.byte-limit = 2147483647 (custom)
2019-08-21 09:30:55,894 [pool-148-thread-1] INFO  server.RaftServerConfigKeys (ConfUtils.java:logGet(43)) - raft.server.log.queue.element-limit = 1024 (custom)
2019-08-21 09:30:55,895 [pool-148-thread-1] INFO  server.RaftServerConfigKeys (ConfUtils.java:logGet(43)) - raft.server.log.segment.size.max = 1048576 (custom)
2019-08-21 09:30:55,895 [pool-148-thread-1] INFO  server.RaftServerConfigKeys (ConfUtils.java:logGet(43)) - raft.server.log.preallocated.size = 16384 (custom)
2019-08-21 09:30:55,895 [pool-148-thread-1] INFO  server.RaftServerConfigKeys (ConfUtils.java:logGet(43)) - raft.server.log.write.buffer.size = 33554432 (custom)
2019-08-21 09:30:55,895 [pool-148-thread-1] INFO  server.RaftServerConfigKeys (ConfUtils.java:logGet(43)) - raft.server.log.force.sync.num = 128 (default)
2019-08-21 09:30:55,895 [pool-148-thread-1] INFO  server.RaftServerConfigKeys (ConfUtils.java:logGet(43)) - raft.server.log.statemachine.data.sync = true (default)
2019-08-21 09:30:55,895 [pool-148-thread-1] INFO  server.RaftServerConfigKeys (ConfUtils.java:logGet(43)) - raft.server.log.statemachine.data.sync.timeout = 10s (default)
2019-08-21 09:30:55,896 [pool-148-thread-1] INFO  server.RaftServerConfigKeys (ConfUtils.java:logGet(43)) - raft.server.log.statemachine.data.sync.timeout.retry = -1 (default)
2019-08-21 09:30:55,896 [pool-148-thread-1] INFO  server.RaftServerConfigKeys (ConfUtils.java:logGet(43)) - raft.server.log.statemachine.data.caching.enabled = true (custom)
2019-08-21 09:30:55,897 [pool-148-thread-1] INFO  impl.RaftServerImpl (ServerState.java:setRaftConf(361)) - 1e27fcfb-c104-4324-889c-430876b01a3a:group-25EDB1DB35D8 set configuration 0: [1e27fcfb-c104-4324-889c-430876b01a3a:192.168.5.184:42282], old=null at 0
2019-08-21 09:30:55,897 [pool-148-thread-1] INFO  segmented.LogSegment (LogSegment.java:loadSegment(145)) - Successfully read 1 entries from segment file /workdir/hadoop-ozone/integration-test/target/test-dir/MiniOzoneClusterImpl-33ae4b10-f24f-4466-94ae-5d1d58110502/datanode-0/data/ratis/5391df57-0fce-42e1-9ff6-25edb1db35d8/current/log_inprogress_0
2019-08-21 09:30:55,897 [pool-148-thread-1] INFO  segmented.SegmentedRaftLogWorker (SegmentedRaftLogWorker.java:lambda$new$0(132)) - 1e27fcfb-c104-4324-889c-430876b01a3a-SegmentedRaftLogWorker:Storage Directory /workdir/hadoop-ozone/integration-test/target/test-dir/MiniOzoneClusterImpl-33ae4b10-f24f-4466-94ae-5d1d58110502/datanode-0/data/ratis/5391df57-0fce-42e1-9ff6-25edb1db35d8: flushIndex: setUnconditionally 0 -> 0
2019-08-21 09:30:55,928 [pool-148-thread-1] INFO  server.RaftServerConfigKeys (ConfUtils.java:logGet(43)) - raft.server.snapshot.auto.trigger.enabled = true (custom)
2019-08-21 09:30:55,928 [pool-148-thread-1] INFO  server.RaftServerConfigKeys (ConfUtils.java:logGet(43)) - raft.server.snapshot.auto.trigger.threshold = 10000 (custom)
2019-08-21 09:30:55,928 [pool-148-thread-1] INFO  server.RaftServerConfigKeys (ConfUtils.java:logGet(43)) - raft.server.retrycache.expirytime = 600000ms (custom)
2019-08-21 09:30:55,959 | INFO  | ObjectStoreRestHttpServer | Listening HDDS REST traffic on /0.0.0.0:40586 |  
2019-08-21 09:30:55,959 [Thread-324] INFO  ozone.HddsDatanodeService (HddsDatanodeService.java:startPlugins(395)) - Started plug-in org.apache.hadoop.ozone.web.OzoneHddsDatanodeService@987316d
2019-08-21 09:30:55,961 [Thread-324] INFO  impl.MetricsSystemImpl (MetricsSystemImpl.java:init(158)) - HddsDatanode metrics system started (again)
2019-08-21 09:30:55,961 [org.apache.hadoop.util.JvmPauseMonitor$Monitor@5b84f1f0] INFO  util.JvmPauseMonitor (JvmPauseMonitor.java:run(188)) - Starting JVM pause monitor
2019-08-21 09:30:55,964 [Thread-324] INFO  ozone.HddsDatanodeService (HddsDatanodeService.java:start(184)) - HddsDatanodeService host:pr-hdds-1935-xjqtc-1107137857 ip:192.168.5.184
2019-08-21 09:30:55,966 [Thread-324] INFO  volume.VolumeUsage (VolumeUsage.java:loadScmUsed(144)) - Cached ScmUsed found for /workdir/hadoop-ozone/integration-test/target/test-dir/MiniOzoneClusterImpl-33ae4b10-f24f-4466-94ae-5d1d58110502/datanode-1/data/containers : 4096 
2019-08-21 09:30:55,966 [Thread-324] INFO  volume.HddsVolume (HddsVolume.java:<init>(176)) - Creating Volume: /workdir/hadoop-ozone/integration-test/target/test-dir/MiniOzoneClusterImpl-33ae4b10-f24f-4466-94ae-5d1d58110502/datanode-1/data/containers/hdds of  storage type : DISK and capacity : 1482555576320
2019-08-21 09:30:55,967 [Thread-324] INFO  volume.VolumeSet (VolumeSet.java:initializeVolumeSet(170)) - Added Volume : /workdir/hadoop-ozone/integration-test/target/test-dir/MiniOzoneClusterImpl-33ae4b10-f24f-4466-94ae-5d1d58110502/datanode-1/data/containers/hdds to VolumeSet
2019-08-21 09:30:55,967 [Thread-324] INFO  volume.ThrottledAsyncChecker (ThrottledAsyncChecker.java:schedule(140)) - Scheduling a check for org.apache.hadoop.ozone.container.common.volume.HddsVolume@29d19493
2019-08-21 09:30:55,967 [Thread-324] INFO  volume.HddsVolumeChecker (HddsVolumeChecker.java:checkAllVolumes(203)) - Scheduled health check for volume org.apache.hadoop.ozone.container.common.volume.HddsVolume@29d19493
2019-08-21 09:30:55,981 [Thread-324] INFO  impl.RaftServerProxy (ConfUtils.java:logGet(43)) - raft.rpc.type = GRPC (default)
2019-08-21 09:30:55,982 [Thread-324] INFO  grpc.GrpcFactory (GrpcFactory.java:checkPooledByteBufAllocatorUseCacheForAllThreads(45)) - PERFORMANCE WARNING: useCacheForAllThreads is true that may cause Netty to create a lot garbage objects and, as a result, trigger GC.
	It is recommended to disable useCacheForAllThreads by setting -Dorg.apache.ratis.thirdparty.io.netty.allocator.useCacheForAllThreads=false in command line.
2019-08-21 09:30:55,982 [Thread-324] INFO  grpc.GrpcConfigKeys$Server (ConfUtils.java:logGet(43)) - raft.grpc.server.port = 44716 (custom)
2019-08-21 09:30:55,982 [Thread-324] INFO  server.GrpcService (ConfUtils.java:logGet(43)) - raft.grpc.message.size.max = 33570816 (custom)
2019-08-21 09:30:55,982 [Thread-324] INFO  server.RaftServerConfigKeys (ConfUtils.java:logGet(43)) - raft.server.log.appender.buffer.byte-limit = 33554432 (custom)
2019-08-21 09:30:55,982 [Thread-324] INFO  server.GrpcService (ConfUtils.java:logGet(43)) - raft.grpc.flow.control.window = 1MB (=1048576) (default)
2019-08-21 09:30:55,982 [Thread-324] INFO  server.RaftServerConfigKeys (ConfUtils.java:logGet(43)) - raft.server.rpc.request.timeout = 3000ms (default)
2019-08-21 09:30:55,983 [Thread-324] INFO  server.RaftServerConfigKeys (ConfUtils.java:logGet(43)) - raft.server.storage.dir = [/workdir/hadoop-ozone/integration-test/target/test-dir/MiniOzoneClusterImpl-33ae4b10-f24f-4466-94ae-5d1d58110502/datanode-1/data/ratis] (custom)
2019-08-21 09:30:55,983 [Thread-324] INFO  impl.RaftServerProxy (RaftServerProxy.java:lambda$null$0(191)) - 08261258-4556-48ae-a229-db40bbbaf060: found a subdirectory /workdir/hadoop-ozone/integration-test/target/test-dir/MiniOzoneClusterImpl-33ae4b10-f24f-4466-94ae-5d1d58110502/datanode-1/data/ratis/bf15aef7-74b6-459e-a6ae-d50cc2fa0ba1
2019-08-21 09:30:55,983 [Thread-324] INFO  impl.RaftServerProxy (RaftServerProxy.java:addNew(89)) - 08261258-4556-48ae-a229-db40bbbaf060: addNew group-D50CC2FA0BA1:[] returns group-D50CC2FA0BA1:java.util.concurrent.CompletableFuture@e51f28d[Not completed]
2019-08-21 09:30:55,984 [Thread-324] INFO  impl.RaftServerProxy (RaftServerProxy.java:lambda$null$0(191)) - 08261258-4556-48ae-a229-db40bbbaf060: found a subdirectory /workdir/hadoop-ozone/integration-test/target/test-dir/MiniOzoneClusterImpl-33ae4b10-f24f-4466-94ae-5d1d58110502/datanode-1/data/ratis/51c9435d-115b-480c-af95-eb942afdcbd7
2019-08-21 09:30:55,984 [Thread-324] INFO  impl.RaftServerProxy (RaftServerProxy.java:addNew(89)) - 08261258-4556-48ae-a229-db40bbbaf060: addNew group-EB942AFDCBD7:[] returns group-EB942AFDCBD7:java.util.concurrent.CompletableFuture@611cd8c7[Not completed]
2019-08-21 09:30:55,984 [Thread-324] INFO  replication.SimpleContainerDownloader (SimpleContainerDownloader.java:<init>(72)) - Starting container downloader service to copy containers to replicate.
2019-08-21 09:30:55,985 [Thread-324] INFO  hdfs.DFSUtil (DFSUtil.java:httpServerTemplateForNNAndJN(1641)) - Starting Web-server for hddsDatanode at: http://0.0.0.0:44435
2019-08-21 09:30:55,988 [pool-159-thread-1] INFO  impl.RaftServerImpl (RaftServerImpl.java:<init>(93)) - 08261258-4556-48ae-a229-db40bbbaf060: new RaftServerImpl for group-D50CC2FA0BA1:[] with ContainerStateMachine:uninitialized
2019-08-21 09:30:55,989 [pool-159-thread-1] INFO  server.RaftServerConfigKeys (ConfUtils.java:logGet(43)) - raft.server.rpc.timeout.min = 5s (custom)
2019-08-21 09:30:55,989 [pool-159-thread-1] INFO  server.RaftServerConfigKeys (ConfUtils.java:logGet(43)) - raft.server.rpc.timeout.max = 5200ms (custom)
2019-08-21 09:30:55,989 [Thread-324] INFO  server.AuthenticationFilter (AuthenticationFilter.java:constructSecretProvider(240)) - Unable to initialize FileSignerSecretProvider, falling back to use random secrets.
2019-08-21 09:30:55,989 [pool-159-thread-1] INFO  server.RaftServerConfigKeys (ConfUtils.java:logGet(43)) - raft.server.rpcslowness.timeout = 120s (custom)
2019-08-21 09:30:55,989 [pool-159-thread-1] INFO  server.RaftServerConfigKeys (ConfUtils.java:logGet(43)) - raft.server.sleep.deviation.threshold = 300 (default)
2019-08-21 09:30:55,989 [pool-159-thread-1] INFO  server.RaftServerConfigKeys (ConfUtils.java:logGet(43)) - raft.server.log.appender.install.snapshot.enabled = false (custom)
2019-08-21 09:30:55,989 [Thread-324] WARN  http.HttpRequestLog (HttpRequestLog.java:getRequestLog(97)) - Jetty request log can only be enabled using Log4j
2019-08-21 09:30:55,990 [pool-159-thread-1] INFO  impl.RaftServerImpl (ServerState.java:<init>(105)) - 08261258-4556-48ae-a229-db40bbbaf060:group-D50CC2FA0BA1 ConfigurationManager, init=-1: [], old=null, confs=<EMPTY_MAP>
2019-08-21 09:30:55,990 [pool-159-thread-1] INFO  server.RaftServerConfigKeys (ConfUtils.java:logGet(43)) - raft.server.storage.dir = [/workdir/hadoop-ozone/integration-test/target/test-dir/MiniOzoneClusterImpl-33ae4b10-f24f-4466-94ae-5d1d58110502/datanode-1/data/ratis] (custom)
2019-08-21 09:30:55,991 [Thread-324] INFO  http.HttpServer2 (HttpServer2.java:addGlobalFilter(975)) - Added global filter 'safety' (class=org.apache.hadoop.http.HttpServer2$QuotingInputFilter)
2019-08-21 09:30:55,992 [Thread-324] INFO  http.HttpServer2 (HttpServer2.java:addFilter(948)) - Added filter static_user_filter (class=org.apache.hadoop.http.lib.StaticUserWebFilter$StaticUserFilter) to context hddsDatanode
2019-08-21 09:30:55,992 [Thread-324] INFO  http.HttpServer2 (HttpServer2.java:addFilter(958)) - Added filter static_user_filter (class=org.apache.hadoop.http.lib.StaticUserWebFilter$StaticUserFilter) to context logs
2019-08-21 09:30:55,992 [Thread-324] INFO  http.HttpServer2 (HttpServer2.java:addFilter(958)) - Added filter static_user_filter (class=org.apache.hadoop.http.lib.StaticUserWebFilter$StaticUserFilter) to context static
2019-08-21 09:30:55,993 [Thread-324] INFO  http.HttpServer2 (HttpServer2.java:bindListener(1191)) - Jetty bound to port 44435
2019-08-21 09:30:55,993 [Thread-324] INFO  server.Server (Server.java:doStart(351)) - jetty-9.3.24.v20180605, build timestamp: 2018-06-05T17:11:56Z, git hash: 84205aa28f11a4f31f2a3b86d1bba2cc8ab69827
2019-08-21 09:30:55,995 [Thread-324] INFO  handler.ContextHandler (ContextHandler.java:doStart(781)) - Started o.e.j.s.ServletContextHandler@e2b2e9f{/logs,file:///workdir/hadoop-ozone/integration-test/target/log,AVAILABLE}
2019-08-21 09:30:55,995 [Thread-324] INFO  handler.ContextHandler (ContextHandler.java:doStart(781)) - Started o.e.j.s.ServletContextHandler@60d892dc{/static,jar:file:/home/user/.m2/repository/org/apache/hadoop/hadoop-hdds-container-service/0.5.0-SNAPSHOT/hadoop-hdds-container-service-0.5.0-SNAPSHOT.jar!/webapps/static,AVAILABLE}
2019-08-21 09:30:56,003 [pool-159-thread-1] INFO  storage.RaftStorageDirectory (RaftStorageDirectory.java:tryLock(328)) - Lock on /workdir/hadoop-ozone/integration-test/target/test-dir/MiniOzoneClusterImpl-33ae4b10-f24f-4466-94ae-5d1d58110502/datanode-1/data/ratis/bf15aef7-74b6-459e-a6ae-d50cc2fa0ba1/in_use.lock acquired by nodename 2538@pr-hdds-1935-xjqtc-1107137857
2019-08-21 09:30:56,004 [pool-159-thread-1] INFO  ratis.ContainerStateMachine (ContainerStateMachine.java:loadSnapshot(226)) - group-D50CC2FA0BA1: The snapshot info is null. Setting the last applied indexto:(t:0, i:~)
2019-08-21 09:30:56,004 [pool-159-thread-1] INFO  server.RaftServerConfigKeys (ConfUtils.java:logGet(43)) - raft.server.leader.election.timeout = 120s (custom)
2019-08-21 09:30:56,004 [pool-159-thread-1] INFO  server.RaftServerConfigKeys (ConfUtils.java:logGet(43)) - raft.server.log.use.memory = false (default)
2019-08-21 09:30:56,004 [pool-159-thread-1] INFO  server.RaftServerConfigKeys (ConfUtils.java:logGet(43)) - raft.server.log.purge.gap = 1000000 (custom)
2019-08-21 09:30:56,004 [pool-159-thread-1] INFO  server.RaftServerConfigKeys (ConfUtils.java:logGet(43)) - raft.server.log.appender.buffer.byte-limit = 33554432 (custom)
2019-08-21 09:30:56,005 [pool-159-thread-1] INFO  server.RaftServerConfigKeys (ConfUtils.java:logGet(43)) - raft.server.log.segment.size.max = 1048576 (custom)
2019-08-21 09:30:56,005 [pool-159-thread-1] INFO  server.RaftServerConfigKeys (ConfUtils.java:logGet(43)) - raft.server.log.segment.cache.num.max = 2 (custom)
2019-08-21 09:30:56,005 [pool-159-thread-1] INFO  segmented.SegmentedRaftLogWorker (SegmentedRaftLogWorker.java:<init>(172)) - new 08261258-4556-48ae-a229-db40bbbaf060-SegmentedRaftLogWorker:Storage Directory /workdir/hadoop-ozone/integration-test/target/test-dir/MiniOzoneClusterImpl-33ae4b10-f24f-4466-94ae-5d1d58110502/datanode-1/data/ratis/bf15aef7-74b6-459e-a6ae-d50cc2fa0ba1 for RaftStorage:Storage Directory /workdir/hadoop-ozone/integration-test/target/test-dir/MiniOzoneClusterImpl-33ae4b10-f24f-4466-94ae-5d1d58110502/datanode-1/data/ratis/bf15aef7-74b6-459e-a6ae-d50cc2fa0ba1
2019-08-21 09:30:56,005 [pool-159-thread-1] INFO  server.RaftServerConfigKeys (ConfUtils.java:logGet(43)) - raft.server.log.queue.byte-limit = 2147483647 (custom)
2019-08-21 09:30:56,005 [pool-159-thread-1] INFO  server.RaftServerConfigKeys (ConfUtils.java:logGet(43)) - raft.server.log.queue.element-limit = 1024 (custom)
2019-08-21 09:30:56,006 [pool-159-thread-1] INFO  server.RaftServerConfigKeys (ConfUtils.java:logGet(43)) - raft.server.log.segment.size.max = 1048576 (custom)
2019-08-21 09:30:56,006 [pool-159-thread-1] INFO  server.RaftServerConfigKeys (ConfUtils.java:logGet(43)) - raft.server.log.preallocated.size = 16384 (custom)
2019-08-21 09:30:56,006 [pool-159-thread-1] INFO  server.RaftServerConfigKeys (ConfUtils.java:logGet(43)) - raft.server.log.write.buffer.size = 33554432 (custom)
2019-08-21 09:30:56,006 [pool-159-thread-1] INFO  server.RaftServerConfigKeys (ConfUtils.java:logGet(43)) - raft.server.log.force.sync.num = 128 (default)
2019-08-21 09:30:56,006 [pool-159-thread-1] INFO  server.RaftServerConfigKeys (ConfUtils.java:logGet(43)) - raft.server.log.statemachine.data.sync = true (default)
2019-08-21 09:30:56,007 [pool-159-thread-1] INFO  server.RaftServerConfigKeys (ConfUtils.java:logGet(43)) - raft.server.log.statemachine.data.sync.timeout = 10s (default)
2019-08-21 09:30:56,007 [pool-159-thread-1] INFO  server.RaftServerConfigKeys (ConfUtils.java:logGet(43)) - raft.server.log.statemachine.data.sync.timeout.retry = -1 (default)
2019-08-21 09:30:56,007 [pool-159-thread-1] INFO  server.RaftServerConfigKeys (ConfUtils.java:logGet(43)) - raft.server.log.statemachine.data.caching.enabled = true (custom)
2019-08-21 09:30:56,008 [pool-159-thread-1] INFO  impl.RaftServerImpl (ServerState.java:setRaftConf(361)) - 08261258-4556-48ae-a229-db40bbbaf060:group-D50CC2FA0BA1 set configuration 0: [08261258-4556-48ae-a229-db40bbbaf060:192.168.5.184:44716], old=null at 0
2019-08-21 09:30:56,009 [pool-159-thread-1] INFO  segmented.LogSegment (LogSegment.java:loadSegment(145)) - Successfully read 1 entries from segment file /workdir/hadoop-ozone/integration-test/target/test-dir/MiniOzoneClusterImpl-33ae4b10-f24f-4466-94ae-5d1d58110502/datanode-1/data/ratis/bf15aef7-74b6-459e-a6ae-d50cc2fa0ba1/current/log_inprogress_0
2019-08-21 09:30:56,010 [pool-159-thread-1] INFO  segmented.SegmentedRaftLogWorker (SegmentedRaftLogWorker.java:lambda$new$0(132)) - 08261258-4556-48ae-a229-db40bbbaf060-SegmentedRaftLogWorker:Storage Directory /workdir/hadoop-ozone/integration-test/target/test-dir/MiniOzoneClusterImpl-33ae4b10-f24f-4466-94ae-5d1d58110502/datanode-1/data/ratis/bf15aef7-74b6-459e-a6ae-d50cc2fa0ba1: flushIndex: setUnconditionally 0 -> 0
2019-08-21 09:30:56,026 [Thread-324] INFO  handler.ContextHandler (ContextHandler.java:doStart(781)) - Started o.e.j.w.WebAppContext@10d78fb4{/,file:///tmp/jetty-0.0.0.0-44435-hddsDatanode-_-any-3501132052500374852.dir/webapp/,AVAILABLE}{/hddsDatanode}
2019-08-21 09:30:56,026 [EventQueue-StaleNodeForStaleNodeHandler] INFO  node.StaleNodeHandler (StaleNodeHandler.java:onMessage(58)) - Datanode 59741f75-dde0-4aa7-9839-4fef31d8a6cb{ip: 192.168.5.184, host: pr-hdds-1935-xjqtc-1107137857, networkLocation: /default-rack, certSerialId: null} moved to stale state. Finalizing its pipelines [PipelineID=51c9435d-115b-480c-af95-eb942afdcbd7, PipelineID=87bc7c79-2020-4e68-9ebc-9ac9cd14a056]
2019-08-21 09:30:56,027 [Thread-324] INFO  server.AbstractConnector (AbstractConnector.java:doStart(278)) - Started ServerConnector@7c502dbb{HTTP/1.1,[http/1.1]}{0.0.0.0:44435}
2019-08-21 09:30:56,027 [EventQueue-StaleNodeForStaleNodeHandler] INFO  pipeline.SCMPipelineManager (SCMPipelineManager.java:finalizeAndDestroyPipeline(309)) - destroying pipeline:Pipeline[ Id: 51c9435d-115b-480c-af95-eb942afdcbd7, Nodes: 1e27fcfb-c104-4324-889c-430876b01a3a{ip: 192.168.5.184, host: pr-hdds-1935-xjqtc-1107137857, networkLocation: /default-rack, certSerialId: null}59741f75-dde0-4aa7-9839-4fef31d8a6cb{ip: 192.168.5.184, host: pr-hdds-1935-xjqtc-1107137857, networkLocation: /default-rack, certSerialId: null}08261258-4556-48ae-a229-db40bbbaf060{ip: 192.168.5.184, host: pr-hdds-1935-xjqtc-1107137857, networkLocation: /default-rack, certSerialId: null}, Type:RATIS, Factor:THREE, State:CLOSED]
2019-08-21 09:30:56,043 [pool-159-thread-1] INFO  server.RaftServerConfigKeys (ConfUtils.java:logGet(43)) - raft.server.snapshot.auto.trigger.enabled = true (custom)
2019-08-21 09:30:56,044 [Thread-324] INFO  server.Server (Server.java:doStart(419)) - Started @54481ms
2019-08-21 09:30:56,044 [EventQueue-StaleNodeForStaleNodeHandler] INFO  pipeline.SCMPipelineManager (SCMPipelineManager.java:finalizeAndDestroyPipeline(309)) - destroying pipeline:Pipeline[ Id: 87bc7c79-2020-4e68-9ebc-9ac9cd14a056, Nodes: 59741f75-dde0-4aa7-9839-4fef31d8a6cb{ip: 192.168.5.184, host: pr-hdds-1935-xjqtc-1107137857, networkLocation: /default-rack, certSerialId: null}, Type:RATIS, Factor:ONE, State:OPEN]
2019-08-21 09:30:56,044 [pool-159-thread-1] INFO  server.RaftServerConfigKeys (ConfUtils.java:logGet(43)) - raft.server.snapshot.auto.trigger.threshold = 10000 (custom)
2019-08-21 09:30:56,044 [EventQueue-StaleNodeForStaleNodeHandler] INFO  pipeline.PipelineStateManager (PipelineStateManager.java:finalizePipeline(123)) - Pipeline Pipeline[ Id: 87bc7c79-2020-4e68-9ebc-9ac9cd14a056, Nodes: 59741f75-dde0-4aa7-9839-4fef31d8a6cb{ip: 192.168.5.184, host: pr-hdds-1935-xjqtc-1107137857, networkLocation: /default-rack, certSerialId: null}, Type:RATIS, Factor:ONE, State:CLOSED] moved to CLOSED state
2019-08-21 09:30:56,044 [Thread-324] WARN  impl.MetricsSystemImpl (MetricsSystemImpl.java:register(276)) - Sink prometheus already exists!
2019-08-21 09:30:56,044 [pool-159-thread-1] INFO  server.RaftServerConfigKeys (ConfUtils.java:logGet(43)) - raft.server.retrycache.expirytime = 600000ms (custom)
2019-08-21 09:30:56,046 [pool-159-thread-1] INFO  impl.RaftServerImpl (RaftServerImpl.java:<init>(93)) - 08261258-4556-48ae-a229-db40bbbaf060: new RaftServerImpl for group-EB942AFDCBD7:[] with ContainerStateMachine:uninitialized
2019-08-21 09:30:56,046 [pool-159-thread-1] INFO  server.RaftServerConfigKeys (ConfUtils.java:logGet(43)) - raft.server.rpc.timeout.min = 5s (custom)
2019-08-21 09:30:56,046 [pool-159-thread-1] INFO  server.RaftServerConfigKeys (ConfUtils.java:logGet(43)) - raft.server.rpc.timeout.max = 5200ms (custom)
2019-08-21 09:30:56,046 [Thread-324] INFO  server.BaseHttpServer (BaseHttpServer.java:updateConnectorAddress(215)) - HTTP server of HDDSDATANODE is listening at http://0.0.0.0:44435
2019-08-21 09:30:56,046 [pool-159-thread-1] INFO  server.RaftServerConfigKeys (ConfUtils.java:logGet(43)) - raft.server.rpcslowness.timeout = 120s (custom)
2019-08-21 09:30:56,046 [pool-159-thread-1] INFO  server.RaftServerConfigKeys (ConfUtils.java:logGet(43)) - raft.server.sleep.deviation.threshold = 300 (default)
2019-08-21 09:30:56,047 [pool-159-thread-1] INFO  server.RaftServerConfigKeys (ConfUtils.java:logGet(43)) - raft.server.log.appender.install.snapshot.enabled = false (custom)
2019-08-21 09:30:56,047 [pool-159-thread-1] INFO  impl.RaftServerImpl (ServerState.java:<init>(105)) - 08261258-4556-48ae-a229-db40bbbaf060:group-EB942AFDCBD7 ConfigurationManager, init=-1: [], old=null, confs=<EMPTY_MAP>
2019-08-21 09:30:56,047 [pool-159-thread-1] INFO  server.RaftServerConfigKeys (ConfUtils.java:logGet(43)) - raft.server.storage.dir = [/workdir/hadoop-ozone/integration-test/target/test-dir/MiniOzoneClusterImpl-33ae4b10-f24f-4466-94ae-5d1d58110502/datanode-1/data/ratis] (custom)
2019-08-21 09:30:56,059 [pool-159-thread-1] INFO  storage.RaftStorageDirectory (RaftStorageDirectory.java:tryLock(328)) - Lock on /workdir/hadoop-ozone/integration-test/target/test-dir/MiniOzoneClusterImpl-33ae4b10-f24f-4466-94ae-5d1d58110502/datanode-1/data/ratis/51c9435d-115b-480c-af95-eb942afdcbd7/in_use.lock acquired by nodename 2538@pr-hdds-1935-xjqtc-1107137857
2019-08-21 09:30:56,060 [pool-159-thread-1] INFO  ratis.ContainerStateMachine (ContainerStateMachine.java:loadSnapshot(226)) - group-EB942AFDCBD7: The snapshot info is null. Setting the last applied indexto:(t:0, i:~)
2019-08-21 09:30:56,060 [pool-159-thread-1] INFO  server.RaftServerConfigKeys (ConfUtils.java:logGet(43)) - raft.server.leader.election.timeout = 120s (custom)
2019-08-21 09:30:56,060 [pool-159-thread-1] INFO  server.RaftServerConfigKeys (ConfUtils.java:logGet(43)) - raft.server.log.use.memory = false (default)
2019-08-21 09:30:56,060 [pool-159-thread-1] INFO  server.RaftServerConfigKeys (ConfUtils.java:logGet(43)) - raft.server.log.purge.gap = 1000000 (custom)
2019-08-21 09:30:56,061 [pool-159-thread-1] INFO  server.RaftServerConfigKeys (ConfUtils.java:logGet(43)) - raft.server.log.appender.buffer.byte-limit = 33554432 (custom)
2019-08-21 09:30:56,061 [pool-159-thread-1] INFO  server.RaftServerConfigKeys (ConfUtils.java:logGet(43)) - raft.server.log.segment.size.max = 1048576 (custom)
2019-08-21 09:30:56,061 [pool-159-thread-1] INFO  server.RaftServerConfigKeys (ConfUtils.java:logGet(43)) - raft.server.log.segment.cache.num.max = 2 (custom)
2019-08-21 09:30:56,061 [pool-159-thread-1] INFO  segmented.SegmentedRaftLogWorker (SegmentedRaftLogWorker.java:<init>(172)) - new 08261258-4556-48ae-a229-db40bbbaf060-SegmentedRaftLogWorker:Storage Directory /workdir/hadoop-ozone/integration-test/target/test-dir/MiniOzoneClusterImpl-33ae4b10-f24f-4466-94ae-5d1d58110502/datanode-1/data/ratis/51c9435d-115b-480c-af95-eb942afdcbd7 for RaftStorage:Storage Directory /workdir/hadoop-ozone/integration-test/target/test-dir/MiniOzoneClusterImpl-33ae4b10-f24f-4466-94ae-5d1d58110502/datanode-1/data/ratis/51c9435d-115b-480c-af95-eb942afdcbd7
2019-08-21 09:30:56,061 [pool-159-thread-1] INFO  server.RaftServerConfigKeys (ConfUtils.java:logGet(43)) - raft.server.log.queue.byte-limit = 2147483647 (custom)
2019-08-21 09:30:56,061 [pool-159-thread-1] INFO  server.RaftServerConfigKeys (ConfUtils.java:logGet(43)) - raft.server.log.queue.element-limit = 1024 (custom)
2019-08-21 09:30:56,061 [pool-159-thread-1] INFO  server.RaftServerConfigKeys (ConfUtils.java:logGet(43)) - raft.server.log.segment.size.max = 1048576 (custom)
2019-08-21 09:30:56,061 [pool-159-thread-1] INFO  server.RaftServerConfigKeys (ConfUtils.java:logGet(43)) - raft.server.log.preallocated.size = 16384 (custom)
2019-08-21 09:30:56,062 [pool-159-thread-1] INFO  server.RaftServerConfigKeys (ConfUtils.java:logGet(43)) - raft.server.log.write.buffer.size = 33554432 (custom)
2019-08-21 09:30:56,062 [pool-159-thread-1] INFO  server.RaftServerConfigKeys (ConfUtils.java:logGet(43)) - raft.server.log.force.sync.num = 128 (default)
2019-08-21 09:30:56,062 [pool-159-thread-1] INFO  server.RaftServerConfigKeys (ConfUtils.java:logGet(43)) - raft.server.log.statemachine.data.sync = true (default)
2019-08-21 09:30:56,062 [pool-159-thread-1] INFO  server.RaftServerConfigKeys (ConfUtils.java:logGet(43)) - raft.server.log.statemachine.data.sync.timeout = 10s (default)
2019-08-21 09:30:56,062 [pool-159-thread-1] INFO  server.RaftServerConfigKeys (ConfUtils.java:logGet(43)) - raft.server.log.statemachine.data.sync.timeout.retry = -1 (default)
2019-08-21 09:30:56,062 [pool-159-thread-1] INFO  server.RaftServerConfigKeys (ConfUtils.java:logGet(43)) - raft.server.log.statemachine.data.caching.enabled = true (custom)
2019-08-21 09:30:56,063 [pool-159-thread-1] INFO  impl.RaftServerImpl (ServerState.java:setRaftConf(361)) - 08261258-4556-48ae-a229-db40bbbaf060:group-EB942AFDCBD7 set configuration 0: [08261258-4556-48ae-a229-db40bbbaf060:192.168.5.184:44716, 1e27fcfb-c104-4324-889c-430876b01a3a:192.168.5.184:42282, 59741f75-dde0-4aa7-9839-4fef31d8a6cb:192.168.5.184:37972], old=null at 0
2019-08-21 09:30:56,063 [pool-159-thread-1] INFO  segmented.LogSegment (LogSegment.java:loadSegment(145)) - Successfully read 1 entries from segment file /workdir/hadoop-ozone/integration-test/target/test-dir/MiniOzoneClusterImpl-33ae4b10-f24f-4466-94ae-5d1d58110502/datanode-1/data/ratis/51c9435d-115b-480c-af95-eb942afdcbd7/current/log_inprogress_0
2019-08-21 09:30:56,063 [pool-159-thread-1] INFO  segmented.SegmentedRaftLogWorker (SegmentedRaftLogWorker.java:lambda$new$0(132)) - 08261258-4556-48ae-a229-db40bbbaf060-SegmentedRaftLogWorker:Storage Directory /workdir/hadoop-ozone/integration-test/target/test-dir/MiniOzoneClusterImpl-33ae4b10-f24f-4466-94ae-5d1d58110502/datanode-1/data/ratis/51c9435d-115b-480c-af95-eb942afdcbd7: flushIndex: setUnconditionally 0 -> 0
2019-08-21 09:30:56,092 [pool-159-thread-1] INFO  server.RaftServerConfigKeys (ConfUtils.java:logGet(43)) - raft.server.snapshot.auto.trigger.enabled = true (custom)
2019-08-21 09:30:56,092 [pool-159-thread-1] INFO  server.RaftServerConfigKeys (ConfUtils.java:logGet(43)) - raft.server.snapshot.auto.trigger.threshold = 10000 (custom)
2019-08-21 09:30:56,092 [pool-159-thread-1] INFO  server.RaftServerConfigKeys (ConfUtils.java:logGet(43)) - raft.server.retrycache.expirytime = 600000ms (custom)
2019-08-21 09:30:56,160 | INFO  | ObjectStoreRestHttpServer | Listening HDDS REST traffic on /0.0.0.0:35988 |  
2019-08-21 09:30:56,160 [Thread-324] INFO  ozone.HddsDatanodeService (HddsDatanodeService.java:startPlugins(395)) - Started plug-in org.apache.hadoop.ozone.web.OzoneHddsDatanodeService@1a9eb306
2019-08-21 09:30:56,162 [Thread-324] INFO  impl.MetricsSystemImpl (MetricsSystemImpl.java:init(158)) - HddsDatanode metrics system started (again)
2019-08-21 09:30:56,162 [org.apache.hadoop.util.JvmPauseMonitor$Monitor@273b40e0] INFO  util.JvmPauseMonitor (JvmPauseMonitor.java:run(188)) - Starting JVM pause monitor
2019-08-21 09:30:56,165 [Thread-324] INFO  ozone.HddsDatanodeService (HddsDatanodeService.java:start(184)) - HddsDatanodeService host:pr-hdds-1935-xjqtc-1107137857 ip:192.168.5.184
2019-08-21 09:30:56,167 [Thread-324] INFO  volume.VolumeUsage (VolumeUsage.java:loadScmUsed(144)) - Cached ScmUsed found for /workdir/hadoop-ozone/integration-test/target/test-dir/MiniOzoneClusterImpl-33ae4b10-f24f-4466-94ae-5d1d58110502/datanode-2/data/containers : 4096 
2019-08-21 09:30:56,167 [Thread-324] INFO  volume.HddsVolume (HddsVolume.java:<init>(176)) - Creating Volume: /workdir/hadoop-ozone/integration-test/target/test-dir/MiniOzoneClusterImpl-33ae4b10-f24f-4466-94ae-5d1d58110502/datanode-2/data/containers/hdds of  storage type : DISK and capacity : 1482555576320
2019-08-21 09:30:56,167 [Thread-324] INFO  volume.VolumeSet (VolumeSet.java:initializeVolumeSet(170)) - Added Volume : /workdir/hadoop-ozone/integration-test/target/test-dir/MiniOzoneClusterImpl-33ae4b10-f24f-4466-94ae-5d1d58110502/datanode-2/data/containers/hdds to VolumeSet
2019-08-21 09:30:56,167 [Thread-324] INFO  volume.ThrottledAsyncChecker (ThrottledAsyncChecker.java:schedule(140)) - Scheduling a check for org.apache.hadoop.ozone.container.common.volume.HddsVolume@10a2cd55
2019-08-21 09:30:56,168 [Thread-324] INFO  volume.HddsVolumeChecker (HddsVolumeChecker.java:checkAllVolumes(203)) - Scheduled health check for volume org.apache.hadoop.ozone.container.common.volume.HddsVolume@10a2cd55
2019-08-21 09:30:56,182 [Thread-324] INFO  impl.RaftServerProxy (ConfUtils.java:logGet(43)) - raft.rpc.type = GRPC (default)
2019-08-21 09:30:56,183 [Thread-324] INFO  grpc.GrpcFactory (GrpcFactory.java:checkPooledByteBufAllocatorUseCacheForAllThreads(45)) - PERFORMANCE WARNING: useCacheForAllThreads is true that may cause Netty to create a lot garbage objects and, as a result, trigger GC.
	It is recommended to disable useCacheForAllThreads by setting -Dorg.apache.ratis.thirdparty.io.netty.allocator.useCacheForAllThreads=false in command line.
2019-08-21 09:30:56,183 [Thread-324] INFO  grpc.GrpcConfigKeys$Server (ConfUtils.java:logGet(43)) - raft.grpc.server.port = 37972 (custom)
2019-08-21 09:30:56,183 [Thread-324] INFO  server.GrpcService (ConfUtils.java:logGet(43)) - raft.grpc.message.size.max = 33570816 (custom)
2019-08-21 09:30:56,183 [Thread-324] INFO  server.RaftServerConfigKeys (ConfUtils.java:logGet(43)) - raft.server.log.appender.buffer.byte-limit = 33554432 (custom)
2019-08-21 09:30:56,183 [Thread-324] INFO  server.GrpcService (ConfUtils.java:logGet(43)) - raft.grpc.flow.control.window = 1MB (=1048576) (default)
2019-08-21 09:30:56,183 [Thread-324] INFO  server.RaftServerConfigKeys (ConfUtils.java:logGet(43)) - raft.server.rpc.request.timeout = 3000ms (default)
2019-08-21 09:30:56,184 [Thread-324] INFO  server.RaftServerConfigKeys (ConfUtils.java:logGet(43)) - raft.server.storage.dir = [/workdir/hadoop-ozone/integration-test/target/test-dir/MiniOzoneClusterImpl-33ae4b10-f24f-4466-94ae-5d1d58110502/datanode-2/data/ratis] (custom)
2019-08-21 09:30:56,184 [Thread-324] INFO  impl.RaftServerProxy (RaftServerProxy.java:lambda$null$0(191)) - 59741f75-dde0-4aa7-9839-4fef31d8a6cb: found a subdirectory /workdir/hadoop-ozone/integration-test/target/test-dir/MiniOzoneClusterImpl-33ae4b10-f24f-4466-94ae-5d1d58110502/datanode-2/data/ratis/87bc7c79-2020-4e68-9ebc-9ac9cd14a056
2019-08-21 09:30:56,185 [Thread-324] INFO  impl.RaftServerProxy (RaftServerProxy.java:addNew(89)) - 59741f75-dde0-4aa7-9839-4fef31d8a6cb: addNew group-9AC9CD14A056:[] returns group-9AC9CD14A056:java.util.concurrent.CompletableFuture@4b86e524[Not completed]
2019-08-21 09:30:56,185 [Thread-324] INFO  impl.RaftServerProxy (RaftServerProxy.java:lambda$null$0(191)) - 59741f75-dde0-4aa7-9839-4fef31d8a6cb: found a subdirectory /workdir/hadoop-ozone/integration-test/target/test-dir/MiniOzoneClusterImpl-33ae4b10-f24f-4466-94ae-5d1d58110502/datanode-2/data/ratis/51c9435d-115b-480c-af95-eb942afdcbd7
2019-08-21 09:30:56,185 [Thread-324] INFO  impl.RaftServerProxy (RaftServerProxy.java:addNew(89)) - 59741f75-dde0-4aa7-9839-4fef31d8a6cb: addNew group-EB942AFDCBD7:[] returns group-EB942AFDCBD7:java.util.concurrent.CompletableFuture@49ab30bd[Not completed]
2019-08-21 09:30:56,185 [Thread-324] INFO  replication.SimpleContainerDownloader (SimpleContainerDownloader.java:<init>(72)) - Starting container downloader service to copy containers to replicate.
2019-08-21 09:30:56,186 [Thread-324] INFO  hdfs.DFSUtil (DFSUtil.java:httpServerTemplateForNNAndJN(1641)) - Starting Web-server for hddsDatanode at: http://0.0.0.0:42615
2019-08-21 09:30:56,189 [pool-170-thread-1] INFO  impl.RaftServerImpl (RaftServerImpl.java:<init>(93)) - 59741f75-dde0-4aa7-9839-4fef31d8a6cb: new RaftServerImpl for group-9AC9CD14A056:[] with ContainerStateMachine:uninitialized
2019-08-21 09:30:56,192 [pool-170-thread-1] INFO  server.RaftServerConfigKeys (ConfUtils.java:logGet(43)) - raft.server.rpc.timeout.min = 5s (custom)
2019-08-21 09:30:56,192 [pool-170-thread-1] INFO  server.RaftServerConfigKeys (ConfUtils.java:logGet(43)) - raft.server.rpc.timeout.max = 5200ms (custom)
2019-08-21 09:30:56,192 [pool-170-thread-1] INFO  server.RaftServerConfigKeys (ConfUtils.java:logGet(43)) - raft.server.rpcslowness.timeout = 120s (custom)
2019-08-21 09:30:56,192 [pool-170-thread-1] INFO  server.RaftServerConfigKeys (ConfUtils.java:logGet(43)) - raft.server.sleep.deviation.threshold = 300 (default)
2019-08-21 09:30:56,192 [Thread-324] INFO  server.AuthenticationFilter (AuthenticationFilter.java:constructSecretProvider(240)) - Unable to initialize FileSignerSecretProvider, falling back to use random secrets.
2019-08-21 09:30:56,192 [pool-170-thread-1] INFO  server.RaftServerConfigKeys (ConfUtils.java:logGet(43)) - raft.server.log.appender.install.snapshot.enabled = false (custom)
2019-08-21 09:30:56,193 [pool-170-thread-1] INFO  impl.RaftServerImpl (ServerState.java:<init>(105)) - 59741f75-dde0-4aa7-9839-4fef31d8a6cb:group-9AC9CD14A056 ConfigurationManager, init=-1: [], old=null, confs=<EMPTY_MAP>
2019-08-21 09:30:56,193 [Thread-324] WARN  http.HttpRequestLog (HttpRequestLog.java:getRequestLog(97)) - Jetty request log can only be enabled using Log4j
2019-08-21 09:30:56,193 [pool-170-thread-1] INFO  server.RaftServerConfigKeys (ConfUtils.java:logGet(43)) - raft.server.storage.dir = [/workdir/hadoop-ozone/integration-test/target/test-dir/MiniOzoneClusterImpl-33ae4b10-f24f-4466-94ae-5d1d58110502/datanode-2/data/ratis] (custom)
2019-08-21 09:30:56,194 [Thread-324] INFO  http.HttpServer2 (HttpServer2.java:addGlobalFilter(975)) - Added global filter 'safety' (class=org.apache.hadoop.http.HttpServer2$QuotingInputFilter)
2019-08-21 09:30:56,195 [Thread-324] INFO  http.HttpServer2 (HttpServer2.java:addFilter(948)) - Added filter static_user_filter (class=org.apache.hadoop.http.lib.StaticUserWebFilter$StaticUserFilter) to context hddsDatanode
2019-08-21 09:30:56,195 [Thread-324] INFO  http.HttpServer2 (HttpServer2.java:addFilter(958)) - Added filter static_user_filter (class=org.apache.hadoop.http.lib.StaticUserWebFilter$StaticUserFilter) to context static
2019-08-21 09:30:56,195 [Thread-324] INFO  http.HttpServer2 (HttpServer2.java:addFilter(958)) - Added filter static_user_filter (class=org.apache.hadoop.http.lib.StaticUserWebFilter$StaticUserFilter) to context logs
2019-08-21 09:30:56,196 [Thread-324] INFO  http.HttpServer2 (HttpServer2.java:bindListener(1191)) - Jetty bound to port 42615
2019-08-21 09:30:56,196 [Thread-324] INFO  server.Server (Server.java:doStart(351)) - jetty-9.3.24.v20180605, build timestamp: 2018-06-05T17:11:56Z, git hash: 84205aa28f11a4f31f2a3b86d1bba2cc8ab69827
2019-08-21 09:30:56,198 [Thread-324] INFO  handler.ContextHandler (ContextHandler.java:doStart(781)) - Started o.e.j.s.ServletContextHandler@42c60c4e{/logs,file:///workdir/hadoop-ozone/integration-test/target/log,AVAILABLE}
2019-08-21 09:30:56,198 [Thread-324] INFO  handler.ContextHandler (ContextHandler.java:doStart(781)) - Started o.e.j.s.ServletContextHandler@6f57eb02{/static,jar:file:/home/user/.m2/repository/org/apache/hadoop/hadoop-hdds-container-service/0.5.0-SNAPSHOT/hadoop-hdds-container-service-0.5.0-SNAPSHOT.jar!/webapps/static,AVAILABLE}
2019-08-21 09:30:56,205 [pool-170-thread-1] INFO  storage.RaftStorageDirectory (RaftStorageDirectory.java:tryLock(328)) - Lock on /workdir/hadoop-ozone/integration-test/target/test-dir/MiniOzoneClusterImpl-33ae4b10-f24f-4466-94ae-5d1d58110502/datanode-2/data/ratis/87bc7c79-2020-4e68-9ebc-9ac9cd14a056/in_use.lock acquired by nodename 2538@pr-hdds-1935-xjqtc-1107137857
2019-08-21 09:30:56,206 [pool-170-thread-1] INFO  ratis.ContainerStateMachine (ContainerStateMachine.java:loadSnapshot(226)) - group-9AC9CD14A056: The snapshot info is null. Setting the last applied indexto:(t:0, i:~)
2019-08-21 09:30:56,206 [pool-170-thread-1] INFO  server.RaftServerConfigKeys (ConfUtils.java:logGet(43)) - raft.server.leader.election.timeout = 120s (custom)
2019-08-21 09:30:56,206 [pool-170-thread-1] INFO  server.RaftServerConfigKeys (ConfUtils.java:logGet(43)) - raft.server.log.use.memory = false (default)
2019-08-21 09:30:56,207 [pool-170-thread-1] INFO  server.RaftServerConfigKeys (ConfUtils.java:logGet(43)) - raft.server.log.purge.gap = 1000000 (custom)
2019-08-21 09:30:56,207 [pool-170-thread-1] INFO  server.RaftServerConfigKeys (ConfUtils.java:logGet(43)) - raft.server.log.appender.buffer.byte-limit = 33554432 (custom)
2019-08-21 09:30:56,207 [pool-170-thread-1] INFO  server.RaftServerConfigKeys (ConfUtils.java:logGet(43)) - raft.server.log.segment.size.max = 1048576 (custom)
2019-08-21 09:30:56,207 [pool-170-thread-1] INFO  server.RaftServerConfigKeys (ConfUtils.java:logGet(43)) - raft.server.log.segment.cache.num.max = 2 (custom)
2019-08-21 09:30:56,207 [pool-170-thread-1] INFO  segmented.SegmentedRaftLogWorker (SegmentedRaftLogWorker.java:<init>(172)) - new 59741f75-dde0-4aa7-9839-4fef31d8a6cb-SegmentedRaftLogWorker:Storage Directory /workdir/hadoop-ozone/integration-test/target/test-dir/MiniOzoneClusterImpl-33ae4b10-f24f-4466-94ae-5d1d58110502/datanode-2/data/ratis/87bc7c79-2020-4e68-9ebc-9ac9cd14a056 for RaftStorage:Storage Directory /workdir/hadoop-ozone/integration-test/target/test-dir/MiniOzoneClusterImpl-33ae4b10-f24f-4466-94ae-5d1d58110502/datanode-2/data/ratis/87bc7c79-2020-4e68-9ebc-9ac9cd14a056
2019-08-21 09:30:56,207 [pool-170-thread-1] INFO  server.RaftServerConfigKeys (ConfUtils.java:logGet(43)) - raft.server.log.queue.byte-limit = 2147483647 (custom)
2019-08-21 09:30:56,208 [pool-170-thread-1] INFO  server.RaftServerConfigKeys (ConfUtils.java:logGet(43)) - raft.server.log.queue.element-limit = 1024 (custom)
2019-08-21 09:30:56,208 [pool-170-thread-1] INFO  server.RaftServerConfigKeys (ConfUtils.java:logGet(43)) - raft.server.log.segment.size.max = 1048576 (custom)
2019-08-21 09:30:56,208 [pool-170-thread-1] INFO  server.RaftServerConfigKeys (ConfUtils.java:logGet(43)) - raft.server.log.preallocated.size = 16384 (custom)
2019-08-21 09:30:56,208 [pool-170-thread-1] INFO  server.RaftServerConfigKeys (ConfUtils.java:logGet(43)) - raft.server.log.write.buffer.size = 33554432 (custom)
2019-08-21 09:30:56,208 [pool-170-thread-1] INFO  server.RaftServerConfigKeys (ConfUtils.java:logGet(43)) - raft.server.log.force.sync.num = 128 (default)
2019-08-21 09:30:56,209 [pool-170-thread-1] INFO  server.RaftServerConfigKeys (ConfUtils.java:logGet(43)) - raft.server.log.statemachine.data.sync = true (default)
2019-08-21 09:30:56,209 [pool-170-thread-1] INFO  server.RaftServerConfigKeys (ConfUtils.java:logGet(43)) - raft.server.log.statemachine.data.sync.timeout = 10s (default)
2019-08-21 09:30:56,209 [pool-170-thread-1] INFO  server.RaftServerConfigKeys (ConfUtils.java:logGet(43)) - raft.server.log.statemachine.data.sync.timeout.retry = -1 (default)
2019-08-21 09:30:56,209 [pool-170-thread-1] INFO  server.RaftServerConfigKeys (ConfUtils.java:logGet(43)) - raft.server.log.statemachine.data.caching.enabled = true (custom)
2019-08-21 09:30:56,210 [pool-170-thread-1] INFO  impl.RaftServerImpl (ServerState.java:setRaftConf(361)) - 59741f75-dde0-4aa7-9839-4fef31d8a6cb:group-9AC9CD14A056 set configuration 0: [59741f75-dde0-4aa7-9839-4fef31d8a6cb:192.168.5.184:37972], old=null at 0
2019-08-21 09:30:56,210 [pool-170-thread-1] INFO  segmented.LogSegment (LogSegment.java:loadSegment(145)) - Successfully read 1 entries from segment file /workdir/hadoop-ozone/integration-test/target/test-dir/MiniOzoneClusterImpl-33ae4b10-f24f-4466-94ae-5d1d58110502/datanode-2/data/ratis/87bc7c79-2020-4e68-9ebc-9ac9cd14a056/current/log_inprogress_0
2019-08-21 09:30:56,211 [pool-170-thread-1] INFO  segmented.SegmentedRaftLogWorker (SegmentedRaftLogWorker.java:lambda$new$0(132)) - 59741f75-dde0-4aa7-9839-4fef31d8a6cb-SegmentedRaftLogWorker:Storage Directory /workdir/hadoop-ozone/integration-test/target/test-dir/MiniOzoneClusterImpl-33ae4b10-f24f-4466-94ae-5d1d58110502/datanode-2/data/ratis/87bc7c79-2020-4e68-9ebc-9ac9cd14a056: flushIndex: setUnconditionally 0 -> 0
2019-08-21 09:30:56,226 [Thread-324] INFO  handler.ContextHandler (ContextHandler.java:doStart(781)) - Started o.e.j.w.WebAppContext@55fb5146{/,file:///tmp/jetty-0.0.0.0-42615-hddsDatanode-_-any-555588823632857988.dir/webapp/,AVAILABLE}{/hddsDatanode}
2019-08-21 09:30:56,227 [Thread-324] INFO  server.AbstractConnector (AbstractConnector.java:doStart(278)) - Started ServerConnector@4cc575ff{HTTP/1.1,[http/1.1]}{0.0.0.0:42615}
2019-08-21 09:30:56,246 [Thread-324] INFO  server.Server (Server.java:doStart(419)) - Started @54683ms
2019-08-21 09:30:56,246 [Thread-324] WARN  impl.MetricsSystemImpl (MetricsSystemImpl.java:register(276)) - Sink prometheus already exists!
2019-08-21 09:30:56,246 [pool-170-thread-1] INFO  server.RaftServerConfigKeys (ConfUtils.java:logGet(43)) - raft.server.snapshot.auto.trigger.enabled = true (custom)
2019-08-21 09:30:56,246 [pool-170-thread-1] INFO  server.RaftServerConfigKeys (ConfUtils.java:logGet(43)) - raft.server.snapshot.auto.trigger.threshold = 10000 (custom)
2019-08-21 09:30:56,247 [pool-170-thread-1] INFO  server.RaftServerConfigKeys (ConfUtils.java:logGet(43)) - raft.server.retrycache.expirytime = 600000ms (custom)
2019-08-21 09:30:56,247 [Thread-324] INFO  server.BaseHttpServer (BaseHttpServer.java:updateConnectorAddress(215)) - HTTP server of HDDSDATANODE is listening at http://0.0.0.0:42615
2019-08-21 09:30:56,248 [pool-170-thread-1] INFO  impl.RaftServerImpl (RaftServerImpl.java:<init>(93)) - 59741f75-dde0-4aa7-9839-4fef31d8a6cb: new RaftServerImpl for group-EB942AFDCBD7:[] with ContainerStateMachine:uninitialized
2019-08-21 09:30:56,248 [pool-170-thread-1] INFO  server.RaftServerConfigKeys (ConfUtils.java:logGet(43)) - raft.server.rpc.timeout.min = 5s (custom)
2019-08-21 09:30:56,249 [pool-170-thread-1] INFO  server.RaftServerConfigKeys (ConfUtils.java:logGet(43)) - raft.server.rpc.timeout.max = 5200ms (custom)
2019-08-21 09:30:56,249 [pool-170-thread-1] INFO  server.RaftServerConfigKeys (ConfUtils.java:logGet(43)) - raft.server.rpcslowness.timeout = 120s (custom)
2019-08-21 09:30:56,249 [pool-170-thread-1] INFO  server.RaftServerConfigKeys (ConfUtils.java:logGet(43)) - raft.server.sleep.deviation.threshold = 300 (default)
2019-08-21 09:30:56,249 [pool-170-thread-1] INFO  server.RaftServerConfigKeys (ConfUtils.java:logGet(43)) - raft.server.log.appender.install.snapshot.enabled = false (custom)
2019-08-21 09:30:56,249 [pool-170-thread-1] INFO  impl.RaftServerImpl (ServerState.java:<init>(105)) - 59741f75-dde0-4aa7-9839-4fef31d8a6cb:group-EB942AFDCBD7 ConfigurationManager, init=-1: [], old=null, confs=<EMPTY_MAP>
2019-08-21 09:30:56,249 [pool-170-thread-1] INFO  server.RaftServerConfigKeys (ConfUtils.java:logGet(43)) - raft.server.storage.dir = [/workdir/hadoop-ozone/integration-test/target/test-dir/MiniOzoneClusterImpl-33ae4b10-f24f-4466-94ae-5d1d58110502/datanode-2/data/ratis] (custom)
2019-08-21 09:30:56,373 [pool-170-thread-1] INFO  storage.RaftStorageDirectory (RaftStorageDirectory.java:tryLock(328)) - Lock on /workdir/hadoop-ozone/integration-test/target/test-dir/MiniOzoneClusterImpl-33ae4b10-f24f-4466-94ae-5d1d58110502/datanode-2/data/ratis/51c9435d-115b-480c-af95-eb942afdcbd7/in_use.lock acquired by nodename 2538@pr-hdds-1935-xjqtc-1107137857
2019-08-21 09:30:56,407 [pool-170-thread-1] INFO  ratis.ContainerStateMachine (ContainerStateMachine.java:loadSnapshot(226)) - group-EB942AFDCBD7: The snapshot info is null. Setting the last applied indexto:(t:0, i:~)
2019-08-21 09:30:56,407 [pool-170-thread-1] INFO  server.RaftServerConfigKeys (ConfUtils.java:logGet(43)) - raft.server.leader.election.timeout = 120s (custom)
2019-08-21 09:30:56,407 [pool-170-thread-1] INFO  server.RaftServerConfigKeys (ConfUtils.java:logGet(43)) - raft.server.log.use.memory = false (default)
2019-08-21 09:30:56,408 [pool-170-thread-1] INFO  server.RaftServerConfigKeys (ConfUtils.java:logGet(43)) - raft.server.log.purge.gap = 1000000 (custom)
2019-08-21 09:30:56,408 [pool-170-thread-1] INFO  server.RaftServerConfigKeys (ConfUtils.java:logGet(43)) - raft.server.log.appender.buffer.byte-limit = 33554432 (custom)
2019-08-21 09:30:56,408 [pool-170-thread-1] INFO  server.RaftServerConfigKeys (ConfUtils.java:logGet(43)) - raft.server.log.segment.size.max = 1048576 (custom)
2019-08-21 09:30:56,409 [pool-170-thread-1] INFO  server.RaftServerConfigKeys (ConfUtils.java:logGet(43)) - raft.server.log.segment.cache.num.max = 2 (custom)
2019-08-21 09:30:56,409 [pool-170-thread-1] INFO  segmented.SegmentedRaftLogWorker (SegmentedRaftLogWorker.java:<init>(172)) - new 59741f75-dde0-4aa7-9839-4fef31d8a6cb-SegmentedRaftLogWorker:Storage Directory /workdir/hadoop-ozone/integration-test/target/test-dir/MiniOzoneClusterImpl-33ae4b10-f24f-4466-94ae-5d1d58110502/datanode-2/data/ratis/51c9435d-115b-480c-af95-eb942afdcbd7 for RaftStorage:Storage Directory /workdir/hadoop-ozone/integration-test/target/test-dir/MiniOzoneClusterImpl-33ae4b10-f24f-4466-94ae-5d1d58110502/datanode-2/data/ratis/51c9435d-115b-480c-af95-eb942afdcbd7
2019-08-21 09:30:56,409 [pool-170-thread-1] INFO  server.RaftServerConfigKeys (ConfUtils.java:logGet(43)) - raft.server.log.queue.byte-limit = 2147483647 (custom)
2019-08-21 09:30:56,409 [pool-170-thread-1] INFO  server.RaftServerConfigKeys (ConfUtils.java:logGet(43)) - raft.server.log.queue.element-limit = 1024 (custom)
2019-08-21 09:30:56,409 [pool-170-thread-1] INFO  server.RaftServerConfigKeys (ConfUtils.java:logGet(43)) - raft.server.log.segment.size.max = 1048576 (custom)
2019-08-21 09:30:56,410 [pool-170-thread-1] INFO  server.RaftServerConfigKeys (ConfUtils.java:logGet(43)) - raft.server.log.preallocated.size = 16384 (custom)
2019-08-21 09:30:56,410 [pool-170-thread-1] INFO  server.RaftServerConfigKeys (ConfUtils.java:logGet(43)) - raft.server.log.write.buffer.size = 33554432 (custom)
2019-08-21 09:30:56,410 [pool-170-thread-1] INFO  server.RaftServerConfigKeys (ConfUtils.java:logGet(43)) - raft.server.log.force.sync.num = 128 (default)
2019-08-21 09:30:56,410 [pool-170-thread-1] INFO  server.RaftServerConfigKeys (ConfUtils.java:logGet(43)) - raft.server.log.statemachine.data.sync = true (default)
2019-08-21 09:30:56,410 [pool-170-thread-1] INFO  server.RaftServerConfigKeys (ConfUtils.java:logGet(43)) - raft.server.log.statemachine.data.sync.timeout = 10s (default)
2019-08-21 09:30:56,411 [pool-170-thread-1] INFO  server.RaftServerConfigKeys (ConfUtils.java:logGet(43)) - raft.server.log.statemachine.data.sync.timeout.retry = -1 (default)
2019-08-21 09:30:56,412 [pool-170-thread-1] INFO  server.RaftServerConfigKeys (ConfUtils.java:logGet(43)) - raft.server.log.statemachine.data.caching.enabled = true (custom)
2019-08-21 09:30:56,422 [pool-170-thread-1] INFO  impl.RaftServerImpl (ServerState.java:setRaftConf(361)) - 59741f75-dde0-4aa7-9839-4fef31d8a6cb:group-EB942AFDCBD7 set configuration 0: [08261258-4556-48ae-a229-db40bbbaf060:192.168.5.184:44716, 1e27fcfb-c104-4324-889c-430876b01a3a:192.168.5.184:42282, 59741f75-dde0-4aa7-9839-4fef31d8a6cb:192.168.5.184:37972], old=null at 0
2019-08-21 09:30:56,430 [pool-170-thread-1] INFO  segmented.LogSegment (LogSegment.java:loadSegment(145)) - Successfully read 1 entries from segment file /workdir/hadoop-ozone/integration-test/target/test-dir/MiniOzoneClusterImpl-33ae4b10-f24f-4466-94ae-5d1d58110502/datanode-2/data/ratis/51c9435d-115b-480c-af95-eb942afdcbd7/current/log_inprogress_0
2019-08-21 09:30:56,430 [pool-170-thread-1] INFO  segmented.SegmentedRaftLogWorker (SegmentedRaftLogWorker.java:lambda$new$0(132)) - 59741f75-dde0-4aa7-9839-4fef31d8a6cb-SegmentedRaftLogWorker:Storage Directory /workdir/hadoop-ozone/integration-test/target/test-dir/MiniOzoneClusterImpl-33ae4b10-f24f-4466-94ae-5d1d58110502/datanode-2/data/ratis/51c9435d-115b-480c-af95-eb942afdcbd7: flushIndex: setUnconditionally 0 -> 0
2019-08-21 09:30:56,449 [pool-170-thread-1] INFO  server.RaftServerConfigKeys (ConfUtils.java:logGet(43)) - raft.server.snapshot.auto.trigger.enabled = true (custom)
2019-08-21 09:30:56,450 [pool-170-thread-1] INFO  server.RaftServerConfigKeys (ConfUtils.java:logGet(43)) - raft.server.snapshot.auto.trigger.threshold = 10000 (custom)
2019-08-21 09:30:56,452 [pool-170-thread-1] INFO  server.RaftServerConfigKeys (ConfUtils.java:logGet(43)) - raft.server.retrycache.expirytime = 600000ms (custom)
2019-08-21 09:30:56,579 | INFO  | ObjectStoreRestHttpServer | Listening HDDS REST traffic on /0.0.0.0:33312 |  
2019-08-21 09:30:56,579 [Thread-324] INFO  ozone.HddsDatanodeService (HddsDatanodeService.java:startPlugins(395)) - Started plug-in org.apache.hadoop.ozone.web.OzoneHddsDatanodeService@22d1badd
2019-08-21 09:30:56,580 [Thread-324] INFO  pipeline.SCMPipelineManager (SCMPipelineManager.java:finalizeAndDestroyPipeline(309)) - destroying pipeline:Pipeline[ Id: 51c9435d-115b-480c-af95-eb942afdcbd7, Nodes: 1e27fcfb-c104-4324-889c-430876b01a3a{ip: 192.168.5.184, host: pr-hdds-1935-xjqtc-1107137857, networkLocation: /default-rack, certSerialId: null}59741f75-dde0-4aa7-9839-4fef31d8a6cb{ip: 192.168.5.184, host: pr-hdds-1935-xjqtc-1107137857, networkLocation: /default-rack, certSerialId: null}08261258-4556-48ae-a229-db40bbbaf060{ip: 192.168.5.184, host: pr-hdds-1935-xjqtc-1107137857, networkLocation: /default-rack, certSerialId: null}, Type:RATIS, Factor:THREE, State:OPEN]
2019-08-21 09:30:56,582 [org.apache.hadoop.util.JvmPauseMonitor$Monitor@66c24ac] INFO  util.JvmPauseMonitor (JvmPauseMonitor.java:run(188)) - Starting JVM pause monitor
2019-08-21 09:30:56,588 [Thread-324] WARN  pipeline.RatisPipelineUtils (RatisPipelineUtils.java:destroyPipeline(66)) - Pipeline destroy failed for pipeline=PipelineID=51c9435d-115b-480c-af95-eb942afdcbd7 dn=1e27fcfb-c104-4324-889c-430876b01a3a{ip: 192.168.5.184, host: pr-hdds-1935-xjqtc-1107137857, networkLocation: /default-rack, certSerialId: null}
2019-08-21 09:30:56,592 [Thread-324] WARN  pipeline.RatisPipelineUtils (RatisPipelineUtils.java:destroyPipeline(66)) - Pipeline destroy failed for pipeline=PipelineID=51c9435d-115b-480c-af95-eb942afdcbd7 dn=59741f75-dde0-4aa7-9839-4fef31d8a6cb{ip: 192.168.5.184, host: pr-hdds-1935-xjqtc-1107137857, networkLocation: /default-rack, certSerialId: null}
2019-08-21 09:30:56,596 [Thread-324] WARN  pipeline.RatisPipelineUtils (RatisPipelineUtils.java:destroyPipeline(66)) - Pipeline destroy failed for pipeline=PipelineID=51c9435d-115b-480c-af95-eb942afdcbd7 dn=08261258-4556-48ae-a229-db40bbbaf060{ip: 192.168.5.184, host: pr-hdds-1935-xjqtc-1107137857, networkLocation: /default-rack, certSerialId: null}
2019-08-21 09:30:56,597 [Thread-324] INFO  pipeline.PipelineStateManager (PipelineStateManager.java:removePipeline(108)) - Pipeline Pipeline[ Id: 51c9435d-115b-480c-af95-eb942afdcbd7, Nodes: 1e27fcfb-c104-4324-889c-430876b01a3a{ip: 192.168.5.184, host: pr-hdds-1935-xjqtc-1107137857, networkLocation: /default-rack, certSerialId: null}59741f75-dde0-4aa7-9839-4fef31d8a6cb{ip: 192.168.5.184, host: pr-hdds-1935-xjqtc-1107137857, networkLocation: /default-rack, certSerialId: null}08261258-4556-48ae-a229-db40bbbaf060{ip: 192.168.5.184, host: pr-hdds-1935-xjqtc-1107137857, networkLocation: /default-rack, certSerialId: null}, Type:RATIS, Factor:THREE, State:CLOSED] removed from db
2019-08-21 09:30:57,964 | INFO  | SCMAudit | user=jenkins1000 | ip=192.168.5.184 | op=GET_VERSION null | ret=SUCCESS |  
2019-08-21 09:30:57,966 [Datanode State Machine Thread - 0] INFO  ozoneimpl.OzoneContainer (OzoneContainer.java:start(186)) - Attempting to start container services.
2019-08-21 09:30:57,966 [Datanode State Machine Thread - 0] INFO  ozoneimpl.OzoneContainer (OzoneContainer.java:startContainerScrub(160)) - Background container scrubber has been disabled by hdds.containerscrub.enabled
2019-08-21 09:30:57,966 [Datanode State Machine Thread - 0] INFO  ratis.XceiverServerRatis (XceiverServerRatis.java:start(404)) - Starting XceiverServerRatis 1e27fcfb-c104-4324-889c-430876b01a3a at port 42282
2019-08-21 09:30:57,979 [Datanode State Machine Thread - 0] INFO  impl.RaftServerImpl (RaftServerImpl.java:start(180)) - 1e27fcfb-c104-4324-889c-430876b01a3a: start group-EB942AFDCBD7
2019-08-21 09:30:57,979 [ForkJoinPool.commonPool-worker-0] INFO  impl.RaftServerImpl (RaftServerImpl.java:start(180)) - 1e27fcfb-c104-4324-889c-430876b01a3a: start group-25EDB1DB35D8
2019-08-21 09:30:57,980 [Datanode State Machine Thread - 0] INFO  impl.RaftServerImpl (RaftServerImpl.java:setRole(171)) - 1e27fcfb-c104-4324-889c-430876b01a3a:group-EB942AFDCBD7 changes role from null to FOLLOWER at term 1 for startAsFollower
2019-08-21 09:30:57,982 [ForkJoinPool.commonPool-worker-0] INFO  impl.RaftServerImpl (RaftServerImpl.java:setRole(171)) - 1e27fcfb-c104-4324-889c-430876b01a3a:group-25EDB1DB35D8 changes role from null to FOLLOWER at term 1 for startAsFollower
2019-08-21 09:30:57,982 [Datanode State Machine Thread - 0] INFO  impl.RoleInfo (RoleInfo.java:updateAndGet(143)) - 1e27fcfb-c104-4324-889c-430876b01a3a: start FollowerState
2019-08-21 09:30:57,982 [ForkJoinPool.commonPool-worker-0] INFO  impl.RoleInfo (RoleInfo.java:updateAndGet(143)) - 1e27fcfb-c104-4324-889c-430876b01a3a: start FollowerState
2019-08-21 09:30:57,984 [Datanode State Machine Thread - 0] INFO  util.JmxRegister (JmxRegister.java:tryRegister(44)) - Successfully registered JMX Bean with object name Ratis:service=RaftServer,group=group-EB942AFDCBD7,id=1e27fcfb-c104-4324-889c-430876b01a3a
2019-08-21 09:30:57,984 [ForkJoinPool.commonPool-worker-0] INFO  util.JmxRegister (JmxRegister.java:tryRegister(44)) - Successfully registered JMX Bean with object name Ratis:service=RaftServer,group=group-25EDB1DB35D8,id=1e27fcfb-c104-4324-889c-430876b01a3a
2019-08-21 09:30:57,987 [Datanode State Machine Thread - 0] INFO  impl.RaftServerProxy (RaftServerProxy.java:lambda$start$3(299)) - 1e27fcfb-c104-4324-889c-430876b01a3a: start RPC server
2019-08-21 09:30:57,990 [Datanode State Machine Thread - 0] INFO  server.GrpcService (GrpcService.java:startImpl(149)) - 1e27fcfb-c104-4324-889c-430876b01a3a: GrpcService started, listening on 0.0.0.0/0.0.0.0:42282
2019-08-21 09:30:58,164 | INFO  | SCMAudit | user=jenkins1000 | ip=192.168.5.184 | op=GET_VERSION null | ret=SUCCESS |  
2019-08-21 09:30:58,165 [Datanode State Machine Thread - 0] INFO  ozoneimpl.OzoneContainer (OzoneContainer.java:start(186)) - Attempting to start container services.
2019-08-21 09:30:58,166 [Datanode State Machine Thread - 0] INFO  ozoneimpl.OzoneContainer (OzoneContainer.java:startContainerScrub(160)) - Background container scrubber has been disabled by hdds.containerscrub.enabled
2019-08-21 09:30:58,166 [Datanode State Machine Thread - 0] INFO  ratis.XceiverServerRatis (XceiverServerRatis.java:start(404)) - Starting XceiverServerRatis 08261258-4556-48ae-a229-db40bbbaf060 at port 44716
2019-08-21 09:30:58,176 [Datanode State Machine Thread - 0] INFO  impl.RaftServerImpl (RaftServerImpl.java:start(180)) - 08261258-4556-48ae-a229-db40bbbaf060: start group-EB942AFDCBD7
2019-08-21 09:30:58,176 [ForkJoinPool.commonPool-worker-0] INFO  impl.RaftServerImpl (RaftServerImpl.java:start(180)) - 08261258-4556-48ae-a229-db40bbbaf060: start group-D50CC2FA0BA1
2019-08-21 09:30:58,178 [Datanode State Machine Thread - 0] INFO  impl.RaftServerImpl (RaftServerImpl.java:setRole(171)) - 08261258-4556-48ae-a229-db40bbbaf060:group-EB942AFDCBD7 changes role from null to FOLLOWER at term 1 for startAsFollower
2019-08-21 09:30:58,179 [ForkJoinPool.commonPool-worker-0] INFO  impl.RaftServerImpl (RaftServerImpl.java:setRole(171)) - 08261258-4556-48ae-a229-db40bbbaf060:group-D50CC2FA0BA1 changes role from null to FOLLOWER at term 1 for startAsFollower
2019-08-21 09:30:58,180 [Datanode State Machine Thread - 0] INFO  impl.RoleInfo (RoleInfo.java:updateAndGet(143)) - 08261258-4556-48ae-a229-db40bbbaf060: start FollowerState
2019-08-21 09:30:58,180 [ForkJoinPool.commonPool-worker-0] INFO  impl.RoleInfo (RoleInfo.java:updateAndGet(143)) - 08261258-4556-48ae-a229-db40bbbaf060: start FollowerState
2019-08-21 09:30:58,180 [Datanode State Machine Thread - 0] INFO  util.JmxRegister (JmxRegister.java:tryRegister(44)) - Successfully registered JMX Bean with object name Ratis:service=RaftServer,group=group-EB942AFDCBD7,id=08261258-4556-48ae-a229-db40bbbaf060
2019-08-21 09:30:58,181 [ForkJoinPool.commonPool-worker-0] INFO  util.JmxRegister (JmxRegister.java:tryRegister(44)) - Successfully registered JMX Bean with object name Ratis:service=RaftServer,group=group-D50CC2FA0BA1,id=08261258-4556-48ae-a229-db40bbbaf060
2019-08-21 09:30:58,183 [Datanode State Machine Thread - 0] INFO  impl.RaftServerProxy (RaftServerProxy.java:lambda$start$3(299)) - 08261258-4556-48ae-a229-db40bbbaf060: start RPC server
2019-08-21 09:30:58,185 [Datanode State Machine Thread - 0] INFO  server.GrpcService (GrpcService.java:startImpl(149)) - 08261258-4556-48ae-a229-db40bbbaf060: GrpcService started, listening on 0.0.0.0/0.0.0.0:44716
2019-08-21 09:30:58,583 | INFO  | SCMAudit | user=jenkins1000 | ip=192.168.5.184 | op=GET_VERSION null | ret=SUCCESS |  
2019-08-21 09:30:58,585 [Datanode State Machine Thread - 0] INFO  ozoneimpl.OzoneContainer (OzoneContainer.java:start(186)) - Attempting to start container services.
2019-08-21 09:30:58,585 [Datanode State Machine Thread - 0] INFO  ozoneimpl.OzoneContainer (OzoneContainer.java:startContainerScrub(160)) - Background container scrubber has been disabled by hdds.containerscrub.enabled
2019-08-21 09:30:58,585 [Datanode State Machine Thread - 0] INFO  ratis.XceiverServerRatis (XceiverServerRatis.java:start(404)) - Starting XceiverServerRatis 59741f75-dde0-4aa7-9839-4fef31d8a6cb at port 37972
2019-08-21 09:30:58,600 [ForkJoinPool.commonPool-worker-0] INFO  impl.RaftServerImpl (RaftServerImpl.java:start(180)) - 59741f75-dde0-4aa7-9839-4fef31d8a6cb: start group-EB942AFDCBD7
2019-08-21 09:30:58,600 [Datanode State Machine Thread - 0] INFO  impl.RaftServerImpl (RaftServerImpl.java:start(180)) - 59741f75-dde0-4aa7-9839-4fef31d8a6cb: start group-9AC9CD14A056
2019-08-21 09:30:58,602 [ForkJoinPool.commonPool-worker-0] INFO  impl.RaftServerImpl (RaftServerImpl.java:setRole(171)) - 59741f75-dde0-4aa7-9839-4fef31d8a6cb:group-EB942AFDCBD7 changes role from null to FOLLOWER at term 2 for startAsFollower
2019-08-21 09:30:58,604 [Datanode State Machine Thread - 0] INFO  impl.RaftServerImpl (RaftServerImpl.java:setRole(171)) - 59741f75-dde0-4aa7-9839-4fef31d8a6cb:group-9AC9CD14A056 changes role from null to FOLLOWER at term 1 for startAsFollower
2019-08-21 09:30:58,604 [ForkJoinPool.commonPool-worker-0] INFO  impl.RoleInfo (RoleInfo.java:updateAndGet(143)) - 59741f75-dde0-4aa7-9839-4fef31d8a6cb: start FollowerState
2019-08-21 09:30:58,604 [Datanode State Machine Thread - 0] INFO  impl.RoleInfo (RoleInfo.java:updateAndGet(143)) - 59741f75-dde0-4aa7-9839-4fef31d8a6cb: start FollowerState
2019-08-21 09:30:58,606 [ForkJoinPool.commonPool-worker-0] INFO  util.JmxRegister (JmxRegister.java:tryRegister(44)) - Successfully registered JMX Bean with object name Ratis:service=RaftServer,group=group-EB942AFDCBD7,id=59741f75-dde0-4aa7-9839-4fef31d8a6cb
2019-08-21 09:30:58,606 [Datanode State Machine Thread - 0] INFO  util.JmxRegister (JmxRegister.java:tryRegister(44)) - Successfully registered JMX Bean with object name Ratis:service=RaftServer,group=group-9AC9CD14A056,id=59741f75-dde0-4aa7-9839-4fef31d8a6cb
2019-08-21 09:30:58,609 [Datanode State Machine Thread - 0] INFO  impl.RaftServerProxy (RaftServerProxy.java:lambda$start$3(299)) - 59741f75-dde0-4aa7-9839-4fef31d8a6cb: start RPC server
2019-08-21 09:30:58,612 [Datanode State Machine Thread - 0] INFO  server.GrpcService (GrpcService.java:startImpl(149)) - 59741f75-dde0-4aa7-9839-4fef31d8a6cb: GrpcService started, listening on 0.0.0.0/0.0.0.0:37972
2019-08-21 09:30:59,972 | INFO  | SCMAudit | user=jenkins1000 | ip=192.168.5.184 | op=REGISTER {datanodeDetails=1e27fcfb-c104-4324-889c-430876b01a3a{ip: 192.168.5.184, host: pr-hdds-1935-xjqtc-1107137857, networkLocation: /default-rack, certSerialId: null}} | ret=SUCCESS |  
2019-08-21 09:30:59,996 [grpc-default-executor-0] INFO  impl.RaftServerProxy (RaftServerProxy.java:remove(95)) - 1e27fcfb-c104-4324-889c-430876b01a3a: remove FOLLOWER group-EB942AFDCBD7 1e27fcfb-c104-4324-889c-430876b01a3a:t1, leader=null, voted=1e27fcfb-c104-4324-889c-430876b01a3a, raftlog=1e27fcfb-c104-4324-889c-430876b01a3a-SegmentedRaftLog:OPENED:c-1,f0,i0, conf=0: [08261258-4556-48ae-a229-db40bbbaf060:192.168.5.184:44716, 1e27fcfb-c104-4324-889c-430876b01a3a:192.168.5.184:42282, 59741f75-dde0-4aa7-9839-4fef31d8a6cb:192.168.5.184:37972], old=null RUNNING
2019-08-21 09:30:59,997 [grpc-default-executor-0] INFO  impl.RaftServerImpl (RaftServerImpl.java:lambda$shutdown$3(245)) - 1e27fcfb-c104-4324-889c-430876b01a3a: shutdown group-EB942AFDCBD7
2019-08-21 09:30:59,997 [grpc-default-executor-0] INFO  util.JmxRegister (JmxRegister.java:unregister(73)) - Successfully un-registered JMX Bean with object name Ratis:service=RaftServer,group=group-EB942AFDCBD7,id=1e27fcfb-c104-4324-889c-430876b01a3a
2019-08-21 09:30:59,997 [grpc-default-executor-0] INFO  impl.RoleInfo (RoleInfo.java:shutdownFollowerState(121)) - 1e27fcfb-c104-4324-889c-430876b01a3a: shutdown FollowerState
2019-08-21 09:30:59,997 [grpc-default-executor-0] INFO  impl.StateMachineUpdater (StateMachineUpdater.java:stopAndJoin(115)) - StateMachineUpdater:1e27fcfb-c104-4324-889c-430876b01a3a:group-EB942AFDCBD7: set stopIndex = -1
2019-08-21 09:30:59,998 [Thread-589] INFO  impl.FollowerState (FollowerState.java:run(114)) - 1e27fcfb-c104-4324-889c-430876b01a3a: FollowerState was interrupted: java.lang.InterruptedException: sleep interrupted
2019-08-21 09:30:59,998 [grpc-default-executor-0] INFO  impl.RaftServerImpl (ServerState.java:close(394)) - 1e27fcfb-c104-4324-889c-430876b01a3a:group-EB942AFDCBD7 closes. The last applied log index is -1
2019-08-21 09:31:00,000 [1e27fcfb-c104-4324-889c-430876b01a3a-SegmentedRaftLogWorker:Storage Directory /workdir/hadoop-ozone/integration-test/target/test-dir/MiniOzoneClusterImpl-33ae4b10-f24f-4466-94ae-5d1d58110502/datanode-0/data/ratis/51c9435d-115b-480c-af95-eb942afdcbd7] INFO  segmented.SegmentedRaftLogWorker (SegmentedRaftLogWorker.java:run(313)) - 1e27fcfb-c104-4324-889c-430876b01a3a-SegmentedRaftLogWorker:Storage Directory /workdir/hadoop-ozone/integration-test/target/test-dir/MiniOzoneClusterImpl-33ae4b10-f24f-4466-94ae-5d1d58110502/datanode-0/data/ratis/51c9435d-115b-480c-af95-eb942afdcbd7 was interrupted, exiting. There are 0 tasks remaining in the queue.
2019-08-21 09:31:00,002 [grpc-default-executor-0] INFO  segmented.SegmentedRaftLogWorker (SegmentedRaftLogWorker.java:close(228)) - 1e27fcfb-c104-4324-889c-430876b01a3a-SegmentedRaftLogWorker:Storage Directory /workdir/hadoop-ozone/integration-test/target/test-dir/MiniOzoneClusterImpl-33ae4b10-f24f-4466-94ae-5d1d58110502/datanode-0/data/ratis/51c9435d-115b-480c-af95-eb942afdcbd7 close()
2019-08-21 09:31:00,165 | INFO  | SCMAudit | user=jenkins1000 | ip=192.168.5.184 | op=REGISTER {datanodeDetails=08261258-4556-48ae-a229-db40bbbaf060{ip: 192.168.5.184, host: pr-hdds-1935-xjqtc-1107137857, networkLocation: /default-rack, certSerialId: null}} | ret=SUCCESS |  
2019-08-21 09:31:00,176 [grpc-default-executor-0] INFO  impl.RaftServerProxy (RaftServerProxy.java:remove(95)) - 08261258-4556-48ae-a229-db40bbbaf060: remove FOLLOWER group-EB942AFDCBD7 08261258-4556-48ae-a229-db40bbbaf060:t1, leader=null, voted=1e27fcfb-c104-4324-889c-430876b01a3a, raftlog=08261258-4556-48ae-a229-db40bbbaf060-SegmentedRaftLog:OPENED:c-1,f0,i0, conf=0: [08261258-4556-48ae-a229-db40bbbaf060:192.168.5.184:44716, 1e27fcfb-c104-4324-889c-430876b01a3a:192.168.5.184:42282, 59741f75-dde0-4aa7-9839-4fef31d8a6cb:192.168.5.184:37972], old=null RUNNING
2019-08-21 09:31:00,177 [grpc-default-executor-0] INFO  impl.RaftServerImpl (RaftServerImpl.java:lambda$shutdown$3(245)) - 08261258-4556-48ae-a229-db40bbbaf060: shutdown group-EB942AFDCBD7
2019-08-21 09:31:00,177 [grpc-default-executor-0] INFO  util.JmxRegister (JmxRegister.java:unregister(73)) - Successfully un-registered JMX Bean with object name Ratis:service=RaftServer,group=group-EB942AFDCBD7,id=08261258-4556-48ae-a229-db40bbbaf060
2019-08-21 09:31:00,178 [grpc-default-executor-0] INFO  impl.RoleInfo (RoleInfo.java:shutdownFollowerState(121)) - 08261258-4556-48ae-a229-db40bbbaf060: shutdown FollowerState
2019-08-21 09:31:00,178 [grpc-default-executor-0] INFO  impl.StateMachineUpdater (StateMachineUpdater.java:stopAndJoin(115)) - StateMachineUpdater:08261258-4556-48ae-a229-db40bbbaf060:group-EB942AFDCBD7: set stopIndex = -1
2019-08-21 09:31:00,178 [Thread-591] INFO  impl.FollowerState (FollowerState.java:run(114)) - 08261258-4556-48ae-a229-db40bbbaf060: FollowerState was interrupted: java.lang.InterruptedException: sleep interrupted
2019-08-21 09:31:00,178 [grpc-default-executor-0] INFO  impl.RaftServerImpl (ServerState.java:close(394)) - 08261258-4556-48ae-a229-db40bbbaf060:group-EB942AFDCBD7 closes. The last applied log index is -1
2019-08-21 09:31:00,180 [08261258-4556-48ae-a229-db40bbbaf060-SegmentedRaftLogWorker:Storage Directory /workdir/hadoop-ozone/integration-test/target/test-dir/MiniOzoneClusterImpl-33ae4b10-f24f-4466-94ae-5d1d58110502/datanode-1/data/ratis/51c9435d-115b-480c-af95-eb942afdcbd7] INFO  segmented.SegmentedRaftLogWorker (SegmentedRaftLogWorker.java:run(313)) - 08261258-4556-48ae-a229-db40bbbaf060-SegmentedRaftLogWorker:Storage Directory /workdir/hadoop-ozone/integration-test/target/test-dir/MiniOzoneClusterImpl-33ae4b10-f24f-4466-94ae-5d1d58110502/datanode-1/data/ratis/51c9435d-115b-480c-af95-eb942afdcbd7 was interrupted, exiting. There are 0 tasks remaining in the queue.
2019-08-21 09:31:00,182 [grpc-default-executor-0] INFO  segmented.SegmentedRaftLogWorker (SegmentedRaftLogWorker.java:close(228)) - 08261258-4556-48ae-a229-db40bbbaf060-SegmentedRaftLogWorker:Storage Directory /workdir/hadoop-ozone/integration-test/target/test-dir/MiniOzoneClusterImpl-33ae4b10-f24f-4466-94ae-5d1d58110502/datanode-1/data/ratis/51c9435d-115b-480c-af95-eb942afdcbd7 close()
2019-08-21 09:31:00,585 | INFO  | SCMAudit | user=jenkins1000 | ip=192.168.5.184 | op=REGISTER {datanodeDetails=59741f75-dde0-4aa7-9839-4fef31d8a6cb{ip: 192.168.5.184, host: pr-hdds-1935-xjqtc-1107137857, networkLocation: /default-rack, certSerialId: null}} | ret=SUCCESS |  
2019-08-21 09:31:00,594 [grpc-default-executor-0] INFO  impl.RaftServerProxy (RaftServerProxy.java:remove(95)) - 59741f75-dde0-4aa7-9839-4fef31d8a6cb: remove FOLLOWER group-EB942AFDCBD7 59741f75-dde0-4aa7-9839-4fef31d8a6cb:t2, leader=null, voted=59741f75-dde0-4aa7-9839-4fef31d8a6cb, raftlog=59741f75-dde0-4aa7-9839-4fef31d8a6cb-SegmentedRaftLog:OPENED:c-1,f0,i0, conf=0: [08261258-4556-48ae-a229-db40bbbaf060:192.168.5.184:44716, 1e27fcfb-c104-4324-889c-430876b01a3a:192.168.5.184:42282, 59741f75-dde0-4aa7-9839-4fef31d8a6cb:192.168.5.184:37972], old=null RUNNING
2019-08-21 09:31:00,595 [grpc-default-executor-0] INFO  impl.RaftServerImpl (RaftServerImpl.java:lambda$shutdown$3(245)) - 59741f75-dde0-4aa7-9839-4fef31d8a6cb: shutdown group-EB942AFDCBD7
2019-08-21 09:31:00,595 [grpc-default-executor-0] INFO  util.JmxRegister (JmxRegister.java:unregister(73)) - Successfully un-registered JMX Bean with object name Ratis:service=RaftServer,group=group-EB942AFDCBD7,id=59741f75-dde0-4aa7-9839-4fef31d8a6cb
2019-08-21 09:31:00,595 [grpc-default-executor-0] INFO  impl.RoleInfo (RoleInfo.java:shutdownFollowerState(121)) - 59741f75-dde0-4aa7-9839-4fef31d8a6cb: shutdown FollowerState
2019-08-21 09:31:00,595 [grpc-default-executor-0] INFO  impl.StateMachineUpdater (StateMachineUpdater.java:stopAndJoin(115)) - StateMachineUpdater:59741f75-dde0-4aa7-9839-4fef31d8a6cb:group-EB942AFDCBD7: set stopIndex = -1
2019-08-21 09:31:00,596 [Thread-593] INFO  impl.FollowerState (FollowerState.java:run(114)) - 59741f75-dde0-4aa7-9839-4fef31d8a6cb: FollowerState was interrupted: java.lang.InterruptedException: sleep interrupted
2019-08-21 09:31:00,596 [grpc-default-executor-0] INFO  impl.RaftServerImpl (ServerState.java:close(394)) - 59741f75-dde0-4aa7-9839-4fef31d8a6cb:group-EB942AFDCBD7 closes. The last applied log index is -1
2019-08-21 09:31:00,598 [59741f75-dde0-4aa7-9839-4fef31d8a6cb-SegmentedRaftLogWorker:Storage Directory /workdir/hadoop-ozone/integration-test/target/test-dir/MiniOzoneClusterImpl-33ae4b10-f24f-4466-94ae-5d1d58110502/datanode-2/data/ratis/51c9435d-115b-480c-af95-eb942afdcbd7] INFO  segmented.SegmentedRaftLogWorker (SegmentedRaftLogWorker.java:run(313)) - 59741f75-dde0-4aa7-9839-4fef31d8a6cb-SegmentedRaftLogWorker:Storage Directory /workdir/hadoop-ozone/integration-test/target/test-dir/MiniOzoneClusterImpl-33ae4b10-f24f-4466-94ae-5d1d58110502/datanode-2/data/ratis/51c9435d-115b-480c-af95-eb942afdcbd7 was interrupted, exiting. There are 0 tasks remaining in the queue.
2019-08-21 09:31:00,599 [grpc-default-executor-0] INFO  segmented.SegmentedRaftLogWorker (SegmentedRaftLogWorker.java:close(228)) - 59741f75-dde0-4aa7-9839-4fef31d8a6cb-SegmentedRaftLogWorker:Storage Directory /workdir/hadoop-ozone/integration-test/target/test-dir/MiniOzoneClusterImpl-33ae4b10-f24f-4466-94ae-5d1d58110502/datanode-2/data/ratis/51c9435d-115b-480c-af95-eb942afdcbd7 close()
2019-08-21 09:31:01,079 [main] INFO  ozone.MiniOzoneClusterImpl (MiniOzoneClusterImpl.java:shutdown(321)) - Shutting down the Mini Ozone Cluster
2019-08-21 09:31:01,080 | INFO  | SCMAudit | user=null | ip=null | op=GET_SCM_INFO null | ret=SUCCESS |  
2019-08-21 09:31:01,080 [main] INFO  ozone.MiniOzoneClusterImpl (MiniOzoneClusterImpl.java:stop(336)) - Stopping the Mini Ozone Cluster
2019-08-21 09:31:01,081 [main] INFO  ozone.MiniOzoneClusterImpl (MiniOzoneClusterImpl.java:stop(338)) - Stopping the OzoneManager
2019-08-21 09:31:01,082 [main] INFO  ipc.Server (Server.java:stop(3082)) - Stopping server on 39909
2019-08-21 09:31:01,093 [IPC Server listener on 39909] INFO  ipc.Server (Server.java:run(1185)) - Stopping IPC Server listener on 39909
2019-08-21 09:31:01,095 [IPC Server Responder] INFO  ipc.Server (Server.java:run(1319)) - Stopping IPC Server Responder
2019-08-21 09:31:01,094 [main] INFO  ratis.OzoneManagerDoubleBuffer (OzoneManagerDoubleBuffer.java:stop(248)) - Stopping OMDoubleBuffer flush thread
2019-08-21 09:31:01,111 [OMDoubleBufferFlushThread] INFO  ratis.OzoneManagerDoubleBuffer (OzoneManagerDoubleBuffer.java:flushTransactions(191)) - OMDoubleBuffer flush thread OMDoubleBufferFlushThread is interrupted and will exit. OMDoubleBufferFlushThread
2019-08-21 09:31:01,118 [main] INFO  utils.BackgroundService (BackgroundService.java:shutdown(148)) - Shutting down service KeyDeletingService
2019-08-21 09:31:01,124 [main] INFO  handler.ContextHandler (ContextHandler.java:doStop(910)) - Stopped o.e.j.w.WebAppContext@3bf3ea8{/,null,UNAVAILABLE}{/ozoneManager}
2019-08-21 09:31:01,126 [main] INFO  server.AbstractConnector (AbstractConnector.java:doStop(318)) - Stopped ServerConnector@44c22441{HTTP/1.1,[http/1.1]}{0.0.0.0:0}
2019-08-21 09:31:01,127 [main] INFO  handler.ContextHandler (ContextHandler.java:doStop(910)) - Stopped o.e.j.s.ServletContextHandler@34408b7f{/static,file:///workdir/hadoop-ozone/integration-test/target/test-classes/webapps/static,UNAVAILABLE}
2019-08-21 09:31:01,129 [main] INFO  handler.ContextHandler (ContextHandler.java:doStop(910)) - Stopped o.e.j.s.ServletContextHandler@4a0ff0c5{/logs,file:///workdir/hadoop-ozone/integration-test/target/log,UNAVAILABLE}
2019-08-21 09:31:01,135 [main] INFO  ozone.MiniOzoneClusterImpl (MiniOzoneClusterImpl.java:stop(344)) - Shutting the HddsDatanodes
2019-08-21 09:31:01,136 [main] INFO  datanode.ObjectStoreHandler (ObjectStoreHandler.java:close(155)) - Closing ObjectStoreHandler.
2019-08-21 09:31:01,136 [ForkJoinPool.commonPool-worker-1] INFO  datanode.ObjectStoreHandler (ObjectStoreHandler.java:close(155)) - Closing ObjectStoreHandler.
2019-08-21 09:31:01,137 [main] INFO  ozone.HddsDatanodeService (HddsDatanodeService.java:stop(451)) - Stopped plug-in org.apache.hadoop.ozone.web.OzoneHddsDatanodeService@1a9eb306
2019-08-21 09:31:01,137 [ForkJoinPool.commonPool-worker-1] INFO  ozone.HddsDatanodeService (HddsDatanodeService.java:stop(451)) - Stopped plug-in org.apache.hadoop.ozone.web.OzoneHddsDatanodeService@987316d
2019-08-21 09:31:01,961 [Datanode State Machine Thread - 0] INFO  statemachine.DatanodeStateMachine (DatanodeStateMachine.java:lambda$startDaemon$0(350)) - Ozone container server started.
2019-08-21 09:31:02,163 [Datanode State Machine Thread - 0] INFO  statemachine.DatanodeStateMachine (DatanodeStateMachine.java:lambda$startDaemon$0(350)) - Ozone container server started.
2019-08-21 09:31:02,586 | INFO  | SCMAudit | user=jenkins1000 | ip=192.168.5.184 | op=SEND_HEARTBEAT {datanodeUUID=59741f75-dde0-4aa7-9839-4fef31d8a6cb, command=[]} | ret=SUCCESS |  
2019-08-21 09:31:03,044 [grpc-default-executor-1] INFO  impl.RaftServerProxy (RaftServerProxy.java:addNew(89)) - 59741f75-dde0-4aa7-9839-4fef31d8a6cb: addNew group-A7D1C1E568E4:[59741f75-dde0-4aa7-9839-4fef31d8a6cb:192.168.5.184:37972] returns group-A7D1C1E568E4:java.util.concurrent.CompletableFuture@7a371306[Not completed]
2019-08-21 09:31:03,046 [pool-170-thread-1] INFO  impl.RaftServerImpl (RaftServerImpl.java:<init>(93)) - 59741f75-dde0-4aa7-9839-4fef31d8a6cb: new RaftServerImpl for group-A7D1C1E568E4:[59741f75-dde0-4aa7-9839-4fef31d8a6cb:192.168.5.184:37972] with ContainerStateMachine:uninitialized
2019-08-21 09:31:03,046 [pool-170-thread-1] INFO  server.RaftServerConfigKeys (ConfUtils.java:logGet(43)) - raft.server.rpc.timeout.min = 5s (custom)
2019-08-21 09:31:03,047 [pool-170-thread-1] INFO  server.RaftServerConfigKeys (ConfUtils.java:logGet(43)) - raft.server.rpc.timeout.max = 5200ms (custom)
2019-08-21 09:31:03,047 [pool-170-thread-1] INFO  server.RaftServerConfigKeys (ConfUtils.java:logGet(43)) - raft.server.rpcslowness.timeout = 120s (custom)
2019-08-21 09:31:03,047 [pool-170-thread-1] INFO  server.RaftServerConfigKeys (ConfUtils.java:logGet(43)) - raft.server.sleep.deviation.threshold = 300 (default)
2019-08-21 09:31:03,047 [pool-170-thread-1] INFO  server.RaftServerConfigKeys (ConfUtils.java:logGet(43)) - raft.server.log.appender.install.snapshot.enabled = false (custom)
2019-08-21 09:31:03,048 [pool-170-thread-1] INFO  impl.RaftServerImpl (ServerState.java:<init>(105)) - 59741f75-dde0-4aa7-9839-4fef31d8a6cb:group-A7D1C1E568E4 ConfigurationManager, init=-1: [59741f75-dde0-4aa7-9839-4fef31d8a6cb:192.168.5.184:37972], old=null, confs=<EMPTY_MAP>
2019-08-21 09:31:03,048 [pool-170-thread-1] INFO  server.RaftServerConfigKeys (ConfUtils.java:logGet(43)) - raft.server.storage.dir = [/workdir/hadoop-ozone/integration-test/target/test-dir/MiniOzoneClusterImpl-33ae4b10-f24f-4466-94ae-5d1d58110502/datanode-2/data/ratis] (custom)
2019-08-21 09:31:03,048 [pool-170-thread-1] INFO  storage.RaftStorageDirectory (RaftStorageDirectory.java:analyzeStorage(246)) - The storage directory /workdir/hadoop-ozone/integration-test/target/test-dir/MiniOzoneClusterImpl-33ae4b10-f24f-4466-94ae-5d1d58110502/datanode-2/data/ratis/6b328dee-6a4b-40b5-a4a8-a7d1c1e568e4 does not exist. Creating ...
2019-08-21 09:31:03,050 [Thread-590] INFO  impl.FollowerState (FollowerState.java:run(106)) - 1e27fcfb-c104-4324-889c-430876b01a3a:group-25EDB1DB35D8 changes to CANDIDATE, lastRpcTime:5067, electionTimeout:5067ms
2019-08-21 09:31:03,050 [Thread-590] INFO  impl.RoleInfo (RoleInfo.java:shutdownFollowerState(121)) - 1e27fcfb-c104-4324-889c-430876b01a3a: shutdown FollowerState
2019-08-21 09:31:03,050 [Thread-590] INFO  impl.RaftServerImpl (RaftServerImpl.java:setRole(171)) - 1e27fcfb-c104-4324-889c-430876b01a3a:group-25EDB1DB35D8 changes role from FOLLOWER to CANDIDATE at term 1 for changeToCandidate
2019-08-21 09:31:03,051 [Thread-590] INFO  impl.RoleInfo (RoleInfo.java:updateAndGet(143)) - 1e27fcfb-c104-4324-889c-430876b01a3a: start LeaderElection
2019-08-21 09:31:03,062 [pool-170-thread-1] INFO  storage.RaftStorageDirectory (RaftStorageDirectory.java:tryLock(328)) - Lock on /workdir/hadoop-ozone/integration-test/target/test-dir/MiniOzoneClusterImpl-33ae4b10-f24f-4466-94ae-5d1d58110502/datanode-2/data/ratis/6b328dee-6a4b-40b5-a4a8-a7d1c1e568e4/in_use.lock acquired by nodename 2538@pr-hdds-1935-xjqtc-1107137857
2019-08-21 09:31:03,063 [1e27fcfb-c104-4324-889c-430876b01a3a:group-25EDB1DB35D8:LeaderElection18] INFO  impl.LeaderElection (LeaderElection.java:askForVotes(181)) - 1e27fcfb-c104-4324-889c-430876b01a3a:group-25EDB1DB35D8:LeaderElection18: begin an election at term 2 for 0: [1e27fcfb-c104-4324-889c-430876b01a3a:192.168.5.184:42282], old=null
2019-08-21 09:31:03,063 [1e27fcfb-c104-4324-889c-430876b01a3a:group-25EDB1DB35D8:LeaderElection18] INFO  impl.RoleInfo (RoleInfo.java:shutdownLeaderElection(134)) - 1e27fcfb-c104-4324-889c-430876b01a3a: shutdown LeaderElection
2019-08-21 09:31:03,063 [1e27fcfb-c104-4324-889c-430876b01a3a:group-25EDB1DB35D8:LeaderElection18] INFO  impl.RaftServerImpl (RaftServerImpl.java:setRole(171)) - 1e27fcfb-c104-4324-889c-430876b01a3a:group-25EDB1DB35D8 changes role from CANDIDATE to LEADER at term 2 for changeToLeader
2019-08-21 09:31:03,063 [1e27fcfb-c104-4324-889c-430876b01a3a:group-25EDB1DB35D8:LeaderElection18] INFO  impl.RaftServerImpl (ServerState.java:setLeader(263)) - 1e27fcfb-c104-4324-889c-430876b01a3a:group-25EDB1DB35D8 change Leader from null to 1e27fcfb-c104-4324-889c-430876b01a3a at term 2 for becomeLeader, leader elected after 7170ms
2019-08-21 09:31:03,064 [1e27fcfb-c104-4324-889c-430876b01a3a:group-25EDB1DB35D8:LeaderElection18] INFO  server.RaftServerConfigKeys (ConfUtils.java:logGet(43)) - raft.server.staging.catchup.gap = 1000 (default)
2019-08-21 09:31:03,064 [1e27fcfb-c104-4324-889c-430876b01a3a:group-25EDB1DB35D8:LeaderElection18] INFO  server.RaftServerConfigKeys (ConfUtils.java:logGet(43)) - raft.server.rpc.sleep.time = 25ms (default)
2019-08-21 09:31:03,064 [1e27fcfb-c104-4324-889c-430876b01a3a:group-25EDB1DB35D8:LeaderElection18] INFO  server.RaftServerConfigKeys (ConfUtils.java:logGet(43)) - raft.server.write.element-limit = 4096 (default)
2019-08-21 09:31:03,065 [1e27fcfb-c104-4324-889c-430876b01a3a:group-25EDB1DB35D8:LeaderElection18] INFO  server.RaftServerConfigKeys (ConfUtils.java:logGet(43)) - raft.server.watch.timeout = 10s (default)
2019-08-21 09:31:03,065 [1e27fcfb-c104-4324-889c-430876b01a3a:group-25EDB1DB35D8:LeaderElection18] INFO  server.RaftServerConfigKeys (ConfUtils.java:logGet(43)) - raft.server.watch.timeout.denomination = 1s (default)
2019-08-21 09:31:03,065 [1e27fcfb-c104-4324-889c-430876b01a3a:group-25EDB1DB35D8:LeaderElection18] INFO  server.RaftServerConfigKeys (ConfUtils.java:logGet(43)) - raft.server.watch.element-limit = 65536 (default)
2019-08-21 09:31:03,066 [1e27fcfb-c104-4324-889c-430876b01a3a:group-25EDB1DB35D8:LeaderElection18] INFO  impl.RoleInfo (RoleInfo.java:updateAndGet(143)) - 1e27fcfb-c104-4324-889c-430876b01a3a: start LeaderState
2019-08-21 09:31:03,066 [1e27fcfb-c104-4324-889c-430876b01a3a:group-25EDB1DB35D8:LeaderElection18] INFO  segmented.SegmentedRaftLogWorker (SegmentedRaftLogWorker.java:rollLogSegment(385)) - 1e27fcfb-c104-4324-889c-430876b01a3a-SegmentedRaftLogWorker:Storage Directory /workdir/hadoop-ozone/integration-test/target/test-dir/MiniOzoneClusterImpl-33ae4b10-f24f-4466-94ae-5d1d58110502/datanode-0/data/ratis/5391df57-0fce-42e1-9ff6-25edb1db35d8: Rolling segment log-0_0 to index:0
2019-08-21 09:31:03,071 [1e27fcfb-c104-4324-889c-430876b01a3a-SegmentedRaftLogWorker:Storage Directory /workdir/hadoop-ozone/integration-test/target/test-dir/MiniOzoneClusterImpl-33ae4b10-f24f-4466-94ae-5d1d58110502/datanode-0/data/ratis/5391df57-0fce-42e1-9ff6-25edb1db35d8] INFO  segmented.SegmentedRaftLogWorker (SegmentedRaftLogWorker.java:execute(526)) - 1e27fcfb-c104-4324-889c-430876b01a3a-SegmentedRaftLogWorker:Storage Directory /workdir/hadoop-ozone/integration-test/target/test-dir/MiniOzoneClusterImpl-33ae4b10-f24f-4466-94ae-5d1d58110502/datanode-0/data/ratis/5391df57-0fce-42e1-9ff6-25edb1db35d8: Rolled log segment from /workdir/hadoop-ozone/integration-test/target/test-dir/MiniOzoneClusterImpl-33ae4b10-f24f-4466-94ae-5d1d58110502/datanode-0/data/ratis/5391df57-0fce-42e1-9ff6-25edb1db35d8/current/log_inprogress_0 to /workdir/hadoop-ozone/integration-test/target/test-dir/MiniOzoneClusterImpl-33ae4b10-f24f-4466-94ae-5d1d58110502/datanode-0/data/ratis/5391df57-0fce-42e1-9ff6-25edb1db35d8/current/log_0-0
2019-08-21 09:31:03,077 [1e27fcfb-c104-4324-889c-430876b01a3a:group-25EDB1DB35D8:LeaderElection18] INFO  impl.RaftServerImpl (ServerState.java:setRaftConf(361)) - 1e27fcfb-c104-4324-889c-430876b01a3a:group-25EDB1DB35D8 set configuration 1: [1e27fcfb-c104-4324-889c-430876b01a3a:192.168.5.184:42282], old=null at 1
2019-08-21 09:31:03,092 [pool-170-thread-1] INFO  storage.RaftStorage (RaftStorage.java:format(72)) - Storage directory /workdir/hadoop-ozone/integration-test/target/test-dir/MiniOzoneClusterImpl-33ae4b10-f24f-4466-94ae-5d1d58110502/datanode-2/data/ratis/6b328dee-6a4b-40b5-a4a8-a7d1c1e568e4 has been successfully formatted.
2019-08-21 09:31:03,094 [pool-170-thread-1] INFO  ratis.ContainerStateMachine (ContainerStateMachine.java:loadSnapshot(226)) - group-A7D1C1E568E4: The snapshot info is null. Setting the last applied indexto:(t:0, i:~)
2019-08-21 09:31:03,094 [pool-170-thread-1] INFO  server.RaftServerConfigKeys (ConfUtils.java:logGet(43)) - raft.server.leader.election.timeout = 120s (custom)
2019-08-21 09:31:03,094 [pool-170-thread-1] INFO  server.RaftServerConfigKeys (ConfUtils.java:logGet(43)) - raft.server.log.use.memory = false (default)
2019-08-21 09:31:03,094 [pool-170-thread-1] INFO  server.RaftServerConfigKeys (ConfUtils.java:logGet(43)) - raft.server.log.purge.gap = 1000000 (custom)
2019-08-21 09:31:03,095 [pool-170-thread-1] INFO  server.RaftServerConfigKeys (ConfUtils.java:logGet(43)) - raft.server.log.appender.buffer.byte-limit = 33554432 (custom)
2019-08-21 09:31:03,095 [pool-170-thread-1] INFO  server.RaftServerConfigKeys (ConfUtils.java:logGet(43)) - raft.server.log.segment.size.max = 1048576 (custom)
2019-08-21 09:31:03,095 [pool-170-thread-1] INFO  server.RaftServerConfigKeys (ConfUtils.java:logGet(43)) - raft.server.log.segment.cache.num.max = 2 (custom)
2019-08-21 09:31:03,095 [pool-170-thread-1] INFO  segmented.SegmentedRaftLogWorker (SegmentedRaftLogWorker.java:<init>(172)) - new 59741f75-dde0-4aa7-9839-4fef31d8a6cb-SegmentedRaftLogWorker:Storage Directory /workdir/hadoop-ozone/integration-test/target/test-dir/MiniOzoneClusterImpl-33ae4b10-f24f-4466-94ae-5d1d58110502/datanode-2/data/ratis/6b328dee-6a4b-40b5-a4a8-a7d1c1e568e4 for RaftStorage:Storage Directory /workdir/hadoop-ozone/integration-test/target/test-dir/MiniOzoneClusterImpl-33ae4b10-f24f-4466-94ae-5d1d58110502/datanode-2/data/ratis/6b328dee-6a4b-40b5-a4a8-a7d1c1e568e4
2019-08-21 09:31:03,096 [pool-170-thread-1] INFO  server.RaftServerConfigKeys (ConfUtils.java:logGet(43)) - raft.server.log.queue.byte-limit = 2147483647 (custom)
2019-08-21 09:31:03,096 [pool-170-thread-1] INFO  server.RaftServerConfigKeys (ConfUtils.java:logGet(43)) - raft.server.log.queue.element-limit = 1024 (custom)
2019-08-21 09:31:03,096 [pool-170-thread-1] INFO  server.RaftServerConfigKeys (ConfUtils.java:logGet(43)) - raft.server.log.segment.size.max = 1048576 (custom)
2019-08-21 09:31:03,096 [pool-170-thread-1] INFO  server.RaftServerConfigKeys (ConfUtils.java:logGet(43)) - raft.server.log.preallocated.size = 16384 (custom)
2019-08-21 09:31:03,096 [pool-170-thread-1] INFO  server.RaftServerConfigKeys (ConfUtils.java:logGet(43)) - raft.server.log.write.buffer.size = 33554432 (custom)
2019-08-21 09:31:03,097 [pool-170-thread-1] INFO  server.RaftServerConfigKeys (ConfUtils.java:logGet(43)) - raft.server.log.force.sync.num = 128 (default)
2019-08-21 09:31:03,097 [pool-170-thread-1] INFO  server.RaftServerConfigKeys (ConfUtils.java:logGet(43)) - raft.server.log.statemachine.data.sync = true (default)
2019-08-21 09:31:03,097 [pool-170-thread-1] INFO  server.RaftServerConfigKeys (ConfUtils.java:logGet(43)) - raft.server.log.statemachine.data.sync.timeout = 10s (default)
2019-08-21 09:31:03,097 [pool-170-thread-1] INFO  server.RaftServerConfigKeys (ConfUtils.java:logGet(43)) - raft.server.log.statemachine.data.sync.timeout.retry = -1 (default)
2019-08-21 09:31:03,098 [pool-170-thread-1] INFO  server.RaftServerConfigKeys (ConfUtils.java:logGet(43)) - raft.server.log.statemachine.data.caching.enabled = true (custom)
2019-08-21 09:31:03,098 [pool-170-thread-1] INFO  segmented.SegmentedRaftLogWorker (SegmentedRaftLogWorker.java:lambda$new$0(132)) - 59741f75-dde0-4aa7-9839-4fef31d8a6cb-SegmentedRaftLogWorker:Storage Directory /workdir/hadoop-ozone/integration-test/target/test-dir/MiniOzoneClusterImpl-33ae4b10-f24f-4466-94ae-5d1d58110502/datanode-2/data/ratis/6b328dee-6a4b-40b5-a4a8-a7d1c1e568e4: flushIndex: setUnconditionally 0 -> -1
2019-08-21 09:31:03,099 [pool-170-thread-1] INFO  server.RaftServerConfigKeys (ConfUtils.java:logGet(43)) - raft.server.snapshot.auto.trigger.enabled = true (custom)
2019-08-21 09:31:03,099 [pool-170-thread-1] INFO  server.RaftServerConfigKeys (ConfUtils.java:logGet(43)) - raft.server.snapshot.auto.trigger.threshold = 10000 (custom)
2019-08-21 09:31:03,099 [pool-170-thread-1] INFO  server.RaftServerConfigKeys (ConfUtils.java:logGet(43)) - raft.server.retrycache.expirytime = 600000ms (custom)
2019-08-21 09:31:03,099 [pool-170-thread-1] INFO  impl.RaftServerImpl (RaftServerImpl.java:start(180)) - 59741f75-dde0-4aa7-9839-4fef31d8a6cb: start group-A7D1C1E568E4
2019-08-21 09:31:03,100 [pool-170-thread-1] INFO  impl.RaftServerImpl (RaftServerImpl.java:setRole(171)) - 59741f75-dde0-4aa7-9839-4fef31d8a6cb:group-A7D1C1E568E4 changes role from null to FOLLOWER at term 0 for startAsFollower
2019-08-21 09:31:03,100 [pool-170-thread-1] INFO  impl.RoleInfo (RoleInfo.java:updateAndGet(143)) - 59741f75-dde0-4aa7-9839-4fef31d8a6cb: start FollowerState
2019-08-21 09:31:03,100 [pool-170-thread-1] INFO  util.JmxRegister (JmxRegister.java:tryRegister(44)) - Successfully registered JMX Bean with object name Ratis:service=RaftServer,group=group-A7D1C1E568E4,id=59741f75-dde0-4aa7-9839-4fef31d8a6cb
2019-08-21 09:31:03,105 [1e27fcfb-c104-4324-889c-430876b01a3a-SegmentedRaftLogWorker:Storage Directory /workdir/hadoop-ozone/integration-test/target/test-dir/MiniOzoneClusterImpl-33ae4b10-f24f-4466-94ae-5d1d58110502/datanode-0/data/ratis/5391df57-0fce-42e1-9ff6-25edb1db35d8] INFO  segmented.SegmentedRaftLogWorker (SegmentedRaftLogWorker.java:execute(569)) - 1e27fcfb-c104-4324-889c-430876b01a3a-SegmentedRaftLogWorker:Storage Directory /workdir/hadoop-ozone/integration-test/target/test-dir/MiniOzoneClusterImpl-33ae4b10-f24f-4466-94ae-5d1d58110502/datanode-0/data/ratis/5391df57-0fce-42e1-9ff6-25edb1db35d8: created new log segment /workdir/hadoop-ozone/integration-test/target/test-dir/MiniOzoneClusterImpl-33ae4b10-f24f-4466-94ae-5d1d58110502/datanode-0/data/ratis/5391df57-0fce-42e1-9ff6-25edb1db35d8/current/log_inprogress_1
2019-08-21 09:31:03,106 [RatisPipelineUtilsThread] INFO  pipeline.PipelineStateManager (PipelineStateManager.java:addPipeline(56)) - Created pipeline Pipeline[ Id: 6b328dee-6a4b-40b5-a4a8-a7d1c1e568e4, Nodes: 59741f75-dde0-4aa7-9839-4fef31d8a6cb{ip: 192.168.5.184, host: pr-hdds-1935-xjqtc-1107137857, networkLocation: /default-rack, certSerialId: null}, Type:RATIS, Factor:ONE, State:OPEN]
2019-08-21 09:31:03,364 [Thread-592] INFO  impl.FollowerState (FollowerState.java:run(106)) - 08261258-4556-48ae-a229-db40bbbaf060:group-D50CC2FA0BA1 changes to CANDIDATE, lastRpcTime:5183, electionTimeout:5183ms
2019-08-21 09:31:03,364 [Thread-592] INFO  impl.RoleInfo (RoleInfo.java:shutdownFollowerState(121)) - 08261258-4556-48ae-a229-db40bbbaf060: shutdown FollowerState
2019-08-21 09:31:03,364 [Thread-592] INFO  impl.RaftServerImpl (RaftServerImpl.java:setRole(171)) - 08261258-4556-48ae-a229-db40bbbaf060:group-D50CC2FA0BA1 changes role from FOLLOWER to CANDIDATE at term 1 for changeToCandidate
2019-08-21 09:31:03,364 [Thread-592] INFO  impl.RoleInfo (RoleInfo.java:updateAndGet(143)) - 08261258-4556-48ae-a229-db40bbbaf060: start LeaderElection
2019-08-21 09:31:03,381 [08261258-4556-48ae-a229-db40bbbaf060:group-D50CC2FA0BA1:LeaderElection19] INFO  impl.LeaderElection (LeaderElection.java:askForVotes(181)) - 08261258-4556-48ae-a229-db40bbbaf060:group-D50CC2FA0BA1:LeaderElection19: begin an election at term 2 for 0: [08261258-4556-48ae-a229-db40bbbaf060:192.168.5.184:44716], old=null
2019-08-21 09:31:03,381 [08261258-4556-48ae-a229-db40bbbaf060:group-D50CC2FA0BA1:LeaderElection19] INFO  impl.RoleInfo (RoleInfo.java:shutdownLeaderElection(134)) - 08261258-4556-48ae-a229-db40bbbaf060: shutdown LeaderElection
2019-08-21 09:31:03,381 [08261258-4556-48ae-a229-db40bbbaf060:group-D50CC2FA0BA1:LeaderElection19] INFO  impl.RaftServerImpl (RaftServerImpl.java:setRole(171)) - 08261258-4556-48ae-a229-db40bbbaf060:group-D50CC2FA0BA1 changes role from CANDIDATE to LEADER at term 2 for changeToLeader
2019-08-21 09:31:03,381 [08261258-4556-48ae-a229-db40bbbaf060:group-D50CC2FA0BA1:LeaderElection19] INFO  impl.RaftServerImpl (ServerState.java:setLeader(263)) - 08261258-4556-48ae-a229-db40bbbaf060:group-D50CC2FA0BA1 change Leader from null to 08261258-4556-48ae-a229-db40bbbaf060 at term 2 for becomeLeader, leader elected after 7377ms
2019-08-21 09:31:03,382 [08261258-4556-48ae-a229-db40bbbaf060:group-D50CC2FA0BA1:LeaderElection19] INFO  server.RaftServerConfigKeys (ConfUtils.java:logGet(43)) - raft.server.staging.catchup.gap = 1000 (default)
2019-08-21 09:31:03,382 [08261258-4556-48ae-a229-db40bbbaf060:group-D50CC2FA0BA1:LeaderElection19] INFO  server.RaftServerConfigKeys (ConfUtils.java:logGet(43)) - raft.server.rpc.sleep.time = 25ms (default)
2019-08-21 09:31:03,382 [08261258-4556-48ae-a229-db40bbbaf060:group-D50CC2FA0BA1:LeaderElection19] INFO  server.RaftServerConfigKeys (ConfUtils.java:logGet(43)) - raft.server.write.element-limit = 4096 (default)
2019-08-21 09:31:03,382 [08261258-4556-48ae-a229-db40bbbaf060:group-D50CC2FA0BA1:LeaderElection19] INFO  server.RaftServerConfigKeys (ConfUtils.java:logGet(43)) - raft.server.watch.timeout = 10s (default)
2019-08-21 09:31:03,382 [08261258-4556-48ae-a229-db40bbbaf060:group-D50CC2FA0BA1:LeaderElection19] INFO  server.RaftServerConfigKeys (ConfUtils.java:logGet(43)) - raft.server.watch.timeout.denomination = 1s (default)
2019-08-21 09:31:03,383 [08261258-4556-48ae-a229-db40bbbaf060:group-D50CC2FA0BA1:LeaderElection19] INFO  server.RaftServerConfigKeys (ConfUtils.java:logGet(43)) - raft.server.watch.element-limit = 65536 (default)
2019-08-21 09:31:03,383 [08261258-4556-48ae-a229-db40bbbaf060:group-D50CC2FA0BA1:LeaderElection19] INFO  impl.RoleInfo (RoleInfo.java:updateAndGet(143)) - 08261258-4556-48ae-a229-db40bbbaf060: start LeaderState
2019-08-21 09:31:03,383 [08261258-4556-48ae-a229-db40bbbaf060:group-D50CC2FA0BA1:LeaderElection19] INFO  segmented.SegmentedRaftLogWorker (SegmentedRaftLogWorker.java:rollLogSegment(385)) - 08261258-4556-48ae-a229-db40bbbaf060-SegmentedRaftLogWorker:Storage Directory /workdir/hadoop-ozone/integration-test/target/test-dir/MiniOzoneClusterImpl-33ae4b10-f24f-4466-94ae-5d1d58110502/datanode-1/data/ratis/bf15aef7-74b6-459e-a6ae-d50cc2fa0ba1: Rolling segment log-0_0 to index:0
2019-08-21 09:31:03,385 [08261258-4556-48ae-a229-db40bbbaf060:group-D50CC2FA0BA1:LeaderElection19] INFO  impl.RaftServerImpl (ServerState.java:setRaftConf(361)) - 08261258-4556-48ae-a229-db40bbbaf060:group-D50CC2FA0BA1 set configuration 1: [08261258-4556-48ae-a229-db40bbbaf060:192.168.5.184:44716], old=null at 1
2019-08-21 09:31:03,385 [08261258-4556-48ae-a229-db40bbbaf060-SegmentedRaftLogWorker:Storage Directory /workdir/hadoop-ozone/integration-test/target/test-dir/MiniOzoneClusterImpl-33ae4b10-f24f-4466-94ae-5d1d58110502/datanode-1/data/ratis/bf15aef7-74b6-459e-a6ae-d50cc2fa0ba1] INFO  segmented.SegmentedRaftLogWorker (SegmentedRaftLogWorker.java:execute(526)) - 08261258-4556-48ae-a229-db40bbbaf060-SegmentedRaftLogWorker:Storage Directory /workdir/hadoop-ozone/integration-test/target/test-dir/MiniOzoneClusterImpl-33ae4b10-f24f-4466-94ae-5d1d58110502/datanode-1/data/ratis/bf15aef7-74b6-459e-a6ae-d50cc2fa0ba1: Rolled log segment from /workdir/hadoop-ozone/integration-test/target/test-dir/MiniOzoneClusterImpl-33ae4b10-f24f-4466-94ae-5d1d58110502/datanode-1/data/ratis/bf15aef7-74b6-459e-a6ae-d50cc2fa0ba1/current/log_inprogress_0 to /workdir/hadoop-ozone/integration-test/target/test-dir/MiniOzoneClusterImpl-33ae4b10-f24f-4466-94ae-5d1d58110502/datanode-1/data/ratis/bf15aef7-74b6-459e-a6ae-d50cc2fa0ba1/current/log_0-0
2019-08-21 09:31:03,423 [08261258-4556-48ae-a229-db40bbbaf060-SegmentedRaftLogWorker:Storage Directory /workdir/hadoop-ozone/integration-test/target/test-dir/MiniOzoneClusterImpl-33ae4b10-f24f-4466-94ae-5d1d58110502/datanode-1/data/ratis/bf15aef7-74b6-459e-a6ae-d50cc2fa0ba1] INFO  segmented.SegmentedRaftLogWorker (SegmentedRaftLogWorker.java:execute(569)) - 08261258-4556-48ae-a229-db40bbbaf060-SegmentedRaftLogWorker:Storage Directory /workdir/hadoop-ozone/integration-test/target/test-dir/MiniOzoneClusterImpl-33ae4b10-f24f-4466-94ae-5d1d58110502/datanode-1/data/ratis/bf15aef7-74b6-459e-a6ae-d50cc2fa0ba1: created new log segment /workdir/hadoop-ozone/integration-test/target/test-dir/MiniOzoneClusterImpl-33ae4b10-f24f-4466-94ae-5d1d58110502/datanode-1/data/ratis/bf15aef7-74b6-459e-a6ae-d50cc2fa0ba1/current/log_inprogress_1
2019-08-21 09:31:03,586 | INFO  | SCMAudit | user=jenkins1000 | ip=192.168.5.184 | op=SEND_HEARTBEAT {datanodeUUID=59741f75-dde0-4aa7-9839-4fef31d8a6cb, command=[]} | ret=SUCCESS |  
2019-08-21 09:31:03,656 [Thread-594] INFO  impl.FollowerState (FollowerState.java:run(106)) - 59741f75-dde0-4aa7-9839-4fef31d8a6cb:group-9AC9CD14A056 changes to CANDIDATE, lastRpcTime:5052, electionTimeout:5051ms
2019-08-21 09:31:03,657 [Thread-594] INFO  impl.RoleInfo (RoleInfo.java:shutdownFollowerState(121)) - 59741f75-dde0-4aa7-9839-4fef31d8a6cb: shutdown FollowerState
2019-08-21 09:31:03,657 [Thread-594] INFO  impl.RaftServerImpl (RaftServerImpl.java:setRole(171)) - 59741f75-dde0-4aa7-9839-4fef31d8a6cb:group-9AC9CD14A056 changes role from FOLLOWER to CANDIDATE at term 1 for changeToCandidate
2019-08-21 09:31:03,657 [Thread-594] INFO  impl.RoleInfo (RoleInfo.java:updateAndGet(143)) - 59741f75-dde0-4aa7-9839-4fef31d8a6cb: start LeaderElection
2019-08-21 09:31:03,678 [59741f75-dde0-4aa7-9839-4fef31d8a6cb:group-9AC9CD14A056:LeaderElection20] INFO  impl.LeaderElection (LeaderElection.java:askForVotes(181)) - 59741f75-dde0-4aa7-9839-4fef31d8a6cb:group-9AC9CD14A056:LeaderElection20: begin an election at term 2 for 0: [59741f75-dde0-4aa7-9839-4fef31d8a6cb:192.168.5.184:37972], old=null
2019-08-21 09:31:03,679 [59741f75-dde0-4aa7-9839-4fef31d8a6cb:group-9AC9CD14A056:LeaderElection20] INFO  impl.RoleInfo (RoleInfo.java:shutdownLeaderElection(134)) - 59741f75-dde0-4aa7-9839-4fef31d8a6cb: shutdown LeaderElection
2019-08-21 09:31:03,679 [59741f75-dde0-4aa7-9839-4fef31d8a6cb:group-9AC9CD14A056:LeaderElection20] INFO  impl.RaftServerImpl (RaftServerImpl.java:setRole(171)) - 59741f75-dde0-4aa7-9839-4fef31d8a6cb:group-9AC9CD14A056 changes role from CANDIDATE to LEADER at term 2 for changeToLeader
2019-08-21 09:31:03,679 [59741f75-dde0-4aa7-9839-4fef31d8a6cb:group-9AC9CD14A056:LeaderElection20] INFO  impl.RaftServerImpl (ServerState.java:setLeader(263)) - 59741f75-dde0-4aa7-9839-4fef31d8a6cb:group-9AC9CD14A056 change Leader from null to 59741f75-dde0-4aa7-9839-4fef31d8a6cb at term 2 for becomeLeader, leader elected after 7472ms
2019-08-21 09:31:03,680 [59741f75-dde0-4aa7-9839-4fef31d8a6cb:group-9AC9CD14A056:LeaderElection20] INFO  server.RaftServerConfigKeys (ConfUtils.java:logGet(43)) - raft.server.staging.catchup.gap = 1000 (default)
2019-08-21 09:31:03,681 [59741f75-dde0-4aa7-9839-4fef31d8a6cb:group-9AC9CD14A056:LeaderElection20] INFO  server.RaftServerConfigKeys (ConfUtils.java:logGet(43)) - raft.server.rpc.sleep.time = 25ms (default)
2019-08-21 09:31:03,681 [59741f75-dde0-4aa7-9839-4fef31d8a6cb:group-9AC9CD14A056:LeaderElection20] INFO  server.RaftServerConfigKeys (ConfUtils.java:logGet(43)) - raft.server.write.element-limit = 4096 (default)
2019-08-21 09:31:03,681 [59741f75-dde0-4aa7-9839-4fef31d8a6cb:group-9AC9CD14A056:LeaderElection20] INFO  server.RaftServerConfigKeys (ConfUtils.java:logGet(43)) - raft.server.watch.timeout = 10s (default)
2019-08-21 09:31:03,681 [59741f75-dde0-4aa7-9839-4fef31d8a6cb:group-9AC9CD14A056:LeaderElection20] INFO  server.RaftServerConfigKeys (ConfUtils.java:logGet(43)) - raft.server.watch.timeout.denomination = 1s (default)
2019-08-21 09:31:03,681 [59741f75-dde0-4aa7-9839-4fef31d8a6cb:group-9AC9CD14A056:LeaderElection20] INFO  server.RaftServerConfigKeys (ConfUtils.java:logGet(43)) - raft.server.watch.element-limit = 65536 (default)
2019-08-21 09:31:03,682 [59741f75-dde0-4aa7-9839-4fef31d8a6cb:group-9AC9CD14A056:LeaderElection20] INFO  impl.RoleInfo (RoleInfo.java:updateAndGet(143)) - 59741f75-dde0-4aa7-9839-4fef31d8a6cb: start LeaderState
2019-08-21 09:31:03,682 [59741f75-dde0-4aa7-9839-4fef31d8a6cb:group-9AC9CD14A056:LeaderElection20] INFO  segmented.SegmentedRaftLogWorker (SegmentedRaftLogWorker.java:rollLogSegment(385)) - 59741f75-dde0-4aa7-9839-4fef31d8a6cb-SegmentedRaftLogWorker:Storage Directory /workdir/hadoop-ozone/integration-test/target/test-dir/MiniOzoneClusterImpl-33ae4b10-f24f-4466-94ae-5d1d58110502/datanode-2/data/ratis/87bc7c79-2020-4e68-9ebc-9ac9cd14a056: Rolling segment log-0_0 to index:0
2019-08-21 09:31:03,684 [59741f75-dde0-4aa7-9839-4fef31d8a6cb:group-9AC9CD14A056:LeaderElection20] INFO  impl.RaftServerImpl (ServerState.java:setRaftConf(361)) - 59741f75-dde0-4aa7-9839-4fef31d8a6cb:group-9AC9CD14A056 set configuration 1: [59741f75-dde0-4aa7-9839-4fef31d8a6cb:192.168.5.184:37972], old=null at 1
2019-08-21 09:31:03,687 [59741f75-dde0-4aa7-9839-4fef31d8a6cb-SegmentedRaftLogWorker:Storage Directory /workdir/hadoop-ozone/integration-test/target/test-dir/MiniOzoneClusterImpl-33ae4b10-f24f-4466-94ae-5d1d58110502/datanode-2/data/ratis/87bc7c79-2020-4e68-9ebc-9ac9cd14a056] INFO  segmented.SegmentedRaftLogWorker (SegmentedRaftLogWorker.java:execute(526)) - 59741f75-dde0-4aa7-9839-4fef31d8a6cb-SegmentedRaftLogWorker:Storage Directory /workdir/hadoop-ozone/integration-test/target/test-dir/MiniOzoneClusterImpl-33ae4b10-f24f-4466-94ae-5d1d58110502/datanode-2/data/ratis/87bc7c79-2020-4e68-9ebc-9ac9cd14a056: Rolled log segment from /workdir/hadoop-ozone/integration-test/target/test-dir/MiniOzoneClusterImpl-33ae4b10-f24f-4466-94ae-5d1d58110502/datanode-2/data/ratis/87bc7c79-2020-4e68-9ebc-9ac9cd14a056/current/log_inprogress_0 to /workdir/hadoop-ozone/integration-test/target/test-dir/MiniOzoneClusterImpl-33ae4b10-f24f-4466-94ae-5d1d58110502/datanode-2/data/ratis/87bc7c79-2020-4e68-9ebc-9ac9cd14a056/current/log_0-0
2019-08-21 09:31:03,736 [59741f75-dde0-4aa7-9839-4fef31d8a6cb-SegmentedRaftLogWorker:Storage Directory /workdir/hadoop-ozone/integration-test/target/test-dir/MiniOzoneClusterImpl-33ae4b10-f24f-4466-94ae-5d1d58110502/datanode-2/data/ratis/87bc7c79-2020-4e68-9ebc-9ac9cd14a056] INFO  segmented.SegmentedRaftLogWorker (SegmentedRaftLogWorker.java:execute(569)) - 59741f75-dde0-4aa7-9839-4fef31d8a6cb-SegmentedRaftLogWorker:Storage Directory /workdir/hadoop-ozone/integration-test/target/test-dir/MiniOzoneClusterImpl-33ae4b10-f24f-4466-94ae-5d1d58110502/datanode-2/data/ratis/87bc7c79-2020-4e68-9ebc-9ac9cd14a056: created new log segment /workdir/hadoop-ozone/integration-test/target/test-dir/MiniOzoneClusterImpl-33ae4b10-f24f-4466-94ae-5d1d58110502/datanode-2/data/ratis/87bc7c79-2020-4e68-9ebc-9ac9cd14a056/current/log_inprogress_1
2019-08-21 09:31:04,587 | INFO  | SCMAudit | user=jenkins1000 | ip=192.168.5.184 | op=SEND_HEARTBEAT {datanodeUUID=59741f75-dde0-4aa7-9839-4fef31d8a6cb, command=[]} | ret=SUCCESS |  
2019-08-21 09:31:05,587 | INFO  | SCMAudit | user=jenkins1000 | ip=192.168.5.184 | op=SEND_HEARTBEAT {datanodeUUID=59741f75-dde0-4aa7-9839-4fef31d8a6cb, command=[]} | ret=SUCCESS |  
2019-08-21 09:31:06,138 [ForkJoinPool.commonPool-worker-1] INFO  ozoneimpl.OzoneContainer (OzoneContainer.java:stop(199)) - Attempting to stop container services.
2019-08-21 09:31:06,138 [main] INFO  ozoneimpl.OzoneContainer (OzoneContainer.java:stop(199)) - Attempting to stop container services.
2019-08-21 09:31:06,139 [ForkJoinPool.commonPool-worker-1] INFO  impl.RaftServerProxy (RaftServerProxy.java:lambda$close$4(314)) - 1e27fcfb-c104-4324-889c-430876b01a3a: close
2019-08-21 09:31:06,139 [main] INFO  impl.RaftServerProxy (RaftServerProxy.java:lambda$close$4(314)) - 08261258-4556-48ae-a229-db40bbbaf060: close
2019-08-21 09:31:06,139 [ForkJoinPool.commonPool-worker-1] INFO  impl.RaftServerImpl (RaftServerImpl.java:lambda$shutdown$3(245)) - 1e27fcfb-c104-4324-889c-430876b01a3a: shutdown group-25EDB1DB35D8
2019-08-21 09:31:06,139 [main] INFO  impl.RaftServerImpl (RaftServerImpl.java:lambda$shutdown$3(245)) - 08261258-4556-48ae-a229-db40bbbaf060: shutdown group-D50CC2FA0BA1
2019-08-21 09:31:06,140 [ForkJoinPool.commonPool-worker-1] INFO  util.JmxRegister (JmxRegister.java:unregister(73)) - Successfully un-registered JMX Bean with object name Ratis:service=RaftServer,group=group-25EDB1DB35D8,id=1e27fcfb-c104-4324-889c-430876b01a3a
2019-08-21 09:31:06,140 [main] INFO  util.JmxRegister (JmxRegister.java:unregister(73)) - Successfully un-registered JMX Bean with object name Ratis:service=RaftServer,group=group-D50CC2FA0BA1,id=08261258-4556-48ae-a229-db40bbbaf060
2019-08-21 09:31:06,140 [ForkJoinPool.commonPool-worker-1] INFO  impl.RoleInfo (RoleInfo.java:shutdownLeaderState(104)) - 1e27fcfb-c104-4324-889c-430876b01a3a: shutdown LeaderState
2019-08-21 09:31:06,141 [main] INFO  impl.RoleInfo (RoleInfo.java:shutdownLeaderState(104)) - 08261258-4556-48ae-a229-db40bbbaf060: shutdown LeaderState
2019-08-21 09:31:06,141 [ForkJoinPool.commonPool-worker-1] INFO  impl.PendingRequests (PendingRequests.java:sendNotLeaderResponses(202)) - 1e27fcfb-c104-4324-889c-430876b01a3a-PendingRequests: sendNotLeaderResponses
2019-08-21 09:31:06,142 [main] INFO  impl.PendingRequests (PendingRequests.java:sendNotLeaderResponses(202)) - 08261258-4556-48ae-a229-db40bbbaf060-PendingRequests: sendNotLeaderResponses
2019-08-21 09:31:06,148 [ForkJoinPool.commonPool-worker-1] INFO  impl.StateMachineUpdater (StateMachineUpdater.java:stopAndJoin(115)) - StateMachineUpdater:1e27fcfb-c104-4324-889c-430876b01a3a:group-25EDB1DB35D8: set stopIndex = 2
2019-08-21 09:31:06,154 [main] INFO  impl.StateMachineUpdater (StateMachineUpdater.java:stopAndJoin(115)) - StateMachineUpdater:08261258-4556-48ae-a229-db40bbbaf060:group-D50CC2FA0BA1: set stopIndex = 2
2019-08-21 09:31:06,154 [ForkJoinPool.commonPool-worker-1] INFO  impl.RaftServerImpl (ServerState.java:close(394)) - 1e27fcfb-c104-4324-889c-430876b01a3a:group-25EDB1DB35D8 closes. The last applied log index is 2
2019-08-21 09:31:06,154 [main] INFO  impl.RaftServerImpl (ServerState.java:close(394)) - 08261258-4556-48ae-a229-db40bbbaf060:group-D50CC2FA0BA1 closes. The last applied log index is 2
2019-08-21 09:31:06,155 [1e27fcfb-c104-4324-889c-430876b01a3a-SegmentedRaftLogWorker:Storage Directory /workdir/hadoop-ozone/integration-test/target/test-dir/MiniOzoneClusterImpl-33ae4b10-f24f-4466-94ae-5d1d58110502/datanode-0/data/ratis/5391df57-0fce-42e1-9ff6-25edb1db35d8] INFO  segmented.SegmentedRaftLogWorker (SegmentedRaftLogWorker.java:run(313)) - 1e27fcfb-c104-4324-889c-430876b01a3a-SegmentedRaftLogWorker:Storage Directory /workdir/hadoop-ozone/integration-test/target/test-dir/MiniOzoneClusterImpl-33ae4b10-f24f-4466-94ae-5d1d58110502/datanode-0/data/ratis/5391df57-0fce-42e1-9ff6-25edb1db35d8 was interrupted, exiting. There are 0 tasks remaining in the queue.
2019-08-21 09:31:06,155 [08261258-4556-48ae-a229-db40bbbaf060-SegmentedRaftLogWorker:Storage Directory /workdir/hadoop-ozone/integration-test/target/test-dir/MiniOzoneClusterImpl-33ae4b10-f24f-4466-94ae-5d1d58110502/datanode-1/data/ratis/bf15aef7-74b6-459e-a6ae-d50cc2fa0ba1] INFO  segmented.SegmentedRaftLogWorker (SegmentedRaftLogWorker.java:run(313)) - 08261258-4556-48ae-a229-db40bbbaf060-SegmentedRaftLogWorker:Storage Directory /workdir/hadoop-ozone/integration-test/target/test-dir/MiniOzoneClusterImpl-33ae4b10-f24f-4466-94ae-5d1d58110502/datanode-1/data/ratis/bf15aef7-74b6-459e-a6ae-d50cc2fa0ba1 was interrupted, exiting. There are 0 tasks remaining in the queue.
2019-08-21 09:31:06,157 [ForkJoinPool.commonPool-worker-1] INFO  segmented.SegmentedRaftLogWorker (SegmentedRaftLogWorker.java:close(228)) - 1e27fcfb-c104-4324-889c-430876b01a3a-SegmentedRaftLogWorker:Storage Directory /workdir/hadoop-ozone/integration-test/target/test-dir/MiniOzoneClusterImpl-33ae4b10-f24f-4466-94ae-5d1d58110502/datanode-0/data/ratis/5391df57-0fce-42e1-9ff6-25edb1db35d8 close()
2019-08-21 09:31:06,158 [main] INFO  segmented.SegmentedRaftLogWorker (SegmentedRaftLogWorker.java:close(228)) - 08261258-4556-48ae-a229-db40bbbaf060-SegmentedRaftLogWorker:Storage Directory /workdir/hadoop-ozone/integration-test/target/test-dir/MiniOzoneClusterImpl-33ae4b10-f24f-4466-94ae-5d1d58110502/datanode-1/data/ratis/bf15aef7-74b6-459e-a6ae-d50cc2fa0ba1 close()
2019-08-21 09:31:06,161 [ForkJoinPool.commonPool-worker-1] INFO  server.GrpcService (GrpcService.java:closeImpl(155)) - 1e27fcfb-c104-4324-889c-430876b01a3a: shutdown server with port 42282 now
2019-08-21 09:31:06,165 [main] INFO  server.GrpcService (GrpcService.java:closeImpl(155)) - 08261258-4556-48ae-a229-db40bbbaf060: shutdown server with port 44716 now
2019-08-21 09:31:06,166 [ForkJoinPool.commonPool-worker-1] INFO  server.GrpcService (GrpcService.java:closeImpl(163)) - 1e27fcfb-c104-4324-889c-430876b01a3a: shutdown server with port 42282 successfully
2019-08-21 09:31:06,167 [main] INFO  server.GrpcService (GrpcService.java:closeImpl(163)) - 08261258-4556-48ae-a229-db40bbbaf060: shutdown server with port 44716 successfully
2019-08-21 09:31:06,168 [ForkJoinPool.commonPool-worker-1] INFO  utils.BackgroundService (BackgroundService.java:shutdown(148)) - Shutting down service BlockDeletingService
2019-08-21 09:31:06,169 [main] INFO  utils.BackgroundService (BackgroundService.java:shutdown(148)) - Shutting down service BlockDeletingService
2019-08-21 09:31:06,171 [refreshUsed-/workdir/hadoop-ozone/integration-test/target/test-dir/MiniOzoneClusterImpl-33ae4b10-f24f-4466-94ae-5d1d58110502/datanode-0/data/containers] WARN  fs.CachingGetSpaceUsed (CachingGetSpaceUsed.java:run(183)) - Thread Interrupted waiting to refresh disk information: sleep interrupted
2019-08-21 09:31:06,174 [refreshUsed-/workdir/hadoop-ozone/integration-test/target/test-dir/MiniOzoneClusterImpl-33ae4b10-f24f-4466-94ae-5d1d58110502/datanode-1/data/containers] WARN  fs.CachingGetSpaceUsed (CachingGetSpaceUsed.java:run(183)) - Thread Interrupted waiting to refresh disk information: sleep interrupted
2019-08-21 09:31:06,194 [main] INFO  statemachine.DatanodeStateMachine (DatanodeStateMachine.java:stopDaemon(395)) - Ozone container server stopped.
2019-08-21 09:31:06,195 [ForkJoinPool.commonPool-worker-1] INFO  statemachine.DatanodeStateMachine (DatanodeStateMachine.java:stopDaemon(395)) - Ozone container server stopped.
2019-08-21 09:31:06,200 [main] INFO  handler.ContextHandler (ContextHandler.java:doStop(910)) - Stopped o.e.j.w.WebAppContext@10d78fb4{/,null,UNAVAILABLE}{/hddsDatanode}
2019-08-21 09:31:06,200 [ForkJoinPool.commonPool-worker-1] INFO  handler.ContextHandler (ContextHandler.java:doStop(910)) - Stopped o.e.j.w.WebAppContext@139b6107{/,null,UNAVAILABLE}{/hddsDatanode}
2019-08-21 09:31:06,201 [ForkJoinPool.commonPool-worker-1] INFO  server.AbstractConnector (AbstractConnector.java:doStop(318)) - Stopped ServerConnector@6ec4d78a{HTTP/1.1,[http/1.1]}{0.0.0.0:36497}
2019-08-21 09:31:06,201 [main] INFO  server.AbstractConnector (AbstractConnector.java:doStop(318)) - Stopped ServerConnector@7c502dbb{HTTP/1.1,[http/1.1]}{0.0.0.0:44435}
2019-08-21 09:31:06,202 [ForkJoinPool.commonPool-worker-1] INFO  handler.ContextHandler (ContextHandler.java:doStop(910)) - Stopped o.e.j.s.ServletContextHandler@5efd4767{/static,jar:file:/home/user/.m2/repository/org/apache/hadoop/hadoop-hdds-container-service/0.5.0-SNAPSHOT/hadoop-hdds-container-service-0.5.0-SNAPSHOT.jar!/webapps/static,UNAVAILABLE}
2019-08-21 09:31:06,204 [main] INFO  handler.ContextHandler (ContextHandler.java:doStop(910)) - Stopped o.e.j.s.ServletContextHandler@60d892dc{/static,jar:file:/home/user/.m2/repository/org/apache/hadoop/hadoop-hdds-container-service/0.5.0-SNAPSHOT/hadoop-hdds-container-service-0.5.0-SNAPSHOT.jar!/webapps/static,UNAVAILABLE}
2019-08-21 09:31:06,205 [ForkJoinPool.commonPool-worker-1] INFO  handler.ContextHandler (ContextHandler.java:doStop(910)) - Stopped o.e.j.s.ServletContextHandler@640a9088{/logs,file:///workdir/hadoop-ozone/integration-test/target/log,UNAVAILABLE}
2019-08-21 09:31:06,206 [main] INFO  handler.ContextHandler (ContextHandler.java:doStop(910)) - Stopped o.e.j.s.ServletContextHandler@e2b2e9f{/logs,file:///workdir/hadoop-ozone/integration-test/target/log,UNAVAILABLE}
2019-08-21 09:31:06,207 [ForkJoinPool.commonPool-worker-1] INFO  datanode.ObjectStoreHandler (ObjectStoreHandler.java:close(155)) - Closing ObjectStoreHandler.
2019-08-21 09:31:06,208 [ForkJoinPool.commonPool-worker-1] INFO  ozone.HddsDatanodeService (HddsDatanodeService.java:stop(451)) - Stopped plug-in org.apache.hadoop.ozone.web.OzoneHddsDatanodeService@22d1badd
2019-08-21 09:31:06,586 [Datanode State Machine Thread - 0] INFO  statemachine.DatanodeStateMachine (DatanodeStateMachine.java:lambda$startDaemon$0(350)) - Ozone container server started.
2019-08-21 09:31:08,251 [Thread-602] INFO  impl.FollowerState (FollowerState.java:run(106)) - 59741f75-dde0-4aa7-9839-4fef31d8a6cb:group-A7D1C1E568E4 changes to CANDIDATE, lastRpcTime:5151, electionTimeout:5151ms
2019-08-21 09:31:08,252 [Thread-602] INFO  impl.RoleInfo (RoleInfo.java:shutdownFollowerState(121)) - 59741f75-dde0-4aa7-9839-4fef31d8a6cb: shutdown FollowerState
2019-08-21 09:31:08,252 [Thread-602] INFO  impl.RaftServerImpl (RaftServerImpl.java:setRole(171)) - 59741f75-dde0-4aa7-9839-4fef31d8a6cb:group-A7D1C1E568E4 changes role from FOLLOWER to CANDIDATE at term 0 for changeToCandidate
2019-08-21 09:31:08,252 [Thread-602] INFO  impl.RoleInfo (RoleInfo.java:updateAndGet(143)) - 59741f75-dde0-4aa7-9839-4fef31d8a6cb: start LeaderElection
2019-08-21 09:31:08,270 [59741f75-dde0-4aa7-9839-4fef31d8a6cb:group-A7D1C1E568E4:LeaderElection21] INFO  impl.LeaderElection (LeaderElection.java:askForVotes(181)) - 59741f75-dde0-4aa7-9839-4fef31d8a6cb:group-A7D1C1E568E4:LeaderElection21: begin an election at term 1 for -1: [59741f75-dde0-4aa7-9839-4fef31d8a6cb:192.168.5.184:37972], old=null
2019-08-21 09:31:08,270 [59741f75-dde0-4aa7-9839-4fef31d8a6cb:group-A7D1C1E568E4:LeaderElection21] INFO  impl.RoleInfo (RoleInfo.java:shutdownLeaderElection(134)) - 59741f75-dde0-4aa7-9839-4fef31d8a6cb: shutdown LeaderElection
2019-08-21 09:31:08,270 [59741f75-dde0-4aa7-9839-4fef31d8a6cb:group-A7D1C1E568E4:LeaderElection21] INFO  impl.RaftServerImpl (RaftServerImpl.java:setRole(171)) - 59741f75-dde0-4aa7-9839-4fef31d8a6cb:group-A7D1C1E568E4 changes role from CANDIDATE to LEADER at term 1 for changeToLeader
2019-08-21 09:31:08,270 [59741f75-dde0-4aa7-9839-4fef31d8a6cb:group-A7D1C1E568E4:LeaderElection21] INFO  impl.RaftServerImpl (ServerState.java:setLeader(263)) - 59741f75-dde0-4aa7-9839-4fef31d8a6cb:group-A7D1C1E568E4 change Leader from null to 59741f75-dde0-4aa7-9839-4fef31d8a6cb at term 1 for becomeLeader, leader elected after 5176ms
2019-08-21 09:31:08,270 [59741f75-dde0-4aa7-9839-4fef31d8a6cb:group-A7D1C1E568E4:LeaderElection21] INFO  server.RaftServerConfigKeys (ConfUtils.java:logGet(43)) - raft.server.staging.catchup.gap = 1000 (default)
2019-08-21 09:31:08,271 [59741f75-dde0-4aa7-9839-4fef31d8a6cb:group-A7D1C1E568E4:LeaderElection21] INFO  server.RaftServerConfigKeys (ConfUtils.java:logGet(43)) - raft.server.rpc.sleep.time = 25ms (default)
2019-08-21 09:31:08,271 [59741f75-dde0-4aa7-9839-4fef31d8a6cb:group-A7D1C1E568E4:LeaderElection21] INFO  server.RaftServerConfigKeys (ConfUtils.java:logGet(43)) - raft.server.write.element-limit = 4096 (default)
2019-08-21 09:31:08,271 [59741f75-dde0-4aa7-9839-4fef31d8a6cb:group-A7D1C1E568E4:LeaderElection21] INFO  server.RaftServerConfigKeys (ConfUtils.java:logGet(43)) - raft.server.watch.timeout = 10s (default)
2019-08-21 09:31:08,271 [59741f75-dde0-4aa7-9839-4fef31d8a6cb:group-A7D1C1E568E4:LeaderElection21] INFO  server.RaftServerConfigKeys (ConfUtils.java:logGet(43)) - raft.server.watch.timeout.denomination = 1s (default)
2019-08-21 09:31:08,271 [59741f75-dde0-4aa7-9839-4fef31d8a6cb:group-A7D1C1E568E4:LeaderElection21] INFO  server.RaftServerConfigKeys (ConfUtils.java:logGet(43)) - raft.server.watch.element-limit = 65536 (default)
2019-08-21 09:31:08,272 [59741f75-dde0-4aa7-9839-4fef31d8a6cb:group-A7D1C1E568E4:LeaderElection21] INFO  impl.RoleInfo (RoleInfo.java:updateAndGet(143)) - 59741f75-dde0-4aa7-9839-4fef31d8a6cb: start LeaderState
2019-08-21 09:31:08,272 [59741f75-dde0-4aa7-9839-4fef31d8a6cb:group-A7D1C1E568E4:LeaderElection21] INFO  segmented.SegmentedRaftLogWorker (SegmentedRaftLogWorker.java:startLogSegment(380)) - 59741f75-dde0-4aa7-9839-4fef31d8a6cb-SegmentedRaftLogWorker:Storage Directory /workdir/hadoop-ozone/integration-test/target/test-dir/MiniOzoneClusterImpl-33ae4b10-f24f-4466-94ae-5d1d58110502/datanode-2/data/ratis/6b328dee-6a4b-40b5-a4a8-a7d1c1e568e4: Starting segment from index:0
2019-08-21 09:31:08,273 [59741f75-dde0-4aa7-9839-4fef31d8a6cb:group-A7D1C1E568E4:LeaderElection21] INFO  impl.RaftServerImpl (ServerState.java:setRaftConf(361)) - 59741f75-dde0-4aa7-9839-4fef31d8a6cb:group-A7D1C1E568E4 set configuration 0: [59741f75-dde0-4aa7-9839-4fef31d8a6cb:192.168.5.184:37972], old=null at 0
2019-08-21 09:31:08,323 [59741f75-dde0-4aa7-9839-4fef31d8a6cb-SegmentedRaftLogWorker:Storage Directory /workdir/hadoop-ozone/integration-test/target/test-dir/MiniOzoneClusterImpl-33ae4b10-f24f-4466-94ae-5d1d58110502/datanode-2/data/ratis/6b328dee-6a4b-40b5-a4a8-a7d1c1e568e4] INFO  segmented.SegmentedRaftLogWorker (SegmentedRaftLogWorker.java:execute(569)) - 59741f75-dde0-4aa7-9839-4fef31d8a6cb-SegmentedRaftLogWorker:Storage Directory /workdir/hadoop-ozone/integration-test/target/test-dir/MiniOzoneClusterImpl-33ae4b10-f24f-4466-94ae-5d1d58110502/datanode-2/data/ratis/6b328dee-6a4b-40b5-a4a8-a7d1c1e568e4: created new log segment /workdir/hadoop-ozone/integration-test/target/test-dir/MiniOzoneClusterImpl-33ae4b10-f24f-4466-94ae-5d1d58110502/datanode-2/data/ratis/6b328dee-6a4b-40b5-a4a8-a7d1c1e568e4/current/log_inprogress_0
2019-08-21 09:31:11,031 [EventQueue-StaleNodeForStaleNodeHandler] INFO  node.StaleNodeHandler (StaleNodeHandler.java:onMessage(58)) - Datanode 59741f75-dde0-4aa7-9839-4fef31d8a6cb{ip: 192.168.5.184, host: pr-hdds-1935-xjqtc-1107137857, networkLocation: /default-rack, certSerialId: null} moved to stale state. Finalizing its pipelines [PipelineID=87bc7c79-2020-4e68-9ebc-9ac9cd14a056, PipelineID=6b328dee-6a4b-40b5-a4a8-a7d1c1e568e4]
2019-08-21 09:31:11,031 [EventQueue-StaleNodeForStaleNodeHandler] INFO  pipeline.SCMPipelineManager (SCMPipelineManager.java:finalizeAndDestroyPipeline(309)) - destroying pipeline:Pipeline[ Id: 87bc7c79-2020-4e68-9ebc-9ac9cd14a056, Nodes: 59741f75-dde0-4aa7-9839-4fef31d8a6cb{ip: 192.168.5.184, host: pr-hdds-1935-xjqtc-1107137857, networkLocation: /default-rack, certSerialId: null}, Type:RATIS, Factor:ONE, State:CLOSED]
2019-08-21 09:31:11,032 [EventQueue-StaleNodeForStaleNodeHandler] INFO  pipeline.SCMPipelineManager (SCMPipelineManager.java:finalizeAndDestroyPipeline(309)) - destroying pipeline:Pipeline[ Id: 6b328dee-6a4b-40b5-a4a8-a7d1c1e568e4, Nodes: 59741f75-dde0-4aa7-9839-4fef31d8a6cb{ip: 192.168.5.184, host: pr-hdds-1935-xjqtc-1107137857, networkLocation: /default-rack, certSerialId: null}, Type:RATIS, Factor:ONE, State:OPEN]
2019-08-21 09:31:11,032 [EventQueue-StaleNodeForStaleNodeHandler] INFO  pipeline.PipelineStateManager (PipelineStateManager.java:finalizePipeline(123)) - Pipeline Pipeline[ Id: 6b328dee-6a4b-40b5-a4a8-a7d1c1e568e4, Nodes: 59741f75-dde0-4aa7-9839-4fef31d8a6cb{ip: 192.168.5.184, host: pr-hdds-1935-xjqtc-1107137857, networkLocation: /default-rack, certSerialId: null}, Type:RATIS, Factor:ONE, State:CLOSED] moved to CLOSED state
2019-08-21 09:31:11,208 [ForkJoinPool.commonPool-worker-1] INFO  ozoneimpl.OzoneContainer (OzoneContainer.java:stop(199)) - Attempting to stop container services.
2019-08-21 09:31:11,209 [ForkJoinPool.commonPool-worker-1] INFO  impl.RaftServerProxy (RaftServerProxy.java:lambda$close$4(314)) - 59741f75-dde0-4aa7-9839-4fef31d8a6cb: close
2019-08-21 09:31:11,209 [ForkJoinPool.commonPool-worker-1] INFO  impl.RaftServerImpl (RaftServerImpl.java:lambda$shutdown$3(245)) - 59741f75-dde0-4aa7-9839-4fef31d8a6cb: shutdown group-9AC9CD14A056
2019-08-21 09:31:11,210 [ForkJoinPool.commonPool-worker-1] INFO  util.JmxRegister (JmxRegister.java:unregister(73)) - Successfully un-registered JMX Bean with object name Ratis:service=RaftServer,group=group-9AC9CD14A056,id=59741f75-dde0-4aa7-9839-4fef31d8a6cb
2019-08-21 09:31:11,210 [ForkJoinPool.commonPool-worker-1] INFO  impl.RoleInfo (RoleInfo.java:shutdownLeaderState(104)) - 59741f75-dde0-4aa7-9839-4fef31d8a6cb: shutdown LeaderState
2019-08-21 09:31:11,211 [ForkJoinPool.commonPool-worker-1] INFO  impl.PendingRequests (PendingRequests.java:sendNotLeaderResponses(202)) - 59741f75-dde0-4aa7-9839-4fef31d8a6cb-PendingRequests: sendNotLeaderResponses
2019-08-21 09:31:11,215 [ForkJoinPool.commonPool-worker-1] INFO  impl.StateMachineUpdater (StateMachineUpdater.java:stopAndJoin(115)) - StateMachineUpdater:59741f75-dde0-4aa7-9839-4fef31d8a6cb:group-9AC9CD14A056: set stopIndex = 2
2019-08-21 09:31:11,215 [ForkJoinPool.commonPool-worker-1] INFO  impl.RaftServerImpl (ServerState.java:close(394)) - 59741f75-dde0-4aa7-9839-4fef31d8a6cb:group-9AC9CD14A056 closes. The last applied log index is 2
2019-08-21 09:31:11,216 [59741f75-dde0-4aa7-9839-4fef31d8a6cb-SegmentedRaftLogWorker:Storage Directory /workdir/hadoop-ozone/integration-test/target/test-dir/MiniOzoneClusterImpl-33ae4b10-f24f-4466-94ae-5d1d58110502/datanode-2/data/ratis/87bc7c79-2020-4e68-9ebc-9ac9cd14a056] INFO  segmented.SegmentedRaftLogWorker (SegmentedRaftLogWorker.java:run(313)) - 59741f75-dde0-4aa7-9839-4fef31d8a6cb-SegmentedRaftLogWorker:Storage Directory /workdir/hadoop-ozone/integration-test/target/test-dir/MiniOzoneClusterImpl-33ae4b10-f24f-4466-94ae-5d1d58110502/datanode-2/data/ratis/87bc7c79-2020-4e68-9ebc-9ac9cd14a056 was interrupted, exiting. There are 0 tasks remaining in the queue.
2019-08-21 09:31:11,217 [ForkJoinPool.commonPool-worker-1] INFO  segmented.SegmentedRaftLogWorker (SegmentedRaftLogWorker.java:close(228)) - 59741f75-dde0-4aa7-9839-4fef31d8a6cb-SegmentedRaftLogWorker:Storage Directory /workdir/hadoop-ozone/integration-test/target/test-dir/MiniOzoneClusterImpl-33ae4b10-f24f-4466-94ae-5d1d58110502/datanode-2/data/ratis/87bc7c79-2020-4e68-9ebc-9ac9cd14a056 close()
2019-08-21 09:31:11,219 [ForkJoinPool.commonPool-worker-1] INFO  impl.RaftServerImpl (RaftServerImpl.java:lambda$shutdown$3(245)) - 59741f75-dde0-4aa7-9839-4fef31d8a6cb: shutdown group-A7D1C1E568E4
2019-08-21 09:31:11,220 [ForkJoinPool.commonPool-worker-1] INFO  util.JmxRegister (JmxRegister.java:unregister(73)) - Successfully un-registered JMX Bean with object name Ratis:service=RaftServer,group=group-A7D1C1E568E4,id=59741f75-dde0-4aa7-9839-4fef31d8a6cb
2019-08-21 09:31:11,220 [ForkJoinPool.commonPool-worker-1] INFO  impl.RoleInfo (RoleInfo.java:shutdownLeaderState(104)) - 59741f75-dde0-4aa7-9839-4fef31d8a6cb: shutdown LeaderState
2019-08-21 09:31:11,220 [ForkJoinPool.commonPool-worker-1] INFO  impl.PendingRequests (PendingRequests.java:sendNotLeaderResponses(202)) - 59741f75-dde0-4aa7-9839-4fef31d8a6cb-PendingRequests: sendNotLeaderResponses
2019-08-21 09:31:11,221 [ForkJoinPool.commonPool-worker-1] INFO  impl.StateMachineUpdater (StateMachineUpdater.java:stopAndJoin(115)) - StateMachineUpdater:59741f75-dde0-4aa7-9839-4fef31d8a6cb:group-A7D1C1E568E4: set stopIndex = 0
2019-08-21 09:31:11,222 [ForkJoinPool.commonPool-worker-1] INFO  impl.RaftServerImpl (ServerState.java:close(394)) - 59741f75-dde0-4aa7-9839-4fef31d8a6cb:group-A7D1C1E568E4 closes. The last applied log index is 0
2019-08-21 09:31:11,222 [59741f75-dde0-4aa7-9839-4fef31d8a6cb-SegmentedRaftLogWorker:Storage Directory /workdir/hadoop-ozone/integration-test/target/test-dir/MiniOzoneClusterImpl-33ae4b10-f24f-4466-94ae-5d1d58110502/datanode-2/data/ratis/6b328dee-6a4b-40b5-a4a8-a7d1c1e568e4] INFO  segmented.SegmentedRaftLogWorker (SegmentedRaftLogWorker.java:run(313)) - 59741f75-dde0-4aa7-9839-4fef31d8a6cb-SegmentedRaftLogWorker:Storage Directory /workdir/hadoop-ozone/integration-test/target/test-dir/MiniOzoneClusterImpl-33ae4b10-f24f-4466-94ae-5d1d58110502/datanode-2/data/ratis/6b328dee-6a4b-40b5-a4a8-a7d1c1e568e4 was interrupted, exiting. There are 0 tasks remaining in the queue.
2019-08-21 09:31:11,226 [ForkJoinPool.commonPool-worker-1] INFO  segmented.SegmentedRaftLogWorker (SegmentedRaftLogWorker.java:close(228)) - 59741f75-dde0-4aa7-9839-4fef31d8a6cb-SegmentedRaftLogWorker:Storage Directory /workdir/hadoop-ozone/integration-test/target/test-dir/MiniOzoneClusterImpl-33ae4b10-f24f-4466-94ae-5d1d58110502/datanode-2/data/ratis/6b328dee-6a4b-40b5-a4a8-a7d1c1e568e4 close()
2019-08-21 09:31:11,227 [ForkJoinPool.commonPool-worker-1] INFO  server.GrpcService (GrpcService.java:closeImpl(155)) - 59741f75-dde0-4aa7-9839-4fef31d8a6cb: shutdown server with port 37972 now
2019-08-21 09:31:11,229 [ForkJoinPool.commonPool-worker-1] INFO  server.GrpcService (GrpcService.java:closeImpl(163)) - 59741f75-dde0-4aa7-9839-4fef31d8a6cb: shutdown server with port 37972 successfully
2019-08-21 09:31:11,232 [ForkJoinPool.commonPool-worker-1] INFO  utils.BackgroundService (BackgroundService.java:shutdown(148)) - Shutting down service BlockDeletingService
2019-08-21 09:31:11,233 [refreshUsed-/workdir/hadoop-ozone/integration-test/target/test-dir/MiniOzoneClusterImpl-33ae4b10-f24f-4466-94ae-5d1d58110502/datanode-2/data/containers] WARN  fs.CachingGetSpaceUsed (CachingGetSpaceUsed.java:run(183)) - Thread Interrupted waiting to refresh disk information: sleep interrupted
2019-08-21 09:31:11,252 [ForkJoinPool.commonPool-worker-1] INFO  statemachine.DatanodeStateMachine (DatanodeStateMachine.java:stopDaemon(395)) - Ozone container server stopped.
2019-08-21 09:31:11,254 [ForkJoinPool.commonPool-worker-1] INFO  handler.ContextHandler (ContextHandler.java:doStop(910)) - Stopped o.e.j.w.WebAppContext@55fb5146{/,null,UNAVAILABLE}{/hddsDatanode}
2019-08-21 09:31:11,256 [ForkJoinPool.commonPool-worker-1] INFO  server.AbstractConnector (AbstractConnector.java:doStop(318)) - Stopped ServerConnector@4cc575ff{HTTP/1.1,[http/1.1]}{0.0.0.0:42615}
2019-08-21 09:31:11,257 [ForkJoinPool.commonPool-worker-1] INFO  handler.ContextHandler (ContextHandler.java:doStop(910)) - Stopped o.e.j.s.ServletContextHandler@6f57eb02{/static,jar:file:/home/user/.m2/repository/org/apache/hadoop/hadoop-hdds-container-service/0.5.0-SNAPSHOT/hadoop-hdds-container-service-0.5.0-SNAPSHOT.jar!/webapps/static,UNAVAILABLE}
2019-08-21 09:31:11,258 [ForkJoinPool.commonPool-worker-1] INFO  handler.ContextHandler (ContextHandler.java:doStop(910)) - Stopped o.e.j.s.ServletContextHandler@42c60c4e{/logs,file:///workdir/hadoop-ozone/integration-test/target/log,UNAVAILABLE}
2019-08-21 09:31:11,259 [main] INFO  ozone.MiniOzoneClusterImpl (MiniOzoneClusterImpl.java:stop(353)) - Stopping the StorageContainerManager
2019-08-21 09:31:11,259 [main] INFO  server.StorageContainerManager (StorageContainerManager.java:stop(797)) - Stopping Replication Manager Service.
2019-08-21 09:31:11,260 [main] INFO  container.ReplicationManager (ReplicationManager.java:stop(203)) - Stopping Replication Monitor Thread.
2019-08-21 09:31:11,260 [main] INFO  server.StorageContainerManager (StorageContainerManager.java:stop(804)) - Stopping Lease Manager of the command watchers
2019-08-21 09:31:11,260 [main] INFO  server.StorageContainerManager (StorageContainerManager.java:stop(811)) - Stopping datanode service RPC server
2019-08-21 09:31:11,260 [main] INFO  server.SCMDatanodeProtocolServer (SCMDatanodeProtocolServer.java:stop(367)) - Stopping the RPC server for DataNodes
2019-08-21 09:31:11,261 [main] INFO  ipc.Server (Server.java:stop(3082)) - Stopping server on 34768
2019-08-21 09:31:11,265 [IPC Server listener on 34768] INFO  ipc.Server (Server.java:run(1185)) - Stopping IPC Server listener on 34768
2019-08-21 09:31:11,265 [IPC Server Responder] INFO  ipc.Server (Server.java:run(1319)) - Stopping IPC Server Responder
2019-08-21 09:31:12,031 [SCM Heartbeat Processing Thread - 0] WARN  node.NodeStateManager (NodeStateManager.java:scheduleNextHealthCheck(646)) - Current Thread is interrupted, shutting down HB processing thread for Node Manager.
2019-08-21 09:31:12,031 [main] INFO  server.StorageContainerManager (StorageContainerManager.java:stop(819)) - Stopping block service RPC server
2019-08-21 09:31:12,033 [main] INFO  server.SCMBlockProtocolServer (SCMBlockProtocolServer.java:stop(155)) - Stopping the RPC server for Block Protocol
2019-08-21 09:31:12,034 [main] INFO  ipc.Server (Server.java:stop(3082)) - Stopping server on 36034
2019-08-21 09:31:12,037 [IPC Server listener on 36034] INFO  ipc.Server (Server.java:run(1185)) - Stopping IPC Server listener on 36034
2019-08-21 09:31:12,038 [main] INFO  server.StorageContainerManager (StorageContainerManager.java:stop(826)) - Stopping the StorageContainerLocationProtocol RPC server
2019-08-21 09:31:12,038 [IPC Server Responder] INFO  ipc.Server (Server.java:run(1319)) - Stopping IPC Server Responder
2019-08-21 09:31:12,039 [main] INFO  server.SCMClientProtocolServer (SCMClientProtocolServer.java:stop(159)) - Stopping the RPC server for Client Protocol
2019-08-21 09:31:12,039 [main] INFO  ipc.Server (Server.java:stop(3082)) - Stopping server on 35431
2019-08-21 09:31:12,043 [IPC Server listener on 35431] INFO  ipc.Server (Server.java:run(1185)) - Stopping IPC Server listener on 35431
2019-08-21 09:31:12,043 [main] INFO  server.StorageContainerManager (StorageContainerManager.java:stop(833)) - Stopping Storage Container Manager HTTP server.
2019-08-21 09:31:12,043 [IPC Server Responder] INFO  ipc.Server (Server.java:run(1319)) - Stopping IPC Server Responder
2019-08-21 09:31:12,046 [main] INFO  handler.ContextHandler (ContextHandler.java:doStop(910)) - Stopped o.e.j.w.WebAppContext@417409f2{/,null,UNAVAILABLE}{/scm}
2019-08-21 09:31:12,047 [main] INFO  server.AbstractConnector (AbstractConnector.java:doStop(318)) - Stopped ServerConnector@1db76d7d{HTTP/1.1,[http/1.1]}{0.0.0.0:0}
2019-08-21 09:31:12,048 [main] INFO  handler.ContextHandler (ContextHandler.java:doStop(910)) - Stopped o.e.j.s.ServletContextHandler@771c0f68{/static,file:///workdir/hadoop-ozone/integration-test/target/test-classes/webapps/static,UNAVAILABLE}
2019-08-21 09:31:12,049 [main] INFO  handler.ContextHandler (ContextHandler.java:doStop(910)) - Stopped o.e.j.s.ServletContextHandler@6121229f{/logs,file:///workdir/hadoop-ozone/integration-test/target/log,UNAVAILABLE}
2019-08-21 09:31:12,051 [main] INFO  server.StorageContainerManager (StorageContainerManager.java:stop(844)) - Stopping Block Manager Service.
2019-08-21 09:31:12,051 [main] INFO  utils.BackgroundService (BackgroundService.java:shutdown(148)) - Shutting down service SCMBlockDeletingService
2019-08-21 09:31:12,052 [main] INFO  utils.BackgroundService (BackgroundService.java:shutdown(148)) - Shutting down service SCMBlockDeletingService
2019-08-21 09:31:12,053 [main] INFO  server.StorageContainerManager (StorageContainerManager.java:stop(866)) - Stopping SCM Event Queue.
2019-08-21 09:31:12,060 [main] INFO  impl.MetricsSystemImpl (MetricsSystemImpl.java:stop(210)) - Stopping HddsDatanode metrics system...
2019-08-21 09:31:12,067 [main] INFO  impl.MetricsSystemImpl (MetricsSystemImpl.java:stop(216)) - HddsDatanode metrics system stopped.
]]></system-out>
    <system-err><![CDATA[Aug 21, 2019 9:30:35 AM com.sun.jersey.server.impl.application.WebApplicationImpl _initiate
INFO: Initiating Jersey application, version 'Jersey: 1.19 02/11/2015 03:25 AM'
Aug 21, 2019 9:30:35 AM com.sun.jersey.server.impl.application.WebApplicationImpl _initiate
INFO: Initiating Jersey application, version 'Jersey: 1.19 02/11/2015 03:25 AM'
Aug 21, 2019 9:30:35 AM com.sun.jersey.server.impl.application.WebApplicationImpl _initiate
INFO: Initiating Jersey application, version 'Jersey: 1.19 02/11/2015 03:25 AM'
Aug 21, 2019 9:30:55 AM com.sun.jersey.server.impl.application.WebApplicationImpl _initiate
INFO: Initiating Jersey application, version 'Jersey: 1.19 02/11/2015 03:25 AM'
Aug 21, 2019 9:30:56 AM com.sun.jersey.server.impl.application.WebApplicationImpl _initiate
INFO: Initiating Jersey application, version 'Jersey: 1.19 02/11/2015 03:25 AM'
Aug 21, 2019 9:30:56 AM com.sun.jersey.server.impl.application.WebApplicationImpl _initiate
INFO: Initiating Jersey application, version 'Jersey: 1.19 02/11/2015 03:25 AM'
]]></system-err>
  </testcase>
</testsuite>