<?xml version="1.0" encoding="UTF-8"?>
<testsuite xmlns:xsi="http://www.w3.org/2001/XMLSchema-instance" xsi:noNamespaceSchemaLocation="https://maven.apache.org/surefire/maven-surefire-plugin/xsd/surefire-test-report.xsd" name="org.apache.hadoop.ozone.client.rpc.TestCommitWatcher" time="49.946" tests="2" errors="0" skipped="0" failures="1">
  <properties>
    <property name="awt.toolkit" value="sun.awt.X11.XToolkit"/>
    <property name="file.encoding.pkg" value="sun.io"/>
    <property name="java.specification.version" value="1.8"/>
    <property name="sun.cpu.isalist" value=""/>
    <property name="sun.jnu.encoding" value="UTF-8"/>
    <property name="java.class.path" value="/workdir/hadoop-ozone/integration-test/target/test-classes:/workdir/hadoop-ozone/integration-test/target/classes:/home/user/.m2/repository/org/apache/hadoop/hadoop-ozone-common/0.5.0-SNAPSHOT/hadoop-ozone-common-0.5.0-SNAPSHOT.jar:/home/user/.m2/repository/org/apache/commons/commons-compress/1.4.1/commons-compress-1.4.1.jar:/home/user/.m2/repository/org/tukaani/xz/1.0/xz-1.0.jar:/home/user/.m2/repository/org/apache/hadoop/hadoop-common/3.2.0/hadoop-common-3.2.0.jar:/home/user/.m2/repository/org/apache/hadoop/hadoop-hdfs/3.2.0/hadoop-hdfs-3.2.0.jar:/home/user/.m2/repository/org/apache/hadoop/hadoop-hdfs-client/3.2.0/hadoop-hdfs-client-3.2.0.jar:/home/user/.m2/repository/com/fasterxml/jackson/core/jackson-annotations/2.9.5/jackson-annotations-2.9.5.jar:/home/user/.m2/repository/org/apache/hadoop/hadoop-hdds-common/0.5.0-SNAPSHOT/hadoop-hdds-common-0.5.0-SNAPSHOT.jar:/home/user/.m2/repository/javax/annotation/javax.annotation-api/1.2/javax.annotation-api-1.2.jar:/home/user/.m2/repository/org/apache/ratis/ratis-server/0.4.0-2337318-SNAPSHOT/ratis-server-0.4.0-2337318-SNAPSHOT.jar:/home/user/.m2/repository/org/apache/ratis/ratis-thirdparty-misc/0.2.0/ratis-thirdparty-misc-0.2.0.jar:/home/user/.m2/repository/org/apache/ratis/ratis-proto/0.4.0-2337318-SNAPSHOT/ratis-proto-0.4.0-2337318-SNAPSHOT.jar:/home/user/.m2/repository/org/apache/ratis/ratis-common/0.4.0-2337318-SNAPSHOT/ratis-common-0.4.0-2337318-SNAPSHOT.jar:/home/user/.m2/repository/org/apache/ratis/ratis-client/0.4.0-2337318-SNAPSHOT/ratis-client-0.4.0-2337318-SNAPSHOT.jar:/home/user/.m2/repository/org/apache/ratis/ratis-metrics/0.4.0-2337318-SNAPSHOT/ratis-metrics-0.4.0-2337318-SNAPSHOT.jar:/home/user/.m2/repository/org/apache/ratis/ratis-netty/0.4.0-2337318-SNAPSHOT/ratis-netty-0.4.0-2337318-SNAPSHOT.jar:/home/user/.m2/repository/org/apache/ratis/ratis-grpc/0.4.0-2337318-SNAPSHOT/ratis-grpc-0.4.0-2337318-SNAPSHOT.jar:/home/user/.m2/repository/org/rocksdb/rocksdbjni/6.0.1/rocksdbjni-6.0.1.jar:/home/user/.m2/repository/org/apache/logging/log4j/log4j-api/2.11.0/log4j-api-2.11.0.jar:/home/user/.m2/repository/org/apache/logging/log4j/log4j-core/2.11.0/log4j-core-2.11.0.jar:/home/user/.m2/repository/com/lmax/disruptor/3.4.2/disruptor-3.4.2.jar:/home/user/.m2/repository/org/apache/commons/commons-pool2/2.6.0/commons-pool2-2.6.0.jar:/home/user/.m2/repository/org/bouncycastle/bcpkix-jdk15on/1.60/bcpkix-jdk15on-1.60.jar:/home/user/.m2/repository/commons-validator/commons-validator/1.6/commons-validator-1.6.jar:/home/user/.m2/repository/commons-digester/commons-digester/1.8.1/commons-digester-1.8.1.jar:/home/user/.m2/repository/io/jaegertracing/jaeger-client/0.33.1/jaeger-client-0.33.1.jar:/home/user/.m2/repository/io/jaegertracing/jaeger-thrift/0.33.1/jaeger-thrift-0.33.1.jar:/home/user/.m2/repository/org/apache/thrift/libthrift/0.11.0/libthrift-0.11.0.jar:/home/user/.m2/repository/com/squareup/okhttp3/okhttp/3.9.0/okhttp-3.9.0.jar:/home/user/.m2/repository/com/squareup/okio/okio/1.13.0/okio-1.13.0.jar:/home/user/.m2/repository/io/jaegertracing/jaeger-core/0.33.1/jaeger-core-0.33.1.jar:/home/user/.m2/repository/io/jaegertracing/jaeger-tracerresolver/0.33.1/jaeger-tracerresolver-0.33.1.jar:/home/user/.m2/repository/io/opentracing/contrib/opentracing-tracerresolver/0.1.5/opentracing-tracerresolver-0.1.5.jar:/home/user/.m2/repository/io/opentracing/opentracing-util/0.31.0/opentracing-util-0.31.0.jar:/home/user/.m2/repository/io/opentracing/opentracing-api/0.31.0/opentracing-api-0.31.0.jar:/home/user/.m2/repository/io/opentracing/opentracing-noop/0.31.0/opentracing-noop-0.31.0.jar:/home/user/.m2/repository/org/apache/hadoop/hadoop-hdds-server-framework/0.5.0-SNAPSHOT/hadoop-hdds-server-framework-0.5.0-SNAPSHOT.jar:/home/user/.m2/repository/org/apache/hadoop/hadoop-hdds-container-service/0.5.0-SNAPSHOT/hadoop-hdds-container-service-0.5.0-SNAPSHOT.jar:/home/user/.m2/repository/org/apache/hadoop/hadoop-hdds-client/0.5.0-SNAPSHOT/hadoop-hdds-client-0.5.0-SNAPSHOT.jar:/home/user/.m2/repository/org/apache/hadoop/hadoop-hdds-tools/0.5.0-SNAPSHOT/hadoop-hdds-tools-0.5.0-SNAPSHOT.jar:/home/user/.m2/repository/org/apache/hadoop/hadoop-hdds-server-scm/0.5.0-SNAPSHOT/hadoop-hdds-server-scm-0.5.0-SNAPSHOT.jar:/home/user/.m2/repository/org/apache/hadoop/hadoop-hdds-docs/0.5.0-SNAPSHOT/hadoop-hdds-docs-0.5.0-SNAPSHOT.jar:/home/user/.m2/repository/io/dropwizard/metrics/metrics-core/3.2.4/metrics-core-3.2.4.jar:/home/user/.m2/repository/org/hamcrest/hamcrest-all/1.3/hamcrest-all-1.3.jar:/home/user/.m2/repository/org/bouncycastle/bcprov-jdk15on/1.60/bcprov-jdk15on-1.60.jar:/home/user/.m2/repository/info/picocli/picocli/3.9.6/picocli-3.9.6.jar:/home/user/.m2/repository/com/google/protobuf/protobuf-java/2.5.0/protobuf-java-2.5.0.jar:/home/user/.m2/repository/com/google/guava/guava/11.0.2/guava-11.0.2.jar:/home/user/.m2/repository/org/apache/hadoop/hadoop-ozone-ozone-manager/0.5.0-SNAPSHOT/hadoop-ozone-ozone-manager-0.5.0-SNAPSHOT.jar:/home/user/.m2/repository/org/apache/hadoop/hadoop-minikdc/3.2.0/hadoop-minikdc-3.2.0.jar:/home/user/.m2/repository/commons-io/commons-io/2.5/commons-io-2.5.jar:/home/user/.m2/repository/org/apache/kerby/kerb-simplekdc/1.0.1/kerb-simplekdc-1.0.1.jar:/home/user/.m2/repository/org/apache/kerby/kerb-client/1.0.1/kerb-client-1.0.1.jar:/home/user/.m2/repository/org/apache/kerby/kerby-config/1.0.1/kerby-config-1.0.1.jar:/home/user/.m2/repository/org/apache/kerby/kerb-core/1.0.1/kerb-core-1.0.1.jar:/home/user/.m2/repository/org/apache/kerby/kerby-pkix/1.0.1/kerby-pkix-1.0.1.jar:/home/user/.m2/repository/org/apache/kerby/kerby-asn1/1.0.1/kerby-asn1-1.0.1.jar:/home/user/.m2/repository/org/apache/kerby/kerby-util/1.0.1/kerby-util-1.0.1.jar:/home/user/.m2/repository/org/apache/kerby/kerb-common/1.0.1/kerb-common-1.0.1.jar:/home/user/.m2/repository/org/apache/kerby/kerb-crypto/1.0.1/kerb-crypto-1.0.1.jar:/home/user/.m2/repository/org/apache/kerby/kerb-util/1.0.1/kerb-util-1.0.1.jar:/home/user/.m2/repository/org/apache/kerby/token-provider/1.0.1/token-provider-1.0.1.jar:/home/user/.m2/repository/org/apache/kerby/kerb-admin/1.0.1/kerb-admin-1.0.1.jar:/home/user/.m2/repository/org/apache/kerby/kerb-server/1.0.1/kerb-server-1.0.1.jar:/home/user/.m2/repository/org/apache/kerby/kerb-identity/1.0.1/kerb-identity-1.0.1.jar:/home/user/.m2/repository/org/apache/kerby/kerby-xdr/1.0.1/kerby-xdr-1.0.1.jar:/home/user/.m2/repository/org/slf4j/slf4j-log4j12/1.7.25/slf4j-log4j12-1.7.25.jar:/home/user/.m2/repository/org/apache/hadoop/hadoop-ozone-objectstore-service/0.5.0-SNAPSHOT/hadoop-ozone-objectstore-service-0.5.0-SNAPSHOT.jar:/home/user/.m2/repository/org/apache/hadoop/hadoop-ozone-s3gateway/0.5.0-SNAPSHOT/hadoop-ozone-s3gateway-0.5.0-SNAPSHOT.jar:/home/user/.m2/repository/org/jboss/weld/servlet/weld-servlet/2.4.7.Final/weld-servlet-2.4.7.Final.jar:/home/user/.m2/repository/org/glassfish/jersey/containers/jersey-container-servlet-core/2.27/jersey-container-servlet-core-2.27.jar:/home/user/.m2/repository/org/glassfish/hk2/external/javax.inject/2.5.0-b42/javax.inject-2.5.0-b42.jar:/home/user/.m2/repository/org/glassfish/jersey/core/jersey-common/2.27/jersey-common-2.27.jar:/home/user/.m2/repository/org/glassfish/hk2/osgi-resource-locator/1.0.1/osgi-resource-locator-1.0.1.jar:/home/user/.m2/repository/javax/ws/rs/javax.ws.rs-api/2.1/javax.ws.rs-api-2.1.jar:/home/user/.m2/repository/org/glassfish/jersey/ext/cdi/jersey-cdi1x/2.27/jersey-cdi1x-2.27.jar:/home/user/.m2/repository/org/glassfish/jersey/inject/jersey-hk2/2.27/jersey-hk2-2.27.jar:/home/user/.m2/repository/org/glassfish/hk2/hk2-locator/2.5.0-b42/hk2-locator-2.5.0-b42.jar:/home/user/.m2/repository/org/javassist/javassist/3.22.0-CR2/javassist-3.22.0-CR2.jar:/home/user/.m2/repository/org/glassfish/hk2/hk2-api/2.5.0/hk2-api-2.5.0.jar:/home/user/.m2/repository/org/glassfish/hk2/external/jakarta.inject/2.5.0/jakarta.inject-2.5.0.jar:/home/user/.m2/repository/org/glassfish/hk2/hk2-utils/2.5.0/hk2-utils-2.5.0.jar:/home/user/.m2/repository/jakarta/annotation/jakarta.annotation-api/1.3.4/jakarta.annotation-api-1.3.4.jar:/home/user/.m2/repository/org/glassfish/hk2/external/aopalliance-repackaged/2.5.0/aopalliance-repackaged-2.5.0.jar:/home/user/.m2/repository/com/fasterxml/jackson/dataformat/jackson-dataformat-xml/2.9.0/jackson-dataformat-xml-2.9.0.jar:/home/user/.m2/repository/com/fasterxml/jackson/core/jackson-core/2.9.5/jackson-core-2.9.5.jar:/home/user/.m2/repository/com/fasterxml/jackson/module/jackson-module-jaxb-annotations/2.9.5/jackson-module-jaxb-annotations-2.9.5.jar:/home/user/.m2/repository/javax/enterprise/cdi-api/1.2/cdi-api-1.2.jar:/home/user/.m2/repository/javax/el/javax.el-api/3.0.0/javax.el-api-3.0.0.jar:/home/user/.m2/repository/javax/interceptor/javax.interceptor-api/1.2/javax.interceptor-api-1.2.jar:/home/user/.m2/repository/javax/inject/javax.inject/1/javax.inject-1.jar:/home/user/.m2/repository/com/sun/xml/bind/jaxb-impl/2.3.0.1/jaxb-impl-2.3.0.1.jar:/home/user/.m2/repository/com/sun/xml/bind/jaxb-core/2.3.0.1/jaxb-core-2.3.0.1.jar:/home/user/.m2/repository/javax/xml/bind/jaxb-api/2.3.0/jaxb-api-2.3.0.jar:/home/user/.m2/repository/javax/activation/activation/1.1.1/activation-1.1.1.jar:/home/user/.m2/repository/org/apache/hadoop/hadoop-ozone-csi/0.5.0-SNAPSHOT/hadoop-ozone-csi-0.5.0-SNAPSHOT.jar:/home/user/.m2/repository/com/google/protobuf/protobuf-java-util/3.5.1/protobuf-java-util-3.5.1.jar:/home/user/.m2/repository/org/apache/hadoop/hadoop-hdds-config/0.5.0-SNAPSHOT/hadoop-hdds-config-0.5.0-SNAPSHOT.jar:/home/user/.m2/repository/io/grpc/grpc-netty/1.17.1/grpc-netty-1.17.1.jar:/home/user/.m2/repository/io/grpc/grpc-core/1.17.1/grpc-core-1.17.1.jar:/home/user/.m2/repository/io/grpc/grpc-context/1.17.1/grpc-context-1.17.1.jar:/home/user/.m2/repository/com/google/errorprone/error_prone_annotations/2.2.0/error_prone_annotations-2.2.0.jar:/home/user/.m2/repository/org/codehaus/mojo/animal-sniffer-annotations/1.17/animal-sniffer-annotations-1.17.jar:/home/user/.m2/repository/io/opencensus/opencensus-api/0.17.0/opencensus-api-0.17.0.jar:/home/user/.m2/repository/io/opencensus/opencensus-contrib-grpc-metrics/0.17.0/opencensus-contrib-grpc-metrics-0.17.0.jar:/home/user/.m2/repository/io/netty/netty-codec-http2/4.1.30.Final/netty-codec-http2-4.1.30.Final.jar:/home/user/.m2/repository/io/netty/netty-codec-http/4.1.30.Final/netty-codec-http-4.1.30.Final.jar:/home/user/.m2/repository/io/netty/netty-codec/4.1.30.Final/netty-codec-4.1.30.Final.jar:/home/user/.m2/repository/io/netty/netty-handler/4.1.30.Final/netty-handler-4.1.30.Final.jar:/home/user/.m2/repository/io/netty/netty-handler-proxy/4.1.30.Final/netty-handler-proxy-4.1.30.Final.jar:/home/user/.m2/repository/io/netty/netty-codec-socks/4.1.30.Final/netty-codec-socks-4.1.30.Final.jar:/home/user/.m2/repository/io/netty/netty-transport-native-epoll/4.1.30.Final/netty-transport-native-epoll-4.1.30.Final.jar:/home/user/.m2/repository/io/netty/netty-common/4.1.30.Final/netty-common-4.1.30.Final.jar:/home/user/.m2/repository/io/netty/netty-buffer/4.1.30.Final/netty-buffer-4.1.30.Final.jar:/home/user/.m2/repository/io/netty/netty-transport/4.1.30.Final/netty-transport-4.1.30.Final.jar:/home/user/.m2/repository/io/netty/netty-resolver/4.1.30.Final/netty-resolver-4.1.30.Final.jar:/home/user/.m2/repository/io/netty/netty-transport-native-unix-common/4.1.30.Final/netty-transport-native-unix-common-4.1.30.Final.jar:/home/user/.m2/repository/io/grpc/grpc-protobuf/1.17.1/grpc-protobuf-1.17.1.jar:/home/user/.m2/repository/com/google/api/grpc/proto-google-common-protos/1.0.0/proto-google-common-protos-1.0.0.jar:/home/user/.m2/repository/io/grpc/grpc-protobuf-lite/1.17.1/grpc-protobuf-lite-1.17.1.jar:/home/user/.m2/repository/io/grpc/grpc-stub/1.17.1/grpc-stub-1.17.1.jar:/home/user/.m2/repository/org/apache/hadoop/hadoop-ozone-recon/0.5.0-SNAPSHOT/hadoop-ozone-recon-0.5.0-SNAPSHOT.jar:/home/user/.m2/repository/org/apache/hadoop/hadoop-ozone-reconcodegen/0.5.0-SNAPSHOT/hadoop-ozone-reconcodegen-0.5.0-SNAPSHOT.jar:/home/user/.m2/repository/com/google/inject/extensions/guice-multibindings/4.0/guice-multibindings-4.0.jar:/home/user/.m2/repository/com/google/inject/guice/4.0/guice-4.0.jar:/home/user/.m2/repository/aopalliance/aopalliance/1.0/aopalliance-1.0.jar:/home/user/.m2/repository/com/google/inject/extensions/guice-servlet/4.0/guice-servlet-4.0.jar:/home/user/.m2/repository/org/glassfish/jersey/containers/jersey-container-servlet/2.27/jersey-container-servlet-2.27.jar:/home/user/.m2/repository/org/glassfish/hk2/guice-bridge/2.5.0/guice-bridge-2.5.0.jar:/home/user/.m2/repository/org/glassfish/jersey/core/jersey-server/2.27/jersey-server-2.27.jar:/home/user/.m2/repository/org/glassfish/jersey/core/jersey-client/2.27/jersey-client-2.27.jar:/home/user/.m2/repository/org/glassfish/jersey/media/jersey-media-jaxb/2.27/jersey-media-jaxb-2.27.jar:/home/user/.m2/repository/javax/validation/validation-api/1.1.0.Final/validation-api-1.1.0.Final.jar:/home/user/.m2/repository/org/glassfish/jersey/media/jersey-media-json-jackson/2.27/jersey-media-json-jackson-2.27.jar:/home/user/.m2/repository/org/glassfish/jersey/ext/jersey-entity-filtering/2.27/jersey-entity-filtering-2.27.jar:/home/user/.m2/repository/com/google/inject/extensions/guice-assistedinject/4.0/guice-assistedinject-4.0.jar:/home/user/.m2/repository/org/jooq/jooq/3.11.10/jooq-3.11.10.jar:/home/user/.m2/repository/org/jooq/jooq-meta/3.11.10/jooq-meta-3.11.10.jar:/home/user/.m2/repository/org/jooq/jooq-codegen/3.11.10/jooq-codegen-3.11.10.jar:/home/user/.m2/repository/com/jolbox/bonecp/0.8.0.RELEASE/bonecp-0.8.0.RELEASE.jar:/home/user/.m2/repository/org/xerial/sqlite-jdbc/3.25.2/sqlite-jdbc-3.25.2.jar:/home/user/.m2/repository/org/springframework/spring-jdbc/5.1.3.RELEASE/spring-jdbc-5.1.3.RELEASE.jar:/home/user/.m2/repository/org/springframework/spring-beans/5.1.3.RELEASE/spring-beans-5.1.3.RELEASE.jar:/home/user/.m2/repository/org/springframework/spring-core/5.1.3.RELEASE/spring-core-5.1.3.RELEASE.jar:/home/user/.m2/repository/org/springframework/spring-jcl/5.1.3.RELEASE/spring-jcl-5.1.3.RELEASE.jar:/home/user/.m2/repository/org/springframework/spring-tx/5.1.3.RELEASE/spring-tx-5.1.3.RELEASE.jar:/home/user/.m2/repository/org/apache/hadoop/hadoop-ozone-client/0.5.0-SNAPSHOT/hadoop-ozone-client-0.5.0-SNAPSHOT.jar:/home/user/.m2/repository/commons-lang/commons-lang/2.6/commons-lang-2.6.jar:/home/user/.m2/repository/org/apache/hadoop/hadoop-ozone-ozone-manager/0.5.0-SNAPSHOT/hadoop-ozone-ozone-manager-0.5.0-SNAPSHOT-tests.jar:/home/user/.m2/repository/junit/junit/4.11/junit-4.11.jar:/home/user/.m2/repository/org/hamcrest/hamcrest-core/1.3/hamcrest-core-1.3.jar:/home/user/.m2/repository/org/openjdk/jmh/jmh-core/1.19/jmh-core-1.19.jar:/home/user/.m2/repository/net/sf/jopt-simple/jopt-simple/4.6/jopt-simple-4.6.jar:/home/user/.m2/repository/org/apache/commons/commons-math3/3.1.1/commons-math3-3.1.1.jar:/home/user/.m2/repository/org/openjdk/jmh/jmh-generator-annprocess/1.19/jmh-generator-annprocess-1.19.jar:/home/user/.m2/repository/org/mockito/mockito-all/1.8.5/mockito-all-1.8.5.jar:/home/user/.m2/repository/org/apache/hadoop/hadoop-kms/3.2.0/hadoop-kms-3.2.0.jar:/home/user/.m2/repository/org/apache/hadoop/hadoop-auth/3.2.0/hadoop-auth-3.2.0.jar:/home/user/.m2/repository/com/nimbusds/nimbus-jose-jwt/4.41.1/nimbus-jose-jwt-4.41.1.jar:/home/user/.m2/repository/com/github/stephenc/jcip/jcip-annotations/1.0-1/jcip-annotations-1.0-1.jar:/home/user/.m2/repository/net/minidev/json-smart/2.3/json-smart-2.3.jar:/home/user/.m2/repository/net/minidev/accessors-smart/1.2/accessors-smart-1.2.jar:/home/user/.m2/repository/org/ow2/asm/asm/5.0.4/asm-5.0.4.jar:/home/user/.m2/repository/org/apache/curator/curator-framework/2.12.0/curator-framework-2.12.0.jar:/home/user/.m2/repository/com/sun/jersey/jersey-core/1.19/jersey-core-1.19.jar:/home/user/.m2/repository/javax/ws/rs/jsr311-api/1.1.1/jsr311-api-1.1.1.jar:/home/user/.m2/repository/com/sun/jersey/jersey-server/1.19/jersey-server-1.19.jar:/home/user/.m2/repository/javax/servlet/javax.servlet-api/3.1.0/javax.servlet-api-3.1.0.jar:/home/user/.m2/repository/org/eclipse/jetty/jetty-server/9.3.24.v20180605/jetty-server-9.3.24.v20180605.jar:/home/user/.m2/repository/org/eclipse/jetty/jetty-http/9.3.24.v20180605/jetty-http-9.3.24.v20180605.jar:/home/user/.m2/repository/org/eclipse/jetty/jetty-io/9.3.24.v20180605/jetty-io-9.3.24.v20180605.jar:/home/user/.m2/repository/org/eclipse/jetty/jetty-webapp/9.3.24.v20180605/jetty-webapp-9.3.24.v20180605.jar:/home/user/.m2/repository/org/eclipse/jetty/jetty-xml/9.3.24.v20180605/jetty-xml-9.3.24.v20180605.jar:/home/user/.m2/repository/log4j/log4j/1.2.17/log4j-1.2.17.jar:/home/user/.m2/repository/org/slf4j/slf4j-api/1.7.25/slf4j-api-1.7.25.jar:/home/user/.m2/repository/org/slf4j/jul-to-slf4j/1.7.25/jul-to-slf4j-1.7.25.jar:/home/user/.m2/repository/org/eclipse/jetty/jetty-util/9.3.24.v20180605/jetty-util-9.3.24.v20180605.jar:/home/user/.m2/repository/com/fasterxml/jackson/core/jackson-databind/2.9.5/jackson-databind-2.9.5.jar:/home/user/.m2/repository/org/apache/hadoop/hadoop-kms/3.2.0/hadoop-kms-3.2.0-tests.jar:/home/user/.m2/repository/org/apache/hadoop/hadoop-hdds-server-scm/0.5.0-SNAPSHOT/hadoop-hdds-server-scm-0.5.0-SNAPSHOT-tests.jar:/home/user/.m2/repository/org/apache/hadoop/hadoop-hdds-container-service/0.5.0-SNAPSHOT/hadoop-hdds-container-service-0.5.0-SNAPSHOT-tests.jar:/home/user/.m2/repository/org/yaml/snakeyaml/1.16/snakeyaml-1.16.jar:/home/user/.m2/repository/org/apache/hadoop/hadoop-common/3.2.0/hadoop-common-3.2.0-tests.jar:/home/user/.m2/repository/org/apache/hadoop/hadoop-annotations/3.2.0/hadoop-annotations-3.2.0.jar:/usr/lib/jvm/java-1.8-openjdk/jre/../lib/tools.jar:/home/user/.m2/repository/commons-cli/commons-cli/1.2/commons-cli-1.2.jar:/home/user/.m2/repository/org/apache/httpcomponents/httpclient/4.5.2/httpclient-4.5.2.jar:/home/user/.m2/repository/org/apache/httpcomponents/httpcore/4.4.4/httpcore-4.4.4.jar:/home/user/.m2/repository/commons-codec/commons-codec/1.11/commons-codec-1.11.jar:/home/user/.m2/repository/commons-net/commons-net/3.6/commons-net-3.6.jar:/home/user/.m2/repository/commons-collections/commons-collections/3.2.2/commons-collections-3.2.2.jar:/home/user/.m2/repository/org/eclipse/jetty/jetty-servlet/9.3.24.v20180605/jetty-servlet-9.3.24.v20180605.jar:/home/user/.m2/repository/org/eclipse/jetty/jetty-security/9.3.24.v20180605/jetty-security-9.3.24.v20180605.jar:/home/user/.m2/repository/javax/servlet/jsp/jsp-api/2.1/jsp-api-2.1.jar:/home/user/.m2/repository/com/sun/jersey/jersey-servlet/1.19/jersey-servlet-1.19.jar:/home/user/.m2/repository/com/sun/jersey/jersey-json/1.19/jersey-json-1.19.jar:/home/user/.m2/repository/org/codehaus/jettison/jettison/1.1/jettison-1.1.jar:/home/user/.m2/repository/org/codehaus/jackson/jackson-core-asl/1.9.13/jackson-core-asl-1.9.13.jar:/home/user/.m2/repository/org/codehaus/jackson/jackson-mapper-asl/1.9.13/jackson-mapper-asl-1.9.13.jar:/home/user/.m2/repository/org/codehaus/jackson/jackson-jaxrs/1.9.13/jackson-jaxrs-1.9.13.jar:/home/user/.m2/repository/org/codehaus/jackson/jackson-xc/1.9.13/jackson-xc-1.9.13.jar:/home/user/.m2/repository/commons-logging/commons-logging/1.1.3/commons-logging-1.1.3.jar:/home/user/.m2/repository/commons-beanutils/commons-beanutils/1.9.3/commons-beanutils-1.9.3.jar:/home/user/.m2/repository/org/apache/commons/commons-configuration2/2.1.1/commons-configuration2-2.1.1.jar:/home/user/.m2/repository/org/apache/commons/commons-lang3/3.7/commons-lang3-3.7.jar:/home/user/.m2/repository/org/apache/commons/commons-text/1.4/commons-text-1.4.jar:/home/user/.m2/repository/org/apache/avro/avro/1.7.7/avro-1.7.7.jar:/home/user/.m2/repository/com/thoughtworks/paranamer/paranamer/2.3/paranamer-2.3.jar:/home/user/.m2/repository/org/xerial/snappy/snappy-java/1.0.5/snappy-java-1.0.5.jar:/home/user/.m2/repository/com/google/re2j/re2j/1.1/re2j-1.1.jar:/home/user/.m2/repository/com/google/code/gson/gson/2.2.4/gson-2.2.4.jar:/home/user/.m2/repository/com/jcraft/jsch/0.1.54/jsch-0.1.54.jar:/home/user/.m2/repository/org/apache/curator/curator-client/2.12.0/curator-client-2.12.0.jar:/home/user/.m2/repository/org/apache/curator/curator-recipes/2.12.0/curator-recipes-2.12.0.jar:/home/user/.m2/repository/com/google/code/findbugs/jsr305/3.0.0/jsr305-3.0.0.jar:/home/user/.m2/repository/org/apache/htrace/htrace-core4/4.1.0-incubating/htrace-core4-4.1.0-incubating.jar:/home/user/.m2/repository/org/apache/zookeeper/zookeeper/3.4.13/zookeeper-3.4.13.jar:/home/user/.m2/repository/org/apache/yetus/audience-annotations/0.5.0/audience-annotations-0.5.0.jar:/home/user/.m2/repository/org/codehaus/woodstox/stax2-api/3.1.4/stax2-api-3.1.4.jar:/home/user/.m2/repository/com/fasterxml/woodstox/woodstox-core/5.0.3/woodstox-core-5.0.3.jar:/home/user/.m2/repository/dnsjava/dnsjava/2.1.7/dnsjava-2.1.7.jar:/home/user/.m2/repository/org/apache/hadoop/hadoop-hdfs/3.2.0/hadoop-hdfs-3.2.0-tests.jar:/home/user/.m2/repository/org/eclipse/jetty/jetty-util-ajax/9.3.24.v20180605/jetty-util-ajax-9.3.24.v20180605.jar:/home/user/.m2/repository/commons-daemon/commons-daemon/1.0.13/commons-daemon-1.0.13.jar:/home/user/.m2/repository/io/netty/netty/3.10.5.Final/netty-3.10.5.Final.jar:/home/user/.m2/repository/io/netty/netty-all/4.0.52.Final/netty-all-4.0.52.Final.jar:/home/user/.m2/repository/org/fusesource/leveldbjni/leveldbjni-all/1.8/leveldbjni-all-1.8.jar:"/>
    <property name="java.vm.vendor" value="IcedTea"/>
    <property name="sun.arch.data.model" value="64"/>
    <property name="test.build.dir" value="/workdir/hadoop-ozone/integration-test/target/test-dir"/>
    <property name="test.cache.data" value=""/>
    <property name="java.vendor.url" value="https://icedtea.classpath.org"/>
    <property name="user.timezone" value=""/>
    <property name="java.vm.specification.version" value="1.8"/>
    <property name="os.name" value="Linux"/>
    <property name="test.build.data" value="/workdir/hadoop-ozone/integration-test/target/test-dir"/>
    <property name="user.country" value="US"/>
    <property name="sun.java.launcher" value="SUN_STANDARD"/>
    <property name="sun.boot.library.path" value="/usr/lib/jvm/java-1.8-openjdk/jre/lib/amd64"/>
    <property name="sun.java.command" value="/workdir/hadoop-ozone/integration-test/target/surefire/surefirebooter6934032612921713964.jar /workdir/hadoop-ozone/integration-test/target/surefire 2019-08-21T08-09-49_598-jvmRun1 surefire2296380723000895164tmp surefire_257580733589506283816tmp"/>
    <property name="test" value="!TestMiniChaosOzoneCluster"/>
    <property name="surefire.test.class.path" value="/workdir/hadoop-ozone/integration-test/target/test-classes:/workdir/hadoop-ozone/integration-test/target/classes:/home/user/.m2/repository/org/apache/hadoop/hadoop-ozone-common/0.5.0-SNAPSHOT/hadoop-ozone-common-0.5.0-SNAPSHOT.jar:/home/user/.m2/repository/org/apache/commons/commons-compress/1.4.1/commons-compress-1.4.1.jar:/home/user/.m2/repository/org/tukaani/xz/1.0/xz-1.0.jar:/home/user/.m2/repository/org/apache/hadoop/hadoop-common/3.2.0/hadoop-common-3.2.0.jar:/home/user/.m2/repository/org/apache/hadoop/hadoop-hdfs/3.2.0/hadoop-hdfs-3.2.0.jar:/home/user/.m2/repository/org/apache/hadoop/hadoop-hdfs-client/3.2.0/hadoop-hdfs-client-3.2.0.jar:/home/user/.m2/repository/com/fasterxml/jackson/core/jackson-annotations/2.9.5/jackson-annotations-2.9.5.jar:/home/user/.m2/repository/org/apache/hadoop/hadoop-hdds-common/0.5.0-SNAPSHOT/hadoop-hdds-common-0.5.0-SNAPSHOT.jar:/home/user/.m2/repository/javax/annotation/javax.annotation-api/1.2/javax.annotation-api-1.2.jar:/home/user/.m2/repository/org/apache/ratis/ratis-server/0.4.0-2337318-SNAPSHOT/ratis-server-0.4.0-2337318-SNAPSHOT.jar:/home/user/.m2/repository/org/apache/ratis/ratis-thirdparty-misc/0.2.0/ratis-thirdparty-misc-0.2.0.jar:/home/user/.m2/repository/org/apache/ratis/ratis-proto/0.4.0-2337318-SNAPSHOT/ratis-proto-0.4.0-2337318-SNAPSHOT.jar:/home/user/.m2/repository/org/apache/ratis/ratis-common/0.4.0-2337318-SNAPSHOT/ratis-common-0.4.0-2337318-SNAPSHOT.jar:/home/user/.m2/repository/org/apache/ratis/ratis-client/0.4.0-2337318-SNAPSHOT/ratis-client-0.4.0-2337318-SNAPSHOT.jar:/home/user/.m2/repository/org/apache/ratis/ratis-metrics/0.4.0-2337318-SNAPSHOT/ratis-metrics-0.4.0-2337318-SNAPSHOT.jar:/home/user/.m2/repository/org/apache/ratis/ratis-netty/0.4.0-2337318-SNAPSHOT/ratis-netty-0.4.0-2337318-SNAPSHOT.jar:/home/user/.m2/repository/org/apache/ratis/ratis-grpc/0.4.0-2337318-SNAPSHOT/ratis-grpc-0.4.0-2337318-SNAPSHOT.jar:/home/user/.m2/repository/org/rocksdb/rocksdbjni/6.0.1/rocksdbjni-6.0.1.jar:/home/user/.m2/repository/org/apache/logging/log4j/log4j-api/2.11.0/log4j-api-2.11.0.jar:/home/user/.m2/repository/org/apache/logging/log4j/log4j-core/2.11.0/log4j-core-2.11.0.jar:/home/user/.m2/repository/com/lmax/disruptor/3.4.2/disruptor-3.4.2.jar:/home/user/.m2/repository/org/apache/commons/commons-pool2/2.6.0/commons-pool2-2.6.0.jar:/home/user/.m2/repository/org/bouncycastle/bcpkix-jdk15on/1.60/bcpkix-jdk15on-1.60.jar:/home/user/.m2/repository/commons-validator/commons-validator/1.6/commons-validator-1.6.jar:/home/user/.m2/repository/commons-digester/commons-digester/1.8.1/commons-digester-1.8.1.jar:/home/user/.m2/repository/io/jaegertracing/jaeger-client/0.33.1/jaeger-client-0.33.1.jar:/home/user/.m2/repository/io/jaegertracing/jaeger-thrift/0.33.1/jaeger-thrift-0.33.1.jar:/home/user/.m2/repository/org/apache/thrift/libthrift/0.11.0/libthrift-0.11.0.jar:/home/user/.m2/repository/com/squareup/okhttp3/okhttp/3.9.0/okhttp-3.9.0.jar:/home/user/.m2/repository/com/squareup/okio/okio/1.13.0/okio-1.13.0.jar:/home/user/.m2/repository/io/jaegertracing/jaeger-core/0.33.1/jaeger-core-0.33.1.jar:/home/user/.m2/repository/io/jaegertracing/jaeger-tracerresolver/0.33.1/jaeger-tracerresolver-0.33.1.jar:/home/user/.m2/repository/io/opentracing/contrib/opentracing-tracerresolver/0.1.5/opentracing-tracerresolver-0.1.5.jar:/home/user/.m2/repository/io/opentracing/opentracing-util/0.31.0/opentracing-util-0.31.0.jar:/home/user/.m2/repository/io/opentracing/opentracing-api/0.31.0/opentracing-api-0.31.0.jar:/home/user/.m2/repository/io/opentracing/opentracing-noop/0.31.0/opentracing-noop-0.31.0.jar:/home/user/.m2/repository/org/apache/hadoop/hadoop-hdds-server-framework/0.5.0-SNAPSHOT/hadoop-hdds-server-framework-0.5.0-SNAPSHOT.jar:/home/user/.m2/repository/org/apache/hadoop/hadoop-hdds-container-service/0.5.0-SNAPSHOT/hadoop-hdds-container-service-0.5.0-SNAPSHOT.jar:/home/user/.m2/repository/org/apache/hadoop/hadoop-hdds-client/0.5.0-SNAPSHOT/hadoop-hdds-client-0.5.0-SNAPSHOT.jar:/home/user/.m2/repository/org/apache/hadoop/hadoop-hdds-tools/0.5.0-SNAPSHOT/hadoop-hdds-tools-0.5.0-SNAPSHOT.jar:/home/user/.m2/repository/org/apache/hadoop/hadoop-hdds-server-scm/0.5.0-SNAPSHOT/hadoop-hdds-server-scm-0.5.0-SNAPSHOT.jar:/home/user/.m2/repository/org/apache/hadoop/hadoop-hdds-docs/0.5.0-SNAPSHOT/hadoop-hdds-docs-0.5.0-SNAPSHOT.jar:/home/user/.m2/repository/io/dropwizard/metrics/metrics-core/3.2.4/metrics-core-3.2.4.jar:/home/user/.m2/repository/org/hamcrest/hamcrest-all/1.3/hamcrest-all-1.3.jar:/home/user/.m2/repository/org/bouncycastle/bcprov-jdk15on/1.60/bcprov-jdk15on-1.60.jar:/home/user/.m2/repository/info/picocli/picocli/3.9.6/picocli-3.9.6.jar:/home/user/.m2/repository/com/google/protobuf/protobuf-java/2.5.0/protobuf-java-2.5.0.jar:/home/user/.m2/repository/com/google/guava/guava/11.0.2/guava-11.0.2.jar:/home/user/.m2/repository/org/apache/hadoop/hadoop-ozone-ozone-manager/0.5.0-SNAPSHOT/hadoop-ozone-ozone-manager-0.5.0-SNAPSHOT.jar:/home/user/.m2/repository/org/apache/hadoop/hadoop-minikdc/3.2.0/hadoop-minikdc-3.2.0.jar:/home/user/.m2/repository/commons-io/commons-io/2.5/commons-io-2.5.jar:/home/user/.m2/repository/org/apache/kerby/kerb-simplekdc/1.0.1/kerb-simplekdc-1.0.1.jar:/home/user/.m2/repository/org/apache/kerby/kerb-client/1.0.1/kerb-client-1.0.1.jar:/home/user/.m2/repository/org/apache/kerby/kerby-config/1.0.1/kerby-config-1.0.1.jar:/home/user/.m2/repository/org/apache/kerby/kerb-core/1.0.1/kerb-core-1.0.1.jar:/home/user/.m2/repository/org/apache/kerby/kerby-pkix/1.0.1/kerby-pkix-1.0.1.jar:/home/user/.m2/repository/org/apache/kerby/kerby-asn1/1.0.1/kerby-asn1-1.0.1.jar:/home/user/.m2/repository/org/apache/kerby/kerby-util/1.0.1/kerby-util-1.0.1.jar:/home/user/.m2/repository/org/apache/kerby/kerb-common/1.0.1/kerb-common-1.0.1.jar:/home/user/.m2/repository/org/apache/kerby/kerb-crypto/1.0.1/kerb-crypto-1.0.1.jar:/home/user/.m2/repository/org/apache/kerby/kerb-util/1.0.1/kerb-util-1.0.1.jar:/home/user/.m2/repository/org/apache/kerby/token-provider/1.0.1/token-provider-1.0.1.jar:/home/user/.m2/repository/org/apache/kerby/kerb-admin/1.0.1/kerb-admin-1.0.1.jar:/home/user/.m2/repository/org/apache/kerby/kerb-server/1.0.1/kerb-server-1.0.1.jar:/home/user/.m2/repository/org/apache/kerby/kerb-identity/1.0.1/kerb-identity-1.0.1.jar:/home/user/.m2/repository/org/apache/kerby/kerby-xdr/1.0.1/kerby-xdr-1.0.1.jar:/home/user/.m2/repository/org/slf4j/slf4j-log4j12/1.7.25/slf4j-log4j12-1.7.25.jar:/home/user/.m2/repository/org/apache/hadoop/hadoop-ozone-objectstore-service/0.5.0-SNAPSHOT/hadoop-ozone-objectstore-service-0.5.0-SNAPSHOT.jar:/home/user/.m2/repository/org/apache/hadoop/hadoop-ozone-s3gateway/0.5.0-SNAPSHOT/hadoop-ozone-s3gateway-0.5.0-SNAPSHOT.jar:/home/user/.m2/repository/org/jboss/weld/servlet/weld-servlet/2.4.7.Final/weld-servlet-2.4.7.Final.jar:/home/user/.m2/repository/org/glassfish/jersey/containers/jersey-container-servlet-core/2.27/jersey-container-servlet-core-2.27.jar:/home/user/.m2/repository/org/glassfish/hk2/external/javax.inject/2.5.0-b42/javax.inject-2.5.0-b42.jar:/home/user/.m2/repository/org/glassfish/jersey/core/jersey-common/2.27/jersey-common-2.27.jar:/home/user/.m2/repository/org/glassfish/hk2/osgi-resource-locator/1.0.1/osgi-resource-locator-1.0.1.jar:/home/user/.m2/repository/javax/ws/rs/javax.ws.rs-api/2.1/javax.ws.rs-api-2.1.jar:/home/user/.m2/repository/org/glassfish/jersey/ext/cdi/jersey-cdi1x/2.27/jersey-cdi1x-2.27.jar:/home/user/.m2/repository/org/glassfish/jersey/inject/jersey-hk2/2.27/jersey-hk2-2.27.jar:/home/user/.m2/repository/org/glassfish/hk2/hk2-locator/2.5.0-b42/hk2-locator-2.5.0-b42.jar:/home/user/.m2/repository/org/javassist/javassist/3.22.0-CR2/javassist-3.22.0-CR2.jar:/home/user/.m2/repository/org/glassfish/hk2/hk2-api/2.5.0/hk2-api-2.5.0.jar:/home/user/.m2/repository/org/glassfish/hk2/external/jakarta.inject/2.5.0/jakarta.inject-2.5.0.jar:/home/user/.m2/repository/org/glassfish/hk2/hk2-utils/2.5.0/hk2-utils-2.5.0.jar:/home/user/.m2/repository/jakarta/annotation/jakarta.annotation-api/1.3.4/jakarta.annotation-api-1.3.4.jar:/home/user/.m2/repository/org/glassfish/hk2/external/aopalliance-repackaged/2.5.0/aopalliance-repackaged-2.5.0.jar:/home/user/.m2/repository/com/fasterxml/jackson/dataformat/jackson-dataformat-xml/2.9.0/jackson-dataformat-xml-2.9.0.jar:/home/user/.m2/repository/com/fasterxml/jackson/core/jackson-core/2.9.5/jackson-core-2.9.5.jar:/home/user/.m2/repository/com/fasterxml/jackson/module/jackson-module-jaxb-annotations/2.9.5/jackson-module-jaxb-annotations-2.9.5.jar:/home/user/.m2/repository/javax/enterprise/cdi-api/1.2/cdi-api-1.2.jar:/home/user/.m2/repository/javax/el/javax.el-api/3.0.0/javax.el-api-3.0.0.jar:/home/user/.m2/repository/javax/interceptor/javax.interceptor-api/1.2/javax.interceptor-api-1.2.jar:/home/user/.m2/repository/javax/inject/javax.inject/1/javax.inject-1.jar:/home/user/.m2/repository/com/sun/xml/bind/jaxb-impl/2.3.0.1/jaxb-impl-2.3.0.1.jar:/home/user/.m2/repository/com/sun/xml/bind/jaxb-core/2.3.0.1/jaxb-core-2.3.0.1.jar:/home/user/.m2/repository/javax/xml/bind/jaxb-api/2.3.0/jaxb-api-2.3.0.jar:/home/user/.m2/repository/javax/activation/activation/1.1.1/activation-1.1.1.jar:/home/user/.m2/repository/org/apache/hadoop/hadoop-ozone-csi/0.5.0-SNAPSHOT/hadoop-ozone-csi-0.5.0-SNAPSHOT.jar:/home/user/.m2/repository/com/google/protobuf/protobuf-java-util/3.5.1/protobuf-java-util-3.5.1.jar:/home/user/.m2/repository/org/apache/hadoop/hadoop-hdds-config/0.5.0-SNAPSHOT/hadoop-hdds-config-0.5.0-SNAPSHOT.jar:/home/user/.m2/repository/io/grpc/grpc-netty/1.17.1/grpc-netty-1.17.1.jar:/home/user/.m2/repository/io/grpc/grpc-core/1.17.1/grpc-core-1.17.1.jar:/home/user/.m2/repository/io/grpc/grpc-context/1.17.1/grpc-context-1.17.1.jar:/home/user/.m2/repository/com/google/errorprone/error_prone_annotations/2.2.0/error_prone_annotations-2.2.0.jar:/home/user/.m2/repository/org/codehaus/mojo/animal-sniffer-annotations/1.17/animal-sniffer-annotations-1.17.jar:/home/user/.m2/repository/io/opencensus/opencensus-api/0.17.0/opencensus-api-0.17.0.jar:/home/user/.m2/repository/io/opencensus/opencensus-contrib-grpc-metrics/0.17.0/opencensus-contrib-grpc-metrics-0.17.0.jar:/home/user/.m2/repository/io/netty/netty-codec-http2/4.1.30.Final/netty-codec-http2-4.1.30.Final.jar:/home/user/.m2/repository/io/netty/netty-codec-http/4.1.30.Final/netty-codec-http-4.1.30.Final.jar:/home/user/.m2/repository/io/netty/netty-codec/4.1.30.Final/netty-codec-4.1.30.Final.jar:/home/user/.m2/repository/io/netty/netty-handler/4.1.30.Final/netty-handler-4.1.30.Final.jar:/home/user/.m2/repository/io/netty/netty-handler-proxy/4.1.30.Final/netty-handler-proxy-4.1.30.Final.jar:/home/user/.m2/repository/io/netty/netty-codec-socks/4.1.30.Final/netty-codec-socks-4.1.30.Final.jar:/home/user/.m2/repository/io/netty/netty-transport-native-epoll/4.1.30.Final/netty-transport-native-epoll-4.1.30.Final.jar:/home/user/.m2/repository/io/netty/netty-common/4.1.30.Final/netty-common-4.1.30.Final.jar:/home/user/.m2/repository/io/netty/netty-buffer/4.1.30.Final/netty-buffer-4.1.30.Final.jar:/home/user/.m2/repository/io/netty/netty-transport/4.1.30.Final/netty-transport-4.1.30.Final.jar:/home/user/.m2/repository/io/netty/netty-resolver/4.1.30.Final/netty-resolver-4.1.30.Final.jar:/home/user/.m2/repository/io/netty/netty-transport-native-unix-common/4.1.30.Final/netty-transport-native-unix-common-4.1.30.Final.jar:/home/user/.m2/repository/io/grpc/grpc-protobuf/1.17.1/grpc-protobuf-1.17.1.jar:/home/user/.m2/repository/com/google/api/grpc/proto-google-common-protos/1.0.0/proto-google-common-protos-1.0.0.jar:/home/user/.m2/repository/io/grpc/grpc-protobuf-lite/1.17.1/grpc-protobuf-lite-1.17.1.jar:/home/user/.m2/repository/io/grpc/grpc-stub/1.17.1/grpc-stub-1.17.1.jar:/home/user/.m2/repository/org/apache/hadoop/hadoop-ozone-recon/0.5.0-SNAPSHOT/hadoop-ozone-recon-0.5.0-SNAPSHOT.jar:/home/user/.m2/repository/org/apache/hadoop/hadoop-ozone-reconcodegen/0.5.0-SNAPSHOT/hadoop-ozone-reconcodegen-0.5.0-SNAPSHOT.jar:/home/user/.m2/repository/com/google/inject/extensions/guice-multibindings/4.0/guice-multibindings-4.0.jar:/home/user/.m2/repository/com/google/inject/guice/4.0/guice-4.0.jar:/home/user/.m2/repository/aopalliance/aopalliance/1.0/aopalliance-1.0.jar:/home/user/.m2/repository/com/google/inject/extensions/guice-servlet/4.0/guice-servlet-4.0.jar:/home/user/.m2/repository/org/glassfish/jersey/containers/jersey-container-servlet/2.27/jersey-container-servlet-2.27.jar:/home/user/.m2/repository/org/glassfish/hk2/guice-bridge/2.5.0/guice-bridge-2.5.0.jar:/home/user/.m2/repository/org/glassfish/jersey/core/jersey-server/2.27/jersey-server-2.27.jar:/home/user/.m2/repository/org/glassfish/jersey/core/jersey-client/2.27/jersey-client-2.27.jar:/home/user/.m2/repository/org/glassfish/jersey/media/jersey-media-jaxb/2.27/jersey-media-jaxb-2.27.jar:/home/user/.m2/repository/javax/validation/validation-api/1.1.0.Final/validation-api-1.1.0.Final.jar:/home/user/.m2/repository/org/glassfish/jersey/media/jersey-media-json-jackson/2.27/jersey-media-json-jackson-2.27.jar:/home/user/.m2/repository/org/glassfish/jersey/ext/jersey-entity-filtering/2.27/jersey-entity-filtering-2.27.jar:/home/user/.m2/repository/com/google/inject/extensions/guice-assistedinject/4.0/guice-assistedinject-4.0.jar:/home/user/.m2/repository/org/jooq/jooq/3.11.10/jooq-3.11.10.jar:/home/user/.m2/repository/org/jooq/jooq-meta/3.11.10/jooq-meta-3.11.10.jar:/home/user/.m2/repository/org/jooq/jooq-codegen/3.11.10/jooq-codegen-3.11.10.jar:/home/user/.m2/repository/com/jolbox/bonecp/0.8.0.RELEASE/bonecp-0.8.0.RELEASE.jar:/home/user/.m2/repository/org/xerial/sqlite-jdbc/3.25.2/sqlite-jdbc-3.25.2.jar:/home/user/.m2/repository/org/springframework/spring-jdbc/5.1.3.RELEASE/spring-jdbc-5.1.3.RELEASE.jar:/home/user/.m2/repository/org/springframework/spring-beans/5.1.3.RELEASE/spring-beans-5.1.3.RELEASE.jar:/home/user/.m2/repository/org/springframework/spring-core/5.1.3.RELEASE/spring-core-5.1.3.RELEASE.jar:/home/user/.m2/repository/org/springframework/spring-jcl/5.1.3.RELEASE/spring-jcl-5.1.3.RELEASE.jar:/home/user/.m2/repository/org/springframework/spring-tx/5.1.3.RELEASE/spring-tx-5.1.3.RELEASE.jar:/home/user/.m2/repository/org/apache/hadoop/hadoop-ozone-client/0.5.0-SNAPSHOT/hadoop-ozone-client-0.5.0-SNAPSHOT.jar:/home/user/.m2/repository/commons-lang/commons-lang/2.6/commons-lang-2.6.jar:/home/user/.m2/repository/org/apache/hadoop/hadoop-ozone-ozone-manager/0.5.0-SNAPSHOT/hadoop-ozone-ozone-manager-0.5.0-SNAPSHOT-tests.jar:/home/user/.m2/repository/junit/junit/4.11/junit-4.11.jar:/home/user/.m2/repository/org/hamcrest/hamcrest-core/1.3/hamcrest-core-1.3.jar:/home/user/.m2/repository/org/openjdk/jmh/jmh-core/1.19/jmh-core-1.19.jar:/home/user/.m2/repository/net/sf/jopt-simple/jopt-simple/4.6/jopt-simple-4.6.jar:/home/user/.m2/repository/org/apache/commons/commons-math3/3.1.1/commons-math3-3.1.1.jar:/home/user/.m2/repository/org/openjdk/jmh/jmh-generator-annprocess/1.19/jmh-generator-annprocess-1.19.jar:/home/user/.m2/repository/org/mockito/mockito-all/1.8.5/mockito-all-1.8.5.jar:/home/user/.m2/repository/org/apache/hadoop/hadoop-kms/3.2.0/hadoop-kms-3.2.0.jar:/home/user/.m2/repository/org/apache/hadoop/hadoop-auth/3.2.0/hadoop-auth-3.2.0.jar:/home/user/.m2/repository/com/nimbusds/nimbus-jose-jwt/4.41.1/nimbus-jose-jwt-4.41.1.jar:/home/user/.m2/repository/com/github/stephenc/jcip/jcip-annotations/1.0-1/jcip-annotations-1.0-1.jar:/home/user/.m2/repository/net/minidev/json-smart/2.3/json-smart-2.3.jar:/home/user/.m2/repository/net/minidev/accessors-smart/1.2/accessors-smart-1.2.jar:/home/user/.m2/repository/org/ow2/asm/asm/5.0.4/asm-5.0.4.jar:/home/user/.m2/repository/org/apache/curator/curator-framework/2.12.0/curator-framework-2.12.0.jar:/home/user/.m2/repository/com/sun/jersey/jersey-core/1.19/jersey-core-1.19.jar:/home/user/.m2/repository/javax/ws/rs/jsr311-api/1.1.1/jsr311-api-1.1.1.jar:/home/user/.m2/repository/com/sun/jersey/jersey-server/1.19/jersey-server-1.19.jar:/home/user/.m2/repository/javax/servlet/javax.servlet-api/3.1.0/javax.servlet-api-3.1.0.jar:/home/user/.m2/repository/org/eclipse/jetty/jetty-server/9.3.24.v20180605/jetty-server-9.3.24.v20180605.jar:/home/user/.m2/repository/org/eclipse/jetty/jetty-http/9.3.24.v20180605/jetty-http-9.3.24.v20180605.jar:/home/user/.m2/repository/org/eclipse/jetty/jetty-io/9.3.24.v20180605/jetty-io-9.3.24.v20180605.jar:/home/user/.m2/repository/org/eclipse/jetty/jetty-webapp/9.3.24.v20180605/jetty-webapp-9.3.24.v20180605.jar:/home/user/.m2/repository/org/eclipse/jetty/jetty-xml/9.3.24.v20180605/jetty-xml-9.3.24.v20180605.jar:/home/user/.m2/repository/log4j/log4j/1.2.17/log4j-1.2.17.jar:/home/user/.m2/repository/org/slf4j/slf4j-api/1.7.25/slf4j-api-1.7.25.jar:/home/user/.m2/repository/org/slf4j/jul-to-slf4j/1.7.25/jul-to-slf4j-1.7.25.jar:/home/user/.m2/repository/org/eclipse/jetty/jetty-util/9.3.24.v20180605/jetty-util-9.3.24.v20180605.jar:/home/user/.m2/repository/com/fasterxml/jackson/core/jackson-databind/2.9.5/jackson-databind-2.9.5.jar:/home/user/.m2/repository/org/apache/hadoop/hadoop-kms/3.2.0/hadoop-kms-3.2.0-tests.jar:/home/user/.m2/repository/org/apache/hadoop/hadoop-hdds-server-scm/0.5.0-SNAPSHOT/hadoop-hdds-server-scm-0.5.0-SNAPSHOT-tests.jar:/home/user/.m2/repository/org/apache/hadoop/hadoop-hdds-container-service/0.5.0-SNAPSHOT/hadoop-hdds-container-service-0.5.0-SNAPSHOT-tests.jar:/home/user/.m2/repository/org/yaml/snakeyaml/1.16/snakeyaml-1.16.jar:/home/user/.m2/repository/org/apache/hadoop/hadoop-common/3.2.0/hadoop-common-3.2.0-tests.jar:/home/user/.m2/repository/org/apache/hadoop/hadoop-annotations/3.2.0/hadoop-annotations-3.2.0.jar:/usr/lib/jvm/java-1.8-openjdk/jre/../lib/tools.jar:/home/user/.m2/repository/commons-cli/commons-cli/1.2/commons-cli-1.2.jar:/home/user/.m2/repository/org/apache/httpcomponents/httpclient/4.5.2/httpclient-4.5.2.jar:/home/user/.m2/repository/org/apache/httpcomponents/httpcore/4.4.4/httpcore-4.4.4.jar:/home/user/.m2/repository/commons-codec/commons-codec/1.11/commons-codec-1.11.jar:/home/user/.m2/repository/commons-net/commons-net/3.6/commons-net-3.6.jar:/home/user/.m2/repository/commons-collections/commons-collections/3.2.2/commons-collections-3.2.2.jar:/home/user/.m2/repository/org/eclipse/jetty/jetty-servlet/9.3.24.v20180605/jetty-servlet-9.3.24.v20180605.jar:/home/user/.m2/repository/org/eclipse/jetty/jetty-security/9.3.24.v20180605/jetty-security-9.3.24.v20180605.jar:/home/user/.m2/repository/javax/servlet/jsp/jsp-api/2.1/jsp-api-2.1.jar:/home/user/.m2/repository/com/sun/jersey/jersey-servlet/1.19/jersey-servlet-1.19.jar:/home/user/.m2/repository/com/sun/jersey/jersey-json/1.19/jersey-json-1.19.jar:/home/user/.m2/repository/org/codehaus/jettison/jettison/1.1/jettison-1.1.jar:/home/user/.m2/repository/org/codehaus/jackson/jackson-core-asl/1.9.13/jackson-core-asl-1.9.13.jar:/home/user/.m2/repository/org/codehaus/jackson/jackson-mapper-asl/1.9.13/jackson-mapper-asl-1.9.13.jar:/home/user/.m2/repository/org/codehaus/jackson/jackson-jaxrs/1.9.13/jackson-jaxrs-1.9.13.jar:/home/user/.m2/repository/org/codehaus/jackson/jackson-xc/1.9.13/jackson-xc-1.9.13.jar:/home/user/.m2/repository/commons-logging/commons-logging/1.1.3/commons-logging-1.1.3.jar:/home/user/.m2/repository/commons-beanutils/commons-beanutils/1.9.3/commons-beanutils-1.9.3.jar:/home/user/.m2/repository/org/apache/commons/commons-configuration2/2.1.1/commons-configuration2-2.1.1.jar:/home/user/.m2/repository/org/apache/commons/commons-lang3/3.7/commons-lang3-3.7.jar:/home/user/.m2/repository/org/apache/commons/commons-text/1.4/commons-text-1.4.jar:/home/user/.m2/repository/org/apache/avro/avro/1.7.7/avro-1.7.7.jar:/home/user/.m2/repository/com/thoughtworks/paranamer/paranamer/2.3/paranamer-2.3.jar:/home/user/.m2/repository/org/xerial/snappy/snappy-java/1.0.5/snappy-java-1.0.5.jar:/home/user/.m2/repository/com/google/re2j/re2j/1.1/re2j-1.1.jar:/home/user/.m2/repository/com/google/code/gson/gson/2.2.4/gson-2.2.4.jar:/home/user/.m2/repository/com/jcraft/jsch/0.1.54/jsch-0.1.54.jar:/home/user/.m2/repository/org/apache/curator/curator-client/2.12.0/curator-client-2.12.0.jar:/home/user/.m2/repository/org/apache/curator/curator-recipes/2.12.0/curator-recipes-2.12.0.jar:/home/user/.m2/repository/com/google/code/findbugs/jsr305/3.0.0/jsr305-3.0.0.jar:/home/user/.m2/repository/org/apache/htrace/htrace-core4/4.1.0-incubating/htrace-core4-4.1.0-incubating.jar:/home/user/.m2/repository/org/apache/zookeeper/zookeeper/3.4.13/zookeeper-3.4.13.jar:/home/user/.m2/repository/org/apache/yetus/audience-annotations/0.5.0/audience-annotations-0.5.0.jar:/home/user/.m2/repository/org/codehaus/woodstox/stax2-api/3.1.4/stax2-api-3.1.4.jar:/home/user/.m2/repository/com/fasterxml/woodstox/woodstox-core/5.0.3/woodstox-core-5.0.3.jar:/home/user/.m2/repository/dnsjava/dnsjava/2.1.7/dnsjava-2.1.7.jar:/home/user/.m2/repository/org/apache/hadoop/hadoop-hdfs/3.2.0/hadoop-hdfs-3.2.0-tests.jar:/home/user/.m2/repository/org/eclipse/jetty/jetty-util-ajax/9.3.24.v20180605/jetty-util-ajax-9.3.24.v20180605.jar:/home/user/.m2/repository/commons-daemon/commons-daemon/1.0.13/commons-daemon-1.0.13.jar:/home/user/.m2/repository/io/netty/netty/3.10.5.Final/netty-3.10.5.Final.jar:/home/user/.m2/repository/io/netty/netty-all/4.0.52.Final/netty-all-4.0.52.Final.jar:/home/user/.m2/repository/org/fusesource/leveldbjni/leveldbjni-all/1.8/leveldbjni-all-1.8.jar:"/>
    <property name="sun.cpu.endian" value="little"/>
    <property name="user.home" value="/home/user"/>
    <property name="user.language" value="en"/>
    <property name="java.specification.vendor" value="Oracle Corporation"/>
    <property name="java.home" value="/usr/lib/jvm/java-1.8-openjdk/jre"/>
    <property name="java.security.krb5.conf" value="/workdir/hadoop-ozone/integration-test/target/test-classes/krb5.conf"/>
    <property name="basedir" value="/workdir/hadoop-ozone/integration-test"/>
    <property name="file.separator" value="/"/>
    <property name="line.separator" value="&#10;"/>
    <property name="java.vm.specification.vendor" value="Oracle Corporation"/>
    <property name="java.specification.name" value="Java Platform API Specification"/>
    <property name="java.awt.graphicsenv" value="sun.awt.X11GraphicsEnvironment"/>
    <property name="surefire.real.class.path" value="/workdir/hadoop-ozone/integration-test/target/surefire/surefirebooter6934032612921713964.jar"/>
    <property name="hadoop.log.dir" value="/workdir/hadoop-ozone/integration-test/target/log"/>
    <property name="sun.boot.class.path" value="/usr/lib/jvm/java-1.8-openjdk/jre/lib/resources.jar:/usr/lib/jvm/java-1.8-openjdk/jre/lib/rt.jar:/usr/lib/jvm/java-1.8-openjdk/jre/lib/sunrsasign.jar:/usr/lib/jvm/java-1.8-openjdk/jre/lib/jsse.jar:/usr/lib/jvm/java-1.8-openjdk/jre/lib/jce.jar:/usr/lib/jvm/java-1.8-openjdk/jre/lib/charsets.jar:/usr/lib/jvm/java-1.8-openjdk/jre/lib/jfr.jar:/usr/lib/jvm/java-1.8-openjdk/jre/classes"/>
    <property name="sun.management.compiler" value="HotSpot 64-Bit Tiered Compilers"/>
    <property name="java.runtime.version" value="1.8.0_212-b04"/>
    <property name="java.net.preferIPv4Stack" value="true"/>
    <property name="user.name" value="jenkins1000"/>
    <property name="path.separator" value=":"/>
    <property name="java.security.egd" value="file:///dev/urandom"/>
    <property name="os.version" value="3.10.0-957.12.2.el7.x86_64"/>
    <property name="java.endorsed.dirs" value="/usr/lib/jvm/java-1.8-openjdk/jre/lib/endorsed"/>
    <property name="java.runtime.name" value="OpenJDK Runtime Environment"/>
    <property name="file.encoding" value="UTF-8"/>
    <property name="java.vm.name" value="OpenJDK 64-Bit Server VM"/>
    <property name="test.build.webapps" value=""/>
    <property name="localRepository" value="/home/user/.m2/repository"/>
    <property name="java.vendor.url.bug" value="https://icedtea.classpath.org/bugzilla"/>
    <property name="java.io.tmpdir" value="/tmp"/>
    <property name="require.test.libhadoop" value=""/>
    <property name="java.version" value="1.8.0_212"/>
    <property name="user.dir" value="/workdir/hadoop-ozone/integration-test"/>
    <property name="os.arch" value="amd64"/>
    <property name="java.vm.specification.name" value="Java Virtual Machine Specification"/>
    <property name="test.build.classes" value="/workdir/hadoop-ozone/integration-test/target/test-classes"/>
    <property name="java.awt.printerjob" value="sun.print.PSPrinterJob"/>
    <property name="sun.os.patch.level" value="unknown"/>
    <property name="hadoop.tmp.dir" value="/workdir/hadoop-ozone/integration-test/target/tmp"/>
    <property name="java.library.path" value="/usr/lib/jvm/java-1.8-openjdk/jre/lib/amd64/server:/usr/lib/jvm/java-1.8-openjdk/jre/lib/amd64:/usr/lib/jvm/java-1.8-openjdk/jre/../lib/amd64:/workdir/hadoop-ozone/integration-test/target/native/target/usr/local/lib:/workdir/hadoop-ozone/integration-test/../../hadoop-common-project/hadoop-common/target/native/target/usr/local/lib:/usr/java/packages/lib/amd64:/usr/lib64:/lib64:/lib:/usr/lib"/>
    <property name="java.vm.info" value="mixed mode"/>
    <property name="java.vendor" value="IcedTea"/>
    <property name="java.vm.version" value="25.212-b04"/>
    <property name="java.ext.dirs" value="/usr/lib/jvm/java-1.8-openjdk/jre/lib/ext:/usr/java/packages/lib/ext"/>
    <property name="sun.io.unicode.encoding" value="UnicodeLittle"/>
    <property name="java.class.version" value="52.0"/>
  </properties>
  <testcase name="testReleaseBuffers" classname="org.apache.hadoop.ozone.client.rpc.TestCommitWatcher" time="11.584"/>
  <testcase name="testReleaseBuffersOnException" classname="org.apache.hadoop.ozone.client.rpc.TestCommitWatcher" time="10.704">
    <failure type="java.lang.AssertionError">java.lang.AssertionError
	at org.junit.Assert.fail(Assert.java:86)
	at org.junit.Assert.assertTrue(Assert.java:41)
	at org.junit.Assert.assertTrue(Assert.java:52)
	at org.apache.hadoop.ozone.client.rpc.TestCommitWatcher.testReleaseBuffersOnException(TestCommitWatcher.java:284)
	at sun.reflect.NativeMethodAccessorImpl.invoke0(Native Method)
	at sun.reflect.NativeMethodAccessorImpl.invoke(NativeMethodAccessorImpl.java:62)
	at sun.reflect.DelegatingMethodAccessorImpl.invoke(DelegatingMethodAccessorImpl.java:43)
	at java.lang.reflect.Method.invoke(Method.java:498)
	at org.junit.runners.model.FrameworkMethod$1.runReflectiveCall(FrameworkMethod.java:47)
	at org.junit.internal.runners.model.ReflectiveCallable.run(ReflectiveCallable.java:12)
	at org.junit.runners.model.FrameworkMethod.invokeExplosively(FrameworkMethod.java:44)
	at org.junit.internal.runners.statements.InvokeMethod.evaluate(InvokeMethod.java:17)
	at org.junit.runners.ParentRunner.runLeaf(ParentRunner.java:271)
	at org.junit.runners.BlockJUnit4ClassRunner.runChild(BlockJUnit4ClassRunner.java:70)
	at org.junit.runners.BlockJUnit4ClassRunner.runChild(BlockJUnit4ClassRunner.java:50)
	at org.junit.runners.ParentRunner$3.run(ParentRunner.java:238)
	at org.junit.runners.ParentRunner$1.schedule(ParentRunner.java:63)
	at org.junit.runners.ParentRunner.runChildren(ParentRunner.java:236)
	at org.junit.runners.ParentRunner.access$000(ParentRunner.java:53)
	at org.junit.runners.ParentRunner$2.evaluate(ParentRunner.java:229)
	at org.junit.internal.runners.statements.RunBefores.evaluate(RunBefores.java:26)
	at org.junit.internal.runners.statements.RunAfters.evaluate(RunAfters.java:27)
	at org.junit.runners.ParentRunner.run(ParentRunner.java:309)
	at org.apache.maven.surefire.junit4.JUnit4Provider.execute(JUnit4Provider.java:365)
	at org.apache.maven.surefire.junit4.JUnit4Provider.executeWithRerun(JUnit4Provider.java:273)
	at org.apache.maven.surefire.junit4.JUnit4Provider.executeTestSet(JUnit4Provider.java:238)
	at org.apache.maven.surefire.junit4.JUnit4Provider.invoke(JUnit4Provider.java:159)
	at org.apache.maven.surefire.booter.ForkedBooter.invokeProviderInSameClassLoader(ForkedBooter.java:384)
	at org.apache.maven.surefire.booter.ForkedBooter.runSuitesInProcess(ForkedBooter.java:345)
	at org.apache.maven.surefire.booter.ForkedBooter.execute(ForkedBooter.java:126)
	at org.apache.maven.surefire.booter.ForkedBooter.main(ForkedBooter.java:418)
</failure>
    <system-out><![CDATA[2019-08-21 08:48:48,802 | INFO  | SCMAudit | user=jenkins1000 | ip=192.168.5.184 | op=SEND_HEARTBEAT {datanodeUUID=debc07b9-2276-47fc-b17e-a2d224c6e0af, command=[]} | ret=SUCCESS |  
2019-08-21 08:48:48,803 | INFO  | DNAudit | user=null | ip=null | op=WRITE_CHUNK {blockData=conID: 2 locID: 1566377328641 bcsId: 0} | ret=SUCCESS |  
2019-08-21 08:48:48,825 | INFO  | SCMAudit | user=jenkins1000 | ip=192.168.5.184 | op=SEND_HEARTBEAT {datanodeUUID=37672f46-e81c-46b9-bf5f-51382d43ec6e, command=[]} | ret=SUCCESS |  
2019-08-21 08:48:48,826 | INFO  | SCMAudit | user=jenkins1000 | ip=192.168.5.184 | op=SEND_HEARTBEAT {datanodeUUID=e359297b-bbf5-4973-967a-1d64df98dfbf, command=[]} | ret=SUCCESS |  
2019-08-21 08:48:48,826 | INFO  | DNAudit | user=null | ip=null | op=WRITE_CHUNK {blockData=conID: 2 locID: 1566377328641 bcsId: 0} | ret=SUCCESS |  
2019-08-21 08:48:48,827 | INFO  | DNAudit | user=null | ip=null | op=WRITE_CHUNK {blockData=conID: 2 locID: 1566377328641 bcsId: 0} | ret=SUCCESS |  
2019-08-21 08:48:48,843 | INFO  | DNAudit | user=null | ip=null | op=WRITE_CHUNK {blockData=conID: 2 locID: 1566377328641 bcsId: 0} | ret=SUCCESS |  
2019-08-21 08:48:48,851 [grpc-default-executor-0] INFO  client.GrpcClientProtocolClient (GrpcClientProtocolClient.java:onNext(255)) - client-E42921143422->debc07b9-2276-47fc-b17e-a2d224c6e0af: receive RaftClientReply:client-E42921143422->debc07b9-2276-47fc-b17e-a2d224c6e0af@group-E90C58623B24, cid=17, SUCCESS, logIndex=1, commits[debc07b9-2276-47fc-b17e-a2d224c6e0af:c1, e359297b-bbf5-4973-967a-1d64df98dfbf:c0, 37672f46-e81c-46b9-bf5f-51382d43ec6e:c0]
2019-08-21 08:48:48,862 | INFO  | DNAudit | user=null | ip=null | op=WRITE_CHUNK {blockData=conID: 2 locID: 1566377328641 bcsId: 0} | ret=SUCCESS |  
2019-08-21 08:48:48,862 | INFO  | DNAudit | user=null | ip=null | op=WRITE_CHUNK {blockData=conID: 2 locID: 1566377328641 bcsId: 0} | ret=SUCCESS |  
2019-08-21 08:48:48,870 [pool-81-thread-4] WARN  impl.ChunkManagerImpl (ChunkUtils.java:validateChunkForOverwrite(218)) - Duplicate write chunk request. Chunk overwrite without explicit request. ChunkInfo{chunkName='1566377328641.data.0, offset=0, len=1048576}
2019-08-21 08:48:48,870 [pool-81-thread-4] WARN  impl.ChunkManagerImpl (ChunkManagerImpl.java:writeChunk(111)) - ChunkFile already exists/workdir/hadoop-ozone/integration-test/target/test-dir/MiniOzoneClusterImpl-bdd73aab-d482-420a-8b18-eb0b6fe34273/datanode-5/data/containers/hdds/e289961c-a275-4c68-863c-076623c63413/current/containerDir0/2/chunks/1566377328641.data.0.Deleting it.
2019-08-21 08:48:48,875 | INFO  | DNAudit | user=null | ip=null | op=WRITE_CHUNK {blockData=conID: 2 locID: 1566377328641 bcsId: 0} | ret=SUCCESS |  
2019-08-21 08:48:48,882 [pool-48-thread-2] WARN  impl.ChunkManagerImpl (ChunkUtils.java:validateChunkForOverwrite(218)) - Duplicate write chunk request. Chunk overwrite without explicit request. ChunkInfo{chunkName='1566377328641.data.0, offset=0, len=1048576}
2019-08-21 08:48:48,882 [pool-48-thread-2] WARN  impl.ChunkManagerImpl (ChunkManagerImpl.java:writeChunk(111)) - ChunkFile already exists/workdir/hadoop-ozone/integration-test/target/test-dir/MiniOzoneClusterImpl-bdd73aab-d482-420a-8b18-eb0b6fe34273/datanode-2/data/containers/hdds/e289961c-a275-4c68-863c-076623c63413/current/containerDir0/2/chunks/1566377328641.data.0.Deleting it.
2019-08-21 08:48:48,888 | INFO  | DNAudit | user=null | ip=null | op=WRITE_CHUNK {blockData=conID: 2 locID: 1566377328641 bcsId: 0} | ret=SUCCESS |  
2019-08-21 08:48:48,889 [pool-26-thread-2] WARN  impl.ChunkManagerImpl (ChunkUtils.java:validateChunkForOverwrite(218)) - Duplicate write chunk request. Chunk overwrite without explicit request. ChunkInfo{chunkName='1566377328641.data.0, offset=0, len=1048576}
2019-08-21 08:48:48,890 [pool-26-thread-2] WARN  impl.ChunkManagerImpl (ChunkManagerImpl.java:writeChunk(111)) - ChunkFile already exists/workdir/hadoop-ozone/integration-test/target/test-dir/MiniOzoneClusterImpl-bdd73aab-d482-420a-8b18-eb0b6fe34273/datanode-0/data/containers/hdds/e289961c-a275-4c68-863c-076623c63413/current/containerDir0/2/chunks/1566377328641.data.0.Deleting it.
2019-08-21 08:48:48,894 | INFO  | DNAudit | user=null | ip=null | op=WRITE_CHUNK {blockData=conID: 2 locID: 1566377328641 bcsId: 0} | ret=SUCCESS |  
2019-08-21 08:48:48,952 | INFO  | DNAudit | user=null | ip=null | op=PUT_BLOCK {blockData=[blockId=conID: 2 locID: 1566377328641 bcsId: 0,size=1048576]} | ret=SUCCESS |  
2019-08-21 08:48:48,955 | INFO  | DNAudit | user=null | ip=null | op=WRITE_CHUNK {blockData=conID: 2 locID: 1566377328641 bcsId: 0} | ret=SUCCESS |  
2019-08-21 08:48:48,957 [grpc-default-executor-1] INFO  client.GrpcClientProtocolClient (GrpcClientProtocolClient.java:onNext(255)) - client-E42921143422->debc07b9-2276-47fc-b17e-a2d224c6e0af: receive RaftClientReply:client-E42921143422->debc07b9-2276-47fc-b17e-a2d224c6e0af@group-E90C58623B24, cid=18, SUCCESS, logIndex=3, commits[debc07b9-2276-47fc-b17e-a2d224c6e0af:c8, e359297b-bbf5-4973-967a-1d64df98dfbf:c6, 37672f46-e81c-46b9-bf5f-51382d43ec6e:c6]
2019-08-21 08:48:48,958 [grpc-default-executor-1] INFO  client.GrpcClientProtocolClient (GrpcClientProtocolClient.java:onNext(255)) - client-E42921143422->debc07b9-2276-47fc-b17e-a2d224c6e0af: receive RaftClientReply:client-E42921143422->debc07b9-2276-47fc-b17e-a2d224c6e0af@group-E90C58623B24, cid=19, SUCCESS, logIndex=4, commits[debc07b9-2276-47fc-b17e-a2d224c6e0af:c8, e359297b-bbf5-4973-967a-1d64df98dfbf:c6, 37672f46-e81c-46b9-bf5f-51382d43ec6e:c6]
2019-08-21 08:48:49,013 | INFO  | DNAudit | user=null | ip=null | op=PUT_BLOCK {blockData=[blockId=conID: 2 locID: 1566377328641 bcsId: 0,size=1048576]} | ret=SUCCESS |  
2019-08-21 08:48:49,014 | INFO  | DNAudit | user=null | ip=null | op=WRITE_CHUNK {blockData=conID: 2 locID: 1566377328641 bcsId: 0} | ret=SUCCESS |  
2019-08-21 08:48:49,089 | INFO  | DNAudit | user=null | ip=null | op=PUT_BLOCK {blockData=[blockId=conID: 2 locID: 1566377328641 bcsId: 0,size=1048576]} | ret=SUCCESS |  
2019-08-21 08:48:49,089 | INFO  | DNAudit | user=null | ip=null | op=PUT_BLOCK {blockData=[blockId=conID: 2 locID: 1566377328641 bcsId: 0,size=1048576]} | ret=SUCCESS |  
2019-08-21 08:48:49,089 | INFO  | DNAudit | user=null | ip=null | op=PUT_BLOCK {blockData=[blockId=conID: 2 locID: 1566377328641 bcsId: 0,size=1048576]} | ret=SUCCESS |  
2019-08-21 08:48:49,090 | INFO  | DNAudit | user=null | ip=null | op=WRITE_CHUNK {blockData=conID: 2 locID: 1566377328641 bcsId: 0} | ret=SUCCESS |  
2019-08-21 08:48:49,091 | INFO  | DNAudit | user=null | ip=null | op=PUT_BLOCK {blockData=[blockId=conID: 2 locID: 1566377328641 bcsId: 0,size=1048576]} | ret=SUCCESS |  
2019-08-21 08:48:49,092 [grpc-default-executor-1] INFO  client.GrpcClientProtocolClient (GrpcClientProtocolClient.java:onNext(255)) - client-E42921143422->debc07b9-2276-47fc-b17e-a2d224c6e0af: receive RaftClientReply:client-E42921143422->debc07b9-2276-47fc-b17e-a2d224c6e0af@group-E90C58623B24, cid=20, SUCCESS, logIndex=5, commits[debc07b9-2276-47fc-b17e-a2d224c6e0af:c8, e359297b-bbf5-4973-967a-1d64df98dfbf:c6, 37672f46-e81c-46b9-bf5f-51382d43ec6e:c6]
2019-08-21 08:48:49,094 [main] INFO  datanode.ObjectStoreHandler (ObjectStoreHandler.java:close(155)) - Closing ObjectStoreHandler.
2019-08-21 08:48:49,095 [main] INFO  ozone.HddsDatanodeService (HddsDatanodeService.java:stop(451)) - Stopped plug-in org.apache.hadoop.ozone.web.OzoneHddsDatanodeService@9be7319
2019-08-21 08:48:49,330 | INFO  | SCMAudit | user=jenkins1000 | ip=192.168.5.184 | op=SEND_HEARTBEAT {datanodeUUID=3987aaca-4455-4b06-a54d-8d8e130e8a71, command=[]} | ret=SUCCESS |  
2019-08-21 08:48:49,414 | INFO  | SCMAudit | user=jenkins1000 | ip=192.168.5.184 | op=SEND_HEARTBEAT {datanodeUUID=8816f9a7-fdf8-4e73-83a2-0643bb17cb6e, command=[]} | ret=SUCCESS |  
2019-08-21 08:48:49,414 | INFO  | SCMAudit | user=jenkins1000 | ip=192.168.5.184 | op=SEND_HEARTBEAT {datanodeUUID=4298acaf-ae45-482e-b3bd-2c57c9ae2daa, command=[]} | ret=SUCCESS |  
2019-08-21 08:48:49,422 | INFO  | SCMAudit | user=jenkins1000 | ip=192.168.5.184 | op=SEND_HEARTBEAT {datanodeUUID=57d7f71d-a8df-4505-bf95-23b67220714d, command=[]} | ret=SUCCESS |  
2019-08-21 08:48:49,800 [Datanode State Machine Thread - 0] INFO  statemachine.DatanodeStateMachine (DatanodeStateMachine.java:lambda$startDaemon$0(350)) - Ozone container server started.
2019-08-21 08:48:49,825 | INFO  | SCMAudit | user=jenkins1000 | ip=192.168.5.184 | op=SEND_HEARTBEAT {datanodeUUID=37672f46-e81c-46b9-bf5f-51382d43ec6e, command=[]} | ret=SUCCESS |  
2019-08-21 08:48:49,825 | INFO  | SCMAudit | user=jenkins1000 | ip=192.168.5.184 | op=SEND_HEARTBEAT {datanodeUUID=e359297b-bbf5-4973-967a-1d64df98dfbf, command=[]} | ret=SUCCESS |  
2019-08-21 08:48:50,330 | INFO  | SCMAudit | user=jenkins1000 | ip=192.168.5.184 | op=SEND_HEARTBEAT {datanodeUUID=3987aaca-4455-4b06-a54d-8d8e130e8a71, command=[]} | ret=SUCCESS |  
2019-08-21 08:48:50,414 | INFO  | SCMAudit | user=jenkins1000 | ip=192.168.5.184 | op=SEND_HEARTBEAT {datanodeUUID=8816f9a7-fdf8-4e73-83a2-0643bb17cb6e, command=[]} | ret=SUCCESS |  
2019-08-21 08:48:50,414 | INFO  | SCMAudit | user=jenkins1000 | ip=192.168.5.184 | op=SEND_HEARTBEAT {datanodeUUID=4298acaf-ae45-482e-b3bd-2c57c9ae2daa, command=[]} | ret=SUCCESS |  
2019-08-21 08:48:50,423 | INFO  | SCMAudit | user=jenkins1000 | ip=192.168.5.184 | op=SEND_HEARTBEAT {datanodeUUID=57d7f71d-a8df-4505-bf95-23b67220714d, command=[]} | ret=SUCCESS |  
2019-08-21 08:48:50,825 | INFO  | SCMAudit | user=jenkins1000 | ip=192.168.5.184 | op=SEND_HEARTBEAT {datanodeUUID=37672f46-e81c-46b9-bf5f-51382d43ec6e, command=[]} | ret=SUCCESS |  
2019-08-21 08:48:50,825 | INFO  | SCMAudit | user=jenkins1000 | ip=192.168.5.184 | op=SEND_HEARTBEAT {datanodeUUID=e359297b-bbf5-4973-967a-1d64df98dfbf, command=[]} | ret=SUCCESS |  
2019-08-21 08:48:51,333 | INFO  | SCMAudit | user=jenkins1000 | ip=192.168.5.184 | op=SEND_HEARTBEAT {datanodeUUID=3987aaca-4455-4b06-a54d-8d8e130e8a71, command=[]} | ret=SUCCESS |  
2019-08-21 08:48:51,415 | INFO  | SCMAudit | user=jenkins1000 | ip=192.168.5.184 | op=SEND_HEARTBEAT {datanodeUUID=4298acaf-ae45-482e-b3bd-2c57c9ae2daa, command=[]} | ret=SUCCESS |  
2019-08-21 08:48:51,415 | INFO  | SCMAudit | user=jenkins1000 | ip=192.168.5.184 | op=SEND_HEARTBEAT {datanodeUUID=8816f9a7-fdf8-4e73-83a2-0643bb17cb6e, command=[]} | ret=SUCCESS |  
2019-08-21 08:48:51,423 | INFO  | SCMAudit | user=jenkins1000 | ip=192.168.5.184 | op=SEND_HEARTBEAT {datanodeUUID=57d7f71d-a8df-4505-bf95-23b67220714d, command=[]} | ret=SUCCESS |  
2019-08-21 08:48:51,825 | INFO  | SCMAudit | user=jenkins1000 | ip=192.168.5.184 | op=SEND_HEARTBEAT {datanodeUUID=37672f46-e81c-46b9-bf5f-51382d43ec6e, command=[]} | ret=SUCCESS |  
2019-08-21 08:48:51,826 | INFO  | SCMAudit | user=jenkins1000 | ip=192.168.5.184 | op=SEND_HEARTBEAT {datanodeUUID=e359297b-bbf5-4973-967a-1d64df98dfbf, command=[]} | ret=SUCCESS |  
2019-08-21 08:48:51,881 [EventQueue-StaleNodeForStaleNodeHandler] INFO  node.StaleNodeHandler (StaleNodeHandler.java:onMessage(58)) - Datanode debc07b9-2276-47fc-b17e-a2d224c6e0af{ip: 192.168.5.184, host: pr-hdds-1935-xjqtc-1107137857, networkLocation: /default-rack, certSerialId: null} moved to stale state. Finalizing its pipelines [PipelineID=166f29b3-42a3-4123-92bf-e90c58623b24, PipelineID=7f50a80a-1a29-43d2-b4dc-672c2b0aed34]
2019-08-21 08:48:51,882 [EventQueue-StaleNodeForStaleNodeHandler] INFO  pipeline.SCMPipelineManager (SCMPipelineManager.java:finalizeAndDestroyPipeline(309)) - destroying pipeline:Pipeline[ Id: 166f29b3-42a3-4123-92bf-e90c58623b24, Nodes: debc07b9-2276-47fc-b17e-a2d224c6e0af{ip: 192.168.5.184, host: pr-hdds-1935-xjqtc-1107137857, networkLocation: /default-rack, certSerialId: null}e359297b-bbf5-4973-967a-1d64df98dfbf{ip: 192.168.5.184, host: pr-hdds-1935-xjqtc-1107137857, networkLocation: /default-rack, certSerialId: null}37672f46-e81c-46b9-bf5f-51382d43ec6e{ip: 192.168.5.184, host: pr-hdds-1935-xjqtc-1107137857, networkLocation: /default-rack, certSerialId: null}, Type:RATIS, Factor:THREE, State:OPEN]
2019-08-21 08:48:51,883 [EventQueue-StaleNodeForStaleNodeHandler] INFO  pipeline.PipelineStateManager (PipelineStateManager.java:finalizePipeline(123)) - Pipeline Pipeline[ Id: 166f29b3-42a3-4123-92bf-e90c58623b24, Nodes: debc07b9-2276-47fc-b17e-a2d224c6e0af{ip: 192.168.5.184, host: pr-hdds-1935-xjqtc-1107137857, networkLocation: /default-rack, certSerialId: null}e359297b-bbf5-4973-967a-1d64df98dfbf{ip: 192.168.5.184, host: pr-hdds-1935-xjqtc-1107137857, networkLocation: /default-rack, certSerialId: null}37672f46-e81c-46b9-bf5f-51382d43ec6e{ip: 192.168.5.184, host: pr-hdds-1935-xjqtc-1107137857, networkLocation: /default-rack, certSerialId: null}, Type:RATIS, Factor:THREE, State:CLOSED] moved to CLOSED state
2019-08-21 08:48:51,884 [EventQueue-CloseContainerForCloseContainerEventHandler] INFO  container.CloseContainerEventHandler (CloseContainerEventHandler.java:onMessage(61)) - Close container Event triggered for container : #2
2019-08-21 08:48:51,885 [EventQueue-StaleNodeForStaleNodeHandler] INFO  pipeline.SCMPipelineManager (SCMPipelineManager.java:finalizeAndDestroyPipeline(309)) - destroying pipeline:Pipeline[ Id: 7f50a80a-1a29-43d2-b4dc-672c2b0aed34, Nodes: debc07b9-2276-47fc-b17e-a2d224c6e0af{ip: 192.168.5.184, host: pr-hdds-1935-xjqtc-1107137857, networkLocation: /default-rack, certSerialId: null}, Type:RATIS, Factor:ONE, State:OPEN]
2019-08-21 08:48:51,886 [EventQueue-StaleNodeForStaleNodeHandler] INFO  pipeline.PipelineStateManager (PipelineStateManager.java:finalizePipeline(123)) - Pipeline Pipeline[ Id: 7f50a80a-1a29-43d2-b4dc-672c2b0aed34, Nodes: debc07b9-2276-47fc-b17e-a2d224c6e0af{ip: 192.168.5.184, host: pr-hdds-1935-xjqtc-1107137857, networkLocation: /default-rack, certSerialId: null}, Type:RATIS, Factor:ONE, State:CLOSED] moved to CLOSED state
2019-08-21 08:48:52,339 | INFO  | SCMAudit | user=jenkins1000 | ip=192.168.5.184 | op=SEND_HEARTBEAT {datanodeUUID=3987aaca-4455-4b06-a54d-8d8e130e8a71, command=[]} | ret=SUCCESS |  
2019-08-21 08:48:52,416 | INFO  | SCMAudit | user=jenkins1000 | ip=192.168.5.184 | op=SEND_HEARTBEAT {datanodeUUID=4298acaf-ae45-482e-b3bd-2c57c9ae2daa, command=[]} | ret=SUCCESS |  
2019-08-21 08:48:52,416 | INFO  | SCMAudit | user=jenkins1000 | ip=192.168.5.184 | op=SEND_HEARTBEAT {datanodeUUID=8816f9a7-fdf8-4e73-83a2-0643bb17cb6e, command=[]} | ret=SUCCESS |  
2019-08-21 08:48:52,424 | INFO  | SCMAudit | user=jenkins1000 | ip=192.168.5.184 | op=SEND_HEARTBEAT {datanodeUUID=57d7f71d-a8df-4505-bf95-23b67220714d, command=[]} | ret=SUCCESS |  
2019-08-21 08:48:52,864 | INFO  | SCMAudit | user=jenkins1000 | ip=192.168.5.184 | op=SEND_HEARTBEAT {datanodeUUID=37672f46-e81c-46b9-bf5f-51382d43ec6e, command=[commandType: closeContainerCommand closeContainerCommandProto { containerID: 2 pipelineID { id: "166f29b3-42a3-4123-92bf-e90c58623b24" } cmdId: 2 force: false } ]} | ret=SUCCESS |  
2019-08-21 08:48:52,864 | INFO  | SCMAudit | user=jenkins1000 | ip=192.168.5.184 | op=SEND_HEARTBEAT {datanodeUUID=e359297b-bbf5-4973-967a-1d64df98dfbf, command=[commandType: closeContainerCommand closeContainerCommandProto { containerID: 2 pipelineID { id: "166f29b3-42a3-4123-92bf-e90c58623b24" } cmdId: 2 force: false } ]} | ret=SUCCESS |  
2019-08-21 08:48:53,330 | INFO  | SCMAudit | user=jenkins1000 | ip=192.168.5.184 | op=SEND_HEARTBEAT {datanodeUUID=3987aaca-4455-4b06-a54d-8d8e130e8a71, command=[]} | ret=SUCCESS |  
2019-08-21 08:48:53,416 | INFO  | SCMAudit | user=jenkins1000 | ip=192.168.5.184 | op=SEND_HEARTBEAT {datanodeUUID=4298acaf-ae45-482e-b3bd-2c57c9ae2daa, command=[]} | ret=SUCCESS |  
2019-08-21 08:48:53,416 | INFO  | SCMAudit | user=jenkins1000 | ip=192.168.5.184 | op=SEND_HEARTBEAT {datanodeUUID=8816f9a7-fdf8-4e73-83a2-0643bb17cb6e, command=[]} | ret=SUCCESS |  
2019-08-21 08:48:53,425 | INFO  | SCMAudit | user=jenkins1000 | ip=192.168.5.184 | op=SEND_HEARTBEAT {datanodeUUID=57d7f71d-a8df-4505-bf95-23b67220714d, command=[]} | ret=SUCCESS |  
2019-08-21 08:48:53,825 | INFO  | SCMAudit | user=jenkins1000 | ip=192.168.5.184 | op=SEND_HEARTBEAT {datanodeUUID=37672f46-e81c-46b9-bf5f-51382d43ec6e, command=[]} | ret=SUCCESS |  
2019-08-21 08:48:53,827 | INFO  | SCMAudit | user=jenkins1000 | ip=192.168.5.184 | op=SEND_HEARTBEAT {datanodeUUID=e359297b-bbf5-4973-967a-1d64df98dfbf, command=[]} | ret=SUCCESS |  
2019-08-21 08:48:54,097 [main] INFO  ozoneimpl.OzoneContainer (OzoneContainer.java:stop(199)) - Attempting to stop container services.
2019-08-21 08:48:54,098 [main] INFO  impl.RaftServerProxy (RaftServerProxy.java:lambda$close$4(314)) - debc07b9-2276-47fc-b17e-a2d224c6e0af: close
2019-08-21 08:48:54,100 [main] INFO  impl.RaftServerImpl (RaftServerImpl.java:lambda$shutdown$3(245)) - debc07b9-2276-47fc-b17e-a2d224c6e0af: shutdown group-E90C58623B24
2019-08-21 08:48:54,100 [main] INFO  util.JmxRegister (JmxRegister.java:unregister(73)) - Successfully un-registered JMX Bean with object name Ratis:service=RaftServer,group=group-E90C58623B24,id=debc07b9-2276-47fc-b17e-a2d224c6e0af
2019-08-21 08:48:54,101 [main] INFO  impl.RoleInfo (RoleInfo.java:shutdownLeaderState(104)) - debc07b9-2276-47fc-b17e-a2d224c6e0af: shutdown LeaderState
2019-08-21 08:48:54,105 [main] INFO  impl.PendingRequests (PendingRequests.java:sendNotLeaderResponses(202)) - debc07b9-2276-47fc-b17e-a2d224c6e0af-PendingRequests: sendNotLeaderResponses
2019-08-21 08:48:54,105 [org.apache.ratis.server.impl.LogAppender$AppenderDaemon$$Lambda$441/1357096759@69b450c4] WARN  server.GrpcLogAppender (GrpcLogAppender.java:mayWait(143)) - GrpcLogAppender(debc07b9-2276-47fc-b17e-a2d224c6e0af->e359297b-bbf5-4973-967a-1d64df98dfbf): Wait interrupted by java.lang.InterruptedException
2019-08-21 08:48:54,105 [org.apache.ratis.server.impl.LogAppender$AppenderDaemon$$Lambda$441/1357096759@2cb6d396] WARN  server.GrpcLogAppender (GrpcLogAppender.java:mayWait(143)) - GrpcLogAppender(debc07b9-2276-47fc-b17e-a2d224c6e0af->37672f46-e81c-46b9-bf5f-51382d43ec6e): Wait interrupted by java.lang.InterruptedException
2019-08-21 08:48:54,118 [grpc-default-executor-0] INFO  server.GrpcServerProtocolService (GrpcServerProtocolService.java:onCompleted(104)) - 37672f46-e81c-46b9-bf5f-51382d43ec6e: appendEntries completed
2019-08-21 08:48:54,118 [grpc-default-executor-1] INFO  server.GrpcServerProtocolService (GrpcServerProtocolService.java:onCompleted(104)) - e359297b-bbf5-4973-967a-1d64df98dfbf: appendEntries completed
2019-08-21 08:48:54,127 [grpc-default-executor-1] INFO  server.GrpcLogAppender (GrpcLogAppender.java:onCompleted(292)) - debc07b9-2276-47fc-b17e-a2d224c6e0af->37672f46-e81c-46b9-bf5f-51382d43ec6e: follower responses appendEntries COMPLETED
2019-08-21 08:48:54,129 [grpc-default-executor-4] INFO  server.GrpcLogAppender (GrpcLogAppender.java:onCompleted(292)) - debc07b9-2276-47fc-b17e-a2d224c6e0af->e359297b-bbf5-4973-967a-1d64df98dfbf: follower responses appendEntries COMPLETED
2019-08-21 08:48:54,133 [grpc-default-executor-4] INFO  impl.FollowerInfo (FollowerInfo.java:lambda$new$0(50)) - debc07b9-2276-47fc-b17e-a2d224c6e0af->e359297b-bbf5-4973-967a-1d64df98dfbf: nextIndex: updateUnconditionally 9 -> 8
2019-08-21 08:48:54,133 [grpc-default-executor-1] INFO  impl.FollowerInfo (FollowerInfo.java:lambda$new$0(50)) - debc07b9-2276-47fc-b17e-a2d224c6e0af->37672f46-e81c-46b9-bf5f-51382d43ec6e: nextIndex: updateUnconditionally 9 -> 8
2019-08-21 08:48:54,138 [main] INFO  impl.StateMachineUpdater (StateMachineUpdater.java:stopAndJoin(115)) - StateMachineUpdater:debc07b9-2276-47fc-b17e-a2d224c6e0af:group-E90C58623B24: set stopIndex = 8
2019-08-21 08:48:54,138 [StateMachineUpdater:debc07b9-2276-47fc-b17e-a2d224c6e0af:group-E90C58623B24] INFO  ratis.ContainerStateMachine (ContainerStateMachine.java:takeSnapshot(283)) - group-E90C58623B24: Taking a snapshot at:(t:2, i:8) file /workdir/hadoop-ozone/integration-test/target/test-dir/MiniOzoneClusterImpl-bdd73aab-d482-420a-8b18-eb0b6fe34273/datanode-5/data/ratis/166f29b3-42a3-4123-92bf-e90c58623b24/sm/snapshot.2_8
2019-08-21 08:48:54,162 [StateMachineUpdater:debc07b9-2276-47fc-b17e-a2d224c6e0af:group-E90C58623B24] INFO  ratis.ContainerStateMachine (ContainerStateMachine.java:takeSnapshot(294)) - group-E90C58623B24: Finished taking a snapshot at:(t:2, i:8) file:/workdir/hadoop-ozone/integration-test/target/test-dir/MiniOzoneClusterImpl-bdd73aab-d482-420a-8b18-eb0b6fe34273/datanode-5/data/ratis/166f29b3-42a3-4123-92bf-e90c58623b24/sm/snapshot.2_8 time:23
2019-08-21 08:48:54,162 [StateMachineUpdater:debc07b9-2276-47fc-b17e-a2d224c6e0af:group-E90C58623B24] INFO  impl.StateMachineUpdater (StateMachineUpdater.java:takeSnapshot(242)) - StateMachineUpdater:debc07b9-2276-47fc-b17e-a2d224c6e0af:group-E90C58623B24: Took a snapshot at index 8
2019-08-21 08:48:54,164 [StateMachineUpdater:debc07b9-2276-47fc-b17e-a2d224c6e0af:group-E90C58623B24] INFO  impl.StateMachineUpdater (StateMachineUpdater.java:lambda$new$0(80)) - StateMachineUpdater:debc07b9-2276-47fc-b17e-a2d224c6e0af:group-E90C58623B24: snapshotIndex: updateIncreasingly -1 -> 8
2019-08-21 08:48:54,168 [main] INFO  impl.RaftServerImpl (ServerState.java:close(394)) - debc07b9-2276-47fc-b17e-a2d224c6e0af:group-E90C58623B24 closes. The last applied log index is 8
2019-08-21 08:48:54,170 [debc07b9-2276-47fc-b17e-a2d224c6e0af-SegmentedRaftLogWorker:Storage Directory /workdir/hadoop-ozone/integration-test/target/test-dir/MiniOzoneClusterImpl-bdd73aab-d482-420a-8b18-eb0b6fe34273/datanode-5/data/ratis/166f29b3-42a3-4123-92bf-e90c58623b24] INFO  segmented.SegmentedRaftLogWorker (SegmentedRaftLogWorker.java:run(313)) - debc07b9-2276-47fc-b17e-a2d224c6e0af-SegmentedRaftLogWorker:Storage Directory /workdir/hadoop-ozone/integration-test/target/test-dir/MiniOzoneClusterImpl-bdd73aab-d482-420a-8b18-eb0b6fe34273/datanode-5/data/ratis/166f29b3-42a3-4123-92bf-e90c58623b24 was interrupted, exiting. There are 0 tasks remaining in the queue.
2019-08-21 08:48:54,171 [main] INFO  segmented.SegmentedRaftLogWorker (SegmentedRaftLogWorker.java:close(228)) - debc07b9-2276-47fc-b17e-a2d224c6e0af-SegmentedRaftLogWorker:Storage Directory /workdir/hadoop-ozone/integration-test/target/test-dir/MiniOzoneClusterImpl-bdd73aab-d482-420a-8b18-eb0b6fe34273/datanode-5/data/ratis/166f29b3-42a3-4123-92bf-e90c58623b24 close()
2019-08-21 08:48:54,174 [main] INFO  impl.RaftServerImpl (RaftServerImpl.java:lambda$shutdown$3(245)) - debc07b9-2276-47fc-b17e-a2d224c6e0af: shutdown group-672C2B0AED34
2019-08-21 08:48:54,174 [main] INFO  util.JmxRegister (JmxRegister.java:unregister(73)) - Successfully un-registered JMX Bean with object name Ratis:service=RaftServer,group=group-672C2B0AED34,id=debc07b9-2276-47fc-b17e-a2d224c6e0af
2019-08-21 08:48:54,174 [main] INFO  impl.RoleInfo (RoleInfo.java:shutdownLeaderState(104)) - debc07b9-2276-47fc-b17e-a2d224c6e0af: shutdown LeaderState
2019-08-21 08:48:54,175 [main] INFO  impl.PendingRequests (PendingRequests.java:sendNotLeaderResponses(202)) - debc07b9-2276-47fc-b17e-a2d224c6e0af-PendingRequests: sendNotLeaderResponses
2019-08-21 08:48:54,175 [main] INFO  impl.StateMachineUpdater (StateMachineUpdater.java:stopAndJoin(115)) - StateMachineUpdater:debc07b9-2276-47fc-b17e-a2d224c6e0af:group-672C2B0AED34: set stopIndex = 0
2019-08-21 08:48:54,177 [main] INFO  impl.RaftServerImpl (ServerState.java:close(394)) - debc07b9-2276-47fc-b17e-a2d224c6e0af:group-672C2B0AED34 closes. The last applied log index is 0
2019-08-21 08:48:54,178 [debc07b9-2276-47fc-b17e-a2d224c6e0af-SegmentedRaftLogWorker:Storage Directory /workdir/hadoop-ozone/integration-test/target/test-dir/MiniOzoneClusterImpl-bdd73aab-d482-420a-8b18-eb0b6fe34273/datanode-5/data/ratis/7f50a80a-1a29-43d2-b4dc-672c2b0aed34] INFO  segmented.SegmentedRaftLogWorker (SegmentedRaftLogWorker.java:run(313)) - debc07b9-2276-47fc-b17e-a2d224c6e0af-SegmentedRaftLogWorker:Storage Directory /workdir/hadoop-ozone/integration-test/target/test-dir/MiniOzoneClusterImpl-bdd73aab-d482-420a-8b18-eb0b6fe34273/datanode-5/data/ratis/7f50a80a-1a29-43d2-b4dc-672c2b0aed34 was interrupted, exiting. There are 0 tasks remaining in the queue.
2019-08-21 08:48:54,179 [main] INFO  segmented.SegmentedRaftLogWorker (SegmentedRaftLogWorker.java:close(228)) - debc07b9-2276-47fc-b17e-a2d224c6e0af-SegmentedRaftLogWorker:Storage Directory /workdir/hadoop-ozone/integration-test/target/test-dir/MiniOzoneClusterImpl-bdd73aab-d482-420a-8b18-eb0b6fe34273/datanode-5/data/ratis/7f50a80a-1a29-43d2-b4dc-672c2b0aed34 close()
2019-08-21 08:48:54,182 [main] INFO  server.GrpcService (GrpcService.java:closeImpl(155)) - debc07b9-2276-47fc-b17e-a2d224c6e0af: shutdown server with port 44686 now
2019-08-21 08:48:54,185 [main] INFO  server.GrpcService (GrpcService.java:closeImpl(163)) - debc07b9-2276-47fc-b17e-a2d224c6e0af: shutdown server with port 44686 successfully
2019-08-21 08:48:54,187 [main] INFO  utils.BackgroundService (BackgroundService.java:shutdown(148)) - Shutting down service BlockDeletingService
2019-08-21 08:48:54,191 [refreshUsed-/workdir/hadoop-ozone/integration-test/target/test-dir/MiniOzoneClusterImpl-bdd73aab-d482-420a-8b18-eb0b6fe34273/datanode-5/data/containers] WARN  fs.CachingGetSpaceUsed (CachingGetSpaceUsed.java:run(183)) - Thread Interrupted waiting to refresh disk information: sleep interrupted
2019-08-21 08:48:54,210 [main] INFO  statemachine.DatanodeStateMachine (DatanodeStateMachine.java:stopDaemon(395)) - Ozone container server stopped.
2019-08-21 08:48:54,216 [main] INFO  handler.ContextHandler (ContextHandler.java:doStop(910)) - Stopped o.e.j.w.WebAppContext@6d969330{/,null,UNAVAILABLE}{/hddsDatanode}
2019-08-21 08:48:54,223 [main] INFO  server.AbstractConnector (AbstractConnector.java:doStop(318)) - Stopped ServerConnector@4861cca9{HTTP/1.1,[http/1.1]}{0.0.0.0:0}
2019-08-21 08:48:54,223 [main] INFO  handler.ContextHandler (ContextHandler.java:doStop(910)) - Stopped o.e.j.s.ServletContextHandler@2dd0a0d0{/static,jar:file:/home/user/.m2/repository/org/apache/hadoop/hadoop-hdds-container-service/0.5.0-SNAPSHOT/hadoop-hdds-container-service-0.5.0-SNAPSHOT.jar!/webapps/static,UNAVAILABLE}
2019-08-21 08:48:54,224 [main] INFO  handler.ContextHandler (ContextHandler.java:doStop(910)) - Stopped o.e.j.s.ServletContextHandler@23564dd2{/logs,file:///workdir/hadoop-ozone/integration-test/target/log,UNAVAILABLE}
2019-08-21 08:48:54,227 [main] INFO  datanode.ObjectStoreHandler (ObjectStoreHandler.java:close(155)) - Closing ObjectStoreHandler.
2019-08-21 08:48:54,227 [main] INFO  ozone.HddsDatanodeService (HddsDatanodeService.java:stop(451)) - Stopped plug-in org.apache.hadoop.ozone.web.OzoneHddsDatanodeService@448462f0
2019-08-21 08:48:54,331 | INFO  | SCMAudit | user=jenkins1000 | ip=192.168.5.184 | op=SEND_HEARTBEAT {datanodeUUID=3987aaca-4455-4b06-a54d-8d8e130e8a71, command=[]} | ret=SUCCESS |  
2019-08-21 08:48:54,416 | INFO  | SCMAudit | user=jenkins1000 | ip=192.168.5.184 | op=SEND_HEARTBEAT {datanodeUUID=4298acaf-ae45-482e-b3bd-2c57c9ae2daa, command=[]} | ret=SUCCESS |  
2019-08-21 08:48:54,416 | INFO  | SCMAudit | user=jenkins1000 | ip=192.168.5.184 | op=SEND_HEARTBEAT {datanodeUUID=8816f9a7-fdf8-4e73-83a2-0643bb17cb6e, command=[]} | ret=SUCCESS |  
2019-08-21 08:48:54,423 | INFO  | SCMAudit | user=jenkins1000 | ip=192.168.5.184 | op=SEND_HEARTBEAT {datanodeUUID=57d7f71d-a8df-4505-bf95-23b67220714d, command=[]} | ret=SUCCESS |  
2019-08-21 08:48:54,825 | INFO  | SCMAudit | user=jenkins1000 | ip=192.168.5.184 | op=SEND_HEARTBEAT {datanodeUUID=37672f46-e81c-46b9-bf5f-51382d43ec6e, command=[]} | ret=SUCCESS |  
2019-08-21 08:48:54,825 [Datanode State Machine Thread - 0] INFO  statemachine.DatanodeStateMachine (DatanodeStateMachine.java:lambda$startDaemon$0(350)) - Ozone container server started.
2019-08-21 08:48:54,863 | INFO  | SCMAudit | user=jenkins1000 | ip=192.168.5.184 | op=SEND_HEARTBEAT {datanodeUUID=37672f46-e81c-46b9-bf5f-51382d43ec6e, command=[]} | ret=SUCCESS |  
2019-08-21 08:48:55,331 | INFO  | SCMAudit | user=jenkins1000 | ip=192.168.5.184 | op=SEND_HEARTBEAT {datanodeUUID=3987aaca-4455-4b06-a54d-8d8e130e8a71, command=[]} | ret=SUCCESS |  
2019-08-21 08:48:55,415 | INFO  | SCMAudit | user=jenkins1000 | ip=192.168.5.184 | op=SEND_HEARTBEAT {datanodeUUID=8816f9a7-fdf8-4e73-83a2-0643bb17cb6e, command=[]} | ret=SUCCESS |  
2019-08-21 08:48:55,415 | INFO  | SCMAudit | user=jenkins1000 | ip=192.168.5.184 | op=SEND_HEARTBEAT {datanodeUUID=4298acaf-ae45-482e-b3bd-2c57c9ae2daa, command=[]} | ret=SUCCESS |  
2019-08-21 08:48:55,423 | INFO  | SCMAudit | user=jenkins1000 | ip=192.168.5.184 | op=SEND_HEARTBEAT {datanodeUUID=57d7f71d-a8df-4505-bf95-23b67220714d, command=[]} | ret=SUCCESS |  
2019-08-21 08:48:55,862 | INFO  | SCMAudit | user=jenkins1000 | ip=192.168.5.184 | op=SEND_HEARTBEAT {datanodeUUID=37672f46-e81c-46b9-bf5f-51382d43ec6e, command=[]} | ret=SUCCESS |  
2019-08-21 08:48:56,330 | INFO  | SCMAudit | user=jenkins1000 | ip=192.168.5.184 | op=SEND_HEARTBEAT {datanodeUUID=3987aaca-4455-4b06-a54d-8d8e130e8a71, command=[]} | ret=SUCCESS |  
2019-08-21 08:48:56,415 | INFO  | SCMAudit | user=jenkins1000 | ip=192.168.5.184 | op=SEND_HEARTBEAT {datanodeUUID=8816f9a7-fdf8-4e73-83a2-0643bb17cb6e, command=[]} | ret=SUCCESS |  
2019-08-21 08:48:56,416 | INFO  | SCMAudit | user=jenkins1000 | ip=192.168.5.184 | op=SEND_HEARTBEAT {datanodeUUID=4298acaf-ae45-482e-b3bd-2c57c9ae2daa, command=[]} | ret=SUCCESS |  
2019-08-21 08:48:56,424 | INFO  | SCMAudit | user=jenkins1000 | ip=192.168.5.184 | op=SEND_HEARTBEAT {datanodeUUID=57d7f71d-a8df-4505-bf95-23b67220714d, command=[]} | ret=SUCCESS |  
2019-08-21 08:48:56,863 | INFO  | SCMAudit | user=jenkins1000 | ip=192.168.5.184 | op=SEND_HEARTBEAT {datanodeUUID=37672f46-e81c-46b9-bf5f-51382d43ec6e, command=[]} | ret=SUCCESS |  
2019-08-21 08:48:56,890 [EventQueue-StaleNodeForStaleNodeHandler] INFO  node.StaleNodeHandler (StaleNodeHandler.java:onMessage(58)) - Datanode e359297b-bbf5-4973-967a-1d64df98dfbf{ip: 192.168.5.184, host: pr-hdds-1935-xjqtc-1107137857, networkLocation: /default-rack, certSerialId: null} moved to stale state. Finalizing its pipelines [PipelineID=166f29b3-42a3-4123-92bf-e90c58623b24, PipelineID=2135fee9-d377-40c5-977f-73c91d273f04]
2019-08-21 08:48:56,890 [EventQueue-StaleNodeForStaleNodeHandler] INFO  pipeline.SCMPipelineManager (SCMPipelineManager.java:finalizeAndDestroyPipeline(309)) - destroying pipeline:Pipeline[ Id: 166f29b3-42a3-4123-92bf-e90c58623b24, Nodes: debc07b9-2276-47fc-b17e-a2d224c6e0af{ip: 192.168.5.184, host: pr-hdds-1935-xjqtc-1107137857, networkLocation: /default-rack, certSerialId: null}e359297b-bbf5-4973-967a-1d64df98dfbf{ip: 192.168.5.184, host: pr-hdds-1935-xjqtc-1107137857, networkLocation: /default-rack, certSerialId: null}37672f46-e81c-46b9-bf5f-51382d43ec6e{ip: 192.168.5.184, host: pr-hdds-1935-xjqtc-1107137857, networkLocation: /default-rack, certSerialId: null}, Type:RATIS, Factor:THREE, State:CLOSED]
2019-08-21 08:48:56,891 [EventQueue-StaleNodeForStaleNodeHandler] INFO  pipeline.SCMPipelineManager (SCMPipelineManager.java:finalizeAndDestroyPipeline(309)) - destroying pipeline:Pipeline[ Id: 2135fee9-d377-40c5-977f-73c91d273f04, Nodes: e359297b-bbf5-4973-967a-1d64df98dfbf{ip: 192.168.5.184, host: pr-hdds-1935-xjqtc-1107137857, networkLocation: /default-rack, certSerialId: null}, Type:RATIS, Factor:ONE, State:OPEN]
2019-08-21 08:48:56,891 [EventQueue-StaleNodeForStaleNodeHandler] INFO  pipeline.PipelineStateManager (PipelineStateManager.java:finalizePipeline(123)) - Pipeline Pipeline[ Id: 2135fee9-d377-40c5-977f-73c91d273f04, Nodes: e359297b-bbf5-4973-967a-1d64df98dfbf{ip: 192.168.5.184, host: pr-hdds-1935-xjqtc-1107137857, networkLocation: /default-rack, certSerialId: null}, Type:RATIS, Factor:ONE, State:CLOSED] moved to CLOSED state
2019-08-21 08:48:57,331 | INFO  | SCMAudit | user=jenkins1000 | ip=192.168.5.184 | op=SEND_HEARTBEAT {datanodeUUID=3987aaca-4455-4b06-a54d-8d8e130e8a71, command=[]} | ret=SUCCESS |  
2019-08-21 08:48:57,415 | INFO  | SCMAudit | user=jenkins1000 | ip=192.168.5.184 | op=SEND_HEARTBEAT {datanodeUUID=8816f9a7-fdf8-4e73-83a2-0643bb17cb6e, command=[]} | ret=SUCCESS |  
2019-08-21 08:48:57,415 | INFO  | SCMAudit | user=jenkins1000 | ip=192.168.5.184 | op=SEND_HEARTBEAT {datanodeUUID=4298acaf-ae45-482e-b3bd-2c57c9ae2daa, command=[]} | ret=SUCCESS |  
2019-08-21 08:48:57,423 | INFO  | SCMAudit | user=jenkins1000 | ip=192.168.5.184 | op=SEND_HEARTBEAT {datanodeUUID=57d7f71d-a8df-4505-bf95-23b67220714d, command=[]} | ret=SUCCESS |  
2019-08-21 08:48:57,863 | INFO  | SCMAudit | user=jenkins1000 | ip=192.168.5.184 | op=SEND_HEARTBEAT {datanodeUUID=37672f46-e81c-46b9-bf5f-51382d43ec6e, command=[]} | ret=SUCCESS |  
2019-08-21 08:48:58,332 | INFO  | SCMAudit | user=jenkins1000 | ip=192.168.5.184 | op=SEND_HEARTBEAT {datanodeUUID=3987aaca-4455-4b06-a54d-8d8e130e8a71, command=[]} | ret=SUCCESS |  
2019-08-21 08:48:58,416 | INFO  | SCMAudit | user=jenkins1000 | ip=192.168.5.184 | op=SEND_HEARTBEAT {datanodeUUID=4298acaf-ae45-482e-b3bd-2c57c9ae2daa, command=[]} | ret=SUCCESS |  
2019-08-21 08:48:58,416 | INFO  | SCMAudit | user=jenkins1000 | ip=192.168.5.184 | op=SEND_HEARTBEAT {datanodeUUID=8816f9a7-fdf8-4e73-83a2-0643bb17cb6e, command=[]} | ret=SUCCESS |  
2019-08-21 08:48:58,424 | INFO  | SCMAudit | user=jenkins1000 | ip=192.168.5.184 | op=SEND_HEARTBEAT {datanodeUUID=57d7f71d-a8df-4505-bf95-23b67220714d, command=[]} | ret=SUCCESS |  
2019-08-21 08:48:58,862 | INFO  | SCMAudit | user=jenkins1000 | ip=192.168.5.184 | op=SEND_HEARTBEAT {datanodeUUID=37672f46-e81c-46b9-bf5f-51382d43ec6e, command=[]} | ret=SUCCESS |  
2019-08-21 08:48:59,228 [main] INFO  ozoneimpl.OzoneContainer (OzoneContainer.java:stop(199)) - Attempting to stop container services.
2019-08-21 08:48:59,229 [main] INFO  impl.RaftServerProxy (RaftServerProxy.java:lambda$close$4(314)) - e359297b-bbf5-4973-967a-1d64df98dfbf: close
2019-08-21 08:48:59,229 [main] INFO  impl.RaftServerImpl (RaftServerImpl.java:lambda$shutdown$3(245)) - e359297b-bbf5-4973-967a-1d64df98dfbf: shutdown group-E90C58623B24
2019-08-21 08:48:59,230 [main] INFO  util.JmxRegister (JmxRegister.java:unregister(73)) - Successfully un-registered JMX Bean with object name Ratis:service=RaftServer,group=group-E90C58623B24,id=e359297b-bbf5-4973-967a-1d64df98dfbf
2019-08-21 08:48:59,230 [main] INFO  impl.RoleInfo (RoleInfo.java:shutdownFollowerState(121)) - e359297b-bbf5-4973-967a-1d64df98dfbf: shutdown FollowerState
2019-08-21 08:48:59,230 [main] INFO  impl.StateMachineUpdater (StateMachineUpdater.java:stopAndJoin(115)) - StateMachineUpdater:e359297b-bbf5-4973-967a-1d64df98dfbf:group-E90C58623B24: set stopIndex = 8
2019-08-21 08:48:59,231 [StateMachineUpdater:e359297b-bbf5-4973-967a-1d64df98dfbf:group-E90C58623B24] INFO  ratis.ContainerStateMachine (ContainerStateMachine.java:takeSnapshot(283)) - group-E90C58623B24: Taking a snapshot at:(t:2, i:6) file /workdir/hadoop-ozone/integration-test/target/test-dir/MiniOzoneClusterImpl-bdd73aab-d482-420a-8b18-eb0b6fe34273/datanode-2/data/ratis/166f29b3-42a3-4123-92bf-e90c58623b24/sm/snapshot.2_6
2019-08-21 08:48:59,231 [Thread-361] INFO  impl.FollowerState (FollowerState.java:run(114)) - e359297b-bbf5-4973-967a-1d64df98dfbf: FollowerState was interrupted: java.lang.InterruptedException: sleep interrupted
2019-08-21 08:48:59,258 [StateMachineUpdater:e359297b-bbf5-4973-967a-1d64df98dfbf:group-E90C58623B24] INFO  ratis.ContainerStateMachine (ContainerStateMachine.java:takeSnapshot(294)) - group-E90C58623B24: Finished taking a snapshot at:(t:2, i:6) file:/workdir/hadoop-ozone/integration-test/target/test-dir/MiniOzoneClusterImpl-bdd73aab-d482-420a-8b18-eb0b6fe34273/datanode-2/data/ratis/166f29b3-42a3-4123-92bf-e90c58623b24/sm/snapshot.2_6 time:27
2019-08-21 08:48:59,258 [StateMachineUpdater:e359297b-bbf5-4973-967a-1d64df98dfbf:group-E90C58623B24] INFO  impl.StateMachineUpdater (StateMachineUpdater.java:takeSnapshot(242)) - StateMachineUpdater:e359297b-bbf5-4973-967a-1d64df98dfbf:group-E90C58623B24: Took a snapshot at index 6
2019-08-21 08:48:59,258 [StateMachineUpdater:e359297b-bbf5-4973-967a-1d64df98dfbf:group-E90C58623B24] INFO  impl.StateMachineUpdater (StateMachineUpdater.java:lambda$new$0(80)) - StateMachineUpdater:e359297b-bbf5-4973-967a-1d64df98dfbf:group-E90C58623B24: snapshotIndex: updateIncreasingly -1 -> 6
2019-08-21 08:48:59,259 [main] INFO  impl.RaftServerImpl (ServerState.java:close(394)) - e359297b-bbf5-4973-967a-1d64df98dfbf:group-E90C58623B24 closes. The last applied log index is 8
2019-08-21 08:48:59,259 [e359297b-bbf5-4973-967a-1d64df98dfbf-SegmentedRaftLogWorker:Storage Directory /workdir/hadoop-ozone/integration-test/target/test-dir/MiniOzoneClusterImpl-bdd73aab-d482-420a-8b18-eb0b6fe34273/datanode-2/data/ratis/166f29b3-42a3-4123-92bf-e90c58623b24] INFO  segmented.SegmentedRaftLogWorker (SegmentedRaftLogWorker.java:run(313)) - e359297b-bbf5-4973-967a-1d64df98dfbf-SegmentedRaftLogWorker:Storage Directory /workdir/hadoop-ozone/integration-test/target/test-dir/MiniOzoneClusterImpl-bdd73aab-d482-420a-8b18-eb0b6fe34273/datanode-2/data/ratis/166f29b3-42a3-4123-92bf-e90c58623b24 was interrupted, exiting. There are 0 tasks remaining in the queue.
2019-08-21 08:48:59,262 [main] INFO  segmented.SegmentedRaftLogWorker (SegmentedRaftLogWorker.java:close(228)) - e359297b-bbf5-4973-967a-1d64df98dfbf-SegmentedRaftLogWorker:Storage Directory /workdir/hadoop-ozone/integration-test/target/test-dir/MiniOzoneClusterImpl-bdd73aab-d482-420a-8b18-eb0b6fe34273/datanode-2/data/ratis/166f29b3-42a3-4123-92bf-e90c58623b24 close()
2019-08-21 08:48:59,265 [main] INFO  impl.RaftServerImpl (RaftServerImpl.java:lambda$shutdown$3(245)) - e359297b-bbf5-4973-967a-1d64df98dfbf: shutdown group-73C91D273F04
2019-08-21 08:48:59,266 [main] INFO  util.JmxRegister (JmxRegister.java:unregister(73)) - Successfully un-registered JMX Bean with object name Ratis:service=RaftServer,group=group-73C91D273F04,id=e359297b-bbf5-4973-967a-1d64df98dfbf
2019-08-21 08:48:59,266 [main] INFO  impl.RoleInfo (RoleInfo.java:shutdownLeaderState(104)) - e359297b-bbf5-4973-967a-1d64df98dfbf: shutdown LeaderState
2019-08-21 08:48:59,266 [main] INFO  impl.PendingRequests (PendingRequests.java:sendNotLeaderResponses(202)) - e359297b-bbf5-4973-967a-1d64df98dfbf-PendingRequests: sendNotLeaderResponses
2019-08-21 08:48:59,267 [main] INFO  impl.StateMachineUpdater (StateMachineUpdater.java:stopAndJoin(115)) - StateMachineUpdater:e359297b-bbf5-4973-967a-1d64df98dfbf:group-73C91D273F04: set stopIndex = 0
2019-08-21 08:48:59,267 [main] INFO  impl.RaftServerImpl (ServerState.java:close(394)) - e359297b-bbf5-4973-967a-1d64df98dfbf:group-73C91D273F04 closes. The last applied log index is 0
2019-08-21 08:48:59,268 [e359297b-bbf5-4973-967a-1d64df98dfbf-SegmentedRaftLogWorker:Storage Directory /workdir/hadoop-ozone/integration-test/target/test-dir/MiniOzoneClusterImpl-bdd73aab-d482-420a-8b18-eb0b6fe34273/datanode-2/data/ratis/2135fee9-d377-40c5-977f-73c91d273f04] INFO  segmented.SegmentedRaftLogWorker (SegmentedRaftLogWorker.java:run(313)) - e359297b-bbf5-4973-967a-1d64df98dfbf-SegmentedRaftLogWorker:Storage Directory /workdir/hadoop-ozone/integration-test/target/test-dir/MiniOzoneClusterImpl-bdd73aab-d482-420a-8b18-eb0b6fe34273/datanode-2/data/ratis/2135fee9-d377-40c5-977f-73c91d273f04 was interrupted, exiting. There are 0 tasks remaining in the queue.
2019-08-21 08:48:59,269 [main] INFO  segmented.SegmentedRaftLogWorker (SegmentedRaftLogWorker.java:close(228)) - e359297b-bbf5-4973-967a-1d64df98dfbf-SegmentedRaftLogWorker:Storage Directory /workdir/hadoop-ozone/integration-test/target/test-dir/MiniOzoneClusterImpl-bdd73aab-d482-420a-8b18-eb0b6fe34273/datanode-2/data/ratis/2135fee9-d377-40c5-977f-73c91d273f04 close()
2019-08-21 08:48:59,273 [main] INFO  server.GrpcService (GrpcService.java:closeImpl(155)) - e359297b-bbf5-4973-967a-1d64df98dfbf: shutdown server with port 33237 now
2019-08-21 08:48:59,277 [main] INFO  server.GrpcService (GrpcService.java:closeImpl(163)) - e359297b-bbf5-4973-967a-1d64df98dfbf: shutdown server with port 33237 successfully
2019-08-21 08:48:59,279 [main] INFO  utils.BackgroundService (BackgroundService.java:shutdown(148)) - Shutting down service BlockDeletingService
2019-08-21 08:48:59,282 [refreshUsed-/workdir/hadoop-ozone/integration-test/target/test-dir/MiniOzoneClusterImpl-bdd73aab-d482-420a-8b18-eb0b6fe34273/datanode-2/data/containers] WARN  fs.CachingGetSpaceUsed (CachingGetSpaceUsed.java:run(183)) - Thread Interrupted waiting to refresh disk information: sleep interrupted
2019-08-21 08:48:59,308 [main] INFO  statemachine.DatanodeStateMachine (DatanodeStateMachine.java:stopDaemon(395)) - Ozone container server stopped.
2019-08-21 08:48:59,309 [main] INFO  handler.ContextHandler (ContextHandler.java:doStop(910)) - Stopped o.e.j.w.WebAppContext@46b2dcc5{/,null,UNAVAILABLE}{/hddsDatanode}
2019-08-21 08:48:59,310 [main] INFO  server.AbstractConnector (AbstractConnector.java:doStop(318)) - Stopped ServerConnector@240f350a{HTTP/1.1,[http/1.1]}{0.0.0.0:0}
2019-08-21 08:48:59,310 [main] INFO  handler.ContextHandler (ContextHandler.java:doStop(910)) - Stopped o.e.j.s.ServletContextHandler@21edd891{/static,jar:file:/home/user/.m2/repository/org/apache/hadoop/hadoop-hdds-container-service/0.5.0-SNAPSHOT/hadoop-hdds-container-service-0.5.0-SNAPSHOT.jar!/webapps/static,UNAVAILABLE}
2019-08-21 08:48:59,311 [main] INFO  handler.ContextHandler (ContextHandler.java:doStop(910)) - Stopped o.e.j.s.ServletContextHandler@7a31ca20{/logs,file:///workdir/hadoop-ozone/integration-test/target/log,UNAVAILABLE}
]]></system-out>
  </testcase>
</testsuite>