<?xml version="1.0" encoding="UTF-8"?>
<testsuite xmlns:xsi="http://www.w3.org/2001/XMLSchema-instance" xsi:noNamespaceSchemaLocation="https://maven.apache.org/surefire/maven-surefire-plugin/xsd/surefire-test-report.xsd" name="org.apache.hadoop.ozone.freon.TestDataValidateWithSafeByteOperations" time="57.315" tests="3" errors="3" skipped="0" failures="0">
  <properties>
    <property name="awt.toolkit" value="sun.awt.X11.XToolkit"/>
    <property name="file.encoding.pkg" value="sun.io"/>
    <property name="java.specification.version" value="1.8"/>
    <property name="sun.cpu.isalist" value=""/>
    <property name="sun.jnu.encoding" value="UTF-8"/>
    <property name="java.class.path" value="/workdir/hadoop-ozone/tools/target/test-classes:/workdir/hadoop-ozone/tools/target/classes:/home/user/.m2/repository/org/apache/hadoop/hadoop-ozone-ozone-manager/0.5.0-SNAPSHOT/hadoop-ozone-ozone-manager-0.5.0-SNAPSHOT.jar:/home/user/.m2/repository/org/apache/hadoop/hadoop-hdds-docs/0.5.0-SNAPSHOT/hadoop-hdds-docs-0.5.0-SNAPSHOT.jar:/home/user/.m2/repository/org/bouncycastle/bcprov-jdk15on/1.60/bcprov-jdk15on-1.60.jar:/home/user/.m2/repository/org/apache/hadoop/hadoop-ozone-common/0.5.0-SNAPSHOT/hadoop-ozone-common-0.5.0-SNAPSHOT.jar:/home/user/.m2/repository/org/apache/commons/commons-compress/1.4.1/commons-compress-1.4.1.jar:/home/user/.m2/repository/org/tukaani/xz/1.0/xz-1.0.jar:/home/user/.m2/repository/org/apache/hadoop/hadoop-hdfs-client/3.2.0/hadoop-hdfs-client-3.2.0.jar:/home/user/.m2/repository/com/fasterxml/jackson/core/jackson-annotations/2.9.9/jackson-annotations-2.9.9.jar:/home/user/.m2/repository/org/apache/hadoop/hadoop-hdds-common/0.5.0-SNAPSHOT/hadoop-hdds-common-0.5.0-SNAPSHOT.jar:/home/user/.m2/repository/org/apache/hadoop/hadoop-hdds-config/0.5.0-SNAPSHOT/hadoop-hdds-config-0.5.0-SNAPSHOT.jar:/home/user/.m2/repository/javax/annotation/javax.annotation-api/1.2/javax.annotation-api-1.2.jar:/home/user/.m2/repository/org/apache/ratis/ratis-server/0.4.0/ratis-server-0.4.0.jar:/home/user/.m2/repository/org/apache/ratis/ratis-thirdparty-misc/0.2.0/ratis-thirdparty-misc-0.2.0.jar:/home/user/.m2/repository/org/apache/ratis/ratis-proto/0.4.0/ratis-proto-0.4.0.jar:/home/user/.m2/repository/org/apache/ratis/ratis-common/0.4.0/ratis-common-0.4.0.jar:/home/user/.m2/repository/org/apache/ratis/ratis-client/0.4.0/ratis-client-0.4.0.jar:/home/user/.m2/repository/org/apache/ratis/ratis-metrics/0.4.0/ratis-metrics-0.4.0.jar:/home/user/.m2/repository/com/github/joshelser/dropwizard-metrics-hadoop-metrics2-reporter/0.1.2/dropwizard-metrics-hadoop-metrics2-reporter-0.1.2.jar:/home/user/.m2/repository/io/dropwizard/metrics/metrics-jvm/3.2.5/metrics-jvm-3.2.5.jar:/home/user/.m2/repository/io/dropwizard/metrics/metrics-ganglia/3.2.5/metrics-ganglia-3.2.5.jar:/home/user/.m2/repository/info/ganglia/gmetric4j/gmetric4j/1.0.7/gmetric4j-1.0.7.jar:/home/user/.m2/repository/org/apache/ratis/ratis-netty/0.4.0/ratis-netty-0.4.0.jar:/home/user/.m2/repository/org/apache/ratis/ratis-grpc/0.4.0/ratis-grpc-0.4.0.jar:/home/user/.m2/repository/org/rocksdb/rocksdbjni/6.0.1/rocksdbjni-6.0.1.jar:/home/user/.m2/repository/org/apache/logging/log4j/log4j-api/2.11.0/log4j-api-2.11.0.jar:/home/user/.m2/repository/org/apache/logging/log4j/log4j-core/2.11.0/log4j-core-2.11.0.jar:/home/user/.m2/repository/com/lmax/disruptor/3.4.2/disruptor-3.4.2.jar:/home/user/.m2/repository/org/apache/commons/commons-pool2/2.6.0/commons-pool2-2.6.0.jar:/home/user/.m2/repository/org/bouncycastle/bcpkix-jdk15on/1.60/bcpkix-jdk15on-1.60.jar:/home/user/.m2/repository/commons-validator/commons-validator/1.6/commons-validator-1.6.jar:/home/user/.m2/repository/commons-digester/commons-digester/1.8.1/commons-digester-1.8.1.jar:/home/user/.m2/repository/io/jaegertracing/jaeger-client/0.34.0/jaeger-client-0.34.0.jar:/home/user/.m2/repository/io/jaegertracing/jaeger-thrift/0.34.0/jaeger-thrift-0.34.0.jar:/home/user/.m2/repository/org/apache/thrift/libthrift/0.12.0/libthrift-0.12.0.jar:/home/user/.m2/repository/com/squareup/okhttp3/okhttp/3.9.0/okhttp-3.9.0.jar:/home/user/.m2/repository/com/squareup/okio/okio/1.13.0/okio-1.13.0.jar:/home/user/.m2/repository/io/jaegertracing/jaeger-core/0.34.0/jaeger-core-0.34.0.jar:/home/user/.m2/repository/io/jaegertracing/jaeger-tracerresolver/0.34.0/jaeger-tracerresolver-0.34.0.jar:/home/user/.m2/repository/io/opentracing/contrib/opentracing-tracerresolver/0.1.5/opentracing-tracerresolver-0.1.5.jar:/home/user/.m2/repository/io/opentracing/opentracing-util/0.31.0/opentracing-util-0.31.0.jar:/home/user/.m2/repository/io/opentracing/opentracing-api/0.31.0/opentracing-api-0.31.0.jar:/home/user/.m2/repository/io/opentracing/opentracing-noop/0.31.0/opentracing-noop-0.31.0.jar:/home/user/.m2/repository/org/yaml/snakeyaml/1.16/snakeyaml-1.16.jar:/home/user/.m2/repository/org/apache/hadoop/hadoop-hdds-container-service/0.5.0-SNAPSHOT/hadoop-hdds-container-service-0.5.0-SNAPSHOT.jar:/home/user/.m2/repository/org/apache/hadoop/hadoop-hdds-client/0.5.0-SNAPSHOT/hadoop-hdds-client-0.5.0-SNAPSHOT.jar:/home/user/.m2/repository/org/apache/hadoop/hadoop-hdds-tools/0.5.0-SNAPSHOT/hadoop-hdds-tools-0.5.0-SNAPSHOT.jar:/home/user/.m2/repository/org/xerial/sqlite-jdbc/3.25.2/sqlite-jdbc-3.25.2.jar:/home/user/.m2/repository/org/apache/hadoop/hadoop-hdds-server-scm/0.5.0-SNAPSHOT/hadoop-hdds-server-scm-0.5.0-SNAPSHOT.jar:/home/user/.m2/repository/org/hamcrest/hamcrest-all/1.3/hamcrest-all-1.3.jar:/home/user/.m2/repository/info/picocli/picocli/3.9.6/picocli-3.9.6.jar:/home/user/.m2/repository/com/google/protobuf/protobuf-java/2.5.0/protobuf-java-2.5.0.jar:/home/user/.m2/repository/com/google/guava/guava/11.0.2/guava-11.0.2.jar:/home/user/.m2/repository/org/apache/hadoop/hadoop-ozone-client/0.5.0-SNAPSHOT/hadoop-ozone-client-0.5.0-SNAPSHOT.jar:/workdir/hadoop-ozone/ozonefs/target/classes:/home/user/.m2/repository/org/apache/hadoop/hadoop-hdds-server-framework/0.5.0-SNAPSHOT/hadoop-hdds-server-framework-0.5.0-SNAPSHOT.jar:/home/user/.m2/repository/org/apache/hadoop/hadoop-common/3.2.0/hadoop-common-3.2.0.jar:/home/user/.m2/repository/org/apache/hadoop/hadoop-annotations/3.2.0/hadoop-annotations-3.2.0.jar:/usr/lib/jvm/java-1.8-openjdk/jre/../lib/tools.jar:/home/user/.m2/repository/commons-cli/commons-cli/1.2/commons-cli-1.2.jar:/home/user/.m2/repository/org/apache/commons/commons-math3/3.1.1/commons-math3-3.1.1.jar:/home/user/.m2/repository/org/apache/httpcomponents/httpclient/4.5.2/httpclient-4.5.2.jar:/home/user/.m2/repository/org/apache/httpcomponents/httpcore/4.4.4/httpcore-4.4.4.jar:/home/user/.m2/repository/commons-codec/commons-codec/1.11/commons-codec-1.11.jar:/home/user/.m2/repository/commons-io/commons-io/2.5/commons-io-2.5.jar:/home/user/.m2/repository/commons-net/commons-net/3.6/commons-net-3.6.jar:/home/user/.m2/repository/commons-collections/commons-collections/3.2.2/commons-collections-3.2.2.jar:/home/user/.m2/repository/javax/servlet/javax.servlet-api/3.1.0/javax.servlet-api-3.1.0.jar:/home/user/.m2/repository/org/eclipse/jetty/jetty-server/9.3.25.v20180904/jetty-server-9.3.25.v20180904.jar:/home/user/.m2/repository/org/eclipse/jetty/jetty-http/9.3.25.v20180904/jetty-http-9.3.25.v20180904.jar:/home/user/.m2/repository/org/eclipse/jetty/jetty-io/9.3.25.v20180904/jetty-io-9.3.25.v20180904.jar:/home/user/.m2/repository/org/eclipse/jetty/jetty-util/9.3.25.v20180904/jetty-util-9.3.25.v20180904.jar:/home/user/.m2/repository/org/eclipse/jetty/jetty-servlet/9.3.25.v20180904/jetty-servlet-9.3.25.v20180904.jar:/home/user/.m2/repository/org/eclipse/jetty/jetty-security/9.3.25.v20180904/jetty-security-9.3.25.v20180904.jar:/home/user/.m2/repository/org/eclipse/jetty/jetty-webapp/9.3.25.v20180904/jetty-webapp-9.3.25.v20180904.jar:/home/user/.m2/repository/org/eclipse/jetty/jetty-xml/9.3.25.v20180904/jetty-xml-9.3.25.v20180904.jar:/home/user/.m2/repository/javax/servlet/jsp/jsp-api/2.1/jsp-api-2.1.jar:/home/user/.m2/repository/com/sun/jersey/jersey-core/1.19/jersey-core-1.19.jar:/home/user/.m2/repository/javax/ws/rs/jsr311-api/1.1.1/jsr311-api-1.1.1.jar:/home/user/.m2/repository/com/sun/jersey/jersey-servlet/1.19/jersey-servlet-1.19.jar:/home/user/.m2/repository/com/sun/jersey/jersey-json/1.19/jersey-json-1.19.jar:/home/user/.m2/repository/org/codehaus/jettison/jettison/1.1/jettison-1.1.jar:/home/user/.m2/repository/com/sun/xml/bind/jaxb-impl/2.3.0.1/jaxb-impl-2.3.0.1.jar:/home/user/.m2/repository/org/codehaus/jackson/jackson-core-asl/1.9.13/jackson-core-asl-1.9.13.jar:/home/user/.m2/repository/org/codehaus/jackson/jackson-mapper-asl/1.9.13/jackson-mapper-asl-1.9.13.jar:/home/user/.m2/repository/org/codehaus/jackson/jackson-jaxrs/1.9.13/jackson-jaxrs-1.9.13.jar:/home/user/.m2/repository/org/codehaus/jackson/jackson-xc/1.9.13/jackson-xc-1.9.13.jar:/home/user/.m2/repository/com/sun/jersey/jersey-server/1.19/jersey-server-1.19.jar:/home/user/.m2/repository/commons-logging/commons-logging/1.1.3/commons-logging-1.1.3.jar:/home/user/.m2/repository/log4j/log4j/1.2.17/log4j-1.2.17.jar:/home/user/.m2/repository/commons-beanutils/commons-beanutils/1.9.4/commons-beanutils-1.9.4.jar:/home/user/.m2/repository/org/apache/commons/commons-configuration2/2.1.1/commons-configuration2-2.1.1.jar:/home/user/.m2/repository/org/apache/commons/commons-lang3/3.7/commons-lang3-3.7.jar:/home/user/.m2/repository/org/apache/commons/commons-text/1.4/commons-text-1.4.jar:/home/user/.m2/repository/org/slf4j/slf4j-api/1.7.25/slf4j-api-1.7.25.jar:/home/user/.m2/repository/org/slf4j/slf4j-log4j12/1.7.25/slf4j-log4j12-1.7.25.jar:/home/user/.m2/repository/org/apache/avro/avro/1.7.7/avro-1.7.7.jar:/home/user/.m2/repository/com/thoughtworks/paranamer/paranamer/2.3/paranamer-2.3.jar:/home/user/.m2/repository/org/xerial/snappy/snappy-java/1.0.5/snappy-java-1.0.5.jar:/home/user/.m2/repository/com/google/re2j/re2j/1.1/re2j-1.1.jar:/home/user/.m2/repository/com/google/code/gson/gson/2.2.4/gson-2.2.4.jar:/home/user/.m2/repository/org/apache/hadoop/hadoop-auth/3.2.0/hadoop-auth-3.2.0.jar:/home/user/.m2/repository/com/nimbusds/nimbus-jose-jwt/4.41.1/nimbus-jose-jwt-4.41.1.jar:/home/user/.m2/repository/com/github/stephenc/jcip/jcip-annotations/1.0-1/jcip-annotations-1.0-1.jar:/home/user/.m2/repository/net/minidev/json-smart/2.3/json-smart-2.3.jar:/home/user/.m2/repository/net/minidev/accessors-smart/1.2/accessors-smart-1.2.jar:/home/user/.m2/repository/org/apache/curator/curator-framework/2.12.0/curator-framework-2.12.0.jar:/home/user/.m2/repository/com/jcraft/jsch/0.1.54/jsch-0.1.54.jar:/home/user/.m2/repository/org/apache/curator/curator-client/2.12.0/curator-client-2.12.0.jar:/home/user/.m2/repository/org/apache/curator/curator-recipes/2.12.0/curator-recipes-2.12.0.jar:/home/user/.m2/repository/com/google/code/findbugs/jsr305/3.0.0/jsr305-3.0.0.jar:/home/user/.m2/repository/org/apache/htrace/htrace-core4/4.1.0-incubating/htrace-core4-4.1.0-incubating.jar:/home/user/.m2/repository/org/apache/zookeeper/zookeeper/3.4.13/zookeeper-3.4.13.jar:/home/user/.m2/repository/jline/jline/0.9.94/jline-0.9.94.jar:/home/user/.m2/repository/org/apache/yetus/audience-annotations/0.5.0/audience-annotations-0.5.0.jar:/home/user/.m2/repository/org/apache/kerby/kerb-simplekdc/1.0.1/kerb-simplekdc-1.0.1.jar:/home/user/.m2/repository/org/apache/kerby/kerb-client/1.0.1/kerb-client-1.0.1.jar:/home/user/.m2/repository/org/apache/kerby/kerby-config/1.0.1/kerby-config-1.0.1.jar:/home/user/.m2/repository/org/apache/kerby/kerb-core/1.0.1/kerb-core-1.0.1.jar:/home/user/.m2/repository/org/apache/kerby/kerby-pkix/1.0.1/kerby-pkix-1.0.1.jar:/home/user/.m2/repository/org/apache/kerby/kerby-asn1/1.0.1/kerby-asn1-1.0.1.jar:/home/user/.m2/repository/org/apache/kerby/kerby-util/1.0.1/kerby-util-1.0.1.jar:/home/user/.m2/repository/org/apache/kerby/kerb-common/1.0.1/kerb-common-1.0.1.jar:/home/user/.m2/repository/org/apache/kerby/kerb-crypto/1.0.1/kerb-crypto-1.0.1.jar:/home/user/.m2/repository/org/apache/kerby/kerb-util/1.0.1/kerb-util-1.0.1.jar:/home/user/.m2/repository/org/apache/kerby/token-provider/1.0.1/token-provider-1.0.1.jar:/home/user/.m2/repository/org/apache/kerby/kerb-admin/1.0.1/kerb-admin-1.0.1.jar:/home/user/.m2/repository/org/apache/kerby/kerb-server/1.0.1/kerb-server-1.0.1.jar:/home/user/.m2/repository/org/apache/kerby/kerb-identity/1.0.1/kerb-identity-1.0.1.jar:/home/user/.m2/repository/org/apache/kerby/kerby-xdr/1.0.1/kerby-xdr-1.0.1.jar:/home/user/.m2/repository/com/fasterxml/jackson/core/jackson-databind/2.9.9/jackson-databind-2.9.9.jar:/home/user/.m2/repository/com/fasterxml/jackson/core/jackson-core/2.9.9/jackson-core-2.9.9.jar:/home/user/.m2/repository/org/codehaus/woodstox/stax2-api/3.1.4/stax2-api-3.1.4.jar:/home/user/.m2/repository/com/fasterxml/woodstox/woodstox-core/5.0.3/woodstox-core-5.0.3.jar:/home/user/.m2/repository/dnsjava/dnsjava/2.1.7/dnsjava-2.1.7.jar:/home/user/.m2/repository/org/apache/hadoop/hadoop-hdfs/3.2.0/hadoop-hdfs-3.2.0.jar:/home/user/.m2/repository/org/eclipse/jetty/jetty-util-ajax/9.3.25.v20180904/jetty-util-ajax-9.3.25.v20180904.jar:/home/user/.m2/repository/commons-daemon/commons-daemon/1.0.13/commons-daemon-1.0.13.jar:/home/user/.m2/repository/io/netty/netty/3.10.5.Final/netty-3.10.5.Final.jar:/home/user/.m2/repository/io/netty/netty-all/4.0.52.Final/netty-all-4.0.52.Final.jar:/home/user/.m2/repository/org/fusesource/leveldbjni/leveldbjni-all/1.8/leveldbjni-all-1.8.jar:/home/user/.m2/repository/com/sun/xml/bind/jaxb-core/2.3.0.1/jaxb-core-2.3.0.1.jar:/home/user/.m2/repository/javax/xml/bind/jaxb-api/2.3.0/jaxb-api-2.3.0.jar:/home/user/.m2/repository/javax/activation/activation/1.1.1/activation-1.1.1.jar:/home/user/.m2/repository/io/dropwizard/metrics/metrics-core/3.2.4/metrics-core-3.2.4.jar:/home/user/.m2/repository/org/openjdk/jmh/jmh-core/1.19/jmh-core-1.19.jar:/home/user/.m2/repository/net/sf/jopt-simple/jopt-simple/4.6/jopt-simple-4.6.jar:/home/user/.m2/repository/org/openjdk/jmh/jmh-generator-annprocess/1.19/jmh-generator-annprocess-1.19.jar:/home/user/.m2/repository/com/amazonaws/aws-java-sdk-s3/1.11.615/aws-java-sdk-s3-1.11.615.jar:/home/user/.m2/repository/com/amazonaws/aws-java-sdk-kms/1.11.615/aws-java-sdk-kms-1.11.615.jar:/home/user/.m2/repository/com/amazonaws/aws-java-sdk-core/1.11.615/aws-java-sdk-core-1.11.615.jar:/home/user/.m2/repository/software/amazon/ion/ion-java/1.0.2/ion-java-1.0.2.jar:/home/user/.m2/repository/com/fasterxml/jackson/dataformat/jackson-dataformat-cbor/2.9.9/jackson-dataformat-cbor-2.9.9.jar:/home/user/.m2/repository/joda-time/joda-time/2.9.9/joda-time-2.9.9.jar:/home/user/.m2/repository/com/amazonaws/jmespath-java/1.11.615/jmespath-java-1.11.615.jar:/home/user/.m2/repository/com/google/code/findbugs/findbugs/3.0.1/findbugs-3.0.1.jar:/home/user/.m2/repository/net/jcip/jcip-annotations/1.0/jcip-annotations-1.0.jar:/home/user/.m2/repository/com/google/code/findbugs/bcel-findbugs/6.0/bcel-findbugs-6.0.jar:/home/user/.m2/repository/com/google/code/findbugs/jFormatString/2.0.1/jFormatString-2.0.1.jar:/home/user/.m2/repository/dom4j/dom4j/1.6.1/dom4j-1.6.1.jar:/home/user/.m2/repository/xml-apis/xml-apis/1.0.b2/xml-apis-1.0.b2.jar:/home/user/.m2/repository/org/ow2/asm/asm-debug-all/5.0.2/asm-debug-all-5.0.2.jar:/home/user/.m2/repository/org/ow2/asm/asm-commons/5.0.2/asm-commons-5.0.2.jar:/home/user/.m2/repository/org/ow2/asm/asm-tree/5.0.2/asm-tree-5.0.2.jar:/home/user/.m2/repository/org/ow2/asm/asm/5.0.4/asm-5.0.4.jar:/home/user/.m2/repository/commons-lang/commons-lang/2.6/commons-lang-2.6.jar:/home/user/.m2/repository/com/apple/AppleJavaExtensions/1.4/AppleJavaExtensions-1.4.jar:/home/user/.m2/repository/jaxen/jaxen/1.1.6/jaxen-1.1.6.jar:/home/user/.m2/repository/junit/junit/4.11/junit-4.11.jar:/home/user/.m2/repository/org/hamcrest/hamcrest-core/1.3/hamcrest-core-1.3.jar:/home/user/.m2/repository/org/apache/hadoop/hadoop-common/3.2.0/hadoop-common-3.2.0-tests.jar:/workdir/hadoop-ozone/integration-test/target/test-classes:/home/user/.m2/repository/org/apache/hadoop/hadoop-ozone-s3gateway/0.5.0-SNAPSHOT/hadoop-ozone-s3gateway-0.5.0-SNAPSHOT.jar:/home/user/.m2/repository/org/jboss/weld/servlet/weld-servlet/2.4.7.Final/weld-servlet-2.4.7.Final.jar:/home/user/.m2/repository/org/glassfish/jersey/containers/jersey-container-servlet-core/2.27/jersey-container-servlet-core-2.27.jar:/home/user/.m2/repository/org/glassfish/hk2/external/javax.inject/2.5.0-b42/javax.inject-2.5.0-b42.jar:/home/user/.m2/repository/org/glassfish/jersey/core/jersey-common/2.27/jersey-common-2.27.jar:/home/user/.m2/repository/org/glassfish/hk2/osgi-resource-locator/1.0.1/osgi-resource-locator-1.0.1.jar:/home/user/.m2/repository/javax/ws/rs/javax.ws.rs-api/2.1/javax.ws.rs-api-2.1.jar:/home/user/.m2/repository/org/glassfish/jersey/ext/cdi/jersey-cdi1x/2.27/jersey-cdi1x-2.27.jar:/home/user/.m2/repository/org/glassfish/jersey/inject/jersey-hk2/2.27/jersey-hk2-2.27.jar:/home/user/.m2/repository/org/glassfish/hk2/hk2-locator/2.5.0-b42/hk2-locator-2.5.0-b42.jar:/home/user/.m2/repository/org/javassist/javassist/3.22.0-CR2/javassist-3.22.0-CR2.jar:/home/user/.m2/repository/org/glassfish/hk2/hk2-api/2.5.0/hk2-api-2.5.0.jar:/home/user/.m2/repository/org/glassfish/hk2/external/jakarta.inject/2.5.0/jakarta.inject-2.5.0.jar:/home/user/.m2/repository/org/glassfish/hk2/hk2-utils/2.5.0/hk2-utils-2.5.0.jar:/home/user/.m2/repository/jakarta/annotation/jakarta.annotation-api/1.3.4/jakarta.annotation-api-1.3.4.jar:/home/user/.m2/repository/org/glassfish/hk2/external/aopalliance-repackaged/2.5.0/aopalliance-repackaged-2.5.0.jar:/home/user/.m2/repository/com/fasterxml/jackson/dataformat/jackson-dataformat-xml/2.9.0/jackson-dataformat-xml-2.9.0.jar:/home/user/.m2/repository/com/fasterxml/jackson/module/jackson-module-jaxb-annotations/2.9.9/jackson-module-jaxb-annotations-2.9.9.jar:/home/user/.m2/repository/javax/enterprise/cdi-api/1.2/cdi-api-1.2.jar:/home/user/.m2/repository/javax/el/javax.el-api/3.0.0/javax.el-api-3.0.0.jar:/home/user/.m2/repository/javax/interceptor/javax.interceptor-api/1.2/javax.interceptor-api-1.2.jar:/home/user/.m2/repository/javax/inject/javax.inject/1/javax.inject-1.jar:/home/user/.m2/repository/org/apache/hadoop/hadoop-ozone-csi/0.5.0-SNAPSHOT/hadoop-ozone-csi-0.5.0-SNAPSHOT.jar:/home/user/.m2/repository/com/google/protobuf/protobuf-java-util/3.5.1/protobuf-java-util-3.5.1.jar:/home/user/.m2/repository/io/grpc/grpc-netty/1.17.1/grpc-netty-1.17.1.jar:/home/user/.m2/repository/io/grpc/grpc-core/1.17.1/grpc-core-1.17.1.jar:/home/user/.m2/repository/io/grpc/grpc-context/1.17.1/grpc-context-1.17.1.jar:/home/user/.m2/repository/com/google/errorprone/error_prone_annotations/2.2.0/error_prone_annotations-2.2.0.jar:/home/user/.m2/repository/org/codehaus/mojo/animal-sniffer-annotations/1.17/animal-sniffer-annotations-1.17.jar:/home/user/.m2/repository/io/opencensus/opencensus-api/0.17.0/opencensus-api-0.17.0.jar:/home/user/.m2/repository/io/opencensus/opencensus-contrib-grpc-metrics/0.17.0/opencensus-contrib-grpc-metrics-0.17.0.jar:/home/user/.m2/repository/io/netty/netty-codec-http2/4.1.30.Final/netty-codec-http2-4.1.30.Final.jar:/home/user/.m2/repository/io/netty/netty-codec-http/4.1.30.Final/netty-codec-http-4.1.30.Final.jar:/home/user/.m2/repository/io/netty/netty-codec/4.1.30.Final/netty-codec-4.1.30.Final.jar:/home/user/.m2/repository/io/netty/netty-handler/4.1.30.Final/netty-handler-4.1.30.Final.jar:/home/user/.m2/repository/io/netty/netty-handler-proxy/4.1.30.Final/netty-handler-proxy-4.1.30.Final.jar:/home/user/.m2/repository/io/netty/netty-codec-socks/4.1.30.Final/netty-codec-socks-4.1.30.Final.jar:/home/user/.m2/repository/io/netty/netty-transport-native-epoll/4.1.30.Final/netty-transport-native-epoll-4.1.30.Final.jar:/home/user/.m2/repository/io/netty/netty-common/4.1.30.Final/netty-common-4.1.30.Final.jar:/home/user/.m2/repository/io/netty/netty-buffer/4.1.30.Final/netty-buffer-4.1.30.Final.jar:/home/user/.m2/repository/io/netty/netty-transport/4.1.30.Final/netty-transport-4.1.30.Final.jar:/home/user/.m2/repository/io/netty/netty-resolver/4.1.30.Final/netty-resolver-4.1.30.Final.jar:/home/user/.m2/repository/io/netty/netty-transport-native-unix-common/4.1.30.Final/netty-transport-native-unix-common-4.1.30.Final.jar:/home/user/.m2/repository/io/grpc/grpc-protobuf/1.17.1/grpc-protobuf-1.17.1.jar:/home/user/.m2/repository/com/google/api/grpc/proto-google-common-protos/1.0.0/proto-google-common-protos-1.0.0.jar:/home/user/.m2/repository/io/grpc/grpc-protobuf-lite/1.17.1/grpc-protobuf-lite-1.17.1.jar:/home/user/.m2/repository/io/grpc/grpc-stub/1.17.1/grpc-stub-1.17.1.jar:/home/user/.m2/repository/org/apache/hadoop/hadoop-ozone-recon/0.5.0-SNAPSHOT/hadoop-ozone-recon-0.5.0-SNAPSHOT.jar:/home/user/.m2/repository/org/apache/hadoop/hadoop-ozone-reconcodegen/0.5.0-SNAPSHOT/hadoop-ozone-reconcodegen-0.5.0-SNAPSHOT.jar:/home/user/.m2/repository/com/google/inject/extensions/guice-multibindings/4.0/guice-multibindings-4.0.jar:/home/user/.m2/repository/com/google/inject/guice/4.0/guice-4.0.jar:/home/user/.m2/repository/aopalliance/aopalliance/1.0/aopalliance-1.0.jar:/home/user/.m2/repository/com/google/inject/extensions/guice-servlet/4.0/guice-servlet-4.0.jar:/home/user/.m2/repository/org/glassfish/jersey/containers/jersey-container-servlet/2.27/jersey-container-servlet-2.27.jar:/home/user/.m2/repository/org/glassfish/hk2/guice-bridge/2.5.0/guice-bridge-2.5.0.jar:/home/user/.m2/repository/org/glassfish/jersey/core/jersey-server/2.27/jersey-server-2.27.jar:/home/user/.m2/repository/org/glassfish/jersey/core/jersey-client/2.27/jersey-client-2.27.jar:/home/user/.m2/repository/org/glassfish/jersey/media/jersey-media-jaxb/2.27/jersey-media-jaxb-2.27.jar:/home/user/.m2/repository/javax/validation/validation-api/1.1.0.Final/validation-api-1.1.0.Final.jar:/home/user/.m2/repository/org/glassfish/jersey/media/jersey-media-json-jackson/2.27/jersey-media-json-jackson-2.27.jar:/home/user/.m2/repository/org/glassfish/jersey/ext/jersey-entity-filtering/2.27/jersey-entity-filtering-2.27.jar:/home/user/.m2/repository/com/google/inject/extensions/guice-assistedinject/4.0/guice-assistedinject-4.0.jar:/home/user/.m2/repository/org/jooq/jooq/3.11.10/jooq-3.11.10.jar:/home/user/.m2/repository/org/jooq/jooq-meta/3.11.10/jooq-meta-3.11.10.jar:/home/user/.m2/repository/org/jooq/jooq-codegen/3.11.10/jooq-codegen-3.11.10.jar:/home/user/.m2/repository/com/jolbox/bonecp/0.8.0.RELEASE/bonecp-0.8.0.RELEASE.jar:/home/user/.m2/repository/org/springframework/spring-jdbc/5.1.3.RELEASE/spring-jdbc-5.1.3.RELEASE.jar:/home/user/.m2/repository/org/springframework/spring-beans/5.1.3.RELEASE/spring-beans-5.1.3.RELEASE.jar:/home/user/.m2/repository/org/springframework/spring-core/5.1.3.RELEASE/spring-core-5.1.3.RELEASE.jar:/home/user/.m2/repository/org/springframework/spring-jcl/5.1.3.RELEASE/spring-jcl-5.1.3.RELEASE.jar:/home/user/.m2/repository/org/springframework/spring-tx/5.1.3.RELEASE/spring-tx-5.1.3.RELEASE.jar:/home/user/.m2/repository/org/mockito/mockito-core/2.15.0/mockito-core-2.15.0.jar:/home/user/.m2/repository/net/bytebuddy/byte-buddy/1.7.9/byte-buddy-1.7.9.jar:/home/user/.m2/repository/net/bytebuddy/byte-buddy-agent/1.7.9/byte-buddy-agent-1.7.9.jar:/home/user/.m2/repository/org/objenesis/objenesis/1.0/objenesis-1.0.jar:"/>
    <property name="java.vm.vendor" value="IcedTea"/>
    <property name="sun.arch.data.model" value="64"/>
    <property name="test.build.dir" value="/workdir/hadoop-ozone/tools/target/test-dir"/>
    <property name="test.cache.data" value=""/>
    <property name="java.vendor.url" value="https://icedtea.classpath.org"/>
    <property name="user.timezone" value=""/>
    <property name="java.vm.specification.version" value="1.8"/>
    <property name="os.name" value="Linux"/>
    <property name="test.build.data" value="/workdir/hadoop-ozone/tools/target/test-dir"/>
    <property name="user.country" value="US"/>
    <property name="sun.java.launcher" value="SUN_STANDARD"/>
    <property name="sun.boot.library.path" value="/usr/lib/jvm/java-1.8-openjdk/jre/lib/amd64"/>
    <property name="sun.java.command" value="/workdir/hadoop-ozone/tools/target/surefire/surefirebooter1605506102686425228.jar /workdir/hadoop-ozone/tools/target/surefire 2019-09-25T03-16-05_214-jvmRun1 surefire2837595425123367830tmp surefire_11625434225054996025tmp"/>
    <property name="test" value="!TestMiniChaosOzoneCluster"/>
    <property name="surefire.test.class.path" value="/workdir/hadoop-ozone/tools/target/test-classes:/workdir/hadoop-ozone/tools/target/classes:/home/user/.m2/repository/org/apache/hadoop/hadoop-ozone-ozone-manager/0.5.0-SNAPSHOT/hadoop-ozone-ozone-manager-0.5.0-SNAPSHOT.jar:/home/user/.m2/repository/org/apache/hadoop/hadoop-hdds-docs/0.5.0-SNAPSHOT/hadoop-hdds-docs-0.5.0-SNAPSHOT.jar:/home/user/.m2/repository/org/bouncycastle/bcprov-jdk15on/1.60/bcprov-jdk15on-1.60.jar:/home/user/.m2/repository/org/apache/hadoop/hadoop-ozone-common/0.5.0-SNAPSHOT/hadoop-ozone-common-0.5.0-SNAPSHOT.jar:/home/user/.m2/repository/org/apache/commons/commons-compress/1.4.1/commons-compress-1.4.1.jar:/home/user/.m2/repository/org/tukaani/xz/1.0/xz-1.0.jar:/home/user/.m2/repository/org/apache/hadoop/hadoop-hdfs-client/3.2.0/hadoop-hdfs-client-3.2.0.jar:/home/user/.m2/repository/com/fasterxml/jackson/core/jackson-annotations/2.9.9/jackson-annotations-2.9.9.jar:/home/user/.m2/repository/org/apache/hadoop/hadoop-hdds-common/0.5.0-SNAPSHOT/hadoop-hdds-common-0.5.0-SNAPSHOT.jar:/home/user/.m2/repository/org/apache/hadoop/hadoop-hdds-config/0.5.0-SNAPSHOT/hadoop-hdds-config-0.5.0-SNAPSHOT.jar:/home/user/.m2/repository/javax/annotation/javax.annotation-api/1.2/javax.annotation-api-1.2.jar:/home/user/.m2/repository/org/apache/ratis/ratis-server/0.4.0/ratis-server-0.4.0.jar:/home/user/.m2/repository/org/apache/ratis/ratis-thirdparty-misc/0.2.0/ratis-thirdparty-misc-0.2.0.jar:/home/user/.m2/repository/org/apache/ratis/ratis-proto/0.4.0/ratis-proto-0.4.0.jar:/home/user/.m2/repository/org/apache/ratis/ratis-common/0.4.0/ratis-common-0.4.0.jar:/home/user/.m2/repository/org/apache/ratis/ratis-client/0.4.0/ratis-client-0.4.0.jar:/home/user/.m2/repository/org/apache/ratis/ratis-metrics/0.4.0/ratis-metrics-0.4.0.jar:/home/user/.m2/repository/com/github/joshelser/dropwizard-metrics-hadoop-metrics2-reporter/0.1.2/dropwizard-metrics-hadoop-metrics2-reporter-0.1.2.jar:/home/user/.m2/repository/io/dropwizard/metrics/metrics-jvm/3.2.5/metrics-jvm-3.2.5.jar:/home/user/.m2/repository/io/dropwizard/metrics/metrics-ganglia/3.2.5/metrics-ganglia-3.2.5.jar:/home/user/.m2/repository/info/ganglia/gmetric4j/gmetric4j/1.0.7/gmetric4j-1.0.7.jar:/home/user/.m2/repository/org/apache/ratis/ratis-netty/0.4.0/ratis-netty-0.4.0.jar:/home/user/.m2/repository/org/apache/ratis/ratis-grpc/0.4.0/ratis-grpc-0.4.0.jar:/home/user/.m2/repository/org/rocksdb/rocksdbjni/6.0.1/rocksdbjni-6.0.1.jar:/home/user/.m2/repository/org/apache/logging/log4j/log4j-api/2.11.0/log4j-api-2.11.0.jar:/home/user/.m2/repository/org/apache/logging/log4j/log4j-core/2.11.0/log4j-core-2.11.0.jar:/home/user/.m2/repository/com/lmax/disruptor/3.4.2/disruptor-3.4.2.jar:/home/user/.m2/repository/org/apache/commons/commons-pool2/2.6.0/commons-pool2-2.6.0.jar:/home/user/.m2/repository/org/bouncycastle/bcpkix-jdk15on/1.60/bcpkix-jdk15on-1.60.jar:/home/user/.m2/repository/commons-validator/commons-validator/1.6/commons-validator-1.6.jar:/home/user/.m2/repository/commons-digester/commons-digester/1.8.1/commons-digester-1.8.1.jar:/home/user/.m2/repository/io/jaegertracing/jaeger-client/0.34.0/jaeger-client-0.34.0.jar:/home/user/.m2/repository/io/jaegertracing/jaeger-thrift/0.34.0/jaeger-thrift-0.34.0.jar:/home/user/.m2/repository/org/apache/thrift/libthrift/0.12.0/libthrift-0.12.0.jar:/home/user/.m2/repository/com/squareup/okhttp3/okhttp/3.9.0/okhttp-3.9.0.jar:/home/user/.m2/repository/com/squareup/okio/okio/1.13.0/okio-1.13.0.jar:/home/user/.m2/repository/io/jaegertracing/jaeger-core/0.34.0/jaeger-core-0.34.0.jar:/home/user/.m2/repository/io/jaegertracing/jaeger-tracerresolver/0.34.0/jaeger-tracerresolver-0.34.0.jar:/home/user/.m2/repository/io/opentracing/contrib/opentracing-tracerresolver/0.1.5/opentracing-tracerresolver-0.1.5.jar:/home/user/.m2/repository/io/opentracing/opentracing-util/0.31.0/opentracing-util-0.31.0.jar:/home/user/.m2/repository/io/opentracing/opentracing-api/0.31.0/opentracing-api-0.31.0.jar:/home/user/.m2/repository/io/opentracing/opentracing-noop/0.31.0/opentracing-noop-0.31.0.jar:/home/user/.m2/repository/org/yaml/snakeyaml/1.16/snakeyaml-1.16.jar:/home/user/.m2/repository/org/apache/hadoop/hadoop-hdds-container-service/0.5.0-SNAPSHOT/hadoop-hdds-container-service-0.5.0-SNAPSHOT.jar:/home/user/.m2/repository/org/apache/hadoop/hadoop-hdds-client/0.5.0-SNAPSHOT/hadoop-hdds-client-0.5.0-SNAPSHOT.jar:/home/user/.m2/repository/org/apache/hadoop/hadoop-hdds-tools/0.5.0-SNAPSHOT/hadoop-hdds-tools-0.5.0-SNAPSHOT.jar:/home/user/.m2/repository/org/xerial/sqlite-jdbc/3.25.2/sqlite-jdbc-3.25.2.jar:/home/user/.m2/repository/org/apache/hadoop/hadoop-hdds-server-scm/0.5.0-SNAPSHOT/hadoop-hdds-server-scm-0.5.0-SNAPSHOT.jar:/home/user/.m2/repository/org/hamcrest/hamcrest-all/1.3/hamcrest-all-1.3.jar:/home/user/.m2/repository/info/picocli/picocli/3.9.6/picocli-3.9.6.jar:/home/user/.m2/repository/com/google/protobuf/protobuf-java/2.5.0/protobuf-java-2.5.0.jar:/home/user/.m2/repository/com/google/guava/guava/11.0.2/guava-11.0.2.jar:/home/user/.m2/repository/org/apache/hadoop/hadoop-ozone-client/0.5.0-SNAPSHOT/hadoop-ozone-client-0.5.0-SNAPSHOT.jar:/workdir/hadoop-ozone/ozonefs/target/classes:/home/user/.m2/repository/org/apache/hadoop/hadoop-hdds-server-framework/0.5.0-SNAPSHOT/hadoop-hdds-server-framework-0.5.0-SNAPSHOT.jar:/home/user/.m2/repository/org/apache/hadoop/hadoop-common/3.2.0/hadoop-common-3.2.0.jar:/home/user/.m2/repository/org/apache/hadoop/hadoop-annotations/3.2.0/hadoop-annotations-3.2.0.jar:/usr/lib/jvm/java-1.8-openjdk/jre/../lib/tools.jar:/home/user/.m2/repository/commons-cli/commons-cli/1.2/commons-cli-1.2.jar:/home/user/.m2/repository/org/apache/commons/commons-math3/3.1.1/commons-math3-3.1.1.jar:/home/user/.m2/repository/org/apache/httpcomponents/httpclient/4.5.2/httpclient-4.5.2.jar:/home/user/.m2/repository/org/apache/httpcomponents/httpcore/4.4.4/httpcore-4.4.4.jar:/home/user/.m2/repository/commons-codec/commons-codec/1.11/commons-codec-1.11.jar:/home/user/.m2/repository/commons-io/commons-io/2.5/commons-io-2.5.jar:/home/user/.m2/repository/commons-net/commons-net/3.6/commons-net-3.6.jar:/home/user/.m2/repository/commons-collections/commons-collections/3.2.2/commons-collections-3.2.2.jar:/home/user/.m2/repository/javax/servlet/javax.servlet-api/3.1.0/javax.servlet-api-3.1.0.jar:/home/user/.m2/repository/org/eclipse/jetty/jetty-server/9.3.25.v20180904/jetty-server-9.3.25.v20180904.jar:/home/user/.m2/repository/org/eclipse/jetty/jetty-http/9.3.25.v20180904/jetty-http-9.3.25.v20180904.jar:/home/user/.m2/repository/org/eclipse/jetty/jetty-io/9.3.25.v20180904/jetty-io-9.3.25.v20180904.jar:/home/user/.m2/repository/org/eclipse/jetty/jetty-util/9.3.25.v20180904/jetty-util-9.3.25.v20180904.jar:/home/user/.m2/repository/org/eclipse/jetty/jetty-servlet/9.3.25.v20180904/jetty-servlet-9.3.25.v20180904.jar:/home/user/.m2/repository/org/eclipse/jetty/jetty-security/9.3.25.v20180904/jetty-security-9.3.25.v20180904.jar:/home/user/.m2/repository/org/eclipse/jetty/jetty-webapp/9.3.25.v20180904/jetty-webapp-9.3.25.v20180904.jar:/home/user/.m2/repository/org/eclipse/jetty/jetty-xml/9.3.25.v20180904/jetty-xml-9.3.25.v20180904.jar:/home/user/.m2/repository/javax/servlet/jsp/jsp-api/2.1/jsp-api-2.1.jar:/home/user/.m2/repository/com/sun/jersey/jersey-core/1.19/jersey-core-1.19.jar:/home/user/.m2/repository/javax/ws/rs/jsr311-api/1.1.1/jsr311-api-1.1.1.jar:/home/user/.m2/repository/com/sun/jersey/jersey-servlet/1.19/jersey-servlet-1.19.jar:/home/user/.m2/repository/com/sun/jersey/jersey-json/1.19/jersey-json-1.19.jar:/home/user/.m2/repository/org/codehaus/jettison/jettison/1.1/jettison-1.1.jar:/home/user/.m2/repository/com/sun/xml/bind/jaxb-impl/2.3.0.1/jaxb-impl-2.3.0.1.jar:/home/user/.m2/repository/org/codehaus/jackson/jackson-core-asl/1.9.13/jackson-core-asl-1.9.13.jar:/home/user/.m2/repository/org/codehaus/jackson/jackson-mapper-asl/1.9.13/jackson-mapper-asl-1.9.13.jar:/home/user/.m2/repository/org/codehaus/jackson/jackson-jaxrs/1.9.13/jackson-jaxrs-1.9.13.jar:/home/user/.m2/repository/org/codehaus/jackson/jackson-xc/1.9.13/jackson-xc-1.9.13.jar:/home/user/.m2/repository/com/sun/jersey/jersey-server/1.19/jersey-server-1.19.jar:/home/user/.m2/repository/commons-logging/commons-logging/1.1.3/commons-logging-1.1.3.jar:/home/user/.m2/repository/log4j/log4j/1.2.17/log4j-1.2.17.jar:/home/user/.m2/repository/commons-beanutils/commons-beanutils/1.9.4/commons-beanutils-1.9.4.jar:/home/user/.m2/repository/org/apache/commons/commons-configuration2/2.1.1/commons-configuration2-2.1.1.jar:/home/user/.m2/repository/org/apache/commons/commons-lang3/3.7/commons-lang3-3.7.jar:/home/user/.m2/repository/org/apache/commons/commons-text/1.4/commons-text-1.4.jar:/home/user/.m2/repository/org/slf4j/slf4j-api/1.7.25/slf4j-api-1.7.25.jar:/home/user/.m2/repository/org/slf4j/slf4j-log4j12/1.7.25/slf4j-log4j12-1.7.25.jar:/home/user/.m2/repository/org/apache/avro/avro/1.7.7/avro-1.7.7.jar:/home/user/.m2/repository/com/thoughtworks/paranamer/paranamer/2.3/paranamer-2.3.jar:/home/user/.m2/repository/org/xerial/snappy/snappy-java/1.0.5/snappy-java-1.0.5.jar:/home/user/.m2/repository/com/google/re2j/re2j/1.1/re2j-1.1.jar:/home/user/.m2/repository/com/google/code/gson/gson/2.2.4/gson-2.2.4.jar:/home/user/.m2/repository/org/apache/hadoop/hadoop-auth/3.2.0/hadoop-auth-3.2.0.jar:/home/user/.m2/repository/com/nimbusds/nimbus-jose-jwt/4.41.1/nimbus-jose-jwt-4.41.1.jar:/home/user/.m2/repository/com/github/stephenc/jcip/jcip-annotations/1.0-1/jcip-annotations-1.0-1.jar:/home/user/.m2/repository/net/minidev/json-smart/2.3/json-smart-2.3.jar:/home/user/.m2/repository/net/minidev/accessors-smart/1.2/accessors-smart-1.2.jar:/home/user/.m2/repository/org/apache/curator/curator-framework/2.12.0/curator-framework-2.12.0.jar:/home/user/.m2/repository/com/jcraft/jsch/0.1.54/jsch-0.1.54.jar:/home/user/.m2/repository/org/apache/curator/curator-client/2.12.0/curator-client-2.12.0.jar:/home/user/.m2/repository/org/apache/curator/curator-recipes/2.12.0/curator-recipes-2.12.0.jar:/home/user/.m2/repository/com/google/code/findbugs/jsr305/3.0.0/jsr305-3.0.0.jar:/home/user/.m2/repository/org/apache/htrace/htrace-core4/4.1.0-incubating/htrace-core4-4.1.0-incubating.jar:/home/user/.m2/repository/org/apache/zookeeper/zookeeper/3.4.13/zookeeper-3.4.13.jar:/home/user/.m2/repository/jline/jline/0.9.94/jline-0.9.94.jar:/home/user/.m2/repository/org/apache/yetus/audience-annotations/0.5.0/audience-annotations-0.5.0.jar:/home/user/.m2/repository/org/apache/kerby/kerb-simplekdc/1.0.1/kerb-simplekdc-1.0.1.jar:/home/user/.m2/repository/org/apache/kerby/kerb-client/1.0.1/kerb-client-1.0.1.jar:/home/user/.m2/repository/org/apache/kerby/kerby-config/1.0.1/kerby-config-1.0.1.jar:/home/user/.m2/repository/org/apache/kerby/kerb-core/1.0.1/kerb-core-1.0.1.jar:/home/user/.m2/repository/org/apache/kerby/kerby-pkix/1.0.1/kerby-pkix-1.0.1.jar:/home/user/.m2/repository/org/apache/kerby/kerby-asn1/1.0.1/kerby-asn1-1.0.1.jar:/home/user/.m2/repository/org/apache/kerby/kerby-util/1.0.1/kerby-util-1.0.1.jar:/home/user/.m2/repository/org/apache/kerby/kerb-common/1.0.1/kerb-common-1.0.1.jar:/home/user/.m2/repository/org/apache/kerby/kerb-crypto/1.0.1/kerb-crypto-1.0.1.jar:/home/user/.m2/repository/org/apache/kerby/kerb-util/1.0.1/kerb-util-1.0.1.jar:/home/user/.m2/repository/org/apache/kerby/token-provider/1.0.1/token-provider-1.0.1.jar:/home/user/.m2/repository/org/apache/kerby/kerb-admin/1.0.1/kerb-admin-1.0.1.jar:/home/user/.m2/repository/org/apache/kerby/kerb-server/1.0.1/kerb-server-1.0.1.jar:/home/user/.m2/repository/org/apache/kerby/kerb-identity/1.0.1/kerb-identity-1.0.1.jar:/home/user/.m2/repository/org/apache/kerby/kerby-xdr/1.0.1/kerby-xdr-1.0.1.jar:/home/user/.m2/repository/com/fasterxml/jackson/core/jackson-databind/2.9.9/jackson-databind-2.9.9.jar:/home/user/.m2/repository/com/fasterxml/jackson/core/jackson-core/2.9.9/jackson-core-2.9.9.jar:/home/user/.m2/repository/org/codehaus/woodstox/stax2-api/3.1.4/stax2-api-3.1.4.jar:/home/user/.m2/repository/com/fasterxml/woodstox/woodstox-core/5.0.3/woodstox-core-5.0.3.jar:/home/user/.m2/repository/dnsjava/dnsjava/2.1.7/dnsjava-2.1.7.jar:/home/user/.m2/repository/org/apache/hadoop/hadoop-hdfs/3.2.0/hadoop-hdfs-3.2.0.jar:/home/user/.m2/repository/org/eclipse/jetty/jetty-util-ajax/9.3.25.v20180904/jetty-util-ajax-9.3.25.v20180904.jar:/home/user/.m2/repository/commons-daemon/commons-daemon/1.0.13/commons-daemon-1.0.13.jar:/home/user/.m2/repository/io/netty/netty/3.10.5.Final/netty-3.10.5.Final.jar:/home/user/.m2/repository/io/netty/netty-all/4.0.52.Final/netty-all-4.0.52.Final.jar:/home/user/.m2/repository/org/fusesource/leveldbjni/leveldbjni-all/1.8/leveldbjni-all-1.8.jar:/home/user/.m2/repository/com/sun/xml/bind/jaxb-core/2.3.0.1/jaxb-core-2.3.0.1.jar:/home/user/.m2/repository/javax/xml/bind/jaxb-api/2.3.0/jaxb-api-2.3.0.jar:/home/user/.m2/repository/javax/activation/activation/1.1.1/activation-1.1.1.jar:/home/user/.m2/repository/io/dropwizard/metrics/metrics-core/3.2.4/metrics-core-3.2.4.jar:/home/user/.m2/repository/org/openjdk/jmh/jmh-core/1.19/jmh-core-1.19.jar:/home/user/.m2/repository/net/sf/jopt-simple/jopt-simple/4.6/jopt-simple-4.6.jar:/home/user/.m2/repository/org/openjdk/jmh/jmh-generator-annprocess/1.19/jmh-generator-annprocess-1.19.jar:/home/user/.m2/repository/com/amazonaws/aws-java-sdk-s3/1.11.615/aws-java-sdk-s3-1.11.615.jar:/home/user/.m2/repository/com/amazonaws/aws-java-sdk-kms/1.11.615/aws-java-sdk-kms-1.11.615.jar:/home/user/.m2/repository/com/amazonaws/aws-java-sdk-core/1.11.615/aws-java-sdk-core-1.11.615.jar:/home/user/.m2/repository/software/amazon/ion/ion-java/1.0.2/ion-java-1.0.2.jar:/home/user/.m2/repository/com/fasterxml/jackson/dataformat/jackson-dataformat-cbor/2.9.9/jackson-dataformat-cbor-2.9.9.jar:/home/user/.m2/repository/joda-time/joda-time/2.9.9/joda-time-2.9.9.jar:/home/user/.m2/repository/com/amazonaws/jmespath-java/1.11.615/jmespath-java-1.11.615.jar:/home/user/.m2/repository/com/google/code/findbugs/findbugs/3.0.1/findbugs-3.0.1.jar:/home/user/.m2/repository/net/jcip/jcip-annotations/1.0/jcip-annotations-1.0.jar:/home/user/.m2/repository/com/google/code/findbugs/bcel-findbugs/6.0/bcel-findbugs-6.0.jar:/home/user/.m2/repository/com/google/code/findbugs/jFormatString/2.0.1/jFormatString-2.0.1.jar:/home/user/.m2/repository/dom4j/dom4j/1.6.1/dom4j-1.6.1.jar:/home/user/.m2/repository/xml-apis/xml-apis/1.0.b2/xml-apis-1.0.b2.jar:/home/user/.m2/repository/org/ow2/asm/asm-debug-all/5.0.2/asm-debug-all-5.0.2.jar:/home/user/.m2/repository/org/ow2/asm/asm-commons/5.0.2/asm-commons-5.0.2.jar:/home/user/.m2/repository/org/ow2/asm/asm-tree/5.0.2/asm-tree-5.0.2.jar:/home/user/.m2/repository/org/ow2/asm/asm/5.0.4/asm-5.0.4.jar:/home/user/.m2/repository/commons-lang/commons-lang/2.6/commons-lang-2.6.jar:/home/user/.m2/repository/com/apple/AppleJavaExtensions/1.4/AppleJavaExtensions-1.4.jar:/home/user/.m2/repository/jaxen/jaxen/1.1.6/jaxen-1.1.6.jar:/home/user/.m2/repository/junit/junit/4.11/junit-4.11.jar:/home/user/.m2/repository/org/hamcrest/hamcrest-core/1.3/hamcrest-core-1.3.jar:/home/user/.m2/repository/org/apache/hadoop/hadoop-common/3.2.0/hadoop-common-3.2.0-tests.jar:/workdir/hadoop-ozone/integration-test/target/test-classes:/home/user/.m2/repository/org/apache/hadoop/hadoop-ozone-s3gateway/0.5.0-SNAPSHOT/hadoop-ozone-s3gateway-0.5.0-SNAPSHOT.jar:/home/user/.m2/repository/org/jboss/weld/servlet/weld-servlet/2.4.7.Final/weld-servlet-2.4.7.Final.jar:/home/user/.m2/repository/org/glassfish/jersey/containers/jersey-container-servlet-core/2.27/jersey-container-servlet-core-2.27.jar:/home/user/.m2/repository/org/glassfish/hk2/external/javax.inject/2.5.0-b42/javax.inject-2.5.0-b42.jar:/home/user/.m2/repository/org/glassfish/jersey/core/jersey-common/2.27/jersey-common-2.27.jar:/home/user/.m2/repository/org/glassfish/hk2/osgi-resource-locator/1.0.1/osgi-resource-locator-1.0.1.jar:/home/user/.m2/repository/javax/ws/rs/javax.ws.rs-api/2.1/javax.ws.rs-api-2.1.jar:/home/user/.m2/repository/org/glassfish/jersey/ext/cdi/jersey-cdi1x/2.27/jersey-cdi1x-2.27.jar:/home/user/.m2/repository/org/glassfish/jersey/inject/jersey-hk2/2.27/jersey-hk2-2.27.jar:/home/user/.m2/repository/org/glassfish/hk2/hk2-locator/2.5.0-b42/hk2-locator-2.5.0-b42.jar:/home/user/.m2/repository/org/javassist/javassist/3.22.0-CR2/javassist-3.22.0-CR2.jar:/home/user/.m2/repository/org/glassfish/hk2/hk2-api/2.5.0/hk2-api-2.5.0.jar:/home/user/.m2/repository/org/glassfish/hk2/external/jakarta.inject/2.5.0/jakarta.inject-2.5.0.jar:/home/user/.m2/repository/org/glassfish/hk2/hk2-utils/2.5.0/hk2-utils-2.5.0.jar:/home/user/.m2/repository/jakarta/annotation/jakarta.annotation-api/1.3.4/jakarta.annotation-api-1.3.4.jar:/home/user/.m2/repository/org/glassfish/hk2/external/aopalliance-repackaged/2.5.0/aopalliance-repackaged-2.5.0.jar:/home/user/.m2/repository/com/fasterxml/jackson/dataformat/jackson-dataformat-xml/2.9.0/jackson-dataformat-xml-2.9.0.jar:/home/user/.m2/repository/com/fasterxml/jackson/module/jackson-module-jaxb-annotations/2.9.9/jackson-module-jaxb-annotations-2.9.9.jar:/home/user/.m2/repository/javax/enterprise/cdi-api/1.2/cdi-api-1.2.jar:/home/user/.m2/repository/javax/el/javax.el-api/3.0.0/javax.el-api-3.0.0.jar:/home/user/.m2/repository/javax/interceptor/javax.interceptor-api/1.2/javax.interceptor-api-1.2.jar:/home/user/.m2/repository/javax/inject/javax.inject/1/javax.inject-1.jar:/home/user/.m2/repository/org/apache/hadoop/hadoop-ozone-csi/0.5.0-SNAPSHOT/hadoop-ozone-csi-0.5.0-SNAPSHOT.jar:/home/user/.m2/repository/com/google/protobuf/protobuf-java-util/3.5.1/protobuf-java-util-3.5.1.jar:/home/user/.m2/repository/io/grpc/grpc-netty/1.17.1/grpc-netty-1.17.1.jar:/home/user/.m2/repository/io/grpc/grpc-core/1.17.1/grpc-core-1.17.1.jar:/home/user/.m2/repository/io/grpc/grpc-context/1.17.1/grpc-context-1.17.1.jar:/home/user/.m2/repository/com/google/errorprone/error_prone_annotations/2.2.0/error_prone_annotations-2.2.0.jar:/home/user/.m2/repository/org/codehaus/mojo/animal-sniffer-annotations/1.17/animal-sniffer-annotations-1.17.jar:/home/user/.m2/repository/io/opencensus/opencensus-api/0.17.0/opencensus-api-0.17.0.jar:/home/user/.m2/repository/io/opencensus/opencensus-contrib-grpc-metrics/0.17.0/opencensus-contrib-grpc-metrics-0.17.0.jar:/home/user/.m2/repository/io/netty/netty-codec-http2/4.1.30.Final/netty-codec-http2-4.1.30.Final.jar:/home/user/.m2/repository/io/netty/netty-codec-http/4.1.30.Final/netty-codec-http-4.1.30.Final.jar:/home/user/.m2/repository/io/netty/netty-codec/4.1.30.Final/netty-codec-4.1.30.Final.jar:/home/user/.m2/repository/io/netty/netty-handler/4.1.30.Final/netty-handler-4.1.30.Final.jar:/home/user/.m2/repository/io/netty/netty-handler-proxy/4.1.30.Final/netty-handler-proxy-4.1.30.Final.jar:/home/user/.m2/repository/io/netty/netty-codec-socks/4.1.30.Final/netty-codec-socks-4.1.30.Final.jar:/home/user/.m2/repository/io/netty/netty-transport-native-epoll/4.1.30.Final/netty-transport-native-epoll-4.1.30.Final.jar:/home/user/.m2/repository/io/netty/netty-common/4.1.30.Final/netty-common-4.1.30.Final.jar:/home/user/.m2/repository/io/netty/netty-buffer/4.1.30.Final/netty-buffer-4.1.30.Final.jar:/home/user/.m2/repository/io/netty/netty-transport/4.1.30.Final/netty-transport-4.1.30.Final.jar:/home/user/.m2/repository/io/netty/netty-resolver/4.1.30.Final/netty-resolver-4.1.30.Final.jar:/home/user/.m2/repository/io/netty/netty-transport-native-unix-common/4.1.30.Final/netty-transport-native-unix-common-4.1.30.Final.jar:/home/user/.m2/repository/io/grpc/grpc-protobuf/1.17.1/grpc-protobuf-1.17.1.jar:/home/user/.m2/repository/com/google/api/grpc/proto-google-common-protos/1.0.0/proto-google-common-protos-1.0.0.jar:/home/user/.m2/repository/io/grpc/grpc-protobuf-lite/1.17.1/grpc-protobuf-lite-1.17.1.jar:/home/user/.m2/repository/io/grpc/grpc-stub/1.17.1/grpc-stub-1.17.1.jar:/home/user/.m2/repository/org/apache/hadoop/hadoop-ozone-recon/0.5.0-SNAPSHOT/hadoop-ozone-recon-0.5.0-SNAPSHOT.jar:/home/user/.m2/repository/org/apache/hadoop/hadoop-ozone-reconcodegen/0.5.0-SNAPSHOT/hadoop-ozone-reconcodegen-0.5.0-SNAPSHOT.jar:/home/user/.m2/repository/com/google/inject/extensions/guice-multibindings/4.0/guice-multibindings-4.0.jar:/home/user/.m2/repository/com/google/inject/guice/4.0/guice-4.0.jar:/home/user/.m2/repository/aopalliance/aopalliance/1.0/aopalliance-1.0.jar:/home/user/.m2/repository/com/google/inject/extensions/guice-servlet/4.0/guice-servlet-4.0.jar:/home/user/.m2/repository/org/glassfish/jersey/containers/jersey-container-servlet/2.27/jersey-container-servlet-2.27.jar:/home/user/.m2/repository/org/glassfish/hk2/guice-bridge/2.5.0/guice-bridge-2.5.0.jar:/home/user/.m2/repository/org/glassfish/jersey/core/jersey-server/2.27/jersey-server-2.27.jar:/home/user/.m2/repository/org/glassfish/jersey/core/jersey-client/2.27/jersey-client-2.27.jar:/home/user/.m2/repository/org/glassfish/jersey/media/jersey-media-jaxb/2.27/jersey-media-jaxb-2.27.jar:/home/user/.m2/repository/javax/validation/validation-api/1.1.0.Final/validation-api-1.1.0.Final.jar:/home/user/.m2/repository/org/glassfish/jersey/media/jersey-media-json-jackson/2.27/jersey-media-json-jackson-2.27.jar:/home/user/.m2/repository/org/glassfish/jersey/ext/jersey-entity-filtering/2.27/jersey-entity-filtering-2.27.jar:/home/user/.m2/repository/com/google/inject/extensions/guice-assistedinject/4.0/guice-assistedinject-4.0.jar:/home/user/.m2/repository/org/jooq/jooq/3.11.10/jooq-3.11.10.jar:/home/user/.m2/repository/org/jooq/jooq-meta/3.11.10/jooq-meta-3.11.10.jar:/home/user/.m2/repository/org/jooq/jooq-codegen/3.11.10/jooq-codegen-3.11.10.jar:/home/user/.m2/repository/com/jolbox/bonecp/0.8.0.RELEASE/bonecp-0.8.0.RELEASE.jar:/home/user/.m2/repository/org/springframework/spring-jdbc/5.1.3.RELEASE/spring-jdbc-5.1.3.RELEASE.jar:/home/user/.m2/repository/org/springframework/spring-beans/5.1.3.RELEASE/spring-beans-5.1.3.RELEASE.jar:/home/user/.m2/repository/org/springframework/spring-core/5.1.3.RELEASE/spring-core-5.1.3.RELEASE.jar:/home/user/.m2/repository/org/springframework/spring-jcl/5.1.3.RELEASE/spring-jcl-5.1.3.RELEASE.jar:/home/user/.m2/repository/org/springframework/spring-tx/5.1.3.RELEASE/spring-tx-5.1.3.RELEASE.jar:/home/user/.m2/repository/org/mockito/mockito-core/2.15.0/mockito-core-2.15.0.jar:/home/user/.m2/repository/net/bytebuddy/byte-buddy/1.7.9/byte-buddy-1.7.9.jar:/home/user/.m2/repository/net/bytebuddy/byte-buddy-agent/1.7.9/byte-buddy-agent-1.7.9.jar:/home/user/.m2/repository/org/objenesis/objenesis/1.0/objenesis-1.0.jar:"/>
    <property name="sun.cpu.endian" value="little"/>
    <property name="user.home" value="/home/user"/>
    <property name="user.language" value="en"/>
    <property name="java.specification.vendor" value="Oracle Corporation"/>
    <property name="java.home" value="/usr/lib/jvm/java-1.8-openjdk/jre"/>
    <property name="java.security.krb5.conf" value="/workdir/hadoop-ozone/tools/target/test-classes/krb5.conf"/>
    <property name="basedir" value="/workdir/hadoop-ozone/tools"/>
    <property name="file.separator" value="/"/>
    <property name="line.separator" value="&#10;"/>
    <property name="java.vm.specification.vendor" value="Oracle Corporation"/>
    <property name="java.specification.name" value="Java Platform API Specification"/>
    <property name="java.awt.graphicsenv" value="sun.awt.X11GraphicsEnvironment"/>
    <property name="surefire.real.class.path" value="/workdir/hadoop-ozone/tools/target/surefire/surefirebooter1605506102686425228.jar"/>
    <property name="hadoop.log.dir" value="/workdir/hadoop-ozone/tools/target/log"/>
    <property name="sun.boot.class.path" value="/usr/lib/jvm/java-1.8-openjdk/jre/lib/resources.jar:/usr/lib/jvm/java-1.8-openjdk/jre/lib/rt.jar:/usr/lib/jvm/java-1.8-openjdk/jre/lib/sunrsasign.jar:/usr/lib/jvm/java-1.8-openjdk/jre/lib/jsse.jar:/usr/lib/jvm/java-1.8-openjdk/jre/lib/jce.jar:/usr/lib/jvm/java-1.8-openjdk/jre/lib/charsets.jar:/usr/lib/jvm/java-1.8-openjdk/jre/lib/jfr.jar:/usr/lib/jvm/java-1.8-openjdk/jre/classes"/>
    <property name="sun.management.compiler" value="HotSpot 64-Bit Tiered Compilers"/>
    <property name="java.runtime.version" value="1.8.0_212-b04"/>
    <property name="java.net.preferIPv4Stack" value="true"/>
    <property name="user.name" value="jenkins1000"/>
    <property name="path.separator" value=":"/>
    <property name="java.security.egd" value="file:///dev/urandom"/>
    <property name="os.version" value="3.10.0-957.12.2.el7.x86_64"/>
    <property name="java.endorsed.dirs" value="/usr/lib/jvm/java-1.8-openjdk/jre/lib/endorsed"/>
    <property name="java.runtime.name" value="OpenJDK Runtime Environment"/>
    <property name="file.encoding" value="UTF-8"/>
    <property name="java.vm.name" value="OpenJDK 64-Bit Server VM"/>
    <property name="test.build.webapps" value=""/>
    <property name="localRepository" value="/home/user/.m2/repository"/>
    <property name="java.vendor.url.bug" value="https://icedtea.classpath.org/bugzilla"/>
    <property name="java.io.tmpdir" value="/tmp"/>
    <property name="require.test.libhadoop" value=""/>
    <property name="java.version" value="1.8.0_212"/>
    <property name="user.dir" value="/workdir/hadoop-ozone/tools"/>
    <property name="os.arch" value="amd64"/>
    <property name="java.vm.specification.name" value="Java Virtual Machine Specification"/>
    <property name="test.build.classes" value="/workdir/hadoop-ozone/tools/target/test-classes"/>
    <property name="java.awt.printerjob" value="sun.print.PSPrinterJob"/>
    <property name="sun.os.patch.level" value="unknown"/>
    <property name="hadoop.tmp.dir" value="/workdir/hadoop-ozone/tools/target/tmp"/>
    <property name="java.library.path" value="/usr/lib/jvm/java-1.8-openjdk/jre/lib/amd64/server:/usr/lib/jvm/java-1.8-openjdk/jre/lib/amd64:/usr/lib/jvm/java-1.8-openjdk/jre/../lib/amd64:/workdir/hadoop-ozone/tools/target/native/target/usr/local/lib:/workdir/hadoop-ozone/tools/../../hadoop-common-project/hadoop-common/target/native/target/usr/local/lib:/usr/java/packages/lib/amd64:/usr/lib64:/lib64:/lib:/usr/lib"/>
    <property name="java.vm.info" value="mixed mode"/>
    <property name="java.vendor" value="IcedTea"/>
    <property name="java.vm.version" value="25.212-b04"/>
    <property name="java.ext.dirs" value="/usr/lib/jvm/java-1.8-openjdk/jre/lib/ext:/usr/java/packages/lib/ext"/>
    <property name="sun.io.unicode.encoding" value="UnicodeLittle"/>
    <property name="java.class.version" value="52.0"/>
  </properties>
  <testcase name="ratisTestLargeKey" classname="org.apache.hadoop.ozone.freon.TestDataValidateWithSafeByteOperations" time="10.771">
    <error message="Allocated 0 blocks. Requested 5 blocks" type="INTERNAL_ERROR org.apache.hadoop.ozone.om.exceptions.OMException">INTERNAL_ERROR org.apache.hadoop.ozone.om.exceptions.OMException: Allocated 0 blocks. Requested 5 blocks
	at org.apache.hadoop.ozone.om.protocolPB.OzoneManagerProtocolClientSideTranslatorPB.handleError(OzoneManagerProtocolClientSideTranslatorPB.java:732)
	at org.apache.hadoop.ozone.om.protocolPB.OzoneManagerProtocolClientSideTranslatorPB.openKey(OzoneManagerProtocolClientSideTranslatorPB.java:723)
	at sun.reflect.NativeMethodAccessorImpl.invoke0(Native Method)
	at sun.reflect.NativeMethodAccessorImpl.invoke(NativeMethodAccessorImpl.java:62)
	at sun.reflect.DelegatingMethodAccessorImpl.invoke(DelegatingMethodAccessorImpl.java:43)
	at java.lang.reflect.Method.invoke(Method.java:498)
	at org.apache.hadoop.hdds.tracing.TraceAllMethod.invoke(TraceAllMethod.java:66)
	at com.sun.proxy.$Proxy37.openKey(Unknown Source)
	at org.apache.hadoop.ozone.client.rpc.RpcClient.createKey(RpcClient.java:614)
	at org.apache.hadoop.ozone.client.OzoneBucket.createKey(OzoneBucket.java:325)
	at org.apache.hadoop.ozone.freon.RandomKeyGenerator.createKey(RandomKeyGenerator.java:695)
	at org.apache.hadoop.ozone.freon.RandomKeyGenerator.access$1100(RandomKeyGenerator.java:88)
	at org.apache.hadoop.ozone.freon.RandomKeyGenerator$ObjectCreator.run(RandomKeyGenerator.java:615)
	at java.util.concurrent.Executors$RunnableAdapter.call(Executors.java:511)
	at java.util.concurrent.FutureTask.run(FutureTask.java:266)
	at java.util.concurrent.ThreadPoolExecutor.runWorker(ThreadPoolExecutor.java:1149)
	at java.util.concurrent.ThreadPoolExecutor$Worker.run(ThreadPoolExecutor.java:624)
	at java.lang.Thread.run(Thread.java:748)
</error>
    <system-out><![CDATA[2019-09-25 07:35:31,432 [main] WARN  server.ServerUtils (ServerUtils.java:getScmDbDir(145)) - ozone.scm.db.dirs is not configured. We recommend adding this setting. Falling back to ozone.metadata.dirs instead.
2019-09-25 07:35:31,538 [main] WARN  server.ServerUtils (ServerUtils.java:getScmDbDir(145)) - ozone.scm.db.dirs is not configured. We recommend adding this setting. Falling back to ozone.metadata.dirs instead.
2019-09-25 07:35:31,542 [main] WARN  server.ServerUtils (ServerUtils.java:getScmDbDir(145)) - ozone.scm.db.dirs is not configured. We recommend adding this setting. Falling back to ozone.metadata.dirs instead.
2019-09-25 07:35:31,557 [main] INFO  util.log (Log.java:initialized(192)) - Logging initialized @849ms
2019-09-25 07:35:31,646 [main] INFO  db.DBStoreBuilder (DBStoreBuilder.java:addTable(110)) - using custom profile for table: deletedBlocks
2019-09-25 07:35:31,647 [main] INFO  db.DBStoreBuilder (DBStoreBuilder.java:processTables(161)) - Using default column profile:DBProfile.DISK for Table:deletedBlocks
2019-09-25 07:35:31,647 [main] INFO  db.DBStoreBuilder (DBStoreBuilder.java:addTable(110)) - using custom profile for table: validCerts
2019-09-25 07:35:31,647 [main] INFO  db.DBStoreBuilder (DBStoreBuilder.java:processTables(161)) - Using default column profile:DBProfile.DISK for Table:validCerts
2019-09-25 07:35:31,648 [main] INFO  db.DBStoreBuilder (DBStoreBuilder.java:addTable(110)) - using custom profile for table: revokedCerts
2019-09-25 07:35:31,648 [main] INFO  db.DBStoreBuilder (DBStoreBuilder.java:processTables(161)) - Using default column profile:DBProfile.DISK for Table:revokedCerts
2019-09-25 07:35:31,657 [main] INFO  db.DBStoreBuilder (DBStoreBuilder.java:addTable(110)) - using custom profile for table: default
2019-09-25 07:35:31,657 [main] INFO  db.DBStoreBuilder (DBStoreBuilder.java:processTables(167)) - Using default column profile:DBProfile.DISK for Table:default
2019-09-25 07:35:31,658 [main] INFO  db.DBStoreBuilder (DBStoreBuilder.java:getDbProfile(198)) - Using default options. DBProfile.DISK
2019-09-25 07:35:32,002 [main] INFO  net.NodeSchemaLoader (NodeSchemaLoader.java:loadSchemaFromFile(125)) - Loading file from sun.misc.CompoundEnumeration@3e694b3f
2019-09-25 07:35:32,004 [main] INFO  net.NodeSchemaLoader (NodeSchemaLoader.java:loadSchema(171)) - Loading network topology layer schema file
2019-09-25 07:35:32,076 [main] WARN  server.ServerUtils (ServerUtils.java:sanitizeUserArgs(70)) - ozone.scm.stale.node.interval value = 300000 is larger than max = 100000 based on the key value of ozone.scm.heartbeat.thread.interval, reset to the max value 100000.
2019-09-25 07:35:32,078 [main] WARN  server.ServerUtils (ServerUtils.java:sanitizeUserArgs(70)) - ozone.scm.stale.node.interval value = 300000 is larger than max = 100000 based on the key value of ozone.scm.heartbeat.thread.interval, reset to the max value 100000.
2019-09-25 07:35:32,080 [main] INFO  node.SCMNodeManager (SCMNodeManager.java:<init>(114)) - Entering startup safe mode.
2019-09-25 07:35:32,150 [main] INFO  algorithms.ContainerPlacementPolicyFactory (ContainerPlacementPolicyFactory.java:getPolicy(59)) - Create container placement policy of type org.apache.hadoop.hdds.scm.container.placement.algorithms.SCMContainerPlacementRandom
2019-09-25 07:35:32,165 [main] WARN  server.ServerUtils (ServerUtils.java:getScmDbDir(145)) - ozone.scm.db.dirs is not configured. We recommend adding this setting. Falling back to ozone.metadata.dirs instead.
2019-09-25 07:35:32,281 [main] INFO  pipeline.SCMPipelineManager (SCMPipelineManager.java:initializePipelineState(132)) - No pipeline exists in current db
2019-09-25 07:35:32,284 [main] WARN  server.ServerUtils (ServerUtils.java:getScmDbDir(145)) - ozone.scm.db.dirs is not configured. We recommend adding this setting. Falling back to ozone.metadata.dirs instead.
2019-09-25 07:35:32,464 [main] WARN  events.EventQueue (EventQueue.java:fireEvent(183)) - No event handler registered for event TypedEvent{payloadType=SafeModeStatus, name='SafeModeStatus'}
2019-09-25 07:35:32,798 [main] INFO  ipc.CallQueueManager (CallQueueManager.java:<init>(84)) - Using callQueue: class java.util.concurrent.LinkedBlockingQueue, queueCapacity: 2000, scheduler: class org.apache.hadoop.ipc.DefaultRpcScheduler, ipcBackoff: false.
2019-09-25 07:35:32,825 [Socket Reader #1 for port 46789] INFO  ipc.Server (Server.java:run(1074)) - Starting Socket Reader #1 for port 46789
2019-09-25 07:35:32,964 [main] INFO  ipc.CallQueueManager (CallQueueManager.java:<init>(84)) - Using callQueue: class java.util.concurrent.LinkedBlockingQueue, queueCapacity: 2000, scheduler: class org.apache.hadoop.ipc.DefaultRpcScheduler, ipcBackoff: false.
2019-09-25 07:35:32,965 [Socket Reader #1 for port 43055] INFO  ipc.Server (Server.java:run(1074)) - Starting Socket Reader #1 for port 43055
2019-09-25 07:35:32,977 [main] INFO  ipc.CallQueueManager (CallQueueManager.java:<init>(84)) - Using callQueue: class java.util.concurrent.LinkedBlockingQueue, queueCapacity: 2000, scheduler: class org.apache.hadoop.ipc.DefaultRpcScheduler, ipcBackoff: false.
2019-09-25 07:35:32,978 [Socket Reader #1 for port 43716] INFO  ipc.Server (Server.java:run(1074)) - Starting Socket Reader #1 for port 43716
2019-09-25 07:35:33,007 [main] INFO  hdfs.DFSUtil (DFSUtil.java:httpServerTemplateForNNAndJN(1641)) - Starting Web-server for scm at: http://0.0.0.0:0
2019-09-25 07:35:33,138 [main] INFO  server.AuthenticationFilter (AuthenticationFilter.java:constructSecretProvider(240)) - Unable to initialize FileSignerSecretProvider, falling back to use random secrets.
2019-09-25 07:35:33,153 [main] WARN  http.HttpRequestLog (HttpRequestLog.java:getRequestLog(97)) - Jetty request log can only be enabled using Log4j
2019-09-25 07:35:33,162 [main] INFO  http.HttpServer2 (HttpServer2.java:addGlobalFilter(975)) - Added global filter 'safety' (class=org.apache.hadoop.http.HttpServer2$QuotingInputFilter)
2019-09-25 07:35:33,165 [main] INFO  http.HttpServer2 (HttpServer2.java:addFilter(948)) - Added filter static_user_filter (class=org.apache.hadoop.http.lib.StaticUserWebFilter$StaticUserFilter) to context scm
2019-09-25 07:35:33,165 [main] INFO  http.HttpServer2 (HttpServer2.java:addFilter(958)) - Added filter static_user_filter (class=org.apache.hadoop.http.lib.StaticUserWebFilter$StaticUserFilter) to context static
2019-09-25 07:35:33,165 [main] INFO  http.HttpServer2 (HttpServer2.java:addFilter(958)) - Added filter static_user_filter (class=org.apache.hadoop.http.lib.StaticUserWebFilter$StaticUserFilter) to context logs
2019-09-25 07:35:33,192 [main] INFO  server.StorageContainerManager (StorageContainerManager.java:start(770)) - StorageContainerLocationProtocol RPC server is listening at /0.0.0.0:43716
2019-09-25 07:35:33,242 [main] WARN  impl.MetricsConfig (MetricsConfig.java:loadFirst(134)) - Cannot locate configuration: tried hadoop-metrics2-storagecontainermanager.properties,hadoop-metrics2.properties
2019-09-25 07:35:33,254 [main] INFO  impl.MetricsSystemImpl (MetricsSystemImpl.java:startTimer(374)) - Scheduled Metric snapshot period at 10 second(s).
2019-09-25 07:35:33,255 [main] INFO  impl.MetricsSystemImpl (MetricsSystemImpl.java:start(191)) - StorageContainerManager metrics system started
2019-09-25 07:35:33,464 [main] INFO  server.SCMClientProtocolServer (SCMClientProtocolServer.java:start(151)) - RPC server for Client  is listening at /0.0.0.0:43716
2019-09-25 07:35:33,465 [IPC Server Responder] INFO  ipc.Server (Server.java:run(1314)) - IPC Server Responder: starting
2019-09-25 07:35:33,465 [IPC Server listener on 43716] INFO  ipc.Server (Server.java:run(1153)) - IPC Server listener on 43716: starting
2019-09-25 07:35:33,473 [main] INFO  server.StorageContainerManager (StorageContainerManager.java:start(780)) - ScmBlockLocationProtocol RPC server is listening at /0.0.0.0:43055
2019-09-25 07:35:33,474 [main] INFO  server.SCMBlockProtocolServer (SCMBlockProtocolServer.java:start(146)) - RPC server for Block Protocol is listening at /0.0.0.0:43055
2019-09-25 07:35:33,475 [IPC Server Responder] INFO  ipc.Server (Server.java:run(1314)) - IPC Server Responder: starting
2019-09-25 07:35:33,475 [IPC Server listener on 43055] INFO  ipc.Server (Server.java:run(1153)) - IPC Server listener on 43055: starting
2019-09-25 07:35:33,484 [main] INFO  server.StorageContainerManager (StorageContainerManager.java:start(784)) - ScmDatanodeProtocl RPC server is listening at /0.0.0.0:46789
2019-09-25 07:35:33,485 [main] INFO  server.SCMDatanodeProtocolServer (SCMDatanodeProtocolServer.java:start(191)) - RPC server for DataNodes is listening at /0.0.0.0:46789
2019-09-25 07:35:33,486 [IPC Server Responder] INFO  ipc.Server (Server.java:run(1314)) - IPC Server Responder: starting
2019-09-25 07:35:33,487 [IPC Server listener on 46789] INFO  ipc.Server (Server.java:run(1153)) - IPC Server listener on 46789: starting
2019-09-25 07:35:33,499 [main] INFO  http.HttpServer2 (HttpServer2.java:bindListener(1191)) - Jetty bound to port 40633
2019-09-25 07:35:33,502 [main] INFO  server.Server (Server.java:doStart(351)) - jetty-9.3.25.v20180904, build timestamp: 2018-09-04T21:11:46Z, git hash: 3ce520221d0240229c862b122d2b06c12a625732
2019-09-25 07:35:33,554 [main] INFO  handler.ContextHandler (ContextHandler.java:doStart(781)) - Started o.e.j.s.ServletContextHandler@4983159f{/logs,file:///workdir/hadoop-ozone/tools/target/log,AVAILABLE}
2019-09-25 07:35:33,555 [main] INFO  handler.ContextHandler (ContextHandler.java:doStart(781)) - Started o.e.j.s.ServletContextHandler@1d2bd371{/static,jar:file:/home/user/.m2/repository/org/apache/hadoop/hadoop-hdds-server-scm/0.5.0-SNAPSHOT/hadoop-hdds-server-scm-0.5.0-SNAPSHOT.jar!/webapps/static,AVAILABLE}
2019-09-25 07:35:33,631 [main] INFO  handler.ContextHandler (ContextHandler.java:doStart(781)) - Started o.e.j.w.WebAppContext@78461bc4{/,file:///tmp/jetty-0.0.0.0-40633-scm-_-any-7959582925992908003.dir/webapp/,AVAILABLE}{/scm}
2019-09-25 07:35:33,635 [main] INFO  server.AbstractConnector (AbstractConnector.java:doStart(278)) - Started ServerConnector@51f49060{HTTP/1.1,[http/1.1]}{0.0.0.0:40633}
2019-09-25 07:35:33,635 [main] INFO  server.Server (Server.java:doStart(419)) - Started @2927ms
2019-09-25 07:35:33,638 [main] INFO  impl.MetricsSinkAdapter (MetricsSinkAdapter.java:start(204)) - Sink prometheus started
2019-09-25 07:35:33,638 [main] INFO  impl.MetricsSystemImpl (MetricsSystemImpl.java:registerSink(301)) - Registered sink prometheus
2019-09-25 07:35:33,639 [main] INFO  server.BaseHttpServer (BaseHttpServer.java:updateConnectorAddress(215)) - HTTP server of SCM is listening at http://0.0.0.0:40633
2019-09-25 07:35:33,649 [org.apache.hadoop.util.JvmPauseMonitor$Monitor@46ab18da] INFO  util.JvmPauseMonitor (JvmPauseMonitor.java:run(188)) - Starting JVM pause monitor
2019-09-25 07:35:33,653 [main] WARN  server.ServerUtils (ServerUtils.java:getDBPath(222)) - ozone.om.db.dirs is not configured. We recommend adding this setting. Falling back to ozone.metadata.dirs instead.
2019-09-25 07:35:33,793 [main] WARN  server.ServerUtils (ServerUtils.java:getDBPath(222)) - ozone.om.db.dirs is not configured. We recommend adding this setting. Falling back to ozone.metadata.dirs instead.
2019-09-25 07:35:33,794 [main] WARN  server.ServerUtils (ServerUtils.java:getDBPath(222)) - ozone.om.db.dirs is not configured. We recommend adding this setting. Falling back to ozone.metadata.dirs instead.
2019-09-25 07:35:33,795 [main] INFO  om.OzoneManager (OzoneManager.java:setOMNodeDetails(652)) - OM Service ID is not set. Setting it to the default ID: omServiceIdDefault
2019-09-25 07:35:33,795 [main] INFO  om.OzoneManager (OzoneManager.java:setOMNodeDetails(658)) - OM Node ID is not set. Setting it to the OmStorage's OmID: 19425d4a-d5bd-4e00-a0f3-52a089ceba4e
2019-09-25 07:35:33,796 [main] INFO  om.OzoneManager (OzoneManager.java:loadOMHAConfigs(609)) - Found matching OM address with OMServiceId: null, OMNodeId: null, RPC Address: localhost:0 and Ratis port: 9872
2019-09-25 07:35:34,483 [main] WARN  server.ServerUtils (ServerUtils.java:getDBPath(222)) - ozone.om.db.dirs is not configured. We recommend adding this setting. Falling back to ozone.metadata.dirs instead.
2019-09-25 07:35:34,490 [main] INFO  db.DBStoreBuilder (DBStoreBuilder.java:addTable(110)) - using custom profile for table: userTable
2019-09-25 07:35:34,491 [main] INFO  db.DBStoreBuilder (DBStoreBuilder.java:processTables(161)) - Using default column profile:DBProfile.DISK for Table:userTable
2019-09-25 07:35:34,491 [main] INFO  db.DBStoreBuilder (DBStoreBuilder.java:addTable(110)) - using custom profile for table: volumeTable
2019-09-25 07:35:34,491 [main] INFO  db.DBStoreBuilder (DBStoreBuilder.java:processTables(161)) - Using default column profile:DBProfile.DISK for Table:volumeTable
2019-09-25 07:35:34,491 [main] INFO  db.DBStoreBuilder (DBStoreBuilder.java:addTable(110)) - using custom profile for table: bucketTable
2019-09-25 07:35:34,492 [main] INFO  db.DBStoreBuilder (DBStoreBuilder.java:processTables(161)) - Using default column profile:DBProfile.DISK for Table:bucketTable
2019-09-25 07:35:34,492 [main] INFO  db.DBStoreBuilder (DBStoreBuilder.java:addTable(110)) - using custom profile for table: keyTable
2019-09-25 07:35:34,492 [main] INFO  db.DBStoreBuilder (DBStoreBuilder.java:processTables(161)) - Using default column profile:DBProfile.DISK for Table:keyTable
2019-09-25 07:35:34,492 [main] INFO  db.DBStoreBuilder (DBStoreBuilder.java:addTable(110)) - using custom profile for table: deletedTable
2019-09-25 07:35:34,493 [main] INFO  db.DBStoreBuilder (DBStoreBuilder.java:processTables(161)) - Using default column profile:DBProfile.DISK for Table:deletedTable
2019-09-25 07:35:34,493 [main] INFO  db.DBStoreBuilder (DBStoreBuilder.java:addTable(110)) - using custom profile for table: openKeyTable
2019-09-25 07:35:34,493 [main] INFO  db.DBStoreBuilder (DBStoreBuilder.java:processTables(161)) - Using default column profile:DBProfile.DISK for Table:openKeyTable
2019-09-25 07:35:34,493 [main] INFO  db.DBStoreBuilder (DBStoreBuilder.java:addTable(110)) - using custom profile for table: s3Table
2019-09-25 07:35:34,493 [main] INFO  db.DBStoreBuilder (DBStoreBuilder.java:processTables(161)) - Using default column profile:DBProfile.DISK for Table:s3Table
2019-09-25 07:35:34,494 [main] INFO  db.DBStoreBuilder (DBStoreBuilder.java:addTable(110)) - using custom profile for table: multipartInfoTable
2019-09-25 07:35:34,494 [main] INFO  db.DBStoreBuilder (DBStoreBuilder.java:processTables(161)) - Using default column profile:DBProfile.DISK for Table:multipartInfoTable
2019-09-25 07:35:34,494 [main] INFO  db.DBStoreBuilder (DBStoreBuilder.java:addTable(110)) - using custom profile for table: dTokenTable
2019-09-25 07:35:34,494 [main] INFO  db.DBStoreBuilder (DBStoreBuilder.java:processTables(161)) - Using default column profile:DBProfile.DISK for Table:dTokenTable
2019-09-25 07:35:34,495 [main] INFO  db.DBStoreBuilder (DBStoreBuilder.java:addTable(110)) - using custom profile for table: s3SecretTable
2019-09-25 07:35:34,495 [main] INFO  db.DBStoreBuilder (DBStoreBuilder.java:processTables(161)) - Using default column profile:DBProfile.DISK for Table:s3SecretTable
2019-09-25 07:35:34,495 [main] INFO  db.DBStoreBuilder (DBStoreBuilder.java:addTable(110)) - using custom profile for table: prefixTable
2019-09-25 07:35:34,495 [main] INFO  db.DBStoreBuilder (DBStoreBuilder.java:processTables(161)) - Using default column profile:DBProfile.DISK for Table:prefixTable
2019-09-25 07:35:34,496 [main] INFO  db.DBStoreBuilder (DBStoreBuilder.java:addTable(110)) - using custom profile for table: default
2019-09-25 07:35:34,496 [main] INFO  db.DBStoreBuilder (DBStoreBuilder.java:processTables(167)) - Using default column profile:DBProfile.DISK for Table:default
2019-09-25 07:35:34,496 [main] INFO  db.DBStoreBuilder (DBStoreBuilder.java:getDbProfile(198)) - Using default options. DBProfile.DISK
2019-09-25 07:35:35,347 [main] INFO  ipc.CallQueueManager (CallQueueManager.java:<init>(84)) - Using callQueue: class java.util.concurrent.LinkedBlockingQueue, queueCapacity: 2000, scheduler: class org.apache.hadoop.ipc.DefaultRpcScheduler, ipcBackoff: false.
2019-09-25 07:35:35,350 [Socket Reader #1 for port 40963] INFO  ipc.Server (Server.java:run(1074)) - Starting Socket Reader #1 for port 40963
2019-09-25 07:35:35,373 [main] INFO  om.OzoneManager (OzoneManager.java:start(1243)) - OzoneManager RPC server is listening at localhost/127.0.0.1:40963
2019-09-25 07:35:35,373 [main] INFO  impl.MetricsSystemImpl (MetricsSystemImpl.java:init(158)) - OzoneManager metrics system started (again)
2019-09-25 07:35:35,375 [IPC Server Responder] INFO  ipc.Server (Server.java:run(1314)) - IPC Server Responder: starting
2019-09-25 07:35:35,378 [IPC Server listener on 40963] INFO  ipc.Server (Server.java:run(1153)) - IPC Server listener on 40963: starting
2019-09-25 07:35:35,394 [main] INFO  hdfs.DFSUtil (DFSUtil.java:httpServerTemplateForNNAndJN(1641)) - Starting Web-server for ozoneManager at: http://0.0.0.0:0
2019-09-25 07:35:35,396 [main] INFO  server.AuthenticationFilter (AuthenticationFilter.java:constructSecretProvider(240)) - Unable to initialize FileSignerSecretProvider, falling back to use random secrets.
2019-09-25 07:35:35,397 [main] WARN  http.HttpRequestLog (HttpRequestLog.java:getRequestLog(97)) - Jetty request log can only be enabled using Log4j
2019-09-25 07:35:35,401 [main] INFO  http.HttpServer2 (HttpServer2.java:addGlobalFilter(975)) - Added global filter 'safety' (class=org.apache.hadoop.http.HttpServer2$QuotingInputFilter)
2019-09-25 07:35:35,402 [main] INFO  http.HttpServer2 (HttpServer2.java:addFilter(948)) - Added filter static_user_filter (class=org.apache.hadoop.http.lib.StaticUserWebFilter$StaticUserFilter) to context ozoneManager
2019-09-25 07:35:35,403 [main] INFO  http.HttpServer2 (HttpServer2.java:addFilter(958)) - Added filter static_user_filter (class=org.apache.hadoop.http.lib.StaticUserWebFilter$StaticUserFilter) to context logs
2019-09-25 07:35:35,403 [main] INFO  http.HttpServer2 (HttpServer2.java:addFilter(958)) - Added filter static_user_filter (class=org.apache.hadoop.http.lib.StaticUserWebFilter$StaticUserFilter) to context static
2019-09-25 07:35:35,406 [main] INFO  http.HttpServer2 (HttpServer2.java:bindListener(1191)) - Jetty bound to port 33039
2019-09-25 07:35:35,407 [main] INFO  server.Server (Server.java:doStart(351)) - jetty-9.3.25.v20180904, build timestamp: 2018-09-04T21:11:46Z, git hash: 3ce520221d0240229c862b122d2b06c12a625732
2019-09-25 07:35:35,410 [main] INFO  handler.ContextHandler (ContextHandler.java:doStart(781)) - Started o.e.j.s.ServletContextHandler@55b8dbda{/logs,file:///workdir/hadoop-ozone/tools/target/log,AVAILABLE}
2019-09-25 07:35:35,411 [main] INFO  handler.ContextHandler (ContextHandler.java:doStart(781)) - Started o.e.j.s.ServletContextHandler@3a022576{/static,jar:file:/home/user/.m2/repository/org/apache/hadoop/hadoop-ozone-ozone-manager/0.5.0-SNAPSHOT/hadoop-ozone-ozone-manager-0.5.0-SNAPSHOT.jar!/webapps/static,AVAILABLE}
2019-09-25 07:35:35,480 [main] INFO  handler.ContextHandler (ContextHandler.java:doStart(781)) - Started o.e.j.w.WebAppContext@388b401d{/,file:///tmp/jetty-0.0.0.0-33039-ozoneManager-_-any-7151505729623650371.dir/webapp/,AVAILABLE}{/ozoneManager}
2019-09-25 07:35:35,481 [main] INFO  server.AbstractConnector (AbstractConnector.java:doStart(278)) - Started ServerConnector@2bcec6a6{HTTP/1.1,[http/1.1]}{0.0.0.0:33039}
2019-09-25 07:35:35,482 [main] INFO  server.Server (Server.java:doStart(419)) - Started @4773ms
2019-09-25 07:35:35,482 [main] WARN  impl.MetricsSystemImpl (MetricsSystemImpl.java:register(276)) - Sink prometheus already exists!
2019-09-25 07:35:35,483 [main] INFO  server.BaseHttpServer (BaseHttpServer.java:updateConnectorAddress(215)) - HTTP server of OZONEMANAGER is listening at http://0.0.0.0:33039
2019-09-25 07:35:35,884 [main] INFO  impl.MetricsSystemImpl (MetricsSystemImpl.java:init(158)) - HddsDatanode metrics system started (again)
2019-09-25 07:35:35,940 [main] INFO  ozone.HddsDatanodeService (HddsDatanodeService.java:start(184)) - HddsDatanodeService host:pr-hdds-1569-x2sr2-3486766547 ip:192.168.151.106
2019-09-25 07:35:35,982 [main] INFO  volume.HddsVolume (HddsVolume.java:<init>(176)) - Creating Volume: /workdir/hadoop-ozone/tools/target/test-dir/MiniOzoneClusterImpl-321f4562-75cd-4431-a0a7-dd0954309df4/datanode-0/data/containers/hdds of  storage type : DISK and capacity : 1482555576320
2019-09-25 07:35:35,984 [main] INFO  volume.VolumeSet (VolumeSet.java:initializeVolumeSet(170)) - Added Volume : /workdir/hadoop-ozone/tools/target/test-dir/MiniOzoneClusterImpl-321f4562-75cd-4431-a0a7-dd0954309df4/datanode-0/data/containers/hdds to VolumeSet
2019-09-25 07:35:35,988 [main] INFO  volume.ThrottledAsyncChecker (ThrottledAsyncChecker.java:schedule(139)) - Scheduling a check for org.apache.hadoop.ozone.container.common.volume.HddsVolume@5ff60a8c
2019-09-25 07:35:36,012 [main] INFO  volume.HddsVolumeChecker (HddsVolumeChecker.java:checkAllVolumes(202)) - Scheduled health check for volume org.apache.hadoop.ozone.container.common.volume.HddsVolume@5ff60a8c
2019-09-25 07:35:36,190 [main] INFO  impl.RaftServerProxy (ConfUtils.java:logGet(43)) - raft.rpc.type = GRPC (default)
2019-09-25 07:35:36,272 [main] INFO  grpc.GrpcFactory (GrpcFactory.java:checkPooledByteBufAllocatorUseCacheForAllThreads(45)) - PERFORMANCE WARNING: useCacheForAllThreads is true that may cause Netty to create a lot garbage objects and, as a result, trigger GC.
	It is recommended to disable useCacheForAllThreads by setting -Dorg.apache.ratis.thirdparty.io.netty.allocator.useCacheForAllThreads=false in command line.
2019-09-25 07:35:36,277 [main] INFO  grpc.GrpcConfigKeys$Server (ConfUtils.java:logGet(43)) - raft.grpc.server.port = 0 (default)
2019-09-25 07:35:36,278 [main] INFO  server.GrpcService (ConfUtils.java:logGet(43)) - raft.grpc.message.size.max = 33570816 (custom)
2019-09-25 07:35:36,279 [main] INFO  server.RaftServerConfigKeys (ConfUtils.java:logGet(43)) - raft.server.log.appender.buffer.byte-limit = 33554432 (custom)
2019-09-25 07:35:36,280 [main] INFO  server.GrpcService (ConfUtils.java:logGet(43)) - raft.grpc.flow.control.window = 1MB (=1048576) (default)
2019-09-25 07:35:36,281 [main] INFO  server.RaftServerConfigKeys (ConfUtils.java:logGet(43)) - raft.server.rpc.request.timeout = 3000ms (default)
2019-09-25 07:35:36,438 [main] INFO  server.RaftServerConfigKeys (ConfUtils.java:logGet(43)) - raft.server.storage.dir = [/workdir/hadoop-ozone/tools/target/test-dir/MiniOzoneClusterImpl-321f4562-75cd-4431-a0a7-dd0954309df4/datanode-0/data/ratis] (custom)
2019-09-25 07:35:36,494 [main] INFO  hdfs.DFSUtil (DFSUtil.java:httpServerTemplateForNNAndJN(1641)) - Starting Web-server for hddsDatanode at: http://0.0.0.0:0
2019-09-25 07:35:36,496 [main] INFO  server.AuthenticationFilter (AuthenticationFilter.java:constructSecretProvider(240)) - Unable to initialize FileSignerSecretProvider, falling back to use random secrets.
2019-09-25 07:35:36,497 [main] WARN  http.HttpRequestLog (HttpRequestLog.java:getRequestLog(97)) - Jetty request log can only be enabled using Log4j
2019-09-25 07:35:36,500 [main] INFO  http.HttpServer2 (HttpServer2.java:addGlobalFilter(975)) - Added global filter 'safety' (class=org.apache.hadoop.http.HttpServer2$QuotingInputFilter)
2019-09-25 07:35:36,501 [main] INFO  http.HttpServer2 (HttpServer2.java:addFilter(948)) - Added filter static_user_filter (class=org.apache.hadoop.http.lib.StaticUserWebFilter$StaticUserFilter) to context hddsDatanode
2019-09-25 07:35:36,502 [main] INFO  http.HttpServer2 (HttpServer2.java:addFilter(958)) - Added filter static_user_filter (class=org.apache.hadoop.http.lib.StaticUserWebFilter$StaticUserFilter) to context logs
2019-09-25 07:35:36,502 [main] INFO  http.HttpServer2 (HttpServer2.java:addFilter(958)) - Added filter static_user_filter (class=org.apache.hadoop.http.lib.StaticUserWebFilter$StaticUserFilter) to context static
2019-09-25 07:35:36,504 [main] INFO  http.HttpServer2 (HttpServer2.java:bindListener(1191)) - Jetty bound to port 43343
2019-09-25 07:35:36,504 [main] INFO  server.Server (Server.java:doStart(351)) - jetty-9.3.25.v20180904, build timestamp: 2018-09-04T21:11:46Z, git hash: 3ce520221d0240229c862b122d2b06c12a625732
2019-09-25 07:35:36,507 [main] INFO  handler.ContextHandler (ContextHandler.java:doStart(781)) - Started o.e.j.s.ServletContextHandler@352c44a8{/logs,file:///workdir/hadoop-ozone/tools/target/log,AVAILABLE}
2019-09-25 07:35:36,508 [main] INFO  handler.ContextHandler (ContextHandler.java:doStart(781)) - Started o.e.j.s.ServletContextHandler@a66e580{/static,jar:file:/home/user/.m2/repository/org/apache/hadoop/hadoop-hdds-container-service/0.5.0-SNAPSHOT/hadoop-hdds-container-service-0.5.0-SNAPSHOT.jar!/webapps/static,AVAILABLE}
2019-09-25 07:35:36,551 [main] INFO  handler.ContextHandler (ContextHandler.java:doStart(781)) - Started o.e.j.w.WebAppContext@3dffc764{/,file:///tmp/jetty-0.0.0.0-43343-hddsDatanode-_-any-8127067395956893667.dir/webapp/,AVAILABLE}{/hddsDatanode}
2019-09-25 07:35:36,552 [main] INFO  server.AbstractConnector (AbstractConnector.java:doStart(278)) - Started ServerConnector@4b6e1c0{HTTP/1.1,[http/1.1]}{0.0.0.0:43343}
2019-09-25 07:35:36,553 [main] INFO  server.Server (Server.java:doStart(419)) - Started @5845ms
2019-09-25 07:35:36,554 [main] WARN  impl.MetricsSystemImpl (MetricsSystemImpl.java:register(276)) - Sink prometheus already exists!
2019-09-25 07:35:36,555 [main] INFO  server.BaseHttpServer (BaseHttpServer.java:updateConnectorAddress(215)) - HTTP server of HDDSDATANODE is listening at http://0.0.0.0:43343
2019-09-25 07:35:36,556 [main] INFO  impl.MetricsSystemImpl (MetricsSystemImpl.java:init(158)) - HddsDatanode metrics system started (again)
2019-09-25 07:35:36,560 [main] INFO  ozone.HddsDatanodeService (HddsDatanodeService.java:start(184)) - HddsDatanodeService host:pr-hdds-1569-x2sr2-3486766547 ip:192.168.151.106
2019-09-25 07:35:36,562 [org.apache.hadoop.util.JvmPauseMonitor$Monitor@2d4a9da4] INFO  util.JvmPauseMonitor (JvmPauseMonitor.java:run(188)) - Starting JVM pause monitor
2019-09-25 07:35:36,569 [main] INFO  volume.HddsVolume (HddsVolume.java:<init>(176)) - Creating Volume: /workdir/hadoop-ozone/tools/target/test-dir/MiniOzoneClusterImpl-321f4562-75cd-4431-a0a7-dd0954309df4/datanode-1/data/containers/hdds of  storage type : DISK and capacity : 1482555576320
2019-09-25 07:35:36,569 [main] INFO  volume.VolumeSet (VolumeSet.java:initializeVolumeSet(170)) - Added Volume : /workdir/hadoop-ozone/tools/target/test-dir/MiniOzoneClusterImpl-321f4562-75cd-4431-a0a7-dd0954309df4/datanode-1/data/containers/hdds to VolumeSet
2019-09-25 07:35:36,570 [main] INFO  volume.ThrottledAsyncChecker (ThrottledAsyncChecker.java:schedule(139)) - Scheduling a check for org.apache.hadoop.ozone.container.common.volume.HddsVolume@59dc36d4
2019-09-25 07:35:36,571 [main] INFO  volume.HddsVolumeChecker (HddsVolumeChecker.java:checkAllVolumes(202)) - Scheduled health check for volume org.apache.hadoop.ozone.container.common.volume.HddsVolume@59dc36d4
2019-09-25 07:35:36,590 [main] INFO  impl.RaftServerProxy (ConfUtils.java:logGet(43)) - raft.rpc.type = GRPC (default)
2019-09-25 07:35:36,590 [main] INFO  grpc.GrpcFactory (GrpcFactory.java:checkPooledByteBufAllocatorUseCacheForAllThreads(45)) - PERFORMANCE WARNING: useCacheForAllThreads is true that may cause Netty to create a lot garbage objects and, as a result, trigger GC.
	It is recommended to disable useCacheForAllThreads by setting -Dorg.apache.ratis.thirdparty.io.netty.allocator.useCacheForAllThreads=false in command line.
2019-09-25 07:35:36,591 [main] INFO  grpc.GrpcConfigKeys$Server (ConfUtils.java:logGet(43)) - raft.grpc.server.port = 0 (default)
2019-09-25 07:35:36,591 [main] INFO  server.GrpcService (ConfUtils.java:logGet(43)) - raft.grpc.message.size.max = 33570816 (custom)
2019-09-25 07:35:36,591 [main] INFO  server.RaftServerConfigKeys (ConfUtils.java:logGet(43)) - raft.server.log.appender.buffer.byte-limit = 33554432 (custom)
2019-09-25 07:35:36,592 [main] INFO  server.GrpcService (ConfUtils.java:logGet(43)) - raft.grpc.flow.control.window = 1MB (=1048576) (default)
2019-09-25 07:35:36,592 [main] INFO  server.RaftServerConfigKeys (ConfUtils.java:logGet(43)) - raft.server.rpc.request.timeout = 3000ms (default)
2019-09-25 07:35:36,592 [main] INFO  server.RaftServerConfigKeys (ConfUtils.java:logGet(43)) - raft.server.storage.dir = [/workdir/hadoop-ozone/tools/target/test-dir/MiniOzoneClusterImpl-321f4562-75cd-4431-a0a7-dd0954309df4/datanode-1/data/ratis] (custom)
2019-09-25 07:35:36,594 [main] INFO  hdfs.DFSUtil (DFSUtil.java:httpServerTemplateForNNAndJN(1641)) - Starting Web-server for hddsDatanode at: http://0.0.0.0:0
2019-09-25 07:35:36,596 [main] INFO  server.AuthenticationFilter (AuthenticationFilter.java:constructSecretProvider(240)) - Unable to initialize FileSignerSecretProvider, falling back to use random secrets.
2019-09-25 07:35:36,597 [main] WARN  http.HttpRequestLog (HttpRequestLog.java:getRequestLog(97)) - Jetty request log can only be enabled using Log4j
2019-09-25 07:35:36,598 [main] INFO  http.HttpServer2 (HttpServer2.java:addGlobalFilter(975)) - Added global filter 'safety' (class=org.apache.hadoop.http.HttpServer2$QuotingInputFilter)
2019-09-25 07:35:36,599 [main] INFO  http.HttpServer2 (HttpServer2.java:addFilter(948)) - Added filter static_user_filter (class=org.apache.hadoop.http.lib.StaticUserWebFilter$StaticUserFilter) to context hddsDatanode
2019-09-25 07:35:36,599 [main] INFO  http.HttpServer2 (HttpServer2.java:addFilter(958)) - Added filter static_user_filter (class=org.apache.hadoop.http.lib.StaticUserWebFilter$StaticUserFilter) to context logs
2019-09-25 07:35:36,599 [main] INFO  http.HttpServer2 (HttpServer2.java:addFilter(958)) - Added filter static_user_filter (class=org.apache.hadoop.http.lib.StaticUserWebFilter$StaticUserFilter) to context static
2019-09-25 07:35:36,600 [main] INFO  http.HttpServer2 (HttpServer2.java:bindListener(1191)) - Jetty bound to port 38551
2019-09-25 07:35:36,600 [main] INFO  server.Server (Server.java:doStart(351)) - jetty-9.3.25.v20180904, build timestamp: 2018-09-04T21:11:46Z, git hash: 3ce520221d0240229c862b122d2b06c12a625732
2019-09-25 07:35:36,606 [main] INFO  handler.ContextHandler (ContextHandler.java:doStart(781)) - Started o.e.j.s.ServletContextHandler@5e519ad3{/logs,file:///workdir/hadoop-ozone/tools/target/log,AVAILABLE}
2019-09-25 07:35:36,607 [main] INFO  handler.ContextHandler (ContextHandler.java:doStart(781)) - Started o.e.j.s.ServletContextHandler@59072e9d{/static,jar:file:/home/user/.m2/repository/org/apache/hadoop/hadoop-hdds-container-service/0.5.0-SNAPSHOT/hadoop-hdds-container-service-0.5.0-SNAPSHOT.jar!/webapps/static,AVAILABLE}
2019-09-25 07:35:36,638 [main] INFO  handler.ContextHandler (ContextHandler.java:doStart(781)) - Started o.e.j.w.WebAppContext@799ed4e8{/,file:///tmp/jetty-0.0.0.0-38551-hddsDatanode-_-any-1432626942867186518.dir/webapp/,AVAILABLE}{/hddsDatanode}
2019-09-25 07:35:36,639 [main] INFO  server.AbstractConnector (AbstractConnector.java:doStart(278)) - Started ServerConnector@2e66bc32{HTTP/1.1,[http/1.1]}{0.0.0.0:38551}
2019-09-25 07:35:36,640 [main] INFO  server.Server (Server.java:doStart(419)) - Started @5931ms
2019-09-25 07:35:36,640 [main] WARN  impl.MetricsSystemImpl (MetricsSystemImpl.java:register(276)) - Sink prometheus already exists!
2019-09-25 07:35:36,642 [main] INFO  server.BaseHttpServer (BaseHttpServer.java:updateConnectorAddress(215)) - HTTP server of HDDSDATANODE is listening at http://0.0.0.0:38551
2019-09-25 07:35:36,642 [main] INFO  impl.MetricsSystemImpl (MetricsSystemImpl.java:init(158)) - HddsDatanode metrics system started (again)
2019-09-25 07:35:36,645 [main] INFO  ozone.HddsDatanodeService (HddsDatanodeService.java:start(184)) - HddsDatanodeService host:pr-hdds-1569-x2sr2-3486766547 ip:192.168.151.106
2019-09-25 07:35:36,645 [org.apache.hadoop.util.JvmPauseMonitor$Monitor@63d2835d] INFO  util.JvmPauseMonitor (JvmPauseMonitor.java:run(188)) - Starting JVM pause monitor
2019-09-25 07:35:36,654 [main] INFO  volume.HddsVolume (HddsVolume.java:<init>(176)) - Creating Volume: /workdir/hadoop-ozone/tools/target/test-dir/MiniOzoneClusterImpl-321f4562-75cd-4431-a0a7-dd0954309df4/datanode-2/data/containers/hdds of  storage type : DISK and capacity : 1482555576320
2019-09-25 07:35:36,655 [main] INFO  volume.VolumeSet (VolumeSet.java:initializeVolumeSet(170)) - Added Volume : /workdir/hadoop-ozone/tools/target/test-dir/MiniOzoneClusterImpl-321f4562-75cd-4431-a0a7-dd0954309df4/datanode-2/data/containers/hdds to VolumeSet
2019-09-25 07:35:36,655 [main] INFO  volume.ThrottledAsyncChecker (ThrottledAsyncChecker.java:schedule(139)) - Scheduling a check for org.apache.hadoop.ozone.container.common.volume.HddsVolume@121bb45b
2019-09-25 07:35:36,656 [main] INFO  volume.HddsVolumeChecker (HddsVolumeChecker.java:checkAllVolumes(202)) - Scheduled health check for volume org.apache.hadoop.ozone.container.common.volume.HddsVolume@121bb45b
2019-09-25 07:35:36,669 [main] INFO  impl.RaftServerProxy (ConfUtils.java:logGet(43)) - raft.rpc.type = GRPC (default)
2019-09-25 07:35:36,670 [main] INFO  grpc.GrpcFactory (GrpcFactory.java:checkPooledByteBufAllocatorUseCacheForAllThreads(45)) - PERFORMANCE WARNING: useCacheForAllThreads is true that may cause Netty to create a lot garbage objects and, as a result, trigger GC.
	It is recommended to disable useCacheForAllThreads by setting -Dorg.apache.ratis.thirdparty.io.netty.allocator.useCacheForAllThreads=false in command line.
2019-09-25 07:35:36,670 [main] INFO  grpc.GrpcConfigKeys$Server (ConfUtils.java:logGet(43)) - raft.grpc.server.port = 0 (default)
2019-09-25 07:35:36,670 [main] INFO  server.GrpcService (ConfUtils.java:logGet(43)) - raft.grpc.message.size.max = 33570816 (custom)
2019-09-25 07:35:36,670 [main] INFO  server.RaftServerConfigKeys (ConfUtils.java:logGet(43)) - raft.server.log.appender.buffer.byte-limit = 33554432 (custom)
2019-09-25 07:35:36,671 [main] INFO  server.GrpcService (ConfUtils.java:logGet(43)) - raft.grpc.flow.control.window = 1MB (=1048576) (default)
2019-09-25 07:35:36,671 [main] INFO  server.RaftServerConfigKeys (ConfUtils.java:logGet(43)) - raft.server.rpc.request.timeout = 3000ms (default)
2019-09-25 07:35:36,672 [main] INFO  server.RaftServerConfigKeys (ConfUtils.java:logGet(43)) - raft.server.storage.dir = [/workdir/hadoop-ozone/tools/target/test-dir/MiniOzoneClusterImpl-321f4562-75cd-4431-a0a7-dd0954309df4/datanode-2/data/ratis] (custom)
2019-09-25 07:35:36,673 [main] INFO  hdfs.DFSUtil (DFSUtil.java:httpServerTemplateForNNAndJN(1641)) - Starting Web-server for hddsDatanode at: http://0.0.0.0:0
2019-09-25 07:35:36,674 [main] INFO  server.AuthenticationFilter (AuthenticationFilter.java:constructSecretProvider(240)) - Unable to initialize FileSignerSecretProvider, falling back to use random secrets.
2019-09-25 07:35:36,675 [main] WARN  http.HttpRequestLog (HttpRequestLog.java:getRequestLog(97)) - Jetty request log can only be enabled using Log4j
2019-09-25 07:35:36,676 [main] INFO  http.HttpServer2 (HttpServer2.java:addGlobalFilter(975)) - Added global filter 'safety' (class=org.apache.hadoop.http.HttpServer2$QuotingInputFilter)
2019-09-25 07:35:36,677 [main] INFO  http.HttpServer2 (HttpServer2.java:addFilter(948)) - Added filter static_user_filter (class=org.apache.hadoop.http.lib.StaticUserWebFilter$StaticUserFilter) to context hddsDatanode
2019-09-25 07:35:36,677 [main] INFO  http.HttpServer2 (HttpServer2.java:addFilter(958)) - Added filter static_user_filter (class=org.apache.hadoop.http.lib.StaticUserWebFilter$StaticUserFilter) to context logs
2019-09-25 07:35:36,677 [main] INFO  http.HttpServer2 (HttpServer2.java:addFilter(958)) - Added filter static_user_filter (class=org.apache.hadoop.http.lib.StaticUserWebFilter$StaticUserFilter) to context static
2019-09-25 07:35:36,679 [main] INFO  http.HttpServer2 (HttpServer2.java:bindListener(1191)) - Jetty bound to port 45782
2019-09-25 07:35:36,679 [main] INFO  server.Server (Server.java:doStart(351)) - jetty-9.3.25.v20180904, build timestamp: 2018-09-04T21:11:46Z, git hash: 3ce520221d0240229c862b122d2b06c12a625732
2019-09-25 07:35:36,681 [main] INFO  handler.ContextHandler (ContextHandler.java:doStart(781)) - Started o.e.j.s.ServletContextHandler@59cda16e{/logs,file:///workdir/hadoop-ozone/tools/target/log,AVAILABLE}
2019-09-25 07:35:36,682 [main] INFO  handler.ContextHandler (ContextHandler.java:doStart(781)) - Started o.e.j.s.ServletContextHandler@12e0f1cb{/static,jar:file:/home/user/.m2/repository/org/apache/hadoop/hadoop-hdds-container-service/0.5.0-SNAPSHOT/hadoop-hdds-container-service-0.5.0-SNAPSHOT.jar!/webapps/static,AVAILABLE}
2019-09-25 07:35:36,683 [Datanode State Machine Thread - 0] INFO  datanode.InitDatanodeState (InitDatanodeState.java:persistContainerDatanodeDetails(140)) - DatanodeDetails is persisted to /workdir/hadoop-ozone/tools/target/test-dir/MiniOzoneClusterImpl-321f4562-75cd-4431-a0a7-dd0954309df4/datanode-0/meta/datanode.id
2019-09-25 07:35:36,688 [Datanode State Machine Thread - 0] INFO  datanode.InitDatanodeState (InitDatanodeState.java:persistContainerDatanodeDetails(140)) - DatanodeDetails is persisted to /workdir/hadoop-ozone/tools/target/test-dir/MiniOzoneClusterImpl-321f4562-75cd-4431-a0a7-dd0954309df4/datanode-1/meta/datanode.id
2019-09-25 07:35:36,712 [main] INFO  handler.ContextHandler (ContextHandler.java:doStart(781)) - Started o.e.j.w.WebAppContext@443effcb{/,file:///tmp/jetty-0.0.0.0-45782-hddsDatanode-_-any-4898576656486303795.dir/webapp/,AVAILABLE}{/hddsDatanode}
2019-09-25 07:35:36,713 [main] INFO  server.AbstractConnector (AbstractConnector.java:doStart(278)) - Started ServerConnector@74ecacc3{HTTP/1.1,[http/1.1]}{0.0.0.0:45782}
2019-09-25 07:35:36,714 [main] INFO  server.Server (Server.java:doStart(419)) - Started @6005ms
2019-09-25 07:35:36,714 [main] WARN  impl.MetricsSystemImpl (MetricsSystemImpl.java:register(276)) - Sink prometheus already exists!
2019-09-25 07:35:36,716 [main] INFO  server.BaseHttpServer (BaseHttpServer.java:updateConnectorAddress(215)) - HTTP server of HDDSDATANODE is listening at http://0.0.0.0:45782
2019-09-25 07:35:36,716 [main] INFO  impl.MetricsSystemImpl (MetricsSystemImpl.java:init(158)) - HddsDatanode metrics system started (again)
2019-09-25 07:35:36,719 [main] INFO  ozone.HddsDatanodeService (HddsDatanodeService.java:start(184)) - HddsDatanodeService host:pr-hdds-1569-x2sr2-3486766547 ip:192.168.151.106
2019-09-25 07:35:36,719 [org.apache.hadoop.util.JvmPauseMonitor$Monitor@c06234e] INFO  util.JvmPauseMonitor (JvmPauseMonitor.java:run(188)) - Starting JVM pause monitor
2019-09-25 07:35:36,723 [Datanode State Machine Thread - 0] INFO  datanode.InitDatanodeState (InitDatanodeState.java:persistContainerDatanodeDetails(140)) - DatanodeDetails is persisted to /workdir/hadoop-ozone/tools/target/test-dir/MiniOzoneClusterImpl-321f4562-75cd-4431-a0a7-dd0954309df4/datanode-2/meta/datanode.id
2019-09-25 07:35:36,730 [main] INFO  volume.HddsVolume (HddsVolume.java:<init>(176)) - Creating Volume: /workdir/hadoop-ozone/tools/target/test-dir/MiniOzoneClusterImpl-321f4562-75cd-4431-a0a7-dd0954309df4/datanode-3/data/containers/hdds of  storage type : DISK and capacity : 1482555576320
2019-09-25 07:35:36,730 [main] INFO  volume.VolumeSet (VolumeSet.java:initializeVolumeSet(170)) - Added Volume : /workdir/hadoop-ozone/tools/target/test-dir/MiniOzoneClusterImpl-321f4562-75cd-4431-a0a7-dd0954309df4/datanode-3/data/containers/hdds to VolumeSet
2019-09-25 07:35:36,731 [main] INFO  volume.ThrottledAsyncChecker (ThrottledAsyncChecker.java:schedule(139)) - Scheduling a check for org.apache.hadoop.ozone.container.common.volume.HddsVolume@642f9a77
2019-09-25 07:35:36,731 [main] INFO  volume.HddsVolumeChecker (HddsVolumeChecker.java:checkAllVolumes(202)) - Scheduled health check for volume org.apache.hadoop.ozone.container.common.volume.HddsVolume@642f9a77
2019-09-25 07:35:36,744 [main] INFO  impl.RaftServerProxy (ConfUtils.java:logGet(43)) - raft.rpc.type = GRPC (default)
2019-09-25 07:35:36,744 [main] INFO  grpc.GrpcFactory (GrpcFactory.java:checkPooledByteBufAllocatorUseCacheForAllThreads(45)) - PERFORMANCE WARNING: useCacheForAllThreads is true that may cause Netty to create a lot garbage objects and, as a result, trigger GC.
	It is recommended to disable useCacheForAllThreads by setting -Dorg.apache.ratis.thirdparty.io.netty.allocator.useCacheForAllThreads=false in command line.
2019-09-25 07:35:36,744 [main] INFO  grpc.GrpcConfigKeys$Server (ConfUtils.java:logGet(43)) - raft.grpc.server.port = 0 (default)
2019-09-25 07:35:36,745 [main] INFO  server.GrpcService (ConfUtils.java:logGet(43)) - raft.grpc.message.size.max = 33570816 (custom)
2019-09-25 07:35:36,745 [main] INFO  server.RaftServerConfigKeys (ConfUtils.java:logGet(43)) - raft.server.log.appender.buffer.byte-limit = 33554432 (custom)
2019-09-25 07:35:36,745 [main] INFO  server.GrpcService (ConfUtils.java:logGet(43)) - raft.grpc.flow.control.window = 1MB (=1048576) (default)
2019-09-25 07:35:36,745 [main] INFO  server.RaftServerConfigKeys (ConfUtils.java:logGet(43)) - raft.server.rpc.request.timeout = 3000ms (default)
2019-09-25 07:35:36,746 [main] INFO  server.RaftServerConfigKeys (ConfUtils.java:logGet(43)) - raft.server.storage.dir = [/workdir/hadoop-ozone/tools/target/test-dir/MiniOzoneClusterImpl-321f4562-75cd-4431-a0a7-dd0954309df4/datanode-3/data/ratis] (custom)
2019-09-25 07:35:36,747 [main] INFO  hdfs.DFSUtil (DFSUtil.java:httpServerTemplateForNNAndJN(1641)) - Starting Web-server for hddsDatanode at: http://0.0.0.0:0
2019-09-25 07:35:36,748 [main] INFO  server.AuthenticationFilter (AuthenticationFilter.java:constructSecretProvider(240)) - Unable to initialize FileSignerSecretProvider, falling back to use random secrets.
2019-09-25 07:35:36,749 [main] WARN  http.HttpRequestLog (HttpRequestLog.java:getRequestLog(97)) - Jetty request log can only be enabled using Log4j
2019-09-25 07:35:36,750 [main] INFO  http.HttpServer2 (HttpServer2.java:addGlobalFilter(975)) - Added global filter 'safety' (class=org.apache.hadoop.http.HttpServer2$QuotingInputFilter)
2019-09-25 07:35:36,750 [main] INFO  http.HttpServer2 (HttpServer2.java:addFilter(948)) - Added filter static_user_filter (class=org.apache.hadoop.http.lib.StaticUserWebFilter$StaticUserFilter) to context hddsDatanode
2019-09-25 07:35:36,751 [main] INFO  http.HttpServer2 (HttpServer2.java:addFilter(958)) - Added filter static_user_filter (class=org.apache.hadoop.http.lib.StaticUserWebFilter$StaticUserFilter) to context logs
2019-09-25 07:35:36,751 [main] INFO  http.HttpServer2 (HttpServer2.java:addFilter(958)) - Added filter static_user_filter (class=org.apache.hadoop.http.lib.StaticUserWebFilter$StaticUserFilter) to context static
2019-09-25 07:35:36,751 [main] INFO  http.HttpServer2 (HttpServer2.java:bindListener(1191)) - Jetty bound to port 36482
2019-09-25 07:35:36,752 [main] INFO  server.Server (Server.java:doStart(351)) - jetty-9.3.25.v20180904, build timestamp: 2018-09-04T21:11:46Z, git hash: 3ce520221d0240229c862b122d2b06c12a625732
2019-09-25 07:35:36,755 [main] INFO  handler.ContextHandler (ContextHandler.java:doStart(781)) - Started o.e.j.s.ServletContextHandler@181b8c4b{/logs,file:///workdir/hadoop-ozone/tools/target/log,AVAILABLE}
2019-09-25 07:35:36,756 [main] INFO  handler.ContextHandler (ContextHandler.java:doStart(781)) - Started o.e.j.s.ServletContextHandler@437486cd{/static,jar:file:/home/user/.m2/repository/org/apache/hadoop/hadoop-hdds-container-service/0.5.0-SNAPSHOT/hadoop-hdds-container-service-0.5.0-SNAPSHOT.jar!/webapps/static,AVAILABLE}
2019-09-25 07:35:36,784 [main] INFO  handler.ContextHandler (ContextHandler.java:doStart(781)) - Started o.e.j.w.WebAppContext@77a074b4{/,file:///tmp/jetty-0.0.0.0-36482-hddsDatanode-_-any-936785872322078349.dir/webapp/,AVAILABLE}{/hddsDatanode}
2019-09-25 07:35:36,786 [main] INFO  server.AbstractConnector (AbstractConnector.java:doStart(278)) - Started ServerConnector@333c8791{HTTP/1.1,[http/1.1]}{0.0.0.0:36482}
2019-09-25 07:35:36,786 [main] INFO  server.Server (Server.java:doStart(419)) - Started @6078ms
2019-09-25 07:35:36,787 [main] WARN  impl.MetricsSystemImpl (MetricsSystemImpl.java:register(276)) - Sink prometheus already exists!
2019-09-25 07:35:36,788 [main] INFO  server.BaseHttpServer (BaseHttpServer.java:updateConnectorAddress(215)) - HTTP server of HDDSDATANODE is listening at http://0.0.0.0:36482
2019-09-25 07:35:36,788 [main] INFO  impl.MetricsSystemImpl (MetricsSystemImpl.java:init(158)) - HddsDatanode metrics system started (again)
2019-09-25 07:35:36,792 [main] INFO  ozone.HddsDatanodeService (HddsDatanodeService.java:start(184)) - HddsDatanodeService host:pr-hdds-1569-x2sr2-3486766547 ip:192.168.151.106
2019-09-25 07:35:36,792 [org.apache.hadoop.util.JvmPauseMonitor$Monitor@4cdec38e] INFO  util.JvmPauseMonitor (JvmPauseMonitor.java:run(188)) - Starting JVM pause monitor
2019-09-25 07:35:36,795 [Datanode State Machine Thread - 0] INFO  datanode.InitDatanodeState (InitDatanodeState.java:persistContainerDatanodeDetails(140)) - DatanodeDetails is persisted to /workdir/hadoop-ozone/tools/target/test-dir/MiniOzoneClusterImpl-321f4562-75cd-4431-a0a7-dd0954309df4/datanode-3/meta/datanode.id
2019-09-25 07:35:36,800 [main] INFO  volume.HddsVolume (HddsVolume.java:<init>(176)) - Creating Volume: /workdir/hadoop-ozone/tools/target/test-dir/MiniOzoneClusterImpl-321f4562-75cd-4431-a0a7-dd0954309df4/datanode-4/data/containers/hdds of  storage type : DISK and capacity : 1482555576320
2019-09-25 07:35:36,800 [main] INFO  volume.VolumeSet (VolumeSet.java:initializeVolumeSet(170)) - Added Volume : /workdir/hadoop-ozone/tools/target/test-dir/MiniOzoneClusterImpl-321f4562-75cd-4431-a0a7-dd0954309df4/datanode-4/data/containers/hdds to VolumeSet
2019-09-25 07:35:36,800 [main] INFO  volume.ThrottledAsyncChecker (ThrottledAsyncChecker.java:schedule(139)) - Scheduling a check for org.apache.hadoop.ozone.container.common.volume.HddsVolume@60c8a093
2019-09-25 07:35:36,801 [main] INFO  volume.HddsVolumeChecker (HddsVolumeChecker.java:checkAllVolumes(202)) - Scheduled health check for volume org.apache.hadoop.ozone.container.common.volume.HddsVolume@60c8a093
2019-09-25 07:35:36,816 [main] INFO  impl.RaftServerProxy (ConfUtils.java:logGet(43)) - raft.rpc.type = GRPC (default)
2019-09-25 07:35:36,816 [main] INFO  grpc.GrpcFactory (GrpcFactory.java:checkPooledByteBufAllocatorUseCacheForAllThreads(45)) - PERFORMANCE WARNING: useCacheForAllThreads is true that may cause Netty to create a lot garbage objects and, as a result, trigger GC.
	It is recommended to disable useCacheForAllThreads by setting -Dorg.apache.ratis.thirdparty.io.netty.allocator.useCacheForAllThreads=false in command line.
2019-09-25 07:35:36,816 [main] INFO  grpc.GrpcConfigKeys$Server (ConfUtils.java:logGet(43)) - raft.grpc.server.port = 0 (default)
2019-09-25 07:35:36,816 [main] INFO  server.GrpcService (ConfUtils.java:logGet(43)) - raft.grpc.message.size.max = 33570816 (custom)
2019-09-25 07:35:36,816 [main] INFO  server.RaftServerConfigKeys (ConfUtils.java:logGet(43)) - raft.server.log.appender.buffer.byte-limit = 33554432 (custom)
2019-09-25 07:35:36,817 [main] INFO  server.GrpcService (ConfUtils.java:logGet(43)) - raft.grpc.flow.control.window = 1MB (=1048576) (default)
2019-09-25 07:35:36,817 [main] INFO  server.RaftServerConfigKeys (ConfUtils.java:logGet(43)) - raft.server.rpc.request.timeout = 3000ms (default)
2019-09-25 07:35:36,817 [main] INFO  server.RaftServerConfigKeys (ConfUtils.java:logGet(43)) - raft.server.storage.dir = [/workdir/hadoop-ozone/tools/target/test-dir/MiniOzoneClusterImpl-321f4562-75cd-4431-a0a7-dd0954309df4/datanode-4/data/ratis] (custom)
2019-09-25 07:35:36,819 [main] INFO  hdfs.DFSUtil (DFSUtil.java:httpServerTemplateForNNAndJN(1641)) - Starting Web-server for hddsDatanode at: http://0.0.0.0:0
2019-09-25 07:35:36,820 [main] INFO  server.AuthenticationFilter (AuthenticationFilter.java:constructSecretProvider(240)) - Unable to initialize FileSignerSecretProvider, falling back to use random secrets.
2019-09-25 07:35:36,821 [main] WARN  http.HttpRequestLog (HttpRequestLog.java:getRequestLog(97)) - Jetty request log can only be enabled using Log4j
2019-09-25 07:35:36,822 [main] INFO  http.HttpServer2 (HttpServer2.java:addGlobalFilter(975)) - Added global filter 'safety' (class=org.apache.hadoop.http.HttpServer2$QuotingInputFilter)
2019-09-25 07:35:36,823 [main] INFO  http.HttpServer2 (HttpServer2.java:addFilter(948)) - Added filter static_user_filter (class=org.apache.hadoop.http.lib.StaticUserWebFilter$StaticUserFilter) to context hddsDatanode
2019-09-25 07:35:36,823 [main] INFO  http.HttpServer2 (HttpServer2.java:addFilter(958)) - Added filter static_user_filter (class=org.apache.hadoop.http.lib.StaticUserWebFilter$StaticUserFilter) to context static
2019-09-25 07:35:36,823 [main] INFO  http.HttpServer2 (HttpServer2.java:addFilter(958)) - Added filter static_user_filter (class=org.apache.hadoop.http.lib.StaticUserWebFilter$StaticUserFilter) to context logs
2019-09-25 07:35:36,824 [main] INFO  http.HttpServer2 (HttpServer2.java:bindListener(1191)) - Jetty bound to port 34981
2019-09-25 07:35:36,824 [main] INFO  server.Server (Server.java:doStart(351)) - jetty-9.3.25.v20180904, build timestamp: 2018-09-04T21:11:46Z, git hash: 3ce520221d0240229c862b122d2b06c12a625732
2019-09-25 07:35:36,826 [main] INFO  handler.ContextHandler (ContextHandler.java:doStart(781)) - Started o.e.j.s.ServletContextHandler@eac3a26{/logs,file:///workdir/hadoop-ozone/tools/target/log,AVAILABLE}
2019-09-25 07:35:36,827 [main] INFO  handler.ContextHandler (ContextHandler.java:doStart(781)) - Started o.e.j.s.ServletContextHandler@53cf9c99{/static,jar:file:/home/user/.m2/repository/org/apache/hadoop/hadoop-hdds-container-service/0.5.0-SNAPSHOT/hadoop-hdds-container-service-0.5.0-SNAPSHOT.jar!/webapps/static,AVAILABLE}
2019-09-25 07:35:36,855 [main] INFO  handler.ContextHandler (ContextHandler.java:doStart(781)) - Started o.e.j.w.WebAppContext@ccf91df{/,file:///tmp/jetty-0.0.0.0-34981-hddsDatanode-_-any-376344218852179538.dir/webapp/,AVAILABLE}{/hddsDatanode}
2019-09-25 07:35:36,856 [main] INFO  server.AbstractConnector (AbstractConnector.java:doStart(278)) - Started ServerConnector@117d32e{HTTP/1.1,[http/1.1]}{0.0.0.0:34981}
2019-09-25 07:35:36,857 [main] INFO  server.Server (Server.java:doStart(419)) - Started @6148ms
2019-09-25 07:35:36,857 [main] WARN  impl.MetricsSystemImpl (MetricsSystemImpl.java:register(276)) - Sink prometheus already exists!
2019-09-25 07:35:36,858 [main] INFO  server.BaseHttpServer (BaseHttpServer.java:updateConnectorAddress(215)) - HTTP server of HDDSDATANODE is listening at http://0.0.0.0:34981
2019-09-25 07:35:36,860 [main] INFO  ozone.MiniOzoneClusterImpl (MiniOzoneClusterImpl.java:lambda$waitForClusterToBeReady$0(147)) - Waiting for cluster to be ready. Got 0 of 5 DN Heartbeats.
2019-09-25 07:35:36,861 [org.apache.hadoop.util.JvmPauseMonitor$Monitor@695f5713] INFO  util.JvmPauseMonitor (JvmPauseMonitor.java:run(188)) - Starting JVM pause monitor
2019-09-25 07:35:36,865 [Datanode State Machine Thread - 0] INFO  datanode.InitDatanodeState (InitDatanodeState.java:persistContainerDatanodeDetails(140)) - DatanodeDetails is persisted to /workdir/hadoop-ozone/tools/target/test-dir/MiniOzoneClusterImpl-321f4562-75cd-4431-a0a7-dd0954309df4/datanode-4/meta/datanode.id
2019-09-25 07:35:37,860 [main] INFO  ozone.MiniOzoneClusterImpl (MiniOzoneClusterImpl.java:lambda$waitForClusterToBeReady$0(147)) - Waiting for cluster to be ready. Got 0 of 5 DN Heartbeats.
2019-09-25 07:35:38,632 [Datanode State Machine Thread - 0] INFO  ozoneimpl.OzoneContainer (OzoneContainer.java:start(217)) - Attempting to start container services.
2019-09-25 07:35:38,636 [Datanode State Machine Thread - 0] INFO  ozoneimpl.OzoneContainer (OzoneContainer.java:startContainerScrub(179)) - Background container scanner has been disabled.
2019-09-25 07:35:38,636 [Datanode State Machine Thread - 0] INFO  ratis.XceiverServerRatis (XceiverServerRatis.java:start(411)) - Starting XceiverServerRatis 89512cd3-5215-493c-9626-f8bc005210a2 at port 0
2019-09-25 07:35:38,668 [Datanode State Machine Thread - 0] INFO  impl.RaftServerProxy (RaftServerProxy.java:lambda$start$3(299)) - 89512cd3-5215-493c-9626-f8bc005210a2: start RPC server
2019-09-25 07:35:38,674 [Datanode State Machine Thread - 0] INFO  ozoneimpl.OzoneContainer (OzoneContainer.java:start(217)) - Attempting to start container services.
2019-09-25 07:35:38,683 [Datanode State Machine Thread - 0] INFO  ozoneimpl.OzoneContainer (OzoneContainer.java:startContainerScrub(179)) - Background container scanner has been disabled.
2019-09-25 07:35:38,684 [Datanode State Machine Thread - 0] INFO  ratis.XceiverServerRatis (XceiverServerRatis.java:start(411)) - Starting XceiverServerRatis 0a03bc5e-b15f-4537-941b-10259ace1437 at port 0
2019-09-25 07:35:38,694 [Datanode State Machine Thread - 0] INFO  impl.RaftServerProxy (RaftServerProxy.java:lambda$start$3(299)) - 0a03bc5e-b15f-4537-941b-10259ace1437: start RPC server
2019-09-25 07:35:38,745 [Datanode State Machine Thread - 0] INFO  ozoneimpl.OzoneContainer (OzoneContainer.java:start(217)) - Attempting to start container services.
2019-09-25 07:35:38,747 [Datanode State Machine Thread - 0] INFO  ozoneimpl.OzoneContainer (OzoneContainer.java:startContainerScrub(179)) - Background container scanner has been disabled.
2019-09-25 07:35:38,747 [Datanode State Machine Thread - 0] INFO  ratis.XceiverServerRatis (XceiverServerRatis.java:start(411)) - Starting XceiverServerRatis 20eeef1f-c0de-4bb7-8f99-fe21c95fed30 at port 0
2019-09-25 07:35:38,756 [Datanode State Machine Thread - 0] INFO  impl.RaftServerProxy (RaftServerProxy.java:lambda$start$3(299)) - 20eeef1f-c0de-4bb7-8f99-fe21c95fed30: start RPC server
2019-09-25 07:35:38,815 [Datanode State Machine Thread - 0] INFO  ozoneimpl.OzoneContainer (OzoneContainer.java:start(217)) - Attempting to start container services.
2019-09-25 07:35:38,818 [Datanode State Machine Thread - 0] INFO  ozoneimpl.OzoneContainer (OzoneContainer.java:startContainerScrub(179)) - Background container scanner has been disabled.
2019-09-25 07:35:38,819 [Datanode State Machine Thread - 0] INFO  ratis.XceiverServerRatis (XceiverServerRatis.java:start(411)) - Starting XceiverServerRatis 4f9c9097-af28-4e92-8dab-50853da08db1 at port 0
2019-09-25 07:35:38,830 [Datanode State Machine Thread - 0] INFO  server.GrpcService (GrpcService.java:startImpl(158)) - 20eeef1f-c0de-4bb7-8f99-fe21c95fed30: GrpcService started, listening on 0.0.0.0/0.0.0.0:34100
2019-09-25 07:35:38,830 [Datanode State Machine Thread - 0] INFO  server.GrpcService (GrpcService.java:startImpl(158)) - 89512cd3-5215-493c-9626-f8bc005210a2: GrpcService started, listening on 0.0.0.0/0.0.0.0:37585
2019-09-25 07:35:38,831 [Datanode State Machine Thread - 0] INFO  ratis.XceiverServerRatis (XceiverServerRatis.java:start(421)) - XceiverServerRatis 20eeef1f-c0de-4bb7-8f99-fe21c95fed30 is started using port 34100
2019-09-25 07:35:38,830 [Datanode State Machine Thread - 0] INFO  server.GrpcService (GrpcService.java:startImpl(158)) - 0a03bc5e-b15f-4537-941b-10259ace1437: GrpcService started, listening on 0.0.0.0/0.0.0.0:43890
2019-09-25 07:35:38,831 [Datanode State Machine Thread - 0] INFO  ratis.XceiverServerRatis (XceiverServerRatis.java:start(421)) - XceiverServerRatis 89512cd3-5215-493c-9626-f8bc005210a2 is started using port 37585
2019-09-25 07:35:38,832 [Datanode State Machine Thread - 0] INFO  ratis.XceiverServerRatis (XceiverServerRatis.java:start(421)) - XceiverServerRatis 0a03bc5e-b15f-4537-941b-10259ace1437 is started using port 43890
2019-09-25 07:35:38,832 [Datanode State Machine Thread - 0] INFO  impl.RaftServerProxy (RaftServerProxy.java:lambda$start$3(299)) - 4f9c9097-af28-4e92-8dab-50853da08db1: start RPC server
2019-09-25 07:35:38,843 [Datanode State Machine Thread - 0] INFO  server.XceiverServerGrpc (XceiverServerGrpc.java:start(149)) - XceiverServerGrpc 89512cd3-5215-493c-9626-f8bc005210a2 is started using port 44568
2019-09-25 07:35:38,844 [Datanode State Machine Thread - 0] INFO  server.XceiverServerGrpc (XceiverServerGrpc.java:start(149)) - XceiverServerGrpc 0a03bc5e-b15f-4537-941b-10259ace1437 is started using port 46146
2019-09-25 07:35:38,844 [Datanode State Machine Thread - 0] INFO  server.GrpcService (GrpcService.java:startImpl(158)) - 4f9c9097-af28-4e92-8dab-50853da08db1: GrpcService started, listening on 0.0.0.0/0.0.0.0:42095
2019-09-25 07:35:38,843 [Datanode State Machine Thread - 0] INFO  server.XceiverServerGrpc (XceiverServerGrpc.java:start(149)) - XceiverServerGrpc 20eeef1f-c0de-4bb7-8f99-fe21c95fed30 is started using port 45213
2019-09-25 07:35:38,845 [Datanode State Machine Thread - 0] INFO  ratis.XceiverServerRatis (XceiverServerRatis.java:start(421)) - XceiverServerRatis 4f9c9097-af28-4e92-8dab-50853da08db1 is started using port 42095
2019-09-25 07:35:38,848 [Datanode State Machine Thread - 0] INFO  server.XceiverServerGrpc (XceiverServerGrpc.java:start(149)) - XceiverServerGrpc 4f9c9097-af28-4e92-8dab-50853da08db1 is started using port 39115
2019-09-25 07:35:38,861 [main] INFO  ozone.MiniOzoneClusterImpl (MiniOzoneClusterImpl.java:lambda$waitForClusterToBeReady$0(147)) - Waiting for cluster to be ready. Got 0 of 5 DN Heartbeats.
2019-09-25 07:35:38,890 [Datanode State Machine Thread - 0] INFO  ozoneimpl.OzoneContainer (OzoneContainer.java:start(217)) - Attempting to start container services.
2019-09-25 07:35:38,895 [Datanode State Machine Thread - 0] INFO  ozoneimpl.OzoneContainer (OzoneContainer.java:startContainerScrub(179)) - Background container scanner has been disabled.
2019-09-25 07:35:38,895 [Datanode State Machine Thread - 0] INFO  ratis.XceiverServerRatis (XceiverServerRatis.java:start(411)) - Starting XceiverServerRatis c3cf7509-27e8-499f-a871-32281ced9221 at port 0
2019-09-25 07:35:38,903 [Datanode State Machine Thread - 0] INFO  impl.RaftServerProxy (RaftServerProxy.java:lambda$start$3(299)) - c3cf7509-27e8-499f-a871-32281ced9221: start RPC server
2019-09-25 07:35:38,907 [Datanode State Machine Thread - 0] INFO  server.GrpcService (GrpcService.java:startImpl(158)) - c3cf7509-27e8-499f-a871-32281ced9221: GrpcService started, listening on 0.0.0.0/0.0.0.0:40856
2019-09-25 07:35:38,907 [Datanode State Machine Thread - 0] INFO  ratis.XceiverServerRatis (XceiverServerRatis.java:start(421)) - XceiverServerRatis c3cf7509-27e8-499f-a871-32281ced9221 is started using port 40856
2019-09-25 07:35:38,909 [Datanode State Machine Thread - 0] INFO  server.XceiverServerGrpc (XceiverServerGrpc.java:start(149)) - XceiverServerGrpc c3cf7509-27e8-499f-a871-32281ced9221 is started using port 35519
2019-09-25 07:35:39,861 [main] INFO  ozone.MiniOzoneClusterImpl (MiniOzoneClusterImpl.java:lambda$waitForClusterToBeReady$0(147)) - Waiting for cluster to be ready. Got 0 of 5 DN Heartbeats.
2019-09-25 07:35:40,611 [IPC Server handler 0 on 46789] INFO  net.NetworkTopology (NetworkTopologyImpl.java:add(111)) - Added a new node: /default-rack/89512cd3-5215-493c-9626-f8bc005210a2
2019-09-25 07:35:40,612 [IPC Server handler 0 on 46789] INFO  node.SCMNodeManager (SCMNodeManager.java:register(266)) - Registered Data node : 89512cd3-5215-493c-9626-f8bc005210a2{ip: 192.168.151.106, host: pr-hdds-1569-x2sr2-3486766547, networkLocation: /default-rack, certSerialId: null}
2019-09-25 07:35:40,618 [EventQueue-NodeRegistrationContainerReportForDataNodeSafeModeRule] INFO  safemode.SCMSafeModeManager (DataNodeSafeModeRule.java:process(71)) - SCM in safe mode. 1 DataNodes registered, 1 required.
2019-09-25 07:35:40,618 [EventQueue-NodeRegistrationContainerReportForDataNodeSafeModeRule] INFO  safemode.SCMSafeModeManager (SCMSafeModeManager.java:validateSafeModeExitRules(177)) - ScmSafeModeManager, all rules are successfully validated
2019-09-25 07:35:40,618 [EventQueue-NodeRegistrationContainerReportForDataNodeSafeModeRule] INFO  safemode.SCMSafeModeManager (SCMSafeModeManager.java:exitSafeMode(193)) - SCM exiting safe mode.
2019-09-25 07:35:40,650 [IPC Server handler 3 on 46789] INFO  net.NetworkTopology (NetworkTopologyImpl.java:add(111)) - Added a new node: /default-rack/0a03bc5e-b15f-4537-941b-10259ace1437
2019-09-25 07:35:40,651 [IPC Server handler 3 on 46789] INFO  node.SCMNodeManager (SCMNodeManager.java:register(266)) - Registered Data node : 0a03bc5e-b15f-4537-941b-10259ace1437{ip: 192.168.151.106, host: pr-hdds-1569-x2sr2-3486766547, networkLocation: /default-rack, certSerialId: null}
2019-09-25 07:35:40,723 [IPC Server handler 2 on 46789] INFO  net.NetworkTopology (NetworkTopologyImpl.java:add(111)) - Added a new node: /default-rack/20eeef1f-c0de-4bb7-8f99-fe21c95fed30
2019-09-25 07:35:40,723 [IPC Server handler 2 on 46789] INFO  node.SCMNodeManager (SCMNodeManager.java:register(266)) - Registered Data node : 20eeef1f-c0de-4bb7-8f99-fe21c95fed30{ip: 192.168.151.106, host: pr-hdds-1569-x2sr2-3486766547, networkLocation: /default-rack, certSerialId: null}
2019-09-25 07:35:40,796 [IPC Server handler 5 on 46789] INFO  net.NetworkTopology (NetworkTopologyImpl.java:add(111)) - Added a new node: /default-rack/4f9c9097-af28-4e92-8dab-50853da08db1
2019-09-25 07:35:40,797 [IPC Server handler 5 on 46789] INFO  node.SCMNodeManager (SCMNodeManager.java:register(266)) - Registered Data node : 4f9c9097-af28-4e92-8dab-50853da08db1{ip: 192.168.151.106, host: pr-hdds-1569-x2sr2-3486766547, networkLocation: /default-rack, certSerialId: null}
2019-09-25 07:35:40,862 [main] INFO  ozone.MiniOzoneClusterImpl (MiniOzoneClusterImpl.java:lambda$waitForClusterToBeReady$0(147)) - Waiting for cluster to be ready. Got 4 of 5 DN Heartbeats.
2019-09-25 07:35:40,866 [IPC Server handler 4 on 46789] INFO  net.NetworkTopology (NetworkTopologyImpl.java:add(111)) - Added a new node: /default-rack/c3cf7509-27e8-499f-a871-32281ced9221
2019-09-25 07:35:40,866 [IPC Server handler 4 on 46789] INFO  node.SCMNodeManager (SCMNodeManager.java:register(266)) - Registered Data node : c3cf7509-27e8-499f-a871-32281ced9221{ip: 192.168.151.106, host: pr-hdds-1569-x2sr2-3486766547, networkLocation: /default-rack, certSerialId: null}
2019-09-25 07:35:41,176 [grpc-default-executor-0] INFO  impl.RaftServerProxy (RaftServerProxy.java:addNew(89)) - 89512cd3-5215-493c-9626-f8bc005210a2: addNew group-DF7D490ABD11:[89512cd3-5215-493c-9626-f8bc005210a2:192.168.151.106:37585] returns group-DF7D490ABD11:java.util.concurrent.CompletableFuture@3f32c803[Not completed]
2019-09-25 07:35:41,200 [pool-27-thread-1] INFO  impl.RaftServerImpl (RaftServerImpl.java:<init>(95)) - 89512cd3-5215-493c-9626-f8bc005210a2: new RaftServerImpl for group-DF7D490ABD11:[89512cd3-5215-493c-9626-f8bc005210a2:192.168.151.106:37585] with ContainerStateMachine:uninitialized
2019-09-25 07:35:41,208 [pool-27-thread-1] INFO  server.RaftServerConfigKeys (ConfUtils.java:logGet(43)) - raft.server.rpc.timeout.min = 5s (custom)
2019-09-25 07:35:41,209 [pool-27-thread-1] INFO  server.RaftServerConfigKeys (ConfUtils.java:logGet(43)) - raft.server.rpc.timeout.max = 5200ms (custom)
2019-09-25 07:35:41,210 [pool-27-thread-1] INFO  server.RaftServerConfigKeys (ConfUtils.java:logGet(43)) - raft.server.rpcslowness.timeout = 120s (custom)
2019-09-25 07:35:41,211 [pool-27-thread-1] INFO  server.RaftServerConfigKeys (ConfUtils.java:logGet(43)) - raft.server.sleep.deviation.threshold = 300 (default)
2019-09-25 07:35:41,212 [pool-27-thread-1] INFO  server.RaftServerConfigKeys (ConfUtils.java:logGet(43)) - raft.server.log.appender.install.snapshot.enabled = false (custom)
2019-09-25 07:35:41,222 [pool-27-thread-1] INFO  impl.RaftServerImpl (ServerState.java:<init>(103)) - 89512cd3-5215-493c-9626-f8bc005210a2@group-DF7D490ABD11: ConfigurationManager, init=-1: [89512cd3-5215-493c-9626-f8bc005210a2:192.168.151.106:37585], old=null, confs=<EMPTY_MAP>
2019-09-25 07:35:41,223 [pool-27-thread-1] INFO  server.RaftServerConfigKeys (ConfUtils.java:logGet(43)) - raft.server.storage.dir = [/workdir/hadoop-ozone/tools/target/test-dir/MiniOzoneClusterImpl-321f4562-75cd-4431-a0a7-dd0954309df4/datanode-0/data/ratis] (custom)
2019-09-25 07:35:41,233 [pool-27-thread-1] INFO  storage.RaftStorageDirectory (RaftStorageDirectory.java:analyzeStorage(246)) - The storage directory /workdir/hadoop-ozone/tools/target/test-dir/MiniOzoneClusterImpl-321f4562-75cd-4431-a0a7-dd0954309df4/datanode-0/data/ratis/dabcfbd7-7388-4909-b4ba-df7d490abd11 does not exist. Creating ...
2019-09-25 07:35:41,261 [pool-27-thread-1] INFO  storage.RaftStorageDirectory (RaftStorageDirectory.java:tryLock(328)) - Lock on /workdir/hadoop-ozone/tools/target/test-dir/MiniOzoneClusterImpl-321f4562-75cd-4431-a0a7-dd0954309df4/datanode-0/data/ratis/dabcfbd7-7388-4909-b4ba-df7d490abd11/in_use.lock acquired by nodename 28630@pr-hdds-1569-x2sr2-3486766547
2019-09-25 07:35:41,278 [pool-27-thread-1] INFO  storage.RaftStorage (RaftStorage.java:format(72)) - Storage directory /workdir/hadoop-ozone/tools/target/test-dir/MiniOzoneClusterImpl-321f4562-75cd-4431-a0a7-dd0954309df4/datanode-0/data/ratis/dabcfbd7-7388-4909-b4ba-df7d490abd11 has been successfully formatted.
2019-09-25 07:35:41,281 [pool-27-thread-1] INFO  ratis.ContainerStateMachine (ContainerStateMachine.java:loadSnapshot(230)) - group-DF7D490ABD11: The snapshot info is null. Setting the last applied indexto:(t:0, i:~)
2019-09-25 07:35:41,282 [pool-27-thread-1] INFO  server.RaftServerConfigKeys (ConfUtils.java:logGet(43)) - raft.server.notification.no-leader.timeout = 120s (custom)
2019-09-25 07:35:41,285 [pool-27-thread-1] INFO  server.RaftServerConfigKeys (ConfUtils.java:logGet(43)) - raft.server.log.use.memory = false (default)
2019-09-25 07:35:41,293 [pool-27-thread-1] INFO  server.RaftServerConfigKeys (ConfUtils.java:logGet(43)) - raft.server.log.purge.gap = 1000000 (custom)
2019-09-25 07:35:41,293 [pool-27-thread-1] INFO  server.RaftServerConfigKeys (ConfUtils.java:logGet(43)) - raft.server.log.appender.buffer.byte-limit = 33554432 (custom)
2019-09-25 07:35:41,296 [pool-27-thread-1] INFO  server.RaftServerConfigKeys (ConfUtils.java:logGet(43)) - raft.server.log.segment.size.max = 1048576 (custom)
2019-09-25 07:35:41,302 [pool-27-thread-1] INFO  server.RaftServerConfigKeys (ConfUtils.java:logGet(43)) - raft.server.log.segment.cache.num.max = 2 (custom)
2019-09-25 07:35:41,308 [pool-27-thread-1] INFO  segmented.SegmentedRaftLogWorker (SegmentedRaftLogWorker.java:<init>(172)) - new 89512cd3-5215-493c-9626-f8bc005210a2@group-DF7D490ABD11-SegmentedRaftLogWorker for RaftStorage:Storage Directory /workdir/hadoop-ozone/tools/target/test-dir/MiniOzoneClusterImpl-321f4562-75cd-4431-a0a7-dd0954309df4/datanode-0/data/ratis/dabcfbd7-7388-4909-b4ba-df7d490abd11
2019-09-25 07:35:41,310 [pool-27-thread-1] INFO  impl.MetricsSystemImpl (MetricsSystemImpl.java:init(158)) - ratis metrics system started (again)
2019-09-25 07:35:41,317 [pool-27-thread-1] INFO  metrics.MetricRegistries (MetricRegistriesLoader.java:load(64)) - Loaded MetricRegistries class org.apache.ratis.metrics.impl.MetricRegistriesImpl
2019-09-25 07:35:41,350 [pool-27-thread-1] INFO  server.RaftServerConfigKeys (ConfUtils.java:logGet(43)) - raft.server.log.queue.byte-limit = 2147483647 (custom)
2019-09-25 07:35:41,350 [pool-27-thread-1] INFO  server.RaftServerConfigKeys (ConfUtils.java:logGet(43)) - raft.server.log.queue.element-limit = 1024 (custom)
2019-09-25 07:35:41,353 [pool-27-thread-1] INFO  server.RaftServerConfigKeys (ConfUtils.java:logGet(43)) - raft.server.log.segment.size.max = 1048576 (custom)
2019-09-25 07:35:41,354 [pool-27-thread-1] INFO  server.RaftServerConfigKeys (ConfUtils.java:logGet(43)) - raft.server.log.preallocated.size = 16384 (custom)
2019-09-25 07:35:41,354 [pool-27-thread-1] INFO  server.RaftServerConfigKeys (ConfUtils.java:logGet(43)) - raft.server.log.write.buffer.size = 33554432 (custom)
2019-09-25 07:35:41,355 [pool-27-thread-1] INFO  server.RaftServerConfigKeys (ConfUtils.java:logGet(43)) - raft.server.log.force.sync.num = 128 (default)
2019-09-25 07:35:41,356 [pool-27-thread-1] INFO  server.RaftServerConfigKeys (ConfUtils.java:logGet(43)) - raft.server.log.statemachine.data.sync = true (default)
2019-09-25 07:35:41,356 [pool-27-thread-1] INFO  server.RaftServerConfigKeys (ConfUtils.java:logGet(43)) - raft.server.log.statemachine.data.sync.timeout = 10s (default)
2019-09-25 07:35:41,356 [pool-27-thread-1] INFO  server.RaftServerConfigKeys (ConfUtils.java:logGet(43)) - raft.server.log.statemachine.data.sync.timeout.retry = -1 (default)
2019-09-25 07:35:41,366 [pool-27-thread-1] INFO  server.RaftServerConfigKeys (ConfUtils.java:logGet(43)) - raft.server.log.statemachine.data.caching.enabled = true (custom)
2019-09-25 07:35:41,370 [pool-27-thread-1] INFO  segmented.SegmentedRaftLogWorker (SegmentedRaftLogWorker.java:lambda$new$0(132)) - 89512cd3-5215-493c-9626-f8bc005210a2@group-DF7D490ABD11-SegmentedRaftLogWorker: flushIndex: setUnconditionally 0 -> -1
2019-09-25 07:35:41,374 [pool-27-thread-1] INFO  server.RaftServerConfigKeys (ConfUtils.java:logGet(43)) - raft.server.snapshot.auto.trigger.enabled = true (custom)
2019-09-25 07:35:41,375 [pool-27-thread-1] INFO  server.RaftServerConfigKeys (ConfUtils.java:logGet(43)) - raft.server.snapshot.auto.trigger.threshold = 10000 (custom)
2019-09-25 07:35:41,376 [pool-27-thread-1] INFO  server.RaftServerConfigKeys (ConfUtils.java:logGet(43)) - raft.server.snapshot.retention.num.files = 5 (custom)
2019-09-25 07:35:41,376 [pool-27-thread-1] INFO  server.RaftServerConfigKeys (ConfUtils.java:logGet(43)) - raft.server.retrycache.expirytime = 600000ms (custom)
2019-09-25 07:35:41,411 [pool-27-thread-1] INFO  impl.RaftServerImpl (RaftServerImpl.java:start(185)) - 89512cd3-5215-493c-9626-f8bc005210a2@group-DF7D490ABD11: start as a follower, conf=-1: [89512cd3-5215-493c-9626-f8bc005210a2:192.168.151.106:37585], old=null
2019-09-25 07:35:41,413 [pool-27-thread-1] INFO  impl.RaftServerImpl (RaftServerImpl.java:setRole(174)) - 89512cd3-5215-493c-9626-f8bc005210a2@group-DF7D490ABD11: changes role from      null to FOLLOWER at term 0 for startAsFollower
2019-09-25 07:35:41,414 [pool-27-thread-1] INFO  impl.RoleInfo (RoleInfo.java:updateAndGet(143)) - 89512cd3-5215-493c-9626-f8bc005210a2: start FollowerState
2019-09-25 07:35:41,417 [pool-27-thread-1] INFO  util.JmxRegister (JmxRegister.java:tryRegister(44)) - Successfully registered JMX Bean with object name Ratis:service=RaftServer,group=group-DF7D490ABD11,id=89512cd3-5215-493c-9626-f8bc005210a2
2019-09-25 07:35:41,492 [RatisPipelineUtilsThread] INFO  pipeline.PipelineStateManager (PipelineStateManager.java:addPipeline(56)) - Created pipeline Pipeline[ Id: dabcfbd7-7388-4909-b4ba-df7d490abd11, Nodes: 89512cd3-5215-493c-9626-f8bc005210a2{ip: 192.168.151.106, host: pr-hdds-1569-x2sr2-3486766547, networkLocation: /default-rack, certSerialId: null}, Type:RATIS, Factor:ONE, State:OPEN]
2019-09-25 07:35:41,522 [grpc-default-executor-0] INFO  impl.RaftServerProxy (RaftServerProxy.java:addNew(89)) - c3cf7509-27e8-499f-a871-32281ced9221: addNew group-3D49EABF1E39:[c3cf7509-27e8-499f-a871-32281ced9221:192.168.151.106:40856] returns group-3D49EABF1E39:java.util.concurrent.CompletableFuture@7bdf4f17[Not completed]
2019-09-25 07:35:41,566 [pool-67-thread-1] INFO  impl.RaftServerImpl (RaftServerImpl.java:<init>(95)) - c3cf7509-27e8-499f-a871-32281ced9221: new RaftServerImpl for group-3D49EABF1E39:[c3cf7509-27e8-499f-a871-32281ced9221:192.168.151.106:40856] with ContainerStateMachine:uninitialized
2019-09-25 07:35:41,568 [pool-67-thread-1] INFO  server.RaftServerConfigKeys (ConfUtils.java:logGet(43)) - raft.server.rpc.timeout.min = 5s (custom)
2019-09-25 07:35:41,568 [pool-67-thread-1] INFO  server.RaftServerConfigKeys (ConfUtils.java:logGet(43)) - raft.server.rpc.timeout.max = 5200ms (custom)
2019-09-25 07:35:41,568 [pool-67-thread-1] INFO  server.RaftServerConfigKeys (ConfUtils.java:logGet(43)) - raft.server.rpcslowness.timeout = 120s (custom)
2019-09-25 07:35:41,568 [pool-67-thread-1] INFO  server.RaftServerConfigKeys (ConfUtils.java:logGet(43)) - raft.server.sleep.deviation.threshold = 300 (default)
2019-09-25 07:35:41,568 [pool-67-thread-1] INFO  server.RaftServerConfigKeys (ConfUtils.java:logGet(43)) - raft.server.log.appender.install.snapshot.enabled = false (custom)
2019-09-25 07:35:41,568 [pool-67-thread-1] INFO  impl.RaftServerImpl (ServerState.java:<init>(103)) - c3cf7509-27e8-499f-a871-32281ced9221@group-3D49EABF1E39: ConfigurationManager, init=-1: [c3cf7509-27e8-499f-a871-32281ced9221:192.168.151.106:40856], old=null, confs=<EMPTY_MAP>
2019-09-25 07:35:41,569 [pool-67-thread-1] INFO  server.RaftServerConfigKeys (ConfUtils.java:logGet(43)) - raft.server.storage.dir = [/workdir/hadoop-ozone/tools/target/test-dir/MiniOzoneClusterImpl-321f4562-75cd-4431-a0a7-dd0954309df4/datanode-4/data/ratis] (custom)
2019-09-25 07:35:41,569 [pool-67-thread-1] INFO  storage.RaftStorageDirectory (RaftStorageDirectory.java:analyzeStorage(246)) - The storage directory /workdir/hadoop-ozone/tools/target/test-dir/MiniOzoneClusterImpl-321f4562-75cd-4431-a0a7-dd0954309df4/datanode-4/data/ratis/0f7ddcbc-8523-4fc6-9b9f-3d49eabf1e39 does not exist. Creating ...
2019-09-25 07:35:41,594 [pool-67-thread-1] INFO  storage.RaftStorageDirectory (RaftStorageDirectory.java:tryLock(328)) - Lock on /workdir/hadoop-ozone/tools/target/test-dir/MiniOzoneClusterImpl-321f4562-75cd-4431-a0a7-dd0954309df4/datanode-4/data/ratis/0f7ddcbc-8523-4fc6-9b9f-3d49eabf1e39/in_use.lock acquired by nodename 28630@pr-hdds-1569-x2sr2-3486766547
2019-09-25 07:35:41,607 [pool-67-thread-1] INFO  storage.RaftStorage (RaftStorage.java:format(72)) - Storage directory /workdir/hadoop-ozone/tools/target/test-dir/MiniOzoneClusterImpl-321f4562-75cd-4431-a0a7-dd0954309df4/datanode-4/data/ratis/0f7ddcbc-8523-4fc6-9b9f-3d49eabf1e39 has been successfully formatted.
2019-09-25 07:35:41,608 [pool-67-thread-1] INFO  ratis.ContainerStateMachine (ContainerStateMachine.java:loadSnapshot(230)) - group-3D49EABF1E39: The snapshot info is null. Setting the last applied indexto:(t:0, i:~)
2019-09-25 07:35:41,610 [pool-67-thread-1] INFO  server.RaftServerConfigKeys (ConfUtils.java:logGet(43)) - raft.server.notification.no-leader.timeout = 120s (custom)
2019-09-25 07:35:41,610 [pool-67-thread-1] INFO  server.RaftServerConfigKeys (ConfUtils.java:logGet(43)) - raft.server.log.use.memory = false (default)
2019-09-25 07:35:41,610 [pool-67-thread-1] INFO  server.RaftServerConfigKeys (ConfUtils.java:logGet(43)) - raft.server.log.purge.gap = 1000000 (custom)
2019-09-25 07:35:41,610 [pool-67-thread-1] INFO  server.RaftServerConfigKeys (ConfUtils.java:logGet(43)) - raft.server.log.appender.buffer.byte-limit = 33554432 (custom)
2019-09-25 07:35:41,610 [pool-67-thread-1] INFO  server.RaftServerConfigKeys (ConfUtils.java:logGet(43)) - raft.server.log.segment.size.max = 1048576 (custom)
2019-09-25 07:35:41,611 [pool-67-thread-1] INFO  server.RaftServerConfigKeys (ConfUtils.java:logGet(43)) - raft.server.log.segment.cache.num.max = 2 (custom)
2019-09-25 07:35:41,611 [pool-67-thread-1] INFO  segmented.SegmentedRaftLogWorker (SegmentedRaftLogWorker.java:<init>(172)) - new c3cf7509-27e8-499f-a871-32281ced9221@group-3D49EABF1E39-SegmentedRaftLogWorker for RaftStorage:Storage Directory /workdir/hadoop-ozone/tools/target/test-dir/MiniOzoneClusterImpl-321f4562-75cd-4431-a0a7-dd0954309df4/datanode-4/data/ratis/0f7ddcbc-8523-4fc6-9b9f-3d49eabf1e39
2019-09-25 07:35:41,616 [pool-67-thread-1] INFO  server.RaftServerConfigKeys (ConfUtils.java:logGet(43)) - raft.server.log.queue.byte-limit = 2147483647 (custom)
2019-09-25 07:35:41,616 [pool-67-thread-1] INFO  server.RaftServerConfigKeys (ConfUtils.java:logGet(43)) - raft.server.log.queue.element-limit = 1024 (custom)
2019-09-25 07:35:41,616 [pool-67-thread-1] INFO  server.RaftServerConfigKeys (ConfUtils.java:logGet(43)) - raft.server.log.segment.size.max = 1048576 (custom)
2019-09-25 07:35:41,616 [pool-67-thread-1] INFO  server.RaftServerConfigKeys (ConfUtils.java:logGet(43)) - raft.server.log.preallocated.size = 16384 (custom)
2019-09-25 07:35:41,616 [pool-67-thread-1] INFO  server.RaftServerConfigKeys (ConfUtils.java:logGet(43)) - raft.server.log.write.buffer.size = 33554432 (custom)
2019-09-25 07:35:41,616 [pool-67-thread-1] INFO  server.RaftServerConfigKeys (ConfUtils.java:logGet(43)) - raft.server.log.force.sync.num = 128 (default)
2019-09-25 07:35:41,617 [pool-67-thread-1] INFO  server.RaftServerConfigKeys (ConfUtils.java:logGet(43)) - raft.server.log.statemachine.data.sync = true (default)
2019-09-25 07:35:41,617 [pool-67-thread-1] INFO  server.RaftServerConfigKeys (ConfUtils.java:logGet(43)) - raft.server.log.statemachine.data.sync.timeout = 10s (default)
2019-09-25 07:35:41,617 [pool-67-thread-1] INFO  server.RaftServerConfigKeys (ConfUtils.java:logGet(43)) - raft.server.log.statemachine.data.sync.timeout.retry = -1 (default)
2019-09-25 07:35:41,617 [pool-67-thread-1] INFO  server.RaftServerConfigKeys (ConfUtils.java:logGet(43)) - raft.server.log.statemachine.data.caching.enabled = true (custom)
2019-09-25 07:35:41,618 [pool-67-thread-1] INFO  segmented.SegmentedRaftLogWorker (SegmentedRaftLogWorker.java:lambda$new$0(132)) - c3cf7509-27e8-499f-a871-32281ced9221@group-3D49EABF1E39-SegmentedRaftLogWorker: flushIndex: setUnconditionally 0 -> -1
2019-09-25 07:35:41,618 [pool-67-thread-1] INFO  server.RaftServerConfigKeys (ConfUtils.java:logGet(43)) - raft.server.snapshot.auto.trigger.enabled = true (custom)
2019-09-25 07:35:41,618 [pool-67-thread-1] INFO  server.RaftServerConfigKeys (ConfUtils.java:logGet(43)) - raft.server.snapshot.auto.trigger.threshold = 10000 (custom)
2019-09-25 07:35:41,618 [pool-67-thread-1] INFO  server.RaftServerConfigKeys (ConfUtils.java:logGet(43)) - raft.server.snapshot.retention.num.files = 5 (custom)
2019-09-25 07:35:41,618 [pool-67-thread-1] INFO  server.RaftServerConfigKeys (ConfUtils.java:logGet(43)) - raft.server.retrycache.expirytime = 600000ms (custom)
2019-09-25 07:35:41,622 [pool-67-thread-1] INFO  impl.RaftServerImpl (RaftServerImpl.java:start(185)) - c3cf7509-27e8-499f-a871-32281ced9221@group-3D49EABF1E39: start as a follower, conf=-1: [c3cf7509-27e8-499f-a871-32281ced9221:192.168.151.106:40856], old=null
2019-09-25 07:35:41,622 [pool-67-thread-1] INFO  impl.RaftServerImpl (RaftServerImpl.java:setRole(174)) - c3cf7509-27e8-499f-a871-32281ced9221@group-3D49EABF1E39: changes role from      null to FOLLOWER at term 0 for startAsFollower
2019-09-25 07:35:41,622 [pool-67-thread-1] INFO  impl.RoleInfo (RoleInfo.java:updateAndGet(143)) - c3cf7509-27e8-499f-a871-32281ced9221: start FollowerState
2019-09-25 07:35:41,624 [pool-67-thread-1] INFO  util.JmxRegister (JmxRegister.java:tryRegister(44)) - Successfully registered JMX Bean with object name Ratis:service=RaftServer,group=group-3D49EABF1E39,id=c3cf7509-27e8-499f-a871-32281ced9221
2019-09-25 07:35:41,642 [RatisPipelineUtilsThread] INFO  pipeline.PipelineStateManager (PipelineStateManager.java:addPipeline(56)) - Created pipeline Pipeline[ Id: 0f7ddcbc-8523-4fc6-9b9f-3d49eabf1e39, Nodes: c3cf7509-27e8-499f-a871-32281ced9221{ip: 192.168.151.106, host: pr-hdds-1569-x2sr2-3486766547, networkLocation: /default-rack, certSerialId: null}, Type:RATIS, Factor:ONE, State:OPEN]
2019-09-25 07:35:41,662 [grpc-default-executor-0] INFO  impl.RaftServerProxy (RaftServerProxy.java:addNew(89)) - 0a03bc5e-b15f-4537-941b-10259ace1437: addNew group-D799C3DEA50B:[0a03bc5e-b15f-4537-941b-10259ace1437:192.168.151.106:43890] returns group-D799C3DEA50B:java.util.concurrent.CompletableFuture@725a5961[Not completed]
2019-09-25 07:35:41,685 [pool-37-thread-1] INFO  impl.RaftServerImpl (RaftServerImpl.java:<init>(95)) - 0a03bc5e-b15f-4537-941b-10259ace1437: new RaftServerImpl for group-D799C3DEA50B:[0a03bc5e-b15f-4537-941b-10259ace1437:192.168.151.106:43890] with ContainerStateMachine:uninitialized
2019-09-25 07:35:41,685 [pool-37-thread-1] INFO  server.RaftServerConfigKeys (ConfUtils.java:logGet(43)) - raft.server.rpc.timeout.min = 5s (custom)
2019-09-25 07:35:41,685 [pool-37-thread-1] INFO  server.RaftServerConfigKeys (ConfUtils.java:logGet(43)) - raft.server.rpc.timeout.max = 5200ms (custom)
2019-09-25 07:35:41,686 [pool-37-thread-1] INFO  server.RaftServerConfigKeys (ConfUtils.java:logGet(43)) - raft.server.rpcslowness.timeout = 120s (custom)
2019-09-25 07:35:41,686 [pool-37-thread-1] INFO  server.RaftServerConfigKeys (ConfUtils.java:logGet(43)) - raft.server.sleep.deviation.threshold = 300 (default)
2019-09-25 07:35:41,686 [pool-37-thread-1] INFO  server.RaftServerConfigKeys (ConfUtils.java:logGet(43)) - raft.server.log.appender.install.snapshot.enabled = false (custom)
2019-09-25 07:35:41,686 [pool-37-thread-1] INFO  impl.RaftServerImpl (ServerState.java:<init>(103)) - 0a03bc5e-b15f-4537-941b-10259ace1437@group-D799C3DEA50B: ConfigurationManager, init=-1: [0a03bc5e-b15f-4537-941b-10259ace1437:192.168.151.106:43890], old=null, confs=<EMPTY_MAP>
2019-09-25 07:35:41,686 [pool-37-thread-1] INFO  server.RaftServerConfigKeys (ConfUtils.java:logGet(43)) - raft.server.storage.dir = [/workdir/hadoop-ozone/tools/target/test-dir/MiniOzoneClusterImpl-321f4562-75cd-4431-a0a7-dd0954309df4/datanode-1/data/ratis] (custom)
2019-09-25 07:35:41,686 [pool-37-thread-1] INFO  storage.RaftStorageDirectory (RaftStorageDirectory.java:analyzeStorage(246)) - The storage directory /workdir/hadoop-ozone/tools/target/test-dir/MiniOzoneClusterImpl-321f4562-75cd-4431-a0a7-dd0954309df4/datanode-1/data/ratis/b7a05170-b08f-4c13-932a-d799c3dea50b does not exist. Creating ...
2019-09-25 07:35:41,699 [pool-37-thread-1] INFO  storage.RaftStorageDirectory (RaftStorageDirectory.java:tryLock(328)) - Lock on /workdir/hadoop-ozone/tools/target/test-dir/MiniOzoneClusterImpl-321f4562-75cd-4431-a0a7-dd0954309df4/datanode-1/data/ratis/b7a05170-b08f-4c13-932a-d799c3dea50b/in_use.lock acquired by nodename 28630@pr-hdds-1569-x2sr2-3486766547
2019-09-25 07:35:41,711 [pool-37-thread-1] INFO  storage.RaftStorage (RaftStorage.java:format(72)) - Storage directory /workdir/hadoop-ozone/tools/target/test-dir/MiniOzoneClusterImpl-321f4562-75cd-4431-a0a7-dd0954309df4/datanode-1/data/ratis/b7a05170-b08f-4c13-932a-d799c3dea50b has been successfully formatted.
2019-09-25 07:35:41,712 [pool-37-thread-1] INFO  ratis.ContainerStateMachine (ContainerStateMachine.java:loadSnapshot(230)) - group-D799C3DEA50B: The snapshot info is null. Setting the last applied indexto:(t:0, i:~)
2019-09-25 07:35:41,712 [pool-37-thread-1] INFO  server.RaftServerConfigKeys (ConfUtils.java:logGet(43)) - raft.server.notification.no-leader.timeout = 120s (custom)
2019-09-25 07:35:41,712 [pool-37-thread-1] INFO  server.RaftServerConfigKeys (ConfUtils.java:logGet(43)) - raft.server.log.use.memory = false (default)
2019-09-25 07:35:41,712 [pool-37-thread-1] INFO  server.RaftServerConfigKeys (ConfUtils.java:logGet(43)) - raft.server.log.purge.gap = 1000000 (custom)
2019-09-25 07:35:41,712 [pool-37-thread-1] INFO  server.RaftServerConfigKeys (ConfUtils.java:logGet(43)) - raft.server.log.appender.buffer.byte-limit = 33554432 (custom)
2019-09-25 07:35:41,713 [pool-37-thread-1] INFO  server.RaftServerConfigKeys (ConfUtils.java:logGet(43)) - raft.server.log.segment.size.max = 1048576 (custom)
2019-09-25 07:35:41,713 [pool-37-thread-1] INFO  server.RaftServerConfigKeys (ConfUtils.java:logGet(43)) - raft.server.log.segment.cache.num.max = 2 (custom)
2019-09-25 07:35:41,713 [pool-37-thread-1] INFO  segmented.SegmentedRaftLogWorker (SegmentedRaftLogWorker.java:<init>(172)) - new 0a03bc5e-b15f-4537-941b-10259ace1437@group-D799C3DEA50B-SegmentedRaftLogWorker for RaftStorage:Storage Directory /workdir/hadoop-ozone/tools/target/test-dir/MiniOzoneClusterImpl-321f4562-75cd-4431-a0a7-dd0954309df4/datanode-1/data/ratis/b7a05170-b08f-4c13-932a-d799c3dea50b
2019-09-25 07:35:41,748 [pool-37-thread-1] INFO  server.RaftServerConfigKeys (ConfUtils.java:logGet(43)) - raft.server.log.queue.byte-limit = 2147483647 (custom)
2019-09-25 07:35:41,750 [pool-37-thread-1] INFO  server.RaftServerConfigKeys (ConfUtils.java:logGet(43)) - raft.server.log.queue.element-limit = 1024 (custom)
2019-09-25 07:35:41,751 [pool-37-thread-1] INFO  server.RaftServerConfigKeys (ConfUtils.java:logGet(43)) - raft.server.log.segment.size.max = 1048576 (custom)
2019-09-25 07:35:41,751 [pool-37-thread-1] INFO  server.RaftServerConfigKeys (ConfUtils.java:logGet(43)) - raft.server.log.preallocated.size = 16384 (custom)
2019-09-25 07:35:41,751 [pool-37-thread-1] INFO  server.RaftServerConfigKeys (ConfUtils.java:logGet(43)) - raft.server.log.write.buffer.size = 33554432 (custom)
2019-09-25 07:35:41,751 [pool-37-thread-1] INFO  server.RaftServerConfigKeys (ConfUtils.java:logGet(43)) - raft.server.log.force.sync.num = 128 (default)
2019-09-25 07:35:41,751 [pool-37-thread-1] INFO  server.RaftServerConfigKeys (ConfUtils.java:logGet(43)) - raft.server.log.statemachine.data.sync = true (default)
2019-09-25 07:35:41,751 [pool-37-thread-1] INFO  server.RaftServerConfigKeys (ConfUtils.java:logGet(43)) - raft.server.log.statemachine.data.sync.timeout = 10s (default)
2019-09-25 07:35:41,751 [pool-37-thread-1] INFO  server.RaftServerConfigKeys (ConfUtils.java:logGet(43)) - raft.server.log.statemachine.data.sync.timeout.retry = -1 (default)
2019-09-25 07:35:41,752 [pool-37-thread-1] INFO  server.RaftServerConfigKeys (ConfUtils.java:logGet(43)) - raft.server.log.statemachine.data.caching.enabled = true (custom)
2019-09-25 07:35:41,753 [pool-37-thread-1] INFO  segmented.SegmentedRaftLogWorker (SegmentedRaftLogWorker.java:lambda$new$0(132)) - 0a03bc5e-b15f-4537-941b-10259ace1437@group-D799C3DEA50B-SegmentedRaftLogWorker: flushIndex: setUnconditionally 0 -> -1
2019-09-25 07:35:41,753 [pool-37-thread-1] INFO  server.RaftServerConfigKeys (ConfUtils.java:logGet(43)) - raft.server.snapshot.auto.trigger.enabled = true (custom)
2019-09-25 07:35:41,753 [pool-37-thread-1] INFO  server.RaftServerConfigKeys (ConfUtils.java:logGet(43)) - raft.server.snapshot.auto.trigger.threshold = 10000 (custom)
2019-09-25 07:35:41,754 [pool-37-thread-1] INFO  server.RaftServerConfigKeys (ConfUtils.java:logGet(43)) - raft.server.snapshot.retention.num.files = 5 (custom)
2019-09-25 07:35:41,754 [pool-37-thread-1] INFO  server.RaftServerConfigKeys (ConfUtils.java:logGet(43)) - raft.server.retrycache.expirytime = 600000ms (custom)
2019-09-25 07:35:41,758 [pool-37-thread-1] INFO  impl.RaftServerImpl (RaftServerImpl.java:start(185)) - 0a03bc5e-b15f-4537-941b-10259ace1437@group-D799C3DEA50B: start as a follower, conf=-1: [0a03bc5e-b15f-4537-941b-10259ace1437:192.168.151.106:43890], old=null
2019-09-25 07:35:41,759 [pool-37-thread-1] INFO  impl.RaftServerImpl (RaftServerImpl.java:setRole(174)) - 0a03bc5e-b15f-4537-941b-10259ace1437@group-D799C3DEA50B: changes role from      null to FOLLOWER at term 0 for startAsFollower
2019-09-25 07:35:41,759 [pool-37-thread-1] INFO  impl.RoleInfo (RoleInfo.java:updateAndGet(143)) - 0a03bc5e-b15f-4537-941b-10259ace1437: start FollowerState
2019-09-25 07:35:41,759 [pool-37-thread-1] INFO  util.JmxRegister (JmxRegister.java:tryRegister(44)) - Successfully registered JMX Bean with object name Ratis:service=RaftServer,group=group-D799C3DEA50B,id=0a03bc5e-b15f-4537-941b-10259ace1437
2019-09-25 07:35:41,777 [RatisPipelineUtilsThread] INFO  pipeline.PipelineStateManager (PipelineStateManager.java:addPipeline(56)) - Created pipeline Pipeline[ Id: b7a05170-b08f-4c13-932a-d799c3dea50b, Nodes: 0a03bc5e-b15f-4537-941b-10259ace1437{ip: 192.168.151.106, host: pr-hdds-1569-x2sr2-3486766547, networkLocation: /default-rack, certSerialId: null}, Type:RATIS, Factor:ONE, State:OPEN]
2019-09-25 07:35:41,802 [grpc-default-executor-0] INFO  impl.RaftServerProxy (RaftServerProxy.java:addNew(89)) - 20eeef1f-c0de-4bb7-8f99-fe21c95fed30: addNew group-1FF75D82F662:[20eeef1f-c0de-4bb7-8f99-fe21c95fed30:192.168.151.106:34100] returns group-1FF75D82F662:java.util.concurrent.CompletableFuture@1dbbdc46[Not completed]
2019-09-25 07:35:41,804 [pool-47-thread-1] INFO  impl.RaftServerImpl (RaftServerImpl.java:<init>(95)) - 20eeef1f-c0de-4bb7-8f99-fe21c95fed30: new RaftServerImpl for group-1FF75D82F662:[20eeef1f-c0de-4bb7-8f99-fe21c95fed30:192.168.151.106:34100] with ContainerStateMachine:uninitialized
2019-09-25 07:35:41,805 [pool-47-thread-1] INFO  server.RaftServerConfigKeys (ConfUtils.java:logGet(43)) - raft.server.rpc.timeout.min = 5s (custom)
2019-09-25 07:35:41,805 [pool-47-thread-1] INFO  server.RaftServerConfigKeys (ConfUtils.java:logGet(43)) - raft.server.rpc.timeout.max = 5200ms (custom)
2019-09-25 07:35:41,805 [pool-47-thread-1] INFO  server.RaftServerConfigKeys (ConfUtils.java:logGet(43)) - raft.server.rpcslowness.timeout = 120s (custom)
2019-09-25 07:35:41,805 [pool-47-thread-1] INFO  server.RaftServerConfigKeys (ConfUtils.java:logGet(43)) - raft.server.sleep.deviation.threshold = 300 (default)
2019-09-25 07:35:41,805 [pool-47-thread-1] INFO  server.RaftServerConfigKeys (ConfUtils.java:logGet(43)) - raft.server.log.appender.install.snapshot.enabled = false (custom)
2019-09-25 07:35:41,805 [pool-47-thread-1] INFO  impl.RaftServerImpl (ServerState.java:<init>(103)) - 20eeef1f-c0de-4bb7-8f99-fe21c95fed30@group-1FF75D82F662: ConfigurationManager, init=-1: [20eeef1f-c0de-4bb7-8f99-fe21c95fed30:192.168.151.106:34100], old=null, confs=<EMPTY_MAP>
2019-09-25 07:35:41,806 [pool-47-thread-1] INFO  server.RaftServerConfigKeys (ConfUtils.java:logGet(43)) - raft.server.storage.dir = [/workdir/hadoop-ozone/tools/target/test-dir/MiniOzoneClusterImpl-321f4562-75cd-4431-a0a7-dd0954309df4/datanode-2/data/ratis] (custom)
2019-09-25 07:35:41,806 [pool-47-thread-1] INFO  storage.RaftStorageDirectory (RaftStorageDirectory.java:analyzeStorage(246)) - The storage directory /workdir/hadoop-ozone/tools/target/test-dir/MiniOzoneClusterImpl-321f4562-75cd-4431-a0a7-dd0954309df4/datanode-2/data/ratis/a0e758f3-6c6a-48eb-8fd8-1ff75d82f662 does not exist. Creating ...
2019-09-25 07:35:41,829 [pool-47-thread-1] INFO  storage.RaftStorageDirectory (RaftStorageDirectory.java:tryLock(328)) - Lock on /workdir/hadoop-ozone/tools/target/test-dir/MiniOzoneClusterImpl-321f4562-75cd-4431-a0a7-dd0954309df4/datanode-2/data/ratis/a0e758f3-6c6a-48eb-8fd8-1ff75d82f662/in_use.lock acquired by nodename 28630@pr-hdds-1569-x2sr2-3486766547
2019-09-25 07:35:41,854 [pool-47-thread-1] INFO  storage.RaftStorage (RaftStorage.java:format(72)) - Storage directory /workdir/hadoop-ozone/tools/target/test-dir/MiniOzoneClusterImpl-321f4562-75cd-4431-a0a7-dd0954309df4/datanode-2/data/ratis/a0e758f3-6c6a-48eb-8fd8-1ff75d82f662 has been successfully formatted.
2019-09-25 07:35:41,855 [pool-47-thread-1] INFO  ratis.ContainerStateMachine (ContainerStateMachine.java:loadSnapshot(230)) - group-1FF75D82F662: The snapshot info is null. Setting the last applied indexto:(t:0, i:~)
2019-09-25 07:35:41,855 [pool-47-thread-1] INFO  server.RaftServerConfigKeys (ConfUtils.java:logGet(43)) - raft.server.notification.no-leader.timeout = 120s (custom)
2019-09-25 07:35:41,855 [pool-47-thread-1] INFO  server.RaftServerConfigKeys (ConfUtils.java:logGet(43)) - raft.server.log.use.memory = false (default)
2019-09-25 07:35:41,856 [pool-47-thread-1] INFO  server.RaftServerConfigKeys (ConfUtils.java:logGet(43)) - raft.server.log.purge.gap = 1000000 (custom)
2019-09-25 07:35:41,856 [pool-47-thread-1] INFO  server.RaftServerConfigKeys (ConfUtils.java:logGet(43)) - raft.server.log.appender.buffer.byte-limit = 33554432 (custom)
2019-09-25 07:35:41,856 [pool-47-thread-1] INFO  server.RaftServerConfigKeys (ConfUtils.java:logGet(43)) - raft.server.log.segment.size.max = 1048576 (custom)
2019-09-25 07:35:41,856 [pool-47-thread-1] INFO  server.RaftServerConfigKeys (ConfUtils.java:logGet(43)) - raft.server.log.segment.cache.num.max = 2 (custom)
2019-09-25 07:35:41,857 [pool-47-thread-1] INFO  segmented.SegmentedRaftLogWorker (SegmentedRaftLogWorker.java:<init>(172)) - new 20eeef1f-c0de-4bb7-8f99-fe21c95fed30@group-1FF75D82F662-SegmentedRaftLogWorker for RaftStorage:Storage Directory /workdir/hadoop-ozone/tools/target/test-dir/MiniOzoneClusterImpl-321f4562-75cd-4431-a0a7-dd0954309df4/datanode-2/data/ratis/a0e758f3-6c6a-48eb-8fd8-1ff75d82f662
2019-09-25 07:35:41,863 [main] INFO  ozone.MiniOzoneClusterImpl (MiniOzoneClusterImpl.java:lambda$waitForClusterToBeReady$0(147)) - Cluster is ready. Got 5 of 5 DN Heartbeats.
2019-09-25 07:35:41,864 [pool-47-thread-1] INFO  server.RaftServerConfigKeys (ConfUtils.java:logGet(43)) - raft.server.log.queue.byte-limit = 2147483647 (custom)
2019-09-25 07:35:41,864 [pool-47-thread-1] INFO  server.RaftServerConfigKeys (ConfUtils.java:logGet(43)) - raft.server.log.queue.element-limit = 1024 (custom)
2019-09-25 07:35:41,865 [pool-47-thread-1] INFO  server.RaftServerConfigKeys (ConfUtils.java:logGet(43)) - raft.server.log.segment.size.max = 1048576 (custom)
2019-09-25 07:35:41,865 [pool-47-thread-1] INFO  server.RaftServerConfigKeys (ConfUtils.java:logGet(43)) - raft.server.log.preallocated.size = 16384 (custom)
2019-09-25 07:35:41,865 [pool-47-thread-1] INFO  server.RaftServerConfigKeys (ConfUtils.java:logGet(43)) - raft.server.log.write.buffer.size = 33554432 (custom)
2019-09-25 07:35:41,865 [pool-47-thread-1] INFO  server.RaftServerConfigKeys (ConfUtils.java:logGet(43)) - raft.server.log.force.sync.num = 128 (default)
2019-09-25 07:35:41,865 [pool-47-thread-1] INFO  server.RaftServerConfigKeys (ConfUtils.java:logGet(43)) - raft.server.log.statemachine.data.sync = true (default)
2019-09-25 07:35:41,866 [pool-47-thread-1] INFO  server.RaftServerConfigKeys (ConfUtils.java:logGet(43)) - raft.server.log.statemachine.data.sync.timeout = 10s (default)
2019-09-25 07:35:41,866 [pool-47-thread-1] INFO  server.RaftServerConfigKeys (ConfUtils.java:logGet(43)) - raft.server.log.statemachine.data.sync.timeout.retry = -1 (default)
2019-09-25 07:35:41,866 [pool-47-thread-1] INFO  server.RaftServerConfigKeys (ConfUtils.java:logGet(43)) - raft.server.log.statemachine.data.caching.enabled = true (custom)
2019-09-25 07:35:41,867 [pool-47-thread-1] INFO  segmented.SegmentedRaftLogWorker (SegmentedRaftLogWorker.java:lambda$new$0(132)) - 20eeef1f-c0de-4bb7-8f99-fe21c95fed30@group-1FF75D82F662-SegmentedRaftLogWorker: flushIndex: setUnconditionally 0 -> -1
2019-09-25 07:35:41,867 [pool-47-thread-1] INFO  server.RaftServerConfigKeys (ConfUtils.java:logGet(43)) - raft.server.snapshot.auto.trigger.enabled = true (custom)
2019-09-25 07:35:41,867 [pool-47-thread-1] INFO  server.RaftServerConfigKeys (ConfUtils.java:logGet(43)) - raft.server.snapshot.auto.trigger.threshold = 10000 (custom)
2019-09-25 07:35:41,868 [pool-47-thread-1] INFO  server.RaftServerConfigKeys (ConfUtils.java:logGet(43)) - raft.server.snapshot.retention.num.files = 5 (custom)
2019-09-25 07:35:41,868 [pool-47-thread-1] INFO  server.RaftServerConfigKeys (ConfUtils.java:logGet(43)) - raft.server.retrycache.expirytime = 600000ms (custom)
2019-09-25 07:35:41,874 [pool-47-thread-1] INFO  impl.RaftServerImpl (RaftServerImpl.java:start(185)) - 20eeef1f-c0de-4bb7-8f99-fe21c95fed30@group-1FF75D82F662: start as a follower, conf=-1: [20eeef1f-c0de-4bb7-8f99-fe21c95fed30:192.168.151.106:34100], old=null
2019-09-25 07:35:41,874 [pool-47-thread-1] INFO  impl.RaftServerImpl (RaftServerImpl.java:setRole(174)) - 20eeef1f-c0de-4bb7-8f99-fe21c95fed30@group-1FF75D82F662: changes role from      null to FOLLOWER at term 0 for startAsFollower
2019-09-25 07:35:41,874 [pool-47-thread-1] INFO  impl.RoleInfo (RoleInfo.java:updateAndGet(143)) - 20eeef1f-c0de-4bb7-8f99-fe21c95fed30: start FollowerState
2019-09-25 07:35:41,875 [pool-47-thread-1] INFO  util.JmxRegister (JmxRegister.java:tryRegister(44)) - Successfully registered JMX Bean with object name Ratis:service=RaftServer,group=group-1FF75D82F662,id=20eeef1f-c0de-4bb7-8f99-fe21c95fed30
2019-09-25 07:35:41,891 [RatisPipelineUtilsThread] INFO  pipeline.PipelineStateManager (PipelineStateManager.java:addPipeline(56)) - Created pipeline Pipeline[ Id: a0e758f3-6c6a-48eb-8fd8-1ff75d82f662, Nodes: 20eeef1f-c0de-4bb7-8f99-fe21c95fed30{ip: 192.168.151.106, host: pr-hdds-1569-x2sr2-3486766547, networkLocation: /default-rack, certSerialId: null}, Type:RATIS, Factor:ONE, State:OPEN]
2019-09-25 07:35:41,923 [grpc-default-executor-0] INFO  impl.RaftServerProxy (RaftServerProxy.java:addNew(89)) - 0a03bc5e-b15f-4537-941b-10259ace1437: addNew group-2F012D657F2B:[0a03bc5e-b15f-4537-941b-10259ace1437:192.168.151.106:43890] returns group-2F012D657F2B:java.util.concurrent.CompletableFuture@2e5b9ded[Not completed]
2019-09-25 07:35:41,925 [pool-37-thread-1] INFO  impl.RaftServerImpl (RaftServerImpl.java:<init>(95)) - 0a03bc5e-b15f-4537-941b-10259ace1437: new RaftServerImpl for group-2F012D657F2B:[0a03bc5e-b15f-4537-941b-10259ace1437:192.168.151.106:43890] with ContainerStateMachine:uninitialized
2019-09-25 07:35:41,925 [pool-37-thread-1] INFO  server.RaftServerConfigKeys (ConfUtils.java:logGet(43)) - raft.server.rpc.timeout.min = 5s (custom)
2019-09-25 07:35:41,925 [pool-37-thread-1] INFO  server.RaftServerConfigKeys (ConfUtils.java:logGet(43)) - raft.server.rpc.timeout.max = 5200ms (custom)
2019-09-25 07:35:41,927 [pool-37-thread-1] INFO  server.RaftServerConfigKeys (ConfUtils.java:logGet(43)) - raft.server.rpcslowness.timeout = 120s (custom)
2019-09-25 07:35:41,927 [pool-37-thread-1] INFO  server.RaftServerConfigKeys (ConfUtils.java:logGet(43)) - raft.server.sleep.deviation.threshold = 300 (default)
2019-09-25 07:35:41,927 [pool-37-thread-1] INFO  server.RaftServerConfigKeys (ConfUtils.java:logGet(43)) - raft.server.log.appender.install.snapshot.enabled = false (custom)
2019-09-25 07:35:41,927 [pool-37-thread-1] INFO  impl.RaftServerImpl (ServerState.java:<init>(103)) - 0a03bc5e-b15f-4537-941b-10259ace1437@group-2F012D657F2B: ConfigurationManager, init=-1: [0a03bc5e-b15f-4537-941b-10259ace1437:192.168.151.106:43890], old=null, confs=<EMPTY_MAP>
2019-09-25 07:35:41,927 [pool-37-thread-1] INFO  server.RaftServerConfigKeys (ConfUtils.java:logGet(43)) - raft.server.storage.dir = [/workdir/hadoop-ozone/tools/target/test-dir/MiniOzoneClusterImpl-321f4562-75cd-4431-a0a7-dd0954309df4/datanode-1/data/ratis] (custom)
2019-09-25 07:35:41,928 [pool-37-thread-1] INFO  storage.RaftStorageDirectory (RaftStorageDirectory.java:analyzeStorage(246)) - The storage directory /workdir/hadoop-ozone/tools/target/test-dir/MiniOzoneClusterImpl-321f4562-75cd-4431-a0a7-dd0954309df4/datanode-1/data/ratis/9986d282-a616-43a3-a7e3-2f012d657f2b does not exist. Creating ...
2019-09-25 07:35:41,952 [pool-37-thread-1] INFO  storage.RaftStorageDirectory (RaftStorageDirectory.java:tryLock(328)) - Lock on /workdir/hadoop-ozone/tools/target/test-dir/MiniOzoneClusterImpl-321f4562-75cd-4431-a0a7-dd0954309df4/datanode-1/data/ratis/9986d282-a616-43a3-a7e3-2f012d657f2b/in_use.lock acquired by nodename 28630@pr-hdds-1569-x2sr2-3486766547
2019-09-25 07:35:41,966 [pool-37-thread-1] INFO  storage.RaftStorage (RaftStorage.java:format(72)) - Storage directory /workdir/hadoop-ozone/tools/target/test-dir/MiniOzoneClusterImpl-321f4562-75cd-4431-a0a7-dd0954309df4/datanode-1/data/ratis/9986d282-a616-43a3-a7e3-2f012d657f2b has been successfully formatted.
2019-09-25 07:35:41,966 [pool-37-thread-1] INFO  ratis.ContainerStateMachine (ContainerStateMachine.java:loadSnapshot(230)) - group-2F012D657F2B: The snapshot info is null. Setting the last applied indexto:(t:0, i:~)
2019-09-25 07:35:41,966 [pool-37-thread-1] INFO  server.RaftServerConfigKeys (ConfUtils.java:logGet(43)) - raft.server.notification.no-leader.timeout = 120s (custom)
2019-09-25 07:35:41,967 [pool-37-thread-1] INFO  server.RaftServerConfigKeys (ConfUtils.java:logGet(43)) - raft.server.log.use.memory = false (default)
2019-09-25 07:35:41,967 [pool-37-thread-1] INFO  server.RaftServerConfigKeys (ConfUtils.java:logGet(43)) - raft.server.log.purge.gap = 1000000 (custom)
2019-09-25 07:35:41,967 [pool-37-thread-1] INFO  server.RaftServerConfigKeys (ConfUtils.java:logGet(43)) - raft.server.log.appender.buffer.byte-limit = 33554432 (custom)
2019-09-25 07:35:41,967 [pool-37-thread-1] INFO  server.RaftServerConfigKeys (ConfUtils.java:logGet(43)) - raft.server.log.segment.size.max = 1048576 (custom)
2019-09-25 07:35:41,967 [pool-37-thread-1] INFO  server.RaftServerConfigKeys (ConfUtils.java:logGet(43)) - raft.server.log.segment.cache.num.max = 2 (custom)
2019-09-25 07:35:41,968 [pool-37-thread-1] INFO  segmented.SegmentedRaftLogWorker (SegmentedRaftLogWorker.java:<init>(172)) - new 0a03bc5e-b15f-4537-941b-10259ace1437@group-2F012D657F2B-SegmentedRaftLogWorker for RaftStorage:Storage Directory /workdir/hadoop-ozone/tools/target/test-dir/MiniOzoneClusterImpl-321f4562-75cd-4431-a0a7-dd0954309df4/datanode-1/data/ratis/9986d282-a616-43a3-a7e3-2f012d657f2b
2019-09-25 07:35:41,968 [pool-37-thread-1] INFO  server.RaftServerConfigKeys (ConfUtils.java:logGet(43)) - raft.server.log.queue.byte-limit = 2147483647 (custom)
2019-09-25 07:35:41,968 [pool-37-thread-1] INFO  server.RaftServerConfigKeys (ConfUtils.java:logGet(43)) - raft.server.log.queue.element-limit = 1024 (custom)
2019-09-25 07:35:41,969 [pool-37-thread-1] INFO  server.RaftServerConfigKeys (ConfUtils.java:logGet(43)) - raft.server.log.segment.size.max = 1048576 (custom)
2019-09-25 07:35:41,969 [pool-37-thread-1] INFO  server.RaftServerConfigKeys (ConfUtils.java:logGet(43)) - raft.server.log.preallocated.size = 16384 (custom)
2019-09-25 07:35:41,969 [pool-37-thread-1] INFO  server.RaftServerConfigKeys (ConfUtils.java:logGet(43)) - raft.server.log.write.buffer.size = 33554432 (custom)
2019-09-25 07:35:41,969 [pool-37-thread-1] INFO  server.RaftServerConfigKeys (ConfUtils.java:logGet(43)) - raft.server.log.force.sync.num = 128 (default)
2019-09-25 07:35:41,969 [pool-37-thread-1] INFO  server.RaftServerConfigKeys (ConfUtils.java:logGet(43)) - raft.server.log.statemachine.data.sync = true (default)
2019-09-25 07:35:41,970 [pool-37-thread-1] INFO  server.RaftServerConfigKeys (ConfUtils.java:logGet(43)) - raft.server.log.statemachine.data.sync.timeout = 10s (default)
2019-09-25 07:35:41,970 [pool-37-thread-1] INFO  server.RaftServerConfigKeys (ConfUtils.java:logGet(43)) - raft.server.log.statemachine.data.sync.timeout.retry = -1 (default)
2019-09-25 07:35:41,970 [pool-37-thread-1] INFO  server.RaftServerConfigKeys (ConfUtils.java:logGet(43)) - raft.server.log.statemachine.data.caching.enabled = true (custom)
2019-09-25 07:35:41,970 [pool-37-thread-1] INFO  segmented.SegmentedRaftLogWorker (SegmentedRaftLogWorker.java:lambda$new$0(132)) - 0a03bc5e-b15f-4537-941b-10259ace1437@group-2F012D657F2B-SegmentedRaftLogWorker: flushIndex: setUnconditionally 0 -> -1
2019-09-25 07:35:41,971 [pool-37-thread-1] INFO  server.RaftServerConfigKeys (ConfUtils.java:logGet(43)) - raft.server.snapshot.auto.trigger.enabled = true (custom)
2019-09-25 07:35:41,971 [pool-37-thread-1] INFO  server.RaftServerConfigKeys (ConfUtils.java:logGet(43)) - raft.server.snapshot.auto.trigger.threshold = 10000 (custom)
2019-09-25 07:35:41,971 [pool-37-thread-1] INFO  server.RaftServerConfigKeys (ConfUtils.java:logGet(43)) - raft.server.snapshot.retention.num.files = 5 (custom)
2019-09-25 07:35:41,972 [pool-37-thread-1] INFO  server.RaftServerConfigKeys (ConfUtils.java:logGet(43)) - raft.server.retrycache.expirytime = 600000ms (custom)
2019-09-25 07:35:41,976 [pool-37-thread-1] INFO  impl.RaftServerImpl (RaftServerImpl.java:start(185)) - 0a03bc5e-b15f-4537-941b-10259ace1437@group-2F012D657F2B: start as a follower, conf=-1: [0a03bc5e-b15f-4537-941b-10259ace1437:192.168.151.106:43890], old=null
2019-09-25 07:35:41,976 [pool-37-thread-1] INFO  impl.RaftServerImpl (RaftServerImpl.java:setRole(174)) - 0a03bc5e-b15f-4537-941b-10259ace1437@group-2F012D657F2B: changes role from      null to FOLLOWER at term 0 for startAsFollower
2019-09-25 07:35:41,976 [pool-37-thread-1] INFO  impl.RoleInfo (RoleInfo.java:updateAndGet(143)) - 0a03bc5e-b15f-4537-941b-10259ace1437: start FollowerState
2019-09-25 07:35:41,977 [pool-37-thread-1] INFO  util.JmxRegister (JmxRegister.java:tryRegister(44)) - Successfully registered JMX Bean with object name Ratis:service=RaftServer,group=group-2F012D657F2B,id=0a03bc5e-b15f-4537-941b-10259ace1437
2019-09-25 07:35:41,990 [RatisPipelineUtilsThread] INFO  pipeline.PipelineStateManager (PipelineStateManager.java:addPipeline(56)) - Created pipeline Pipeline[ Id: 9986d282-a616-43a3-a7e3-2f012d657f2b, Nodes: 0a03bc5e-b15f-4537-941b-10259ace1437{ip: 192.168.151.106, host: pr-hdds-1569-x2sr2-3486766547, networkLocation: /default-rack, certSerialId: null}, Type:RATIS, Factor:ONE, State:OPEN]
2019-09-25 07:35:42,010 [grpc-default-executor-0] INFO  impl.RaftServerProxy (RaftServerProxy.java:addNew(89)) - 89512cd3-5215-493c-9626-f8bc005210a2: addNew group-D640F67E6412:[89512cd3-5215-493c-9626-f8bc005210a2:192.168.151.106:37585] returns group-D640F67E6412:java.util.concurrent.CompletableFuture@37b13860[Not completed]
2019-09-25 07:35:42,012 [pool-27-thread-1] INFO  impl.RaftServerImpl (RaftServerImpl.java:<init>(95)) - 89512cd3-5215-493c-9626-f8bc005210a2: new RaftServerImpl for group-D640F67E6412:[89512cd3-5215-493c-9626-f8bc005210a2:192.168.151.106:37585] with ContainerStateMachine:uninitialized
2019-09-25 07:35:42,012 [pool-27-thread-1] INFO  server.RaftServerConfigKeys (ConfUtils.java:logGet(43)) - raft.server.rpc.timeout.min = 5s (custom)
2019-09-25 07:35:42,013 [pool-27-thread-1] INFO  server.RaftServerConfigKeys (ConfUtils.java:logGet(43)) - raft.server.rpc.timeout.max = 5200ms (custom)
2019-09-25 07:35:42,013 [pool-27-thread-1] INFO  server.RaftServerConfigKeys (ConfUtils.java:logGet(43)) - raft.server.rpcslowness.timeout = 120s (custom)
2019-09-25 07:35:42,013 [pool-27-thread-1] INFO  server.RaftServerConfigKeys (ConfUtils.java:logGet(43)) - raft.server.sleep.deviation.threshold = 300 (default)
2019-09-25 07:35:42,013 [pool-27-thread-1] INFO  server.RaftServerConfigKeys (ConfUtils.java:logGet(43)) - raft.server.log.appender.install.snapshot.enabled = false (custom)
2019-09-25 07:35:42,013 [pool-27-thread-1] INFO  impl.RaftServerImpl (ServerState.java:<init>(103)) - 89512cd3-5215-493c-9626-f8bc005210a2@group-D640F67E6412: ConfigurationManager, init=-1: [89512cd3-5215-493c-9626-f8bc005210a2:192.168.151.106:37585], old=null, confs=<EMPTY_MAP>
2019-09-25 07:35:42,013 [pool-27-thread-1] INFO  server.RaftServerConfigKeys (ConfUtils.java:logGet(43)) - raft.server.storage.dir = [/workdir/hadoop-ozone/tools/target/test-dir/MiniOzoneClusterImpl-321f4562-75cd-4431-a0a7-dd0954309df4/datanode-0/data/ratis] (custom)
2019-09-25 07:35:42,014 [pool-27-thread-1] INFO  storage.RaftStorageDirectory (RaftStorageDirectory.java:analyzeStorage(246)) - The storage directory /workdir/hadoop-ozone/tools/target/test-dir/MiniOzoneClusterImpl-321f4562-75cd-4431-a0a7-dd0954309df4/datanode-0/data/ratis/d0affb02-6b90-459d-ba00-d640f67e6412 does not exist. Creating ...
2019-09-25 07:35:42,037 [pool-27-thread-1] INFO  storage.RaftStorageDirectory (RaftStorageDirectory.java:tryLock(328)) - Lock on /workdir/hadoop-ozone/tools/target/test-dir/MiniOzoneClusterImpl-321f4562-75cd-4431-a0a7-dd0954309df4/datanode-0/data/ratis/d0affb02-6b90-459d-ba00-d640f67e6412/in_use.lock acquired by nodename 28630@pr-hdds-1569-x2sr2-3486766547
2019-09-25 07:35:42,061 [pool-27-thread-1] INFO  storage.RaftStorage (RaftStorage.java:format(72)) - Storage directory /workdir/hadoop-ozone/tools/target/test-dir/MiniOzoneClusterImpl-321f4562-75cd-4431-a0a7-dd0954309df4/datanode-0/data/ratis/d0affb02-6b90-459d-ba00-d640f67e6412 has been successfully formatted.
2019-09-25 07:35:42,061 [pool-27-thread-1] INFO  ratis.ContainerStateMachine (ContainerStateMachine.java:loadSnapshot(230)) - group-D640F67E6412: The snapshot info is null. Setting the last applied indexto:(t:0, i:~)
2019-09-25 07:35:42,061 [pool-27-thread-1] INFO  server.RaftServerConfigKeys (ConfUtils.java:logGet(43)) - raft.server.notification.no-leader.timeout = 120s (custom)
2019-09-25 07:35:42,061 [pool-27-thread-1] INFO  server.RaftServerConfigKeys (ConfUtils.java:logGet(43)) - raft.server.log.use.memory = false (default)
2019-09-25 07:35:42,062 [pool-27-thread-1] INFO  server.RaftServerConfigKeys (ConfUtils.java:logGet(43)) - raft.server.log.purge.gap = 1000000 (custom)
2019-09-25 07:35:42,062 [pool-27-thread-1] INFO  server.RaftServerConfigKeys (ConfUtils.java:logGet(43)) - raft.server.log.appender.buffer.byte-limit = 33554432 (custom)
2019-09-25 07:35:42,062 [pool-27-thread-1] INFO  server.RaftServerConfigKeys (ConfUtils.java:logGet(43)) - raft.server.log.segment.size.max = 1048576 (custom)
2019-09-25 07:35:42,062 [pool-27-thread-1] INFO  server.RaftServerConfigKeys (ConfUtils.java:logGet(43)) - raft.server.log.segment.cache.num.max = 2 (custom)
2019-09-25 07:35:42,062 [pool-27-thread-1] INFO  segmented.SegmentedRaftLogWorker (SegmentedRaftLogWorker.java:<init>(172)) - new 89512cd3-5215-493c-9626-f8bc005210a2@group-D640F67E6412-SegmentedRaftLogWorker for RaftStorage:Storage Directory /workdir/hadoop-ozone/tools/target/test-dir/MiniOzoneClusterImpl-321f4562-75cd-4431-a0a7-dd0954309df4/datanode-0/data/ratis/d0affb02-6b90-459d-ba00-d640f67e6412
2019-09-25 07:35:42,062 [pool-27-thread-1] INFO  server.RaftServerConfigKeys (ConfUtils.java:logGet(43)) - raft.server.log.queue.byte-limit = 2147483647 (custom)
2019-09-25 07:35:42,063 [pool-27-thread-1] INFO  server.RaftServerConfigKeys (ConfUtils.java:logGet(43)) - raft.server.log.queue.element-limit = 1024 (custom)
2019-09-25 07:35:42,063 [pool-27-thread-1] INFO  server.RaftServerConfigKeys (ConfUtils.java:logGet(43)) - raft.server.log.segment.size.max = 1048576 (custom)
2019-09-25 07:35:42,063 [pool-27-thread-1] INFO  server.RaftServerConfigKeys (ConfUtils.java:logGet(43)) - raft.server.log.preallocated.size = 16384 (custom)
2019-09-25 07:35:42,063 [pool-27-thread-1] INFO  server.RaftServerConfigKeys (ConfUtils.java:logGet(43)) - raft.server.log.write.buffer.size = 33554432 (custom)
2019-09-25 07:35:42,063 [pool-27-thread-1] INFO  server.RaftServerConfigKeys (ConfUtils.java:logGet(43)) - raft.server.log.force.sync.num = 128 (default)
2019-09-25 07:35:42,064 [pool-27-thread-1] INFO  server.RaftServerConfigKeys (ConfUtils.java:logGet(43)) - raft.server.log.statemachine.data.sync = true (default)
2019-09-25 07:35:42,064 [pool-27-thread-1] INFO  server.RaftServerConfigKeys (ConfUtils.java:logGet(43)) - raft.server.log.statemachine.data.sync.timeout = 10s (default)
2019-09-25 07:35:42,064 [pool-27-thread-1] INFO  server.RaftServerConfigKeys (ConfUtils.java:logGet(43)) - raft.server.log.statemachine.data.sync.timeout.retry = -1 (default)
2019-09-25 07:35:42,064 [pool-27-thread-1] INFO  server.RaftServerConfigKeys (ConfUtils.java:logGet(43)) - raft.server.log.statemachine.data.caching.enabled = true (custom)
2019-09-25 07:35:42,065 [pool-27-thread-1] INFO  segmented.SegmentedRaftLogWorker (SegmentedRaftLogWorker.java:lambda$new$0(132)) - 89512cd3-5215-493c-9626-f8bc005210a2@group-D640F67E6412-SegmentedRaftLogWorker: flushIndex: setUnconditionally 0 -> -1
2019-09-25 07:35:42,065 [pool-27-thread-1] INFO  server.RaftServerConfigKeys (ConfUtils.java:logGet(43)) - raft.server.snapshot.auto.trigger.enabled = true (custom)
2019-09-25 07:35:42,065 [pool-27-thread-1] INFO  server.RaftServerConfigKeys (ConfUtils.java:logGet(43)) - raft.server.snapshot.auto.trigger.threshold = 10000 (custom)
2019-09-25 07:35:42,065 [pool-27-thread-1] INFO  server.RaftServerConfigKeys (ConfUtils.java:logGet(43)) - raft.server.snapshot.retention.num.files = 5 (custom)
2019-09-25 07:35:42,065 [pool-27-thread-1] INFO  server.RaftServerConfigKeys (ConfUtils.java:logGet(43)) - raft.server.retrycache.expirytime = 600000ms (custom)
2019-09-25 07:35:42,070 [pool-27-thread-1] INFO  impl.RaftServerImpl (RaftServerImpl.java:start(185)) - 89512cd3-5215-493c-9626-f8bc005210a2@group-D640F67E6412: start as a follower, conf=-1: [89512cd3-5215-493c-9626-f8bc005210a2:192.168.151.106:37585], old=null
2019-09-25 07:35:42,070 [pool-27-thread-1] INFO  impl.RaftServerImpl (RaftServerImpl.java:setRole(174)) - 89512cd3-5215-493c-9626-f8bc005210a2@group-D640F67E6412: changes role from      null to FOLLOWER at term 0 for startAsFollower
2019-09-25 07:35:42,070 [pool-27-thread-1] INFO  impl.RoleInfo (RoleInfo.java:updateAndGet(143)) - 89512cd3-5215-493c-9626-f8bc005210a2: start FollowerState
2019-09-25 07:35:42,070 [pool-27-thread-1] INFO  util.JmxRegister (JmxRegister.java:tryRegister(44)) - Successfully registered JMX Bean with object name Ratis:service=RaftServer,group=group-D640F67E6412,id=89512cd3-5215-493c-9626-f8bc005210a2
2019-09-25 07:35:42,089 [RatisPipelineUtilsThread] INFO  pipeline.PipelineStateManager (PipelineStateManager.java:addPipeline(56)) - Created pipeline Pipeline[ Id: d0affb02-6b90-459d-ba00-d640f67e6412, Nodes: 89512cd3-5215-493c-9626-f8bc005210a2{ip: 192.168.151.106, host: pr-hdds-1569-x2sr2-3486766547, networkLocation: /default-rack, certSerialId: null}, Type:RATIS, Factor:ONE, State:OPEN]
2019-09-25 07:35:42,104 [grpc-default-executor-0] INFO  impl.RaftServerProxy (RaftServerProxy.java:addNew(89)) - 0a03bc5e-b15f-4537-941b-10259ace1437: addNew group-62DE61656CF7:[0a03bc5e-b15f-4537-941b-10259ace1437:192.168.151.106:43890] returns group-62DE61656CF7:java.util.concurrent.CompletableFuture@286e170d[Not completed]
2019-09-25 07:35:42,106 [pool-37-thread-1] INFO  impl.RaftServerImpl (RaftServerImpl.java:<init>(95)) - 0a03bc5e-b15f-4537-941b-10259ace1437: new RaftServerImpl for group-62DE61656CF7:[0a03bc5e-b15f-4537-941b-10259ace1437:192.168.151.106:43890] with ContainerStateMachine:uninitialized
2019-09-25 07:35:42,106 [pool-37-thread-1] INFO  server.RaftServerConfigKeys (ConfUtils.java:logGet(43)) - raft.server.rpc.timeout.min = 5s (custom)
2019-09-25 07:35:42,106 [pool-37-thread-1] INFO  server.RaftServerConfigKeys (ConfUtils.java:logGet(43)) - raft.server.rpc.timeout.max = 5200ms (custom)
2019-09-25 07:35:42,106 [pool-37-thread-1] INFO  server.RaftServerConfigKeys (ConfUtils.java:logGet(43)) - raft.server.rpcslowness.timeout = 120s (custom)
2019-09-25 07:35:42,107 [pool-37-thread-1] INFO  server.RaftServerConfigKeys (ConfUtils.java:logGet(43)) - raft.server.sleep.deviation.threshold = 300 (default)
2019-09-25 07:35:42,107 [pool-37-thread-1] INFO  server.RaftServerConfigKeys (ConfUtils.java:logGet(43)) - raft.server.log.appender.install.snapshot.enabled = false (custom)
2019-09-25 07:35:42,107 [pool-37-thread-1] INFO  impl.RaftServerImpl (ServerState.java:<init>(103)) - 0a03bc5e-b15f-4537-941b-10259ace1437@group-62DE61656CF7: ConfigurationManager, init=-1: [0a03bc5e-b15f-4537-941b-10259ace1437:192.168.151.106:43890], old=null, confs=<EMPTY_MAP>
2019-09-25 07:35:42,107 [pool-37-thread-1] INFO  server.RaftServerConfigKeys (ConfUtils.java:logGet(43)) - raft.server.storage.dir = [/workdir/hadoop-ozone/tools/target/test-dir/MiniOzoneClusterImpl-321f4562-75cd-4431-a0a7-dd0954309df4/datanode-1/data/ratis] (custom)
2019-09-25 07:35:42,108 [pool-37-thread-1] INFO  storage.RaftStorageDirectory (RaftStorageDirectory.java:analyzeStorage(246)) - The storage directory /workdir/hadoop-ozone/tools/target/test-dir/MiniOzoneClusterImpl-321f4562-75cd-4431-a0a7-dd0954309df4/datanode-1/data/ratis/a9df442a-dba6-4fa9-9853-62de61656cf7 does not exist. Creating ...
2019-09-25 07:35:42,121 [pool-37-thread-1] INFO  storage.RaftStorageDirectory (RaftStorageDirectory.java:tryLock(328)) - Lock on /workdir/hadoop-ozone/tools/target/test-dir/MiniOzoneClusterImpl-321f4562-75cd-4431-a0a7-dd0954309df4/datanode-1/data/ratis/a9df442a-dba6-4fa9-9853-62de61656cf7/in_use.lock acquired by nodename 28630@pr-hdds-1569-x2sr2-3486766547
2019-09-25 07:35:42,134 [pool-37-thread-1] INFO  storage.RaftStorage (RaftStorage.java:format(72)) - Storage directory /workdir/hadoop-ozone/tools/target/test-dir/MiniOzoneClusterImpl-321f4562-75cd-4431-a0a7-dd0954309df4/datanode-1/data/ratis/a9df442a-dba6-4fa9-9853-62de61656cf7 has been successfully formatted.
2019-09-25 07:35:42,134 [pool-37-thread-1] INFO  ratis.ContainerStateMachine (ContainerStateMachine.java:loadSnapshot(230)) - group-62DE61656CF7: The snapshot info is null. Setting the last applied indexto:(t:0, i:~)
2019-09-25 07:35:42,135 [pool-37-thread-1] INFO  server.RaftServerConfigKeys (ConfUtils.java:logGet(43)) - raft.server.notification.no-leader.timeout = 120s (custom)
2019-09-25 07:35:42,135 [pool-37-thread-1] INFO  server.RaftServerConfigKeys (ConfUtils.java:logGet(43)) - raft.server.log.use.memory = false (default)
2019-09-25 07:35:42,135 [pool-37-thread-1] INFO  server.RaftServerConfigKeys (ConfUtils.java:logGet(43)) - raft.server.log.purge.gap = 1000000 (custom)
2019-09-25 07:35:42,135 [pool-37-thread-1] INFO  server.RaftServerConfigKeys (ConfUtils.java:logGet(43)) - raft.server.log.appender.buffer.byte-limit = 33554432 (custom)
2019-09-25 07:35:42,135 [pool-37-thread-1] INFO  server.RaftServerConfigKeys (ConfUtils.java:logGet(43)) - raft.server.log.segment.size.max = 1048576 (custom)
2019-09-25 07:35:42,135 [pool-37-thread-1] INFO  server.RaftServerConfigKeys (ConfUtils.java:logGet(43)) - raft.server.log.segment.cache.num.max = 2 (custom)
2019-09-25 07:35:42,136 [pool-37-thread-1] INFO  segmented.SegmentedRaftLogWorker (SegmentedRaftLogWorker.java:<init>(172)) - new 0a03bc5e-b15f-4537-941b-10259ace1437@group-62DE61656CF7-SegmentedRaftLogWorker for RaftStorage:Storage Directory /workdir/hadoop-ozone/tools/target/test-dir/MiniOzoneClusterImpl-321f4562-75cd-4431-a0a7-dd0954309df4/datanode-1/data/ratis/a9df442a-dba6-4fa9-9853-62de61656cf7
2019-09-25 07:35:42,136 [pool-37-thread-1] INFO  server.RaftServerConfigKeys (ConfUtils.java:logGet(43)) - raft.server.log.queue.byte-limit = 2147483647 (custom)
2019-09-25 07:35:42,136 [pool-37-thread-1] INFO  server.RaftServerConfigKeys (ConfUtils.java:logGet(43)) - raft.server.log.queue.element-limit = 1024 (custom)
2019-09-25 07:35:42,136 [pool-37-thread-1] INFO  server.RaftServerConfigKeys (ConfUtils.java:logGet(43)) - raft.server.log.segment.size.max = 1048576 (custom)
2019-09-25 07:35:42,136 [pool-37-thread-1] INFO  server.RaftServerConfigKeys (ConfUtils.java:logGet(43)) - raft.server.log.preallocated.size = 16384 (custom)
2019-09-25 07:35:42,136 [pool-37-thread-1] INFO  server.RaftServerConfigKeys (ConfUtils.java:logGet(43)) - raft.server.log.write.buffer.size = 33554432 (custom)
2019-09-25 07:35:42,136 [pool-37-thread-1] INFO  server.RaftServerConfigKeys (ConfUtils.java:logGet(43)) - raft.server.log.force.sync.num = 128 (default)
2019-09-25 07:35:42,137 [pool-37-thread-1] INFO  server.RaftServerConfigKeys (ConfUtils.java:logGet(43)) - raft.server.log.statemachine.data.sync = true (default)
2019-09-25 07:35:42,137 [pool-37-thread-1] INFO  server.RaftServerConfigKeys (ConfUtils.java:logGet(43)) - raft.server.log.statemachine.data.sync.timeout = 10s (default)
2019-09-25 07:35:42,137 [pool-37-thread-1] INFO  server.RaftServerConfigKeys (ConfUtils.java:logGet(43)) - raft.server.log.statemachine.data.sync.timeout.retry = -1 (default)
2019-09-25 07:35:42,137 [pool-37-thread-1] INFO  server.RaftServerConfigKeys (ConfUtils.java:logGet(43)) - raft.server.log.statemachine.data.caching.enabled = true (custom)
2019-09-25 07:35:42,138 [pool-37-thread-1] INFO  segmented.SegmentedRaftLogWorker (SegmentedRaftLogWorker.java:lambda$new$0(132)) - 0a03bc5e-b15f-4537-941b-10259ace1437@group-62DE61656CF7-SegmentedRaftLogWorker: flushIndex: setUnconditionally 0 -> -1
2019-09-25 07:35:42,138 [pool-37-thread-1] INFO  server.RaftServerConfigKeys (ConfUtils.java:logGet(43)) - raft.server.snapshot.auto.trigger.enabled = true (custom)
2019-09-25 07:35:42,138 [pool-37-thread-1] INFO  server.RaftServerConfigKeys (ConfUtils.java:logGet(43)) - raft.server.snapshot.auto.trigger.threshold = 10000 (custom)
2019-09-25 07:35:42,138 [pool-37-thread-1] INFO  server.RaftServerConfigKeys (ConfUtils.java:logGet(43)) - raft.server.snapshot.retention.num.files = 5 (custom)
2019-09-25 07:35:42,138 [pool-37-thread-1] INFO  server.RaftServerConfigKeys (ConfUtils.java:logGet(43)) - raft.server.retrycache.expirytime = 600000ms (custom)
2019-09-25 07:35:42,142 [pool-37-thread-1] INFO  impl.RaftServerImpl (RaftServerImpl.java:start(185)) - 0a03bc5e-b15f-4537-941b-10259ace1437@group-62DE61656CF7: start as a follower, conf=-1: [0a03bc5e-b15f-4537-941b-10259ace1437:192.168.151.106:43890], old=null
2019-09-25 07:35:42,142 [pool-37-thread-1] INFO  impl.RaftServerImpl (RaftServerImpl.java:setRole(174)) - 0a03bc5e-b15f-4537-941b-10259ace1437@group-62DE61656CF7: changes role from      null to FOLLOWER at term 0 for startAsFollower
2019-09-25 07:35:42,143 [pool-37-thread-1] INFO  impl.RoleInfo (RoleInfo.java:updateAndGet(143)) - 0a03bc5e-b15f-4537-941b-10259ace1437: start FollowerState
2019-09-25 07:35:42,143 [pool-37-thread-1] INFO  util.JmxRegister (JmxRegister.java:tryRegister(44)) - Successfully registered JMX Bean with object name Ratis:service=RaftServer,group=group-62DE61656CF7,id=0a03bc5e-b15f-4537-941b-10259ace1437
2019-09-25 07:35:42,165 [RatisPipelineUtilsThread] INFO  pipeline.PipelineStateManager (PipelineStateManager.java:addPipeline(56)) - Created pipeline Pipeline[ Id: a9df442a-dba6-4fa9-9853-62de61656cf7, Nodes: 0a03bc5e-b15f-4537-941b-10259ace1437{ip: 192.168.151.106, host: pr-hdds-1569-x2sr2-3486766547, networkLocation: /default-rack, certSerialId: null}, Type:RATIS, Factor:ONE, State:OPEN]
2019-09-25 07:35:42,190 [grpc-default-executor-0] INFO  impl.RaftServerProxy (RaftServerProxy.java:addNew(89)) - 4f9c9097-af28-4e92-8dab-50853da08db1: addNew group-E66B5A19CB65:[4f9c9097-af28-4e92-8dab-50853da08db1:192.168.151.106:42095] returns group-E66B5A19CB65:java.util.concurrent.CompletableFuture@26610a28[Not completed]
2019-09-25 07:35:42,193 [pool-57-thread-1] INFO  impl.RaftServerImpl (RaftServerImpl.java:<init>(95)) - 4f9c9097-af28-4e92-8dab-50853da08db1: new RaftServerImpl for group-E66B5A19CB65:[4f9c9097-af28-4e92-8dab-50853da08db1:192.168.151.106:42095] with ContainerStateMachine:uninitialized
2019-09-25 07:35:42,193 [pool-57-thread-1] INFO  server.RaftServerConfigKeys (ConfUtils.java:logGet(43)) - raft.server.rpc.timeout.min = 5s (custom)
2019-09-25 07:35:42,193 [pool-57-thread-1] INFO  server.RaftServerConfigKeys (ConfUtils.java:logGet(43)) - raft.server.rpc.timeout.max = 5200ms (custom)
2019-09-25 07:35:42,193 [pool-57-thread-1] INFO  server.RaftServerConfigKeys (ConfUtils.java:logGet(43)) - raft.server.rpcslowness.timeout = 120s (custom)
2019-09-25 07:35:42,193 [pool-57-thread-1] INFO  server.RaftServerConfigKeys (ConfUtils.java:logGet(43)) - raft.server.sleep.deviation.threshold = 300 (default)
2019-09-25 07:35:42,193 [pool-57-thread-1] INFO  server.RaftServerConfigKeys (ConfUtils.java:logGet(43)) - raft.server.log.appender.install.snapshot.enabled = false (custom)
2019-09-25 07:35:42,193 [pool-57-thread-1] INFO  impl.RaftServerImpl (ServerState.java:<init>(103)) - 4f9c9097-af28-4e92-8dab-50853da08db1@group-E66B5A19CB65: ConfigurationManager, init=-1: [4f9c9097-af28-4e92-8dab-50853da08db1:192.168.151.106:42095], old=null, confs=<EMPTY_MAP>
2019-09-25 07:35:42,194 [pool-57-thread-1] INFO  server.RaftServerConfigKeys (ConfUtils.java:logGet(43)) - raft.server.storage.dir = [/workdir/hadoop-ozone/tools/target/test-dir/MiniOzoneClusterImpl-321f4562-75cd-4431-a0a7-dd0954309df4/datanode-3/data/ratis] (custom)
2019-09-25 07:35:42,194 [pool-57-thread-1] INFO  storage.RaftStorageDirectory (RaftStorageDirectory.java:analyzeStorage(246)) - The storage directory /workdir/hadoop-ozone/tools/target/test-dir/MiniOzoneClusterImpl-321f4562-75cd-4431-a0a7-dd0954309df4/datanode-3/data/ratis/d795e792-84e2-4c14-ae1f-e66b5a19cb65 does not exist. Creating ...
2019-09-25 07:35:42,239 [pool-57-thread-1] INFO  storage.RaftStorageDirectory (RaftStorageDirectory.java:tryLock(328)) - Lock on /workdir/hadoop-ozone/tools/target/test-dir/MiniOzoneClusterImpl-321f4562-75cd-4431-a0a7-dd0954309df4/datanode-3/data/ratis/d795e792-84e2-4c14-ae1f-e66b5a19cb65/in_use.lock acquired by nodename 28630@pr-hdds-1569-x2sr2-3486766547
2019-09-25 07:35:42,263 [pool-57-thread-1] INFO  storage.RaftStorage (RaftStorage.java:format(72)) - Storage directory /workdir/hadoop-ozone/tools/target/test-dir/MiniOzoneClusterImpl-321f4562-75cd-4431-a0a7-dd0954309df4/datanode-3/data/ratis/d795e792-84e2-4c14-ae1f-e66b5a19cb65 has been successfully formatted.
2019-09-25 07:35:42,264 [pool-57-thread-1] INFO  ratis.ContainerStateMachine (ContainerStateMachine.java:loadSnapshot(230)) - group-E66B5A19CB65: The snapshot info is null. Setting the last applied indexto:(t:0, i:~)
2019-09-25 07:35:42,264 [pool-57-thread-1] INFO  server.RaftServerConfigKeys (ConfUtils.java:logGet(43)) - raft.server.notification.no-leader.timeout = 120s (custom)
2019-09-25 07:35:42,264 [pool-57-thread-1] INFO  server.RaftServerConfigKeys (ConfUtils.java:logGet(43)) - raft.server.log.use.memory = false (default)
2019-09-25 07:35:42,264 [pool-57-thread-1] INFO  server.RaftServerConfigKeys (ConfUtils.java:logGet(43)) - raft.server.log.purge.gap = 1000000 (custom)
2019-09-25 07:35:42,264 [pool-57-thread-1] INFO  server.RaftServerConfigKeys (ConfUtils.java:logGet(43)) - raft.server.log.appender.buffer.byte-limit = 33554432 (custom)
2019-09-25 07:35:42,265 [pool-57-thread-1] INFO  server.RaftServerConfigKeys (ConfUtils.java:logGet(43)) - raft.server.log.segment.size.max = 1048576 (custom)
2019-09-25 07:35:42,265 [pool-57-thread-1] INFO  server.RaftServerConfigKeys (ConfUtils.java:logGet(43)) - raft.server.log.segment.cache.num.max = 2 (custom)
2019-09-25 07:35:42,265 [pool-57-thread-1] INFO  segmented.SegmentedRaftLogWorker (SegmentedRaftLogWorker.java:<init>(172)) - new 4f9c9097-af28-4e92-8dab-50853da08db1@group-E66B5A19CB65-SegmentedRaftLogWorker for RaftStorage:Storage Directory /workdir/hadoop-ozone/tools/target/test-dir/MiniOzoneClusterImpl-321f4562-75cd-4431-a0a7-dd0954309df4/datanode-3/data/ratis/d795e792-84e2-4c14-ae1f-e66b5a19cb65
2019-09-25 07:35:42,268 [pool-57-thread-1] INFO  server.RaftServerConfigKeys (ConfUtils.java:logGet(43)) - raft.server.log.queue.byte-limit = 2147483647 (custom)
2019-09-25 07:35:42,269 [pool-57-thread-1] INFO  server.RaftServerConfigKeys (ConfUtils.java:logGet(43)) - raft.server.log.queue.element-limit = 1024 (custom)
2019-09-25 07:35:42,269 [pool-57-thread-1] INFO  server.RaftServerConfigKeys (ConfUtils.java:logGet(43)) - raft.server.log.segment.size.max = 1048576 (custom)
2019-09-25 07:35:42,269 [pool-57-thread-1] INFO  server.RaftServerConfigKeys (ConfUtils.java:logGet(43)) - raft.server.log.preallocated.size = 16384 (custom)
2019-09-25 07:35:42,269 [pool-57-thread-1] INFO  server.RaftServerConfigKeys (ConfUtils.java:logGet(43)) - raft.server.log.write.buffer.size = 33554432 (custom)
2019-09-25 07:35:42,269 [pool-57-thread-1] INFO  server.RaftServerConfigKeys (ConfUtils.java:logGet(43)) - raft.server.log.force.sync.num = 128 (default)
2019-09-25 07:35:42,269 [pool-57-thread-1] INFO  server.RaftServerConfigKeys (ConfUtils.java:logGet(43)) - raft.server.log.statemachine.data.sync = true (default)
2019-09-25 07:35:42,269 [pool-57-thread-1] INFO  server.RaftServerConfigKeys (ConfUtils.java:logGet(43)) - raft.server.log.statemachine.data.sync.timeout = 10s (default)
2019-09-25 07:35:42,269 [pool-57-thread-1] INFO  server.RaftServerConfigKeys (ConfUtils.java:logGet(43)) - raft.server.log.statemachine.data.sync.timeout.retry = -1 (default)
2019-09-25 07:35:42,270 [pool-57-thread-1] INFO  server.RaftServerConfigKeys (ConfUtils.java:logGet(43)) - raft.server.log.statemachine.data.caching.enabled = true (custom)
2019-09-25 07:35:42,270 [pool-57-thread-1] INFO  segmented.SegmentedRaftLogWorker (SegmentedRaftLogWorker.java:lambda$new$0(132)) - 4f9c9097-af28-4e92-8dab-50853da08db1@group-E66B5A19CB65-SegmentedRaftLogWorker: flushIndex: setUnconditionally 0 -> -1
2019-09-25 07:35:42,270 [pool-57-thread-1] INFO  server.RaftServerConfigKeys (ConfUtils.java:logGet(43)) - raft.server.snapshot.auto.trigger.enabled = true (custom)
2019-09-25 07:35:42,270 [pool-57-thread-1] INFO  server.RaftServerConfigKeys (ConfUtils.java:logGet(43)) - raft.server.snapshot.auto.trigger.threshold = 10000 (custom)
2019-09-25 07:35:42,271 [pool-57-thread-1] INFO  server.RaftServerConfigKeys (ConfUtils.java:logGet(43)) - raft.server.snapshot.retention.num.files = 5 (custom)
2019-09-25 07:35:42,271 [pool-57-thread-1] INFO  server.RaftServerConfigKeys (ConfUtils.java:logGet(43)) - raft.server.retrycache.expirytime = 600000ms (custom)
2019-09-25 07:35:42,273 [pool-57-thread-1] INFO  impl.RaftServerImpl (RaftServerImpl.java:start(185)) - 4f9c9097-af28-4e92-8dab-50853da08db1@group-E66B5A19CB65: start as a follower, conf=-1: [4f9c9097-af28-4e92-8dab-50853da08db1:192.168.151.106:42095], old=null
2019-09-25 07:35:42,274 [pool-57-thread-1] INFO  impl.RaftServerImpl (RaftServerImpl.java:setRole(174)) - 4f9c9097-af28-4e92-8dab-50853da08db1@group-E66B5A19CB65: changes role from      null to FOLLOWER at term 0 for startAsFollower
2019-09-25 07:35:42,274 [pool-57-thread-1] INFO  impl.RoleInfo (RoleInfo.java:updateAndGet(143)) - 4f9c9097-af28-4e92-8dab-50853da08db1: start FollowerState
2019-09-25 07:35:42,274 [pool-57-thread-1] INFO  util.JmxRegister (JmxRegister.java:tryRegister(44)) - Successfully registered JMX Bean with object name Ratis:service=RaftServer,group=group-E66B5A19CB65,id=4f9c9097-af28-4e92-8dab-50853da08db1
2019-09-25 07:35:42,285 [RatisPipelineUtilsThread] INFO  pipeline.PipelineStateManager (PipelineStateManager.java:addPipeline(56)) - Created pipeline Pipeline[ Id: d795e792-84e2-4c14-ae1f-e66b5a19cb65, Nodes: 4f9c9097-af28-4e92-8dab-50853da08db1{ip: 192.168.151.106, host: pr-hdds-1569-x2sr2-3486766547, networkLocation: /default-rack, certSerialId: null}, Type:RATIS, Factor:ONE, State:OPEN]
2019-09-25 07:35:42,297 [grpc-default-executor-0] INFO  impl.RaftServerProxy (RaftServerProxy.java:addNew(89)) - 0a03bc5e-b15f-4537-941b-10259ace1437: addNew group-3CD1E59068C6:[0a03bc5e-b15f-4537-941b-10259ace1437:192.168.151.106:43890] returns group-3CD1E59068C6:java.util.concurrent.CompletableFuture@44e37697[Not completed]
2019-09-25 07:35:42,299 [pool-37-thread-1] INFO  impl.RaftServerImpl (RaftServerImpl.java:<init>(95)) - 0a03bc5e-b15f-4537-941b-10259ace1437: new RaftServerImpl for group-3CD1E59068C6:[0a03bc5e-b15f-4537-941b-10259ace1437:192.168.151.106:43890] with ContainerStateMachine:uninitialized
2019-09-25 07:35:42,299 [pool-37-thread-1] INFO  server.RaftServerConfigKeys (ConfUtils.java:logGet(43)) - raft.server.rpc.timeout.min = 5s (custom)
2019-09-25 07:35:42,299 [pool-37-thread-1] INFO  server.RaftServerConfigKeys (ConfUtils.java:logGet(43)) - raft.server.rpc.timeout.max = 5200ms (custom)
2019-09-25 07:35:42,299 [pool-37-thread-1] INFO  server.RaftServerConfigKeys (ConfUtils.java:logGet(43)) - raft.server.rpcslowness.timeout = 120s (custom)
2019-09-25 07:35:42,300 [pool-37-thread-1] INFO  server.RaftServerConfigKeys (ConfUtils.java:logGet(43)) - raft.server.sleep.deviation.threshold = 300 (default)
2019-09-25 07:35:42,300 [pool-37-thread-1] INFO  server.RaftServerConfigKeys (ConfUtils.java:logGet(43)) - raft.server.log.appender.install.snapshot.enabled = false (custom)
2019-09-25 07:35:42,301 [pool-37-thread-1] INFO  impl.RaftServerImpl (ServerState.java:<init>(103)) - 0a03bc5e-b15f-4537-941b-10259ace1437@group-3CD1E59068C6: ConfigurationManager, init=-1: [0a03bc5e-b15f-4537-941b-10259ace1437:192.168.151.106:43890], old=null, confs=<EMPTY_MAP>
2019-09-25 07:35:42,301 [pool-37-thread-1] INFO  server.RaftServerConfigKeys (ConfUtils.java:logGet(43)) - raft.server.storage.dir = [/workdir/hadoop-ozone/tools/target/test-dir/MiniOzoneClusterImpl-321f4562-75cd-4431-a0a7-dd0954309df4/datanode-1/data/ratis] (custom)
2019-09-25 07:35:42,301 [pool-37-thread-1] INFO  storage.RaftStorageDirectory (RaftStorageDirectory.java:analyzeStorage(246)) - The storage directory /workdir/hadoop-ozone/tools/target/test-dir/MiniOzoneClusterImpl-321f4562-75cd-4431-a0a7-dd0954309df4/datanode-1/data/ratis/0d89aecd-26f1-4396-9ad4-3cd1e59068c6 does not exist. Creating ...
2019-09-25 07:35:42,322 [pool-37-thread-1] INFO  storage.RaftStorageDirectory (RaftStorageDirectory.java:tryLock(328)) - Lock on /workdir/hadoop-ozone/tools/target/test-dir/MiniOzoneClusterImpl-321f4562-75cd-4431-a0a7-dd0954309df4/datanode-1/data/ratis/0d89aecd-26f1-4396-9ad4-3cd1e59068c6/in_use.lock acquired by nodename 28630@pr-hdds-1569-x2sr2-3486766547
2019-09-25 07:35:42,335 [pool-37-thread-1] INFO  storage.RaftStorage (RaftStorage.java:format(72)) - Storage directory /workdir/hadoop-ozone/tools/target/test-dir/MiniOzoneClusterImpl-321f4562-75cd-4431-a0a7-dd0954309df4/datanode-1/data/ratis/0d89aecd-26f1-4396-9ad4-3cd1e59068c6 has been successfully formatted.
2019-09-25 07:35:42,336 [pool-37-thread-1] INFO  ratis.ContainerStateMachine (ContainerStateMachine.java:loadSnapshot(230)) - group-3CD1E59068C6: The snapshot info is null. Setting the last applied indexto:(t:0, i:~)
2019-09-25 07:35:42,336 [pool-37-thread-1] INFO  server.RaftServerConfigKeys (ConfUtils.java:logGet(43)) - raft.server.notification.no-leader.timeout = 120s (custom)
2019-09-25 07:35:42,336 [pool-37-thread-1] INFO  server.RaftServerConfigKeys (ConfUtils.java:logGet(43)) - raft.server.log.use.memory = false (default)
2019-09-25 07:35:42,336 [pool-37-thread-1] INFO  server.RaftServerConfigKeys (ConfUtils.java:logGet(43)) - raft.server.log.purge.gap = 1000000 (custom)
2019-09-25 07:35:42,336 [pool-37-thread-1] INFO  server.RaftServerConfigKeys (ConfUtils.java:logGet(43)) - raft.server.log.appender.buffer.byte-limit = 33554432 (custom)
2019-09-25 07:35:42,336 [pool-37-thread-1] INFO  server.RaftServerConfigKeys (ConfUtils.java:logGet(43)) - raft.server.log.segment.size.max = 1048576 (custom)
2019-09-25 07:35:42,337 [pool-37-thread-1] INFO  server.RaftServerConfigKeys (ConfUtils.java:logGet(43)) - raft.server.log.segment.cache.num.max = 2 (custom)
2019-09-25 07:35:42,337 [pool-37-thread-1] INFO  segmented.SegmentedRaftLogWorker (SegmentedRaftLogWorker.java:<init>(172)) - new 0a03bc5e-b15f-4537-941b-10259ace1437@group-3CD1E59068C6-SegmentedRaftLogWorker for RaftStorage:Storage Directory /workdir/hadoop-ozone/tools/target/test-dir/MiniOzoneClusterImpl-321f4562-75cd-4431-a0a7-dd0954309df4/datanode-1/data/ratis/0d89aecd-26f1-4396-9ad4-3cd1e59068c6
2019-09-25 07:35:42,337 [pool-37-thread-1] INFO  server.RaftServerConfigKeys (ConfUtils.java:logGet(43)) - raft.server.log.queue.byte-limit = 2147483647 (custom)
2019-09-25 07:35:42,337 [pool-37-thread-1] INFO  server.RaftServerConfigKeys (ConfUtils.java:logGet(43)) - raft.server.log.queue.element-limit = 1024 (custom)
2019-09-25 07:35:42,337 [pool-37-thread-1] INFO  server.RaftServerConfigKeys (ConfUtils.java:logGet(43)) - raft.server.log.segment.size.max = 1048576 (custom)
2019-09-25 07:35:42,337 [pool-37-thread-1] INFO  server.RaftServerConfigKeys (ConfUtils.java:logGet(43)) - raft.server.log.preallocated.size = 16384 (custom)
2019-09-25 07:35:42,337 [pool-37-thread-1] INFO  server.RaftServerConfigKeys (ConfUtils.java:logGet(43)) - raft.server.log.write.buffer.size = 33554432 (custom)
2019-09-25 07:35:42,338 [pool-37-thread-1] INFO  server.RaftServerConfigKeys (ConfUtils.java:logGet(43)) - raft.server.log.force.sync.num = 128 (default)
2019-09-25 07:35:42,338 [pool-37-thread-1] INFO  server.RaftServerConfigKeys (ConfUtils.java:logGet(43)) - raft.server.log.statemachine.data.sync = true (default)
2019-09-25 07:35:42,338 [pool-37-thread-1] INFO  server.RaftServerConfigKeys (ConfUtils.java:logGet(43)) - raft.server.log.statemachine.data.sync.timeout = 10s (default)
2019-09-25 07:35:42,338 [pool-37-thread-1] INFO  server.RaftServerConfigKeys (ConfUtils.java:logGet(43)) - raft.server.log.statemachine.data.sync.timeout.retry = -1 (default)
2019-09-25 07:35:42,338 [pool-37-thread-1] INFO  server.RaftServerConfigKeys (ConfUtils.java:logGet(43)) - raft.server.log.statemachine.data.caching.enabled = true (custom)
2019-09-25 07:35:42,339 [pool-37-thread-1] INFO  segmented.SegmentedRaftLogWorker (SegmentedRaftLogWorker.java:lambda$new$0(132)) - 0a03bc5e-b15f-4537-941b-10259ace1437@group-3CD1E59068C6-SegmentedRaftLogWorker: flushIndex: setUnconditionally 0 -> -1
2019-09-25 07:35:42,339 [pool-37-thread-1] INFO  server.RaftServerConfigKeys (ConfUtils.java:logGet(43)) - raft.server.snapshot.auto.trigger.enabled = true (custom)
2019-09-25 07:35:42,339 [pool-37-thread-1] INFO  server.RaftServerConfigKeys (ConfUtils.java:logGet(43)) - raft.server.snapshot.auto.trigger.threshold = 10000 (custom)
2019-09-25 07:35:42,339 [pool-37-thread-1] INFO  server.RaftServerConfigKeys (ConfUtils.java:logGet(43)) - raft.server.snapshot.retention.num.files = 5 (custom)
2019-09-25 07:35:42,339 [pool-37-thread-1] INFO  server.RaftServerConfigKeys (ConfUtils.java:logGet(43)) - raft.server.retrycache.expirytime = 600000ms (custom)
2019-09-25 07:35:42,343 [pool-37-thread-1] INFO  impl.RaftServerImpl (RaftServerImpl.java:start(185)) - 0a03bc5e-b15f-4537-941b-10259ace1437@group-3CD1E59068C6: start as a follower, conf=-1: [0a03bc5e-b15f-4537-941b-10259ace1437:192.168.151.106:43890], old=null
2019-09-25 07:35:42,343 [pool-37-thread-1] INFO  impl.RaftServerImpl (RaftServerImpl.java:setRole(174)) - 0a03bc5e-b15f-4537-941b-10259ace1437@group-3CD1E59068C6: changes role from      null to FOLLOWER at term 0 for startAsFollower
2019-09-25 07:35:42,343 [pool-37-thread-1] INFO  impl.RoleInfo (RoleInfo.java:updateAndGet(143)) - 0a03bc5e-b15f-4537-941b-10259ace1437: start FollowerState
2019-09-25 07:35:42,344 [pool-37-thread-1] INFO  util.JmxRegister (JmxRegister.java:tryRegister(44)) - Successfully registered JMX Bean with object name Ratis:service=RaftServer,group=group-3CD1E59068C6,id=0a03bc5e-b15f-4537-941b-10259ace1437
2019-09-25 07:35:42,363 [RatisPipelineUtilsThread] INFO  pipeline.PipelineStateManager (PipelineStateManager.java:addPipeline(56)) - Created pipeline Pipeline[ Id: 0d89aecd-26f1-4396-9ad4-3cd1e59068c6, Nodes: 0a03bc5e-b15f-4537-941b-10259ace1437{ip: 192.168.151.106, host: pr-hdds-1569-x2sr2-3486766547, networkLocation: /default-rack, certSerialId: null}, Type:RATIS, Factor:ONE, State:OPEN]
2019-09-25 07:35:42,377 [grpc-default-executor-0] INFO  impl.RaftServerProxy (RaftServerProxy.java:addNew(89)) - 4f9c9097-af28-4e92-8dab-50853da08db1: addNew group-0B39EA5E778F:[4f9c9097-af28-4e92-8dab-50853da08db1:192.168.151.106:42095] returns group-0B39EA5E778F:java.util.concurrent.CompletableFuture@c33badc[Not completed]
2019-09-25 07:35:42,379 [pool-57-thread-1] INFO  impl.RaftServerImpl (RaftServerImpl.java:<init>(95)) - 4f9c9097-af28-4e92-8dab-50853da08db1: new RaftServerImpl for group-0B39EA5E778F:[4f9c9097-af28-4e92-8dab-50853da08db1:192.168.151.106:42095] with ContainerStateMachine:uninitialized
2019-09-25 07:35:42,379 [pool-57-thread-1] INFO  server.RaftServerConfigKeys (ConfUtils.java:logGet(43)) - raft.server.rpc.timeout.min = 5s (custom)
2019-09-25 07:35:42,379 [pool-57-thread-1] INFO  server.RaftServerConfigKeys (ConfUtils.java:logGet(43)) - raft.server.rpc.timeout.max = 5200ms (custom)
2019-09-25 07:35:42,379 [pool-57-thread-1] INFO  server.RaftServerConfigKeys (ConfUtils.java:logGet(43)) - raft.server.rpcslowness.timeout = 120s (custom)
2019-09-25 07:35:42,379 [pool-57-thread-1] INFO  server.RaftServerConfigKeys (ConfUtils.java:logGet(43)) - raft.server.sleep.deviation.threshold = 300 (default)
2019-09-25 07:35:42,379 [pool-57-thread-1] INFO  server.RaftServerConfigKeys (ConfUtils.java:logGet(43)) - raft.server.log.appender.install.snapshot.enabled = false (custom)
2019-09-25 07:35:42,380 [pool-57-thread-1] INFO  impl.RaftServerImpl (ServerState.java:<init>(103)) - 4f9c9097-af28-4e92-8dab-50853da08db1@group-0B39EA5E778F: ConfigurationManager, init=-1: [4f9c9097-af28-4e92-8dab-50853da08db1:192.168.151.106:42095], old=null, confs=<EMPTY_MAP>
2019-09-25 07:35:42,380 [pool-57-thread-1] INFO  server.RaftServerConfigKeys (ConfUtils.java:logGet(43)) - raft.server.storage.dir = [/workdir/hadoop-ozone/tools/target/test-dir/MiniOzoneClusterImpl-321f4562-75cd-4431-a0a7-dd0954309df4/datanode-3/data/ratis] (custom)
2019-09-25 07:35:42,380 [pool-57-thread-1] INFO  storage.RaftStorageDirectory (RaftStorageDirectory.java:analyzeStorage(246)) - The storage directory /workdir/hadoop-ozone/tools/target/test-dir/MiniOzoneClusterImpl-321f4562-75cd-4431-a0a7-dd0954309df4/datanode-3/data/ratis/3b3b3896-f747-4321-afa9-0b39ea5e778f does not exist. Creating ...
2019-09-25 07:35:42,403 [pool-57-thread-1] INFO  storage.RaftStorageDirectory (RaftStorageDirectory.java:tryLock(328)) - Lock on /workdir/hadoop-ozone/tools/target/test-dir/MiniOzoneClusterImpl-321f4562-75cd-4431-a0a7-dd0954309df4/datanode-3/data/ratis/3b3b3896-f747-4321-afa9-0b39ea5e778f/in_use.lock acquired by nodename 28630@pr-hdds-1569-x2sr2-3486766547
2019-09-25 07:35:42,430 [pool-57-thread-1] INFO  storage.RaftStorage (RaftStorage.java:format(72)) - Storage directory /workdir/hadoop-ozone/tools/target/test-dir/MiniOzoneClusterImpl-321f4562-75cd-4431-a0a7-dd0954309df4/datanode-3/data/ratis/3b3b3896-f747-4321-afa9-0b39ea5e778f has been successfully formatted.
2019-09-25 07:35:42,430 [pool-57-thread-1] INFO  ratis.ContainerStateMachine (ContainerStateMachine.java:loadSnapshot(230)) - group-0B39EA5E778F: The snapshot info is null. Setting the last applied indexto:(t:0, i:~)
2019-09-25 07:35:42,430 [pool-57-thread-1] INFO  server.RaftServerConfigKeys (ConfUtils.java:logGet(43)) - raft.server.notification.no-leader.timeout = 120s (custom)
2019-09-25 07:35:42,431 [pool-57-thread-1] INFO  server.RaftServerConfigKeys (ConfUtils.java:logGet(43)) - raft.server.log.use.memory = false (default)
2019-09-25 07:35:42,431 [pool-57-thread-1] INFO  server.RaftServerConfigKeys (ConfUtils.java:logGet(43)) - raft.server.log.purge.gap = 1000000 (custom)
2019-09-25 07:35:42,431 [pool-57-thread-1] INFO  server.RaftServerConfigKeys (ConfUtils.java:logGet(43)) - raft.server.log.appender.buffer.byte-limit = 33554432 (custom)
2019-09-25 07:35:42,431 [pool-57-thread-1] INFO  server.RaftServerConfigKeys (ConfUtils.java:logGet(43)) - raft.server.log.segment.size.max = 1048576 (custom)
2019-09-25 07:35:42,431 [pool-57-thread-1] INFO  server.RaftServerConfigKeys (ConfUtils.java:logGet(43)) - raft.server.log.segment.cache.num.max = 2 (custom)
2019-09-25 07:35:42,431 [pool-57-thread-1] INFO  segmented.SegmentedRaftLogWorker (SegmentedRaftLogWorker.java:<init>(172)) - new 4f9c9097-af28-4e92-8dab-50853da08db1@group-0B39EA5E778F-SegmentedRaftLogWorker for RaftStorage:Storage Directory /workdir/hadoop-ozone/tools/target/test-dir/MiniOzoneClusterImpl-321f4562-75cd-4431-a0a7-dd0954309df4/datanode-3/data/ratis/3b3b3896-f747-4321-afa9-0b39ea5e778f
2019-09-25 07:35:42,432 [pool-57-thread-1] INFO  server.RaftServerConfigKeys (ConfUtils.java:logGet(43)) - raft.server.log.queue.byte-limit = 2147483647 (custom)
2019-09-25 07:35:42,432 [pool-57-thread-1] INFO  server.RaftServerConfigKeys (ConfUtils.java:logGet(43)) - raft.server.log.queue.element-limit = 1024 (custom)
2019-09-25 07:35:42,432 [pool-57-thread-1] INFO  server.RaftServerConfigKeys (ConfUtils.java:logGet(43)) - raft.server.log.segment.size.max = 1048576 (custom)
2019-09-25 07:35:42,432 [pool-57-thread-1] INFO  server.RaftServerConfigKeys (ConfUtils.java:logGet(43)) - raft.server.log.preallocated.size = 16384 (custom)
2019-09-25 07:35:42,432 [pool-57-thread-1] INFO  server.RaftServerConfigKeys (ConfUtils.java:logGet(43)) - raft.server.log.write.buffer.size = 33554432 (custom)
2019-09-25 07:35:42,432 [pool-57-thread-1] INFO  server.RaftServerConfigKeys (ConfUtils.java:logGet(43)) - raft.server.log.force.sync.num = 128 (default)
2019-09-25 07:35:42,433 [pool-57-thread-1] INFO  server.RaftServerConfigKeys (ConfUtils.java:logGet(43)) - raft.server.log.statemachine.data.sync = true (default)
2019-09-25 07:35:42,433 [pool-57-thread-1] INFO  server.RaftServerConfigKeys (ConfUtils.java:logGet(43)) - raft.server.log.statemachine.data.sync.timeout = 10s (default)
2019-09-25 07:35:42,434 [pool-57-thread-1] INFO  server.RaftServerConfigKeys (ConfUtils.java:logGet(43)) - raft.server.log.statemachine.data.sync.timeout.retry = -1 (default)
2019-09-25 07:35:42,434 [pool-57-thread-1] INFO  server.RaftServerConfigKeys (ConfUtils.java:logGet(43)) - raft.server.log.statemachine.data.caching.enabled = true (custom)
2019-09-25 07:35:42,434 [pool-57-thread-1] INFO  segmented.SegmentedRaftLogWorker (SegmentedRaftLogWorker.java:lambda$new$0(132)) - 4f9c9097-af28-4e92-8dab-50853da08db1@group-0B39EA5E778F-SegmentedRaftLogWorker: flushIndex: setUnconditionally 0 -> -1
2019-09-25 07:35:42,435 [pool-57-thread-1] INFO  server.RaftServerConfigKeys (ConfUtils.java:logGet(43)) - raft.server.snapshot.auto.trigger.enabled = true (custom)
2019-09-25 07:35:42,435 [pool-57-thread-1] INFO  server.RaftServerConfigKeys (ConfUtils.java:logGet(43)) - raft.server.snapshot.auto.trigger.threshold = 10000 (custom)
2019-09-25 07:35:42,435 [pool-57-thread-1] INFO  server.RaftServerConfigKeys (ConfUtils.java:logGet(43)) - raft.server.snapshot.retention.num.files = 5 (custom)
2019-09-25 07:35:42,435 [pool-57-thread-1] INFO  server.RaftServerConfigKeys (ConfUtils.java:logGet(43)) - raft.server.retrycache.expirytime = 600000ms (custom)
2019-09-25 07:35:42,439 [pool-57-thread-1] INFO  impl.RaftServerImpl (RaftServerImpl.java:start(185)) - 4f9c9097-af28-4e92-8dab-50853da08db1@group-0B39EA5E778F: start as a follower, conf=-1: [4f9c9097-af28-4e92-8dab-50853da08db1:192.168.151.106:42095], old=null
2019-09-25 07:35:42,439 [pool-57-thread-1] INFO  impl.RaftServerImpl (RaftServerImpl.java:setRole(174)) - 4f9c9097-af28-4e92-8dab-50853da08db1@group-0B39EA5E778F: changes role from      null to FOLLOWER at term 0 for startAsFollower
2019-09-25 07:35:42,439 [pool-57-thread-1] INFO  impl.RoleInfo (RoleInfo.java:updateAndGet(143)) - 4f9c9097-af28-4e92-8dab-50853da08db1: start FollowerState
2019-09-25 07:35:42,439 [pool-57-thread-1] INFO  util.JmxRegister (JmxRegister.java:tryRegister(44)) - Successfully registered JMX Bean with object name Ratis:service=RaftServer,group=group-0B39EA5E778F,id=4f9c9097-af28-4e92-8dab-50853da08db1
2019-09-25 07:35:42,448 [RatisPipelineUtilsThread] INFO  pipeline.PipelineStateManager (PipelineStateManager.java:addPipeline(56)) - Created pipeline Pipeline[ Id: 3b3b3896-f747-4321-afa9-0b39ea5e778f, Nodes: 4f9c9097-af28-4e92-8dab-50853da08db1{ip: 192.168.151.106, host: pr-hdds-1569-x2sr2-3486766547, networkLocation: /default-rack, certSerialId: null}, Type:RATIS, Factor:ONE, State:OPEN]
2019-09-25 07:35:42,461 [grpc-default-executor-0] INFO  impl.RaftServerProxy (RaftServerProxy.java:addNew(89)) - 4f9c9097-af28-4e92-8dab-50853da08db1: addNew group-5454B693C4A9:[4f9c9097-af28-4e92-8dab-50853da08db1:192.168.151.106:42095] returns group-5454B693C4A9:java.util.concurrent.CompletableFuture@50eb777e[Not completed]
2019-09-25 07:35:42,463 [pool-57-thread-1] INFO  impl.RaftServerImpl (RaftServerImpl.java:<init>(95)) - 4f9c9097-af28-4e92-8dab-50853da08db1: new RaftServerImpl for group-5454B693C4A9:[4f9c9097-af28-4e92-8dab-50853da08db1:192.168.151.106:42095] with ContainerStateMachine:uninitialized
2019-09-25 07:35:42,463 [pool-57-thread-1] INFO  server.RaftServerConfigKeys (ConfUtils.java:logGet(43)) - raft.server.rpc.timeout.min = 5s (custom)
2019-09-25 07:35:42,463 [pool-57-thread-1] INFO  server.RaftServerConfigKeys (ConfUtils.java:logGet(43)) - raft.server.rpc.timeout.max = 5200ms (custom)
2019-09-25 07:35:42,463 [pool-57-thread-1] INFO  server.RaftServerConfigKeys (ConfUtils.java:logGet(43)) - raft.server.rpcslowness.timeout = 120s (custom)
2019-09-25 07:35:42,463 [pool-57-thread-1] INFO  server.RaftServerConfigKeys (ConfUtils.java:logGet(43)) - raft.server.sleep.deviation.threshold = 300 (default)
2019-09-25 07:35:42,463 [pool-57-thread-1] INFO  server.RaftServerConfigKeys (ConfUtils.java:logGet(43)) - raft.server.log.appender.install.snapshot.enabled = false (custom)
2019-09-25 07:35:42,464 [pool-57-thread-1] INFO  impl.RaftServerImpl (ServerState.java:<init>(103)) - 4f9c9097-af28-4e92-8dab-50853da08db1@group-5454B693C4A9: ConfigurationManager, init=-1: [4f9c9097-af28-4e92-8dab-50853da08db1:192.168.151.106:42095], old=null, confs=<EMPTY_MAP>
2019-09-25 07:35:42,464 [pool-57-thread-1] INFO  server.RaftServerConfigKeys (ConfUtils.java:logGet(43)) - raft.server.storage.dir = [/workdir/hadoop-ozone/tools/target/test-dir/MiniOzoneClusterImpl-321f4562-75cd-4431-a0a7-dd0954309df4/datanode-3/data/ratis] (custom)
2019-09-25 07:35:42,464 [pool-57-thread-1] INFO  storage.RaftStorageDirectory (RaftStorageDirectory.java:analyzeStorage(246)) - The storage directory /workdir/hadoop-ozone/tools/target/test-dir/MiniOzoneClusterImpl-321f4562-75cd-4431-a0a7-dd0954309df4/datanode-3/data/ratis/37cc42bb-c465-43d3-9399-5454b693c4a9 does not exist. Creating ...
2019-09-25 07:35:42,494 [pool-57-thread-1] INFO  storage.RaftStorageDirectory (RaftStorageDirectory.java:tryLock(328)) - Lock on /workdir/hadoop-ozone/tools/target/test-dir/MiniOzoneClusterImpl-321f4562-75cd-4431-a0a7-dd0954309df4/datanode-3/data/ratis/37cc42bb-c465-43d3-9399-5454b693c4a9/in_use.lock acquired by nodename 28630@pr-hdds-1569-x2sr2-3486766547
2019-09-25 07:35:42,513 [pool-57-thread-1] INFO  storage.RaftStorage (RaftStorage.java:format(72)) - Storage directory /workdir/hadoop-ozone/tools/target/test-dir/MiniOzoneClusterImpl-321f4562-75cd-4431-a0a7-dd0954309df4/datanode-3/data/ratis/37cc42bb-c465-43d3-9399-5454b693c4a9 has been successfully formatted.
2019-09-25 07:35:42,514 [pool-57-thread-1] INFO  ratis.ContainerStateMachine (ContainerStateMachine.java:loadSnapshot(230)) - group-5454B693C4A9: The snapshot info is null. Setting the last applied indexto:(t:0, i:~)
2019-09-25 07:35:42,514 [pool-57-thread-1] INFO  server.RaftServerConfigKeys (ConfUtils.java:logGet(43)) - raft.server.notification.no-leader.timeout = 120s (custom)
2019-09-25 07:35:42,514 [pool-57-thread-1] INFO  server.RaftServerConfigKeys (ConfUtils.java:logGet(43)) - raft.server.log.use.memory = false (default)
2019-09-25 07:35:42,514 [pool-57-thread-1] INFO  server.RaftServerConfigKeys (ConfUtils.java:logGet(43)) - raft.server.log.purge.gap = 1000000 (custom)
2019-09-25 07:35:42,514 [pool-57-thread-1] INFO  server.RaftServerConfigKeys (ConfUtils.java:logGet(43)) - raft.server.log.appender.buffer.byte-limit = 33554432 (custom)
2019-09-25 07:35:42,514 [pool-57-thread-1] INFO  server.RaftServerConfigKeys (ConfUtils.java:logGet(43)) - raft.server.log.segment.size.max = 1048576 (custom)
2019-09-25 07:35:42,515 [pool-57-thread-1] INFO  server.RaftServerConfigKeys (ConfUtils.java:logGet(43)) - raft.server.log.segment.cache.num.max = 2 (custom)
2019-09-25 07:35:42,515 [pool-57-thread-1] INFO  segmented.SegmentedRaftLogWorker (SegmentedRaftLogWorker.java:<init>(172)) - new 4f9c9097-af28-4e92-8dab-50853da08db1@group-5454B693C4A9-SegmentedRaftLogWorker for RaftStorage:Storage Directory /workdir/hadoop-ozone/tools/target/test-dir/MiniOzoneClusterImpl-321f4562-75cd-4431-a0a7-dd0954309df4/datanode-3/data/ratis/37cc42bb-c465-43d3-9399-5454b693c4a9
2019-09-25 07:35:42,515 [pool-57-thread-1] INFO  server.RaftServerConfigKeys (ConfUtils.java:logGet(43)) - raft.server.log.queue.byte-limit = 2147483647 (custom)
2019-09-25 07:35:42,515 [pool-57-thread-1] INFO  server.RaftServerConfigKeys (ConfUtils.java:logGet(43)) - raft.server.log.queue.element-limit = 1024 (custom)
2019-09-25 07:35:42,515 [pool-57-thread-1] INFO  server.RaftServerConfigKeys (ConfUtils.java:logGet(43)) - raft.server.log.segment.size.max = 1048576 (custom)
2019-09-25 07:35:42,515 [pool-57-thread-1] INFO  server.RaftServerConfigKeys (ConfUtils.java:logGet(43)) - raft.server.log.preallocated.size = 16384 (custom)
2019-09-25 07:35:42,515 [pool-57-thread-1] INFO  server.RaftServerConfigKeys (ConfUtils.java:logGet(43)) - raft.server.log.write.buffer.size = 33554432 (custom)
2019-09-25 07:35:42,515 [pool-57-thread-1] INFO  server.RaftServerConfigKeys (ConfUtils.java:logGet(43)) - raft.server.log.force.sync.num = 128 (default)
2019-09-25 07:35:42,515 [pool-57-thread-1] INFO  server.RaftServerConfigKeys (ConfUtils.java:logGet(43)) - raft.server.log.statemachine.data.sync = true (default)
2019-09-25 07:35:42,516 [pool-57-thread-1] INFO  server.RaftServerConfigKeys (ConfUtils.java:logGet(43)) - raft.server.log.statemachine.data.sync.timeout = 10s (default)
2019-09-25 07:35:42,516 [pool-57-thread-1] INFO  server.RaftServerConfigKeys (ConfUtils.java:logGet(43)) - raft.server.log.statemachine.data.sync.timeout.retry = -1 (default)
2019-09-25 07:35:42,516 [pool-57-thread-1] INFO  server.RaftServerConfigKeys (ConfUtils.java:logGet(43)) - raft.server.log.statemachine.data.caching.enabled = true (custom)
2019-09-25 07:35:42,516 [pool-57-thread-1] INFO  segmented.SegmentedRaftLogWorker (SegmentedRaftLogWorker.java:lambda$new$0(132)) - 4f9c9097-af28-4e92-8dab-50853da08db1@group-5454B693C4A9-SegmentedRaftLogWorker: flushIndex: setUnconditionally 0 -> -1
2019-09-25 07:35:42,516 [pool-57-thread-1] INFO  server.RaftServerConfigKeys (ConfUtils.java:logGet(43)) - raft.server.snapshot.auto.trigger.enabled = true (custom)
2019-09-25 07:35:42,517 [pool-57-thread-1] INFO  server.RaftServerConfigKeys (ConfUtils.java:logGet(43)) - raft.server.snapshot.auto.trigger.threshold = 10000 (custom)
2019-09-25 07:35:42,517 [pool-57-thread-1] INFO  server.RaftServerConfigKeys (ConfUtils.java:logGet(43)) - raft.server.snapshot.retention.num.files = 5 (custom)
2019-09-25 07:35:42,517 [pool-57-thread-1] INFO  server.RaftServerConfigKeys (ConfUtils.java:logGet(43)) - raft.server.retrycache.expirytime = 600000ms (custom)
2019-09-25 07:35:42,520 [pool-57-thread-1] INFO  impl.RaftServerImpl (RaftServerImpl.java:start(185)) - 4f9c9097-af28-4e92-8dab-50853da08db1@group-5454B693C4A9: start as a follower, conf=-1: [4f9c9097-af28-4e92-8dab-50853da08db1:192.168.151.106:42095], old=null
2019-09-25 07:35:42,520 [pool-57-thread-1] INFO  impl.RaftServerImpl (RaftServerImpl.java:setRole(174)) - 4f9c9097-af28-4e92-8dab-50853da08db1@group-5454B693C4A9: changes role from      null to FOLLOWER at term 0 for startAsFollower
2019-09-25 07:35:42,520 [pool-57-thread-1] INFO  impl.RoleInfo (RoleInfo.java:updateAndGet(143)) - 4f9c9097-af28-4e92-8dab-50853da08db1: start FollowerState
2019-09-25 07:35:42,520 [pool-57-thread-1] INFO  util.JmxRegister (JmxRegister.java:tryRegister(44)) - Successfully registered JMX Bean with object name Ratis:service=RaftServer,group=group-5454B693C4A9,id=4f9c9097-af28-4e92-8dab-50853da08db1
2019-09-25 07:35:42,530 [RatisPipelineUtilsThread] INFO  pipeline.PipelineStateManager (PipelineStateManager.java:addPipeline(56)) - Created pipeline Pipeline[ Id: 37cc42bb-c465-43d3-9399-5454b693c4a9, Nodes: 4f9c9097-af28-4e92-8dab-50853da08db1{ip: 192.168.151.106, host: pr-hdds-1569-x2sr2-3486766547, networkLocation: /default-rack, certSerialId: null}, Type:RATIS, Factor:ONE, State:OPEN]
2019-09-25 07:35:42,544 [grpc-default-executor-0] INFO  impl.RaftServerProxy (RaftServerProxy.java:addNew(89)) - c3cf7509-27e8-499f-a871-32281ced9221: addNew group-3CBA9961D9EB:[c3cf7509-27e8-499f-a871-32281ced9221:192.168.151.106:40856] returns group-3CBA9961D9EB:java.util.concurrent.CompletableFuture@d595787[Not completed]
2019-09-25 07:35:42,545 [pool-67-thread-1] INFO  impl.RaftServerImpl (RaftServerImpl.java:<init>(95)) - c3cf7509-27e8-499f-a871-32281ced9221: new RaftServerImpl for group-3CBA9961D9EB:[c3cf7509-27e8-499f-a871-32281ced9221:192.168.151.106:40856] with ContainerStateMachine:uninitialized
2019-09-25 07:35:42,545 [pool-67-thread-1] INFO  server.RaftServerConfigKeys (ConfUtils.java:logGet(43)) - raft.server.rpc.timeout.min = 5s (custom)
2019-09-25 07:35:42,546 [pool-67-thread-1] INFO  server.RaftServerConfigKeys (ConfUtils.java:logGet(43)) - raft.server.rpc.timeout.max = 5200ms (custom)
2019-09-25 07:35:42,546 [pool-67-thread-1] INFO  server.RaftServerConfigKeys (ConfUtils.java:logGet(43)) - raft.server.rpcslowness.timeout = 120s (custom)
2019-09-25 07:35:42,546 [pool-67-thread-1] INFO  server.RaftServerConfigKeys (ConfUtils.java:logGet(43)) - raft.server.sleep.deviation.threshold = 300 (default)
2019-09-25 07:35:42,546 [pool-67-thread-1] INFO  server.RaftServerConfigKeys (ConfUtils.java:logGet(43)) - raft.server.log.appender.install.snapshot.enabled = false (custom)
2019-09-25 07:35:42,546 [pool-67-thread-1] INFO  impl.RaftServerImpl (ServerState.java:<init>(103)) - c3cf7509-27e8-499f-a871-32281ced9221@group-3CBA9961D9EB: ConfigurationManager, init=-1: [c3cf7509-27e8-499f-a871-32281ced9221:192.168.151.106:40856], old=null, confs=<EMPTY_MAP>
2019-09-25 07:35:42,547 [pool-67-thread-1] INFO  server.RaftServerConfigKeys (ConfUtils.java:logGet(43)) - raft.server.storage.dir = [/workdir/hadoop-ozone/tools/target/test-dir/MiniOzoneClusterImpl-321f4562-75cd-4431-a0a7-dd0954309df4/datanode-4/data/ratis] (custom)
2019-09-25 07:35:42,547 [pool-67-thread-1] INFO  storage.RaftStorageDirectory (RaftStorageDirectory.java:analyzeStorage(246)) - The storage directory /workdir/hadoop-ozone/tools/target/test-dir/MiniOzoneClusterImpl-321f4562-75cd-4431-a0a7-dd0954309df4/datanode-4/data/ratis/702f91c6-b7fb-44dd-9f0c-3cba9961d9eb does not exist. Creating ...
2019-09-25 07:35:42,571 [pool-67-thread-1] INFO  storage.RaftStorageDirectory (RaftStorageDirectory.java:tryLock(328)) - Lock on /workdir/hadoop-ozone/tools/target/test-dir/MiniOzoneClusterImpl-321f4562-75cd-4431-a0a7-dd0954309df4/datanode-4/data/ratis/702f91c6-b7fb-44dd-9f0c-3cba9961d9eb/in_use.lock acquired by nodename 28630@pr-hdds-1569-x2sr2-3486766547
2019-09-25 07:35:42,584 [pool-67-thread-1] INFO  storage.RaftStorage (RaftStorage.java:format(72)) - Storage directory /workdir/hadoop-ozone/tools/target/test-dir/MiniOzoneClusterImpl-321f4562-75cd-4431-a0a7-dd0954309df4/datanode-4/data/ratis/702f91c6-b7fb-44dd-9f0c-3cba9961d9eb has been successfully formatted.
2019-09-25 07:35:42,584 [pool-67-thread-1] INFO  ratis.ContainerStateMachine (ContainerStateMachine.java:loadSnapshot(230)) - group-3CBA9961D9EB: The snapshot info is null. Setting the last applied indexto:(t:0, i:~)
2019-09-25 07:35:42,585 [pool-67-thread-1] INFO  server.RaftServerConfigKeys (ConfUtils.java:logGet(43)) - raft.server.notification.no-leader.timeout = 120s (custom)
2019-09-25 07:35:42,585 [pool-67-thread-1] INFO  server.RaftServerConfigKeys (ConfUtils.java:logGet(43)) - raft.server.log.use.memory = false (default)
2019-09-25 07:35:42,585 [pool-67-thread-1] INFO  server.RaftServerConfigKeys (ConfUtils.java:logGet(43)) - raft.server.log.purge.gap = 1000000 (custom)
2019-09-25 07:35:42,585 [pool-67-thread-1] INFO  server.RaftServerConfigKeys (ConfUtils.java:logGet(43)) - raft.server.log.appender.buffer.byte-limit = 33554432 (custom)
2019-09-25 07:35:42,586 [pool-67-thread-1] INFO  server.RaftServerConfigKeys (ConfUtils.java:logGet(43)) - raft.server.log.segment.size.max = 1048576 (custom)
2019-09-25 07:35:42,586 [pool-67-thread-1] INFO  server.RaftServerConfigKeys (ConfUtils.java:logGet(43)) - raft.server.log.segment.cache.num.max = 2 (custom)
2019-09-25 07:35:42,586 [pool-67-thread-1] INFO  segmented.SegmentedRaftLogWorker (SegmentedRaftLogWorker.java:<init>(172)) - new c3cf7509-27e8-499f-a871-32281ced9221@group-3CBA9961D9EB-SegmentedRaftLogWorker for RaftStorage:Storage Directory /workdir/hadoop-ozone/tools/target/test-dir/MiniOzoneClusterImpl-321f4562-75cd-4431-a0a7-dd0954309df4/datanode-4/data/ratis/702f91c6-b7fb-44dd-9f0c-3cba9961d9eb
2019-09-25 07:35:42,586 [pool-67-thread-1] INFO  server.RaftServerConfigKeys (ConfUtils.java:logGet(43)) - raft.server.log.queue.byte-limit = 2147483647 (custom)
2019-09-25 07:35:42,586 [pool-67-thread-1] INFO  server.RaftServerConfigKeys (ConfUtils.java:logGet(43)) - raft.server.log.queue.element-limit = 1024 (custom)
2019-09-25 07:35:42,586 [pool-67-thread-1] INFO  server.RaftServerConfigKeys (ConfUtils.java:logGet(43)) - raft.server.log.segment.size.max = 1048576 (custom)
2019-09-25 07:35:42,587 [pool-67-thread-1] INFO  server.RaftServerConfigKeys (ConfUtils.java:logGet(43)) - raft.server.log.preallocated.size = 16384 (custom)
2019-09-25 07:35:42,587 [pool-67-thread-1] INFO  server.RaftServerConfigKeys (ConfUtils.java:logGet(43)) - raft.server.log.write.buffer.size = 33554432 (custom)
2019-09-25 07:35:42,587 [pool-67-thread-1] INFO  server.RaftServerConfigKeys (ConfUtils.java:logGet(43)) - raft.server.log.force.sync.num = 128 (default)
2019-09-25 07:35:42,587 [pool-67-thread-1] INFO  server.RaftServerConfigKeys (ConfUtils.java:logGet(43)) - raft.server.log.statemachine.data.sync = true (default)
2019-09-25 07:35:42,587 [pool-67-thread-1] INFO  server.RaftServerConfigKeys (ConfUtils.java:logGet(43)) - raft.server.log.statemachine.data.sync.timeout = 10s (default)
2019-09-25 07:35:42,588 [pool-67-thread-1] INFO  server.RaftServerConfigKeys (ConfUtils.java:logGet(43)) - raft.server.log.statemachine.data.sync.timeout.retry = -1 (default)
2019-09-25 07:35:42,588 [pool-67-thread-1] INFO  server.RaftServerConfigKeys (ConfUtils.java:logGet(43)) - raft.server.log.statemachine.data.caching.enabled = true (custom)
2019-09-25 07:35:42,589 [pool-67-thread-1] INFO  segmented.SegmentedRaftLogWorker (SegmentedRaftLogWorker.java:lambda$new$0(132)) - c3cf7509-27e8-499f-a871-32281ced9221@group-3CBA9961D9EB-SegmentedRaftLogWorker: flushIndex: setUnconditionally 0 -> -1
2019-09-25 07:35:42,589 [pool-67-thread-1] INFO  server.RaftServerConfigKeys (ConfUtils.java:logGet(43)) - raft.server.snapshot.auto.trigger.enabled = true (custom)
2019-09-25 07:35:42,589 [pool-67-thread-1] INFO  server.RaftServerConfigKeys (ConfUtils.java:logGet(43)) - raft.server.snapshot.auto.trigger.threshold = 10000 (custom)
2019-09-25 07:35:42,589 [pool-67-thread-1] INFO  server.RaftServerConfigKeys (ConfUtils.java:logGet(43)) - raft.server.snapshot.retention.num.files = 5 (custom)
2019-09-25 07:35:42,589 [pool-67-thread-1] INFO  server.RaftServerConfigKeys (ConfUtils.java:logGet(43)) - raft.server.retrycache.expirytime = 600000ms (custom)
2019-09-25 07:35:42,592 [pool-67-thread-1] INFO  impl.RaftServerImpl (RaftServerImpl.java:start(185)) - c3cf7509-27e8-499f-a871-32281ced9221@group-3CBA9961D9EB: start as a follower, conf=-1: [c3cf7509-27e8-499f-a871-32281ced9221:192.168.151.106:40856], old=null
2019-09-25 07:35:42,592 [pool-67-thread-1] INFO  impl.RaftServerImpl (RaftServerImpl.java:setRole(174)) - c3cf7509-27e8-499f-a871-32281ced9221@group-3CBA9961D9EB: changes role from      null to FOLLOWER at term 0 for startAsFollower
2019-09-25 07:35:42,593 [pool-67-thread-1] INFO  impl.RoleInfo (RoleInfo.java:updateAndGet(143)) - c3cf7509-27e8-499f-a871-32281ced9221: start FollowerState
2019-09-25 07:35:42,593 [pool-67-thread-1] INFO  util.JmxRegister (JmxRegister.java:tryRegister(44)) - Successfully registered JMX Bean with object name Ratis:service=RaftServer,group=group-3CBA9961D9EB,id=c3cf7509-27e8-499f-a871-32281ced9221
2019-09-25 07:35:42,598 [main] INFO  freon.RandomKeyGenerator (RandomKeyGenerator.java:call(283)) - Number of Threads: 10
2019-09-25 07:35:42,602 [main] INFO  freon.RandomKeyGenerator (RandomKeyGenerator.java:call(288)) - Number of Volumes: 1.
2019-09-25 07:35:42,602 [main] INFO  freon.RandomKeyGenerator (RandomKeyGenerator.java:call(289)) - Number of Buckets per Volume: 1.
2019-09-25 07:35:42,602 [main] INFO  freon.RandomKeyGenerator (RandomKeyGenerator.java:call(290)) - Number of Keys per Bucket: 1.
2019-09-25 07:35:42,602 [RatisPipelineUtilsThread] INFO  pipeline.PipelineStateManager (PipelineStateManager.java:addPipeline(56)) - Created pipeline Pipeline[ Id: 702f91c6-b7fb-44dd-9f0c-3cba9961d9eb, Nodes: c3cf7509-27e8-499f-a871-32281ced9221{ip: 192.168.151.106, host: pr-hdds-1569-x2sr2-3486766547, networkLocation: /default-rack, certSerialId: null}, Type:RATIS, Factor:ONE, State:OPEN]
2019-09-25 07:35:42,602 [main] INFO  freon.RandomKeyGenerator (RandomKeyGenerator.java:call(291)) - Key size: 20971520 bytes
2019-09-25 07:35:42,602 [main] INFO  freon.RandomKeyGenerator (RandomKeyGenerator.java:call(292)) - Buffer size: 4096 bytes
2019-09-25 07:35:42,603 [main] INFO  freon.RandomKeyGenerator (RandomKeyGenerator.java:call(293)) - validateWrites : true
2019-09-25 07:35:42,612 [main] INFO  freon.RandomKeyGenerator (RandomKeyGenerator.java:call(307)) - Data validation is enabled.
2019-09-25 07:35:42,615 [main] INFO  freon.RandomKeyGenerator (RandomKeyGenerator.java:call(313)) - Starting progress bar Thread.

 0.00% |█                                                                                                    |  0/1 Time: 0:00:002019-09-25 07:35:42,619 [grpc-default-executor-0] INFO  impl.RaftServerProxy (RaftServerProxy.java:addNew(89)) - c3cf7509-27e8-499f-a871-32281ced9221: addNew group-1ECE3ADB4022:[c3cf7509-27e8-499f-a871-32281ced9221:192.168.151.106:40856] returns group-1ECE3ADB4022:java.util.concurrent.CompletableFuture@168f2883[Not completed]
2019-09-25 07:35:42,620 [pool-67-thread-1] INFO  impl.RaftServerImpl (RaftServerImpl.java:<init>(95)) - c3cf7509-27e8-499f-a871-32281ced9221: new RaftServerImpl for group-1ECE3ADB4022:[c3cf7509-27e8-499f-a871-32281ced9221:192.168.151.106:40856] with ContainerStateMachine:uninitialized
2019-09-25 07:35:42,621 [pool-67-thread-1] INFO  server.RaftServerConfigKeys (ConfUtils.java:logGet(43)) - raft.server.rpc.timeout.min = 5s (custom)
2019-09-25 07:35:42,621 [pool-67-thread-1] INFO  server.RaftServerConfigKeys (ConfUtils.java:logGet(43)) - raft.server.rpc.timeout.max = 5200ms (custom)
2019-09-25 07:35:42,621 [pool-67-thread-1] INFO  server.RaftServerConfigKeys (ConfUtils.java:logGet(43)) - raft.server.rpcslowness.timeout = 120s (custom)
2019-09-25 07:35:42,621 [pool-67-thread-1] INFO  server.RaftServerConfigKeys (ConfUtils.java:logGet(43)) - raft.server.sleep.deviation.threshold = 300 (default)
2019-09-25 07:35:42,621 [pool-67-thread-1] INFO  server.RaftServerConfigKeys (ConfUtils.java:logGet(43)) - raft.server.log.appender.install.snapshot.enabled = false (custom)
2019-09-25 07:35:42,621 [pool-67-thread-1] INFO  impl.RaftServerImpl (ServerState.java:<init>(103)) - c3cf7509-27e8-499f-a871-32281ced9221@group-1ECE3ADB4022: ConfigurationManager, init=-1: [c3cf7509-27e8-499f-a871-32281ced9221:192.168.151.106:40856], old=null, confs=<EMPTY_MAP>
2019-09-25 07:35:42,622 [pool-67-thread-1] INFO  server.RaftServerConfigKeys (ConfUtils.java:logGet(43)) - raft.server.storage.dir = [/workdir/hadoop-ozone/tools/target/test-dir/MiniOzoneClusterImpl-321f4562-75cd-4431-a0a7-dd0954309df4/datanode-4/data/ratis] (custom)
2019-09-25 07:35:42,622 [pool-67-thread-1] INFO  storage.RaftStorageDirectory (RaftStorageDirectory.java:analyzeStorage(246)) - The storage directory /workdir/hadoop-ozone/tools/target/test-dir/MiniOzoneClusterImpl-321f4562-75cd-4431-a0a7-dd0954309df4/datanode-4/data/ratis/ec62e850-0c66-4085-94cb-1ece3adb4022 does not exist. Creating ...
2019-09-25 07:35:42,645 [pool-67-thread-1] INFO  storage.RaftStorageDirectory (RaftStorageDirectory.java:tryLock(328)) - Lock on /workdir/hadoop-ozone/tools/target/test-dir/MiniOzoneClusterImpl-321f4562-75cd-4431-a0a7-dd0954309df4/datanode-4/data/ratis/ec62e850-0c66-4085-94cb-1ece3adb4022/in_use.lock acquired by nodename 28630@pr-hdds-1569-x2sr2-3486766547
2019-09-25 07:35:42,646 [pool-73-thread-1] INFO  rpc.RpcClient (RpcClient.java:createVolume(276)) - Creating Volume: vol-0-73416, with jenkins1000 as owner.
2019-09-25 07:35:42,671 [pool-67-thread-1] INFO  storage.RaftStorage (RaftStorage.java:format(72)) - Storage directory /workdir/hadoop-ozone/tools/target/test-dir/MiniOzoneClusterImpl-321f4562-75cd-4431-a0a7-dd0954309df4/datanode-4/data/ratis/ec62e850-0c66-4085-94cb-1ece3adb4022 has been successfully formatted.
2019-09-25 07:35:42,671 [pool-67-thread-1] INFO  ratis.ContainerStateMachine (ContainerStateMachine.java:loadSnapshot(230)) - group-1ECE3ADB4022: The snapshot info is null. Setting the last applied indexto:(t:0, i:~)
2019-09-25 07:35:42,671 [pool-67-thread-1] INFO  server.RaftServerConfigKeys (ConfUtils.java:logGet(43)) - raft.server.notification.no-leader.timeout = 120s (custom)
2019-09-25 07:35:42,672 [pool-67-thread-1] INFO  server.RaftServerConfigKeys (ConfUtils.java:logGet(43)) - raft.server.log.use.memory = false (default)
2019-09-25 07:35:42,672 [pool-67-thread-1] INFO  server.RaftServerConfigKeys (ConfUtils.java:logGet(43)) - raft.server.log.purge.gap = 1000000 (custom)
2019-09-25 07:35:42,672 [pool-67-thread-1] INFO  server.RaftServerConfigKeys (ConfUtils.java:logGet(43)) - raft.server.log.appender.buffer.byte-limit = 33554432 (custom)
2019-09-25 07:35:42,672 [pool-67-thread-1] INFO  server.RaftServerConfigKeys (ConfUtils.java:logGet(43)) - raft.server.log.segment.size.max = 1048576 (custom)
2019-09-25 07:35:42,672 [pool-67-thread-1] INFO  server.RaftServerConfigKeys (ConfUtils.java:logGet(43)) - raft.server.log.segment.cache.num.max = 2 (custom)
2019-09-25 07:35:42,672 [pool-67-thread-1] INFO  segmented.SegmentedRaftLogWorker (SegmentedRaftLogWorker.java:<init>(172)) - new c3cf7509-27e8-499f-a871-32281ced9221@group-1ECE3ADB4022-SegmentedRaftLogWorker for RaftStorage:Storage Directory /workdir/hadoop-ozone/tools/target/test-dir/MiniOzoneClusterImpl-321f4562-75cd-4431-a0a7-dd0954309df4/datanode-4/data/ratis/ec62e850-0c66-4085-94cb-1ece3adb4022
2019-09-25 07:35:42,673 [pool-67-thread-1] INFO  server.RaftServerConfigKeys (ConfUtils.java:logGet(43)) - raft.server.log.queue.byte-limit = 2147483647 (custom)
2019-09-25 07:35:42,673 [pool-67-thread-1] INFO  server.RaftServerConfigKeys (ConfUtils.java:logGet(43)) - raft.server.log.queue.element-limit = 1024 (custom)
2019-09-25 07:35:42,673 [pool-67-thread-1] INFO  server.RaftServerConfigKeys (ConfUtils.java:logGet(43)) - raft.server.log.segment.size.max = 1048576 (custom)
2019-09-25 07:35:42,673 [pool-67-thread-1] INFO  server.RaftServerConfigKeys (ConfUtils.java:logGet(43)) - raft.server.log.preallocated.size = 16384 (custom)
2019-09-25 07:35:42,673 [pool-67-thread-1] INFO  server.RaftServerConfigKeys (ConfUtils.java:logGet(43)) - raft.server.log.write.buffer.size = 33554432 (custom)
2019-09-25 07:35:42,673 [pool-67-thread-1] INFO  server.RaftServerConfigKeys (ConfUtils.java:logGet(43)) - raft.server.log.force.sync.num = 128 (default)
2019-09-25 07:35:42,674 [pool-67-thread-1] INFO  server.RaftServerConfigKeys (ConfUtils.java:logGet(43)) - raft.server.log.statemachine.data.sync = true (default)
2019-09-25 07:35:42,674 [pool-67-thread-1] INFO  server.RaftServerConfigKeys (ConfUtils.java:logGet(43)) - raft.server.log.statemachine.data.sync.timeout = 10s (default)
2019-09-25 07:35:42,674 [pool-67-thread-1] INFO  server.RaftServerConfigKeys (ConfUtils.java:logGet(43)) - raft.server.log.statemachine.data.sync.timeout.retry = -1 (default)
2019-09-25 07:35:42,674 [pool-67-thread-1] INFO  server.RaftServerConfigKeys (ConfUtils.java:logGet(43)) - raft.server.log.statemachine.data.caching.enabled = true (custom)
2019-09-25 07:35:42,674 [pool-67-thread-1] INFO  segmented.SegmentedRaftLogWorker (SegmentedRaftLogWorker.java:lambda$new$0(132)) - c3cf7509-27e8-499f-a871-32281ced9221@group-1ECE3ADB4022-SegmentedRaftLogWorker: flushIndex: setUnconditionally 0 -> -1
2019-09-25 07:35:42,675 [pool-67-thread-1] INFO  server.RaftServerConfigKeys (ConfUtils.java:logGet(43)) - raft.server.snapshot.auto.trigger.enabled = true (custom)
2019-09-25 07:35:42,675 [pool-67-thread-1] INFO  server.RaftServerConfigKeys (ConfUtils.java:logGet(43)) - raft.server.snapshot.auto.trigger.threshold = 10000 (custom)
2019-09-25 07:35:42,675 [pool-67-thread-1] INFO  server.RaftServerConfigKeys (ConfUtils.java:logGet(43)) - raft.server.snapshot.retention.num.files = 5 (custom)
2019-09-25 07:35:42,675 [pool-67-thread-1] INFO  server.RaftServerConfigKeys (ConfUtils.java:logGet(43)) - raft.server.retrycache.expirytime = 600000ms (custom)
2019-09-25 07:35:42,679 [pool-67-thread-1] INFO  impl.RaftServerImpl (RaftServerImpl.java:start(185)) - c3cf7509-27e8-499f-a871-32281ced9221@group-1ECE3ADB4022: start as a follower, conf=-1: [c3cf7509-27e8-499f-a871-32281ced9221:192.168.151.106:40856], old=null
2019-09-25 07:35:42,679 [pool-67-thread-1] INFO  impl.RaftServerImpl (RaftServerImpl.java:setRole(174)) - c3cf7509-27e8-499f-a871-32281ced9221@group-1ECE3ADB4022: changes role from      null to FOLLOWER at term 0 for startAsFollower
2019-09-25 07:35:42,679 [pool-67-thread-1] INFO  impl.RoleInfo (RoleInfo.java:updateAndGet(143)) - c3cf7509-27e8-499f-a871-32281ced9221: start FollowerState
2019-09-25 07:35:42,680 [pool-67-thread-1] INFO  util.JmxRegister (JmxRegister.java:tryRegister(44)) - Successfully registered JMX Bean with object name Ratis:service=RaftServer,group=group-1ECE3ADB4022,id=c3cf7509-27e8-499f-a871-32281ced9221
2019-09-25 07:35:42,690 [RatisPipelineUtilsThread] INFO  pipeline.PipelineStateManager (PipelineStateManager.java:addPipeline(56)) - Created pipeline Pipeline[ Id: ec62e850-0c66-4085-94cb-1ece3adb4022, Nodes: c3cf7509-27e8-499f-a871-32281ced9221{ip: 192.168.151.106, host: pr-hdds-1569-x2sr2-3486766547, networkLocation: /default-rack, certSerialId: null}, Type:RATIS, Factor:ONE, State:OPEN]
2019-09-25 07:35:42,703 [grpc-default-executor-0] INFO  impl.RaftServerProxy (RaftServerProxy.java:addNew(89)) - 4f9c9097-af28-4e92-8dab-50853da08db1: addNew group-75DED89A691B:[4f9c9097-af28-4e92-8dab-50853da08db1:192.168.151.106:42095] returns group-75DED89A691B:java.util.concurrent.CompletableFuture@22af96d4[Not completed]
2019-09-25 07:35:42,705 [pool-57-thread-1] INFO  impl.RaftServerImpl (RaftServerImpl.java:<init>(95)) - 4f9c9097-af28-4e92-8dab-50853da08db1: new RaftServerImpl for group-75DED89A691B:[4f9c9097-af28-4e92-8dab-50853da08db1:192.168.151.106:42095] with ContainerStateMachine:uninitialized
2019-09-25 07:35:42,705 [pool-57-thread-1] INFO  server.RaftServerConfigKeys (ConfUtils.java:logGet(43)) - raft.server.rpc.timeout.min = 5s (custom)
2019-09-25 07:35:42,705 [pool-57-thread-1] INFO  server.RaftServerConfigKeys (ConfUtils.java:logGet(43)) - raft.server.rpc.timeout.max = 5200ms (custom)
2019-09-25 07:35:42,706 [pool-57-thread-1] INFO  server.RaftServerConfigKeys (ConfUtils.java:logGet(43)) - raft.server.rpcslowness.timeout = 120s (custom)
2019-09-25 07:35:42,706 [pool-57-thread-1] INFO  server.RaftServerConfigKeys (ConfUtils.java:logGet(43)) - raft.server.sleep.deviation.threshold = 300 (default)
2019-09-25 07:35:42,706 [pool-57-thread-1] INFO  server.RaftServerConfigKeys (ConfUtils.java:logGet(43)) - raft.server.log.appender.install.snapshot.enabled = false (custom)
2019-09-25 07:35:42,706 [pool-57-thread-1] INFO  impl.RaftServerImpl (ServerState.java:<init>(103)) - 4f9c9097-af28-4e92-8dab-50853da08db1@group-75DED89A691B: ConfigurationManager, init=-1: [4f9c9097-af28-4e92-8dab-50853da08db1:192.168.151.106:42095], old=null, confs=<EMPTY_MAP>
2019-09-25 07:35:42,706 [pool-57-thread-1] INFO  server.RaftServerConfigKeys (ConfUtils.java:logGet(43)) - raft.server.storage.dir = [/workdir/hadoop-ozone/tools/target/test-dir/MiniOzoneClusterImpl-321f4562-75cd-4431-a0a7-dd0954309df4/datanode-3/data/ratis] (custom)
2019-09-25 07:35:42,707 [pool-57-thread-1] INFO  storage.RaftStorageDirectory (RaftStorageDirectory.java:analyzeStorage(246)) - The storage directory /workdir/hadoop-ozone/tools/target/test-dir/MiniOzoneClusterImpl-321f4562-75cd-4431-a0a7-dd0954309df4/datanode-3/data/ratis/2993cba6-9fb6-4de6-881b-75ded89a691b does not exist. Creating ...
2019-09-25 07:35:42,719 [pool-57-thread-1] INFO  storage.RaftStorageDirectory (RaftStorageDirectory.java:tryLock(328)) - Lock on /workdir/hadoop-ozone/tools/target/test-dir/MiniOzoneClusterImpl-321f4562-75cd-4431-a0a7-dd0954309df4/datanode-3/data/ratis/2993cba6-9fb6-4de6-881b-75ded89a691b/in_use.lock acquired by nodename 28630@pr-hdds-1569-x2sr2-3486766547
2019-09-25 07:35:42,734 [pool-57-thread-1] INFO  storage.RaftStorage (RaftStorage.java:format(72)) - Storage directory /workdir/hadoop-ozone/tools/target/test-dir/MiniOzoneClusterImpl-321f4562-75cd-4431-a0a7-dd0954309df4/datanode-3/data/ratis/2993cba6-9fb6-4de6-881b-75ded89a691b has been successfully formatted.
2019-09-25 07:35:42,734 [pool-57-thread-1] INFO  ratis.ContainerStateMachine (ContainerStateMachine.java:loadSnapshot(230)) - group-75DED89A691B: The snapshot info is null. Setting the last applied indexto:(t:0, i:~)
2019-09-25 07:35:42,734 [pool-57-thread-1] INFO  server.RaftServerConfigKeys (ConfUtils.java:logGet(43)) - raft.server.notification.no-leader.timeout = 120s (custom)
2019-09-25 07:35:42,734 [pool-57-thread-1] INFO  server.RaftServerConfigKeys (ConfUtils.java:logGet(43)) - raft.server.log.use.memory = false (default)
2019-09-25 07:35:42,735 [pool-57-thread-1] INFO  server.RaftServerConfigKeys (ConfUtils.java:logGet(43)) - raft.server.log.purge.gap = 1000000 (custom)
2019-09-25 07:35:42,735 [pool-57-thread-1] INFO  server.RaftServerConfigKeys (ConfUtils.java:logGet(43)) - raft.server.log.appender.buffer.byte-limit = 33554432 (custom)
2019-09-25 07:35:42,735 [pool-57-thread-1] INFO  server.RaftServerConfigKeys (ConfUtils.java:logGet(43)) - raft.server.log.segment.size.max = 1048576 (custom)
2019-09-25 07:35:42,735 [pool-57-thread-1] INFO  server.RaftServerConfigKeys (ConfUtils.java:logGet(43)) - raft.server.log.segment.cache.num.max = 2 (custom)
2019-09-25 07:35:42,735 [pool-57-thread-1] INFO  segmented.SegmentedRaftLogWorker (SegmentedRaftLogWorker.java:<init>(172)) - new 4f9c9097-af28-4e92-8dab-50853da08db1@group-75DED89A691B-SegmentedRaftLogWorker for RaftStorage:Storage Directory /workdir/hadoop-ozone/tools/target/test-dir/MiniOzoneClusterImpl-321f4562-75cd-4431-a0a7-dd0954309df4/datanode-3/data/ratis/2993cba6-9fb6-4de6-881b-75ded89a691b
2019-09-25 07:35:42,735 [pool-57-thread-1] INFO  server.RaftServerConfigKeys (ConfUtils.java:logGet(43)) - raft.server.log.queue.byte-limit = 2147483647 (custom)
2019-09-25 07:35:42,736 [pool-57-thread-1] INFO  server.RaftServerConfigKeys (ConfUtils.java:logGet(43)) - raft.server.log.queue.element-limit = 1024 (custom)
2019-09-25 07:35:42,736 [pool-57-thread-1] INFO  server.RaftServerConfigKeys (ConfUtils.java:logGet(43)) - raft.server.log.segment.size.max = 1048576 (custom)
2019-09-25 07:35:42,736 [pool-57-thread-1] INFO  server.RaftServerConfigKeys (ConfUtils.java:logGet(43)) - raft.server.log.preallocated.size = 16384 (custom)
2019-09-25 07:35:42,736 [pool-57-thread-1] INFO  server.RaftServerConfigKeys (ConfUtils.java:logGet(43)) - raft.server.log.write.buffer.size = 33554432 (custom)
2019-09-25 07:35:42,736 [pool-57-thread-1] INFO  server.RaftServerConfigKeys (ConfUtils.java:logGet(43)) - raft.server.log.force.sync.num = 128 (default)
2019-09-25 07:35:42,736 [pool-57-thread-1] INFO  server.RaftServerConfigKeys (ConfUtils.java:logGet(43)) - raft.server.log.statemachine.data.sync = true (default)
2019-09-25 07:35:42,737 [pool-57-thread-1] INFO  server.RaftServerConfigKeys (ConfUtils.java:logGet(43)) - raft.server.log.statemachine.data.sync.timeout = 10s (default)
2019-09-25 07:35:42,737 [pool-57-thread-1] INFO  server.RaftServerConfigKeys (ConfUtils.java:logGet(43)) - raft.server.log.statemachine.data.sync.timeout.retry = -1 (default)
2019-09-25 07:35:42,737 [pool-57-thread-1] INFO  server.RaftServerConfigKeys (ConfUtils.java:logGet(43)) - raft.server.log.statemachine.data.caching.enabled = true (custom)
2019-09-25 07:35:42,738 [pool-57-thread-1] INFO  segmented.SegmentedRaftLogWorker (SegmentedRaftLogWorker.java:lambda$new$0(132)) - 4f9c9097-af28-4e92-8dab-50853da08db1@group-75DED89A691B-SegmentedRaftLogWorker: flushIndex: setUnconditionally 0 -> -1
2019-09-25 07:35:42,738 [pool-57-thread-1] INFO  server.RaftServerConfigKeys (ConfUtils.java:logGet(43)) - raft.server.snapshot.auto.trigger.enabled = true (custom)
2019-09-25 07:35:42,738 [pool-57-thread-1] INFO  server.RaftServerConfigKeys (ConfUtils.java:logGet(43)) - raft.server.snapshot.auto.trigger.threshold = 10000 (custom)
2019-09-25 07:35:42,738 [pool-57-thread-1] INFO  server.RaftServerConfigKeys (ConfUtils.java:logGet(43)) - raft.server.snapshot.retention.num.files = 5 (custom)
2019-09-25 07:35:42,739 [pool-57-thread-1] INFO  server.RaftServerConfigKeys (ConfUtils.java:logGet(43)) - raft.server.retrycache.expirytime = 600000ms (custom)
2019-09-25 07:35:42,742 [pool-57-thread-1] INFO  impl.RaftServerImpl (RaftServerImpl.java:start(185)) - 4f9c9097-af28-4e92-8dab-50853da08db1@group-75DED89A691B: start as a follower, conf=-1: [4f9c9097-af28-4e92-8dab-50853da08db1:192.168.151.106:42095], old=null
2019-09-25 07:35:42,743 [pool-57-thread-1] INFO  impl.RaftServerImpl (RaftServerImpl.java:setRole(174)) - 4f9c9097-af28-4e92-8dab-50853da08db1@group-75DED89A691B: changes role from      null to FOLLOWER at term 0 for startAsFollower
2019-09-25 07:35:42,743 [pool-57-thread-1] INFO  impl.RoleInfo (RoleInfo.java:updateAndGet(143)) - 4f9c9097-af28-4e92-8dab-50853da08db1: start FollowerState
2019-09-25 07:35:42,743 [pool-57-thread-1] INFO  util.JmxRegister (JmxRegister.java:tryRegister(44)) - Successfully registered JMX Bean with object name Ratis:service=RaftServer,group=group-75DED89A691B,id=4f9c9097-af28-4e92-8dab-50853da08db1
2019-09-25 07:35:42,746 [IPC Server handler 4 on 40963] INFO  volume.OMVolumeCreateRequest (OMVolumeCreateRequest.java:validateAndUpdateCache(189)) - created volume:vol-0-73416 for user:jenkins1000
2019-09-25 07:35:42,755 [RatisPipelineUtilsThread] INFO  pipeline.PipelineStateManager (PipelineStateManager.java:addPipeline(56)) - Created pipeline Pipeline[ Id: 2993cba6-9fb6-4de6-881b-75ded89a691b, Nodes: 4f9c9097-af28-4e92-8dab-50853da08db1{ip: 192.168.151.106, host: pr-hdds-1569-x2sr2-3486766547, networkLocation: /default-rack, certSerialId: null}, Type:RATIS, Factor:ONE, State:OPEN]
2019-09-25 07:35:42,786 [grpc-default-executor-0] INFO  impl.RaftServerProxy (RaftServerProxy.java:addNew(89)) - 20eeef1f-c0de-4bb7-8f99-fe21c95fed30: addNew group-F668C24BA591:[20eeef1f-c0de-4bb7-8f99-fe21c95fed30:192.168.151.106:34100] returns group-F668C24BA591:java.util.concurrent.CompletableFuture@7703341a[Not completed]
2019-09-25 07:35:42,788 [pool-47-thread-1] INFO  impl.RaftServerImpl (RaftServerImpl.java:<init>(95)) - 20eeef1f-c0de-4bb7-8f99-fe21c95fed30: new RaftServerImpl for group-F668C24BA591:[20eeef1f-c0de-4bb7-8f99-fe21c95fed30:192.168.151.106:34100] with ContainerStateMachine:uninitialized
2019-09-25 07:35:42,790 [pool-47-thread-1] INFO  server.RaftServerConfigKeys (ConfUtils.java:logGet(43)) - raft.server.rpc.timeout.min = 5s (custom)
2019-09-25 07:35:42,790 [pool-47-thread-1] INFO  server.RaftServerConfigKeys (ConfUtils.java:logGet(43)) - raft.server.rpc.timeout.max = 5200ms (custom)
2019-09-25 07:35:42,791 [pool-47-thread-1] INFO  server.RaftServerConfigKeys (ConfUtils.java:logGet(43)) - raft.server.rpcslowness.timeout = 120s (custom)
2019-09-25 07:35:42,791 [pool-47-thread-1] INFO  server.RaftServerConfigKeys (ConfUtils.java:logGet(43)) - raft.server.sleep.deviation.threshold = 300 (default)
2019-09-25 07:35:42,791 [pool-47-thread-1] INFO  server.RaftServerConfigKeys (ConfUtils.java:logGet(43)) - raft.server.log.appender.install.snapshot.enabled = false (custom)
2019-09-25 07:35:42,791 [pool-47-thread-1] INFO  impl.RaftServerImpl (ServerState.java:<init>(103)) - 20eeef1f-c0de-4bb7-8f99-fe21c95fed30@group-F668C24BA591: ConfigurationManager, init=-1: [20eeef1f-c0de-4bb7-8f99-fe21c95fed30:192.168.151.106:34100], old=null, confs=<EMPTY_MAP>
2019-09-25 07:35:42,791 [pool-47-thread-1] INFO  server.RaftServerConfigKeys (ConfUtils.java:logGet(43)) - raft.server.storage.dir = [/workdir/hadoop-ozone/tools/target/test-dir/MiniOzoneClusterImpl-321f4562-75cd-4431-a0a7-dd0954309df4/datanode-2/data/ratis] (custom)
2019-09-25 07:35:42,792 [pool-47-thread-1] INFO  storage.RaftStorageDirectory (RaftStorageDirectory.java:analyzeStorage(246)) - The storage directory /workdir/hadoop-ozone/tools/target/test-dir/MiniOzoneClusterImpl-321f4562-75cd-4431-a0a7-dd0954309df4/datanode-2/data/ratis/dd9828fe-b83f-4fa5-9ca8-f668c24ba591 does not exist. Creating ...
2019-09-25 07:35:42,801 [pool-73-thread-2] INFO  rpc.RpcClient (RpcClient.java:createBucket(415)) - Creating Bucket: vol-0-73416/bucket-0-92811, with Versioning false and Storage Type set to DISK and Encryption set to false 
2019-09-25 07:35:42,815 [pool-47-thread-1] INFO  storage.RaftStorageDirectory (RaftStorageDirectory.java:tryLock(328)) - Lock on /workdir/hadoop-ozone/tools/target/test-dir/MiniOzoneClusterImpl-321f4562-75cd-4431-a0a7-dd0954309df4/datanode-2/data/ratis/dd9828fe-b83f-4fa5-9ca8-f668c24ba591/in_use.lock acquired by nodename 28630@pr-hdds-1569-x2sr2-3486766547
2019-09-25 07:35:42,840 [pool-47-thread-1] INFO  storage.RaftStorage (RaftStorage.java:format(72)) - Storage directory /workdir/hadoop-ozone/tools/target/test-dir/MiniOzoneClusterImpl-321f4562-75cd-4431-a0a7-dd0954309df4/datanode-2/data/ratis/dd9828fe-b83f-4fa5-9ca8-f668c24ba591 has been successfully formatted.
2019-09-25 07:35:42,840 [pool-47-thread-1] INFO  ratis.ContainerStateMachine (ContainerStateMachine.java:loadSnapshot(230)) - group-F668C24BA591: The snapshot info is null. Setting the last applied indexto:(t:0, i:~)
2019-09-25 07:35:42,841 [pool-47-thread-1] INFO  server.RaftServerConfigKeys (ConfUtils.java:logGet(43)) - raft.server.notification.no-leader.timeout = 120s (custom)
2019-09-25 07:35:42,842 [pool-47-thread-1] INFO  server.RaftServerConfigKeys (ConfUtils.java:logGet(43)) - raft.server.log.use.memory = false (default)
2019-09-25 07:35:42,842 [pool-47-thread-1] INFO  server.RaftServerConfigKeys (ConfUtils.java:logGet(43)) - raft.server.log.purge.gap = 1000000 (custom)
2019-09-25 07:35:42,842 [pool-47-thread-1] INFO  server.RaftServerConfigKeys (ConfUtils.java:logGet(43)) - raft.server.log.appender.buffer.byte-limit = 33554432 (custom)
2019-09-25 07:35:42,842 [pool-47-thread-1] INFO  server.RaftServerConfigKeys (ConfUtils.java:logGet(43)) - raft.server.log.segment.size.max = 1048576 (custom)
2019-09-25 07:35:42,842 [pool-47-thread-1] INFO  server.RaftServerConfigKeys (ConfUtils.java:logGet(43)) - raft.server.log.segment.cache.num.max = 2 (custom)
2019-09-25 07:35:42,842 [pool-47-thread-1] INFO  segmented.SegmentedRaftLogWorker (SegmentedRaftLogWorker.java:<init>(172)) - new 20eeef1f-c0de-4bb7-8f99-fe21c95fed30@group-F668C24BA591-SegmentedRaftLogWorker for RaftStorage:Storage Directory /workdir/hadoop-ozone/tools/target/test-dir/MiniOzoneClusterImpl-321f4562-75cd-4431-a0a7-dd0954309df4/datanode-2/data/ratis/dd9828fe-b83f-4fa5-9ca8-f668c24ba591
2019-09-25 07:35:42,842 [pool-47-thread-1] INFO  server.RaftServerConfigKeys (ConfUtils.java:logGet(43)) - raft.server.log.queue.byte-limit = 2147483647 (custom)
2019-09-25 07:35:42,843 [pool-47-thread-1] INFO  server.RaftServerConfigKeys (ConfUtils.java:logGet(43)) - raft.server.log.queue.element-limit = 1024 (custom)
2019-09-25 07:35:42,843 [pool-47-thread-1] INFO  server.RaftServerConfigKeys (ConfUtils.java:logGet(43)) - raft.server.log.segment.size.max = 1048576 (custom)
2019-09-25 07:35:42,843 [pool-47-thread-1] INFO  server.RaftServerConfigKeys (ConfUtils.java:logGet(43)) - raft.server.log.preallocated.size = 16384 (custom)
2019-09-25 07:35:42,843 [pool-47-thread-1] INFO  server.RaftServerConfigKeys (ConfUtils.java:logGet(43)) - raft.server.log.write.buffer.size = 33554432 (custom)
2019-09-25 07:35:42,843 [pool-47-thread-1] INFO  server.RaftServerConfigKeys (ConfUtils.java:logGet(43)) - raft.server.log.force.sync.num = 128 (default)
2019-09-25 07:35:42,843 [pool-47-thread-1] INFO  server.RaftServerConfigKeys (ConfUtils.java:logGet(43)) - raft.server.log.statemachine.data.sync = true (default)
2019-09-25 07:35:42,843 [pool-47-thread-1] INFO  server.RaftServerConfigKeys (ConfUtils.java:logGet(43)) - raft.server.log.statemachine.data.sync.timeout = 10s (default)
2019-09-25 07:35:42,844 [pool-47-thread-1] INFO  server.RaftServerConfigKeys (ConfUtils.java:logGet(43)) - raft.server.log.statemachine.data.sync.timeout.retry = -1 (default)
2019-09-25 07:35:42,844 [pool-47-thread-1] INFO  server.RaftServerConfigKeys (ConfUtils.java:logGet(43)) - raft.server.log.statemachine.data.caching.enabled = true (custom)
2019-09-25 07:35:42,844 [pool-47-thread-1] INFO  segmented.SegmentedRaftLogWorker (SegmentedRaftLogWorker.java:lambda$new$0(132)) - 20eeef1f-c0de-4bb7-8f99-fe21c95fed30@group-F668C24BA591-SegmentedRaftLogWorker: flushIndex: setUnconditionally 0 -> -1
2019-09-25 07:35:42,844 [pool-47-thread-1] INFO  server.RaftServerConfigKeys (ConfUtils.java:logGet(43)) - raft.server.snapshot.auto.trigger.enabled = true (custom)
2019-09-25 07:35:42,844 [pool-47-thread-1] INFO  server.RaftServerConfigKeys (ConfUtils.java:logGet(43)) - raft.server.snapshot.auto.trigger.threshold = 10000 (custom)
2019-09-25 07:35:42,845 [pool-47-thread-1] INFO  server.RaftServerConfigKeys (ConfUtils.java:logGet(43)) - raft.server.snapshot.retention.num.files = 5 (custom)
2019-09-25 07:35:42,845 [pool-47-thread-1] INFO  server.RaftServerConfigKeys (ConfUtils.java:logGet(43)) - raft.server.retrycache.expirytime = 600000ms (custom)
2019-09-25 07:35:42,847 [pool-47-thread-1] INFO  impl.RaftServerImpl (RaftServerImpl.java:start(185)) - 20eeef1f-c0de-4bb7-8f99-fe21c95fed30@group-F668C24BA591: start as a follower, conf=-1: [20eeef1f-c0de-4bb7-8f99-fe21c95fed30:192.168.151.106:34100], old=null
2019-09-25 07:35:42,847 [pool-47-thread-1] INFO  impl.RaftServerImpl (RaftServerImpl.java:setRole(174)) - 20eeef1f-c0de-4bb7-8f99-fe21c95fed30@group-F668C24BA591: changes role from      null to FOLLOWER at term 0 for startAsFollower
2019-09-25 07:35:42,847 [pool-47-thread-1] INFO  impl.RoleInfo (RoleInfo.java:updateAndGet(143)) - 20eeef1f-c0de-4bb7-8f99-fe21c95fed30: start FollowerState
2019-09-25 07:35:42,848 [pool-47-thread-1] INFO  util.JmxRegister (JmxRegister.java:tryRegister(44)) - Successfully registered JMX Bean with object name Ratis:service=RaftServer,group=group-F668C24BA591,id=20eeef1f-c0de-4bb7-8f99-fe21c95fed30
2019-09-25 07:35:42,852 [RatisPipelineUtilsThread] INFO  pipeline.PipelineStateManager (PipelineStateManager.java:addPipeline(56)) - Created pipeline Pipeline[ Id: dd9828fe-b83f-4fa5-9ca8-f668c24ba591, Nodes: 20eeef1f-c0de-4bb7-8f99-fe21c95fed30{ip: 192.168.151.106, host: pr-hdds-1569-x2sr2-3486766547, networkLocation: /default-rack, certSerialId: null}, Type:RATIS, Factor:ONE, State:OPEN]
2019-09-25 07:35:42,867 [grpc-default-executor-0] INFO  impl.RaftServerProxy (RaftServerProxy.java:addNew(89)) - c3cf7509-27e8-499f-a871-32281ced9221: addNew group-6457CCB86E58:[c3cf7509-27e8-499f-a871-32281ced9221:192.168.151.106:40856] returns group-6457CCB86E58:java.util.concurrent.CompletableFuture@6ce9ce16[Not completed]
2019-09-25 07:35:42,869 [pool-67-thread-1] INFO  impl.RaftServerImpl (RaftServerImpl.java:<init>(95)) - c3cf7509-27e8-499f-a871-32281ced9221: new RaftServerImpl for group-6457CCB86E58:[c3cf7509-27e8-499f-a871-32281ced9221:192.168.151.106:40856] with ContainerStateMachine:uninitialized
2019-09-25 07:35:42,869 [pool-67-thread-1] INFO  server.RaftServerConfigKeys (ConfUtils.java:logGet(43)) - raft.server.rpc.timeout.min = 5s (custom)
2019-09-25 07:35:42,869 [pool-67-thread-1] INFO  server.RaftServerConfigKeys (ConfUtils.java:logGet(43)) - raft.server.rpc.timeout.max = 5200ms (custom)
2019-09-25 07:35:42,869 [pool-67-thread-1] INFO  server.RaftServerConfigKeys (ConfUtils.java:logGet(43)) - raft.server.rpcslowness.timeout = 120s (custom)
2019-09-25 07:35:42,869 [pool-67-thread-1] INFO  server.RaftServerConfigKeys (ConfUtils.java:logGet(43)) - raft.server.sleep.deviation.threshold = 300 (default)
2019-09-25 07:35:42,870 [pool-67-thread-1] INFO  server.RaftServerConfigKeys (ConfUtils.java:logGet(43)) - raft.server.log.appender.install.snapshot.enabled = false (custom)
2019-09-25 07:35:42,870 [pool-67-thread-1] INFO  impl.RaftServerImpl (ServerState.java:<init>(103)) - c3cf7509-27e8-499f-a871-32281ced9221@group-6457CCB86E58: ConfigurationManager, init=-1: [c3cf7509-27e8-499f-a871-32281ced9221:192.168.151.106:40856], old=null, confs=<EMPTY_MAP>
2019-09-25 07:35:42,870 [pool-67-thread-1] INFO  server.RaftServerConfigKeys (ConfUtils.java:logGet(43)) - raft.server.storage.dir = [/workdir/hadoop-ozone/tools/target/test-dir/MiniOzoneClusterImpl-321f4562-75cd-4431-a0a7-dd0954309df4/datanode-4/data/ratis] (custom)
2019-09-25 07:35:42,870 [pool-67-thread-1] INFO  storage.RaftStorageDirectory (RaftStorageDirectory.java:analyzeStorage(246)) - The storage directory /workdir/hadoop-ozone/tools/target/test-dir/MiniOzoneClusterImpl-321f4562-75cd-4431-a0a7-dd0954309df4/datanode-4/data/ratis/77d62cc2-4a7b-49ce-ac9e-6457ccb86e58 does not exist. Creating ...
2019-09-25 07:35:43,218 [pool-67-thread-1] INFO  storage.RaftStorageDirectory (RaftStorageDirectory.java:tryLock(328)) - Lock on /workdir/hadoop-ozone/tools/target/test-dir/MiniOzoneClusterImpl-321f4562-75cd-4431-a0a7-dd0954309df4/datanode-4/data/ratis/77d62cc2-4a7b-49ce-ac9e-6457ccb86e58/in_use.lock acquired by nodename 28630@pr-hdds-1569-x2sr2-3486766547
2019-09-25 07:35:43,245 [pool-67-thread-1] INFO  storage.RaftStorage (RaftStorage.java:format(72)) - Storage directory /workdir/hadoop-ozone/tools/target/test-dir/MiniOzoneClusterImpl-321f4562-75cd-4431-a0a7-dd0954309df4/datanode-4/data/ratis/77d62cc2-4a7b-49ce-ac9e-6457ccb86e58 has been successfully formatted.
2019-09-25 07:35:43,251 [pool-67-thread-1] INFO  ratis.ContainerStateMachine (ContainerStateMachine.java:loadSnapshot(230)) - group-6457CCB86E58: The snapshot info is null. Setting the last applied indexto:(t:0, i:~)
2019-09-25 07:35:43,252 [pool-67-thread-1] INFO  server.RaftServerConfigKeys (ConfUtils.java:logGet(43)) - raft.server.notification.no-leader.timeout = 120s (custom)
2019-09-25 07:35:43,252 [pool-67-thread-1] INFO  server.RaftServerConfigKeys (ConfUtils.java:logGet(43)) - raft.server.log.use.memory = false (default)
2019-09-25 07:35:43,252 [pool-67-thread-1] INFO  server.RaftServerConfigKeys (ConfUtils.java:logGet(43)) - raft.server.log.purge.gap = 1000000 (custom)
2019-09-25 07:35:43,253 [pool-67-thread-1] INFO  server.RaftServerConfigKeys (ConfUtils.java:logGet(43)) - raft.server.log.appender.buffer.byte-limit = 33554432 (custom)
2019-09-25 07:35:43,253 [pool-67-thread-1] INFO  server.RaftServerConfigKeys (ConfUtils.java:logGet(43)) - raft.server.log.segment.size.max = 1048576 (custom)
2019-09-25 07:35:43,253 [pool-67-thread-1] INFO  server.RaftServerConfigKeys (ConfUtils.java:logGet(43)) - raft.server.log.segment.cache.num.max = 2 (custom)
2019-09-25 07:35:43,254 [pool-67-thread-1] INFO  segmented.SegmentedRaftLogWorker (SegmentedRaftLogWorker.java:<init>(172)) - new c3cf7509-27e8-499f-a871-32281ced9221@group-6457CCB86E58-SegmentedRaftLogWorker for RaftStorage:Storage Directory /workdir/hadoop-ozone/tools/target/test-dir/MiniOzoneClusterImpl-321f4562-75cd-4431-a0a7-dd0954309df4/datanode-4/data/ratis/77d62cc2-4a7b-49ce-ac9e-6457ccb86e58
2019-09-25 07:35:43,254 [pool-67-thread-1] INFO  server.RaftServerConfigKeys (ConfUtils.java:logGet(43)) - raft.server.log.queue.byte-limit = 2147483647 (custom)
2019-09-25 07:35:43,254 [pool-67-thread-1] INFO  server.RaftServerConfigKeys (ConfUtils.java:logGet(43)) - raft.server.log.queue.element-limit = 1024 (custom)
2019-09-25 07:35:43,255 [pool-67-thread-1] INFO  server.RaftServerConfigKeys (ConfUtils.java:logGet(43)) - raft.server.log.segment.size.max = 1048576 (custom)
2019-09-25 07:35:43,255 [pool-67-thread-1] INFO  server.RaftServerConfigKeys (ConfUtils.java:logGet(43)) - raft.server.log.preallocated.size = 16384 (custom)
2019-09-25 07:35:43,255 [pool-67-thread-1] INFO  server.RaftServerConfigKeys (ConfUtils.java:logGet(43)) - raft.server.log.write.buffer.size = 33554432 (custom)
2019-09-25 07:35:43,256 [pool-67-thread-1] INFO  server.RaftServerConfigKeys (ConfUtils.java:logGet(43)) - raft.server.log.force.sync.num = 128 (default)
2019-09-25 07:35:43,256 [pool-67-thread-1] INFO  server.RaftServerConfigKeys (ConfUtils.java:logGet(43)) - raft.server.log.statemachine.data.sync = true (default)
2019-09-25 07:35:43,256 [pool-67-thread-1] INFO  server.RaftServerConfigKeys (ConfUtils.java:logGet(43)) - raft.server.log.statemachine.data.sync.timeout = 10s (default)
2019-09-25 07:35:43,257 [pool-67-thread-1] INFO  server.RaftServerConfigKeys (ConfUtils.java:logGet(43)) - raft.server.log.statemachine.data.sync.timeout.retry = -1 (default)
2019-09-25 07:35:43,257 [pool-67-thread-1] INFO  server.RaftServerConfigKeys (ConfUtils.java:logGet(43)) - raft.server.log.statemachine.data.caching.enabled = true (custom)
2019-09-25 07:35:43,258 [pool-67-thread-1] INFO  segmented.SegmentedRaftLogWorker (SegmentedRaftLogWorker.java:lambda$new$0(132)) - c3cf7509-27e8-499f-a871-32281ced9221@group-6457CCB86E58-SegmentedRaftLogWorker: flushIndex: setUnconditionally 0 -> -1
2019-09-25 07:35:43,258 [pool-67-thread-1] INFO  server.RaftServerConfigKeys (ConfUtils.java:logGet(43)) - raft.server.snapshot.auto.trigger.enabled = true (custom)
2019-09-25 07:35:43,259 [pool-67-thread-1] INFO  server.RaftServerConfigKeys (ConfUtils.java:logGet(43)) - raft.server.snapshot.auto.trigger.threshold = 10000 (custom)
2019-09-25 07:35:43,259 [pool-67-thread-1] INFO  server.RaftServerConfigKeys (ConfUtils.java:logGet(43)) - raft.server.snapshot.retention.num.files = 5 (custom)
2019-09-25 07:35:43,259 [pool-67-thread-1] INFO  server.RaftServerConfigKeys (ConfUtils.java:logGet(43)) - raft.server.retrycache.expirytime = 600000ms (custom)
2019-09-25 07:35:43,437 [pool-67-thread-1] INFO  impl.RaftServerImpl (RaftServerImpl.java:start(185)) - c3cf7509-27e8-499f-a871-32281ced9221@group-6457CCB86E58: start as a follower, conf=-1: [c3cf7509-27e8-499f-a871-32281ced9221:192.168.151.106:40856], old=null
2019-09-25 07:35:43,437 [pool-67-thread-1] INFO  impl.RaftServerImpl (RaftServerImpl.java:setRole(174)) - c3cf7509-27e8-499f-a871-32281ced9221@group-6457CCB86E58: changes role from      null to FOLLOWER at term 0 for startAsFollower
2019-09-25 07:35:43,438 [pool-67-thread-1] INFO  impl.RoleInfo (RoleInfo.java:updateAndGet(143)) - c3cf7509-27e8-499f-a871-32281ced9221: start FollowerState
2019-09-25 07:35:43,438 [pool-67-thread-1] INFO  util.JmxRegister (JmxRegister.java:tryRegister(44)) - Successfully registered JMX Bean with object name Ratis:service=RaftServer,group=group-6457CCB86E58,id=c3cf7509-27e8-499f-a871-32281ced9221
2019-09-25 07:35:43,445 [RatisPipelineUtilsThread] INFO  pipeline.PipelineStateManager (PipelineStateManager.java:addPipeline(56)) - Created pipeline Pipeline[ Id: 77d62cc2-4a7b-49ce-ac9e-6457ccb86e58, Nodes: c3cf7509-27e8-499f-a871-32281ced9221{ip: 192.168.151.106, host: pr-hdds-1569-x2sr2-3486766547, networkLocation: /default-rack, certSerialId: null}, Type:RATIS, Factor:ONE, State:OPEN]
2019-09-25 07:35:43,458 [grpc-default-executor-0] INFO  impl.RaftServerProxy (RaftServerProxy.java:addNew(89)) - 0a03bc5e-b15f-4537-941b-10259ace1437: addNew group-E7A8AB225BB8:[0a03bc5e-b15f-4537-941b-10259ace1437:192.168.151.106:43890] returns group-E7A8AB225BB8:java.util.concurrent.CompletableFuture@b4cb417[Not completed]
2019-09-25 07:35:43,459 [pool-37-thread-1] INFO  impl.RaftServerImpl (RaftServerImpl.java:<init>(95)) - 0a03bc5e-b15f-4537-941b-10259ace1437: new RaftServerImpl for group-E7A8AB225BB8:[0a03bc5e-b15f-4537-941b-10259ace1437:192.168.151.106:43890] with ContainerStateMachine:uninitialized
2019-09-25 07:35:43,460 [pool-37-thread-1] INFO  server.RaftServerConfigKeys (ConfUtils.java:logGet(43)) - raft.server.rpc.timeout.min = 5s (custom)
2019-09-25 07:35:43,460 [pool-37-thread-1] INFO  server.RaftServerConfigKeys (ConfUtils.java:logGet(43)) - raft.server.rpc.timeout.max = 5200ms (custom)
2019-09-25 07:35:43,460 [pool-37-thread-1] INFO  server.RaftServerConfigKeys (ConfUtils.java:logGet(43)) - raft.server.rpcslowness.timeout = 120s (custom)
2019-09-25 07:35:43,460 [pool-37-thread-1] INFO  server.RaftServerConfigKeys (ConfUtils.java:logGet(43)) - raft.server.sleep.deviation.threshold = 300 (default)
2019-09-25 07:35:43,460 [pool-37-thread-1] INFO  server.RaftServerConfigKeys (ConfUtils.java:logGet(43)) - raft.server.log.appender.install.snapshot.enabled = false (custom)
2019-09-25 07:35:43,460 [pool-37-thread-1] INFO  impl.RaftServerImpl (ServerState.java:<init>(103)) - 0a03bc5e-b15f-4537-941b-10259ace1437@group-E7A8AB225BB8: ConfigurationManager, init=-1: [0a03bc5e-b15f-4537-941b-10259ace1437:192.168.151.106:43890], old=null, confs=<EMPTY_MAP>
2019-09-25 07:35:43,461 [pool-37-thread-1] INFO  server.RaftServerConfigKeys (ConfUtils.java:logGet(43)) - raft.server.storage.dir = [/workdir/hadoop-ozone/tools/target/test-dir/MiniOzoneClusterImpl-321f4562-75cd-4431-a0a7-dd0954309df4/datanode-1/data/ratis] (custom)
2019-09-25 07:35:43,461 [pool-37-thread-1] INFO  storage.RaftStorageDirectory (RaftStorageDirectory.java:analyzeStorage(246)) - The storage directory /workdir/hadoop-ozone/tools/target/test-dir/MiniOzoneClusterImpl-321f4562-75cd-4431-a0a7-dd0954309df4/datanode-1/data/ratis/0327184f-94b8-4cb6-bc4f-e7a8ab225bb8 does not exist. Creating ...
2019-09-25 07:35:43,474 [pool-37-thread-1] INFO  storage.RaftStorageDirectory (RaftStorageDirectory.java:tryLock(328)) - Lock on /workdir/hadoop-ozone/tools/target/test-dir/MiniOzoneClusterImpl-321f4562-75cd-4431-a0a7-dd0954309df4/datanode-1/data/ratis/0327184f-94b8-4cb6-bc4f-e7a8ab225bb8/in_use.lock acquired by nodename 28630@pr-hdds-1569-x2sr2-3486766547
2019-09-25 07:35:43,487 [pool-37-thread-1] INFO  storage.RaftStorage (RaftStorage.java:format(72)) - Storage directory /workdir/hadoop-ozone/tools/target/test-dir/MiniOzoneClusterImpl-321f4562-75cd-4431-a0a7-dd0954309df4/datanode-1/data/ratis/0327184f-94b8-4cb6-bc4f-e7a8ab225bb8 has been successfully formatted.
2019-09-25 07:35:43,488 [pool-37-thread-1] INFO  ratis.ContainerStateMachine (ContainerStateMachine.java:loadSnapshot(230)) - group-E7A8AB225BB8: The snapshot info is null. Setting the last applied indexto:(t:0, i:~)
2019-09-25 07:35:43,488 [pool-37-thread-1] INFO  server.RaftServerConfigKeys (ConfUtils.java:logGet(43)) - raft.server.notification.no-leader.timeout = 120s (custom)
2019-09-25 07:35:43,488 [pool-37-thread-1] INFO  server.RaftServerConfigKeys (ConfUtils.java:logGet(43)) - raft.server.log.use.memory = false (default)
2019-09-25 07:35:43,488 [pool-37-thread-1] INFO  server.RaftServerConfigKeys (ConfUtils.java:logGet(43)) - raft.server.log.purge.gap = 1000000 (custom)
2019-09-25 07:35:43,488 [pool-37-thread-1] INFO  server.RaftServerConfigKeys (ConfUtils.java:logGet(43)) - raft.server.log.appender.buffer.byte-limit = 33554432 (custom)
2019-09-25 07:35:43,489 [pool-37-thread-1] INFO  server.RaftServerConfigKeys (ConfUtils.java:logGet(43)) - raft.server.log.segment.size.max = 1048576 (custom)
2019-09-25 07:35:43,489 [pool-37-thread-1] INFO  server.RaftServerConfigKeys (ConfUtils.java:logGet(43)) - raft.server.log.segment.cache.num.max = 2 (custom)
2019-09-25 07:35:43,489 [pool-37-thread-1] INFO  segmented.SegmentedRaftLogWorker (SegmentedRaftLogWorker.java:<init>(172)) - new 0a03bc5e-b15f-4537-941b-10259ace1437@group-E7A8AB225BB8-SegmentedRaftLogWorker for RaftStorage:Storage Directory /workdir/hadoop-ozone/tools/target/test-dir/MiniOzoneClusterImpl-321f4562-75cd-4431-a0a7-dd0954309df4/datanode-1/data/ratis/0327184f-94b8-4cb6-bc4f-e7a8ab225bb8
2019-09-25 07:35:43,489 [pool-37-thread-1] INFO  server.RaftServerConfigKeys (ConfUtils.java:logGet(43)) - raft.server.log.queue.byte-limit = 2147483647 (custom)
2019-09-25 07:35:43,489 [pool-37-thread-1] INFO  server.RaftServerConfigKeys (ConfUtils.java:logGet(43)) - raft.server.log.queue.element-limit = 1024 (custom)
2019-09-25 07:35:43,489 [pool-37-thread-1] INFO  server.RaftServerConfigKeys (ConfUtils.java:logGet(43)) - raft.server.log.segment.size.max = 1048576 (custom)
2019-09-25 07:35:43,489 [pool-37-thread-1] INFO  server.RaftServerConfigKeys (ConfUtils.java:logGet(43)) - raft.server.log.preallocated.size = 16384 (custom)
2019-09-25 07:35:43,490 [pool-37-thread-1] INFO  server.RaftServerConfigKeys (ConfUtils.java:logGet(43)) - raft.server.log.write.buffer.size = 33554432 (custom)
2019-09-25 07:35:43,490 [pool-37-thread-1] INFO  server.RaftServerConfigKeys (ConfUtils.java:logGet(43)) - raft.server.log.force.sync.num = 128 (default)
2019-09-25 07:35:43,490 [pool-37-thread-1] INFO  server.RaftServerConfigKeys (ConfUtils.java:logGet(43)) - raft.server.log.statemachine.data.sync = true (default)
2019-09-25 07:35:43,490 [pool-37-thread-1] INFO  server.RaftServerConfigKeys (ConfUtils.java:logGet(43)) - raft.server.log.statemachine.data.sync.timeout = 10s (default)
2019-09-25 07:35:43,490 [pool-37-thread-1] INFO  server.RaftServerConfigKeys (ConfUtils.java:logGet(43)) - raft.server.log.statemachine.data.sync.timeout.retry = -1 (default)
2019-09-25 07:35:43,490 [pool-37-thread-1] INFO  server.RaftServerConfigKeys (ConfUtils.java:logGet(43)) - raft.server.log.statemachine.data.caching.enabled = true (custom)
2019-09-25 07:35:43,491 [pool-37-thread-1] INFO  segmented.SegmentedRaftLogWorker (SegmentedRaftLogWorker.java:lambda$new$0(132)) - 0a03bc5e-b15f-4537-941b-10259ace1437@group-E7A8AB225BB8-SegmentedRaftLogWorker: flushIndex: setUnconditionally 0 -> -1
2019-09-25 07:35:43,491 [pool-37-thread-1] INFO  server.RaftServerConfigKeys (ConfUtils.java:logGet(43)) - raft.server.snapshot.auto.trigger.enabled = true (custom)
2019-09-25 07:35:43,491 [pool-37-thread-1] INFO  server.RaftServerConfigKeys (ConfUtils.java:logGet(43)) - raft.server.snapshot.auto.trigger.threshold = 10000 (custom)
2019-09-25 07:35:43,491 [pool-37-thread-1] INFO  server.RaftServerConfigKeys (ConfUtils.java:logGet(43)) - raft.server.snapshot.retention.num.files = 5 (custom)
2019-09-25 07:35:43,492 [pool-37-thread-1] INFO  server.RaftServerConfigKeys (ConfUtils.java:logGet(43)) - raft.server.retrycache.expirytime = 600000ms (custom)
2019-09-25 07:35:43,496 [pool-37-thread-1] INFO  impl.RaftServerImpl (RaftServerImpl.java:start(185)) - 0a03bc5e-b15f-4537-941b-10259ace1437@group-E7A8AB225BB8: start as a follower, conf=-1: [0a03bc5e-b15f-4537-941b-10259ace1437:192.168.151.106:43890], old=null
2019-09-25 07:35:43,496 [pool-37-thread-1] INFO  impl.RaftServerImpl (RaftServerImpl.java:setRole(174)) - 0a03bc5e-b15f-4537-941b-10259ace1437@group-E7A8AB225BB8: changes role from      null to FOLLOWER at term 0 for startAsFollower
2019-09-25 07:35:43,496 [pool-37-thread-1] INFO  impl.RoleInfo (RoleInfo.java:updateAndGet(143)) - 0a03bc5e-b15f-4537-941b-10259ace1437: start FollowerState
2019-09-25 07:35:43,497 [pool-37-thread-1] INFO  util.JmxRegister (JmxRegister.java:tryRegister(44)) - Successfully registered JMX Bean with object name Ratis:service=RaftServer,group=group-E7A8AB225BB8,id=0a03bc5e-b15f-4537-941b-10259ace1437
2019-09-25 07:35:43,501 [RatisPipelineUtilsThread] INFO  pipeline.PipelineStateManager (PipelineStateManager.java:addPipeline(56)) - Created pipeline Pipeline[ Id: 0327184f-94b8-4cb6-bc4f-e7a8ab225bb8, Nodes: 0a03bc5e-b15f-4537-941b-10259ace1437{ip: 192.168.151.106, host: pr-hdds-1569-x2sr2-3486766547, networkLocation: /default-rack, certSerialId: null}, Type:RATIS, Factor:ONE, State:OPEN]
2019-09-25 07:35:43,511 [grpc-default-executor-0] INFO  impl.RaftServerProxy (RaftServerProxy.java:addNew(89)) - 0a03bc5e-b15f-4537-941b-10259ace1437: addNew group-287FFB0BFB66:[0a03bc5e-b15f-4537-941b-10259ace1437:192.168.151.106:43890] returns group-287FFB0BFB66:java.util.concurrent.CompletableFuture@f385763[Not completed]
2019-09-25 07:35:43,512 [pool-37-thread-1] INFO  impl.RaftServerImpl (RaftServerImpl.java:<init>(95)) - 0a03bc5e-b15f-4537-941b-10259ace1437: new RaftServerImpl for group-287FFB0BFB66:[0a03bc5e-b15f-4537-941b-10259ace1437:192.168.151.106:43890] with ContainerStateMachine:uninitialized
2019-09-25 07:35:43,513 [pool-37-thread-1] INFO  server.RaftServerConfigKeys (ConfUtils.java:logGet(43)) - raft.server.rpc.timeout.min = 5s (custom)
2019-09-25 07:35:43,513 [pool-37-thread-1] INFO  server.RaftServerConfigKeys (ConfUtils.java:logGet(43)) - raft.server.rpc.timeout.max = 5200ms (custom)
2019-09-25 07:35:43,513 [pool-37-thread-1] INFO  server.RaftServerConfigKeys (ConfUtils.java:logGet(43)) - raft.server.rpcslowness.timeout = 120s (custom)
2019-09-25 07:35:43,513 [pool-37-thread-1] INFO  server.RaftServerConfigKeys (ConfUtils.java:logGet(43)) - raft.server.sleep.deviation.threshold = 300 (default)
2019-09-25 07:35:43,513 [pool-37-thread-1] INFO  server.RaftServerConfigKeys (ConfUtils.java:logGet(43)) - raft.server.log.appender.install.snapshot.enabled = false (custom)
2019-09-25 07:35:43,514 [pool-37-thread-1] INFO  impl.RaftServerImpl (ServerState.java:<init>(103)) - 0a03bc5e-b15f-4537-941b-10259ace1437@group-287FFB0BFB66: ConfigurationManager, init=-1: [0a03bc5e-b15f-4537-941b-10259ace1437:192.168.151.106:43890], old=null, confs=<EMPTY_MAP>
2019-09-25 07:35:43,514 [pool-37-thread-1] INFO  server.RaftServerConfigKeys (ConfUtils.java:logGet(43)) - raft.server.storage.dir = [/workdir/hadoop-ozone/tools/target/test-dir/MiniOzoneClusterImpl-321f4562-75cd-4431-a0a7-dd0954309df4/datanode-1/data/ratis] (custom)
2019-09-25 07:35:43,515 [pool-37-thread-1] INFO  storage.RaftStorageDirectory (RaftStorageDirectory.java:analyzeStorage(246)) - The storage directory /workdir/hadoop-ozone/tools/target/test-dir/MiniOzoneClusterImpl-321f4562-75cd-4431-a0a7-dd0954309df4/datanode-1/data/ratis/5207675f-7384-4155-a5f1-287ffb0bfb66 does not exist. Creating ...
2019-09-25 07:35:43,534 [pool-37-thread-1] INFO  storage.RaftStorageDirectory (RaftStorageDirectory.java:tryLock(328)) - Lock on /workdir/hadoop-ozone/tools/target/test-dir/MiniOzoneClusterImpl-321f4562-75cd-4431-a0a7-dd0954309df4/datanode-1/data/ratis/5207675f-7384-4155-a5f1-287ffb0bfb66/in_use.lock acquired by nodename 28630@pr-hdds-1569-x2sr2-3486766547
2019-09-25 07:35:43,547 [pool-37-thread-1] INFO  storage.RaftStorage (RaftStorage.java:format(72)) - Storage directory /workdir/hadoop-ozone/tools/target/test-dir/MiniOzoneClusterImpl-321f4562-75cd-4431-a0a7-dd0954309df4/datanode-1/data/ratis/5207675f-7384-4155-a5f1-287ffb0bfb66 has been successfully formatted.
2019-09-25 07:35:43,548 [pool-37-thread-1] INFO  ratis.ContainerStateMachine (ContainerStateMachine.java:loadSnapshot(230)) - group-287FFB0BFB66: The snapshot info is null. Setting the last applied indexto:(t:0, i:~)
2019-09-25 07:35:43,548 [pool-37-thread-1] INFO  server.RaftServerConfigKeys (ConfUtils.java:logGet(43)) - raft.server.notification.no-leader.timeout = 120s (custom)
2019-09-25 07:35:43,548 [pool-37-thread-1] INFO  server.RaftServerConfigKeys (ConfUtils.java:logGet(43)) - raft.server.log.use.memory = false (default)
2019-09-25 07:35:43,548 [pool-37-thread-1] INFO  server.RaftServerConfigKeys (ConfUtils.java:logGet(43)) - raft.server.log.purge.gap = 1000000 (custom)
2019-09-25 07:35:43,549 [pool-37-thread-1] INFO  server.RaftServerConfigKeys (ConfUtils.java:logGet(43)) - raft.server.log.appender.buffer.byte-limit = 33554432 (custom)
2019-09-25 07:35:43,549 [pool-37-thread-1] INFO  server.RaftServerConfigKeys (ConfUtils.java:logGet(43)) - raft.server.log.segment.size.max = 1048576 (custom)
2019-09-25 07:35:43,549 [pool-37-thread-1] INFO  server.RaftServerConfigKeys (ConfUtils.java:logGet(43)) - raft.server.log.segment.cache.num.max = 2 (custom)
2019-09-25 07:35:43,549 [pool-37-thread-1] INFO  segmented.SegmentedRaftLogWorker (SegmentedRaftLogWorker.java:<init>(172)) - new 0a03bc5e-b15f-4537-941b-10259ace1437@group-287FFB0BFB66-SegmentedRaftLogWorker for RaftStorage:Storage Directory /workdir/hadoop-ozone/tools/target/test-dir/MiniOzoneClusterImpl-321f4562-75cd-4431-a0a7-dd0954309df4/datanode-1/data/ratis/5207675f-7384-4155-a5f1-287ffb0bfb66
2019-09-25 07:35:43,550 [pool-37-thread-1] INFO  server.RaftServerConfigKeys (ConfUtils.java:logGet(43)) - raft.server.log.queue.byte-limit = 2147483647 (custom)
2019-09-25 07:35:43,550 [pool-37-thread-1] INFO  server.RaftServerConfigKeys (ConfUtils.java:logGet(43)) - raft.server.log.queue.element-limit = 1024 (custom)
2019-09-25 07:35:43,550 [pool-37-thread-1] INFO  server.RaftServerConfigKeys (ConfUtils.java:logGet(43)) - raft.server.log.segment.size.max = 1048576 (custom)
2019-09-25 07:35:43,550 [pool-37-thread-1] INFO  server.RaftServerConfigKeys (ConfUtils.java:logGet(43)) - raft.server.log.preallocated.size = 16384 (custom)
2019-09-25 07:35:43,550 [pool-37-thread-1] INFO  server.RaftServerConfigKeys (ConfUtils.java:logGet(43)) - raft.server.log.write.buffer.size = 33554432 (custom)
2019-09-25 07:35:43,551 [pool-37-thread-1] INFO  server.RaftServerConfigKeys (ConfUtils.java:logGet(43)) - raft.server.log.force.sync.num = 128 (default)
2019-09-25 07:35:43,551 [pool-37-thread-1] INFO  server.RaftServerConfigKeys (ConfUtils.java:logGet(43)) - raft.server.log.statemachine.data.sync = true (default)
2019-09-25 07:35:43,551 [pool-37-thread-1] INFO  server.RaftServerConfigKeys (ConfUtils.java:logGet(43)) - raft.server.log.statemachine.data.sync.timeout = 10s (default)
2019-09-25 07:35:43,551 [pool-37-thread-1] INFO  server.RaftServerConfigKeys (ConfUtils.java:logGet(43)) - raft.server.log.statemachine.data.sync.timeout.retry = -1 (default)
2019-09-25 07:35:43,552 [pool-37-thread-1] INFO  server.RaftServerConfigKeys (ConfUtils.java:logGet(43)) - raft.server.log.statemachine.data.caching.enabled = true (custom)
2019-09-25 07:35:43,552 [pool-37-thread-1] INFO  segmented.SegmentedRaftLogWorker (SegmentedRaftLogWorker.java:lambda$new$0(132)) - 0a03bc5e-b15f-4537-941b-10259ace1437@group-287FFB0BFB66-SegmentedRaftLogWorker: flushIndex: setUnconditionally 0 -> -1
2019-09-25 07:35:43,552 [pool-37-thread-1] INFO  server.RaftServerConfigKeys (ConfUtils.java:logGet(43)) - raft.server.snapshot.auto.trigger.enabled = true (custom)
2019-09-25 07:35:43,552 [pool-37-thread-1] INFO  server.RaftServerConfigKeys (ConfUtils.java:logGet(43)) - raft.server.snapshot.auto.trigger.threshold = 10000 (custom)
2019-09-25 07:35:43,553 [pool-37-thread-1] INFO  server.RaftServerConfigKeys (ConfUtils.java:logGet(43)) - raft.server.snapshot.retention.num.files = 5 (custom)
2019-09-25 07:35:43,553 [pool-37-thread-1] INFO  server.RaftServerConfigKeys (ConfUtils.java:logGet(43)) - raft.server.retrycache.expirytime = 600000ms (custom)
2019-09-25 07:35:43,556 [pool-37-thread-1] INFO  impl.RaftServerImpl (RaftServerImpl.java:start(185)) - 0a03bc5e-b15f-4537-941b-10259ace1437@group-287FFB0BFB66: start as a follower, conf=-1: [0a03bc5e-b15f-4537-941b-10259ace1437:192.168.151.106:43890], old=null
2019-09-25 07:35:43,556 [pool-37-thread-1] INFO  impl.RaftServerImpl (RaftServerImpl.java:setRole(174)) - 0a03bc5e-b15f-4537-941b-10259ace1437@group-287FFB0BFB66: changes role from      null to FOLLOWER at term 0 for startAsFollower
2019-09-25 07:35:43,556 [pool-37-thread-1] INFO  impl.RoleInfo (RoleInfo.java:updateAndGet(143)) - 0a03bc5e-b15f-4537-941b-10259ace1437: start FollowerState
2019-09-25 07:35:43,556 [pool-37-thread-1] INFO  util.JmxRegister (JmxRegister.java:tryRegister(44)) - Successfully registered JMX Bean with object name Ratis:service=RaftServer,group=group-287FFB0BFB66,id=0a03bc5e-b15f-4537-941b-10259ace1437
2019-09-25 07:35:43,562 [RatisPipelineUtilsThread] INFO  pipeline.PipelineStateManager (PipelineStateManager.java:addPipeline(56)) - Created pipeline Pipeline[ Id: 5207675f-7384-4155-a5f1-287ffb0bfb66, Nodes: 0a03bc5e-b15f-4537-941b-10259ace1437{ip: 192.168.151.106, host: pr-hdds-1569-x2sr2-3486766547, networkLocation: /default-rack, certSerialId: null}, Type:RATIS, Factor:ONE, State:OPEN]
2019-09-25 07:35:43,563 [RatisPipelineUtilsThread] INFO  pipeline.PipelinePlacementPolicy (PipelinePlacementPolicy.java:meetCriteria(91)) - Pipeline Placement: can't place more pipeline on heavy datanode： 0a03bc5e-b15f-4537-941b-10259ace1437 Heaviness: 6 limit: 5
2019-09-25 07:35:43,575 [grpc-default-executor-0] INFO  impl.RaftServerProxy (RaftServerProxy.java:addNew(89)) - 89512cd3-5215-493c-9626-f8bc005210a2: addNew group-82EFE091B73F:[89512cd3-5215-493c-9626-f8bc005210a2:192.168.151.106:37585] returns group-82EFE091B73F:java.util.concurrent.CompletableFuture@5c289cfe[Not completed]
2019-09-25 07:35:43,576 [pool-27-thread-1] INFO  impl.RaftServerImpl (RaftServerImpl.java:<init>(95)) - 89512cd3-5215-493c-9626-f8bc005210a2: new RaftServerImpl for group-82EFE091B73F:[89512cd3-5215-493c-9626-f8bc005210a2:192.168.151.106:37585] with ContainerStateMachine:uninitialized
2019-09-25 07:35:43,577 [pool-27-thread-1] INFO  server.RaftServerConfigKeys (ConfUtils.java:logGet(43)) - raft.server.rpc.timeout.min = 5s (custom)
2019-09-25 07:35:43,577 [pool-27-thread-1] INFO  server.RaftServerConfigKeys (ConfUtils.java:logGet(43)) - raft.server.rpc.timeout.max = 5200ms (custom)
2019-09-25 07:35:43,577 [pool-27-thread-1] INFO  server.RaftServerConfigKeys (ConfUtils.java:logGet(43)) - raft.server.rpcslowness.timeout = 120s (custom)
2019-09-25 07:35:43,577 [pool-27-thread-1] INFO  server.RaftServerConfigKeys (ConfUtils.java:logGet(43)) - raft.server.sleep.deviation.threshold = 300 (default)
2019-09-25 07:35:43,577 [pool-27-thread-1] INFO  server.RaftServerConfigKeys (ConfUtils.java:logGet(43)) - raft.server.log.appender.install.snapshot.enabled = false (custom)
2019-09-25 07:35:43,578 [pool-27-thread-1] INFO  impl.RaftServerImpl (ServerState.java:<init>(103)) - 89512cd3-5215-493c-9626-f8bc005210a2@group-82EFE091B73F: ConfigurationManager, init=-1: [89512cd3-5215-493c-9626-f8bc005210a2:192.168.151.106:37585], old=null, confs=<EMPTY_MAP>
2019-09-25 07:35:43,578 [pool-27-thread-1] INFO  server.RaftServerConfigKeys (ConfUtils.java:logGet(43)) - raft.server.storage.dir = [/workdir/hadoop-ozone/tools/target/test-dir/MiniOzoneClusterImpl-321f4562-75cd-4431-a0a7-dd0954309df4/datanode-0/data/ratis] (custom)
2019-09-25 07:35:43,578 [pool-27-thread-1] INFO  storage.RaftStorageDirectory (RaftStorageDirectory.java:analyzeStorage(246)) - The storage directory /workdir/hadoop-ozone/tools/target/test-dir/MiniOzoneClusterImpl-321f4562-75cd-4431-a0a7-dd0954309df4/datanode-0/data/ratis/1a2e934b-06fe-423e-b9fb-82efe091b73f does not exist. Creating ...
2019-09-25 07:35:43,602 [pool-27-thread-1] INFO  storage.RaftStorageDirectory (RaftStorageDirectory.java:tryLock(328)) - Lock on /workdir/hadoop-ozone/tools/target/test-dir/MiniOzoneClusterImpl-321f4562-75cd-4431-a0a7-dd0954309df4/datanode-0/data/ratis/1a2e934b-06fe-423e-b9fb-82efe091b73f/in_use.lock acquired by nodename 28630@pr-hdds-1569-x2sr2-3486766547
 0.00% |█                                                                                                    |  0/1 Time: 0:00:012019-09-25 07:35:43,624 [Thread-208] INFO  container.ReplicationManager (ReplicationManager.java:start(163)) - Starting Replication Monitor Thread.
2019-09-25 07:35:43,627 [ReplicationMonitor] INFO  container.ReplicationManager (ReplicationManager.java:run(226)) - Replication Monitor Thread took 1 milliseconds for processing 0 containers.
2019-09-25 07:35:43,627 [pool-27-thread-1] INFO  storage.RaftStorage (RaftStorage.java:format(72)) - Storage directory /workdir/hadoop-ozone/tools/target/test-dir/MiniOzoneClusterImpl-321f4562-75cd-4431-a0a7-dd0954309df4/datanode-0/data/ratis/1a2e934b-06fe-423e-b9fb-82efe091b73f has been successfully formatted.
2019-09-25 07:35:43,628 [pool-27-thread-1] INFO  ratis.ContainerStateMachine (ContainerStateMachine.java:loadSnapshot(230)) - group-82EFE091B73F: The snapshot info is null. Setting the last applied indexto:(t:0, i:~)
2019-09-25 07:35:43,628 [pool-27-thread-1] INFO  server.RaftServerConfigKeys (ConfUtils.java:logGet(43)) - raft.server.notification.no-leader.timeout = 120s (custom)
2019-09-25 07:35:43,628 [pool-27-thread-1] INFO  server.RaftServerConfigKeys (ConfUtils.java:logGet(43)) - raft.server.log.use.memory = false (default)
2019-09-25 07:35:43,628 [pool-27-thread-1] INFO  server.RaftServerConfigKeys (ConfUtils.java:logGet(43)) - raft.server.log.purge.gap = 1000000 (custom)
2019-09-25 07:35:43,628 [pool-27-thread-1] INFO  server.RaftServerConfigKeys (ConfUtils.java:logGet(43)) - raft.server.log.appender.buffer.byte-limit = 33554432 (custom)
2019-09-25 07:35:43,629 [pool-27-thread-1] INFO  server.RaftServerConfigKeys (ConfUtils.java:logGet(43)) - raft.server.log.segment.size.max = 1048576 (custom)
2019-09-25 07:35:43,629 [pool-27-thread-1] INFO  server.RaftServerConfigKeys (ConfUtils.java:logGet(43)) - raft.server.log.segment.cache.num.max = 2 (custom)
2019-09-25 07:35:43,629 [pool-27-thread-1] INFO  segmented.SegmentedRaftLogWorker (SegmentedRaftLogWorker.java:<init>(172)) - new 89512cd3-5215-493c-9626-f8bc005210a2@group-82EFE091B73F-SegmentedRaftLogWorker for RaftStorage:Storage Directory /workdir/hadoop-ozone/tools/target/test-dir/MiniOzoneClusterImpl-321f4562-75cd-4431-a0a7-dd0954309df4/datanode-0/data/ratis/1a2e934b-06fe-423e-b9fb-82efe091b73f
2019-09-25 07:35:43,629 [pool-27-thread-1] INFO  server.RaftServerConfigKeys (ConfUtils.java:logGet(43)) - raft.server.log.queue.byte-limit = 2147483647 (custom)
2019-09-25 07:35:43,629 [pool-27-thread-1] INFO  server.RaftServerConfigKeys (ConfUtils.java:logGet(43)) - raft.server.log.queue.element-limit = 1024 (custom)
2019-09-25 07:35:43,629 [pool-27-thread-1] INFO  server.RaftServerConfigKeys (ConfUtils.java:logGet(43)) - raft.server.log.segment.size.max = 1048576 (custom)
2019-09-25 07:35:43,630 [pool-27-thread-1] INFO  server.RaftServerConfigKeys (ConfUtils.java:logGet(43)) - raft.server.log.preallocated.size = 16384 (custom)
2019-09-25 07:35:43,630 [pool-27-thread-1] INFO  server.RaftServerConfigKeys (ConfUtils.java:logGet(43)) - raft.server.log.write.buffer.size = 33554432 (custom)
2019-09-25 07:35:43,630 [pool-27-thread-1] INFO  server.RaftServerConfigKeys (ConfUtils.java:logGet(43)) - raft.server.log.force.sync.num = 128 (default)
2019-09-25 07:35:43,630 [pool-27-thread-1] INFO  server.RaftServerConfigKeys (ConfUtils.java:logGet(43)) - raft.server.log.statemachine.data.sync = true (default)
2019-09-25 07:35:43,630 [pool-27-thread-1] INFO  server.RaftServerConfigKeys (ConfUtils.java:logGet(43)) - raft.server.log.statemachine.data.sync.timeout = 10s (default)
2019-09-25 07:35:43,630 [pool-27-thread-1] INFO  server.RaftServerConfigKeys (ConfUtils.java:logGet(43)) - raft.server.log.statemachine.data.sync.timeout.retry = -1 (default)
2019-09-25 07:35:43,631 [pool-27-thread-1] INFO  server.RaftServerConfigKeys (ConfUtils.java:logGet(43)) - raft.server.log.statemachine.data.caching.enabled = true (custom)
2019-09-25 07:35:43,631 [pool-27-thread-1] INFO  segmented.SegmentedRaftLogWorker (SegmentedRaftLogWorker.java:lambda$new$0(132)) - 89512cd3-5215-493c-9626-f8bc005210a2@group-82EFE091B73F-SegmentedRaftLogWorker: flushIndex: setUnconditionally 0 -> -1
2019-09-25 07:35:43,631 [pool-27-thread-1] INFO  server.RaftServerConfigKeys (ConfUtils.java:logGet(43)) - raft.server.snapshot.auto.trigger.enabled = true (custom)
2019-09-25 07:35:43,632 [pool-27-thread-1] INFO  server.RaftServerConfigKeys (ConfUtils.java:logGet(43)) - raft.server.snapshot.auto.trigger.threshold = 10000 (custom)
2019-09-25 07:35:43,632 [pool-27-thread-1] INFO  server.RaftServerConfigKeys (ConfUtils.java:logGet(43)) - raft.server.snapshot.retention.num.files = 5 (custom)
2019-09-25 07:35:43,632 [pool-27-thread-1] INFO  server.RaftServerConfigKeys (ConfUtils.java:logGet(43)) - raft.server.retrycache.expirytime = 600000ms (custom)
2019-09-25 07:35:43,635 [pool-27-thread-1] INFO  impl.RaftServerImpl (RaftServerImpl.java:start(185)) - 89512cd3-5215-493c-9626-f8bc005210a2@group-82EFE091B73F: start as a follower, conf=-1: [89512cd3-5215-493c-9626-f8bc005210a2:192.168.151.106:37585], old=null
2019-09-25 07:35:43,636 [pool-27-thread-1] INFO  impl.RaftServerImpl (RaftServerImpl.java:setRole(174)) - 89512cd3-5215-493c-9626-f8bc005210a2@group-82EFE091B73F: changes role from      null to FOLLOWER at term 0 for startAsFollower
2019-09-25 07:35:43,636 [pool-27-thread-1] INFO  impl.RoleInfo (RoleInfo.java:updateAndGet(143)) - 89512cd3-5215-493c-9626-f8bc005210a2: start FollowerState
2019-09-25 07:35:43,636 [pool-27-thread-1] INFO  util.JmxRegister (JmxRegister.java:tryRegister(44)) - Successfully registered JMX Bean with object name Ratis:service=RaftServer,group=group-82EFE091B73F,id=89512cd3-5215-493c-9626-f8bc005210a2
2019-09-25 07:35:43,642 [RatisPipelineUtilsThread] INFO  pipeline.PipelineStateManager (PipelineStateManager.java:addPipeline(56)) - Created pipeline Pipeline[ Id: 1a2e934b-06fe-423e-b9fb-82efe091b73f, Nodes: 89512cd3-5215-493c-9626-f8bc005210a2{ip: 192.168.151.106, host: pr-hdds-1569-x2sr2-3486766547, networkLocation: /default-rack, certSerialId: null}, Type:RATIS, Factor:ONE, State:OPEN]
2019-09-25 07:35:43,643 [RatisPipelineUtilsThread] INFO  pipeline.PipelinePlacementPolicy (PipelinePlacementPolicy.java:meetCriteria(91)) - Pipeline Placement: can't place more pipeline on heavy datanode： 0a03bc5e-b15f-4537-941b-10259ace1437 Heaviness: 6 limit: 5
2019-09-25 07:35:43,670 [grpc-default-executor-0] INFO  impl.RaftServerProxy (RaftServerProxy.java:addNew(89)) - 20eeef1f-c0de-4bb7-8f99-fe21c95fed30: addNew group-21EB060A7BD2:[20eeef1f-c0de-4bb7-8f99-fe21c95fed30:192.168.151.106:34100] returns group-21EB060A7BD2:java.util.concurrent.CompletableFuture@21f89517[Not completed]
2019-09-25 07:35:43,672 [pool-47-thread-1] INFO  impl.RaftServerImpl (RaftServerImpl.java:<init>(95)) - 20eeef1f-c0de-4bb7-8f99-fe21c95fed30: new RaftServerImpl for group-21EB060A7BD2:[20eeef1f-c0de-4bb7-8f99-fe21c95fed30:192.168.151.106:34100] with ContainerStateMachine:uninitialized
2019-09-25 07:35:43,673 [pool-47-thread-1] INFO  server.RaftServerConfigKeys (ConfUtils.java:logGet(43)) - raft.server.rpc.timeout.min = 5s (custom)
2019-09-25 07:35:43,673 [pool-47-thread-1] INFO  server.RaftServerConfigKeys (ConfUtils.java:logGet(43)) - raft.server.rpc.timeout.max = 5200ms (custom)
2019-09-25 07:35:43,673 [pool-47-thread-1] INFO  server.RaftServerConfigKeys (ConfUtils.java:logGet(43)) - raft.server.rpcslowness.timeout = 120s (custom)
2019-09-25 07:35:43,673 [pool-47-thread-1] INFO  server.RaftServerConfigKeys (ConfUtils.java:logGet(43)) - raft.server.sleep.deviation.threshold = 300 (default)
2019-09-25 07:35:43,673 [pool-47-thread-1] INFO  server.RaftServerConfigKeys (ConfUtils.java:logGet(43)) - raft.server.log.appender.install.snapshot.enabled = false (custom)
2019-09-25 07:35:43,673 [pool-47-thread-1] INFO  impl.RaftServerImpl (ServerState.java:<init>(103)) - 20eeef1f-c0de-4bb7-8f99-fe21c95fed30@group-21EB060A7BD2: ConfigurationManager, init=-1: [20eeef1f-c0de-4bb7-8f99-fe21c95fed30:192.168.151.106:34100], old=null, confs=<EMPTY_MAP>
2019-09-25 07:35:43,674 [pool-47-thread-1] INFO  server.RaftServerConfigKeys (ConfUtils.java:logGet(43)) - raft.server.storage.dir = [/workdir/hadoop-ozone/tools/target/test-dir/MiniOzoneClusterImpl-321f4562-75cd-4431-a0a7-dd0954309df4/datanode-2/data/ratis] (custom)
2019-09-25 07:35:43,674 [pool-47-thread-1] INFO  storage.RaftStorageDirectory (RaftStorageDirectory.java:analyzeStorage(246)) - The storage directory /workdir/hadoop-ozone/tools/target/test-dir/MiniOzoneClusterImpl-321f4562-75cd-4431-a0a7-dd0954309df4/datanode-2/data/ratis/1dfb6a26-8a3c-4db2-9f3d-21eb060a7bd2 does not exist. Creating ...
2019-09-25 07:35:43,697 [pool-47-thread-1] INFO  storage.RaftStorageDirectory (RaftStorageDirectory.java:tryLock(328)) - Lock on /workdir/hadoop-ozone/tools/target/test-dir/MiniOzoneClusterImpl-321f4562-75cd-4431-a0a7-dd0954309df4/datanode-2/data/ratis/1dfb6a26-8a3c-4db2-9f3d-21eb060a7bd2/in_use.lock acquired by nodename 28630@pr-hdds-1569-x2sr2-3486766547
2019-09-25 07:35:43,722 [pool-47-thread-1] INFO  storage.RaftStorage (RaftStorage.java:format(72)) - Storage directory /workdir/hadoop-ozone/tools/target/test-dir/MiniOzoneClusterImpl-321f4562-75cd-4431-a0a7-dd0954309df4/datanode-2/data/ratis/1dfb6a26-8a3c-4db2-9f3d-21eb060a7bd2 has been successfully formatted.
2019-09-25 07:35:43,722 [pool-47-thread-1] INFO  ratis.ContainerStateMachine (ContainerStateMachine.java:loadSnapshot(230)) - group-21EB060A7BD2: The snapshot info is null. Setting the last applied indexto:(t:0, i:~)
2019-09-25 07:35:43,723 [pool-47-thread-1] INFO  server.RaftServerConfigKeys (ConfUtils.java:logGet(43)) - raft.server.notification.no-leader.timeout = 120s (custom)
2019-09-25 07:35:43,723 [pool-47-thread-1] INFO  server.RaftServerConfigKeys (ConfUtils.java:logGet(43)) - raft.server.log.use.memory = false (default)
2019-09-25 07:35:43,723 [pool-47-thread-1] INFO  server.RaftServerConfigKeys (ConfUtils.java:logGet(43)) - raft.server.log.purge.gap = 1000000 (custom)
2019-09-25 07:35:43,723 [pool-47-thread-1] INFO  server.RaftServerConfigKeys (ConfUtils.java:logGet(43)) - raft.server.log.appender.buffer.byte-limit = 33554432 (custom)
2019-09-25 07:35:43,723 [pool-47-thread-1] INFO  server.RaftServerConfigKeys (ConfUtils.java:logGet(43)) - raft.server.log.segment.size.max = 1048576 (custom)
2019-09-25 07:35:43,723 [pool-47-thread-1] INFO  server.RaftServerConfigKeys (ConfUtils.java:logGet(43)) - raft.server.log.segment.cache.num.max = 2 (custom)
2019-09-25 07:35:43,724 [pool-47-thread-1] INFO  segmented.SegmentedRaftLogWorker (SegmentedRaftLogWorker.java:<init>(172)) - new 20eeef1f-c0de-4bb7-8f99-fe21c95fed30@group-21EB060A7BD2-SegmentedRaftLogWorker for RaftStorage:Storage Directory /workdir/hadoop-ozone/tools/target/test-dir/MiniOzoneClusterImpl-321f4562-75cd-4431-a0a7-dd0954309df4/datanode-2/data/ratis/1dfb6a26-8a3c-4db2-9f3d-21eb060a7bd2
2019-09-25 07:35:43,724 [pool-47-thread-1] INFO  server.RaftServerConfigKeys (ConfUtils.java:logGet(43)) - raft.server.log.queue.byte-limit = 2147483647 (custom)
2019-09-25 07:35:43,724 [pool-47-thread-1] INFO  server.RaftServerConfigKeys (ConfUtils.java:logGet(43)) - raft.server.log.queue.element-limit = 1024 (custom)
2019-09-25 07:35:43,724 [pool-47-thread-1] INFO  server.RaftServerConfigKeys (ConfUtils.java:logGet(43)) - raft.server.log.segment.size.max = 1048576 (custom)
2019-09-25 07:35:43,724 [pool-47-thread-1] INFO  server.RaftServerConfigKeys (ConfUtils.java:logGet(43)) - raft.server.log.preallocated.size = 16384 (custom)
2019-09-25 07:35:43,725 [pool-47-thread-1] INFO  server.RaftServerConfigKeys (ConfUtils.java:logGet(43)) - raft.server.log.write.buffer.size = 33554432 (custom)
2019-09-25 07:35:43,725 [pool-47-thread-1] INFO  server.RaftServerConfigKeys (ConfUtils.java:logGet(43)) - raft.server.log.force.sync.num = 128 (default)
2019-09-25 07:35:43,725 [pool-47-thread-1] INFO  server.RaftServerConfigKeys (ConfUtils.java:logGet(43)) - raft.server.log.statemachine.data.sync = true (default)
2019-09-25 07:35:43,725 [pool-47-thread-1] INFO  server.RaftServerConfigKeys (ConfUtils.java:logGet(43)) - raft.server.log.statemachine.data.sync.timeout = 10s (default)
2019-09-25 07:35:43,725 [pool-47-thread-1] INFO  server.RaftServerConfigKeys (ConfUtils.java:logGet(43)) - raft.server.log.statemachine.data.sync.timeout.retry = -1 (default)
2019-09-25 07:35:43,726 [pool-47-thread-1] INFO  server.RaftServerConfigKeys (ConfUtils.java:logGet(43)) - raft.server.log.statemachine.data.caching.enabled = true (custom)
2019-09-25 07:35:43,726 [pool-47-thread-1] INFO  segmented.SegmentedRaftLogWorker (SegmentedRaftLogWorker.java:lambda$new$0(132)) - 20eeef1f-c0de-4bb7-8f99-fe21c95fed30@group-21EB060A7BD2-SegmentedRaftLogWorker: flushIndex: setUnconditionally 0 -> -1
2019-09-25 07:35:43,726 [pool-47-thread-1] INFO  server.RaftServerConfigKeys (ConfUtils.java:logGet(43)) - raft.server.snapshot.auto.trigger.enabled = true (custom)
2019-09-25 07:35:43,727 [pool-47-thread-1] INFO  server.RaftServerConfigKeys (ConfUtils.java:logGet(43)) - raft.server.snapshot.auto.trigger.threshold = 10000 (custom)
2019-09-25 07:35:43,727 [pool-47-thread-1] INFO  server.RaftServerConfigKeys (ConfUtils.java:logGet(43)) - raft.server.snapshot.retention.num.files = 5 (custom)
2019-09-25 07:35:43,727 [pool-47-thread-1] INFO  server.RaftServerConfigKeys (ConfUtils.java:logGet(43)) - raft.server.retrycache.expirytime = 600000ms (custom)
2019-09-25 07:35:43,730 [pool-47-thread-1] INFO  impl.RaftServerImpl (RaftServerImpl.java:start(185)) - 20eeef1f-c0de-4bb7-8f99-fe21c95fed30@group-21EB060A7BD2: start as a follower, conf=-1: [20eeef1f-c0de-4bb7-8f99-fe21c95fed30:192.168.151.106:34100], old=null
2019-09-25 07:35:43,730 [pool-47-thread-1] INFO  impl.RaftServerImpl (RaftServerImpl.java:setRole(174)) - 20eeef1f-c0de-4bb7-8f99-fe21c95fed30@group-21EB060A7BD2: changes role from      null to FOLLOWER at term 0 for startAsFollower
2019-09-25 07:35:43,731 [pool-47-thread-1] INFO  impl.RoleInfo (RoleInfo.java:updateAndGet(143)) - 20eeef1f-c0de-4bb7-8f99-fe21c95fed30: start FollowerState
2019-09-25 07:35:43,737 [pool-47-thread-1] INFO  util.JmxRegister (JmxRegister.java:tryRegister(44)) - Successfully registered JMX Bean with object name Ratis:service=RaftServer,group=group-21EB060A7BD2,id=20eeef1f-c0de-4bb7-8f99-fe21c95fed30
2019-09-25 07:35:43,753 [RatisPipelineUtilsThread] INFO  pipeline.PipelineStateManager (PipelineStateManager.java:addPipeline(56)) - Created pipeline Pipeline[ Id: 1dfb6a26-8a3c-4db2-9f3d-21eb060a7bd2, Nodes: 20eeef1f-c0de-4bb7-8f99-fe21c95fed30{ip: 192.168.151.106, host: pr-hdds-1569-x2sr2-3486766547, networkLocation: /default-rack, certSerialId: null}, Type:RATIS, Factor:ONE, State:OPEN]
2019-09-25 07:35:43,754 [RatisPipelineUtilsThread] INFO  pipeline.PipelinePlacementPolicy (PipelinePlacementPolicy.java:meetCriteria(91)) - Pipeline Placement: can't place more pipeline on heavy datanode： 0a03bc5e-b15f-4537-941b-10259ace1437 Heaviness: 6 limit: 5
2019-09-25 07:35:43,766 [grpc-default-executor-0] INFO  impl.RaftServerProxy (RaftServerProxy.java:addNew(89)) - 4f9c9097-af28-4e92-8dab-50853da08db1: addNew group-F330BA0C35A3:[4f9c9097-af28-4e92-8dab-50853da08db1:192.168.151.106:42095] returns group-F330BA0C35A3:java.util.concurrent.CompletableFuture@58b13ffc[Not completed]
2019-09-25 07:35:43,767 [pool-57-thread-1] INFO  impl.RaftServerImpl (RaftServerImpl.java:<init>(95)) - 4f9c9097-af28-4e92-8dab-50853da08db1: new RaftServerImpl for group-F330BA0C35A3:[4f9c9097-af28-4e92-8dab-50853da08db1:192.168.151.106:42095] with ContainerStateMachine:uninitialized
2019-09-25 07:35:43,768 [pool-57-thread-1] INFO  server.RaftServerConfigKeys (ConfUtils.java:logGet(43)) - raft.server.rpc.timeout.min = 5s (custom)
2019-09-25 07:35:43,768 [pool-57-thread-1] INFO  server.RaftServerConfigKeys (ConfUtils.java:logGet(43)) - raft.server.rpc.timeout.max = 5200ms (custom)
2019-09-25 07:35:43,768 [pool-57-thread-1] INFO  server.RaftServerConfigKeys (ConfUtils.java:logGet(43)) - raft.server.rpcslowness.timeout = 120s (custom)
2019-09-25 07:35:43,768 [pool-57-thread-1] INFO  server.RaftServerConfigKeys (ConfUtils.java:logGet(43)) - raft.server.sleep.deviation.threshold = 300 (default)
2019-09-25 07:35:43,768 [pool-57-thread-1] INFO  server.RaftServerConfigKeys (ConfUtils.java:logGet(43)) - raft.server.log.appender.install.snapshot.enabled = false (custom)
2019-09-25 07:35:43,768 [pool-57-thread-1] INFO  impl.RaftServerImpl (ServerState.java:<init>(103)) - 4f9c9097-af28-4e92-8dab-50853da08db1@group-F330BA0C35A3: ConfigurationManager, init=-1: [4f9c9097-af28-4e92-8dab-50853da08db1:192.168.151.106:42095], old=null, confs=<EMPTY_MAP>
2019-09-25 07:35:43,769 [pool-57-thread-1] INFO  server.RaftServerConfigKeys (ConfUtils.java:logGet(43)) - raft.server.storage.dir = [/workdir/hadoop-ozone/tools/target/test-dir/MiniOzoneClusterImpl-321f4562-75cd-4431-a0a7-dd0954309df4/datanode-3/data/ratis] (custom)
2019-09-25 07:35:43,769 [pool-57-thread-1] INFO  storage.RaftStorageDirectory (RaftStorageDirectory.java:analyzeStorage(246)) - The storage directory /workdir/hadoop-ozone/tools/target/test-dir/MiniOzoneClusterImpl-321f4562-75cd-4431-a0a7-dd0954309df4/datanode-3/data/ratis/c2ffcc5d-0f10-4a2b-8d92-f330ba0c35a3 does not exist. Creating ...
2019-09-25 07:35:43,782 [pool-57-thread-1] INFO  storage.RaftStorageDirectory (RaftStorageDirectory.java:tryLock(328)) - Lock on /workdir/hadoop-ozone/tools/target/test-dir/MiniOzoneClusterImpl-321f4562-75cd-4431-a0a7-dd0954309df4/datanode-3/data/ratis/c2ffcc5d-0f10-4a2b-8d92-f330ba0c35a3/in_use.lock acquired by nodename 28630@pr-hdds-1569-x2sr2-3486766547
2019-09-25 07:35:43,800 [pool-57-thread-1] INFO  storage.RaftStorage (RaftStorage.java:format(72)) - Storage directory /workdir/hadoop-ozone/tools/target/test-dir/MiniOzoneClusterImpl-321f4562-75cd-4431-a0a7-dd0954309df4/datanode-3/data/ratis/c2ffcc5d-0f10-4a2b-8d92-f330ba0c35a3 has been successfully formatted.
2019-09-25 07:35:43,800 [pool-57-thread-1] INFO  ratis.ContainerStateMachine (ContainerStateMachine.java:loadSnapshot(230)) - group-F330BA0C35A3: The snapshot info is null. Setting the last applied indexto:(t:0, i:~)
2019-09-25 07:35:43,800 [pool-57-thread-1] INFO  server.RaftServerConfigKeys (ConfUtils.java:logGet(43)) - raft.server.notification.no-leader.timeout = 120s (custom)
2019-09-25 07:35:43,800 [pool-57-thread-1] INFO  server.RaftServerConfigKeys (ConfUtils.java:logGet(43)) - raft.server.log.use.memory = false (default)
2019-09-25 07:35:43,801 [pool-57-thread-1] INFO  server.RaftServerConfigKeys (ConfUtils.java:logGet(43)) - raft.server.log.purge.gap = 1000000 (custom)
2019-09-25 07:35:43,801 [pool-57-thread-1] INFO  server.RaftServerConfigKeys (ConfUtils.java:logGet(43)) - raft.server.log.appender.buffer.byte-limit = 33554432 (custom)
2019-09-25 07:35:43,801 [pool-57-thread-1] INFO  server.RaftServerConfigKeys (ConfUtils.java:logGet(43)) - raft.server.log.segment.size.max = 1048576 (custom)
2019-09-25 07:35:43,801 [pool-57-thread-1] INFO  server.RaftServerConfigKeys (ConfUtils.java:logGet(43)) - raft.server.log.segment.cache.num.max = 2 (custom)
2019-09-25 07:35:43,801 [pool-57-thread-1] INFO  segmented.SegmentedRaftLogWorker (SegmentedRaftLogWorker.java:<init>(172)) - new 4f9c9097-af28-4e92-8dab-50853da08db1@group-F330BA0C35A3-SegmentedRaftLogWorker for RaftStorage:Storage Directory /workdir/hadoop-ozone/tools/target/test-dir/MiniOzoneClusterImpl-321f4562-75cd-4431-a0a7-dd0954309df4/datanode-3/data/ratis/c2ffcc5d-0f10-4a2b-8d92-f330ba0c35a3
2019-09-25 07:35:43,802 [pool-57-thread-1] INFO  server.RaftServerConfigKeys (ConfUtils.java:logGet(43)) - raft.server.log.queue.byte-limit = 2147483647 (custom)
2019-09-25 07:35:43,802 [pool-57-thread-1] INFO  server.RaftServerConfigKeys (ConfUtils.java:logGet(43)) - raft.server.log.queue.element-limit = 1024 (custom)
2019-09-25 07:35:43,802 [pool-57-thread-1] INFO  server.RaftServerConfigKeys (ConfUtils.java:logGet(43)) - raft.server.log.segment.size.max = 1048576 (custom)
2019-09-25 07:35:43,802 [pool-57-thread-1] INFO  server.RaftServerConfigKeys (ConfUtils.java:logGet(43)) - raft.server.log.preallocated.size = 16384 (custom)
2019-09-25 07:35:43,802 [pool-57-thread-1] INFO  server.RaftServerConfigKeys (ConfUtils.java:logGet(43)) - raft.server.log.write.buffer.size = 33554432 (custom)
2019-09-25 07:35:43,802 [pool-57-thread-1] INFO  server.RaftServerConfigKeys (ConfUtils.java:logGet(43)) - raft.server.log.force.sync.num = 128 (default)
2019-09-25 07:35:43,802 [pool-57-thread-1] INFO  server.RaftServerConfigKeys (ConfUtils.java:logGet(43)) - raft.server.log.statemachine.data.sync = true (default)
2019-09-25 07:35:43,803 [pool-57-thread-1] INFO  server.RaftServerConfigKeys (ConfUtils.java:logGet(43)) - raft.server.log.statemachine.data.sync.timeout = 10s (default)
2019-09-25 07:35:43,803 [pool-57-thread-1] INFO  server.RaftServerConfigKeys (ConfUtils.java:logGet(43)) - raft.server.log.statemachine.data.sync.timeout.retry = -1 (default)
2019-09-25 07:35:43,803 [pool-57-thread-1] INFO  server.RaftServerConfigKeys (ConfUtils.java:logGet(43)) - raft.server.log.statemachine.data.caching.enabled = true (custom)
2019-09-25 07:35:43,803 [pool-57-thread-1] INFO  segmented.SegmentedRaftLogWorker (SegmentedRaftLogWorker.java:lambda$new$0(132)) - 4f9c9097-af28-4e92-8dab-50853da08db1@group-F330BA0C35A3-SegmentedRaftLogWorker: flushIndex: setUnconditionally 0 -> -1
2019-09-25 07:35:43,804 [pool-57-thread-1] INFO  server.RaftServerConfigKeys (ConfUtils.java:logGet(43)) - raft.server.snapshot.auto.trigger.enabled = true (custom)
2019-09-25 07:35:43,804 [pool-57-thread-1] INFO  server.RaftServerConfigKeys (ConfUtils.java:logGet(43)) - raft.server.snapshot.auto.trigger.threshold = 10000 (custom)
2019-09-25 07:35:43,804 [pool-57-thread-1] INFO  server.RaftServerConfigKeys (ConfUtils.java:logGet(43)) - raft.server.snapshot.retention.num.files = 5 (custom)
2019-09-25 07:35:43,804 [pool-57-thread-1] INFO  server.RaftServerConfigKeys (ConfUtils.java:logGet(43)) - raft.server.retrycache.expirytime = 600000ms (custom)
2019-09-25 07:35:43,807 [pool-57-thread-1] INFO  impl.RaftServerImpl (RaftServerImpl.java:start(185)) - 4f9c9097-af28-4e92-8dab-50853da08db1@group-F330BA0C35A3: start as a follower, conf=-1: [4f9c9097-af28-4e92-8dab-50853da08db1:192.168.151.106:42095], old=null
2019-09-25 07:35:43,807 [pool-57-thread-1] INFO  impl.RaftServerImpl (RaftServerImpl.java:setRole(174)) - 4f9c9097-af28-4e92-8dab-50853da08db1@group-F330BA0C35A3: changes role from      null to FOLLOWER at term 0 for startAsFollower
2019-09-25 07:35:43,808 [pool-57-thread-1] INFO  impl.RoleInfo (RoleInfo.java:updateAndGet(143)) - 4f9c9097-af28-4e92-8dab-50853da08db1: start FollowerState
2019-09-25 07:35:43,808 [pool-57-thread-1] INFO  util.JmxRegister (JmxRegister.java:tryRegister(44)) - Successfully registered JMX Bean with object name Ratis:service=RaftServer,group=group-F330BA0C35A3,id=4f9c9097-af28-4e92-8dab-50853da08db1
2019-09-25 07:35:43,814 [RatisPipelineUtilsThread] INFO  pipeline.PipelineStateManager (PipelineStateManager.java:addPipeline(56)) - Created pipeline Pipeline[ Id: c2ffcc5d-0f10-4a2b-8d92-f330ba0c35a3, Nodes: 4f9c9097-af28-4e92-8dab-50853da08db1{ip: 192.168.151.106, host: pr-hdds-1569-x2sr2-3486766547, networkLocation: /default-rack, certSerialId: null}, Type:RATIS, Factor:ONE, State:OPEN]
2019-09-25 07:35:43,814 [RatisPipelineUtilsThread] INFO  pipeline.PipelinePlacementPolicy (PipelinePlacementPolicy.java:meetCriteria(91)) - Pipeline Placement: can't place more pipeline on heavy datanode： 0a03bc5e-b15f-4537-941b-10259ace1437 Heaviness: 6 limit: 5
2019-09-25 07:35:43,826 [grpc-default-executor-0] INFO  impl.RaftServerProxy (RaftServerProxy.java:addNew(89)) - 89512cd3-5215-493c-9626-f8bc005210a2: addNew group-181CF71264C1:[89512cd3-5215-493c-9626-f8bc005210a2:192.168.151.106:37585] returns group-181CF71264C1:java.util.concurrent.CompletableFuture@6349760e[Not completed]
2019-09-25 07:35:43,827 [pool-27-thread-1] INFO  impl.RaftServerImpl (RaftServerImpl.java:<init>(95)) - 89512cd3-5215-493c-9626-f8bc005210a2: new RaftServerImpl for group-181CF71264C1:[89512cd3-5215-493c-9626-f8bc005210a2:192.168.151.106:37585] with ContainerStateMachine:uninitialized
2019-09-25 07:35:43,828 [pool-27-thread-1] INFO  server.RaftServerConfigKeys (ConfUtils.java:logGet(43)) - raft.server.rpc.timeout.min = 5s (custom)
2019-09-25 07:35:43,828 [pool-27-thread-1] INFO  server.RaftServerConfigKeys (ConfUtils.java:logGet(43)) - raft.server.rpc.timeout.max = 5200ms (custom)
2019-09-25 07:35:43,828 [pool-27-thread-1] INFO  server.RaftServerConfigKeys (ConfUtils.java:logGet(43)) - raft.server.rpcslowness.timeout = 120s (custom)
2019-09-25 07:35:43,828 [pool-27-thread-1] INFO  server.RaftServerConfigKeys (ConfUtils.java:logGet(43)) - raft.server.sleep.deviation.threshold = 300 (default)
2019-09-25 07:35:43,828 [pool-27-thread-1] INFO  server.RaftServerConfigKeys (ConfUtils.java:logGet(43)) - raft.server.log.appender.install.snapshot.enabled = false (custom)
2019-09-25 07:35:43,828 [pool-27-thread-1] INFO  impl.RaftServerImpl (ServerState.java:<init>(103)) - 89512cd3-5215-493c-9626-f8bc005210a2@group-181CF71264C1: ConfigurationManager, init=-1: [89512cd3-5215-493c-9626-f8bc005210a2:192.168.151.106:37585], old=null, confs=<EMPTY_MAP>
2019-09-25 07:35:43,829 [pool-27-thread-1] INFO  server.RaftServerConfigKeys (ConfUtils.java:logGet(43)) - raft.server.storage.dir = [/workdir/hadoop-ozone/tools/target/test-dir/MiniOzoneClusterImpl-321f4562-75cd-4431-a0a7-dd0954309df4/datanode-0/data/ratis] (custom)
2019-09-25 07:35:43,829 [pool-27-thread-1] INFO  storage.RaftStorageDirectory (RaftStorageDirectory.java:analyzeStorage(246)) - The storage directory /workdir/hadoop-ozone/tools/target/test-dir/MiniOzoneClusterImpl-321f4562-75cd-4431-a0a7-dd0954309df4/datanode-0/data/ratis/bd7f7444-0562-4b0e-9bf6-181cf71264c1 does not exist. Creating ...
2019-09-25 07:35:43,853 [pool-27-thread-1] INFO  storage.RaftStorageDirectory (RaftStorageDirectory.java:tryLock(328)) - Lock on /workdir/hadoop-ozone/tools/target/test-dir/MiniOzoneClusterImpl-321f4562-75cd-4431-a0a7-dd0954309df4/datanode-0/data/ratis/bd7f7444-0562-4b0e-9bf6-181cf71264c1/in_use.lock acquired by nodename 28630@pr-hdds-1569-x2sr2-3486766547
2019-09-25 07:35:43,870 [pool-27-thread-1] INFO  storage.RaftStorage (RaftStorage.java:format(72)) - Storage directory /workdir/hadoop-ozone/tools/target/test-dir/MiniOzoneClusterImpl-321f4562-75cd-4431-a0a7-dd0954309df4/datanode-0/data/ratis/bd7f7444-0562-4b0e-9bf6-181cf71264c1 has been successfully formatted.
2019-09-25 07:35:43,870 [pool-27-thread-1] INFO  ratis.ContainerStateMachine (ContainerStateMachine.java:loadSnapshot(230)) - group-181CF71264C1: The snapshot info is null. Setting the last applied indexto:(t:0, i:~)
2019-09-25 07:35:43,870 [pool-27-thread-1] INFO  server.RaftServerConfigKeys (ConfUtils.java:logGet(43)) - raft.server.notification.no-leader.timeout = 120s (custom)
2019-09-25 07:35:43,870 [pool-27-thread-1] INFO  server.RaftServerConfigKeys (ConfUtils.java:logGet(43)) - raft.server.log.use.memory = false (default)
2019-09-25 07:35:43,871 [pool-27-thread-1] INFO  server.RaftServerConfigKeys (ConfUtils.java:logGet(43)) - raft.server.log.purge.gap = 1000000 (custom)
2019-09-25 07:35:43,871 [pool-27-thread-1] INFO  server.RaftServerConfigKeys (ConfUtils.java:logGet(43)) - raft.server.log.appender.buffer.byte-limit = 33554432 (custom)
2019-09-25 07:35:43,871 [pool-27-thread-1] INFO  server.RaftServerConfigKeys (ConfUtils.java:logGet(43)) - raft.server.log.segment.size.max = 1048576 (custom)
2019-09-25 07:35:43,871 [pool-27-thread-1] INFO  server.RaftServerConfigKeys (ConfUtils.java:logGet(43)) - raft.server.log.segment.cache.num.max = 2 (custom)
2019-09-25 07:35:43,871 [pool-27-thread-1] INFO  segmented.SegmentedRaftLogWorker (SegmentedRaftLogWorker.java:<init>(172)) - new 89512cd3-5215-493c-9626-f8bc005210a2@group-181CF71264C1-SegmentedRaftLogWorker for RaftStorage:Storage Directory /workdir/hadoop-ozone/tools/target/test-dir/MiniOzoneClusterImpl-321f4562-75cd-4431-a0a7-dd0954309df4/datanode-0/data/ratis/bd7f7444-0562-4b0e-9bf6-181cf71264c1
2019-09-25 07:35:43,872 [pool-27-thread-1] INFO  server.RaftServerConfigKeys (ConfUtils.java:logGet(43)) - raft.server.log.queue.byte-limit = 2147483647 (custom)
2019-09-25 07:35:43,872 [pool-27-thread-1] INFO  server.RaftServerConfigKeys (ConfUtils.java:logGet(43)) - raft.server.log.queue.element-limit = 1024 (custom)
2019-09-25 07:35:43,872 [pool-27-thread-1] INFO  server.RaftServerConfigKeys (ConfUtils.java:logGet(43)) - raft.server.log.segment.size.max = 1048576 (custom)
2019-09-25 07:35:43,872 [pool-27-thread-1] INFO  server.RaftServerConfigKeys (ConfUtils.java:logGet(43)) - raft.server.log.preallocated.size = 16384 (custom)
2019-09-25 07:35:43,872 [pool-27-thread-1] INFO  server.RaftServerConfigKeys (ConfUtils.java:logGet(43)) - raft.server.log.write.buffer.size = 33554432 (custom)
2019-09-25 07:35:43,872 [pool-27-thread-1] INFO  server.RaftServerConfigKeys (ConfUtils.java:logGet(43)) - raft.server.log.force.sync.num = 128 (default)
2019-09-25 07:35:43,872 [pool-27-thread-1] INFO  server.RaftServerConfigKeys (ConfUtils.java:logGet(43)) - raft.server.log.statemachine.data.sync = true (default)
2019-09-25 07:35:43,873 [pool-27-thread-1] INFO  server.RaftServerConfigKeys (ConfUtils.java:logGet(43)) - raft.server.log.statemachine.data.sync.timeout = 10s (default)
2019-09-25 07:35:43,873 [pool-27-thread-1] INFO  server.RaftServerConfigKeys (ConfUtils.java:logGet(43)) - raft.server.log.statemachine.data.sync.timeout.retry = -1 (default)
2019-09-25 07:35:43,873 [pool-27-thread-1] INFO  server.RaftServerConfigKeys (ConfUtils.java:logGet(43)) - raft.server.log.statemachine.data.caching.enabled = true (custom)
2019-09-25 07:35:43,873 [pool-27-thread-1] INFO  segmented.SegmentedRaftLogWorker (SegmentedRaftLogWorker.java:lambda$new$0(132)) - 89512cd3-5215-493c-9626-f8bc005210a2@group-181CF71264C1-SegmentedRaftLogWorker: flushIndex: setUnconditionally 0 -> -1
2019-09-25 07:35:43,874 [pool-27-thread-1] INFO  server.RaftServerConfigKeys (ConfUtils.java:logGet(43)) - raft.server.snapshot.auto.trigger.enabled = true (custom)
2019-09-25 07:35:43,874 [pool-27-thread-1] INFO  server.RaftServerConfigKeys (ConfUtils.java:logGet(43)) - raft.server.snapshot.auto.trigger.threshold = 10000 (custom)
2019-09-25 07:35:43,874 [pool-27-thread-1] INFO  server.RaftServerConfigKeys (ConfUtils.java:logGet(43)) - raft.server.snapshot.retention.num.files = 5 (custom)
2019-09-25 07:35:43,875 [pool-27-thread-1] INFO  server.RaftServerConfigKeys (ConfUtils.java:logGet(43)) - raft.server.retrycache.expirytime = 600000ms (custom)
2019-09-25 07:35:43,878 [pool-27-thread-1] INFO  impl.RaftServerImpl (RaftServerImpl.java:start(185)) - 89512cd3-5215-493c-9626-f8bc005210a2@group-181CF71264C1: start as a follower, conf=-1: [89512cd3-5215-493c-9626-f8bc005210a2:192.168.151.106:37585], old=null
2019-09-25 07:35:43,878 [pool-27-thread-1] INFO  impl.RaftServerImpl (RaftServerImpl.java:setRole(174)) - 89512cd3-5215-493c-9626-f8bc005210a2@group-181CF71264C1: changes role from      null to FOLLOWER at term 0 for startAsFollower
2019-09-25 07:35:43,878 [pool-27-thread-1] INFO  impl.RoleInfo (RoleInfo.java:updateAndGet(143)) - 89512cd3-5215-493c-9626-f8bc005210a2: start FollowerState
2019-09-25 07:35:43,879 [pool-27-thread-1] INFO  util.JmxRegister (JmxRegister.java:tryRegister(44)) - Successfully registered JMX Bean with object name Ratis:service=RaftServer,group=group-181CF71264C1,id=89512cd3-5215-493c-9626-f8bc005210a2
2019-09-25 07:35:43,884 [RatisPipelineUtilsThread] INFO  pipeline.PipelineStateManager (PipelineStateManager.java:addPipeline(56)) - Created pipeline Pipeline[ Id: bd7f7444-0562-4b0e-9bf6-181cf71264c1, Nodes: 89512cd3-5215-493c-9626-f8bc005210a2{ip: 192.168.151.106, host: pr-hdds-1569-x2sr2-3486766547, networkLocation: /default-rack, certSerialId: null}, Type:RATIS, Factor:ONE, State:OPEN]
2019-09-25 07:35:43,885 [RatisPipelineUtilsThread] INFO  pipeline.PipelinePlacementPolicy (PipelinePlacementPolicy.java:meetCriteria(91)) - Pipeline Placement: can't place more pipeline on heavy datanode： 0a03bc5e-b15f-4537-941b-10259ace1437 Heaviness: 6 limit: 5
2019-09-25 07:35:43,896 [grpc-default-executor-0] INFO  impl.RaftServerProxy (RaftServerProxy.java:addNew(89)) - 4f9c9097-af28-4e92-8dab-50853da08db1: addNew group-192D07619A27:[4f9c9097-af28-4e92-8dab-50853da08db1:192.168.151.106:42095] returns group-192D07619A27:java.util.concurrent.CompletableFuture@46e728cd[Not completed]
2019-09-25 07:35:43,898 [pool-57-thread-1] INFO  impl.RaftServerImpl (RaftServerImpl.java:<init>(95)) - 4f9c9097-af28-4e92-8dab-50853da08db1: new RaftServerImpl for group-192D07619A27:[4f9c9097-af28-4e92-8dab-50853da08db1:192.168.151.106:42095] with ContainerStateMachine:uninitialized
2019-09-25 07:35:43,898 [pool-57-thread-1] INFO  server.RaftServerConfigKeys (ConfUtils.java:logGet(43)) - raft.server.rpc.timeout.min = 5s (custom)
2019-09-25 07:35:43,898 [pool-57-thread-1] INFO  server.RaftServerConfigKeys (ConfUtils.java:logGet(43)) - raft.server.rpc.timeout.max = 5200ms (custom)
2019-09-25 07:35:43,898 [pool-57-thread-1] INFO  server.RaftServerConfigKeys (ConfUtils.java:logGet(43)) - raft.server.rpcslowness.timeout = 120s (custom)
2019-09-25 07:35:43,898 [pool-57-thread-1] INFO  server.RaftServerConfigKeys (ConfUtils.java:logGet(43)) - raft.server.sleep.deviation.threshold = 300 (default)
2019-09-25 07:35:43,898 [pool-57-thread-1] INFO  server.RaftServerConfigKeys (ConfUtils.java:logGet(43)) - raft.server.log.appender.install.snapshot.enabled = false (custom)
2019-09-25 07:35:43,898 [pool-57-thread-1] INFO  impl.RaftServerImpl (ServerState.java:<init>(103)) - 4f9c9097-af28-4e92-8dab-50853da08db1@group-192D07619A27: ConfigurationManager, init=-1: [4f9c9097-af28-4e92-8dab-50853da08db1:192.168.151.106:42095], old=null, confs=<EMPTY_MAP>
2019-09-25 07:35:43,898 [pool-57-thread-1] INFO  server.RaftServerConfigKeys (ConfUtils.java:logGet(43)) - raft.server.storage.dir = [/workdir/hadoop-ozone/tools/target/test-dir/MiniOzoneClusterImpl-321f4562-75cd-4431-a0a7-dd0954309df4/datanode-3/data/ratis] (custom)
2019-09-25 07:35:43,899 [pool-57-thread-1] INFO  storage.RaftStorageDirectory (RaftStorageDirectory.java:analyzeStorage(246)) - The storage directory /workdir/hadoop-ozone/tools/target/test-dir/MiniOzoneClusterImpl-321f4562-75cd-4431-a0a7-dd0954309df4/datanode-3/data/ratis/be38ae5b-950d-4ebd-8fec-192d07619a27 does not exist. Creating ...
2019-09-25 07:35:43,912 [pool-57-thread-1] INFO  storage.RaftStorageDirectory (RaftStorageDirectory.java:tryLock(328)) - Lock on /workdir/hadoop-ozone/tools/target/test-dir/MiniOzoneClusterImpl-321f4562-75cd-4431-a0a7-dd0954309df4/datanode-3/data/ratis/be38ae5b-950d-4ebd-8fec-192d07619a27/in_use.lock acquired by nodename 28630@pr-hdds-1569-x2sr2-3486766547
2019-09-25 07:35:43,926 [pool-57-thread-1] INFO  storage.RaftStorage (RaftStorage.java:format(72)) - Storage directory /workdir/hadoop-ozone/tools/target/test-dir/MiniOzoneClusterImpl-321f4562-75cd-4431-a0a7-dd0954309df4/datanode-3/data/ratis/be38ae5b-950d-4ebd-8fec-192d07619a27 has been successfully formatted.
2019-09-25 07:35:43,927 [pool-57-thread-1] INFO  ratis.ContainerStateMachine (ContainerStateMachine.java:loadSnapshot(230)) - group-192D07619A27: The snapshot info is null. Setting the last applied indexto:(t:0, i:~)
2019-09-25 07:35:43,927 [pool-57-thread-1] INFO  server.RaftServerConfigKeys (ConfUtils.java:logGet(43)) - raft.server.notification.no-leader.timeout = 120s (custom)
2019-09-25 07:35:43,927 [pool-57-thread-1] INFO  server.RaftServerConfigKeys (ConfUtils.java:logGet(43)) - raft.server.log.use.memory = false (default)
2019-09-25 07:35:43,927 [pool-57-thread-1] INFO  server.RaftServerConfigKeys (ConfUtils.java:logGet(43)) - raft.server.log.purge.gap = 1000000 (custom)
2019-09-25 07:35:43,927 [pool-57-thread-1] INFO  server.RaftServerConfigKeys (ConfUtils.java:logGet(43)) - raft.server.log.appender.buffer.byte-limit = 33554432 (custom)
2019-09-25 07:35:43,928 [pool-57-thread-1] INFO  server.RaftServerConfigKeys (ConfUtils.java:logGet(43)) - raft.server.log.segment.size.max = 1048576 (custom)
2019-09-25 07:35:43,928 [pool-57-thread-1] INFO  server.RaftServerConfigKeys (ConfUtils.java:logGet(43)) - raft.server.log.segment.cache.num.max = 2 (custom)
2019-09-25 07:35:43,928 [pool-57-thread-1] INFO  segmented.SegmentedRaftLogWorker (SegmentedRaftLogWorker.java:<init>(172)) - new 4f9c9097-af28-4e92-8dab-50853da08db1@group-192D07619A27-SegmentedRaftLogWorker for RaftStorage:Storage Directory /workdir/hadoop-ozone/tools/target/test-dir/MiniOzoneClusterImpl-321f4562-75cd-4431-a0a7-dd0954309df4/datanode-3/data/ratis/be38ae5b-950d-4ebd-8fec-192d07619a27
2019-09-25 07:35:43,928 [pool-57-thread-1] INFO  server.RaftServerConfigKeys (ConfUtils.java:logGet(43)) - raft.server.log.queue.byte-limit = 2147483647 (custom)
2019-09-25 07:35:43,928 [pool-57-thread-1] INFO  server.RaftServerConfigKeys (ConfUtils.java:logGet(43)) - raft.server.log.queue.element-limit = 1024 (custom)
2019-09-25 07:35:43,928 [pool-57-thread-1] INFO  server.RaftServerConfigKeys (ConfUtils.java:logGet(43)) - raft.server.log.segment.size.max = 1048576 (custom)
2019-09-25 07:35:43,928 [pool-57-thread-1] INFO  server.RaftServerConfigKeys (ConfUtils.java:logGet(43)) - raft.server.log.preallocated.size = 16384 (custom)
2019-09-25 07:35:43,929 [pool-57-thread-1] INFO  server.RaftServerConfigKeys (ConfUtils.java:logGet(43)) - raft.server.log.write.buffer.size = 33554432 (custom)
2019-09-25 07:35:43,929 [pool-57-thread-1] INFO  server.RaftServerConfigKeys (ConfUtils.java:logGet(43)) - raft.server.log.force.sync.num = 128 (default)
2019-09-25 07:35:43,929 [pool-57-thread-1] INFO  server.RaftServerConfigKeys (ConfUtils.java:logGet(43)) - raft.server.log.statemachine.data.sync = true (default)
2019-09-25 07:35:43,929 [pool-57-thread-1] INFO  server.RaftServerConfigKeys (ConfUtils.java:logGet(43)) - raft.server.log.statemachine.data.sync.timeout = 10s (default)
2019-09-25 07:35:43,929 [pool-57-thread-1] INFO  server.RaftServerConfigKeys (ConfUtils.java:logGet(43)) - raft.server.log.statemachine.data.sync.timeout.retry = -1 (default)
2019-09-25 07:35:43,929 [pool-57-thread-1] INFO  server.RaftServerConfigKeys (ConfUtils.java:logGet(43)) - raft.server.log.statemachine.data.caching.enabled = true (custom)
2019-09-25 07:35:43,930 [pool-57-thread-1] INFO  segmented.SegmentedRaftLogWorker (SegmentedRaftLogWorker.java:lambda$new$0(132)) - 4f9c9097-af28-4e92-8dab-50853da08db1@group-192D07619A27-SegmentedRaftLogWorker: flushIndex: setUnconditionally 0 -> -1
2019-09-25 07:35:43,930 [pool-57-thread-1] INFO  server.RaftServerConfigKeys (ConfUtils.java:logGet(43)) - raft.server.snapshot.auto.trigger.enabled = true (custom)
2019-09-25 07:35:43,930 [pool-57-thread-1] INFO  server.RaftServerConfigKeys (ConfUtils.java:logGet(43)) - raft.server.snapshot.auto.trigger.threshold = 10000 (custom)
2019-09-25 07:35:43,930 [pool-57-thread-1] INFO  server.RaftServerConfigKeys (ConfUtils.java:logGet(43)) - raft.server.snapshot.retention.num.files = 5 (custom)
2019-09-25 07:35:43,931 [pool-57-thread-1] INFO  server.RaftServerConfigKeys (ConfUtils.java:logGet(43)) - raft.server.retrycache.expirytime = 600000ms (custom)
2019-09-25 07:35:43,935 [pool-57-thread-1] INFO  impl.RaftServerImpl (RaftServerImpl.java:start(185)) - 4f9c9097-af28-4e92-8dab-50853da08db1@group-192D07619A27: start as a follower, conf=-1: [4f9c9097-af28-4e92-8dab-50853da08db1:192.168.151.106:42095], old=null
2019-09-25 07:35:43,935 [pool-57-thread-1] INFO  impl.RaftServerImpl (RaftServerImpl.java:setRole(174)) - 4f9c9097-af28-4e92-8dab-50853da08db1@group-192D07619A27: changes role from      null to FOLLOWER at term 0 for startAsFollower
2019-09-25 07:35:43,935 [pool-57-thread-1] INFO  impl.RoleInfo (RoleInfo.java:updateAndGet(143)) - 4f9c9097-af28-4e92-8dab-50853da08db1: start FollowerState
2019-09-25 07:35:43,935 [pool-57-thread-1] INFO  util.JmxRegister (JmxRegister.java:tryRegister(44)) - Successfully registered JMX Bean with object name Ratis:service=RaftServer,group=group-192D07619A27,id=4f9c9097-af28-4e92-8dab-50853da08db1
2019-09-25 07:35:43,941 [RatisPipelineUtilsThread] INFO  pipeline.PipelineStateManager (PipelineStateManager.java:addPipeline(56)) - Created pipeline Pipeline[ Id: be38ae5b-950d-4ebd-8fec-192d07619a27, Nodes: 4f9c9097-af28-4e92-8dab-50853da08db1{ip: 192.168.151.106, host: pr-hdds-1569-x2sr2-3486766547, networkLocation: /default-rack, certSerialId: null}, Type:RATIS, Factor:ONE, State:OPEN]
2019-09-25 07:35:43,941 [RatisPipelineUtilsThread] INFO  pipeline.PipelinePlacementPolicy (PipelinePlacementPolicy.java:meetCriteria(91)) - Pipeline Placement: can't place more pipeline on heavy datanode： 0a03bc5e-b15f-4537-941b-10259ace1437 Heaviness: 6 limit: 5
2019-09-25 07:35:43,942 [RatisPipelineUtilsThread] INFO  pipeline.PipelinePlacementPolicy (PipelinePlacementPolicy.java:meetCriteria(91)) - Pipeline Placement: can't place more pipeline on heavy datanode： 4f9c9097-af28-4e92-8dab-50853da08db1 Heaviness: 6 limit: 5
2019-09-25 07:35:43,952 [grpc-default-executor-0] INFO  impl.RaftServerProxy (RaftServerProxy.java:addNew(89)) - 20eeef1f-c0de-4bb7-8f99-fe21c95fed30: addNew group-47C97B2392A3:[20eeef1f-c0de-4bb7-8f99-fe21c95fed30:192.168.151.106:34100] returns group-47C97B2392A3:java.util.concurrent.CompletableFuture@873bba5[Not completed]
2019-09-25 07:35:43,954 [pool-47-thread-1] INFO  impl.RaftServerImpl (RaftServerImpl.java:<init>(95)) - 20eeef1f-c0de-4bb7-8f99-fe21c95fed30: new RaftServerImpl for group-47C97B2392A3:[20eeef1f-c0de-4bb7-8f99-fe21c95fed30:192.168.151.106:34100] with ContainerStateMachine:uninitialized
2019-09-25 07:35:43,954 [pool-47-thread-1] INFO  server.RaftServerConfigKeys (ConfUtils.java:logGet(43)) - raft.server.rpc.timeout.min = 5s (custom)
2019-09-25 07:35:43,954 [pool-47-thread-1] INFO  server.RaftServerConfigKeys (ConfUtils.java:logGet(43)) - raft.server.rpc.timeout.max = 5200ms (custom)
2019-09-25 07:35:43,954 [pool-47-thread-1] INFO  server.RaftServerConfigKeys (ConfUtils.java:logGet(43)) - raft.server.rpcslowness.timeout = 120s (custom)
2019-09-25 07:35:43,954 [pool-47-thread-1] INFO  server.RaftServerConfigKeys (ConfUtils.java:logGet(43)) - raft.server.sleep.deviation.threshold = 300 (default)
2019-09-25 07:35:43,954 [pool-47-thread-1] INFO  server.RaftServerConfigKeys (ConfUtils.java:logGet(43)) - raft.server.log.appender.install.snapshot.enabled = false (custom)
2019-09-25 07:35:43,955 [pool-47-thread-1] INFO  impl.RaftServerImpl (ServerState.java:<init>(103)) - 20eeef1f-c0de-4bb7-8f99-fe21c95fed30@group-47C97B2392A3: ConfigurationManager, init=-1: [20eeef1f-c0de-4bb7-8f99-fe21c95fed30:192.168.151.106:34100], old=null, confs=<EMPTY_MAP>
2019-09-25 07:35:43,955 [pool-47-thread-1] INFO  server.RaftServerConfigKeys (ConfUtils.java:logGet(43)) - raft.server.storage.dir = [/workdir/hadoop-ozone/tools/target/test-dir/MiniOzoneClusterImpl-321f4562-75cd-4431-a0a7-dd0954309df4/datanode-2/data/ratis] (custom)
2019-09-25 07:35:43,955 [pool-47-thread-1] INFO  storage.RaftStorageDirectory (RaftStorageDirectory.java:analyzeStorage(246)) - The storage directory /workdir/hadoop-ozone/tools/target/test-dir/MiniOzoneClusterImpl-321f4562-75cd-4431-a0a7-dd0954309df4/datanode-2/data/ratis/5c107357-b552-4faf-8a87-47c97b2392a3 does not exist. Creating ...
2019-09-25 07:35:43,978 [pool-47-thread-1] INFO  storage.RaftStorageDirectory (RaftStorageDirectory.java:tryLock(328)) - Lock on /workdir/hadoop-ozone/tools/target/test-dir/MiniOzoneClusterImpl-321f4562-75cd-4431-a0a7-dd0954309df4/datanode-2/data/ratis/5c107357-b552-4faf-8a87-47c97b2392a3/in_use.lock acquired by nodename 28630@pr-hdds-1569-x2sr2-3486766547
2019-09-25 07:35:44,002 [pool-47-thread-1] INFO  storage.RaftStorage (RaftStorage.java:format(72)) - Storage directory /workdir/hadoop-ozone/tools/target/test-dir/MiniOzoneClusterImpl-321f4562-75cd-4431-a0a7-dd0954309df4/datanode-2/data/ratis/5c107357-b552-4faf-8a87-47c97b2392a3 has been successfully formatted.
2019-09-25 07:35:44,002 [pool-47-thread-1] INFO  ratis.ContainerStateMachine (ContainerStateMachine.java:loadSnapshot(230)) - group-47C97B2392A3: The snapshot info is null. Setting the last applied indexto:(t:0, i:~)
2019-09-25 07:35:44,003 [pool-47-thread-1] INFO  server.RaftServerConfigKeys (ConfUtils.java:logGet(43)) - raft.server.notification.no-leader.timeout = 120s (custom)
2019-09-25 07:35:44,003 [pool-47-thread-1] INFO  server.RaftServerConfigKeys (ConfUtils.java:logGet(43)) - raft.server.log.use.memory = false (default)
2019-09-25 07:35:44,003 [pool-47-thread-1] INFO  server.RaftServerConfigKeys (ConfUtils.java:logGet(43)) - raft.server.log.purge.gap = 1000000 (custom)
2019-09-25 07:35:44,003 [pool-47-thread-1] INFO  server.RaftServerConfigKeys (ConfUtils.java:logGet(43)) - raft.server.log.appender.buffer.byte-limit = 33554432 (custom)
2019-09-25 07:35:44,003 [pool-47-thread-1] INFO  server.RaftServerConfigKeys (ConfUtils.java:logGet(43)) - raft.server.log.segment.size.max = 1048576 (custom)
2019-09-25 07:35:44,004 [pool-47-thread-1] INFO  server.RaftServerConfigKeys (ConfUtils.java:logGet(43)) - raft.server.log.segment.cache.num.max = 2 (custom)
2019-09-25 07:35:44,004 [pool-47-thread-1] INFO  segmented.SegmentedRaftLogWorker (SegmentedRaftLogWorker.java:<init>(172)) - new 20eeef1f-c0de-4bb7-8f99-fe21c95fed30@group-47C97B2392A3-SegmentedRaftLogWorker for RaftStorage:Storage Directory /workdir/hadoop-ozone/tools/target/test-dir/MiniOzoneClusterImpl-321f4562-75cd-4431-a0a7-dd0954309df4/datanode-2/data/ratis/5c107357-b552-4faf-8a87-47c97b2392a3
2019-09-25 07:35:44,004 [pool-47-thread-1] INFO  server.RaftServerConfigKeys (ConfUtils.java:logGet(43)) - raft.server.log.queue.byte-limit = 2147483647 (custom)
2019-09-25 07:35:44,004 [pool-47-thread-1] INFO  server.RaftServerConfigKeys (ConfUtils.java:logGet(43)) - raft.server.log.queue.element-limit = 1024 (custom)
2019-09-25 07:35:44,004 [pool-47-thread-1] INFO  server.RaftServerConfigKeys (ConfUtils.java:logGet(43)) - raft.server.log.segment.size.max = 1048576 (custom)
2019-09-25 07:35:44,004 [pool-47-thread-1] INFO  server.RaftServerConfigKeys (ConfUtils.java:logGet(43)) - raft.server.log.preallocated.size = 16384 (custom)
2019-09-25 07:35:44,005 [pool-47-thread-1] INFO  server.RaftServerConfigKeys (ConfUtils.java:logGet(43)) - raft.server.log.write.buffer.size = 33554432 (custom)
2019-09-25 07:35:44,005 [pool-47-thread-1] INFO  server.RaftServerConfigKeys (ConfUtils.java:logGet(43)) - raft.server.log.force.sync.num = 128 (default)
2019-09-25 07:35:44,005 [pool-47-thread-1] INFO  server.RaftServerConfigKeys (ConfUtils.java:logGet(43)) - raft.server.log.statemachine.data.sync = true (default)
2019-09-25 07:35:44,005 [pool-47-thread-1] INFO  server.RaftServerConfigKeys (ConfUtils.java:logGet(43)) - raft.server.log.statemachine.data.sync.timeout = 10s (default)
2019-09-25 07:35:44,005 [pool-47-thread-1] INFO  server.RaftServerConfigKeys (ConfUtils.java:logGet(43)) - raft.server.log.statemachine.data.sync.timeout.retry = -1 (default)
2019-09-25 07:35:44,006 [pool-47-thread-1] INFO  server.RaftServerConfigKeys (ConfUtils.java:logGet(43)) - raft.server.log.statemachine.data.caching.enabled = true (custom)
2019-09-25 07:35:44,006 [pool-47-thread-1] INFO  segmented.SegmentedRaftLogWorker (SegmentedRaftLogWorker.java:lambda$new$0(132)) - 20eeef1f-c0de-4bb7-8f99-fe21c95fed30@group-47C97B2392A3-SegmentedRaftLogWorker: flushIndex: setUnconditionally 0 -> -1
2019-09-25 07:35:44,006 [pool-47-thread-1] INFO  server.RaftServerConfigKeys (ConfUtils.java:logGet(43)) - raft.server.snapshot.auto.trigger.enabled = true (custom)
2019-09-25 07:35:44,006 [pool-47-thread-1] INFO  server.RaftServerConfigKeys (ConfUtils.java:logGet(43)) - raft.server.snapshot.auto.trigger.threshold = 10000 (custom)
2019-09-25 07:35:44,007 [pool-47-thread-1] INFO  server.RaftServerConfigKeys (ConfUtils.java:logGet(43)) - raft.server.snapshot.retention.num.files = 5 (custom)
2019-09-25 07:35:44,007 [pool-47-thread-1] INFO  server.RaftServerConfigKeys (ConfUtils.java:logGet(43)) - raft.server.retrycache.expirytime = 600000ms (custom)
2019-09-25 07:35:44,010 [pool-47-thread-1] INFO  impl.RaftServerImpl (RaftServerImpl.java:start(185)) - 20eeef1f-c0de-4bb7-8f99-fe21c95fed30@group-47C97B2392A3: start as a follower, conf=-1: [20eeef1f-c0de-4bb7-8f99-fe21c95fed30:192.168.151.106:34100], old=null
2019-09-25 07:35:44,010 [pool-47-thread-1] INFO  impl.RaftServerImpl (RaftServerImpl.java:setRole(174)) - 20eeef1f-c0de-4bb7-8f99-fe21c95fed30@group-47C97B2392A3: changes role from      null to FOLLOWER at term 0 for startAsFollower
2019-09-25 07:35:44,010 [pool-47-thread-1] INFO  impl.RoleInfo (RoleInfo.java:updateAndGet(143)) - 20eeef1f-c0de-4bb7-8f99-fe21c95fed30: start FollowerState
2019-09-25 07:35:44,011 [pool-47-thread-1] INFO  util.JmxRegister (JmxRegister.java:tryRegister(44)) - Successfully registered JMX Bean with object name Ratis:service=RaftServer,group=group-47C97B2392A3,id=20eeef1f-c0de-4bb7-8f99-fe21c95fed30
2019-09-25 07:35:44,016 [RatisPipelineUtilsThread] INFO  pipeline.PipelineStateManager (PipelineStateManager.java:addPipeline(56)) - Created pipeline Pipeline[ Id: 5c107357-b552-4faf-8a87-47c97b2392a3, Nodes: 20eeef1f-c0de-4bb7-8f99-fe21c95fed30{ip: 192.168.151.106, host: pr-hdds-1569-x2sr2-3486766547, networkLocation: /default-rack, certSerialId: null}, Type:RATIS, Factor:ONE, State:OPEN]
2019-09-25 07:35:44,016 [RatisPipelineUtilsThread] INFO  pipeline.PipelinePlacementPolicy (PipelinePlacementPolicy.java:meetCriteria(91)) - Pipeline Placement: can't place more pipeline on heavy datanode： 0a03bc5e-b15f-4537-941b-10259ace1437 Heaviness: 6 limit: 5
2019-09-25 07:35:44,016 [RatisPipelineUtilsThread] INFO  pipeline.PipelinePlacementPolicy (PipelinePlacementPolicy.java:meetCriteria(91)) - Pipeline Placement: can't place more pipeline on heavy datanode： 4f9c9097-af28-4e92-8dab-50853da08db1 Heaviness: 6 limit: 5
2019-09-25 07:35:44,027 [grpc-default-executor-0] INFO  impl.RaftServerProxy (RaftServerProxy.java:addNew(89)) - c3cf7509-27e8-499f-a871-32281ced9221: addNew group-00AD6C6E305D:[c3cf7509-27e8-499f-a871-32281ced9221:192.168.151.106:40856] returns group-00AD6C6E305D:java.util.concurrent.CompletableFuture@25dfd3c4[Not completed]
2019-09-25 07:35:44,029 [pool-67-thread-1] INFO  impl.RaftServerImpl (RaftServerImpl.java:<init>(95)) - c3cf7509-27e8-499f-a871-32281ced9221: new RaftServerImpl for group-00AD6C6E305D:[c3cf7509-27e8-499f-a871-32281ced9221:192.168.151.106:40856] with ContainerStateMachine:uninitialized
2019-09-25 07:35:44,030 [pool-67-thread-1] INFO  server.RaftServerConfigKeys (ConfUtils.java:logGet(43)) - raft.server.rpc.timeout.min = 5s (custom)
2019-09-25 07:35:44,030 [pool-67-thread-1] INFO  server.RaftServerConfigKeys (ConfUtils.java:logGet(43)) - raft.server.rpc.timeout.max = 5200ms (custom)
2019-09-25 07:35:44,030 [pool-67-thread-1] INFO  server.RaftServerConfigKeys (ConfUtils.java:logGet(43)) - raft.server.rpcslowness.timeout = 120s (custom)
2019-09-25 07:35:44,031 [pool-67-thread-1] INFO  server.RaftServerConfigKeys (ConfUtils.java:logGet(43)) - raft.server.sleep.deviation.threshold = 300 (default)
2019-09-25 07:35:44,031 [pool-67-thread-1] INFO  server.RaftServerConfigKeys (ConfUtils.java:logGet(43)) - raft.server.log.appender.install.snapshot.enabled = false (custom)
2019-09-25 07:35:44,031 [pool-67-thread-1] INFO  impl.RaftServerImpl (ServerState.java:<init>(103)) - c3cf7509-27e8-499f-a871-32281ced9221@group-00AD6C6E305D: ConfigurationManager, init=-1: [c3cf7509-27e8-499f-a871-32281ced9221:192.168.151.106:40856], old=null, confs=<EMPTY_MAP>
2019-09-25 07:35:44,032 [pool-67-thread-1] INFO  server.RaftServerConfigKeys (ConfUtils.java:logGet(43)) - raft.server.storage.dir = [/workdir/hadoop-ozone/tools/target/test-dir/MiniOzoneClusterImpl-321f4562-75cd-4431-a0a7-dd0954309df4/datanode-4/data/ratis] (custom)
2019-09-25 07:35:44,032 [pool-67-thread-1] INFO  storage.RaftStorageDirectory (RaftStorageDirectory.java:analyzeStorage(246)) - The storage directory /workdir/hadoop-ozone/tools/target/test-dir/MiniOzoneClusterImpl-321f4562-75cd-4431-a0a7-dd0954309df4/datanode-4/data/ratis/a114aa8c-9c52-4343-a530-00ad6c6e305d does not exist. Creating ...
2019-09-25 07:35:44,045 [pool-67-thread-1] INFO  storage.RaftStorageDirectory (RaftStorageDirectory.java:tryLock(328)) - Lock on /workdir/hadoop-ozone/tools/target/test-dir/MiniOzoneClusterImpl-321f4562-75cd-4431-a0a7-dd0954309df4/datanode-4/data/ratis/a114aa8c-9c52-4343-a530-00ad6c6e305d/in_use.lock acquired by nodename 28630@pr-hdds-1569-x2sr2-3486766547
2019-09-25 07:35:44,068 [pool-67-thread-1] INFO  storage.RaftStorage (RaftStorage.java:format(72)) - Storage directory /workdir/hadoop-ozone/tools/target/test-dir/MiniOzoneClusterImpl-321f4562-75cd-4431-a0a7-dd0954309df4/datanode-4/data/ratis/a114aa8c-9c52-4343-a530-00ad6c6e305d has been successfully formatted.
2019-09-25 07:35:44,068 [pool-67-thread-1] INFO  ratis.ContainerStateMachine (ContainerStateMachine.java:loadSnapshot(230)) - group-00AD6C6E305D: The snapshot info is null. Setting the last applied indexto:(t:0, i:~)
2019-09-25 07:35:44,068 [pool-67-thread-1] INFO  server.RaftServerConfigKeys (ConfUtils.java:logGet(43)) - raft.server.notification.no-leader.timeout = 120s (custom)
2019-09-25 07:35:44,068 [pool-67-thread-1] INFO  server.RaftServerConfigKeys (ConfUtils.java:logGet(43)) - raft.server.log.use.memory = false (default)
2019-09-25 07:35:44,069 [pool-67-thread-1] INFO  server.RaftServerConfigKeys (ConfUtils.java:logGet(43)) - raft.server.log.purge.gap = 1000000 (custom)
2019-09-25 07:35:44,069 [pool-67-thread-1] INFO  server.RaftServerConfigKeys (ConfUtils.java:logGet(43)) - raft.server.log.appender.buffer.byte-limit = 33554432 (custom)
2019-09-25 07:35:44,069 [pool-67-thread-1] INFO  server.RaftServerConfigKeys (ConfUtils.java:logGet(43)) - raft.server.log.segment.size.max = 1048576 (custom)
2019-09-25 07:35:44,069 [pool-67-thread-1] INFO  server.RaftServerConfigKeys (ConfUtils.java:logGet(43)) - raft.server.log.segment.cache.num.max = 2 (custom)
2019-09-25 07:35:44,069 [pool-67-thread-1] INFO  segmented.SegmentedRaftLogWorker (SegmentedRaftLogWorker.java:<init>(172)) - new c3cf7509-27e8-499f-a871-32281ced9221@group-00AD6C6E305D-SegmentedRaftLogWorker for RaftStorage:Storage Directory /workdir/hadoop-ozone/tools/target/test-dir/MiniOzoneClusterImpl-321f4562-75cd-4431-a0a7-dd0954309df4/datanode-4/data/ratis/a114aa8c-9c52-4343-a530-00ad6c6e305d
2019-09-25 07:35:44,070 [pool-67-thread-1] INFO  server.RaftServerConfigKeys (ConfUtils.java:logGet(43)) - raft.server.log.queue.byte-limit = 2147483647 (custom)
2019-09-25 07:35:44,070 [pool-67-thread-1] INFO  server.RaftServerConfigKeys (ConfUtils.java:logGet(43)) - raft.server.log.queue.element-limit = 1024 (custom)
2019-09-25 07:35:44,070 [pool-67-thread-1] INFO  server.RaftServerConfigKeys (ConfUtils.java:logGet(43)) - raft.server.log.segment.size.max = 1048576 (custom)
2019-09-25 07:35:44,070 [pool-67-thread-1] INFO  server.RaftServerConfigKeys (ConfUtils.java:logGet(43)) - raft.server.log.preallocated.size = 16384 (custom)
2019-09-25 07:35:44,070 [pool-67-thread-1] INFO  server.RaftServerConfigKeys (ConfUtils.java:logGet(43)) - raft.server.log.write.buffer.size = 33554432 (custom)
2019-09-25 07:35:44,071 [pool-67-thread-1] INFO  server.RaftServerConfigKeys (ConfUtils.java:logGet(43)) - raft.server.log.force.sync.num = 128 (default)
2019-09-25 07:35:44,071 [pool-67-thread-1] INFO  server.RaftServerConfigKeys (ConfUtils.java:logGet(43)) - raft.server.log.statemachine.data.sync = true (default)
2019-09-25 07:35:44,071 [pool-67-thread-1] INFO  server.RaftServerConfigKeys (ConfUtils.java:logGet(43)) - raft.server.log.statemachine.data.sync.timeout = 10s (default)
2019-09-25 07:35:44,071 [pool-67-thread-1] INFO  server.RaftServerConfigKeys (ConfUtils.java:logGet(43)) - raft.server.log.statemachine.data.sync.timeout.retry = -1 (default)
2019-09-25 07:35:44,071 [pool-67-thread-1] INFO  server.RaftServerConfigKeys (ConfUtils.java:logGet(43)) - raft.server.log.statemachine.data.caching.enabled = true (custom)
2019-09-25 07:35:44,072 [pool-67-thread-1] INFO  segmented.SegmentedRaftLogWorker (SegmentedRaftLogWorker.java:lambda$new$0(132)) - c3cf7509-27e8-499f-a871-32281ced9221@group-00AD6C6E305D-SegmentedRaftLogWorker: flushIndex: setUnconditionally 0 -> -1
2019-09-25 07:35:44,072 [pool-67-thread-1] INFO  server.RaftServerConfigKeys (ConfUtils.java:logGet(43)) - raft.server.snapshot.auto.trigger.enabled = true (custom)
2019-09-25 07:35:44,072 [pool-67-thread-1] INFO  server.RaftServerConfigKeys (ConfUtils.java:logGet(43)) - raft.server.snapshot.auto.trigger.threshold = 10000 (custom)
2019-09-25 07:35:44,073 [pool-67-thread-1] INFO  server.RaftServerConfigKeys (ConfUtils.java:logGet(43)) - raft.server.snapshot.retention.num.files = 5 (custom)
2019-09-25 07:35:44,073 [pool-67-thread-1] INFO  server.RaftServerConfigKeys (ConfUtils.java:logGet(43)) - raft.server.retrycache.expirytime = 600000ms (custom)
2019-09-25 07:35:44,076 [pool-67-thread-1] INFO  impl.RaftServerImpl (RaftServerImpl.java:start(185)) - c3cf7509-27e8-499f-a871-32281ced9221@group-00AD6C6E305D: start as a follower, conf=-1: [c3cf7509-27e8-499f-a871-32281ced9221:192.168.151.106:40856], old=null
2019-09-25 07:35:44,077 [pool-67-thread-1] INFO  impl.RaftServerImpl (RaftServerImpl.java:setRole(174)) - c3cf7509-27e8-499f-a871-32281ced9221@group-00AD6C6E305D: changes role from      null to FOLLOWER at term 0 for startAsFollower
2019-09-25 07:35:44,077 [pool-67-thread-1] INFO  impl.RoleInfo (RoleInfo.java:updateAndGet(143)) - c3cf7509-27e8-499f-a871-32281ced9221: start FollowerState
2019-09-25 07:35:44,077 [pool-67-thread-1] INFO  util.JmxRegister (JmxRegister.java:tryRegister(44)) - Successfully registered JMX Bean with object name Ratis:service=RaftServer,group=group-00AD6C6E305D,id=c3cf7509-27e8-499f-a871-32281ced9221
2019-09-25 07:35:44,083 [RatisPipelineUtilsThread] INFO  pipeline.PipelineStateManager (PipelineStateManager.java:addPipeline(56)) - Created pipeline Pipeline[ Id: a114aa8c-9c52-4343-a530-00ad6c6e305d, Nodes: c3cf7509-27e8-499f-a871-32281ced9221{ip: 192.168.151.106, host: pr-hdds-1569-x2sr2-3486766547, networkLocation: /default-rack, certSerialId: null}, Type:RATIS, Factor:ONE, State:OPEN]
2019-09-25 07:35:44,083 [RatisPipelineUtilsThread] INFO  pipeline.PipelinePlacementPolicy (PipelinePlacementPolicy.java:meetCriteria(91)) - Pipeline Placement: can't place more pipeline on heavy datanode： 0a03bc5e-b15f-4537-941b-10259ace1437 Heaviness: 6 limit: 5
2019-09-25 07:35:44,083 [RatisPipelineUtilsThread] INFO  pipeline.PipelinePlacementPolicy (PipelinePlacementPolicy.java:meetCriteria(91)) - Pipeline Placement: can't place more pipeline on heavy datanode： 4f9c9097-af28-4e92-8dab-50853da08db1 Heaviness: 6 limit: 5
2019-09-25 07:35:44,094 [grpc-default-executor-0] INFO  impl.RaftServerProxy (RaftServerProxy.java:addNew(89)) - c3cf7509-27e8-499f-a871-32281ced9221: addNew group-08DB0929F588:[c3cf7509-27e8-499f-a871-32281ced9221:192.168.151.106:40856] returns group-08DB0929F588:java.util.concurrent.CompletableFuture@271c791[Not completed]
2019-09-25 07:35:44,096 [pool-67-thread-1] INFO  impl.RaftServerImpl (RaftServerImpl.java:<init>(95)) - c3cf7509-27e8-499f-a871-32281ced9221: new RaftServerImpl for group-08DB0929F588:[c3cf7509-27e8-499f-a871-32281ced9221:192.168.151.106:40856] with ContainerStateMachine:uninitialized
2019-09-25 07:35:44,096 [pool-67-thread-1] INFO  server.RaftServerConfigKeys (ConfUtils.java:logGet(43)) - raft.server.rpc.timeout.min = 5s (custom)
2019-09-25 07:35:44,096 [pool-67-thread-1] INFO  server.RaftServerConfigKeys (ConfUtils.java:logGet(43)) - raft.server.rpc.timeout.max = 5200ms (custom)
2019-09-25 07:35:44,096 [pool-67-thread-1] INFO  server.RaftServerConfigKeys (ConfUtils.java:logGet(43)) - raft.server.rpcslowness.timeout = 120s (custom)
2019-09-25 07:35:44,097 [pool-67-thread-1] INFO  server.RaftServerConfigKeys (ConfUtils.java:logGet(43)) - raft.server.sleep.deviation.threshold = 300 (default)
2019-09-25 07:35:44,097 [pool-67-thread-1] INFO  server.RaftServerConfigKeys (ConfUtils.java:logGet(43)) - raft.server.log.appender.install.snapshot.enabled = false (custom)
2019-09-25 07:35:44,097 [pool-67-thread-1] INFO  impl.RaftServerImpl (ServerState.java:<init>(103)) - c3cf7509-27e8-499f-a871-32281ced9221@group-08DB0929F588: ConfigurationManager, init=-1: [c3cf7509-27e8-499f-a871-32281ced9221:192.168.151.106:40856], old=null, confs=<EMPTY_MAP>
2019-09-25 07:35:44,098 [pool-67-thread-1] INFO  server.RaftServerConfigKeys (ConfUtils.java:logGet(43)) - raft.server.storage.dir = [/workdir/hadoop-ozone/tools/target/test-dir/MiniOzoneClusterImpl-321f4562-75cd-4431-a0a7-dd0954309df4/datanode-4/data/ratis] (custom)
2019-09-25 07:35:44,098 [pool-67-thread-1] INFO  storage.RaftStorageDirectory (RaftStorageDirectory.java:analyzeStorage(246)) - The storage directory /workdir/hadoop-ozone/tools/target/test-dir/MiniOzoneClusterImpl-321f4562-75cd-4431-a0a7-dd0954309df4/datanode-4/data/ratis/c4230c97-26dd-4a90-a517-08db0929f588 does not exist. Creating ...
2019-09-25 07:35:44,123 [pool-67-thread-1] INFO  storage.RaftStorageDirectory (RaftStorageDirectory.java:tryLock(328)) - Lock on /workdir/hadoop-ozone/tools/target/test-dir/MiniOzoneClusterImpl-321f4562-75cd-4431-a0a7-dd0954309df4/datanode-4/data/ratis/c4230c97-26dd-4a90-a517-08db0929f588/in_use.lock acquired by nodename 28630@pr-hdds-1569-x2sr2-3486766547
2019-09-25 07:35:44,137 [pool-67-thread-1] INFO  storage.RaftStorage (RaftStorage.java:format(72)) - Storage directory /workdir/hadoop-ozone/tools/target/test-dir/MiniOzoneClusterImpl-321f4562-75cd-4431-a0a7-dd0954309df4/datanode-4/data/ratis/c4230c97-26dd-4a90-a517-08db0929f588 has been successfully formatted.
2019-09-25 07:35:44,138 [pool-67-thread-1] INFO  ratis.ContainerStateMachine (ContainerStateMachine.java:loadSnapshot(230)) - group-08DB0929F588: The snapshot info is null. Setting the last applied indexto:(t:0, i:~)
2019-09-25 07:35:44,138 [pool-67-thread-1] INFO  server.RaftServerConfigKeys (ConfUtils.java:logGet(43)) - raft.server.notification.no-leader.timeout = 120s (custom)
2019-09-25 07:35:44,138 [pool-67-thread-1] INFO  server.RaftServerConfigKeys (ConfUtils.java:logGet(43)) - raft.server.log.use.memory = false (default)
2019-09-25 07:35:44,138 [pool-67-thread-1] INFO  server.RaftServerConfigKeys (ConfUtils.java:logGet(43)) - raft.server.log.purge.gap = 1000000 (custom)
2019-09-25 07:35:44,138 [pool-67-thread-1] INFO  server.RaftServerConfigKeys (ConfUtils.java:logGet(43)) - raft.server.log.appender.buffer.byte-limit = 33554432 (custom)
2019-09-25 07:35:44,139 [pool-67-thread-1] INFO  server.RaftServerConfigKeys (ConfUtils.java:logGet(43)) - raft.server.log.segment.size.max = 1048576 (custom)
2019-09-25 07:35:44,139 [pool-67-thread-1] INFO  server.RaftServerConfigKeys (ConfUtils.java:logGet(43)) - raft.server.log.segment.cache.num.max = 2 (custom)
2019-09-25 07:35:44,139 [pool-67-thread-1] INFO  segmented.SegmentedRaftLogWorker (SegmentedRaftLogWorker.java:<init>(172)) - new c3cf7509-27e8-499f-a871-32281ced9221@group-08DB0929F588-SegmentedRaftLogWorker for RaftStorage:Storage Directory /workdir/hadoop-ozone/tools/target/test-dir/MiniOzoneClusterImpl-321f4562-75cd-4431-a0a7-dd0954309df4/datanode-4/data/ratis/c4230c97-26dd-4a90-a517-08db0929f588
2019-09-25 07:35:44,139 [pool-67-thread-1] INFO  server.RaftServerConfigKeys (ConfUtils.java:logGet(43)) - raft.server.log.queue.byte-limit = 2147483647 (custom)
2019-09-25 07:35:44,139 [pool-67-thread-1] INFO  server.RaftServerConfigKeys (ConfUtils.java:logGet(43)) - raft.server.log.queue.element-limit = 1024 (custom)
2019-09-25 07:35:44,139 [pool-67-thread-1] INFO  server.RaftServerConfigKeys (ConfUtils.java:logGet(43)) - raft.server.log.segment.size.max = 1048576 (custom)
2019-09-25 07:35:44,140 [pool-67-thread-1] INFO  server.RaftServerConfigKeys (ConfUtils.java:logGet(43)) - raft.server.log.preallocated.size = 16384 (custom)
2019-09-25 07:35:44,140 [pool-67-thread-1] INFO  server.RaftServerConfigKeys (ConfUtils.java:logGet(43)) - raft.server.log.write.buffer.size = 33554432 (custom)
2019-09-25 07:35:44,140 [pool-67-thread-1] INFO  server.RaftServerConfigKeys (ConfUtils.java:logGet(43)) - raft.server.log.force.sync.num = 128 (default)
2019-09-25 07:35:44,140 [pool-67-thread-1] INFO  server.RaftServerConfigKeys (ConfUtils.java:logGet(43)) - raft.server.log.statemachine.data.sync = true (default)
2019-09-25 07:35:44,140 [pool-67-thread-1] INFO  server.RaftServerConfigKeys (ConfUtils.java:logGet(43)) - raft.server.log.statemachine.data.sync.timeout = 10s (default)
2019-09-25 07:35:44,140 [pool-67-thread-1] INFO  server.RaftServerConfigKeys (ConfUtils.java:logGet(43)) - raft.server.log.statemachine.data.sync.timeout.retry = -1 (default)
2019-09-25 07:35:44,141 [pool-67-thread-1] INFO  server.RaftServerConfigKeys (ConfUtils.java:logGet(43)) - raft.server.log.statemachine.data.caching.enabled = true (custom)
2019-09-25 07:35:44,141 [pool-67-thread-1] INFO  segmented.SegmentedRaftLogWorker (SegmentedRaftLogWorker.java:lambda$new$0(132)) - c3cf7509-27e8-499f-a871-32281ced9221@group-08DB0929F588-SegmentedRaftLogWorker: flushIndex: setUnconditionally 0 -> -1
2019-09-25 07:35:44,141 [pool-67-thread-1] INFO  server.RaftServerConfigKeys (ConfUtils.java:logGet(43)) - raft.server.snapshot.auto.trigger.enabled = true (custom)
2019-09-25 07:35:44,141 [pool-67-thread-1] INFO  server.RaftServerConfigKeys (ConfUtils.java:logGet(43)) - raft.server.snapshot.auto.trigger.threshold = 10000 (custom)
2019-09-25 07:35:44,142 [pool-67-thread-1] INFO  server.RaftServerConfigKeys (ConfUtils.java:logGet(43)) - raft.server.snapshot.retention.num.files = 5 (custom)
2019-09-25 07:35:44,142 [pool-67-thread-1] INFO  server.RaftServerConfigKeys (ConfUtils.java:logGet(43)) - raft.server.retrycache.expirytime = 600000ms (custom)
2019-09-25 07:35:44,146 [pool-67-thread-1] INFO  impl.RaftServerImpl (RaftServerImpl.java:start(185)) - c3cf7509-27e8-499f-a871-32281ced9221@group-08DB0929F588: start as a follower, conf=-1: [c3cf7509-27e8-499f-a871-32281ced9221:192.168.151.106:40856], old=null
2019-09-25 07:35:44,146 [pool-67-thread-1] INFO  impl.RaftServerImpl (RaftServerImpl.java:setRole(174)) - c3cf7509-27e8-499f-a871-32281ced9221@group-08DB0929F588: changes role from      null to FOLLOWER at term 0 for startAsFollower
2019-09-25 07:35:44,146 [pool-67-thread-1] INFO  impl.RoleInfo (RoleInfo.java:updateAndGet(143)) - c3cf7509-27e8-499f-a871-32281ced9221: start FollowerState
2019-09-25 07:35:44,146 [pool-67-thread-1] INFO  util.JmxRegister (JmxRegister.java:tryRegister(44)) - Successfully registered JMX Bean with object name Ratis:service=RaftServer,group=group-08DB0929F588,id=c3cf7509-27e8-499f-a871-32281ced9221
2019-09-25 07:35:44,152 [RatisPipelineUtilsThread] INFO  pipeline.PipelineStateManager (PipelineStateManager.java:addPipeline(56)) - Created pipeline Pipeline[ Id: c4230c97-26dd-4a90-a517-08db0929f588, Nodes: c3cf7509-27e8-499f-a871-32281ced9221{ip: 192.168.151.106, host: pr-hdds-1569-x2sr2-3486766547, networkLocation: /default-rack, certSerialId: null}, Type:RATIS, Factor:ONE, State:OPEN]
2019-09-25 07:35:44,152 [RatisPipelineUtilsThread] INFO  pipeline.PipelinePlacementPolicy (PipelinePlacementPolicy.java:meetCriteria(91)) - Pipeline Placement: can't place more pipeline on heavy datanode： 0a03bc5e-b15f-4537-941b-10259ace1437 Heaviness: 6 limit: 5
2019-09-25 07:35:44,152 [RatisPipelineUtilsThread] INFO  pipeline.PipelinePlacementPolicy (PipelinePlacementPolicy.java:meetCriteria(91)) - Pipeline Placement: can't place more pipeline on heavy datanode： c3cf7509-27e8-499f-a871-32281ced9221 Heaviness: 6 limit: 5
2019-09-25 07:35:44,153 [RatisPipelineUtilsThread] INFO  pipeline.PipelinePlacementPolicy (PipelinePlacementPolicy.java:meetCriteria(91)) - Pipeline Placement: can't place more pipeline on heavy datanode： 4f9c9097-af28-4e92-8dab-50853da08db1 Heaviness: 6 limit: 5
2019-09-25 07:35:44,163 [grpc-default-executor-0] INFO  impl.RaftServerProxy (RaftServerProxy.java:addNew(89)) - 89512cd3-5215-493c-9626-f8bc005210a2: addNew group-595872A34ED6:[89512cd3-5215-493c-9626-f8bc005210a2:192.168.151.106:37585] returns group-595872A34ED6:java.util.concurrent.CompletableFuture@a71c7ad[Not completed]
2019-09-25 07:35:44,164 [pool-27-thread-1] INFO  impl.RaftServerImpl (RaftServerImpl.java:<init>(95)) - 89512cd3-5215-493c-9626-f8bc005210a2: new RaftServerImpl for group-595872A34ED6:[89512cd3-5215-493c-9626-f8bc005210a2:192.168.151.106:37585] with ContainerStateMachine:uninitialized
2019-09-25 07:35:44,165 [pool-27-thread-1] INFO  server.RaftServerConfigKeys (ConfUtils.java:logGet(43)) - raft.server.rpc.timeout.min = 5s (custom)
2019-09-25 07:35:44,165 [pool-27-thread-1] INFO  server.RaftServerConfigKeys (ConfUtils.java:logGet(43)) - raft.server.rpc.timeout.max = 5200ms (custom)
2019-09-25 07:35:44,165 [pool-27-thread-1] INFO  server.RaftServerConfigKeys (ConfUtils.java:logGet(43)) - raft.server.rpcslowness.timeout = 120s (custom)
2019-09-25 07:35:44,165 [pool-27-thread-1] INFO  server.RaftServerConfigKeys (ConfUtils.java:logGet(43)) - raft.server.sleep.deviation.threshold = 300 (default)
2019-09-25 07:35:44,165 [pool-27-thread-1] INFO  server.RaftServerConfigKeys (ConfUtils.java:logGet(43)) - raft.server.log.appender.install.snapshot.enabled = false (custom)
2019-09-25 07:35:44,165 [pool-27-thread-1] INFO  impl.RaftServerImpl (ServerState.java:<init>(103)) - 89512cd3-5215-493c-9626-f8bc005210a2@group-595872A34ED6: ConfigurationManager, init=-1: [89512cd3-5215-493c-9626-f8bc005210a2:192.168.151.106:37585], old=null, confs=<EMPTY_MAP>
2019-09-25 07:35:44,166 [pool-27-thread-1] INFO  server.RaftServerConfigKeys (ConfUtils.java:logGet(43)) - raft.server.storage.dir = [/workdir/hadoop-ozone/tools/target/test-dir/MiniOzoneClusterImpl-321f4562-75cd-4431-a0a7-dd0954309df4/datanode-0/data/ratis] (custom)
2019-09-25 07:35:44,166 [pool-27-thread-1] INFO  storage.RaftStorageDirectory (RaftStorageDirectory.java:analyzeStorage(246)) - The storage directory /workdir/hadoop-ozone/tools/target/test-dir/MiniOzoneClusterImpl-321f4562-75cd-4431-a0a7-dd0954309df4/datanode-0/data/ratis/3c136257-b3c8-4097-89f3-595872a34ed6 does not exist. Creating ...
2019-09-25 07:35:44,189 [pool-27-thread-1] INFO  storage.RaftStorageDirectory (RaftStorageDirectory.java:tryLock(328)) - Lock on /workdir/hadoop-ozone/tools/target/test-dir/MiniOzoneClusterImpl-321f4562-75cd-4431-a0a7-dd0954309df4/datanode-0/data/ratis/3c136257-b3c8-4097-89f3-595872a34ed6/in_use.lock acquired by nodename 28630@pr-hdds-1569-x2sr2-3486766547
2019-09-25 07:35:44,213 [pool-27-thread-1] INFO  storage.RaftStorage (RaftStorage.java:format(72)) - Storage directory /workdir/hadoop-ozone/tools/target/test-dir/MiniOzoneClusterImpl-321f4562-75cd-4431-a0a7-dd0954309df4/datanode-0/data/ratis/3c136257-b3c8-4097-89f3-595872a34ed6 has been successfully formatted.
2019-09-25 07:35:44,213 [pool-27-thread-1] INFO  ratis.ContainerStateMachine (ContainerStateMachine.java:loadSnapshot(230)) - group-595872A34ED6: The snapshot info is null. Setting the last applied indexto:(t:0, i:~)
2019-09-25 07:35:44,213 [pool-27-thread-1] INFO  server.RaftServerConfigKeys (ConfUtils.java:logGet(43)) - raft.server.notification.no-leader.timeout = 120s (custom)
2019-09-25 07:35:44,214 [pool-27-thread-1] INFO  server.RaftServerConfigKeys (ConfUtils.java:logGet(43)) - raft.server.log.use.memory = false (default)
2019-09-25 07:35:44,214 [pool-27-thread-1] INFO  server.RaftServerConfigKeys (ConfUtils.java:logGet(43)) - raft.server.log.purge.gap = 1000000 (custom)
2019-09-25 07:35:44,214 [pool-27-thread-1] INFO  server.RaftServerConfigKeys (ConfUtils.java:logGet(43)) - raft.server.log.appender.buffer.byte-limit = 33554432 (custom)
2019-09-25 07:35:44,214 [pool-27-thread-1] INFO  server.RaftServerConfigKeys (ConfUtils.java:logGet(43)) - raft.server.log.segment.size.max = 1048576 (custom)
2019-09-25 07:35:44,214 [pool-27-thread-1] INFO  server.RaftServerConfigKeys (ConfUtils.java:logGet(43)) - raft.server.log.segment.cache.num.max = 2 (custom)
2019-09-25 07:35:44,215 [pool-27-thread-1] INFO  segmented.SegmentedRaftLogWorker (SegmentedRaftLogWorker.java:<init>(172)) - new 89512cd3-5215-493c-9626-f8bc005210a2@group-595872A34ED6-SegmentedRaftLogWorker for RaftStorage:Storage Directory /workdir/hadoop-ozone/tools/target/test-dir/MiniOzoneClusterImpl-321f4562-75cd-4431-a0a7-dd0954309df4/datanode-0/data/ratis/3c136257-b3c8-4097-89f3-595872a34ed6
2019-09-25 07:35:44,215 [pool-27-thread-1] INFO  server.RaftServerConfigKeys (ConfUtils.java:logGet(43)) - raft.server.log.queue.byte-limit = 2147483647 (custom)
2019-09-25 07:35:44,215 [pool-27-thread-1] INFO  server.RaftServerConfigKeys (ConfUtils.java:logGet(43)) - raft.server.log.queue.element-limit = 1024 (custom)
2019-09-25 07:35:44,215 [pool-27-thread-1] INFO  server.RaftServerConfigKeys (ConfUtils.java:logGet(43)) - raft.server.log.segment.size.max = 1048576 (custom)
2019-09-25 07:35:44,215 [pool-27-thread-1] INFO  server.RaftServerConfigKeys (ConfUtils.java:logGet(43)) - raft.server.log.preallocated.size = 16384 (custom)
2019-09-25 07:35:44,216 [pool-27-thread-1] INFO  server.RaftServerConfigKeys (ConfUtils.java:logGet(43)) - raft.server.log.write.buffer.size = 33554432 (custom)
2019-09-25 07:35:44,216 [pool-27-thread-1] INFO  server.RaftServerConfigKeys (ConfUtils.java:logGet(43)) - raft.server.log.force.sync.num = 128 (default)
2019-09-25 07:35:44,216 [pool-27-thread-1] INFO  server.RaftServerConfigKeys (ConfUtils.java:logGet(43)) - raft.server.log.statemachine.data.sync = true (default)
2019-09-25 07:35:44,216 [pool-27-thread-1] INFO  server.RaftServerConfigKeys (ConfUtils.java:logGet(43)) - raft.server.log.statemachine.data.sync.timeout = 10s (default)
2019-09-25 07:35:44,216 [pool-27-thread-1] INFO  server.RaftServerConfigKeys (ConfUtils.java:logGet(43)) - raft.server.log.statemachine.data.sync.timeout.retry = -1 (default)
2019-09-25 07:35:44,217 [pool-27-thread-1] INFO  server.RaftServerConfigKeys (ConfUtils.java:logGet(43)) - raft.server.log.statemachine.data.caching.enabled = true (custom)
2019-09-25 07:35:44,217 [pool-27-thread-1] INFO  segmented.SegmentedRaftLogWorker (SegmentedRaftLogWorker.java:lambda$new$0(132)) - 89512cd3-5215-493c-9626-f8bc005210a2@group-595872A34ED6-SegmentedRaftLogWorker: flushIndex: setUnconditionally 0 -> -1
2019-09-25 07:35:44,217 [pool-27-thread-1] INFO  server.RaftServerConfigKeys (ConfUtils.java:logGet(43)) - raft.server.snapshot.auto.trigger.enabled = true (custom)
2019-09-25 07:35:44,218 [pool-27-thread-1] INFO  server.RaftServerConfigKeys (ConfUtils.java:logGet(43)) - raft.server.snapshot.auto.trigger.threshold = 10000 (custom)
2019-09-25 07:35:44,218 [pool-27-thread-1] INFO  server.RaftServerConfigKeys (ConfUtils.java:logGet(43)) - raft.server.snapshot.retention.num.files = 5 (custom)
2019-09-25 07:35:44,218 [pool-27-thread-1] INFO  server.RaftServerConfigKeys (ConfUtils.java:logGet(43)) - raft.server.retrycache.expirytime = 600000ms (custom)
2019-09-25 07:35:44,221 [pool-27-thread-1] INFO  impl.RaftServerImpl (RaftServerImpl.java:start(185)) - 89512cd3-5215-493c-9626-f8bc005210a2@group-595872A34ED6: start as a follower, conf=-1: [89512cd3-5215-493c-9626-f8bc005210a2:192.168.151.106:37585], old=null
2019-09-25 07:35:44,221 [pool-27-thread-1] INFO  impl.RaftServerImpl (RaftServerImpl.java:setRole(174)) - 89512cd3-5215-493c-9626-f8bc005210a2@group-595872A34ED6: changes role from      null to FOLLOWER at term 0 for startAsFollower
2019-09-25 07:35:44,222 [pool-27-thread-1] INFO  impl.RoleInfo (RoleInfo.java:updateAndGet(143)) - 89512cd3-5215-493c-9626-f8bc005210a2: start FollowerState
2019-09-25 07:35:44,222 [pool-27-thread-1] INFO  util.JmxRegister (JmxRegister.java:tryRegister(44)) - Successfully registered JMX Bean with object name Ratis:service=RaftServer,group=group-595872A34ED6,id=89512cd3-5215-493c-9626-f8bc005210a2
2019-09-25 07:35:44,228 [RatisPipelineUtilsThread] INFO  pipeline.PipelineStateManager (PipelineStateManager.java:addPipeline(56)) - Created pipeline Pipeline[ Id: 3c136257-b3c8-4097-89f3-595872a34ed6, Nodes: 89512cd3-5215-493c-9626-f8bc005210a2{ip: 192.168.151.106, host: pr-hdds-1569-x2sr2-3486766547, networkLocation: /default-rack, certSerialId: null}, Type:RATIS, Factor:ONE, State:OPEN]
2019-09-25 07:35:44,228 [RatisPipelineUtilsThread] INFO  pipeline.PipelinePlacementPolicy (PipelinePlacementPolicy.java:meetCriteria(91)) - Pipeline Placement: can't place more pipeline on heavy datanode： 0a03bc5e-b15f-4537-941b-10259ace1437 Heaviness: 6 limit: 5
2019-09-25 07:35:44,230 [RatisPipelineUtilsThread] INFO  pipeline.PipelinePlacementPolicy (PipelinePlacementPolicy.java:meetCriteria(91)) - Pipeline Placement: can't place more pipeline on heavy datanode： c3cf7509-27e8-499f-a871-32281ced9221 Heaviness: 6 limit: 5
2019-09-25 07:35:44,230 [RatisPipelineUtilsThread] INFO  pipeline.PipelinePlacementPolicy (PipelinePlacementPolicy.java:meetCriteria(91)) - Pipeline Placement: can't place more pipeline on heavy datanode： 4f9c9097-af28-4e92-8dab-50853da08db1 Heaviness: 6 limit: 5
2019-09-25 07:35:44,240 [grpc-default-executor-0] INFO  impl.RaftServerProxy (RaftServerProxy.java:addNew(89)) - 20eeef1f-c0de-4bb7-8f99-fe21c95fed30: addNew group-83E7C86EBA67:[20eeef1f-c0de-4bb7-8f99-fe21c95fed30:192.168.151.106:34100] returns group-83E7C86EBA67:java.util.concurrent.CompletableFuture@46f8cdac[Not completed]
2019-09-25 07:35:44,242 [pool-47-thread-1] INFO  impl.RaftServerImpl (RaftServerImpl.java:<init>(95)) - 20eeef1f-c0de-4bb7-8f99-fe21c95fed30: new RaftServerImpl for group-83E7C86EBA67:[20eeef1f-c0de-4bb7-8f99-fe21c95fed30:192.168.151.106:34100] with ContainerStateMachine:uninitialized
2019-09-25 07:35:44,242 [pool-47-thread-1] INFO  server.RaftServerConfigKeys (ConfUtils.java:logGet(43)) - raft.server.rpc.timeout.min = 5s (custom)
2019-09-25 07:35:44,242 [pool-47-thread-1] INFO  server.RaftServerConfigKeys (ConfUtils.java:logGet(43)) - raft.server.rpc.timeout.max = 5200ms (custom)
2019-09-25 07:35:44,242 [pool-47-thread-1] INFO  server.RaftServerConfigKeys (ConfUtils.java:logGet(43)) - raft.server.rpcslowness.timeout = 120s (custom)
2019-09-25 07:35:44,243 [pool-47-thread-1] INFO  server.RaftServerConfigKeys (ConfUtils.java:logGet(43)) - raft.server.sleep.deviation.threshold = 300 (default)
2019-09-25 07:35:44,243 [pool-47-thread-1] INFO  server.RaftServerConfigKeys (ConfUtils.java:logGet(43)) - raft.server.log.appender.install.snapshot.enabled = false (custom)
2019-09-25 07:35:44,243 [pool-47-thread-1] INFO  impl.RaftServerImpl (ServerState.java:<init>(103)) - 20eeef1f-c0de-4bb7-8f99-fe21c95fed30@group-83E7C86EBA67: ConfigurationManager, init=-1: [20eeef1f-c0de-4bb7-8f99-fe21c95fed30:192.168.151.106:34100], old=null, confs=<EMPTY_MAP>
2019-09-25 07:35:44,243 [pool-47-thread-1] INFO  server.RaftServerConfigKeys (ConfUtils.java:logGet(43)) - raft.server.storage.dir = [/workdir/hadoop-ozone/tools/target/test-dir/MiniOzoneClusterImpl-321f4562-75cd-4431-a0a7-dd0954309df4/datanode-2/data/ratis] (custom)
2019-09-25 07:35:44,243 [pool-47-thread-1] INFO  storage.RaftStorageDirectory (RaftStorageDirectory.java:analyzeStorage(246)) - The storage directory /workdir/hadoop-ozone/tools/target/test-dir/MiniOzoneClusterImpl-321f4562-75cd-4431-a0a7-dd0954309df4/datanode-2/data/ratis/b81c5783-4a3b-4755-a4f3-83e7c86eba67 does not exist. Creating ...
2019-09-25 07:35:44,267 [pool-47-thread-1] INFO  storage.RaftStorageDirectory (RaftStorageDirectory.java:tryLock(328)) - Lock on /workdir/hadoop-ozone/tools/target/test-dir/MiniOzoneClusterImpl-321f4562-75cd-4431-a0a7-dd0954309df4/datanode-2/data/ratis/b81c5783-4a3b-4755-a4f3-83e7c86eba67/in_use.lock acquired by nodename 28630@pr-hdds-1569-x2sr2-3486766547
2019-09-25 07:35:44,291 [pool-47-thread-1] INFO  storage.RaftStorage (RaftStorage.java:format(72)) - Storage directory /workdir/hadoop-ozone/tools/target/test-dir/MiniOzoneClusterImpl-321f4562-75cd-4431-a0a7-dd0954309df4/datanode-2/data/ratis/b81c5783-4a3b-4755-a4f3-83e7c86eba67 has been successfully formatted.
2019-09-25 07:35:44,291 [pool-47-thread-1] INFO  ratis.ContainerStateMachine (ContainerStateMachine.java:loadSnapshot(230)) - group-83E7C86EBA67: The snapshot info is null. Setting the last applied indexto:(t:0, i:~)
2019-09-25 07:35:44,291 [pool-47-thread-1] INFO  server.RaftServerConfigKeys (ConfUtils.java:logGet(43)) - raft.server.notification.no-leader.timeout = 120s (custom)
2019-09-25 07:35:44,292 [pool-47-thread-1] INFO  server.RaftServerConfigKeys (ConfUtils.java:logGet(43)) - raft.server.log.use.memory = false (default)
2019-09-25 07:35:44,292 [pool-47-thread-1] INFO  server.RaftServerConfigKeys (ConfUtils.java:logGet(43)) - raft.server.log.purge.gap = 1000000 (custom)
2019-09-25 07:35:44,292 [pool-47-thread-1] INFO  server.RaftServerConfigKeys (ConfUtils.java:logGet(43)) - raft.server.log.appender.buffer.byte-limit = 33554432 (custom)
2019-09-25 07:35:44,292 [pool-47-thread-1] INFO  server.RaftServerConfigKeys (ConfUtils.java:logGet(43)) - raft.server.log.segment.size.max = 1048576 (custom)
2019-09-25 07:35:44,292 [pool-47-thread-1] INFO  server.RaftServerConfigKeys (ConfUtils.java:logGet(43)) - raft.server.log.segment.cache.num.max = 2 (custom)
2019-09-25 07:35:44,292 [pool-47-thread-1] INFO  segmented.SegmentedRaftLogWorker (SegmentedRaftLogWorker.java:<init>(172)) - new 20eeef1f-c0de-4bb7-8f99-fe21c95fed30@group-83E7C86EBA67-SegmentedRaftLogWorker for RaftStorage:Storage Directory /workdir/hadoop-ozone/tools/target/test-dir/MiniOzoneClusterImpl-321f4562-75cd-4431-a0a7-dd0954309df4/datanode-2/data/ratis/b81c5783-4a3b-4755-a4f3-83e7c86eba67
2019-09-25 07:35:44,293 [pool-47-thread-1] INFO  server.RaftServerConfigKeys (ConfUtils.java:logGet(43)) - raft.server.log.queue.byte-limit = 2147483647 (custom)
2019-09-25 07:35:44,293 [pool-47-thread-1] INFO  server.RaftServerConfigKeys (ConfUtils.java:logGet(43)) - raft.server.log.queue.element-limit = 1024 (custom)
2019-09-25 07:35:44,293 [pool-47-thread-1] INFO  server.RaftServerConfigKeys (ConfUtils.java:logGet(43)) - raft.server.log.segment.size.max = 1048576 (custom)
2019-09-25 07:35:44,293 [pool-47-thread-1] INFO  server.RaftServerConfigKeys (ConfUtils.java:logGet(43)) - raft.server.log.preallocated.size = 16384 (custom)
2019-09-25 07:35:44,293 [pool-47-thread-1] INFO  server.RaftServerConfigKeys (ConfUtils.java:logGet(43)) - raft.server.log.write.buffer.size = 33554432 (custom)
2019-09-25 07:35:44,293 [pool-47-thread-1] INFO  server.RaftServerConfigKeys (ConfUtils.java:logGet(43)) - raft.server.log.force.sync.num = 128 (default)
2019-09-25 07:35:44,294 [pool-47-thread-1] INFO  server.RaftServerConfigKeys (ConfUtils.java:logGet(43)) - raft.server.log.statemachine.data.sync = true (default)
2019-09-25 07:35:44,294 [pool-47-thread-1] INFO  server.RaftServerConfigKeys (ConfUtils.java:logGet(43)) - raft.server.log.statemachine.data.sync.timeout = 10s (default)
2019-09-25 07:35:44,294 [pool-47-thread-1] INFO  server.RaftServerConfigKeys (ConfUtils.java:logGet(43)) - raft.server.log.statemachine.data.sync.timeout.retry = -1 (default)
2019-09-25 07:35:44,294 [pool-47-thread-1] INFO  server.RaftServerConfigKeys (ConfUtils.java:logGet(43)) - raft.server.log.statemachine.data.caching.enabled = true (custom)
2019-09-25 07:35:44,295 [pool-47-thread-1] INFO  segmented.SegmentedRaftLogWorker (SegmentedRaftLogWorker.java:lambda$new$0(132)) - 20eeef1f-c0de-4bb7-8f99-fe21c95fed30@group-83E7C86EBA67-SegmentedRaftLogWorker: flushIndex: setUnconditionally 0 -> -1
2019-09-25 07:35:44,295 [pool-47-thread-1] INFO  server.RaftServerConfigKeys (ConfUtils.java:logGet(43)) - raft.server.snapshot.auto.trigger.enabled = true (custom)
2019-09-25 07:35:44,295 [pool-47-thread-1] INFO  server.RaftServerConfigKeys (ConfUtils.java:logGet(43)) - raft.server.snapshot.auto.trigger.threshold = 10000 (custom)
2019-09-25 07:35:44,295 [pool-47-thread-1] INFO  server.RaftServerConfigKeys (ConfUtils.java:logGet(43)) - raft.server.snapshot.retention.num.files = 5 (custom)
2019-09-25 07:35:44,296 [pool-47-thread-1] INFO  server.RaftServerConfigKeys (ConfUtils.java:logGet(43)) - raft.server.retrycache.expirytime = 600000ms (custom)
2019-09-25 07:35:44,298 [pool-47-thread-1] INFO  impl.RaftServerImpl (RaftServerImpl.java:start(185)) - 20eeef1f-c0de-4bb7-8f99-fe21c95fed30@group-83E7C86EBA67: start as a follower, conf=-1: [20eeef1f-c0de-4bb7-8f99-fe21c95fed30:192.168.151.106:34100], old=null
2019-09-25 07:35:44,299 [pool-47-thread-1] INFO  impl.RaftServerImpl (RaftServerImpl.java:setRole(174)) - 20eeef1f-c0de-4bb7-8f99-fe21c95fed30@group-83E7C86EBA67: changes role from      null to FOLLOWER at term 0 for startAsFollower
2019-09-25 07:35:44,299 [pool-47-thread-1] INFO  impl.RoleInfo (RoleInfo.java:updateAndGet(143)) - 20eeef1f-c0de-4bb7-8f99-fe21c95fed30: start FollowerState
2019-09-25 07:35:44,299 [pool-47-thread-1] INFO  util.JmxRegister (JmxRegister.java:tryRegister(44)) - Successfully registered JMX Bean with object name Ratis:service=RaftServer,group=group-83E7C86EBA67,id=20eeef1f-c0de-4bb7-8f99-fe21c95fed30
2019-09-25 07:35:44,305 [RatisPipelineUtilsThread] INFO  pipeline.PipelineStateManager (PipelineStateManager.java:addPipeline(56)) - Created pipeline Pipeline[ Id: b81c5783-4a3b-4755-a4f3-83e7c86eba67, Nodes: 20eeef1f-c0de-4bb7-8f99-fe21c95fed30{ip: 192.168.151.106, host: pr-hdds-1569-x2sr2-3486766547, networkLocation: /default-rack, certSerialId: null}, Type:RATIS, Factor:ONE, State:OPEN]
2019-09-25 07:35:44,305 [RatisPipelineUtilsThread] INFO  pipeline.PipelinePlacementPolicy (PipelinePlacementPolicy.java:meetCriteria(91)) - Pipeline Placement: can't place more pipeline on heavy datanode： 0a03bc5e-b15f-4537-941b-10259ace1437 Heaviness: 6 limit: 5
2019-09-25 07:35:44,305 [RatisPipelineUtilsThread] INFO  pipeline.PipelinePlacementPolicy (PipelinePlacementPolicy.java:meetCriteria(91)) - Pipeline Placement: can't place more pipeline on heavy datanode： c3cf7509-27e8-499f-a871-32281ced9221 Heaviness: 6 limit: 5
2019-09-25 07:35:44,307 [RatisPipelineUtilsThread] INFO  pipeline.PipelinePlacementPolicy (PipelinePlacementPolicy.java:meetCriteria(91)) - Pipeline Placement: can't place more pipeline on heavy datanode： 4f9c9097-af28-4e92-8dab-50853da08db1 Heaviness: 6 limit: 5
2019-09-25 07:35:44,318 [grpc-default-executor-0] INFO  impl.RaftServerProxy (RaftServerProxy.java:addNew(89)) - 20eeef1f-c0de-4bb7-8f99-fe21c95fed30: addNew group-8DAA12D53A66:[20eeef1f-c0de-4bb7-8f99-fe21c95fed30:192.168.151.106:34100] returns group-8DAA12D53A66:java.util.concurrent.CompletableFuture@482cfe1d[Not completed]
2019-09-25 07:35:44,319 [pool-47-thread-1] INFO  impl.RaftServerImpl (RaftServerImpl.java:<init>(95)) - 20eeef1f-c0de-4bb7-8f99-fe21c95fed30: new RaftServerImpl for group-8DAA12D53A66:[20eeef1f-c0de-4bb7-8f99-fe21c95fed30:192.168.151.106:34100] with ContainerStateMachine:uninitialized
2019-09-25 07:35:44,320 [pool-47-thread-1] INFO  server.RaftServerConfigKeys (ConfUtils.java:logGet(43)) - raft.server.rpc.timeout.min = 5s (custom)
2019-09-25 07:35:44,320 [pool-47-thread-1] INFO  server.RaftServerConfigKeys (ConfUtils.java:logGet(43)) - raft.server.rpc.timeout.max = 5200ms (custom)
2019-09-25 07:35:44,320 [pool-47-thread-1] INFO  server.RaftServerConfigKeys (ConfUtils.java:logGet(43)) - raft.server.rpcslowness.timeout = 120s (custom)
2019-09-25 07:35:44,320 [pool-47-thread-1] INFO  server.RaftServerConfigKeys (ConfUtils.java:logGet(43)) - raft.server.sleep.deviation.threshold = 300 (default)
2019-09-25 07:35:44,320 [pool-47-thread-1] INFO  server.RaftServerConfigKeys (ConfUtils.java:logGet(43)) - raft.server.log.appender.install.snapshot.enabled = false (custom)
2019-09-25 07:35:44,320 [pool-47-thread-1] INFO  impl.RaftServerImpl (ServerState.java:<init>(103)) - 20eeef1f-c0de-4bb7-8f99-fe21c95fed30@group-8DAA12D53A66: ConfigurationManager, init=-1: [20eeef1f-c0de-4bb7-8f99-fe21c95fed30:192.168.151.106:34100], old=null, confs=<EMPTY_MAP>
2019-09-25 07:35:44,321 [pool-47-thread-1] INFO  server.RaftServerConfigKeys (ConfUtils.java:logGet(43)) - raft.server.storage.dir = [/workdir/hadoop-ozone/tools/target/test-dir/MiniOzoneClusterImpl-321f4562-75cd-4431-a0a7-dd0954309df4/datanode-2/data/ratis] (custom)
2019-09-25 07:35:44,321 [pool-47-thread-1] INFO  storage.RaftStorageDirectory (RaftStorageDirectory.java:analyzeStorage(246)) - The storage directory /workdir/hadoop-ozone/tools/target/test-dir/MiniOzoneClusterImpl-321f4562-75cd-4431-a0a7-dd0954309df4/datanode-2/data/ratis/58d0b6de-948a-4836-b4fd-8daa12d53a66 does not exist. Creating ...
2019-09-25 07:35:44,342 [pool-47-thread-1] INFO  storage.RaftStorageDirectory (RaftStorageDirectory.java:tryLock(328)) - Lock on /workdir/hadoop-ozone/tools/target/test-dir/MiniOzoneClusterImpl-321f4562-75cd-4431-a0a7-dd0954309df4/datanode-2/data/ratis/58d0b6de-948a-4836-b4fd-8daa12d53a66/in_use.lock acquired by nodename 28630@pr-hdds-1569-x2sr2-3486766547
2019-09-25 07:35:44,365 [pool-47-thread-1] INFO  storage.RaftStorage (RaftStorage.java:format(72)) - Storage directory /workdir/hadoop-ozone/tools/target/test-dir/MiniOzoneClusterImpl-321f4562-75cd-4431-a0a7-dd0954309df4/datanode-2/data/ratis/58d0b6de-948a-4836-b4fd-8daa12d53a66 has been successfully formatted.
2019-09-25 07:35:44,366 [pool-47-thread-1] INFO  ratis.ContainerStateMachine (ContainerStateMachine.java:loadSnapshot(230)) - group-8DAA12D53A66: The snapshot info is null. Setting the last applied indexto:(t:0, i:~)
2019-09-25 07:35:44,366 [pool-47-thread-1] INFO  server.RaftServerConfigKeys (ConfUtils.java:logGet(43)) - raft.server.notification.no-leader.timeout = 120s (custom)
2019-09-25 07:35:44,366 [pool-47-thread-1] INFO  server.RaftServerConfigKeys (ConfUtils.java:logGet(43)) - raft.server.log.use.memory = false (default)
2019-09-25 07:35:44,366 [pool-47-thread-1] INFO  server.RaftServerConfigKeys (ConfUtils.java:logGet(43)) - raft.server.log.purge.gap = 1000000 (custom)
2019-09-25 07:35:44,367 [pool-47-thread-1] INFO  server.RaftServerConfigKeys (ConfUtils.java:logGet(43)) - raft.server.log.appender.buffer.byte-limit = 33554432 (custom)
2019-09-25 07:35:44,367 [pool-47-thread-1] INFO  server.RaftServerConfigKeys (ConfUtils.java:logGet(43)) - raft.server.log.segment.size.max = 1048576 (custom)
2019-09-25 07:35:44,367 [pool-47-thread-1] INFO  server.RaftServerConfigKeys (ConfUtils.java:logGet(43)) - raft.server.log.segment.cache.num.max = 2 (custom)
2019-09-25 07:35:44,367 [pool-47-thread-1] INFO  segmented.SegmentedRaftLogWorker (SegmentedRaftLogWorker.java:<init>(172)) - new 20eeef1f-c0de-4bb7-8f99-fe21c95fed30@group-8DAA12D53A66-SegmentedRaftLogWorker for RaftStorage:Storage Directory /workdir/hadoop-ozone/tools/target/test-dir/MiniOzoneClusterImpl-321f4562-75cd-4431-a0a7-dd0954309df4/datanode-2/data/ratis/58d0b6de-948a-4836-b4fd-8daa12d53a66
2019-09-25 07:35:44,367 [pool-47-thread-1] INFO  server.RaftServerConfigKeys (ConfUtils.java:logGet(43)) - raft.server.log.queue.byte-limit = 2147483647 (custom)
2019-09-25 07:35:44,368 [pool-47-thread-1] INFO  server.RaftServerConfigKeys (ConfUtils.java:logGet(43)) - raft.server.log.queue.element-limit = 1024 (custom)
2019-09-25 07:35:44,368 [pool-47-thread-1] INFO  server.RaftServerConfigKeys (ConfUtils.java:logGet(43)) - raft.server.log.segment.size.max = 1048576 (custom)
2019-09-25 07:35:44,368 [pool-47-thread-1] INFO  server.RaftServerConfigKeys (ConfUtils.java:logGet(43)) - raft.server.log.preallocated.size = 16384 (custom)
2019-09-25 07:35:44,368 [pool-47-thread-1] INFO  server.RaftServerConfigKeys (ConfUtils.java:logGet(43)) - raft.server.log.write.buffer.size = 33554432 (custom)
2019-09-25 07:35:44,368 [pool-47-thread-1] INFO  server.RaftServerConfigKeys (ConfUtils.java:logGet(43)) - raft.server.log.force.sync.num = 128 (default)
2019-09-25 07:35:44,368 [pool-47-thread-1] INFO  server.RaftServerConfigKeys (ConfUtils.java:logGet(43)) - raft.server.log.statemachine.data.sync = true (default)
2019-09-25 07:35:44,369 [pool-47-thread-1] INFO  server.RaftServerConfigKeys (ConfUtils.java:logGet(43)) - raft.server.log.statemachine.data.sync.timeout = 10s (default)
2019-09-25 07:35:44,369 [pool-47-thread-1] INFO  server.RaftServerConfigKeys (ConfUtils.java:logGet(43)) - raft.server.log.statemachine.data.sync.timeout.retry = -1 (default)
2019-09-25 07:35:44,369 [pool-47-thread-1] INFO  server.RaftServerConfigKeys (ConfUtils.java:logGet(43)) - raft.server.log.statemachine.data.caching.enabled = true (custom)
2019-09-25 07:35:44,370 [pool-47-thread-1] INFO  segmented.SegmentedRaftLogWorker (SegmentedRaftLogWorker.java:lambda$new$0(132)) - 20eeef1f-c0de-4bb7-8f99-fe21c95fed30@group-8DAA12D53A66-SegmentedRaftLogWorker: flushIndex: setUnconditionally 0 -> -1
2019-09-25 07:35:44,370 [pool-47-thread-1] INFO  server.RaftServerConfigKeys (ConfUtils.java:logGet(43)) - raft.server.snapshot.auto.trigger.enabled = true (custom)
2019-09-25 07:35:44,370 [pool-47-thread-1] INFO  server.RaftServerConfigKeys (ConfUtils.java:logGet(43)) - raft.server.snapshot.auto.trigger.threshold = 10000 (custom)
2019-09-25 07:35:44,370 [pool-47-thread-1] INFO  server.RaftServerConfigKeys (ConfUtils.java:logGet(43)) - raft.server.snapshot.retention.num.files = 5 (custom)
2019-09-25 07:35:44,371 [pool-47-thread-1] INFO  server.RaftServerConfigKeys (ConfUtils.java:logGet(43)) - raft.server.retrycache.expirytime = 600000ms (custom)
2019-09-25 07:35:44,374 [pool-47-thread-1] INFO  impl.RaftServerImpl (RaftServerImpl.java:start(185)) - 20eeef1f-c0de-4bb7-8f99-fe21c95fed30@group-8DAA12D53A66: start as a follower, conf=-1: [20eeef1f-c0de-4bb7-8f99-fe21c95fed30:192.168.151.106:34100], old=null
2019-09-25 07:35:44,374 [pool-47-thread-1] INFO  impl.RaftServerImpl (RaftServerImpl.java:setRole(174)) - 20eeef1f-c0de-4bb7-8f99-fe21c95fed30@group-8DAA12D53A66: changes role from      null to FOLLOWER at term 0 for startAsFollower
2019-09-25 07:35:44,374 [pool-47-thread-1] INFO  impl.RoleInfo (RoleInfo.java:updateAndGet(143)) - 20eeef1f-c0de-4bb7-8f99-fe21c95fed30: start FollowerState
2019-09-25 07:35:44,375 [pool-47-thread-1] INFO  util.JmxRegister (JmxRegister.java:tryRegister(44)) - Successfully registered JMX Bean with object name Ratis:service=RaftServer,group=group-8DAA12D53A66,id=20eeef1f-c0de-4bb7-8f99-fe21c95fed30
2019-09-25 07:35:44,381 [RatisPipelineUtilsThread] INFO  pipeline.PipelineStateManager (PipelineStateManager.java:addPipeline(56)) - Created pipeline Pipeline[ Id: 58d0b6de-948a-4836-b4fd-8daa12d53a66, Nodes: 20eeef1f-c0de-4bb7-8f99-fe21c95fed30{ip: 192.168.151.106, host: pr-hdds-1569-x2sr2-3486766547, networkLocation: /default-rack, certSerialId: null}, Type:RATIS, Factor:ONE, State:OPEN]
2019-09-25 07:35:44,382 [RatisPipelineUtilsThread] INFO  pipeline.PipelinePlacementPolicy (PipelinePlacementPolicy.java:meetCriteria(91)) - Pipeline Placement: can't place more pipeline on heavy datanode： 0a03bc5e-b15f-4537-941b-10259ace1437 Heaviness: 6 limit: 5
2019-09-25 07:35:44,382 [RatisPipelineUtilsThread] INFO  pipeline.PipelinePlacementPolicy (PipelinePlacementPolicy.java:meetCriteria(91)) - Pipeline Placement: can't place more pipeline on heavy datanode： c3cf7509-27e8-499f-a871-32281ced9221 Heaviness: 6 limit: 5
2019-09-25 07:35:44,382 [RatisPipelineUtilsThread] INFO  pipeline.PipelinePlacementPolicy (PipelinePlacementPolicy.java:meetCriteria(91)) - Pipeline Placement: can't place more pipeline on heavy datanode： 4f9c9097-af28-4e92-8dab-50853da08db1 Heaviness: 6 limit: 5
2019-09-25 07:35:44,382 [RatisPipelineUtilsThread] INFO  pipeline.PipelinePlacementPolicy (PipelinePlacementPolicy.java:meetCriteria(91)) - Pipeline Placement: can't place more pipeline on heavy datanode： 20eeef1f-c0de-4bb7-8f99-fe21c95fed30 Heaviness: 6 limit: 5
2019-09-25 07:35:44,392 [grpc-default-executor-0] INFO  impl.RaftServerProxy (RaftServerProxy.java:addNew(89)) - 89512cd3-5215-493c-9626-f8bc005210a2: addNew group-9A88A66E7CF5:[89512cd3-5215-493c-9626-f8bc005210a2:192.168.151.106:37585] returns group-9A88A66E7CF5:java.util.concurrent.CompletableFuture@4c35b056[Not completed]
2019-09-25 07:35:44,394 [pool-27-thread-1] INFO  impl.RaftServerImpl (RaftServerImpl.java:<init>(95)) - 89512cd3-5215-493c-9626-f8bc005210a2: new RaftServerImpl for group-9A88A66E7CF5:[89512cd3-5215-493c-9626-f8bc005210a2:192.168.151.106:37585] with ContainerStateMachine:uninitialized
2019-09-25 07:35:44,394 [pool-27-thread-1] INFO  server.RaftServerConfigKeys (ConfUtils.java:logGet(43)) - raft.server.rpc.timeout.min = 5s (custom)
2019-09-25 07:35:44,394 [pool-27-thread-1] INFO  server.RaftServerConfigKeys (ConfUtils.java:logGet(43)) - raft.server.rpc.timeout.max = 5200ms (custom)
2019-09-25 07:35:44,394 [pool-27-thread-1] INFO  server.RaftServerConfigKeys (ConfUtils.java:logGet(43)) - raft.server.rpcslowness.timeout = 120s (custom)
2019-09-25 07:35:44,394 [pool-27-thread-1] INFO  server.RaftServerConfigKeys (ConfUtils.java:logGet(43)) - raft.server.sleep.deviation.threshold = 300 (default)
2019-09-25 07:35:44,394 [pool-27-thread-1] INFO  server.RaftServerConfigKeys (ConfUtils.java:logGet(43)) - raft.server.log.appender.install.snapshot.enabled = false (custom)
2019-09-25 07:35:44,395 [pool-27-thread-1] INFO  impl.RaftServerImpl (ServerState.java:<init>(103)) - 89512cd3-5215-493c-9626-f8bc005210a2@group-9A88A66E7CF5: ConfigurationManager, init=-1: [89512cd3-5215-493c-9626-f8bc005210a2:192.168.151.106:37585], old=null, confs=<EMPTY_MAP>
2019-09-25 07:35:44,395 [pool-27-thread-1] INFO  server.RaftServerConfigKeys (ConfUtils.java:logGet(43)) - raft.server.storage.dir = [/workdir/hadoop-ozone/tools/target/test-dir/MiniOzoneClusterImpl-321f4562-75cd-4431-a0a7-dd0954309df4/datanode-0/data/ratis] (custom)
2019-09-25 07:35:44,395 [pool-27-thread-1] INFO  storage.RaftStorageDirectory (RaftStorageDirectory.java:analyzeStorage(246)) - The storage directory /workdir/hadoop-ozone/tools/target/test-dir/MiniOzoneClusterImpl-321f4562-75cd-4431-a0a7-dd0954309df4/datanode-0/data/ratis/b979f489-e383-43d9-abaa-9a88a66e7cf5 does not exist. Creating ...
2019-09-25 07:35:44,430 [pool-27-thread-1] INFO  storage.RaftStorageDirectory (RaftStorageDirectory.java:tryLock(328)) - Lock on /workdir/hadoop-ozone/tools/target/test-dir/MiniOzoneClusterImpl-321f4562-75cd-4431-a0a7-dd0954309df4/datanode-0/data/ratis/b979f489-e383-43d9-abaa-9a88a66e7cf5/in_use.lock acquired by nodename 28630@pr-hdds-1569-x2sr2-3486766547
2019-09-25 07:35:44,456 [pool-27-thread-1] INFO  storage.RaftStorage (RaftStorage.java:format(72)) - Storage directory /workdir/hadoop-ozone/tools/target/test-dir/MiniOzoneClusterImpl-321f4562-75cd-4431-a0a7-dd0954309df4/datanode-0/data/ratis/b979f489-e383-43d9-abaa-9a88a66e7cf5 has been successfully formatted.
2019-09-25 07:35:44,456 [pool-27-thread-1] INFO  ratis.ContainerStateMachine (ContainerStateMachine.java:loadSnapshot(230)) - group-9A88A66E7CF5: The snapshot info is null. Setting the last applied indexto:(t:0, i:~)
2019-09-25 07:35:44,456 [pool-27-thread-1] INFO  server.RaftServerConfigKeys (ConfUtils.java:logGet(43)) - raft.server.notification.no-leader.timeout = 120s (custom)
2019-09-25 07:35:44,457 [pool-27-thread-1] INFO  server.RaftServerConfigKeys (ConfUtils.java:logGet(43)) - raft.server.log.use.memory = false (default)
2019-09-25 07:35:44,457 [pool-27-thread-1] INFO  server.RaftServerConfigKeys (ConfUtils.java:logGet(43)) - raft.server.log.purge.gap = 1000000 (custom)
2019-09-25 07:35:44,457 [pool-27-thread-1] INFO  server.RaftServerConfigKeys (ConfUtils.java:logGet(43)) - raft.server.log.appender.buffer.byte-limit = 33554432 (custom)
2019-09-25 07:35:44,457 [pool-27-thread-1] INFO  server.RaftServerConfigKeys (ConfUtils.java:logGet(43)) - raft.server.log.segment.size.max = 1048576 (custom)
2019-09-25 07:35:44,457 [pool-27-thread-1] INFO  server.RaftServerConfigKeys (ConfUtils.java:logGet(43)) - raft.server.log.segment.cache.num.max = 2 (custom)
2019-09-25 07:35:44,458 [pool-27-thread-1] INFO  segmented.SegmentedRaftLogWorker (SegmentedRaftLogWorker.java:<init>(172)) - new 89512cd3-5215-493c-9626-f8bc005210a2@group-9A88A66E7CF5-SegmentedRaftLogWorker for RaftStorage:Storage Directory /workdir/hadoop-ozone/tools/target/test-dir/MiniOzoneClusterImpl-321f4562-75cd-4431-a0a7-dd0954309df4/datanode-0/data/ratis/b979f489-e383-43d9-abaa-9a88a66e7cf5
2019-09-25 07:35:44,458 [pool-27-thread-1] INFO  server.RaftServerConfigKeys (ConfUtils.java:logGet(43)) - raft.server.log.queue.byte-limit = 2147483647 (custom)
2019-09-25 07:35:44,458 [pool-27-thread-1] INFO  server.RaftServerConfigKeys (ConfUtils.java:logGet(43)) - raft.server.log.queue.element-limit = 1024 (custom)
2019-09-25 07:35:44,458 [pool-27-thread-1] INFO  server.RaftServerConfigKeys (ConfUtils.java:logGet(43)) - raft.server.log.segment.size.max = 1048576 (custom)
2019-09-25 07:35:44,458 [pool-27-thread-1] INFO  server.RaftServerConfigKeys (ConfUtils.java:logGet(43)) - raft.server.log.preallocated.size = 16384 (custom)
2019-09-25 07:35:44,459 [pool-27-thread-1] INFO  server.RaftServerConfigKeys (ConfUtils.java:logGet(43)) - raft.server.log.write.buffer.size = 33554432 (custom)
2019-09-25 07:35:44,459 [pool-27-thread-1] INFO  server.RaftServerConfigKeys (ConfUtils.java:logGet(43)) - raft.server.log.force.sync.num = 128 (default)
2019-09-25 07:35:44,459 [pool-27-thread-1] INFO  server.RaftServerConfigKeys (ConfUtils.java:logGet(43)) - raft.server.log.statemachine.data.sync = true (default)
2019-09-25 07:35:44,459 [pool-27-thread-1] INFO  server.RaftServerConfigKeys (ConfUtils.java:logGet(43)) - raft.server.log.statemachine.data.sync.timeout = 10s (default)
2019-09-25 07:35:44,459 [pool-27-thread-1] INFO  server.RaftServerConfigKeys (ConfUtils.java:logGet(43)) - raft.server.log.statemachine.data.sync.timeout.retry = -1 (default)
2019-09-25 07:35:44,459 [pool-27-thread-1] INFO  server.RaftServerConfigKeys (ConfUtils.java:logGet(43)) - raft.server.log.statemachine.data.caching.enabled = true (custom)
2019-09-25 07:35:44,460 [pool-27-thread-1] INFO  segmented.SegmentedRaftLogWorker (SegmentedRaftLogWorker.java:lambda$new$0(132)) - 89512cd3-5215-493c-9626-f8bc005210a2@group-9A88A66E7CF5-SegmentedRaftLogWorker: flushIndex: setUnconditionally 0 -> -1
2019-09-25 07:35:44,460 [pool-27-thread-1] INFO  server.RaftServerConfigKeys (ConfUtils.java:logGet(43)) - raft.server.snapshot.auto.trigger.enabled = true (custom)
2019-09-25 07:35:44,460 [pool-27-thread-1] INFO  server.RaftServerConfigKeys (ConfUtils.java:logGet(43)) - raft.server.snapshot.auto.trigger.threshold = 10000 (custom)
2019-09-25 07:35:44,461 [pool-27-thread-1] INFO  server.RaftServerConfigKeys (ConfUtils.java:logGet(43)) - raft.server.snapshot.retention.num.files = 5 (custom)
2019-09-25 07:35:44,461 [pool-27-thread-1] INFO  server.RaftServerConfigKeys (ConfUtils.java:logGet(43)) - raft.server.retrycache.expirytime = 600000ms (custom)
2019-09-25 07:35:44,464 [pool-27-thread-1] INFO  impl.RaftServerImpl (RaftServerImpl.java:start(185)) - 89512cd3-5215-493c-9626-f8bc005210a2@group-9A88A66E7CF5: start as a follower, conf=-1: [89512cd3-5215-493c-9626-f8bc005210a2:192.168.151.106:37585], old=null
2019-09-25 07:35:44,464 [pool-27-thread-1] INFO  impl.RaftServerImpl (RaftServerImpl.java:setRole(174)) - 89512cd3-5215-493c-9626-f8bc005210a2@group-9A88A66E7CF5: changes role from      null to FOLLOWER at term 0 for startAsFollower
2019-09-25 07:35:44,464 [pool-27-thread-1] INFO  impl.RoleInfo (RoleInfo.java:updateAndGet(143)) - 89512cd3-5215-493c-9626-f8bc005210a2: start FollowerState
2019-09-25 07:35:44,465 [pool-27-thread-1] INFO  util.JmxRegister (JmxRegister.java:tryRegister(44)) - Successfully registered JMX Bean with object name Ratis:service=RaftServer,group=group-9A88A66E7CF5,id=89512cd3-5215-493c-9626-f8bc005210a2
2019-09-25 07:35:44,470 [RatisPipelineUtilsThread] INFO  pipeline.PipelineStateManager (PipelineStateManager.java:addPipeline(56)) - Created pipeline Pipeline[ Id: b979f489-e383-43d9-abaa-9a88a66e7cf5, Nodes: 89512cd3-5215-493c-9626-f8bc005210a2{ip: 192.168.151.106, host: pr-hdds-1569-x2sr2-3486766547, networkLocation: /default-rack, certSerialId: null}, Type:RATIS, Factor:ONE, State:OPEN]
2019-09-25 07:35:44,470 [RatisPipelineUtilsThread] INFO  pipeline.PipelinePlacementPolicy (PipelinePlacementPolicy.java:meetCriteria(91)) - Pipeline Placement: can't place more pipeline on heavy datanode： 89512cd3-5215-493c-9626-f8bc005210a2 Heaviness: 6 limit: 5
2019-09-25 07:35:44,470 [RatisPipelineUtilsThread] INFO  pipeline.PipelinePlacementPolicy (PipelinePlacementPolicy.java:meetCriteria(91)) - Pipeline Placement: can't place more pipeline on heavy datanode： 0a03bc5e-b15f-4537-941b-10259ace1437 Heaviness: 6 limit: 5
2019-09-25 07:35:44,471 [RatisPipelineUtilsThread] INFO  pipeline.PipelinePlacementPolicy (PipelinePlacementPolicy.java:meetCriteria(91)) - Pipeline Placement: can't place more pipeline on heavy datanode： c3cf7509-27e8-499f-a871-32281ced9221 Heaviness: 6 limit: 5
2019-09-25 07:35:44,471 [RatisPipelineUtilsThread] INFO  pipeline.PipelinePlacementPolicy (PipelinePlacementPolicy.java:meetCriteria(91)) - Pipeline Placement: can't place more pipeline on heavy datanode： 4f9c9097-af28-4e92-8dab-50853da08db1 Heaviness: 6 limit: 5
2019-09-25 07:35:44,471 [RatisPipelineUtilsThread] INFO  pipeline.PipelinePlacementPolicy (PipelinePlacementPolicy.java:meetCriteria(91)) - Pipeline Placement: can't place more pipeline on heavy datanode： 20eeef1f-c0de-4bb7-8f99-fe21c95fed30 Heaviness: 6 limit: 5
2019-09-25 07:35:44,471 [RatisPipelineUtilsThread] ERROR pipeline.PipelinePlacementPolicy (PipelinePlacementPolicy.java:filterViableNodes(148)) - Unable to find enough nodes that meet the criteria that cannot engage in more than 5 pipelines. Nodes required: 1 Found: 0, healthy nodes count inNodeManager: 5.
2019-09-25 07:35:44,474 [RatisPipelineUtilsThread] ERROR pipeline.SCMPipelineManager (SCMPipelineManager.java:createPipeline(167)) - Pipeline creation failed.
org.apache.hadoop.hdds.scm.exceptions.SCMException: Unable to find enough nodes that meet the criteria that cannot engage in more than 5 pipelines. Nodes required: 1 Found: 0, healthy nodes count inNodeManager: 5.
	at org.apache.hadoop.hdds.scm.pipeline.PipelinePlacementPolicy.filterViableNodes(PipelinePlacementPolicy.java:149)
	at org.apache.hadoop.hdds.scm.pipeline.PipelinePlacementPolicy.chooseDatanodes(PipelinePlacementPolicy.java:172)
	at org.apache.hadoop.hdds.scm.pipeline.RatisPipelineProvider.create(RatisPipelineProvider.java:93)
	at org.apache.hadoop.hdds.scm.pipeline.PipelineFactory.create(PipelineFactory.java:58)
	at org.apache.hadoop.hdds.scm.pipeline.SCMPipelineManager.createPipeline(SCMPipelineManager.java:155)
	at org.apache.hadoop.hdds.scm.pipeline.BackgroundPipelineCreator.createPipelines(BackgroundPipelineCreator.java:99)
	at java.util.concurrent.Executors$RunnableAdapter.call(Executors.java:511)
	at java.util.concurrent.FutureTask.run(FutureTask.java:266)
	at java.util.concurrent.ScheduledThreadPoolExecutor$ScheduledFutureTask.access$201(ScheduledThreadPoolExecutor.java:180)
	at java.util.concurrent.ScheduledThreadPoolExecutor$ScheduledFutureTask.run(ScheduledThreadPoolExecutor.java:293)
	at java.util.concurrent.ThreadPoolExecutor.runWorker(ThreadPoolExecutor.java:1149)
	at java.util.concurrent.ThreadPoolExecutor$Worker.run(ThreadPoolExecutor.java:624)
	at java.lang.Thread.run(Thread.java:748)
2019-09-25 07:35:44,477 [RatisPipelineUtilsThread] INFO  pipeline.PipelinePlacementPolicy (PipelinePlacementPolicy.java:meetCriteria(91)) - Pipeline Placement: can't place more pipeline on heavy datanode： 89512cd3-5215-493c-9626-f8bc005210a2 Heaviness: 6 limit: 5
2019-09-25 07:35:44,477 [RatisPipelineUtilsThread] INFO  pipeline.PipelinePlacementPolicy (PipelinePlacementPolicy.java:meetCriteria(91)) - Pipeline Placement: can't place more pipeline on heavy datanode： 0a03bc5e-b15f-4537-941b-10259ace1437 Heaviness: 6 limit: 5
2019-09-25 07:35:44,477 [RatisPipelineUtilsThread] INFO  pipeline.PipelinePlacementPolicy (PipelinePlacementPolicy.java:meetCriteria(91)) - Pipeline Placement: can't place more pipeline on heavy datanode： c3cf7509-27e8-499f-a871-32281ced9221 Heaviness: 6 limit: 5
2019-09-25 07:35:44,477 [RatisPipelineUtilsThread] INFO  pipeline.PipelinePlacementPolicy (PipelinePlacementPolicy.java:meetCriteria(91)) - Pipeline Placement: can't place more pipeline on heavy datanode： 4f9c9097-af28-4e92-8dab-50853da08db1 Heaviness: 6 limit: 5
2019-09-25 07:35:44,478 [RatisPipelineUtilsThread] INFO  pipeline.PipelinePlacementPolicy (PipelinePlacementPolicy.java:meetCriteria(91)) - Pipeline Placement: can't place more pipeline on heavy datanode： 20eeef1f-c0de-4bb7-8f99-fe21c95fed30 Heaviness: 6 limit: 5
2019-09-25 07:35:44,478 [RatisPipelineUtilsThread] ERROR pipeline.PipelinePlacementPolicy (PipelinePlacementPolicy.java:filterViableNodes(148)) - Unable to find enough nodes that meet the criteria that cannot engage in more than 5 pipelines. Nodes required: 3 Found: 0, healthy nodes count inNodeManager: 5.
2019-09-25 07:35:44,478 [RatisPipelineUtilsThread] ERROR pipeline.SCMPipelineManager (SCMPipelineManager.java:createPipeline(167)) - Pipeline creation failed.
org.apache.hadoop.hdds.scm.exceptions.SCMException: Unable to find enough nodes that meet the criteria that cannot engage in more than 5 pipelines. Nodes required: 3 Found: 0, healthy nodes count inNodeManager: 5.
	at org.apache.hadoop.hdds.scm.pipeline.PipelinePlacementPolicy.filterViableNodes(PipelinePlacementPolicy.java:149)
	at org.apache.hadoop.hdds.scm.pipeline.PipelinePlacementPolicy.chooseDatanodes(PipelinePlacementPolicy.java:172)
	at org.apache.hadoop.hdds.scm.pipeline.RatisPipelineProvider.create(RatisPipelineProvider.java:93)
	at org.apache.hadoop.hdds.scm.pipeline.PipelineFactory.create(PipelineFactory.java:58)
	at org.apache.hadoop.hdds.scm.pipeline.SCMPipelineManager.createPipeline(SCMPipelineManager.java:155)
	at org.apache.hadoop.hdds.scm.pipeline.BackgroundPipelineCreator.createPipelines(BackgroundPipelineCreator.java:99)
	at java.util.concurrent.Executors$RunnableAdapter.call(Executors.java:511)
	at java.util.concurrent.FutureTask.run(FutureTask.java:266)
	at java.util.concurrent.ScheduledThreadPoolExecutor$ScheduledFutureTask.access$201(ScheduledThreadPoolExecutor.java:180)
	at java.util.concurrent.ScheduledThreadPoolExecutor$ScheduledFutureTask.run(ScheduledThreadPoolExecutor.java:293)
	at java.util.concurrent.ThreadPoolExecutor.runWorker(ThreadPoolExecutor.java:1149)
	at java.util.concurrent.ThreadPoolExecutor$Worker.run(ThreadPoolExecutor.java:624)
	at java.lang.Thread.run(Thread.java:748)
2019-09-25 07:35:44,480 [RatisPipelineUtilsThread] INFO  pipeline.PipelinePlacementPolicy (PipelinePlacementPolicy.java:meetCriteria(91)) - Pipeline Placement: can't place more pipeline on heavy datanode： 89512cd3-5215-493c-9626-f8bc005210a2 Heaviness: 6 limit: 5
2019-09-25 07:35:44,481 [RatisPipelineUtilsThread] INFO  pipeline.PipelinePlacementPolicy (PipelinePlacementPolicy.java:meetCriteria(91)) - Pipeline Placement: can't place more pipeline on heavy datanode： 0a03bc5e-b15f-4537-941b-10259ace1437 Heaviness: 6 limit: 5
2019-09-25 07:35:44,481 [RatisPipelineUtilsThread] INFO  pipeline.PipelinePlacementPolicy (PipelinePlacementPolicy.java:meetCriteria(91)) - Pipeline Placement: can't place more pipeline on heavy datanode： c3cf7509-27e8-499f-a871-32281ced9221 Heaviness: 6 limit: 5
2019-09-25 07:35:44,481 [RatisPipelineUtilsThread] INFO  pipeline.PipelinePlacementPolicy (PipelinePlacementPolicy.java:meetCriteria(91)) - Pipeline Placement: can't place more pipeline on heavy datanode： 4f9c9097-af28-4e92-8dab-50853da08db1 Heaviness: 6 limit: 5
2019-09-25 07:35:44,481 [RatisPipelineUtilsThread] INFO  pipeline.PipelinePlacementPolicy (PipelinePlacementPolicy.java:meetCriteria(91)) - Pipeline Placement: can't place more pipeline on heavy datanode： 20eeef1f-c0de-4bb7-8f99-fe21c95fed30 Heaviness: 6 limit: 5
2019-09-25 07:35:44,482 [RatisPipelineUtilsThread] ERROR pipeline.PipelinePlacementPolicy (PipelinePlacementPolicy.java:filterViableNodes(148)) - Unable to find enough nodes that meet the criteria that cannot engage in more than 5 pipelines. Nodes required: 1 Found: 0, healthy nodes count inNodeManager: 5.
2019-09-25 07:35:44,482 [RatisPipelineUtilsThread] ERROR pipeline.SCMPipelineManager (SCMPipelineManager.java:createPipeline(167)) - Pipeline creation failed.
org.apache.hadoop.hdds.scm.exceptions.SCMException: Unable to find enough nodes that meet the criteria that cannot engage in more than 5 pipelines. Nodes required: 1 Found: 0, healthy nodes count inNodeManager: 5.
	at org.apache.hadoop.hdds.scm.pipeline.PipelinePlacementPolicy.filterViableNodes(PipelinePlacementPolicy.java:149)
	at org.apache.hadoop.hdds.scm.pipeline.PipelinePlacementPolicy.chooseDatanodes(PipelinePlacementPolicy.java:172)
	at org.apache.hadoop.hdds.scm.pipeline.RatisPipelineProvider.create(RatisPipelineProvider.java:93)
	at org.apache.hadoop.hdds.scm.pipeline.PipelineFactory.create(PipelineFactory.java:58)
	at org.apache.hadoop.hdds.scm.pipeline.SCMPipelineManager.createPipeline(SCMPipelineManager.java:155)
	at org.apache.hadoop.hdds.scm.pipeline.BackgroundPipelineCreator.createPipelines(BackgroundPipelineCreator.java:99)
	at org.apache.hadoop.hdds.scm.pipeline.BackgroundPipelineCreator.lambda$startFixedIntervalPipelineCreator$0(BackgroundPipelineCreator.java:70)
	at java.util.concurrent.Executors$RunnableAdapter.call(Executors.java:511)
	at java.util.concurrent.FutureTask.runAndReset(FutureTask.java:308)
	at java.util.concurrent.ScheduledThreadPoolExecutor$ScheduledFutureTask.access$301(ScheduledThreadPoolExecutor.java:180)
	at java.util.concurrent.ScheduledThreadPoolExecutor$ScheduledFutureTask.run(ScheduledThreadPoolExecutor.java:294)
	at java.util.concurrent.ThreadPoolExecutor.runWorker(ThreadPoolExecutor.java:1149)
	at java.util.concurrent.ThreadPoolExecutor$Worker.run(ThreadPoolExecutor.java:624)
	at java.lang.Thread.run(Thread.java:748)
2019-09-25 07:35:44,482 [RatisPipelineUtilsThread] INFO  pipeline.PipelinePlacementPolicy (PipelinePlacementPolicy.java:meetCriteria(91)) - Pipeline Placement: can't place more pipeline on heavy datanode： 89512cd3-5215-493c-9626-f8bc005210a2 Heaviness: 6 limit: 5
2019-09-25 07:35:44,482 [RatisPipelineUtilsThread] INFO  pipeline.PipelinePlacementPolicy (PipelinePlacementPolicy.java:meetCriteria(91)) - Pipeline Placement: can't place more pipeline on heavy datanode： 0a03bc5e-b15f-4537-941b-10259ace1437 Heaviness: 6 limit: 5
2019-09-25 07:35:44,483 [RatisPipelineUtilsThread] INFO  pipeline.PipelinePlacementPolicy (PipelinePlacementPolicy.java:meetCriteria(91)) - Pipeline Placement: can't place more pipeline on heavy datanode： c3cf7509-27e8-499f-a871-32281ced9221 Heaviness: 6 limit: 5
2019-09-25 07:35:44,483 [RatisPipelineUtilsThread] INFO  pipeline.PipelinePlacementPolicy (PipelinePlacementPolicy.java:meetCriteria(91)) - Pipeline Placement: can't place more pipeline on heavy datanode： 4f9c9097-af28-4e92-8dab-50853da08db1 Heaviness: 6 limit: 5
2019-09-25 07:35:44,483 [RatisPipelineUtilsThread] INFO  pipeline.PipelinePlacementPolicy (PipelinePlacementPolicy.java:meetCriteria(91)) - Pipeline Placement: can't place more pipeline on heavy datanode： 20eeef1f-c0de-4bb7-8f99-fe21c95fed30 Heaviness: 6 limit: 5
2019-09-25 07:35:44,483 [RatisPipelineUtilsThread] ERROR pipeline.PipelinePlacementPolicy (PipelinePlacementPolicy.java:filterViableNodes(148)) - Unable to find enough nodes that meet the criteria that cannot engage in more than 5 pipelines. Nodes required: 3 Found: 0, healthy nodes count inNodeManager: 5.
2019-09-25 07:35:44,484 [RatisPipelineUtilsThread] ERROR pipeline.SCMPipelineManager (SCMPipelineManager.java:createPipeline(167)) - Pipeline creation failed.
org.apache.hadoop.hdds.scm.exceptions.SCMException: Unable to find enough nodes that meet the criteria that cannot engage in more than 5 pipelines. Nodes required: 3 Found: 0, healthy nodes count inNodeManager: 5.
	at org.apache.hadoop.hdds.scm.pipeline.PipelinePlacementPolicy.filterViableNodes(PipelinePlacementPolicy.java:149)
	at org.apache.hadoop.hdds.scm.pipeline.PipelinePlacementPolicy.chooseDatanodes(PipelinePlacementPolicy.java:172)
	at org.apache.hadoop.hdds.scm.pipeline.RatisPipelineProvider.create(RatisPipelineProvider.java:93)
	at org.apache.hadoop.hdds.scm.pipeline.PipelineFactory.create(PipelineFactory.java:58)
	at org.apache.hadoop.hdds.scm.pipeline.SCMPipelineManager.createPipeline(SCMPipelineManager.java:155)
	at org.apache.hadoop.hdds.scm.pipeline.BackgroundPipelineCreator.createPipelines(BackgroundPipelineCreator.java:99)
	at org.apache.hadoop.hdds.scm.pipeline.BackgroundPipelineCreator.lambda$startFixedIntervalPipelineCreator$0(BackgroundPipelineCreator.java:70)
	at java.util.concurrent.Executors$RunnableAdapter.call(Executors.java:511)
	at java.util.concurrent.FutureTask.runAndReset(FutureTask.java:308)
	at java.util.concurrent.ScheduledThreadPoolExecutor$ScheduledFutureTask.access$301(ScheduledThreadPoolExecutor.java:180)
	at java.util.concurrent.ScheduledThreadPoolExecutor$ScheduledFutureTask.run(ScheduledThreadPoolExecutor.java:294)
	at java.util.concurrent.ThreadPoolExecutor.runWorker(ThreadPoolExecutor.java:1149)
	at java.util.concurrent.ThreadPoolExecutor$Worker.run(ThreadPoolExecutor.java:624)
	at java.lang.Thread.run(Thread.java:748)
2019-09-25 07:35:44,484 [IPC Server handler 1 on 43055] INFO  pipeline.PipelinePlacementPolicy (PipelinePlacementPolicy.java:meetCriteria(91)) - Pipeline Placement: can't place more pipeline on heavy datanode： 89512cd3-5215-493c-9626-f8bc005210a2 Heaviness: 6 limit: 5
2019-09-25 07:35:44,485 [IPC Server handler 1 on 43055] INFO  pipeline.PipelinePlacementPolicy (PipelinePlacementPolicy.java:meetCriteria(91)) - Pipeline Placement: can't place more pipeline on heavy datanode： 0a03bc5e-b15f-4537-941b-10259ace1437 Heaviness: 6 limit: 5
2019-09-25 07:35:44,485 [IPC Server handler 1 on 43055] INFO  pipeline.PipelinePlacementPolicy (PipelinePlacementPolicy.java:meetCriteria(91)) - Pipeline Placement: can't place more pipeline on heavy datanode： c3cf7509-27e8-499f-a871-32281ced9221 Heaviness: 6 limit: 5
2019-09-25 07:35:44,485 [IPC Server handler 1 on 43055] INFO  pipeline.PipelinePlacementPolicy (PipelinePlacementPolicy.java:meetCriteria(91)) - Pipeline Placement: can't place more pipeline on heavy datanode： 4f9c9097-af28-4e92-8dab-50853da08db1 Heaviness: 6 limit: 5
2019-09-25 07:35:44,485 [IPC Server handler 1 on 43055] INFO  pipeline.PipelinePlacementPolicy (PipelinePlacementPolicy.java:meetCriteria(91)) - Pipeline Placement: can't place more pipeline on heavy datanode： 20eeef1f-c0de-4bb7-8f99-fe21c95fed30 Heaviness: 6 limit: 5
2019-09-25 07:35:44,485 [IPC Server handler 1 on 43055] ERROR pipeline.PipelinePlacementPolicy (PipelinePlacementPolicy.java:filterViableNodes(148)) - Unable to find enough nodes that meet the criteria that cannot engage in more than 5 pipelines. Nodes required: 3 Found: 0, healthy nodes count inNodeManager: 5.
2019-09-25 07:35:44,486 [IPC Server handler 1 on 43055] ERROR pipeline.SCMPipelineManager (SCMPipelineManager.java:createPipeline(167)) - Pipeline creation failed.
org.apache.hadoop.hdds.scm.exceptions.SCMException: Unable to find enough nodes that meet the criteria that cannot engage in more than 5 pipelines. Nodes required: 3 Found: 0, healthy nodes count inNodeManager: 5.
	at org.apache.hadoop.hdds.scm.pipeline.PipelinePlacementPolicy.filterViableNodes(PipelinePlacementPolicy.java:149)
	at org.apache.hadoop.hdds.scm.pipeline.PipelinePlacementPolicy.chooseDatanodes(PipelinePlacementPolicy.java:172)
	at org.apache.hadoop.hdds.scm.pipeline.RatisPipelineProvider.create(RatisPipelineProvider.java:93)
	at org.apache.hadoop.hdds.scm.pipeline.PipelineFactory.create(PipelineFactory.java:58)
	at org.apache.hadoop.hdds.scm.pipeline.SCMPipelineManager.createPipeline(SCMPipelineManager.java:155)
	at org.apache.hadoop.hdds.scm.block.BlockManagerImpl.allocateBlock(BlockManagerImpl.java:190)
	at org.apache.hadoop.hdds.scm.server.SCMBlockProtocolServer.allocateBlock(SCMBlockProtocolServer.java:182)
	at org.apache.hadoop.ozone.protocolPB.ScmBlockLocationProtocolServerSideTranslatorPB.allocateScmBlock(ScmBlockLocationProtocolServerSideTranslatorPB.java:183)
	at org.apache.hadoop.ozone.protocolPB.ScmBlockLocationProtocolServerSideTranslatorPB.processMessage(ScmBlockLocationProtocolServerSideTranslatorPB.java:141)
	at org.apache.hadoop.ozone.protocolPB.ScmBlockLocationProtocolServerSideTranslatorPB.send(ScmBlockLocationProtocolServerSideTranslatorPB.java:116)
	at org.apache.hadoop.hdds.protocol.proto.ScmBlockLocationProtocolProtos$ScmBlockLocationProtocolService$2.callBlockingMethod(ScmBlockLocationProtocolProtos.java:13157)
	at org.apache.hadoop.ipc.ProtobufRpcEngine$Server$ProtoBufRpcInvoker.call(ProtobufRpcEngine.java:524)
	at org.apache.hadoop.ipc.RPC$Server.call(RPC.java:1025)
	at org.apache.hadoop.ipc.Server$RpcCall.run(Server.java:876)
	at org.apache.hadoop.ipc.Server$RpcCall.run(Server.java:822)
	at java.security.AccessController.doPrivileged(Native Method)
	at javax.security.auth.Subject.doAs(Subject.java:422)
	at org.apache.hadoop.security.UserGroupInformation.doAs(UserGroupInformation.java:1730)
	at org.apache.hadoop.ipc.Server$Handler.run(Server.java:2682)
2019-09-25 07:35:44,486 [IPC Server handler 1 on 43055] WARN  block.BlockManagerImpl (BlockManagerImpl.java:allocateBlock(192)) - Pipeline creation failed for type:RATIS factor:THREE. Retrying get pipelines call once.
org.apache.hadoop.hdds.scm.exceptions.SCMException: Unable to find enough nodes that meet the criteria that cannot engage in more than 5 pipelines. Nodes required: 3 Found: 0, healthy nodes count inNodeManager: 5.
	at org.apache.hadoop.hdds.scm.pipeline.PipelinePlacementPolicy.filterViableNodes(PipelinePlacementPolicy.java:149)
	at org.apache.hadoop.hdds.scm.pipeline.PipelinePlacementPolicy.chooseDatanodes(PipelinePlacementPolicy.java:172)
	at org.apache.hadoop.hdds.scm.pipeline.RatisPipelineProvider.create(RatisPipelineProvider.java:93)
	at org.apache.hadoop.hdds.scm.pipeline.PipelineFactory.create(PipelineFactory.java:58)
	at org.apache.hadoop.hdds.scm.pipeline.SCMPipelineManager.createPipeline(SCMPipelineManager.java:155)
	at org.apache.hadoop.hdds.scm.block.BlockManagerImpl.allocateBlock(BlockManagerImpl.java:190)
	at org.apache.hadoop.hdds.scm.server.SCMBlockProtocolServer.allocateBlock(SCMBlockProtocolServer.java:182)
	at org.apache.hadoop.ozone.protocolPB.ScmBlockLocationProtocolServerSideTranslatorPB.allocateScmBlock(ScmBlockLocationProtocolServerSideTranslatorPB.java:183)
	at org.apache.hadoop.ozone.protocolPB.ScmBlockLocationProtocolServerSideTranslatorPB.processMessage(ScmBlockLocationProtocolServerSideTranslatorPB.java:141)
	at org.apache.hadoop.ozone.protocolPB.ScmBlockLocationProtocolServerSideTranslatorPB.send(ScmBlockLocationProtocolServerSideTranslatorPB.java:116)
	at org.apache.hadoop.hdds.protocol.proto.ScmBlockLocationProtocolProtos$ScmBlockLocationProtocolService$2.callBlockingMethod(ScmBlockLocationProtocolProtos.java:13157)
	at org.apache.hadoop.ipc.ProtobufRpcEngine$Server$ProtoBufRpcInvoker.call(ProtobufRpcEngine.java:524)
	at org.apache.hadoop.ipc.RPC$Server.call(RPC.java:1025)
	at org.apache.hadoop.ipc.Server$RpcCall.run(Server.java:876)
	at org.apache.hadoop.ipc.Server$RpcCall.run(Server.java:822)
	at java.security.AccessController.doPrivileged(Native Method)
	at javax.security.auth.Subject.doAs(Subject.java:422)
	at org.apache.hadoop.security.UserGroupInformation.doAs(UserGroupInformation.java:1730)
	at org.apache.hadoop.ipc.Server$Handler.run(Server.java:2682)
2019-09-25 07:35:44,487 [IPC Server handler 1 on 43055] INFO  block.BlockManagerImpl (BlockManagerImpl.java:allocateBlock(198)) - Could not find available pipeline of type:RATIS and factor:THREE even after retrying
2019-09-25 07:35:44,487 [IPC Server handler 1 on 43055] ERROR block.BlockManagerImpl (BlockManagerImpl.java:allocateBlock(222)) - Unable to allocate a block for the size: 4194304, type: RATIS, factor: THREE
2019-09-25 07:35:44,487 [IPC Server handler 1 on 43055] INFO  pipeline.PipelinePlacementPolicy (PipelinePlacementPolicy.java:meetCriteria(91)) - Pipeline Placement: can't place more pipeline on heavy datanode： 89512cd3-5215-493c-9626-f8bc005210a2 Heaviness: 6 limit: 5
2019-09-25 07:35:44,488 [IPC Server handler 1 on 43055] INFO  pipeline.PipelinePlacementPolicy (PipelinePlacementPolicy.java:meetCriteria(91)) - Pipeline Placement: can't place more pipeline on heavy datanode： 0a03bc5e-b15f-4537-941b-10259ace1437 Heaviness: 6 limit: 5
2019-09-25 07:35:44,488 [IPC Server handler 1 on 43055] INFO  pipeline.PipelinePlacementPolicy (PipelinePlacementPolicy.java:meetCriteria(91)) - Pipeline Placement: can't place more pipeline on heavy datanode： c3cf7509-27e8-499f-a871-32281ced9221 Heaviness: 6 limit: 5
2019-09-25 07:35:44,488 [IPC Server handler 1 on 43055] INFO  pipeline.PipelinePlacementPolicy (PipelinePlacementPolicy.java:meetCriteria(91)) - Pipeline Placement: can't place more pipeline on heavy datanode： 4f9c9097-af28-4e92-8dab-50853da08db1 Heaviness: 6 limit: 5
2019-09-25 07:35:44,488 [IPC Server handler 1 on 43055] INFO  pipeline.PipelinePlacementPolicy (PipelinePlacementPolicy.java:meetCriteria(91)) - Pipeline Placement: can't place more pipeline on heavy datanode： 20eeef1f-c0de-4bb7-8f99-fe21c95fed30 Heaviness: 6 limit: 5
2019-09-25 07:35:44,488 [IPC Server handler 1 on 43055] ERROR pipeline.PipelinePlacementPolicy (PipelinePlacementPolicy.java:filterViableNodes(148)) - Unable to find enough nodes that meet the criteria that cannot engage in more than 5 pipelines. Nodes required: 3 Found: 0, healthy nodes count inNodeManager: 5.
2019-09-25 07:35:44,489 [IPC Server handler 1 on 43055] ERROR pipeline.SCMPipelineManager (SCMPipelineManager.java:createPipeline(167)) - Pipeline creation failed.
org.apache.hadoop.hdds.scm.exceptions.SCMException: Unable to find enough nodes that meet the criteria that cannot engage in more than 5 pipelines. Nodes required: 3 Found: 0, healthy nodes count inNodeManager: 5.
	at org.apache.hadoop.hdds.scm.pipeline.PipelinePlacementPolicy.filterViableNodes(PipelinePlacementPolicy.java:149)
	at org.apache.hadoop.hdds.scm.pipeline.PipelinePlacementPolicy.chooseDatanodes(PipelinePlacementPolicy.java:172)
	at org.apache.hadoop.hdds.scm.pipeline.RatisPipelineProvider.create(RatisPipelineProvider.java:93)
	at org.apache.hadoop.hdds.scm.pipeline.PipelineFactory.create(PipelineFactory.java:58)
	at org.apache.hadoop.hdds.scm.pipeline.SCMPipelineManager.createPipeline(SCMPipelineManager.java:155)
	at org.apache.hadoop.hdds.scm.block.BlockManagerImpl.allocateBlock(BlockManagerImpl.java:190)
	at org.apache.hadoop.hdds.scm.server.SCMBlockProtocolServer.allocateBlock(SCMBlockProtocolServer.java:182)
	at org.apache.hadoop.ozone.protocolPB.ScmBlockLocationProtocolServerSideTranslatorPB.allocateScmBlock(ScmBlockLocationProtocolServerSideTranslatorPB.java:183)
	at org.apache.hadoop.ozone.protocolPB.ScmBlockLocationProtocolServerSideTranslatorPB.processMessage(ScmBlockLocationProtocolServerSideTranslatorPB.java:141)
	at org.apache.hadoop.ozone.protocolPB.ScmBlockLocationProtocolServerSideTranslatorPB.send(ScmBlockLocationProtocolServerSideTranslatorPB.java:116)
	at org.apache.hadoop.hdds.protocol.proto.ScmBlockLocationProtocolProtos$ScmBlockLocationProtocolService$2.callBlockingMethod(ScmBlockLocationProtocolProtos.java:13157)
	at org.apache.hadoop.ipc.ProtobufRpcEngine$Server$ProtoBufRpcInvoker.call(ProtobufRpcEngine.java:524)
	at org.apache.hadoop.ipc.RPC$Server.call(RPC.java:1025)
	at org.apache.hadoop.ipc.Server$RpcCall.run(Server.java:876)
	at org.apache.hadoop.ipc.Server$RpcCall.run(Server.java:822)
	at java.security.AccessController.doPrivileged(Native Method)
	at javax.security.auth.Subject.doAs(Subject.java:422)
	at org.apache.hadoop.security.UserGroupInformation.doAs(UserGroupInformation.java:1730)
	at org.apache.hadoop.ipc.Server$Handler.run(Server.java:2682)
2019-09-25 07:35:44,489 [IPC Server handler 1 on 43055] WARN  block.BlockManagerImpl (BlockManagerImpl.java:allocateBlock(192)) - Pipeline creation failed for type:RATIS factor:THREE. Retrying get pipelines call once.
org.apache.hadoop.hdds.scm.exceptions.SCMException: Unable to find enough nodes that meet the criteria that cannot engage in more than 5 pipelines. Nodes required: 3 Found: 0, healthy nodes count inNodeManager: 5.
	at org.apache.hadoop.hdds.scm.pipeline.PipelinePlacementPolicy.filterViableNodes(PipelinePlacementPolicy.java:149)
	at org.apache.hadoop.hdds.scm.pipeline.PipelinePlacementPolicy.chooseDatanodes(PipelinePlacementPolicy.java:172)
	at org.apache.hadoop.hdds.scm.pipeline.RatisPipelineProvider.create(RatisPipelineProvider.java:93)
	at org.apache.hadoop.hdds.scm.pipeline.PipelineFactory.create(PipelineFactory.java:58)
	at org.apache.hadoop.hdds.scm.pipeline.SCMPipelineManager.createPipeline(SCMPipelineManager.java:155)
	at org.apache.hadoop.hdds.scm.block.BlockManagerImpl.allocateBlock(BlockManagerImpl.java:190)
	at org.apache.hadoop.hdds.scm.server.SCMBlockProtocolServer.allocateBlock(SCMBlockProtocolServer.java:182)
	at org.apache.hadoop.ozone.protocolPB.ScmBlockLocationProtocolServerSideTranslatorPB.allocateScmBlock(ScmBlockLocationProtocolServerSideTranslatorPB.java:183)
	at org.apache.hadoop.ozone.protocolPB.ScmBlockLocationProtocolServerSideTranslatorPB.processMessage(ScmBlockLocationProtocolServerSideTranslatorPB.java:141)
	at org.apache.hadoop.ozone.protocolPB.ScmBlockLocationProtocolServerSideTranslatorPB.send(ScmBlockLocationProtocolServerSideTranslatorPB.java:116)
	at org.apache.hadoop.hdds.protocol.proto.ScmBlockLocationProtocolProtos$ScmBlockLocationProtocolService$2.callBlockingMethod(ScmBlockLocationProtocolProtos.java:13157)
	at org.apache.hadoop.ipc.ProtobufRpcEngine$Server$ProtoBufRpcInvoker.call(ProtobufRpcEngine.java:524)
	at org.apache.hadoop.ipc.RPC$Server.call(RPC.java:1025)
	at org.apache.hadoop.ipc.Server$RpcCall.run(Server.java:876)
	at org.apache.hadoop.ipc.Server$RpcCall.run(Server.java:822)
	at java.security.AccessController.doPrivileged(Native Method)
	at javax.security.auth.Subject.doAs(Subject.java:422)
	at org.apache.hadoop.security.UserGroupInformation.doAs(UserGroupInformation.java:1730)
	at org.apache.hadoop.ipc.Server$Handler.run(Server.java:2682)
2019-09-25 07:35:44,489 [IPC Server handler 1 on 43055] INFO  block.BlockManagerImpl (BlockManagerImpl.java:allocateBlock(198)) - Could not find available pipeline of type:RATIS and factor:THREE even after retrying
2019-09-25 07:35:44,490 [IPC Server handler 1 on 43055] ERROR block.BlockManagerImpl (BlockManagerImpl.java:allocateBlock(222)) - Unable to allocate a block for the size: 4194304, type: RATIS, factor: THREE
2019-09-25 07:35:44,490 [IPC Server handler 1 on 43055] INFO  pipeline.PipelinePlacementPolicy (PipelinePlacementPolicy.java:meetCriteria(91)) - Pipeline Placement: can't place more pipeline on heavy datanode： 89512cd3-5215-493c-9626-f8bc005210a2 Heaviness: 6 limit: 5
2019-09-25 07:35:44,490 [IPC Server handler 1 on 43055] INFO  pipeline.PipelinePlacementPolicy (PipelinePlacementPolicy.java:meetCriteria(91)) - Pipeline Placement: can't place more pipeline on heavy datanode： 0a03bc5e-b15f-4537-941b-10259ace1437 Heaviness: 6 limit: 5
2019-09-25 07:35:44,490 [IPC Server handler 1 on 43055] INFO  pipeline.PipelinePlacementPolicy (PipelinePlacementPolicy.java:meetCriteria(91)) - Pipeline Placement: can't place more pipeline on heavy datanode： c3cf7509-27e8-499f-a871-32281ced9221 Heaviness: 6 limit: 5
2019-09-25 07:35:44,491 [IPC Server handler 1 on 43055] INFO  pipeline.PipelinePlacementPolicy (PipelinePlacementPolicy.java:meetCriteria(91)) - Pipeline Placement: can't place more pipeline on heavy datanode： 4f9c9097-af28-4e92-8dab-50853da08db1 Heaviness: 6 limit: 5
2019-09-25 07:35:44,491 [IPC Server handler 1 on 43055] INFO  pipeline.PipelinePlacementPolicy (PipelinePlacementPolicy.java:meetCriteria(91)) - Pipeline Placement: can't place more pipeline on heavy datanode： 20eeef1f-c0de-4bb7-8f99-fe21c95fed30 Heaviness: 6 limit: 5
2019-09-25 07:35:44,491 [IPC Server handler 1 on 43055] ERROR pipeline.PipelinePlacementPolicy (PipelinePlacementPolicy.java:filterViableNodes(148)) - Unable to find enough nodes that meet the criteria that cannot engage in more than 5 pipelines. Nodes required: 3 Found: 0, healthy nodes count inNodeManager: 5.
2019-09-25 07:35:44,491 [IPC Server handler 1 on 43055] ERROR pipeline.SCMPipelineManager (SCMPipelineManager.java:createPipeline(167)) - Pipeline creation failed.
org.apache.hadoop.hdds.scm.exceptions.SCMException: Unable to find enough nodes that meet the criteria that cannot engage in more than 5 pipelines. Nodes required: 3 Found: 0, healthy nodes count inNodeManager: 5.
	at org.apache.hadoop.hdds.scm.pipeline.PipelinePlacementPolicy.filterViableNodes(PipelinePlacementPolicy.java:149)
	at org.apache.hadoop.hdds.scm.pipeline.PipelinePlacementPolicy.chooseDatanodes(PipelinePlacementPolicy.java:172)
	at org.apache.hadoop.hdds.scm.pipeline.RatisPipelineProvider.create(RatisPipelineProvider.java:93)
	at org.apache.hadoop.hdds.scm.pipeline.PipelineFactory.create(PipelineFactory.java:58)
	at org.apache.hadoop.hdds.scm.pipeline.SCMPipelineManager.createPipeline(SCMPipelineManager.java:155)
	at org.apache.hadoop.hdds.scm.block.BlockManagerImpl.allocateBlock(BlockManagerImpl.java:190)
	at org.apache.hadoop.hdds.scm.server.SCMBlockProtocolServer.allocateBlock(SCMBlockProtocolServer.java:182)
	at org.apache.hadoop.ozone.protocolPB.ScmBlockLocationProtocolServerSideTranslatorPB.allocateScmBlock(ScmBlockLocationProtocolServerSideTranslatorPB.java:183)
	at org.apache.hadoop.ozone.protocolPB.ScmBlockLocationProtocolServerSideTranslatorPB.processMessage(ScmBlockLocationProtocolServerSideTranslatorPB.java:141)
	at org.apache.hadoop.ozone.protocolPB.ScmBlockLocationProtocolServerSideTranslatorPB.send(ScmBlockLocationProtocolServerSideTranslatorPB.java:116)
	at org.apache.hadoop.hdds.protocol.proto.ScmBlockLocationProtocolProtos$ScmBlockLocationProtocolService$2.callBlockingMethod(ScmBlockLocationProtocolProtos.java:13157)
	at org.apache.hadoop.ipc.ProtobufRpcEngine$Server$ProtoBufRpcInvoker.call(ProtobufRpcEngine.java:524)
	at org.apache.hadoop.ipc.RPC$Server.call(RPC.java:1025)
	at org.apache.hadoop.ipc.Server$RpcCall.run(Server.java:876)
	at org.apache.hadoop.ipc.Server$RpcCall.run(Server.java:822)
	at java.security.AccessController.doPrivileged(Native Method)
	at javax.security.auth.Subject.doAs(Subject.java:422)
	at org.apache.hadoop.security.UserGroupInformation.doAs(UserGroupInformation.java:1730)
	at org.apache.hadoop.ipc.Server$Handler.run(Server.java:2682)
2019-09-25 07:35:44,492 [IPC Server handler 1 on 43055] WARN  block.BlockManagerImpl (BlockManagerImpl.java:allocateBlock(192)) - Pipeline creation failed for type:RATIS factor:THREE. Retrying get pipelines call once.
org.apache.hadoop.hdds.scm.exceptions.SCMException: Unable to find enough nodes that meet the criteria that cannot engage in more than 5 pipelines. Nodes required: 3 Found: 0, healthy nodes count inNodeManager: 5.
	at org.apache.hadoop.hdds.scm.pipeline.PipelinePlacementPolicy.filterViableNodes(PipelinePlacementPolicy.java:149)
	at org.apache.hadoop.hdds.scm.pipeline.PipelinePlacementPolicy.chooseDatanodes(PipelinePlacementPolicy.java:172)
	at org.apache.hadoop.hdds.scm.pipeline.RatisPipelineProvider.create(RatisPipelineProvider.java:93)
	at org.apache.hadoop.hdds.scm.pipeline.PipelineFactory.create(PipelineFactory.java:58)
	at org.apache.hadoop.hdds.scm.pipeline.SCMPipelineManager.createPipeline(SCMPipelineManager.java:155)
	at org.apache.hadoop.hdds.scm.block.BlockManagerImpl.allocateBlock(BlockManagerImpl.java:190)
	at org.apache.hadoop.hdds.scm.server.SCMBlockProtocolServer.allocateBlock(SCMBlockProtocolServer.java:182)
	at org.apache.hadoop.ozone.protocolPB.ScmBlockLocationProtocolServerSideTranslatorPB.allocateScmBlock(ScmBlockLocationProtocolServerSideTranslatorPB.java:183)
	at org.apache.hadoop.ozone.protocolPB.ScmBlockLocationProtocolServerSideTranslatorPB.processMessage(ScmBlockLocationProtocolServerSideTranslatorPB.java:141)
	at org.apache.hadoop.ozone.protocolPB.ScmBlockLocationProtocolServerSideTranslatorPB.send(ScmBlockLocationProtocolServerSideTranslatorPB.java:116)
	at org.apache.hadoop.hdds.protocol.proto.ScmBlockLocationProtocolProtos$ScmBlockLocationProtocolService$2.callBlockingMethod(ScmBlockLocationProtocolProtos.java:13157)
	at org.apache.hadoop.ipc.ProtobufRpcEngine$Server$ProtoBufRpcInvoker.call(ProtobufRpcEngine.java:524)
	at org.apache.hadoop.ipc.RPC$Server.call(RPC.java:1025)
	at org.apache.hadoop.ipc.Server$RpcCall.run(Server.java:876)
	at org.apache.hadoop.ipc.Server$RpcCall.run(Server.java:822)
	at java.security.AccessController.doPrivileged(Native Method)
	at javax.security.auth.Subject.doAs(Subject.java:422)
	at org.apache.hadoop.security.UserGroupInformation.doAs(UserGroupInformation.java:1730)
	at org.apache.hadoop.ipc.Server$Handler.run(Server.java:2682)
2019-09-25 07:35:44,492 [IPC Server handler 1 on 43055] INFO  block.BlockManagerImpl (BlockManagerImpl.java:allocateBlock(198)) - Could not find available pipeline of type:RATIS and factor:THREE even after retrying
2019-09-25 07:35:44,492 [IPC Server handler 1 on 43055] ERROR block.BlockManagerImpl (BlockManagerImpl.java:allocateBlock(222)) - Unable to allocate a block for the size: 4194304, type: RATIS, factor: THREE
2019-09-25 07:35:44,493 [IPC Server handler 1 on 43055] INFO  pipeline.PipelinePlacementPolicy (PipelinePlacementPolicy.java:meetCriteria(91)) - Pipeline Placement: can't place more pipeline on heavy datanode： 89512cd3-5215-493c-9626-f8bc005210a2 Heaviness: 6 limit: 5
2019-09-25 07:35:44,493 [IPC Server handler 1 on 43055] INFO  pipeline.PipelinePlacementPolicy (PipelinePlacementPolicy.java:meetCriteria(91)) - Pipeline Placement: can't place more pipeline on heavy datanode： 0a03bc5e-b15f-4537-941b-10259ace1437 Heaviness: 6 limit: 5
2019-09-25 07:35:44,493 [IPC Server handler 1 on 43055] INFO  pipeline.PipelinePlacementPolicy (PipelinePlacementPolicy.java:meetCriteria(91)) - Pipeline Placement: can't place more pipeline on heavy datanode： c3cf7509-27e8-499f-a871-32281ced9221 Heaviness: 6 limit: 5
2019-09-25 07:35:44,493 [IPC Server handler 1 on 43055] INFO  pipeline.PipelinePlacementPolicy (PipelinePlacementPolicy.java:meetCriteria(91)) - Pipeline Placement: can't place more pipeline on heavy datanode： 4f9c9097-af28-4e92-8dab-50853da08db1 Heaviness: 6 limit: 5
2019-09-25 07:35:44,493 [IPC Server handler 1 on 43055] INFO  pipeline.PipelinePlacementPolicy (PipelinePlacementPolicy.java:meetCriteria(91)) - Pipeline Placement: can't place more pipeline on heavy datanode： 20eeef1f-c0de-4bb7-8f99-fe21c95fed30 Heaviness: 6 limit: 5
2019-09-25 07:35:44,494 [IPC Server handler 1 on 43055] ERROR pipeline.PipelinePlacementPolicy (PipelinePlacementPolicy.java:filterViableNodes(148)) - Unable to find enough nodes that meet the criteria that cannot engage in more than 5 pipelines. Nodes required: 3 Found: 0, healthy nodes count inNodeManager: 5.
2019-09-25 07:35:44,494 [IPC Server handler 1 on 43055] ERROR pipeline.SCMPipelineManager (SCMPipelineManager.java:createPipeline(167)) - Pipeline creation failed.
org.apache.hadoop.hdds.scm.exceptions.SCMException: Unable to find enough nodes that meet the criteria that cannot engage in more than 5 pipelines. Nodes required: 3 Found: 0, healthy nodes count inNodeManager: 5.
	at org.apache.hadoop.hdds.scm.pipeline.PipelinePlacementPolicy.filterViableNodes(PipelinePlacementPolicy.java:149)
	at org.apache.hadoop.hdds.scm.pipeline.PipelinePlacementPolicy.chooseDatanodes(PipelinePlacementPolicy.java:172)
	at org.apache.hadoop.hdds.scm.pipeline.RatisPipelineProvider.create(RatisPipelineProvider.java:93)
	at org.apache.hadoop.hdds.scm.pipeline.PipelineFactory.create(PipelineFactory.java:58)
	at org.apache.hadoop.hdds.scm.pipeline.SCMPipelineManager.createPipeline(SCMPipelineManager.java:155)
	at org.apache.hadoop.hdds.scm.block.BlockManagerImpl.allocateBlock(BlockManagerImpl.java:190)
	at org.apache.hadoop.hdds.scm.server.SCMBlockProtocolServer.allocateBlock(SCMBlockProtocolServer.java:182)
	at org.apache.hadoop.ozone.protocolPB.ScmBlockLocationProtocolServerSideTranslatorPB.allocateScmBlock(ScmBlockLocationProtocolServerSideTranslatorPB.java:183)
	at org.apache.hadoop.ozone.protocolPB.ScmBlockLocationProtocolServerSideTranslatorPB.processMessage(ScmBlockLocationProtocolServerSideTranslatorPB.java:141)
	at org.apache.hadoop.ozone.protocolPB.ScmBlockLocationProtocolServerSideTranslatorPB.send(ScmBlockLocationProtocolServerSideTranslatorPB.java:116)
	at org.apache.hadoop.hdds.protocol.proto.ScmBlockLocationProtocolProtos$ScmBlockLocationProtocolService$2.callBlockingMethod(ScmBlockLocationProtocolProtos.java:13157)
	at org.apache.hadoop.ipc.ProtobufRpcEngine$Server$ProtoBufRpcInvoker.call(ProtobufRpcEngine.java:524)
	at org.apache.hadoop.ipc.RPC$Server.call(RPC.java:1025)
	at org.apache.hadoop.ipc.Server$RpcCall.run(Server.java:876)
	at org.apache.hadoop.ipc.Server$RpcCall.run(Server.java:822)
	at java.security.AccessController.doPrivileged(Native Method)
	at javax.security.auth.Subject.doAs(Subject.java:422)
	at org.apache.hadoop.security.UserGroupInformation.doAs(UserGroupInformation.java:1730)
	at org.apache.hadoop.ipc.Server$Handler.run(Server.java:2682)
2019-09-25 07:35:44,494 [IPC Server handler 1 on 43055] WARN  block.BlockManagerImpl (BlockManagerImpl.java:allocateBlock(192)) - Pipeline creation failed for type:RATIS factor:THREE. Retrying get pipelines call once.
org.apache.hadoop.hdds.scm.exceptions.SCMException: Unable to find enough nodes that meet the criteria that cannot engage in more than 5 pipelines. Nodes required: 3 Found: 0, healthy nodes count inNodeManager: 5.
	at org.apache.hadoop.hdds.scm.pipeline.PipelinePlacementPolicy.filterViableNodes(PipelinePlacementPolicy.java:149)
	at org.apache.hadoop.hdds.scm.pipeline.PipelinePlacementPolicy.chooseDatanodes(PipelinePlacementPolicy.java:172)
	at org.apache.hadoop.hdds.scm.pipeline.RatisPipelineProvider.create(RatisPipelineProvider.java:93)
	at org.apache.hadoop.hdds.scm.pipeline.PipelineFactory.create(PipelineFactory.java:58)
	at org.apache.hadoop.hdds.scm.pipeline.SCMPipelineManager.createPipeline(SCMPipelineManager.java:155)
	at org.apache.hadoop.hdds.scm.block.BlockManagerImpl.allocateBlock(BlockManagerImpl.java:190)
	at org.apache.hadoop.hdds.scm.server.SCMBlockProtocolServer.allocateBlock(SCMBlockProtocolServer.java:182)
	at org.apache.hadoop.ozone.protocolPB.ScmBlockLocationProtocolServerSideTranslatorPB.allocateScmBlock(ScmBlockLocationProtocolServerSideTranslatorPB.java:183)
	at org.apache.hadoop.ozone.protocolPB.ScmBlockLocationProtocolServerSideTranslatorPB.processMessage(ScmBlockLocationProtocolServerSideTranslatorPB.java:141)
	at org.apache.hadoop.ozone.protocolPB.ScmBlockLocationProtocolServerSideTranslatorPB.send(ScmBlockLocationProtocolServerSideTranslatorPB.java:116)
	at org.apache.hadoop.hdds.protocol.proto.ScmBlockLocationProtocolProtos$ScmBlockLocationProtocolService$2.callBlockingMethod(ScmBlockLocationProtocolProtos.java:13157)
	at org.apache.hadoop.ipc.ProtobufRpcEngine$Server$ProtoBufRpcInvoker.call(ProtobufRpcEngine.java:524)
	at org.apache.hadoop.ipc.RPC$Server.call(RPC.java:1025)
	at org.apache.hadoop.ipc.Server$RpcCall.run(Server.java:876)
	at org.apache.hadoop.ipc.Server$RpcCall.run(Server.java:822)
	at java.security.AccessController.doPrivileged(Native Method)
	at javax.security.auth.Subject.doAs(Subject.java:422)
	at org.apache.hadoop.security.UserGroupInformation.doAs(UserGroupInformation.java:1730)
	at org.apache.hadoop.ipc.Server$Handler.run(Server.java:2682)
2019-09-25 07:35:44,495 [IPC Server handler 1 on 43055] INFO  block.BlockManagerImpl (BlockManagerImpl.java:allocateBlock(198)) - Could not find available pipeline of type:RATIS and factor:THREE even after retrying
2019-09-25 07:35:44,495 [IPC Server handler 1 on 43055] ERROR block.BlockManagerImpl (BlockManagerImpl.java:allocateBlock(222)) - Unable to allocate a block for the size: 4194304, type: RATIS, factor: THREE
2019-09-25 07:35:44,495 [IPC Server handler 1 on 43055] INFO  pipeline.PipelinePlacementPolicy (PipelinePlacementPolicy.java:meetCriteria(91)) - Pipeline Placement: can't place more pipeline on heavy datanode： 89512cd3-5215-493c-9626-f8bc005210a2 Heaviness: 6 limit: 5
2019-09-25 07:35:44,495 [IPC Server handler 1 on 43055] INFO  pipeline.PipelinePlacementPolicy (PipelinePlacementPolicy.java:meetCriteria(91)) - Pipeline Placement: can't place more pipeline on heavy datanode： 0a03bc5e-b15f-4537-941b-10259ace1437 Heaviness: 6 limit: 5
2019-09-25 07:35:44,495 [IPC Server handler 1 on 43055] INFO  pipeline.PipelinePlacementPolicy (PipelinePlacementPolicy.java:meetCriteria(91)) - Pipeline Placement: can't place more pipeline on heavy datanode： c3cf7509-27e8-499f-a871-32281ced9221 Heaviness: 6 limit: 5
2019-09-25 07:35:44,496 [IPC Server handler 1 on 43055] INFO  pipeline.PipelinePlacementPolicy (PipelinePlacementPolicy.java:meetCriteria(91)) - Pipeline Placement: can't place more pipeline on heavy datanode： 4f9c9097-af28-4e92-8dab-50853da08db1 Heaviness: 6 limit: 5
2019-09-25 07:35:44,496 [IPC Server handler 1 on 43055] INFO  pipeline.PipelinePlacementPolicy (PipelinePlacementPolicy.java:meetCriteria(91)) - Pipeline Placement: can't place more pipeline on heavy datanode： 20eeef1f-c0de-4bb7-8f99-fe21c95fed30 Heaviness: 6 limit: 5
2019-09-25 07:35:44,496 [IPC Server handler 1 on 43055] ERROR pipeline.PipelinePlacementPolicy (PipelinePlacementPolicy.java:filterViableNodes(148)) - Unable to find enough nodes that meet the criteria that cannot engage in more than 5 pipelines. Nodes required: 3 Found: 0, healthy nodes count inNodeManager: 5.
2019-09-25 07:35:44,496 [IPC Server handler 1 on 43055] ERROR pipeline.SCMPipelineManager (SCMPipelineManager.java:createPipeline(167)) - Pipeline creation failed.
org.apache.hadoop.hdds.scm.exceptions.SCMException: Unable to find enough nodes that meet the criteria that cannot engage in more than 5 pipelines. Nodes required: 3 Found: 0, healthy nodes count inNodeManager: 5.
	at org.apache.hadoop.hdds.scm.pipeline.PipelinePlacementPolicy.filterViableNodes(PipelinePlacementPolicy.java:149)
	at org.apache.hadoop.hdds.scm.pipeline.PipelinePlacementPolicy.chooseDatanodes(PipelinePlacementPolicy.java:172)
	at org.apache.hadoop.hdds.scm.pipeline.RatisPipelineProvider.create(RatisPipelineProvider.java:93)
	at org.apache.hadoop.hdds.scm.pipeline.PipelineFactory.create(PipelineFactory.java:58)
	at org.apache.hadoop.hdds.scm.pipeline.SCMPipelineManager.createPipeline(SCMPipelineManager.java:155)
	at org.apache.hadoop.hdds.scm.block.BlockManagerImpl.allocateBlock(BlockManagerImpl.java:190)
	at org.apache.hadoop.hdds.scm.server.SCMBlockProtocolServer.allocateBlock(SCMBlockProtocolServer.java:182)
	at org.apache.hadoop.ozone.protocolPB.ScmBlockLocationProtocolServerSideTranslatorPB.allocateScmBlock(ScmBlockLocationProtocolServerSideTranslatorPB.java:183)
	at org.apache.hadoop.ozone.protocolPB.ScmBlockLocationProtocolServerSideTranslatorPB.processMessage(ScmBlockLocationProtocolServerSideTranslatorPB.java:141)
	at org.apache.hadoop.ozone.protocolPB.ScmBlockLocationProtocolServerSideTranslatorPB.send(ScmBlockLocationProtocolServerSideTranslatorPB.java:116)
	at org.apache.hadoop.hdds.protocol.proto.ScmBlockLocationProtocolProtos$ScmBlockLocationProtocolService$2.callBlockingMethod(ScmBlockLocationProtocolProtos.java:13157)
	at org.apache.hadoop.ipc.ProtobufRpcEngine$Server$ProtoBufRpcInvoker.call(ProtobufRpcEngine.java:524)
	at org.apache.hadoop.ipc.RPC$Server.call(RPC.java:1025)
	at org.apache.hadoop.ipc.Server$RpcCall.run(Server.java:876)
	at org.apache.hadoop.ipc.Server$RpcCall.run(Server.java:822)
	at java.security.AccessController.doPrivileged(Native Method)
	at javax.security.auth.Subject.doAs(Subject.java:422)
	at org.apache.hadoop.security.UserGroupInformation.doAs(UserGroupInformation.java:1730)
	at org.apache.hadoop.ipc.Server$Handler.run(Server.java:2682)
2019-09-25 07:35:44,497 [IPC Server handler 1 on 43055] WARN  block.BlockManagerImpl (BlockManagerImpl.java:allocateBlock(192)) - Pipeline creation failed for type:RATIS factor:THREE. Retrying get pipelines call once.
org.apache.hadoop.hdds.scm.exceptions.SCMException: Unable to find enough nodes that meet the criteria that cannot engage in more than 5 pipelines. Nodes required: 3 Found: 0, healthy nodes count inNodeManager: 5.
	at org.apache.hadoop.hdds.scm.pipeline.PipelinePlacementPolicy.filterViableNodes(PipelinePlacementPolicy.java:149)
	at org.apache.hadoop.hdds.scm.pipeline.PipelinePlacementPolicy.chooseDatanodes(PipelinePlacementPolicy.java:172)
	at org.apache.hadoop.hdds.scm.pipeline.RatisPipelineProvider.create(RatisPipelineProvider.java:93)
	at org.apache.hadoop.hdds.scm.pipeline.PipelineFactory.create(PipelineFactory.java:58)
	at org.apache.hadoop.hdds.scm.pipeline.SCMPipelineManager.createPipeline(SCMPipelineManager.java:155)
	at org.apache.hadoop.hdds.scm.block.BlockManagerImpl.allocateBlock(BlockManagerImpl.java:190)
	at org.apache.hadoop.hdds.scm.server.SCMBlockProtocolServer.allocateBlock(SCMBlockProtocolServer.java:182)
	at org.apache.hadoop.ozone.protocolPB.ScmBlockLocationProtocolServerSideTranslatorPB.allocateScmBlock(ScmBlockLocationProtocolServerSideTranslatorPB.java:183)
	at org.apache.hadoop.ozone.protocolPB.ScmBlockLocationProtocolServerSideTranslatorPB.processMessage(ScmBlockLocationProtocolServerSideTranslatorPB.java:141)
	at org.apache.hadoop.ozone.protocolPB.ScmBlockLocationProtocolServerSideTranslatorPB.send(ScmBlockLocationProtocolServerSideTranslatorPB.java:116)
	at org.apache.hadoop.hdds.protocol.proto.ScmBlockLocationProtocolProtos$ScmBlockLocationProtocolService$2.callBlockingMethod(ScmBlockLocationProtocolProtos.java:13157)
	at org.apache.hadoop.ipc.ProtobufRpcEngine$Server$ProtoBufRpcInvoker.call(ProtobufRpcEngine.java:524)
	at org.apache.hadoop.ipc.RPC$Server.call(RPC.java:1025)
	at org.apache.hadoop.ipc.Server$RpcCall.run(Server.java:876)
	at org.apache.hadoop.ipc.Server$RpcCall.run(Server.java:822)
	at java.security.AccessController.doPrivileged(Native Method)
	at javax.security.auth.Subject.doAs(Subject.java:422)
	at org.apache.hadoop.security.UserGroupInformation.doAs(UserGroupInformation.java:1730)
	at org.apache.hadoop.ipc.Server$Handler.run(Server.java:2682)
2019-09-25 07:35:44,497 [IPC Server handler 1 on 43055] INFO  block.BlockManagerImpl (BlockManagerImpl.java:allocateBlock(198)) - Could not find available pipeline of type:RATIS and factor:THREE even after retrying
2019-09-25 07:35:44,497 [IPC Server handler 1 on 43055] ERROR block.BlockManagerImpl (BlockManagerImpl.java:allocateBlock(222)) - Unable to allocate a block for the size: 4194304, type: RATIS, factor: THREE
2019-09-25 07:35:44,505 [pool-73-thread-3] ERROR freon.RandomKeyGenerator (RandomKeyGenerator.java:createKey(733)) - Exception while adding key: key-0-66426 in bucket: bucket-0-92811 of volume: vol-0-73416.
INTERNAL_ERROR org.apache.hadoop.ozone.om.exceptions.OMException: Allocated 0 blocks. Requested 5 blocks
	at org.apache.hadoop.ozone.om.protocolPB.OzoneManagerProtocolClientSideTranslatorPB.handleError(OzoneManagerProtocolClientSideTranslatorPB.java:732)
	at org.apache.hadoop.ozone.om.protocolPB.OzoneManagerProtocolClientSideTranslatorPB.openKey(OzoneManagerProtocolClientSideTranslatorPB.java:723)
	at sun.reflect.NativeMethodAccessorImpl.invoke0(Native Method)
	at sun.reflect.NativeMethodAccessorImpl.invoke(NativeMethodAccessorImpl.java:62)
	at sun.reflect.DelegatingMethodAccessorImpl.invoke(DelegatingMethodAccessorImpl.java:43)
	at java.lang.reflect.Method.invoke(Method.java:498)
	at org.apache.hadoop.hdds.tracing.TraceAllMethod.invoke(TraceAllMethod.java:66)
	at com.sun.proxy.$Proxy37.openKey(Unknown Source)
	at org.apache.hadoop.ozone.client.rpc.RpcClient.createKey(RpcClient.java:614)
	at org.apache.hadoop.ozone.client.OzoneBucket.createKey(OzoneBucket.java:325)
	at org.apache.hadoop.ozone.freon.RandomKeyGenerator.createKey(RandomKeyGenerator.java:695)
	at org.apache.hadoop.ozone.freon.RandomKeyGenerator.access$1100(RandomKeyGenerator.java:88)
	at org.apache.hadoop.ozone.freon.RandomKeyGenerator$ObjectCreator.run(RandomKeyGenerator.java:615)
	at java.util.concurrent.Executors$RunnableAdapter.call(Executors.java:511)
	at java.util.concurrent.FutureTask.run(FutureTask.java:266)
	at java.util.concurrent.ThreadPoolExecutor.runWorker(ThreadPoolExecutor.java:1149)
	at java.util.concurrent.ThreadPoolExecutor$Worker.run(ThreadPoolExecutor.java:624)
	at java.lang.Thread.run(Thread.java:748)
 0.00% |█                                                                                                    |  0/1 Time: 0:00:02 0.00% |█                                                                                                    |  0/1 Time: 0:00:032019-09-25 07:35:46,483 [Thread-210] INFO  impl.FollowerState (FollowerState.java:run(106)) - 89512cd3-5215-493c-9626-f8bc005210a2:group-DF7D490ABD11 changes to CANDIDATE, lastRpcTime:5069, electionTimeout:5068ms
2019-09-25 07:35:46,486 [Thread-210] INFO  impl.RoleInfo (RoleInfo.java:shutdownFollowerState(121)) - 89512cd3-5215-493c-9626-f8bc005210a2: shutdown FollowerState
2019-09-25 07:35:46,487 [Thread-210] INFO  impl.RaftServerImpl (RaftServerImpl.java:setRole(174)) - 89512cd3-5215-493c-9626-f8bc005210a2@group-DF7D490ABD11: changes role from  FOLLOWER to CANDIDATE at term 0 for changeToCandidate
2019-09-25 07:35:46,494 [Thread-210] INFO  impl.RoleInfo (RoleInfo.java:updateAndGet(143)) - 89512cd3-5215-493c-9626-f8bc005210a2: start LeaderElection
2019-09-25 07:35:46,524 [89512cd3-5215-493c-9626-f8bc005210a2@group-DF7D490ABD11:LeaderElection1] INFO  impl.LeaderElection (LeaderElection.java:askForVotes(182)) - 89512cd3-5215-493c-9626-f8bc005210a2@group-DF7D490ABD11:LeaderElection1: begin an election at term 1 for -1: [89512cd3-5215-493c-9626-f8bc005210a2:192.168.151.106:37585], old=null
2019-09-25 07:35:46,526 [89512cd3-5215-493c-9626-f8bc005210a2@group-DF7D490ABD11:LeaderElection1] INFO  impl.RoleInfo (RoleInfo.java:shutdownLeaderElection(134)) - 89512cd3-5215-493c-9626-f8bc005210a2: shutdown LeaderElection
2019-09-25 07:35:46,527 [89512cd3-5215-493c-9626-f8bc005210a2@group-DF7D490ABD11:LeaderElection1] INFO  impl.RaftServerImpl (RaftServerImpl.java:setRole(174)) - 89512cd3-5215-493c-9626-f8bc005210a2@group-DF7D490ABD11: changes role from CANDIDATE to LEADER at term 1 for changeToLeader
2019-09-25 07:35:46,528 [89512cd3-5215-493c-9626-f8bc005210a2@group-DF7D490ABD11:LeaderElection1] INFO  impl.RaftServerImpl (ServerState.java:setLeader(253)) - 89512cd3-5215-493c-9626-f8bc005210a2@group-DF7D490ABD11: change Leader from null to 89512cd3-5215-493c-9626-f8bc005210a2 at term 1 for becomeLeader, leader elected after 5245ms
2019-09-25 07:35:46,537 [89512cd3-5215-493c-9626-f8bc005210a2@group-DF7D490ABD11:LeaderElection1] INFO  server.RaftServerConfigKeys (ConfUtils.java:logGet(43)) - raft.server.staging.catchup.gap = 1000 (default)
2019-09-25 07:35:46,537 [89512cd3-5215-493c-9626-f8bc005210a2@group-DF7D490ABD11:LeaderElection1] INFO  server.RaftServerConfigKeys (ConfUtils.java:logGet(43)) - raft.server.rpc.sleep.time = 25ms (default)
2019-09-25 07:35:46,541 [89512cd3-5215-493c-9626-f8bc005210a2@group-DF7D490ABD11:LeaderElection1] INFO  server.RaftServerConfigKeys (ConfUtils.java:logGet(43)) - raft.server.write.element-limit = 4096 (default)
2019-09-25 07:35:46,544 [89512cd3-5215-493c-9626-f8bc005210a2@group-DF7D490ABD11:LeaderElection1] INFO  server.RaftServerConfigKeys (ConfUtils.java:logGet(43)) - raft.server.watch.timeout = 10s (default)
2019-09-25 07:35:46,544 [89512cd3-5215-493c-9626-f8bc005210a2@group-DF7D490ABD11:LeaderElection1] INFO  server.RaftServerConfigKeys (ConfUtils.java:logGet(43)) - raft.server.watch.timeout.denomination = 1s (default)
2019-09-25 07:35:46,545 [89512cd3-5215-493c-9626-f8bc005210a2@group-DF7D490ABD11:LeaderElection1] INFO  server.RaftServerConfigKeys (ConfUtils.java:logGet(43)) - raft.server.watch.element-limit = 65536 (default)
2019-09-25 07:35:46,558 [89512cd3-5215-493c-9626-f8bc005210a2@group-DF7D490ABD11:LeaderElection1] INFO  impl.RoleInfo (RoleInfo.java:updateAndGet(143)) - 89512cd3-5215-493c-9626-f8bc005210a2: start LeaderState
2019-09-25 07:35:46,600 [89512cd3-5215-493c-9626-f8bc005210a2@group-DF7D490ABD11:LeaderElection1] INFO  segmented.SegmentedRaftLogWorker (SegmentedRaftLogWorker.java:startLogSegment(380)) - 89512cd3-5215-493c-9626-f8bc005210a2@group-DF7D490ABD11-SegmentedRaftLogWorker: Starting segment from index:0
2019-09-25 07:35:46,609 [89512cd3-5215-493c-9626-f8bc005210a2@group-DF7D490ABD11:LeaderElection1] INFO  impl.RaftServerImpl (ServerState.java:setRaftConf(354)) - 89512cd3-5215-493c-9626-f8bc005210a2@group-DF7D490ABD11: set configuration 0: [89512cd3-5215-493c-9626-f8bc005210a2:192.168.151.106:37585], old=null at 0
 0.00% |█                                                                                                    |  0/1 Time: 0:00:042019-09-25 07:35:46,755 [Thread-213] INFO  impl.FollowerState (FollowerState.java:run(106)) - c3cf7509-27e8-499f-a871-32281ced9221:group-3D49EABF1E39 changes to CANDIDATE, lastRpcTime:5132, electionTimeout:5131ms
2019-09-25 07:35:46,768 [Thread-213] INFO  impl.RoleInfo (RoleInfo.java:shutdownFollowerState(121)) - c3cf7509-27e8-499f-a871-32281ced9221: shutdown FollowerState
2019-09-25 07:35:46,768 [Thread-213] INFO  impl.RaftServerImpl (RaftServerImpl.java:setRole(174)) - c3cf7509-27e8-499f-a871-32281ced9221@group-3D49EABF1E39: changes role from  FOLLOWER to CANDIDATE at term 0 for changeToCandidate
2019-09-25 07:35:46,768 [Thread-213] INFO  impl.RoleInfo (RoleInfo.java:updateAndGet(143)) - c3cf7509-27e8-499f-a871-32281ced9221: start LeaderElection
2019-09-25 07:35:46,795 [89512cd3-5215-493c-9626-f8bc005210a2@group-DF7D490ABD11-SegmentedRaftLogWorker] INFO  segmented.SegmentedRaftLogWorker (SegmentedRaftLogWorker.java:execute(569)) - 89512cd3-5215-493c-9626-f8bc005210a2@group-DF7D490ABD11-SegmentedRaftLogWorker: created new log segment /workdir/hadoop-ozone/tools/target/test-dir/MiniOzoneClusterImpl-321f4562-75cd-4431-a0a7-dd0954309df4/datanode-0/data/ratis/dabcfbd7-7388-4909-b4ba-df7d490abd11/current/log_inprogress_0
2019-09-25 07:35:46,795 [c3cf7509-27e8-499f-a871-32281ced9221@group-3D49EABF1E39:LeaderElection2] INFO  impl.LeaderElection (LeaderElection.java:askForVotes(182)) - c3cf7509-27e8-499f-a871-32281ced9221@group-3D49EABF1E39:LeaderElection2: begin an election at term 1 for -1: [c3cf7509-27e8-499f-a871-32281ced9221:192.168.151.106:40856], old=null
2019-09-25 07:35:46,802 [c3cf7509-27e8-499f-a871-32281ced9221@group-3D49EABF1E39:LeaderElection2] INFO  impl.RoleInfo (RoleInfo.java:shutdownLeaderElection(134)) - c3cf7509-27e8-499f-a871-32281ced9221: shutdown LeaderElection
2019-09-25 07:35:46,802 [c3cf7509-27e8-499f-a871-32281ced9221@group-3D49EABF1E39:LeaderElection2] INFO  impl.RaftServerImpl (RaftServerImpl.java:setRole(174)) - c3cf7509-27e8-499f-a871-32281ced9221@group-3D49EABF1E39: changes role from CANDIDATE to LEADER at term 1 for changeToLeader
2019-09-25 07:35:46,802 [c3cf7509-27e8-499f-a871-32281ced9221@group-3D49EABF1E39:LeaderElection2] INFO  impl.RaftServerImpl (ServerState.java:setLeader(253)) - c3cf7509-27e8-499f-a871-32281ced9221@group-3D49EABF1E39: change Leader from null to c3cf7509-27e8-499f-a871-32281ced9221 at term 1 for becomeLeader, leader elected after 5192ms
2019-09-25 07:35:46,804 [c3cf7509-27e8-499f-a871-32281ced9221@group-3D49EABF1E39:LeaderElection2] INFO  server.RaftServerConfigKeys (ConfUtils.java:logGet(43)) - raft.server.staging.catchup.gap = 1000 (default)
2019-09-25 07:35:46,804 [c3cf7509-27e8-499f-a871-32281ced9221@group-3D49EABF1E39:LeaderElection2] INFO  server.RaftServerConfigKeys (ConfUtils.java:logGet(43)) - raft.server.rpc.sleep.time = 25ms (default)
2019-09-25 07:35:46,805 [c3cf7509-27e8-499f-a871-32281ced9221@group-3D49EABF1E39:LeaderElection2] INFO  server.RaftServerConfigKeys (ConfUtils.java:logGet(43)) - raft.server.write.element-limit = 4096 (default)
2019-09-25 07:35:46,805 [c3cf7509-27e8-499f-a871-32281ced9221@group-3D49EABF1E39:LeaderElection2] INFO  server.RaftServerConfigKeys (ConfUtils.java:logGet(43)) - raft.server.watch.timeout = 10s (default)
2019-09-25 07:35:46,805 [c3cf7509-27e8-499f-a871-32281ced9221@group-3D49EABF1E39:LeaderElection2] INFO  server.RaftServerConfigKeys (ConfUtils.java:logGet(43)) - raft.server.watch.timeout.denomination = 1s (default)
2019-09-25 07:35:46,805 [c3cf7509-27e8-499f-a871-32281ced9221@group-3D49EABF1E39:LeaderElection2] INFO  server.RaftServerConfigKeys (ConfUtils.java:logGet(43)) - raft.server.watch.element-limit = 65536 (default)
2019-09-25 07:35:46,807 [c3cf7509-27e8-499f-a871-32281ced9221@group-3D49EABF1E39:LeaderElection2] INFO  impl.RoleInfo (RoleInfo.java:updateAndGet(143)) - c3cf7509-27e8-499f-a871-32281ced9221: start LeaderState
2019-09-25 07:35:46,807 [c3cf7509-27e8-499f-a871-32281ced9221@group-3D49EABF1E39:LeaderElection2] INFO  segmented.SegmentedRaftLogWorker (SegmentedRaftLogWorker.java:startLogSegment(380)) - c3cf7509-27e8-499f-a871-32281ced9221@group-3D49EABF1E39-SegmentedRaftLogWorker: Starting segment from index:0
2019-09-25 07:35:46,808 [c3cf7509-27e8-499f-a871-32281ced9221@group-3D49EABF1E39:LeaderElection2] INFO  impl.RaftServerImpl (ServerState.java:setRaftConf(354)) - c3cf7509-27e8-499f-a871-32281ced9221@group-3D49EABF1E39: set configuration 0: [c3cf7509-27e8-499f-a871-32281ced9221:192.168.151.106:40856], old=null at 0
2019-09-25 07:35:46,846 [c3cf7509-27e8-499f-a871-32281ced9221@group-3D49EABF1E39-SegmentedRaftLogWorker] INFO  segmented.SegmentedRaftLogWorker (SegmentedRaftLogWorker.java:execute(569)) - c3cf7509-27e8-499f-a871-32281ced9221@group-3D49EABF1E39-SegmentedRaftLogWorker: created new log segment /workdir/hadoop-ozone/tools/target/test-dir/MiniOzoneClusterImpl-321f4562-75cd-4431-a0a7-dd0954309df4/datanode-4/data/ratis/0f7ddcbc-8523-4fc6-9b9f-3d49eabf1e39/current/log_inprogress_0
2019-09-25 07:35:46,914 [Thread-216] INFO  impl.FollowerState (FollowerState.java:run(106)) - 0a03bc5e-b15f-4537-941b-10259ace1437:group-D799C3DEA50B changes to CANDIDATE, lastRpcTime:5155, electionTimeout:5155ms
2019-09-25 07:35:46,915 [Thread-216] INFO  impl.RoleInfo (RoleInfo.java:shutdownFollowerState(121)) - 0a03bc5e-b15f-4537-941b-10259ace1437: shutdown FollowerState
2019-09-25 07:35:46,915 [Thread-216] INFO  impl.RaftServerImpl (RaftServerImpl.java:setRole(174)) - 0a03bc5e-b15f-4537-941b-10259ace1437@group-D799C3DEA50B: changes role from  FOLLOWER to CANDIDATE at term 0 for changeToCandidate
2019-09-25 07:35:46,915 [Thread-216] INFO  impl.RoleInfo (RoleInfo.java:updateAndGet(143)) - 0a03bc5e-b15f-4537-941b-10259ace1437: start LeaderElection
2019-09-25 07:35:46,948 [0a03bc5e-b15f-4537-941b-10259ace1437@group-D799C3DEA50B:LeaderElection3] INFO  impl.LeaderElection (LeaderElection.java:askForVotes(182)) - 0a03bc5e-b15f-4537-941b-10259ace1437@group-D799C3DEA50B:LeaderElection3: begin an election at term 1 for -1: [0a03bc5e-b15f-4537-941b-10259ace1437:192.168.151.106:43890], old=null
2019-09-25 07:35:46,950 [0a03bc5e-b15f-4537-941b-10259ace1437@group-D799C3DEA50B:LeaderElection3] INFO  impl.RoleInfo (RoleInfo.java:shutdownLeaderElection(134)) - 0a03bc5e-b15f-4537-941b-10259ace1437: shutdown LeaderElection
2019-09-25 07:35:46,951 [0a03bc5e-b15f-4537-941b-10259ace1437@group-D799C3DEA50B:LeaderElection3] INFO  impl.RaftServerImpl (RaftServerImpl.java:setRole(174)) - 0a03bc5e-b15f-4537-941b-10259ace1437@group-D799C3DEA50B: changes role from CANDIDATE to LEADER at term 1 for changeToLeader
2019-09-25 07:35:46,951 [0a03bc5e-b15f-4537-941b-10259ace1437@group-D799C3DEA50B:LeaderElection3] INFO  impl.RaftServerImpl (ServerState.java:setLeader(253)) - 0a03bc5e-b15f-4537-941b-10259ace1437@group-D799C3DEA50B: change Leader from null to 0a03bc5e-b15f-4537-941b-10259ace1437 at term 1 for becomeLeader, leader elected after 5238ms
2019-09-25 07:35:46,953 [Thread-219] INFO  impl.FollowerState (FollowerState.java:run(106)) - 20eeef1f-c0de-4bb7-8f99-fe21c95fed30:group-1FF75D82F662 changes to CANDIDATE, lastRpcTime:5078, electionTimeout:5077ms
2019-09-25 07:35:46,953 [0a03bc5e-b15f-4537-941b-10259ace1437@group-D799C3DEA50B:LeaderElection3] INFO  server.RaftServerConfigKeys (ConfUtils.java:logGet(43)) - raft.server.staging.catchup.gap = 1000 (default)
2019-09-25 07:35:46,953 [Thread-219] INFO  impl.RoleInfo (RoleInfo.java:shutdownFollowerState(121)) - 20eeef1f-c0de-4bb7-8f99-fe21c95fed30: shutdown FollowerState
2019-09-25 07:35:46,953 [0a03bc5e-b15f-4537-941b-10259ace1437@group-D799C3DEA50B:LeaderElection3] INFO  server.RaftServerConfigKeys (ConfUtils.java:logGet(43)) - raft.server.rpc.sleep.time = 25ms (default)
2019-09-25 07:35:46,953 [Thread-219] INFO  impl.RaftServerImpl (RaftServerImpl.java:setRole(174)) - 20eeef1f-c0de-4bb7-8f99-fe21c95fed30@group-1FF75D82F662: changes role from  FOLLOWER to CANDIDATE at term 0 for changeToCandidate
2019-09-25 07:35:46,953 [0a03bc5e-b15f-4537-941b-10259ace1437@group-D799C3DEA50B:LeaderElection3] INFO  server.RaftServerConfigKeys (ConfUtils.java:logGet(43)) - raft.server.write.element-limit = 4096 (default)
2019-09-25 07:35:46,953 [Thread-219] INFO  impl.RoleInfo (RoleInfo.java:updateAndGet(143)) - 20eeef1f-c0de-4bb7-8f99-fe21c95fed30: start LeaderElection
2019-09-25 07:35:46,953 [0a03bc5e-b15f-4537-941b-10259ace1437@group-D799C3DEA50B:LeaderElection3] INFO  server.RaftServerConfigKeys (ConfUtils.java:logGet(43)) - raft.server.watch.timeout = 10s (default)
2019-09-25 07:35:46,954 [0a03bc5e-b15f-4537-941b-10259ace1437@group-D799C3DEA50B:LeaderElection3] INFO  server.RaftServerConfigKeys (ConfUtils.java:logGet(43)) - raft.server.watch.timeout.denomination = 1s (default)
2019-09-25 07:35:46,956 [0a03bc5e-b15f-4537-941b-10259ace1437@group-D799C3DEA50B:LeaderElection3] INFO  server.RaftServerConfigKeys (ConfUtils.java:logGet(43)) - raft.server.watch.element-limit = 65536 (default)
2019-09-25 07:35:46,962 [0a03bc5e-b15f-4537-941b-10259ace1437@group-D799C3DEA50B:LeaderElection3] INFO  impl.RoleInfo (RoleInfo.java:updateAndGet(143)) - 0a03bc5e-b15f-4537-941b-10259ace1437: start LeaderState
2019-09-25 07:35:46,962 [0a03bc5e-b15f-4537-941b-10259ace1437@group-D799C3DEA50B:LeaderElection3] INFO  segmented.SegmentedRaftLogWorker (SegmentedRaftLogWorker.java:startLogSegment(380)) - 0a03bc5e-b15f-4537-941b-10259ace1437@group-D799C3DEA50B-SegmentedRaftLogWorker: Starting segment from index:0
2019-09-25 07:35:46,963 [0a03bc5e-b15f-4537-941b-10259ace1437@group-D799C3DEA50B:LeaderElection3] INFO  impl.RaftServerImpl (ServerState.java:setRaftConf(354)) - 0a03bc5e-b15f-4537-941b-10259ace1437@group-D799C3DEA50B: set configuration 0: [0a03bc5e-b15f-4537-941b-10259ace1437:192.168.151.106:43890], old=null at 0
2019-09-25 07:35:46,983 [20eeef1f-c0de-4bb7-8f99-fe21c95fed30@group-1FF75D82F662:LeaderElection4] INFO  impl.LeaderElection (LeaderElection.java:askForVotes(182)) - 20eeef1f-c0de-4bb7-8f99-fe21c95fed30@group-1FF75D82F662:LeaderElection4: begin an election at term 1 for -1: [20eeef1f-c0de-4bb7-8f99-fe21c95fed30:192.168.151.106:34100], old=null
2019-09-25 07:35:46,983 [20eeef1f-c0de-4bb7-8f99-fe21c95fed30@group-1FF75D82F662:LeaderElection4] INFO  impl.RoleInfo (RoleInfo.java:shutdownLeaderElection(134)) - 20eeef1f-c0de-4bb7-8f99-fe21c95fed30: shutdown LeaderElection
2019-09-25 07:35:46,983 [20eeef1f-c0de-4bb7-8f99-fe21c95fed30@group-1FF75D82F662:LeaderElection4] INFO  impl.RaftServerImpl (RaftServerImpl.java:setRole(174)) - 20eeef1f-c0de-4bb7-8f99-fe21c95fed30@group-1FF75D82F662: changes role from CANDIDATE to LEADER at term 1 for changeToLeader
2019-09-25 07:35:46,983 [20eeef1f-c0de-4bb7-8f99-fe21c95fed30@group-1FF75D82F662:LeaderElection4] INFO  impl.RaftServerImpl (ServerState.java:setLeader(253)) - 20eeef1f-c0de-4bb7-8f99-fe21c95fed30@group-1FF75D82F662: change Leader from null to 20eeef1f-c0de-4bb7-8f99-fe21c95fed30 at term 1 for becomeLeader, leader elected after 5127ms
2019-09-25 07:35:46,985 [20eeef1f-c0de-4bb7-8f99-fe21c95fed30@group-1FF75D82F662:LeaderElection4] INFO  server.RaftServerConfigKeys (ConfUtils.java:logGet(43)) - raft.server.staging.catchup.gap = 1000 (default)
2019-09-25 07:35:46,985 [20eeef1f-c0de-4bb7-8f99-fe21c95fed30@group-1FF75D82F662:LeaderElection4] INFO  server.RaftServerConfigKeys (ConfUtils.java:logGet(43)) - raft.server.rpc.sleep.time = 25ms (default)
2019-09-25 07:35:46,986 [20eeef1f-c0de-4bb7-8f99-fe21c95fed30@group-1FF75D82F662:LeaderElection4] INFO  server.RaftServerConfigKeys (ConfUtils.java:logGet(43)) - raft.server.write.element-limit = 4096 (default)
2019-09-25 07:35:46,986 [20eeef1f-c0de-4bb7-8f99-fe21c95fed30@group-1FF75D82F662:LeaderElection4] INFO  server.RaftServerConfigKeys (ConfUtils.java:logGet(43)) - raft.server.watch.timeout = 10s (default)
2019-09-25 07:35:46,986 [20eeef1f-c0de-4bb7-8f99-fe21c95fed30@group-1FF75D82F662:LeaderElection4] INFO  server.RaftServerConfigKeys (ConfUtils.java:logGet(43)) - raft.server.watch.timeout.denomination = 1s (default)
2019-09-25 07:35:46,986 [20eeef1f-c0de-4bb7-8f99-fe21c95fed30@group-1FF75D82F662:LeaderElection4] INFO  server.RaftServerConfigKeys (ConfUtils.java:logGet(43)) - raft.server.watch.element-limit = 65536 (default)
2019-09-25 07:35:46,990 [20eeef1f-c0de-4bb7-8f99-fe21c95fed30@group-1FF75D82F662:LeaderElection4] INFO  impl.RoleInfo (RoleInfo.java:updateAndGet(143)) - 20eeef1f-c0de-4bb7-8f99-fe21c95fed30: start LeaderState
2019-09-25 07:35:46,990 [20eeef1f-c0de-4bb7-8f99-fe21c95fed30@group-1FF75D82F662:LeaderElection4] INFO  segmented.SegmentedRaftLogWorker (SegmentedRaftLogWorker.java:startLogSegment(380)) - 20eeef1f-c0de-4bb7-8f99-fe21c95fed30@group-1FF75D82F662-SegmentedRaftLogWorker: Starting segment from index:0
2019-09-25 07:35:46,991 [20eeef1f-c0de-4bb7-8f99-fe21c95fed30@group-1FF75D82F662:LeaderElection4] INFO  impl.RaftServerImpl (ServerState.java:setRaftConf(354)) - 20eeef1f-c0de-4bb7-8f99-fe21c95fed30@group-1FF75D82F662: set configuration 0: [20eeef1f-c0de-4bb7-8f99-fe21c95fed30:192.168.151.106:34100], old=null at 0
2019-09-25 07:35:47,011 [0a03bc5e-b15f-4537-941b-10259ace1437@group-D799C3DEA50B-SegmentedRaftLogWorker] INFO  segmented.SegmentedRaftLogWorker (SegmentedRaftLogWorker.java:execute(569)) - 0a03bc5e-b15f-4537-941b-10259ace1437@group-D799C3DEA50B-SegmentedRaftLogWorker: created new log segment /workdir/hadoop-ozone/tools/target/test-dir/MiniOzoneClusterImpl-321f4562-75cd-4431-a0a7-dd0954309df4/datanode-1/data/ratis/b7a05170-b08f-4c13-932a-d799c3dea50b/current/log_inprogress_0
2019-09-25 07:35:47,024 [20eeef1f-c0de-4bb7-8f99-fe21c95fed30@group-1FF75D82F662-SegmentedRaftLogWorker] INFO  segmented.SegmentedRaftLogWorker (SegmentedRaftLogWorker.java:execute(569)) - 20eeef1f-c0de-4bb7-8f99-fe21c95fed30@group-1FF75D82F662-SegmentedRaftLogWorker: created new log segment /workdir/hadoop-ozone/tools/target/test-dir/MiniOzoneClusterImpl-321f4562-75cd-4431-a0a7-dd0954309df4/datanode-2/data/ratis/a0e758f3-6c6a-48eb-8fd8-1ff75d82f662/current/log_inprogress_0
2019-09-25 07:35:47,144 [Thread-222] INFO  impl.FollowerState (FollowerState.java:run(106)) - 0a03bc5e-b15f-4537-941b-10259ace1437:group-2F012D657F2B changes to CANDIDATE, lastRpcTime:5167, electionTimeout:5167ms
2019-09-25 07:35:47,144 [Thread-222] INFO  impl.RoleInfo (RoleInfo.java:shutdownFollowerState(121)) - 0a03bc5e-b15f-4537-941b-10259ace1437: shutdown FollowerState
2019-09-25 07:35:47,144 [Thread-222] INFO  impl.RaftServerImpl (RaftServerImpl.java:setRole(174)) - 0a03bc5e-b15f-4537-941b-10259ace1437@group-2F012D657F2B: changes role from  FOLLOWER to CANDIDATE at term 0 for changeToCandidate
2019-09-25 07:35:47,145 [Thread-222] INFO  impl.RoleInfo (RoleInfo.java:updateAndGet(143)) - 0a03bc5e-b15f-4537-941b-10259ace1437: start LeaderElection
2019-09-25 07:35:47,153 [Thread-225] INFO  impl.FollowerState (FollowerState.java:run(106)) - 89512cd3-5215-493c-9626-f8bc005210a2:group-D640F67E6412 changes to CANDIDATE, lastRpcTime:5082, electionTimeout:5082ms
2019-09-25 07:35:47,153 [Thread-225] INFO  impl.RoleInfo (RoleInfo.java:shutdownFollowerState(121)) - 89512cd3-5215-493c-9626-f8bc005210a2: shutdown FollowerState
2019-09-25 07:35:47,153 [Thread-225] INFO  impl.RaftServerImpl (RaftServerImpl.java:setRole(174)) - 89512cd3-5215-493c-9626-f8bc005210a2@group-D640F67E6412: changes role from  FOLLOWER to CANDIDATE at term 0 for changeToCandidate
2019-09-25 07:35:47,153 [Thread-225] INFO  impl.RoleInfo (RoleInfo.java:updateAndGet(143)) - 89512cd3-5215-493c-9626-f8bc005210a2: start LeaderElection
2019-09-25 07:35:47,171 [0a03bc5e-b15f-4537-941b-10259ace1437@group-2F012D657F2B:LeaderElection5] INFO  impl.LeaderElection (LeaderElection.java:askForVotes(182)) - 0a03bc5e-b15f-4537-941b-10259ace1437@group-2F012D657F2B:LeaderElection5: begin an election at term 1 for -1: [0a03bc5e-b15f-4537-941b-10259ace1437:192.168.151.106:43890], old=null
2019-09-25 07:35:47,171 [89512cd3-5215-493c-9626-f8bc005210a2@group-D640F67E6412:LeaderElection6] INFO  impl.LeaderElection (LeaderElection.java:askForVotes(182)) - 89512cd3-5215-493c-9626-f8bc005210a2@group-D640F67E6412:LeaderElection6: begin an election at term 1 for -1: [89512cd3-5215-493c-9626-f8bc005210a2:192.168.151.106:37585], old=null
2019-09-25 07:35:47,172 [0a03bc5e-b15f-4537-941b-10259ace1437@group-2F012D657F2B:LeaderElection5] INFO  impl.RoleInfo (RoleInfo.java:shutdownLeaderElection(134)) - 0a03bc5e-b15f-4537-941b-10259ace1437: shutdown LeaderElection
2019-09-25 07:35:47,172 [89512cd3-5215-493c-9626-f8bc005210a2@group-D640F67E6412:LeaderElection6] INFO  impl.RoleInfo (RoleInfo.java:shutdownLeaderElection(134)) - 89512cd3-5215-493c-9626-f8bc005210a2: shutdown LeaderElection
2019-09-25 07:35:47,172 [0a03bc5e-b15f-4537-941b-10259ace1437@group-2F012D657F2B:LeaderElection5] INFO  impl.RaftServerImpl (RaftServerImpl.java:setRole(174)) - 0a03bc5e-b15f-4537-941b-10259ace1437@group-2F012D657F2B: changes role from CANDIDATE to LEADER at term 1 for changeToLeader
2019-09-25 07:35:47,172 [89512cd3-5215-493c-9626-f8bc005210a2@group-D640F67E6412:LeaderElection6] INFO  impl.RaftServerImpl (RaftServerImpl.java:setRole(174)) - 89512cd3-5215-493c-9626-f8bc005210a2@group-D640F67E6412: changes role from CANDIDATE to LEADER at term 1 for changeToLeader
2019-09-25 07:35:47,172 [0a03bc5e-b15f-4537-941b-10259ace1437@group-2F012D657F2B:LeaderElection5] INFO  impl.RaftServerImpl (ServerState.java:setLeader(253)) - 0a03bc5e-b15f-4537-941b-10259ace1437@group-2F012D657F2B: change Leader from null to 0a03bc5e-b15f-4537-941b-10259ace1437 at term 1 for becomeLeader, leader elected after 5205ms
2019-09-25 07:35:47,172 [89512cd3-5215-493c-9626-f8bc005210a2@group-D640F67E6412:LeaderElection6] INFO  impl.RaftServerImpl (ServerState.java:setLeader(253)) - 89512cd3-5215-493c-9626-f8bc005210a2@group-D640F67E6412: change Leader from null to 89512cd3-5215-493c-9626-f8bc005210a2 at term 1 for becomeLeader, leader elected after 5111ms
2019-09-25 07:35:47,173 [0a03bc5e-b15f-4537-941b-10259ace1437@group-2F012D657F2B:LeaderElection5] INFO  server.RaftServerConfigKeys (ConfUtils.java:logGet(43)) - raft.server.staging.catchup.gap = 1000 (default)
2019-09-25 07:35:47,173 [89512cd3-5215-493c-9626-f8bc005210a2@group-D640F67E6412:LeaderElection6] INFO  server.RaftServerConfigKeys (ConfUtils.java:logGet(43)) - raft.server.staging.catchup.gap = 1000 (default)
2019-09-25 07:35:47,173 [0a03bc5e-b15f-4537-941b-10259ace1437@group-2F012D657F2B:LeaderElection5] INFO  server.RaftServerConfigKeys (ConfUtils.java:logGet(43)) - raft.server.rpc.sleep.time = 25ms (default)
2019-09-25 07:35:47,173 [89512cd3-5215-493c-9626-f8bc005210a2@group-D640F67E6412:LeaderElection6] INFO  server.RaftServerConfigKeys (ConfUtils.java:logGet(43)) - raft.server.rpc.sleep.time = 25ms (default)
2019-09-25 07:35:47,173 [0a03bc5e-b15f-4537-941b-10259ace1437@group-2F012D657F2B:LeaderElection5] INFO  server.RaftServerConfigKeys (ConfUtils.java:logGet(43)) - raft.server.write.element-limit = 4096 (default)
2019-09-25 07:35:47,173 [89512cd3-5215-493c-9626-f8bc005210a2@group-D640F67E6412:LeaderElection6] INFO  server.RaftServerConfigKeys (ConfUtils.java:logGet(43)) - raft.server.write.element-limit = 4096 (default)
2019-09-25 07:35:47,173 [0a03bc5e-b15f-4537-941b-10259ace1437@group-2F012D657F2B:LeaderElection5] INFO  server.RaftServerConfigKeys (ConfUtils.java:logGet(43)) - raft.server.watch.timeout = 10s (default)
2019-09-25 07:35:47,174 [89512cd3-5215-493c-9626-f8bc005210a2@group-D640F67E6412:LeaderElection6] INFO  server.RaftServerConfigKeys (ConfUtils.java:logGet(43)) - raft.server.watch.timeout = 10s (default)
2019-09-25 07:35:47,174 [0a03bc5e-b15f-4537-941b-10259ace1437@group-2F012D657F2B:LeaderElection5] INFO  server.RaftServerConfigKeys (ConfUtils.java:logGet(43)) - raft.server.watch.timeout.denomination = 1s (default)
2019-09-25 07:35:47,174 [89512cd3-5215-493c-9626-f8bc005210a2@group-D640F67E6412:LeaderElection6] INFO  server.RaftServerConfigKeys (ConfUtils.java:logGet(43)) - raft.server.watch.timeout.denomination = 1s (default)
2019-09-25 07:35:47,174 [0a03bc5e-b15f-4537-941b-10259ace1437@group-2F012D657F2B:LeaderElection5] INFO  server.RaftServerConfigKeys (ConfUtils.java:logGet(43)) - raft.server.watch.element-limit = 65536 (default)
2019-09-25 07:35:47,174 [89512cd3-5215-493c-9626-f8bc005210a2@group-D640F67E6412:LeaderElection6] INFO  server.RaftServerConfigKeys (ConfUtils.java:logGet(43)) - raft.server.watch.element-limit = 65536 (default)
2019-09-25 07:35:47,178 [0a03bc5e-b15f-4537-941b-10259ace1437@group-2F012D657F2B:LeaderElection5] INFO  impl.RoleInfo (RoleInfo.java:updateAndGet(143)) - 0a03bc5e-b15f-4537-941b-10259ace1437: start LeaderState
2019-09-25 07:35:47,178 [89512cd3-5215-493c-9626-f8bc005210a2@group-D640F67E6412:LeaderElection6] INFO  impl.RoleInfo (RoleInfo.java:updateAndGet(143)) - 89512cd3-5215-493c-9626-f8bc005210a2: start LeaderState
2019-09-25 07:35:47,178 [0a03bc5e-b15f-4537-941b-10259ace1437@group-2F012D657F2B:LeaderElection5] INFO  segmented.SegmentedRaftLogWorker (SegmentedRaftLogWorker.java:startLogSegment(380)) - 0a03bc5e-b15f-4537-941b-10259ace1437@group-2F012D657F2B-SegmentedRaftLogWorker: Starting segment from index:0
2019-09-25 07:35:47,179 [89512cd3-5215-493c-9626-f8bc005210a2@group-D640F67E6412:LeaderElection6] INFO  segmented.SegmentedRaftLogWorker (SegmentedRaftLogWorker.java:startLogSegment(380)) - 89512cd3-5215-493c-9626-f8bc005210a2@group-D640F67E6412-SegmentedRaftLogWorker: Starting segment from index:0
2019-09-25 07:35:47,179 [0a03bc5e-b15f-4537-941b-10259ace1437@group-2F012D657F2B:LeaderElection5] INFO  impl.RaftServerImpl (ServerState.java:setRaftConf(354)) - 0a03bc5e-b15f-4537-941b-10259ace1437@group-2F012D657F2B: set configuration 0: [0a03bc5e-b15f-4537-941b-10259ace1437:192.168.151.106:43890], old=null at 0
2019-09-25 07:35:47,200 [89512cd3-5215-493c-9626-f8bc005210a2@group-D640F67E6412:LeaderElection6] INFO  impl.RaftServerImpl (ServerState.java:setRaftConf(354)) - 89512cd3-5215-493c-9626-f8bc005210a2@group-D640F67E6412: set configuration 0: [89512cd3-5215-493c-9626-f8bc005210a2:192.168.151.106:37585], old=null at 0
2019-09-25 07:35:47,222 [0a03bc5e-b15f-4537-941b-10259ace1437@group-2F012D657F2B-SegmentedRaftLogWorker] INFO  segmented.SegmentedRaftLogWorker (SegmentedRaftLogWorker.java:execute(569)) - 0a03bc5e-b15f-4537-941b-10259ace1437@group-2F012D657F2B-SegmentedRaftLogWorker: created new log segment /workdir/hadoop-ozone/tools/target/test-dir/MiniOzoneClusterImpl-321f4562-75cd-4431-a0a7-dd0954309df4/datanode-1/data/ratis/9986d282-a616-43a3-a7e3-2f012d657f2b/current/log_inprogress_0
2019-09-25 07:35:47,247 [89512cd3-5215-493c-9626-f8bc005210a2@group-D640F67E6412-SegmentedRaftLogWorker] INFO  segmented.SegmentedRaftLogWorker (SegmentedRaftLogWorker.java:execute(569)) - 89512cd3-5215-493c-9626-f8bc005210a2@group-D640F67E6412-SegmentedRaftLogWorker: created new log segment /workdir/hadoop-ozone/tools/target/test-dir/MiniOzoneClusterImpl-321f4562-75cd-4431-a0a7-dd0954309df4/datanode-0/data/ratis/d0affb02-6b90-459d-ba00-d640f67e6412/current/log_inprogress_0
2019-09-25 07:35:47,281 [Thread-228] INFO  impl.FollowerState (FollowerState.java:run(106)) - 0a03bc5e-b15f-4537-941b-10259ace1437:group-62DE61656CF7 changes to CANDIDATE, lastRpcTime:5138, electionTimeout:5138ms
2019-09-25 07:35:47,281 [Thread-228] INFO  impl.RoleInfo (RoleInfo.java:shutdownFollowerState(121)) - 0a03bc5e-b15f-4537-941b-10259ace1437: shutdown FollowerState
2019-09-25 07:35:47,282 [Thread-228] INFO  impl.RaftServerImpl (RaftServerImpl.java:setRole(174)) - 0a03bc5e-b15f-4537-941b-10259ace1437@group-62DE61656CF7: changes role from  FOLLOWER to CANDIDATE at term 0 for changeToCandidate
2019-09-25 07:35:47,282 [Thread-228] INFO  impl.RoleInfo (RoleInfo.java:updateAndGet(143)) - 0a03bc5e-b15f-4537-941b-10259ace1437: start LeaderElection
2019-09-25 07:35:47,303 [Thread-232] INFO  impl.FollowerState (FollowerState.java:run(106)) - 4f9c9097-af28-4e92-8dab-50853da08db1:group-E66B5A19CB65 changes to CANDIDATE, lastRpcTime:5029, electionTimeout:5029ms
2019-09-25 07:35:47,303 [Thread-232] INFO  impl.RoleInfo (RoleInfo.java:shutdownFollowerState(121)) - 4f9c9097-af28-4e92-8dab-50853da08db1: shutdown FollowerState
2019-09-25 07:35:47,304 [Thread-232] INFO  impl.RaftServerImpl (RaftServerImpl.java:setRole(174)) - 4f9c9097-af28-4e92-8dab-50853da08db1@group-E66B5A19CB65: changes role from  FOLLOWER to CANDIDATE at term 0 for changeToCandidate
2019-09-25 07:35:47,304 [Thread-232] INFO  impl.RoleInfo (RoleInfo.java:updateAndGet(143)) - 4f9c9097-af28-4e92-8dab-50853da08db1: start LeaderElection
2019-09-25 07:35:47,310 [0a03bc5e-b15f-4537-941b-10259ace1437@group-62DE61656CF7:LeaderElection7] INFO  impl.LeaderElection (LeaderElection.java:askForVotes(182)) - 0a03bc5e-b15f-4537-941b-10259ace1437@group-62DE61656CF7:LeaderElection7: begin an election at term 1 for -1: [0a03bc5e-b15f-4537-941b-10259ace1437:192.168.151.106:43890], old=null
2019-09-25 07:35:47,311 [0a03bc5e-b15f-4537-941b-10259ace1437@group-62DE61656CF7:LeaderElection7] INFO  impl.RoleInfo (RoleInfo.java:shutdownLeaderElection(134)) - 0a03bc5e-b15f-4537-941b-10259ace1437: shutdown LeaderElection
2019-09-25 07:35:47,311 [0a03bc5e-b15f-4537-941b-10259ace1437@group-62DE61656CF7:LeaderElection7] INFO  impl.RaftServerImpl (RaftServerImpl.java:setRole(174)) - 0a03bc5e-b15f-4537-941b-10259ace1437@group-62DE61656CF7: changes role from CANDIDATE to LEADER at term 1 for changeToLeader
2019-09-25 07:35:47,311 [0a03bc5e-b15f-4537-941b-10259ace1437@group-62DE61656CF7:LeaderElection7] INFO  impl.RaftServerImpl (ServerState.java:setLeader(253)) - 0a03bc5e-b15f-4537-941b-10259ace1437@group-62DE61656CF7: change Leader from null to 0a03bc5e-b15f-4537-941b-10259ace1437 at term 1 for becomeLeader, leader elected after 5176ms
2019-09-25 07:35:47,311 [0a03bc5e-b15f-4537-941b-10259ace1437@group-62DE61656CF7:LeaderElection7] INFO  server.RaftServerConfigKeys (ConfUtils.java:logGet(43)) - raft.server.staging.catchup.gap = 1000 (default)
2019-09-25 07:35:47,311 [0a03bc5e-b15f-4537-941b-10259ace1437@group-62DE61656CF7:LeaderElection7] INFO  server.RaftServerConfigKeys (ConfUtils.java:logGet(43)) - raft.server.rpc.sleep.time = 25ms (default)
2019-09-25 07:35:47,311 [0a03bc5e-b15f-4537-941b-10259ace1437@group-62DE61656CF7:LeaderElection7] INFO  server.RaftServerConfigKeys (ConfUtils.java:logGet(43)) - raft.server.write.element-limit = 4096 (default)
2019-09-25 07:35:47,312 [0a03bc5e-b15f-4537-941b-10259ace1437@group-62DE61656CF7:LeaderElection7] INFO  server.RaftServerConfigKeys (ConfUtils.java:logGet(43)) - raft.server.watch.timeout = 10s (default)
2019-09-25 07:35:47,312 [0a03bc5e-b15f-4537-941b-10259ace1437@group-62DE61656CF7:LeaderElection7] INFO  server.RaftServerConfigKeys (ConfUtils.java:logGet(43)) - raft.server.watch.timeout.denomination = 1s (default)
2019-09-25 07:35:47,312 [0a03bc5e-b15f-4537-941b-10259ace1437@group-62DE61656CF7:LeaderElection7] INFO  server.RaftServerConfigKeys (ConfUtils.java:logGet(43)) - raft.server.watch.element-limit = 65536 (default)
2019-09-25 07:35:47,315 [0a03bc5e-b15f-4537-941b-10259ace1437@group-62DE61656CF7:LeaderElection7] INFO  impl.RoleInfo (RoleInfo.java:updateAndGet(143)) - 0a03bc5e-b15f-4537-941b-10259ace1437: start LeaderState
2019-09-25 07:35:47,315 [0a03bc5e-b15f-4537-941b-10259ace1437@group-62DE61656CF7:LeaderElection7] INFO  segmented.SegmentedRaftLogWorker (SegmentedRaftLogWorker.java:startLogSegment(380)) - 0a03bc5e-b15f-4537-941b-10259ace1437@group-62DE61656CF7-SegmentedRaftLogWorker: Starting segment from index:0
2019-09-25 07:35:47,316 [0a03bc5e-b15f-4537-941b-10259ace1437@group-62DE61656CF7:LeaderElection7] INFO  impl.RaftServerImpl (ServerState.java:setRaftConf(354)) - 0a03bc5e-b15f-4537-941b-10259ace1437@group-62DE61656CF7: set configuration 0: [0a03bc5e-b15f-4537-941b-10259ace1437:192.168.151.106:43890], old=null at 0
2019-09-25 07:35:47,324 [4f9c9097-af28-4e92-8dab-50853da08db1@group-E66B5A19CB65:LeaderElection8] INFO  impl.LeaderElection (LeaderElection.java:askForVotes(182)) - 4f9c9097-af28-4e92-8dab-50853da08db1@group-E66B5A19CB65:LeaderElection8: begin an election at term 1 for -1: [4f9c9097-af28-4e92-8dab-50853da08db1:192.168.151.106:42095], old=null
2019-09-25 07:35:47,325 [4f9c9097-af28-4e92-8dab-50853da08db1@group-E66B5A19CB65:LeaderElection8] INFO  impl.RoleInfo (RoleInfo.java:shutdownLeaderElection(134)) - 4f9c9097-af28-4e92-8dab-50853da08db1: shutdown LeaderElection
2019-09-25 07:35:47,325 [4f9c9097-af28-4e92-8dab-50853da08db1@group-E66B5A19CB65:LeaderElection8] INFO  impl.RaftServerImpl (RaftServerImpl.java:setRole(174)) - 4f9c9097-af28-4e92-8dab-50853da08db1@group-E66B5A19CB65: changes role from CANDIDATE to LEADER at term 1 for changeToLeader
2019-09-25 07:35:47,325 [4f9c9097-af28-4e92-8dab-50853da08db1@group-E66B5A19CB65:LeaderElection8] INFO  impl.RaftServerImpl (ServerState.java:setLeader(253)) - 4f9c9097-af28-4e92-8dab-50853da08db1@group-E66B5A19CB65: change Leader from null to 4f9c9097-af28-4e92-8dab-50853da08db1 at term 1 for becomeLeader, leader elected after 5061ms
2019-09-25 07:35:47,360 [4f9c9097-af28-4e92-8dab-50853da08db1@group-E66B5A19CB65:LeaderElection8] INFO  server.RaftServerConfigKeys (ConfUtils.java:logGet(43)) - raft.server.staging.catchup.gap = 1000 (default)
2019-09-25 07:35:47,360 [4f9c9097-af28-4e92-8dab-50853da08db1@group-E66B5A19CB65:LeaderElection8] INFO  server.RaftServerConfigKeys (ConfUtils.java:logGet(43)) - raft.server.rpc.sleep.time = 25ms (default)
2019-09-25 07:35:47,360 [4f9c9097-af28-4e92-8dab-50853da08db1@group-E66B5A19CB65:LeaderElection8] INFO  server.RaftServerConfigKeys (ConfUtils.java:logGet(43)) - raft.server.write.element-limit = 4096 (default)
2019-09-25 07:35:47,360 [4f9c9097-af28-4e92-8dab-50853da08db1@group-E66B5A19CB65:LeaderElection8] INFO  server.RaftServerConfigKeys (ConfUtils.java:logGet(43)) - raft.server.watch.timeout = 10s (default)
2019-09-25 07:35:47,360 [4f9c9097-af28-4e92-8dab-50853da08db1@group-E66B5A19CB65:LeaderElection8] INFO  server.RaftServerConfigKeys (ConfUtils.java:logGet(43)) - raft.server.watch.timeout.denomination = 1s (default)
2019-09-25 07:35:47,361 [4f9c9097-af28-4e92-8dab-50853da08db1@group-E66B5A19CB65:LeaderElection8] INFO  server.RaftServerConfigKeys (ConfUtils.java:logGet(43)) - raft.server.watch.element-limit = 65536 (default)
2019-09-25 07:35:47,364 [4f9c9097-af28-4e92-8dab-50853da08db1@group-E66B5A19CB65:LeaderElection8] INFO  impl.RoleInfo (RoleInfo.java:updateAndGet(143)) - 4f9c9097-af28-4e92-8dab-50853da08db1: start LeaderState
2019-09-25 07:35:47,364 [4f9c9097-af28-4e92-8dab-50853da08db1@group-E66B5A19CB65:LeaderElection8] INFO  segmented.SegmentedRaftLogWorker (SegmentedRaftLogWorker.java:startLogSegment(380)) - 4f9c9097-af28-4e92-8dab-50853da08db1@group-E66B5A19CB65-SegmentedRaftLogWorker: Starting segment from index:0
2019-09-25 07:35:47,365 [4f9c9097-af28-4e92-8dab-50853da08db1@group-E66B5A19CB65:LeaderElection8] INFO  impl.RaftServerImpl (ServerState.java:setRaftConf(354)) - 4f9c9097-af28-4e92-8dab-50853da08db1@group-E66B5A19CB65: set configuration 0: [4f9c9097-af28-4e92-8dab-50853da08db1:192.168.151.106:42095], old=null at 0
2019-09-25 07:35:47,405 [0a03bc5e-b15f-4537-941b-10259ace1437@group-62DE61656CF7-SegmentedRaftLogWorker] INFO  segmented.SegmentedRaftLogWorker (SegmentedRaftLogWorker.java:execute(569)) - 0a03bc5e-b15f-4537-941b-10259ace1437@group-62DE61656CF7-SegmentedRaftLogWorker: created new log segment /workdir/hadoop-ozone/tools/target/test-dir/MiniOzoneClusterImpl-321f4562-75cd-4431-a0a7-dd0954309df4/datanode-1/data/ratis/a9df442a-dba6-4fa9-9853-62de61656cf7/current/log_inprogress_0
2019-09-25 07:35:47,427 [4f9c9097-af28-4e92-8dab-50853da08db1@group-E66B5A19CB65-SegmentedRaftLogWorker] INFO  segmented.SegmentedRaftLogWorker (SegmentedRaftLogWorker.java:execute(569)) - 4f9c9097-af28-4e92-8dab-50853da08db1@group-E66B5A19CB65-SegmentedRaftLogWorker: created new log segment /workdir/hadoop-ozone/tools/target/test-dir/MiniOzoneClusterImpl-321f4562-75cd-4431-a0a7-dd0954309df4/datanode-3/data/ratis/d795e792-84e2-4c14-ae1f-e66b5a19cb65/current/log_inprogress_0
2019-09-25 07:35:47,532 [Thread-235] INFO  impl.FollowerState (FollowerState.java:run(106)) - 0a03bc5e-b15f-4537-941b-10259ace1437:group-3CD1E59068C6 changes to CANDIDATE, lastRpcTime:5188, electionTimeout:5188ms
2019-09-25 07:35:47,532 [Thread-235] INFO  impl.RoleInfo (RoleInfo.java:shutdownFollowerState(121)) - 0a03bc5e-b15f-4537-941b-10259ace1437: shutdown FollowerState
2019-09-25 07:35:47,532 [Thread-235] INFO  impl.RaftServerImpl (RaftServerImpl.java:setRole(174)) - 0a03bc5e-b15f-4537-941b-10259ace1437@group-3CD1E59068C6: changes role from  FOLLOWER to CANDIDATE at term 0 for changeToCandidate
2019-09-25 07:35:47,533 [Thread-235] INFO  impl.RoleInfo (RoleInfo.java:updateAndGet(143)) - 0a03bc5e-b15f-4537-941b-10259ace1437: start LeaderElection
2019-09-25 07:35:47,550 [Thread-239] INFO  impl.FollowerState (FollowerState.java:run(106)) - 4f9c9097-af28-4e92-8dab-50853da08db1:group-0B39EA5E778F changes to CANDIDATE, lastRpcTime:5110, electionTimeout:5110ms
2019-09-25 07:35:47,550 [Thread-239] INFO  impl.RoleInfo (RoleInfo.java:shutdownFollowerState(121)) - 4f9c9097-af28-4e92-8dab-50853da08db1: shutdown FollowerState
2019-09-25 07:35:47,550 [Thread-239] INFO  impl.RaftServerImpl (RaftServerImpl.java:setRole(174)) - 4f9c9097-af28-4e92-8dab-50853da08db1@group-0B39EA5E778F: changes role from  FOLLOWER to CANDIDATE at term 0 for changeToCandidate
2019-09-25 07:35:47,550 [Thread-239] INFO  impl.RoleInfo (RoleInfo.java:updateAndGet(143)) - 4f9c9097-af28-4e92-8dab-50853da08db1: start LeaderElection
2019-09-25 07:35:47,562 [0a03bc5e-b15f-4537-941b-10259ace1437@group-3CD1E59068C6:LeaderElection9] INFO  impl.LeaderElection (LeaderElection.java:askForVotes(182)) - 0a03bc5e-b15f-4537-941b-10259ace1437@group-3CD1E59068C6:LeaderElection9: begin an election at term 1 for -1: [0a03bc5e-b15f-4537-941b-10259ace1437:192.168.151.106:43890], old=null
2019-09-25 07:35:47,562 [0a03bc5e-b15f-4537-941b-10259ace1437@group-3CD1E59068C6:LeaderElection9] INFO  impl.RoleInfo (RoleInfo.java:shutdownLeaderElection(134)) - 0a03bc5e-b15f-4537-941b-10259ace1437: shutdown LeaderElection
2019-09-25 07:35:47,563 [0a03bc5e-b15f-4537-941b-10259ace1437@group-3CD1E59068C6:LeaderElection9] INFO  impl.RaftServerImpl (RaftServerImpl.java:setRole(174)) - 0a03bc5e-b15f-4537-941b-10259ace1437@group-3CD1E59068C6: changes role from CANDIDATE to LEADER at term 1 for changeToLeader
2019-09-25 07:35:47,563 [0a03bc5e-b15f-4537-941b-10259ace1437@group-3CD1E59068C6:LeaderElection9] INFO  impl.RaftServerImpl (ServerState.java:setLeader(253)) - 0a03bc5e-b15f-4537-941b-10259ace1437@group-3CD1E59068C6: change Leader from null to 0a03bc5e-b15f-4537-941b-10259ace1437 at term 1 for becomeLeader, leader elected after 5227ms
2019-09-25 07:35:47,563 [0a03bc5e-b15f-4537-941b-10259ace1437@group-3CD1E59068C6:LeaderElection9] INFO  server.RaftServerConfigKeys (ConfUtils.java:logGet(43)) - raft.server.staging.catchup.gap = 1000 (default)
2019-09-25 07:35:47,563 [0a03bc5e-b15f-4537-941b-10259ace1437@group-3CD1E59068C6:LeaderElection9] INFO  server.RaftServerConfigKeys (ConfUtils.java:logGet(43)) - raft.server.rpc.sleep.time = 25ms (default)
2019-09-25 07:35:47,563 [0a03bc5e-b15f-4537-941b-10259ace1437@group-3CD1E59068C6:LeaderElection9] INFO  server.RaftServerConfigKeys (ConfUtils.java:logGet(43)) - raft.server.write.element-limit = 4096 (default)
2019-09-25 07:35:47,564 [0a03bc5e-b15f-4537-941b-10259ace1437@group-3CD1E59068C6:LeaderElection9] INFO  server.RaftServerConfigKeys (ConfUtils.java:logGet(43)) - raft.server.watch.timeout = 10s (default)
2019-09-25 07:35:47,564 [0a03bc5e-b15f-4537-941b-10259ace1437@group-3CD1E59068C6:LeaderElection9] INFO  server.RaftServerConfigKeys (ConfUtils.java:logGet(43)) - raft.server.watch.timeout.denomination = 1s (default)
2019-09-25 07:35:47,564 [0a03bc5e-b15f-4537-941b-10259ace1437@group-3CD1E59068C6:LeaderElection9] INFO  server.RaftServerConfigKeys (ConfUtils.java:logGet(43)) - raft.server.watch.element-limit = 65536 (default)
2019-09-25 07:35:47,567 [0a03bc5e-b15f-4537-941b-10259ace1437@group-3CD1E59068C6:LeaderElection9] INFO  impl.RoleInfo (RoleInfo.java:updateAndGet(143)) - 0a03bc5e-b15f-4537-941b-10259ace1437: start LeaderState
2019-09-25 07:35:47,567 [0a03bc5e-b15f-4537-941b-10259ace1437@group-3CD1E59068C6:LeaderElection9] INFO  segmented.SegmentedRaftLogWorker (SegmentedRaftLogWorker.java:startLogSegment(380)) - 0a03bc5e-b15f-4537-941b-10259ace1437@group-3CD1E59068C6-SegmentedRaftLogWorker: Starting segment from index:0
2019-09-25 07:35:47,568 [0a03bc5e-b15f-4537-941b-10259ace1437@group-3CD1E59068C6:LeaderElection9] INFO  impl.RaftServerImpl (ServerState.java:setRaftConf(354)) - 0a03bc5e-b15f-4537-941b-10259ace1437@group-3CD1E59068C6: set configuration 0: [0a03bc5e-b15f-4537-941b-10259ace1437:192.168.151.106:43890], old=null at 0
2019-09-25 07:35:47,577 [4f9c9097-af28-4e92-8dab-50853da08db1@group-0B39EA5E778F:LeaderElection10] INFO  impl.LeaderElection (LeaderElection.java:askForVotes(182)) - 4f9c9097-af28-4e92-8dab-50853da08db1@group-0B39EA5E778F:LeaderElection10: begin an election at term 1 for -1: [4f9c9097-af28-4e92-8dab-50853da08db1:192.168.151.106:42095], old=null
2019-09-25 07:35:47,578 [4f9c9097-af28-4e92-8dab-50853da08db1@group-0B39EA5E778F:LeaderElection10] INFO  impl.RoleInfo (RoleInfo.java:shutdownLeaderElection(134)) - 4f9c9097-af28-4e92-8dab-50853da08db1: shutdown LeaderElection
2019-09-25 07:35:47,578 [4f9c9097-af28-4e92-8dab-50853da08db1@group-0B39EA5E778F:LeaderElection10] INFO  impl.RaftServerImpl (RaftServerImpl.java:setRole(174)) - 4f9c9097-af28-4e92-8dab-50853da08db1@group-0B39EA5E778F: changes role from CANDIDATE to LEADER at term 1 for changeToLeader
2019-09-25 07:35:47,578 [4f9c9097-af28-4e92-8dab-50853da08db1@group-0B39EA5E778F:LeaderElection10] INFO  impl.RaftServerImpl (ServerState.java:setLeader(253)) - 4f9c9097-af28-4e92-8dab-50853da08db1@group-0B39EA5E778F: change Leader from null to 4f9c9097-af28-4e92-8dab-50853da08db1 at term 1 for becomeLeader, leader elected after 5147ms
2019-09-25 07:35:47,578 [4f9c9097-af28-4e92-8dab-50853da08db1@group-0B39EA5E778F:LeaderElection10] INFO  server.RaftServerConfigKeys (ConfUtils.java:logGet(43)) - raft.server.staging.catchup.gap = 1000 (default)
2019-09-25 07:35:47,578 [4f9c9097-af28-4e92-8dab-50853da08db1@group-0B39EA5E778F:LeaderElection10] INFO  server.RaftServerConfigKeys (ConfUtils.java:logGet(43)) - raft.server.rpc.sleep.time = 25ms (default)
2019-09-25 07:35:47,578 [4f9c9097-af28-4e92-8dab-50853da08db1@group-0B39EA5E778F:LeaderElection10] INFO  server.RaftServerConfigKeys (ConfUtils.java:logGet(43)) - raft.server.write.element-limit = 4096 (default)
2019-09-25 07:35:47,579 [4f9c9097-af28-4e92-8dab-50853da08db1@group-0B39EA5E778F:LeaderElection10] INFO  server.RaftServerConfigKeys (ConfUtils.java:logGet(43)) - raft.server.watch.timeout = 10s (default)
2019-09-25 07:35:47,579 [4f9c9097-af28-4e92-8dab-50853da08db1@group-0B39EA5E778F:LeaderElection10] INFO  server.RaftServerConfigKeys (ConfUtils.java:logGet(43)) - raft.server.watch.timeout.denomination = 1s (default)
2019-09-25 07:35:47,579 [4f9c9097-af28-4e92-8dab-50853da08db1@group-0B39EA5E778F:LeaderElection10] INFO  server.RaftServerConfigKeys (ConfUtils.java:logGet(43)) - raft.server.watch.element-limit = 65536 (default)
2019-09-25 07:35:47,581 [4f9c9097-af28-4e92-8dab-50853da08db1@group-0B39EA5E778F:LeaderElection10] INFO  impl.RoleInfo (RoleInfo.java:updateAndGet(143)) - 4f9c9097-af28-4e92-8dab-50853da08db1: start LeaderState
2019-09-25 07:35:47,582 [4f9c9097-af28-4e92-8dab-50853da08db1@group-0B39EA5E778F:LeaderElection10] INFO  segmented.SegmentedRaftLogWorker (SegmentedRaftLogWorker.java:startLogSegment(380)) - 4f9c9097-af28-4e92-8dab-50853da08db1@group-0B39EA5E778F-SegmentedRaftLogWorker: Starting segment from index:0
2019-09-25 07:35:47,582 [4f9c9097-af28-4e92-8dab-50853da08db1@group-0B39EA5E778F:LeaderElection10] INFO  impl.RaftServerImpl (ServerState.java:setRaftConf(354)) - 4f9c9097-af28-4e92-8dab-50853da08db1@group-0B39EA5E778F: set configuration 0: [4f9c9097-af28-4e92-8dab-50853da08db1:192.168.151.106:42095], old=null at 0
 100.00% |█████████████████████████████████████████████████████████████████████████████████████████████████████|  1/1 Time: 0:00:05
2019-09-25 07:35:47,627 [Thread-245] INFO  impl.FollowerState (FollowerState.java:run(106)) - c3cf7509-27e8-499f-a871-32281ced9221:group-3CBA9961D9EB changes to CANDIDATE, lastRpcTime:5034, electionTimeout:5034ms
2019-09-25 07:35:47,628 [Thread-245] INFO  impl.RoleInfo (RoleInfo.java:shutdownFollowerState(121)) - c3cf7509-27e8-499f-a871-32281ced9221: shutdown FollowerState
2019-09-25 07:35:47,628 [Thread-245] INFO  impl.RaftServerImpl (RaftServerImpl.java:setRole(174)) - c3cf7509-27e8-499f-a871-32281ced9221@group-3CBA9961D9EB: changes role from  FOLLOWER to CANDIDATE at term 0 for changeToCandidate
2019-09-25 07:35:47,628 [Thread-245] INFO  impl.RoleInfo (RoleInfo.java:updateAndGet(143)) - c3cf7509-27e8-499f-a871-32281ced9221: start LeaderElection
2019-09-25 07:35:47,633 [0a03bc5e-b15f-4537-941b-10259ace1437@group-3CD1E59068C6-SegmentedRaftLogWorker] INFO  segmented.SegmentedRaftLogWorker (SegmentedRaftLogWorker.java:execute(569)) - 0a03bc5e-b15f-4537-941b-10259ace1437@group-3CD1E59068C6-SegmentedRaftLogWorker: created new log segment /workdir/hadoop-ozone/tools/target/test-dir/MiniOzoneClusterImpl-321f4562-75cd-4431-a0a7-dd0954309df4/datanode-1/data/ratis/0d89aecd-26f1-4396-9ad4-3cd1e59068c6/current/log_inprogress_0
2019-09-25 07:35:47,633 [4f9c9097-af28-4e92-8dab-50853da08db1@group-0B39EA5E778F-SegmentedRaftLogWorker] INFO  segmented.SegmentedRaftLogWorker (SegmentedRaftLogWorker.java:execute(569)) - 4f9c9097-af28-4e92-8dab-50853da08db1@group-0B39EA5E778F-SegmentedRaftLogWorker: created new log segment /workdir/hadoop-ozone/tools/target/test-dir/MiniOzoneClusterImpl-321f4562-75cd-4431-a0a7-dd0954309df4/datanode-3/data/ratis/3b3b3896-f747-4321-afa9-0b39ea5e778f/current/log_inprogress_0
2019-09-25 07:35:47,646 [c3cf7509-27e8-499f-a871-32281ced9221@group-3CBA9961D9EB:LeaderElection11] INFO  impl.LeaderElection (LeaderElection.java:askForVotes(182)) - c3cf7509-27e8-499f-a871-32281ced9221@group-3CBA9961D9EB:LeaderElection11: begin an election at term 1 for -1: [c3cf7509-27e8-499f-a871-32281ced9221:192.168.151.106:40856], old=null
2019-09-25 07:35:47,646 [c3cf7509-27e8-499f-a871-32281ced9221@group-3CBA9961D9EB:LeaderElection11] INFO  impl.RoleInfo (RoleInfo.java:shutdownLeaderElection(134)) - c3cf7509-27e8-499f-a871-32281ced9221: shutdown LeaderElection
2019-09-25 07:35:47,647 [c3cf7509-27e8-499f-a871-32281ced9221@group-3CBA9961D9EB:LeaderElection11] INFO  impl.RaftServerImpl (RaftServerImpl.java:setRole(174)) - c3cf7509-27e8-499f-a871-32281ced9221@group-3CBA9961D9EB: changes role from CANDIDATE to LEADER at term 1 for changeToLeader
2019-09-25 07:35:47,647 [c3cf7509-27e8-499f-a871-32281ced9221@group-3CBA9961D9EB:LeaderElection11] INFO  impl.RaftServerImpl (ServerState.java:setLeader(253)) - c3cf7509-27e8-499f-a871-32281ced9221@group-3CBA9961D9EB: change Leader from null to c3cf7509-27e8-499f-a871-32281ced9221 at term 1 for becomeLeader, leader elected after 5062ms
2019-09-25 07:35:47,647 [c3cf7509-27e8-499f-a871-32281ced9221@group-3CBA9961D9EB:LeaderElection11] INFO  server.RaftServerConfigKeys (ConfUtils.java:logGet(43)) - raft.server.staging.catchup.gap = 1000 (default)
2019-09-25 07:35:47,647 [c3cf7509-27e8-499f-a871-32281ced9221@group-3CBA9961D9EB:LeaderElection11] INFO  server.RaftServerConfigKeys (ConfUtils.java:logGet(43)) - raft.server.rpc.sleep.time = 25ms (default)
2019-09-25 07:35:47,647 [c3cf7509-27e8-499f-a871-32281ced9221@group-3CBA9961D9EB:LeaderElection11] INFO  server.RaftServerConfigKeys (ConfUtils.java:logGet(43)) - raft.server.write.element-limit = 4096 (default)
2019-09-25 07:35:47,647 [c3cf7509-27e8-499f-a871-32281ced9221@group-3CBA9961D9EB:LeaderElection11] INFO  server.RaftServerConfigKeys (ConfUtils.java:logGet(43)) - raft.server.watch.timeout = 10s (default)
2019-09-25 07:35:47,648 [c3cf7509-27e8-499f-a871-32281ced9221@group-3CBA9961D9EB:LeaderElection11] INFO  server.RaftServerConfigKeys (ConfUtils.java:logGet(43)) - raft.server.watch.timeout.denomination = 1s (default)
2019-09-25 07:35:47,648 [c3cf7509-27e8-499f-a871-32281ced9221@group-3CBA9961D9EB:LeaderElection11] INFO  server.RaftServerConfigKeys (ConfUtils.java:logGet(43)) - raft.server.watch.element-limit = 65536 (default)
2019-09-25 07:35:47,651 [c3cf7509-27e8-499f-a871-32281ced9221@group-3CBA9961D9EB:LeaderElection11] INFO  impl.RoleInfo (RoleInfo.java:updateAndGet(143)) - c3cf7509-27e8-499f-a871-32281ced9221: start LeaderState
2019-09-25 07:35:47,651 [c3cf7509-27e8-499f-a871-32281ced9221@group-3CBA9961D9EB:LeaderElection11] INFO  segmented.SegmentedRaftLogWorker (SegmentedRaftLogWorker.java:startLogSegment(380)) - c3cf7509-27e8-499f-a871-32281ced9221@group-3CBA9961D9EB-SegmentedRaftLogWorker: Starting segment from index:0
2019-09-25 07:35:47,652 [c3cf7509-27e8-499f-a871-32281ced9221@group-3CBA9961D9EB:LeaderElection11] INFO  impl.RaftServerImpl (ServerState.java:setRaftConf(354)) - c3cf7509-27e8-499f-a871-32281ced9221@group-3CBA9961D9EB: set configuration 0: [c3cf7509-27e8-499f-a871-32281ced9221:192.168.151.106:40856], old=null at 0
2019-09-25 07:35:47,673 [Thread-242] INFO  impl.FollowerState (FollowerState.java:run(106)) - 4f9c9097-af28-4e92-8dab-50853da08db1:group-5454B693C4A9 changes to CANDIDATE, lastRpcTime:5153, electionTimeout:5145ms
2019-09-25 07:35:47,674 [Thread-242] INFO  impl.RoleInfo (RoleInfo.java:shutdownFollowerState(121)) - 4f9c9097-af28-4e92-8dab-50853da08db1: shutdown FollowerState
2019-09-25 07:35:47,674 [Thread-242] INFO  impl.RaftServerImpl (RaftServerImpl.java:setRole(174)) - 4f9c9097-af28-4e92-8dab-50853da08db1@group-5454B693C4A9: changes role from  FOLLOWER to CANDIDATE at term 0 for changeToCandidate
2019-09-25 07:35:47,674 [Thread-242] INFO  impl.RoleInfo (RoleInfo.java:updateAndGet(143)) - 4f9c9097-af28-4e92-8dab-50853da08db1: start LeaderElection
2019-09-25 07:35:47,696 [c3cf7509-27e8-499f-a871-32281ced9221@group-3CBA9961D9EB-SegmentedRaftLogWorker] INFO  segmented.SegmentedRaftLogWorker (SegmentedRaftLogWorker.java:execute(569)) - c3cf7509-27e8-499f-a871-32281ced9221@group-3CBA9961D9EB-SegmentedRaftLogWorker: created new log segment /workdir/hadoop-ozone/tools/target/test-dir/MiniOzoneClusterImpl-321f4562-75cd-4431-a0a7-dd0954309df4/datanode-4/data/ratis/702f91c6-b7fb-44dd-9f0c-3cba9961d9eb/current/log_inprogress_0
2019-09-25 07:35:47,696 [4f9c9097-af28-4e92-8dab-50853da08db1@group-5454B693C4A9:LeaderElection12] INFO  impl.LeaderElection (LeaderElection.java:askForVotes(182)) - 4f9c9097-af28-4e92-8dab-50853da08db1@group-5454B693C4A9:LeaderElection12: begin an election at term 1 for -1: [4f9c9097-af28-4e92-8dab-50853da08db1:192.168.151.106:42095], old=null
2019-09-25 07:35:47,697 [4f9c9097-af28-4e92-8dab-50853da08db1@group-5454B693C4A9:LeaderElection12] INFO  impl.RoleInfo (RoleInfo.java:shutdownLeaderElection(134)) - 4f9c9097-af28-4e92-8dab-50853da08db1: shutdown LeaderElection
2019-09-25 07:35:47,697 [4f9c9097-af28-4e92-8dab-50853da08db1@group-5454B693C4A9:LeaderElection12] INFO  impl.RaftServerImpl (RaftServerImpl.java:setRole(174)) - 4f9c9097-af28-4e92-8dab-50853da08db1@group-5454B693C4A9: changes role from CANDIDATE to LEADER at term 1 for changeToLeader
2019-09-25 07:35:47,697 [4f9c9097-af28-4e92-8dab-50853da08db1@group-5454B693C4A9:LeaderElection12] INFO  impl.RaftServerImpl (ServerState.java:setLeader(253)) - 4f9c9097-af28-4e92-8dab-50853da08db1@group-5454B693C4A9: change Leader from null to 4f9c9097-af28-4e92-8dab-50853da08db1 at term 1 for becomeLeader, leader elected after 5183ms
2019-09-25 07:35:47,697 [4f9c9097-af28-4e92-8dab-50853da08db1@group-5454B693C4A9:LeaderElection12] INFO  server.RaftServerConfigKeys (ConfUtils.java:logGet(43)) - raft.server.staging.catchup.gap = 1000 (default)
2019-09-25 07:35:47,697 [4f9c9097-af28-4e92-8dab-50853da08db1@group-5454B693C4A9:LeaderElection12] INFO  server.RaftServerConfigKeys (ConfUtils.java:logGet(43)) - raft.server.rpc.sleep.time = 25ms (default)
2019-09-25 07:35:47,697 [4f9c9097-af28-4e92-8dab-50853da08db1@group-5454B693C4A9:LeaderElection12] INFO  server.RaftServerConfigKeys (ConfUtils.java:logGet(43)) - raft.server.write.element-limit = 4096 (default)
2019-09-25 07:35:47,698 [4f9c9097-af28-4e92-8dab-50853da08db1@group-5454B693C4A9:LeaderElection12] INFO  server.RaftServerConfigKeys (ConfUtils.java:logGet(43)) - raft.server.watch.timeout = 10s (default)
2019-09-25 07:35:47,698 [4f9c9097-af28-4e92-8dab-50853da08db1@group-5454B693C4A9:LeaderElection12] INFO  server.RaftServerConfigKeys (ConfUtils.java:logGet(43)) - raft.server.watch.timeout.denomination = 1s (default)
2019-09-25 07:35:47,698 [4f9c9097-af28-4e92-8dab-50853da08db1@group-5454B693C4A9:LeaderElection12] INFO  server.RaftServerConfigKeys (ConfUtils.java:logGet(43)) - raft.server.watch.element-limit = 65536 (default)
2019-09-25 07:35:47,700 [4f9c9097-af28-4e92-8dab-50853da08db1@group-5454B693C4A9:LeaderElection12] INFO  impl.RoleInfo (RoleInfo.java:updateAndGet(143)) - 4f9c9097-af28-4e92-8dab-50853da08db1: start LeaderState
2019-09-25 07:35:47,701 [4f9c9097-af28-4e92-8dab-50853da08db1@group-5454B693C4A9:LeaderElection12] INFO  segmented.SegmentedRaftLogWorker (SegmentedRaftLogWorker.java:startLogSegment(380)) - 4f9c9097-af28-4e92-8dab-50853da08db1@group-5454B693C4A9-SegmentedRaftLogWorker: Starting segment from index:0
2019-09-25 07:35:47,701 [4f9c9097-af28-4e92-8dab-50853da08db1@group-5454B693C4A9:LeaderElection12] INFO  impl.RaftServerImpl (ServerState.java:setRaftConf(354)) - 4f9c9097-af28-4e92-8dab-50853da08db1@group-5454B693C4A9: set configuration 0: [4f9c9097-af28-4e92-8dab-50853da08db1:192.168.151.106:42095], old=null at 0
2019-09-25 07:35:47,736 [4f9c9097-af28-4e92-8dab-50853da08db1@group-5454B693C4A9-SegmentedRaftLogWorker] INFO  segmented.SegmentedRaftLogWorker (SegmentedRaftLogWorker.java:execute(569)) - 4f9c9097-af28-4e92-8dab-50853da08db1@group-5454B693C4A9-SegmentedRaftLogWorker: created new log segment /workdir/hadoop-ozone/tools/target/test-dir/MiniOzoneClusterImpl-321f4562-75cd-4431-a0a7-dd0954309df4/datanode-3/data/ratis/37cc42bb-c465-43d3-9399-5454b693c4a9/current/log_inprogress_0
2019-09-25 07:35:47,746 [Thread-252] INFO  impl.FollowerState (FollowerState.java:run(106)) - c3cf7509-27e8-499f-a871-32281ced9221:group-1ECE3ADB4022 changes to CANDIDATE, lastRpcTime:5066, electionTimeout:5066ms
2019-09-25 07:35:47,746 [Thread-252] INFO  impl.RoleInfo (RoleInfo.java:shutdownFollowerState(121)) - c3cf7509-27e8-499f-a871-32281ced9221: shutdown FollowerState
2019-09-25 07:35:47,746 [Thread-252] INFO  impl.RaftServerImpl (RaftServerImpl.java:setRole(174)) - c3cf7509-27e8-499f-a871-32281ced9221@group-1ECE3ADB4022: changes role from  FOLLOWER to CANDIDATE at term 0 for changeToCandidate
2019-09-25 07:35:47,747 [Thread-252] INFO  impl.RoleInfo (RoleInfo.java:updateAndGet(143)) - c3cf7509-27e8-499f-a871-32281ced9221: start LeaderElection
2019-09-25 07:35:47,774 [c3cf7509-27e8-499f-a871-32281ced9221@group-1ECE3ADB4022:LeaderElection13] INFO  impl.LeaderElection (LeaderElection.java:askForVotes(182)) - c3cf7509-27e8-499f-a871-32281ced9221@group-1ECE3ADB4022:LeaderElection13: begin an election at term 1 for -1: [c3cf7509-27e8-499f-a871-32281ced9221:192.168.151.106:40856], old=null
2019-09-25 07:35:47,774 [c3cf7509-27e8-499f-a871-32281ced9221@group-1ECE3ADB4022:LeaderElection13] INFO  impl.RoleInfo (RoleInfo.java:shutdownLeaderElection(134)) - c3cf7509-27e8-499f-a871-32281ced9221: shutdown LeaderElection
2019-09-25 07:35:47,775 [c3cf7509-27e8-499f-a871-32281ced9221@group-1ECE3ADB4022:LeaderElection13] INFO  impl.RaftServerImpl (RaftServerImpl.java:setRole(174)) - c3cf7509-27e8-499f-a871-32281ced9221@group-1ECE3ADB4022: changes role from CANDIDATE to LEADER at term 1 for changeToLeader
2019-09-25 07:35:47,775 [c3cf7509-27e8-499f-a871-32281ced9221@group-1ECE3ADB4022:LeaderElection13] INFO  impl.RaftServerImpl (ServerState.java:setLeader(253)) - c3cf7509-27e8-499f-a871-32281ced9221@group-1ECE3ADB4022: change Leader from null to c3cf7509-27e8-499f-a871-32281ced9221 at term 1 for becomeLeader, leader elected after 5103ms
2019-09-25 07:35:47,775 [c3cf7509-27e8-499f-a871-32281ced9221@group-1ECE3ADB4022:LeaderElection13] INFO  server.RaftServerConfigKeys (ConfUtils.java:logGet(43)) - raft.server.staging.catchup.gap = 1000 (default)
2019-09-25 07:35:47,775 [c3cf7509-27e8-499f-a871-32281ced9221@group-1ECE3ADB4022:LeaderElection13] INFO  server.RaftServerConfigKeys (ConfUtils.java:logGet(43)) - raft.server.rpc.sleep.time = 25ms (default)
2019-09-25 07:35:47,775 [c3cf7509-27e8-499f-a871-32281ced9221@group-1ECE3ADB4022:LeaderElection13] INFO  server.RaftServerConfigKeys (ConfUtils.java:logGet(43)) - raft.server.write.element-limit = 4096 (default)
2019-09-25 07:35:47,775 [c3cf7509-27e8-499f-a871-32281ced9221@group-1ECE3ADB4022:LeaderElection13] INFO  server.RaftServerConfigKeys (ConfUtils.java:logGet(43)) - raft.server.watch.timeout = 10s (default)
2019-09-25 07:35:47,775 [c3cf7509-27e8-499f-a871-32281ced9221@group-1ECE3ADB4022:LeaderElection13] INFO  server.RaftServerConfigKeys (ConfUtils.java:logGet(43)) - raft.server.watch.timeout.denomination = 1s (default)
2019-09-25 07:35:47,776 [c3cf7509-27e8-499f-a871-32281ced9221@group-1ECE3ADB4022:LeaderElection13] INFO  server.RaftServerConfigKeys (ConfUtils.java:logGet(43)) - raft.server.watch.element-limit = 65536 (default)
2019-09-25 07:35:47,778 [c3cf7509-27e8-499f-a871-32281ced9221@group-1ECE3ADB4022:LeaderElection13] INFO  impl.RoleInfo (RoleInfo.java:updateAndGet(143)) - c3cf7509-27e8-499f-a871-32281ced9221: start LeaderState
2019-09-25 07:35:47,778 [c3cf7509-27e8-499f-a871-32281ced9221@group-1ECE3ADB4022:LeaderElection13] INFO  segmented.SegmentedRaftLogWorker (SegmentedRaftLogWorker.java:startLogSegment(380)) - c3cf7509-27e8-499f-a871-32281ced9221@group-1ECE3ADB4022-SegmentedRaftLogWorker: Starting segment from index:0
2019-09-25 07:35:47,779 [c3cf7509-27e8-499f-a871-32281ced9221@group-1ECE3ADB4022:LeaderElection13] INFO  impl.RaftServerImpl (ServerState.java:setRaftConf(354)) - c3cf7509-27e8-499f-a871-32281ced9221@group-1ECE3ADB4022: set configuration 0: [c3cf7509-27e8-499f-a871-32281ced9221:192.168.151.106:40856], old=null at 0
2019-09-25 07:35:47,824 [c3cf7509-27e8-499f-a871-32281ced9221@group-1ECE3ADB4022-SegmentedRaftLogWorker] INFO  segmented.SegmentedRaftLogWorker (SegmentedRaftLogWorker.java:execute(569)) - c3cf7509-27e8-499f-a871-32281ced9221@group-1ECE3ADB4022-SegmentedRaftLogWorker: created new log segment /workdir/hadoop-ozone/tools/target/test-dir/MiniOzoneClusterImpl-321f4562-75cd-4431-a0a7-dd0954309df4/datanode-4/data/ratis/ec62e850-0c66-4085-94cb-1ece3adb4022/current/log_inprogress_0
2019-09-25 07:35:47,892 [Thread-255] INFO  impl.FollowerState (FollowerState.java:run(106)) - 4f9c9097-af28-4e92-8dab-50853da08db1:group-75DED89A691B changes to CANDIDATE, lastRpcTime:5149, electionTimeout:5149ms
2019-09-25 07:35:47,893 [Thread-255] INFO  impl.RoleInfo (RoleInfo.java:shutdownFollowerState(121)) - 4f9c9097-af28-4e92-8dab-50853da08db1: shutdown FollowerState
2019-09-25 07:35:47,893 [Thread-255] INFO  impl.RaftServerImpl (RaftServerImpl.java:setRole(174)) - 4f9c9097-af28-4e92-8dab-50853da08db1@group-75DED89A691B: changes role from  FOLLOWER to CANDIDATE at term 0 for changeToCandidate
2019-09-25 07:35:47,893 [Thread-255] INFO  impl.RoleInfo (RoleInfo.java:updateAndGet(143)) - 4f9c9097-af28-4e92-8dab-50853da08db1: start LeaderElection
2019-09-25 07:35:47,911 [Thread-258] INFO  impl.FollowerState (FollowerState.java:run(106)) - 20eeef1f-c0de-4bb7-8f99-fe21c95fed30:group-F668C24BA591 changes to CANDIDATE, lastRpcTime:5063, electionTimeout:5063ms
2019-09-25 07:35:47,911 [Thread-258] INFO  impl.RoleInfo (RoleInfo.java:shutdownFollowerState(121)) - 20eeef1f-c0de-4bb7-8f99-fe21c95fed30: shutdown FollowerState
2019-09-25 07:35:47,911 [Thread-258] INFO  impl.RaftServerImpl (RaftServerImpl.java:setRole(174)) - 20eeef1f-c0de-4bb7-8f99-fe21c95fed30@group-F668C24BA591: changes role from  FOLLOWER to CANDIDATE at term 0 for changeToCandidate
2019-09-25 07:35:47,911 [Thread-258] INFO  impl.RoleInfo (RoleInfo.java:updateAndGet(143)) - 20eeef1f-c0de-4bb7-8f99-fe21c95fed30: start LeaderElection
2019-09-25 07:35:47,924 [4f9c9097-af28-4e92-8dab-50853da08db1@group-75DED89A691B:LeaderElection14] INFO  impl.LeaderElection (LeaderElection.java:askForVotes(182)) - 4f9c9097-af28-4e92-8dab-50853da08db1@group-75DED89A691B:LeaderElection14: begin an election at term 1 for -1: [4f9c9097-af28-4e92-8dab-50853da08db1:192.168.151.106:42095], old=null
2019-09-25 07:35:47,924 [4f9c9097-af28-4e92-8dab-50853da08db1@group-75DED89A691B:LeaderElection14] INFO  impl.RoleInfo (RoleInfo.java:shutdownLeaderElection(134)) - 4f9c9097-af28-4e92-8dab-50853da08db1: shutdown LeaderElection
2019-09-25 07:35:47,924 [4f9c9097-af28-4e92-8dab-50853da08db1@group-75DED89A691B:LeaderElection14] INFO  impl.RaftServerImpl (RaftServerImpl.java:setRole(174)) - 4f9c9097-af28-4e92-8dab-50853da08db1@group-75DED89A691B: changes role from CANDIDATE to LEADER at term 1 for changeToLeader
2019-09-25 07:35:47,925 [4f9c9097-af28-4e92-8dab-50853da08db1@group-75DED89A691B:LeaderElection14] INFO  impl.RaftServerImpl (ServerState.java:setLeader(253)) - 4f9c9097-af28-4e92-8dab-50853da08db1@group-75DED89A691B: change Leader from null to 4f9c9097-af28-4e92-8dab-50853da08db1 at term 1 for becomeLeader, leader elected after 5190ms
2019-09-25 07:35:47,925 [4f9c9097-af28-4e92-8dab-50853da08db1@group-75DED89A691B:LeaderElection14] INFO  server.RaftServerConfigKeys (ConfUtils.java:logGet(43)) - raft.server.staging.catchup.gap = 1000 (default)
2019-09-25 07:35:47,925 [4f9c9097-af28-4e92-8dab-50853da08db1@group-75DED89A691B:LeaderElection14] INFO  server.RaftServerConfigKeys (ConfUtils.java:logGet(43)) - raft.server.rpc.sleep.time = 25ms (default)
2019-09-25 07:35:47,925 [4f9c9097-af28-4e92-8dab-50853da08db1@group-75DED89A691B:LeaderElection14] INFO  server.RaftServerConfigKeys (ConfUtils.java:logGet(43)) - raft.server.write.element-limit = 4096 (default)
2019-09-25 07:35:47,925 [4f9c9097-af28-4e92-8dab-50853da08db1@group-75DED89A691B:LeaderElection14] INFO  server.RaftServerConfigKeys (ConfUtils.java:logGet(43)) - raft.server.watch.timeout = 10s (default)
2019-09-25 07:35:47,926 [4f9c9097-af28-4e92-8dab-50853da08db1@group-75DED89A691B:LeaderElection14] INFO  server.RaftServerConfigKeys (ConfUtils.java:logGet(43)) - raft.server.watch.timeout.denomination = 1s (default)
2019-09-25 07:35:47,926 [4f9c9097-af28-4e92-8dab-50853da08db1@group-75DED89A691B:LeaderElection14] INFO  server.RaftServerConfigKeys (ConfUtils.java:logGet(43)) - raft.server.watch.element-limit = 65536 (default)
2019-09-25 07:35:47,929 [4f9c9097-af28-4e92-8dab-50853da08db1@group-75DED89A691B:LeaderElection14] INFO  impl.RoleInfo (RoleInfo.java:updateAndGet(143)) - 4f9c9097-af28-4e92-8dab-50853da08db1: start LeaderState
2019-09-25 07:35:47,929 [4f9c9097-af28-4e92-8dab-50853da08db1@group-75DED89A691B:LeaderElection14] INFO  segmented.SegmentedRaftLogWorker (SegmentedRaftLogWorker.java:startLogSegment(380)) - 4f9c9097-af28-4e92-8dab-50853da08db1@group-75DED89A691B-SegmentedRaftLogWorker: Starting segment from index:0
2019-09-25 07:35:47,930 [4f9c9097-af28-4e92-8dab-50853da08db1@group-75DED89A691B:LeaderElection14] INFO  impl.RaftServerImpl (ServerState.java:setRaftConf(354)) - 4f9c9097-af28-4e92-8dab-50853da08db1@group-75DED89A691B: set configuration 0: [4f9c9097-af28-4e92-8dab-50853da08db1:192.168.151.106:42095], old=null at 0
2019-09-25 07:35:47,970 [20eeef1f-c0de-4bb7-8f99-fe21c95fed30@group-F668C24BA591:LeaderElection15] INFO  impl.LeaderElection (LeaderElection.java:askForVotes(182)) - 20eeef1f-c0de-4bb7-8f99-fe21c95fed30@group-F668C24BA591:LeaderElection15: begin an election at term 1 for -1: [20eeef1f-c0de-4bb7-8f99-fe21c95fed30:192.168.151.106:34100], old=null
2019-09-25 07:35:47,970 [20eeef1f-c0de-4bb7-8f99-fe21c95fed30@group-F668C24BA591:LeaderElection15] INFO  impl.RoleInfo (RoleInfo.java:shutdownLeaderElection(134)) - 20eeef1f-c0de-4bb7-8f99-fe21c95fed30: shutdown LeaderElection
2019-09-25 07:35:47,970 [20eeef1f-c0de-4bb7-8f99-fe21c95fed30@group-F668C24BA591:LeaderElection15] INFO  impl.RaftServerImpl (RaftServerImpl.java:setRole(174)) - 20eeef1f-c0de-4bb7-8f99-fe21c95fed30@group-F668C24BA591: changes role from CANDIDATE to LEADER at term 1 for changeToLeader
2019-09-25 07:35:47,970 [20eeef1f-c0de-4bb7-8f99-fe21c95fed30@group-F668C24BA591:LeaderElection15] INFO  impl.RaftServerImpl (ServerState.java:setLeader(253)) - 20eeef1f-c0de-4bb7-8f99-fe21c95fed30@group-F668C24BA591: change Leader from null to 20eeef1f-c0de-4bb7-8f99-fe21c95fed30 at term 1 for becomeLeader, leader elected after 5128ms
2019-09-25 07:35:47,970 [20eeef1f-c0de-4bb7-8f99-fe21c95fed30@group-F668C24BA591:LeaderElection15] INFO  server.RaftServerConfigKeys (ConfUtils.java:logGet(43)) - raft.server.staging.catchup.gap = 1000 (default)
2019-09-25 07:35:47,971 [20eeef1f-c0de-4bb7-8f99-fe21c95fed30@group-F668C24BA591:LeaderElection15] INFO  server.RaftServerConfigKeys (ConfUtils.java:logGet(43)) - raft.server.rpc.sleep.time = 25ms (default)
2019-09-25 07:35:47,971 [20eeef1f-c0de-4bb7-8f99-fe21c95fed30@group-F668C24BA591:LeaderElection15] INFO  server.RaftServerConfigKeys (ConfUtils.java:logGet(43)) - raft.server.write.element-limit = 4096 (default)
2019-09-25 07:35:47,971 [20eeef1f-c0de-4bb7-8f99-fe21c95fed30@group-F668C24BA591:LeaderElection15] INFO  server.RaftServerConfigKeys (ConfUtils.java:logGet(43)) - raft.server.watch.timeout = 10s (default)
2019-09-25 07:35:47,971 [20eeef1f-c0de-4bb7-8f99-fe21c95fed30@group-F668C24BA591:LeaderElection15] INFO  server.RaftServerConfigKeys (ConfUtils.java:logGet(43)) - raft.server.watch.timeout.denomination = 1s (default)
2019-09-25 07:35:47,971 [20eeef1f-c0de-4bb7-8f99-fe21c95fed30@group-F668C24BA591:LeaderElection15] INFO  server.RaftServerConfigKeys (ConfUtils.java:logGet(43)) - raft.server.watch.element-limit = 65536 (default)
2019-09-25 07:35:47,974 [20eeef1f-c0de-4bb7-8f99-fe21c95fed30@group-F668C24BA591:LeaderElection15] INFO  impl.RoleInfo (RoleInfo.java:updateAndGet(143)) - 20eeef1f-c0de-4bb7-8f99-fe21c95fed30: start LeaderState
2019-09-25 07:35:47,975 [20eeef1f-c0de-4bb7-8f99-fe21c95fed30@group-F668C24BA591:LeaderElection15] INFO  segmented.SegmentedRaftLogWorker (SegmentedRaftLogWorker.java:startLogSegment(380)) - 20eeef1f-c0de-4bb7-8f99-fe21c95fed30@group-F668C24BA591-SegmentedRaftLogWorker: Starting segment from index:0
2019-09-25 07:35:47,975 [20eeef1f-c0de-4bb7-8f99-fe21c95fed30@group-F668C24BA591:LeaderElection15] INFO  impl.RaftServerImpl (ServerState.java:setRaftConf(354)) - 20eeef1f-c0de-4bb7-8f99-fe21c95fed30@group-F668C24BA591: set configuration 0: [20eeef1f-c0de-4bb7-8f99-fe21c95fed30:192.168.151.106:34100], old=null at 0
2019-09-25 07:35:48,009 [4f9c9097-af28-4e92-8dab-50853da08db1@group-75DED89A691B-SegmentedRaftLogWorker] INFO  segmented.SegmentedRaftLogWorker (SegmentedRaftLogWorker.java:execute(569)) - 4f9c9097-af28-4e92-8dab-50853da08db1@group-75DED89A691B-SegmentedRaftLogWorker: created new log segment /workdir/hadoop-ozone/tools/target/test-dir/MiniOzoneClusterImpl-321f4562-75cd-4431-a0a7-dd0954309df4/datanode-3/data/ratis/2993cba6-9fb6-4de6-881b-75ded89a691b/current/log_inprogress_0
2019-09-25 07:35:48,031 [20eeef1f-c0de-4bb7-8f99-fe21c95fed30@group-F668C24BA591-SegmentedRaftLogWorker] INFO  segmented.SegmentedRaftLogWorker (SegmentedRaftLogWorker.java:execute(569)) - 20eeef1f-c0de-4bb7-8f99-fe21c95fed30@group-F668C24BA591-SegmentedRaftLogWorker: created new log segment /workdir/hadoop-ozone/tools/target/test-dir/MiniOzoneClusterImpl-321f4562-75cd-4431-a0a7-dd0954309df4/datanode-2/data/ratis/dd9828fe-b83f-4fa5-9ca8-f668c24ba591/current/log_inprogress_0
2019-09-25 07:35:48,584 [Thread-264] INFO  impl.FollowerState (FollowerState.java:run(106)) - 0a03bc5e-b15f-4537-941b-10259ace1437:group-E7A8AB225BB8 changes to CANDIDATE, lastRpcTime:5087, electionTimeout:5087ms
2019-09-25 07:35:48,584 [Thread-264] INFO  impl.RoleInfo (RoleInfo.java:shutdownFollowerState(121)) - 0a03bc5e-b15f-4537-941b-10259ace1437: shutdown FollowerState
2019-09-25 07:35:48,584 [Thread-264] INFO  impl.RaftServerImpl (RaftServerImpl.java:setRole(174)) - 0a03bc5e-b15f-4537-941b-10259ace1437@group-E7A8AB225BB8: changes role from  FOLLOWER to CANDIDATE at term 0 for changeToCandidate
2019-09-25 07:35:48,585 [Thread-264] INFO  impl.RoleInfo (RoleInfo.java:updateAndGet(143)) - 0a03bc5e-b15f-4537-941b-10259ace1437: start LeaderElection
2019-09-25 07:35:48,616 [0a03bc5e-b15f-4537-941b-10259ace1437@group-E7A8AB225BB8:LeaderElection16] INFO  impl.LeaderElection (LeaderElection.java:askForVotes(182)) - 0a03bc5e-b15f-4537-941b-10259ace1437@group-E7A8AB225BB8:LeaderElection16: begin an election at term 1 for -1: [0a03bc5e-b15f-4537-941b-10259ace1437:192.168.151.106:43890], old=null
2019-09-25 07:35:48,616 [0a03bc5e-b15f-4537-941b-10259ace1437@group-E7A8AB225BB8:LeaderElection16] INFO  impl.RoleInfo (RoleInfo.java:shutdownLeaderElection(134)) - 0a03bc5e-b15f-4537-941b-10259ace1437: shutdown LeaderElection
2019-09-25 07:35:48,616 [0a03bc5e-b15f-4537-941b-10259ace1437@group-E7A8AB225BB8:LeaderElection16] INFO  impl.RaftServerImpl (RaftServerImpl.java:setRole(174)) - 0a03bc5e-b15f-4537-941b-10259ace1437@group-E7A8AB225BB8: changes role from CANDIDATE to LEADER at term 1 for changeToLeader
2019-09-25 07:35:48,616 [0a03bc5e-b15f-4537-941b-10259ace1437@group-E7A8AB225BB8:LeaderElection16] INFO  impl.RaftServerImpl (ServerState.java:setLeader(253)) - 0a03bc5e-b15f-4537-941b-10259ace1437@group-E7A8AB225BB8: change Leader from null to 0a03bc5e-b15f-4537-941b-10259ace1437 at term 1 for becomeLeader, leader elected after 5128ms
2019-09-25 07:35:48,616 [0a03bc5e-b15f-4537-941b-10259ace1437@group-E7A8AB225BB8:LeaderElection16] INFO  server.RaftServerConfigKeys (ConfUtils.java:logGet(43)) - raft.server.staging.catchup.gap = 1000 (default)
2019-09-25 07:35:48,617 [0a03bc5e-b15f-4537-941b-10259ace1437@group-E7A8AB225BB8:LeaderElection16] INFO  server.RaftServerConfigKeys (ConfUtils.java:logGet(43)) - raft.server.rpc.sleep.time = 25ms (default)
2019-09-25 07:35:48,617 [0a03bc5e-b15f-4537-941b-10259ace1437@group-E7A8AB225BB8:LeaderElection16] INFO  server.RaftServerConfigKeys (ConfUtils.java:logGet(43)) - raft.server.write.element-limit = 4096 (default)
2019-09-25 07:35:48,617 [0a03bc5e-b15f-4537-941b-10259ace1437@group-E7A8AB225BB8:LeaderElection16] INFO  server.RaftServerConfigKeys (ConfUtils.java:logGet(43)) - raft.server.watch.timeout = 10s (default)
2019-09-25 07:35:48,617 [0a03bc5e-b15f-4537-941b-10259ace1437@group-E7A8AB225BB8:LeaderElection16] INFO  server.RaftServerConfigKeys (ConfUtils.java:logGet(43)) - raft.server.watch.timeout.denomination = 1s (default)
2019-09-25 07:35:48,617 [0a03bc5e-b15f-4537-941b-10259ace1437@group-E7A8AB225BB8:LeaderElection16] INFO  server.RaftServerConfigKeys (ConfUtils.java:logGet(43)) - raft.server.watch.element-limit = 65536 (default)
2019-09-25 07:35:48,620 [0a03bc5e-b15f-4537-941b-10259ace1437@group-E7A8AB225BB8:LeaderElection16] INFO  impl.RoleInfo (RoleInfo.java:updateAndGet(143)) - 0a03bc5e-b15f-4537-941b-10259ace1437: start LeaderState
2019-09-25 07:35:48,621 [0a03bc5e-b15f-4537-941b-10259ace1437@group-E7A8AB225BB8:LeaderElection16] INFO  segmented.SegmentedRaftLogWorker (SegmentedRaftLogWorker.java:startLogSegment(380)) - 0a03bc5e-b15f-4537-941b-10259ace1437@group-E7A8AB225BB8-SegmentedRaftLogWorker: Starting segment from index:0
2019-09-25 07:35:48,621 [0a03bc5e-b15f-4537-941b-10259ace1437@group-E7A8AB225BB8:LeaderElection16] INFO  impl.RaftServerImpl (ServerState.java:setRaftConf(354)) - 0a03bc5e-b15f-4537-941b-10259ace1437@group-E7A8AB225BB8: set configuration 0: [0a03bc5e-b15f-4537-941b-10259ace1437:192.168.151.106:43890], old=null at 0
2019-09-25 07:35:48,643 [Thread-261] INFO  impl.FollowerState (FollowerState.java:run(106)) - c3cf7509-27e8-499f-a871-32281ced9221:group-6457CCB86E58 changes to CANDIDATE, lastRpcTime:5205, electionTimeout:5196ms
2019-09-25 07:35:48,643 [Thread-261] INFO  impl.RoleInfo (RoleInfo.java:shutdownFollowerState(121)) - c3cf7509-27e8-499f-a871-32281ced9221: shutdown FollowerState
2019-09-25 07:35:48,644 [Thread-261] INFO  impl.RaftServerImpl (RaftServerImpl.java:setRole(174)) - c3cf7509-27e8-499f-a871-32281ced9221@group-6457CCB86E58: changes role from  FOLLOWER to CANDIDATE at term 0 for changeToCandidate
2019-09-25 07:35:48,644 [Thread-261] INFO  impl.RoleInfo (RoleInfo.java:updateAndGet(143)) - c3cf7509-27e8-499f-a871-32281ced9221: start LeaderElection
2019-09-25 07:35:48,676 [0a03bc5e-b15f-4537-941b-10259ace1437@group-E7A8AB225BB8-SegmentedRaftLogWorker] INFO  segmented.SegmentedRaftLogWorker (SegmentedRaftLogWorker.java:execute(569)) - 0a03bc5e-b15f-4537-941b-10259ace1437@group-E7A8AB225BB8-SegmentedRaftLogWorker: created new log segment /workdir/hadoop-ozone/tools/target/test-dir/MiniOzoneClusterImpl-321f4562-75cd-4431-a0a7-dd0954309df4/datanode-1/data/ratis/0327184f-94b8-4cb6-bc4f-e7a8ab225bb8/current/log_inprogress_0
2019-09-25 07:35:48,676 [c3cf7509-27e8-499f-a871-32281ced9221@group-6457CCB86E58:LeaderElection17] INFO  impl.LeaderElection (LeaderElection.java:askForVotes(182)) - c3cf7509-27e8-499f-a871-32281ced9221@group-6457CCB86E58:LeaderElection17: begin an election at term 1 for -1: [c3cf7509-27e8-499f-a871-32281ced9221:192.168.151.106:40856], old=null
2019-09-25 07:35:48,676 [c3cf7509-27e8-499f-a871-32281ced9221@group-6457CCB86E58:LeaderElection17] INFO  impl.RoleInfo (RoleInfo.java:shutdownLeaderElection(134)) - c3cf7509-27e8-499f-a871-32281ced9221: shutdown LeaderElection
2019-09-25 07:35:48,676 [c3cf7509-27e8-499f-a871-32281ced9221@group-6457CCB86E58:LeaderElection17] INFO  impl.RaftServerImpl (RaftServerImpl.java:setRole(174)) - c3cf7509-27e8-499f-a871-32281ced9221@group-6457CCB86E58: changes role from CANDIDATE to LEADER at term 1 for changeToLeader
2019-09-25 07:35:48,676 [c3cf7509-27e8-499f-a871-32281ced9221@group-6457CCB86E58:LeaderElection17] INFO  impl.RaftServerImpl (ServerState.java:setLeader(253)) - c3cf7509-27e8-499f-a871-32281ced9221@group-6457CCB86E58: change Leader from null to c3cf7509-27e8-499f-a871-32281ced9221 at term 1 for becomeLeader, leader elected after 5424ms
2019-09-25 07:35:48,676 [c3cf7509-27e8-499f-a871-32281ced9221@group-6457CCB86E58:LeaderElection17] INFO  server.RaftServerConfigKeys (ConfUtils.java:logGet(43)) - raft.server.staging.catchup.gap = 1000 (default)
2019-09-25 07:35:48,676 [c3cf7509-27e8-499f-a871-32281ced9221@group-6457CCB86E58:LeaderElection17] INFO  server.RaftServerConfigKeys (ConfUtils.java:logGet(43)) - raft.server.rpc.sleep.time = 25ms (default)
2019-09-25 07:35:48,677 [c3cf7509-27e8-499f-a871-32281ced9221@group-6457CCB86E58:LeaderElection17] INFO  server.RaftServerConfigKeys (ConfUtils.java:logGet(43)) - raft.server.write.element-limit = 4096 (default)
2019-09-25 07:35:48,677 [c3cf7509-27e8-499f-a871-32281ced9221@group-6457CCB86E58:LeaderElection17] INFO  server.RaftServerConfigKeys (ConfUtils.java:logGet(43)) - raft.server.watch.timeout = 10s (default)
2019-09-25 07:35:48,677 [c3cf7509-27e8-499f-a871-32281ced9221@group-6457CCB86E58:LeaderElection17] INFO  server.RaftServerConfigKeys (ConfUtils.java:logGet(43)) - raft.server.watch.timeout.denomination = 1s (default)
2019-09-25 07:35:48,677 [c3cf7509-27e8-499f-a871-32281ced9221@group-6457CCB86E58:LeaderElection17] INFO  server.RaftServerConfigKeys (ConfUtils.java:logGet(43)) - raft.server.watch.element-limit = 65536 (default)
2019-09-25 07:35:48,680 [c3cf7509-27e8-499f-a871-32281ced9221@group-6457CCB86E58:LeaderElection17] INFO  impl.RoleInfo (RoleInfo.java:updateAndGet(143)) - c3cf7509-27e8-499f-a871-32281ced9221: start LeaderState
2019-09-25 07:35:48,680 [c3cf7509-27e8-499f-a871-32281ced9221@group-6457CCB86E58:LeaderElection17] INFO  segmented.SegmentedRaftLogWorker (SegmentedRaftLogWorker.java:startLogSegment(380)) - c3cf7509-27e8-499f-a871-32281ced9221@group-6457CCB86E58-SegmentedRaftLogWorker: Starting segment from index:0
2019-09-25 07:35:48,681 [c3cf7509-27e8-499f-a871-32281ced9221@group-6457CCB86E58:LeaderElection17] INFO  impl.RaftServerImpl (ServerState.java:setRaftConf(354)) - c3cf7509-27e8-499f-a871-32281ced9221@group-6457CCB86E58: set configuration 0: [c3cf7509-27e8-499f-a871-32281ced9221:192.168.151.106:40856], old=null at 0
2019-09-25 07:35:48,707 [Thread-267] INFO  impl.FollowerState (FollowerState.java:run(106)) - 0a03bc5e-b15f-4537-941b-10259ace1437:group-287FFB0BFB66 changes to CANDIDATE, lastRpcTime:5151, electionTimeout:5132ms
2019-09-25 07:35:48,708 [Thread-267] INFO  impl.RoleInfo (RoleInfo.java:shutdownFollowerState(121)) - 0a03bc5e-b15f-4537-941b-10259ace1437: shutdown FollowerState
2019-09-25 07:35:48,708 [Thread-267] INFO  impl.RaftServerImpl (RaftServerImpl.java:setRole(174)) - 0a03bc5e-b15f-4537-941b-10259ace1437@group-287FFB0BFB66: changes role from  FOLLOWER to CANDIDATE at term 0 for changeToCandidate
2019-09-25 07:35:48,708 [Thread-267] INFO  impl.RoleInfo (RoleInfo.java:updateAndGet(143)) - 0a03bc5e-b15f-4537-941b-10259ace1437: start LeaderElection
2019-09-25 07:35:48,736 [c3cf7509-27e8-499f-a871-32281ced9221@group-6457CCB86E58-SegmentedRaftLogWorker] INFO  segmented.SegmentedRaftLogWorker (SegmentedRaftLogWorker.java:execute(569)) - c3cf7509-27e8-499f-a871-32281ced9221@group-6457CCB86E58-SegmentedRaftLogWorker: created new log segment /workdir/hadoop-ozone/tools/target/test-dir/MiniOzoneClusterImpl-321f4562-75cd-4431-a0a7-dd0954309df4/datanode-4/data/ratis/77d62cc2-4a7b-49ce-ac9e-6457ccb86e58/current/log_inprogress_0
2019-09-25 07:35:48,737 [0a03bc5e-b15f-4537-941b-10259ace1437@group-287FFB0BFB66:LeaderElection18] INFO  impl.LeaderElection (LeaderElection.java:askForVotes(182)) - 0a03bc5e-b15f-4537-941b-10259ace1437@group-287FFB0BFB66:LeaderElection18: begin an election at term 1 for -1: [0a03bc5e-b15f-4537-941b-10259ace1437:192.168.151.106:43890], old=null
2019-09-25 07:35:48,737 [0a03bc5e-b15f-4537-941b-10259ace1437@group-287FFB0BFB66:LeaderElection18] INFO  impl.RoleInfo (RoleInfo.java:shutdownLeaderElection(134)) - 0a03bc5e-b15f-4537-941b-10259ace1437: shutdown LeaderElection
2019-09-25 07:35:48,737 [0a03bc5e-b15f-4537-941b-10259ace1437@group-287FFB0BFB66:LeaderElection18] INFO  impl.RaftServerImpl (RaftServerImpl.java:setRole(174)) - 0a03bc5e-b15f-4537-941b-10259ace1437@group-287FFB0BFB66: changes role from CANDIDATE to LEADER at term 1 for changeToLeader
2019-09-25 07:35:48,737 [0a03bc5e-b15f-4537-941b-10259ace1437@group-287FFB0BFB66:LeaderElection18] INFO  impl.RaftServerImpl (ServerState.java:setLeader(253)) - 0a03bc5e-b15f-4537-941b-10259ace1437@group-287FFB0BFB66: change Leader from null to 0a03bc5e-b15f-4537-941b-10259ace1437 at term 1 for becomeLeader, leader elected after 5189ms
2019-09-25 07:35:48,737 [0a03bc5e-b15f-4537-941b-10259ace1437@group-287FFB0BFB66:LeaderElection18] INFO  server.RaftServerConfigKeys (ConfUtils.java:logGet(43)) - raft.server.staging.catchup.gap = 1000 (default)
2019-09-25 07:35:48,737 [0a03bc5e-b15f-4537-941b-10259ace1437@group-287FFB0BFB66:LeaderElection18] INFO  server.RaftServerConfigKeys (ConfUtils.java:logGet(43)) - raft.server.rpc.sleep.time = 25ms (default)
2019-09-25 07:35:48,738 [0a03bc5e-b15f-4537-941b-10259ace1437@group-287FFB0BFB66:LeaderElection18] INFO  server.RaftServerConfigKeys (ConfUtils.java:logGet(43)) - raft.server.write.element-limit = 4096 (default)
2019-09-25 07:35:48,738 [0a03bc5e-b15f-4537-941b-10259ace1437@group-287FFB0BFB66:LeaderElection18] INFO  server.RaftServerConfigKeys (ConfUtils.java:logGet(43)) - raft.server.watch.timeout = 10s (default)
2019-09-25 07:35:48,738 [0a03bc5e-b15f-4537-941b-10259ace1437@group-287FFB0BFB66:LeaderElection18] INFO  server.RaftServerConfigKeys (ConfUtils.java:logGet(43)) - raft.server.watch.timeout.denomination = 1s (default)
2019-09-25 07:35:48,738 [0a03bc5e-b15f-4537-941b-10259ace1437@group-287FFB0BFB66:LeaderElection18] INFO  server.RaftServerConfigKeys (ConfUtils.java:logGet(43)) - raft.server.watch.element-limit = 65536 (default)
2019-09-25 07:35:48,741 [0a03bc5e-b15f-4537-941b-10259ace1437@group-287FFB0BFB66:LeaderElection18] INFO  impl.RoleInfo (RoleInfo.java:updateAndGet(143)) - 0a03bc5e-b15f-4537-941b-10259ace1437: start LeaderState
2019-09-25 07:35:48,741 [0a03bc5e-b15f-4537-941b-10259ace1437@group-287FFB0BFB66:LeaderElection18] INFO  segmented.SegmentedRaftLogWorker (SegmentedRaftLogWorker.java:startLogSegment(380)) - 0a03bc5e-b15f-4537-941b-10259ace1437@group-287FFB0BFB66-SegmentedRaftLogWorker: Starting segment from index:0
2019-09-25 07:35:48,742 [0a03bc5e-b15f-4537-941b-10259ace1437@group-287FFB0BFB66:LeaderElection18] INFO  impl.RaftServerImpl (ServerState.java:setRaftConf(354)) - 0a03bc5e-b15f-4537-941b-10259ace1437@group-287FFB0BFB66: set configuration 0: [0a03bc5e-b15f-4537-941b-10259ace1437:192.168.151.106:43890], old=null at 0
2019-09-25 07:35:48,781 [Thread-271] INFO  impl.FollowerState (FollowerState.java:run(106)) - 89512cd3-5215-493c-9626-f8bc005210a2:group-82EFE091B73F changes to CANDIDATE, lastRpcTime:5145, electionTimeout:5145ms
2019-09-25 07:35:48,782 [Thread-271] INFO  impl.RoleInfo (RoleInfo.java:shutdownFollowerState(121)) - 89512cd3-5215-493c-9626-f8bc005210a2: shutdown FollowerState
2019-09-25 07:35:48,782 [Thread-271] INFO  impl.RaftServerImpl (RaftServerImpl.java:setRole(174)) - 89512cd3-5215-493c-9626-f8bc005210a2@group-82EFE091B73F: changes role from  FOLLOWER to CANDIDATE at term 0 for changeToCandidate
2019-09-25 07:35:48,782 [Thread-271] INFO  impl.RoleInfo (RoleInfo.java:updateAndGet(143)) - 89512cd3-5215-493c-9626-f8bc005210a2: start LeaderElection
2019-09-25 07:35:48,788 [0a03bc5e-b15f-4537-941b-10259ace1437@group-287FFB0BFB66-SegmentedRaftLogWorker] INFO  segmented.SegmentedRaftLogWorker (SegmentedRaftLogWorker.java:execute(569)) - 0a03bc5e-b15f-4537-941b-10259ace1437@group-287FFB0BFB66-SegmentedRaftLogWorker: created new log segment /workdir/hadoop-ozone/tools/target/test-dir/MiniOzoneClusterImpl-321f4562-75cd-4431-a0a7-dd0954309df4/datanode-1/data/ratis/5207675f-7384-4155-a5f1-287ffb0bfb66/current/log_inprogress_0
2019-09-25 07:35:48,811 [89512cd3-5215-493c-9626-f8bc005210a2@group-82EFE091B73F:LeaderElection19] INFO  impl.LeaderElection (LeaderElection.java:askForVotes(182)) - 89512cd3-5215-493c-9626-f8bc005210a2@group-82EFE091B73F:LeaderElection19: begin an election at term 1 for -1: [89512cd3-5215-493c-9626-f8bc005210a2:192.168.151.106:37585], old=null
2019-09-25 07:35:48,811 [89512cd3-5215-493c-9626-f8bc005210a2@group-82EFE091B73F:LeaderElection19] INFO  impl.RoleInfo (RoleInfo.java:shutdownLeaderElection(134)) - 89512cd3-5215-493c-9626-f8bc005210a2: shutdown LeaderElection
2019-09-25 07:35:48,811 [89512cd3-5215-493c-9626-f8bc005210a2@group-82EFE091B73F:LeaderElection19] INFO  impl.RaftServerImpl (RaftServerImpl.java:setRole(174)) - 89512cd3-5215-493c-9626-f8bc005210a2@group-82EFE091B73F: changes role from CANDIDATE to LEADER at term 1 for changeToLeader
2019-09-25 07:35:48,812 [89512cd3-5215-493c-9626-f8bc005210a2@group-82EFE091B73F:LeaderElection19] INFO  impl.RaftServerImpl (ServerState.java:setLeader(253)) - 89512cd3-5215-493c-9626-f8bc005210a2@group-82EFE091B73F: change Leader from null to 89512cd3-5215-493c-9626-f8bc005210a2 at term 1 for becomeLeader, leader elected after 5183ms
2019-09-25 07:35:48,812 [89512cd3-5215-493c-9626-f8bc005210a2@group-82EFE091B73F:LeaderElection19] INFO  server.RaftServerConfigKeys (ConfUtils.java:logGet(43)) - raft.server.staging.catchup.gap = 1000 (default)
2019-09-25 07:35:48,812 [89512cd3-5215-493c-9626-f8bc005210a2@group-82EFE091B73F:LeaderElection19] INFO  server.RaftServerConfigKeys (ConfUtils.java:logGet(43)) - raft.server.rpc.sleep.time = 25ms (default)
2019-09-25 07:35:48,812 [89512cd3-5215-493c-9626-f8bc005210a2@group-82EFE091B73F:LeaderElection19] INFO  server.RaftServerConfigKeys (ConfUtils.java:logGet(43)) - raft.server.write.element-limit = 4096 (default)
2019-09-25 07:35:48,812 [89512cd3-5215-493c-9626-f8bc005210a2@group-82EFE091B73F:LeaderElection19] INFO  server.RaftServerConfigKeys (ConfUtils.java:logGet(43)) - raft.server.watch.timeout = 10s (default)
2019-09-25 07:35:48,812 [89512cd3-5215-493c-9626-f8bc005210a2@group-82EFE091B73F:LeaderElection19] INFO  server.RaftServerConfigKeys (ConfUtils.java:logGet(43)) - raft.server.watch.timeout.denomination = 1s (default)
2019-09-25 07:35:48,813 [89512cd3-5215-493c-9626-f8bc005210a2@group-82EFE091B73F:LeaderElection19] INFO  server.RaftServerConfigKeys (ConfUtils.java:logGet(43)) - raft.server.watch.element-limit = 65536 (default)
2019-09-25 07:35:48,815 [89512cd3-5215-493c-9626-f8bc005210a2@group-82EFE091B73F:LeaderElection19] INFO  impl.RoleInfo (RoleInfo.java:updateAndGet(143)) - 89512cd3-5215-493c-9626-f8bc005210a2: start LeaderState
2019-09-25 07:35:48,816 [89512cd3-5215-493c-9626-f8bc005210a2@group-82EFE091B73F:LeaderElection19] INFO  segmented.SegmentedRaftLogWorker (SegmentedRaftLogWorker.java:startLogSegment(380)) - 89512cd3-5215-493c-9626-f8bc005210a2@group-82EFE091B73F-SegmentedRaftLogWorker: Starting segment from index:0
2019-09-25 07:35:48,816 [89512cd3-5215-493c-9626-f8bc005210a2@group-82EFE091B73F:LeaderElection19] INFO  impl.RaftServerImpl (ServerState.java:setRaftConf(354)) - 89512cd3-5215-493c-9626-f8bc005210a2@group-82EFE091B73F: set configuration 0: [89512cd3-5215-493c-9626-f8bc005210a2:192.168.151.106:37585], old=null at 0
2019-09-25 07:35:48,857 [Thread-277] INFO  impl.FollowerState (FollowerState.java:run(106)) - 4f9c9097-af28-4e92-8dab-50853da08db1:group-F330BA0C35A3 changes to CANDIDATE, lastRpcTime:5049, electionTimeout:5027ms
2019-09-25 07:35:48,857 [Thread-274] INFO  impl.FollowerState (FollowerState.java:run(106)) - 20eeef1f-c0de-4bb7-8f99-fe21c95fed30:group-21EB060A7BD2 changes to CANDIDATE, lastRpcTime:5126, electionTimeout:5091ms
2019-09-25 07:35:48,857 [Thread-277] INFO  impl.RoleInfo (RoleInfo.java:shutdownFollowerState(121)) - 4f9c9097-af28-4e92-8dab-50853da08db1: shutdown FollowerState
2019-09-25 07:35:48,857 [Thread-274] INFO  impl.RoleInfo (RoleInfo.java:shutdownFollowerState(121)) - 20eeef1f-c0de-4bb7-8f99-fe21c95fed30: shutdown FollowerState
2019-09-25 07:35:48,857 [Thread-277] INFO  impl.RaftServerImpl (RaftServerImpl.java:setRole(174)) - 4f9c9097-af28-4e92-8dab-50853da08db1@group-F330BA0C35A3: changes role from  FOLLOWER to CANDIDATE at term 0 for changeToCandidate
2019-09-25 07:35:48,857 [Thread-274] INFO  impl.RaftServerImpl (RaftServerImpl.java:setRole(174)) - 20eeef1f-c0de-4bb7-8f99-fe21c95fed30@group-21EB060A7BD2: changes role from  FOLLOWER to CANDIDATE at term 0 for changeToCandidate
2019-09-25 07:35:48,858 [Thread-277] INFO  impl.RoleInfo (RoleInfo.java:updateAndGet(143)) - 4f9c9097-af28-4e92-8dab-50853da08db1: start LeaderElection
2019-09-25 07:35:48,858 [Thread-274] INFO  impl.RoleInfo (RoleInfo.java:updateAndGet(143)) - 20eeef1f-c0de-4bb7-8f99-fe21c95fed30: start LeaderElection
2019-09-25 07:35:48,880 [89512cd3-5215-493c-9626-f8bc005210a2@group-82EFE091B73F-SegmentedRaftLogWorker] INFO  segmented.SegmentedRaftLogWorker (SegmentedRaftLogWorker.java:execute(569)) - 89512cd3-5215-493c-9626-f8bc005210a2@group-82EFE091B73F-SegmentedRaftLogWorker: created new log segment /workdir/hadoop-ozone/tools/target/test-dir/MiniOzoneClusterImpl-321f4562-75cd-4431-a0a7-dd0954309df4/datanode-0/data/ratis/1a2e934b-06fe-423e-b9fb-82efe091b73f/current/log_inprogress_0
2019-09-25 07:35:48,894 [20eeef1f-c0de-4bb7-8f99-fe21c95fed30@group-21EB060A7BD2:LeaderElection21] INFO  impl.LeaderElection (LeaderElection.java:askForVotes(182)) - 20eeef1f-c0de-4bb7-8f99-fe21c95fed30@group-21EB060A7BD2:LeaderElection21: begin an election at term 1 for -1: [20eeef1f-c0de-4bb7-8f99-fe21c95fed30:192.168.151.106:34100], old=null
2019-09-25 07:35:48,894 [4f9c9097-af28-4e92-8dab-50853da08db1@group-F330BA0C35A3:LeaderElection20] INFO  impl.LeaderElection (LeaderElection.java:askForVotes(182)) - 4f9c9097-af28-4e92-8dab-50853da08db1@group-F330BA0C35A3:LeaderElection20: begin an election at term 1 for -1: [4f9c9097-af28-4e92-8dab-50853da08db1:192.168.151.106:42095], old=null
2019-09-25 07:35:48,894 [20eeef1f-c0de-4bb7-8f99-fe21c95fed30@group-21EB060A7BD2:LeaderElection21] INFO  impl.RoleInfo (RoleInfo.java:shutdownLeaderElection(134)) - 20eeef1f-c0de-4bb7-8f99-fe21c95fed30: shutdown LeaderElection
2019-09-25 07:35:48,894 [4f9c9097-af28-4e92-8dab-50853da08db1@group-F330BA0C35A3:LeaderElection20] INFO  impl.RoleInfo (RoleInfo.java:shutdownLeaderElection(134)) - 4f9c9097-af28-4e92-8dab-50853da08db1: shutdown LeaderElection
2019-09-25 07:35:48,894 [20eeef1f-c0de-4bb7-8f99-fe21c95fed30@group-21EB060A7BD2:LeaderElection21] INFO  impl.RaftServerImpl (RaftServerImpl.java:setRole(174)) - 20eeef1f-c0de-4bb7-8f99-fe21c95fed30@group-21EB060A7BD2: changes role from CANDIDATE to LEADER at term 1 for changeToLeader
2019-09-25 07:35:48,894 [4f9c9097-af28-4e92-8dab-50853da08db1@group-F330BA0C35A3:LeaderElection20] INFO  impl.RaftServerImpl (RaftServerImpl.java:setRole(174)) - 4f9c9097-af28-4e92-8dab-50853da08db1@group-F330BA0C35A3: changes role from CANDIDATE to LEADER at term 1 for changeToLeader
2019-09-25 07:35:48,894 [20eeef1f-c0de-4bb7-8f99-fe21c95fed30@group-21EB060A7BD2:LeaderElection21] INFO  impl.RaftServerImpl (ServerState.java:setLeader(253)) - 20eeef1f-c0de-4bb7-8f99-fe21c95fed30@group-21EB060A7BD2: change Leader from null to 20eeef1f-c0de-4bb7-8f99-fe21c95fed30 at term 1 for becomeLeader, leader elected after 5171ms
2019-09-25 07:35:48,895 [4f9c9097-af28-4e92-8dab-50853da08db1@group-F330BA0C35A3:LeaderElection20] INFO  impl.RaftServerImpl (ServerState.java:setLeader(253)) - 4f9c9097-af28-4e92-8dab-50853da08db1@group-F330BA0C35A3: change Leader from null to 4f9c9097-af28-4e92-8dab-50853da08db1 at term 1 for becomeLeader, leader elected after 5094ms
2019-09-25 07:35:48,895 [20eeef1f-c0de-4bb7-8f99-fe21c95fed30@group-21EB060A7BD2:LeaderElection21] INFO  server.RaftServerConfigKeys (ConfUtils.java:logGet(43)) - raft.server.staging.catchup.gap = 1000 (default)
2019-09-25 07:35:48,895 [4f9c9097-af28-4e92-8dab-50853da08db1@group-F330BA0C35A3:LeaderElection20] INFO  server.RaftServerConfigKeys (ConfUtils.java:logGet(43)) - raft.server.staging.catchup.gap = 1000 (default)
2019-09-25 07:35:48,895 [20eeef1f-c0de-4bb7-8f99-fe21c95fed30@group-21EB060A7BD2:LeaderElection21] INFO  server.RaftServerConfigKeys (ConfUtils.java:logGet(43)) - raft.server.rpc.sleep.time = 25ms (default)
2019-09-25 07:35:48,895 [4f9c9097-af28-4e92-8dab-50853da08db1@group-F330BA0C35A3:LeaderElection20] INFO  server.RaftServerConfigKeys (ConfUtils.java:logGet(43)) - raft.server.rpc.sleep.time = 25ms (default)
2019-09-25 07:35:48,895 [20eeef1f-c0de-4bb7-8f99-fe21c95fed30@group-21EB060A7BD2:LeaderElection21] INFO  server.RaftServerConfigKeys (ConfUtils.java:logGet(43)) - raft.server.write.element-limit = 4096 (default)
2019-09-25 07:35:48,895 [4f9c9097-af28-4e92-8dab-50853da08db1@group-F330BA0C35A3:LeaderElection20] INFO  server.RaftServerConfigKeys (ConfUtils.java:logGet(43)) - raft.server.write.element-limit = 4096 (default)
2019-09-25 07:35:48,896 [20eeef1f-c0de-4bb7-8f99-fe21c95fed30@group-21EB060A7BD2:LeaderElection21] INFO  server.RaftServerConfigKeys (ConfUtils.java:logGet(43)) - raft.server.watch.timeout = 10s (default)
2019-09-25 07:35:48,896 [4f9c9097-af28-4e92-8dab-50853da08db1@group-F330BA0C35A3:LeaderElection20] INFO  server.RaftServerConfigKeys (ConfUtils.java:logGet(43)) - raft.server.watch.timeout = 10s (default)
2019-09-25 07:35:48,896 [20eeef1f-c0de-4bb7-8f99-fe21c95fed30@group-21EB060A7BD2:LeaderElection21] INFO  server.RaftServerConfigKeys (ConfUtils.java:logGet(43)) - raft.server.watch.timeout.denomination = 1s (default)
2019-09-25 07:35:48,896 [4f9c9097-af28-4e92-8dab-50853da08db1@group-F330BA0C35A3:LeaderElection20] INFO  server.RaftServerConfigKeys (ConfUtils.java:logGet(43)) - raft.server.watch.timeout.denomination = 1s (default)
2019-09-25 07:35:48,896 [20eeef1f-c0de-4bb7-8f99-fe21c95fed30@group-21EB060A7BD2:LeaderElection21] INFO  server.RaftServerConfigKeys (ConfUtils.java:logGet(43)) - raft.server.watch.element-limit = 65536 (default)
2019-09-25 07:35:48,896 [4f9c9097-af28-4e92-8dab-50853da08db1@group-F330BA0C35A3:LeaderElection20] INFO  server.RaftServerConfigKeys (ConfUtils.java:logGet(43)) - raft.server.watch.element-limit = 65536 (default)
2019-09-25 07:35:48,899 [20eeef1f-c0de-4bb7-8f99-fe21c95fed30@group-21EB060A7BD2:LeaderElection21] INFO  impl.RoleInfo (RoleInfo.java:updateAndGet(143)) - 20eeef1f-c0de-4bb7-8f99-fe21c95fed30: start LeaderState
2019-09-25 07:35:48,900 [20eeef1f-c0de-4bb7-8f99-fe21c95fed30@group-21EB060A7BD2:LeaderElection21] INFO  segmented.SegmentedRaftLogWorker (SegmentedRaftLogWorker.java:startLogSegment(380)) - 20eeef1f-c0de-4bb7-8f99-fe21c95fed30@group-21EB060A7BD2-SegmentedRaftLogWorker: Starting segment from index:0
2019-09-25 07:35:48,900 [4f9c9097-af28-4e92-8dab-50853da08db1@group-F330BA0C35A3:LeaderElection20] INFO  impl.RoleInfo (RoleInfo.java:updateAndGet(143)) - 4f9c9097-af28-4e92-8dab-50853da08db1: start LeaderState
2019-09-25 07:35:48,900 [20eeef1f-c0de-4bb7-8f99-fe21c95fed30@group-21EB060A7BD2:LeaderElection21] INFO  impl.RaftServerImpl (ServerState.java:setRaftConf(354)) - 20eeef1f-c0de-4bb7-8f99-fe21c95fed30@group-21EB060A7BD2: set configuration 0: [20eeef1f-c0de-4bb7-8f99-fe21c95fed30:192.168.151.106:34100], old=null at 0
2019-09-25 07:35:48,941 [4f9c9097-af28-4e92-8dab-50853da08db1@group-F330BA0C35A3:LeaderElection20] INFO  segmented.SegmentedRaftLogWorker (SegmentedRaftLogWorker.java:startLogSegment(380)) - 4f9c9097-af28-4e92-8dab-50853da08db1@group-F330BA0C35A3-SegmentedRaftLogWorker: Starting segment from index:0
2019-09-25 07:35:48,942 [4f9c9097-af28-4e92-8dab-50853da08db1@group-F330BA0C35A3:LeaderElection20] INFO  impl.RaftServerImpl (ServerState.java:setRaftConf(354)) - 4f9c9097-af28-4e92-8dab-50853da08db1@group-F330BA0C35A3: set configuration 0: [4f9c9097-af28-4e92-8dab-50853da08db1:192.168.151.106:42095], old=null at 0
2019-09-25 07:35:48,984 [20eeef1f-c0de-4bb7-8f99-fe21c95fed30@group-21EB060A7BD2-SegmentedRaftLogWorker] INFO  segmented.SegmentedRaftLogWorker (SegmentedRaftLogWorker.java:execute(569)) - 20eeef1f-c0de-4bb7-8f99-fe21c95fed30@group-21EB060A7BD2-SegmentedRaftLogWorker: created new log segment /workdir/hadoop-ozone/tools/target/test-dir/MiniOzoneClusterImpl-321f4562-75cd-4431-a0a7-dd0954309df4/datanode-2/data/ratis/1dfb6a26-8a3c-4db2-9f3d-21eb060a7bd2/current/log_inprogress_0
2019-09-25 07:35:48,990 [Thread-280] INFO  impl.FollowerState (FollowerState.java:run(106)) - 89512cd3-5215-493c-9626-f8bc005210a2:group-181CF71264C1 changes to CANDIDATE, lastRpcTime:5111, electionTimeout:5111ms
2019-09-25 07:35:48,990 [Thread-280] INFO  impl.RoleInfo (RoleInfo.java:shutdownFollowerState(121)) - 89512cd3-5215-493c-9626-f8bc005210a2: shutdown FollowerState
2019-09-25 07:35:48,990 [Thread-280] INFO  impl.RaftServerImpl (RaftServerImpl.java:setRole(174)) - 89512cd3-5215-493c-9626-f8bc005210a2@group-181CF71264C1: changes role from  FOLLOWER to CANDIDATE at term 0 for changeToCandidate
2019-09-25 07:35:48,990 [Thread-280] INFO  impl.RoleInfo (RoleInfo.java:updateAndGet(143)) - 89512cd3-5215-493c-9626-f8bc005210a2: start LeaderElection
2019-09-25 07:35:49,008 [4f9c9097-af28-4e92-8dab-50853da08db1@group-F330BA0C35A3-SegmentedRaftLogWorker] INFO  segmented.SegmentedRaftLogWorker (SegmentedRaftLogWorker.java:execute(569)) - 4f9c9097-af28-4e92-8dab-50853da08db1@group-F330BA0C35A3-SegmentedRaftLogWorker: created new log segment /workdir/hadoop-ozone/tools/target/test-dir/MiniOzoneClusterImpl-321f4562-75cd-4431-a0a7-dd0954309df4/datanode-3/data/ratis/c2ffcc5d-0f10-4a2b-8d92-f330ba0c35a3/current/log_inprogress_0
2019-09-25 07:35:49,008 [89512cd3-5215-493c-9626-f8bc005210a2@group-181CF71264C1:LeaderElection22] INFO  impl.LeaderElection (LeaderElection.java:askForVotes(182)) - 89512cd3-5215-493c-9626-f8bc005210a2@group-181CF71264C1:LeaderElection22: begin an election at term 1 for -1: [89512cd3-5215-493c-9626-f8bc005210a2:192.168.151.106:37585], old=null
2019-09-25 07:35:49,008 [89512cd3-5215-493c-9626-f8bc005210a2@group-181CF71264C1:LeaderElection22] INFO  impl.RoleInfo (RoleInfo.java:shutdownLeaderElection(134)) - 89512cd3-5215-493c-9626-f8bc005210a2: shutdown LeaderElection
2019-09-25 07:35:49,009 [89512cd3-5215-493c-9626-f8bc005210a2@group-181CF71264C1:LeaderElection22] INFO  impl.RaftServerImpl (RaftServerImpl.java:setRole(174)) - 89512cd3-5215-493c-9626-f8bc005210a2@group-181CF71264C1: changes role from CANDIDATE to LEADER at term 1 for changeToLeader
2019-09-25 07:35:49,009 [89512cd3-5215-493c-9626-f8bc005210a2@group-181CF71264C1:LeaderElection22] INFO  impl.RaftServerImpl (ServerState.java:setLeader(253)) - 89512cd3-5215-493c-9626-f8bc005210a2@group-181CF71264C1: change Leader from null to 89512cd3-5215-493c-9626-f8bc005210a2 at term 1 for becomeLeader, leader elected after 5138ms
2019-09-25 07:35:49,009 [89512cd3-5215-493c-9626-f8bc005210a2@group-181CF71264C1:LeaderElection22] INFO  server.RaftServerConfigKeys (ConfUtils.java:logGet(43)) - raft.server.staging.catchup.gap = 1000 (default)
2019-09-25 07:35:49,009 [89512cd3-5215-493c-9626-f8bc005210a2@group-181CF71264C1:LeaderElection22] INFO  server.RaftServerConfigKeys (ConfUtils.java:logGet(43)) - raft.server.rpc.sleep.time = 25ms (default)
2019-09-25 07:35:49,009 [89512cd3-5215-493c-9626-f8bc005210a2@group-181CF71264C1:LeaderElection22] INFO  server.RaftServerConfigKeys (ConfUtils.java:logGet(43)) - raft.server.write.element-limit = 4096 (default)
2019-09-25 07:35:49,010 [89512cd3-5215-493c-9626-f8bc005210a2@group-181CF71264C1:LeaderElection22] INFO  server.RaftServerConfigKeys (ConfUtils.java:logGet(43)) - raft.server.watch.timeout = 10s (default)
2019-09-25 07:35:49,010 [89512cd3-5215-493c-9626-f8bc005210a2@group-181CF71264C1:LeaderElection22] INFO  server.RaftServerConfigKeys (ConfUtils.java:logGet(43)) - raft.server.watch.timeout.denomination = 1s (default)
2019-09-25 07:35:49,010 [89512cd3-5215-493c-9626-f8bc005210a2@group-181CF71264C1:LeaderElection22] INFO  server.RaftServerConfigKeys (ConfUtils.java:logGet(43)) - raft.server.watch.element-limit = 65536 (default)
2019-09-25 07:35:49,013 [89512cd3-5215-493c-9626-f8bc005210a2@group-181CF71264C1:LeaderElection22] INFO  impl.RoleInfo (RoleInfo.java:updateAndGet(143)) - 89512cd3-5215-493c-9626-f8bc005210a2: start LeaderState
2019-09-25 07:35:49,013 [89512cd3-5215-493c-9626-f8bc005210a2@group-181CF71264C1:LeaderElection22] INFO  segmented.SegmentedRaftLogWorker (SegmentedRaftLogWorker.java:startLogSegment(380)) - 89512cd3-5215-493c-9626-f8bc005210a2@group-181CF71264C1-SegmentedRaftLogWorker: Starting segment from index:0
2019-09-25 07:35:49,014 [89512cd3-5215-493c-9626-f8bc005210a2@group-181CF71264C1:LeaderElection22] INFO  impl.RaftServerImpl (ServerState.java:setRaftConf(354)) - 89512cd3-5215-493c-9626-f8bc005210a2@group-181CF71264C1: set configuration 0: [89512cd3-5215-493c-9626-f8bc005210a2:192.168.151.106:37585], old=null at 0
2019-09-25 07:35:49,058 [89512cd3-5215-493c-9626-f8bc005210a2@group-181CF71264C1-SegmentedRaftLogWorker] INFO  segmented.SegmentedRaftLogWorker (SegmentedRaftLogWorker.java:execute(569)) - 89512cd3-5215-493c-9626-f8bc005210a2@group-181CF71264C1-SegmentedRaftLogWorker: created new log segment /workdir/hadoop-ozone/tools/target/test-dir/MiniOzoneClusterImpl-321f4562-75cd-4431-a0a7-dd0954309df4/datanode-0/data/ratis/bd7f7444-0562-4b0e-9bf6-181cf71264c1/current/log_inprogress_0
2019-09-25 07:35:49,103 [Thread-283] INFO  impl.FollowerState (FollowerState.java:run(106)) - 4f9c9097-af28-4e92-8dab-50853da08db1:group-192D07619A27 changes to CANDIDATE, lastRpcTime:5167, electionTimeout:5167ms
2019-09-25 07:35:49,103 [Thread-283] INFO  impl.RoleInfo (RoleInfo.java:shutdownFollowerState(121)) - 4f9c9097-af28-4e92-8dab-50853da08db1: shutdown FollowerState
2019-09-25 07:35:49,103 [Thread-283] INFO  impl.RaftServerImpl (RaftServerImpl.java:setRole(174)) - 4f9c9097-af28-4e92-8dab-50853da08db1@group-192D07619A27: changes role from  FOLLOWER to CANDIDATE at term 0 for changeToCandidate
2019-09-25 07:35:49,103 [Thread-283] INFO  impl.RoleInfo (RoleInfo.java:updateAndGet(143)) - 4f9c9097-af28-4e92-8dab-50853da08db1: start LeaderElection
2019-09-25 07:35:49,130 [4f9c9097-af28-4e92-8dab-50853da08db1@group-192D07619A27:LeaderElection23] INFO  impl.LeaderElection (LeaderElection.java:askForVotes(182)) - 4f9c9097-af28-4e92-8dab-50853da08db1@group-192D07619A27:LeaderElection23: begin an election at term 1 for -1: [4f9c9097-af28-4e92-8dab-50853da08db1:192.168.151.106:42095], old=null
2019-09-25 07:35:49,131 [4f9c9097-af28-4e92-8dab-50853da08db1@group-192D07619A27:LeaderElection23] INFO  impl.RoleInfo (RoleInfo.java:shutdownLeaderElection(134)) - 4f9c9097-af28-4e92-8dab-50853da08db1: shutdown LeaderElection
2019-09-25 07:35:49,131 [4f9c9097-af28-4e92-8dab-50853da08db1@group-192D07619A27:LeaderElection23] INFO  impl.RaftServerImpl (RaftServerImpl.java:setRole(174)) - 4f9c9097-af28-4e92-8dab-50853da08db1@group-192D07619A27: changes role from CANDIDATE to LEADER at term 1 for changeToLeader
2019-09-25 07:35:49,131 [4f9c9097-af28-4e92-8dab-50853da08db1@group-192D07619A27:LeaderElection23] INFO  impl.RaftServerImpl (ServerState.java:setLeader(253)) - 4f9c9097-af28-4e92-8dab-50853da08db1@group-192D07619A27: change Leader from null to 4f9c9097-af28-4e92-8dab-50853da08db1 at term 1 for becomeLeader, leader elected after 5203ms
2019-09-25 07:35:49,131 [4f9c9097-af28-4e92-8dab-50853da08db1@group-192D07619A27:LeaderElection23] INFO  server.RaftServerConfigKeys (ConfUtils.java:logGet(43)) - raft.server.staging.catchup.gap = 1000 (default)
2019-09-25 07:35:49,131 [4f9c9097-af28-4e92-8dab-50853da08db1@group-192D07619A27:LeaderElection23] INFO  server.RaftServerConfigKeys (ConfUtils.java:logGet(43)) - raft.server.rpc.sleep.time = 25ms (default)
2019-09-25 07:35:49,131 [4f9c9097-af28-4e92-8dab-50853da08db1@group-192D07619A27:LeaderElection23] INFO  server.RaftServerConfigKeys (ConfUtils.java:logGet(43)) - raft.server.write.element-limit = 4096 (default)
2019-09-25 07:35:49,132 [4f9c9097-af28-4e92-8dab-50853da08db1@group-192D07619A27:LeaderElection23] INFO  server.RaftServerConfigKeys (ConfUtils.java:logGet(43)) - raft.server.watch.timeout = 10s (default)
2019-09-25 07:35:49,132 [4f9c9097-af28-4e92-8dab-50853da08db1@group-192D07619A27:LeaderElection23] INFO  server.RaftServerConfigKeys (ConfUtils.java:logGet(43)) - raft.server.watch.timeout.denomination = 1s (default)
2019-09-25 07:35:49,132 [4f9c9097-af28-4e92-8dab-50853da08db1@group-192D07619A27:LeaderElection23] INFO  server.RaftServerConfigKeys (ConfUtils.java:logGet(43)) - raft.server.watch.element-limit = 65536 (default)
2019-09-25 07:35:49,135 [4f9c9097-af28-4e92-8dab-50853da08db1@group-192D07619A27:LeaderElection23] INFO  impl.RoleInfo (RoleInfo.java:updateAndGet(143)) - 4f9c9097-af28-4e92-8dab-50853da08db1: start LeaderState
2019-09-25 07:35:49,135 [4f9c9097-af28-4e92-8dab-50853da08db1@group-192D07619A27:LeaderElection23] INFO  segmented.SegmentedRaftLogWorker (SegmentedRaftLogWorker.java:startLogSegment(380)) - 4f9c9097-af28-4e92-8dab-50853da08db1@group-192D07619A27-SegmentedRaftLogWorker: Starting segment from index:0
2019-09-25 07:35:49,136 [4f9c9097-af28-4e92-8dab-50853da08db1@group-192D07619A27:LeaderElection23] INFO  impl.RaftServerImpl (ServerState.java:setRaftConf(354)) - 4f9c9097-af28-4e92-8dab-50853da08db1@group-192D07619A27: set configuration 0: [4f9c9097-af28-4e92-8dab-50853da08db1:192.168.151.106:42095], old=null at 0
2019-09-25 07:35:49,179 [Thread-292] INFO  impl.FollowerState (FollowerState.java:run(106)) - c3cf7509-27e8-499f-a871-32281ced9221:group-08DB0929F588 changes to CANDIDATE, lastRpcTime:5032, electionTimeout:5029ms
2019-09-25 07:35:49,179 [Thread-292] INFO  impl.RoleInfo (RoleInfo.java:shutdownFollowerState(121)) - c3cf7509-27e8-499f-a871-32281ced9221: shutdown FollowerState
2019-09-25 07:35:49,179 [Thread-292] INFO  impl.RaftServerImpl (RaftServerImpl.java:setRole(174)) - c3cf7509-27e8-499f-a871-32281ced9221@group-08DB0929F588: changes role from  FOLLOWER to CANDIDATE at term 0 for changeToCandidate
2019-09-25 07:35:49,179 [Thread-292] INFO  impl.RoleInfo (RoleInfo.java:updateAndGet(143)) - c3cf7509-27e8-499f-a871-32281ced9221: start LeaderElection
2019-09-25 07:35:49,197 [Thread-286] INFO  impl.FollowerState (FollowerState.java:run(106)) - 20eeef1f-c0de-4bb7-8f99-fe21c95fed30:group-47C97B2392A3 changes to CANDIDATE, lastRpcTime:5186, electionTimeout:5186ms
2019-09-25 07:35:49,197 [Thread-286] INFO  impl.RoleInfo (RoleInfo.java:shutdownFollowerState(121)) - 20eeef1f-c0de-4bb7-8f99-fe21c95fed30: shutdown FollowerState
2019-09-25 07:35:49,197 [Thread-286] INFO  impl.RaftServerImpl (RaftServerImpl.java:setRole(174)) - 20eeef1f-c0de-4bb7-8f99-fe21c95fed30@group-47C97B2392A3: changes role from  FOLLOWER to CANDIDATE at term 0 for changeToCandidate
2019-09-25 07:35:49,197 [Thread-286] INFO  impl.RoleInfo (RoleInfo.java:updateAndGet(143)) - 20eeef1f-c0de-4bb7-8f99-fe21c95fed30: start LeaderElection
2019-09-25 07:35:49,202 [4f9c9097-af28-4e92-8dab-50853da08db1@group-192D07619A27-SegmentedRaftLogWorker] INFO  segmented.SegmentedRaftLogWorker (SegmentedRaftLogWorker.java:execute(569)) - 4f9c9097-af28-4e92-8dab-50853da08db1@group-192D07619A27-SegmentedRaftLogWorker: created new log segment /workdir/hadoop-ozone/tools/target/test-dir/MiniOzoneClusterImpl-321f4562-75cd-4431-a0a7-dd0954309df4/datanode-3/data/ratis/be38ae5b-950d-4ebd-8fec-192d07619a27/current/log_inprogress_0
2019-09-25 07:35:49,202 [c3cf7509-27e8-499f-a871-32281ced9221@group-08DB0929F588:LeaderElection24] INFO  impl.LeaderElection (LeaderElection.java:askForVotes(182)) - c3cf7509-27e8-499f-a871-32281ced9221@group-08DB0929F588:LeaderElection24: begin an election at term 1 for -1: [c3cf7509-27e8-499f-a871-32281ced9221:192.168.151.106:40856], old=null
2019-09-25 07:35:49,202 [c3cf7509-27e8-499f-a871-32281ced9221@group-08DB0929F588:LeaderElection24] INFO  impl.RoleInfo (RoleInfo.java:shutdownLeaderElection(134)) - c3cf7509-27e8-499f-a871-32281ced9221: shutdown LeaderElection
2019-09-25 07:35:49,203 [c3cf7509-27e8-499f-a871-32281ced9221@group-08DB0929F588:LeaderElection24] INFO  impl.RaftServerImpl (RaftServerImpl.java:setRole(174)) - c3cf7509-27e8-499f-a871-32281ced9221@group-08DB0929F588: changes role from CANDIDATE to LEADER at term 1 for changeToLeader
2019-09-25 07:35:49,203 [c3cf7509-27e8-499f-a871-32281ced9221@group-08DB0929F588:LeaderElection24] INFO  impl.RaftServerImpl (ServerState.java:setLeader(253)) - c3cf7509-27e8-499f-a871-32281ced9221@group-08DB0929F588: change Leader from null to c3cf7509-27e8-499f-a871-32281ced9221 at term 1 for becomeLeader, leader elected after 5064ms
2019-09-25 07:35:49,203 [c3cf7509-27e8-499f-a871-32281ced9221@group-08DB0929F588:LeaderElection24] INFO  server.RaftServerConfigKeys (ConfUtils.java:logGet(43)) - raft.server.staging.catchup.gap = 1000 (default)
2019-09-25 07:35:49,203 [c3cf7509-27e8-499f-a871-32281ced9221@group-08DB0929F588:LeaderElection24] INFO  server.RaftServerConfigKeys (ConfUtils.java:logGet(43)) - raft.server.rpc.sleep.time = 25ms (default)
2019-09-25 07:35:49,203 [c3cf7509-27e8-499f-a871-32281ced9221@group-08DB0929F588:LeaderElection24] INFO  server.RaftServerConfigKeys (ConfUtils.java:logGet(43)) - raft.server.write.element-limit = 4096 (default)
2019-09-25 07:35:49,204 [c3cf7509-27e8-499f-a871-32281ced9221@group-08DB0929F588:LeaderElection24] INFO  server.RaftServerConfigKeys (ConfUtils.java:logGet(43)) - raft.server.watch.timeout = 10s (default)
2019-09-25 07:35:49,204 [c3cf7509-27e8-499f-a871-32281ced9221@group-08DB0929F588:LeaderElection24] INFO  server.RaftServerConfigKeys (ConfUtils.java:logGet(43)) - raft.server.watch.timeout.denomination = 1s (default)
2019-09-25 07:35:49,204 [c3cf7509-27e8-499f-a871-32281ced9221@group-08DB0929F588:LeaderElection24] INFO  server.RaftServerConfigKeys (ConfUtils.java:logGet(43)) - raft.server.watch.element-limit = 65536 (default)
2019-09-25 07:35:49,207 [c3cf7509-27e8-499f-a871-32281ced9221@group-08DB0929F588:LeaderElection24] INFO  impl.RoleInfo (RoleInfo.java:updateAndGet(143)) - c3cf7509-27e8-499f-a871-32281ced9221: start LeaderState
2019-09-25 07:35:49,207 [c3cf7509-27e8-499f-a871-32281ced9221@group-08DB0929F588:LeaderElection24] INFO  segmented.SegmentedRaftLogWorker (SegmentedRaftLogWorker.java:startLogSegment(380)) - c3cf7509-27e8-499f-a871-32281ced9221@group-08DB0929F588-SegmentedRaftLogWorker: Starting segment from index:0
2019-09-25 07:35:49,208 [c3cf7509-27e8-499f-a871-32281ced9221@group-08DB0929F588:LeaderElection24] INFO  impl.RaftServerImpl (ServerState.java:setRaftConf(354)) - c3cf7509-27e8-499f-a871-32281ced9221@group-08DB0929F588: set configuration 0: [c3cf7509-27e8-499f-a871-32281ced9221:192.168.151.106:40856], old=null at 0
2019-09-25 07:35:49,243 [Thread-289] INFO  impl.FollowerState (FollowerState.java:run(106)) - c3cf7509-27e8-499f-a871-32281ced9221:group-00AD6C6E305D changes to CANDIDATE, lastRpcTime:5166, electionTimeout:5164ms
2019-09-25 07:35:49,244 [Thread-289] INFO  impl.RoleInfo (RoleInfo.java:shutdownFollowerState(121)) - c3cf7509-27e8-499f-a871-32281ced9221: shutdown FollowerState
2019-09-25 07:35:49,244 [20eeef1f-c0de-4bb7-8f99-fe21c95fed30@group-47C97B2392A3:LeaderElection25] INFO  impl.LeaderElection (LeaderElection.java:askForVotes(182)) - 20eeef1f-c0de-4bb7-8f99-fe21c95fed30@group-47C97B2392A3:LeaderElection25: begin an election at term 1 for -1: [20eeef1f-c0de-4bb7-8f99-fe21c95fed30:192.168.151.106:34100], old=null
2019-09-25 07:35:49,244 [Thread-289] INFO  impl.RaftServerImpl (RaftServerImpl.java:setRole(174)) - c3cf7509-27e8-499f-a871-32281ced9221@group-00AD6C6E305D: changes role from  FOLLOWER to CANDIDATE at term 0 for changeToCandidate
2019-09-25 07:35:49,244 [20eeef1f-c0de-4bb7-8f99-fe21c95fed30@group-47C97B2392A3:LeaderElection25] INFO  impl.RoleInfo (RoleInfo.java:shutdownLeaderElection(134)) - 20eeef1f-c0de-4bb7-8f99-fe21c95fed30: shutdown LeaderElection
2019-09-25 07:35:49,244 [Thread-289] INFO  impl.RoleInfo (RoleInfo.java:updateAndGet(143)) - c3cf7509-27e8-499f-a871-32281ced9221: start LeaderElection
2019-09-25 07:35:49,244 [20eeef1f-c0de-4bb7-8f99-fe21c95fed30@group-47C97B2392A3:LeaderElection25] INFO  impl.RaftServerImpl (RaftServerImpl.java:setRole(174)) - 20eeef1f-c0de-4bb7-8f99-fe21c95fed30@group-47C97B2392A3: changes role from CANDIDATE to LEADER at term 1 for changeToLeader
2019-09-25 07:35:49,244 [20eeef1f-c0de-4bb7-8f99-fe21c95fed30@group-47C97B2392A3:LeaderElection25] INFO  impl.RaftServerImpl (ServerState.java:setLeader(253)) - 20eeef1f-c0de-4bb7-8f99-fe21c95fed30@group-47C97B2392A3: change Leader from null to 20eeef1f-c0de-4bb7-8f99-fe21c95fed30 at term 1 for becomeLeader, leader elected after 5241ms
2019-09-25 07:35:49,245 [20eeef1f-c0de-4bb7-8f99-fe21c95fed30@group-47C97B2392A3:LeaderElection25] INFO  server.RaftServerConfigKeys (ConfUtils.java:logGet(43)) - raft.server.staging.catchup.gap = 1000 (default)
2019-09-25 07:35:49,245 [20eeef1f-c0de-4bb7-8f99-fe21c95fed30@group-47C97B2392A3:LeaderElection25] INFO  server.RaftServerConfigKeys (ConfUtils.java:logGet(43)) - raft.server.rpc.sleep.time = 25ms (default)
2019-09-25 07:35:49,247 [20eeef1f-c0de-4bb7-8f99-fe21c95fed30@group-47C97B2392A3:LeaderElection25] INFO  server.RaftServerConfigKeys (ConfUtils.java:logGet(43)) - raft.server.write.element-limit = 4096 (default)
2019-09-25 07:35:49,247 [20eeef1f-c0de-4bb7-8f99-fe21c95fed30@group-47C97B2392A3:LeaderElection25] INFO  server.RaftServerConfigKeys (ConfUtils.java:logGet(43)) - raft.server.watch.timeout = 10s (default)
2019-09-25 07:35:49,247 [20eeef1f-c0de-4bb7-8f99-fe21c95fed30@group-47C97B2392A3:LeaderElection25] INFO  server.RaftServerConfigKeys (ConfUtils.java:logGet(43)) - raft.server.watch.timeout.denomination = 1s (default)
2019-09-25 07:35:49,247 [20eeef1f-c0de-4bb7-8f99-fe21c95fed30@group-47C97B2392A3:LeaderElection25] INFO  server.RaftServerConfigKeys (ConfUtils.java:logGet(43)) - raft.server.watch.element-limit = 65536 (default)
2019-09-25 07:35:49,249 [Thread-295] INFO  impl.FollowerState (FollowerState.java:run(106)) - 89512cd3-5215-493c-9626-f8bc005210a2:group-595872A34ED6 changes to CANDIDATE, lastRpcTime:5027, electionTimeout:5027ms
2019-09-25 07:35:49,249 [20eeef1f-c0de-4bb7-8f99-fe21c95fed30@group-47C97B2392A3:LeaderElection25] INFO  impl.RoleInfo (RoleInfo.java:updateAndGet(143)) - 20eeef1f-c0de-4bb7-8f99-fe21c95fed30: start LeaderState
2019-09-25 07:35:49,250 [Thread-295] INFO  impl.RoleInfo (RoleInfo.java:shutdownFollowerState(121)) - 89512cd3-5215-493c-9626-f8bc005210a2: shutdown FollowerState
2019-09-25 07:35:49,250 [Thread-295] INFO  impl.RaftServerImpl (RaftServerImpl.java:setRole(174)) - 89512cd3-5215-493c-9626-f8bc005210a2@group-595872A34ED6: changes role from  FOLLOWER to CANDIDATE at term 0 for changeToCandidate
2019-09-25 07:35:49,250 [20eeef1f-c0de-4bb7-8f99-fe21c95fed30@group-47C97B2392A3:LeaderElection25] INFO  segmented.SegmentedRaftLogWorker (SegmentedRaftLogWorker.java:startLogSegment(380)) - 20eeef1f-c0de-4bb7-8f99-fe21c95fed30@group-47C97B2392A3-SegmentedRaftLogWorker: Starting segment from index:0
2019-09-25 07:35:49,250 [Thread-295] INFO  impl.RoleInfo (RoleInfo.java:updateAndGet(143)) - 89512cd3-5215-493c-9626-f8bc005210a2: start LeaderElection
2019-09-25 07:35:49,251 [20eeef1f-c0de-4bb7-8f99-fe21c95fed30@group-47C97B2392A3:LeaderElection25] INFO  impl.RaftServerImpl (ServerState.java:setRaftConf(354)) - 20eeef1f-c0de-4bb7-8f99-fe21c95fed30@group-47C97B2392A3: set configuration 0: [20eeef1f-c0de-4bb7-8f99-fe21c95fed30:192.168.151.106:34100], old=null at 0
2019-09-25 07:35:49,290 [c3cf7509-27e8-499f-a871-32281ced9221@group-00AD6C6E305D:LeaderElection26] INFO  impl.LeaderElection (LeaderElection.java:askForVotes(182)) - c3cf7509-27e8-499f-a871-32281ced9221@group-00AD6C6E305D:LeaderElection26: begin an election at term 1 for -1: [c3cf7509-27e8-499f-a871-32281ced9221:192.168.151.106:40856], old=null
2019-09-25 07:35:49,290 [c3cf7509-27e8-499f-a871-32281ced9221@group-08DB0929F588-SegmentedRaftLogWorker] INFO  segmented.SegmentedRaftLogWorker (SegmentedRaftLogWorker.java:execute(569)) - c3cf7509-27e8-499f-a871-32281ced9221@group-08DB0929F588-SegmentedRaftLogWorker: created new log segment /workdir/hadoop-ozone/tools/target/test-dir/MiniOzoneClusterImpl-321f4562-75cd-4431-a0a7-dd0954309df4/datanode-4/data/ratis/c4230c97-26dd-4a90-a517-08db0929f588/current/log_inprogress_0
2019-09-25 07:35:49,292 [c3cf7509-27e8-499f-a871-32281ced9221@group-00AD6C6E305D:LeaderElection26] INFO  impl.RoleInfo (RoleInfo.java:shutdownLeaderElection(134)) - c3cf7509-27e8-499f-a871-32281ced9221: shutdown LeaderElection
2019-09-25 07:35:49,293 [c3cf7509-27e8-499f-a871-32281ced9221@group-00AD6C6E305D:LeaderElection26] INFO  impl.RaftServerImpl (RaftServerImpl.java:setRole(174)) - c3cf7509-27e8-499f-a871-32281ced9221@group-00AD6C6E305D: changes role from CANDIDATE to LEADER at term 1 for changeToLeader
2019-09-25 07:35:49,293 [c3cf7509-27e8-499f-a871-32281ced9221@group-00AD6C6E305D:LeaderElection26] INFO  impl.RaftServerImpl (ServerState.java:setLeader(253)) - c3cf7509-27e8-499f-a871-32281ced9221@group-00AD6C6E305D: change Leader from null to c3cf7509-27e8-499f-a871-32281ced9221 at term 1 for becomeLeader, leader elected after 5224ms
2019-09-25 07:35:49,293 [c3cf7509-27e8-499f-a871-32281ced9221@group-00AD6C6E305D:LeaderElection26] INFO  server.RaftServerConfigKeys (ConfUtils.java:logGet(43)) - raft.server.staging.catchup.gap = 1000 (default)
2019-09-25 07:35:49,293 [c3cf7509-27e8-499f-a871-32281ced9221@group-00AD6C6E305D:LeaderElection26] INFO  server.RaftServerConfigKeys (ConfUtils.java:logGet(43)) - raft.server.rpc.sleep.time = 25ms (default)
2019-09-25 07:35:49,293 [c3cf7509-27e8-499f-a871-32281ced9221@group-00AD6C6E305D:LeaderElection26] INFO  server.RaftServerConfigKeys (ConfUtils.java:logGet(43)) - raft.server.write.element-limit = 4096 (default)
2019-09-25 07:35:49,293 [c3cf7509-27e8-499f-a871-32281ced9221@group-00AD6C6E305D:LeaderElection26] INFO  server.RaftServerConfigKeys (ConfUtils.java:logGet(43)) - raft.server.watch.timeout = 10s (default)
2019-09-25 07:35:49,293 [c3cf7509-27e8-499f-a871-32281ced9221@group-00AD6C6E305D:LeaderElection26] INFO  server.RaftServerConfigKeys (ConfUtils.java:logGet(43)) - raft.server.watch.timeout.denomination = 1s (default)
2019-09-25 07:35:49,294 [c3cf7509-27e8-499f-a871-32281ced9221@group-00AD6C6E305D:LeaderElection26] INFO  server.RaftServerConfigKeys (ConfUtils.java:logGet(43)) - raft.server.watch.element-limit = 65536 (default)
2019-09-25 07:35:49,296 [c3cf7509-27e8-499f-a871-32281ced9221@group-00AD6C6E305D:LeaderElection26] INFO  impl.RoleInfo (RoleInfo.java:updateAndGet(143)) - c3cf7509-27e8-499f-a871-32281ced9221: start LeaderState
2019-09-25 07:35:49,296 [c3cf7509-27e8-499f-a871-32281ced9221@group-00AD6C6E305D:LeaderElection26] INFO  segmented.SegmentedRaftLogWorker (SegmentedRaftLogWorker.java:startLogSegment(380)) - c3cf7509-27e8-499f-a871-32281ced9221@group-00AD6C6E305D-SegmentedRaftLogWorker: Starting segment from index:0
2019-09-25 07:35:49,297 [c3cf7509-27e8-499f-a871-32281ced9221@group-00AD6C6E305D:LeaderElection26] INFO  impl.RaftServerImpl (ServerState.java:setRaftConf(354)) - c3cf7509-27e8-499f-a871-32281ced9221@group-00AD6C6E305D: set configuration 0: [c3cf7509-27e8-499f-a871-32281ced9221:192.168.151.106:40856], old=null at 0
2019-09-25 07:35:49,338 [20eeef1f-c0de-4bb7-8f99-fe21c95fed30@group-47C97B2392A3-SegmentedRaftLogWorker] INFO  segmented.SegmentedRaftLogWorker (SegmentedRaftLogWorker.java:execute(569)) - 20eeef1f-c0de-4bb7-8f99-fe21c95fed30@group-47C97B2392A3-SegmentedRaftLogWorker: created new log segment /workdir/hadoop-ozone/tools/target/test-dir/MiniOzoneClusterImpl-321f4562-75cd-4431-a0a7-dd0954309df4/datanode-2/data/ratis/5c107357-b552-4faf-8a87-47c97b2392a3/current/log_inprogress_0
2019-09-25 07:35:49,338 [89512cd3-5215-493c-9626-f8bc005210a2@group-595872A34ED6:LeaderElection27] INFO  impl.LeaderElection (LeaderElection.java:askForVotes(182)) - 89512cd3-5215-493c-9626-f8bc005210a2@group-595872A34ED6:LeaderElection27: begin an election at term 1 for -1: [89512cd3-5215-493c-9626-f8bc005210a2:192.168.151.106:37585], old=null
2019-09-25 07:35:49,338 [89512cd3-5215-493c-9626-f8bc005210a2@group-595872A34ED6:LeaderElection27] INFO  impl.RoleInfo (RoleInfo.java:shutdownLeaderElection(134)) - 89512cd3-5215-493c-9626-f8bc005210a2: shutdown LeaderElection
2019-09-25 07:35:49,338 [89512cd3-5215-493c-9626-f8bc005210a2@group-595872A34ED6:LeaderElection27] INFO  impl.RaftServerImpl (RaftServerImpl.java:setRole(174)) - 89512cd3-5215-493c-9626-f8bc005210a2@group-595872A34ED6: changes role from CANDIDATE to LEADER at term 1 for changeToLeader
2019-09-25 07:35:49,338 [89512cd3-5215-493c-9626-f8bc005210a2@group-595872A34ED6:LeaderElection27] INFO  impl.RaftServerImpl (ServerState.java:setLeader(253)) - 89512cd3-5215-493c-9626-f8bc005210a2@group-595872A34ED6: change Leader from null to 89512cd3-5215-493c-9626-f8bc005210a2 at term 1 for becomeLeader, leader elected after 5124ms
2019-09-25 07:35:49,339 [89512cd3-5215-493c-9626-f8bc005210a2@group-595872A34ED6:LeaderElection27] INFO  server.RaftServerConfigKeys (ConfUtils.java:logGet(43)) - raft.server.staging.catchup.gap = 1000 (default)
2019-09-25 07:35:49,339 [89512cd3-5215-493c-9626-f8bc005210a2@group-595872A34ED6:LeaderElection27] INFO  server.RaftServerConfigKeys (ConfUtils.java:logGet(43)) - raft.server.rpc.sleep.time = 25ms (default)
2019-09-25 07:35:49,339 [89512cd3-5215-493c-9626-f8bc005210a2@group-595872A34ED6:LeaderElection27] INFO  server.RaftServerConfigKeys (ConfUtils.java:logGet(43)) - raft.server.write.element-limit = 4096 (default)
2019-09-25 07:35:49,339 [89512cd3-5215-493c-9626-f8bc005210a2@group-595872A34ED6:LeaderElection27] INFO  server.RaftServerConfigKeys (ConfUtils.java:logGet(43)) - raft.server.watch.timeout = 10s (default)
2019-09-25 07:35:49,339 [89512cd3-5215-493c-9626-f8bc005210a2@group-595872A34ED6:LeaderElection27] INFO  server.RaftServerConfigKeys (ConfUtils.java:logGet(43)) - raft.server.watch.timeout.denomination = 1s (default)
2019-09-25 07:35:49,339 [89512cd3-5215-493c-9626-f8bc005210a2@group-595872A34ED6:LeaderElection27] INFO  server.RaftServerConfigKeys (ConfUtils.java:logGet(43)) - raft.server.watch.element-limit = 65536 (default)
2019-09-25 07:35:49,342 [89512cd3-5215-493c-9626-f8bc005210a2@group-595872A34ED6:LeaderElection27] INFO  impl.RoleInfo (RoleInfo.java:updateAndGet(143)) - 89512cd3-5215-493c-9626-f8bc005210a2: start LeaderState
2019-09-25 07:35:49,342 [89512cd3-5215-493c-9626-f8bc005210a2@group-595872A34ED6:LeaderElection27] INFO  segmented.SegmentedRaftLogWorker (SegmentedRaftLogWorker.java:startLogSegment(380)) - 89512cd3-5215-493c-9626-f8bc005210a2@group-595872A34ED6-SegmentedRaftLogWorker: Starting segment from index:0
2019-09-25 07:35:49,343 [89512cd3-5215-493c-9626-f8bc005210a2@group-595872A34ED6:LeaderElection27] INFO  impl.RaftServerImpl (ServerState.java:setRaftConf(354)) - 89512cd3-5215-493c-9626-f8bc005210a2@group-595872A34ED6: set configuration 0: [89512cd3-5215-493c-9626-f8bc005210a2:192.168.151.106:37585], old=null at 0
2019-09-25 07:35:49,384 [Thread-301] INFO  impl.FollowerState (FollowerState.java:run(106)) - 20eeef1f-c0de-4bb7-8f99-fe21c95fed30:group-8DAA12D53A66 changes to CANDIDATE, lastRpcTime:5010, electionTimeout:5008ms
2019-09-25 07:35:49,384 [c3cf7509-27e8-499f-a871-32281ced9221@group-00AD6C6E305D-SegmentedRaftLogWorker] INFO  segmented.SegmentedRaftLogWorker (SegmentedRaftLogWorker.java:execute(569)) - c3cf7509-27e8-499f-a871-32281ced9221@group-00AD6C6E305D-SegmentedRaftLogWorker: created new log segment /workdir/hadoop-ozone/tools/target/test-dir/MiniOzoneClusterImpl-321f4562-75cd-4431-a0a7-dd0954309df4/datanode-4/data/ratis/a114aa8c-9c52-4343-a530-00ad6c6e305d/current/log_inprogress_0
2019-09-25 07:35:49,391 [Thread-301] INFO  impl.RoleInfo (RoleInfo.java:shutdownFollowerState(121)) - 20eeef1f-c0de-4bb7-8f99-fe21c95fed30: shutdown FollowerState
2019-09-25 07:35:49,393 [Thread-301] INFO  impl.RaftServerImpl (RaftServerImpl.java:setRole(174)) - 20eeef1f-c0de-4bb7-8f99-fe21c95fed30@group-8DAA12D53A66: changes role from  FOLLOWER to CANDIDATE at term 0 for changeToCandidate
2019-09-25 07:35:49,393 [Thread-301] INFO  impl.RoleInfo (RoleInfo.java:updateAndGet(143)) - 20eeef1f-c0de-4bb7-8f99-fe21c95fed30: start LeaderElection
2019-09-25 07:35:49,403 [89512cd3-5215-493c-9626-f8bc005210a2@group-595872A34ED6-SegmentedRaftLogWorker] INFO  segmented.SegmentedRaftLogWorker (SegmentedRaftLogWorker.java:execute(569)) - 89512cd3-5215-493c-9626-f8bc005210a2@group-595872A34ED6-SegmentedRaftLogWorker: created new log segment /workdir/hadoop-ozone/tools/target/test-dir/MiniOzoneClusterImpl-321f4562-75cd-4431-a0a7-dd0954309df4/datanode-0/data/ratis/3c136257-b3c8-4097-89f3-595872a34ed6/current/log_inprogress_0
2019-09-25 07:35:49,422 [20eeef1f-c0de-4bb7-8f99-fe21c95fed30@group-8DAA12D53A66:LeaderElection28] INFO  impl.LeaderElection (LeaderElection.java:askForVotes(182)) - 20eeef1f-c0de-4bb7-8f99-fe21c95fed30@group-8DAA12D53A66:LeaderElection28: begin an election at term 1 for -1: [20eeef1f-c0de-4bb7-8f99-fe21c95fed30:192.168.151.106:34100], old=null
2019-09-25 07:35:49,422 [20eeef1f-c0de-4bb7-8f99-fe21c95fed30@group-8DAA12D53A66:LeaderElection28] INFO  impl.RoleInfo (RoleInfo.java:shutdownLeaderElection(134)) - 20eeef1f-c0de-4bb7-8f99-fe21c95fed30: shutdown LeaderElection
2019-09-25 07:35:49,423 [20eeef1f-c0de-4bb7-8f99-fe21c95fed30@group-8DAA12D53A66:LeaderElection28] INFO  impl.RaftServerImpl (RaftServerImpl.java:setRole(174)) - 20eeef1f-c0de-4bb7-8f99-fe21c95fed30@group-8DAA12D53A66: changes role from CANDIDATE to LEADER at term 1 for changeToLeader
2019-09-25 07:35:49,423 [20eeef1f-c0de-4bb7-8f99-fe21c95fed30@group-8DAA12D53A66:LeaderElection28] INFO  impl.RaftServerImpl (ServerState.java:setLeader(253)) - 20eeef1f-c0de-4bb7-8f99-fe21c95fed30@group-8DAA12D53A66: change Leader from null to 20eeef1f-c0de-4bb7-8f99-fe21c95fed30 at term 1 for becomeLeader, leader elected after 5056ms
2019-09-25 07:35:49,423 [20eeef1f-c0de-4bb7-8f99-fe21c95fed30@group-8DAA12D53A66:LeaderElection28] INFO  server.RaftServerConfigKeys (ConfUtils.java:logGet(43)) - raft.server.staging.catchup.gap = 1000 (default)
2019-09-25 07:35:49,423 [20eeef1f-c0de-4bb7-8f99-fe21c95fed30@group-8DAA12D53A66:LeaderElection28] INFO  server.RaftServerConfigKeys (ConfUtils.java:logGet(43)) - raft.server.rpc.sleep.time = 25ms (default)
2019-09-25 07:35:49,423 [20eeef1f-c0de-4bb7-8f99-fe21c95fed30@group-8DAA12D53A66:LeaderElection28] INFO  server.RaftServerConfigKeys (ConfUtils.java:logGet(43)) - raft.server.write.element-limit = 4096 (default)
2019-09-25 07:35:49,423 [20eeef1f-c0de-4bb7-8f99-fe21c95fed30@group-8DAA12D53A66:LeaderElection28] INFO  server.RaftServerConfigKeys (ConfUtils.java:logGet(43)) - raft.server.watch.timeout = 10s (default)
2019-09-25 07:35:49,423 [20eeef1f-c0de-4bb7-8f99-fe21c95fed30@group-8DAA12D53A66:LeaderElection28] INFO  server.RaftServerConfigKeys (ConfUtils.java:logGet(43)) - raft.server.watch.timeout.denomination = 1s (default)
2019-09-25 07:35:49,423 [20eeef1f-c0de-4bb7-8f99-fe21c95fed30@group-8DAA12D53A66:LeaderElection28] INFO  server.RaftServerConfigKeys (ConfUtils.java:logGet(43)) - raft.server.watch.element-limit = 65536 (default)
2019-09-25 07:35:49,425 [20eeef1f-c0de-4bb7-8f99-fe21c95fed30@group-8DAA12D53A66:LeaderElection28] INFO  impl.RoleInfo (RoleInfo.java:updateAndGet(143)) - 20eeef1f-c0de-4bb7-8f99-fe21c95fed30: start LeaderState
2019-09-25 07:35:49,426 [20eeef1f-c0de-4bb7-8f99-fe21c95fed30@group-8DAA12D53A66:LeaderElection28] INFO  segmented.SegmentedRaftLogWorker (SegmentedRaftLogWorker.java:startLogSegment(380)) - 20eeef1f-c0de-4bb7-8f99-fe21c95fed30@group-8DAA12D53A66-SegmentedRaftLogWorker: Starting segment from index:0
2019-09-25 07:35:49,426 [20eeef1f-c0de-4bb7-8f99-fe21c95fed30@group-8DAA12D53A66:LeaderElection28] INFO  impl.RaftServerImpl (ServerState.java:setRaftConf(354)) - 20eeef1f-c0de-4bb7-8f99-fe21c95fed30@group-8DAA12D53A66: set configuration 0: [20eeef1f-c0de-4bb7-8f99-fe21c95fed30:192.168.151.106:34100], old=null at 0
2019-09-25 07:35:49,454 [Thread-298] INFO  impl.FollowerState (FollowerState.java:run(106)) - 20eeef1f-c0de-4bb7-8f99-fe21c95fed30:group-83E7C86EBA67 changes to CANDIDATE, lastRpcTime:5154, electionTimeout:5148ms
2019-09-25 07:35:49,454 [Thread-298] INFO  impl.RoleInfo (RoleInfo.java:shutdownFollowerState(121)) - 20eeef1f-c0de-4bb7-8f99-fe21c95fed30: shutdown FollowerState
2019-09-25 07:35:49,454 [Thread-298] INFO  impl.RaftServerImpl (RaftServerImpl.java:setRole(174)) - 20eeef1f-c0de-4bb7-8f99-fe21c95fed30@group-83E7C86EBA67: changes role from  FOLLOWER to CANDIDATE at term 0 for changeToCandidate
2019-09-25 07:35:49,454 [Thread-298] INFO  impl.RoleInfo (RoleInfo.java:updateAndGet(143)) - 20eeef1f-c0de-4bb7-8f99-fe21c95fed30: start LeaderElection
2019-09-25 07:35:49,477 [20eeef1f-c0de-4bb7-8f99-fe21c95fed30@group-8DAA12D53A66-SegmentedRaftLogWorker] INFO  segmented.SegmentedRaftLogWorker (SegmentedRaftLogWorker.java:execute(569)) - 20eeef1f-c0de-4bb7-8f99-fe21c95fed30@group-8DAA12D53A66-SegmentedRaftLogWorker: created new log segment /workdir/hadoop-ozone/tools/target/test-dir/MiniOzoneClusterImpl-321f4562-75cd-4431-a0a7-dd0954309df4/datanode-2/data/ratis/58d0b6de-948a-4836-b4fd-8daa12d53a66/current/log_inprogress_0
2019-09-25 07:35:49,477 [20eeef1f-c0de-4bb7-8f99-fe21c95fed30@group-83E7C86EBA67:LeaderElection29] INFO  impl.LeaderElection (LeaderElection.java:askForVotes(182)) - 20eeef1f-c0de-4bb7-8f99-fe21c95fed30@group-83E7C86EBA67:LeaderElection29: begin an election at term 1 for -1: [20eeef1f-c0de-4bb7-8f99-fe21c95fed30:192.168.151.106:34100], old=null
2019-09-25 07:35:49,477 [20eeef1f-c0de-4bb7-8f99-fe21c95fed30@group-83E7C86EBA67:LeaderElection29] INFO  impl.RoleInfo (RoleInfo.java:shutdownLeaderElection(134)) - 20eeef1f-c0de-4bb7-8f99-fe21c95fed30: shutdown LeaderElection
2019-09-25 07:35:49,477 [20eeef1f-c0de-4bb7-8f99-fe21c95fed30@group-83E7C86EBA67:LeaderElection29] INFO  impl.RaftServerImpl (RaftServerImpl.java:setRole(174)) - 20eeef1f-c0de-4bb7-8f99-fe21c95fed30@group-83E7C86EBA67: changes role from CANDIDATE to LEADER at term 1 for changeToLeader
2019-09-25 07:35:49,477 [20eeef1f-c0de-4bb7-8f99-fe21c95fed30@group-83E7C86EBA67:LeaderElection29] INFO  impl.RaftServerImpl (ServerState.java:setLeader(253)) - 20eeef1f-c0de-4bb7-8f99-fe21c95fed30@group-83E7C86EBA67: change Leader from null to 20eeef1f-c0de-4bb7-8f99-fe21c95fed30 at term 1 for becomeLeader, leader elected after 5185ms
2019-09-25 07:35:49,477 [20eeef1f-c0de-4bb7-8f99-fe21c95fed30@group-83E7C86EBA67:LeaderElection29] INFO  server.RaftServerConfigKeys (ConfUtils.java:logGet(43)) - raft.server.staging.catchup.gap = 1000 (default)
2019-09-25 07:35:49,477 [20eeef1f-c0de-4bb7-8f99-fe21c95fed30@group-83E7C86EBA67:LeaderElection29] INFO  server.RaftServerConfigKeys (ConfUtils.java:logGet(43)) - raft.server.rpc.sleep.time = 25ms (default)
2019-09-25 07:35:49,478 [20eeef1f-c0de-4bb7-8f99-fe21c95fed30@group-83E7C86EBA67:LeaderElection29] INFO  server.RaftServerConfigKeys (ConfUtils.java:logGet(43)) - raft.server.write.element-limit = 4096 (default)
2019-09-25 07:35:49,478 [20eeef1f-c0de-4bb7-8f99-fe21c95fed30@group-83E7C86EBA67:LeaderElection29] INFO  server.RaftServerConfigKeys (ConfUtils.java:logGet(43)) - raft.server.watch.timeout = 10s (default)
2019-09-25 07:35:49,478 [20eeef1f-c0de-4bb7-8f99-fe21c95fed30@group-83E7C86EBA67:LeaderElection29] INFO  server.RaftServerConfigKeys (ConfUtils.java:logGet(43)) - raft.server.watch.timeout.denomination = 1s (default)
2019-09-25 07:35:49,478 [20eeef1f-c0de-4bb7-8f99-fe21c95fed30@group-83E7C86EBA67:LeaderElection29] INFO  server.RaftServerConfigKeys (ConfUtils.java:logGet(43)) - raft.server.watch.element-limit = 65536 (default)
2019-09-25 07:35:49,480 [20eeef1f-c0de-4bb7-8f99-fe21c95fed30@group-83E7C86EBA67:LeaderElection29] INFO  impl.RoleInfo (RoleInfo.java:updateAndGet(143)) - 20eeef1f-c0de-4bb7-8f99-fe21c95fed30: start LeaderState
2019-09-25 07:35:49,481 [20eeef1f-c0de-4bb7-8f99-fe21c95fed30@group-83E7C86EBA67:LeaderElection29] INFO  segmented.SegmentedRaftLogWorker (SegmentedRaftLogWorker.java:startLogSegment(380)) - 20eeef1f-c0de-4bb7-8f99-fe21c95fed30@group-83E7C86EBA67-SegmentedRaftLogWorker: Starting segment from index:0
2019-09-25 07:35:49,481 [20eeef1f-c0de-4bb7-8f99-fe21c95fed30@group-83E7C86EBA67:LeaderElection29] INFO  impl.RaftServerImpl (ServerState.java:setRaftConf(354)) - 20eeef1f-c0de-4bb7-8f99-fe21c95fed30@group-83E7C86EBA67: set configuration 0: [20eeef1f-c0de-4bb7-8f99-fe21c95fed30:192.168.151.106:34100], old=null at 0
2019-09-25 07:35:49,515 [Thread-304] INFO  impl.FollowerState (FollowerState.java:run(106)) - 89512cd3-5215-493c-9626-f8bc005210a2:group-9A88A66E7CF5 changes to CANDIDATE, lastRpcTime:5050, electionTimeout:5050ms
2019-09-25 07:35:49,515 [Thread-304] INFO  impl.RoleInfo (RoleInfo.java:shutdownFollowerState(121)) - 89512cd3-5215-493c-9626-f8bc005210a2: shutdown FollowerState
2019-09-25 07:35:49,515 [Thread-304] INFO  impl.RaftServerImpl (RaftServerImpl.java:setRole(174)) - 89512cd3-5215-493c-9626-f8bc005210a2@group-9A88A66E7CF5: changes role from  FOLLOWER to CANDIDATE at term 0 for changeToCandidate
2019-09-25 07:35:49,516 [Thread-304] INFO  impl.RoleInfo (RoleInfo.java:updateAndGet(143)) - 89512cd3-5215-493c-9626-f8bc005210a2: start LeaderElection
2019-09-25 07:35:49,526 [20eeef1f-c0de-4bb7-8f99-fe21c95fed30@group-83E7C86EBA67-SegmentedRaftLogWorker] INFO  segmented.SegmentedRaftLogWorker (SegmentedRaftLogWorker.java:execute(569)) - 20eeef1f-c0de-4bb7-8f99-fe21c95fed30@group-83E7C86EBA67-SegmentedRaftLogWorker: created new log segment /workdir/hadoop-ozone/tools/target/test-dir/MiniOzoneClusterImpl-321f4562-75cd-4431-a0a7-dd0954309df4/datanode-2/data/ratis/b81c5783-4a3b-4755-a4f3-83e7c86eba67/current/log_inprogress_0
2019-09-25 07:35:49,526 [89512cd3-5215-493c-9626-f8bc005210a2@group-9A88A66E7CF5:LeaderElection30] INFO  impl.LeaderElection (LeaderElection.java:askForVotes(182)) - 89512cd3-5215-493c-9626-f8bc005210a2@group-9A88A66E7CF5:LeaderElection30: begin an election at term 1 for -1: [89512cd3-5215-493c-9626-f8bc005210a2:192.168.151.106:37585], old=null
2019-09-25 07:35:49,526 [89512cd3-5215-493c-9626-f8bc005210a2@group-9A88A66E7CF5:LeaderElection30] INFO  impl.RoleInfo (RoleInfo.java:shutdownLeaderElection(134)) - 89512cd3-5215-493c-9626-f8bc005210a2: shutdown LeaderElection
2019-09-25 07:35:49,526 [89512cd3-5215-493c-9626-f8bc005210a2@group-9A88A66E7CF5:LeaderElection30] INFO  impl.RaftServerImpl (RaftServerImpl.java:setRole(174)) - 89512cd3-5215-493c-9626-f8bc005210a2@group-9A88A66E7CF5: changes role from CANDIDATE to LEADER at term 1 for changeToLeader
2019-09-25 07:35:49,526 [89512cd3-5215-493c-9626-f8bc005210a2@group-9A88A66E7CF5:LeaderElection30] INFO  impl.RaftServerImpl (ServerState.java:setLeader(253)) - 89512cd3-5215-493c-9626-f8bc005210a2@group-9A88A66E7CF5: change Leader from null to 89512cd3-5215-493c-9626-f8bc005210a2 at term 1 for becomeLeader, leader elected after 5069ms
2019-09-25 07:35:49,526 [89512cd3-5215-493c-9626-f8bc005210a2@group-9A88A66E7CF5:LeaderElection30] INFO  server.RaftServerConfigKeys (ConfUtils.java:logGet(43)) - raft.server.staging.catchup.gap = 1000 (default)
2019-09-25 07:35:49,527 [89512cd3-5215-493c-9626-f8bc005210a2@group-9A88A66E7CF5:LeaderElection30] INFO  server.RaftServerConfigKeys (ConfUtils.java:logGet(43)) - raft.server.rpc.sleep.time = 25ms (default)
2019-09-25 07:35:49,527 [89512cd3-5215-493c-9626-f8bc005210a2@group-9A88A66E7CF5:LeaderElection30] INFO  server.RaftServerConfigKeys (ConfUtils.java:logGet(43)) - raft.server.write.element-limit = 4096 (default)
2019-09-25 07:35:49,527 [89512cd3-5215-493c-9626-f8bc005210a2@group-9A88A66E7CF5:LeaderElection30] INFO  server.RaftServerConfigKeys (ConfUtils.java:logGet(43)) - raft.server.watch.timeout = 10s (default)
2019-09-25 07:35:49,527 [89512cd3-5215-493c-9626-f8bc005210a2@group-9A88A66E7CF5:LeaderElection30] INFO  server.RaftServerConfigKeys (ConfUtils.java:logGet(43)) - raft.server.watch.timeout.denomination = 1s (default)
2019-09-25 07:35:49,527 [89512cd3-5215-493c-9626-f8bc005210a2@group-9A88A66E7CF5:LeaderElection30] INFO  server.RaftServerConfigKeys (ConfUtils.java:logGet(43)) - raft.server.watch.element-limit = 65536 (default)
2019-09-25 07:35:49,530 [89512cd3-5215-493c-9626-f8bc005210a2@group-9A88A66E7CF5:LeaderElection30] INFO  impl.RoleInfo (RoleInfo.java:updateAndGet(143)) - 89512cd3-5215-493c-9626-f8bc005210a2: start LeaderState
2019-09-25 07:35:49,530 [89512cd3-5215-493c-9626-f8bc005210a2@group-9A88A66E7CF5:LeaderElection30] INFO  segmented.SegmentedRaftLogWorker (SegmentedRaftLogWorker.java:startLogSegment(380)) - 89512cd3-5215-493c-9626-f8bc005210a2@group-9A88A66E7CF5-SegmentedRaftLogWorker: Starting segment from index:0
2019-09-25 07:35:49,530 [89512cd3-5215-493c-9626-f8bc005210a2@group-9A88A66E7CF5:LeaderElection30] INFO  impl.RaftServerImpl (ServerState.java:setRaftConf(354)) - 89512cd3-5215-493c-9626-f8bc005210a2@group-9A88A66E7CF5: set configuration 0: [89512cd3-5215-493c-9626-f8bc005210a2:192.168.151.106:37585], old=null at 0
2019-09-25 07:35:49,587 [89512cd3-5215-493c-9626-f8bc005210a2@group-9A88A66E7CF5-SegmentedRaftLogWorker] INFO  segmented.SegmentedRaftLogWorker (SegmentedRaftLogWorker.java:execute(569)) - 89512cd3-5215-493c-9626-f8bc005210a2@group-9A88A66E7CF5-SegmentedRaftLogWorker: created new log segment /workdir/hadoop-ozone/tools/target/test-dir/MiniOzoneClusterImpl-321f4562-75cd-4431-a0a7-dd0954309df4/datanode-0/data/ratis/b979f489-e383-43d9-abaa-9a88a66e7cf5/current/log_inprogress_0
]]></system-out>
    <system-err><![CDATA[ERROR StatusLogger No Log4j 2 configuration file found. Using default configuration (logging only errors to the console), or user programmatically provided configurations. Set system property 'log4j2.debug' to show Log4j 2 internal initialization logging. See https://logging.apache.org/log4j/2.x/manual/configuration.html for instructions on how to configure Log4j 2
]]></system-err>
  </testcase>
  <testcase name="standaloneTestLargeKey" classname="org.apache.hadoop.ozone.freon.TestDataValidateWithSafeByteOperations" time="10.126">
    <error message="Allocated 0 blocks. Requested 5 blocks" type="INTERNAL_ERROR org.apache.hadoop.ozone.om.exceptions.OMException">INTERNAL_ERROR org.apache.hadoop.ozone.om.exceptions.OMException: Allocated 0 blocks. Requested 5 blocks
	at org.apache.hadoop.ozone.om.protocolPB.OzoneManagerProtocolClientSideTranslatorPB.handleError(OzoneManagerProtocolClientSideTranslatorPB.java:732)
	at org.apache.hadoop.ozone.om.protocolPB.OzoneManagerProtocolClientSideTranslatorPB.openKey(OzoneManagerProtocolClientSideTranslatorPB.java:723)
	at sun.reflect.NativeMethodAccessorImpl.invoke0(Native Method)
	at sun.reflect.NativeMethodAccessorImpl.invoke(NativeMethodAccessorImpl.java:62)
	at sun.reflect.DelegatingMethodAccessorImpl.invoke(DelegatingMethodAccessorImpl.java:43)
	at java.lang.reflect.Method.invoke(Method.java:498)
	at org.apache.hadoop.hdds.tracing.TraceAllMethod.invoke(TraceAllMethod.java:66)
	at com.sun.proxy.$Proxy37.openKey(Unknown Source)
	at org.apache.hadoop.ozone.client.rpc.RpcClient.createKey(RpcClient.java:614)
	at org.apache.hadoop.ozone.client.OzoneBucket.createKey(OzoneBucket.java:325)
	at org.apache.hadoop.ozone.freon.RandomKeyGenerator.createKey(RandomKeyGenerator.java:695)
	at org.apache.hadoop.ozone.freon.RandomKeyGenerator.access$1100(RandomKeyGenerator.java:88)
	at org.apache.hadoop.ozone.freon.RandomKeyGenerator$ObjectCreator.run(RandomKeyGenerator.java:615)
	at java.util.concurrent.Executors$RunnableAdapter.call(Executors.java:511)
	at java.util.concurrent.FutureTask.run(FutureTask.java:266)
	at java.util.concurrent.ThreadPoolExecutor.runWorker(ThreadPoolExecutor.java:1149)
	at java.util.concurrent.ThreadPoolExecutor$Worker.run(ThreadPoolExecutor.java:624)
	at java.lang.Thread.run(Thread.java:748)
</error>
    <system-out><![CDATA[2019-09-25 07:35:52,762 [main] INFO  freon.RandomKeyGenerator (RandomKeyGenerator.java:call(283)) - Number of Threads: 10
2019-09-25 07:35:52,762 [main] INFO  freon.RandomKeyGenerator (RandomKeyGenerator.java:call(288)) - Number of Volumes: 1.
2019-09-25 07:35:52,763 [main] INFO  freon.RandomKeyGenerator (RandomKeyGenerator.java:call(289)) - Number of Buckets per Volume: 1.
2019-09-25 07:35:52,763 [main] INFO  freon.RandomKeyGenerator (RandomKeyGenerator.java:call(290)) - Number of Keys per Bucket: 1.
2019-09-25 07:35:52,763 [main] INFO  freon.RandomKeyGenerator (RandomKeyGenerator.java:call(291)) - Key size: 20971520 bytes
2019-09-25 07:35:52,763 [main] INFO  freon.RandomKeyGenerator (RandomKeyGenerator.java:call(292)) - Buffer size: 4096 bytes
2019-09-25 07:35:52,763 [main] INFO  freon.RandomKeyGenerator (RandomKeyGenerator.java:call(293)) - validateWrites : true
2019-09-25 07:35:52,764 [pool-74-thread-1] INFO  rpc.RpcClient (RpcClient.java:createVolume(276)) - Creating Volume: vol-0-07792, with jenkins1000 as owner.
2019-09-25 07:35:52,765 [main] INFO  freon.RandomKeyGenerator (RandomKeyGenerator.java:call(307)) - Data validation is enabled.
2019-09-25 07:35:52,765 [main] INFO  freon.RandomKeyGenerator (RandomKeyGenerator.java:call(313)) - Starting progress bar Thread.

 0.00% |█                                                                                                    |  0/1 Time: 0:00:002019-09-25 07:35:52,770 [IPC Server handler 1 on 40963] INFO  volume.OMVolumeCreateRequest (OMVolumeCreateRequest.java:validateAndUpdateCache(189)) - created volume:vol-0-07792 for user:jenkins1000
2019-09-25 07:35:52,784 [pool-74-thread-2] INFO  rpc.RpcClient (RpcClient.java:createBucket(415)) - Creating Bucket: vol-0-07792/bucket-0-71767, with Versioning false and Storage Type set to DISK and Encryption set to false 
2019-09-25 07:35:52,799 [IPC Server handler 0 on 43055] INFO  pipeline.PipelinePlacementPolicy (PipelinePlacementPolicy.java:meetCriteria(91)) - Pipeline Placement: can't place more pipeline on heavy datanode： 89512cd3-5215-493c-9626-f8bc005210a2 Heaviness: 6 limit: 5
2019-09-25 07:35:52,799 [IPC Server handler 0 on 43055] INFO  pipeline.PipelinePlacementPolicy (PipelinePlacementPolicy.java:meetCriteria(91)) - Pipeline Placement: can't place more pipeline on heavy datanode： 0a03bc5e-b15f-4537-941b-10259ace1437 Heaviness: 6 limit: 5
2019-09-25 07:35:52,799 [IPC Server handler 0 on 43055] INFO  pipeline.PipelinePlacementPolicy (PipelinePlacementPolicy.java:meetCriteria(91)) - Pipeline Placement: can't place more pipeline on heavy datanode： c3cf7509-27e8-499f-a871-32281ced9221 Heaviness: 6 limit: 5
2019-09-25 07:35:52,799 [IPC Server handler 0 on 43055] INFO  pipeline.PipelinePlacementPolicy (PipelinePlacementPolicy.java:meetCriteria(91)) - Pipeline Placement: can't place more pipeline on heavy datanode： 4f9c9097-af28-4e92-8dab-50853da08db1 Heaviness: 6 limit: 5
2019-09-25 07:35:52,799 [IPC Server handler 0 on 43055] INFO  pipeline.PipelinePlacementPolicy (PipelinePlacementPolicy.java:meetCriteria(91)) - Pipeline Placement: can't place more pipeline on heavy datanode： 20eeef1f-c0de-4bb7-8f99-fe21c95fed30 Heaviness: 6 limit: 5
2019-09-25 07:35:52,800 [IPC Server handler 0 on 43055] ERROR pipeline.PipelinePlacementPolicy (PipelinePlacementPolicy.java:filterViableNodes(148)) - Unable to find enough nodes that meet the criteria that cannot engage in more than 5 pipelines. Nodes required: 3 Found: 0, healthy nodes count inNodeManager: 5.
2019-09-25 07:35:52,800 [IPC Server handler 0 on 43055] ERROR pipeline.SCMPipelineManager (SCMPipelineManager.java:createPipeline(167)) - Pipeline creation failed.
org.apache.hadoop.hdds.scm.exceptions.SCMException: Unable to find enough nodes that meet the criteria that cannot engage in more than 5 pipelines. Nodes required: 3 Found: 0, healthy nodes count inNodeManager: 5.
	at org.apache.hadoop.hdds.scm.pipeline.PipelinePlacementPolicy.filterViableNodes(PipelinePlacementPolicy.java:149)
	at org.apache.hadoop.hdds.scm.pipeline.PipelinePlacementPolicy.chooseDatanodes(PipelinePlacementPolicy.java:172)
	at org.apache.hadoop.hdds.scm.pipeline.RatisPipelineProvider.create(RatisPipelineProvider.java:93)
	at org.apache.hadoop.hdds.scm.pipeline.PipelineFactory.create(PipelineFactory.java:58)
	at org.apache.hadoop.hdds.scm.pipeline.SCMPipelineManager.createPipeline(SCMPipelineManager.java:155)
	at org.apache.hadoop.hdds.scm.block.BlockManagerImpl.allocateBlock(BlockManagerImpl.java:190)
	at org.apache.hadoop.hdds.scm.server.SCMBlockProtocolServer.allocateBlock(SCMBlockProtocolServer.java:182)
	at org.apache.hadoop.ozone.protocolPB.ScmBlockLocationProtocolServerSideTranslatorPB.allocateScmBlock(ScmBlockLocationProtocolServerSideTranslatorPB.java:183)
	at org.apache.hadoop.ozone.protocolPB.ScmBlockLocationProtocolServerSideTranslatorPB.processMessage(ScmBlockLocationProtocolServerSideTranslatorPB.java:141)
	at org.apache.hadoop.ozone.protocolPB.ScmBlockLocationProtocolServerSideTranslatorPB.send(ScmBlockLocationProtocolServerSideTranslatorPB.java:116)
	at org.apache.hadoop.hdds.protocol.proto.ScmBlockLocationProtocolProtos$ScmBlockLocationProtocolService$2.callBlockingMethod(ScmBlockLocationProtocolProtos.java:13157)
	at org.apache.hadoop.ipc.ProtobufRpcEngine$Server$ProtoBufRpcInvoker.call(ProtobufRpcEngine.java:524)
	at org.apache.hadoop.ipc.RPC$Server.call(RPC.java:1025)
	at org.apache.hadoop.ipc.Server$RpcCall.run(Server.java:876)
	at org.apache.hadoop.ipc.Server$RpcCall.run(Server.java:822)
	at java.security.AccessController.doPrivileged(Native Method)
	at javax.security.auth.Subject.doAs(Subject.java:422)
	at org.apache.hadoop.security.UserGroupInformation.doAs(UserGroupInformation.java:1730)
	at org.apache.hadoop.ipc.Server$Handler.run(Server.java:2682)
2019-09-25 07:35:52,801 [IPC Server handler 0 on 43055] WARN  block.BlockManagerImpl (BlockManagerImpl.java:allocateBlock(192)) - Pipeline creation failed for type:RATIS factor:THREE. Retrying get pipelines call once.
org.apache.hadoop.hdds.scm.exceptions.SCMException: Unable to find enough nodes that meet the criteria that cannot engage in more than 5 pipelines. Nodes required: 3 Found: 0, healthy nodes count inNodeManager: 5.
	at org.apache.hadoop.hdds.scm.pipeline.PipelinePlacementPolicy.filterViableNodes(PipelinePlacementPolicy.java:149)
	at org.apache.hadoop.hdds.scm.pipeline.PipelinePlacementPolicy.chooseDatanodes(PipelinePlacementPolicy.java:172)
	at org.apache.hadoop.hdds.scm.pipeline.RatisPipelineProvider.create(RatisPipelineProvider.java:93)
	at org.apache.hadoop.hdds.scm.pipeline.PipelineFactory.create(PipelineFactory.java:58)
	at org.apache.hadoop.hdds.scm.pipeline.SCMPipelineManager.createPipeline(SCMPipelineManager.java:155)
	at org.apache.hadoop.hdds.scm.block.BlockManagerImpl.allocateBlock(BlockManagerImpl.java:190)
	at org.apache.hadoop.hdds.scm.server.SCMBlockProtocolServer.allocateBlock(SCMBlockProtocolServer.java:182)
	at org.apache.hadoop.ozone.protocolPB.ScmBlockLocationProtocolServerSideTranslatorPB.allocateScmBlock(ScmBlockLocationProtocolServerSideTranslatorPB.java:183)
	at org.apache.hadoop.ozone.protocolPB.ScmBlockLocationProtocolServerSideTranslatorPB.processMessage(ScmBlockLocationProtocolServerSideTranslatorPB.java:141)
	at org.apache.hadoop.ozone.protocolPB.ScmBlockLocationProtocolServerSideTranslatorPB.send(ScmBlockLocationProtocolServerSideTranslatorPB.java:116)
	at org.apache.hadoop.hdds.protocol.proto.ScmBlockLocationProtocolProtos$ScmBlockLocationProtocolService$2.callBlockingMethod(ScmBlockLocationProtocolProtos.java:13157)
	at org.apache.hadoop.ipc.ProtobufRpcEngine$Server$ProtoBufRpcInvoker.call(ProtobufRpcEngine.java:524)
	at org.apache.hadoop.ipc.RPC$Server.call(RPC.java:1025)
	at org.apache.hadoop.ipc.Server$RpcCall.run(Server.java:876)
	at org.apache.hadoop.ipc.Server$RpcCall.run(Server.java:822)
	at java.security.AccessController.doPrivileged(Native Method)
	at javax.security.auth.Subject.doAs(Subject.java:422)
	at org.apache.hadoop.security.UserGroupInformation.doAs(UserGroupInformation.java:1730)
	at org.apache.hadoop.ipc.Server$Handler.run(Server.java:2682)
2019-09-25 07:35:52,801 [IPC Server handler 0 on 43055] INFO  block.BlockManagerImpl (BlockManagerImpl.java:allocateBlock(198)) - Could not find available pipeline of type:RATIS and factor:THREE even after retrying
2019-09-25 07:35:52,801 [IPC Server handler 0 on 43055] ERROR block.BlockManagerImpl (BlockManagerImpl.java:allocateBlock(222)) - Unable to allocate a block for the size: 4194304, type: RATIS, factor: THREE
2019-09-25 07:35:52,801 [IPC Server handler 0 on 43055] INFO  pipeline.PipelinePlacementPolicy (PipelinePlacementPolicy.java:meetCriteria(91)) - Pipeline Placement: can't place more pipeline on heavy datanode： 89512cd3-5215-493c-9626-f8bc005210a2 Heaviness: 6 limit: 5
2019-09-25 07:35:52,802 [IPC Server handler 0 on 43055] INFO  pipeline.PipelinePlacementPolicy (PipelinePlacementPolicy.java:meetCriteria(91)) - Pipeline Placement: can't place more pipeline on heavy datanode： 0a03bc5e-b15f-4537-941b-10259ace1437 Heaviness: 6 limit: 5
2019-09-25 07:35:52,802 [IPC Server handler 0 on 43055] INFO  pipeline.PipelinePlacementPolicy (PipelinePlacementPolicy.java:meetCriteria(91)) - Pipeline Placement: can't place more pipeline on heavy datanode： c3cf7509-27e8-499f-a871-32281ced9221 Heaviness: 6 limit: 5
2019-09-25 07:35:52,802 [IPC Server handler 0 on 43055] INFO  pipeline.PipelinePlacementPolicy (PipelinePlacementPolicy.java:meetCriteria(91)) - Pipeline Placement: can't place more pipeline on heavy datanode： 4f9c9097-af28-4e92-8dab-50853da08db1 Heaviness: 6 limit: 5
2019-09-25 07:35:52,802 [IPC Server handler 0 on 43055] INFO  pipeline.PipelinePlacementPolicy (PipelinePlacementPolicy.java:meetCriteria(91)) - Pipeline Placement: can't place more pipeline on heavy datanode： 20eeef1f-c0de-4bb7-8f99-fe21c95fed30 Heaviness: 6 limit: 5
2019-09-25 07:35:52,802 [IPC Server handler 0 on 43055] ERROR pipeline.PipelinePlacementPolicy (PipelinePlacementPolicy.java:filterViableNodes(148)) - Unable to find enough nodes that meet the criteria that cannot engage in more than 5 pipelines. Nodes required: 3 Found: 0, healthy nodes count inNodeManager: 5.
2019-09-25 07:35:52,803 [IPC Server handler 0 on 43055] ERROR pipeline.SCMPipelineManager (SCMPipelineManager.java:createPipeline(167)) - Pipeline creation failed.
org.apache.hadoop.hdds.scm.exceptions.SCMException: Unable to find enough nodes that meet the criteria that cannot engage in more than 5 pipelines. Nodes required: 3 Found: 0, healthy nodes count inNodeManager: 5.
	at org.apache.hadoop.hdds.scm.pipeline.PipelinePlacementPolicy.filterViableNodes(PipelinePlacementPolicy.java:149)
	at org.apache.hadoop.hdds.scm.pipeline.PipelinePlacementPolicy.chooseDatanodes(PipelinePlacementPolicy.java:172)
	at org.apache.hadoop.hdds.scm.pipeline.RatisPipelineProvider.create(RatisPipelineProvider.java:93)
	at org.apache.hadoop.hdds.scm.pipeline.PipelineFactory.create(PipelineFactory.java:58)
	at org.apache.hadoop.hdds.scm.pipeline.SCMPipelineManager.createPipeline(SCMPipelineManager.java:155)
	at org.apache.hadoop.hdds.scm.block.BlockManagerImpl.allocateBlock(BlockManagerImpl.java:190)
	at org.apache.hadoop.hdds.scm.server.SCMBlockProtocolServer.allocateBlock(SCMBlockProtocolServer.java:182)
	at org.apache.hadoop.ozone.protocolPB.ScmBlockLocationProtocolServerSideTranslatorPB.allocateScmBlock(ScmBlockLocationProtocolServerSideTranslatorPB.java:183)
	at org.apache.hadoop.ozone.protocolPB.ScmBlockLocationProtocolServerSideTranslatorPB.processMessage(ScmBlockLocationProtocolServerSideTranslatorPB.java:141)
	at org.apache.hadoop.ozone.protocolPB.ScmBlockLocationProtocolServerSideTranslatorPB.send(ScmBlockLocationProtocolServerSideTranslatorPB.java:116)
	at org.apache.hadoop.hdds.protocol.proto.ScmBlockLocationProtocolProtos$ScmBlockLocationProtocolService$2.callBlockingMethod(ScmBlockLocationProtocolProtos.java:13157)
	at org.apache.hadoop.ipc.ProtobufRpcEngine$Server$ProtoBufRpcInvoker.call(ProtobufRpcEngine.java:524)
	at org.apache.hadoop.ipc.RPC$Server.call(RPC.java:1025)
	at org.apache.hadoop.ipc.Server$RpcCall.run(Server.java:876)
	at org.apache.hadoop.ipc.Server$RpcCall.run(Server.java:822)
	at java.security.AccessController.doPrivileged(Native Method)
	at javax.security.auth.Subject.doAs(Subject.java:422)
	at org.apache.hadoop.security.UserGroupInformation.doAs(UserGroupInformation.java:1730)
	at org.apache.hadoop.ipc.Server$Handler.run(Server.java:2682)
2019-09-25 07:35:52,803 [IPC Server handler 0 on 43055] WARN  block.BlockManagerImpl (BlockManagerImpl.java:allocateBlock(192)) - Pipeline creation failed for type:RATIS factor:THREE. Retrying get pipelines call once.
org.apache.hadoop.hdds.scm.exceptions.SCMException: Unable to find enough nodes that meet the criteria that cannot engage in more than 5 pipelines. Nodes required: 3 Found: 0, healthy nodes count inNodeManager: 5.
	at org.apache.hadoop.hdds.scm.pipeline.PipelinePlacementPolicy.filterViableNodes(PipelinePlacementPolicy.java:149)
	at org.apache.hadoop.hdds.scm.pipeline.PipelinePlacementPolicy.chooseDatanodes(PipelinePlacementPolicy.java:172)
	at org.apache.hadoop.hdds.scm.pipeline.RatisPipelineProvider.create(RatisPipelineProvider.java:93)
	at org.apache.hadoop.hdds.scm.pipeline.PipelineFactory.create(PipelineFactory.java:58)
	at org.apache.hadoop.hdds.scm.pipeline.SCMPipelineManager.createPipeline(SCMPipelineManager.java:155)
	at org.apache.hadoop.hdds.scm.block.BlockManagerImpl.allocateBlock(BlockManagerImpl.java:190)
	at org.apache.hadoop.hdds.scm.server.SCMBlockProtocolServer.allocateBlock(SCMBlockProtocolServer.java:182)
	at org.apache.hadoop.ozone.protocolPB.ScmBlockLocationProtocolServerSideTranslatorPB.allocateScmBlock(ScmBlockLocationProtocolServerSideTranslatorPB.java:183)
	at org.apache.hadoop.ozone.protocolPB.ScmBlockLocationProtocolServerSideTranslatorPB.processMessage(ScmBlockLocationProtocolServerSideTranslatorPB.java:141)
	at org.apache.hadoop.ozone.protocolPB.ScmBlockLocationProtocolServerSideTranslatorPB.send(ScmBlockLocationProtocolServerSideTranslatorPB.java:116)
	at org.apache.hadoop.hdds.protocol.proto.ScmBlockLocationProtocolProtos$ScmBlockLocationProtocolService$2.callBlockingMethod(ScmBlockLocationProtocolProtos.java:13157)
	at org.apache.hadoop.ipc.ProtobufRpcEngine$Server$ProtoBufRpcInvoker.call(ProtobufRpcEngine.java:524)
	at org.apache.hadoop.ipc.RPC$Server.call(RPC.java:1025)
	at org.apache.hadoop.ipc.Server$RpcCall.run(Server.java:876)
	at org.apache.hadoop.ipc.Server$RpcCall.run(Server.java:822)
	at java.security.AccessController.doPrivileged(Native Method)
	at javax.security.auth.Subject.doAs(Subject.java:422)
	at org.apache.hadoop.security.UserGroupInformation.doAs(UserGroupInformation.java:1730)
	at org.apache.hadoop.ipc.Server$Handler.run(Server.java:2682)
2019-09-25 07:35:52,803 [IPC Server handler 0 on 43055] INFO  block.BlockManagerImpl (BlockManagerImpl.java:allocateBlock(198)) - Could not find available pipeline of type:RATIS and factor:THREE even after retrying
2019-09-25 07:35:52,804 [IPC Server handler 0 on 43055] ERROR block.BlockManagerImpl (BlockManagerImpl.java:allocateBlock(222)) - Unable to allocate a block for the size: 4194304, type: RATIS, factor: THREE
2019-09-25 07:35:52,804 [IPC Server handler 0 on 43055] INFO  pipeline.PipelinePlacementPolicy (PipelinePlacementPolicy.java:meetCriteria(91)) - Pipeline Placement: can't place more pipeline on heavy datanode： 89512cd3-5215-493c-9626-f8bc005210a2 Heaviness: 6 limit: 5
2019-09-25 07:35:52,804 [IPC Server handler 0 on 43055] INFO  pipeline.PipelinePlacementPolicy (PipelinePlacementPolicy.java:meetCriteria(91)) - Pipeline Placement: can't place more pipeline on heavy datanode： 0a03bc5e-b15f-4537-941b-10259ace1437 Heaviness: 6 limit: 5
2019-09-25 07:35:52,804 [IPC Server handler 0 on 43055] INFO  pipeline.PipelinePlacementPolicy (PipelinePlacementPolicy.java:meetCriteria(91)) - Pipeline Placement: can't place more pipeline on heavy datanode： c3cf7509-27e8-499f-a871-32281ced9221 Heaviness: 6 limit: 5
2019-09-25 07:35:52,804 [IPC Server handler 0 on 43055] INFO  pipeline.PipelinePlacementPolicy (PipelinePlacementPolicy.java:meetCriteria(91)) - Pipeline Placement: can't place more pipeline on heavy datanode： 4f9c9097-af28-4e92-8dab-50853da08db1 Heaviness: 6 limit: 5
2019-09-25 07:35:52,805 [IPC Server handler 0 on 43055] INFO  pipeline.PipelinePlacementPolicy (PipelinePlacementPolicy.java:meetCriteria(91)) - Pipeline Placement: can't place more pipeline on heavy datanode： 20eeef1f-c0de-4bb7-8f99-fe21c95fed30 Heaviness: 6 limit: 5
2019-09-25 07:35:52,805 [IPC Server handler 0 on 43055] ERROR pipeline.PipelinePlacementPolicy (PipelinePlacementPolicy.java:filterViableNodes(148)) - Unable to find enough nodes that meet the criteria that cannot engage in more than 5 pipelines. Nodes required: 3 Found: 0, healthy nodes count inNodeManager: 5.
2019-09-25 07:35:52,805 [IPC Server handler 0 on 43055] ERROR pipeline.SCMPipelineManager (SCMPipelineManager.java:createPipeline(167)) - Pipeline creation failed.
org.apache.hadoop.hdds.scm.exceptions.SCMException: Unable to find enough nodes that meet the criteria that cannot engage in more than 5 pipelines. Nodes required: 3 Found: 0, healthy nodes count inNodeManager: 5.
	at org.apache.hadoop.hdds.scm.pipeline.PipelinePlacementPolicy.filterViableNodes(PipelinePlacementPolicy.java:149)
	at org.apache.hadoop.hdds.scm.pipeline.PipelinePlacementPolicy.chooseDatanodes(PipelinePlacementPolicy.java:172)
	at org.apache.hadoop.hdds.scm.pipeline.RatisPipelineProvider.create(RatisPipelineProvider.java:93)
	at org.apache.hadoop.hdds.scm.pipeline.PipelineFactory.create(PipelineFactory.java:58)
	at org.apache.hadoop.hdds.scm.pipeline.SCMPipelineManager.createPipeline(SCMPipelineManager.java:155)
	at org.apache.hadoop.hdds.scm.block.BlockManagerImpl.allocateBlock(BlockManagerImpl.java:190)
	at org.apache.hadoop.hdds.scm.server.SCMBlockProtocolServer.allocateBlock(SCMBlockProtocolServer.java:182)
	at org.apache.hadoop.ozone.protocolPB.ScmBlockLocationProtocolServerSideTranslatorPB.allocateScmBlock(ScmBlockLocationProtocolServerSideTranslatorPB.java:183)
	at org.apache.hadoop.ozone.protocolPB.ScmBlockLocationProtocolServerSideTranslatorPB.processMessage(ScmBlockLocationProtocolServerSideTranslatorPB.java:141)
	at org.apache.hadoop.ozone.protocolPB.ScmBlockLocationProtocolServerSideTranslatorPB.send(ScmBlockLocationProtocolServerSideTranslatorPB.java:116)
	at org.apache.hadoop.hdds.protocol.proto.ScmBlockLocationProtocolProtos$ScmBlockLocationProtocolService$2.callBlockingMethod(ScmBlockLocationProtocolProtos.java:13157)
	at org.apache.hadoop.ipc.ProtobufRpcEngine$Server$ProtoBufRpcInvoker.call(ProtobufRpcEngine.java:524)
	at org.apache.hadoop.ipc.RPC$Server.call(RPC.java:1025)
	at org.apache.hadoop.ipc.Server$RpcCall.run(Server.java:876)
	at org.apache.hadoop.ipc.Server$RpcCall.run(Server.java:822)
	at java.security.AccessController.doPrivileged(Native Method)
	at javax.security.auth.Subject.doAs(Subject.java:422)
	at org.apache.hadoop.security.UserGroupInformation.doAs(UserGroupInformation.java:1730)
	at org.apache.hadoop.ipc.Server$Handler.run(Server.java:2682)
2019-09-25 07:35:52,805 [IPC Server handler 0 on 43055] WARN  block.BlockManagerImpl (BlockManagerImpl.java:allocateBlock(192)) - Pipeline creation failed for type:RATIS factor:THREE. Retrying get pipelines call once.
org.apache.hadoop.hdds.scm.exceptions.SCMException: Unable to find enough nodes that meet the criteria that cannot engage in more than 5 pipelines. Nodes required: 3 Found: 0, healthy nodes count inNodeManager: 5.
	at org.apache.hadoop.hdds.scm.pipeline.PipelinePlacementPolicy.filterViableNodes(PipelinePlacementPolicy.java:149)
	at org.apache.hadoop.hdds.scm.pipeline.PipelinePlacementPolicy.chooseDatanodes(PipelinePlacementPolicy.java:172)
	at org.apache.hadoop.hdds.scm.pipeline.RatisPipelineProvider.create(RatisPipelineProvider.java:93)
	at org.apache.hadoop.hdds.scm.pipeline.PipelineFactory.create(PipelineFactory.java:58)
	at org.apache.hadoop.hdds.scm.pipeline.SCMPipelineManager.createPipeline(SCMPipelineManager.java:155)
	at org.apache.hadoop.hdds.scm.block.BlockManagerImpl.allocateBlock(BlockManagerImpl.java:190)
	at org.apache.hadoop.hdds.scm.server.SCMBlockProtocolServer.allocateBlock(SCMBlockProtocolServer.java:182)
	at org.apache.hadoop.ozone.protocolPB.ScmBlockLocationProtocolServerSideTranslatorPB.allocateScmBlock(ScmBlockLocationProtocolServerSideTranslatorPB.java:183)
	at org.apache.hadoop.ozone.protocolPB.ScmBlockLocationProtocolServerSideTranslatorPB.processMessage(ScmBlockLocationProtocolServerSideTranslatorPB.java:141)
	at org.apache.hadoop.ozone.protocolPB.ScmBlockLocationProtocolServerSideTranslatorPB.send(ScmBlockLocationProtocolServerSideTranslatorPB.java:116)
	at org.apache.hadoop.hdds.protocol.proto.ScmBlockLocationProtocolProtos$ScmBlockLocationProtocolService$2.callBlockingMethod(ScmBlockLocationProtocolProtos.java:13157)
	at org.apache.hadoop.ipc.ProtobufRpcEngine$Server$ProtoBufRpcInvoker.call(ProtobufRpcEngine.java:524)
	at org.apache.hadoop.ipc.RPC$Server.call(RPC.java:1025)
	at org.apache.hadoop.ipc.Server$RpcCall.run(Server.java:876)
	at org.apache.hadoop.ipc.Server$RpcCall.run(Server.java:822)
	at java.security.AccessController.doPrivileged(Native Method)
	at javax.security.auth.Subject.doAs(Subject.java:422)
	at org.apache.hadoop.security.UserGroupInformation.doAs(UserGroupInformation.java:1730)
	at org.apache.hadoop.ipc.Server$Handler.run(Server.java:2682)
2019-09-25 07:35:52,806 [IPC Server handler 0 on 43055] INFO  block.BlockManagerImpl (BlockManagerImpl.java:allocateBlock(198)) - Could not find available pipeline of type:RATIS and factor:THREE even after retrying
2019-09-25 07:35:52,806 [IPC Server handler 0 on 43055] ERROR block.BlockManagerImpl (BlockManagerImpl.java:allocateBlock(222)) - Unable to allocate a block for the size: 4194304, type: RATIS, factor: THREE
2019-09-25 07:35:52,806 [IPC Server handler 0 on 43055] INFO  pipeline.PipelinePlacementPolicy (PipelinePlacementPolicy.java:meetCriteria(91)) - Pipeline Placement: can't place more pipeline on heavy datanode： 89512cd3-5215-493c-9626-f8bc005210a2 Heaviness: 6 limit: 5
2019-09-25 07:35:52,806 [IPC Server handler 0 on 43055] INFO  pipeline.PipelinePlacementPolicy (PipelinePlacementPolicy.java:meetCriteria(91)) - Pipeline Placement: can't place more pipeline on heavy datanode： 0a03bc5e-b15f-4537-941b-10259ace1437 Heaviness: 6 limit: 5
2019-09-25 07:35:52,807 [IPC Server handler 0 on 43055] INFO  pipeline.PipelinePlacementPolicy (PipelinePlacementPolicy.java:meetCriteria(91)) - Pipeline Placement: can't place more pipeline on heavy datanode： c3cf7509-27e8-499f-a871-32281ced9221 Heaviness: 6 limit: 5
2019-09-25 07:35:52,807 [IPC Server handler 0 on 43055] INFO  pipeline.PipelinePlacementPolicy (PipelinePlacementPolicy.java:meetCriteria(91)) - Pipeline Placement: can't place more pipeline on heavy datanode： 4f9c9097-af28-4e92-8dab-50853da08db1 Heaviness: 6 limit: 5
2019-09-25 07:35:52,807 [IPC Server handler 0 on 43055] INFO  pipeline.PipelinePlacementPolicy (PipelinePlacementPolicy.java:meetCriteria(91)) - Pipeline Placement: can't place more pipeline on heavy datanode： 20eeef1f-c0de-4bb7-8f99-fe21c95fed30 Heaviness: 6 limit: 5
2019-09-25 07:35:52,807 [IPC Server handler 0 on 43055] ERROR pipeline.PipelinePlacementPolicy (PipelinePlacementPolicy.java:filterViableNodes(148)) - Unable to find enough nodes that meet the criteria that cannot engage in more than 5 pipelines. Nodes required: 3 Found: 0, healthy nodes count inNodeManager: 5.
2019-09-25 07:35:52,807 [IPC Server handler 0 on 43055] ERROR pipeline.SCMPipelineManager (SCMPipelineManager.java:createPipeline(167)) - Pipeline creation failed.
org.apache.hadoop.hdds.scm.exceptions.SCMException: Unable to find enough nodes that meet the criteria that cannot engage in more than 5 pipelines. Nodes required: 3 Found: 0, healthy nodes count inNodeManager: 5.
	at org.apache.hadoop.hdds.scm.pipeline.PipelinePlacementPolicy.filterViableNodes(PipelinePlacementPolicy.java:149)
	at org.apache.hadoop.hdds.scm.pipeline.PipelinePlacementPolicy.chooseDatanodes(PipelinePlacementPolicy.java:172)
	at org.apache.hadoop.hdds.scm.pipeline.RatisPipelineProvider.create(RatisPipelineProvider.java:93)
	at org.apache.hadoop.hdds.scm.pipeline.PipelineFactory.create(PipelineFactory.java:58)
	at org.apache.hadoop.hdds.scm.pipeline.SCMPipelineManager.createPipeline(SCMPipelineManager.java:155)
	at org.apache.hadoop.hdds.scm.block.BlockManagerImpl.allocateBlock(BlockManagerImpl.java:190)
	at org.apache.hadoop.hdds.scm.server.SCMBlockProtocolServer.allocateBlock(SCMBlockProtocolServer.java:182)
	at org.apache.hadoop.ozone.protocolPB.ScmBlockLocationProtocolServerSideTranslatorPB.allocateScmBlock(ScmBlockLocationProtocolServerSideTranslatorPB.java:183)
	at org.apache.hadoop.ozone.protocolPB.ScmBlockLocationProtocolServerSideTranslatorPB.processMessage(ScmBlockLocationProtocolServerSideTranslatorPB.java:141)
	at org.apache.hadoop.ozone.protocolPB.ScmBlockLocationProtocolServerSideTranslatorPB.send(ScmBlockLocationProtocolServerSideTranslatorPB.java:116)
	at org.apache.hadoop.hdds.protocol.proto.ScmBlockLocationProtocolProtos$ScmBlockLocationProtocolService$2.callBlockingMethod(ScmBlockLocationProtocolProtos.java:13157)
	at org.apache.hadoop.ipc.ProtobufRpcEngine$Server$ProtoBufRpcInvoker.call(ProtobufRpcEngine.java:524)
	at org.apache.hadoop.ipc.RPC$Server.call(RPC.java:1025)
	at org.apache.hadoop.ipc.Server$RpcCall.run(Server.java:876)
	at org.apache.hadoop.ipc.Server$RpcCall.run(Server.java:822)
	at java.security.AccessController.doPrivileged(Native Method)
	at javax.security.auth.Subject.doAs(Subject.java:422)
	at org.apache.hadoop.security.UserGroupInformation.doAs(UserGroupInformation.java:1730)
	at org.apache.hadoop.ipc.Server$Handler.run(Server.java:2682)
2019-09-25 07:35:52,808 [IPC Server handler 0 on 43055] WARN  block.BlockManagerImpl (BlockManagerImpl.java:allocateBlock(192)) - Pipeline creation failed for type:RATIS factor:THREE. Retrying get pipelines call once.
org.apache.hadoop.hdds.scm.exceptions.SCMException: Unable to find enough nodes that meet the criteria that cannot engage in more than 5 pipelines. Nodes required: 3 Found: 0, healthy nodes count inNodeManager: 5.
	at org.apache.hadoop.hdds.scm.pipeline.PipelinePlacementPolicy.filterViableNodes(PipelinePlacementPolicy.java:149)
	at org.apache.hadoop.hdds.scm.pipeline.PipelinePlacementPolicy.chooseDatanodes(PipelinePlacementPolicy.java:172)
	at org.apache.hadoop.hdds.scm.pipeline.RatisPipelineProvider.create(RatisPipelineProvider.java:93)
	at org.apache.hadoop.hdds.scm.pipeline.PipelineFactory.create(PipelineFactory.java:58)
	at org.apache.hadoop.hdds.scm.pipeline.SCMPipelineManager.createPipeline(SCMPipelineManager.java:155)
	at org.apache.hadoop.hdds.scm.block.BlockManagerImpl.allocateBlock(BlockManagerImpl.java:190)
	at org.apache.hadoop.hdds.scm.server.SCMBlockProtocolServer.allocateBlock(SCMBlockProtocolServer.java:182)
	at org.apache.hadoop.ozone.protocolPB.ScmBlockLocationProtocolServerSideTranslatorPB.allocateScmBlock(ScmBlockLocationProtocolServerSideTranslatorPB.java:183)
	at org.apache.hadoop.ozone.protocolPB.ScmBlockLocationProtocolServerSideTranslatorPB.processMessage(ScmBlockLocationProtocolServerSideTranslatorPB.java:141)
	at org.apache.hadoop.ozone.protocolPB.ScmBlockLocationProtocolServerSideTranslatorPB.send(ScmBlockLocationProtocolServerSideTranslatorPB.java:116)
	at org.apache.hadoop.hdds.protocol.proto.ScmBlockLocationProtocolProtos$ScmBlockLocationProtocolService$2.callBlockingMethod(ScmBlockLocationProtocolProtos.java:13157)
	at org.apache.hadoop.ipc.ProtobufRpcEngine$Server$ProtoBufRpcInvoker.call(ProtobufRpcEngine.java:524)
	at org.apache.hadoop.ipc.RPC$Server.call(RPC.java:1025)
	at org.apache.hadoop.ipc.Server$RpcCall.run(Server.java:876)
	at org.apache.hadoop.ipc.Server$RpcCall.run(Server.java:822)
	at java.security.AccessController.doPrivileged(Native Method)
	at javax.security.auth.Subject.doAs(Subject.java:422)
	at org.apache.hadoop.security.UserGroupInformation.doAs(UserGroupInformation.java:1730)
	at org.apache.hadoop.ipc.Server$Handler.run(Server.java:2682)
2019-09-25 07:35:52,808 [IPC Server handler 0 on 43055] INFO  block.BlockManagerImpl (BlockManagerImpl.java:allocateBlock(198)) - Could not find available pipeline of type:RATIS and factor:THREE even after retrying
2019-09-25 07:35:52,808 [IPC Server handler 0 on 43055] ERROR block.BlockManagerImpl (BlockManagerImpl.java:allocateBlock(222)) - Unable to allocate a block for the size: 4194304, type: RATIS, factor: THREE
2019-09-25 07:35:52,809 [IPC Server handler 0 on 43055] INFO  pipeline.PipelinePlacementPolicy (PipelinePlacementPolicy.java:meetCriteria(91)) - Pipeline Placement: can't place more pipeline on heavy datanode： 89512cd3-5215-493c-9626-f8bc005210a2 Heaviness: 6 limit: 5
2019-09-25 07:35:52,809 [IPC Server handler 0 on 43055] INFO  pipeline.PipelinePlacementPolicy (PipelinePlacementPolicy.java:meetCriteria(91)) - Pipeline Placement: can't place more pipeline on heavy datanode： 0a03bc5e-b15f-4537-941b-10259ace1437 Heaviness: 6 limit: 5
2019-09-25 07:35:52,809 [IPC Server handler 0 on 43055] INFO  pipeline.PipelinePlacementPolicy (PipelinePlacementPolicy.java:meetCriteria(91)) - Pipeline Placement: can't place more pipeline on heavy datanode： c3cf7509-27e8-499f-a871-32281ced9221 Heaviness: 6 limit: 5
2019-09-25 07:35:52,809 [IPC Server handler 0 on 43055] INFO  pipeline.PipelinePlacementPolicy (PipelinePlacementPolicy.java:meetCriteria(91)) - Pipeline Placement: can't place more pipeline on heavy datanode： 4f9c9097-af28-4e92-8dab-50853da08db1 Heaviness: 6 limit: 5
2019-09-25 07:35:52,809 [IPC Server handler 0 on 43055] INFO  pipeline.PipelinePlacementPolicy (PipelinePlacementPolicy.java:meetCriteria(91)) - Pipeline Placement: can't place more pipeline on heavy datanode： 20eeef1f-c0de-4bb7-8f99-fe21c95fed30 Heaviness: 6 limit: 5
2019-09-25 07:35:52,809 [IPC Server handler 0 on 43055] ERROR pipeline.PipelinePlacementPolicy (PipelinePlacementPolicy.java:filterViableNodes(148)) - Unable to find enough nodes that meet the criteria that cannot engage in more than 5 pipelines. Nodes required: 3 Found: 0, healthy nodes count inNodeManager: 5.
2019-09-25 07:35:52,810 [IPC Server handler 0 on 43055] ERROR pipeline.SCMPipelineManager (SCMPipelineManager.java:createPipeline(167)) - Pipeline creation failed.
org.apache.hadoop.hdds.scm.exceptions.SCMException: Unable to find enough nodes that meet the criteria that cannot engage in more than 5 pipelines. Nodes required: 3 Found: 0, healthy nodes count inNodeManager: 5.
	at org.apache.hadoop.hdds.scm.pipeline.PipelinePlacementPolicy.filterViableNodes(PipelinePlacementPolicy.java:149)
	at org.apache.hadoop.hdds.scm.pipeline.PipelinePlacementPolicy.chooseDatanodes(PipelinePlacementPolicy.java:172)
	at org.apache.hadoop.hdds.scm.pipeline.RatisPipelineProvider.create(RatisPipelineProvider.java:93)
	at org.apache.hadoop.hdds.scm.pipeline.PipelineFactory.create(PipelineFactory.java:58)
	at org.apache.hadoop.hdds.scm.pipeline.SCMPipelineManager.createPipeline(SCMPipelineManager.java:155)
	at org.apache.hadoop.hdds.scm.block.BlockManagerImpl.allocateBlock(BlockManagerImpl.java:190)
	at org.apache.hadoop.hdds.scm.server.SCMBlockProtocolServer.allocateBlock(SCMBlockProtocolServer.java:182)
	at org.apache.hadoop.ozone.protocolPB.ScmBlockLocationProtocolServerSideTranslatorPB.allocateScmBlock(ScmBlockLocationProtocolServerSideTranslatorPB.java:183)
	at org.apache.hadoop.ozone.protocolPB.ScmBlockLocationProtocolServerSideTranslatorPB.processMessage(ScmBlockLocationProtocolServerSideTranslatorPB.java:141)
	at org.apache.hadoop.ozone.protocolPB.ScmBlockLocationProtocolServerSideTranslatorPB.send(ScmBlockLocationProtocolServerSideTranslatorPB.java:116)
	at org.apache.hadoop.hdds.protocol.proto.ScmBlockLocationProtocolProtos$ScmBlockLocationProtocolService$2.callBlockingMethod(ScmBlockLocationProtocolProtos.java:13157)
	at org.apache.hadoop.ipc.ProtobufRpcEngine$Server$ProtoBufRpcInvoker.call(ProtobufRpcEngine.java:524)
	at org.apache.hadoop.ipc.RPC$Server.call(RPC.java:1025)
	at org.apache.hadoop.ipc.Server$RpcCall.run(Server.java:876)
	at org.apache.hadoop.ipc.Server$RpcCall.run(Server.java:822)
	at java.security.AccessController.doPrivileged(Native Method)
	at javax.security.auth.Subject.doAs(Subject.java:422)
	at org.apache.hadoop.security.UserGroupInformation.doAs(UserGroupInformation.java:1730)
	at org.apache.hadoop.ipc.Server$Handler.run(Server.java:2682)
2019-09-25 07:35:52,810 [IPC Server handler 0 on 43055] WARN  block.BlockManagerImpl (BlockManagerImpl.java:allocateBlock(192)) - Pipeline creation failed for type:RATIS factor:THREE. Retrying get pipelines call once.
org.apache.hadoop.hdds.scm.exceptions.SCMException: Unable to find enough nodes that meet the criteria that cannot engage in more than 5 pipelines. Nodes required: 3 Found: 0, healthy nodes count inNodeManager: 5.
	at org.apache.hadoop.hdds.scm.pipeline.PipelinePlacementPolicy.filterViableNodes(PipelinePlacementPolicy.java:149)
	at org.apache.hadoop.hdds.scm.pipeline.PipelinePlacementPolicy.chooseDatanodes(PipelinePlacementPolicy.java:172)
	at org.apache.hadoop.hdds.scm.pipeline.RatisPipelineProvider.create(RatisPipelineProvider.java:93)
	at org.apache.hadoop.hdds.scm.pipeline.PipelineFactory.create(PipelineFactory.java:58)
	at org.apache.hadoop.hdds.scm.pipeline.SCMPipelineManager.createPipeline(SCMPipelineManager.java:155)
	at org.apache.hadoop.hdds.scm.block.BlockManagerImpl.allocateBlock(BlockManagerImpl.java:190)
	at org.apache.hadoop.hdds.scm.server.SCMBlockProtocolServer.allocateBlock(SCMBlockProtocolServer.java:182)
	at org.apache.hadoop.ozone.protocolPB.ScmBlockLocationProtocolServerSideTranslatorPB.allocateScmBlock(ScmBlockLocationProtocolServerSideTranslatorPB.java:183)
	at org.apache.hadoop.ozone.protocolPB.ScmBlockLocationProtocolServerSideTranslatorPB.processMessage(ScmBlockLocationProtocolServerSideTranslatorPB.java:141)
	at org.apache.hadoop.ozone.protocolPB.ScmBlockLocationProtocolServerSideTranslatorPB.send(ScmBlockLocationProtocolServerSideTranslatorPB.java:116)
	at org.apache.hadoop.hdds.protocol.proto.ScmBlockLocationProtocolProtos$ScmBlockLocationProtocolService$2.callBlockingMethod(ScmBlockLocationProtocolProtos.java:13157)
	at org.apache.hadoop.ipc.ProtobufRpcEngine$Server$ProtoBufRpcInvoker.call(ProtobufRpcEngine.java:524)
	at org.apache.hadoop.ipc.RPC$Server.call(RPC.java:1025)
	at org.apache.hadoop.ipc.Server$RpcCall.run(Server.java:876)
	at org.apache.hadoop.ipc.Server$RpcCall.run(Server.java:822)
	at java.security.AccessController.doPrivileged(Native Method)
	at javax.security.auth.Subject.doAs(Subject.java:422)
	at org.apache.hadoop.security.UserGroupInformation.doAs(UserGroupInformation.java:1730)
	at org.apache.hadoop.ipc.Server$Handler.run(Server.java:2682)
2019-09-25 07:35:52,810 [IPC Server handler 0 on 43055] INFO  block.BlockManagerImpl (BlockManagerImpl.java:allocateBlock(198)) - Could not find available pipeline of type:RATIS and factor:THREE even after retrying
2019-09-25 07:35:52,811 [IPC Server handler 0 on 43055] ERROR block.BlockManagerImpl (BlockManagerImpl.java:allocateBlock(222)) - Unable to allocate a block for the size: 4194304, type: RATIS, factor: THREE
2019-09-25 07:35:52,812 [pool-74-thread-3] ERROR freon.RandomKeyGenerator (RandomKeyGenerator.java:createKey(733)) - Exception while adding key: key-0-33070 in bucket: bucket-0-71767 of volume: vol-0-07792.
INTERNAL_ERROR org.apache.hadoop.ozone.om.exceptions.OMException: Allocated 0 blocks. Requested 5 blocks
	at org.apache.hadoop.ozone.om.protocolPB.OzoneManagerProtocolClientSideTranslatorPB.handleError(OzoneManagerProtocolClientSideTranslatorPB.java:732)
	at org.apache.hadoop.ozone.om.protocolPB.OzoneManagerProtocolClientSideTranslatorPB.openKey(OzoneManagerProtocolClientSideTranslatorPB.java:723)
	at sun.reflect.NativeMethodAccessorImpl.invoke0(Native Method)
	at sun.reflect.NativeMethodAccessorImpl.invoke(NativeMethodAccessorImpl.java:62)
	at sun.reflect.DelegatingMethodAccessorImpl.invoke(DelegatingMethodAccessorImpl.java:43)
	at java.lang.reflect.Method.invoke(Method.java:498)
	at org.apache.hadoop.hdds.tracing.TraceAllMethod.invoke(TraceAllMethod.java:66)
	at com.sun.proxy.$Proxy37.openKey(Unknown Source)
	at org.apache.hadoop.ozone.client.rpc.RpcClient.createKey(RpcClient.java:614)
	at org.apache.hadoop.ozone.client.OzoneBucket.createKey(OzoneBucket.java:325)
	at org.apache.hadoop.ozone.freon.RandomKeyGenerator.createKey(RandomKeyGenerator.java:695)
	at org.apache.hadoop.ozone.freon.RandomKeyGenerator.access$1100(RandomKeyGenerator.java:88)
	at org.apache.hadoop.ozone.freon.RandomKeyGenerator$ObjectCreator.run(RandomKeyGenerator.java:615)
	at java.util.concurrent.Executors$RunnableAdapter.call(Executors.java:511)
	at java.util.concurrent.FutureTask.run(FutureTask.java:266)
	at java.util.concurrent.ThreadPoolExecutor.runWorker(ThreadPoolExecutor.java:1149)
	at java.util.concurrent.ThreadPoolExecutor$Worker.run(ThreadPoolExecutor.java:624)
	at java.lang.Thread.run(Thread.java:748)
 0.00% |█                                                                                                    |  0/1 Time: 0:00:01 0.00% |█                                                                                                    |  0/1 Time: 0:00:02 0.00% |█                                                                                                    |  0/1 Time: 0:00:03 0.00% |█                                                                                                    |  0/1 Time: 0:00:04 100.00% |█████████████████████████████████████████████████████████████████████████████████████████████████████|  1/1 Time: 0:00:05
]]></system-out>
  </testcase>
  <testcase name="validateWriteTest" classname="org.apache.hadoop.ozone.freon.TestDataValidateWithSafeByteOperations" time="10.029">
    <error message="Allocated 0 blocks. Requested 1 blocks" type="INTERNAL_ERROR org.apache.hadoop.ozone.om.exceptions.OMException">INTERNAL_ERROR org.apache.hadoop.ozone.om.exceptions.OMException: Allocated 0 blocks. Requested 1 blocks
	at org.apache.hadoop.ozone.om.protocolPB.OzoneManagerProtocolClientSideTranslatorPB.handleError(OzoneManagerProtocolClientSideTranslatorPB.java:732)
	at org.apache.hadoop.ozone.om.protocolPB.OzoneManagerProtocolClientSideTranslatorPB.openKey(OzoneManagerProtocolClientSideTranslatorPB.java:723)
	at sun.reflect.NativeMethodAccessorImpl.invoke0(Native Method)
	at sun.reflect.NativeMethodAccessorImpl.invoke(NativeMethodAccessorImpl.java:62)
	at sun.reflect.DelegatingMethodAccessorImpl.invoke(DelegatingMethodAccessorImpl.java:43)
	at java.lang.reflect.Method.invoke(Method.java:498)
	at org.apache.hadoop.hdds.tracing.TraceAllMethod.invoke(TraceAllMethod.java:66)
	at com.sun.proxy.$Proxy37.openKey(Unknown Source)
	at org.apache.hadoop.ozone.client.rpc.RpcClient.createKey(RpcClient.java:614)
	at org.apache.hadoop.ozone.client.OzoneBucket.createKey(OzoneBucket.java:325)
	at org.apache.hadoop.ozone.freon.RandomKeyGenerator.createKey(RandomKeyGenerator.java:695)
	at org.apache.hadoop.ozone.freon.RandomKeyGenerator.access$1100(RandomKeyGenerator.java:88)
	at org.apache.hadoop.ozone.freon.RandomKeyGenerator$ObjectCreator.run(RandomKeyGenerator.java:615)
	at java.util.concurrent.Executors$RunnableAdapter.call(Executors.java:511)
	at java.util.concurrent.FutureTask.run(FutureTask.java:266)
	at java.util.concurrent.ThreadPoolExecutor.runWorker(ThreadPoolExecutor.java:1149)
	at java.util.concurrent.ThreadPoolExecutor$Worker.run(ThreadPoolExecutor.java:624)
	at java.lang.Thread.run(Thread.java:748)
</error>
    <system-out><![CDATA[2019-09-25 07:36:02,789 [main] INFO  freon.RandomKeyGenerator (RandomKeyGenerator.java:call(283)) - Number of Threads: 10
2019-09-25 07:36:02,789 [main] INFO  freon.RandomKeyGenerator (RandomKeyGenerator.java:call(288)) - Number of Volumes: 2.
2019-09-25 07:36:02,789 [main] INFO  freon.RandomKeyGenerator (RandomKeyGenerator.java:call(289)) - Number of Buckets per Volume: 5.
2019-09-25 07:36:02,789 [main] INFO  freon.RandomKeyGenerator (RandomKeyGenerator.java:call(290)) - Number of Keys per Bucket: 10.
2019-09-25 07:36:02,790 [main] INFO  freon.RandomKeyGenerator (RandomKeyGenerator.java:call(291)) - Key size: 10240 bytes
2019-09-25 07:36:02,790 [main] INFO  freon.RandomKeyGenerator (RandomKeyGenerator.java:call(292)) - Buffer size: 4096 bytes
2019-09-25 07:36:02,790 [main] INFO  freon.RandomKeyGenerator (RandomKeyGenerator.java:call(293)) - validateWrites : true
2019-09-25 07:36:02,791 [pool-75-thread-1] INFO  rpc.RpcClient (RpcClient.java:createVolume(276)) - Creating Volume: vol-0-55439, with jenkins1000 as owner.
2019-09-25 07:36:02,791 [pool-75-thread-2] INFO  rpc.RpcClient (RpcClient.java:createVolume(276)) - Creating Volume: vol-1-68026, with jenkins1000 as owner.
2019-09-25 07:36:02,794 [main] INFO  freon.RandomKeyGenerator (RandomKeyGenerator.java:call(307)) - Data validation is enabled.
2019-09-25 07:36:02,794 [main] INFO  freon.RandomKeyGenerator (RandomKeyGenerator.java:call(313)) - Starting progress bar Thread.

 0.00% |█                                                                                                    |  0/100 Time: 0:00:002019-09-25 07:36:02,797 [IPC Server handler 9 on 40963] INFO  volume.OMVolumeCreateRequest (OMVolumeCreateRequest.java:validateAndUpdateCache(189)) - created volume:vol-0-55439 for user:jenkins1000
2019-09-25 07:36:02,807 [pool-75-thread-1] INFO  rpc.RpcClient (RpcClient.java:createBucket(415)) - Creating Bucket: vol-0-55439/bucket-4-55102, with Versioning false and Storage Type set to DISK and Encryption set to false 
2019-09-25 07:36:02,807 [pool-75-thread-9] INFO  rpc.RpcClient (RpcClient.java:createBucket(415)) - Creating Bucket: vol-0-55439/bucket-3-22968, with Versioning false and Storage Type set to DISK and Encryption set to false 
2019-09-25 07:36:02,807 [IPC Server handler 5 on 40963] INFO  volume.OMVolumeCreateRequest (OMVolumeCreateRequest.java:validateAndUpdateCache(189)) - created volume:vol-1-68026 for user:jenkins1000
2019-09-25 07:36:02,810 [pool-75-thread-2] INFO  rpc.RpcClient (RpcClient.java:createBucket(415)) - Creating Bucket: vol-1-68026/bucket-4-50474, with Versioning false and Storage Type set to DISK and Encryption set to false 
2019-09-25 07:36:02,811 [pool-75-thread-3] INFO  rpc.RpcClient (RpcClient.java:createBucket(415)) - Creating Bucket: vol-0-55439/bucket-0-44683, with Versioning false and Storage Type set to DISK and Encryption set to false 
2019-09-25 07:36:02,812 [pool-75-thread-4] INFO  rpc.RpcClient (RpcClient.java:createBucket(415)) - Creating Bucket: vol-1-68026/bucket-0-70239, with Versioning false and Storage Type set to DISK and Encryption set to false 
2019-09-25 07:36:02,812 [pool-75-thread-5] INFO  rpc.RpcClient (RpcClient.java:createBucket(415)) - Creating Bucket: vol-0-55439/bucket-1-21529, with Versioning false and Storage Type set to DISK and Encryption set to false 
2019-09-25 07:36:02,812 [pool-75-thread-6] INFO  rpc.RpcClient (RpcClient.java:createBucket(415)) - Creating Bucket: vol-1-68026/bucket-1-39122, with Versioning false and Storage Type set to DISK and Encryption set to false 
2019-09-25 07:36:02,812 [pool-75-thread-8] INFO  rpc.RpcClient (RpcClient.java:createBucket(415)) - Creating Bucket: vol-1-68026/bucket-2-03370, with Versioning false and Storage Type set to DISK and Encryption set to false 
2019-09-25 07:36:02,812 [pool-75-thread-7] INFO  rpc.RpcClient (RpcClient.java:createBucket(415)) - Creating Bucket: vol-0-55439/bucket-2-81800, with Versioning false and Storage Type set to DISK and Encryption set to false 
2019-09-25 07:36:02,818 [pool-75-thread-10] INFO  rpc.RpcClient (RpcClient.java:createBucket(415)) - Creating Bucket: vol-1-68026/bucket-3-41149, with Versioning false and Storage Type set to DISK and Encryption set to false 
2019-09-25 07:36:02,851 [IPC Server handler 4 on 43055] INFO  pipeline.PipelinePlacementPolicy (PipelinePlacementPolicy.java:meetCriteria(91)) - Pipeline Placement: can't place more pipeline on heavy datanode： 89512cd3-5215-493c-9626-f8bc005210a2 Heaviness: 6 limit: 5
2019-09-25 07:36:02,851 [IPC Server handler 4 on 43055] INFO  pipeline.PipelinePlacementPolicy (PipelinePlacementPolicy.java:meetCriteria(91)) - Pipeline Placement: can't place more pipeline on heavy datanode： 0a03bc5e-b15f-4537-941b-10259ace1437 Heaviness: 6 limit: 5
2019-09-25 07:36:02,851 [IPC Server handler 4 on 43055] INFO  pipeline.PipelinePlacementPolicy (PipelinePlacementPolicy.java:meetCriteria(91)) - Pipeline Placement: can't place more pipeline on heavy datanode： c3cf7509-27e8-499f-a871-32281ced9221 Heaviness: 6 limit: 5
2019-09-25 07:36:02,851 [IPC Server handler 4 on 43055] INFO  pipeline.PipelinePlacementPolicy (PipelinePlacementPolicy.java:meetCriteria(91)) - Pipeline Placement: can't place more pipeline on heavy datanode： 4f9c9097-af28-4e92-8dab-50853da08db1 Heaviness: 6 limit: 5
2019-09-25 07:36:02,852 [IPC Server handler 4 on 43055] INFO  pipeline.PipelinePlacementPolicy (PipelinePlacementPolicy.java:meetCriteria(91)) - Pipeline Placement: can't place more pipeline on heavy datanode： 20eeef1f-c0de-4bb7-8f99-fe21c95fed30 Heaviness: 6 limit: 5
2019-09-25 07:36:02,852 [IPC Server handler 4 on 43055] ERROR pipeline.PipelinePlacementPolicy (PipelinePlacementPolicy.java:filterViableNodes(148)) - Unable to find enough nodes that meet the criteria that cannot engage in more than 5 pipelines. Nodes required: 3 Found: 0, healthy nodes count inNodeManager: 5.
2019-09-25 07:36:02,852 [IPC Server handler 4 on 43055] ERROR pipeline.SCMPipelineManager (SCMPipelineManager.java:createPipeline(167)) - Pipeline creation failed.
org.apache.hadoop.hdds.scm.exceptions.SCMException: Unable to find enough nodes that meet the criteria that cannot engage in more than 5 pipelines. Nodes required: 3 Found: 0, healthy nodes count inNodeManager: 5.
	at org.apache.hadoop.hdds.scm.pipeline.PipelinePlacementPolicy.filterViableNodes(PipelinePlacementPolicy.java:149)
	at org.apache.hadoop.hdds.scm.pipeline.PipelinePlacementPolicy.chooseDatanodes(PipelinePlacementPolicy.java:172)
	at org.apache.hadoop.hdds.scm.pipeline.RatisPipelineProvider.create(RatisPipelineProvider.java:93)
	at org.apache.hadoop.hdds.scm.pipeline.PipelineFactory.create(PipelineFactory.java:58)
	at org.apache.hadoop.hdds.scm.pipeline.SCMPipelineManager.createPipeline(SCMPipelineManager.java:155)
	at org.apache.hadoop.hdds.scm.block.BlockManagerImpl.allocateBlock(BlockManagerImpl.java:190)
	at org.apache.hadoop.hdds.scm.server.SCMBlockProtocolServer.allocateBlock(SCMBlockProtocolServer.java:182)
	at org.apache.hadoop.ozone.protocolPB.ScmBlockLocationProtocolServerSideTranslatorPB.allocateScmBlock(ScmBlockLocationProtocolServerSideTranslatorPB.java:183)
	at org.apache.hadoop.ozone.protocolPB.ScmBlockLocationProtocolServerSideTranslatorPB.processMessage(ScmBlockLocationProtocolServerSideTranslatorPB.java:141)
	at org.apache.hadoop.ozone.protocolPB.ScmBlockLocationProtocolServerSideTranslatorPB.send(ScmBlockLocationProtocolServerSideTranslatorPB.java:116)
	at org.apache.hadoop.hdds.protocol.proto.ScmBlockLocationProtocolProtos$ScmBlockLocationProtocolService$2.callBlockingMethod(ScmBlockLocationProtocolProtos.java:13157)
	at org.apache.hadoop.ipc.ProtobufRpcEngine$Server$ProtoBufRpcInvoker.call(ProtobufRpcEngine.java:524)
	at org.apache.hadoop.ipc.RPC$Server.call(RPC.java:1025)
	at org.apache.hadoop.ipc.Server$RpcCall.run(Server.java:876)
	at org.apache.hadoop.ipc.Server$RpcCall.run(Server.java:822)
	at java.security.AccessController.doPrivileged(Native Method)
	at javax.security.auth.Subject.doAs(Subject.java:422)
	at org.apache.hadoop.security.UserGroupInformation.doAs(UserGroupInformation.java:1730)
	at org.apache.hadoop.ipc.Server$Handler.run(Server.java:2682)
2019-09-25 07:36:02,852 [IPC Server handler 4 on 43055] WARN  block.BlockManagerImpl (BlockManagerImpl.java:allocateBlock(192)) - Pipeline creation failed for type:RATIS factor:THREE. Retrying get pipelines call once.
org.apache.hadoop.hdds.scm.exceptions.SCMException: Unable to find enough nodes that meet the criteria that cannot engage in more than 5 pipelines. Nodes required: 3 Found: 0, healthy nodes count inNodeManager: 5.
	at org.apache.hadoop.hdds.scm.pipeline.PipelinePlacementPolicy.filterViableNodes(PipelinePlacementPolicy.java:149)
	at org.apache.hadoop.hdds.scm.pipeline.PipelinePlacementPolicy.chooseDatanodes(PipelinePlacementPolicy.java:172)
	at org.apache.hadoop.hdds.scm.pipeline.RatisPipelineProvider.create(RatisPipelineProvider.java:93)
	at org.apache.hadoop.hdds.scm.pipeline.PipelineFactory.create(PipelineFactory.java:58)
	at org.apache.hadoop.hdds.scm.pipeline.SCMPipelineManager.createPipeline(SCMPipelineManager.java:155)
	at org.apache.hadoop.hdds.scm.block.BlockManagerImpl.allocateBlock(BlockManagerImpl.java:190)
	at org.apache.hadoop.hdds.scm.server.SCMBlockProtocolServer.allocateBlock(SCMBlockProtocolServer.java:182)
	at org.apache.hadoop.ozone.protocolPB.ScmBlockLocationProtocolServerSideTranslatorPB.allocateScmBlock(ScmBlockLocationProtocolServerSideTranslatorPB.java:183)
	at org.apache.hadoop.ozone.protocolPB.ScmBlockLocationProtocolServerSideTranslatorPB.processMessage(ScmBlockLocationProtocolServerSideTranslatorPB.java:141)
	at org.apache.hadoop.ozone.protocolPB.ScmBlockLocationProtocolServerSideTranslatorPB.send(ScmBlockLocationProtocolServerSideTranslatorPB.java:116)
	at org.apache.hadoop.hdds.protocol.proto.ScmBlockLocationProtocolProtos$ScmBlockLocationProtocolService$2.callBlockingMethod(ScmBlockLocationProtocolProtos.java:13157)
	at org.apache.hadoop.ipc.ProtobufRpcEngine$Server$ProtoBufRpcInvoker.call(ProtobufRpcEngine.java:524)
	at org.apache.hadoop.ipc.RPC$Server.call(RPC.java:1025)
	at org.apache.hadoop.ipc.Server$RpcCall.run(Server.java:876)
	at org.apache.hadoop.ipc.Server$RpcCall.run(Server.java:822)
	at java.security.AccessController.doPrivileged(Native Method)
	at javax.security.auth.Subject.doAs(Subject.java:422)
	at org.apache.hadoop.security.UserGroupInformation.doAs(UserGroupInformation.java:1730)
	at org.apache.hadoop.ipc.Server$Handler.run(Server.java:2682)
2019-09-25 07:36:02,852 [IPC Server handler 5 on 43055] INFO  pipeline.PipelinePlacementPolicy (PipelinePlacementPolicy.java:meetCriteria(91)) - Pipeline Placement: can't place more pipeline on heavy datanode： 89512cd3-5215-493c-9626-f8bc005210a2 Heaviness: 6 limit: 5
2019-09-25 07:36:02,853 [IPC Server handler 5 on 43055] INFO  pipeline.PipelinePlacementPolicy (PipelinePlacementPolicy.java:meetCriteria(91)) - Pipeline Placement: can't place more pipeline on heavy datanode： 0a03bc5e-b15f-4537-941b-10259ace1437 Heaviness: 6 limit: 5
2019-09-25 07:36:02,853 [IPC Server handler 5 on 43055] INFO  pipeline.PipelinePlacementPolicy (PipelinePlacementPolicy.java:meetCriteria(91)) - Pipeline Placement: can't place more pipeline on heavy datanode： c3cf7509-27e8-499f-a871-32281ced9221 Heaviness: 6 limit: 5
2019-09-25 07:36:02,853 [IPC Server handler 5 on 43055] INFO  pipeline.PipelinePlacementPolicy (PipelinePlacementPolicy.java:meetCriteria(91)) - Pipeline Placement: can't place more pipeline on heavy datanode： 4f9c9097-af28-4e92-8dab-50853da08db1 Heaviness: 6 limit: 5
2019-09-25 07:36:02,853 [IPC Server handler 5 on 43055] INFO  pipeline.PipelinePlacementPolicy (PipelinePlacementPolicy.java:meetCriteria(91)) - Pipeline Placement: can't place more pipeline on heavy datanode： 20eeef1f-c0de-4bb7-8f99-fe21c95fed30 Heaviness: 6 limit: 5
2019-09-25 07:36:02,853 [IPC Server handler 5 on 43055] ERROR pipeline.PipelinePlacementPolicy (PipelinePlacementPolicy.java:filterViableNodes(148)) - Unable to find enough nodes that meet the criteria that cannot engage in more than 5 pipelines. Nodes required: 3 Found: 0, healthy nodes count inNodeManager: 5.
2019-09-25 07:36:02,854 [IPC Server handler 5 on 43055] ERROR pipeline.SCMPipelineManager (SCMPipelineManager.java:createPipeline(167)) - Pipeline creation failed.
org.apache.hadoop.hdds.scm.exceptions.SCMException: Unable to find enough nodes that meet the criteria that cannot engage in more than 5 pipelines. Nodes required: 3 Found: 0, healthy nodes count inNodeManager: 5.
	at org.apache.hadoop.hdds.scm.pipeline.PipelinePlacementPolicy.filterViableNodes(PipelinePlacementPolicy.java:149)
	at org.apache.hadoop.hdds.scm.pipeline.PipelinePlacementPolicy.chooseDatanodes(PipelinePlacementPolicy.java:172)
	at org.apache.hadoop.hdds.scm.pipeline.RatisPipelineProvider.create(RatisPipelineProvider.java:93)
	at org.apache.hadoop.hdds.scm.pipeline.PipelineFactory.create(PipelineFactory.java:58)
	at org.apache.hadoop.hdds.scm.pipeline.SCMPipelineManager.createPipeline(SCMPipelineManager.java:155)
	at org.apache.hadoop.hdds.scm.block.BlockManagerImpl.allocateBlock(BlockManagerImpl.java:190)
	at org.apache.hadoop.hdds.scm.server.SCMBlockProtocolServer.allocateBlock(SCMBlockProtocolServer.java:182)
	at org.apache.hadoop.ozone.protocolPB.ScmBlockLocationProtocolServerSideTranslatorPB.allocateScmBlock(ScmBlockLocationProtocolServerSideTranslatorPB.java:183)
	at org.apache.hadoop.ozone.protocolPB.ScmBlockLocationProtocolServerSideTranslatorPB.processMessage(ScmBlockLocationProtocolServerSideTranslatorPB.java:141)
	at org.apache.hadoop.ozone.protocolPB.ScmBlockLocationProtocolServerSideTranslatorPB.send(ScmBlockLocationProtocolServerSideTranslatorPB.java:116)
	at org.apache.hadoop.hdds.protocol.proto.ScmBlockLocationProtocolProtos$ScmBlockLocationProtocolService$2.callBlockingMethod(ScmBlockLocationProtocolProtos.java:13157)
	at org.apache.hadoop.ipc.ProtobufRpcEngine$Server$ProtoBufRpcInvoker.call(ProtobufRpcEngine.java:524)
	at org.apache.hadoop.ipc.RPC$Server.call(RPC.java:1025)
	at org.apache.hadoop.ipc.Server$RpcCall.run(Server.java:876)
	at org.apache.hadoop.ipc.Server$RpcCall.run(Server.java:822)
	at java.security.AccessController.doPrivileged(Native Method)
	at javax.security.auth.Subject.doAs(Subject.java:422)
	at org.apache.hadoop.security.UserGroupInformation.doAs(UserGroupInformation.java:1730)
	at org.apache.hadoop.ipc.Server$Handler.run(Server.java:2682)
2019-09-25 07:36:02,854 [IPC Server handler 5 on 43055] WARN  block.BlockManagerImpl (BlockManagerImpl.java:allocateBlock(192)) - Pipeline creation failed for type:RATIS factor:THREE. Retrying get pipelines call once.
org.apache.hadoop.hdds.scm.exceptions.SCMException: Unable to find enough nodes that meet the criteria that cannot engage in more than 5 pipelines. Nodes required: 3 Found: 0, healthy nodes count inNodeManager: 5.
	at org.apache.hadoop.hdds.scm.pipeline.PipelinePlacementPolicy.filterViableNodes(PipelinePlacementPolicy.java:149)
	at org.apache.hadoop.hdds.scm.pipeline.PipelinePlacementPolicy.chooseDatanodes(PipelinePlacementPolicy.java:172)
	at org.apache.hadoop.hdds.scm.pipeline.RatisPipelineProvider.create(RatisPipelineProvider.java:93)
	at org.apache.hadoop.hdds.scm.pipeline.PipelineFactory.create(PipelineFactory.java:58)
	at org.apache.hadoop.hdds.scm.pipeline.SCMPipelineManager.createPipeline(SCMPipelineManager.java:155)
	at org.apache.hadoop.hdds.scm.block.BlockManagerImpl.allocateBlock(BlockManagerImpl.java:190)
	at org.apache.hadoop.hdds.scm.server.SCMBlockProtocolServer.allocateBlock(SCMBlockProtocolServer.java:182)
	at org.apache.hadoop.ozone.protocolPB.ScmBlockLocationProtocolServerSideTranslatorPB.allocateScmBlock(ScmBlockLocationProtocolServerSideTranslatorPB.java:183)
	at org.apache.hadoop.ozone.protocolPB.ScmBlockLocationProtocolServerSideTranslatorPB.processMessage(ScmBlockLocationProtocolServerSideTranslatorPB.java:141)
	at org.apache.hadoop.ozone.protocolPB.ScmBlockLocationProtocolServerSideTranslatorPB.send(ScmBlockLocationProtocolServerSideTranslatorPB.java:116)
	at org.apache.hadoop.hdds.protocol.proto.ScmBlockLocationProtocolProtos$ScmBlockLocationProtocolService$2.callBlockingMethod(ScmBlockLocationProtocolProtos.java:13157)
	at org.apache.hadoop.ipc.ProtobufRpcEngine$Server$ProtoBufRpcInvoker.call(ProtobufRpcEngine.java:524)
	at org.apache.hadoop.ipc.RPC$Server.call(RPC.java:1025)
	at org.apache.hadoop.ipc.Server$RpcCall.run(Server.java:876)
	at org.apache.hadoop.ipc.Server$RpcCall.run(Server.java:822)
	at java.security.AccessController.doPrivileged(Native Method)
	at javax.security.auth.Subject.doAs(Subject.java:422)
	at org.apache.hadoop.security.UserGroupInformation.doAs(UserGroupInformation.java:1730)
	at org.apache.hadoop.ipc.Server$Handler.run(Server.java:2682)
2019-09-25 07:36:02,854 [IPC Server handler 4 on 43055] INFO  block.BlockManagerImpl (BlockManagerImpl.java:allocateBlock(198)) - Could not find available pipeline of type:RATIS and factor:THREE even after retrying
2019-09-25 07:36:02,854 [IPC Server handler 2 on 43055] INFO  pipeline.PipelinePlacementPolicy (PipelinePlacementPolicy.java:meetCriteria(91)) - Pipeline Placement: can't place more pipeline on heavy datanode： 89512cd3-5215-493c-9626-f8bc005210a2 Heaviness: 6 limit: 5
2019-09-25 07:36:02,854 [IPC Server handler 4 on 43055] ERROR block.BlockManagerImpl (BlockManagerImpl.java:allocateBlock(222)) - Unable to allocate a block for the size: 4194304, type: RATIS, factor: THREE
2019-09-25 07:36:02,855 [IPC Server handler 2 on 43055] INFO  pipeline.PipelinePlacementPolicy (PipelinePlacementPolicy.java:meetCriteria(91)) - Pipeline Placement: can't place more pipeline on heavy datanode： 0a03bc5e-b15f-4537-941b-10259ace1437 Heaviness: 6 limit: 5
2019-09-25 07:36:02,855 [IPC Server handler 2 on 43055] INFO  pipeline.PipelinePlacementPolicy (PipelinePlacementPolicy.java:meetCriteria(91)) - Pipeline Placement: can't place more pipeline on heavy datanode： c3cf7509-27e8-499f-a871-32281ced9221 Heaviness: 6 limit: 5
2019-09-25 07:36:02,855 [IPC Server handler 2 on 43055] INFO  pipeline.PipelinePlacementPolicy (PipelinePlacementPolicy.java:meetCriteria(91)) - Pipeline Placement: can't place more pipeline on heavy datanode： 4f9c9097-af28-4e92-8dab-50853da08db1 Heaviness: 6 limit: 5
2019-09-25 07:36:02,855 [IPC Server handler 2 on 43055] INFO  pipeline.PipelinePlacementPolicy (PipelinePlacementPolicy.java:meetCriteria(91)) - Pipeline Placement: can't place more pipeline on heavy datanode： 20eeef1f-c0de-4bb7-8f99-fe21c95fed30 Heaviness: 6 limit: 5
2019-09-25 07:36:02,855 [IPC Server handler 2 on 43055] ERROR pipeline.PipelinePlacementPolicy (PipelinePlacementPolicy.java:filterViableNodes(148)) - Unable to find enough nodes that meet the criteria that cannot engage in more than 5 pipelines. Nodes required: 3 Found: 0, healthy nodes count inNodeManager: 5.
2019-09-25 07:36:02,856 [IPC Server handler 2 on 43055] ERROR pipeline.SCMPipelineManager (SCMPipelineManager.java:createPipeline(167)) - Pipeline creation failed.
org.apache.hadoop.hdds.scm.exceptions.SCMException: Unable to find enough nodes that meet the criteria that cannot engage in more than 5 pipelines. Nodes required: 3 Found: 0, healthy nodes count inNodeManager: 5.
	at org.apache.hadoop.hdds.scm.pipeline.PipelinePlacementPolicy.filterViableNodes(PipelinePlacementPolicy.java:149)
	at org.apache.hadoop.hdds.scm.pipeline.PipelinePlacementPolicy.chooseDatanodes(PipelinePlacementPolicy.java:172)
	at org.apache.hadoop.hdds.scm.pipeline.RatisPipelineProvider.create(RatisPipelineProvider.java:93)
	at org.apache.hadoop.hdds.scm.pipeline.PipelineFactory.create(PipelineFactory.java:58)
	at org.apache.hadoop.hdds.scm.pipeline.SCMPipelineManager.createPipeline(SCMPipelineManager.java:155)
	at org.apache.hadoop.hdds.scm.block.BlockManagerImpl.allocateBlock(BlockManagerImpl.java:190)
	at org.apache.hadoop.hdds.scm.server.SCMBlockProtocolServer.allocateBlock(SCMBlockProtocolServer.java:182)
	at org.apache.hadoop.ozone.protocolPB.ScmBlockLocationProtocolServerSideTranslatorPB.allocateScmBlock(ScmBlockLocationProtocolServerSideTranslatorPB.java:183)
	at org.apache.hadoop.ozone.protocolPB.ScmBlockLocationProtocolServerSideTranslatorPB.processMessage(ScmBlockLocationProtocolServerSideTranslatorPB.java:141)
	at org.apache.hadoop.ozone.protocolPB.ScmBlockLocationProtocolServerSideTranslatorPB.send(ScmBlockLocationProtocolServerSideTranslatorPB.java:116)
	at org.apache.hadoop.hdds.protocol.proto.ScmBlockLocationProtocolProtos$ScmBlockLocationProtocolService$2.callBlockingMethod(ScmBlockLocationProtocolProtos.java:13157)
	at org.apache.hadoop.ipc.ProtobufRpcEngine$Server$ProtoBufRpcInvoker.call(ProtobufRpcEngine.java:524)
	at org.apache.hadoop.ipc.RPC$Server.call(RPC.java:1025)
	at org.apache.hadoop.ipc.Server$RpcCall.run(Server.java:876)
	at org.apache.hadoop.ipc.Server$RpcCall.run(Server.java:822)
	at java.security.AccessController.doPrivileged(Native Method)
	at javax.security.auth.Subject.doAs(Subject.java:422)
	at org.apache.hadoop.security.UserGroupInformation.doAs(UserGroupInformation.java:1730)
	at org.apache.hadoop.ipc.Server$Handler.run(Server.java:2682)
2019-09-25 07:36:02,856 [pool-75-thread-5] ERROR freon.RandomKeyGenerator (RandomKeyGenerator.java:createKey(733)) - Exception while adding key: key-0-34183 in bucket: bucket-3-22968 of volume: vol-0-55439.
INTERNAL_ERROR org.apache.hadoop.ozone.om.exceptions.OMException: Allocated 0 blocks. Requested 1 blocks
	at org.apache.hadoop.ozone.om.protocolPB.OzoneManagerProtocolClientSideTranslatorPB.handleError(OzoneManagerProtocolClientSideTranslatorPB.java:732)
	at org.apache.hadoop.ozone.om.protocolPB.OzoneManagerProtocolClientSideTranslatorPB.openKey(OzoneManagerProtocolClientSideTranslatorPB.java:723)
	at sun.reflect.NativeMethodAccessorImpl.invoke0(Native Method)
	at sun.reflect.NativeMethodAccessorImpl.invoke(NativeMethodAccessorImpl.java:62)
	at sun.reflect.DelegatingMethodAccessorImpl.invoke(DelegatingMethodAccessorImpl.java:43)
	at java.lang.reflect.Method.invoke(Method.java:498)
	at org.apache.hadoop.hdds.tracing.TraceAllMethod.invoke(TraceAllMethod.java:66)
	at com.sun.proxy.$Proxy37.openKey(Unknown Source)
	at org.apache.hadoop.ozone.client.rpc.RpcClient.createKey(RpcClient.java:614)
	at org.apache.hadoop.ozone.client.OzoneBucket.createKey(OzoneBucket.java:325)
	at org.apache.hadoop.ozone.freon.RandomKeyGenerator.createKey(RandomKeyGenerator.java:695)
	at org.apache.hadoop.ozone.freon.RandomKeyGenerator.access$1100(RandomKeyGenerator.java:88)
	at org.apache.hadoop.ozone.freon.RandomKeyGenerator$ObjectCreator.run(RandomKeyGenerator.java:615)
	at java.util.concurrent.Executors$RunnableAdapter.call(Executors.java:511)
	at java.util.concurrent.FutureTask.run(FutureTask.java:266)
	at java.util.concurrent.ThreadPoolExecutor.runWorker(ThreadPoolExecutor.java:1149)
	at java.util.concurrent.ThreadPoolExecutor$Worker.run(ThreadPoolExecutor.java:624)
	at java.lang.Thread.run(Thread.java:748)
2019-09-25 07:36:02,856 [IPC Server handler 6 on 43055] INFO  pipeline.PipelinePlacementPolicy (PipelinePlacementPolicy.java:meetCriteria(91)) - Pipeline Placement: can't place more pipeline on heavy datanode： 89512cd3-5215-493c-9626-f8bc005210a2 Heaviness: 6 limit: 5
2019-09-25 07:36:02,856 [IPC Server handler 2 on 43055] WARN  block.BlockManagerImpl (BlockManagerImpl.java:allocateBlock(192)) - Pipeline creation failed for type:RATIS factor:THREE. Retrying get pipelines call once.
org.apache.hadoop.hdds.scm.exceptions.SCMException: Unable to find enough nodes that meet the criteria that cannot engage in more than 5 pipelines. Nodes required: 3 Found: 0, healthy nodes count inNodeManager: 5.
	at org.apache.hadoop.hdds.scm.pipeline.PipelinePlacementPolicy.filterViableNodes(PipelinePlacementPolicy.java:149)
	at org.apache.hadoop.hdds.scm.pipeline.PipelinePlacementPolicy.chooseDatanodes(PipelinePlacementPolicy.java:172)
	at org.apache.hadoop.hdds.scm.pipeline.RatisPipelineProvider.create(RatisPipelineProvider.java:93)
	at org.apache.hadoop.hdds.scm.pipeline.PipelineFactory.create(PipelineFactory.java:58)
	at org.apache.hadoop.hdds.scm.pipeline.SCMPipelineManager.createPipeline(SCMPipelineManager.java:155)
	at org.apache.hadoop.hdds.scm.block.BlockManagerImpl.allocateBlock(BlockManagerImpl.java:190)
	at org.apache.hadoop.hdds.scm.server.SCMBlockProtocolServer.allocateBlock(SCMBlockProtocolServer.java:182)
	at org.apache.hadoop.ozone.protocolPB.ScmBlockLocationProtocolServerSideTranslatorPB.allocateScmBlock(ScmBlockLocationProtocolServerSideTranslatorPB.java:183)
	at org.apache.hadoop.ozone.protocolPB.ScmBlockLocationProtocolServerSideTranslatorPB.processMessage(ScmBlockLocationProtocolServerSideTranslatorPB.java:141)
	at org.apache.hadoop.ozone.protocolPB.ScmBlockLocationProtocolServerSideTranslatorPB.send(ScmBlockLocationProtocolServerSideTranslatorPB.java:116)
	at org.apache.hadoop.hdds.protocol.proto.ScmBlockLocationProtocolProtos$ScmBlockLocationProtocolService$2.callBlockingMethod(ScmBlockLocationProtocolProtos.java:13157)
	at org.apache.hadoop.ipc.ProtobufRpcEngine$Server$ProtoBufRpcInvoker.call(ProtobufRpcEngine.java:524)
	at org.apache.hadoop.ipc.RPC$Server.call(RPC.java:1025)
	at org.apache.hadoop.ipc.Server$RpcCall.run(Server.java:876)
	at org.apache.hadoop.ipc.Server$RpcCall.run(Server.java:822)
	at java.security.AccessController.doPrivileged(Native Method)
	at javax.security.auth.Subject.doAs(Subject.java:422)
	at org.apache.hadoop.security.UserGroupInformation.doAs(UserGroupInformation.java:1730)
	at org.apache.hadoop.ipc.Server$Handler.run(Server.java:2682)
2019-09-25 07:36:02,857 [IPC Server handler 6 on 43055] INFO  pipeline.PipelinePlacementPolicy (PipelinePlacementPolicy.java:meetCriteria(91)) - Pipeline Placement: can't place more pipeline on heavy datanode： 0a03bc5e-b15f-4537-941b-10259ace1437 Heaviness: 6 limit: 5
2019-09-25 07:36:02,857 [IPC Server handler 6 on 43055] INFO  pipeline.PipelinePlacementPolicy (PipelinePlacementPolicy.java:meetCriteria(91)) - Pipeline Placement: can't place more pipeline on heavy datanode： c3cf7509-27e8-499f-a871-32281ced9221 Heaviness: 6 limit: 5
2019-09-25 07:36:02,857 [IPC Server handler 6 on 43055] INFO  pipeline.PipelinePlacementPolicy (PipelinePlacementPolicy.java:meetCriteria(91)) - Pipeline Placement: can't place more pipeline on heavy datanode： 4f9c9097-af28-4e92-8dab-50853da08db1 Heaviness: 6 limit: 5
2019-09-25 07:36:02,857 [IPC Server handler 6 on 43055] INFO  pipeline.PipelinePlacementPolicy (PipelinePlacementPolicy.java:meetCriteria(91)) - Pipeline Placement: can't place more pipeline on heavy datanode： 20eeef1f-c0de-4bb7-8f99-fe21c95fed30 Heaviness: 6 limit: 5
2019-09-25 07:36:02,858 [IPC Server handler 6 on 43055] ERROR pipeline.PipelinePlacementPolicy (PipelinePlacementPolicy.java:filterViableNodes(148)) - Unable to find enough nodes that meet the criteria that cannot engage in more than 5 pipelines. Nodes required: 3 Found: 0, healthy nodes count inNodeManager: 5.
2019-09-25 07:36:02,858 [IPC Server handler 6 on 43055] ERROR pipeline.SCMPipelineManager (SCMPipelineManager.java:createPipeline(167)) - Pipeline creation failed.
org.apache.hadoop.hdds.scm.exceptions.SCMException: Unable to find enough nodes that meet the criteria that cannot engage in more than 5 pipelines. Nodes required: 3 Found: 0, healthy nodes count inNodeManager: 5.
	at org.apache.hadoop.hdds.scm.pipeline.PipelinePlacementPolicy.filterViableNodes(PipelinePlacementPolicy.java:149)
	at org.apache.hadoop.hdds.scm.pipeline.PipelinePlacementPolicy.chooseDatanodes(PipelinePlacementPolicy.java:172)
	at org.apache.hadoop.hdds.scm.pipeline.RatisPipelineProvider.create(RatisPipelineProvider.java:93)
	at org.apache.hadoop.hdds.scm.pipeline.PipelineFactory.create(PipelineFactory.java:58)
	at org.apache.hadoop.hdds.scm.pipeline.SCMPipelineManager.createPipeline(SCMPipelineManager.java:155)
	at org.apache.hadoop.hdds.scm.block.BlockManagerImpl.allocateBlock(BlockManagerImpl.java:190)
	at org.apache.hadoop.hdds.scm.server.SCMBlockProtocolServer.allocateBlock(SCMBlockProtocolServer.java:182)
	at org.apache.hadoop.ozone.protocolPB.ScmBlockLocationProtocolServerSideTranslatorPB.allocateScmBlock(ScmBlockLocationProtocolServerSideTranslatorPB.java:183)
	at org.apache.hadoop.ozone.protocolPB.ScmBlockLocationProtocolServerSideTranslatorPB.processMessage(ScmBlockLocationProtocolServerSideTranslatorPB.java:141)
	at org.apache.hadoop.ozone.protocolPB.ScmBlockLocationProtocolServerSideTranslatorPB.send(ScmBlockLocationProtocolServerSideTranslatorPB.java:116)
	at org.apache.hadoop.hdds.protocol.proto.ScmBlockLocationProtocolProtos$ScmBlockLocationProtocolService$2.callBlockingMethod(ScmBlockLocationProtocolProtos.java:13157)
	at org.apache.hadoop.ipc.ProtobufRpcEngine$Server$ProtoBufRpcInvoker.call(ProtobufRpcEngine.java:524)
	at org.apache.hadoop.ipc.RPC$Server.call(RPC.java:1025)
	at org.apache.hadoop.ipc.Server$RpcCall.run(Server.java:876)
	at org.apache.hadoop.ipc.Server$RpcCall.run(Server.java:822)
	at java.security.AccessController.doPrivileged(Native Method)
	at javax.security.auth.Subject.doAs(Subject.java:422)
	at org.apache.hadoop.security.UserGroupInformation.doAs(UserGroupInformation.java:1730)
	at org.apache.hadoop.ipc.Server$Handler.run(Server.java:2682)
2019-09-25 07:36:02,858 [IPC Server handler 6 on 43055] WARN  block.BlockManagerImpl (BlockManagerImpl.java:allocateBlock(192)) - Pipeline creation failed for type:RATIS factor:THREE. Retrying get pipelines call once.
org.apache.hadoop.hdds.scm.exceptions.SCMException: Unable to find enough nodes that meet the criteria that cannot engage in more than 5 pipelines. Nodes required: 3 Found: 0, healthy nodes count inNodeManager: 5.
	at org.apache.hadoop.hdds.scm.pipeline.PipelinePlacementPolicy.filterViableNodes(PipelinePlacementPolicy.java:149)
	at org.apache.hadoop.hdds.scm.pipeline.PipelinePlacementPolicy.chooseDatanodes(PipelinePlacementPolicy.java:172)
	at org.apache.hadoop.hdds.scm.pipeline.RatisPipelineProvider.create(RatisPipelineProvider.java:93)
	at org.apache.hadoop.hdds.scm.pipeline.PipelineFactory.create(PipelineFactory.java:58)
	at org.apache.hadoop.hdds.scm.pipeline.SCMPipelineManager.createPipeline(SCMPipelineManager.java:155)
	at org.apache.hadoop.hdds.scm.block.BlockManagerImpl.allocateBlock(BlockManagerImpl.java:190)
	at org.apache.hadoop.hdds.scm.server.SCMBlockProtocolServer.allocateBlock(SCMBlockProtocolServer.java:182)
	at org.apache.hadoop.ozone.protocolPB.ScmBlockLocationProtocolServerSideTranslatorPB.allocateScmBlock(ScmBlockLocationProtocolServerSideTranslatorPB.java:183)
	at org.apache.hadoop.ozone.protocolPB.ScmBlockLocationProtocolServerSideTranslatorPB.processMessage(ScmBlockLocationProtocolServerSideTranslatorPB.java:141)
	at org.apache.hadoop.ozone.protocolPB.ScmBlockLocationProtocolServerSideTranslatorPB.send(ScmBlockLocationProtocolServerSideTranslatorPB.java:116)
	at org.apache.hadoop.hdds.protocol.proto.ScmBlockLocationProtocolProtos$ScmBlockLocationProtocolService$2.callBlockingMethod(ScmBlockLocationProtocolProtos.java:13157)
	at org.apache.hadoop.ipc.ProtobufRpcEngine$Server$ProtoBufRpcInvoker.call(ProtobufRpcEngine.java:524)
	at org.apache.hadoop.ipc.RPC$Server.call(RPC.java:1025)
	at org.apache.hadoop.ipc.Server$RpcCall.run(Server.java:876)
	at org.apache.hadoop.ipc.Server$RpcCall.run(Server.java:822)
	at java.security.AccessController.doPrivileged(Native Method)
	at javax.security.auth.Subject.doAs(Subject.java:422)
	at org.apache.hadoop.security.UserGroupInformation.doAs(UserGroupInformation.java:1730)
	at org.apache.hadoop.ipc.Server$Handler.run(Server.java:2682)
2019-09-25 07:36:02,858 [IPC Server handler 5 on 43055] INFO  block.BlockManagerImpl (BlockManagerImpl.java:allocateBlock(198)) - Could not find available pipeline of type:RATIS and factor:THREE even after retrying
2019-09-25 07:36:02,858 [IPC Server handler 3 on 43055] INFO  pipeline.PipelinePlacementPolicy (PipelinePlacementPolicy.java:meetCriteria(91)) - Pipeline Placement: can't place more pipeline on heavy datanode： 89512cd3-5215-493c-9626-f8bc005210a2 Heaviness: 6 limit: 5
2019-09-25 07:36:02,859 [IPC Server handler 3 on 43055] INFO  pipeline.PipelinePlacementPolicy (PipelinePlacementPolicy.java:meetCriteria(91)) - Pipeline Placement: can't place more pipeline on heavy datanode： 0a03bc5e-b15f-4537-941b-10259ace1437 Heaviness: 6 limit: 5
2019-09-25 07:36:02,858 [IPC Server handler 2 on 43055] INFO  block.BlockManagerImpl (BlockManagerImpl.java:allocateBlock(198)) - Could not find available pipeline of type:RATIS and factor:THREE even after retrying
2019-09-25 07:36:02,859 [IPC Server handler 3 on 43055] INFO  pipeline.PipelinePlacementPolicy (PipelinePlacementPolicy.java:meetCriteria(91)) - Pipeline Placement: can't place more pipeline on heavy datanode： c3cf7509-27e8-499f-a871-32281ced9221 Heaviness: 6 limit: 5
2019-09-25 07:36:02,859 [IPC Server handler 3 on 43055] INFO  pipeline.PipelinePlacementPolicy (PipelinePlacementPolicy.java:meetCriteria(91)) - Pipeline Placement: can't place more pipeline on heavy datanode： 4f9c9097-af28-4e92-8dab-50853da08db1 Heaviness: 6 limit: 5
2019-09-25 07:36:02,858 [IPC Server handler 5 on 43055] ERROR block.BlockManagerImpl (BlockManagerImpl.java:allocateBlock(222)) - Unable to allocate a block for the size: 4194304, type: RATIS, factor: THREE
2019-09-25 07:36:02,860 [IPC Server handler 3 on 43055] INFO  pipeline.PipelinePlacementPolicy (PipelinePlacementPolicy.java:meetCriteria(91)) - Pipeline Placement: can't place more pipeline on heavy datanode： 20eeef1f-c0de-4bb7-8f99-fe21c95fed30 Heaviness: 6 limit: 5
2019-09-25 07:36:02,859 [IPC Server handler 2 on 43055] ERROR block.BlockManagerImpl (BlockManagerImpl.java:allocateBlock(222)) - Unable to allocate a block for the size: 4194304, type: RATIS, factor: THREE
2019-09-25 07:36:02,862 [IPC Server handler 3 on 43055] ERROR pipeline.PipelinePlacementPolicy (PipelinePlacementPolicy.java:filterViableNodes(148)) - Unable to find enough nodes that meet the criteria that cannot engage in more than 5 pipelines. Nodes required: 3 Found: 0, healthy nodes count inNodeManager: 5.
2019-09-25 07:36:02,862 [IPC Server handler 3 on 43055] ERROR pipeline.SCMPipelineManager (SCMPipelineManager.java:createPipeline(167)) - Pipeline creation failed.
org.apache.hadoop.hdds.scm.exceptions.SCMException: Unable to find enough nodes that meet the criteria that cannot engage in more than 5 pipelines. Nodes required: 3 Found: 0, healthy nodes count inNodeManager: 5.
	at org.apache.hadoop.hdds.scm.pipeline.PipelinePlacementPolicy.filterViableNodes(PipelinePlacementPolicy.java:149)
	at org.apache.hadoop.hdds.scm.pipeline.PipelinePlacementPolicy.chooseDatanodes(PipelinePlacementPolicy.java:172)
	at org.apache.hadoop.hdds.scm.pipeline.RatisPipelineProvider.create(RatisPipelineProvider.java:93)
	at org.apache.hadoop.hdds.scm.pipeline.PipelineFactory.create(PipelineFactory.java:58)
	at org.apache.hadoop.hdds.scm.pipeline.SCMPipelineManager.createPipeline(SCMPipelineManager.java:155)
	at org.apache.hadoop.hdds.scm.block.BlockManagerImpl.allocateBlock(BlockManagerImpl.java:190)
	at org.apache.hadoop.hdds.scm.server.SCMBlockProtocolServer.allocateBlock(SCMBlockProtocolServer.java:182)
	at org.apache.hadoop.ozone.protocolPB.ScmBlockLocationProtocolServerSideTranslatorPB.allocateScmBlock(ScmBlockLocationProtocolServerSideTranslatorPB.java:183)
	at org.apache.hadoop.ozone.protocolPB.ScmBlockLocationProtocolServerSideTranslatorPB.processMessage(ScmBlockLocationProtocolServerSideTranslatorPB.java:141)
	at org.apache.hadoop.ozone.protocolPB.ScmBlockLocationProtocolServerSideTranslatorPB.send(ScmBlockLocationProtocolServerSideTranslatorPB.java:116)
	at org.apache.hadoop.hdds.protocol.proto.ScmBlockLocationProtocolProtos$ScmBlockLocationProtocolService$2.callBlockingMethod(ScmBlockLocationProtocolProtos.java:13157)
	at org.apache.hadoop.ipc.ProtobufRpcEngine$Server$ProtoBufRpcInvoker.call(ProtobufRpcEngine.java:524)
	at org.apache.hadoop.ipc.RPC$Server.call(RPC.java:1025)
	at org.apache.hadoop.ipc.Server$RpcCall.run(Server.java:876)
	at org.apache.hadoop.ipc.Server$RpcCall.run(Server.java:822)
	at java.security.AccessController.doPrivileged(Native Method)
	at javax.security.auth.Subject.doAs(Subject.java:422)
	at org.apache.hadoop.security.UserGroupInformation.doAs(UserGroupInformation.java:1730)
	at org.apache.hadoop.ipc.Server$Handler.run(Server.java:2682)
2019-09-25 07:36:02,862 [pool-75-thread-9] ERROR freon.RandomKeyGenerator (RandomKeyGenerator.java:createKey(733)) - Exception while adding key: key-0-29262 in bucket: bucket-0-70239 of volume: vol-1-68026.
INTERNAL_ERROR org.apache.hadoop.ozone.om.exceptions.OMException: Allocated 0 blocks. Requested 1 blocks
	at org.apache.hadoop.ozone.om.protocolPB.OzoneManagerProtocolClientSideTranslatorPB.handleError(OzoneManagerProtocolClientSideTranslatorPB.java:732)
	at org.apache.hadoop.ozone.om.protocolPB.OzoneManagerProtocolClientSideTranslatorPB.openKey(OzoneManagerProtocolClientSideTranslatorPB.java:723)
	at sun.reflect.NativeMethodAccessorImpl.invoke0(Native Method)
	at sun.reflect.NativeMethodAccessorImpl.invoke(NativeMethodAccessorImpl.java:62)
	at sun.reflect.DelegatingMethodAccessorImpl.invoke(DelegatingMethodAccessorImpl.java:43)
	at java.lang.reflect.Method.invoke(Method.java:498)
	at org.apache.hadoop.hdds.tracing.TraceAllMethod.invoke(TraceAllMethod.java:66)
	at com.sun.proxy.$Proxy37.openKey(Unknown Source)
	at org.apache.hadoop.ozone.client.rpc.RpcClient.createKey(RpcClient.java:614)
	at org.apache.hadoop.ozone.client.OzoneBucket.createKey(OzoneBucket.java:325)
	at org.apache.hadoop.ozone.freon.RandomKeyGenerator.createKey(RandomKeyGenerator.java:695)
	at org.apache.hadoop.ozone.freon.RandomKeyGenerator.access$1100(RandomKeyGenerator.java:88)
	at org.apache.hadoop.ozone.freon.RandomKeyGenerator$ObjectCreator.run(RandomKeyGenerator.java:615)
	at java.util.concurrent.Executors$RunnableAdapter.call(Executors.java:511)
	at java.util.concurrent.FutureTask.run(FutureTask.java:266)
	at java.util.concurrent.ThreadPoolExecutor.runWorker(ThreadPoolExecutor.java:1149)
	at java.util.concurrent.ThreadPoolExecutor$Worker.run(ThreadPoolExecutor.java:624)
	at java.lang.Thread.run(Thread.java:748)
2019-09-25 07:36:02,863 [IPC Server handler 11 on 43055] INFO  pipeline.PipelinePlacementPolicy (PipelinePlacementPolicy.java:meetCriteria(91)) - Pipeline Placement: can't place more pipeline on heavy datanode： 89512cd3-5215-493c-9626-f8bc005210a2 Heaviness: 6 limit: 5
2019-09-25 07:36:02,863 [IPC Server handler 3 on 43055] WARN  block.BlockManagerImpl (BlockManagerImpl.java:allocateBlock(192)) - Pipeline creation failed for type:RATIS factor:THREE. Retrying get pipelines call once.
org.apache.hadoop.hdds.scm.exceptions.SCMException: Unable to find enough nodes that meet the criteria that cannot engage in more than 5 pipelines. Nodes required: 3 Found: 0, healthy nodes count inNodeManager: 5.
	at org.apache.hadoop.hdds.scm.pipeline.PipelinePlacementPolicy.filterViableNodes(PipelinePlacementPolicy.java:149)
	at org.apache.hadoop.hdds.scm.pipeline.PipelinePlacementPolicy.chooseDatanodes(PipelinePlacementPolicy.java:172)
	at org.apache.hadoop.hdds.scm.pipeline.RatisPipelineProvider.create(RatisPipelineProvider.java:93)
	at org.apache.hadoop.hdds.scm.pipeline.PipelineFactory.create(PipelineFactory.java:58)
	at org.apache.hadoop.hdds.scm.pipeline.SCMPipelineManager.createPipeline(SCMPipelineManager.java:155)
	at org.apache.hadoop.hdds.scm.block.BlockManagerImpl.allocateBlock(BlockManagerImpl.java:190)
	at org.apache.hadoop.hdds.scm.server.SCMBlockProtocolServer.allocateBlock(SCMBlockProtocolServer.java:182)
	at org.apache.hadoop.ozone.protocolPB.ScmBlockLocationProtocolServerSideTranslatorPB.allocateScmBlock(ScmBlockLocationProtocolServerSideTranslatorPB.java:183)
	at org.apache.hadoop.ozone.protocolPB.ScmBlockLocationProtocolServerSideTranslatorPB.processMessage(ScmBlockLocationProtocolServerSideTranslatorPB.java:141)
	at org.apache.hadoop.ozone.protocolPB.ScmBlockLocationProtocolServerSideTranslatorPB.send(ScmBlockLocationProtocolServerSideTranslatorPB.java:116)
	at org.apache.hadoop.hdds.protocol.proto.ScmBlockLocationProtocolProtos$ScmBlockLocationProtocolService$2.callBlockingMethod(ScmBlockLocationProtocolProtos.java:13157)
	at org.apache.hadoop.ipc.ProtobufRpcEngine$Server$ProtoBufRpcInvoker.call(ProtobufRpcEngine.java:524)
	at org.apache.hadoop.ipc.RPC$Server.call(RPC.java:1025)
	at org.apache.hadoop.ipc.Server$RpcCall.run(Server.java:876)
	at org.apache.hadoop.ipc.Server$RpcCall.run(Server.java:822)
	at java.security.AccessController.doPrivileged(Native Method)
	at javax.security.auth.Subject.doAs(Subject.java:422)
	at org.apache.hadoop.security.UserGroupInformation.doAs(UserGroupInformation.java:1730)
	at org.apache.hadoop.ipc.Server$Handler.run(Server.java:2682)
2019-09-25 07:36:02,863 [IPC Server handler 11 on 43055] INFO  pipeline.PipelinePlacementPolicy (PipelinePlacementPolicy.java:meetCriteria(91)) - Pipeline Placement: can't place more pipeline on heavy datanode： 0a03bc5e-b15f-4537-941b-10259ace1437 Heaviness: 6 limit: 5
2019-09-25 07:36:02,864 [IPC Server handler 11 on 43055] INFO  pipeline.PipelinePlacementPolicy (PipelinePlacementPolicy.java:meetCriteria(91)) - Pipeline Placement: can't place more pipeline on heavy datanode： c3cf7509-27e8-499f-a871-32281ced9221 Heaviness: 6 limit: 5
2019-09-25 07:36:02,864 [IPC Server handler 11 on 43055] INFO  pipeline.PipelinePlacementPolicy (PipelinePlacementPolicy.java:meetCriteria(91)) - Pipeline Placement: can't place more pipeline on heavy datanode： 4f9c9097-af28-4e92-8dab-50853da08db1 Heaviness: 6 limit: 5
2019-09-25 07:36:02,864 [IPC Server handler 11 on 43055] INFO  pipeline.PipelinePlacementPolicy (PipelinePlacementPolicy.java:meetCriteria(91)) - Pipeline Placement: can't place more pipeline on heavy datanode： 20eeef1f-c0de-4bb7-8f99-fe21c95fed30 Heaviness: 6 limit: 5
2019-09-25 07:36:02,863 [pool-75-thread-2] ERROR freon.RandomKeyGenerator (RandomKeyGenerator.java:createKey(733)) - Exception while adding key: key-0-92465 in bucket: bucket-1-21529 of volume: vol-0-55439.
INTERNAL_ERROR org.apache.hadoop.ozone.om.exceptions.OMException: Allocated 0 blocks. Requested 1 blocks
	at org.apache.hadoop.ozone.om.protocolPB.OzoneManagerProtocolClientSideTranslatorPB.handleError(OzoneManagerProtocolClientSideTranslatorPB.java:732)
	at org.apache.hadoop.ozone.om.protocolPB.OzoneManagerProtocolClientSideTranslatorPB.openKey(OzoneManagerProtocolClientSideTranslatorPB.java:723)
	at sun.reflect.NativeMethodAccessorImpl.invoke0(Native Method)
	at sun.reflect.NativeMethodAccessorImpl.invoke(NativeMethodAccessorImpl.java:62)
	at sun.reflect.DelegatingMethodAccessorImpl.invoke(DelegatingMethodAccessorImpl.java:43)
	at java.lang.reflect.Method.invoke(Method.java:498)
	at org.apache.hadoop.hdds.tracing.TraceAllMethod.invoke(TraceAllMethod.java:66)
	at com.sun.proxy.$Proxy37.openKey(Unknown Source)
	at org.apache.hadoop.ozone.client.rpc.RpcClient.createKey(RpcClient.java:614)
	at org.apache.hadoop.ozone.client.OzoneBucket.createKey(OzoneBucket.java:325)
	at org.apache.hadoop.ozone.freon.RandomKeyGenerator.createKey(RandomKeyGenerator.java:695)
	at org.apache.hadoop.ozone.freon.RandomKeyGenerator.access$1100(RandomKeyGenerator.java:88)
	at org.apache.hadoop.ozone.freon.RandomKeyGenerator$ObjectCreator.run(RandomKeyGenerator.java:615)
	at java.util.concurrent.Executors$RunnableAdapter.call(Executors.java:511)
	at java.util.concurrent.FutureTask.run(FutureTask.java:266)
	at java.util.concurrent.ThreadPoolExecutor.runWorker(ThreadPoolExecutor.java:1149)
	at java.util.concurrent.ThreadPoolExecutor$Worker.run(ThreadPoolExecutor.java:624)
	at java.lang.Thread.run(Thread.java:748)
2019-09-25 07:36:02,864 [IPC Server handler 11 on 43055] ERROR pipeline.PipelinePlacementPolicy (PipelinePlacementPolicy.java:filterViableNodes(148)) - Unable to find enough nodes that meet the criteria that cannot engage in more than 5 pipelines. Nodes required: 3 Found: 0, healthy nodes count inNodeManager: 5.
2019-09-25 07:36:02,865 [IPC Server handler 11 on 43055] ERROR pipeline.SCMPipelineManager (SCMPipelineManager.java:createPipeline(167)) - Pipeline creation failed.
org.apache.hadoop.hdds.scm.exceptions.SCMException: Unable to find enough nodes that meet the criteria that cannot engage in more than 5 pipelines. Nodes required: 3 Found: 0, healthy nodes count inNodeManager: 5.
	at org.apache.hadoop.hdds.scm.pipeline.PipelinePlacementPolicy.filterViableNodes(PipelinePlacementPolicy.java:149)
	at org.apache.hadoop.hdds.scm.pipeline.PipelinePlacementPolicy.chooseDatanodes(PipelinePlacementPolicy.java:172)
	at org.apache.hadoop.hdds.scm.pipeline.RatisPipelineProvider.create(RatisPipelineProvider.java:93)
	at org.apache.hadoop.hdds.scm.pipeline.PipelineFactory.create(PipelineFactory.java:58)
	at org.apache.hadoop.hdds.scm.pipeline.SCMPipelineManager.createPipeline(SCMPipelineManager.java:155)
	at org.apache.hadoop.hdds.scm.block.BlockManagerImpl.allocateBlock(BlockManagerImpl.java:190)
	at org.apache.hadoop.hdds.scm.server.SCMBlockProtocolServer.allocateBlock(SCMBlockProtocolServer.java:182)
	at org.apache.hadoop.ozone.protocolPB.ScmBlockLocationProtocolServerSideTranslatorPB.allocateScmBlock(ScmBlockLocationProtocolServerSideTranslatorPB.java:183)
	at org.apache.hadoop.ozone.protocolPB.ScmBlockLocationProtocolServerSideTranslatorPB.processMessage(ScmBlockLocationProtocolServerSideTranslatorPB.java:141)
	at org.apache.hadoop.ozone.protocolPB.ScmBlockLocationProtocolServerSideTranslatorPB.send(ScmBlockLocationProtocolServerSideTranslatorPB.java:116)
	at org.apache.hadoop.hdds.protocol.proto.ScmBlockLocationProtocolProtos$ScmBlockLocationProtocolService$2.callBlockingMethod(ScmBlockLocationProtocolProtos.java:13157)
	at org.apache.hadoop.ipc.ProtobufRpcEngine$Server$ProtoBufRpcInvoker.call(ProtobufRpcEngine.java:524)
	at org.apache.hadoop.ipc.RPC$Server.call(RPC.java:1025)
	at org.apache.hadoop.ipc.Server$RpcCall.run(Server.java:876)
	at org.apache.hadoop.ipc.Server$RpcCall.run(Server.java:822)
	at java.security.AccessController.doPrivileged(Native Method)
	at javax.security.auth.Subject.doAs(Subject.java:422)
	at org.apache.hadoop.security.UserGroupInformation.doAs(UserGroupInformation.java:1730)
	at org.apache.hadoop.ipc.Server$Handler.run(Server.java:2682)
2019-09-25 07:36:02,873 [IPC Server handler 11 on 43055] WARN  block.BlockManagerImpl (BlockManagerImpl.java:allocateBlock(192)) - Pipeline creation failed for type:RATIS factor:THREE. Retrying get pipelines call once.
org.apache.hadoop.hdds.scm.exceptions.SCMException: Unable to find enough nodes that meet the criteria that cannot engage in more than 5 pipelines. Nodes required: 3 Found: 0, healthy nodes count inNodeManager: 5.
	at org.apache.hadoop.hdds.scm.pipeline.PipelinePlacementPolicy.filterViableNodes(PipelinePlacementPolicy.java:149)
	at org.apache.hadoop.hdds.scm.pipeline.PipelinePlacementPolicy.chooseDatanodes(PipelinePlacementPolicy.java:172)
	at org.apache.hadoop.hdds.scm.pipeline.RatisPipelineProvider.create(RatisPipelineProvider.java:93)
	at org.apache.hadoop.hdds.scm.pipeline.PipelineFactory.create(PipelineFactory.java:58)
	at org.apache.hadoop.hdds.scm.pipeline.SCMPipelineManager.createPipeline(SCMPipelineManager.java:155)
	at org.apache.hadoop.hdds.scm.block.BlockManagerImpl.allocateBlock(BlockManagerImpl.java:190)
	at org.apache.hadoop.hdds.scm.server.SCMBlockProtocolServer.allocateBlock(SCMBlockProtocolServer.java:182)
	at org.apache.hadoop.ozone.protocolPB.ScmBlockLocationProtocolServerSideTranslatorPB.allocateScmBlock(ScmBlockLocationProtocolServerSideTranslatorPB.java:183)
	at org.apache.hadoop.ozone.protocolPB.ScmBlockLocationProtocolServerSideTranslatorPB.processMessage(ScmBlockLocationProtocolServerSideTranslatorPB.java:141)
	at org.apache.hadoop.ozone.protocolPB.ScmBlockLocationProtocolServerSideTranslatorPB.send(ScmBlockLocationProtocolServerSideTranslatorPB.java:116)
	at org.apache.hadoop.hdds.protocol.proto.ScmBlockLocationProtocolProtos$ScmBlockLocationProtocolService$2.callBlockingMethod(ScmBlockLocationProtocolProtos.java:13157)
	at org.apache.hadoop.ipc.ProtobufRpcEngine$Server$ProtoBufRpcInvoker.call(ProtobufRpcEngine.java:524)
	at org.apache.hadoop.ipc.RPC$Server.call(RPC.java:1025)
	at org.apache.hadoop.ipc.Server$RpcCall.run(Server.java:876)
	at org.apache.hadoop.ipc.Server$RpcCall.run(Server.java:822)
	at java.security.AccessController.doPrivileged(Native Method)
	at javax.security.auth.Subject.doAs(Subject.java:422)
	at org.apache.hadoop.security.UserGroupInformation.doAs(UserGroupInformation.java:1730)
	at org.apache.hadoop.ipc.Server$Handler.run(Server.java:2682)
2019-09-25 07:36:02,873 [IPC Server handler 7 on 43055] INFO  pipeline.PipelinePlacementPolicy (PipelinePlacementPolicy.java:meetCriteria(91)) - Pipeline Placement: can't place more pipeline on heavy datanode： 89512cd3-5215-493c-9626-f8bc005210a2 Heaviness: 6 limit: 5
2019-09-25 07:36:02,874 [IPC Server handler 7 on 43055] INFO  pipeline.PipelinePlacementPolicy (PipelinePlacementPolicy.java:meetCriteria(91)) - Pipeline Placement: can't place more pipeline on heavy datanode： 0a03bc5e-b15f-4537-941b-10259ace1437 Heaviness: 6 limit: 5
2019-09-25 07:36:02,873 [IPC Server handler 3 on 43055] INFO  block.BlockManagerImpl (BlockManagerImpl.java:allocateBlock(198)) - Could not find available pipeline of type:RATIS and factor:THREE even after retrying
2019-09-25 07:36:02,873 [IPC Server handler 6 on 43055] INFO  block.BlockManagerImpl (BlockManagerImpl.java:allocateBlock(198)) - Could not find available pipeline of type:RATIS and factor:THREE even after retrying
2019-09-25 07:36:02,874 [IPC Server handler 3 on 43055] ERROR block.BlockManagerImpl (BlockManagerImpl.java:allocateBlock(222)) - Unable to allocate a block for the size: 4194304, type: RATIS, factor: THREE
2019-09-25 07:36:02,874 [IPC Server handler 7 on 43055] INFO  pipeline.PipelinePlacementPolicy (PipelinePlacementPolicy.java:meetCriteria(91)) - Pipeline Placement: can't place more pipeline on heavy datanode： c3cf7509-27e8-499f-a871-32281ced9221 Heaviness: 6 limit: 5
2019-09-25 07:36:02,875 [IPC Server handler 7 on 43055] INFO  pipeline.PipelinePlacementPolicy (PipelinePlacementPolicy.java:meetCriteria(91)) - Pipeline Placement: can't place more pipeline on heavy datanode： 4f9c9097-af28-4e92-8dab-50853da08db1 Heaviness: 6 limit: 5
2019-09-25 07:36:02,875 [IPC Server handler 7 on 43055] INFO  pipeline.PipelinePlacementPolicy (PipelinePlacementPolicy.java:meetCriteria(91)) - Pipeline Placement: can't place more pipeline on heavy datanode： 20eeef1f-c0de-4bb7-8f99-fe21c95fed30 Heaviness: 6 limit: 5
2019-09-25 07:36:02,875 [IPC Server handler 6 on 43055] ERROR block.BlockManagerImpl (BlockManagerImpl.java:allocateBlock(222)) - Unable to allocate a block for the size: 4194304, type: RATIS, factor: THREE
2019-09-25 07:36:02,875 [IPC Server handler 7 on 43055] ERROR pipeline.PipelinePlacementPolicy (PipelinePlacementPolicy.java:filterViableNodes(148)) - Unable to find enough nodes that meet the criteria that cannot engage in more than 5 pipelines. Nodes required: 3 Found: 0, healthy nodes count inNodeManager: 5.
2019-09-25 07:36:02,876 [IPC Server handler 7 on 43055] ERROR pipeline.SCMPipelineManager (SCMPipelineManager.java:createPipeline(167)) - Pipeline creation failed.
org.apache.hadoop.hdds.scm.exceptions.SCMException: Unable to find enough nodes that meet the criteria that cannot engage in more than 5 pipelines. Nodes required: 3 Found: 0, healthy nodes count inNodeManager: 5.
	at org.apache.hadoop.hdds.scm.pipeline.PipelinePlacementPolicy.filterViableNodes(PipelinePlacementPolicy.java:149)
	at org.apache.hadoop.hdds.scm.pipeline.PipelinePlacementPolicy.chooseDatanodes(PipelinePlacementPolicy.java:172)
	at org.apache.hadoop.hdds.scm.pipeline.RatisPipelineProvider.create(RatisPipelineProvider.java:93)
	at org.apache.hadoop.hdds.scm.pipeline.PipelineFactory.create(PipelineFactory.java:58)
	at org.apache.hadoop.hdds.scm.pipeline.SCMPipelineManager.createPipeline(SCMPipelineManager.java:155)
	at org.apache.hadoop.hdds.scm.block.BlockManagerImpl.allocateBlock(BlockManagerImpl.java:190)
	at org.apache.hadoop.hdds.scm.server.SCMBlockProtocolServer.allocateBlock(SCMBlockProtocolServer.java:182)
	at org.apache.hadoop.ozone.protocolPB.ScmBlockLocationProtocolServerSideTranslatorPB.allocateScmBlock(ScmBlockLocationProtocolServerSideTranslatorPB.java:183)
	at org.apache.hadoop.ozone.protocolPB.ScmBlockLocationProtocolServerSideTranslatorPB.processMessage(ScmBlockLocationProtocolServerSideTranslatorPB.java:141)
	at org.apache.hadoop.ozone.protocolPB.ScmBlockLocationProtocolServerSideTranslatorPB.send(ScmBlockLocationProtocolServerSideTranslatorPB.java:116)
	at org.apache.hadoop.hdds.protocol.proto.ScmBlockLocationProtocolProtos$ScmBlockLocationProtocolService$2.callBlockingMethod(ScmBlockLocationProtocolProtos.java:13157)
	at org.apache.hadoop.ipc.ProtobufRpcEngine$Server$ProtoBufRpcInvoker.call(ProtobufRpcEngine.java:524)
	at org.apache.hadoop.ipc.RPC$Server.call(RPC.java:1025)
	at org.apache.hadoop.ipc.Server$RpcCall.run(Server.java:876)
	at org.apache.hadoop.ipc.Server$RpcCall.run(Server.java:822)
	at java.security.AccessController.doPrivileged(Native Method)
	at javax.security.auth.Subject.doAs(Subject.java:422)
	at org.apache.hadoop.security.UserGroupInformation.doAs(UserGroupInformation.java:1730)
	at org.apache.hadoop.ipc.Server$Handler.run(Server.java:2682)
2019-09-25 07:36:02,876 [pool-75-thread-1] ERROR freon.RandomKeyGenerator (RandomKeyGenerator.java:createKey(733)) - Exception while adding key: key-0-21176 in bucket: bucket-0-44683 of volume: vol-0-55439.
INTERNAL_ERROR org.apache.hadoop.ozone.om.exceptions.OMException: Allocated 0 blocks. Requested 1 blocks
	at org.apache.hadoop.ozone.om.protocolPB.OzoneManagerProtocolClientSideTranslatorPB.handleError(OzoneManagerProtocolClientSideTranslatorPB.java:732)
	at org.apache.hadoop.ozone.om.protocolPB.OzoneManagerProtocolClientSideTranslatorPB.openKey(OzoneManagerProtocolClientSideTranslatorPB.java:723)
	at sun.reflect.NativeMethodAccessorImpl.invoke0(Native Method)
	at sun.reflect.NativeMethodAccessorImpl.invoke(NativeMethodAccessorImpl.java:62)
	at sun.reflect.DelegatingMethodAccessorImpl.invoke(DelegatingMethodAccessorImpl.java:43)
	at java.lang.reflect.Method.invoke(Method.java:498)
	at org.apache.hadoop.hdds.tracing.TraceAllMethod.invoke(TraceAllMethod.java:66)
	at com.sun.proxy.$Proxy37.openKey(Unknown Source)
	at org.apache.hadoop.ozone.client.rpc.RpcClient.createKey(RpcClient.java:614)
	at org.apache.hadoop.ozone.client.OzoneBucket.createKey(OzoneBucket.java:325)
	at org.apache.hadoop.ozone.freon.RandomKeyGenerator.createKey(RandomKeyGenerator.java:695)
	at org.apache.hadoop.ozone.freon.RandomKeyGenerator.access$1100(RandomKeyGenerator.java:88)
	at org.apache.hadoop.ozone.freon.RandomKeyGenerator$ObjectCreator.run(RandomKeyGenerator.java:615)
	at java.util.concurrent.Executors$RunnableAdapter.call(Executors.java:511)
	at java.util.concurrent.FutureTask.run(FutureTask.java:266)
	at java.util.concurrent.ThreadPoolExecutor.runWorker(ThreadPoolExecutor.java:1149)
	at java.util.concurrent.ThreadPoolExecutor$Worker.run(ThreadPoolExecutor.java:624)
	at java.lang.Thread.run(Thread.java:748)
2019-09-25 07:36:02,876 [IPC Server handler 12 on 43055] INFO  pipeline.PipelinePlacementPolicy (PipelinePlacementPolicy.java:meetCriteria(91)) - Pipeline Placement: can't place more pipeline on heavy datanode： 89512cd3-5215-493c-9626-f8bc005210a2 Heaviness: 6 limit: 5
2019-09-25 07:36:02,877 [IPC Server handler 12 on 43055] INFO  pipeline.PipelinePlacementPolicy (PipelinePlacementPolicy.java:meetCriteria(91)) - Pipeline Placement: can't place more pipeline on heavy datanode： 0a03bc5e-b15f-4537-941b-10259ace1437 Heaviness: 6 limit: 5
2019-09-25 07:36:02,877 [IPC Server handler 12 on 43055] INFO  pipeline.PipelinePlacementPolicy (PipelinePlacementPolicy.java:meetCriteria(91)) - Pipeline Placement: can't place more pipeline on heavy datanode： c3cf7509-27e8-499f-a871-32281ced9221 Heaviness: 6 limit: 5
2019-09-25 07:36:02,876 [IPC Server handler 11 on 43055] INFO  block.BlockManagerImpl (BlockManagerImpl.java:allocateBlock(198)) - Could not find available pipeline of type:RATIS and factor:THREE even after retrying
2019-09-25 07:36:02,876 [IPC Server handler 7 on 43055] WARN  block.BlockManagerImpl (BlockManagerImpl.java:allocateBlock(192)) - Pipeline creation failed for type:RATIS factor:THREE. Retrying get pipelines call once.
org.apache.hadoop.hdds.scm.exceptions.SCMException: Unable to find enough nodes that meet the criteria that cannot engage in more than 5 pipelines. Nodes required: 3 Found: 0, healthy nodes count inNodeManager: 5.
	at org.apache.hadoop.hdds.scm.pipeline.PipelinePlacementPolicy.filterViableNodes(PipelinePlacementPolicy.java:149)
	at org.apache.hadoop.hdds.scm.pipeline.PipelinePlacementPolicy.chooseDatanodes(PipelinePlacementPolicy.java:172)
	at org.apache.hadoop.hdds.scm.pipeline.RatisPipelineProvider.create(RatisPipelineProvider.java:93)
	at org.apache.hadoop.hdds.scm.pipeline.PipelineFactory.create(PipelineFactory.java:58)
	at org.apache.hadoop.hdds.scm.pipeline.SCMPipelineManager.createPipeline(SCMPipelineManager.java:155)
	at org.apache.hadoop.hdds.scm.block.BlockManagerImpl.allocateBlock(BlockManagerImpl.java:190)
	at org.apache.hadoop.hdds.scm.server.SCMBlockProtocolServer.allocateBlock(SCMBlockProtocolServer.java:182)
	at org.apache.hadoop.ozone.protocolPB.ScmBlockLocationProtocolServerSideTranslatorPB.allocateScmBlock(ScmBlockLocationProtocolServerSideTranslatorPB.java:183)
	at org.apache.hadoop.ozone.protocolPB.ScmBlockLocationProtocolServerSideTranslatorPB.processMessage(ScmBlockLocationProtocolServerSideTranslatorPB.java:141)
	at org.apache.hadoop.ozone.protocolPB.ScmBlockLocationProtocolServerSideTranslatorPB.send(ScmBlockLocationProtocolServerSideTranslatorPB.java:116)
	at org.apache.hadoop.hdds.protocol.proto.ScmBlockLocationProtocolProtos$ScmBlockLocationProtocolService$2.callBlockingMethod(ScmBlockLocationProtocolProtos.java:13157)
	at org.apache.hadoop.ipc.ProtobufRpcEngine$Server$ProtoBufRpcInvoker.call(ProtobufRpcEngine.java:524)
	at org.apache.hadoop.ipc.RPC$Server.call(RPC.java:1025)
	at org.apache.hadoop.ipc.Server$RpcCall.run(Server.java:876)
	at org.apache.hadoop.ipc.Server$RpcCall.run(Server.java:822)
	at java.security.AccessController.doPrivileged(Native Method)
	at javax.security.auth.Subject.doAs(Subject.java:422)
	at org.apache.hadoop.security.UserGroupInformation.doAs(UserGroupInformation.java:1730)
	at org.apache.hadoop.ipc.Server$Handler.run(Server.java:2682)
2019-09-25 07:36:02,877 [IPC Server handler 11 on 43055] ERROR block.BlockManagerImpl (BlockManagerImpl.java:allocateBlock(222)) - Unable to allocate a block for the size: 4194304, type: RATIS, factor: THREE
2019-09-25 07:36:02,877 [IPC Server handler 12 on 43055] INFO  pipeline.PipelinePlacementPolicy (PipelinePlacementPolicy.java:meetCriteria(91)) - Pipeline Placement: can't place more pipeline on heavy datanode： 4f9c9097-af28-4e92-8dab-50853da08db1 Heaviness: 6 limit: 5
2019-09-25 07:36:02,877 [pool-75-thread-4] ERROR freon.RandomKeyGenerator (RandomKeyGenerator.java:createKey(733)) - Exception while adding key: key-0-99564 in bucket: bucket-1-39122 of volume: vol-1-68026.
INTERNAL_ERROR org.apache.hadoop.ozone.om.exceptions.OMException: Allocated 0 blocks. Requested 1 blocks
	at org.apache.hadoop.ozone.om.protocolPB.OzoneManagerProtocolClientSideTranslatorPB.handleError(OzoneManagerProtocolClientSideTranslatorPB.java:732)
	at org.apache.hadoop.ozone.om.protocolPB.OzoneManagerProtocolClientSideTranslatorPB.openKey(OzoneManagerProtocolClientSideTranslatorPB.java:723)
	at sun.reflect.NativeMethodAccessorImpl.invoke0(Native Method)
	at sun.reflect.NativeMethodAccessorImpl.invoke(NativeMethodAccessorImpl.java:62)
	at sun.reflect.DelegatingMethodAccessorImpl.invoke(DelegatingMethodAccessorImpl.java:43)
	at java.lang.reflect.Method.invoke(Method.java:498)
	at org.apache.hadoop.hdds.tracing.TraceAllMethod.invoke(TraceAllMethod.java:66)
	at com.sun.proxy.$Proxy37.openKey(Unknown Source)
	at org.apache.hadoop.ozone.client.rpc.RpcClient.createKey(RpcClient.java:614)
	at org.apache.hadoop.ozone.client.OzoneBucket.createKey(OzoneBucket.java:325)
	at org.apache.hadoop.ozone.freon.RandomKeyGenerator.createKey(RandomKeyGenerator.java:695)
	at org.apache.hadoop.ozone.freon.RandomKeyGenerator.access$1100(RandomKeyGenerator.java:88)
	at org.apache.hadoop.ozone.freon.RandomKeyGenerator$ObjectCreator.run(RandomKeyGenerator.java:615)
	at java.util.concurrent.Executors$RunnableAdapter.call(Executors.java:511)
	at java.util.concurrent.FutureTask.run(FutureTask.java:266)
	at java.util.concurrent.ThreadPoolExecutor.runWorker(ThreadPoolExecutor.java:1149)
	at java.util.concurrent.ThreadPoolExecutor$Worker.run(ThreadPoolExecutor.java:624)
	at java.lang.Thread.run(Thread.java:748)
2019-09-25 07:36:02,878 [IPC Server handler 12 on 43055] INFO  pipeline.PipelinePlacementPolicy (PipelinePlacementPolicy.java:meetCriteria(91)) - Pipeline Placement: can't place more pipeline on heavy datanode： 20eeef1f-c0de-4bb7-8f99-fe21c95fed30 Heaviness: 6 limit: 5
2019-09-25 07:36:02,879 [pool-75-thread-7] ERROR freon.RandomKeyGenerator (RandomKeyGenerator.java:createKey(733)) - Exception while adding key: key-0-78663 in bucket: bucket-4-55102 of volume: vol-0-55439.
INTERNAL_ERROR org.apache.hadoop.ozone.om.exceptions.OMException: Allocated 0 blocks. Requested 1 blocks
	at org.apache.hadoop.ozone.om.protocolPB.OzoneManagerProtocolClientSideTranslatorPB.handleError(OzoneManagerProtocolClientSideTranslatorPB.java:732)
	at org.apache.hadoop.ozone.om.protocolPB.OzoneManagerProtocolClientSideTranslatorPB.openKey(OzoneManagerProtocolClientSideTranslatorPB.java:723)
	at sun.reflect.NativeMethodAccessorImpl.invoke0(Native Method)
	at sun.reflect.NativeMethodAccessorImpl.invoke(NativeMethodAccessorImpl.java:62)
	at sun.reflect.DelegatingMethodAccessorImpl.invoke(DelegatingMethodAccessorImpl.java:43)
	at java.lang.reflect.Method.invoke(Method.java:498)
	at org.apache.hadoop.hdds.tracing.TraceAllMethod.invoke(TraceAllMethod.java:66)
	at com.sun.proxy.$Proxy37.openKey(Unknown Source)
	at org.apache.hadoop.ozone.client.rpc.RpcClient.createKey(RpcClient.java:614)
	at org.apache.hadoop.ozone.client.OzoneBucket.createKey(OzoneBucket.java:325)
	at org.apache.hadoop.ozone.freon.RandomKeyGenerator.createKey(RandomKeyGenerator.java:695)
	at org.apache.hadoop.ozone.freon.RandomKeyGenerator.access$1100(RandomKeyGenerator.java:88)
	at org.apache.hadoop.ozone.freon.RandomKeyGenerator$ObjectCreator.run(RandomKeyGenerator.java:615)
	at java.util.concurrent.Executors$RunnableAdapter.call(Executors.java:511)
	at java.util.concurrent.FutureTask.run(FutureTask.java:266)
	at java.util.concurrent.ThreadPoolExecutor.runWorker(ThreadPoolExecutor.java:1149)
	at java.util.concurrent.ThreadPoolExecutor$Worker.run(ThreadPoolExecutor.java:624)
	at java.lang.Thread.run(Thread.java:748)
2019-09-25 07:36:02,879 [IPC Server handler 12 on 43055] ERROR pipeline.PipelinePlacementPolicy (PipelinePlacementPolicy.java:filterViableNodes(148)) - Unable to find enough nodes that meet the criteria that cannot engage in more than 5 pipelines. Nodes required: 3 Found: 0, healthy nodes count inNodeManager: 5.
2019-09-25 07:36:02,879 [IPC Server handler 12 on 43055] ERROR pipeline.SCMPipelineManager (SCMPipelineManager.java:createPipeline(167)) - Pipeline creation failed.
org.apache.hadoop.hdds.scm.exceptions.SCMException: Unable to find enough nodes that meet the criteria that cannot engage in more than 5 pipelines. Nodes required: 3 Found: 0, healthy nodes count inNodeManager: 5.
	at org.apache.hadoop.hdds.scm.pipeline.PipelinePlacementPolicy.filterViableNodes(PipelinePlacementPolicy.java:149)
	at org.apache.hadoop.hdds.scm.pipeline.PipelinePlacementPolicy.chooseDatanodes(PipelinePlacementPolicy.java:172)
	at org.apache.hadoop.hdds.scm.pipeline.RatisPipelineProvider.create(RatisPipelineProvider.java:93)
	at org.apache.hadoop.hdds.scm.pipeline.PipelineFactory.create(PipelineFactory.java:58)
	at org.apache.hadoop.hdds.scm.pipeline.SCMPipelineManager.createPipeline(SCMPipelineManager.java:155)
	at org.apache.hadoop.hdds.scm.block.BlockManagerImpl.allocateBlock(BlockManagerImpl.java:190)
	at org.apache.hadoop.hdds.scm.server.SCMBlockProtocolServer.allocateBlock(SCMBlockProtocolServer.java:182)
	at org.apache.hadoop.ozone.protocolPB.ScmBlockLocationProtocolServerSideTranslatorPB.allocateScmBlock(ScmBlockLocationProtocolServerSideTranslatorPB.java:183)
	at org.apache.hadoop.ozone.protocolPB.ScmBlockLocationProtocolServerSideTranslatorPB.processMessage(ScmBlockLocationProtocolServerSideTranslatorPB.java:141)
	at org.apache.hadoop.ozone.protocolPB.ScmBlockLocationProtocolServerSideTranslatorPB.send(ScmBlockLocationProtocolServerSideTranslatorPB.java:116)
	at org.apache.hadoop.hdds.protocol.proto.ScmBlockLocationProtocolProtos$ScmBlockLocationProtocolService$2.callBlockingMethod(ScmBlockLocationProtocolProtos.java:13157)
	at org.apache.hadoop.ipc.ProtobufRpcEngine$Server$ProtoBufRpcInvoker.call(ProtobufRpcEngine.java:524)
	at org.apache.hadoop.ipc.RPC$Server.call(RPC.java:1025)
	at org.apache.hadoop.ipc.Server$RpcCall.run(Server.java:876)
	at org.apache.hadoop.ipc.Server$RpcCall.run(Server.java:822)
	at java.security.AccessController.doPrivileged(Native Method)
	at javax.security.auth.Subject.doAs(Subject.java:422)
	at org.apache.hadoop.security.UserGroupInformation.doAs(UserGroupInformation.java:1730)
	at org.apache.hadoop.ipc.Server$Handler.run(Server.java:2682)
2019-09-25 07:36:02,880 [IPC Server handler 12 on 43055] WARN  block.BlockManagerImpl (BlockManagerImpl.java:allocateBlock(192)) - Pipeline creation failed for type:RATIS factor:THREE. Retrying get pipelines call once.
org.apache.hadoop.hdds.scm.exceptions.SCMException: Unable to find enough nodes that meet the criteria that cannot engage in more than 5 pipelines. Nodes required: 3 Found: 0, healthy nodes count inNodeManager: 5.
	at org.apache.hadoop.hdds.scm.pipeline.PipelinePlacementPolicy.filterViableNodes(PipelinePlacementPolicy.java:149)
	at org.apache.hadoop.hdds.scm.pipeline.PipelinePlacementPolicy.chooseDatanodes(PipelinePlacementPolicy.java:172)
	at org.apache.hadoop.hdds.scm.pipeline.RatisPipelineProvider.create(RatisPipelineProvider.java:93)
	at org.apache.hadoop.hdds.scm.pipeline.PipelineFactory.create(PipelineFactory.java:58)
	at org.apache.hadoop.hdds.scm.pipeline.SCMPipelineManager.createPipeline(SCMPipelineManager.java:155)
	at org.apache.hadoop.hdds.scm.block.BlockManagerImpl.allocateBlock(BlockManagerImpl.java:190)
	at org.apache.hadoop.hdds.scm.server.SCMBlockProtocolServer.allocateBlock(SCMBlockProtocolServer.java:182)
	at org.apache.hadoop.ozone.protocolPB.ScmBlockLocationProtocolServerSideTranslatorPB.allocateScmBlock(ScmBlockLocationProtocolServerSideTranslatorPB.java:183)
	at org.apache.hadoop.ozone.protocolPB.ScmBlockLocationProtocolServerSideTranslatorPB.processMessage(ScmBlockLocationProtocolServerSideTranslatorPB.java:141)
	at org.apache.hadoop.ozone.protocolPB.ScmBlockLocationProtocolServerSideTranslatorPB.send(ScmBlockLocationProtocolServerSideTranslatorPB.java:116)
	at org.apache.hadoop.hdds.protocol.proto.ScmBlockLocationProtocolProtos$ScmBlockLocationProtocolService$2.callBlockingMethod(ScmBlockLocationProtocolProtos.java:13157)
	at org.apache.hadoop.ipc.ProtobufRpcEngine$Server$ProtoBufRpcInvoker.call(ProtobufRpcEngine.java:524)
	at org.apache.hadoop.ipc.RPC$Server.call(RPC.java:1025)
	at org.apache.hadoop.ipc.Server$RpcCall.run(Server.java:876)
	at org.apache.hadoop.ipc.Server$RpcCall.run(Server.java:822)
	at java.security.AccessController.doPrivileged(Native Method)
	at javax.security.auth.Subject.doAs(Subject.java:422)
	at org.apache.hadoop.security.UserGroupInformation.doAs(UserGroupInformation.java:1730)
	at org.apache.hadoop.ipc.Server$Handler.run(Server.java:2682)
2019-09-25 07:36:02,880 [IPC Server handler 13 on 43055] INFO  pipeline.PipelinePlacementPolicy (PipelinePlacementPolicy.java:meetCriteria(91)) - Pipeline Placement: can't place more pipeline on heavy datanode： 89512cd3-5215-493c-9626-f8bc005210a2 Heaviness: 6 limit: 5
2019-09-25 07:36:02,880 [IPC Server handler 13 on 43055] INFO  pipeline.PipelinePlacementPolicy (PipelinePlacementPolicy.java:meetCriteria(91)) - Pipeline Placement: can't place more pipeline on heavy datanode： 0a03bc5e-b15f-4537-941b-10259ace1437 Heaviness: 6 limit: 5
2019-09-25 07:36:02,880 [IPC Server handler 7 on 43055] INFO  block.BlockManagerImpl (BlockManagerImpl.java:allocateBlock(198)) - Could not find available pipeline of type:RATIS and factor:THREE even after retrying
2019-09-25 07:36:02,881 [IPC Server handler 13 on 43055] INFO  pipeline.PipelinePlacementPolicy (PipelinePlacementPolicy.java:meetCriteria(91)) - Pipeline Placement: can't place more pipeline on heavy datanode： c3cf7509-27e8-499f-a871-32281ced9221 Heaviness: 6 limit: 5
2019-09-25 07:36:02,881 [IPC Server handler 7 on 43055] ERROR block.BlockManagerImpl (BlockManagerImpl.java:allocateBlock(222)) - Unable to allocate a block for the size: 4194304, type: RATIS, factor: THREE
2019-09-25 07:36:02,881 [IPC Server handler 13 on 43055] INFO  pipeline.PipelinePlacementPolicy (PipelinePlacementPolicy.java:meetCriteria(91)) - Pipeline Placement: can't place more pipeline on heavy datanode： 4f9c9097-af28-4e92-8dab-50853da08db1 Heaviness: 6 limit: 5
2019-09-25 07:36:02,881 [IPC Server handler 13 on 43055] INFO  pipeline.PipelinePlacementPolicy (PipelinePlacementPolicy.java:meetCriteria(91)) - Pipeline Placement: can't place more pipeline on heavy datanode： 20eeef1f-c0de-4bb7-8f99-fe21c95fed30 Heaviness: 6 limit: 5
2019-09-25 07:36:02,882 [IPC Server handler 13 on 43055] ERROR pipeline.PipelinePlacementPolicy (PipelinePlacementPolicy.java:filterViableNodes(148)) - Unable to find enough nodes that meet the criteria that cannot engage in more than 5 pipelines. Nodes required: 3 Found: 0, healthy nodes count inNodeManager: 5.
2019-09-25 07:36:02,882 [IPC Server handler 13 on 43055] ERROR pipeline.SCMPipelineManager (SCMPipelineManager.java:createPipeline(167)) - Pipeline creation failed.
org.apache.hadoop.hdds.scm.exceptions.SCMException: Unable to find enough nodes that meet the criteria that cannot engage in more than 5 pipelines. Nodes required: 3 Found: 0, healthy nodes count inNodeManager: 5.
	at org.apache.hadoop.hdds.scm.pipeline.PipelinePlacementPolicy.filterViableNodes(PipelinePlacementPolicy.java:149)
	at org.apache.hadoop.hdds.scm.pipeline.PipelinePlacementPolicy.chooseDatanodes(PipelinePlacementPolicy.java:172)
	at org.apache.hadoop.hdds.scm.pipeline.RatisPipelineProvider.create(RatisPipelineProvider.java:93)
	at org.apache.hadoop.hdds.scm.pipeline.PipelineFactory.create(PipelineFactory.java:58)
	at org.apache.hadoop.hdds.scm.pipeline.SCMPipelineManager.createPipeline(SCMPipelineManager.java:155)
	at org.apache.hadoop.hdds.scm.block.BlockManagerImpl.allocateBlock(BlockManagerImpl.java:190)
	at org.apache.hadoop.hdds.scm.server.SCMBlockProtocolServer.allocateBlock(SCMBlockProtocolServer.java:182)
	at org.apache.hadoop.ozone.protocolPB.ScmBlockLocationProtocolServerSideTranslatorPB.allocateScmBlock(ScmBlockLocationProtocolServerSideTranslatorPB.java:183)
	at org.apache.hadoop.ozone.protocolPB.ScmBlockLocationProtocolServerSideTranslatorPB.processMessage(ScmBlockLocationProtocolServerSideTranslatorPB.java:141)
	at org.apache.hadoop.ozone.protocolPB.ScmBlockLocationProtocolServerSideTranslatorPB.send(ScmBlockLocationProtocolServerSideTranslatorPB.java:116)
	at org.apache.hadoop.hdds.protocol.proto.ScmBlockLocationProtocolProtos$ScmBlockLocationProtocolService$2.callBlockingMethod(ScmBlockLocationProtocolProtos.java:13157)
	at org.apache.hadoop.ipc.ProtobufRpcEngine$Server$ProtoBufRpcInvoker.call(ProtobufRpcEngine.java:524)
	at org.apache.hadoop.ipc.RPC$Server.call(RPC.java:1025)
	at org.apache.hadoop.ipc.Server$RpcCall.run(Server.java:876)
	at org.apache.hadoop.ipc.Server$RpcCall.run(Server.java:822)
	at java.security.AccessController.doPrivileged(Native Method)
	at javax.security.auth.Subject.doAs(Subject.java:422)
	at org.apache.hadoop.security.UserGroupInformation.doAs(UserGroupInformation.java:1730)
	at org.apache.hadoop.ipc.Server$Handler.run(Server.java:2682)
2019-09-25 07:36:02,882 [pool-75-thread-6] ERROR freon.RandomKeyGenerator (RandomKeyGenerator.java:createKey(733)) - Exception while adding key: key-0-73633 in bucket: bucket-2-03370 of volume: vol-1-68026.
INTERNAL_ERROR org.apache.hadoop.ozone.om.exceptions.OMException: Allocated 0 blocks. Requested 1 blocks
	at org.apache.hadoop.ozone.om.protocolPB.OzoneManagerProtocolClientSideTranslatorPB.handleError(OzoneManagerProtocolClientSideTranslatorPB.java:732)
	at org.apache.hadoop.ozone.om.protocolPB.OzoneManagerProtocolClientSideTranslatorPB.openKey(OzoneManagerProtocolClientSideTranslatorPB.java:723)
	at sun.reflect.NativeMethodAccessorImpl.invoke0(Native Method)
	at sun.reflect.NativeMethodAccessorImpl.invoke(NativeMethodAccessorImpl.java:62)
	at sun.reflect.DelegatingMethodAccessorImpl.invoke(DelegatingMethodAccessorImpl.java:43)
	at java.lang.reflect.Method.invoke(Method.java:498)
	at org.apache.hadoop.hdds.tracing.TraceAllMethod.invoke(TraceAllMethod.java:66)
	at com.sun.proxy.$Proxy37.openKey(Unknown Source)
	at org.apache.hadoop.ozone.client.rpc.RpcClient.createKey(RpcClient.java:614)
	at org.apache.hadoop.ozone.client.OzoneBucket.createKey(OzoneBucket.java:325)
	at org.apache.hadoop.ozone.freon.RandomKeyGenerator.createKey(RandomKeyGenerator.java:695)
	at org.apache.hadoop.ozone.freon.RandomKeyGenerator.access$1100(RandomKeyGenerator.java:88)
	at org.apache.hadoop.ozone.freon.RandomKeyGenerator$ObjectCreator.run(RandomKeyGenerator.java:615)
	at java.util.concurrent.Executors$RunnableAdapter.call(Executors.java:511)
	at java.util.concurrent.FutureTask.run(FutureTask.java:266)
	at java.util.concurrent.ThreadPoolExecutor.runWorker(ThreadPoolExecutor.java:1149)
	at java.util.concurrent.ThreadPoolExecutor$Worker.run(ThreadPoolExecutor.java:624)
	at java.lang.Thread.run(Thread.java:748)
2019-09-25 07:36:02,882 [IPC Server handler 16 on 43055] INFO  pipeline.PipelinePlacementPolicy (PipelinePlacementPolicy.java:meetCriteria(91)) - Pipeline Placement: can't place more pipeline on heavy datanode： 89512cd3-5215-493c-9626-f8bc005210a2 Heaviness: 6 limit: 5
2019-09-25 07:36:02,883 [IPC Server handler 16 on 43055] INFO  pipeline.PipelinePlacementPolicy (PipelinePlacementPolicy.java:meetCriteria(91)) - Pipeline Placement: can't place more pipeline on heavy datanode： 0a03bc5e-b15f-4537-941b-10259ace1437 Heaviness: 6 limit: 5
2019-09-25 07:36:02,883 [IPC Server handler 16 on 43055] INFO  pipeline.PipelinePlacementPolicy (PipelinePlacementPolicy.java:meetCriteria(91)) - Pipeline Placement: can't place more pipeline on heavy datanode： c3cf7509-27e8-499f-a871-32281ced9221 Heaviness: 6 limit: 5
2019-09-25 07:36:02,883 [IPC Server handler 16 on 43055] INFO  pipeline.PipelinePlacementPolicy (PipelinePlacementPolicy.java:meetCriteria(91)) - Pipeline Placement: can't place more pipeline on heavy datanode： 4f9c9097-af28-4e92-8dab-50853da08db1 Heaviness: 6 limit: 5
2019-09-25 07:36:02,883 [IPC Server handler 16 on 43055] INFO  pipeline.PipelinePlacementPolicy (PipelinePlacementPolicy.java:meetCriteria(91)) - Pipeline Placement: can't place more pipeline on heavy datanode： 20eeef1f-c0de-4bb7-8f99-fe21c95fed30 Heaviness: 6 limit: 5
2019-09-25 07:36:02,882 [IPC Server handler 12 on 43055] INFO  block.BlockManagerImpl (BlockManagerImpl.java:allocateBlock(198)) - Could not find available pipeline of type:RATIS and factor:THREE even after retrying
2019-09-25 07:36:02,882 [IPC Server handler 13 on 43055] WARN  block.BlockManagerImpl (BlockManagerImpl.java:allocateBlock(192)) - Pipeline creation failed for type:RATIS factor:THREE. Retrying get pipelines call once.
org.apache.hadoop.hdds.scm.exceptions.SCMException: Unable to find enough nodes that meet the criteria that cannot engage in more than 5 pipelines. Nodes required: 3 Found: 0, healthy nodes count inNodeManager: 5.
	at org.apache.hadoop.hdds.scm.pipeline.PipelinePlacementPolicy.filterViableNodes(PipelinePlacementPolicy.java:149)
	at org.apache.hadoop.hdds.scm.pipeline.PipelinePlacementPolicy.chooseDatanodes(PipelinePlacementPolicy.java:172)
	at org.apache.hadoop.hdds.scm.pipeline.RatisPipelineProvider.create(RatisPipelineProvider.java:93)
	at org.apache.hadoop.hdds.scm.pipeline.PipelineFactory.create(PipelineFactory.java:58)
	at org.apache.hadoop.hdds.scm.pipeline.SCMPipelineManager.createPipeline(SCMPipelineManager.java:155)
	at org.apache.hadoop.hdds.scm.block.BlockManagerImpl.allocateBlock(BlockManagerImpl.java:190)
	at org.apache.hadoop.hdds.scm.server.SCMBlockProtocolServer.allocateBlock(SCMBlockProtocolServer.java:182)
	at org.apache.hadoop.ozone.protocolPB.ScmBlockLocationProtocolServerSideTranslatorPB.allocateScmBlock(ScmBlockLocationProtocolServerSideTranslatorPB.java:183)
	at org.apache.hadoop.ozone.protocolPB.ScmBlockLocationProtocolServerSideTranslatorPB.processMessage(ScmBlockLocationProtocolServerSideTranslatorPB.java:141)
	at org.apache.hadoop.ozone.protocolPB.ScmBlockLocationProtocolServerSideTranslatorPB.send(ScmBlockLocationProtocolServerSideTranslatorPB.java:116)
	at org.apache.hadoop.hdds.protocol.proto.ScmBlockLocationProtocolProtos$ScmBlockLocationProtocolService$2.callBlockingMethod(ScmBlockLocationProtocolProtos.java:13157)
	at org.apache.hadoop.ipc.ProtobufRpcEngine$Server$ProtoBufRpcInvoker.call(ProtobufRpcEngine.java:524)
	at org.apache.hadoop.ipc.RPC$Server.call(RPC.java:1025)
	at org.apache.hadoop.ipc.Server$RpcCall.run(Server.java:876)
	at org.apache.hadoop.ipc.Server$RpcCall.run(Server.java:822)
	at java.security.AccessController.doPrivileged(Native Method)
	at javax.security.auth.Subject.doAs(Subject.java:422)
	at org.apache.hadoop.security.UserGroupInformation.doAs(UserGroupInformation.java:1730)
	at org.apache.hadoop.ipc.Server$Handler.run(Server.java:2682)
2019-09-25 07:36:02,884 [IPC Server handler 12 on 43055] ERROR block.BlockManagerImpl (BlockManagerImpl.java:allocateBlock(222)) - Unable to allocate a block for the size: 4194304, type: RATIS, factor: THREE
2019-09-25 07:36:02,884 [IPC Server handler 16 on 43055] ERROR pipeline.PipelinePlacementPolicy (PipelinePlacementPolicy.java:filterViableNodes(148)) - Unable to find enough nodes that meet the criteria that cannot engage in more than 5 pipelines. Nodes required: 3 Found: 0, healthy nodes count inNodeManager: 5.
2019-09-25 07:36:02,885 [IPC Server handler 16 on 43055] ERROR pipeline.SCMPipelineManager (SCMPipelineManager.java:createPipeline(167)) - Pipeline creation failed.
org.apache.hadoop.hdds.scm.exceptions.SCMException: Unable to find enough nodes that meet the criteria that cannot engage in more than 5 pipelines. Nodes required: 3 Found: 0, healthy nodes count inNodeManager: 5.
	at org.apache.hadoop.hdds.scm.pipeline.PipelinePlacementPolicy.filterViableNodes(PipelinePlacementPolicy.java:149)
	at org.apache.hadoop.hdds.scm.pipeline.PipelinePlacementPolicy.chooseDatanodes(PipelinePlacementPolicy.java:172)
	at org.apache.hadoop.hdds.scm.pipeline.RatisPipelineProvider.create(RatisPipelineProvider.java:93)
	at org.apache.hadoop.hdds.scm.pipeline.PipelineFactory.create(PipelineFactory.java:58)
	at org.apache.hadoop.hdds.scm.pipeline.SCMPipelineManager.createPipeline(SCMPipelineManager.java:155)
	at org.apache.hadoop.hdds.scm.block.BlockManagerImpl.allocateBlock(BlockManagerImpl.java:190)
	at org.apache.hadoop.hdds.scm.server.SCMBlockProtocolServer.allocateBlock(SCMBlockProtocolServer.java:182)
	at org.apache.hadoop.ozone.protocolPB.ScmBlockLocationProtocolServerSideTranslatorPB.allocateScmBlock(ScmBlockLocationProtocolServerSideTranslatorPB.java:183)
	at org.apache.hadoop.ozone.protocolPB.ScmBlockLocationProtocolServerSideTranslatorPB.processMessage(ScmBlockLocationProtocolServerSideTranslatorPB.java:141)
	at org.apache.hadoop.ozone.protocolPB.ScmBlockLocationProtocolServerSideTranslatorPB.send(ScmBlockLocationProtocolServerSideTranslatorPB.java:116)
	at org.apache.hadoop.hdds.protocol.proto.ScmBlockLocationProtocolProtos$ScmBlockLocationProtocolService$2.callBlockingMethod(ScmBlockLocationProtocolProtos.java:13157)
	at org.apache.hadoop.ipc.ProtobufRpcEngine$Server$ProtoBufRpcInvoker.call(ProtobufRpcEngine.java:524)
	at org.apache.hadoop.ipc.RPC$Server.call(RPC.java:1025)
	at org.apache.hadoop.ipc.Server$RpcCall.run(Server.java:876)
	at org.apache.hadoop.ipc.Server$RpcCall.run(Server.java:822)
	at java.security.AccessController.doPrivileged(Native Method)
	at javax.security.auth.Subject.doAs(Subject.java:422)
	at org.apache.hadoop.security.UserGroupInformation.doAs(UserGroupInformation.java:1730)
	at org.apache.hadoop.ipc.Server$Handler.run(Server.java:2682)
2019-09-25 07:36:02,885 [IPC Server handler 16 on 43055] WARN  block.BlockManagerImpl (BlockManagerImpl.java:allocateBlock(192)) - Pipeline creation failed for type:RATIS factor:THREE. Retrying get pipelines call once.
org.apache.hadoop.hdds.scm.exceptions.SCMException: Unable to find enough nodes that meet the criteria that cannot engage in more than 5 pipelines. Nodes required: 3 Found: 0, healthy nodes count inNodeManager: 5.
	at org.apache.hadoop.hdds.scm.pipeline.PipelinePlacementPolicy.filterViableNodes(PipelinePlacementPolicy.java:149)
	at org.apache.hadoop.hdds.scm.pipeline.PipelinePlacementPolicy.chooseDatanodes(PipelinePlacementPolicy.java:172)
	at org.apache.hadoop.hdds.scm.pipeline.RatisPipelineProvider.create(RatisPipelineProvider.java:93)
	at org.apache.hadoop.hdds.scm.pipeline.PipelineFactory.create(PipelineFactory.java:58)
	at org.apache.hadoop.hdds.scm.pipeline.SCMPipelineManager.createPipeline(SCMPipelineManager.java:155)
	at org.apache.hadoop.hdds.scm.block.BlockManagerImpl.allocateBlock(BlockManagerImpl.java:190)
	at org.apache.hadoop.hdds.scm.server.SCMBlockProtocolServer.allocateBlock(SCMBlockProtocolServer.java:182)
	at org.apache.hadoop.ozone.protocolPB.ScmBlockLocationProtocolServerSideTranslatorPB.allocateScmBlock(ScmBlockLocationProtocolServerSideTranslatorPB.java:183)
	at org.apache.hadoop.ozone.protocolPB.ScmBlockLocationProtocolServerSideTranslatorPB.processMessage(ScmBlockLocationProtocolServerSideTranslatorPB.java:141)
	at org.apache.hadoop.ozone.protocolPB.ScmBlockLocationProtocolServerSideTranslatorPB.send(ScmBlockLocationProtocolServerSideTranslatorPB.java:116)
	at org.apache.hadoop.hdds.protocol.proto.ScmBlockLocationProtocolProtos$ScmBlockLocationProtocolService$2.callBlockingMethod(ScmBlockLocationProtocolProtos.java:13157)
	at org.apache.hadoop.ipc.ProtobufRpcEngine$Server$ProtoBufRpcInvoker.call(ProtobufRpcEngine.java:524)
	at org.apache.hadoop.ipc.RPC$Server.call(RPC.java:1025)
	at org.apache.hadoop.ipc.Server$RpcCall.run(Server.java:876)
	at org.apache.hadoop.ipc.Server$RpcCall.run(Server.java:822)
	at java.security.AccessController.doPrivileged(Native Method)
	at javax.security.auth.Subject.doAs(Subject.java:422)
	at org.apache.hadoop.security.UserGroupInformation.doAs(UserGroupInformation.java:1730)
	at org.apache.hadoop.ipc.Server$Handler.run(Server.java:2682)
2019-09-25 07:36:02,885 [IPC Server handler 13 on 43055] INFO  block.BlockManagerImpl (BlockManagerImpl.java:allocateBlock(198)) - Could not find available pipeline of type:RATIS and factor:THREE even after retrying
2019-09-25 07:36:02,885 [pool-75-thread-10] ERROR freon.RandomKeyGenerator (RandomKeyGenerator.java:createKey(733)) - Exception while adding key: key-0-44403 in bucket: bucket-4-50474 of volume: vol-1-68026.
INTERNAL_ERROR org.apache.hadoop.ozone.om.exceptions.OMException: Allocated 0 blocks. Requested 1 blocks
	at org.apache.hadoop.ozone.om.protocolPB.OzoneManagerProtocolClientSideTranslatorPB.handleError(OzoneManagerProtocolClientSideTranslatorPB.java:732)
	at org.apache.hadoop.ozone.om.protocolPB.OzoneManagerProtocolClientSideTranslatorPB.openKey(OzoneManagerProtocolClientSideTranslatorPB.java:723)
	at sun.reflect.NativeMethodAccessorImpl.invoke0(Native Method)
	at sun.reflect.NativeMethodAccessorImpl.invoke(NativeMethodAccessorImpl.java:62)
	at sun.reflect.DelegatingMethodAccessorImpl.invoke(DelegatingMethodAccessorImpl.java:43)
	at java.lang.reflect.Method.invoke(Method.java:498)
	at org.apache.hadoop.hdds.tracing.TraceAllMethod.invoke(TraceAllMethod.java:66)
	at com.sun.proxy.$Proxy37.openKey(Unknown Source)
	at org.apache.hadoop.ozone.client.rpc.RpcClient.createKey(RpcClient.java:614)
	at org.apache.hadoop.ozone.client.OzoneBucket.createKey(OzoneBucket.java:325)
	at org.apache.hadoop.ozone.freon.RandomKeyGenerator.createKey(RandomKeyGenerator.java:695)
	at org.apache.hadoop.ozone.freon.RandomKeyGenerator.access$1100(RandomKeyGenerator.java:88)
	at org.apache.hadoop.ozone.freon.RandomKeyGenerator$ObjectCreator.run(RandomKeyGenerator.java:615)
	at java.util.concurrent.Executors$RunnableAdapter.call(Executors.java:511)
	at java.util.concurrent.FutureTask.run(FutureTask.java:266)
	at java.util.concurrent.ThreadPoolExecutor.runWorker(ThreadPoolExecutor.java:1149)
	at java.util.concurrent.ThreadPoolExecutor$Worker.run(ThreadPoolExecutor.java:624)
	at java.lang.Thread.run(Thread.java:748)
2019-09-25 07:36:02,885 [IPC Server handler 16 on 43055] INFO  block.BlockManagerImpl (BlockManagerImpl.java:allocateBlock(198)) - Could not find available pipeline of type:RATIS and factor:THREE even after retrying
2019-09-25 07:36:02,886 [IPC Server handler 16 on 43055] ERROR block.BlockManagerImpl (BlockManagerImpl.java:allocateBlock(222)) - Unable to allocate a block for the size: 4194304, type: RATIS, factor: THREE
2019-09-25 07:36:02,886 [IPC Server handler 13 on 43055] ERROR block.BlockManagerImpl (BlockManagerImpl.java:allocateBlock(222)) - Unable to allocate a block for the size: 4194304, type: RATIS, factor: THREE
2019-09-25 07:36:02,887 [pool-75-thread-3] ERROR freon.RandomKeyGenerator (RandomKeyGenerator.java:createKey(733)) - Exception while adding key: key-0-96979 in bucket: bucket-2-81800 of volume: vol-0-55439.
INTERNAL_ERROR org.apache.hadoop.ozone.om.exceptions.OMException: Allocated 0 blocks. Requested 1 blocks
	at org.apache.hadoop.ozone.om.protocolPB.OzoneManagerProtocolClientSideTranslatorPB.handleError(OzoneManagerProtocolClientSideTranslatorPB.java:732)
	at org.apache.hadoop.ozone.om.protocolPB.OzoneManagerProtocolClientSideTranslatorPB.openKey(OzoneManagerProtocolClientSideTranslatorPB.java:723)
	at sun.reflect.NativeMethodAccessorImpl.invoke0(Native Method)
	at sun.reflect.NativeMethodAccessorImpl.invoke(NativeMethodAccessorImpl.java:62)
	at sun.reflect.DelegatingMethodAccessorImpl.invoke(DelegatingMethodAccessorImpl.java:43)
	at java.lang.reflect.Method.invoke(Method.java:498)
	at org.apache.hadoop.hdds.tracing.TraceAllMethod.invoke(TraceAllMethod.java:66)
	at com.sun.proxy.$Proxy37.openKey(Unknown Source)
	at org.apache.hadoop.ozone.client.rpc.RpcClient.createKey(RpcClient.java:614)
	at org.apache.hadoop.ozone.client.OzoneBucket.createKey(OzoneBucket.java:325)
	at org.apache.hadoop.ozone.freon.RandomKeyGenerator.createKey(RandomKeyGenerator.java:695)
	at org.apache.hadoop.ozone.freon.RandomKeyGenerator.access$1100(RandomKeyGenerator.java:88)
	at org.apache.hadoop.ozone.freon.RandomKeyGenerator$ObjectCreator.run(RandomKeyGenerator.java:615)
	at java.util.concurrent.Executors$RunnableAdapter.call(Executors.java:511)
	at java.util.concurrent.FutureTask.run(FutureTask.java:266)
	at java.util.concurrent.ThreadPoolExecutor.runWorker(ThreadPoolExecutor.java:1149)
	at java.util.concurrent.ThreadPoolExecutor$Worker.run(ThreadPoolExecutor.java:624)
	at java.lang.Thread.run(Thread.java:748)
2019-09-25 07:36:02,887 [pool-75-thread-8] ERROR freon.RandomKeyGenerator (RandomKeyGenerator.java:createKey(733)) - Exception while adding key: key-0-86606 in bucket: bucket-3-41149 of volume: vol-1-68026.
INTERNAL_ERROR org.apache.hadoop.ozone.om.exceptions.OMException: Allocated 0 blocks. Requested 1 blocks
	at org.apache.hadoop.ozone.om.protocolPB.OzoneManagerProtocolClientSideTranslatorPB.handleError(OzoneManagerProtocolClientSideTranslatorPB.java:732)
	at org.apache.hadoop.ozone.om.protocolPB.OzoneManagerProtocolClientSideTranslatorPB.openKey(OzoneManagerProtocolClientSideTranslatorPB.java:723)
	at sun.reflect.NativeMethodAccessorImpl.invoke0(Native Method)
	at sun.reflect.NativeMethodAccessorImpl.invoke(NativeMethodAccessorImpl.java:62)
	at sun.reflect.DelegatingMethodAccessorImpl.invoke(DelegatingMethodAccessorImpl.java:43)
	at java.lang.reflect.Method.invoke(Method.java:498)
	at org.apache.hadoop.hdds.tracing.TraceAllMethod.invoke(TraceAllMethod.java:66)
	at com.sun.proxy.$Proxy37.openKey(Unknown Source)
	at org.apache.hadoop.ozone.client.rpc.RpcClient.createKey(RpcClient.java:614)
	at org.apache.hadoop.ozone.client.OzoneBucket.createKey(OzoneBucket.java:325)
	at org.apache.hadoop.ozone.freon.RandomKeyGenerator.createKey(RandomKeyGenerator.java:695)
	at org.apache.hadoop.ozone.freon.RandomKeyGenerator.access$1100(RandomKeyGenerator.java:88)
	at org.apache.hadoop.ozone.freon.RandomKeyGenerator$ObjectCreator.run(RandomKeyGenerator.java:615)
	at java.util.concurrent.Executors$RunnableAdapter.call(Executors.java:511)
	at java.util.concurrent.FutureTask.run(FutureTask.java:266)
	at java.util.concurrent.ThreadPoolExecutor.runWorker(ThreadPoolExecutor.java:1149)
	at java.util.concurrent.ThreadPoolExecutor$Worker.run(ThreadPoolExecutor.java:624)
	at java.lang.Thread.run(Thread.java:748)
 0.00% |█                                                                                                    |  0/100 Time: 0:00:01 0.00% |█                                                                                                    |  0/100 Time: 0:00:02 0.00% |█                                                                                                    |  0/100 Time: 0:00:03 0.00% |█                                                                                                    |  0/100 Time: 0:00:04 100.00% |█████████████████████████████████████████████████████████████████████████████████████████████████████|  100/100 Time: 0:00:05
]]></system-out>
  </testcase>
</testsuite>