<?xml version="1.0" encoding="UTF-8"?>
<testsuite xmlns:xsi="http://www.w3.org/2001/XMLSchema-instance" xsi:noNamespaceSchemaLocation="https://maven.apache.org/surefire/maven-surefire-plugin/xsd/surefire-test-report.xsd" name="org.apache.hadoop.ozone.freon.TestDataValidateWithDummyContainers" time="35.708" tests="3" errors="2" skipped="0" failures="0">
  <properties>
    <property name="awt.toolkit" value="sun.awt.X11.XToolkit"/>
    <property name="file.encoding.pkg" value="sun.io"/>
    <property name="java.specification.version" value="1.8"/>
    <property name="sun.cpu.isalist" value=""/>
    <property name="sun.jnu.encoding" value="UTF-8"/>
    <property name="java.class.path" value="/workdir/hadoop-ozone/tools/target/test-classes:/workdir/hadoop-ozone/tools/target/classes:/home/user/.m2/repository/org/apache/hadoop/hadoop-ozone-ozone-manager/0.5.0-SNAPSHOT/hadoop-ozone-ozone-manager-0.5.0-SNAPSHOT.jar:/home/user/.m2/repository/org/apache/hadoop/hadoop-hdds-docs/0.5.0-SNAPSHOT/hadoop-hdds-docs-0.5.0-SNAPSHOT.jar:/home/user/.m2/repository/org/bouncycastle/bcprov-jdk15on/1.60/bcprov-jdk15on-1.60.jar:/home/user/.m2/repository/org/apache/hadoop/hadoop-ozone-common/0.5.0-SNAPSHOT/hadoop-ozone-common-0.5.0-SNAPSHOT.jar:/home/user/.m2/repository/org/apache/commons/commons-compress/1.4.1/commons-compress-1.4.1.jar:/home/user/.m2/repository/org/tukaani/xz/1.0/xz-1.0.jar:/home/user/.m2/repository/org/apache/hadoop/hadoop-hdfs-client/3.2.0/hadoop-hdfs-client-3.2.0.jar:/home/user/.m2/repository/com/fasterxml/jackson/core/jackson-annotations/2.9.9/jackson-annotations-2.9.9.jar:/home/user/.m2/repository/org/apache/hadoop/hadoop-hdds-common/0.5.0-SNAPSHOT/hadoop-hdds-common-0.5.0-SNAPSHOT.jar:/home/user/.m2/repository/org/apache/hadoop/hadoop-hdds-config/0.5.0-SNAPSHOT/hadoop-hdds-config-0.5.0-SNAPSHOT.jar:/home/user/.m2/repository/javax/annotation/javax.annotation-api/1.2/javax.annotation-api-1.2.jar:/home/user/.m2/repository/org/apache/ratis/ratis-server/0.4.0/ratis-server-0.4.0.jar:/home/user/.m2/repository/org/apache/ratis/ratis-thirdparty-misc/0.2.0/ratis-thirdparty-misc-0.2.0.jar:/home/user/.m2/repository/org/apache/ratis/ratis-proto/0.4.0/ratis-proto-0.4.0.jar:/home/user/.m2/repository/org/apache/ratis/ratis-common/0.4.0/ratis-common-0.4.0.jar:/home/user/.m2/repository/org/apache/ratis/ratis-client/0.4.0/ratis-client-0.4.0.jar:/home/user/.m2/repository/org/apache/ratis/ratis-metrics/0.4.0/ratis-metrics-0.4.0.jar:/home/user/.m2/repository/com/github/joshelser/dropwizard-metrics-hadoop-metrics2-reporter/0.1.2/dropwizard-metrics-hadoop-metrics2-reporter-0.1.2.jar:/home/user/.m2/repository/io/dropwizard/metrics/metrics-jvm/3.2.5/metrics-jvm-3.2.5.jar:/home/user/.m2/repository/io/dropwizard/metrics/metrics-ganglia/3.2.5/metrics-ganglia-3.2.5.jar:/home/user/.m2/repository/info/ganglia/gmetric4j/gmetric4j/1.0.7/gmetric4j-1.0.7.jar:/home/user/.m2/repository/org/apache/ratis/ratis-netty/0.4.0/ratis-netty-0.4.0.jar:/home/user/.m2/repository/org/apache/ratis/ratis-grpc/0.4.0/ratis-grpc-0.4.0.jar:/home/user/.m2/repository/org/rocksdb/rocksdbjni/6.0.1/rocksdbjni-6.0.1.jar:/home/user/.m2/repository/org/apache/logging/log4j/log4j-api/2.11.0/log4j-api-2.11.0.jar:/home/user/.m2/repository/org/apache/logging/log4j/log4j-core/2.11.0/log4j-core-2.11.0.jar:/home/user/.m2/repository/com/lmax/disruptor/3.4.2/disruptor-3.4.2.jar:/home/user/.m2/repository/org/apache/commons/commons-pool2/2.6.0/commons-pool2-2.6.0.jar:/home/user/.m2/repository/org/bouncycastle/bcpkix-jdk15on/1.60/bcpkix-jdk15on-1.60.jar:/home/user/.m2/repository/commons-validator/commons-validator/1.6/commons-validator-1.6.jar:/home/user/.m2/repository/commons-digester/commons-digester/1.8.1/commons-digester-1.8.1.jar:/home/user/.m2/repository/io/jaegertracing/jaeger-client/0.34.0/jaeger-client-0.34.0.jar:/home/user/.m2/repository/io/jaegertracing/jaeger-thrift/0.34.0/jaeger-thrift-0.34.0.jar:/home/user/.m2/repository/org/apache/thrift/libthrift/0.12.0/libthrift-0.12.0.jar:/home/user/.m2/repository/com/squareup/okhttp3/okhttp/3.9.0/okhttp-3.9.0.jar:/home/user/.m2/repository/com/squareup/okio/okio/1.13.0/okio-1.13.0.jar:/home/user/.m2/repository/io/jaegertracing/jaeger-core/0.34.0/jaeger-core-0.34.0.jar:/home/user/.m2/repository/io/jaegertracing/jaeger-tracerresolver/0.34.0/jaeger-tracerresolver-0.34.0.jar:/home/user/.m2/repository/io/opentracing/contrib/opentracing-tracerresolver/0.1.5/opentracing-tracerresolver-0.1.5.jar:/home/user/.m2/repository/io/opentracing/opentracing-util/0.31.0/opentracing-util-0.31.0.jar:/home/user/.m2/repository/io/opentracing/opentracing-api/0.31.0/opentracing-api-0.31.0.jar:/home/user/.m2/repository/io/opentracing/opentracing-noop/0.31.0/opentracing-noop-0.31.0.jar:/home/user/.m2/repository/org/yaml/snakeyaml/1.16/snakeyaml-1.16.jar:/home/user/.m2/repository/org/apache/hadoop/hadoop-hdds-container-service/0.5.0-SNAPSHOT/hadoop-hdds-container-service-0.5.0-SNAPSHOT.jar:/home/user/.m2/repository/org/apache/hadoop/hadoop-hdds-client/0.5.0-SNAPSHOT/hadoop-hdds-client-0.5.0-SNAPSHOT.jar:/home/user/.m2/repository/org/apache/hadoop/hadoop-hdds-tools/0.5.0-SNAPSHOT/hadoop-hdds-tools-0.5.0-SNAPSHOT.jar:/home/user/.m2/repository/org/xerial/sqlite-jdbc/3.25.2/sqlite-jdbc-3.25.2.jar:/home/user/.m2/repository/org/apache/hadoop/hadoop-hdds-server-scm/0.5.0-SNAPSHOT/hadoop-hdds-server-scm-0.5.0-SNAPSHOT.jar:/home/user/.m2/repository/org/hamcrest/hamcrest-all/1.3/hamcrest-all-1.3.jar:/home/user/.m2/repository/info/picocli/picocli/3.9.6/picocli-3.9.6.jar:/home/user/.m2/repository/com/google/protobuf/protobuf-java/2.5.0/protobuf-java-2.5.0.jar:/home/user/.m2/repository/com/google/guava/guava/11.0.2/guava-11.0.2.jar:/home/user/.m2/repository/org/apache/hadoop/hadoop-ozone-client/0.5.0-SNAPSHOT/hadoop-ozone-client-0.5.0-SNAPSHOT.jar:/workdir/hadoop-ozone/ozonefs/target/classes:/home/user/.m2/repository/org/apache/hadoop/hadoop-hdds-server-framework/0.5.0-SNAPSHOT/hadoop-hdds-server-framework-0.5.0-SNAPSHOT.jar:/home/user/.m2/repository/org/apache/hadoop/hadoop-common/3.2.0/hadoop-common-3.2.0.jar:/home/user/.m2/repository/org/apache/hadoop/hadoop-annotations/3.2.0/hadoop-annotations-3.2.0.jar:/usr/lib/jvm/java-1.8-openjdk/jre/../lib/tools.jar:/home/user/.m2/repository/commons-cli/commons-cli/1.2/commons-cli-1.2.jar:/home/user/.m2/repository/org/apache/commons/commons-math3/3.1.1/commons-math3-3.1.1.jar:/home/user/.m2/repository/org/apache/httpcomponents/httpclient/4.5.2/httpclient-4.5.2.jar:/home/user/.m2/repository/org/apache/httpcomponents/httpcore/4.4.4/httpcore-4.4.4.jar:/home/user/.m2/repository/commons-codec/commons-codec/1.11/commons-codec-1.11.jar:/home/user/.m2/repository/commons-io/commons-io/2.5/commons-io-2.5.jar:/home/user/.m2/repository/commons-net/commons-net/3.6/commons-net-3.6.jar:/home/user/.m2/repository/commons-collections/commons-collections/3.2.2/commons-collections-3.2.2.jar:/home/user/.m2/repository/javax/servlet/javax.servlet-api/3.1.0/javax.servlet-api-3.1.0.jar:/home/user/.m2/repository/org/eclipse/jetty/jetty-server/9.3.25.v20180904/jetty-server-9.3.25.v20180904.jar:/home/user/.m2/repository/org/eclipse/jetty/jetty-http/9.3.25.v20180904/jetty-http-9.3.25.v20180904.jar:/home/user/.m2/repository/org/eclipse/jetty/jetty-io/9.3.25.v20180904/jetty-io-9.3.25.v20180904.jar:/home/user/.m2/repository/org/eclipse/jetty/jetty-util/9.3.25.v20180904/jetty-util-9.3.25.v20180904.jar:/home/user/.m2/repository/org/eclipse/jetty/jetty-servlet/9.3.25.v20180904/jetty-servlet-9.3.25.v20180904.jar:/home/user/.m2/repository/org/eclipse/jetty/jetty-security/9.3.25.v20180904/jetty-security-9.3.25.v20180904.jar:/home/user/.m2/repository/org/eclipse/jetty/jetty-webapp/9.3.25.v20180904/jetty-webapp-9.3.25.v20180904.jar:/home/user/.m2/repository/org/eclipse/jetty/jetty-xml/9.3.25.v20180904/jetty-xml-9.3.25.v20180904.jar:/home/user/.m2/repository/javax/servlet/jsp/jsp-api/2.1/jsp-api-2.1.jar:/home/user/.m2/repository/com/sun/jersey/jersey-core/1.19/jersey-core-1.19.jar:/home/user/.m2/repository/javax/ws/rs/jsr311-api/1.1.1/jsr311-api-1.1.1.jar:/home/user/.m2/repository/com/sun/jersey/jersey-servlet/1.19/jersey-servlet-1.19.jar:/home/user/.m2/repository/com/sun/jersey/jersey-json/1.19/jersey-json-1.19.jar:/home/user/.m2/repository/org/codehaus/jettison/jettison/1.1/jettison-1.1.jar:/home/user/.m2/repository/com/sun/xml/bind/jaxb-impl/2.3.0.1/jaxb-impl-2.3.0.1.jar:/home/user/.m2/repository/org/codehaus/jackson/jackson-core-asl/1.9.13/jackson-core-asl-1.9.13.jar:/home/user/.m2/repository/org/codehaus/jackson/jackson-mapper-asl/1.9.13/jackson-mapper-asl-1.9.13.jar:/home/user/.m2/repository/org/codehaus/jackson/jackson-jaxrs/1.9.13/jackson-jaxrs-1.9.13.jar:/home/user/.m2/repository/org/codehaus/jackson/jackson-xc/1.9.13/jackson-xc-1.9.13.jar:/home/user/.m2/repository/com/sun/jersey/jersey-server/1.19/jersey-server-1.19.jar:/home/user/.m2/repository/commons-logging/commons-logging/1.1.3/commons-logging-1.1.3.jar:/home/user/.m2/repository/log4j/log4j/1.2.17/log4j-1.2.17.jar:/home/user/.m2/repository/commons-beanutils/commons-beanutils/1.9.4/commons-beanutils-1.9.4.jar:/home/user/.m2/repository/org/apache/commons/commons-configuration2/2.1.1/commons-configuration2-2.1.1.jar:/home/user/.m2/repository/org/apache/commons/commons-lang3/3.7/commons-lang3-3.7.jar:/home/user/.m2/repository/org/apache/commons/commons-text/1.4/commons-text-1.4.jar:/home/user/.m2/repository/org/slf4j/slf4j-api/1.7.25/slf4j-api-1.7.25.jar:/home/user/.m2/repository/org/slf4j/slf4j-log4j12/1.7.25/slf4j-log4j12-1.7.25.jar:/home/user/.m2/repository/org/apache/avro/avro/1.7.7/avro-1.7.7.jar:/home/user/.m2/repository/com/thoughtworks/paranamer/paranamer/2.3/paranamer-2.3.jar:/home/user/.m2/repository/org/xerial/snappy/snappy-java/1.0.5/snappy-java-1.0.5.jar:/home/user/.m2/repository/com/google/re2j/re2j/1.1/re2j-1.1.jar:/home/user/.m2/repository/com/google/code/gson/gson/2.2.4/gson-2.2.4.jar:/home/user/.m2/repository/org/apache/hadoop/hadoop-auth/3.2.0/hadoop-auth-3.2.0.jar:/home/user/.m2/repository/com/nimbusds/nimbus-jose-jwt/4.41.1/nimbus-jose-jwt-4.41.1.jar:/home/user/.m2/repository/com/github/stephenc/jcip/jcip-annotations/1.0-1/jcip-annotations-1.0-1.jar:/home/user/.m2/repository/net/minidev/json-smart/2.3/json-smart-2.3.jar:/home/user/.m2/repository/net/minidev/accessors-smart/1.2/accessors-smart-1.2.jar:/home/user/.m2/repository/org/apache/curator/curator-framework/2.12.0/curator-framework-2.12.0.jar:/home/user/.m2/repository/com/jcraft/jsch/0.1.54/jsch-0.1.54.jar:/home/user/.m2/repository/org/apache/curator/curator-client/2.12.0/curator-client-2.12.0.jar:/home/user/.m2/repository/org/apache/curator/curator-recipes/2.12.0/curator-recipes-2.12.0.jar:/home/user/.m2/repository/com/google/code/findbugs/jsr305/3.0.0/jsr305-3.0.0.jar:/home/user/.m2/repository/org/apache/htrace/htrace-core4/4.1.0-incubating/htrace-core4-4.1.0-incubating.jar:/home/user/.m2/repository/org/apache/zookeeper/zookeeper/3.4.13/zookeeper-3.4.13.jar:/home/user/.m2/repository/jline/jline/0.9.94/jline-0.9.94.jar:/home/user/.m2/repository/org/apache/yetus/audience-annotations/0.5.0/audience-annotations-0.5.0.jar:/home/user/.m2/repository/org/apache/kerby/kerb-simplekdc/1.0.1/kerb-simplekdc-1.0.1.jar:/home/user/.m2/repository/org/apache/kerby/kerb-client/1.0.1/kerb-client-1.0.1.jar:/home/user/.m2/repository/org/apache/kerby/kerby-config/1.0.1/kerby-config-1.0.1.jar:/home/user/.m2/repository/org/apache/kerby/kerb-core/1.0.1/kerb-core-1.0.1.jar:/home/user/.m2/repository/org/apache/kerby/kerby-pkix/1.0.1/kerby-pkix-1.0.1.jar:/home/user/.m2/repository/org/apache/kerby/kerby-asn1/1.0.1/kerby-asn1-1.0.1.jar:/home/user/.m2/repository/org/apache/kerby/kerby-util/1.0.1/kerby-util-1.0.1.jar:/home/user/.m2/repository/org/apache/kerby/kerb-common/1.0.1/kerb-common-1.0.1.jar:/home/user/.m2/repository/org/apache/kerby/kerb-crypto/1.0.1/kerb-crypto-1.0.1.jar:/home/user/.m2/repository/org/apache/kerby/kerb-util/1.0.1/kerb-util-1.0.1.jar:/home/user/.m2/repository/org/apache/kerby/token-provider/1.0.1/token-provider-1.0.1.jar:/home/user/.m2/repository/org/apache/kerby/kerb-admin/1.0.1/kerb-admin-1.0.1.jar:/home/user/.m2/repository/org/apache/kerby/kerb-server/1.0.1/kerb-server-1.0.1.jar:/home/user/.m2/repository/org/apache/kerby/kerb-identity/1.0.1/kerb-identity-1.0.1.jar:/home/user/.m2/repository/org/apache/kerby/kerby-xdr/1.0.1/kerby-xdr-1.0.1.jar:/home/user/.m2/repository/com/fasterxml/jackson/core/jackson-databind/2.9.9/jackson-databind-2.9.9.jar:/home/user/.m2/repository/com/fasterxml/jackson/core/jackson-core/2.9.9/jackson-core-2.9.9.jar:/home/user/.m2/repository/org/codehaus/woodstox/stax2-api/3.1.4/stax2-api-3.1.4.jar:/home/user/.m2/repository/com/fasterxml/woodstox/woodstox-core/5.0.3/woodstox-core-5.0.3.jar:/home/user/.m2/repository/dnsjava/dnsjava/2.1.7/dnsjava-2.1.7.jar:/home/user/.m2/repository/org/apache/hadoop/hadoop-hdfs/3.2.0/hadoop-hdfs-3.2.0.jar:/home/user/.m2/repository/org/eclipse/jetty/jetty-util-ajax/9.3.25.v20180904/jetty-util-ajax-9.3.25.v20180904.jar:/home/user/.m2/repository/commons-daemon/commons-daemon/1.0.13/commons-daemon-1.0.13.jar:/home/user/.m2/repository/io/netty/netty/3.10.5.Final/netty-3.10.5.Final.jar:/home/user/.m2/repository/io/netty/netty-all/4.0.52.Final/netty-all-4.0.52.Final.jar:/home/user/.m2/repository/org/fusesource/leveldbjni/leveldbjni-all/1.8/leveldbjni-all-1.8.jar:/home/user/.m2/repository/com/sun/xml/bind/jaxb-core/2.3.0.1/jaxb-core-2.3.0.1.jar:/home/user/.m2/repository/javax/xml/bind/jaxb-api/2.3.0/jaxb-api-2.3.0.jar:/home/user/.m2/repository/javax/activation/activation/1.1.1/activation-1.1.1.jar:/home/user/.m2/repository/io/dropwizard/metrics/metrics-core/3.2.4/metrics-core-3.2.4.jar:/home/user/.m2/repository/org/openjdk/jmh/jmh-core/1.19/jmh-core-1.19.jar:/home/user/.m2/repository/net/sf/jopt-simple/jopt-simple/4.6/jopt-simple-4.6.jar:/home/user/.m2/repository/org/openjdk/jmh/jmh-generator-annprocess/1.19/jmh-generator-annprocess-1.19.jar:/home/user/.m2/repository/com/amazonaws/aws-java-sdk-s3/1.11.615/aws-java-sdk-s3-1.11.615.jar:/home/user/.m2/repository/com/amazonaws/aws-java-sdk-kms/1.11.615/aws-java-sdk-kms-1.11.615.jar:/home/user/.m2/repository/com/amazonaws/aws-java-sdk-core/1.11.615/aws-java-sdk-core-1.11.615.jar:/home/user/.m2/repository/software/amazon/ion/ion-java/1.0.2/ion-java-1.0.2.jar:/home/user/.m2/repository/com/fasterxml/jackson/dataformat/jackson-dataformat-cbor/2.9.9/jackson-dataformat-cbor-2.9.9.jar:/home/user/.m2/repository/joda-time/joda-time/2.9.9/joda-time-2.9.9.jar:/home/user/.m2/repository/com/amazonaws/jmespath-java/1.11.615/jmespath-java-1.11.615.jar:/home/user/.m2/repository/com/google/code/findbugs/findbugs/3.0.1/findbugs-3.0.1.jar:/home/user/.m2/repository/net/jcip/jcip-annotations/1.0/jcip-annotations-1.0.jar:/home/user/.m2/repository/com/google/code/findbugs/bcel-findbugs/6.0/bcel-findbugs-6.0.jar:/home/user/.m2/repository/com/google/code/findbugs/jFormatString/2.0.1/jFormatString-2.0.1.jar:/home/user/.m2/repository/dom4j/dom4j/1.6.1/dom4j-1.6.1.jar:/home/user/.m2/repository/xml-apis/xml-apis/1.0.b2/xml-apis-1.0.b2.jar:/home/user/.m2/repository/org/ow2/asm/asm-debug-all/5.0.2/asm-debug-all-5.0.2.jar:/home/user/.m2/repository/org/ow2/asm/asm-commons/5.0.2/asm-commons-5.0.2.jar:/home/user/.m2/repository/org/ow2/asm/asm-tree/5.0.2/asm-tree-5.0.2.jar:/home/user/.m2/repository/org/ow2/asm/asm/5.0.4/asm-5.0.4.jar:/home/user/.m2/repository/commons-lang/commons-lang/2.6/commons-lang-2.6.jar:/home/user/.m2/repository/com/apple/AppleJavaExtensions/1.4/AppleJavaExtensions-1.4.jar:/home/user/.m2/repository/jaxen/jaxen/1.1.6/jaxen-1.1.6.jar:/home/user/.m2/repository/junit/junit/4.11/junit-4.11.jar:/home/user/.m2/repository/org/hamcrest/hamcrest-core/1.3/hamcrest-core-1.3.jar:/home/user/.m2/repository/org/apache/hadoop/hadoop-common/3.2.0/hadoop-common-3.2.0-tests.jar:/workdir/hadoop-ozone/integration-test/target/test-classes:/home/user/.m2/repository/org/apache/hadoop/hadoop-ozone-s3gateway/0.5.0-SNAPSHOT/hadoop-ozone-s3gateway-0.5.0-SNAPSHOT.jar:/home/user/.m2/repository/org/jboss/weld/servlet/weld-servlet/2.4.7.Final/weld-servlet-2.4.7.Final.jar:/home/user/.m2/repository/org/glassfish/jersey/containers/jersey-container-servlet-core/2.27/jersey-container-servlet-core-2.27.jar:/home/user/.m2/repository/org/glassfish/hk2/external/javax.inject/2.5.0-b42/javax.inject-2.5.0-b42.jar:/home/user/.m2/repository/org/glassfish/jersey/core/jersey-common/2.27/jersey-common-2.27.jar:/home/user/.m2/repository/org/glassfish/hk2/osgi-resource-locator/1.0.1/osgi-resource-locator-1.0.1.jar:/home/user/.m2/repository/javax/ws/rs/javax.ws.rs-api/2.1/javax.ws.rs-api-2.1.jar:/home/user/.m2/repository/org/glassfish/jersey/ext/cdi/jersey-cdi1x/2.27/jersey-cdi1x-2.27.jar:/home/user/.m2/repository/org/glassfish/jersey/inject/jersey-hk2/2.27/jersey-hk2-2.27.jar:/home/user/.m2/repository/org/glassfish/hk2/hk2-locator/2.5.0-b42/hk2-locator-2.5.0-b42.jar:/home/user/.m2/repository/org/javassist/javassist/3.22.0-CR2/javassist-3.22.0-CR2.jar:/home/user/.m2/repository/org/glassfish/hk2/hk2-api/2.5.0/hk2-api-2.5.0.jar:/home/user/.m2/repository/org/glassfish/hk2/external/jakarta.inject/2.5.0/jakarta.inject-2.5.0.jar:/home/user/.m2/repository/org/glassfish/hk2/hk2-utils/2.5.0/hk2-utils-2.5.0.jar:/home/user/.m2/repository/jakarta/annotation/jakarta.annotation-api/1.3.4/jakarta.annotation-api-1.3.4.jar:/home/user/.m2/repository/org/glassfish/hk2/external/aopalliance-repackaged/2.5.0/aopalliance-repackaged-2.5.0.jar:/home/user/.m2/repository/com/fasterxml/jackson/dataformat/jackson-dataformat-xml/2.9.0/jackson-dataformat-xml-2.9.0.jar:/home/user/.m2/repository/com/fasterxml/jackson/module/jackson-module-jaxb-annotations/2.9.9/jackson-module-jaxb-annotations-2.9.9.jar:/home/user/.m2/repository/javax/enterprise/cdi-api/1.2/cdi-api-1.2.jar:/home/user/.m2/repository/javax/el/javax.el-api/3.0.0/javax.el-api-3.0.0.jar:/home/user/.m2/repository/javax/interceptor/javax.interceptor-api/1.2/javax.interceptor-api-1.2.jar:/home/user/.m2/repository/javax/inject/javax.inject/1/javax.inject-1.jar:/home/user/.m2/repository/org/apache/hadoop/hadoop-ozone-csi/0.5.0-SNAPSHOT/hadoop-ozone-csi-0.5.0-SNAPSHOT.jar:/home/user/.m2/repository/com/google/protobuf/protobuf-java-util/3.5.1/protobuf-java-util-3.5.1.jar:/home/user/.m2/repository/io/grpc/grpc-netty/1.17.1/grpc-netty-1.17.1.jar:/home/user/.m2/repository/io/grpc/grpc-core/1.17.1/grpc-core-1.17.1.jar:/home/user/.m2/repository/io/grpc/grpc-context/1.17.1/grpc-context-1.17.1.jar:/home/user/.m2/repository/com/google/errorprone/error_prone_annotations/2.2.0/error_prone_annotations-2.2.0.jar:/home/user/.m2/repository/org/codehaus/mojo/animal-sniffer-annotations/1.17/animal-sniffer-annotations-1.17.jar:/home/user/.m2/repository/io/opencensus/opencensus-api/0.17.0/opencensus-api-0.17.0.jar:/home/user/.m2/repository/io/opencensus/opencensus-contrib-grpc-metrics/0.17.0/opencensus-contrib-grpc-metrics-0.17.0.jar:/home/user/.m2/repository/io/netty/netty-codec-http2/4.1.30.Final/netty-codec-http2-4.1.30.Final.jar:/home/user/.m2/repository/io/netty/netty-codec-http/4.1.30.Final/netty-codec-http-4.1.30.Final.jar:/home/user/.m2/repository/io/netty/netty-codec/4.1.30.Final/netty-codec-4.1.30.Final.jar:/home/user/.m2/repository/io/netty/netty-handler/4.1.30.Final/netty-handler-4.1.30.Final.jar:/home/user/.m2/repository/io/netty/netty-handler-proxy/4.1.30.Final/netty-handler-proxy-4.1.30.Final.jar:/home/user/.m2/repository/io/netty/netty-codec-socks/4.1.30.Final/netty-codec-socks-4.1.30.Final.jar:/home/user/.m2/repository/io/netty/netty-transport-native-epoll/4.1.30.Final/netty-transport-native-epoll-4.1.30.Final.jar:/home/user/.m2/repository/io/netty/netty-common/4.1.30.Final/netty-common-4.1.30.Final.jar:/home/user/.m2/repository/io/netty/netty-buffer/4.1.30.Final/netty-buffer-4.1.30.Final.jar:/home/user/.m2/repository/io/netty/netty-transport/4.1.30.Final/netty-transport-4.1.30.Final.jar:/home/user/.m2/repository/io/netty/netty-resolver/4.1.30.Final/netty-resolver-4.1.30.Final.jar:/home/user/.m2/repository/io/netty/netty-transport-native-unix-common/4.1.30.Final/netty-transport-native-unix-common-4.1.30.Final.jar:/home/user/.m2/repository/io/grpc/grpc-protobuf/1.17.1/grpc-protobuf-1.17.1.jar:/home/user/.m2/repository/com/google/api/grpc/proto-google-common-protos/1.0.0/proto-google-common-protos-1.0.0.jar:/home/user/.m2/repository/io/grpc/grpc-protobuf-lite/1.17.1/grpc-protobuf-lite-1.17.1.jar:/home/user/.m2/repository/io/grpc/grpc-stub/1.17.1/grpc-stub-1.17.1.jar:/home/user/.m2/repository/org/apache/hadoop/hadoop-ozone-recon/0.5.0-SNAPSHOT/hadoop-ozone-recon-0.5.0-SNAPSHOT.jar:/home/user/.m2/repository/org/apache/hadoop/hadoop-ozone-reconcodegen/0.5.0-SNAPSHOT/hadoop-ozone-reconcodegen-0.5.0-SNAPSHOT.jar:/home/user/.m2/repository/com/google/inject/extensions/guice-multibindings/4.0/guice-multibindings-4.0.jar:/home/user/.m2/repository/com/google/inject/guice/4.0/guice-4.0.jar:/home/user/.m2/repository/aopalliance/aopalliance/1.0/aopalliance-1.0.jar:/home/user/.m2/repository/com/google/inject/extensions/guice-servlet/4.0/guice-servlet-4.0.jar:/home/user/.m2/repository/org/glassfish/jersey/containers/jersey-container-servlet/2.27/jersey-container-servlet-2.27.jar:/home/user/.m2/repository/org/glassfish/hk2/guice-bridge/2.5.0/guice-bridge-2.5.0.jar:/home/user/.m2/repository/org/glassfish/jersey/core/jersey-server/2.27/jersey-server-2.27.jar:/home/user/.m2/repository/org/glassfish/jersey/core/jersey-client/2.27/jersey-client-2.27.jar:/home/user/.m2/repository/org/glassfish/jersey/media/jersey-media-jaxb/2.27/jersey-media-jaxb-2.27.jar:/home/user/.m2/repository/javax/validation/validation-api/1.1.0.Final/validation-api-1.1.0.Final.jar:/home/user/.m2/repository/org/glassfish/jersey/media/jersey-media-json-jackson/2.27/jersey-media-json-jackson-2.27.jar:/home/user/.m2/repository/org/glassfish/jersey/ext/jersey-entity-filtering/2.27/jersey-entity-filtering-2.27.jar:/home/user/.m2/repository/com/google/inject/extensions/guice-assistedinject/4.0/guice-assistedinject-4.0.jar:/home/user/.m2/repository/org/jooq/jooq/3.11.10/jooq-3.11.10.jar:/home/user/.m2/repository/org/jooq/jooq-meta/3.11.10/jooq-meta-3.11.10.jar:/home/user/.m2/repository/org/jooq/jooq-codegen/3.11.10/jooq-codegen-3.11.10.jar:/home/user/.m2/repository/com/jolbox/bonecp/0.8.0.RELEASE/bonecp-0.8.0.RELEASE.jar:/home/user/.m2/repository/org/springframework/spring-jdbc/5.1.3.RELEASE/spring-jdbc-5.1.3.RELEASE.jar:/home/user/.m2/repository/org/springframework/spring-beans/5.1.3.RELEASE/spring-beans-5.1.3.RELEASE.jar:/home/user/.m2/repository/org/springframework/spring-core/5.1.3.RELEASE/spring-core-5.1.3.RELEASE.jar:/home/user/.m2/repository/org/springframework/spring-jcl/5.1.3.RELEASE/spring-jcl-5.1.3.RELEASE.jar:/home/user/.m2/repository/org/springframework/spring-tx/5.1.3.RELEASE/spring-tx-5.1.3.RELEASE.jar:/home/user/.m2/repository/org/mockito/mockito-core/2.15.0/mockito-core-2.15.0.jar:/home/user/.m2/repository/net/bytebuddy/byte-buddy/1.7.9/byte-buddy-1.7.9.jar:/home/user/.m2/repository/net/bytebuddy/byte-buddy-agent/1.7.9/byte-buddy-agent-1.7.9.jar:/home/user/.m2/repository/org/objenesis/objenesis/1.0/objenesis-1.0.jar:"/>
    <property name="java.vm.vendor" value="IcedTea"/>
    <property name="sun.arch.data.model" value="64"/>
    <property name="test.build.dir" value="/workdir/hadoop-ozone/tools/target/test-dir"/>
    <property name="test.cache.data" value=""/>
    <property name="java.vendor.url" value="https://icedtea.classpath.org"/>
    <property name="user.timezone" value=""/>
    <property name="java.vm.specification.version" value="1.8"/>
    <property name="os.name" value="Linux"/>
    <property name="test.build.data" value="/workdir/hadoop-ozone/tools/target/test-dir"/>
    <property name="user.country" value="US"/>
    <property name="sun.java.launcher" value="SUN_STANDARD"/>
    <property name="sun.boot.library.path" value="/usr/lib/jvm/java-1.8-openjdk/jre/lib/amd64"/>
    <property name="sun.java.command" value="/workdir/hadoop-ozone/tools/target/surefire/surefirebooter425710266774518104.jar /workdir/hadoop-ozone/tools/target/surefire 2019-09-25T03-16-05_214-jvmRun1 surefire2327847482376736615tmp surefire_1094178395834173861253tmp"/>
    <property name="test" value="!TestMiniChaosOzoneCluster"/>
    <property name="surefire.test.class.path" value="/workdir/hadoop-ozone/tools/target/test-classes:/workdir/hadoop-ozone/tools/target/classes:/home/user/.m2/repository/org/apache/hadoop/hadoop-ozone-ozone-manager/0.5.0-SNAPSHOT/hadoop-ozone-ozone-manager-0.5.0-SNAPSHOT.jar:/home/user/.m2/repository/org/apache/hadoop/hadoop-hdds-docs/0.5.0-SNAPSHOT/hadoop-hdds-docs-0.5.0-SNAPSHOT.jar:/home/user/.m2/repository/org/bouncycastle/bcprov-jdk15on/1.60/bcprov-jdk15on-1.60.jar:/home/user/.m2/repository/org/apache/hadoop/hadoop-ozone-common/0.5.0-SNAPSHOT/hadoop-ozone-common-0.5.0-SNAPSHOT.jar:/home/user/.m2/repository/org/apache/commons/commons-compress/1.4.1/commons-compress-1.4.1.jar:/home/user/.m2/repository/org/tukaani/xz/1.0/xz-1.0.jar:/home/user/.m2/repository/org/apache/hadoop/hadoop-hdfs-client/3.2.0/hadoop-hdfs-client-3.2.0.jar:/home/user/.m2/repository/com/fasterxml/jackson/core/jackson-annotations/2.9.9/jackson-annotations-2.9.9.jar:/home/user/.m2/repository/org/apache/hadoop/hadoop-hdds-common/0.5.0-SNAPSHOT/hadoop-hdds-common-0.5.0-SNAPSHOT.jar:/home/user/.m2/repository/org/apache/hadoop/hadoop-hdds-config/0.5.0-SNAPSHOT/hadoop-hdds-config-0.5.0-SNAPSHOT.jar:/home/user/.m2/repository/javax/annotation/javax.annotation-api/1.2/javax.annotation-api-1.2.jar:/home/user/.m2/repository/org/apache/ratis/ratis-server/0.4.0/ratis-server-0.4.0.jar:/home/user/.m2/repository/org/apache/ratis/ratis-thirdparty-misc/0.2.0/ratis-thirdparty-misc-0.2.0.jar:/home/user/.m2/repository/org/apache/ratis/ratis-proto/0.4.0/ratis-proto-0.4.0.jar:/home/user/.m2/repository/org/apache/ratis/ratis-common/0.4.0/ratis-common-0.4.0.jar:/home/user/.m2/repository/org/apache/ratis/ratis-client/0.4.0/ratis-client-0.4.0.jar:/home/user/.m2/repository/org/apache/ratis/ratis-metrics/0.4.0/ratis-metrics-0.4.0.jar:/home/user/.m2/repository/com/github/joshelser/dropwizard-metrics-hadoop-metrics2-reporter/0.1.2/dropwizard-metrics-hadoop-metrics2-reporter-0.1.2.jar:/home/user/.m2/repository/io/dropwizard/metrics/metrics-jvm/3.2.5/metrics-jvm-3.2.5.jar:/home/user/.m2/repository/io/dropwizard/metrics/metrics-ganglia/3.2.5/metrics-ganglia-3.2.5.jar:/home/user/.m2/repository/info/ganglia/gmetric4j/gmetric4j/1.0.7/gmetric4j-1.0.7.jar:/home/user/.m2/repository/org/apache/ratis/ratis-netty/0.4.0/ratis-netty-0.4.0.jar:/home/user/.m2/repository/org/apache/ratis/ratis-grpc/0.4.0/ratis-grpc-0.4.0.jar:/home/user/.m2/repository/org/rocksdb/rocksdbjni/6.0.1/rocksdbjni-6.0.1.jar:/home/user/.m2/repository/org/apache/logging/log4j/log4j-api/2.11.0/log4j-api-2.11.0.jar:/home/user/.m2/repository/org/apache/logging/log4j/log4j-core/2.11.0/log4j-core-2.11.0.jar:/home/user/.m2/repository/com/lmax/disruptor/3.4.2/disruptor-3.4.2.jar:/home/user/.m2/repository/org/apache/commons/commons-pool2/2.6.0/commons-pool2-2.6.0.jar:/home/user/.m2/repository/org/bouncycastle/bcpkix-jdk15on/1.60/bcpkix-jdk15on-1.60.jar:/home/user/.m2/repository/commons-validator/commons-validator/1.6/commons-validator-1.6.jar:/home/user/.m2/repository/commons-digester/commons-digester/1.8.1/commons-digester-1.8.1.jar:/home/user/.m2/repository/io/jaegertracing/jaeger-client/0.34.0/jaeger-client-0.34.0.jar:/home/user/.m2/repository/io/jaegertracing/jaeger-thrift/0.34.0/jaeger-thrift-0.34.0.jar:/home/user/.m2/repository/org/apache/thrift/libthrift/0.12.0/libthrift-0.12.0.jar:/home/user/.m2/repository/com/squareup/okhttp3/okhttp/3.9.0/okhttp-3.9.0.jar:/home/user/.m2/repository/com/squareup/okio/okio/1.13.0/okio-1.13.0.jar:/home/user/.m2/repository/io/jaegertracing/jaeger-core/0.34.0/jaeger-core-0.34.0.jar:/home/user/.m2/repository/io/jaegertracing/jaeger-tracerresolver/0.34.0/jaeger-tracerresolver-0.34.0.jar:/home/user/.m2/repository/io/opentracing/contrib/opentracing-tracerresolver/0.1.5/opentracing-tracerresolver-0.1.5.jar:/home/user/.m2/repository/io/opentracing/opentracing-util/0.31.0/opentracing-util-0.31.0.jar:/home/user/.m2/repository/io/opentracing/opentracing-api/0.31.0/opentracing-api-0.31.0.jar:/home/user/.m2/repository/io/opentracing/opentracing-noop/0.31.0/opentracing-noop-0.31.0.jar:/home/user/.m2/repository/org/yaml/snakeyaml/1.16/snakeyaml-1.16.jar:/home/user/.m2/repository/org/apache/hadoop/hadoop-hdds-container-service/0.5.0-SNAPSHOT/hadoop-hdds-container-service-0.5.0-SNAPSHOT.jar:/home/user/.m2/repository/org/apache/hadoop/hadoop-hdds-client/0.5.0-SNAPSHOT/hadoop-hdds-client-0.5.0-SNAPSHOT.jar:/home/user/.m2/repository/org/apache/hadoop/hadoop-hdds-tools/0.5.0-SNAPSHOT/hadoop-hdds-tools-0.5.0-SNAPSHOT.jar:/home/user/.m2/repository/org/xerial/sqlite-jdbc/3.25.2/sqlite-jdbc-3.25.2.jar:/home/user/.m2/repository/org/apache/hadoop/hadoop-hdds-server-scm/0.5.0-SNAPSHOT/hadoop-hdds-server-scm-0.5.0-SNAPSHOT.jar:/home/user/.m2/repository/org/hamcrest/hamcrest-all/1.3/hamcrest-all-1.3.jar:/home/user/.m2/repository/info/picocli/picocli/3.9.6/picocli-3.9.6.jar:/home/user/.m2/repository/com/google/protobuf/protobuf-java/2.5.0/protobuf-java-2.5.0.jar:/home/user/.m2/repository/com/google/guava/guava/11.0.2/guava-11.0.2.jar:/home/user/.m2/repository/org/apache/hadoop/hadoop-ozone-client/0.5.0-SNAPSHOT/hadoop-ozone-client-0.5.0-SNAPSHOT.jar:/workdir/hadoop-ozone/ozonefs/target/classes:/home/user/.m2/repository/org/apache/hadoop/hadoop-hdds-server-framework/0.5.0-SNAPSHOT/hadoop-hdds-server-framework-0.5.0-SNAPSHOT.jar:/home/user/.m2/repository/org/apache/hadoop/hadoop-common/3.2.0/hadoop-common-3.2.0.jar:/home/user/.m2/repository/org/apache/hadoop/hadoop-annotations/3.2.0/hadoop-annotations-3.2.0.jar:/usr/lib/jvm/java-1.8-openjdk/jre/../lib/tools.jar:/home/user/.m2/repository/commons-cli/commons-cli/1.2/commons-cli-1.2.jar:/home/user/.m2/repository/org/apache/commons/commons-math3/3.1.1/commons-math3-3.1.1.jar:/home/user/.m2/repository/org/apache/httpcomponents/httpclient/4.5.2/httpclient-4.5.2.jar:/home/user/.m2/repository/org/apache/httpcomponents/httpcore/4.4.4/httpcore-4.4.4.jar:/home/user/.m2/repository/commons-codec/commons-codec/1.11/commons-codec-1.11.jar:/home/user/.m2/repository/commons-io/commons-io/2.5/commons-io-2.5.jar:/home/user/.m2/repository/commons-net/commons-net/3.6/commons-net-3.6.jar:/home/user/.m2/repository/commons-collections/commons-collections/3.2.2/commons-collections-3.2.2.jar:/home/user/.m2/repository/javax/servlet/javax.servlet-api/3.1.0/javax.servlet-api-3.1.0.jar:/home/user/.m2/repository/org/eclipse/jetty/jetty-server/9.3.25.v20180904/jetty-server-9.3.25.v20180904.jar:/home/user/.m2/repository/org/eclipse/jetty/jetty-http/9.3.25.v20180904/jetty-http-9.3.25.v20180904.jar:/home/user/.m2/repository/org/eclipse/jetty/jetty-io/9.3.25.v20180904/jetty-io-9.3.25.v20180904.jar:/home/user/.m2/repository/org/eclipse/jetty/jetty-util/9.3.25.v20180904/jetty-util-9.3.25.v20180904.jar:/home/user/.m2/repository/org/eclipse/jetty/jetty-servlet/9.3.25.v20180904/jetty-servlet-9.3.25.v20180904.jar:/home/user/.m2/repository/org/eclipse/jetty/jetty-security/9.3.25.v20180904/jetty-security-9.3.25.v20180904.jar:/home/user/.m2/repository/org/eclipse/jetty/jetty-webapp/9.3.25.v20180904/jetty-webapp-9.3.25.v20180904.jar:/home/user/.m2/repository/org/eclipse/jetty/jetty-xml/9.3.25.v20180904/jetty-xml-9.3.25.v20180904.jar:/home/user/.m2/repository/javax/servlet/jsp/jsp-api/2.1/jsp-api-2.1.jar:/home/user/.m2/repository/com/sun/jersey/jersey-core/1.19/jersey-core-1.19.jar:/home/user/.m2/repository/javax/ws/rs/jsr311-api/1.1.1/jsr311-api-1.1.1.jar:/home/user/.m2/repository/com/sun/jersey/jersey-servlet/1.19/jersey-servlet-1.19.jar:/home/user/.m2/repository/com/sun/jersey/jersey-json/1.19/jersey-json-1.19.jar:/home/user/.m2/repository/org/codehaus/jettison/jettison/1.1/jettison-1.1.jar:/home/user/.m2/repository/com/sun/xml/bind/jaxb-impl/2.3.0.1/jaxb-impl-2.3.0.1.jar:/home/user/.m2/repository/org/codehaus/jackson/jackson-core-asl/1.9.13/jackson-core-asl-1.9.13.jar:/home/user/.m2/repository/org/codehaus/jackson/jackson-mapper-asl/1.9.13/jackson-mapper-asl-1.9.13.jar:/home/user/.m2/repository/org/codehaus/jackson/jackson-jaxrs/1.9.13/jackson-jaxrs-1.9.13.jar:/home/user/.m2/repository/org/codehaus/jackson/jackson-xc/1.9.13/jackson-xc-1.9.13.jar:/home/user/.m2/repository/com/sun/jersey/jersey-server/1.19/jersey-server-1.19.jar:/home/user/.m2/repository/commons-logging/commons-logging/1.1.3/commons-logging-1.1.3.jar:/home/user/.m2/repository/log4j/log4j/1.2.17/log4j-1.2.17.jar:/home/user/.m2/repository/commons-beanutils/commons-beanutils/1.9.4/commons-beanutils-1.9.4.jar:/home/user/.m2/repository/org/apache/commons/commons-configuration2/2.1.1/commons-configuration2-2.1.1.jar:/home/user/.m2/repository/org/apache/commons/commons-lang3/3.7/commons-lang3-3.7.jar:/home/user/.m2/repository/org/apache/commons/commons-text/1.4/commons-text-1.4.jar:/home/user/.m2/repository/org/slf4j/slf4j-api/1.7.25/slf4j-api-1.7.25.jar:/home/user/.m2/repository/org/slf4j/slf4j-log4j12/1.7.25/slf4j-log4j12-1.7.25.jar:/home/user/.m2/repository/org/apache/avro/avro/1.7.7/avro-1.7.7.jar:/home/user/.m2/repository/com/thoughtworks/paranamer/paranamer/2.3/paranamer-2.3.jar:/home/user/.m2/repository/org/xerial/snappy/snappy-java/1.0.5/snappy-java-1.0.5.jar:/home/user/.m2/repository/com/google/re2j/re2j/1.1/re2j-1.1.jar:/home/user/.m2/repository/com/google/code/gson/gson/2.2.4/gson-2.2.4.jar:/home/user/.m2/repository/org/apache/hadoop/hadoop-auth/3.2.0/hadoop-auth-3.2.0.jar:/home/user/.m2/repository/com/nimbusds/nimbus-jose-jwt/4.41.1/nimbus-jose-jwt-4.41.1.jar:/home/user/.m2/repository/com/github/stephenc/jcip/jcip-annotations/1.0-1/jcip-annotations-1.0-1.jar:/home/user/.m2/repository/net/minidev/json-smart/2.3/json-smart-2.3.jar:/home/user/.m2/repository/net/minidev/accessors-smart/1.2/accessors-smart-1.2.jar:/home/user/.m2/repository/org/apache/curator/curator-framework/2.12.0/curator-framework-2.12.0.jar:/home/user/.m2/repository/com/jcraft/jsch/0.1.54/jsch-0.1.54.jar:/home/user/.m2/repository/org/apache/curator/curator-client/2.12.0/curator-client-2.12.0.jar:/home/user/.m2/repository/org/apache/curator/curator-recipes/2.12.0/curator-recipes-2.12.0.jar:/home/user/.m2/repository/com/google/code/findbugs/jsr305/3.0.0/jsr305-3.0.0.jar:/home/user/.m2/repository/org/apache/htrace/htrace-core4/4.1.0-incubating/htrace-core4-4.1.0-incubating.jar:/home/user/.m2/repository/org/apache/zookeeper/zookeeper/3.4.13/zookeeper-3.4.13.jar:/home/user/.m2/repository/jline/jline/0.9.94/jline-0.9.94.jar:/home/user/.m2/repository/org/apache/yetus/audience-annotations/0.5.0/audience-annotations-0.5.0.jar:/home/user/.m2/repository/org/apache/kerby/kerb-simplekdc/1.0.1/kerb-simplekdc-1.0.1.jar:/home/user/.m2/repository/org/apache/kerby/kerb-client/1.0.1/kerb-client-1.0.1.jar:/home/user/.m2/repository/org/apache/kerby/kerby-config/1.0.1/kerby-config-1.0.1.jar:/home/user/.m2/repository/org/apache/kerby/kerb-core/1.0.1/kerb-core-1.0.1.jar:/home/user/.m2/repository/org/apache/kerby/kerby-pkix/1.0.1/kerby-pkix-1.0.1.jar:/home/user/.m2/repository/org/apache/kerby/kerby-asn1/1.0.1/kerby-asn1-1.0.1.jar:/home/user/.m2/repository/org/apache/kerby/kerby-util/1.0.1/kerby-util-1.0.1.jar:/home/user/.m2/repository/org/apache/kerby/kerb-common/1.0.1/kerb-common-1.0.1.jar:/home/user/.m2/repository/org/apache/kerby/kerb-crypto/1.0.1/kerb-crypto-1.0.1.jar:/home/user/.m2/repository/org/apache/kerby/kerb-util/1.0.1/kerb-util-1.0.1.jar:/home/user/.m2/repository/org/apache/kerby/token-provider/1.0.1/token-provider-1.0.1.jar:/home/user/.m2/repository/org/apache/kerby/kerb-admin/1.0.1/kerb-admin-1.0.1.jar:/home/user/.m2/repository/org/apache/kerby/kerb-server/1.0.1/kerb-server-1.0.1.jar:/home/user/.m2/repository/org/apache/kerby/kerb-identity/1.0.1/kerb-identity-1.0.1.jar:/home/user/.m2/repository/org/apache/kerby/kerby-xdr/1.0.1/kerby-xdr-1.0.1.jar:/home/user/.m2/repository/com/fasterxml/jackson/core/jackson-databind/2.9.9/jackson-databind-2.9.9.jar:/home/user/.m2/repository/com/fasterxml/jackson/core/jackson-core/2.9.9/jackson-core-2.9.9.jar:/home/user/.m2/repository/org/codehaus/woodstox/stax2-api/3.1.4/stax2-api-3.1.4.jar:/home/user/.m2/repository/com/fasterxml/woodstox/woodstox-core/5.0.3/woodstox-core-5.0.3.jar:/home/user/.m2/repository/dnsjava/dnsjava/2.1.7/dnsjava-2.1.7.jar:/home/user/.m2/repository/org/apache/hadoop/hadoop-hdfs/3.2.0/hadoop-hdfs-3.2.0.jar:/home/user/.m2/repository/org/eclipse/jetty/jetty-util-ajax/9.3.25.v20180904/jetty-util-ajax-9.3.25.v20180904.jar:/home/user/.m2/repository/commons-daemon/commons-daemon/1.0.13/commons-daemon-1.0.13.jar:/home/user/.m2/repository/io/netty/netty/3.10.5.Final/netty-3.10.5.Final.jar:/home/user/.m2/repository/io/netty/netty-all/4.0.52.Final/netty-all-4.0.52.Final.jar:/home/user/.m2/repository/org/fusesource/leveldbjni/leveldbjni-all/1.8/leveldbjni-all-1.8.jar:/home/user/.m2/repository/com/sun/xml/bind/jaxb-core/2.3.0.1/jaxb-core-2.3.0.1.jar:/home/user/.m2/repository/javax/xml/bind/jaxb-api/2.3.0/jaxb-api-2.3.0.jar:/home/user/.m2/repository/javax/activation/activation/1.1.1/activation-1.1.1.jar:/home/user/.m2/repository/io/dropwizard/metrics/metrics-core/3.2.4/metrics-core-3.2.4.jar:/home/user/.m2/repository/org/openjdk/jmh/jmh-core/1.19/jmh-core-1.19.jar:/home/user/.m2/repository/net/sf/jopt-simple/jopt-simple/4.6/jopt-simple-4.6.jar:/home/user/.m2/repository/org/openjdk/jmh/jmh-generator-annprocess/1.19/jmh-generator-annprocess-1.19.jar:/home/user/.m2/repository/com/amazonaws/aws-java-sdk-s3/1.11.615/aws-java-sdk-s3-1.11.615.jar:/home/user/.m2/repository/com/amazonaws/aws-java-sdk-kms/1.11.615/aws-java-sdk-kms-1.11.615.jar:/home/user/.m2/repository/com/amazonaws/aws-java-sdk-core/1.11.615/aws-java-sdk-core-1.11.615.jar:/home/user/.m2/repository/software/amazon/ion/ion-java/1.0.2/ion-java-1.0.2.jar:/home/user/.m2/repository/com/fasterxml/jackson/dataformat/jackson-dataformat-cbor/2.9.9/jackson-dataformat-cbor-2.9.9.jar:/home/user/.m2/repository/joda-time/joda-time/2.9.9/joda-time-2.9.9.jar:/home/user/.m2/repository/com/amazonaws/jmespath-java/1.11.615/jmespath-java-1.11.615.jar:/home/user/.m2/repository/com/google/code/findbugs/findbugs/3.0.1/findbugs-3.0.1.jar:/home/user/.m2/repository/net/jcip/jcip-annotations/1.0/jcip-annotations-1.0.jar:/home/user/.m2/repository/com/google/code/findbugs/bcel-findbugs/6.0/bcel-findbugs-6.0.jar:/home/user/.m2/repository/com/google/code/findbugs/jFormatString/2.0.1/jFormatString-2.0.1.jar:/home/user/.m2/repository/dom4j/dom4j/1.6.1/dom4j-1.6.1.jar:/home/user/.m2/repository/xml-apis/xml-apis/1.0.b2/xml-apis-1.0.b2.jar:/home/user/.m2/repository/org/ow2/asm/asm-debug-all/5.0.2/asm-debug-all-5.0.2.jar:/home/user/.m2/repository/org/ow2/asm/asm-commons/5.0.2/asm-commons-5.0.2.jar:/home/user/.m2/repository/org/ow2/asm/asm-tree/5.0.2/asm-tree-5.0.2.jar:/home/user/.m2/repository/org/ow2/asm/asm/5.0.4/asm-5.0.4.jar:/home/user/.m2/repository/commons-lang/commons-lang/2.6/commons-lang-2.6.jar:/home/user/.m2/repository/com/apple/AppleJavaExtensions/1.4/AppleJavaExtensions-1.4.jar:/home/user/.m2/repository/jaxen/jaxen/1.1.6/jaxen-1.1.6.jar:/home/user/.m2/repository/junit/junit/4.11/junit-4.11.jar:/home/user/.m2/repository/org/hamcrest/hamcrest-core/1.3/hamcrest-core-1.3.jar:/home/user/.m2/repository/org/apache/hadoop/hadoop-common/3.2.0/hadoop-common-3.2.0-tests.jar:/workdir/hadoop-ozone/integration-test/target/test-classes:/home/user/.m2/repository/org/apache/hadoop/hadoop-ozone-s3gateway/0.5.0-SNAPSHOT/hadoop-ozone-s3gateway-0.5.0-SNAPSHOT.jar:/home/user/.m2/repository/org/jboss/weld/servlet/weld-servlet/2.4.7.Final/weld-servlet-2.4.7.Final.jar:/home/user/.m2/repository/org/glassfish/jersey/containers/jersey-container-servlet-core/2.27/jersey-container-servlet-core-2.27.jar:/home/user/.m2/repository/org/glassfish/hk2/external/javax.inject/2.5.0-b42/javax.inject-2.5.0-b42.jar:/home/user/.m2/repository/org/glassfish/jersey/core/jersey-common/2.27/jersey-common-2.27.jar:/home/user/.m2/repository/org/glassfish/hk2/osgi-resource-locator/1.0.1/osgi-resource-locator-1.0.1.jar:/home/user/.m2/repository/javax/ws/rs/javax.ws.rs-api/2.1/javax.ws.rs-api-2.1.jar:/home/user/.m2/repository/org/glassfish/jersey/ext/cdi/jersey-cdi1x/2.27/jersey-cdi1x-2.27.jar:/home/user/.m2/repository/org/glassfish/jersey/inject/jersey-hk2/2.27/jersey-hk2-2.27.jar:/home/user/.m2/repository/org/glassfish/hk2/hk2-locator/2.5.0-b42/hk2-locator-2.5.0-b42.jar:/home/user/.m2/repository/org/javassist/javassist/3.22.0-CR2/javassist-3.22.0-CR2.jar:/home/user/.m2/repository/org/glassfish/hk2/hk2-api/2.5.0/hk2-api-2.5.0.jar:/home/user/.m2/repository/org/glassfish/hk2/external/jakarta.inject/2.5.0/jakarta.inject-2.5.0.jar:/home/user/.m2/repository/org/glassfish/hk2/hk2-utils/2.5.0/hk2-utils-2.5.0.jar:/home/user/.m2/repository/jakarta/annotation/jakarta.annotation-api/1.3.4/jakarta.annotation-api-1.3.4.jar:/home/user/.m2/repository/org/glassfish/hk2/external/aopalliance-repackaged/2.5.0/aopalliance-repackaged-2.5.0.jar:/home/user/.m2/repository/com/fasterxml/jackson/dataformat/jackson-dataformat-xml/2.9.0/jackson-dataformat-xml-2.9.0.jar:/home/user/.m2/repository/com/fasterxml/jackson/module/jackson-module-jaxb-annotations/2.9.9/jackson-module-jaxb-annotations-2.9.9.jar:/home/user/.m2/repository/javax/enterprise/cdi-api/1.2/cdi-api-1.2.jar:/home/user/.m2/repository/javax/el/javax.el-api/3.0.0/javax.el-api-3.0.0.jar:/home/user/.m2/repository/javax/interceptor/javax.interceptor-api/1.2/javax.interceptor-api-1.2.jar:/home/user/.m2/repository/javax/inject/javax.inject/1/javax.inject-1.jar:/home/user/.m2/repository/org/apache/hadoop/hadoop-ozone-csi/0.5.0-SNAPSHOT/hadoop-ozone-csi-0.5.0-SNAPSHOT.jar:/home/user/.m2/repository/com/google/protobuf/protobuf-java-util/3.5.1/protobuf-java-util-3.5.1.jar:/home/user/.m2/repository/io/grpc/grpc-netty/1.17.1/grpc-netty-1.17.1.jar:/home/user/.m2/repository/io/grpc/grpc-core/1.17.1/grpc-core-1.17.1.jar:/home/user/.m2/repository/io/grpc/grpc-context/1.17.1/grpc-context-1.17.1.jar:/home/user/.m2/repository/com/google/errorprone/error_prone_annotations/2.2.0/error_prone_annotations-2.2.0.jar:/home/user/.m2/repository/org/codehaus/mojo/animal-sniffer-annotations/1.17/animal-sniffer-annotations-1.17.jar:/home/user/.m2/repository/io/opencensus/opencensus-api/0.17.0/opencensus-api-0.17.0.jar:/home/user/.m2/repository/io/opencensus/opencensus-contrib-grpc-metrics/0.17.0/opencensus-contrib-grpc-metrics-0.17.0.jar:/home/user/.m2/repository/io/netty/netty-codec-http2/4.1.30.Final/netty-codec-http2-4.1.30.Final.jar:/home/user/.m2/repository/io/netty/netty-codec-http/4.1.30.Final/netty-codec-http-4.1.30.Final.jar:/home/user/.m2/repository/io/netty/netty-codec/4.1.30.Final/netty-codec-4.1.30.Final.jar:/home/user/.m2/repository/io/netty/netty-handler/4.1.30.Final/netty-handler-4.1.30.Final.jar:/home/user/.m2/repository/io/netty/netty-handler-proxy/4.1.30.Final/netty-handler-proxy-4.1.30.Final.jar:/home/user/.m2/repository/io/netty/netty-codec-socks/4.1.30.Final/netty-codec-socks-4.1.30.Final.jar:/home/user/.m2/repository/io/netty/netty-transport-native-epoll/4.1.30.Final/netty-transport-native-epoll-4.1.30.Final.jar:/home/user/.m2/repository/io/netty/netty-common/4.1.30.Final/netty-common-4.1.30.Final.jar:/home/user/.m2/repository/io/netty/netty-buffer/4.1.30.Final/netty-buffer-4.1.30.Final.jar:/home/user/.m2/repository/io/netty/netty-transport/4.1.30.Final/netty-transport-4.1.30.Final.jar:/home/user/.m2/repository/io/netty/netty-resolver/4.1.30.Final/netty-resolver-4.1.30.Final.jar:/home/user/.m2/repository/io/netty/netty-transport-native-unix-common/4.1.30.Final/netty-transport-native-unix-common-4.1.30.Final.jar:/home/user/.m2/repository/io/grpc/grpc-protobuf/1.17.1/grpc-protobuf-1.17.1.jar:/home/user/.m2/repository/com/google/api/grpc/proto-google-common-protos/1.0.0/proto-google-common-protos-1.0.0.jar:/home/user/.m2/repository/io/grpc/grpc-protobuf-lite/1.17.1/grpc-protobuf-lite-1.17.1.jar:/home/user/.m2/repository/io/grpc/grpc-stub/1.17.1/grpc-stub-1.17.1.jar:/home/user/.m2/repository/org/apache/hadoop/hadoop-ozone-recon/0.5.0-SNAPSHOT/hadoop-ozone-recon-0.5.0-SNAPSHOT.jar:/home/user/.m2/repository/org/apache/hadoop/hadoop-ozone-reconcodegen/0.5.0-SNAPSHOT/hadoop-ozone-reconcodegen-0.5.0-SNAPSHOT.jar:/home/user/.m2/repository/com/google/inject/extensions/guice-multibindings/4.0/guice-multibindings-4.0.jar:/home/user/.m2/repository/com/google/inject/guice/4.0/guice-4.0.jar:/home/user/.m2/repository/aopalliance/aopalliance/1.0/aopalliance-1.0.jar:/home/user/.m2/repository/com/google/inject/extensions/guice-servlet/4.0/guice-servlet-4.0.jar:/home/user/.m2/repository/org/glassfish/jersey/containers/jersey-container-servlet/2.27/jersey-container-servlet-2.27.jar:/home/user/.m2/repository/org/glassfish/hk2/guice-bridge/2.5.0/guice-bridge-2.5.0.jar:/home/user/.m2/repository/org/glassfish/jersey/core/jersey-server/2.27/jersey-server-2.27.jar:/home/user/.m2/repository/org/glassfish/jersey/core/jersey-client/2.27/jersey-client-2.27.jar:/home/user/.m2/repository/org/glassfish/jersey/media/jersey-media-jaxb/2.27/jersey-media-jaxb-2.27.jar:/home/user/.m2/repository/javax/validation/validation-api/1.1.0.Final/validation-api-1.1.0.Final.jar:/home/user/.m2/repository/org/glassfish/jersey/media/jersey-media-json-jackson/2.27/jersey-media-json-jackson-2.27.jar:/home/user/.m2/repository/org/glassfish/jersey/ext/jersey-entity-filtering/2.27/jersey-entity-filtering-2.27.jar:/home/user/.m2/repository/com/google/inject/extensions/guice-assistedinject/4.0/guice-assistedinject-4.0.jar:/home/user/.m2/repository/org/jooq/jooq/3.11.10/jooq-3.11.10.jar:/home/user/.m2/repository/org/jooq/jooq-meta/3.11.10/jooq-meta-3.11.10.jar:/home/user/.m2/repository/org/jooq/jooq-codegen/3.11.10/jooq-codegen-3.11.10.jar:/home/user/.m2/repository/com/jolbox/bonecp/0.8.0.RELEASE/bonecp-0.8.0.RELEASE.jar:/home/user/.m2/repository/org/springframework/spring-jdbc/5.1.3.RELEASE/spring-jdbc-5.1.3.RELEASE.jar:/home/user/.m2/repository/org/springframework/spring-beans/5.1.3.RELEASE/spring-beans-5.1.3.RELEASE.jar:/home/user/.m2/repository/org/springframework/spring-core/5.1.3.RELEASE/spring-core-5.1.3.RELEASE.jar:/home/user/.m2/repository/org/springframework/spring-jcl/5.1.3.RELEASE/spring-jcl-5.1.3.RELEASE.jar:/home/user/.m2/repository/org/springframework/spring-tx/5.1.3.RELEASE/spring-tx-5.1.3.RELEASE.jar:/home/user/.m2/repository/org/mockito/mockito-core/2.15.0/mockito-core-2.15.0.jar:/home/user/.m2/repository/net/bytebuddy/byte-buddy/1.7.9/byte-buddy-1.7.9.jar:/home/user/.m2/repository/net/bytebuddy/byte-buddy-agent/1.7.9/byte-buddy-agent-1.7.9.jar:/home/user/.m2/repository/org/objenesis/objenesis/1.0/objenesis-1.0.jar:"/>
    <property name="sun.cpu.endian" value="little"/>
    <property name="user.home" value="/home/user"/>
    <property name="user.language" value="en"/>
    <property name="java.specification.vendor" value="Oracle Corporation"/>
    <property name="java.home" value="/usr/lib/jvm/java-1.8-openjdk/jre"/>
    <property name="java.security.krb5.conf" value="/workdir/hadoop-ozone/tools/target/test-classes/krb5.conf"/>
    <property name="basedir" value="/workdir/hadoop-ozone/tools"/>
    <property name="file.separator" value="/"/>
    <property name="line.separator" value="&#10;"/>
    <property name="java.vm.specification.vendor" value="Oracle Corporation"/>
    <property name="java.specification.name" value="Java Platform API Specification"/>
    <property name="java.awt.graphicsenv" value="sun.awt.X11GraphicsEnvironment"/>
    <property name="surefire.real.class.path" value="/workdir/hadoop-ozone/tools/target/surefire/surefirebooter425710266774518104.jar"/>
    <property name="hadoop.log.dir" value="/workdir/hadoop-ozone/tools/target/log"/>
    <property name="sun.boot.class.path" value="/usr/lib/jvm/java-1.8-openjdk/jre/lib/resources.jar:/usr/lib/jvm/java-1.8-openjdk/jre/lib/rt.jar:/usr/lib/jvm/java-1.8-openjdk/jre/lib/sunrsasign.jar:/usr/lib/jvm/java-1.8-openjdk/jre/lib/jsse.jar:/usr/lib/jvm/java-1.8-openjdk/jre/lib/jce.jar:/usr/lib/jvm/java-1.8-openjdk/jre/lib/charsets.jar:/usr/lib/jvm/java-1.8-openjdk/jre/lib/jfr.jar:/usr/lib/jvm/java-1.8-openjdk/jre/classes"/>
    <property name="sun.management.compiler" value="HotSpot 64-Bit Tiered Compilers"/>
    <property name="java.runtime.version" value="1.8.0_212-b04"/>
    <property name="java.net.preferIPv4Stack" value="true"/>
    <property name="user.name" value="jenkins1000"/>
    <property name="path.separator" value=":"/>
    <property name="java.security.egd" value="file:///dev/urandom"/>
    <property name="os.version" value="3.10.0-957.12.2.el7.x86_64"/>
    <property name="java.endorsed.dirs" value="/usr/lib/jvm/java-1.8-openjdk/jre/lib/endorsed"/>
    <property name="java.runtime.name" value="OpenJDK Runtime Environment"/>
    <property name="file.encoding" value="UTF-8"/>
    <property name="java.vm.name" value="OpenJDK 64-Bit Server VM"/>
    <property name="test.build.webapps" value=""/>
    <property name="localRepository" value="/home/user/.m2/repository"/>
    <property name="java.vendor.url.bug" value="https://icedtea.classpath.org/bugzilla"/>
    <property name="java.io.tmpdir" value="/tmp"/>
    <property name="require.test.libhadoop" value=""/>
    <property name="java.version" value="1.8.0_212"/>
    <property name="user.dir" value="/workdir/hadoop-ozone/tools"/>
    <property name="os.arch" value="amd64"/>
    <property name="java.vm.specification.name" value="Java Virtual Machine Specification"/>
    <property name="test.build.classes" value="/workdir/hadoop-ozone/tools/target/test-classes"/>
    <property name="java.awt.printerjob" value="sun.print.PSPrinterJob"/>
    <property name="sun.os.patch.level" value="unknown"/>
    <property name="hadoop.tmp.dir" value="/workdir/hadoop-ozone/tools/target/tmp"/>
    <property name="java.library.path" value="/usr/lib/jvm/java-1.8-openjdk/jre/lib/amd64/server:/usr/lib/jvm/java-1.8-openjdk/jre/lib/amd64:/usr/lib/jvm/java-1.8-openjdk/jre/../lib/amd64:/workdir/hadoop-ozone/tools/target/native/target/usr/local/lib:/workdir/hadoop-ozone/tools/../../hadoop-common-project/hadoop-common/target/native/target/usr/local/lib:/usr/java/packages/lib/amd64:/usr/lib64:/lib64:/lib:/usr/lib"/>
    <property name="java.vm.info" value="mixed mode"/>
    <property name="java.vendor" value="IcedTea"/>
    <property name="java.vm.version" value="25.212-b04"/>
    <property name="java.ext.dirs" value="/usr/lib/jvm/java-1.8-openjdk/jre/lib/ext:/usr/java/packages/lib/ext"/>
    <property name="sun.io.unicode.encoding" value="UnicodeLittle"/>
    <property name="java.class.version" value="52.0"/>
  </properties>
  <testcase name="validateWriteTest" classname="org.apache.hadoop.ozone.freon.TestDataValidateWithDummyContainers" time="0.001"/>
  <testcase name="ratisTestLargeKey" classname="org.apache.hadoop.ozone.freon.TestDataValidateWithDummyContainers" time="5.579">
    <error message="Allocated 0 blocks. Requested 5 blocks" type="INTERNAL_ERROR org.apache.hadoop.ozone.om.exceptions.OMException">INTERNAL_ERROR org.apache.hadoop.ozone.om.exceptions.OMException: Allocated 0 blocks. Requested 5 blocks
	at org.apache.hadoop.ozone.om.protocolPB.OzoneManagerProtocolClientSideTranslatorPB.handleError(OzoneManagerProtocolClientSideTranslatorPB.java:732)
	at org.apache.hadoop.ozone.om.protocolPB.OzoneManagerProtocolClientSideTranslatorPB.openKey(OzoneManagerProtocolClientSideTranslatorPB.java:723)
	at sun.reflect.NativeMethodAccessorImpl.invoke0(Native Method)
	at sun.reflect.NativeMethodAccessorImpl.invoke(NativeMethodAccessorImpl.java:62)
	at sun.reflect.DelegatingMethodAccessorImpl.invoke(DelegatingMethodAccessorImpl.java:43)
	at java.lang.reflect.Method.invoke(Method.java:498)
	at org.apache.hadoop.hdds.tracing.TraceAllMethod.invoke(TraceAllMethod.java:66)
	at com.sun.proxy.$Proxy37.openKey(Unknown Source)
	at org.apache.hadoop.ozone.client.rpc.RpcClient.createKey(RpcClient.java:614)
	at org.apache.hadoop.ozone.client.OzoneBucket.createKey(OzoneBucket.java:325)
	at org.apache.hadoop.ozone.freon.RandomKeyGenerator.createKey(RandomKeyGenerator.java:695)
	at org.apache.hadoop.ozone.freon.RandomKeyGenerator.access$1100(RandomKeyGenerator.java:88)
	at org.apache.hadoop.ozone.freon.RandomKeyGenerator$ObjectCreator.run(RandomKeyGenerator.java:615)
	at java.util.concurrent.Executors$RunnableAdapter.call(Executors.java:511)
	at java.util.concurrent.FutureTask.run(FutureTask.java:266)
	at java.util.concurrent.ThreadPoolExecutor.runWorker(ThreadPoolExecutor.java:1149)
	at java.util.concurrent.ThreadPoolExecutor$Worker.run(ThreadPoolExecutor.java:624)
	at java.lang.Thread.run(Thread.java:748)
</error>
    <system-out><![CDATA[2019-09-25 07:31:31,666 [main] INFO  freon.RandomKeyGenerator (RandomKeyGenerator.java:call(258)) - Override validateWrites to false, because hdds.container.chunk.persistdata is set to false.
2019-09-25 07:31:31,900 [grpc-default-executor-0] INFO  impl.RaftServerProxy (RaftServerProxy.java:addNew(89)) - 36329df2-da72-43d3-aa3d-421de83d9abb: addNew group-F447499CBFB3:[36329df2-da72-43d3-aa3d-421de83d9abb:192.168.151.106:46815] returns group-F447499CBFB3:java.util.concurrent.CompletableFuture@24d9cbf3[Not completed]
2019-09-25 07:31:31,919 [pool-27-thread-1] INFO  impl.RaftServerImpl (RaftServerImpl.java:<init>(95)) - 36329df2-da72-43d3-aa3d-421de83d9abb: new RaftServerImpl for group-F447499CBFB3:[36329df2-da72-43d3-aa3d-421de83d9abb:192.168.151.106:46815] with ContainerStateMachine:uninitialized
2019-09-25 07:31:31,921 [pool-27-thread-1] INFO  server.RaftServerConfigKeys (ConfUtils.java:logGet(43)) - raft.server.rpc.timeout.min = 5s (custom)
2019-09-25 07:31:31,922 [pool-27-thread-1] INFO  server.RaftServerConfigKeys (ConfUtils.java:logGet(43)) - raft.server.rpc.timeout.max = 5200ms (custom)
2019-09-25 07:31:31,922 [pool-27-thread-1] INFO  server.RaftServerConfigKeys (ConfUtils.java:logGet(43)) - raft.server.rpcslowness.timeout = 120s (custom)
2019-09-25 07:31:31,924 [pool-27-thread-1] INFO  server.RaftServerConfigKeys (ConfUtils.java:logGet(43)) - raft.server.sleep.deviation.threshold = 300 (default)
2019-09-25 07:31:31,924 [pool-27-thread-1] INFO  server.RaftServerConfigKeys (ConfUtils.java:logGet(43)) - raft.server.log.appender.install.snapshot.enabled = false (custom)
2019-09-25 07:31:31,940 [pool-27-thread-1] INFO  impl.RaftServerImpl (ServerState.java:<init>(103)) - 36329df2-da72-43d3-aa3d-421de83d9abb@group-F447499CBFB3: ConfigurationManager, init=-1: [36329df2-da72-43d3-aa3d-421de83d9abb:192.168.151.106:46815], old=null, confs=<EMPTY_MAP>
2019-09-25 07:31:31,941 [pool-27-thread-1] INFO  server.RaftServerConfigKeys (ConfUtils.java:logGet(43)) - raft.server.storage.dir = [/workdir/hadoop-ozone/tools/target/test-dir/MiniOzoneClusterImpl-434b9272-080e-4e11-a356-5e83993913c2/datanode-0/data/ratis] (custom)
2019-09-25 07:31:31,951 [pool-27-thread-1] INFO  storage.RaftStorageDirectory (RaftStorageDirectory.java:analyzeStorage(246)) - The storage directory /workdir/hadoop-ozone/tools/target/test-dir/MiniOzoneClusterImpl-434b9272-080e-4e11-a356-5e83993913c2/datanode-0/data/ratis/f8d28172-f83f-4080-941e-f447499cbfb3 does not exist. Creating ...
2019-09-25 07:31:31,979 [pool-27-thread-1] INFO  storage.RaftStorageDirectory (RaftStorageDirectory.java:tryLock(328)) - Lock on /workdir/hadoop-ozone/tools/target/test-dir/MiniOzoneClusterImpl-434b9272-080e-4e11-a356-5e83993913c2/datanode-0/data/ratis/f8d28172-f83f-4080-941e-f447499cbfb3/in_use.lock acquired by nodename 23282@pr-hdds-1569-x2sr2-3486766547
2019-09-25 07:31:32,007 [pool-27-thread-1] INFO  storage.RaftStorage (RaftStorage.java:format(72)) - Storage directory /workdir/hadoop-ozone/tools/target/test-dir/MiniOzoneClusterImpl-434b9272-080e-4e11-a356-5e83993913c2/datanode-0/data/ratis/f8d28172-f83f-4080-941e-f447499cbfb3 has been successfully formatted.
2019-09-25 07:31:32,010 [pool-27-thread-1] INFO  ratis.ContainerStateMachine (ContainerStateMachine.java:loadSnapshot(230)) - group-F447499CBFB3: The snapshot info is null. Setting the last applied indexto:(t:0, i:~)
2019-09-25 07:31:32,011 [pool-27-thread-1] INFO  server.RaftServerConfigKeys (ConfUtils.java:logGet(43)) - raft.server.notification.no-leader.timeout = 120s (custom)
2019-09-25 07:31:32,014 [pool-27-thread-1] INFO  server.RaftServerConfigKeys (ConfUtils.java:logGet(43)) - raft.server.log.use.memory = false (default)
2019-09-25 07:31:32,022 [pool-27-thread-1] INFO  server.RaftServerConfigKeys (ConfUtils.java:logGet(43)) - raft.server.log.purge.gap = 1000000 (custom)
2019-09-25 07:31:32,022 [pool-27-thread-1] INFO  server.RaftServerConfigKeys (ConfUtils.java:logGet(43)) - raft.server.log.appender.buffer.byte-limit = 33554432 (custom)
2019-09-25 07:31:32,025 [pool-27-thread-1] INFO  server.RaftServerConfigKeys (ConfUtils.java:logGet(43)) - raft.server.log.segment.size.max = 1048576 (custom)
2019-09-25 07:31:32,031 [pool-27-thread-1] INFO  server.RaftServerConfigKeys (ConfUtils.java:logGet(43)) - raft.server.log.segment.cache.num.max = 2 (custom)
2019-09-25 07:31:32,040 [pool-27-thread-1] INFO  segmented.SegmentedRaftLogWorker (SegmentedRaftLogWorker.java:<init>(172)) - new 36329df2-da72-43d3-aa3d-421de83d9abb@group-F447499CBFB3-SegmentedRaftLogWorker for RaftStorage:Storage Directory /workdir/hadoop-ozone/tools/target/test-dir/MiniOzoneClusterImpl-434b9272-080e-4e11-a356-5e83993913c2/datanode-0/data/ratis/f8d28172-f83f-4080-941e-f447499cbfb3
2019-09-25 07:31:32,041 [pool-27-thread-1] INFO  impl.MetricsSystemImpl (MetricsSystemImpl.java:init(158)) - ratis metrics system started (again)
2019-09-25 07:31:32,049 [pool-27-thread-1] INFO  metrics.MetricRegistries (MetricRegistriesLoader.java:load(64)) - Loaded MetricRegistries class org.apache.ratis.metrics.impl.MetricRegistriesImpl
2019-09-25 07:31:32,084 [pool-27-thread-1] INFO  server.RaftServerConfigKeys (ConfUtils.java:logGet(43)) - raft.server.log.queue.byte-limit = 2147483647 (custom)
2019-09-25 07:31:32,084 [pool-27-thread-1] INFO  server.RaftServerConfigKeys (ConfUtils.java:logGet(43)) - raft.server.log.queue.element-limit = 1024 (custom)
2019-09-25 07:31:32,088 [pool-27-thread-1] INFO  server.RaftServerConfigKeys (ConfUtils.java:logGet(43)) - raft.server.log.segment.size.max = 1048576 (custom)
2019-09-25 07:31:32,088 [pool-27-thread-1] INFO  server.RaftServerConfigKeys (ConfUtils.java:logGet(43)) - raft.server.log.preallocated.size = 16384 (custom)
2019-09-25 07:31:32,089 [pool-27-thread-1] INFO  server.RaftServerConfigKeys (ConfUtils.java:logGet(43)) - raft.server.log.write.buffer.size = 33554432 (custom)
2019-09-25 07:31:32,089 [pool-27-thread-1] INFO  server.RaftServerConfigKeys (ConfUtils.java:logGet(43)) - raft.server.log.force.sync.num = 128 (default)
2019-09-25 07:31:32,090 [pool-27-thread-1] INFO  server.RaftServerConfigKeys (ConfUtils.java:logGet(43)) - raft.server.log.statemachine.data.sync = true (default)
2019-09-25 07:31:32,090 [pool-27-thread-1] INFO  server.RaftServerConfigKeys (ConfUtils.java:logGet(43)) - raft.server.log.statemachine.data.sync.timeout = 10s (default)
2019-09-25 07:31:32,091 [pool-27-thread-1] INFO  server.RaftServerConfigKeys (ConfUtils.java:logGet(43)) - raft.server.log.statemachine.data.sync.timeout.retry = -1 (default)
2019-09-25 07:31:32,101 [pool-27-thread-1] INFO  server.RaftServerConfigKeys (ConfUtils.java:logGet(43)) - raft.server.log.statemachine.data.caching.enabled = true (custom)
2019-09-25 07:31:32,106 [pool-27-thread-1] INFO  segmented.SegmentedRaftLogWorker (SegmentedRaftLogWorker.java:lambda$new$0(132)) - 36329df2-da72-43d3-aa3d-421de83d9abb@group-F447499CBFB3-SegmentedRaftLogWorker: flushIndex: setUnconditionally 0 -> -1
2019-09-25 07:31:32,110 [pool-27-thread-1] INFO  server.RaftServerConfigKeys (ConfUtils.java:logGet(43)) - raft.server.snapshot.auto.trigger.enabled = true (custom)
2019-09-25 07:31:32,111 [pool-27-thread-1] INFO  server.RaftServerConfigKeys (ConfUtils.java:logGet(43)) - raft.server.snapshot.auto.trigger.threshold = 10000 (custom)
2019-09-25 07:31:32,111 [pool-27-thread-1] INFO  server.RaftServerConfigKeys (ConfUtils.java:logGet(43)) - raft.server.snapshot.retention.num.files = 5 (custom)
2019-09-25 07:31:32,112 [pool-27-thread-1] INFO  server.RaftServerConfigKeys (ConfUtils.java:logGet(43)) - raft.server.retrycache.expirytime = 600000ms (custom)
2019-09-25 07:31:32,150 [pool-27-thread-1] INFO  impl.RaftServerImpl (RaftServerImpl.java:start(185)) - 36329df2-da72-43d3-aa3d-421de83d9abb@group-F447499CBFB3: start as a follower, conf=-1: [36329df2-da72-43d3-aa3d-421de83d9abb:192.168.151.106:46815], old=null
2019-09-25 07:31:32,151 [pool-27-thread-1] INFO  impl.RaftServerImpl (RaftServerImpl.java:setRole(174)) - 36329df2-da72-43d3-aa3d-421de83d9abb@group-F447499CBFB3: changes role from      null to FOLLOWER at term 0 for startAsFollower
2019-09-25 07:31:32,152 [pool-27-thread-1] INFO  impl.RoleInfo (RoleInfo.java:updateAndGet(143)) - 36329df2-da72-43d3-aa3d-421de83d9abb: start FollowerState
2019-09-25 07:31:32,155 [pool-27-thread-1] INFO  util.JmxRegister (JmxRegister.java:tryRegister(44)) - Successfully registered JMX Bean with object name Ratis:service=RaftServer,group=group-F447499CBFB3,id=36329df2-da72-43d3-aa3d-421de83d9abb
2019-09-25 07:31:32,210 [main] INFO  freon.RandomKeyGenerator (RandomKeyGenerator.java:call(283)) - Number of Threads: 10
2019-09-25 07:31:32,211 [main] INFO  freon.RandomKeyGenerator (RandomKeyGenerator.java:call(288)) - Number of Volumes: 1.
2019-09-25 07:31:32,211 [main] INFO  freon.RandomKeyGenerator (RandomKeyGenerator.java:call(289)) - Number of Buckets per Volume: 1.
2019-09-25 07:31:32,211 [main] INFO  freon.RandomKeyGenerator (RandomKeyGenerator.java:call(290)) - Number of Keys per Bucket: 1.
2019-09-25 07:31:32,211 [main] INFO  freon.RandomKeyGenerator (RandomKeyGenerator.java:call(291)) - Key size: 20971520 bytes
2019-09-25 07:31:32,211 [main] INFO  freon.RandomKeyGenerator (RandomKeyGenerator.java:call(292)) - Buffer size: 4096 bytes
2019-09-25 07:31:32,212 [main] INFO  freon.RandomKeyGenerator (RandomKeyGenerator.java:call(293)) - validateWrites : false
2019-09-25 07:31:32,219 [main] INFO  freon.RandomKeyGenerator (RandomKeyGenerator.java:call(313)) - Starting progress bar Thread.

 0.00% |█                                                                                                    |  0/1 Time: 0:00:002019-09-25 07:31:32,246 [pool-73-thread-1] INFO  rpc.RpcClient (RpcClient.java:createVolume(276)) - Creating Volume: vol-0-01519, with jenkins1000 as owner.
2019-09-25 07:31:32,250 [RatisPipelineUtilsThread] INFO  pipeline.PipelineStateManager (PipelineStateManager.java:addPipeline(56)) - Created pipeline Pipeline[ Id: f8d28172-f83f-4080-941e-f447499cbfb3, Nodes: 36329df2-da72-43d3-aa3d-421de83d9abb{ip: 192.168.151.106, host: pr-hdds-1569-x2sr2-3486766547, networkLocation: /default-rack, certSerialId: null}, Type:RATIS, Factor:ONE, State:OPEN]
2019-09-25 07:31:32,272 [grpc-default-executor-0] INFO  impl.RaftServerProxy (RaftServerProxy.java:addNew(89)) - 36329df2-da72-43d3-aa3d-421de83d9abb: addNew group-2A93FAFC1D8E:[36329df2-da72-43d3-aa3d-421de83d9abb:192.168.151.106:46815] returns group-2A93FAFC1D8E:java.util.concurrent.CompletableFuture@1371d5a9[Not completed]
2019-09-25 07:31:32,274 [pool-27-thread-1] INFO  impl.RaftServerImpl (RaftServerImpl.java:<init>(95)) - 36329df2-da72-43d3-aa3d-421de83d9abb: new RaftServerImpl for group-2A93FAFC1D8E:[36329df2-da72-43d3-aa3d-421de83d9abb:192.168.151.106:46815] with ContainerStateMachine:uninitialized
2019-09-25 07:31:32,274 [pool-27-thread-1] INFO  server.RaftServerConfigKeys (ConfUtils.java:logGet(43)) - raft.server.rpc.timeout.min = 5s (custom)
2019-09-25 07:31:32,274 [pool-27-thread-1] INFO  server.RaftServerConfigKeys (ConfUtils.java:logGet(43)) - raft.server.rpc.timeout.max = 5200ms (custom)
2019-09-25 07:31:32,275 [pool-27-thread-1] INFO  server.RaftServerConfigKeys (ConfUtils.java:logGet(43)) - raft.server.rpcslowness.timeout = 120s (custom)
2019-09-25 07:31:32,275 [pool-27-thread-1] INFO  server.RaftServerConfigKeys (ConfUtils.java:logGet(43)) - raft.server.sleep.deviation.threshold = 300 (default)
2019-09-25 07:31:32,275 [pool-27-thread-1] INFO  server.RaftServerConfigKeys (ConfUtils.java:logGet(43)) - raft.server.log.appender.install.snapshot.enabled = false (custom)
2019-09-25 07:31:32,275 [pool-27-thread-1] INFO  impl.RaftServerImpl (ServerState.java:<init>(103)) - 36329df2-da72-43d3-aa3d-421de83d9abb@group-2A93FAFC1D8E: ConfigurationManager, init=-1: [36329df2-da72-43d3-aa3d-421de83d9abb:192.168.151.106:46815], old=null, confs=<EMPTY_MAP>
2019-09-25 07:31:32,275 [pool-27-thread-1] INFO  server.RaftServerConfigKeys (ConfUtils.java:logGet(43)) - raft.server.storage.dir = [/workdir/hadoop-ozone/tools/target/test-dir/MiniOzoneClusterImpl-434b9272-080e-4e11-a356-5e83993913c2/datanode-0/data/ratis] (custom)
2019-09-25 07:31:32,275 [pool-27-thread-1] INFO  storage.RaftStorageDirectory (RaftStorageDirectory.java:analyzeStorage(246)) - The storage directory /workdir/hadoop-ozone/tools/target/test-dir/MiniOzoneClusterImpl-434b9272-080e-4e11-a356-5e83993913c2/datanode-0/data/ratis/0ed3dddc-3db2-405c-af5f-2a93fafc1d8e does not exist. Creating ...
2019-09-25 07:31:32,299 [pool-27-thread-1] INFO  storage.RaftStorageDirectory (RaftStorageDirectory.java:tryLock(328)) - Lock on /workdir/hadoop-ozone/tools/target/test-dir/MiniOzoneClusterImpl-434b9272-080e-4e11-a356-5e83993913c2/datanode-0/data/ratis/0ed3dddc-3db2-405c-af5f-2a93fafc1d8e/in_use.lock acquired by nodename 23282@pr-hdds-1569-x2sr2-3486766547
2019-09-25 07:31:32,323 [pool-27-thread-1] INFO  storage.RaftStorage (RaftStorage.java:format(72)) - Storage directory /workdir/hadoop-ozone/tools/target/test-dir/MiniOzoneClusterImpl-434b9272-080e-4e11-a356-5e83993913c2/datanode-0/data/ratis/0ed3dddc-3db2-405c-af5f-2a93fafc1d8e has been successfully formatted.
2019-09-25 07:31:32,324 [pool-27-thread-1] INFO  ratis.ContainerStateMachine (ContainerStateMachine.java:loadSnapshot(230)) - group-2A93FAFC1D8E: The snapshot info is null. Setting the last applied indexto:(t:0, i:~)
2019-09-25 07:31:32,324 [pool-27-thread-1] INFO  server.RaftServerConfigKeys (ConfUtils.java:logGet(43)) - raft.server.notification.no-leader.timeout = 120s (custom)
2019-09-25 07:31:32,324 [pool-27-thread-1] INFO  server.RaftServerConfigKeys (ConfUtils.java:logGet(43)) - raft.server.log.use.memory = false (default)
2019-09-25 07:31:32,324 [pool-27-thread-1] INFO  server.RaftServerConfigKeys (ConfUtils.java:logGet(43)) - raft.server.log.purge.gap = 1000000 (custom)
2019-09-25 07:31:32,325 [pool-27-thread-1] INFO  server.RaftServerConfigKeys (ConfUtils.java:logGet(43)) - raft.server.log.appender.buffer.byte-limit = 33554432 (custom)
2019-09-25 07:31:32,325 [pool-27-thread-1] INFO  server.RaftServerConfigKeys (ConfUtils.java:logGet(43)) - raft.server.log.segment.size.max = 1048576 (custom)
2019-09-25 07:31:32,326 [pool-27-thread-1] INFO  server.RaftServerConfigKeys (ConfUtils.java:logGet(43)) - raft.server.log.segment.cache.num.max = 2 (custom)
2019-09-25 07:31:32,326 [pool-27-thread-1] INFO  segmented.SegmentedRaftLogWorker (SegmentedRaftLogWorker.java:<init>(172)) - new 36329df2-da72-43d3-aa3d-421de83d9abb@group-2A93FAFC1D8E-SegmentedRaftLogWorker for RaftStorage:Storage Directory /workdir/hadoop-ozone/tools/target/test-dir/MiniOzoneClusterImpl-434b9272-080e-4e11-a356-5e83993913c2/datanode-0/data/ratis/0ed3dddc-3db2-405c-af5f-2a93fafc1d8e
2019-09-25 07:31:32,326 [pool-27-thread-1] INFO  server.RaftServerConfigKeys (ConfUtils.java:logGet(43)) - raft.server.log.queue.byte-limit = 2147483647 (custom)
2019-09-25 07:31:32,326 [pool-27-thread-1] INFO  server.RaftServerConfigKeys (ConfUtils.java:logGet(43)) - raft.server.log.queue.element-limit = 1024 (custom)
2019-09-25 07:31:32,327 [pool-27-thread-1] INFO  server.RaftServerConfigKeys (ConfUtils.java:logGet(43)) - raft.server.log.segment.size.max = 1048576 (custom)
2019-09-25 07:31:32,327 [pool-27-thread-1] INFO  server.RaftServerConfigKeys (ConfUtils.java:logGet(43)) - raft.server.log.preallocated.size = 16384 (custom)
2019-09-25 07:31:32,327 [pool-27-thread-1] INFO  server.RaftServerConfigKeys (ConfUtils.java:logGet(43)) - raft.server.log.write.buffer.size = 33554432 (custom)
2019-09-25 07:31:32,327 [pool-27-thread-1] INFO  server.RaftServerConfigKeys (ConfUtils.java:logGet(43)) - raft.server.log.force.sync.num = 128 (default)
2019-09-25 07:31:32,327 [pool-27-thread-1] INFO  server.RaftServerConfigKeys (ConfUtils.java:logGet(43)) - raft.server.log.statemachine.data.sync = true (default)
2019-09-25 07:31:32,328 [pool-27-thread-1] INFO  server.RaftServerConfigKeys (ConfUtils.java:logGet(43)) - raft.server.log.statemachine.data.sync.timeout = 10s (default)
2019-09-25 07:31:32,328 [pool-27-thread-1] INFO  server.RaftServerConfigKeys (ConfUtils.java:logGet(43)) - raft.server.log.statemachine.data.sync.timeout.retry = -1 (default)
2019-09-25 07:31:32,328 [pool-27-thread-1] INFO  server.RaftServerConfigKeys (ConfUtils.java:logGet(43)) - raft.server.log.statemachine.data.caching.enabled = true (custom)
2019-09-25 07:31:32,329 [pool-27-thread-1] INFO  segmented.SegmentedRaftLogWorker (SegmentedRaftLogWorker.java:lambda$new$0(132)) - 36329df2-da72-43d3-aa3d-421de83d9abb@group-2A93FAFC1D8E-SegmentedRaftLogWorker: flushIndex: setUnconditionally 0 -> -1
2019-09-25 07:31:32,329 [pool-27-thread-1] INFO  server.RaftServerConfigKeys (ConfUtils.java:logGet(43)) - raft.server.snapshot.auto.trigger.enabled = true (custom)
2019-09-25 07:31:32,330 [pool-27-thread-1] INFO  server.RaftServerConfigKeys (ConfUtils.java:logGet(43)) - raft.server.snapshot.auto.trigger.threshold = 10000 (custom)
2019-09-25 07:31:32,330 [pool-27-thread-1] INFO  server.RaftServerConfigKeys (ConfUtils.java:logGet(43)) - raft.server.snapshot.retention.num.files = 5 (custom)
2019-09-25 07:31:32,330 [pool-27-thread-1] INFO  server.RaftServerConfigKeys (ConfUtils.java:logGet(43)) - raft.server.retrycache.expirytime = 600000ms (custom)
2019-09-25 07:31:32,338 [pool-27-thread-1] INFO  impl.RaftServerImpl (RaftServerImpl.java:start(185)) - 36329df2-da72-43d3-aa3d-421de83d9abb@group-2A93FAFC1D8E: start as a follower, conf=-1: [36329df2-da72-43d3-aa3d-421de83d9abb:192.168.151.106:46815], old=null
2019-09-25 07:31:32,338 [pool-27-thread-1] INFO  impl.RaftServerImpl (RaftServerImpl.java:setRole(174)) - 36329df2-da72-43d3-aa3d-421de83d9abb@group-2A93FAFC1D8E: changes role from      null to FOLLOWER at term 0 for startAsFollower
2019-09-25 07:31:32,338 [pool-27-thread-1] INFO  impl.RoleInfo (RoleInfo.java:updateAndGet(143)) - 36329df2-da72-43d3-aa3d-421de83d9abb: start FollowerState
2019-09-25 07:31:32,339 [pool-27-thread-1] INFO  util.JmxRegister (JmxRegister.java:tryRegister(44)) - Successfully registered JMX Bean with object name Ratis:service=RaftServer,group=group-2A93FAFC1D8E,id=36329df2-da72-43d3-aa3d-421de83d9abb
2019-09-25 07:31:32,357 [RatisPipelineUtilsThread] INFO  pipeline.PipelineStateManager (PipelineStateManager.java:addPipeline(56)) - Created pipeline Pipeline[ Id: 0ed3dddc-3db2-405c-af5f-2a93fafc1d8e, Nodes: 36329df2-da72-43d3-aa3d-421de83d9abb{ip: 192.168.151.106, host: pr-hdds-1569-x2sr2-3486766547, networkLocation: /default-rack, certSerialId: null}, Type:RATIS, Factor:ONE, State:OPEN]
2019-09-25 07:31:32,380 [grpc-default-executor-0] INFO  impl.RaftServerProxy (RaftServerProxy.java:addNew(89)) - 36329df2-da72-43d3-aa3d-421de83d9abb: addNew group-E26C76A4FB0B:[36329df2-da72-43d3-aa3d-421de83d9abb:192.168.151.106:46815] returns group-E26C76A4FB0B:java.util.concurrent.CompletableFuture@6b7e548b[Not completed]
2019-09-25 07:31:32,382 [pool-27-thread-1] INFO  impl.RaftServerImpl (RaftServerImpl.java:<init>(95)) - 36329df2-da72-43d3-aa3d-421de83d9abb: new RaftServerImpl for group-E26C76A4FB0B:[36329df2-da72-43d3-aa3d-421de83d9abb:192.168.151.106:46815] with ContainerStateMachine:uninitialized
2019-09-25 07:31:32,383 [pool-27-thread-1] INFO  server.RaftServerConfigKeys (ConfUtils.java:logGet(43)) - raft.server.rpc.timeout.min = 5s (custom)
2019-09-25 07:31:32,383 [pool-27-thread-1] INFO  server.RaftServerConfigKeys (ConfUtils.java:logGet(43)) - raft.server.rpc.timeout.max = 5200ms (custom)
2019-09-25 07:31:32,383 [pool-27-thread-1] INFO  server.RaftServerConfigKeys (ConfUtils.java:logGet(43)) - raft.server.rpcslowness.timeout = 120s (custom)
2019-09-25 07:31:32,383 [pool-27-thread-1] INFO  server.RaftServerConfigKeys (ConfUtils.java:logGet(43)) - raft.server.sleep.deviation.threshold = 300 (default)
2019-09-25 07:31:32,383 [pool-27-thread-1] INFO  server.RaftServerConfigKeys (ConfUtils.java:logGet(43)) - raft.server.log.appender.install.snapshot.enabled = false (custom)
2019-09-25 07:31:32,384 [pool-27-thread-1] INFO  impl.RaftServerImpl (ServerState.java:<init>(103)) - 36329df2-da72-43d3-aa3d-421de83d9abb@group-E26C76A4FB0B: ConfigurationManager, init=-1: [36329df2-da72-43d3-aa3d-421de83d9abb:192.168.151.106:46815], old=null, confs=<EMPTY_MAP>
2019-09-25 07:31:32,384 [pool-27-thread-1] INFO  server.RaftServerConfigKeys (ConfUtils.java:logGet(43)) - raft.server.storage.dir = [/workdir/hadoop-ozone/tools/target/test-dir/MiniOzoneClusterImpl-434b9272-080e-4e11-a356-5e83993913c2/datanode-0/data/ratis] (custom)
2019-09-25 07:31:32,384 [IPC Server handler 19 on 38645] INFO  volume.OMVolumeCreateRequest (OMVolumeCreateRequest.java:validateAndUpdateCache(189)) - created volume:vol-0-01519 for user:jenkins1000
2019-09-25 07:31:32,384 [pool-27-thread-1] INFO  storage.RaftStorageDirectory (RaftStorageDirectory.java:analyzeStorage(246)) - The storage directory /workdir/hadoop-ozone/tools/target/test-dir/MiniOzoneClusterImpl-434b9272-080e-4e11-a356-5e83993913c2/datanode-0/data/ratis/f04da4c0-22de-47af-a414-e26c76a4fb0b does not exist. Creating ...
2019-09-25 07:31:32,408 [pool-27-thread-1] INFO  storage.RaftStorageDirectory (RaftStorageDirectory.java:tryLock(328)) - Lock on /workdir/hadoop-ozone/tools/target/test-dir/MiniOzoneClusterImpl-434b9272-080e-4e11-a356-5e83993913c2/datanode-0/data/ratis/f04da4c0-22de-47af-a414-e26c76a4fb0b/in_use.lock acquired by nodename 23282@pr-hdds-1569-x2sr2-3486766547
2019-09-25 07:31:32,428 [pool-73-thread-2] INFO  rpc.RpcClient (RpcClient.java:createBucket(415)) - Creating Bucket: vol-0-01519/bucket-0-43130, with Versioning false and Storage Type set to DISK and Encryption set to false 
2019-09-25 07:31:32,432 [pool-27-thread-1] INFO  storage.RaftStorage (RaftStorage.java:format(72)) - Storage directory /workdir/hadoop-ozone/tools/target/test-dir/MiniOzoneClusterImpl-434b9272-080e-4e11-a356-5e83993913c2/datanode-0/data/ratis/f04da4c0-22de-47af-a414-e26c76a4fb0b has been successfully formatted.
2019-09-25 07:31:32,432 [pool-27-thread-1] INFO  ratis.ContainerStateMachine (ContainerStateMachine.java:loadSnapshot(230)) - group-E26C76A4FB0B: The snapshot info is null. Setting the last applied indexto:(t:0, i:~)
2019-09-25 07:31:32,433 [pool-27-thread-1] INFO  server.RaftServerConfigKeys (ConfUtils.java:logGet(43)) - raft.server.notification.no-leader.timeout = 120s (custom)
2019-09-25 07:31:32,433 [pool-27-thread-1] INFO  server.RaftServerConfigKeys (ConfUtils.java:logGet(43)) - raft.server.log.use.memory = false (default)
2019-09-25 07:31:32,433 [pool-27-thread-1] INFO  server.RaftServerConfigKeys (ConfUtils.java:logGet(43)) - raft.server.log.purge.gap = 1000000 (custom)
2019-09-25 07:31:32,433 [pool-27-thread-1] INFO  server.RaftServerConfigKeys (ConfUtils.java:logGet(43)) - raft.server.log.appender.buffer.byte-limit = 33554432 (custom)
2019-09-25 07:31:32,434 [pool-27-thread-1] INFO  server.RaftServerConfigKeys (ConfUtils.java:logGet(43)) - raft.server.log.segment.size.max = 1048576 (custom)
2019-09-25 07:31:32,434 [pool-27-thread-1] INFO  server.RaftServerConfigKeys (ConfUtils.java:logGet(43)) - raft.server.log.segment.cache.num.max = 2 (custom)
2019-09-25 07:31:32,434 [pool-27-thread-1] INFO  segmented.SegmentedRaftLogWorker (SegmentedRaftLogWorker.java:<init>(172)) - new 36329df2-da72-43d3-aa3d-421de83d9abb@group-E26C76A4FB0B-SegmentedRaftLogWorker for RaftStorage:Storage Directory /workdir/hadoop-ozone/tools/target/test-dir/MiniOzoneClusterImpl-434b9272-080e-4e11-a356-5e83993913c2/datanode-0/data/ratis/f04da4c0-22de-47af-a414-e26c76a4fb0b
2019-09-25 07:31:32,434 [pool-27-thread-1] INFO  server.RaftServerConfigKeys (ConfUtils.java:logGet(43)) - raft.server.log.queue.byte-limit = 2147483647 (custom)
2019-09-25 07:31:32,434 [pool-27-thread-1] INFO  server.RaftServerConfigKeys (ConfUtils.java:logGet(43)) - raft.server.log.queue.element-limit = 1024 (custom)
2019-09-25 07:31:32,435 [pool-27-thread-1] INFO  server.RaftServerConfigKeys (ConfUtils.java:logGet(43)) - raft.server.log.segment.size.max = 1048576 (custom)
2019-09-25 07:31:32,435 [pool-27-thread-1] INFO  server.RaftServerConfigKeys (ConfUtils.java:logGet(43)) - raft.server.log.preallocated.size = 16384 (custom)
2019-09-25 07:31:32,435 [pool-27-thread-1] INFO  server.RaftServerConfigKeys (ConfUtils.java:logGet(43)) - raft.server.log.write.buffer.size = 33554432 (custom)
2019-09-25 07:31:32,436 [pool-27-thread-1] INFO  server.RaftServerConfigKeys (ConfUtils.java:logGet(43)) - raft.server.log.force.sync.num = 128 (default)
2019-09-25 07:31:32,436 [pool-27-thread-1] INFO  server.RaftServerConfigKeys (ConfUtils.java:logGet(43)) - raft.server.log.statemachine.data.sync = true (default)
2019-09-25 07:31:32,436 [pool-27-thread-1] INFO  server.RaftServerConfigKeys (ConfUtils.java:logGet(43)) - raft.server.log.statemachine.data.sync.timeout = 10s (default)
2019-09-25 07:31:32,436 [pool-27-thread-1] INFO  server.RaftServerConfigKeys (ConfUtils.java:logGet(43)) - raft.server.log.statemachine.data.sync.timeout.retry = -1 (default)
2019-09-25 07:31:32,437 [pool-27-thread-1] INFO  server.RaftServerConfigKeys (ConfUtils.java:logGet(43)) - raft.server.log.statemachine.data.caching.enabled = true (custom)
2019-09-25 07:31:32,438 [pool-27-thread-1] INFO  segmented.SegmentedRaftLogWorker (SegmentedRaftLogWorker.java:lambda$new$0(132)) - 36329df2-da72-43d3-aa3d-421de83d9abb@group-E26C76A4FB0B-SegmentedRaftLogWorker: flushIndex: setUnconditionally 0 -> -1
2019-09-25 07:31:32,439 [pool-27-thread-1] INFO  server.RaftServerConfigKeys (ConfUtils.java:logGet(43)) - raft.server.snapshot.auto.trigger.enabled = true (custom)
2019-09-25 07:31:32,439 [pool-27-thread-1] INFO  server.RaftServerConfigKeys (ConfUtils.java:logGet(43)) - raft.server.snapshot.auto.trigger.threshold = 10000 (custom)
2019-09-25 07:31:32,439 [pool-27-thread-1] INFO  server.RaftServerConfigKeys (ConfUtils.java:logGet(43)) - raft.server.snapshot.retention.num.files = 5 (custom)
2019-09-25 07:31:32,440 [pool-27-thread-1] INFO  server.RaftServerConfigKeys (ConfUtils.java:logGet(43)) - raft.server.retrycache.expirytime = 600000ms (custom)
2019-09-25 07:31:32,449 [pool-27-thread-1] INFO  impl.RaftServerImpl (RaftServerImpl.java:start(185)) - 36329df2-da72-43d3-aa3d-421de83d9abb@group-E26C76A4FB0B: start as a follower, conf=-1: [36329df2-da72-43d3-aa3d-421de83d9abb:192.168.151.106:46815], old=null
2019-09-25 07:31:32,450 [pool-27-thread-1] INFO  impl.RaftServerImpl (RaftServerImpl.java:setRole(174)) - 36329df2-da72-43d3-aa3d-421de83d9abb@group-E26C76A4FB0B: changes role from      null to FOLLOWER at term 0 for startAsFollower
2019-09-25 07:31:32,450 [pool-27-thread-1] INFO  impl.RoleInfo (RoleInfo.java:updateAndGet(143)) - 36329df2-da72-43d3-aa3d-421de83d9abb: start FollowerState
2019-09-25 07:31:32,451 [pool-27-thread-1] INFO  util.JmxRegister (JmxRegister.java:tryRegister(44)) - Successfully registered JMX Bean with object name Ratis:service=RaftServer,group=group-E26C76A4FB0B,id=36329df2-da72-43d3-aa3d-421de83d9abb
2019-09-25 07:31:32,465 [RatisPipelineUtilsThread] INFO  pipeline.PipelineStateManager (PipelineStateManager.java:addPipeline(56)) - Created pipeline Pipeline[ Id: f04da4c0-22de-47af-a414-e26c76a4fb0b, Nodes: 36329df2-da72-43d3-aa3d-421de83d9abb{ip: 192.168.151.106, host: pr-hdds-1569-x2sr2-3486766547, networkLocation: /default-rack, certSerialId: null}, Type:RATIS, Factor:ONE, State:OPEN]
2019-09-25 07:31:32,487 [grpc-default-executor-0] INFO  impl.RaftServerProxy (RaftServerProxy.java:addNew(89)) - 36329df2-da72-43d3-aa3d-421de83d9abb: addNew group-85C01867AF2B:[36329df2-da72-43d3-aa3d-421de83d9abb:192.168.151.106:46815] returns group-85C01867AF2B:java.util.concurrent.CompletableFuture@404da611[Not completed]
2019-09-25 07:31:32,489 [pool-27-thread-1] INFO  impl.RaftServerImpl (RaftServerImpl.java:<init>(95)) - 36329df2-da72-43d3-aa3d-421de83d9abb: new RaftServerImpl for group-85C01867AF2B:[36329df2-da72-43d3-aa3d-421de83d9abb:192.168.151.106:46815] with ContainerStateMachine:uninitialized
2019-09-25 07:31:32,490 [pool-27-thread-1] INFO  server.RaftServerConfigKeys (ConfUtils.java:logGet(43)) - raft.server.rpc.timeout.min = 5s (custom)
2019-09-25 07:31:32,490 [pool-27-thread-1] INFO  server.RaftServerConfigKeys (ConfUtils.java:logGet(43)) - raft.server.rpc.timeout.max = 5200ms (custom)
2019-09-25 07:31:32,490 [pool-27-thread-1] INFO  server.RaftServerConfigKeys (ConfUtils.java:logGet(43)) - raft.server.rpcslowness.timeout = 120s (custom)
2019-09-25 07:31:32,490 [pool-27-thread-1] INFO  server.RaftServerConfigKeys (ConfUtils.java:logGet(43)) - raft.server.sleep.deviation.threshold = 300 (default)
2019-09-25 07:31:32,490 [pool-27-thread-1] INFO  server.RaftServerConfigKeys (ConfUtils.java:logGet(43)) - raft.server.log.appender.install.snapshot.enabled = false (custom)
2019-09-25 07:31:32,491 [pool-27-thread-1] INFO  impl.RaftServerImpl (ServerState.java:<init>(103)) - 36329df2-da72-43d3-aa3d-421de83d9abb@group-85C01867AF2B: ConfigurationManager, init=-1: [36329df2-da72-43d3-aa3d-421de83d9abb:192.168.151.106:46815], old=null, confs=<EMPTY_MAP>
2019-09-25 07:31:32,491 [pool-27-thread-1] INFO  server.RaftServerConfigKeys (ConfUtils.java:logGet(43)) - raft.server.storage.dir = [/workdir/hadoop-ozone/tools/target/test-dir/MiniOzoneClusterImpl-434b9272-080e-4e11-a356-5e83993913c2/datanode-0/data/ratis] (custom)
2019-09-25 07:31:32,491 [pool-27-thread-1] INFO  storage.RaftStorageDirectory (RaftStorageDirectory.java:analyzeStorage(246)) - The storage directory /workdir/hadoop-ozone/tools/target/test-dir/MiniOzoneClusterImpl-434b9272-080e-4e11-a356-5e83993913c2/datanode-0/data/ratis/b6641644-a44c-4532-8ea5-85c01867af2b does not exist. Creating ...
2019-09-25 07:31:32,529 [pool-27-thread-1] INFO  storage.RaftStorageDirectory (RaftStorageDirectory.java:tryLock(328)) - Lock on /workdir/hadoop-ozone/tools/target/test-dir/MiniOzoneClusterImpl-434b9272-080e-4e11-a356-5e83993913c2/datanode-0/data/ratis/b6641644-a44c-4532-8ea5-85c01867af2b/in_use.lock acquired by nodename 23282@pr-hdds-1569-x2sr2-3486766547
2019-09-25 07:31:32,554 [pool-27-thread-1] INFO  storage.RaftStorage (RaftStorage.java:format(72)) - Storage directory /workdir/hadoop-ozone/tools/target/test-dir/MiniOzoneClusterImpl-434b9272-080e-4e11-a356-5e83993913c2/datanode-0/data/ratis/b6641644-a44c-4532-8ea5-85c01867af2b has been successfully formatted.
2019-09-25 07:31:32,554 [pool-27-thread-1] INFO  ratis.ContainerStateMachine (ContainerStateMachine.java:loadSnapshot(230)) - group-85C01867AF2B: The snapshot info is null. Setting the last applied indexto:(t:0, i:~)
2019-09-25 07:31:32,555 [pool-27-thread-1] INFO  server.RaftServerConfigKeys (ConfUtils.java:logGet(43)) - raft.server.notification.no-leader.timeout = 120s (custom)
2019-09-25 07:31:32,555 [pool-27-thread-1] INFO  server.RaftServerConfigKeys (ConfUtils.java:logGet(43)) - raft.server.log.use.memory = false (default)
2019-09-25 07:31:32,555 [pool-27-thread-1] INFO  server.RaftServerConfigKeys (ConfUtils.java:logGet(43)) - raft.server.log.purge.gap = 1000000 (custom)
2019-09-25 07:31:32,555 [pool-27-thread-1] INFO  server.RaftServerConfigKeys (ConfUtils.java:logGet(43)) - raft.server.log.appender.buffer.byte-limit = 33554432 (custom)
2019-09-25 07:31:32,556 [pool-27-thread-1] INFO  server.RaftServerConfigKeys (ConfUtils.java:logGet(43)) - raft.server.log.segment.size.max = 1048576 (custom)
2019-09-25 07:31:32,556 [pool-27-thread-1] INFO  server.RaftServerConfigKeys (ConfUtils.java:logGet(43)) - raft.server.log.segment.cache.num.max = 2 (custom)
2019-09-25 07:31:32,556 [pool-27-thread-1] INFO  segmented.SegmentedRaftLogWorker (SegmentedRaftLogWorker.java:<init>(172)) - new 36329df2-da72-43d3-aa3d-421de83d9abb@group-85C01867AF2B-SegmentedRaftLogWorker for RaftStorage:Storage Directory /workdir/hadoop-ozone/tools/target/test-dir/MiniOzoneClusterImpl-434b9272-080e-4e11-a356-5e83993913c2/datanode-0/data/ratis/b6641644-a44c-4532-8ea5-85c01867af2b
2019-09-25 07:31:32,556 [pool-27-thread-1] INFO  server.RaftServerConfigKeys (ConfUtils.java:logGet(43)) - raft.server.log.queue.byte-limit = 2147483647 (custom)
2019-09-25 07:31:32,556 [pool-27-thread-1] INFO  server.RaftServerConfigKeys (ConfUtils.java:logGet(43)) - raft.server.log.queue.element-limit = 1024 (custom)
2019-09-25 07:31:32,557 [pool-27-thread-1] INFO  server.RaftServerConfigKeys (ConfUtils.java:logGet(43)) - raft.server.log.segment.size.max = 1048576 (custom)
2019-09-25 07:31:32,557 [pool-27-thread-1] INFO  server.RaftServerConfigKeys (ConfUtils.java:logGet(43)) - raft.server.log.preallocated.size = 16384 (custom)
2019-09-25 07:31:32,557 [pool-27-thread-1] INFO  server.RaftServerConfigKeys (ConfUtils.java:logGet(43)) - raft.server.log.write.buffer.size = 33554432 (custom)
2019-09-25 07:31:32,557 [pool-27-thread-1] INFO  server.RaftServerConfigKeys (ConfUtils.java:logGet(43)) - raft.server.log.force.sync.num = 128 (default)
2019-09-25 07:31:32,557 [pool-27-thread-1] INFO  server.RaftServerConfigKeys (ConfUtils.java:logGet(43)) - raft.server.log.statemachine.data.sync = true (default)
2019-09-25 07:31:32,558 [pool-27-thread-1] INFO  server.RaftServerConfigKeys (ConfUtils.java:logGet(43)) - raft.server.log.statemachine.data.sync.timeout = 10s (default)
2019-09-25 07:31:32,558 [pool-27-thread-1] INFO  server.RaftServerConfigKeys (ConfUtils.java:logGet(43)) - raft.server.log.statemachine.data.sync.timeout.retry = -1 (default)
2019-09-25 07:31:32,558 [pool-27-thread-1] INFO  server.RaftServerConfigKeys (ConfUtils.java:logGet(43)) - raft.server.log.statemachine.data.caching.enabled = true (custom)
2019-09-25 07:31:32,558 [pool-27-thread-1] INFO  segmented.SegmentedRaftLogWorker (SegmentedRaftLogWorker.java:lambda$new$0(132)) - 36329df2-da72-43d3-aa3d-421de83d9abb@group-85C01867AF2B-SegmentedRaftLogWorker: flushIndex: setUnconditionally 0 -> -1
2019-09-25 07:31:32,559 [pool-27-thread-1] INFO  server.RaftServerConfigKeys (ConfUtils.java:logGet(43)) - raft.server.snapshot.auto.trigger.enabled = true (custom)
2019-09-25 07:31:32,559 [pool-27-thread-1] INFO  server.RaftServerConfigKeys (ConfUtils.java:logGet(43)) - raft.server.snapshot.auto.trigger.threshold = 10000 (custom)
2019-09-25 07:31:32,559 [pool-27-thread-1] INFO  server.RaftServerConfigKeys (ConfUtils.java:logGet(43)) - raft.server.snapshot.retention.num.files = 5 (custom)
2019-09-25 07:31:32,559 [pool-27-thread-1] INFO  server.RaftServerConfigKeys (ConfUtils.java:logGet(43)) - raft.server.retrycache.expirytime = 600000ms (custom)
2019-09-25 07:31:32,565 [pool-27-thread-1] INFO  impl.RaftServerImpl (RaftServerImpl.java:start(185)) - 36329df2-da72-43d3-aa3d-421de83d9abb@group-85C01867AF2B: start as a follower, conf=-1: [36329df2-da72-43d3-aa3d-421de83d9abb:192.168.151.106:46815], old=null
2019-09-25 07:31:32,565 [pool-27-thread-1] INFO  impl.RaftServerImpl (RaftServerImpl.java:setRole(174)) - 36329df2-da72-43d3-aa3d-421de83d9abb@group-85C01867AF2B: changes role from      null to FOLLOWER at term 0 for startAsFollower
2019-09-25 07:31:32,567 [pool-27-thread-1] INFO  impl.RoleInfo (RoleInfo.java:updateAndGet(143)) - 36329df2-da72-43d3-aa3d-421de83d9abb: start FollowerState
2019-09-25 07:31:32,568 [pool-27-thread-1] INFO  util.JmxRegister (JmxRegister.java:tryRegister(44)) - Successfully registered JMX Bean with object name Ratis:service=RaftServer,group=group-85C01867AF2B,id=36329df2-da72-43d3-aa3d-421de83d9abb
2019-09-25 07:31:32,582 [RatisPipelineUtilsThread] INFO  pipeline.PipelineStateManager (PipelineStateManager.java:addPipeline(56)) - Created pipeline Pipeline[ Id: b6641644-a44c-4532-8ea5-85c01867af2b, Nodes: 36329df2-da72-43d3-aa3d-421de83d9abb{ip: 192.168.151.106, host: pr-hdds-1569-x2sr2-3486766547, networkLocation: /default-rack, certSerialId: null}, Type:RATIS, Factor:ONE, State:OPEN]
2019-09-25 07:31:32,613 [grpc-default-executor-0] INFO  impl.RaftServerProxy (RaftServerProxy.java:addNew(89)) - 9cf3df6f-e379-4380-a767-50b9da7a5708: addNew group-622BCC31CE94:[9cf3df6f-e379-4380-a767-50b9da7a5708:192.168.151.106:34838] returns group-622BCC31CE94:java.util.concurrent.CompletableFuture@527708c1[Not completed]
2019-09-25 07:31:32,658 [pool-37-thread-1] INFO  impl.RaftServerImpl (RaftServerImpl.java:<init>(95)) - 9cf3df6f-e379-4380-a767-50b9da7a5708: new RaftServerImpl for group-622BCC31CE94:[9cf3df6f-e379-4380-a767-50b9da7a5708:192.168.151.106:34838] with ContainerStateMachine:uninitialized
2019-09-25 07:31:32,659 [pool-37-thread-1] INFO  server.RaftServerConfigKeys (ConfUtils.java:logGet(43)) - raft.server.rpc.timeout.min = 5s (custom)
2019-09-25 07:31:32,659 [pool-37-thread-1] INFO  server.RaftServerConfigKeys (ConfUtils.java:logGet(43)) - raft.server.rpc.timeout.max = 5200ms (custom)
2019-09-25 07:31:32,659 [pool-37-thread-1] INFO  server.RaftServerConfigKeys (ConfUtils.java:logGet(43)) - raft.server.rpcslowness.timeout = 120s (custom)
2019-09-25 07:31:32,660 [pool-37-thread-1] INFO  server.RaftServerConfigKeys (ConfUtils.java:logGet(43)) - raft.server.sleep.deviation.threshold = 300 (default)
2019-09-25 07:31:32,660 [pool-37-thread-1] INFO  server.RaftServerConfigKeys (ConfUtils.java:logGet(43)) - raft.server.log.appender.install.snapshot.enabled = false (custom)
2019-09-25 07:31:32,660 [pool-37-thread-1] INFO  impl.RaftServerImpl (ServerState.java:<init>(103)) - 9cf3df6f-e379-4380-a767-50b9da7a5708@group-622BCC31CE94: ConfigurationManager, init=-1: [9cf3df6f-e379-4380-a767-50b9da7a5708:192.168.151.106:34838], old=null, confs=<EMPTY_MAP>
2019-09-25 07:31:32,660 [pool-37-thread-1] INFO  server.RaftServerConfigKeys (ConfUtils.java:logGet(43)) - raft.server.storage.dir = [/workdir/hadoop-ozone/tools/target/test-dir/MiniOzoneClusterImpl-434b9272-080e-4e11-a356-5e83993913c2/datanode-1/data/ratis] (custom)
2019-09-25 07:31:32,661 [pool-37-thread-1] INFO  storage.RaftStorageDirectory (RaftStorageDirectory.java:analyzeStorage(246)) - The storage directory /workdir/hadoop-ozone/tools/target/test-dir/MiniOzoneClusterImpl-434b9272-080e-4e11-a356-5e83993913c2/datanode-1/data/ratis/dacee418-2870-43dc-a22d-622bcc31ce94 does not exist. Creating ...
2019-09-25 07:31:32,688 [pool-37-thread-1] INFO  storage.RaftStorageDirectory (RaftStorageDirectory.java:tryLock(328)) - Lock on /workdir/hadoop-ozone/tools/target/test-dir/MiniOzoneClusterImpl-434b9272-080e-4e11-a356-5e83993913c2/datanode-1/data/ratis/dacee418-2870-43dc-a22d-622bcc31ce94/in_use.lock acquired by nodename 23282@pr-hdds-1569-x2sr2-3486766547
2019-09-25 07:31:32,713 [pool-37-thread-1] INFO  storage.RaftStorage (RaftStorage.java:format(72)) - Storage directory /workdir/hadoop-ozone/tools/target/test-dir/MiniOzoneClusterImpl-434b9272-080e-4e11-a356-5e83993913c2/datanode-1/data/ratis/dacee418-2870-43dc-a22d-622bcc31ce94 has been successfully formatted.
2019-09-25 07:31:32,715 [pool-37-thread-1] INFO  ratis.ContainerStateMachine (ContainerStateMachine.java:loadSnapshot(230)) - group-622BCC31CE94: The snapshot info is null. Setting the last applied indexto:(t:0, i:~)
2019-09-25 07:31:32,717 [pool-37-thread-1] INFO  server.RaftServerConfigKeys (ConfUtils.java:logGet(43)) - raft.server.notification.no-leader.timeout = 120s (custom)
2019-09-25 07:31:32,717 [pool-37-thread-1] INFO  server.RaftServerConfigKeys (ConfUtils.java:logGet(43)) - raft.server.log.use.memory = false (default)
2019-09-25 07:31:32,717 [pool-37-thread-1] INFO  server.RaftServerConfigKeys (ConfUtils.java:logGet(43)) - raft.server.log.purge.gap = 1000000 (custom)
2019-09-25 07:31:32,717 [pool-37-thread-1] INFO  server.RaftServerConfigKeys (ConfUtils.java:logGet(43)) - raft.server.log.appender.buffer.byte-limit = 33554432 (custom)
2019-09-25 07:31:32,717 [pool-37-thread-1] INFO  server.RaftServerConfigKeys (ConfUtils.java:logGet(43)) - raft.server.log.segment.size.max = 1048576 (custom)
2019-09-25 07:31:32,718 [pool-37-thread-1] INFO  server.RaftServerConfigKeys (ConfUtils.java:logGet(43)) - raft.server.log.segment.cache.num.max = 2 (custom)
2019-09-25 07:31:32,718 [pool-37-thread-1] INFO  segmented.SegmentedRaftLogWorker (SegmentedRaftLogWorker.java:<init>(172)) - new 9cf3df6f-e379-4380-a767-50b9da7a5708@group-622BCC31CE94-SegmentedRaftLogWorker for RaftStorage:Storage Directory /workdir/hadoop-ozone/tools/target/test-dir/MiniOzoneClusterImpl-434b9272-080e-4e11-a356-5e83993913c2/datanode-1/data/ratis/dacee418-2870-43dc-a22d-622bcc31ce94
2019-09-25 07:31:32,725 [pool-37-thread-1] INFO  server.RaftServerConfigKeys (ConfUtils.java:logGet(43)) - raft.server.log.queue.byte-limit = 2147483647 (custom)
2019-09-25 07:31:32,725 [pool-37-thread-1] INFO  server.RaftServerConfigKeys (ConfUtils.java:logGet(43)) - raft.server.log.queue.element-limit = 1024 (custom)
2019-09-25 07:31:32,726 [pool-37-thread-1] INFO  server.RaftServerConfigKeys (ConfUtils.java:logGet(43)) - raft.server.log.segment.size.max = 1048576 (custom)
2019-09-25 07:31:32,726 [pool-37-thread-1] INFO  server.RaftServerConfigKeys (ConfUtils.java:logGet(43)) - raft.server.log.preallocated.size = 16384 (custom)
2019-09-25 07:31:32,726 [pool-37-thread-1] INFO  server.RaftServerConfigKeys (ConfUtils.java:logGet(43)) - raft.server.log.write.buffer.size = 33554432 (custom)
2019-09-25 07:31:32,726 [pool-37-thread-1] INFO  server.RaftServerConfigKeys (ConfUtils.java:logGet(43)) - raft.server.log.force.sync.num = 128 (default)
2019-09-25 07:31:32,727 [pool-37-thread-1] INFO  server.RaftServerConfigKeys (ConfUtils.java:logGet(43)) - raft.server.log.statemachine.data.sync = true (default)
2019-09-25 07:31:32,727 [pool-37-thread-1] INFO  server.RaftServerConfigKeys (ConfUtils.java:logGet(43)) - raft.server.log.statemachine.data.sync.timeout = 10s (default)
2019-09-25 07:31:32,727 [pool-37-thread-1] INFO  server.RaftServerConfigKeys (ConfUtils.java:logGet(43)) - raft.server.log.statemachine.data.sync.timeout.retry = -1 (default)
2019-09-25 07:31:32,727 [pool-37-thread-1] INFO  server.RaftServerConfigKeys (ConfUtils.java:logGet(43)) - raft.server.log.statemachine.data.caching.enabled = true (custom)
2019-09-25 07:31:32,728 [pool-37-thread-1] INFO  segmented.SegmentedRaftLogWorker (SegmentedRaftLogWorker.java:lambda$new$0(132)) - 9cf3df6f-e379-4380-a767-50b9da7a5708@group-622BCC31CE94-SegmentedRaftLogWorker: flushIndex: setUnconditionally 0 -> -1
2019-09-25 07:31:32,728 [pool-37-thread-1] INFO  server.RaftServerConfigKeys (ConfUtils.java:logGet(43)) - raft.server.snapshot.auto.trigger.enabled = true (custom)
2019-09-25 07:31:32,729 [pool-37-thread-1] INFO  server.RaftServerConfigKeys (ConfUtils.java:logGet(43)) - raft.server.snapshot.auto.trigger.threshold = 10000 (custom)
2019-09-25 07:31:32,729 [pool-37-thread-1] INFO  server.RaftServerConfigKeys (ConfUtils.java:logGet(43)) - raft.server.snapshot.retention.num.files = 5 (custom)
2019-09-25 07:31:32,729 [pool-37-thread-1] INFO  server.RaftServerConfigKeys (ConfUtils.java:logGet(43)) - raft.server.retrycache.expirytime = 600000ms (custom)
2019-09-25 07:31:32,735 [pool-37-thread-1] INFO  impl.RaftServerImpl (RaftServerImpl.java:start(185)) - 9cf3df6f-e379-4380-a767-50b9da7a5708@group-622BCC31CE94: start as a follower, conf=-1: [9cf3df6f-e379-4380-a767-50b9da7a5708:192.168.151.106:34838], old=null
2019-09-25 07:31:32,735 [pool-37-thread-1] INFO  impl.RaftServerImpl (RaftServerImpl.java:setRole(174)) - 9cf3df6f-e379-4380-a767-50b9da7a5708@group-622BCC31CE94: changes role from      null to FOLLOWER at term 0 for startAsFollower
2019-09-25 07:31:32,735 [pool-37-thread-1] INFO  impl.RoleInfo (RoleInfo.java:updateAndGet(143)) - 9cf3df6f-e379-4380-a767-50b9da7a5708: start FollowerState
2019-09-25 07:31:32,737 [pool-37-thread-1] INFO  util.JmxRegister (JmxRegister.java:tryRegister(44)) - Successfully registered JMX Bean with object name Ratis:service=RaftServer,group=group-622BCC31CE94,id=9cf3df6f-e379-4380-a767-50b9da7a5708
2019-09-25 07:31:32,753 [RatisPipelineUtilsThread] INFO  pipeline.PipelineStateManager (PipelineStateManager.java:addPipeline(56)) - Created pipeline Pipeline[ Id: dacee418-2870-43dc-a22d-622bcc31ce94, Nodes: 9cf3df6f-e379-4380-a767-50b9da7a5708{ip: 192.168.151.106, host: pr-hdds-1569-x2sr2-3486766547, networkLocation: /default-rack, certSerialId: null}, Type:RATIS, Factor:ONE, State:OPEN]
2019-09-25 07:31:32,774 [grpc-default-executor-0] INFO  impl.RaftServerProxy (RaftServerProxy.java:addNew(89)) - 9cf3df6f-e379-4380-a767-50b9da7a5708: addNew group-AC550B1195A2:[9cf3df6f-e379-4380-a767-50b9da7a5708:192.168.151.106:34838] returns group-AC550B1195A2:java.util.concurrent.CompletableFuture@3d4aa8bb[Not completed]
2019-09-25 07:31:32,776 [pool-37-thread-1] INFO  impl.RaftServerImpl (RaftServerImpl.java:<init>(95)) - 9cf3df6f-e379-4380-a767-50b9da7a5708: new RaftServerImpl for group-AC550B1195A2:[9cf3df6f-e379-4380-a767-50b9da7a5708:192.168.151.106:34838] with ContainerStateMachine:uninitialized
2019-09-25 07:31:32,777 [pool-37-thread-1] INFO  server.RaftServerConfigKeys (ConfUtils.java:logGet(43)) - raft.server.rpc.timeout.min = 5s (custom)
2019-09-25 07:31:32,777 [pool-37-thread-1] INFO  server.RaftServerConfigKeys (ConfUtils.java:logGet(43)) - raft.server.rpc.timeout.max = 5200ms (custom)
2019-09-25 07:31:32,777 [pool-37-thread-1] INFO  server.RaftServerConfigKeys (ConfUtils.java:logGet(43)) - raft.server.rpcslowness.timeout = 120s (custom)
2019-09-25 07:31:32,778 [pool-37-thread-1] INFO  server.RaftServerConfigKeys (ConfUtils.java:logGet(43)) - raft.server.sleep.deviation.threshold = 300 (default)
2019-09-25 07:31:32,778 [pool-37-thread-1] INFO  server.RaftServerConfigKeys (ConfUtils.java:logGet(43)) - raft.server.log.appender.install.snapshot.enabled = false (custom)
2019-09-25 07:31:32,778 [pool-37-thread-1] INFO  impl.RaftServerImpl (ServerState.java:<init>(103)) - 9cf3df6f-e379-4380-a767-50b9da7a5708@group-AC550B1195A2: ConfigurationManager, init=-1: [9cf3df6f-e379-4380-a767-50b9da7a5708:192.168.151.106:34838], old=null, confs=<EMPTY_MAP>
2019-09-25 07:31:32,778 [pool-37-thread-1] INFO  server.RaftServerConfigKeys (ConfUtils.java:logGet(43)) - raft.server.storage.dir = [/workdir/hadoop-ozone/tools/target/test-dir/MiniOzoneClusterImpl-434b9272-080e-4e11-a356-5e83993913c2/datanode-1/data/ratis] (custom)
2019-09-25 07:31:32,779 [pool-37-thread-1] INFO  storage.RaftStorageDirectory (RaftStorageDirectory.java:analyzeStorage(246)) - The storage directory /workdir/hadoop-ozone/tools/target/test-dir/MiniOzoneClusterImpl-434b9272-080e-4e11-a356-5e83993913c2/datanode-1/data/ratis/021548ab-4d11-42fc-9814-ac550b1195a2 does not exist. Creating ...
2019-09-25 07:31:32,805 [pool-37-thread-1] INFO  storage.RaftStorageDirectory (RaftStorageDirectory.java:tryLock(328)) - Lock on /workdir/hadoop-ozone/tools/target/test-dir/MiniOzoneClusterImpl-434b9272-080e-4e11-a356-5e83993913c2/datanode-1/data/ratis/021548ab-4d11-42fc-9814-ac550b1195a2/in_use.lock acquired by nodename 23282@pr-hdds-1569-x2sr2-3486766547
2019-09-25 07:31:32,831 [pool-37-thread-1] INFO  storage.RaftStorage (RaftStorage.java:format(72)) - Storage directory /workdir/hadoop-ozone/tools/target/test-dir/MiniOzoneClusterImpl-434b9272-080e-4e11-a356-5e83993913c2/datanode-1/data/ratis/021548ab-4d11-42fc-9814-ac550b1195a2 has been successfully formatted.
2019-09-25 07:31:32,831 [pool-37-thread-1] INFO  ratis.ContainerStateMachine (ContainerStateMachine.java:loadSnapshot(230)) - group-AC550B1195A2: The snapshot info is null. Setting the last applied indexto:(t:0, i:~)
2019-09-25 07:31:32,831 [pool-37-thread-1] INFO  server.RaftServerConfigKeys (ConfUtils.java:logGet(43)) - raft.server.notification.no-leader.timeout = 120s (custom)
2019-09-25 07:31:32,833 [pool-37-thread-1] INFO  server.RaftServerConfigKeys (ConfUtils.java:logGet(43)) - raft.server.log.use.memory = false (default)
2019-09-25 07:31:32,833 [pool-37-thread-1] INFO  server.RaftServerConfigKeys (ConfUtils.java:logGet(43)) - raft.server.log.purge.gap = 1000000 (custom)
2019-09-25 07:31:32,833 [pool-37-thread-1] INFO  server.RaftServerConfigKeys (ConfUtils.java:logGet(43)) - raft.server.log.appender.buffer.byte-limit = 33554432 (custom)
2019-09-25 07:31:32,833 [pool-37-thread-1] INFO  server.RaftServerConfigKeys (ConfUtils.java:logGet(43)) - raft.server.log.segment.size.max = 1048576 (custom)
2019-09-25 07:31:32,834 [pool-37-thread-1] INFO  server.RaftServerConfigKeys (ConfUtils.java:logGet(43)) - raft.server.log.segment.cache.num.max = 2 (custom)
2019-09-25 07:31:32,834 [pool-37-thread-1] INFO  segmented.SegmentedRaftLogWorker (SegmentedRaftLogWorker.java:<init>(172)) - new 9cf3df6f-e379-4380-a767-50b9da7a5708@group-AC550B1195A2-SegmentedRaftLogWorker for RaftStorage:Storage Directory /workdir/hadoop-ozone/tools/target/test-dir/MiniOzoneClusterImpl-434b9272-080e-4e11-a356-5e83993913c2/datanode-1/data/ratis/021548ab-4d11-42fc-9814-ac550b1195a2
2019-09-25 07:31:32,834 [pool-37-thread-1] INFO  server.RaftServerConfigKeys (ConfUtils.java:logGet(43)) - raft.server.log.queue.byte-limit = 2147483647 (custom)
2019-09-25 07:31:32,834 [pool-37-thread-1] INFO  server.RaftServerConfigKeys (ConfUtils.java:logGet(43)) - raft.server.log.queue.element-limit = 1024 (custom)
2019-09-25 07:31:32,834 [pool-37-thread-1] INFO  server.RaftServerConfigKeys (ConfUtils.java:logGet(43)) - raft.server.log.segment.size.max = 1048576 (custom)
2019-09-25 07:31:32,835 [pool-37-thread-1] INFO  server.RaftServerConfigKeys (ConfUtils.java:logGet(43)) - raft.server.log.preallocated.size = 16384 (custom)
2019-09-25 07:31:32,835 [pool-37-thread-1] INFO  server.RaftServerConfigKeys (ConfUtils.java:logGet(43)) - raft.server.log.write.buffer.size = 33554432 (custom)
2019-09-25 07:31:32,835 [pool-37-thread-1] INFO  server.RaftServerConfigKeys (ConfUtils.java:logGet(43)) - raft.server.log.force.sync.num = 128 (default)
2019-09-25 07:31:32,835 [pool-37-thread-1] INFO  server.RaftServerConfigKeys (ConfUtils.java:logGet(43)) - raft.server.log.statemachine.data.sync = true (default)
2019-09-25 07:31:32,835 [pool-37-thread-1] INFO  server.RaftServerConfigKeys (ConfUtils.java:logGet(43)) - raft.server.log.statemachine.data.sync.timeout = 10s (default)
2019-09-25 07:31:32,836 [pool-37-thread-1] INFO  server.RaftServerConfigKeys (ConfUtils.java:logGet(43)) - raft.server.log.statemachine.data.sync.timeout.retry = -1 (default)
2019-09-25 07:31:32,836 [pool-37-thread-1] INFO  server.RaftServerConfigKeys (ConfUtils.java:logGet(43)) - raft.server.log.statemachine.data.caching.enabled = true (custom)
2019-09-25 07:31:32,836 [pool-37-thread-1] INFO  segmented.SegmentedRaftLogWorker (SegmentedRaftLogWorker.java:lambda$new$0(132)) - 9cf3df6f-e379-4380-a767-50b9da7a5708@group-AC550B1195A2-SegmentedRaftLogWorker: flushIndex: setUnconditionally 0 -> -1
2019-09-25 07:31:32,837 [pool-37-thread-1] INFO  server.RaftServerConfigKeys (ConfUtils.java:logGet(43)) - raft.server.snapshot.auto.trigger.enabled = true (custom)
2019-09-25 07:31:32,837 [pool-37-thread-1] INFO  server.RaftServerConfigKeys (ConfUtils.java:logGet(43)) - raft.server.snapshot.auto.trigger.threshold = 10000 (custom)
2019-09-25 07:31:32,837 [pool-37-thread-1] INFO  server.RaftServerConfigKeys (ConfUtils.java:logGet(43)) - raft.server.snapshot.retention.num.files = 5 (custom)
2019-09-25 07:31:32,838 [pool-37-thread-1] INFO  server.RaftServerConfigKeys (ConfUtils.java:logGet(43)) - raft.server.retrycache.expirytime = 600000ms (custom)
2019-09-25 07:31:32,842 [pool-37-thread-1] INFO  impl.RaftServerImpl (RaftServerImpl.java:start(185)) - 9cf3df6f-e379-4380-a767-50b9da7a5708@group-AC550B1195A2: start as a follower, conf=-1: [9cf3df6f-e379-4380-a767-50b9da7a5708:192.168.151.106:34838], old=null
2019-09-25 07:31:32,842 [pool-37-thread-1] INFO  impl.RaftServerImpl (RaftServerImpl.java:setRole(174)) - 9cf3df6f-e379-4380-a767-50b9da7a5708@group-AC550B1195A2: changes role from      null to FOLLOWER at term 0 for startAsFollower
2019-09-25 07:31:32,842 [pool-37-thread-1] INFO  impl.RoleInfo (RoleInfo.java:updateAndGet(143)) - 9cf3df6f-e379-4380-a767-50b9da7a5708: start FollowerState
2019-09-25 07:31:32,842 [pool-37-thread-1] INFO  util.JmxRegister (JmxRegister.java:tryRegister(44)) - Successfully registered JMX Bean with object name Ratis:service=RaftServer,group=group-AC550B1195A2,id=9cf3df6f-e379-4380-a767-50b9da7a5708
2019-09-25 07:31:32,861 [RatisPipelineUtilsThread] INFO  pipeline.PipelineStateManager (PipelineStateManager.java:addPipeline(56)) - Created pipeline Pipeline[ Id: 021548ab-4d11-42fc-9814-ac550b1195a2, Nodes: 9cf3df6f-e379-4380-a767-50b9da7a5708{ip: 192.168.151.106, host: pr-hdds-1569-x2sr2-3486766547, networkLocation: /default-rack, certSerialId: null}, Type:RATIS, Factor:ONE, State:OPEN]
2019-09-25 07:31:32,877 [grpc-default-executor-0] INFO  impl.RaftServerProxy (RaftServerProxy.java:addNew(89)) - e7ade9c5-d3a7-47b4-b6a9-a4357aa48a0f: addNew group-53316489973C:[e7ade9c5-d3a7-47b4-b6a9-a4357aa48a0f:192.168.151.106:33258] returns group-53316489973C:java.util.concurrent.CompletableFuture@579298bd[Not completed]
2019-09-25 07:31:32,898 [pool-67-thread-1] INFO  impl.RaftServerImpl (RaftServerImpl.java:<init>(95)) - e7ade9c5-d3a7-47b4-b6a9-a4357aa48a0f: new RaftServerImpl for group-53316489973C:[e7ade9c5-d3a7-47b4-b6a9-a4357aa48a0f:192.168.151.106:33258] with ContainerStateMachine:uninitialized
2019-09-25 07:31:32,898 [pool-67-thread-1] INFO  server.RaftServerConfigKeys (ConfUtils.java:logGet(43)) - raft.server.rpc.timeout.min = 5s (custom)
2019-09-25 07:31:32,898 [pool-67-thread-1] INFO  server.RaftServerConfigKeys (ConfUtils.java:logGet(43)) - raft.server.rpc.timeout.max = 5200ms (custom)
2019-09-25 07:31:32,898 [pool-67-thread-1] INFO  server.RaftServerConfigKeys (ConfUtils.java:logGet(43)) - raft.server.rpcslowness.timeout = 120s (custom)
2019-09-25 07:31:32,899 [pool-67-thread-1] INFO  server.RaftServerConfigKeys (ConfUtils.java:logGet(43)) - raft.server.sleep.deviation.threshold = 300 (default)
2019-09-25 07:31:32,899 [pool-67-thread-1] INFO  server.RaftServerConfigKeys (ConfUtils.java:logGet(43)) - raft.server.log.appender.install.snapshot.enabled = false (custom)
2019-09-25 07:31:32,899 [pool-67-thread-1] INFO  impl.RaftServerImpl (ServerState.java:<init>(103)) - e7ade9c5-d3a7-47b4-b6a9-a4357aa48a0f@group-53316489973C: ConfigurationManager, init=-1: [e7ade9c5-d3a7-47b4-b6a9-a4357aa48a0f:192.168.151.106:33258], old=null, confs=<EMPTY_MAP>
2019-09-25 07:31:32,899 [pool-67-thread-1] INFO  server.RaftServerConfigKeys (ConfUtils.java:logGet(43)) - raft.server.storage.dir = [/workdir/hadoop-ozone/tools/target/test-dir/MiniOzoneClusterImpl-434b9272-080e-4e11-a356-5e83993913c2/datanode-4/data/ratis] (custom)
2019-09-25 07:31:32,900 [pool-67-thread-1] INFO  storage.RaftStorageDirectory (RaftStorageDirectory.java:analyzeStorage(246)) - The storage directory /workdir/hadoop-ozone/tools/target/test-dir/MiniOzoneClusterImpl-434b9272-080e-4e11-a356-5e83993913c2/datanode-4/data/ratis/db96c144-e946-4ec1-9044-53316489973c does not exist. Creating ...
2019-09-25 07:31:32,913 [pool-67-thread-1] INFO  storage.RaftStorageDirectory (RaftStorageDirectory.java:tryLock(328)) - Lock on /workdir/hadoop-ozone/tools/target/test-dir/MiniOzoneClusterImpl-434b9272-080e-4e11-a356-5e83993913c2/datanode-4/data/ratis/db96c144-e946-4ec1-9044-53316489973c/in_use.lock acquired by nodename 23282@pr-hdds-1569-x2sr2-3486766547
2019-09-25 07:31:32,926 [pool-67-thread-1] INFO  storage.RaftStorage (RaftStorage.java:format(72)) - Storage directory /workdir/hadoop-ozone/tools/target/test-dir/MiniOzoneClusterImpl-434b9272-080e-4e11-a356-5e83993913c2/datanode-4/data/ratis/db96c144-e946-4ec1-9044-53316489973c has been successfully formatted.
2019-09-25 07:31:32,926 [pool-67-thread-1] INFO  ratis.ContainerStateMachine (ContainerStateMachine.java:loadSnapshot(230)) - group-53316489973C: The snapshot info is null. Setting the last applied indexto:(t:0, i:~)
2019-09-25 07:31:32,926 [pool-67-thread-1] INFO  server.RaftServerConfigKeys (ConfUtils.java:logGet(43)) - raft.server.notification.no-leader.timeout = 120s (custom)
2019-09-25 07:31:32,926 [pool-67-thread-1] INFO  server.RaftServerConfigKeys (ConfUtils.java:logGet(43)) - raft.server.log.use.memory = false (default)
2019-09-25 07:31:32,927 [pool-67-thread-1] INFO  server.RaftServerConfigKeys (ConfUtils.java:logGet(43)) - raft.server.log.purge.gap = 1000000 (custom)
2019-09-25 07:31:32,927 [pool-67-thread-1] INFO  server.RaftServerConfigKeys (ConfUtils.java:logGet(43)) - raft.server.log.appender.buffer.byte-limit = 33554432 (custom)
2019-09-25 07:31:32,927 [pool-67-thread-1] INFO  server.RaftServerConfigKeys (ConfUtils.java:logGet(43)) - raft.server.log.segment.size.max = 1048576 (custom)
2019-09-25 07:31:32,927 [pool-67-thread-1] INFO  server.RaftServerConfigKeys (ConfUtils.java:logGet(43)) - raft.server.log.segment.cache.num.max = 2 (custom)
2019-09-25 07:31:32,927 [pool-67-thread-1] INFO  segmented.SegmentedRaftLogWorker (SegmentedRaftLogWorker.java:<init>(172)) - new e7ade9c5-d3a7-47b4-b6a9-a4357aa48a0f@group-53316489973C-SegmentedRaftLogWorker for RaftStorage:Storage Directory /workdir/hadoop-ozone/tools/target/test-dir/MiniOzoneClusterImpl-434b9272-080e-4e11-a356-5e83993913c2/datanode-4/data/ratis/db96c144-e946-4ec1-9044-53316489973c
2019-09-25 07:31:32,956 [pool-67-thread-1] INFO  server.RaftServerConfigKeys (ConfUtils.java:logGet(43)) - raft.server.log.queue.byte-limit = 2147483647 (custom)
2019-09-25 07:31:32,956 [pool-67-thread-1] INFO  server.RaftServerConfigKeys (ConfUtils.java:logGet(43)) - raft.server.log.queue.element-limit = 1024 (custom)
2019-09-25 07:31:32,957 [pool-67-thread-1] INFO  server.RaftServerConfigKeys (ConfUtils.java:logGet(43)) - raft.server.log.segment.size.max = 1048576 (custom)
2019-09-25 07:31:32,957 [pool-67-thread-1] INFO  server.RaftServerConfigKeys (ConfUtils.java:logGet(43)) - raft.server.log.preallocated.size = 16384 (custom)
2019-09-25 07:31:32,957 [pool-67-thread-1] INFO  server.RaftServerConfigKeys (ConfUtils.java:logGet(43)) - raft.server.log.write.buffer.size = 33554432 (custom)
2019-09-25 07:31:32,957 [pool-67-thread-1] INFO  server.RaftServerConfigKeys (ConfUtils.java:logGet(43)) - raft.server.log.force.sync.num = 128 (default)
2019-09-25 07:31:32,958 [pool-67-thread-1] INFO  server.RaftServerConfigKeys (ConfUtils.java:logGet(43)) - raft.server.log.statemachine.data.sync = true (default)
2019-09-25 07:31:32,958 [pool-67-thread-1] INFO  server.RaftServerConfigKeys (ConfUtils.java:logGet(43)) - raft.server.log.statemachine.data.sync.timeout = 10s (default)
2019-09-25 07:31:32,958 [pool-67-thread-1] INFO  server.RaftServerConfigKeys (ConfUtils.java:logGet(43)) - raft.server.log.statemachine.data.sync.timeout.retry = -1 (default)
2019-09-25 07:31:32,958 [pool-67-thread-1] INFO  server.RaftServerConfigKeys (ConfUtils.java:logGet(43)) - raft.server.log.statemachine.data.caching.enabled = true (custom)
2019-09-25 07:31:32,959 [pool-67-thread-1] INFO  segmented.SegmentedRaftLogWorker (SegmentedRaftLogWorker.java:lambda$new$0(132)) - e7ade9c5-d3a7-47b4-b6a9-a4357aa48a0f@group-53316489973C-SegmentedRaftLogWorker: flushIndex: setUnconditionally 0 -> -1
2019-09-25 07:31:32,959 [pool-67-thread-1] INFO  server.RaftServerConfigKeys (ConfUtils.java:logGet(43)) - raft.server.snapshot.auto.trigger.enabled = true (custom)
2019-09-25 07:31:32,960 [pool-67-thread-1] INFO  server.RaftServerConfigKeys (ConfUtils.java:logGet(43)) - raft.server.snapshot.auto.trigger.threshold = 10000 (custom)
2019-09-25 07:31:32,960 [pool-67-thread-1] INFO  server.RaftServerConfigKeys (ConfUtils.java:logGet(43)) - raft.server.snapshot.retention.num.files = 5 (custom)
2019-09-25 07:31:32,960 [pool-67-thread-1] INFO  server.RaftServerConfigKeys (ConfUtils.java:logGet(43)) - raft.server.retrycache.expirytime = 600000ms (custom)
2019-09-25 07:31:32,964 [pool-67-thread-1] INFO  impl.RaftServerImpl (RaftServerImpl.java:start(185)) - e7ade9c5-d3a7-47b4-b6a9-a4357aa48a0f@group-53316489973C: start as a follower, conf=-1: [e7ade9c5-d3a7-47b4-b6a9-a4357aa48a0f:192.168.151.106:33258], old=null
2019-09-25 07:31:32,965 [pool-67-thread-1] INFO  impl.RaftServerImpl (RaftServerImpl.java:setRole(174)) - e7ade9c5-d3a7-47b4-b6a9-a4357aa48a0f@group-53316489973C: changes role from      null to FOLLOWER at term 0 for startAsFollower
2019-09-25 07:31:32,965 [pool-67-thread-1] INFO  impl.RoleInfo (RoleInfo.java:updateAndGet(143)) - e7ade9c5-d3a7-47b4-b6a9-a4357aa48a0f: start FollowerState
2019-09-25 07:31:32,965 [pool-67-thread-1] INFO  util.JmxRegister (JmxRegister.java:tryRegister(44)) - Successfully registered JMX Bean with object name Ratis:service=RaftServer,group=group-53316489973C,id=e7ade9c5-d3a7-47b4-b6a9-a4357aa48a0f
2019-09-25 07:31:32,977 [RatisPipelineUtilsThread] INFO  pipeline.PipelineStateManager (PipelineStateManager.java:addPipeline(56)) - Created pipeline Pipeline[ Id: db96c144-e946-4ec1-9044-53316489973c, Nodes: e7ade9c5-d3a7-47b4-b6a9-a4357aa48a0f{ip: 192.168.151.106, host: pr-hdds-1569-x2sr2-3486766547, networkLocation: /default-rack, certSerialId: null}, Type:RATIS, Factor:ONE, State:OPEN]
2019-09-25 07:31:32,991 [grpc-default-executor-0] INFO  impl.RaftServerProxy (RaftServerProxy.java:addNew(89)) - e7ade9c5-d3a7-47b4-b6a9-a4357aa48a0f: addNew group-ACD272D9DBD7:[e7ade9c5-d3a7-47b4-b6a9-a4357aa48a0f:192.168.151.106:33258] returns group-ACD272D9DBD7:java.util.concurrent.CompletableFuture@716759d3[Not completed]
2019-09-25 07:31:32,993 [pool-67-thread-1] INFO  impl.RaftServerImpl (RaftServerImpl.java:<init>(95)) - e7ade9c5-d3a7-47b4-b6a9-a4357aa48a0f: new RaftServerImpl for group-ACD272D9DBD7:[e7ade9c5-d3a7-47b4-b6a9-a4357aa48a0f:192.168.151.106:33258] with ContainerStateMachine:uninitialized
2019-09-25 07:31:32,993 [pool-67-thread-1] INFO  server.RaftServerConfigKeys (ConfUtils.java:logGet(43)) - raft.server.rpc.timeout.min = 5s (custom)
2019-09-25 07:31:32,994 [pool-67-thread-1] INFO  server.RaftServerConfigKeys (ConfUtils.java:logGet(43)) - raft.server.rpc.timeout.max = 5200ms (custom)
2019-09-25 07:31:32,994 [pool-67-thread-1] INFO  server.RaftServerConfigKeys (ConfUtils.java:logGet(43)) - raft.server.rpcslowness.timeout = 120s (custom)
2019-09-25 07:31:32,994 [pool-67-thread-1] INFO  server.RaftServerConfigKeys (ConfUtils.java:logGet(43)) - raft.server.sleep.deviation.threshold = 300 (default)
2019-09-25 07:31:32,994 [pool-67-thread-1] INFO  server.RaftServerConfigKeys (ConfUtils.java:logGet(43)) - raft.server.log.appender.install.snapshot.enabled = false (custom)
2019-09-25 07:31:32,994 [pool-67-thread-1] INFO  impl.RaftServerImpl (ServerState.java:<init>(103)) - e7ade9c5-d3a7-47b4-b6a9-a4357aa48a0f@group-ACD272D9DBD7: ConfigurationManager, init=-1: [e7ade9c5-d3a7-47b4-b6a9-a4357aa48a0f:192.168.151.106:33258], old=null, confs=<EMPTY_MAP>
2019-09-25 07:31:32,995 [pool-67-thread-1] INFO  server.RaftServerConfigKeys (ConfUtils.java:logGet(43)) - raft.server.storage.dir = [/workdir/hadoop-ozone/tools/target/test-dir/MiniOzoneClusterImpl-434b9272-080e-4e11-a356-5e83993913c2/datanode-4/data/ratis] (custom)
2019-09-25 07:31:32,995 [pool-67-thread-1] INFO  storage.RaftStorageDirectory (RaftStorageDirectory.java:analyzeStorage(246)) - The storage directory /workdir/hadoop-ozone/tools/target/test-dir/MiniOzoneClusterImpl-434b9272-080e-4e11-a356-5e83993913c2/datanode-4/data/ratis/c412cf1c-33be-4fda-bdeb-acd272d9dbd7 does not exist. Creating ...
2019-09-25 07:31:33,018 [pool-67-thread-1] INFO  storage.RaftStorageDirectory (RaftStorageDirectory.java:tryLock(328)) - Lock on /workdir/hadoop-ozone/tools/target/test-dir/MiniOzoneClusterImpl-434b9272-080e-4e11-a356-5e83993913c2/datanode-4/data/ratis/c412cf1c-33be-4fda-bdeb-acd272d9dbd7/in_use.lock acquired by nodename 23282@pr-hdds-1569-x2sr2-3486766547
2019-09-25 07:31:33,042 [pool-67-thread-1] INFO  storage.RaftStorage (RaftStorage.java:format(72)) - Storage directory /workdir/hadoop-ozone/tools/target/test-dir/MiniOzoneClusterImpl-434b9272-080e-4e11-a356-5e83993913c2/datanode-4/data/ratis/c412cf1c-33be-4fda-bdeb-acd272d9dbd7 has been successfully formatted.
2019-09-25 07:31:33,042 [pool-67-thread-1] INFO  ratis.ContainerStateMachine (ContainerStateMachine.java:loadSnapshot(230)) - group-ACD272D9DBD7: The snapshot info is null. Setting the last applied indexto:(t:0, i:~)
2019-09-25 07:31:33,043 [pool-67-thread-1] INFO  server.RaftServerConfigKeys (ConfUtils.java:logGet(43)) - raft.server.notification.no-leader.timeout = 120s (custom)
2019-09-25 07:31:33,043 [pool-67-thread-1] INFO  server.RaftServerConfigKeys (ConfUtils.java:logGet(43)) - raft.server.log.use.memory = false (default)
2019-09-25 07:31:33,043 [pool-67-thread-1] INFO  server.RaftServerConfigKeys (ConfUtils.java:logGet(43)) - raft.server.log.purge.gap = 1000000 (custom)
2019-09-25 07:31:33,043 [pool-67-thread-1] INFO  server.RaftServerConfigKeys (ConfUtils.java:logGet(43)) - raft.server.log.appender.buffer.byte-limit = 33554432 (custom)
2019-09-25 07:31:33,043 [pool-67-thread-1] INFO  server.RaftServerConfigKeys (ConfUtils.java:logGet(43)) - raft.server.log.segment.size.max = 1048576 (custom)
2019-09-25 07:31:33,044 [pool-67-thread-1] INFO  server.RaftServerConfigKeys (ConfUtils.java:logGet(43)) - raft.server.log.segment.cache.num.max = 2 (custom)
2019-09-25 07:31:33,044 [pool-67-thread-1] INFO  segmented.SegmentedRaftLogWorker (SegmentedRaftLogWorker.java:<init>(172)) - new e7ade9c5-d3a7-47b4-b6a9-a4357aa48a0f@group-ACD272D9DBD7-SegmentedRaftLogWorker for RaftStorage:Storage Directory /workdir/hadoop-ozone/tools/target/test-dir/MiniOzoneClusterImpl-434b9272-080e-4e11-a356-5e83993913c2/datanode-4/data/ratis/c412cf1c-33be-4fda-bdeb-acd272d9dbd7
2019-09-25 07:31:33,044 [pool-67-thread-1] INFO  server.RaftServerConfigKeys (ConfUtils.java:logGet(43)) - raft.server.log.queue.byte-limit = 2147483647 (custom)
2019-09-25 07:31:33,044 [pool-67-thread-1] INFO  server.RaftServerConfigKeys (ConfUtils.java:logGet(43)) - raft.server.log.queue.element-limit = 1024 (custom)
2019-09-25 07:31:33,044 [pool-67-thread-1] INFO  server.RaftServerConfigKeys (ConfUtils.java:logGet(43)) - raft.server.log.segment.size.max = 1048576 (custom)
2019-09-25 07:31:33,044 [pool-67-thread-1] INFO  server.RaftServerConfigKeys (ConfUtils.java:logGet(43)) - raft.server.log.preallocated.size = 16384 (custom)
2019-09-25 07:31:33,045 [pool-67-thread-1] INFO  server.RaftServerConfigKeys (ConfUtils.java:logGet(43)) - raft.server.log.write.buffer.size = 33554432 (custom)
2019-09-25 07:31:33,045 [pool-67-thread-1] INFO  server.RaftServerConfigKeys (ConfUtils.java:logGet(43)) - raft.server.log.force.sync.num = 128 (default)
2019-09-25 07:31:33,046 [pool-67-thread-1] INFO  server.RaftServerConfigKeys (ConfUtils.java:logGet(43)) - raft.server.log.statemachine.data.sync = true (default)
2019-09-25 07:31:33,046 [pool-67-thread-1] INFO  server.RaftServerConfigKeys (ConfUtils.java:logGet(43)) - raft.server.log.statemachine.data.sync.timeout = 10s (default)
2019-09-25 07:31:33,046 [pool-67-thread-1] INFO  server.RaftServerConfigKeys (ConfUtils.java:logGet(43)) - raft.server.log.statemachine.data.sync.timeout.retry = -1 (default)
2019-09-25 07:31:33,046 [pool-67-thread-1] INFO  server.RaftServerConfigKeys (ConfUtils.java:logGet(43)) - raft.server.log.statemachine.data.caching.enabled = true (custom)
2019-09-25 07:31:33,047 [pool-67-thread-1] INFO  segmented.SegmentedRaftLogWorker (SegmentedRaftLogWorker.java:lambda$new$0(132)) - e7ade9c5-d3a7-47b4-b6a9-a4357aa48a0f@group-ACD272D9DBD7-SegmentedRaftLogWorker: flushIndex: setUnconditionally 0 -> -1
2019-09-25 07:31:33,047 [pool-67-thread-1] INFO  server.RaftServerConfigKeys (ConfUtils.java:logGet(43)) - raft.server.snapshot.auto.trigger.enabled = true (custom)
2019-09-25 07:31:33,047 [pool-67-thread-1] INFO  server.RaftServerConfigKeys (ConfUtils.java:logGet(43)) - raft.server.snapshot.auto.trigger.threshold = 10000 (custom)
2019-09-25 07:31:33,047 [pool-67-thread-1] INFO  server.RaftServerConfigKeys (ConfUtils.java:logGet(43)) - raft.server.snapshot.retention.num.files = 5 (custom)
2019-09-25 07:31:33,047 [pool-67-thread-1] INFO  server.RaftServerConfigKeys (ConfUtils.java:logGet(43)) - raft.server.retrycache.expirytime = 600000ms (custom)
2019-09-25 07:31:33,050 [pool-67-thread-1] INFO  impl.RaftServerImpl (RaftServerImpl.java:start(185)) - e7ade9c5-d3a7-47b4-b6a9-a4357aa48a0f@group-ACD272D9DBD7: start as a follower, conf=-1: [e7ade9c5-d3a7-47b4-b6a9-a4357aa48a0f:192.168.151.106:33258], old=null
2019-09-25 07:31:33,051 [pool-67-thread-1] INFO  impl.RaftServerImpl (RaftServerImpl.java:setRole(174)) - e7ade9c5-d3a7-47b4-b6a9-a4357aa48a0f@group-ACD272D9DBD7: changes role from      null to FOLLOWER at term 0 for startAsFollower
2019-09-25 07:31:33,051 [pool-67-thread-1] INFO  impl.RoleInfo (RoleInfo.java:updateAndGet(143)) - e7ade9c5-d3a7-47b4-b6a9-a4357aa48a0f: start FollowerState
2019-09-25 07:31:33,051 [pool-67-thread-1] INFO  util.JmxRegister (JmxRegister.java:tryRegister(44)) - Successfully registered JMX Bean with object name Ratis:service=RaftServer,group=group-ACD272D9DBD7,id=e7ade9c5-d3a7-47b4-b6a9-a4357aa48a0f
2019-09-25 07:31:33,064 [RatisPipelineUtilsThread] INFO  pipeline.PipelineStateManager (PipelineStateManager.java:addPipeline(56)) - Created pipeline Pipeline[ Id: c412cf1c-33be-4fda-bdeb-acd272d9dbd7, Nodes: e7ade9c5-d3a7-47b4-b6a9-a4357aa48a0f{ip: 192.168.151.106, host: pr-hdds-1569-x2sr2-3486766547, networkLocation: /default-rack, certSerialId: null}, Type:RATIS, Factor:ONE, State:OPEN]
2019-09-25 07:31:33,079 [grpc-default-executor-0] INFO  impl.RaftServerProxy (RaftServerProxy.java:addNew(89)) - 36329df2-da72-43d3-aa3d-421de83d9abb: addNew group-563746C48FC5:[36329df2-da72-43d3-aa3d-421de83d9abb:192.168.151.106:46815] returns group-563746C48FC5:java.util.concurrent.CompletableFuture@4fff79d5[Not completed]
2019-09-25 07:31:33,081 [pool-27-thread-1] INFO  impl.RaftServerImpl (RaftServerImpl.java:<init>(95)) - 36329df2-da72-43d3-aa3d-421de83d9abb: new RaftServerImpl for group-563746C48FC5:[36329df2-da72-43d3-aa3d-421de83d9abb:192.168.151.106:46815] with ContainerStateMachine:uninitialized
2019-09-25 07:31:33,081 [pool-27-thread-1] INFO  server.RaftServerConfigKeys (ConfUtils.java:logGet(43)) - raft.server.rpc.timeout.min = 5s (custom)
2019-09-25 07:31:33,081 [pool-27-thread-1] INFO  server.RaftServerConfigKeys (ConfUtils.java:logGet(43)) - raft.server.rpc.timeout.max = 5200ms (custom)
2019-09-25 07:31:33,081 [pool-27-thread-1] INFO  server.RaftServerConfigKeys (ConfUtils.java:logGet(43)) - raft.server.rpcslowness.timeout = 120s (custom)
2019-09-25 07:31:33,081 [pool-27-thread-1] INFO  server.RaftServerConfigKeys (ConfUtils.java:logGet(43)) - raft.server.sleep.deviation.threshold = 300 (default)
2019-09-25 07:31:33,082 [pool-27-thread-1] INFO  server.RaftServerConfigKeys (ConfUtils.java:logGet(43)) - raft.server.log.appender.install.snapshot.enabled = false (custom)
2019-09-25 07:31:33,082 [pool-27-thread-1] INFO  impl.RaftServerImpl (ServerState.java:<init>(103)) - 36329df2-da72-43d3-aa3d-421de83d9abb@group-563746C48FC5: ConfigurationManager, init=-1: [36329df2-da72-43d3-aa3d-421de83d9abb:192.168.151.106:46815], old=null, confs=<EMPTY_MAP>
2019-09-25 07:31:33,082 [pool-27-thread-1] INFO  server.RaftServerConfigKeys (ConfUtils.java:logGet(43)) - raft.server.storage.dir = [/workdir/hadoop-ozone/tools/target/test-dir/MiniOzoneClusterImpl-434b9272-080e-4e11-a356-5e83993913c2/datanode-0/data/ratis] (custom)
2019-09-25 07:31:33,083 [pool-27-thread-1] INFO  storage.RaftStorageDirectory (RaftStorageDirectory.java:analyzeStorage(246)) - The storage directory /workdir/hadoop-ozone/tools/target/test-dir/MiniOzoneClusterImpl-434b9272-080e-4e11-a356-5e83993913c2/datanode-0/data/ratis/c6abd2dc-ba99-455b-8a0e-563746c48fc5 does not exist. Creating ...
2019-09-25 07:31:33,095 [pool-27-thread-1] INFO  storage.RaftStorageDirectory (RaftStorageDirectory.java:tryLock(328)) - Lock on /workdir/hadoop-ozone/tools/target/test-dir/MiniOzoneClusterImpl-434b9272-080e-4e11-a356-5e83993913c2/datanode-0/data/ratis/c6abd2dc-ba99-455b-8a0e-563746c48fc5/in_use.lock acquired by nodename 23282@pr-hdds-1569-x2sr2-3486766547
2019-09-25 07:31:33,108 [pool-27-thread-1] INFO  storage.RaftStorage (RaftStorage.java:format(72)) - Storage directory /workdir/hadoop-ozone/tools/target/test-dir/MiniOzoneClusterImpl-434b9272-080e-4e11-a356-5e83993913c2/datanode-0/data/ratis/c6abd2dc-ba99-455b-8a0e-563746c48fc5 has been successfully formatted.
2019-09-25 07:31:33,109 [pool-27-thread-1] INFO  ratis.ContainerStateMachine (ContainerStateMachine.java:loadSnapshot(230)) - group-563746C48FC5: The snapshot info is null. Setting the last applied indexto:(t:0, i:~)
2019-09-25 07:31:33,109 [pool-27-thread-1] INFO  server.RaftServerConfigKeys (ConfUtils.java:logGet(43)) - raft.server.notification.no-leader.timeout = 120s (custom)
2019-09-25 07:31:33,109 [pool-27-thread-1] INFO  server.RaftServerConfigKeys (ConfUtils.java:logGet(43)) - raft.server.log.use.memory = false (default)
2019-09-25 07:31:33,109 [pool-27-thread-1] INFO  server.RaftServerConfigKeys (ConfUtils.java:logGet(43)) - raft.server.log.purge.gap = 1000000 (custom)
2019-09-25 07:31:33,109 [pool-27-thread-1] INFO  server.RaftServerConfigKeys (ConfUtils.java:logGet(43)) - raft.server.log.appender.buffer.byte-limit = 33554432 (custom)
2019-09-25 07:31:33,110 [pool-27-thread-1] INFO  server.RaftServerConfigKeys (ConfUtils.java:logGet(43)) - raft.server.log.segment.size.max = 1048576 (custom)
2019-09-25 07:31:33,110 [pool-27-thread-1] INFO  server.RaftServerConfigKeys (ConfUtils.java:logGet(43)) - raft.server.log.segment.cache.num.max = 2 (custom)
2019-09-25 07:31:33,110 [pool-27-thread-1] INFO  segmented.SegmentedRaftLogWorker (SegmentedRaftLogWorker.java:<init>(172)) - new 36329df2-da72-43d3-aa3d-421de83d9abb@group-563746C48FC5-SegmentedRaftLogWorker for RaftStorage:Storage Directory /workdir/hadoop-ozone/tools/target/test-dir/MiniOzoneClusterImpl-434b9272-080e-4e11-a356-5e83993913c2/datanode-0/data/ratis/c6abd2dc-ba99-455b-8a0e-563746c48fc5
2019-09-25 07:31:33,110 [pool-27-thread-1] INFO  server.RaftServerConfigKeys (ConfUtils.java:logGet(43)) - raft.server.log.queue.byte-limit = 2147483647 (custom)
2019-09-25 07:31:33,110 [pool-27-thread-1] INFO  server.RaftServerConfigKeys (ConfUtils.java:logGet(43)) - raft.server.log.queue.element-limit = 1024 (custom)
2019-09-25 07:31:33,110 [pool-27-thread-1] INFO  server.RaftServerConfigKeys (ConfUtils.java:logGet(43)) - raft.server.log.segment.size.max = 1048576 (custom)
2019-09-25 07:31:33,111 [pool-27-thread-1] INFO  server.RaftServerConfigKeys (ConfUtils.java:logGet(43)) - raft.server.log.preallocated.size = 16384 (custom)
2019-09-25 07:31:33,111 [pool-27-thread-1] INFO  server.RaftServerConfigKeys (ConfUtils.java:logGet(43)) - raft.server.log.write.buffer.size = 33554432 (custom)
2019-09-25 07:31:33,111 [pool-27-thread-1] INFO  server.RaftServerConfigKeys (ConfUtils.java:logGet(43)) - raft.server.log.force.sync.num = 128 (default)
2019-09-25 07:31:33,111 [pool-27-thread-1] INFO  server.RaftServerConfigKeys (ConfUtils.java:logGet(43)) - raft.server.log.statemachine.data.sync = true (default)
2019-09-25 07:31:33,111 [pool-27-thread-1] INFO  server.RaftServerConfigKeys (ConfUtils.java:logGet(43)) - raft.server.log.statemachine.data.sync.timeout = 10s (default)
2019-09-25 07:31:33,112 [pool-27-thread-1] INFO  server.RaftServerConfigKeys (ConfUtils.java:logGet(43)) - raft.server.log.statemachine.data.sync.timeout.retry = -1 (default)
2019-09-25 07:31:33,112 [pool-27-thread-1] INFO  server.RaftServerConfigKeys (ConfUtils.java:logGet(43)) - raft.server.log.statemachine.data.caching.enabled = true (custom)
2019-09-25 07:31:33,112 [pool-27-thread-1] INFO  segmented.SegmentedRaftLogWorker (SegmentedRaftLogWorker.java:lambda$new$0(132)) - 36329df2-da72-43d3-aa3d-421de83d9abb@group-563746C48FC5-SegmentedRaftLogWorker: flushIndex: setUnconditionally 0 -> -1
2019-09-25 07:31:33,113 [pool-27-thread-1] INFO  server.RaftServerConfigKeys (ConfUtils.java:logGet(43)) - raft.server.snapshot.auto.trigger.enabled = true (custom)
2019-09-25 07:31:33,113 [pool-27-thread-1] INFO  server.RaftServerConfigKeys (ConfUtils.java:logGet(43)) - raft.server.snapshot.auto.trigger.threshold = 10000 (custom)
2019-09-25 07:31:33,113 [pool-27-thread-1] INFO  server.RaftServerConfigKeys (ConfUtils.java:logGet(43)) - raft.server.snapshot.retention.num.files = 5 (custom)
2019-09-25 07:31:33,113 [pool-27-thread-1] INFO  server.RaftServerConfigKeys (ConfUtils.java:logGet(43)) - raft.server.retrycache.expirytime = 600000ms (custom)
2019-09-25 07:31:33,116 [pool-27-thread-1] INFO  impl.RaftServerImpl (RaftServerImpl.java:start(185)) - 36329df2-da72-43d3-aa3d-421de83d9abb@group-563746C48FC5: start as a follower, conf=-1: [36329df2-da72-43d3-aa3d-421de83d9abb:192.168.151.106:46815], old=null
2019-09-25 07:31:33,117 [pool-27-thread-1] INFO  impl.RaftServerImpl (RaftServerImpl.java:setRole(174)) - 36329df2-da72-43d3-aa3d-421de83d9abb@group-563746C48FC5: changes role from      null to FOLLOWER at term 0 for startAsFollower
2019-09-25 07:31:33,117 [pool-27-thread-1] INFO  impl.RoleInfo (RoleInfo.java:updateAndGet(143)) - 36329df2-da72-43d3-aa3d-421de83d9abb: start FollowerState
2019-09-25 07:31:33,117 [pool-27-thread-1] INFO  util.JmxRegister (JmxRegister.java:tryRegister(44)) - Successfully registered JMX Bean with object name Ratis:service=RaftServer,group=group-563746C48FC5,id=36329df2-da72-43d3-aa3d-421de83d9abb
2019-09-25 07:31:33,129 [RatisPipelineUtilsThread] INFO  pipeline.PipelineStateManager (PipelineStateManager.java:addPipeline(56)) - Created pipeline Pipeline[ Id: c6abd2dc-ba99-455b-8a0e-563746c48fc5, Nodes: 36329df2-da72-43d3-aa3d-421de83d9abb{ip: 192.168.151.106, host: pr-hdds-1569-x2sr2-3486766547, networkLocation: /default-rack, certSerialId: null}, Type:RATIS, Factor:ONE, State:OPEN]
2019-09-25 07:31:33,143 [grpc-default-executor-0] INFO  impl.RaftServerProxy (RaftServerProxy.java:addNew(89)) - 9cf3df6f-e379-4380-a767-50b9da7a5708: addNew group-0466B6F132BD:[9cf3df6f-e379-4380-a767-50b9da7a5708:192.168.151.106:34838] returns group-0466B6F132BD:java.util.concurrent.CompletableFuture@1494c78f[Not completed]
2019-09-25 07:31:33,145 [pool-37-thread-1] INFO  impl.RaftServerImpl (RaftServerImpl.java:<init>(95)) - 9cf3df6f-e379-4380-a767-50b9da7a5708: new RaftServerImpl for group-0466B6F132BD:[9cf3df6f-e379-4380-a767-50b9da7a5708:192.168.151.106:34838] with ContainerStateMachine:uninitialized
2019-09-25 07:31:33,145 [pool-37-thread-1] INFO  server.RaftServerConfigKeys (ConfUtils.java:logGet(43)) - raft.server.rpc.timeout.min = 5s (custom)
2019-09-25 07:31:33,146 [pool-37-thread-1] INFO  server.RaftServerConfigKeys (ConfUtils.java:logGet(43)) - raft.server.rpc.timeout.max = 5200ms (custom)
2019-09-25 07:31:33,146 [pool-37-thread-1] INFO  server.RaftServerConfigKeys (ConfUtils.java:logGet(43)) - raft.server.rpcslowness.timeout = 120s (custom)
2019-09-25 07:31:33,146 [pool-37-thread-1] INFO  server.RaftServerConfigKeys (ConfUtils.java:logGet(43)) - raft.server.sleep.deviation.threshold = 300 (default)
2019-09-25 07:31:33,146 [pool-37-thread-1] INFO  server.RaftServerConfigKeys (ConfUtils.java:logGet(43)) - raft.server.log.appender.install.snapshot.enabled = false (custom)
2019-09-25 07:31:33,146 [pool-37-thread-1] INFO  impl.RaftServerImpl (ServerState.java:<init>(103)) - 9cf3df6f-e379-4380-a767-50b9da7a5708@group-0466B6F132BD: ConfigurationManager, init=-1: [9cf3df6f-e379-4380-a767-50b9da7a5708:192.168.151.106:34838], old=null, confs=<EMPTY_MAP>
2019-09-25 07:31:33,147 [pool-37-thread-1] INFO  server.RaftServerConfigKeys (ConfUtils.java:logGet(43)) - raft.server.storage.dir = [/workdir/hadoop-ozone/tools/target/test-dir/MiniOzoneClusterImpl-434b9272-080e-4e11-a356-5e83993913c2/datanode-1/data/ratis] (custom)
2019-09-25 07:31:33,147 [pool-37-thread-1] INFO  storage.RaftStorageDirectory (RaftStorageDirectory.java:analyzeStorage(246)) - The storage directory /workdir/hadoop-ozone/tools/target/test-dir/MiniOzoneClusterImpl-434b9272-080e-4e11-a356-5e83993913c2/datanode-1/data/ratis/82cf8431-4e02-4d9c-b189-0466b6f132bd does not exist. Creating ...
2019-09-25 07:31:33,170 [pool-37-thread-1] INFO  storage.RaftStorageDirectory (RaftStorageDirectory.java:tryLock(328)) - Lock on /workdir/hadoop-ozone/tools/target/test-dir/MiniOzoneClusterImpl-434b9272-080e-4e11-a356-5e83993913c2/datanode-1/data/ratis/82cf8431-4e02-4d9c-b189-0466b6f132bd/in_use.lock acquired by nodename 23282@pr-hdds-1569-x2sr2-3486766547
2019-09-25 07:31:33,189 [pool-37-thread-1] INFO  storage.RaftStorage (RaftStorage.java:format(72)) - Storage directory /workdir/hadoop-ozone/tools/target/test-dir/MiniOzoneClusterImpl-434b9272-080e-4e11-a356-5e83993913c2/datanode-1/data/ratis/82cf8431-4e02-4d9c-b189-0466b6f132bd has been successfully formatted.
2019-09-25 07:31:33,190 [pool-37-thread-1] INFO  ratis.ContainerStateMachine (ContainerStateMachine.java:loadSnapshot(230)) - group-0466B6F132BD: The snapshot info is null. Setting the last applied indexto:(t:0, i:~)
2019-09-25 07:31:33,190 [pool-37-thread-1] INFO  server.RaftServerConfigKeys (ConfUtils.java:logGet(43)) - raft.server.notification.no-leader.timeout = 120s (custom)
2019-09-25 07:31:33,190 [pool-37-thread-1] INFO  server.RaftServerConfigKeys (ConfUtils.java:logGet(43)) - raft.server.log.use.memory = false (default)
2019-09-25 07:31:33,190 [pool-37-thread-1] INFO  server.RaftServerConfigKeys (ConfUtils.java:logGet(43)) - raft.server.log.purge.gap = 1000000 (custom)
2019-09-25 07:31:33,190 [pool-37-thread-1] INFO  server.RaftServerConfigKeys (ConfUtils.java:logGet(43)) - raft.server.log.appender.buffer.byte-limit = 33554432 (custom)
2019-09-25 07:31:33,191 [pool-37-thread-1] INFO  server.RaftServerConfigKeys (ConfUtils.java:logGet(43)) - raft.server.log.segment.size.max = 1048576 (custom)
2019-09-25 07:31:33,191 [pool-37-thread-1] INFO  server.RaftServerConfigKeys (ConfUtils.java:logGet(43)) - raft.server.log.segment.cache.num.max = 2 (custom)
2019-09-25 07:31:33,191 [pool-37-thread-1] INFO  segmented.SegmentedRaftLogWorker (SegmentedRaftLogWorker.java:<init>(172)) - new 9cf3df6f-e379-4380-a767-50b9da7a5708@group-0466B6F132BD-SegmentedRaftLogWorker for RaftStorage:Storage Directory /workdir/hadoop-ozone/tools/target/test-dir/MiniOzoneClusterImpl-434b9272-080e-4e11-a356-5e83993913c2/datanode-1/data/ratis/82cf8431-4e02-4d9c-b189-0466b6f132bd
2019-09-25 07:31:33,191 [pool-37-thread-1] INFO  server.RaftServerConfigKeys (ConfUtils.java:logGet(43)) - raft.server.log.queue.byte-limit = 2147483647 (custom)
2019-09-25 07:31:33,191 [pool-37-thread-1] INFO  server.RaftServerConfigKeys (ConfUtils.java:logGet(43)) - raft.server.log.queue.element-limit = 1024 (custom)
2019-09-25 07:31:33,192 [pool-37-thread-1] INFO  server.RaftServerConfigKeys (ConfUtils.java:logGet(43)) - raft.server.log.segment.size.max = 1048576 (custom)
2019-09-25 07:31:33,192 [pool-37-thread-1] INFO  server.RaftServerConfigKeys (ConfUtils.java:logGet(43)) - raft.server.log.preallocated.size = 16384 (custom)
2019-09-25 07:31:33,192 [pool-37-thread-1] INFO  server.RaftServerConfigKeys (ConfUtils.java:logGet(43)) - raft.server.log.write.buffer.size = 33554432 (custom)
2019-09-25 07:31:33,192 [pool-37-thread-1] INFO  server.RaftServerConfigKeys (ConfUtils.java:logGet(43)) - raft.server.log.force.sync.num = 128 (default)
2019-09-25 07:31:33,192 [pool-37-thread-1] INFO  server.RaftServerConfigKeys (ConfUtils.java:logGet(43)) - raft.server.log.statemachine.data.sync = true (default)
2019-09-25 07:31:33,193 [pool-37-thread-1] INFO  server.RaftServerConfigKeys (ConfUtils.java:logGet(43)) - raft.server.log.statemachine.data.sync.timeout = 10s (default)
2019-09-25 07:31:33,193 [pool-37-thread-1] INFO  server.RaftServerConfigKeys (ConfUtils.java:logGet(43)) - raft.server.log.statemachine.data.sync.timeout.retry = -1 (default)
2019-09-25 07:31:33,193 [pool-37-thread-1] INFO  server.RaftServerConfigKeys (ConfUtils.java:logGet(43)) - raft.server.log.statemachine.data.caching.enabled = true (custom)
2019-09-25 07:31:33,193 [pool-37-thread-1] INFO  segmented.SegmentedRaftLogWorker (SegmentedRaftLogWorker.java:lambda$new$0(132)) - 9cf3df6f-e379-4380-a767-50b9da7a5708@group-0466B6F132BD-SegmentedRaftLogWorker: flushIndex: setUnconditionally 0 -> -1
2019-09-25 07:31:33,194 [pool-37-thread-1] INFO  server.RaftServerConfigKeys (ConfUtils.java:logGet(43)) - raft.server.snapshot.auto.trigger.enabled = true (custom)
2019-09-25 07:31:33,194 [pool-37-thread-1] INFO  server.RaftServerConfigKeys (ConfUtils.java:logGet(43)) - raft.server.snapshot.auto.trigger.threshold = 10000 (custom)
2019-09-25 07:31:33,194 [pool-37-thread-1] INFO  server.RaftServerConfigKeys (ConfUtils.java:logGet(43)) - raft.server.snapshot.retention.num.files = 5 (custom)
2019-09-25 07:31:33,194 [pool-37-thread-1] INFO  server.RaftServerConfigKeys (ConfUtils.java:logGet(43)) - raft.server.retrycache.expirytime = 600000ms (custom)
2019-09-25 07:31:33,198 [pool-37-thread-1] INFO  impl.RaftServerImpl (RaftServerImpl.java:start(185)) - 9cf3df6f-e379-4380-a767-50b9da7a5708@group-0466B6F132BD: start as a follower, conf=-1: [9cf3df6f-e379-4380-a767-50b9da7a5708:192.168.151.106:34838], old=null
2019-09-25 07:31:33,198 [pool-37-thread-1] INFO  impl.RaftServerImpl (RaftServerImpl.java:setRole(174)) - 9cf3df6f-e379-4380-a767-50b9da7a5708@group-0466B6F132BD: changes role from      null to FOLLOWER at term 0 for startAsFollower
2019-09-25 07:31:33,198 [pool-37-thread-1] INFO  impl.RoleInfo (RoleInfo.java:updateAndGet(143)) - 9cf3df6f-e379-4380-a767-50b9da7a5708: start FollowerState
2019-09-25 07:31:33,199 [pool-37-thread-1] INFO  util.JmxRegister (JmxRegister.java:tryRegister(44)) - Successfully registered JMX Bean with object name Ratis:service=RaftServer,group=group-0466B6F132BD,id=9cf3df6f-e379-4380-a767-50b9da7a5708
2019-09-25 07:31:33,208 [RatisPipelineUtilsThread] INFO  pipeline.PipelineStateManager (PipelineStateManager.java:addPipeline(56)) - Created pipeline Pipeline[ Id: 82cf8431-4e02-4d9c-b189-0466b6f132bd, Nodes: 9cf3df6f-e379-4380-a767-50b9da7a5708{ip: 192.168.151.106, host: pr-hdds-1569-x2sr2-3486766547, networkLocation: /default-rack, certSerialId: null}, Type:RATIS, Factor:ONE, State:OPEN]
 0.00% |█                                                                                                    |  0/1 Time: 0:00:012019-09-25 07:31:33,224 [grpc-default-executor-0] INFO  impl.RaftServerProxy (RaftServerProxy.java:addNew(89)) - 36329df2-da72-43d3-aa3d-421de83d9abb: addNew group-08659041372D:[36329df2-da72-43d3-aa3d-421de83d9abb:192.168.151.106:46815] returns group-08659041372D:java.util.concurrent.CompletableFuture@76504d31[Not completed]
2019-09-25 07:31:33,226 [pool-27-thread-1] INFO  impl.RaftServerImpl (RaftServerImpl.java:<init>(95)) - 36329df2-da72-43d3-aa3d-421de83d9abb: new RaftServerImpl for group-08659041372D:[36329df2-da72-43d3-aa3d-421de83d9abb:192.168.151.106:46815] with ContainerStateMachine:uninitialized
2019-09-25 07:31:33,226 [pool-27-thread-1] INFO  server.RaftServerConfigKeys (ConfUtils.java:logGet(43)) - raft.server.rpc.timeout.min = 5s (custom)
2019-09-25 07:31:33,226 [pool-27-thread-1] INFO  server.RaftServerConfigKeys (ConfUtils.java:logGet(43)) - raft.server.rpc.timeout.max = 5200ms (custom)
2019-09-25 07:31:33,226 [pool-27-thread-1] INFO  server.RaftServerConfigKeys (ConfUtils.java:logGet(43)) - raft.server.rpcslowness.timeout = 120s (custom)
2019-09-25 07:31:33,226 [pool-27-thread-1] INFO  server.RaftServerConfigKeys (ConfUtils.java:logGet(43)) - raft.server.sleep.deviation.threshold = 300 (default)
2019-09-25 07:31:33,226 [pool-27-thread-1] INFO  server.RaftServerConfigKeys (ConfUtils.java:logGet(43)) - raft.server.log.appender.install.snapshot.enabled = false (custom)
2019-09-25 07:31:33,227 [pool-27-thread-1] INFO  impl.RaftServerImpl (ServerState.java:<init>(103)) - 36329df2-da72-43d3-aa3d-421de83d9abb@group-08659041372D: ConfigurationManager, init=-1: [36329df2-da72-43d3-aa3d-421de83d9abb:192.168.151.106:46815], old=null, confs=<EMPTY_MAP>
2019-09-25 07:31:33,227 [pool-27-thread-1] INFO  server.RaftServerConfigKeys (ConfUtils.java:logGet(43)) - raft.server.storage.dir = [/workdir/hadoop-ozone/tools/target/test-dir/MiniOzoneClusterImpl-434b9272-080e-4e11-a356-5e83993913c2/datanode-0/data/ratis] (custom)
2019-09-25 07:31:33,228 [pool-27-thread-1] INFO  storage.RaftStorageDirectory (RaftStorageDirectory.java:analyzeStorage(246)) - The storage directory /workdir/hadoop-ozone/tools/target/test-dir/MiniOzoneClusterImpl-434b9272-080e-4e11-a356-5e83993913c2/datanode-0/data/ratis/60db68b9-ca5d-4ca6-afb9-08659041372d does not exist. Creating ...
2019-09-25 07:31:33,252 [pool-27-thread-1] INFO  storage.RaftStorageDirectory (RaftStorageDirectory.java:tryLock(328)) - Lock on /workdir/hadoop-ozone/tools/target/test-dir/MiniOzoneClusterImpl-434b9272-080e-4e11-a356-5e83993913c2/datanode-0/data/ratis/60db68b9-ca5d-4ca6-afb9-08659041372d/in_use.lock acquired by nodename 23282@pr-hdds-1569-x2sr2-3486766547
2019-09-25 07:31:33,265 [pool-27-thread-1] INFO  storage.RaftStorage (RaftStorage.java:format(72)) - Storage directory /workdir/hadoop-ozone/tools/target/test-dir/MiniOzoneClusterImpl-434b9272-080e-4e11-a356-5e83993913c2/datanode-0/data/ratis/60db68b9-ca5d-4ca6-afb9-08659041372d has been successfully formatted.
2019-09-25 07:31:33,265 [pool-27-thread-1] INFO  ratis.ContainerStateMachine (ContainerStateMachine.java:loadSnapshot(230)) - group-08659041372D: The snapshot info is null. Setting the last applied indexto:(t:0, i:~)
2019-09-25 07:31:33,265 [pool-27-thread-1] INFO  server.RaftServerConfigKeys (ConfUtils.java:logGet(43)) - raft.server.notification.no-leader.timeout = 120s (custom)
2019-09-25 07:31:33,266 [pool-27-thread-1] INFO  server.RaftServerConfigKeys (ConfUtils.java:logGet(43)) - raft.server.log.use.memory = false (default)
2019-09-25 07:31:33,266 [pool-27-thread-1] INFO  server.RaftServerConfigKeys (ConfUtils.java:logGet(43)) - raft.server.log.purge.gap = 1000000 (custom)
2019-09-25 07:31:33,266 [pool-27-thread-1] INFO  server.RaftServerConfigKeys (ConfUtils.java:logGet(43)) - raft.server.log.appender.buffer.byte-limit = 33554432 (custom)
2019-09-25 07:31:33,266 [pool-27-thread-1] INFO  server.RaftServerConfigKeys (ConfUtils.java:logGet(43)) - raft.server.log.segment.size.max = 1048576 (custom)
2019-09-25 07:31:33,266 [pool-27-thread-1] INFO  server.RaftServerConfigKeys (ConfUtils.java:logGet(43)) - raft.server.log.segment.cache.num.max = 2 (custom)
2019-09-25 07:31:33,267 [pool-27-thread-1] INFO  segmented.SegmentedRaftLogWorker (SegmentedRaftLogWorker.java:<init>(172)) - new 36329df2-da72-43d3-aa3d-421de83d9abb@group-08659041372D-SegmentedRaftLogWorker for RaftStorage:Storage Directory /workdir/hadoop-ozone/tools/target/test-dir/MiniOzoneClusterImpl-434b9272-080e-4e11-a356-5e83993913c2/datanode-0/data/ratis/60db68b9-ca5d-4ca6-afb9-08659041372d
2019-09-25 07:31:33,267 [pool-27-thread-1] INFO  server.RaftServerConfigKeys (ConfUtils.java:logGet(43)) - raft.server.log.queue.byte-limit = 2147483647 (custom)
2019-09-25 07:31:33,267 [pool-27-thread-1] INFO  server.RaftServerConfigKeys (ConfUtils.java:logGet(43)) - raft.server.log.queue.element-limit = 1024 (custom)
2019-09-25 07:31:33,267 [pool-27-thread-1] INFO  server.RaftServerConfigKeys (ConfUtils.java:logGet(43)) - raft.server.log.segment.size.max = 1048576 (custom)
2019-09-25 07:31:33,267 [pool-27-thread-1] INFO  server.RaftServerConfigKeys (ConfUtils.java:logGet(43)) - raft.server.log.preallocated.size = 16384 (custom)
2019-09-25 07:31:33,268 [pool-27-thread-1] INFO  server.RaftServerConfigKeys (ConfUtils.java:logGet(43)) - raft.server.log.write.buffer.size = 33554432 (custom)
2019-09-25 07:31:33,268 [pool-27-thread-1] INFO  server.RaftServerConfigKeys (ConfUtils.java:logGet(43)) - raft.server.log.force.sync.num = 128 (default)
2019-09-25 07:31:33,268 [pool-27-thread-1] INFO  server.RaftServerConfigKeys (ConfUtils.java:logGet(43)) - raft.server.log.statemachine.data.sync = true (default)
2019-09-25 07:31:33,268 [pool-27-thread-1] INFO  server.RaftServerConfigKeys (ConfUtils.java:logGet(43)) - raft.server.log.statemachine.data.sync.timeout = 10s (default)
2019-09-25 07:31:33,268 [pool-27-thread-1] INFO  server.RaftServerConfigKeys (ConfUtils.java:logGet(43)) - raft.server.log.statemachine.data.sync.timeout.retry = -1 (default)
2019-09-25 07:31:33,269 [pool-27-thread-1] INFO  server.RaftServerConfigKeys (ConfUtils.java:logGet(43)) - raft.server.log.statemachine.data.caching.enabled = true (custom)
2019-09-25 07:31:33,269 [pool-27-thread-1] INFO  segmented.SegmentedRaftLogWorker (SegmentedRaftLogWorker.java:lambda$new$0(132)) - 36329df2-da72-43d3-aa3d-421de83d9abb@group-08659041372D-SegmentedRaftLogWorker: flushIndex: setUnconditionally 0 -> -1
2019-09-25 07:31:33,269 [pool-27-thread-1] INFO  server.RaftServerConfigKeys (ConfUtils.java:logGet(43)) - raft.server.snapshot.auto.trigger.enabled = true (custom)
2019-09-25 07:31:33,270 [pool-27-thread-1] INFO  server.RaftServerConfigKeys (ConfUtils.java:logGet(43)) - raft.server.snapshot.auto.trigger.threshold = 10000 (custom)
2019-09-25 07:31:33,270 [pool-27-thread-1] INFO  server.RaftServerConfigKeys (ConfUtils.java:logGet(43)) - raft.server.snapshot.retention.num.files = 5 (custom)
2019-09-25 07:31:33,270 [pool-27-thread-1] INFO  server.RaftServerConfigKeys (ConfUtils.java:logGet(43)) - raft.server.retrycache.expirytime = 600000ms (custom)
2019-09-25 07:31:33,273 [pool-27-thread-1] INFO  impl.RaftServerImpl (RaftServerImpl.java:start(185)) - 36329df2-da72-43d3-aa3d-421de83d9abb@group-08659041372D: start as a follower, conf=-1: [36329df2-da72-43d3-aa3d-421de83d9abb:192.168.151.106:46815], old=null
2019-09-25 07:31:33,274 [pool-27-thread-1] INFO  impl.RaftServerImpl (RaftServerImpl.java:setRole(174)) - 36329df2-da72-43d3-aa3d-421de83d9abb@group-08659041372D: changes role from      null to FOLLOWER at term 0 for startAsFollower
2019-09-25 07:31:33,274 [pool-27-thread-1] INFO  impl.RoleInfo (RoleInfo.java:updateAndGet(143)) - 36329df2-da72-43d3-aa3d-421de83d9abb: start FollowerState
2019-09-25 07:31:33,274 [pool-27-thread-1] INFO  util.JmxRegister (JmxRegister.java:tryRegister(44)) - Successfully registered JMX Bean with object name Ratis:service=RaftServer,group=group-08659041372D,id=36329df2-da72-43d3-aa3d-421de83d9abb
2019-09-25 07:31:33,285 [RatisPipelineUtilsThread] INFO  pipeline.PipelineStateManager (PipelineStateManager.java:addPipeline(56)) - Created pipeline Pipeline[ Id: 60db68b9-ca5d-4ca6-afb9-08659041372d, Nodes: 36329df2-da72-43d3-aa3d-421de83d9abb{ip: 192.168.151.106, host: pr-hdds-1569-x2sr2-3486766547, networkLocation: /default-rack, certSerialId: null}, Type:RATIS, Factor:ONE, State:OPEN]
2019-09-25 07:31:33,285 [RatisPipelineUtilsThread] INFO  pipeline.PipelinePlacementPolicy (PipelinePlacementPolicy.java:meetCriteria(91)) - Pipeline Placement: can't place more pipeline on heavy datanode： 36329df2-da72-43d3-aa3d-421de83d9abb Heaviness: 6 limit: 5
2019-09-25 07:31:33,302 [grpc-default-executor-0] INFO  impl.RaftServerProxy (RaftServerProxy.java:addNew(89)) - d48b337c-c375-45aa-b643-d5a6070b4eed: addNew group-BC73350C6D41:[d48b337c-c375-45aa-b643-d5a6070b4eed:192.168.151.106:46356] returns group-BC73350C6D41:java.util.concurrent.CompletableFuture@41e49865[Not completed]
2019-09-25 07:31:33,304 [pool-57-thread-1] INFO  impl.RaftServerImpl (RaftServerImpl.java:<init>(95)) - d48b337c-c375-45aa-b643-d5a6070b4eed: new RaftServerImpl for group-BC73350C6D41:[d48b337c-c375-45aa-b643-d5a6070b4eed:192.168.151.106:46356] with ContainerStateMachine:uninitialized
2019-09-25 07:31:33,304 [pool-57-thread-1] INFO  server.RaftServerConfigKeys (ConfUtils.java:logGet(43)) - raft.server.rpc.timeout.min = 5s (custom)
2019-09-25 07:31:33,304 [pool-57-thread-1] INFO  server.RaftServerConfigKeys (ConfUtils.java:logGet(43)) - raft.server.rpc.timeout.max = 5200ms (custom)
2019-09-25 07:31:33,305 [pool-57-thread-1] INFO  server.RaftServerConfigKeys (ConfUtils.java:logGet(43)) - raft.server.rpcslowness.timeout = 120s (custom)
2019-09-25 07:31:33,305 [pool-57-thread-1] INFO  server.RaftServerConfigKeys (ConfUtils.java:logGet(43)) - raft.server.sleep.deviation.threshold = 300 (default)
2019-09-25 07:31:33,305 [pool-57-thread-1] INFO  server.RaftServerConfigKeys (ConfUtils.java:logGet(43)) - raft.server.log.appender.install.snapshot.enabled = false (custom)
2019-09-25 07:31:33,305 [pool-57-thread-1] INFO  impl.RaftServerImpl (ServerState.java:<init>(103)) - d48b337c-c375-45aa-b643-d5a6070b4eed@group-BC73350C6D41: ConfigurationManager, init=-1: [d48b337c-c375-45aa-b643-d5a6070b4eed:192.168.151.106:46356], old=null, confs=<EMPTY_MAP>
2019-09-25 07:31:33,306 [pool-57-thread-1] INFO  server.RaftServerConfigKeys (ConfUtils.java:logGet(43)) - raft.server.storage.dir = [/workdir/hadoop-ozone/tools/target/test-dir/MiniOzoneClusterImpl-434b9272-080e-4e11-a356-5e83993913c2/datanode-3/data/ratis] (custom)
2019-09-25 07:31:33,306 [pool-57-thread-1] INFO  storage.RaftStorageDirectory (RaftStorageDirectory.java:analyzeStorage(246)) - The storage directory /workdir/hadoop-ozone/tools/target/test-dir/MiniOzoneClusterImpl-434b9272-080e-4e11-a356-5e83993913c2/datanode-3/data/ratis/20f8b391-b884-4e0b-b0f4-bc73350c6d41 does not exist. Creating ...
2019-09-25 07:31:33,333 [pool-57-thread-1] INFO  storage.RaftStorageDirectory (RaftStorageDirectory.java:tryLock(328)) - Lock on /workdir/hadoop-ozone/tools/target/test-dir/MiniOzoneClusterImpl-434b9272-080e-4e11-a356-5e83993913c2/datanode-3/data/ratis/20f8b391-b884-4e0b-b0f4-bc73350c6d41/in_use.lock acquired by nodename 23282@pr-hdds-1569-x2sr2-3486766547
2019-09-25 07:31:33,356 [pool-57-thread-1] INFO  storage.RaftStorage (RaftStorage.java:format(72)) - Storage directory /workdir/hadoop-ozone/tools/target/test-dir/MiniOzoneClusterImpl-434b9272-080e-4e11-a356-5e83993913c2/datanode-3/data/ratis/20f8b391-b884-4e0b-b0f4-bc73350c6d41 has been successfully formatted.
2019-09-25 07:31:33,356 [pool-57-thread-1] INFO  ratis.ContainerStateMachine (ContainerStateMachine.java:loadSnapshot(230)) - group-BC73350C6D41: The snapshot info is null. Setting the last applied indexto:(t:0, i:~)
2019-09-25 07:31:33,357 [pool-57-thread-1] INFO  server.RaftServerConfigKeys (ConfUtils.java:logGet(43)) - raft.server.notification.no-leader.timeout = 120s (custom)
2019-09-25 07:31:33,357 [pool-57-thread-1] INFO  server.RaftServerConfigKeys (ConfUtils.java:logGet(43)) - raft.server.log.use.memory = false (default)
2019-09-25 07:31:33,357 [pool-57-thread-1] INFO  server.RaftServerConfigKeys (ConfUtils.java:logGet(43)) - raft.server.log.purge.gap = 1000000 (custom)
2019-09-25 07:31:33,357 [pool-57-thread-1] INFO  server.RaftServerConfigKeys (ConfUtils.java:logGet(43)) - raft.server.log.appender.buffer.byte-limit = 33554432 (custom)
2019-09-25 07:31:33,357 [pool-57-thread-1] INFO  server.RaftServerConfigKeys (ConfUtils.java:logGet(43)) - raft.server.log.segment.size.max = 1048576 (custom)
2019-09-25 07:31:33,358 [pool-57-thread-1] INFO  server.RaftServerConfigKeys (ConfUtils.java:logGet(43)) - raft.server.log.segment.cache.num.max = 2 (custom)
2019-09-25 07:31:33,358 [pool-57-thread-1] INFO  segmented.SegmentedRaftLogWorker (SegmentedRaftLogWorker.java:<init>(172)) - new d48b337c-c375-45aa-b643-d5a6070b4eed@group-BC73350C6D41-SegmentedRaftLogWorker for RaftStorage:Storage Directory /workdir/hadoop-ozone/tools/target/test-dir/MiniOzoneClusterImpl-434b9272-080e-4e11-a356-5e83993913c2/datanode-3/data/ratis/20f8b391-b884-4e0b-b0f4-bc73350c6d41
2019-09-25 07:31:33,361 [pool-57-thread-1] INFO  server.RaftServerConfigKeys (ConfUtils.java:logGet(43)) - raft.server.log.queue.byte-limit = 2147483647 (custom)
2019-09-25 07:31:33,361 [pool-57-thread-1] INFO  server.RaftServerConfigKeys (ConfUtils.java:logGet(43)) - raft.server.log.queue.element-limit = 1024 (custom)
2019-09-25 07:31:33,361 [pool-57-thread-1] INFO  server.RaftServerConfigKeys (ConfUtils.java:logGet(43)) - raft.server.log.segment.size.max = 1048576 (custom)
2019-09-25 07:31:33,361 [pool-57-thread-1] INFO  server.RaftServerConfigKeys (ConfUtils.java:logGet(43)) - raft.server.log.preallocated.size = 16384 (custom)
2019-09-25 07:31:33,362 [pool-57-thread-1] INFO  server.RaftServerConfigKeys (ConfUtils.java:logGet(43)) - raft.server.log.write.buffer.size = 33554432 (custom)
2019-09-25 07:31:33,362 [pool-57-thread-1] INFO  server.RaftServerConfigKeys (ConfUtils.java:logGet(43)) - raft.server.log.force.sync.num = 128 (default)
2019-09-25 07:31:33,362 [pool-57-thread-1] INFO  server.RaftServerConfigKeys (ConfUtils.java:logGet(43)) - raft.server.log.statemachine.data.sync = true (default)
2019-09-25 07:31:33,362 [pool-57-thread-1] INFO  server.RaftServerConfigKeys (ConfUtils.java:logGet(43)) - raft.server.log.statemachine.data.sync.timeout = 10s (default)
2019-09-25 07:31:33,362 [pool-57-thread-1] INFO  server.RaftServerConfigKeys (ConfUtils.java:logGet(43)) - raft.server.log.statemachine.data.sync.timeout.retry = -1 (default)
2019-09-25 07:31:33,363 [pool-57-thread-1] INFO  server.RaftServerConfigKeys (ConfUtils.java:logGet(43)) - raft.server.log.statemachine.data.caching.enabled = true (custom)
2019-09-25 07:31:33,363 [pool-57-thread-1] INFO  segmented.SegmentedRaftLogWorker (SegmentedRaftLogWorker.java:lambda$new$0(132)) - d48b337c-c375-45aa-b643-d5a6070b4eed@group-BC73350C6D41-SegmentedRaftLogWorker: flushIndex: setUnconditionally 0 -> -1
2019-09-25 07:31:33,363 [pool-57-thread-1] INFO  server.RaftServerConfigKeys (ConfUtils.java:logGet(43)) - raft.server.snapshot.auto.trigger.enabled = true (custom)
2019-09-25 07:31:33,363 [pool-57-thread-1] INFO  server.RaftServerConfigKeys (ConfUtils.java:logGet(43)) - raft.server.snapshot.auto.trigger.threshold = 10000 (custom)
2019-09-25 07:31:33,364 [pool-57-thread-1] INFO  server.RaftServerConfigKeys (ConfUtils.java:logGet(43)) - raft.server.snapshot.retention.num.files = 5 (custom)
2019-09-25 07:31:33,364 [pool-57-thread-1] INFO  server.RaftServerConfigKeys (ConfUtils.java:logGet(43)) - raft.server.retrycache.expirytime = 600000ms (custom)
2019-09-25 07:31:33,367 [pool-57-thread-1] INFO  impl.RaftServerImpl (RaftServerImpl.java:start(185)) - d48b337c-c375-45aa-b643-d5a6070b4eed@group-BC73350C6D41: start as a follower, conf=-1: [d48b337c-c375-45aa-b643-d5a6070b4eed:192.168.151.106:46356], old=null
2019-09-25 07:31:33,367 [pool-57-thread-1] INFO  impl.RaftServerImpl (RaftServerImpl.java:setRole(174)) - d48b337c-c375-45aa-b643-d5a6070b4eed@group-BC73350C6D41: changes role from      null to FOLLOWER at term 0 for startAsFollower
2019-09-25 07:31:33,367 [pool-57-thread-1] INFO  impl.RoleInfo (RoleInfo.java:updateAndGet(143)) - d48b337c-c375-45aa-b643-d5a6070b4eed: start FollowerState
2019-09-25 07:31:33,368 [pool-57-thread-1] INFO  util.JmxRegister (JmxRegister.java:tryRegister(44)) - Successfully registered JMX Bean with object name Ratis:service=RaftServer,group=group-BC73350C6D41,id=d48b337c-c375-45aa-b643-d5a6070b4eed
2019-09-25 07:31:33,381 [RatisPipelineUtilsThread] INFO  pipeline.PipelineStateManager (PipelineStateManager.java:addPipeline(56)) - Created pipeline Pipeline[ Id: 20f8b391-b884-4e0b-b0f4-bc73350c6d41, Nodes: d48b337c-c375-45aa-b643-d5a6070b4eed{ip: 192.168.151.106, host: pr-hdds-1569-x2sr2-3486766547, networkLocation: /default-rack, certSerialId: null}, Type:RATIS, Factor:ONE, State:OPEN]
2019-09-25 07:31:33,381 [RatisPipelineUtilsThread] INFO  pipeline.PipelinePlacementPolicy (PipelinePlacementPolicy.java:meetCriteria(91)) - Pipeline Placement: can't place more pipeline on heavy datanode： 36329df2-da72-43d3-aa3d-421de83d9abb Heaviness: 6 limit: 5
2019-09-25 07:31:33,399 [grpc-default-executor-0] INFO  impl.RaftServerProxy (RaftServerProxy.java:addNew(89)) - 30ed9a86-7dc1-44e8-9d30-33403d1562de: addNew group-92F1B19D8EE6:[30ed9a86-7dc1-44e8-9d30-33403d1562de:192.168.151.106:38001] returns group-92F1B19D8EE6:java.util.concurrent.CompletableFuture@57f423d7[Not completed]
2019-09-25 07:31:33,402 [pool-47-thread-1] INFO  impl.RaftServerImpl (RaftServerImpl.java:<init>(95)) - 30ed9a86-7dc1-44e8-9d30-33403d1562de: new RaftServerImpl for group-92F1B19D8EE6:[30ed9a86-7dc1-44e8-9d30-33403d1562de:192.168.151.106:38001] with ContainerStateMachine:uninitialized
2019-09-25 07:31:33,402 [pool-47-thread-1] INFO  server.RaftServerConfigKeys (ConfUtils.java:logGet(43)) - raft.server.rpc.timeout.min = 5s (custom)
2019-09-25 07:31:33,402 [pool-47-thread-1] INFO  server.RaftServerConfigKeys (ConfUtils.java:logGet(43)) - raft.server.rpc.timeout.max = 5200ms (custom)
2019-09-25 07:31:33,402 [pool-47-thread-1] INFO  server.RaftServerConfigKeys (ConfUtils.java:logGet(43)) - raft.server.rpcslowness.timeout = 120s (custom)
2019-09-25 07:31:33,402 [pool-47-thread-1] INFO  server.RaftServerConfigKeys (ConfUtils.java:logGet(43)) - raft.server.sleep.deviation.threshold = 300 (default)
2019-09-25 07:31:33,403 [pool-47-thread-1] INFO  server.RaftServerConfigKeys (ConfUtils.java:logGet(43)) - raft.server.log.appender.install.snapshot.enabled = false (custom)
2019-09-25 07:31:33,403 [pool-47-thread-1] INFO  impl.RaftServerImpl (ServerState.java:<init>(103)) - 30ed9a86-7dc1-44e8-9d30-33403d1562de@group-92F1B19D8EE6: ConfigurationManager, init=-1: [30ed9a86-7dc1-44e8-9d30-33403d1562de:192.168.151.106:38001], old=null, confs=<EMPTY_MAP>
2019-09-25 07:31:33,403 [pool-47-thread-1] INFO  server.RaftServerConfigKeys (ConfUtils.java:logGet(43)) - raft.server.storage.dir = [/workdir/hadoop-ozone/tools/target/test-dir/MiniOzoneClusterImpl-434b9272-080e-4e11-a356-5e83993913c2/datanode-2/data/ratis] (custom)
2019-09-25 07:31:33,404 [pool-47-thread-1] INFO  storage.RaftStorageDirectory (RaftStorageDirectory.java:analyzeStorage(246)) - The storage directory /workdir/hadoop-ozone/tools/target/test-dir/MiniOzoneClusterImpl-434b9272-080e-4e11-a356-5e83993913c2/datanode-2/data/ratis/a3326637-c161-4872-a05f-92f1b19d8ee6 does not exist. Creating ...
2019-09-25 07:31:33,416 [pool-47-thread-1] INFO  storage.RaftStorageDirectory (RaftStorageDirectory.java:tryLock(328)) - Lock on /workdir/hadoop-ozone/tools/target/test-dir/MiniOzoneClusterImpl-434b9272-080e-4e11-a356-5e83993913c2/datanode-2/data/ratis/a3326637-c161-4872-a05f-92f1b19d8ee6/in_use.lock acquired by nodename 23282@pr-hdds-1569-x2sr2-3486766547
2019-09-25 07:31:33,429 [pool-47-thread-1] INFO  storage.RaftStorage (RaftStorage.java:format(72)) - Storage directory /workdir/hadoop-ozone/tools/target/test-dir/MiniOzoneClusterImpl-434b9272-080e-4e11-a356-5e83993913c2/datanode-2/data/ratis/a3326637-c161-4872-a05f-92f1b19d8ee6 has been successfully formatted.
2019-09-25 07:31:33,429 [pool-47-thread-1] INFO  ratis.ContainerStateMachine (ContainerStateMachine.java:loadSnapshot(230)) - group-92F1B19D8EE6: The snapshot info is null. Setting the last applied indexto:(t:0, i:~)
2019-09-25 07:31:33,430 [pool-47-thread-1] INFO  server.RaftServerConfigKeys (ConfUtils.java:logGet(43)) - raft.server.notification.no-leader.timeout = 120s (custom)
2019-09-25 07:31:33,430 [pool-47-thread-1] INFO  server.RaftServerConfigKeys (ConfUtils.java:logGet(43)) - raft.server.log.use.memory = false (default)
2019-09-25 07:31:33,430 [pool-47-thread-1] INFO  server.RaftServerConfigKeys (ConfUtils.java:logGet(43)) - raft.server.log.purge.gap = 1000000 (custom)
2019-09-25 07:31:33,430 [pool-47-thread-1] INFO  server.RaftServerConfigKeys (ConfUtils.java:logGet(43)) - raft.server.log.appender.buffer.byte-limit = 33554432 (custom)
2019-09-25 07:31:33,430 [pool-47-thread-1] INFO  server.RaftServerConfigKeys (ConfUtils.java:logGet(43)) - raft.server.log.segment.size.max = 1048576 (custom)
2019-09-25 07:31:33,431 [pool-47-thread-1] INFO  server.RaftServerConfigKeys (ConfUtils.java:logGet(43)) - raft.server.log.segment.cache.num.max = 2 (custom)
2019-09-25 07:31:33,431 [pool-47-thread-1] INFO  segmented.SegmentedRaftLogWorker (SegmentedRaftLogWorker.java:<init>(172)) - new 30ed9a86-7dc1-44e8-9d30-33403d1562de@group-92F1B19D8EE6-SegmentedRaftLogWorker for RaftStorage:Storage Directory /workdir/hadoop-ozone/tools/target/test-dir/MiniOzoneClusterImpl-434b9272-080e-4e11-a356-5e83993913c2/datanode-2/data/ratis/a3326637-c161-4872-a05f-92f1b19d8ee6
2019-09-25 07:31:33,434 [pool-47-thread-1] INFO  server.RaftServerConfigKeys (ConfUtils.java:logGet(43)) - raft.server.log.queue.byte-limit = 2147483647 (custom)
2019-09-25 07:31:33,434 [pool-47-thread-1] INFO  server.RaftServerConfigKeys (ConfUtils.java:logGet(43)) - raft.server.log.queue.element-limit = 1024 (custom)
2019-09-25 07:31:33,434 [pool-47-thread-1] INFO  server.RaftServerConfigKeys (ConfUtils.java:logGet(43)) - raft.server.log.segment.size.max = 1048576 (custom)
2019-09-25 07:31:33,434 [pool-47-thread-1] INFO  server.RaftServerConfigKeys (ConfUtils.java:logGet(43)) - raft.server.log.preallocated.size = 16384 (custom)
2019-09-25 07:31:33,434 [pool-47-thread-1] INFO  server.RaftServerConfigKeys (ConfUtils.java:logGet(43)) - raft.server.log.write.buffer.size = 33554432 (custom)
2019-09-25 07:31:33,434 [pool-47-thread-1] INFO  server.RaftServerConfigKeys (ConfUtils.java:logGet(43)) - raft.server.log.force.sync.num = 128 (default)
2019-09-25 07:31:33,435 [pool-47-thread-1] INFO  server.RaftServerConfigKeys (ConfUtils.java:logGet(43)) - raft.server.log.statemachine.data.sync = true (default)
2019-09-25 07:31:33,435 [pool-47-thread-1] INFO  server.RaftServerConfigKeys (ConfUtils.java:logGet(43)) - raft.server.log.statemachine.data.sync.timeout = 10s (default)
2019-09-25 07:31:33,435 [pool-47-thread-1] INFO  server.RaftServerConfigKeys (ConfUtils.java:logGet(43)) - raft.server.log.statemachine.data.sync.timeout.retry = -1 (default)
2019-09-25 07:31:33,435 [pool-47-thread-1] INFO  server.RaftServerConfigKeys (ConfUtils.java:logGet(43)) - raft.server.log.statemachine.data.caching.enabled = true (custom)
2019-09-25 07:31:33,436 [pool-47-thread-1] INFO  segmented.SegmentedRaftLogWorker (SegmentedRaftLogWorker.java:lambda$new$0(132)) - 30ed9a86-7dc1-44e8-9d30-33403d1562de@group-92F1B19D8EE6-SegmentedRaftLogWorker: flushIndex: setUnconditionally 0 -> -1
2019-09-25 07:31:33,436 [pool-47-thread-1] INFO  server.RaftServerConfigKeys (ConfUtils.java:logGet(43)) - raft.server.snapshot.auto.trigger.enabled = true (custom)
2019-09-25 07:31:33,436 [pool-47-thread-1] INFO  server.RaftServerConfigKeys (ConfUtils.java:logGet(43)) - raft.server.snapshot.auto.trigger.threshold = 10000 (custom)
2019-09-25 07:31:33,436 [pool-47-thread-1] INFO  server.RaftServerConfigKeys (ConfUtils.java:logGet(43)) - raft.server.snapshot.retention.num.files = 5 (custom)
2019-09-25 07:31:33,437 [pool-47-thread-1] INFO  server.RaftServerConfigKeys (ConfUtils.java:logGet(43)) - raft.server.retrycache.expirytime = 600000ms (custom)
2019-09-25 07:31:33,439 [pool-47-thread-1] INFO  impl.RaftServerImpl (RaftServerImpl.java:start(185)) - 30ed9a86-7dc1-44e8-9d30-33403d1562de@group-92F1B19D8EE6: start as a follower, conf=-1: [30ed9a86-7dc1-44e8-9d30-33403d1562de:192.168.151.106:38001], old=null
2019-09-25 07:31:33,439 [pool-47-thread-1] INFO  impl.RaftServerImpl (RaftServerImpl.java:setRole(174)) - 30ed9a86-7dc1-44e8-9d30-33403d1562de@group-92F1B19D8EE6: changes role from      null to FOLLOWER at term 0 for startAsFollower
2019-09-25 07:31:33,440 [pool-47-thread-1] INFO  impl.RoleInfo (RoleInfo.java:updateAndGet(143)) - 30ed9a86-7dc1-44e8-9d30-33403d1562de: start FollowerState
2019-09-25 07:31:33,440 [pool-47-thread-1] INFO  util.JmxRegister (JmxRegister.java:tryRegister(44)) - Successfully registered JMX Bean with object name Ratis:service=RaftServer,group=group-92F1B19D8EE6,id=30ed9a86-7dc1-44e8-9d30-33403d1562de
2019-09-25 07:31:33,451 [RatisPipelineUtilsThread] INFO  pipeline.PipelineStateManager (PipelineStateManager.java:addPipeline(56)) - Created pipeline Pipeline[ Id: a3326637-c161-4872-a05f-92f1b19d8ee6, Nodes: 30ed9a86-7dc1-44e8-9d30-33403d1562de{ip: 192.168.151.106, host: pr-hdds-1569-x2sr2-3486766547, networkLocation: /default-rack, certSerialId: null}, Type:RATIS, Factor:ONE, State:OPEN]
2019-09-25 07:31:33,451 [RatisPipelineUtilsThread] INFO  pipeline.PipelinePlacementPolicy (PipelinePlacementPolicy.java:meetCriteria(91)) - Pipeline Placement: can't place more pipeline on heavy datanode： 36329df2-da72-43d3-aa3d-421de83d9abb Heaviness: 6 limit: 5
2019-09-25 07:31:33,469 [grpc-default-executor-0] INFO  impl.RaftServerProxy (RaftServerProxy.java:addNew(89)) - d48b337c-c375-45aa-b643-d5a6070b4eed: addNew group-BED5BA3E57DB:[d48b337c-c375-45aa-b643-d5a6070b4eed:192.168.151.106:46356] returns group-BED5BA3E57DB:java.util.concurrent.CompletableFuture@4c04f003[Not completed]
2019-09-25 07:31:33,471 [pool-57-thread-1] INFO  impl.RaftServerImpl (RaftServerImpl.java:<init>(95)) - d48b337c-c375-45aa-b643-d5a6070b4eed: new RaftServerImpl for group-BED5BA3E57DB:[d48b337c-c375-45aa-b643-d5a6070b4eed:192.168.151.106:46356] with ContainerStateMachine:uninitialized
2019-09-25 07:31:33,471 [pool-57-thread-1] INFO  server.RaftServerConfigKeys (ConfUtils.java:logGet(43)) - raft.server.rpc.timeout.min = 5s (custom)
2019-09-25 07:31:33,471 [pool-57-thread-1] INFO  server.RaftServerConfigKeys (ConfUtils.java:logGet(43)) - raft.server.rpc.timeout.max = 5200ms (custom)
2019-09-25 07:31:33,472 [pool-57-thread-1] INFO  server.RaftServerConfigKeys (ConfUtils.java:logGet(43)) - raft.server.rpcslowness.timeout = 120s (custom)
2019-09-25 07:31:33,472 [pool-57-thread-1] INFO  server.RaftServerConfigKeys (ConfUtils.java:logGet(43)) - raft.server.sleep.deviation.threshold = 300 (default)
2019-09-25 07:31:33,472 [pool-57-thread-1] INFO  server.RaftServerConfigKeys (ConfUtils.java:logGet(43)) - raft.server.log.appender.install.snapshot.enabled = false (custom)
2019-09-25 07:31:33,472 [pool-57-thread-1] INFO  impl.RaftServerImpl (ServerState.java:<init>(103)) - d48b337c-c375-45aa-b643-d5a6070b4eed@group-BED5BA3E57DB: ConfigurationManager, init=-1: [d48b337c-c375-45aa-b643-d5a6070b4eed:192.168.151.106:46356], old=null, confs=<EMPTY_MAP>
2019-09-25 07:31:33,472 [pool-57-thread-1] INFO  server.RaftServerConfigKeys (ConfUtils.java:logGet(43)) - raft.server.storage.dir = [/workdir/hadoop-ozone/tools/target/test-dir/MiniOzoneClusterImpl-434b9272-080e-4e11-a356-5e83993913c2/datanode-3/data/ratis] (custom)
2019-09-25 07:31:33,473 [pool-57-thread-1] INFO  storage.RaftStorageDirectory (RaftStorageDirectory.java:analyzeStorage(246)) - The storage directory /workdir/hadoop-ozone/tools/target/test-dir/MiniOzoneClusterImpl-434b9272-080e-4e11-a356-5e83993913c2/datanode-3/data/ratis/3116a40f-51ec-49c3-93d3-bed5ba3e57db does not exist. Creating ...
2019-09-25 07:31:33,495 [pool-57-thread-1] INFO  storage.RaftStorageDirectory (RaftStorageDirectory.java:tryLock(328)) - Lock on /workdir/hadoop-ozone/tools/target/test-dir/MiniOzoneClusterImpl-434b9272-080e-4e11-a356-5e83993913c2/datanode-3/data/ratis/3116a40f-51ec-49c3-93d3-bed5ba3e57db/in_use.lock acquired by nodename 23282@pr-hdds-1569-x2sr2-3486766547
2019-09-25 07:31:33,519 [pool-57-thread-1] INFO  storage.RaftStorage (RaftStorage.java:format(72)) - Storage directory /workdir/hadoop-ozone/tools/target/test-dir/MiniOzoneClusterImpl-434b9272-080e-4e11-a356-5e83993913c2/datanode-3/data/ratis/3116a40f-51ec-49c3-93d3-bed5ba3e57db has been successfully formatted.
2019-09-25 07:31:33,519 [pool-57-thread-1] INFO  ratis.ContainerStateMachine (ContainerStateMachine.java:loadSnapshot(230)) - group-BED5BA3E57DB: The snapshot info is null. Setting the last applied indexto:(t:0, i:~)
2019-09-25 07:31:33,520 [pool-57-thread-1] INFO  server.RaftServerConfigKeys (ConfUtils.java:logGet(43)) - raft.server.notification.no-leader.timeout = 120s (custom)
2019-09-25 07:31:33,520 [pool-57-thread-1] INFO  server.RaftServerConfigKeys (ConfUtils.java:logGet(43)) - raft.server.log.use.memory = false (default)
2019-09-25 07:31:33,520 [pool-57-thread-1] INFO  server.RaftServerConfigKeys (ConfUtils.java:logGet(43)) - raft.server.log.purge.gap = 1000000 (custom)
2019-09-25 07:31:33,520 [pool-57-thread-1] INFO  server.RaftServerConfigKeys (ConfUtils.java:logGet(43)) - raft.server.log.appender.buffer.byte-limit = 33554432 (custom)
2019-09-25 07:31:33,520 [pool-57-thread-1] INFO  server.RaftServerConfigKeys (ConfUtils.java:logGet(43)) - raft.server.log.segment.size.max = 1048576 (custom)
2019-09-25 07:31:33,521 [pool-57-thread-1] INFO  server.RaftServerConfigKeys (ConfUtils.java:logGet(43)) - raft.server.log.segment.cache.num.max = 2 (custom)
2019-09-25 07:31:33,521 [pool-57-thread-1] INFO  segmented.SegmentedRaftLogWorker (SegmentedRaftLogWorker.java:<init>(172)) - new d48b337c-c375-45aa-b643-d5a6070b4eed@group-BED5BA3E57DB-SegmentedRaftLogWorker for RaftStorage:Storage Directory /workdir/hadoop-ozone/tools/target/test-dir/MiniOzoneClusterImpl-434b9272-080e-4e11-a356-5e83993913c2/datanode-3/data/ratis/3116a40f-51ec-49c3-93d3-bed5ba3e57db
2019-09-25 07:31:33,521 [pool-57-thread-1] INFO  server.RaftServerConfigKeys (ConfUtils.java:logGet(43)) - raft.server.log.queue.byte-limit = 2147483647 (custom)
2019-09-25 07:31:33,521 [pool-57-thread-1] INFO  server.RaftServerConfigKeys (ConfUtils.java:logGet(43)) - raft.server.log.queue.element-limit = 1024 (custom)
2019-09-25 07:31:33,522 [pool-57-thread-1] INFO  server.RaftServerConfigKeys (ConfUtils.java:logGet(43)) - raft.server.log.segment.size.max = 1048576 (custom)
2019-09-25 07:31:33,522 [pool-57-thread-1] INFO  server.RaftServerConfigKeys (ConfUtils.java:logGet(43)) - raft.server.log.preallocated.size = 16384 (custom)
2019-09-25 07:31:33,522 [pool-57-thread-1] INFO  server.RaftServerConfigKeys (ConfUtils.java:logGet(43)) - raft.server.log.write.buffer.size = 33554432 (custom)
2019-09-25 07:31:33,522 [pool-57-thread-1] INFO  server.RaftServerConfigKeys (ConfUtils.java:logGet(43)) - raft.server.log.force.sync.num = 128 (default)
2019-09-25 07:31:33,522 [pool-57-thread-1] INFO  server.RaftServerConfigKeys (ConfUtils.java:logGet(43)) - raft.server.log.statemachine.data.sync = true (default)
2019-09-25 07:31:33,523 [pool-57-thread-1] INFO  server.RaftServerConfigKeys (ConfUtils.java:logGet(43)) - raft.server.log.statemachine.data.sync.timeout = 10s (default)
2019-09-25 07:31:33,523 [pool-57-thread-1] INFO  server.RaftServerConfigKeys (ConfUtils.java:logGet(43)) - raft.server.log.statemachine.data.sync.timeout.retry = -1 (default)
2019-09-25 07:31:33,523 [pool-57-thread-1] INFO  server.RaftServerConfigKeys (ConfUtils.java:logGet(43)) - raft.server.log.statemachine.data.caching.enabled = true (custom)
2019-09-25 07:31:33,523 [pool-57-thread-1] INFO  segmented.SegmentedRaftLogWorker (SegmentedRaftLogWorker.java:lambda$new$0(132)) - d48b337c-c375-45aa-b643-d5a6070b4eed@group-BED5BA3E57DB-SegmentedRaftLogWorker: flushIndex: setUnconditionally 0 -> -1
2019-09-25 07:31:33,524 [pool-57-thread-1] INFO  server.RaftServerConfigKeys (ConfUtils.java:logGet(43)) - raft.server.snapshot.auto.trigger.enabled = true (custom)
2019-09-25 07:31:33,524 [pool-57-thread-1] INFO  server.RaftServerConfigKeys (ConfUtils.java:logGet(43)) - raft.server.snapshot.auto.trigger.threshold = 10000 (custom)
2019-09-25 07:31:33,524 [pool-57-thread-1] INFO  server.RaftServerConfigKeys (ConfUtils.java:logGet(43)) - raft.server.snapshot.retention.num.files = 5 (custom)
2019-09-25 07:31:33,524 [pool-57-thread-1] INFO  server.RaftServerConfigKeys (ConfUtils.java:logGet(43)) - raft.server.retrycache.expirytime = 600000ms (custom)
2019-09-25 07:31:33,528 [pool-57-thread-1] INFO  impl.RaftServerImpl (RaftServerImpl.java:start(185)) - d48b337c-c375-45aa-b643-d5a6070b4eed@group-BED5BA3E57DB: start as a follower, conf=-1: [d48b337c-c375-45aa-b643-d5a6070b4eed:192.168.151.106:46356], old=null
2019-09-25 07:31:33,528 [pool-57-thread-1] INFO  impl.RaftServerImpl (RaftServerImpl.java:setRole(174)) - d48b337c-c375-45aa-b643-d5a6070b4eed@group-BED5BA3E57DB: changes role from      null to FOLLOWER at term 0 for startAsFollower
2019-09-25 07:31:33,528 [pool-57-thread-1] INFO  impl.RoleInfo (RoleInfo.java:updateAndGet(143)) - d48b337c-c375-45aa-b643-d5a6070b4eed: start FollowerState
2019-09-25 07:31:33,529 [pool-57-thread-1] INFO  util.JmxRegister (JmxRegister.java:tryRegister(44)) - Successfully registered JMX Bean with object name Ratis:service=RaftServer,group=group-BED5BA3E57DB,id=d48b337c-c375-45aa-b643-d5a6070b4eed
2019-09-25 07:31:33,541 [RatisPipelineUtilsThread] INFO  pipeline.PipelineStateManager (PipelineStateManager.java:addPipeline(56)) - Created pipeline Pipeline[ Id: 3116a40f-51ec-49c3-93d3-bed5ba3e57db, Nodes: d48b337c-c375-45aa-b643-d5a6070b4eed{ip: 192.168.151.106, host: pr-hdds-1569-x2sr2-3486766547, networkLocation: /default-rack, certSerialId: null}, Type:RATIS, Factor:ONE, State:OPEN]
2019-09-25 07:31:33,541 [RatisPipelineUtilsThread] INFO  pipeline.PipelinePlacementPolicy (PipelinePlacementPolicy.java:meetCriteria(91)) - Pipeline Placement: can't place more pipeline on heavy datanode： 36329df2-da72-43d3-aa3d-421de83d9abb Heaviness: 6 limit: 5
2019-09-25 07:31:33,562 [grpc-default-executor-0] INFO  impl.RaftServerProxy (RaftServerProxy.java:addNew(89)) - 30ed9a86-7dc1-44e8-9d30-33403d1562de: addNew group-DF4459050FD5:[30ed9a86-7dc1-44e8-9d30-33403d1562de:192.168.151.106:38001] returns group-DF4459050FD5:java.util.concurrent.CompletableFuture@58fd64cb[Not completed]
2019-09-25 07:31:33,566 [pool-47-thread-1] INFO  impl.RaftServerImpl (RaftServerImpl.java:<init>(95)) - 30ed9a86-7dc1-44e8-9d30-33403d1562de: new RaftServerImpl for group-DF4459050FD5:[30ed9a86-7dc1-44e8-9d30-33403d1562de:192.168.151.106:38001] with ContainerStateMachine:uninitialized
2019-09-25 07:31:33,566 [pool-47-thread-1] INFO  server.RaftServerConfigKeys (ConfUtils.java:logGet(43)) - raft.server.rpc.timeout.min = 5s (custom)
2019-09-25 07:31:33,567 [pool-47-thread-1] INFO  server.RaftServerConfigKeys (ConfUtils.java:logGet(43)) - raft.server.rpc.timeout.max = 5200ms (custom)
2019-09-25 07:31:33,567 [pool-47-thread-1] INFO  server.RaftServerConfigKeys (ConfUtils.java:logGet(43)) - raft.server.rpcslowness.timeout = 120s (custom)
2019-09-25 07:31:33,567 [pool-47-thread-1] INFO  server.RaftServerConfigKeys (ConfUtils.java:logGet(43)) - raft.server.sleep.deviation.threshold = 300 (default)
2019-09-25 07:31:33,567 [pool-47-thread-1] INFO  server.RaftServerConfigKeys (ConfUtils.java:logGet(43)) - raft.server.log.appender.install.snapshot.enabled = false (custom)
2019-09-25 07:31:33,567 [pool-47-thread-1] INFO  impl.RaftServerImpl (ServerState.java:<init>(103)) - 30ed9a86-7dc1-44e8-9d30-33403d1562de@group-DF4459050FD5: ConfigurationManager, init=-1: [30ed9a86-7dc1-44e8-9d30-33403d1562de:192.168.151.106:38001], old=null, confs=<EMPTY_MAP>
2019-09-25 07:31:33,568 [pool-47-thread-1] INFO  server.RaftServerConfigKeys (ConfUtils.java:logGet(43)) - raft.server.storage.dir = [/workdir/hadoop-ozone/tools/target/test-dir/MiniOzoneClusterImpl-434b9272-080e-4e11-a356-5e83993913c2/datanode-2/data/ratis] (custom)
2019-09-25 07:31:33,568 [pool-47-thread-1] INFO  storage.RaftStorageDirectory (RaftStorageDirectory.java:analyzeStorage(246)) - The storage directory /workdir/hadoop-ozone/tools/target/test-dir/MiniOzoneClusterImpl-434b9272-080e-4e11-a356-5e83993913c2/datanode-2/data/ratis/31364d8d-3e1c-4733-b97c-df4459050fd5 does not exist. Creating ...
2019-09-25 07:31:33,582 [pool-47-thread-1] INFO  storage.RaftStorageDirectory (RaftStorageDirectory.java:tryLock(328)) - Lock on /workdir/hadoop-ozone/tools/target/test-dir/MiniOzoneClusterImpl-434b9272-080e-4e11-a356-5e83993913c2/datanode-2/data/ratis/31364d8d-3e1c-4733-b97c-df4459050fd5/in_use.lock acquired by nodename 23282@pr-hdds-1569-x2sr2-3486766547
2019-09-25 07:31:33,596 [pool-47-thread-1] INFO  storage.RaftStorage (RaftStorage.java:format(72)) - Storage directory /workdir/hadoop-ozone/tools/target/test-dir/MiniOzoneClusterImpl-434b9272-080e-4e11-a356-5e83993913c2/datanode-2/data/ratis/31364d8d-3e1c-4733-b97c-df4459050fd5 has been successfully formatted.
2019-09-25 07:31:33,596 [pool-47-thread-1] INFO  ratis.ContainerStateMachine (ContainerStateMachine.java:loadSnapshot(230)) - group-DF4459050FD5: The snapshot info is null. Setting the last applied indexto:(t:0, i:~)
2019-09-25 07:31:33,596 [pool-47-thread-1] INFO  server.RaftServerConfigKeys (ConfUtils.java:logGet(43)) - raft.server.notification.no-leader.timeout = 120s (custom)
2019-09-25 07:31:33,597 [pool-47-thread-1] INFO  server.RaftServerConfigKeys (ConfUtils.java:logGet(43)) - raft.server.log.use.memory = false (default)
2019-09-25 07:31:33,597 [pool-47-thread-1] INFO  server.RaftServerConfigKeys (ConfUtils.java:logGet(43)) - raft.server.log.purge.gap = 1000000 (custom)
2019-09-25 07:31:33,597 [pool-47-thread-1] INFO  server.RaftServerConfigKeys (ConfUtils.java:logGet(43)) - raft.server.log.appender.buffer.byte-limit = 33554432 (custom)
2019-09-25 07:31:33,597 [pool-47-thread-1] INFO  server.RaftServerConfigKeys (ConfUtils.java:logGet(43)) - raft.server.log.segment.size.max = 1048576 (custom)
2019-09-25 07:31:33,598 [pool-47-thread-1] INFO  server.RaftServerConfigKeys (ConfUtils.java:logGet(43)) - raft.server.log.segment.cache.num.max = 2 (custom)
2019-09-25 07:31:33,598 [pool-47-thread-1] INFO  segmented.SegmentedRaftLogWorker (SegmentedRaftLogWorker.java:<init>(172)) - new 30ed9a86-7dc1-44e8-9d30-33403d1562de@group-DF4459050FD5-SegmentedRaftLogWorker for RaftStorage:Storage Directory /workdir/hadoop-ozone/tools/target/test-dir/MiniOzoneClusterImpl-434b9272-080e-4e11-a356-5e83993913c2/datanode-2/data/ratis/31364d8d-3e1c-4733-b97c-df4459050fd5
2019-09-25 07:31:33,598 [pool-47-thread-1] INFO  server.RaftServerConfigKeys (ConfUtils.java:logGet(43)) - raft.server.log.queue.byte-limit = 2147483647 (custom)
2019-09-25 07:31:33,598 [pool-47-thread-1] INFO  server.RaftServerConfigKeys (ConfUtils.java:logGet(43)) - raft.server.log.queue.element-limit = 1024 (custom)
2019-09-25 07:31:33,598 [pool-47-thread-1] INFO  server.RaftServerConfigKeys (ConfUtils.java:logGet(43)) - raft.server.log.segment.size.max = 1048576 (custom)
2019-09-25 07:31:33,599 [pool-47-thread-1] INFO  server.RaftServerConfigKeys (ConfUtils.java:logGet(43)) - raft.server.log.preallocated.size = 16384 (custom)
2019-09-25 07:31:33,599 [pool-47-thread-1] INFO  server.RaftServerConfigKeys (ConfUtils.java:logGet(43)) - raft.server.log.write.buffer.size = 33554432 (custom)
2019-09-25 07:31:33,599 [pool-47-thread-1] INFO  server.RaftServerConfigKeys (ConfUtils.java:logGet(43)) - raft.server.log.force.sync.num = 128 (default)
2019-09-25 07:31:33,599 [pool-47-thread-1] INFO  server.RaftServerConfigKeys (ConfUtils.java:logGet(43)) - raft.server.log.statemachine.data.sync = true (default)
2019-09-25 07:31:33,599 [pool-47-thread-1] INFO  server.RaftServerConfigKeys (ConfUtils.java:logGet(43)) - raft.server.log.statemachine.data.sync.timeout = 10s (default)
2019-09-25 07:31:33,600 [pool-47-thread-1] INFO  server.RaftServerConfigKeys (ConfUtils.java:logGet(43)) - raft.server.log.statemachine.data.sync.timeout.retry = -1 (default)
2019-09-25 07:31:33,600 [pool-47-thread-1] INFO  server.RaftServerConfigKeys (ConfUtils.java:logGet(43)) - raft.server.log.statemachine.data.caching.enabled = true (custom)
2019-09-25 07:31:33,600 [pool-47-thread-1] INFO  segmented.SegmentedRaftLogWorker (SegmentedRaftLogWorker.java:lambda$new$0(132)) - 30ed9a86-7dc1-44e8-9d30-33403d1562de@group-DF4459050FD5-SegmentedRaftLogWorker: flushIndex: setUnconditionally 0 -> -1
2019-09-25 07:31:33,601 [pool-47-thread-1] INFO  server.RaftServerConfigKeys (ConfUtils.java:logGet(43)) - raft.server.snapshot.auto.trigger.enabled = true (custom)
2019-09-25 07:31:33,601 [pool-47-thread-1] INFO  server.RaftServerConfigKeys (ConfUtils.java:logGet(43)) - raft.server.snapshot.auto.trigger.threshold = 10000 (custom)
2019-09-25 07:31:33,601 [pool-47-thread-1] INFO  server.RaftServerConfigKeys (ConfUtils.java:logGet(43)) - raft.server.snapshot.retention.num.files = 5 (custom)
2019-09-25 07:31:33,601 [pool-47-thread-1] INFO  server.RaftServerConfigKeys (ConfUtils.java:logGet(43)) - raft.server.retrycache.expirytime = 600000ms (custom)
2019-09-25 07:31:33,606 [pool-47-thread-1] INFO  impl.RaftServerImpl (RaftServerImpl.java:start(185)) - 30ed9a86-7dc1-44e8-9d30-33403d1562de@group-DF4459050FD5: start as a follower, conf=-1: [30ed9a86-7dc1-44e8-9d30-33403d1562de:192.168.151.106:38001], old=null
2019-09-25 07:31:33,606 [pool-47-thread-1] INFO  impl.RaftServerImpl (RaftServerImpl.java:setRole(174)) - 30ed9a86-7dc1-44e8-9d30-33403d1562de@group-DF4459050FD5: changes role from      null to FOLLOWER at term 0 for startAsFollower
2019-09-25 07:31:33,606 [pool-47-thread-1] INFO  impl.RoleInfo (RoleInfo.java:updateAndGet(143)) - 30ed9a86-7dc1-44e8-9d30-33403d1562de: start FollowerState
2019-09-25 07:31:33,607 [pool-47-thread-1] INFO  util.JmxRegister (JmxRegister.java:tryRegister(44)) - Successfully registered JMX Bean with object name Ratis:service=RaftServer,group=group-DF4459050FD5,id=30ed9a86-7dc1-44e8-9d30-33403d1562de
2019-09-25 07:31:33,613 [RatisPipelineUtilsThread] INFO  pipeline.PipelineStateManager (PipelineStateManager.java:addPipeline(56)) - Created pipeline Pipeline[ Id: 31364d8d-3e1c-4733-b97c-df4459050fd5, Nodes: 30ed9a86-7dc1-44e8-9d30-33403d1562de{ip: 192.168.151.106, host: pr-hdds-1569-x2sr2-3486766547, networkLocation: /default-rack, certSerialId: null}, Type:RATIS, Factor:ONE, State:OPEN]
2019-09-25 07:31:33,614 [RatisPipelineUtilsThread] INFO  pipeline.PipelinePlacementPolicy (PipelinePlacementPolicy.java:meetCriteria(91)) - Pipeline Placement: can't place more pipeline on heavy datanode： 36329df2-da72-43d3-aa3d-421de83d9abb Heaviness: 6 limit: 5
2019-09-25 07:31:34,020 [grpc-default-executor-0] INFO  impl.RaftServerProxy (RaftServerProxy.java:addNew(89)) - 9cf3df6f-e379-4380-a767-50b9da7a5708: addNew group-C0C7CD4302E1:[9cf3df6f-e379-4380-a767-50b9da7a5708:192.168.151.106:34838] returns group-C0C7CD4302E1:java.util.concurrent.CompletableFuture@2179cf46[Not completed]
2019-09-25 07:31:34,023 [pool-37-thread-1] INFO  impl.RaftServerImpl (RaftServerImpl.java:<init>(95)) - 9cf3df6f-e379-4380-a767-50b9da7a5708: new RaftServerImpl for group-C0C7CD4302E1:[9cf3df6f-e379-4380-a767-50b9da7a5708:192.168.151.106:34838] with ContainerStateMachine:uninitialized
2019-09-25 07:31:34,024 [pool-37-thread-1] INFO  server.RaftServerConfigKeys (ConfUtils.java:logGet(43)) - raft.server.rpc.timeout.min = 5s (custom)
2019-09-25 07:31:34,024 [pool-37-thread-1] INFO  server.RaftServerConfigKeys (ConfUtils.java:logGet(43)) - raft.server.rpc.timeout.max = 5200ms (custom)
2019-09-25 07:31:34,024 [pool-37-thread-1] INFO  server.RaftServerConfigKeys (ConfUtils.java:logGet(43)) - raft.server.rpcslowness.timeout = 120s (custom)
2019-09-25 07:31:34,024 [pool-37-thread-1] INFO  server.RaftServerConfigKeys (ConfUtils.java:logGet(43)) - raft.server.sleep.deviation.threshold = 300 (default)
2019-09-25 07:31:34,025 [pool-37-thread-1] INFO  server.RaftServerConfigKeys (ConfUtils.java:logGet(43)) - raft.server.log.appender.install.snapshot.enabled = false (custom)
2019-09-25 07:31:34,025 [pool-37-thread-1] INFO  impl.RaftServerImpl (ServerState.java:<init>(103)) - 9cf3df6f-e379-4380-a767-50b9da7a5708@group-C0C7CD4302E1: ConfigurationManager, init=-1: [9cf3df6f-e379-4380-a767-50b9da7a5708:192.168.151.106:34838], old=null, confs=<EMPTY_MAP>
2019-09-25 07:31:34,025 [pool-37-thread-1] INFO  server.RaftServerConfigKeys (ConfUtils.java:logGet(43)) - raft.server.storage.dir = [/workdir/hadoop-ozone/tools/target/test-dir/MiniOzoneClusterImpl-434b9272-080e-4e11-a356-5e83993913c2/datanode-1/data/ratis] (custom)
2019-09-25 07:31:34,027 [pool-37-thread-1] INFO  storage.RaftStorageDirectory (RaftStorageDirectory.java:analyzeStorage(246)) - The storage directory /workdir/hadoop-ozone/tools/target/test-dir/MiniOzoneClusterImpl-434b9272-080e-4e11-a356-5e83993913c2/datanode-1/data/ratis/e6d7a9a3-e0b7-412a-9b59-c0c7cd4302e1 does not exist. Creating ...
2019-09-25 07:31:34,045 [pool-37-thread-1] INFO  storage.RaftStorageDirectory (RaftStorageDirectory.java:tryLock(328)) - Lock on /workdir/hadoop-ozone/tools/target/test-dir/MiniOzoneClusterImpl-434b9272-080e-4e11-a356-5e83993913c2/datanode-1/data/ratis/e6d7a9a3-e0b7-412a-9b59-c0c7cd4302e1/in_use.lock acquired by nodename 23282@pr-hdds-1569-x2sr2-3486766547
2019-09-25 07:31:34,064 [pool-37-thread-1] INFO  storage.RaftStorage (RaftStorage.java:format(72)) - Storage directory /workdir/hadoop-ozone/tools/target/test-dir/MiniOzoneClusterImpl-434b9272-080e-4e11-a356-5e83993913c2/datanode-1/data/ratis/e6d7a9a3-e0b7-412a-9b59-c0c7cd4302e1 has been successfully formatted.
2019-09-25 07:31:34,065 [pool-37-thread-1] INFO  ratis.ContainerStateMachine (ContainerStateMachine.java:loadSnapshot(230)) - group-C0C7CD4302E1: The snapshot info is null. Setting the last applied indexto:(t:0, i:~)
2019-09-25 07:31:34,065 [pool-37-thread-1] INFO  server.RaftServerConfigKeys (ConfUtils.java:logGet(43)) - raft.server.notification.no-leader.timeout = 120s (custom)
2019-09-25 07:31:34,065 [pool-37-thread-1] INFO  server.RaftServerConfigKeys (ConfUtils.java:logGet(43)) - raft.server.log.use.memory = false (default)
2019-09-25 07:31:34,065 [pool-37-thread-1] INFO  server.RaftServerConfigKeys (ConfUtils.java:logGet(43)) - raft.server.log.purge.gap = 1000000 (custom)
2019-09-25 07:31:34,066 [pool-37-thread-1] INFO  server.RaftServerConfigKeys (ConfUtils.java:logGet(43)) - raft.server.log.appender.buffer.byte-limit = 33554432 (custom)
2019-09-25 07:31:34,066 [pool-37-thread-1] INFO  server.RaftServerConfigKeys (ConfUtils.java:logGet(43)) - raft.server.log.segment.size.max = 1048576 (custom)
2019-09-25 07:31:34,066 [pool-37-thread-1] INFO  server.RaftServerConfigKeys (ConfUtils.java:logGet(43)) - raft.server.log.segment.cache.num.max = 2 (custom)
2019-09-25 07:31:34,066 [pool-37-thread-1] INFO  segmented.SegmentedRaftLogWorker (SegmentedRaftLogWorker.java:<init>(172)) - new 9cf3df6f-e379-4380-a767-50b9da7a5708@group-C0C7CD4302E1-SegmentedRaftLogWorker for RaftStorage:Storage Directory /workdir/hadoop-ozone/tools/target/test-dir/MiniOzoneClusterImpl-434b9272-080e-4e11-a356-5e83993913c2/datanode-1/data/ratis/e6d7a9a3-e0b7-412a-9b59-c0c7cd4302e1
2019-09-25 07:31:34,067 [pool-37-thread-1] INFO  server.RaftServerConfigKeys (ConfUtils.java:logGet(43)) - raft.server.log.queue.byte-limit = 2147483647 (custom)
2019-09-25 07:31:34,067 [pool-37-thread-1] INFO  server.RaftServerConfigKeys (ConfUtils.java:logGet(43)) - raft.server.log.queue.element-limit = 1024 (custom)
2019-09-25 07:31:34,067 [pool-37-thread-1] INFO  server.RaftServerConfigKeys (ConfUtils.java:logGet(43)) - raft.server.log.segment.size.max = 1048576 (custom)
2019-09-25 07:31:34,067 [pool-37-thread-1] INFO  server.RaftServerConfigKeys (ConfUtils.java:logGet(43)) - raft.server.log.preallocated.size = 16384 (custom)
2019-09-25 07:31:34,067 [pool-37-thread-1] INFO  server.RaftServerConfigKeys (ConfUtils.java:logGet(43)) - raft.server.log.write.buffer.size = 33554432 (custom)
2019-09-25 07:31:34,068 [pool-37-thread-1] INFO  server.RaftServerConfigKeys (ConfUtils.java:logGet(43)) - raft.server.log.force.sync.num = 128 (default)
2019-09-25 07:31:34,068 [pool-37-thread-1] INFO  server.RaftServerConfigKeys (ConfUtils.java:logGet(43)) - raft.server.log.statemachine.data.sync = true (default)
2019-09-25 07:31:34,068 [pool-37-thread-1] INFO  server.RaftServerConfigKeys (ConfUtils.java:logGet(43)) - raft.server.log.statemachine.data.sync.timeout = 10s (default)
2019-09-25 07:31:34,068 [pool-37-thread-1] INFO  server.RaftServerConfigKeys (ConfUtils.java:logGet(43)) - raft.server.log.statemachine.data.sync.timeout.retry = -1 (default)
2019-09-25 07:31:34,069 [pool-37-thread-1] INFO  server.RaftServerConfigKeys (ConfUtils.java:logGet(43)) - raft.server.log.statemachine.data.caching.enabled = true (custom)
2019-09-25 07:31:34,069 [pool-37-thread-1] INFO  segmented.SegmentedRaftLogWorker (SegmentedRaftLogWorker.java:lambda$new$0(132)) - 9cf3df6f-e379-4380-a767-50b9da7a5708@group-C0C7CD4302E1-SegmentedRaftLogWorker: flushIndex: setUnconditionally 0 -> -1
2019-09-25 07:31:34,070 [pool-37-thread-1] INFO  server.RaftServerConfigKeys (ConfUtils.java:logGet(43)) - raft.server.snapshot.auto.trigger.enabled = true (custom)
2019-09-25 07:31:34,070 [pool-37-thread-1] INFO  server.RaftServerConfigKeys (ConfUtils.java:logGet(43)) - raft.server.snapshot.auto.trigger.threshold = 10000 (custom)
2019-09-25 07:31:34,070 [pool-37-thread-1] INFO  server.RaftServerConfigKeys (ConfUtils.java:logGet(43)) - raft.server.snapshot.retention.num.files = 5 (custom)
2019-09-25 07:31:34,070 [pool-37-thread-1] INFO  server.RaftServerConfigKeys (ConfUtils.java:logGet(43)) - raft.server.retrycache.expirytime = 600000ms (custom)
2019-09-25 07:31:34,074 [pool-37-thread-1] INFO  impl.RaftServerImpl (RaftServerImpl.java:start(185)) - 9cf3df6f-e379-4380-a767-50b9da7a5708@group-C0C7CD4302E1: start as a follower, conf=-1: [9cf3df6f-e379-4380-a767-50b9da7a5708:192.168.151.106:34838], old=null
2019-09-25 07:31:34,074 [pool-37-thread-1] INFO  impl.RaftServerImpl (RaftServerImpl.java:setRole(174)) - 9cf3df6f-e379-4380-a767-50b9da7a5708@group-C0C7CD4302E1: changes role from      null to FOLLOWER at term 0 for startAsFollower
2019-09-25 07:31:34,074 [pool-37-thread-1] INFO  impl.RoleInfo (RoleInfo.java:updateAndGet(143)) - 9cf3df6f-e379-4380-a767-50b9da7a5708: start FollowerState
2019-09-25 07:31:34,075 [pool-37-thread-1] INFO  util.JmxRegister (JmxRegister.java:tryRegister(44)) - Successfully registered JMX Bean with object name Ratis:service=RaftServer,group=group-C0C7CD4302E1,id=9cf3df6f-e379-4380-a767-50b9da7a5708
2019-09-25 07:31:34,083 [RatisPipelineUtilsThread] INFO  pipeline.PipelineStateManager (PipelineStateManager.java:addPipeline(56)) - Created pipeline Pipeline[ Id: e6d7a9a3-e0b7-412a-9b59-c0c7cd4302e1, Nodes: 9cf3df6f-e379-4380-a767-50b9da7a5708{ip: 192.168.151.106, host: pr-hdds-1569-x2sr2-3486766547, networkLocation: /default-rack, certSerialId: null}, Type:RATIS, Factor:ONE, State:OPEN]
2019-09-25 07:31:34,083 [RatisPipelineUtilsThread] INFO  pipeline.PipelinePlacementPolicy (PipelinePlacementPolicy.java:meetCriteria(91)) - Pipeline Placement: can't place more pipeline on heavy datanode： 36329df2-da72-43d3-aa3d-421de83d9abb Heaviness: 6 limit: 5
2019-09-25 07:31:34,097 [grpc-default-executor-0] INFO  impl.RaftServerProxy (RaftServerProxy.java:addNew(89)) - e7ade9c5-d3a7-47b4-b6a9-a4357aa48a0f: addNew group-0620D10FFBF6:[e7ade9c5-d3a7-47b4-b6a9-a4357aa48a0f:192.168.151.106:33258] returns group-0620D10FFBF6:java.util.concurrent.CompletableFuture@31be0f5a[Not completed]
2019-09-25 07:31:34,099 [pool-67-thread-1] INFO  impl.RaftServerImpl (RaftServerImpl.java:<init>(95)) - e7ade9c5-d3a7-47b4-b6a9-a4357aa48a0f: new RaftServerImpl for group-0620D10FFBF6:[e7ade9c5-d3a7-47b4-b6a9-a4357aa48a0f:192.168.151.106:33258] with ContainerStateMachine:uninitialized
2019-09-25 07:31:34,099 [pool-67-thread-1] INFO  server.RaftServerConfigKeys (ConfUtils.java:logGet(43)) - raft.server.rpc.timeout.min = 5s (custom)
2019-09-25 07:31:34,099 [pool-67-thread-1] INFO  server.RaftServerConfigKeys (ConfUtils.java:logGet(43)) - raft.server.rpc.timeout.max = 5200ms (custom)
2019-09-25 07:31:34,099 [pool-67-thread-1] INFO  server.RaftServerConfigKeys (ConfUtils.java:logGet(43)) - raft.server.rpcslowness.timeout = 120s (custom)
2019-09-25 07:31:34,100 [pool-67-thread-1] INFO  server.RaftServerConfigKeys (ConfUtils.java:logGet(43)) - raft.server.sleep.deviation.threshold = 300 (default)
2019-09-25 07:31:34,100 [pool-67-thread-1] INFO  server.RaftServerConfigKeys (ConfUtils.java:logGet(43)) - raft.server.log.appender.install.snapshot.enabled = false (custom)
2019-09-25 07:31:34,100 [pool-67-thread-1] INFO  impl.RaftServerImpl (ServerState.java:<init>(103)) - e7ade9c5-d3a7-47b4-b6a9-a4357aa48a0f@group-0620D10FFBF6: ConfigurationManager, init=-1: [e7ade9c5-d3a7-47b4-b6a9-a4357aa48a0f:192.168.151.106:33258], old=null, confs=<EMPTY_MAP>
2019-09-25 07:31:34,100 [pool-67-thread-1] INFO  server.RaftServerConfigKeys (ConfUtils.java:logGet(43)) - raft.server.storage.dir = [/workdir/hadoop-ozone/tools/target/test-dir/MiniOzoneClusterImpl-434b9272-080e-4e11-a356-5e83993913c2/datanode-4/data/ratis] (custom)
2019-09-25 07:31:34,101 [pool-67-thread-1] INFO  storage.RaftStorageDirectory (RaftStorageDirectory.java:analyzeStorage(246)) - The storage directory /workdir/hadoop-ozone/tools/target/test-dir/MiniOzoneClusterImpl-434b9272-080e-4e11-a356-5e83993913c2/datanode-4/data/ratis/a27785e7-1641-4f60-a69a-0620d10ffbf6 does not exist. Creating ...
2019-09-25 07:31:34,124 [pool-67-thread-1] INFO  storage.RaftStorageDirectory (RaftStorageDirectory.java:tryLock(328)) - Lock on /workdir/hadoop-ozone/tools/target/test-dir/MiniOzoneClusterImpl-434b9272-080e-4e11-a356-5e83993913c2/datanode-4/data/ratis/a27785e7-1641-4f60-a69a-0620d10ffbf6/in_use.lock acquired by nodename 23282@pr-hdds-1569-x2sr2-3486766547
2019-09-25 07:31:34,147 [pool-67-thread-1] INFO  storage.RaftStorage (RaftStorage.java:format(72)) - Storage directory /workdir/hadoop-ozone/tools/target/test-dir/MiniOzoneClusterImpl-434b9272-080e-4e11-a356-5e83993913c2/datanode-4/data/ratis/a27785e7-1641-4f60-a69a-0620d10ffbf6 has been successfully formatted.
2019-09-25 07:31:34,147 [pool-67-thread-1] INFO  ratis.ContainerStateMachine (ContainerStateMachine.java:loadSnapshot(230)) - group-0620D10FFBF6: The snapshot info is null. Setting the last applied indexto:(t:0, i:~)
2019-09-25 07:31:34,148 [pool-67-thread-1] INFO  server.RaftServerConfigKeys (ConfUtils.java:logGet(43)) - raft.server.notification.no-leader.timeout = 120s (custom)
2019-09-25 07:31:34,148 [pool-67-thread-1] INFO  server.RaftServerConfigKeys (ConfUtils.java:logGet(43)) - raft.server.log.use.memory = false (default)
2019-09-25 07:31:34,148 [pool-67-thread-1] INFO  server.RaftServerConfigKeys (ConfUtils.java:logGet(43)) - raft.server.log.purge.gap = 1000000 (custom)
2019-09-25 07:31:34,148 [pool-67-thread-1] INFO  server.RaftServerConfigKeys (ConfUtils.java:logGet(43)) - raft.server.log.appender.buffer.byte-limit = 33554432 (custom)
2019-09-25 07:31:34,148 [pool-67-thread-1] INFO  server.RaftServerConfigKeys (ConfUtils.java:logGet(43)) - raft.server.log.segment.size.max = 1048576 (custom)
2019-09-25 07:31:34,149 [pool-67-thread-1] INFO  server.RaftServerConfigKeys (ConfUtils.java:logGet(43)) - raft.server.log.segment.cache.num.max = 2 (custom)
2019-09-25 07:31:34,149 [pool-67-thread-1] INFO  segmented.SegmentedRaftLogWorker (SegmentedRaftLogWorker.java:<init>(172)) - new e7ade9c5-d3a7-47b4-b6a9-a4357aa48a0f@group-0620D10FFBF6-SegmentedRaftLogWorker for RaftStorage:Storage Directory /workdir/hadoop-ozone/tools/target/test-dir/MiniOzoneClusterImpl-434b9272-080e-4e11-a356-5e83993913c2/datanode-4/data/ratis/a27785e7-1641-4f60-a69a-0620d10ffbf6
2019-09-25 07:31:34,149 [pool-67-thread-1] INFO  server.RaftServerConfigKeys (ConfUtils.java:logGet(43)) - raft.server.log.queue.byte-limit = 2147483647 (custom)
2019-09-25 07:31:34,149 [pool-67-thread-1] INFO  server.RaftServerConfigKeys (ConfUtils.java:logGet(43)) - raft.server.log.queue.element-limit = 1024 (custom)
2019-09-25 07:31:34,149 [pool-67-thread-1] INFO  server.RaftServerConfigKeys (ConfUtils.java:logGet(43)) - raft.server.log.segment.size.max = 1048576 (custom)
2019-09-25 07:31:34,150 [pool-67-thread-1] INFO  server.RaftServerConfigKeys (ConfUtils.java:logGet(43)) - raft.server.log.preallocated.size = 16384 (custom)
2019-09-25 07:31:34,150 [pool-67-thread-1] INFO  server.RaftServerConfigKeys (ConfUtils.java:logGet(43)) - raft.server.log.write.buffer.size = 33554432 (custom)
2019-09-25 07:31:34,150 [pool-67-thread-1] INFO  server.RaftServerConfigKeys (ConfUtils.java:logGet(43)) - raft.server.log.force.sync.num = 128 (default)
2019-09-25 07:31:34,150 [pool-67-thread-1] INFO  server.RaftServerConfigKeys (ConfUtils.java:logGet(43)) - raft.server.log.statemachine.data.sync = true (default)
2019-09-25 07:31:34,150 [pool-67-thread-1] INFO  server.RaftServerConfigKeys (ConfUtils.java:logGet(43)) - raft.server.log.statemachine.data.sync.timeout = 10s (default)
2019-09-25 07:31:34,151 [pool-67-thread-1] INFO  server.RaftServerConfigKeys (ConfUtils.java:logGet(43)) - raft.server.log.statemachine.data.sync.timeout.retry = -1 (default)
2019-09-25 07:31:34,151 [pool-67-thread-1] INFO  server.RaftServerConfigKeys (ConfUtils.java:logGet(43)) - raft.server.log.statemachine.data.caching.enabled = true (custom)
2019-09-25 07:31:34,151 [pool-67-thread-1] INFO  segmented.SegmentedRaftLogWorker (SegmentedRaftLogWorker.java:lambda$new$0(132)) - e7ade9c5-d3a7-47b4-b6a9-a4357aa48a0f@group-0620D10FFBF6-SegmentedRaftLogWorker: flushIndex: setUnconditionally 0 -> -1
2019-09-25 07:31:34,152 [pool-67-thread-1] INFO  server.RaftServerConfigKeys (ConfUtils.java:logGet(43)) - raft.server.snapshot.auto.trigger.enabled = true (custom)
2019-09-25 07:31:34,152 [pool-67-thread-1] INFO  server.RaftServerConfigKeys (ConfUtils.java:logGet(43)) - raft.server.snapshot.auto.trigger.threshold = 10000 (custom)
2019-09-25 07:31:34,152 [pool-67-thread-1] INFO  server.RaftServerConfigKeys (ConfUtils.java:logGet(43)) - raft.server.snapshot.retention.num.files = 5 (custom)
2019-09-25 07:31:34,153 [pool-67-thread-1] INFO  server.RaftServerConfigKeys (ConfUtils.java:logGet(43)) - raft.server.retrycache.expirytime = 600000ms (custom)
2019-09-25 07:31:34,156 [pool-67-thread-1] INFO  impl.RaftServerImpl (RaftServerImpl.java:start(185)) - e7ade9c5-d3a7-47b4-b6a9-a4357aa48a0f@group-0620D10FFBF6: start as a follower, conf=-1: [e7ade9c5-d3a7-47b4-b6a9-a4357aa48a0f:192.168.151.106:33258], old=null
2019-09-25 07:31:34,156 [pool-67-thread-1] INFO  impl.RaftServerImpl (RaftServerImpl.java:setRole(174)) - e7ade9c5-d3a7-47b4-b6a9-a4357aa48a0f@group-0620D10FFBF6: changes role from      null to FOLLOWER at term 0 for startAsFollower
2019-09-25 07:31:34,156 [pool-67-thread-1] INFO  impl.RoleInfo (RoleInfo.java:updateAndGet(143)) - e7ade9c5-d3a7-47b4-b6a9-a4357aa48a0f: start FollowerState
2019-09-25 07:31:34,157 [pool-67-thread-1] INFO  util.JmxRegister (JmxRegister.java:tryRegister(44)) - Successfully registered JMX Bean with object name Ratis:service=RaftServer,group=group-0620D10FFBF6,id=e7ade9c5-d3a7-47b4-b6a9-a4357aa48a0f
2019-09-25 07:31:34,163 [RatisPipelineUtilsThread] INFO  pipeline.PipelineStateManager (PipelineStateManager.java:addPipeline(56)) - Created pipeline Pipeline[ Id: a27785e7-1641-4f60-a69a-0620d10ffbf6, Nodes: e7ade9c5-d3a7-47b4-b6a9-a4357aa48a0f{ip: 192.168.151.106, host: pr-hdds-1569-x2sr2-3486766547, networkLocation: /default-rack, certSerialId: null}, Type:RATIS, Factor:ONE, State:OPEN]
2019-09-25 07:31:34,163 [RatisPipelineUtilsThread] INFO  pipeline.PipelinePlacementPolicy (PipelinePlacementPolicy.java:meetCriteria(91)) - Pipeline Placement: can't place more pipeline on heavy datanode： 36329df2-da72-43d3-aa3d-421de83d9abb Heaviness: 6 limit: 5
2019-09-25 07:31:34,174 [grpc-default-executor-0] INFO  impl.RaftServerProxy (RaftServerProxy.java:addNew(89)) - 9cf3df6f-e379-4380-a767-50b9da7a5708: addNew group-5F78CBAB0420:[9cf3df6f-e379-4380-a767-50b9da7a5708:192.168.151.106:34838] returns group-5F78CBAB0420:java.util.concurrent.CompletableFuture@450f14d9[Not completed]
2019-09-25 07:31:34,176 [pool-37-thread-1] INFO  impl.RaftServerImpl (RaftServerImpl.java:<init>(95)) - 9cf3df6f-e379-4380-a767-50b9da7a5708: new RaftServerImpl for group-5F78CBAB0420:[9cf3df6f-e379-4380-a767-50b9da7a5708:192.168.151.106:34838] with ContainerStateMachine:uninitialized
2019-09-25 07:31:34,177 [pool-37-thread-1] INFO  server.RaftServerConfigKeys (ConfUtils.java:logGet(43)) - raft.server.rpc.timeout.min = 5s (custom)
2019-09-25 07:31:34,177 [pool-37-thread-1] INFO  server.RaftServerConfigKeys (ConfUtils.java:logGet(43)) - raft.server.rpc.timeout.max = 5200ms (custom)
2019-09-25 07:31:34,177 [pool-37-thread-1] INFO  server.RaftServerConfigKeys (ConfUtils.java:logGet(43)) - raft.server.rpcslowness.timeout = 120s (custom)
2019-09-25 07:31:34,177 [pool-37-thread-1] INFO  server.RaftServerConfigKeys (ConfUtils.java:logGet(43)) - raft.server.sleep.deviation.threshold = 300 (default)
2019-09-25 07:31:34,177 [pool-37-thread-1] INFO  server.RaftServerConfigKeys (ConfUtils.java:logGet(43)) - raft.server.log.appender.install.snapshot.enabled = false (custom)
2019-09-25 07:31:34,177 [pool-37-thread-1] INFO  impl.RaftServerImpl (ServerState.java:<init>(103)) - 9cf3df6f-e379-4380-a767-50b9da7a5708@group-5F78CBAB0420: ConfigurationManager, init=-1: [9cf3df6f-e379-4380-a767-50b9da7a5708:192.168.151.106:34838], old=null, confs=<EMPTY_MAP>
2019-09-25 07:31:34,178 [pool-37-thread-1] INFO  server.RaftServerConfigKeys (ConfUtils.java:logGet(43)) - raft.server.storage.dir = [/workdir/hadoop-ozone/tools/target/test-dir/MiniOzoneClusterImpl-434b9272-080e-4e11-a356-5e83993913c2/datanode-1/data/ratis] (custom)
2019-09-25 07:31:34,178 [pool-37-thread-1] INFO  storage.RaftStorageDirectory (RaftStorageDirectory.java:analyzeStorage(246)) - The storage directory /workdir/hadoop-ozone/tools/target/test-dir/MiniOzoneClusterImpl-434b9272-080e-4e11-a356-5e83993913c2/datanode-1/data/ratis/83897c9c-25bf-4d64-8d94-5f78cbab0420 does not exist. Creating ...
2019-09-25 07:31:34,201 [pool-37-thread-1] INFO  storage.RaftStorageDirectory (RaftStorageDirectory.java:tryLock(328)) - Lock on /workdir/hadoop-ozone/tools/target/test-dir/MiniOzoneClusterImpl-434b9272-080e-4e11-a356-5e83993913c2/datanode-1/data/ratis/83897c9c-25bf-4d64-8d94-5f78cbab0420/in_use.lock acquired by nodename 23282@pr-hdds-1569-x2sr2-3486766547
 0.00% |█                                                                                                    |  0/1 Time: 0:00:022019-09-25 07:31:34,226 [pool-37-thread-1] INFO  storage.RaftStorage (RaftStorage.java:format(72)) - Storage directory /workdir/hadoop-ozone/tools/target/test-dir/MiniOzoneClusterImpl-434b9272-080e-4e11-a356-5e83993913c2/datanode-1/data/ratis/83897c9c-25bf-4d64-8d94-5f78cbab0420 has been successfully formatted.
2019-09-25 07:31:34,226 [pool-37-thread-1] INFO  ratis.ContainerStateMachine (ContainerStateMachine.java:loadSnapshot(230)) - group-5F78CBAB0420: The snapshot info is null. Setting the last applied indexto:(t:0, i:~)
2019-09-25 07:31:34,226 [pool-37-thread-1] INFO  server.RaftServerConfigKeys (ConfUtils.java:logGet(43)) - raft.server.notification.no-leader.timeout = 120s (custom)
2019-09-25 07:31:34,226 [pool-37-thread-1] INFO  server.RaftServerConfigKeys (ConfUtils.java:logGet(43)) - raft.server.log.use.memory = false (default)
2019-09-25 07:31:34,227 [pool-37-thread-1] INFO  server.RaftServerConfigKeys (ConfUtils.java:logGet(43)) - raft.server.log.purge.gap = 1000000 (custom)
2019-09-25 07:31:34,227 [pool-37-thread-1] INFO  server.RaftServerConfigKeys (ConfUtils.java:logGet(43)) - raft.server.log.appender.buffer.byte-limit = 33554432 (custom)
2019-09-25 07:31:34,227 [pool-37-thread-1] INFO  server.RaftServerConfigKeys (ConfUtils.java:logGet(43)) - raft.server.log.segment.size.max = 1048576 (custom)
2019-09-25 07:31:34,227 [pool-37-thread-1] INFO  server.RaftServerConfigKeys (ConfUtils.java:logGet(43)) - raft.server.log.segment.cache.num.max = 2 (custom)
2019-09-25 07:31:34,227 [pool-37-thread-1] INFO  segmented.SegmentedRaftLogWorker (SegmentedRaftLogWorker.java:<init>(172)) - new 9cf3df6f-e379-4380-a767-50b9da7a5708@group-5F78CBAB0420-SegmentedRaftLogWorker for RaftStorage:Storage Directory /workdir/hadoop-ozone/tools/target/test-dir/MiniOzoneClusterImpl-434b9272-080e-4e11-a356-5e83993913c2/datanode-1/data/ratis/83897c9c-25bf-4d64-8d94-5f78cbab0420
2019-09-25 07:31:34,228 [pool-37-thread-1] INFO  server.RaftServerConfigKeys (ConfUtils.java:logGet(43)) - raft.server.log.queue.byte-limit = 2147483647 (custom)
2019-09-25 07:31:34,228 [pool-37-thread-1] INFO  server.RaftServerConfigKeys (ConfUtils.java:logGet(43)) - raft.server.log.queue.element-limit = 1024 (custom)
2019-09-25 07:31:34,228 [pool-37-thread-1] INFO  server.RaftServerConfigKeys (ConfUtils.java:logGet(43)) - raft.server.log.segment.size.max = 1048576 (custom)
2019-09-25 07:31:34,228 [pool-37-thread-1] INFO  server.RaftServerConfigKeys (ConfUtils.java:logGet(43)) - raft.server.log.preallocated.size = 16384 (custom)
2019-09-25 07:31:34,228 [pool-37-thread-1] INFO  server.RaftServerConfigKeys (ConfUtils.java:logGet(43)) - raft.server.log.write.buffer.size = 33554432 (custom)
2019-09-25 07:31:34,229 [pool-37-thread-1] INFO  server.RaftServerConfigKeys (ConfUtils.java:logGet(43)) - raft.server.log.force.sync.num = 128 (default)
2019-09-25 07:31:34,229 [pool-37-thread-1] INFO  server.RaftServerConfigKeys (ConfUtils.java:logGet(43)) - raft.server.log.statemachine.data.sync = true (default)
2019-09-25 07:31:34,229 [pool-37-thread-1] INFO  server.RaftServerConfigKeys (ConfUtils.java:logGet(43)) - raft.server.log.statemachine.data.sync.timeout = 10s (default)
2019-09-25 07:31:34,229 [pool-37-thread-1] INFO  server.RaftServerConfigKeys (ConfUtils.java:logGet(43)) - raft.server.log.statemachine.data.sync.timeout.retry = -1 (default)
2019-09-25 07:31:34,229 [pool-37-thread-1] INFO  server.RaftServerConfigKeys (ConfUtils.java:logGet(43)) - raft.server.log.statemachine.data.caching.enabled = true (custom)
2019-09-25 07:31:34,230 [pool-37-thread-1] INFO  segmented.SegmentedRaftLogWorker (SegmentedRaftLogWorker.java:lambda$new$0(132)) - 9cf3df6f-e379-4380-a767-50b9da7a5708@group-5F78CBAB0420-SegmentedRaftLogWorker: flushIndex: setUnconditionally 0 -> -1
2019-09-25 07:31:34,230 [pool-37-thread-1] INFO  server.RaftServerConfigKeys (ConfUtils.java:logGet(43)) - raft.server.snapshot.auto.trigger.enabled = true (custom)
2019-09-25 07:31:34,231 [pool-37-thread-1] INFO  server.RaftServerConfigKeys (ConfUtils.java:logGet(43)) - raft.server.snapshot.auto.trigger.threshold = 10000 (custom)
2019-09-25 07:31:34,231 [pool-37-thread-1] INFO  server.RaftServerConfigKeys (ConfUtils.java:logGet(43)) - raft.server.snapshot.retention.num.files = 5 (custom)
2019-09-25 07:31:34,231 [pool-37-thread-1] INFO  server.RaftServerConfigKeys (ConfUtils.java:logGet(43)) - raft.server.retrycache.expirytime = 600000ms (custom)
2019-09-25 07:31:34,234 [pool-37-thread-1] INFO  impl.RaftServerImpl (RaftServerImpl.java:start(185)) - 9cf3df6f-e379-4380-a767-50b9da7a5708@group-5F78CBAB0420: start as a follower, conf=-1: [9cf3df6f-e379-4380-a767-50b9da7a5708:192.168.151.106:34838], old=null
2019-09-25 07:31:34,235 [pool-37-thread-1] INFO  impl.RaftServerImpl (RaftServerImpl.java:setRole(174)) - 9cf3df6f-e379-4380-a767-50b9da7a5708@group-5F78CBAB0420: changes role from      null to FOLLOWER at term 0 for startAsFollower
2019-09-25 07:31:34,235 [pool-37-thread-1] INFO  impl.RoleInfo (RoleInfo.java:updateAndGet(143)) - 9cf3df6f-e379-4380-a767-50b9da7a5708: start FollowerState
2019-09-25 07:31:34,235 [pool-37-thread-1] INFO  util.JmxRegister (JmxRegister.java:tryRegister(44)) - Successfully registered JMX Bean with object name Ratis:service=RaftServer,group=group-5F78CBAB0420,id=9cf3df6f-e379-4380-a767-50b9da7a5708
2019-09-25 07:31:34,241 [RatisPipelineUtilsThread] INFO  pipeline.PipelineStateManager (PipelineStateManager.java:addPipeline(56)) - Created pipeline Pipeline[ Id: 83897c9c-25bf-4d64-8d94-5f78cbab0420, Nodes: 9cf3df6f-e379-4380-a767-50b9da7a5708{ip: 192.168.151.106, host: pr-hdds-1569-x2sr2-3486766547, networkLocation: /default-rack, certSerialId: null}, Type:RATIS, Factor:ONE, State:OPEN]
2019-09-25 07:31:34,241 [RatisPipelineUtilsThread] INFO  pipeline.PipelinePlacementPolicy (PipelinePlacementPolicy.java:meetCriteria(91)) - Pipeline Placement: can't place more pipeline on heavy datanode： 36329df2-da72-43d3-aa3d-421de83d9abb Heaviness: 6 limit: 5
2019-09-25 07:31:34,252 [grpc-default-executor-0] INFO  impl.RaftServerProxy (RaftServerProxy.java:addNew(89)) - e7ade9c5-d3a7-47b4-b6a9-a4357aa48a0f: addNew group-71F8AC44B627:[e7ade9c5-d3a7-47b4-b6a9-a4357aa48a0f:192.168.151.106:33258] returns group-71F8AC44B627:java.util.concurrent.CompletableFuture@2cfd9e46[Not completed]
2019-09-25 07:31:34,254 [pool-67-thread-1] INFO  impl.RaftServerImpl (RaftServerImpl.java:<init>(95)) - e7ade9c5-d3a7-47b4-b6a9-a4357aa48a0f: new RaftServerImpl for group-71F8AC44B627:[e7ade9c5-d3a7-47b4-b6a9-a4357aa48a0f:192.168.151.106:33258] with ContainerStateMachine:uninitialized
2019-09-25 07:31:34,254 [pool-67-thread-1] INFO  server.RaftServerConfigKeys (ConfUtils.java:logGet(43)) - raft.server.rpc.timeout.min = 5s (custom)
2019-09-25 07:31:34,254 [pool-67-thread-1] INFO  server.RaftServerConfigKeys (ConfUtils.java:logGet(43)) - raft.server.rpc.timeout.max = 5200ms (custom)
2019-09-25 07:31:34,254 [pool-67-thread-1] INFO  server.RaftServerConfigKeys (ConfUtils.java:logGet(43)) - raft.server.rpcslowness.timeout = 120s (custom)
2019-09-25 07:31:34,255 [pool-67-thread-1] INFO  server.RaftServerConfigKeys (ConfUtils.java:logGet(43)) - raft.server.sleep.deviation.threshold = 300 (default)
2019-09-25 07:31:34,255 [pool-67-thread-1] INFO  server.RaftServerConfigKeys (ConfUtils.java:logGet(43)) - raft.server.log.appender.install.snapshot.enabled = false (custom)
2019-09-25 07:31:34,255 [pool-67-thread-1] INFO  impl.RaftServerImpl (ServerState.java:<init>(103)) - e7ade9c5-d3a7-47b4-b6a9-a4357aa48a0f@group-71F8AC44B627: ConfigurationManager, init=-1: [e7ade9c5-d3a7-47b4-b6a9-a4357aa48a0f:192.168.151.106:33258], old=null, confs=<EMPTY_MAP>
2019-09-25 07:31:34,255 [pool-67-thread-1] INFO  server.RaftServerConfigKeys (ConfUtils.java:logGet(43)) - raft.server.storage.dir = [/workdir/hadoop-ozone/tools/target/test-dir/MiniOzoneClusterImpl-434b9272-080e-4e11-a356-5e83993913c2/datanode-4/data/ratis] (custom)
2019-09-25 07:31:34,256 [pool-67-thread-1] INFO  storage.RaftStorageDirectory (RaftStorageDirectory.java:analyzeStorage(246)) - The storage directory /workdir/hadoop-ozone/tools/target/test-dir/MiniOzoneClusterImpl-434b9272-080e-4e11-a356-5e83993913c2/datanode-4/data/ratis/50656aa4-3952-4cf8-a61e-71f8ac44b627 does not exist. Creating ...
2019-09-25 07:31:34,279 [pool-67-thread-1] INFO  storage.RaftStorageDirectory (RaftStorageDirectory.java:tryLock(328)) - Lock on /workdir/hadoop-ozone/tools/target/test-dir/MiniOzoneClusterImpl-434b9272-080e-4e11-a356-5e83993913c2/datanode-4/data/ratis/50656aa4-3952-4cf8-a61e-71f8ac44b627/in_use.lock acquired by nodename 23282@pr-hdds-1569-x2sr2-3486766547
2019-09-25 07:31:34,309 [pool-67-thread-1] INFO  storage.RaftStorage (RaftStorage.java:format(72)) - Storage directory /workdir/hadoop-ozone/tools/target/test-dir/MiniOzoneClusterImpl-434b9272-080e-4e11-a356-5e83993913c2/datanode-4/data/ratis/50656aa4-3952-4cf8-a61e-71f8ac44b627 has been successfully formatted.
2019-09-25 07:31:34,309 [pool-67-thread-1] INFO  ratis.ContainerStateMachine (ContainerStateMachine.java:loadSnapshot(230)) - group-71F8AC44B627: The snapshot info is null. Setting the last applied indexto:(t:0, i:~)
2019-09-25 07:31:34,309 [pool-67-thread-1] INFO  server.RaftServerConfigKeys (ConfUtils.java:logGet(43)) - raft.server.notification.no-leader.timeout = 120s (custom)
2019-09-25 07:31:34,310 [pool-67-thread-1] INFO  server.RaftServerConfigKeys (ConfUtils.java:logGet(43)) - raft.server.log.use.memory = false (default)
2019-09-25 07:31:34,310 [pool-67-thread-1] INFO  server.RaftServerConfigKeys (ConfUtils.java:logGet(43)) - raft.server.log.purge.gap = 1000000 (custom)
2019-09-25 07:31:34,312 [pool-67-thread-1] INFO  server.RaftServerConfigKeys (ConfUtils.java:logGet(43)) - raft.server.log.appender.buffer.byte-limit = 33554432 (custom)
2019-09-25 07:31:34,312 [pool-67-thread-1] INFO  server.RaftServerConfigKeys (ConfUtils.java:logGet(43)) - raft.server.log.segment.size.max = 1048576 (custom)
2019-09-25 07:31:34,312 [pool-67-thread-1] INFO  server.RaftServerConfigKeys (ConfUtils.java:logGet(43)) - raft.server.log.segment.cache.num.max = 2 (custom)
2019-09-25 07:31:34,312 [pool-67-thread-1] INFO  segmented.SegmentedRaftLogWorker (SegmentedRaftLogWorker.java:<init>(172)) - new e7ade9c5-d3a7-47b4-b6a9-a4357aa48a0f@group-71F8AC44B627-SegmentedRaftLogWorker for RaftStorage:Storage Directory /workdir/hadoop-ozone/tools/target/test-dir/MiniOzoneClusterImpl-434b9272-080e-4e11-a356-5e83993913c2/datanode-4/data/ratis/50656aa4-3952-4cf8-a61e-71f8ac44b627
2019-09-25 07:31:34,313 [pool-67-thread-1] INFO  server.RaftServerConfigKeys (ConfUtils.java:logGet(43)) - raft.server.log.queue.byte-limit = 2147483647 (custom)
2019-09-25 07:31:34,313 [pool-67-thread-1] INFO  server.RaftServerConfigKeys (ConfUtils.java:logGet(43)) - raft.server.log.queue.element-limit = 1024 (custom)
2019-09-25 07:31:34,313 [pool-67-thread-1] INFO  server.RaftServerConfigKeys (ConfUtils.java:logGet(43)) - raft.server.log.segment.size.max = 1048576 (custom)
2019-09-25 07:31:34,313 [pool-67-thread-1] INFO  server.RaftServerConfigKeys (ConfUtils.java:logGet(43)) - raft.server.log.preallocated.size = 16384 (custom)
2019-09-25 07:31:34,313 [pool-67-thread-1] INFO  server.RaftServerConfigKeys (ConfUtils.java:logGet(43)) - raft.server.log.write.buffer.size = 33554432 (custom)
2019-09-25 07:31:34,313 [pool-67-thread-1] INFO  server.RaftServerConfigKeys (ConfUtils.java:logGet(43)) - raft.server.log.force.sync.num = 128 (default)
2019-09-25 07:31:34,314 [pool-67-thread-1] INFO  server.RaftServerConfigKeys (ConfUtils.java:logGet(43)) - raft.server.log.statemachine.data.sync = true (default)
2019-09-25 07:31:34,314 [pool-67-thread-1] INFO  server.RaftServerConfigKeys (ConfUtils.java:logGet(43)) - raft.server.log.statemachine.data.sync.timeout = 10s (default)
2019-09-25 07:31:34,314 [pool-67-thread-1] INFO  server.RaftServerConfigKeys (ConfUtils.java:logGet(43)) - raft.server.log.statemachine.data.sync.timeout.retry = -1 (default)
2019-09-25 07:31:34,314 [pool-67-thread-1] INFO  server.RaftServerConfigKeys (ConfUtils.java:logGet(43)) - raft.server.log.statemachine.data.caching.enabled = true (custom)
2019-09-25 07:31:34,315 [pool-67-thread-1] INFO  segmented.SegmentedRaftLogWorker (SegmentedRaftLogWorker.java:lambda$new$0(132)) - e7ade9c5-d3a7-47b4-b6a9-a4357aa48a0f@group-71F8AC44B627-SegmentedRaftLogWorker: flushIndex: setUnconditionally 0 -> -1
2019-09-25 07:31:34,315 [pool-67-thread-1] INFO  server.RaftServerConfigKeys (ConfUtils.java:logGet(43)) - raft.server.snapshot.auto.trigger.enabled = true (custom)
2019-09-25 07:31:34,315 [pool-67-thread-1] INFO  server.RaftServerConfigKeys (ConfUtils.java:logGet(43)) - raft.server.snapshot.auto.trigger.threshold = 10000 (custom)
2019-09-25 07:31:34,315 [pool-67-thread-1] INFO  server.RaftServerConfigKeys (ConfUtils.java:logGet(43)) - raft.server.snapshot.retention.num.files = 5 (custom)
2019-09-25 07:31:34,316 [pool-67-thread-1] INFO  server.RaftServerConfigKeys (ConfUtils.java:logGet(43)) - raft.server.retrycache.expirytime = 600000ms (custom)
2019-09-25 07:31:34,319 [pool-67-thread-1] INFO  impl.RaftServerImpl (RaftServerImpl.java:start(185)) - e7ade9c5-d3a7-47b4-b6a9-a4357aa48a0f@group-71F8AC44B627: start as a follower, conf=-1: [e7ade9c5-d3a7-47b4-b6a9-a4357aa48a0f:192.168.151.106:33258], old=null
2019-09-25 07:31:34,319 [pool-67-thread-1] INFO  impl.RaftServerImpl (RaftServerImpl.java:setRole(174)) - e7ade9c5-d3a7-47b4-b6a9-a4357aa48a0f@group-71F8AC44B627: changes role from      null to FOLLOWER at term 0 for startAsFollower
2019-09-25 07:31:34,319 [pool-67-thread-1] INFO  impl.RoleInfo (RoleInfo.java:updateAndGet(143)) - e7ade9c5-d3a7-47b4-b6a9-a4357aa48a0f: start FollowerState
2019-09-25 07:31:34,320 [pool-67-thread-1] INFO  util.JmxRegister (JmxRegister.java:tryRegister(44)) - Successfully registered JMX Bean with object name Ratis:service=RaftServer,group=group-71F8AC44B627,id=e7ade9c5-d3a7-47b4-b6a9-a4357aa48a0f
2019-09-25 07:31:34,325 [RatisPipelineUtilsThread] INFO  pipeline.PipelineStateManager (PipelineStateManager.java:addPipeline(56)) - Created pipeline Pipeline[ Id: 50656aa4-3952-4cf8-a61e-71f8ac44b627, Nodes: e7ade9c5-d3a7-47b4-b6a9-a4357aa48a0f{ip: 192.168.151.106, host: pr-hdds-1569-x2sr2-3486766547, networkLocation: /default-rack, certSerialId: null}, Type:RATIS, Factor:ONE, State:OPEN]
2019-09-25 07:31:34,326 [RatisPipelineUtilsThread] INFO  pipeline.PipelinePlacementPolicy (PipelinePlacementPolicy.java:meetCriteria(91)) - Pipeline Placement: can't place more pipeline on heavy datanode： 36329df2-da72-43d3-aa3d-421de83d9abb Heaviness: 6 limit: 5
2019-09-25 07:31:34,349 [grpc-default-executor-0] INFO  impl.RaftServerProxy (RaftServerProxy.java:addNew(89)) - 30ed9a86-7dc1-44e8-9d30-33403d1562de: addNew group-77151C39505F:[30ed9a86-7dc1-44e8-9d30-33403d1562de:192.168.151.106:38001] returns group-77151C39505F:java.util.concurrent.CompletableFuture@24566a45[Not completed]
2019-09-25 07:31:34,351 [pool-47-thread-1] INFO  impl.RaftServerImpl (RaftServerImpl.java:<init>(95)) - 30ed9a86-7dc1-44e8-9d30-33403d1562de: new RaftServerImpl for group-77151C39505F:[30ed9a86-7dc1-44e8-9d30-33403d1562de:192.168.151.106:38001] with ContainerStateMachine:uninitialized
2019-09-25 07:31:34,351 [pool-47-thread-1] INFO  server.RaftServerConfigKeys (ConfUtils.java:logGet(43)) - raft.server.rpc.timeout.min = 5s (custom)
2019-09-25 07:31:34,352 [pool-47-thread-1] INFO  server.RaftServerConfigKeys (ConfUtils.java:logGet(43)) - raft.server.rpc.timeout.max = 5200ms (custom)
2019-09-25 07:31:34,352 [pool-47-thread-1] INFO  server.RaftServerConfigKeys (ConfUtils.java:logGet(43)) - raft.server.rpcslowness.timeout = 120s (custom)
2019-09-25 07:31:34,352 [pool-47-thread-1] INFO  server.RaftServerConfigKeys (ConfUtils.java:logGet(43)) - raft.server.sleep.deviation.threshold = 300 (default)
2019-09-25 07:31:34,352 [pool-47-thread-1] INFO  server.RaftServerConfigKeys (ConfUtils.java:logGet(43)) - raft.server.log.appender.install.snapshot.enabled = false (custom)
2019-09-25 07:31:34,352 [pool-47-thread-1] INFO  impl.RaftServerImpl (ServerState.java:<init>(103)) - 30ed9a86-7dc1-44e8-9d30-33403d1562de@group-77151C39505F: ConfigurationManager, init=-1: [30ed9a86-7dc1-44e8-9d30-33403d1562de:192.168.151.106:38001], old=null, confs=<EMPTY_MAP>
2019-09-25 07:31:34,353 [pool-47-thread-1] INFO  server.RaftServerConfigKeys (ConfUtils.java:logGet(43)) - raft.server.storage.dir = [/workdir/hadoop-ozone/tools/target/test-dir/MiniOzoneClusterImpl-434b9272-080e-4e11-a356-5e83993913c2/datanode-2/data/ratis] (custom)
2019-09-25 07:31:34,353 [pool-47-thread-1] INFO  storage.RaftStorageDirectory (RaftStorageDirectory.java:analyzeStorage(246)) - The storage directory /workdir/hadoop-ozone/tools/target/test-dir/MiniOzoneClusterImpl-434b9272-080e-4e11-a356-5e83993913c2/datanode-2/data/ratis/821d94ed-810a-480a-87ac-77151c39505f does not exist. Creating ...
2019-09-25 07:31:34,366 [pool-47-thread-1] INFO  storage.RaftStorageDirectory (RaftStorageDirectory.java:tryLock(328)) - Lock on /workdir/hadoop-ozone/tools/target/test-dir/MiniOzoneClusterImpl-434b9272-080e-4e11-a356-5e83993913c2/datanode-2/data/ratis/821d94ed-810a-480a-87ac-77151c39505f/in_use.lock acquired by nodename 23282@pr-hdds-1569-x2sr2-3486766547
2019-09-25 07:31:34,372 [Thread-208] INFO  container.ReplicationManager (ReplicationManager.java:start(163)) - Starting Replication Monitor Thread.
2019-09-25 07:31:34,375 [ReplicationMonitor] INFO  container.ReplicationManager (ReplicationManager.java:run(226)) - Replication Monitor Thread took 0 milliseconds for processing 0 containers.
2019-09-25 07:31:34,379 [pool-47-thread-1] INFO  storage.RaftStorage (RaftStorage.java:format(72)) - Storage directory /workdir/hadoop-ozone/tools/target/test-dir/MiniOzoneClusterImpl-434b9272-080e-4e11-a356-5e83993913c2/datanode-2/data/ratis/821d94ed-810a-480a-87ac-77151c39505f has been successfully formatted.
2019-09-25 07:31:34,379 [pool-47-thread-1] INFO  ratis.ContainerStateMachine (ContainerStateMachine.java:loadSnapshot(230)) - group-77151C39505F: The snapshot info is null. Setting the last applied indexto:(t:0, i:~)
2019-09-25 07:31:34,380 [pool-47-thread-1] INFO  server.RaftServerConfigKeys (ConfUtils.java:logGet(43)) - raft.server.notification.no-leader.timeout = 120s (custom)
2019-09-25 07:31:34,380 [pool-47-thread-1] INFO  server.RaftServerConfigKeys (ConfUtils.java:logGet(43)) - raft.server.log.use.memory = false (default)
2019-09-25 07:31:34,380 [pool-47-thread-1] INFO  server.RaftServerConfigKeys (ConfUtils.java:logGet(43)) - raft.server.log.purge.gap = 1000000 (custom)
2019-09-25 07:31:34,380 [pool-47-thread-1] INFO  server.RaftServerConfigKeys (ConfUtils.java:logGet(43)) - raft.server.log.appender.buffer.byte-limit = 33554432 (custom)
2019-09-25 07:31:34,380 [pool-47-thread-1] INFO  server.RaftServerConfigKeys (ConfUtils.java:logGet(43)) - raft.server.log.segment.size.max = 1048576 (custom)
2019-09-25 07:31:34,380 [pool-47-thread-1] INFO  server.RaftServerConfigKeys (ConfUtils.java:logGet(43)) - raft.server.log.segment.cache.num.max = 2 (custom)
2019-09-25 07:31:34,381 [pool-47-thread-1] INFO  segmented.SegmentedRaftLogWorker (SegmentedRaftLogWorker.java:<init>(172)) - new 30ed9a86-7dc1-44e8-9d30-33403d1562de@group-77151C39505F-SegmentedRaftLogWorker for RaftStorage:Storage Directory /workdir/hadoop-ozone/tools/target/test-dir/MiniOzoneClusterImpl-434b9272-080e-4e11-a356-5e83993913c2/datanode-2/data/ratis/821d94ed-810a-480a-87ac-77151c39505f
2019-09-25 07:31:34,381 [pool-47-thread-1] INFO  server.RaftServerConfigKeys (ConfUtils.java:logGet(43)) - raft.server.log.queue.byte-limit = 2147483647 (custom)
2019-09-25 07:31:34,381 [pool-47-thread-1] INFO  server.RaftServerConfigKeys (ConfUtils.java:logGet(43)) - raft.server.log.queue.element-limit = 1024 (custom)
2019-09-25 07:31:34,381 [pool-47-thread-1] INFO  server.RaftServerConfigKeys (ConfUtils.java:logGet(43)) - raft.server.log.segment.size.max = 1048576 (custom)
2019-09-25 07:31:34,381 [pool-47-thread-1] INFO  server.RaftServerConfigKeys (ConfUtils.java:logGet(43)) - raft.server.log.preallocated.size = 16384 (custom)
2019-09-25 07:31:34,382 [pool-47-thread-1] INFO  server.RaftServerConfigKeys (ConfUtils.java:logGet(43)) - raft.server.log.write.buffer.size = 33554432 (custom)
2019-09-25 07:31:34,382 [pool-47-thread-1] INFO  server.RaftServerConfigKeys (ConfUtils.java:logGet(43)) - raft.server.log.force.sync.num = 128 (default)
2019-09-25 07:31:34,382 [pool-47-thread-1] INFO  server.RaftServerConfigKeys (ConfUtils.java:logGet(43)) - raft.server.log.statemachine.data.sync = true (default)
2019-09-25 07:31:34,382 [pool-47-thread-1] INFO  server.RaftServerConfigKeys (ConfUtils.java:logGet(43)) - raft.server.log.statemachine.data.sync.timeout = 10s (default)
2019-09-25 07:31:34,382 [pool-47-thread-1] INFO  server.RaftServerConfigKeys (ConfUtils.java:logGet(43)) - raft.server.log.statemachine.data.sync.timeout.retry = -1 (default)
2019-09-25 07:31:34,383 [pool-47-thread-1] INFO  server.RaftServerConfigKeys (ConfUtils.java:logGet(43)) - raft.server.log.statemachine.data.caching.enabled = true (custom)
2019-09-25 07:31:34,383 [pool-47-thread-1] INFO  segmented.SegmentedRaftLogWorker (SegmentedRaftLogWorker.java:lambda$new$0(132)) - 30ed9a86-7dc1-44e8-9d30-33403d1562de@group-77151C39505F-SegmentedRaftLogWorker: flushIndex: setUnconditionally 0 -> -1
2019-09-25 07:31:34,383 [pool-47-thread-1] INFO  server.RaftServerConfigKeys (ConfUtils.java:logGet(43)) - raft.server.snapshot.auto.trigger.enabled = true (custom)
2019-09-25 07:31:34,383 [pool-47-thread-1] INFO  server.RaftServerConfigKeys (ConfUtils.java:logGet(43)) - raft.server.snapshot.auto.trigger.threshold = 10000 (custom)
2019-09-25 07:31:34,384 [pool-47-thread-1] INFO  server.RaftServerConfigKeys (ConfUtils.java:logGet(43)) - raft.server.snapshot.retention.num.files = 5 (custom)
2019-09-25 07:31:34,384 [pool-47-thread-1] INFO  server.RaftServerConfigKeys (ConfUtils.java:logGet(43)) - raft.server.retrycache.expirytime = 600000ms (custom)
2019-09-25 07:31:34,555 [pool-47-thread-1] INFO  impl.RaftServerImpl (RaftServerImpl.java:start(185)) - 30ed9a86-7dc1-44e8-9d30-33403d1562de@group-77151C39505F: start as a follower, conf=-1: [30ed9a86-7dc1-44e8-9d30-33403d1562de:192.168.151.106:38001], old=null
2019-09-25 07:31:34,555 [pool-47-thread-1] INFO  impl.RaftServerImpl (RaftServerImpl.java:setRole(174)) - 30ed9a86-7dc1-44e8-9d30-33403d1562de@group-77151C39505F: changes role from      null to FOLLOWER at term 0 for startAsFollower
2019-09-25 07:31:34,555 [pool-47-thread-1] INFO  impl.RoleInfo (RoleInfo.java:updateAndGet(143)) - 30ed9a86-7dc1-44e8-9d30-33403d1562de: start FollowerState
2019-09-25 07:31:34,560 [pool-47-thread-1] INFO  util.JmxRegister (JmxRegister.java:tryRegister(44)) - Successfully registered JMX Bean with object name Ratis:service=RaftServer,group=group-77151C39505F,id=30ed9a86-7dc1-44e8-9d30-33403d1562de
2019-09-25 07:31:34,574 [RatisPipelineUtilsThread] INFO  pipeline.PipelineStateManager (PipelineStateManager.java:addPipeline(56)) - Created pipeline Pipeline[ Id: 821d94ed-810a-480a-87ac-77151c39505f, Nodes: 30ed9a86-7dc1-44e8-9d30-33403d1562de{ip: 192.168.151.106, host: pr-hdds-1569-x2sr2-3486766547, networkLocation: /default-rack, certSerialId: null}, Type:RATIS, Factor:ONE, State:OPEN]
2019-09-25 07:31:34,575 [RatisPipelineUtilsThread] INFO  pipeline.PipelinePlacementPolicy (PipelinePlacementPolicy.java:meetCriteria(91)) - Pipeline Placement: can't place more pipeline on heavy datanode： 36329df2-da72-43d3-aa3d-421de83d9abb Heaviness: 6 limit: 5
2019-09-25 07:31:34,585 [grpc-default-executor-0] INFO  impl.RaftServerProxy (RaftServerProxy.java:addNew(89)) - e7ade9c5-d3a7-47b4-b6a9-a4357aa48a0f: addNew group-1E9C4AA96EEE:[e7ade9c5-d3a7-47b4-b6a9-a4357aa48a0f:192.168.151.106:33258] returns group-1E9C4AA96EEE:java.util.concurrent.CompletableFuture@4d0b0d1b[Not completed]
2019-09-25 07:31:34,587 [pool-67-thread-1] INFO  impl.RaftServerImpl (RaftServerImpl.java:<init>(95)) - e7ade9c5-d3a7-47b4-b6a9-a4357aa48a0f: new RaftServerImpl for group-1E9C4AA96EEE:[e7ade9c5-d3a7-47b4-b6a9-a4357aa48a0f:192.168.151.106:33258] with ContainerStateMachine:uninitialized
2019-09-25 07:31:34,587 [pool-67-thread-1] INFO  server.RaftServerConfigKeys (ConfUtils.java:logGet(43)) - raft.server.rpc.timeout.min = 5s (custom)
2019-09-25 07:31:34,587 [pool-67-thread-1] INFO  server.RaftServerConfigKeys (ConfUtils.java:logGet(43)) - raft.server.rpc.timeout.max = 5200ms (custom)
2019-09-25 07:31:34,587 [pool-67-thread-1] INFO  server.RaftServerConfigKeys (ConfUtils.java:logGet(43)) - raft.server.rpcslowness.timeout = 120s (custom)
2019-09-25 07:31:34,588 [pool-67-thread-1] INFO  server.RaftServerConfigKeys (ConfUtils.java:logGet(43)) - raft.server.sleep.deviation.threshold = 300 (default)
2019-09-25 07:31:34,588 [pool-67-thread-1] INFO  server.RaftServerConfigKeys (ConfUtils.java:logGet(43)) - raft.server.log.appender.install.snapshot.enabled = false (custom)
2019-09-25 07:31:34,588 [pool-67-thread-1] INFO  impl.RaftServerImpl (ServerState.java:<init>(103)) - e7ade9c5-d3a7-47b4-b6a9-a4357aa48a0f@group-1E9C4AA96EEE: ConfigurationManager, init=-1: [e7ade9c5-d3a7-47b4-b6a9-a4357aa48a0f:192.168.151.106:33258], old=null, confs=<EMPTY_MAP>
2019-09-25 07:31:34,588 [pool-67-thread-1] INFO  server.RaftServerConfigKeys (ConfUtils.java:logGet(43)) - raft.server.storage.dir = [/workdir/hadoop-ozone/tools/target/test-dir/MiniOzoneClusterImpl-434b9272-080e-4e11-a356-5e83993913c2/datanode-4/data/ratis] (custom)
2019-09-25 07:31:34,589 [pool-67-thread-1] INFO  storage.RaftStorageDirectory (RaftStorageDirectory.java:analyzeStorage(246)) - The storage directory /workdir/hadoop-ozone/tools/target/test-dir/MiniOzoneClusterImpl-434b9272-080e-4e11-a356-5e83993913c2/datanode-4/data/ratis/65c2ee12-a931-4647-8411-1e9c4aa96eee does not exist. Creating ...
2019-09-25 07:31:34,612 [pool-67-thread-1] INFO  storage.RaftStorageDirectory (RaftStorageDirectory.java:tryLock(328)) - Lock on /workdir/hadoop-ozone/tools/target/test-dir/MiniOzoneClusterImpl-434b9272-080e-4e11-a356-5e83993913c2/datanode-4/data/ratis/65c2ee12-a931-4647-8411-1e9c4aa96eee/in_use.lock acquired by nodename 23282@pr-hdds-1569-x2sr2-3486766547
2019-09-25 07:31:34,636 [pool-67-thread-1] INFO  storage.RaftStorage (RaftStorage.java:format(72)) - Storage directory /workdir/hadoop-ozone/tools/target/test-dir/MiniOzoneClusterImpl-434b9272-080e-4e11-a356-5e83993913c2/datanode-4/data/ratis/65c2ee12-a931-4647-8411-1e9c4aa96eee has been successfully formatted.
2019-09-25 07:31:34,636 [pool-67-thread-1] INFO  ratis.ContainerStateMachine (ContainerStateMachine.java:loadSnapshot(230)) - group-1E9C4AA96EEE: The snapshot info is null. Setting the last applied indexto:(t:0, i:~)
2019-09-25 07:31:34,636 [pool-67-thread-1] INFO  server.RaftServerConfigKeys (ConfUtils.java:logGet(43)) - raft.server.notification.no-leader.timeout = 120s (custom)
2019-09-25 07:31:34,637 [pool-67-thread-1] INFO  server.RaftServerConfigKeys (ConfUtils.java:logGet(43)) - raft.server.log.use.memory = false (default)
2019-09-25 07:31:34,637 [pool-67-thread-1] INFO  server.RaftServerConfigKeys (ConfUtils.java:logGet(43)) - raft.server.log.purge.gap = 1000000 (custom)
2019-09-25 07:31:34,637 [pool-67-thread-1] INFO  server.RaftServerConfigKeys (ConfUtils.java:logGet(43)) - raft.server.log.appender.buffer.byte-limit = 33554432 (custom)
2019-09-25 07:31:34,637 [pool-67-thread-1] INFO  server.RaftServerConfigKeys (ConfUtils.java:logGet(43)) - raft.server.log.segment.size.max = 1048576 (custom)
2019-09-25 07:31:34,637 [pool-67-thread-1] INFO  server.RaftServerConfigKeys (ConfUtils.java:logGet(43)) - raft.server.log.segment.cache.num.max = 2 (custom)
2019-09-25 07:31:34,637 [pool-67-thread-1] INFO  segmented.SegmentedRaftLogWorker (SegmentedRaftLogWorker.java:<init>(172)) - new e7ade9c5-d3a7-47b4-b6a9-a4357aa48a0f@group-1E9C4AA96EEE-SegmentedRaftLogWorker for RaftStorage:Storage Directory /workdir/hadoop-ozone/tools/target/test-dir/MiniOzoneClusterImpl-434b9272-080e-4e11-a356-5e83993913c2/datanode-4/data/ratis/65c2ee12-a931-4647-8411-1e9c4aa96eee
2019-09-25 07:31:34,638 [pool-67-thread-1] INFO  server.RaftServerConfigKeys (ConfUtils.java:logGet(43)) - raft.server.log.queue.byte-limit = 2147483647 (custom)
2019-09-25 07:31:34,638 [pool-67-thread-1] INFO  server.RaftServerConfigKeys (ConfUtils.java:logGet(43)) - raft.server.log.queue.element-limit = 1024 (custom)
2019-09-25 07:31:34,638 [pool-67-thread-1] INFO  server.RaftServerConfigKeys (ConfUtils.java:logGet(43)) - raft.server.log.segment.size.max = 1048576 (custom)
2019-09-25 07:31:34,638 [pool-67-thread-1] INFO  server.RaftServerConfigKeys (ConfUtils.java:logGet(43)) - raft.server.log.preallocated.size = 16384 (custom)
2019-09-25 07:31:34,638 [pool-67-thread-1] INFO  server.RaftServerConfigKeys (ConfUtils.java:logGet(43)) - raft.server.log.write.buffer.size = 33554432 (custom)
2019-09-25 07:31:34,639 [pool-67-thread-1] INFO  server.RaftServerConfigKeys (ConfUtils.java:logGet(43)) - raft.server.log.force.sync.num = 128 (default)
2019-09-25 07:31:34,639 [pool-67-thread-1] INFO  server.RaftServerConfigKeys (ConfUtils.java:logGet(43)) - raft.server.log.statemachine.data.sync = true (default)
2019-09-25 07:31:34,639 [pool-67-thread-1] INFO  server.RaftServerConfigKeys (ConfUtils.java:logGet(43)) - raft.server.log.statemachine.data.sync.timeout = 10s (default)
2019-09-25 07:31:34,639 [pool-67-thread-1] INFO  server.RaftServerConfigKeys (ConfUtils.java:logGet(43)) - raft.server.log.statemachine.data.sync.timeout.retry = -1 (default)
2019-09-25 07:31:34,639 [pool-67-thread-1] INFO  server.RaftServerConfigKeys (ConfUtils.java:logGet(43)) - raft.server.log.statemachine.data.caching.enabled = true (custom)
2019-09-25 07:31:34,640 [pool-67-thread-1] INFO  segmented.SegmentedRaftLogWorker (SegmentedRaftLogWorker.java:lambda$new$0(132)) - e7ade9c5-d3a7-47b4-b6a9-a4357aa48a0f@group-1E9C4AA96EEE-SegmentedRaftLogWorker: flushIndex: setUnconditionally 0 -> -1
2019-09-25 07:31:34,640 [pool-67-thread-1] INFO  server.RaftServerConfigKeys (ConfUtils.java:logGet(43)) - raft.server.snapshot.auto.trigger.enabled = true (custom)
2019-09-25 07:31:34,640 [pool-67-thread-1] INFO  server.RaftServerConfigKeys (ConfUtils.java:logGet(43)) - raft.server.snapshot.auto.trigger.threshold = 10000 (custom)
2019-09-25 07:31:34,640 [pool-67-thread-1] INFO  server.RaftServerConfigKeys (ConfUtils.java:logGet(43)) - raft.server.snapshot.retention.num.files = 5 (custom)
2019-09-25 07:31:34,641 [pool-67-thread-1] INFO  server.RaftServerConfigKeys (ConfUtils.java:logGet(43)) - raft.server.retrycache.expirytime = 600000ms (custom)
2019-09-25 07:31:34,644 [pool-67-thread-1] INFO  impl.RaftServerImpl (RaftServerImpl.java:start(185)) - e7ade9c5-d3a7-47b4-b6a9-a4357aa48a0f@group-1E9C4AA96EEE: start as a follower, conf=-1: [e7ade9c5-d3a7-47b4-b6a9-a4357aa48a0f:192.168.151.106:33258], old=null
2019-09-25 07:31:34,644 [pool-67-thread-1] INFO  impl.RaftServerImpl (RaftServerImpl.java:setRole(174)) - e7ade9c5-d3a7-47b4-b6a9-a4357aa48a0f@group-1E9C4AA96EEE: changes role from      null to FOLLOWER at term 0 for startAsFollower
2019-09-25 07:31:34,644 [pool-67-thread-1] INFO  impl.RoleInfo (RoleInfo.java:updateAndGet(143)) - e7ade9c5-d3a7-47b4-b6a9-a4357aa48a0f: start FollowerState
2019-09-25 07:31:34,645 [pool-67-thread-1] INFO  util.JmxRegister (JmxRegister.java:tryRegister(44)) - Successfully registered JMX Bean with object name Ratis:service=RaftServer,group=group-1E9C4AA96EEE,id=e7ade9c5-d3a7-47b4-b6a9-a4357aa48a0f
2019-09-25 07:31:34,650 [RatisPipelineUtilsThread] INFO  pipeline.PipelineStateManager (PipelineStateManager.java:addPipeline(56)) - Created pipeline Pipeline[ Id: 65c2ee12-a931-4647-8411-1e9c4aa96eee, Nodes: e7ade9c5-d3a7-47b4-b6a9-a4357aa48a0f{ip: 192.168.151.106, host: pr-hdds-1569-x2sr2-3486766547, networkLocation: /default-rack, certSerialId: null}, Type:RATIS, Factor:ONE, State:OPEN]
2019-09-25 07:31:34,650 [RatisPipelineUtilsThread] INFO  pipeline.PipelinePlacementPolicy (PipelinePlacementPolicy.java:meetCriteria(91)) - Pipeline Placement: can't place more pipeline on heavy datanode： 36329df2-da72-43d3-aa3d-421de83d9abb Heaviness: 6 limit: 5
2019-09-25 07:31:34,661 [grpc-default-executor-0] INFO  impl.RaftServerProxy (RaftServerProxy.java:addNew(89)) - 9cf3df6f-e379-4380-a767-50b9da7a5708: addNew group-07F1FC951CD1:[9cf3df6f-e379-4380-a767-50b9da7a5708:192.168.151.106:34838] returns group-07F1FC951CD1:java.util.concurrent.CompletableFuture@53b0b79d[Not completed]
2019-09-25 07:31:34,663 [pool-37-thread-1] INFO  impl.RaftServerImpl (RaftServerImpl.java:<init>(95)) - 9cf3df6f-e379-4380-a767-50b9da7a5708: new RaftServerImpl for group-07F1FC951CD1:[9cf3df6f-e379-4380-a767-50b9da7a5708:192.168.151.106:34838] with ContainerStateMachine:uninitialized
2019-09-25 07:31:34,663 [pool-37-thread-1] INFO  server.RaftServerConfigKeys (ConfUtils.java:logGet(43)) - raft.server.rpc.timeout.min = 5s (custom)
2019-09-25 07:31:34,663 [pool-37-thread-1] INFO  server.RaftServerConfigKeys (ConfUtils.java:logGet(43)) - raft.server.rpc.timeout.max = 5200ms (custom)
2019-09-25 07:31:34,664 [pool-37-thread-1] INFO  server.RaftServerConfigKeys (ConfUtils.java:logGet(43)) - raft.server.rpcslowness.timeout = 120s (custom)
2019-09-25 07:31:34,664 [pool-37-thread-1] INFO  server.RaftServerConfigKeys (ConfUtils.java:logGet(43)) - raft.server.sleep.deviation.threshold = 300 (default)
2019-09-25 07:31:34,664 [pool-37-thread-1] INFO  server.RaftServerConfigKeys (ConfUtils.java:logGet(43)) - raft.server.log.appender.install.snapshot.enabled = false (custom)
2019-09-25 07:31:34,664 [pool-37-thread-1] INFO  impl.RaftServerImpl (ServerState.java:<init>(103)) - 9cf3df6f-e379-4380-a767-50b9da7a5708@group-07F1FC951CD1: ConfigurationManager, init=-1: [9cf3df6f-e379-4380-a767-50b9da7a5708:192.168.151.106:34838], old=null, confs=<EMPTY_MAP>
2019-09-25 07:31:34,664 [pool-37-thread-1] INFO  server.RaftServerConfigKeys (ConfUtils.java:logGet(43)) - raft.server.storage.dir = [/workdir/hadoop-ozone/tools/target/test-dir/MiniOzoneClusterImpl-434b9272-080e-4e11-a356-5e83993913c2/datanode-1/data/ratis] (custom)
2019-09-25 07:31:34,665 [pool-37-thread-1] INFO  storage.RaftStorageDirectory (RaftStorageDirectory.java:analyzeStorage(246)) - The storage directory /workdir/hadoop-ozone/tools/target/test-dir/MiniOzoneClusterImpl-434b9272-080e-4e11-a356-5e83993913c2/datanode-1/data/ratis/74c7e614-5006-4a0a-8104-07f1fc951cd1 does not exist. Creating ...
2019-09-25 07:31:34,687 [pool-37-thread-1] INFO  storage.RaftStorageDirectory (RaftStorageDirectory.java:tryLock(328)) - Lock on /workdir/hadoop-ozone/tools/target/test-dir/MiniOzoneClusterImpl-434b9272-080e-4e11-a356-5e83993913c2/datanode-1/data/ratis/74c7e614-5006-4a0a-8104-07f1fc951cd1/in_use.lock acquired by nodename 23282@pr-hdds-1569-x2sr2-3486766547
2019-09-25 07:31:34,711 [pool-37-thread-1] INFO  storage.RaftStorage (RaftStorage.java:format(72)) - Storage directory /workdir/hadoop-ozone/tools/target/test-dir/MiniOzoneClusterImpl-434b9272-080e-4e11-a356-5e83993913c2/datanode-1/data/ratis/74c7e614-5006-4a0a-8104-07f1fc951cd1 has been successfully formatted.
2019-09-25 07:31:34,711 [pool-37-thread-1] INFO  ratis.ContainerStateMachine (ContainerStateMachine.java:loadSnapshot(230)) - group-07F1FC951CD1: The snapshot info is null. Setting the last applied indexto:(t:0, i:~)
2019-09-25 07:31:34,711 [pool-37-thread-1] INFO  server.RaftServerConfigKeys (ConfUtils.java:logGet(43)) - raft.server.notification.no-leader.timeout = 120s (custom)
2019-09-25 07:31:34,712 [pool-37-thread-1] INFO  server.RaftServerConfigKeys (ConfUtils.java:logGet(43)) - raft.server.log.use.memory = false (default)
2019-09-25 07:31:34,712 [pool-37-thread-1] INFO  server.RaftServerConfigKeys (ConfUtils.java:logGet(43)) - raft.server.log.purge.gap = 1000000 (custom)
2019-09-25 07:31:34,712 [pool-37-thread-1] INFO  server.RaftServerConfigKeys (ConfUtils.java:logGet(43)) - raft.server.log.appender.buffer.byte-limit = 33554432 (custom)
2019-09-25 07:31:34,712 [pool-37-thread-1] INFO  server.RaftServerConfigKeys (ConfUtils.java:logGet(43)) - raft.server.log.segment.size.max = 1048576 (custom)
2019-09-25 07:31:34,712 [pool-37-thread-1] INFO  server.RaftServerConfigKeys (ConfUtils.java:logGet(43)) - raft.server.log.segment.cache.num.max = 2 (custom)
2019-09-25 07:31:34,712 [pool-37-thread-1] INFO  segmented.SegmentedRaftLogWorker (SegmentedRaftLogWorker.java:<init>(172)) - new 9cf3df6f-e379-4380-a767-50b9da7a5708@group-07F1FC951CD1-SegmentedRaftLogWorker for RaftStorage:Storage Directory /workdir/hadoop-ozone/tools/target/test-dir/MiniOzoneClusterImpl-434b9272-080e-4e11-a356-5e83993913c2/datanode-1/data/ratis/74c7e614-5006-4a0a-8104-07f1fc951cd1
2019-09-25 07:31:34,713 [pool-37-thread-1] INFO  server.RaftServerConfigKeys (ConfUtils.java:logGet(43)) - raft.server.log.queue.byte-limit = 2147483647 (custom)
2019-09-25 07:31:34,713 [pool-37-thread-1] INFO  server.RaftServerConfigKeys (ConfUtils.java:logGet(43)) - raft.server.log.queue.element-limit = 1024 (custom)
2019-09-25 07:31:34,713 [pool-37-thread-1] INFO  server.RaftServerConfigKeys (ConfUtils.java:logGet(43)) - raft.server.log.segment.size.max = 1048576 (custom)
2019-09-25 07:31:34,713 [pool-37-thread-1] INFO  server.RaftServerConfigKeys (ConfUtils.java:logGet(43)) - raft.server.log.preallocated.size = 16384 (custom)
2019-09-25 07:31:34,713 [pool-37-thread-1] INFO  server.RaftServerConfigKeys (ConfUtils.java:logGet(43)) - raft.server.log.write.buffer.size = 33554432 (custom)
2019-09-25 07:31:34,713 [pool-37-thread-1] INFO  server.RaftServerConfigKeys (ConfUtils.java:logGet(43)) - raft.server.log.force.sync.num = 128 (default)
2019-09-25 07:31:34,714 [pool-37-thread-1] INFO  server.RaftServerConfigKeys (ConfUtils.java:logGet(43)) - raft.server.log.statemachine.data.sync = true (default)
2019-09-25 07:31:34,714 [pool-37-thread-1] INFO  server.RaftServerConfigKeys (ConfUtils.java:logGet(43)) - raft.server.log.statemachine.data.sync.timeout = 10s (default)
2019-09-25 07:31:34,714 [pool-37-thread-1] INFO  server.RaftServerConfigKeys (ConfUtils.java:logGet(43)) - raft.server.log.statemachine.data.sync.timeout.retry = -1 (default)
2019-09-25 07:31:34,714 [pool-37-thread-1] INFO  server.RaftServerConfigKeys (ConfUtils.java:logGet(43)) - raft.server.log.statemachine.data.caching.enabled = true (custom)
2019-09-25 07:31:34,714 [pool-37-thread-1] INFO  segmented.SegmentedRaftLogWorker (SegmentedRaftLogWorker.java:lambda$new$0(132)) - 9cf3df6f-e379-4380-a767-50b9da7a5708@group-07F1FC951CD1-SegmentedRaftLogWorker: flushIndex: setUnconditionally 0 -> -1
2019-09-25 07:31:34,715 [pool-37-thread-1] INFO  server.RaftServerConfigKeys (ConfUtils.java:logGet(43)) - raft.server.snapshot.auto.trigger.enabled = true (custom)
2019-09-25 07:31:34,715 [pool-37-thread-1] INFO  server.RaftServerConfigKeys (ConfUtils.java:logGet(43)) - raft.server.snapshot.auto.trigger.threshold = 10000 (custom)
2019-09-25 07:31:34,715 [pool-37-thread-1] INFO  server.RaftServerConfigKeys (ConfUtils.java:logGet(43)) - raft.server.snapshot.retention.num.files = 5 (custom)
2019-09-25 07:31:34,715 [pool-37-thread-1] INFO  server.RaftServerConfigKeys (ConfUtils.java:logGet(43)) - raft.server.retrycache.expirytime = 600000ms (custom)
2019-09-25 07:31:34,718 [pool-37-thread-1] INFO  impl.RaftServerImpl (RaftServerImpl.java:start(185)) - 9cf3df6f-e379-4380-a767-50b9da7a5708@group-07F1FC951CD1: start as a follower, conf=-1: [9cf3df6f-e379-4380-a767-50b9da7a5708:192.168.151.106:34838], old=null
2019-09-25 07:31:34,718 [pool-37-thread-1] INFO  impl.RaftServerImpl (RaftServerImpl.java:setRole(174)) - 9cf3df6f-e379-4380-a767-50b9da7a5708@group-07F1FC951CD1: changes role from      null to FOLLOWER at term 0 for startAsFollower
2019-09-25 07:31:34,718 [pool-37-thread-1] INFO  impl.RoleInfo (RoleInfo.java:updateAndGet(143)) - 9cf3df6f-e379-4380-a767-50b9da7a5708: start FollowerState
2019-09-25 07:31:34,719 [pool-37-thread-1] INFO  util.JmxRegister (JmxRegister.java:tryRegister(44)) - Successfully registered JMX Bean with object name Ratis:service=RaftServer,group=group-07F1FC951CD1,id=9cf3df6f-e379-4380-a767-50b9da7a5708
2019-09-25 07:31:34,724 [RatisPipelineUtilsThread] INFO  pipeline.PipelineStateManager (PipelineStateManager.java:addPipeline(56)) - Created pipeline Pipeline[ Id: 74c7e614-5006-4a0a-8104-07f1fc951cd1, Nodes: 9cf3df6f-e379-4380-a767-50b9da7a5708{ip: 192.168.151.106, host: pr-hdds-1569-x2sr2-3486766547, networkLocation: /default-rack, certSerialId: null}, Type:RATIS, Factor:ONE, State:OPEN]
2019-09-25 07:31:34,724 [RatisPipelineUtilsThread] INFO  pipeline.PipelinePlacementPolicy (PipelinePlacementPolicy.java:meetCriteria(91)) - Pipeline Placement: can't place more pipeline on heavy datanode： 36329df2-da72-43d3-aa3d-421de83d9abb Heaviness: 6 limit: 5
2019-09-25 07:31:34,725 [RatisPipelineUtilsThread] INFO  pipeline.PipelinePlacementPolicy (PipelinePlacementPolicy.java:meetCriteria(91)) - Pipeline Placement: can't place more pipeline on heavy datanode： 9cf3df6f-e379-4380-a767-50b9da7a5708 Heaviness: 6 limit: 5
2019-09-25 07:31:34,735 [grpc-default-executor-0] INFO  impl.RaftServerProxy (RaftServerProxy.java:addNew(89)) - 30ed9a86-7dc1-44e8-9d30-33403d1562de: addNew group-80B235F83249:[30ed9a86-7dc1-44e8-9d30-33403d1562de:192.168.151.106:38001] returns group-80B235F83249:java.util.concurrent.CompletableFuture@6e40dfed[Not completed]
2019-09-25 07:31:34,736 [pool-47-thread-1] INFO  impl.RaftServerImpl (RaftServerImpl.java:<init>(95)) - 30ed9a86-7dc1-44e8-9d30-33403d1562de: new RaftServerImpl for group-80B235F83249:[30ed9a86-7dc1-44e8-9d30-33403d1562de:192.168.151.106:38001] with ContainerStateMachine:uninitialized
2019-09-25 07:31:34,736 [pool-47-thread-1] INFO  server.RaftServerConfigKeys (ConfUtils.java:logGet(43)) - raft.server.rpc.timeout.min = 5s (custom)
2019-09-25 07:31:34,737 [pool-47-thread-1] INFO  server.RaftServerConfigKeys (ConfUtils.java:logGet(43)) - raft.server.rpc.timeout.max = 5200ms (custom)
2019-09-25 07:31:34,737 [pool-47-thread-1] INFO  server.RaftServerConfigKeys (ConfUtils.java:logGet(43)) - raft.server.rpcslowness.timeout = 120s (custom)
2019-09-25 07:31:34,737 [pool-47-thread-1] INFO  server.RaftServerConfigKeys (ConfUtils.java:logGet(43)) - raft.server.sleep.deviation.threshold = 300 (default)
2019-09-25 07:31:34,737 [pool-47-thread-1] INFO  server.RaftServerConfigKeys (ConfUtils.java:logGet(43)) - raft.server.log.appender.install.snapshot.enabled = false (custom)
2019-09-25 07:31:34,737 [pool-47-thread-1] INFO  impl.RaftServerImpl (ServerState.java:<init>(103)) - 30ed9a86-7dc1-44e8-9d30-33403d1562de@group-80B235F83249: ConfigurationManager, init=-1: [30ed9a86-7dc1-44e8-9d30-33403d1562de:192.168.151.106:38001], old=null, confs=<EMPTY_MAP>
2019-09-25 07:31:34,737 [pool-47-thread-1] INFO  server.RaftServerConfigKeys (ConfUtils.java:logGet(43)) - raft.server.storage.dir = [/workdir/hadoop-ozone/tools/target/test-dir/MiniOzoneClusterImpl-434b9272-080e-4e11-a356-5e83993913c2/datanode-2/data/ratis] (custom)
2019-09-25 07:31:34,738 [pool-47-thread-1] INFO  storage.RaftStorageDirectory (RaftStorageDirectory.java:analyzeStorage(246)) - The storage directory /workdir/hadoop-ozone/tools/target/test-dir/MiniOzoneClusterImpl-434b9272-080e-4e11-a356-5e83993913c2/datanode-2/data/ratis/7d58ea0e-ed2e-46d1-a68b-80b235f83249 does not exist. Creating ...
2019-09-25 07:31:34,750 [pool-47-thread-1] INFO  storage.RaftStorageDirectory (RaftStorageDirectory.java:tryLock(328)) - Lock on /workdir/hadoop-ozone/tools/target/test-dir/MiniOzoneClusterImpl-434b9272-080e-4e11-a356-5e83993913c2/datanode-2/data/ratis/7d58ea0e-ed2e-46d1-a68b-80b235f83249/in_use.lock acquired by nodename 23282@pr-hdds-1569-x2sr2-3486766547
2019-09-25 07:31:34,763 [pool-47-thread-1] INFO  storage.RaftStorage (RaftStorage.java:format(72)) - Storage directory /workdir/hadoop-ozone/tools/target/test-dir/MiniOzoneClusterImpl-434b9272-080e-4e11-a356-5e83993913c2/datanode-2/data/ratis/7d58ea0e-ed2e-46d1-a68b-80b235f83249 has been successfully formatted.
2019-09-25 07:31:34,764 [pool-47-thread-1] INFO  ratis.ContainerStateMachine (ContainerStateMachine.java:loadSnapshot(230)) - group-80B235F83249: The snapshot info is null. Setting the last applied indexto:(t:0, i:~)
2019-09-25 07:31:34,764 [pool-47-thread-1] INFO  server.RaftServerConfigKeys (ConfUtils.java:logGet(43)) - raft.server.notification.no-leader.timeout = 120s (custom)
2019-09-25 07:31:34,764 [pool-47-thread-1] INFO  server.RaftServerConfigKeys (ConfUtils.java:logGet(43)) - raft.server.log.use.memory = false (default)
2019-09-25 07:31:34,764 [pool-47-thread-1] INFO  server.RaftServerConfigKeys (ConfUtils.java:logGet(43)) - raft.server.log.purge.gap = 1000000 (custom)
2019-09-25 07:31:34,764 [pool-47-thread-1] INFO  server.RaftServerConfigKeys (ConfUtils.java:logGet(43)) - raft.server.log.appender.buffer.byte-limit = 33554432 (custom)
2019-09-25 07:31:34,764 [pool-47-thread-1] INFO  server.RaftServerConfigKeys (ConfUtils.java:logGet(43)) - raft.server.log.segment.size.max = 1048576 (custom)
2019-09-25 07:31:34,765 [pool-47-thread-1] INFO  server.RaftServerConfigKeys (ConfUtils.java:logGet(43)) - raft.server.log.segment.cache.num.max = 2 (custom)
2019-09-25 07:31:34,765 [pool-47-thread-1] INFO  segmented.SegmentedRaftLogWorker (SegmentedRaftLogWorker.java:<init>(172)) - new 30ed9a86-7dc1-44e8-9d30-33403d1562de@group-80B235F83249-SegmentedRaftLogWorker for RaftStorage:Storage Directory /workdir/hadoop-ozone/tools/target/test-dir/MiniOzoneClusterImpl-434b9272-080e-4e11-a356-5e83993913c2/datanode-2/data/ratis/7d58ea0e-ed2e-46d1-a68b-80b235f83249
2019-09-25 07:31:34,765 [pool-47-thread-1] INFO  server.RaftServerConfigKeys (ConfUtils.java:logGet(43)) - raft.server.log.queue.byte-limit = 2147483647 (custom)
2019-09-25 07:31:34,765 [pool-47-thread-1] INFO  server.RaftServerConfigKeys (ConfUtils.java:logGet(43)) - raft.server.log.queue.element-limit = 1024 (custom)
2019-09-25 07:31:34,765 [pool-47-thread-1] INFO  server.RaftServerConfigKeys (ConfUtils.java:logGet(43)) - raft.server.log.segment.size.max = 1048576 (custom)
2019-09-25 07:31:34,765 [pool-47-thread-1] INFO  server.RaftServerConfigKeys (ConfUtils.java:logGet(43)) - raft.server.log.preallocated.size = 16384 (custom)
2019-09-25 07:31:34,766 [pool-47-thread-1] INFO  server.RaftServerConfigKeys (ConfUtils.java:logGet(43)) - raft.server.log.write.buffer.size = 33554432 (custom)
2019-09-25 07:31:34,766 [pool-47-thread-1] INFO  server.RaftServerConfigKeys (ConfUtils.java:logGet(43)) - raft.server.log.force.sync.num = 128 (default)
2019-09-25 07:31:34,766 [pool-47-thread-1] INFO  server.RaftServerConfigKeys (ConfUtils.java:logGet(43)) - raft.server.log.statemachine.data.sync = true (default)
2019-09-25 07:31:34,766 [pool-47-thread-1] INFO  server.RaftServerConfigKeys (ConfUtils.java:logGet(43)) - raft.server.log.statemachine.data.sync.timeout = 10s (default)
2019-09-25 07:31:34,766 [pool-47-thread-1] INFO  server.RaftServerConfigKeys (ConfUtils.java:logGet(43)) - raft.server.log.statemachine.data.sync.timeout.retry = -1 (default)
2019-09-25 07:31:34,766 [pool-47-thread-1] INFO  server.RaftServerConfigKeys (ConfUtils.java:logGet(43)) - raft.server.log.statemachine.data.caching.enabled = true (custom)
2019-09-25 07:31:34,767 [pool-47-thread-1] INFO  segmented.SegmentedRaftLogWorker (SegmentedRaftLogWorker.java:lambda$new$0(132)) - 30ed9a86-7dc1-44e8-9d30-33403d1562de@group-80B235F83249-SegmentedRaftLogWorker: flushIndex: setUnconditionally 0 -> -1
2019-09-25 07:31:34,767 [pool-47-thread-1] INFO  server.RaftServerConfigKeys (ConfUtils.java:logGet(43)) - raft.server.snapshot.auto.trigger.enabled = true (custom)
2019-09-25 07:31:34,767 [pool-47-thread-1] INFO  server.RaftServerConfigKeys (ConfUtils.java:logGet(43)) - raft.server.snapshot.auto.trigger.threshold = 10000 (custom)
2019-09-25 07:31:34,767 [pool-47-thread-1] INFO  server.RaftServerConfigKeys (ConfUtils.java:logGet(43)) - raft.server.snapshot.retention.num.files = 5 (custom)
2019-09-25 07:31:34,768 [pool-47-thread-1] INFO  server.RaftServerConfigKeys (ConfUtils.java:logGet(43)) - raft.server.retrycache.expirytime = 600000ms (custom)
2019-09-25 07:31:34,770 [pool-47-thread-1] INFO  impl.RaftServerImpl (RaftServerImpl.java:start(185)) - 30ed9a86-7dc1-44e8-9d30-33403d1562de@group-80B235F83249: start as a follower, conf=-1: [30ed9a86-7dc1-44e8-9d30-33403d1562de:192.168.151.106:38001], old=null
2019-09-25 07:31:34,771 [pool-47-thread-1] INFO  impl.RaftServerImpl (RaftServerImpl.java:setRole(174)) - 30ed9a86-7dc1-44e8-9d30-33403d1562de@group-80B235F83249: changes role from      null to FOLLOWER at term 0 for startAsFollower
2019-09-25 07:31:34,771 [pool-47-thread-1] INFO  impl.RoleInfo (RoleInfo.java:updateAndGet(143)) - 30ed9a86-7dc1-44e8-9d30-33403d1562de: start FollowerState
2019-09-25 07:31:34,771 [pool-47-thread-1] INFO  util.JmxRegister (JmxRegister.java:tryRegister(44)) - Successfully registered JMX Bean with object name Ratis:service=RaftServer,group=group-80B235F83249,id=30ed9a86-7dc1-44e8-9d30-33403d1562de
2019-09-25 07:31:34,777 [RatisPipelineUtilsThread] INFO  pipeline.PipelineStateManager (PipelineStateManager.java:addPipeline(56)) - Created pipeline Pipeline[ Id: 7d58ea0e-ed2e-46d1-a68b-80b235f83249, Nodes: 30ed9a86-7dc1-44e8-9d30-33403d1562de{ip: 192.168.151.106, host: pr-hdds-1569-x2sr2-3486766547, networkLocation: /default-rack, certSerialId: null}, Type:RATIS, Factor:ONE, State:OPEN]
2019-09-25 07:31:34,777 [RatisPipelineUtilsThread] INFO  pipeline.PipelinePlacementPolicy (PipelinePlacementPolicy.java:meetCriteria(91)) - Pipeline Placement: can't place more pipeline on heavy datanode： 36329df2-da72-43d3-aa3d-421de83d9abb Heaviness: 6 limit: 5
2019-09-25 07:31:34,778 [RatisPipelineUtilsThread] INFO  pipeline.PipelinePlacementPolicy (PipelinePlacementPolicy.java:meetCriteria(91)) - Pipeline Placement: can't place more pipeline on heavy datanode： 9cf3df6f-e379-4380-a767-50b9da7a5708 Heaviness: 6 limit: 5
2019-09-25 07:31:34,788 [grpc-default-executor-0] INFO  impl.RaftServerProxy (RaftServerProxy.java:addNew(89)) - e7ade9c5-d3a7-47b4-b6a9-a4357aa48a0f: addNew group-B73FDBDFB3B6:[e7ade9c5-d3a7-47b4-b6a9-a4357aa48a0f:192.168.151.106:33258] returns group-B73FDBDFB3B6:java.util.concurrent.CompletableFuture@63aa654e[Not completed]
2019-09-25 07:31:34,790 [pool-67-thread-1] INFO  impl.RaftServerImpl (RaftServerImpl.java:<init>(95)) - e7ade9c5-d3a7-47b4-b6a9-a4357aa48a0f: new RaftServerImpl for group-B73FDBDFB3B6:[e7ade9c5-d3a7-47b4-b6a9-a4357aa48a0f:192.168.151.106:33258] with ContainerStateMachine:uninitialized
2019-09-25 07:31:34,790 [pool-67-thread-1] INFO  server.RaftServerConfigKeys (ConfUtils.java:logGet(43)) - raft.server.rpc.timeout.min = 5s (custom)
2019-09-25 07:31:34,790 [pool-67-thread-1] INFO  server.RaftServerConfigKeys (ConfUtils.java:logGet(43)) - raft.server.rpc.timeout.max = 5200ms (custom)
2019-09-25 07:31:34,790 [pool-67-thread-1] INFO  server.RaftServerConfigKeys (ConfUtils.java:logGet(43)) - raft.server.rpcslowness.timeout = 120s (custom)
2019-09-25 07:31:34,791 [pool-67-thread-1] INFO  server.RaftServerConfigKeys (ConfUtils.java:logGet(43)) - raft.server.sleep.deviation.threshold = 300 (default)
2019-09-25 07:31:34,791 [pool-67-thread-1] INFO  server.RaftServerConfigKeys (ConfUtils.java:logGet(43)) - raft.server.log.appender.install.snapshot.enabled = false (custom)
2019-09-25 07:31:34,791 [pool-67-thread-1] INFO  impl.RaftServerImpl (ServerState.java:<init>(103)) - e7ade9c5-d3a7-47b4-b6a9-a4357aa48a0f@group-B73FDBDFB3B6: ConfigurationManager, init=-1: [e7ade9c5-d3a7-47b4-b6a9-a4357aa48a0f:192.168.151.106:33258], old=null, confs=<EMPTY_MAP>
2019-09-25 07:31:34,791 [pool-67-thread-1] INFO  server.RaftServerConfigKeys (ConfUtils.java:logGet(43)) - raft.server.storage.dir = [/workdir/hadoop-ozone/tools/target/test-dir/MiniOzoneClusterImpl-434b9272-080e-4e11-a356-5e83993913c2/datanode-4/data/ratis] (custom)
2019-09-25 07:31:34,792 [pool-67-thread-1] INFO  storage.RaftStorageDirectory (RaftStorageDirectory.java:analyzeStorage(246)) - The storage directory /workdir/hadoop-ozone/tools/target/test-dir/MiniOzoneClusterImpl-434b9272-080e-4e11-a356-5e83993913c2/datanode-4/data/ratis/a444e918-1ae9-45e4-81ae-b73fdbdfb3b6 does not exist. Creating ...
2019-09-25 07:31:34,816 [pool-67-thread-1] INFO  storage.RaftStorageDirectory (RaftStorageDirectory.java:tryLock(328)) - Lock on /workdir/hadoop-ozone/tools/target/test-dir/MiniOzoneClusterImpl-434b9272-080e-4e11-a356-5e83993913c2/datanode-4/data/ratis/a444e918-1ae9-45e4-81ae-b73fdbdfb3b6/in_use.lock acquired by nodename 23282@pr-hdds-1569-x2sr2-3486766547
2019-09-25 07:31:34,839 [pool-67-thread-1] INFO  storage.RaftStorage (RaftStorage.java:format(72)) - Storage directory /workdir/hadoop-ozone/tools/target/test-dir/MiniOzoneClusterImpl-434b9272-080e-4e11-a356-5e83993913c2/datanode-4/data/ratis/a444e918-1ae9-45e4-81ae-b73fdbdfb3b6 has been successfully formatted.
2019-09-25 07:31:34,839 [pool-67-thread-1] INFO  ratis.ContainerStateMachine (ContainerStateMachine.java:loadSnapshot(230)) - group-B73FDBDFB3B6: The snapshot info is null. Setting the last applied indexto:(t:0, i:~)
2019-09-25 07:31:34,840 [pool-67-thread-1] INFO  server.RaftServerConfigKeys (ConfUtils.java:logGet(43)) - raft.server.notification.no-leader.timeout = 120s (custom)
2019-09-25 07:31:34,840 [pool-67-thread-1] INFO  server.RaftServerConfigKeys (ConfUtils.java:logGet(43)) - raft.server.log.use.memory = false (default)
2019-09-25 07:31:34,840 [pool-67-thread-1] INFO  server.RaftServerConfigKeys (ConfUtils.java:logGet(43)) - raft.server.log.purge.gap = 1000000 (custom)
2019-09-25 07:31:34,840 [pool-67-thread-1] INFO  server.RaftServerConfigKeys (ConfUtils.java:logGet(43)) - raft.server.log.appender.buffer.byte-limit = 33554432 (custom)
2019-09-25 07:31:34,840 [pool-67-thread-1] INFO  server.RaftServerConfigKeys (ConfUtils.java:logGet(43)) - raft.server.log.segment.size.max = 1048576 (custom)
2019-09-25 07:31:34,840 [pool-67-thread-1] INFO  server.RaftServerConfigKeys (ConfUtils.java:logGet(43)) - raft.server.log.segment.cache.num.max = 2 (custom)
2019-09-25 07:31:34,841 [pool-67-thread-1] INFO  segmented.SegmentedRaftLogWorker (SegmentedRaftLogWorker.java:<init>(172)) - new e7ade9c5-d3a7-47b4-b6a9-a4357aa48a0f@group-B73FDBDFB3B6-SegmentedRaftLogWorker for RaftStorage:Storage Directory /workdir/hadoop-ozone/tools/target/test-dir/MiniOzoneClusterImpl-434b9272-080e-4e11-a356-5e83993913c2/datanode-4/data/ratis/a444e918-1ae9-45e4-81ae-b73fdbdfb3b6
2019-09-25 07:31:34,841 [pool-67-thread-1] INFO  server.RaftServerConfigKeys (ConfUtils.java:logGet(43)) - raft.server.log.queue.byte-limit = 2147483647 (custom)
2019-09-25 07:31:34,841 [pool-67-thread-1] INFO  server.RaftServerConfigKeys (ConfUtils.java:logGet(43)) - raft.server.log.queue.element-limit = 1024 (custom)
2019-09-25 07:31:34,841 [pool-67-thread-1] INFO  server.RaftServerConfigKeys (ConfUtils.java:logGet(43)) - raft.server.log.segment.size.max = 1048576 (custom)
2019-09-25 07:31:34,841 [pool-67-thread-1] INFO  server.RaftServerConfigKeys (ConfUtils.java:logGet(43)) - raft.server.log.preallocated.size = 16384 (custom)
2019-09-25 07:31:34,842 [pool-67-thread-1] INFO  server.RaftServerConfigKeys (ConfUtils.java:logGet(43)) - raft.server.log.write.buffer.size = 33554432 (custom)
2019-09-25 07:31:34,842 [pool-67-thread-1] INFO  server.RaftServerConfigKeys (ConfUtils.java:logGet(43)) - raft.server.log.force.sync.num = 128 (default)
2019-09-25 07:31:34,842 [pool-67-thread-1] INFO  server.RaftServerConfigKeys (ConfUtils.java:logGet(43)) - raft.server.log.statemachine.data.sync = true (default)
2019-09-25 07:31:34,842 [pool-67-thread-1] INFO  server.RaftServerConfigKeys (ConfUtils.java:logGet(43)) - raft.server.log.statemachine.data.sync.timeout = 10s (default)
2019-09-25 07:31:34,842 [pool-67-thread-1] INFO  server.RaftServerConfigKeys (ConfUtils.java:logGet(43)) - raft.server.log.statemachine.data.sync.timeout.retry = -1 (default)
2019-09-25 07:31:34,843 [pool-67-thread-1] INFO  server.RaftServerConfigKeys (ConfUtils.java:logGet(43)) - raft.server.log.statemachine.data.caching.enabled = true (custom)
2019-09-25 07:31:34,843 [pool-67-thread-1] INFO  segmented.SegmentedRaftLogWorker (SegmentedRaftLogWorker.java:lambda$new$0(132)) - e7ade9c5-d3a7-47b4-b6a9-a4357aa48a0f@group-B73FDBDFB3B6-SegmentedRaftLogWorker: flushIndex: setUnconditionally 0 -> -1
2019-09-25 07:31:34,843 [pool-67-thread-1] INFO  server.RaftServerConfigKeys (ConfUtils.java:logGet(43)) - raft.server.snapshot.auto.trigger.enabled = true (custom)
2019-09-25 07:31:34,844 [pool-67-thread-1] INFO  server.RaftServerConfigKeys (ConfUtils.java:logGet(43)) - raft.server.snapshot.auto.trigger.threshold = 10000 (custom)
2019-09-25 07:31:34,844 [pool-67-thread-1] INFO  server.RaftServerConfigKeys (ConfUtils.java:logGet(43)) - raft.server.snapshot.retention.num.files = 5 (custom)
2019-09-25 07:31:34,844 [pool-67-thread-1] INFO  server.RaftServerConfigKeys (ConfUtils.java:logGet(43)) - raft.server.retrycache.expirytime = 600000ms (custom)
2019-09-25 07:31:34,847 [pool-67-thread-1] INFO  impl.RaftServerImpl (RaftServerImpl.java:start(185)) - e7ade9c5-d3a7-47b4-b6a9-a4357aa48a0f@group-B73FDBDFB3B6: start as a follower, conf=-1: [e7ade9c5-d3a7-47b4-b6a9-a4357aa48a0f:192.168.151.106:33258], old=null
2019-09-25 07:31:34,847 [pool-67-thread-1] INFO  impl.RaftServerImpl (RaftServerImpl.java:setRole(174)) - e7ade9c5-d3a7-47b4-b6a9-a4357aa48a0f@group-B73FDBDFB3B6: changes role from      null to FOLLOWER at term 0 for startAsFollower
2019-09-25 07:31:34,847 [pool-67-thread-1] INFO  impl.RoleInfo (RoleInfo.java:updateAndGet(143)) - e7ade9c5-d3a7-47b4-b6a9-a4357aa48a0f: start FollowerState
2019-09-25 07:31:34,848 [pool-67-thread-1] INFO  util.JmxRegister (JmxRegister.java:tryRegister(44)) - Successfully registered JMX Bean with object name Ratis:service=RaftServer,group=group-B73FDBDFB3B6,id=e7ade9c5-d3a7-47b4-b6a9-a4357aa48a0f
2019-09-25 07:31:34,853 [RatisPipelineUtilsThread] INFO  pipeline.PipelineStateManager (PipelineStateManager.java:addPipeline(56)) - Created pipeline Pipeline[ Id: a444e918-1ae9-45e4-81ae-b73fdbdfb3b6, Nodes: e7ade9c5-d3a7-47b4-b6a9-a4357aa48a0f{ip: 192.168.151.106, host: pr-hdds-1569-x2sr2-3486766547, networkLocation: /default-rack, certSerialId: null}, Type:RATIS, Factor:ONE, State:OPEN]
2019-09-25 07:31:34,854 [RatisPipelineUtilsThread] INFO  pipeline.PipelinePlacementPolicy (PipelinePlacementPolicy.java:meetCriteria(91)) - Pipeline Placement: can't place more pipeline on heavy datanode： 36329df2-da72-43d3-aa3d-421de83d9abb Heaviness: 6 limit: 5
2019-09-25 07:31:34,854 [RatisPipelineUtilsThread] INFO  pipeline.PipelinePlacementPolicy (PipelinePlacementPolicy.java:meetCriteria(91)) - Pipeline Placement: can't place more pipeline on heavy datanode： 9cf3df6f-e379-4380-a767-50b9da7a5708 Heaviness: 6 limit: 5
2019-09-25 07:31:34,854 [RatisPipelineUtilsThread] INFO  pipeline.PipelinePlacementPolicy (PipelinePlacementPolicy.java:meetCriteria(91)) - Pipeline Placement: can't place more pipeline on heavy datanode： e7ade9c5-d3a7-47b4-b6a9-a4357aa48a0f Heaviness: 6 limit: 5
2019-09-25 07:31:34,865 [grpc-default-executor-0] INFO  impl.RaftServerProxy (RaftServerProxy.java:addNew(89)) - d48b337c-c375-45aa-b643-d5a6070b4eed: addNew group-96FD450CE06E:[d48b337c-c375-45aa-b643-d5a6070b4eed:192.168.151.106:46356] returns group-96FD450CE06E:java.util.concurrent.CompletableFuture@43b13e06[Not completed]
2019-09-25 07:31:34,866 [pool-57-thread-1] INFO  impl.RaftServerImpl (RaftServerImpl.java:<init>(95)) - d48b337c-c375-45aa-b643-d5a6070b4eed: new RaftServerImpl for group-96FD450CE06E:[d48b337c-c375-45aa-b643-d5a6070b4eed:192.168.151.106:46356] with ContainerStateMachine:uninitialized
2019-09-25 07:31:34,866 [pool-57-thread-1] INFO  server.RaftServerConfigKeys (ConfUtils.java:logGet(43)) - raft.server.rpc.timeout.min = 5s (custom)
2019-09-25 07:31:34,867 [pool-57-thread-1] INFO  server.RaftServerConfigKeys (ConfUtils.java:logGet(43)) - raft.server.rpc.timeout.max = 5200ms (custom)
2019-09-25 07:31:34,867 [pool-57-thread-1] INFO  server.RaftServerConfigKeys (ConfUtils.java:logGet(43)) - raft.server.rpcslowness.timeout = 120s (custom)
2019-09-25 07:31:34,867 [pool-57-thread-1] INFO  server.RaftServerConfigKeys (ConfUtils.java:logGet(43)) - raft.server.sleep.deviation.threshold = 300 (default)
2019-09-25 07:31:34,867 [pool-57-thread-1] INFO  server.RaftServerConfigKeys (ConfUtils.java:logGet(43)) - raft.server.log.appender.install.snapshot.enabled = false (custom)
2019-09-25 07:31:34,867 [pool-57-thread-1] INFO  impl.RaftServerImpl (ServerState.java:<init>(103)) - d48b337c-c375-45aa-b643-d5a6070b4eed@group-96FD450CE06E: ConfigurationManager, init=-1: [d48b337c-c375-45aa-b643-d5a6070b4eed:192.168.151.106:46356], old=null, confs=<EMPTY_MAP>
2019-09-25 07:31:34,868 [pool-57-thread-1] INFO  server.RaftServerConfigKeys (ConfUtils.java:logGet(43)) - raft.server.storage.dir = [/workdir/hadoop-ozone/tools/target/test-dir/MiniOzoneClusterImpl-434b9272-080e-4e11-a356-5e83993913c2/datanode-3/data/ratis] (custom)
2019-09-25 07:31:34,868 [pool-57-thread-1] INFO  storage.RaftStorageDirectory (RaftStorageDirectory.java:analyzeStorage(246)) - The storage directory /workdir/hadoop-ozone/tools/target/test-dir/MiniOzoneClusterImpl-434b9272-080e-4e11-a356-5e83993913c2/datanode-3/data/ratis/d32bbb3d-a6c7-43e3-b0f2-96fd450ce06e does not exist. Creating ...
2019-09-25 07:31:34,891 [pool-57-thread-1] INFO  storage.RaftStorageDirectory (RaftStorageDirectory.java:tryLock(328)) - Lock on /workdir/hadoop-ozone/tools/target/test-dir/MiniOzoneClusterImpl-434b9272-080e-4e11-a356-5e83993913c2/datanode-3/data/ratis/d32bbb3d-a6c7-43e3-b0f2-96fd450ce06e/in_use.lock acquired by nodename 23282@pr-hdds-1569-x2sr2-3486766547
2019-09-25 07:31:34,914 [pool-57-thread-1] INFO  storage.RaftStorage (RaftStorage.java:format(72)) - Storage directory /workdir/hadoop-ozone/tools/target/test-dir/MiniOzoneClusterImpl-434b9272-080e-4e11-a356-5e83993913c2/datanode-3/data/ratis/d32bbb3d-a6c7-43e3-b0f2-96fd450ce06e has been successfully formatted.
2019-09-25 07:31:34,915 [pool-57-thread-1] INFO  ratis.ContainerStateMachine (ContainerStateMachine.java:loadSnapshot(230)) - group-96FD450CE06E: The snapshot info is null. Setting the last applied indexto:(t:0, i:~)
2019-09-25 07:31:34,915 [pool-57-thread-1] INFO  server.RaftServerConfigKeys (ConfUtils.java:logGet(43)) - raft.server.notification.no-leader.timeout = 120s (custom)
2019-09-25 07:31:34,915 [pool-57-thread-1] INFO  server.RaftServerConfigKeys (ConfUtils.java:logGet(43)) - raft.server.log.use.memory = false (default)
2019-09-25 07:31:34,915 [pool-57-thread-1] INFO  server.RaftServerConfigKeys (ConfUtils.java:logGet(43)) - raft.server.log.purge.gap = 1000000 (custom)
2019-09-25 07:31:34,915 [pool-57-thread-1] INFO  server.RaftServerConfigKeys (ConfUtils.java:logGet(43)) - raft.server.log.appender.buffer.byte-limit = 33554432 (custom)
2019-09-25 07:31:34,916 [pool-57-thread-1] INFO  server.RaftServerConfigKeys (ConfUtils.java:logGet(43)) - raft.server.log.segment.size.max = 1048576 (custom)
2019-09-25 07:31:34,916 [pool-57-thread-1] INFO  server.RaftServerConfigKeys (ConfUtils.java:logGet(43)) - raft.server.log.segment.cache.num.max = 2 (custom)
2019-09-25 07:31:34,916 [pool-57-thread-1] INFO  segmented.SegmentedRaftLogWorker (SegmentedRaftLogWorker.java:<init>(172)) - new d48b337c-c375-45aa-b643-d5a6070b4eed@group-96FD450CE06E-SegmentedRaftLogWorker for RaftStorage:Storage Directory /workdir/hadoop-ozone/tools/target/test-dir/MiniOzoneClusterImpl-434b9272-080e-4e11-a356-5e83993913c2/datanode-3/data/ratis/d32bbb3d-a6c7-43e3-b0f2-96fd450ce06e
2019-09-25 07:31:34,916 [pool-57-thread-1] INFO  server.RaftServerConfigKeys (ConfUtils.java:logGet(43)) - raft.server.log.queue.byte-limit = 2147483647 (custom)
2019-09-25 07:31:34,916 [pool-57-thread-1] INFO  server.RaftServerConfigKeys (ConfUtils.java:logGet(43)) - raft.server.log.queue.element-limit = 1024 (custom)
2019-09-25 07:31:34,917 [pool-57-thread-1] INFO  server.RaftServerConfigKeys (ConfUtils.java:logGet(43)) - raft.server.log.segment.size.max = 1048576 (custom)
2019-09-25 07:31:34,917 [pool-57-thread-1] INFO  server.RaftServerConfigKeys (ConfUtils.java:logGet(43)) - raft.server.log.preallocated.size = 16384 (custom)
2019-09-25 07:31:34,917 [pool-57-thread-1] INFO  server.RaftServerConfigKeys (ConfUtils.java:logGet(43)) - raft.server.log.write.buffer.size = 33554432 (custom)
2019-09-25 07:31:34,917 [pool-57-thread-1] INFO  server.RaftServerConfigKeys (ConfUtils.java:logGet(43)) - raft.server.log.force.sync.num = 128 (default)
2019-09-25 07:31:34,917 [pool-57-thread-1] INFO  server.RaftServerConfigKeys (ConfUtils.java:logGet(43)) - raft.server.log.statemachine.data.sync = true (default)
2019-09-25 07:31:34,917 [pool-57-thread-1] INFO  server.RaftServerConfigKeys (ConfUtils.java:logGet(43)) - raft.server.log.statemachine.data.sync.timeout = 10s (default)
2019-09-25 07:31:34,918 [pool-57-thread-1] INFO  server.RaftServerConfigKeys (ConfUtils.java:logGet(43)) - raft.server.log.statemachine.data.sync.timeout.retry = -1 (default)
2019-09-25 07:31:34,918 [pool-57-thread-1] INFO  server.RaftServerConfigKeys (ConfUtils.java:logGet(43)) - raft.server.log.statemachine.data.caching.enabled = true (custom)
2019-09-25 07:31:34,918 [pool-57-thread-1] INFO  segmented.SegmentedRaftLogWorker (SegmentedRaftLogWorker.java:lambda$new$0(132)) - d48b337c-c375-45aa-b643-d5a6070b4eed@group-96FD450CE06E-SegmentedRaftLogWorker: flushIndex: setUnconditionally 0 -> -1
2019-09-25 07:31:34,919 [pool-57-thread-1] INFO  server.RaftServerConfigKeys (ConfUtils.java:logGet(43)) - raft.server.snapshot.auto.trigger.enabled = true (custom)
2019-09-25 07:31:34,919 [pool-57-thread-1] INFO  server.RaftServerConfigKeys (ConfUtils.java:logGet(43)) - raft.server.snapshot.auto.trigger.threshold = 10000 (custom)
2019-09-25 07:31:34,919 [pool-57-thread-1] INFO  server.RaftServerConfigKeys (ConfUtils.java:logGet(43)) - raft.server.snapshot.retention.num.files = 5 (custom)
2019-09-25 07:31:34,919 [pool-57-thread-1] INFO  server.RaftServerConfigKeys (ConfUtils.java:logGet(43)) - raft.server.retrycache.expirytime = 600000ms (custom)
2019-09-25 07:31:34,922 [pool-57-thread-1] INFO  impl.RaftServerImpl (RaftServerImpl.java:start(185)) - d48b337c-c375-45aa-b643-d5a6070b4eed@group-96FD450CE06E: start as a follower, conf=-1: [d48b337c-c375-45aa-b643-d5a6070b4eed:192.168.151.106:46356], old=null
2019-09-25 07:31:34,922 [pool-57-thread-1] INFO  impl.RaftServerImpl (RaftServerImpl.java:setRole(174)) - d48b337c-c375-45aa-b643-d5a6070b4eed@group-96FD450CE06E: changes role from      null to FOLLOWER at term 0 for startAsFollower
2019-09-25 07:31:34,922 [pool-57-thread-1] INFO  impl.RoleInfo (RoleInfo.java:updateAndGet(143)) - d48b337c-c375-45aa-b643-d5a6070b4eed: start FollowerState
2019-09-25 07:31:34,923 [pool-57-thread-1] INFO  util.JmxRegister (JmxRegister.java:tryRegister(44)) - Successfully registered JMX Bean with object name Ratis:service=RaftServer,group=group-96FD450CE06E,id=d48b337c-c375-45aa-b643-d5a6070b4eed
2019-09-25 07:31:34,928 [RatisPipelineUtilsThread] INFO  pipeline.PipelineStateManager (PipelineStateManager.java:addPipeline(56)) - Created pipeline Pipeline[ Id: d32bbb3d-a6c7-43e3-b0f2-96fd450ce06e, Nodes: d48b337c-c375-45aa-b643-d5a6070b4eed{ip: 192.168.151.106, host: pr-hdds-1569-x2sr2-3486766547, networkLocation: /default-rack, certSerialId: null}, Type:RATIS, Factor:ONE, State:OPEN]
2019-09-25 07:31:34,929 [RatisPipelineUtilsThread] INFO  pipeline.PipelinePlacementPolicy (PipelinePlacementPolicy.java:meetCriteria(91)) - Pipeline Placement: can't place more pipeline on heavy datanode： 36329df2-da72-43d3-aa3d-421de83d9abb Heaviness: 6 limit: 5
2019-09-25 07:31:34,929 [RatisPipelineUtilsThread] INFO  pipeline.PipelinePlacementPolicy (PipelinePlacementPolicy.java:meetCriteria(91)) - Pipeline Placement: can't place more pipeline on heavy datanode： 9cf3df6f-e379-4380-a767-50b9da7a5708 Heaviness: 6 limit: 5
2019-09-25 07:31:34,929 [RatisPipelineUtilsThread] INFO  pipeline.PipelinePlacementPolicy (PipelinePlacementPolicy.java:meetCriteria(91)) - Pipeline Placement: can't place more pipeline on heavy datanode： e7ade9c5-d3a7-47b4-b6a9-a4357aa48a0f Heaviness: 6 limit: 5
2019-09-25 07:31:34,940 [grpc-default-executor-0] INFO  impl.RaftServerProxy (RaftServerProxy.java:addNew(89)) - d48b337c-c375-45aa-b643-d5a6070b4eed: addNew group-42BF469A35CE:[d48b337c-c375-45aa-b643-d5a6070b4eed:192.168.151.106:46356] returns group-42BF469A35CE:java.util.concurrent.CompletableFuture@47c46c57[Not completed]
2019-09-25 07:31:34,941 [pool-57-thread-1] INFO  impl.RaftServerImpl (RaftServerImpl.java:<init>(95)) - d48b337c-c375-45aa-b643-d5a6070b4eed: new RaftServerImpl for group-42BF469A35CE:[d48b337c-c375-45aa-b643-d5a6070b4eed:192.168.151.106:46356] with ContainerStateMachine:uninitialized
2019-09-25 07:31:34,941 [pool-57-thread-1] INFO  server.RaftServerConfigKeys (ConfUtils.java:logGet(43)) - raft.server.rpc.timeout.min = 5s (custom)
2019-09-25 07:31:34,941 [pool-57-thread-1] INFO  server.RaftServerConfigKeys (ConfUtils.java:logGet(43)) - raft.server.rpc.timeout.max = 5200ms (custom)
2019-09-25 07:31:34,941 [pool-57-thread-1] INFO  server.RaftServerConfigKeys (ConfUtils.java:logGet(43)) - raft.server.rpcslowness.timeout = 120s (custom)
2019-09-25 07:31:34,941 [pool-57-thread-1] INFO  server.RaftServerConfigKeys (ConfUtils.java:logGet(43)) - raft.server.sleep.deviation.threshold = 300 (default)
2019-09-25 07:31:34,942 [pool-57-thread-1] INFO  server.RaftServerConfigKeys (ConfUtils.java:logGet(43)) - raft.server.log.appender.install.snapshot.enabled = false (custom)
2019-09-25 07:31:34,942 [pool-57-thread-1] INFO  impl.RaftServerImpl (ServerState.java:<init>(103)) - d48b337c-c375-45aa-b643-d5a6070b4eed@group-42BF469A35CE: ConfigurationManager, init=-1: [d48b337c-c375-45aa-b643-d5a6070b4eed:192.168.151.106:46356], old=null, confs=<EMPTY_MAP>
2019-09-25 07:31:34,942 [pool-57-thread-1] INFO  server.RaftServerConfigKeys (ConfUtils.java:logGet(43)) - raft.server.storage.dir = [/workdir/hadoop-ozone/tools/target/test-dir/MiniOzoneClusterImpl-434b9272-080e-4e11-a356-5e83993913c2/datanode-3/data/ratis] (custom)
2019-09-25 07:31:34,942 [pool-57-thread-1] INFO  storage.RaftStorageDirectory (RaftStorageDirectory.java:analyzeStorage(246)) - The storage directory /workdir/hadoop-ozone/tools/target/test-dir/MiniOzoneClusterImpl-434b9272-080e-4e11-a356-5e83993913c2/datanode-3/data/ratis/425bca82-b35a-4d6f-95ba-42bf469a35ce does not exist. Creating ...
2019-09-25 07:31:34,965 [pool-57-thread-1] INFO  storage.RaftStorageDirectory (RaftStorageDirectory.java:tryLock(328)) - Lock on /workdir/hadoop-ozone/tools/target/test-dir/MiniOzoneClusterImpl-434b9272-080e-4e11-a356-5e83993913c2/datanode-3/data/ratis/425bca82-b35a-4d6f-95ba-42bf469a35ce/in_use.lock acquired by nodename 23282@pr-hdds-1569-x2sr2-3486766547
2019-09-25 07:31:34,990 [pool-57-thread-1] INFO  storage.RaftStorage (RaftStorage.java:format(72)) - Storage directory /workdir/hadoop-ozone/tools/target/test-dir/MiniOzoneClusterImpl-434b9272-080e-4e11-a356-5e83993913c2/datanode-3/data/ratis/425bca82-b35a-4d6f-95ba-42bf469a35ce has been successfully formatted.
2019-09-25 07:31:34,991 [pool-57-thread-1] INFO  ratis.ContainerStateMachine (ContainerStateMachine.java:loadSnapshot(230)) - group-42BF469A35CE: The snapshot info is null. Setting the last applied indexto:(t:0, i:~)
2019-09-25 07:31:34,991 [pool-57-thread-1] INFO  server.RaftServerConfigKeys (ConfUtils.java:logGet(43)) - raft.server.notification.no-leader.timeout = 120s (custom)
2019-09-25 07:31:34,991 [pool-57-thread-1] INFO  server.RaftServerConfigKeys (ConfUtils.java:logGet(43)) - raft.server.log.use.memory = false (default)
2019-09-25 07:31:34,991 [pool-57-thread-1] INFO  server.RaftServerConfigKeys (ConfUtils.java:logGet(43)) - raft.server.log.purge.gap = 1000000 (custom)
2019-09-25 07:31:34,991 [pool-57-thread-1] INFO  server.RaftServerConfigKeys (ConfUtils.java:logGet(43)) - raft.server.log.appender.buffer.byte-limit = 33554432 (custom)
2019-09-25 07:31:34,992 [pool-57-thread-1] INFO  server.RaftServerConfigKeys (ConfUtils.java:logGet(43)) - raft.server.log.segment.size.max = 1048576 (custom)
2019-09-25 07:31:34,992 [pool-57-thread-1] INFO  server.RaftServerConfigKeys (ConfUtils.java:logGet(43)) - raft.server.log.segment.cache.num.max = 2 (custom)
2019-09-25 07:31:34,992 [pool-57-thread-1] INFO  segmented.SegmentedRaftLogWorker (SegmentedRaftLogWorker.java:<init>(172)) - new d48b337c-c375-45aa-b643-d5a6070b4eed@group-42BF469A35CE-SegmentedRaftLogWorker for RaftStorage:Storage Directory /workdir/hadoop-ozone/tools/target/test-dir/MiniOzoneClusterImpl-434b9272-080e-4e11-a356-5e83993913c2/datanode-3/data/ratis/425bca82-b35a-4d6f-95ba-42bf469a35ce
2019-09-25 07:31:34,992 [pool-57-thread-1] INFO  server.RaftServerConfigKeys (ConfUtils.java:logGet(43)) - raft.server.log.queue.byte-limit = 2147483647 (custom)
2019-09-25 07:31:34,992 [pool-57-thread-1] INFO  server.RaftServerConfigKeys (ConfUtils.java:logGet(43)) - raft.server.log.queue.element-limit = 1024 (custom)
2019-09-25 07:31:34,992 [pool-57-thread-1] INFO  server.RaftServerConfigKeys (ConfUtils.java:logGet(43)) - raft.server.log.segment.size.max = 1048576 (custom)
2019-09-25 07:31:34,993 [pool-57-thread-1] INFO  server.RaftServerConfigKeys (ConfUtils.java:logGet(43)) - raft.server.log.preallocated.size = 16384 (custom)
2019-09-25 07:31:34,993 [pool-57-thread-1] INFO  server.RaftServerConfigKeys (ConfUtils.java:logGet(43)) - raft.server.log.write.buffer.size = 33554432 (custom)
2019-09-25 07:31:34,993 [pool-57-thread-1] INFO  server.RaftServerConfigKeys (ConfUtils.java:logGet(43)) - raft.server.log.force.sync.num = 128 (default)
2019-09-25 07:31:34,993 [pool-57-thread-1] INFO  server.RaftServerConfigKeys (ConfUtils.java:logGet(43)) - raft.server.log.statemachine.data.sync = true (default)
2019-09-25 07:31:34,993 [pool-57-thread-1] INFO  server.RaftServerConfigKeys (ConfUtils.java:logGet(43)) - raft.server.log.statemachine.data.sync.timeout = 10s (default)
2019-09-25 07:31:34,993 [pool-57-thread-1] INFO  server.RaftServerConfigKeys (ConfUtils.java:logGet(43)) - raft.server.log.statemachine.data.sync.timeout.retry = -1 (default)
2019-09-25 07:31:34,994 [pool-57-thread-1] INFO  server.RaftServerConfigKeys (ConfUtils.java:logGet(43)) - raft.server.log.statemachine.data.caching.enabled = true (custom)
2019-09-25 07:31:34,994 [pool-57-thread-1] INFO  segmented.SegmentedRaftLogWorker (SegmentedRaftLogWorker.java:lambda$new$0(132)) - d48b337c-c375-45aa-b643-d5a6070b4eed@group-42BF469A35CE-SegmentedRaftLogWorker: flushIndex: setUnconditionally 0 -> -1
2019-09-25 07:31:34,994 [pool-57-thread-1] INFO  server.RaftServerConfigKeys (ConfUtils.java:logGet(43)) - raft.server.snapshot.auto.trigger.enabled = true (custom)
2019-09-25 07:31:34,994 [pool-57-thread-1] INFO  server.RaftServerConfigKeys (ConfUtils.java:logGet(43)) - raft.server.snapshot.auto.trigger.threshold = 10000 (custom)
2019-09-25 07:31:34,995 [pool-57-thread-1] INFO  server.RaftServerConfigKeys (ConfUtils.java:logGet(43)) - raft.server.snapshot.retention.num.files = 5 (custom)
2019-09-25 07:31:34,995 [pool-57-thread-1] INFO  server.RaftServerConfigKeys (ConfUtils.java:logGet(43)) - raft.server.retrycache.expirytime = 600000ms (custom)
2019-09-25 07:31:34,997 [pool-57-thread-1] INFO  impl.RaftServerImpl (RaftServerImpl.java:start(185)) - d48b337c-c375-45aa-b643-d5a6070b4eed@group-42BF469A35CE: start as a follower, conf=-1: [d48b337c-c375-45aa-b643-d5a6070b4eed:192.168.151.106:46356], old=null
2019-09-25 07:31:34,997 [pool-57-thread-1] INFO  impl.RaftServerImpl (RaftServerImpl.java:setRole(174)) - d48b337c-c375-45aa-b643-d5a6070b4eed@group-42BF469A35CE: changes role from      null to FOLLOWER at term 0 for startAsFollower
2019-09-25 07:31:34,998 [pool-57-thread-1] INFO  impl.RoleInfo (RoleInfo.java:updateAndGet(143)) - d48b337c-c375-45aa-b643-d5a6070b4eed: start FollowerState
2019-09-25 07:31:34,998 [pool-57-thread-1] INFO  util.JmxRegister (JmxRegister.java:tryRegister(44)) - Successfully registered JMX Bean with object name Ratis:service=RaftServer,group=group-42BF469A35CE,id=d48b337c-c375-45aa-b643-d5a6070b4eed
2019-09-25 07:31:35,004 [RatisPipelineUtilsThread] INFO  pipeline.PipelineStateManager (PipelineStateManager.java:addPipeline(56)) - Created pipeline Pipeline[ Id: 425bca82-b35a-4d6f-95ba-42bf469a35ce, Nodes: d48b337c-c375-45aa-b643-d5a6070b4eed{ip: 192.168.151.106, host: pr-hdds-1569-x2sr2-3486766547, networkLocation: /default-rack, certSerialId: null}, Type:RATIS, Factor:ONE, State:OPEN]
2019-09-25 07:31:35,004 [RatisPipelineUtilsThread] INFO  pipeline.PipelinePlacementPolicy (PipelinePlacementPolicy.java:meetCriteria(91)) - Pipeline Placement: can't place more pipeline on heavy datanode： 36329df2-da72-43d3-aa3d-421de83d9abb Heaviness: 6 limit: 5
2019-09-25 07:31:35,004 [RatisPipelineUtilsThread] INFO  pipeline.PipelinePlacementPolicy (PipelinePlacementPolicy.java:meetCriteria(91)) - Pipeline Placement: can't place more pipeline on heavy datanode： 9cf3df6f-e379-4380-a767-50b9da7a5708 Heaviness: 6 limit: 5
2019-09-25 07:31:35,005 [RatisPipelineUtilsThread] INFO  pipeline.PipelinePlacementPolicy (PipelinePlacementPolicy.java:meetCriteria(91)) - Pipeline Placement: can't place more pipeline on heavy datanode： e7ade9c5-d3a7-47b4-b6a9-a4357aa48a0f Heaviness: 6 limit: 5
2019-09-25 07:31:35,015 [grpc-default-executor-0] INFO  impl.RaftServerProxy (RaftServerProxy.java:addNew(89)) - d48b337c-c375-45aa-b643-d5a6070b4eed: addNew group-1F060B263860:[d48b337c-c375-45aa-b643-d5a6070b4eed:192.168.151.106:46356] returns group-1F060B263860:java.util.concurrent.CompletableFuture@172aec90[Not completed]
2019-09-25 07:31:35,016 [pool-57-thread-1] INFO  impl.RaftServerImpl (RaftServerImpl.java:<init>(95)) - d48b337c-c375-45aa-b643-d5a6070b4eed: new RaftServerImpl for group-1F060B263860:[d48b337c-c375-45aa-b643-d5a6070b4eed:192.168.151.106:46356] with ContainerStateMachine:uninitialized
2019-09-25 07:31:35,016 [pool-57-thread-1] INFO  server.RaftServerConfigKeys (ConfUtils.java:logGet(43)) - raft.server.rpc.timeout.min = 5s (custom)
2019-09-25 07:31:35,016 [pool-57-thread-1] INFO  server.RaftServerConfigKeys (ConfUtils.java:logGet(43)) - raft.server.rpc.timeout.max = 5200ms (custom)
2019-09-25 07:31:35,016 [pool-57-thread-1] INFO  server.RaftServerConfigKeys (ConfUtils.java:logGet(43)) - raft.server.rpcslowness.timeout = 120s (custom)
2019-09-25 07:31:35,016 [pool-57-thread-1] INFO  server.RaftServerConfigKeys (ConfUtils.java:logGet(43)) - raft.server.sleep.deviation.threshold = 300 (default)
2019-09-25 07:31:35,017 [pool-57-thread-1] INFO  server.RaftServerConfigKeys (ConfUtils.java:logGet(43)) - raft.server.log.appender.install.snapshot.enabled = false (custom)
2019-09-25 07:31:35,017 [pool-57-thread-1] INFO  impl.RaftServerImpl (ServerState.java:<init>(103)) - d48b337c-c375-45aa-b643-d5a6070b4eed@group-1F060B263860: ConfigurationManager, init=-1: [d48b337c-c375-45aa-b643-d5a6070b4eed:192.168.151.106:46356], old=null, confs=<EMPTY_MAP>
2019-09-25 07:31:35,017 [pool-57-thread-1] INFO  server.RaftServerConfigKeys (ConfUtils.java:logGet(43)) - raft.server.storage.dir = [/workdir/hadoop-ozone/tools/target/test-dir/MiniOzoneClusterImpl-434b9272-080e-4e11-a356-5e83993913c2/datanode-3/data/ratis] (custom)
2019-09-25 07:31:35,017 [pool-57-thread-1] INFO  storage.RaftStorageDirectory (RaftStorageDirectory.java:analyzeStorage(246)) - The storage directory /workdir/hadoop-ozone/tools/target/test-dir/MiniOzoneClusterImpl-434b9272-080e-4e11-a356-5e83993913c2/datanode-3/data/ratis/54955eb2-3aaf-4767-a419-1f060b263860 does not exist. Creating ...
2019-09-25 07:31:35,049 [pool-57-thread-1] INFO  storage.RaftStorageDirectory (RaftStorageDirectory.java:tryLock(328)) - Lock on /workdir/hadoop-ozone/tools/target/test-dir/MiniOzoneClusterImpl-434b9272-080e-4e11-a356-5e83993913c2/datanode-3/data/ratis/54955eb2-3aaf-4767-a419-1f060b263860/in_use.lock acquired by nodename 23282@pr-hdds-1569-x2sr2-3486766547
2019-09-25 07:31:35,075 [pool-57-thread-1] INFO  storage.RaftStorage (RaftStorage.java:format(72)) - Storage directory /workdir/hadoop-ozone/tools/target/test-dir/MiniOzoneClusterImpl-434b9272-080e-4e11-a356-5e83993913c2/datanode-3/data/ratis/54955eb2-3aaf-4767-a419-1f060b263860 has been successfully formatted.
2019-09-25 07:31:35,075 [pool-57-thread-1] INFO  ratis.ContainerStateMachine (ContainerStateMachine.java:loadSnapshot(230)) - group-1F060B263860: The snapshot info is null. Setting the last applied indexto:(t:0, i:~)
2019-09-25 07:31:35,075 [pool-57-thread-1] INFO  server.RaftServerConfigKeys (ConfUtils.java:logGet(43)) - raft.server.notification.no-leader.timeout = 120s (custom)
2019-09-25 07:31:35,075 [pool-57-thread-1] INFO  server.RaftServerConfigKeys (ConfUtils.java:logGet(43)) - raft.server.log.use.memory = false (default)
2019-09-25 07:31:35,075 [pool-57-thread-1] INFO  server.RaftServerConfigKeys (ConfUtils.java:logGet(43)) - raft.server.log.purge.gap = 1000000 (custom)
2019-09-25 07:31:35,076 [pool-57-thread-1] INFO  server.RaftServerConfigKeys (ConfUtils.java:logGet(43)) - raft.server.log.appender.buffer.byte-limit = 33554432 (custom)
2019-09-25 07:31:35,076 [pool-57-thread-1] INFO  server.RaftServerConfigKeys (ConfUtils.java:logGet(43)) - raft.server.log.segment.size.max = 1048576 (custom)
2019-09-25 07:31:35,076 [pool-57-thread-1] INFO  server.RaftServerConfigKeys (ConfUtils.java:logGet(43)) - raft.server.log.segment.cache.num.max = 2 (custom)
2019-09-25 07:31:35,076 [pool-57-thread-1] INFO  segmented.SegmentedRaftLogWorker (SegmentedRaftLogWorker.java:<init>(172)) - new d48b337c-c375-45aa-b643-d5a6070b4eed@group-1F060B263860-SegmentedRaftLogWorker for RaftStorage:Storage Directory /workdir/hadoop-ozone/tools/target/test-dir/MiniOzoneClusterImpl-434b9272-080e-4e11-a356-5e83993913c2/datanode-3/data/ratis/54955eb2-3aaf-4767-a419-1f060b263860
2019-09-25 07:31:35,076 [pool-57-thread-1] INFO  server.RaftServerConfigKeys (ConfUtils.java:logGet(43)) - raft.server.log.queue.byte-limit = 2147483647 (custom)
2019-09-25 07:31:35,076 [pool-57-thread-1] INFO  server.RaftServerConfigKeys (ConfUtils.java:logGet(43)) - raft.server.log.queue.element-limit = 1024 (custom)
2019-09-25 07:31:35,076 [pool-57-thread-1] INFO  server.RaftServerConfigKeys (ConfUtils.java:logGet(43)) - raft.server.log.segment.size.max = 1048576 (custom)
2019-09-25 07:31:35,077 [pool-57-thread-1] INFO  server.RaftServerConfigKeys (ConfUtils.java:logGet(43)) - raft.server.log.preallocated.size = 16384 (custom)
2019-09-25 07:31:35,077 [pool-57-thread-1] INFO  server.RaftServerConfigKeys (ConfUtils.java:logGet(43)) - raft.server.log.write.buffer.size = 33554432 (custom)
2019-09-25 07:31:35,077 [pool-57-thread-1] INFO  server.RaftServerConfigKeys (ConfUtils.java:logGet(43)) - raft.server.log.force.sync.num = 128 (default)
2019-09-25 07:31:35,077 [pool-57-thread-1] INFO  server.RaftServerConfigKeys (ConfUtils.java:logGet(43)) - raft.server.log.statemachine.data.sync = true (default)
2019-09-25 07:31:35,077 [pool-57-thread-1] INFO  server.RaftServerConfigKeys (ConfUtils.java:logGet(43)) - raft.server.log.statemachine.data.sync.timeout = 10s (default)
2019-09-25 07:31:35,077 [pool-57-thread-1] INFO  server.RaftServerConfigKeys (ConfUtils.java:logGet(43)) - raft.server.log.statemachine.data.sync.timeout.retry = -1 (default)
2019-09-25 07:31:35,078 [pool-57-thread-1] INFO  server.RaftServerConfigKeys (ConfUtils.java:logGet(43)) - raft.server.log.statemachine.data.caching.enabled = true (custom)
2019-09-25 07:31:35,078 [pool-57-thread-1] INFO  segmented.SegmentedRaftLogWorker (SegmentedRaftLogWorker.java:lambda$new$0(132)) - d48b337c-c375-45aa-b643-d5a6070b4eed@group-1F060B263860-SegmentedRaftLogWorker: flushIndex: setUnconditionally 0 -> -1
2019-09-25 07:31:35,078 [pool-57-thread-1] INFO  server.RaftServerConfigKeys (ConfUtils.java:logGet(43)) - raft.server.snapshot.auto.trigger.enabled = true (custom)
2019-09-25 07:31:35,078 [pool-57-thread-1] INFO  server.RaftServerConfigKeys (ConfUtils.java:logGet(43)) - raft.server.snapshot.auto.trigger.threshold = 10000 (custom)
2019-09-25 07:31:35,078 [pool-57-thread-1] INFO  server.RaftServerConfigKeys (ConfUtils.java:logGet(43)) - raft.server.snapshot.retention.num.files = 5 (custom)
2019-09-25 07:31:35,079 [pool-57-thread-1] INFO  server.RaftServerConfigKeys (ConfUtils.java:logGet(43)) - raft.server.retrycache.expirytime = 600000ms (custom)
2019-09-25 07:31:35,081 [pool-57-thread-1] INFO  impl.RaftServerImpl (RaftServerImpl.java:start(185)) - d48b337c-c375-45aa-b643-d5a6070b4eed@group-1F060B263860: start as a follower, conf=-1: [d48b337c-c375-45aa-b643-d5a6070b4eed:192.168.151.106:46356], old=null
2019-09-25 07:31:35,081 [pool-57-thread-1] INFO  impl.RaftServerImpl (RaftServerImpl.java:setRole(174)) - d48b337c-c375-45aa-b643-d5a6070b4eed@group-1F060B263860: changes role from      null to FOLLOWER at term 0 for startAsFollower
2019-09-25 07:31:35,081 [pool-57-thread-1] INFO  impl.RoleInfo (RoleInfo.java:updateAndGet(143)) - d48b337c-c375-45aa-b643-d5a6070b4eed: start FollowerState
2019-09-25 07:31:35,082 [pool-57-thread-1] INFO  util.JmxRegister (JmxRegister.java:tryRegister(44)) - Successfully registered JMX Bean with object name Ratis:service=RaftServer,group=group-1F060B263860,id=d48b337c-c375-45aa-b643-d5a6070b4eed
2019-09-25 07:31:35,087 [RatisPipelineUtilsThread] INFO  pipeline.PipelineStateManager (PipelineStateManager.java:addPipeline(56)) - Created pipeline Pipeline[ Id: 54955eb2-3aaf-4767-a419-1f060b263860, Nodes: d48b337c-c375-45aa-b643-d5a6070b4eed{ip: 192.168.151.106, host: pr-hdds-1569-x2sr2-3486766547, networkLocation: /default-rack, certSerialId: null}, Type:RATIS, Factor:ONE, State:OPEN]
2019-09-25 07:31:35,087 [RatisPipelineUtilsThread] INFO  pipeline.PipelinePlacementPolicy (PipelinePlacementPolicy.java:meetCriteria(91)) - Pipeline Placement: can't place more pipeline on heavy datanode： 36329df2-da72-43d3-aa3d-421de83d9abb Heaviness: 6 limit: 5
2019-09-25 07:31:35,088 [RatisPipelineUtilsThread] INFO  pipeline.PipelinePlacementPolicy (PipelinePlacementPolicy.java:meetCriteria(91)) - Pipeline Placement: can't place more pipeline on heavy datanode： 9cf3df6f-e379-4380-a767-50b9da7a5708 Heaviness: 6 limit: 5
2019-09-25 07:31:35,088 [RatisPipelineUtilsThread] INFO  pipeline.PipelinePlacementPolicy (PipelinePlacementPolicy.java:meetCriteria(91)) - Pipeline Placement: can't place more pipeline on heavy datanode： e7ade9c5-d3a7-47b4-b6a9-a4357aa48a0f Heaviness: 6 limit: 5
2019-09-25 07:31:35,098 [grpc-default-executor-0] INFO  impl.RaftServerProxy (RaftServerProxy.java:addNew(89)) - d48b337c-c375-45aa-b643-d5a6070b4eed: addNew group-54EE55E82F13:[d48b337c-c375-45aa-b643-d5a6070b4eed:192.168.151.106:46356] returns group-54EE55E82F13:java.util.concurrent.CompletableFuture@23f3a815[Not completed]
2019-09-25 07:31:35,099 [pool-57-thread-1] INFO  impl.RaftServerImpl (RaftServerImpl.java:<init>(95)) - d48b337c-c375-45aa-b643-d5a6070b4eed: new RaftServerImpl for group-54EE55E82F13:[d48b337c-c375-45aa-b643-d5a6070b4eed:192.168.151.106:46356] with ContainerStateMachine:uninitialized
2019-09-25 07:31:35,100 [pool-57-thread-1] INFO  server.RaftServerConfigKeys (ConfUtils.java:logGet(43)) - raft.server.rpc.timeout.min = 5s (custom)
2019-09-25 07:31:35,100 [pool-57-thread-1] INFO  server.RaftServerConfigKeys (ConfUtils.java:logGet(43)) - raft.server.rpc.timeout.max = 5200ms (custom)
2019-09-25 07:31:35,100 [pool-57-thread-1] INFO  server.RaftServerConfigKeys (ConfUtils.java:logGet(43)) - raft.server.rpcslowness.timeout = 120s (custom)
2019-09-25 07:31:35,100 [pool-57-thread-1] INFO  server.RaftServerConfigKeys (ConfUtils.java:logGet(43)) - raft.server.sleep.deviation.threshold = 300 (default)
2019-09-25 07:31:35,100 [pool-57-thread-1] INFO  server.RaftServerConfigKeys (ConfUtils.java:logGet(43)) - raft.server.log.appender.install.snapshot.enabled = false (custom)
2019-09-25 07:31:35,100 [pool-57-thread-1] INFO  impl.RaftServerImpl (ServerState.java:<init>(103)) - d48b337c-c375-45aa-b643-d5a6070b4eed@group-54EE55E82F13: ConfigurationManager, init=-1: [d48b337c-c375-45aa-b643-d5a6070b4eed:192.168.151.106:46356], old=null, confs=<EMPTY_MAP>
2019-09-25 07:31:35,100 [pool-57-thread-1] INFO  server.RaftServerConfigKeys (ConfUtils.java:logGet(43)) - raft.server.storage.dir = [/workdir/hadoop-ozone/tools/target/test-dir/MiniOzoneClusterImpl-434b9272-080e-4e11-a356-5e83993913c2/datanode-3/data/ratis] (custom)
2019-09-25 07:31:35,101 [pool-57-thread-1] INFO  storage.RaftStorageDirectory (RaftStorageDirectory.java:analyzeStorage(246)) - The storage directory /workdir/hadoop-ozone/tools/target/test-dir/MiniOzoneClusterImpl-434b9272-080e-4e11-a356-5e83993913c2/datanode-3/data/ratis/2291556f-1c41-40f2-84d5-54ee55e82f13 does not exist. Creating ...
2019-09-25 07:31:35,133 [pool-57-thread-1] INFO  storage.RaftStorageDirectory (RaftStorageDirectory.java:tryLock(328)) - Lock on /workdir/hadoop-ozone/tools/target/test-dir/MiniOzoneClusterImpl-434b9272-080e-4e11-a356-5e83993913c2/datanode-3/data/ratis/2291556f-1c41-40f2-84d5-54ee55e82f13/in_use.lock acquired by nodename 23282@pr-hdds-1569-x2sr2-3486766547
2019-09-25 07:31:35,159 [pool-57-thread-1] INFO  storage.RaftStorage (RaftStorage.java:format(72)) - Storage directory /workdir/hadoop-ozone/tools/target/test-dir/MiniOzoneClusterImpl-434b9272-080e-4e11-a356-5e83993913c2/datanode-3/data/ratis/2291556f-1c41-40f2-84d5-54ee55e82f13 has been successfully formatted.
2019-09-25 07:31:35,159 [pool-57-thread-1] INFO  ratis.ContainerStateMachine (ContainerStateMachine.java:loadSnapshot(230)) - group-54EE55E82F13: The snapshot info is null. Setting the last applied indexto:(t:0, i:~)
2019-09-25 07:31:35,159 [pool-57-thread-1] INFO  server.RaftServerConfigKeys (ConfUtils.java:logGet(43)) - raft.server.notification.no-leader.timeout = 120s (custom)
2019-09-25 07:31:35,159 [pool-57-thread-1] INFO  server.RaftServerConfigKeys (ConfUtils.java:logGet(43)) - raft.server.log.use.memory = false (default)
2019-09-25 07:31:35,159 [pool-57-thread-1] INFO  server.RaftServerConfigKeys (ConfUtils.java:logGet(43)) - raft.server.log.purge.gap = 1000000 (custom)
2019-09-25 07:31:35,160 [pool-57-thread-1] INFO  server.RaftServerConfigKeys (ConfUtils.java:logGet(43)) - raft.server.log.appender.buffer.byte-limit = 33554432 (custom)
2019-09-25 07:31:35,160 [pool-57-thread-1] INFO  server.RaftServerConfigKeys (ConfUtils.java:logGet(43)) - raft.server.log.segment.size.max = 1048576 (custom)
2019-09-25 07:31:35,160 [pool-57-thread-1] INFO  server.RaftServerConfigKeys (ConfUtils.java:logGet(43)) - raft.server.log.segment.cache.num.max = 2 (custom)
2019-09-25 07:31:35,160 [pool-57-thread-1] INFO  segmented.SegmentedRaftLogWorker (SegmentedRaftLogWorker.java:<init>(172)) - new d48b337c-c375-45aa-b643-d5a6070b4eed@group-54EE55E82F13-SegmentedRaftLogWorker for RaftStorage:Storage Directory /workdir/hadoop-ozone/tools/target/test-dir/MiniOzoneClusterImpl-434b9272-080e-4e11-a356-5e83993913c2/datanode-3/data/ratis/2291556f-1c41-40f2-84d5-54ee55e82f13
2019-09-25 07:31:35,160 [pool-57-thread-1] INFO  server.RaftServerConfigKeys (ConfUtils.java:logGet(43)) - raft.server.log.queue.byte-limit = 2147483647 (custom)
2019-09-25 07:31:35,160 [pool-57-thread-1] INFO  server.RaftServerConfigKeys (ConfUtils.java:logGet(43)) - raft.server.log.queue.element-limit = 1024 (custom)
2019-09-25 07:31:35,161 [pool-57-thread-1] INFO  server.RaftServerConfigKeys (ConfUtils.java:logGet(43)) - raft.server.log.segment.size.max = 1048576 (custom)
2019-09-25 07:31:35,161 [pool-57-thread-1] INFO  server.RaftServerConfigKeys (ConfUtils.java:logGet(43)) - raft.server.log.preallocated.size = 16384 (custom)
2019-09-25 07:31:35,161 [pool-57-thread-1] INFO  server.RaftServerConfigKeys (ConfUtils.java:logGet(43)) - raft.server.log.write.buffer.size = 33554432 (custom)
2019-09-25 07:31:35,161 [pool-57-thread-1] INFO  server.RaftServerConfigKeys (ConfUtils.java:logGet(43)) - raft.server.log.force.sync.num = 128 (default)
2019-09-25 07:31:35,161 [pool-57-thread-1] INFO  server.RaftServerConfigKeys (ConfUtils.java:logGet(43)) - raft.server.log.statemachine.data.sync = true (default)
2019-09-25 07:31:35,161 [pool-57-thread-1] INFO  server.RaftServerConfigKeys (ConfUtils.java:logGet(43)) - raft.server.log.statemachine.data.sync.timeout = 10s (default)
2019-09-25 07:31:35,161 [pool-57-thread-1] INFO  server.RaftServerConfigKeys (ConfUtils.java:logGet(43)) - raft.server.log.statemachine.data.sync.timeout.retry = -1 (default)
2019-09-25 07:31:35,162 [pool-57-thread-1] INFO  server.RaftServerConfigKeys (ConfUtils.java:logGet(43)) - raft.server.log.statemachine.data.caching.enabled = true (custom)
2019-09-25 07:31:35,162 [pool-57-thread-1] INFO  segmented.SegmentedRaftLogWorker (SegmentedRaftLogWorker.java:lambda$new$0(132)) - d48b337c-c375-45aa-b643-d5a6070b4eed@group-54EE55E82F13-SegmentedRaftLogWorker: flushIndex: setUnconditionally 0 -> -1
2019-09-25 07:31:35,162 [pool-57-thread-1] INFO  server.RaftServerConfigKeys (ConfUtils.java:logGet(43)) - raft.server.snapshot.auto.trigger.enabled = true (custom)
2019-09-25 07:31:35,163 [pool-57-thread-1] INFO  server.RaftServerConfigKeys (ConfUtils.java:logGet(43)) - raft.server.snapshot.auto.trigger.threshold = 10000 (custom)
2019-09-25 07:31:35,163 [pool-57-thread-1] INFO  server.RaftServerConfigKeys (ConfUtils.java:logGet(43)) - raft.server.snapshot.retention.num.files = 5 (custom)
2019-09-25 07:31:35,163 [pool-57-thread-1] INFO  server.RaftServerConfigKeys (ConfUtils.java:logGet(43)) - raft.server.retrycache.expirytime = 600000ms (custom)
2019-09-25 07:31:35,166 [pool-57-thread-1] INFO  impl.RaftServerImpl (RaftServerImpl.java:start(185)) - d48b337c-c375-45aa-b643-d5a6070b4eed@group-54EE55E82F13: start as a follower, conf=-1: [d48b337c-c375-45aa-b643-d5a6070b4eed:192.168.151.106:46356], old=null
2019-09-25 07:31:35,166 [pool-57-thread-1] INFO  impl.RaftServerImpl (RaftServerImpl.java:setRole(174)) - d48b337c-c375-45aa-b643-d5a6070b4eed@group-54EE55E82F13: changes role from      null to FOLLOWER at term 0 for startAsFollower
2019-09-25 07:31:35,166 [pool-57-thread-1] INFO  impl.RoleInfo (RoleInfo.java:updateAndGet(143)) - d48b337c-c375-45aa-b643-d5a6070b4eed: start FollowerState
2019-09-25 07:31:35,166 [pool-57-thread-1] INFO  util.JmxRegister (JmxRegister.java:tryRegister(44)) - Successfully registered JMX Bean with object name Ratis:service=RaftServer,group=group-54EE55E82F13,id=d48b337c-c375-45aa-b643-d5a6070b4eed
2019-09-25 07:31:35,172 [RatisPipelineUtilsThread] INFO  pipeline.PipelineStateManager (PipelineStateManager.java:addPipeline(56)) - Created pipeline Pipeline[ Id: 2291556f-1c41-40f2-84d5-54ee55e82f13, Nodes: d48b337c-c375-45aa-b643-d5a6070b4eed{ip: 192.168.151.106, host: pr-hdds-1569-x2sr2-3486766547, networkLocation: /default-rack, certSerialId: null}, Type:RATIS, Factor:ONE, State:OPEN]
2019-09-25 07:31:35,172 [RatisPipelineUtilsThread] INFO  pipeline.PipelinePlacementPolicy (PipelinePlacementPolicy.java:meetCriteria(91)) - Pipeline Placement: can't place more pipeline on heavy datanode： 36329df2-da72-43d3-aa3d-421de83d9abb Heaviness: 6 limit: 5
2019-09-25 07:31:35,173 [RatisPipelineUtilsThread] INFO  pipeline.PipelinePlacementPolicy (PipelinePlacementPolicy.java:meetCriteria(91)) - Pipeline Placement: can't place more pipeline on heavy datanode： 9cf3df6f-e379-4380-a767-50b9da7a5708 Heaviness: 6 limit: 5
2019-09-25 07:31:35,173 [RatisPipelineUtilsThread] INFO  pipeline.PipelinePlacementPolicy (PipelinePlacementPolicy.java:meetCriteria(91)) - Pipeline Placement: can't place more pipeline on heavy datanode： d48b337c-c375-45aa-b643-d5a6070b4eed Heaviness: 6 limit: 5
2019-09-25 07:31:35,173 [RatisPipelineUtilsThread] INFO  pipeline.PipelinePlacementPolicy (PipelinePlacementPolicy.java:meetCriteria(91)) - Pipeline Placement: can't place more pipeline on heavy datanode： e7ade9c5-d3a7-47b4-b6a9-a4357aa48a0f Heaviness: 6 limit: 5
2019-09-25 07:31:35,183 [grpc-default-executor-0] INFO  impl.RaftServerProxy (RaftServerProxy.java:addNew(89)) - 30ed9a86-7dc1-44e8-9d30-33403d1562de: addNew group-2888D06A89C3:[30ed9a86-7dc1-44e8-9d30-33403d1562de:192.168.151.106:38001] returns group-2888D06A89C3:java.util.concurrent.CompletableFuture@334d288b[Not completed]
2019-09-25 07:31:35,185 [pool-47-thread-1] INFO  impl.RaftServerImpl (RaftServerImpl.java:<init>(95)) - 30ed9a86-7dc1-44e8-9d30-33403d1562de: new RaftServerImpl for group-2888D06A89C3:[30ed9a86-7dc1-44e8-9d30-33403d1562de:192.168.151.106:38001] with ContainerStateMachine:uninitialized
2019-09-25 07:31:35,185 [pool-47-thread-1] INFO  server.RaftServerConfigKeys (ConfUtils.java:logGet(43)) - raft.server.rpc.timeout.min = 5s (custom)
2019-09-25 07:31:35,186 [pool-47-thread-1] INFO  server.RaftServerConfigKeys (ConfUtils.java:logGet(43)) - raft.server.rpc.timeout.max = 5200ms (custom)
2019-09-25 07:31:35,186 [pool-47-thread-1] INFO  server.RaftServerConfigKeys (ConfUtils.java:logGet(43)) - raft.server.rpcslowness.timeout = 120s (custom)
2019-09-25 07:31:35,186 [pool-47-thread-1] INFO  server.RaftServerConfigKeys (ConfUtils.java:logGet(43)) - raft.server.sleep.deviation.threshold = 300 (default)
2019-09-25 07:31:35,186 [pool-47-thread-1] INFO  server.RaftServerConfigKeys (ConfUtils.java:logGet(43)) - raft.server.log.appender.install.snapshot.enabled = false (custom)
2019-09-25 07:31:35,187 [pool-47-thread-1] INFO  impl.RaftServerImpl (ServerState.java:<init>(103)) - 30ed9a86-7dc1-44e8-9d30-33403d1562de@group-2888D06A89C3: ConfigurationManager, init=-1: [30ed9a86-7dc1-44e8-9d30-33403d1562de:192.168.151.106:38001], old=null, confs=<EMPTY_MAP>
2019-09-25 07:31:35,187 [pool-47-thread-1] INFO  server.RaftServerConfigKeys (ConfUtils.java:logGet(43)) - raft.server.storage.dir = [/workdir/hadoop-ozone/tools/target/test-dir/MiniOzoneClusterImpl-434b9272-080e-4e11-a356-5e83993913c2/datanode-2/data/ratis] (custom)
2019-09-25 07:31:35,188 [pool-47-thread-1] INFO  storage.RaftStorageDirectory (RaftStorageDirectory.java:analyzeStorage(246)) - The storage directory /workdir/hadoop-ozone/tools/target/test-dir/MiniOzoneClusterImpl-434b9272-080e-4e11-a356-5e83993913c2/datanode-2/data/ratis/f3ed588f-f91c-4a63-870a-2888d06a89c3 does not exist. Creating ...
2019-09-25 07:31:35,203 [pool-47-thread-1] INFO  storage.RaftStorageDirectory (RaftStorageDirectory.java:tryLock(328)) - Lock on /workdir/hadoop-ozone/tools/target/test-dir/MiniOzoneClusterImpl-434b9272-080e-4e11-a356-5e83993913c2/datanode-2/data/ratis/f3ed588f-f91c-4a63-870a-2888d06a89c3/in_use.lock acquired by nodename 23282@pr-hdds-1569-x2sr2-3486766547
2019-09-25 07:31:35,218 [pool-47-thread-1] INFO  storage.RaftStorage (RaftStorage.java:format(72)) - Storage directory /workdir/hadoop-ozone/tools/target/test-dir/MiniOzoneClusterImpl-434b9272-080e-4e11-a356-5e83993913c2/datanode-2/data/ratis/f3ed588f-f91c-4a63-870a-2888d06a89c3 has been successfully formatted.
2019-09-25 07:31:35,218 [pool-47-thread-1] INFO  ratis.ContainerStateMachine (ContainerStateMachine.java:loadSnapshot(230)) - group-2888D06A89C3: The snapshot info is null. Setting the last applied indexto:(t:0, i:~)
2019-09-25 07:31:35,218 [pool-47-thread-1] INFO  server.RaftServerConfigKeys (ConfUtils.java:logGet(43)) - raft.server.notification.no-leader.timeout = 120s (custom)
2019-09-25 07:31:35,219 [pool-47-thread-1] INFO  server.RaftServerConfigKeys (ConfUtils.java:logGet(43)) - raft.server.log.use.memory = false (default)
2019-09-25 07:31:35,219 [pool-47-thread-1] INFO  server.RaftServerConfigKeys (ConfUtils.java:logGet(43)) - raft.server.log.purge.gap = 1000000 (custom)
2019-09-25 07:31:35,219 [pool-47-thread-1] INFO  server.RaftServerConfigKeys (ConfUtils.java:logGet(43)) - raft.server.log.appender.buffer.byte-limit = 33554432 (custom)
2019-09-25 07:31:35,219 [pool-47-thread-1] INFO  server.RaftServerConfigKeys (ConfUtils.java:logGet(43)) - raft.server.log.segment.size.max = 1048576 (custom)
2019-09-25 07:31:35,219 [pool-47-thread-1] INFO  server.RaftServerConfigKeys (ConfUtils.java:logGet(43)) - raft.server.log.segment.cache.num.max = 2 (custom)
2019-09-25 07:31:35,220 [pool-47-thread-1] INFO  segmented.SegmentedRaftLogWorker (SegmentedRaftLogWorker.java:<init>(172)) - new 30ed9a86-7dc1-44e8-9d30-33403d1562de@group-2888D06A89C3-SegmentedRaftLogWorker for RaftStorage:Storage Directory /workdir/hadoop-ozone/tools/target/test-dir/MiniOzoneClusterImpl-434b9272-080e-4e11-a356-5e83993913c2/datanode-2/data/ratis/f3ed588f-f91c-4a63-870a-2888d06a89c3
2019-09-25 07:31:35,220 [pool-47-thread-1] INFO  server.RaftServerConfigKeys (ConfUtils.java:logGet(43)) - raft.server.log.queue.byte-limit = 2147483647 (custom)
2019-09-25 07:31:35,220 [pool-47-thread-1] INFO  server.RaftServerConfigKeys (ConfUtils.java:logGet(43)) - raft.server.log.queue.element-limit = 1024 (custom)
2019-09-25 07:31:35,220 [pool-47-thread-1] INFO  server.RaftServerConfigKeys (ConfUtils.java:logGet(43)) - raft.server.log.segment.size.max = 1048576 (custom)
2019-09-25 07:31:35,220 [pool-47-thread-1] INFO  server.RaftServerConfigKeys (ConfUtils.java:logGet(43)) - raft.server.log.preallocated.size = 16384 (custom)
2019-09-25 07:31:35,220 [pool-47-thread-1] INFO  server.RaftServerConfigKeys (ConfUtils.java:logGet(43)) - raft.server.log.write.buffer.size = 33554432 (custom)
2019-09-25 07:31:35,220 [pool-47-thread-1] INFO  server.RaftServerConfigKeys (ConfUtils.java:logGet(43)) - raft.server.log.force.sync.num = 128 (default)
2019-09-25 07:31:35,221 [pool-47-thread-1] INFO  server.RaftServerConfigKeys (ConfUtils.java:logGet(43)) - raft.server.log.statemachine.data.sync = true (default)
2019-09-25 07:31:35,221 [pool-47-thread-1] INFO  server.RaftServerConfigKeys (ConfUtils.java:logGet(43)) - raft.server.log.statemachine.data.sync.timeout = 10s (default)
2019-09-25 07:31:35,221 [pool-47-thread-1] INFO  server.RaftServerConfigKeys (ConfUtils.java:logGet(43)) - raft.server.log.statemachine.data.sync.timeout.retry = -1 (default)
2019-09-25 07:31:35,221 [pool-47-thread-1] INFO  server.RaftServerConfigKeys (ConfUtils.java:logGet(43)) - raft.server.log.statemachine.data.caching.enabled = true (custom)
2019-09-25 07:31:35,222 [pool-47-thread-1] INFO  segmented.SegmentedRaftLogWorker (SegmentedRaftLogWorker.java:lambda$new$0(132)) - 30ed9a86-7dc1-44e8-9d30-33403d1562de@group-2888D06A89C3-SegmentedRaftLogWorker: flushIndex: setUnconditionally 0 -> -1
2019-09-25 07:31:35,222 [pool-47-thread-1] INFO  server.RaftServerConfigKeys (ConfUtils.java:logGet(43)) - raft.server.snapshot.auto.trigger.enabled = true (custom)
2019-09-25 07:31:35,222 [pool-47-thread-1] INFO  server.RaftServerConfigKeys (ConfUtils.java:logGet(43)) - raft.server.snapshot.auto.trigger.threshold = 10000 (custom)
2019-09-25 07:31:35,222 [pool-47-thread-1] INFO  server.RaftServerConfigKeys (ConfUtils.java:logGet(43)) - raft.server.snapshot.retention.num.files = 5 (custom)
2019-09-25 07:31:35,222 [pool-47-thread-1] INFO  server.RaftServerConfigKeys (ConfUtils.java:logGet(43)) - raft.server.retrycache.expirytime = 600000ms (custom)
 0.00% |█                                                                                                    |  0/1 Time: 0:00:032019-09-25 07:31:35,227 [pool-47-thread-1] INFO  impl.RaftServerImpl (RaftServerImpl.java:start(185)) - 30ed9a86-7dc1-44e8-9d30-33403d1562de@group-2888D06A89C3: start as a follower, conf=-1: [30ed9a86-7dc1-44e8-9d30-33403d1562de:192.168.151.106:38001], old=null
2019-09-25 07:31:35,227 [pool-47-thread-1] INFO  impl.RaftServerImpl (RaftServerImpl.java:setRole(174)) - 30ed9a86-7dc1-44e8-9d30-33403d1562de@group-2888D06A89C3: changes role from      null to FOLLOWER at term 0 for startAsFollower
2019-09-25 07:31:35,227 [pool-47-thread-1] INFO  impl.RoleInfo (RoleInfo.java:updateAndGet(143)) - 30ed9a86-7dc1-44e8-9d30-33403d1562de: start FollowerState
2019-09-25 07:31:35,228 [pool-47-thread-1] INFO  util.JmxRegister (JmxRegister.java:tryRegister(44)) - Successfully registered JMX Bean with object name Ratis:service=RaftServer,group=group-2888D06A89C3,id=30ed9a86-7dc1-44e8-9d30-33403d1562de
2019-09-25 07:31:35,233 [RatisPipelineUtilsThread] INFO  pipeline.PipelineStateManager (PipelineStateManager.java:addPipeline(56)) - Created pipeline Pipeline[ Id: f3ed588f-f91c-4a63-870a-2888d06a89c3, Nodes: 30ed9a86-7dc1-44e8-9d30-33403d1562de{ip: 192.168.151.106, host: pr-hdds-1569-x2sr2-3486766547, networkLocation: /default-rack, certSerialId: null}, Type:RATIS, Factor:ONE, State:OPEN]
2019-09-25 07:31:35,234 [RatisPipelineUtilsThread] INFO  pipeline.PipelinePlacementPolicy (PipelinePlacementPolicy.java:meetCriteria(91)) - Pipeline Placement: can't place more pipeline on heavy datanode： 36329df2-da72-43d3-aa3d-421de83d9abb Heaviness: 6 limit: 5
2019-09-25 07:31:35,234 [RatisPipelineUtilsThread] INFO  pipeline.PipelinePlacementPolicy (PipelinePlacementPolicy.java:meetCriteria(91)) - Pipeline Placement: can't place more pipeline on heavy datanode： 9cf3df6f-e379-4380-a767-50b9da7a5708 Heaviness: 6 limit: 5
2019-09-25 07:31:35,234 [RatisPipelineUtilsThread] INFO  pipeline.PipelinePlacementPolicy (PipelinePlacementPolicy.java:meetCriteria(91)) - Pipeline Placement: can't place more pipeline on heavy datanode： d48b337c-c375-45aa-b643-d5a6070b4eed Heaviness: 6 limit: 5
2019-09-25 07:31:35,234 [RatisPipelineUtilsThread] INFO  pipeline.PipelinePlacementPolicy (PipelinePlacementPolicy.java:meetCriteria(91)) - Pipeline Placement: can't place more pipeline on heavy datanode： e7ade9c5-d3a7-47b4-b6a9-a4357aa48a0f Heaviness: 6 limit: 5
2019-09-25 07:31:35,244 [grpc-default-executor-0] INFO  impl.RaftServerProxy (RaftServerProxy.java:addNew(89)) - 30ed9a86-7dc1-44e8-9d30-33403d1562de: addNew group-DCA6F5ECD4C1:[30ed9a86-7dc1-44e8-9d30-33403d1562de:192.168.151.106:38001] returns group-DCA6F5ECD4C1:java.util.concurrent.CompletableFuture@442b7291[Not completed]
2019-09-25 07:31:35,246 [pool-47-thread-1] INFO  impl.RaftServerImpl (RaftServerImpl.java:<init>(95)) - 30ed9a86-7dc1-44e8-9d30-33403d1562de: new RaftServerImpl for group-DCA6F5ECD4C1:[30ed9a86-7dc1-44e8-9d30-33403d1562de:192.168.151.106:38001] with ContainerStateMachine:uninitialized
2019-09-25 07:31:35,246 [pool-47-thread-1] INFO  server.RaftServerConfigKeys (ConfUtils.java:logGet(43)) - raft.server.rpc.timeout.min = 5s (custom)
2019-09-25 07:31:35,247 [pool-47-thread-1] INFO  server.RaftServerConfigKeys (ConfUtils.java:logGet(43)) - raft.server.rpc.timeout.max = 5200ms (custom)
2019-09-25 07:31:35,247 [pool-47-thread-1] INFO  server.RaftServerConfigKeys (ConfUtils.java:logGet(43)) - raft.server.rpcslowness.timeout = 120s (custom)
2019-09-25 07:31:35,247 [pool-47-thread-1] INFO  server.RaftServerConfigKeys (ConfUtils.java:logGet(43)) - raft.server.sleep.deviation.threshold = 300 (default)
2019-09-25 07:31:35,247 [pool-47-thread-1] INFO  server.RaftServerConfigKeys (ConfUtils.java:logGet(43)) - raft.server.log.appender.install.snapshot.enabled = false (custom)
2019-09-25 07:31:35,247 [pool-47-thread-1] INFO  impl.RaftServerImpl (ServerState.java:<init>(103)) - 30ed9a86-7dc1-44e8-9d30-33403d1562de@group-DCA6F5ECD4C1: ConfigurationManager, init=-1: [30ed9a86-7dc1-44e8-9d30-33403d1562de:192.168.151.106:38001], old=null, confs=<EMPTY_MAP>
2019-09-25 07:31:35,248 [pool-47-thread-1] INFO  server.RaftServerConfigKeys (ConfUtils.java:logGet(43)) - raft.server.storage.dir = [/workdir/hadoop-ozone/tools/target/test-dir/MiniOzoneClusterImpl-434b9272-080e-4e11-a356-5e83993913c2/datanode-2/data/ratis] (custom)
2019-09-25 07:31:35,248 [pool-47-thread-1] INFO  storage.RaftStorageDirectory (RaftStorageDirectory.java:analyzeStorage(246)) - The storage directory /workdir/hadoop-ozone/tools/target/test-dir/MiniOzoneClusterImpl-434b9272-080e-4e11-a356-5e83993913c2/datanode-2/data/ratis/d3ad43ef-3924-4ee8-953e-dca6f5ecd4c1 does not exist. Creating ...
2019-09-25 07:31:35,263 [pool-47-thread-1] INFO  storage.RaftStorageDirectory (RaftStorageDirectory.java:tryLock(328)) - Lock on /workdir/hadoop-ozone/tools/target/test-dir/MiniOzoneClusterImpl-434b9272-080e-4e11-a356-5e83993913c2/datanode-2/data/ratis/d3ad43ef-3924-4ee8-953e-dca6f5ecd4c1/in_use.lock acquired by nodename 23282@pr-hdds-1569-x2sr2-3486766547
2019-09-25 07:31:35,277 [pool-47-thread-1] INFO  storage.RaftStorage (RaftStorage.java:format(72)) - Storage directory /workdir/hadoop-ozone/tools/target/test-dir/MiniOzoneClusterImpl-434b9272-080e-4e11-a356-5e83993913c2/datanode-2/data/ratis/d3ad43ef-3924-4ee8-953e-dca6f5ecd4c1 has been successfully formatted.
2019-09-25 07:31:35,278 [pool-47-thread-1] INFO  ratis.ContainerStateMachine (ContainerStateMachine.java:loadSnapshot(230)) - group-DCA6F5ECD4C1: The snapshot info is null. Setting the last applied indexto:(t:0, i:~)
2019-09-25 07:31:35,278 [pool-47-thread-1] INFO  server.RaftServerConfigKeys (ConfUtils.java:logGet(43)) - raft.server.notification.no-leader.timeout = 120s (custom)
2019-09-25 07:31:35,278 [pool-47-thread-1] INFO  server.RaftServerConfigKeys (ConfUtils.java:logGet(43)) - raft.server.log.use.memory = false (default)
2019-09-25 07:31:35,278 [pool-47-thread-1] INFO  server.RaftServerConfigKeys (ConfUtils.java:logGet(43)) - raft.server.log.purge.gap = 1000000 (custom)
2019-09-25 07:31:35,278 [pool-47-thread-1] INFO  server.RaftServerConfigKeys (ConfUtils.java:logGet(43)) - raft.server.log.appender.buffer.byte-limit = 33554432 (custom)
2019-09-25 07:31:35,278 [pool-47-thread-1] INFO  server.RaftServerConfigKeys (ConfUtils.java:logGet(43)) - raft.server.log.segment.size.max = 1048576 (custom)
2019-09-25 07:31:35,278 [pool-47-thread-1] INFO  server.RaftServerConfigKeys (ConfUtils.java:logGet(43)) - raft.server.log.segment.cache.num.max = 2 (custom)
2019-09-25 07:31:35,278 [pool-47-thread-1] INFO  segmented.SegmentedRaftLogWorker (SegmentedRaftLogWorker.java:<init>(172)) - new 30ed9a86-7dc1-44e8-9d30-33403d1562de@group-DCA6F5ECD4C1-SegmentedRaftLogWorker for RaftStorage:Storage Directory /workdir/hadoop-ozone/tools/target/test-dir/MiniOzoneClusterImpl-434b9272-080e-4e11-a356-5e83993913c2/datanode-2/data/ratis/d3ad43ef-3924-4ee8-953e-dca6f5ecd4c1
2019-09-25 07:31:35,279 [pool-47-thread-1] INFO  server.RaftServerConfigKeys (ConfUtils.java:logGet(43)) - raft.server.log.queue.byte-limit = 2147483647 (custom)
2019-09-25 07:31:35,279 [pool-47-thread-1] INFO  server.RaftServerConfigKeys (ConfUtils.java:logGet(43)) - raft.server.log.queue.element-limit = 1024 (custom)
2019-09-25 07:31:35,279 [pool-47-thread-1] INFO  server.RaftServerConfigKeys (ConfUtils.java:logGet(43)) - raft.server.log.segment.size.max = 1048576 (custom)
2019-09-25 07:31:35,279 [pool-47-thread-1] INFO  server.RaftServerConfigKeys (ConfUtils.java:logGet(43)) - raft.server.log.preallocated.size = 16384 (custom)
2019-09-25 07:31:35,279 [pool-47-thread-1] INFO  server.RaftServerConfigKeys (ConfUtils.java:logGet(43)) - raft.server.log.write.buffer.size = 33554432 (custom)
2019-09-25 07:31:35,279 [pool-47-thread-1] INFO  server.RaftServerConfigKeys (ConfUtils.java:logGet(43)) - raft.server.log.force.sync.num = 128 (default)
2019-09-25 07:31:35,279 [pool-47-thread-1] INFO  server.RaftServerConfigKeys (ConfUtils.java:logGet(43)) - raft.server.log.statemachine.data.sync = true (default)
2019-09-25 07:31:35,279 [pool-47-thread-1] INFO  server.RaftServerConfigKeys (ConfUtils.java:logGet(43)) - raft.server.log.statemachine.data.sync.timeout = 10s (default)
2019-09-25 07:31:35,280 [pool-47-thread-1] INFO  server.RaftServerConfigKeys (ConfUtils.java:logGet(43)) - raft.server.log.statemachine.data.sync.timeout.retry = -1 (default)
2019-09-25 07:31:35,280 [pool-47-thread-1] INFO  server.RaftServerConfigKeys (ConfUtils.java:logGet(43)) - raft.server.log.statemachine.data.caching.enabled = true (custom)
2019-09-25 07:31:35,280 [pool-47-thread-1] INFO  segmented.SegmentedRaftLogWorker (SegmentedRaftLogWorker.java:lambda$new$0(132)) - 30ed9a86-7dc1-44e8-9d30-33403d1562de@group-DCA6F5ECD4C1-SegmentedRaftLogWorker: flushIndex: setUnconditionally 0 -> -1
2019-09-25 07:31:35,280 [pool-47-thread-1] INFO  server.RaftServerConfigKeys (ConfUtils.java:logGet(43)) - raft.server.snapshot.auto.trigger.enabled = true (custom)
2019-09-25 07:31:35,280 [pool-47-thread-1] INFO  server.RaftServerConfigKeys (ConfUtils.java:logGet(43)) - raft.server.snapshot.auto.trigger.threshold = 10000 (custom)
2019-09-25 07:31:35,281 [pool-47-thread-1] INFO  server.RaftServerConfigKeys (ConfUtils.java:logGet(43)) - raft.server.snapshot.retention.num.files = 5 (custom)
2019-09-25 07:31:35,281 [pool-47-thread-1] INFO  server.RaftServerConfigKeys (ConfUtils.java:logGet(43)) - raft.server.retrycache.expirytime = 600000ms (custom)
2019-09-25 07:31:35,283 [pool-47-thread-1] INFO  impl.RaftServerImpl (RaftServerImpl.java:start(185)) - 30ed9a86-7dc1-44e8-9d30-33403d1562de@group-DCA6F5ECD4C1: start as a follower, conf=-1: [30ed9a86-7dc1-44e8-9d30-33403d1562de:192.168.151.106:38001], old=null
2019-09-25 07:31:35,283 [pool-47-thread-1] INFO  impl.RaftServerImpl (RaftServerImpl.java:setRole(174)) - 30ed9a86-7dc1-44e8-9d30-33403d1562de@group-DCA6F5ECD4C1: changes role from      null to FOLLOWER at term 0 for startAsFollower
2019-09-25 07:31:35,283 [pool-47-thread-1] INFO  impl.RoleInfo (RoleInfo.java:updateAndGet(143)) - 30ed9a86-7dc1-44e8-9d30-33403d1562de: start FollowerState
2019-09-25 07:31:35,284 [pool-47-thread-1] INFO  util.JmxRegister (JmxRegister.java:tryRegister(44)) - Successfully registered JMX Bean with object name Ratis:service=RaftServer,group=group-DCA6F5ECD4C1,id=30ed9a86-7dc1-44e8-9d30-33403d1562de
2019-09-25 07:31:35,289 [RatisPipelineUtilsThread] INFO  pipeline.PipelineStateManager (PipelineStateManager.java:addPipeline(56)) - Created pipeline Pipeline[ Id: d3ad43ef-3924-4ee8-953e-dca6f5ecd4c1, Nodes: 30ed9a86-7dc1-44e8-9d30-33403d1562de{ip: 192.168.151.106, host: pr-hdds-1569-x2sr2-3486766547, networkLocation: /default-rack, certSerialId: null}, Type:RATIS, Factor:ONE, State:OPEN]
2019-09-25 07:31:35,289 [RatisPipelineUtilsThread] INFO  pipeline.PipelinePlacementPolicy (PipelinePlacementPolicy.java:meetCriteria(91)) - Pipeline Placement: can't place more pipeline on heavy datanode： 36329df2-da72-43d3-aa3d-421de83d9abb Heaviness: 6 limit: 5
2019-09-25 07:31:35,289 [RatisPipelineUtilsThread] INFO  pipeline.PipelinePlacementPolicy (PipelinePlacementPolicy.java:meetCriteria(91)) - Pipeline Placement: can't place more pipeline on heavy datanode： 9cf3df6f-e379-4380-a767-50b9da7a5708 Heaviness: 6 limit: 5
2019-09-25 07:31:35,289 [RatisPipelineUtilsThread] INFO  pipeline.PipelinePlacementPolicy (PipelinePlacementPolicy.java:meetCriteria(91)) - Pipeline Placement: can't place more pipeline on heavy datanode： 30ed9a86-7dc1-44e8-9d30-33403d1562de Heaviness: 6 limit: 5
2019-09-25 07:31:35,290 [RatisPipelineUtilsThread] INFO  pipeline.PipelinePlacementPolicy (PipelinePlacementPolicy.java:meetCriteria(91)) - Pipeline Placement: can't place more pipeline on heavy datanode： d48b337c-c375-45aa-b643-d5a6070b4eed Heaviness: 6 limit: 5
2019-09-25 07:31:35,290 [RatisPipelineUtilsThread] INFO  pipeline.PipelinePlacementPolicy (PipelinePlacementPolicy.java:meetCriteria(91)) - Pipeline Placement: can't place more pipeline on heavy datanode： e7ade9c5-d3a7-47b4-b6a9-a4357aa48a0f Heaviness: 6 limit: 5
2019-09-25 07:31:35,290 [RatisPipelineUtilsThread] ERROR pipeline.PipelinePlacementPolicy (PipelinePlacementPolicy.java:filterViableNodes(148)) - Unable to find enough nodes that meet the criteria that cannot engage in more than 5 pipelines. Nodes required: 1 Found: 0, healthy nodes count inNodeManager: 5.
2019-09-25 07:31:35,293 [RatisPipelineUtilsThread] ERROR pipeline.SCMPipelineManager (SCMPipelineManager.java:createPipeline(167)) - Pipeline creation failed.
org.apache.hadoop.hdds.scm.exceptions.SCMException: Unable to find enough nodes that meet the criteria that cannot engage in more than 5 pipelines. Nodes required: 1 Found: 0, healthy nodes count inNodeManager: 5.
	at org.apache.hadoop.hdds.scm.pipeline.PipelinePlacementPolicy.filterViableNodes(PipelinePlacementPolicy.java:149)
	at org.apache.hadoop.hdds.scm.pipeline.PipelinePlacementPolicy.chooseDatanodes(PipelinePlacementPolicy.java:172)
	at org.apache.hadoop.hdds.scm.pipeline.RatisPipelineProvider.create(RatisPipelineProvider.java:93)
	at org.apache.hadoop.hdds.scm.pipeline.PipelineFactory.create(PipelineFactory.java:58)
	at org.apache.hadoop.hdds.scm.pipeline.SCMPipelineManager.createPipeline(SCMPipelineManager.java:155)
	at org.apache.hadoop.hdds.scm.pipeline.BackgroundPipelineCreator.createPipelines(BackgroundPipelineCreator.java:99)
	at java.util.concurrent.Executors$RunnableAdapter.call(Executors.java:511)
	at java.util.concurrent.FutureTask.run(FutureTask.java:266)
	at java.util.concurrent.ScheduledThreadPoolExecutor$ScheduledFutureTask.access$201(ScheduledThreadPoolExecutor.java:180)
	at java.util.concurrent.ScheduledThreadPoolExecutor$ScheduledFutureTask.run(ScheduledThreadPoolExecutor.java:293)
	at java.util.concurrent.ThreadPoolExecutor.runWorker(ThreadPoolExecutor.java:1149)
	at java.util.concurrent.ThreadPoolExecutor$Worker.run(ThreadPoolExecutor.java:624)
	at java.lang.Thread.run(Thread.java:748)
2019-09-25 07:31:35,295 [RatisPipelineUtilsThread] INFO  pipeline.PipelinePlacementPolicy (PipelinePlacementPolicy.java:meetCriteria(91)) - Pipeline Placement: can't place more pipeline on heavy datanode： 36329df2-da72-43d3-aa3d-421de83d9abb Heaviness: 6 limit: 5
2019-09-25 07:31:35,295 [RatisPipelineUtilsThread] INFO  pipeline.PipelinePlacementPolicy (PipelinePlacementPolicy.java:meetCriteria(91)) - Pipeline Placement: can't place more pipeline on heavy datanode： 9cf3df6f-e379-4380-a767-50b9da7a5708 Heaviness: 6 limit: 5
2019-09-25 07:31:35,296 [RatisPipelineUtilsThread] INFO  pipeline.PipelinePlacementPolicy (PipelinePlacementPolicy.java:meetCriteria(91)) - Pipeline Placement: can't place more pipeline on heavy datanode： 30ed9a86-7dc1-44e8-9d30-33403d1562de Heaviness: 6 limit: 5
2019-09-25 07:31:35,296 [RatisPipelineUtilsThread] INFO  pipeline.PipelinePlacementPolicy (PipelinePlacementPolicy.java:meetCriteria(91)) - Pipeline Placement: can't place more pipeline on heavy datanode： d48b337c-c375-45aa-b643-d5a6070b4eed Heaviness: 6 limit: 5
2019-09-25 07:31:35,296 [RatisPipelineUtilsThread] INFO  pipeline.PipelinePlacementPolicy (PipelinePlacementPolicy.java:meetCriteria(91)) - Pipeline Placement: can't place more pipeline on heavy datanode： e7ade9c5-d3a7-47b4-b6a9-a4357aa48a0f Heaviness: 6 limit: 5
2019-09-25 07:31:35,296 [RatisPipelineUtilsThread] ERROR pipeline.PipelinePlacementPolicy (PipelinePlacementPolicy.java:filterViableNodes(148)) - Unable to find enough nodes that meet the criteria that cannot engage in more than 5 pipelines. Nodes required: 3 Found: 0, healthy nodes count inNodeManager: 5.
2019-09-25 07:31:35,296 [RatisPipelineUtilsThread] ERROR pipeline.SCMPipelineManager (SCMPipelineManager.java:createPipeline(167)) - Pipeline creation failed.
org.apache.hadoop.hdds.scm.exceptions.SCMException: Unable to find enough nodes that meet the criteria that cannot engage in more than 5 pipelines. Nodes required: 3 Found: 0, healthy nodes count inNodeManager: 5.
	at org.apache.hadoop.hdds.scm.pipeline.PipelinePlacementPolicy.filterViableNodes(PipelinePlacementPolicy.java:149)
	at org.apache.hadoop.hdds.scm.pipeline.PipelinePlacementPolicy.chooseDatanodes(PipelinePlacementPolicy.java:172)
	at org.apache.hadoop.hdds.scm.pipeline.RatisPipelineProvider.create(RatisPipelineProvider.java:93)
	at org.apache.hadoop.hdds.scm.pipeline.PipelineFactory.create(PipelineFactory.java:58)
	at org.apache.hadoop.hdds.scm.pipeline.SCMPipelineManager.createPipeline(SCMPipelineManager.java:155)
	at org.apache.hadoop.hdds.scm.pipeline.BackgroundPipelineCreator.createPipelines(BackgroundPipelineCreator.java:99)
	at java.util.concurrent.Executors$RunnableAdapter.call(Executors.java:511)
	at java.util.concurrent.FutureTask.run(FutureTask.java:266)
	at java.util.concurrent.ScheduledThreadPoolExecutor$ScheduledFutureTask.access$201(ScheduledThreadPoolExecutor.java:180)
	at java.util.concurrent.ScheduledThreadPoolExecutor$ScheduledFutureTask.run(ScheduledThreadPoolExecutor.java:293)
	at java.util.concurrent.ThreadPoolExecutor.runWorker(ThreadPoolExecutor.java:1149)
	at java.util.concurrent.ThreadPoolExecutor$Worker.run(ThreadPoolExecutor.java:624)
	at java.lang.Thread.run(Thread.java:748)
2019-09-25 07:31:35,297 [IPC Server handler 1 on 46122] INFO  pipeline.PipelinePlacementPolicy (PipelinePlacementPolicy.java:meetCriteria(91)) - Pipeline Placement: can't place more pipeline on heavy datanode： 36329df2-da72-43d3-aa3d-421de83d9abb Heaviness: 6 limit: 5
2019-09-25 07:31:35,298 [IPC Server handler 1 on 46122] INFO  pipeline.PipelinePlacementPolicy (PipelinePlacementPolicy.java:meetCriteria(91)) - Pipeline Placement: can't place more pipeline on heavy datanode： 9cf3df6f-e379-4380-a767-50b9da7a5708 Heaviness: 6 limit: 5
2019-09-25 07:31:35,298 [IPC Server handler 1 on 46122] INFO  pipeline.PipelinePlacementPolicy (PipelinePlacementPolicy.java:meetCriteria(91)) - Pipeline Placement: can't place more pipeline on heavy datanode： 30ed9a86-7dc1-44e8-9d30-33403d1562de Heaviness: 6 limit: 5
2019-09-25 07:31:35,298 [IPC Server handler 1 on 46122] INFO  pipeline.PipelinePlacementPolicy (PipelinePlacementPolicy.java:meetCriteria(91)) - Pipeline Placement: can't place more pipeline on heavy datanode： d48b337c-c375-45aa-b643-d5a6070b4eed Heaviness: 6 limit: 5
2019-09-25 07:31:35,298 [IPC Server handler 1 on 46122] INFO  pipeline.PipelinePlacementPolicy (PipelinePlacementPolicy.java:meetCriteria(91)) - Pipeline Placement: can't place more pipeline on heavy datanode： e7ade9c5-d3a7-47b4-b6a9-a4357aa48a0f Heaviness: 6 limit: 5
2019-09-25 07:31:35,299 [IPC Server handler 1 on 46122] ERROR pipeline.PipelinePlacementPolicy (PipelinePlacementPolicy.java:filterViableNodes(148)) - Unable to find enough nodes that meet the criteria that cannot engage in more than 5 pipelines. Nodes required: 3 Found: 0, healthy nodes count inNodeManager: 5.
2019-09-25 07:31:35,299 [IPC Server handler 1 on 46122] ERROR pipeline.SCMPipelineManager (SCMPipelineManager.java:createPipeline(167)) - Pipeline creation failed.
org.apache.hadoop.hdds.scm.exceptions.SCMException: Unable to find enough nodes that meet the criteria that cannot engage in more than 5 pipelines. Nodes required: 3 Found: 0, healthy nodes count inNodeManager: 5.
	at org.apache.hadoop.hdds.scm.pipeline.PipelinePlacementPolicy.filterViableNodes(PipelinePlacementPolicy.java:149)
	at org.apache.hadoop.hdds.scm.pipeline.PipelinePlacementPolicy.chooseDatanodes(PipelinePlacementPolicy.java:172)
	at org.apache.hadoop.hdds.scm.pipeline.RatisPipelineProvider.create(RatisPipelineProvider.java:93)
	at org.apache.hadoop.hdds.scm.pipeline.PipelineFactory.create(PipelineFactory.java:58)
	at org.apache.hadoop.hdds.scm.pipeline.SCMPipelineManager.createPipeline(SCMPipelineManager.java:155)
	at org.apache.hadoop.hdds.scm.block.BlockManagerImpl.allocateBlock(BlockManagerImpl.java:190)
	at org.apache.hadoop.hdds.scm.server.SCMBlockProtocolServer.allocateBlock(SCMBlockProtocolServer.java:182)
	at org.apache.hadoop.ozone.protocolPB.ScmBlockLocationProtocolServerSideTranslatorPB.allocateScmBlock(ScmBlockLocationProtocolServerSideTranslatorPB.java:183)
	at org.apache.hadoop.ozone.protocolPB.ScmBlockLocationProtocolServerSideTranslatorPB.processMessage(ScmBlockLocationProtocolServerSideTranslatorPB.java:141)
	at org.apache.hadoop.ozone.protocolPB.ScmBlockLocationProtocolServerSideTranslatorPB.send(ScmBlockLocationProtocolServerSideTranslatorPB.java:116)
	at org.apache.hadoop.hdds.protocol.proto.ScmBlockLocationProtocolProtos$ScmBlockLocationProtocolService$2.callBlockingMethod(ScmBlockLocationProtocolProtos.java:13157)
	at org.apache.hadoop.ipc.ProtobufRpcEngine$Server$ProtoBufRpcInvoker.call(ProtobufRpcEngine.java:524)
	at org.apache.hadoop.ipc.RPC$Server.call(RPC.java:1025)
	at org.apache.hadoop.ipc.Server$RpcCall.run(Server.java:876)
	at org.apache.hadoop.ipc.Server$RpcCall.run(Server.java:822)
	at java.security.AccessController.doPrivileged(Native Method)
	at javax.security.auth.Subject.doAs(Subject.java:422)
	at org.apache.hadoop.security.UserGroupInformation.doAs(UserGroupInformation.java:1730)
	at org.apache.hadoop.ipc.Server$Handler.run(Server.java:2682)
2019-09-25 07:31:35,299 [IPC Server handler 1 on 46122] WARN  block.BlockManagerImpl (BlockManagerImpl.java:allocateBlock(192)) - Pipeline creation failed for type:RATIS factor:THREE. Retrying get pipelines call once.
org.apache.hadoop.hdds.scm.exceptions.SCMException: Unable to find enough nodes that meet the criteria that cannot engage in more than 5 pipelines. Nodes required: 3 Found: 0, healthy nodes count inNodeManager: 5.
	at org.apache.hadoop.hdds.scm.pipeline.PipelinePlacementPolicy.filterViableNodes(PipelinePlacementPolicy.java:149)
	at org.apache.hadoop.hdds.scm.pipeline.PipelinePlacementPolicy.chooseDatanodes(PipelinePlacementPolicy.java:172)
	at org.apache.hadoop.hdds.scm.pipeline.RatisPipelineProvider.create(RatisPipelineProvider.java:93)
	at org.apache.hadoop.hdds.scm.pipeline.PipelineFactory.create(PipelineFactory.java:58)
	at org.apache.hadoop.hdds.scm.pipeline.SCMPipelineManager.createPipeline(SCMPipelineManager.java:155)
	at org.apache.hadoop.hdds.scm.block.BlockManagerImpl.allocateBlock(BlockManagerImpl.java:190)
	at org.apache.hadoop.hdds.scm.server.SCMBlockProtocolServer.allocateBlock(SCMBlockProtocolServer.java:182)
	at org.apache.hadoop.ozone.protocolPB.ScmBlockLocationProtocolServerSideTranslatorPB.allocateScmBlock(ScmBlockLocationProtocolServerSideTranslatorPB.java:183)
	at org.apache.hadoop.ozone.protocolPB.ScmBlockLocationProtocolServerSideTranslatorPB.processMessage(ScmBlockLocationProtocolServerSideTranslatorPB.java:141)
	at org.apache.hadoop.ozone.protocolPB.ScmBlockLocationProtocolServerSideTranslatorPB.send(ScmBlockLocationProtocolServerSideTranslatorPB.java:116)
	at org.apache.hadoop.hdds.protocol.proto.ScmBlockLocationProtocolProtos$ScmBlockLocationProtocolService$2.callBlockingMethod(ScmBlockLocationProtocolProtos.java:13157)
	at org.apache.hadoop.ipc.ProtobufRpcEngine$Server$ProtoBufRpcInvoker.call(ProtobufRpcEngine.java:524)
	at org.apache.hadoop.ipc.RPC$Server.call(RPC.java:1025)
	at org.apache.hadoop.ipc.Server$RpcCall.run(Server.java:876)
	at org.apache.hadoop.ipc.Server$RpcCall.run(Server.java:822)
	at java.security.AccessController.doPrivileged(Native Method)
	at javax.security.auth.Subject.doAs(Subject.java:422)
	at org.apache.hadoop.security.UserGroupInformation.doAs(UserGroupInformation.java:1730)
	at org.apache.hadoop.ipc.Server$Handler.run(Server.java:2682)
2019-09-25 07:31:35,299 [RatisPipelineUtilsThread] INFO  pipeline.PipelinePlacementPolicy (PipelinePlacementPolicy.java:meetCriteria(91)) - Pipeline Placement: can't place more pipeline on heavy datanode： 36329df2-da72-43d3-aa3d-421de83d9abb Heaviness: 6 limit: 5
2019-09-25 07:31:35,300 [RatisPipelineUtilsThread] INFO  pipeline.PipelinePlacementPolicy (PipelinePlacementPolicy.java:meetCriteria(91)) - Pipeline Placement: can't place more pipeline on heavy datanode： 9cf3df6f-e379-4380-a767-50b9da7a5708 Heaviness: 6 limit: 5
2019-09-25 07:31:35,300 [RatisPipelineUtilsThread] INFO  pipeline.PipelinePlacementPolicy (PipelinePlacementPolicy.java:meetCriteria(91)) - Pipeline Placement: can't place more pipeline on heavy datanode： 30ed9a86-7dc1-44e8-9d30-33403d1562de Heaviness: 6 limit: 5
2019-09-25 07:31:35,301 [RatisPipelineUtilsThread] INFO  pipeline.PipelinePlacementPolicy (PipelinePlacementPolicy.java:meetCriteria(91)) - Pipeline Placement: can't place more pipeline on heavy datanode： d48b337c-c375-45aa-b643-d5a6070b4eed Heaviness: 6 limit: 5
2019-09-25 07:31:35,301 [RatisPipelineUtilsThread] INFO  pipeline.PipelinePlacementPolicy (PipelinePlacementPolicy.java:meetCriteria(91)) - Pipeline Placement: can't place more pipeline on heavy datanode： e7ade9c5-d3a7-47b4-b6a9-a4357aa48a0f Heaviness: 6 limit: 5
2019-09-25 07:31:35,301 [RatisPipelineUtilsThread] ERROR pipeline.PipelinePlacementPolicy (PipelinePlacementPolicy.java:filterViableNodes(148)) - Unable to find enough nodes that meet the criteria that cannot engage in more than 5 pipelines. Nodes required: 1 Found: 0, healthy nodes count inNodeManager: 5.
2019-09-25 07:31:35,301 [RatisPipelineUtilsThread] ERROR pipeline.SCMPipelineManager (SCMPipelineManager.java:createPipeline(167)) - Pipeline creation failed.
org.apache.hadoop.hdds.scm.exceptions.SCMException: Unable to find enough nodes that meet the criteria that cannot engage in more than 5 pipelines. Nodes required: 1 Found: 0, healthy nodes count inNodeManager: 5.
	at org.apache.hadoop.hdds.scm.pipeline.PipelinePlacementPolicy.filterViableNodes(PipelinePlacementPolicy.java:149)
	at org.apache.hadoop.hdds.scm.pipeline.PipelinePlacementPolicy.chooseDatanodes(PipelinePlacementPolicy.java:172)
	at org.apache.hadoop.hdds.scm.pipeline.RatisPipelineProvider.create(RatisPipelineProvider.java:93)
	at org.apache.hadoop.hdds.scm.pipeline.PipelineFactory.create(PipelineFactory.java:58)
	at org.apache.hadoop.hdds.scm.pipeline.SCMPipelineManager.createPipeline(SCMPipelineManager.java:155)
	at org.apache.hadoop.hdds.scm.pipeline.BackgroundPipelineCreator.createPipelines(BackgroundPipelineCreator.java:99)
	at org.apache.hadoop.hdds.scm.pipeline.BackgroundPipelineCreator.lambda$startFixedIntervalPipelineCreator$0(BackgroundPipelineCreator.java:70)
	at java.util.concurrent.Executors$RunnableAdapter.call(Executors.java:511)
	at java.util.concurrent.FutureTask.runAndReset(FutureTask.java:308)
	at java.util.concurrent.ScheduledThreadPoolExecutor$ScheduledFutureTask.access$301(ScheduledThreadPoolExecutor.java:180)
	at java.util.concurrent.ScheduledThreadPoolExecutor$ScheduledFutureTask.run(ScheduledThreadPoolExecutor.java:294)
	at java.util.concurrent.ThreadPoolExecutor.runWorker(ThreadPoolExecutor.java:1149)
	at java.util.concurrent.ThreadPoolExecutor$Worker.run(ThreadPoolExecutor.java:624)
	at java.lang.Thread.run(Thread.java:748)
2019-09-25 07:31:35,302 [RatisPipelineUtilsThread] INFO  pipeline.PipelinePlacementPolicy (PipelinePlacementPolicy.java:meetCriteria(91)) - Pipeline Placement: can't place more pipeline on heavy datanode： 36329df2-da72-43d3-aa3d-421de83d9abb Heaviness: 6 limit: 5
2019-09-25 07:31:35,302 [RatisPipelineUtilsThread] INFO  pipeline.PipelinePlacementPolicy (PipelinePlacementPolicy.java:meetCriteria(91)) - Pipeline Placement: can't place more pipeline on heavy datanode： 9cf3df6f-e379-4380-a767-50b9da7a5708 Heaviness: 6 limit: 5
2019-09-25 07:31:35,302 [RatisPipelineUtilsThread] INFO  pipeline.PipelinePlacementPolicy (PipelinePlacementPolicy.java:meetCriteria(91)) - Pipeline Placement: can't place more pipeline on heavy datanode： 30ed9a86-7dc1-44e8-9d30-33403d1562de Heaviness: 6 limit: 5
2019-09-25 07:31:35,303 [RatisPipelineUtilsThread] INFO  pipeline.PipelinePlacementPolicy (PipelinePlacementPolicy.java:meetCriteria(91)) - Pipeline Placement: can't place more pipeline on heavy datanode： d48b337c-c375-45aa-b643-d5a6070b4eed Heaviness: 6 limit: 5
2019-09-25 07:31:35,303 [RatisPipelineUtilsThread] INFO  pipeline.PipelinePlacementPolicy (PipelinePlacementPolicy.java:meetCriteria(91)) - Pipeline Placement: can't place more pipeline on heavy datanode： e7ade9c5-d3a7-47b4-b6a9-a4357aa48a0f Heaviness: 6 limit: 5
2019-09-25 07:31:35,303 [RatisPipelineUtilsThread] ERROR pipeline.PipelinePlacementPolicy (PipelinePlacementPolicy.java:filterViableNodes(148)) - Unable to find enough nodes that meet the criteria that cannot engage in more than 5 pipelines. Nodes required: 3 Found: 0, healthy nodes count inNodeManager: 5.
2019-09-25 07:31:35,303 [RatisPipelineUtilsThread] ERROR pipeline.SCMPipelineManager (SCMPipelineManager.java:createPipeline(167)) - Pipeline creation failed.
org.apache.hadoop.hdds.scm.exceptions.SCMException: Unable to find enough nodes that meet the criteria that cannot engage in more than 5 pipelines. Nodes required: 3 Found: 0, healthy nodes count inNodeManager: 5.
	at org.apache.hadoop.hdds.scm.pipeline.PipelinePlacementPolicy.filterViableNodes(PipelinePlacementPolicy.java:149)
	at org.apache.hadoop.hdds.scm.pipeline.PipelinePlacementPolicy.chooseDatanodes(PipelinePlacementPolicy.java:172)
	at org.apache.hadoop.hdds.scm.pipeline.RatisPipelineProvider.create(RatisPipelineProvider.java:93)
	at org.apache.hadoop.hdds.scm.pipeline.PipelineFactory.create(PipelineFactory.java:58)
	at org.apache.hadoop.hdds.scm.pipeline.SCMPipelineManager.createPipeline(SCMPipelineManager.java:155)
	at org.apache.hadoop.hdds.scm.pipeline.BackgroundPipelineCreator.createPipelines(BackgroundPipelineCreator.java:99)
	at org.apache.hadoop.hdds.scm.pipeline.BackgroundPipelineCreator.lambda$startFixedIntervalPipelineCreator$0(BackgroundPipelineCreator.java:70)
	at java.util.concurrent.Executors$RunnableAdapter.call(Executors.java:511)
	at java.util.concurrent.FutureTask.runAndReset(FutureTask.java:308)
	at java.util.concurrent.ScheduledThreadPoolExecutor$ScheduledFutureTask.access$301(ScheduledThreadPoolExecutor.java:180)
	at java.util.concurrent.ScheduledThreadPoolExecutor$ScheduledFutureTask.run(ScheduledThreadPoolExecutor.java:294)
	at java.util.concurrent.ThreadPoolExecutor.runWorker(ThreadPoolExecutor.java:1149)
	at java.util.concurrent.ThreadPoolExecutor$Worker.run(ThreadPoolExecutor.java:624)
	at java.lang.Thread.run(Thread.java:748)
2019-09-25 07:31:35,304 [IPC Server handler 1 on 46122] INFO  block.BlockManagerImpl (BlockManagerImpl.java:allocateBlock(198)) - Could not find available pipeline of type:RATIS and factor:THREE even after retrying
2019-09-25 07:31:35,304 [IPC Server handler 1 on 46122] ERROR block.BlockManagerImpl (BlockManagerImpl.java:allocateBlock(222)) - Unable to allocate a block for the size: 4194304, type: RATIS, factor: THREE
2019-09-25 07:31:35,304 [IPC Server handler 1 on 46122] INFO  pipeline.PipelinePlacementPolicy (PipelinePlacementPolicy.java:meetCriteria(91)) - Pipeline Placement: can't place more pipeline on heavy datanode： 36329df2-da72-43d3-aa3d-421de83d9abb Heaviness: 6 limit: 5
2019-09-25 07:31:35,305 [IPC Server handler 1 on 46122] INFO  pipeline.PipelinePlacementPolicy (PipelinePlacementPolicy.java:meetCriteria(91)) - Pipeline Placement: can't place more pipeline on heavy datanode： 9cf3df6f-e379-4380-a767-50b9da7a5708 Heaviness: 6 limit: 5
2019-09-25 07:31:35,305 [IPC Server handler 1 on 46122] INFO  pipeline.PipelinePlacementPolicy (PipelinePlacementPolicy.java:meetCriteria(91)) - Pipeline Placement: can't place more pipeline on heavy datanode： 30ed9a86-7dc1-44e8-9d30-33403d1562de Heaviness: 6 limit: 5
2019-09-25 07:31:35,305 [IPC Server handler 1 on 46122] INFO  pipeline.PipelinePlacementPolicy (PipelinePlacementPolicy.java:meetCriteria(91)) - Pipeline Placement: can't place more pipeline on heavy datanode： d48b337c-c375-45aa-b643-d5a6070b4eed Heaviness: 6 limit: 5
2019-09-25 07:31:35,305 [IPC Server handler 1 on 46122] INFO  pipeline.PipelinePlacementPolicy (PipelinePlacementPolicy.java:meetCriteria(91)) - Pipeline Placement: can't place more pipeline on heavy datanode： e7ade9c5-d3a7-47b4-b6a9-a4357aa48a0f Heaviness: 6 limit: 5
2019-09-25 07:31:35,306 [IPC Server handler 1 on 46122] ERROR pipeline.PipelinePlacementPolicy (PipelinePlacementPolicy.java:filterViableNodes(148)) - Unable to find enough nodes that meet the criteria that cannot engage in more than 5 pipelines. Nodes required: 3 Found: 0, healthy nodes count inNodeManager: 5.
2019-09-25 07:31:35,306 [IPC Server handler 1 on 46122] ERROR pipeline.SCMPipelineManager (SCMPipelineManager.java:createPipeline(167)) - Pipeline creation failed.
org.apache.hadoop.hdds.scm.exceptions.SCMException: Unable to find enough nodes that meet the criteria that cannot engage in more than 5 pipelines. Nodes required: 3 Found: 0, healthy nodes count inNodeManager: 5.
	at org.apache.hadoop.hdds.scm.pipeline.PipelinePlacementPolicy.filterViableNodes(PipelinePlacementPolicy.java:149)
	at org.apache.hadoop.hdds.scm.pipeline.PipelinePlacementPolicy.chooseDatanodes(PipelinePlacementPolicy.java:172)
	at org.apache.hadoop.hdds.scm.pipeline.RatisPipelineProvider.create(RatisPipelineProvider.java:93)
	at org.apache.hadoop.hdds.scm.pipeline.PipelineFactory.create(PipelineFactory.java:58)
	at org.apache.hadoop.hdds.scm.pipeline.SCMPipelineManager.createPipeline(SCMPipelineManager.java:155)
	at org.apache.hadoop.hdds.scm.block.BlockManagerImpl.allocateBlock(BlockManagerImpl.java:190)
	at org.apache.hadoop.hdds.scm.server.SCMBlockProtocolServer.allocateBlock(SCMBlockProtocolServer.java:182)
	at org.apache.hadoop.ozone.protocolPB.ScmBlockLocationProtocolServerSideTranslatorPB.allocateScmBlock(ScmBlockLocationProtocolServerSideTranslatorPB.java:183)
	at org.apache.hadoop.ozone.protocolPB.ScmBlockLocationProtocolServerSideTranslatorPB.processMessage(ScmBlockLocationProtocolServerSideTranslatorPB.java:141)
	at org.apache.hadoop.ozone.protocolPB.ScmBlockLocationProtocolServerSideTranslatorPB.send(ScmBlockLocationProtocolServerSideTranslatorPB.java:116)
	at org.apache.hadoop.hdds.protocol.proto.ScmBlockLocationProtocolProtos$ScmBlockLocationProtocolService$2.callBlockingMethod(ScmBlockLocationProtocolProtos.java:13157)
	at org.apache.hadoop.ipc.ProtobufRpcEngine$Server$ProtoBufRpcInvoker.call(ProtobufRpcEngine.java:524)
	at org.apache.hadoop.ipc.RPC$Server.call(RPC.java:1025)
	at org.apache.hadoop.ipc.Server$RpcCall.run(Server.java:876)
	at org.apache.hadoop.ipc.Server$RpcCall.run(Server.java:822)
	at java.security.AccessController.doPrivileged(Native Method)
	at javax.security.auth.Subject.doAs(Subject.java:422)
	at org.apache.hadoop.security.UserGroupInformation.doAs(UserGroupInformation.java:1730)
	at org.apache.hadoop.ipc.Server$Handler.run(Server.java:2682)
2019-09-25 07:31:35,306 [IPC Server handler 1 on 46122] WARN  block.BlockManagerImpl (BlockManagerImpl.java:allocateBlock(192)) - Pipeline creation failed for type:RATIS factor:THREE. Retrying get pipelines call once.
org.apache.hadoop.hdds.scm.exceptions.SCMException: Unable to find enough nodes that meet the criteria that cannot engage in more than 5 pipelines. Nodes required: 3 Found: 0, healthy nodes count inNodeManager: 5.
	at org.apache.hadoop.hdds.scm.pipeline.PipelinePlacementPolicy.filterViableNodes(PipelinePlacementPolicy.java:149)
	at org.apache.hadoop.hdds.scm.pipeline.PipelinePlacementPolicy.chooseDatanodes(PipelinePlacementPolicy.java:172)
	at org.apache.hadoop.hdds.scm.pipeline.RatisPipelineProvider.create(RatisPipelineProvider.java:93)
	at org.apache.hadoop.hdds.scm.pipeline.PipelineFactory.create(PipelineFactory.java:58)
	at org.apache.hadoop.hdds.scm.pipeline.SCMPipelineManager.createPipeline(SCMPipelineManager.java:155)
	at org.apache.hadoop.hdds.scm.block.BlockManagerImpl.allocateBlock(BlockManagerImpl.java:190)
	at org.apache.hadoop.hdds.scm.server.SCMBlockProtocolServer.allocateBlock(SCMBlockProtocolServer.java:182)
	at org.apache.hadoop.ozone.protocolPB.ScmBlockLocationProtocolServerSideTranslatorPB.allocateScmBlock(ScmBlockLocationProtocolServerSideTranslatorPB.java:183)
	at org.apache.hadoop.ozone.protocolPB.ScmBlockLocationProtocolServerSideTranslatorPB.processMessage(ScmBlockLocationProtocolServerSideTranslatorPB.java:141)
	at org.apache.hadoop.ozone.protocolPB.ScmBlockLocationProtocolServerSideTranslatorPB.send(ScmBlockLocationProtocolServerSideTranslatorPB.java:116)
	at org.apache.hadoop.hdds.protocol.proto.ScmBlockLocationProtocolProtos$ScmBlockLocationProtocolService$2.callBlockingMethod(ScmBlockLocationProtocolProtos.java:13157)
	at org.apache.hadoop.ipc.ProtobufRpcEngine$Server$ProtoBufRpcInvoker.call(ProtobufRpcEngine.java:524)
	at org.apache.hadoop.ipc.RPC$Server.call(RPC.java:1025)
	at org.apache.hadoop.ipc.Server$RpcCall.run(Server.java:876)
	at org.apache.hadoop.ipc.Server$RpcCall.run(Server.java:822)
	at java.security.AccessController.doPrivileged(Native Method)
	at javax.security.auth.Subject.doAs(Subject.java:422)
	at org.apache.hadoop.security.UserGroupInformation.doAs(UserGroupInformation.java:1730)
	at org.apache.hadoop.ipc.Server$Handler.run(Server.java:2682)
2019-09-25 07:31:35,307 [IPC Server handler 1 on 46122] INFO  block.BlockManagerImpl (BlockManagerImpl.java:allocateBlock(198)) - Could not find available pipeline of type:RATIS and factor:THREE even after retrying
2019-09-25 07:31:35,307 [IPC Server handler 1 on 46122] ERROR block.BlockManagerImpl (BlockManagerImpl.java:allocateBlock(222)) - Unable to allocate a block for the size: 4194304, type: RATIS, factor: THREE
2019-09-25 07:31:35,307 [IPC Server handler 1 on 46122] INFO  pipeline.PipelinePlacementPolicy (PipelinePlacementPolicy.java:meetCriteria(91)) - Pipeline Placement: can't place more pipeline on heavy datanode： 36329df2-da72-43d3-aa3d-421de83d9abb Heaviness: 6 limit: 5
2019-09-25 07:31:35,308 [IPC Server handler 1 on 46122] INFO  pipeline.PipelinePlacementPolicy (PipelinePlacementPolicy.java:meetCriteria(91)) - Pipeline Placement: can't place more pipeline on heavy datanode： 9cf3df6f-e379-4380-a767-50b9da7a5708 Heaviness: 6 limit: 5
2019-09-25 07:31:35,308 [IPC Server handler 1 on 46122] INFO  pipeline.PipelinePlacementPolicy (PipelinePlacementPolicy.java:meetCriteria(91)) - Pipeline Placement: can't place more pipeline on heavy datanode： 30ed9a86-7dc1-44e8-9d30-33403d1562de Heaviness: 6 limit: 5
2019-09-25 07:31:35,308 [IPC Server handler 1 on 46122] INFO  pipeline.PipelinePlacementPolicy (PipelinePlacementPolicy.java:meetCriteria(91)) - Pipeline Placement: can't place more pipeline on heavy datanode： d48b337c-c375-45aa-b643-d5a6070b4eed Heaviness: 6 limit: 5
2019-09-25 07:31:35,308 [IPC Server handler 1 on 46122] INFO  pipeline.PipelinePlacementPolicy (PipelinePlacementPolicy.java:meetCriteria(91)) - Pipeline Placement: can't place more pipeline on heavy datanode： e7ade9c5-d3a7-47b4-b6a9-a4357aa48a0f Heaviness: 6 limit: 5
2019-09-25 07:31:35,308 [IPC Server handler 1 on 46122] ERROR pipeline.PipelinePlacementPolicy (PipelinePlacementPolicy.java:filterViableNodes(148)) - Unable to find enough nodes that meet the criteria that cannot engage in more than 5 pipelines. Nodes required: 3 Found: 0, healthy nodes count inNodeManager: 5.
2019-09-25 07:31:35,309 [IPC Server handler 1 on 46122] ERROR pipeline.SCMPipelineManager (SCMPipelineManager.java:createPipeline(167)) - Pipeline creation failed.
org.apache.hadoop.hdds.scm.exceptions.SCMException: Unable to find enough nodes that meet the criteria that cannot engage in more than 5 pipelines. Nodes required: 3 Found: 0, healthy nodes count inNodeManager: 5.
	at org.apache.hadoop.hdds.scm.pipeline.PipelinePlacementPolicy.filterViableNodes(PipelinePlacementPolicy.java:149)
	at org.apache.hadoop.hdds.scm.pipeline.PipelinePlacementPolicy.chooseDatanodes(PipelinePlacementPolicy.java:172)
	at org.apache.hadoop.hdds.scm.pipeline.RatisPipelineProvider.create(RatisPipelineProvider.java:93)
	at org.apache.hadoop.hdds.scm.pipeline.PipelineFactory.create(PipelineFactory.java:58)
	at org.apache.hadoop.hdds.scm.pipeline.SCMPipelineManager.createPipeline(SCMPipelineManager.java:155)
	at org.apache.hadoop.hdds.scm.block.BlockManagerImpl.allocateBlock(BlockManagerImpl.java:190)
	at org.apache.hadoop.hdds.scm.server.SCMBlockProtocolServer.allocateBlock(SCMBlockProtocolServer.java:182)
	at org.apache.hadoop.ozone.protocolPB.ScmBlockLocationProtocolServerSideTranslatorPB.allocateScmBlock(ScmBlockLocationProtocolServerSideTranslatorPB.java:183)
	at org.apache.hadoop.ozone.protocolPB.ScmBlockLocationProtocolServerSideTranslatorPB.processMessage(ScmBlockLocationProtocolServerSideTranslatorPB.java:141)
	at org.apache.hadoop.ozone.protocolPB.ScmBlockLocationProtocolServerSideTranslatorPB.send(ScmBlockLocationProtocolServerSideTranslatorPB.java:116)
	at org.apache.hadoop.hdds.protocol.proto.ScmBlockLocationProtocolProtos$ScmBlockLocationProtocolService$2.callBlockingMethod(ScmBlockLocationProtocolProtos.java:13157)
	at org.apache.hadoop.ipc.ProtobufRpcEngine$Server$ProtoBufRpcInvoker.call(ProtobufRpcEngine.java:524)
	at org.apache.hadoop.ipc.RPC$Server.call(RPC.java:1025)
	at org.apache.hadoop.ipc.Server$RpcCall.run(Server.java:876)
	at org.apache.hadoop.ipc.Server$RpcCall.run(Server.java:822)
	at java.security.AccessController.doPrivileged(Native Method)
	at javax.security.auth.Subject.doAs(Subject.java:422)
	at org.apache.hadoop.security.UserGroupInformation.doAs(UserGroupInformation.java:1730)
	at org.apache.hadoop.ipc.Server$Handler.run(Server.java:2682)
2019-09-25 07:31:35,309 [IPC Server handler 1 on 46122] WARN  block.BlockManagerImpl (BlockManagerImpl.java:allocateBlock(192)) - Pipeline creation failed for type:RATIS factor:THREE. Retrying get pipelines call once.
org.apache.hadoop.hdds.scm.exceptions.SCMException: Unable to find enough nodes that meet the criteria that cannot engage in more than 5 pipelines. Nodes required: 3 Found: 0, healthy nodes count inNodeManager: 5.
	at org.apache.hadoop.hdds.scm.pipeline.PipelinePlacementPolicy.filterViableNodes(PipelinePlacementPolicy.java:149)
	at org.apache.hadoop.hdds.scm.pipeline.PipelinePlacementPolicy.chooseDatanodes(PipelinePlacementPolicy.java:172)
	at org.apache.hadoop.hdds.scm.pipeline.RatisPipelineProvider.create(RatisPipelineProvider.java:93)
	at org.apache.hadoop.hdds.scm.pipeline.PipelineFactory.create(PipelineFactory.java:58)
	at org.apache.hadoop.hdds.scm.pipeline.SCMPipelineManager.createPipeline(SCMPipelineManager.java:155)
	at org.apache.hadoop.hdds.scm.block.BlockManagerImpl.allocateBlock(BlockManagerImpl.java:190)
	at org.apache.hadoop.hdds.scm.server.SCMBlockProtocolServer.allocateBlock(SCMBlockProtocolServer.java:182)
	at org.apache.hadoop.ozone.protocolPB.ScmBlockLocationProtocolServerSideTranslatorPB.allocateScmBlock(ScmBlockLocationProtocolServerSideTranslatorPB.java:183)
	at org.apache.hadoop.ozone.protocolPB.ScmBlockLocationProtocolServerSideTranslatorPB.processMessage(ScmBlockLocationProtocolServerSideTranslatorPB.java:141)
	at org.apache.hadoop.ozone.protocolPB.ScmBlockLocationProtocolServerSideTranslatorPB.send(ScmBlockLocationProtocolServerSideTranslatorPB.java:116)
	at org.apache.hadoop.hdds.protocol.proto.ScmBlockLocationProtocolProtos$ScmBlockLocationProtocolService$2.callBlockingMethod(ScmBlockLocationProtocolProtos.java:13157)
	at org.apache.hadoop.ipc.ProtobufRpcEngine$Server$ProtoBufRpcInvoker.call(ProtobufRpcEngine.java:524)
	at org.apache.hadoop.ipc.RPC$Server.call(RPC.java:1025)
	at org.apache.hadoop.ipc.Server$RpcCall.run(Server.java:876)
	at org.apache.hadoop.ipc.Server$RpcCall.run(Server.java:822)
	at java.security.AccessController.doPrivileged(Native Method)
	at javax.security.auth.Subject.doAs(Subject.java:422)
	at org.apache.hadoop.security.UserGroupInformation.doAs(UserGroupInformation.java:1730)
	at org.apache.hadoop.ipc.Server$Handler.run(Server.java:2682)
2019-09-25 07:31:35,310 [IPC Server handler 1 on 46122] INFO  block.BlockManagerImpl (BlockManagerImpl.java:allocateBlock(198)) - Could not find available pipeline of type:RATIS and factor:THREE even after retrying
2019-09-25 07:31:35,310 [IPC Server handler 1 on 46122] ERROR block.BlockManagerImpl (BlockManagerImpl.java:allocateBlock(222)) - Unable to allocate a block for the size: 4194304, type: RATIS, factor: THREE
2019-09-25 07:31:35,310 [IPC Server handler 1 on 46122] INFO  pipeline.PipelinePlacementPolicy (PipelinePlacementPolicy.java:meetCriteria(91)) - Pipeline Placement: can't place more pipeline on heavy datanode： 36329df2-da72-43d3-aa3d-421de83d9abb Heaviness: 6 limit: 5
2019-09-25 07:31:35,312 [IPC Server handler 1 on 46122] INFO  pipeline.PipelinePlacementPolicy (PipelinePlacementPolicy.java:meetCriteria(91)) - Pipeline Placement: can't place more pipeline on heavy datanode： 9cf3df6f-e379-4380-a767-50b9da7a5708 Heaviness: 6 limit: 5
2019-09-25 07:31:35,312 [IPC Server handler 1 on 46122] INFO  pipeline.PipelinePlacementPolicy (PipelinePlacementPolicy.java:meetCriteria(91)) - Pipeline Placement: can't place more pipeline on heavy datanode： 30ed9a86-7dc1-44e8-9d30-33403d1562de Heaviness: 6 limit: 5
2019-09-25 07:31:35,313 [IPC Server handler 1 on 46122] INFO  pipeline.PipelinePlacementPolicy (PipelinePlacementPolicy.java:meetCriteria(91)) - Pipeline Placement: can't place more pipeline on heavy datanode： d48b337c-c375-45aa-b643-d5a6070b4eed Heaviness: 6 limit: 5
2019-09-25 07:31:35,313 [IPC Server handler 1 on 46122] INFO  pipeline.PipelinePlacementPolicy (PipelinePlacementPolicy.java:meetCriteria(91)) - Pipeline Placement: can't place more pipeline on heavy datanode： e7ade9c5-d3a7-47b4-b6a9-a4357aa48a0f Heaviness: 6 limit: 5
2019-09-25 07:31:35,313 [IPC Server handler 1 on 46122] ERROR pipeline.PipelinePlacementPolicy (PipelinePlacementPolicy.java:filterViableNodes(148)) - Unable to find enough nodes that meet the criteria that cannot engage in more than 5 pipelines. Nodes required: 3 Found: 0, healthy nodes count inNodeManager: 5.
2019-09-25 07:31:35,313 [IPC Server handler 1 on 46122] ERROR pipeline.SCMPipelineManager (SCMPipelineManager.java:createPipeline(167)) - Pipeline creation failed.
org.apache.hadoop.hdds.scm.exceptions.SCMException: Unable to find enough nodes that meet the criteria that cannot engage in more than 5 pipelines. Nodes required: 3 Found: 0, healthy nodes count inNodeManager: 5.
	at org.apache.hadoop.hdds.scm.pipeline.PipelinePlacementPolicy.filterViableNodes(PipelinePlacementPolicy.java:149)
	at org.apache.hadoop.hdds.scm.pipeline.PipelinePlacementPolicy.chooseDatanodes(PipelinePlacementPolicy.java:172)
	at org.apache.hadoop.hdds.scm.pipeline.RatisPipelineProvider.create(RatisPipelineProvider.java:93)
	at org.apache.hadoop.hdds.scm.pipeline.PipelineFactory.create(PipelineFactory.java:58)
	at org.apache.hadoop.hdds.scm.pipeline.SCMPipelineManager.createPipeline(SCMPipelineManager.java:155)
	at org.apache.hadoop.hdds.scm.block.BlockManagerImpl.allocateBlock(BlockManagerImpl.java:190)
	at org.apache.hadoop.hdds.scm.server.SCMBlockProtocolServer.allocateBlock(SCMBlockProtocolServer.java:182)
	at org.apache.hadoop.ozone.protocolPB.ScmBlockLocationProtocolServerSideTranslatorPB.allocateScmBlock(ScmBlockLocationProtocolServerSideTranslatorPB.java:183)
	at org.apache.hadoop.ozone.protocolPB.ScmBlockLocationProtocolServerSideTranslatorPB.processMessage(ScmBlockLocationProtocolServerSideTranslatorPB.java:141)
	at org.apache.hadoop.ozone.protocolPB.ScmBlockLocationProtocolServerSideTranslatorPB.send(ScmBlockLocationProtocolServerSideTranslatorPB.java:116)
	at org.apache.hadoop.hdds.protocol.proto.ScmBlockLocationProtocolProtos$ScmBlockLocationProtocolService$2.callBlockingMethod(ScmBlockLocationProtocolProtos.java:13157)
	at org.apache.hadoop.ipc.ProtobufRpcEngine$Server$ProtoBufRpcInvoker.call(ProtobufRpcEngine.java:524)
	at org.apache.hadoop.ipc.RPC$Server.call(RPC.java:1025)
	at org.apache.hadoop.ipc.Server$RpcCall.run(Server.java:876)
	at org.apache.hadoop.ipc.Server$RpcCall.run(Server.java:822)
	at java.security.AccessController.doPrivileged(Native Method)
	at javax.security.auth.Subject.doAs(Subject.java:422)
	at org.apache.hadoop.security.UserGroupInformation.doAs(UserGroupInformation.java:1730)
	at org.apache.hadoop.ipc.Server$Handler.run(Server.java:2682)
2019-09-25 07:31:35,314 [IPC Server handler 1 on 46122] WARN  block.BlockManagerImpl (BlockManagerImpl.java:allocateBlock(192)) - Pipeline creation failed for type:RATIS factor:THREE. Retrying get pipelines call once.
org.apache.hadoop.hdds.scm.exceptions.SCMException: Unable to find enough nodes that meet the criteria that cannot engage in more than 5 pipelines. Nodes required: 3 Found: 0, healthy nodes count inNodeManager: 5.
	at org.apache.hadoop.hdds.scm.pipeline.PipelinePlacementPolicy.filterViableNodes(PipelinePlacementPolicy.java:149)
	at org.apache.hadoop.hdds.scm.pipeline.PipelinePlacementPolicy.chooseDatanodes(PipelinePlacementPolicy.java:172)
	at org.apache.hadoop.hdds.scm.pipeline.RatisPipelineProvider.create(RatisPipelineProvider.java:93)
	at org.apache.hadoop.hdds.scm.pipeline.PipelineFactory.create(PipelineFactory.java:58)
	at org.apache.hadoop.hdds.scm.pipeline.SCMPipelineManager.createPipeline(SCMPipelineManager.java:155)
	at org.apache.hadoop.hdds.scm.block.BlockManagerImpl.allocateBlock(BlockManagerImpl.java:190)
	at org.apache.hadoop.hdds.scm.server.SCMBlockProtocolServer.allocateBlock(SCMBlockProtocolServer.java:182)
	at org.apache.hadoop.ozone.protocolPB.ScmBlockLocationProtocolServerSideTranslatorPB.allocateScmBlock(ScmBlockLocationProtocolServerSideTranslatorPB.java:183)
	at org.apache.hadoop.ozone.protocolPB.ScmBlockLocationProtocolServerSideTranslatorPB.processMessage(ScmBlockLocationProtocolServerSideTranslatorPB.java:141)
	at org.apache.hadoop.ozone.protocolPB.ScmBlockLocationProtocolServerSideTranslatorPB.send(ScmBlockLocationProtocolServerSideTranslatorPB.java:116)
	at org.apache.hadoop.hdds.protocol.proto.ScmBlockLocationProtocolProtos$ScmBlockLocationProtocolService$2.callBlockingMethod(ScmBlockLocationProtocolProtos.java:13157)
	at org.apache.hadoop.ipc.ProtobufRpcEngine$Server$ProtoBufRpcInvoker.call(ProtobufRpcEngine.java:524)
	at org.apache.hadoop.ipc.RPC$Server.call(RPC.java:1025)
	at org.apache.hadoop.ipc.Server$RpcCall.run(Server.java:876)
	at org.apache.hadoop.ipc.Server$RpcCall.run(Server.java:822)
	at java.security.AccessController.doPrivileged(Native Method)
	at javax.security.auth.Subject.doAs(Subject.java:422)
	at org.apache.hadoop.security.UserGroupInformation.doAs(UserGroupInformation.java:1730)
	at org.apache.hadoop.ipc.Server$Handler.run(Server.java:2682)
2019-09-25 07:31:35,315 [IPC Server handler 1 on 46122] INFO  block.BlockManagerImpl (BlockManagerImpl.java:allocateBlock(198)) - Could not find available pipeline of type:RATIS and factor:THREE even after retrying
2019-09-25 07:31:35,315 [IPC Server handler 1 on 46122] ERROR block.BlockManagerImpl (BlockManagerImpl.java:allocateBlock(222)) - Unable to allocate a block for the size: 4194304, type: RATIS, factor: THREE
2019-09-25 07:31:35,315 [IPC Server handler 1 on 46122] INFO  pipeline.PipelinePlacementPolicy (PipelinePlacementPolicy.java:meetCriteria(91)) - Pipeline Placement: can't place more pipeline on heavy datanode： 36329df2-da72-43d3-aa3d-421de83d9abb Heaviness: 6 limit: 5
2019-09-25 07:31:35,315 [IPC Server handler 1 on 46122] INFO  pipeline.PipelinePlacementPolicy (PipelinePlacementPolicy.java:meetCriteria(91)) - Pipeline Placement: can't place more pipeline on heavy datanode： 9cf3df6f-e379-4380-a767-50b9da7a5708 Heaviness: 6 limit: 5
2019-09-25 07:31:35,316 [IPC Server handler 1 on 46122] INFO  pipeline.PipelinePlacementPolicy (PipelinePlacementPolicy.java:meetCriteria(91)) - Pipeline Placement: can't place more pipeline on heavy datanode： 30ed9a86-7dc1-44e8-9d30-33403d1562de Heaviness: 6 limit: 5
2019-09-25 07:31:35,316 [IPC Server handler 1 on 46122] INFO  pipeline.PipelinePlacementPolicy (PipelinePlacementPolicy.java:meetCriteria(91)) - Pipeline Placement: can't place more pipeline on heavy datanode： d48b337c-c375-45aa-b643-d5a6070b4eed Heaviness: 6 limit: 5
2019-09-25 07:31:35,316 [IPC Server handler 1 on 46122] INFO  pipeline.PipelinePlacementPolicy (PipelinePlacementPolicy.java:meetCriteria(91)) - Pipeline Placement: can't place more pipeline on heavy datanode： e7ade9c5-d3a7-47b4-b6a9-a4357aa48a0f Heaviness: 6 limit: 5
2019-09-25 07:31:35,316 [IPC Server handler 1 on 46122] ERROR pipeline.PipelinePlacementPolicy (PipelinePlacementPolicy.java:filterViableNodes(148)) - Unable to find enough nodes that meet the criteria that cannot engage in more than 5 pipelines. Nodes required: 3 Found: 0, healthy nodes count inNodeManager: 5.
2019-09-25 07:31:35,316 [IPC Server handler 1 on 46122] ERROR pipeline.SCMPipelineManager (SCMPipelineManager.java:createPipeline(167)) - Pipeline creation failed.
org.apache.hadoop.hdds.scm.exceptions.SCMException: Unable to find enough nodes that meet the criteria that cannot engage in more than 5 pipelines. Nodes required: 3 Found: 0, healthy nodes count inNodeManager: 5.
	at org.apache.hadoop.hdds.scm.pipeline.PipelinePlacementPolicy.filterViableNodes(PipelinePlacementPolicy.java:149)
	at org.apache.hadoop.hdds.scm.pipeline.PipelinePlacementPolicy.chooseDatanodes(PipelinePlacementPolicy.java:172)
	at org.apache.hadoop.hdds.scm.pipeline.RatisPipelineProvider.create(RatisPipelineProvider.java:93)
	at org.apache.hadoop.hdds.scm.pipeline.PipelineFactory.create(PipelineFactory.java:58)
	at org.apache.hadoop.hdds.scm.pipeline.SCMPipelineManager.createPipeline(SCMPipelineManager.java:155)
	at org.apache.hadoop.hdds.scm.block.BlockManagerImpl.allocateBlock(BlockManagerImpl.java:190)
	at org.apache.hadoop.hdds.scm.server.SCMBlockProtocolServer.allocateBlock(SCMBlockProtocolServer.java:182)
	at org.apache.hadoop.ozone.protocolPB.ScmBlockLocationProtocolServerSideTranslatorPB.allocateScmBlock(ScmBlockLocationProtocolServerSideTranslatorPB.java:183)
	at org.apache.hadoop.ozone.protocolPB.ScmBlockLocationProtocolServerSideTranslatorPB.processMessage(ScmBlockLocationProtocolServerSideTranslatorPB.java:141)
	at org.apache.hadoop.ozone.protocolPB.ScmBlockLocationProtocolServerSideTranslatorPB.send(ScmBlockLocationProtocolServerSideTranslatorPB.java:116)
	at org.apache.hadoop.hdds.protocol.proto.ScmBlockLocationProtocolProtos$ScmBlockLocationProtocolService$2.callBlockingMethod(ScmBlockLocationProtocolProtos.java:13157)
	at org.apache.hadoop.ipc.ProtobufRpcEngine$Server$ProtoBufRpcInvoker.call(ProtobufRpcEngine.java:524)
	at org.apache.hadoop.ipc.RPC$Server.call(RPC.java:1025)
	at org.apache.hadoop.ipc.Server$RpcCall.run(Server.java:876)
	at org.apache.hadoop.ipc.Server$RpcCall.run(Server.java:822)
	at java.security.AccessController.doPrivileged(Native Method)
	at javax.security.auth.Subject.doAs(Subject.java:422)
	at org.apache.hadoop.security.UserGroupInformation.doAs(UserGroupInformation.java:1730)
	at org.apache.hadoop.ipc.Server$Handler.run(Server.java:2682)
2019-09-25 07:31:35,317 [IPC Server handler 1 on 46122] WARN  block.BlockManagerImpl (BlockManagerImpl.java:allocateBlock(192)) - Pipeline creation failed for type:RATIS factor:THREE. Retrying get pipelines call once.
org.apache.hadoop.hdds.scm.exceptions.SCMException: Unable to find enough nodes that meet the criteria that cannot engage in more than 5 pipelines. Nodes required: 3 Found: 0, healthy nodes count inNodeManager: 5.
	at org.apache.hadoop.hdds.scm.pipeline.PipelinePlacementPolicy.filterViableNodes(PipelinePlacementPolicy.java:149)
	at org.apache.hadoop.hdds.scm.pipeline.PipelinePlacementPolicy.chooseDatanodes(PipelinePlacementPolicy.java:172)
	at org.apache.hadoop.hdds.scm.pipeline.RatisPipelineProvider.create(RatisPipelineProvider.java:93)
	at org.apache.hadoop.hdds.scm.pipeline.PipelineFactory.create(PipelineFactory.java:58)
	at org.apache.hadoop.hdds.scm.pipeline.SCMPipelineManager.createPipeline(SCMPipelineManager.java:155)
	at org.apache.hadoop.hdds.scm.block.BlockManagerImpl.allocateBlock(BlockManagerImpl.java:190)
	at org.apache.hadoop.hdds.scm.server.SCMBlockProtocolServer.allocateBlock(SCMBlockProtocolServer.java:182)
	at org.apache.hadoop.ozone.protocolPB.ScmBlockLocationProtocolServerSideTranslatorPB.allocateScmBlock(ScmBlockLocationProtocolServerSideTranslatorPB.java:183)
	at org.apache.hadoop.ozone.protocolPB.ScmBlockLocationProtocolServerSideTranslatorPB.processMessage(ScmBlockLocationProtocolServerSideTranslatorPB.java:141)
	at org.apache.hadoop.ozone.protocolPB.ScmBlockLocationProtocolServerSideTranslatorPB.send(ScmBlockLocationProtocolServerSideTranslatorPB.java:116)
	at org.apache.hadoop.hdds.protocol.proto.ScmBlockLocationProtocolProtos$ScmBlockLocationProtocolService$2.callBlockingMethod(ScmBlockLocationProtocolProtos.java:13157)
	at org.apache.hadoop.ipc.ProtobufRpcEngine$Server$ProtoBufRpcInvoker.call(ProtobufRpcEngine.java:524)
	at org.apache.hadoop.ipc.RPC$Server.call(RPC.java:1025)
	at org.apache.hadoop.ipc.Server$RpcCall.run(Server.java:876)
	at org.apache.hadoop.ipc.Server$RpcCall.run(Server.java:822)
	at java.security.AccessController.doPrivileged(Native Method)
	at javax.security.auth.Subject.doAs(Subject.java:422)
	at org.apache.hadoop.security.UserGroupInformation.doAs(UserGroupInformation.java:1730)
	at org.apache.hadoop.ipc.Server$Handler.run(Server.java:2682)
2019-09-25 07:31:35,317 [IPC Server handler 1 on 46122] INFO  block.BlockManagerImpl (BlockManagerImpl.java:allocateBlock(198)) - Could not find available pipeline of type:RATIS and factor:THREE even after retrying
2019-09-25 07:31:35,317 [IPC Server handler 1 on 46122] ERROR block.BlockManagerImpl (BlockManagerImpl.java:allocateBlock(222)) - Unable to allocate a block for the size: 4194304, type: RATIS, factor: THREE
2019-09-25 07:31:35,325 [pool-73-thread-3] ERROR freon.RandomKeyGenerator (RandomKeyGenerator.java:createKey(733)) - Exception while adding key: key-0-27039 in bucket: bucket-0-43130 of volume: vol-0-01519.
INTERNAL_ERROR org.apache.hadoop.ozone.om.exceptions.OMException: Allocated 0 blocks. Requested 5 blocks
	at org.apache.hadoop.ozone.om.protocolPB.OzoneManagerProtocolClientSideTranslatorPB.handleError(OzoneManagerProtocolClientSideTranslatorPB.java:732)
	at org.apache.hadoop.ozone.om.protocolPB.OzoneManagerProtocolClientSideTranslatorPB.openKey(OzoneManagerProtocolClientSideTranslatorPB.java:723)
	at sun.reflect.NativeMethodAccessorImpl.invoke0(Native Method)
	at sun.reflect.NativeMethodAccessorImpl.invoke(NativeMethodAccessorImpl.java:62)
	at sun.reflect.DelegatingMethodAccessorImpl.invoke(DelegatingMethodAccessorImpl.java:43)
	at java.lang.reflect.Method.invoke(Method.java:498)
	at org.apache.hadoop.hdds.tracing.TraceAllMethod.invoke(TraceAllMethod.java:66)
	at com.sun.proxy.$Proxy37.openKey(Unknown Source)
	at org.apache.hadoop.ozone.client.rpc.RpcClient.createKey(RpcClient.java:614)
	at org.apache.hadoop.ozone.client.OzoneBucket.createKey(OzoneBucket.java:325)
	at org.apache.hadoop.ozone.freon.RandomKeyGenerator.createKey(RandomKeyGenerator.java:695)
	at org.apache.hadoop.ozone.freon.RandomKeyGenerator.access$1100(RandomKeyGenerator.java:88)
	at org.apache.hadoop.ozone.freon.RandomKeyGenerator$ObjectCreator.run(RandomKeyGenerator.java:615)
	at java.util.concurrent.Executors$RunnableAdapter.call(Executors.java:511)
	at java.util.concurrent.FutureTask.run(FutureTask.java:266)
	at java.util.concurrent.ThreadPoolExecutor.runWorker(ThreadPoolExecutor.java:1149)
	at java.util.concurrent.ThreadPoolExecutor$Worker.run(ThreadPoolExecutor.java:624)
	at java.lang.Thread.run(Thread.java:748)
 0.00% |█                                                                                                    |  0/1 Time: 0:00:04 100.00% |█████████████████████████████████████████████████████████████████████████████████████████████████████|  1/1 Time: 0:00:05
]]></system-out>
  </testcase>
  <testcase name="standaloneTestLargeKey" classname="org.apache.hadoop.ozone.freon.TestDataValidateWithDummyContainers" time="5.039">
    <error message="Allocated 0 blocks. Requested 5 blocks" type="INTERNAL_ERROR org.apache.hadoop.ozone.om.exceptions.OMException">INTERNAL_ERROR org.apache.hadoop.ozone.om.exceptions.OMException: Allocated 0 blocks. Requested 5 blocks
	at org.apache.hadoop.ozone.om.protocolPB.OzoneManagerProtocolClientSideTranslatorPB.handleError(OzoneManagerProtocolClientSideTranslatorPB.java:732)
	at org.apache.hadoop.ozone.om.protocolPB.OzoneManagerProtocolClientSideTranslatorPB.openKey(OzoneManagerProtocolClientSideTranslatorPB.java:723)
	at sun.reflect.NativeMethodAccessorImpl.invoke0(Native Method)
	at sun.reflect.NativeMethodAccessorImpl.invoke(NativeMethodAccessorImpl.java:62)
	at sun.reflect.DelegatingMethodAccessorImpl.invoke(DelegatingMethodAccessorImpl.java:43)
	at java.lang.reflect.Method.invoke(Method.java:498)
	at org.apache.hadoop.hdds.tracing.TraceAllMethod.invoke(TraceAllMethod.java:66)
	at com.sun.proxy.$Proxy37.openKey(Unknown Source)
	at org.apache.hadoop.ozone.client.rpc.RpcClient.createKey(RpcClient.java:614)
	at org.apache.hadoop.ozone.client.OzoneBucket.createKey(OzoneBucket.java:325)
	at org.apache.hadoop.ozone.freon.RandomKeyGenerator.createKey(RandomKeyGenerator.java:695)
	at org.apache.hadoop.ozone.freon.RandomKeyGenerator.access$1100(RandomKeyGenerator.java:88)
	at org.apache.hadoop.ozone.freon.RandomKeyGenerator$ObjectCreator.run(RandomKeyGenerator.java:615)
	at java.util.concurrent.Executors$RunnableAdapter.call(Executors.java:511)
	at java.util.concurrent.FutureTask.run(FutureTask.java:266)
	at java.util.concurrent.ThreadPoolExecutor.runWorker(ThreadPoolExecutor.java:1149)
	at java.util.concurrent.ThreadPoolExecutor$Worker.run(ThreadPoolExecutor.java:624)
	at java.lang.Thread.run(Thread.java:748)
</error>
    <system-out><![CDATA[2019-09-25 07:31:37,241 [main] INFO  freon.RandomKeyGenerator (RandomKeyGenerator.java:call(258)) - Override validateWrites to false, because hdds.container.chunk.persistdata is set to false.
2019-09-25 07:31:37,271 [main] INFO  freon.RandomKeyGenerator (RandomKeyGenerator.java:call(283)) - Number of Threads: 10
2019-09-25 07:31:37,271 [main] INFO  freon.RandomKeyGenerator (RandomKeyGenerator.java:call(288)) - Number of Volumes: 1.
2019-09-25 07:31:37,272 [main] INFO  freon.RandomKeyGenerator (RandomKeyGenerator.java:call(289)) - Number of Buckets per Volume: 1.
2019-09-25 07:31:37,272 [main] INFO  freon.RandomKeyGenerator (RandomKeyGenerator.java:call(290)) - Number of Keys per Bucket: 1.
2019-09-25 07:31:37,272 [main] INFO  freon.RandomKeyGenerator (RandomKeyGenerator.java:call(291)) - Key size: 20971520 bytes
2019-09-25 07:31:37,272 [main] INFO  freon.RandomKeyGenerator (RandomKeyGenerator.java:call(292)) - Buffer size: 4096 bytes
2019-09-25 07:31:37,272 [main] INFO  freon.RandomKeyGenerator (RandomKeyGenerator.java:call(293)) - validateWrites : false
2019-09-25 07:31:37,274 [pool-74-thread-1] INFO  rpc.RpcClient (RpcClient.java:createVolume(276)) - Creating Volume: vol-0-72932, with jenkins1000 as owner.
2019-09-25 07:31:37,276 [main] INFO  freon.RandomKeyGenerator (RandomKeyGenerator.java:call(313)) - Starting progress bar Thread.

 0.00% |█                                                                                                    |  0/1 Time: 0:00:002019-09-25 07:31:37,279 [IPC Server handler 19 on 38645] INFO  volume.OMVolumeCreateRequest (OMVolumeCreateRequest.java:validateAndUpdateCache(189)) - created volume:vol-0-72932 for user:jenkins1000
2019-09-25 07:31:37,297 [pool-74-thread-2] INFO  rpc.RpcClient (RpcClient.java:createBucket(415)) - Creating Bucket: vol-0-72932/bucket-0-40871, with Versioning false and Storage Type set to DISK and Encryption set to false 
2019-09-25 07:31:37,318 [Thread-212] INFO  impl.FollowerState (FollowerState.java:run(106)) - 36329df2-da72-43d3-aa3d-421de83d9abb:group-F447499CBFB3 changes to CANDIDATE, lastRpcTime:5166, electionTimeout:5166ms
2019-09-25 07:31:37,319 [IPC Server handler 1 on 46122] INFO  pipeline.PipelinePlacementPolicy (PipelinePlacementPolicy.java:meetCriteria(91)) - Pipeline Placement: can't place more pipeline on heavy datanode： 36329df2-da72-43d3-aa3d-421de83d9abb Heaviness: 6 limit: 5
2019-09-25 07:31:37,319 [IPC Server handler 1 on 46122] INFO  pipeline.PipelinePlacementPolicy (PipelinePlacementPolicy.java:meetCriteria(91)) - Pipeline Placement: can't place more pipeline on heavy datanode： 9cf3df6f-e379-4380-a767-50b9da7a5708 Heaviness: 6 limit: 5
2019-09-25 07:31:37,320 [IPC Server handler 1 on 46122] INFO  pipeline.PipelinePlacementPolicy (PipelinePlacementPolicy.java:meetCriteria(91)) - Pipeline Placement: can't place more pipeline on heavy datanode： 30ed9a86-7dc1-44e8-9d30-33403d1562de Heaviness: 6 limit: 5
2019-09-25 07:31:37,320 [IPC Server handler 1 on 46122] INFO  pipeline.PipelinePlacementPolicy (PipelinePlacementPolicy.java:meetCriteria(91)) - Pipeline Placement: can't place more pipeline on heavy datanode： d48b337c-c375-45aa-b643-d5a6070b4eed Heaviness: 6 limit: 5
2019-09-25 07:31:37,320 [IPC Server handler 1 on 46122] INFO  pipeline.PipelinePlacementPolicy (PipelinePlacementPolicy.java:meetCriteria(91)) - Pipeline Placement: can't place more pipeline on heavy datanode： e7ade9c5-d3a7-47b4-b6a9-a4357aa48a0f Heaviness: 6 limit: 5
2019-09-25 07:31:37,320 [IPC Server handler 1 on 46122] ERROR pipeline.PipelinePlacementPolicy (PipelinePlacementPolicy.java:filterViableNodes(148)) - Unable to find enough nodes that meet the criteria that cannot engage in more than 5 pipelines. Nodes required: 3 Found: 0, healthy nodes count inNodeManager: 5.
2019-09-25 07:31:37,321 [IPC Server handler 1 on 46122] ERROR pipeline.SCMPipelineManager (SCMPipelineManager.java:createPipeline(167)) - Pipeline creation failed.
org.apache.hadoop.hdds.scm.exceptions.SCMException: Unable to find enough nodes that meet the criteria that cannot engage in more than 5 pipelines. Nodes required: 3 Found: 0, healthy nodes count inNodeManager: 5.
	at org.apache.hadoop.hdds.scm.pipeline.PipelinePlacementPolicy.filterViableNodes(PipelinePlacementPolicy.java:149)
	at org.apache.hadoop.hdds.scm.pipeline.PipelinePlacementPolicy.chooseDatanodes(PipelinePlacementPolicy.java:172)
	at org.apache.hadoop.hdds.scm.pipeline.RatisPipelineProvider.create(RatisPipelineProvider.java:93)
	at org.apache.hadoop.hdds.scm.pipeline.PipelineFactory.create(PipelineFactory.java:58)
	at org.apache.hadoop.hdds.scm.pipeline.SCMPipelineManager.createPipeline(SCMPipelineManager.java:155)
	at org.apache.hadoop.hdds.scm.block.BlockManagerImpl.allocateBlock(BlockManagerImpl.java:190)
	at org.apache.hadoop.hdds.scm.server.SCMBlockProtocolServer.allocateBlock(SCMBlockProtocolServer.java:182)
	at org.apache.hadoop.ozone.protocolPB.ScmBlockLocationProtocolServerSideTranslatorPB.allocateScmBlock(ScmBlockLocationProtocolServerSideTranslatorPB.java:183)
	at org.apache.hadoop.ozone.protocolPB.ScmBlockLocationProtocolServerSideTranslatorPB.processMessage(ScmBlockLocationProtocolServerSideTranslatorPB.java:141)
	at org.apache.hadoop.ozone.protocolPB.ScmBlockLocationProtocolServerSideTranslatorPB.send(ScmBlockLocationProtocolServerSideTranslatorPB.java:116)
	at org.apache.hadoop.hdds.protocol.proto.ScmBlockLocationProtocolProtos$ScmBlockLocationProtocolService$2.callBlockingMethod(ScmBlockLocationProtocolProtos.java:13157)
	at org.apache.hadoop.ipc.ProtobufRpcEngine$Server$ProtoBufRpcInvoker.call(ProtobufRpcEngine.java:524)
	at org.apache.hadoop.ipc.RPC$Server.call(RPC.java:1025)
	at org.apache.hadoop.ipc.Server$RpcCall.run(Server.java:876)
	at org.apache.hadoop.ipc.Server$RpcCall.run(Server.java:822)
	at java.security.AccessController.doPrivileged(Native Method)
	at javax.security.auth.Subject.doAs(Subject.java:422)
	at org.apache.hadoop.security.UserGroupInformation.doAs(UserGroupInformation.java:1730)
	at org.apache.hadoop.ipc.Server$Handler.run(Server.java:2682)
2019-09-25 07:31:37,321 [Thread-212] INFO  impl.RoleInfo (RoleInfo.java:shutdownFollowerState(121)) - 36329df2-da72-43d3-aa3d-421de83d9abb: shutdown FollowerState
2019-09-25 07:31:37,321 [IPC Server handler 1 on 46122] WARN  block.BlockManagerImpl (BlockManagerImpl.java:allocateBlock(192)) - Pipeline creation failed for type:RATIS factor:THREE. Retrying get pipelines call once.
org.apache.hadoop.hdds.scm.exceptions.SCMException: Unable to find enough nodes that meet the criteria that cannot engage in more than 5 pipelines. Nodes required: 3 Found: 0, healthy nodes count inNodeManager: 5.
	at org.apache.hadoop.hdds.scm.pipeline.PipelinePlacementPolicy.filterViableNodes(PipelinePlacementPolicy.java:149)
	at org.apache.hadoop.hdds.scm.pipeline.PipelinePlacementPolicy.chooseDatanodes(PipelinePlacementPolicy.java:172)
	at org.apache.hadoop.hdds.scm.pipeline.RatisPipelineProvider.create(RatisPipelineProvider.java:93)
	at org.apache.hadoop.hdds.scm.pipeline.PipelineFactory.create(PipelineFactory.java:58)
	at org.apache.hadoop.hdds.scm.pipeline.SCMPipelineManager.createPipeline(SCMPipelineManager.java:155)
	at org.apache.hadoop.hdds.scm.block.BlockManagerImpl.allocateBlock(BlockManagerImpl.java:190)
	at org.apache.hadoop.hdds.scm.server.SCMBlockProtocolServer.allocateBlock(SCMBlockProtocolServer.java:182)
	at org.apache.hadoop.ozone.protocolPB.ScmBlockLocationProtocolServerSideTranslatorPB.allocateScmBlock(ScmBlockLocationProtocolServerSideTranslatorPB.java:183)
	at org.apache.hadoop.ozone.protocolPB.ScmBlockLocationProtocolServerSideTranslatorPB.processMessage(ScmBlockLocationProtocolServerSideTranslatorPB.java:141)
	at org.apache.hadoop.ozone.protocolPB.ScmBlockLocationProtocolServerSideTranslatorPB.send(ScmBlockLocationProtocolServerSideTranslatorPB.java:116)
	at org.apache.hadoop.hdds.protocol.proto.ScmBlockLocationProtocolProtos$ScmBlockLocationProtocolService$2.callBlockingMethod(ScmBlockLocationProtocolProtos.java:13157)
	at org.apache.hadoop.ipc.ProtobufRpcEngine$Server$ProtoBufRpcInvoker.call(ProtobufRpcEngine.java:524)
	at org.apache.hadoop.ipc.RPC$Server.call(RPC.java:1025)
	at org.apache.hadoop.ipc.Server$RpcCall.run(Server.java:876)
	at org.apache.hadoop.ipc.Server$RpcCall.run(Server.java:822)
	at java.security.AccessController.doPrivileged(Native Method)
	at javax.security.auth.Subject.doAs(Subject.java:422)
	at org.apache.hadoop.security.UserGroupInformation.doAs(UserGroupInformation.java:1730)
	at org.apache.hadoop.ipc.Server$Handler.run(Server.java:2682)
2019-09-25 07:31:37,321 [Thread-212] INFO  impl.RaftServerImpl (RaftServerImpl.java:setRole(174)) - 36329df2-da72-43d3-aa3d-421de83d9abb@group-F447499CBFB3: changes role from  FOLLOWER to CANDIDATE at term 0 for changeToCandidate
2019-09-25 07:31:37,322 [IPC Server handler 1 on 46122] INFO  block.BlockManagerImpl (BlockManagerImpl.java:allocateBlock(198)) - Could not find available pipeline of type:RATIS and factor:THREE even after retrying
2019-09-25 07:31:37,322 [IPC Server handler 1 on 46122] ERROR block.BlockManagerImpl (BlockManagerImpl.java:allocateBlock(222)) - Unable to allocate a block for the size: 4194304, type: RATIS, factor: THREE
2019-09-25 07:31:37,322 [IPC Server handler 1 on 46122] INFO  pipeline.PipelinePlacementPolicy (PipelinePlacementPolicy.java:meetCriteria(91)) - Pipeline Placement: can't place more pipeline on heavy datanode： 36329df2-da72-43d3-aa3d-421de83d9abb Heaviness: 6 limit: 5
2019-09-25 07:31:37,323 [IPC Server handler 1 on 46122] INFO  pipeline.PipelinePlacementPolicy (PipelinePlacementPolicy.java:meetCriteria(91)) - Pipeline Placement: can't place more pipeline on heavy datanode： 9cf3df6f-e379-4380-a767-50b9da7a5708 Heaviness: 6 limit: 5
2019-09-25 07:31:37,323 [IPC Server handler 1 on 46122] INFO  pipeline.PipelinePlacementPolicy (PipelinePlacementPolicy.java:meetCriteria(91)) - Pipeline Placement: can't place more pipeline on heavy datanode： 30ed9a86-7dc1-44e8-9d30-33403d1562de Heaviness: 6 limit: 5
2019-09-25 07:31:37,323 [IPC Server handler 1 on 46122] INFO  pipeline.PipelinePlacementPolicy (PipelinePlacementPolicy.java:meetCriteria(91)) - Pipeline Placement: can't place more pipeline on heavy datanode： d48b337c-c375-45aa-b643-d5a6070b4eed Heaviness: 6 limit: 5
2019-09-25 07:31:37,323 [IPC Server handler 1 on 46122] INFO  pipeline.PipelinePlacementPolicy (PipelinePlacementPolicy.java:meetCriteria(91)) - Pipeline Placement: can't place more pipeline on heavy datanode： e7ade9c5-d3a7-47b4-b6a9-a4357aa48a0f Heaviness: 6 limit: 5
2019-09-25 07:31:37,323 [IPC Server handler 1 on 46122] ERROR pipeline.PipelinePlacementPolicy (PipelinePlacementPolicy.java:filterViableNodes(148)) - Unable to find enough nodes that meet the criteria that cannot engage in more than 5 pipelines. Nodes required: 3 Found: 0, healthy nodes count inNodeManager: 5.
2019-09-25 07:31:37,324 [IPC Server handler 1 on 46122] ERROR pipeline.SCMPipelineManager (SCMPipelineManager.java:createPipeline(167)) - Pipeline creation failed.
org.apache.hadoop.hdds.scm.exceptions.SCMException: Unable to find enough nodes that meet the criteria that cannot engage in more than 5 pipelines. Nodes required: 3 Found: 0, healthy nodes count inNodeManager: 5.
	at org.apache.hadoop.hdds.scm.pipeline.PipelinePlacementPolicy.filterViableNodes(PipelinePlacementPolicy.java:149)
	at org.apache.hadoop.hdds.scm.pipeline.PipelinePlacementPolicy.chooseDatanodes(PipelinePlacementPolicy.java:172)
	at org.apache.hadoop.hdds.scm.pipeline.RatisPipelineProvider.create(RatisPipelineProvider.java:93)
	at org.apache.hadoop.hdds.scm.pipeline.PipelineFactory.create(PipelineFactory.java:58)
	at org.apache.hadoop.hdds.scm.pipeline.SCMPipelineManager.createPipeline(SCMPipelineManager.java:155)
	at org.apache.hadoop.hdds.scm.block.BlockManagerImpl.allocateBlock(BlockManagerImpl.java:190)
	at org.apache.hadoop.hdds.scm.server.SCMBlockProtocolServer.allocateBlock(SCMBlockProtocolServer.java:182)
	at org.apache.hadoop.ozone.protocolPB.ScmBlockLocationProtocolServerSideTranslatorPB.allocateScmBlock(ScmBlockLocationProtocolServerSideTranslatorPB.java:183)
	at org.apache.hadoop.ozone.protocolPB.ScmBlockLocationProtocolServerSideTranslatorPB.processMessage(ScmBlockLocationProtocolServerSideTranslatorPB.java:141)
	at org.apache.hadoop.ozone.protocolPB.ScmBlockLocationProtocolServerSideTranslatorPB.send(ScmBlockLocationProtocolServerSideTranslatorPB.java:116)
	at org.apache.hadoop.hdds.protocol.proto.ScmBlockLocationProtocolProtos$ScmBlockLocationProtocolService$2.callBlockingMethod(ScmBlockLocationProtocolProtos.java:13157)
	at org.apache.hadoop.ipc.ProtobufRpcEngine$Server$ProtoBufRpcInvoker.call(ProtobufRpcEngine.java:524)
	at org.apache.hadoop.ipc.RPC$Server.call(RPC.java:1025)
	at org.apache.hadoop.ipc.Server$RpcCall.run(Server.java:876)
	at org.apache.hadoop.ipc.Server$RpcCall.run(Server.java:822)
	at java.security.AccessController.doPrivileged(Native Method)
	at javax.security.auth.Subject.doAs(Subject.java:422)
	at org.apache.hadoop.security.UserGroupInformation.doAs(UserGroupInformation.java:1730)
	at org.apache.hadoop.ipc.Server$Handler.run(Server.java:2682)
2019-09-25 07:31:37,324 [IPC Server handler 1 on 46122] WARN  block.BlockManagerImpl (BlockManagerImpl.java:allocateBlock(192)) - Pipeline creation failed for type:RATIS factor:THREE. Retrying get pipelines call once.
org.apache.hadoop.hdds.scm.exceptions.SCMException: Unable to find enough nodes that meet the criteria that cannot engage in more than 5 pipelines. Nodes required: 3 Found: 0, healthy nodes count inNodeManager: 5.
	at org.apache.hadoop.hdds.scm.pipeline.PipelinePlacementPolicy.filterViableNodes(PipelinePlacementPolicy.java:149)
	at org.apache.hadoop.hdds.scm.pipeline.PipelinePlacementPolicy.chooseDatanodes(PipelinePlacementPolicy.java:172)
	at org.apache.hadoop.hdds.scm.pipeline.RatisPipelineProvider.create(RatisPipelineProvider.java:93)
	at org.apache.hadoop.hdds.scm.pipeline.PipelineFactory.create(PipelineFactory.java:58)
	at org.apache.hadoop.hdds.scm.pipeline.SCMPipelineManager.createPipeline(SCMPipelineManager.java:155)
	at org.apache.hadoop.hdds.scm.block.BlockManagerImpl.allocateBlock(BlockManagerImpl.java:190)
	at org.apache.hadoop.hdds.scm.server.SCMBlockProtocolServer.allocateBlock(SCMBlockProtocolServer.java:182)
	at org.apache.hadoop.ozone.protocolPB.ScmBlockLocationProtocolServerSideTranslatorPB.allocateScmBlock(ScmBlockLocationProtocolServerSideTranslatorPB.java:183)
	at org.apache.hadoop.ozone.protocolPB.ScmBlockLocationProtocolServerSideTranslatorPB.processMessage(ScmBlockLocationProtocolServerSideTranslatorPB.java:141)
	at org.apache.hadoop.ozone.protocolPB.ScmBlockLocationProtocolServerSideTranslatorPB.send(ScmBlockLocationProtocolServerSideTranslatorPB.java:116)
	at org.apache.hadoop.hdds.protocol.proto.ScmBlockLocationProtocolProtos$ScmBlockLocationProtocolService$2.callBlockingMethod(ScmBlockLocationProtocolProtos.java:13157)
	at org.apache.hadoop.ipc.ProtobufRpcEngine$Server$ProtoBufRpcInvoker.call(ProtobufRpcEngine.java:524)
	at org.apache.hadoop.ipc.RPC$Server.call(RPC.java:1025)
	at org.apache.hadoop.ipc.Server$RpcCall.run(Server.java:876)
	at org.apache.hadoop.ipc.Server$RpcCall.run(Server.java:822)
	at java.security.AccessController.doPrivileged(Native Method)
	at javax.security.auth.Subject.doAs(Subject.java:422)
	at org.apache.hadoop.security.UserGroupInformation.doAs(UserGroupInformation.java:1730)
	at org.apache.hadoop.ipc.Server$Handler.run(Server.java:2682)
2019-09-25 07:31:37,325 [IPC Server handler 1 on 46122] INFO  block.BlockManagerImpl (BlockManagerImpl.java:allocateBlock(198)) - Could not find available pipeline of type:RATIS and factor:THREE even after retrying
2019-09-25 07:31:37,325 [IPC Server handler 1 on 46122] ERROR block.BlockManagerImpl (BlockManagerImpl.java:allocateBlock(222)) - Unable to allocate a block for the size: 4194304, type: RATIS, factor: THREE
2019-09-25 07:31:37,325 [IPC Server handler 1 on 46122] INFO  pipeline.PipelinePlacementPolicy (PipelinePlacementPolicy.java:meetCriteria(91)) - Pipeline Placement: can't place more pipeline on heavy datanode： 36329df2-da72-43d3-aa3d-421de83d9abb Heaviness: 6 limit: 5
2019-09-25 07:31:37,325 [IPC Server handler 1 on 46122] INFO  pipeline.PipelinePlacementPolicy (PipelinePlacementPolicy.java:meetCriteria(91)) - Pipeline Placement: can't place more pipeline on heavy datanode： 9cf3df6f-e379-4380-a767-50b9da7a5708 Heaviness: 6 limit: 5
2019-09-25 07:31:37,325 [IPC Server handler 1 on 46122] INFO  pipeline.PipelinePlacementPolicy (PipelinePlacementPolicy.java:meetCriteria(91)) - Pipeline Placement: can't place more pipeline on heavy datanode： 30ed9a86-7dc1-44e8-9d30-33403d1562de Heaviness: 6 limit: 5
2019-09-25 07:31:37,329 [Thread-212] INFO  impl.RoleInfo (RoleInfo.java:updateAndGet(143)) - 36329df2-da72-43d3-aa3d-421de83d9abb: start LeaderElection
2019-09-25 07:31:37,329 [IPC Server handler 1 on 46122] INFO  pipeline.PipelinePlacementPolicy (PipelinePlacementPolicy.java:meetCriteria(91)) - Pipeline Placement: can't place more pipeline on heavy datanode： d48b337c-c375-45aa-b643-d5a6070b4eed Heaviness: 6 limit: 5
2019-09-25 07:31:37,329 [IPC Server handler 1 on 46122] INFO  pipeline.PipelinePlacementPolicy (PipelinePlacementPolicy.java:meetCriteria(91)) - Pipeline Placement: can't place more pipeline on heavy datanode： e7ade9c5-d3a7-47b4-b6a9-a4357aa48a0f Heaviness: 6 limit: 5
2019-09-25 07:31:37,333 [IPC Server handler 1 on 46122] ERROR pipeline.PipelinePlacementPolicy (PipelinePlacementPolicy.java:filterViableNodes(148)) - Unable to find enough nodes that meet the criteria that cannot engage in more than 5 pipelines. Nodes required: 3 Found: 0, healthy nodes count inNodeManager: 5.
2019-09-25 07:31:37,335 [IPC Server handler 1 on 46122] ERROR pipeline.SCMPipelineManager (SCMPipelineManager.java:createPipeline(167)) - Pipeline creation failed.
org.apache.hadoop.hdds.scm.exceptions.SCMException: Unable to find enough nodes that meet the criteria that cannot engage in more than 5 pipelines. Nodes required: 3 Found: 0, healthy nodes count inNodeManager: 5.
	at org.apache.hadoop.hdds.scm.pipeline.PipelinePlacementPolicy.filterViableNodes(PipelinePlacementPolicy.java:149)
	at org.apache.hadoop.hdds.scm.pipeline.PipelinePlacementPolicy.chooseDatanodes(PipelinePlacementPolicy.java:172)
	at org.apache.hadoop.hdds.scm.pipeline.RatisPipelineProvider.create(RatisPipelineProvider.java:93)
	at org.apache.hadoop.hdds.scm.pipeline.PipelineFactory.create(PipelineFactory.java:58)
	at org.apache.hadoop.hdds.scm.pipeline.SCMPipelineManager.createPipeline(SCMPipelineManager.java:155)
	at org.apache.hadoop.hdds.scm.block.BlockManagerImpl.allocateBlock(BlockManagerImpl.java:190)
	at org.apache.hadoop.hdds.scm.server.SCMBlockProtocolServer.allocateBlock(SCMBlockProtocolServer.java:182)
	at org.apache.hadoop.ozone.protocolPB.ScmBlockLocationProtocolServerSideTranslatorPB.allocateScmBlock(ScmBlockLocationProtocolServerSideTranslatorPB.java:183)
	at org.apache.hadoop.ozone.protocolPB.ScmBlockLocationProtocolServerSideTranslatorPB.processMessage(ScmBlockLocationProtocolServerSideTranslatorPB.java:141)
	at org.apache.hadoop.ozone.protocolPB.ScmBlockLocationProtocolServerSideTranslatorPB.send(ScmBlockLocationProtocolServerSideTranslatorPB.java:116)
	at org.apache.hadoop.hdds.protocol.proto.ScmBlockLocationProtocolProtos$ScmBlockLocationProtocolService$2.callBlockingMethod(ScmBlockLocationProtocolProtos.java:13157)
	at org.apache.hadoop.ipc.ProtobufRpcEngine$Server$ProtoBufRpcInvoker.call(ProtobufRpcEngine.java:524)
	at org.apache.hadoop.ipc.RPC$Server.call(RPC.java:1025)
	at org.apache.hadoop.ipc.Server$RpcCall.run(Server.java:876)
	at org.apache.hadoop.ipc.Server$RpcCall.run(Server.java:822)
	at java.security.AccessController.doPrivileged(Native Method)
	at javax.security.auth.Subject.doAs(Subject.java:422)
	at org.apache.hadoop.security.UserGroupInformation.doAs(UserGroupInformation.java:1730)
	at org.apache.hadoop.ipc.Server$Handler.run(Server.java:2682)
2019-09-25 07:31:37,336 [IPC Server handler 1 on 46122] WARN  block.BlockManagerImpl (BlockManagerImpl.java:allocateBlock(192)) - Pipeline creation failed for type:RATIS factor:THREE. Retrying get pipelines call once.
org.apache.hadoop.hdds.scm.exceptions.SCMException: Unable to find enough nodes that meet the criteria that cannot engage in more than 5 pipelines. Nodes required: 3 Found: 0, healthy nodes count inNodeManager: 5.
	at org.apache.hadoop.hdds.scm.pipeline.PipelinePlacementPolicy.filterViableNodes(PipelinePlacementPolicy.java:149)
	at org.apache.hadoop.hdds.scm.pipeline.PipelinePlacementPolicy.chooseDatanodes(PipelinePlacementPolicy.java:172)
	at org.apache.hadoop.hdds.scm.pipeline.RatisPipelineProvider.create(RatisPipelineProvider.java:93)
	at org.apache.hadoop.hdds.scm.pipeline.PipelineFactory.create(PipelineFactory.java:58)
	at org.apache.hadoop.hdds.scm.pipeline.SCMPipelineManager.createPipeline(SCMPipelineManager.java:155)
	at org.apache.hadoop.hdds.scm.block.BlockManagerImpl.allocateBlock(BlockManagerImpl.java:190)
	at org.apache.hadoop.hdds.scm.server.SCMBlockProtocolServer.allocateBlock(SCMBlockProtocolServer.java:182)
	at org.apache.hadoop.ozone.protocolPB.ScmBlockLocationProtocolServerSideTranslatorPB.allocateScmBlock(ScmBlockLocationProtocolServerSideTranslatorPB.java:183)
	at org.apache.hadoop.ozone.protocolPB.ScmBlockLocationProtocolServerSideTranslatorPB.processMessage(ScmBlockLocationProtocolServerSideTranslatorPB.java:141)
	at org.apache.hadoop.ozone.protocolPB.ScmBlockLocationProtocolServerSideTranslatorPB.send(ScmBlockLocationProtocolServerSideTranslatorPB.java:116)
	at org.apache.hadoop.hdds.protocol.proto.ScmBlockLocationProtocolProtos$ScmBlockLocationProtocolService$2.callBlockingMethod(ScmBlockLocationProtocolProtos.java:13157)
	at org.apache.hadoop.ipc.ProtobufRpcEngine$Server$ProtoBufRpcInvoker.call(ProtobufRpcEngine.java:524)
	at org.apache.hadoop.ipc.RPC$Server.call(RPC.java:1025)
	at org.apache.hadoop.ipc.Server$RpcCall.run(Server.java:876)
	at org.apache.hadoop.ipc.Server$RpcCall.run(Server.java:822)
	at java.security.AccessController.doPrivileged(Native Method)
	at javax.security.auth.Subject.doAs(Subject.java:422)
	at org.apache.hadoop.security.UserGroupInformation.doAs(UserGroupInformation.java:1730)
	at org.apache.hadoop.ipc.Server$Handler.run(Server.java:2682)
2019-09-25 07:31:37,336 [IPC Server handler 1 on 46122] INFO  block.BlockManagerImpl (BlockManagerImpl.java:allocateBlock(198)) - Could not find available pipeline of type:RATIS and factor:THREE even after retrying
2019-09-25 07:31:37,336 [IPC Server handler 1 on 46122] ERROR block.BlockManagerImpl (BlockManagerImpl.java:allocateBlock(222)) - Unable to allocate a block for the size: 4194304, type: RATIS, factor: THREE
2019-09-25 07:31:37,337 [IPC Server handler 1 on 46122] INFO  pipeline.PipelinePlacementPolicy (PipelinePlacementPolicy.java:meetCriteria(91)) - Pipeline Placement: can't place more pipeline on heavy datanode： 36329df2-da72-43d3-aa3d-421de83d9abb Heaviness: 6 limit: 5
2019-09-25 07:31:37,337 [IPC Server handler 1 on 46122] INFO  pipeline.PipelinePlacementPolicy (PipelinePlacementPolicy.java:meetCriteria(91)) - Pipeline Placement: can't place more pipeline on heavy datanode： 9cf3df6f-e379-4380-a767-50b9da7a5708 Heaviness: 6 limit: 5
2019-09-25 07:31:37,337 [IPC Server handler 1 on 46122] INFO  pipeline.PipelinePlacementPolicy (PipelinePlacementPolicy.java:meetCriteria(91)) - Pipeline Placement: can't place more pipeline on heavy datanode： 30ed9a86-7dc1-44e8-9d30-33403d1562de Heaviness: 6 limit: 5
2019-09-25 07:31:37,337 [IPC Server handler 1 on 46122] INFO  pipeline.PipelinePlacementPolicy (PipelinePlacementPolicy.java:meetCriteria(91)) - Pipeline Placement: can't place more pipeline on heavy datanode： d48b337c-c375-45aa-b643-d5a6070b4eed Heaviness: 6 limit: 5
2019-09-25 07:31:37,337 [IPC Server handler 1 on 46122] INFO  pipeline.PipelinePlacementPolicy (PipelinePlacementPolicy.java:meetCriteria(91)) - Pipeline Placement: can't place more pipeline on heavy datanode： e7ade9c5-d3a7-47b4-b6a9-a4357aa48a0f Heaviness: 6 limit: 5
2019-09-25 07:31:37,338 [IPC Server handler 1 on 46122] ERROR pipeline.PipelinePlacementPolicy (PipelinePlacementPolicy.java:filterViableNodes(148)) - Unable to find enough nodes that meet the criteria that cannot engage in more than 5 pipelines. Nodes required: 3 Found: 0, healthy nodes count inNodeManager: 5.
2019-09-25 07:31:37,338 [IPC Server handler 1 on 46122] ERROR pipeline.SCMPipelineManager (SCMPipelineManager.java:createPipeline(167)) - Pipeline creation failed.
org.apache.hadoop.hdds.scm.exceptions.SCMException: Unable to find enough nodes that meet the criteria that cannot engage in more than 5 pipelines. Nodes required: 3 Found: 0, healthy nodes count inNodeManager: 5.
	at org.apache.hadoop.hdds.scm.pipeline.PipelinePlacementPolicy.filterViableNodes(PipelinePlacementPolicy.java:149)
	at org.apache.hadoop.hdds.scm.pipeline.PipelinePlacementPolicy.chooseDatanodes(PipelinePlacementPolicy.java:172)
	at org.apache.hadoop.hdds.scm.pipeline.RatisPipelineProvider.create(RatisPipelineProvider.java:93)
	at org.apache.hadoop.hdds.scm.pipeline.PipelineFactory.create(PipelineFactory.java:58)
	at org.apache.hadoop.hdds.scm.pipeline.SCMPipelineManager.createPipeline(SCMPipelineManager.java:155)
	at org.apache.hadoop.hdds.scm.block.BlockManagerImpl.allocateBlock(BlockManagerImpl.java:190)
	at org.apache.hadoop.hdds.scm.server.SCMBlockProtocolServer.allocateBlock(SCMBlockProtocolServer.java:182)
	at org.apache.hadoop.ozone.protocolPB.ScmBlockLocationProtocolServerSideTranslatorPB.allocateScmBlock(ScmBlockLocationProtocolServerSideTranslatorPB.java:183)
	at org.apache.hadoop.ozone.protocolPB.ScmBlockLocationProtocolServerSideTranslatorPB.processMessage(ScmBlockLocationProtocolServerSideTranslatorPB.java:141)
	at org.apache.hadoop.ozone.protocolPB.ScmBlockLocationProtocolServerSideTranslatorPB.send(ScmBlockLocationProtocolServerSideTranslatorPB.java:116)
	at org.apache.hadoop.hdds.protocol.proto.ScmBlockLocationProtocolProtos$ScmBlockLocationProtocolService$2.callBlockingMethod(ScmBlockLocationProtocolProtos.java:13157)
	at org.apache.hadoop.ipc.ProtobufRpcEngine$Server$ProtoBufRpcInvoker.call(ProtobufRpcEngine.java:524)
	at org.apache.hadoop.ipc.RPC$Server.call(RPC.java:1025)
	at org.apache.hadoop.ipc.Server$RpcCall.run(Server.java:876)
	at org.apache.hadoop.ipc.Server$RpcCall.run(Server.java:822)
	at java.security.AccessController.doPrivileged(Native Method)
	at javax.security.auth.Subject.doAs(Subject.java:422)
	at org.apache.hadoop.security.UserGroupInformation.doAs(UserGroupInformation.java:1730)
	at org.apache.hadoop.ipc.Server$Handler.run(Server.java:2682)
2019-09-25 07:31:37,338 [IPC Server handler 1 on 46122] WARN  block.BlockManagerImpl (BlockManagerImpl.java:allocateBlock(192)) - Pipeline creation failed for type:RATIS factor:THREE. Retrying get pipelines call once.
org.apache.hadoop.hdds.scm.exceptions.SCMException: Unable to find enough nodes that meet the criteria that cannot engage in more than 5 pipelines. Nodes required: 3 Found: 0, healthy nodes count inNodeManager: 5.
	at org.apache.hadoop.hdds.scm.pipeline.PipelinePlacementPolicy.filterViableNodes(PipelinePlacementPolicy.java:149)
	at org.apache.hadoop.hdds.scm.pipeline.PipelinePlacementPolicy.chooseDatanodes(PipelinePlacementPolicy.java:172)
	at org.apache.hadoop.hdds.scm.pipeline.RatisPipelineProvider.create(RatisPipelineProvider.java:93)
	at org.apache.hadoop.hdds.scm.pipeline.PipelineFactory.create(PipelineFactory.java:58)
	at org.apache.hadoop.hdds.scm.pipeline.SCMPipelineManager.createPipeline(SCMPipelineManager.java:155)
	at org.apache.hadoop.hdds.scm.block.BlockManagerImpl.allocateBlock(BlockManagerImpl.java:190)
	at org.apache.hadoop.hdds.scm.server.SCMBlockProtocolServer.allocateBlock(SCMBlockProtocolServer.java:182)
	at org.apache.hadoop.ozone.protocolPB.ScmBlockLocationProtocolServerSideTranslatorPB.allocateScmBlock(ScmBlockLocationProtocolServerSideTranslatorPB.java:183)
	at org.apache.hadoop.ozone.protocolPB.ScmBlockLocationProtocolServerSideTranslatorPB.processMessage(ScmBlockLocationProtocolServerSideTranslatorPB.java:141)
	at org.apache.hadoop.ozone.protocolPB.ScmBlockLocationProtocolServerSideTranslatorPB.send(ScmBlockLocationProtocolServerSideTranslatorPB.java:116)
	at org.apache.hadoop.hdds.protocol.proto.ScmBlockLocationProtocolProtos$ScmBlockLocationProtocolService$2.callBlockingMethod(ScmBlockLocationProtocolProtos.java:13157)
	at org.apache.hadoop.ipc.ProtobufRpcEngine$Server$ProtoBufRpcInvoker.call(ProtobufRpcEngine.java:524)
	at org.apache.hadoop.ipc.RPC$Server.call(RPC.java:1025)
	at org.apache.hadoop.ipc.Server$RpcCall.run(Server.java:876)
	at org.apache.hadoop.ipc.Server$RpcCall.run(Server.java:822)
	at java.security.AccessController.doPrivileged(Native Method)
	at javax.security.auth.Subject.doAs(Subject.java:422)
	at org.apache.hadoop.security.UserGroupInformation.doAs(UserGroupInformation.java:1730)
	at org.apache.hadoop.ipc.Server$Handler.run(Server.java:2682)
2019-09-25 07:31:37,339 [IPC Server handler 1 on 46122] INFO  block.BlockManagerImpl (BlockManagerImpl.java:allocateBlock(198)) - Could not find available pipeline of type:RATIS and factor:THREE even after retrying
2019-09-25 07:31:37,339 [IPC Server handler 1 on 46122] ERROR block.BlockManagerImpl (BlockManagerImpl.java:allocateBlock(222)) - Unable to allocate a block for the size: 4194304, type: RATIS, factor: THREE
2019-09-25 07:31:37,339 [IPC Server handler 1 on 46122] INFO  pipeline.PipelinePlacementPolicy (PipelinePlacementPolicy.java:meetCriteria(91)) - Pipeline Placement: can't place more pipeline on heavy datanode： 36329df2-da72-43d3-aa3d-421de83d9abb Heaviness: 6 limit: 5
2019-09-25 07:31:37,339 [IPC Server handler 1 on 46122] INFO  pipeline.PipelinePlacementPolicy (PipelinePlacementPolicy.java:meetCriteria(91)) - Pipeline Placement: can't place more pipeline on heavy datanode： 9cf3df6f-e379-4380-a767-50b9da7a5708 Heaviness: 6 limit: 5
2019-09-25 07:31:37,340 [IPC Server handler 1 on 46122] INFO  pipeline.PipelinePlacementPolicy (PipelinePlacementPolicy.java:meetCriteria(91)) - Pipeline Placement: can't place more pipeline on heavy datanode： 30ed9a86-7dc1-44e8-9d30-33403d1562de Heaviness: 6 limit: 5
2019-09-25 07:31:37,340 [IPC Server handler 1 on 46122] INFO  pipeline.PipelinePlacementPolicy (PipelinePlacementPolicy.java:meetCriteria(91)) - Pipeline Placement: can't place more pipeline on heavy datanode： d48b337c-c375-45aa-b643-d5a6070b4eed Heaviness: 6 limit: 5
2019-09-25 07:31:37,340 [IPC Server handler 1 on 46122] INFO  pipeline.PipelinePlacementPolicy (PipelinePlacementPolicy.java:meetCriteria(91)) - Pipeline Placement: can't place more pipeline on heavy datanode： e7ade9c5-d3a7-47b4-b6a9-a4357aa48a0f Heaviness: 6 limit: 5
2019-09-25 07:31:37,340 [IPC Server handler 1 on 46122] ERROR pipeline.PipelinePlacementPolicy (PipelinePlacementPolicy.java:filterViableNodes(148)) - Unable to find enough nodes that meet the criteria that cannot engage in more than 5 pipelines. Nodes required: 3 Found: 0, healthy nodes count inNodeManager: 5.
2019-09-25 07:31:37,341 [IPC Server handler 1 on 46122] ERROR pipeline.SCMPipelineManager (SCMPipelineManager.java:createPipeline(167)) - Pipeline creation failed.
org.apache.hadoop.hdds.scm.exceptions.SCMException: Unable to find enough nodes that meet the criteria that cannot engage in more than 5 pipelines. Nodes required: 3 Found: 0, healthy nodes count inNodeManager: 5.
	at org.apache.hadoop.hdds.scm.pipeline.PipelinePlacementPolicy.filterViableNodes(PipelinePlacementPolicy.java:149)
	at org.apache.hadoop.hdds.scm.pipeline.PipelinePlacementPolicy.chooseDatanodes(PipelinePlacementPolicy.java:172)
	at org.apache.hadoop.hdds.scm.pipeline.RatisPipelineProvider.create(RatisPipelineProvider.java:93)
	at org.apache.hadoop.hdds.scm.pipeline.PipelineFactory.create(PipelineFactory.java:58)
	at org.apache.hadoop.hdds.scm.pipeline.SCMPipelineManager.createPipeline(SCMPipelineManager.java:155)
	at org.apache.hadoop.hdds.scm.block.BlockManagerImpl.allocateBlock(BlockManagerImpl.java:190)
	at org.apache.hadoop.hdds.scm.server.SCMBlockProtocolServer.allocateBlock(SCMBlockProtocolServer.java:182)
	at org.apache.hadoop.ozone.protocolPB.ScmBlockLocationProtocolServerSideTranslatorPB.allocateScmBlock(ScmBlockLocationProtocolServerSideTranslatorPB.java:183)
	at org.apache.hadoop.ozone.protocolPB.ScmBlockLocationProtocolServerSideTranslatorPB.processMessage(ScmBlockLocationProtocolServerSideTranslatorPB.java:141)
	at org.apache.hadoop.ozone.protocolPB.ScmBlockLocationProtocolServerSideTranslatorPB.send(ScmBlockLocationProtocolServerSideTranslatorPB.java:116)
	at org.apache.hadoop.hdds.protocol.proto.ScmBlockLocationProtocolProtos$ScmBlockLocationProtocolService$2.callBlockingMethod(ScmBlockLocationProtocolProtos.java:13157)
	at org.apache.hadoop.ipc.ProtobufRpcEngine$Server$ProtoBufRpcInvoker.call(ProtobufRpcEngine.java:524)
	at org.apache.hadoop.ipc.RPC$Server.call(RPC.java:1025)
	at org.apache.hadoop.ipc.Server$RpcCall.run(Server.java:876)
	at org.apache.hadoop.ipc.Server$RpcCall.run(Server.java:822)
	at java.security.AccessController.doPrivileged(Native Method)
	at javax.security.auth.Subject.doAs(Subject.java:422)
	at org.apache.hadoop.security.UserGroupInformation.doAs(UserGroupInformation.java:1730)
	at org.apache.hadoop.ipc.Server$Handler.run(Server.java:2682)
2019-09-25 07:31:37,341 [IPC Server handler 1 on 46122] WARN  block.BlockManagerImpl (BlockManagerImpl.java:allocateBlock(192)) - Pipeline creation failed for type:RATIS factor:THREE. Retrying get pipelines call once.
org.apache.hadoop.hdds.scm.exceptions.SCMException: Unable to find enough nodes that meet the criteria that cannot engage in more than 5 pipelines. Nodes required: 3 Found: 0, healthy nodes count inNodeManager: 5.
	at org.apache.hadoop.hdds.scm.pipeline.PipelinePlacementPolicy.filterViableNodes(PipelinePlacementPolicy.java:149)
	at org.apache.hadoop.hdds.scm.pipeline.PipelinePlacementPolicy.chooseDatanodes(PipelinePlacementPolicy.java:172)
	at org.apache.hadoop.hdds.scm.pipeline.RatisPipelineProvider.create(RatisPipelineProvider.java:93)
	at org.apache.hadoop.hdds.scm.pipeline.PipelineFactory.create(PipelineFactory.java:58)
	at org.apache.hadoop.hdds.scm.pipeline.SCMPipelineManager.createPipeline(SCMPipelineManager.java:155)
	at org.apache.hadoop.hdds.scm.block.BlockManagerImpl.allocateBlock(BlockManagerImpl.java:190)
	at org.apache.hadoop.hdds.scm.server.SCMBlockProtocolServer.allocateBlock(SCMBlockProtocolServer.java:182)
	at org.apache.hadoop.ozone.protocolPB.ScmBlockLocationProtocolServerSideTranslatorPB.allocateScmBlock(ScmBlockLocationProtocolServerSideTranslatorPB.java:183)
	at org.apache.hadoop.ozone.protocolPB.ScmBlockLocationProtocolServerSideTranslatorPB.processMessage(ScmBlockLocationProtocolServerSideTranslatorPB.java:141)
	at org.apache.hadoop.ozone.protocolPB.ScmBlockLocationProtocolServerSideTranslatorPB.send(ScmBlockLocationProtocolServerSideTranslatorPB.java:116)
	at org.apache.hadoop.hdds.protocol.proto.ScmBlockLocationProtocolProtos$ScmBlockLocationProtocolService$2.callBlockingMethod(ScmBlockLocationProtocolProtos.java:13157)
	at org.apache.hadoop.ipc.ProtobufRpcEngine$Server$ProtoBufRpcInvoker.call(ProtobufRpcEngine.java:524)
	at org.apache.hadoop.ipc.RPC$Server.call(RPC.java:1025)
	at org.apache.hadoop.ipc.Server$RpcCall.run(Server.java:876)
	at org.apache.hadoop.ipc.Server$RpcCall.run(Server.java:822)
	at java.security.AccessController.doPrivileged(Native Method)
	at javax.security.auth.Subject.doAs(Subject.java:422)
	at org.apache.hadoop.security.UserGroupInformation.doAs(UserGroupInformation.java:1730)
	at org.apache.hadoop.ipc.Server$Handler.run(Server.java:2682)
2019-09-25 07:31:37,341 [IPC Server handler 1 on 46122] INFO  block.BlockManagerImpl (BlockManagerImpl.java:allocateBlock(198)) - Could not find available pipeline of type:RATIS and factor:THREE even after retrying
2019-09-25 07:31:37,342 [IPC Server handler 1 on 46122] ERROR block.BlockManagerImpl (BlockManagerImpl.java:allocateBlock(222)) - Unable to allocate a block for the size: 4194304, type: RATIS, factor: THREE
2019-09-25 07:31:37,343 [pool-74-thread-3] ERROR freon.RandomKeyGenerator (RandomKeyGenerator.java:createKey(733)) - Exception while adding key: key-0-14590 in bucket: bucket-0-40871 of volume: vol-0-72932.
INTERNAL_ERROR org.apache.hadoop.ozone.om.exceptions.OMException: Allocated 0 blocks. Requested 5 blocks
	at org.apache.hadoop.ozone.om.protocolPB.OzoneManagerProtocolClientSideTranslatorPB.handleError(OzoneManagerProtocolClientSideTranslatorPB.java:732)
	at org.apache.hadoop.ozone.om.protocolPB.OzoneManagerProtocolClientSideTranslatorPB.openKey(OzoneManagerProtocolClientSideTranslatorPB.java:723)
	at sun.reflect.NativeMethodAccessorImpl.invoke0(Native Method)
	at sun.reflect.NativeMethodAccessorImpl.invoke(NativeMethodAccessorImpl.java:62)
	at sun.reflect.DelegatingMethodAccessorImpl.invoke(DelegatingMethodAccessorImpl.java:43)
	at java.lang.reflect.Method.invoke(Method.java:498)
	at org.apache.hadoop.hdds.tracing.TraceAllMethod.invoke(TraceAllMethod.java:66)
	at com.sun.proxy.$Proxy37.openKey(Unknown Source)
	at org.apache.hadoop.ozone.client.rpc.RpcClient.createKey(RpcClient.java:614)
	at org.apache.hadoop.ozone.client.OzoneBucket.createKey(OzoneBucket.java:325)
	at org.apache.hadoop.ozone.freon.RandomKeyGenerator.createKey(RandomKeyGenerator.java:695)
	at org.apache.hadoop.ozone.freon.RandomKeyGenerator.access$1100(RandomKeyGenerator.java:88)
	at org.apache.hadoop.ozone.freon.RandomKeyGenerator$ObjectCreator.run(RandomKeyGenerator.java:615)
	at java.util.concurrent.Executors$RunnableAdapter.call(Executors.java:511)
	at java.util.concurrent.FutureTask.run(FutureTask.java:266)
	at java.util.concurrent.ThreadPoolExecutor.runWorker(ThreadPoolExecutor.java:1149)
	at java.util.concurrent.ThreadPoolExecutor$Worker.run(ThreadPoolExecutor.java:624)
	at java.lang.Thread.run(Thread.java:748)
2019-09-25 07:31:37,526 [Thread-218] INFO  impl.FollowerState (FollowerState.java:run(106)) - 36329df2-da72-43d3-aa3d-421de83d9abb:group-2A93FAFC1D8E changes to CANDIDATE, lastRpcTime:5187, electionTimeout:5187ms
2019-09-25 07:31:37,528 [Thread-218] INFO  impl.RoleInfo (RoleInfo.java:shutdownFollowerState(121)) - 36329df2-da72-43d3-aa3d-421de83d9abb: shutdown FollowerState
2019-09-25 07:31:37,528 [Thread-218] INFO  impl.RaftServerImpl (RaftServerImpl.java:setRole(174)) - 36329df2-da72-43d3-aa3d-421de83d9abb@group-2A93FAFC1D8E: changes role from  FOLLOWER to CANDIDATE at term 0 for changeToCandidate
2019-09-25 07:31:37,529 [Thread-218] INFO  impl.RoleInfo (RoleInfo.java:updateAndGet(143)) - 36329df2-da72-43d3-aa3d-421de83d9abb: start LeaderElection
2019-09-25 07:31:37,550 [36329df2-da72-43d3-aa3d-421de83d9abb@group-2A93FAFC1D8E:LeaderElection2] INFO  impl.LeaderElection (LeaderElection.java:askForVotes(182)) - 36329df2-da72-43d3-aa3d-421de83d9abb@group-2A93FAFC1D8E:LeaderElection2: begin an election at term 1 for -1: [36329df2-da72-43d3-aa3d-421de83d9abb:192.168.151.106:46815], old=null
2019-09-25 07:31:37,550 [36329df2-da72-43d3-aa3d-421de83d9abb@group-F447499CBFB3:LeaderElection1] INFO  impl.LeaderElection (LeaderElection.java:askForVotes(182)) - 36329df2-da72-43d3-aa3d-421de83d9abb@group-F447499CBFB3:LeaderElection1: begin an election at term 1 for -1: [36329df2-da72-43d3-aa3d-421de83d9abb:192.168.151.106:46815], old=null
2019-09-25 07:31:37,559 [36329df2-da72-43d3-aa3d-421de83d9abb@group-F447499CBFB3:LeaderElection1] INFO  impl.RoleInfo (RoleInfo.java:shutdownLeaderElection(134)) - 36329df2-da72-43d3-aa3d-421de83d9abb: shutdown LeaderElection
2019-09-25 07:31:37,559 [36329df2-da72-43d3-aa3d-421de83d9abb@group-2A93FAFC1D8E:LeaderElection2] INFO  impl.RoleInfo (RoleInfo.java:shutdownLeaderElection(134)) - 36329df2-da72-43d3-aa3d-421de83d9abb: shutdown LeaderElection
2019-09-25 07:31:37,560 [36329df2-da72-43d3-aa3d-421de83d9abb@group-F447499CBFB3:LeaderElection1] INFO  impl.RaftServerImpl (RaftServerImpl.java:setRole(174)) - 36329df2-da72-43d3-aa3d-421de83d9abb@group-F447499CBFB3: changes role from CANDIDATE to LEADER at term 1 for changeToLeader
2019-09-25 07:31:37,560 [36329df2-da72-43d3-aa3d-421de83d9abb@group-2A93FAFC1D8E:LeaderElection2] INFO  impl.RaftServerImpl (RaftServerImpl.java:setRole(174)) - 36329df2-da72-43d3-aa3d-421de83d9abb@group-2A93FAFC1D8E: changes role from CANDIDATE to LEADER at term 1 for changeToLeader
2019-09-25 07:31:37,560 [36329df2-da72-43d3-aa3d-421de83d9abb@group-F447499CBFB3:LeaderElection1] INFO  impl.RaftServerImpl (ServerState.java:setLeader(253)) - 36329df2-da72-43d3-aa3d-421de83d9abb@group-F447499CBFB3: change Leader from null to 36329df2-da72-43d3-aa3d-421de83d9abb at term 1 for becomeLeader, leader elected after 5549ms
2019-09-25 07:31:37,560 [36329df2-da72-43d3-aa3d-421de83d9abb@group-2A93FAFC1D8E:LeaderElection2] INFO  impl.RaftServerImpl (ServerState.java:setLeader(253)) - 36329df2-da72-43d3-aa3d-421de83d9abb@group-2A93FAFC1D8E: change Leader from null to 36329df2-da72-43d3-aa3d-421de83d9abb at term 1 for becomeLeader, leader elected after 5236ms
2019-09-25 07:31:37,570 [36329df2-da72-43d3-aa3d-421de83d9abb@group-2A93FAFC1D8E:LeaderElection2] INFO  server.RaftServerConfigKeys (ConfUtils.java:logGet(43)) - raft.server.staging.catchup.gap = 1000 (default)
2019-09-25 07:31:37,570 [36329df2-da72-43d3-aa3d-421de83d9abb@group-F447499CBFB3:LeaderElection1] INFO  server.RaftServerConfigKeys (ConfUtils.java:logGet(43)) - raft.server.staging.catchup.gap = 1000 (default)
2019-09-25 07:31:37,571 [36329df2-da72-43d3-aa3d-421de83d9abb@group-2A93FAFC1D8E:LeaderElection2] INFO  server.RaftServerConfigKeys (ConfUtils.java:logGet(43)) - raft.server.rpc.sleep.time = 25ms (default)
2019-09-25 07:31:37,571 [36329df2-da72-43d3-aa3d-421de83d9abb@group-F447499CBFB3:LeaderElection1] INFO  server.RaftServerConfigKeys (ConfUtils.java:logGet(43)) - raft.server.rpc.sleep.time = 25ms (default)
2019-09-25 07:31:37,575 [36329df2-da72-43d3-aa3d-421de83d9abb@group-2A93FAFC1D8E:LeaderElection2] INFO  server.RaftServerConfigKeys (ConfUtils.java:logGet(43)) - raft.server.write.element-limit = 4096 (default)
2019-09-25 07:31:37,575 [36329df2-da72-43d3-aa3d-421de83d9abb@group-F447499CBFB3:LeaderElection1] INFO  server.RaftServerConfigKeys (ConfUtils.java:logGet(43)) - raft.server.write.element-limit = 4096 (default)
2019-09-25 07:31:37,578 [36329df2-da72-43d3-aa3d-421de83d9abb@group-2A93FAFC1D8E:LeaderElection2] INFO  server.RaftServerConfigKeys (ConfUtils.java:logGet(43)) - raft.server.watch.timeout = 10s (default)
2019-09-25 07:31:37,579 [36329df2-da72-43d3-aa3d-421de83d9abb@group-F447499CBFB3:LeaderElection1] INFO  server.RaftServerConfigKeys (ConfUtils.java:logGet(43)) - raft.server.watch.timeout = 10s (default)
2019-09-25 07:31:37,579 [36329df2-da72-43d3-aa3d-421de83d9abb@group-2A93FAFC1D8E:LeaderElection2] INFO  server.RaftServerConfigKeys (ConfUtils.java:logGet(43)) - raft.server.watch.timeout.denomination = 1s (default)
2019-09-25 07:31:37,579 [36329df2-da72-43d3-aa3d-421de83d9abb@group-F447499CBFB3:LeaderElection1] INFO  server.RaftServerConfigKeys (ConfUtils.java:logGet(43)) - raft.server.watch.timeout.denomination = 1s (default)
2019-09-25 07:31:37,580 [36329df2-da72-43d3-aa3d-421de83d9abb@group-2A93FAFC1D8E:LeaderElection2] INFO  server.RaftServerConfigKeys (ConfUtils.java:logGet(43)) - raft.server.watch.element-limit = 65536 (default)
2019-09-25 07:31:37,580 [36329df2-da72-43d3-aa3d-421de83d9abb@group-F447499CBFB3:LeaderElection1] INFO  server.RaftServerConfigKeys (ConfUtils.java:logGet(43)) - raft.server.watch.element-limit = 65536 (default)
2019-09-25 07:31:37,600 [36329df2-da72-43d3-aa3d-421de83d9abb@group-2A93FAFC1D8E:LeaderElection2] INFO  impl.RoleInfo (RoleInfo.java:updateAndGet(143)) - 36329df2-da72-43d3-aa3d-421de83d9abb: start LeaderState
2019-09-25 07:31:37,600 [36329df2-da72-43d3-aa3d-421de83d9abb@group-F447499CBFB3:LeaderElection1] INFO  impl.RoleInfo (RoleInfo.java:updateAndGet(143)) - 36329df2-da72-43d3-aa3d-421de83d9abb: start LeaderState
2019-09-25 07:31:37,625 [36329df2-da72-43d3-aa3d-421de83d9abb@group-2A93FAFC1D8E:LeaderElection2] INFO  segmented.SegmentedRaftLogWorker (SegmentedRaftLogWorker.java:startLogSegment(380)) - 36329df2-da72-43d3-aa3d-421de83d9abb@group-2A93FAFC1D8E-SegmentedRaftLogWorker: Starting segment from index:0
2019-09-25 07:31:37,625 [36329df2-da72-43d3-aa3d-421de83d9abb@group-F447499CBFB3:LeaderElection1] INFO  segmented.SegmentedRaftLogWorker (SegmentedRaftLogWorker.java:startLogSegment(380)) - 36329df2-da72-43d3-aa3d-421de83d9abb@group-F447499CBFB3-SegmentedRaftLogWorker: Starting segment from index:0
2019-09-25 07:31:37,635 [36329df2-da72-43d3-aa3d-421de83d9abb@group-2A93FAFC1D8E:LeaderElection2] INFO  impl.RaftServerImpl (ServerState.java:setRaftConf(354)) - 36329df2-da72-43d3-aa3d-421de83d9abb@group-2A93FAFC1D8E: set configuration 0: [36329df2-da72-43d3-aa3d-421de83d9abb:192.168.151.106:46815], old=null at 0
2019-09-25 07:31:37,635 [36329df2-da72-43d3-aa3d-421de83d9abb@group-F447499CBFB3:LeaderElection1] INFO  impl.RaftServerImpl (ServerState.java:setRaftConf(354)) - 36329df2-da72-43d3-aa3d-421de83d9abb@group-F447499CBFB3: set configuration 0: [36329df2-da72-43d3-aa3d-421de83d9abb:192.168.151.106:46815], old=null at 0
2019-09-25 07:31:37,638 [Thread-221] INFO  impl.FollowerState (FollowerState.java:run(106)) - 36329df2-da72-43d3-aa3d-421de83d9abb:group-E26C76A4FB0B changes to CANDIDATE, lastRpcTime:5188, electionTimeout:5187ms
2019-09-25 07:31:37,638 [Thread-221] INFO  impl.RoleInfo (RoleInfo.java:shutdownFollowerState(121)) - 36329df2-da72-43d3-aa3d-421de83d9abb: shutdown FollowerState
2019-09-25 07:31:37,638 [Thread-221] INFO  impl.RaftServerImpl (RaftServerImpl.java:setRole(174)) - 36329df2-da72-43d3-aa3d-421de83d9abb@group-E26C76A4FB0B: changes role from  FOLLOWER to CANDIDATE at term 0 for changeToCandidate
2019-09-25 07:31:37,639 [Thread-221] INFO  impl.RoleInfo (RoleInfo.java:updateAndGet(143)) - 36329df2-da72-43d3-aa3d-421de83d9abb: start LeaderElection
2019-09-25 07:31:37,655 [36329df2-da72-43d3-aa3d-421de83d9abb@group-E26C76A4FB0B:LeaderElection3] INFO  impl.LeaderElection (LeaderElection.java:askForVotes(182)) - 36329df2-da72-43d3-aa3d-421de83d9abb@group-E26C76A4FB0B:LeaderElection3: begin an election at term 1 for -1: [36329df2-da72-43d3-aa3d-421de83d9abb:192.168.151.106:46815], old=null
2019-09-25 07:31:37,657 [36329df2-da72-43d3-aa3d-421de83d9abb@group-E26C76A4FB0B:LeaderElection3] INFO  impl.RoleInfo (RoleInfo.java:shutdownLeaderElection(134)) - 36329df2-da72-43d3-aa3d-421de83d9abb: shutdown LeaderElection
2019-09-25 07:31:37,657 [36329df2-da72-43d3-aa3d-421de83d9abb@group-E26C76A4FB0B:LeaderElection3] INFO  impl.RaftServerImpl (RaftServerImpl.java:setRole(174)) - 36329df2-da72-43d3-aa3d-421de83d9abb@group-E26C76A4FB0B: changes role from CANDIDATE to LEADER at term 1 for changeToLeader
2019-09-25 07:31:37,657 [36329df2-da72-43d3-aa3d-421de83d9abb@group-E26C76A4FB0B:LeaderElection3] INFO  impl.RaftServerImpl (ServerState.java:setLeader(253)) - 36329df2-da72-43d3-aa3d-421de83d9abb@group-E26C76A4FB0B: change Leader from null to 36329df2-da72-43d3-aa3d-421de83d9abb at term 1 for becomeLeader, leader elected after 5224ms
2019-09-25 07:31:37,657 [36329df2-da72-43d3-aa3d-421de83d9abb@group-E26C76A4FB0B:LeaderElection3] INFO  server.RaftServerConfigKeys (ConfUtils.java:logGet(43)) - raft.server.staging.catchup.gap = 1000 (default)
2019-09-25 07:31:37,658 [36329df2-da72-43d3-aa3d-421de83d9abb@group-E26C76A4FB0B:LeaderElection3] INFO  server.RaftServerConfigKeys (ConfUtils.java:logGet(43)) - raft.server.rpc.sleep.time = 25ms (default)
2019-09-25 07:31:37,658 [36329df2-da72-43d3-aa3d-421de83d9abb@group-E26C76A4FB0B:LeaderElection3] INFO  server.RaftServerConfigKeys (ConfUtils.java:logGet(43)) - raft.server.write.element-limit = 4096 (default)
2019-09-25 07:31:37,658 [36329df2-da72-43d3-aa3d-421de83d9abb@group-E26C76A4FB0B:LeaderElection3] INFO  server.RaftServerConfigKeys (ConfUtils.java:logGet(43)) - raft.server.watch.timeout = 10s (default)
2019-09-25 07:31:37,658 [36329df2-da72-43d3-aa3d-421de83d9abb@group-E26C76A4FB0B:LeaderElection3] INFO  server.RaftServerConfigKeys (ConfUtils.java:logGet(43)) - raft.server.watch.timeout.denomination = 1s (default)
2019-09-25 07:31:37,658 [36329df2-da72-43d3-aa3d-421de83d9abb@group-E26C76A4FB0B:LeaderElection3] INFO  server.RaftServerConfigKeys (ConfUtils.java:logGet(43)) - raft.server.watch.element-limit = 65536 (default)
2019-09-25 07:31:37,661 [36329df2-da72-43d3-aa3d-421de83d9abb@group-E26C76A4FB0B:LeaderElection3] INFO  impl.RoleInfo (RoleInfo.java:updateAndGet(143)) - 36329df2-da72-43d3-aa3d-421de83d9abb: start LeaderState
2019-09-25 07:31:37,661 [36329df2-da72-43d3-aa3d-421de83d9abb@group-E26C76A4FB0B:LeaderElection3] INFO  segmented.SegmentedRaftLogWorker (SegmentedRaftLogWorker.java:startLogSegment(380)) - 36329df2-da72-43d3-aa3d-421de83d9abb@group-E26C76A4FB0B-SegmentedRaftLogWorker: Starting segment from index:0
2019-09-25 07:31:37,661 [36329df2-da72-43d3-aa3d-421de83d9abb@group-E26C76A4FB0B:LeaderElection3] INFO  impl.RaftServerImpl (ServerState.java:setRaftConf(354)) - 36329df2-da72-43d3-aa3d-421de83d9abb@group-E26C76A4FB0B: set configuration 0: [36329df2-da72-43d3-aa3d-421de83d9abb:192.168.151.106:46815], old=null at 0
2019-09-25 07:31:37,720 [Thread-224] INFO  impl.FollowerState (FollowerState.java:run(106)) - 36329df2-da72-43d3-aa3d-421de83d9abb:group-85C01867AF2B changes to CANDIDATE, lastRpcTime:5152, electionTimeout:5152ms
2019-09-25 07:31:37,720 [Thread-224] INFO  impl.RoleInfo (RoleInfo.java:shutdownFollowerState(121)) - 36329df2-da72-43d3-aa3d-421de83d9abb: shutdown FollowerState
2019-09-25 07:31:37,720 [Thread-224] INFO  impl.RaftServerImpl (RaftServerImpl.java:setRole(174)) - 36329df2-da72-43d3-aa3d-421de83d9abb@group-85C01867AF2B: changes role from  FOLLOWER to CANDIDATE at term 0 for changeToCandidate
2019-09-25 07:31:37,720 [Thread-224] INFO  impl.RoleInfo (RoleInfo.java:updateAndGet(143)) - 36329df2-da72-43d3-aa3d-421de83d9abb: start LeaderElection
2019-09-25 07:31:37,736 [36329df2-da72-43d3-aa3d-421de83d9abb@group-85C01867AF2B:LeaderElection4] INFO  impl.LeaderElection (LeaderElection.java:askForVotes(182)) - 36329df2-da72-43d3-aa3d-421de83d9abb@group-85C01867AF2B:LeaderElection4: begin an election at term 1 for -1: [36329df2-da72-43d3-aa3d-421de83d9abb:192.168.151.106:46815], old=null
2019-09-25 07:31:37,736 [36329df2-da72-43d3-aa3d-421de83d9abb@group-85C01867AF2B:LeaderElection4] INFO  impl.RoleInfo (RoleInfo.java:shutdownLeaderElection(134)) - 36329df2-da72-43d3-aa3d-421de83d9abb: shutdown LeaderElection
2019-09-25 07:31:37,736 [36329df2-da72-43d3-aa3d-421de83d9abb@group-85C01867AF2B:LeaderElection4] INFO  impl.RaftServerImpl (RaftServerImpl.java:setRole(174)) - 36329df2-da72-43d3-aa3d-421de83d9abb@group-85C01867AF2B: changes role from CANDIDATE to LEADER at term 1 for changeToLeader
2019-09-25 07:31:37,736 [36329df2-da72-43d3-aa3d-421de83d9abb@group-85C01867AF2B:LeaderElection4] INFO  impl.RaftServerImpl (ServerState.java:setLeader(253)) - 36329df2-da72-43d3-aa3d-421de83d9abb@group-85C01867AF2B: change Leader from null to 36329df2-da72-43d3-aa3d-421de83d9abb at term 1 for becomeLeader, leader elected after 5181ms
2019-09-25 07:31:37,737 [36329df2-da72-43d3-aa3d-421de83d9abb@group-85C01867AF2B:LeaderElection4] INFO  server.RaftServerConfigKeys (ConfUtils.java:logGet(43)) - raft.server.staging.catchup.gap = 1000 (default)
2019-09-25 07:31:37,737 [36329df2-da72-43d3-aa3d-421de83d9abb@group-85C01867AF2B:LeaderElection4] INFO  server.RaftServerConfigKeys (ConfUtils.java:logGet(43)) - raft.server.rpc.sleep.time = 25ms (default)
2019-09-25 07:31:37,737 [36329df2-da72-43d3-aa3d-421de83d9abb@group-85C01867AF2B:LeaderElection4] INFO  server.RaftServerConfigKeys (ConfUtils.java:logGet(43)) - raft.server.write.element-limit = 4096 (default)
2019-09-25 07:31:37,737 [36329df2-da72-43d3-aa3d-421de83d9abb@group-85C01867AF2B:LeaderElection4] INFO  server.RaftServerConfigKeys (ConfUtils.java:logGet(43)) - raft.server.watch.timeout = 10s (default)
2019-09-25 07:31:37,737 [36329df2-da72-43d3-aa3d-421de83d9abb@group-85C01867AF2B:LeaderElection4] INFO  server.RaftServerConfigKeys (ConfUtils.java:logGet(43)) - raft.server.watch.timeout.denomination = 1s (default)
2019-09-25 07:31:37,737 [36329df2-da72-43d3-aa3d-421de83d9abb@group-85C01867AF2B:LeaderElection4] INFO  server.RaftServerConfigKeys (ConfUtils.java:logGet(43)) - raft.server.watch.element-limit = 65536 (default)
2019-09-25 07:31:37,741 [36329df2-da72-43d3-aa3d-421de83d9abb@group-85C01867AF2B:LeaderElection4] INFO  impl.RoleInfo (RoleInfo.java:updateAndGet(143)) - 36329df2-da72-43d3-aa3d-421de83d9abb: start LeaderState
2019-09-25 07:31:37,741 [36329df2-da72-43d3-aa3d-421de83d9abb@group-85C01867AF2B:LeaderElection4] INFO  segmented.SegmentedRaftLogWorker (SegmentedRaftLogWorker.java:startLogSegment(380)) - 36329df2-da72-43d3-aa3d-421de83d9abb@group-85C01867AF2B-SegmentedRaftLogWorker: Starting segment from index:0
2019-09-25 07:31:37,742 [36329df2-da72-43d3-aa3d-421de83d9abb@group-85C01867AF2B:LeaderElection4] INFO  impl.RaftServerImpl (ServerState.java:setRaftConf(354)) - 36329df2-da72-43d3-aa3d-421de83d9abb@group-85C01867AF2B: set configuration 0: [36329df2-da72-43d3-aa3d-421de83d9abb:192.168.151.106:46815], old=null at 0
2019-09-25 07:31:37,771 [Thread-227] INFO  impl.FollowerState (FollowerState.java:run(106)) - 9cf3df6f-e379-4380-a767-50b9da7a5708:group-622BCC31CE94 changes to CANDIDATE, lastRpcTime:5036, electionTimeout:5034ms
2019-09-25 07:31:37,772 [Thread-227] INFO  impl.RoleInfo (RoleInfo.java:shutdownFollowerState(121)) - 9cf3df6f-e379-4380-a767-50b9da7a5708: shutdown FollowerState
2019-09-25 07:31:37,772 [Thread-227] INFO  impl.RaftServerImpl (RaftServerImpl.java:setRole(174)) - 9cf3df6f-e379-4380-a767-50b9da7a5708@group-622BCC31CE94: changes role from  FOLLOWER to CANDIDATE at term 0 for changeToCandidate
2019-09-25 07:31:37,772 [Thread-227] INFO  impl.RoleInfo (RoleInfo.java:updateAndGet(143)) - 9cf3df6f-e379-4380-a767-50b9da7a5708: start LeaderElection
2019-09-25 07:31:37,790 [9cf3df6f-e379-4380-a767-50b9da7a5708@group-622BCC31CE94:LeaderElection5] INFO  impl.LeaderElection (LeaderElection.java:askForVotes(182)) - 9cf3df6f-e379-4380-a767-50b9da7a5708@group-622BCC31CE94:LeaderElection5: begin an election at term 1 for -1: [9cf3df6f-e379-4380-a767-50b9da7a5708:192.168.151.106:34838], old=null
2019-09-25 07:31:37,790 [9cf3df6f-e379-4380-a767-50b9da7a5708@group-622BCC31CE94:LeaderElection5] INFO  impl.RoleInfo (RoleInfo.java:shutdownLeaderElection(134)) - 9cf3df6f-e379-4380-a767-50b9da7a5708: shutdown LeaderElection
2019-09-25 07:31:37,791 [9cf3df6f-e379-4380-a767-50b9da7a5708@group-622BCC31CE94:LeaderElection5] INFO  impl.RaftServerImpl (RaftServerImpl.java:setRole(174)) - 9cf3df6f-e379-4380-a767-50b9da7a5708@group-622BCC31CE94: changes role from CANDIDATE to LEADER at term 1 for changeToLeader
2019-09-25 07:31:37,791 [9cf3df6f-e379-4380-a767-50b9da7a5708@group-622BCC31CE94:LeaderElection5] INFO  impl.RaftServerImpl (ServerState.java:setLeader(253)) - 9cf3df6f-e379-4380-a767-50b9da7a5708@group-622BCC31CE94: change Leader from null to 9cf3df6f-e379-4380-a767-50b9da7a5708 at term 1 for becomeLeader, leader elected after 5074ms
2019-09-25 07:31:37,792 [9cf3df6f-e379-4380-a767-50b9da7a5708@group-622BCC31CE94:LeaderElection5] INFO  server.RaftServerConfigKeys (ConfUtils.java:logGet(43)) - raft.server.staging.catchup.gap = 1000 (default)
2019-09-25 07:31:37,793 [9cf3df6f-e379-4380-a767-50b9da7a5708@group-622BCC31CE94:LeaderElection5] INFO  server.RaftServerConfigKeys (ConfUtils.java:logGet(43)) - raft.server.rpc.sleep.time = 25ms (default)
2019-09-25 07:31:37,793 [9cf3df6f-e379-4380-a767-50b9da7a5708@group-622BCC31CE94:LeaderElection5] INFO  server.RaftServerConfigKeys (ConfUtils.java:logGet(43)) - raft.server.write.element-limit = 4096 (default)
2019-09-25 07:31:37,793 [9cf3df6f-e379-4380-a767-50b9da7a5708@group-622BCC31CE94:LeaderElection5] INFO  server.RaftServerConfigKeys (ConfUtils.java:logGet(43)) - raft.server.watch.timeout = 10s (default)
2019-09-25 07:31:37,793 [9cf3df6f-e379-4380-a767-50b9da7a5708@group-622BCC31CE94:LeaderElection5] INFO  server.RaftServerConfigKeys (ConfUtils.java:logGet(43)) - raft.server.watch.timeout.denomination = 1s (default)
2019-09-25 07:31:37,793 [9cf3df6f-e379-4380-a767-50b9da7a5708@group-622BCC31CE94:LeaderElection5] INFO  server.RaftServerConfigKeys (ConfUtils.java:logGet(43)) - raft.server.watch.element-limit = 65536 (default)
2019-09-25 07:31:37,796 [9cf3df6f-e379-4380-a767-50b9da7a5708@group-622BCC31CE94:LeaderElection5] INFO  impl.RoleInfo (RoleInfo.java:updateAndGet(143)) - 9cf3df6f-e379-4380-a767-50b9da7a5708: start LeaderState
2019-09-25 07:31:37,796 [9cf3df6f-e379-4380-a767-50b9da7a5708@group-622BCC31CE94:LeaderElection5] INFO  segmented.SegmentedRaftLogWorker (SegmentedRaftLogWorker.java:startLogSegment(380)) - 9cf3df6f-e379-4380-a767-50b9da7a5708@group-622BCC31CE94-SegmentedRaftLogWorker: Starting segment from index:0
2019-09-25 07:31:37,797 [9cf3df6f-e379-4380-a767-50b9da7a5708@group-622BCC31CE94:LeaderElection5] INFO  impl.RaftServerImpl (ServerState.java:setRaftConf(354)) - 9cf3df6f-e379-4380-a767-50b9da7a5708@group-622BCC31CE94: set configuration 0: [9cf3df6f-e379-4380-a767-50b9da7a5708:192.168.151.106:34838], old=null at 0
2019-09-25 07:31:37,851 [36329df2-da72-43d3-aa3d-421de83d9abb@group-85C01867AF2B-SegmentedRaftLogWorker] INFO  segmented.SegmentedRaftLogWorker (SegmentedRaftLogWorker.java:execute(569)) - 36329df2-da72-43d3-aa3d-421de83d9abb@group-85C01867AF2B-SegmentedRaftLogWorker: created new log segment /workdir/hadoop-ozone/tools/target/test-dir/MiniOzoneClusterImpl-434b9272-080e-4e11-a356-5e83993913c2/datanode-0/data/ratis/b6641644-a44c-4532-8ea5-85c01867af2b/current/log_inprogress_0
2019-09-25 07:31:37,851 [36329df2-da72-43d3-aa3d-421de83d9abb@group-E26C76A4FB0B-SegmentedRaftLogWorker] INFO  segmented.SegmentedRaftLogWorker (SegmentedRaftLogWorker.java:execute(569)) - 36329df2-da72-43d3-aa3d-421de83d9abb@group-E26C76A4FB0B-SegmentedRaftLogWorker: created new log segment /workdir/hadoop-ozone/tools/target/test-dir/MiniOzoneClusterImpl-434b9272-080e-4e11-a356-5e83993913c2/datanode-0/data/ratis/f04da4c0-22de-47af-a414-e26c76a4fb0b/current/log_inprogress_0
2019-09-25 07:31:37,851 [9cf3df6f-e379-4380-a767-50b9da7a5708@group-622BCC31CE94-SegmentedRaftLogWorker] INFO  segmented.SegmentedRaftLogWorker (SegmentedRaftLogWorker.java:execute(569)) - 9cf3df6f-e379-4380-a767-50b9da7a5708@group-622BCC31CE94-SegmentedRaftLogWorker: created new log segment /workdir/hadoop-ozone/tools/target/test-dir/MiniOzoneClusterImpl-434b9272-080e-4e11-a356-5e83993913c2/datanode-1/data/ratis/dacee418-2870-43dc-a22d-622bcc31ce94/current/log_inprogress_0
2019-09-25 07:31:37,855 [36329df2-da72-43d3-aa3d-421de83d9abb@group-F447499CBFB3-SegmentedRaftLogWorker] INFO  segmented.SegmentedRaftLogWorker (SegmentedRaftLogWorker.java:execute(569)) - 36329df2-da72-43d3-aa3d-421de83d9abb@group-F447499CBFB3-SegmentedRaftLogWorker: created new log segment /workdir/hadoop-ozone/tools/target/test-dir/MiniOzoneClusterImpl-434b9272-080e-4e11-a356-5e83993913c2/datanode-0/data/ratis/f8d28172-f83f-4080-941e-f447499cbfb3/current/log_inprogress_0
2019-09-25 07:31:37,855 [36329df2-da72-43d3-aa3d-421de83d9abb@group-2A93FAFC1D8E-SegmentedRaftLogWorker] INFO  segmented.SegmentedRaftLogWorker (SegmentedRaftLogWorker.java:execute(569)) - 36329df2-da72-43d3-aa3d-421de83d9abb@group-2A93FAFC1D8E-SegmentedRaftLogWorker: created new log segment /workdir/hadoop-ozone/tools/target/test-dir/MiniOzoneClusterImpl-434b9272-080e-4e11-a356-5e83993913c2/datanode-0/data/ratis/0ed3dddc-3db2-405c-af5f-2a93fafc1d8e/current/log_inprogress_0
2019-09-25 07:31:37,929 [Thread-230] INFO  impl.FollowerState (FollowerState.java:run(106)) - 9cf3df6f-e379-4380-a767-50b9da7a5708:group-AC550B1195A2 changes to CANDIDATE, lastRpcTime:5086, electionTimeout:5086ms
2019-09-25 07:31:37,929 [Thread-230] INFO  impl.RoleInfo (RoleInfo.java:shutdownFollowerState(121)) - 9cf3df6f-e379-4380-a767-50b9da7a5708: shutdown FollowerState
2019-09-25 07:31:37,929 [Thread-230] INFO  impl.RaftServerImpl (RaftServerImpl.java:setRole(174)) - 9cf3df6f-e379-4380-a767-50b9da7a5708@group-AC550B1195A2: changes role from  FOLLOWER to CANDIDATE at term 0 for changeToCandidate
2019-09-25 07:31:37,929 [Thread-230] INFO  impl.RoleInfo (RoleInfo.java:updateAndGet(143)) - 9cf3df6f-e379-4380-a767-50b9da7a5708: start LeaderElection
2019-09-25 07:31:37,958 [9cf3df6f-e379-4380-a767-50b9da7a5708@group-AC550B1195A2:LeaderElection6] INFO  impl.LeaderElection (LeaderElection.java:askForVotes(182)) - 9cf3df6f-e379-4380-a767-50b9da7a5708@group-AC550B1195A2:LeaderElection6: begin an election at term 1 for -1: [9cf3df6f-e379-4380-a767-50b9da7a5708:192.168.151.106:34838], old=null
2019-09-25 07:31:37,959 [9cf3df6f-e379-4380-a767-50b9da7a5708@group-AC550B1195A2:LeaderElection6] INFO  impl.RoleInfo (RoleInfo.java:shutdownLeaderElection(134)) - 9cf3df6f-e379-4380-a767-50b9da7a5708: shutdown LeaderElection
2019-09-25 07:31:37,959 [9cf3df6f-e379-4380-a767-50b9da7a5708@group-AC550B1195A2:LeaderElection6] INFO  impl.RaftServerImpl (RaftServerImpl.java:setRole(174)) - 9cf3df6f-e379-4380-a767-50b9da7a5708@group-AC550B1195A2: changes role from CANDIDATE to LEADER at term 1 for changeToLeader
2019-09-25 07:31:37,959 [9cf3df6f-e379-4380-a767-50b9da7a5708@group-AC550B1195A2:LeaderElection6] INFO  impl.RaftServerImpl (ServerState.java:setLeader(253)) - 9cf3df6f-e379-4380-a767-50b9da7a5708@group-AC550B1195A2: change Leader from null to 9cf3df6f-e379-4380-a767-50b9da7a5708 at term 1 for becomeLeader, leader elected after 5127ms
2019-09-25 07:31:37,959 [9cf3df6f-e379-4380-a767-50b9da7a5708@group-AC550B1195A2:LeaderElection6] INFO  server.RaftServerConfigKeys (ConfUtils.java:logGet(43)) - raft.server.staging.catchup.gap = 1000 (default)
2019-09-25 07:31:37,959 [9cf3df6f-e379-4380-a767-50b9da7a5708@group-AC550B1195A2:LeaderElection6] INFO  server.RaftServerConfigKeys (ConfUtils.java:logGet(43)) - raft.server.rpc.sleep.time = 25ms (default)
2019-09-25 07:31:37,960 [9cf3df6f-e379-4380-a767-50b9da7a5708@group-AC550B1195A2:LeaderElection6] INFO  server.RaftServerConfigKeys (ConfUtils.java:logGet(43)) - raft.server.write.element-limit = 4096 (default)
2019-09-25 07:31:37,960 [9cf3df6f-e379-4380-a767-50b9da7a5708@group-AC550B1195A2:LeaderElection6] INFO  server.RaftServerConfigKeys (ConfUtils.java:logGet(43)) - raft.server.watch.timeout = 10s (default)
2019-09-25 07:31:37,960 [9cf3df6f-e379-4380-a767-50b9da7a5708@group-AC550B1195A2:LeaderElection6] INFO  server.RaftServerConfigKeys (ConfUtils.java:logGet(43)) - raft.server.watch.timeout.denomination = 1s (default)
2019-09-25 07:31:37,960 [9cf3df6f-e379-4380-a767-50b9da7a5708@group-AC550B1195A2:LeaderElection6] INFO  server.RaftServerConfigKeys (ConfUtils.java:logGet(43)) - raft.server.watch.element-limit = 65536 (default)
2019-09-25 07:31:37,964 [9cf3df6f-e379-4380-a767-50b9da7a5708@group-AC550B1195A2:LeaderElection6] INFO  impl.RoleInfo (RoleInfo.java:updateAndGet(143)) - 9cf3df6f-e379-4380-a767-50b9da7a5708: start LeaderState
2019-09-25 07:31:37,964 [9cf3df6f-e379-4380-a767-50b9da7a5708@group-AC550B1195A2:LeaderElection6] INFO  segmented.SegmentedRaftLogWorker (SegmentedRaftLogWorker.java:startLogSegment(380)) - 9cf3df6f-e379-4380-a767-50b9da7a5708@group-AC550B1195A2-SegmentedRaftLogWorker: Starting segment from index:0
2019-09-25 07:31:37,964 [9cf3df6f-e379-4380-a767-50b9da7a5708@group-AC550B1195A2:LeaderElection6] INFO  impl.RaftServerImpl (ServerState.java:setRaftConf(354)) - 9cf3df6f-e379-4380-a767-50b9da7a5708@group-AC550B1195A2: set configuration 0: [9cf3df6f-e379-4380-a767-50b9da7a5708:192.168.151.106:34838], old=null at 0
2019-09-25 07:31:38,008 [Thread-233] INFO  impl.FollowerState (FollowerState.java:run(106)) - e7ade9c5-d3a7-47b4-b6a9-a4357aa48a0f:group-53316489973C changes to CANDIDATE, lastRpcTime:5042, electionTimeout:5005ms
2019-09-25 07:31:38,008 [Thread-233] INFO  impl.RoleInfo (RoleInfo.java:shutdownFollowerState(121)) - e7ade9c5-d3a7-47b4-b6a9-a4357aa48a0f: shutdown FollowerState
2019-09-25 07:31:38,008 [Thread-233] INFO  impl.RaftServerImpl (RaftServerImpl.java:setRole(174)) - e7ade9c5-d3a7-47b4-b6a9-a4357aa48a0f@group-53316489973C: changes role from  FOLLOWER to CANDIDATE at term 0 for changeToCandidate
2019-09-25 07:31:38,009 [Thread-233] INFO  impl.RoleInfo (RoleInfo.java:updateAndGet(143)) - e7ade9c5-d3a7-47b4-b6a9-a4357aa48a0f: start LeaderElection
2019-09-25 07:31:38,036 [9cf3df6f-e379-4380-a767-50b9da7a5708@group-AC550B1195A2-SegmentedRaftLogWorker] INFO  segmented.SegmentedRaftLogWorker (SegmentedRaftLogWorker.java:execute(569)) - 9cf3df6f-e379-4380-a767-50b9da7a5708@group-AC550B1195A2-SegmentedRaftLogWorker: created new log segment /workdir/hadoop-ozone/tools/target/test-dir/MiniOzoneClusterImpl-434b9272-080e-4e11-a356-5e83993913c2/datanode-1/data/ratis/021548ab-4d11-42fc-9814-ac550b1195a2/current/log_inprogress_0
2019-09-25 07:31:38,037 [e7ade9c5-d3a7-47b4-b6a9-a4357aa48a0f@group-53316489973C:LeaderElection7] INFO  impl.LeaderElection (LeaderElection.java:askForVotes(182)) - e7ade9c5-d3a7-47b4-b6a9-a4357aa48a0f@group-53316489973C:LeaderElection7: begin an election at term 1 for -1: [e7ade9c5-d3a7-47b4-b6a9-a4357aa48a0f:192.168.151.106:33258], old=null
2019-09-25 07:31:38,037 [e7ade9c5-d3a7-47b4-b6a9-a4357aa48a0f@group-53316489973C:LeaderElection7] INFO  impl.RoleInfo (RoleInfo.java:shutdownLeaderElection(134)) - e7ade9c5-d3a7-47b4-b6a9-a4357aa48a0f: shutdown LeaderElection
2019-09-25 07:31:38,037 [e7ade9c5-d3a7-47b4-b6a9-a4357aa48a0f@group-53316489973C:LeaderElection7] INFO  impl.RaftServerImpl (RaftServerImpl.java:setRole(174)) - e7ade9c5-d3a7-47b4-b6a9-a4357aa48a0f@group-53316489973C: changes role from CANDIDATE to LEADER at term 1 for changeToLeader
2019-09-25 07:31:38,037 [e7ade9c5-d3a7-47b4-b6a9-a4357aa48a0f@group-53316489973C:LeaderElection7] INFO  impl.RaftServerImpl (ServerState.java:setLeader(253)) - e7ade9c5-d3a7-47b4-b6a9-a4357aa48a0f@group-53316489973C: change Leader from null to e7ade9c5-d3a7-47b4-b6a9-a4357aa48a0f at term 1 for becomeLeader, leader elected after 5111ms
2019-09-25 07:31:38,039 [e7ade9c5-d3a7-47b4-b6a9-a4357aa48a0f@group-53316489973C:LeaderElection7] INFO  server.RaftServerConfigKeys (ConfUtils.java:logGet(43)) - raft.server.staging.catchup.gap = 1000 (default)
2019-09-25 07:31:38,039 [e7ade9c5-d3a7-47b4-b6a9-a4357aa48a0f@group-53316489973C:LeaderElection7] INFO  server.RaftServerConfigKeys (ConfUtils.java:logGet(43)) - raft.server.rpc.sleep.time = 25ms (default)
2019-09-25 07:31:38,040 [e7ade9c5-d3a7-47b4-b6a9-a4357aa48a0f@group-53316489973C:LeaderElection7] INFO  server.RaftServerConfigKeys (ConfUtils.java:logGet(43)) - raft.server.write.element-limit = 4096 (default)
2019-09-25 07:31:38,040 [e7ade9c5-d3a7-47b4-b6a9-a4357aa48a0f@group-53316489973C:LeaderElection7] INFO  server.RaftServerConfigKeys (ConfUtils.java:logGet(43)) - raft.server.watch.timeout = 10s (default)
2019-09-25 07:31:38,040 [e7ade9c5-d3a7-47b4-b6a9-a4357aa48a0f@group-53316489973C:LeaderElection7] INFO  server.RaftServerConfigKeys (ConfUtils.java:logGet(43)) - raft.server.watch.timeout.denomination = 1s (default)
2019-09-25 07:31:38,040 [e7ade9c5-d3a7-47b4-b6a9-a4357aa48a0f@group-53316489973C:LeaderElection7] INFO  server.RaftServerConfigKeys (ConfUtils.java:logGet(43)) - raft.server.watch.element-limit = 65536 (default)
2019-09-25 07:31:38,043 [e7ade9c5-d3a7-47b4-b6a9-a4357aa48a0f@group-53316489973C:LeaderElection7] INFO  impl.RoleInfo (RoleInfo.java:updateAndGet(143)) - e7ade9c5-d3a7-47b4-b6a9-a4357aa48a0f: start LeaderState
2019-09-25 07:31:38,044 [e7ade9c5-d3a7-47b4-b6a9-a4357aa48a0f@group-53316489973C:LeaderElection7] INFO  segmented.SegmentedRaftLogWorker (SegmentedRaftLogWorker.java:startLogSegment(380)) - e7ade9c5-d3a7-47b4-b6a9-a4357aa48a0f@group-53316489973C-SegmentedRaftLogWorker: Starting segment from index:0
2019-09-25 07:31:38,044 [e7ade9c5-d3a7-47b4-b6a9-a4357aa48a0f@group-53316489973C:LeaderElection7] INFO  impl.RaftServerImpl (ServerState.java:setRaftConf(354)) - e7ade9c5-d3a7-47b4-b6a9-a4357aa48a0f@group-53316489973C: set configuration 0: [e7ade9c5-d3a7-47b4-b6a9-a4357aa48a0f:192.168.151.106:33258], old=null at 0
2019-09-25 07:31:38,087 [e7ade9c5-d3a7-47b4-b6a9-a4357aa48a0f@group-53316489973C-SegmentedRaftLogWorker] INFO  segmented.SegmentedRaftLogWorker (SegmentedRaftLogWorker.java:execute(569)) - e7ade9c5-d3a7-47b4-b6a9-a4357aa48a0f@group-53316489973C-SegmentedRaftLogWorker: created new log segment /workdir/hadoop-ozone/tools/target/test-dir/MiniOzoneClusterImpl-434b9272-080e-4e11-a356-5e83993913c2/datanode-4/data/ratis/db96c144-e946-4ec1-9044-53316489973c/current/log_inprogress_0
2019-09-25 07:31:38,190 [Thread-239] INFO  impl.FollowerState (FollowerState.java:run(106)) - 36329df2-da72-43d3-aa3d-421de83d9abb:group-563746C48FC5 changes to CANDIDATE, lastRpcTime:5073, electionTimeout:5073ms
2019-09-25 07:31:38,191 [Thread-239] INFO  impl.RoleInfo (RoleInfo.java:shutdownFollowerState(121)) - 36329df2-da72-43d3-aa3d-421de83d9abb: shutdown FollowerState
2019-09-25 07:31:38,191 [Thread-239] INFO  impl.RaftServerImpl (RaftServerImpl.java:setRole(174)) - 36329df2-da72-43d3-aa3d-421de83d9abb@group-563746C48FC5: changes role from  FOLLOWER to CANDIDATE at term 0 for changeToCandidate
2019-09-25 07:31:38,191 [Thread-239] INFO  impl.RoleInfo (RoleInfo.java:updateAndGet(143)) - 36329df2-da72-43d3-aa3d-421de83d9abb: start LeaderElection
2019-09-25 07:31:38,221 [36329df2-da72-43d3-aa3d-421de83d9abb@group-563746C48FC5:LeaderElection8] INFO  impl.LeaderElection (LeaderElection.java:askForVotes(182)) - 36329df2-da72-43d3-aa3d-421de83d9abb@group-563746C48FC5:LeaderElection8: begin an election at term 1 for -1: [36329df2-da72-43d3-aa3d-421de83d9abb:192.168.151.106:46815], old=null
2019-09-25 07:31:38,221 [36329df2-da72-43d3-aa3d-421de83d9abb@group-563746C48FC5:LeaderElection8] INFO  impl.RoleInfo (RoleInfo.java:shutdownLeaderElection(134)) - 36329df2-da72-43d3-aa3d-421de83d9abb: shutdown LeaderElection
2019-09-25 07:31:38,221 [36329df2-da72-43d3-aa3d-421de83d9abb@group-563746C48FC5:LeaderElection8] INFO  impl.RaftServerImpl (RaftServerImpl.java:setRole(174)) - 36329df2-da72-43d3-aa3d-421de83d9abb@group-563746C48FC5: changes role from CANDIDATE to LEADER at term 1 for changeToLeader
2019-09-25 07:31:38,221 [36329df2-da72-43d3-aa3d-421de83d9abb@group-563746C48FC5:LeaderElection8] INFO  impl.RaftServerImpl (ServerState.java:setLeader(253)) - 36329df2-da72-43d3-aa3d-421de83d9abb@group-563746C48FC5: change Leader from null to 36329df2-da72-43d3-aa3d-421de83d9abb at term 1 for becomeLeader, leader elected after 5112ms
2019-09-25 07:31:38,222 [36329df2-da72-43d3-aa3d-421de83d9abb@group-563746C48FC5:LeaderElection8] INFO  server.RaftServerConfigKeys (ConfUtils.java:logGet(43)) - raft.server.staging.catchup.gap = 1000 (default)
2019-09-25 07:31:38,222 [36329df2-da72-43d3-aa3d-421de83d9abb@group-563746C48FC5:LeaderElection8] INFO  server.RaftServerConfigKeys (ConfUtils.java:logGet(43)) - raft.server.rpc.sleep.time = 25ms (default)
2019-09-25 07:31:38,222 [36329df2-da72-43d3-aa3d-421de83d9abb@group-563746C48FC5:LeaderElection8] INFO  server.RaftServerConfigKeys (ConfUtils.java:logGet(43)) - raft.server.write.element-limit = 4096 (default)
2019-09-25 07:31:38,222 [36329df2-da72-43d3-aa3d-421de83d9abb@group-563746C48FC5:LeaderElection8] INFO  server.RaftServerConfigKeys (ConfUtils.java:logGet(43)) - raft.server.watch.timeout = 10s (default)
2019-09-25 07:31:38,222 [36329df2-da72-43d3-aa3d-421de83d9abb@group-563746C48FC5:LeaderElection8] INFO  server.RaftServerConfigKeys (ConfUtils.java:logGet(43)) - raft.server.watch.timeout.denomination = 1s (default)
2019-09-25 07:31:38,222 [36329df2-da72-43d3-aa3d-421de83d9abb@group-563746C48FC5:LeaderElection8] INFO  server.RaftServerConfigKeys (ConfUtils.java:logGet(43)) - raft.server.watch.element-limit = 65536 (default)
2019-09-25 07:31:38,226 [36329df2-da72-43d3-aa3d-421de83d9abb@group-563746C48FC5:LeaderElection8] INFO  impl.RoleInfo (RoleInfo.java:updateAndGet(143)) - 36329df2-da72-43d3-aa3d-421de83d9abb: start LeaderState
2019-09-25 07:31:38,226 [36329df2-da72-43d3-aa3d-421de83d9abb@group-563746C48FC5:LeaderElection8] INFO  segmented.SegmentedRaftLogWorker (SegmentedRaftLogWorker.java:startLogSegment(380)) - 36329df2-da72-43d3-aa3d-421de83d9abb@group-563746C48FC5-SegmentedRaftLogWorker: Starting segment from index:0
2019-09-25 07:31:38,227 [36329df2-da72-43d3-aa3d-421de83d9abb@group-563746C48FC5:LeaderElection8] INFO  impl.RaftServerImpl (ServerState.java:setRaftConf(354)) - 36329df2-da72-43d3-aa3d-421de83d9abb@group-563746C48FC5: set configuration 0: [36329df2-da72-43d3-aa3d-421de83d9abb:192.168.151.106:46815], old=null at 0
2019-09-25 07:31:38,257 [Thread-236] INFO  impl.FollowerState (FollowerState.java:run(106)) - e7ade9c5-d3a7-47b4-b6a9-a4357aa48a0f:group-ACD272D9DBD7 changes to CANDIDATE, lastRpcTime:5197, electionTimeout:5188ms
2019-09-25 07:31:38,257 [Thread-236] INFO  impl.RoleInfo (RoleInfo.java:shutdownFollowerState(121)) - e7ade9c5-d3a7-47b4-b6a9-a4357aa48a0f: shutdown FollowerState
2019-09-25 07:31:38,257 [Thread-236] INFO  impl.RaftServerImpl (RaftServerImpl.java:setRole(174)) - e7ade9c5-d3a7-47b4-b6a9-a4357aa48a0f@group-ACD272D9DBD7: changes role from  FOLLOWER to CANDIDATE at term 0 for changeToCandidate
2019-09-25 07:31:38,258 [Thread-236] INFO  impl.RoleInfo (RoleInfo.java:updateAndGet(143)) - e7ade9c5-d3a7-47b4-b6a9-a4357aa48a0f: start LeaderElection
2019-09-25 07:31:38,276 [36329df2-da72-43d3-aa3d-421de83d9abb@group-563746C48FC5-SegmentedRaftLogWorker] INFO  segmented.SegmentedRaftLogWorker (SegmentedRaftLogWorker.java:execute(569)) - 36329df2-da72-43d3-aa3d-421de83d9abb@group-563746C48FC5-SegmentedRaftLogWorker: created new log segment /workdir/hadoop-ozone/tools/target/test-dir/MiniOzoneClusterImpl-434b9272-080e-4e11-a356-5e83993913c2/datanode-0/data/ratis/c6abd2dc-ba99-455b-8a0e-563746c48fc5/current/log_inprogress_0
2019-09-25 07:31:38,276 [e7ade9c5-d3a7-47b4-b6a9-a4357aa48a0f@group-ACD272D9DBD7:LeaderElection9] INFO  impl.LeaderElection (LeaderElection.java:askForVotes(182)) - e7ade9c5-d3a7-47b4-b6a9-a4357aa48a0f@group-ACD272D9DBD7:LeaderElection9: begin an election at term 1 for -1: [e7ade9c5-d3a7-47b4-b6a9-a4357aa48a0f:192.168.151.106:33258], old=null
2019-09-25 07:31:38,277 [e7ade9c5-d3a7-47b4-b6a9-a4357aa48a0f@group-ACD272D9DBD7:LeaderElection9] INFO  impl.RoleInfo (RoleInfo.java:shutdownLeaderElection(134)) - e7ade9c5-d3a7-47b4-b6a9-a4357aa48a0f: shutdown LeaderElection
2019-09-25 07:31:38,277 [e7ade9c5-d3a7-47b4-b6a9-a4357aa48a0f@group-ACD272D9DBD7:LeaderElection9] INFO  impl.RaftServerImpl (RaftServerImpl.java:setRole(174)) - e7ade9c5-d3a7-47b4-b6a9-a4357aa48a0f@group-ACD272D9DBD7: changes role from CANDIDATE to LEADER at term 1 for changeToLeader
2019-09-25 07:31:38,277 [e7ade9c5-d3a7-47b4-b6a9-a4357aa48a0f@group-ACD272D9DBD7:LeaderElection9] INFO  impl.RaftServerImpl (ServerState.java:setLeader(253)) - e7ade9c5-d3a7-47b4-b6a9-a4357aa48a0f@group-ACD272D9DBD7: change Leader from null to e7ade9c5-d3a7-47b4-b6a9-a4357aa48a0f at term 1 for becomeLeader, leader elected after 5234ms
2019-09-25 07:31:38,277 [e7ade9c5-d3a7-47b4-b6a9-a4357aa48a0f@group-ACD272D9DBD7:LeaderElection9] INFO  server.RaftServerConfigKeys (ConfUtils.java:logGet(43)) - raft.server.staging.catchup.gap = 1000 (default)
2019-09-25 07:31:38,277 [e7ade9c5-d3a7-47b4-b6a9-a4357aa48a0f@group-ACD272D9DBD7:LeaderElection9] INFO  server.RaftServerConfigKeys (ConfUtils.java:logGet(43)) - raft.server.rpc.sleep.time = 25ms (default)
 0.00% |█                                                                                                    |  0/1 Time: 0:00:012019-09-25 07:31:38,277 [e7ade9c5-d3a7-47b4-b6a9-a4357aa48a0f@group-ACD272D9DBD7:LeaderElection9] INFO  server.RaftServerConfigKeys (ConfUtils.java:logGet(43)) - raft.server.write.element-limit = 4096 (default)
2019-09-25 07:31:38,278 [e7ade9c5-d3a7-47b4-b6a9-a4357aa48a0f@group-ACD272D9DBD7:LeaderElection9] INFO  server.RaftServerConfigKeys (ConfUtils.java:logGet(43)) - raft.server.watch.timeout = 10s (default)
2019-09-25 07:31:38,278 [e7ade9c5-d3a7-47b4-b6a9-a4357aa48a0f@group-ACD272D9DBD7:LeaderElection9] INFO  server.RaftServerConfigKeys (ConfUtils.java:logGet(43)) - raft.server.watch.timeout.denomination = 1s (default)
2019-09-25 07:31:38,278 [e7ade9c5-d3a7-47b4-b6a9-a4357aa48a0f@group-ACD272D9DBD7:LeaderElection9] INFO  server.RaftServerConfigKeys (ConfUtils.java:logGet(43)) - raft.server.watch.element-limit = 65536 (default)
2019-09-25 07:31:38,281 [e7ade9c5-d3a7-47b4-b6a9-a4357aa48a0f@group-ACD272D9DBD7:LeaderElection9] INFO  impl.RoleInfo (RoleInfo.java:updateAndGet(143)) - e7ade9c5-d3a7-47b4-b6a9-a4357aa48a0f: start LeaderState
2019-09-25 07:31:38,281 [e7ade9c5-d3a7-47b4-b6a9-a4357aa48a0f@group-ACD272D9DBD7:LeaderElection9] INFO  segmented.SegmentedRaftLogWorker (SegmentedRaftLogWorker.java:startLogSegment(380)) - e7ade9c5-d3a7-47b4-b6a9-a4357aa48a0f@group-ACD272D9DBD7-SegmentedRaftLogWorker: Starting segment from index:0
2019-09-25 07:31:38,282 [e7ade9c5-d3a7-47b4-b6a9-a4357aa48a0f@group-ACD272D9DBD7:LeaderElection9] INFO  impl.RaftServerImpl (ServerState.java:setRaftConf(354)) - e7ade9c5-d3a7-47b4-b6a9-a4357aa48a0f@group-ACD272D9DBD7: set configuration 0: [e7ade9c5-d3a7-47b4-b6a9-a4357aa48a0f:192.168.151.106:33258], old=null at 0
2019-09-25 07:31:38,326 [e7ade9c5-d3a7-47b4-b6a9-a4357aa48a0f@group-ACD272D9DBD7-SegmentedRaftLogWorker] INFO  segmented.SegmentedRaftLogWorker (SegmentedRaftLogWorker.java:execute(569)) - e7ade9c5-d3a7-47b4-b6a9-a4357aa48a0f@group-ACD272D9DBD7-SegmentedRaftLogWorker: created new log segment /workdir/hadoop-ozone/tools/target/test-dir/MiniOzoneClusterImpl-434b9272-080e-4e11-a356-5e83993913c2/datanode-4/data/ratis/c412cf1c-33be-4fda-bdeb-acd272d9dbd7/current/log_inprogress_0
2019-09-25 07:31:38,378 [Thread-242] INFO  impl.FollowerState (FollowerState.java:run(106)) - 9cf3df6f-e379-4380-a767-50b9da7a5708:group-0466B6F132BD changes to CANDIDATE, lastRpcTime:5179, electionTimeout:5179ms
2019-09-25 07:31:38,378 [Thread-242] INFO  impl.RoleInfo (RoleInfo.java:shutdownFollowerState(121)) - 9cf3df6f-e379-4380-a767-50b9da7a5708: shutdown FollowerState
2019-09-25 07:31:38,378 [Thread-242] INFO  impl.RaftServerImpl (RaftServerImpl.java:setRole(174)) - 9cf3df6f-e379-4380-a767-50b9da7a5708@group-0466B6F132BD: changes role from  FOLLOWER to CANDIDATE at term 0 for changeToCandidate
2019-09-25 07:31:38,379 [Thread-242] INFO  impl.RoleInfo (RoleInfo.java:updateAndGet(143)) - 9cf3df6f-e379-4380-a767-50b9da7a5708: start LeaderElection
2019-09-25 07:31:38,396 [9cf3df6f-e379-4380-a767-50b9da7a5708@group-0466B6F132BD:LeaderElection10] INFO  impl.LeaderElection (LeaderElection.java:askForVotes(182)) - 9cf3df6f-e379-4380-a767-50b9da7a5708@group-0466B6F132BD:LeaderElection10: begin an election at term 1 for -1: [9cf3df6f-e379-4380-a767-50b9da7a5708:192.168.151.106:34838], old=null
2019-09-25 07:31:38,396 [9cf3df6f-e379-4380-a767-50b9da7a5708@group-0466B6F132BD:LeaderElection10] INFO  impl.RoleInfo (RoleInfo.java:shutdownLeaderElection(134)) - 9cf3df6f-e379-4380-a767-50b9da7a5708: shutdown LeaderElection
2019-09-25 07:31:38,396 [9cf3df6f-e379-4380-a767-50b9da7a5708@group-0466B6F132BD:LeaderElection10] INFO  impl.RaftServerImpl (RaftServerImpl.java:setRole(174)) - 9cf3df6f-e379-4380-a767-50b9da7a5708@group-0466B6F132BD: changes role from CANDIDATE to LEADER at term 1 for changeToLeader
2019-09-25 07:31:38,396 [9cf3df6f-e379-4380-a767-50b9da7a5708@group-0466B6F132BD:LeaderElection10] INFO  impl.RaftServerImpl (ServerState.java:setLeader(253)) - 9cf3df6f-e379-4380-a767-50b9da7a5708@group-0466B6F132BD: change Leader from null to 9cf3df6f-e379-4380-a767-50b9da7a5708 at term 1 for becomeLeader, leader elected after 5206ms
2019-09-25 07:31:38,396 [9cf3df6f-e379-4380-a767-50b9da7a5708@group-0466B6F132BD:LeaderElection10] INFO  server.RaftServerConfigKeys (ConfUtils.java:logGet(43)) - raft.server.staging.catchup.gap = 1000 (default)
2019-09-25 07:31:38,397 [9cf3df6f-e379-4380-a767-50b9da7a5708@group-0466B6F132BD:LeaderElection10] INFO  server.RaftServerConfigKeys (ConfUtils.java:logGet(43)) - raft.server.rpc.sleep.time = 25ms (default)
2019-09-25 07:31:38,397 [9cf3df6f-e379-4380-a767-50b9da7a5708@group-0466B6F132BD:LeaderElection10] INFO  server.RaftServerConfigKeys (ConfUtils.java:logGet(43)) - raft.server.write.element-limit = 4096 (default)
2019-09-25 07:31:38,397 [9cf3df6f-e379-4380-a767-50b9da7a5708@group-0466B6F132BD:LeaderElection10] INFO  server.RaftServerConfigKeys (ConfUtils.java:logGet(43)) - raft.server.watch.timeout = 10s (default)
2019-09-25 07:31:38,397 [9cf3df6f-e379-4380-a767-50b9da7a5708@group-0466B6F132BD:LeaderElection10] INFO  server.RaftServerConfigKeys (ConfUtils.java:logGet(43)) - raft.server.watch.timeout.denomination = 1s (default)
2019-09-25 07:31:38,397 [9cf3df6f-e379-4380-a767-50b9da7a5708@group-0466B6F132BD:LeaderElection10] INFO  server.RaftServerConfigKeys (ConfUtils.java:logGet(43)) - raft.server.watch.element-limit = 65536 (default)
2019-09-25 07:31:38,401 [9cf3df6f-e379-4380-a767-50b9da7a5708@group-0466B6F132BD:LeaderElection10] INFO  impl.RoleInfo (RoleInfo.java:updateAndGet(143)) - 9cf3df6f-e379-4380-a767-50b9da7a5708: start LeaderState
2019-09-25 07:31:38,401 [9cf3df6f-e379-4380-a767-50b9da7a5708@group-0466B6F132BD:LeaderElection10] INFO  segmented.SegmentedRaftLogWorker (SegmentedRaftLogWorker.java:startLogSegment(380)) - 9cf3df6f-e379-4380-a767-50b9da7a5708@group-0466B6F132BD-SegmentedRaftLogWorker: Starting segment from index:0
2019-09-25 07:31:38,402 [9cf3df6f-e379-4380-a767-50b9da7a5708@group-0466B6F132BD:LeaderElection10] INFO  impl.RaftServerImpl (ServerState.java:setRaftConf(354)) - 9cf3df6f-e379-4380-a767-50b9da7a5708@group-0466B6F132BD: set configuration 0: [9cf3df6f-e379-4380-a767-50b9da7a5708:192.168.151.106:34838], old=null at 0
2019-09-25 07:31:38,442 [Thread-245] INFO  impl.FollowerState (FollowerState.java:run(106)) - 36329df2-da72-43d3-aa3d-421de83d9abb:group-08659041372D changes to CANDIDATE, lastRpcTime:5168, electionTimeout:5160ms
2019-09-25 07:31:38,442 [Thread-245] INFO  impl.RoleInfo (RoleInfo.java:shutdownFollowerState(121)) - 36329df2-da72-43d3-aa3d-421de83d9abb: shutdown FollowerState
2019-09-25 07:31:38,442 [Thread-245] INFO  impl.RaftServerImpl (RaftServerImpl.java:setRole(174)) - 36329df2-da72-43d3-aa3d-421de83d9abb@group-08659041372D: changes role from  FOLLOWER to CANDIDATE at term 0 for changeToCandidate
2019-09-25 07:31:38,443 [Thread-245] INFO  impl.RoleInfo (RoleInfo.java:updateAndGet(143)) - 36329df2-da72-43d3-aa3d-421de83d9abb: start LeaderElection
2019-09-25 07:31:38,462 [9cf3df6f-e379-4380-a767-50b9da7a5708@group-0466B6F132BD-SegmentedRaftLogWorker] INFO  segmented.SegmentedRaftLogWorker (SegmentedRaftLogWorker.java:execute(569)) - 9cf3df6f-e379-4380-a767-50b9da7a5708@group-0466B6F132BD-SegmentedRaftLogWorker: created new log segment /workdir/hadoop-ozone/tools/target/test-dir/MiniOzoneClusterImpl-434b9272-080e-4e11-a356-5e83993913c2/datanode-1/data/ratis/82cf8431-4e02-4d9c-b189-0466b6f132bd/current/log_inprogress_0
2019-09-25 07:31:38,462 [36329df2-da72-43d3-aa3d-421de83d9abb@group-08659041372D:LeaderElection11] INFO  impl.LeaderElection (LeaderElection.java:askForVotes(182)) - 36329df2-da72-43d3-aa3d-421de83d9abb@group-08659041372D:LeaderElection11: begin an election at term 1 for -1: [36329df2-da72-43d3-aa3d-421de83d9abb:192.168.151.106:46815], old=null
2019-09-25 07:31:38,462 [36329df2-da72-43d3-aa3d-421de83d9abb@group-08659041372D:LeaderElection11] INFO  impl.RoleInfo (RoleInfo.java:shutdownLeaderElection(134)) - 36329df2-da72-43d3-aa3d-421de83d9abb: shutdown LeaderElection
2019-09-25 07:31:38,463 [36329df2-da72-43d3-aa3d-421de83d9abb@group-08659041372D:LeaderElection11] INFO  impl.RaftServerImpl (RaftServerImpl.java:setRole(174)) - 36329df2-da72-43d3-aa3d-421de83d9abb@group-08659041372D: changes role from CANDIDATE to LEADER at term 1 for changeToLeader
2019-09-25 07:31:38,463 [36329df2-da72-43d3-aa3d-421de83d9abb@group-08659041372D:LeaderElection11] INFO  impl.RaftServerImpl (ServerState.java:setLeader(253)) - 36329df2-da72-43d3-aa3d-421de83d9abb@group-08659041372D: change Leader from null to 36329df2-da72-43d3-aa3d-421de83d9abb at term 1 for becomeLeader, leader elected after 5197ms
2019-09-25 07:31:38,463 [36329df2-da72-43d3-aa3d-421de83d9abb@group-08659041372D:LeaderElection11] INFO  server.RaftServerConfigKeys (ConfUtils.java:logGet(43)) - raft.server.staging.catchup.gap = 1000 (default)
2019-09-25 07:31:38,463 [36329df2-da72-43d3-aa3d-421de83d9abb@group-08659041372D:LeaderElection11] INFO  server.RaftServerConfigKeys (ConfUtils.java:logGet(43)) - raft.server.rpc.sleep.time = 25ms (default)
2019-09-25 07:31:38,463 [36329df2-da72-43d3-aa3d-421de83d9abb@group-08659041372D:LeaderElection11] INFO  server.RaftServerConfigKeys (ConfUtils.java:logGet(43)) - raft.server.write.element-limit = 4096 (default)
2019-09-25 07:31:38,463 [36329df2-da72-43d3-aa3d-421de83d9abb@group-08659041372D:LeaderElection11] INFO  server.RaftServerConfigKeys (ConfUtils.java:logGet(43)) - raft.server.watch.timeout = 10s (default)
2019-09-25 07:31:38,464 [36329df2-da72-43d3-aa3d-421de83d9abb@group-08659041372D:LeaderElection11] INFO  server.RaftServerConfigKeys (ConfUtils.java:logGet(43)) - raft.server.watch.timeout.denomination = 1s (default)
2019-09-25 07:31:38,464 [36329df2-da72-43d3-aa3d-421de83d9abb@group-08659041372D:LeaderElection11] INFO  server.RaftServerConfigKeys (ConfUtils.java:logGet(43)) - raft.server.watch.element-limit = 65536 (default)
2019-09-25 07:31:38,466 [36329df2-da72-43d3-aa3d-421de83d9abb@group-08659041372D:LeaderElection11] INFO  impl.RoleInfo (RoleInfo.java:updateAndGet(143)) - 36329df2-da72-43d3-aa3d-421de83d9abb: start LeaderState
2019-09-25 07:31:38,467 [36329df2-da72-43d3-aa3d-421de83d9abb@group-08659041372D:LeaderElection11] INFO  segmented.SegmentedRaftLogWorker (SegmentedRaftLogWorker.java:startLogSegment(380)) - 36329df2-da72-43d3-aa3d-421de83d9abb@group-08659041372D-SegmentedRaftLogWorker: Starting segment from index:0
2019-09-25 07:31:38,467 [36329df2-da72-43d3-aa3d-421de83d9abb@group-08659041372D:LeaderElection11] INFO  impl.RaftServerImpl (ServerState.java:setRaftConf(354)) - 36329df2-da72-43d3-aa3d-421de83d9abb@group-08659041372D: set configuration 0: [36329df2-da72-43d3-aa3d-421de83d9abb:192.168.151.106:46815], old=null at 0
2019-09-25 07:31:38,511 [36329df2-da72-43d3-aa3d-421de83d9abb@group-08659041372D-SegmentedRaftLogWorker] INFO  segmented.SegmentedRaftLogWorker (SegmentedRaftLogWorker.java:execute(569)) - 36329df2-da72-43d3-aa3d-421de83d9abb@group-08659041372D-SegmentedRaftLogWorker: created new log segment /workdir/hadoop-ozone/tools/target/test-dir/MiniOzoneClusterImpl-434b9272-080e-4e11-a356-5e83993913c2/datanode-0/data/ratis/60db68b9-ca5d-4ca6-afb9-08659041372d/current/log_inprogress_0
2019-09-25 07:31:38,547 [Thread-251] INFO  impl.FollowerState (FollowerState.java:run(106)) - 30ed9a86-7dc1-44e8-9d30-33403d1562de:group-92F1B19D8EE6 changes to CANDIDATE, lastRpcTime:5107, electionTimeout:5107ms
2019-09-25 07:31:38,548 [Thread-251] INFO  impl.RoleInfo (RoleInfo.java:shutdownFollowerState(121)) - 30ed9a86-7dc1-44e8-9d30-33403d1562de: shutdown FollowerState
2019-09-25 07:31:38,548 [Thread-251] INFO  impl.RaftServerImpl (RaftServerImpl.java:setRole(174)) - 30ed9a86-7dc1-44e8-9d30-33403d1562de@group-92F1B19D8EE6: changes role from  FOLLOWER to CANDIDATE at term 0 for changeToCandidate
2019-09-25 07:31:38,548 [Thread-251] INFO  impl.RoleInfo (RoleInfo.java:updateAndGet(143)) - 30ed9a86-7dc1-44e8-9d30-33403d1562de: start LeaderElection
2019-09-25 07:31:38,554 [Thread-254] INFO  impl.FollowerState (FollowerState.java:run(106)) - d48b337c-c375-45aa-b643-d5a6070b4eed:group-BED5BA3E57DB changes to CANDIDATE, lastRpcTime:5025, electionTimeout:5023ms
2019-09-25 07:31:38,555 [Thread-254] INFO  impl.RoleInfo (RoleInfo.java:shutdownFollowerState(121)) - d48b337c-c375-45aa-b643-d5a6070b4eed: shutdown FollowerState
2019-09-25 07:31:38,555 [Thread-254] INFO  impl.RaftServerImpl (RaftServerImpl.java:setRole(174)) - d48b337c-c375-45aa-b643-d5a6070b4eed@group-BED5BA3E57DB: changes role from  FOLLOWER to CANDIDATE at term 0 for changeToCandidate
2019-09-25 07:31:38,555 [Thread-254] INFO  impl.RoleInfo (RoleInfo.java:updateAndGet(143)) - d48b337c-c375-45aa-b643-d5a6070b4eed: start LeaderElection
2019-09-25 07:31:38,561 [Thread-248] INFO  impl.FollowerState (FollowerState.java:run(106)) - d48b337c-c375-45aa-b643-d5a6070b4eed:group-BC73350C6D41 changes to CANDIDATE, lastRpcTime:5193, electionTimeout:5193ms
2019-09-25 07:31:38,561 [Thread-248] INFO  impl.RoleInfo (RoleInfo.java:shutdownFollowerState(121)) - d48b337c-c375-45aa-b643-d5a6070b4eed: shutdown FollowerState
2019-09-25 07:31:38,561 [Thread-248] INFO  impl.RaftServerImpl (RaftServerImpl.java:setRole(174)) - d48b337c-c375-45aa-b643-d5a6070b4eed@group-BC73350C6D41: changes role from  FOLLOWER to CANDIDATE at term 0 for changeToCandidate
2019-09-25 07:31:38,561 [Thread-248] INFO  impl.RoleInfo (RoleInfo.java:updateAndGet(143)) - d48b337c-c375-45aa-b643-d5a6070b4eed: start LeaderElection
2019-09-25 07:31:38,582 [30ed9a86-7dc1-44e8-9d30-33403d1562de@group-92F1B19D8EE6:LeaderElection12] INFO  impl.LeaderElection (LeaderElection.java:askForVotes(182)) - 30ed9a86-7dc1-44e8-9d30-33403d1562de@group-92F1B19D8EE6:LeaderElection12: begin an election at term 1 for -1: [30ed9a86-7dc1-44e8-9d30-33403d1562de:192.168.151.106:38001], old=null
2019-09-25 07:31:38,582 [d48b337c-c375-45aa-b643-d5a6070b4eed@group-BED5BA3E57DB:LeaderElection13] INFO  impl.LeaderElection (LeaderElection.java:askForVotes(182)) - d48b337c-c375-45aa-b643-d5a6070b4eed@group-BED5BA3E57DB:LeaderElection13: begin an election at term 1 for -1: [d48b337c-c375-45aa-b643-d5a6070b4eed:192.168.151.106:46356], old=null
2019-09-25 07:31:38,582 [30ed9a86-7dc1-44e8-9d30-33403d1562de@group-92F1B19D8EE6:LeaderElection12] INFO  impl.RoleInfo (RoleInfo.java:shutdownLeaderElection(134)) - 30ed9a86-7dc1-44e8-9d30-33403d1562de: shutdown LeaderElection
2019-09-25 07:31:38,582 [d48b337c-c375-45aa-b643-d5a6070b4eed@group-BED5BA3E57DB:LeaderElection13] INFO  impl.RoleInfo (RoleInfo.java:shutdownLeaderElection(134)) - d48b337c-c375-45aa-b643-d5a6070b4eed: shutdown LeaderElection
2019-09-25 07:31:38,582 [30ed9a86-7dc1-44e8-9d30-33403d1562de@group-92F1B19D8EE6:LeaderElection12] INFO  impl.RaftServerImpl (RaftServerImpl.java:setRole(174)) - 30ed9a86-7dc1-44e8-9d30-33403d1562de@group-92F1B19D8EE6: changes role from CANDIDATE to LEADER at term 1 for changeToLeader
2019-09-25 07:31:38,583 [d48b337c-c375-45aa-b643-d5a6070b4eed@group-BC73350C6D41:LeaderElection14] INFO  impl.LeaderElection (LeaderElection.java:askForVotes(182)) - d48b337c-c375-45aa-b643-d5a6070b4eed@group-BC73350C6D41:LeaderElection14: begin an election at term 1 for -1: [d48b337c-c375-45aa-b643-d5a6070b4eed:192.168.151.106:46356], old=null
2019-09-25 07:31:38,583 [d48b337c-c375-45aa-b643-d5a6070b4eed@group-BED5BA3E57DB:LeaderElection13] INFO  impl.RaftServerImpl (RaftServerImpl.java:setRole(174)) - d48b337c-c375-45aa-b643-d5a6070b4eed@group-BED5BA3E57DB: changes role from CANDIDATE to LEADER at term 1 for changeToLeader
2019-09-25 07:31:38,583 [d48b337c-c375-45aa-b643-d5a6070b4eed@group-BC73350C6D41:LeaderElection14] INFO  impl.RoleInfo (RoleInfo.java:shutdownLeaderElection(134)) - d48b337c-c375-45aa-b643-d5a6070b4eed: shutdown LeaderElection
2019-09-25 07:31:38,583 [30ed9a86-7dc1-44e8-9d30-33403d1562de@group-92F1B19D8EE6:LeaderElection12] INFO  impl.RaftServerImpl (ServerState.java:setLeader(253)) - 30ed9a86-7dc1-44e8-9d30-33403d1562de@group-92F1B19D8EE6: change Leader from null to 30ed9a86-7dc1-44e8-9d30-33403d1562de at term 1 for becomeLeader, leader elected after 5153ms
2019-09-25 07:31:38,583 [d48b337c-c375-45aa-b643-d5a6070b4eed@group-BC73350C6D41:LeaderElection14] INFO  impl.RaftServerImpl (RaftServerImpl.java:setRole(174)) - d48b337c-c375-45aa-b643-d5a6070b4eed@group-BC73350C6D41: changes role from CANDIDATE to LEADER at term 1 for changeToLeader
2019-09-25 07:31:38,583 [d48b337c-c375-45aa-b643-d5a6070b4eed@group-BED5BA3E57DB:LeaderElection13] INFO  impl.RaftServerImpl (ServerState.java:setLeader(253)) - d48b337c-c375-45aa-b643-d5a6070b4eed@group-BED5BA3E57DB: change Leader from null to d48b337c-c375-45aa-b643-d5a6070b4eed at term 1 for becomeLeader, leader elected after 5063ms
2019-09-25 07:31:38,585 [d48b337c-c375-45aa-b643-d5a6070b4eed@group-BC73350C6D41:LeaderElection14] INFO  impl.RaftServerImpl (ServerState.java:setLeader(253)) - d48b337c-c375-45aa-b643-d5a6070b4eed@group-BC73350C6D41: change Leader from null to d48b337c-c375-45aa-b643-d5a6070b4eed at term 1 for becomeLeader, leader elected after 5228ms
2019-09-25 07:31:38,585 [30ed9a86-7dc1-44e8-9d30-33403d1562de@group-92F1B19D8EE6:LeaderElection12] INFO  server.RaftServerConfigKeys (ConfUtils.java:logGet(43)) - raft.server.staging.catchup.gap = 1000 (default)
2019-09-25 07:31:38,587 [d48b337c-c375-45aa-b643-d5a6070b4eed@group-BC73350C6D41:LeaderElection14] INFO  server.RaftServerConfigKeys (ConfUtils.java:logGet(43)) - raft.server.staging.catchup.gap = 1000 (default)
2019-09-25 07:31:38,587 [d48b337c-c375-45aa-b643-d5a6070b4eed@group-BED5BA3E57DB:LeaderElection13] INFO  server.RaftServerConfigKeys (ConfUtils.java:logGet(43)) - raft.server.staging.catchup.gap = 1000 (default)
2019-09-25 07:31:38,587 [d48b337c-c375-45aa-b643-d5a6070b4eed@group-BC73350C6D41:LeaderElection14] INFO  server.RaftServerConfigKeys (ConfUtils.java:logGet(43)) - raft.server.rpc.sleep.time = 25ms (default)
2019-09-25 07:31:38,587 [30ed9a86-7dc1-44e8-9d30-33403d1562de@group-92F1B19D8EE6:LeaderElection12] INFO  server.RaftServerConfigKeys (ConfUtils.java:logGet(43)) - raft.server.rpc.sleep.time = 25ms (default)
2019-09-25 07:31:38,587 [d48b337c-c375-45aa-b643-d5a6070b4eed@group-BC73350C6D41:LeaderElection14] INFO  server.RaftServerConfigKeys (ConfUtils.java:logGet(43)) - raft.server.write.element-limit = 4096 (default)
2019-09-25 07:31:38,587 [d48b337c-c375-45aa-b643-d5a6070b4eed@group-BED5BA3E57DB:LeaderElection13] INFO  server.RaftServerConfigKeys (ConfUtils.java:logGet(43)) - raft.server.rpc.sleep.time = 25ms (default)
2019-09-25 07:31:38,588 [d48b337c-c375-45aa-b643-d5a6070b4eed@group-BC73350C6D41:LeaderElection14] INFO  server.RaftServerConfigKeys (ConfUtils.java:logGet(43)) - raft.server.watch.timeout = 10s (default)
2019-09-25 07:31:38,588 [d48b337c-c375-45aa-b643-d5a6070b4eed@group-BC73350C6D41:LeaderElection14] INFO  server.RaftServerConfigKeys (ConfUtils.java:logGet(43)) - raft.server.watch.timeout.denomination = 1s (default)
2019-09-25 07:31:38,588 [30ed9a86-7dc1-44e8-9d30-33403d1562de@group-92F1B19D8EE6:LeaderElection12] INFO  server.RaftServerConfigKeys (ConfUtils.java:logGet(43)) - raft.server.write.element-limit = 4096 (default)
2019-09-25 07:31:38,588 [d48b337c-c375-45aa-b643-d5a6070b4eed@group-BC73350C6D41:LeaderElection14] INFO  server.RaftServerConfigKeys (ConfUtils.java:logGet(43)) - raft.server.watch.element-limit = 65536 (default)
2019-09-25 07:31:38,588 [d48b337c-c375-45aa-b643-d5a6070b4eed@group-BED5BA3E57DB:LeaderElection13] INFO  server.RaftServerConfigKeys (ConfUtils.java:logGet(43)) - raft.server.write.element-limit = 4096 (default)
2019-09-25 07:31:38,588 [30ed9a86-7dc1-44e8-9d30-33403d1562de@group-92F1B19D8EE6:LeaderElection12] INFO  server.RaftServerConfigKeys (ConfUtils.java:logGet(43)) - raft.server.watch.timeout = 10s (default)
2019-09-25 07:31:38,589 [d48b337c-c375-45aa-b643-d5a6070b4eed@group-BED5BA3E57DB:LeaderElection13] INFO  server.RaftServerConfigKeys (ConfUtils.java:logGet(43)) - raft.server.watch.timeout = 10s (default)
2019-09-25 07:31:38,589 [30ed9a86-7dc1-44e8-9d30-33403d1562de@group-92F1B19D8EE6:LeaderElection12] INFO  server.RaftServerConfigKeys (ConfUtils.java:logGet(43)) - raft.server.watch.timeout.denomination = 1s (default)
2019-09-25 07:31:38,589 [d48b337c-c375-45aa-b643-d5a6070b4eed@group-BED5BA3E57DB:LeaderElection13] INFO  server.RaftServerConfigKeys (ConfUtils.java:logGet(43)) - raft.server.watch.timeout.denomination = 1s (default)
2019-09-25 07:31:38,589 [30ed9a86-7dc1-44e8-9d30-33403d1562de@group-92F1B19D8EE6:LeaderElection12] INFO  server.RaftServerConfigKeys (ConfUtils.java:logGet(43)) - raft.server.watch.element-limit = 65536 (default)
2019-09-25 07:31:38,589 [d48b337c-c375-45aa-b643-d5a6070b4eed@group-BED5BA3E57DB:LeaderElection13] INFO  server.RaftServerConfigKeys (ConfUtils.java:logGet(43)) - raft.server.watch.element-limit = 65536 (default)
2019-09-25 07:31:38,593 [d48b337c-c375-45aa-b643-d5a6070b4eed@group-BC73350C6D41:LeaderElection14] INFO  impl.RoleInfo (RoleInfo.java:updateAndGet(143)) - d48b337c-c375-45aa-b643-d5a6070b4eed: start LeaderState
2019-09-25 07:31:38,593 [d48b337c-c375-45aa-b643-d5a6070b4eed@group-BC73350C6D41:LeaderElection14] INFO  segmented.SegmentedRaftLogWorker (SegmentedRaftLogWorker.java:startLogSegment(380)) - d48b337c-c375-45aa-b643-d5a6070b4eed@group-BC73350C6D41-SegmentedRaftLogWorker: Starting segment from index:0
2019-09-25 07:31:38,594 [30ed9a86-7dc1-44e8-9d30-33403d1562de@group-92F1B19D8EE6:LeaderElection12] INFO  impl.RoleInfo (RoleInfo.java:updateAndGet(143)) - 30ed9a86-7dc1-44e8-9d30-33403d1562de: start LeaderState
2019-09-25 07:31:38,594 [d48b337c-c375-45aa-b643-d5a6070b4eed@group-BC73350C6D41:LeaderElection14] INFO  impl.RaftServerImpl (ServerState.java:setRaftConf(354)) - d48b337c-c375-45aa-b643-d5a6070b4eed@group-BC73350C6D41: set configuration 0: [d48b337c-c375-45aa-b643-d5a6070b4eed:192.168.151.106:46356], old=null at 0
2019-09-25 07:31:38,594 [d48b337c-c375-45aa-b643-d5a6070b4eed@group-BED5BA3E57DB:LeaderElection13] INFO  impl.RoleInfo (RoleInfo.java:updateAndGet(143)) - d48b337c-c375-45aa-b643-d5a6070b4eed: start LeaderState
2019-09-25 07:31:38,594 [30ed9a86-7dc1-44e8-9d30-33403d1562de@group-92F1B19D8EE6:LeaderElection12] INFO  segmented.SegmentedRaftLogWorker (SegmentedRaftLogWorker.java:startLogSegment(380)) - 30ed9a86-7dc1-44e8-9d30-33403d1562de@group-92F1B19D8EE6-SegmentedRaftLogWorker: Starting segment from index:0
2019-09-25 07:31:38,615 [d48b337c-c375-45aa-b643-d5a6070b4eed@group-BED5BA3E57DB:LeaderElection13] INFO  segmented.SegmentedRaftLogWorker (SegmentedRaftLogWorker.java:startLogSegment(380)) - d48b337c-c375-45aa-b643-d5a6070b4eed@group-BED5BA3E57DB-SegmentedRaftLogWorker: Starting segment from index:0
2019-09-25 07:31:38,616 [30ed9a86-7dc1-44e8-9d30-33403d1562de@group-92F1B19D8EE6:LeaderElection12] INFO  impl.RaftServerImpl (ServerState.java:setRaftConf(354)) - 30ed9a86-7dc1-44e8-9d30-33403d1562de@group-92F1B19D8EE6: set configuration 0: [30ed9a86-7dc1-44e8-9d30-33403d1562de:192.168.151.106:38001], old=null at 0
2019-09-25 07:31:38,616 [d48b337c-c375-45aa-b643-d5a6070b4eed@group-BED5BA3E57DB:LeaderElection13] INFO  impl.RaftServerImpl (ServerState.java:setRaftConf(354)) - d48b337c-c375-45aa-b643-d5a6070b4eed@group-BED5BA3E57DB: set configuration 0: [d48b337c-c375-45aa-b643-d5a6070b4eed:192.168.151.106:46356], old=null at 0
2019-09-25 07:31:38,659 [d48b337c-c375-45aa-b643-d5a6070b4eed@group-BC73350C6D41-SegmentedRaftLogWorker] INFO  segmented.SegmentedRaftLogWorker (SegmentedRaftLogWorker.java:execute(569)) - d48b337c-c375-45aa-b643-d5a6070b4eed@group-BC73350C6D41-SegmentedRaftLogWorker: created new log segment /workdir/hadoop-ozone/tools/target/test-dir/MiniOzoneClusterImpl-434b9272-080e-4e11-a356-5e83993913c2/datanode-3/data/ratis/20f8b391-b884-4e0b-b0f4-bc73350c6d41/current/log_inprogress_0
2019-09-25 07:31:38,682 [d48b337c-c375-45aa-b643-d5a6070b4eed@group-BED5BA3E57DB-SegmentedRaftLogWorker] INFO  segmented.SegmentedRaftLogWorker (SegmentedRaftLogWorker.java:execute(569)) - d48b337c-c375-45aa-b643-d5a6070b4eed@group-BED5BA3E57DB-SegmentedRaftLogWorker: created new log segment /workdir/hadoop-ozone/tools/target/test-dir/MiniOzoneClusterImpl-434b9272-080e-4e11-a356-5e83993913c2/datanode-3/data/ratis/3116a40f-51ec-49c3-93d3-bed5ba3e57db/current/log_inprogress_0
2019-09-25 07:31:38,682 [30ed9a86-7dc1-44e8-9d30-33403d1562de@group-92F1B19D8EE6-SegmentedRaftLogWorker] INFO  segmented.SegmentedRaftLogWorker (SegmentedRaftLogWorker.java:execute(569)) - 30ed9a86-7dc1-44e8-9d30-33403d1562de@group-92F1B19D8EE6-SegmentedRaftLogWorker: created new log segment /workdir/hadoop-ozone/tools/target/test-dir/MiniOzoneClusterImpl-434b9272-080e-4e11-a356-5e83993913c2/datanode-2/data/ratis/a3326637-c161-4872-a05f-92f1b19d8ee6/current/log_inprogress_0
2019-09-25 07:31:38,701 [Thread-257] INFO  impl.FollowerState (FollowerState.java:run(106)) - 30ed9a86-7dc1-44e8-9d30-33403d1562de:group-DF4459050FD5 changes to CANDIDATE, lastRpcTime:5094, electionTimeout:5094ms
2019-09-25 07:31:38,701 [Thread-257] INFO  impl.RoleInfo (RoleInfo.java:shutdownFollowerState(121)) - 30ed9a86-7dc1-44e8-9d30-33403d1562de: shutdown FollowerState
2019-09-25 07:31:38,702 [Thread-257] INFO  impl.RaftServerImpl (RaftServerImpl.java:setRole(174)) - 30ed9a86-7dc1-44e8-9d30-33403d1562de@group-DF4459050FD5: changes role from  FOLLOWER to CANDIDATE at term 0 for changeToCandidate
2019-09-25 07:31:38,702 [Thread-257] INFO  impl.RoleInfo (RoleInfo.java:updateAndGet(143)) - 30ed9a86-7dc1-44e8-9d30-33403d1562de: start LeaderElection
2019-09-25 07:31:38,731 [30ed9a86-7dc1-44e8-9d30-33403d1562de@group-DF4459050FD5:LeaderElection15] INFO  impl.LeaderElection (LeaderElection.java:askForVotes(182)) - 30ed9a86-7dc1-44e8-9d30-33403d1562de@group-DF4459050FD5:LeaderElection15: begin an election at term 1 for -1: [30ed9a86-7dc1-44e8-9d30-33403d1562de:192.168.151.106:38001], old=null
2019-09-25 07:31:38,732 [30ed9a86-7dc1-44e8-9d30-33403d1562de@group-DF4459050FD5:LeaderElection15] INFO  impl.RoleInfo (RoleInfo.java:shutdownLeaderElection(134)) - 30ed9a86-7dc1-44e8-9d30-33403d1562de: shutdown LeaderElection
2019-09-25 07:31:38,732 [30ed9a86-7dc1-44e8-9d30-33403d1562de@group-DF4459050FD5:LeaderElection15] INFO  impl.RaftServerImpl (RaftServerImpl.java:setRole(174)) - 30ed9a86-7dc1-44e8-9d30-33403d1562de@group-DF4459050FD5: changes role from CANDIDATE to LEADER at term 1 for changeToLeader
2019-09-25 07:31:38,732 [30ed9a86-7dc1-44e8-9d30-33403d1562de@group-DF4459050FD5:LeaderElection15] INFO  impl.RaftServerImpl (ServerState.java:setLeader(253)) - 30ed9a86-7dc1-44e8-9d30-33403d1562de@group-DF4459050FD5: change Leader from null to 30ed9a86-7dc1-44e8-9d30-33403d1562de at term 1 for becomeLeader, leader elected after 5135ms
2019-09-25 07:31:38,732 [30ed9a86-7dc1-44e8-9d30-33403d1562de@group-DF4459050FD5:LeaderElection15] INFO  server.RaftServerConfigKeys (ConfUtils.java:logGet(43)) - raft.server.staging.catchup.gap = 1000 (default)
2019-09-25 07:31:38,732 [30ed9a86-7dc1-44e8-9d30-33403d1562de@group-DF4459050FD5:LeaderElection15] INFO  server.RaftServerConfigKeys (ConfUtils.java:logGet(43)) - raft.server.rpc.sleep.time = 25ms (default)
2019-09-25 07:31:38,733 [30ed9a86-7dc1-44e8-9d30-33403d1562de@group-DF4459050FD5:LeaderElection15] INFO  server.RaftServerConfigKeys (ConfUtils.java:logGet(43)) - raft.server.write.element-limit = 4096 (default)
2019-09-25 07:31:38,733 [30ed9a86-7dc1-44e8-9d30-33403d1562de@group-DF4459050FD5:LeaderElection15] INFO  server.RaftServerConfigKeys (ConfUtils.java:logGet(43)) - raft.server.watch.timeout = 10s (default)
2019-09-25 07:31:38,733 [30ed9a86-7dc1-44e8-9d30-33403d1562de@group-DF4459050FD5:LeaderElection15] INFO  server.RaftServerConfigKeys (ConfUtils.java:logGet(43)) - raft.server.watch.timeout.denomination = 1s (default)
2019-09-25 07:31:38,733 [30ed9a86-7dc1-44e8-9d30-33403d1562de@group-DF4459050FD5:LeaderElection15] INFO  server.RaftServerConfigKeys (ConfUtils.java:logGet(43)) - raft.server.watch.element-limit = 65536 (default)
2019-09-25 07:31:38,738 [30ed9a86-7dc1-44e8-9d30-33403d1562de@group-DF4459050FD5:LeaderElection15] INFO  impl.RoleInfo (RoleInfo.java:updateAndGet(143)) - 30ed9a86-7dc1-44e8-9d30-33403d1562de: start LeaderState
2019-09-25 07:31:38,739 [30ed9a86-7dc1-44e8-9d30-33403d1562de@group-DF4459050FD5:LeaderElection15] INFO  segmented.SegmentedRaftLogWorker (SegmentedRaftLogWorker.java:startLogSegment(380)) - 30ed9a86-7dc1-44e8-9d30-33403d1562de@group-DF4459050FD5-SegmentedRaftLogWorker: Starting segment from index:0
2019-09-25 07:31:38,740 [30ed9a86-7dc1-44e8-9d30-33403d1562de@group-DF4459050FD5:LeaderElection15] INFO  impl.RaftServerImpl (ServerState.java:setRaftConf(354)) - 30ed9a86-7dc1-44e8-9d30-33403d1562de@group-DF4459050FD5: set configuration 0: [30ed9a86-7dc1-44e8-9d30-33403d1562de:192.168.151.106:38001], old=null at 0
2019-09-25 07:31:38,803 [30ed9a86-7dc1-44e8-9d30-33403d1562de@group-DF4459050FD5-SegmentedRaftLogWorker] INFO  segmented.SegmentedRaftLogWorker (SegmentedRaftLogWorker.java:execute(569)) - 30ed9a86-7dc1-44e8-9d30-33403d1562de@group-DF4459050FD5-SegmentedRaftLogWorker: created new log segment /workdir/hadoop-ozone/tools/target/test-dir/MiniOzoneClusterImpl-434b9272-080e-4e11-a356-5e83993913c2/datanode-2/data/ratis/31364d8d-3e1c-4733-b97c-df4459050fd5/current/log_inprogress_0
2019-09-25 07:31:39,242 [Thread-260] INFO  impl.FollowerState (FollowerState.java:run(106)) - 9cf3df6f-e379-4380-a767-50b9da7a5708:group-C0C7CD4302E1 changes to CANDIDATE, lastRpcTime:5167, electionTimeout:5167ms
2019-09-25 07:31:39,243 [Thread-260] INFO  impl.RoleInfo (RoleInfo.java:shutdownFollowerState(121)) - 9cf3df6f-e379-4380-a767-50b9da7a5708: shutdown FollowerState
2019-09-25 07:31:39,243 [Thread-260] INFO  impl.RaftServerImpl (RaftServerImpl.java:setRole(174)) - 9cf3df6f-e379-4380-a767-50b9da7a5708@group-C0C7CD4302E1: changes role from  FOLLOWER to CANDIDATE at term 0 for changeToCandidate
2019-09-25 07:31:39,243 [Thread-260] INFO  impl.RoleInfo (RoleInfo.java:updateAndGet(143)) - 9cf3df6f-e379-4380-a767-50b9da7a5708: start LeaderElection
2019-09-25 07:31:39,259 [Thread-263] INFO  impl.FollowerState (FollowerState.java:run(106)) - e7ade9c5-d3a7-47b4-b6a9-a4357aa48a0f:group-0620D10FFBF6 changes to CANDIDATE, lastRpcTime:5102, electionTimeout:5102ms
2019-09-25 07:31:39,259 [Thread-263] INFO  impl.RoleInfo (RoleInfo.java:shutdownFollowerState(121)) - e7ade9c5-d3a7-47b4-b6a9-a4357aa48a0f: shutdown FollowerState
2019-09-25 07:31:39,259 [Thread-263] INFO  impl.RaftServerImpl (RaftServerImpl.java:setRole(174)) - e7ade9c5-d3a7-47b4-b6a9-a4357aa48a0f@group-0620D10FFBF6: changes role from  FOLLOWER to CANDIDATE at term 0 for changeToCandidate
2019-09-25 07:31:39,260 [Thread-263] INFO  impl.RoleInfo (RoleInfo.java:updateAndGet(143)) - e7ade9c5-d3a7-47b4-b6a9-a4357aa48a0f: start LeaderElection
2019-09-25 07:31:39,275 [9cf3df6f-e379-4380-a767-50b9da7a5708@group-C0C7CD4302E1:LeaderElection16] INFO  impl.LeaderElection (LeaderElection.java:askForVotes(182)) - 9cf3df6f-e379-4380-a767-50b9da7a5708@group-C0C7CD4302E1:LeaderElection16: begin an election at term 1 for -1: [9cf3df6f-e379-4380-a767-50b9da7a5708:192.168.151.106:34838], old=null
2019-09-25 07:31:39,275 [9cf3df6f-e379-4380-a767-50b9da7a5708@group-C0C7CD4302E1:LeaderElection16] INFO  impl.RoleInfo (RoleInfo.java:shutdownLeaderElection(134)) - 9cf3df6f-e379-4380-a767-50b9da7a5708: shutdown LeaderElection
2019-09-25 07:31:39,276 [9cf3df6f-e379-4380-a767-50b9da7a5708@group-C0C7CD4302E1:LeaderElection16] INFO  impl.RaftServerImpl (RaftServerImpl.java:setRole(174)) - 9cf3df6f-e379-4380-a767-50b9da7a5708@group-C0C7CD4302E1: changes role from CANDIDATE to LEADER at term 1 for changeToLeader
2019-09-25 07:31:39,276 [9cf3df6f-e379-4380-a767-50b9da7a5708@group-C0C7CD4302E1:LeaderElection16] INFO  impl.RaftServerImpl (ServerState.java:setLeader(253)) - 9cf3df6f-e379-4380-a767-50b9da7a5708@group-C0C7CD4302E1: change Leader from null to 9cf3df6f-e379-4380-a767-50b9da7a5708 at term 1 for becomeLeader, leader elected after 5210ms
2019-09-25 07:31:39,276 [9cf3df6f-e379-4380-a767-50b9da7a5708@group-C0C7CD4302E1:LeaderElection16] INFO  server.RaftServerConfigKeys (ConfUtils.java:logGet(43)) - raft.server.staging.catchup.gap = 1000 (default)
2019-09-25 07:31:39,276 [9cf3df6f-e379-4380-a767-50b9da7a5708@group-C0C7CD4302E1:LeaderElection16] INFO  server.RaftServerConfigKeys (ConfUtils.java:logGet(43)) - raft.server.rpc.sleep.time = 25ms (default)
2019-09-25 07:31:39,276 [9cf3df6f-e379-4380-a767-50b9da7a5708@group-C0C7CD4302E1:LeaderElection16] INFO  server.RaftServerConfigKeys (ConfUtils.java:logGet(43)) - raft.server.write.element-limit = 4096 (default)
2019-09-25 07:31:39,277 [9cf3df6f-e379-4380-a767-50b9da7a5708@group-C0C7CD4302E1:LeaderElection16] INFO  server.RaftServerConfigKeys (ConfUtils.java:logGet(43)) - raft.server.watch.timeout = 10s (default)
2019-09-25 07:31:39,277 [9cf3df6f-e379-4380-a767-50b9da7a5708@group-C0C7CD4302E1:LeaderElection16] INFO  server.RaftServerConfigKeys (ConfUtils.java:logGet(43)) - raft.server.watch.timeout.denomination = 1s (default)
2019-09-25 07:31:39,277 [9cf3df6f-e379-4380-a767-50b9da7a5708@group-C0C7CD4302E1:LeaderElection16] INFO  server.RaftServerConfigKeys (ConfUtils.java:logGet(43)) - raft.server.watch.element-limit = 65536 (default)
 0.00% |█                                                                                                    |  0/1 Time: 0:00:022019-09-25 07:31:39,280 [9cf3df6f-e379-4380-a767-50b9da7a5708@group-C0C7CD4302E1:LeaderElection16] INFO  impl.RoleInfo (RoleInfo.java:updateAndGet(143)) - 9cf3df6f-e379-4380-a767-50b9da7a5708: start LeaderState
2019-09-25 07:31:39,280 [9cf3df6f-e379-4380-a767-50b9da7a5708@group-C0C7CD4302E1:LeaderElection16] INFO  segmented.SegmentedRaftLogWorker (SegmentedRaftLogWorker.java:startLogSegment(380)) - 9cf3df6f-e379-4380-a767-50b9da7a5708@group-C0C7CD4302E1-SegmentedRaftLogWorker: Starting segment from index:0
2019-09-25 07:31:39,281 [9cf3df6f-e379-4380-a767-50b9da7a5708@group-C0C7CD4302E1:LeaderElection16] INFO  impl.RaftServerImpl (ServerState.java:setRaftConf(354)) - 9cf3df6f-e379-4380-a767-50b9da7a5708@group-C0C7CD4302E1: set configuration 0: [9cf3df6f-e379-4380-a767-50b9da7a5708:192.168.151.106:34838], old=null at 0
2019-09-25 07:31:39,318 [e7ade9c5-d3a7-47b4-b6a9-a4357aa48a0f@group-0620D10FFBF6:LeaderElection17] INFO  impl.LeaderElection (LeaderElection.java:askForVotes(182)) - e7ade9c5-d3a7-47b4-b6a9-a4357aa48a0f@group-0620D10FFBF6:LeaderElection17: begin an election at term 1 for -1: [e7ade9c5-d3a7-47b4-b6a9-a4357aa48a0f:192.168.151.106:33258], old=null
2019-09-25 07:31:39,318 [e7ade9c5-d3a7-47b4-b6a9-a4357aa48a0f@group-0620D10FFBF6:LeaderElection17] INFO  impl.RoleInfo (RoleInfo.java:shutdownLeaderElection(134)) - e7ade9c5-d3a7-47b4-b6a9-a4357aa48a0f: shutdown LeaderElection
2019-09-25 07:31:39,319 [e7ade9c5-d3a7-47b4-b6a9-a4357aa48a0f@group-0620D10FFBF6:LeaderElection17] INFO  impl.RaftServerImpl (RaftServerImpl.java:setRole(174)) - e7ade9c5-d3a7-47b4-b6a9-a4357aa48a0f@group-0620D10FFBF6: changes role from CANDIDATE to LEADER at term 1 for changeToLeader
2019-09-25 07:31:39,319 [e7ade9c5-d3a7-47b4-b6a9-a4357aa48a0f@group-0620D10FFBF6:LeaderElection17] INFO  impl.RaftServerImpl (ServerState.java:setLeader(253)) - e7ade9c5-d3a7-47b4-b6a9-a4357aa48a0f@group-0620D10FFBF6: change Leader from null to e7ade9c5-d3a7-47b4-b6a9-a4357aa48a0f at term 1 for becomeLeader, leader elected after 5171ms
2019-09-25 07:31:39,319 [e7ade9c5-d3a7-47b4-b6a9-a4357aa48a0f@group-0620D10FFBF6:LeaderElection17] INFO  server.RaftServerConfigKeys (ConfUtils.java:logGet(43)) - raft.server.staging.catchup.gap = 1000 (default)
2019-09-25 07:31:39,319 [e7ade9c5-d3a7-47b4-b6a9-a4357aa48a0f@group-0620D10FFBF6:LeaderElection17] INFO  server.RaftServerConfigKeys (ConfUtils.java:logGet(43)) - raft.server.rpc.sleep.time = 25ms (default)
2019-09-25 07:31:39,319 [e7ade9c5-d3a7-47b4-b6a9-a4357aa48a0f@group-0620D10FFBF6:LeaderElection17] INFO  server.RaftServerConfigKeys (ConfUtils.java:logGet(43)) - raft.server.write.element-limit = 4096 (default)
2019-09-25 07:31:39,320 [e7ade9c5-d3a7-47b4-b6a9-a4357aa48a0f@group-0620D10FFBF6:LeaderElection17] INFO  server.RaftServerConfigKeys (ConfUtils.java:logGet(43)) - raft.server.watch.timeout = 10s (default)
2019-09-25 07:31:39,320 [e7ade9c5-d3a7-47b4-b6a9-a4357aa48a0f@group-0620D10FFBF6:LeaderElection17] INFO  server.RaftServerConfigKeys (ConfUtils.java:logGet(43)) - raft.server.watch.timeout.denomination = 1s (default)
2019-09-25 07:31:39,320 [e7ade9c5-d3a7-47b4-b6a9-a4357aa48a0f@group-0620D10FFBF6:LeaderElection17] INFO  server.RaftServerConfigKeys (ConfUtils.java:logGet(43)) - raft.server.watch.element-limit = 65536 (default)
2019-09-25 07:31:39,323 [e7ade9c5-d3a7-47b4-b6a9-a4357aa48a0f@group-0620D10FFBF6:LeaderElection17] INFO  impl.RoleInfo (RoleInfo.java:updateAndGet(143)) - e7ade9c5-d3a7-47b4-b6a9-a4357aa48a0f: start LeaderState
2019-09-25 07:31:39,323 [e7ade9c5-d3a7-47b4-b6a9-a4357aa48a0f@group-0620D10FFBF6:LeaderElection17] INFO  segmented.SegmentedRaftLogWorker (SegmentedRaftLogWorker.java:startLogSegment(380)) - e7ade9c5-d3a7-47b4-b6a9-a4357aa48a0f@group-0620D10FFBF6-SegmentedRaftLogWorker: Starting segment from index:0
2019-09-25 07:31:39,324 [e7ade9c5-d3a7-47b4-b6a9-a4357aa48a0f@group-0620D10FFBF6:LeaderElection17] INFO  impl.RaftServerImpl (ServerState.java:setRaftConf(354)) - e7ade9c5-d3a7-47b4-b6a9-a4357aa48a0f@group-0620D10FFBF6: set configuration 0: [e7ade9c5-d3a7-47b4-b6a9-a4357aa48a0f:192.168.151.106:33258], old=null at 0
2019-09-25 07:31:39,350 [Thread-269] INFO  impl.FollowerState (FollowerState.java:run(106)) - e7ade9c5-d3a7-47b4-b6a9-a4357aa48a0f:group-71F8AC44B627 changes to CANDIDATE, lastRpcTime:5030, electionTimeout:5006ms
2019-09-25 07:31:39,350 [9cf3df6f-e379-4380-a767-50b9da7a5708@group-C0C7CD4302E1-SegmentedRaftLogWorker] INFO  segmented.SegmentedRaftLogWorker (SegmentedRaftLogWorker.java:execute(569)) - 9cf3df6f-e379-4380-a767-50b9da7a5708@group-C0C7CD4302E1-SegmentedRaftLogWorker: created new log segment /workdir/hadoop-ozone/tools/target/test-dir/MiniOzoneClusterImpl-434b9272-080e-4e11-a356-5e83993913c2/datanode-1/data/ratis/e6d7a9a3-e0b7-412a-9b59-c0c7cd4302e1/current/log_inprogress_0
2019-09-25 07:31:39,363 [Thread-269] INFO  impl.RoleInfo (RoleInfo.java:shutdownFollowerState(121)) - e7ade9c5-d3a7-47b4-b6a9-a4357aa48a0f: shutdown FollowerState
2019-09-25 07:31:39,364 [Thread-269] INFO  impl.RaftServerImpl (RaftServerImpl.java:setRole(174)) - e7ade9c5-d3a7-47b4-b6a9-a4357aa48a0f@group-71F8AC44B627: changes role from  FOLLOWER to CANDIDATE at term 0 for changeToCandidate
2019-09-25 07:31:39,364 [Thread-269] INFO  impl.RoleInfo (RoleInfo.java:updateAndGet(143)) - e7ade9c5-d3a7-47b4-b6a9-a4357aa48a0f: start LeaderElection
2019-09-25 07:31:39,372 [e7ade9c5-d3a7-47b4-b6a9-a4357aa48a0f@group-0620D10FFBF6-SegmentedRaftLogWorker] INFO  segmented.SegmentedRaftLogWorker (SegmentedRaftLogWorker.java:execute(569)) - e7ade9c5-d3a7-47b4-b6a9-a4357aa48a0f@group-0620D10FFBF6-SegmentedRaftLogWorker: created new log segment /workdir/hadoop-ozone/tools/target/test-dir/MiniOzoneClusterImpl-434b9272-080e-4e11-a356-5e83993913c2/datanode-4/data/ratis/a27785e7-1641-4f60-a69a-0620d10ffbf6/current/log_inprogress_0
2019-09-25 07:31:39,374 [Thread-266] INFO  impl.FollowerState (FollowerState.java:run(106)) - 9cf3df6f-e379-4380-a767-50b9da7a5708:group-5F78CBAB0420 changes to CANDIDATE, lastRpcTime:5139, electionTimeout:5139ms
2019-09-25 07:31:39,375 [Thread-266] INFO  impl.RoleInfo (RoleInfo.java:shutdownFollowerState(121)) - 9cf3df6f-e379-4380-a767-50b9da7a5708: shutdown FollowerState
2019-09-25 07:31:39,375 [Thread-266] INFO  impl.RaftServerImpl (RaftServerImpl.java:setRole(174)) - 9cf3df6f-e379-4380-a767-50b9da7a5708@group-5F78CBAB0420: changes role from  FOLLOWER to CANDIDATE at term 0 for changeToCandidate
2019-09-25 07:31:39,375 [Thread-266] INFO  impl.RoleInfo (RoleInfo.java:updateAndGet(143)) - 9cf3df6f-e379-4380-a767-50b9da7a5708: start LeaderElection
2019-09-25 07:31:39,391 [e7ade9c5-d3a7-47b4-b6a9-a4357aa48a0f@group-71F8AC44B627:LeaderElection18] INFO  impl.LeaderElection (LeaderElection.java:askForVotes(182)) - e7ade9c5-d3a7-47b4-b6a9-a4357aa48a0f@group-71F8AC44B627:LeaderElection18: begin an election at term 1 for -1: [e7ade9c5-d3a7-47b4-b6a9-a4357aa48a0f:192.168.151.106:33258], old=null
2019-09-25 07:31:39,392 [e7ade9c5-d3a7-47b4-b6a9-a4357aa48a0f@group-71F8AC44B627:LeaderElection18] INFO  impl.RoleInfo (RoleInfo.java:shutdownLeaderElection(134)) - e7ade9c5-d3a7-47b4-b6a9-a4357aa48a0f: shutdown LeaderElection
2019-09-25 07:31:39,392 [e7ade9c5-d3a7-47b4-b6a9-a4357aa48a0f@group-71F8AC44B627:LeaderElection18] INFO  impl.RaftServerImpl (RaftServerImpl.java:setRole(174)) - e7ade9c5-d3a7-47b4-b6a9-a4357aa48a0f@group-71F8AC44B627: changes role from CANDIDATE to LEADER at term 1 for changeToLeader
2019-09-25 07:31:39,392 [e7ade9c5-d3a7-47b4-b6a9-a4357aa48a0f@group-71F8AC44B627:LeaderElection18] INFO  impl.RaftServerImpl (ServerState.java:setLeader(253)) - e7ade9c5-d3a7-47b4-b6a9-a4357aa48a0f@group-71F8AC44B627: change Leader from null to e7ade9c5-d3a7-47b4-b6a9-a4357aa48a0f at term 1 for becomeLeader, leader elected after 5082ms
2019-09-25 07:31:39,392 [e7ade9c5-d3a7-47b4-b6a9-a4357aa48a0f@group-71F8AC44B627:LeaderElection18] INFO  server.RaftServerConfigKeys (ConfUtils.java:logGet(43)) - raft.server.staging.catchup.gap = 1000 (default)
2019-09-25 07:31:39,392 [e7ade9c5-d3a7-47b4-b6a9-a4357aa48a0f@group-71F8AC44B627:LeaderElection18] INFO  server.RaftServerConfigKeys (ConfUtils.java:logGet(43)) - raft.server.rpc.sleep.time = 25ms (default)
2019-09-25 07:31:39,392 [e7ade9c5-d3a7-47b4-b6a9-a4357aa48a0f@group-71F8AC44B627:LeaderElection18] INFO  server.RaftServerConfigKeys (ConfUtils.java:logGet(43)) - raft.server.write.element-limit = 4096 (default)
2019-09-25 07:31:39,392 [e7ade9c5-d3a7-47b4-b6a9-a4357aa48a0f@group-71F8AC44B627:LeaderElection18] INFO  server.RaftServerConfigKeys (ConfUtils.java:logGet(43)) - raft.server.watch.timeout = 10s (default)
2019-09-25 07:31:39,393 [e7ade9c5-d3a7-47b4-b6a9-a4357aa48a0f@group-71F8AC44B627:LeaderElection18] INFO  server.RaftServerConfigKeys (ConfUtils.java:logGet(43)) - raft.server.watch.timeout.denomination = 1s (default)
2019-09-25 07:31:39,393 [e7ade9c5-d3a7-47b4-b6a9-a4357aa48a0f@group-71F8AC44B627:LeaderElection18] INFO  server.RaftServerConfigKeys (ConfUtils.java:logGet(43)) - raft.server.watch.element-limit = 65536 (default)
2019-09-25 07:31:39,395 [e7ade9c5-d3a7-47b4-b6a9-a4357aa48a0f@group-71F8AC44B627:LeaderElection18] INFO  impl.RoleInfo (RoleInfo.java:updateAndGet(143)) - e7ade9c5-d3a7-47b4-b6a9-a4357aa48a0f: start LeaderState
2019-09-25 07:31:39,395 [e7ade9c5-d3a7-47b4-b6a9-a4357aa48a0f@group-71F8AC44B627:LeaderElection18] INFO  segmented.SegmentedRaftLogWorker (SegmentedRaftLogWorker.java:startLogSegment(380)) - e7ade9c5-d3a7-47b4-b6a9-a4357aa48a0f@group-71F8AC44B627-SegmentedRaftLogWorker: Starting segment from index:0
2019-09-25 07:31:39,396 [e7ade9c5-d3a7-47b4-b6a9-a4357aa48a0f@group-71F8AC44B627:LeaderElection18] INFO  impl.RaftServerImpl (ServerState.java:setRaftConf(354)) - e7ade9c5-d3a7-47b4-b6a9-a4357aa48a0f@group-71F8AC44B627: set configuration 0: [e7ade9c5-d3a7-47b4-b6a9-a4357aa48a0f:192.168.151.106:33258], old=null at 0
2019-09-25 07:31:39,424 [9cf3df6f-e379-4380-a767-50b9da7a5708@group-5F78CBAB0420:LeaderElection19] INFO  impl.LeaderElection (LeaderElection.java:askForVotes(182)) - 9cf3df6f-e379-4380-a767-50b9da7a5708@group-5F78CBAB0420:LeaderElection19: begin an election at term 1 for -1: [9cf3df6f-e379-4380-a767-50b9da7a5708:192.168.151.106:34838], old=null
2019-09-25 07:31:39,424 [9cf3df6f-e379-4380-a767-50b9da7a5708@group-5F78CBAB0420:LeaderElection19] INFO  impl.RoleInfo (RoleInfo.java:shutdownLeaderElection(134)) - 9cf3df6f-e379-4380-a767-50b9da7a5708: shutdown LeaderElection
2019-09-25 07:31:39,424 [9cf3df6f-e379-4380-a767-50b9da7a5708@group-5F78CBAB0420:LeaderElection19] INFO  impl.RaftServerImpl (RaftServerImpl.java:setRole(174)) - 9cf3df6f-e379-4380-a767-50b9da7a5708@group-5F78CBAB0420: changes role from CANDIDATE to LEADER at term 1 for changeToLeader
2019-09-25 07:31:39,424 [9cf3df6f-e379-4380-a767-50b9da7a5708@group-5F78CBAB0420:LeaderElection19] INFO  impl.RaftServerImpl (ServerState.java:setLeader(253)) - 9cf3df6f-e379-4380-a767-50b9da7a5708@group-5F78CBAB0420: change Leader from null to 9cf3df6f-e379-4380-a767-50b9da7a5708 at term 1 for becomeLeader, leader elected after 5198ms
2019-09-25 07:31:39,425 [9cf3df6f-e379-4380-a767-50b9da7a5708@group-5F78CBAB0420:LeaderElection19] INFO  server.RaftServerConfigKeys (ConfUtils.java:logGet(43)) - raft.server.staging.catchup.gap = 1000 (default)
2019-09-25 07:31:39,425 [9cf3df6f-e379-4380-a767-50b9da7a5708@group-5F78CBAB0420:LeaderElection19] INFO  server.RaftServerConfigKeys (ConfUtils.java:logGet(43)) - raft.server.rpc.sleep.time = 25ms (default)
2019-09-25 07:31:39,425 [9cf3df6f-e379-4380-a767-50b9da7a5708@group-5F78CBAB0420:LeaderElection19] INFO  server.RaftServerConfigKeys (ConfUtils.java:logGet(43)) - raft.server.write.element-limit = 4096 (default)
2019-09-25 07:31:39,425 [9cf3df6f-e379-4380-a767-50b9da7a5708@group-5F78CBAB0420:LeaderElection19] INFO  server.RaftServerConfigKeys (ConfUtils.java:logGet(43)) - raft.server.watch.timeout = 10s (default)
2019-09-25 07:31:39,425 [9cf3df6f-e379-4380-a767-50b9da7a5708@group-5F78CBAB0420:LeaderElection19] INFO  server.RaftServerConfigKeys (ConfUtils.java:logGet(43)) - raft.server.watch.timeout.denomination = 1s (default)
2019-09-25 07:31:39,425 [9cf3df6f-e379-4380-a767-50b9da7a5708@group-5F78CBAB0420:LeaderElection19] INFO  server.RaftServerConfigKeys (ConfUtils.java:logGet(43)) - raft.server.watch.element-limit = 65536 (default)
2019-09-25 07:31:39,428 [9cf3df6f-e379-4380-a767-50b9da7a5708@group-5F78CBAB0420:LeaderElection19] INFO  impl.RoleInfo (RoleInfo.java:updateAndGet(143)) - 9cf3df6f-e379-4380-a767-50b9da7a5708: start LeaderState
2019-09-25 07:31:39,428 [9cf3df6f-e379-4380-a767-50b9da7a5708@group-5F78CBAB0420:LeaderElection19] INFO  segmented.SegmentedRaftLogWorker (SegmentedRaftLogWorker.java:startLogSegment(380)) - 9cf3df6f-e379-4380-a767-50b9da7a5708@group-5F78CBAB0420-SegmentedRaftLogWorker: Starting segment from index:0
2019-09-25 07:31:39,429 [9cf3df6f-e379-4380-a767-50b9da7a5708@group-5F78CBAB0420:LeaderElection19] INFO  impl.RaftServerImpl (ServerState.java:setRaftConf(354)) - 9cf3df6f-e379-4380-a767-50b9da7a5708@group-5F78CBAB0420: set configuration 0: [9cf3df6f-e379-4380-a767-50b9da7a5708:192.168.151.106:34838], old=null at 0
2019-09-25 07:31:39,441 [e7ade9c5-d3a7-47b4-b6a9-a4357aa48a0f@group-71F8AC44B627-SegmentedRaftLogWorker] INFO  segmented.SegmentedRaftLogWorker (SegmentedRaftLogWorker.java:execute(569)) - e7ade9c5-d3a7-47b4-b6a9-a4357aa48a0f@group-71F8AC44B627-SegmentedRaftLogWorker: created new log segment /workdir/hadoop-ozone/tools/target/test-dir/MiniOzoneClusterImpl-434b9272-080e-4e11-a356-5e83993913c2/datanode-4/data/ratis/50656aa4-3952-4cf8-a61e-71f8ac44b627/current/log_inprogress_0
2019-09-25 07:31:39,480 [9cf3df6f-e379-4380-a767-50b9da7a5708@group-5F78CBAB0420-SegmentedRaftLogWorker] INFO  segmented.SegmentedRaftLogWorker (SegmentedRaftLogWorker.java:execute(569)) - 9cf3df6f-e379-4380-a767-50b9da7a5708@group-5F78CBAB0420-SegmentedRaftLogWorker: created new log segment /workdir/hadoop-ozone/tools/target/test-dir/MiniOzoneClusterImpl-434b9272-080e-4e11-a356-5e83993913c2/datanode-1/data/ratis/83897c9c-25bf-4d64-8d94-5f78cbab0420/current/log_inprogress_0
2019-09-25 07:31:39,574 [Thread-273] INFO  impl.FollowerState (FollowerState.java:run(106)) - 30ed9a86-7dc1-44e8-9d30-33403d1562de:group-77151C39505F changes to CANDIDATE, lastRpcTime:5018, electionTimeout:5018ms
2019-09-25 07:31:39,574 [Thread-273] INFO  impl.RoleInfo (RoleInfo.java:shutdownFollowerState(121)) - 30ed9a86-7dc1-44e8-9d30-33403d1562de: shutdown FollowerState
2019-09-25 07:31:39,574 [Thread-273] INFO  impl.RaftServerImpl (RaftServerImpl.java:setRole(174)) - 30ed9a86-7dc1-44e8-9d30-33403d1562de@group-77151C39505F: changes role from  FOLLOWER to CANDIDATE at term 0 for changeToCandidate
2019-09-25 07:31:39,575 [Thread-273] INFO  impl.RoleInfo (RoleInfo.java:updateAndGet(143)) - 30ed9a86-7dc1-44e8-9d30-33403d1562de: start LeaderElection
2019-09-25 07:31:39,619 [30ed9a86-7dc1-44e8-9d30-33403d1562de@group-77151C39505F:LeaderElection20] INFO  impl.LeaderElection (LeaderElection.java:askForVotes(182)) - 30ed9a86-7dc1-44e8-9d30-33403d1562de@group-77151C39505F:LeaderElection20: begin an election at term 1 for -1: [30ed9a86-7dc1-44e8-9d30-33403d1562de:192.168.151.106:38001], old=null
2019-09-25 07:31:39,619 [30ed9a86-7dc1-44e8-9d30-33403d1562de@group-77151C39505F:LeaderElection20] INFO  impl.RoleInfo (RoleInfo.java:shutdownLeaderElection(134)) - 30ed9a86-7dc1-44e8-9d30-33403d1562de: shutdown LeaderElection
2019-09-25 07:31:39,619 [30ed9a86-7dc1-44e8-9d30-33403d1562de@group-77151C39505F:LeaderElection20] INFO  impl.RaftServerImpl (RaftServerImpl.java:setRole(174)) - 30ed9a86-7dc1-44e8-9d30-33403d1562de@group-77151C39505F: changes role from CANDIDATE to LEADER at term 1 for changeToLeader
2019-09-25 07:31:39,619 [30ed9a86-7dc1-44e8-9d30-33403d1562de@group-77151C39505F:LeaderElection20] INFO  impl.RaftServerImpl (ServerState.java:setLeader(253)) - 30ed9a86-7dc1-44e8-9d30-33403d1562de@group-77151C39505F: change Leader from null to 30ed9a86-7dc1-44e8-9d30-33403d1562de at term 1 for becomeLeader, leader elected after 5239ms
2019-09-25 07:31:39,619 [30ed9a86-7dc1-44e8-9d30-33403d1562de@group-77151C39505F:LeaderElection20] INFO  server.RaftServerConfigKeys (ConfUtils.java:logGet(43)) - raft.server.staging.catchup.gap = 1000 (default)
2019-09-25 07:31:39,620 [30ed9a86-7dc1-44e8-9d30-33403d1562de@group-77151C39505F:LeaderElection20] INFO  server.RaftServerConfigKeys (ConfUtils.java:logGet(43)) - raft.server.rpc.sleep.time = 25ms (default)
2019-09-25 07:31:39,620 [30ed9a86-7dc1-44e8-9d30-33403d1562de@group-77151C39505F:LeaderElection20] INFO  server.RaftServerConfigKeys (ConfUtils.java:logGet(43)) - raft.server.write.element-limit = 4096 (default)
2019-09-25 07:31:39,620 [30ed9a86-7dc1-44e8-9d30-33403d1562de@group-77151C39505F:LeaderElection20] INFO  server.RaftServerConfigKeys (ConfUtils.java:logGet(43)) - raft.server.watch.timeout = 10s (default)
2019-09-25 07:31:39,620 [30ed9a86-7dc1-44e8-9d30-33403d1562de@group-77151C39505F:LeaderElection20] INFO  server.RaftServerConfigKeys (ConfUtils.java:logGet(43)) - raft.server.watch.timeout.denomination = 1s (default)
2019-09-25 07:31:39,620 [30ed9a86-7dc1-44e8-9d30-33403d1562de@group-77151C39505F:LeaderElection20] INFO  server.RaftServerConfigKeys (ConfUtils.java:logGet(43)) - raft.server.watch.element-limit = 65536 (default)
2019-09-25 07:31:39,624 [30ed9a86-7dc1-44e8-9d30-33403d1562de@group-77151C39505F:LeaderElection20] INFO  impl.RoleInfo (RoleInfo.java:updateAndGet(143)) - 30ed9a86-7dc1-44e8-9d30-33403d1562de: start LeaderState
2019-09-25 07:31:39,624 [30ed9a86-7dc1-44e8-9d30-33403d1562de@group-77151C39505F:LeaderElection20] INFO  segmented.SegmentedRaftLogWorker (SegmentedRaftLogWorker.java:startLogSegment(380)) - 30ed9a86-7dc1-44e8-9d30-33403d1562de@group-77151C39505F-SegmentedRaftLogWorker: Starting segment from index:0
2019-09-25 07:31:39,625 [30ed9a86-7dc1-44e8-9d30-33403d1562de@group-77151C39505F:LeaderElection20] INFO  impl.RaftServerImpl (ServerState.java:setRaftConf(354)) - 30ed9a86-7dc1-44e8-9d30-33403d1562de@group-77151C39505F: set configuration 0: [30ed9a86-7dc1-44e8-9d30-33403d1562de:192.168.151.106:38001], old=null at 0
2019-09-25 07:31:39,672 [Thread-276] INFO  impl.FollowerState (FollowerState.java:run(106)) - e7ade9c5-d3a7-47b4-b6a9-a4357aa48a0f:group-1E9C4AA96EEE changes to CANDIDATE, lastRpcTime:5028, electionTimeout:5025ms
2019-09-25 07:31:39,673 [Thread-276] INFO  impl.RoleInfo (RoleInfo.java:shutdownFollowerState(121)) - e7ade9c5-d3a7-47b4-b6a9-a4357aa48a0f: shutdown FollowerState
2019-09-25 07:31:39,673 [Thread-276] INFO  impl.RaftServerImpl (RaftServerImpl.java:setRole(174)) - e7ade9c5-d3a7-47b4-b6a9-a4357aa48a0f@group-1E9C4AA96EEE: changes role from  FOLLOWER to CANDIDATE at term 0 for changeToCandidate
2019-09-25 07:31:39,673 [Thread-276] INFO  impl.RoleInfo (RoleInfo.java:updateAndGet(143)) - e7ade9c5-d3a7-47b4-b6a9-a4357aa48a0f: start LeaderElection
2019-09-25 07:31:39,677 [30ed9a86-7dc1-44e8-9d30-33403d1562de@group-77151C39505F-SegmentedRaftLogWorker] INFO  segmented.SegmentedRaftLogWorker (SegmentedRaftLogWorker.java:execute(569)) - 30ed9a86-7dc1-44e8-9d30-33403d1562de@group-77151C39505F-SegmentedRaftLogWorker: created new log segment /workdir/hadoop-ozone/tools/target/test-dir/MiniOzoneClusterImpl-434b9272-080e-4e11-a356-5e83993913c2/datanode-2/data/ratis/821d94ed-810a-480a-87ac-77151c39505f/current/log_inprogress_0
2019-09-25 07:31:39,690 [e7ade9c5-d3a7-47b4-b6a9-a4357aa48a0f@group-1E9C4AA96EEE:LeaderElection21] INFO  impl.LeaderElection (LeaderElection.java:askForVotes(182)) - e7ade9c5-d3a7-47b4-b6a9-a4357aa48a0f@group-1E9C4AA96EEE:LeaderElection21: begin an election at term 1 for -1: [e7ade9c5-d3a7-47b4-b6a9-a4357aa48a0f:192.168.151.106:33258], old=null
2019-09-25 07:31:39,690 [e7ade9c5-d3a7-47b4-b6a9-a4357aa48a0f@group-1E9C4AA96EEE:LeaderElection21] INFO  impl.RoleInfo (RoleInfo.java:shutdownLeaderElection(134)) - e7ade9c5-d3a7-47b4-b6a9-a4357aa48a0f: shutdown LeaderElection
2019-09-25 07:31:39,690 [e7ade9c5-d3a7-47b4-b6a9-a4357aa48a0f@group-1E9C4AA96EEE:LeaderElection21] INFO  impl.RaftServerImpl (RaftServerImpl.java:setRole(174)) - e7ade9c5-d3a7-47b4-b6a9-a4357aa48a0f@group-1E9C4AA96EEE: changes role from CANDIDATE to LEADER at term 1 for changeToLeader
2019-09-25 07:31:39,690 [e7ade9c5-d3a7-47b4-b6a9-a4357aa48a0f@group-1E9C4AA96EEE:LeaderElection21] INFO  impl.RaftServerImpl (ServerState.java:setLeader(253)) - e7ade9c5-d3a7-47b4-b6a9-a4357aa48a0f@group-1E9C4AA96EEE: change Leader from null to e7ade9c5-d3a7-47b4-b6a9-a4357aa48a0f at term 1 for becomeLeader, leader elected after 5054ms
2019-09-25 07:31:39,691 [e7ade9c5-d3a7-47b4-b6a9-a4357aa48a0f@group-1E9C4AA96EEE:LeaderElection21] INFO  server.RaftServerConfigKeys (ConfUtils.java:logGet(43)) - raft.server.staging.catchup.gap = 1000 (default)
2019-09-25 07:31:39,691 [e7ade9c5-d3a7-47b4-b6a9-a4357aa48a0f@group-1E9C4AA96EEE:LeaderElection21] INFO  server.RaftServerConfigKeys (ConfUtils.java:logGet(43)) - raft.server.rpc.sleep.time = 25ms (default)
2019-09-25 07:31:39,691 [e7ade9c5-d3a7-47b4-b6a9-a4357aa48a0f@group-1E9C4AA96EEE:LeaderElection21] INFO  server.RaftServerConfigKeys (ConfUtils.java:logGet(43)) - raft.server.write.element-limit = 4096 (default)
2019-09-25 07:31:39,691 [e7ade9c5-d3a7-47b4-b6a9-a4357aa48a0f@group-1E9C4AA96EEE:LeaderElection21] INFO  server.RaftServerConfigKeys (ConfUtils.java:logGet(43)) - raft.server.watch.timeout = 10s (default)
2019-09-25 07:31:39,691 [e7ade9c5-d3a7-47b4-b6a9-a4357aa48a0f@group-1E9C4AA96EEE:LeaderElection21] INFO  server.RaftServerConfigKeys (ConfUtils.java:logGet(43)) - raft.server.watch.timeout.denomination = 1s (default)
2019-09-25 07:31:39,691 [e7ade9c5-d3a7-47b4-b6a9-a4357aa48a0f@group-1E9C4AA96EEE:LeaderElection21] INFO  server.RaftServerConfigKeys (ConfUtils.java:logGet(43)) - raft.server.watch.element-limit = 65536 (default)
2019-09-25 07:31:39,694 [e7ade9c5-d3a7-47b4-b6a9-a4357aa48a0f@group-1E9C4AA96EEE:LeaderElection21] INFO  impl.RoleInfo (RoleInfo.java:updateAndGet(143)) - e7ade9c5-d3a7-47b4-b6a9-a4357aa48a0f: start LeaderState
2019-09-25 07:31:39,694 [e7ade9c5-d3a7-47b4-b6a9-a4357aa48a0f@group-1E9C4AA96EEE:LeaderElection21] INFO  segmented.SegmentedRaftLogWorker (SegmentedRaftLogWorker.java:startLogSegment(380)) - e7ade9c5-d3a7-47b4-b6a9-a4357aa48a0f@group-1E9C4AA96EEE-SegmentedRaftLogWorker: Starting segment from index:0
2019-09-25 07:31:39,695 [e7ade9c5-d3a7-47b4-b6a9-a4357aa48a0f@group-1E9C4AA96EEE:LeaderElection21] INFO  impl.RaftServerImpl (ServerState.java:setRaftConf(354)) - e7ade9c5-d3a7-47b4-b6a9-a4357aa48a0f@group-1E9C4AA96EEE: set configuration 0: [e7ade9c5-d3a7-47b4-b6a9-a4357aa48a0f:192.168.151.106:33258], old=null at 0
2019-09-25 07:31:39,738 [e7ade9c5-d3a7-47b4-b6a9-a4357aa48a0f@group-1E9C4AA96EEE-SegmentedRaftLogWorker] INFO  segmented.SegmentedRaftLogWorker (SegmentedRaftLogWorker.java:execute(569)) - e7ade9c5-d3a7-47b4-b6a9-a4357aa48a0f@group-1E9C4AA96EEE-SegmentedRaftLogWorker: created new log segment /workdir/hadoop-ozone/tools/target/test-dir/MiniOzoneClusterImpl-434b9272-080e-4e11-a356-5e83993913c2/datanode-4/data/ratis/65c2ee12-a931-4647-8411-1e9c4aa96eee/current/log_inprogress_0
2019-09-25 07:31:39,790 [Thread-279] INFO  impl.FollowerState (FollowerState.java:run(106)) - 9cf3df6f-e379-4380-a767-50b9da7a5708:group-07F1FC951CD1 changes to CANDIDATE, lastRpcTime:5071, electionTimeout:5071ms
2019-09-25 07:31:39,790 [Thread-279] INFO  impl.RoleInfo (RoleInfo.java:shutdownFollowerState(121)) - 9cf3df6f-e379-4380-a767-50b9da7a5708: shutdown FollowerState
2019-09-25 07:31:39,790 [Thread-279] INFO  impl.RaftServerImpl (RaftServerImpl.java:setRole(174)) - 9cf3df6f-e379-4380-a767-50b9da7a5708@group-07F1FC951CD1: changes role from  FOLLOWER to CANDIDATE at term 0 for changeToCandidate
2019-09-25 07:31:39,791 [Thread-279] INFO  impl.RoleInfo (RoleInfo.java:updateAndGet(143)) - 9cf3df6f-e379-4380-a767-50b9da7a5708: start LeaderElection
2019-09-25 07:31:39,807 [9cf3df6f-e379-4380-a767-50b9da7a5708@group-07F1FC951CD1:LeaderElection22] INFO  impl.LeaderElection (LeaderElection.java:askForVotes(182)) - 9cf3df6f-e379-4380-a767-50b9da7a5708@group-07F1FC951CD1:LeaderElection22: begin an election at term 1 for -1: [9cf3df6f-e379-4380-a767-50b9da7a5708:192.168.151.106:34838], old=null
2019-09-25 07:31:39,807 [9cf3df6f-e379-4380-a767-50b9da7a5708@group-07F1FC951CD1:LeaderElection22] INFO  impl.RoleInfo (RoleInfo.java:shutdownLeaderElection(134)) - 9cf3df6f-e379-4380-a767-50b9da7a5708: shutdown LeaderElection
2019-09-25 07:31:39,808 [9cf3df6f-e379-4380-a767-50b9da7a5708@group-07F1FC951CD1:LeaderElection22] INFO  impl.RaftServerImpl (RaftServerImpl.java:setRole(174)) - 9cf3df6f-e379-4380-a767-50b9da7a5708@group-07F1FC951CD1: changes role from CANDIDATE to LEADER at term 1 for changeToLeader
2019-09-25 07:31:39,808 [9cf3df6f-e379-4380-a767-50b9da7a5708@group-07F1FC951CD1:LeaderElection22] INFO  impl.RaftServerImpl (ServerState.java:setLeader(253)) - 9cf3df6f-e379-4380-a767-50b9da7a5708@group-07F1FC951CD1: change Leader from null to 9cf3df6f-e379-4380-a767-50b9da7a5708 at term 1 for becomeLeader, leader elected after 5096ms
2019-09-25 07:31:39,808 [9cf3df6f-e379-4380-a767-50b9da7a5708@group-07F1FC951CD1:LeaderElection22] INFO  server.RaftServerConfigKeys (ConfUtils.java:logGet(43)) - raft.server.staging.catchup.gap = 1000 (default)
2019-09-25 07:31:39,808 [9cf3df6f-e379-4380-a767-50b9da7a5708@group-07F1FC951CD1:LeaderElection22] INFO  server.RaftServerConfigKeys (ConfUtils.java:logGet(43)) - raft.server.rpc.sleep.time = 25ms (default)
2019-09-25 07:31:39,809 [9cf3df6f-e379-4380-a767-50b9da7a5708@group-07F1FC951CD1:LeaderElection22] INFO  server.RaftServerConfigKeys (ConfUtils.java:logGet(43)) - raft.server.write.element-limit = 4096 (default)
2019-09-25 07:31:39,809 [9cf3df6f-e379-4380-a767-50b9da7a5708@group-07F1FC951CD1:LeaderElection22] INFO  server.RaftServerConfigKeys (ConfUtils.java:logGet(43)) - raft.server.watch.timeout = 10s (default)
2019-09-25 07:31:39,809 [9cf3df6f-e379-4380-a767-50b9da7a5708@group-07F1FC951CD1:LeaderElection22] INFO  server.RaftServerConfigKeys (ConfUtils.java:logGet(43)) - raft.server.watch.timeout.denomination = 1s (default)
2019-09-25 07:31:39,809 [9cf3df6f-e379-4380-a767-50b9da7a5708@group-07F1FC951CD1:LeaderElection22] INFO  server.RaftServerConfigKeys (ConfUtils.java:logGet(43)) - raft.server.watch.element-limit = 65536 (default)
2019-09-25 07:31:39,812 [9cf3df6f-e379-4380-a767-50b9da7a5708@group-07F1FC951CD1:LeaderElection22] INFO  impl.RoleInfo (RoleInfo.java:updateAndGet(143)) - 9cf3df6f-e379-4380-a767-50b9da7a5708: start LeaderState
2019-09-25 07:31:39,812 [9cf3df6f-e379-4380-a767-50b9da7a5708@group-07F1FC951CD1:LeaderElection22] INFO  segmented.SegmentedRaftLogWorker (SegmentedRaftLogWorker.java:startLogSegment(380)) - 9cf3df6f-e379-4380-a767-50b9da7a5708@group-07F1FC951CD1-SegmentedRaftLogWorker: Starting segment from index:0
2019-09-25 07:31:39,812 [9cf3df6f-e379-4380-a767-50b9da7a5708@group-07F1FC951CD1:LeaderElection22] INFO  impl.RaftServerImpl (ServerState.java:setRaftConf(354)) - 9cf3df6f-e379-4380-a767-50b9da7a5708@group-07F1FC951CD1: set configuration 0: [9cf3df6f-e379-4380-a767-50b9da7a5708:192.168.151.106:34838], old=null at 0
2019-09-25 07:31:39,876 [9cf3df6f-e379-4380-a767-50b9da7a5708@group-07F1FC951CD1-SegmentedRaftLogWorker] INFO  segmented.SegmentedRaftLogWorker (SegmentedRaftLogWorker.java:execute(569)) - 9cf3df6f-e379-4380-a767-50b9da7a5708@group-07F1FC951CD1-SegmentedRaftLogWorker: created new log segment /workdir/hadoop-ozone/tools/target/test-dir/MiniOzoneClusterImpl-434b9272-080e-4e11-a356-5e83993913c2/datanode-1/data/ratis/74c7e614-5006-4a0a-8104-07f1fc951cd1/current/log_inprogress_0
2019-09-25 07:31:39,899 [Thread-282] INFO  impl.FollowerState (FollowerState.java:run(106)) - 30ed9a86-7dc1-44e8-9d30-33403d1562de:group-80B235F83249 changes to CANDIDATE, lastRpcTime:5128, electionTimeout:5128ms
2019-09-25 07:31:39,900 [Thread-282] INFO  impl.RoleInfo (RoleInfo.java:shutdownFollowerState(121)) - 30ed9a86-7dc1-44e8-9d30-33403d1562de: shutdown FollowerState
2019-09-25 07:31:39,900 [Thread-282] INFO  impl.RaftServerImpl (RaftServerImpl.java:setRole(174)) - 30ed9a86-7dc1-44e8-9d30-33403d1562de@group-80B235F83249: changes role from  FOLLOWER to CANDIDATE at term 0 for changeToCandidate
2019-09-25 07:31:39,900 [Thread-282] INFO  impl.RoleInfo (RoleInfo.java:updateAndGet(143)) - 30ed9a86-7dc1-44e8-9d30-33403d1562de: start LeaderElection
2019-09-25 07:31:39,928 [30ed9a86-7dc1-44e8-9d30-33403d1562de@group-80B235F83249:LeaderElection23] INFO  impl.LeaderElection (LeaderElection.java:askForVotes(182)) - 30ed9a86-7dc1-44e8-9d30-33403d1562de@group-80B235F83249:LeaderElection23: begin an election at term 1 for -1: [30ed9a86-7dc1-44e8-9d30-33403d1562de:192.168.151.106:38001], old=null
2019-09-25 07:31:39,928 [30ed9a86-7dc1-44e8-9d30-33403d1562de@group-80B235F83249:LeaderElection23] INFO  impl.RoleInfo (RoleInfo.java:shutdownLeaderElection(134)) - 30ed9a86-7dc1-44e8-9d30-33403d1562de: shutdown LeaderElection
2019-09-25 07:31:39,928 [30ed9a86-7dc1-44e8-9d30-33403d1562de@group-80B235F83249:LeaderElection23] INFO  impl.RaftServerImpl (RaftServerImpl.java:setRole(174)) - 30ed9a86-7dc1-44e8-9d30-33403d1562de@group-80B235F83249: changes role from CANDIDATE to LEADER at term 1 for changeToLeader
2019-09-25 07:31:39,928 [30ed9a86-7dc1-44e8-9d30-33403d1562de@group-80B235F83249:LeaderElection23] INFO  impl.RaftServerImpl (ServerState.java:setLeader(253)) - 30ed9a86-7dc1-44e8-9d30-33403d1562de@group-80B235F83249: change Leader from null to 30ed9a86-7dc1-44e8-9d30-33403d1562de at term 1 for becomeLeader, leader elected after 5164ms
2019-09-25 07:31:39,929 [30ed9a86-7dc1-44e8-9d30-33403d1562de@group-80B235F83249:LeaderElection23] INFO  server.RaftServerConfigKeys (ConfUtils.java:logGet(43)) - raft.server.staging.catchup.gap = 1000 (default)
2019-09-25 07:31:39,929 [30ed9a86-7dc1-44e8-9d30-33403d1562de@group-80B235F83249:LeaderElection23] INFO  server.RaftServerConfigKeys (ConfUtils.java:logGet(43)) - raft.server.rpc.sleep.time = 25ms (default)
2019-09-25 07:31:39,929 [30ed9a86-7dc1-44e8-9d30-33403d1562de@group-80B235F83249:LeaderElection23] INFO  server.RaftServerConfigKeys (ConfUtils.java:logGet(43)) - raft.server.write.element-limit = 4096 (default)
2019-09-25 07:31:39,929 [30ed9a86-7dc1-44e8-9d30-33403d1562de@group-80B235F83249:LeaderElection23] INFO  server.RaftServerConfigKeys (ConfUtils.java:logGet(43)) - raft.server.watch.timeout = 10s (default)
2019-09-25 07:31:39,930 [30ed9a86-7dc1-44e8-9d30-33403d1562de@group-80B235F83249:LeaderElection23] INFO  server.RaftServerConfigKeys (ConfUtils.java:logGet(43)) - raft.server.watch.timeout.denomination = 1s (default)
2019-09-25 07:31:39,930 [30ed9a86-7dc1-44e8-9d30-33403d1562de@group-80B235F83249:LeaderElection23] INFO  server.RaftServerConfigKeys (ConfUtils.java:logGet(43)) - raft.server.watch.element-limit = 65536 (default)
2019-09-25 07:31:39,933 [30ed9a86-7dc1-44e8-9d30-33403d1562de@group-80B235F83249:LeaderElection23] INFO  impl.RoleInfo (RoleInfo.java:updateAndGet(143)) - 30ed9a86-7dc1-44e8-9d30-33403d1562de: start LeaderState
2019-09-25 07:31:39,933 [30ed9a86-7dc1-44e8-9d30-33403d1562de@group-80B235F83249:LeaderElection23] INFO  segmented.SegmentedRaftLogWorker (SegmentedRaftLogWorker.java:startLogSegment(380)) - 30ed9a86-7dc1-44e8-9d30-33403d1562de@group-80B235F83249-SegmentedRaftLogWorker: Starting segment from index:0
2019-09-25 07:31:39,934 [30ed9a86-7dc1-44e8-9d30-33403d1562de@group-80B235F83249:LeaderElection23] INFO  impl.RaftServerImpl (ServerState.java:setRaftConf(354)) - 30ed9a86-7dc1-44e8-9d30-33403d1562de@group-80B235F83249: set configuration 0: [30ed9a86-7dc1-44e8-9d30-33403d1562de:192.168.151.106:38001], old=null at 0
2019-09-25 07:31:39,976 [Thread-288] INFO  impl.FollowerState (FollowerState.java:run(106)) - d48b337c-c375-45aa-b643-d5a6070b4eed:group-96FD450CE06E changes to CANDIDATE, lastRpcTime:5053, electionTimeout:5045ms
2019-09-25 07:31:39,976 [Thread-285] INFO  impl.FollowerState (FollowerState.java:run(106)) - e7ade9c5-d3a7-47b4-b6a9-a4357aa48a0f:group-B73FDBDFB3B6 changes to CANDIDATE, lastRpcTime:5128, electionTimeout:5098ms
2019-09-25 07:31:39,976 [Thread-288] INFO  impl.RoleInfo (RoleInfo.java:shutdownFollowerState(121)) - d48b337c-c375-45aa-b643-d5a6070b4eed: shutdown FollowerState
2019-09-25 07:31:39,976 [Thread-285] INFO  impl.RoleInfo (RoleInfo.java:shutdownFollowerState(121)) - e7ade9c5-d3a7-47b4-b6a9-a4357aa48a0f: shutdown FollowerState
2019-09-25 07:31:39,976 [Thread-288] INFO  impl.RaftServerImpl (RaftServerImpl.java:setRole(174)) - d48b337c-c375-45aa-b643-d5a6070b4eed@group-96FD450CE06E: changes role from  FOLLOWER to CANDIDATE at term 0 for changeToCandidate
2019-09-25 07:31:39,976 [Thread-285] INFO  impl.RaftServerImpl (RaftServerImpl.java:setRole(174)) - e7ade9c5-d3a7-47b4-b6a9-a4357aa48a0f@group-B73FDBDFB3B6: changes role from  FOLLOWER to CANDIDATE at term 0 for changeToCandidate
2019-09-25 07:31:39,976 [Thread-288] INFO  impl.RoleInfo (RoleInfo.java:updateAndGet(143)) - d48b337c-c375-45aa-b643-d5a6070b4eed: start LeaderElection
2019-09-25 07:31:39,976 [Thread-285] INFO  impl.RoleInfo (RoleInfo.java:updateAndGet(143)) - e7ade9c5-d3a7-47b4-b6a9-a4357aa48a0f: start LeaderElection
2019-09-25 07:31:39,994 [30ed9a86-7dc1-44e8-9d30-33403d1562de@group-80B235F83249-SegmentedRaftLogWorker] INFO  segmented.SegmentedRaftLogWorker (SegmentedRaftLogWorker.java:execute(569)) - 30ed9a86-7dc1-44e8-9d30-33403d1562de@group-80B235F83249-SegmentedRaftLogWorker: created new log segment /workdir/hadoop-ozone/tools/target/test-dir/MiniOzoneClusterImpl-434b9272-080e-4e11-a356-5e83993913c2/datanode-2/data/ratis/7d58ea0e-ed2e-46d1-a68b-80b235f83249/current/log_inprogress_0
2019-09-25 07:31:39,994 [d48b337c-c375-45aa-b643-d5a6070b4eed@group-96FD450CE06E:LeaderElection24] INFO  impl.LeaderElection (LeaderElection.java:askForVotes(182)) - d48b337c-c375-45aa-b643-d5a6070b4eed@group-96FD450CE06E:LeaderElection24: begin an election at term 1 for -1: [d48b337c-c375-45aa-b643-d5a6070b4eed:192.168.151.106:46356], old=null
2019-09-25 07:31:39,994 [e7ade9c5-d3a7-47b4-b6a9-a4357aa48a0f@group-B73FDBDFB3B6:LeaderElection25] INFO  impl.LeaderElection (LeaderElection.java:askForVotes(182)) - e7ade9c5-d3a7-47b4-b6a9-a4357aa48a0f@group-B73FDBDFB3B6:LeaderElection25: begin an election at term 1 for -1: [e7ade9c5-d3a7-47b4-b6a9-a4357aa48a0f:192.168.151.106:33258], old=null
2019-09-25 07:31:39,994 [d48b337c-c375-45aa-b643-d5a6070b4eed@group-96FD450CE06E:LeaderElection24] INFO  impl.RoleInfo (RoleInfo.java:shutdownLeaderElection(134)) - d48b337c-c375-45aa-b643-d5a6070b4eed: shutdown LeaderElection
2019-09-25 07:31:39,994 [e7ade9c5-d3a7-47b4-b6a9-a4357aa48a0f@group-B73FDBDFB3B6:LeaderElection25] INFO  impl.RoleInfo (RoleInfo.java:shutdownLeaderElection(134)) - e7ade9c5-d3a7-47b4-b6a9-a4357aa48a0f: shutdown LeaderElection
2019-09-25 07:31:39,995 [d48b337c-c375-45aa-b643-d5a6070b4eed@group-96FD450CE06E:LeaderElection24] INFO  impl.RaftServerImpl (RaftServerImpl.java:setRole(174)) - d48b337c-c375-45aa-b643-d5a6070b4eed@group-96FD450CE06E: changes role from CANDIDATE to LEADER at term 1 for changeToLeader
2019-09-25 07:31:39,995 [e7ade9c5-d3a7-47b4-b6a9-a4357aa48a0f@group-B73FDBDFB3B6:LeaderElection25] INFO  impl.RaftServerImpl (RaftServerImpl.java:setRole(174)) - e7ade9c5-d3a7-47b4-b6a9-a4357aa48a0f@group-B73FDBDFB3B6: changes role from CANDIDATE to LEADER at term 1 for changeToLeader
2019-09-25 07:31:39,995 [d48b337c-c375-45aa-b643-d5a6070b4eed@group-96FD450CE06E:LeaderElection24] INFO  impl.RaftServerImpl (ServerState.java:setLeader(253)) - d48b337c-c375-45aa-b643-d5a6070b4eed@group-96FD450CE06E: change Leader from null to d48b337c-c375-45aa-b643-d5a6070b4eed at term 1 for becomeLeader, leader elected after 5079ms
2019-09-25 07:31:39,995 [e7ade9c5-d3a7-47b4-b6a9-a4357aa48a0f@group-B73FDBDFB3B6:LeaderElection25] INFO  impl.RaftServerImpl (ServerState.java:setLeader(253)) - e7ade9c5-d3a7-47b4-b6a9-a4357aa48a0f@group-B73FDBDFB3B6: change Leader from null to e7ade9c5-d3a7-47b4-b6a9-a4357aa48a0f at term 1 for becomeLeader, leader elected after 5155ms
2019-09-25 07:31:39,995 [d48b337c-c375-45aa-b643-d5a6070b4eed@group-96FD450CE06E:LeaderElection24] INFO  server.RaftServerConfigKeys (ConfUtils.java:logGet(43)) - raft.server.staging.catchup.gap = 1000 (default)
2019-09-25 07:31:39,995 [e7ade9c5-d3a7-47b4-b6a9-a4357aa48a0f@group-B73FDBDFB3B6:LeaderElection25] INFO  server.RaftServerConfigKeys (ConfUtils.java:logGet(43)) - raft.server.staging.catchup.gap = 1000 (default)
2019-09-25 07:31:39,995 [d48b337c-c375-45aa-b643-d5a6070b4eed@group-96FD450CE06E:LeaderElection24] INFO  server.RaftServerConfigKeys (ConfUtils.java:logGet(43)) - raft.server.rpc.sleep.time = 25ms (default)
2019-09-25 07:31:39,995 [e7ade9c5-d3a7-47b4-b6a9-a4357aa48a0f@group-B73FDBDFB3B6:LeaderElection25] INFO  server.RaftServerConfigKeys (ConfUtils.java:logGet(43)) - raft.server.rpc.sleep.time = 25ms (default)
2019-09-25 07:31:39,996 [d48b337c-c375-45aa-b643-d5a6070b4eed@group-96FD450CE06E:LeaderElection24] INFO  server.RaftServerConfigKeys (ConfUtils.java:logGet(43)) - raft.server.write.element-limit = 4096 (default)
2019-09-25 07:31:39,996 [e7ade9c5-d3a7-47b4-b6a9-a4357aa48a0f@group-B73FDBDFB3B6:LeaderElection25] INFO  server.RaftServerConfigKeys (ConfUtils.java:logGet(43)) - raft.server.write.element-limit = 4096 (default)
2019-09-25 07:31:39,996 [d48b337c-c375-45aa-b643-d5a6070b4eed@group-96FD450CE06E:LeaderElection24] INFO  server.RaftServerConfigKeys (ConfUtils.java:logGet(43)) - raft.server.watch.timeout = 10s (default)
2019-09-25 07:31:39,996 [e7ade9c5-d3a7-47b4-b6a9-a4357aa48a0f@group-B73FDBDFB3B6:LeaderElection25] INFO  server.RaftServerConfigKeys (ConfUtils.java:logGet(43)) - raft.server.watch.timeout = 10s (default)
2019-09-25 07:31:39,996 [d48b337c-c375-45aa-b643-d5a6070b4eed@group-96FD450CE06E:LeaderElection24] INFO  server.RaftServerConfigKeys (ConfUtils.java:logGet(43)) - raft.server.watch.timeout.denomination = 1s (default)
2019-09-25 07:31:39,996 [e7ade9c5-d3a7-47b4-b6a9-a4357aa48a0f@group-B73FDBDFB3B6:LeaderElection25] INFO  server.RaftServerConfigKeys (ConfUtils.java:logGet(43)) - raft.server.watch.timeout.denomination = 1s (default)
2019-09-25 07:31:39,996 [d48b337c-c375-45aa-b643-d5a6070b4eed@group-96FD450CE06E:LeaderElection24] INFO  server.RaftServerConfigKeys (ConfUtils.java:logGet(43)) - raft.server.watch.element-limit = 65536 (default)
2019-09-25 07:31:39,997 [e7ade9c5-d3a7-47b4-b6a9-a4357aa48a0f@group-B73FDBDFB3B6:LeaderElection25] INFO  server.RaftServerConfigKeys (ConfUtils.java:logGet(43)) - raft.server.watch.element-limit = 65536 (default)
2019-09-25 07:31:40,000 [d48b337c-c375-45aa-b643-d5a6070b4eed@group-96FD450CE06E:LeaderElection24] INFO  impl.RoleInfo (RoleInfo.java:updateAndGet(143)) - d48b337c-c375-45aa-b643-d5a6070b4eed: start LeaderState
2019-09-25 07:31:40,000 [e7ade9c5-d3a7-47b4-b6a9-a4357aa48a0f@group-B73FDBDFB3B6:LeaderElection25] INFO  impl.RoleInfo (RoleInfo.java:updateAndGet(143)) - e7ade9c5-d3a7-47b4-b6a9-a4357aa48a0f: start LeaderState
2019-09-25 07:31:40,001 [d48b337c-c375-45aa-b643-d5a6070b4eed@group-96FD450CE06E:LeaderElection24] INFO  segmented.SegmentedRaftLogWorker (SegmentedRaftLogWorker.java:startLogSegment(380)) - d48b337c-c375-45aa-b643-d5a6070b4eed@group-96FD450CE06E-SegmentedRaftLogWorker: Starting segment from index:0
2019-09-25 07:31:40,001 [e7ade9c5-d3a7-47b4-b6a9-a4357aa48a0f@group-B73FDBDFB3B6:LeaderElection25] INFO  segmented.SegmentedRaftLogWorker (SegmentedRaftLogWorker.java:startLogSegment(380)) - e7ade9c5-d3a7-47b4-b6a9-a4357aa48a0f@group-B73FDBDFB3B6-SegmentedRaftLogWorker: Starting segment from index:0
2019-09-25 07:31:40,001 [d48b337c-c375-45aa-b643-d5a6070b4eed@group-96FD450CE06E:LeaderElection24] INFO  impl.RaftServerImpl (ServerState.java:setRaftConf(354)) - d48b337c-c375-45aa-b643-d5a6070b4eed@group-96FD450CE06E: set configuration 0: [d48b337c-c375-45aa-b643-d5a6070b4eed:192.168.151.106:46356], old=null at 0
2019-09-25 07:31:40,023 [e7ade9c5-d3a7-47b4-b6a9-a4357aa48a0f@group-B73FDBDFB3B6:LeaderElection25] INFO  impl.RaftServerImpl (ServerState.java:setRaftConf(354)) - e7ade9c5-d3a7-47b4-b6a9-a4357aa48a0f@group-B73FDBDFB3B6: set configuration 0: [e7ade9c5-d3a7-47b4-b6a9-a4357aa48a0f:192.168.151.106:33258], old=null at 0
2019-09-25 07:31:40,045 [d48b337c-c375-45aa-b643-d5a6070b4eed@group-96FD450CE06E-SegmentedRaftLogWorker] INFO  segmented.SegmentedRaftLogWorker (SegmentedRaftLogWorker.java:execute(569)) - d48b337c-c375-45aa-b643-d5a6070b4eed@group-96FD450CE06E-SegmentedRaftLogWorker: created new log segment /workdir/hadoop-ozone/tools/target/test-dir/MiniOzoneClusterImpl-434b9272-080e-4e11-a356-5e83993913c2/datanode-3/data/ratis/d32bbb3d-a6c7-43e3-b0f2-96fd450ce06e/current/log_inprogress_0
2019-09-25 07:31:40,048 [Thread-291] INFO  impl.FollowerState (FollowerState.java:run(106)) - d48b337c-c375-45aa-b643-d5a6070b4eed:group-42BF469A35CE changes to CANDIDATE, lastRpcTime:5050, electionTimeout:5050ms
2019-09-25 07:31:40,049 [Thread-291] INFO  impl.RoleInfo (RoleInfo.java:shutdownFollowerState(121)) - d48b337c-c375-45aa-b643-d5a6070b4eed: shutdown FollowerState
2019-09-25 07:31:40,049 [Thread-291] INFO  impl.RaftServerImpl (RaftServerImpl.java:setRole(174)) - d48b337c-c375-45aa-b643-d5a6070b4eed@group-42BF469A35CE: changes role from  FOLLOWER to CANDIDATE at term 0 for changeToCandidate
2019-09-25 07:31:40,049 [Thread-291] INFO  impl.RoleInfo (RoleInfo.java:updateAndGet(143)) - d48b337c-c375-45aa-b643-d5a6070b4eed: start LeaderElection
2019-09-25 07:31:40,068 [e7ade9c5-d3a7-47b4-b6a9-a4357aa48a0f@group-B73FDBDFB3B6-SegmentedRaftLogWorker] INFO  segmented.SegmentedRaftLogWorker (SegmentedRaftLogWorker.java:execute(569)) - e7ade9c5-d3a7-47b4-b6a9-a4357aa48a0f@group-B73FDBDFB3B6-SegmentedRaftLogWorker: created new log segment /workdir/hadoop-ozone/tools/target/test-dir/MiniOzoneClusterImpl-434b9272-080e-4e11-a356-5e83993913c2/datanode-4/data/ratis/a444e918-1ae9-45e4-81ae-b73fdbdfb3b6/current/log_inprogress_0
2019-09-25 07:31:40,068 [d48b337c-c375-45aa-b643-d5a6070b4eed@group-42BF469A35CE:LeaderElection26] INFO  impl.LeaderElection (LeaderElection.java:askForVotes(182)) - d48b337c-c375-45aa-b643-d5a6070b4eed@group-42BF469A35CE:LeaderElection26: begin an election at term 1 for -1: [d48b337c-c375-45aa-b643-d5a6070b4eed:192.168.151.106:46356], old=null
2019-09-25 07:31:40,068 [d48b337c-c375-45aa-b643-d5a6070b4eed@group-42BF469A35CE:LeaderElection26] INFO  impl.RoleInfo (RoleInfo.java:shutdownLeaderElection(134)) - d48b337c-c375-45aa-b643-d5a6070b4eed: shutdown LeaderElection
2019-09-25 07:31:40,068 [d48b337c-c375-45aa-b643-d5a6070b4eed@group-42BF469A35CE:LeaderElection26] INFO  impl.RaftServerImpl (RaftServerImpl.java:setRole(174)) - d48b337c-c375-45aa-b643-d5a6070b4eed@group-42BF469A35CE: changes role from CANDIDATE to LEADER at term 1 for changeToLeader
2019-09-25 07:31:40,068 [d48b337c-c375-45aa-b643-d5a6070b4eed@group-42BF469A35CE:LeaderElection26] INFO  impl.RaftServerImpl (ServerState.java:setLeader(253)) - d48b337c-c375-45aa-b643-d5a6070b4eed@group-42BF469A35CE: change Leader from null to d48b337c-c375-45aa-b643-d5a6070b4eed at term 1 for becomeLeader, leader elected after 5077ms
2019-09-25 07:31:40,069 [d48b337c-c375-45aa-b643-d5a6070b4eed@group-42BF469A35CE:LeaderElection26] INFO  server.RaftServerConfigKeys (ConfUtils.java:logGet(43)) - raft.server.staging.catchup.gap = 1000 (default)
2019-09-25 07:31:40,069 [d48b337c-c375-45aa-b643-d5a6070b4eed@group-42BF469A35CE:LeaderElection26] INFO  server.RaftServerConfigKeys (ConfUtils.java:logGet(43)) - raft.server.rpc.sleep.time = 25ms (default)
2019-09-25 07:31:40,069 [d48b337c-c375-45aa-b643-d5a6070b4eed@group-42BF469A35CE:LeaderElection26] INFO  server.RaftServerConfigKeys (ConfUtils.java:logGet(43)) - raft.server.write.element-limit = 4096 (default)
2019-09-25 07:31:40,069 [d48b337c-c375-45aa-b643-d5a6070b4eed@group-42BF469A35CE:LeaderElection26] INFO  server.RaftServerConfigKeys (ConfUtils.java:logGet(43)) - raft.server.watch.timeout = 10s (default)
2019-09-25 07:31:40,069 [d48b337c-c375-45aa-b643-d5a6070b4eed@group-42BF469A35CE:LeaderElection26] INFO  server.RaftServerConfigKeys (ConfUtils.java:logGet(43)) - raft.server.watch.timeout.denomination = 1s (default)
2019-09-25 07:31:40,069 [d48b337c-c375-45aa-b643-d5a6070b4eed@group-42BF469A35CE:LeaderElection26] INFO  server.RaftServerConfigKeys (ConfUtils.java:logGet(43)) - raft.server.watch.element-limit = 65536 (default)
2019-09-25 07:31:40,072 [d48b337c-c375-45aa-b643-d5a6070b4eed@group-42BF469A35CE:LeaderElection26] INFO  impl.RoleInfo (RoleInfo.java:updateAndGet(143)) - d48b337c-c375-45aa-b643-d5a6070b4eed: start LeaderState
2019-09-25 07:31:40,072 [d48b337c-c375-45aa-b643-d5a6070b4eed@group-42BF469A35CE:LeaderElection26] INFO  segmented.SegmentedRaftLogWorker (SegmentedRaftLogWorker.java:startLogSegment(380)) - d48b337c-c375-45aa-b643-d5a6070b4eed@group-42BF469A35CE-SegmentedRaftLogWorker: Starting segment from index:0
2019-09-25 07:31:40,073 [d48b337c-c375-45aa-b643-d5a6070b4eed@group-42BF469A35CE:LeaderElection26] INFO  impl.RaftServerImpl (ServerState.java:setRaftConf(354)) - d48b337c-c375-45aa-b643-d5a6070b4eed@group-42BF469A35CE: set configuration 0: [d48b337c-c375-45aa-b643-d5a6070b4eed:192.168.151.106:46356], old=null at 0
2019-09-25 07:31:40,110 [Thread-294] INFO  impl.FollowerState (FollowerState.java:run(106)) - d48b337c-c375-45aa-b643-d5a6070b4eed:group-1F060B263860 changes to CANDIDATE, lastRpcTime:5028, electionTimeout:5019ms
2019-09-25 07:31:40,110 [Thread-294] INFO  impl.RoleInfo (RoleInfo.java:shutdownFollowerState(121)) - d48b337c-c375-45aa-b643-d5a6070b4eed: shutdown FollowerState
2019-09-25 07:31:40,111 [Thread-294] INFO  impl.RaftServerImpl (RaftServerImpl.java:setRole(174)) - d48b337c-c375-45aa-b643-d5a6070b4eed@group-1F060B263860: changes role from  FOLLOWER to CANDIDATE at term 0 for changeToCandidate
2019-09-25 07:31:40,111 [Thread-294] INFO  impl.RoleInfo (RoleInfo.java:updateAndGet(143)) - d48b337c-c375-45aa-b643-d5a6070b4eed: start LeaderElection
2019-09-25 07:31:40,133 [d48b337c-c375-45aa-b643-d5a6070b4eed@group-42BF469A35CE-SegmentedRaftLogWorker] INFO  segmented.SegmentedRaftLogWorker (SegmentedRaftLogWorker.java:execute(569)) - d48b337c-c375-45aa-b643-d5a6070b4eed@group-42BF469A35CE-SegmentedRaftLogWorker: created new log segment /workdir/hadoop-ozone/tools/target/test-dir/MiniOzoneClusterImpl-434b9272-080e-4e11-a356-5e83993913c2/datanode-3/data/ratis/425bca82-b35a-4d6f-95ba-42bf469a35ce/current/log_inprogress_0
2019-09-25 07:31:40,134 [d48b337c-c375-45aa-b643-d5a6070b4eed@group-1F060B263860:LeaderElection27] INFO  impl.LeaderElection (LeaderElection.java:askForVotes(182)) - d48b337c-c375-45aa-b643-d5a6070b4eed@group-1F060B263860:LeaderElection27: begin an election at term 1 for -1: [d48b337c-c375-45aa-b643-d5a6070b4eed:192.168.151.106:46356], old=null
2019-09-25 07:31:40,134 [d48b337c-c375-45aa-b643-d5a6070b4eed@group-1F060B263860:LeaderElection27] INFO  impl.RoleInfo (RoleInfo.java:shutdownLeaderElection(134)) - d48b337c-c375-45aa-b643-d5a6070b4eed: shutdown LeaderElection
2019-09-25 07:31:40,134 [d48b337c-c375-45aa-b643-d5a6070b4eed@group-1F060B263860:LeaderElection27] INFO  impl.RaftServerImpl (RaftServerImpl.java:setRole(174)) - d48b337c-c375-45aa-b643-d5a6070b4eed@group-1F060B263860: changes role from CANDIDATE to LEADER at term 1 for changeToLeader
2019-09-25 07:31:40,134 [d48b337c-c375-45aa-b643-d5a6070b4eed@group-1F060B263860:LeaderElection27] INFO  impl.RaftServerImpl (ServerState.java:setLeader(253)) - d48b337c-c375-45aa-b643-d5a6070b4eed@group-1F060B263860: change Leader from null to d48b337c-c375-45aa-b643-d5a6070b4eed at term 1 for becomeLeader, leader elected after 5059ms
2019-09-25 07:31:40,134 [d48b337c-c375-45aa-b643-d5a6070b4eed@group-1F060B263860:LeaderElection27] INFO  server.RaftServerConfigKeys (ConfUtils.java:logGet(43)) - raft.server.staging.catchup.gap = 1000 (default)
2019-09-25 07:31:40,135 [d48b337c-c375-45aa-b643-d5a6070b4eed@group-1F060B263860:LeaderElection27] INFO  server.RaftServerConfigKeys (ConfUtils.java:logGet(43)) - raft.server.rpc.sleep.time = 25ms (default)
2019-09-25 07:31:40,135 [d48b337c-c375-45aa-b643-d5a6070b4eed@group-1F060B263860:LeaderElection27] INFO  server.RaftServerConfigKeys (ConfUtils.java:logGet(43)) - raft.server.write.element-limit = 4096 (default)
2019-09-25 07:31:40,135 [d48b337c-c375-45aa-b643-d5a6070b4eed@group-1F060B263860:LeaderElection27] INFO  server.RaftServerConfigKeys (ConfUtils.java:logGet(43)) - raft.server.watch.timeout = 10s (default)
2019-09-25 07:31:40,135 [d48b337c-c375-45aa-b643-d5a6070b4eed@group-1F060B263860:LeaderElection27] INFO  server.RaftServerConfigKeys (ConfUtils.java:logGet(43)) - raft.server.watch.timeout.denomination = 1s (default)
2019-09-25 07:31:40,135 [d48b337c-c375-45aa-b643-d5a6070b4eed@group-1F060B263860:LeaderElection27] INFO  server.RaftServerConfigKeys (ConfUtils.java:logGet(43)) - raft.server.watch.element-limit = 65536 (default)
2019-09-25 07:31:40,138 [d48b337c-c375-45aa-b643-d5a6070b4eed@group-1F060B263860:LeaderElection27] INFO  impl.RoleInfo (RoleInfo.java:updateAndGet(143)) - d48b337c-c375-45aa-b643-d5a6070b4eed: start LeaderState
2019-09-25 07:31:40,138 [d48b337c-c375-45aa-b643-d5a6070b4eed@group-1F060B263860:LeaderElection27] INFO  segmented.SegmentedRaftLogWorker (SegmentedRaftLogWorker.java:startLogSegment(380)) - d48b337c-c375-45aa-b643-d5a6070b4eed@group-1F060B263860-SegmentedRaftLogWorker: Starting segment from index:0
2019-09-25 07:31:40,139 [d48b337c-c375-45aa-b643-d5a6070b4eed@group-1F060B263860:LeaderElection27] INFO  impl.RaftServerImpl (ServerState.java:setRaftConf(354)) - d48b337c-c375-45aa-b643-d5a6070b4eed@group-1F060B263860: set configuration 0: [d48b337c-c375-45aa-b643-d5a6070b4eed:192.168.151.106:46356], old=null at 0
2019-09-25 07:31:40,187 [Thread-297] INFO  impl.FollowerState (FollowerState.java:run(106)) - d48b337c-c375-45aa-b643-d5a6070b4eed:group-54EE55E82F13 changes to CANDIDATE, lastRpcTime:5020, electionTimeout:5020ms
2019-09-25 07:31:40,187 [Thread-297] INFO  impl.RoleInfo (RoleInfo.java:shutdownFollowerState(121)) - d48b337c-c375-45aa-b643-d5a6070b4eed: shutdown FollowerState
2019-09-25 07:31:40,187 [Thread-297] INFO  impl.RaftServerImpl (RaftServerImpl.java:setRole(174)) - d48b337c-c375-45aa-b643-d5a6070b4eed@group-54EE55E82F13: changes role from  FOLLOWER to CANDIDATE at term 0 for changeToCandidate
2019-09-25 07:31:40,187 [Thread-297] INFO  impl.RoleInfo (RoleInfo.java:updateAndGet(143)) - d48b337c-c375-45aa-b643-d5a6070b4eed: start LeaderElection
2019-09-25 07:31:40,200 [d48b337c-c375-45aa-b643-d5a6070b4eed@group-1F060B263860-SegmentedRaftLogWorker] INFO  segmented.SegmentedRaftLogWorker (SegmentedRaftLogWorker.java:execute(569)) - d48b337c-c375-45aa-b643-d5a6070b4eed@group-1F060B263860-SegmentedRaftLogWorker: created new log segment /workdir/hadoop-ozone/tools/target/test-dir/MiniOzoneClusterImpl-434b9272-080e-4e11-a356-5e83993913c2/datanode-3/data/ratis/54955eb2-3aaf-4767-a419-1f060b263860/current/log_inprogress_0
2019-09-25 07:31:40,223 [d48b337c-c375-45aa-b643-d5a6070b4eed@group-54EE55E82F13:LeaderElection28] INFO  impl.LeaderElection (LeaderElection.java:askForVotes(182)) - d48b337c-c375-45aa-b643-d5a6070b4eed@group-54EE55E82F13:LeaderElection28: begin an election at term 1 for -1: [d48b337c-c375-45aa-b643-d5a6070b4eed:192.168.151.106:46356], old=null
2019-09-25 07:31:40,223 [d48b337c-c375-45aa-b643-d5a6070b4eed@group-54EE55E82F13:LeaderElection28] INFO  impl.RoleInfo (RoleInfo.java:shutdownLeaderElection(134)) - d48b337c-c375-45aa-b643-d5a6070b4eed: shutdown LeaderElection
2019-09-25 07:31:40,223 [d48b337c-c375-45aa-b643-d5a6070b4eed@group-54EE55E82F13:LeaderElection28] INFO  impl.RaftServerImpl (RaftServerImpl.java:setRole(174)) - d48b337c-c375-45aa-b643-d5a6070b4eed@group-54EE55E82F13: changes role from CANDIDATE to LEADER at term 1 for changeToLeader
2019-09-25 07:31:40,224 [d48b337c-c375-45aa-b643-d5a6070b4eed@group-54EE55E82F13:LeaderElection28] INFO  impl.RaftServerImpl (ServerState.java:setLeader(253)) - d48b337c-c375-45aa-b643-d5a6070b4eed@group-54EE55E82F13: change Leader from null to d48b337c-c375-45aa-b643-d5a6070b4eed at term 1 for becomeLeader, leader elected after 5064ms
2019-09-25 07:31:40,224 [d48b337c-c375-45aa-b643-d5a6070b4eed@group-54EE55E82F13:LeaderElection28] INFO  server.RaftServerConfigKeys (ConfUtils.java:logGet(43)) - raft.server.staging.catchup.gap = 1000 (default)
2019-09-25 07:31:40,224 [d48b337c-c375-45aa-b643-d5a6070b4eed@group-54EE55E82F13:LeaderElection28] INFO  server.RaftServerConfigKeys (ConfUtils.java:logGet(43)) - raft.server.rpc.sleep.time = 25ms (default)
2019-09-25 07:31:40,224 [d48b337c-c375-45aa-b643-d5a6070b4eed@group-54EE55E82F13:LeaderElection28] INFO  server.RaftServerConfigKeys (ConfUtils.java:logGet(43)) - raft.server.write.element-limit = 4096 (default)
2019-09-25 07:31:40,224 [d48b337c-c375-45aa-b643-d5a6070b4eed@group-54EE55E82F13:LeaderElection28] INFO  server.RaftServerConfigKeys (ConfUtils.java:logGet(43)) - raft.server.watch.timeout = 10s (default)
2019-09-25 07:31:40,225 [d48b337c-c375-45aa-b643-d5a6070b4eed@group-54EE55E82F13:LeaderElection28] INFO  server.RaftServerConfigKeys (ConfUtils.java:logGet(43)) - raft.server.watch.timeout.denomination = 1s (default)
2019-09-25 07:31:40,225 [d48b337c-c375-45aa-b643-d5a6070b4eed@group-54EE55E82F13:LeaderElection28] INFO  server.RaftServerConfigKeys (ConfUtils.java:logGet(43)) - raft.server.watch.element-limit = 65536 (default)
2019-09-25 07:31:40,228 [d48b337c-c375-45aa-b643-d5a6070b4eed@group-54EE55E82F13:LeaderElection28] INFO  impl.RoleInfo (RoleInfo.java:updateAndGet(143)) - d48b337c-c375-45aa-b643-d5a6070b4eed: start LeaderState
2019-09-25 07:31:40,228 [d48b337c-c375-45aa-b643-d5a6070b4eed@group-54EE55E82F13:LeaderElection28] INFO  segmented.SegmentedRaftLogWorker (SegmentedRaftLogWorker.java:startLogSegment(380)) - d48b337c-c375-45aa-b643-d5a6070b4eed@group-54EE55E82F13-SegmentedRaftLogWorker: Starting segment from index:0
2019-09-25 07:31:40,229 [d48b337c-c375-45aa-b643-d5a6070b4eed@group-54EE55E82F13:LeaderElection28] INFO  impl.RaftServerImpl (ServerState.java:setRaftConf(354)) - d48b337c-c375-45aa-b643-d5a6070b4eed@group-54EE55E82F13: set configuration 0: [d48b337c-c375-45aa-b643-d5a6070b4eed:192.168.151.106:46356], old=null at 0
 0.00% |█                                                                                                    |  0/1 Time: 0:00:032019-09-25 07:31:40,285 [Thread-303] INFO  impl.FollowerState (FollowerState.java:run(106)) - 30ed9a86-7dc1-44e8-9d30-33403d1562de:group-DCA6F5ECD4C1 changes to CANDIDATE, lastRpcTime:5001, electionTimeout:5001ms
2019-09-25 07:31:40,285 [Thread-303] INFO  impl.RoleInfo (RoleInfo.java:shutdownFollowerState(121)) - 30ed9a86-7dc1-44e8-9d30-33403d1562de: shutdown FollowerState
2019-09-25 07:31:40,285 [Thread-303] INFO  impl.RaftServerImpl (RaftServerImpl.java:setRole(174)) - 30ed9a86-7dc1-44e8-9d30-33403d1562de@group-DCA6F5ECD4C1: changes role from  FOLLOWER to CANDIDATE at term 0 for changeToCandidate
2019-09-25 07:31:40,285 [Thread-303] INFO  impl.RoleInfo (RoleInfo.java:updateAndGet(143)) - 30ed9a86-7dc1-44e8-9d30-33403d1562de: start LeaderElection
2019-09-25 07:31:40,292 [d48b337c-c375-45aa-b643-d5a6070b4eed@group-54EE55E82F13-SegmentedRaftLogWorker] INFO  segmented.SegmentedRaftLogWorker (SegmentedRaftLogWorker.java:execute(569)) - d48b337c-c375-45aa-b643-d5a6070b4eed@group-54EE55E82F13-SegmentedRaftLogWorker: created new log segment /workdir/hadoop-ozone/tools/target/test-dir/MiniOzoneClusterImpl-434b9272-080e-4e11-a356-5e83993913c2/datanode-3/data/ratis/2291556f-1c41-40f2-84d5-54ee55e82f13/current/log_inprogress_0
2019-09-25 07:31:40,294 [30ed9a86-7dc1-44e8-9d30-33403d1562de@group-DCA6F5ECD4C1:LeaderElection29] INFO  impl.LeaderElection (LeaderElection.java:askForVotes(182)) - 30ed9a86-7dc1-44e8-9d30-33403d1562de@group-DCA6F5ECD4C1:LeaderElection29: begin an election at term 1 for -1: [30ed9a86-7dc1-44e8-9d30-33403d1562de:192.168.151.106:38001], old=null
2019-09-25 07:31:40,295 [30ed9a86-7dc1-44e8-9d30-33403d1562de@group-DCA6F5ECD4C1:LeaderElection29] INFO  impl.RoleInfo (RoleInfo.java:shutdownLeaderElection(134)) - 30ed9a86-7dc1-44e8-9d30-33403d1562de: shutdown LeaderElection
2019-09-25 07:31:40,295 [30ed9a86-7dc1-44e8-9d30-33403d1562de@group-DCA6F5ECD4C1:LeaderElection29] INFO  impl.RaftServerImpl (RaftServerImpl.java:setRole(174)) - 30ed9a86-7dc1-44e8-9d30-33403d1562de@group-DCA6F5ECD4C1: changes role from CANDIDATE to LEADER at term 1 for changeToLeader
2019-09-25 07:31:40,295 [30ed9a86-7dc1-44e8-9d30-33403d1562de@group-DCA6F5ECD4C1:LeaderElection29] INFO  impl.RaftServerImpl (ServerState.java:setLeader(253)) - 30ed9a86-7dc1-44e8-9d30-33403d1562de@group-DCA6F5ECD4C1: change Leader from null to 30ed9a86-7dc1-44e8-9d30-33403d1562de at term 1 for becomeLeader, leader elected after 5017ms
2019-09-25 07:31:40,295 [30ed9a86-7dc1-44e8-9d30-33403d1562de@group-DCA6F5ECD4C1:LeaderElection29] INFO  server.RaftServerConfigKeys (ConfUtils.java:logGet(43)) - raft.server.staging.catchup.gap = 1000 (default)
2019-09-25 07:31:40,295 [30ed9a86-7dc1-44e8-9d30-33403d1562de@group-DCA6F5ECD4C1:LeaderElection29] INFO  server.RaftServerConfigKeys (ConfUtils.java:logGet(43)) - raft.server.rpc.sleep.time = 25ms (default)
2019-09-25 07:31:40,295 [30ed9a86-7dc1-44e8-9d30-33403d1562de@group-DCA6F5ECD4C1:LeaderElection29] INFO  server.RaftServerConfigKeys (ConfUtils.java:logGet(43)) - raft.server.write.element-limit = 4096 (default)
2019-09-25 07:31:40,296 [30ed9a86-7dc1-44e8-9d30-33403d1562de@group-DCA6F5ECD4C1:LeaderElection29] INFO  server.RaftServerConfigKeys (ConfUtils.java:logGet(43)) - raft.server.watch.timeout = 10s (default)
2019-09-25 07:31:40,296 [30ed9a86-7dc1-44e8-9d30-33403d1562de@group-DCA6F5ECD4C1:LeaderElection29] INFO  server.RaftServerConfigKeys (ConfUtils.java:logGet(43)) - raft.server.watch.timeout.denomination = 1s (default)
2019-09-25 07:31:40,296 [30ed9a86-7dc1-44e8-9d30-33403d1562de@group-DCA6F5ECD4C1:LeaderElection29] INFO  server.RaftServerConfigKeys (ConfUtils.java:logGet(43)) - raft.server.watch.element-limit = 65536 (default)
2019-09-25 07:31:40,298 [30ed9a86-7dc1-44e8-9d30-33403d1562de@group-DCA6F5ECD4C1:LeaderElection29] INFO  impl.RoleInfo (RoleInfo.java:updateAndGet(143)) - 30ed9a86-7dc1-44e8-9d30-33403d1562de: start LeaderState
2019-09-25 07:31:40,299 [30ed9a86-7dc1-44e8-9d30-33403d1562de@group-DCA6F5ECD4C1:LeaderElection29] INFO  segmented.SegmentedRaftLogWorker (SegmentedRaftLogWorker.java:startLogSegment(380)) - 30ed9a86-7dc1-44e8-9d30-33403d1562de@group-DCA6F5ECD4C1-SegmentedRaftLogWorker: Starting segment from index:0
2019-09-25 07:31:40,299 [30ed9a86-7dc1-44e8-9d30-33403d1562de@group-DCA6F5ECD4C1:LeaderElection29] INFO  impl.RaftServerImpl (ServerState.java:setRaftConf(354)) - 30ed9a86-7dc1-44e8-9d30-33403d1562de@group-DCA6F5ECD4C1: set configuration 0: [30ed9a86-7dc1-44e8-9d30-33403d1562de:192.168.151.106:38001], old=null at 0
2019-09-25 07:31:40,364 [30ed9a86-7dc1-44e8-9d30-33403d1562de@group-DCA6F5ECD4C1-SegmentedRaftLogWorker] INFO  segmented.SegmentedRaftLogWorker (SegmentedRaftLogWorker.java:execute(569)) - 30ed9a86-7dc1-44e8-9d30-33403d1562de@group-DCA6F5ECD4C1-SegmentedRaftLogWorker: created new log segment /workdir/hadoop-ozone/tools/target/test-dir/MiniOzoneClusterImpl-434b9272-080e-4e11-a356-5e83993913c2/datanode-2/data/ratis/d3ad43ef-3924-4ee8-953e-dca6f5ecd4c1/current/log_inprogress_0
2019-09-25 07:31:40,406 [Thread-300] INFO  impl.FollowerState (FollowerState.java:run(106)) - 30ed9a86-7dc1-44e8-9d30-33403d1562de:group-2888D06A89C3 changes to CANDIDATE, lastRpcTime:5178, electionTimeout:5178ms
2019-09-25 07:31:40,406 [Thread-300] INFO  impl.RoleInfo (RoleInfo.java:shutdownFollowerState(121)) - 30ed9a86-7dc1-44e8-9d30-33403d1562de: shutdown FollowerState
2019-09-25 07:31:40,407 [Thread-300] INFO  impl.RaftServerImpl (RaftServerImpl.java:setRole(174)) - 30ed9a86-7dc1-44e8-9d30-33403d1562de@group-2888D06A89C3: changes role from  FOLLOWER to CANDIDATE at term 0 for changeToCandidate
2019-09-25 07:31:40,407 [Thread-300] INFO  impl.RoleInfo (RoleInfo.java:updateAndGet(143)) - 30ed9a86-7dc1-44e8-9d30-33403d1562de: start LeaderElection
2019-09-25 07:31:40,432 [30ed9a86-7dc1-44e8-9d30-33403d1562de@group-2888D06A89C3:LeaderElection30] INFO  impl.LeaderElection (LeaderElection.java:askForVotes(182)) - 30ed9a86-7dc1-44e8-9d30-33403d1562de@group-2888D06A89C3:LeaderElection30: begin an election at term 1 for -1: [30ed9a86-7dc1-44e8-9d30-33403d1562de:192.168.151.106:38001], old=null
2019-09-25 07:31:40,432 [30ed9a86-7dc1-44e8-9d30-33403d1562de@group-2888D06A89C3:LeaderElection30] INFO  impl.RoleInfo (RoleInfo.java:shutdownLeaderElection(134)) - 30ed9a86-7dc1-44e8-9d30-33403d1562de: shutdown LeaderElection
2019-09-25 07:31:40,433 [30ed9a86-7dc1-44e8-9d30-33403d1562de@group-2888D06A89C3:LeaderElection30] INFO  impl.RaftServerImpl (RaftServerImpl.java:setRole(174)) - 30ed9a86-7dc1-44e8-9d30-33403d1562de@group-2888D06A89C3: changes role from CANDIDATE to LEADER at term 1 for changeToLeader
2019-09-25 07:31:40,433 [30ed9a86-7dc1-44e8-9d30-33403d1562de@group-2888D06A89C3:LeaderElection30] INFO  impl.RaftServerImpl (ServerState.java:setLeader(253)) - 30ed9a86-7dc1-44e8-9d30-33403d1562de@group-2888D06A89C3: change Leader from null to 30ed9a86-7dc1-44e8-9d30-33403d1562de at term 1 for becomeLeader, leader elected after 5214ms
2019-09-25 07:31:40,433 [30ed9a86-7dc1-44e8-9d30-33403d1562de@group-2888D06A89C3:LeaderElection30] INFO  server.RaftServerConfigKeys (ConfUtils.java:logGet(43)) - raft.server.staging.catchup.gap = 1000 (default)
2019-09-25 07:31:40,433 [30ed9a86-7dc1-44e8-9d30-33403d1562de@group-2888D06A89C3:LeaderElection30] INFO  server.RaftServerConfigKeys (ConfUtils.java:logGet(43)) - raft.server.rpc.sleep.time = 25ms (default)
2019-09-25 07:31:40,433 [30ed9a86-7dc1-44e8-9d30-33403d1562de@group-2888D06A89C3:LeaderElection30] INFO  server.RaftServerConfigKeys (ConfUtils.java:logGet(43)) - raft.server.write.element-limit = 4096 (default)
2019-09-25 07:31:40,434 [30ed9a86-7dc1-44e8-9d30-33403d1562de@group-2888D06A89C3:LeaderElection30] INFO  server.RaftServerConfigKeys (ConfUtils.java:logGet(43)) - raft.server.watch.timeout = 10s (default)
2019-09-25 07:31:40,434 [30ed9a86-7dc1-44e8-9d30-33403d1562de@group-2888D06A89C3:LeaderElection30] INFO  server.RaftServerConfigKeys (ConfUtils.java:logGet(43)) - raft.server.watch.timeout.denomination = 1s (default)
2019-09-25 07:31:40,434 [30ed9a86-7dc1-44e8-9d30-33403d1562de@group-2888D06A89C3:LeaderElection30] INFO  server.RaftServerConfigKeys (ConfUtils.java:logGet(43)) - raft.server.watch.element-limit = 65536 (default)
2019-09-25 07:31:40,437 [30ed9a86-7dc1-44e8-9d30-33403d1562de@group-2888D06A89C3:LeaderElection30] INFO  impl.RoleInfo (RoleInfo.java:updateAndGet(143)) - 30ed9a86-7dc1-44e8-9d30-33403d1562de: start LeaderState
2019-09-25 07:31:40,437 [30ed9a86-7dc1-44e8-9d30-33403d1562de@group-2888D06A89C3:LeaderElection30] INFO  segmented.SegmentedRaftLogWorker (SegmentedRaftLogWorker.java:startLogSegment(380)) - 30ed9a86-7dc1-44e8-9d30-33403d1562de@group-2888D06A89C3-SegmentedRaftLogWorker: Starting segment from index:0
2019-09-25 07:31:40,438 [30ed9a86-7dc1-44e8-9d30-33403d1562de@group-2888D06A89C3:LeaderElection30] INFO  impl.RaftServerImpl (ServerState.java:setRaftConf(354)) - 30ed9a86-7dc1-44e8-9d30-33403d1562de@group-2888D06A89C3: set configuration 0: [30ed9a86-7dc1-44e8-9d30-33403d1562de:192.168.151.106:38001], old=null at 0
2019-09-25 07:31:40,500 [30ed9a86-7dc1-44e8-9d30-33403d1562de@group-2888D06A89C3-SegmentedRaftLogWorker] INFO  segmented.SegmentedRaftLogWorker (SegmentedRaftLogWorker.java:execute(569)) - 30ed9a86-7dc1-44e8-9d30-33403d1562de@group-2888D06A89C3-SegmentedRaftLogWorker: created new log segment /workdir/hadoop-ozone/tools/target/test-dir/MiniOzoneClusterImpl-434b9272-080e-4e11-a356-5e83993913c2/datanode-2/data/ratis/f3ed588f-f91c-4a63-870a-2888d06a89c3/current/log_inprogress_0
 0.00% |█                                                                                                    |  0/1 Time: 0:00:04 100.00% |█████████████████████████████████████████████████████████████████████████████████████████████████████|  1/1 Time: 0:00:05
]]></system-out>
  </testcase>
</testsuite>