<?xml version="1.0" encoding="UTF-8"?>
<testsuite xmlns:xsi="http://www.w3.org/2001/XMLSchema-instance" xsi:noNamespaceSchemaLocation="https://maven.apache.org/surefire/maven-surefire-plugin/xsd/surefire-test-report.xsd" name="org.apache.hadoop.ozone.freon.TestDataValidateWithUnsafeByteOperations" time="57.035" tests="3" errors="3" skipped="0" failures="0">
  <properties>
    <property name="awt.toolkit" value="sun.awt.X11.XToolkit"/>
    <property name="file.encoding.pkg" value="sun.io"/>
    <property name="java.specification.version" value="1.8"/>
    <property name="sun.cpu.isalist" value=""/>
    <property name="sun.jnu.encoding" value="UTF-8"/>
    <property name="java.class.path" value="/workdir/hadoop-ozone/tools/target/test-classes:/workdir/hadoop-ozone/tools/target/classes:/home/user/.m2/repository/org/apache/hadoop/hadoop-ozone-ozone-manager/0.5.0-SNAPSHOT/hadoop-ozone-ozone-manager-0.5.0-SNAPSHOT.jar:/home/user/.m2/repository/org/apache/hadoop/hadoop-hdds-docs/0.5.0-SNAPSHOT/hadoop-hdds-docs-0.5.0-SNAPSHOT.jar:/home/user/.m2/repository/org/bouncycastle/bcprov-jdk15on/1.60/bcprov-jdk15on-1.60.jar:/home/user/.m2/repository/org/apache/hadoop/hadoop-ozone-common/0.5.0-SNAPSHOT/hadoop-ozone-common-0.5.0-SNAPSHOT.jar:/home/user/.m2/repository/org/apache/commons/commons-compress/1.4.1/commons-compress-1.4.1.jar:/home/user/.m2/repository/org/tukaani/xz/1.0/xz-1.0.jar:/home/user/.m2/repository/org/apache/hadoop/hadoop-hdfs-client/3.2.0/hadoop-hdfs-client-3.2.0.jar:/home/user/.m2/repository/com/fasterxml/jackson/core/jackson-annotations/2.9.9/jackson-annotations-2.9.9.jar:/home/user/.m2/repository/org/apache/hadoop/hadoop-hdds-common/0.5.0-SNAPSHOT/hadoop-hdds-common-0.5.0-SNAPSHOT.jar:/home/user/.m2/repository/org/apache/hadoop/hadoop-hdds-config/0.5.0-SNAPSHOT/hadoop-hdds-config-0.5.0-SNAPSHOT.jar:/home/user/.m2/repository/javax/annotation/javax.annotation-api/1.2/javax.annotation-api-1.2.jar:/home/user/.m2/repository/org/apache/ratis/ratis-server/0.4.0/ratis-server-0.4.0.jar:/home/user/.m2/repository/org/apache/ratis/ratis-thirdparty-misc/0.2.0/ratis-thirdparty-misc-0.2.0.jar:/home/user/.m2/repository/org/apache/ratis/ratis-proto/0.4.0/ratis-proto-0.4.0.jar:/home/user/.m2/repository/org/apache/ratis/ratis-common/0.4.0/ratis-common-0.4.0.jar:/home/user/.m2/repository/org/apache/ratis/ratis-client/0.4.0/ratis-client-0.4.0.jar:/home/user/.m2/repository/org/apache/ratis/ratis-metrics/0.4.0/ratis-metrics-0.4.0.jar:/home/user/.m2/repository/com/github/joshelser/dropwizard-metrics-hadoop-metrics2-reporter/0.1.2/dropwizard-metrics-hadoop-metrics2-reporter-0.1.2.jar:/home/user/.m2/repository/io/dropwizard/metrics/metrics-jvm/3.2.5/metrics-jvm-3.2.5.jar:/home/user/.m2/repository/io/dropwizard/metrics/metrics-ganglia/3.2.5/metrics-ganglia-3.2.5.jar:/home/user/.m2/repository/info/ganglia/gmetric4j/gmetric4j/1.0.7/gmetric4j-1.0.7.jar:/home/user/.m2/repository/org/apache/ratis/ratis-netty/0.4.0/ratis-netty-0.4.0.jar:/home/user/.m2/repository/org/apache/ratis/ratis-grpc/0.4.0/ratis-grpc-0.4.0.jar:/home/user/.m2/repository/org/rocksdb/rocksdbjni/6.0.1/rocksdbjni-6.0.1.jar:/home/user/.m2/repository/org/apache/logging/log4j/log4j-api/2.11.0/log4j-api-2.11.0.jar:/home/user/.m2/repository/org/apache/logging/log4j/log4j-core/2.11.0/log4j-core-2.11.0.jar:/home/user/.m2/repository/com/lmax/disruptor/3.4.2/disruptor-3.4.2.jar:/home/user/.m2/repository/org/apache/commons/commons-pool2/2.6.0/commons-pool2-2.6.0.jar:/home/user/.m2/repository/org/bouncycastle/bcpkix-jdk15on/1.60/bcpkix-jdk15on-1.60.jar:/home/user/.m2/repository/commons-validator/commons-validator/1.6/commons-validator-1.6.jar:/home/user/.m2/repository/commons-digester/commons-digester/1.8.1/commons-digester-1.8.1.jar:/home/user/.m2/repository/io/jaegertracing/jaeger-client/0.34.0/jaeger-client-0.34.0.jar:/home/user/.m2/repository/io/jaegertracing/jaeger-thrift/0.34.0/jaeger-thrift-0.34.0.jar:/home/user/.m2/repository/org/apache/thrift/libthrift/0.12.0/libthrift-0.12.0.jar:/home/user/.m2/repository/com/squareup/okhttp3/okhttp/3.9.0/okhttp-3.9.0.jar:/home/user/.m2/repository/com/squareup/okio/okio/1.13.0/okio-1.13.0.jar:/home/user/.m2/repository/io/jaegertracing/jaeger-core/0.34.0/jaeger-core-0.34.0.jar:/home/user/.m2/repository/io/jaegertracing/jaeger-tracerresolver/0.34.0/jaeger-tracerresolver-0.34.0.jar:/home/user/.m2/repository/io/opentracing/contrib/opentracing-tracerresolver/0.1.5/opentracing-tracerresolver-0.1.5.jar:/home/user/.m2/repository/io/opentracing/opentracing-util/0.31.0/opentracing-util-0.31.0.jar:/home/user/.m2/repository/io/opentracing/opentracing-api/0.31.0/opentracing-api-0.31.0.jar:/home/user/.m2/repository/io/opentracing/opentracing-noop/0.31.0/opentracing-noop-0.31.0.jar:/home/user/.m2/repository/org/yaml/snakeyaml/1.16/snakeyaml-1.16.jar:/home/user/.m2/repository/org/apache/hadoop/hadoop-hdds-container-service/0.5.0-SNAPSHOT/hadoop-hdds-container-service-0.5.0-SNAPSHOT.jar:/home/user/.m2/repository/org/apache/hadoop/hadoop-hdds-client/0.5.0-SNAPSHOT/hadoop-hdds-client-0.5.0-SNAPSHOT.jar:/home/user/.m2/repository/org/apache/hadoop/hadoop-hdds-tools/0.5.0-SNAPSHOT/hadoop-hdds-tools-0.5.0-SNAPSHOT.jar:/home/user/.m2/repository/org/xerial/sqlite-jdbc/3.25.2/sqlite-jdbc-3.25.2.jar:/home/user/.m2/repository/org/apache/hadoop/hadoop-hdds-server-scm/0.5.0-SNAPSHOT/hadoop-hdds-server-scm-0.5.0-SNAPSHOT.jar:/home/user/.m2/repository/org/hamcrest/hamcrest-all/1.3/hamcrest-all-1.3.jar:/home/user/.m2/repository/info/picocli/picocli/3.9.6/picocli-3.9.6.jar:/home/user/.m2/repository/com/google/protobuf/protobuf-java/2.5.0/protobuf-java-2.5.0.jar:/home/user/.m2/repository/com/google/guava/guava/11.0.2/guava-11.0.2.jar:/home/user/.m2/repository/org/apache/hadoop/hadoop-ozone-client/0.5.0-SNAPSHOT/hadoop-ozone-client-0.5.0-SNAPSHOT.jar:/workdir/hadoop-ozone/ozonefs/target/classes:/home/user/.m2/repository/org/apache/hadoop/hadoop-hdds-server-framework/0.5.0-SNAPSHOT/hadoop-hdds-server-framework-0.5.0-SNAPSHOT.jar:/home/user/.m2/repository/org/apache/hadoop/hadoop-common/3.2.0/hadoop-common-3.2.0.jar:/home/user/.m2/repository/org/apache/hadoop/hadoop-annotations/3.2.0/hadoop-annotations-3.2.0.jar:/usr/lib/jvm/java-1.8-openjdk/jre/../lib/tools.jar:/home/user/.m2/repository/commons-cli/commons-cli/1.2/commons-cli-1.2.jar:/home/user/.m2/repository/org/apache/commons/commons-math3/3.1.1/commons-math3-3.1.1.jar:/home/user/.m2/repository/org/apache/httpcomponents/httpclient/4.5.2/httpclient-4.5.2.jar:/home/user/.m2/repository/org/apache/httpcomponents/httpcore/4.4.4/httpcore-4.4.4.jar:/home/user/.m2/repository/commons-codec/commons-codec/1.11/commons-codec-1.11.jar:/home/user/.m2/repository/commons-io/commons-io/2.5/commons-io-2.5.jar:/home/user/.m2/repository/commons-net/commons-net/3.6/commons-net-3.6.jar:/home/user/.m2/repository/commons-collections/commons-collections/3.2.2/commons-collections-3.2.2.jar:/home/user/.m2/repository/javax/servlet/javax.servlet-api/3.1.0/javax.servlet-api-3.1.0.jar:/home/user/.m2/repository/org/eclipse/jetty/jetty-server/9.3.25.v20180904/jetty-server-9.3.25.v20180904.jar:/home/user/.m2/repository/org/eclipse/jetty/jetty-http/9.3.25.v20180904/jetty-http-9.3.25.v20180904.jar:/home/user/.m2/repository/org/eclipse/jetty/jetty-io/9.3.25.v20180904/jetty-io-9.3.25.v20180904.jar:/home/user/.m2/repository/org/eclipse/jetty/jetty-util/9.3.25.v20180904/jetty-util-9.3.25.v20180904.jar:/home/user/.m2/repository/org/eclipse/jetty/jetty-servlet/9.3.25.v20180904/jetty-servlet-9.3.25.v20180904.jar:/home/user/.m2/repository/org/eclipse/jetty/jetty-security/9.3.25.v20180904/jetty-security-9.3.25.v20180904.jar:/home/user/.m2/repository/org/eclipse/jetty/jetty-webapp/9.3.25.v20180904/jetty-webapp-9.3.25.v20180904.jar:/home/user/.m2/repository/org/eclipse/jetty/jetty-xml/9.3.25.v20180904/jetty-xml-9.3.25.v20180904.jar:/home/user/.m2/repository/javax/servlet/jsp/jsp-api/2.1/jsp-api-2.1.jar:/home/user/.m2/repository/com/sun/jersey/jersey-core/1.19/jersey-core-1.19.jar:/home/user/.m2/repository/javax/ws/rs/jsr311-api/1.1.1/jsr311-api-1.1.1.jar:/home/user/.m2/repository/com/sun/jersey/jersey-servlet/1.19/jersey-servlet-1.19.jar:/home/user/.m2/repository/com/sun/jersey/jersey-json/1.19/jersey-json-1.19.jar:/home/user/.m2/repository/org/codehaus/jettison/jettison/1.1/jettison-1.1.jar:/home/user/.m2/repository/com/sun/xml/bind/jaxb-impl/2.3.0.1/jaxb-impl-2.3.0.1.jar:/home/user/.m2/repository/org/codehaus/jackson/jackson-core-asl/1.9.13/jackson-core-asl-1.9.13.jar:/home/user/.m2/repository/org/codehaus/jackson/jackson-mapper-asl/1.9.13/jackson-mapper-asl-1.9.13.jar:/home/user/.m2/repository/org/codehaus/jackson/jackson-jaxrs/1.9.13/jackson-jaxrs-1.9.13.jar:/home/user/.m2/repository/org/codehaus/jackson/jackson-xc/1.9.13/jackson-xc-1.9.13.jar:/home/user/.m2/repository/com/sun/jersey/jersey-server/1.19/jersey-server-1.19.jar:/home/user/.m2/repository/commons-logging/commons-logging/1.1.3/commons-logging-1.1.3.jar:/home/user/.m2/repository/log4j/log4j/1.2.17/log4j-1.2.17.jar:/home/user/.m2/repository/commons-beanutils/commons-beanutils/1.9.4/commons-beanutils-1.9.4.jar:/home/user/.m2/repository/org/apache/commons/commons-configuration2/2.1.1/commons-configuration2-2.1.1.jar:/home/user/.m2/repository/org/apache/commons/commons-lang3/3.7/commons-lang3-3.7.jar:/home/user/.m2/repository/org/apache/commons/commons-text/1.4/commons-text-1.4.jar:/home/user/.m2/repository/org/slf4j/slf4j-api/1.7.25/slf4j-api-1.7.25.jar:/home/user/.m2/repository/org/slf4j/slf4j-log4j12/1.7.25/slf4j-log4j12-1.7.25.jar:/home/user/.m2/repository/org/apache/avro/avro/1.7.7/avro-1.7.7.jar:/home/user/.m2/repository/com/thoughtworks/paranamer/paranamer/2.3/paranamer-2.3.jar:/home/user/.m2/repository/org/xerial/snappy/snappy-java/1.0.5/snappy-java-1.0.5.jar:/home/user/.m2/repository/com/google/re2j/re2j/1.1/re2j-1.1.jar:/home/user/.m2/repository/com/google/code/gson/gson/2.2.4/gson-2.2.4.jar:/home/user/.m2/repository/org/apache/hadoop/hadoop-auth/3.2.0/hadoop-auth-3.2.0.jar:/home/user/.m2/repository/com/nimbusds/nimbus-jose-jwt/4.41.1/nimbus-jose-jwt-4.41.1.jar:/home/user/.m2/repository/com/github/stephenc/jcip/jcip-annotations/1.0-1/jcip-annotations-1.0-1.jar:/home/user/.m2/repository/net/minidev/json-smart/2.3/json-smart-2.3.jar:/home/user/.m2/repository/net/minidev/accessors-smart/1.2/accessors-smart-1.2.jar:/home/user/.m2/repository/org/apache/curator/curator-framework/2.12.0/curator-framework-2.12.0.jar:/home/user/.m2/repository/com/jcraft/jsch/0.1.54/jsch-0.1.54.jar:/home/user/.m2/repository/org/apache/curator/curator-client/2.12.0/curator-client-2.12.0.jar:/home/user/.m2/repository/org/apache/curator/curator-recipes/2.12.0/curator-recipes-2.12.0.jar:/home/user/.m2/repository/com/google/code/findbugs/jsr305/3.0.0/jsr305-3.0.0.jar:/home/user/.m2/repository/org/apache/htrace/htrace-core4/4.1.0-incubating/htrace-core4-4.1.0-incubating.jar:/home/user/.m2/repository/org/apache/zookeeper/zookeeper/3.4.13/zookeeper-3.4.13.jar:/home/user/.m2/repository/jline/jline/0.9.94/jline-0.9.94.jar:/home/user/.m2/repository/org/apache/yetus/audience-annotations/0.5.0/audience-annotations-0.5.0.jar:/home/user/.m2/repository/org/apache/kerby/kerb-simplekdc/1.0.1/kerb-simplekdc-1.0.1.jar:/home/user/.m2/repository/org/apache/kerby/kerb-client/1.0.1/kerb-client-1.0.1.jar:/home/user/.m2/repository/org/apache/kerby/kerby-config/1.0.1/kerby-config-1.0.1.jar:/home/user/.m2/repository/org/apache/kerby/kerb-core/1.0.1/kerb-core-1.0.1.jar:/home/user/.m2/repository/org/apache/kerby/kerby-pkix/1.0.1/kerby-pkix-1.0.1.jar:/home/user/.m2/repository/org/apache/kerby/kerby-asn1/1.0.1/kerby-asn1-1.0.1.jar:/home/user/.m2/repository/org/apache/kerby/kerby-util/1.0.1/kerby-util-1.0.1.jar:/home/user/.m2/repository/org/apache/kerby/kerb-common/1.0.1/kerb-common-1.0.1.jar:/home/user/.m2/repository/org/apache/kerby/kerb-crypto/1.0.1/kerb-crypto-1.0.1.jar:/home/user/.m2/repository/org/apache/kerby/kerb-util/1.0.1/kerb-util-1.0.1.jar:/home/user/.m2/repository/org/apache/kerby/token-provider/1.0.1/token-provider-1.0.1.jar:/home/user/.m2/repository/org/apache/kerby/kerb-admin/1.0.1/kerb-admin-1.0.1.jar:/home/user/.m2/repository/org/apache/kerby/kerb-server/1.0.1/kerb-server-1.0.1.jar:/home/user/.m2/repository/org/apache/kerby/kerb-identity/1.0.1/kerb-identity-1.0.1.jar:/home/user/.m2/repository/org/apache/kerby/kerby-xdr/1.0.1/kerby-xdr-1.0.1.jar:/home/user/.m2/repository/com/fasterxml/jackson/core/jackson-databind/2.9.9/jackson-databind-2.9.9.jar:/home/user/.m2/repository/com/fasterxml/jackson/core/jackson-core/2.9.9/jackson-core-2.9.9.jar:/home/user/.m2/repository/org/codehaus/woodstox/stax2-api/3.1.4/stax2-api-3.1.4.jar:/home/user/.m2/repository/com/fasterxml/woodstox/woodstox-core/5.0.3/woodstox-core-5.0.3.jar:/home/user/.m2/repository/dnsjava/dnsjava/2.1.7/dnsjava-2.1.7.jar:/home/user/.m2/repository/org/apache/hadoop/hadoop-hdfs/3.2.0/hadoop-hdfs-3.2.0.jar:/home/user/.m2/repository/org/eclipse/jetty/jetty-util-ajax/9.3.25.v20180904/jetty-util-ajax-9.3.25.v20180904.jar:/home/user/.m2/repository/commons-daemon/commons-daemon/1.0.13/commons-daemon-1.0.13.jar:/home/user/.m2/repository/io/netty/netty/3.10.5.Final/netty-3.10.5.Final.jar:/home/user/.m2/repository/io/netty/netty-all/4.0.52.Final/netty-all-4.0.52.Final.jar:/home/user/.m2/repository/org/fusesource/leveldbjni/leveldbjni-all/1.8/leveldbjni-all-1.8.jar:/home/user/.m2/repository/com/sun/xml/bind/jaxb-core/2.3.0.1/jaxb-core-2.3.0.1.jar:/home/user/.m2/repository/javax/xml/bind/jaxb-api/2.3.0/jaxb-api-2.3.0.jar:/home/user/.m2/repository/javax/activation/activation/1.1.1/activation-1.1.1.jar:/home/user/.m2/repository/io/dropwizard/metrics/metrics-core/3.2.4/metrics-core-3.2.4.jar:/home/user/.m2/repository/org/openjdk/jmh/jmh-core/1.19/jmh-core-1.19.jar:/home/user/.m2/repository/net/sf/jopt-simple/jopt-simple/4.6/jopt-simple-4.6.jar:/home/user/.m2/repository/org/openjdk/jmh/jmh-generator-annprocess/1.19/jmh-generator-annprocess-1.19.jar:/home/user/.m2/repository/com/amazonaws/aws-java-sdk-s3/1.11.615/aws-java-sdk-s3-1.11.615.jar:/home/user/.m2/repository/com/amazonaws/aws-java-sdk-kms/1.11.615/aws-java-sdk-kms-1.11.615.jar:/home/user/.m2/repository/com/amazonaws/aws-java-sdk-core/1.11.615/aws-java-sdk-core-1.11.615.jar:/home/user/.m2/repository/software/amazon/ion/ion-java/1.0.2/ion-java-1.0.2.jar:/home/user/.m2/repository/com/fasterxml/jackson/dataformat/jackson-dataformat-cbor/2.9.9/jackson-dataformat-cbor-2.9.9.jar:/home/user/.m2/repository/joda-time/joda-time/2.9.9/joda-time-2.9.9.jar:/home/user/.m2/repository/com/amazonaws/jmespath-java/1.11.615/jmespath-java-1.11.615.jar:/home/user/.m2/repository/com/google/code/findbugs/findbugs/3.0.1/findbugs-3.0.1.jar:/home/user/.m2/repository/net/jcip/jcip-annotations/1.0/jcip-annotations-1.0.jar:/home/user/.m2/repository/com/google/code/findbugs/bcel-findbugs/6.0/bcel-findbugs-6.0.jar:/home/user/.m2/repository/com/google/code/findbugs/jFormatString/2.0.1/jFormatString-2.0.1.jar:/home/user/.m2/repository/dom4j/dom4j/1.6.1/dom4j-1.6.1.jar:/home/user/.m2/repository/xml-apis/xml-apis/1.0.b2/xml-apis-1.0.b2.jar:/home/user/.m2/repository/org/ow2/asm/asm-debug-all/5.0.2/asm-debug-all-5.0.2.jar:/home/user/.m2/repository/org/ow2/asm/asm-commons/5.0.2/asm-commons-5.0.2.jar:/home/user/.m2/repository/org/ow2/asm/asm-tree/5.0.2/asm-tree-5.0.2.jar:/home/user/.m2/repository/org/ow2/asm/asm/5.0.4/asm-5.0.4.jar:/home/user/.m2/repository/commons-lang/commons-lang/2.6/commons-lang-2.6.jar:/home/user/.m2/repository/com/apple/AppleJavaExtensions/1.4/AppleJavaExtensions-1.4.jar:/home/user/.m2/repository/jaxen/jaxen/1.1.6/jaxen-1.1.6.jar:/home/user/.m2/repository/junit/junit/4.11/junit-4.11.jar:/home/user/.m2/repository/org/hamcrest/hamcrest-core/1.3/hamcrest-core-1.3.jar:/home/user/.m2/repository/org/apache/hadoop/hadoop-common/3.2.0/hadoop-common-3.2.0-tests.jar:/workdir/hadoop-ozone/integration-test/target/test-classes:/home/user/.m2/repository/org/apache/hadoop/hadoop-ozone-s3gateway/0.5.0-SNAPSHOT/hadoop-ozone-s3gateway-0.5.0-SNAPSHOT.jar:/home/user/.m2/repository/org/jboss/weld/servlet/weld-servlet/2.4.7.Final/weld-servlet-2.4.7.Final.jar:/home/user/.m2/repository/org/glassfish/jersey/containers/jersey-container-servlet-core/2.27/jersey-container-servlet-core-2.27.jar:/home/user/.m2/repository/org/glassfish/hk2/external/javax.inject/2.5.0-b42/javax.inject-2.5.0-b42.jar:/home/user/.m2/repository/org/glassfish/jersey/core/jersey-common/2.27/jersey-common-2.27.jar:/home/user/.m2/repository/org/glassfish/hk2/osgi-resource-locator/1.0.1/osgi-resource-locator-1.0.1.jar:/home/user/.m2/repository/javax/ws/rs/javax.ws.rs-api/2.1/javax.ws.rs-api-2.1.jar:/home/user/.m2/repository/org/glassfish/jersey/ext/cdi/jersey-cdi1x/2.27/jersey-cdi1x-2.27.jar:/home/user/.m2/repository/org/glassfish/jersey/inject/jersey-hk2/2.27/jersey-hk2-2.27.jar:/home/user/.m2/repository/org/glassfish/hk2/hk2-locator/2.5.0-b42/hk2-locator-2.5.0-b42.jar:/home/user/.m2/repository/org/javassist/javassist/3.22.0-CR2/javassist-3.22.0-CR2.jar:/home/user/.m2/repository/org/glassfish/hk2/hk2-api/2.5.0/hk2-api-2.5.0.jar:/home/user/.m2/repository/org/glassfish/hk2/external/jakarta.inject/2.5.0/jakarta.inject-2.5.0.jar:/home/user/.m2/repository/org/glassfish/hk2/hk2-utils/2.5.0/hk2-utils-2.5.0.jar:/home/user/.m2/repository/jakarta/annotation/jakarta.annotation-api/1.3.4/jakarta.annotation-api-1.3.4.jar:/home/user/.m2/repository/org/glassfish/hk2/external/aopalliance-repackaged/2.5.0/aopalliance-repackaged-2.5.0.jar:/home/user/.m2/repository/com/fasterxml/jackson/dataformat/jackson-dataformat-xml/2.9.0/jackson-dataformat-xml-2.9.0.jar:/home/user/.m2/repository/com/fasterxml/jackson/module/jackson-module-jaxb-annotations/2.9.9/jackson-module-jaxb-annotations-2.9.9.jar:/home/user/.m2/repository/javax/enterprise/cdi-api/1.2/cdi-api-1.2.jar:/home/user/.m2/repository/javax/el/javax.el-api/3.0.0/javax.el-api-3.0.0.jar:/home/user/.m2/repository/javax/interceptor/javax.interceptor-api/1.2/javax.interceptor-api-1.2.jar:/home/user/.m2/repository/javax/inject/javax.inject/1/javax.inject-1.jar:/home/user/.m2/repository/org/apache/hadoop/hadoop-ozone-csi/0.5.0-SNAPSHOT/hadoop-ozone-csi-0.5.0-SNAPSHOT.jar:/home/user/.m2/repository/com/google/protobuf/protobuf-java-util/3.5.1/protobuf-java-util-3.5.1.jar:/home/user/.m2/repository/io/grpc/grpc-netty/1.17.1/grpc-netty-1.17.1.jar:/home/user/.m2/repository/io/grpc/grpc-core/1.17.1/grpc-core-1.17.1.jar:/home/user/.m2/repository/io/grpc/grpc-context/1.17.1/grpc-context-1.17.1.jar:/home/user/.m2/repository/com/google/errorprone/error_prone_annotations/2.2.0/error_prone_annotations-2.2.0.jar:/home/user/.m2/repository/org/codehaus/mojo/animal-sniffer-annotations/1.17/animal-sniffer-annotations-1.17.jar:/home/user/.m2/repository/io/opencensus/opencensus-api/0.17.0/opencensus-api-0.17.0.jar:/home/user/.m2/repository/io/opencensus/opencensus-contrib-grpc-metrics/0.17.0/opencensus-contrib-grpc-metrics-0.17.0.jar:/home/user/.m2/repository/io/netty/netty-codec-http2/4.1.30.Final/netty-codec-http2-4.1.30.Final.jar:/home/user/.m2/repository/io/netty/netty-codec-http/4.1.30.Final/netty-codec-http-4.1.30.Final.jar:/home/user/.m2/repository/io/netty/netty-codec/4.1.30.Final/netty-codec-4.1.30.Final.jar:/home/user/.m2/repository/io/netty/netty-handler/4.1.30.Final/netty-handler-4.1.30.Final.jar:/home/user/.m2/repository/io/netty/netty-handler-proxy/4.1.30.Final/netty-handler-proxy-4.1.30.Final.jar:/home/user/.m2/repository/io/netty/netty-codec-socks/4.1.30.Final/netty-codec-socks-4.1.30.Final.jar:/home/user/.m2/repository/io/netty/netty-transport-native-epoll/4.1.30.Final/netty-transport-native-epoll-4.1.30.Final.jar:/home/user/.m2/repository/io/netty/netty-common/4.1.30.Final/netty-common-4.1.30.Final.jar:/home/user/.m2/repository/io/netty/netty-buffer/4.1.30.Final/netty-buffer-4.1.30.Final.jar:/home/user/.m2/repository/io/netty/netty-transport/4.1.30.Final/netty-transport-4.1.30.Final.jar:/home/user/.m2/repository/io/netty/netty-resolver/4.1.30.Final/netty-resolver-4.1.30.Final.jar:/home/user/.m2/repository/io/netty/netty-transport-native-unix-common/4.1.30.Final/netty-transport-native-unix-common-4.1.30.Final.jar:/home/user/.m2/repository/io/grpc/grpc-protobuf/1.17.1/grpc-protobuf-1.17.1.jar:/home/user/.m2/repository/com/google/api/grpc/proto-google-common-protos/1.0.0/proto-google-common-protos-1.0.0.jar:/home/user/.m2/repository/io/grpc/grpc-protobuf-lite/1.17.1/grpc-protobuf-lite-1.17.1.jar:/home/user/.m2/repository/io/grpc/grpc-stub/1.17.1/grpc-stub-1.17.1.jar:/home/user/.m2/repository/org/apache/hadoop/hadoop-ozone-recon/0.5.0-SNAPSHOT/hadoop-ozone-recon-0.5.0-SNAPSHOT.jar:/home/user/.m2/repository/org/apache/hadoop/hadoop-ozone-reconcodegen/0.5.0-SNAPSHOT/hadoop-ozone-reconcodegen-0.5.0-SNAPSHOT.jar:/home/user/.m2/repository/com/google/inject/extensions/guice-multibindings/4.0/guice-multibindings-4.0.jar:/home/user/.m2/repository/com/google/inject/guice/4.0/guice-4.0.jar:/home/user/.m2/repository/aopalliance/aopalliance/1.0/aopalliance-1.0.jar:/home/user/.m2/repository/com/google/inject/extensions/guice-servlet/4.0/guice-servlet-4.0.jar:/home/user/.m2/repository/org/glassfish/jersey/containers/jersey-container-servlet/2.27/jersey-container-servlet-2.27.jar:/home/user/.m2/repository/org/glassfish/hk2/guice-bridge/2.5.0/guice-bridge-2.5.0.jar:/home/user/.m2/repository/org/glassfish/jersey/core/jersey-server/2.27/jersey-server-2.27.jar:/home/user/.m2/repository/org/glassfish/jersey/core/jersey-client/2.27/jersey-client-2.27.jar:/home/user/.m2/repository/org/glassfish/jersey/media/jersey-media-jaxb/2.27/jersey-media-jaxb-2.27.jar:/home/user/.m2/repository/javax/validation/validation-api/1.1.0.Final/validation-api-1.1.0.Final.jar:/home/user/.m2/repository/org/glassfish/jersey/media/jersey-media-json-jackson/2.27/jersey-media-json-jackson-2.27.jar:/home/user/.m2/repository/org/glassfish/jersey/ext/jersey-entity-filtering/2.27/jersey-entity-filtering-2.27.jar:/home/user/.m2/repository/com/google/inject/extensions/guice-assistedinject/4.0/guice-assistedinject-4.0.jar:/home/user/.m2/repository/org/jooq/jooq/3.11.10/jooq-3.11.10.jar:/home/user/.m2/repository/org/jooq/jooq-meta/3.11.10/jooq-meta-3.11.10.jar:/home/user/.m2/repository/org/jooq/jooq-codegen/3.11.10/jooq-codegen-3.11.10.jar:/home/user/.m2/repository/com/jolbox/bonecp/0.8.0.RELEASE/bonecp-0.8.0.RELEASE.jar:/home/user/.m2/repository/org/springframework/spring-jdbc/5.1.3.RELEASE/spring-jdbc-5.1.3.RELEASE.jar:/home/user/.m2/repository/org/springframework/spring-beans/5.1.3.RELEASE/spring-beans-5.1.3.RELEASE.jar:/home/user/.m2/repository/org/springframework/spring-core/5.1.3.RELEASE/spring-core-5.1.3.RELEASE.jar:/home/user/.m2/repository/org/springframework/spring-jcl/5.1.3.RELEASE/spring-jcl-5.1.3.RELEASE.jar:/home/user/.m2/repository/org/springframework/spring-tx/5.1.3.RELEASE/spring-tx-5.1.3.RELEASE.jar:/home/user/.m2/repository/org/mockito/mockito-core/2.15.0/mockito-core-2.15.0.jar:/home/user/.m2/repository/net/bytebuddy/byte-buddy/1.7.9/byte-buddy-1.7.9.jar:/home/user/.m2/repository/net/bytebuddy/byte-buddy-agent/1.7.9/byte-buddy-agent-1.7.9.jar:/home/user/.m2/repository/org/objenesis/objenesis/1.0/objenesis-1.0.jar:"/>
    <property name="java.vm.vendor" value="IcedTea"/>
    <property name="sun.arch.data.model" value="64"/>
    <property name="test.build.dir" value="/workdir/hadoop-ozone/tools/target/test-dir"/>
    <property name="test.cache.data" value=""/>
    <property name="java.vendor.url" value="https://icedtea.classpath.org"/>
    <property name="user.timezone" value=""/>
    <property name="java.vm.specification.version" value="1.8"/>
    <property name="os.name" value="Linux"/>
    <property name="test.build.data" value="/workdir/hadoop-ozone/tools/target/test-dir"/>
    <property name="user.country" value="US"/>
    <property name="sun.java.launcher" value="SUN_STANDARD"/>
    <property name="sun.boot.library.path" value="/usr/lib/jvm/java-1.8-openjdk/jre/lib/amd64"/>
    <property name="sun.java.command" value="/workdir/hadoop-ozone/tools/target/surefire/surefirebooter9163475094412554127.jar /workdir/hadoop-ozone/tools/target/surefire 2019-09-25T03-16-05_214-jvmRun1 surefire611180335344904776tmp surefire_1132207354296370933916tmp"/>
    <property name="test" value="!TestMiniChaosOzoneCluster"/>
    <property name="surefire.test.class.path" value="/workdir/hadoop-ozone/tools/target/test-classes:/workdir/hadoop-ozone/tools/target/classes:/home/user/.m2/repository/org/apache/hadoop/hadoop-ozone-ozone-manager/0.5.0-SNAPSHOT/hadoop-ozone-ozone-manager-0.5.0-SNAPSHOT.jar:/home/user/.m2/repository/org/apache/hadoop/hadoop-hdds-docs/0.5.0-SNAPSHOT/hadoop-hdds-docs-0.5.0-SNAPSHOT.jar:/home/user/.m2/repository/org/bouncycastle/bcprov-jdk15on/1.60/bcprov-jdk15on-1.60.jar:/home/user/.m2/repository/org/apache/hadoop/hadoop-ozone-common/0.5.0-SNAPSHOT/hadoop-ozone-common-0.5.0-SNAPSHOT.jar:/home/user/.m2/repository/org/apache/commons/commons-compress/1.4.1/commons-compress-1.4.1.jar:/home/user/.m2/repository/org/tukaani/xz/1.0/xz-1.0.jar:/home/user/.m2/repository/org/apache/hadoop/hadoop-hdfs-client/3.2.0/hadoop-hdfs-client-3.2.0.jar:/home/user/.m2/repository/com/fasterxml/jackson/core/jackson-annotations/2.9.9/jackson-annotations-2.9.9.jar:/home/user/.m2/repository/org/apache/hadoop/hadoop-hdds-common/0.5.0-SNAPSHOT/hadoop-hdds-common-0.5.0-SNAPSHOT.jar:/home/user/.m2/repository/org/apache/hadoop/hadoop-hdds-config/0.5.0-SNAPSHOT/hadoop-hdds-config-0.5.0-SNAPSHOT.jar:/home/user/.m2/repository/javax/annotation/javax.annotation-api/1.2/javax.annotation-api-1.2.jar:/home/user/.m2/repository/org/apache/ratis/ratis-server/0.4.0/ratis-server-0.4.0.jar:/home/user/.m2/repository/org/apache/ratis/ratis-thirdparty-misc/0.2.0/ratis-thirdparty-misc-0.2.0.jar:/home/user/.m2/repository/org/apache/ratis/ratis-proto/0.4.0/ratis-proto-0.4.0.jar:/home/user/.m2/repository/org/apache/ratis/ratis-common/0.4.0/ratis-common-0.4.0.jar:/home/user/.m2/repository/org/apache/ratis/ratis-client/0.4.0/ratis-client-0.4.0.jar:/home/user/.m2/repository/org/apache/ratis/ratis-metrics/0.4.0/ratis-metrics-0.4.0.jar:/home/user/.m2/repository/com/github/joshelser/dropwizard-metrics-hadoop-metrics2-reporter/0.1.2/dropwizard-metrics-hadoop-metrics2-reporter-0.1.2.jar:/home/user/.m2/repository/io/dropwizard/metrics/metrics-jvm/3.2.5/metrics-jvm-3.2.5.jar:/home/user/.m2/repository/io/dropwizard/metrics/metrics-ganglia/3.2.5/metrics-ganglia-3.2.5.jar:/home/user/.m2/repository/info/ganglia/gmetric4j/gmetric4j/1.0.7/gmetric4j-1.0.7.jar:/home/user/.m2/repository/org/apache/ratis/ratis-netty/0.4.0/ratis-netty-0.4.0.jar:/home/user/.m2/repository/org/apache/ratis/ratis-grpc/0.4.0/ratis-grpc-0.4.0.jar:/home/user/.m2/repository/org/rocksdb/rocksdbjni/6.0.1/rocksdbjni-6.0.1.jar:/home/user/.m2/repository/org/apache/logging/log4j/log4j-api/2.11.0/log4j-api-2.11.0.jar:/home/user/.m2/repository/org/apache/logging/log4j/log4j-core/2.11.0/log4j-core-2.11.0.jar:/home/user/.m2/repository/com/lmax/disruptor/3.4.2/disruptor-3.4.2.jar:/home/user/.m2/repository/org/apache/commons/commons-pool2/2.6.0/commons-pool2-2.6.0.jar:/home/user/.m2/repository/org/bouncycastle/bcpkix-jdk15on/1.60/bcpkix-jdk15on-1.60.jar:/home/user/.m2/repository/commons-validator/commons-validator/1.6/commons-validator-1.6.jar:/home/user/.m2/repository/commons-digester/commons-digester/1.8.1/commons-digester-1.8.1.jar:/home/user/.m2/repository/io/jaegertracing/jaeger-client/0.34.0/jaeger-client-0.34.0.jar:/home/user/.m2/repository/io/jaegertracing/jaeger-thrift/0.34.0/jaeger-thrift-0.34.0.jar:/home/user/.m2/repository/org/apache/thrift/libthrift/0.12.0/libthrift-0.12.0.jar:/home/user/.m2/repository/com/squareup/okhttp3/okhttp/3.9.0/okhttp-3.9.0.jar:/home/user/.m2/repository/com/squareup/okio/okio/1.13.0/okio-1.13.0.jar:/home/user/.m2/repository/io/jaegertracing/jaeger-core/0.34.0/jaeger-core-0.34.0.jar:/home/user/.m2/repository/io/jaegertracing/jaeger-tracerresolver/0.34.0/jaeger-tracerresolver-0.34.0.jar:/home/user/.m2/repository/io/opentracing/contrib/opentracing-tracerresolver/0.1.5/opentracing-tracerresolver-0.1.5.jar:/home/user/.m2/repository/io/opentracing/opentracing-util/0.31.0/opentracing-util-0.31.0.jar:/home/user/.m2/repository/io/opentracing/opentracing-api/0.31.0/opentracing-api-0.31.0.jar:/home/user/.m2/repository/io/opentracing/opentracing-noop/0.31.0/opentracing-noop-0.31.0.jar:/home/user/.m2/repository/org/yaml/snakeyaml/1.16/snakeyaml-1.16.jar:/home/user/.m2/repository/org/apache/hadoop/hadoop-hdds-container-service/0.5.0-SNAPSHOT/hadoop-hdds-container-service-0.5.0-SNAPSHOT.jar:/home/user/.m2/repository/org/apache/hadoop/hadoop-hdds-client/0.5.0-SNAPSHOT/hadoop-hdds-client-0.5.0-SNAPSHOT.jar:/home/user/.m2/repository/org/apache/hadoop/hadoop-hdds-tools/0.5.0-SNAPSHOT/hadoop-hdds-tools-0.5.0-SNAPSHOT.jar:/home/user/.m2/repository/org/xerial/sqlite-jdbc/3.25.2/sqlite-jdbc-3.25.2.jar:/home/user/.m2/repository/org/apache/hadoop/hadoop-hdds-server-scm/0.5.0-SNAPSHOT/hadoop-hdds-server-scm-0.5.0-SNAPSHOT.jar:/home/user/.m2/repository/org/hamcrest/hamcrest-all/1.3/hamcrest-all-1.3.jar:/home/user/.m2/repository/info/picocli/picocli/3.9.6/picocli-3.9.6.jar:/home/user/.m2/repository/com/google/protobuf/protobuf-java/2.5.0/protobuf-java-2.5.0.jar:/home/user/.m2/repository/com/google/guava/guava/11.0.2/guava-11.0.2.jar:/home/user/.m2/repository/org/apache/hadoop/hadoop-ozone-client/0.5.0-SNAPSHOT/hadoop-ozone-client-0.5.0-SNAPSHOT.jar:/workdir/hadoop-ozone/ozonefs/target/classes:/home/user/.m2/repository/org/apache/hadoop/hadoop-hdds-server-framework/0.5.0-SNAPSHOT/hadoop-hdds-server-framework-0.5.0-SNAPSHOT.jar:/home/user/.m2/repository/org/apache/hadoop/hadoop-common/3.2.0/hadoop-common-3.2.0.jar:/home/user/.m2/repository/org/apache/hadoop/hadoop-annotations/3.2.0/hadoop-annotations-3.2.0.jar:/usr/lib/jvm/java-1.8-openjdk/jre/../lib/tools.jar:/home/user/.m2/repository/commons-cli/commons-cli/1.2/commons-cli-1.2.jar:/home/user/.m2/repository/org/apache/commons/commons-math3/3.1.1/commons-math3-3.1.1.jar:/home/user/.m2/repository/org/apache/httpcomponents/httpclient/4.5.2/httpclient-4.5.2.jar:/home/user/.m2/repository/org/apache/httpcomponents/httpcore/4.4.4/httpcore-4.4.4.jar:/home/user/.m2/repository/commons-codec/commons-codec/1.11/commons-codec-1.11.jar:/home/user/.m2/repository/commons-io/commons-io/2.5/commons-io-2.5.jar:/home/user/.m2/repository/commons-net/commons-net/3.6/commons-net-3.6.jar:/home/user/.m2/repository/commons-collections/commons-collections/3.2.2/commons-collections-3.2.2.jar:/home/user/.m2/repository/javax/servlet/javax.servlet-api/3.1.0/javax.servlet-api-3.1.0.jar:/home/user/.m2/repository/org/eclipse/jetty/jetty-server/9.3.25.v20180904/jetty-server-9.3.25.v20180904.jar:/home/user/.m2/repository/org/eclipse/jetty/jetty-http/9.3.25.v20180904/jetty-http-9.3.25.v20180904.jar:/home/user/.m2/repository/org/eclipse/jetty/jetty-io/9.3.25.v20180904/jetty-io-9.3.25.v20180904.jar:/home/user/.m2/repository/org/eclipse/jetty/jetty-util/9.3.25.v20180904/jetty-util-9.3.25.v20180904.jar:/home/user/.m2/repository/org/eclipse/jetty/jetty-servlet/9.3.25.v20180904/jetty-servlet-9.3.25.v20180904.jar:/home/user/.m2/repository/org/eclipse/jetty/jetty-security/9.3.25.v20180904/jetty-security-9.3.25.v20180904.jar:/home/user/.m2/repository/org/eclipse/jetty/jetty-webapp/9.3.25.v20180904/jetty-webapp-9.3.25.v20180904.jar:/home/user/.m2/repository/org/eclipse/jetty/jetty-xml/9.3.25.v20180904/jetty-xml-9.3.25.v20180904.jar:/home/user/.m2/repository/javax/servlet/jsp/jsp-api/2.1/jsp-api-2.1.jar:/home/user/.m2/repository/com/sun/jersey/jersey-core/1.19/jersey-core-1.19.jar:/home/user/.m2/repository/javax/ws/rs/jsr311-api/1.1.1/jsr311-api-1.1.1.jar:/home/user/.m2/repository/com/sun/jersey/jersey-servlet/1.19/jersey-servlet-1.19.jar:/home/user/.m2/repository/com/sun/jersey/jersey-json/1.19/jersey-json-1.19.jar:/home/user/.m2/repository/org/codehaus/jettison/jettison/1.1/jettison-1.1.jar:/home/user/.m2/repository/com/sun/xml/bind/jaxb-impl/2.3.0.1/jaxb-impl-2.3.0.1.jar:/home/user/.m2/repository/org/codehaus/jackson/jackson-core-asl/1.9.13/jackson-core-asl-1.9.13.jar:/home/user/.m2/repository/org/codehaus/jackson/jackson-mapper-asl/1.9.13/jackson-mapper-asl-1.9.13.jar:/home/user/.m2/repository/org/codehaus/jackson/jackson-jaxrs/1.9.13/jackson-jaxrs-1.9.13.jar:/home/user/.m2/repository/org/codehaus/jackson/jackson-xc/1.9.13/jackson-xc-1.9.13.jar:/home/user/.m2/repository/com/sun/jersey/jersey-server/1.19/jersey-server-1.19.jar:/home/user/.m2/repository/commons-logging/commons-logging/1.1.3/commons-logging-1.1.3.jar:/home/user/.m2/repository/log4j/log4j/1.2.17/log4j-1.2.17.jar:/home/user/.m2/repository/commons-beanutils/commons-beanutils/1.9.4/commons-beanutils-1.9.4.jar:/home/user/.m2/repository/org/apache/commons/commons-configuration2/2.1.1/commons-configuration2-2.1.1.jar:/home/user/.m2/repository/org/apache/commons/commons-lang3/3.7/commons-lang3-3.7.jar:/home/user/.m2/repository/org/apache/commons/commons-text/1.4/commons-text-1.4.jar:/home/user/.m2/repository/org/slf4j/slf4j-api/1.7.25/slf4j-api-1.7.25.jar:/home/user/.m2/repository/org/slf4j/slf4j-log4j12/1.7.25/slf4j-log4j12-1.7.25.jar:/home/user/.m2/repository/org/apache/avro/avro/1.7.7/avro-1.7.7.jar:/home/user/.m2/repository/com/thoughtworks/paranamer/paranamer/2.3/paranamer-2.3.jar:/home/user/.m2/repository/org/xerial/snappy/snappy-java/1.0.5/snappy-java-1.0.5.jar:/home/user/.m2/repository/com/google/re2j/re2j/1.1/re2j-1.1.jar:/home/user/.m2/repository/com/google/code/gson/gson/2.2.4/gson-2.2.4.jar:/home/user/.m2/repository/org/apache/hadoop/hadoop-auth/3.2.0/hadoop-auth-3.2.0.jar:/home/user/.m2/repository/com/nimbusds/nimbus-jose-jwt/4.41.1/nimbus-jose-jwt-4.41.1.jar:/home/user/.m2/repository/com/github/stephenc/jcip/jcip-annotations/1.0-1/jcip-annotations-1.0-1.jar:/home/user/.m2/repository/net/minidev/json-smart/2.3/json-smart-2.3.jar:/home/user/.m2/repository/net/minidev/accessors-smart/1.2/accessors-smart-1.2.jar:/home/user/.m2/repository/org/apache/curator/curator-framework/2.12.0/curator-framework-2.12.0.jar:/home/user/.m2/repository/com/jcraft/jsch/0.1.54/jsch-0.1.54.jar:/home/user/.m2/repository/org/apache/curator/curator-client/2.12.0/curator-client-2.12.0.jar:/home/user/.m2/repository/org/apache/curator/curator-recipes/2.12.0/curator-recipes-2.12.0.jar:/home/user/.m2/repository/com/google/code/findbugs/jsr305/3.0.0/jsr305-3.0.0.jar:/home/user/.m2/repository/org/apache/htrace/htrace-core4/4.1.0-incubating/htrace-core4-4.1.0-incubating.jar:/home/user/.m2/repository/org/apache/zookeeper/zookeeper/3.4.13/zookeeper-3.4.13.jar:/home/user/.m2/repository/jline/jline/0.9.94/jline-0.9.94.jar:/home/user/.m2/repository/org/apache/yetus/audience-annotations/0.5.0/audience-annotations-0.5.0.jar:/home/user/.m2/repository/org/apache/kerby/kerb-simplekdc/1.0.1/kerb-simplekdc-1.0.1.jar:/home/user/.m2/repository/org/apache/kerby/kerb-client/1.0.1/kerb-client-1.0.1.jar:/home/user/.m2/repository/org/apache/kerby/kerby-config/1.0.1/kerby-config-1.0.1.jar:/home/user/.m2/repository/org/apache/kerby/kerb-core/1.0.1/kerb-core-1.0.1.jar:/home/user/.m2/repository/org/apache/kerby/kerby-pkix/1.0.1/kerby-pkix-1.0.1.jar:/home/user/.m2/repository/org/apache/kerby/kerby-asn1/1.0.1/kerby-asn1-1.0.1.jar:/home/user/.m2/repository/org/apache/kerby/kerby-util/1.0.1/kerby-util-1.0.1.jar:/home/user/.m2/repository/org/apache/kerby/kerb-common/1.0.1/kerb-common-1.0.1.jar:/home/user/.m2/repository/org/apache/kerby/kerb-crypto/1.0.1/kerb-crypto-1.0.1.jar:/home/user/.m2/repository/org/apache/kerby/kerb-util/1.0.1/kerb-util-1.0.1.jar:/home/user/.m2/repository/org/apache/kerby/token-provider/1.0.1/token-provider-1.0.1.jar:/home/user/.m2/repository/org/apache/kerby/kerb-admin/1.0.1/kerb-admin-1.0.1.jar:/home/user/.m2/repository/org/apache/kerby/kerb-server/1.0.1/kerb-server-1.0.1.jar:/home/user/.m2/repository/org/apache/kerby/kerb-identity/1.0.1/kerb-identity-1.0.1.jar:/home/user/.m2/repository/org/apache/kerby/kerby-xdr/1.0.1/kerby-xdr-1.0.1.jar:/home/user/.m2/repository/com/fasterxml/jackson/core/jackson-databind/2.9.9/jackson-databind-2.9.9.jar:/home/user/.m2/repository/com/fasterxml/jackson/core/jackson-core/2.9.9/jackson-core-2.9.9.jar:/home/user/.m2/repository/org/codehaus/woodstox/stax2-api/3.1.4/stax2-api-3.1.4.jar:/home/user/.m2/repository/com/fasterxml/woodstox/woodstox-core/5.0.3/woodstox-core-5.0.3.jar:/home/user/.m2/repository/dnsjava/dnsjava/2.1.7/dnsjava-2.1.7.jar:/home/user/.m2/repository/org/apache/hadoop/hadoop-hdfs/3.2.0/hadoop-hdfs-3.2.0.jar:/home/user/.m2/repository/org/eclipse/jetty/jetty-util-ajax/9.3.25.v20180904/jetty-util-ajax-9.3.25.v20180904.jar:/home/user/.m2/repository/commons-daemon/commons-daemon/1.0.13/commons-daemon-1.0.13.jar:/home/user/.m2/repository/io/netty/netty/3.10.5.Final/netty-3.10.5.Final.jar:/home/user/.m2/repository/io/netty/netty-all/4.0.52.Final/netty-all-4.0.52.Final.jar:/home/user/.m2/repository/org/fusesource/leveldbjni/leveldbjni-all/1.8/leveldbjni-all-1.8.jar:/home/user/.m2/repository/com/sun/xml/bind/jaxb-core/2.3.0.1/jaxb-core-2.3.0.1.jar:/home/user/.m2/repository/javax/xml/bind/jaxb-api/2.3.0/jaxb-api-2.3.0.jar:/home/user/.m2/repository/javax/activation/activation/1.1.1/activation-1.1.1.jar:/home/user/.m2/repository/io/dropwizard/metrics/metrics-core/3.2.4/metrics-core-3.2.4.jar:/home/user/.m2/repository/org/openjdk/jmh/jmh-core/1.19/jmh-core-1.19.jar:/home/user/.m2/repository/net/sf/jopt-simple/jopt-simple/4.6/jopt-simple-4.6.jar:/home/user/.m2/repository/org/openjdk/jmh/jmh-generator-annprocess/1.19/jmh-generator-annprocess-1.19.jar:/home/user/.m2/repository/com/amazonaws/aws-java-sdk-s3/1.11.615/aws-java-sdk-s3-1.11.615.jar:/home/user/.m2/repository/com/amazonaws/aws-java-sdk-kms/1.11.615/aws-java-sdk-kms-1.11.615.jar:/home/user/.m2/repository/com/amazonaws/aws-java-sdk-core/1.11.615/aws-java-sdk-core-1.11.615.jar:/home/user/.m2/repository/software/amazon/ion/ion-java/1.0.2/ion-java-1.0.2.jar:/home/user/.m2/repository/com/fasterxml/jackson/dataformat/jackson-dataformat-cbor/2.9.9/jackson-dataformat-cbor-2.9.9.jar:/home/user/.m2/repository/joda-time/joda-time/2.9.9/joda-time-2.9.9.jar:/home/user/.m2/repository/com/amazonaws/jmespath-java/1.11.615/jmespath-java-1.11.615.jar:/home/user/.m2/repository/com/google/code/findbugs/findbugs/3.0.1/findbugs-3.0.1.jar:/home/user/.m2/repository/net/jcip/jcip-annotations/1.0/jcip-annotations-1.0.jar:/home/user/.m2/repository/com/google/code/findbugs/bcel-findbugs/6.0/bcel-findbugs-6.0.jar:/home/user/.m2/repository/com/google/code/findbugs/jFormatString/2.0.1/jFormatString-2.0.1.jar:/home/user/.m2/repository/dom4j/dom4j/1.6.1/dom4j-1.6.1.jar:/home/user/.m2/repository/xml-apis/xml-apis/1.0.b2/xml-apis-1.0.b2.jar:/home/user/.m2/repository/org/ow2/asm/asm-debug-all/5.0.2/asm-debug-all-5.0.2.jar:/home/user/.m2/repository/org/ow2/asm/asm-commons/5.0.2/asm-commons-5.0.2.jar:/home/user/.m2/repository/org/ow2/asm/asm-tree/5.0.2/asm-tree-5.0.2.jar:/home/user/.m2/repository/org/ow2/asm/asm/5.0.4/asm-5.0.4.jar:/home/user/.m2/repository/commons-lang/commons-lang/2.6/commons-lang-2.6.jar:/home/user/.m2/repository/com/apple/AppleJavaExtensions/1.4/AppleJavaExtensions-1.4.jar:/home/user/.m2/repository/jaxen/jaxen/1.1.6/jaxen-1.1.6.jar:/home/user/.m2/repository/junit/junit/4.11/junit-4.11.jar:/home/user/.m2/repository/org/hamcrest/hamcrest-core/1.3/hamcrest-core-1.3.jar:/home/user/.m2/repository/org/apache/hadoop/hadoop-common/3.2.0/hadoop-common-3.2.0-tests.jar:/workdir/hadoop-ozone/integration-test/target/test-classes:/home/user/.m2/repository/org/apache/hadoop/hadoop-ozone-s3gateway/0.5.0-SNAPSHOT/hadoop-ozone-s3gateway-0.5.0-SNAPSHOT.jar:/home/user/.m2/repository/org/jboss/weld/servlet/weld-servlet/2.4.7.Final/weld-servlet-2.4.7.Final.jar:/home/user/.m2/repository/org/glassfish/jersey/containers/jersey-container-servlet-core/2.27/jersey-container-servlet-core-2.27.jar:/home/user/.m2/repository/org/glassfish/hk2/external/javax.inject/2.5.0-b42/javax.inject-2.5.0-b42.jar:/home/user/.m2/repository/org/glassfish/jersey/core/jersey-common/2.27/jersey-common-2.27.jar:/home/user/.m2/repository/org/glassfish/hk2/osgi-resource-locator/1.0.1/osgi-resource-locator-1.0.1.jar:/home/user/.m2/repository/javax/ws/rs/javax.ws.rs-api/2.1/javax.ws.rs-api-2.1.jar:/home/user/.m2/repository/org/glassfish/jersey/ext/cdi/jersey-cdi1x/2.27/jersey-cdi1x-2.27.jar:/home/user/.m2/repository/org/glassfish/jersey/inject/jersey-hk2/2.27/jersey-hk2-2.27.jar:/home/user/.m2/repository/org/glassfish/hk2/hk2-locator/2.5.0-b42/hk2-locator-2.5.0-b42.jar:/home/user/.m2/repository/org/javassist/javassist/3.22.0-CR2/javassist-3.22.0-CR2.jar:/home/user/.m2/repository/org/glassfish/hk2/hk2-api/2.5.0/hk2-api-2.5.0.jar:/home/user/.m2/repository/org/glassfish/hk2/external/jakarta.inject/2.5.0/jakarta.inject-2.5.0.jar:/home/user/.m2/repository/org/glassfish/hk2/hk2-utils/2.5.0/hk2-utils-2.5.0.jar:/home/user/.m2/repository/jakarta/annotation/jakarta.annotation-api/1.3.4/jakarta.annotation-api-1.3.4.jar:/home/user/.m2/repository/org/glassfish/hk2/external/aopalliance-repackaged/2.5.0/aopalliance-repackaged-2.5.0.jar:/home/user/.m2/repository/com/fasterxml/jackson/dataformat/jackson-dataformat-xml/2.9.0/jackson-dataformat-xml-2.9.0.jar:/home/user/.m2/repository/com/fasterxml/jackson/module/jackson-module-jaxb-annotations/2.9.9/jackson-module-jaxb-annotations-2.9.9.jar:/home/user/.m2/repository/javax/enterprise/cdi-api/1.2/cdi-api-1.2.jar:/home/user/.m2/repository/javax/el/javax.el-api/3.0.0/javax.el-api-3.0.0.jar:/home/user/.m2/repository/javax/interceptor/javax.interceptor-api/1.2/javax.interceptor-api-1.2.jar:/home/user/.m2/repository/javax/inject/javax.inject/1/javax.inject-1.jar:/home/user/.m2/repository/org/apache/hadoop/hadoop-ozone-csi/0.5.0-SNAPSHOT/hadoop-ozone-csi-0.5.0-SNAPSHOT.jar:/home/user/.m2/repository/com/google/protobuf/protobuf-java-util/3.5.1/protobuf-java-util-3.5.1.jar:/home/user/.m2/repository/io/grpc/grpc-netty/1.17.1/grpc-netty-1.17.1.jar:/home/user/.m2/repository/io/grpc/grpc-core/1.17.1/grpc-core-1.17.1.jar:/home/user/.m2/repository/io/grpc/grpc-context/1.17.1/grpc-context-1.17.1.jar:/home/user/.m2/repository/com/google/errorprone/error_prone_annotations/2.2.0/error_prone_annotations-2.2.0.jar:/home/user/.m2/repository/org/codehaus/mojo/animal-sniffer-annotations/1.17/animal-sniffer-annotations-1.17.jar:/home/user/.m2/repository/io/opencensus/opencensus-api/0.17.0/opencensus-api-0.17.0.jar:/home/user/.m2/repository/io/opencensus/opencensus-contrib-grpc-metrics/0.17.0/opencensus-contrib-grpc-metrics-0.17.0.jar:/home/user/.m2/repository/io/netty/netty-codec-http2/4.1.30.Final/netty-codec-http2-4.1.30.Final.jar:/home/user/.m2/repository/io/netty/netty-codec-http/4.1.30.Final/netty-codec-http-4.1.30.Final.jar:/home/user/.m2/repository/io/netty/netty-codec/4.1.30.Final/netty-codec-4.1.30.Final.jar:/home/user/.m2/repository/io/netty/netty-handler/4.1.30.Final/netty-handler-4.1.30.Final.jar:/home/user/.m2/repository/io/netty/netty-handler-proxy/4.1.30.Final/netty-handler-proxy-4.1.30.Final.jar:/home/user/.m2/repository/io/netty/netty-codec-socks/4.1.30.Final/netty-codec-socks-4.1.30.Final.jar:/home/user/.m2/repository/io/netty/netty-transport-native-epoll/4.1.30.Final/netty-transport-native-epoll-4.1.30.Final.jar:/home/user/.m2/repository/io/netty/netty-common/4.1.30.Final/netty-common-4.1.30.Final.jar:/home/user/.m2/repository/io/netty/netty-buffer/4.1.30.Final/netty-buffer-4.1.30.Final.jar:/home/user/.m2/repository/io/netty/netty-transport/4.1.30.Final/netty-transport-4.1.30.Final.jar:/home/user/.m2/repository/io/netty/netty-resolver/4.1.30.Final/netty-resolver-4.1.30.Final.jar:/home/user/.m2/repository/io/netty/netty-transport-native-unix-common/4.1.30.Final/netty-transport-native-unix-common-4.1.30.Final.jar:/home/user/.m2/repository/io/grpc/grpc-protobuf/1.17.1/grpc-protobuf-1.17.1.jar:/home/user/.m2/repository/com/google/api/grpc/proto-google-common-protos/1.0.0/proto-google-common-protos-1.0.0.jar:/home/user/.m2/repository/io/grpc/grpc-protobuf-lite/1.17.1/grpc-protobuf-lite-1.17.1.jar:/home/user/.m2/repository/io/grpc/grpc-stub/1.17.1/grpc-stub-1.17.1.jar:/home/user/.m2/repository/org/apache/hadoop/hadoop-ozone-recon/0.5.0-SNAPSHOT/hadoop-ozone-recon-0.5.0-SNAPSHOT.jar:/home/user/.m2/repository/org/apache/hadoop/hadoop-ozone-reconcodegen/0.5.0-SNAPSHOT/hadoop-ozone-reconcodegen-0.5.0-SNAPSHOT.jar:/home/user/.m2/repository/com/google/inject/extensions/guice-multibindings/4.0/guice-multibindings-4.0.jar:/home/user/.m2/repository/com/google/inject/guice/4.0/guice-4.0.jar:/home/user/.m2/repository/aopalliance/aopalliance/1.0/aopalliance-1.0.jar:/home/user/.m2/repository/com/google/inject/extensions/guice-servlet/4.0/guice-servlet-4.0.jar:/home/user/.m2/repository/org/glassfish/jersey/containers/jersey-container-servlet/2.27/jersey-container-servlet-2.27.jar:/home/user/.m2/repository/org/glassfish/hk2/guice-bridge/2.5.0/guice-bridge-2.5.0.jar:/home/user/.m2/repository/org/glassfish/jersey/core/jersey-server/2.27/jersey-server-2.27.jar:/home/user/.m2/repository/org/glassfish/jersey/core/jersey-client/2.27/jersey-client-2.27.jar:/home/user/.m2/repository/org/glassfish/jersey/media/jersey-media-jaxb/2.27/jersey-media-jaxb-2.27.jar:/home/user/.m2/repository/javax/validation/validation-api/1.1.0.Final/validation-api-1.1.0.Final.jar:/home/user/.m2/repository/org/glassfish/jersey/media/jersey-media-json-jackson/2.27/jersey-media-json-jackson-2.27.jar:/home/user/.m2/repository/org/glassfish/jersey/ext/jersey-entity-filtering/2.27/jersey-entity-filtering-2.27.jar:/home/user/.m2/repository/com/google/inject/extensions/guice-assistedinject/4.0/guice-assistedinject-4.0.jar:/home/user/.m2/repository/org/jooq/jooq/3.11.10/jooq-3.11.10.jar:/home/user/.m2/repository/org/jooq/jooq-meta/3.11.10/jooq-meta-3.11.10.jar:/home/user/.m2/repository/org/jooq/jooq-codegen/3.11.10/jooq-codegen-3.11.10.jar:/home/user/.m2/repository/com/jolbox/bonecp/0.8.0.RELEASE/bonecp-0.8.0.RELEASE.jar:/home/user/.m2/repository/org/springframework/spring-jdbc/5.1.3.RELEASE/spring-jdbc-5.1.3.RELEASE.jar:/home/user/.m2/repository/org/springframework/spring-beans/5.1.3.RELEASE/spring-beans-5.1.3.RELEASE.jar:/home/user/.m2/repository/org/springframework/spring-core/5.1.3.RELEASE/spring-core-5.1.3.RELEASE.jar:/home/user/.m2/repository/org/springframework/spring-jcl/5.1.3.RELEASE/spring-jcl-5.1.3.RELEASE.jar:/home/user/.m2/repository/org/springframework/spring-tx/5.1.3.RELEASE/spring-tx-5.1.3.RELEASE.jar:/home/user/.m2/repository/org/mockito/mockito-core/2.15.0/mockito-core-2.15.0.jar:/home/user/.m2/repository/net/bytebuddy/byte-buddy/1.7.9/byte-buddy-1.7.9.jar:/home/user/.m2/repository/net/bytebuddy/byte-buddy-agent/1.7.9/byte-buddy-agent-1.7.9.jar:/home/user/.m2/repository/org/objenesis/objenesis/1.0/objenesis-1.0.jar:"/>
    <property name="sun.cpu.endian" value="little"/>
    <property name="user.home" value="/home/user"/>
    <property name="user.language" value="en"/>
    <property name="java.specification.vendor" value="Oracle Corporation"/>
    <property name="java.home" value="/usr/lib/jvm/java-1.8-openjdk/jre"/>
    <property name="java.security.krb5.conf" value="/workdir/hadoop-ozone/tools/target/test-classes/krb5.conf"/>
    <property name="basedir" value="/workdir/hadoop-ozone/tools"/>
    <property name="file.separator" value="/"/>
    <property name="line.separator" value="&#10;"/>
    <property name="java.vm.specification.vendor" value="Oracle Corporation"/>
    <property name="java.specification.name" value="Java Platform API Specification"/>
    <property name="java.awt.graphicsenv" value="sun.awt.X11GraphicsEnvironment"/>
    <property name="surefire.real.class.path" value="/workdir/hadoop-ozone/tools/target/surefire/surefirebooter9163475094412554127.jar"/>
    <property name="hadoop.log.dir" value="/workdir/hadoop-ozone/tools/target/log"/>
    <property name="sun.boot.class.path" value="/usr/lib/jvm/java-1.8-openjdk/jre/lib/resources.jar:/usr/lib/jvm/java-1.8-openjdk/jre/lib/rt.jar:/usr/lib/jvm/java-1.8-openjdk/jre/lib/sunrsasign.jar:/usr/lib/jvm/java-1.8-openjdk/jre/lib/jsse.jar:/usr/lib/jvm/java-1.8-openjdk/jre/lib/jce.jar:/usr/lib/jvm/java-1.8-openjdk/jre/lib/charsets.jar:/usr/lib/jvm/java-1.8-openjdk/jre/lib/jfr.jar:/usr/lib/jvm/java-1.8-openjdk/jre/classes"/>
    <property name="sun.management.compiler" value="HotSpot 64-Bit Tiered Compilers"/>
    <property name="java.runtime.version" value="1.8.0_212-b04"/>
    <property name="java.net.preferIPv4Stack" value="true"/>
    <property name="user.name" value="jenkins1000"/>
    <property name="path.separator" value=":"/>
    <property name="java.security.egd" value="file:///dev/urandom"/>
    <property name="os.version" value="3.10.0-957.12.2.el7.x86_64"/>
    <property name="java.endorsed.dirs" value="/usr/lib/jvm/java-1.8-openjdk/jre/lib/endorsed"/>
    <property name="java.runtime.name" value="OpenJDK Runtime Environment"/>
    <property name="file.encoding" value="UTF-8"/>
    <property name="java.vm.name" value="OpenJDK 64-Bit Server VM"/>
    <property name="test.build.webapps" value=""/>
    <property name="localRepository" value="/home/user/.m2/repository"/>
    <property name="java.vendor.url.bug" value="https://icedtea.classpath.org/bugzilla"/>
    <property name="java.io.tmpdir" value="/tmp"/>
    <property name="require.test.libhadoop" value=""/>
    <property name="java.version" value="1.8.0_212"/>
    <property name="user.dir" value="/workdir/hadoop-ozone/tools"/>
    <property name="os.arch" value="amd64"/>
    <property name="java.vm.specification.name" value="Java Virtual Machine Specification"/>
    <property name="test.build.classes" value="/workdir/hadoop-ozone/tools/target/test-classes"/>
    <property name="java.awt.printerjob" value="sun.print.PSPrinterJob"/>
    <property name="sun.os.patch.level" value="unknown"/>
    <property name="hadoop.tmp.dir" value="/workdir/hadoop-ozone/tools/target/tmp"/>
    <property name="java.library.path" value="/usr/lib/jvm/java-1.8-openjdk/jre/lib/amd64/server:/usr/lib/jvm/java-1.8-openjdk/jre/lib/amd64:/usr/lib/jvm/java-1.8-openjdk/jre/../lib/amd64:/workdir/hadoop-ozone/tools/target/native/target/usr/local/lib:/workdir/hadoop-ozone/tools/../../hadoop-common-project/hadoop-common/target/native/target/usr/local/lib:/usr/java/packages/lib/amd64:/usr/lib64:/lib64:/lib:/usr/lib"/>
    <property name="java.vm.info" value="mixed mode"/>
    <property name="java.vendor" value="IcedTea"/>
    <property name="java.vm.version" value="25.212-b04"/>
    <property name="java.ext.dirs" value="/usr/lib/jvm/java-1.8-openjdk/jre/lib/ext:/usr/java/packages/lib/ext"/>
    <property name="sun.io.unicode.encoding" value="UnicodeLittle"/>
    <property name="java.class.version" value="52.0"/>
  </properties>
  <testcase name="ratisTestLargeKey" classname="org.apache.hadoop.ozone.freon.TestDataValidateWithUnsafeByteOperations" time="10.748">
    <error message="Allocated 0 blocks. Requested 5 blocks" type="INTERNAL_ERROR org.apache.hadoop.ozone.om.exceptions.OMException">INTERNAL_ERROR org.apache.hadoop.ozone.om.exceptions.OMException: Allocated 0 blocks. Requested 5 blocks
	at org.apache.hadoop.ozone.om.protocolPB.OzoneManagerProtocolClientSideTranslatorPB.handleError(OzoneManagerProtocolClientSideTranslatorPB.java:732)
	at org.apache.hadoop.ozone.om.protocolPB.OzoneManagerProtocolClientSideTranslatorPB.openKey(OzoneManagerProtocolClientSideTranslatorPB.java:723)
	at sun.reflect.NativeMethodAccessorImpl.invoke0(Native Method)
	at sun.reflect.NativeMethodAccessorImpl.invoke(NativeMethodAccessorImpl.java:62)
	at sun.reflect.DelegatingMethodAccessorImpl.invoke(DelegatingMethodAccessorImpl.java:43)
	at java.lang.reflect.Method.invoke(Method.java:498)
	at org.apache.hadoop.hdds.tracing.TraceAllMethod.invoke(TraceAllMethod.java:66)
	at com.sun.proxy.$Proxy37.openKey(Unknown Source)
	at org.apache.hadoop.ozone.client.rpc.RpcClient.createKey(RpcClient.java:614)
	at org.apache.hadoop.ozone.client.OzoneBucket.createKey(OzoneBucket.java:325)
	at org.apache.hadoop.ozone.freon.RandomKeyGenerator.createKey(RandomKeyGenerator.java:695)
	at org.apache.hadoop.ozone.freon.RandomKeyGenerator.access$1100(RandomKeyGenerator.java:88)
	at org.apache.hadoop.ozone.freon.RandomKeyGenerator$ObjectCreator.run(RandomKeyGenerator.java:615)
	at java.util.concurrent.Executors$RunnableAdapter.call(Executors.java:511)
	at java.util.concurrent.FutureTask.run(FutureTask.java:266)
	at java.util.concurrent.ThreadPoolExecutor.runWorker(ThreadPoolExecutor.java:1149)
	at java.util.concurrent.ThreadPoolExecutor$Worker.run(ThreadPoolExecutor.java:624)
	at java.lang.Thread.run(Thread.java:748)
</error>
    <system-out><![CDATA[2019-09-25 07:33:49,481 [main] WARN  server.ServerUtils (ServerUtils.java:getScmDbDir(145)) - ozone.scm.db.dirs is not configured. We recommend adding this setting. Falling back to ozone.metadata.dirs instead.
2019-09-25 07:33:49,589 [main] WARN  server.ServerUtils (ServerUtils.java:getScmDbDir(145)) - ozone.scm.db.dirs is not configured. We recommend adding this setting. Falling back to ozone.metadata.dirs instead.
2019-09-25 07:33:49,592 [main] WARN  server.ServerUtils (ServerUtils.java:getScmDbDir(145)) - ozone.scm.db.dirs is not configured. We recommend adding this setting. Falling back to ozone.metadata.dirs instead.
2019-09-25 07:33:49,608 [main] INFO  util.log (Log.java:initialized(192)) - Logging initialized @843ms
2019-09-25 07:33:49,693 [main] INFO  db.DBStoreBuilder (DBStoreBuilder.java:addTable(110)) - using custom profile for table: deletedBlocks
2019-09-25 07:33:49,693 [main] INFO  db.DBStoreBuilder (DBStoreBuilder.java:processTables(161)) - Using default column profile:DBProfile.DISK for Table:deletedBlocks
2019-09-25 07:33:49,693 [main] INFO  db.DBStoreBuilder (DBStoreBuilder.java:addTable(110)) - using custom profile for table: validCerts
2019-09-25 07:33:49,694 [main] INFO  db.DBStoreBuilder (DBStoreBuilder.java:processTables(161)) - Using default column profile:DBProfile.DISK for Table:validCerts
2019-09-25 07:33:49,694 [main] INFO  db.DBStoreBuilder (DBStoreBuilder.java:addTable(110)) - using custom profile for table: revokedCerts
2019-09-25 07:33:49,694 [main] INFO  db.DBStoreBuilder (DBStoreBuilder.java:processTables(161)) - Using default column profile:DBProfile.DISK for Table:revokedCerts
2019-09-25 07:33:49,703 [main] INFO  db.DBStoreBuilder (DBStoreBuilder.java:addTable(110)) - using custom profile for table: default
2019-09-25 07:33:49,703 [main] INFO  db.DBStoreBuilder (DBStoreBuilder.java:processTables(167)) - Using default column profile:DBProfile.DISK for Table:default
2019-09-25 07:33:49,704 [main] INFO  db.DBStoreBuilder (DBStoreBuilder.java:getDbProfile(198)) - Using default options. DBProfile.DISK
2019-09-25 07:33:50,077 [main] INFO  net.NodeSchemaLoader (NodeSchemaLoader.java:loadSchemaFromFile(125)) - Loading file from sun.misc.CompoundEnumeration@3e694b3f
2019-09-25 07:33:50,079 [main] INFO  net.NodeSchemaLoader (NodeSchemaLoader.java:loadSchema(171)) - Loading network topology layer schema file
2019-09-25 07:33:50,153 [main] WARN  server.ServerUtils (ServerUtils.java:sanitizeUserArgs(70)) - ozone.scm.stale.node.interval value = 300000 is larger than max = 100000 based on the key value of ozone.scm.heartbeat.thread.interval, reset to the max value 100000.
2019-09-25 07:33:50,155 [main] WARN  server.ServerUtils (ServerUtils.java:sanitizeUserArgs(70)) - ozone.scm.stale.node.interval value = 300000 is larger than max = 100000 based on the key value of ozone.scm.heartbeat.thread.interval, reset to the max value 100000.
2019-09-25 07:33:50,157 [main] INFO  node.SCMNodeManager (SCMNodeManager.java:<init>(114)) - Entering startup safe mode.
2019-09-25 07:33:50,226 [main] INFO  algorithms.ContainerPlacementPolicyFactory (ContainerPlacementPolicyFactory.java:getPolicy(59)) - Create container placement policy of type org.apache.hadoop.hdds.scm.container.placement.algorithms.SCMContainerPlacementRandom
2019-09-25 07:33:50,241 [main] WARN  server.ServerUtils (ServerUtils.java:getScmDbDir(145)) - ozone.scm.db.dirs is not configured. We recommend adding this setting. Falling back to ozone.metadata.dirs instead.
2019-09-25 07:33:50,298 [main] INFO  pipeline.SCMPipelineManager (SCMPipelineManager.java:initializePipelineState(132)) - No pipeline exists in current db
2019-09-25 07:33:50,300 [main] WARN  server.ServerUtils (ServerUtils.java:getScmDbDir(145)) - ozone.scm.db.dirs is not configured. We recommend adding this setting. Falling back to ozone.metadata.dirs instead.
2019-09-25 07:33:50,439 [main] WARN  events.EventQueue (EventQueue.java:fireEvent(183)) - No event handler registered for event TypedEvent{payloadType=SafeModeStatus, name='SafeModeStatus'}
2019-09-25 07:33:50,769 [main] INFO  ipc.CallQueueManager (CallQueueManager.java:<init>(84)) - Using callQueue: class java.util.concurrent.LinkedBlockingQueue, queueCapacity: 2000, scheduler: class org.apache.hadoop.ipc.DefaultRpcScheduler, ipcBackoff: false.
2019-09-25 07:33:50,797 [Socket Reader #1 for port 35054] INFO  ipc.Server (Server.java:run(1074)) - Starting Socket Reader #1 for port 35054
2019-09-25 07:33:50,948 [main] INFO  ipc.CallQueueManager (CallQueueManager.java:<init>(84)) - Using callQueue: class java.util.concurrent.LinkedBlockingQueue, queueCapacity: 2000, scheduler: class org.apache.hadoop.ipc.DefaultRpcScheduler, ipcBackoff: false.
2019-09-25 07:33:50,949 [Socket Reader #1 for port 37409] INFO  ipc.Server (Server.java:run(1074)) - Starting Socket Reader #1 for port 37409
2019-09-25 07:33:50,961 [main] INFO  ipc.CallQueueManager (CallQueueManager.java:<init>(84)) - Using callQueue: class java.util.concurrent.LinkedBlockingQueue, queueCapacity: 2000, scheduler: class org.apache.hadoop.ipc.DefaultRpcScheduler, ipcBackoff: false.
2019-09-25 07:33:50,962 [Socket Reader #1 for port 37223] INFO  ipc.Server (Server.java:run(1074)) - Starting Socket Reader #1 for port 37223
2019-09-25 07:33:50,991 [main] INFO  hdfs.DFSUtil (DFSUtil.java:httpServerTemplateForNNAndJN(1641)) - Starting Web-server for scm at: http://0.0.0.0:0
2019-09-25 07:33:51,137 [main] INFO  server.AuthenticationFilter (AuthenticationFilter.java:constructSecretProvider(240)) - Unable to initialize FileSignerSecretProvider, falling back to use random secrets.
2019-09-25 07:33:51,151 [main] WARN  http.HttpRequestLog (HttpRequestLog.java:getRequestLog(97)) - Jetty request log can only be enabled using Log4j
2019-09-25 07:33:51,160 [main] INFO  http.HttpServer2 (HttpServer2.java:addGlobalFilter(975)) - Added global filter 'safety' (class=org.apache.hadoop.http.HttpServer2$QuotingInputFilter)
2019-09-25 07:33:51,163 [main] INFO  http.HttpServer2 (HttpServer2.java:addFilter(948)) - Added filter static_user_filter (class=org.apache.hadoop.http.lib.StaticUserWebFilter$StaticUserFilter) to context scm
2019-09-25 07:33:51,164 [main] INFO  http.HttpServer2 (HttpServer2.java:addFilter(958)) - Added filter static_user_filter (class=org.apache.hadoop.http.lib.StaticUserWebFilter$StaticUserFilter) to context static
2019-09-25 07:33:51,164 [main] INFO  http.HttpServer2 (HttpServer2.java:addFilter(958)) - Added filter static_user_filter (class=org.apache.hadoop.http.lib.StaticUserWebFilter$StaticUserFilter) to context logs
2019-09-25 07:33:51,191 [main] INFO  server.StorageContainerManager (StorageContainerManager.java:start(770)) - StorageContainerLocationProtocol RPC server is listening at /0.0.0.0:37223
2019-09-25 07:33:51,240 [main] WARN  impl.MetricsConfig (MetricsConfig.java:loadFirst(134)) - Cannot locate configuration: tried hadoop-metrics2-storagecontainermanager.properties,hadoop-metrics2.properties
2019-09-25 07:33:51,253 [main] INFO  impl.MetricsSystemImpl (MetricsSystemImpl.java:startTimer(374)) - Scheduled Metric snapshot period at 10 second(s).
2019-09-25 07:33:51,253 [main] INFO  impl.MetricsSystemImpl (MetricsSystemImpl.java:start(191)) - StorageContainerManager metrics system started
2019-09-25 07:33:51,463 [main] INFO  server.SCMClientProtocolServer (SCMClientProtocolServer.java:start(151)) - RPC server for Client  is listening at /0.0.0.0:37223
2019-09-25 07:33:51,464 [IPC Server Responder] INFO  ipc.Server (Server.java:run(1314)) - IPC Server Responder: starting
2019-09-25 07:33:51,464 [IPC Server listener on 37223] INFO  ipc.Server (Server.java:run(1153)) - IPC Server listener on 37223: starting
2019-09-25 07:33:51,471 [main] INFO  server.StorageContainerManager (StorageContainerManager.java:start(780)) - ScmBlockLocationProtocol RPC server is listening at /0.0.0.0:37409
2019-09-25 07:33:51,473 [main] INFO  server.SCMBlockProtocolServer (SCMBlockProtocolServer.java:start(146)) - RPC server for Block Protocol is listening at /0.0.0.0:37409
2019-09-25 07:33:51,473 [IPC Server Responder] INFO  ipc.Server (Server.java:run(1314)) - IPC Server Responder: starting
2019-09-25 07:33:51,473 [IPC Server listener on 37409] INFO  ipc.Server (Server.java:run(1153)) - IPC Server listener on 37409: starting
2019-09-25 07:33:51,482 [main] INFO  server.StorageContainerManager (StorageContainerManager.java:start(784)) - ScmDatanodeProtocl RPC server is listening at /0.0.0.0:35054
2019-09-25 07:33:51,482 [main] INFO  server.SCMDatanodeProtocolServer (SCMDatanodeProtocolServer.java:start(191)) - RPC server for DataNodes is listening at /0.0.0.0:35054
2019-09-25 07:33:51,484 [IPC Server Responder] INFO  ipc.Server (Server.java:run(1314)) - IPC Server Responder: starting
2019-09-25 07:33:51,485 [IPC Server listener on 35054] INFO  ipc.Server (Server.java:run(1153)) - IPC Server listener on 35054: starting
2019-09-25 07:33:51,501 [main] INFO  http.HttpServer2 (HttpServer2.java:bindListener(1191)) - Jetty bound to port 38597
2019-09-25 07:33:51,503 [main] INFO  server.Server (Server.java:doStart(351)) - jetty-9.3.25.v20180904, build timestamp: 2018-09-04T21:11:46Z, git hash: 3ce520221d0240229c862b122d2b06c12a625732
2019-09-25 07:33:51,543 [main] INFO  handler.ContextHandler (ContextHandler.java:doStart(781)) - Started o.e.j.s.ServletContextHandler@4983159f{/logs,file:///workdir/hadoop-ozone/tools/target/log,AVAILABLE}
2019-09-25 07:33:51,543 [main] INFO  handler.ContextHandler (ContextHandler.java:doStart(781)) - Started o.e.j.s.ServletContextHandler@1d2bd371{/static,jar:file:/home/user/.m2/repository/org/apache/hadoop/hadoop-hdds-server-scm/0.5.0-SNAPSHOT/hadoop-hdds-server-scm-0.5.0-SNAPSHOT.jar!/webapps/static,AVAILABLE}
2019-09-25 07:33:51,611 [main] INFO  handler.ContextHandler (ContextHandler.java:doStart(781)) - Started o.e.j.w.WebAppContext@78461bc4{/,file:///tmp/jetty-0.0.0.0-38597-scm-_-any-968188714056675733.dir/webapp/,AVAILABLE}{/scm}
2019-09-25 07:33:51,616 [main] INFO  server.AbstractConnector (AbstractConnector.java:doStart(278)) - Started ServerConnector@51f49060{HTTP/1.1,[http/1.1]}{0.0.0.0:38597}
2019-09-25 07:33:51,617 [main] INFO  server.Server (Server.java:doStart(419)) - Started @2852ms
2019-09-25 07:33:51,619 [main] INFO  impl.MetricsSinkAdapter (MetricsSinkAdapter.java:start(204)) - Sink prometheus started
2019-09-25 07:33:51,619 [main] INFO  impl.MetricsSystemImpl (MetricsSystemImpl.java:registerSink(301)) - Registered sink prometheus
2019-09-25 07:33:51,620 [main] INFO  server.BaseHttpServer (BaseHttpServer.java:updateConnectorAddress(215)) - HTTP server of SCM is listening at http://0.0.0.0:38597
2019-09-25 07:33:51,627 [org.apache.hadoop.util.JvmPauseMonitor$Monitor@46ab18da] INFO  util.JvmPauseMonitor (JvmPauseMonitor.java:run(188)) - Starting JVM pause monitor
2019-09-25 07:33:51,628 [main] WARN  server.ServerUtils (ServerUtils.java:getDBPath(222)) - ozone.om.db.dirs is not configured. We recommend adding this setting. Falling back to ozone.metadata.dirs instead.
2019-09-25 07:33:51,724 [main] WARN  server.ServerUtils (ServerUtils.java:getDBPath(222)) - ozone.om.db.dirs is not configured. We recommend adding this setting. Falling back to ozone.metadata.dirs instead.
2019-09-25 07:33:51,724 [main] WARN  server.ServerUtils (ServerUtils.java:getDBPath(222)) - ozone.om.db.dirs is not configured. We recommend adding this setting. Falling back to ozone.metadata.dirs instead.
2019-09-25 07:33:51,725 [main] INFO  om.OzoneManager (OzoneManager.java:setOMNodeDetails(652)) - OM Service ID is not set. Setting it to the default ID: omServiceIdDefault
2019-09-25 07:33:51,725 [main] INFO  om.OzoneManager (OzoneManager.java:setOMNodeDetails(658)) - OM Node ID is not set. Setting it to the OmStorage's OmID: 456490a0-c6cf-4390-8175-662fbe35bbe3
2019-09-25 07:33:51,727 [main] INFO  om.OzoneManager (OzoneManager.java:loadOMHAConfigs(609)) - Found matching OM address with OMServiceId: null, OMNodeId: null, RPC Address: localhost:0 and Ratis port: 9872
2019-09-25 07:33:52,482 [main] WARN  server.ServerUtils (ServerUtils.java:getDBPath(222)) - ozone.om.db.dirs is not configured. We recommend adding this setting. Falling back to ozone.metadata.dirs instead.
2019-09-25 07:33:52,489 [main] INFO  db.DBStoreBuilder (DBStoreBuilder.java:addTable(110)) - using custom profile for table: userTable
2019-09-25 07:33:52,490 [main] INFO  db.DBStoreBuilder (DBStoreBuilder.java:processTables(161)) - Using default column profile:DBProfile.DISK for Table:userTable
2019-09-25 07:33:52,490 [main] INFO  db.DBStoreBuilder (DBStoreBuilder.java:addTable(110)) - using custom profile for table: volumeTable
2019-09-25 07:33:52,490 [main] INFO  db.DBStoreBuilder (DBStoreBuilder.java:processTables(161)) - Using default column profile:DBProfile.DISK for Table:volumeTable
2019-09-25 07:33:52,490 [main] INFO  db.DBStoreBuilder (DBStoreBuilder.java:addTable(110)) - using custom profile for table: bucketTable
2019-09-25 07:33:52,490 [main] INFO  db.DBStoreBuilder (DBStoreBuilder.java:processTables(161)) - Using default column profile:DBProfile.DISK for Table:bucketTable
2019-09-25 07:33:52,491 [main] INFO  db.DBStoreBuilder (DBStoreBuilder.java:addTable(110)) - using custom profile for table: keyTable
2019-09-25 07:33:52,491 [main] INFO  db.DBStoreBuilder (DBStoreBuilder.java:processTables(161)) - Using default column profile:DBProfile.DISK for Table:keyTable
2019-09-25 07:33:52,491 [main] INFO  db.DBStoreBuilder (DBStoreBuilder.java:addTable(110)) - using custom profile for table: deletedTable
2019-09-25 07:33:52,491 [main] INFO  db.DBStoreBuilder (DBStoreBuilder.java:processTables(161)) - Using default column profile:DBProfile.DISK for Table:deletedTable
2019-09-25 07:33:52,492 [main] INFO  db.DBStoreBuilder (DBStoreBuilder.java:addTable(110)) - using custom profile for table: openKeyTable
2019-09-25 07:33:52,492 [main] INFO  db.DBStoreBuilder (DBStoreBuilder.java:processTables(161)) - Using default column profile:DBProfile.DISK for Table:openKeyTable
2019-09-25 07:33:52,492 [main] INFO  db.DBStoreBuilder (DBStoreBuilder.java:addTable(110)) - using custom profile for table: s3Table
2019-09-25 07:33:52,492 [main] INFO  db.DBStoreBuilder (DBStoreBuilder.java:processTables(161)) - Using default column profile:DBProfile.DISK for Table:s3Table
2019-09-25 07:33:52,493 [main] INFO  db.DBStoreBuilder (DBStoreBuilder.java:addTable(110)) - using custom profile for table: multipartInfoTable
2019-09-25 07:33:52,493 [main] INFO  db.DBStoreBuilder (DBStoreBuilder.java:processTables(161)) - Using default column profile:DBProfile.DISK for Table:multipartInfoTable
2019-09-25 07:33:52,493 [main] INFO  db.DBStoreBuilder (DBStoreBuilder.java:addTable(110)) - using custom profile for table: dTokenTable
2019-09-25 07:33:52,493 [main] INFO  db.DBStoreBuilder (DBStoreBuilder.java:processTables(161)) - Using default column profile:DBProfile.DISK for Table:dTokenTable
2019-09-25 07:33:52,493 [main] INFO  db.DBStoreBuilder (DBStoreBuilder.java:addTable(110)) - using custom profile for table: s3SecretTable
2019-09-25 07:33:52,494 [main] INFO  db.DBStoreBuilder (DBStoreBuilder.java:processTables(161)) - Using default column profile:DBProfile.DISK for Table:s3SecretTable
2019-09-25 07:33:52,494 [main] INFO  db.DBStoreBuilder (DBStoreBuilder.java:addTable(110)) - using custom profile for table: prefixTable
2019-09-25 07:33:52,494 [main] INFO  db.DBStoreBuilder (DBStoreBuilder.java:processTables(161)) - Using default column profile:DBProfile.DISK for Table:prefixTable
2019-09-25 07:33:52,494 [main] INFO  db.DBStoreBuilder (DBStoreBuilder.java:addTable(110)) - using custom profile for table: default
2019-09-25 07:33:52,495 [main] INFO  db.DBStoreBuilder (DBStoreBuilder.java:processTables(167)) - Using default column profile:DBProfile.DISK for Table:default
2019-09-25 07:33:52,495 [main] INFO  db.DBStoreBuilder (DBStoreBuilder.java:getDbProfile(198)) - Using default options. DBProfile.DISK
2019-09-25 07:33:53,276 [main] INFO  ipc.CallQueueManager (CallQueueManager.java:<init>(84)) - Using callQueue: class java.util.concurrent.LinkedBlockingQueue, queueCapacity: 2000, scheduler: class org.apache.hadoop.ipc.DefaultRpcScheduler, ipcBackoff: false.
2019-09-25 07:33:53,278 [Socket Reader #1 for port 39980] INFO  ipc.Server (Server.java:run(1074)) - Starting Socket Reader #1 for port 39980
2019-09-25 07:33:53,301 [main] INFO  om.OzoneManager (OzoneManager.java:start(1243)) - OzoneManager RPC server is listening at localhost/127.0.0.1:39980
2019-09-25 07:33:53,301 [main] INFO  impl.MetricsSystemImpl (MetricsSystemImpl.java:init(158)) - OzoneManager metrics system started (again)
2019-09-25 07:33:53,303 [IPC Server Responder] INFO  ipc.Server (Server.java:run(1314)) - IPC Server Responder: starting
2019-09-25 07:33:53,305 [IPC Server listener on 39980] INFO  ipc.Server (Server.java:run(1153)) - IPC Server listener on 39980: starting
2019-09-25 07:33:53,319 [main] INFO  hdfs.DFSUtil (DFSUtil.java:httpServerTemplateForNNAndJN(1641)) - Starting Web-server for ozoneManager at: http://0.0.0.0:0
2019-09-25 07:33:53,321 [main] INFO  server.AuthenticationFilter (AuthenticationFilter.java:constructSecretProvider(240)) - Unable to initialize FileSignerSecretProvider, falling back to use random secrets.
2019-09-25 07:33:53,322 [main] WARN  http.HttpRequestLog (HttpRequestLog.java:getRequestLog(97)) - Jetty request log can only be enabled using Log4j
2019-09-25 07:33:53,325 [main] INFO  http.HttpServer2 (HttpServer2.java:addGlobalFilter(975)) - Added global filter 'safety' (class=org.apache.hadoop.http.HttpServer2$QuotingInputFilter)
2019-09-25 07:33:53,327 [main] INFO  http.HttpServer2 (HttpServer2.java:addFilter(948)) - Added filter static_user_filter (class=org.apache.hadoop.http.lib.StaticUserWebFilter$StaticUserFilter) to context ozoneManager
2019-09-25 07:33:53,327 [main] INFO  http.HttpServer2 (HttpServer2.java:addFilter(958)) - Added filter static_user_filter (class=org.apache.hadoop.http.lib.StaticUserWebFilter$StaticUserFilter) to context logs
2019-09-25 07:33:53,327 [main] INFO  http.HttpServer2 (HttpServer2.java:addFilter(958)) - Added filter static_user_filter (class=org.apache.hadoop.http.lib.StaticUserWebFilter$StaticUserFilter) to context static
2019-09-25 07:33:53,331 [main] INFO  http.HttpServer2 (HttpServer2.java:bindListener(1191)) - Jetty bound to port 35748
2019-09-25 07:33:53,331 [main] INFO  server.Server (Server.java:doStart(351)) - jetty-9.3.25.v20180904, build timestamp: 2018-09-04T21:11:46Z, git hash: 3ce520221d0240229c862b122d2b06c12a625732
2019-09-25 07:33:53,334 [main] INFO  handler.ContextHandler (ContextHandler.java:doStart(781)) - Started o.e.j.s.ServletContextHandler@55b8dbda{/logs,file:///workdir/hadoop-ozone/tools/target/log,AVAILABLE}
2019-09-25 07:33:53,335 [main] INFO  handler.ContextHandler (ContextHandler.java:doStart(781)) - Started o.e.j.s.ServletContextHandler@3a022576{/static,jar:file:/home/user/.m2/repository/org/apache/hadoop/hadoop-ozone-ozone-manager/0.5.0-SNAPSHOT/hadoop-ozone-ozone-manager-0.5.0-SNAPSHOT.jar!/webapps/static,AVAILABLE}
2019-09-25 07:33:53,402 [main] INFO  handler.ContextHandler (ContextHandler.java:doStart(781)) - Started o.e.j.w.WebAppContext@388b401d{/,file:///tmp/jetty-0.0.0.0-35748-ozoneManager-_-any-4337833887933073575.dir/webapp/,AVAILABLE}{/ozoneManager}
2019-09-25 07:33:53,404 [main] INFO  server.AbstractConnector (AbstractConnector.java:doStart(278)) - Started ServerConnector@2bcec6a6{HTTP/1.1,[http/1.1]}{0.0.0.0:35748}
2019-09-25 07:33:53,404 [main] INFO  server.Server (Server.java:doStart(419)) - Started @4639ms
2019-09-25 07:33:53,405 [main] WARN  impl.MetricsSystemImpl (MetricsSystemImpl.java:register(276)) - Sink prometheus already exists!
2019-09-25 07:33:53,406 [main] INFO  server.BaseHttpServer (BaseHttpServer.java:updateConnectorAddress(215)) - HTTP server of OZONEMANAGER is listening at http://0.0.0.0:35748
2019-09-25 07:33:53,737 [main] INFO  impl.MetricsSystemImpl (MetricsSystemImpl.java:init(158)) - HddsDatanode metrics system started (again)
2019-09-25 07:33:53,784 [main] INFO  ozone.HddsDatanodeService (HddsDatanodeService.java:start(184)) - HddsDatanodeService host:pr-hdds-1569-x2sr2-3486766547 ip:192.168.151.106
2019-09-25 07:33:53,815 [main] INFO  volume.HddsVolume (HddsVolume.java:<init>(176)) - Creating Volume: /workdir/hadoop-ozone/tools/target/test-dir/MiniOzoneClusterImpl-55ba2c16-82ef-4526-82fa-9313f8d95d3f/datanode-0/data/containers/hdds of  storage type : DISK and capacity : 1482555576320
2019-09-25 07:33:53,817 [main] INFO  volume.VolumeSet (VolumeSet.java:initializeVolumeSet(170)) - Added Volume : /workdir/hadoop-ozone/tools/target/test-dir/MiniOzoneClusterImpl-55ba2c16-82ef-4526-82fa-9313f8d95d3f/datanode-0/data/containers/hdds to VolumeSet
2019-09-25 07:33:53,820 [main] INFO  volume.ThrottledAsyncChecker (ThrottledAsyncChecker.java:schedule(139)) - Scheduling a check for org.apache.hadoop.ozone.container.common.volume.HddsVolume@5ff60a8c
2019-09-25 07:33:53,837 [main] INFO  volume.HddsVolumeChecker (HddsVolumeChecker.java:checkAllVolumes(202)) - Scheduled health check for volume org.apache.hadoop.ozone.container.common.volume.HddsVolume@5ff60a8c
2019-09-25 07:33:53,941 [main] INFO  impl.RaftServerProxy (ConfUtils.java:logGet(43)) - raft.rpc.type = GRPC (default)
2019-09-25 07:33:54,008 [main] INFO  grpc.GrpcFactory (GrpcFactory.java:checkPooledByteBufAllocatorUseCacheForAllThreads(45)) - PERFORMANCE WARNING: useCacheForAllThreads is true that may cause Netty to create a lot garbage objects and, as a result, trigger GC.
	It is recommended to disable useCacheForAllThreads by setting -Dorg.apache.ratis.thirdparty.io.netty.allocator.useCacheForAllThreads=false in command line.
2019-09-25 07:33:54,013 [main] INFO  grpc.GrpcConfigKeys$Server (ConfUtils.java:logGet(43)) - raft.grpc.server.port = 0 (default)
2019-09-25 07:33:54,014 [main] INFO  server.GrpcService (ConfUtils.java:logGet(43)) - raft.grpc.message.size.max = 33570816 (custom)
2019-09-25 07:33:54,015 [main] INFO  server.RaftServerConfigKeys (ConfUtils.java:logGet(43)) - raft.server.log.appender.buffer.byte-limit = 33554432 (custom)
2019-09-25 07:33:54,016 [main] INFO  server.GrpcService (ConfUtils.java:logGet(43)) - raft.grpc.flow.control.window = 1MB (=1048576) (default)
2019-09-25 07:33:54,017 [main] INFO  server.RaftServerConfigKeys (ConfUtils.java:logGet(43)) - raft.server.rpc.request.timeout = 3000ms (default)
2019-09-25 07:33:54,208 [main] INFO  server.RaftServerConfigKeys (ConfUtils.java:logGet(43)) - raft.server.storage.dir = [/workdir/hadoop-ozone/tools/target/test-dir/MiniOzoneClusterImpl-55ba2c16-82ef-4526-82fa-9313f8d95d3f/datanode-0/data/ratis] (custom)
2019-09-25 07:33:54,274 [main] INFO  hdfs.DFSUtil (DFSUtil.java:httpServerTemplateForNNAndJN(1641)) - Starting Web-server for hddsDatanode at: http://0.0.0.0:0
2019-09-25 07:33:54,278 [main] INFO  server.AuthenticationFilter (AuthenticationFilter.java:constructSecretProvider(240)) - Unable to initialize FileSignerSecretProvider, falling back to use random secrets.
2019-09-25 07:33:54,279 [main] WARN  http.HttpRequestLog (HttpRequestLog.java:getRequestLog(97)) - Jetty request log can only be enabled using Log4j
2019-09-25 07:33:54,282 [main] INFO  http.HttpServer2 (HttpServer2.java:addGlobalFilter(975)) - Added global filter 'safety' (class=org.apache.hadoop.http.HttpServer2$QuotingInputFilter)
2019-09-25 07:33:54,284 [main] INFO  http.HttpServer2 (HttpServer2.java:addFilter(948)) - Added filter static_user_filter (class=org.apache.hadoop.http.lib.StaticUserWebFilter$StaticUserFilter) to context hddsDatanode
2019-09-25 07:33:54,284 [main] INFO  http.HttpServer2 (HttpServer2.java:addFilter(958)) - Added filter static_user_filter (class=org.apache.hadoop.http.lib.StaticUserWebFilter$StaticUserFilter) to context logs
2019-09-25 07:33:54,284 [main] INFO  http.HttpServer2 (HttpServer2.java:addFilter(958)) - Added filter static_user_filter (class=org.apache.hadoop.http.lib.StaticUserWebFilter$StaticUserFilter) to context static
2019-09-25 07:33:54,286 [main] INFO  http.HttpServer2 (HttpServer2.java:bindListener(1191)) - Jetty bound to port 41319
2019-09-25 07:33:54,287 [main] INFO  server.Server (Server.java:doStart(351)) - jetty-9.3.25.v20180904, build timestamp: 2018-09-04T21:11:46Z, git hash: 3ce520221d0240229c862b122d2b06c12a625732
2019-09-25 07:33:54,290 [main] INFO  handler.ContextHandler (ContextHandler.java:doStart(781)) - Started o.e.j.s.ServletContextHandler@352c44a8{/logs,file:///workdir/hadoop-ozone/tools/target/log,AVAILABLE}
2019-09-25 07:33:54,291 [main] INFO  handler.ContextHandler (ContextHandler.java:doStart(781)) - Started o.e.j.s.ServletContextHandler@a66e580{/static,jar:file:/home/user/.m2/repository/org/apache/hadoop/hadoop-hdds-container-service/0.5.0-SNAPSHOT/hadoop-hdds-container-service-0.5.0-SNAPSHOT.jar!/webapps/static,AVAILABLE}
2019-09-25 07:33:54,339 [main] INFO  handler.ContextHandler (ContextHandler.java:doStart(781)) - Started o.e.j.w.WebAppContext@3dffc764{/,file:///tmp/jetty-0.0.0.0-41319-hddsDatanode-_-any-4123363532765531995.dir/webapp/,AVAILABLE}{/hddsDatanode}
2019-09-25 07:33:54,340 [main] INFO  server.AbstractConnector (AbstractConnector.java:doStart(278)) - Started ServerConnector@4b6e1c0{HTTP/1.1,[http/1.1]}{0.0.0.0:41319}
2019-09-25 07:33:54,341 [main] INFO  server.Server (Server.java:doStart(419)) - Started @5576ms
2019-09-25 07:33:54,342 [main] WARN  impl.MetricsSystemImpl (MetricsSystemImpl.java:register(276)) - Sink prometheus already exists!
2019-09-25 07:33:54,343 [main] INFO  server.BaseHttpServer (BaseHttpServer.java:updateConnectorAddress(215)) - HTTP server of HDDSDATANODE is listening at http://0.0.0.0:41319
2019-09-25 07:33:54,344 [main] INFO  impl.MetricsSystemImpl (MetricsSystemImpl.java:init(158)) - HddsDatanode metrics system started (again)
2019-09-25 07:33:54,350 [main] INFO  ozone.HddsDatanodeService (HddsDatanodeService.java:start(184)) - HddsDatanodeService host:pr-hdds-1569-x2sr2-3486766547 ip:192.168.151.106
2019-09-25 07:33:54,351 [org.apache.hadoop.util.JvmPauseMonitor$Monitor@688c1474] INFO  util.JvmPauseMonitor (JvmPauseMonitor.java:run(188)) - Starting JVM pause monitor
2019-09-25 07:33:54,360 [main] INFO  volume.HddsVolume (HddsVolume.java:<init>(176)) - Creating Volume: /workdir/hadoop-ozone/tools/target/test-dir/MiniOzoneClusterImpl-55ba2c16-82ef-4526-82fa-9313f8d95d3f/datanode-1/data/containers/hdds of  storage type : DISK and capacity : 1482555576320
2019-09-25 07:33:54,362 [main] INFO  volume.VolumeSet (VolumeSet.java:initializeVolumeSet(170)) - Added Volume : /workdir/hadoop-ozone/tools/target/test-dir/MiniOzoneClusterImpl-55ba2c16-82ef-4526-82fa-9313f8d95d3f/datanode-1/data/containers/hdds to VolumeSet
2019-09-25 07:33:54,362 [main] INFO  volume.ThrottledAsyncChecker (ThrottledAsyncChecker.java:schedule(139)) - Scheduling a check for org.apache.hadoop.ozone.container.common.volume.HddsVolume@12fcc71f
2019-09-25 07:33:54,363 [main] INFO  volume.HddsVolumeChecker (HddsVolumeChecker.java:checkAllVolumes(202)) - Scheduled health check for volume org.apache.hadoop.ozone.container.common.volume.HddsVolume@12fcc71f
2019-09-25 07:33:54,386 [main] INFO  impl.RaftServerProxy (ConfUtils.java:logGet(43)) - raft.rpc.type = GRPC (default)
2019-09-25 07:33:54,386 [main] INFO  grpc.GrpcFactory (GrpcFactory.java:checkPooledByteBufAllocatorUseCacheForAllThreads(45)) - PERFORMANCE WARNING: useCacheForAllThreads is true that may cause Netty to create a lot garbage objects and, as a result, trigger GC.
	It is recommended to disable useCacheForAllThreads by setting -Dorg.apache.ratis.thirdparty.io.netty.allocator.useCacheForAllThreads=false in command line.
2019-09-25 07:33:54,386 [main] INFO  grpc.GrpcConfigKeys$Server (ConfUtils.java:logGet(43)) - raft.grpc.server.port = 0 (default)
2019-09-25 07:33:54,387 [main] INFO  server.GrpcService (ConfUtils.java:logGet(43)) - raft.grpc.message.size.max = 33570816 (custom)
2019-09-25 07:33:54,387 [main] INFO  server.RaftServerConfigKeys (ConfUtils.java:logGet(43)) - raft.server.log.appender.buffer.byte-limit = 33554432 (custom)
2019-09-25 07:33:54,388 [main] INFO  server.GrpcService (ConfUtils.java:logGet(43)) - raft.grpc.flow.control.window = 1MB (=1048576) (default)
2019-09-25 07:33:54,388 [main] INFO  server.RaftServerConfigKeys (ConfUtils.java:logGet(43)) - raft.server.rpc.request.timeout = 3000ms (default)
2019-09-25 07:33:54,389 [main] INFO  server.RaftServerConfigKeys (ConfUtils.java:logGet(43)) - raft.server.storage.dir = [/workdir/hadoop-ozone/tools/target/test-dir/MiniOzoneClusterImpl-55ba2c16-82ef-4526-82fa-9313f8d95d3f/datanode-1/data/ratis] (custom)
2019-09-25 07:33:54,391 [main] INFO  hdfs.DFSUtil (DFSUtil.java:httpServerTemplateForNNAndJN(1641)) - Starting Web-server for hddsDatanode at: http://0.0.0.0:0
2019-09-25 07:33:54,392 [main] INFO  server.AuthenticationFilter (AuthenticationFilter.java:constructSecretProvider(240)) - Unable to initialize FileSignerSecretProvider, falling back to use random secrets.
2019-09-25 07:33:54,394 [main] WARN  http.HttpRequestLog (HttpRequestLog.java:getRequestLog(97)) - Jetty request log can only be enabled using Log4j
2019-09-25 07:33:54,396 [main] INFO  http.HttpServer2 (HttpServer2.java:addGlobalFilter(975)) - Added global filter 'safety' (class=org.apache.hadoop.http.HttpServer2$QuotingInputFilter)
2019-09-25 07:33:54,397 [main] INFO  http.HttpServer2 (HttpServer2.java:addFilter(948)) - Added filter static_user_filter (class=org.apache.hadoop.http.lib.StaticUserWebFilter$StaticUserFilter) to context hddsDatanode
2019-09-25 07:33:54,397 [main] INFO  http.HttpServer2 (HttpServer2.java:addFilter(958)) - Added filter static_user_filter (class=org.apache.hadoop.http.lib.StaticUserWebFilter$StaticUserFilter) to context static
2019-09-25 07:33:54,397 [main] INFO  http.HttpServer2 (HttpServer2.java:addFilter(958)) - Added filter static_user_filter (class=org.apache.hadoop.http.lib.StaticUserWebFilter$StaticUserFilter) to context logs
2019-09-25 07:33:54,398 [main] INFO  http.HttpServer2 (HttpServer2.java:bindListener(1191)) - Jetty bound to port 33471
2019-09-25 07:33:54,399 [main] INFO  server.Server (Server.java:doStart(351)) - jetty-9.3.25.v20180904, build timestamp: 2018-09-04T21:11:46Z, git hash: 3ce520221d0240229c862b122d2b06c12a625732
2019-09-25 07:33:54,405 [main] INFO  handler.ContextHandler (ContextHandler.java:doStart(781)) - Started o.e.j.s.ServletContextHandler@7bc44ce8{/logs,file:///workdir/hadoop-ozone/tools/target/log,AVAILABLE}
2019-09-25 07:33:54,405 [main] INFO  handler.ContextHandler (ContextHandler.java:doStart(781)) - Started o.e.j.s.ServletContextHandler@58472096{/static,jar:file:/home/user/.m2/repository/org/apache/hadoop/hadoop-hdds-container-service/0.5.0-SNAPSHOT/hadoop-hdds-container-service-0.5.0-SNAPSHOT.jar!/webapps/static,AVAILABLE}
2019-09-25 07:33:54,441 [main] INFO  handler.ContextHandler (ContextHandler.java:doStart(781)) - Started o.e.j.w.WebAppContext@2e66bc32{/,file:///tmp/jetty-0.0.0.0-33471-hddsDatanode-_-any-2239438199965861406.dir/webapp/,AVAILABLE}{/hddsDatanode}
2019-09-25 07:33:54,442 [main] INFO  server.AbstractConnector (AbstractConnector.java:doStart(278)) - Started ServerConnector@54d8c20d{HTTP/1.1,[http/1.1]}{0.0.0.0:33471}
2019-09-25 07:33:54,444 [main] INFO  server.Server (Server.java:doStart(419)) - Started @5679ms
2019-09-25 07:33:54,444 [main] WARN  impl.MetricsSystemImpl (MetricsSystemImpl.java:register(276)) - Sink prometheus already exists!
2019-09-25 07:33:54,445 [main] INFO  server.BaseHttpServer (BaseHttpServer.java:updateConnectorAddress(215)) - HTTP server of HDDSDATANODE is listening at http://0.0.0.0:33471
2019-09-25 07:33:54,445 [main] INFO  impl.MetricsSystemImpl (MetricsSystemImpl.java:init(158)) - HddsDatanode metrics system started (again)
2019-09-25 07:33:54,449 [main] INFO  ozone.HddsDatanodeService (HddsDatanodeService.java:start(184)) - HddsDatanodeService host:pr-hdds-1569-x2sr2-3486766547 ip:192.168.151.106
2019-09-25 07:33:54,449 [org.apache.hadoop.util.JvmPauseMonitor$Monitor@2bd4bb73] INFO  util.JvmPauseMonitor (JvmPauseMonitor.java:run(188)) - Starting JVM pause monitor
2019-09-25 07:33:54,459 [main] INFO  volume.HddsVolume (HddsVolume.java:<init>(176)) - Creating Volume: /workdir/hadoop-ozone/tools/target/test-dir/MiniOzoneClusterImpl-55ba2c16-82ef-4526-82fa-9313f8d95d3f/datanode-2/data/containers/hdds of  storage type : DISK and capacity : 1482555576320
2019-09-25 07:33:54,459 [main] INFO  volume.VolumeSet (VolumeSet.java:initializeVolumeSet(170)) - Added Volume : /workdir/hadoop-ozone/tools/target/test-dir/MiniOzoneClusterImpl-55ba2c16-82ef-4526-82fa-9313f8d95d3f/datanode-2/data/containers/hdds to VolumeSet
2019-09-25 07:33:54,459 [main] INFO  volume.ThrottledAsyncChecker (ThrottledAsyncChecker.java:schedule(139)) - Scheduling a check for org.apache.hadoop.ozone.container.common.volume.HddsVolume@4faa298
2019-09-25 07:33:54,460 [main] INFO  volume.HddsVolumeChecker (HddsVolumeChecker.java:checkAllVolumes(202)) - Scheduled health check for volume org.apache.hadoop.ozone.container.common.volume.HddsVolume@4faa298
2019-09-25 07:33:54,475 [main] INFO  impl.RaftServerProxy (ConfUtils.java:logGet(43)) - raft.rpc.type = GRPC (default)
2019-09-25 07:33:54,475 [main] INFO  grpc.GrpcFactory (GrpcFactory.java:checkPooledByteBufAllocatorUseCacheForAllThreads(45)) - PERFORMANCE WARNING: useCacheForAllThreads is true that may cause Netty to create a lot garbage objects and, as a result, trigger GC.
	It is recommended to disable useCacheForAllThreads by setting -Dorg.apache.ratis.thirdparty.io.netty.allocator.useCacheForAllThreads=false in command line.
2019-09-25 07:33:54,476 [main] INFO  grpc.GrpcConfigKeys$Server (ConfUtils.java:logGet(43)) - raft.grpc.server.port = 0 (default)
2019-09-25 07:33:54,476 [main] INFO  server.GrpcService (ConfUtils.java:logGet(43)) - raft.grpc.message.size.max = 33570816 (custom)
2019-09-25 07:33:54,476 [main] INFO  server.RaftServerConfigKeys (ConfUtils.java:logGet(43)) - raft.server.log.appender.buffer.byte-limit = 33554432 (custom)
2019-09-25 07:33:54,476 [main] INFO  server.GrpcService (ConfUtils.java:logGet(43)) - raft.grpc.flow.control.window = 1MB (=1048576) (default)
2019-09-25 07:33:54,477 [main] INFO  server.RaftServerConfigKeys (ConfUtils.java:logGet(43)) - raft.server.rpc.request.timeout = 3000ms (default)
2019-09-25 07:33:54,477 [main] INFO  server.RaftServerConfigKeys (ConfUtils.java:logGet(43)) - raft.server.storage.dir = [/workdir/hadoop-ozone/tools/target/test-dir/MiniOzoneClusterImpl-55ba2c16-82ef-4526-82fa-9313f8d95d3f/datanode-2/data/ratis] (custom)
2019-09-25 07:33:54,480 [main] INFO  hdfs.DFSUtil (DFSUtil.java:httpServerTemplateForNNAndJN(1641)) - Starting Web-server for hddsDatanode at: http://0.0.0.0:0
2019-09-25 07:33:54,482 [main] INFO  server.AuthenticationFilter (AuthenticationFilter.java:constructSecretProvider(240)) - Unable to initialize FileSignerSecretProvider, falling back to use random secrets.
2019-09-25 07:33:54,482 [main] WARN  http.HttpRequestLog (HttpRequestLog.java:getRequestLog(97)) - Jetty request log can only be enabled using Log4j
2019-09-25 07:33:54,484 [main] INFO  http.HttpServer2 (HttpServer2.java:addGlobalFilter(975)) - Added global filter 'safety' (class=org.apache.hadoop.http.HttpServer2$QuotingInputFilter)
2019-09-25 07:33:54,484 [Datanode State Machine Thread - 0] INFO  datanode.InitDatanodeState (InitDatanodeState.java:persistContainerDatanodeDetails(140)) - DatanodeDetails is persisted to /workdir/hadoop-ozone/tools/target/test-dir/MiniOzoneClusterImpl-55ba2c16-82ef-4526-82fa-9313f8d95d3f/datanode-0/meta/datanode.id
2019-09-25 07:33:54,484 [main] INFO  http.HttpServer2 (HttpServer2.java:addFilter(948)) - Added filter static_user_filter (class=org.apache.hadoop.http.lib.StaticUserWebFilter$StaticUserFilter) to context hddsDatanode
2019-09-25 07:33:54,486 [main] INFO  http.HttpServer2 (HttpServer2.java:addFilter(958)) - Added filter static_user_filter (class=org.apache.hadoop.http.lib.StaticUserWebFilter$StaticUserFilter) to context static
2019-09-25 07:33:54,487 [main] INFO  http.HttpServer2 (HttpServer2.java:addFilter(958)) - Added filter static_user_filter (class=org.apache.hadoop.http.lib.StaticUserWebFilter$StaticUserFilter) to context logs
2019-09-25 07:33:54,488 [main] INFO  http.HttpServer2 (HttpServer2.java:bindListener(1191)) - Jetty bound to port 43478
2019-09-25 07:33:54,489 [main] INFO  server.Server (Server.java:doStart(351)) - jetty-9.3.25.v20180904, build timestamp: 2018-09-04T21:11:46Z, git hash: 3ce520221d0240229c862b122d2b06c12a625732
2019-09-25 07:33:54,489 [Datanode State Machine Thread - 0] INFO  datanode.InitDatanodeState (InitDatanodeState.java:persistContainerDatanodeDetails(140)) - DatanodeDetails is persisted to /workdir/hadoop-ozone/tools/target/test-dir/MiniOzoneClusterImpl-55ba2c16-82ef-4526-82fa-9313f8d95d3f/datanode-1/meta/datanode.id
2019-09-25 07:33:54,491 [main] INFO  handler.ContextHandler (ContextHandler.java:doStart(781)) - Started o.e.j.s.ServletContextHandler@5dd903be{/logs,file:///workdir/hadoop-ozone/tools/target/log,AVAILABLE}
2019-09-25 07:33:54,492 [main] INFO  handler.ContextHandler (ContextHandler.java:doStart(781)) - Started o.e.j.s.ServletContextHandler@4a163575{/static,jar:file:/home/user/.m2/repository/org/apache/hadoop/hadoop-hdds-container-service/0.5.0-SNAPSHOT/hadoop-hdds-container-service-0.5.0-SNAPSHOT.jar!/webapps/static,AVAILABLE}
2019-09-25 07:33:54,520 [main] INFO  handler.ContextHandler (ContextHandler.java:doStart(781)) - Started o.e.j.w.WebAppContext@74ecacc3{/,file:///tmp/jetty-0.0.0.0-43478-hddsDatanode-_-any-3029288535326627374.dir/webapp/,AVAILABLE}{/hddsDatanode}
2019-09-25 07:33:54,521 [main] INFO  server.AbstractConnector (AbstractConnector.java:doStart(278)) - Started ServerConnector@517a2b0{HTTP/1.1,[http/1.1]}{0.0.0.0:43478}
2019-09-25 07:33:54,521 [main] INFO  server.Server (Server.java:doStart(419)) - Started @5757ms
2019-09-25 07:33:54,523 [main] WARN  impl.MetricsSystemImpl (MetricsSystemImpl.java:register(276)) - Sink prometheus already exists!
2019-09-25 07:33:54,524 [main] INFO  server.BaseHttpServer (BaseHttpServer.java:updateConnectorAddress(215)) - HTTP server of HDDSDATANODE is listening at http://0.0.0.0:43478
2019-09-25 07:33:54,524 [main] INFO  impl.MetricsSystemImpl (MetricsSystemImpl.java:init(158)) - HddsDatanode metrics system started (again)
2019-09-25 07:33:54,527 [main] INFO  ozone.HddsDatanodeService (HddsDatanodeService.java:start(184)) - HddsDatanodeService host:pr-hdds-1569-x2sr2-3486766547 ip:192.168.151.106
2019-09-25 07:33:54,527 [org.apache.hadoop.util.JvmPauseMonitor$Monitor@1f3e1d4] INFO  util.JvmPauseMonitor (JvmPauseMonitor.java:run(188)) - Starting JVM pause monitor
2019-09-25 07:33:54,531 [Datanode State Machine Thread - 0] INFO  datanode.InitDatanodeState (InitDatanodeState.java:persistContainerDatanodeDetails(140)) - DatanodeDetails is persisted to /workdir/hadoop-ozone/tools/target/test-dir/MiniOzoneClusterImpl-55ba2c16-82ef-4526-82fa-9313f8d95d3f/datanode-2/meta/datanode.id
2019-09-25 07:33:54,537 [main] INFO  volume.HddsVolume (HddsVolume.java:<init>(176)) - Creating Volume: /workdir/hadoop-ozone/tools/target/test-dir/MiniOzoneClusterImpl-55ba2c16-82ef-4526-82fa-9313f8d95d3f/datanode-3/data/containers/hdds of  storage type : DISK and capacity : 1482555576320
2019-09-25 07:33:54,537 [main] INFO  volume.VolumeSet (VolumeSet.java:initializeVolumeSet(170)) - Added Volume : /workdir/hadoop-ozone/tools/target/test-dir/MiniOzoneClusterImpl-55ba2c16-82ef-4526-82fa-9313f8d95d3f/datanode-3/data/containers/hdds to VolumeSet
2019-09-25 07:33:54,538 [main] INFO  volume.ThrottledAsyncChecker (ThrottledAsyncChecker.java:schedule(139)) - Scheduling a check for org.apache.hadoop.ozone.container.common.volume.HddsVolume@642f9a77
2019-09-25 07:33:54,538 [main] INFO  volume.HddsVolumeChecker (HddsVolumeChecker.java:checkAllVolumes(202)) - Scheduled health check for volume org.apache.hadoop.ozone.container.common.volume.HddsVolume@642f9a77
2019-09-25 07:33:54,552 [main] INFO  impl.RaftServerProxy (ConfUtils.java:logGet(43)) - raft.rpc.type = GRPC (default)
2019-09-25 07:33:54,552 [main] INFO  grpc.GrpcFactory (GrpcFactory.java:checkPooledByteBufAllocatorUseCacheForAllThreads(45)) - PERFORMANCE WARNING: useCacheForAllThreads is true that may cause Netty to create a lot garbage objects and, as a result, trigger GC.
	It is recommended to disable useCacheForAllThreads by setting -Dorg.apache.ratis.thirdparty.io.netty.allocator.useCacheForAllThreads=false in command line.
2019-09-25 07:33:54,552 [main] INFO  grpc.GrpcConfigKeys$Server (ConfUtils.java:logGet(43)) - raft.grpc.server.port = 0 (default)
2019-09-25 07:33:54,553 [main] INFO  server.GrpcService (ConfUtils.java:logGet(43)) - raft.grpc.message.size.max = 33570816 (custom)
2019-09-25 07:33:54,553 [main] INFO  server.RaftServerConfigKeys (ConfUtils.java:logGet(43)) - raft.server.log.appender.buffer.byte-limit = 33554432 (custom)
2019-09-25 07:33:54,553 [main] INFO  server.GrpcService (ConfUtils.java:logGet(43)) - raft.grpc.flow.control.window = 1MB (=1048576) (default)
2019-09-25 07:33:54,553 [main] INFO  server.RaftServerConfigKeys (ConfUtils.java:logGet(43)) - raft.server.rpc.request.timeout = 3000ms (default)
2019-09-25 07:33:54,554 [main] INFO  server.RaftServerConfigKeys (ConfUtils.java:logGet(43)) - raft.server.storage.dir = [/workdir/hadoop-ozone/tools/target/test-dir/MiniOzoneClusterImpl-55ba2c16-82ef-4526-82fa-9313f8d95d3f/datanode-3/data/ratis] (custom)
2019-09-25 07:33:54,556 [main] INFO  hdfs.DFSUtil (DFSUtil.java:httpServerTemplateForNNAndJN(1641)) - Starting Web-server for hddsDatanode at: http://0.0.0.0:0
2019-09-25 07:33:54,557 [main] INFO  server.AuthenticationFilter (AuthenticationFilter.java:constructSecretProvider(240)) - Unable to initialize FileSignerSecretProvider, falling back to use random secrets.
2019-09-25 07:33:54,557 [main] WARN  http.HttpRequestLog (HttpRequestLog.java:getRequestLog(97)) - Jetty request log can only be enabled using Log4j
2019-09-25 07:33:54,559 [main] INFO  http.HttpServer2 (HttpServer2.java:addGlobalFilter(975)) - Added global filter 'safety' (class=org.apache.hadoop.http.HttpServer2$QuotingInputFilter)
2019-09-25 07:33:54,559 [main] INFO  http.HttpServer2 (HttpServer2.java:addFilter(948)) - Added filter static_user_filter (class=org.apache.hadoop.http.lib.StaticUserWebFilter$StaticUserFilter) to context hddsDatanode
2019-09-25 07:33:54,559 [main] INFO  http.HttpServer2 (HttpServer2.java:addFilter(958)) - Added filter static_user_filter (class=org.apache.hadoop.http.lib.StaticUserWebFilter$StaticUserFilter) to context logs
2019-09-25 07:33:54,559 [main] INFO  http.HttpServer2 (HttpServer2.java:addFilter(958)) - Added filter static_user_filter (class=org.apache.hadoop.http.lib.StaticUserWebFilter$StaticUserFilter) to context static
2019-09-25 07:33:54,560 [main] INFO  http.HttpServer2 (HttpServer2.java:bindListener(1191)) - Jetty bound to port 34885
2019-09-25 07:33:54,560 [main] INFO  server.Server (Server.java:doStart(351)) - jetty-9.3.25.v20180904, build timestamp: 2018-09-04T21:11:46Z, git hash: 3ce520221d0240229c862b122d2b06c12a625732
2019-09-25 07:33:54,564 [main] INFO  handler.ContextHandler (ContextHandler.java:doStart(781)) - Started o.e.j.s.ServletContextHandler@181b8c4b{/logs,file:///workdir/hadoop-ozone/tools/target/log,AVAILABLE}
2019-09-25 07:33:54,564 [main] INFO  handler.ContextHandler (ContextHandler.java:doStart(781)) - Started o.e.j.s.ServletContextHandler@437486cd{/static,jar:file:/home/user/.m2/repository/org/apache/hadoop/hadoop-hdds-container-service/0.5.0-SNAPSHOT/hadoop-hdds-container-service-0.5.0-SNAPSHOT.jar!/webapps/static,AVAILABLE}
2019-09-25 07:33:54,592 [main] INFO  handler.ContextHandler (ContextHandler.java:doStart(781)) - Started o.e.j.w.WebAppContext@77a074b4{/,file:///tmp/jetty-0.0.0.0-34885-hddsDatanode-_-any-1311584359200913986.dir/webapp/,AVAILABLE}{/hddsDatanode}
2019-09-25 07:33:54,592 [main] INFO  server.AbstractConnector (AbstractConnector.java:doStart(278)) - Started ServerConnector@333c8791{HTTP/1.1,[http/1.1]}{0.0.0.0:34885}
2019-09-25 07:33:54,593 [main] INFO  server.Server (Server.java:doStart(419)) - Started @5828ms
2019-09-25 07:33:54,593 [main] WARN  impl.MetricsSystemImpl (MetricsSystemImpl.java:register(276)) - Sink prometheus already exists!
2019-09-25 07:33:54,594 [main] INFO  server.BaseHttpServer (BaseHttpServer.java:updateConnectorAddress(215)) - HTTP server of HDDSDATANODE is listening at http://0.0.0.0:34885
2019-09-25 07:33:54,594 [main] INFO  impl.MetricsSystemImpl (MetricsSystemImpl.java:init(158)) - HddsDatanode metrics system started (again)
2019-09-25 07:33:54,597 [main] INFO  ozone.HddsDatanodeService (HddsDatanodeService.java:start(184)) - HddsDatanodeService host:pr-hdds-1569-x2sr2-3486766547 ip:192.168.151.106
2019-09-25 07:33:54,598 [org.apache.hadoop.util.JvmPauseMonitor$Monitor@10d6a1b2] INFO  util.JvmPauseMonitor (JvmPauseMonitor.java:run(188)) - Starting JVM pause monitor
2019-09-25 07:33:54,602 [Datanode State Machine Thread - 0] INFO  datanode.InitDatanodeState (InitDatanodeState.java:persistContainerDatanodeDetails(140)) - DatanodeDetails is persisted to /workdir/hadoop-ozone/tools/target/test-dir/MiniOzoneClusterImpl-55ba2c16-82ef-4526-82fa-9313f8d95d3f/datanode-3/meta/datanode.id
2019-09-25 07:33:54,605 [main] INFO  volume.HddsVolume (HddsVolume.java:<init>(176)) - Creating Volume: /workdir/hadoop-ozone/tools/target/test-dir/MiniOzoneClusterImpl-55ba2c16-82ef-4526-82fa-9313f8d95d3f/datanode-4/data/containers/hdds of  storage type : DISK and capacity : 1482555576320
2019-09-25 07:33:54,605 [main] INFO  volume.VolumeSet (VolumeSet.java:initializeVolumeSet(170)) - Added Volume : /workdir/hadoop-ozone/tools/target/test-dir/MiniOzoneClusterImpl-55ba2c16-82ef-4526-82fa-9313f8d95d3f/datanode-4/data/containers/hdds to VolumeSet
2019-09-25 07:33:54,605 [main] INFO  volume.ThrottledAsyncChecker (ThrottledAsyncChecker.java:schedule(139)) - Scheduling a check for org.apache.hadoop.ozone.container.common.volume.HddsVolume@671d1157
2019-09-25 07:33:54,606 [main] INFO  volume.HddsVolumeChecker (HddsVolumeChecker.java:checkAllVolumes(202)) - Scheduled health check for volume org.apache.hadoop.ozone.container.common.volume.HddsVolume@671d1157
2019-09-25 07:33:54,620 [main] INFO  impl.RaftServerProxy (ConfUtils.java:logGet(43)) - raft.rpc.type = GRPC (default)
2019-09-25 07:33:54,620 [main] INFO  grpc.GrpcFactory (GrpcFactory.java:checkPooledByteBufAllocatorUseCacheForAllThreads(45)) - PERFORMANCE WARNING: useCacheForAllThreads is true that may cause Netty to create a lot garbage objects and, as a result, trigger GC.
	It is recommended to disable useCacheForAllThreads by setting -Dorg.apache.ratis.thirdparty.io.netty.allocator.useCacheForAllThreads=false in command line.
2019-09-25 07:33:54,620 [main] INFO  grpc.GrpcConfigKeys$Server (ConfUtils.java:logGet(43)) - raft.grpc.server.port = 0 (default)
2019-09-25 07:33:54,621 [main] INFO  server.GrpcService (ConfUtils.java:logGet(43)) - raft.grpc.message.size.max = 33570816 (custom)
2019-09-25 07:33:54,621 [main] INFO  server.RaftServerConfigKeys (ConfUtils.java:logGet(43)) - raft.server.log.appender.buffer.byte-limit = 33554432 (custom)
2019-09-25 07:33:54,621 [main] INFO  server.GrpcService (ConfUtils.java:logGet(43)) - raft.grpc.flow.control.window = 1MB (=1048576) (default)
2019-09-25 07:33:54,621 [main] INFO  server.RaftServerConfigKeys (ConfUtils.java:logGet(43)) - raft.server.rpc.request.timeout = 3000ms (default)
2019-09-25 07:33:54,622 [main] INFO  server.RaftServerConfigKeys (ConfUtils.java:logGet(43)) - raft.server.storage.dir = [/workdir/hadoop-ozone/tools/target/test-dir/MiniOzoneClusterImpl-55ba2c16-82ef-4526-82fa-9313f8d95d3f/datanode-4/data/ratis] (custom)
2019-09-25 07:33:54,623 [main] INFO  hdfs.DFSUtil (DFSUtil.java:httpServerTemplateForNNAndJN(1641)) - Starting Web-server for hddsDatanode at: http://0.0.0.0:0
2019-09-25 07:33:54,624 [main] INFO  server.AuthenticationFilter (AuthenticationFilter.java:constructSecretProvider(240)) - Unable to initialize FileSignerSecretProvider, falling back to use random secrets.
2019-09-25 07:33:54,625 [main] WARN  http.HttpRequestLog (HttpRequestLog.java:getRequestLog(97)) - Jetty request log can only be enabled using Log4j
2019-09-25 07:33:54,626 [main] INFO  http.HttpServer2 (HttpServer2.java:addGlobalFilter(975)) - Added global filter 'safety' (class=org.apache.hadoop.http.HttpServer2$QuotingInputFilter)
2019-09-25 07:33:54,627 [main] INFO  http.HttpServer2 (HttpServer2.java:addFilter(948)) - Added filter static_user_filter (class=org.apache.hadoop.http.lib.StaticUserWebFilter$StaticUserFilter) to context hddsDatanode
2019-09-25 07:33:54,627 [main] INFO  http.HttpServer2 (HttpServer2.java:addFilter(958)) - Added filter static_user_filter (class=org.apache.hadoop.http.lib.StaticUserWebFilter$StaticUserFilter) to context logs
2019-09-25 07:33:54,627 [main] INFO  http.HttpServer2 (HttpServer2.java:addFilter(958)) - Added filter static_user_filter (class=org.apache.hadoop.http.lib.StaticUserWebFilter$StaticUserFilter) to context static
2019-09-25 07:33:54,628 [main] INFO  http.HttpServer2 (HttpServer2.java:bindListener(1191)) - Jetty bound to port 32851
2019-09-25 07:33:54,628 [main] INFO  server.Server (Server.java:doStart(351)) - jetty-9.3.25.v20180904, build timestamp: 2018-09-04T21:11:46Z, git hash: 3ce520221d0240229c862b122d2b06c12a625732
2019-09-25 07:33:54,632 [main] INFO  handler.ContextHandler (ContextHandler.java:doStart(781)) - Started o.e.j.s.ServletContextHandler@4c58255{/logs,file:///workdir/hadoop-ozone/tools/target/log,AVAILABLE}
2019-09-25 07:33:54,633 [main] INFO  handler.ContextHandler (ContextHandler.java:doStart(781)) - Started o.e.j.s.ServletContextHandler@10b1a751{/static,jar:file:/home/user/.m2/repository/org/apache/hadoop/hadoop-hdds-container-service/0.5.0-SNAPSHOT/hadoop-hdds-container-service-0.5.0-SNAPSHOT.jar!/webapps/static,AVAILABLE}
2019-09-25 07:33:54,680 [main] INFO  handler.ContextHandler (ContextHandler.java:doStart(781)) - Started o.e.j.w.WebAppContext@4596f8f3{/,file:///tmp/jetty-0.0.0.0-32851-hddsDatanode-_-any-669179857429395524.dir/webapp/,AVAILABLE}{/hddsDatanode}
2019-09-25 07:33:54,681 [main] INFO  server.AbstractConnector (AbstractConnector.java:doStart(278)) - Started ServerConnector@ccf91df{HTTP/1.1,[http/1.1]}{0.0.0.0:32851}
2019-09-25 07:33:54,682 [main] INFO  server.Server (Server.java:doStart(419)) - Started @5917ms
2019-09-25 07:33:54,682 [main] WARN  impl.MetricsSystemImpl (MetricsSystemImpl.java:register(276)) - Sink prometheus already exists!
2019-09-25 07:33:54,683 [main] INFO  server.BaseHttpServer (BaseHttpServer.java:updateConnectorAddress(215)) - HTTP server of HDDSDATANODE is listening at http://0.0.0.0:32851
2019-09-25 07:33:54,686 [main] INFO  ozone.MiniOzoneClusterImpl (MiniOzoneClusterImpl.java:lambda$waitForClusterToBeReady$0(147)) - Waiting for cluster to be ready. Got 0 of 5 DN Heartbeats.
2019-09-25 07:33:54,687 [org.apache.hadoop.util.JvmPauseMonitor$Monitor@7500dfa9] INFO  util.JvmPauseMonitor (JvmPauseMonitor.java:run(188)) - Starting JVM pause monitor
2019-09-25 07:33:54,691 [Datanode State Machine Thread - 0] INFO  datanode.InitDatanodeState (InitDatanodeState.java:persistContainerDatanodeDetails(140)) - DatanodeDetails is persisted to /workdir/hadoop-ozone/tools/target/test-dir/MiniOzoneClusterImpl-55ba2c16-82ef-4526-82fa-9313f8d95d3f/datanode-4/meta/datanode.id
2019-09-25 07:33:55,687 [main] INFO  ozone.MiniOzoneClusterImpl (MiniOzoneClusterImpl.java:lambda$waitForClusterToBeReady$0(147)) - Waiting for cluster to be ready. Got 0 of 5 DN Heartbeats.
2019-09-25 07:33:56,416 [Datanode State Machine Thread - 0] INFO  ozoneimpl.OzoneContainer (OzoneContainer.java:start(217)) - Attempting to start container services.
2019-09-25 07:33:56,419 [Datanode State Machine Thread - 0] INFO  ozoneimpl.OzoneContainer (OzoneContainer.java:startContainerScrub(179)) - Background container scanner has been disabled.
2019-09-25 07:33:56,419 [Datanode State Machine Thread - 0] INFO  ratis.XceiverServerRatis (XceiverServerRatis.java:start(411)) - Starting XceiverServerRatis bdcda101-49b0-4c87-b510-4eac276b6602 at port 0
2019-09-25 07:33:56,447 [Datanode State Machine Thread - 0] INFO  impl.RaftServerProxy (RaftServerProxy.java:lambda$start$3(299)) - bdcda101-49b0-4c87-b510-4eac276b6602: start RPC server
2019-09-25 07:33:56,479 [Datanode State Machine Thread - 0] INFO  ozoneimpl.OzoneContainer (OzoneContainer.java:start(217)) - Attempting to start container services.
2019-09-25 07:33:56,486 [Datanode State Machine Thread - 0] INFO  ozoneimpl.OzoneContainer (OzoneContainer.java:startContainerScrub(179)) - Background container scanner has been disabled.
2019-09-25 07:33:56,487 [Datanode State Machine Thread - 0] INFO  ratis.XceiverServerRatis (XceiverServerRatis.java:start(411)) - Starting XceiverServerRatis 9659e150-6db8-46c9-9754-45a2163a8a7f at port 0
2019-09-25 07:33:56,497 [Datanode State Machine Thread - 0] INFO  impl.RaftServerProxy (RaftServerProxy.java:lambda$start$3(299)) - 9659e150-6db8-46c9-9754-45a2163a8a7f: start RPC server
2019-09-25 07:33:56,557 [Datanode State Machine Thread - 0] INFO  ozoneimpl.OzoneContainer (OzoneContainer.java:start(217)) - Attempting to start container services.
2019-09-25 07:33:56,559 [Datanode State Machine Thread - 0] INFO  ozoneimpl.OzoneContainer (OzoneContainer.java:startContainerScrub(179)) - Background container scanner has been disabled.
2019-09-25 07:33:56,560 [Datanode State Machine Thread - 0] INFO  ratis.XceiverServerRatis (XceiverServerRatis.java:start(411)) - Starting XceiverServerRatis df3fee13-edb1-4245-be34-bb4c7d942b62 at port 0
2019-09-25 07:33:56,569 [Datanode State Machine Thread - 0] INFO  impl.RaftServerProxy (RaftServerProxy.java:lambda$start$3(299)) - df3fee13-edb1-4245-be34-bb4c7d942b62: start RPC server
2019-09-25 07:33:56,612 [Datanode State Machine Thread - 0] INFO  server.GrpcService (GrpcService.java:startImpl(158)) - df3fee13-edb1-4245-be34-bb4c7d942b62: GrpcService started, listening on 0.0.0.0/0.0.0.0:43278
2019-09-25 07:33:56,612 [Datanode State Machine Thread - 0] INFO  server.GrpcService (GrpcService.java:startImpl(158)) - 9659e150-6db8-46c9-9754-45a2163a8a7f: GrpcService started, listening on 0.0.0.0/0.0.0.0:44942
2019-09-25 07:33:56,612 [Datanode State Machine Thread - 0] INFO  server.GrpcService (GrpcService.java:startImpl(158)) - bdcda101-49b0-4c87-b510-4eac276b6602: GrpcService started, listening on 0.0.0.0/0.0.0.0:38523
2019-09-25 07:33:56,613 [Datanode State Machine Thread - 0] INFO  ratis.XceiverServerRatis (XceiverServerRatis.java:start(421)) - XceiverServerRatis 9659e150-6db8-46c9-9754-45a2163a8a7f is started using port 44942
2019-09-25 07:33:56,613 [Datanode State Machine Thread - 0] INFO  ratis.XceiverServerRatis (XceiverServerRatis.java:start(421)) - XceiverServerRatis df3fee13-edb1-4245-be34-bb4c7d942b62 is started using port 43278
2019-09-25 07:33:56,614 [Datanode State Machine Thread - 0] INFO  ratis.XceiverServerRatis (XceiverServerRatis.java:start(421)) - XceiverServerRatis bdcda101-49b0-4c87-b510-4eac276b6602 is started using port 38523
2019-09-25 07:33:56,623 [Datanode State Machine Thread - 0] INFO  server.XceiverServerGrpc (XceiverServerGrpc.java:start(149)) - XceiverServerGrpc df3fee13-edb1-4245-be34-bb4c7d942b62 is started using port 33305
2019-09-25 07:33:56,623 [Datanode State Machine Thread - 0] INFO  server.XceiverServerGrpc (XceiverServerGrpc.java:start(149)) - XceiverServerGrpc bdcda101-49b0-4c87-b510-4eac276b6602 is started using port 33948
2019-09-25 07:33:56,623 [Datanode State Machine Thread - 0] INFO  server.XceiverServerGrpc (XceiverServerGrpc.java:start(149)) - XceiverServerGrpc 9659e150-6db8-46c9-9754-45a2163a8a7f is started using port 40783
2019-09-25 07:33:56,628 [Datanode State Machine Thread - 0] INFO  ozoneimpl.OzoneContainer (OzoneContainer.java:start(217)) - Attempting to start container services.
2019-09-25 07:33:56,631 [Datanode State Machine Thread - 0] INFO  ozoneimpl.OzoneContainer (OzoneContainer.java:startContainerScrub(179)) - Background container scanner has been disabled.
2019-09-25 07:33:56,631 [Datanode State Machine Thread - 0] INFO  ratis.XceiverServerRatis (XceiverServerRatis.java:start(411)) - Starting XceiverServerRatis 0441a7da-a434-40f3-b826-f1d73a75434f at port 0
2019-09-25 07:33:56,647 [Datanode State Machine Thread - 0] INFO  impl.RaftServerProxy (RaftServerProxy.java:lambda$start$3(299)) - 0441a7da-a434-40f3-b826-f1d73a75434f: start RPC server
2019-09-25 07:33:56,651 [Datanode State Machine Thread - 0] INFO  server.GrpcService (GrpcService.java:startImpl(158)) - 0441a7da-a434-40f3-b826-f1d73a75434f: GrpcService started, listening on 0.0.0.0/0.0.0.0:42590
2019-09-25 07:33:56,651 [Datanode State Machine Thread - 0] INFO  ratis.XceiverServerRatis (XceiverServerRatis.java:start(421)) - XceiverServerRatis 0441a7da-a434-40f3-b826-f1d73a75434f is started using port 42590
2019-09-25 07:33:56,654 [Datanode State Machine Thread - 0] INFO  server.XceiverServerGrpc (XceiverServerGrpc.java:start(149)) - XceiverServerGrpc 0441a7da-a434-40f3-b826-f1d73a75434f is started using port 40831
2019-09-25 07:33:56,689 [main] INFO  ozone.MiniOzoneClusterImpl (MiniOzoneClusterImpl.java:lambda$waitForClusterToBeReady$0(147)) - Waiting for cluster to be ready. Got 0 of 5 DN Heartbeats.
2019-09-25 07:33:56,739 [Datanode State Machine Thread - 0] INFO  ozoneimpl.OzoneContainer (OzoneContainer.java:start(217)) - Attempting to start container services.
2019-09-25 07:33:56,745 [Datanode State Machine Thread - 0] INFO  ozoneimpl.OzoneContainer (OzoneContainer.java:startContainerScrub(179)) - Background container scanner has been disabled.
2019-09-25 07:33:56,746 [Datanode State Machine Thread - 0] INFO  ratis.XceiverServerRatis (XceiverServerRatis.java:start(411)) - Starting XceiverServerRatis 8005d4cb-4fe5-4e19-8530-60982edf3c3e at port 0
2019-09-25 07:33:56,757 [Datanode State Machine Thread - 0] INFO  impl.RaftServerProxy (RaftServerProxy.java:lambda$start$3(299)) - 8005d4cb-4fe5-4e19-8530-60982edf3c3e: start RPC server
2019-09-25 07:33:56,761 [Datanode State Machine Thread - 0] INFO  server.GrpcService (GrpcService.java:startImpl(158)) - 8005d4cb-4fe5-4e19-8530-60982edf3c3e: GrpcService started, listening on 0.0.0.0/0.0.0.0:45181
2019-09-25 07:33:56,761 [Datanode State Machine Thread - 0] INFO  ratis.XceiverServerRatis (XceiverServerRatis.java:start(421)) - XceiverServerRatis 8005d4cb-4fe5-4e19-8530-60982edf3c3e is started using port 45181
2019-09-25 07:33:56,765 [Datanode State Machine Thread - 0] INFO  server.XceiverServerGrpc (XceiverServerGrpc.java:start(149)) - XceiverServerGrpc 8005d4cb-4fe5-4e19-8530-60982edf3c3e is started using port 46774
2019-09-25 07:33:57,690 [main] INFO  ozone.MiniOzoneClusterImpl (MiniOzoneClusterImpl.java:lambda$waitForClusterToBeReady$0(147)) - Waiting for cluster to be ready. Got 0 of 5 DN Heartbeats.
2019-09-25 07:33:58,398 [IPC Server handler 19 on 35054] INFO  net.NetworkTopology (NetworkTopologyImpl.java:add(111)) - Added a new node: /default-rack/bdcda101-49b0-4c87-b510-4eac276b6602
2019-09-25 07:33:58,399 [IPC Server handler 19 on 35054] INFO  node.SCMNodeManager (SCMNodeManager.java:register(266)) - Registered Data node : bdcda101-49b0-4c87-b510-4eac276b6602{ip: 192.168.151.106, host: pr-hdds-1569-x2sr2-3486766547, networkLocation: /default-rack, certSerialId: null}
2019-09-25 07:33:58,405 [EventQueue-NodeRegistrationContainerReportForDataNodeSafeModeRule] INFO  safemode.SCMSafeModeManager (DataNodeSafeModeRule.java:process(71)) - SCM in safe mode. 1 DataNodes registered, 1 required.
2019-09-25 07:33:58,405 [EventQueue-NodeRegistrationContainerReportForDataNodeSafeModeRule] INFO  safemode.SCMSafeModeManager (SCMSafeModeManager.java:validateSafeModeExitRules(177)) - ScmSafeModeManager, all rules are successfully validated
2019-09-25 07:33:58,405 [EventQueue-NodeRegistrationContainerReportForDataNodeSafeModeRule] INFO  safemode.SCMSafeModeManager (SCMSafeModeManager.java:exitSafeMode(193)) - SCM exiting safe mode.
2019-09-25 07:33:58,453 [IPC Server handler 15 on 35054] INFO  net.NetworkTopology (NetworkTopologyImpl.java:add(111)) - Added a new node: /default-rack/9659e150-6db8-46c9-9754-45a2163a8a7f
2019-09-25 07:33:58,453 [IPC Server handler 15 on 35054] INFO  node.SCMNodeManager (SCMNodeManager.java:register(266)) - Registered Data node : 9659e150-6db8-46c9-9754-45a2163a8a7f{ip: 192.168.151.106, host: pr-hdds-1569-x2sr2-3486766547, networkLocation: /default-rack, certSerialId: null}
2019-09-25 07:33:58,530 [IPC Server handler 5 on 35054] INFO  net.NetworkTopology (NetworkTopologyImpl.java:add(111)) - Added a new node: /default-rack/df3fee13-edb1-4245-be34-bb4c7d942b62
2019-09-25 07:33:58,531 [IPC Server handler 5 on 35054] INFO  node.SCMNodeManager (SCMNodeManager.java:register(266)) - Registered Data node : df3fee13-edb1-4245-be34-bb4c7d942b62{ip: 192.168.151.106, host: pr-hdds-1569-x2sr2-3486766547, networkLocation: /default-rack, certSerialId: null}
2019-09-25 07:33:58,601 [IPC Server handler 3 on 35054] INFO  net.NetworkTopology (NetworkTopologyImpl.java:add(111)) - Added a new node: /default-rack/0441a7da-a434-40f3-b826-f1d73a75434f
2019-09-25 07:33:58,602 [IPC Server handler 3 on 35054] INFO  node.SCMNodeManager (SCMNodeManager.java:register(266)) - Registered Data node : 0441a7da-a434-40f3-b826-f1d73a75434f{ip: 192.168.151.106, host: pr-hdds-1569-x2sr2-3486766547, networkLocation: /default-rack, certSerialId: null}
2019-09-25 07:33:58,690 [main] INFO  ozone.MiniOzoneClusterImpl (MiniOzoneClusterImpl.java:lambda$waitForClusterToBeReady$0(147)) - Waiting for cluster to be ready. Got 4 of 5 DN Heartbeats.
2019-09-25 07:33:58,691 [IPC Server handler 19 on 35054] INFO  net.NetworkTopology (NetworkTopologyImpl.java:add(111)) - Added a new node: /default-rack/8005d4cb-4fe5-4e19-8530-60982edf3c3e
2019-09-25 07:33:58,692 [IPC Server handler 19 on 35054] INFO  node.SCMNodeManager (SCMNodeManager.java:register(266)) - Registered Data node : 8005d4cb-4fe5-4e19-8530-60982edf3c3e{ip: 192.168.151.106, host: pr-hdds-1569-x2sr2-3486766547, networkLocation: /default-rack, certSerialId: null}
2019-09-25 07:33:58,945 [grpc-default-executor-0] INFO  impl.RaftServerProxy (RaftServerProxy.java:addNew(89)) - bdcda101-49b0-4c87-b510-4eac276b6602: addNew group-5CB065D57730:[bdcda101-49b0-4c87-b510-4eac276b6602:192.168.151.106:38523] returns group-5CB065D57730:java.util.concurrent.CompletableFuture@3cde1ca0[Not completed]
2019-09-25 07:33:58,968 [pool-27-thread-1] INFO  impl.RaftServerImpl (RaftServerImpl.java:<init>(95)) - bdcda101-49b0-4c87-b510-4eac276b6602: new RaftServerImpl for group-5CB065D57730:[bdcda101-49b0-4c87-b510-4eac276b6602:192.168.151.106:38523] with ContainerStateMachine:uninitialized
2019-09-25 07:33:58,970 [pool-27-thread-1] INFO  server.RaftServerConfigKeys (ConfUtils.java:logGet(43)) - raft.server.rpc.timeout.min = 5s (custom)
2019-09-25 07:33:58,971 [pool-27-thread-1] INFO  server.RaftServerConfigKeys (ConfUtils.java:logGet(43)) - raft.server.rpc.timeout.max = 5200ms (custom)
2019-09-25 07:33:58,972 [pool-27-thread-1] INFO  server.RaftServerConfigKeys (ConfUtils.java:logGet(43)) - raft.server.rpcslowness.timeout = 120s (custom)
2019-09-25 07:33:58,973 [pool-27-thread-1] INFO  server.RaftServerConfigKeys (ConfUtils.java:logGet(43)) - raft.server.sleep.deviation.threshold = 300 (default)
2019-09-25 07:33:58,974 [pool-27-thread-1] INFO  server.RaftServerConfigKeys (ConfUtils.java:logGet(43)) - raft.server.log.appender.install.snapshot.enabled = false (custom)
2019-09-25 07:33:58,984 [pool-27-thread-1] INFO  impl.RaftServerImpl (ServerState.java:<init>(103)) - bdcda101-49b0-4c87-b510-4eac276b6602@group-5CB065D57730: ConfigurationManager, init=-1: [bdcda101-49b0-4c87-b510-4eac276b6602:192.168.151.106:38523], old=null, confs=<EMPTY_MAP>
2019-09-25 07:33:58,984 [pool-27-thread-1] INFO  server.RaftServerConfigKeys (ConfUtils.java:logGet(43)) - raft.server.storage.dir = [/workdir/hadoop-ozone/tools/target/test-dir/MiniOzoneClusterImpl-55ba2c16-82ef-4526-82fa-9313f8d95d3f/datanode-0/data/ratis] (custom)
2019-09-25 07:33:58,993 [pool-27-thread-1] INFO  storage.RaftStorageDirectory (RaftStorageDirectory.java:analyzeStorage(246)) - The storage directory /workdir/hadoop-ozone/tools/target/test-dir/MiniOzoneClusterImpl-55ba2c16-82ef-4526-82fa-9313f8d95d3f/datanode-0/data/ratis/27fe0e97-31ca-40fc-8d6e-5cb065d57730 does not exist. Creating ...
2019-09-25 07:33:59,023 [pool-27-thread-1] INFO  storage.RaftStorageDirectory (RaftStorageDirectory.java:tryLock(328)) - Lock on /workdir/hadoop-ozone/tools/target/test-dir/MiniOzoneClusterImpl-55ba2c16-82ef-4526-82fa-9313f8d95d3f/datanode-0/data/ratis/27fe0e97-31ca-40fc-8d6e-5cb065d57730/in_use.lock acquired by nodename 26202@pr-hdds-1569-x2sr2-3486766547
2019-09-25 07:33:59,039 [pool-27-thread-1] INFO  storage.RaftStorage (RaftStorage.java:format(72)) - Storage directory /workdir/hadoop-ozone/tools/target/test-dir/MiniOzoneClusterImpl-55ba2c16-82ef-4526-82fa-9313f8d95d3f/datanode-0/data/ratis/27fe0e97-31ca-40fc-8d6e-5cb065d57730 has been successfully formatted.
2019-09-25 07:33:59,042 [pool-27-thread-1] INFO  ratis.ContainerStateMachine (ContainerStateMachine.java:loadSnapshot(230)) - group-5CB065D57730: The snapshot info is null. Setting the last applied indexto:(t:0, i:~)
2019-09-25 07:33:59,043 [pool-27-thread-1] INFO  server.RaftServerConfigKeys (ConfUtils.java:logGet(43)) - raft.server.notification.no-leader.timeout = 120s (custom)
2019-09-25 07:33:59,045 [pool-27-thread-1] INFO  server.RaftServerConfigKeys (ConfUtils.java:logGet(43)) - raft.server.log.use.memory = false (default)
2019-09-25 07:33:59,055 [pool-27-thread-1] INFO  server.RaftServerConfigKeys (ConfUtils.java:logGet(43)) - raft.server.log.purge.gap = 1000000 (custom)
2019-09-25 07:33:59,055 [pool-27-thread-1] INFO  server.RaftServerConfigKeys (ConfUtils.java:logGet(43)) - raft.server.log.appender.buffer.byte-limit = 33554432 (custom)
2019-09-25 07:33:59,059 [pool-27-thread-1] INFO  server.RaftServerConfigKeys (ConfUtils.java:logGet(43)) - raft.server.log.segment.size.max = 1048576 (custom)
2019-09-25 07:33:59,067 [pool-27-thread-1] INFO  server.RaftServerConfigKeys (ConfUtils.java:logGet(43)) - raft.server.log.segment.cache.num.max = 2 (custom)
2019-09-25 07:33:59,075 [pool-27-thread-1] INFO  segmented.SegmentedRaftLogWorker (SegmentedRaftLogWorker.java:<init>(172)) - new bdcda101-49b0-4c87-b510-4eac276b6602@group-5CB065D57730-SegmentedRaftLogWorker for RaftStorage:Storage Directory /workdir/hadoop-ozone/tools/target/test-dir/MiniOzoneClusterImpl-55ba2c16-82ef-4526-82fa-9313f8d95d3f/datanode-0/data/ratis/27fe0e97-31ca-40fc-8d6e-5cb065d57730
2019-09-25 07:33:59,077 [pool-27-thread-1] INFO  impl.MetricsSystemImpl (MetricsSystemImpl.java:init(158)) - ratis metrics system started (again)
2019-09-25 07:33:59,084 [pool-27-thread-1] INFO  metrics.MetricRegistries (MetricRegistriesLoader.java:load(64)) - Loaded MetricRegistries class org.apache.ratis.metrics.impl.MetricRegistriesImpl
2019-09-25 07:33:59,118 [pool-27-thread-1] INFO  server.RaftServerConfigKeys (ConfUtils.java:logGet(43)) - raft.server.log.queue.byte-limit = 2147483647 (custom)
2019-09-25 07:33:59,118 [pool-27-thread-1] INFO  server.RaftServerConfigKeys (ConfUtils.java:logGet(43)) - raft.server.log.queue.element-limit = 1024 (custom)
2019-09-25 07:33:59,121 [pool-27-thread-1] INFO  server.RaftServerConfigKeys (ConfUtils.java:logGet(43)) - raft.server.log.segment.size.max = 1048576 (custom)
2019-09-25 07:33:59,122 [pool-27-thread-1] INFO  server.RaftServerConfigKeys (ConfUtils.java:logGet(43)) - raft.server.log.preallocated.size = 16384 (custom)
2019-09-25 07:33:59,122 [pool-27-thread-1] INFO  server.RaftServerConfigKeys (ConfUtils.java:logGet(43)) - raft.server.log.write.buffer.size = 33554432 (custom)
2019-09-25 07:33:59,123 [pool-27-thread-1] INFO  server.RaftServerConfigKeys (ConfUtils.java:logGet(43)) - raft.server.log.force.sync.num = 128 (default)
2019-09-25 07:33:59,123 [pool-27-thread-1] INFO  server.RaftServerConfigKeys (ConfUtils.java:logGet(43)) - raft.server.log.statemachine.data.sync = true (default)
2019-09-25 07:33:59,124 [pool-27-thread-1] INFO  server.RaftServerConfigKeys (ConfUtils.java:logGet(43)) - raft.server.log.statemachine.data.sync.timeout = 10s (default)
2019-09-25 07:33:59,124 [pool-27-thread-1] INFO  server.RaftServerConfigKeys (ConfUtils.java:logGet(43)) - raft.server.log.statemachine.data.sync.timeout.retry = -1 (default)
2019-09-25 07:33:59,134 [pool-27-thread-1] INFO  server.RaftServerConfigKeys (ConfUtils.java:logGet(43)) - raft.server.log.statemachine.data.caching.enabled = true (custom)
2019-09-25 07:33:59,138 [pool-27-thread-1] INFO  segmented.SegmentedRaftLogWorker (SegmentedRaftLogWorker.java:lambda$new$0(132)) - bdcda101-49b0-4c87-b510-4eac276b6602@group-5CB065D57730-SegmentedRaftLogWorker: flushIndex: setUnconditionally 0 -> -1
2019-09-25 07:33:59,142 [pool-27-thread-1] INFO  server.RaftServerConfigKeys (ConfUtils.java:logGet(43)) - raft.server.snapshot.auto.trigger.enabled = true (custom)
2019-09-25 07:33:59,142 [pool-27-thread-1] INFO  server.RaftServerConfigKeys (ConfUtils.java:logGet(43)) - raft.server.snapshot.auto.trigger.threshold = 10000 (custom)
2019-09-25 07:33:59,143 [pool-27-thread-1] INFO  server.RaftServerConfigKeys (ConfUtils.java:logGet(43)) - raft.server.snapshot.retention.num.files = 5 (custom)
2019-09-25 07:33:59,143 [pool-27-thread-1] INFO  server.RaftServerConfigKeys (ConfUtils.java:logGet(43)) - raft.server.retrycache.expirytime = 600000ms (custom)
2019-09-25 07:33:59,169 [pool-27-thread-1] INFO  impl.RaftServerImpl (RaftServerImpl.java:start(185)) - bdcda101-49b0-4c87-b510-4eac276b6602@group-5CB065D57730: start as a follower, conf=-1: [bdcda101-49b0-4c87-b510-4eac276b6602:192.168.151.106:38523], old=null
2019-09-25 07:33:59,170 [pool-27-thread-1] INFO  impl.RaftServerImpl (RaftServerImpl.java:setRole(174)) - bdcda101-49b0-4c87-b510-4eac276b6602@group-5CB065D57730: changes role from      null to FOLLOWER at term 0 for startAsFollower
2019-09-25 07:33:59,171 [pool-27-thread-1] INFO  impl.RoleInfo (RoleInfo.java:updateAndGet(143)) - bdcda101-49b0-4c87-b510-4eac276b6602: start FollowerState
2019-09-25 07:33:59,173 [pool-27-thread-1] INFO  util.JmxRegister (JmxRegister.java:tryRegister(44)) - Successfully registered JMX Bean with object name Ratis:service=RaftServer,group=group-5CB065D57730,id=bdcda101-49b0-4c87-b510-4eac276b6602
2019-09-25 07:33:59,249 [RatisPipelineUtilsThread] INFO  pipeline.PipelineStateManager (PipelineStateManager.java:addPipeline(56)) - Created pipeline Pipeline[ Id: 27fe0e97-31ca-40fc-8d6e-5cb065d57730, Nodes: bdcda101-49b0-4c87-b510-4eac276b6602{ip: 192.168.151.106, host: pr-hdds-1569-x2sr2-3486766547, networkLocation: /default-rack, certSerialId: null}, Type:RATIS, Factor:ONE, State:OPEN]
2019-09-25 07:33:59,271 [grpc-default-executor-0] INFO  impl.RaftServerProxy (RaftServerProxy.java:addNew(89)) - 8005d4cb-4fe5-4e19-8530-60982edf3c3e: addNew group-2B242B99C326:[8005d4cb-4fe5-4e19-8530-60982edf3c3e:192.168.151.106:45181] returns group-2B242B99C326:java.util.concurrent.CompletableFuture@325b884b[Not completed]
2019-09-25 07:33:59,305 [pool-67-thread-1] INFO  impl.RaftServerImpl (RaftServerImpl.java:<init>(95)) - 8005d4cb-4fe5-4e19-8530-60982edf3c3e: new RaftServerImpl for group-2B242B99C326:[8005d4cb-4fe5-4e19-8530-60982edf3c3e:192.168.151.106:45181] with ContainerStateMachine:uninitialized
2019-09-25 07:33:59,306 [pool-67-thread-1] INFO  server.RaftServerConfigKeys (ConfUtils.java:logGet(43)) - raft.server.rpc.timeout.min = 5s (custom)
2019-09-25 07:33:59,307 [pool-67-thread-1] INFO  server.RaftServerConfigKeys (ConfUtils.java:logGet(43)) - raft.server.rpc.timeout.max = 5200ms (custom)
2019-09-25 07:33:59,307 [pool-67-thread-1] INFO  server.RaftServerConfigKeys (ConfUtils.java:logGet(43)) - raft.server.rpcslowness.timeout = 120s (custom)
2019-09-25 07:33:59,307 [pool-67-thread-1] INFO  server.RaftServerConfigKeys (ConfUtils.java:logGet(43)) - raft.server.sleep.deviation.threshold = 300 (default)
2019-09-25 07:33:59,307 [pool-67-thread-1] INFO  server.RaftServerConfigKeys (ConfUtils.java:logGet(43)) - raft.server.log.appender.install.snapshot.enabled = false (custom)
2019-09-25 07:33:59,307 [pool-67-thread-1] INFO  impl.RaftServerImpl (ServerState.java:<init>(103)) - 8005d4cb-4fe5-4e19-8530-60982edf3c3e@group-2B242B99C326: ConfigurationManager, init=-1: [8005d4cb-4fe5-4e19-8530-60982edf3c3e:192.168.151.106:45181], old=null, confs=<EMPTY_MAP>
2019-09-25 07:33:59,307 [pool-67-thread-1] INFO  server.RaftServerConfigKeys (ConfUtils.java:logGet(43)) - raft.server.storage.dir = [/workdir/hadoop-ozone/tools/target/test-dir/MiniOzoneClusterImpl-55ba2c16-82ef-4526-82fa-9313f8d95d3f/datanode-4/data/ratis] (custom)
2019-09-25 07:33:59,308 [pool-67-thread-1] INFO  storage.RaftStorageDirectory (RaftStorageDirectory.java:analyzeStorage(246)) - The storage directory /workdir/hadoop-ozone/tools/target/test-dir/MiniOzoneClusterImpl-55ba2c16-82ef-4526-82fa-9313f8d95d3f/datanode-4/data/ratis/ded39851-1da2-4fcd-a67f-2b242b99c326 does not exist. Creating ...
2019-09-25 07:33:59,334 [pool-67-thread-1] INFO  storage.RaftStorageDirectory (RaftStorageDirectory.java:tryLock(328)) - Lock on /workdir/hadoop-ozone/tools/target/test-dir/MiniOzoneClusterImpl-55ba2c16-82ef-4526-82fa-9313f8d95d3f/datanode-4/data/ratis/ded39851-1da2-4fcd-a67f-2b242b99c326/in_use.lock acquired by nodename 26202@pr-hdds-1569-x2sr2-3486766547
2019-09-25 07:33:59,369 [pool-67-thread-1] INFO  storage.RaftStorage (RaftStorage.java:format(72)) - Storage directory /workdir/hadoop-ozone/tools/target/test-dir/MiniOzoneClusterImpl-55ba2c16-82ef-4526-82fa-9313f8d95d3f/datanode-4/data/ratis/ded39851-1da2-4fcd-a67f-2b242b99c326 has been successfully formatted.
2019-09-25 07:33:59,373 [pool-67-thread-1] INFO  ratis.ContainerStateMachine (ContainerStateMachine.java:loadSnapshot(230)) - group-2B242B99C326: The snapshot info is null. Setting the last applied indexto:(t:0, i:~)
2019-09-25 07:33:59,375 [pool-67-thread-1] INFO  server.RaftServerConfigKeys (ConfUtils.java:logGet(43)) - raft.server.notification.no-leader.timeout = 120s (custom)
2019-09-25 07:33:59,375 [pool-67-thread-1] INFO  server.RaftServerConfigKeys (ConfUtils.java:logGet(43)) - raft.server.log.use.memory = false (default)
2019-09-25 07:33:59,375 [pool-67-thread-1] INFO  server.RaftServerConfigKeys (ConfUtils.java:logGet(43)) - raft.server.log.purge.gap = 1000000 (custom)
2019-09-25 07:33:59,376 [pool-67-thread-1] INFO  server.RaftServerConfigKeys (ConfUtils.java:logGet(43)) - raft.server.log.appender.buffer.byte-limit = 33554432 (custom)
2019-09-25 07:33:59,376 [pool-67-thread-1] INFO  server.RaftServerConfigKeys (ConfUtils.java:logGet(43)) - raft.server.log.segment.size.max = 1048576 (custom)
2019-09-25 07:33:59,376 [pool-67-thread-1] INFO  server.RaftServerConfigKeys (ConfUtils.java:logGet(43)) - raft.server.log.segment.cache.num.max = 2 (custom)
2019-09-25 07:33:59,376 [pool-67-thread-1] INFO  segmented.SegmentedRaftLogWorker (SegmentedRaftLogWorker.java:<init>(172)) - new 8005d4cb-4fe5-4e19-8530-60982edf3c3e@group-2B242B99C326-SegmentedRaftLogWorker for RaftStorage:Storage Directory /workdir/hadoop-ozone/tools/target/test-dir/MiniOzoneClusterImpl-55ba2c16-82ef-4526-82fa-9313f8d95d3f/datanode-4/data/ratis/ded39851-1da2-4fcd-a67f-2b242b99c326
2019-09-25 07:33:59,384 [pool-67-thread-1] INFO  server.RaftServerConfigKeys (ConfUtils.java:logGet(43)) - raft.server.log.queue.byte-limit = 2147483647 (custom)
2019-09-25 07:33:59,384 [pool-67-thread-1] INFO  server.RaftServerConfigKeys (ConfUtils.java:logGet(43)) - raft.server.log.queue.element-limit = 1024 (custom)
2019-09-25 07:33:59,384 [pool-67-thread-1] INFO  server.RaftServerConfigKeys (ConfUtils.java:logGet(43)) - raft.server.log.segment.size.max = 1048576 (custom)
2019-09-25 07:33:59,385 [pool-67-thread-1] INFO  server.RaftServerConfigKeys (ConfUtils.java:logGet(43)) - raft.server.log.preallocated.size = 16384 (custom)
2019-09-25 07:33:59,385 [pool-67-thread-1] INFO  server.RaftServerConfigKeys (ConfUtils.java:logGet(43)) - raft.server.log.write.buffer.size = 33554432 (custom)
2019-09-25 07:33:59,385 [pool-67-thread-1] INFO  server.RaftServerConfigKeys (ConfUtils.java:logGet(43)) - raft.server.log.force.sync.num = 128 (default)
2019-09-25 07:33:59,385 [pool-67-thread-1] INFO  server.RaftServerConfigKeys (ConfUtils.java:logGet(43)) - raft.server.log.statemachine.data.sync = true (default)
2019-09-25 07:33:59,385 [pool-67-thread-1] INFO  server.RaftServerConfigKeys (ConfUtils.java:logGet(43)) - raft.server.log.statemachine.data.sync.timeout = 10s (default)
2019-09-25 07:33:59,385 [pool-67-thread-1] INFO  server.RaftServerConfigKeys (ConfUtils.java:logGet(43)) - raft.server.log.statemachine.data.sync.timeout.retry = -1 (default)
2019-09-25 07:33:59,386 [pool-67-thread-1] INFO  server.RaftServerConfigKeys (ConfUtils.java:logGet(43)) - raft.server.log.statemachine.data.caching.enabled = true (custom)
2019-09-25 07:33:59,386 [pool-67-thread-1] INFO  segmented.SegmentedRaftLogWorker (SegmentedRaftLogWorker.java:lambda$new$0(132)) - 8005d4cb-4fe5-4e19-8530-60982edf3c3e@group-2B242B99C326-SegmentedRaftLogWorker: flushIndex: setUnconditionally 0 -> -1
2019-09-25 07:33:59,387 [pool-67-thread-1] INFO  server.RaftServerConfigKeys (ConfUtils.java:logGet(43)) - raft.server.snapshot.auto.trigger.enabled = true (custom)
2019-09-25 07:33:59,387 [pool-67-thread-1] INFO  server.RaftServerConfigKeys (ConfUtils.java:logGet(43)) - raft.server.snapshot.auto.trigger.threshold = 10000 (custom)
2019-09-25 07:33:59,387 [pool-67-thread-1] INFO  server.RaftServerConfigKeys (ConfUtils.java:logGet(43)) - raft.server.snapshot.retention.num.files = 5 (custom)
2019-09-25 07:33:59,387 [pool-67-thread-1] INFO  server.RaftServerConfigKeys (ConfUtils.java:logGet(43)) - raft.server.retrycache.expirytime = 600000ms (custom)
2019-09-25 07:33:59,392 [pool-67-thread-1] INFO  impl.RaftServerImpl (RaftServerImpl.java:start(185)) - 8005d4cb-4fe5-4e19-8530-60982edf3c3e@group-2B242B99C326: start as a follower, conf=-1: [8005d4cb-4fe5-4e19-8530-60982edf3c3e:192.168.151.106:45181], old=null
2019-09-25 07:33:59,392 [pool-67-thread-1] INFO  impl.RaftServerImpl (RaftServerImpl.java:setRole(174)) - 8005d4cb-4fe5-4e19-8530-60982edf3c3e@group-2B242B99C326: changes role from      null to FOLLOWER at term 0 for startAsFollower
2019-09-25 07:33:59,393 [pool-67-thread-1] INFO  impl.RoleInfo (RoleInfo.java:updateAndGet(143)) - 8005d4cb-4fe5-4e19-8530-60982edf3c3e: start FollowerState
2019-09-25 07:33:59,394 [pool-67-thread-1] INFO  util.JmxRegister (JmxRegister.java:tryRegister(44)) - Successfully registered JMX Bean with object name Ratis:service=RaftServer,group=group-2B242B99C326,id=8005d4cb-4fe5-4e19-8530-60982edf3c3e
2019-09-25 07:33:59,415 [RatisPipelineUtilsThread] INFO  pipeline.PipelineStateManager (PipelineStateManager.java:addPipeline(56)) - Created pipeline Pipeline[ Id: ded39851-1da2-4fcd-a67f-2b242b99c326, Nodes: 8005d4cb-4fe5-4e19-8530-60982edf3c3e{ip: 192.168.151.106, host: pr-hdds-1569-x2sr2-3486766547, networkLocation: /default-rack, certSerialId: null}, Type:RATIS, Factor:ONE, State:OPEN]
2019-09-25 07:33:59,431 [grpc-default-executor-0] INFO  impl.RaftServerProxy (RaftServerProxy.java:addNew(89)) - bdcda101-49b0-4c87-b510-4eac276b6602: addNew group-0406FAB41504:[bdcda101-49b0-4c87-b510-4eac276b6602:192.168.151.106:38523] returns group-0406FAB41504:java.util.concurrent.CompletableFuture@6e974002[Not completed]
2019-09-25 07:33:59,451 [pool-27-thread-1] INFO  impl.RaftServerImpl (RaftServerImpl.java:<init>(95)) - bdcda101-49b0-4c87-b510-4eac276b6602: new RaftServerImpl for group-0406FAB41504:[bdcda101-49b0-4c87-b510-4eac276b6602:192.168.151.106:38523] with ContainerStateMachine:uninitialized
2019-09-25 07:33:59,451 [pool-27-thread-1] INFO  server.RaftServerConfigKeys (ConfUtils.java:logGet(43)) - raft.server.rpc.timeout.min = 5s (custom)
2019-09-25 07:33:59,452 [pool-27-thread-1] INFO  server.RaftServerConfigKeys (ConfUtils.java:logGet(43)) - raft.server.rpc.timeout.max = 5200ms (custom)
2019-09-25 07:33:59,452 [pool-27-thread-1] INFO  server.RaftServerConfigKeys (ConfUtils.java:logGet(43)) - raft.server.rpcslowness.timeout = 120s (custom)
2019-09-25 07:33:59,452 [pool-27-thread-1] INFO  server.RaftServerConfigKeys (ConfUtils.java:logGet(43)) - raft.server.sleep.deviation.threshold = 300 (default)
2019-09-25 07:33:59,452 [pool-27-thread-1] INFO  server.RaftServerConfigKeys (ConfUtils.java:logGet(43)) - raft.server.log.appender.install.snapshot.enabled = false (custom)
2019-09-25 07:33:59,452 [pool-27-thread-1] INFO  impl.RaftServerImpl (ServerState.java:<init>(103)) - bdcda101-49b0-4c87-b510-4eac276b6602@group-0406FAB41504: ConfigurationManager, init=-1: [bdcda101-49b0-4c87-b510-4eac276b6602:192.168.151.106:38523], old=null, confs=<EMPTY_MAP>
2019-09-25 07:33:59,453 [pool-27-thread-1] INFO  server.RaftServerConfigKeys (ConfUtils.java:logGet(43)) - raft.server.storage.dir = [/workdir/hadoop-ozone/tools/target/test-dir/MiniOzoneClusterImpl-55ba2c16-82ef-4526-82fa-9313f8d95d3f/datanode-0/data/ratis] (custom)
2019-09-25 07:33:59,453 [pool-27-thread-1] INFO  storage.RaftStorageDirectory (RaftStorageDirectory.java:analyzeStorage(246)) - The storage directory /workdir/hadoop-ozone/tools/target/test-dir/MiniOzoneClusterImpl-55ba2c16-82ef-4526-82fa-9313f8d95d3f/datanode-0/data/ratis/9a3c75e6-59d3-4066-9912-0406fab41504 does not exist. Creating ...
2019-09-25 07:33:59,474 [pool-27-thread-1] INFO  storage.RaftStorageDirectory (RaftStorageDirectory.java:tryLock(328)) - Lock on /workdir/hadoop-ozone/tools/target/test-dir/MiniOzoneClusterImpl-55ba2c16-82ef-4526-82fa-9313f8d95d3f/datanode-0/data/ratis/9a3c75e6-59d3-4066-9912-0406fab41504/in_use.lock acquired by nodename 26202@pr-hdds-1569-x2sr2-3486766547
2019-09-25 07:33:59,486 [pool-27-thread-1] INFO  storage.RaftStorage (RaftStorage.java:format(72)) - Storage directory /workdir/hadoop-ozone/tools/target/test-dir/MiniOzoneClusterImpl-55ba2c16-82ef-4526-82fa-9313f8d95d3f/datanode-0/data/ratis/9a3c75e6-59d3-4066-9912-0406fab41504 has been successfully formatted.
2019-09-25 07:33:59,486 [pool-27-thread-1] INFO  ratis.ContainerStateMachine (ContainerStateMachine.java:loadSnapshot(230)) - group-0406FAB41504: The snapshot info is null. Setting the last applied indexto:(t:0, i:~)
2019-09-25 07:33:59,486 [pool-27-thread-1] INFO  server.RaftServerConfigKeys (ConfUtils.java:logGet(43)) - raft.server.notification.no-leader.timeout = 120s (custom)
2019-09-25 07:33:59,486 [pool-27-thread-1] INFO  server.RaftServerConfigKeys (ConfUtils.java:logGet(43)) - raft.server.log.use.memory = false (default)
2019-09-25 07:33:59,487 [pool-27-thread-1] INFO  server.RaftServerConfigKeys (ConfUtils.java:logGet(43)) - raft.server.log.purge.gap = 1000000 (custom)
2019-09-25 07:33:59,487 [pool-27-thread-1] INFO  server.RaftServerConfigKeys (ConfUtils.java:logGet(43)) - raft.server.log.appender.buffer.byte-limit = 33554432 (custom)
2019-09-25 07:33:59,487 [pool-27-thread-1] INFO  server.RaftServerConfigKeys (ConfUtils.java:logGet(43)) - raft.server.log.segment.size.max = 1048576 (custom)
2019-09-25 07:33:59,487 [pool-27-thread-1] INFO  server.RaftServerConfigKeys (ConfUtils.java:logGet(43)) - raft.server.log.segment.cache.num.max = 2 (custom)
2019-09-25 07:33:59,488 [pool-27-thread-1] INFO  segmented.SegmentedRaftLogWorker (SegmentedRaftLogWorker.java:<init>(172)) - new bdcda101-49b0-4c87-b510-4eac276b6602@group-0406FAB41504-SegmentedRaftLogWorker for RaftStorage:Storage Directory /workdir/hadoop-ozone/tools/target/test-dir/MiniOzoneClusterImpl-55ba2c16-82ef-4526-82fa-9313f8d95d3f/datanode-0/data/ratis/9a3c75e6-59d3-4066-9912-0406fab41504
2019-09-25 07:33:59,488 [pool-27-thread-1] INFO  server.RaftServerConfigKeys (ConfUtils.java:logGet(43)) - raft.server.log.queue.byte-limit = 2147483647 (custom)
2019-09-25 07:33:59,488 [pool-27-thread-1] INFO  server.RaftServerConfigKeys (ConfUtils.java:logGet(43)) - raft.server.log.queue.element-limit = 1024 (custom)
2019-09-25 07:33:59,488 [pool-27-thread-1] INFO  server.RaftServerConfigKeys (ConfUtils.java:logGet(43)) - raft.server.log.segment.size.max = 1048576 (custom)
2019-09-25 07:33:59,488 [pool-27-thread-1] INFO  server.RaftServerConfigKeys (ConfUtils.java:logGet(43)) - raft.server.log.preallocated.size = 16384 (custom)
2019-09-25 07:33:59,489 [pool-27-thread-1] INFO  server.RaftServerConfigKeys (ConfUtils.java:logGet(43)) - raft.server.log.write.buffer.size = 33554432 (custom)
2019-09-25 07:33:59,489 [pool-27-thread-1] INFO  server.RaftServerConfigKeys (ConfUtils.java:logGet(43)) - raft.server.log.force.sync.num = 128 (default)
2019-09-25 07:33:59,489 [pool-27-thread-1] INFO  server.RaftServerConfigKeys (ConfUtils.java:logGet(43)) - raft.server.log.statemachine.data.sync = true (default)
2019-09-25 07:33:59,489 [pool-27-thread-1] INFO  server.RaftServerConfigKeys (ConfUtils.java:logGet(43)) - raft.server.log.statemachine.data.sync.timeout = 10s (default)
2019-09-25 07:33:59,489 [pool-27-thread-1] INFO  server.RaftServerConfigKeys (ConfUtils.java:logGet(43)) - raft.server.log.statemachine.data.sync.timeout.retry = -1 (default)
2019-09-25 07:33:59,490 [pool-27-thread-1] INFO  server.RaftServerConfigKeys (ConfUtils.java:logGet(43)) - raft.server.log.statemachine.data.caching.enabled = true (custom)
2019-09-25 07:33:59,490 [pool-27-thread-1] INFO  segmented.SegmentedRaftLogWorker (SegmentedRaftLogWorker.java:lambda$new$0(132)) - bdcda101-49b0-4c87-b510-4eac276b6602@group-0406FAB41504-SegmentedRaftLogWorker: flushIndex: setUnconditionally 0 -> -1
2019-09-25 07:33:59,491 [pool-27-thread-1] INFO  server.RaftServerConfigKeys (ConfUtils.java:logGet(43)) - raft.server.snapshot.auto.trigger.enabled = true (custom)
2019-09-25 07:33:59,491 [pool-27-thread-1] INFO  server.RaftServerConfigKeys (ConfUtils.java:logGet(43)) - raft.server.snapshot.auto.trigger.threshold = 10000 (custom)
2019-09-25 07:33:59,491 [pool-27-thread-1] INFO  server.RaftServerConfigKeys (ConfUtils.java:logGet(43)) - raft.server.snapshot.retention.num.files = 5 (custom)
2019-09-25 07:33:59,491 [pool-27-thread-1] INFO  server.RaftServerConfigKeys (ConfUtils.java:logGet(43)) - raft.server.retrycache.expirytime = 600000ms (custom)
2019-09-25 07:33:59,519 [pool-27-thread-1] INFO  impl.RaftServerImpl (RaftServerImpl.java:start(185)) - bdcda101-49b0-4c87-b510-4eac276b6602@group-0406FAB41504: start as a follower, conf=-1: [bdcda101-49b0-4c87-b510-4eac276b6602:192.168.151.106:38523], old=null
2019-09-25 07:33:59,520 [pool-27-thread-1] INFO  impl.RaftServerImpl (RaftServerImpl.java:setRole(174)) - bdcda101-49b0-4c87-b510-4eac276b6602@group-0406FAB41504: changes role from      null to FOLLOWER at term 0 for startAsFollower
2019-09-25 07:33:59,520 [pool-27-thread-1] INFO  impl.RoleInfo (RoleInfo.java:updateAndGet(143)) - bdcda101-49b0-4c87-b510-4eac276b6602: start FollowerState
2019-09-25 07:33:59,520 [pool-27-thread-1] INFO  util.JmxRegister (JmxRegister.java:tryRegister(44)) - Successfully registered JMX Bean with object name Ratis:service=RaftServer,group=group-0406FAB41504,id=bdcda101-49b0-4c87-b510-4eac276b6602
2019-09-25 07:33:59,530 [RatisPipelineUtilsThread] INFO  pipeline.PipelineStateManager (PipelineStateManager.java:addPipeline(56)) - Created pipeline Pipeline[ Id: 9a3c75e6-59d3-4066-9912-0406fab41504, Nodes: bdcda101-49b0-4c87-b510-4eac276b6602{ip: 192.168.151.106, host: pr-hdds-1569-x2sr2-3486766547, networkLocation: /default-rack, certSerialId: null}, Type:RATIS, Factor:ONE, State:OPEN]
2019-09-25 07:33:59,547 [grpc-default-executor-0] INFO  impl.RaftServerProxy (RaftServerProxy.java:addNew(89)) - 8005d4cb-4fe5-4e19-8530-60982edf3c3e: addNew group-9B21AAA11319:[8005d4cb-4fe5-4e19-8530-60982edf3c3e:192.168.151.106:45181] returns group-9B21AAA11319:java.util.concurrent.CompletableFuture@2122fcf0[Not completed]
2019-09-25 07:33:59,548 [pool-67-thread-1] INFO  impl.RaftServerImpl (RaftServerImpl.java:<init>(95)) - 8005d4cb-4fe5-4e19-8530-60982edf3c3e: new RaftServerImpl for group-9B21AAA11319:[8005d4cb-4fe5-4e19-8530-60982edf3c3e:192.168.151.106:45181] with ContainerStateMachine:uninitialized
2019-09-25 07:33:59,548 [pool-67-thread-1] INFO  server.RaftServerConfigKeys (ConfUtils.java:logGet(43)) - raft.server.rpc.timeout.min = 5s (custom)
2019-09-25 07:33:59,548 [pool-67-thread-1] INFO  server.RaftServerConfigKeys (ConfUtils.java:logGet(43)) - raft.server.rpc.timeout.max = 5200ms (custom)
2019-09-25 07:33:59,549 [pool-67-thread-1] INFO  server.RaftServerConfigKeys (ConfUtils.java:logGet(43)) - raft.server.rpcslowness.timeout = 120s (custom)
2019-09-25 07:33:59,549 [pool-67-thread-1] INFO  server.RaftServerConfigKeys (ConfUtils.java:logGet(43)) - raft.server.sleep.deviation.threshold = 300 (default)
2019-09-25 07:33:59,549 [pool-67-thread-1] INFO  server.RaftServerConfigKeys (ConfUtils.java:logGet(43)) - raft.server.log.appender.install.snapshot.enabled = false (custom)
2019-09-25 07:33:59,549 [pool-67-thread-1] INFO  impl.RaftServerImpl (ServerState.java:<init>(103)) - 8005d4cb-4fe5-4e19-8530-60982edf3c3e@group-9B21AAA11319: ConfigurationManager, init=-1: [8005d4cb-4fe5-4e19-8530-60982edf3c3e:192.168.151.106:45181], old=null, confs=<EMPTY_MAP>
2019-09-25 07:33:59,549 [pool-67-thread-1] INFO  server.RaftServerConfigKeys (ConfUtils.java:logGet(43)) - raft.server.storage.dir = [/workdir/hadoop-ozone/tools/target/test-dir/MiniOzoneClusterImpl-55ba2c16-82ef-4526-82fa-9313f8d95d3f/datanode-4/data/ratis] (custom)
2019-09-25 07:33:59,549 [pool-67-thread-1] INFO  storage.RaftStorageDirectory (RaftStorageDirectory.java:analyzeStorage(246)) - The storage directory /workdir/hadoop-ozone/tools/target/test-dir/MiniOzoneClusterImpl-55ba2c16-82ef-4526-82fa-9313f8d95d3f/datanode-4/data/ratis/99bd7ede-aabe-4bb1-a942-9b21aaa11319 does not exist. Creating ...
2019-09-25 07:33:59,561 [pool-67-thread-1] INFO  storage.RaftStorageDirectory (RaftStorageDirectory.java:tryLock(328)) - Lock on /workdir/hadoop-ozone/tools/target/test-dir/MiniOzoneClusterImpl-55ba2c16-82ef-4526-82fa-9313f8d95d3f/datanode-4/data/ratis/99bd7ede-aabe-4bb1-a942-9b21aaa11319/in_use.lock acquired by nodename 26202@pr-hdds-1569-x2sr2-3486766547
2019-09-25 07:33:59,572 [pool-67-thread-1] INFO  storage.RaftStorage (RaftStorage.java:format(72)) - Storage directory /workdir/hadoop-ozone/tools/target/test-dir/MiniOzoneClusterImpl-55ba2c16-82ef-4526-82fa-9313f8d95d3f/datanode-4/data/ratis/99bd7ede-aabe-4bb1-a942-9b21aaa11319 has been successfully formatted.
2019-09-25 07:33:59,573 [pool-67-thread-1] INFO  ratis.ContainerStateMachine (ContainerStateMachine.java:loadSnapshot(230)) - group-9B21AAA11319: The snapshot info is null. Setting the last applied indexto:(t:0, i:~)
2019-09-25 07:33:59,573 [pool-67-thread-1] INFO  server.RaftServerConfigKeys (ConfUtils.java:logGet(43)) - raft.server.notification.no-leader.timeout = 120s (custom)
2019-09-25 07:33:59,573 [pool-67-thread-1] INFO  server.RaftServerConfigKeys (ConfUtils.java:logGet(43)) - raft.server.log.use.memory = false (default)
2019-09-25 07:33:59,573 [pool-67-thread-1] INFO  server.RaftServerConfigKeys (ConfUtils.java:logGet(43)) - raft.server.log.purge.gap = 1000000 (custom)
2019-09-25 07:33:59,573 [pool-67-thread-1] INFO  server.RaftServerConfigKeys (ConfUtils.java:logGet(43)) - raft.server.log.appender.buffer.byte-limit = 33554432 (custom)
2019-09-25 07:33:59,573 [pool-67-thread-1] INFO  server.RaftServerConfigKeys (ConfUtils.java:logGet(43)) - raft.server.log.segment.size.max = 1048576 (custom)
2019-09-25 07:33:59,574 [pool-67-thread-1] INFO  server.RaftServerConfigKeys (ConfUtils.java:logGet(43)) - raft.server.log.segment.cache.num.max = 2 (custom)
2019-09-25 07:33:59,574 [pool-67-thread-1] INFO  segmented.SegmentedRaftLogWorker (SegmentedRaftLogWorker.java:<init>(172)) - new 8005d4cb-4fe5-4e19-8530-60982edf3c3e@group-9B21AAA11319-SegmentedRaftLogWorker for RaftStorage:Storage Directory /workdir/hadoop-ozone/tools/target/test-dir/MiniOzoneClusterImpl-55ba2c16-82ef-4526-82fa-9313f8d95d3f/datanode-4/data/ratis/99bd7ede-aabe-4bb1-a942-9b21aaa11319
2019-09-25 07:33:59,574 [pool-67-thread-1] INFO  server.RaftServerConfigKeys (ConfUtils.java:logGet(43)) - raft.server.log.queue.byte-limit = 2147483647 (custom)
2019-09-25 07:33:59,574 [pool-67-thread-1] INFO  server.RaftServerConfigKeys (ConfUtils.java:logGet(43)) - raft.server.log.queue.element-limit = 1024 (custom)
2019-09-25 07:33:59,574 [pool-67-thread-1] INFO  server.RaftServerConfigKeys (ConfUtils.java:logGet(43)) - raft.server.log.segment.size.max = 1048576 (custom)
2019-09-25 07:33:59,574 [pool-67-thread-1] INFO  server.RaftServerConfigKeys (ConfUtils.java:logGet(43)) - raft.server.log.preallocated.size = 16384 (custom)
2019-09-25 07:33:59,574 [pool-67-thread-1] INFO  server.RaftServerConfigKeys (ConfUtils.java:logGet(43)) - raft.server.log.write.buffer.size = 33554432 (custom)
2019-09-25 07:33:59,574 [pool-67-thread-1] INFO  server.RaftServerConfigKeys (ConfUtils.java:logGet(43)) - raft.server.log.force.sync.num = 128 (default)
2019-09-25 07:33:59,574 [pool-67-thread-1] INFO  server.RaftServerConfigKeys (ConfUtils.java:logGet(43)) - raft.server.log.statemachine.data.sync = true (default)
2019-09-25 07:33:59,575 [pool-67-thread-1] INFO  server.RaftServerConfigKeys (ConfUtils.java:logGet(43)) - raft.server.log.statemachine.data.sync.timeout = 10s (default)
2019-09-25 07:33:59,575 [pool-67-thread-1] INFO  server.RaftServerConfigKeys (ConfUtils.java:logGet(43)) - raft.server.log.statemachine.data.sync.timeout.retry = -1 (default)
2019-09-25 07:33:59,575 [pool-67-thread-1] INFO  server.RaftServerConfigKeys (ConfUtils.java:logGet(43)) - raft.server.log.statemachine.data.caching.enabled = true (custom)
2019-09-25 07:33:59,575 [pool-67-thread-1] INFO  segmented.SegmentedRaftLogWorker (SegmentedRaftLogWorker.java:lambda$new$0(132)) - 8005d4cb-4fe5-4e19-8530-60982edf3c3e@group-9B21AAA11319-SegmentedRaftLogWorker: flushIndex: setUnconditionally 0 -> -1
2019-09-25 07:33:59,575 [pool-67-thread-1] INFO  server.RaftServerConfigKeys (ConfUtils.java:logGet(43)) - raft.server.snapshot.auto.trigger.enabled = true (custom)
2019-09-25 07:33:59,576 [pool-67-thread-1] INFO  server.RaftServerConfigKeys (ConfUtils.java:logGet(43)) - raft.server.snapshot.auto.trigger.threshold = 10000 (custom)
2019-09-25 07:33:59,576 [pool-67-thread-1] INFO  server.RaftServerConfigKeys (ConfUtils.java:logGet(43)) - raft.server.snapshot.retention.num.files = 5 (custom)
2019-09-25 07:33:59,576 [pool-67-thread-1] INFO  server.RaftServerConfigKeys (ConfUtils.java:logGet(43)) - raft.server.retrycache.expirytime = 600000ms (custom)
2019-09-25 07:33:59,580 [pool-67-thread-1] INFO  impl.RaftServerImpl (RaftServerImpl.java:start(185)) - 8005d4cb-4fe5-4e19-8530-60982edf3c3e@group-9B21AAA11319: start as a follower, conf=-1: [8005d4cb-4fe5-4e19-8530-60982edf3c3e:192.168.151.106:45181], old=null
2019-09-25 07:33:59,580 [pool-67-thread-1] INFO  impl.RaftServerImpl (RaftServerImpl.java:setRole(174)) - 8005d4cb-4fe5-4e19-8530-60982edf3c3e@group-9B21AAA11319: changes role from      null to FOLLOWER at term 0 for startAsFollower
2019-09-25 07:33:59,580 [pool-67-thread-1] INFO  impl.RoleInfo (RoleInfo.java:updateAndGet(143)) - 8005d4cb-4fe5-4e19-8530-60982edf3c3e: start FollowerState
2019-09-25 07:33:59,580 [pool-67-thread-1] INFO  util.JmxRegister (JmxRegister.java:tryRegister(44)) - Successfully registered JMX Bean with object name Ratis:service=RaftServer,group=group-9B21AAA11319,id=8005d4cb-4fe5-4e19-8530-60982edf3c3e
2019-09-25 07:33:59,592 [RatisPipelineUtilsThread] INFO  pipeline.PipelineStateManager (PipelineStateManager.java:addPipeline(56)) - Created pipeline Pipeline[ Id: 99bd7ede-aabe-4bb1-a942-9b21aaa11319, Nodes: 8005d4cb-4fe5-4e19-8530-60982edf3c3e{ip: 192.168.151.106, host: pr-hdds-1569-x2sr2-3486766547, networkLocation: /default-rack, certSerialId: null}, Type:RATIS, Factor:ONE, State:OPEN]
2019-09-25 07:33:59,619 [grpc-default-executor-0] INFO  impl.RaftServerProxy (RaftServerProxy.java:addNew(89)) - 0441a7da-a434-40f3-b826-f1d73a75434f: addNew group-D5116E8B8300:[0441a7da-a434-40f3-b826-f1d73a75434f:192.168.151.106:42590] returns group-D5116E8B8300:java.util.concurrent.CompletableFuture@11d86e3e[Not completed]
2019-09-25 07:33:59,621 [pool-57-thread-1] INFO  impl.RaftServerImpl (RaftServerImpl.java:<init>(95)) - 0441a7da-a434-40f3-b826-f1d73a75434f: new RaftServerImpl for group-D5116E8B8300:[0441a7da-a434-40f3-b826-f1d73a75434f:192.168.151.106:42590] with ContainerStateMachine:uninitialized
2019-09-25 07:33:59,621 [pool-57-thread-1] INFO  server.RaftServerConfigKeys (ConfUtils.java:logGet(43)) - raft.server.rpc.timeout.min = 5s (custom)
2019-09-25 07:33:59,622 [pool-57-thread-1] INFO  server.RaftServerConfigKeys (ConfUtils.java:logGet(43)) - raft.server.rpc.timeout.max = 5200ms (custom)
2019-09-25 07:33:59,622 [pool-57-thread-1] INFO  server.RaftServerConfigKeys (ConfUtils.java:logGet(43)) - raft.server.rpcslowness.timeout = 120s (custom)
2019-09-25 07:33:59,622 [pool-57-thread-1] INFO  server.RaftServerConfigKeys (ConfUtils.java:logGet(43)) - raft.server.sleep.deviation.threshold = 300 (default)
2019-09-25 07:33:59,622 [pool-57-thread-1] INFO  server.RaftServerConfigKeys (ConfUtils.java:logGet(43)) - raft.server.log.appender.install.snapshot.enabled = false (custom)
2019-09-25 07:33:59,622 [pool-57-thread-1] INFO  impl.RaftServerImpl (ServerState.java:<init>(103)) - 0441a7da-a434-40f3-b826-f1d73a75434f@group-D5116E8B8300: ConfigurationManager, init=-1: [0441a7da-a434-40f3-b826-f1d73a75434f:192.168.151.106:42590], old=null, confs=<EMPTY_MAP>
2019-09-25 07:33:59,623 [pool-57-thread-1] INFO  server.RaftServerConfigKeys (ConfUtils.java:logGet(43)) - raft.server.storage.dir = [/workdir/hadoop-ozone/tools/target/test-dir/MiniOzoneClusterImpl-55ba2c16-82ef-4526-82fa-9313f8d95d3f/datanode-3/data/ratis] (custom)
2019-09-25 07:33:59,623 [pool-57-thread-1] INFO  storage.RaftStorageDirectory (RaftStorageDirectory.java:analyzeStorage(246)) - The storage directory /workdir/hadoop-ozone/tools/target/test-dir/MiniOzoneClusterImpl-55ba2c16-82ef-4526-82fa-9313f8d95d3f/datanode-3/data/ratis/bd3f9339-5edd-44de-bfcb-d5116e8b8300 does not exist. Creating ...
2019-09-25 07:33:59,662 [pool-57-thread-1] INFO  storage.RaftStorageDirectory (RaftStorageDirectory.java:tryLock(328)) - Lock on /workdir/hadoop-ozone/tools/target/test-dir/MiniOzoneClusterImpl-55ba2c16-82ef-4526-82fa-9313f8d95d3f/datanode-3/data/ratis/bd3f9339-5edd-44de-bfcb-d5116e8b8300/in_use.lock acquired by nodename 26202@pr-hdds-1569-x2sr2-3486766547
2019-09-25 07:33:59,677 [pool-57-thread-1] INFO  storage.RaftStorage (RaftStorage.java:format(72)) - Storage directory /workdir/hadoop-ozone/tools/target/test-dir/MiniOzoneClusterImpl-55ba2c16-82ef-4526-82fa-9313f8d95d3f/datanode-3/data/ratis/bd3f9339-5edd-44de-bfcb-d5116e8b8300 has been successfully formatted.
2019-09-25 07:33:59,677 [pool-57-thread-1] INFO  ratis.ContainerStateMachine (ContainerStateMachine.java:loadSnapshot(230)) - group-D5116E8B8300: The snapshot info is null. Setting the last applied indexto:(t:0, i:~)
2019-09-25 07:33:59,677 [pool-57-thread-1] INFO  server.RaftServerConfigKeys (ConfUtils.java:logGet(43)) - raft.server.notification.no-leader.timeout = 120s (custom)
2019-09-25 07:33:59,677 [pool-57-thread-1] INFO  server.RaftServerConfigKeys (ConfUtils.java:logGet(43)) - raft.server.log.use.memory = false (default)
2019-09-25 07:33:59,678 [pool-57-thread-1] INFO  server.RaftServerConfigKeys (ConfUtils.java:logGet(43)) - raft.server.log.purge.gap = 1000000 (custom)
2019-09-25 07:33:59,678 [pool-57-thread-1] INFO  server.RaftServerConfigKeys (ConfUtils.java:logGet(43)) - raft.server.log.appender.buffer.byte-limit = 33554432 (custom)
2019-09-25 07:33:59,678 [pool-57-thread-1] INFO  server.RaftServerConfigKeys (ConfUtils.java:logGet(43)) - raft.server.log.segment.size.max = 1048576 (custom)
2019-09-25 07:33:59,678 [pool-57-thread-1] INFO  server.RaftServerConfigKeys (ConfUtils.java:logGet(43)) - raft.server.log.segment.cache.num.max = 2 (custom)
2019-09-25 07:33:59,678 [pool-57-thread-1] INFO  segmented.SegmentedRaftLogWorker (SegmentedRaftLogWorker.java:<init>(172)) - new 0441a7da-a434-40f3-b826-f1d73a75434f@group-D5116E8B8300-SegmentedRaftLogWorker for RaftStorage:Storage Directory /workdir/hadoop-ozone/tools/target/test-dir/MiniOzoneClusterImpl-55ba2c16-82ef-4526-82fa-9313f8d95d3f/datanode-3/data/ratis/bd3f9339-5edd-44de-bfcb-d5116e8b8300
2019-09-25 07:33:59,684 [pool-57-thread-1] INFO  server.RaftServerConfigKeys (ConfUtils.java:logGet(43)) - raft.server.log.queue.byte-limit = 2147483647 (custom)
2019-09-25 07:33:59,685 [pool-57-thread-1] INFO  server.RaftServerConfigKeys (ConfUtils.java:logGet(43)) - raft.server.log.queue.element-limit = 1024 (custom)
2019-09-25 07:33:59,685 [pool-57-thread-1] INFO  server.RaftServerConfigKeys (ConfUtils.java:logGet(43)) - raft.server.log.segment.size.max = 1048576 (custom)
2019-09-25 07:33:59,685 [pool-57-thread-1] INFO  server.RaftServerConfigKeys (ConfUtils.java:logGet(43)) - raft.server.log.preallocated.size = 16384 (custom)
2019-09-25 07:33:59,686 [pool-57-thread-1] INFO  server.RaftServerConfigKeys (ConfUtils.java:logGet(43)) - raft.server.log.write.buffer.size = 33554432 (custom)
2019-09-25 07:33:59,686 [pool-57-thread-1] INFO  server.RaftServerConfigKeys (ConfUtils.java:logGet(43)) - raft.server.log.force.sync.num = 128 (default)
2019-09-25 07:33:59,686 [pool-57-thread-1] INFO  server.RaftServerConfigKeys (ConfUtils.java:logGet(43)) - raft.server.log.statemachine.data.sync = true (default)
2019-09-25 07:33:59,686 [pool-57-thread-1] INFO  server.RaftServerConfigKeys (ConfUtils.java:logGet(43)) - raft.server.log.statemachine.data.sync.timeout = 10s (default)
2019-09-25 07:33:59,686 [pool-57-thread-1] INFO  server.RaftServerConfigKeys (ConfUtils.java:logGet(43)) - raft.server.log.statemachine.data.sync.timeout.retry = -1 (default)
2019-09-25 07:33:59,687 [pool-57-thread-1] INFO  server.RaftServerConfigKeys (ConfUtils.java:logGet(43)) - raft.server.log.statemachine.data.caching.enabled = true (custom)
2019-09-25 07:33:59,687 [pool-57-thread-1] INFO  segmented.SegmentedRaftLogWorker (SegmentedRaftLogWorker.java:lambda$new$0(132)) - 0441a7da-a434-40f3-b826-f1d73a75434f@group-D5116E8B8300-SegmentedRaftLogWorker: flushIndex: setUnconditionally 0 -> -1
2019-09-25 07:33:59,688 [pool-57-thread-1] INFO  server.RaftServerConfigKeys (ConfUtils.java:logGet(43)) - raft.server.snapshot.auto.trigger.enabled = true (custom)
2019-09-25 07:33:59,688 [pool-57-thread-1] INFO  server.RaftServerConfigKeys (ConfUtils.java:logGet(43)) - raft.server.snapshot.auto.trigger.threshold = 10000 (custom)
2019-09-25 07:33:59,688 [pool-57-thread-1] INFO  server.RaftServerConfigKeys (ConfUtils.java:logGet(43)) - raft.server.snapshot.retention.num.files = 5 (custom)
2019-09-25 07:33:59,688 [pool-57-thread-1] INFO  server.RaftServerConfigKeys (ConfUtils.java:logGet(43)) - raft.server.retrycache.expirytime = 600000ms (custom)
2019-09-25 07:33:59,691 [main] INFO  ozone.MiniOzoneClusterImpl (MiniOzoneClusterImpl.java:lambda$waitForClusterToBeReady$0(147)) - Cluster is ready. Got 5 of 5 DN Heartbeats.
2019-09-25 07:33:59,694 [pool-57-thread-1] INFO  impl.RaftServerImpl (RaftServerImpl.java:start(185)) - 0441a7da-a434-40f3-b826-f1d73a75434f@group-D5116E8B8300: start as a follower, conf=-1: [0441a7da-a434-40f3-b826-f1d73a75434f:192.168.151.106:42590], old=null
2019-09-25 07:33:59,694 [pool-57-thread-1] INFO  impl.RaftServerImpl (RaftServerImpl.java:setRole(174)) - 0441a7da-a434-40f3-b826-f1d73a75434f@group-D5116E8B8300: changes role from      null to FOLLOWER at term 0 for startAsFollower
2019-09-25 07:33:59,694 [pool-57-thread-1] INFO  impl.RoleInfo (RoleInfo.java:updateAndGet(143)) - 0441a7da-a434-40f3-b826-f1d73a75434f: start FollowerState
2019-09-25 07:33:59,695 [pool-57-thread-1] INFO  util.JmxRegister (JmxRegister.java:tryRegister(44)) - Successfully registered JMX Bean with object name Ratis:service=RaftServer,group=group-D5116E8B8300,id=0441a7da-a434-40f3-b826-f1d73a75434f
2019-09-25 07:33:59,710 [RatisPipelineUtilsThread] INFO  pipeline.PipelineStateManager (PipelineStateManager.java:addPipeline(56)) - Created pipeline Pipeline[ Id: bd3f9339-5edd-44de-bfcb-d5116e8b8300, Nodes: 0441a7da-a434-40f3-b826-f1d73a75434f{ip: 192.168.151.106, host: pr-hdds-1569-x2sr2-3486766547, networkLocation: /default-rack, certSerialId: null}, Type:RATIS, Factor:ONE, State:OPEN]
2019-09-25 07:33:59,736 [grpc-default-executor-0] INFO  impl.RaftServerProxy (RaftServerProxy.java:addNew(89)) - 9659e150-6db8-46c9-9754-45a2163a8a7f: addNew group-5D1B833A18AF:[9659e150-6db8-46c9-9754-45a2163a8a7f:192.168.151.106:44942] returns group-5D1B833A18AF:java.util.concurrent.CompletableFuture@6dbb9cee[Not completed]
2019-09-25 07:33:59,738 [pool-37-thread-1] INFO  impl.RaftServerImpl (RaftServerImpl.java:<init>(95)) - 9659e150-6db8-46c9-9754-45a2163a8a7f: new RaftServerImpl for group-5D1B833A18AF:[9659e150-6db8-46c9-9754-45a2163a8a7f:192.168.151.106:44942] with ContainerStateMachine:uninitialized
2019-09-25 07:33:59,739 [pool-37-thread-1] INFO  server.RaftServerConfigKeys (ConfUtils.java:logGet(43)) - raft.server.rpc.timeout.min = 5s (custom)
2019-09-25 07:33:59,739 [pool-37-thread-1] INFO  server.RaftServerConfigKeys (ConfUtils.java:logGet(43)) - raft.server.rpc.timeout.max = 5200ms (custom)
2019-09-25 07:33:59,739 [pool-37-thread-1] INFO  server.RaftServerConfigKeys (ConfUtils.java:logGet(43)) - raft.server.rpcslowness.timeout = 120s (custom)
2019-09-25 07:33:59,739 [pool-37-thread-1] INFO  server.RaftServerConfigKeys (ConfUtils.java:logGet(43)) - raft.server.sleep.deviation.threshold = 300 (default)
2019-09-25 07:33:59,739 [pool-37-thread-1] INFO  server.RaftServerConfigKeys (ConfUtils.java:logGet(43)) - raft.server.log.appender.install.snapshot.enabled = false (custom)
2019-09-25 07:33:59,740 [pool-37-thread-1] INFO  impl.RaftServerImpl (ServerState.java:<init>(103)) - 9659e150-6db8-46c9-9754-45a2163a8a7f@group-5D1B833A18AF: ConfigurationManager, init=-1: [9659e150-6db8-46c9-9754-45a2163a8a7f:192.168.151.106:44942], old=null, confs=<EMPTY_MAP>
2019-09-25 07:33:59,740 [pool-37-thread-1] INFO  server.RaftServerConfigKeys (ConfUtils.java:logGet(43)) - raft.server.storage.dir = [/workdir/hadoop-ozone/tools/target/test-dir/MiniOzoneClusterImpl-55ba2c16-82ef-4526-82fa-9313f8d95d3f/datanode-1/data/ratis] (custom)
2019-09-25 07:33:59,740 [pool-37-thread-1] INFO  storage.RaftStorageDirectory (RaftStorageDirectory.java:analyzeStorage(246)) - The storage directory /workdir/hadoop-ozone/tools/target/test-dir/MiniOzoneClusterImpl-55ba2c16-82ef-4526-82fa-9313f8d95d3f/datanode-1/data/ratis/7e48e85a-09a1-4064-b304-5d1b833a18af does not exist. Creating ...
2019-09-25 07:33:59,762 [pool-37-thread-1] INFO  storage.RaftStorageDirectory (RaftStorageDirectory.java:tryLock(328)) - Lock on /workdir/hadoop-ozone/tools/target/test-dir/MiniOzoneClusterImpl-55ba2c16-82ef-4526-82fa-9313f8d95d3f/datanode-1/data/ratis/7e48e85a-09a1-4064-b304-5d1b833a18af/in_use.lock acquired by nodename 26202@pr-hdds-1569-x2sr2-3486766547
2019-09-25 07:33:59,777 [pool-37-thread-1] INFO  storage.RaftStorage (RaftStorage.java:format(72)) - Storage directory /workdir/hadoop-ozone/tools/target/test-dir/MiniOzoneClusterImpl-55ba2c16-82ef-4526-82fa-9313f8d95d3f/datanode-1/data/ratis/7e48e85a-09a1-4064-b304-5d1b833a18af has been successfully formatted.
2019-09-25 07:33:59,777 [pool-37-thread-1] INFO  ratis.ContainerStateMachine (ContainerStateMachine.java:loadSnapshot(230)) - group-5D1B833A18AF: The snapshot info is null. Setting the last applied indexto:(t:0, i:~)
2019-09-25 07:33:59,777 [pool-37-thread-1] INFO  server.RaftServerConfigKeys (ConfUtils.java:logGet(43)) - raft.server.notification.no-leader.timeout = 120s (custom)
2019-09-25 07:33:59,778 [pool-37-thread-1] INFO  server.RaftServerConfigKeys (ConfUtils.java:logGet(43)) - raft.server.log.use.memory = false (default)
2019-09-25 07:33:59,778 [pool-37-thread-1] INFO  server.RaftServerConfigKeys (ConfUtils.java:logGet(43)) - raft.server.log.purge.gap = 1000000 (custom)
2019-09-25 07:33:59,778 [pool-37-thread-1] INFO  server.RaftServerConfigKeys (ConfUtils.java:logGet(43)) - raft.server.log.appender.buffer.byte-limit = 33554432 (custom)
2019-09-25 07:33:59,778 [pool-37-thread-1] INFO  server.RaftServerConfigKeys (ConfUtils.java:logGet(43)) - raft.server.log.segment.size.max = 1048576 (custom)
2019-09-25 07:33:59,778 [pool-37-thread-1] INFO  server.RaftServerConfigKeys (ConfUtils.java:logGet(43)) - raft.server.log.segment.cache.num.max = 2 (custom)
2019-09-25 07:33:59,779 [pool-37-thread-1] INFO  segmented.SegmentedRaftLogWorker (SegmentedRaftLogWorker.java:<init>(172)) - new 9659e150-6db8-46c9-9754-45a2163a8a7f@group-5D1B833A18AF-SegmentedRaftLogWorker for RaftStorage:Storage Directory /workdir/hadoop-ozone/tools/target/test-dir/MiniOzoneClusterImpl-55ba2c16-82ef-4526-82fa-9313f8d95d3f/datanode-1/data/ratis/7e48e85a-09a1-4064-b304-5d1b833a18af
2019-09-25 07:33:59,784 [pool-37-thread-1] INFO  server.RaftServerConfigKeys (ConfUtils.java:logGet(43)) - raft.server.log.queue.byte-limit = 2147483647 (custom)
2019-09-25 07:33:59,784 [pool-37-thread-1] INFO  server.RaftServerConfigKeys (ConfUtils.java:logGet(43)) - raft.server.log.queue.element-limit = 1024 (custom)
2019-09-25 07:33:59,784 [pool-37-thread-1] INFO  server.RaftServerConfigKeys (ConfUtils.java:logGet(43)) - raft.server.log.segment.size.max = 1048576 (custom)
2019-09-25 07:33:59,785 [pool-37-thread-1] INFO  server.RaftServerConfigKeys (ConfUtils.java:logGet(43)) - raft.server.log.preallocated.size = 16384 (custom)
2019-09-25 07:33:59,785 [pool-37-thread-1] INFO  server.RaftServerConfigKeys (ConfUtils.java:logGet(43)) - raft.server.log.write.buffer.size = 33554432 (custom)
2019-09-25 07:33:59,785 [pool-37-thread-1] INFO  server.RaftServerConfigKeys (ConfUtils.java:logGet(43)) - raft.server.log.force.sync.num = 128 (default)
2019-09-25 07:33:59,785 [pool-37-thread-1] INFO  server.RaftServerConfigKeys (ConfUtils.java:logGet(43)) - raft.server.log.statemachine.data.sync = true (default)
2019-09-25 07:33:59,785 [pool-37-thread-1] INFO  server.RaftServerConfigKeys (ConfUtils.java:logGet(43)) - raft.server.log.statemachine.data.sync.timeout = 10s (default)
2019-09-25 07:33:59,785 [pool-37-thread-1] INFO  server.RaftServerConfigKeys (ConfUtils.java:logGet(43)) - raft.server.log.statemachine.data.sync.timeout.retry = -1 (default)
2019-09-25 07:33:59,786 [pool-37-thread-1] INFO  server.RaftServerConfigKeys (ConfUtils.java:logGet(43)) - raft.server.log.statemachine.data.caching.enabled = true (custom)
2019-09-25 07:33:59,786 [pool-37-thread-1] INFO  segmented.SegmentedRaftLogWorker (SegmentedRaftLogWorker.java:lambda$new$0(132)) - 9659e150-6db8-46c9-9754-45a2163a8a7f@group-5D1B833A18AF-SegmentedRaftLogWorker: flushIndex: setUnconditionally 0 -> -1
2019-09-25 07:33:59,787 [pool-37-thread-1] INFO  server.RaftServerConfigKeys (ConfUtils.java:logGet(43)) - raft.server.snapshot.auto.trigger.enabled = true (custom)
2019-09-25 07:33:59,787 [pool-37-thread-1] INFO  server.RaftServerConfigKeys (ConfUtils.java:logGet(43)) - raft.server.snapshot.auto.trigger.threshold = 10000 (custom)
2019-09-25 07:33:59,787 [pool-37-thread-1] INFO  server.RaftServerConfigKeys (ConfUtils.java:logGet(43)) - raft.server.snapshot.retention.num.files = 5 (custom)
2019-09-25 07:33:59,787 [pool-37-thread-1] INFO  server.RaftServerConfigKeys (ConfUtils.java:logGet(43)) - raft.server.retrycache.expirytime = 600000ms (custom)
2019-09-25 07:33:59,793 [pool-37-thread-1] INFO  impl.RaftServerImpl (RaftServerImpl.java:start(185)) - 9659e150-6db8-46c9-9754-45a2163a8a7f@group-5D1B833A18AF: start as a follower, conf=-1: [9659e150-6db8-46c9-9754-45a2163a8a7f:192.168.151.106:44942], old=null
2019-09-25 07:33:59,793 [pool-37-thread-1] INFO  impl.RaftServerImpl (RaftServerImpl.java:setRole(174)) - 9659e150-6db8-46c9-9754-45a2163a8a7f@group-5D1B833A18AF: changes role from      null to FOLLOWER at term 0 for startAsFollower
2019-09-25 07:33:59,793 [pool-37-thread-1] INFO  impl.RoleInfo (RoleInfo.java:updateAndGet(143)) - 9659e150-6db8-46c9-9754-45a2163a8a7f: start FollowerState
2019-09-25 07:33:59,794 [pool-37-thread-1] INFO  util.JmxRegister (JmxRegister.java:tryRegister(44)) - Successfully registered JMX Bean with object name Ratis:service=RaftServer,group=group-5D1B833A18AF,id=9659e150-6db8-46c9-9754-45a2163a8a7f
2019-09-25 07:33:59,811 [RatisPipelineUtilsThread] INFO  pipeline.PipelineStateManager (PipelineStateManager.java:addPipeline(56)) - Created pipeline Pipeline[ Id: 7e48e85a-09a1-4064-b304-5d1b833a18af, Nodes: 9659e150-6db8-46c9-9754-45a2163a8a7f{ip: 192.168.151.106, host: pr-hdds-1569-x2sr2-3486766547, networkLocation: /default-rack, certSerialId: null}, Type:RATIS, Factor:ONE, State:OPEN]
2019-09-25 07:33:59,825 [grpc-default-executor-0] INFO  impl.RaftServerProxy (RaftServerProxy.java:addNew(89)) - 9659e150-6db8-46c9-9754-45a2163a8a7f: addNew group-206EBB6809E3:[9659e150-6db8-46c9-9754-45a2163a8a7f:192.168.151.106:44942] returns group-206EBB6809E3:java.util.concurrent.CompletableFuture@463e2b15[Not completed]
2019-09-25 07:33:59,827 [pool-37-thread-1] INFO  impl.RaftServerImpl (RaftServerImpl.java:<init>(95)) - 9659e150-6db8-46c9-9754-45a2163a8a7f: new RaftServerImpl for group-206EBB6809E3:[9659e150-6db8-46c9-9754-45a2163a8a7f:192.168.151.106:44942] with ContainerStateMachine:uninitialized
2019-09-25 07:33:59,827 [pool-37-thread-1] INFO  server.RaftServerConfigKeys (ConfUtils.java:logGet(43)) - raft.server.rpc.timeout.min = 5s (custom)
2019-09-25 07:33:59,827 [pool-37-thread-1] INFO  server.RaftServerConfigKeys (ConfUtils.java:logGet(43)) - raft.server.rpc.timeout.max = 5200ms (custom)
2019-09-25 07:33:59,828 [pool-37-thread-1] INFO  server.RaftServerConfigKeys (ConfUtils.java:logGet(43)) - raft.server.rpcslowness.timeout = 120s (custom)
2019-09-25 07:33:59,828 [pool-37-thread-1] INFO  server.RaftServerConfigKeys (ConfUtils.java:logGet(43)) - raft.server.sleep.deviation.threshold = 300 (default)
2019-09-25 07:33:59,828 [pool-37-thread-1] INFO  server.RaftServerConfigKeys (ConfUtils.java:logGet(43)) - raft.server.log.appender.install.snapshot.enabled = false (custom)
2019-09-25 07:33:59,828 [pool-37-thread-1] INFO  impl.RaftServerImpl (ServerState.java:<init>(103)) - 9659e150-6db8-46c9-9754-45a2163a8a7f@group-206EBB6809E3: ConfigurationManager, init=-1: [9659e150-6db8-46c9-9754-45a2163a8a7f:192.168.151.106:44942], old=null, confs=<EMPTY_MAP>
2019-09-25 07:33:59,828 [pool-37-thread-1] INFO  server.RaftServerConfigKeys (ConfUtils.java:logGet(43)) - raft.server.storage.dir = [/workdir/hadoop-ozone/tools/target/test-dir/MiniOzoneClusterImpl-55ba2c16-82ef-4526-82fa-9313f8d95d3f/datanode-1/data/ratis] (custom)
2019-09-25 07:33:59,829 [pool-37-thread-1] INFO  storage.RaftStorageDirectory (RaftStorageDirectory.java:analyzeStorage(246)) - The storage directory /workdir/hadoop-ozone/tools/target/test-dir/MiniOzoneClusterImpl-55ba2c16-82ef-4526-82fa-9313f8d95d3f/datanode-1/data/ratis/b118635f-9ac3-40b2-a455-206ebb6809e3 does not exist. Creating ...
2019-09-25 07:33:59,843 [pool-37-thread-1] INFO  storage.RaftStorageDirectory (RaftStorageDirectory.java:tryLock(328)) - Lock on /workdir/hadoop-ozone/tools/target/test-dir/MiniOzoneClusterImpl-55ba2c16-82ef-4526-82fa-9313f8d95d3f/datanode-1/data/ratis/b118635f-9ac3-40b2-a455-206ebb6809e3/in_use.lock acquired by nodename 26202@pr-hdds-1569-x2sr2-3486766547
2019-09-25 07:33:59,858 [pool-37-thread-1] INFO  storage.RaftStorage (RaftStorage.java:format(72)) - Storage directory /workdir/hadoop-ozone/tools/target/test-dir/MiniOzoneClusterImpl-55ba2c16-82ef-4526-82fa-9313f8d95d3f/datanode-1/data/ratis/b118635f-9ac3-40b2-a455-206ebb6809e3 has been successfully formatted.
2019-09-25 07:33:59,858 [pool-37-thread-1] INFO  ratis.ContainerStateMachine (ContainerStateMachine.java:loadSnapshot(230)) - group-206EBB6809E3: The snapshot info is null. Setting the last applied indexto:(t:0, i:~)
2019-09-25 07:33:59,859 [pool-37-thread-1] INFO  server.RaftServerConfigKeys (ConfUtils.java:logGet(43)) - raft.server.notification.no-leader.timeout = 120s (custom)
2019-09-25 07:33:59,859 [pool-37-thread-1] INFO  server.RaftServerConfigKeys (ConfUtils.java:logGet(43)) - raft.server.log.use.memory = false (default)
2019-09-25 07:33:59,859 [pool-37-thread-1] INFO  server.RaftServerConfigKeys (ConfUtils.java:logGet(43)) - raft.server.log.purge.gap = 1000000 (custom)
2019-09-25 07:33:59,859 [pool-37-thread-1] INFO  server.RaftServerConfigKeys (ConfUtils.java:logGet(43)) - raft.server.log.appender.buffer.byte-limit = 33554432 (custom)
2019-09-25 07:33:59,859 [pool-37-thread-1] INFO  server.RaftServerConfigKeys (ConfUtils.java:logGet(43)) - raft.server.log.segment.size.max = 1048576 (custom)
2019-09-25 07:33:59,859 [pool-37-thread-1] INFO  server.RaftServerConfigKeys (ConfUtils.java:logGet(43)) - raft.server.log.segment.cache.num.max = 2 (custom)
2019-09-25 07:33:59,860 [pool-37-thread-1] INFO  segmented.SegmentedRaftLogWorker (SegmentedRaftLogWorker.java:<init>(172)) - new 9659e150-6db8-46c9-9754-45a2163a8a7f@group-206EBB6809E3-SegmentedRaftLogWorker for RaftStorage:Storage Directory /workdir/hadoop-ozone/tools/target/test-dir/MiniOzoneClusterImpl-55ba2c16-82ef-4526-82fa-9313f8d95d3f/datanode-1/data/ratis/b118635f-9ac3-40b2-a455-206ebb6809e3
2019-09-25 07:33:59,860 [pool-37-thread-1] INFO  server.RaftServerConfigKeys (ConfUtils.java:logGet(43)) - raft.server.log.queue.byte-limit = 2147483647 (custom)
2019-09-25 07:33:59,860 [pool-37-thread-1] INFO  server.RaftServerConfigKeys (ConfUtils.java:logGet(43)) - raft.server.log.queue.element-limit = 1024 (custom)
2019-09-25 07:33:59,860 [pool-37-thread-1] INFO  server.RaftServerConfigKeys (ConfUtils.java:logGet(43)) - raft.server.log.segment.size.max = 1048576 (custom)
2019-09-25 07:33:59,860 [pool-37-thread-1] INFO  server.RaftServerConfigKeys (ConfUtils.java:logGet(43)) - raft.server.log.preallocated.size = 16384 (custom)
2019-09-25 07:33:59,860 [pool-37-thread-1] INFO  server.RaftServerConfigKeys (ConfUtils.java:logGet(43)) - raft.server.log.write.buffer.size = 33554432 (custom)
2019-09-25 07:33:59,861 [pool-37-thread-1] INFO  server.RaftServerConfigKeys (ConfUtils.java:logGet(43)) - raft.server.log.force.sync.num = 128 (default)
2019-09-25 07:33:59,861 [pool-37-thread-1] INFO  server.RaftServerConfigKeys (ConfUtils.java:logGet(43)) - raft.server.log.statemachine.data.sync = true (default)
2019-09-25 07:33:59,861 [pool-37-thread-1] INFO  server.RaftServerConfigKeys (ConfUtils.java:logGet(43)) - raft.server.log.statemachine.data.sync.timeout = 10s (default)
2019-09-25 07:33:59,861 [pool-37-thread-1] INFO  server.RaftServerConfigKeys (ConfUtils.java:logGet(43)) - raft.server.log.statemachine.data.sync.timeout.retry = -1 (default)
2019-09-25 07:33:59,861 [pool-37-thread-1] INFO  server.RaftServerConfigKeys (ConfUtils.java:logGet(43)) - raft.server.log.statemachine.data.caching.enabled = true (custom)
2019-09-25 07:33:59,862 [pool-37-thread-1] INFO  segmented.SegmentedRaftLogWorker (SegmentedRaftLogWorker.java:lambda$new$0(132)) - 9659e150-6db8-46c9-9754-45a2163a8a7f@group-206EBB6809E3-SegmentedRaftLogWorker: flushIndex: setUnconditionally 0 -> -1
2019-09-25 07:33:59,862 [pool-37-thread-1] INFO  server.RaftServerConfigKeys (ConfUtils.java:logGet(43)) - raft.server.snapshot.auto.trigger.enabled = true (custom)
2019-09-25 07:33:59,862 [pool-37-thread-1] INFO  server.RaftServerConfigKeys (ConfUtils.java:logGet(43)) - raft.server.snapshot.auto.trigger.threshold = 10000 (custom)
2019-09-25 07:33:59,862 [pool-37-thread-1] INFO  server.RaftServerConfigKeys (ConfUtils.java:logGet(43)) - raft.server.snapshot.retention.num.files = 5 (custom)
2019-09-25 07:33:59,863 [pool-37-thread-1] INFO  server.RaftServerConfigKeys (ConfUtils.java:logGet(43)) - raft.server.retrycache.expirytime = 600000ms (custom)
2019-09-25 07:33:59,866 [pool-37-thread-1] INFO  impl.RaftServerImpl (RaftServerImpl.java:start(185)) - 9659e150-6db8-46c9-9754-45a2163a8a7f@group-206EBB6809E3: start as a follower, conf=-1: [9659e150-6db8-46c9-9754-45a2163a8a7f:192.168.151.106:44942], old=null
2019-09-25 07:33:59,866 [pool-37-thread-1] INFO  impl.RaftServerImpl (RaftServerImpl.java:setRole(174)) - 9659e150-6db8-46c9-9754-45a2163a8a7f@group-206EBB6809E3: changes role from      null to FOLLOWER at term 0 for startAsFollower
2019-09-25 07:33:59,866 [pool-37-thread-1] INFO  impl.RoleInfo (RoleInfo.java:updateAndGet(143)) - 9659e150-6db8-46c9-9754-45a2163a8a7f: start FollowerState
2019-09-25 07:33:59,867 [pool-37-thread-1] INFO  util.JmxRegister (JmxRegister.java:tryRegister(44)) - Successfully registered JMX Bean with object name Ratis:service=RaftServer,group=group-206EBB6809E3,id=9659e150-6db8-46c9-9754-45a2163a8a7f
2019-09-25 07:33:59,880 [RatisPipelineUtilsThread] INFO  pipeline.PipelineStateManager (PipelineStateManager.java:addPipeline(56)) - Created pipeline Pipeline[ Id: b118635f-9ac3-40b2-a455-206ebb6809e3, Nodes: 9659e150-6db8-46c9-9754-45a2163a8a7f{ip: 192.168.151.106, host: pr-hdds-1569-x2sr2-3486766547, networkLocation: /default-rack, certSerialId: null}, Type:RATIS, Factor:ONE, State:OPEN]
2019-09-25 07:33:59,897 [grpc-default-executor-0] INFO  impl.RaftServerProxy (RaftServerProxy.java:addNew(89)) - df3fee13-edb1-4245-be34-bb4c7d942b62: addNew group-7A5E61498000:[df3fee13-edb1-4245-be34-bb4c7d942b62:192.168.151.106:43278] returns group-7A5E61498000:java.util.concurrent.CompletableFuture@307c0ae0[Not completed]
2019-09-25 07:33:59,899 [pool-47-thread-1] INFO  impl.RaftServerImpl (RaftServerImpl.java:<init>(95)) - df3fee13-edb1-4245-be34-bb4c7d942b62: new RaftServerImpl for group-7A5E61498000:[df3fee13-edb1-4245-be34-bb4c7d942b62:192.168.151.106:43278] with ContainerStateMachine:uninitialized
2019-09-25 07:33:59,900 [pool-47-thread-1] INFO  server.RaftServerConfigKeys (ConfUtils.java:logGet(43)) - raft.server.rpc.timeout.min = 5s (custom)
2019-09-25 07:33:59,900 [pool-47-thread-1] INFO  server.RaftServerConfigKeys (ConfUtils.java:logGet(43)) - raft.server.rpc.timeout.max = 5200ms (custom)
2019-09-25 07:33:59,900 [pool-47-thread-1] INFO  server.RaftServerConfigKeys (ConfUtils.java:logGet(43)) - raft.server.rpcslowness.timeout = 120s (custom)
2019-09-25 07:33:59,900 [pool-47-thread-1] INFO  server.RaftServerConfigKeys (ConfUtils.java:logGet(43)) - raft.server.sleep.deviation.threshold = 300 (default)
2019-09-25 07:33:59,900 [pool-47-thread-1] INFO  server.RaftServerConfigKeys (ConfUtils.java:logGet(43)) - raft.server.log.appender.install.snapshot.enabled = false (custom)
2019-09-25 07:33:59,901 [pool-47-thread-1] INFO  impl.RaftServerImpl (ServerState.java:<init>(103)) - df3fee13-edb1-4245-be34-bb4c7d942b62@group-7A5E61498000: ConfigurationManager, init=-1: [df3fee13-edb1-4245-be34-bb4c7d942b62:192.168.151.106:43278], old=null, confs=<EMPTY_MAP>
2019-09-25 07:33:59,901 [pool-47-thread-1] INFO  server.RaftServerConfigKeys (ConfUtils.java:logGet(43)) - raft.server.storage.dir = [/workdir/hadoop-ozone/tools/target/test-dir/MiniOzoneClusterImpl-55ba2c16-82ef-4526-82fa-9313f8d95d3f/datanode-2/data/ratis] (custom)
2019-09-25 07:33:59,901 [pool-47-thread-1] INFO  storage.RaftStorageDirectory (RaftStorageDirectory.java:analyzeStorage(246)) - The storage directory /workdir/hadoop-ozone/tools/target/test-dir/MiniOzoneClusterImpl-55ba2c16-82ef-4526-82fa-9313f8d95d3f/datanode-2/data/ratis/42a65bb9-138d-4efa-92c0-7a5e61498000 does not exist. Creating ...
2019-09-25 07:33:59,926 [pool-47-thread-1] INFO  storage.RaftStorageDirectory (RaftStorageDirectory.java:tryLock(328)) - Lock on /workdir/hadoop-ozone/tools/target/test-dir/MiniOzoneClusterImpl-55ba2c16-82ef-4526-82fa-9313f8d95d3f/datanode-2/data/ratis/42a65bb9-138d-4efa-92c0-7a5e61498000/in_use.lock acquired by nodename 26202@pr-hdds-1569-x2sr2-3486766547
2019-09-25 07:33:59,952 [pool-47-thread-1] INFO  storage.RaftStorage (RaftStorage.java:format(72)) - Storage directory /workdir/hadoop-ozone/tools/target/test-dir/MiniOzoneClusterImpl-55ba2c16-82ef-4526-82fa-9313f8d95d3f/datanode-2/data/ratis/42a65bb9-138d-4efa-92c0-7a5e61498000 has been successfully formatted.
2019-09-25 07:33:59,952 [pool-47-thread-1] INFO  ratis.ContainerStateMachine (ContainerStateMachine.java:loadSnapshot(230)) - group-7A5E61498000: The snapshot info is null. Setting the last applied indexto:(t:0, i:~)
2019-09-25 07:33:59,952 [pool-47-thread-1] INFO  server.RaftServerConfigKeys (ConfUtils.java:logGet(43)) - raft.server.notification.no-leader.timeout = 120s (custom)
2019-09-25 07:33:59,952 [pool-47-thread-1] INFO  server.RaftServerConfigKeys (ConfUtils.java:logGet(43)) - raft.server.log.use.memory = false (default)
2019-09-25 07:33:59,953 [pool-47-thread-1] INFO  server.RaftServerConfigKeys (ConfUtils.java:logGet(43)) - raft.server.log.purge.gap = 1000000 (custom)
2019-09-25 07:33:59,953 [pool-47-thread-1] INFO  server.RaftServerConfigKeys (ConfUtils.java:logGet(43)) - raft.server.log.appender.buffer.byte-limit = 33554432 (custom)
2019-09-25 07:33:59,953 [pool-47-thread-1] INFO  server.RaftServerConfigKeys (ConfUtils.java:logGet(43)) - raft.server.log.segment.size.max = 1048576 (custom)
2019-09-25 07:33:59,953 [pool-47-thread-1] INFO  server.RaftServerConfigKeys (ConfUtils.java:logGet(43)) - raft.server.log.segment.cache.num.max = 2 (custom)
2019-09-25 07:33:59,953 [pool-47-thread-1] INFO  segmented.SegmentedRaftLogWorker (SegmentedRaftLogWorker.java:<init>(172)) - new df3fee13-edb1-4245-be34-bb4c7d942b62@group-7A5E61498000-SegmentedRaftLogWorker for RaftStorage:Storage Directory /workdir/hadoop-ozone/tools/target/test-dir/MiniOzoneClusterImpl-55ba2c16-82ef-4526-82fa-9313f8d95d3f/datanode-2/data/ratis/42a65bb9-138d-4efa-92c0-7a5e61498000
2019-09-25 07:33:59,957 [pool-47-thread-1] INFO  server.RaftServerConfigKeys (ConfUtils.java:logGet(43)) - raft.server.log.queue.byte-limit = 2147483647 (custom)
2019-09-25 07:33:59,957 [pool-47-thread-1] INFO  server.RaftServerConfigKeys (ConfUtils.java:logGet(43)) - raft.server.log.queue.element-limit = 1024 (custom)
2019-09-25 07:33:59,958 [pool-47-thread-1] INFO  server.RaftServerConfigKeys (ConfUtils.java:logGet(43)) - raft.server.log.segment.size.max = 1048576 (custom)
2019-09-25 07:33:59,958 [pool-47-thread-1] INFO  server.RaftServerConfigKeys (ConfUtils.java:logGet(43)) - raft.server.log.preallocated.size = 16384 (custom)
2019-09-25 07:33:59,958 [pool-47-thread-1] INFO  server.RaftServerConfigKeys (ConfUtils.java:logGet(43)) - raft.server.log.write.buffer.size = 33554432 (custom)
2019-09-25 07:33:59,958 [pool-47-thread-1] INFO  server.RaftServerConfigKeys (ConfUtils.java:logGet(43)) - raft.server.log.force.sync.num = 128 (default)
2019-09-25 07:33:59,958 [pool-47-thread-1] INFO  server.RaftServerConfigKeys (ConfUtils.java:logGet(43)) - raft.server.log.statemachine.data.sync = true (default)
2019-09-25 07:33:59,959 [pool-47-thread-1] INFO  server.RaftServerConfigKeys (ConfUtils.java:logGet(43)) - raft.server.log.statemachine.data.sync.timeout = 10s (default)
2019-09-25 07:33:59,959 [pool-47-thread-1] INFO  server.RaftServerConfigKeys (ConfUtils.java:logGet(43)) - raft.server.log.statemachine.data.sync.timeout.retry = -1 (default)
2019-09-25 07:33:59,964 [pool-47-thread-1] INFO  server.RaftServerConfigKeys (ConfUtils.java:logGet(43)) - raft.server.log.statemachine.data.caching.enabled = true (custom)
2019-09-25 07:33:59,964 [pool-47-thread-1] INFO  segmented.SegmentedRaftLogWorker (SegmentedRaftLogWorker.java:lambda$new$0(132)) - df3fee13-edb1-4245-be34-bb4c7d942b62@group-7A5E61498000-SegmentedRaftLogWorker: flushIndex: setUnconditionally 0 -> -1
2019-09-25 07:33:59,964 [pool-47-thread-1] INFO  server.RaftServerConfigKeys (ConfUtils.java:logGet(43)) - raft.server.snapshot.auto.trigger.enabled = true (custom)
2019-09-25 07:33:59,965 [pool-47-thread-1] INFO  server.RaftServerConfigKeys (ConfUtils.java:logGet(43)) - raft.server.snapshot.auto.trigger.threshold = 10000 (custom)
2019-09-25 07:33:59,965 [pool-47-thread-1] INFO  server.RaftServerConfigKeys (ConfUtils.java:logGet(43)) - raft.server.snapshot.retention.num.files = 5 (custom)
2019-09-25 07:33:59,965 [pool-47-thread-1] INFO  server.RaftServerConfigKeys (ConfUtils.java:logGet(43)) - raft.server.retrycache.expirytime = 600000ms (custom)
2019-09-25 07:33:59,968 [pool-47-thread-1] INFO  impl.RaftServerImpl (RaftServerImpl.java:start(185)) - df3fee13-edb1-4245-be34-bb4c7d942b62@group-7A5E61498000: start as a follower, conf=-1: [df3fee13-edb1-4245-be34-bb4c7d942b62:192.168.151.106:43278], old=null
2019-09-25 07:33:59,969 [pool-47-thread-1] INFO  impl.RaftServerImpl (RaftServerImpl.java:setRole(174)) - df3fee13-edb1-4245-be34-bb4c7d942b62@group-7A5E61498000: changes role from      null to FOLLOWER at term 0 for startAsFollower
2019-09-25 07:33:59,969 [pool-47-thread-1] INFO  impl.RoleInfo (RoleInfo.java:updateAndGet(143)) - df3fee13-edb1-4245-be34-bb4c7d942b62: start FollowerState
2019-09-25 07:33:59,969 [pool-47-thread-1] INFO  util.JmxRegister (JmxRegister.java:tryRegister(44)) - Successfully registered JMX Bean with object name Ratis:service=RaftServer,group=group-7A5E61498000,id=df3fee13-edb1-4245-be34-bb4c7d942b62
2019-09-25 07:33:59,987 [RatisPipelineUtilsThread] INFO  pipeline.PipelineStateManager (PipelineStateManager.java:addPipeline(56)) - Created pipeline Pipeline[ Id: 42a65bb9-138d-4efa-92c0-7a5e61498000, Nodes: df3fee13-edb1-4245-be34-bb4c7d942b62{ip: 192.168.151.106, host: pr-hdds-1569-x2sr2-3486766547, networkLocation: /default-rack, certSerialId: null}, Type:RATIS, Factor:ONE, State:OPEN]
2019-09-25 07:34:00,000 [grpc-default-executor-0] INFO  impl.RaftServerProxy (RaftServerProxy.java:addNew(89)) - df3fee13-edb1-4245-be34-bb4c7d942b62: addNew group-D286C75EB289:[df3fee13-edb1-4245-be34-bb4c7d942b62:192.168.151.106:43278] returns group-D286C75EB289:java.util.concurrent.CompletableFuture@5d81fab1[Not completed]
2019-09-25 07:34:00,002 [pool-47-thread-1] INFO  impl.RaftServerImpl (RaftServerImpl.java:<init>(95)) - df3fee13-edb1-4245-be34-bb4c7d942b62: new RaftServerImpl for group-D286C75EB289:[df3fee13-edb1-4245-be34-bb4c7d942b62:192.168.151.106:43278] with ContainerStateMachine:uninitialized
2019-09-25 07:34:00,002 [pool-47-thread-1] INFO  server.RaftServerConfigKeys (ConfUtils.java:logGet(43)) - raft.server.rpc.timeout.min = 5s (custom)
2019-09-25 07:34:00,002 [pool-47-thread-1] INFO  server.RaftServerConfigKeys (ConfUtils.java:logGet(43)) - raft.server.rpc.timeout.max = 5200ms (custom)
2019-09-25 07:34:00,003 [pool-47-thread-1] INFO  server.RaftServerConfigKeys (ConfUtils.java:logGet(43)) - raft.server.rpcslowness.timeout = 120s (custom)
2019-09-25 07:34:00,003 [pool-47-thread-1] INFO  server.RaftServerConfigKeys (ConfUtils.java:logGet(43)) - raft.server.sleep.deviation.threshold = 300 (default)
2019-09-25 07:34:00,003 [pool-47-thread-1] INFO  server.RaftServerConfigKeys (ConfUtils.java:logGet(43)) - raft.server.log.appender.install.snapshot.enabled = false (custom)
2019-09-25 07:34:00,003 [pool-47-thread-1] INFO  impl.RaftServerImpl (ServerState.java:<init>(103)) - df3fee13-edb1-4245-be34-bb4c7d942b62@group-D286C75EB289: ConfigurationManager, init=-1: [df3fee13-edb1-4245-be34-bb4c7d942b62:192.168.151.106:43278], old=null, confs=<EMPTY_MAP>
2019-09-25 07:34:00,003 [pool-47-thread-1] INFO  server.RaftServerConfigKeys (ConfUtils.java:logGet(43)) - raft.server.storage.dir = [/workdir/hadoop-ozone/tools/target/test-dir/MiniOzoneClusterImpl-55ba2c16-82ef-4526-82fa-9313f8d95d3f/datanode-2/data/ratis] (custom)
2019-09-25 07:34:00,004 [pool-47-thread-1] INFO  storage.RaftStorageDirectory (RaftStorageDirectory.java:analyzeStorage(246)) - The storage directory /workdir/hadoop-ozone/tools/target/test-dir/MiniOzoneClusterImpl-55ba2c16-82ef-4526-82fa-9313f8d95d3f/datanode-2/data/ratis/78c5b6f6-0572-416f-85c0-d286c75eb289 does not exist. Creating ...
2019-09-25 07:34:00,018 [pool-47-thread-1] INFO  storage.RaftStorageDirectory (RaftStorageDirectory.java:tryLock(328)) - Lock on /workdir/hadoop-ozone/tools/target/test-dir/MiniOzoneClusterImpl-55ba2c16-82ef-4526-82fa-9313f8d95d3f/datanode-2/data/ratis/78c5b6f6-0572-416f-85c0-d286c75eb289/in_use.lock acquired by nodename 26202@pr-hdds-1569-x2sr2-3486766547
2019-09-25 07:34:00,031 [pool-47-thread-1] INFO  storage.RaftStorage (RaftStorage.java:format(72)) - Storage directory /workdir/hadoop-ozone/tools/target/test-dir/MiniOzoneClusterImpl-55ba2c16-82ef-4526-82fa-9313f8d95d3f/datanode-2/data/ratis/78c5b6f6-0572-416f-85c0-d286c75eb289 has been successfully formatted.
2019-09-25 07:34:00,031 [pool-47-thread-1] INFO  ratis.ContainerStateMachine (ContainerStateMachine.java:loadSnapshot(230)) - group-D286C75EB289: The snapshot info is null. Setting the last applied indexto:(t:0, i:~)
2019-09-25 07:34:00,031 [pool-47-thread-1] INFO  server.RaftServerConfigKeys (ConfUtils.java:logGet(43)) - raft.server.notification.no-leader.timeout = 120s (custom)
2019-09-25 07:34:00,031 [pool-47-thread-1] INFO  server.RaftServerConfigKeys (ConfUtils.java:logGet(43)) - raft.server.log.use.memory = false (default)
2019-09-25 07:34:00,032 [pool-47-thread-1] INFO  server.RaftServerConfigKeys (ConfUtils.java:logGet(43)) - raft.server.log.purge.gap = 1000000 (custom)
2019-09-25 07:34:00,032 [pool-47-thread-1] INFO  server.RaftServerConfigKeys (ConfUtils.java:logGet(43)) - raft.server.log.appender.buffer.byte-limit = 33554432 (custom)
2019-09-25 07:34:00,032 [pool-47-thread-1] INFO  server.RaftServerConfigKeys (ConfUtils.java:logGet(43)) - raft.server.log.segment.size.max = 1048576 (custom)
2019-09-25 07:34:00,032 [pool-47-thread-1] INFO  server.RaftServerConfigKeys (ConfUtils.java:logGet(43)) - raft.server.log.segment.cache.num.max = 2 (custom)
2019-09-25 07:34:00,032 [pool-47-thread-1] INFO  segmented.SegmentedRaftLogWorker (SegmentedRaftLogWorker.java:<init>(172)) - new df3fee13-edb1-4245-be34-bb4c7d942b62@group-D286C75EB289-SegmentedRaftLogWorker for RaftStorage:Storage Directory /workdir/hadoop-ozone/tools/target/test-dir/MiniOzoneClusterImpl-55ba2c16-82ef-4526-82fa-9313f8d95d3f/datanode-2/data/ratis/78c5b6f6-0572-416f-85c0-d286c75eb289
2019-09-25 07:34:00,032 [pool-47-thread-1] INFO  server.RaftServerConfigKeys (ConfUtils.java:logGet(43)) - raft.server.log.queue.byte-limit = 2147483647 (custom)
2019-09-25 07:34:00,033 [pool-47-thread-1] INFO  server.RaftServerConfigKeys (ConfUtils.java:logGet(43)) - raft.server.log.queue.element-limit = 1024 (custom)
2019-09-25 07:34:00,033 [pool-47-thread-1] INFO  server.RaftServerConfigKeys (ConfUtils.java:logGet(43)) - raft.server.log.segment.size.max = 1048576 (custom)
2019-09-25 07:34:00,033 [pool-47-thread-1] INFO  server.RaftServerConfigKeys (ConfUtils.java:logGet(43)) - raft.server.log.preallocated.size = 16384 (custom)
2019-09-25 07:34:00,033 [pool-47-thread-1] INFO  server.RaftServerConfigKeys (ConfUtils.java:logGet(43)) - raft.server.log.write.buffer.size = 33554432 (custom)
2019-09-25 07:34:00,033 [pool-47-thread-1] INFO  server.RaftServerConfigKeys (ConfUtils.java:logGet(43)) - raft.server.log.force.sync.num = 128 (default)
2019-09-25 07:34:00,033 [pool-47-thread-1] INFO  server.RaftServerConfigKeys (ConfUtils.java:logGet(43)) - raft.server.log.statemachine.data.sync = true (default)
2019-09-25 07:34:00,033 [pool-47-thread-1] INFO  server.RaftServerConfigKeys (ConfUtils.java:logGet(43)) - raft.server.log.statemachine.data.sync.timeout = 10s (default)
2019-09-25 07:34:00,034 [pool-47-thread-1] INFO  server.RaftServerConfigKeys (ConfUtils.java:logGet(43)) - raft.server.log.statemachine.data.sync.timeout.retry = -1 (default)
2019-09-25 07:34:00,034 [pool-47-thread-1] INFO  server.RaftServerConfigKeys (ConfUtils.java:logGet(43)) - raft.server.log.statemachine.data.caching.enabled = true (custom)
2019-09-25 07:34:00,034 [pool-47-thread-1] INFO  segmented.SegmentedRaftLogWorker (SegmentedRaftLogWorker.java:lambda$new$0(132)) - df3fee13-edb1-4245-be34-bb4c7d942b62@group-D286C75EB289-SegmentedRaftLogWorker: flushIndex: setUnconditionally 0 -> -1
2019-09-25 07:34:00,034 [pool-47-thread-1] INFO  server.RaftServerConfigKeys (ConfUtils.java:logGet(43)) - raft.server.snapshot.auto.trigger.enabled = true (custom)
2019-09-25 07:34:00,035 [pool-47-thread-1] INFO  server.RaftServerConfigKeys (ConfUtils.java:logGet(43)) - raft.server.snapshot.auto.trigger.threshold = 10000 (custom)
2019-09-25 07:34:00,035 [pool-47-thread-1] INFO  server.RaftServerConfigKeys (ConfUtils.java:logGet(43)) - raft.server.snapshot.retention.num.files = 5 (custom)
2019-09-25 07:34:00,035 [pool-47-thread-1] INFO  server.RaftServerConfigKeys (ConfUtils.java:logGet(43)) - raft.server.retrycache.expirytime = 600000ms (custom)
2019-09-25 07:34:00,038 [pool-47-thread-1] INFO  impl.RaftServerImpl (RaftServerImpl.java:start(185)) - df3fee13-edb1-4245-be34-bb4c7d942b62@group-D286C75EB289: start as a follower, conf=-1: [df3fee13-edb1-4245-be34-bb4c7d942b62:192.168.151.106:43278], old=null
2019-09-25 07:34:00,038 [pool-47-thread-1] INFO  impl.RaftServerImpl (RaftServerImpl.java:setRole(174)) - df3fee13-edb1-4245-be34-bb4c7d942b62@group-D286C75EB289: changes role from      null to FOLLOWER at term 0 for startAsFollower
2019-09-25 07:34:00,038 [pool-47-thread-1] INFO  impl.RoleInfo (RoleInfo.java:updateAndGet(143)) - df3fee13-edb1-4245-be34-bb4c7d942b62: start FollowerState
2019-09-25 07:34:00,038 [pool-47-thread-1] INFO  util.JmxRegister (JmxRegister.java:tryRegister(44)) - Successfully registered JMX Bean with object name Ratis:service=RaftServer,group=group-D286C75EB289,id=df3fee13-edb1-4245-be34-bb4c7d942b62
2019-09-25 07:34:00,049 [RatisPipelineUtilsThread] INFO  pipeline.PipelineStateManager (PipelineStateManager.java:addPipeline(56)) - Created pipeline Pipeline[ Id: 78c5b6f6-0572-416f-85c0-d286c75eb289, Nodes: df3fee13-edb1-4245-be34-bb4c7d942b62{ip: 192.168.151.106, host: pr-hdds-1569-x2sr2-3486766547, networkLocation: /default-rack, certSerialId: null}, Type:RATIS, Factor:ONE, State:OPEN]
2019-09-25 07:34:00,062 [grpc-default-executor-0] INFO  impl.RaftServerProxy (RaftServerProxy.java:addNew(89)) - df3fee13-edb1-4245-be34-bb4c7d942b62: addNew group-163C3D850AFB:[df3fee13-edb1-4245-be34-bb4c7d942b62:192.168.151.106:43278] returns group-163C3D850AFB:java.util.concurrent.CompletableFuture@bdc71b4[Not completed]
2019-09-25 07:34:00,063 [pool-47-thread-1] INFO  impl.RaftServerImpl (RaftServerImpl.java:<init>(95)) - df3fee13-edb1-4245-be34-bb4c7d942b62: new RaftServerImpl for group-163C3D850AFB:[df3fee13-edb1-4245-be34-bb4c7d942b62:192.168.151.106:43278] with ContainerStateMachine:uninitialized
2019-09-25 07:34:00,063 [pool-47-thread-1] INFO  server.RaftServerConfigKeys (ConfUtils.java:logGet(43)) - raft.server.rpc.timeout.min = 5s (custom)
2019-09-25 07:34:00,063 [pool-47-thread-1] INFO  server.RaftServerConfigKeys (ConfUtils.java:logGet(43)) - raft.server.rpc.timeout.max = 5200ms (custom)
2019-09-25 07:34:00,063 [pool-47-thread-1] INFO  server.RaftServerConfigKeys (ConfUtils.java:logGet(43)) - raft.server.rpcslowness.timeout = 120s (custom)
2019-09-25 07:34:00,063 [pool-47-thread-1] INFO  server.RaftServerConfigKeys (ConfUtils.java:logGet(43)) - raft.server.sleep.deviation.threshold = 300 (default)
2019-09-25 07:34:00,064 [pool-47-thread-1] INFO  server.RaftServerConfigKeys (ConfUtils.java:logGet(43)) - raft.server.log.appender.install.snapshot.enabled = false (custom)
2019-09-25 07:34:00,064 [pool-47-thread-1] INFO  impl.RaftServerImpl (ServerState.java:<init>(103)) - df3fee13-edb1-4245-be34-bb4c7d942b62@group-163C3D850AFB: ConfigurationManager, init=-1: [df3fee13-edb1-4245-be34-bb4c7d942b62:192.168.151.106:43278], old=null, confs=<EMPTY_MAP>
2019-09-25 07:34:00,064 [pool-47-thread-1] INFO  server.RaftServerConfigKeys (ConfUtils.java:logGet(43)) - raft.server.storage.dir = [/workdir/hadoop-ozone/tools/target/test-dir/MiniOzoneClusterImpl-55ba2c16-82ef-4526-82fa-9313f8d95d3f/datanode-2/data/ratis] (custom)
2019-09-25 07:34:00,064 [pool-47-thread-1] INFO  storage.RaftStorageDirectory (RaftStorageDirectory.java:analyzeStorage(246)) - The storage directory /workdir/hadoop-ozone/tools/target/test-dir/MiniOzoneClusterImpl-55ba2c16-82ef-4526-82fa-9313f8d95d3f/datanode-2/data/ratis/ce66daba-711f-4338-a294-163c3d850afb does not exist. Creating ...
2019-09-25 07:34:00,076 [pool-47-thread-1] INFO  storage.RaftStorageDirectory (RaftStorageDirectory.java:tryLock(328)) - Lock on /workdir/hadoop-ozone/tools/target/test-dir/MiniOzoneClusterImpl-55ba2c16-82ef-4526-82fa-9313f8d95d3f/datanode-2/data/ratis/ce66daba-711f-4338-a294-163c3d850afb/in_use.lock acquired by nodename 26202@pr-hdds-1569-x2sr2-3486766547
2019-09-25 07:34:00,090 [pool-47-thread-1] INFO  storage.RaftStorage (RaftStorage.java:format(72)) - Storage directory /workdir/hadoop-ozone/tools/target/test-dir/MiniOzoneClusterImpl-55ba2c16-82ef-4526-82fa-9313f8d95d3f/datanode-2/data/ratis/ce66daba-711f-4338-a294-163c3d850afb has been successfully formatted.
2019-09-25 07:34:00,090 [pool-47-thread-1] INFO  ratis.ContainerStateMachine (ContainerStateMachine.java:loadSnapshot(230)) - group-163C3D850AFB: The snapshot info is null. Setting the last applied indexto:(t:0, i:~)
2019-09-25 07:34:00,090 [pool-47-thread-1] INFO  server.RaftServerConfigKeys (ConfUtils.java:logGet(43)) - raft.server.notification.no-leader.timeout = 120s (custom)
2019-09-25 07:34:00,090 [pool-47-thread-1] INFO  server.RaftServerConfigKeys (ConfUtils.java:logGet(43)) - raft.server.log.use.memory = false (default)
2019-09-25 07:34:00,091 [pool-47-thread-1] INFO  server.RaftServerConfigKeys (ConfUtils.java:logGet(43)) - raft.server.log.purge.gap = 1000000 (custom)
2019-09-25 07:34:00,091 [pool-47-thread-1] INFO  server.RaftServerConfigKeys (ConfUtils.java:logGet(43)) - raft.server.log.appender.buffer.byte-limit = 33554432 (custom)
2019-09-25 07:34:00,091 [pool-47-thread-1] INFO  server.RaftServerConfigKeys (ConfUtils.java:logGet(43)) - raft.server.log.segment.size.max = 1048576 (custom)
2019-09-25 07:34:00,091 [pool-47-thread-1] INFO  server.RaftServerConfigKeys (ConfUtils.java:logGet(43)) - raft.server.log.segment.cache.num.max = 2 (custom)
2019-09-25 07:34:00,091 [pool-47-thread-1] INFO  segmented.SegmentedRaftLogWorker (SegmentedRaftLogWorker.java:<init>(172)) - new df3fee13-edb1-4245-be34-bb4c7d942b62@group-163C3D850AFB-SegmentedRaftLogWorker for RaftStorage:Storage Directory /workdir/hadoop-ozone/tools/target/test-dir/MiniOzoneClusterImpl-55ba2c16-82ef-4526-82fa-9313f8d95d3f/datanode-2/data/ratis/ce66daba-711f-4338-a294-163c3d850afb
2019-09-25 07:34:00,091 [pool-47-thread-1] INFO  server.RaftServerConfigKeys (ConfUtils.java:logGet(43)) - raft.server.log.queue.byte-limit = 2147483647 (custom)
2019-09-25 07:34:00,091 [pool-47-thread-1] INFO  server.RaftServerConfigKeys (ConfUtils.java:logGet(43)) - raft.server.log.queue.element-limit = 1024 (custom)
2019-09-25 07:34:00,091 [pool-47-thread-1] INFO  server.RaftServerConfigKeys (ConfUtils.java:logGet(43)) - raft.server.log.segment.size.max = 1048576 (custom)
2019-09-25 07:34:00,092 [pool-47-thread-1] INFO  server.RaftServerConfigKeys (ConfUtils.java:logGet(43)) - raft.server.log.preallocated.size = 16384 (custom)
2019-09-25 07:34:00,092 [pool-47-thread-1] INFO  server.RaftServerConfigKeys (ConfUtils.java:logGet(43)) - raft.server.log.write.buffer.size = 33554432 (custom)
2019-09-25 07:34:00,092 [pool-47-thread-1] INFO  server.RaftServerConfigKeys (ConfUtils.java:logGet(43)) - raft.server.log.force.sync.num = 128 (default)
2019-09-25 07:34:00,092 [pool-47-thread-1] INFO  server.RaftServerConfigKeys (ConfUtils.java:logGet(43)) - raft.server.log.statemachine.data.sync = true (default)
2019-09-25 07:34:00,092 [pool-47-thread-1] INFO  server.RaftServerConfigKeys (ConfUtils.java:logGet(43)) - raft.server.log.statemachine.data.sync.timeout = 10s (default)
2019-09-25 07:34:00,092 [pool-47-thread-1] INFO  server.RaftServerConfigKeys (ConfUtils.java:logGet(43)) - raft.server.log.statemachine.data.sync.timeout.retry = -1 (default)
2019-09-25 07:34:00,092 [pool-47-thread-1] INFO  server.RaftServerConfigKeys (ConfUtils.java:logGet(43)) - raft.server.log.statemachine.data.caching.enabled = true (custom)
2019-09-25 07:34:00,093 [pool-47-thread-1] INFO  segmented.SegmentedRaftLogWorker (SegmentedRaftLogWorker.java:lambda$new$0(132)) - df3fee13-edb1-4245-be34-bb4c7d942b62@group-163C3D850AFB-SegmentedRaftLogWorker: flushIndex: setUnconditionally 0 -> -1
2019-09-25 07:34:00,093 [pool-47-thread-1] INFO  server.RaftServerConfigKeys (ConfUtils.java:logGet(43)) - raft.server.snapshot.auto.trigger.enabled = true (custom)
2019-09-25 07:34:00,093 [pool-47-thread-1] INFO  server.RaftServerConfigKeys (ConfUtils.java:logGet(43)) - raft.server.snapshot.auto.trigger.threshold = 10000 (custom)
2019-09-25 07:34:00,093 [pool-47-thread-1] INFO  server.RaftServerConfigKeys (ConfUtils.java:logGet(43)) - raft.server.snapshot.retention.num.files = 5 (custom)
2019-09-25 07:34:00,093 [pool-47-thread-1] INFO  server.RaftServerConfigKeys (ConfUtils.java:logGet(43)) - raft.server.retrycache.expirytime = 600000ms (custom)
2019-09-25 07:34:00,096 [pool-47-thread-1] INFO  impl.RaftServerImpl (RaftServerImpl.java:start(185)) - df3fee13-edb1-4245-be34-bb4c7d942b62@group-163C3D850AFB: start as a follower, conf=-1: [df3fee13-edb1-4245-be34-bb4c7d942b62:192.168.151.106:43278], old=null
2019-09-25 07:34:00,096 [pool-47-thread-1] INFO  impl.RaftServerImpl (RaftServerImpl.java:setRole(174)) - df3fee13-edb1-4245-be34-bb4c7d942b62@group-163C3D850AFB: changes role from      null to FOLLOWER at term 0 for startAsFollower
2019-09-25 07:34:00,096 [pool-47-thread-1] INFO  impl.RoleInfo (RoleInfo.java:updateAndGet(143)) - df3fee13-edb1-4245-be34-bb4c7d942b62: start FollowerState
2019-09-25 07:34:00,096 [pool-47-thread-1] INFO  util.JmxRegister (JmxRegister.java:tryRegister(44)) - Successfully registered JMX Bean with object name Ratis:service=RaftServer,group=group-163C3D850AFB,id=df3fee13-edb1-4245-be34-bb4c7d942b62
2019-09-25 07:34:00,104 [RatisPipelineUtilsThread] INFO  pipeline.PipelineStateManager (PipelineStateManager.java:addPipeline(56)) - Created pipeline Pipeline[ Id: ce66daba-711f-4338-a294-163c3d850afb, Nodes: df3fee13-edb1-4245-be34-bb4c7d942b62{ip: 192.168.151.106, host: pr-hdds-1569-x2sr2-3486766547, networkLocation: /default-rack, certSerialId: null}, Type:RATIS, Factor:ONE, State:OPEN]
2019-09-25 07:34:00,115 [grpc-default-executor-0] INFO  impl.RaftServerProxy (RaftServerProxy.java:addNew(89)) - bdcda101-49b0-4c87-b510-4eac276b6602: addNew group-11A224F96DF4:[bdcda101-49b0-4c87-b510-4eac276b6602:192.168.151.106:38523] returns group-11A224F96DF4:java.util.concurrent.CompletableFuture@31d40d3e[Not completed]
2019-09-25 07:34:00,117 [pool-27-thread-1] INFO  impl.RaftServerImpl (RaftServerImpl.java:<init>(95)) - bdcda101-49b0-4c87-b510-4eac276b6602: new RaftServerImpl for group-11A224F96DF4:[bdcda101-49b0-4c87-b510-4eac276b6602:192.168.151.106:38523] with ContainerStateMachine:uninitialized
2019-09-25 07:34:00,117 [pool-27-thread-1] INFO  server.RaftServerConfigKeys (ConfUtils.java:logGet(43)) - raft.server.rpc.timeout.min = 5s (custom)
2019-09-25 07:34:00,118 [pool-27-thread-1] INFO  server.RaftServerConfigKeys (ConfUtils.java:logGet(43)) - raft.server.rpc.timeout.max = 5200ms (custom)
2019-09-25 07:34:00,118 [pool-27-thread-1] INFO  server.RaftServerConfigKeys (ConfUtils.java:logGet(43)) - raft.server.rpcslowness.timeout = 120s (custom)
2019-09-25 07:34:00,118 [pool-27-thread-1] INFO  server.RaftServerConfigKeys (ConfUtils.java:logGet(43)) - raft.server.sleep.deviation.threshold = 300 (default)
2019-09-25 07:34:00,118 [pool-27-thread-1] INFO  server.RaftServerConfigKeys (ConfUtils.java:logGet(43)) - raft.server.log.appender.install.snapshot.enabled = false (custom)
2019-09-25 07:34:00,118 [pool-27-thread-1] INFO  impl.RaftServerImpl (ServerState.java:<init>(103)) - bdcda101-49b0-4c87-b510-4eac276b6602@group-11A224F96DF4: ConfigurationManager, init=-1: [bdcda101-49b0-4c87-b510-4eac276b6602:192.168.151.106:38523], old=null, confs=<EMPTY_MAP>
2019-09-25 07:34:00,118 [pool-27-thread-1] INFO  server.RaftServerConfigKeys (ConfUtils.java:logGet(43)) - raft.server.storage.dir = [/workdir/hadoop-ozone/tools/target/test-dir/MiniOzoneClusterImpl-55ba2c16-82ef-4526-82fa-9313f8d95d3f/datanode-0/data/ratis] (custom)
2019-09-25 07:34:00,119 [pool-27-thread-1] INFO  storage.RaftStorageDirectory (RaftStorageDirectory.java:analyzeStorage(246)) - The storage directory /workdir/hadoop-ozone/tools/target/test-dir/MiniOzoneClusterImpl-55ba2c16-82ef-4526-82fa-9313f8d95d3f/datanode-0/data/ratis/06e67670-ee86-488a-b41f-11a224f96df4 does not exist. Creating ...
2019-09-25 07:34:00,141 [pool-27-thread-1] INFO  storage.RaftStorageDirectory (RaftStorageDirectory.java:tryLock(328)) - Lock on /workdir/hadoop-ozone/tools/target/test-dir/MiniOzoneClusterImpl-55ba2c16-82ef-4526-82fa-9313f8d95d3f/datanode-0/data/ratis/06e67670-ee86-488a-b41f-11a224f96df4/in_use.lock acquired by nodename 26202@pr-hdds-1569-x2sr2-3486766547
2019-09-25 07:34:00,160 [pool-27-thread-1] INFO  storage.RaftStorage (RaftStorage.java:format(72)) - Storage directory /workdir/hadoop-ozone/tools/target/test-dir/MiniOzoneClusterImpl-55ba2c16-82ef-4526-82fa-9313f8d95d3f/datanode-0/data/ratis/06e67670-ee86-488a-b41f-11a224f96df4 has been successfully formatted.
2019-09-25 07:34:00,160 [pool-27-thread-1] INFO  ratis.ContainerStateMachine (ContainerStateMachine.java:loadSnapshot(230)) - group-11A224F96DF4: The snapshot info is null. Setting the last applied indexto:(t:0, i:~)
2019-09-25 07:34:00,161 [pool-27-thread-1] INFO  server.RaftServerConfigKeys (ConfUtils.java:logGet(43)) - raft.server.notification.no-leader.timeout = 120s (custom)
2019-09-25 07:34:00,161 [pool-27-thread-1] INFO  server.RaftServerConfigKeys (ConfUtils.java:logGet(43)) - raft.server.log.use.memory = false (default)
2019-09-25 07:34:00,161 [pool-27-thread-1] INFO  server.RaftServerConfigKeys (ConfUtils.java:logGet(43)) - raft.server.log.purge.gap = 1000000 (custom)
2019-09-25 07:34:00,161 [pool-27-thread-1] INFO  server.RaftServerConfigKeys (ConfUtils.java:logGet(43)) - raft.server.log.appender.buffer.byte-limit = 33554432 (custom)
2019-09-25 07:34:00,161 [pool-27-thread-1] INFO  server.RaftServerConfigKeys (ConfUtils.java:logGet(43)) - raft.server.log.segment.size.max = 1048576 (custom)
2019-09-25 07:34:00,161 [pool-27-thread-1] INFO  server.RaftServerConfigKeys (ConfUtils.java:logGet(43)) - raft.server.log.segment.cache.num.max = 2 (custom)
2019-09-25 07:34:00,161 [pool-27-thread-1] INFO  segmented.SegmentedRaftLogWorker (SegmentedRaftLogWorker.java:<init>(172)) - new bdcda101-49b0-4c87-b510-4eac276b6602@group-11A224F96DF4-SegmentedRaftLogWorker for RaftStorage:Storage Directory /workdir/hadoop-ozone/tools/target/test-dir/MiniOzoneClusterImpl-55ba2c16-82ef-4526-82fa-9313f8d95d3f/datanode-0/data/ratis/06e67670-ee86-488a-b41f-11a224f96df4
2019-09-25 07:34:00,162 [pool-27-thread-1] INFO  server.RaftServerConfigKeys (ConfUtils.java:logGet(43)) - raft.server.log.queue.byte-limit = 2147483647 (custom)
2019-09-25 07:34:00,162 [pool-27-thread-1] INFO  server.RaftServerConfigKeys (ConfUtils.java:logGet(43)) - raft.server.log.queue.element-limit = 1024 (custom)
2019-09-25 07:34:00,162 [pool-27-thread-1] INFO  server.RaftServerConfigKeys (ConfUtils.java:logGet(43)) - raft.server.log.segment.size.max = 1048576 (custom)
2019-09-25 07:34:00,162 [pool-27-thread-1] INFO  server.RaftServerConfigKeys (ConfUtils.java:logGet(43)) - raft.server.log.preallocated.size = 16384 (custom)
2019-09-25 07:34:00,162 [pool-27-thread-1] INFO  server.RaftServerConfigKeys (ConfUtils.java:logGet(43)) - raft.server.log.write.buffer.size = 33554432 (custom)
2019-09-25 07:34:00,162 [pool-27-thread-1] INFO  server.RaftServerConfigKeys (ConfUtils.java:logGet(43)) - raft.server.log.force.sync.num = 128 (default)
2019-09-25 07:34:00,162 [pool-27-thread-1] INFO  server.RaftServerConfigKeys (ConfUtils.java:logGet(43)) - raft.server.log.statemachine.data.sync = true (default)
2019-09-25 07:34:00,162 [pool-27-thread-1] INFO  server.RaftServerConfigKeys (ConfUtils.java:logGet(43)) - raft.server.log.statemachine.data.sync.timeout = 10s (default)
2019-09-25 07:34:00,163 [pool-27-thread-1] INFO  server.RaftServerConfigKeys (ConfUtils.java:logGet(43)) - raft.server.log.statemachine.data.sync.timeout.retry = -1 (default)
2019-09-25 07:34:00,163 [pool-27-thread-1] INFO  server.RaftServerConfigKeys (ConfUtils.java:logGet(43)) - raft.server.log.statemachine.data.caching.enabled = true (custom)
2019-09-25 07:34:00,163 [pool-27-thread-1] INFO  segmented.SegmentedRaftLogWorker (SegmentedRaftLogWorker.java:lambda$new$0(132)) - bdcda101-49b0-4c87-b510-4eac276b6602@group-11A224F96DF4-SegmentedRaftLogWorker: flushIndex: setUnconditionally 0 -> -1
2019-09-25 07:34:00,163 [pool-27-thread-1] INFO  server.RaftServerConfigKeys (ConfUtils.java:logGet(43)) - raft.server.snapshot.auto.trigger.enabled = true (custom)
2019-09-25 07:34:00,163 [pool-27-thread-1] INFO  server.RaftServerConfigKeys (ConfUtils.java:logGet(43)) - raft.server.snapshot.auto.trigger.threshold = 10000 (custom)
2019-09-25 07:34:00,164 [pool-27-thread-1] INFO  server.RaftServerConfigKeys (ConfUtils.java:logGet(43)) - raft.server.snapshot.retention.num.files = 5 (custom)
2019-09-25 07:34:00,164 [pool-27-thread-1] INFO  server.RaftServerConfigKeys (ConfUtils.java:logGet(43)) - raft.server.retrycache.expirytime = 600000ms (custom)
2019-09-25 07:34:00,166 [pool-27-thread-1] INFO  impl.RaftServerImpl (RaftServerImpl.java:start(185)) - bdcda101-49b0-4c87-b510-4eac276b6602@group-11A224F96DF4: start as a follower, conf=-1: [bdcda101-49b0-4c87-b510-4eac276b6602:192.168.151.106:38523], old=null
2019-09-25 07:34:00,166 [pool-27-thread-1] INFO  impl.RaftServerImpl (RaftServerImpl.java:setRole(174)) - bdcda101-49b0-4c87-b510-4eac276b6602@group-11A224F96DF4: changes role from      null to FOLLOWER at term 0 for startAsFollower
2019-09-25 07:34:00,166 [pool-27-thread-1] INFO  impl.RoleInfo (RoleInfo.java:updateAndGet(143)) - bdcda101-49b0-4c87-b510-4eac276b6602: start FollowerState
2019-09-25 07:34:00,167 [pool-27-thread-1] INFO  util.JmxRegister (JmxRegister.java:tryRegister(44)) - Successfully registered JMX Bean with object name Ratis:service=RaftServer,group=group-11A224F96DF4,id=bdcda101-49b0-4c87-b510-4eac276b6602
2019-09-25 07:34:00,176 [RatisPipelineUtilsThread] INFO  pipeline.PipelineStateManager (PipelineStateManager.java:addPipeline(56)) - Created pipeline Pipeline[ Id: 06e67670-ee86-488a-b41f-11a224f96df4, Nodes: bdcda101-49b0-4c87-b510-4eac276b6602{ip: 192.168.151.106, host: pr-hdds-1569-x2sr2-3486766547, networkLocation: /default-rack, certSerialId: null}, Type:RATIS, Factor:ONE, State:OPEN]
2019-09-25 07:34:00,198 [grpc-default-executor-0] INFO  impl.RaftServerProxy (RaftServerProxy.java:addNew(89)) - 9659e150-6db8-46c9-9754-45a2163a8a7f: addNew group-690FA39D23DE:[9659e150-6db8-46c9-9754-45a2163a8a7f:192.168.151.106:44942] returns group-690FA39D23DE:java.util.concurrent.CompletableFuture@38f27449[Not completed]
2019-09-25 07:34:00,200 [pool-37-thread-1] INFO  impl.RaftServerImpl (RaftServerImpl.java:<init>(95)) - 9659e150-6db8-46c9-9754-45a2163a8a7f: new RaftServerImpl for group-690FA39D23DE:[9659e150-6db8-46c9-9754-45a2163a8a7f:192.168.151.106:44942] with ContainerStateMachine:uninitialized
2019-09-25 07:34:00,200 [pool-37-thread-1] INFO  server.RaftServerConfigKeys (ConfUtils.java:logGet(43)) - raft.server.rpc.timeout.min = 5s (custom)
2019-09-25 07:34:00,200 [pool-37-thread-1] INFO  server.RaftServerConfigKeys (ConfUtils.java:logGet(43)) - raft.server.rpc.timeout.max = 5200ms (custom)
2019-09-25 07:34:00,200 [pool-37-thread-1] INFO  server.RaftServerConfigKeys (ConfUtils.java:logGet(43)) - raft.server.rpcslowness.timeout = 120s (custom)
2019-09-25 07:34:00,201 [pool-37-thread-1] INFO  server.RaftServerConfigKeys (ConfUtils.java:logGet(43)) - raft.server.sleep.deviation.threshold = 300 (default)
2019-09-25 07:34:00,201 [pool-37-thread-1] INFO  server.RaftServerConfigKeys (ConfUtils.java:logGet(43)) - raft.server.log.appender.install.snapshot.enabled = false (custom)
2019-09-25 07:34:00,201 [pool-37-thread-1] INFO  impl.RaftServerImpl (ServerState.java:<init>(103)) - 9659e150-6db8-46c9-9754-45a2163a8a7f@group-690FA39D23DE: ConfigurationManager, init=-1: [9659e150-6db8-46c9-9754-45a2163a8a7f:192.168.151.106:44942], old=null, confs=<EMPTY_MAP>
2019-09-25 07:34:00,201 [pool-37-thread-1] INFO  server.RaftServerConfigKeys (ConfUtils.java:logGet(43)) - raft.server.storage.dir = [/workdir/hadoop-ozone/tools/target/test-dir/MiniOzoneClusterImpl-55ba2c16-82ef-4526-82fa-9313f8d95d3f/datanode-1/data/ratis] (custom)
2019-09-25 07:34:00,201 [pool-37-thread-1] INFO  storage.RaftStorageDirectory (RaftStorageDirectory.java:analyzeStorage(246)) - The storage directory /workdir/hadoop-ozone/tools/target/test-dir/MiniOzoneClusterImpl-55ba2c16-82ef-4526-82fa-9313f8d95d3f/datanode-1/data/ratis/4aa5eb54-61d4-4daa-80bf-690fa39d23de does not exist. Creating ...
2019-09-25 07:34:00,216 [pool-37-thread-1] INFO  storage.RaftStorageDirectory (RaftStorageDirectory.java:tryLock(328)) - Lock on /workdir/hadoop-ozone/tools/target/test-dir/MiniOzoneClusterImpl-55ba2c16-82ef-4526-82fa-9313f8d95d3f/datanode-1/data/ratis/4aa5eb54-61d4-4daa-80bf-690fa39d23de/in_use.lock acquired by nodename 26202@pr-hdds-1569-x2sr2-3486766547
2019-09-25 07:34:00,230 [pool-37-thread-1] INFO  storage.RaftStorage (RaftStorage.java:format(72)) - Storage directory /workdir/hadoop-ozone/tools/target/test-dir/MiniOzoneClusterImpl-55ba2c16-82ef-4526-82fa-9313f8d95d3f/datanode-1/data/ratis/4aa5eb54-61d4-4daa-80bf-690fa39d23de has been successfully formatted.
2019-09-25 07:34:00,230 [pool-37-thread-1] INFO  ratis.ContainerStateMachine (ContainerStateMachine.java:loadSnapshot(230)) - group-690FA39D23DE: The snapshot info is null. Setting the last applied indexto:(t:0, i:~)
2019-09-25 07:34:00,230 [pool-37-thread-1] INFO  server.RaftServerConfigKeys (ConfUtils.java:logGet(43)) - raft.server.notification.no-leader.timeout = 120s (custom)
2019-09-25 07:34:00,230 [pool-37-thread-1] INFO  server.RaftServerConfigKeys (ConfUtils.java:logGet(43)) - raft.server.log.use.memory = false (default)
2019-09-25 07:34:00,231 [pool-37-thread-1] INFO  server.RaftServerConfigKeys (ConfUtils.java:logGet(43)) - raft.server.log.purge.gap = 1000000 (custom)
2019-09-25 07:34:00,231 [pool-37-thread-1] INFO  server.RaftServerConfigKeys (ConfUtils.java:logGet(43)) - raft.server.log.appender.buffer.byte-limit = 33554432 (custom)
2019-09-25 07:34:00,231 [pool-37-thread-1] INFO  server.RaftServerConfigKeys (ConfUtils.java:logGet(43)) - raft.server.log.segment.size.max = 1048576 (custom)
2019-09-25 07:34:00,231 [pool-37-thread-1] INFO  server.RaftServerConfigKeys (ConfUtils.java:logGet(43)) - raft.server.log.segment.cache.num.max = 2 (custom)
2019-09-25 07:34:00,231 [pool-37-thread-1] INFO  segmented.SegmentedRaftLogWorker (SegmentedRaftLogWorker.java:<init>(172)) - new 9659e150-6db8-46c9-9754-45a2163a8a7f@group-690FA39D23DE-SegmentedRaftLogWorker for RaftStorage:Storage Directory /workdir/hadoop-ozone/tools/target/test-dir/MiniOzoneClusterImpl-55ba2c16-82ef-4526-82fa-9313f8d95d3f/datanode-1/data/ratis/4aa5eb54-61d4-4daa-80bf-690fa39d23de
2019-09-25 07:34:00,231 [pool-37-thread-1] INFO  server.RaftServerConfigKeys (ConfUtils.java:logGet(43)) - raft.server.log.queue.byte-limit = 2147483647 (custom)
2019-09-25 07:34:00,231 [pool-37-thread-1] INFO  server.RaftServerConfigKeys (ConfUtils.java:logGet(43)) - raft.server.log.queue.element-limit = 1024 (custom)
2019-09-25 07:34:00,232 [pool-37-thread-1] INFO  server.RaftServerConfigKeys (ConfUtils.java:logGet(43)) - raft.server.log.segment.size.max = 1048576 (custom)
2019-09-25 07:34:00,232 [pool-37-thread-1] INFO  server.RaftServerConfigKeys (ConfUtils.java:logGet(43)) - raft.server.log.preallocated.size = 16384 (custom)
2019-09-25 07:34:00,232 [pool-37-thread-1] INFO  server.RaftServerConfigKeys (ConfUtils.java:logGet(43)) - raft.server.log.write.buffer.size = 33554432 (custom)
2019-09-25 07:34:00,232 [pool-37-thread-1] INFO  server.RaftServerConfigKeys (ConfUtils.java:logGet(43)) - raft.server.log.force.sync.num = 128 (default)
2019-09-25 07:34:00,232 [pool-37-thread-1] INFO  server.RaftServerConfigKeys (ConfUtils.java:logGet(43)) - raft.server.log.statemachine.data.sync = true (default)
2019-09-25 07:34:00,232 [pool-37-thread-1] INFO  server.RaftServerConfigKeys (ConfUtils.java:logGet(43)) - raft.server.log.statemachine.data.sync.timeout = 10s (default)
2019-09-25 07:34:00,232 [pool-37-thread-1] INFO  server.RaftServerConfigKeys (ConfUtils.java:logGet(43)) - raft.server.log.statemachine.data.sync.timeout.retry = -1 (default)
2019-09-25 07:34:00,233 [pool-37-thread-1] INFO  server.RaftServerConfigKeys (ConfUtils.java:logGet(43)) - raft.server.log.statemachine.data.caching.enabled = true (custom)
2019-09-25 07:34:00,234 [pool-37-thread-1] INFO  segmented.SegmentedRaftLogWorker (SegmentedRaftLogWorker.java:lambda$new$0(132)) - 9659e150-6db8-46c9-9754-45a2163a8a7f@group-690FA39D23DE-SegmentedRaftLogWorker: flushIndex: setUnconditionally 0 -> -1
2019-09-25 07:34:00,234 [pool-37-thread-1] INFO  server.RaftServerConfigKeys (ConfUtils.java:logGet(43)) - raft.server.snapshot.auto.trigger.enabled = true (custom)
2019-09-25 07:34:00,234 [pool-37-thread-1] INFO  server.RaftServerConfigKeys (ConfUtils.java:logGet(43)) - raft.server.snapshot.auto.trigger.threshold = 10000 (custom)
2019-09-25 07:34:00,234 [pool-37-thread-1] INFO  server.RaftServerConfigKeys (ConfUtils.java:logGet(43)) - raft.server.snapshot.retention.num.files = 5 (custom)
2019-09-25 07:34:00,234 [pool-37-thread-1] INFO  server.RaftServerConfigKeys (ConfUtils.java:logGet(43)) - raft.server.retrycache.expirytime = 600000ms (custom)
2019-09-25 07:34:00,237 [pool-37-thread-1] INFO  impl.RaftServerImpl (RaftServerImpl.java:start(185)) - 9659e150-6db8-46c9-9754-45a2163a8a7f@group-690FA39D23DE: start as a follower, conf=-1: [9659e150-6db8-46c9-9754-45a2163a8a7f:192.168.151.106:44942], old=null
2019-09-25 07:34:00,237 [pool-37-thread-1] INFO  impl.RaftServerImpl (RaftServerImpl.java:setRole(174)) - 9659e150-6db8-46c9-9754-45a2163a8a7f@group-690FA39D23DE: changes role from      null to FOLLOWER at term 0 for startAsFollower
2019-09-25 07:34:00,238 [pool-37-thread-1] INFO  impl.RoleInfo (RoleInfo.java:updateAndGet(143)) - 9659e150-6db8-46c9-9754-45a2163a8a7f: start FollowerState
2019-09-25 07:34:00,238 [pool-37-thread-1] INFO  util.JmxRegister (JmxRegister.java:tryRegister(44)) - Successfully registered JMX Bean with object name Ratis:service=RaftServer,group=group-690FA39D23DE,id=9659e150-6db8-46c9-9754-45a2163a8a7f
2019-09-25 07:34:00,249 [RatisPipelineUtilsThread] INFO  pipeline.PipelineStateManager (PipelineStateManager.java:addPipeline(56)) - Created pipeline Pipeline[ Id: 4aa5eb54-61d4-4daa-80bf-690fa39d23de, Nodes: 9659e150-6db8-46c9-9754-45a2163a8a7f{ip: 192.168.151.106, host: pr-hdds-1569-x2sr2-3486766547, networkLocation: /default-rack, certSerialId: null}, Type:RATIS, Factor:ONE, State:OPEN]
2019-09-25 07:34:00,261 [grpc-default-executor-0] INFO  impl.RaftServerProxy (RaftServerProxy.java:addNew(89)) - bdcda101-49b0-4c87-b510-4eac276b6602: addNew group-797C121E2C37:[bdcda101-49b0-4c87-b510-4eac276b6602:192.168.151.106:38523] returns group-797C121E2C37:java.util.concurrent.CompletableFuture@5b425b41[Not completed]
2019-09-25 07:34:00,262 [pool-27-thread-1] INFO  impl.RaftServerImpl (RaftServerImpl.java:<init>(95)) - bdcda101-49b0-4c87-b510-4eac276b6602: new RaftServerImpl for group-797C121E2C37:[bdcda101-49b0-4c87-b510-4eac276b6602:192.168.151.106:38523] with ContainerStateMachine:uninitialized
2019-09-25 07:34:00,262 [pool-27-thread-1] INFO  server.RaftServerConfigKeys (ConfUtils.java:logGet(43)) - raft.server.rpc.timeout.min = 5s (custom)
2019-09-25 07:34:00,262 [pool-27-thread-1] INFO  server.RaftServerConfigKeys (ConfUtils.java:logGet(43)) - raft.server.rpc.timeout.max = 5200ms (custom)
2019-09-25 07:34:00,262 [pool-27-thread-1] INFO  server.RaftServerConfigKeys (ConfUtils.java:logGet(43)) - raft.server.rpcslowness.timeout = 120s (custom)
2019-09-25 07:34:00,262 [pool-27-thread-1] INFO  server.RaftServerConfigKeys (ConfUtils.java:logGet(43)) - raft.server.sleep.deviation.threshold = 300 (default)
2019-09-25 07:34:00,262 [pool-27-thread-1] INFO  server.RaftServerConfigKeys (ConfUtils.java:logGet(43)) - raft.server.log.appender.install.snapshot.enabled = false (custom)
2019-09-25 07:34:00,262 [pool-27-thread-1] INFO  impl.RaftServerImpl (ServerState.java:<init>(103)) - bdcda101-49b0-4c87-b510-4eac276b6602@group-797C121E2C37: ConfigurationManager, init=-1: [bdcda101-49b0-4c87-b510-4eac276b6602:192.168.151.106:38523], old=null, confs=<EMPTY_MAP>
2019-09-25 07:34:00,263 [pool-27-thread-1] INFO  server.RaftServerConfigKeys (ConfUtils.java:logGet(43)) - raft.server.storage.dir = [/workdir/hadoop-ozone/tools/target/test-dir/MiniOzoneClusterImpl-55ba2c16-82ef-4526-82fa-9313f8d95d3f/datanode-0/data/ratis] (custom)
2019-09-25 07:34:00,263 [pool-27-thread-1] INFO  storage.RaftStorageDirectory (RaftStorageDirectory.java:analyzeStorage(246)) - The storage directory /workdir/hadoop-ozone/tools/target/test-dir/MiniOzoneClusterImpl-55ba2c16-82ef-4526-82fa-9313f8d95d3f/datanode-0/data/ratis/deb878d9-f469-4694-a3d8-797c121e2c37 does not exist. Creating ...
2019-09-25 07:34:00,275 [pool-27-thread-1] INFO  storage.RaftStorageDirectory (RaftStorageDirectory.java:tryLock(328)) - Lock on /workdir/hadoop-ozone/tools/target/test-dir/MiniOzoneClusterImpl-55ba2c16-82ef-4526-82fa-9313f8d95d3f/datanode-0/data/ratis/deb878d9-f469-4694-a3d8-797c121e2c37/in_use.lock acquired by nodename 26202@pr-hdds-1569-x2sr2-3486766547
2019-09-25 07:34:00,288 [pool-27-thread-1] INFO  storage.RaftStorage (RaftStorage.java:format(72)) - Storage directory /workdir/hadoop-ozone/tools/target/test-dir/MiniOzoneClusterImpl-55ba2c16-82ef-4526-82fa-9313f8d95d3f/datanode-0/data/ratis/deb878d9-f469-4694-a3d8-797c121e2c37 has been successfully formatted.
2019-09-25 07:34:00,288 [pool-27-thread-1] INFO  ratis.ContainerStateMachine (ContainerStateMachine.java:loadSnapshot(230)) - group-797C121E2C37: The snapshot info is null. Setting the last applied indexto:(t:0, i:~)
2019-09-25 07:34:00,288 [pool-27-thread-1] INFO  server.RaftServerConfigKeys (ConfUtils.java:logGet(43)) - raft.server.notification.no-leader.timeout = 120s (custom)
2019-09-25 07:34:00,289 [pool-27-thread-1] INFO  server.RaftServerConfigKeys (ConfUtils.java:logGet(43)) - raft.server.log.use.memory = false (default)
2019-09-25 07:34:00,290 [pool-27-thread-1] INFO  server.RaftServerConfigKeys (ConfUtils.java:logGet(43)) - raft.server.log.purge.gap = 1000000 (custom)
2019-09-25 07:34:00,290 [pool-27-thread-1] INFO  server.RaftServerConfigKeys (ConfUtils.java:logGet(43)) - raft.server.log.appender.buffer.byte-limit = 33554432 (custom)
2019-09-25 07:34:00,290 [pool-27-thread-1] INFO  server.RaftServerConfigKeys (ConfUtils.java:logGet(43)) - raft.server.log.segment.size.max = 1048576 (custom)
2019-09-25 07:34:00,290 [pool-27-thread-1] INFO  server.RaftServerConfigKeys (ConfUtils.java:logGet(43)) - raft.server.log.segment.cache.num.max = 2 (custom)
2019-09-25 07:34:00,290 [pool-27-thread-1] INFO  segmented.SegmentedRaftLogWorker (SegmentedRaftLogWorker.java:<init>(172)) - new bdcda101-49b0-4c87-b510-4eac276b6602@group-797C121E2C37-SegmentedRaftLogWorker for RaftStorage:Storage Directory /workdir/hadoop-ozone/tools/target/test-dir/MiniOzoneClusterImpl-55ba2c16-82ef-4526-82fa-9313f8d95d3f/datanode-0/data/ratis/deb878d9-f469-4694-a3d8-797c121e2c37
2019-09-25 07:34:00,290 [pool-27-thread-1] INFO  server.RaftServerConfigKeys (ConfUtils.java:logGet(43)) - raft.server.log.queue.byte-limit = 2147483647 (custom)
2019-09-25 07:34:00,290 [pool-27-thread-1] INFO  server.RaftServerConfigKeys (ConfUtils.java:logGet(43)) - raft.server.log.queue.element-limit = 1024 (custom)
2019-09-25 07:34:00,290 [pool-27-thread-1] INFO  server.RaftServerConfigKeys (ConfUtils.java:logGet(43)) - raft.server.log.segment.size.max = 1048576 (custom)
2019-09-25 07:34:00,291 [pool-27-thread-1] INFO  server.RaftServerConfigKeys (ConfUtils.java:logGet(43)) - raft.server.log.preallocated.size = 16384 (custom)
2019-09-25 07:34:00,291 [pool-27-thread-1] INFO  server.RaftServerConfigKeys (ConfUtils.java:logGet(43)) - raft.server.log.write.buffer.size = 33554432 (custom)
2019-09-25 07:34:00,291 [pool-27-thread-1] INFO  server.RaftServerConfigKeys (ConfUtils.java:logGet(43)) - raft.server.log.force.sync.num = 128 (default)
2019-09-25 07:34:00,291 [pool-27-thread-1] INFO  server.RaftServerConfigKeys (ConfUtils.java:logGet(43)) - raft.server.log.statemachine.data.sync = true (default)
2019-09-25 07:34:00,291 [pool-27-thread-1] INFO  server.RaftServerConfigKeys (ConfUtils.java:logGet(43)) - raft.server.log.statemachine.data.sync.timeout = 10s (default)
2019-09-25 07:34:00,291 [pool-27-thread-1] INFO  server.RaftServerConfigKeys (ConfUtils.java:logGet(43)) - raft.server.log.statemachine.data.sync.timeout.retry = -1 (default)
2019-09-25 07:34:00,291 [pool-27-thread-1] INFO  server.RaftServerConfigKeys (ConfUtils.java:logGet(43)) - raft.server.log.statemachine.data.caching.enabled = true (custom)
2019-09-25 07:34:00,291 [pool-27-thread-1] INFO  segmented.SegmentedRaftLogWorker (SegmentedRaftLogWorker.java:lambda$new$0(132)) - bdcda101-49b0-4c87-b510-4eac276b6602@group-797C121E2C37-SegmentedRaftLogWorker: flushIndex: setUnconditionally 0 -> -1
2019-09-25 07:34:00,292 [pool-27-thread-1] INFO  server.RaftServerConfigKeys (ConfUtils.java:logGet(43)) - raft.server.snapshot.auto.trigger.enabled = true (custom)
2019-09-25 07:34:00,292 [pool-27-thread-1] INFO  server.RaftServerConfigKeys (ConfUtils.java:logGet(43)) - raft.server.snapshot.auto.trigger.threshold = 10000 (custom)
2019-09-25 07:34:00,292 [pool-27-thread-1] INFO  server.RaftServerConfigKeys (ConfUtils.java:logGet(43)) - raft.server.snapshot.retention.num.files = 5 (custom)
2019-09-25 07:34:00,292 [pool-27-thread-1] INFO  server.RaftServerConfigKeys (ConfUtils.java:logGet(43)) - raft.server.retrycache.expirytime = 600000ms (custom)
2019-09-25 07:34:00,294 [pool-27-thread-1] INFO  impl.RaftServerImpl (RaftServerImpl.java:start(185)) - bdcda101-49b0-4c87-b510-4eac276b6602@group-797C121E2C37: start as a follower, conf=-1: [bdcda101-49b0-4c87-b510-4eac276b6602:192.168.151.106:38523], old=null
2019-09-25 07:34:00,294 [pool-27-thread-1] INFO  impl.RaftServerImpl (RaftServerImpl.java:setRole(174)) - bdcda101-49b0-4c87-b510-4eac276b6602@group-797C121E2C37: changes role from      null to FOLLOWER at term 0 for startAsFollower
2019-09-25 07:34:00,294 [pool-27-thread-1] INFO  impl.RoleInfo (RoleInfo.java:updateAndGet(143)) - bdcda101-49b0-4c87-b510-4eac276b6602: start FollowerState
2019-09-25 07:34:00,295 [pool-27-thread-1] INFO  util.JmxRegister (JmxRegister.java:tryRegister(44)) - Successfully registered JMX Bean with object name Ratis:service=RaftServer,group=group-797C121E2C37,id=bdcda101-49b0-4c87-b510-4eac276b6602
2019-09-25 07:34:00,302 [RatisPipelineUtilsThread] INFO  pipeline.PipelineStateManager (PipelineStateManager.java:addPipeline(56)) - Created pipeline Pipeline[ Id: deb878d9-f469-4694-a3d8-797c121e2c37, Nodes: bdcda101-49b0-4c87-b510-4eac276b6602{ip: 192.168.151.106, host: pr-hdds-1569-x2sr2-3486766547, networkLocation: /default-rack, certSerialId: null}, Type:RATIS, Factor:ONE, State:OPEN]
2019-09-25 07:34:00,314 [grpc-default-executor-0] INFO  impl.RaftServerProxy (RaftServerProxy.java:addNew(89)) - bdcda101-49b0-4c87-b510-4eac276b6602: addNew group-1B9E007D3951:[bdcda101-49b0-4c87-b510-4eac276b6602:192.168.151.106:38523] returns group-1B9E007D3951:java.util.concurrent.CompletableFuture@7f8c5ab1[Not completed]
2019-09-25 07:34:00,315 [pool-27-thread-1] INFO  impl.RaftServerImpl (RaftServerImpl.java:<init>(95)) - bdcda101-49b0-4c87-b510-4eac276b6602: new RaftServerImpl for group-1B9E007D3951:[bdcda101-49b0-4c87-b510-4eac276b6602:192.168.151.106:38523] with ContainerStateMachine:uninitialized
2019-09-25 07:34:00,315 [pool-27-thread-1] INFO  server.RaftServerConfigKeys (ConfUtils.java:logGet(43)) - raft.server.rpc.timeout.min = 5s (custom)
2019-09-25 07:34:00,315 [pool-27-thread-1] INFO  server.RaftServerConfigKeys (ConfUtils.java:logGet(43)) - raft.server.rpc.timeout.max = 5200ms (custom)
2019-09-25 07:34:00,316 [pool-27-thread-1] INFO  server.RaftServerConfigKeys (ConfUtils.java:logGet(43)) - raft.server.rpcslowness.timeout = 120s (custom)
2019-09-25 07:34:00,316 [pool-27-thread-1] INFO  server.RaftServerConfigKeys (ConfUtils.java:logGet(43)) - raft.server.sleep.deviation.threshold = 300 (default)
2019-09-25 07:34:00,316 [pool-27-thread-1] INFO  server.RaftServerConfigKeys (ConfUtils.java:logGet(43)) - raft.server.log.appender.install.snapshot.enabled = false (custom)
2019-09-25 07:34:00,316 [pool-27-thread-1] INFO  impl.RaftServerImpl (ServerState.java:<init>(103)) - bdcda101-49b0-4c87-b510-4eac276b6602@group-1B9E007D3951: ConfigurationManager, init=-1: [bdcda101-49b0-4c87-b510-4eac276b6602:192.168.151.106:38523], old=null, confs=<EMPTY_MAP>
2019-09-25 07:34:00,316 [pool-27-thread-1] INFO  server.RaftServerConfigKeys (ConfUtils.java:logGet(43)) - raft.server.storage.dir = [/workdir/hadoop-ozone/tools/target/test-dir/MiniOzoneClusterImpl-55ba2c16-82ef-4526-82fa-9313f8d95d3f/datanode-0/data/ratis] (custom)
2019-09-25 07:34:00,316 [pool-27-thread-1] INFO  storage.RaftStorageDirectory (RaftStorageDirectory.java:analyzeStorage(246)) - The storage directory /workdir/hadoop-ozone/tools/target/test-dir/MiniOzoneClusterImpl-55ba2c16-82ef-4526-82fa-9313f8d95d3f/datanode-0/data/ratis/523577a4-91c3-432a-81ab-1b9e007d3951 does not exist. Creating ...
2019-09-25 07:34:00,329 [pool-27-thread-1] INFO  storage.RaftStorageDirectory (RaftStorageDirectory.java:tryLock(328)) - Lock on /workdir/hadoop-ozone/tools/target/test-dir/MiniOzoneClusterImpl-55ba2c16-82ef-4526-82fa-9313f8d95d3f/datanode-0/data/ratis/523577a4-91c3-432a-81ab-1b9e007d3951/in_use.lock acquired by nodename 26202@pr-hdds-1569-x2sr2-3486766547
2019-09-25 07:34:00,341 [pool-27-thread-1] INFO  storage.RaftStorage (RaftStorage.java:format(72)) - Storage directory /workdir/hadoop-ozone/tools/target/test-dir/MiniOzoneClusterImpl-55ba2c16-82ef-4526-82fa-9313f8d95d3f/datanode-0/data/ratis/523577a4-91c3-432a-81ab-1b9e007d3951 has been successfully formatted.
2019-09-25 07:34:00,341 [pool-27-thread-1] INFO  ratis.ContainerStateMachine (ContainerStateMachine.java:loadSnapshot(230)) - group-1B9E007D3951: The snapshot info is null. Setting the last applied indexto:(t:0, i:~)
2019-09-25 07:34:00,342 [pool-27-thread-1] INFO  server.RaftServerConfigKeys (ConfUtils.java:logGet(43)) - raft.server.notification.no-leader.timeout = 120s (custom)
2019-09-25 07:34:00,342 [pool-27-thread-1] INFO  server.RaftServerConfigKeys (ConfUtils.java:logGet(43)) - raft.server.log.use.memory = false (default)
2019-09-25 07:34:00,342 [pool-27-thread-1] INFO  server.RaftServerConfigKeys (ConfUtils.java:logGet(43)) - raft.server.log.purge.gap = 1000000 (custom)
2019-09-25 07:34:00,342 [pool-27-thread-1] INFO  server.RaftServerConfigKeys (ConfUtils.java:logGet(43)) - raft.server.log.appender.buffer.byte-limit = 33554432 (custom)
2019-09-25 07:34:00,342 [pool-27-thread-1] INFO  server.RaftServerConfigKeys (ConfUtils.java:logGet(43)) - raft.server.log.segment.size.max = 1048576 (custom)
2019-09-25 07:34:00,342 [pool-27-thread-1] INFO  server.RaftServerConfigKeys (ConfUtils.java:logGet(43)) - raft.server.log.segment.cache.num.max = 2 (custom)
2019-09-25 07:34:00,342 [pool-27-thread-1] INFO  segmented.SegmentedRaftLogWorker (SegmentedRaftLogWorker.java:<init>(172)) - new bdcda101-49b0-4c87-b510-4eac276b6602@group-1B9E007D3951-SegmentedRaftLogWorker for RaftStorage:Storage Directory /workdir/hadoop-ozone/tools/target/test-dir/MiniOzoneClusterImpl-55ba2c16-82ef-4526-82fa-9313f8d95d3f/datanode-0/data/ratis/523577a4-91c3-432a-81ab-1b9e007d3951
2019-09-25 07:34:00,342 [pool-27-thread-1] INFO  server.RaftServerConfigKeys (ConfUtils.java:logGet(43)) - raft.server.log.queue.byte-limit = 2147483647 (custom)
2019-09-25 07:34:00,343 [pool-27-thread-1] INFO  server.RaftServerConfigKeys (ConfUtils.java:logGet(43)) - raft.server.log.queue.element-limit = 1024 (custom)
2019-09-25 07:34:00,343 [pool-27-thread-1] INFO  server.RaftServerConfigKeys (ConfUtils.java:logGet(43)) - raft.server.log.segment.size.max = 1048576 (custom)
2019-09-25 07:34:00,343 [pool-27-thread-1] INFO  server.RaftServerConfigKeys (ConfUtils.java:logGet(43)) - raft.server.log.preallocated.size = 16384 (custom)
2019-09-25 07:34:00,343 [pool-27-thread-1] INFO  server.RaftServerConfigKeys (ConfUtils.java:logGet(43)) - raft.server.log.write.buffer.size = 33554432 (custom)
2019-09-25 07:34:00,343 [pool-27-thread-1] INFO  server.RaftServerConfigKeys (ConfUtils.java:logGet(43)) - raft.server.log.force.sync.num = 128 (default)
2019-09-25 07:34:00,343 [pool-27-thread-1] INFO  server.RaftServerConfigKeys (ConfUtils.java:logGet(43)) - raft.server.log.statemachine.data.sync = true (default)
2019-09-25 07:34:00,343 [pool-27-thread-1] INFO  server.RaftServerConfigKeys (ConfUtils.java:logGet(43)) - raft.server.log.statemachine.data.sync.timeout = 10s (default)
2019-09-25 07:34:00,343 [pool-27-thread-1] INFO  server.RaftServerConfigKeys (ConfUtils.java:logGet(43)) - raft.server.log.statemachine.data.sync.timeout.retry = -1 (default)
2019-09-25 07:34:00,343 [pool-27-thread-1] INFO  server.RaftServerConfigKeys (ConfUtils.java:logGet(43)) - raft.server.log.statemachine.data.caching.enabled = true (custom)
2019-09-25 07:34:00,344 [pool-27-thread-1] INFO  segmented.SegmentedRaftLogWorker (SegmentedRaftLogWorker.java:lambda$new$0(132)) - bdcda101-49b0-4c87-b510-4eac276b6602@group-1B9E007D3951-SegmentedRaftLogWorker: flushIndex: setUnconditionally 0 -> -1
2019-09-25 07:34:00,344 [pool-27-thread-1] INFO  server.RaftServerConfigKeys (ConfUtils.java:logGet(43)) - raft.server.snapshot.auto.trigger.enabled = true (custom)
2019-09-25 07:34:00,344 [pool-27-thread-1] INFO  server.RaftServerConfigKeys (ConfUtils.java:logGet(43)) - raft.server.snapshot.auto.trigger.threshold = 10000 (custom)
2019-09-25 07:34:00,344 [pool-27-thread-1] INFO  server.RaftServerConfigKeys (ConfUtils.java:logGet(43)) - raft.server.snapshot.retention.num.files = 5 (custom)
2019-09-25 07:34:00,344 [pool-27-thread-1] INFO  server.RaftServerConfigKeys (ConfUtils.java:logGet(43)) - raft.server.retrycache.expirytime = 600000ms (custom)
2019-09-25 07:34:00,346 [pool-27-thread-1] INFO  impl.RaftServerImpl (RaftServerImpl.java:start(185)) - bdcda101-49b0-4c87-b510-4eac276b6602@group-1B9E007D3951: start as a follower, conf=-1: [bdcda101-49b0-4c87-b510-4eac276b6602:192.168.151.106:38523], old=null
2019-09-25 07:34:00,346 [pool-27-thread-1] INFO  impl.RaftServerImpl (RaftServerImpl.java:setRole(174)) - bdcda101-49b0-4c87-b510-4eac276b6602@group-1B9E007D3951: changes role from      null to FOLLOWER at term 0 for startAsFollower
2019-09-25 07:34:00,346 [pool-27-thread-1] INFO  impl.RoleInfo (RoleInfo.java:updateAndGet(143)) - bdcda101-49b0-4c87-b510-4eac276b6602: start FollowerState
2019-09-25 07:34:00,347 [pool-27-thread-1] INFO  util.JmxRegister (JmxRegister.java:tryRegister(44)) - Successfully registered JMX Bean with object name Ratis:service=RaftServer,group=group-1B9E007D3951,id=bdcda101-49b0-4c87-b510-4eac276b6602
2019-09-25 07:34:00,356 [RatisPipelineUtilsThread] INFO  pipeline.PipelineStateManager (PipelineStateManager.java:addPipeline(56)) - Created pipeline Pipeline[ Id: 523577a4-91c3-432a-81ab-1b9e007d3951, Nodes: bdcda101-49b0-4c87-b510-4eac276b6602{ip: 192.168.151.106, host: pr-hdds-1569-x2sr2-3486766547, networkLocation: /default-rack, certSerialId: null}, Type:RATIS, Factor:ONE, State:OPEN]
2019-09-25 07:34:00,376 [grpc-default-executor-0] INFO  impl.RaftServerProxy (RaftServerProxy.java:addNew(89)) - df3fee13-edb1-4245-be34-bb4c7d942b62: addNew group-E0427018BE19:[df3fee13-edb1-4245-be34-bb4c7d942b62:192.168.151.106:43278] returns group-E0427018BE19:java.util.concurrent.CompletableFuture@c1f04de[Not completed]
2019-09-25 07:34:00,379 [pool-47-thread-1] INFO  impl.RaftServerImpl (RaftServerImpl.java:<init>(95)) - df3fee13-edb1-4245-be34-bb4c7d942b62: new RaftServerImpl for group-E0427018BE19:[df3fee13-edb1-4245-be34-bb4c7d942b62:192.168.151.106:43278] with ContainerStateMachine:uninitialized
2019-09-25 07:34:00,379 [pool-47-thread-1] INFO  server.RaftServerConfigKeys (ConfUtils.java:logGet(43)) - raft.server.rpc.timeout.min = 5s (custom)
2019-09-25 07:34:00,380 [pool-47-thread-1] INFO  server.RaftServerConfigKeys (ConfUtils.java:logGet(43)) - raft.server.rpc.timeout.max = 5200ms (custom)
2019-09-25 07:34:00,380 [pool-47-thread-1] INFO  server.RaftServerConfigKeys (ConfUtils.java:logGet(43)) - raft.server.rpcslowness.timeout = 120s (custom)
2019-09-25 07:34:00,380 [pool-47-thread-1] INFO  server.RaftServerConfigKeys (ConfUtils.java:logGet(43)) - raft.server.sleep.deviation.threshold = 300 (default)
2019-09-25 07:34:00,380 [pool-47-thread-1] INFO  server.RaftServerConfigKeys (ConfUtils.java:logGet(43)) - raft.server.log.appender.install.snapshot.enabled = false (custom)
2019-09-25 07:34:00,380 [pool-47-thread-1] INFO  impl.RaftServerImpl (ServerState.java:<init>(103)) - df3fee13-edb1-4245-be34-bb4c7d942b62@group-E0427018BE19: ConfigurationManager, init=-1: [df3fee13-edb1-4245-be34-bb4c7d942b62:192.168.151.106:43278], old=null, confs=<EMPTY_MAP>
2019-09-25 07:34:00,381 [pool-47-thread-1] INFO  server.RaftServerConfigKeys (ConfUtils.java:logGet(43)) - raft.server.storage.dir = [/workdir/hadoop-ozone/tools/target/test-dir/MiniOzoneClusterImpl-55ba2c16-82ef-4526-82fa-9313f8d95d3f/datanode-2/data/ratis] (custom)
2019-09-25 07:34:00,381 [pool-47-thread-1] INFO  storage.RaftStorageDirectory (RaftStorageDirectory.java:analyzeStorage(246)) - The storage directory /workdir/hadoop-ozone/tools/target/test-dir/MiniOzoneClusterImpl-55ba2c16-82ef-4526-82fa-9313f8d95d3f/datanode-2/data/ratis/882c222b-1ff8-43de-8284-e0427018be19 does not exist. Creating ...
2019-09-25 07:34:00,394 [pool-47-thread-1] INFO  storage.RaftStorageDirectory (RaftStorageDirectory.java:tryLock(328)) - Lock on /workdir/hadoop-ozone/tools/target/test-dir/MiniOzoneClusterImpl-55ba2c16-82ef-4526-82fa-9313f8d95d3f/datanode-2/data/ratis/882c222b-1ff8-43de-8284-e0427018be19/in_use.lock acquired by nodename 26202@pr-hdds-1569-x2sr2-3486766547
2019-09-25 07:34:00,421 [pool-47-thread-1] INFO  storage.RaftStorage (RaftStorage.java:format(72)) - Storage directory /workdir/hadoop-ozone/tools/target/test-dir/MiniOzoneClusterImpl-55ba2c16-82ef-4526-82fa-9313f8d95d3f/datanode-2/data/ratis/882c222b-1ff8-43de-8284-e0427018be19 has been successfully formatted.
2019-09-25 07:34:00,421 [pool-47-thread-1] INFO  ratis.ContainerStateMachine (ContainerStateMachine.java:loadSnapshot(230)) - group-E0427018BE19: The snapshot info is null. Setting the last applied indexto:(t:0, i:~)
2019-09-25 07:34:00,421 [pool-47-thread-1] INFO  server.RaftServerConfigKeys (ConfUtils.java:logGet(43)) - raft.server.notification.no-leader.timeout = 120s (custom)
2019-09-25 07:34:00,421 [pool-47-thread-1] INFO  server.RaftServerConfigKeys (ConfUtils.java:logGet(43)) - raft.server.log.use.memory = false (default)
2019-09-25 07:34:00,421 [pool-47-thread-1] INFO  server.RaftServerConfigKeys (ConfUtils.java:logGet(43)) - raft.server.log.purge.gap = 1000000 (custom)
2019-09-25 07:34:00,422 [main] INFO  freon.RandomKeyGenerator (RandomKeyGenerator.java:call(283)) - Number of Threads: 10
2019-09-25 07:34:00,422 [pool-47-thread-1] INFO  server.RaftServerConfigKeys (ConfUtils.java:logGet(43)) - raft.server.log.appender.buffer.byte-limit = 33554432 (custom)
2019-09-25 07:34:00,422 [pool-47-thread-1] INFO  server.RaftServerConfigKeys (ConfUtils.java:logGet(43)) - raft.server.log.segment.size.max = 1048576 (custom)
2019-09-25 07:34:00,422 [pool-47-thread-1] INFO  server.RaftServerConfigKeys (ConfUtils.java:logGet(43)) - raft.server.log.segment.cache.num.max = 2 (custom)
2019-09-25 07:34:00,422 [pool-47-thread-1] INFO  segmented.SegmentedRaftLogWorker (SegmentedRaftLogWorker.java:<init>(172)) - new df3fee13-edb1-4245-be34-bb4c7d942b62@group-E0427018BE19-SegmentedRaftLogWorker for RaftStorage:Storage Directory /workdir/hadoop-ozone/tools/target/test-dir/MiniOzoneClusterImpl-55ba2c16-82ef-4526-82fa-9313f8d95d3f/datanode-2/data/ratis/882c222b-1ff8-43de-8284-e0427018be19
2019-09-25 07:34:00,422 [main] INFO  freon.RandomKeyGenerator (RandomKeyGenerator.java:call(288)) - Number of Volumes: 1.
2019-09-25 07:34:00,423 [pool-47-thread-1] INFO  server.RaftServerConfigKeys (ConfUtils.java:logGet(43)) - raft.server.log.queue.byte-limit = 2147483647 (custom)
2019-09-25 07:34:00,423 [main] INFO  freon.RandomKeyGenerator (RandomKeyGenerator.java:call(289)) - Number of Buckets per Volume: 1.
2019-09-25 07:34:00,423 [pool-47-thread-1] INFO  server.RaftServerConfigKeys (ConfUtils.java:logGet(43)) - raft.server.log.queue.element-limit = 1024 (custom)
2019-09-25 07:34:00,423 [main] INFO  freon.RandomKeyGenerator (RandomKeyGenerator.java:call(290)) - Number of Keys per Bucket: 1.
2019-09-25 07:34:00,423 [pool-47-thread-1] INFO  server.RaftServerConfigKeys (ConfUtils.java:logGet(43)) - raft.server.log.segment.size.max = 1048576 (custom)
2019-09-25 07:34:00,423 [main] INFO  freon.RandomKeyGenerator (RandomKeyGenerator.java:call(291)) - Key size: 20971520 bytes
2019-09-25 07:34:00,423 [pool-47-thread-1] INFO  server.RaftServerConfigKeys (ConfUtils.java:logGet(43)) - raft.server.log.preallocated.size = 16384 (custom)
2019-09-25 07:34:00,424 [main] INFO  freon.RandomKeyGenerator (RandomKeyGenerator.java:call(292)) - Buffer size: 4096 bytes
2019-09-25 07:34:00,424 [pool-47-thread-1] INFO  server.RaftServerConfigKeys (ConfUtils.java:logGet(43)) - raft.server.log.write.buffer.size = 33554432 (custom)
2019-09-25 07:34:00,424 [main] INFO  freon.RandomKeyGenerator (RandomKeyGenerator.java:call(293)) - validateWrites : true
2019-09-25 07:34:00,424 [pool-47-thread-1] INFO  server.RaftServerConfigKeys (ConfUtils.java:logGet(43)) - raft.server.log.force.sync.num = 128 (default)
2019-09-25 07:34:00,424 [pool-47-thread-1] INFO  server.RaftServerConfigKeys (ConfUtils.java:logGet(43)) - raft.server.log.statemachine.data.sync = true (default)
2019-09-25 07:34:00,424 [pool-47-thread-1] INFO  server.RaftServerConfigKeys (ConfUtils.java:logGet(43)) - raft.server.log.statemachine.data.sync.timeout = 10s (default)
2019-09-25 07:34:00,425 [pool-47-thread-1] INFO  server.RaftServerConfigKeys (ConfUtils.java:logGet(43)) - raft.server.log.statemachine.data.sync.timeout.retry = -1 (default)
2019-09-25 07:34:00,425 [pool-47-thread-1] INFO  server.RaftServerConfigKeys (ConfUtils.java:logGet(43)) - raft.server.log.statemachine.data.caching.enabled = true (custom)
2019-09-25 07:34:00,427 [pool-47-thread-1] INFO  segmented.SegmentedRaftLogWorker (SegmentedRaftLogWorker.java:lambda$new$0(132)) - df3fee13-edb1-4245-be34-bb4c7d942b62@group-E0427018BE19-SegmentedRaftLogWorker: flushIndex: setUnconditionally 0 -> -1
2019-09-25 07:34:00,428 [pool-47-thread-1] INFO  server.RaftServerConfigKeys (ConfUtils.java:logGet(43)) - raft.server.snapshot.auto.trigger.enabled = true (custom)
2019-09-25 07:34:00,429 [pool-47-thread-1] INFO  server.RaftServerConfigKeys (ConfUtils.java:logGet(43)) - raft.server.snapshot.auto.trigger.threshold = 10000 (custom)
2019-09-25 07:34:00,429 [pool-47-thread-1] INFO  server.RaftServerConfigKeys (ConfUtils.java:logGet(43)) - raft.server.snapshot.retention.num.files = 5 (custom)
2019-09-25 07:34:00,429 [pool-47-thread-1] INFO  server.RaftServerConfigKeys (ConfUtils.java:logGet(43)) - raft.server.retrycache.expirytime = 600000ms (custom)
2019-09-25 07:34:00,429 [main] INFO  freon.RandomKeyGenerator (RandomKeyGenerator.java:call(307)) - Data validation is enabled.
2019-09-25 07:34:00,431 [main] INFO  freon.RandomKeyGenerator (RandomKeyGenerator.java:call(313)) - Starting progress bar Thread.

2019-09-25 07:34:00,432 [pool-47-thread-1] INFO  impl.RaftServerImpl (RaftServerImpl.java:start(185)) - df3fee13-edb1-4245-be34-bb4c7d942b62@group-E0427018BE19: start as a follower, conf=-1: [df3fee13-edb1-4245-be34-bb4c7d942b62:192.168.151.106:43278], old=null
2019-09-25 07:34:00,432 [pool-47-thread-1] INFO  impl.RaftServerImpl (RaftServerImpl.java:setRole(174)) - df3fee13-edb1-4245-be34-bb4c7d942b62@group-E0427018BE19: changes role from      null to FOLLOWER at term 0 for startAsFollower
2019-09-25 07:34:00,432 [pool-47-thread-1] INFO  impl.RoleInfo (RoleInfo.java:updateAndGet(143)) - df3fee13-edb1-4245-be34-bb4c7d942b62: start FollowerState
2019-09-25 07:34:00,432 [pool-47-thread-1] INFO  util.JmxRegister (JmxRegister.java:tryRegister(44)) - Successfully registered JMX Bean with object name Ratis:service=RaftServer,group=group-E0427018BE19,id=df3fee13-edb1-4245-be34-bb4c7d942b62
 0.00% |█                                                                                                    |  0/1 Time: 0:00:002019-09-25 07:34:00,438 [RatisPipelineUtilsThread] INFO  pipeline.PipelineStateManager (PipelineStateManager.java:addPipeline(56)) - Created pipeline Pipeline[ Id: 882c222b-1ff8-43de-8284-e0427018be19, Nodes: df3fee13-edb1-4245-be34-bb4c7d942b62{ip: 192.168.151.106, host: pr-hdds-1569-x2sr2-3486766547, networkLocation: /default-rack, certSerialId: null}, Type:RATIS, Factor:ONE, State:OPEN]
2019-09-25 07:34:00,467 [grpc-default-executor-0] INFO  impl.RaftServerProxy (RaftServerProxy.java:addNew(89)) - df3fee13-edb1-4245-be34-bb4c7d942b62: addNew group-DE52786F7964:[df3fee13-edb1-4245-be34-bb4c7d942b62:192.168.151.106:43278] returns group-DE52786F7964:java.util.concurrent.CompletableFuture@3b28ba6c[Not completed]
2019-09-25 07:34:00,468 [pool-47-thread-1] INFO  impl.RaftServerImpl (RaftServerImpl.java:<init>(95)) - df3fee13-edb1-4245-be34-bb4c7d942b62: new RaftServerImpl for group-DE52786F7964:[df3fee13-edb1-4245-be34-bb4c7d942b62:192.168.151.106:43278] with ContainerStateMachine:uninitialized
2019-09-25 07:34:00,469 [pool-47-thread-1] INFO  server.RaftServerConfigKeys (ConfUtils.java:logGet(43)) - raft.server.rpc.timeout.min = 5s (custom)
2019-09-25 07:34:00,469 [pool-47-thread-1] INFO  server.RaftServerConfigKeys (ConfUtils.java:logGet(43)) - raft.server.rpc.timeout.max = 5200ms (custom)
2019-09-25 07:34:00,469 [pool-47-thread-1] INFO  server.RaftServerConfigKeys (ConfUtils.java:logGet(43)) - raft.server.rpcslowness.timeout = 120s (custom)
2019-09-25 07:34:00,469 [pool-47-thread-1] INFO  server.RaftServerConfigKeys (ConfUtils.java:logGet(43)) - raft.server.sleep.deviation.threshold = 300 (default)
2019-09-25 07:34:00,469 [pool-47-thread-1] INFO  server.RaftServerConfigKeys (ConfUtils.java:logGet(43)) - raft.server.log.appender.install.snapshot.enabled = false (custom)
2019-09-25 07:34:00,470 [pool-47-thread-1] INFO  impl.RaftServerImpl (ServerState.java:<init>(103)) - df3fee13-edb1-4245-be34-bb4c7d942b62@group-DE52786F7964: ConfigurationManager, init=-1: [df3fee13-edb1-4245-be34-bb4c7d942b62:192.168.151.106:43278], old=null, confs=<EMPTY_MAP>
2019-09-25 07:34:00,470 [pool-73-thread-1] INFO  rpc.RpcClient (RpcClient.java:createVolume(276)) - Creating Volume: vol-0-31506, with jenkins1000 as owner.
2019-09-25 07:34:00,470 [pool-47-thread-1] INFO  server.RaftServerConfigKeys (ConfUtils.java:logGet(43)) - raft.server.storage.dir = [/workdir/hadoop-ozone/tools/target/test-dir/MiniOzoneClusterImpl-55ba2c16-82ef-4526-82fa-9313f8d95d3f/datanode-2/data/ratis] (custom)
2019-09-25 07:34:00,470 [pool-47-thread-1] INFO  storage.RaftStorageDirectory (RaftStorageDirectory.java:analyzeStorage(246)) - The storage directory /workdir/hadoop-ozone/tools/target/test-dir/MiniOzoneClusterImpl-55ba2c16-82ef-4526-82fa-9313f8d95d3f/datanode-2/data/ratis/325a1979-d377-4929-9d0b-de52786f7964 does not exist. Creating ...
2019-09-25 07:34:00,484 [pool-47-thread-1] INFO  storage.RaftStorageDirectory (RaftStorageDirectory.java:tryLock(328)) - Lock on /workdir/hadoop-ozone/tools/target/test-dir/MiniOzoneClusterImpl-55ba2c16-82ef-4526-82fa-9313f8d95d3f/datanode-2/data/ratis/325a1979-d377-4929-9d0b-de52786f7964/in_use.lock acquired by nodename 26202@pr-hdds-1569-x2sr2-3486766547
2019-09-25 07:34:00,496 [pool-47-thread-1] INFO  storage.RaftStorage (RaftStorage.java:format(72)) - Storage directory /workdir/hadoop-ozone/tools/target/test-dir/MiniOzoneClusterImpl-55ba2c16-82ef-4526-82fa-9313f8d95d3f/datanode-2/data/ratis/325a1979-d377-4929-9d0b-de52786f7964 has been successfully formatted.
2019-09-25 07:34:00,497 [pool-47-thread-1] INFO  ratis.ContainerStateMachine (ContainerStateMachine.java:loadSnapshot(230)) - group-DE52786F7964: The snapshot info is null. Setting the last applied indexto:(t:0, i:~)
2019-09-25 07:34:00,497 [pool-47-thread-1] INFO  server.RaftServerConfigKeys (ConfUtils.java:logGet(43)) - raft.server.notification.no-leader.timeout = 120s (custom)
2019-09-25 07:34:00,497 [pool-47-thread-1] INFO  server.RaftServerConfigKeys (ConfUtils.java:logGet(43)) - raft.server.log.use.memory = false (default)
2019-09-25 07:34:00,497 [pool-47-thread-1] INFO  server.RaftServerConfigKeys (ConfUtils.java:logGet(43)) - raft.server.log.purge.gap = 1000000 (custom)
2019-09-25 07:34:00,497 [pool-47-thread-1] INFO  server.RaftServerConfigKeys (ConfUtils.java:logGet(43)) - raft.server.log.appender.buffer.byte-limit = 33554432 (custom)
2019-09-25 07:34:00,497 [pool-47-thread-1] INFO  server.RaftServerConfigKeys (ConfUtils.java:logGet(43)) - raft.server.log.segment.size.max = 1048576 (custom)
2019-09-25 07:34:00,497 [pool-47-thread-1] INFO  server.RaftServerConfigKeys (ConfUtils.java:logGet(43)) - raft.server.log.segment.cache.num.max = 2 (custom)
2019-09-25 07:34:00,497 [pool-47-thread-1] INFO  segmented.SegmentedRaftLogWorker (SegmentedRaftLogWorker.java:<init>(172)) - new df3fee13-edb1-4245-be34-bb4c7d942b62@group-DE52786F7964-SegmentedRaftLogWorker for RaftStorage:Storage Directory /workdir/hadoop-ozone/tools/target/test-dir/MiniOzoneClusterImpl-55ba2c16-82ef-4526-82fa-9313f8d95d3f/datanode-2/data/ratis/325a1979-d377-4929-9d0b-de52786f7964
2019-09-25 07:34:00,498 [pool-47-thread-1] INFO  server.RaftServerConfigKeys (ConfUtils.java:logGet(43)) - raft.server.log.queue.byte-limit = 2147483647 (custom)
2019-09-25 07:34:00,498 [pool-47-thread-1] INFO  server.RaftServerConfigKeys (ConfUtils.java:logGet(43)) - raft.server.log.queue.element-limit = 1024 (custom)
2019-09-25 07:34:00,498 [pool-47-thread-1] INFO  server.RaftServerConfigKeys (ConfUtils.java:logGet(43)) - raft.server.log.segment.size.max = 1048576 (custom)
2019-09-25 07:34:00,498 [pool-47-thread-1] INFO  server.RaftServerConfigKeys (ConfUtils.java:logGet(43)) - raft.server.log.preallocated.size = 16384 (custom)
2019-09-25 07:34:00,498 [pool-47-thread-1] INFO  server.RaftServerConfigKeys (ConfUtils.java:logGet(43)) - raft.server.log.write.buffer.size = 33554432 (custom)
2019-09-25 07:34:00,498 [pool-47-thread-1] INFO  server.RaftServerConfigKeys (ConfUtils.java:logGet(43)) - raft.server.log.force.sync.num = 128 (default)
2019-09-25 07:34:00,498 [pool-47-thread-1] INFO  server.RaftServerConfigKeys (ConfUtils.java:logGet(43)) - raft.server.log.statemachine.data.sync = true (default)
2019-09-25 07:34:00,498 [pool-47-thread-1] INFO  server.RaftServerConfigKeys (ConfUtils.java:logGet(43)) - raft.server.log.statemachine.data.sync.timeout = 10s (default)
2019-09-25 07:34:00,498 [pool-47-thread-1] INFO  server.RaftServerConfigKeys (ConfUtils.java:logGet(43)) - raft.server.log.statemachine.data.sync.timeout.retry = -1 (default)
2019-09-25 07:34:00,499 [pool-47-thread-1] INFO  server.RaftServerConfigKeys (ConfUtils.java:logGet(43)) - raft.server.log.statemachine.data.caching.enabled = true (custom)
2019-09-25 07:34:00,499 [pool-47-thread-1] INFO  segmented.SegmentedRaftLogWorker (SegmentedRaftLogWorker.java:lambda$new$0(132)) - df3fee13-edb1-4245-be34-bb4c7d942b62@group-DE52786F7964-SegmentedRaftLogWorker: flushIndex: setUnconditionally 0 -> -1
2019-09-25 07:34:00,499 [pool-47-thread-1] INFO  server.RaftServerConfigKeys (ConfUtils.java:logGet(43)) - raft.server.snapshot.auto.trigger.enabled = true (custom)
2019-09-25 07:34:00,499 [pool-47-thread-1] INFO  server.RaftServerConfigKeys (ConfUtils.java:logGet(43)) - raft.server.snapshot.auto.trigger.threshold = 10000 (custom)
2019-09-25 07:34:00,499 [pool-47-thread-1] INFO  server.RaftServerConfigKeys (ConfUtils.java:logGet(43)) - raft.server.snapshot.retention.num.files = 5 (custom)
2019-09-25 07:34:00,500 [pool-47-thread-1] INFO  server.RaftServerConfigKeys (ConfUtils.java:logGet(43)) - raft.server.retrycache.expirytime = 600000ms (custom)
2019-09-25 07:34:00,502 [pool-47-thread-1] INFO  impl.RaftServerImpl (RaftServerImpl.java:start(185)) - df3fee13-edb1-4245-be34-bb4c7d942b62@group-DE52786F7964: start as a follower, conf=-1: [df3fee13-edb1-4245-be34-bb4c7d942b62:192.168.151.106:43278], old=null
2019-09-25 07:34:00,502 [pool-47-thread-1] INFO  impl.RaftServerImpl (RaftServerImpl.java:setRole(174)) - df3fee13-edb1-4245-be34-bb4c7d942b62@group-DE52786F7964: changes role from      null to FOLLOWER at term 0 for startAsFollower
2019-09-25 07:34:00,502 [pool-47-thread-1] INFO  impl.RoleInfo (RoleInfo.java:updateAndGet(143)) - df3fee13-edb1-4245-be34-bb4c7d942b62: start FollowerState
2019-09-25 07:34:00,503 [pool-47-thread-1] INFO  util.JmxRegister (JmxRegister.java:tryRegister(44)) - Successfully registered JMX Bean with object name Ratis:service=RaftServer,group=group-DE52786F7964,id=df3fee13-edb1-4245-be34-bb4c7d942b62
2019-09-25 07:34:00,507 [RatisPipelineUtilsThread] INFO  pipeline.PipelineStateManager (PipelineStateManager.java:addPipeline(56)) - Created pipeline Pipeline[ Id: 325a1979-d377-4929-9d0b-de52786f7964, Nodes: df3fee13-edb1-4245-be34-bb4c7d942b62{ip: 192.168.151.106, host: pr-hdds-1569-x2sr2-3486766547, networkLocation: /default-rack, certSerialId: null}, Type:RATIS, Factor:ONE, State:OPEN]
2019-09-25 07:34:00,516 [grpc-default-executor-0] INFO  impl.RaftServerProxy (RaftServerProxy.java:addNew(89)) - df3fee13-edb1-4245-be34-bb4c7d942b62: addNew group-A5C5AAD55466:[df3fee13-edb1-4245-be34-bb4c7d942b62:192.168.151.106:43278] returns group-A5C5AAD55466:java.util.concurrent.CompletableFuture@26fb017[Not completed]
2019-09-25 07:34:00,517 [pool-47-thread-1] INFO  impl.RaftServerImpl (RaftServerImpl.java:<init>(95)) - df3fee13-edb1-4245-be34-bb4c7d942b62: new RaftServerImpl for group-A5C5AAD55466:[df3fee13-edb1-4245-be34-bb4c7d942b62:192.168.151.106:43278] with ContainerStateMachine:uninitialized
2019-09-25 07:34:00,517 [pool-47-thread-1] INFO  server.RaftServerConfigKeys (ConfUtils.java:logGet(43)) - raft.server.rpc.timeout.min = 5s (custom)
2019-09-25 07:34:00,517 [pool-47-thread-1] INFO  server.RaftServerConfigKeys (ConfUtils.java:logGet(43)) - raft.server.rpc.timeout.max = 5200ms (custom)
2019-09-25 07:34:00,517 [pool-47-thread-1] INFO  server.RaftServerConfigKeys (ConfUtils.java:logGet(43)) - raft.server.rpcslowness.timeout = 120s (custom)
2019-09-25 07:34:00,517 [pool-47-thread-1] INFO  server.RaftServerConfigKeys (ConfUtils.java:logGet(43)) - raft.server.sleep.deviation.threshold = 300 (default)
2019-09-25 07:34:00,517 [pool-47-thread-1] INFO  server.RaftServerConfigKeys (ConfUtils.java:logGet(43)) - raft.server.log.appender.install.snapshot.enabled = false (custom)
2019-09-25 07:34:00,517 [pool-47-thread-1] INFO  impl.RaftServerImpl (ServerState.java:<init>(103)) - df3fee13-edb1-4245-be34-bb4c7d942b62@group-A5C5AAD55466: ConfigurationManager, init=-1: [df3fee13-edb1-4245-be34-bb4c7d942b62:192.168.151.106:43278], old=null, confs=<EMPTY_MAP>
2019-09-25 07:34:00,518 [pool-47-thread-1] INFO  server.RaftServerConfigKeys (ConfUtils.java:logGet(43)) - raft.server.storage.dir = [/workdir/hadoop-ozone/tools/target/test-dir/MiniOzoneClusterImpl-55ba2c16-82ef-4526-82fa-9313f8d95d3f/datanode-2/data/ratis] (custom)
2019-09-25 07:34:00,518 [pool-47-thread-1] INFO  storage.RaftStorageDirectory (RaftStorageDirectory.java:analyzeStorage(246)) - The storage directory /workdir/hadoop-ozone/tools/target/test-dir/MiniOzoneClusterImpl-55ba2c16-82ef-4526-82fa-9313f8d95d3f/datanode-2/data/ratis/0c92308a-180e-4ef8-9dbe-a5c5aad55466 does not exist. Creating ...
2019-09-25 07:34:00,530 [pool-47-thread-1] INFO  storage.RaftStorageDirectory (RaftStorageDirectory.java:tryLock(328)) - Lock on /workdir/hadoop-ozone/tools/target/test-dir/MiniOzoneClusterImpl-55ba2c16-82ef-4526-82fa-9313f8d95d3f/datanode-2/data/ratis/0c92308a-180e-4ef8-9dbe-a5c5aad55466/in_use.lock acquired by nodename 26202@pr-hdds-1569-x2sr2-3486766547
2019-09-25 07:34:00,543 [pool-47-thread-1] INFO  storage.RaftStorage (RaftStorage.java:format(72)) - Storage directory /workdir/hadoop-ozone/tools/target/test-dir/MiniOzoneClusterImpl-55ba2c16-82ef-4526-82fa-9313f8d95d3f/datanode-2/data/ratis/0c92308a-180e-4ef8-9dbe-a5c5aad55466 has been successfully formatted.
2019-09-25 07:34:00,543 [pool-47-thread-1] INFO  ratis.ContainerStateMachine (ContainerStateMachine.java:loadSnapshot(230)) - group-A5C5AAD55466: The snapshot info is null. Setting the last applied indexto:(t:0, i:~)
2019-09-25 07:34:00,543 [pool-47-thread-1] INFO  server.RaftServerConfigKeys (ConfUtils.java:logGet(43)) - raft.server.notification.no-leader.timeout = 120s (custom)
2019-09-25 07:34:00,543 [pool-47-thread-1] INFO  server.RaftServerConfigKeys (ConfUtils.java:logGet(43)) - raft.server.log.use.memory = false (default)
2019-09-25 07:34:00,543 [pool-47-thread-1] INFO  server.RaftServerConfigKeys (ConfUtils.java:logGet(43)) - raft.server.log.purge.gap = 1000000 (custom)
2019-09-25 07:34:00,543 [pool-47-thread-1] INFO  server.RaftServerConfigKeys (ConfUtils.java:logGet(43)) - raft.server.log.appender.buffer.byte-limit = 33554432 (custom)
2019-09-25 07:34:00,544 [pool-47-thread-1] INFO  server.RaftServerConfigKeys (ConfUtils.java:logGet(43)) - raft.server.log.segment.size.max = 1048576 (custom)
2019-09-25 07:34:00,544 [pool-47-thread-1] INFO  server.RaftServerConfigKeys (ConfUtils.java:logGet(43)) - raft.server.log.segment.cache.num.max = 2 (custom)
2019-09-25 07:34:00,544 [pool-47-thread-1] INFO  segmented.SegmentedRaftLogWorker (SegmentedRaftLogWorker.java:<init>(172)) - new df3fee13-edb1-4245-be34-bb4c7d942b62@group-A5C5AAD55466-SegmentedRaftLogWorker for RaftStorage:Storage Directory /workdir/hadoop-ozone/tools/target/test-dir/MiniOzoneClusterImpl-55ba2c16-82ef-4526-82fa-9313f8d95d3f/datanode-2/data/ratis/0c92308a-180e-4ef8-9dbe-a5c5aad55466
2019-09-25 07:34:00,544 [pool-47-thread-1] INFO  server.RaftServerConfigKeys (ConfUtils.java:logGet(43)) - raft.server.log.queue.byte-limit = 2147483647 (custom)
2019-09-25 07:34:00,544 [pool-47-thread-1] INFO  server.RaftServerConfigKeys (ConfUtils.java:logGet(43)) - raft.server.log.queue.element-limit = 1024 (custom)
2019-09-25 07:34:00,544 [pool-47-thread-1] INFO  server.RaftServerConfigKeys (ConfUtils.java:logGet(43)) - raft.server.log.segment.size.max = 1048576 (custom)
2019-09-25 07:34:00,544 [pool-47-thread-1] INFO  server.RaftServerConfigKeys (ConfUtils.java:logGet(43)) - raft.server.log.preallocated.size = 16384 (custom)
2019-09-25 07:34:00,544 [pool-47-thread-1] INFO  server.RaftServerConfigKeys (ConfUtils.java:logGet(43)) - raft.server.log.write.buffer.size = 33554432 (custom)
2019-09-25 07:34:00,544 [pool-47-thread-1] INFO  server.RaftServerConfigKeys (ConfUtils.java:logGet(43)) - raft.server.log.force.sync.num = 128 (default)
2019-09-25 07:34:00,544 [pool-47-thread-1] INFO  server.RaftServerConfigKeys (ConfUtils.java:logGet(43)) - raft.server.log.statemachine.data.sync = true (default)
2019-09-25 07:34:00,545 [pool-47-thread-1] INFO  server.RaftServerConfigKeys (ConfUtils.java:logGet(43)) - raft.server.log.statemachine.data.sync.timeout = 10s (default)
2019-09-25 07:34:00,545 [pool-47-thread-1] INFO  server.RaftServerConfigKeys (ConfUtils.java:logGet(43)) - raft.server.log.statemachine.data.sync.timeout.retry = -1 (default)
2019-09-25 07:34:00,545 [pool-47-thread-1] INFO  server.RaftServerConfigKeys (ConfUtils.java:logGet(43)) - raft.server.log.statemachine.data.caching.enabled = true (custom)
2019-09-25 07:34:00,545 [pool-47-thread-1] INFO  segmented.SegmentedRaftLogWorker (SegmentedRaftLogWorker.java:lambda$new$0(132)) - df3fee13-edb1-4245-be34-bb4c7d942b62@group-A5C5AAD55466-SegmentedRaftLogWorker: flushIndex: setUnconditionally 0 -> -1
2019-09-25 07:34:00,545 [pool-47-thread-1] INFO  server.RaftServerConfigKeys (ConfUtils.java:logGet(43)) - raft.server.snapshot.auto.trigger.enabled = true (custom)
2019-09-25 07:34:00,545 [pool-47-thread-1] INFO  server.RaftServerConfigKeys (ConfUtils.java:logGet(43)) - raft.server.snapshot.auto.trigger.threshold = 10000 (custom)
2019-09-25 07:34:00,545 [pool-47-thread-1] INFO  server.RaftServerConfigKeys (ConfUtils.java:logGet(43)) - raft.server.snapshot.retention.num.files = 5 (custom)
2019-09-25 07:34:00,546 [pool-47-thread-1] INFO  server.RaftServerConfigKeys (ConfUtils.java:logGet(43)) - raft.server.retrycache.expirytime = 600000ms (custom)
2019-09-25 07:34:00,547 [pool-47-thread-1] INFO  impl.RaftServerImpl (RaftServerImpl.java:start(185)) - df3fee13-edb1-4245-be34-bb4c7d942b62@group-A5C5AAD55466: start as a follower, conf=-1: [df3fee13-edb1-4245-be34-bb4c7d942b62:192.168.151.106:43278], old=null
2019-09-25 07:34:00,547 [pool-47-thread-1] INFO  impl.RaftServerImpl (RaftServerImpl.java:setRole(174)) - df3fee13-edb1-4245-be34-bb4c7d942b62@group-A5C5AAD55466: changes role from      null to FOLLOWER at term 0 for startAsFollower
2019-09-25 07:34:00,548 [pool-47-thread-1] INFO  impl.RoleInfo (RoleInfo.java:updateAndGet(143)) - df3fee13-edb1-4245-be34-bb4c7d942b62: start FollowerState
2019-09-25 07:34:00,548 [pool-47-thread-1] INFO  util.JmxRegister (JmxRegister.java:tryRegister(44)) - Successfully registered JMX Bean with object name Ratis:service=RaftServer,group=group-A5C5AAD55466,id=df3fee13-edb1-4245-be34-bb4c7d942b62
2019-09-25 07:34:00,553 [RatisPipelineUtilsThread] INFO  pipeline.PipelineStateManager (PipelineStateManager.java:addPipeline(56)) - Created pipeline Pipeline[ Id: 0c92308a-180e-4ef8-9dbe-a5c5aad55466, Nodes: df3fee13-edb1-4245-be34-bb4c7d942b62{ip: 192.168.151.106, host: pr-hdds-1569-x2sr2-3486766547, networkLocation: /default-rack, certSerialId: null}, Type:RATIS, Factor:ONE, State:OPEN]
2019-09-25 07:34:00,553 [RatisPipelineUtilsThread] INFO  pipeline.PipelinePlacementPolicy (PipelinePlacementPolicy.java:meetCriteria(91)) - Pipeline Placement: can't place more pipeline on heavy datanode： df3fee13-edb1-4245-be34-bb4c7d942b62 Heaviness: 6 limit: 5
2019-09-25 07:34:00,563 [grpc-default-executor-0] INFO  impl.RaftServerProxy (RaftServerProxy.java:addNew(89)) - 9659e150-6db8-46c9-9754-45a2163a8a7f: addNew group-EF0B528B9D66:[9659e150-6db8-46c9-9754-45a2163a8a7f:192.168.151.106:44942] returns group-EF0B528B9D66:java.util.concurrent.CompletableFuture@181e23bb[Not completed]
2019-09-25 07:34:00,564 [pool-37-thread-1] INFO  impl.RaftServerImpl (RaftServerImpl.java:<init>(95)) - 9659e150-6db8-46c9-9754-45a2163a8a7f: new RaftServerImpl for group-EF0B528B9D66:[9659e150-6db8-46c9-9754-45a2163a8a7f:192.168.151.106:44942] with ContainerStateMachine:uninitialized
2019-09-25 07:34:00,564 [pool-37-thread-1] INFO  server.RaftServerConfigKeys (ConfUtils.java:logGet(43)) - raft.server.rpc.timeout.min = 5s (custom)
2019-09-25 07:34:00,564 [pool-37-thread-1] INFO  server.RaftServerConfigKeys (ConfUtils.java:logGet(43)) - raft.server.rpc.timeout.max = 5200ms (custom)
2019-09-25 07:34:00,565 [pool-37-thread-1] INFO  server.RaftServerConfigKeys (ConfUtils.java:logGet(43)) - raft.server.rpcslowness.timeout = 120s (custom)
2019-09-25 07:34:00,565 [pool-37-thread-1] INFO  server.RaftServerConfigKeys (ConfUtils.java:logGet(43)) - raft.server.sleep.deviation.threshold = 300 (default)
2019-09-25 07:34:00,565 [pool-37-thread-1] INFO  server.RaftServerConfigKeys (ConfUtils.java:logGet(43)) - raft.server.log.appender.install.snapshot.enabled = false (custom)
2019-09-25 07:34:00,565 [pool-37-thread-1] INFO  impl.RaftServerImpl (ServerState.java:<init>(103)) - 9659e150-6db8-46c9-9754-45a2163a8a7f@group-EF0B528B9D66: ConfigurationManager, init=-1: [9659e150-6db8-46c9-9754-45a2163a8a7f:192.168.151.106:44942], old=null, confs=<EMPTY_MAP>
2019-09-25 07:34:00,565 [pool-37-thread-1] INFO  server.RaftServerConfigKeys (ConfUtils.java:logGet(43)) - raft.server.storage.dir = [/workdir/hadoop-ozone/tools/target/test-dir/MiniOzoneClusterImpl-55ba2c16-82ef-4526-82fa-9313f8d95d3f/datanode-1/data/ratis] (custom)
2019-09-25 07:34:00,565 [pool-37-thread-1] INFO  storage.RaftStorageDirectory (RaftStorageDirectory.java:analyzeStorage(246)) - The storage directory /workdir/hadoop-ozone/tools/target/test-dir/MiniOzoneClusterImpl-55ba2c16-82ef-4526-82fa-9313f8d95d3f/datanode-1/data/ratis/146a72ca-55c6-4fb8-8590-ef0b528b9d66 does not exist. Creating ...
2019-09-25 07:34:00,572 [IPC Server handler 4 on 39980] INFO  volume.OMVolumeCreateRequest (OMVolumeCreateRequest.java:validateAndUpdateCache(189)) - created volume:vol-0-31506 for user:jenkins1000
2019-09-25 07:34:00,580 [pool-37-thread-1] INFO  storage.RaftStorageDirectory (RaftStorageDirectory.java:tryLock(328)) - Lock on /workdir/hadoop-ozone/tools/target/test-dir/MiniOzoneClusterImpl-55ba2c16-82ef-4526-82fa-9313f8d95d3f/datanode-1/data/ratis/146a72ca-55c6-4fb8-8590-ef0b528b9d66/in_use.lock acquired by nodename 26202@pr-hdds-1569-x2sr2-3486766547
2019-09-25 07:34:00,592 [pool-37-thread-1] INFO  storage.RaftStorage (RaftStorage.java:format(72)) - Storage directory /workdir/hadoop-ozone/tools/target/test-dir/MiniOzoneClusterImpl-55ba2c16-82ef-4526-82fa-9313f8d95d3f/datanode-1/data/ratis/146a72ca-55c6-4fb8-8590-ef0b528b9d66 has been successfully formatted.
2019-09-25 07:34:00,593 [pool-37-thread-1] INFO  ratis.ContainerStateMachine (ContainerStateMachine.java:loadSnapshot(230)) - group-EF0B528B9D66: The snapshot info is null. Setting the last applied indexto:(t:0, i:~)
2019-09-25 07:34:00,593 [pool-37-thread-1] INFO  server.RaftServerConfigKeys (ConfUtils.java:logGet(43)) - raft.server.notification.no-leader.timeout = 120s (custom)
2019-09-25 07:34:00,593 [pool-37-thread-1] INFO  server.RaftServerConfigKeys (ConfUtils.java:logGet(43)) - raft.server.log.use.memory = false (default)
2019-09-25 07:34:00,593 [pool-37-thread-1] INFO  server.RaftServerConfigKeys (ConfUtils.java:logGet(43)) - raft.server.log.purge.gap = 1000000 (custom)
2019-09-25 07:34:00,593 [pool-37-thread-1] INFO  server.RaftServerConfigKeys (ConfUtils.java:logGet(43)) - raft.server.log.appender.buffer.byte-limit = 33554432 (custom)
2019-09-25 07:34:00,593 [pool-37-thread-1] INFO  server.RaftServerConfigKeys (ConfUtils.java:logGet(43)) - raft.server.log.segment.size.max = 1048576 (custom)
2019-09-25 07:34:00,593 [pool-37-thread-1] INFO  server.RaftServerConfigKeys (ConfUtils.java:logGet(43)) - raft.server.log.segment.cache.num.max = 2 (custom)
2019-09-25 07:34:00,593 [pool-37-thread-1] INFO  segmented.SegmentedRaftLogWorker (SegmentedRaftLogWorker.java:<init>(172)) - new 9659e150-6db8-46c9-9754-45a2163a8a7f@group-EF0B528B9D66-SegmentedRaftLogWorker for RaftStorage:Storage Directory /workdir/hadoop-ozone/tools/target/test-dir/MiniOzoneClusterImpl-55ba2c16-82ef-4526-82fa-9313f8d95d3f/datanode-1/data/ratis/146a72ca-55c6-4fb8-8590-ef0b528b9d66
2019-09-25 07:34:00,594 [pool-37-thread-1] INFO  server.RaftServerConfigKeys (ConfUtils.java:logGet(43)) - raft.server.log.queue.byte-limit = 2147483647 (custom)
2019-09-25 07:34:00,594 [pool-37-thread-1] INFO  server.RaftServerConfigKeys (ConfUtils.java:logGet(43)) - raft.server.log.queue.element-limit = 1024 (custom)
2019-09-25 07:34:00,594 [pool-37-thread-1] INFO  server.RaftServerConfigKeys (ConfUtils.java:logGet(43)) - raft.server.log.segment.size.max = 1048576 (custom)
2019-09-25 07:34:00,594 [pool-37-thread-1] INFO  server.RaftServerConfigKeys (ConfUtils.java:logGet(43)) - raft.server.log.preallocated.size = 16384 (custom)
2019-09-25 07:34:00,594 [pool-37-thread-1] INFO  server.RaftServerConfigKeys (ConfUtils.java:logGet(43)) - raft.server.log.write.buffer.size = 33554432 (custom)
2019-09-25 07:34:00,594 [pool-37-thread-1] INFO  server.RaftServerConfigKeys (ConfUtils.java:logGet(43)) - raft.server.log.force.sync.num = 128 (default)
2019-09-25 07:34:00,594 [pool-37-thread-1] INFO  server.RaftServerConfigKeys (ConfUtils.java:logGet(43)) - raft.server.log.statemachine.data.sync = true (default)
2019-09-25 07:34:00,595 [pool-37-thread-1] INFO  server.RaftServerConfigKeys (ConfUtils.java:logGet(43)) - raft.server.log.statemachine.data.sync.timeout = 10s (default)
2019-09-25 07:34:00,595 [pool-37-thread-1] INFO  server.RaftServerConfigKeys (ConfUtils.java:logGet(43)) - raft.server.log.statemachine.data.sync.timeout.retry = -1 (default)
2019-09-25 07:34:00,596 [pool-37-thread-1] INFO  server.RaftServerConfigKeys (ConfUtils.java:logGet(43)) - raft.server.log.statemachine.data.caching.enabled = true (custom)
2019-09-25 07:34:00,598 [pool-37-thread-1] INFO  segmented.SegmentedRaftLogWorker (SegmentedRaftLogWorker.java:lambda$new$0(132)) - 9659e150-6db8-46c9-9754-45a2163a8a7f@group-EF0B528B9D66-SegmentedRaftLogWorker: flushIndex: setUnconditionally 0 -> -1
2019-09-25 07:34:00,598 [pool-37-thread-1] INFO  server.RaftServerConfigKeys (ConfUtils.java:logGet(43)) - raft.server.snapshot.auto.trigger.enabled = true (custom)
2019-09-25 07:34:00,598 [pool-37-thread-1] INFO  server.RaftServerConfigKeys (ConfUtils.java:logGet(43)) - raft.server.snapshot.auto.trigger.threshold = 10000 (custom)
2019-09-25 07:34:00,598 [pool-37-thread-1] INFO  server.RaftServerConfigKeys (ConfUtils.java:logGet(43)) - raft.server.snapshot.retention.num.files = 5 (custom)
2019-09-25 07:34:00,599 [pool-37-thread-1] INFO  server.RaftServerConfigKeys (ConfUtils.java:logGet(43)) - raft.server.retrycache.expirytime = 600000ms (custom)
2019-09-25 07:34:00,602 [pool-37-thread-1] INFO  impl.RaftServerImpl (RaftServerImpl.java:start(185)) - 9659e150-6db8-46c9-9754-45a2163a8a7f@group-EF0B528B9D66: start as a follower, conf=-1: [9659e150-6db8-46c9-9754-45a2163a8a7f:192.168.151.106:44942], old=null
2019-09-25 07:34:00,602 [pool-37-thread-1] INFO  impl.RaftServerImpl (RaftServerImpl.java:setRole(174)) - 9659e150-6db8-46c9-9754-45a2163a8a7f@group-EF0B528B9D66: changes role from      null to FOLLOWER at term 0 for startAsFollower
2019-09-25 07:34:00,602 [pool-37-thread-1] INFO  impl.RoleInfo (RoleInfo.java:updateAndGet(143)) - 9659e150-6db8-46c9-9754-45a2163a8a7f: start FollowerState
2019-09-25 07:34:00,603 [pool-37-thread-1] INFO  util.JmxRegister (JmxRegister.java:tryRegister(44)) - Successfully registered JMX Bean with object name Ratis:service=RaftServer,group=group-EF0B528B9D66,id=9659e150-6db8-46c9-9754-45a2163a8a7f
2019-09-25 07:34:00,608 [RatisPipelineUtilsThread] INFO  pipeline.PipelineStateManager (PipelineStateManager.java:addPipeline(56)) - Created pipeline Pipeline[ Id: 146a72ca-55c6-4fb8-8590-ef0b528b9d66, Nodes: 9659e150-6db8-46c9-9754-45a2163a8a7f{ip: 192.168.151.106, host: pr-hdds-1569-x2sr2-3486766547, networkLocation: /default-rack, certSerialId: null}, Type:RATIS, Factor:ONE, State:OPEN]
2019-09-25 07:34:00,608 [RatisPipelineUtilsThread] INFO  pipeline.PipelinePlacementPolicy (PipelinePlacementPolicy.java:meetCriteria(91)) - Pipeline Placement: can't place more pipeline on heavy datanode： df3fee13-edb1-4245-be34-bb4c7d942b62 Heaviness: 6 limit: 5
2019-09-25 07:34:00,609 [pool-73-thread-2] INFO  rpc.RpcClient (RpcClient.java:createBucket(415)) - Creating Bucket: vol-0-31506/bucket-0-41172, with Versioning false and Storage Type set to DISK and Encryption set to false 
2019-09-25 07:34:00,619 [grpc-default-executor-0] INFO  impl.RaftServerProxy (RaftServerProxy.java:addNew(89)) - 8005d4cb-4fe5-4e19-8530-60982edf3c3e: addNew group-2CF3ED74B842:[8005d4cb-4fe5-4e19-8530-60982edf3c3e:192.168.151.106:45181] returns group-2CF3ED74B842:java.util.concurrent.CompletableFuture@16e77f62[Not completed]
2019-09-25 07:34:00,631 [pool-67-thread-1] INFO  impl.RaftServerImpl (RaftServerImpl.java:<init>(95)) - 8005d4cb-4fe5-4e19-8530-60982edf3c3e: new RaftServerImpl for group-2CF3ED74B842:[8005d4cb-4fe5-4e19-8530-60982edf3c3e:192.168.151.106:45181] with ContainerStateMachine:uninitialized
2019-09-25 07:34:00,632 [pool-67-thread-1] INFO  server.RaftServerConfigKeys (ConfUtils.java:logGet(43)) - raft.server.rpc.timeout.min = 5s (custom)
2019-09-25 07:34:00,632 [pool-67-thread-1] INFO  server.RaftServerConfigKeys (ConfUtils.java:logGet(43)) - raft.server.rpc.timeout.max = 5200ms (custom)
2019-09-25 07:34:00,632 [pool-67-thread-1] INFO  server.RaftServerConfigKeys (ConfUtils.java:logGet(43)) - raft.server.rpcslowness.timeout = 120s (custom)
2019-09-25 07:34:00,632 [pool-67-thread-1] INFO  server.RaftServerConfigKeys (ConfUtils.java:logGet(43)) - raft.server.sleep.deviation.threshold = 300 (default)
2019-09-25 07:34:00,632 [pool-67-thread-1] INFO  server.RaftServerConfigKeys (ConfUtils.java:logGet(43)) - raft.server.log.appender.install.snapshot.enabled = false (custom)
2019-09-25 07:34:00,632 [pool-67-thread-1] INFO  impl.RaftServerImpl (ServerState.java:<init>(103)) - 8005d4cb-4fe5-4e19-8530-60982edf3c3e@group-2CF3ED74B842: ConfigurationManager, init=-1: [8005d4cb-4fe5-4e19-8530-60982edf3c3e:192.168.151.106:45181], old=null, confs=<EMPTY_MAP>
2019-09-25 07:34:00,632 [pool-67-thread-1] INFO  server.RaftServerConfigKeys (ConfUtils.java:logGet(43)) - raft.server.storage.dir = [/workdir/hadoop-ozone/tools/target/test-dir/MiniOzoneClusterImpl-55ba2c16-82ef-4526-82fa-9313f8d95d3f/datanode-4/data/ratis] (custom)
2019-09-25 07:34:00,635 [pool-67-thread-1] INFO  storage.RaftStorageDirectory (RaftStorageDirectory.java:analyzeStorage(246)) - The storage directory /workdir/hadoop-ozone/tools/target/test-dir/MiniOzoneClusterImpl-55ba2c16-82ef-4526-82fa-9313f8d95d3f/datanode-4/data/ratis/4c8634f2-ddb7-425c-8b1f-2cf3ed74b842 does not exist. Creating ...
2019-09-25 07:34:00,658 [pool-67-thread-1] INFO  storage.RaftStorageDirectory (RaftStorageDirectory.java:tryLock(328)) - Lock on /workdir/hadoop-ozone/tools/target/test-dir/MiniOzoneClusterImpl-55ba2c16-82ef-4526-82fa-9313f8d95d3f/datanode-4/data/ratis/4c8634f2-ddb7-425c-8b1f-2cf3ed74b842/in_use.lock acquired by nodename 26202@pr-hdds-1569-x2sr2-3486766547
2019-09-25 07:34:00,676 [pool-67-thread-1] INFO  storage.RaftStorage (RaftStorage.java:format(72)) - Storage directory /workdir/hadoop-ozone/tools/target/test-dir/MiniOzoneClusterImpl-55ba2c16-82ef-4526-82fa-9313f8d95d3f/datanode-4/data/ratis/4c8634f2-ddb7-425c-8b1f-2cf3ed74b842 has been successfully formatted.
2019-09-25 07:34:00,676 [pool-67-thread-1] INFO  ratis.ContainerStateMachine (ContainerStateMachine.java:loadSnapshot(230)) - group-2CF3ED74B842: The snapshot info is null. Setting the last applied indexto:(t:0, i:~)
2019-09-25 07:34:00,677 [pool-67-thread-1] INFO  server.RaftServerConfigKeys (ConfUtils.java:logGet(43)) - raft.server.notification.no-leader.timeout = 120s (custom)
2019-09-25 07:34:00,677 [pool-67-thread-1] INFO  server.RaftServerConfigKeys (ConfUtils.java:logGet(43)) - raft.server.log.use.memory = false (default)
2019-09-25 07:34:00,677 [pool-67-thread-1] INFO  server.RaftServerConfigKeys (ConfUtils.java:logGet(43)) - raft.server.log.purge.gap = 1000000 (custom)
2019-09-25 07:34:00,679 [pool-67-thread-1] INFO  server.RaftServerConfigKeys (ConfUtils.java:logGet(43)) - raft.server.log.appender.buffer.byte-limit = 33554432 (custom)
2019-09-25 07:34:00,679 [pool-67-thread-1] INFO  server.RaftServerConfigKeys (ConfUtils.java:logGet(43)) - raft.server.log.segment.size.max = 1048576 (custom)
2019-09-25 07:34:00,679 [pool-67-thread-1] INFO  server.RaftServerConfigKeys (ConfUtils.java:logGet(43)) - raft.server.log.segment.cache.num.max = 2 (custom)
2019-09-25 07:34:00,679 [pool-67-thread-1] INFO  segmented.SegmentedRaftLogWorker (SegmentedRaftLogWorker.java:<init>(172)) - new 8005d4cb-4fe5-4e19-8530-60982edf3c3e@group-2CF3ED74B842-SegmentedRaftLogWorker for RaftStorage:Storage Directory /workdir/hadoop-ozone/tools/target/test-dir/MiniOzoneClusterImpl-55ba2c16-82ef-4526-82fa-9313f8d95d3f/datanode-4/data/ratis/4c8634f2-ddb7-425c-8b1f-2cf3ed74b842
2019-09-25 07:34:00,679 [pool-67-thread-1] INFO  server.RaftServerConfigKeys (ConfUtils.java:logGet(43)) - raft.server.log.queue.byte-limit = 2147483647 (custom)
2019-09-25 07:34:00,679 [pool-67-thread-1] INFO  server.RaftServerConfigKeys (ConfUtils.java:logGet(43)) - raft.server.log.queue.element-limit = 1024 (custom)
2019-09-25 07:34:00,680 [pool-67-thread-1] INFO  server.RaftServerConfigKeys (ConfUtils.java:logGet(43)) - raft.server.log.segment.size.max = 1048576 (custom)
2019-09-25 07:34:00,680 [pool-67-thread-1] INFO  server.RaftServerConfigKeys (ConfUtils.java:logGet(43)) - raft.server.log.preallocated.size = 16384 (custom)
2019-09-25 07:34:00,680 [pool-67-thread-1] INFO  server.RaftServerConfigKeys (ConfUtils.java:logGet(43)) - raft.server.log.write.buffer.size = 33554432 (custom)
2019-09-25 07:34:00,680 [pool-67-thread-1] INFO  server.RaftServerConfigKeys (ConfUtils.java:logGet(43)) - raft.server.log.force.sync.num = 128 (default)
2019-09-25 07:34:00,680 [pool-67-thread-1] INFO  server.RaftServerConfigKeys (ConfUtils.java:logGet(43)) - raft.server.log.statemachine.data.sync = true (default)
2019-09-25 07:34:00,680 [pool-67-thread-1] INFO  server.RaftServerConfigKeys (ConfUtils.java:logGet(43)) - raft.server.log.statemachine.data.sync.timeout = 10s (default)
2019-09-25 07:34:00,680 [pool-67-thread-1] INFO  server.RaftServerConfigKeys (ConfUtils.java:logGet(43)) - raft.server.log.statemachine.data.sync.timeout.retry = -1 (default)
2019-09-25 07:34:00,681 [pool-67-thread-1] INFO  server.RaftServerConfigKeys (ConfUtils.java:logGet(43)) - raft.server.log.statemachine.data.caching.enabled = true (custom)
2019-09-25 07:34:00,681 [pool-67-thread-1] INFO  segmented.SegmentedRaftLogWorker (SegmentedRaftLogWorker.java:lambda$new$0(132)) - 8005d4cb-4fe5-4e19-8530-60982edf3c3e@group-2CF3ED74B842-SegmentedRaftLogWorker: flushIndex: setUnconditionally 0 -> -1
2019-09-25 07:34:00,681 [pool-67-thread-1] INFO  server.RaftServerConfigKeys (ConfUtils.java:logGet(43)) - raft.server.snapshot.auto.trigger.enabled = true (custom)
2019-09-25 07:34:00,682 [pool-67-thread-1] INFO  server.RaftServerConfigKeys (ConfUtils.java:logGet(43)) - raft.server.snapshot.auto.trigger.threshold = 10000 (custom)
2019-09-25 07:34:00,682 [pool-67-thread-1] INFO  server.RaftServerConfigKeys (ConfUtils.java:logGet(43)) - raft.server.snapshot.retention.num.files = 5 (custom)
2019-09-25 07:34:00,682 [pool-67-thread-1] INFO  server.RaftServerConfigKeys (ConfUtils.java:logGet(43)) - raft.server.retrycache.expirytime = 600000ms (custom)
2019-09-25 07:34:00,685 [pool-67-thread-1] INFO  impl.RaftServerImpl (RaftServerImpl.java:start(185)) - 8005d4cb-4fe5-4e19-8530-60982edf3c3e@group-2CF3ED74B842: start as a follower, conf=-1: [8005d4cb-4fe5-4e19-8530-60982edf3c3e:192.168.151.106:45181], old=null
2019-09-25 07:34:00,685 [pool-67-thread-1] INFO  impl.RaftServerImpl (RaftServerImpl.java:setRole(174)) - 8005d4cb-4fe5-4e19-8530-60982edf3c3e@group-2CF3ED74B842: changes role from      null to FOLLOWER at term 0 for startAsFollower
2019-09-25 07:34:00,685 [pool-67-thread-1] INFO  impl.RoleInfo (RoleInfo.java:updateAndGet(143)) - 8005d4cb-4fe5-4e19-8530-60982edf3c3e: start FollowerState
2019-09-25 07:34:00,686 [pool-67-thread-1] INFO  util.JmxRegister (JmxRegister.java:tryRegister(44)) - Successfully registered JMX Bean with object name Ratis:service=RaftServer,group=group-2CF3ED74B842,id=8005d4cb-4fe5-4e19-8530-60982edf3c3e
2019-09-25 07:34:00,693 [RatisPipelineUtilsThread] INFO  pipeline.PipelineStateManager (PipelineStateManager.java:addPipeline(56)) - Created pipeline Pipeline[ Id: 4c8634f2-ddb7-425c-8b1f-2cf3ed74b842, Nodes: 8005d4cb-4fe5-4e19-8530-60982edf3c3e{ip: 192.168.151.106, host: pr-hdds-1569-x2sr2-3486766547, networkLocation: /default-rack, certSerialId: null}, Type:RATIS, Factor:ONE, State:OPEN]
2019-09-25 07:34:00,693 [RatisPipelineUtilsThread] INFO  pipeline.PipelinePlacementPolicy (PipelinePlacementPolicy.java:meetCriteria(91)) - Pipeline Placement: can't place more pipeline on heavy datanode： df3fee13-edb1-4245-be34-bb4c7d942b62 Heaviness: 6 limit: 5
2019-09-25 07:34:01,095 [grpc-default-executor-0] INFO  impl.RaftServerProxy (RaftServerProxy.java:addNew(89)) - 0441a7da-a434-40f3-b826-f1d73a75434f: addNew group-2975D0F19D77:[0441a7da-a434-40f3-b826-f1d73a75434f:192.168.151.106:42590] returns group-2975D0F19D77:java.util.concurrent.CompletableFuture@41de03d8[Not completed]
2019-09-25 07:34:01,106 [pool-57-thread-1] INFO  impl.RaftServerImpl (RaftServerImpl.java:<init>(95)) - 0441a7da-a434-40f3-b826-f1d73a75434f: new RaftServerImpl for group-2975D0F19D77:[0441a7da-a434-40f3-b826-f1d73a75434f:192.168.151.106:42590] with ContainerStateMachine:uninitialized
2019-09-25 07:34:01,107 [pool-57-thread-1] INFO  server.RaftServerConfigKeys (ConfUtils.java:logGet(43)) - raft.server.rpc.timeout.min = 5s (custom)
2019-09-25 07:34:01,107 [pool-57-thread-1] INFO  server.RaftServerConfigKeys (ConfUtils.java:logGet(43)) - raft.server.rpc.timeout.max = 5200ms (custom)
2019-09-25 07:34:01,107 [pool-57-thread-1] INFO  server.RaftServerConfigKeys (ConfUtils.java:logGet(43)) - raft.server.rpcslowness.timeout = 120s (custom)
2019-09-25 07:34:01,107 [pool-57-thread-1] INFO  server.RaftServerConfigKeys (ConfUtils.java:logGet(43)) - raft.server.sleep.deviation.threshold = 300 (default)
2019-09-25 07:34:01,108 [pool-57-thread-1] INFO  server.RaftServerConfigKeys (ConfUtils.java:logGet(43)) - raft.server.log.appender.install.snapshot.enabled = false (custom)
2019-09-25 07:34:01,108 [pool-57-thread-1] INFO  impl.RaftServerImpl (ServerState.java:<init>(103)) - 0441a7da-a434-40f3-b826-f1d73a75434f@group-2975D0F19D77: ConfigurationManager, init=-1: [0441a7da-a434-40f3-b826-f1d73a75434f:192.168.151.106:42590], old=null, confs=<EMPTY_MAP>
2019-09-25 07:34:01,108 [pool-57-thread-1] INFO  server.RaftServerConfigKeys (ConfUtils.java:logGet(43)) - raft.server.storage.dir = [/workdir/hadoop-ozone/tools/target/test-dir/MiniOzoneClusterImpl-55ba2c16-82ef-4526-82fa-9313f8d95d3f/datanode-3/data/ratis] (custom)
2019-09-25 07:34:01,110 [pool-57-thread-1] INFO  storage.RaftStorageDirectory (RaftStorageDirectory.java:analyzeStorage(246)) - The storage directory /workdir/hadoop-ozone/tools/target/test-dir/MiniOzoneClusterImpl-55ba2c16-82ef-4526-82fa-9313f8d95d3f/datanode-3/data/ratis/4fe6916b-6d8e-4466-a30b-2975d0f19d77 does not exist. Creating ...
2019-09-25 07:34:01,155 [pool-57-thread-1] INFO  storage.RaftStorageDirectory (RaftStorageDirectory.java:tryLock(328)) - Lock on /workdir/hadoop-ozone/tools/target/test-dir/MiniOzoneClusterImpl-55ba2c16-82ef-4526-82fa-9313f8d95d3f/datanode-3/data/ratis/4fe6916b-6d8e-4466-a30b-2975d0f19d77/in_use.lock acquired by nodename 26202@pr-hdds-1569-x2sr2-3486766547
2019-09-25 07:34:01,178 [pool-57-thread-1] INFO  storage.RaftStorage (RaftStorage.java:format(72)) - Storage directory /workdir/hadoop-ozone/tools/target/test-dir/MiniOzoneClusterImpl-55ba2c16-82ef-4526-82fa-9313f8d95d3f/datanode-3/data/ratis/4fe6916b-6d8e-4466-a30b-2975d0f19d77 has been successfully formatted.
2019-09-25 07:34:01,178 [pool-57-thread-1] INFO  ratis.ContainerStateMachine (ContainerStateMachine.java:loadSnapshot(230)) - group-2975D0F19D77: The snapshot info is null. Setting the last applied indexto:(t:0, i:~)
2019-09-25 07:34:01,179 [pool-57-thread-1] INFO  server.RaftServerConfigKeys (ConfUtils.java:logGet(43)) - raft.server.notification.no-leader.timeout = 120s (custom)
2019-09-25 07:34:01,179 [pool-57-thread-1] INFO  server.RaftServerConfigKeys (ConfUtils.java:logGet(43)) - raft.server.log.use.memory = false (default)
2019-09-25 07:34:01,179 [pool-57-thread-1] INFO  server.RaftServerConfigKeys (ConfUtils.java:logGet(43)) - raft.server.log.purge.gap = 1000000 (custom)
2019-09-25 07:34:01,179 [pool-57-thread-1] INFO  server.RaftServerConfigKeys (ConfUtils.java:logGet(43)) - raft.server.log.appender.buffer.byte-limit = 33554432 (custom)
2019-09-25 07:34:01,179 [pool-57-thread-1] INFO  server.RaftServerConfigKeys (ConfUtils.java:logGet(43)) - raft.server.log.segment.size.max = 1048576 (custom)
2019-09-25 07:34:01,180 [pool-57-thread-1] INFO  server.RaftServerConfigKeys (ConfUtils.java:logGet(43)) - raft.server.log.segment.cache.num.max = 2 (custom)
2019-09-25 07:34:01,180 [pool-57-thread-1] INFO  segmented.SegmentedRaftLogWorker (SegmentedRaftLogWorker.java:<init>(172)) - new 0441a7da-a434-40f3-b826-f1d73a75434f@group-2975D0F19D77-SegmentedRaftLogWorker for RaftStorage:Storage Directory /workdir/hadoop-ozone/tools/target/test-dir/MiniOzoneClusterImpl-55ba2c16-82ef-4526-82fa-9313f8d95d3f/datanode-3/data/ratis/4fe6916b-6d8e-4466-a30b-2975d0f19d77
2019-09-25 07:34:01,180 [pool-57-thread-1] INFO  server.RaftServerConfigKeys (ConfUtils.java:logGet(43)) - raft.server.log.queue.byte-limit = 2147483647 (custom)
2019-09-25 07:34:01,180 [pool-57-thread-1] INFO  server.RaftServerConfigKeys (ConfUtils.java:logGet(43)) - raft.server.log.queue.element-limit = 1024 (custom)
2019-09-25 07:34:01,180 [pool-57-thread-1] INFO  server.RaftServerConfigKeys (ConfUtils.java:logGet(43)) - raft.server.log.segment.size.max = 1048576 (custom)
2019-09-25 07:34:01,180 [pool-57-thread-1] INFO  server.RaftServerConfigKeys (ConfUtils.java:logGet(43)) - raft.server.log.preallocated.size = 16384 (custom)
2019-09-25 07:34:01,181 [pool-57-thread-1] INFO  server.RaftServerConfigKeys (ConfUtils.java:logGet(43)) - raft.server.log.write.buffer.size = 33554432 (custom)
2019-09-25 07:34:01,181 [pool-57-thread-1] INFO  server.RaftServerConfigKeys (ConfUtils.java:logGet(43)) - raft.server.log.force.sync.num = 128 (default)
2019-09-25 07:34:01,181 [pool-57-thread-1] INFO  server.RaftServerConfigKeys (ConfUtils.java:logGet(43)) - raft.server.log.statemachine.data.sync = true (default)
2019-09-25 07:34:01,181 [pool-57-thread-1] INFO  server.RaftServerConfigKeys (ConfUtils.java:logGet(43)) - raft.server.log.statemachine.data.sync.timeout = 10s (default)
2019-09-25 07:34:01,181 [pool-57-thread-1] INFO  server.RaftServerConfigKeys (ConfUtils.java:logGet(43)) - raft.server.log.statemachine.data.sync.timeout.retry = -1 (default)
2019-09-25 07:34:01,184 [pool-57-thread-1] INFO  server.RaftServerConfigKeys (ConfUtils.java:logGet(43)) - raft.server.log.statemachine.data.caching.enabled = true (custom)
2019-09-25 07:34:01,184 [pool-57-thread-1] INFO  segmented.SegmentedRaftLogWorker (SegmentedRaftLogWorker.java:lambda$new$0(132)) - 0441a7da-a434-40f3-b826-f1d73a75434f@group-2975D0F19D77-SegmentedRaftLogWorker: flushIndex: setUnconditionally 0 -> -1
2019-09-25 07:34:01,185 [pool-57-thread-1] INFO  server.RaftServerConfigKeys (ConfUtils.java:logGet(43)) - raft.server.snapshot.auto.trigger.enabled = true (custom)
2019-09-25 07:34:01,185 [pool-57-thread-1] INFO  server.RaftServerConfigKeys (ConfUtils.java:logGet(43)) - raft.server.snapshot.auto.trigger.threshold = 10000 (custom)
2019-09-25 07:34:01,185 [pool-57-thread-1] INFO  server.RaftServerConfigKeys (ConfUtils.java:logGet(43)) - raft.server.snapshot.retention.num.files = 5 (custom)
2019-09-25 07:34:01,185 [pool-57-thread-1] INFO  server.RaftServerConfigKeys (ConfUtils.java:logGet(43)) - raft.server.retrycache.expirytime = 600000ms (custom)
2019-09-25 07:34:01,188 [pool-57-thread-1] INFO  impl.RaftServerImpl (RaftServerImpl.java:start(185)) - 0441a7da-a434-40f3-b826-f1d73a75434f@group-2975D0F19D77: start as a follower, conf=-1: [0441a7da-a434-40f3-b826-f1d73a75434f:192.168.151.106:42590], old=null
2019-09-25 07:34:01,188 [pool-57-thread-1] INFO  impl.RaftServerImpl (RaftServerImpl.java:setRole(174)) - 0441a7da-a434-40f3-b826-f1d73a75434f@group-2975D0F19D77: changes role from      null to FOLLOWER at term 0 for startAsFollower
2019-09-25 07:34:01,188 [pool-57-thread-1] INFO  impl.RoleInfo (RoleInfo.java:updateAndGet(143)) - 0441a7da-a434-40f3-b826-f1d73a75434f: start FollowerState
2019-09-25 07:34:01,194 [pool-57-thread-1] INFO  util.JmxRegister (JmxRegister.java:tryRegister(44)) - Successfully registered JMX Bean with object name Ratis:service=RaftServer,group=group-2975D0F19D77,id=0441a7da-a434-40f3-b826-f1d73a75434f
2019-09-25 07:34:01,209 [RatisPipelineUtilsThread] INFO  pipeline.PipelineStateManager (PipelineStateManager.java:addPipeline(56)) - Created pipeline Pipeline[ Id: 4fe6916b-6d8e-4466-a30b-2975d0f19d77, Nodes: 0441a7da-a434-40f3-b826-f1d73a75434f{ip: 192.168.151.106, host: pr-hdds-1569-x2sr2-3486766547, networkLocation: /default-rack, certSerialId: null}, Type:RATIS, Factor:ONE, State:OPEN]
2019-09-25 07:34:01,209 [RatisPipelineUtilsThread] INFO  pipeline.PipelinePlacementPolicy (PipelinePlacementPolicy.java:meetCriteria(91)) - Pipeline Placement: can't place more pipeline on heavy datanode： df3fee13-edb1-4245-be34-bb4c7d942b62 Heaviness: 6 limit: 5
2019-09-25 07:34:01,222 [grpc-default-executor-0] INFO  impl.RaftServerProxy (RaftServerProxy.java:addNew(89)) - bdcda101-49b0-4c87-b510-4eac276b6602: addNew group-1FD5E6743C99:[bdcda101-49b0-4c87-b510-4eac276b6602:192.168.151.106:38523] returns group-1FD5E6743C99:java.util.concurrent.CompletableFuture@39e7baaa[Not completed]
2019-09-25 07:34:01,224 [pool-27-thread-1] INFO  impl.RaftServerImpl (RaftServerImpl.java:<init>(95)) - bdcda101-49b0-4c87-b510-4eac276b6602: new RaftServerImpl for group-1FD5E6743C99:[bdcda101-49b0-4c87-b510-4eac276b6602:192.168.151.106:38523] with ContainerStateMachine:uninitialized
2019-09-25 07:34:01,224 [pool-27-thread-1] INFO  server.RaftServerConfigKeys (ConfUtils.java:logGet(43)) - raft.server.rpc.timeout.min = 5s (custom)
2019-09-25 07:34:01,224 [pool-27-thread-1] INFO  server.RaftServerConfigKeys (ConfUtils.java:logGet(43)) - raft.server.rpc.timeout.max = 5200ms (custom)
2019-09-25 07:34:01,224 [pool-27-thread-1] INFO  server.RaftServerConfigKeys (ConfUtils.java:logGet(43)) - raft.server.rpcslowness.timeout = 120s (custom)
2019-09-25 07:34:01,224 [pool-27-thread-1] INFO  server.RaftServerConfigKeys (ConfUtils.java:logGet(43)) - raft.server.sleep.deviation.threshold = 300 (default)
2019-09-25 07:34:01,225 [pool-27-thread-1] INFO  server.RaftServerConfigKeys (ConfUtils.java:logGet(43)) - raft.server.log.appender.install.snapshot.enabled = false (custom)
2019-09-25 07:34:01,225 [pool-27-thread-1] INFO  impl.RaftServerImpl (ServerState.java:<init>(103)) - bdcda101-49b0-4c87-b510-4eac276b6602@group-1FD5E6743C99: ConfigurationManager, init=-1: [bdcda101-49b0-4c87-b510-4eac276b6602:192.168.151.106:38523], old=null, confs=<EMPTY_MAP>
2019-09-25 07:34:01,225 [pool-27-thread-1] INFO  server.RaftServerConfigKeys (ConfUtils.java:logGet(43)) - raft.server.storage.dir = [/workdir/hadoop-ozone/tools/target/test-dir/MiniOzoneClusterImpl-55ba2c16-82ef-4526-82fa-9313f8d95d3f/datanode-0/data/ratis] (custom)
2019-09-25 07:34:01,225 [pool-27-thread-1] INFO  storage.RaftStorageDirectory (RaftStorageDirectory.java:analyzeStorage(246)) - The storage directory /workdir/hadoop-ozone/tools/target/test-dir/MiniOzoneClusterImpl-55ba2c16-82ef-4526-82fa-9313f8d95d3f/datanode-0/data/ratis/d6c1d2a3-52df-4b98-9196-1fd5e6743c99 does not exist. Creating ...
2019-09-25 07:34:01,250 [pool-27-thread-1] INFO  storage.RaftStorageDirectory (RaftStorageDirectory.java:tryLock(328)) - Lock on /workdir/hadoop-ozone/tools/target/test-dir/MiniOzoneClusterImpl-55ba2c16-82ef-4526-82fa-9313f8d95d3f/datanode-0/data/ratis/d6c1d2a3-52df-4b98-9196-1fd5e6743c99/in_use.lock acquired by nodename 26202@pr-hdds-1569-x2sr2-3486766547
2019-09-25 07:34:01,263 [pool-27-thread-1] INFO  storage.RaftStorage (RaftStorage.java:format(72)) - Storage directory /workdir/hadoop-ozone/tools/target/test-dir/MiniOzoneClusterImpl-55ba2c16-82ef-4526-82fa-9313f8d95d3f/datanode-0/data/ratis/d6c1d2a3-52df-4b98-9196-1fd5e6743c99 has been successfully formatted.
2019-09-25 07:34:01,264 [pool-27-thread-1] INFO  ratis.ContainerStateMachine (ContainerStateMachine.java:loadSnapshot(230)) - group-1FD5E6743C99: The snapshot info is null. Setting the last applied indexto:(t:0, i:~)
2019-09-25 07:34:01,264 [pool-27-thread-1] INFO  server.RaftServerConfigKeys (ConfUtils.java:logGet(43)) - raft.server.notification.no-leader.timeout = 120s (custom)
2019-09-25 07:34:01,264 [pool-27-thread-1] INFO  server.RaftServerConfigKeys (ConfUtils.java:logGet(43)) - raft.server.log.use.memory = false (default)
2019-09-25 07:34:01,264 [pool-27-thread-1] INFO  server.RaftServerConfigKeys (ConfUtils.java:logGet(43)) - raft.server.log.purge.gap = 1000000 (custom)
2019-09-25 07:34:01,264 [pool-27-thread-1] INFO  server.RaftServerConfigKeys (ConfUtils.java:logGet(43)) - raft.server.log.appender.buffer.byte-limit = 33554432 (custom)
2019-09-25 07:34:01,268 [pool-27-thread-1] INFO  server.RaftServerConfigKeys (ConfUtils.java:logGet(43)) - raft.server.log.segment.size.max = 1048576 (custom)
2019-09-25 07:34:01,268 [pool-27-thread-1] INFO  server.RaftServerConfigKeys (ConfUtils.java:logGet(43)) - raft.server.log.segment.cache.num.max = 2 (custom)
2019-09-25 07:34:01,268 [pool-27-thread-1] INFO  segmented.SegmentedRaftLogWorker (SegmentedRaftLogWorker.java:<init>(172)) - new bdcda101-49b0-4c87-b510-4eac276b6602@group-1FD5E6743C99-SegmentedRaftLogWorker for RaftStorage:Storage Directory /workdir/hadoop-ozone/tools/target/test-dir/MiniOzoneClusterImpl-55ba2c16-82ef-4526-82fa-9313f8d95d3f/datanode-0/data/ratis/d6c1d2a3-52df-4b98-9196-1fd5e6743c99
2019-09-25 07:34:01,269 [pool-27-thread-1] INFO  server.RaftServerConfigKeys (ConfUtils.java:logGet(43)) - raft.server.log.queue.byte-limit = 2147483647 (custom)
2019-09-25 07:34:01,269 [pool-27-thread-1] INFO  server.RaftServerConfigKeys (ConfUtils.java:logGet(43)) - raft.server.log.queue.element-limit = 1024 (custom)
2019-09-25 07:34:01,269 [pool-27-thread-1] INFO  server.RaftServerConfigKeys (ConfUtils.java:logGet(43)) - raft.server.log.segment.size.max = 1048576 (custom)
2019-09-25 07:34:01,269 [pool-27-thread-1] INFO  server.RaftServerConfigKeys (ConfUtils.java:logGet(43)) - raft.server.log.preallocated.size = 16384 (custom)
2019-09-25 07:34:01,269 [pool-27-thread-1] INFO  server.RaftServerConfigKeys (ConfUtils.java:logGet(43)) - raft.server.log.write.buffer.size = 33554432 (custom)
2019-09-25 07:34:01,269 [pool-27-thread-1] INFO  server.RaftServerConfigKeys (ConfUtils.java:logGet(43)) - raft.server.log.force.sync.num = 128 (default)
2019-09-25 07:34:01,269 [pool-27-thread-1] INFO  server.RaftServerConfigKeys (ConfUtils.java:logGet(43)) - raft.server.log.statemachine.data.sync = true (default)
2019-09-25 07:34:01,270 [pool-27-thread-1] INFO  server.RaftServerConfigKeys (ConfUtils.java:logGet(43)) - raft.server.log.statemachine.data.sync.timeout = 10s (default)
2019-09-25 07:34:01,270 [pool-27-thread-1] INFO  server.RaftServerConfigKeys (ConfUtils.java:logGet(43)) - raft.server.log.statemachine.data.sync.timeout.retry = -1 (default)
2019-09-25 07:34:01,270 [pool-27-thread-1] INFO  server.RaftServerConfigKeys (ConfUtils.java:logGet(43)) - raft.server.log.statemachine.data.caching.enabled = true (custom)
2019-09-25 07:34:01,270 [pool-27-thread-1] INFO  segmented.SegmentedRaftLogWorker (SegmentedRaftLogWorker.java:lambda$new$0(132)) - bdcda101-49b0-4c87-b510-4eac276b6602@group-1FD5E6743C99-SegmentedRaftLogWorker: flushIndex: setUnconditionally 0 -> -1
2019-09-25 07:34:01,271 [pool-27-thread-1] INFO  server.RaftServerConfigKeys (ConfUtils.java:logGet(43)) - raft.server.snapshot.auto.trigger.enabled = true (custom)
2019-09-25 07:34:01,271 [pool-27-thread-1] INFO  server.RaftServerConfigKeys (ConfUtils.java:logGet(43)) - raft.server.snapshot.auto.trigger.threshold = 10000 (custom)
2019-09-25 07:34:01,271 [pool-27-thread-1] INFO  server.RaftServerConfigKeys (ConfUtils.java:logGet(43)) - raft.server.snapshot.retention.num.files = 5 (custom)
2019-09-25 07:34:01,271 [pool-27-thread-1] INFO  server.RaftServerConfigKeys (ConfUtils.java:logGet(43)) - raft.server.retrycache.expirytime = 600000ms (custom)
 0.00% |█                                                                                                    |  0/1 Time: 0:00:012019-09-25 07:34:01,462 [Thread-208] INFO  container.ReplicationManager (ReplicationManager.java:start(163)) - Starting Replication Monitor Thread.
2019-09-25 07:34:01,464 [ReplicationMonitor] INFO  container.ReplicationManager (ReplicationManager.java:run(226)) - Replication Monitor Thread took 0 milliseconds for processing 0 containers.
2019-09-25 07:34:01,466 [pool-27-thread-1] INFO  impl.RaftServerImpl (RaftServerImpl.java:start(185)) - bdcda101-49b0-4c87-b510-4eac276b6602@group-1FD5E6743C99: start as a follower, conf=-1: [bdcda101-49b0-4c87-b510-4eac276b6602:192.168.151.106:38523], old=null
2019-09-25 07:34:01,466 [pool-27-thread-1] INFO  impl.RaftServerImpl (RaftServerImpl.java:setRole(174)) - bdcda101-49b0-4c87-b510-4eac276b6602@group-1FD5E6743C99: changes role from      null to FOLLOWER at term 0 for startAsFollower
2019-09-25 07:34:01,466 [pool-27-thread-1] INFO  impl.RoleInfo (RoleInfo.java:updateAndGet(143)) - bdcda101-49b0-4c87-b510-4eac276b6602: start FollowerState
2019-09-25 07:34:01,467 [pool-27-thread-1] INFO  util.JmxRegister (JmxRegister.java:tryRegister(44)) - Successfully registered JMX Bean with object name Ratis:service=RaftServer,group=group-1FD5E6743C99,id=bdcda101-49b0-4c87-b510-4eac276b6602
2019-09-25 07:34:01,472 [RatisPipelineUtilsThread] INFO  pipeline.PipelineStateManager (PipelineStateManager.java:addPipeline(56)) - Created pipeline Pipeline[ Id: d6c1d2a3-52df-4b98-9196-1fd5e6743c99, Nodes: bdcda101-49b0-4c87-b510-4eac276b6602{ip: 192.168.151.106, host: pr-hdds-1569-x2sr2-3486766547, networkLocation: /default-rack, certSerialId: null}, Type:RATIS, Factor:ONE, State:OPEN]
2019-09-25 07:34:01,473 [RatisPipelineUtilsThread] INFO  pipeline.PipelinePlacementPolicy (PipelinePlacementPolicy.java:meetCriteria(91)) - Pipeline Placement: can't place more pipeline on heavy datanode： df3fee13-edb1-4245-be34-bb4c7d942b62 Heaviness: 6 limit: 5
2019-09-25 07:34:01,473 [RatisPipelineUtilsThread] INFO  pipeline.PipelinePlacementPolicy (PipelinePlacementPolicy.java:meetCriteria(91)) - Pipeline Placement: can't place more pipeline on heavy datanode： bdcda101-49b0-4c87-b510-4eac276b6602 Heaviness: 6 limit: 5
2019-09-25 07:34:01,484 [grpc-default-executor-0] INFO  impl.RaftServerProxy (RaftServerProxy.java:addNew(89)) - 0441a7da-a434-40f3-b826-f1d73a75434f: addNew group-13AEF027B67B:[0441a7da-a434-40f3-b826-f1d73a75434f:192.168.151.106:42590] returns group-13AEF027B67B:java.util.concurrent.CompletableFuture@7d9e658[Not completed]
2019-09-25 07:34:01,486 [pool-57-thread-1] INFO  impl.RaftServerImpl (RaftServerImpl.java:<init>(95)) - 0441a7da-a434-40f3-b826-f1d73a75434f: new RaftServerImpl for group-13AEF027B67B:[0441a7da-a434-40f3-b826-f1d73a75434f:192.168.151.106:42590] with ContainerStateMachine:uninitialized
2019-09-25 07:34:01,486 [pool-57-thread-1] INFO  server.RaftServerConfigKeys (ConfUtils.java:logGet(43)) - raft.server.rpc.timeout.min = 5s (custom)
2019-09-25 07:34:01,486 [pool-57-thread-1] INFO  server.RaftServerConfigKeys (ConfUtils.java:logGet(43)) - raft.server.rpc.timeout.max = 5200ms (custom)
2019-09-25 07:34:01,487 [pool-57-thread-1] INFO  server.RaftServerConfigKeys (ConfUtils.java:logGet(43)) - raft.server.rpcslowness.timeout = 120s (custom)
2019-09-25 07:34:01,487 [pool-57-thread-1] INFO  server.RaftServerConfigKeys (ConfUtils.java:logGet(43)) - raft.server.sleep.deviation.threshold = 300 (default)
2019-09-25 07:34:01,487 [pool-57-thread-1] INFO  server.RaftServerConfigKeys (ConfUtils.java:logGet(43)) - raft.server.log.appender.install.snapshot.enabled = false (custom)
2019-09-25 07:34:01,487 [pool-57-thread-1] INFO  impl.RaftServerImpl (ServerState.java:<init>(103)) - 0441a7da-a434-40f3-b826-f1d73a75434f@group-13AEF027B67B: ConfigurationManager, init=-1: [0441a7da-a434-40f3-b826-f1d73a75434f:192.168.151.106:42590], old=null, confs=<EMPTY_MAP>
2019-09-25 07:34:01,487 [pool-57-thread-1] INFO  server.RaftServerConfigKeys (ConfUtils.java:logGet(43)) - raft.server.storage.dir = [/workdir/hadoop-ozone/tools/target/test-dir/MiniOzoneClusterImpl-55ba2c16-82ef-4526-82fa-9313f8d95d3f/datanode-3/data/ratis] (custom)
2019-09-25 07:34:01,488 [pool-57-thread-1] INFO  storage.RaftStorageDirectory (RaftStorageDirectory.java:analyzeStorage(246)) - The storage directory /workdir/hadoop-ozone/tools/target/test-dir/MiniOzoneClusterImpl-55ba2c16-82ef-4526-82fa-9313f8d95d3f/datanode-3/data/ratis/049e7551-e93c-416e-8401-13aef027b67b does not exist. Creating ...
2019-09-25 07:34:01,511 [pool-57-thread-1] INFO  storage.RaftStorageDirectory (RaftStorageDirectory.java:tryLock(328)) - Lock on /workdir/hadoop-ozone/tools/target/test-dir/MiniOzoneClusterImpl-55ba2c16-82ef-4526-82fa-9313f8d95d3f/datanode-3/data/ratis/049e7551-e93c-416e-8401-13aef027b67b/in_use.lock acquired by nodename 26202@pr-hdds-1569-x2sr2-3486766547
2019-09-25 07:34:01,534 [pool-57-thread-1] INFO  storage.RaftStorage (RaftStorage.java:format(72)) - Storage directory /workdir/hadoop-ozone/tools/target/test-dir/MiniOzoneClusterImpl-55ba2c16-82ef-4526-82fa-9313f8d95d3f/datanode-3/data/ratis/049e7551-e93c-416e-8401-13aef027b67b has been successfully formatted.
2019-09-25 07:34:01,534 [pool-57-thread-1] INFO  ratis.ContainerStateMachine (ContainerStateMachine.java:loadSnapshot(230)) - group-13AEF027B67B: The snapshot info is null. Setting the last applied indexto:(t:0, i:~)
2019-09-25 07:34:01,534 [pool-57-thread-1] INFO  server.RaftServerConfigKeys (ConfUtils.java:logGet(43)) - raft.server.notification.no-leader.timeout = 120s (custom)
2019-09-25 07:34:01,534 [pool-57-thread-1] INFO  server.RaftServerConfigKeys (ConfUtils.java:logGet(43)) - raft.server.log.use.memory = false (default)
2019-09-25 07:34:01,534 [pool-57-thread-1] INFO  server.RaftServerConfigKeys (ConfUtils.java:logGet(43)) - raft.server.log.purge.gap = 1000000 (custom)
2019-09-25 07:34:01,535 [pool-57-thread-1] INFO  server.RaftServerConfigKeys (ConfUtils.java:logGet(43)) - raft.server.log.appender.buffer.byte-limit = 33554432 (custom)
2019-09-25 07:34:01,535 [pool-57-thread-1] INFO  server.RaftServerConfigKeys (ConfUtils.java:logGet(43)) - raft.server.log.segment.size.max = 1048576 (custom)
2019-09-25 07:34:01,536 [pool-57-thread-1] INFO  server.RaftServerConfigKeys (ConfUtils.java:logGet(43)) - raft.server.log.segment.cache.num.max = 2 (custom)
2019-09-25 07:34:01,536 [pool-57-thread-1] INFO  segmented.SegmentedRaftLogWorker (SegmentedRaftLogWorker.java:<init>(172)) - new 0441a7da-a434-40f3-b826-f1d73a75434f@group-13AEF027B67B-SegmentedRaftLogWorker for RaftStorage:Storage Directory /workdir/hadoop-ozone/tools/target/test-dir/MiniOzoneClusterImpl-55ba2c16-82ef-4526-82fa-9313f8d95d3f/datanode-3/data/ratis/049e7551-e93c-416e-8401-13aef027b67b
2019-09-25 07:34:01,536 [pool-57-thread-1] INFO  server.RaftServerConfigKeys (ConfUtils.java:logGet(43)) - raft.server.log.queue.byte-limit = 2147483647 (custom)
2019-09-25 07:34:01,536 [pool-57-thread-1] INFO  server.RaftServerConfigKeys (ConfUtils.java:logGet(43)) - raft.server.log.queue.element-limit = 1024 (custom)
2019-09-25 07:34:01,536 [pool-57-thread-1] INFO  server.RaftServerConfigKeys (ConfUtils.java:logGet(43)) - raft.server.log.segment.size.max = 1048576 (custom)
2019-09-25 07:34:01,536 [pool-57-thread-1] INFO  server.RaftServerConfigKeys (ConfUtils.java:logGet(43)) - raft.server.log.preallocated.size = 16384 (custom)
2019-09-25 07:34:01,537 [pool-57-thread-1] INFO  server.RaftServerConfigKeys (ConfUtils.java:logGet(43)) - raft.server.log.write.buffer.size = 33554432 (custom)
2019-09-25 07:34:01,537 [pool-57-thread-1] INFO  server.RaftServerConfigKeys (ConfUtils.java:logGet(43)) - raft.server.log.force.sync.num = 128 (default)
2019-09-25 07:34:01,537 [pool-57-thread-1] INFO  server.RaftServerConfigKeys (ConfUtils.java:logGet(43)) - raft.server.log.statemachine.data.sync = true (default)
2019-09-25 07:34:01,537 [pool-57-thread-1] INFO  server.RaftServerConfigKeys (ConfUtils.java:logGet(43)) - raft.server.log.statemachine.data.sync.timeout = 10s (default)
2019-09-25 07:34:01,537 [pool-57-thread-1] INFO  server.RaftServerConfigKeys (ConfUtils.java:logGet(43)) - raft.server.log.statemachine.data.sync.timeout.retry = -1 (default)
2019-09-25 07:34:01,537 [pool-57-thread-1] INFO  server.RaftServerConfigKeys (ConfUtils.java:logGet(43)) - raft.server.log.statemachine.data.caching.enabled = true (custom)
2019-09-25 07:34:01,538 [pool-57-thread-1] INFO  segmented.SegmentedRaftLogWorker (SegmentedRaftLogWorker.java:lambda$new$0(132)) - 0441a7da-a434-40f3-b826-f1d73a75434f@group-13AEF027B67B-SegmentedRaftLogWorker: flushIndex: setUnconditionally 0 -> -1
2019-09-25 07:34:01,538 [pool-57-thread-1] INFO  server.RaftServerConfigKeys (ConfUtils.java:logGet(43)) - raft.server.snapshot.auto.trigger.enabled = true (custom)
2019-09-25 07:34:01,538 [pool-57-thread-1] INFO  server.RaftServerConfigKeys (ConfUtils.java:logGet(43)) - raft.server.snapshot.auto.trigger.threshold = 10000 (custom)
2019-09-25 07:34:01,539 [pool-57-thread-1] INFO  server.RaftServerConfigKeys (ConfUtils.java:logGet(43)) - raft.server.snapshot.retention.num.files = 5 (custom)
2019-09-25 07:34:01,539 [pool-57-thread-1] INFO  server.RaftServerConfigKeys (ConfUtils.java:logGet(43)) - raft.server.retrycache.expirytime = 600000ms (custom)
2019-09-25 07:34:01,542 [pool-57-thread-1] INFO  impl.RaftServerImpl (RaftServerImpl.java:start(185)) - 0441a7da-a434-40f3-b826-f1d73a75434f@group-13AEF027B67B: start as a follower, conf=-1: [0441a7da-a434-40f3-b826-f1d73a75434f:192.168.151.106:42590], old=null
2019-09-25 07:34:01,542 [pool-57-thread-1] INFO  impl.RaftServerImpl (RaftServerImpl.java:setRole(174)) - 0441a7da-a434-40f3-b826-f1d73a75434f@group-13AEF027B67B: changes role from      null to FOLLOWER at term 0 for startAsFollower
2019-09-25 07:34:01,542 [pool-57-thread-1] INFO  impl.RoleInfo (RoleInfo.java:updateAndGet(143)) - 0441a7da-a434-40f3-b826-f1d73a75434f: start FollowerState
2019-09-25 07:34:01,543 [pool-57-thread-1] INFO  util.JmxRegister (JmxRegister.java:tryRegister(44)) - Successfully registered JMX Bean with object name Ratis:service=RaftServer,group=group-13AEF027B67B,id=0441a7da-a434-40f3-b826-f1d73a75434f
2019-09-25 07:34:01,548 [RatisPipelineUtilsThread] INFO  pipeline.PipelineStateManager (PipelineStateManager.java:addPipeline(56)) - Created pipeline Pipeline[ Id: 049e7551-e93c-416e-8401-13aef027b67b, Nodes: 0441a7da-a434-40f3-b826-f1d73a75434f{ip: 192.168.151.106, host: pr-hdds-1569-x2sr2-3486766547, networkLocation: /default-rack, certSerialId: null}, Type:RATIS, Factor:ONE, State:OPEN]
2019-09-25 07:34:01,548 [RatisPipelineUtilsThread] INFO  pipeline.PipelinePlacementPolicy (PipelinePlacementPolicy.java:meetCriteria(91)) - Pipeline Placement: can't place more pipeline on heavy datanode： df3fee13-edb1-4245-be34-bb4c7d942b62 Heaviness: 6 limit: 5
2019-09-25 07:34:01,549 [RatisPipelineUtilsThread] INFO  pipeline.PipelinePlacementPolicy (PipelinePlacementPolicy.java:meetCriteria(91)) - Pipeline Placement: can't place more pipeline on heavy datanode： bdcda101-49b0-4c87-b510-4eac276b6602 Heaviness: 6 limit: 5
2019-09-25 07:34:01,559 [grpc-default-executor-1] INFO  impl.RaftServerProxy (RaftServerProxy.java:addNew(89)) - 9659e150-6db8-46c9-9754-45a2163a8a7f: addNew group-BDB2003E78E5:[9659e150-6db8-46c9-9754-45a2163a8a7f:192.168.151.106:44942] returns group-BDB2003E78E5:java.util.concurrent.CompletableFuture@113a411[Not completed]
2019-09-25 07:34:01,561 [pool-37-thread-1] INFO  impl.RaftServerImpl (RaftServerImpl.java:<init>(95)) - 9659e150-6db8-46c9-9754-45a2163a8a7f: new RaftServerImpl for group-BDB2003E78E5:[9659e150-6db8-46c9-9754-45a2163a8a7f:192.168.151.106:44942] with ContainerStateMachine:uninitialized
2019-09-25 07:34:01,561 [pool-37-thread-1] INFO  server.RaftServerConfigKeys (ConfUtils.java:logGet(43)) - raft.server.rpc.timeout.min = 5s (custom)
2019-09-25 07:34:01,562 [pool-37-thread-1] INFO  server.RaftServerConfigKeys (ConfUtils.java:logGet(43)) - raft.server.rpc.timeout.max = 5200ms (custom)
2019-09-25 07:34:01,562 [pool-37-thread-1] INFO  server.RaftServerConfigKeys (ConfUtils.java:logGet(43)) - raft.server.rpcslowness.timeout = 120s (custom)
2019-09-25 07:34:01,562 [pool-37-thread-1] INFO  server.RaftServerConfigKeys (ConfUtils.java:logGet(43)) - raft.server.sleep.deviation.threshold = 300 (default)
2019-09-25 07:34:01,562 [pool-37-thread-1] INFO  server.RaftServerConfigKeys (ConfUtils.java:logGet(43)) - raft.server.log.appender.install.snapshot.enabled = false (custom)
2019-09-25 07:34:01,562 [pool-37-thread-1] INFO  impl.RaftServerImpl (ServerState.java:<init>(103)) - 9659e150-6db8-46c9-9754-45a2163a8a7f@group-BDB2003E78E5: ConfigurationManager, init=-1: [9659e150-6db8-46c9-9754-45a2163a8a7f:192.168.151.106:44942], old=null, confs=<EMPTY_MAP>
2019-09-25 07:34:01,562 [pool-37-thread-1] INFO  server.RaftServerConfigKeys (ConfUtils.java:logGet(43)) - raft.server.storage.dir = [/workdir/hadoop-ozone/tools/target/test-dir/MiniOzoneClusterImpl-55ba2c16-82ef-4526-82fa-9313f8d95d3f/datanode-1/data/ratis] (custom)
2019-09-25 07:34:01,563 [pool-37-thread-1] INFO  storage.RaftStorageDirectory (RaftStorageDirectory.java:analyzeStorage(246)) - The storage directory /workdir/hadoop-ozone/tools/target/test-dir/MiniOzoneClusterImpl-55ba2c16-82ef-4526-82fa-9313f8d95d3f/datanode-1/data/ratis/729d0155-67dc-498c-b343-bdb2003e78e5 does not exist. Creating ...
2019-09-25 07:34:01,576 [pool-37-thread-1] INFO  storage.RaftStorageDirectory (RaftStorageDirectory.java:tryLock(328)) - Lock on /workdir/hadoop-ozone/tools/target/test-dir/MiniOzoneClusterImpl-55ba2c16-82ef-4526-82fa-9313f8d95d3f/datanode-1/data/ratis/729d0155-67dc-498c-b343-bdb2003e78e5/in_use.lock acquired by nodename 26202@pr-hdds-1569-x2sr2-3486766547
2019-09-25 07:34:01,589 [pool-37-thread-1] INFO  storage.RaftStorage (RaftStorage.java:format(72)) - Storage directory /workdir/hadoop-ozone/tools/target/test-dir/MiniOzoneClusterImpl-55ba2c16-82ef-4526-82fa-9313f8d95d3f/datanode-1/data/ratis/729d0155-67dc-498c-b343-bdb2003e78e5 has been successfully formatted.
2019-09-25 07:34:01,589 [pool-37-thread-1] INFO  ratis.ContainerStateMachine (ContainerStateMachine.java:loadSnapshot(230)) - group-BDB2003E78E5: The snapshot info is null. Setting the last applied indexto:(t:0, i:~)
2019-09-25 07:34:01,590 [pool-37-thread-1] INFO  server.RaftServerConfigKeys (ConfUtils.java:logGet(43)) - raft.server.notification.no-leader.timeout = 120s (custom)
2019-09-25 07:34:01,590 [pool-37-thread-1] INFO  server.RaftServerConfigKeys (ConfUtils.java:logGet(43)) - raft.server.log.use.memory = false (default)
2019-09-25 07:34:01,590 [pool-37-thread-1] INFO  server.RaftServerConfigKeys (ConfUtils.java:logGet(43)) - raft.server.log.purge.gap = 1000000 (custom)
2019-09-25 07:34:01,590 [pool-37-thread-1] INFO  server.RaftServerConfigKeys (ConfUtils.java:logGet(43)) - raft.server.log.appender.buffer.byte-limit = 33554432 (custom)
2019-09-25 07:34:01,590 [pool-37-thread-1] INFO  server.RaftServerConfigKeys (ConfUtils.java:logGet(43)) - raft.server.log.segment.size.max = 1048576 (custom)
2019-09-25 07:34:01,591 [pool-37-thread-1] INFO  server.RaftServerConfigKeys (ConfUtils.java:logGet(43)) - raft.server.log.segment.cache.num.max = 2 (custom)
2019-09-25 07:34:01,591 [pool-37-thread-1] INFO  segmented.SegmentedRaftLogWorker (SegmentedRaftLogWorker.java:<init>(172)) - new 9659e150-6db8-46c9-9754-45a2163a8a7f@group-BDB2003E78E5-SegmentedRaftLogWorker for RaftStorage:Storage Directory /workdir/hadoop-ozone/tools/target/test-dir/MiniOzoneClusterImpl-55ba2c16-82ef-4526-82fa-9313f8d95d3f/datanode-1/data/ratis/729d0155-67dc-498c-b343-bdb2003e78e5
2019-09-25 07:34:01,591 [pool-37-thread-1] INFO  server.RaftServerConfigKeys (ConfUtils.java:logGet(43)) - raft.server.log.queue.byte-limit = 2147483647 (custom)
2019-09-25 07:34:01,591 [pool-37-thread-1] INFO  server.RaftServerConfigKeys (ConfUtils.java:logGet(43)) - raft.server.log.queue.element-limit = 1024 (custom)
2019-09-25 07:34:01,591 [pool-37-thread-1] INFO  server.RaftServerConfigKeys (ConfUtils.java:logGet(43)) - raft.server.log.segment.size.max = 1048576 (custom)
2019-09-25 07:34:01,591 [pool-37-thread-1] INFO  server.RaftServerConfigKeys (ConfUtils.java:logGet(43)) - raft.server.log.preallocated.size = 16384 (custom)
2019-09-25 07:34:01,592 [pool-37-thread-1] INFO  server.RaftServerConfigKeys (ConfUtils.java:logGet(43)) - raft.server.log.write.buffer.size = 33554432 (custom)
2019-09-25 07:34:01,592 [pool-37-thread-1] INFO  server.RaftServerConfigKeys (ConfUtils.java:logGet(43)) - raft.server.log.force.sync.num = 128 (default)
2019-09-25 07:34:01,592 [pool-37-thread-1] INFO  server.RaftServerConfigKeys (ConfUtils.java:logGet(43)) - raft.server.log.statemachine.data.sync = true (default)
2019-09-25 07:34:01,592 [pool-37-thread-1] INFO  server.RaftServerConfigKeys (ConfUtils.java:logGet(43)) - raft.server.log.statemachine.data.sync.timeout = 10s (default)
2019-09-25 07:34:01,592 [pool-37-thread-1] INFO  server.RaftServerConfigKeys (ConfUtils.java:logGet(43)) - raft.server.log.statemachine.data.sync.timeout.retry = -1 (default)
2019-09-25 07:34:01,592 [pool-37-thread-1] INFO  server.RaftServerConfigKeys (ConfUtils.java:logGet(43)) - raft.server.log.statemachine.data.caching.enabled = true (custom)
2019-09-25 07:34:01,593 [pool-37-thread-1] INFO  segmented.SegmentedRaftLogWorker (SegmentedRaftLogWorker.java:lambda$new$0(132)) - 9659e150-6db8-46c9-9754-45a2163a8a7f@group-BDB2003E78E5-SegmentedRaftLogWorker: flushIndex: setUnconditionally 0 -> -1
2019-09-25 07:34:01,593 [pool-37-thread-1] INFO  server.RaftServerConfigKeys (ConfUtils.java:logGet(43)) - raft.server.snapshot.auto.trigger.enabled = true (custom)
2019-09-25 07:34:01,593 [pool-37-thread-1] INFO  server.RaftServerConfigKeys (ConfUtils.java:logGet(43)) - raft.server.snapshot.auto.trigger.threshold = 10000 (custom)
2019-09-25 07:34:01,594 [pool-37-thread-1] INFO  server.RaftServerConfigKeys (ConfUtils.java:logGet(43)) - raft.server.snapshot.retention.num.files = 5 (custom)
2019-09-25 07:34:01,594 [pool-37-thread-1] INFO  server.RaftServerConfigKeys (ConfUtils.java:logGet(43)) - raft.server.retrycache.expirytime = 600000ms (custom)
2019-09-25 07:34:01,597 [pool-37-thread-1] INFO  impl.RaftServerImpl (RaftServerImpl.java:start(185)) - 9659e150-6db8-46c9-9754-45a2163a8a7f@group-BDB2003E78E5: start as a follower, conf=-1: [9659e150-6db8-46c9-9754-45a2163a8a7f:192.168.151.106:44942], old=null
2019-09-25 07:34:01,597 [pool-37-thread-1] INFO  impl.RaftServerImpl (RaftServerImpl.java:setRole(174)) - 9659e150-6db8-46c9-9754-45a2163a8a7f@group-BDB2003E78E5: changes role from      null to FOLLOWER at term 0 for startAsFollower
2019-09-25 07:34:01,597 [pool-37-thread-1] INFO  impl.RoleInfo (RoleInfo.java:updateAndGet(143)) - 9659e150-6db8-46c9-9754-45a2163a8a7f: start FollowerState
2019-09-25 07:34:01,598 [pool-37-thread-1] INFO  util.JmxRegister (JmxRegister.java:tryRegister(44)) - Successfully registered JMX Bean with object name Ratis:service=RaftServer,group=group-BDB2003E78E5,id=9659e150-6db8-46c9-9754-45a2163a8a7f
2019-09-25 07:34:01,604 [RatisPipelineUtilsThread] INFO  pipeline.PipelineStateManager (PipelineStateManager.java:addPipeline(56)) - Created pipeline Pipeline[ Id: 729d0155-67dc-498c-b343-bdb2003e78e5, Nodes: 9659e150-6db8-46c9-9754-45a2163a8a7f{ip: 192.168.151.106, host: pr-hdds-1569-x2sr2-3486766547, networkLocation: /default-rack, certSerialId: null}, Type:RATIS, Factor:ONE, State:OPEN]
2019-09-25 07:34:01,605 [RatisPipelineUtilsThread] INFO  pipeline.PipelinePlacementPolicy (PipelinePlacementPolicy.java:meetCriteria(91)) - Pipeline Placement: can't place more pipeline on heavy datanode： df3fee13-edb1-4245-be34-bb4c7d942b62 Heaviness: 6 limit: 5
2019-09-25 07:34:01,605 [RatisPipelineUtilsThread] INFO  pipeline.PipelinePlacementPolicy (PipelinePlacementPolicy.java:meetCriteria(91)) - Pipeline Placement: can't place more pipeline on heavy datanode： bdcda101-49b0-4c87-b510-4eac276b6602 Heaviness: 6 limit: 5
2019-09-25 07:34:01,616 [grpc-default-executor-1] INFO  impl.RaftServerProxy (RaftServerProxy.java:addNew(89)) - 8005d4cb-4fe5-4e19-8530-60982edf3c3e: addNew group-3EE348E8784D:[8005d4cb-4fe5-4e19-8530-60982edf3c3e:192.168.151.106:45181] returns group-3EE348E8784D:java.util.concurrent.CompletableFuture@bebcf61[Not completed]
2019-09-25 07:34:01,618 [pool-67-thread-1] INFO  impl.RaftServerImpl (RaftServerImpl.java:<init>(95)) - 8005d4cb-4fe5-4e19-8530-60982edf3c3e: new RaftServerImpl for group-3EE348E8784D:[8005d4cb-4fe5-4e19-8530-60982edf3c3e:192.168.151.106:45181] with ContainerStateMachine:uninitialized
2019-09-25 07:34:01,618 [pool-67-thread-1] INFO  server.RaftServerConfigKeys (ConfUtils.java:logGet(43)) - raft.server.rpc.timeout.min = 5s (custom)
2019-09-25 07:34:01,618 [pool-67-thread-1] INFO  server.RaftServerConfigKeys (ConfUtils.java:logGet(43)) - raft.server.rpc.timeout.max = 5200ms (custom)
2019-09-25 07:34:01,618 [pool-67-thread-1] INFO  server.RaftServerConfigKeys (ConfUtils.java:logGet(43)) - raft.server.rpcslowness.timeout = 120s (custom)
2019-09-25 07:34:01,619 [pool-67-thread-1] INFO  server.RaftServerConfigKeys (ConfUtils.java:logGet(43)) - raft.server.sleep.deviation.threshold = 300 (default)
2019-09-25 07:34:01,619 [pool-67-thread-1] INFO  server.RaftServerConfigKeys (ConfUtils.java:logGet(43)) - raft.server.log.appender.install.snapshot.enabled = false (custom)
2019-09-25 07:34:01,619 [pool-67-thread-1] INFO  impl.RaftServerImpl (ServerState.java:<init>(103)) - 8005d4cb-4fe5-4e19-8530-60982edf3c3e@group-3EE348E8784D: ConfigurationManager, init=-1: [8005d4cb-4fe5-4e19-8530-60982edf3c3e:192.168.151.106:45181], old=null, confs=<EMPTY_MAP>
2019-09-25 07:34:01,619 [pool-67-thread-1] INFO  server.RaftServerConfigKeys (ConfUtils.java:logGet(43)) - raft.server.storage.dir = [/workdir/hadoop-ozone/tools/target/test-dir/MiniOzoneClusterImpl-55ba2c16-82ef-4526-82fa-9313f8d95d3f/datanode-4/data/ratis] (custom)
2019-09-25 07:34:01,620 [pool-67-thread-1] INFO  storage.RaftStorageDirectory (RaftStorageDirectory.java:analyzeStorage(246)) - The storage directory /workdir/hadoop-ozone/tools/target/test-dir/MiniOzoneClusterImpl-55ba2c16-82ef-4526-82fa-9313f8d95d3f/datanode-4/data/ratis/d3723de7-ed32-40bb-bae9-3ee348e8784d does not exist. Creating ...
2019-09-25 07:34:01,643 [pool-67-thread-1] INFO  storage.RaftStorageDirectory (RaftStorageDirectory.java:tryLock(328)) - Lock on /workdir/hadoop-ozone/tools/target/test-dir/MiniOzoneClusterImpl-55ba2c16-82ef-4526-82fa-9313f8d95d3f/datanode-4/data/ratis/d3723de7-ed32-40bb-bae9-3ee348e8784d/in_use.lock acquired by nodename 26202@pr-hdds-1569-x2sr2-3486766547
2019-09-25 07:34:01,668 [pool-67-thread-1] INFO  storage.RaftStorage (RaftStorage.java:format(72)) - Storage directory /workdir/hadoop-ozone/tools/target/test-dir/MiniOzoneClusterImpl-55ba2c16-82ef-4526-82fa-9313f8d95d3f/datanode-4/data/ratis/d3723de7-ed32-40bb-bae9-3ee348e8784d has been successfully formatted.
2019-09-25 07:34:01,668 [pool-67-thread-1] INFO  ratis.ContainerStateMachine (ContainerStateMachine.java:loadSnapshot(230)) - group-3EE348E8784D: The snapshot info is null. Setting the last applied indexto:(t:0, i:~)
2019-09-25 07:34:01,668 [pool-67-thread-1] INFO  server.RaftServerConfigKeys (ConfUtils.java:logGet(43)) - raft.server.notification.no-leader.timeout = 120s (custom)
2019-09-25 07:34:01,669 [pool-67-thread-1] INFO  server.RaftServerConfigKeys (ConfUtils.java:logGet(43)) - raft.server.log.use.memory = false (default)
2019-09-25 07:34:01,669 [pool-67-thread-1] INFO  server.RaftServerConfigKeys (ConfUtils.java:logGet(43)) - raft.server.log.purge.gap = 1000000 (custom)
2019-09-25 07:34:01,669 [pool-67-thread-1] INFO  server.RaftServerConfigKeys (ConfUtils.java:logGet(43)) - raft.server.log.appender.buffer.byte-limit = 33554432 (custom)
2019-09-25 07:34:01,669 [pool-67-thread-1] INFO  server.RaftServerConfigKeys (ConfUtils.java:logGet(43)) - raft.server.log.segment.size.max = 1048576 (custom)
2019-09-25 07:34:01,669 [pool-67-thread-1] INFO  server.RaftServerConfigKeys (ConfUtils.java:logGet(43)) - raft.server.log.segment.cache.num.max = 2 (custom)
2019-09-25 07:34:01,670 [pool-67-thread-1] INFO  segmented.SegmentedRaftLogWorker (SegmentedRaftLogWorker.java:<init>(172)) - new 8005d4cb-4fe5-4e19-8530-60982edf3c3e@group-3EE348E8784D-SegmentedRaftLogWorker for RaftStorage:Storage Directory /workdir/hadoop-ozone/tools/target/test-dir/MiniOzoneClusterImpl-55ba2c16-82ef-4526-82fa-9313f8d95d3f/datanode-4/data/ratis/d3723de7-ed32-40bb-bae9-3ee348e8784d
2019-09-25 07:34:01,670 [pool-67-thread-1] INFO  server.RaftServerConfigKeys (ConfUtils.java:logGet(43)) - raft.server.log.queue.byte-limit = 2147483647 (custom)
2019-09-25 07:34:01,670 [pool-67-thread-1] INFO  server.RaftServerConfigKeys (ConfUtils.java:logGet(43)) - raft.server.log.queue.element-limit = 1024 (custom)
2019-09-25 07:34:01,670 [pool-67-thread-1] INFO  server.RaftServerConfigKeys (ConfUtils.java:logGet(43)) - raft.server.log.segment.size.max = 1048576 (custom)
2019-09-25 07:34:01,670 [pool-67-thread-1] INFO  server.RaftServerConfigKeys (ConfUtils.java:logGet(43)) - raft.server.log.preallocated.size = 16384 (custom)
2019-09-25 07:34:01,670 [pool-67-thread-1] INFO  server.RaftServerConfigKeys (ConfUtils.java:logGet(43)) - raft.server.log.write.buffer.size = 33554432 (custom)
2019-09-25 07:34:01,671 [pool-67-thread-1] INFO  server.RaftServerConfigKeys (ConfUtils.java:logGet(43)) - raft.server.log.force.sync.num = 128 (default)
2019-09-25 07:34:01,671 [pool-67-thread-1] INFO  server.RaftServerConfigKeys (ConfUtils.java:logGet(43)) - raft.server.log.statemachine.data.sync = true (default)
2019-09-25 07:34:01,671 [pool-67-thread-1] INFO  server.RaftServerConfigKeys (ConfUtils.java:logGet(43)) - raft.server.log.statemachine.data.sync.timeout = 10s (default)
2019-09-25 07:34:01,671 [pool-67-thread-1] INFO  server.RaftServerConfigKeys (ConfUtils.java:logGet(43)) - raft.server.log.statemachine.data.sync.timeout.retry = -1 (default)
2019-09-25 07:34:01,671 [pool-67-thread-1] INFO  server.RaftServerConfigKeys (ConfUtils.java:logGet(43)) - raft.server.log.statemachine.data.caching.enabled = true (custom)
2019-09-25 07:34:01,672 [pool-67-thread-1] INFO  segmented.SegmentedRaftLogWorker (SegmentedRaftLogWorker.java:lambda$new$0(132)) - 8005d4cb-4fe5-4e19-8530-60982edf3c3e@group-3EE348E8784D-SegmentedRaftLogWorker: flushIndex: setUnconditionally 0 -> -1
2019-09-25 07:34:01,672 [pool-67-thread-1] INFO  server.RaftServerConfigKeys (ConfUtils.java:logGet(43)) - raft.server.snapshot.auto.trigger.enabled = true (custom)
2019-09-25 07:34:01,672 [pool-67-thread-1] INFO  server.RaftServerConfigKeys (ConfUtils.java:logGet(43)) - raft.server.snapshot.auto.trigger.threshold = 10000 (custom)
2019-09-25 07:34:01,673 [pool-67-thread-1] INFO  server.RaftServerConfigKeys (ConfUtils.java:logGet(43)) - raft.server.snapshot.retention.num.files = 5 (custom)
2019-09-25 07:34:01,673 [pool-67-thread-1] INFO  server.RaftServerConfigKeys (ConfUtils.java:logGet(43)) - raft.server.retrycache.expirytime = 600000ms (custom)
2019-09-25 07:34:01,676 [pool-67-thread-1] INFO  impl.RaftServerImpl (RaftServerImpl.java:start(185)) - 8005d4cb-4fe5-4e19-8530-60982edf3c3e@group-3EE348E8784D: start as a follower, conf=-1: [8005d4cb-4fe5-4e19-8530-60982edf3c3e:192.168.151.106:45181], old=null
2019-09-25 07:34:01,676 [pool-67-thread-1] INFO  impl.RaftServerImpl (RaftServerImpl.java:setRole(174)) - 8005d4cb-4fe5-4e19-8530-60982edf3c3e@group-3EE348E8784D: changes role from      null to FOLLOWER at term 0 for startAsFollower
2019-09-25 07:34:01,676 [pool-67-thread-1] INFO  impl.RoleInfo (RoleInfo.java:updateAndGet(143)) - 8005d4cb-4fe5-4e19-8530-60982edf3c3e: start FollowerState
2019-09-25 07:34:01,677 [pool-67-thread-1] INFO  util.JmxRegister (JmxRegister.java:tryRegister(44)) - Successfully registered JMX Bean with object name Ratis:service=RaftServer,group=group-3EE348E8784D,id=8005d4cb-4fe5-4e19-8530-60982edf3c3e
2019-09-25 07:34:01,682 [RatisPipelineUtilsThread] INFO  pipeline.PipelineStateManager (PipelineStateManager.java:addPipeline(56)) - Created pipeline Pipeline[ Id: d3723de7-ed32-40bb-bae9-3ee348e8784d, Nodes: 8005d4cb-4fe5-4e19-8530-60982edf3c3e{ip: 192.168.151.106, host: pr-hdds-1569-x2sr2-3486766547, networkLocation: /default-rack, certSerialId: null}, Type:RATIS, Factor:ONE, State:OPEN]
2019-09-25 07:34:01,683 [RatisPipelineUtilsThread] INFO  pipeline.PipelinePlacementPolicy (PipelinePlacementPolicy.java:meetCriteria(91)) - Pipeline Placement: can't place more pipeline on heavy datanode： df3fee13-edb1-4245-be34-bb4c7d942b62 Heaviness: 6 limit: 5
2019-09-25 07:34:01,683 [RatisPipelineUtilsThread] INFO  pipeline.PipelinePlacementPolicy (PipelinePlacementPolicy.java:meetCriteria(91)) - Pipeline Placement: can't place more pipeline on heavy datanode： bdcda101-49b0-4c87-b510-4eac276b6602 Heaviness: 6 limit: 5
2019-09-25 07:34:01,695 [grpc-default-executor-1] INFO  impl.RaftServerProxy (RaftServerProxy.java:addNew(89)) - 9659e150-6db8-46c9-9754-45a2163a8a7f: addNew group-773CFA070AD3:[9659e150-6db8-46c9-9754-45a2163a8a7f:192.168.151.106:44942] returns group-773CFA070AD3:java.util.concurrent.CompletableFuture@52c65698[Not completed]
2019-09-25 07:34:01,697 [pool-37-thread-1] INFO  impl.RaftServerImpl (RaftServerImpl.java:<init>(95)) - 9659e150-6db8-46c9-9754-45a2163a8a7f: new RaftServerImpl for group-773CFA070AD3:[9659e150-6db8-46c9-9754-45a2163a8a7f:192.168.151.106:44942] with ContainerStateMachine:uninitialized
2019-09-25 07:34:01,697 [pool-37-thread-1] INFO  server.RaftServerConfigKeys (ConfUtils.java:logGet(43)) - raft.server.rpc.timeout.min = 5s (custom)
2019-09-25 07:34:01,697 [pool-37-thread-1] INFO  server.RaftServerConfigKeys (ConfUtils.java:logGet(43)) - raft.server.rpc.timeout.max = 5200ms (custom)
2019-09-25 07:34:01,697 [pool-37-thread-1] INFO  server.RaftServerConfigKeys (ConfUtils.java:logGet(43)) - raft.server.rpcslowness.timeout = 120s (custom)
2019-09-25 07:34:01,697 [pool-37-thread-1] INFO  server.RaftServerConfigKeys (ConfUtils.java:logGet(43)) - raft.server.sleep.deviation.threshold = 300 (default)
2019-09-25 07:34:01,698 [pool-37-thread-1] INFO  server.RaftServerConfigKeys (ConfUtils.java:logGet(43)) - raft.server.log.appender.install.snapshot.enabled = false (custom)
2019-09-25 07:34:01,698 [pool-37-thread-1] INFO  impl.RaftServerImpl (ServerState.java:<init>(103)) - 9659e150-6db8-46c9-9754-45a2163a8a7f@group-773CFA070AD3: ConfigurationManager, init=-1: [9659e150-6db8-46c9-9754-45a2163a8a7f:192.168.151.106:44942], old=null, confs=<EMPTY_MAP>
2019-09-25 07:34:01,698 [pool-37-thread-1] INFO  server.RaftServerConfigKeys (ConfUtils.java:logGet(43)) - raft.server.storage.dir = [/workdir/hadoop-ozone/tools/target/test-dir/MiniOzoneClusterImpl-55ba2c16-82ef-4526-82fa-9313f8d95d3f/datanode-1/data/ratis] (custom)
2019-09-25 07:34:01,698 [pool-37-thread-1] INFO  storage.RaftStorageDirectory (RaftStorageDirectory.java:analyzeStorage(246)) - The storage directory /workdir/hadoop-ozone/tools/target/test-dir/MiniOzoneClusterImpl-55ba2c16-82ef-4526-82fa-9313f8d95d3f/datanode-1/data/ratis/d71d6a12-e340-47a6-aec9-773cfa070ad3 does not exist. Creating ...
2019-09-25 07:34:01,711 [pool-37-thread-1] INFO  storage.RaftStorageDirectory (RaftStorageDirectory.java:tryLock(328)) - Lock on /workdir/hadoop-ozone/tools/target/test-dir/MiniOzoneClusterImpl-55ba2c16-82ef-4526-82fa-9313f8d95d3f/datanode-1/data/ratis/d71d6a12-e340-47a6-aec9-773cfa070ad3/in_use.lock acquired by nodename 26202@pr-hdds-1569-x2sr2-3486766547
2019-09-25 07:34:01,724 [pool-37-thread-1] INFO  storage.RaftStorage (RaftStorage.java:format(72)) - Storage directory /workdir/hadoop-ozone/tools/target/test-dir/MiniOzoneClusterImpl-55ba2c16-82ef-4526-82fa-9313f8d95d3f/datanode-1/data/ratis/d71d6a12-e340-47a6-aec9-773cfa070ad3 has been successfully formatted.
2019-09-25 07:34:01,725 [pool-37-thread-1] INFO  ratis.ContainerStateMachine (ContainerStateMachine.java:loadSnapshot(230)) - group-773CFA070AD3: The snapshot info is null. Setting the last applied indexto:(t:0, i:~)
2019-09-25 07:34:01,725 [pool-37-thread-1] INFO  server.RaftServerConfigKeys (ConfUtils.java:logGet(43)) - raft.server.notification.no-leader.timeout = 120s (custom)
2019-09-25 07:34:01,725 [pool-37-thread-1] INFO  server.RaftServerConfigKeys (ConfUtils.java:logGet(43)) - raft.server.log.use.memory = false (default)
2019-09-25 07:34:01,726 [pool-37-thread-1] INFO  server.RaftServerConfigKeys (ConfUtils.java:logGet(43)) - raft.server.log.purge.gap = 1000000 (custom)
2019-09-25 07:34:01,726 [pool-37-thread-1] INFO  server.RaftServerConfigKeys (ConfUtils.java:logGet(43)) - raft.server.log.appender.buffer.byte-limit = 33554432 (custom)
2019-09-25 07:34:01,726 [pool-37-thread-1] INFO  server.RaftServerConfigKeys (ConfUtils.java:logGet(43)) - raft.server.log.segment.size.max = 1048576 (custom)
2019-09-25 07:34:01,726 [pool-37-thread-1] INFO  server.RaftServerConfigKeys (ConfUtils.java:logGet(43)) - raft.server.log.segment.cache.num.max = 2 (custom)
2019-09-25 07:34:01,727 [pool-37-thread-1] INFO  segmented.SegmentedRaftLogWorker (SegmentedRaftLogWorker.java:<init>(172)) - new 9659e150-6db8-46c9-9754-45a2163a8a7f@group-773CFA070AD3-SegmentedRaftLogWorker for RaftStorage:Storage Directory /workdir/hadoop-ozone/tools/target/test-dir/MiniOzoneClusterImpl-55ba2c16-82ef-4526-82fa-9313f8d95d3f/datanode-1/data/ratis/d71d6a12-e340-47a6-aec9-773cfa070ad3
2019-09-25 07:34:01,727 [pool-37-thread-1] INFO  server.RaftServerConfigKeys (ConfUtils.java:logGet(43)) - raft.server.log.queue.byte-limit = 2147483647 (custom)
2019-09-25 07:34:01,727 [pool-37-thread-1] INFO  server.RaftServerConfigKeys (ConfUtils.java:logGet(43)) - raft.server.log.queue.element-limit = 1024 (custom)
2019-09-25 07:34:01,727 [pool-37-thread-1] INFO  server.RaftServerConfigKeys (ConfUtils.java:logGet(43)) - raft.server.log.segment.size.max = 1048576 (custom)
2019-09-25 07:34:01,727 [pool-37-thread-1] INFO  server.RaftServerConfigKeys (ConfUtils.java:logGet(43)) - raft.server.log.preallocated.size = 16384 (custom)
2019-09-25 07:34:01,728 [pool-37-thread-1] INFO  server.RaftServerConfigKeys (ConfUtils.java:logGet(43)) - raft.server.log.write.buffer.size = 33554432 (custom)
2019-09-25 07:34:01,728 [pool-37-thread-1] INFO  server.RaftServerConfigKeys (ConfUtils.java:logGet(43)) - raft.server.log.force.sync.num = 128 (default)
2019-09-25 07:34:01,728 [pool-37-thread-1] INFO  server.RaftServerConfigKeys (ConfUtils.java:logGet(43)) - raft.server.log.statemachine.data.sync = true (default)
2019-09-25 07:34:01,728 [pool-37-thread-1] INFO  server.RaftServerConfigKeys (ConfUtils.java:logGet(43)) - raft.server.log.statemachine.data.sync.timeout = 10s (default)
2019-09-25 07:34:01,728 [pool-37-thread-1] INFO  server.RaftServerConfigKeys (ConfUtils.java:logGet(43)) - raft.server.log.statemachine.data.sync.timeout.retry = -1 (default)
2019-09-25 07:34:01,728 [pool-37-thread-1] INFO  server.RaftServerConfigKeys (ConfUtils.java:logGet(43)) - raft.server.log.statemachine.data.caching.enabled = true (custom)
2019-09-25 07:34:01,729 [pool-37-thread-1] INFO  segmented.SegmentedRaftLogWorker (SegmentedRaftLogWorker.java:lambda$new$0(132)) - 9659e150-6db8-46c9-9754-45a2163a8a7f@group-773CFA070AD3-SegmentedRaftLogWorker: flushIndex: setUnconditionally 0 -> -1
2019-09-25 07:34:01,729 [pool-37-thread-1] INFO  server.RaftServerConfigKeys (ConfUtils.java:logGet(43)) - raft.server.snapshot.auto.trigger.enabled = true (custom)
2019-09-25 07:34:01,729 [pool-37-thread-1] INFO  server.RaftServerConfigKeys (ConfUtils.java:logGet(43)) - raft.server.snapshot.auto.trigger.threshold = 10000 (custom)
2019-09-25 07:34:01,730 [pool-37-thread-1] INFO  server.RaftServerConfigKeys (ConfUtils.java:logGet(43)) - raft.server.snapshot.retention.num.files = 5 (custom)
2019-09-25 07:34:01,730 [pool-37-thread-1] INFO  server.RaftServerConfigKeys (ConfUtils.java:logGet(43)) - raft.server.retrycache.expirytime = 600000ms (custom)
2019-09-25 07:34:01,733 [pool-37-thread-1] INFO  impl.RaftServerImpl (RaftServerImpl.java:start(185)) - 9659e150-6db8-46c9-9754-45a2163a8a7f@group-773CFA070AD3: start as a follower, conf=-1: [9659e150-6db8-46c9-9754-45a2163a8a7f:192.168.151.106:44942], old=null
2019-09-25 07:34:01,733 [pool-37-thread-1] INFO  impl.RaftServerImpl (RaftServerImpl.java:setRole(174)) - 9659e150-6db8-46c9-9754-45a2163a8a7f@group-773CFA070AD3: changes role from      null to FOLLOWER at term 0 for startAsFollower
2019-09-25 07:34:01,733 [pool-37-thread-1] INFO  impl.RoleInfo (RoleInfo.java:updateAndGet(143)) - 9659e150-6db8-46c9-9754-45a2163a8a7f: start FollowerState
2019-09-25 07:34:01,734 [pool-37-thread-1] INFO  util.JmxRegister (JmxRegister.java:tryRegister(44)) - Successfully registered JMX Bean with object name Ratis:service=RaftServer,group=group-773CFA070AD3,id=9659e150-6db8-46c9-9754-45a2163a8a7f
2019-09-25 07:34:01,740 [RatisPipelineUtilsThread] INFO  pipeline.PipelineStateManager (PipelineStateManager.java:addPipeline(56)) - Created pipeline Pipeline[ Id: d71d6a12-e340-47a6-aec9-773cfa070ad3, Nodes: 9659e150-6db8-46c9-9754-45a2163a8a7f{ip: 192.168.151.106, host: pr-hdds-1569-x2sr2-3486766547, networkLocation: /default-rack, certSerialId: null}, Type:RATIS, Factor:ONE, State:OPEN]
2019-09-25 07:34:01,740 [RatisPipelineUtilsThread] INFO  pipeline.PipelinePlacementPolicy (PipelinePlacementPolicy.java:meetCriteria(91)) - Pipeline Placement: can't place more pipeline on heavy datanode： df3fee13-edb1-4245-be34-bb4c7d942b62 Heaviness: 6 limit: 5
2019-09-25 07:34:01,740 [RatisPipelineUtilsThread] INFO  pipeline.PipelinePlacementPolicy (PipelinePlacementPolicy.java:meetCriteria(91)) - Pipeline Placement: can't place more pipeline on heavy datanode： 9659e150-6db8-46c9-9754-45a2163a8a7f Heaviness: 6 limit: 5
2019-09-25 07:34:01,741 [RatisPipelineUtilsThread] INFO  pipeline.PipelinePlacementPolicy (PipelinePlacementPolicy.java:meetCriteria(91)) - Pipeline Placement: can't place more pipeline on heavy datanode： bdcda101-49b0-4c87-b510-4eac276b6602 Heaviness: 6 limit: 5
2019-09-25 07:34:01,750 [grpc-default-executor-1] INFO  impl.RaftServerProxy (RaftServerProxy.java:addNew(89)) - 8005d4cb-4fe5-4e19-8530-60982edf3c3e: addNew group-0D7E40D5004F:[8005d4cb-4fe5-4e19-8530-60982edf3c3e:192.168.151.106:45181] returns group-0D7E40D5004F:java.util.concurrent.CompletableFuture@2a28c08a[Not completed]
2019-09-25 07:34:01,752 [pool-67-thread-1] INFO  impl.RaftServerImpl (RaftServerImpl.java:<init>(95)) - 8005d4cb-4fe5-4e19-8530-60982edf3c3e: new RaftServerImpl for group-0D7E40D5004F:[8005d4cb-4fe5-4e19-8530-60982edf3c3e:192.168.151.106:45181] with ContainerStateMachine:uninitialized
2019-09-25 07:34:01,752 [pool-67-thread-1] INFO  server.RaftServerConfigKeys (ConfUtils.java:logGet(43)) - raft.server.rpc.timeout.min = 5s (custom)
2019-09-25 07:34:01,752 [pool-67-thread-1] INFO  server.RaftServerConfigKeys (ConfUtils.java:logGet(43)) - raft.server.rpc.timeout.max = 5200ms (custom)
2019-09-25 07:34:01,752 [pool-67-thread-1] INFO  server.RaftServerConfigKeys (ConfUtils.java:logGet(43)) - raft.server.rpcslowness.timeout = 120s (custom)
2019-09-25 07:34:01,753 [pool-67-thread-1] INFO  server.RaftServerConfigKeys (ConfUtils.java:logGet(43)) - raft.server.sleep.deviation.threshold = 300 (default)
2019-09-25 07:34:01,753 [pool-67-thread-1] INFO  server.RaftServerConfigKeys (ConfUtils.java:logGet(43)) - raft.server.log.appender.install.snapshot.enabled = false (custom)
2019-09-25 07:34:01,753 [pool-67-thread-1] INFO  impl.RaftServerImpl (ServerState.java:<init>(103)) - 8005d4cb-4fe5-4e19-8530-60982edf3c3e@group-0D7E40D5004F: ConfigurationManager, init=-1: [8005d4cb-4fe5-4e19-8530-60982edf3c3e:192.168.151.106:45181], old=null, confs=<EMPTY_MAP>
2019-09-25 07:34:01,753 [pool-67-thread-1] INFO  server.RaftServerConfigKeys (ConfUtils.java:logGet(43)) - raft.server.storage.dir = [/workdir/hadoop-ozone/tools/target/test-dir/MiniOzoneClusterImpl-55ba2c16-82ef-4526-82fa-9313f8d95d3f/datanode-4/data/ratis] (custom)
2019-09-25 07:34:01,754 [pool-67-thread-1] INFO  storage.RaftStorageDirectory (RaftStorageDirectory.java:analyzeStorage(246)) - The storage directory /workdir/hadoop-ozone/tools/target/test-dir/MiniOzoneClusterImpl-55ba2c16-82ef-4526-82fa-9313f8d95d3f/datanode-4/data/ratis/7ee75c18-6432-49e9-8f17-0d7e40d5004f does not exist. Creating ...
2019-09-25 07:34:01,766 [pool-67-thread-1] INFO  storage.RaftStorageDirectory (RaftStorageDirectory.java:tryLock(328)) - Lock on /workdir/hadoop-ozone/tools/target/test-dir/MiniOzoneClusterImpl-55ba2c16-82ef-4526-82fa-9313f8d95d3f/datanode-4/data/ratis/7ee75c18-6432-49e9-8f17-0d7e40d5004f/in_use.lock acquired by nodename 26202@pr-hdds-1569-x2sr2-3486766547
2019-09-25 07:34:01,792 [pool-67-thread-1] INFO  storage.RaftStorage (RaftStorage.java:format(72)) - Storage directory /workdir/hadoop-ozone/tools/target/test-dir/MiniOzoneClusterImpl-55ba2c16-82ef-4526-82fa-9313f8d95d3f/datanode-4/data/ratis/7ee75c18-6432-49e9-8f17-0d7e40d5004f has been successfully formatted.
2019-09-25 07:34:01,793 [pool-67-thread-1] INFO  ratis.ContainerStateMachine (ContainerStateMachine.java:loadSnapshot(230)) - group-0D7E40D5004F: The snapshot info is null. Setting the last applied indexto:(t:0, i:~)
2019-09-25 07:34:01,793 [pool-67-thread-1] INFO  server.RaftServerConfigKeys (ConfUtils.java:logGet(43)) - raft.server.notification.no-leader.timeout = 120s (custom)
2019-09-25 07:34:01,793 [pool-67-thread-1] INFO  server.RaftServerConfigKeys (ConfUtils.java:logGet(43)) - raft.server.log.use.memory = false (default)
2019-09-25 07:34:01,793 [pool-67-thread-1] INFO  server.RaftServerConfigKeys (ConfUtils.java:logGet(43)) - raft.server.log.purge.gap = 1000000 (custom)
2019-09-25 07:34:01,794 [pool-67-thread-1] INFO  server.RaftServerConfigKeys (ConfUtils.java:logGet(43)) - raft.server.log.appender.buffer.byte-limit = 33554432 (custom)
2019-09-25 07:34:01,794 [pool-67-thread-1] INFO  server.RaftServerConfigKeys (ConfUtils.java:logGet(43)) - raft.server.log.segment.size.max = 1048576 (custom)
2019-09-25 07:34:01,794 [pool-67-thread-1] INFO  server.RaftServerConfigKeys (ConfUtils.java:logGet(43)) - raft.server.log.segment.cache.num.max = 2 (custom)
2019-09-25 07:34:01,794 [pool-67-thread-1] INFO  segmented.SegmentedRaftLogWorker (SegmentedRaftLogWorker.java:<init>(172)) - new 8005d4cb-4fe5-4e19-8530-60982edf3c3e@group-0D7E40D5004F-SegmentedRaftLogWorker for RaftStorage:Storage Directory /workdir/hadoop-ozone/tools/target/test-dir/MiniOzoneClusterImpl-55ba2c16-82ef-4526-82fa-9313f8d95d3f/datanode-4/data/ratis/7ee75c18-6432-49e9-8f17-0d7e40d5004f
2019-09-25 07:34:01,794 [pool-67-thread-1] INFO  server.RaftServerConfigKeys (ConfUtils.java:logGet(43)) - raft.server.log.queue.byte-limit = 2147483647 (custom)
2019-09-25 07:34:01,795 [pool-67-thread-1] INFO  server.RaftServerConfigKeys (ConfUtils.java:logGet(43)) - raft.server.log.queue.element-limit = 1024 (custom)
2019-09-25 07:34:01,795 [pool-67-thread-1] INFO  server.RaftServerConfigKeys (ConfUtils.java:logGet(43)) - raft.server.log.segment.size.max = 1048576 (custom)
2019-09-25 07:34:01,795 [pool-67-thread-1] INFO  server.RaftServerConfigKeys (ConfUtils.java:logGet(43)) - raft.server.log.preallocated.size = 16384 (custom)
2019-09-25 07:34:01,795 [pool-67-thread-1] INFO  server.RaftServerConfigKeys (ConfUtils.java:logGet(43)) - raft.server.log.write.buffer.size = 33554432 (custom)
2019-09-25 07:34:01,795 [pool-67-thread-1] INFO  server.RaftServerConfigKeys (ConfUtils.java:logGet(43)) - raft.server.log.force.sync.num = 128 (default)
2019-09-25 07:34:01,795 [pool-67-thread-1] INFO  server.RaftServerConfigKeys (ConfUtils.java:logGet(43)) - raft.server.log.statemachine.data.sync = true (default)
2019-09-25 07:34:01,796 [pool-67-thread-1] INFO  server.RaftServerConfigKeys (ConfUtils.java:logGet(43)) - raft.server.log.statemachine.data.sync.timeout = 10s (default)
2019-09-25 07:34:01,796 [pool-67-thread-1] INFO  server.RaftServerConfigKeys (ConfUtils.java:logGet(43)) - raft.server.log.statemachine.data.sync.timeout.retry = -1 (default)
2019-09-25 07:34:01,796 [pool-67-thread-1] INFO  server.RaftServerConfigKeys (ConfUtils.java:logGet(43)) - raft.server.log.statemachine.data.caching.enabled = true (custom)
2019-09-25 07:34:01,796 [pool-67-thread-1] INFO  segmented.SegmentedRaftLogWorker (SegmentedRaftLogWorker.java:lambda$new$0(132)) - 8005d4cb-4fe5-4e19-8530-60982edf3c3e@group-0D7E40D5004F-SegmentedRaftLogWorker: flushIndex: setUnconditionally 0 -> -1
2019-09-25 07:34:01,797 [pool-67-thread-1] INFO  server.RaftServerConfigKeys (ConfUtils.java:logGet(43)) - raft.server.snapshot.auto.trigger.enabled = true (custom)
2019-09-25 07:34:01,797 [pool-67-thread-1] INFO  server.RaftServerConfigKeys (ConfUtils.java:logGet(43)) - raft.server.snapshot.auto.trigger.threshold = 10000 (custom)
2019-09-25 07:34:01,797 [pool-67-thread-1] INFO  server.RaftServerConfigKeys (ConfUtils.java:logGet(43)) - raft.server.snapshot.retention.num.files = 5 (custom)
2019-09-25 07:34:01,797 [pool-67-thread-1] INFO  server.RaftServerConfigKeys (ConfUtils.java:logGet(43)) - raft.server.retrycache.expirytime = 600000ms (custom)
2019-09-25 07:34:01,801 [pool-67-thread-1] INFO  impl.RaftServerImpl (RaftServerImpl.java:start(185)) - 8005d4cb-4fe5-4e19-8530-60982edf3c3e@group-0D7E40D5004F: start as a follower, conf=-1: [8005d4cb-4fe5-4e19-8530-60982edf3c3e:192.168.151.106:45181], old=null
2019-09-25 07:34:01,801 [pool-67-thread-1] INFO  impl.RaftServerImpl (RaftServerImpl.java:setRole(174)) - 8005d4cb-4fe5-4e19-8530-60982edf3c3e@group-0D7E40D5004F: changes role from      null to FOLLOWER at term 0 for startAsFollower
2019-09-25 07:34:01,801 [pool-67-thread-1] INFO  impl.RoleInfo (RoleInfo.java:updateAndGet(143)) - 8005d4cb-4fe5-4e19-8530-60982edf3c3e: start FollowerState
2019-09-25 07:34:01,801 [pool-67-thread-1] INFO  util.JmxRegister (JmxRegister.java:tryRegister(44)) - Successfully registered JMX Bean with object name Ratis:service=RaftServer,group=group-0D7E40D5004F,id=8005d4cb-4fe5-4e19-8530-60982edf3c3e
2019-09-25 07:34:01,808 [RatisPipelineUtilsThread] INFO  pipeline.PipelineStateManager (PipelineStateManager.java:addPipeline(56)) - Created pipeline Pipeline[ Id: 7ee75c18-6432-49e9-8f17-0d7e40d5004f, Nodes: 8005d4cb-4fe5-4e19-8530-60982edf3c3e{ip: 192.168.151.106, host: pr-hdds-1569-x2sr2-3486766547, networkLocation: /default-rack, certSerialId: null}, Type:RATIS, Factor:ONE, State:OPEN]
2019-09-25 07:34:01,808 [RatisPipelineUtilsThread] INFO  pipeline.PipelinePlacementPolicy (PipelinePlacementPolicy.java:meetCriteria(91)) - Pipeline Placement: can't place more pipeline on heavy datanode： df3fee13-edb1-4245-be34-bb4c7d942b62 Heaviness: 6 limit: 5
2019-09-25 07:34:01,808 [RatisPipelineUtilsThread] INFO  pipeline.PipelinePlacementPolicy (PipelinePlacementPolicy.java:meetCriteria(91)) - Pipeline Placement: can't place more pipeline on heavy datanode： 9659e150-6db8-46c9-9754-45a2163a8a7f Heaviness: 6 limit: 5
2019-09-25 07:34:01,809 [RatisPipelineUtilsThread] INFO  pipeline.PipelinePlacementPolicy (PipelinePlacementPolicy.java:meetCriteria(91)) - Pipeline Placement: can't place more pipeline on heavy datanode： bdcda101-49b0-4c87-b510-4eac276b6602 Heaviness: 6 limit: 5
2019-09-25 07:34:01,821 [grpc-default-executor-1] INFO  impl.RaftServerProxy (RaftServerProxy.java:addNew(89)) - 8005d4cb-4fe5-4e19-8530-60982edf3c3e: addNew group-88B9FAE8A986:[8005d4cb-4fe5-4e19-8530-60982edf3c3e:192.168.151.106:45181] returns group-88B9FAE8A986:java.util.concurrent.CompletableFuture@4ed44ee1[Not completed]
2019-09-25 07:34:01,823 [pool-67-thread-1] INFO  impl.RaftServerImpl (RaftServerImpl.java:<init>(95)) - 8005d4cb-4fe5-4e19-8530-60982edf3c3e: new RaftServerImpl for group-88B9FAE8A986:[8005d4cb-4fe5-4e19-8530-60982edf3c3e:192.168.151.106:45181] with ContainerStateMachine:uninitialized
2019-09-25 07:34:01,823 [pool-67-thread-1] INFO  server.RaftServerConfigKeys (ConfUtils.java:logGet(43)) - raft.server.rpc.timeout.min = 5s (custom)
2019-09-25 07:34:01,824 [pool-67-thread-1] INFO  server.RaftServerConfigKeys (ConfUtils.java:logGet(43)) - raft.server.rpc.timeout.max = 5200ms (custom)
2019-09-25 07:34:01,824 [pool-67-thread-1] INFO  server.RaftServerConfigKeys (ConfUtils.java:logGet(43)) - raft.server.rpcslowness.timeout = 120s (custom)
2019-09-25 07:34:01,824 [pool-67-thread-1] INFO  server.RaftServerConfigKeys (ConfUtils.java:logGet(43)) - raft.server.sleep.deviation.threshold = 300 (default)
2019-09-25 07:34:01,824 [pool-67-thread-1] INFO  server.RaftServerConfigKeys (ConfUtils.java:logGet(43)) - raft.server.log.appender.install.snapshot.enabled = false (custom)
2019-09-25 07:34:01,824 [pool-67-thread-1] INFO  impl.RaftServerImpl (ServerState.java:<init>(103)) - 8005d4cb-4fe5-4e19-8530-60982edf3c3e@group-88B9FAE8A986: ConfigurationManager, init=-1: [8005d4cb-4fe5-4e19-8530-60982edf3c3e:192.168.151.106:45181], old=null, confs=<EMPTY_MAP>
2019-09-25 07:34:01,824 [pool-67-thread-1] INFO  server.RaftServerConfigKeys (ConfUtils.java:logGet(43)) - raft.server.storage.dir = [/workdir/hadoop-ozone/tools/target/test-dir/MiniOzoneClusterImpl-55ba2c16-82ef-4526-82fa-9313f8d95d3f/datanode-4/data/ratis] (custom)
2019-09-25 07:34:01,825 [pool-67-thread-1] INFO  storage.RaftStorageDirectory (RaftStorageDirectory.java:analyzeStorage(246)) - The storage directory /workdir/hadoop-ozone/tools/target/test-dir/MiniOzoneClusterImpl-55ba2c16-82ef-4526-82fa-9313f8d95d3f/datanode-4/data/ratis/6c0bb626-e3fd-497a-b2a8-88b9fae8a986 does not exist. Creating ...
2019-09-25 07:34:01,839 [pool-67-thread-1] INFO  storage.RaftStorageDirectory (RaftStorageDirectory.java:tryLock(328)) - Lock on /workdir/hadoop-ozone/tools/target/test-dir/MiniOzoneClusterImpl-55ba2c16-82ef-4526-82fa-9313f8d95d3f/datanode-4/data/ratis/6c0bb626-e3fd-497a-b2a8-88b9fae8a986/in_use.lock acquired by nodename 26202@pr-hdds-1569-x2sr2-3486766547
2019-09-25 07:34:01,852 [pool-67-thread-1] INFO  storage.RaftStorage (RaftStorage.java:format(72)) - Storage directory /workdir/hadoop-ozone/tools/target/test-dir/MiniOzoneClusterImpl-55ba2c16-82ef-4526-82fa-9313f8d95d3f/datanode-4/data/ratis/6c0bb626-e3fd-497a-b2a8-88b9fae8a986 has been successfully formatted.
2019-09-25 07:34:01,852 [pool-67-thread-1] INFO  ratis.ContainerStateMachine (ContainerStateMachine.java:loadSnapshot(230)) - group-88B9FAE8A986: The snapshot info is null. Setting the last applied indexto:(t:0, i:~)
2019-09-25 07:34:01,852 [pool-67-thread-1] INFO  server.RaftServerConfigKeys (ConfUtils.java:logGet(43)) - raft.server.notification.no-leader.timeout = 120s (custom)
2019-09-25 07:34:01,853 [pool-67-thread-1] INFO  server.RaftServerConfigKeys (ConfUtils.java:logGet(43)) - raft.server.log.use.memory = false (default)
2019-09-25 07:34:01,853 [pool-67-thread-1] INFO  server.RaftServerConfigKeys (ConfUtils.java:logGet(43)) - raft.server.log.purge.gap = 1000000 (custom)
2019-09-25 07:34:01,853 [pool-67-thread-1] INFO  server.RaftServerConfigKeys (ConfUtils.java:logGet(43)) - raft.server.log.appender.buffer.byte-limit = 33554432 (custom)
2019-09-25 07:34:01,853 [pool-67-thread-1] INFO  server.RaftServerConfigKeys (ConfUtils.java:logGet(43)) - raft.server.log.segment.size.max = 1048576 (custom)
2019-09-25 07:34:01,853 [pool-67-thread-1] INFO  server.RaftServerConfigKeys (ConfUtils.java:logGet(43)) - raft.server.log.segment.cache.num.max = 2 (custom)
2019-09-25 07:34:01,853 [pool-67-thread-1] INFO  segmented.SegmentedRaftLogWorker (SegmentedRaftLogWorker.java:<init>(172)) - new 8005d4cb-4fe5-4e19-8530-60982edf3c3e@group-88B9FAE8A986-SegmentedRaftLogWorker for RaftStorage:Storage Directory /workdir/hadoop-ozone/tools/target/test-dir/MiniOzoneClusterImpl-55ba2c16-82ef-4526-82fa-9313f8d95d3f/datanode-4/data/ratis/6c0bb626-e3fd-497a-b2a8-88b9fae8a986
2019-09-25 07:34:01,854 [pool-67-thread-1] INFO  server.RaftServerConfigKeys (ConfUtils.java:logGet(43)) - raft.server.log.queue.byte-limit = 2147483647 (custom)
2019-09-25 07:34:01,854 [pool-67-thread-1] INFO  server.RaftServerConfigKeys (ConfUtils.java:logGet(43)) - raft.server.log.queue.element-limit = 1024 (custom)
2019-09-25 07:34:01,854 [pool-67-thread-1] INFO  server.RaftServerConfigKeys (ConfUtils.java:logGet(43)) - raft.server.log.segment.size.max = 1048576 (custom)
2019-09-25 07:34:01,854 [pool-67-thread-1] INFO  server.RaftServerConfigKeys (ConfUtils.java:logGet(43)) - raft.server.log.preallocated.size = 16384 (custom)
2019-09-25 07:34:01,854 [pool-67-thread-1] INFO  server.RaftServerConfigKeys (ConfUtils.java:logGet(43)) - raft.server.log.write.buffer.size = 33554432 (custom)
2019-09-25 07:34:01,854 [pool-67-thread-1] INFO  server.RaftServerConfigKeys (ConfUtils.java:logGet(43)) - raft.server.log.force.sync.num = 128 (default)
2019-09-25 07:34:01,855 [pool-67-thread-1] INFO  server.RaftServerConfigKeys (ConfUtils.java:logGet(43)) - raft.server.log.statemachine.data.sync = true (default)
2019-09-25 07:34:01,855 [pool-67-thread-1] INFO  server.RaftServerConfigKeys (ConfUtils.java:logGet(43)) - raft.server.log.statemachine.data.sync.timeout = 10s (default)
2019-09-25 07:34:01,855 [pool-67-thread-1] INFO  server.RaftServerConfigKeys (ConfUtils.java:logGet(43)) - raft.server.log.statemachine.data.sync.timeout.retry = -1 (default)
2019-09-25 07:34:01,855 [pool-67-thread-1] INFO  server.RaftServerConfigKeys (ConfUtils.java:logGet(43)) - raft.server.log.statemachine.data.caching.enabled = true (custom)
2019-09-25 07:34:01,856 [pool-67-thread-1] INFO  segmented.SegmentedRaftLogWorker (SegmentedRaftLogWorker.java:lambda$new$0(132)) - 8005d4cb-4fe5-4e19-8530-60982edf3c3e@group-88B9FAE8A986-SegmentedRaftLogWorker: flushIndex: setUnconditionally 0 -> -1
2019-09-25 07:34:01,856 [pool-67-thread-1] INFO  server.RaftServerConfigKeys (ConfUtils.java:logGet(43)) - raft.server.snapshot.auto.trigger.enabled = true (custom)
2019-09-25 07:34:01,856 [pool-67-thread-1] INFO  server.RaftServerConfigKeys (ConfUtils.java:logGet(43)) - raft.server.snapshot.auto.trigger.threshold = 10000 (custom)
2019-09-25 07:34:01,856 [pool-67-thread-1] INFO  server.RaftServerConfigKeys (ConfUtils.java:logGet(43)) - raft.server.snapshot.retention.num.files = 5 (custom)
2019-09-25 07:34:01,857 [pool-67-thread-1] INFO  server.RaftServerConfigKeys (ConfUtils.java:logGet(43)) - raft.server.retrycache.expirytime = 600000ms (custom)
2019-09-25 07:34:01,859 [pool-67-thread-1] INFO  impl.RaftServerImpl (RaftServerImpl.java:start(185)) - 8005d4cb-4fe5-4e19-8530-60982edf3c3e@group-88B9FAE8A986: start as a follower, conf=-1: [8005d4cb-4fe5-4e19-8530-60982edf3c3e:192.168.151.106:45181], old=null
2019-09-25 07:34:01,860 [pool-67-thread-1] INFO  impl.RaftServerImpl (RaftServerImpl.java:setRole(174)) - 8005d4cb-4fe5-4e19-8530-60982edf3c3e@group-88B9FAE8A986: changes role from      null to FOLLOWER at term 0 for startAsFollower
2019-09-25 07:34:01,860 [pool-67-thread-1] INFO  impl.RoleInfo (RoleInfo.java:updateAndGet(143)) - 8005d4cb-4fe5-4e19-8530-60982edf3c3e: start FollowerState
2019-09-25 07:34:01,860 [pool-67-thread-1] INFO  util.JmxRegister (JmxRegister.java:tryRegister(44)) - Successfully registered JMX Bean with object name Ratis:service=RaftServer,group=group-88B9FAE8A986,id=8005d4cb-4fe5-4e19-8530-60982edf3c3e
2019-09-25 07:34:01,866 [RatisPipelineUtilsThread] INFO  pipeline.PipelineStateManager (PipelineStateManager.java:addPipeline(56)) - Created pipeline Pipeline[ Id: 6c0bb626-e3fd-497a-b2a8-88b9fae8a986, Nodes: 8005d4cb-4fe5-4e19-8530-60982edf3c3e{ip: 192.168.151.106, host: pr-hdds-1569-x2sr2-3486766547, networkLocation: /default-rack, certSerialId: null}, Type:RATIS, Factor:ONE, State:OPEN]
2019-09-25 07:34:01,866 [RatisPipelineUtilsThread] INFO  pipeline.PipelinePlacementPolicy (PipelinePlacementPolicy.java:meetCriteria(91)) - Pipeline Placement: can't place more pipeline on heavy datanode： df3fee13-edb1-4245-be34-bb4c7d942b62 Heaviness: 6 limit: 5
2019-09-25 07:34:01,867 [RatisPipelineUtilsThread] INFO  pipeline.PipelinePlacementPolicy (PipelinePlacementPolicy.java:meetCriteria(91)) - Pipeline Placement: can't place more pipeline on heavy datanode： 9659e150-6db8-46c9-9754-45a2163a8a7f Heaviness: 6 limit: 5
2019-09-25 07:34:01,867 [RatisPipelineUtilsThread] INFO  pipeline.PipelinePlacementPolicy (PipelinePlacementPolicy.java:meetCriteria(91)) - Pipeline Placement: can't place more pipeline on heavy datanode： 8005d4cb-4fe5-4e19-8530-60982edf3c3e Heaviness: 6 limit: 5
2019-09-25 07:34:01,867 [RatisPipelineUtilsThread] INFO  pipeline.PipelinePlacementPolicy (PipelinePlacementPolicy.java:meetCriteria(91)) - Pipeline Placement: can't place more pipeline on heavy datanode： bdcda101-49b0-4c87-b510-4eac276b6602 Heaviness: 6 limit: 5
2019-09-25 07:34:01,877 [grpc-default-executor-1] INFO  impl.RaftServerProxy (RaftServerProxy.java:addNew(89)) - 0441a7da-a434-40f3-b826-f1d73a75434f: addNew group-41A6BABD5F57:[0441a7da-a434-40f3-b826-f1d73a75434f:192.168.151.106:42590] returns group-41A6BABD5F57:java.util.concurrent.CompletableFuture@312c4b4d[Not completed]
2019-09-25 07:34:01,879 [pool-57-thread-1] INFO  impl.RaftServerImpl (RaftServerImpl.java:<init>(95)) - 0441a7da-a434-40f3-b826-f1d73a75434f: new RaftServerImpl for group-41A6BABD5F57:[0441a7da-a434-40f3-b826-f1d73a75434f:192.168.151.106:42590] with ContainerStateMachine:uninitialized
2019-09-25 07:34:01,879 [pool-57-thread-1] INFO  server.RaftServerConfigKeys (ConfUtils.java:logGet(43)) - raft.server.rpc.timeout.min = 5s (custom)
2019-09-25 07:34:01,879 [pool-57-thread-1] INFO  server.RaftServerConfigKeys (ConfUtils.java:logGet(43)) - raft.server.rpc.timeout.max = 5200ms (custom)
2019-09-25 07:34:01,879 [pool-57-thread-1] INFO  server.RaftServerConfigKeys (ConfUtils.java:logGet(43)) - raft.server.rpcslowness.timeout = 120s (custom)
2019-09-25 07:34:01,879 [pool-57-thread-1] INFO  server.RaftServerConfigKeys (ConfUtils.java:logGet(43)) - raft.server.sleep.deviation.threshold = 300 (default)
2019-09-25 07:34:01,880 [pool-57-thread-1] INFO  server.RaftServerConfigKeys (ConfUtils.java:logGet(43)) - raft.server.log.appender.install.snapshot.enabled = false (custom)
2019-09-25 07:34:01,880 [pool-57-thread-1] INFO  impl.RaftServerImpl (ServerState.java:<init>(103)) - 0441a7da-a434-40f3-b826-f1d73a75434f@group-41A6BABD5F57: ConfigurationManager, init=-1: [0441a7da-a434-40f3-b826-f1d73a75434f:192.168.151.106:42590], old=null, confs=<EMPTY_MAP>
2019-09-25 07:34:01,880 [pool-57-thread-1] INFO  server.RaftServerConfigKeys (ConfUtils.java:logGet(43)) - raft.server.storage.dir = [/workdir/hadoop-ozone/tools/target/test-dir/MiniOzoneClusterImpl-55ba2c16-82ef-4526-82fa-9313f8d95d3f/datanode-3/data/ratis] (custom)
2019-09-25 07:34:01,881 [pool-57-thread-1] INFO  storage.RaftStorageDirectory (RaftStorageDirectory.java:analyzeStorage(246)) - The storage directory /workdir/hadoop-ozone/tools/target/test-dir/MiniOzoneClusterImpl-55ba2c16-82ef-4526-82fa-9313f8d95d3f/datanode-3/data/ratis/d8e7582c-58e6-43bb-986f-41a6babd5f57 does not exist. Creating ...
2019-09-25 07:34:01,896 [pool-57-thread-1] INFO  storage.RaftStorageDirectory (RaftStorageDirectory.java:tryLock(328)) - Lock on /workdir/hadoop-ozone/tools/target/test-dir/MiniOzoneClusterImpl-55ba2c16-82ef-4526-82fa-9313f8d95d3f/datanode-3/data/ratis/d8e7582c-58e6-43bb-986f-41a6babd5f57/in_use.lock acquired by nodename 26202@pr-hdds-1569-x2sr2-3486766547
2019-09-25 07:34:01,910 [pool-57-thread-1] INFO  storage.RaftStorage (RaftStorage.java:format(72)) - Storage directory /workdir/hadoop-ozone/tools/target/test-dir/MiniOzoneClusterImpl-55ba2c16-82ef-4526-82fa-9313f8d95d3f/datanode-3/data/ratis/d8e7582c-58e6-43bb-986f-41a6babd5f57 has been successfully formatted.
2019-09-25 07:34:01,911 [pool-57-thread-1] INFO  ratis.ContainerStateMachine (ContainerStateMachine.java:loadSnapshot(230)) - group-41A6BABD5F57: The snapshot info is null. Setting the last applied indexto:(t:0, i:~)
2019-09-25 07:34:01,911 [pool-57-thread-1] INFO  server.RaftServerConfigKeys (ConfUtils.java:logGet(43)) - raft.server.notification.no-leader.timeout = 120s (custom)
2019-09-25 07:34:01,911 [pool-57-thread-1] INFO  server.RaftServerConfigKeys (ConfUtils.java:logGet(43)) - raft.server.log.use.memory = false (default)
2019-09-25 07:34:01,911 [pool-57-thread-1] INFO  server.RaftServerConfigKeys (ConfUtils.java:logGet(43)) - raft.server.log.purge.gap = 1000000 (custom)
2019-09-25 07:34:01,911 [pool-57-thread-1] INFO  server.RaftServerConfigKeys (ConfUtils.java:logGet(43)) - raft.server.log.appender.buffer.byte-limit = 33554432 (custom)
2019-09-25 07:34:01,912 [pool-57-thread-1] INFO  server.RaftServerConfigKeys (ConfUtils.java:logGet(43)) - raft.server.log.segment.size.max = 1048576 (custom)
2019-09-25 07:34:01,912 [pool-57-thread-1] INFO  server.RaftServerConfigKeys (ConfUtils.java:logGet(43)) - raft.server.log.segment.cache.num.max = 2 (custom)
2019-09-25 07:34:01,912 [pool-57-thread-1] INFO  segmented.SegmentedRaftLogWorker (SegmentedRaftLogWorker.java:<init>(172)) - new 0441a7da-a434-40f3-b826-f1d73a75434f@group-41A6BABD5F57-SegmentedRaftLogWorker for RaftStorage:Storage Directory /workdir/hadoop-ozone/tools/target/test-dir/MiniOzoneClusterImpl-55ba2c16-82ef-4526-82fa-9313f8d95d3f/datanode-3/data/ratis/d8e7582c-58e6-43bb-986f-41a6babd5f57
2019-09-25 07:34:01,912 [pool-57-thread-1] INFO  server.RaftServerConfigKeys (ConfUtils.java:logGet(43)) - raft.server.log.queue.byte-limit = 2147483647 (custom)
2019-09-25 07:34:01,912 [pool-57-thread-1] INFO  server.RaftServerConfigKeys (ConfUtils.java:logGet(43)) - raft.server.log.queue.element-limit = 1024 (custom)
2019-09-25 07:34:01,912 [pool-57-thread-1] INFO  server.RaftServerConfigKeys (ConfUtils.java:logGet(43)) - raft.server.log.segment.size.max = 1048576 (custom)
2019-09-25 07:34:01,913 [pool-57-thread-1] INFO  server.RaftServerConfigKeys (ConfUtils.java:logGet(43)) - raft.server.log.preallocated.size = 16384 (custom)
2019-09-25 07:34:01,913 [pool-57-thread-1] INFO  server.RaftServerConfigKeys (ConfUtils.java:logGet(43)) - raft.server.log.write.buffer.size = 33554432 (custom)
2019-09-25 07:34:01,913 [pool-57-thread-1] INFO  server.RaftServerConfigKeys (ConfUtils.java:logGet(43)) - raft.server.log.force.sync.num = 128 (default)
2019-09-25 07:34:01,913 [pool-57-thread-1] INFO  server.RaftServerConfigKeys (ConfUtils.java:logGet(43)) - raft.server.log.statemachine.data.sync = true (default)
2019-09-25 07:34:01,913 [pool-57-thread-1] INFO  server.RaftServerConfigKeys (ConfUtils.java:logGet(43)) - raft.server.log.statemachine.data.sync.timeout = 10s (default)
2019-09-25 07:34:01,913 [pool-57-thread-1] INFO  server.RaftServerConfigKeys (ConfUtils.java:logGet(43)) - raft.server.log.statemachine.data.sync.timeout.retry = -1 (default)
2019-09-25 07:34:01,914 [pool-57-thread-1] INFO  server.RaftServerConfigKeys (ConfUtils.java:logGet(43)) - raft.server.log.statemachine.data.caching.enabled = true (custom)
2019-09-25 07:34:01,914 [pool-57-thread-1] INFO  segmented.SegmentedRaftLogWorker (SegmentedRaftLogWorker.java:lambda$new$0(132)) - 0441a7da-a434-40f3-b826-f1d73a75434f@group-41A6BABD5F57-SegmentedRaftLogWorker: flushIndex: setUnconditionally 0 -> -1
2019-09-25 07:34:01,914 [pool-57-thread-1] INFO  server.RaftServerConfigKeys (ConfUtils.java:logGet(43)) - raft.server.snapshot.auto.trigger.enabled = true (custom)
2019-09-25 07:34:01,914 [pool-57-thread-1] INFO  server.RaftServerConfigKeys (ConfUtils.java:logGet(43)) - raft.server.snapshot.auto.trigger.threshold = 10000 (custom)
2019-09-25 07:34:01,915 [pool-57-thread-1] INFO  server.RaftServerConfigKeys (ConfUtils.java:logGet(43)) - raft.server.snapshot.retention.num.files = 5 (custom)
2019-09-25 07:34:01,915 [pool-57-thread-1] INFO  server.RaftServerConfigKeys (ConfUtils.java:logGet(43)) - raft.server.retrycache.expirytime = 600000ms (custom)
2019-09-25 07:34:01,917 [pool-57-thread-1] INFO  impl.RaftServerImpl (RaftServerImpl.java:start(185)) - 0441a7da-a434-40f3-b826-f1d73a75434f@group-41A6BABD5F57: start as a follower, conf=-1: [0441a7da-a434-40f3-b826-f1d73a75434f:192.168.151.106:42590], old=null
2019-09-25 07:34:01,918 [pool-57-thread-1] INFO  impl.RaftServerImpl (RaftServerImpl.java:setRole(174)) - 0441a7da-a434-40f3-b826-f1d73a75434f@group-41A6BABD5F57: changes role from      null to FOLLOWER at term 0 for startAsFollower
2019-09-25 07:34:01,918 [pool-57-thread-1] INFO  impl.RoleInfo (RoleInfo.java:updateAndGet(143)) - 0441a7da-a434-40f3-b826-f1d73a75434f: start FollowerState
2019-09-25 07:34:01,918 [pool-57-thread-1] INFO  util.JmxRegister (JmxRegister.java:tryRegister(44)) - Successfully registered JMX Bean with object name Ratis:service=RaftServer,group=group-41A6BABD5F57,id=0441a7da-a434-40f3-b826-f1d73a75434f
2019-09-25 07:34:01,923 [RatisPipelineUtilsThread] INFO  pipeline.PipelineStateManager (PipelineStateManager.java:addPipeline(56)) - Created pipeline Pipeline[ Id: d8e7582c-58e6-43bb-986f-41a6babd5f57, Nodes: 0441a7da-a434-40f3-b826-f1d73a75434f{ip: 192.168.151.106, host: pr-hdds-1569-x2sr2-3486766547, networkLocation: /default-rack, certSerialId: null}, Type:RATIS, Factor:ONE, State:OPEN]
2019-09-25 07:34:01,924 [RatisPipelineUtilsThread] INFO  pipeline.PipelinePlacementPolicy (PipelinePlacementPolicy.java:meetCriteria(91)) - Pipeline Placement: can't place more pipeline on heavy datanode： df3fee13-edb1-4245-be34-bb4c7d942b62 Heaviness: 6 limit: 5
2019-09-25 07:34:01,924 [RatisPipelineUtilsThread] INFO  pipeline.PipelinePlacementPolicy (PipelinePlacementPolicy.java:meetCriteria(91)) - Pipeline Placement: can't place more pipeline on heavy datanode： 9659e150-6db8-46c9-9754-45a2163a8a7f Heaviness: 6 limit: 5
2019-09-25 07:34:01,924 [RatisPipelineUtilsThread] INFO  pipeline.PipelinePlacementPolicy (PipelinePlacementPolicy.java:meetCriteria(91)) - Pipeline Placement: can't place more pipeline on heavy datanode： 8005d4cb-4fe5-4e19-8530-60982edf3c3e Heaviness: 6 limit: 5
2019-09-25 07:34:01,924 [RatisPipelineUtilsThread] INFO  pipeline.PipelinePlacementPolicy (PipelinePlacementPolicy.java:meetCriteria(91)) - Pipeline Placement: can't place more pipeline on heavy datanode： bdcda101-49b0-4c87-b510-4eac276b6602 Heaviness: 6 limit: 5
2019-09-25 07:34:01,934 [grpc-default-executor-1] INFO  impl.RaftServerProxy (RaftServerProxy.java:addNew(89)) - 0441a7da-a434-40f3-b826-f1d73a75434f: addNew group-896AC68674BA:[0441a7da-a434-40f3-b826-f1d73a75434f:192.168.151.106:42590] returns group-896AC68674BA:java.util.concurrent.CompletableFuture@464785ae[Not completed]
2019-09-25 07:34:01,936 [pool-57-thread-1] INFO  impl.RaftServerImpl (RaftServerImpl.java:<init>(95)) - 0441a7da-a434-40f3-b826-f1d73a75434f: new RaftServerImpl for group-896AC68674BA:[0441a7da-a434-40f3-b826-f1d73a75434f:192.168.151.106:42590] with ContainerStateMachine:uninitialized
2019-09-25 07:34:01,936 [pool-57-thread-1] INFO  server.RaftServerConfigKeys (ConfUtils.java:logGet(43)) - raft.server.rpc.timeout.min = 5s (custom)
2019-09-25 07:34:01,936 [pool-57-thread-1] INFO  server.RaftServerConfigKeys (ConfUtils.java:logGet(43)) - raft.server.rpc.timeout.max = 5200ms (custom)
2019-09-25 07:34:01,936 [pool-57-thread-1] INFO  server.RaftServerConfigKeys (ConfUtils.java:logGet(43)) - raft.server.rpcslowness.timeout = 120s (custom)
2019-09-25 07:34:01,936 [pool-57-thread-1] INFO  server.RaftServerConfigKeys (ConfUtils.java:logGet(43)) - raft.server.sleep.deviation.threshold = 300 (default)
2019-09-25 07:34:01,936 [pool-57-thread-1] INFO  server.RaftServerConfigKeys (ConfUtils.java:logGet(43)) - raft.server.log.appender.install.snapshot.enabled = false (custom)
2019-09-25 07:34:01,936 [pool-57-thread-1] INFO  impl.RaftServerImpl (ServerState.java:<init>(103)) - 0441a7da-a434-40f3-b826-f1d73a75434f@group-896AC68674BA: ConfigurationManager, init=-1: [0441a7da-a434-40f3-b826-f1d73a75434f:192.168.151.106:42590], old=null, confs=<EMPTY_MAP>
2019-09-25 07:34:01,937 [pool-57-thread-1] INFO  server.RaftServerConfigKeys (ConfUtils.java:logGet(43)) - raft.server.storage.dir = [/workdir/hadoop-ozone/tools/target/test-dir/MiniOzoneClusterImpl-55ba2c16-82ef-4526-82fa-9313f8d95d3f/datanode-3/data/ratis] (custom)
2019-09-25 07:34:01,937 [pool-57-thread-1] INFO  storage.RaftStorageDirectory (RaftStorageDirectory.java:analyzeStorage(246)) - The storage directory /workdir/hadoop-ozone/tools/target/test-dir/MiniOzoneClusterImpl-55ba2c16-82ef-4526-82fa-9313f8d95d3f/datanode-3/data/ratis/e1ce7ba7-1007-436f-9639-896ac68674ba does not exist. Creating ...
2019-09-25 07:34:01,950 [pool-57-thread-1] INFO  storage.RaftStorageDirectory (RaftStorageDirectory.java:tryLock(328)) - Lock on /workdir/hadoop-ozone/tools/target/test-dir/MiniOzoneClusterImpl-55ba2c16-82ef-4526-82fa-9313f8d95d3f/datanode-3/data/ratis/e1ce7ba7-1007-436f-9639-896ac68674ba/in_use.lock acquired by nodename 26202@pr-hdds-1569-x2sr2-3486766547
2019-09-25 07:34:01,966 [pool-57-thread-1] INFO  storage.RaftStorage (RaftStorage.java:format(72)) - Storage directory /workdir/hadoop-ozone/tools/target/test-dir/MiniOzoneClusterImpl-55ba2c16-82ef-4526-82fa-9313f8d95d3f/datanode-3/data/ratis/e1ce7ba7-1007-436f-9639-896ac68674ba has been successfully formatted.
2019-09-25 07:34:01,966 [pool-57-thread-1] INFO  ratis.ContainerStateMachine (ContainerStateMachine.java:loadSnapshot(230)) - group-896AC68674BA: The snapshot info is null. Setting the last applied indexto:(t:0, i:~)
2019-09-25 07:34:01,967 [pool-57-thread-1] INFO  server.RaftServerConfigKeys (ConfUtils.java:logGet(43)) - raft.server.notification.no-leader.timeout = 120s (custom)
2019-09-25 07:34:01,967 [pool-57-thread-1] INFO  server.RaftServerConfigKeys (ConfUtils.java:logGet(43)) - raft.server.log.use.memory = false (default)
2019-09-25 07:34:01,967 [pool-57-thread-1] INFO  server.RaftServerConfigKeys (ConfUtils.java:logGet(43)) - raft.server.log.purge.gap = 1000000 (custom)
2019-09-25 07:34:01,967 [pool-57-thread-1] INFO  server.RaftServerConfigKeys (ConfUtils.java:logGet(43)) - raft.server.log.appender.buffer.byte-limit = 33554432 (custom)
2019-09-25 07:34:01,967 [pool-57-thread-1] INFO  server.RaftServerConfigKeys (ConfUtils.java:logGet(43)) - raft.server.log.segment.size.max = 1048576 (custom)
2019-09-25 07:34:01,967 [pool-57-thread-1] INFO  server.RaftServerConfigKeys (ConfUtils.java:logGet(43)) - raft.server.log.segment.cache.num.max = 2 (custom)
2019-09-25 07:34:01,968 [pool-57-thread-1] INFO  segmented.SegmentedRaftLogWorker (SegmentedRaftLogWorker.java:<init>(172)) - new 0441a7da-a434-40f3-b826-f1d73a75434f@group-896AC68674BA-SegmentedRaftLogWorker for RaftStorage:Storage Directory /workdir/hadoop-ozone/tools/target/test-dir/MiniOzoneClusterImpl-55ba2c16-82ef-4526-82fa-9313f8d95d3f/datanode-3/data/ratis/e1ce7ba7-1007-436f-9639-896ac68674ba
2019-09-25 07:34:01,968 [pool-57-thread-1] INFO  server.RaftServerConfigKeys (ConfUtils.java:logGet(43)) - raft.server.log.queue.byte-limit = 2147483647 (custom)
2019-09-25 07:34:01,968 [pool-57-thread-1] INFO  server.RaftServerConfigKeys (ConfUtils.java:logGet(43)) - raft.server.log.queue.element-limit = 1024 (custom)
2019-09-25 07:34:01,968 [pool-57-thread-1] INFO  server.RaftServerConfigKeys (ConfUtils.java:logGet(43)) - raft.server.log.segment.size.max = 1048576 (custom)
2019-09-25 07:34:01,968 [pool-57-thread-1] INFO  server.RaftServerConfigKeys (ConfUtils.java:logGet(43)) - raft.server.log.preallocated.size = 16384 (custom)
2019-09-25 07:34:01,968 [pool-57-thread-1] INFO  server.RaftServerConfigKeys (ConfUtils.java:logGet(43)) - raft.server.log.write.buffer.size = 33554432 (custom)
2019-09-25 07:34:01,969 [pool-57-thread-1] INFO  server.RaftServerConfigKeys (ConfUtils.java:logGet(43)) - raft.server.log.force.sync.num = 128 (default)
2019-09-25 07:34:01,969 [pool-57-thread-1] INFO  server.RaftServerConfigKeys (ConfUtils.java:logGet(43)) - raft.server.log.statemachine.data.sync = true (default)
2019-09-25 07:34:01,969 [pool-57-thread-1] INFO  server.RaftServerConfigKeys (ConfUtils.java:logGet(43)) - raft.server.log.statemachine.data.sync.timeout = 10s (default)
2019-09-25 07:34:01,969 [pool-57-thread-1] INFO  server.RaftServerConfigKeys (ConfUtils.java:logGet(43)) - raft.server.log.statemachine.data.sync.timeout.retry = -1 (default)
2019-09-25 07:34:01,969 [pool-57-thread-1] INFO  server.RaftServerConfigKeys (ConfUtils.java:logGet(43)) - raft.server.log.statemachine.data.caching.enabled = true (custom)
2019-09-25 07:34:01,970 [pool-57-thread-1] INFO  segmented.SegmentedRaftLogWorker (SegmentedRaftLogWorker.java:lambda$new$0(132)) - 0441a7da-a434-40f3-b826-f1d73a75434f@group-896AC68674BA-SegmentedRaftLogWorker: flushIndex: setUnconditionally 0 -> -1
2019-09-25 07:34:01,970 [pool-57-thread-1] INFO  server.RaftServerConfigKeys (ConfUtils.java:logGet(43)) - raft.server.snapshot.auto.trigger.enabled = true (custom)
2019-09-25 07:34:01,970 [pool-57-thread-1] INFO  server.RaftServerConfigKeys (ConfUtils.java:logGet(43)) - raft.server.snapshot.auto.trigger.threshold = 10000 (custom)
2019-09-25 07:34:01,970 [pool-57-thread-1] INFO  server.RaftServerConfigKeys (ConfUtils.java:logGet(43)) - raft.server.snapshot.retention.num.files = 5 (custom)
2019-09-25 07:34:01,970 [pool-57-thread-1] INFO  server.RaftServerConfigKeys (ConfUtils.java:logGet(43)) - raft.server.retrycache.expirytime = 600000ms (custom)
2019-09-25 07:34:01,973 [pool-57-thread-1] INFO  impl.RaftServerImpl (RaftServerImpl.java:start(185)) - 0441a7da-a434-40f3-b826-f1d73a75434f@group-896AC68674BA: start as a follower, conf=-1: [0441a7da-a434-40f3-b826-f1d73a75434f:192.168.151.106:42590], old=null
2019-09-25 07:34:01,973 [pool-57-thread-1] INFO  impl.RaftServerImpl (RaftServerImpl.java:setRole(174)) - 0441a7da-a434-40f3-b826-f1d73a75434f@group-896AC68674BA: changes role from      null to FOLLOWER at term 0 for startAsFollower
2019-09-25 07:34:01,973 [pool-57-thread-1] INFO  impl.RoleInfo (RoleInfo.java:updateAndGet(143)) - 0441a7da-a434-40f3-b826-f1d73a75434f: start FollowerState
2019-09-25 07:34:01,974 [pool-57-thread-1] INFO  util.JmxRegister (JmxRegister.java:tryRegister(44)) - Successfully registered JMX Bean with object name Ratis:service=RaftServer,group=group-896AC68674BA,id=0441a7da-a434-40f3-b826-f1d73a75434f
2019-09-25 07:34:01,979 [RatisPipelineUtilsThread] INFO  pipeline.PipelineStateManager (PipelineStateManager.java:addPipeline(56)) - Created pipeline Pipeline[ Id: e1ce7ba7-1007-436f-9639-896ac68674ba, Nodes: 0441a7da-a434-40f3-b826-f1d73a75434f{ip: 192.168.151.106, host: pr-hdds-1569-x2sr2-3486766547, networkLocation: /default-rack, certSerialId: null}, Type:RATIS, Factor:ONE, State:OPEN]
2019-09-25 07:34:01,979 [RatisPipelineUtilsThread] INFO  pipeline.PipelinePlacementPolicy (PipelinePlacementPolicy.java:meetCriteria(91)) - Pipeline Placement: can't place more pipeline on heavy datanode： df3fee13-edb1-4245-be34-bb4c7d942b62 Heaviness: 6 limit: 5
2019-09-25 07:34:01,980 [RatisPipelineUtilsThread] INFO  pipeline.PipelinePlacementPolicy (PipelinePlacementPolicy.java:meetCriteria(91)) - Pipeline Placement: can't place more pipeline on heavy datanode： 9659e150-6db8-46c9-9754-45a2163a8a7f Heaviness: 6 limit: 5
2019-09-25 07:34:01,980 [RatisPipelineUtilsThread] INFO  pipeline.PipelinePlacementPolicy (PipelinePlacementPolicy.java:meetCriteria(91)) - Pipeline Placement: can't place more pipeline on heavy datanode： 8005d4cb-4fe5-4e19-8530-60982edf3c3e Heaviness: 6 limit: 5
2019-09-25 07:34:01,980 [RatisPipelineUtilsThread] INFO  pipeline.PipelinePlacementPolicy (PipelinePlacementPolicy.java:meetCriteria(91)) - Pipeline Placement: can't place more pipeline on heavy datanode： bdcda101-49b0-4c87-b510-4eac276b6602 Heaviness: 6 limit: 5
2019-09-25 07:34:01,990 [grpc-default-executor-1] INFO  impl.RaftServerProxy (RaftServerProxy.java:addNew(89)) - 0441a7da-a434-40f3-b826-f1d73a75434f: addNew group-BF2FCFAE02F2:[0441a7da-a434-40f3-b826-f1d73a75434f:192.168.151.106:42590] returns group-BF2FCFAE02F2:java.util.concurrent.CompletableFuture@2fd370c0[Not completed]
2019-09-25 07:34:01,991 [pool-57-thread-1] INFO  impl.RaftServerImpl (RaftServerImpl.java:<init>(95)) - 0441a7da-a434-40f3-b826-f1d73a75434f: new RaftServerImpl for group-BF2FCFAE02F2:[0441a7da-a434-40f3-b826-f1d73a75434f:192.168.151.106:42590] with ContainerStateMachine:uninitialized
2019-09-25 07:34:01,992 [pool-57-thread-1] INFO  server.RaftServerConfigKeys (ConfUtils.java:logGet(43)) - raft.server.rpc.timeout.min = 5s (custom)
2019-09-25 07:34:01,992 [pool-57-thread-1] INFO  server.RaftServerConfigKeys (ConfUtils.java:logGet(43)) - raft.server.rpc.timeout.max = 5200ms (custom)
2019-09-25 07:34:01,992 [pool-57-thread-1] INFO  server.RaftServerConfigKeys (ConfUtils.java:logGet(43)) - raft.server.rpcslowness.timeout = 120s (custom)
2019-09-25 07:34:01,992 [pool-57-thread-1] INFO  server.RaftServerConfigKeys (ConfUtils.java:logGet(43)) - raft.server.sleep.deviation.threshold = 300 (default)
2019-09-25 07:34:01,992 [pool-57-thread-1] INFO  server.RaftServerConfigKeys (ConfUtils.java:logGet(43)) - raft.server.log.appender.install.snapshot.enabled = false (custom)
2019-09-25 07:34:01,992 [pool-57-thread-1] INFO  impl.RaftServerImpl (ServerState.java:<init>(103)) - 0441a7da-a434-40f3-b826-f1d73a75434f@group-BF2FCFAE02F2: ConfigurationManager, init=-1: [0441a7da-a434-40f3-b826-f1d73a75434f:192.168.151.106:42590], old=null, confs=<EMPTY_MAP>
2019-09-25 07:34:01,993 [pool-57-thread-1] INFO  server.RaftServerConfigKeys (ConfUtils.java:logGet(43)) - raft.server.storage.dir = [/workdir/hadoop-ozone/tools/target/test-dir/MiniOzoneClusterImpl-55ba2c16-82ef-4526-82fa-9313f8d95d3f/datanode-3/data/ratis] (custom)
2019-09-25 07:34:01,993 [pool-57-thread-1] INFO  storage.RaftStorageDirectory (RaftStorageDirectory.java:analyzeStorage(246)) - The storage directory /workdir/hadoop-ozone/tools/target/test-dir/MiniOzoneClusterImpl-55ba2c16-82ef-4526-82fa-9313f8d95d3f/datanode-3/data/ratis/0f7f495e-51d0-4a97-87e7-bf2fcfae02f2 does not exist. Creating ...
2019-09-25 07:34:02,014 [pool-57-thread-1] INFO  storage.RaftStorageDirectory (RaftStorageDirectory.java:tryLock(328)) - Lock on /workdir/hadoop-ozone/tools/target/test-dir/MiniOzoneClusterImpl-55ba2c16-82ef-4526-82fa-9313f8d95d3f/datanode-3/data/ratis/0f7f495e-51d0-4a97-87e7-bf2fcfae02f2/in_use.lock acquired by nodename 26202@pr-hdds-1569-x2sr2-3486766547
2019-09-25 07:34:02,044 [pool-57-thread-1] INFO  storage.RaftStorage (RaftStorage.java:format(72)) - Storage directory /workdir/hadoop-ozone/tools/target/test-dir/MiniOzoneClusterImpl-55ba2c16-82ef-4526-82fa-9313f8d95d3f/datanode-3/data/ratis/0f7f495e-51d0-4a97-87e7-bf2fcfae02f2 has been successfully formatted.
2019-09-25 07:34:02,045 [pool-57-thread-1] INFO  ratis.ContainerStateMachine (ContainerStateMachine.java:loadSnapshot(230)) - group-BF2FCFAE02F2: The snapshot info is null. Setting the last applied indexto:(t:0, i:~)
2019-09-25 07:34:02,045 [pool-57-thread-1] INFO  server.RaftServerConfigKeys (ConfUtils.java:logGet(43)) - raft.server.notification.no-leader.timeout = 120s (custom)
2019-09-25 07:34:02,045 [pool-57-thread-1] INFO  server.RaftServerConfigKeys (ConfUtils.java:logGet(43)) - raft.server.log.use.memory = false (default)
2019-09-25 07:34:02,045 [pool-57-thread-1] INFO  server.RaftServerConfigKeys (ConfUtils.java:logGet(43)) - raft.server.log.purge.gap = 1000000 (custom)
2019-09-25 07:34:02,045 [pool-57-thread-1] INFO  server.RaftServerConfigKeys (ConfUtils.java:logGet(43)) - raft.server.log.appender.buffer.byte-limit = 33554432 (custom)
2019-09-25 07:34:02,045 [pool-57-thread-1] INFO  server.RaftServerConfigKeys (ConfUtils.java:logGet(43)) - raft.server.log.segment.size.max = 1048576 (custom)
2019-09-25 07:34:02,046 [pool-57-thread-1] INFO  server.RaftServerConfigKeys (ConfUtils.java:logGet(43)) - raft.server.log.segment.cache.num.max = 2 (custom)
2019-09-25 07:34:02,046 [pool-57-thread-1] INFO  segmented.SegmentedRaftLogWorker (SegmentedRaftLogWorker.java:<init>(172)) - new 0441a7da-a434-40f3-b826-f1d73a75434f@group-BF2FCFAE02F2-SegmentedRaftLogWorker for RaftStorage:Storage Directory /workdir/hadoop-ozone/tools/target/test-dir/MiniOzoneClusterImpl-55ba2c16-82ef-4526-82fa-9313f8d95d3f/datanode-3/data/ratis/0f7f495e-51d0-4a97-87e7-bf2fcfae02f2
2019-09-25 07:34:02,046 [pool-57-thread-1] INFO  server.RaftServerConfigKeys (ConfUtils.java:logGet(43)) - raft.server.log.queue.byte-limit = 2147483647 (custom)
2019-09-25 07:34:02,046 [pool-57-thread-1] INFO  server.RaftServerConfigKeys (ConfUtils.java:logGet(43)) - raft.server.log.queue.element-limit = 1024 (custom)
2019-09-25 07:34:02,046 [pool-57-thread-1] INFO  server.RaftServerConfigKeys (ConfUtils.java:logGet(43)) - raft.server.log.segment.size.max = 1048576 (custom)
2019-09-25 07:34:02,046 [pool-57-thread-1] INFO  server.RaftServerConfigKeys (ConfUtils.java:logGet(43)) - raft.server.log.preallocated.size = 16384 (custom)
2019-09-25 07:34:02,047 [pool-57-thread-1] INFO  server.RaftServerConfigKeys (ConfUtils.java:logGet(43)) - raft.server.log.write.buffer.size = 33554432 (custom)
2019-09-25 07:34:02,047 [pool-57-thread-1] INFO  server.RaftServerConfigKeys (ConfUtils.java:logGet(43)) - raft.server.log.force.sync.num = 128 (default)
2019-09-25 07:34:02,047 [pool-57-thread-1] INFO  server.RaftServerConfigKeys (ConfUtils.java:logGet(43)) - raft.server.log.statemachine.data.sync = true (default)
2019-09-25 07:34:02,047 [pool-57-thread-1] INFO  server.RaftServerConfigKeys (ConfUtils.java:logGet(43)) - raft.server.log.statemachine.data.sync.timeout = 10s (default)
2019-09-25 07:34:02,047 [pool-57-thread-1] INFO  server.RaftServerConfigKeys (ConfUtils.java:logGet(43)) - raft.server.log.statemachine.data.sync.timeout.retry = -1 (default)
2019-09-25 07:34:02,047 [pool-57-thread-1] INFO  server.RaftServerConfigKeys (ConfUtils.java:logGet(43)) - raft.server.log.statemachine.data.caching.enabled = true (custom)
2019-09-25 07:34:02,048 [pool-57-thread-1] INFO  segmented.SegmentedRaftLogWorker (SegmentedRaftLogWorker.java:lambda$new$0(132)) - 0441a7da-a434-40f3-b826-f1d73a75434f@group-BF2FCFAE02F2-SegmentedRaftLogWorker: flushIndex: setUnconditionally 0 -> -1
2019-09-25 07:34:02,048 [pool-57-thread-1] INFO  server.RaftServerConfigKeys (ConfUtils.java:logGet(43)) - raft.server.snapshot.auto.trigger.enabled = true (custom)
2019-09-25 07:34:02,048 [pool-57-thread-1] INFO  server.RaftServerConfigKeys (ConfUtils.java:logGet(43)) - raft.server.snapshot.auto.trigger.threshold = 10000 (custom)
2019-09-25 07:34:02,048 [pool-57-thread-1] INFO  server.RaftServerConfigKeys (ConfUtils.java:logGet(43)) - raft.server.snapshot.retention.num.files = 5 (custom)
2019-09-25 07:34:02,049 [pool-57-thread-1] INFO  server.RaftServerConfigKeys (ConfUtils.java:logGet(43)) - raft.server.retrycache.expirytime = 600000ms (custom)
2019-09-25 07:34:02,051 [pool-57-thread-1] INFO  impl.RaftServerImpl (RaftServerImpl.java:start(185)) - 0441a7da-a434-40f3-b826-f1d73a75434f@group-BF2FCFAE02F2: start as a follower, conf=-1: [0441a7da-a434-40f3-b826-f1d73a75434f:192.168.151.106:42590], old=null
2019-09-25 07:34:02,051 [pool-57-thread-1] INFO  impl.RaftServerImpl (RaftServerImpl.java:setRole(174)) - 0441a7da-a434-40f3-b826-f1d73a75434f@group-BF2FCFAE02F2: changes role from      null to FOLLOWER at term 0 for startAsFollower
2019-09-25 07:34:02,052 [pool-57-thread-1] INFO  impl.RoleInfo (RoleInfo.java:updateAndGet(143)) - 0441a7da-a434-40f3-b826-f1d73a75434f: start FollowerState
2019-09-25 07:34:02,052 [pool-57-thread-1] INFO  util.JmxRegister (JmxRegister.java:tryRegister(44)) - Successfully registered JMX Bean with object name Ratis:service=RaftServer,group=group-BF2FCFAE02F2,id=0441a7da-a434-40f3-b826-f1d73a75434f
2019-09-25 07:34:02,057 [RatisPipelineUtilsThread] INFO  pipeline.PipelineStateManager (PipelineStateManager.java:addPipeline(56)) - Created pipeline Pipeline[ Id: 0f7f495e-51d0-4a97-87e7-bf2fcfae02f2, Nodes: 0441a7da-a434-40f3-b826-f1d73a75434f{ip: 192.168.151.106, host: pr-hdds-1569-x2sr2-3486766547, networkLocation: /default-rack, certSerialId: null}, Type:RATIS, Factor:ONE, State:OPEN]
2019-09-25 07:34:02,057 [RatisPipelineUtilsThread] INFO  pipeline.PipelinePlacementPolicy (PipelinePlacementPolicy.java:meetCriteria(91)) - Pipeline Placement: can't place more pipeline on heavy datanode： df3fee13-edb1-4245-be34-bb4c7d942b62 Heaviness: 6 limit: 5
2019-09-25 07:34:02,057 [RatisPipelineUtilsThread] INFO  pipeline.PipelinePlacementPolicy (PipelinePlacementPolicy.java:meetCriteria(91)) - Pipeline Placement: can't place more pipeline on heavy datanode： 0441a7da-a434-40f3-b826-f1d73a75434f Heaviness: 6 limit: 5
2019-09-25 07:34:02,058 [RatisPipelineUtilsThread] INFO  pipeline.PipelinePlacementPolicy (PipelinePlacementPolicy.java:meetCriteria(91)) - Pipeline Placement: can't place more pipeline on heavy datanode： 9659e150-6db8-46c9-9754-45a2163a8a7f Heaviness: 6 limit: 5
2019-09-25 07:34:02,058 [RatisPipelineUtilsThread] INFO  pipeline.PipelinePlacementPolicy (PipelinePlacementPolicy.java:meetCriteria(91)) - Pipeline Placement: can't place more pipeline on heavy datanode： 8005d4cb-4fe5-4e19-8530-60982edf3c3e Heaviness: 6 limit: 5
2019-09-25 07:34:02,058 [RatisPipelineUtilsThread] INFO  pipeline.PipelinePlacementPolicy (PipelinePlacementPolicy.java:meetCriteria(91)) - Pipeline Placement: can't place more pipeline on heavy datanode： bdcda101-49b0-4c87-b510-4eac276b6602 Heaviness: 6 limit: 5
2019-09-25 07:34:02,058 [RatisPipelineUtilsThread] ERROR pipeline.PipelinePlacementPolicy (PipelinePlacementPolicy.java:filterViableNodes(148)) - Unable to find enough nodes that meet the criteria that cannot engage in more than 5 pipelines. Nodes required: 1 Found: 0, healthy nodes count inNodeManager: 5.
2019-09-25 07:34:02,061 [RatisPipelineUtilsThread] ERROR pipeline.SCMPipelineManager (SCMPipelineManager.java:createPipeline(167)) - Pipeline creation failed.
org.apache.hadoop.hdds.scm.exceptions.SCMException: Unable to find enough nodes that meet the criteria that cannot engage in more than 5 pipelines. Nodes required: 1 Found: 0, healthy nodes count inNodeManager: 5.
	at org.apache.hadoop.hdds.scm.pipeline.PipelinePlacementPolicy.filterViableNodes(PipelinePlacementPolicy.java:149)
	at org.apache.hadoop.hdds.scm.pipeline.PipelinePlacementPolicy.chooseDatanodes(PipelinePlacementPolicy.java:172)
	at org.apache.hadoop.hdds.scm.pipeline.RatisPipelineProvider.create(RatisPipelineProvider.java:93)
	at org.apache.hadoop.hdds.scm.pipeline.PipelineFactory.create(PipelineFactory.java:58)
	at org.apache.hadoop.hdds.scm.pipeline.SCMPipelineManager.createPipeline(SCMPipelineManager.java:155)
	at org.apache.hadoop.hdds.scm.pipeline.BackgroundPipelineCreator.createPipelines(BackgroundPipelineCreator.java:99)
	at java.util.concurrent.Executors$RunnableAdapter.call(Executors.java:511)
	at java.util.concurrent.FutureTask.run(FutureTask.java:266)
	at java.util.concurrent.ScheduledThreadPoolExecutor$ScheduledFutureTask.access$201(ScheduledThreadPoolExecutor.java:180)
	at java.util.concurrent.ScheduledThreadPoolExecutor$ScheduledFutureTask.run(ScheduledThreadPoolExecutor.java:293)
	at java.util.concurrent.ThreadPoolExecutor.runWorker(ThreadPoolExecutor.java:1149)
	at java.util.concurrent.ThreadPoolExecutor$Worker.run(ThreadPoolExecutor.java:624)
	at java.lang.Thread.run(Thread.java:748)
2019-09-25 07:34:02,064 [RatisPipelineUtilsThread] INFO  pipeline.PipelinePlacementPolicy (PipelinePlacementPolicy.java:meetCriteria(91)) - Pipeline Placement: can't place more pipeline on heavy datanode： df3fee13-edb1-4245-be34-bb4c7d942b62 Heaviness: 6 limit: 5
2019-09-25 07:34:02,064 [RatisPipelineUtilsThread] INFO  pipeline.PipelinePlacementPolicy (PipelinePlacementPolicy.java:meetCriteria(91)) - Pipeline Placement: can't place more pipeline on heavy datanode： 0441a7da-a434-40f3-b826-f1d73a75434f Heaviness: 6 limit: 5
2019-09-25 07:34:02,064 [RatisPipelineUtilsThread] INFO  pipeline.PipelinePlacementPolicy (PipelinePlacementPolicy.java:meetCriteria(91)) - Pipeline Placement: can't place more pipeline on heavy datanode： 9659e150-6db8-46c9-9754-45a2163a8a7f Heaviness: 6 limit: 5
2019-09-25 07:34:02,064 [RatisPipelineUtilsThread] INFO  pipeline.PipelinePlacementPolicy (PipelinePlacementPolicy.java:meetCriteria(91)) - Pipeline Placement: can't place more pipeline on heavy datanode： 8005d4cb-4fe5-4e19-8530-60982edf3c3e Heaviness: 6 limit: 5
2019-09-25 07:34:02,064 [RatisPipelineUtilsThread] INFO  pipeline.PipelinePlacementPolicy (PipelinePlacementPolicy.java:meetCriteria(91)) - Pipeline Placement: can't place more pipeline on heavy datanode： bdcda101-49b0-4c87-b510-4eac276b6602 Heaviness: 6 limit: 5
2019-09-25 07:34:02,065 [RatisPipelineUtilsThread] ERROR pipeline.PipelinePlacementPolicy (PipelinePlacementPolicy.java:filterViableNodes(148)) - Unable to find enough nodes that meet the criteria that cannot engage in more than 5 pipelines. Nodes required: 3 Found: 0, healthy nodes count inNodeManager: 5.
2019-09-25 07:34:02,065 [RatisPipelineUtilsThread] ERROR pipeline.SCMPipelineManager (SCMPipelineManager.java:createPipeline(167)) - Pipeline creation failed.
org.apache.hadoop.hdds.scm.exceptions.SCMException: Unable to find enough nodes that meet the criteria that cannot engage in more than 5 pipelines. Nodes required: 3 Found: 0, healthy nodes count inNodeManager: 5.
	at org.apache.hadoop.hdds.scm.pipeline.PipelinePlacementPolicy.filterViableNodes(PipelinePlacementPolicy.java:149)
	at org.apache.hadoop.hdds.scm.pipeline.PipelinePlacementPolicy.chooseDatanodes(PipelinePlacementPolicy.java:172)
	at org.apache.hadoop.hdds.scm.pipeline.RatisPipelineProvider.create(RatisPipelineProvider.java:93)
	at org.apache.hadoop.hdds.scm.pipeline.PipelineFactory.create(PipelineFactory.java:58)
	at org.apache.hadoop.hdds.scm.pipeline.SCMPipelineManager.createPipeline(SCMPipelineManager.java:155)
	at org.apache.hadoop.hdds.scm.pipeline.BackgroundPipelineCreator.createPipelines(BackgroundPipelineCreator.java:99)
	at java.util.concurrent.Executors$RunnableAdapter.call(Executors.java:511)
	at java.util.concurrent.FutureTask.run(FutureTask.java:266)
	at java.util.concurrent.ScheduledThreadPoolExecutor$ScheduledFutureTask.access$201(ScheduledThreadPoolExecutor.java:180)
	at java.util.concurrent.ScheduledThreadPoolExecutor$ScheduledFutureTask.run(ScheduledThreadPoolExecutor.java:293)
	at java.util.concurrent.ThreadPoolExecutor.runWorker(ThreadPoolExecutor.java:1149)
	at java.util.concurrent.ThreadPoolExecutor$Worker.run(ThreadPoolExecutor.java:624)
	at java.lang.Thread.run(Thread.java:748)
2019-09-25 07:34:02,067 [RatisPipelineUtilsThread] INFO  pipeline.PipelinePlacementPolicy (PipelinePlacementPolicy.java:meetCriteria(91)) - Pipeline Placement: can't place more pipeline on heavy datanode： df3fee13-edb1-4245-be34-bb4c7d942b62 Heaviness: 6 limit: 5
2019-09-25 07:34:02,067 [RatisPipelineUtilsThread] INFO  pipeline.PipelinePlacementPolicy (PipelinePlacementPolicy.java:meetCriteria(91)) - Pipeline Placement: can't place more pipeline on heavy datanode： 0441a7da-a434-40f3-b826-f1d73a75434f Heaviness: 6 limit: 5
2019-09-25 07:34:02,068 [RatisPipelineUtilsThread] INFO  pipeline.PipelinePlacementPolicy (PipelinePlacementPolicy.java:meetCriteria(91)) - Pipeline Placement: can't place more pipeline on heavy datanode： 9659e150-6db8-46c9-9754-45a2163a8a7f Heaviness: 6 limit: 5
2019-09-25 07:34:02,068 [RatisPipelineUtilsThread] INFO  pipeline.PipelinePlacementPolicy (PipelinePlacementPolicy.java:meetCriteria(91)) - Pipeline Placement: can't place more pipeline on heavy datanode： 8005d4cb-4fe5-4e19-8530-60982edf3c3e Heaviness: 6 limit: 5
2019-09-25 07:34:02,068 [RatisPipelineUtilsThread] INFO  pipeline.PipelinePlacementPolicy (PipelinePlacementPolicy.java:meetCriteria(91)) - Pipeline Placement: can't place more pipeline on heavy datanode： bdcda101-49b0-4c87-b510-4eac276b6602 Heaviness: 6 limit: 5
2019-09-25 07:34:02,068 [RatisPipelineUtilsThread] ERROR pipeline.PipelinePlacementPolicy (PipelinePlacementPolicy.java:filterViableNodes(148)) - Unable to find enough nodes that meet the criteria that cannot engage in more than 5 pipelines. Nodes required: 1 Found: 0, healthy nodes count inNodeManager: 5.
2019-09-25 07:34:02,068 [RatisPipelineUtilsThread] ERROR pipeline.SCMPipelineManager (SCMPipelineManager.java:createPipeline(167)) - Pipeline creation failed.
org.apache.hadoop.hdds.scm.exceptions.SCMException: Unable to find enough nodes that meet the criteria that cannot engage in more than 5 pipelines. Nodes required: 1 Found: 0, healthy nodes count inNodeManager: 5.
	at org.apache.hadoop.hdds.scm.pipeline.PipelinePlacementPolicy.filterViableNodes(PipelinePlacementPolicy.java:149)
	at org.apache.hadoop.hdds.scm.pipeline.PipelinePlacementPolicy.chooseDatanodes(PipelinePlacementPolicy.java:172)
	at org.apache.hadoop.hdds.scm.pipeline.RatisPipelineProvider.create(RatisPipelineProvider.java:93)
	at org.apache.hadoop.hdds.scm.pipeline.PipelineFactory.create(PipelineFactory.java:58)
	at org.apache.hadoop.hdds.scm.pipeline.SCMPipelineManager.createPipeline(SCMPipelineManager.java:155)
	at org.apache.hadoop.hdds.scm.pipeline.BackgroundPipelineCreator.createPipelines(BackgroundPipelineCreator.java:99)
	at org.apache.hadoop.hdds.scm.pipeline.BackgroundPipelineCreator.lambda$startFixedIntervalPipelineCreator$0(BackgroundPipelineCreator.java:70)
	at java.util.concurrent.Executors$RunnableAdapter.call(Executors.java:511)
	at java.util.concurrent.FutureTask.runAndReset(FutureTask.java:308)
	at java.util.concurrent.ScheduledThreadPoolExecutor$ScheduledFutureTask.access$301(ScheduledThreadPoolExecutor.java:180)
	at java.util.concurrent.ScheduledThreadPoolExecutor$ScheduledFutureTask.run(ScheduledThreadPoolExecutor.java:294)
	at java.util.concurrent.ThreadPoolExecutor.runWorker(ThreadPoolExecutor.java:1149)
	at java.util.concurrent.ThreadPoolExecutor$Worker.run(ThreadPoolExecutor.java:624)
	at java.lang.Thread.run(Thread.java:748)
2019-09-25 07:34:02,069 [RatisPipelineUtilsThread] INFO  pipeline.PipelinePlacementPolicy (PipelinePlacementPolicy.java:meetCriteria(91)) - Pipeline Placement: can't place more pipeline on heavy datanode： df3fee13-edb1-4245-be34-bb4c7d942b62 Heaviness: 6 limit: 5
2019-09-25 07:34:02,069 [RatisPipelineUtilsThread] INFO  pipeline.PipelinePlacementPolicy (PipelinePlacementPolicy.java:meetCriteria(91)) - Pipeline Placement: can't place more pipeline on heavy datanode： 0441a7da-a434-40f3-b826-f1d73a75434f Heaviness: 6 limit: 5
2019-09-25 07:34:02,069 [RatisPipelineUtilsThread] INFO  pipeline.PipelinePlacementPolicy (PipelinePlacementPolicy.java:meetCriteria(91)) - Pipeline Placement: can't place more pipeline on heavy datanode： 9659e150-6db8-46c9-9754-45a2163a8a7f Heaviness: 6 limit: 5
2019-09-25 07:34:02,070 [RatisPipelineUtilsThread] INFO  pipeline.PipelinePlacementPolicy (PipelinePlacementPolicy.java:meetCriteria(91)) - Pipeline Placement: can't place more pipeline on heavy datanode： 8005d4cb-4fe5-4e19-8530-60982edf3c3e Heaviness: 6 limit: 5
2019-09-25 07:34:02,070 [RatisPipelineUtilsThread] INFO  pipeline.PipelinePlacementPolicy (PipelinePlacementPolicy.java:meetCriteria(91)) - Pipeline Placement: can't place more pipeline on heavy datanode： bdcda101-49b0-4c87-b510-4eac276b6602 Heaviness: 6 limit: 5
2019-09-25 07:34:02,070 [RatisPipelineUtilsThread] ERROR pipeline.PipelinePlacementPolicy (PipelinePlacementPolicy.java:filterViableNodes(148)) - Unable to find enough nodes that meet the criteria that cannot engage in more than 5 pipelines. Nodes required: 3 Found: 0, healthy nodes count inNodeManager: 5.
2019-09-25 07:34:02,070 [RatisPipelineUtilsThread] ERROR pipeline.SCMPipelineManager (SCMPipelineManager.java:createPipeline(167)) - Pipeline creation failed.
org.apache.hadoop.hdds.scm.exceptions.SCMException: Unable to find enough nodes that meet the criteria that cannot engage in more than 5 pipelines. Nodes required: 3 Found: 0, healthy nodes count inNodeManager: 5.
	at org.apache.hadoop.hdds.scm.pipeline.PipelinePlacementPolicy.filterViableNodes(PipelinePlacementPolicy.java:149)
	at org.apache.hadoop.hdds.scm.pipeline.PipelinePlacementPolicy.chooseDatanodes(PipelinePlacementPolicy.java:172)
	at org.apache.hadoop.hdds.scm.pipeline.RatisPipelineProvider.create(RatisPipelineProvider.java:93)
	at org.apache.hadoop.hdds.scm.pipeline.PipelineFactory.create(PipelineFactory.java:58)
	at org.apache.hadoop.hdds.scm.pipeline.SCMPipelineManager.createPipeline(SCMPipelineManager.java:155)
	at org.apache.hadoop.hdds.scm.pipeline.BackgroundPipelineCreator.createPipelines(BackgroundPipelineCreator.java:99)
	at org.apache.hadoop.hdds.scm.pipeline.BackgroundPipelineCreator.lambda$startFixedIntervalPipelineCreator$0(BackgroundPipelineCreator.java:70)
	at java.util.concurrent.Executors$RunnableAdapter.call(Executors.java:511)
	at java.util.concurrent.FutureTask.runAndReset(FutureTask.java:308)
	at java.util.concurrent.ScheduledThreadPoolExecutor$ScheduledFutureTask.access$301(ScheduledThreadPoolExecutor.java:180)
	at java.util.concurrent.ScheduledThreadPoolExecutor$ScheduledFutureTask.run(ScheduledThreadPoolExecutor.java:294)
	at java.util.concurrent.ThreadPoolExecutor.runWorker(ThreadPoolExecutor.java:1149)
	at java.util.concurrent.ThreadPoolExecutor$Worker.run(ThreadPoolExecutor.java:624)
	at java.lang.Thread.run(Thread.java:748)
2019-09-25 07:34:02,071 [IPC Server handler 10 on 37409] INFO  pipeline.PipelinePlacementPolicy (PipelinePlacementPolicy.java:meetCriteria(91)) - Pipeline Placement: can't place more pipeline on heavy datanode： df3fee13-edb1-4245-be34-bb4c7d942b62 Heaviness: 6 limit: 5
2019-09-25 07:34:02,071 [IPC Server handler 10 on 37409] INFO  pipeline.PipelinePlacementPolicy (PipelinePlacementPolicy.java:meetCriteria(91)) - Pipeline Placement: can't place more pipeline on heavy datanode： 0441a7da-a434-40f3-b826-f1d73a75434f Heaviness: 6 limit: 5
2019-09-25 07:34:02,071 [IPC Server handler 10 on 37409] INFO  pipeline.PipelinePlacementPolicy (PipelinePlacementPolicy.java:meetCriteria(91)) - Pipeline Placement: can't place more pipeline on heavy datanode： 9659e150-6db8-46c9-9754-45a2163a8a7f Heaviness: 6 limit: 5
2019-09-25 07:34:02,072 [IPC Server handler 10 on 37409] INFO  pipeline.PipelinePlacementPolicy (PipelinePlacementPolicy.java:meetCriteria(91)) - Pipeline Placement: can't place more pipeline on heavy datanode： 8005d4cb-4fe5-4e19-8530-60982edf3c3e Heaviness: 6 limit: 5
2019-09-25 07:34:02,072 [IPC Server handler 10 on 37409] INFO  pipeline.PipelinePlacementPolicy (PipelinePlacementPolicy.java:meetCriteria(91)) - Pipeline Placement: can't place more pipeline on heavy datanode： bdcda101-49b0-4c87-b510-4eac276b6602 Heaviness: 6 limit: 5
2019-09-25 07:34:02,072 [IPC Server handler 10 on 37409] ERROR pipeline.PipelinePlacementPolicy (PipelinePlacementPolicy.java:filterViableNodes(148)) - Unable to find enough nodes that meet the criteria that cannot engage in more than 5 pipelines. Nodes required: 3 Found: 0, healthy nodes count inNodeManager: 5.
2019-09-25 07:34:02,072 [IPC Server handler 10 on 37409] ERROR pipeline.SCMPipelineManager (SCMPipelineManager.java:createPipeline(167)) - Pipeline creation failed.
org.apache.hadoop.hdds.scm.exceptions.SCMException: Unable to find enough nodes that meet the criteria that cannot engage in more than 5 pipelines. Nodes required: 3 Found: 0, healthy nodes count inNodeManager: 5.
	at org.apache.hadoop.hdds.scm.pipeline.PipelinePlacementPolicy.filterViableNodes(PipelinePlacementPolicy.java:149)
	at org.apache.hadoop.hdds.scm.pipeline.PipelinePlacementPolicy.chooseDatanodes(PipelinePlacementPolicy.java:172)
	at org.apache.hadoop.hdds.scm.pipeline.RatisPipelineProvider.create(RatisPipelineProvider.java:93)
	at org.apache.hadoop.hdds.scm.pipeline.PipelineFactory.create(PipelineFactory.java:58)
	at org.apache.hadoop.hdds.scm.pipeline.SCMPipelineManager.createPipeline(SCMPipelineManager.java:155)
	at org.apache.hadoop.hdds.scm.block.BlockManagerImpl.allocateBlock(BlockManagerImpl.java:190)
	at org.apache.hadoop.hdds.scm.server.SCMBlockProtocolServer.allocateBlock(SCMBlockProtocolServer.java:182)
	at org.apache.hadoop.ozone.protocolPB.ScmBlockLocationProtocolServerSideTranslatorPB.allocateScmBlock(ScmBlockLocationProtocolServerSideTranslatorPB.java:183)
	at org.apache.hadoop.ozone.protocolPB.ScmBlockLocationProtocolServerSideTranslatorPB.processMessage(ScmBlockLocationProtocolServerSideTranslatorPB.java:141)
	at org.apache.hadoop.ozone.protocolPB.ScmBlockLocationProtocolServerSideTranslatorPB.send(ScmBlockLocationProtocolServerSideTranslatorPB.java:116)
	at org.apache.hadoop.hdds.protocol.proto.ScmBlockLocationProtocolProtos$ScmBlockLocationProtocolService$2.callBlockingMethod(ScmBlockLocationProtocolProtos.java:13157)
	at org.apache.hadoop.ipc.ProtobufRpcEngine$Server$ProtoBufRpcInvoker.call(ProtobufRpcEngine.java:524)
	at org.apache.hadoop.ipc.RPC$Server.call(RPC.java:1025)
	at org.apache.hadoop.ipc.Server$RpcCall.run(Server.java:876)
	at org.apache.hadoop.ipc.Server$RpcCall.run(Server.java:822)
	at java.security.AccessController.doPrivileged(Native Method)
	at javax.security.auth.Subject.doAs(Subject.java:422)
	at org.apache.hadoop.security.UserGroupInformation.doAs(UserGroupInformation.java:1730)
	at org.apache.hadoop.ipc.Server$Handler.run(Server.java:2682)
2019-09-25 07:34:02,073 [IPC Server handler 10 on 37409] WARN  block.BlockManagerImpl (BlockManagerImpl.java:allocateBlock(192)) - Pipeline creation failed for type:RATIS factor:THREE. Retrying get pipelines call once.
org.apache.hadoop.hdds.scm.exceptions.SCMException: Unable to find enough nodes that meet the criteria that cannot engage in more than 5 pipelines. Nodes required: 3 Found: 0, healthy nodes count inNodeManager: 5.
	at org.apache.hadoop.hdds.scm.pipeline.PipelinePlacementPolicy.filterViableNodes(PipelinePlacementPolicy.java:149)
	at org.apache.hadoop.hdds.scm.pipeline.PipelinePlacementPolicy.chooseDatanodes(PipelinePlacementPolicy.java:172)
	at org.apache.hadoop.hdds.scm.pipeline.RatisPipelineProvider.create(RatisPipelineProvider.java:93)
	at org.apache.hadoop.hdds.scm.pipeline.PipelineFactory.create(PipelineFactory.java:58)
	at org.apache.hadoop.hdds.scm.pipeline.SCMPipelineManager.createPipeline(SCMPipelineManager.java:155)
	at org.apache.hadoop.hdds.scm.block.BlockManagerImpl.allocateBlock(BlockManagerImpl.java:190)
	at org.apache.hadoop.hdds.scm.server.SCMBlockProtocolServer.allocateBlock(SCMBlockProtocolServer.java:182)
	at org.apache.hadoop.ozone.protocolPB.ScmBlockLocationProtocolServerSideTranslatorPB.allocateScmBlock(ScmBlockLocationProtocolServerSideTranslatorPB.java:183)
	at org.apache.hadoop.ozone.protocolPB.ScmBlockLocationProtocolServerSideTranslatorPB.processMessage(ScmBlockLocationProtocolServerSideTranslatorPB.java:141)
	at org.apache.hadoop.ozone.protocolPB.ScmBlockLocationProtocolServerSideTranslatorPB.send(ScmBlockLocationProtocolServerSideTranslatorPB.java:116)
	at org.apache.hadoop.hdds.protocol.proto.ScmBlockLocationProtocolProtos$ScmBlockLocationProtocolService$2.callBlockingMethod(ScmBlockLocationProtocolProtos.java:13157)
	at org.apache.hadoop.ipc.ProtobufRpcEngine$Server$ProtoBufRpcInvoker.call(ProtobufRpcEngine.java:524)
	at org.apache.hadoop.ipc.RPC$Server.call(RPC.java:1025)
	at org.apache.hadoop.ipc.Server$RpcCall.run(Server.java:876)
	at org.apache.hadoop.ipc.Server$RpcCall.run(Server.java:822)
	at java.security.AccessController.doPrivileged(Native Method)
	at javax.security.auth.Subject.doAs(Subject.java:422)
	at org.apache.hadoop.security.UserGroupInformation.doAs(UserGroupInformation.java:1730)
	at org.apache.hadoop.ipc.Server$Handler.run(Server.java:2682)
2019-09-25 07:34:02,073 [IPC Server handler 10 on 37409] INFO  block.BlockManagerImpl (BlockManagerImpl.java:allocateBlock(198)) - Could not find available pipeline of type:RATIS and factor:THREE even after retrying
2019-09-25 07:34:02,073 [IPC Server handler 10 on 37409] ERROR block.BlockManagerImpl (BlockManagerImpl.java:allocateBlock(222)) - Unable to allocate a block for the size: 4194304, type: RATIS, factor: THREE
2019-09-25 07:34:02,074 [IPC Server handler 10 on 37409] INFO  pipeline.PipelinePlacementPolicy (PipelinePlacementPolicy.java:meetCriteria(91)) - Pipeline Placement: can't place more pipeline on heavy datanode： df3fee13-edb1-4245-be34-bb4c7d942b62 Heaviness: 6 limit: 5
2019-09-25 07:34:02,074 [IPC Server handler 10 on 37409] INFO  pipeline.PipelinePlacementPolicy (PipelinePlacementPolicy.java:meetCriteria(91)) - Pipeline Placement: can't place more pipeline on heavy datanode： 0441a7da-a434-40f3-b826-f1d73a75434f Heaviness: 6 limit: 5
2019-09-25 07:34:02,074 [IPC Server handler 10 on 37409] INFO  pipeline.PipelinePlacementPolicy (PipelinePlacementPolicy.java:meetCriteria(91)) - Pipeline Placement: can't place more pipeline on heavy datanode： 9659e150-6db8-46c9-9754-45a2163a8a7f Heaviness: 6 limit: 5
2019-09-25 07:34:02,074 [IPC Server handler 10 on 37409] INFO  pipeline.PipelinePlacementPolicy (PipelinePlacementPolicy.java:meetCriteria(91)) - Pipeline Placement: can't place more pipeline on heavy datanode： 8005d4cb-4fe5-4e19-8530-60982edf3c3e Heaviness: 6 limit: 5
2019-09-25 07:34:02,074 [IPC Server handler 10 on 37409] INFO  pipeline.PipelinePlacementPolicy (PipelinePlacementPolicy.java:meetCriteria(91)) - Pipeline Placement: can't place more pipeline on heavy datanode： bdcda101-49b0-4c87-b510-4eac276b6602 Heaviness: 6 limit: 5
2019-09-25 07:34:02,075 [IPC Server handler 10 on 37409] ERROR pipeline.PipelinePlacementPolicy (PipelinePlacementPolicy.java:filterViableNodes(148)) - Unable to find enough nodes that meet the criteria that cannot engage in more than 5 pipelines. Nodes required: 3 Found: 0, healthy nodes count inNodeManager: 5.
2019-09-25 07:34:02,075 [IPC Server handler 10 on 37409] ERROR pipeline.SCMPipelineManager (SCMPipelineManager.java:createPipeline(167)) - Pipeline creation failed.
org.apache.hadoop.hdds.scm.exceptions.SCMException: Unable to find enough nodes that meet the criteria that cannot engage in more than 5 pipelines. Nodes required: 3 Found: 0, healthy nodes count inNodeManager: 5.
	at org.apache.hadoop.hdds.scm.pipeline.PipelinePlacementPolicy.filterViableNodes(PipelinePlacementPolicy.java:149)
	at org.apache.hadoop.hdds.scm.pipeline.PipelinePlacementPolicy.chooseDatanodes(PipelinePlacementPolicy.java:172)
	at org.apache.hadoop.hdds.scm.pipeline.RatisPipelineProvider.create(RatisPipelineProvider.java:93)
	at org.apache.hadoop.hdds.scm.pipeline.PipelineFactory.create(PipelineFactory.java:58)
	at org.apache.hadoop.hdds.scm.pipeline.SCMPipelineManager.createPipeline(SCMPipelineManager.java:155)
	at org.apache.hadoop.hdds.scm.block.BlockManagerImpl.allocateBlock(BlockManagerImpl.java:190)
	at org.apache.hadoop.hdds.scm.server.SCMBlockProtocolServer.allocateBlock(SCMBlockProtocolServer.java:182)
	at org.apache.hadoop.ozone.protocolPB.ScmBlockLocationProtocolServerSideTranslatorPB.allocateScmBlock(ScmBlockLocationProtocolServerSideTranslatorPB.java:183)
	at org.apache.hadoop.ozone.protocolPB.ScmBlockLocationProtocolServerSideTranslatorPB.processMessage(ScmBlockLocationProtocolServerSideTranslatorPB.java:141)
	at org.apache.hadoop.ozone.protocolPB.ScmBlockLocationProtocolServerSideTranslatorPB.send(ScmBlockLocationProtocolServerSideTranslatorPB.java:116)
	at org.apache.hadoop.hdds.protocol.proto.ScmBlockLocationProtocolProtos$ScmBlockLocationProtocolService$2.callBlockingMethod(ScmBlockLocationProtocolProtos.java:13157)
	at org.apache.hadoop.ipc.ProtobufRpcEngine$Server$ProtoBufRpcInvoker.call(ProtobufRpcEngine.java:524)
	at org.apache.hadoop.ipc.RPC$Server.call(RPC.java:1025)
	at org.apache.hadoop.ipc.Server$RpcCall.run(Server.java:876)
	at org.apache.hadoop.ipc.Server$RpcCall.run(Server.java:822)
	at java.security.AccessController.doPrivileged(Native Method)
	at javax.security.auth.Subject.doAs(Subject.java:422)
	at org.apache.hadoop.security.UserGroupInformation.doAs(UserGroupInformation.java:1730)
	at org.apache.hadoop.ipc.Server$Handler.run(Server.java:2682)
2019-09-25 07:34:02,075 [IPC Server handler 10 on 37409] WARN  block.BlockManagerImpl (BlockManagerImpl.java:allocateBlock(192)) - Pipeline creation failed for type:RATIS factor:THREE. Retrying get pipelines call once.
org.apache.hadoop.hdds.scm.exceptions.SCMException: Unable to find enough nodes that meet the criteria that cannot engage in more than 5 pipelines. Nodes required: 3 Found: 0, healthy nodes count inNodeManager: 5.
	at org.apache.hadoop.hdds.scm.pipeline.PipelinePlacementPolicy.filterViableNodes(PipelinePlacementPolicy.java:149)
	at org.apache.hadoop.hdds.scm.pipeline.PipelinePlacementPolicy.chooseDatanodes(PipelinePlacementPolicy.java:172)
	at org.apache.hadoop.hdds.scm.pipeline.RatisPipelineProvider.create(RatisPipelineProvider.java:93)
	at org.apache.hadoop.hdds.scm.pipeline.PipelineFactory.create(PipelineFactory.java:58)
	at org.apache.hadoop.hdds.scm.pipeline.SCMPipelineManager.createPipeline(SCMPipelineManager.java:155)
	at org.apache.hadoop.hdds.scm.block.BlockManagerImpl.allocateBlock(BlockManagerImpl.java:190)
	at org.apache.hadoop.hdds.scm.server.SCMBlockProtocolServer.allocateBlock(SCMBlockProtocolServer.java:182)
	at org.apache.hadoop.ozone.protocolPB.ScmBlockLocationProtocolServerSideTranslatorPB.allocateScmBlock(ScmBlockLocationProtocolServerSideTranslatorPB.java:183)
	at org.apache.hadoop.ozone.protocolPB.ScmBlockLocationProtocolServerSideTranslatorPB.processMessage(ScmBlockLocationProtocolServerSideTranslatorPB.java:141)
	at org.apache.hadoop.ozone.protocolPB.ScmBlockLocationProtocolServerSideTranslatorPB.send(ScmBlockLocationProtocolServerSideTranslatorPB.java:116)
	at org.apache.hadoop.hdds.protocol.proto.ScmBlockLocationProtocolProtos$ScmBlockLocationProtocolService$2.callBlockingMethod(ScmBlockLocationProtocolProtos.java:13157)
	at org.apache.hadoop.ipc.ProtobufRpcEngine$Server$ProtoBufRpcInvoker.call(ProtobufRpcEngine.java:524)
	at org.apache.hadoop.ipc.RPC$Server.call(RPC.java:1025)
	at org.apache.hadoop.ipc.Server$RpcCall.run(Server.java:876)
	at org.apache.hadoop.ipc.Server$RpcCall.run(Server.java:822)
	at java.security.AccessController.doPrivileged(Native Method)
	at javax.security.auth.Subject.doAs(Subject.java:422)
	at org.apache.hadoop.security.UserGroupInformation.doAs(UserGroupInformation.java:1730)
	at org.apache.hadoop.ipc.Server$Handler.run(Server.java:2682)
2019-09-25 07:34:02,076 [IPC Server handler 10 on 37409] INFO  block.BlockManagerImpl (BlockManagerImpl.java:allocateBlock(198)) - Could not find available pipeline of type:RATIS and factor:THREE even after retrying
2019-09-25 07:34:02,076 [IPC Server handler 10 on 37409] ERROR block.BlockManagerImpl (BlockManagerImpl.java:allocateBlock(222)) - Unable to allocate a block for the size: 4194304, type: RATIS, factor: THREE
2019-09-25 07:34:02,076 [IPC Server handler 10 on 37409] INFO  pipeline.PipelinePlacementPolicy (PipelinePlacementPolicy.java:meetCriteria(91)) - Pipeline Placement: can't place more pipeline on heavy datanode： df3fee13-edb1-4245-be34-bb4c7d942b62 Heaviness: 6 limit: 5
2019-09-25 07:34:02,076 [IPC Server handler 10 on 37409] INFO  pipeline.PipelinePlacementPolicy (PipelinePlacementPolicy.java:meetCriteria(91)) - Pipeline Placement: can't place more pipeline on heavy datanode： 0441a7da-a434-40f3-b826-f1d73a75434f Heaviness: 6 limit: 5
2019-09-25 07:34:02,077 [IPC Server handler 10 on 37409] INFO  pipeline.PipelinePlacementPolicy (PipelinePlacementPolicy.java:meetCriteria(91)) - Pipeline Placement: can't place more pipeline on heavy datanode： 9659e150-6db8-46c9-9754-45a2163a8a7f Heaviness: 6 limit: 5
2019-09-25 07:34:02,077 [IPC Server handler 10 on 37409] INFO  pipeline.PipelinePlacementPolicy (PipelinePlacementPolicy.java:meetCriteria(91)) - Pipeline Placement: can't place more pipeline on heavy datanode： 8005d4cb-4fe5-4e19-8530-60982edf3c3e Heaviness: 6 limit: 5
2019-09-25 07:34:02,077 [IPC Server handler 10 on 37409] INFO  pipeline.PipelinePlacementPolicy (PipelinePlacementPolicy.java:meetCriteria(91)) - Pipeline Placement: can't place more pipeline on heavy datanode： bdcda101-49b0-4c87-b510-4eac276b6602 Heaviness: 6 limit: 5
2019-09-25 07:34:02,077 [IPC Server handler 10 on 37409] ERROR pipeline.PipelinePlacementPolicy (PipelinePlacementPolicy.java:filterViableNodes(148)) - Unable to find enough nodes that meet the criteria that cannot engage in more than 5 pipelines. Nodes required: 3 Found: 0, healthy nodes count inNodeManager: 5.
2019-09-25 07:34:02,077 [IPC Server handler 10 on 37409] ERROR pipeline.SCMPipelineManager (SCMPipelineManager.java:createPipeline(167)) - Pipeline creation failed.
org.apache.hadoop.hdds.scm.exceptions.SCMException: Unable to find enough nodes that meet the criteria that cannot engage in more than 5 pipelines. Nodes required: 3 Found: 0, healthy nodes count inNodeManager: 5.
	at org.apache.hadoop.hdds.scm.pipeline.PipelinePlacementPolicy.filterViableNodes(PipelinePlacementPolicy.java:149)
	at org.apache.hadoop.hdds.scm.pipeline.PipelinePlacementPolicy.chooseDatanodes(PipelinePlacementPolicy.java:172)
	at org.apache.hadoop.hdds.scm.pipeline.RatisPipelineProvider.create(RatisPipelineProvider.java:93)
	at org.apache.hadoop.hdds.scm.pipeline.PipelineFactory.create(PipelineFactory.java:58)
	at org.apache.hadoop.hdds.scm.pipeline.SCMPipelineManager.createPipeline(SCMPipelineManager.java:155)
	at org.apache.hadoop.hdds.scm.block.BlockManagerImpl.allocateBlock(BlockManagerImpl.java:190)
	at org.apache.hadoop.hdds.scm.server.SCMBlockProtocolServer.allocateBlock(SCMBlockProtocolServer.java:182)
	at org.apache.hadoop.ozone.protocolPB.ScmBlockLocationProtocolServerSideTranslatorPB.allocateScmBlock(ScmBlockLocationProtocolServerSideTranslatorPB.java:183)
	at org.apache.hadoop.ozone.protocolPB.ScmBlockLocationProtocolServerSideTranslatorPB.processMessage(ScmBlockLocationProtocolServerSideTranslatorPB.java:141)
	at org.apache.hadoop.ozone.protocolPB.ScmBlockLocationProtocolServerSideTranslatorPB.send(ScmBlockLocationProtocolServerSideTranslatorPB.java:116)
	at org.apache.hadoop.hdds.protocol.proto.ScmBlockLocationProtocolProtos$ScmBlockLocationProtocolService$2.callBlockingMethod(ScmBlockLocationProtocolProtos.java:13157)
	at org.apache.hadoop.ipc.ProtobufRpcEngine$Server$ProtoBufRpcInvoker.call(ProtobufRpcEngine.java:524)
	at org.apache.hadoop.ipc.RPC$Server.call(RPC.java:1025)
	at org.apache.hadoop.ipc.Server$RpcCall.run(Server.java:876)
	at org.apache.hadoop.ipc.Server$RpcCall.run(Server.java:822)
	at java.security.AccessController.doPrivileged(Native Method)
	at javax.security.auth.Subject.doAs(Subject.java:422)
	at org.apache.hadoop.security.UserGroupInformation.doAs(UserGroupInformation.java:1730)
	at org.apache.hadoop.ipc.Server$Handler.run(Server.java:2682)
2019-09-25 07:34:02,078 [IPC Server handler 10 on 37409] WARN  block.BlockManagerImpl (BlockManagerImpl.java:allocateBlock(192)) - Pipeline creation failed for type:RATIS factor:THREE. Retrying get pipelines call once.
org.apache.hadoop.hdds.scm.exceptions.SCMException: Unable to find enough nodes that meet the criteria that cannot engage in more than 5 pipelines. Nodes required: 3 Found: 0, healthy nodes count inNodeManager: 5.
	at org.apache.hadoop.hdds.scm.pipeline.PipelinePlacementPolicy.filterViableNodes(PipelinePlacementPolicy.java:149)
	at org.apache.hadoop.hdds.scm.pipeline.PipelinePlacementPolicy.chooseDatanodes(PipelinePlacementPolicy.java:172)
	at org.apache.hadoop.hdds.scm.pipeline.RatisPipelineProvider.create(RatisPipelineProvider.java:93)
	at org.apache.hadoop.hdds.scm.pipeline.PipelineFactory.create(PipelineFactory.java:58)
	at org.apache.hadoop.hdds.scm.pipeline.SCMPipelineManager.createPipeline(SCMPipelineManager.java:155)
	at org.apache.hadoop.hdds.scm.block.BlockManagerImpl.allocateBlock(BlockManagerImpl.java:190)
	at org.apache.hadoop.hdds.scm.server.SCMBlockProtocolServer.allocateBlock(SCMBlockProtocolServer.java:182)
	at org.apache.hadoop.ozone.protocolPB.ScmBlockLocationProtocolServerSideTranslatorPB.allocateScmBlock(ScmBlockLocationProtocolServerSideTranslatorPB.java:183)
	at org.apache.hadoop.ozone.protocolPB.ScmBlockLocationProtocolServerSideTranslatorPB.processMessage(ScmBlockLocationProtocolServerSideTranslatorPB.java:141)
	at org.apache.hadoop.ozone.protocolPB.ScmBlockLocationProtocolServerSideTranslatorPB.send(ScmBlockLocationProtocolServerSideTranslatorPB.java:116)
	at org.apache.hadoop.hdds.protocol.proto.ScmBlockLocationProtocolProtos$ScmBlockLocationProtocolService$2.callBlockingMethod(ScmBlockLocationProtocolProtos.java:13157)
	at org.apache.hadoop.ipc.ProtobufRpcEngine$Server$ProtoBufRpcInvoker.call(ProtobufRpcEngine.java:524)
	at org.apache.hadoop.ipc.RPC$Server.call(RPC.java:1025)
	at org.apache.hadoop.ipc.Server$RpcCall.run(Server.java:876)
	at org.apache.hadoop.ipc.Server$RpcCall.run(Server.java:822)
	at java.security.AccessController.doPrivileged(Native Method)
	at javax.security.auth.Subject.doAs(Subject.java:422)
	at org.apache.hadoop.security.UserGroupInformation.doAs(UserGroupInformation.java:1730)
	at org.apache.hadoop.ipc.Server$Handler.run(Server.java:2682)
2019-09-25 07:34:02,078 [IPC Server handler 10 on 37409] INFO  block.BlockManagerImpl (BlockManagerImpl.java:allocateBlock(198)) - Could not find available pipeline of type:RATIS and factor:THREE even after retrying
2019-09-25 07:34:02,078 [IPC Server handler 10 on 37409] ERROR block.BlockManagerImpl (BlockManagerImpl.java:allocateBlock(222)) - Unable to allocate a block for the size: 4194304, type: RATIS, factor: THREE
2019-09-25 07:34:02,079 [IPC Server handler 10 on 37409] INFO  pipeline.PipelinePlacementPolicy (PipelinePlacementPolicy.java:meetCriteria(91)) - Pipeline Placement: can't place more pipeline on heavy datanode： df3fee13-edb1-4245-be34-bb4c7d942b62 Heaviness: 6 limit: 5
2019-09-25 07:34:02,079 [IPC Server handler 10 on 37409] INFO  pipeline.PipelinePlacementPolicy (PipelinePlacementPolicy.java:meetCriteria(91)) - Pipeline Placement: can't place more pipeline on heavy datanode： 0441a7da-a434-40f3-b826-f1d73a75434f Heaviness: 6 limit: 5
2019-09-25 07:34:02,079 [IPC Server handler 10 on 37409] INFO  pipeline.PipelinePlacementPolicy (PipelinePlacementPolicy.java:meetCriteria(91)) - Pipeline Placement: can't place more pipeline on heavy datanode： 9659e150-6db8-46c9-9754-45a2163a8a7f Heaviness: 6 limit: 5
2019-09-25 07:34:02,079 [IPC Server handler 10 on 37409] INFO  pipeline.PipelinePlacementPolicy (PipelinePlacementPolicy.java:meetCriteria(91)) - Pipeline Placement: can't place more pipeline on heavy datanode： 8005d4cb-4fe5-4e19-8530-60982edf3c3e Heaviness: 6 limit: 5
2019-09-25 07:34:02,080 [IPC Server handler 10 on 37409] INFO  pipeline.PipelinePlacementPolicy (PipelinePlacementPolicy.java:meetCriteria(91)) - Pipeline Placement: can't place more pipeline on heavy datanode： bdcda101-49b0-4c87-b510-4eac276b6602 Heaviness: 6 limit: 5
2019-09-25 07:34:02,080 [IPC Server handler 10 on 37409] ERROR pipeline.PipelinePlacementPolicy (PipelinePlacementPolicy.java:filterViableNodes(148)) - Unable to find enough nodes that meet the criteria that cannot engage in more than 5 pipelines. Nodes required: 3 Found: 0, healthy nodes count inNodeManager: 5.
2019-09-25 07:34:02,080 [IPC Server handler 10 on 37409] ERROR pipeline.SCMPipelineManager (SCMPipelineManager.java:createPipeline(167)) - Pipeline creation failed.
org.apache.hadoop.hdds.scm.exceptions.SCMException: Unable to find enough nodes that meet the criteria that cannot engage in more than 5 pipelines. Nodes required: 3 Found: 0, healthy nodes count inNodeManager: 5.
	at org.apache.hadoop.hdds.scm.pipeline.PipelinePlacementPolicy.filterViableNodes(PipelinePlacementPolicy.java:149)
	at org.apache.hadoop.hdds.scm.pipeline.PipelinePlacementPolicy.chooseDatanodes(PipelinePlacementPolicy.java:172)
	at org.apache.hadoop.hdds.scm.pipeline.RatisPipelineProvider.create(RatisPipelineProvider.java:93)
	at org.apache.hadoop.hdds.scm.pipeline.PipelineFactory.create(PipelineFactory.java:58)
	at org.apache.hadoop.hdds.scm.pipeline.SCMPipelineManager.createPipeline(SCMPipelineManager.java:155)
	at org.apache.hadoop.hdds.scm.block.BlockManagerImpl.allocateBlock(BlockManagerImpl.java:190)
	at org.apache.hadoop.hdds.scm.server.SCMBlockProtocolServer.allocateBlock(SCMBlockProtocolServer.java:182)
	at org.apache.hadoop.ozone.protocolPB.ScmBlockLocationProtocolServerSideTranslatorPB.allocateScmBlock(ScmBlockLocationProtocolServerSideTranslatorPB.java:183)
	at org.apache.hadoop.ozone.protocolPB.ScmBlockLocationProtocolServerSideTranslatorPB.processMessage(ScmBlockLocationProtocolServerSideTranslatorPB.java:141)
	at org.apache.hadoop.ozone.protocolPB.ScmBlockLocationProtocolServerSideTranslatorPB.send(ScmBlockLocationProtocolServerSideTranslatorPB.java:116)
	at org.apache.hadoop.hdds.protocol.proto.ScmBlockLocationProtocolProtos$ScmBlockLocationProtocolService$2.callBlockingMethod(ScmBlockLocationProtocolProtos.java:13157)
	at org.apache.hadoop.ipc.ProtobufRpcEngine$Server$ProtoBufRpcInvoker.call(ProtobufRpcEngine.java:524)
	at org.apache.hadoop.ipc.RPC$Server.call(RPC.java:1025)
	at org.apache.hadoop.ipc.Server$RpcCall.run(Server.java:876)
	at org.apache.hadoop.ipc.Server$RpcCall.run(Server.java:822)
	at java.security.AccessController.doPrivileged(Native Method)
	at javax.security.auth.Subject.doAs(Subject.java:422)
	at org.apache.hadoop.security.UserGroupInformation.doAs(UserGroupInformation.java:1730)
	at org.apache.hadoop.ipc.Server$Handler.run(Server.java:2682)
2019-09-25 07:34:02,080 [IPC Server handler 10 on 37409] WARN  block.BlockManagerImpl (BlockManagerImpl.java:allocateBlock(192)) - Pipeline creation failed for type:RATIS factor:THREE. Retrying get pipelines call once.
org.apache.hadoop.hdds.scm.exceptions.SCMException: Unable to find enough nodes that meet the criteria that cannot engage in more than 5 pipelines. Nodes required: 3 Found: 0, healthy nodes count inNodeManager: 5.
	at org.apache.hadoop.hdds.scm.pipeline.PipelinePlacementPolicy.filterViableNodes(PipelinePlacementPolicy.java:149)
	at org.apache.hadoop.hdds.scm.pipeline.PipelinePlacementPolicy.chooseDatanodes(PipelinePlacementPolicy.java:172)
	at org.apache.hadoop.hdds.scm.pipeline.RatisPipelineProvider.create(RatisPipelineProvider.java:93)
	at org.apache.hadoop.hdds.scm.pipeline.PipelineFactory.create(PipelineFactory.java:58)
	at org.apache.hadoop.hdds.scm.pipeline.SCMPipelineManager.createPipeline(SCMPipelineManager.java:155)
	at org.apache.hadoop.hdds.scm.block.BlockManagerImpl.allocateBlock(BlockManagerImpl.java:190)
	at org.apache.hadoop.hdds.scm.server.SCMBlockProtocolServer.allocateBlock(SCMBlockProtocolServer.java:182)
	at org.apache.hadoop.ozone.protocolPB.ScmBlockLocationProtocolServerSideTranslatorPB.allocateScmBlock(ScmBlockLocationProtocolServerSideTranslatorPB.java:183)
	at org.apache.hadoop.ozone.protocolPB.ScmBlockLocationProtocolServerSideTranslatorPB.processMessage(ScmBlockLocationProtocolServerSideTranslatorPB.java:141)
	at org.apache.hadoop.ozone.protocolPB.ScmBlockLocationProtocolServerSideTranslatorPB.send(ScmBlockLocationProtocolServerSideTranslatorPB.java:116)
	at org.apache.hadoop.hdds.protocol.proto.ScmBlockLocationProtocolProtos$ScmBlockLocationProtocolService$2.callBlockingMethod(ScmBlockLocationProtocolProtos.java:13157)
	at org.apache.hadoop.ipc.ProtobufRpcEngine$Server$ProtoBufRpcInvoker.call(ProtobufRpcEngine.java:524)
	at org.apache.hadoop.ipc.RPC$Server.call(RPC.java:1025)
	at org.apache.hadoop.ipc.Server$RpcCall.run(Server.java:876)
	at org.apache.hadoop.ipc.Server$RpcCall.run(Server.java:822)
	at java.security.AccessController.doPrivileged(Native Method)
	at javax.security.auth.Subject.doAs(Subject.java:422)
	at org.apache.hadoop.security.UserGroupInformation.doAs(UserGroupInformation.java:1730)
	at org.apache.hadoop.ipc.Server$Handler.run(Server.java:2682)
2019-09-25 07:34:02,081 [IPC Server handler 10 on 37409] INFO  block.BlockManagerImpl (BlockManagerImpl.java:allocateBlock(198)) - Could not find available pipeline of type:RATIS and factor:THREE even after retrying
2019-09-25 07:34:02,081 [IPC Server handler 10 on 37409] ERROR block.BlockManagerImpl (BlockManagerImpl.java:allocateBlock(222)) - Unable to allocate a block for the size: 4194304, type: RATIS, factor: THREE
2019-09-25 07:34:02,081 [IPC Server handler 10 on 37409] INFO  pipeline.PipelinePlacementPolicy (PipelinePlacementPolicy.java:meetCriteria(91)) - Pipeline Placement: can't place more pipeline on heavy datanode： df3fee13-edb1-4245-be34-bb4c7d942b62 Heaviness: 6 limit: 5
2019-09-25 07:34:02,082 [IPC Server handler 10 on 37409] INFO  pipeline.PipelinePlacementPolicy (PipelinePlacementPolicy.java:meetCriteria(91)) - Pipeline Placement: can't place more pipeline on heavy datanode： 0441a7da-a434-40f3-b826-f1d73a75434f Heaviness: 6 limit: 5
2019-09-25 07:34:02,082 [IPC Server handler 10 on 37409] INFO  pipeline.PipelinePlacementPolicy (PipelinePlacementPolicy.java:meetCriteria(91)) - Pipeline Placement: can't place more pipeline on heavy datanode： 9659e150-6db8-46c9-9754-45a2163a8a7f Heaviness: 6 limit: 5
2019-09-25 07:34:02,082 [IPC Server handler 10 on 37409] INFO  pipeline.PipelinePlacementPolicy (PipelinePlacementPolicy.java:meetCriteria(91)) - Pipeline Placement: can't place more pipeline on heavy datanode： 8005d4cb-4fe5-4e19-8530-60982edf3c3e Heaviness: 6 limit: 5
2019-09-25 07:34:02,082 [IPC Server handler 10 on 37409] INFO  pipeline.PipelinePlacementPolicy (PipelinePlacementPolicy.java:meetCriteria(91)) - Pipeline Placement: can't place more pipeline on heavy datanode： bdcda101-49b0-4c87-b510-4eac276b6602 Heaviness: 6 limit: 5
2019-09-25 07:34:02,082 [IPC Server handler 10 on 37409] ERROR pipeline.PipelinePlacementPolicy (PipelinePlacementPolicy.java:filterViableNodes(148)) - Unable to find enough nodes that meet the criteria that cannot engage in more than 5 pipelines. Nodes required: 3 Found: 0, healthy nodes count inNodeManager: 5.
2019-09-25 07:34:02,083 [IPC Server handler 10 on 37409] ERROR pipeline.SCMPipelineManager (SCMPipelineManager.java:createPipeline(167)) - Pipeline creation failed.
org.apache.hadoop.hdds.scm.exceptions.SCMException: Unable to find enough nodes that meet the criteria that cannot engage in more than 5 pipelines. Nodes required: 3 Found: 0, healthy nodes count inNodeManager: 5.
	at org.apache.hadoop.hdds.scm.pipeline.PipelinePlacementPolicy.filterViableNodes(PipelinePlacementPolicy.java:149)
	at org.apache.hadoop.hdds.scm.pipeline.PipelinePlacementPolicy.chooseDatanodes(PipelinePlacementPolicy.java:172)
	at org.apache.hadoop.hdds.scm.pipeline.RatisPipelineProvider.create(RatisPipelineProvider.java:93)
	at org.apache.hadoop.hdds.scm.pipeline.PipelineFactory.create(PipelineFactory.java:58)
	at org.apache.hadoop.hdds.scm.pipeline.SCMPipelineManager.createPipeline(SCMPipelineManager.java:155)
	at org.apache.hadoop.hdds.scm.block.BlockManagerImpl.allocateBlock(BlockManagerImpl.java:190)
	at org.apache.hadoop.hdds.scm.server.SCMBlockProtocolServer.allocateBlock(SCMBlockProtocolServer.java:182)
	at org.apache.hadoop.ozone.protocolPB.ScmBlockLocationProtocolServerSideTranslatorPB.allocateScmBlock(ScmBlockLocationProtocolServerSideTranslatorPB.java:183)
	at org.apache.hadoop.ozone.protocolPB.ScmBlockLocationProtocolServerSideTranslatorPB.processMessage(ScmBlockLocationProtocolServerSideTranslatorPB.java:141)
	at org.apache.hadoop.ozone.protocolPB.ScmBlockLocationProtocolServerSideTranslatorPB.send(ScmBlockLocationProtocolServerSideTranslatorPB.java:116)
	at org.apache.hadoop.hdds.protocol.proto.ScmBlockLocationProtocolProtos$ScmBlockLocationProtocolService$2.callBlockingMethod(ScmBlockLocationProtocolProtos.java:13157)
	at org.apache.hadoop.ipc.ProtobufRpcEngine$Server$ProtoBufRpcInvoker.call(ProtobufRpcEngine.java:524)
	at org.apache.hadoop.ipc.RPC$Server.call(RPC.java:1025)
	at org.apache.hadoop.ipc.Server$RpcCall.run(Server.java:876)
	at org.apache.hadoop.ipc.Server$RpcCall.run(Server.java:822)
	at java.security.AccessController.doPrivileged(Native Method)
	at javax.security.auth.Subject.doAs(Subject.java:422)
	at org.apache.hadoop.security.UserGroupInformation.doAs(UserGroupInformation.java:1730)
	at org.apache.hadoop.ipc.Server$Handler.run(Server.java:2682)
2019-09-25 07:34:02,083 [IPC Server handler 10 on 37409] WARN  block.BlockManagerImpl (BlockManagerImpl.java:allocateBlock(192)) - Pipeline creation failed for type:RATIS factor:THREE. Retrying get pipelines call once.
org.apache.hadoop.hdds.scm.exceptions.SCMException: Unable to find enough nodes that meet the criteria that cannot engage in more than 5 pipelines. Nodes required: 3 Found: 0, healthy nodes count inNodeManager: 5.
	at org.apache.hadoop.hdds.scm.pipeline.PipelinePlacementPolicy.filterViableNodes(PipelinePlacementPolicy.java:149)
	at org.apache.hadoop.hdds.scm.pipeline.PipelinePlacementPolicy.chooseDatanodes(PipelinePlacementPolicy.java:172)
	at org.apache.hadoop.hdds.scm.pipeline.RatisPipelineProvider.create(RatisPipelineProvider.java:93)
	at org.apache.hadoop.hdds.scm.pipeline.PipelineFactory.create(PipelineFactory.java:58)
	at org.apache.hadoop.hdds.scm.pipeline.SCMPipelineManager.createPipeline(SCMPipelineManager.java:155)
	at org.apache.hadoop.hdds.scm.block.BlockManagerImpl.allocateBlock(BlockManagerImpl.java:190)
	at org.apache.hadoop.hdds.scm.server.SCMBlockProtocolServer.allocateBlock(SCMBlockProtocolServer.java:182)
	at org.apache.hadoop.ozone.protocolPB.ScmBlockLocationProtocolServerSideTranslatorPB.allocateScmBlock(ScmBlockLocationProtocolServerSideTranslatorPB.java:183)
	at org.apache.hadoop.ozone.protocolPB.ScmBlockLocationProtocolServerSideTranslatorPB.processMessage(ScmBlockLocationProtocolServerSideTranslatorPB.java:141)
	at org.apache.hadoop.ozone.protocolPB.ScmBlockLocationProtocolServerSideTranslatorPB.send(ScmBlockLocationProtocolServerSideTranslatorPB.java:116)
	at org.apache.hadoop.hdds.protocol.proto.ScmBlockLocationProtocolProtos$ScmBlockLocationProtocolService$2.callBlockingMethod(ScmBlockLocationProtocolProtos.java:13157)
	at org.apache.hadoop.ipc.ProtobufRpcEngine$Server$ProtoBufRpcInvoker.call(ProtobufRpcEngine.java:524)
	at org.apache.hadoop.ipc.RPC$Server.call(RPC.java:1025)
	at org.apache.hadoop.ipc.Server$RpcCall.run(Server.java:876)
	at org.apache.hadoop.ipc.Server$RpcCall.run(Server.java:822)
	at java.security.AccessController.doPrivileged(Native Method)
	at javax.security.auth.Subject.doAs(Subject.java:422)
	at org.apache.hadoop.security.UserGroupInformation.doAs(UserGroupInformation.java:1730)
	at org.apache.hadoop.ipc.Server$Handler.run(Server.java:2682)
2019-09-25 07:34:02,083 [IPC Server handler 10 on 37409] INFO  block.BlockManagerImpl (BlockManagerImpl.java:allocateBlock(198)) - Could not find available pipeline of type:RATIS and factor:THREE even after retrying
2019-09-25 07:34:02,084 [IPC Server handler 10 on 37409] ERROR block.BlockManagerImpl (BlockManagerImpl.java:allocateBlock(222)) - Unable to allocate a block for the size: 4194304, type: RATIS, factor: THREE
2019-09-25 07:34:02,092 [pool-73-thread-4] ERROR freon.RandomKeyGenerator (RandomKeyGenerator.java:createKey(733)) - Exception while adding key: key-0-83641 in bucket: bucket-0-41172 of volume: vol-0-31506.
INTERNAL_ERROR org.apache.hadoop.ozone.om.exceptions.OMException: Allocated 0 blocks. Requested 5 blocks
	at org.apache.hadoop.ozone.om.protocolPB.OzoneManagerProtocolClientSideTranslatorPB.handleError(OzoneManagerProtocolClientSideTranslatorPB.java:732)
	at org.apache.hadoop.ozone.om.protocolPB.OzoneManagerProtocolClientSideTranslatorPB.openKey(OzoneManagerProtocolClientSideTranslatorPB.java:723)
	at sun.reflect.NativeMethodAccessorImpl.invoke0(Native Method)
	at sun.reflect.NativeMethodAccessorImpl.invoke(NativeMethodAccessorImpl.java:62)
	at sun.reflect.DelegatingMethodAccessorImpl.invoke(DelegatingMethodAccessorImpl.java:43)
	at java.lang.reflect.Method.invoke(Method.java:498)
	at org.apache.hadoop.hdds.tracing.TraceAllMethod.invoke(TraceAllMethod.java:66)
	at com.sun.proxy.$Proxy37.openKey(Unknown Source)
	at org.apache.hadoop.ozone.client.rpc.RpcClient.createKey(RpcClient.java:614)
	at org.apache.hadoop.ozone.client.OzoneBucket.createKey(OzoneBucket.java:325)
	at org.apache.hadoop.ozone.freon.RandomKeyGenerator.createKey(RandomKeyGenerator.java:695)
	at org.apache.hadoop.ozone.freon.RandomKeyGenerator.access$1100(RandomKeyGenerator.java:88)
	at org.apache.hadoop.ozone.freon.RandomKeyGenerator$ObjectCreator.run(RandomKeyGenerator.java:615)
	at java.util.concurrent.Executors$RunnableAdapter.call(Executors.java:511)
	at java.util.concurrent.FutureTask.run(FutureTask.java:266)
	at java.util.concurrent.ThreadPoolExecutor.runWorker(ThreadPoolExecutor.java:1149)
	at java.util.concurrent.ThreadPoolExecutor$Worker.run(ThreadPoolExecutor.java:624)
	at java.lang.Thread.run(Thread.java:748)
 0.00% |█                                                                                                    |  0/1 Time: 0:00:02 0.00% |█                                                                                                    |  0/1 Time: 0:00:032019-09-25 07:34:04,247 [Thread-210] INFO  impl.FollowerState (FollowerState.java:run(106)) - bdcda101-49b0-4c87-b510-4eac276b6602:group-5CB065D57730 changes to CANDIDATE, lastRpcTime:5076, electionTimeout:5075ms
2019-09-25 07:34:04,250 [Thread-210] INFO  impl.RoleInfo (RoleInfo.java:shutdownFollowerState(121)) - bdcda101-49b0-4c87-b510-4eac276b6602: shutdown FollowerState
2019-09-25 07:34:04,250 [Thread-210] INFO  impl.RaftServerImpl (RaftServerImpl.java:setRole(174)) - bdcda101-49b0-4c87-b510-4eac276b6602@group-5CB065D57730: changes role from  FOLLOWER to CANDIDATE at term 0 for changeToCandidate
2019-09-25 07:34:04,259 [Thread-210] INFO  impl.RoleInfo (RoleInfo.java:updateAndGet(143)) - bdcda101-49b0-4c87-b510-4eac276b6602: start LeaderElection
2019-09-25 07:34:04,280 [bdcda101-49b0-4c87-b510-4eac276b6602@group-5CB065D57730:LeaderElection1] INFO  impl.LeaderElection (LeaderElection.java:askForVotes(182)) - bdcda101-49b0-4c87-b510-4eac276b6602@group-5CB065D57730:LeaderElection1: begin an election at term 1 for -1: [bdcda101-49b0-4c87-b510-4eac276b6602:192.168.151.106:38523], old=null
2019-09-25 07:34:04,282 [bdcda101-49b0-4c87-b510-4eac276b6602@group-5CB065D57730:LeaderElection1] INFO  impl.RoleInfo (RoleInfo.java:shutdownLeaderElection(134)) - bdcda101-49b0-4c87-b510-4eac276b6602: shutdown LeaderElection
2019-09-25 07:34:04,283 [bdcda101-49b0-4c87-b510-4eac276b6602@group-5CB065D57730:LeaderElection1] INFO  impl.RaftServerImpl (RaftServerImpl.java:setRole(174)) - bdcda101-49b0-4c87-b510-4eac276b6602@group-5CB065D57730: changes role from CANDIDATE to LEADER at term 1 for changeToLeader
2019-09-25 07:34:04,283 [bdcda101-49b0-4c87-b510-4eac276b6602@group-5CB065D57730:LeaderElection1] INFO  impl.RaftServerImpl (ServerState.java:setLeader(253)) - bdcda101-49b0-4c87-b510-4eac276b6602@group-5CB065D57730: change Leader from null to bdcda101-49b0-4c87-b510-4eac276b6602 at term 1 for becomeLeader, leader elected after 5240ms
2019-09-25 07:34:04,293 [bdcda101-49b0-4c87-b510-4eac276b6602@group-5CB065D57730:LeaderElection1] INFO  server.RaftServerConfigKeys (ConfUtils.java:logGet(43)) - raft.server.staging.catchup.gap = 1000 (default)
2019-09-25 07:34:04,293 [bdcda101-49b0-4c87-b510-4eac276b6602@group-5CB065D57730:LeaderElection1] INFO  server.RaftServerConfigKeys (ConfUtils.java:logGet(43)) - raft.server.rpc.sleep.time = 25ms (default)
2019-09-25 07:34:04,303 [bdcda101-49b0-4c87-b510-4eac276b6602@group-5CB065D57730:LeaderElection1] INFO  server.RaftServerConfigKeys (ConfUtils.java:logGet(43)) - raft.server.write.element-limit = 4096 (default)
2019-09-25 07:34:04,306 [bdcda101-49b0-4c87-b510-4eac276b6602@group-5CB065D57730:LeaderElection1] INFO  server.RaftServerConfigKeys (ConfUtils.java:logGet(43)) - raft.server.watch.timeout = 10s (default)
2019-09-25 07:34:04,307 [bdcda101-49b0-4c87-b510-4eac276b6602@group-5CB065D57730:LeaderElection1] INFO  server.RaftServerConfigKeys (ConfUtils.java:logGet(43)) - raft.server.watch.timeout.denomination = 1s (default)
2019-09-25 07:34:04,308 [bdcda101-49b0-4c87-b510-4eac276b6602@group-5CB065D57730:LeaderElection1] INFO  server.RaftServerConfigKeys (ConfUtils.java:logGet(43)) - raft.server.watch.element-limit = 65536 (default)
2019-09-25 07:34:04,322 [bdcda101-49b0-4c87-b510-4eac276b6602@group-5CB065D57730:LeaderElection1] INFO  impl.RoleInfo (RoleInfo.java:updateAndGet(143)) - bdcda101-49b0-4c87-b510-4eac276b6602: start LeaderState
2019-09-25 07:34:04,354 [bdcda101-49b0-4c87-b510-4eac276b6602@group-5CB065D57730:LeaderElection1] INFO  segmented.SegmentedRaftLogWorker (SegmentedRaftLogWorker.java:startLogSegment(380)) - bdcda101-49b0-4c87-b510-4eac276b6602@group-5CB065D57730-SegmentedRaftLogWorker: Starting segment from index:0
2019-09-25 07:34:04,383 [bdcda101-49b0-4c87-b510-4eac276b6602@group-5CB065D57730:LeaderElection1] INFO  impl.RaftServerImpl (ServerState.java:setRaftConf(354)) - bdcda101-49b0-4c87-b510-4eac276b6602@group-5CB065D57730: set configuration 0: [bdcda101-49b0-4c87-b510-4eac276b6602:192.168.151.106:38523], old=null at 0
 0.00% |█                                                                                                    |  0/1 Time: 0:00:042019-09-25 07:34:04,543 [Thread-213] INFO  impl.FollowerState (FollowerState.java:run(106)) - 8005d4cb-4fe5-4e19-8530-60982edf3c3e:group-2B242B99C326 changes to CANDIDATE, lastRpcTime:5150, electionTimeout:5149ms
2019-09-25 07:34:04,546 [Thread-216] INFO  impl.FollowerState (FollowerState.java:run(106)) - bdcda101-49b0-4c87-b510-4eac276b6602:group-0406FAB41504 changes to CANDIDATE, lastRpcTime:5025, electionTimeout:5025ms
2019-09-25 07:34:04,546 [Thread-213] INFO  impl.RoleInfo (RoleInfo.java:shutdownFollowerState(121)) - 8005d4cb-4fe5-4e19-8530-60982edf3c3e: shutdown FollowerState
2019-09-25 07:34:04,546 [Thread-216] INFO  impl.RoleInfo (RoleInfo.java:shutdownFollowerState(121)) - bdcda101-49b0-4c87-b510-4eac276b6602: shutdown FollowerState
2019-09-25 07:34:04,546 [Thread-213] INFO  impl.RaftServerImpl (RaftServerImpl.java:setRole(174)) - 8005d4cb-4fe5-4e19-8530-60982edf3c3e@group-2B242B99C326: changes role from  FOLLOWER to CANDIDATE at term 0 for changeToCandidate
2019-09-25 07:34:04,546 [Thread-216] INFO  impl.RaftServerImpl (RaftServerImpl.java:setRole(174)) - bdcda101-49b0-4c87-b510-4eac276b6602@group-0406FAB41504: changes role from  FOLLOWER to CANDIDATE at term 0 for changeToCandidate
2019-09-25 07:34:04,546 [Thread-213] INFO  impl.RoleInfo (RoleInfo.java:updateAndGet(143)) - 8005d4cb-4fe5-4e19-8530-60982edf3c3e: start LeaderElection
2019-09-25 07:34:04,547 [Thread-216] INFO  impl.RoleInfo (RoleInfo.java:updateAndGet(143)) - bdcda101-49b0-4c87-b510-4eac276b6602: start LeaderElection
2019-09-25 07:34:04,557 [bdcda101-49b0-4c87-b510-4eac276b6602@group-5CB065D57730-SegmentedRaftLogWorker] INFO  segmented.SegmentedRaftLogWorker (SegmentedRaftLogWorker.java:execute(569)) - bdcda101-49b0-4c87-b510-4eac276b6602@group-5CB065D57730-SegmentedRaftLogWorker: created new log segment /workdir/hadoop-ozone/tools/target/test-dir/MiniOzoneClusterImpl-55ba2c16-82ef-4526-82fa-9313f8d95d3f/datanode-0/data/ratis/27fe0e97-31ca-40fc-8d6e-5cb065d57730/current/log_inprogress_0
2019-09-25 07:34:04,571 [8005d4cb-4fe5-4e19-8530-60982edf3c3e@group-2B242B99C326:LeaderElection2] INFO  impl.LeaderElection (LeaderElection.java:askForVotes(182)) - 8005d4cb-4fe5-4e19-8530-60982edf3c3e@group-2B242B99C326:LeaderElection2: begin an election at term 1 for -1: [8005d4cb-4fe5-4e19-8530-60982edf3c3e:192.168.151.106:45181], old=null
2019-09-25 07:34:04,571 [bdcda101-49b0-4c87-b510-4eac276b6602@group-0406FAB41504:LeaderElection3] INFO  impl.LeaderElection (LeaderElection.java:askForVotes(182)) - bdcda101-49b0-4c87-b510-4eac276b6602@group-0406FAB41504:LeaderElection3: begin an election at term 1 for -1: [bdcda101-49b0-4c87-b510-4eac276b6602:192.168.151.106:38523], old=null
2019-09-25 07:34:04,576 [8005d4cb-4fe5-4e19-8530-60982edf3c3e@group-2B242B99C326:LeaderElection2] INFO  impl.RoleInfo (RoleInfo.java:shutdownLeaderElection(134)) - 8005d4cb-4fe5-4e19-8530-60982edf3c3e: shutdown LeaderElection
2019-09-25 07:34:04,577 [bdcda101-49b0-4c87-b510-4eac276b6602@group-0406FAB41504:LeaderElection3] INFO  impl.RoleInfo (RoleInfo.java:shutdownLeaderElection(134)) - bdcda101-49b0-4c87-b510-4eac276b6602: shutdown LeaderElection
2019-09-25 07:34:04,577 [8005d4cb-4fe5-4e19-8530-60982edf3c3e@group-2B242B99C326:LeaderElection2] INFO  impl.RaftServerImpl (RaftServerImpl.java:setRole(174)) - 8005d4cb-4fe5-4e19-8530-60982edf3c3e@group-2B242B99C326: changes role from CANDIDATE to LEADER at term 1 for changeToLeader
2019-09-25 07:34:04,577 [bdcda101-49b0-4c87-b510-4eac276b6602@group-0406FAB41504:LeaderElection3] INFO  impl.RaftServerImpl (RaftServerImpl.java:setRole(174)) - bdcda101-49b0-4c87-b510-4eac276b6602@group-0406FAB41504: changes role from CANDIDATE to LEADER at term 1 for changeToLeader
2019-09-25 07:34:04,577 [8005d4cb-4fe5-4e19-8530-60982edf3c3e@group-2B242B99C326:LeaderElection2] INFO  impl.RaftServerImpl (ServerState.java:setLeader(253)) - 8005d4cb-4fe5-4e19-8530-60982edf3c3e@group-2B242B99C326: change Leader from null to 8005d4cb-4fe5-4e19-8530-60982edf3c3e at term 1 for becomeLeader, leader elected after 5202ms
2019-09-25 07:34:04,577 [bdcda101-49b0-4c87-b510-4eac276b6602@group-0406FAB41504:LeaderElection3] INFO  impl.RaftServerImpl (ServerState.java:setLeader(253)) - bdcda101-49b0-4c87-b510-4eac276b6602@group-0406FAB41504: change Leader from null to bdcda101-49b0-4c87-b510-4eac276b6602 at term 1 for becomeLeader, leader elected after 5090ms
2019-09-25 07:34:04,578 [8005d4cb-4fe5-4e19-8530-60982edf3c3e@group-2B242B99C326:LeaderElection2] INFO  server.RaftServerConfigKeys (ConfUtils.java:logGet(43)) - raft.server.staging.catchup.gap = 1000 (default)
2019-09-25 07:34:04,578 [bdcda101-49b0-4c87-b510-4eac276b6602@group-0406FAB41504:LeaderElection3] INFO  server.RaftServerConfigKeys (ConfUtils.java:logGet(43)) - raft.server.staging.catchup.gap = 1000 (default)
2019-09-25 07:34:04,578 [8005d4cb-4fe5-4e19-8530-60982edf3c3e@group-2B242B99C326:LeaderElection2] INFO  server.RaftServerConfigKeys (ConfUtils.java:logGet(43)) - raft.server.rpc.sleep.time = 25ms (default)
2019-09-25 07:34:04,579 [bdcda101-49b0-4c87-b510-4eac276b6602@group-0406FAB41504:LeaderElection3] INFO  server.RaftServerConfigKeys (ConfUtils.java:logGet(43)) - raft.server.rpc.sleep.time = 25ms (default)
2019-09-25 07:34:04,579 [8005d4cb-4fe5-4e19-8530-60982edf3c3e@group-2B242B99C326:LeaderElection2] INFO  server.RaftServerConfigKeys (ConfUtils.java:logGet(43)) - raft.server.write.element-limit = 4096 (default)
2019-09-25 07:34:04,579 [bdcda101-49b0-4c87-b510-4eac276b6602@group-0406FAB41504:LeaderElection3] INFO  server.RaftServerConfigKeys (ConfUtils.java:logGet(43)) - raft.server.write.element-limit = 4096 (default)
2019-09-25 07:34:04,579 [8005d4cb-4fe5-4e19-8530-60982edf3c3e@group-2B242B99C326:LeaderElection2] INFO  server.RaftServerConfigKeys (ConfUtils.java:logGet(43)) - raft.server.watch.timeout = 10s (default)
2019-09-25 07:34:04,579 [bdcda101-49b0-4c87-b510-4eac276b6602@group-0406FAB41504:LeaderElection3] INFO  server.RaftServerConfigKeys (ConfUtils.java:logGet(43)) - raft.server.watch.timeout = 10s (default)
2019-09-25 07:34:04,579 [8005d4cb-4fe5-4e19-8530-60982edf3c3e@group-2B242B99C326:LeaderElection2] INFO  server.RaftServerConfigKeys (ConfUtils.java:logGet(43)) - raft.server.watch.timeout.denomination = 1s (default)
2019-09-25 07:34:04,580 [bdcda101-49b0-4c87-b510-4eac276b6602@group-0406FAB41504:LeaderElection3] INFO  server.RaftServerConfigKeys (ConfUtils.java:logGet(43)) - raft.server.watch.timeout.denomination = 1s (default)
2019-09-25 07:34:04,580 [8005d4cb-4fe5-4e19-8530-60982edf3c3e@group-2B242B99C326:LeaderElection2] INFO  server.RaftServerConfigKeys (ConfUtils.java:logGet(43)) - raft.server.watch.element-limit = 65536 (default)
2019-09-25 07:34:04,580 [bdcda101-49b0-4c87-b510-4eac276b6602@group-0406FAB41504:LeaderElection3] INFO  server.RaftServerConfigKeys (ConfUtils.java:logGet(43)) - raft.server.watch.element-limit = 65536 (default)
2019-09-25 07:34:04,583 [8005d4cb-4fe5-4e19-8530-60982edf3c3e@group-2B242B99C326:LeaderElection2] INFO  impl.RoleInfo (RoleInfo.java:updateAndGet(143)) - 8005d4cb-4fe5-4e19-8530-60982edf3c3e: start LeaderState
2019-09-25 07:34:04,584 [8005d4cb-4fe5-4e19-8530-60982edf3c3e@group-2B242B99C326:LeaderElection2] INFO  segmented.SegmentedRaftLogWorker (SegmentedRaftLogWorker.java:startLogSegment(380)) - 8005d4cb-4fe5-4e19-8530-60982edf3c3e@group-2B242B99C326-SegmentedRaftLogWorker: Starting segment from index:0
2019-09-25 07:34:04,584 [bdcda101-49b0-4c87-b510-4eac276b6602@group-0406FAB41504:LeaderElection3] INFO  impl.RoleInfo (RoleInfo.java:updateAndGet(143)) - bdcda101-49b0-4c87-b510-4eac276b6602: start LeaderState
2019-09-25 07:34:04,584 [bdcda101-49b0-4c87-b510-4eac276b6602@group-0406FAB41504:LeaderElection3] INFO  segmented.SegmentedRaftLogWorker (SegmentedRaftLogWorker.java:startLogSegment(380)) - bdcda101-49b0-4c87-b510-4eac276b6602@group-0406FAB41504-SegmentedRaftLogWorker: Starting segment from index:0
2019-09-25 07:34:04,584 [8005d4cb-4fe5-4e19-8530-60982edf3c3e@group-2B242B99C326:LeaderElection2] INFO  impl.RaftServerImpl (ServerState.java:setRaftConf(354)) - 8005d4cb-4fe5-4e19-8530-60982edf3c3e@group-2B242B99C326: set configuration 0: [8005d4cb-4fe5-4e19-8530-60982edf3c3e:192.168.151.106:45181], old=null at 0
2019-09-25 07:34:04,638 [Thread-219] INFO  impl.FollowerState (FollowerState.java:run(106)) - 8005d4cb-4fe5-4e19-8530-60982edf3c3e:group-9B21AAA11319 changes to CANDIDATE, lastRpcTime:5058, electionTimeout:5019ms
2019-09-25 07:34:04,638 [Thread-219] INFO  impl.RoleInfo (RoleInfo.java:shutdownFollowerState(121)) - 8005d4cb-4fe5-4e19-8530-60982edf3c3e: shutdown FollowerState
2019-09-25 07:34:04,639 [Thread-219] INFO  impl.RaftServerImpl (RaftServerImpl.java:setRole(174)) - 8005d4cb-4fe5-4e19-8530-60982edf3c3e@group-9B21AAA11319: changes role from  FOLLOWER to CANDIDATE at term 0 for changeToCandidate
2019-09-25 07:34:04,639 [bdcda101-49b0-4c87-b510-4eac276b6602@group-0406FAB41504:LeaderElection3] INFO  impl.RaftServerImpl (ServerState.java:setRaftConf(354)) - bdcda101-49b0-4c87-b510-4eac276b6602@group-0406FAB41504: set configuration 0: [bdcda101-49b0-4c87-b510-4eac276b6602:192.168.151.106:38523], old=null at 0
2019-09-25 07:34:04,639 [Thread-219] INFO  impl.RoleInfo (RoleInfo.java:updateAndGet(143)) - 8005d4cb-4fe5-4e19-8530-60982edf3c3e: start LeaderElection
2019-09-25 07:34:04,657 [bdcda101-49b0-4c87-b510-4eac276b6602@group-0406FAB41504-SegmentedRaftLogWorker] INFO  segmented.SegmentedRaftLogWorker (SegmentedRaftLogWorker.java:execute(569)) - bdcda101-49b0-4c87-b510-4eac276b6602@group-0406FAB41504-SegmentedRaftLogWorker: created new log segment /workdir/hadoop-ozone/tools/target/test-dir/MiniOzoneClusterImpl-55ba2c16-82ef-4526-82fa-9313f8d95d3f/datanode-0/data/ratis/9a3c75e6-59d3-4066-9912-0406fab41504/current/log_inprogress_0
2019-09-25 07:34:04,657 [8005d4cb-4fe5-4e19-8530-60982edf3c3e@group-2B242B99C326-SegmentedRaftLogWorker] INFO  segmented.SegmentedRaftLogWorker (SegmentedRaftLogWorker.java:execute(569)) - 8005d4cb-4fe5-4e19-8530-60982edf3c3e@group-2B242B99C326-SegmentedRaftLogWorker: created new log segment /workdir/hadoop-ozone/tools/target/test-dir/MiniOzoneClusterImpl-55ba2c16-82ef-4526-82fa-9313f8d95d3f/datanode-4/data/ratis/ded39851-1da2-4fcd-a67f-2b242b99c326/current/log_inprogress_0
2019-09-25 07:34:04,672 [8005d4cb-4fe5-4e19-8530-60982edf3c3e@group-9B21AAA11319:LeaderElection4] INFO  impl.LeaderElection (LeaderElection.java:askForVotes(182)) - 8005d4cb-4fe5-4e19-8530-60982edf3c3e@group-9B21AAA11319:LeaderElection4: begin an election at term 1 for -1: [8005d4cb-4fe5-4e19-8530-60982edf3c3e:192.168.151.106:45181], old=null
2019-09-25 07:34:04,672 [8005d4cb-4fe5-4e19-8530-60982edf3c3e@group-9B21AAA11319:LeaderElection4] INFO  impl.RoleInfo (RoleInfo.java:shutdownLeaderElection(134)) - 8005d4cb-4fe5-4e19-8530-60982edf3c3e: shutdown LeaderElection
2019-09-25 07:34:04,672 [8005d4cb-4fe5-4e19-8530-60982edf3c3e@group-9B21AAA11319:LeaderElection4] INFO  impl.RaftServerImpl (RaftServerImpl.java:setRole(174)) - 8005d4cb-4fe5-4e19-8530-60982edf3c3e@group-9B21AAA11319: changes role from CANDIDATE to LEADER at term 1 for changeToLeader
2019-09-25 07:34:04,673 [8005d4cb-4fe5-4e19-8530-60982edf3c3e@group-9B21AAA11319:LeaderElection4] INFO  impl.RaftServerImpl (ServerState.java:setLeader(253)) - 8005d4cb-4fe5-4e19-8530-60982edf3c3e@group-9B21AAA11319: change Leader from null to 8005d4cb-4fe5-4e19-8530-60982edf3c3e at term 1 for becomeLeader, leader elected after 5099ms
2019-09-25 07:34:04,673 [8005d4cb-4fe5-4e19-8530-60982edf3c3e@group-9B21AAA11319:LeaderElection4] INFO  server.RaftServerConfigKeys (ConfUtils.java:logGet(43)) - raft.server.staging.catchup.gap = 1000 (default)
2019-09-25 07:34:04,673 [8005d4cb-4fe5-4e19-8530-60982edf3c3e@group-9B21AAA11319:LeaderElection4] INFO  server.RaftServerConfigKeys (ConfUtils.java:logGet(43)) - raft.server.rpc.sleep.time = 25ms (default)
2019-09-25 07:34:04,673 [8005d4cb-4fe5-4e19-8530-60982edf3c3e@group-9B21AAA11319:LeaderElection4] INFO  server.RaftServerConfigKeys (ConfUtils.java:logGet(43)) - raft.server.write.element-limit = 4096 (default)
2019-09-25 07:34:04,673 [8005d4cb-4fe5-4e19-8530-60982edf3c3e@group-9B21AAA11319:LeaderElection4] INFO  server.RaftServerConfigKeys (ConfUtils.java:logGet(43)) - raft.server.watch.timeout = 10s (default)
2019-09-25 07:34:04,673 [8005d4cb-4fe5-4e19-8530-60982edf3c3e@group-9B21AAA11319:LeaderElection4] INFO  server.RaftServerConfigKeys (ConfUtils.java:logGet(43)) - raft.server.watch.timeout.denomination = 1s (default)
2019-09-25 07:34:04,674 [8005d4cb-4fe5-4e19-8530-60982edf3c3e@group-9B21AAA11319:LeaderElection4] INFO  server.RaftServerConfigKeys (ConfUtils.java:logGet(43)) - raft.server.watch.element-limit = 65536 (default)
2019-09-25 07:34:04,676 [8005d4cb-4fe5-4e19-8530-60982edf3c3e@group-9B21AAA11319:LeaderElection4] INFO  impl.RoleInfo (RoleInfo.java:updateAndGet(143)) - 8005d4cb-4fe5-4e19-8530-60982edf3c3e: start LeaderState
2019-09-25 07:34:04,676 [8005d4cb-4fe5-4e19-8530-60982edf3c3e@group-9B21AAA11319:LeaderElection4] INFO  segmented.SegmentedRaftLogWorker (SegmentedRaftLogWorker.java:startLogSegment(380)) - 8005d4cb-4fe5-4e19-8530-60982edf3c3e@group-9B21AAA11319-SegmentedRaftLogWorker: Starting segment from index:0
2019-09-25 07:34:04,677 [8005d4cb-4fe5-4e19-8530-60982edf3c3e@group-9B21AAA11319:LeaderElection4] INFO  impl.RaftServerImpl (ServerState.java:setRaftConf(354)) - 8005d4cb-4fe5-4e19-8530-60982edf3c3e@group-9B21AAA11319: set configuration 0: [8005d4cb-4fe5-4e19-8530-60982edf3c3e:192.168.151.106:45181], old=null at 0
2019-09-25 07:34:04,733 [8005d4cb-4fe5-4e19-8530-60982edf3c3e@group-9B21AAA11319-SegmentedRaftLogWorker] INFO  segmented.SegmentedRaftLogWorker (SegmentedRaftLogWorker.java:execute(569)) - 8005d4cb-4fe5-4e19-8530-60982edf3c3e@group-9B21AAA11319-SegmentedRaftLogWorker: created new log segment /workdir/hadoop-ozone/tools/target/test-dir/MiniOzoneClusterImpl-55ba2c16-82ef-4526-82fa-9313f8d95d3f/datanode-4/data/ratis/99bd7ede-aabe-4bb1-a942-9b21aaa11319/current/log_inprogress_0
2019-09-25 07:34:04,758 [Thread-222] INFO  impl.FollowerState (FollowerState.java:run(106)) - 0441a7da-a434-40f3-b826-f1d73a75434f:group-D5116E8B8300 changes to CANDIDATE, lastRpcTime:5063, electionTimeout:5063ms
2019-09-25 07:34:04,758 [Thread-222] INFO  impl.RoleInfo (RoleInfo.java:shutdownFollowerState(121)) - 0441a7da-a434-40f3-b826-f1d73a75434f: shutdown FollowerState
2019-09-25 07:34:04,758 [Thread-222] INFO  impl.RaftServerImpl (RaftServerImpl.java:setRole(174)) - 0441a7da-a434-40f3-b826-f1d73a75434f@group-D5116E8B8300: changes role from  FOLLOWER to CANDIDATE at term 0 for changeToCandidate
2019-09-25 07:34:04,758 [Thread-222] INFO  impl.RoleInfo (RoleInfo.java:updateAndGet(143)) - 0441a7da-a434-40f3-b826-f1d73a75434f: start LeaderElection
2019-09-25 07:34:04,778 [0441a7da-a434-40f3-b826-f1d73a75434f@group-D5116E8B8300:LeaderElection5] INFO  impl.LeaderElection (LeaderElection.java:askForVotes(182)) - 0441a7da-a434-40f3-b826-f1d73a75434f@group-D5116E8B8300:LeaderElection5: begin an election at term 1 for -1: [0441a7da-a434-40f3-b826-f1d73a75434f:192.168.151.106:42590], old=null
2019-09-25 07:34:04,778 [0441a7da-a434-40f3-b826-f1d73a75434f@group-D5116E8B8300:LeaderElection5] INFO  impl.RoleInfo (RoleInfo.java:shutdownLeaderElection(134)) - 0441a7da-a434-40f3-b826-f1d73a75434f: shutdown LeaderElection
2019-09-25 07:34:04,778 [0441a7da-a434-40f3-b826-f1d73a75434f@group-D5116E8B8300:LeaderElection5] INFO  impl.RaftServerImpl (RaftServerImpl.java:setRole(174)) - 0441a7da-a434-40f3-b826-f1d73a75434f@group-D5116E8B8300: changes role from CANDIDATE to LEADER at term 1 for changeToLeader
2019-09-25 07:34:04,778 [0441a7da-a434-40f3-b826-f1d73a75434f@group-D5116E8B8300:LeaderElection5] INFO  impl.RaftServerImpl (ServerState.java:setLeader(253)) - 0441a7da-a434-40f3-b826-f1d73a75434f@group-D5116E8B8300: change Leader from null to 0441a7da-a434-40f3-b826-f1d73a75434f at term 1 for becomeLeader, leader elected after 5101ms
2019-09-25 07:34:04,780 [0441a7da-a434-40f3-b826-f1d73a75434f@group-D5116E8B8300:LeaderElection5] INFO  server.RaftServerConfigKeys (ConfUtils.java:logGet(43)) - raft.server.staging.catchup.gap = 1000 (default)
2019-09-25 07:34:04,780 [0441a7da-a434-40f3-b826-f1d73a75434f@group-D5116E8B8300:LeaderElection5] INFO  server.RaftServerConfigKeys (ConfUtils.java:logGet(43)) - raft.server.rpc.sleep.time = 25ms (default)
2019-09-25 07:34:04,781 [0441a7da-a434-40f3-b826-f1d73a75434f@group-D5116E8B8300:LeaderElection5] INFO  server.RaftServerConfigKeys (ConfUtils.java:logGet(43)) - raft.server.write.element-limit = 4096 (default)
2019-09-25 07:34:04,781 [0441a7da-a434-40f3-b826-f1d73a75434f@group-D5116E8B8300:LeaderElection5] INFO  server.RaftServerConfigKeys (ConfUtils.java:logGet(43)) - raft.server.watch.timeout = 10s (default)
2019-09-25 07:34:04,781 [0441a7da-a434-40f3-b826-f1d73a75434f@group-D5116E8B8300:LeaderElection5] INFO  server.RaftServerConfigKeys (ConfUtils.java:logGet(43)) - raft.server.watch.timeout.denomination = 1s (default)
2019-09-25 07:34:04,781 [0441a7da-a434-40f3-b826-f1d73a75434f@group-D5116E8B8300:LeaderElection5] INFO  server.RaftServerConfigKeys (ConfUtils.java:logGet(43)) - raft.server.watch.element-limit = 65536 (default)
2019-09-25 07:34:04,784 [0441a7da-a434-40f3-b826-f1d73a75434f@group-D5116E8B8300:LeaderElection5] INFO  impl.RoleInfo (RoleInfo.java:updateAndGet(143)) - 0441a7da-a434-40f3-b826-f1d73a75434f: start LeaderState
2019-09-25 07:34:04,784 [0441a7da-a434-40f3-b826-f1d73a75434f@group-D5116E8B8300:LeaderElection5] INFO  segmented.SegmentedRaftLogWorker (SegmentedRaftLogWorker.java:startLogSegment(380)) - 0441a7da-a434-40f3-b826-f1d73a75434f@group-D5116E8B8300-SegmentedRaftLogWorker: Starting segment from index:0
2019-09-25 07:34:04,785 [0441a7da-a434-40f3-b826-f1d73a75434f@group-D5116E8B8300:LeaderElection5] INFO  impl.RaftServerImpl (ServerState.java:setRaftConf(354)) - 0441a7da-a434-40f3-b826-f1d73a75434f@group-D5116E8B8300: set configuration 0: [0441a7da-a434-40f3-b826-f1d73a75434f:192.168.151.106:42590], old=null at 0
2019-09-25 07:34:04,827 [0441a7da-a434-40f3-b826-f1d73a75434f@group-D5116E8B8300-SegmentedRaftLogWorker] INFO  segmented.SegmentedRaftLogWorker (SegmentedRaftLogWorker.java:execute(569)) - 0441a7da-a434-40f3-b826-f1d73a75434f@group-D5116E8B8300-SegmentedRaftLogWorker: created new log segment /workdir/hadoop-ozone/tools/target/test-dir/MiniOzoneClusterImpl-55ba2c16-82ef-4526-82fa-9313f8d95d3f/datanode-3/data/ratis/bd3f9339-5edd-44de-bfcb-d5116e8b8300/current/log_inprogress_0
2019-09-25 07:34:04,880 [Thread-225] INFO  impl.FollowerState (FollowerState.java:run(106)) - 9659e150-6db8-46c9-9754-45a2163a8a7f:group-5D1B833A18AF changes to CANDIDATE, lastRpcTime:5086, electionTimeout:5086ms
2019-09-25 07:34:04,880 [Thread-225] INFO  impl.RoleInfo (RoleInfo.java:shutdownFollowerState(121)) - 9659e150-6db8-46c9-9754-45a2163a8a7f: shutdown FollowerState
2019-09-25 07:34:04,880 [Thread-225] INFO  impl.RaftServerImpl (RaftServerImpl.java:setRole(174)) - 9659e150-6db8-46c9-9754-45a2163a8a7f@group-5D1B833A18AF: changes role from  FOLLOWER to CANDIDATE at term 0 for changeToCandidate
2019-09-25 07:34:04,880 [Thread-225] INFO  impl.RoleInfo (RoleInfo.java:updateAndGet(143)) - 9659e150-6db8-46c9-9754-45a2163a8a7f: start LeaderElection
2019-09-25 07:34:04,898 [9659e150-6db8-46c9-9754-45a2163a8a7f@group-5D1B833A18AF:LeaderElection6] INFO  impl.LeaderElection (LeaderElection.java:askForVotes(182)) - 9659e150-6db8-46c9-9754-45a2163a8a7f@group-5D1B833A18AF:LeaderElection6: begin an election at term 1 for -1: [9659e150-6db8-46c9-9754-45a2163a8a7f:192.168.151.106:44942], old=null
2019-09-25 07:34:04,898 [9659e150-6db8-46c9-9754-45a2163a8a7f@group-5D1B833A18AF:LeaderElection6] INFO  impl.RoleInfo (RoleInfo.java:shutdownLeaderElection(134)) - 9659e150-6db8-46c9-9754-45a2163a8a7f: shutdown LeaderElection
2019-09-25 07:34:04,898 [9659e150-6db8-46c9-9754-45a2163a8a7f@group-5D1B833A18AF:LeaderElection6] INFO  impl.RaftServerImpl (RaftServerImpl.java:setRole(174)) - 9659e150-6db8-46c9-9754-45a2163a8a7f@group-5D1B833A18AF: changes role from CANDIDATE to LEADER at term 1 for changeToLeader
2019-09-25 07:34:04,898 [9659e150-6db8-46c9-9754-45a2163a8a7f@group-5D1B833A18AF:LeaderElection6] INFO  impl.RaftServerImpl (ServerState.java:setLeader(253)) - 9659e150-6db8-46c9-9754-45a2163a8a7f@group-5D1B833A18AF: change Leader from null to 9659e150-6db8-46c9-9754-45a2163a8a7f at term 1 for becomeLeader, leader elected after 5121ms
2019-09-25 07:34:04,900 [9659e150-6db8-46c9-9754-45a2163a8a7f@group-5D1B833A18AF:LeaderElection6] INFO  server.RaftServerConfigKeys (ConfUtils.java:logGet(43)) - raft.server.staging.catchup.gap = 1000 (default)
2019-09-25 07:34:04,900 [9659e150-6db8-46c9-9754-45a2163a8a7f@group-5D1B833A18AF:LeaderElection6] INFO  server.RaftServerConfigKeys (ConfUtils.java:logGet(43)) - raft.server.rpc.sleep.time = 25ms (default)
2019-09-25 07:34:04,901 [9659e150-6db8-46c9-9754-45a2163a8a7f@group-5D1B833A18AF:LeaderElection6] INFO  server.RaftServerConfigKeys (ConfUtils.java:logGet(43)) - raft.server.write.element-limit = 4096 (default)
2019-09-25 07:34:04,901 [9659e150-6db8-46c9-9754-45a2163a8a7f@group-5D1B833A18AF:LeaderElection6] INFO  server.RaftServerConfigKeys (ConfUtils.java:logGet(43)) - raft.server.watch.timeout = 10s (default)
2019-09-25 07:34:04,901 [9659e150-6db8-46c9-9754-45a2163a8a7f@group-5D1B833A18AF:LeaderElection6] INFO  server.RaftServerConfigKeys (ConfUtils.java:logGet(43)) - raft.server.watch.timeout.denomination = 1s (default)
2019-09-25 07:34:04,901 [9659e150-6db8-46c9-9754-45a2163a8a7f@group-5D1B833A18AF:LeaderElection6] INFO  server.RaftServerConfigKeys (ConfUtils.java:logGet(43)) - raft.server.watch.element-limit = 65536 (default)
2019-09-25 07:34:04,904 [9659e150-6db8-46c9-9754-45a2163a8a7f@group-5D1B833A18AF:LeaderElection6] INFO  impl.RoleInfo (RoleInfo.java:updateAndGet(143)) - 9659e150-6db8-46c9-9754-45a2163a8a7f: start LeaderState
2019-09-25 07:34:04,905 [9659e150-6db8-46c9-9754-45a2163a8a7f@group-5D1B833A18AF:LeaderElection6] INFO  segmented.SegmentedRaftLogWorker (SegmentedRaftLogWorker.java:startLogSegment(380)) - 9659e150-6db8-46c9-9754-45a2163a8a7f@group-5D1B833A18AF-SegmentedRaftLogWorker: Starting segment from index:0
2019-09-25 07:34:04,905 [9659e150-6db8-46c9-9754-45a2163a8a7f@group-5D1B833A18AF:LeaderElection6] INFO  impl.RaftServerImpl (ServerState.java:setRaftConf(354)) - 9659e150-6db8-46c9-9754-45a2163a8a7f@group-5D1B833A18AF: set configuration 0: [9659e150-6db8-46c9-9754-45a2163a8a7f:192.168.151.106:44942], old=null at 0
2019-09-25 07:34:04,972 [9659e150-6db8-46c9-9754-45a2163a8a7f@group-5D1B833A18AF-SegmentedRaftLogWorker] INFO  segmented.SegmentedRaftLogWorker (SegmentedRaftLogWorker.java:execute(569)) - 9659e150-6db8-46c9-9754-45a2163a8a7f@group-5D1B833A18AF-SegmentedRaftLogWorker: created new log segment /workdir/hadoop-ozone/tools/target/test-dir/MiniOzoneClusterImpl-55ba2c16-82ef-4526-82fa-9313f8d95d3f/datanode-1/data/ratis/7e48e85a-09a1-4064-b304-5d1b833a18af/current/log_inprogress_0
2019-09-25 07:34:04,974 [Thread-232] INFO  impl.FollowerState (FollowerState.java:run(106)) - df3fee13-edb1-4245-be34-bb4c7d942b62:group-7A5E61498000 changes to CANDIDATE, lastRpcTime:5005, electionTimeout:5005ms
2019-09-25 07:34:04,975 [Thread-232] INFO  impl.RoleInfo (RoleInfo.java:shutdownFollowerState(121)) - df3fee13-edb1-4245-be34-bb4c7d942b62: shutdown FollowerState
2019-09-25 07:34:04,975 [Thread-232] INFO  impl.RaftServerImpl (RaftServerImpl.java:setRole(174)) - df3fee13-edb1-4245-be34-bb4c7d942b62@group-7A5E61498000: changes role from  FOLLOWER to CANDIDATE at term 0 for changeToCandidate
2019-09-25 07:34:04,975 [Thread-232] INFO  impl.RoleInfo (RoleInfo.java:updateAndGet(143)) - df3fee13-edb1-4245-be34-bb4c7d942b62: start LeaderElection
2019-09-25 07:34:04,986 [df3fee13-edb1-4245-be34-bb4c7d942b62@group-7A5E61498000:LeaderElection7] INFO  impl.LeaderElection (LeaderElection.java:askForVotes(182)) - df3fee13-edb1-4245-be34-bb4c7d942b62@group-7A5E61498000:LeaderElection7: begin an election at term 1 for -1: [df3fee13-edb1-4245-be34-bb4c7d942b62:192.168.151.106:43278], old=null
2019-09-25 07:34:04,986 [df3fee13-edb1-4245-be34-bb4c7d942b62@group-7A5E61498000:LeaderElection7] INFO  impl.RoleInfo (RoleInfo.java:shutdownLeaderElection(134)) - df3fee13-edb1-4245-be34-bb4c7d942b62: shutdown LeaderElection
2019-09-25 07:34:04,986 [df3fee13-edb1-4245-be34-bb4c7d942b62@group-7A5E61498000:LeaderElection7] INFO  impl.RaftServerImpl (RaftServerImpl.java:setRole(174)) - df3fee13-edb1-4245-be34-bb4c7d942b62@group-7A5E61498000: changes role from CANDIDATE to LEADER at term 1 for changeToLeader
2019-09-25 07:34:04,986 [df3fee13-edb1-4245-be34-bb4c7d942b62@group-7A5E61498000:LeaderElection7] INFO  impl.RaftServerImpl (ServerState.java:setLeader(253)) - df3fee13-edb1-4245-be34-bb4c7d942b62@group-7A5E61498000: change Leader from null to df3fee13-edb1-4245-be34-bb4c7d942b62 at term 1 for becomeLeader, leader elected after 5033ms
2019-09-25 07:34:04,988 [df3fee13-edb1-4245-be34-bb4c7d942b62@group-7A5E61498000:LeaderElection7] INFO  server.RaftServerConfigKeys (ConfUtils.java:logGet(43)) - raft.server.staging.catchup.gap = 1000 (default)
2019-09-25 07:34:04,988 [df3fee13-edb1-4245-be34-bb4c7d942b62@group-7A5E61498000:LeaderElection7] INFO  server.RaftServerConfigKeys (ConfUtils.java:logGet(43)) - raft.server.rpc.sleep.time = 25ms (default)
2019-09-25 07:34:04,988 [df3fee13-edb1-4245-be34-bb4c7d942b62@group-7A5E61498000:LeaderElection7] INFO  server.RaftServerConfigKeys (ConfUtils.java:logGet(43)) - raft.server.write.element-limit = 4096 (default)
2019-09-25 07:34:04,988 [df3fee13-edb1-4245-be34-bb4c7d942b62@group-7A5E61498000:LeaderElection7] INFO  server.RaftServerConfigKeys (ConfUtils.java:logGet(43)) - raft.server.watch.timeout = 10s (default)
2019-09-25 07:34:04,989 [df3fee13-edb1-4245-be34-bb4c7d942b62@group-7A5E61498000:LeaderElection7] INFO  server.RaftServerConfigKeys (ConfUtils.java:logGet(43)) - raft.server.watch.timeout.denomination = 1s (default)
2019-09-25 07:34:04,989 [df3fee13-edb1-4245-be34-bb4c7d942b62@group-7A5E61498000:LeaderElection7] INFO  server.RaftServerConfigKeys (ConfUtils.java:logGet(43)) - raft.server.watch.element-limit = 65536 (default)
2019-09-25 07:34:04,991 [df3fee13-edb1-4245-be34-bb4c7d942b62@group-7A5E61498000:LeaderElection7] INFO  impl.RoleInfo (RoleInfo.java:updateAndGet(143)) - df3fee13-edb1-4245-be34-bb4c7d942b62: start LeaderState
2019-09-25 07:34:04,992 [df3fee13-edb1-4245-be34-bb4c7d942b62@group-7A5E61498000:LeaderElection7] INFO  segmented.SegmentedRaftLogWorker (SegmentedRaftLogWorker.java:startLogSegment(380)) - df3fee13-edb1-4245-be34-bb4c7d942b62@group-7A5E61498000-SegmentedRaftLogWorker: Starting segment from index:0
2019-09-25 07:34:04,992 [df3fee13-edb1-4245-be34-bb4c7d942b62@group-7A5E61498000:LeaderElection7] INFO  impl.RaftServerImpl (ServerState.java:setRaftConf(354)) - df3fee13-edb1-4245-be34-bb4c7d942b62@group-7A5E61498000: set configuration 0: [df3fee13-edb1-4245-be34-bb4c7d942b62:192.168.151.106:43278], old=null at 0
2019-09-25 07:34:05,053 [df3fee13-edb1-4245-be34-bb4c7d942b62@group-7A5E61498000-SegmentedRaftLogWorker] INFO  segmented.SegmentedRaftLogWorker (SegmentedRaftLogWorker.java:execute(569)) - df3fee13-edb1-4245-be34-bb4c7d942b62@group-7A5E61498000-SegmentedRaftLogWorker: created new log segment /workdir/hadoop-ozone/tools/target/test-dir/MiniOzoneClusterImpl-55ba2c16-82ef-4526-82fa-9313f8d95d3f/datanode-2/data/ratis/42a65bb9-138d-4efa-92c0-7a5e61498000/current/log_inprogress_0
2019-09-25 07:34:05,065 [Thread-228] INFO  impl.FollowerState (FollowerState.java:run(106)) - 9659e150-6db8-46c9-9754-45a2163a8a7f:group-206EBB6809E3 changes to CANDIDATE, lastRpcTime:5198, electionTimeout:5198ms
2019-09-25 07:34:05,065 [Thread-228] INFO  impl.RoleInfo (RoleInfo.java:shutdownFollowerState(121)) - 9659e150-6db8-46c9-9754-45a2163a8a7f: shutdown FollowerState
2019-09-25 07:34:05,065 [Thread-228] INFO  impl.RaftServerImpl (RaftServerImpl.java:setRole(174)) - 9659e150-6db8-46c9-9754-45a2163a8a7f@group-206EBB6809E3: changes role from  FOLLOWER to CANDIDATE at term 0 for changeToCandidate
2019-09-25 07:34:05,065 [Thread-228] INFO  impl.RoleInfo (RoleInfo.java:updateAndGet(143)) - 9659e150-6db8-46c9-9754-45a2163a8a7f: start LeaderElection
2019-09-25 07:34:05,084 [9659e150-6db8-46c9-9754-45a2163a8a7f@group-206EBB6809E3:LeaderElection8] INFO  impl.LeaderElection (LeaderElection.java:askForVotes(182)) - 9659e150-6db8-46c9-9754-45a2163a8a7f@group-206EBB6809E3:LeaderElection8: begin an election at term 1 for -1: [9659e150-6db8-46c9-9754-45a2163a8a7f:192.168.151.106:44942], old=null
2019-09-25 07:34:05,085 [9659e150-6db8-46c9-9754-45a2163a8a7f@group-206EBB6809E3:LeaderElection8] INFO  impl.RoleInfo (RoleInfo.java:shutdownLeaderElection(134)) - 9659e150-6db8-46c9-9754-45a2163a8a7f: shutdown LeaderElection
2019-09-25 07:34:05,085 [9659e150-6db8-46c9-9754-45a2163a8a7f@group-206EBB6809E3:LeaderElection8] INFO  impl.RaftServerImpl (RaftServerImpl.java:setRole(174)) - 9659e150-6db8-46c9-9754-45a2163a8a7f@group-206EBB6809E3: changes role from CANDIDATE to LEADER at term 1 for changeToLeader
2019-09-25 07:34:05,085 [9659e150-6db8-46c9-9754-45a2163a8a7f@group-206EBB6809E3:LeaderElection8] INFO  impl.RaftServerImpl (ServerState.java:setLeader(253)) - 9659e150-6db8-46c9-9754-45a2163a8a7f@group-206EBB6809E3: change Leader from null to 9659e150-6db8-46c9-9754-45a2163a8a7f at term 1 for becomeLeader, leader elected after 5226ms
2019-09-25 07:34:05,085 [9659e150-6db8-46c9-9754-45a2163a8a7f@group-206EBB6809E3:LeaderElection8] INFO  server.RaftServerConfigKeys (ConfUtils.java:logGet(43)) - raft.server.staging.catchup.gap = 1000 (default)
2019-09-25 07:34:05,085 [9659e150-6db8-46c9-9754-45a2163a8a7f@group-206EBB6809E3:LeaderElection8] INFO  server.RaftServerConfigKeys (ConfUtils.java:logGet(43)) - raft.server.rpc.sleep.time = 25ms (default)
2019-09-25 07:34:05,085 [9659e150-6db8-46c9-9754-45a2163a8a7f@group-206EBB6809E3:LeaderElection8] INFO  server.RaftServerConfigKeys (ConfUtils.java:logGet(43)) - raft.server.write.element-limit = 4096 (default)
2019-09-25 07:34:05,086 [9659e150-6db8-46c9-9754-45a2163a8a7f@group-206EBB6809E3:LeaderElection8] INFO  server.RaftServerConfigKeys (ConfUtils.java:logGet(43)) - raft.server.watch.timeout = 10s (default)
2019-09-25 07:34:05,086 [9659e150-6db8-46c9-9754-45a2163a8a7f@group-206EBB6809E3:LeaderElection8] INFO  server.RaftServerConfigKeys (ConfUtils.java:logGet(43)) - raft.server.watch.timeout.denomination = 1s (default)
2019-09-25 07:34:05,086 [9659e150-6db8-46c9-9754-45a2163a8a7f@group-206EBB6809E3:LeaderElection8] INFO  server.RaftServerConfigKeys (ConfUtils.java:logGet(43)) - raft.server.watch.element-limit = 65536 (default)
2019-09-25 07:34:05,088 [9659e150-6db8-46c9-9754-45a2163a8a7f@group-206EBB6809E3:LeaderElection8] INFO  impl.RoleInfo (RoleInfo.java:updateAndGet(143)) - 9659e150-6db8-46c9-9754-45a2163a8a7f: start LeaderState
2019-09-25 07:34:05,089 [9659e150-6db8-46c9-9754-45a2163a8a7f@group-206EBB6809E3:LeaderElection8] INFO  segmented.SegmentedRaftLogWorker (SegmentedRaftLogWorker.java:startLogSegment(380)) - 9659e150-6db8-46c9-9754-45a2163a8a7f@group-206EBB6809E3-SegmentedRaftLogWorker: Starting segment from index:0
2019-09-25 07:34:05,089 [9659e150-6db8-46c9-9754-45a2163a8a7f@group-206EBB6809E3:LeaderElection8] INFO  impl.RaftServerImpl (ServerState.java:setRaftConf(354)) - 9659e150-6db8-46c9-9754-45a2163a8a7f@group-206EBB6809E3: set configuration 0: [9659e150-6db8-46c9-9754-45a2163a8a7f:192.168.151.106:44942], old=null at 0
2019-09-25 07:34:05,131 [Thread-238] INFO  impl.FollowerState (FollowerState.java:run(106)) - df3fee13-edb1-4245-be34-bb4c7d942b62:group-163C3D850AFB changes to CANDIDATE, lastRpcTime:5035, electionTimeout:5035ms
2019-09-25 07:34:05,132 [Thread-238] INFO  impl.RoleInfo (RoleInfo.java:shutdownFollowerState(121)) - df3fee13-edb1-4245-be34-bb4c7d942b62: shutdown FollowerState
2019-09-25 07:34:05,132 [Thread-238] INFO  impl.RaftServerImpl (RaftServerImpl.java:setRole(174)) - df3fee13-edb1-4245-be34-bb4c7d942b62@group-163C3D850AFB: changes role from  FOLLOWER to CANDIDATE at term 0 for changeToCandidate
2019-09-25 07:34:05,132 [Thread-238] INFO  impl.RoleInfo (RoleInfo.java:updateAndGet(143)) - df3fee13-edb1-4245-be34-bb4c7d942b62: start LeaderElection
2019-09-25 07:34:05,144 [9659e150-6db8-46c9-9754-45a2163a8a7f@group-206EBB6809E3-SegmentedRaftLogWorker] INFO  segmented.SegmentedRaftLogWorker (SegmentedRaftLogWorker.java:execute(569)) - 9659e150-6db8-46c9-9754-45a2163a8a7f@group-206EBB6809E3-SegmentedRaftLogWorker: created new log segment /workdir/hadoop-ozone/tools/target/test-dir/MiniOzoneClusterImpl-55ba2c16-82ef-4526-82fa-9313f8d95d3f/datanode-1/data/ratis/b118635f-9ac3-40b2-a455-206ebb6809e3/current/log_inprogress_0
2019-09-25 07:34:05,144 [df3fee13-edb1-4245-be34-bb4c7d942b62@group-163C3D850AFB:LeaderElection9] INFO  impl.LeaderElection (LeaderElection.java:askForVotes(182)) - df3fee13-edb1-4245-be34-bb4c7d942b62@group-163C3D850AFB:LeaderElection9: begin an election at term 1 for -1: [df3fee13-edb1-4245-be34-bb4c7d942b62:192.168.151.106:43278], old=null
2019-09-25 07:34:05,144 [df3fee13-edb1-4245-be34-bb4c7d942b62@group-163C3D850AFB:LeaderElection9] INFO  impl.RoleInfo (RoleInfo.java:shutdownLeaderElection(134)) - df3fee13-edb1-4245-be34-bb4c7d942b62: shutdown LeaderElection
2019-09-25 07:34:05,145 [df3fee13-edb1-4245-be34-bb4c7d942b62@group-163C3D850AFB:LeaderElection9] INFO  impl.RaftServerImpl (RaftServerImpl.java:setRole(174)) - df3fee13-edb1-4245-be34-bb4c7d942b62@group-163C3D850AFB: changes role from CANDIDATE to LEADER at term 1 for changeToLeader
2019-09-25 07:34:05,145 [df3fee13-edb1-4245-be34-bb4c7d942b62@group-163C3D850AFB:LeaderElection9] INFO  impl.RaftServerImpl (ServerState.java:setLeader(253)) - df3fee13-edb1-4245-be34-bb4c7d942b62@group-163C3D850AFB: change Leader from null to df3fee13-edb1-4245-be34-bb4c7d942b62 at term 1 for becomeLeader, leader elected after 5054ms
2019-09-25 07:34:05,145 [df3fee13-edb1-4245-be34-bb4c7d942b62@group-163C3D850AFB:LeaderElection9] INFO  server.RaftServerConfigKeys (ConfUtils.java:logGet(43)) - raft.server.staging.catchup.gap = 1000 (default)
2019-09-25 07:34:05,145 [df3fee13-edb1-4245-be34-bb4c7d942b62@group-163C3D850AFB:LeaderElection9] INFO  server.RaftServerConfigKeys (ConfUtils.java:logGet(43)) - raft.server.rpc.sleep.time = 25ms (default)
2019-09-25 07:34:05,145 [df3fee13-edb1-4245-be34-bb4c7d942b62@group-163C3D850AFB:LeaderElection9] INFO  server.RaftServerConfigKeys (ConfUtils.java:logGet(43)) - raft.server.write.element-limit = 4096 (default)
2019-09-25 07:34:05,146 [df3fee13-edb1-4245-be34-bb4c7d942b62@group-163C3D850AFB:LeaderElection9] INFO  server.RaftServerConfigKeys (ConfUtils.java:logGet(43)) - raft.server.watch.timeout = 10s (default)
2019-09-25 07:34:05,146 [df3fee13-edb1-4245-be34-bb4c7d942b62@group-163C3D850AFB:LeaderElection9] INFO  server.RaftServerConfigKeys (ConfUtils.java:logGet(43)) - raft.server.watch.timeout.denomination = 1s (default)
2019-09-25 07:34:05,146 [df3fee13-edb1-4245-be34-bb4c7d942b62@group-163C3D850AFB:LeaderElection9] INFO  server.RaftServerConfigKeys (ConfUtils.java:logGet(43)) - raft.server.watch.element-limit = 65536 (default)
2019-09-25 07:34:05,149 [df3fee13-edb1-4245-be34-bb4c7d942b62@group-163C3D850AFB:LeaderElection9] INFO  impl.RoleInfo (RoleInfo.java:updateAndGet(143)) - df3fee13-edb1-4245-be34-bb4c7d942b62: start LeaderState
2019-09-25 07:34:05,149 [df3fee13-edb1-4245-be34-bb4c7d942b62@group-163C3D850AFB:LeaderElection9] INFO  segmented.SegmentedRaftLogWorker (SegmentedRaftLogWorker.java:startLogSegment(380)) - df3fee13-edb1-4245-be34-bb4c7d942b62@group-163C3D850AFB-SegmentedRaftLogWorker: Starting segment from index:0
2019-09-25 07:34:05,149 [df3fee13-edb1-4245-be34-bb4c7d942b62@group-163C3D850AFB:LeaderElection9] INFO  impl.RaftServerImpl (ServerState.java:setRaftConf(354)) - df3fee13-edb1-4245-be34-bb4c7d942b62@group-163C3D850AFB: set configuration 0: [df3fee13-edb1-4245-be34-bb4c7d942b62:192.168.151.106:43278], old=null at 0
2019-09-25 07:34:05,208 [Thread-235] INFO  impl.FollowerState (FollowerState.java:run(106)) - df3fee13-edb1-4245-be34-bb4c7d942b62:group-D286C75EB289 changes to CANDIDATE, lastRpcTime:5169, electionTimeout:5169ms
2019-09-25 07:34:05,208 [Thread-235] INFO  impl.RoleInfo (RoleInfo.java:shutdownFollowerState(121)) - df3fee13-edb1-4245-be34-bb4c7d942b62: shutdown FollowerState
2019-09-25 07:34:05,208 [Thread-235] INFO  impl.RaftServerImpl (RaftServerImpl.java:setRole(174)) - df3fee13-edb1-4245-be34-bb4c7d942b62@group-D286C75EB289: changes role from  FOLLOWER to CANDIDATE at term 0 for changeToCandidate
2019-09-25 07:34:05,208 [Thread-235] INFO  impl.RoleInfo (RoleInfo.java:updateAndGet(143)) - df3fee13-edb1-4245-be34-bb4c7d942b62: start LeaderElection
2019-09-25 07:34:05,218 [df3fee13-edb1-4245-be34-bb4c7d942b62@group-163C3D850AFB-SegmentedRaftLogWorker] INFO  segmented.SegmentedRaftLogWorker (SegmentedRaftLogWorker.java:execute(569)) - df3fee13-edb1-4245-be34-bb4c7d942b62@group-163C3D850AFB-SegmentedRaftLogWorker: created new log segment /workdir/hadoop-ozone/tools/target/test-dir/MiniOzoneClusterImpl-55ba2c16-82ef-4526-82fa-9313f8d95d3f/datanode-2/data/ratis/ce66daba-711f-4338-a294-163c3d850afb/current/log_inprogress_0
2019-09-25 07:34:05,220 [df3fee13-edb1-4245-be34-bb4c7d942b62@group-D286C75EB289:LeaderElection10] INFO  impl.LeaderElection (LeaderElection.java:askForVotes(182)) - df3fee13-edb1-4245-be34-bb4c7d942b62@group-D286C75EB289:LeaderElection10: begin an election at term 1 for -1: [df3fee13-edb1-4245-be34-bb4c7d942b62:192.168.151.106:43278], old=null
2019-09-25 07:34:05,220 [df3fee13-edb1-4245-be34-bb4c7d942b62@group-D286C75EB289:LeaderElection10] INFO  impl.RoleInfo (RoleInfo.java:shutdownLeaderElection(134)) - df3fee13-edb1-4245-be34-bb4c7d942b62: shutdown LeaderElection
2019-09-25 07:34:05,221 [df3fee13-edb1-4245-be34-bb4c7d942b62@group-D286C75EB289:LeaderElection10] INFO  impl.RaftServerImpl (RaftServerImpl.java:setRole(174)) - df3fee13-edb1-4245-be34-bb4c7d942b62@group-D286C75EB289: changes role from CANDIDATE to LEADER at term 1 for changeToLeader
2019-09-25 07:34:05,221 [df3fee13-edb1-4245-be34-bb4c7d942b62@group-D286C75EB289:LeaderElection10] INFO  impl.RaftServerImpl (ServerState.java:setLeader(253)) - df3fee13-edb1-4245-be34-bb4c7d942b62@group-D286C75EB289: change Leader from null to df3fee13-edb1-4245-be34-bb4c7d942b62 at term 1 for becomeLeader, leader elected after 5189ms
2019-09-25 07:34:05,221 [df3fee13-edb1-4245-be34-bb4c7d942b62@group-D286C75EB289:LeaderElection10] INFO  server.RaftServerConfigKeys (ConfUtils.java:logGet(43)) - raft.server.staging.catchup.gap = 1000 (default)
2019-09-25 07:34:05,221 [df3fee13-edb1-4245-be34-bb4c7d942b62@group-D286C75EB289:LeaderElection10] INFO  server.RaftServerConfigKeys (ConfUtils.java:logGet(43)) - raft.server.rpc.sleep.time = 25ms (default)
2019-09-25 07:34:05,221 [df3fee13-edb1-4245-be34-bb4c7d942b62@group-D286C75EB289:LeaderElection10] INFO  server.RaftServerConfigKeys (ConfUtils.java:logGet(43)) - raft.server.write.element-limit = 4096 (default)
2019-09-25 07:34:05,222 [df3fee13-edb1-4245-be34-bb4c7d942b62@group-D286C75EB289:LeaderElection10] INFO  server.RaftServerConfigKeys (ConfUtils.java:logGet(43)) - raft.server.watch.timeout = 10s (default)
2019-09-25 07:34:05,222 [df3fee13-edb1-4245-be34-bb4c7d942b62@group-D286C75EB289:LeaderElection10] INFO  server.RaftServerConfigKeys (ConfUtils.java:logGet(43)) - raft.server.watch.timeout.denomination = 1s (default)
2019-09-25 07:34:05,222 [df3fee13-edb1-4245-be34-bb4c7d942b62@group-D286C75EB289:LeaderElection10] INFO  server.RaftServerConfigKeys (ConfUtils.java:logGet(43)) - raft.server.watch.element-limit = 65536 (default)
2019-09-25 07:34:05,226 [df3fee13-edb1-4245-be34-bb4c7d942b62@group-D286C75EB289:LeaderElection10] INFO  impl.RoleInfo (RoleInfo.java:updateAndGet(143)) - df3fee13-edb1-4245-be34-bb4c7d942b62: start LeaderState
2019-09-25 07:34:05,227 [df3fee13-edb1-4245-be34-bb4c7d942b62@group-D286C75EB289:LeaderElection10] INFO  segmented.SegmentedRaftLogWorker (SegmentedRaftLogWorker.java:startLogSegment(380)) - df3fee13-edb1-4245-be34-bb4c7d942b62@group-D286C75EB289-SegmentedRaftLogWorker: Starting segment from index:0
2019-09-25 07:34:05,227 [df3fee13-edb1-4245-be34-bb4c7d942b62@group-D286C75EB289:LeaderElection10] INFO  impl.RaftServerImpl (ServerState.java:setRaftConf(354)) - df3fee13-edb1-4245-be34-bb4c7d942b62@group-D286C75EB289: set configuration 0: [df3fee13-edb1-4245-be34-bb4c7d942b62:192.168.151.106:43278], old=null at 0
2019-09-25 07:34:05,292 [df3fee13-edb1-4245-be34-bb4c7d942b62@group-D286C75EB289-SegmentedRaftLogWorker] INFO  segmented.SegmentedRaftLogWorker (SegmentedRaftLogWorker.java:execute(569)) - df3fee13-edb1-4245-be34-bb4c7d942b62@group-D286C75EB289-SegmentedRaftLogWorker: created new log segment /workdir/hadoop-ozone/tools/target/test-dir/MiniOzoneClusterImpl-55ba2c16-82ef-4526-82fa-9313f8d95d3f/datanode-2/data/ratis/78c5b6f6-0572-416f-85c0-d286c75eb289/current/log_inprogress_0
2019-09-25 07:34:05,305 [Thread-241] INFO  impl.FollowerState (FollowerState.java:run(106)) - bdcda101-49b0-4c87-b510-4eac276b6602:group-11A224F96DF4 changes to CANDIDATE, lastRpcTime:5138, electionTimeout:5138ms
2019-09-25 07:34:05,305 [Thread-241] INFO  impl.RoleInfo (RoleInfo.java:shutdownFollowerState(121)) - bdcda101-49b0-4c87-b510-4eac276b6602: shutdown FollowerState
2019-09-25 07:34:05,305 [Thread-241] INFO  impl.RaftServerImpl (RaftServerImpl.java:setRole(174)) - bdcda101-49b0-4c87-b510-4eac276b6602@group-11A224F96DF4: changes role from  FOLLOWER to CANDIDATE at term 0 for changeToCandidate
2019-09-25 07:34:05,306 [Thread-241] INFO  impl.RoleInfo (RoleInfo.java:updateAndGet(143)) - bdcda101-49b0-4c87-b510-4eac276b6602: start LeaderElection
2019-09-25 07:34:05,339 [Thread-245] INFO  impl.FollowerState (FollowerState.java:run(106)) - 9659e150-6db8-46c9-9754-45a2163a8a7f:group-690FA39D23DE changes to CANDIDATE, lastRpcTime:5101, electionTimeout:5101ms
2019-09-25 07:34:05,339 [Thread-245] INFO  impl.RoleInfo (RoleInfo.java:shutdownFollowerState(121)) - 9659e150-6db8-46c9-9754-45a2163a8a7f: shutdown FollowerState
2019-09-25 07:34:05,339 [Thread-245] INFO  impl.RaftServerImpl (RaftServerImpl.java:setRole(174)) - 9659e150-6db8-46c9-9754-45a2163a8a7f@group-690FA39D23DE: changes role from  FOLLOWER to CANDIDATE at term 0 for changeToCandidate
2019-09-25 07:34:05,340 [Thread-245] INFO  impl.RoleInfo (RoleInfo.java:updateAndGet(143)) - 9659e150-6db8-46c9-9754-45a2163a8a7f: start LeaderElection
2019-09-25 07:34:05,345 [bdcda101-49b0-4c87-b510-4eac276b6602@group-11A224F96DF4:LeaderElection11] INFO  impl.LeaderElection (LeaderElection.java:askForVotes(182)) - bdcda101-49b0-4c87-b510-4eac276b6602@group-11A224F96DF4:LeaderElection11: begin an election at term 1 for -1: [bdcda101-49b0-4c87-b510-4eac276b6602:192.168.151.106:38523], old=null
2019-09-25 07:34:05,346 [bdcda101-49b0-4c87-b510-4eac276b6602@group-11A224F96DF4:LeaderElection11] INFO  impl.RoleInfo (RoleInfo.java:shutdownLeaderElection(134)) - bdcda101-49b0-4c87-b510-4eac276b6602: shutdown LeaderElection
2019-09-25 07:34:05,346 [bdcda101-49b0-4c87-b510-4eac276b6602@group-11A224F96DF4:LeaderElection11] INFO  impl.RaftServerImpl (RaftServerImpl.java:setRole(174)) - bdcda101-49b0-4c87-b510-4eac276b6602@group-11A224F96DF4: changes role from CANDIDATE to LEADER at term 1 for changeToLeader
2019-09-25 07:34:05,346 [bdcda101-49b0-4c87-b510-4eac276b6602@group-11A224F96DF4:LeaderElection11] INFO  impl.RaftServerImpl (ServerState.java:setLeader(253)) - bdcda101-49b0-4c87-b510-4eac276b6602@group-11A224F96DF4: change Leader from null to bdcda101-49b0-4c87-b510-4eac276b6602 at term 1 for becomeLeader, leader elected after 5185ms
2019-09-25 07:34:05,346 [bdcda101-49b0-4c87-b510-4eac276b6602@group-11A224F96DF4:LeaderElection11] INFO  server.RaftServerConfigKeys (ConfUtils.java:logGet(43)) - raft.server.staging.catchup.gap = 1000 (default)
2019-09-25 07:34:05,346 [bdcda101-49b0-4c87-b510-4eac276b6602@group-11A224F96DF4:LeaderElection11] INFO  server.RaftServerConfigKeys (ConfUtils.java:logGet(43)) - raft.server.rpc.sleep.time = 25ms (default)
2019-09-25 07:34:05,347 [bdcda101-49b0-4c87-b510-4eac276b6602@group-11A224F96DF4:LeaderElection11] INFO  server.RaftServerConfigKeys (ConfUtils.java:logGet(43)) - raft.server.write.element-limit = 4096 (default)
2019-09-25 07:34:05,347 [bdcda101-49b0-4c87-b510-4eac276b6602@group-11A224F96DF4:LeaderElection11] INFO  server.RaftServerConfigKeys (ConfUtils.java:logGet(43)) - raft.server.watch.timeout = 10s (default)
2019-09-25 07:34:05,347 [bdcda101-49b0-4c87-b510-4eac276b6602@group-11A224F96DF4:LeaderElection11] INFO  server.RaftServerConfigKeys (ConfUtils.java:logGet(43)) - raft.server.watch.timeout.denomination = 1s (default)
2019-09-25 07:34:05,347 [bdcda101-49b0-4c87-b510-4eac276b6602@group-11A224F96DF4:LeaderElection11] INFO  server.RaftServerConfigKeys (ConfUtils.java:logGet(43)) - raft.server.watch.element-limit = 65536 (default)
2019-09-25 07:34:05,349 [bdcda101-49b0-4c87-b510-4eac276b6602@group-11A224F96DF4:LeaderElection11] INFO  impl.RoleInfo (RoleInfo.java:updateAndGet(143)) - bdcda101-49b0-4c87-b510-4eac276b6602: start LeaderState
2019-09-25 07:34:05,350 [bdcda101-49b0-4c87-b510-4eac276b6602@group-11A224F96DF4:LeaderElection11] INFO  segmented.SegmentedRaftLogWorker (SegmentedRaftLogWorker.java:startLogSegment(380)) - bdcda101-49b0-4c87-b510-4eac276b6602@group-11A224F96DF4-SegmentedRaftLogWorker: Starting segment from index:0
2019-09-25 07:34:05,350 [bdcda101-49b0-4c87-b510-4eac276b6602@group-11A224F96DF4:LeaderElection11] INFO  impl.RaftServerImpl (ServerState.java:setRaftConf(354)) - bdcda101-49b0-4c87-b510-4eac276b6602@group-11A224F96DF4: set configuration 0: [bdcda101-49b0-4c87-b510-4eac276b6602:192.168.151.106:38523], old=null at 0
2019-09-25 07:34:05,391 [9659e150-6db8-46c9-9754-45a2163a8a7f@group-690FA39D23DE:LeaderElection12] INFO  impl.LeaderElection (LeaderElection.java:askForVotes(182)) - 9659e150-6db8-46c9-9754-45a2163a8a7f@group-690FA39D23DE:LeaderElection12: begin an election at term 1 for -1: [9659e150-6db8-46c9-9754-45a2163a8a7f:192.168.151.106:44942], old=null
2019-09-25 07:34:05,391 [9659e150-6db8-46c9-9754-45a2163a8a7f@group-690FA39D23DE:LeaderElection12] INFO  impl.RoleInfo (RoleInfo.java:shutdownLeaderElection(134)) - 9659e150-6db8-46c9-9754-45a2163a8a7f: shutdown LeaderElection
2019-09-25 07:34:05,392 [9659e150-6db8-46c9-9754-45a2163a8a7f@group-690FA39D23DE:LeaderElection12] INFO  impl.RaftServerImpl (RaftServerImpl.java:setRole(174)) - 9659e150-6db8-46c9-9754-45a2163a8a7f@group-690FA39D23DE: changes role from CANDIDATE to LEADER at term 1 for changeToLeader
2019-09-25 07:34:05,392 [9659e150-6db8-46c9-9754-45a2163a8a7f@group-690FA39D23DE:LeaderElection12] INFO  impl.RaftServerImpl (ServerState.java:setLeader(253)) - 9659e150-6db8-46c9-9754-45a2163a8a7f@group-690FA39D23DE: change Leader from null to 9659e150-6db8-46c9-9754-45a2163a8a7f at term 1 for becomeLeader, leader elected after 5161ms
2019-09-25 07:34:05,392 [9659e150-6db8-46c9-9754-45a2163a8a7f@group-690FA39D23DE:LeaderElection12] INFO  server.RaftServerConfigKeys (ConfUtils.java:logGet(43)) - raft.server.staging.catchup.gap = 1000 (default)
2019-09-25 07:34:05,392 [9659e150-6db8-46c9-9754-45a2163a8a7f@group-690FA39D23DE:LeaderElection12] INFO  server.RaftServerConfigKeys (ConfUtils.java:logGet(43)) - raft.server.rpc.sleep.time = 25ms (default)
2019-09-25 07:34:05,392 [9659e150-6db8-46c9-9754-45a2163a8a7f@group-690FA39D23DE:LeaderElection12] INFO  server.RaftServerConfigKeys (ConfUtils.java:logGet(43)) - raft.server.write.element-limit = 4096 (default)
2019-09-25 07:34:05,393 [9659e150-6db8-46c9-9754-45a2163a8a7f@group-690FA39D23DE:LeaderElection12] INFO  server.RaftServerConfigKeys (ConfUtils.java:logGet(43)) - raft.server.watch.timeout = 10s (default)
2019-09-25 07:34:05,393 [9659e150-6db8-46c9-9754-45a2163a8a7f@group-690FA39D23DE:LeaderElection12] INFO  server.RaftServerConfigKeys (ConfUtils.java:logGet(43)) - raft.server.watch.timeout.denomination = 1s (default)
2019-09-25 07:34:05,393 [9659e150-6db8-46c9-9754-45a2163a8a7f@group-690FA39D23DE:LeaderElection12] INFO  server.RaftServerConfigKeys (ConfUtils.java:logGet(43)) - raft.server.watch.element-limit = 65536 (default)
2019-09-25 07:34:05,396 [9659e150-6db8-46c9-9754-45a2163a8a7f@group-690FA39D23DE:LeaderElection12] INFO  impl.RoleInfo (RoleInfo.java:updateAndGet(143)) - 9659e150-6db8-46c9-9754-45a2163a8a7f: start LeaderState
2019-09-25 07:34:05,396 [9659e150-6db8-46c9-9754-45a2163a8a7f@group-690FA39D23DE:LeaderElection12] INFO  segmented.SegmentedRaftLogWorker (SegmentedRaftLogWorker.java:startLogSegment(380)) - 9659e150-6db8-46c9-9754-45a2163a8a7f@group-690FA39D23DE-SegmentedRaftLogWorker: Starting segment from index:0
2019-09-25 07:34:05,397 [9659e150-6db8-46c9-9754-45a2163a8a7f@group-690FA39D23DE:LeaderElection12] INFO  impl.RaftServerImpl (ServerState.java:setRaftConf(354)) - 9659e150-6db8-46c9-9754-45a2163a8a7f@group-690FA39D23DE: set configuration 0: [9659e150-6db8-46c9-9754-45a2163a8a7f:192.168.151.106:44942], old=null at 0
2019-09-25 07:34:05,417 [bdcda101-49b0-4c87-b510-4eac276b6602@group-11A224F96DF4-SegmentedRaftLogWorker] INFO  segmented.SegmentedRaftLogWorker (SegmentedRaftLogWorker.java:execute(569)) - bdcda101-49b0-4c87-b510-4eac276b6602@group-11A224F96DF4-SegmentedRaftLogWorker: created new log segment /workdir/hadoop-ozone/tools/target/test-dir/MiniOzoneClusterImpl-55ba2c16-82ef-4526-82fa-9313f8d95d3f/datanode-0/data/ratis/06e67670-ee86-488a-b41f-11a224f96df4/current/log_inprogress_0
 100.00% |█████████████████████████████████████████████████████████████████████████████████████████████████████|  1/1 Time: 0:00:05
2019-09-25 07:34:05,441 [9659e150-6db8-46c9-9754-45a2163a8a7f@group-690FA39D23DE-SegmentedRaftLogWorker] INFO  segmented.SegmentedRaftLogWorker (SegmentedRaftLogWorker.java:execute(569)) - 9659e150-6db8-46c9-9754-45a2163a8a7f@group-690FA39D23DE-SegmentedRaftLogWorker: created new log segment /workdir/hadoop-ozone/tools/target/test-dir/MiniOzoneClusterImpl-55ba2c16-82ef-4526-82fa-9313f8d95d3f/datanode-1/data/ratis/4aa5eb54-61d4-4daa-80bf-690fa39d23de/current/log_inprogress_0
2019-09-25 07:34:05,476 [Thread-248] INFO  impl.FollowerState (FollowerState.java:run(106)) - bdcda101-49b0-4c87-b510-4eac276b6602:group-797C121E2C37 changes to CANDIDATE, lastRpcTime:5181, electionTimeout:5181ms
2019-09-25 07:34:05,476 [Thread-248] INFO  impl.RoleInfo (RoleInfo.java:shutdownFollowerState(121)) - bdcda101-49b0-4c87-b510-4eac276b6602: shutdown FollowerState
2019-09-25 07:34:05,476 [Thread-248] INFO  impl.RaftServerImpl (RaftServerImpl.java:setRole(174)) - bdcda101-49b0-4c87-b510-4eac276b6602@group-797C121E2C37: changes role from  FOLLOWER to CANDIDATE at term 0 for changeToCandidate
2019-09-25 07:34:05,476 [Thread-248] INFO  impl.RoleInfo (RoleInfo.java:updateAndGet(143)) - bdcda101-49b0-4c87-b510-4eac276b6602: start LeaderElection
2019-09-25 07:34:05,494 [bdcda101-49b0-4c87-b510-4eac276b6602@group-797C121E2C37:LeaderElection13] INFO  impl.LeaderElection (LeaderElection.java:askForVotes(182)) - bdcda101-49b0-4c87-b510-4eac276b6602@group-797C121E2C37:LeaderElection13: begin an election at term 1 for -1: [bdcda101-49b0-4c87-b510-4eac276b6602:192.168.151.106:38523], old=null
2019-09-25 07:34:05,494 [bdcda101-49b0-4c87-b510-4eac276b6602@group-797C121E2C37:LeaderElection13] INFO  impl.RoleInfo (RoleInfo.java:shutdownLeaderElection(134)) - bdcda101-49b0-4c87-b510-4eac276b6602: shutdown LeaderElection
2019-09-25 07:34:05,494 [bdcda101-49b0-4c87-b510-4eac276b6602@group-797C121E2C37:LeaderElection13] INFO  impl.RaftServerImpl (RaftServerImpl.java:setRole(174)) - bdcda101-49b0-4c87-b510-4eac276b6602@group-797C121E2C37: changes role from CANDIDATE to LEADER at term 1 for changeToLeader
2019-09-25 07:34:05,494 [bdcda101-49b0-4c87-b510-4eac276b6602@group-797C121E2C37:LeaderElection13] INFO  impl.RaftServerImpl (ServerState.java:setLeader(253)) - bdcda101-49b0-4c87-b510-4eac276b6602@group-797C121E2C37: change Leader from null to bdcda101-49b0-4c87-b510-4eac276b6602 at term 1 for becomeLeader, leader elected after 5205ms
2019-09-25 07:34:05,495 [bdcda101-49b0-4c87-b510-4eac276b6602@group-797C121E2C37:LeaderElection13] INFO  server.RaftServerConfigKeys (ConfUtils.java:logGet(43)) - raft.server.staging.catchup.gap = 1000 (default)
2019-09-25 07:34:05,495 [bdcda101-49b0-4c87-b510-4eac276b6602@group-797C121E2C37:LeaderElection13] INFO  server.RaftServerConfigKeys (ConfUtils.java:logGet(43)) - raft.server.rpc.sleep.time = 25ms (default)
2019-09-25 07:34:05,495 [bdcda101-49b0-4c87-b510-4eac276b6602@group-797C121E2C37:LeaderElection13] INFO  server.RaftServerConfigKeys (ConfUtils.java:logGet(43)) - raft.server.write.element-limit = 4096 (default)
2019-09-25 07:34:05,495 [bdcda101-49b0-4c87-b510-4eac276b6602@group-797C121E2C37:LeaderElection13] INFO  server.RaftServerConfigKeys (ConfUtils.java:logGet(43)) - raft.server.watch.timeout = 10s (default)
2019-09-25 07:34:05,495 [bdcda101-49b0-4c87-b510-4eac276b6602@group-797C121E2C37:LeaderElection13] INFO  server.RaftServerConfigKeys (ConfUtils.java:logGet(43)) - raft.server.watch.timeout.denomination = 1s (default)
2019-09-25 07:34:05,495 [bdcda101-49b0-4c87-b510-4eac276b6602@group-797C121E2C37:LeaderElection13] INFO  server.RaftServerConfigKeys (ConfUtils.java:logGet(43)) - raft.server.watch.element-limit = 65536 (default)
2019-09-25 07:34:05,498 [bdcda101-49b0-4c87-b510-4eac276b6602@group-797C121E2C37:LeaderElection13] INFO  impl.RoleInfo (RoleInfo.java:updateAndGet(143)) - bdcda101-49b0-4c87-b510-4eac276b6602: start LeaderState
2019-09-25 07:34:05,499 [bdcda101-49b0-4c87-b510-4eac276b6602@group-797C121E2C37:LeaderElection13] INFO  segmented.SegmentedRaftLogWorker (SegmentedRaftLogWorker.java:startLogSegment(380)) - bdcda101-49b0-4c87-b510-4eac276b6602@group-797C121E2C37-SegmentedRaftLogWorker: Starting segment from index:0
2019-09-25 07:34:05,499 [bdcda101-49b0-4c87-b510-4eac276b6602@group-797C121E2C37:LeaderElection13] INFO  impl.RaftServerImpl (ServerState.java:setRaftConf(354)) - bdcda101-49b0-4c87-b510-4eac276b6602@group-797C121E2C37: set configuration 0: [bdcda101-49b0-4c87-b510-4eac276b6602:192.168.151.106:38523], old=null at 0
2019-09-25 07:34:05,540 [Thread-251] INFO  impl.FollowerState (FollowerState.java:run(106)) - bdcda101-49b0-4c87-b510-4eac276b6602:group-1B9E007D3951 changes to CANDIDATE, lastRpcTime:5193, electionTimeout:5172ms
2019-09-25 07:34:05,540 [Thread-251] INFO  impl.RoleInfo (RoleInfo.java:shutdownFollowerState(121)) - bdcda101-49b0-4c87-b510-4eac276b6602: shutdown FollowerState
2019-09-25 07:34:05,540 [Thread-251] INFO  impl.RaftServerImpl (RaftServerImpl.java:setRole(174)) - bdcda101-49b0-4c87-b510-4eac276b6602@group-1B9E007D3951: changes role from  FOLLOWER to CANDIDATE at term 0 for changeToCandidate
2019-09-25 07:34:05,541 [Thread-251] INFO  impl.RoleInfo (RoleInfo.java:updateAndGet(143)) - bdcda101-49b0-4c87-b510-4eac276b6602: start LeaderElection
2019-09-25 07:34:05,543 [Thread-257] INFO  impl.FollowerState (FollowerState.java:run(106)) - df3fee13-edb1-4245-be34-bb4c7d942b62:group-E0427018BE19 changes to CANDIDATE, lastRpcTime:5110, electionTimeout:5109ms
2019-09-25 07:34:05,547 [Thread-257] INFO  impl.RoleInfo (RoleInfo.java:shutdownFollowerState(121)) - df3fee13-edb1-4245-be34-bb4c7d942b62: shutdown FollowerState
2019-09-25 07:34:05,547 [Thread-257] INFO  impl.RaftServerImpl (RaftServerImpl.java:setRole(174)) - df3fee13-edb1-4245-be34-bb4c7d942b62@group-E0427018BE19: changes role from  FOLLOWER to CANDIDATE at term 0 for changeToCandidate
2019-09-25 07:34:05,547 [Thread-257] INFO  impl.RoleInfo (RoleInfo.java:updateAndGet(143)) - df3fee13-edb1-4245-be34-bb4c7d942b62: start LeaderElection
2019-09-25 07:34:05,619 [bdcda101-49b0-4c87-b510-4eac276b6602@group-797C121E2C37-SegmentedRaftLogWorker] INFO  segmented.SegmentedRaftLogWorker (SegmentedRaftLogWorker.java:execute(569)) - bdcda101-49b0-4c87-b510-4eac276b6602@group-797C121E2C37-SegmentedRaftLogWorker: created new log segment /workdir/hadoop-ozone/tools/target/test-dir/MiniOzoneClusterImpl-55ba2c16-82ef-4526-82fa-9313f8d95d3f/datanode-0/data/ratis/deb878d9-f469-4694-a3d8-797c121e2c37/current/log_inprogress_0
2019-09-25 07:34:05,620 [bdcda101-49b0-4c87-b510-4eac276b6602@group-1B9E007D3951:LeaderElection14] INFO  impl.LeaderElection (LeaderElection.java:askForVotes(182)) - bdcda101-49b0-4c87-b510-4eac276b6602@group-1B9E007D3951:LeaderElection14: begin an election at term 1 for -1: [bdcda101-49b0-4c87-b510-4eac276b6602:192.168.151.106:38523], old=null
2019-09-25 07:34:05,620 [df3fee13-edb1-4245-be34-bb4c7d942b62@group-E0427018BE19:LeaderElection15] INFO  impl.LeaderElection (LeaderElection.java:askForVotes(182)) - df3fee13-edb1-4245-be34-bb4c7d942b62@group-E0427018BE19:LeaderElection15: begin an election at term 1 for -1: [df3fee13-edb1-4245-be34-bb4c7d942b62:192.168.151.106:43278], old=null
2019-09-25 07:34:05,620 [bdcda101-49b0-4c87-b510-4eac276b6602@group-1B9E007D3951:LeaderElection14] INFO  impl.RoleInfo (RoleInfo.java:shutdownLeaderElection(134)) - bdcda101-49b0-4c87-b510-4eac276b6602: shutdown LeaderElection
2019-09-25 07:34:05,620 [df3fee13-edb1-4245-be34-bb4c7d942b62@group-E0427018BE19:LeaderElection15] INFO  impl.RoleInfo (RoleInfo.java:shutdownLeaderElection(134)) - df3fee13-edb1-4245-be34-bb4c7d942b62: shutdown LeaderElection
2019-09-25 07:34:05,620 [bdcda101-49b0-4c87-b510-4eac276b6602@group-1B9E007D3951:LeaderElection14] INFO  impl.RaftServerImpl (RaftServerImpl.java:setRole(174)) - bdcda101-49b0-4c87-b510-4eac276b6602@group-1B9E007D3951: changes role from CANDIDATE to LEADER at term 1 for changeToLeader
2019-09-25 07:34:05,620 [df3fee13-edb1-4245-be34-bb4c7d942b62@group-E0427018BE19:LeaderElection15] INFO  impl.RaftServerImpl (RaftServerImpl.java:setRole(174)) - df3fee13-edb1-4245-be34-bb4c7d942b62@group-E0427018BE19: changes role from CANDIDATE to LEADER at term 1 for changeToLeader
2019-09-25 07:34:05,620 [bdcda101-49b0-4c87-b510-4eac276b6602@group-1B9E007D3951:LeaderElection14] INFO  impl.RaftServerImpl (ServerState.java:setLeader(253)) - bdcda101-49b0-4c87-b510-4eac276b6602@group-1B9E007D3951: change Leader from null to bdcda101-49b0-4c87-b510-4eac276b6602 at term 1 for becomeLeader, leader elected after 5278ms
2019-09-25 07:34:05,621 [df3fee13-edb1-4245-be34-bb4c7d942b62@group-E0427018BE19:LeaderElection15] INFO  impl.RaftServerImpl (ServerState.java:setLeader(253)) - df3fee13-edb1-4245-be34-bb4c7d942b62@group-E0427018BE19: change Leader from null to df3fee13-edb1-4245-be34-bb4c7d942b62 at term 1 for becomeLeader, leader elected after 5199ms
2019-09-25 07:34:05,621 [bdcda101-49b0-4c87-b510-4eac276b6602@group-1B9E007D3951:LeaderElection14] INFO  server.RaftServerConfigKeys (ConfUtils.java:logGet(43)) - raft.server.staging.catchup.gap = 1000 (default)
2019-09-25 07:34:05,621 [df3fee13-edb1-4245-be34-bb4c7d942b62@group-E0427018BE19:LeaderElection15] INFO  server.RaftServerConfigKeys (ConfUtils.java:logGet(43)) - raft.server.staging.catchup.gap = 1000 (default)
2019-09-25 07:34:05,621 [bdcda101-49b0-4c87-b510-4eac276b6602@group-1B9E007D3951:LeaderElection14] INFO  server.RaftServerConfigKeys (ConfUtils.java:logGet(43)) - raft.server.rpc.sleep.time = 25ms (default)
2019-09-25 07:34:05,621 [df3fee13-edb1-4245-be34-bb4c7d942b62@group-E0427018BE19:LeaderElection15] INFO  server.RaftServerConfigKeys (ConfUtils.java:logGet(43)) - raft.server.rpc.sleep.time = 25ms (default)
2019-09-25 07:34:05,621 [bdcda101-49b0-4c87-b510-4eac276b6602@group-1B9E007D3951:LeaderElection14] INFO  server.RaftServerConfigKeys (ConfUtils.java:logGet(43)) - raft.server.write.element-limit = 4096 (default)
2019-09-25 07:34:05,622 [df3fee13-edb1-4245-be34-bb4c7d942b62@group-E0427018BE19:LeaderElection15] INFO  server.RaftServerConfigKeys (ConfUtils.java:logGet(43)) - raft.server.write.element-limit = 4096 (default)
2019-09-25 07:34:05,622 [bdcda101-49b0-4c87-b510-4eac276b6602@group-1B9E007D3951:LeaderElection14] INFO  server.RaftServerConfigKeys (ConfUtils.java:logGet(43)) - raft.server.watch.timeout = 10s (default)
2019-09-25 07:34:05,622 [df3fee13-edb1-4245-be34-bb4c7d942b62@group-E0427018BE19:LeaderElection15] INFO  server.RaftServerConfigKeys (ConfUtils.java:logGet(43)) - raft.server.watch.timeout = 10s (default)
2019-09-25 07:34:05,622 [bdcda101-49b0-4c87-b510-4eac276b6602@group-1B9E007D3951:LeaderElection14] INFO  server.RaftServerConfigKeys (ConfUtils.java:logGet(43)) - raft.server.watch.timeout.denomination = 1s (default)
2019-09-25 07:34:05,622 [df3fee13-edb1-4245-be34-bb4c7d942b62@group-E0427018BE19:LeaderElection15] INFO  server.RaftServerConfigKeys (ConfUtils.java:logGet(43)) - raft.server.watch.timeout.denomination = 1s (default)
2019-09-25 07:34:05,622 [bdcda101-49b0-4c87-b510-4eac276b6602@group-1B9E007D3951:LeaderElection14] INFO  server.RaftServerConfigKeys (ConfUtils.java:logGet(43)) - raft.server.watch.element-limit = 65536 (default)
2019-09-25 07:34:05,622 [df3fee13-edb1-4245-be34-bb4c7d942b62@group-E0427018BE19:LeaderElection15] INFO  server.RaftServerConfigKeys (ConfUtils.java:logGet(43)) - raft.server.watch.element-limit = 65536 (default)
2019-09-25 07:34:05,626 [bdcda101-49b0-4c87-b510-4eac276b6602@group-1B9E007D3951:LeaderElection14] INFO  impl.RoleInfo (RoleInfo.java:updateAndGet(143)) - bdcda101-49b0-4c87-b510-4eac276b6602: start LeaderState
2019-09-25 07:34:05,626 [bdcda101-49b0-4c87-b510-4eac276b6602@group-1B9E007D3951:LeaderElection14] INFO  segmented.SegmentedRaftLogWorker (SegmentedRaftLogWorker.java:startLogSegment(380)) - bdcda101-49b0-4c87-b510-4eac276b6602@group-1B9E007D3951-SegmentedRaftLogWorker: Starting segment from index:0
2019-09-25 07:34:05,626 [df3fee13-edb1-4245-be34-bb4c7d942b62@group-E0427018BE19:LeaderElection15] INFO  impl.RoleInfo (RoleInfo.java:updateAndGet(143)) - df3fee13-edb1-4245-be34-bb4c7d942b62: start LeaderState
2019-09-25 07:34:05,626 [df3fee13-edb1-4245-be34-bb4c7d942b62@group-E0427018BE19:LeaderElection15] INFO  segmented.SegmentedRaftLogWorker (SegmentedRaftLogWorker.java:startLogSegment(380)) - df3fee13-edb1-4245-be34-bb4c7d942b62@group-E0427018BE19-SegmentedRaftLogWorker: Starting segment from index:0
2019-09-25 07:34:05,627 [bdcda101-49b0-4c87-b510-4eac276b6602@group-1B9E007D3951:LeaderElection14] INFO  impl.RaftServerImpl (ServerState.java:setRaftConf(354)) - bdcda101-49b0-4c87-b510-4eac276b6602@group-1B9E007D3951: set configuration 0: [bdcda101-49b0-4c87-b510-4eac276b6602:192.168.151.106:38523], old=null at 0
2019-09-25 07:34:05,646 [Thread-264] INFO  impl.FollowerState (FollowerState.java:run(106)) - df3fee13-edb1-4245-be34-bb4c7d942b62:group-A5C5AAD55466 changes to CANDIDATE, lastRpcTime:5098, electionTimeout:5094ms
2019-09-25 07:34:05,647 [Thread-264] INFO  impl.RoleInfo (RoleInfo.java:shutdownFollowerState(121)) - df3fee13-edb1-4245-be34-bb4c7d942b62: shutdown FollowerState
2019-09-25 07:34:05,647 [Thread-264] INFO  impl.RaftServerImpl (RaftServerImpl.java:setRole(174)) - df3fee13-edb1-4245-be34-bb4c7d942b62@group-A5C5AAD55466: changes role from  FOLLOWER to CANDIDATE at term 0 for changeToCandidate
2019-09-25 07:34:05,647 [Thread-264] INFO  impl.RoleInfo (RoleInfo.java:updateAndGet(143)) - df3fee13-edb1-4245-be34-bb4c7d942b62: start LeaderElection
2019-09-25 07:34:05,650 [df3fee13-edb1-4245-be34-bb4c7d942b62@group-E0427018BE19:LeaderElection15] INFO  impl.RaftServerImpl (ServerState.java:setRaftConf(354)) - df3fee13-edb1-4245-be34-bb4c7d942b62@group-E0427018BE19: set configuration 0: [df3fee13-edb1-4245-be34-bb4c7d942b62:192.168.151.106:43278], old=null at 0
2019-09-25 07:34:05,691 [bdcda101-49b0-4c87-b510-4eac276b6602@group-1B9E007D3951-SegmentedRaftLogWorker] INFO  segmented.SegmentedRaftLogWorker (SegmentedRaftLogWorker.java:execute(569)) - bdcda101-49b0-4c87-b510-4eac276b6602@group-1B9E007D3951-SegmentedRaftLogWorker: created new log segment /workdir/hadoop-ozone/tools/target/test-dir/MiniOzoneClusterImpl-55ba2c16-82ef-4526-82fa-9313f8d95d3f/datanode-0/data/ratis/523577a4-91c3-432a-81ab-1b9e007d3951/current/log_inprogress_0
2019-09-25 07:34:05,691 [Thread-261] INFO  impl.FollowerState (FollowerState.java:run(106)) - df3fee13-edb1-4245-be34-bb4c7d942b62:group-DE52786F7964 changes to CANDIDATE, lastRpcTime:5188, electionTimeout:5153ms
2019-09-25 07:34:05,691 [Thread-261] INFO  impl.RoleInfo (RoleInfo.java:shutdownFollowerState(121)) - df3fee13-edb1-4245-be34-bb4c7d942b62: shutdown FollowerState
2019-09-25 07:34:05,691 [Thread-261] INFO  impl.RaftServerImpl (RaftServerImpl.java:setRole(174)) - df3fee13-edb1-4245-be34-bb4c7d942b62@group-DE52786F7964: changes role from  FOLLOWER to CANDIDATE at term 0 for changeToCandidate
2019-09-25 07:34:05,692 [Thread-261] INFO  impl.RoleInfo (RoleInfo.java:updateAndGet(143)) - df3fee13-edb1-4245-be34-bb4c7d942b62: start LeaderElection
2019-09-25 07:34:05,697 [df3fee13-edb1-4245-be34-bb4c7d942b62@group-E0427018BE19-SegmentedRaftLogWorker] INFO  segmented.SegmentedRaftLogWorker (SegmentedRaftLogWorker.java:execute(569)) - df3fee13-edb1-4245-be34-bb4c7d942b62@group-E0427018BE19-SegmentedRaftLogWorker: created new log segment /workdir/hadoop-ozone/tools/target/test-dir/MiniOzoneClusterImpl-55ba2c16-82ef-4526-82fa-9313f8d95d3f/datanode-2/data/ratis/882c222b-1ff8-43de-8284-e0427018be19/current/log_inprogress_0
2019-09-25 07:34:05,697 [df3fee13-edb1-4245-be34-bb4c7d942b62@group-A5C5AAD55466:LeaderElection16] INFO  impl.LeaderElection (LeaderElection.java:askForVotes(182)) - df3fee13-edb1-4245-be34-bb4c7d942b62@group-A5C5AAD55466:LeaderElection16: begin an election at term 1 for -1: [df3fee13-edb1-4245-be34-bb4c7d942b62:192.168.151.106:43278], old=null
2019-09-25 07:34:05,697 [df3fee13-edb1-4245-be34-bb4c7d942b62@group-A5C5AAD55466:LeaderElection16] INFO  impl.RoleInfo (RoleInfo.java:shutdownLeaderElection(134)) - df3fee13-edb1-4245-be34-bb4c7d942b62: shutdown LeaderElection
2019-09-25 07:34:05,697 [df3fee13-edb1-4245-be34-bb4c7d942b62@group-A5C5AAD55466:LeaderElection16] INFO  impl.RaftServerImpl (RaftServerImpl.java:setRole(174)) - df3fee13-edb1-4245-be34-bb4c7d942b62@group-A5C5AAD55466: changes role from CANDIDATE to LEADER at term 1 for changeToLeader
2019-09-25 07:34:05,697 [df3fee13-edb1-4245-be34-bb4c7d942b62@group-A5C5AAD55466:LeaderElection16] INFO  impl.RaftServerImpl (ServerState.java:setLeader(253)) - df3fee13-edb1-4245-be34-bb4c7d942b62@group-A5C5AAD55466: change Leader from null to df3fee13-edb1-4245-be34-bb4c7d942b62 at term 1 for becomeLeader, leader elected after 5154ms
2019-09-25 07:34:05,698 [df3fee13-edb1-4245-be34-bb4c7d942b62@group-A5C5AAD55466:LeaderElection16] INFO  server.RaftServerConfigKeys (ConfUtils.java:logGet(43)) - raft.server.staging.catchup.gap = 1000 (default)
2019-09-25 07:34:05,698 [df3fee13-edb1-4245-be34-bb4c7d942b62@group-A5C5AAD55466:LeaderElection16] INFO  server.RaftServerConfigKeys (ConfUtils.java:logGet(43)) - raft.server.rpc.sleep.time = 25ms (default)
2019-09-25 07:34:05,698 [df3fee13-edb1-4245-be34-bb4c7d942b62@group-A5C5AAD55466:LeaderElection16] INFO  server.RaftServerConfigKeys (ConfUtils.java:logGet(43)) - raft.server.write.element-limit = 4096 (default)
2019-09-25 07:34:05,698 [df3fee13-edb1-4245-be34-bb4c7d942b62@group-A5C5AAD55466:LeaderElection16] INFO  server.RaftServerConfigKeys (ConfUtils.java:logGet(43)) - raft.server.watch.timeout = 10s (default)
2019-09-25 07:34:05,698 [df3fee13-edb1-4245-be34-bb4c7d942b62@group-A5C5AAD55466:LeaderElection16] INFO  server.RaftServerConfigKeys (ConfUtils.java:logGet(43)) - raft.server.watch.timeout.denomination = 1s (default)
2019-09-25 07:34:05,699 [df3fee13-edb1-4245-be34-bb4c7d942b62@group-A5C5AAD55466:LeaderElection16] INFO  server.RaftServerConfigKeys (ConfUtils.java:logGet(43)) - raft.server.watch.element-limit = 65536 (default)
2019-09-25 07:34:05,701 [df3fee13-edb1-4245-be34-bb4c7d942b62@group-A5C5AAD55466:LeaderElection16] INFO  impl.RoleInfo (RoleInfo.java:updateAndGet(143)) - df3fee13-edb1-4245-be34-bb4c7d942b62: start LeaderState
2019-09-25 07:34:05,702 [df3fee13-edb1-4245-be34-bb4c7d942b62@group-A5C5AAD55466:LeaderElection16] INFO  segmented.SegmentedRaftLogWorker (SegmentedRaftLogWorker.java:startLogSegment(380)) - df3fee13-edb1-4245-be34-bb4c7d942b62@group-A5C5AAD55466-SegmentedRaftLogWorker: Starting segment from index:0
2019-09-25 07:34:05,702 [df3fee13-edb1-4245-be34-bb4c7d942b62@group-A5C5AAD55466:LeaderElection16] INFO  impl.RaftServerImpl (ServerState.java:setRaftConf(354)) - df3fee13-edb1-4245-be34-bb4c7d942b62@group-A5C5AAD55466: set configuration 0: [df3fee13-edb1-4245-be34-bb4c7d942b62:192.168.151.106:43278], old=null at 0
2019-09-25 07:34:05,742 [df3fee13-edb1-4245-be34-bb4c7d942b62@group-DE52786F7964:LeaderElection17] INFO  impl.LeaderElection (LeaderElection.java:askForVotes(182)) - df3fee13-edb1-4245-be34-bb4c7d942b62@group-DE52786F7964:LeaderElection17: begin an election at term 1 for -1: [df3fee13-edb1-4245-be34-bb4c7d942b62:192.168.151.106:43278], old=null
2019-09-25 07:34:05,742 [df3fee13-edb1-4245-be34-bb4c7d942b62@group-DE52786F7964:LeaderElection17] INFO  impl.RoleInfo (RoleInfo.java:shutdownLeaderElection(134)) - df3fee13-edb1-4245-be34-bb4c7d942b62: shutdown LeaderElection
2019-09-25 07:34:05,743 [df3fee13-edb1-4245-be34-bb4c7d942b62@group-DE52786F7964:LeaderElection17] INFO  impl.RaftServerImpl (RaftServerImpl.java:setRole(174)) - df3fee13-edb1-4245-be34-bb4c7d942b62@group-DE52786F7964: changes role from CANDIDATE to LEADER at term 1 for changeToLeader
2019-09-25 07:34:05,743 [df3fee13-edb1-4245-be34-bb4c7d942b62@group-DE52786F7964:LeaderElection17] INFO  impl.RaftServerImpl (ServerState.java:setLeader(253)) - df3fee13-edb1-4245-be34-bb4c7d942b62@group-DE52786F7964: change Leader from null to df3fee13-edb1-4245-be34-bb4c7d942b62 at term 1 for becomeLeader, leader elected after 5246ms
2019-09-25 07:34:05,743 [df3fee13-edb1-4245-be34-bb4c7d942b62@group-DE52786F7964:LeaderElection17] INFO  server.RaftServerConfigKeys (ConfUtils.java:logGet(43)) - raft.server.staging.catchup.gap = 1000 (default)
2019-09-25 07:34:05,743 [df3fee13-edb1-4245-be34-bb4c7d942b62@group-DE52786F7964:LeaderElection17] INFO  server.RaftServerConfigKeys (ConfUtils.java:logGet(43)) - raft.server.rpc.sleep.time = 25ms (default)
2019-09-25 07:34:05,743 [df3fee13-edb1-4245-be34-bb4c7d942b62@group-DE52786F7964:LeaderElection17] INFO  server.RaftServerConfigKeys (ConfUtils.java:logGet(43)) - raft.server.write.element-limit = 4096 (default)
2019-09-25 07:34:05,743 [df3fee13-edb1-4245-be34-bb4c7d942b62@group-DE52786F7964:LeaderElection17] INFO  server.RaftServerConfigKeys (ConfUtils.java:logGet(43)) - raft.server.watch.timeout = 10s (default)
2019-09-25 07:34:05,744 [df3fee13-edb1-4245-be34-bb4c7d942b62@group-DE52786F7964:LeaderElection17] INFO  server.RaftServerConfigKeys (ConfUtils.java:logGet(43)) - raft.server.watch.timeout.denomination = 1s (default)
2019-09-25 07:34:05,744 [df3fee13-edb1-4245-be34-bb4c7d942b62@group-DE52786F7964:LeaderElection17] INFO  server.RaftServerConfigKeys (ConfUtils.java:logGet(43)) - raft.server.watch.element-limit = 65536 (default)
2019-09-25 07:34:05,746 [df3fee13-edb1-4245-be34-bb4c7d942b62@group-DE52786F7964:LeaderElection17] INFO  impl.RoleInfo (RoleInfo.java:updateAndGet(143)) - df3fee13-edb1-4245-be34-bb4c7d942b62: start LeaderState
2019-09-25 07:34:05,747 [df3fee13-edb1-4245-be34-bb4c7d942b62@group-DE52786F7964:LeaderElection17] INFO  segmented.SegmentedRaftLogWorker (SegmentedRaftLogWorker.java:startLogSegment(380)) - df3fee13-edb1-4245-be34-bb4c7d942b62@group-DE52786F7964-SegmentedRaftLogWorker: Starting segment from index:0
2019-09-25 07:34:05,747 [df3fee13-edb1-4245-be34-bb4c7d942b62@group-DE52786F7964:LeaderElection17] INFO  impl.RaftServerImpl (ServerState.java:setRaftConf(354)) - df3fee13-edb1-4245-be34-bb4c7d942b62@group-DE52786F7964: set configuration 0: [df3fee13-edb1-4245-be34-bb4c7d942b62:192.168.151.106:43278], old=null at 0
2019-09-25 07:34:05,757 [df3fee13-edb1-4245-be34-bb4c7d942b62@group-A5C5AAD55466-SegmentedRaftLogWorker] INFO  segmented.SegmentedRaftLogWorker (SegmentedRaftLogWorker.java:execute(569)) - df3fee13-edb1-4245-be34-bb4c7d942b62@group-A5C5AAD55466-SegmentedRaftLogWorker: created new log segment /workdir/hadoop-ozone/tools/target/test-dir/MiniOzoneClusterImpl-55ba2c16-82ef-4526-82fa-9313f8d95d3f/datanode-2/data/ratis/0c92308a-180e-4ef8-9dbe-a5c5aad55466/current/log_inprogress_0
2019-09-25 07:34:05,759 [Thread-267] INFO  impl.FollowerState (FollowerState.java:run(106)) - 9659e150-6db8-46c9-9754-45a2163a8a7f:group-EF0B528B9D66 changes to CANDIDATE, lastRpcTime:5156, electionTimeout:5156ms
2019-09-25 07:34:05,759 [Thread-267] INFO  impl.RoleInfo (RoleInfo.java:shutdownFollowerState(121)) - 9659e150-6db8-46c9-9754-45a2163a8a7f: shutdown FollowerState
2019-09-25 07:34:05,759 [Thread-267] INFO  impl.RaftServerImpl (RaftServerImpl.java:setRole(174)) - 9659e150-6db8-46c9-9754-45a2163a8a7f@group-EF0B528B9D66: changes role from  FOLLOWER to CANDIDATE at term 0 for changeToCandidate
2019-09-25 07:34:05,760 [Thread-267] INFO  impl.RoleInfo (RoleInfo.java:updateAndGet(143)) - 9659e150-6db8-46c9-9754-45a2163a8a7f: start LeaderElection
2019-09-25 07:34:05,805 [df3fee13-edb1-4245-be34-bb4c7d942b62@group-DE52786F7964-SegmentedRaftLogWorker] INFO  segmented.SegmentedRaftLogWorker (SegmentedRaftLogWorker.java:execute(569)) - df3fee13-edb1-4245-be34-bb4c7d942b62@group-DE52786F7964-SegmentedRaftLogWorker: created new log segment /workdir/hadoop-ozone/tools/target/test-dir/MiniOzoneClusterImpl-55ba2c16-82ef-4526-82fa-9313f8d95d3f/datanode-2/data/ratis/325a1979-d377-4929-9d0b-de52786f7964/current/log_inprogress_0
2019-09-25 07:34:05,805 [9659e150-6db8-46c9-9754-45a2163a8a7f@group-EF0B528B9D66:LeaderElection18] INFO  impl.LeaderElection (LeaderElection.java:askForVotes(182)) - 9659e150-6db8-46c9-9754-45a2163a8a7f@group-EF0B528B9D66:LeaderElection18: begin an election at term 1 for -1: [9659e150-6db8-46c9-9754-45a2163a8a7f:192.168.151.106:44942], old=null
2019-09-25 07:34:05,805 [9659e150-6db8-46c9-9754-45a2163a8a7f@group-EF0B528B9D66:LeaderElection18] INFO  impl.RoleInfo (RoleInfo.java:shutdownLeaderElection(134)) - 9659e150-6db8-46c9-9754-45a2163a8a7f: shutdown LeaderElection
2019-09-25 07:34:05,806 [9659e150-6db8-46c9-9754-45a2163a8a7f@group-EF0B528B9D66:LeaderElection18] INFO  impl.RaftServerImpl (RaftServerImpl.java:setRole(174)) - 9659e150-6db8-46c9-9754-45a2163a8a7f@group-EF0B528B9D66: changes role from CANDIDATE to LEADER at term 1 for changeToLeader
2019-09-25 07:34:05,806 [9659e150-6db8-46c9-9754-45a2163a8a7f@group-EF0B528B9D66:LeaderElection18] INFO  impl.RaftServerImpl (ServerState.java:setLeader(253)) - 9659e150-6db8-46c9-9754-45a2163a8a7f@group-EF0B528B9D66: change Leader from null to 9659e150-6db8-46c9-9754-45a2163a8a7f at term 1 for becomeLeader, leader elected after 5212ms
2019-09-25 07:34:05,806 [9659e150-6db8-46c9-9754-45a2163a8a7f@group-EF0B528B9D66:LeaderElection18] INFO  server.RaftServerConfigKeys (ConfUtils.java:logGet(43)) - raft.server.staging.catchup.gap = 1000 (default)
2019-09-25 07:34:05,806 [9659e150-6db8-46c9-9754-45a2163a8a7f@group-EF0B528B9D66:LeaderElection18] INFO  server.RaftServerConfigKeys (ConfUtils.java:logGet(43)) - raft.server.rpc.sleep.time = 25ms (default)
2019-09-25 07:34:05,806 [9659e150-6db8-46c9-9754-45a2163a8a7f@group-EF0B528B9D66:LeaderElection18] INFO  server.RaftServerConfigKeys (ConfUtils.java:logGet(43)) - raft.server.write.element-limit = 4096 (default)
2019-09-25 07:34:05,806 [9659e150-6db8-46c9-9754-45a2163a8a7f@group-EF0B528B9D66:LeaderElection18] INFO  server.RaftServerConfigKeys (ConfUtils.java:logGet(43)) - raft.server.watch.timeout = 10s (default)
2019-09-25 07:34:05,807 [9659e150-6db8-46c9-9754-45a2163a8a7f@group-EF0B528B9D66:LeaderElection18] INFO  server.RaftServerConfigKeys (ConfUtils.java:logGet(43)) - raft.server.watch.timeout.denomination = 1s (default)
2019-09-25 07:34:05,807 [9659e150-6db8-46c9-9754-45a2163a8a7f@group-EF0B528B9D66:LeaderElection18] INFO  server.RaftServerConfigKeys (ConfUtils.java:logGet(43)) - raft.server.watch.element-limit = 65536 (default)
2019-09-25 07:34:05,809 [9659e150-6db8-46c9-9754-45a2163a8a7f@group-EF0B528B9D66:LeaderElection18] INFO  impl.RoleInfo (RoleInfo.java:updateAndGet(143)) - 9659e150-6db8-46c9-9754-45a2163a8a7f: start LeaderState
2019-09-25 07:34:05,810 [9659e150-6db8-46c9-9754-45a2163a8a7f@group-EF0B528B9D66:LeaderElection18] INFO  segmented.SegmentedRaftLogWorker (SegmentedRaftLogWorker.java:startLogSegment(380)) - 9659e150-6db8-46c9-9754-45a2163a8a7f@group-EF0B528B9D66-SegmentedRaftLogWorker: Starting segment from index:0
2019-09-25 07:34:05,810 [9659e150-6db8-46c9-9754-45a2163a8a7f@group-EF0B528B9D66:LeaderElection18] INFO  impl.RaftServerImpl (ServerState.java:setRaftConf(354)) - 9659e150-6db8-46c9-9754-45a2163a8a7f@group-EF0B528B9D66: set configuration 0: [9659e150-6db8-46c9-9754-45a2163a8a7f:192.168.151.106:44942], old=null at 0
2019-09-25 07:34:05,856 [Thread-270] INFO  impl.FollowerState (FollowerState.java:run(106)) - 8005d4cb-4fe5-4e19-8530-60982edf3c3e:group-2CF3ED74B842 changes to CANDIDATE, lastRpcTime:5170, electionTimeout:5170ms
2019-09-25 07:34:05,856 [Thread-270] INFO  impl.RoleInfo (RoleInfo.java:shutdownFollowerState(121)) - 8005d4cb-4fe5-4e19-8530-60982edf3c3e: shutdown FollowerState
2019-09-25 07:34:05,856 [Thread-270] INFO  impl.RaftServerImpl (RaftServerImpl.java:setRole(174)) - 8005d4cb-4fe5-4e19-8530-60982edf3c3e@group-2CF3ED74B842: changes role from  FOLLOWER to CANDIDATE at term 0 for changeToCandidate
2019-09-25 07:34:05,857 [Thread-270] INFO  impl.RoleInfo (RoleInfo.java:updateAndGet(143)) - 8005d4cb-4fe5-4e19-8530-60982edf3c3e: start LeaderElection
2019-09-25 07:34:05,878 [9659e150-6db8-46c9-9754-45a2163a8a7f@group-EF0B528B9D66-SegmentedRaftLogWorker] INFO  segmented.SegmentedRaftLogWorker (SegmentedRaftLogWorker.java:execute(569)) - 9659e150-6db8-46c9-9754-45a2163a8a7f@group-EF0B528B9D66-SegmentedRaftLogWorker: created new log segment /workdir/hadoop-ozone/tools/target/test-dir/MiniOzoneClusterImpl-55ba2c16-82ef-4526-82fa-9313f8d95d3f/datanode-1/data/ratis/146a72ca-55c6-4fb8-8590-ef0b528b9d66/current/log_inprogress_0
2019-09-25 07:34:05,878 [8005d4cb-4fe5-4e19-8530-60982edf3c3e@group-2CF3ED74B842:LeaderElection19] INFO  impl.LeaderElection (LeaderElection.java:askForVotes(182)) - 8005d4cb-4fe5-4e19-8530-60982edf3c3e@group-2CF3ED74B842:LeaderElection19: begin an election at term 1 for -1: [8005d4cb-4fe5-4e19-8530-60982edf3c3e:192.168.151.106:45181], old=null
2019-09-25 07:34:05,878 [8005d4cb-4fe5-4e19-8530-60982edf3c3e@group-2CF3ED74B842:LeaderElection19] INFO  impl.RoleInfo (RoleInfo.java:shutdownLeaderElection(134)) - 8005d4cb-4fe5-4e19-8530-60982edf3c3e: shutdown LeaderElection
2019-09-25 07:34:05,878 [8005d4cb-4fe5-4e19-8530-60982edf3c3e@group-2CF3ED74B842:LeaderElection19] INFO  impl.RaftServerImpl (RaftServerImpl.java:setRole(174)) - 8005d4cb-4fe5-4e19-8530-60982edf3c3e@group-2CF3ED74B842: changes role from CANDIDATE to LEADER at term 1 for changeToLeader
2019-09-25 07:34:05,878 [8005d4cb-4fe5-4e19-8530-60982edf3c3e@group-2CF3ED74B842:LeaderElection19] INFO  impl.RaftServerImpl (ServerState.java:setLeader(253)) - 8005d4cb-4fe5-4e19-8530-60982edf3c3e@group-2CF3ED74B842: change Leader from null to 8005d4cb-4fe5-4e19-8530-60982edf3c3e at term 1 for becomeLeader, leader elected after 5201ms
2019-09-25 07:34:05,879 [8005d4cb-4fe5-4e19-8530-60982edf3c3e@group-2CF3ED74B842:LeaderElection19] INFO  server.RaftServerConfigKeys (ConfUtils.java:logGet(43)) - raft.server.staging.catchup.gap = 1000 (default)
2019-09-25 07:34:05,879 [8005d4cb-4fe5-4e19-8530-60982edf3c3e@group-2CF3ED74B842:LeaderElection19] INFO  server.RaftServerConfigKeys (ConfUtils.java:logGet(43)) - raft.server.rpc.sleep.time = 25ms (default)
2019-09-25 07:34:05,879 [8005d4cb-4fe5-4e19-8530-60982edf3c3e@group-2CF3ED74B842:LeaderElection19] INFO  server.RaftServerConfigKeys (ConfUtils.java:logGet(43)) - raft.server.write.element-limit = 4096 (default)
2019-09-25 07:34:05,879 [8005d4cb-4fe5-4e19-8530-60982edf3c3e@group-2CF3ED74B842:LeaderElection19] INFO  server.RaftServerConfigKeys (ConfUtils.java:logGet(43)) - raft.server.watch.timeout = 10s (default)
2019-09-25 07:34:05,879 [8005d4cb-4fe5-4e19-8530-60982edf3c3e@group-2CF3ED74B842:LeaderElection19] INFO  server.RaftServerConfigKeys (ConfUtils.java:logGet(43)) - raft.server.watch.timeout.denomination = 1s (default)
2019-09-25 07:34:05,880 [8005d4cb-4fe5-4e19-8530-60982edf3c3e@group-2CF3ED74B842:LeaderElection19] INFO  server.RaftServerConfigKeys (ConfUtils.java:logGet(43)) - raft.server.watch.element-limit = 65536 (default)
2019-09-25 07:34:05,882 [8005d4cb-4fe5-4e19-8530-60982edf3c3e@group-2CF3ED74B842:LeaderElection19] INFO  impl.RoleInfo (RoleInfo.java:updateAndGet(143)) - 8005d4cb-4fe5-4e19-8530-60982edf3c3e: start LeaderState
2019-09-25 07:34:05,883 [8005d4cb-4fe5-4e19-8530-60982edf3c3e@group-2CF3ED74B842:LeaderElection19] INFO  segmented.SegmentedRaftLogWorker (SegmentedRaftLogWorker.java:startLogSegment(380)) - 8005d4cb-4fe5-4e19-8530-60982edf3c3e@group-2CF3ED74B842-SegmentedRaftLogWorker: Starting segment from index:0
2019-09-25 07:34:05,883 [8005d4cb-4fe5-4e19-8530-60982edf3c3e@group-2CF3ED74B842:LeaderElection19] INFO  impl.RaftServerImpl (ServerState.java:setRaftConf(354)) - 8005d4cb-4fe5-4e19-8530-60982edf3c3e@group-2CF3ED74B842: set configuration 0: [8005d4cb-4fe5-4e19-8530-60982edf3c3e:192.168.151.106:45181], old=null at 0
2019-09-25 07:34:05,955 [8005d4cb-4fe5-4e19-8530-60982edf3c3e@group-2CF3ED74B842-SegmentedRaftLogWorker] INFO  segmented.SegmentedRaftLogWorker (SegmentedRaftLogWorker.java:execute(569)) - 8005d4cb-4fe5-4e19-8530-60982edf3c3e@group-2CF3ED74B842-SegmentedRaftLogWorker: created new log segment /workdir/hadoop-ozone/tools/target/test-dir/MiniOzoneClusterImpl-55ba2c16-82ef-4526-82fa-9313f8d95d3f/datanode-4/data/ratis/4c8634f2-ddb7-425c-8b1f-2cf3ed74b842/current/log_inprogress_0
2019-09-25 07:34:06,285 [Thread-273] INFO  impl.FollowerState (FollowerState.java:run(106)) - 0441a7da-a434-40f3-b826-f1d73a75434f:group-2975D0F19D77 changes to CANDIDATE, lastRpcTime:5096, electionTimeout:5096ms
2019-09-25 07:34:06,285 [Thread-273] INFO  impl.RoleInfo (RoleInfo.java:shutdownFollowerState(121)) - 0441a7da-a434-40f3-b826-f1d73a75434f: shutdown FollowerState
2019-09-25 07:34:06,286 [Thread-273] INFO  impl.RaftServerImpl (RaftServerImpl.java:setRole(174)) - 0441a7da-a434-40f3-b826-f1d73a75434f@group-2975D0F19D77: changes role from  FOLLOWER to CANDIDATE at term 0 for changeToCandidate
2019-09-25 07:34:06,286 [Thread-273] INFO  impl.RoleInfo (RoleInfo.java:updateAndGet(143)) - 0441a7da-a434-40f3-b826-f1d73a75434f: start LeaderElection
2019-09-25 07:34:06,338 [0441a7da-a434-40f3-b826-f1d73a75434f@group-2975D0F19D77:LeaderElection20] INFO  impl.LeaderElection (LeaderElection.java:askForVotes(182)) - 0441a7da-a434-40f3-b826-f1d73a75434f@group-2975D0F19D77:LeaderElection20: begin an election at term 1 for -1: [0441a7da-a434-40f3-b826-f1d73a75434f:192.168.151.106:42590], old=null
2019-09-25 07:34:06,345 [0441a7da-a434-40f3-b826-f1d73a75434f@group-2975D0F19D77:LeaderElection20] INFO  impl.RoleInfo (RoleInfo.java:shutdownLeaderElection(134)) - 0441a7da-a434-40f3-b826-f1d73a75434f: shutdown LeaderElection
2019-09-25 07:34:06,345 [0441a7da-a434-40f3-b826-f1d73a75434f@group-2975D0F19D77:LeaderElection20] INFO  impl.RaftServerImpl (RaftServerImpl.java:setRole(174)) - 0441a7da-a434-40f3-b826-f1d73a75434f@group-2975D0F19D77: changes role from CANDIDATE to LEADER at term 1 for changeToLeader
2019-09-25 07:34:06,345 [0441a7da-a434-40f3-b826-f1d73a75434f@group-2975D0F19D77:LeaderElection20] INFO  impl.RaftServerImpl (ServerState.java:setLeader(253)) - 0441a7da-a434-40f3-b826-f1d73a75434f@group-2975D0F19D77: change Leader from null to 0441a7da-a434-40f3-b826-f1d73a75434f at term 1 for becomeLeader, leader elected after 5166ms
2019-09-25 07:34:06,346 [0441a7da-a434-40f3-b826-f1d73a75434f@group-2975D0F19D77:LeaderElection20] INFO  server.RaftServerConfigKeys (ConfUtils.java:logGet(43)) - raft.server.staging.catchup.gap = 1000 (default)
2019-09-25 07:34:06,346 [0441a7da-a434-40f3-b826-f1d73a75434f@group-2975D0F19D77:LeaderElection20] INFO  server.RaftServerConfigKeys (ConfUtils.java:logGet(43)) - raft.server.rpc.sleep.time = 25ms (default)
2019-09-25 07:34:06,346 [0441a7da-a434-40f3-b826-f1d73a75434f@group-2975D0F19D77:LeaderElection20] INFO  server.RaftServerConfigKeys (ConfUtils.java:logGet(43)) - raft.server.write.element-limit = 4096 (default)
2019-09-25 07:34:06,346 [0441a7da-a434-40f3-b826-f1d73a75434f@group-2975D0F19D77:LeaderElection20] INFO  server.RaftServerConfigKeys (ConfUtils.java:logGet(43)) - raft.server.watch.timeout = 10s (default)
2019-09-25 07:34:06,346 [0441a7da-a434-40f3-b826-f1d73a75434f@group-2975D0F19D77:LeaderElection20] INFO  server.RaftServerConfigKeys (ConfUtils.java:logGet(43)) - raft.server.watch.timeout.denomination = 1s (default)
2019-09-25 07:34:06,347 [0441a7da-a434-40f3-b826-f1d73a75434f@group-2975D0F19D77:LeaderElection20] INFO  server.RaftServerConfigKeys (ConfUtils.java:logGet(43)) - raft.server.watch.element-limit = 65536 (default)
2019-09-25 07:34:06,350 [0441a7da-a434-40f3-b826-f1d73a75434f@group-2975D0F19D77:LeaderElection20] INFO  impl.RoleInfo (RoleInfo.java:updateAndGet(143)) - 0441a7da-a434-40f3-b826-f1d73a75434f: start LeaderState
2019-09-25 07:34:06,350 [0441a7da-a434-40f3-b826-f1d73a75434f@group-2975D0F19D77:LeaderElection20] INFO  segmented.SegmentedRaftLogWorker (SegmentedRaftLogWorker.java:startLogSegment(380)) - 0441a7da-a434-40f3-b826-f1d73a75434f@group-2975D0F19D77-SegmentedRaftLogWorker: Starting segment from index:0
2019-09-25 07:34:06,351 [0441a7da-a434-40f3-b826-f1d73a75434f@group-2975D0F19D77:LeaderElection20] INFO  impl.RaftServerImpl (ServerState.java:setRaftConf(354)) - 0441a7da-a434-40f3-b826-f1d73a75434f@group-2975D0F19D77: set configuration 0: [0441a7da-a434-40f3-b826-f1d73a75434f:192.168.151.106:42590], old=null at 0
2019-09-25 07:34:06,420 [0441a7da-a434-40f3-b826-f1d73a75434f@group-2975D0F19D77-SegmentedRaftLogWorker] INFO  segmented.SegmentedRaftLogWorker (SegmentedRaftLogWorker.java:execute(569)) - 0441a7da-a434-40f3-b826-f1d73a75434f@group-2975D0F19D77-SegmentedRaftLogWorker: created new log segment /workdir/hadoop-ozone/tools/target/test-dir/MiniOzoneClusterImpl-55ba2c16-82ef-4526-82fa-9313f8d95d3f/datanode-3/data/ratis/4fe6916b-6d8e-4466-a30b-2975d0f19d77/current/log_inprogress_0
2019-09-25 07:34:06,513 [Thread-277] INFO  impl.FollowerState (FollowerState.java:run(106)) - bdcda101-49b0-4c87-b510-4eac276b6602:group-1FD5E6743C99 changes to CANDIDATE, lastRpcTime:5046, electionTimeout:5046ms
2019-09-25 07:34:06,513 [Thread-277] INFO  impl.RoleInfo (RoleInfo.java:shutdownFollowerState(121)) - bdcda101-49b0-4c87-b510-4eac276b6602: shutdown FollowerState
2019-09-25 07:34:06,513 [Thread-277] INFO  impl.RaftServerImpl (RaftServerImpl.java:setRole(174)) - bdcda101-49b0-4c87-b510-4eac276b6602@group-1FD5E6743C99: changes role from  FOLLOWER to CANDIDATE at term 0 for changeToCandidate
2019-09-25 07:34:06,513 [Thread-277] INFO  impl.RoleInfo (RoleInfo.java:updateAndGet(143)) - bdcda101-49b0-4c87-b510-4eac276b6602: start LeaderElection
2019-09-25 07:34:06,529 [bdcda101-49b0-4c87-b510-4eac276b6602@group-1FD5E6743C99:LeaderElection21] INFO  impl.LeaderElection (LeaderElection.java:askForVotes(182)) - bdcda101-49b0-4c87-b510-4eac276b6602@group-1FD5E6743C99:LeaderElection21: begin an election at term 1 for -1: [bdcda101-49b0-4c87-b510-4eac276b6602:192.168.151.106:38523], old=null
2019-09-25 07:34:06,529 [bdcda101-49b0-4c87-b510-4eac276b6602@group-1FD5E6743C99:LeaderElection21] INFO  impl.RoleInfo (RoleInfo.java:shutdownLeaderElection(134)) - bdcda101-49b0-4c87-b510-4eac276b6602: shutdown LeaderElection
2019-09-25 07:34:06,529 [bdcda101-49b0-4c87-b510-4eac276b6602@group-1FD5E6743C99:LeaderElection21] INFO  impl.RaftServerImpl (RaftServerImpl.java:setRole(174)) - bdcda101-49b0-4c87-b510-4eac276b6602@group-1FD5E6743C99: changes role from CANDIDATE to LEADER at term 1 for changeToLeader
2019-09-25 07:34:06,529 [bdcda101-49b0-4c87-b510-4eac276b6602@group-1FD5E6743C99:LeaderElection21] INFO  impl.RaftServerImpl (ServerState.java:setLeader(253)) - bdcda101-49b0-4c87-b510-4eac276b6602@group-1FD5E6743C99: change Leader from null to bdcda101-49b0-4c87-b510-4eac276b6602 at term 1 for becomeLeader, leader elected after 5265ms
2019-09-25 07:34:06,530 [bdcda101-49b0-4c87-b510-4eac276b6602@group-1FD5E6743C99:LeaderElection21] INFO  server.RaftServerConfigKeys (ConfUtils.java:logGet(43)) - raft.server.staging.catchup.gap = 1000 (default)
2019-09-25 07:34:06,530 [bdcda101-49b0-4c87-b510-4eac276b6602@group-1FD5E6743C99:LeaderElection21] INFO  server.RaftServerConfigKeys (ConfUtils.java:logGet(43)) - raft.server.rpc.sleep.time = 25ms (default)
2019-09-25 07:34:06,530 [bdcda101-49b0-4c87-b510-4eac276b6602@group-1FD5E6743C99:LeaderElection21] INFO  server.RaftServerConfigKeys (ConfUtils.java:logGet(43)) - raft.server.write.element-limit = 4096 (default)
2019-09-25 07:34:06,530 [bdcda101-49b0-4c87-b510-4eac276b6602@group-1FD5E6743C99:LeaderElection21] INFO  server.RaftServerConfigKeys (ConfUtils.java:logGet(43)) - raft.server.watch.timeout = 10s (default)
2019-09-25 07:34:06,530 [bdcda101-49b0-4c87-b510-4eac276b6602@group-1FD5E6743C99:LeaderElection21] INFO  server.RaftServerConfigKeys (ConfUtils.java:logGet(43)) - raft.server.watch.timeout.denomination = 1s (default)
2019-09-25 07:34:06,530 [bdcda101-49b0-4c87-b510-4eac276b6602@group-1FD5E6743C99:LeaderElection21] INFO  server.RaftServerConfigKeys (ConfUtils.java:logGet(43)) - raft.server.watch.element-limit = 65536 (default)
2019-09-25 07:34:06,533 [bdcda101-49b0-4c87-b510-4eac276b6602@group-1FD5E6743C99:LeaderElection21] INFO  impl.RoleInfo (RoleInfo.java:updateAndGet(143)) - bdcda101-49b0-4c87-b510-4eac276b6602: start LeaderState
2019-09-25 07:34:06,533 [bdcda101-49b0-4c87-b510-4eac276b6602@group-1FD5E6743C99:LeaderElection21] INFO  segmented.SegmentedRaftLogWorker (SegmentedRaftLogWorker.java:startLogSegment(380)) - bdcda101-49b0-4c87-b510-4eac276b6602@group-1FD5E6743C99-SegmentedRaftLogWorker: Starting segment from index:0
2019-09-25 07:34:06,534 [bdcda101-49b0-4c87-b510-4eac276b6602@group-1FD5E6743C99:LeaderElection21] INFO  impl.RaftServerImpl (ServerState.java:setRaftConf(354)) - bdcda101-49b0-4c87-b510-4eac276b6602@group-1FD5E6743C99: set configuration 0: [bdcda101-49b0-4c87-b510-4eac276b6602:192.168.151.106:38523], old=null at 0
2019-09-25 07:34:06,598 [bdcda101-49b0-4c87-b510-4eac276b6602@group-1FD5E6743C99-SegmentedRaftLogWorker] INFO  segmented.SegmentedRaftLogWorker (SegmentedRaftLogWorker.java:execute(569)) - bdcda101-49b0-4c87-b510-4eac276b6602@group-1FD5E6743C99-SegmentedRaftLogWorker: created new log segment /workdir/hadoop-ozone/tools/target/test-dir/MiniOzoneClusterImpl-55ba2c16-82ef-4526-82fa-9313f8d95d3f/datanode-0/data/ratis/d6c1d2a3-52df-4b98-9196-1fd5e6743c99/current/log_inprogress_0
2019-09-25 07:34:06,675 [Thread-280] INFO  impl.FollowerState (FollowerState.java:run(106)) - 0441a7da-a434-40f3-b826-f1d73a75434f:group-13AEF027B67B changes to CANDIDATE, lastRpcTime:5132, electionTimeout:5132ms
2019-09-25 07:34:06,675 [Thread-280] INFO  impl.RoleInfo (RoleInfo.java:shutdownFollowerState(121)) - 0441a7da-a434-40f3-b826-f1d73a75434f: shutdown FollowerState
2019-09-25 07:34:06,675 [Thread-280] INFO  impl.RaftServerImpl (RaftServerImpl.java:setRole(174)) - 0441a7da-a434-40f3-b826-f1d73a75434f@group-13AEF027B67B: changes role from  FOLLOWER to CANDIDATE at term 0 for changeToCandidate
2019-09-25 07:34:06,676 [Thread-280] INFO  impl.RoleInfo (RoleInfo.java:updateAndGet(143)) - 0441a7da-a434-40f3-b826-f1d73a75434f: start LeaderElection
2019-09-25 07:34:06,691 [0441a7da-a434-40f3-b826-f1d73a75434f@group-13AEF027B67B:LeaderElection22] INFO  impl.LeaderElection (LeaderElection.java:askForVotes(182)) - 0441a7da-a434-40f3-b826-f1d73a75434f@group-13AEF027B67B:LeaderElection22: begin an election at term 1 for -1: [0441a7da-a434-40f3-b826-f1d73a75434f:192.168.151.106:42590], old=null
2019-09-25 07:34:06,692 [0441a7da-a434-40f3-b826-f1d73a75434f@group-13AEF027B67B:LeaderElection22] INFO  impl.RoleInfo (RoleInfo.java:shutdownLeaderElection(134)) - 0441a7da-a434-40f3-b826-f1d73a75434f: shutdown LeaderElection
2019-09-25 07:34:06,692 [0441a7da-a434-40f3-b826-f1d73a75434f@group-13AEF027B67B:LeaderElection22] INFO  impl.RaftServerImpl (RaftServerImpl.java:setRole(174)) - 0441a7da-a434-40f3-b826-f1d73a75434f@group-13AEF027B67B: changes role from CANDIDATE to LEADER at term 1 for changeToLeader
2019-09-25 07:34:06,692 [0441a7da-a434-40f3-b826-f1d73a75434f@group-13AEF027B67B:LeaderElection22] INFO  impl.RaftServerImpl (ServerState.java:setLeader(253)) - 0441a7da-a434-40f3-b826-f1d73a75434f@group-13AEF027B67B: change Leader from null to 0441a7da-a434-40f3-b826-f1d73a75434f at term 1 for becomeLeader, leader elected after 5157ms
2019-09-25 07:34:06,692 [0441a7da-a434-40f3-b826-f1d73a75434f@group-13AEF027B67B:LeaderElection22] INFO  server.RaftServerConfigKeys (ConfUtils.java:logGet(43)) - raft.server.staging.catchup.gap = 1000 (default)
2019-09-25 07:34:06,692 [0441a7da-a434-40f3-b826-f1d73a75434f@group-13AEF027B67B:LeaderElection22] INFO  server.RaftServerConfigKeys (ConfUtils.java:logGet(43)) - raft.server.rpc.sleep.time = 25ms (default)
2019-09-25 07:34:06,692 [0441a7da-a434-40f3-b826-f1d73a75434f@group-13AEF027B67B:LeaderElection22] INFO  server.RaftServerConfigKeys (ConfUtils.java:logGet(43)) - raft.server.write.element-limit = 4096 (default)
2019-09-25 07:34:06,693 [0441a7da-a434-40f3-b826-f1d73a75434f@group-13AEF027B67B:LeaderElection22] INFO  server.RaftServerConfigKeys (ConfUtils.java:logGet(43)) - raft.server.watch.timeout = 10s (default)
2019-09-25 07:34:06,693 [0441a7da-a434-40f3-b826-f1d73a75434f@group-13AEF027B67B:LeaderElection22] INFO  server.RaftServerConfigKeys (ConfUtils.java:logGet(43)) - raft.server.watch.timeout.denomination = 1s (default)
2019-09-25 07:34:06,693 [0441a7da-a434-40f3-b826-f1d73a75434f@group-13AEF027B67B:LeaderElection22] INFO  server.RaftServerConfigKeys (ConfUtils.java:logGet(43)) - raft.server.watch.element-limit = 65536 (default)
2019-09-25 07:34:06,695 [0441a7da-a434-40f3-b826-f1d73a75434f@group-13AEF027B67B:LeaderElection22] INFO  impl.RoleInfo (RoleInfo.java:updateAndGet(143)) - 0441a7da-a434-40f3-b826-f1d73a75434f: start LeaderState
2019-09-25 07:34:06,696 [0441a7da-a434-40f3-b826-f1d73a75434f@group-13AEF027B67B:LeaderElection22] INFO  segmented.SegmentedRaftLogWorker (SegmentedRaftLogWorker.java:startLogSegment(380)) - 0441a7da-a434-40f3-b826-f1d73a75434f@group-13AEF027B67B-SegmentedRaftLogWorker: Starting segment from index:0
2019-09-25 07:34:06,696 [0441a7da-a434-40f3-b826-f1d73a75434f@group-13AEF027B67B:LeaderElection22] INFO  impl.RaftServerImpl (ServerState.java:setRaftConf(354)) - 0441a7da-a434-40f3-b826-f1d73a75434f@group-13AEF027B67B: set configuration 0: [0441a7da-a434-40f3-b826-f1d73a75434f:192.168.151.106:42590], old=null at 0
2019-09-25 07:34:06,761 [0441a7da-a434-40f3-b826-f1d73a75434f@group-13AEF027B67B-SegmentedRaftLogWorker] INFO  segmented.SegmentedRaftLogWorker (SegmentedRaftLogWorker.java:execute(569)) - 0441a7da-a434-40f3-b826-f1d73a75434f@group-13AEF027B67B-SegmentedRaftLogWorker: created new log segment /workdir/hadoop-ozone/tools/target/test-dir/MiniOzoneClusterImpl-55ba2c16-82ef-4526-82fa-9313f8d95d3f/datanode-3/data/ratis/049e7551-e93c-416e-8401-13aef027b67b/current/log_inprogress_0
2019-09-25 07:34:06,779 [Thread-283] INFO  impl.FollowerState (FollowerState.java:run(106)) - 9659e150-6db8-46c9-9754-45a2163a8a7f:group-BDB2003E78E5 changes to CANDIDATE, lastRpcTime:5181, electionTimeout:5181ms
2019-09-25 07:34:06,779 [Thread-283] INFO  impl.RoleInfo (RoleInfo.java:shutdownFollowerState(121)) - 9659e150-6db8-46c9-9754-45a2163a8a7f: shutdown FollowerState
2019-09-25 07:34:06,779 [Thread-283] INFO  impl.RaftServerImpl (RaftServerImpl.java:setRole(174)) - 9659e150-6db8-46c9-9754-45a2163a8a7f@group-BDB2003E78E5: changes role from  FOLLOWER to CANDIDATE at term 0 for changeToCandidate
2019-09-25 07:34:06,780 [Thread-283] INFO  impl.RoleInfo (RoleInfo.java:updateAndGet(143)) - 9659e150-6db8-46c9-9754-45a2163a8a7f: start LeaderElection
2019-09-25 07:34:06,796 [9659e150-6db8-46c9-9754-45a2163a8a7f@group-BDB2003E78E5:LeaderElection23] INFO  impl.LeaderElection (LeaderElection.java:askForVotes(182)) - 9659e150-6db8-46c9-9754-45a2163a8a7f@group-BDB2003E78E5:LeaderElection23: begin an election at term 1 for -1: [9659e150-6db8-46c9-9754-45a2163a8a7f:192.168.151.106:44942], old=null
2019-09-25 07:34:06,796 [9659e150-6db8-46c9-9754-45a2163a8a7f@group-BDB2003E78E5:LeaderElection23] INFO  impl.RoleInfo (RoleInfo.java:shutdownLeaderElection(134)) - 9659e150-6db8-46c9-9754-45a2163a8a7f: shutdown LeaderElection
2019-09-25 07:34:06,796 [9659e150-6db8-46c9-9754-45a2163a8a7f@group-BDB2003E78E5:LeaderElection23] INFO  impl.RaftServerImpl (RaftServerImpl.java:setRole(174)) - 9659e150-6db8-46c9-9754-45a2163a8a7f@group-BDB2003E78E5: changes role from CANDIDATE to LEADER at term 1 for changeToLeader
2019-09-25 07:34:06,796 [9659e150-6db8-46c9-9754-45a2163a8a7f@group-BDB2003E78E5:LeaderElection23] INFO  impl.RaftServerImpl (ServerState.java:setLeader(253)) - 9659e150-6db8-46c9-9754-45a2163a8a7f@group-BDB2003E78E5: change Leader from null to 9659e150-6db8-46c9-9754-45a2163a8a7f at term 1 for becomeLeader, leader elected after 5206ms
2019-09-25 07:34:06,796 [9659e150-6db8-46c9-9754-45a2163a8a7f@group-BDB2003E78E5:LeaderElection23] INFO  server.RaftServerConfigKeys (ConfUtils.java:logGet(43)) - raft.server.staging.catchup.gap = 1000 (default)
2019-09-25 07:34:06,796 [9659e150-6db8-46c9-9754-45a2163a8a7f@group-BDB2003E78E5:LeaderElection23] INFO  server.RaftServerConfigKeys (ConfUtils.java:logGet(43)) - raft.server.rpc.sleep.time = 25ms (default)
2019-09-25 07:34:06,797 [9659e150-6db8-46c9-9754-45a2163a8a7f@group-BDB2003E78E5:LeaderElection23] INFO  server.RaftServerConfigKeys (ConfUtils.java:logGet(43)) - raft.server.write.element-limit = 4096 (default)
2019-09-25 07:34:06,797 [9659e150-6db8-46c9-9754-45a2163a8a7f@group-BDB2003E78E5:LeaderElection23] INFO  server.RaftServerConfigKeys (ConfUtils.java:logGet(43)) - raft.server.watch.timeout = 10s (default)
2019-09-25 07:34:06,797 [9659e150-6db8-46c9-9754-45a2163a8a7f@group-BDB2003E78E5:LeaderElection23] INFO  server.RaftServerConfigKeys (ConfUtils.java:logGet(43)) - raft.server.watch.timeout.denomination = 1s (default)
2019-09-25 07:34:06,797 [9659e150-6db8-46c9-9754-45a2163a8a7f@group-BDB2003E78E5:LeaderElection23] INFO  server.RaftServerConfigKeys (ConfUtils.java:logGet(43)) - raft.server.watch.element-limit = 65536 (default)
2019-09-25 07:34:06,800 [9659e150-6db8-46c9-9754-45a2163a8a7f@group-BDB2003E78E5:LeaderElection23] INFO  impl.RoleInfo (RoleInfo.java:updateAndGet(143)) - 9659e150-6db8-46c9-9754-45a2163a8a7f: start LeaderState
2019-09-25 07:34:06,800 [9659e150-6db8-46c9-9754-45a2163a8a7f@group-BDB2003E78E5:LeaderElection23] INFO  segmented.SegmentedRaftLogWorker (SegmentedRaftLogWorker.java:startLogSegment(380)) - 9659e150-6db8-46c9-9754-45a2163a8a7f@group-BDB2003E78E5-SegmentedRaftLogWorker: Starting segment from index:0
2019-09-25 07:34:06,800 [9659e150-6db8-46c9-9754-45a2163a8a7f@group-BDB2003E78E5:LeaderElection23] INFO  impl.RaftServerImpl (ServerState.java:setRaftConf(354)) - 9659e150-6db8-46c9-9754-45a2163a8a7f@group-BDB2003E78E5: set configuration 0: [9659e150-6db8-46c9-9754-45a2163a8a7f:192.168.151.106:44942], old=null at 0
2019-09-25 07:34:06,841 [Thread-289] INFO  impl.FollowerState (FollowerState.java:run(106)) - 9659e150-6db8-46c9-9754-45a2163a8a7f:group-773CFA070AD3 changes to CANDIDATE, lastRpcTime:5107, electionTimeout:5069ms
2019-09-25 07:34:06,841 [Thread-289] INFO  impl.RoleInfo (RoleInfo.java:shutdownFollowerState(121)) - 9659e150-6db8-46c9-9754-45a2163a8a7f: shutdown FollowerState
2019-09-25 07:34:06,842 [Thread-289] INFO  impl.RaftServerImpl (RaftServerImpl.java:setRole(174)) - 9659e150-6db8-46c9-9754-45a2163a8a7f@group-773CFA070AD3: changes role from  FOLLOWER to CANDIDATE at term 0 for changeToCandidate
2019-09-25 07:34:06,842 [Thread-289] INFO  impl.RoleInfo (RoleInfo.java:updateAndGet(143)) - 9659e150-6db8-46c9-9754-45a2163a8a7f: start LeaderElection
2019-09-25 07:34:06,852 [Thread-286] INFO  impl.FollowerState (FollowerState.java:run(106)) - 8005d4cb-4fe5-4e19-8530-60982edf3c3e:group-3EE348E8784D changes to CANDIDATE, lastRpcTime:5175, electionTimeout:5175ms
2019-09-25 07:34:06,852 [Thread-286] INFO  impl.RoleInfo (RoleInfo.java:shutdownFollowerState(121)) - 8005d4cb-4fe5-4e19-8530-60982edf3c3e: shutdown FollowerState
2019-09-25 07:34:06,853 [Thread-286] INFO  impl.RaftServerImpl (RaftServerImpl.java:setRole(174)) - 8005d4cb-4fe5-4e19-8530-60982edf3c3e@group-3EE348E8784D: changes role from  FOLLOWER to CANDIDATE at term 0 for changeToCandidate
2019-09-25 07:34:06,853 [Thread-286] INFO  impl.RoleInfo (RoleInfo.java:updateAndGet(143)) - 8005d4cb-4fe5-4e19-8530-60982edf3c3e: start LeaderElection
2019-09-25 07:34:06,855 [9659e150-6db8-46c9-9754-45a2163a8a7f@group-BDB2003E78E5-SegmentedRaftLogWorker] INFO  segmented.SegmentedRaftLogWorker (SegmentedRaftLogWorker.java:execute(569)) - 9659e150-6db8-46c9-9754-45a2163a8a7f@group-BDB2003E78E5-SegmentedRaftLogWorker: created new log segment /workdir/hadoop-ozone/tools/target/test-dir/MiniOzoneClusterImpl-55ba2c16-82ef-4526-82fa-9313f8d95d3f/datanode-1/data/ratis/729d0155-67dc-498c-b343-bdb2003e78e5/current/log_inprogress_0
2019-09-25 07:34:06,855 [9659e150-6db8-46c9-9754-45a2163a8a7f@group-773CFA070AD3:LeaderElection24] INFO  impl.LeaderElection (LeaderElection.java:askForVotes(182)) - 9659e150-6db8-46c9-9754-45a2163a8a7f@group-773CFA070AD3:LeaderElection24: begin an election at term 1 for -1: [9659e150-6db8-46c9-9754-45a2163a8a7f:192.168.151.106:44942], old=null
2019-09-25 07:34:06,856 [9659e150-6db8-46c9-9754-45a2163a8a7f@group-773CFA070AD3:LeaderElection24] INFO  impl.RoleInfo (RoleInfo.java:shutdownLeaderElection(134)) - 9659e150-6db8-46c9-9754-45a2163a8a7f: shutdown LeaderElection
2019-09-25 07:34:06,856 [9659e150-6db8-46c9-9754-45a2163a8a7f@group-773CFA070AD3:LeaderElection24] INFO  impl.RaftServerImpl (RaftServerImpl.java:setRole(174)) - 9659e150-6db8-46c9-9754-45a2163a8a7f@group-773CFA070AD3: changes role from CANDIDATE to LEADER at term 1 for changeToLeader
2019-09-25 07:34:06,856 [9659e150-6db8-46c9-9754-45a2163a8a7f@group-773CFA070AD3:LeaderElection24] INFO  impl.RaftServerImpl (ServerState.java:setLeader(253)) - 9659e150-6db8-46c9-9754-45a2163a8a7f@group-773CFA070AD3: change Leader from null to 9659e150-6db8-46c9-9754-45a2163a8a7f at term 1 for becomeLeader, leader elected after 5130ms
2019-09-25 07:34:06,856 [9659e150-6db8-46c9-9754-45a2163a8a7f@group-773CFA070AD3:LeaderElection24] INFO  server.RaftServerConfigKeys (ConfUtils.java:logGet(43)) - raft.server.staging.catchup.gap = 1000 (default)
2019-09-25 07:34:06,856 [9659e150-6db8-46c9-9754-45a2163a8a7f@group-773CFA070AD3:LeaderElection24] INFO  server.RaftServerConfigKeys (ConfUtils.java:logGet(43)) - raft.server.rpc.sleep.time = 25ms (default)
2019-09-25 07:34:06,856 [9659e150-6db8-46c9-9754-45a2163a8a7f@group-773CFA070AD3:LeaderElection24] INFO  server.RaftServerConfigKeys (ConfUtils.java:logGet(43)) - raft.server.write.element-limit = 4096 (default)
2019-09-25 07:34:06,857 [9659e150-6db8-46c9-9754-45a2163a8a7f@group-773CFA070AD3:LeaderElection24] INFO  server.RaftServerConfigKeys (ConfUtils.java:logGet(43)) - raft.server.watch.timeout = 10s (default)
2019-09-25 07:34:06,857 [9659e150-6db8-46c9-9754-45a2163a8a7f@group-773CFA070AD3:LeaderElection24] INFO  server.RaftServerConfigKeys (ConfUtils.java:logGet(43)) - raft.server.watch.timeout.denomination = 1s (default)
2019-09-25 07:34:06,857 [9659e150-6db8-46c9-9754-45a2163a8a7f@group-773CFA070AD3:LeaderElection24] INFO  server.RaftServerConfigKeys (ConfUtils.java:logGet(43)) - raft.server.watch.element-limit = 65536 (default)
2019-09-25 07:34:06,859 [9659e150-6db8-46c9-9754-45a2163a8a7f@group-773CFA070AD3:LeaderElection24] INFO  impl.RoleInfo (RoleInfo.java:updateAndGet(143)) - 9659e150-6db8-46c9-9754-45a2163a8a7f: start LeaderState
2019-09-25 07:34:06,860 [9659e150-6db8-46c9-9754-45a2163a8a7f@group-773CFA070AD3:LeaderElection24] INFO  segmented.SegmentedRaftLogWorker (SegmentedRaftLogWorker.java:startLogSegment(380)) - 9659e150-6db8-46c9-9754-45a2163a8a7f@group-773CFA070AD3-SegmentedRaftLogWorker: Starting segment from index:0
2019-09-25 07:34:06,860 [9659e150-6db8-46c9-9754-45a2163a8a7f@group-773CFA070AD3:LeaderElection24] INFO  impl.RaftServerImpl (ServerState.java:setRaftConf(354)) - 9659e150-6db8-46c9-9754-45a2163a8a7f@group-773CFA070AD3: set configuration 0: [9659e150-6db8-46c9-9754-45a2163a8a7f:192.168.151.106:44942], old=null at 0
2019-09-25 07:34:06,882 [8005d4cb-4fe5-4e19-8530-60982edf3c3e@group-3EE348E8784D:LeaderElection25] INFO  impl.LeaderElection (LeaderElection.java:askForVotes(182)) - 8005d4cb-4fe5-4e19-8530-60982edf3c3e@group-3EE348E8784D:LeaderElection25: begin an election at term 1 for -1: [8005d4cb-4fe5-4e19-8530-60982edf3c3e:192.168.151.106:45181], old=null
2019-09-25 07:34:06,882 [8005d4cb-4fe5-4e19-8530-60982edf3c3e@group-3EE348E8784D:LeaderElection25] INFO  impl.RoleInfo (RoleInfo.java:shutdownLeaderElection(134)) - 8005d4cb-4fe5-4e19-8530-60982edf3c3e: shutdown LeaderElection
2019-09-25 07:34:06,882 [8005d4cb-4fe5-4e19-8530-60982edf3c3e@group-3EE348E8784D:LeaderElection25] INFO  impl.RaftServerImpl (RaftServerImpl.java:setRole(174)) - 8005d4cb-4fe5-4e19-8530-60982edf3c3e@group-3EE348E8784D: changes role from CANDIDATE to LEADER at term 1 for changeToLeader
2019-09-25 07:34:06,882 [8005d4cb-4fe5-4e19-8530-60982edf3c3e@group-3EE348E8784D:LeaderElection25] INFO  impl.RaftServerImpl (ServerState.java:setLeader(253)) - 8005d4cb-4fe5-4e19-8530-60982edf3c3e@group-3EE348E8784D: change Leader from null to 8005d4cb-4fe5-4e19-8530-60982edf3c3e at term 1 for becomeLeader, leader elected after 5213ms
2019-09-25 07:34:06,882 [8005d4cb-4fe5-4e19-8530-60982edf3c3e@group-3EE348E8784D:LeaderElection25] INFO  server.RaftServerConfigKeys (ConfUtils.java:logGet(43)) - raft.server.staging.catchup.gap = 1000 (default)
2019-09-25 07:34:06,883 [8005d4cb-4fe5-4e19-8530-60982edf3c3e@group-3EE348E8784D:LeaderElection25] INFO  server.RaftServerConfigKeys (ConfUtils.java:logGet(43)) - raft.server.rpc.sleep.time = 25ms (default)
2019-09-25 07:34:06,883 [8005d4cb-4fe5-4e19-8530-60982edf3c3e@group-3EE348E8784D:LeaderElection25] INFO  server.RaftServerConfigKeys (ConfUtils.java:logGet(43)) - raft.server.write.element-limit = 4096 (default)
2019-09-25 07:34:06,883 [8005d4cb-4fe5-4e19-8530-60982edf3c3e@group-3EE348E8784D:LeaderElection25] INFO  server.RaftServerConfigKeys (ConfUtils.java:logGet(43)) - raft.server.watch.timeout = 10s (default)
2019-09-25 07:34:06,883 [8005d4cb-4fe5-4e19-8530-60982edf3c3e@group-3EE348E8784D:LeaderElection25] INFO  server.RaftServerConfigKeys (ConfUtils.java:logGet(43)) - raft.server.watch.timeout.denomination = 1s (default)
2019-09-25 07:34:06,883 [8005d4cb-4fe5-4e19-8530-60982edf3c3e@group-3EE348E8784D:LeaderElection25] INFO  server.RaftServerConfigKeys (ConfUtils.java:logGet(43)) - raft.server.watch.element-limit = 65536 (default)
2019-09-25 07:34:06,886 [8005d4cb-4fe5-4e19-8530-60982edf3c3e@group-3EE348E8784D:LeaderElection25] INFO  impl.RoleInfo (RoleInfo.java:updateAndGet(143)) - 8005d4cb-4fe5-4e19-8530-60982edf3c3e: start LeaderState
2019-09-25 07:34:06,887 [8005d4cb-4fe5-4e19-8530-60982edf3c3e@group-3EE348E8784D:LeaderElection25] INFO  segmented.SegmentedRaftLogWorker (SegmentedRaftLogWorker.java:startLogSegment(380)) - 8005d4cb-4fe5-4e19-8530-60982edf3c3e@group-3EE348E8784D-SegmentedRaftLogWorker: Starting segment from index:0
2019-09-25 07:34:06,887 [8005d4cb-4fe5-4e19-8530-60982edf3c3e@group-3EE348E8784D:LeaderElection25] INFO  impl.RaftServerImpl (ServerState.java:setRaftConf(354)) - 8005d4cb-4fe5-4e19-8530-60982edf3c3e@group-3EE348E8784D: set configuration 0: [8005d4cb-4fe5-4e19-8530-60982edf3c3e:192.168.151.106:45181], old=null at 0
2019-09-25 07:34:06,928 [Thread-292] INFO  impl.FollowerState (FollowerState.java:run(106)) - 8005d4cb-4fe5-4e19-8530-60982edf3c3e:group-0D7E40D5004F changes to CANDIDATE, lastRpcTime:5127, electionTimeout:5122ms
2019-09-25 07:34:06,928 [9659e150-6db8-46c9-9754-45a2163a8a7f@group-773CFA070AD3-SegmentedRaftLogWorker] INFO  segmented.SegmentedRaftLogWorker (SegmentedRaftLogWorker.java:execute(569)) - 9659e150-6db8-46c9-9754-45a2163a8a7f@group-773CFA070AD3-SegmentedRaftLogWorker: created new log segment /workdir/hadoop-ozone/tools/target/test-dir/MiniOzoneClusterImpl-55ba2c16-82ef-4526-82fa-9313f8d95d3f/datanode-1/data/ratis/d71d6a12-e340-47a6-aec9-773cfa070ad3/current/log_inprogress_0
2019-09-25 07:34:06,929 [Thread-292] INFO  impl.RoleInfo (RoleInfo.java:shutdownFollowerState(121)) - 8005d4cb-4fe5-4e19-8530-60982edf3c3e: shutdown FollowerState
2019-09-25 07:34:06,929 [Thread-292] INFO  impl.RaftServerImpl (RaftServerImpl.java:setRole(174)) - 8005d4cb-4fe5-4e19-8530-60982edf3c3e@group-0D7E40D5004F: changes role from  FOLLOWER to CANDIDATE at term 0 for changeToCandidate
2019-09-25 07:34:06,929 [Thread-292] INFO  impl.RoleInfo (RoleInfo.java:updateAndGet(143)) - 8005d4cb-4fe5-4e19-8530-60982edf3c3e: start LeaderElection
2019-09-25 07:34:06,941 [8005d4cb-4fe5-4e19-8530-60982edf3c3e@group-3EE348E8784D-SegmentedRaftLogWorker] INFO  segmented.SegmentedRaftLogWorker (SegmentedRaftLogWorker.java:execute(569)) - 8005d4cb-4fe5-4e19-8530-60982edf3c3e@group-3EE348E8784D-SegmentedRaftLogWorker: created new log segment /workdir/hadoop-ozone/tools/target/test-dir/MiniOzoneClusterImpl-55ba2c16-82ef-4526-82fa-9313f8d95d3f/datanode-4/data/ratis/d3723de7-ed32-40bb-bae9-3ee348e8784d/current/log_inprogress_0
2019-09-25 07:34:06,941 [8005d4cb-4fe5-4e19-8530-60982edf3c3e@group-0D7E40D5004F:LeaderElection26] INFO  impl.LeaderElection (LeaderElection.java:askForVotes(182)) - 8005d4cb-4fe5-4e19-8530-60982edf3c3e@group-0D7E40D5004F:LeaderElection26: begin an election at term 1 for -1: [8005d4cb-4fe5-4e19-8530-60982edf3c3e:192.168.151.106:45181], old=null
2019-09-25 07:34:06,941 [8005d4cb-4fe5-4e19-8530-60982edf3c3e@group-0D7E40D5004F:LeaderElection26] INFO  impl.RoleInfo (RoleInfo.java:shutdownLeaderElection(134)) - 8005d4cb-4fe5-4e19-8530-60982edf3c3e: shutdown LeaderElection
2019-09-25 07:34:06,942 [8005d4cb-4fe5-4e19-8530-60982edf3c3e@group-0D7E40D5004F:LeaderElection26] INFO  impl.RaftServerImpl (RaftServerImpl.java:setRole(174)) - 8005d4cb-4fe5-4e19-8530-60982edf3c3e@group-0D7E40D5004F: changes role from CANDIDATE to LEADER at term 1 for changeToLeader
2019-09-25 07:34:06,942 [8005d4cb-4fe5-4e19-8530-60982edf3c3e@group-0D7E40D5004F:LeaderElection26] INFO  impl.RaftServerImpl (ServerState.java:setLeader(253)) - 8005d4cb-4fe5-4e19-8530-60982edf3c3e@group-0D7E40D5004F: change Leader from null to 8005d4cb-4fe5-4e19-8530-60982edf3c3e at term 1 for becomeLeader, leader elected after 5148ms
2019-09-25 07:34:06,942 [8005d4cb-4fe5-4e19-8530-60982edf3c3e@group-0D7E40D5004F:LeaderElection26] INFO  server.RaftServerConfigKeys (ConfUtils.java:logGet(43)) - raft.server.staging.catchup.gap = 1000 (default)
2019-09-25 07:34:06,942 [8005d4cb-4fe5-4e19-8530-60982edf3c3e@group-0D7E40D5004F:LeaderElection26] INFO  server.RaftServerConfigKeys (ConfUtils.java:logGet(43)) - raft.server.rpc.sleep.time = 25ms (default)
2019-09-25 07:34:06,942 [8005d4cb-4fe5-4e19-8530-60982edf3c3e@group-0D7E40D5004F:LeaderElection26] INFO  server.RaftServerConfigKeys (ConfUtils.java:logGet(43)) - raft.server.write.element-limit = 4096 (default)
2019-09-25 07:34:06,942 [8005d4cb-4fe5-4e19-8530-60982edf3c3e@group-0D7E40D5004F:LeaderElection26] INFO  server.RaftServerConfigKeys (ConfUtils.java:logGet(43)) - raft.server.watch.timeout = 10s (default)
2019-09-25 07:34:06,943 [8005d4cb-4fe5-4e19-8530-60982edf3c3e@group-0D7E40D5004F:LeaderElection26] INFO  server.RaftServerConfigKeys (ConfUtils.java:logGet(43)) - raft.server.watch.timeout.denomination = 1s (default)
2019-09-25 07:34:06,943 [8005d4cb-4fe5-4e19-8530-60982edf3c3e@group-0D7E40D5004F:LeaderElection26] INFO  server.RaftServerConfigKeys (ConfUtils.java:logGet(43)) - raft.server.watch.element-limit = 65536 (default)
2019-09-25 07:34:06,945 [8005d4cb-4fe5-4e19-8530-60982edf3c3e@group-0D7E40D5004F:LeaderElection26] INFO  impl.RoleInfo (RoleInfo.java:updateAndGet(143)) - 8005d4cb-4fe5-4e19-8530-60982edf3c3e: start LeaderState
2019-09-25 07:34:06,945 [8005d4cb-4fe5-4e19-8530-60982edf3c3e@group-0D7E40D5004F:LeaderElection26] INFO  segmented.SegmentedRaftLogWorker (SegmentedRaftLogWorker.java:startLogSegment(380)) - 8005d4cb-4fe5-4e19-8530-60982edf3c3e@group-0D7E40D5004F-SegmentedRaftLogWorker: Starting segment from index:0
2019-09-25 07:34:06,946 [8005d4cb-4fe5-4e19-8530-60982edf3c3e@group-0D7E40D5004F:LeaderElection26] INFO  impl.RaftServerImpl (ServerState.java:setRaftConf(354)) - 8005d4cb-4fe5-4e19-8530-60982edf3c3e@group-0D7E40D5004F: set configuration 0: [8005d4cb-4fe5-4e19-8530-60982edf3c3e:192.168.151.106:45181], old=null at 0
2019-09-25 07:34:06,980 [Thread-295] INFO  impl.FollowerState (FollowerState.java:run(106)) - 8005d4cb-4fe5-4e19-8530-60982edf3c3e:group-88B9FAE8A986 changes to CANDIDATE, lastRpcTime:5120, electionTimeout:5120ms
2019-09-25 07:34:06,981 [Thread-295] INFO  impl.RoleInfo (RoleInfo.java:shutdownFollowerState(121)) - 8005d4cb-4fe5-4e19-8530-60982edf3c3e: shutdown FollowerState
2019-09-25 07:34:06,981 [Thread-295] INFO  impl.RaftServerImpl (RaftServerImpl.java:setRole(174)) - 8005d4cb-4fe5-4e19-8530-60982edf3c3e@group-88B9FAE8A986: changes role from  FOLLOWER to CANDIDATE at term 0 for changeToCandidate
2019-09-25 07:34:06,981 [Thread-295] INFO  impl.RoleInfo (RoleInfo.java:updateAndGet(143)) - 8005d4cb-4fe5-4e19-8530-60982edf3c3e: start LeaderElection
2019-09-25 07:34:06,990 [8005d4cb-4fe5-4e19-8530-60982edf3c3e@group-0D7E40D5004F-SegmentedRaftLogWorker] INFO  segmented.SegmentedRaftLogWorker (SegmentedRaftLogWorker.java:execute(569)) - 8005d4cb-4fe5-4e19-8530-60982edf3c3e@group-0D7E40D5004F-SegmentedRaftLogWorker: created new log segment /workdir/hadoop-ozone/tools/target/test-dir/MiniOzoneClusterImpl-55ba2c16-82ef-4526-82fa-9313f8d95d3f/datanode-4/data/ratis/7ee75c18-6432-49e9-8f17-0d7e40d5004f/current/log_inprogress_0
2019-09-25 07:34:07,007 [8005d4cb-4fe5-4e19-8530-60982edf3c3e@group-88B9FAE8A986:LeaderElection27] INFO  impl.LeaderElection (LeaderElection.java:askForVotes(182)) - 8005d4cb-4fe5-4e19-8530-60982edf3c3e@group-88B9FAE8A986:LeaderElection27: begin an election at term 1 for -1: [8005d4cb-4fe5-4e19-8530-60982edf3c3e:192.168.151.106:45181], old=null
2019-09-25 07:34:07,007 [8005d4cb-4fe5-4e19-8530-60982edf3c3e@group-88B9FAE8A986:LeaderElection27] INFO  impl.RoleInfo (RoleInfo.java:shutdownLeaderElection(134)) - 8005d4cb-4fe5-4e19-8530-60982edf3c3e: shutdown LeaderElection
2019-09-25 07:34:07,007 [8005d4cb-4fe5-4e19-8530-60982edf3c3e@group-88B9FAE8A986:LeaderElection27] INFO  impl.RaftServerImpl (RaftServerImpl.java:setRole(174)) - 8005d4cb-4fe5-4e19-8530-60982edf3c3e@group-88B9FAE8A986: changes role from CANDIDATE to LEADER at term 1 for changeToLeader
2019-09-25 07:34:07,007 [8005d4cb-4fe5-4e19-8530-60982edf3c3e@group-88B9FAE8A986:LeaderElection27] INFO  impl.RaftServerImpl (ServerState.java:setLeader(253)) - 8005d4cb-4fe5-4e19-8530-60982edf3c3e@group-88B9FAE8A986: change Leader from null to 8005d4cb-4fe5-4e19-8530-60982edf3c3e at term 1 for becomeLeader, leader elected after 5154ms
2019-09-25 07:34:07,008 [8005d4cb-4fe5-4e19-8530-60982edf3c3e@group-88B9FAE8A986:LeaderElection27] INFO  server.RaftServerConfigKeys (ConfUtils.java:logGet(43)) - raft.server.staging.catchup.gap = 1000 (default)
2019-09-25 07:34:07,008 [8005d4cb-4fe5-4e19-8530-60982edf3c3e@group-88B9FAE8A986:LeaderElection27] INFO  server.RaftServerConfigKeys (ConfUtils.java:logGet(43)) - raft.server.rpc.sleep.time = 25ms (default)
2019-09-25 07:34:07,008 [8005d4cb-4fe5-4e19-8530-60982edf3c3e@group-88B9FAE8A986:LeaderElection27] INFO  server.RaftServerConfigKeys (ConfUtils.java:logGet(43)) - raft.server.write.element-limit = 4096 (default)
2019-09-25 07:34:07,008 [8005d4cb-4fe5-4e19-8530-60982edf3c3e@group-88B9FAE8A986:LeaderElection27] INFO  server.RaftServerConfigKeys (ConfUtils.java:logGet(43)) - raft.server.watch.timeout = 10s (default)
2019-09-25 07:34:07,008 [8005d4cb-4fe5-4e19-8530-60982edf3c3e@group-88B9FAE8A986:LeaderElection27] INFO  server.RaftServerConfigKeys (ConfUtils.java:logGet(43)) - raft.server.watch.timeout.denomination = 1s (default)
2019-09-25 07:34:07,009 [8005d4cb-4fe5-4e19-8530-60982edf3c3e@group-88B9FAE8A986:LeaderElection27] INFO  server.RaftServerConfigKeys (ConfUtils.java:logGet(43)) - raft.server.watch.element-limit = 65536 (default)
2019-09-25 07:34:07,011 [8005d4cb-4fe5-4e19-8530-60982edf3c3e@group-88B9FAE8A986:LeaderElection27] INFO  impl.RoleInfo (RoleInfo.java:updateAndGet(143)) - 8005d4cb-4fe5-4e19-8530-60982edf3c3e: start LeaderState
2019-09-25 07:34:07,011 [8005d4cb-4fe5-4e19-8530-60982edf3c3e@group-88B9FAE8A986:LeaderElection27] INFO  segmented.SegmentedRaftLogWorker (SegmentedRaftLogWorker.java:startLogSegment(380)) - 8005d4cb-4fe5-4e19-8530-60982edf3c3e@group-88B9FAE8A986-SegmentedRaftLogWorker: Starting segment from index:0
2019-09-25 07:34:07,012 [8005d4cb-4fe5-4e19-8530-60982edf3c3e@group-88B9FAE8A986:LeaderElection27] INFO  impl.RaftServerImpl (ServerState.java:setRaftConf(354)) - 8005d4cb-4fe5-4e19-8530-60982edf3c3e@group-88B9FAE8A986: set configuration 0: [8005d4cb-4fe5-4e19-8530-60982edf3c3e:192.168.151.106:45181], old=null at 0
2019-09-25 07:34:07,066 [Thread-298] INFO  impl.FollowerState (FollowerState.java:run(106)) - 0441a7da-a434-40f3-b826-f1d73a75434f:group-41A6BABD5F57 changes to CANDIDATE, lastRpcTime:5148, electionTimeout:5148ms
2019-09-25 07:34:07,067 [Thread-298] INFO  impl.RoleInfo (RoleInfo.java:shutdownFollowerState(121)) - 0441a7da-a434-40f3-b826-f1d73a75434f: shutdown FollowerState
2019-09-25 07:34:07,067 [Thread-298] INFO  impl.RaftServerImpl (RaftServerImpl.java:setRole(174)) - 0441a7da-a434-40f3-b826-f1d73a75434f@group-41A6BABD5F57: changes role from  FOLLOWER to CANDIDATE at term 0 for changeToCandidate
2019-09-25 07:34:07,067 [Thread-298] INFO  impl.RoleInfo (RoleInfo.java:updateAndGet(143)) - 0441a7da-a434-40f3-b826-f1d73a75434f: start LeaderElection
2019-09-25 07:34:07,077 [8005d4cb-4fe5-4e19-8530-60982edf3c3e@group-88B9FAE8A986-SegmentedRaftLogWorker] INFO  segmented.SegmentedRaftLogWorker (SegmentedRaftLogWorker.java:execute(569)) - 8005d4cb-4fe5-4e19-8530-60982edf3c3e@group-88B9FAE8A986-SegmentedRaftLogWorker: created new log segment /workdir/hadoop-ozone/tools/target/test-dir/MiniOzoneClusterImpl-55ba2c16-82ef-4526-82fa-9313f8d95d3f/datanode-4/data/ratis/6c0bb626-e3fd-497a-b2a8-88b9fae8a986/current/log_inprogress_0
2019-09-25 07:34:07,092 [0441a7da-a434-40f3-b826-f1d73a75434f@group-41A6BABD5F57:LeaderElection28] INFO  impl.LeaderElection (LeaderElection.java:askForVotes(182)) - 0441a7da-a434-40f3-b826-f1d73a75434f@group-41A6BABD5F57:LeaderElection28: begin an election at term 1 for -1: [0441a7da-a434-40f3-b826-f1d73a75434f:192.168.151.106:42590], old=null
2019-09-25 07:34:07,092 [0441a7da-a434-40f3-b826-f1d73a75434f@group-41A6BABD5F57:LeaderElection28] INFO  impl.RoleInfo (RoleInfo.java:shutdownLeaderElection(134)) - 0441a7da-a434-40f3-b826-f1d73a75434f: shutdown LeaderElection
2019-09-25 07:34:07,092 [0441a7da-a434-40f3-b826-f1d73a75434f@group-41A6BABD5F57:LeaderElection28] INFO  impl.RaftServerImpl (RaftServerImpl.java:setRole(174)) - 0441a7da-a434-40f3-b826-f1d73a75434f@group-41A6BABD5F57: changes role from CANDIDATE to LEADER at term 1 for changeToLeader
2019-09-25 07:34:07,092 [0441a7da-a434-40f3-b826-f1d73a75434f@group-41A6BABD5F57:LeaderElection28] INFO  impl.RaftServerImpl (ServerState.java:setLeader(253)) - 0441a7da-a434-40f3-b826-f1d73a75434f@group-41A6BABD5F57: change Leader from null to 0441a7da-a434-40f3-b826-f1d73a75434f at term 1 for becomeLeader, leader elected after 5181ms
2019-09-25 07:34:07,093 [0441a7da-a434-40f3-b826-f1d73a75434f@group-41A6BABD5F57:LeaderElection28] INFO  server.RaftServerConfigKeys (ConfUtils.java:logGet(43)) - raft.server.staging.catchup.gap = 1000 (default)
2019-09-25 07:34:07,093 [0441a7da-a434-40f3-b826-f1d73a75434f@group-41A6BABD5F57:LeaderElection28] INFO  server.RaftServerConfigKeys (ConfUtils.java:logGet(43)) - raft.server.rpc.sleep.time = 25ms (default)
2019-09-25 07:34:07,093 [0441a7da-a434-40f3-b826-f1d73a75434f@group-41A6BABD5F57:LeaderElection28] INFO  server.RaftServerConfigKeys (ConfUtils.java:logGet(43)) - raft.server.write.element-limit = 4096 (default)
2019-09-25 07:34:07,093 [0441a7da-a434-40f3-b826-f1d73a75434f@group-41A6BABD5F57:LeaderElection28] INFO  server.RaftServerConfigKeys (ConfUtils.java:logGet(43)) - raft.server.watch.timeout = 10s (default)
2019-09-25 07:34:07,093 [0441a7da-a434-40f3-b826-f1d73a75434f@group-41A6BABD5F57:LeaderElection28] INFO  server.RaftServerConfigKeys (ConfUtils.java:logGet(43)) - raft.server.watch.timeout.denomination = 1s (default)
2019-09-25 07:34:07,093 [0441a7da-a434-40f3-b826-f1d73a75434f@group-41A6BABD5F57:LeaderElection28] INFO  server.RaftServerConfigKeys (ConfUtils.java:logGet(43)) - raft.server.watch.element-limit = 65536 (default)
2019-09-25 07:34:07,096 [0441a7da-a434-40f3-b826-f1d73a75434f@group-41A6BABD5F57:LeaderElection28] INFO  impl.RoleInfo (RoleInfo.java:updateAndGet(143)) - 0441a7da-a434-40f3-b826-f1d73a75434f: start LeaderState
2019-09-25 07:34:07,097 [0441a7da-a434-40f3-b826-f1d73a75434f@group-41A6BABD5F57:LeaderElection28] INFO  segmented.SegmentedRaftLogWorker (SegmentedRaftLogWorker.java:startLogSegment(380)) - 0441a7da-a434-40f3-b826-f1d73a75434f@group-41A6BABD5F57-SegmentedRaftLogWorker: Starting segment from index:0
2019-09-25 07:34:07,097 [0441a7da-a434-40f3-b826-f1d73a75434f@group-41A6BABD5F57:LeaderElection28] INFO  impl.RaftServerImpl (ServerState.java:setRaftConf(354)) - 0441a7da-a434-40f3-b826-f1d73a75434f@group-41A6BABD5F57: set configuration 0: [0441a7da-a434-40f3-b826-f1d73a75434f:192.168.151.106:42590], old=null at 0
2019-09-25 07:34:07,138 [Thread-301] INFO  impl.FollowerState (FollowerState.java:run(106)) - 0441a7da-a434-40f3-b826-f1d73a75434f:group-896AC68674BA changes to CANDIDATE, lastRpcTime:5164, electionTimeout:5164ms
2019-09-25 07:34:07,138 [Thread-301] INFO  impl.RoleInfo (RoleInfo.java:shutdownFollowerState(121)) - 0441a7da-a434-40f3-b826-f1d73a75434f: shutdown FollowerState
2019-09-25 07:34:07,139 [Thread-301] INFO  impl.RaftServerImpl (RaftServerImpl.java:setRole(174)) - 0441a7da-a434-40f3-b826-f1d73a75434f@group-896AC68674BA: changes role from  FOLLOWER to CANDIDATE at term 0 for changeToCandidate
2019-09-25 07:34:07,139 [Thread-301] INFO  impl.RoleInfo (RoleInfo.java:updateAndGet(143)) - 0441a7da-a434-40f3-b826-f1d73a75434f: start LeaderElection
2019-09-25 07:34:07,154 [0441a7da-a434-40f3-b826-f1d73a75434f@group-41A6BABD5F57-SegmentedRaftLogWorker] INFO  segmented.SegmentedRaftLogWorker (SegmentedRaftLogWorker.java:execute(569)) - 0441a7da-a434-40f3-b826-f1d73a75434f@group-41A6BABD5F57-SegmentedRaftLogWorker: created new log segment /workdir/hadoop-ozone/tools/target/test-dir/MiniOzoneClusterImpl-55ba2c16-82ef-4526-82fa-9313f8d95d3f/datanode-3/data/ratis/d8e7582c-58e6-43bb-986f-41a6babd5f57/current/log_inprogress_0
2019-09-25 07:34:07,155 [0441a7da-a434-40f3-b826-f1d73a75434f@group-896AC68674BA:LeaderElection29] INFO  impl.LeaderElection (LeaderElection.java:askForVotes(182)) - 0441a7da-a434-40f3-b826-f1d73a75434f@group-896AC68674BA:LeaderElection29: begin an election at term 1 for -1: [0441a7da-a434-40f3-b826-f1d73a75434f:192.168.151.106:42590], old=null
2019-09-25 07:34:07,155 [0441a7da-a434-40f3-b826-f1d73a75434f@group-896AC68674BA:LeaderElection29] INFO  impl.RoleInfo (RoleInfo.java:shutdownLeaderElection(134)) - 0441a7da-a434-40f3-b826-f1d73a75434f: shutdown LeaderElection
2019-09-25 07:34:07,155 [0441a7da-a434-40f3-b826-f1d73a75434f@group-896AC68674BA:LeaderElection29] INFO  impl.RaftServerImpl (RaftServerImpl.java:setRole(174)) - 0441a7da-a434-40f3-b826-f1d73a75434f@group-896AC68674BA: changes role from CANDIDATE to LEADER at term 1 for changeToLeader
2019-09-25 07:34:07,155 [0441a7da-a434-40f3-b826-f1d73a75434f@group-896AC68674BA:LeaderElection29] INFO  impl.RaftServerImpl (ServerState.java:setLeader(253)) - 0441a7da-a434-40f3-b826-f1d73a75434f@group-896AC68674BA: change Leader from null to 0441a7da-a434-40f3-b826-f1d73a75434f at term 1 for becomeLeader, leader elected after 5188ms
2019-09-25 07:34:07,155 [0441a7da-a434-40f3-b826-f1d73a75434f@group-896AC68674BA:LeaderElection29] INFO  server.RaftServerConfigKeys (ConfUtils.java:logGet(43)) - raft.server.staging.catchup.gap = 1000 (default)
2019-09-25 07:34:07,155 [0441a7da-a434-40f3-b826-f1d73a75434f@group-896AC68674BA:LeaderElection29] INFO  server.RaftServerConfigKeys (ConfUtils.java:logGet(43)) - raft.server.rpc.sleep.time = 25ms (default)
2019-09-25 07:34:07,156 [0441a7da-a434-40f3-b826-f1d73a75434f@group-896AC68674BA:LeaderElection29] INFO  server.RaftServerConfigKeys (ConfUtils.java:logGet(43)) - raft.server.write.element-limit = 4096 (default)
2019-09-25 07:34:07,156 [0441a7da-a434-40f3-b826-f1d73a75434f@group-896AC68674BA:LeaderElection29] INFO  server.RaftServerConfigKeys (ConfUtils.java:logGet(43)) - raft.server.watch.timeout = 10s (default)
2019-09-25 07:34:07,156 [0441a7da-a434-40f3-b826-f1d73a75434f@group-896AC68674BA:LeaderElection29] INFO  server.RaftServerConfigKeys (ConfUtils.java:logGet(43)) - raft.server.watch.timeout.denomination = 1s (default)
2019-09-25 07:34:07,156 [0441a7da-a434-40f3-b826-f1d73a75434f@group-896AC68674BA:LeaderElection29] INFO  server.RaftServerConfigKeys (ConfUtils.java:logGet(43)) - raft.server.watch.element-limit = 65536 (default)
2019-09-25 07:34:07,159 [0441a7da-a434-40f3-b826-f1d73a75434f@group-896AC68674BA:LeaderElection29] INFO  impl.RoleInfo (RoleInfo.java:updateAndGet(143)) - 0441a7da-a434-40f3-b826-f1d73a75434f: start LeaderState
2019-09-25 07:34:07,159 [0441a7da-a434-40f3-b826-f1d73a75434f@group-896AC68674BA:LeaderElection29] INFO  segmented.SegmentedRaftLogWorker (SegmentedRaftLogWorker.java:startLogSegment(380)) - 0441a7da-a434-40f3-b826-f1d73a75434f@group-896AC68674BA-SegmentedRaftLogWorker: Starting segment from index:0
2019-09-25 07:34:07,159 [0441a7da-a434-40f3-b826-f1d73a75434f@group-896AC68674BA:LeaderElection29] INFO  impl.RaftServerImpl (ServerState.java:setRaftConf(354)) - 0441a7da-a434-40f3-b826-f1d73a75434f@group-896AC68674BA: set configuration 0: [0441a7da-a434-40f3-b826-f1d73a75434f:192.168.151.106:42590], old=null at 0
2019-09-25 07:34:07,222 [0441a7da-a434-40f3-b826-f1d73a75434f@group-896AC68674BA-SegmentedRaftLogWorker] INFO  segmented.SegmentedRaftLogWorker (SegmentedRaftLogWorker.java:execute(569)) - 0441a7da-a434-40f3-b826-f1d73a75434f@group-896AC68674BA-SegmentedRaftLogWorker: created new log segment /workdir/hadoop-ozone/tools/target/test-dir/MiniOzoneClusterImpl-55ba2c16-82ef-4526-82fa-9313f8d95d3f/datanode-3/data/ratis/e1ce7ba7-1007-436f-9639-896ac68674ba/current/log_inprogress_0
2019-09-25 07:34:07,233 [Thread-304] INFO  impl.FollowerState (FollowerState.java:run(106)) - 0441a7da-a434-40f3-b826-f1d73a75434f:group-BF2FCFAE02F2 changes to CANDIDATE, lastRpcTime:5181, electionTimeout:5181ms
2019-09-25 07:34:07,233 [Thread-304] INFO  impl.RoleInfo (RoleInfo.java:shutdownFollowerState(121)) - 0441a7da-a434-40f3-b826-f1d73a75434f: shutdown FollowerState
2019-09-25 07:34:07,234 [Thread-304] INFO  impl.RaftServerImpl (RaftServerImpl.java:setRole(174)) - 0441a7da-a434-40f3-b826-f1d73a75434f@group-BF2FCFAE02F2: changes role from  FOLLOWER to CANDIDATE at term 0 for changeToCandidate
2019-09-25 07:34:07,234 [Thread-304] INFO  impl.RoleInfo (RoleInfo.java:updateAndGet(143)) - 0441a7da-a434-40f3-b826-f1d73a75434f: start LeaderElection
2019-09-25 07:34:07,249 [0441a7da-a434-40f3-b826-f1d73a75434f@group-BF2FCFAE02F2:LeaderElection30] INFO  impl.LeaderElection (LeaderElection.java:askForVotes(182)) - 0441a7da-a434-40f3-b826-f1d73a75434f@group-BF2FCFAE02F2:LeaderElection30: begin an election at term 1 for -1: [0441a7da-a434-40f3-b826-f1d73a75434f:192.168.151.106:42590], old=null
2019-09-25 07:34:07,250 [0441a7da-a434-40f3-b826-f1d73a75434f@group-BF2FCFAE02F2:LeaderElection30] INFO  impl.RoleInfo (RoleInfo.java:shutdownLeaderElection(134)) - 0441a7da-a434-40f3-b826-f1d73a75434f: shutdown LeaderElection
2019-09-25 07:34:07,250 [0441a7da-a434-40f3-b826-f1d73a75434f@group-BF2FCFAE02F2:LeaderElection30] INFO  impl.RaftServerImpl (RaftServerImpl.java:setRole(174)) - 0441a7da-a434-40f3-b826-f1d73a75434f@group-BF2FCFAE02F2: changes role from CANDIDATE to LEADER at term 1 for changeToLeader
2019-09-25 07:34:07,250 [0441a7da-a434-40f3-b826-f1d73a75434f@group-BF2FCFAE02F2:LeaderElection30] INFO  impl.RaftServerImpl (ServerState.java:setLeader(253)) - 0441a7da-a434-40f3-b826-f1d73a75434f@group-BF2FCFAE02F2: change Leader from null to 0441a7da-a434-40f3-b826-f1d73a75434f at term 1 for becomeLeader, leader elected after 5205ms
2019-09-25 07:34:07,250 [0441a7da-a434-40f3-b826-f1d73a75434f@group-BF2FCFAE02F2:LeaderElection30] INFO  server.RaftServerConfigKeys (ConfUtils.java:logGet(43)) - raft.server.staging.catchup.gap = 1000 (default)
2019-09-25 07:34:07,250 [0441a7da-a434-40f3-b826-f1d73a75434f@group-BF2FCFAE02F2:LeaderElection30] INFO  server.RaftServerConfigKeys (ConfUtils.java:logGet(43)) - raft.server.rpc.sleep.time = 25ms (default)
2019-09-25 07:34:07,251 [0441a7da-a434-40f3-b826-f1d73a75434f@group-BF2FCFAE02F2:LeaderElection30] INFO  server.RaftServerConfigKeys (ConfUtils.java:logGet(43)) - raft.server.write.element-limit = 4096 (default)
2019-09-25 07:34:07,251 [0441a7da-a434-40f3-b826-f1d73a75434f@group-BF2FCFAE02F2:LeaderElection30] INFO  server.RaftServerConfigKeys (ConfUtils.java:logGet(43)) - raft.server.watch.timeout = 10s (default)
2019-09-25 07:34:07,251 [0441a7da-a434-40f3-b826-f1d73a75434f@group-BF2FCFAE02F2:LeaderElection30] INFO  server.RaftServerConfigKeys (ConfUtils.java:logGet(43)) - raft.server.watch.timeout.denomination = 1s (default)
2019-09-25 07:34:07,251 [0441a7da-a434-40f3-b826-f1d73a75434f@group-BF2FCFAE02F2:LeaderElection30] INFO  server.RaftServerConfigKeys (ConfUtils.java:logGet(43)) - raft.server.watch.element-limit = 65536 (default)
2019-09-25 07:34:07,255 [0441a7da-a434-40f3-b826-f1d73a75434f@group-BF2FCFAE02F2:LeaderElection30] INFO  impl.RoleInfo (RoleInfo.java:updateAndGet(143)) - 0441a7da-a434-40f3-b826-f1d73a75434f: start LeaderState
2019-09-25 07:34:07,256 [0441a7da-a434-40f3-b826-f1d73a75434f@group-BF2FCFAE02F2:LeaderElection30] INFO  segmented.SegmentedRaftLogWorker (SegmentedRaftLogWorker.java:startLogSegment(380)) - 0441a7da-a434-40f3-b826-f1d73a75434f@group-BF2FCFAE02F2-SegmentedRaftLogWorker: Starting segment from index:0
2019-09-25 07:34:07,256 [0441a7da-a434-40f3-b826-f1d73a75434f@group-BF2FCFAE02F2:LeaderElection30] INFO  impl.RaftServerImpl (ServerState.java:setRaftConf(354)) - 0441a7da-a434-40f3-b826-f1d73a75434f@group-BF2FCFAE02F2: set configuration 0: [0441a7da-a434-40f3-b826-f1d73a75434f:192.168.151.106:42590], old=null at 0
2019-09-25 07:34:07,312 [0441a7da-a434-40f3-b826-f1d73a75434f@group-BF2FCFAE02F2-SegmentedRaftLogWorker] INFO  segmented.SegmentedRaftLogWorker (SegmentedRaftLogWorker.java:execute(569)) - 0441a7da-a434-40f3-b826-f1d73a75434f@group-BF2FCFAE02F2-SegmentedRaftLogWorker: created new log segment /workdir/hadoop-ozone/tools/target/test-dir/MiniOzoneClusterImpl-55ba2c16-82ef-4526-82fa-9313f8d95d3f/datanode-3/data/ratis/0f7f495e-51d0-4a97-87e7-bf2fcfae02f2/current/log_inprogress_0
]]></system-out>
    <system-err><![CDATA[ERROR StatusLogger No Log4j 2 configuration file found. Using default configuration (logging only errors to the console), or user programmatically provided configurations. Set system property 'log4j2.debug' to show Log4j 2 internal initialization logging. See https://logging.apache.org/log4j/2.x/manual/configuration.html for instructions on how to configure Log4j 2
]]></system-err>
  </testcase>
  <testcase name="standaloneTestLargeKey" classname="org.apache.hadoop.ozone.freon.TestDataValidateWithUnsafeByteOperations" time="10.126">
    <error message="Allocated 0 blocks. Requested 5 blocks" type="INTERNAL_ERROR org.apache.hadoop.ozone.om.exceptions.OMException">INTERNAL_ERROR org.apache.hadoop.ozone.om.exceptions.OMException: Allocated 0 blocks. Requested 5 blocks
	at org.apache.hadoop.ozone.om.protocolPB.OzoneManagerProtocolClientSideTranslatorPB.handleError(OzoneManagerProtocolClientSideTranslatorPB.java:732)
	at org.apache.hadoop.ozone.om.protocolPB.OzoneManagerProtocolClientSideTranslatorPB.openKey(OzoneManagerProtocolClientSideTranslatorPB.java:723)
	at sun.reflect.NativeMethodAccessorImpl.invoke0(Native Method)
	at sun.reflect.NativeMethodAccessorImpl.invoke(NativeMethodAccessorImpl.java:62)
	at sun.reflect.DelegatingMethodAccessorImpl.invoke(DelegatingMethodAccessorImpl.java:43)
	at java.lang.reflect.Method.invoke(Method.java:498)
	at org.apache.hadoop.hdds.tracing.TraceAllMethod.invoke(TraceAllMethod.java:66)
	at com.sun.proxy.$Proxy37.openKey(Unknown Source)
	at org.apache.hadoop.ozone.client.rpc.RpcClient.createKey(RpcClient.java:614)
	at org.apache.hadoop.ozone.client.OzoneBucket.createKey(OzoneBucket.java:325)
	at org.apache.hadoop.ozone.freon.RandomKeyGenerator.createKey(RandomKeyGenerator.java:695)
	at org.apache.hadoop.ozone.freon.RandomKeyGenerator.access$1100(RandomKeyGenerator.java:88)
	at org.apache.hadoop.ozone.freon.RandomKeyGenerator$ObjectCreator.run(RandomKeyGenerator.java:615)
	at java.util.concurrent.Executors$RunnableAdapter.call(Executors.java:511)
	at java.util.concurrent.FutureTask.run(FutureTask.java:266)
	at java.util.concurrent.ThreadPoolExecutor.runWorker(ThreadPoolExecutor.java:1149)
	at java.util.concurrent.ThreadPoolExecutor$Worker.run(ThreadPoolExecutor.java:624)
	at java.lang.Thread.run(Thread.java:748)
</error>
    <system-out><![CDATA[2019-09-25 07:34:10,565 [main] INFO  freon.RandomKeyGenerator (RandomKeyGenerator.java:call(283)) - Number of Threads: 10
2019-09-25 07:34:10,565 [main] INFO  freon.RandomKeyGenerator (RandomKeyGenerator.java:call(288)) - Number of Volumes: 1.
2019-09-25 07:34:10,565 [main] INFO  freon.RandomKeyGenerator (RandomKeyGenerator.java:call(289)) - Number of Buckets per Volume: 1.
2019-09-25 07:34:10,565 [main] INFO  freon.RandomKeyGenerator (RandomKeyGenerator.java:call(290)) - Number of Keys per Bucket: 1.
2019-09-25 07:34:10,566 [main] INFO  freon.RandomKeyGenerator (RandomKeyGenerator.java:call(291)) - Key size: 20971520 bytes
2019-09-25 07:34:10,566 [main] INFO  freon.RandomKeyGenerator (RandomKeyGenerator.java:call(292)) - Buffer size: 4096 bytes
2019-09-25 07:34:10,566 [main] INFO  freon.RandomKeyGenerator (RandomKeyGenerator.java:call(293)) - validateWrites : true
2019-09-25 07:34:10,567 [pool-74-thread-1] INFO  rpc.RpcClient (RpcClient.java:createVolume(276)) - Creating Volume: vol-0-74504, with jenkins1000 as owner.
2019-09-25 07:34:10,567 [main] INFO  freon.RandomKeyGenerator (RandomKeyGenerator.java:call(307)) - Data validation is enabled.
2019-09-25 07:34:10,567 [main] INFO  freon.RandomKeyGenerator (RandomKeyGenerator.java:call(313)) - Starting progress bar Thread.

 0.00% |█                                                                                                    |  0/1 Time: 0:00:002019-09-25 07:34:10,573 [IPC Server handler 2 on 39980] INFO  volume.OMVolumeCreateRequest (OMVolumeCreateRequest.java:validateAndUpdateCache(189)) - created volume:vol-0-74504 for user:jenkins1000
2019-09-25 07:34:10,590 [pool-74-thread-2] INFO  rpc.RpcClient (RpcClient.java:createBucket(415)) - Creating Bucket: vol-0-74504/bucket-0-32115, with Versioning false and Storage Type set to DISK and Encryption set to false 
2019-09-25 07:34:10,602 [IPC Server handler 4 on 37409] INFO  pipeline.PipelinePlacementPolicy (PipelinePlacementPolicy.java:meetCriteria(91)) - Pipeline Placement: can't place more pipeline on heavy datanode： df3fee13-edb1-4245-be34-bb4c7d942b62 Heaviness: 6 limit: 5
2019-09-25 07:34:10,602 [IPC Server handler 4 on 37409] INFO  pipeline.PipelinePlacementPolicy (PipelinePlacementPolicy.java:meetCriteria(91)) - Pipeline Placement: can't place more pipeline on heavy datanode： 0441a7da-a434-40f3-b826-f1d73a75434f Heaviness: 6 limit: 5
2019-09-25 07:34:10,602 [IPC Server handler 4 on 37409] INFO  pipeline.PipelinePlacementPolicy (PipelinePlacementPolicy.java:meetCriteria(91)) - Pipeline Placement: can't place more pipeline on heavy datanode： 9659e150-6db8-46c9-9754-45a2163a8a7f Heaviness: 6 limit: 5
2019-09-25 07:34:10,602 [IPC Server handler 4 on 37409] INFO  pipeline.PipelinePlacementPolicy (PipelinePlacementPolicy.java:meetCriteria(91)) - Pipeline Placement: can't place more pipeline on heavy datanode： 8005d4cb-4fe5-4e19-8530-60982edf3c3e Heaviness: 6 limit: 5
2019-09-25 07:34:10,603 [IPC Server handler 4 on 37409] INFO  pipeline.PipelinePlacementPolicy (PipelinePlacementPolicy.java:meetCriteria(91)) - Pipeline Placement: can't place more pipeline on heavy datanode： bdcda101-49b0-4c87-b510-4eac276b6602 Heaviness: 6 limit: 5
2019-09-25 07:34:10,603 [IPC Server handler 4 on 37409] ERROR pipeline.PipelinePlacementPolicy (PipelinePlacementPolicy.java:filterViableNodes(148)) - Unable to find enough nodes that meet the criteria that cannot engage in more than 5 pipelines. Nodes required: 3 Found: 0, healthy nodes count inNodeManager: 5.
2019-09-25 07:34:10,603 [IPC Server handler 4 on 37409] ERROR pipeline.SCMPipelineManager (SCMPipelineManager.java:createPipeline(167)) - Pipeline creation failed.
org.apache.hadoop.hdds.scm.exceptions.SCMException: Unable to find enough nodes that meet the criteria that cannot engage in more than 5 pipelines. Nodes required: 3 Found: 0, healthy nodes count inNodeManager: 5.
	at org.apache.hadoop.hdds.scm.pipeline.PipelinePlacementPolicy.filterViableNodes(PipelinePlacementPolicy.java:149)
	at org.apache.hadoop.hdds.scm.pipeline.PipelinePlacementPolicy.chooseDatanodes(PipelinePlacementPolicy.java:172)
	at org.apache.hadoop.hdds.scm.pipeline.RatisPipelineProvider.create(RatisPipelineProvider.java:93)
	at org.apache.hadoop.hdds.scm.pipeline.PipelineFactory.create(PipelineFactory.java:58)
	at org.apache.hadoop.hdds.scm.pipeline.SCMPipelineManager.createPipeline(SCMPipelineManager.java:155)
	at org.apache.hadoop.hdds.scm.block.BlockManagerImpl.allocateBlock(BlockManagerImpl.java:190)
	at org.apache.hadoop.hdds.scm.server.SCMBlockProtocolServer.allocateBlock(SCMBlockProtocolServer.java:182)
	at org.apache.hadoop.ozone.protocolPB.ScmBlockLocationProtocolServerSideTranslatorPB.allocateScmBlock(ScmBlockLocationProtocolServerSideTranslatorPB.java:183)
	at org.apache.hadoop.ozone.protocolPB.ScmBlockLocationProtocolServerSideTranslatorPB.processMessage(ScmBlockLocationProtocolServerSideTranslatorPB.java:141)
	at org.apache.hadoop.ozone.protocolPB.ScmBlockLocationProtocolServerSideTranslatorPB.send(ScmBlockLocationProtocolServerSideTranslatorPB.java:116)
	at org.apache.hadoop.hdds.protocol.proto.ScmBlockLocationProtocolProtos$ScmBlockLocationProtocolService$2.callBlockingMethod(ScmBlockLocationProtocolProtos.java:13157)
	at org.apache.hadoop.ipc.ProtobufRpcEngine$Server$ProtoBufRpcInvoker.call(ProtobufRpcEngine.java:524)
	at org.apache.hadoop.ipc.RPC$Server.call(RPC.java:1025)
	at org.apache.hadoop.ipc.Server$RpcCall.run(Server.java:876)
	at org.apache.hadoop.ipc.Server$RpcCall.run(Server.java:822)
	at java.security.AccessController.doPrivileged(Native Method)
	at javax.security.auth.Subject.doAs(Subject.java:422)
	at org.apache.hadoop.security.UserGroupInformation.doAs(UserGroupInformation.java:1730)
	at org.apache.hadoop.ipc.Server$Handler.run(Server.java:2682)
2019-09-25 07:34:10,604 [IPC Server handler 4 on 37409] WARN  block.BlockManagerImpl (BlockManagerImpl.java:allocateBlock(192)) - Pipeline creation failed for type:RATIS factor:THREE. Retrying get pipelines call once.
org.apache.hadoop.hdds.scm.exceptions.SCMException: Unable to find enough nodes that meet the criteria that cannot engage in more than 5 pipelines. Nodes required: 3 Found: 0, healthy nodes count inNodeManager: 5.
	at org.apache.hadoop.hdds.scm.pipeline.PipelinePlacementPolicy.filterViableNodes(PipelinePlacementPolicy.java:149)
	at org.apache.hadoop.hdds.scm.pipeline.PipelinePlacementPolicy.chooseDatanodes(PipelinePlacementPolicy.java:172)
	at org.apache.hadoop.hdds.scm.pipeline.RatisPipelineProvider.create(RatisPipelineProvider.java:93)
	at org.apache.hadoop.hdds.scm.pipeline.PipelineFactory.create(PipelineFactory.java:58)
	at org.apache.hadoop.hdds.scm.pipeline.SCMPipelineManager.createPipeline(SCMPipelineManager.java:155)
	at org.apache.hadoop.hdds.scm.block.BlockManagerImpl.allocateBlock(BlockManagerImpl.java:190)
	at org.apache.hadoop.hdds.scm.server.SCMBlockProtocolServer.allocateBlock(SCMBlockProtocolServer.java:182)
	at org.apache.hadoop.ozone.protocolPB.ScmBlockLocationProtocolServerSideTranslatorPB.allocateScmBlock(ScmBlockLocationProtocolServerSideTranslatorPB.java:183)
	at org.apache.hadoop.ozone.protocolPB.ScmBlockLocationProtocolServerSideTranslatorPB.processMessage(ScmBlockLocationProtocolServerSideTranslatorPB.java:141)
	at org.apache.hadoop.ozone.protocolPB.ScmBlockLocationProtocolServerSideTranslatorPB.send(ScmBlockLocationProtocolServerSideTranslatorPB.java:116)
	at org.apache.hadoop.hdds.protocol.proto.ScmBlockLocationProtocolProtos$ScmBlockLocationProtocolService$2.callBlockingMethod(ScmBlockLocationProtocolProtos.java:13157)
	at org.apache.hadoop.ipc.ProtobufRpcEngine$Server$ProtoBufRpcInvoker.call(ProtobufRpcEngine.java:524)
	at org.apache.hadoop.ipc.RPC$Server.call(RPC.java:1025)
	at org.apache.hadoop.ipc.Server$RpcCall.run(Server.java:876)
	at org.apache.hadoop.ipc.Server$RpcCall.run(Server.java:822)
	at java.security.AccessController.doPrivileged(Native Method)
	at javax.security.auth.Subject.doAs(Subject.java:422)
	at org.apache.hadoop.security.UserGroupInformation.doAs(UserGroupInformation.java:1730)
	at org.apache.hadoop.ipc.Server$Handler.run(Server.java:2682)
2019-09-25 07:34:10,604 [IPC Server handler 4 on 37409] INFO  block.BlockManagerImpl (BlockManagerImpl.java:allocateBlock(198)) - Could not find available pipeline of type:RATIS and factor:THREE even after retrying
2019-09-25 07:34:10,604 [IPC Server handler 4 on 37409] ERROR block.BlockManagerImpl (BlockManagerImpl.java:allocateBlock(222)) - Unable to allocate a block for the size: 4194304, type: RATIS, factor: THREE
2019-09-25 07:34:10,604 [IPC Server handler 4 on 37409] INFO  pipeline.PipelinePlacementPolicy (PipelinePlacementPolicy.java:meetCriteria(91)) - Pipeline Placement: can't place more pipeline on heavy datanode： df3fee13-edb1-4245-be34-bb4c7d942b62 Heaviness: 6 limit: 5
2019-09-25 07:34:10,605 [IPC Server handler 4 on 37409] INFO  pipeline.PipelinePlacementPolicy (PipelinePlacementPolicy.java:meetCriteria(91)) - Pipeline Placement: can't place more pipeline on heavy datanode： 0441a7da-a434-40f3-b826-f1d73a75434f Heaviness: 6 limit: 5
2019-09-25 07:34:10,605 [IPC Server handler 4 on 37409] INFO  pipeline.PipelinePlacementPolicy (PipelinePlacementPolicy.java:meetCriteria(91)) - Pipeline Placement: can't place more pipeline on heavy datanode： 9659e150-6db8-46c9-9754-45a2163a8a7f Heaviness: 6 limit: 5
2019-09-25 07:34:10,605 [IPC Server handler 4 on 37409] INFO  pipeline.PipelinePlacementPolicy (PipelinePlacementPolicy.java:meetCriteria(91)) - Pipeline Placement: can't place more pipeline on heavy datanode： 8005d4cb-4fe5-4e19-8530-60982edf3c3e Heaviness: 6 limit: 5
2019-09-25 07:34:10,605 [IPC Server handler 4 on 37409] INFO  pipeline.PipelinePlacementPolicy (PipelinePlacementPolicy.java:meetCriteria(91)) - Pipeline Placement: can't place more pipeline on heavy datanode： bdcda101-49b0-4c87-b510-4eac276b6602 Heaviness: 6 limit: 5
2019-09-25 07:34:10,605 [IPC Server handler 4 on 37409] ERROR pipeline.PipelinePlacementPolicy (PipelinePlacementPolicy.java:filterViableNodes(148)) - Unable to find enough nodes that meet the criteria that cannot engage in more than 5 pipelines. Nodes required: 3 Found: 0, healthy nodes count inNodeManager: 5.
2019-09-25 07:34:10,606 [IPC Server handler 4 on 37409] ERROR pipeline.SCMPipelineManager (SCMPipelineManager.java:createPipeline(167)) - Pipeline creation failed.
org.apache.hadoop.hdds.scm.exceptions.SCMException: Unable to find enough nodes that meet the criteria that cannot engage in more than 5 pipelines. Nodes required: 3 Found: 0, healthy nodes count inNodeManager: 5.
	at org.apache.hadoop.hdds.scm.pipeline.PipelinePlacementPolicy.filterViableNodes(PipelinePlacementPolicy.java:149)
	at org.apache.hadoop.hdds.scm.pipeline.PipelinePlacementPolicy.chooseDatanodes(PipelinePlacementPolicy.java:172)
	at org.apache.hadoop.hdds.scm.pipeline.RatisPipelineProvider.create(RatisPipelineProvider.java:93)
	at org.apache.hadoop.hdds.scm.pipeline.PipelineFactory.create(PipelineFactory.java:58)
	at org.apache.hadoop.hdds.scm.pipeline.SCMPipelineManager.createPipeline(SCMPipelineManager.java:155)
	at org.apache.hadoop.hdds.scm.block.BlockManagerImpl.allocateBlock(BlockManagerImpl.java:190)
	at org.apache.hadoop.hdds.scm.server.SCMBlockProtocolServer.allocateBlock(SCMBlockProtocolServer.java:182)
	at org.apache.hadoop.ozone.protocolPB.ScmBlockLocationProtocolServerSideTranslatorPB.allocateScmBlock(ScmBlockLocationProtocolServerSideTranslatorPB.java:183)
	at org.apache.hadoop.ozone.protocolPB.ScmBlockLocationProtocolServerSideTranslatorPB.processMessage(ScmBlockLocationProtocolServerSideTranslatorPB.java:141)
	at org.apache.hadoop.ozone.protocolPB.ScmBlockLocationProtocolServerSideTranslatorPB.send(ScmBlockLocationProtocolServerSideTranslatorPB.java:116)
	at org.apache.hadoop.hdds.protocol.proto.ScmBlockLocationProtocolProtos$ScmBlockLocationProtocolService$2.callBlockingMethod(ScmBlockLocationProtocolProtos.java:13157)
	at org.apache.hadoop.ipc.ProtobufRpcEngine$Server$ProtoBufRpcInvoker.call(ProtobufRpcEngine.java:524)
	at org.apache.hadoop.ipc.RPC$Server.call(RPC.java:1025)
	at org.apache.hadoop.ipc.Server$RpcCall.run(Server.java:876)
	at org.apache.hadoop.ipc.Server$RpcCall.run(Server.java:822)
	at java.security.AccessController.doPrivileged(Native Method)
	at javax.security.auth.Subject.doAs(Subject.java:422)
	at org.apache.hadoop.security.UserGroupInformation.doAs(UserGroupInformation.java:1730)
	at org.apache.hadoop.ipc.Server$Handler.run(Server.java:2682)
2019-09-25 07:34:10,606 [IPC Server handler 4 on 37409] WARN  block.BlockManagerImpl (BlockManagerImpl.java:allocateBlock(192)) - Pipeline creation failed for type:RATIS factor:THREE. Retrying get pipelines call once.
org.apache.hadoop.hdds.scm.exceptions.SCMException: Unable to find enough nodes that meet the criteria that cannot engage in more than 5 pipelines. Nodes required: 3 Found: 0, healthy nodes count inNodeManager: 5.
	at org.apache.hadoop.hdds.scm.pipeline.PipelinePlacementPolicy.filterViableNodes(PipelinePlacementPolicy.java:149)
	at org.apache.hadoop.hdds.scm.pipeline.PipelinePlacementPolicy.chooseDatanodes(PipelinePlacementPolicy.java:172)
	at org.apache.hadoop.hdds.scm.pipeline.RatisPipelineProvider.create(RatisPipelineProvider.java:93)
	at org.apache.hadoop.hdds.scm.pipeline.PipelineFactory.create(PipelineFactory.java:58)
	at org.apache.hadoop.hdds.scm.pipeline.SCMPipelineManager.createPipeline(SCMPipelineManager.java:155)
	at org.apache.hadoop.hdds.scm.block.BlockManagerImpl.allocateBlock(BlockManagerImpl.java:190)
	at org.apache.hadoop.hdds.scm.server.SCMBlockProtocolServer.allocateBlock(SCMBlockProtocolServer.java:182)
	at org.apache.hadoop.ozone.protocolPB.ScmBlockLocationProtocolServerSideTranslatorPB.allocateScmBlock(ScmBlockLocationProtocolServerSideTranslatorPB.java:183)
	at org.apache.hadoop.ozone.protocolPB.ScmBlockLocationProtocolServerSideTranslatorPB.processMessage(ScmBlockLocationProtocolServerSideTranslatorPB.java:141)
	at org.apache.hadoop.ozone.protocolPB.ScmBlockLocationProtocolServerSideTranslatorPB.send(ScmBlockLocationProtocolServerSideTranslatorPB.java:116)
	at org.apache.hadoop.hdds.protocol.proto.ScmBlockLocationProtocolProtos$ScmBlockLocationProtocolService$2.callBlockingMethod(ScmBlockLocationProtocolProtos.java:13157)
	at org.apache.hadoop.ipc.ProtobufRpcEngine$Server$ProtoBufRpcInvoker.call(ProtobufRpcEngine.java:524)
	at org.apache.hadoop.ipc.RPC$Server.call(RPC.java:1025)
	at org.apache.hadoop.ipc.Server$RpcCall.run(Server.java:876)
	at org.apache.hadoop.ipc.Server$RpcCall.run(Server.java:822)
	at java.security.AccessController.doPrivileged(Native Method)
	at javax.security.auth.Subject.doAs(Subject.java:422)
	at org.apache.hadoop.security.UserGroupInformation.doAs(UserGroupInformation.java:1730)
	at org.apache.hadoop.ipc.Server$Handler.run(Server.java:2682)
2019-09-25 07:34:10,606 [IPC Server handler 4 on 37409] INFO  block.BlockManagerImpl (BlockManagerImpl.java:allocateBlock(198)) - Could not find available pipeline of type:RATIS and factor:THREE even after retrying
2019-09-25 07:34:10,607 [IPC Server handler 4 on 37409] ERROR block.BlockManagerImpl (BlockManagerImpl.java:allocateBlock(222)) - Unable to allocate a block for the size: 4194304, type: RATIS, factor: THREE
2019-09-25 07:34:10,607 [IPC Server handler 4 on 37409] INFO  pipeline.PipelinePlacementPolicy (PipelinePlacementPolicy.java:meetCriteria(91)) - Pipeline Placement: can't place more pipeline on heavy datanode： df3fee13-edb1-4245-be34-bb4c7d942b62 Heaviness: 6 limit: 5
2019-09-25 07:34:10,607 [IPC Server handler 4 on 37409] INFO  pipeline.PipelinePlacementPolicy (PipelinePlacementPolicy.java:meetCriteria(91)) - Pipeline Placement: can't place more pipeline on heavy datanode： 0441a7da-a434-40f3-b826-f1d73a75434f Heaviness: 6 limit: 5
2019-09-25 07:34:10,607 [IPC Server handler 4 on 37409] INFO  pipeline.PipelinePlacementPolicy (PipelinePlacementPolicy.java:meetCriteria(91)) - Pipeline Placement: can't place more pipeline on heavy datanode： 9659e150-6db8-46c9-9754-45a2163a8a7f Heaviness: 6 limit: 5
2019-09-25 07:34:10,607 [IPC Server handler 4 on 37409] INFO  pipeline.PipelinePlacementPolicy (PipelinePlacementPolicy.java:meetCriteria(91)) - Pipeline Placement: can't place more pipeline on heavy datanode： 8005d4cb-4fe5-4e19-8530-60982edf3c3e Heaviness: 6 limit: 5
2019-09-25 07:34:10,608 [IPC Server handler 4 on 37409] INFO  pipeline.PipelinePlacementPolicy (PipelinePlacementPolicy.java:meetCriteria(91)) - Pipeline Placement: can't place more pipeline on heavy datanode： bdcda101-49b0-4c87-b510-4eac276b6602 Heaviness: 6 limit: 5
2019-09-25 07:34:10,608 [IPC Server handler 4 on 37409] ERROR pipeline.PipelinePlacementPolicy (PipelinePlacementPolicy.java:filterViableNodes(148)) - Unable to find enough nodes that meet the criteria that cannot engage in more than 5 pipelines. Nodes required: 3 Found: 0, healthy nodes count inNodeManager: 5.
2019-09-25 07:34:10,608 [IPC Server handler 4 on 37409] ERROR pipeline.SCMPipelineManager (SCMPipelineManager.java:createPipeline(167)) - Pipeline creation failed.
org.apache.hadoop.hdds.scm.exceptions.SCMException: Unable to find enough nodes that meet the criteria that cannot engage in more than 5 pipelines. Nodes required: 3 Found: 0, healthy nodes count inNodeManager: 5.
	at org.apache.hadoop.hdds.scm.pipeline.PipelinePlacementPolicy.filterViableNodes(PipelinePlacementPolicy.java:149)
	at org.apache.hadoop.hdds.scm.pipeline.PipelinePlacementPolicy.chooseDatanodes(PipelinePlacementPolicy.java:172)
	at org.apache.hadoop.hdds.scm.pipeline.RatisPipelineProvider.create(RatisPipelineProvider.java:93)
	at org.apache.hadoop.hdds.scm.pipeline.PipelineFactory.create(PipelineFactory.java:58)
	at org.apache.hadoop.hdds.scm.pipeline.SCMPipelineManager.createPipeline(SCMPipelineManager.java:155)
	at org.apache.hadoop.hdds.scm.block.BlockManagerImpl.allocateBlock(BlockManagerImpl.java:190)
	at org.apache.hadoop.hdds.scm.server.SCMBlockProtocolServer.allocateBlock(SCMBlockProtocolServer.java:182)
	at org.apache.hadoop.ozone.protocolPB.ScmBlockLocationProtocolServerSideTranslatorPB.allocateScmBlock(ScmBlockLocationProtocolServerSideTranslatorPB.java:183)
	at org.apache.hadoop.ozone.protocolPB.ScmBlockLocationProtocolServerSideTranslatorPB.processMessage(ScmBlockLocationProtocolServerSideTranslatorPB.java:141)
	at org.apache.hadoop.ozone.protocolPB.ScmBlockLocationProtocolServerSideTranslatorPB.send(ScmBlockLocationProtocolServerSideTranslatorPB.java:116)
	at org.apache.hadoop.hdds.protocol.proto.ScmBlockLocationProtocolProtos$ScmBlockLocationProtocolService$2.callBlockingMethod(ScmBlockLocationProtocolProtos.java:13157)
	at org.apache.hadoop.ipc.ProtobufRpcEngine$Server$ProtoBufRpcInvoker.call(ProtobufRpcEngine.java:524)
	at org.apache.hadoop.ipc.RPC$Server.call(RPC.java:1025)
	at org.apache.hadoop.ipc.Server$RpcCall.run(Server.java:876)
	at org.apache.hadoop.ipc.Server$RpcCall.run(Server.java:822)
	at java.security.AccessController.doPrivileged(Native Method)
	at javax.security.auth.Subject.doAs(Subject.java:422)
	at org.apache.hadoop.security.UserGroupInformation.doAs(UserGroupInformation.java:1730)
	at org.apache.hadoop.ipc.Server$Handler.run(Server.java:2682)
2019-09-25 07:34:10,608 [IPC Server handler 4 on 37409] WARN  block.BlockManagerImpl (BlockManagerImpl.java:allocateBlock(192)) - Pipeline creation failed for type:RATIS factor:THREE. Retrying get pipelines call once.
org.apache.hadoop.hdds.scm.exceptions.SCMException: Unable to find enough nodes that meet the criteria that cannot engage in more than 5 pipelines. Nodes required: 3 Found: 0, healthy nodes count inNodeManager: 5.
	at org.apache.hadoop.hdds.scm.pipeline.PipelinePlacementPolicy.filterViableNodes(PipelinePlacementPolicy.java:149)
	at org.apache.hadoop.hdds.scm.pipeline.PipelinePlacementPolicy.chooseDatanodes(PipelinePlacementPolicy.java:172)
	at org.apache.hadoop.hdds.scm.pipeline.RatisPipelineProvider.create(RatisPipelineProvider.java:93)
	at org.apache.hadoop.hdds.scm.pipeline.PipelineFactory.create(PipelineFactory.java:58)
	at org.apache.hadoop.hdds.scm.pipeline.SCMPipelineManager.createPipeline(SCMPipelineManager.java:155)
	at org.apache.hadoop.hdds.scm.block.BlockManagerImpl.allocateBlock(BlockManagerImpl.java:190)
	at org.apache.hadoop.hdds.scm.server.SCMBlockProtocolServer.allocateBlock(SCMBlockProtocolServer.java:182)
	at org.apache.hadoop.ozone.protocolPB.ScmBlockLocationProtocolServerSideTranslatorPB.allocateScmBlock(ScmBlockLocationProtocolServerSideTranslatorPB.java:183)
	at org.apache.hadoop.ozone.protocolPB.ScmBlockLocationProtocolServerSideTranslatorPB.processMessage(ScmBlockLocationProtocolServerSideTranslatorPB.java:141)
	at org.apache.hadoop.ozone.protocolPB.ScmBlockLocationProtocolServerSideTranslatorPB.send(ScmBlockLocationProtocolServerSideTranslatorPB.java:116)
	at org.apache.hadoop.hdds.protocol.proto.ScmBlockLocationProtocolProtos$ScmBlockLocationProtocolService$2.callBlockingMethod(ScmBlockLocationProtocolProtos.java:13157)
	at org.apache.hadoop.ipc.ProtobufRpcEngine$Server$ProtoBufRpcInvoker.call(ProtobufRpcEngine.java:524)
	at org.apache.hadoop.ipc.RPC$Server.call(RPC.java:1025)
	at org.apache.hadoop.ipc.Server$RpcCall.run(Server.java:876)
	at org.apache.hadoop.ipc.Server$RpcCall.run(Server.java:822)
	at java.security.AccessController.doPrivileged(Native Method)
	at javax.security.auth.Subject.doAs(Subject.java:422)
	at org.apache.hadoop.security.UserGroupInformation.doAs(UserGroupInformation.java:1730)
	at org.apache.hadoop.ipc.Server$Handler.run(Server.java:2682)
2019-09-25 07:34:10,609 [IPC Server handler 4 on 37409] INFO  block.BlockManagerImpl (BlockManagerImpl.java:allocateBlock(198)) - Could not find available pipeline of type:RATIS and factor:THREE even after retrying
2019-09-25 07:34:10,609 [IPC Server handler 4 on 37409] ERROR block.BlockManagerImpl (BlockManagerImpl.java:allocateBlock(222)) - Unable to allocate a block for the size: 4194304, type: RATIS, factor: THREE
2019-09-25 07:34:10,609 [IPC Server handler 4 on 37409] INFO  pipeline.PipelinePlacementPolicy (PipelinePlacementPolicy.java:meetCriteria(91)) - Pipeline Placement: can't place more pipeline on heavy datanode： df3fee13-edb1-4245-be34-bb4c7d942b62 Heaviness: 6 limit: 5
2019-09-25 07:34:10,609 [IPC Server handler 4 on 37409] INFO  pipeline.PipelinePlacementPolicy (PipelinePlacementPolicy.java:meetCriteria(91)) - Pipeline Placement: can't place more pipeline on heavy datanode： 0441a7da-a434-40f3-b826-f1d73a75434f Heaviness: 6 limit: 5
2019-09-25 07:34:10,609 [IPC Server handler 4 on 37409] INFO  pipeline.PipelinePlacementPolicy (PipelinePlacementPolicy.java:meetCriteria(91)) - Pipeline Placement: can't place more pipeline on heavy datanode： 9659e150-6db8-46c9-9754-45a2163a8a7f Heaviness: 6 limit: 5
2019-09-25 07:34:10,610 [IPC Server handler 4 on 37409] INFO  pipeline.PipelinePlacementPolicy (PipelinePlacementPolicy.java:meetCriteria(91)) - Pipeline Placement: can't place more pipeline on heavy datanode： 8005d4cb-4fe5-4e19-8530-60982edf3c3e Heaviness: 6 limit: 5
2019-09-25 07:34:10,610 [IPC Server handler 4 on 37409] INFO  pipeline.PipelinePlacementPolicy (PipelinePlacementPolicy.java:meetCriteria(91)) - Pipeline Placement: can't place more pipeline on heavy datanode： bdcda101-49b0-4c87-b510-4eac276b6602 Heaviness: 6 limit: 5
2019-09-25 07:34:10,610 [IPC Server handler 4 on 37409] ERROR pipeline.PipelinePlacementPolicy (PipelinePlacementPolicy.java:filterViableNodes(148)) - Unable to find enough nodes that meet the criteria that cannot engage in more than 5 pipelines. Nodes required: 3 Found: 0, healthy nodes count inNodeManager: 5.
2019-09-25 07:34:10,610 [IPC Server handler 4 on 37409] ERROR pipeline.SCMPipelineManager (SCMPipelineManager.java:createPipeline(167)) - Pipeline creation failed.
org.apache.hadoop.hdds.scm.exceptions.SCMException: Unable to find enough nodes that meet the criteria that cannot engage in more than 5 pipelines. Nodes required: 3 Found: 0, healthy nodes count inNodeManager: 5.
	at org.apache.hadoop.hdds.scm.pipeline.PipelinePlacementPolicy.filterViableNodes(PipelinePlacementPolicy.java:149)
	at org.apache.hadoop.hdds.scm.pipeline.PipelinePlacementPolicy.chooseDatanodes(PipelinePlacementPolicy.java:172)
	at org.apache.hadoop.hdds.scm.pipeline.RatisPipelineProvider.create(RatisPipelineProvider.java:93)
	at org.apache.hadoop.hdds.scm.pipeline.PipelineFactory.create(PipelineFactory.java:58)
	at org.apache.hadoop.hdds.scm.pipeline.SCMPipelineManager.createPipeline(SCMPipelineManager.java:155)
	at org.apache.hadoop.hdds.scm.block.BlockManagerImpl.allocateBlock(BlockManagerImpl.java:190)
	at org.apache.hadoop.hdds.scm.server.SCMBlockProtocolServer.allocateBlock(SCMBlockProtocolServer.java:182)
	at org.apache.hadoop.ozone.protocolPB.ScmBlockLocationProtocolServerSideTranslatorPB.allocateScmBlock(ScmBlockLocationProtocolServerSideTranslatorPB.java:183)
	at org.apache.hadoop.ozone.protocolPB.ScmBlockLocationProtocolServerSideTranslatorPB.processMessage(ScmBlockLocationProtocolServerSideTranslatorPB.java:141)
	at org.apache.hadoop.ozone.protocolPB.ScmBlockLocationProtocolServerSideTranslatorPB.send(ScmBlockLocationProtocolServerSideTranslatorPB.java:116)
	at org.apache.hadoop.hdds.protocol.proto.ScmBlockLocationProtocolProtos$ScmBlockLocationProtocolService$2.callBlockingMethod(ScmBlockLocationProtocolProtos.java:13157)
	at org.apache.hadoop.ipc.ProtobufRpcEngine$Server$ProtoBufRpcInvoker.call(ProtobufRpcEngine.java:524)
	at org.apache.hadoop.ipc.RPC$Server.call(RPC.java:1025)
	at org.apache.hadoop.ipc.Server$RpcCall.run(Server.java:876)
	at org.apache.hadoop.ipc.Server$RpcCall.run(Server.java:822)
	at java.security.AccessController.doPrivileged(Native Method)
	at javax.security.auth.Subject.doAs(Subject.java:422)
	at org.apache.hadoop.security.UserGroupInformation.doAs(UserGroupInformation.java:1730)
	at org.apache.hadoop.ipc.Server$Handler.run(Server.java:2682)
2019-09-25 07:34:10,611 [IPC Server handler 4 on 37409] WARN  block.BlockManagerImpl (BlockManagerImpl.java:allocateBlock(192)) - Pipeline creation failed for type:RATIS factor:THREE. Retrying get pipelines call once.
org.apache.hadoop.hdds.scm.exceptions.SCMException: Unable to find enough nodes that meet the criteria that cannot engage in more than 5 pipelines. Nodes required: 3 Found: 0, healthy nodes count inNodeManager: 5.
	at org.apache.hadoop.hdds.scm.pipeline.PipelinePlacementPolicy.filterViableNodes(PipelinePlacementPolicy.java:149)
	at org.apache.hadoop.hdds.scm.pipeline.PipelinePlacementPolicy.chooseDatanodes(PipelinePlacementPolicy.java:172)
	at org.apache.hadoop.hdds.scm.pipeline.RatisPipelineProvider.create(RatisPipelineProvider.java:93)
	at org.apache.hadoop.hdds.scm.pipeline.PipelineFactory.create(PipelineFactory.java:58)
	at org.apache.hadoop.hdds.scm.pipeline.SCMPipelineManager.createPipeline(SCMPipelineManager.java:155)
	at org.apache.hadoop.hdds.scm.block.BlockManagerImpl.allocateBlock(BlockManagerImpl.java:190)
	at org.apache.hadoop.hdds.scm.server.SCMBlockProtocolServer.allocateBlock(SCMBlockProtocolServer.java:182)
	at org.apache.hadoop.ozone.protocolPB.ScmBlockLocationProtocolServerSideTranslatorPB.allocateScmBlock(ScmBlockLocationProtocolServerSideTranslatorPB.java:183)
	at org.apache.hadoop.ozone.protocolPB.ScmBlockLocationProtocolServerSideTranslatorPB.processMessage(ScmBlockLocationProtocolServerSideTranslatorPB.java:141)
	at org.apache.hadoop.ozone.protocolPB.ScmBlockLocationProtocolServerSideTranslatorPB.send(ScmBlockLocationProtocolServerSideTranslatorPB.java:116)
	at org.apache.hadoop.hdds.protocol.proto.ScmBlockLocationProtocolProtos$ScmBlockLocationProtocolService$2.callBlockingMethod(ScmBlockLocationProtocolProtos.java:13157)
	at org.apache.hadoop.ipc.ProtobufRpcEngine$Server$ProtoBufRpcInvoker.call(ProtobufRpcEngine.java:524)
	at org.apache.hadoop.ipc.RPC$Server.call(RPC.java:1025)
	at org.apache.hadoop.ipc.Server$RpcCall.run(Server.java:876)
	at org.apache.hadoop.ipc.Server$RpcCall.run(Server.java:822)
	at java.security.AccessController.doPrivileged(Native Method)
	at javax.security.auth.Subject.doAs(Subject.java:422)
	at org.apache.hadoop.security.UserGroupInformation.doAs(UserGroupInformation.java:1730)
	at org.apache.hadoop.ipc.Server$Handler.run(Server.java:2682)
2019-09-25 07:34:10,611 [IPC Server handler 4 on 37409] INFO  block.BlockManagerImpl (BlockManagerImpl.java:allocateBlock(198)) - Could not find available pipeline of type:RATIS and factor:THREE even after retrying
2019-09-25 07:34:10,611 [IPC Server handler 4 on 37409] ERROR block.BlockManagerImpl (BlockManagerImpl.java:allocateBlock(222)) - Unable to allocate a block for the size: 4194304, type: RATIS, factor: THREE
2019-09-25 07:34:10,611 [IPC Server handler 4 on 37409] INFO  pipeline.PipelinePlacementPolicy (PipelinePlacementPolicy.java:meetCriteria(91)) - Pipeline Placement: can't place more pipeline on heavy datanode： df3fee13-edb1-4245-be34-bb4c7d942b62 Heaviness: 6 limit: 5
2019-09-25 07:34:10,611 [IPC Server handler 4 on 37409] INFO  pipeline.PipelinePlacementPolicy (PipelinePlacementPolicy.java:meetCriteria(91)) - Pipeline Placement: can't place more pipeline on heavy datanode： 0441a7da-a434-40f3-b826-f1d73a75434f Heaviness: 6 limit: 5
2019-09-25 07:34:10,612 [IPC Server handler 4 on 37409] INFO  pipeline.PipelinePlacementPolicy (PipelinePlacementPolicy.java:meetCriteria(91)) - Pipeline Placement: can't place more pipeline on heavy datanode： 9659e150-6db8-46c9-9754-45a2163a8a7f Heaviness: 6 limit: 5
2019-09-25 07:34:10,612 [IPC Server handler 4 on 37409] INFO  pipeline.PipelinePlacementPolicy (PipelinePlacementPolicy.java:meetCriteria(91)) - Pipeline Placement: can't place more pipeline on heavy datanode： 8005d4cb-4fe5-4e19-8530-60982edf3c3e Heaviness: 6 limit: 5
2019-09-25 07:34:10,612 [IPC Server handler 4 on 37409] INFO  pipeline.PipelinePlacementPolicy (PipelinePlacementPolicy.java:meetCriteria(91)) - Pipeline Placement: can't place more pipeline on heavy datanode： bdcda101-49b0-4c87-b510-4eac276b6602 Heaviness: 6 limit: 5
2019-09-25 07:34:10,612 [IPC Server handler 4 on 37409] ERROR pipeline.PipelinePlacementPolicy (PipelinePlacementPolicy.java:filterViableNodes(148)) - Unable to find enough nodes that meet the criteria that cannot engage in more than 5 pipelines. Nodes required: 3 Found: 0, healthy nodes count inNodeManager: 5.
2019-09-25 07:34:10,612 [IPC Server handler 4 on 37409] ERROR pipeline.SCMPipelineManager (SCMPipelineManager.java:createPipeline(167)) - Pipeline creation failed.
org.apache.hadoop.hdds.scm.exceptions.SCMException: Unable to find enough nodes that meet the criteria that cannot engage in more than 5 pipelines. Nodes required: 3 Found: 0, healthy nodes count inNodeManager: 5.
	at org.apache.hadoop.hdds.scm.pipeline.PipelinePlacementPolicy.filterViableNodes(PipelinePlacementPolicy.java:149)
	at org.apache.hadoop.hdds.scm.pipeline.PipelinePlacementPolicy.chooseDatanodes(PipelinePlacementPolicy.java:172)
	at org.apache.hadoop.hdds.scm.pipeline.RatisPipelineProvider.create(RatisPipelineProvider.java:93)
	at org.apache.hadoop.hdds.scm.pipeline.PipelineFactory.create(PipelineFactory.java:58)
	at org.apache.hadoop.hdds.scm.pipeline.SCMPipelineManager.createPipeline(SCMPipelineManager.java:155)
	at org.apache.hadoop.hdds.scm.block.BlockManagerImpl.allocateBlock(BlockManagerImpl.java:190)
	at org.apache.hadoop.hdds.scm.server.SCMBlockProtocolServer.allocateBlock(SCMBlockProtocolServer.java:182)
	at org.apache.hadoop.ozone.protocolPB.ScmBlockLocationProtocolServerSideTranslatorPB.allocateScmBlock(ScmBlockLocationProtocolServerSideTranslatorPB.java:183)
	at org.apache.hadoop.ozone.protocolPB.ScmBlockLocationProtocolServerSideTranslatorPB.processMessage(ScmBlockLocationProtocolServerSideTranslatorPB.java:141)
	at org.apache.hadoop.ozone.protocolPB.ScmBlockLocationProtocolServerSideTranslatorPB.send(ScmBlockLocationProtocolServerSideTranslatorPB.java:116)
	at org.apache.hadoop.hdds.protocol.proto.ScmBlockLocationProtocolProtos$ScmBlockLocationProtocolService$2.callBlockingMethod(ScmBlockLocationProtocolProtos.java:13157)
	at org.apache.hadoop.ipc.ProtobufRpcEngine$Server$ProtoBufRpcInvoker.call(ProtobufRpcEngine.java:524)
	at org.apache.hadoop.ipc.RPC$Server.call(RPC.java:1025)
	at org.apache.hadoop.ipc.Server$RpcCall.run(Server.java:876)
	at org.apache.hadoop.ipc.Server$RpcCall.run(Server.java:822)
	at java.security.AccessController.doPrivileged(Native Method)
	at javax.security.auth.Subject.doAs(Subject.java:422)
	at org.apache.hadoop.security.UserGroupInformation.doAs(UserGroupInformation.java:1730)
	at org.apache.hadoop.ipc.Server$Handler.run(Server.java:2682)
2019-09-25 07:34:10,613 [IPC Server handler 4 on 37409] WARN  block.BlockManagerImpl (BlockManagerImpl.java:allocateBlock(192)) - Pipeline creation failed for type:RATIS factor:THREE. Retrying get pipelines call once.
org.apache.hadoop.hdds.scm.exceptions.SCMException: Unable to find enough nodes that meet the criteria that cannot engage in more than 5 pipelines. Nodes required: 3 Found: 0, healthy nodes count inNodeManager: 5.
	at org.apache.hadoop.hdds.scm.pipeline.PipelinePlacementPolicy.filterViableNodes(PipelinePlacementPolicy.java:149)
	at org.apache.hadoop.hdds.scm.pipeline.PipelinePlacementPolicy.chooseDatanodes(PipelinePlacementPolicy.java:172)
	at org.apache.hadoop.hdds.scm.pipeline.RatisPipelineProvider.create(RatisPipelineProvider.java:93)
	at org.apache.hadoop.hdds.scm.pipeline.PipelineFactory.create(PipelineFactory.java:58)
	at org.apache.hadoop.hdds.scm.pipeline.SCMPipelineManager.createPipeline(SCMPipelineManager.java:155)
	at org.apache.hadoop.hdds.scm.block.BlockManagerImpl.allocateBlock(BlockManagerImpl.java:190)
	at org.apache.hadoop.hdds.scm.server.SCMBlockProtocolServer.allocateBlock(SCMBlockProtocolServer.java:182)
	at org.apache.hadoop.ozone.protocolPB.ScmBlockLocationProtocolServerSideTranslatorPB.allocateScmBlock(ScmBlockLocationProtocolServerSideTranslatorPB.java:183)
	at org.apache.hadoop.ozone.protocolPB.ScmBlockLocationProtocolServerSideTranslatorPB.processMessage(ScmBlockLocationProtocolServerSideTranslatorPB.java:141)
	at org.apache.hadoop.ozone.protocolPB.ScmBlockLocationProtocolServerSideTranslatorPB.send(ScmBlockLocationProtocolServerSideTranslatorPB.java:116)
	at org.apache.hadoop.hdds.protocol.proto.ScmBlockLocationProtocolProtos$ScmBlockLocationProtocolService$2.callBlockingMethod(ScmBlockLocationProtocolProtos.java:13157)
	at org.apache.hadoop.ipc.ProtobufRpcEngine$Server$ProtoBufRpcInvoker.call(ProtobufRpcEngine.java:524)
	at org.apache.hadoop.ipc.RPC$Server.call(RPC.java:1025)
	at org.apache.hadoop.ipc.Server$RpcCall.run(Server.java:876)
	at org.apache.hadoop.ipc.Server$RpcCall.run(Server.java:822)
	at java.security.AccessController.doPrivileged(Native Method)
	at javax.security.auth.Subject.doAs(Subject.java:422)
	at org.apache.hadoop.security.UserGroupInformation.doAs(UserGroupInformation.java:1730)
	at org.apache.hadoop.ipc.Server$Handler.run(Server.java:2682)
2019-09-25 07:34:10,613 [IPC Server handler 4 on 37409] INFO  block.BlockManagerImpl (BlockManagerImpl.java:allocateBlock(198)) - Could not find available pipeline of type:RATIS and factor:THREE even after retrying
2019-09-25 07:34:10,613 [IPC Server handler 4 on 37409] ERROR block.BlockManagerImpl (BlockManagerImpl.java:allocateBlock(222)) - Unable to allocate a block for the size: 4194304, type: RATIS, factor: THREE
2019-09-25 07:34:10,615 [pool-74-thread-3] ERROR freon.RandomKeyGenerator (RandomKeyGenerator.java:createKey(733)) - Exception while adding key: key-0-95706 in bucket: bucket-0-32115 of volume: vol-0-74504.
INTERNAL_ERROR org.apache.hadoop.ozone.om.exceptions.OMException: Allocated 0 blocks. Requested 5 blocks
	at org.apache.hadoop.ozone.om.protocolPB.OzoneManagerProtocolClientSideTranslatorPB.handleError(OzoneManagerProtocolClientSideTranslatorPB.java:732)
	at org.apache.hadoop.ozone.om.protocolPB.OzoneManagerProtocolClientSideTranslatorPB.openKey(OzoneManagerProtocolClientSideTranslatorPB.java:723)
	at sun.reflect.NativeMethodAccessorImpl.invoke0(Native Method)
	at sun.reflect.NativeMethodAccessorImpl.invoke(NativeMethodAccessorImpl.java:62)
	at sun.reflect.DelegatingMethodAccessorImpl.invoke(DelegatingMethodAccessorImpl.java:43)
	at java.lang.reflect.Method.invoke(Method.java:498)
	at org.apache.hadoop.hdds.tracing.TraceAllMethod.invoke(TraceAllMethod.java:66)
	at com.sun.proxy.$Proxy37.openKey(Unknown Source)
	at org.apache.hadoop.ozone.client.rpc.RpcClient.createKey(RpcClient.java:614)
	at org.apache.hadoop.ozone.client.OzoneBucket.createKey(OzoneBucket.java:325)
	at org.apache.hadoop.ozone.freon.RandomKeyGenerator.createKey(RandomKeyGenerator.java:695)
	at org.apache.hadoop.ozone.freon.RandomKeyGenerator.access$1100(RandomKeyGenerator.java:88)
	at org.apache.hadoop.ozone.freon.RandomKeyGenerator$ObjectCreator.run(RandomKeyGenerator.java:615)
	at java.util.concurrent.Executors$RunnableAdapter.call(Executors.java:511)
	at java.util.concurrent.FutureTask.run(FutureTask.java:266)
	at java.util.concurrent.ThreadPoolExecutor.runWorker(ThreadPoolExecutor.java:1149)
	at java.util.concurrent.ThreadPoolExecutor$Worker.run(ThreadPoolExecutor.java:624)
	at java.lang.Thread.run(Thread.java:748)
 0.00% |█                                                                                                    |  0/1 Time: 0:00:01 0.00% |█                                                                                                    |  0/1 Time: 0:00:02 0.00% |█                                                                                                    |  0/1 Time: 0:00:03 0.00% |█                                                                                                    |  0/1 Time: 0:00:04 100.00% |█████████████████████████████████████████████████████████████████████████████████████████████████████|  1/1 Time: 0:00:05
]]></system-out>
  </testcase>
  <testcase name="validateWriteTest" classname="org.apache.hadoop.ozone.freon.TestDataValidateWithUnsafeByteOperations" time="10.035">
    <error message="Allocated 0 blocks. Requested 1 blocks" type="INTERNAL_ERROR org.apache.hadoop.ozone.om.exceptions.OMException">INTERNAL_ERROR org.apache.hadoop.ozone.om.exceptions.OMException: Allocated 0 blocks. Requested 1 blocks
	at org.apache.hadoop.ozone.om.protocolPB.OzoneManagerProtocolClientSideTranslatorPB.handleError(OzoneManagerProtocolClientSideTranslatorPB.java:732)
	at org.apache.hadoop.ozone.om.protocolPB.OzoneManagerProtocolClientSideTranslatorPB.openKey(OzoneManagerProtocolClientSideTranslatorPB.java:723)
	at sun.reflect.NativeMethodAccessorImpl.invoke0(Native Method)
	at sun.reflect.NativeMethodAccessorImpl.invoke(NativeMethodAccessorImpl.java:62)
	at sun.reflect.DelegatingMethodAccessorImpl.invoke(DelegatingMethodAccessorImpl.java:43)
	at java.lang.reflect.Method.invoke(Method.java:498)
	at org.apache.hadoop.hdds.tracing.TraceAllMethod.invoke(TraceAllMethod.java:66)
	at com.sun.proxy.$Proxy37.openKey(Unknown Source)
	at org.apache.hadoop.ozone.client.rpc.RpcClient.createKey(RpcClient.java:614)
	at org.apache.hadoop.ozone.client.OzoneBucket.createKey(OzoneBucket.java:325)
	at org.apache.hadoop.ozone.freon.RandomKeyGenerator.createKey(RandomKeyGenerator.java:695)
	at org.apache.hadoop.ozone.freon.RandomKeyGenerator.access$1100(RandomKeyGenerator.java:88)
	at org.apache.hadoop.ozone.freon.RandomKeyGenerator$ObjectCreator.run(RandomKeyGenerator.java:615)
	at java.util.concurrent.Executors$RunnableAdapter.call(Executors.java:511)
	at java.util.concurrent.FutureTask.run(FutureTask.java:266)
	at java.util.concurrent.ThreadPoolExecutor.runWorker(ThreadPoolExecutor.java:1149)
	at java.util.concurrent.ThreadPoolExecutor$Worker.run(ThreadPoolExecutor.java:624)
	at java.lang.Thread.run(Thread.java:748)
</error>
    <system-out><![CDATA[2019-09-25 07:34:20,599 [main] INFO  freon.RandomKeyGenerator (RandomKeyGenerator.java:call(283)) - Number of Threads: 10
2019-09-25 07:34:20,599 [main] INFO  freon.RandomKeyGenerator (RandomKeyGenerator.java:call(288)) - Number of Volumes: 2.
2019-09-25 07:34:20,599 [main] INFO  freon.RandomKeyGenerator (RandomKeyGenerator.java:call(289)) - Number of Buckets per Volume: 5.
2019-09-25 07:34:20,600 [main] INFO  freon.RandomKeyGenerator (RandomKeyGenerator.java:call(290)) - Number of Keys per Bucket: 10.
2019-09-25 07:34:20,600 [main] INFO  freon.RandomKeyGenerator (RandomKeyGenerator.java:call(291)) - Key size: 10240 bytes
2019-09-25 07:34:20,600 [main] INFO  freon.RandomKeyGenerator (RandomKeyGenerator.java:call(292)) - Buffer size: 4096 bytes
2019-09-25 07:34:20,600 [main] INFO  freon.RandomKeyGenerator (RandomKeyGenerator.java:call(293)) - validateWrites : true
2019-09-25 07:34:20,601 [pool-75-thread-1] INFO  rpc.RpcClient (RpcClient.java:createVolume(276)) - Creating Volume: vol-0-21709, with jenkins1000 as owner.
2019-09-25 07:34:20,602 [pool-75-thread-2] INFO  rpc.RpcClient (RpcClient.java:createVolume(276)) - Creating Volume: vol-1-61015, with jenkins1000 as owner.
2019-09-25 07:34:20,605 [main] INFO  freon.RandomKeyGenerator (RandomKeyGenerator.java:call(307)) - Data validation is enabled.
2019-09-25 07:34:20,605 [main] INFO  freon.RandomKeyGenerator (RandomKeyGenerator.java:call(313)) - Starting progress bar Thread.

 0.00% |█                                                                                                    |  0/100 Time: 0:00:002019-09-25 07:34:20,607 [IPC Server handler 1 on 39980] INFO  volume.OMVolumeCreateRequest (OMVolumeCreateRequest.java:validateAndUpdateCache(189)) - created volume:vol-0-21709 for user:jenkins1000
2019-09-25 07:34:20,618 [pool-75-thread-1] INFO  rpc.RpcClient (RpcClient.java:createBucket(415)) - Creating Bucket: vol-0-21709/bucket-4-68687, with Versioning false and Storage Type set to DISK and Encryption set to false 
2019-09-25 07:34:20,618 [pool-75-thread-7] INFO  rpc.RpcClient (RpcClient.java:createBucket(415)) - Creating Bucket: vol-0-21709/bucket-2-77167, with Versioning false and Storage Type set to DISK and Encryption set to false 
2019-09-25 07:34:20,620 [IPC Server handler 7 on 39980] INFO  volume.OMVolumeCreateRequest (OMVolumeCreateRequest.java:validateAndUpdateCache(189)) - created volume:vol-1-61015 for user:jenkins1000
2019-09-25 07:34:20,622 [pool-75-thread-3] INFO  rpc.RpcClient (RpcClient.java:createBucket(415)) - Creating Bucket: vol-0-21709/bucket-0-82759, with Versioning false and Storage Type set to DISK and Encryption set to false 
2019-09-25 07:34:20,622 [pool-75-thread-5] INFO  rpc.RpcClient (RpcClient.java:createBucket(415)) - Creating Bucket: vol-0-21709/bucket-1-65022, with Versioning false and Storage Type set to DISK and Encryption set to false 
2019-09-25 07:34:20,623 [pool-75-thread-2] INFO  rpc.RpcClient (RpcClient.java:createBucket(415)) - Creating Bucket: vol-1-61015/bucket-4-75169, with Versioning false and Storage Type set to DISK and Encryption set to false 
2019-09-25 07:34:20,626 [pool-75-thread-10] INFO  rpc.RpcClient (RpcClient.java:createBucket(415)) - Creating Bucket: vol-1-61015/bucket-3-91667, with Versioning false and Storage Type set to DISK and Encryption set to false 
2019-09-25 07:34:20,628 [pool-75-thread-9] INFO  rpc.RpcClient (RpcClient.java:createBucket(415)) - Creating Bucket: vol-0-21709/bucket-3-87886, with Versioning false and Storage Type set to DISK and Encryption set to false 
2019-09-25 07:34:20,628 [pool-75-thread-8] INFO  rpc.RpcClient (RpcClient.java:createBucket(415)) - Creating Bucket: vol-1-61015/bucket-2-80238, with Versioning false and Storage Type set to DISK and Encryption set to false 
2019-09-25 07:34:20,637 [pool-75-thread-4] INFO  rpc.RpcClient (RpcClient.java:createBucket(415)) - Creating Bucket: vol-1-61015/bucket-0-91082, with Versioning false and Storage Type set to DISK and Encryption set to false 
2019-09-25 07:34:20,638 [pool-75-thread-6] INFO  rpc.RpcClient (RpcClient.java:createBucket(415)) - Creating Bucket: vol-1-61015/bucket-1-62107, with Versioning false and Storage Type set to DISK and Encryption set to false 
2019-09-25 07:34:20,638 [IPC Server handler 7 on 37409] INFO  pipeline.PipelinePlacementPolicy (PipelinePlacementPolicy.java:meetCriteria(91)) - Pipeline Placement: can't place more pipeline on heavy datanode： df3fee13-edb1-4245-be34-bb4c7d942b62 Heaviness: 6 limit: 5
2019-09-25 07:34:20,639 [IPC Server handler 7 on 37409] INFO  pipeline.PipelinePlacementPolicy (PipelinePlacementPolicy.java:meetCriteria(91)) - Pipeline Placement: can't place more pipeline on heavy datanode： 0441a7da-a434-40f3-b826-f1d73a75434f Heaviness: 6 limit: 5
2019-09-25 07:34:20,639 [IPC Server handler 7 on 37409] INFO  pipeline.PipelinePlacementPolicy (PipelinePlacementPolicy.java:meetCriteria(91)) - Pipeline Placement: can't place more pipeline on heavy datanode： 9659e150-6db8-46c9-9754-45a2163a8a7f Heaviness: 6 limit: 5
2019-09-25 07:34:20,639 [IPC Server handler 7 on 37409] INFO  pipeline.PipelinePlacementPolicy (PipelinePlacementPolicy.java:meetCriteria(91)) - Pipeline Placement: can't place more pipeline on heavy datanode： 8005d4cb-4fe5-4e19-8530-60982edf3c3e Heaviness: 6 limit: 5
2019-09-25 07:34:20,639 [IPC Server handler 7 on 37409] INFO  pipeline.PipelinePlacementPolicy (PipelinePlacementPolicy.java:meetCriteria(91)) - Pipeline Placement: can't place more pipeline on heavy datanode： bdcda101-49b0-4c87-b510-4eac276b6602 Heaviness: 6 limit: 5
2019-09-25 07:34:20,640 [IPC Server handler 7 on 37409] ERROR pipeline.PipelinePlacementPolicy (PipelinePlacementPolicy.java:filterViableNodes(148)) - Unable to find enough nodes that meet the criteria that cannot engage in more than 5 pipelines. Nodes required: 3 Found: 0, healthy nodes count inNodeManager: 5.
2019-09-25 07:34:20,640 [IPC Server handler 7 on 37409] ERROR pipeline.SCMPipelineManager (SCMPipelineManager.java:createPipeline(167)) - Pipeline creation failed.
org.apache.hadoop.hdds.scm.exceptions.SCMException: Unable to find enough nodes that meet the criteria that cannot engage in more than 5 pipelines. Nodes required: 3 Found: 0, healthy nodes count inNodeManager: 5.
	at org.apache.hadoop.hdds.scm.pipeline.PipelinePlacementPolicy.filterViableNodes(PipelinePlacementPolicy.java:149)
	at org.apache.hadoop.hdds.scm.pipeline.PipelinePlacementPolicy.chooseDatanodes(PipelinePlacementPolicy.java:172)
	at org.apache.hadoop.hdds.scm.pipeline.RatisPipelineProvider.create(RatisPipelineProvider.java:93)
	at org.apache.hadoop.hdds.scm.pipeline.PipelineFactory.create(PipelineFactory.java:58)
	at org.apache.hadoop.hdds.scm.pipeline.SCMPipelineManager.createPipeline(SCMPipelineManager.java:155)
	at org.apache.hadoop.hdds.scm.block.BlockManagerImpl.allocateBlock(BlockManagerImpl.java:190)
	at org.apache.hadoop.hdds.scm.server.SCMBlockProtocolServer.allocateBlock(SCMBlockProtocolServer.java:182)
	at org.apache.hadoop.ozone.protocolPB.ScmBlockLocationProtocolServerSideTranslatorPB.allocateScmBlock(ScmBlockLocationProtocolServerSideTranslatorPB.java:183)
	at org.apache.hadoop.ozone.protocolPB.ScmBlockLocationProtocolServerSideTranslatorPB.processMessage(ScmBlockLocationProtocolServerSideTranslatorPB.java:141)
	at org.apache.hadoop.ozone.protocolPB.ScmBlockLocationProtocolServerSideTranslatorPB.send(ScmBlockLocationProtocolServerSideTranslatorPB.java:116)
	at org.apache.hadoop.hdds.protocol.proto.ScmBlockLocationProtocolProtos$ScmBlockLocationProtocolService$2.callBlockingMethod(ScmBlockLocationProtocolProtos.java:13157)
	at org.apache.hadoop.ipc.ProtobufRpcEngine$Server$ProtoBufRpcInvoker.call(ProtobufRpcEngine.java:524)
	at org.apache.hadoop.ipc.RPC$Server.call(RPC.java:1025)
	at org.apache.hadoop.ipc.Server$RpcCall.run(Server.java:876)
	at org.apache.hadoop.ipc.Server$RpcCall.run(Server.java:822)
	at java.security.AccessController.doPrivileged(Native Method)
	at javax.security.auth.Subject.doAs(Subject.java:422)
	at org.apache.hadoop.security.UserGroupInformation.doAs(UserGroupInformation.java:1730)
	at org.apache.hadoop.ipc.Server$Handler.run(Server.java:2682)
2019-09-25 07:34:20,640 [IPC Server handler 7 on 37409] WARN  block.BlockManagerImpl (BlockManagerImpl.java:allocateBlock(192)) - Pipeline creation failed for type:RATIS factor:THREE. Retrying get pipelines call once.
org.apache.hadoop.hdds.scm.exceptions.SCMException: Unable to find enough nodes that meet the criteria that cannot engage in more than 5 pipelines. Nodes required: 3 Found: 0, healthy nodes count inNodeManager: 5.
	at org.apache.hadoop.hdds.scm.pipeline.PipelinePlacementPolicy.filterViableNodes(PipelinePlacementPolicy.java:149)
	at org.apache.hadoop.hdds.scm.pipeline.PipelinePlacementPolicy.chooseDatanodes(PipelinePlacementPolicy.java:172)
	at org.apache.hadoop.hdds.scm.pipeline.RatisPipelineProvider.create(RatisPipelineProvider.java:93)
	at org.apache.hadoop.hdds.scm.pipeline.PipelineFactory.create(PipelineFactory.java:58)
	at org.apache.hadoop.hdds.scm.pipeline.SCMPipelineManager.createPipeline(SCMPipelineManager.java:155)
	at org.apache.hadoop.hdds.scm.block.BlockManagerImpl.allocateBlock(BlockManagerImpl.java:190)
	at org.apache.hadoop.hdds.scm.server.SCMBlockProtocolServer.allocateBlock(SCMBlockProtocolServer.java:182)
	at org.apache.hadoop.ozone.protocolPB.ScmBlockLocationProtocolServerSideTranslatorPB.allocateScmBlock(ScmBlockLocationProtocolServerSideTranslatorPB.java:183)
	at org.apache.hadoop.ozone.protocolPB.ScmBlockLocationProtocolServerSideTranslatorPB.processMessage(ScmBlockLocationProtocolServerSideTranslatorPB.java:141)
	at org.apache.hadoop.ozone.protocolPB.ScmBlockLocationProtocolServerSideTranslatorPB.send(ScmBlockLocationProtocolServerSideTranslatorPB.java:116)
	at org.apache.hadoop.hdds.protocol.proto.ScmBlockLocationProtocolProtos$ScmBlockLocationProtocolService$2.callBlockingMethod(ScmBlockLocationProtocolProtos.java:13157)
	at org.apache.hadoop.ipc.ProtobufRpcEngine$Server$ProtoBufRpcInvoker.call(ProtobufRpcEngine.java:524)
	at org.apache.hadoop.ipc.RPC$Server.call(RPC.java:1025)
	at org.apache.hadoop.ipc.Server$RpcCall.run(Server.java:876)
	at org.apache.hadoop.ipc.Server$RpcCall.run(Server.java:822)
	at java.security.AccessController.doPrivileged(Native Method)
	at javax.security.auth.Subject.doAs(Subject.java:422)
	at org.apache.hadoop.security.UserGroupInformation.doAs(UserGroupInformation.java:1730)
	at org.apache.hadoop.ipc.Server$Handler.run(Server.java:2682)
2019-09-25 07:34:20,641 [IPC Server handler 7 on 37409] INFO  block.BlockManagerImpl (BlockManagerImpl.java:allocateBlock(198)) - Could not find available pipeline of type:RATIS and factor:THREE even after retrying
2019-09-25 07:34:20,641 [IPC Server handler 7 on 37409] ERROR block.BlockManagerImpl (BlockManagerImpl.java:allocateBlock(222)) - Unable to allocate a block for the size: 4194304, type: RATIS, factor: THREE
2019-09-25 07:34:20,642 [pool-75-thread-2] ERROR freon.RandomKeyGenerator (RandomKeyGenerator.java:createKey(733)) - Exception while adding key: key-0-25715 in bucket: bucket-2-77167 of volume: vol-0-21709.
INTERNAL_ERROR org.apache.hadoop.ozone.om.exceptions.OMException: Allocated 0 blocks. Requested 1 blocks
	at org.apache.hadoop.ozone.om.protocolPB.OzoneManagerProtocolClientSideTranslatorPB.handleError(OzoneManagerProtocolClientSideTranslatorPB.java:732)
	at org.apache.hadoop.ozone.om.protocolPB.OzoneManagerProtocolClientSideTranslatorPB.openKey(OzoneManagerProtocolClientSideTranslatorPB.java:723)
	at sun.reflect.NativeMethodAccessorImpl.invoke0(Native Method)
	at sun.reflect.NativeMethodAccessorImpl.invoke(NativeMethodAccessorImpl.java:62)
	at sun.reflect.DelegatingMethodAccessorImpl.invoke(DelegatingMethodAccessorImpl.java:43)
	at java.lang.reflect.Method.invoke(Method.java:498)
	at org.apache.hadoop.hdds.tracing.TraceAllMethod.invoke(TraceAllMethod.java:66)
	at com.sun.proxy.$Proxy37.openKey(Unknown Source)
	at org.apache.hadoop.ozone.client.rpc.RpcClient.createKey(RpcClient.java:614)
	at org.apache.hadoop.ozone.client.OzoneBucket.createKey(OzoneBucket.java:325)
	at org.apache.hadoop.ozone.freon.RandomKeyGenerator.createKey(RandomKeyGenerator.java:695)
	at org.apache.hadoop.ozone.freon.RandomKeyGenerator.access$1100(RandomKeyGenerator.java:88)
	at org.apache.hadoop.ozone.freon.RandomKeyGenerator$ObjectCreator.run(RandomKeyGenerator.java:615)
	at java.util.concurrent.Executors$RunnableAdapter.call(Executors.java:511)
	at java.util.concurrent.FutureTask.run(FutureTask.java:266)
	at java.util.concurrent.ThreadPoolExecutor.runWorker(ThreadPoolExecutor.java:1149)
	at java.util.concurrent.ThreadPoolExecutor$Worker.run(ThreadPoolExecutor.java:624)
	at java.lang.Thread.run(Thread.java:748)
2019-09-25 07:34:20,663 [IPC Server handler 10 on 37409] INFO  pipeline.PipelinePlacementPolicy (PipelinePlacementPolicy.java:meetCriteria(91)) - Pipeline Placement: can't place more pipeline on heavy datanode： df3fee13-edb1-4245-be34-bb4c7d942b62 Heaviness: 6 limit: 5
2019-09-25 07:34:20,665 [IPC Server handler 10 on 37409] INFO  pipeline.PipelinePlacementPolicy (PipelinePlacementPolicy.java:meetCriteria(91)) - Pipeline Placement: can't place more pipeline on heavy datanode： 0441a7da-a434-40f3-b826-f1d73a75434f Heaviness: 6 limit: 5
2019-09-25 07:34:20,665 [IPC Server handler 10 on 37409] INFO  pipeline.PipelinePlacementPolicy (PipelinePlacementPolicy.java:meetCriteria(91)) - Pipeline Placement: can't place more pipeline on heavy datanode： 9659e150-6db8-46c9-9754-45a2163a8a7f Heaviness: 6 limit: 5
2019-09-25 07:34:20,665 [IPC Server handler 10 on 37409] INFO  pipeline.PipelinePlacementPolicy (PipelinePlacementPolicy.java:meetCriteria(91)) - Pipeline Placement: can't place more pipeline on heavy datanode： 8005d4cb-4fe5-4e19-8530-60982edf3c3e Heaviness: 6 limit: 5
2019-09-25 07:34:20,666 [IPC Server handler 10 on 37409] INFO  pipeline.PipelinePlacementPolicy (PipelinePlacementPolicy.java:meetCriteria(91)) - Pipeline Placement: can't place more pipeline on heavy datanode： bdcda101-49b0-4c87-b510-4eac276b6602 Heaviness: 6 limit: 5
2019-09-25 07:34:20,666 [IPC Server handler 10 on 37409] ERROR pipeline.PipelinePlacementPolicy (PipelinePlacementPolicy.java:filterViableNodes(148)) - Unable to find enough nodes that meet the criteria that cannot engage in more than 5 pipelines. Nodes required: 3 Found: 0, healthy nodes count inNodeManager: 5.
2019-09-25 07:34:20,666 [IPC Server handler 10 on 37409] ERROR pipeline.SCMPipelineManager (SCMPipelineManager.java:createPipeline(167)) - Pipeline creation failed.
org.apache.hadoop.hdds.scm.exceptions.SCMException: Unable to find enough nodes that meet the criteria that cannot engage in more than 5 pipelines. Nodes required: 3 Found: 0, healthy nodes count inNodeManager: 5.
	at org.apache.hadoop.hdds.scm.pipeline.PipelinePlacementPolicy.filterViableNodes(PipelinePlacementPolicy.java:149)
	at org.apache.hadoop.hdds.scm.pipeline.PipelinePlacementPolicy.chooseDatanodes(PipelinePlacementPolicy.java:172)
	at org.apache.hadoop.hdds.scm.pipeline.RatisPipelineProvider.create(RatisPipelineProvider.java:93)
	at org.apache.hadoop.hdds.scm.pipeline.PipelineFactory.create(PipelineFactory.java:58)
	at org.apache.hadoop.hdds.scm.pipeline.SCMPipelineManager.createPipeline(SCMPipelineManager.java:155)
	at org.apache.hadoop.hdds.scm.block.BlockManagerImpl.allocateBlock(BlockManagerImpl.java:190)
	at org.apache.hadoop.hdds.scm.server.SCMBlockProtocolServer.allocateBlock(SCMBlockProtocolServer.java:182)
	at org.apache.hadoop.ozone.protocolPB.ScmBlockLocationProtocolServerSideTranslatorPB.allocateScmBlock(ScmBlockLocationProtocolServerSideTranslatorPB.java:183)
	at org.apache.hadoop.ozone.protocolPB.ScmBlockLocationProtocolServerSideTranslatorPB.processMessage(ScmBlockLocationProtocolServerSideTranslatorPB.java:141)
	at org.apache.hadoop.ozone.protocolPB.ScmBlockLocationProtocolServerSideTranslatorPB.send(ScmBlockLocationProtocolServerSideTranslatorPB.java:116)
	at org.apache.hadoop.hdds.protocol.proto.ScmBlockLocationProtocolProtos$ScmBlockLocationProtocolService$2.callBlockingMethod(ScmBlockLocationProtocolProtos.java:13157)
	at org.apache.hadoop.ipc.ProtobufRpcEngine$Server$ProtoBufRpcInvoker.call(ProtobufRpcEngine.java:524)
	at org.apache.hadoop.ipc.RPC$Server.call(RPC.java:1025)
	at org.apache.hadoop.ipc.Server$RpcCall.run(Server.java:876)
	at org.apache.hadoop.ipc.Server$RpcCall.run(Server.java:822)
	at java.security.AccessController.doPrivileged(Native Method)
	at javax.security.auth.Subject.doAs(Subject.java:422)
	at org.apache.hadoop.security.UserGroupInformation.doAs(UserGroupInformation.java:1730)
	at org.apache.hadoop.ipc.Server$Handler.run(Server.java:2682)
2019-09-25 07:34:20,666 [IPC Server handler 10 on 37409] WARN  block.BlockManagerImpl (BlockManagerImpl.java:allocateBlock(192)) - Pipeline creation failed for type:RATIS factor:THREE. Retrying get pipelines call once.
org.apache.hadoop.hdds.scm.exceptions.SCMException: Unable to find enough nodes that meet the criteria that cannot engage in more than 5 pipelines. Nodes required: 3 Found: 0, healthy nodes count inNodeManager: 5.
	at org.apache.hadoop.hdds.scm.pipeline.PipelinePlacementPolicy.filterViableNodes(PipelinePlacementPolicy.java:149)
	at org.apache.hadoop.hdds.scm.pipeline.PipelinePlacementPolicy.chooseDatanodes(PipelinePlacementPolicy.java:172)
	at org.apache.hadoop.hdds.scm.pipeline.RatisPipelineProvider.create(RatisPipelineProvider.java:93)
	at org.apache.hadoop.hdds.scm.pipeline.PipelineFactory.create(PipelineFactory.java:58)
	at org.apache.hadoop.hdds.scm.pipeline.SCMPipelineManager.createPipeline(SCMPipelineManager.java:155)
	at org.apache.hadoop.hdds.scm.block.BlockManagerImpl.allocateBlock(BlockManagerImpl.java:190)
	at org.apache.hadoop.hdds.scm.server.SCMBlockProtocolServer.allocateBlock(SCMBlockProtocolServer.java:182)
	at org.apache.hadoop.ozone.protocolPB.ScmBlockLocationProtocolServerSideTranslatorPB.allocateScmBlock(ScmBlockLocationProtocolServerSideTranslatorPB.java:183)
	at org.apache.hadoop.ozone.protocolPB.ScmBlockLocationProtocolServerSideTranslatorPB.processMessage(ScmBlockLocationProtocolServerSideTranslatorPB.java:141)
	at org.apache.hadoop.ozone.protocolPB.ScmBlockLocationProtocolServerSideTranslatorPB.send(ScmBlockLocationProtocolServerSideTranslatorPB.java:116)
	at org.apache.hadoop.hdds.protocol.proto.ScmBlockLocationProtocolProtos$ScmBlockLocationProtocolService$2.callBlockingMethod(ScmBlockLocationProtocolProtos.java:13157)
	at org.apache.hadoop.ipc.ProtobufRpcEngine$Server$ProtoBufRpcInvoker.call(ProtobufRpcEngine.java:524)
	at org.apache.hadoop.ipc.RPC$Server.call(RPC.java:1025)
	at org.apache.hadoop.ipc.Server$RpcCall.run(Server.java:876)
	at org.apache.hadoop.ipc.Server$RpcCall.run(Server.java:822)
	at java.security.AccessController.doPrivileged(Native Method)
	at javax.security.auth.Subject.doAs(Subject.java:422)
	at org.apache.hadoop.security.UserGroupInformation.doAs(UserGroupInformation.java:1730)
	at org.apache.hadoop.ipc.Server$Handler.run(Server.java:2682)
2019-09-25 07:34:20,667 [IPC Server handler 0 on 37409] INFO  pipeline.PipelinePlacementPolicy (PipelinePlacementPolicy.java:meetCriteria(91)) - Pipeline Placement: can't place more pipeline on heavy datanode： df3fee13-edb1-4245-be34-bb4c7d942b62 Heaviness: 6 limit: 5
2019-09-25 07:34:20,667 [IPC Server handler 0 on 37409] INFO  pipeline.PipelinePlacementPolicy (PipelinePlacementPolicy.java:meetCriteria(91)) - Pipeline Placement: can't place more pipeline on heavy datanode： 0441a7da-a434-40f3-b826-f1d73a75434f Heaviness: 6 limit: 5
2019-09-25 07:34:20,667 [IPC Server handler 0 on 37409] INFO  pipeline.PipelinePlacementPolicy (PipelinePlacementPolicy.java:meetCriteria(91)) - Pipeline Placement: can't place more pipeline on heavy datanode： 9659e150-6db8-46c9-9754-45a2163a8a7f Heaviness: 6 limit: 5
2019-09-25 07:34:20,667 [IPC Server handler 0 on 37409] INFO  pipeline.PipelinePlacementPolicy (PipelinePlacementPolicy.java:meetCriteria(91)) - Pipeline Placement: can't place more pipeline on heavy datanode： 8005d4cb-4fe5-4e19-8530-60982edf3c3e Heaviness: 6 limit: 5
2019-09-25 07:34:20,668 [IPC Server handler 0 on 37409] INFO  pipeline.PipelinePlacementPolicy (PipelinePlacementPolicy.java:meetCriteria(91)) - Pipeline Placement: can't place more pipeline on heavy datanode： bdcda101-49b0-4c87-b510-4eac276b6602 Heaviness: 6 limit: 5
2019-09-25 07:34:20,668 [IPC Server handler 0 on 37409] ERROR pipeline.PipelinePlacementPolicy (PipelinePlacementPolicy.java:filterViableNodes(148)) - Unable to find enough nodes that meet the criteria that cannot engage in more than 5 pipelines. Nodes required: 3 Found: 0, healthy nodes count inNodeManager: 5.
2019-09-25 07:34:20,668 [IPC Server handler 0 on 37409] ERROR pipeline.SCMPipelineManager (SCMPipelineManager.java:createPipeline(167)) - Pipeline creation failed.
org.apache.hadoop.hdds.scm.exceptions.SCMException: Unable to find enough nodes that meet the criteria that cannot engage in more than 5 pipelines. Nodes required: 3 Found: 0, healthy nodes count inNodeManager: 5.
	at org.apache.hadoop.hdds.scm.pipeline.PipelinePlacementPolicy.filterViableNodes(PipelinePlacementPolicy.java:149)
	at org.apache.hadoop.hdds.scm.pipeline.PipelinePlacementPolicy.chooseDatanodes(PipelinePlacementPolicy.java:172)
	at org.apache.hadoop.hdds.scm.pipeline.RatisPipelineProvider.create(RatisPipelineProvider.java:93)
	at org.apache.hadoop.hdds.scm.pipeline.PipelineFactory.create(PipelineFactory.java:58)
	at org.apache.hadoop.hdds.scm.pipeline.SCMPipelineManager.createPipeline(SCMPipelineManager.java:155)
	at org.apache.hadoop.hdds.scm.block.BlockManagerImpl.allocateBlock(BlockManagerImpl.java:190)
	at org.apache.hadoop.hdds.scm.server.SCMBlockProtocolServer.allocateBlock(SCMBlockProtocolServer.java:182)
	at org.apache.hadoop.ozone.protocolPB.ScmBlockLocationProtocolServerSideTranslatorPB.allocateScmBlock(ScmBlockLocationProtocolServerSideTranslatorPB.java:183)
	at org.apache.hadoop.ozone.protocolPB.ScmBlockLocationProtocolServerSideTranslatorPB.processMessage(ScmBlockLocationProtocolServerSideTranslatorPB.java:141)
	at org.apache.hadoop.ozone.protocolPB.ScmBlockLocationProtocolServerSideTranslatorPB.send(ScmBlockLocationProtocolServerSideTranslatorPB.java:116)
	at org.apache.hadoop.hdds.protocol.proto.ScmBlockLocationProtocolProtos$ScmBlockLocationProtocolService$2.callBlockingMethod(ScmBlockLocationProtocolProtos.java:13157)
	at org.apache.hadoop.ipc.ProtobufRpcEngine$Server$ProtoBufRpcInvoker.call(ProtobufRpcEngine.java:524)
	at org.apache.hadoop.ipc.RPC$Server.call(RPC.java:1025)
	at org.apache.hadoop.ipc.Server$RpcCall.run(Server.java:876)
	at org.apache.hadoop.ipc.Server$RpcCall.run(Server.java:822)
	at java.security.AccessController.doPrivileged(Native Method)
	at javax.security.auth.Subject.doAs(Subject.java:422)
	at org.apache.hadoop.security.UserGroupInformation.doAs(UserGroupInformation.java:1730)
	at org.apache.hadoop.ipc.Server$Handler.run(Server.java:2682)
2019-09-25 07:34:20,669 [IPC Server handler 0 on 37409] WARN  block.BlockManagerImpl (BlockManagerImpl.java:allocateBlock(192)) - Pipeline creation failed for type:RATIS factor:THREE. Retrying get pipelines call once.
org.apache.hadoop.hdds.scm.exceptions.SCMException: Unable to find enough nodes that meet the criteria that cannot engage in more than 5 pipelines. Nodes required: 3 Found: 0, healthy nodes count inNodeManager: 5.
	at org.apache.hadoop.hdds.scm.pipeline.PipelinePlacementPolicy.filterViableNodes(PipelinePlacementPolicy.java:149)
	at org.apache.hadoop.hdds.scm.pipeline.PipelinePlacementPolicy.chooseDatanodes(PipelinePlacementPolicy.java:172)
	at org.apache.hadoop.hdds.scm.pipeline.RatisPipelineProvider.create(RatisPipelineProvider.java:93)
	at org.apache.hadoop.hdds.scm.pipeline.PipelineFactory.create(PipelineFactory.java:58)
	at org.apache.hadoop.hdds.scm.pipeline.SCMPipelineManager.createPipeline(SCMPipelineManager.java:155)
	at org.apache.hadoop.hdds.scm.block.BlockManagerImpl.allocateBlock(BlockManagerImpl.java:190)
	at org.apache.hadoop.hdds.scm.server.SCMBlockProtocolServer.allocateBlock(SCMBlockProtocolServer.java:182)
	at org.apache.hadoop.ozone.protocolPB.ScmBlockLocationProtocolServerSideTranslatorPB.allocateScmBlock(ScmBlockLocationProtocolServerSideTranslatorPB.java:183)
	at org.apache.hadoop.ozone.protocolPB.ScmBlockLocationProtocolServerSideTranslatorPB.processMessage(ScmBlockLocationProtocolServerSideTranslatorPB.java:141)
	at org.apache.hadoop.ozone.protocolPB.ScmBlockLocationProtocolServerSideTranslatorPB.send(ScmBlockLocationProtocolServerSideTranslatorPB.java:116)
	at org.apache.hadoop.hdds.protocol.proto.ScmBlockLocationProtocolProtos$ScmBlockLocationProtocolService$2.callBlockingMethod(ScmBlockLocationProtocolProtos.java:13157)
	at org.apache.hadoop.ipc.ProtobufRpcEngine$Server$ProtoBufRpcInvoker.call(ProtobufRpcEngine.java:524)
	at org.apache.hadoop.ipc.RPC$Server.call(RPC.java:1025)
	at org.apache.hadoop.ipc.Server$RpcCall.run(Server.java:876)
	at org.apache.hadoop.ipc.Server$RpcCall.run(Server.java:822)
	at java.security.AccessController.doPrivileged(Native Method)
	at javax.security.auth.Subject.doAs(Subject.java:422)
	at org.apache.hadoop.security.UserGroupInformation.doAs(UserGroupInformation.java:1730)
	at org.apache.hadoop.ipc.Server$Handler.run(Server.java:2682)
2019-09-25 07:34:20,669 [IPC Server handler 10 on 37409] INFO  block.BlockManagerImpl (BlockManagerImpl.java:allocateBlock(198)) - Could not find available pipeline of type:RATIS and factor:THREE even after retrying
2019-09-25 07:34:20,670 [IPC Server handler 4 on 37409] INFO  pipeline.PipelinePlacementPolicy (PipelinePlacementPolicy.java:meetCriteria(91)) - Pipeline Placement: can't place more pipeline on heavy datanode： df3fee13-edb1-4245-be34-bb4c7d942b62 Heaviness: 6 limit: 5
2019-09-25 07:34:20,670 [IPC Server handler 10 on 37409] ERROR block.BlockManagerImpl (BlockManagerImpl.java:allocateBlock(222)) - Unable to allocate a block for the size: 4194304, type: RATIS, factor: THREE
2019-09-25 07:34:20,670 [IPC Server handler 4 on 37409] INFO  pipeline.PipelinePlacementPolicy (PipelinePlacementPolicy.java:meetCriteria(91)) - Pipeline Placement: can't place more pipeline on heavy datanode： 0441a7da-a434-40f3-b826-f1d73a75434f Heaviness: 6 limit: 5
2019-09-25 07:34:20,670 [IPC Server handler 4 on 37409] INFO  pipeline.PipelinePlacementPolicy (PipelinePlacementPolicy.java:meetCriteria(91)) - Pipeline Placement: can't place more pipeline on heavy datanode： 9659e150-6db8-46c9-9754-45a2163a8a7f Heaviness: 6 limit: 5
2019-09-25 07:34:20,674 [IPC Server handler 4 on 37409] INFO  pipeline.PipelinePlacementPolicy (PipelinePlacementPolicy.java:meetCriteria(91)) - Pipeline Placement: can't place more pipeline on heavy datanode： 8005d4cb-4fe5-4e19-8530-60982edf3c3e Heaviness: 6 limit: 5
2019-09-25 07:34:20,674 [IPC Server handler 4 on 37409] INFO  pipeline.PipelinePlacementPolicy (PipelinePlacementPolicy.java:meetCriteria(91)) - Pipeline Placement: can't place more pipeline on heavy datanode： bdcda101-49b0-4c87-b510-4eac276b6602 Heaviness: 6 limit: 5
2019-09-25 07:34:20,674 [IPC Server handler 4 on 37409] ERROR pipeline.PipelinePlacementPolicy (PipelinePlacementPolicy.java:filterViableNodes(148)) - Unable to find enough nodes that meet the criteria that cannot engage in more than 5 pipelines. Nodes required: 3 Found: 0, healthy nodes count inNodeManager: 5.
2019-09-25 07:34:20,674 [IPC Server handler 4 on 37409] ERROR pipeline.SCMPipelineManager (SCMPipelineManager.java:createPipeline(167)) - Pipeline creation failed.
org.apache.hadoop.hdds.scm.exceptions.SCMException: Unable to find enough nodes that meet the criteria that cannot engage in more than 5 pipelines. Nodes required: 3 Found: 0, healthy nodes count inNodeManager: 5.
	at org.apache.hadoop.hdds.scm.pipeline.PipelinePlacementPolicy.filterViableNodes(PipelinePlacementPolicy.java:149)
	at org.apache.hadoop.hdds.scm.pipeline.PipelinePlacementPolicy.chooseDatanodes(PipelinePlacementPolicy.java:172)
	at org.apache.hadoop.hdds.scm.pipeline.RatisPipelineProvider.create(RatisPipelineProvider.java:93)
	at org.apache.hadoop.hdds.scm.pipeline.PipelineFactory.create(PipelineFactory.java:58)
	at org.apache.hadoop.hdds.scm.pipeline.SCMPipelineManager.createPipeline(SCMPipelineManager.java:155)
	at org.apache.hadoop.hdds.scm.block.BlockManagerImpl.allocateBlock(BlockManagerImpl.java:190)
	at org.apache.hadoop.hdds.scm.server.SCMBlockProtocolServer.allocateBlock(SCMBlockProtocolServer.java:182)
	at org.apache.hadoop.ozone.protocolPB.ScmBlockLocationProtocolServerSideTranslatorPB.allocateScmBlock(ScmBlockLocationProtocolServerSideTranslatorPB.java:183)
	at org.apache.hadoop.ozone.protocolPB.ScmBlockLocationProtocolServerSideTranslatorPB.processMessage(ScmBlockLocationProtocolServerSideTranslatorPB.java:141)
	at org.apache.hadoop.ozone.protocolPB.ScmBlockLocationProtocolServerSideTranslatorPB.send(ScmBlockLocationProtocolServerSideTranslatorPB.java:116)
	at org.apache.hadoop.hdds.protocol.proto.ScmBlockLocationProtocolProtos$ScmBlockLocationProtocolService$2.callBlockingMethod(ScmBlockLocationProtocolProtos.java:13157)
	at org.apache.hadoop.ipc.ProtobufRpcEngine$Server$ProtoBufRpcInvoker.call(ProtobufRpcEngine.java:524)
	at org.apache.hadoop.ipc.RPC$Server.call(RPC.java:1025)
	at org.apache.hadoop.ipc.Server$RpcCall.run(Server.java:876)
	at org.apache.hadoop.ipc.Server$RpcCall.run(Server.java:822)
	at java.security.AccessController.doPrivileged(Native Method)
	at javax.security.auth.Subject.doAs(Subject.java:422)
	at org.apache.hadoop.security.UserGroupInformation.doAs(UserGroupInformation.java:1730)
	at org.apache.hadoop.ipc.Server$Handler.run(Server.java:2682)
2019-09-25 07:34:20,674 [pool-75-thread-3] ERROR freon.RandomKeyGenerator (RandomKeyGenerator.java:createKey(733)) - Exception while adding key: key-0-93675 in bucket: bucket-1-65022 of volume: vol-0-21709.
INTERNAL_ERROR org.apache.hadoop.ozone.om.exceptions.OMException: Allocated 0 blocks. Requested 1 blocks
	at org.apache.hadoop.ozone.om.protocolPB.OzoneManagerProtocolClientSideTranslatorPB.handleError(OzoneManagerProtocolClientSideTranslatorPB.java:732)
	at org.apache.hadoop.ozone.om.protocolPB.OzoneManagerProtocolClientSideTranslatorPB.openKey(OzoneManagerProtocolClientSideTranslatorPB.java:723)
	at sun.reflect.NativeMethodAccessorImpl.invoke0(Native Method)
	at sun.reflect.NativeMethodAccessorImpl.invoke(NativeMethodAccessorImpl.java:62)
	at sun.reflect.DelegatingMethodAccessorImpl.invoke(DelegatingMethodAccessorImpl.java:43)
	at java.lang.reflect.Method.invoke(Method.java:498)
	at org.apache.hadoop.hdds.tracing.TraceAllMethod.invoke(TraceAllMethod.java:66)
	at com.sun.proxy.$Proxy37.openKey(Unknown Source)
	at org.apache.hadoop.ozone.client.rpc.RpcClient.createKey(RpcClient.java:614)
	at org.apache.hadoop.ozone.client.OzoneBucket.createKey(OzoneBucket.java:325)
	at org.apache.hadoop.ozone.freon.RandomKeyGenerator.createKey(RandomKeyGenerator.java:695)
	at org.apache.hadoop.ozone.freon.RandomKeyGenerator.access$1100(RandomKeyGenerator.java:88)
	at org.apache.hadoop.ozone.freon.RandomKeyGenerator$ObjectCreator.run(RandomKeyGenerator.java:615)
	at java.util.concurrent.Executors$RunnableAdapter.call(Executors.java:511)
	at java.util.concurrent.FutureTask.run(FutureTask.java:266)
	at java.util.concurrent.ThreadPoolExecutor.runWorker(ThreadPoolExecutor.java:1149)
	at java.util.concurrent.ThreadPoolExecutor$Worker.run(ThreadPoolExecutor.java:624)
	at java.lang.Thread.run(Thread.java:748)
2019-09-25 07:34:20,675 [IPC Server handler 0 on 37409] INFO  block.BlockManagerImpl (BlockManagerImpl.java:allocateBlock(198)) - Could not find available pipeline of type:RATIS and factor:THREE even after retrying
2019-09-25 07:34:20,675 [IPC Server handler 4 on 37409] WARN  block.BlockManagerImpl (BlockManagerImpl.java:allocateBlock(192)) - Pipeline creation failed for type:RATIS factor:THREE. Retrying get pipelines call once.
org.apache.hadoop.hdds.scm.exceptions.SCMException: Unable to find enough nodes that meet the criteria that cannot engage in more than 5 pipelines. Nodes required: 3 Found: 0, healthy nodes count inNodeManager: 5.
	at org.apache.hadoop.hdds.scm.pipeline.PipelinePlacementPolicy.filterViableNodes(PipelinePlacementPolicy.java:149)
	at org.apache.hadoop.hdds.scm.pipeline.PipelinePlacementPolicy.chooseDatanodes(PipelinePlacementPolicy.java:172)
	at org.apache.hadoop.hdds.scm.pipeline.RatisPipelineProvider.create(RatisPipelineProvider.java:93)
	at org.apache.hadoop.hdds.scm.pipeline.PipelineFactory.create(PipelineFactory.java:58)
	at org.apache.hadoop.hdds.scm.pipeline.SCMPipelineManager.createPipeline(SCMPipelineManager.java:155)
	at org.apache.hadoop.hdds.scm.block.BlockManagerImpl.allocateBlock(BlockManagerImpl.java:190)
	at org.apache.hadoop.hdds.scm.server.SCMBlockProtocolServer.allocateBlock(SCMBlockProtocolServer.java:182)
	at org.apache.hadoop.ozone.protocolPB.ScmBlockLocationProtocolServerSideTranslatorPB.allocateScmBlock(ScmBlockLocationProtocolServerSideTranslatorPB.java:183)
	at org.apache.hadoop.ozone.protocolPB.ScmBlockLocationProtocolServerSideTranslatorPB.processMessage(ScmBlockLocationProtocolServerSideTranslatorPB.java:141)
	at org.apache.hadoop.ozone.protocolPB.ScmBlockLocationProtocolServerSideTranslatorPB.send(ScmBlockLocationProtocolServerSideTranslatorPB.java:116)
	at org.apache.hadoop.hdds.protocol.proto.ScmBlockLocationProtocolProtos$ScmBlockLocationProtocolService$2.callBlockingMethod(ScmBlockLocationProtocolProtos.java:13157)
	at org.apache.hadoop.ipc.ProtobufRpcEngine$Server$ProtoBufRpcInvoker.call(ProtobufRpcEngine.java:524)
	at org.apache.hadoop.ipc.RPC$Server.call(RPC.java:1025)
	at org.apache.hadoop.ipc.Server$RpcCall.run(Server.java:876)
	at org.apache.hadoop.ipc.Server$RpcCall.run(Server.java:822)
	at java.security.AccessController.doPrivileged(Native Method)
	at javax.security.auth.Subject.doAs(Subject.java:422)
	at org.apache.hadoop.security.UserGroupInformation.doAs(UserGroupInformation.java:1730)
	at org.apache.hadoop.ipc.Server$Handler.run(Server.java:2682)
2019-09-25 07:34:20,675 [IPC Server handler 0 on 37409] ERROR block.BlockManagerImpl (BlockManagerImpl.java:allocateBlock(222)) - Unable to allocate a block for the size: 4194304, type: RATIS, factor: THREE
2019-09-25 07:34:20,675 [IPC Server handler 7 on 37409] INFO  pipeline.PipelinePlacementPolicy (PipelinePlacementPolicy.java:meetCriteria(91)) - Pipeline Placement: can't place more pipeline on heavy datanode： df3fee13-edb1-4245-be34-bb4c7d942b62 Heaviness: 6 limit: 5
2019-09-25 07:34:20,676 [IPC Server handler 7 on 37409] INFO  pipeline.PipelinePlacementPolicy (PipelinePlacementPolicy.java:meetCriteria(91)) - Pipeline Placement: can't place more pipeline on heavy datanode： 0441a7da-a434-40f3-b826-f1d73a75434f Heaviness: 6 limit: 5
2019-09-25 07:34:20,676 [IPC Server handler 7 on 37409] INFO  pipeline.PipelinePlacementPolicy (PipelinePlacementPolicy.java:meetCriteria(91)) - Pipeline Placement: can't place more pipeline on heavy datanode： 9659e150-6db8-46c9-9754-45a2163a8a7f Heaviness: 6 limit: 5
2019-09-25 07:34:20,676 [IPC Server handler 7 on 37409] INFO  pipeline.PipelinePlacementPolicy (PipelinePlacementPolicy.java:meetCriteria(91)) - Pipeline Placement: can't place more pipeline on heavy datanode： 8005d4cb-4fe5-4e19-8530-60982edf3c3e Heaviness: 6 limit: 5
2019-09-25 07:34:20,676 [IPC Server handler 7 on 37409] INFO  pipeline.PipelinePlacementPolicy (PipelinePlacementPolicy.java:meetCriteria(91)) - Pipeline Placement: can't place more pipeline on heavy datanode： bdcda101-49b0-4c87-b510-4eac276b6602 Heaviness: 6 limit: 5
2019-09-25 07:34:20,677 [pool-75-thread-7] ERROR freon.RandomKeyGenerator (RandomKeyGenerator.java:createKey(733)) - Exception while adding key: key-0-39255 in bucket: bucket-0-82759 of volume: vol-0-21709.
INTERNAL_ERROR org.apache.hadoop.ozone.om.exceptions.OMException: Allocated 0 blocks. Requested 1 blocks
	at org.apache.hadoop.ozone.om.protocolPB.OzoneManagerProtocolClientSideTranslatorPB.handleError(OzoneManagerProtocolClientSideTranslatorPB.java:732)
	at org.apache.hadoop.ozone.om.protocolPB.OzoneManagerProtocolClientSideTranslatorPB.openKey(OzoneManagerProtocolClientSideTranslatorPB.java:723)
	at sun.reflect.NativeMethodAccessorImpl.invoke0(Native Method)
	at sun.reflect.NativeMethodAccessorImpl.invoke(NativeMethodAccessorImpl.java:62)
	at sun.reflect.DelegatingMethodAccessorImpl.invoke(DelegatingMethodAccessorImpl.java:43)
	at java.lang.reflect.Method.invoke(Method.java:498)
	at org.apache.hadoop.hdds.tracing.TraceAllMethod.invoke(TraceAllMethod.java:66)
	at com.sun.proxy.$Proxy37.openKey(Unknown Source)
	at org.apache.hadoop.ozone.client.rpc.RpcClient.createKey(RpcClient.java:614)
	at org.apache.hadoop.ozone.client.OzoneBucket.createKey(OzoneBucket.java:325)
	at org.apache.hadoop.ozone.freon.RandomKeyGenerator.createKey(RandomKeyGenerator.java:695)
	at org.apache.hadoop.ozone.freon.RandomKeyGenerator.access$1100(RandomKeyGenerator.java:88)
	at org.apache.hadoop.ozone.freon.RandomKeyGenerator$ObjectCreator.run(RandomKeyGenerator.java:615)
	at java.util.concurrent.Executors$RunnableAdapter.call(Executors.java:511)
	at java.util.concurrent.FutureTask.run(FutureTask.java:266)
	at java.util.concurrent.ThreadPoolExecutor.runWorker(ThreadPoolExecutor.java:1149)
	at java.util.concurrent.ThreadPoolExecutor$Worker.run(ThreadPoolExecutor.java:624)
	at java.lang.Thread.run(Thread.java:748)
2019-09-25 07:34:20,677 [IPC Server handler 7 on 37409] ERROR pipeline.PipelinePlacementPolicy (PipelinePlacementPolicy.java:filterViableNodes(148)) - Unable to find enough nodes that meet the criteria that cannot engage in more than 5 pipelines. Nodes required: 3 Found: 0, healthy nodes count inNodeManager: 5.
2019-09-25 07:34:20,677 [IPC Server handler 7 on 37409] ERROR pipeline.SCMPipelineManager (SCMPipelineManager.java:createPipeline(167)) - Pipeline creation failed.
org.apache.hadoop.hdds.scm.exceptions.SCMException: Unable to find enough nodes that meet the criteria that cannot engage in more than 5 pipelines. Nodes required: 3 Found: 0, healthy nodes count inNodeManager: 5.
	at org.apache.hadoop.hdds.scm.pipeline.PipelinePlacementPolicy.filterViableNodes(PipelinePlacementPolicy.java:149)
	at org.apache.hadoop.hdds.scm.pipeline.PipelinePlacementPolicy.chooseDatanodes(PipelinePlacementPolicy.java:172)
	at org.apache.hadoop.hdds.scm.pipeline.RatisPipelineProvider.create(RatisPipelineProvider.java:93)
	at org.apache.hadoop.hdds.scm.pipeline.PipelineFactory.create(PipelineFactory.java:58)
	at org.apache.hadoop.hdds.scm.pipeline.SCMPipelineManager.createPipeline(SCMPipelineManager.java:155)
	at org.apache.hadoop.hdds.scm.block.BlockManagerImpl.allocateBlock(BlockManagerImpl.java:190)
	at org.apache.hadoop.hdds.scm.server.SCMBlockProtocolServer.allocateBlock(SCMBlockProtocolServer.java:182)
	at org.apache.hadoop.ozone.protocolPB.ScmBlockLocationProtocolServerSideTranslatorPB.allocateScmBlock(ScmBlockLocationProtocolServerSideTranslatorPB.java:183)
	at org.apache.hadoop.ozone.protocolPB.ScmBlockLocationProtocolServerSideTranslatorPB.processMessage(ScmBlockLocationProtocolServerSideTranslatorPB.java:141)
	at org.apache.hadoop.ozone.protocolPB.ScmBlockLocationProtocolServerSideTranslatorPB.send(ScmBlockLocationProtocolServerSideTranslatorPB.java:116)
	at org.apache.hadoop.hdds.protocol.proto.ScmBlockLocationProtocolProtos$ScmBlockLocationProtocolService$2.callBlockingMethod(ScmBlockLocationProtocolProtos.java:13157)
	at org.apache.hadoop.ipc.ProtobufRpcEngine$Server$ProtoBufRpcInvoker.call(ProtobufRpcEngine.java:524)
	at org.apache.hadoop.ipc.RPC$Server.call(RPC.java:1025)
	at org.apache.hadoop.ipc.Server$RpcCall.run(Server.java:876)
	at org.apache.hadoop.ipc.Server$RpcCall.run(Server.java:822)
	at java.security.AccessController.doPrivileged(Native Method)
	at javax.security.auth.Subject.doAs(Subject.java:422)
	at org.apache.hadoop.security.UserGroupInformation.doAs(UserGroupInformation.java:1730)
	at org.apache.hadoop.ipc.Server$Handler.run(Server.java:2682)
2019-09-25 07:34:20,678 [IPC Server handler 7 on 37409] WARN  block.BlockManagerImpl (BlockManagerImpl.java:allocateBlock(192)) - Pipeline creation failed for type:RATIS factor:THREE. Retrying get pipelines call once.
org.apache.hadoop.hdds.scm.exceptions.SCMException: Unable to find enough nodes that meet the criteria that cannot engage in more than 5 pipelines. Nodes required: 3 Found: 0, healthy nodes count inNodeManager: 5.
	at org.apache.hadoop.hdds.scm.pipeline.PipelinePlacementPolicy.filterViableNodes(PipelinePlacementPolicy.java:149)
	at org.apache.hadoop.hdds.scm.pipeline.PipelinePlacementPolicy.chooseDatanodes(PipelinePlacementPolicy.java:172)
	at org.apache.hadoop.hdds.scm.pipeline.RatisPipelineProvider.create(RatisPipelineProvider.java:93)
	at org.apache.hadoop.hdds.scm.pipeline.PipelineFactory.create(PipelineFactory.java:58)
	at org.apache.hadoop.hdds.scm.pipeline.SCMPipelineManager.createPipeline(SCMPipelineManager.java:155)
	at org.apache.hadoop.hdds.scm.block.BlockManagerImpl.allocateBlock(BlockManagerImpl.java:190)
	at org.apache.hadoop.hdds.scm.server.SCMBlockProtocolServer.allocateBlock(SCMBlockProtocolServer.java:182)
	at org.apache.hadoop.ozone.protocolPB.ScmBlockLocationProtocolServerSideTranslatorPB.allocateScmBlock(ScmBlockLocationProtocolServerSideTranslatorPB.java:183)
	at org.apache.hadoop.ozone.protocolPB.ScmBlockLocationProtocolServerSideTranslatorPB.processMessage(ScmBlockLocationProtocolServerSideTranslatorPB.java:141)
	at org.apache.hadoop.ozone.protocolPB.ScmBlockLocationProtocolServerSideTranslatorPB.send(ScmBlockLocationProtocolServerSideTranslatorPB.java:116)
	at org.apache.hadoop.hdds.protocol.proto.ScmBlockLocationProtocolProtos$ScmBlockLocationProtocolService$2.callBlockingMethod(ScmBlockLocationProtocolProtos.java:13157)
	at org.apache.hadoop.ipc.ProtobufRpcEngine$Server$ProtoBufRpcInvoker.call(ProtobufRpcEngine.java:524)
	at org.apache.hadoop.ipc.RPC$Server.call(RPC.java:1025)
	at org.apache.hadoop.ipc.Server$RpcCall.run(Server.java:876)
	at org.apache.hadoop.ipc.Server$RpcCall.run(Server.java:822)
	at java.security.AccessController.doPrivileged(Native Method)
	at javax.security.auth.Subject.doAs(Subject.java:422)
	at org.apache.hadoop.security.UserGroupInformation.doAs(UserGroupInformation.java:1730)
	at org.apache.hadoop.ipc.Server$Handler.run(Server.java:2682)
2019-09-25 07:34:20,678 [IPC Server handler 14 on 37409] INFO  pipeline.PipelinePlacementPolicy (PipelinePlacementPolicy.java:meetCriteria(91)) - Pipeline Placement: can't place more pipeline on heavy datanode： df3fee13-edb1-4245-be34-bb4c7d942b62 Heaviness: 6 limit: 5
2019-09-25 07:34:20,678 [IPC Server handler 14 on 37409] INFO  pipeline.PipelinePlacementPolicy (PipelinePlacementPolicy.java:meetCriteria(91)) - Pipeline Placement: can't place more pipeline on heavy datanode： 0441a7da-a434-40f3-b826-f1d73a75434f Heaviness: 6 limit: 5
2019-09-25 07:34:20,678 [IPC Server handler 4 on 37409] INFO  block.BlockManagerImpl (BlockManagerImpl.java:allocateBlock(198)) - Could not find available pipeline of type:RATIS and factor:THREE even after retrying
2019-09-25 07:34:20,679 [IPC Server handler 14 on 37409] INFO  pipeline.PipelinePlacementPolicy (PipelinePlacementPolicy.java:meetCriteria(91)) - Pipeline Placement: can't place more pipeline on heavy datanode： 9659e150-6db8-46c9-9754-45a2163a8a7f Heaviness: 6 limit: 5
2019-09-25 07:34:20,679 [IPC Server handler 4 on 37409] ERROR block.BlockManagerImpl (BlockManagerImpl.java:allocateBlock(222)) - Unable to allocate a block for the size: 4194304, type: RATIS, factor: THREE
2019-09-25 07:34:20,679 [IPC Server handler 14 on 37409] INFO  pipeline.PipelinePlacementPolicy (PipelinePlacementPolicy.java:meetCriteria(91)) - Pipeline Placement: can't place more pipeline on heavy datanode： 8005d4cb-4fe5-4e19-8530-60982edf3c3e Heaviness: 6 limit: 5
2019-09-25 07:34:20,681 [IPC Server handler 14 on 37409] INFO  pipeline.PipelinePlacementPolicy (PipelinePlacementPolicy.java:meetCriteria(91)) - Pipeline Placement: can't place more pipeline on heavy datanode： bdcda101-49b0-4c87-b510-4eac276b6602 Heaviness: 6 limit: 5
2019-09-25 07:34:20,681 [IPC Server handler 14 on 37409] ERROR pipeline.PipelinePlacementPolicy (PipelinePlacementPolicy.java:filterViableNodes(148)) - Unable to find enough nodes that meet the criteria that cannot engage in more than 5 pipelines. Nodes required: 3 Found: 0, healthy nodes count inNodeManager: 5.
2019-09-25 07:34:20,681 [IPC Server handler 14 on 37409] ERROR pipeline.SCMPipelineManager (SCMPipelineManager.java:createPipeline(167)) - Pipeline creation failed.
org.apache.hadoop.hdds.scm.exceptions.SCMException: Unable to find enough nodes that meet the criteria that cannot engage in more than 5 pipelines. Nodes required: 3 Found: 0, healthy nodes count inNodeManager: 5.
	at org.apache.hadoop.hdds.scm.pipeline.PipelinePlacementPolicy.filterViableNodes(PipelinePlacementPolicy.java:149)
	at org.apache.hadoop.hdds.scm.pipeline.PipelinePlacementPolicy.chooseDatanodes(PipelinePlacementPolicy.java:172)
	at org.apache.hadoop.hdds.scm.pipeline.RatisPipelineProvider.create(RatisPipelineProvider.java:93)
	at org.apache.hadoop.hdds.scm.pipeline.PipelineFactory.create(PipelineFactory.java:58)
	at org.apache.hadoop.hdds.scm.pipeline.SCMPipelineManager.createPipeline(SCMPipelineManager.java:155)
	at org.apache.hadoop.hdds.scm.block.BlockManagerImpl.allocateBlock(BlockManagerImpl.java:190)
	at org.apache.hadoop.hdds.scm.server.SCMBlockProtocolServer.allocateBlock(SCMBlockProtocolServer.java:182)
	at org.apache.hadoop.ozone.protocolPB.ScmBlockLocationProtocolServerSideTranslatorPB.allocateScmBlock(ScmBlockLocationProtocolServerSideTranslatorPB.java:183)
	at org.apache.hadoop.ozone.protocolPB.ScmBlockLocationProtocolServerSideTranslatorPB.processMessage(ScmBlockLocationProtocolServerSideTranslatorPB.java:141)
	at org.apache.hadoop.ozone.protocolPB.ScmBlockLocationProtocolServerSideTranslatorPB.send(ScmBlockLocationProtocolServerSideTranslatorPB.java:116)
	at org.apache.hadoop.hdds.protocol.proto.ScmBlockLocationProtocolProtos$ScmBlockLocationProtocolService$2.callBlockingMethod(ScmBlockLocationProtocolProtos.java:13157)
	at org.apache.hadoop.ipc.ProtobufRpcEngine$Server$ProtoBufRpcInvoker.call(ProtobufRpcEngine.java:524)
	at org.apache.hadoop.ipc.RPC$Server.call(RPC.java:1025)
	at org.apache.hadoop.ipc.Server$RpcCall.run(Server.java:876)
	at org.apache.hadoop.ipc.Server$RpcCall.run(Server.java:822)
	at java.security.AccessController.doPrivileged(Native Method)
	at javax.security.auth.Subject.doAs(Subject.java:422)
	at org.apache.hadoop.security.UserGroupInformation.doAs(UserGroupInformation.java:1730)
	at org.apache.hadoop.ipc.Server$Handler.run(Server.java:2682)
2019-09-25 07:34:20,689 [pool-75-thread-9] ERROR freon.RandomKeyGenerator (RandomKeyGenerator.java:createKey(733)) - Exception while adding key: key-0-67711 in bucket: bucket-4-75169 of volume: vol-1-61015.
INTERNAL_ERROR org.apache.hadoop.ozone.om.exceptions.OMException: Allocated 0 blocks. Requested 1 blocks
	at org.apache.hadoop.ozone.om.protocolPB.OzoneManagerProtocolClientSideTranslatorPB.handleError(OzoneManagerProtocolClientSideTranslatorPB.java:732)
	at org.apache.hadoop.ozone.om.protocolPB.OzoneManagerProtocolClientSideTranslatorPB.openKey(OzoneManagerProtocolClientSideTranslatorPB.java:723)
	at sun.reflect.NativeMethodAccessorImpl.invoke0(Native Method)
	at sun.reflect.NativeMethodAccessorImpl.invoke(NativeMethodAccessorImpl.java:62)
	at sun.reflect.DelegatingMethodAccessorImpl.invoke(DelegatingMethodAccessorImpl.java:43)
	at java.lang.reflect.Method.invoke(Method.java:498)
	at org.apache.hadoop.hdds.tracing.TraceAllMethod.invoke(TraceAllMethod.java:66)
	at com.sun.proxy.$Proxy37.openKey(Unknown Source)
	at org.apache.hadoop.ozone.client.rpc.RpcClient.createKey(RpcClient.java:614)
	at org.apache.hadoop.ozone.client.OzoneBucket.createKey(OzoneBucket.java:325)
	at org.apache.hadoop.ozone.freon.RandomKeyGenerator.createKey(RandomKeyGenerator.java:695)
	at org.apache.hadoop.ozone.freon.RandomKeyGenerator.access$1100(RandomKeyGenerator.java:88)
	at org.apache.hadoop.ozone.freon.RandomKeyGenerator$ObjectCreator.run(RandomKeyGenerator.java:615)
	at java.util.concurrent.Executors$RunnableAdapter.call(Executors.java:511)
	at java.util.concurrent.FutureTask.run(FutureTask.java:266)
	at java.util.concurrent.ThreadPoolExecutor.runWorker(ThreadPoolExecutor.java:1149)
	at java.util.concurrent.ThreadPoolExecutor$Worker.run(ThreadPoolExecutor.java:624)
	at java.lang.Thread.run(Thread.java:748)
2019-09-25 07:34:20,689 [IPC Server handler 7 on 37409] INFO  block.BlockManagerImpl (BlockManagerImpl.java:allocateBlock(198)) - Could not find available pipeline of type:RATIS and factor:THREE even after retrying
2019-09-25 07:34:20,690 [IPC Server handler 7 on 37409] ERROR block.BlockManagerImpl (BlockManagerImpl.java:allocateBlock(222)) - Unable to allocate a block for the size: 4194304, type: RATIS, factor: THREE
2019-09-25 07:34:20,689 [IPC Server handler 14 on 37409] WARN  block.BlockManagerImpl (BlockManagerImpl.java:allocateBlock(192)) - Pipeline creation failed for type:RATIS factor:THREE. Retrying get pipelines call once.
org.apache.hadoop.hdds.scm.exceptions.SCMException: Unable to find enough nodes that meet the criteria that cannot engage in more than 5 pipelines. Nodes required: 3 Found: 0, healthy nodes count inNodeManager: 5.
	at org.apache.hadoop.hdds.scm.pipeline.PipelinePlacementPolicy.filterViableNodes(PipelinePlacementPolicy.java:149)
	at org.apache.hadoop.hdds.scm.pipeline.PipelinePlacementPolicy.chooseDatanodes(PipelinePlacementPolicy.java:172)
	at org.apache.hadoop.hdds.scm.pipeline.RatisPipelineProvider.create(RatisPipelineProvider.java:93)
	at org.apache.hadoop.hdds.scm.pipeline.PipelineFactory.create(PipelineFactory.java:58)
	at org.apache.hadoop.hdds.scm.pipeline.SCMPipelineManager.createPipeline(SCMPipelineManager.java:155)
	at org.apache.hadoop.hdds.scm.block.BlockManagerImpl.allocateBlock(BlockManagerImpl.java:190)
	at org.apache.hadoop.hdds.scm.server.SCMBlockProtocolServer.allocateBlock(SCMBlockProtocolServer.java:182)
	at org.apache.hadoop.ozone.protocolPB.ScmBlockLocationProtocolServerSideTranslatorPB.allocateScmBlock(ScmBlockLocationProtocolServerSideTranslatorPB.java:183)
	at org.apache.hadoop.ozone.protocolPB.ScmBlockLocationProtocolServerSideTranslatorPB.processMessage(ScmBlockLocationProtocolServerSideTranslatorPB.java:141)
	at org.apache.hadoop.ozone.protocolPB.ScmBlockLocationProtocolServerSideTranslatorPB.send(ScmBlockLocationProtocolServerSideTranslatorPB.java:116)
	at org.apache.hadoop.hdds.protocol.proto.ScmBlockLocationProtocolProtos$ScmBlockLocationProtocolService$2.callBlockingMethod(ScmBlockLocationProtocolProtos.java:13157)
	at org.apache.hadoop.ipc.ProtobufRpcEngine$Server$ProtoBufRpcInvoker.call(ProtobufRpcEngine.java:524)
	at org.apache.hadoop.ipc.RPC$Server.call(RPC.java:1025)
	at org.apache.hadoop.ipc.Server$RpcCall.run(Server.java:876)
	at org.apache.hadoop.ipc.Server$RpcCall.run(Server.java:822)
	at java.security.AccessController.doPrivileged(Native Method)
	at javax.security.auth.Subject.doAs(Subject.java:422)
	at org.apache.hadoop.security.UserGroupInformation.doAs(UserGroupInformation.java:1730)
	at org.apache.hadoop.ipc.Server$Handler.run(Server.java:2682)
2019-09-25 07:34:20,690 [IPC Server handler 14 on 37409] INFO  block.BlockManagerImpl (BlockManagerImpl.java:allocateBlock(198)) - Could not find available pipeline of type:RATIS and factor:THREE even after retrying
2019-09-25 07:34:20,691 [IPC Server handler 14 on 37409] ERROR block.BlockManagerImpl (BlockManagerImpl.java:allocateBlock(222)) - Unable to allocate a block for the size: 4194304, type: RATIS, factor: THREE
2019-09-25 07:34:20,691 [pool-75-thread-4] ERROR freon.RandomKeyGenerator (RandomKeyGenerator.java:createKey(733)) - Exception while adding key: key-0-30458 in bucket: bucket-3-91667 of volume: vol-1-61015.
INTERNAL_ERROR org.apache.hadoop.ozone.om.exceptions.OMException: Allocated 0 blocks. Requested 1 blocks
	at org.apache.hadoop.ozone.om.protocolPB.OzoneManagerProtocolClientSideTranslatorPB.handleError(OzoneManagerProtocolClientSideTranslatorPB.java:732)
	at org.apache.hadoop.ozone.om.protocolPB.OzoneManagerProtocolClientSideTranslatorPB.openKey(OzoneManagerProtocolClientSideTranslatorPB.java:723)
	at sun.reflect.NativeMethodAccessorImpl.invoke0(Native Method)
	at sun.reflect.NativeMethodAccessorImpl.invoke(NativeMethodAccessorImpl.java:62)
	at sun.reflect.DelegatingMethodAccessorImpl.invoke(DelegatingMethodAccessorImpl.java:43)
	at java.lang.reflect.Method.invoke(Method.java:498)
	at org.apache.hadoop.hdds.tracing.TraceAllMethod.invoke(TraceAllMethod.java:66)
	at com.sun.proxy.$Proxy37.openKey(Unknown Source)
	at org.apache.hadoop.ozone.client.rpc.RpcClient.createKey(RpcClient.java:614)
	at org.apache.hadoop.ozone.client.OzoneBucket.createKey(OzoneBucket.java:325)
	at org.apache.hadoop.ozone.freon.RandomKeyGenerator.createKey(RandomKeyGenerator.java:695)
	at org.apache.hadoop.ozone.freon.RandomKeyGenerator.access$1100(RandomKeyGenerator.java:88)
	at org.apache.hadoop.ozone.freon.RandomKeyGenerator$ObjectCreator.run(RandomKeyGenerator.java:615)
	at java.util.concurrent.Executors$RunnableAdapter.call(Executors.java:511)
	at java.util.concurrent.FutureTask.run(FutureTask.java:266)
	at java.util.concurrent.ThreadPoolExecutor.runWorker(ThreadPoolExecutor.java:1149)
	at java.util.concurrent.ThreadPoolExecutor$Worker.run(ThreadPoolExecutor.java:624)
	at java.lang.Thread.run(Thread.java:748)
2019-09-25 07:34:20,692 [pool-75-thread-8] ERROR freon.RandomKeyGenerator (RandomKeyGenerator.java:createKey(733)) - Exception while adding key: key-0-79407 in bucket: bucket-4-68687 of volume: vol-0-21709.
INTERNAL_ERROR org.apache.hadoop.ozone.om.exceptions.OMException: Allocated 0 blocks. Requested 1 blocks
	at org.apache.hadoop.ozone.om.protocolPB.OzoneManagerProtocolClientSideTranslatorPB.handleError(OzoneManagerProtocolClientSideTranslatorPB.java:732)
	at org.apache.hadoop.ozone.om.protocolPB.OzoneManagerProtocolClientSideTranslatorPB.openKey(OzoneManagerProtocolClientSideTranslatorPB.java:723)
	at sun.reflect.NativeMethodAccessorImpl.invoke0(Native Method)
	at sun.reflect.NativeMethodAccessorImpl.invoke(NativeMethodAccessorImpl.java:62)
	at sun.reflect.DelegatingMethodAccessorImpl.invoke(DelegatingMethodAccessorImpl.java:43)
	at java.lang.reflect.Method.invoke(Method.java:498)
	at org.apache.hadoop.hdds.tracing.TraceAllMethod.invoke(TraceAllMethod.java:66)
	at com.sun.proxy.$Proxy37.openKey(Unknown Source)
	at org.apache.hadoop.ozone.client.rpc.RpcClient.createKey(RpcClient.java:614)
	at org.apache.hadoop.ozone.client.OzoneBucket.createKey(OzoneBucket.java:325)
	at org.apache.hadoop.ozone.freon.RandomKeyGenerator.createKey(RandomKeyGenerator.java:695)
	at org.apache.hadoop.ozone.freon.RandomKeyGenerator.access$1100(RandomKeyGenerator.java:88)
	at org.apache.hadoop.ozone.freon.RandomKeyGenerator$ObjectCreator.run(RandomKeyGenerator.java:615)
	at java.util.concurrent.Executors$RunnableAdapter.call(Executors.java:511)
	at java.util.concurrent.FutureTask.run(FutureTask.java:266)
	at java.util.concurrent.ThreadPoolExecutor.runWorker(ThreadPoolExecutor.java:1149)
	at java.util.concurrent.ThreadPoolExecutor$Worker.run(ThreadPoolExecutor.java:624)
	at java.lang.Thread.run(Thread.java:748)
 0.00% |█                                                                                                    |  0/100 Time: 0:00:01 0.00% |█                                                                                                    |  0/100 Time: 0:00:02 0.00% |█                                                                                                    |  0/100 Time: 0:00:03 0.00% |█                                                                                                    |  0/100 Time: 0:00:04 100.00% |█████████████████████████████████████████████████████████████████████████████████████████████████████|  100/100 Time: 0:00:05
]]></system-out>
  </testcase>
</testsuite>