<?xml version="1.0" encoding="UTF-8"?>
<testsuite xmlns:xsi="http://www.w3.org/2001/XMLSchema-instance" xsi:noNamespaceSchemaLocation="https://maven.apache.org/surefire/maven-surefire-plugin/xsd/surefire-test-report.xsd" name="org.apache.hadoop.ozone.freon.TestFreonWithPipelineDestroy" time="32.226" tests="1" errors="1" skipped="0" failures="0">
  <properties>
    <property name="awt.toolkit" value="sun.awt.X11.XToolkit"/>
    <property name="file.encoding.pkg" value="sun.io"/>
    <property name="java.specification.version" value="1.8"/>
    <property name="sun.cpu.isalist" value=""/>
    <property name="sun.jnu.encoding" value="UTF-8"/>
    <property name="java.class.path" value="/workdir/hadoop-ozone/tools/target/test-classes:/workdir/hadoop-ozone/tools/target/classes:/home/user/.m2/repository/org/apache/hadoop/hadoop-ozone-ozone-manager/0.5.0-SNAPSHOT/hadoop-ozone-ozone-manager-0.5.0-SNAPSHOT.jar:/home/user/.m2/repository/org/apache/hadoop/hadoop-hdds-docs/0.5.0-SNAPSHOT/hadoop-hdds-docs-0.5.0-SNAPSHOT.jar:/home/user/.m2/repository/org/bouncycastle/bcprov-jdk15on/1.60/bcprov-jdk15on-1.60.jar:/home/user/.m2/repository/org/apache/hadoop/hadoop-ozone-common/0.5.0-SNAPSHOT/hadoop-ozone-common-0.5.0-SNAPSHOT.jar:/home/user/.m2/repository/org/apache/commons/commons-compress/1.4.1/commons-compress-1.4.1.jar:/home/user/.m2/repository/org/tukaani/xz/1.0/xz-1.0.jar:/home/user/.m2/repository/org/apache/hadoop/hadoop-hdfs-client/3.2.0/hadoop-hdfs-client-3.2.0.jar:/home/user/.m2/repository/com/fasterxml/jackson/core/jackson-annotations/2.9.9/jackson-annotations-2.9.9.jar:/home/user/.m2/repository/org/apache/hadoop/hadoop-hdds-common/0.5.0-SNAPSHOT/hadoop-hdds-common-0.5.0-SNAPSHOT.jar:/home/user/.m2/repository/org/apache/hadoop/hadoop-hdds-config/0.5.0-SNAPSHOT/hadoop-hdds-config-0.5.0-SNAPSHOT.jar:/home/user/.m2/repository/javax/annotation/javax.annotation-api/1.2/javax.annotation-api-1.2.jar:/home/user/.m2/repository/org/apache/ratis/ratis-server/0.4.0/ratis-server-0.4.0.jar:/home/user/.m2/repository/org/apache/ratis/ratis-thirdparty-misc/0.2.0/ratis-thirdparty-misc-0.2.0.jar:/home/user/.m2/repository/org/apache/ratis/ratis-proto/0.4.0/ratis-proto-0.4.0.jar:/home/user/.m2/repository/org/apache/ratis/ratis-common/0.4.0/ratis-common-0.4.0.jar:/home/user/.m2/repository/org/apache/ratis/ratis-client/0.4.0/ratis-client-0.4.0.jar:/home/user/.m2/repository/org/apache/ratis/ratis-metrics/0.4.0/ratis-metrics-0.4.0.jar:/home/user/.m2/repository/com/github/joshelser/dropwizard-metrics-hadoop-metrics2-reporter/0.1.2/dropwizard-metrics-hadoop-metrics2-reporter-0.1.2.jar:/home/user/.m2/repository/io/dropwizard/metrics/metrics-jvm/3.2.5/metrics-jvm-3.2.5.jar:/home/user/.m2/repository/io/dropwizard/metrics/metrics-ganglia/3.2.5/metrics-ganglia-3.2.5.jar:/home/user/.m2/repository/info/ganglia/gmetric4j/gmetric4j/1.0.7/gmetric4j-1.0.7.jar:/home/user/.m2/repository/org/apache/ratis/ratis-netty/0.4.0/ratis-netty-0.4.0.jar:/home/user/.m2/repository/org/apache/ratis/ratis-grpc/0.4.0/ratis-grpc-0.4.0.jar:/home/user/.m2/repository/org/rocksdb/rocksdbjni/6.0.1/rocksdbjni-6.0.1.jar:/home/user/.m2/repository/org/apache/logging/log4j/log4j-api/2.11.0/log4j-api-2.11.0.jar:/home/user/.m2/repository/org/apache/logging/log4j/log4j-core/2.11.0/log4j-core-2.11.0.jar:/home/user/.m2/repository/com/lmax/disruptor/3.4.2/disruptor-3.4.2.jar:/home/user/.m2/repository/org/apache/commons/commons-pool2/2.6.0/commons-pool2-2.6.0.jar:/home/user/.m2/repository/org/bouncycastle/bcpkix-jdk15on/1.60/bcpkix-jdk15on-1.60.jar:/home/user/.m2/repository/commons-validator/commons-validator/1.6/commons-validator-1.6.jar:/home/user/.m2/repository/commons-digester/commons-digester/1.8.1/commons-digester-1.8.1.jar:/home/user/.m2/repository/io/jaegertracing/jaeger-client/0.34.0/jaeger-client-0.34.0.jar:/home/user/.m2/repository/io/jaegertracing/jaeger-thrift/0.34.0/jaeger-thrift-0.34.0.jar:/home/user/.m2/repository/org/apache/thrift/libthrift/0.12.0/libthrift-0.12.0.jar:/home/user/.m2/repository/com/squareup/okhttp3/okhttp/3.9.0/okhttp-3.9.0.jar:/home/user/.m2/repository/com/squareup/okio/okio/1.13.0/okio-1.13.0.jar:/home/user/.m2/repository/io/jaegertracing/jaeger-core/0.34.0/jaeger-core-0.34.0.jar:/home/user/.m2/repository/io/jaegertracing/jaeger-tracerresolver/0.34.0/jaeger-tracerresolver-0.34.0.jar:/home/user/.m2/repository/io/opentracing/contrib/opentracing-tracerresolver/0.1.5/opentracing-tracerresolver-0.1.5.jar:/home/user/.m2/repository/io/opentracing/opentracing-util/0.31.0/opentracing-util-0.31.0.jar:/home/user/.m2/repository/io/opentracing/opentracing-api/0.31.0/opentracing-api-0.31.0.jar:/home/user/.m2/repository/io/opentracing/opentracing-noop/0.31.0/opentracing-noop-0.31.0.jar:/home/user/.m2/repository/org/yaml/snakeyaml/1.16/snakeyaml-1.16.jar:/home/user/.m2/repository/org/apache/hadoop/hadoop-hdds-container-service/0.5.0-SNAPSHOT/hadoop-hdds-container-service-0.5.0-SNAPSHOT.jar:/home/user/.m2/repository/org/apache/hadoop/hadoop-hdds-client/0.5.0-SNAPSHOT/hadoop-hdds-client-0.5.0-SNAPSHOT.jar:/home/user/.m2/repository/org/apache/hadoop/hadoop-hdds-tools/0.5.0-SNAPSHOT/hadoop-hdds-tools-0.5.0-SNAPSHOT.jar:/home/user/.m2/repository/org/xerial/sqlite-jdbc/3.25.2/sqlite-jdbc-3.25.2.jar:/home/user/.m2/repository/org/apache/hadoop/hadoop-hdds-server-scm/0.5.0-SNAPSHOT/hadoop-hdds-server-scm-0.5.0-SNAPSHOT.jar:/home/user/.m2/repository/org/hamcrest/hamcrest-all/1.3/hamcrest-all-1.3.jar:/home/user/.m2/repository/info/picocli/picocli/3.9.6/picocli-3.9.6.jar:/home/user/.m2/repository/com/google/protobuf/protobuf-java/2.5.0/protobuf-java-2.5.0.jar:/home/user/.m2/repository/com/google/guava/guava/11.0.2/guava-11.0.2.jar:/home/user/.m2/repository/org/apache/hadoop/hadoop-ozone-client/0.5.0-SNAPSHOT/hadoop-ozone-client-0.5.0-SNAPSHOT.jar:/workdir/hadoop-ozone/ozonefs/target/classes:/home/user/.m2/repository/org/apache/hadoop/hadoop-hdds-server-framework/0.5.0-SNAPSHOT/hadoop-hdds-server-framework-0.5.0-SNAPSHOT.jar:/home/user/.m2/repository/org/apache/hadoop/hadoop-common/3.2.0/hadoop-common-3.2.0.jar:/home/user/.m2/repository/org/apache/hadoop/hadoop-annotations/3.2.0/hadoop-annotations-3.2.0.jar:/usr/lib/jvm/java-1.8-openjdk/jre/../lib/tools.jar:/home/user/.m2/repository/commons-cli/commons-cli/1.2/commons-cli-1.2.jar:/home/user/.m2/repository/org/apache/commons/commons-math3/3.1.1/commons-math3-3.1.1.jar:/home/user/.m2/repository/org/apache/httpcomponents/httpclient/4.5.2/httpclient-4.5.2.jar:/home/user/.m2/repository/org/apache/httpcomponents/httpcore/4.4.4/httpcore-4.4.4.jar:/home/user/.m2/repository/commons-codec/commons-codec/1.11/commons-codec-1.11.jar:/home/user/.m2/repository/commons-io/commons-io/2.5/commons-io-2.5.jar:/home/user/.m2/repository/commons-net/commons-net/3.6/commons-net-3.6.jar:/home/user/.m2/repository/commons-collections/commons-collections/3.2.2/commons-collections-3.2.2.jar:/home/user/.m2/repository/javax/servlet/javax.servlet-api/3.1.0/javax.servlet-api-3.1.0.jar:/home/user/.m2/repository/org/eclipse/jetty/jetty-server/9.3.25.v20180904/jetty-server-9.3.25.v20180904.jar:/home/user/.m2/repository/org/eclipse/jetty/jetty-http/9.3.25.v20180904/jetty-http-9.3.25.v20180904.jar:/home/user/.m2/repository/org/eclipse/jetty/jetty-io/9.3.25.v20180904/jetty-io-9.3.25.v20180904.jar:/home/user/.m2/repository/org/eclipse/jetty/jetty-util/9.3.25.v20180904/jetty-util-9.3.25.v20180904.jar:/home/user/.m2/repository/org/eclipse/jetty/jetty-servlet/9.3.25.v20180904/jetty-servlet-9.3.25.v20180904.jar:/home/user/.m2/repository/org/eclipse/jetty/jetty-security/9.3.25.v20180904/jetty-security-9.3.25.v20180904.jar:/home/user/.m2/repository/org/eclipse/jetty/jetty-webapp/9.3.25.v20180904/jetty-webapp-9.3.25.v20180904.jar:/home/user/.m2/repository/org/eclipse/jetty/jetty-xml/9.3.25.v20180904/jetty-xml-9.3.25.v20180904.jar:/home/user/.m2/repository/javax/servlet/jsp/jsp-api/2.1/jsp-api-2.1.jar:/home/user/.m2/repository/com/sun/jersey/jersey-core/1.19/jersey-core-1.19.jar:/home/user/.m2/repository/javax/ws/rs/jsr311-api/1.1.1/jsr311-api-1.1.1.jar:/home/user/.m2/repository/com/sun/jersey/jersey-servlet/1.19/jersey-servlet-1.19.jar:/home/user/.m2/repository/com/sun/jersey/jersey-json/1.19/jersey-json-1.19.jar:/home/user/.m2/repository/org/codehaus/jettison/jettison/1.1/jettison-1.1.jar:/home/user/.m2/repository/com/sun/xml/bind/jaxb-impl/2.3.0.1/jaxb-impl-2.3.0.1.jar:/home/user/.m2/repository/org/codehaus/jackson/jackson-core-asl/1.9.13/jackson-core-asl-1.9.13.jar:/home/user/.m2/repository/org/codehaus/jackson/jackson-mapper-asl/1.9.13/jackson-mapper-asl-1.9.13.jar:/home/user/.m2/repository/org/codehaus/jackson/jackson-jaxrs/1.9.13/jackson-jaxrs-1.9.13.jar:/home/user/.m2/repository/org/codehaus/jackson/jackson-xc/1.9.13/jackson-xc-1.9.13.jar:/home/user/.m2/repository/com/sun/jersey/jersey-server/1.19/jersey-server-1.19.jar:/home/user/.m2/repository/commons-logging/commons-logging/1.1.3/commons-logging-1.1.3.jar:/home/user/.m2/repository/log4j/log4j/1.2.17/log4j-1.2.17.jar:/home/user/.m2/repository/commons-beanutils/commons-beanutils/1.9.4/commons-beanutils-1.9.4.jar:/home/user/.m2/repository/org/apache/commons/commons-configuration2/2.1.1/commons-configuration2-2.1.1.jar:/home/user/.m2/repository/org/apache/commons/commons-lang3/3.7/commons-lang3-3.7.jar:/home/user/.m2/repository/org/apache/commons/commons-text/1.4/commons-text-1.4.jar:/home/user/.m2/repository/org/slf4j/slf4j-api/1.7.25/slf4j-api-1.7.25.jar:/home/user/.m2/repository/org/slf4j/slf4j-log4j12/1.7.25/slf4j-log4j12-1.7.25.jar:/home/user/.m2/repository/org/apache/avro/avro/1.7.7/avro-1.7.7.jar:/home/user/.m2/repository/com/thoughtworks/paranamer/paranamer/2.3/paranamer-2.3.jar:/home/user/.m2/repository/org/xerial/snappy/snappy-java/1.0.5/snappy-java-1.0.5.jar:/home/user/.m2/repository/com/google/re2j/re2j/1.1/re2j-1.1.jar:/home/user/.m2/repository/com/google/code/gson/gson/2.2.4/gson-2.2.4.jar:/home/user/.m2/repository/org/apache/hadoop/hadoop-auth/3.2.0/hadoop-auth-3.2.0.jar:/home/user/.m2/repository/com/nimbusds/nimbus-jose-jwt/4.41.1/nimbus-jose-jwt-4.41.1.jar:/home/user/.m2/repository/com/github/stephenc/jcip/jcip-annotations/1.0-1/jcip-annotations-1.0-1.jar:/home/user/.m2/repository/net/minidev/json-smart/2.3/json-smart-2.3.jar:/home/user/.m2/repository/net/minidev/accessors-smart/1.2/accessors-smart-1.2.jar:/home/user/.m2/repository/org/apache/curator/curator-framework/2.12.0/curator-framework-2.12.0.jar:/home/user/.m2/repository/com/jcraft/jsch/0.1.54/jsch-0.1.54.jar:/home/user/.m2/repository/org/apache/curator/curator-client/2.12.0/curator-client-2.12.0.jar:/home/user/.m2/repository/org/apache/curator/curator-recipes/2.12.0/curator-recipes-2.12.0.jar:/home/user/.m2/repository/com/google/code/findbugs/jsr305/3.0.0/jsr305-3.0.0.jar:/home/user/.m2/repository/org/apache/htrace/htrace-core4/4.1.0-incubating/htrace-core4-4.1.0-incubating.jar:/home/user/.m2/repository/org/apache/zookeeper/zookeeper/3.4.13/zookeeper-3.4.13.jar:/home/user/.m2/repository/jline/jline/0.9.94/jline-0.9.94.jar:/home/user/.m2/repository/org/apache/yetus/audience-annotations/0.5.0/audience-annotations-0.5.0.jar:/home/user/.m2/repository/org/apache/kerby/kerb-simplekdc/1.0.1/kerb-simplekdc-1.0.1.jar:/home/user/.m2/repository/org/apache/kerby/kerb-client/1.0.1/kerb-client-1.0.1.jar:/home/user/.m2/repository/org/apache/kerby/kerby-config/1.0.1/kerby-config-1.0.1.jar:/home/user/.m2/repository/org/apache/kerby/kerb-core/1.0.1/kerb-core-1.0.1.jar:/home/user/.m2/repository/org/apache/kerby/kerby-pkix/1.0.1/kerby-pkix-1.0.1.jar:/home/user/.m2/repository/org/apache/kerby/kerby-asn1/1.0.1/kerby-asn1-1.0.1.jar:/home/user/.m2/repository/org/apache/kerby/kerby-util/1.0.1/kerby-util-1.0.1.jar:/home/user/.m2/repository/org/apache/kerby/kerb-common/1.0.1/kerb-common-1.0.1.jar:/home/user/.m2/repository/org/apache/kerby/kerb-crypto/1.0.1/kerb-crypto-1.0.1.jar:/home/user/.m2/repository/org/apache/kerby/kerb-util/1.0.1/kerb-util-1.0.1.jar:/home/user/.m2/repository/org/apache/kerby/token-provider/1.0.1/token-provider-1.0.1.jar:/home/user/.m2/repository/org/apache/kerby/kerb-admin/1.0.1/kerb-admin-1.0.1.jar:/home/user/.m2/repository/org/apache/kerby/kerb-server/1.0.1/kerb-server-1.0.1.jar:/home/user/.m2/repository/org/apache/kerby/kerb-identity/1.0.1/kerb-identity-1.0.1.jar:/home/user/.m2/repository/org/apache/kerby/kerby-xdr/1.0.1/kerby-xdr-1.0.1.jar:/home/user/.m2/repository/com/fasterxml/jackson/core/jackson-databind/2.9.9/jackson-databind-2.9.9.jar:/home/user/.m2/repository/com/fasterxml/jackson/core/jackson-core/2.9.9/jackson-core-2.9.9.jar:/home/user/.m2/repository/org/codehaus/woodstox/stax2-api/3.1.4/stax2-api-3.1.4.jar:/home/user/.m2/repository/com/fasterxml/woodstox/woodstox-core/5.0.3/woodstox-core-5.0.3.jar:/home/user/.m2/repository/dnsjava/dnsjava/2.1.7/dnsjava-2.1.7.jar:/home/user/.m2/repository/org/apache/hadoop/hadoop-hdfs/3.2.0/hadoop-hdfs-3.2.0.jar:/home/user/.m2/repository/org/eclipse/jetty/jetty-util-ajax/9.3.25.v20180904/jetty-util-ajax-9.3.25.v20180904.jar:/home/user/.m2/repository/commons-daemon/commons-daemon/1.0.13/commons-daemon-1.0.13.jar:/home/user/.m2/repository/io/netty/netty/3.10.5.Final/netty-3.10.5.Final.jar:/home/user/.m2/repository/io/netty/netty-all/4.0.52.Final/netty-all-4.0.52.Final.jar:/home/user/.m2/repository/org/fusesource/leveldbjni/leveldbjni-all/1.8/leveldbjni-all-1.8.jar:/home/user/.m2/repository/com/sun/xml/bind/jaxb-core/2.3.0.1/jaxb-core-2.3.0.1.jar:/home/user/.m2/repository/javax/xml/bind/jaxb-api/2.3.0/jaxb-api-2.3.0.jar:/home/user/.m2/repository/javax/activation/activation/1.1.1/activation-1.1.1.jar:/home/user/.m2/repository/io/dropwizard/metrics/metrics-core/3.2.4/metrics-core-3.2.4.jar:/home/user/.m2/repository/org/openjdk/jmh/jmh-core/1.19/jmh-core-1.19.jar:/home/user/.m2/repository/net/sf/jopt-simple/jopt-simple/4.6/jopt-simple-4.6.jar:/home/user/.m2/repository/org/openjdk/jmh/jmh-generator-annprocess/1.19/jmh-generator-annprocess-1.19.jar:/home/user/.m2/repository/com/amazonaws/aws-java-sdk-s3/1.11.615/aws-java-sdk-s3-1.11.615.jar:/home/user/.m2/repository/com/amazonaws/aws-java-sdk-kms/1.11.615/aws-java-sdk-kms-1.11.615.jar:/home/user/.m2/repository/com/amazonaws/aws-java-sdk-core/1.11.615/aws-java-sdk-core-1.11.615.jar:/home/user/.m2/repository/software/amazon/ion/ion-java/1.0.2/ion-java-1.0.2.jar:/home/user/.m2/repository/com/fasterxml/jackson/dataformat/jackson-dataformat-cbor/2.9.9/jackson-dataformat-cbor-2.9.9.jar:/home/user/.m2/repository/joda-time/joda-time/2.9.9/joda-time-2.9.9.jar:/home/user/.m2/repository/com/amazonaws/jmespath-java/1.11.615/jmespath-java-1.11.615.jar:/home/user/.m2/repository/com/google/code/findbugs/findbugs/3.0.1/findbugs-3.0.1.jar:/home/user/.m2/repository/net/jcip/jcip-annotations/1.0/jcip-annotations-1.0.jar:/home/user/.m2/repository/com/google/code/findbugs/bcel-findbugs/6.0/bcel-findbugs-6.0.jar:/home/user/.m2/repository/com/google/code/findbugs/jFormatString/2.0.1/jFormatString-2.0.1.jar:/home/user/.m2/repository/dom4j/dom4j/1.6.1/dom4j-1.6.1.jar:/home/user/.m2/repository/xml-apis/xml-apis/1.0.b2/xml-apis-1.0.b2.jar:/home/user/.m2/repository/org/ow2/asm/asm-debug-all/5.0.2/asm-debug-all-5.0.2.jar:/home/user/.m2/repository/org/ow2/asm/asm-commons/5.0.2/asm-commons-5.0.2.jar:/home/user/.m2/repository/org/ow2/asm/asm-tree/5.0.2/asm-tree-5.0.2.jar:/home/user/.m2/repository/org/ow2/asm/asm/5.0.4/asm-5.0.4.jar:/home/user/.m2/repository/commons-lang/commons-lang/2.6/commons-lang-2.6.jar:/home/user/.m2/repository/com/apple/AppleJavaExtensions/1.4/AppleJavaExtensions-1.4.jar:/home/user/.m2/repository/jaxen/jaxen/1.1.6/jaxen-1.1.6.jar:/home/user/.m2/repository/junit/junit/4.11/junit-4.11.jar:/home/user/.m2/repository/org/hamcrest/hamcrest-core/1.3/hamcrest-core-1.3.jar:/home/user/.m2/repository/org/apache/hadoop/hadoop-common/3.2.0/hadoop-common-3.2.0-tests.jar:/workdir/hadoop-ozone/integration-test/target/test-classes:/home/user/.m2/repository/org/apache/hadoop/hadoop-ozone-s3gateway/0.5.0-SNAPSHOT/hadoop-ozone-s3gateway-0.5.0-SNAPSHOT.jar:/home/user/.m2/repository/org/jboss/weld/servlet/weld-servlet/2.4.7.Final/weld-servlet-2.4.7.Final.jar:/home/user/.m2/repository/org/glassfish/jersey/containers/jersey-container-servlet-core/2.27/jersey-container-servlet-core-2.27.jar:/home/user/.m2/repository/org/glassfish/hk2/external/javax.inject/2.5.0-b42/javax.inject-2.5.0-b42.jar:/home/user/.m2/repository/org/glassfish/jersey/core/jersey-common/2.27/jersey-common-2.27.jar:/home/user/.m2/repository/org/glassfish/hk2/osgi-resource-locator/1.0.1/osgi-resource-locator-1.0.1.jar:/home/user/.m2/repository/javax/ws/rs/javax.ws.rs-api/2.1/javax.ws.rs-api-2.1.jar:/home/user/.m2/repository/org/glassfish/jersey/ext/cdi/jersey-cdi1x/2.27/jersey-cdi1x-2.27.jar:/home/user/.m2/repository/org/glassfish/jersey/inject/jersey-hk2/2.27/jersey-hk2-2.27.jar:/home/user/.m2/repository/org/glassfish/hk2/hk2-locator/2.5.0-b42/hk2-locator-2.5.0-b42.jar:/home/user/.m2/repository/org/javassist/javassist/3.22.0-CR2/javassist-3.22.0-CR2.jar:/home/user/.m2/repository/org/glassfish/hk2/hk2-api/2.5.0/hk2-api-2.5.0.jar:/home/user/.m2/repository/org/glassfish/hk2/external/jakarta.inject/2.5.0/jakarta.inject-2.5.0.jar:/home/user/.m2/repository/org/glassfish/hk2/hk2-utils/2.5.0/hk2-utils-2.5.0.jar:/home/user/.m2/repository/jakarta/annotation/jakarta.annotation-api/1.3.4/jakarta.annotation-api-1.3.4.jar:/home/user/.m2/repository/org/glassfish/hk2/external/aopalliance-repackaged/2.5.0/aopalliance-repackaged-2.5.0.jar:/home/user/.m2/repository/com/fasterxml/jackson/dataformat/jackson-dataformat-xml/2.9.0/jackson-dataformat-xml-2.9.0.jar:/home/user/.m2/repository/com/fasterxml/jackson/module/jackson-module-jaxb-annotations/2.9.9/jackson-module-jaxb-annotations-2.9.9.jar:/home/user/.m2/repository/javax/enterprise/cdi-api/1.2/cdi-api-1.2.jar:/home/user/.m2/repository/javax/el/javax.el-api/3.0.0/javax.el-api-3.0.0.jar:/home/user/.m2/repository/javax/interceptor/javax.interceptor-api/1.2/javax.interceptor-api-1.2.jar:/home/user/.m2/repository/javax/inject/javax.inject/1/javax.inject-1.jar:/home/user/.m2/repository/org/apache/hadoop/hadoop-ozone-csi/0.5.0-SNAPSHOT/hadoop-ozone-csi-0.5.0-SNAPSHOT.jar:/home/user/.m2/repository/com/google/protobuf/protobuf-java-util/3.5.1/protobuf-java-util-3.5.1.jar:/home/user/.m2/repository/io/grpc/grpc-netty/1.17.1/grpc-netty-1.17.1.jar:/home/user/.m2/repository/io/grpc/grpc-core/1.17.1/grpc-core-1.17.1.jar:/home/user/.m2/repository/io/grpc/grpc-context/1.17.1/grpc-context-1.17.1.jar:/home/user/.m2/repository/com/google/errorprone/error_prone_annotations/2.2.0/error_prone_annotations-2.2.0.jar:/home/user/.m2/repository/org/codehaus/mojo/animal-sniffer-annotations/1.17/animal-sniffer-annotations-1.17.jar:/home/user/.m2/repository/io/opencensus/opencensus-api/0.17.0/opencensus-api-0.17.0.jar:/home/user/.m2/repository/io/opencensus/opencensus-contrib-grpc-metrics/0.17.0/opencensus-contrib-grpc-metrics-0.17.0.jar:/home/user/.m2/repository/io/netty/netty-codec-http2/4.1.30.Final/netty-codec-http2-4.1.30.Final.jar:/home/user/.m2/repository/io/netty/netty-codec-http/4.1.30.Final/netty-codec-http-4.1.30.Final.jar:/home/user/.m2/repository/io/netty/netty-codec/4.1.30.Final/netty-codec-4.1.30.Final.jar:/home/user/.m2/repository/io/netty/netty-handler/4.1.30.Final/netty-handler-4.1.30.Final.jar:/home/user/.m2/repository/io/netty/netty-handler-proxy/4.1.30.Final/netty-handler-proxy-4.1.30.Final.jar:/home/user/.m2/repository/io/netty/netty-codec-socks/4.1.30.Final/netty-codec-socks-4.1.30.Final.jar:/home/user/.m2/repository/io/netty/netty-transport-native-epoll/4.1.30.Final/netty-transport-native-epoll-4.1.30.Final.jar:/home/user/.m2/repository/io/netty/netty-common/4.1.30.Final/netty-common-4.1.30.Final.jar:/home/user/.m2/repository/io/netty/netty-buffer/4.1.30.Final/netty-buffer-4.1.30.Final.jar:/home/user/.m2/repository/io/netty/netty-transport/4.1.30.Final/netty-transport-4.1.30.Final.jar:/home/user/.m2/repository/io/netty/netty-resolver/4.1.30.Final/netty-resolver-4.1.30.Final.jar:/home/user/.m2/repository/io/netty/netty-transport-native-unix-common/4.1.30.Final/netty-transport-native-unix-common-4.1.30.Final.jar:/home/user/.m2/repository/io/grpc/grpc-protobuf/1.17.1/grpc-protobuf-1.17.1.jar:/home/user/.m2/repository/com/google/api/grpc/proto-google-common-protos/1.0.0/proto-google-common-protos-1.0.0.jar:/home/user/.m2/repository/io/grpc/grpc-protobuf-lite/1.17.1/grpc-protobuf-lite-1.17.1.jar:/home/user/.m2/repository/io/grpc/grpc-stub/1.17.1/grpc-stub-1.17.1.jar:/home/user/.m2/repository/org/apache/hadoop/hadoop-ozone-recon/0.5.0-SNAPSHOT/hadoop-ozone-recon-0.5.0-SNAPSHOT.jar:/home/user/.m2/repository/org/apache/hadoop/hadoop-ozone-reconcodegen/0.5.0-SNAPSHOT/hadoop-ozone-reconcodegen-0.5.0-SNAPSHOT.jar:/home/user/.m2/repository/com/google/inject/extensions/guice-multibindings/4.0/guice-multibindings-4.0.jar:/home/user/.m2/repository/com/google/inject/guice/4.0/guice-4.0.jar:/home/user/.m2/repository/aopalliance/aopalliance/1.0/aopalliance-1.0.jar:/home/user/.m2/repository/com/google/inject/extensions/guice-servlet/4.0/guice-servlet-4.0.jar:/home/user/.m2/repository/org/glassfish/jersey/containers/jersey-container-servlet/2.27/jersey-container-servlet-2.27.jar:/home/user/.m2/repository/org/glassfish/hk2/guice-bridge/2.5.0/guice-bridge-2.5.0.jar:/home/user/.m2/repository/org/glassfish/jersey/core/jersey-server/2.27/jersey-server-2.27.jar:/home/user/.m2/repository/org/glassfish/jersey/core/jersey-client/2.27/jersey-client-2.27.jar:/home/user/.m2/repository/org/glassfish/jersey/media/jersey-media-jaxb/2.27/jersey-media-jaxb-2.27.jar:/home/user/.m2/repository/javax/validation/validation-api/1.1.0.Final/validation-api-1.1.0.Final.jar:/home/user/.m2/repository/org/glassfish/jersey/media/jersey-media-json-jackson/2.27/jersey-media-json-jackson-2.27.jar:/home/user/.m2/repository/org/glassfish/jersey/ext/jersey-entity-filtering/2.27/jersey-entity-filtering-2.27.jar:/home/user/.m2/repository/com/google/inject/extensions/guice-assistedinject/4.0/guice-assistedinject-4.0.jar:/home/user/.m2/repository/org/jooq/jooq/3.11.10/jooq-3.11.10.jar:/home/user/.m2/repository/org/jooq/jooq-meta/3.11.10/jooq-meta-3.11.10.jar:/home/user/.m2/repository/org/jooq/jooq-codegen/3.11.10/jooq-codegen-3.11.10.jar:/home/user/.m2/repository/com/jolbox/bonecp/0.8.0.RELEASE/bonecp-0.8.0.RELEASE.jar:/home/user/.m2/repository/org/springframework/spring-jdbc/5.1.3.RELEASE/spring-jdbc-5.1.3.RELEASE.jar:/home/user/.m2/repository/org/springframework/spring-beans/5.1.3.RELEASE/spring-beans-5.1.3.RELEASE.jar:/home/user/.m2/repository/org/springframework/spring-core/5.1.3.RELEASE/spring-core-5.1.3.RELEASE.jar:/home/user/.m2/repository/org/springframework/spring-jcl/5.1.3.RELEASE/spring-jcl-5.1.3.RELEASE.jar:/home/user/.m2/repository/org/springframework/spring-tx/5.1.3.RELEASE/spring-tx-5.1.3.RELEASE.jar:/home/user/.m2/repository/org/mockito/mockito-core/2.15.0/mockito-core-2.15.0.jar:/home/user/.m2/repository/net/bytebuddy/byte-buddy/1.7.9/byte-buddy-1.7.9.jar:/home/user/.m2/repository/net/bytebuddy/byte-buddy-agent/1.7.9/byte-buddy-agent-1.7.9.jar:/home/user/.m2/repository/org/objenesis/objenesis/1.0/objenesis-1.0.jar:"/>
    <property name="java.vm.vendor" value="IcedTea"/>
    <property name="sun.arch.data.model" value="64"/>
    <property name="test.build.dir" value="/workdir/hadoop-ozone/tools/target/test-dir"/>
    <property name="test.cache.data" value=""/>
    <property name="java.vendor.url" value="https://icedtea.classpath.org"/>
    <property name="user.timezone" value=""/>
    <property name="java.vm.specification.version" value="1.8"/>
    <property name="os.name" value="Linux"/>
    <property name="test.build.data" value="/workdir/hadoop-ozone/tools/target/test-dir"/>
    <property name="user.country" value="US"/>
    <property name="sun.java.launcher" value="SUN_STANDARD"/>
    <property name="sun.boot.library.path" value="/usr/lib/jvm/java-1.8-openjdk/jre/lib/amd64"/>
    <property name="sun.java.command" value="/workdir/hadoop-ozone/tools/target/surefire/surefirebooter7044302733789733246.jar /workdir/hadoop-ozone/tools/target/surefire 2019-09-25T03-16-05_214-jvmRun1 surefire7837649089590541710tmp surefire_1108324577902371960153tmp"/>
    <property name="test" value="!TestMiniChaosOzoneCluster"/>
    <property name="surefire.test.class.path" value="/workdir/hadoop-ozone/tools/target/test-classes:/workdir/hadoop-ozone/tools/target/classes:/home/user/.m2/repository/org/apache/hadoop/hadoop-ozone-ozone-manager/0.5.0-SNAPSHOT/hadoop-ozone-ozone-manager-0.5.0-SNAPSHOT.jar:/home/user/.m2/repository/org/apache/hadoop/hadoop-hdds-docs/0.5.0-SNAPSHOT/hadoop-hdds-docs-0.5.0-SNAPSHOT.jar:/home/user/.m2/repository/org/bouncycastle/bcprov-jdk15on/1.60/bcprov-jdk15on-1.60.jar:/home/user/.m2/repository/org/apache/hadoop/hadoop-ozone-common/0.5.0-SNAPSHOT/hadoop-ozone-common-0.5.0-SNAPSHOT.jar:/home/user/.m2/repository/org/apache/commons/commons-compress/1.4.1/commons-compress-1.4.1.jar:/home/user/.m2/repository/org/tukaani/xz/1.0/xz-1.0.jar:/home/user/.m2/repository/org/apache/hadoop/hadoop-hdfs-client/3.2.0/hadoop-hdfs-client-3.2.0.jar:/home/user/.m2/repository/com/fasterxml/jackson/core/jackson-annotations/2.9.9/jackson-annotations-2.9.9.jar:/home/user/.m2/repository/org/apache/hadoop/hadoop-hdds-common/0.5.0-SNAPSHOT/hadoop-hdds-common-0.5.0-SNAPSHOT.jar:/home/user/.m2/repository/org/apache/hadoop/hadoop-hdds-config/0.5.0-SNAPSHOT/hadoop-hdds-config-0.5.0-SNAPSHOT.jar:/home/user/.m2/repository/javax/annotation/javax.annotation-api/1.2/javax.annotation-api-1.2.jar:/home/user/.m2/repository/org/apache/ratis/ratis-server/0.4.0/ratis-server-0.4.0.jar:/home/user/.m2/repository/org/apache/ratis/ratis-thirdparty-misc/0.2.0/ratis-thirdparty-misc-0.2.0.jar:/home/user/.m2/repository/org/apache/ratis/ratis-proto/0.4.0/ratis-proto-0.4.0.jar:/home/user/.m2/repository/org/apache/ratis/ratis-common/0.4.0/ratis-common-0.4.0.jar:/home/user/.m2/repository/org/apache/ratis/ratis-client/0.4.0/ratis-client-0.4.0.jar:/home/user/.m2/repository/org/apache/ratis/ratis-metrics/0.4.0/ratis-metrics-0.4.0.jar:/home/user/.m2/repository/com/github/joshelser/dropwizard-metrics-hadoop-metrics2-reporter/0.1.2/dropwizard-metrics-hadoop-metrics2-reporter-0.1.2.jar:/home/user/.m2/repository/io/dropwizard/metrics/metrics-jvm/3.2.5/metrics-jvm-3.2.5.jar:/home/user/.m2/repository/io/dropwizard/metrics/metrics-ganglia/3.2.5/metrics-ganglia-3.2.5.jar:/home/user/.m2/repository/info/ganglia/gmetric4j/gmetric4j/1.0.7/gmetric4j-1.0.7.jar:/home/user/.m2/repository/org/apache/ratis/ratis-netty/0.4.0/ratis-netty-0.4.0.jar:/home/user/.m2/repository/org/apache/ratis/ratis-grpc/0.4.0/ratis-grpc-0.4.0.jar:/home/user/.m2/repository/org/rocksdb/rocksdbjni/6.0.1/rocksdbjni-6.0.1.jar:/home/user/.m2/repository/org/apache/logging/log4j/log4j-api/2.11.0/log4j-api-2.11.0.jar:/home/user/.m2/repository/org/apache/logging/log4j/log4j-core/2.11.0/log4j-core-2.11.0.jar:/home/user/.m2/repository/com/lmax/disruptor/3.4.2/disruptor-3.4.2.jar:/home/user/.m2/repository/org/apache/commons/commons-pool2/2.6.0/commons-pool2-2.6.0.jar:/home/user/.m2/repository/org/bouncycastle/bcpkix-jdk15on/1.60/bcpkix-jdk15on-1.60.jar:/home/user/.m2/repository/commons-validator/commons-validator/1.6/commons-validator-1.6.jar:/home/user/.m2/repository/commons-digester/commons-digester/1.8.1/commons-digester-1.8.1.jar:/home/user/.m2/repository/io/jaegertracing/jaeger-client/0.34.0/jaeger-client-0.34.0.jar:/home/user/.m2/repository/io/jaegertracing/jaeger-thrift/0.34.0/jaeger-thrift-0.34.0.jar:/home/user/.m2/repository/org/apache/thrift/libthrift/0.12.0/libthrift-0.12.0.jar:/home/user/.m2/repository/com/squareup/okhttp3/okhttp/3.9.0/okhttp-3.9.0.jar:/home/user/.m2/repository/com/squareup/okio/okio/1.13.0/okio-1.13.0.jar:/home/user/.m2/repository/io/jaegertracing/jaeger-core/0.34.0/jaeger-core-0.34.0.jar:/home/user/.m2/repository/io/jaegertracing/jaeger-tracerresolver/0.34.0/jaeger-tracerresolver-0.34.0.jar:/home/user/.m2/repository/io/opentracing/contrib/opentracing-tracerresolver/0.1.5/opentracing-tracerresolver-0.1.5.jar:/home/user/.m2/repository/io/opentracing/opentracing-util/0.31.0/opentracing-util-0.31.0.jar:/home/user/.m2/repository/io/opentracing/opentracing-api/0.31.0/opentracing-api-0.31.0.jar:/home/user/.m2/repository/io/opentracing/opentracing-noop/0.31.0/opentracing-noop-0.31.0.jar:/home/user/.m2/repository/org/yaml/snakeyaml/1.16/snakeyaml-1.16.jar:/home/user/.m2/repository/org/apache/hadoop/hadoop-hdds-container-service/0.5.0-SNAPSHOT/hadoop-hdds-container-service-0.5.0-SNAPSHOT.jar:/home/user/.m2/repository/org/apache/hadoop/hadoop-hdds-client/0.5.0-SNAPSHOT/hadoop-hdds-client-0.5.0-SNAPSHOT.jar:/home/user/.m2/repository/org/apache/hadoop/hadoop-hdds-tools/0.5.0-SNAPSHOT/hadoop-hdds-tools-0.5.0-SNAPSHOT.jar:/home/user/.m2/repository/org/xerial/sqlite-jdbc/3.25.2/sqlite-jdbc-3.25.2.jar:/home/user/.m2/repository/org/apache/hadoop/hadoop-hdds-server-scm/0.5.0-SNAPSHOT/hadoop-hdds-server-scm-0.5.0-SNAPSHOT.jar:/home/user/.m2/repository/org/hamcrest/hamcrest-all/1.3/hamcrest-all-1.3.jar:/home/user/.m2/repository/info/picocli/picocli/3.9.6/picocli-3.9.6.jar:/home/user/.m2/repository/com/google/protobuf/protobuf-java/2.5.0/protobuf-java-2.5.0.jar:/home/user/.m2/repository/com/google/guava/guava/11.0.2/guava-11.0.2.jar:/home/user/.m2/repository/org/apache/hadoop/hadoop-ozone-client/0.5.0-SNAPSHOT/hadoop-ozone-client-0.5.0-SNAPSHOT.jar:/workdir/hadoop-ozone/ozonefs/target/classes:/home/user/.m2/repository/org/apache/hadoop/hadoop-hdds-server-framework/0.5.0-SNAPSHOT/hadoop-hdds-server-framework-0.5.0-SNAPSHOT.jar:/home/user/.m2/repository/org/apache/hadoop/hadoop-common/3.2.0/hadoop-common-3.2.0.jar:/home/user/.m2/repository/org/apache/hadoop/hadoop-annotations/3.2.0/hadoop-annotations-3.2.0.jar:/usr/lib/jvm/java-1.8-openjdk/jre/../lib/tools.jar:/home/user/.m2/repository/commons-cli/commons-cli/1.2/commons-cli-1.2.jar:/home/user/.m2/repository/org/apache/commons/commons-math3/3.1.1/commons-math3-3.1.1.jar:/home/user/.m2/repository/org/apache/httpcomponents/httpclient/4.5.2/httpclient-4.5.2.jar:/home/user/.m2/repository/org/apache/httpcomponents/httpcore/4.4.4/httpcore-4.4.4.jar:/home/user/.m2/repository/commons-codec/commons-codec/1.11/commons-codec-1.11.jar:/home/user/.m2/repository/commons-io/commons-io/2.5/commons-io-2.5.jar:/home/user/.m2/repository/commons-net/commons-net/3.6/commons-net-3.6.jar:/home/user/.m2/repository/commons-collections/commons-collections/3.2.2/commons-collections-3.2.2.jar:/home/user/.m2/repository/javax/servlet/javax.servlet-api/3.1.0/javax.servlet-api-3.1.0.jar:/home/user/.m2/repository/org/eclipse/jetty/jetty-server/9.3.25.v20180904/jetty-server-9.3.25.v20180904.jar:/home/user/.m2/repository/org/eclipse/jetty/jetty-http/9.3.25.v20180904/jetty-http-9.3.25.v20180904.jar:/home/user/.m2/repository/org/eclipse/jetty/jetty-io/9.3.25.v20180904/jetty-io-9.3.25.v20180904.jar:/home/user/.m2/repository/org/eclipse/jetty/jetty-util/9.3.25.v20180904/jetty-util-9.3.25.v20180904.jar:/home/user/.m2/repository/org/eclipse/jetty/jetty-servlet/9.3.25.v20180904/jetty-servlet-9.3.25.v20180904.jar:/home/user/.m2/repository/org/eclipse/jetty/jetty-security/9.3.25.v20180904/jetty-security-9.3.25.v20180904.jar:/home/user/.m2/repository/org/eclipse/jetty/jetty-webapp/9.3.25.v20180904/jetty-webapp-9.3.25.v20180904.jar:/home/user/.m2/repository/org/eclipse/jetty/jetty-xml/9.3.25.v20180904/jetty-xml-9.3.25.v20180904.jar:/home/user/.m2/repository/javax/servlet/jsp/jsp-api/2.1/jsp-api-2.1.jar:/home/user/.m2/repository/com/sun/jersey/jersey-core/1.19/jersey-core-1.19.jar:/home/user/.m2/repository/javax/ws/rs/jsr311-api/1.1.1/jsr311-api-1.1.1.jar:/home/user/.m2/repository/com/sun/jersey/jersey-servlet/1.19/jersey-servlet-1.19.jar:/home/user/.m2/repository/com/sun/jersey/jersey-json/1.19/jersey-json-1.19.jar:/home/user/.m2/repository/org/codehaus/jettison/jettison/1.1/jettison-1.1.jar:/home/user/.m2/repository/com/sun/xml/bind/jaxb-impl/2.3.0.1/jaxb-impl-2.3.0.1.jar:/home/user/.m2/repository/org/codehaus/jackson/jackson-core-asl/1.9.13/jackson-core-asl-1.9.13.jar:/home/user/.m2/repository/org/codehaus/jackson/jackson-mapper-asl/1.9.13/jackson-mapper-asl-1.9.13.jar:/home/user/.m2/repository/org/codehaus/jackson/jackson-jaxrs/1.9.13/jackson-jaxrs-1.9.13.jar:/home/user/.m2/repository/org/codehaus/jackson/jackson-xc/1.9.13/jackson-xc-1.9.13.jar:/home/user/.m2/repository/com/sun/jersey/jersey-server/1.19/jersey-server-1.19.jar:/home/user/.m2/repository/commons-logging/commons-logging/1.1.3/commons-logging-1.1.3.jar:/home/user/.m2/repository/log4j/log4j/1.2.17/log4j-1.2.17.jar:/home/user/.m2/repository/commons-beanutils/commons-beanutils/1.9.4/commons-beanutils-1.9.4.jar:/home/user/.m2/repository/org/apache/commons/commons-configuration2/2.1.1/commons-configuration2-2.1.1.jar:/home/user/.m2/repository/org/apache/commons/commons-lang3/3.7/commons-lang3-3.7.jar:/home/user/.m2/repository/org/apache/commons/commons-text/1.4/commons-text-1.4.jar:/home/user/.m2/repository/org/slf4j/slf4j-api/1.7.25/slf4j-api-1.7.25.jar:/home/user/.m2/repository/org/slf4j/slf4j-log4j12/1.7.25/slf4j-log4j12-1.7.25.jar:/home/user/.m2/repository/org/apache/avro/avro/1.7.7/avro-1.7.7.jar:/home/user/.m2/repository/com/thoughtworks/paranamer/paranamer/2.3/paranamer-2.3.jar:/home/user/.m2/repository/org/xerial/snappy/snappy-java/1.0.5/snappy-java-1.0.5.jar:/home/user/.m2/repository/com/google/re2j/re2j/1.1/re2j-1.1.jar:/home/user/.m2/repository/com/google/code/gson/gson/2.2.4/gson-2.2.4.jar:/home/user/.m2/repository/org/apache/hadoop/hadoop-auth/3.2.0/hadoop-auth-3.2.0.jar:/home/user/.m2/repository/com/nimbusds/nimbus-jose-jwt/4.41.1/nimbus-jose-jwt-4.41.1.jar:/home/user/.m2/repository/com/github/stephenc/jcip/jcip-annotations/1.0-1/jcip-annotations-1.0-1.jar:/home/user/.m2/repository/net/minidev/json-smart/2.3/json-smart-2.3.jar:/home/user/.m2/repository/net/minidev/accessors-smart/1.2/accessors-smart-1.2.jar:/home/user/.m2/repository/org/apache/curator/curator-framework/2.12.0/curator-framework-2.12.0.jar:/home/user/.m2/repository/com/jcraft/jsch/0.1.54/jsch-0.1.54.jar:/home/user/.m2/repository/org/apache/curator/curator-client/2.12.0/curator-client-2.12.0.jar:/home/user/.m2/repository/org/apache/curator/curator-recipes/2.12.0/curator-recipes-2.12.0.jar:/home/user/.m2/repository/com/google/code/findbugs/jsr305/3.0.0/jsr305-3.0.0.jar:/home/user/.m2/repository/org/apache/htrace/htrace-core4/4.1.0-incubating/htrace-core4-4.1.0-incubating.jar:/home/user/.m2/repository/org/apache/zookeeper/zookeeper/3.4.13/zookeeper-3.4.13.jar:/home/user/.m2/repository/jline/jline/0.9.94/jline-0.9.94.jar:/home/user/.m2/repository/org/apache/yetus/audience-annotations/0.5.0/audience-annotations-0.5.0.jar:/home/user/.m2/repository/org/apache/kerby/kerb-simplekdc/1.0.1/kerb-simplekdc-1.0.1.jar:/home/user/.m2/repository/org/apache/kerby/kerb-client/1.0.1/kerb-client-1.0.1.jar:/home/user/.m2/repository/org/apache/kerby/kerby-config/1.0.1/kerby-config-1.0.1.jar:/home/user/.m2/repository/org/apache/kerby/kerb-core/1.0.1/kerb-core-1.0.1.jar:/home/user/.m2/repository/org/apache/kerby/kerby-pkix/1.0.1/kerby-pkix-1.0.1.jar:/home/user/.m2/repository/org/apache/kerby/kerby-asn1/1.0.1/kerby-asn1-1.0.1.jar:/home/user/.m2/repository/org/apache/kerby/kerby-util/1.0.1/kerby-util-1.0.1.jar:/home/user/.m2/repository/org/apache/kerby/kerb-common/1.0.1/kerb-common-1.0.1.jar:/home/user/.m2/repository/org/apache/kerby/kerb-crypto/1.0.1/kerb-crypto-1.0.1.jar:/home/user/.m2/repository/org/apache/kerby/kerb-util/1.0.1/kerb-util-1.0.1.jar:/home/user/.m2/repository/org/apache/kerby/token-provider/1.0.1/token-provider-1.0.1.jar:/home/user/.m2/repository/org/apache/kerby/kerb-admin/1.0.1/kerb-admin-1.0.1.jar:/home/user/.m2/repository/org/apache/kerby/kerb-server/1.0.1/kerb-server-1.0.1.jar:/home/user/.m2/repository/org/apache/kerby/kerb-identity/1.0.1/kerb-identity-1.0.1.jar:/home/user/.m2/repository/org/apache/kerby/kerby-xdr/1.0.1/kerby-xdr-1.0.1.jar:/home/user/.m2/repository/com/fasterxml/jackson/core/jackson-databind/2.9.9/jackson-databind-2.9.9.jar:/home/user/.m2/repository/com/fasterxml/jackson/core/jackson-core/2.9.9/jackson-core-2.9.9.jar:/home/user/.m2/repository/org/codehaus/woodstox/stax2-api/3.1.4/stax2-api-3.1.4.jar:/home/user/.m2/repository/com/fasterxml/woodstox/woodstox-core/5.0.3/woodstox-core-5.0.3.jar:/home/user/.m2/repository/dnsjava/dnsjava/2.1.7/dnsjava-2.1.7.jar:/home/user/.m2/repository/org/apache/hadoop/hadoop-hdfs/3.2.0/hadoop-hdfs-3.2.0.jar:/home/user/.m2/repository/org/eclipse/jetty/jetty-util-ajax/9.3.25.v20180904/jetty-util-ajax-9.3.25.v20180904.jar:/home/user/.m2/repository/commons-daemon/commons-daemon/1.0.13/commons-daemon-1.0.13.jar:/home/user/.m2/repository/io/netty/netty/3.10.5.Final/netty-3.10.5.Final.jar:/home/user/.m2/repository/io/netty/netty-all/4.0.52.Final/netty-all-4.0.52.Final.jar:/home/user/.m2/repository/org/fusesource/leveldbjni/leveldbjni-all/1.8/leveldbjni-all-1.8.jar:/home/user/.m2/repository/com/sun/xml/bind/jaxb-core/2.3.0.1/jaxb-core-2.3.0.1.jar:/home/user/.m2/repository/javax/xml/bind/jaxb-api/2.3.0/jaxb-api-2.3.0.jar:/home/user/.m2/repository/javax/activation/activation/1.1.1/activation-1.1.1.jar:/home/user/.m2/repository/io/dropwizard/metrics/metrics-core/3.2.4/metrics-core-3.2.4.jar:/home/user/.m2/repository/org/openjdk/jmh/jmh-core/1.19/jmh-core-1.19.jar:/home/user/.m2/repository/net/sf/jopt-simple/jopt-simple/4.6/jopt-simple-4.6.jar:/home/user/.m2/repository/org/openjdk/jmh/jmh-generator-annprocess/1.19/jmh-generator-annprocess-1.19.jar:/home/user/.m2/repository/com/amazonaws/aws-java-sdk-s3/1.11.615/aws-java-sdk-s3-1.11.615.jar:/home/user/.m2/repository/com/amazonaws/aws-java-sdk-kms/1.11.615/aws-java-sdk-kms-1.11.615.jar:/home/user/.m2/repository/com/amazonaws/aws-java-sdk-core/1.11.615/aws-java-sdk-core-1.11.615.jar:/home/user/.m2/repository/software/amazon/ion/ion-java/1.0.2/ion-java-1.0.2.jar:/home/user/.m2/repository/com/fasterxml/jackson/dataformat/jackson-dataformat-cbor/2.9.9/jackson-dataformat-cbor-2.9.9.jar:/home/user/.m2/repository/joda-time/joda-time/2.9.9/joda-time-2.9.9.jar:/home/user/.m2/repository/com/amazonaws/jmespath-java/1.11.615/jmespath-java-1.11.615.jar:/home/user/.m2/repository/com/google/code/findbugs/findbugs/3.0.1/findbugs-3.0.1.jar:/home/user/.m2/repository/net/jcip/jcip-annotations/1.0/jcip-annotations-1.0.jar:/home/user/.m2/repository/com/google/code/findbugs/bcel-findbugs/6.0/bcel-findbugs-6.0.jar:/home/user/.m2/repository/com/google/code/findbugs/jFormatString/2.0.1/jFormatString-2.0.1.jar:/home/user/.m2/repository/dom4j/dom4j/1.6.1/dom4j-1.6.1.jar:/home/user/.m2/repository/xml-apis/xml-apis/1.0.b2/xml-apis-1.0.b2.jar:/home/user/.m2/repository/org/ow2/asm/asm-debug-all/5.0.2/asm-debug-all-5.0.2.jar:/home/user/.m2/repository/org/ow2/asm/asm-commons/5.0.2/asm-commons-5.0.2.jar:/home/user/.m2/repository/org/ow2/asm/asm-tree/5.0.2/asm-tree-5.0.2.jar:/home/user/.m2/repository/org/ow2/asm/asm/5.0.4/asm-5.0.4.jar:/home/user/.m2/repository/commons-lang/commons-lang/2.6/commons-lang-2.6.jar:/home/user/.m2/repository/com/apple/AppleJavaExtensions/1.4/AppleJavaExtensions-1.4.jar:/home/user/.m2/repository/jaxen/jaxen/1.1.6/jaxen-1.1.6.jar:/home/user/.m2/repository/junit/junit/4.11/junit-4.11.jar:/home/user/.m2/repository/org/hamcrest/hamcrest-core/1.3/hamcrest-core-1.3.jar:/home/user/.m2/repository/org/apache/hadoop/hadoop-common/3.2.0/hadoop-common-3.2.0-tests.jar:/workdir/hadoop-ozone/integration-test/target/test-classes:/home/user/.m2/repository/org/apache/hadoop/hadoop-ozone-s3gateway/0.5.0-SNAPSHOT/hadoop-ozone-s3gateway-0.5.0-SNAPSHOT.jar:/home/user/.m2/repository/org/jboss/weld/servlet/weld-servlet/2.4.7.Final/weld-servlet-2.4.7.Final.jar:/home/user/.m2/repository/org/glassfish/jersey/containers/jersey-container-servlet-core/2.27/jersey-container-servlet-core-2.27.jar:/home/user/.m2/repository/org/glassfish/hk2/external/javax.inject/2.5.0-b42/javax.inject-2.5.0-b42.jar:/home/user/.m2/repository/org/glassfish/jersey/core/jersey-common/2.27/jersey-common-2.27.jar:/home/user/.m2/repository/org/glassfish/hk2/osgi-resource-locator/1.0.1/osgi-resource-locator-1.0.1.jar:/home/user/.m2/repository/javax/ws/rs/javax.ws.rs-api/2.1/javax.ws.rs-api-2.1.jar:/home/user/.m2/repository/org/glassfish/jersey/ext/cdi/jersey-cdi1x/2.27/jersey-cdi1x-2.27.jar:/home/user/.m2/repository/org/glassfish/jersey/inject/jersey-hk2/2.27/jersey-hk2-2.27.jar:/home/user/.m2/repository/org/glassfish/hk2/hk2-locator/2.5.0-b42/hk2-locator-2.5.0-b42.jar:/home/user/.m2/repository/org/javassist/javassist/3.22.0-CR2/javassist-3.22.0-CR2.jar:/home/user/.m2/repository/org/glassfish/hk2/hk2-api/2.5.0/hk2-api-2.5.0.jar:/home/user/.m2/repository/org/glassfish/hk2/external/jakarta.inject/2.5.0/jakarta.inject-2.5.0.jar:/home/user/.m2/repository/org/glassfish/hk2/hk2-utils/2.5.0/hk2-utils-2.5.0.jar:/home/user/.m2/repository/jakarta/annotation/jakarta.annotation-api/1.3.4/jakarta.annotation-api-1.3.4.jar:/home/user/.m2/repository/org/glassfish/hk2/external/aopalliance-repackaged/2.5.0/aopalliance-repackaged-2.5.0.jar:/home/user/.m2/repository/com/fasterxml/jackson/dataformat/jackson-dataformat-xml/2.9.0/jackson-dataformat-xml-2.9.0.jar:/home/user/.m2/repository/com/fasterxml/jackson/module/jackson-module-jaxb-annotations/2.9.9/jackson-module-jaxb-annotations-2.9.9.jar:/home/user/.m2/repository/javax/enterprise/cdi-api/1.2/cdi-api-1.2.jar:/home/user/.m2/repository/javax/el/javax.el-api/3.0.0/javax.el-api-3.0.0.jar:/home/user/.m2/repository/javax/interceptor/javax.interceptor-api/1.2/javax.interceptor-api-1.2.jar:/home/user/.m2/repository/javax/inject/javax.inject/1/javax.inject-1.jar:/home/user/.m2/repository/org/apache/hadoop/hadoop-ozone-csi/0.5.0-SNAPSHOT/hadoop-ozone-csi-0.5.0-SNAPSHOT.jar:/home/user/.m2/repository/com/google/protobuf/protobuf-java-util/3.5.1/protobuf-java-util-3.5.1.jar:/home/user/.m2/repository/io/grpc/grpc-netty/1.17.1/grpc-netty-1.17.1.jar:/home/user/.m2/repository/io/grpc/grpc-core/1.17.1/grpc-core-1.17.1.jar:/home/user/.m2/repository/io/grpc/grpc-context/1.17.1/grpc-context-1.17.1.jar:/home/user/.m2/repository/com/google/errorprone/error_prone_annotations/2.2.0/error_prone_annotations-2.2.0.jar:/home/user/.m2/repository/org/codehaus/mojo/animal-sniffer-annotations/1.17/animal-sniffer-annotations-1.17.jar:/home/user/.m2/repository/io/opencensus/opencensus-api/0.17.0/opencensus-api-0.17.0.jar:/home/user/.m2/repository/io/opencensus/opencensus-contrib-grpc-metrics/0.17.0/opencensus-contrib-grpc-metrics-0.17.0.jar:/home/user/.m2/repository/io/netty/netty-codec-http2/4.1.30.Final/netty-codec-http2-4.1.30.Final.jar:/home/user/.m2/repository/io/netty/netty-codec-http/4.1.30.Final/netty-codec-http-4.1.30.Final.jar:/home/user/.m2/repository/io/netty/netty-codec/4.1.30.Final/netty-codec-4.1.30.Final.jar:/home/user/.m2/repository/io/netty/netty-handler/4.1.30.Final/netty-handler-4.1.30.Final.jar:/home/user/.m2/repository/io/netty/netty-handler-proxy/4.1.30.Final/netty-handler-proxy-4.1.30.Final.jar:/home/user/.m2/repository/io/netty/netty-codec-socks/4.1.30.Final/netty-codec-socks-4.1.30.Final.jar:/home/user/.m2/repository/io/netty/netty-transport-native-epoll/4.1.30.Final/netty-transport-native-epoll-4.1.30.Final.jar:/home/user/.m2/repository/io/netty/netty-common/4.1.30.Final/netty-common-4.1.30.Final.jar:/home/user/.m2/repository/io/netty/netty-buffer/4.1.30.Final/netty-buffer-4.1.30.Final.jar:/home/user/.m2/repository/io/netty/netty-transport/4.1.30.Final/netty-transport-4.1.30.Final.jar:/home/user/.m2/repository/io/netty/netty-resolver/4.1.30.Final/netty-resolver-4.1.30.Final.jar:/home/user/.m2/repository/io/netty/netty-transport-native-unix-common/4.1.30.Final/netty-transport-native-unix-common-4.1.30.Final.jar:/home/user/.m2/repository/io/grpc/grpc-protobuf/1.17.1/grpc-protobuf-1.17.1.jar:/home/user/.m2/repository/com/google/api/grpc/proto-google-common-protos/1.0.0/proto-google-common-protos-1.0.0.jar:/home/user/.m2/repository/io/grpc/grpc-protobuf-lite/1.17.1/grpc-protobuf-lite-1.17.1.jar:/home/user/.m2/repository/io/grpc/grpc-stub/1.17.1/grpc-stub-1.17.1.jar:/home/user/.m2/repository/org/apache/hadoop/hadoop-ozone-recon/0.5.0-SNAPSHOT/hadoop-ozone-recon-0.5.0-SNAPSHOT.jar:/home/user/.m2/repository/org/apache/hadoop/hadoop-ozone-reconcodegen/0.5.0-SNAPSHOT/hadoop-ozone-reconcodegen-0.5.0-SNAPSHOT.jar:/home/user/.m2/repository/com/google/inject/extensions/guice-multibindings/4.0/guice-multibindings-4.0.jar:/home/user/.m2/repository/com/google/inject/guice/4.0/guice-4.0.jar:/home/user/.m2/repository/aopalliance/aopalliance/1.0/aopalliance-1.0.jar:/home/user/.m2/repository/com/google/inject/extensions/guice-servlet/4.0/guice-servlet-4.0.jar:/home/user/.m2/repository/org/glassfish/jersey/containers/jersey-container-servlet/2.27/jersey-container-servlet-2.27.jar:/home/user/.m2/repository/org/glassfish/hk2/guice-bridge/2.5.0/guice-bridge-2.5.0.jar:/home/user/.m2/repository/org/glassfish/jersey/core/jersey-server/2.27/jersey-server-2.27.jar:/home/user/.m2/repository/org/glassfish/jersey/core/jersey-client/2.27/jersey-client-2.27.jar:/home/user/.m2/repository/org/glassfish/jersey/media/jersey-media-jaxb/2.27/jersey-media-jaxb-2.27.jar:/home/user/.m2/repository/javax/validation/validation-api/1.1.0.Final/validation-api-1.1.0.Final.jar:/home/user/.m2/repository/org/glassfish/jersey/media/jersey-media-json-jackson/2.27/jersey-media-json-jackson-2.27.jar:/home/user/.m2/repository/org/glassfish/jersey/ext/jersey-entity-filtering/2.27/jersey-entity-filtering-2.27.jar:/home/user/.m2/repository/com/google/inject/extensions/guice-assistedinject/4.0/guice-assistedinject-4.0.jar:/home/user/.m2/repository/org/jooq/jooq/3.11.10/jooq-3.11.10.jar:/home/user/.m2/repository/org/jooq/jooq-meta/3.11.10/jooq-meta-3.11.10.jar:/home/user/.m2/repository/org/jooq/jooq-codegen/3.11.10/jooq-codegen-3.11.10.jar:/home/user/.m2/repository/com/jolbox/bonecp/0.8.0.RELEASE/bonecp-0.8.0.RELEASE.jar:/home/user/.m2/repository/org/springframework/spring-jdbc/5.1.3.RELEASE/spring-jdbc-5.1.3.RELEASE.jar:/home/user/.m2/repository/org/springframework/spring-beans/5.1.3.RELEASE/spring-beans-5.1.3.RELEASE.jar:/home/user/.m2/repository/org/springframework/spring-core/5.1.3.RELEASE/spring-core-5.1.3.RELEASE.jar:/home/user/.m2/repository/org/springframework/spring-jcl/5.1.3.RELEASE/spring-jcl-5.1.3.RELEASE.jar:/home/user/.m2/repository/org/springframework/spring-tx/5.1.3.RELEASE/spring-tx-5.1.3.RELEASE.jar:/home/user/.m2/repository/org/mockito/mockito-core/2.15.0/mockito-core-2.15.0.jar:/home/user/.m2/repository/net/bytebuddy/byte-buddy/1.7.9/byte-buddy-1.7.9.jar:/home/user/.m2/repository/net/bytebuddy/byte-buddy-agent/1.7.9/byte-buddy-agent-1.7.9.jar:/home/user/.m2/repository/org/objenesis/objenesis/1.0/objenesis-1.0.jar:"/>
    <property name="sun.cpu.endian" value="little"/>
    <property name="user.home" value="/home/user"/>
    <property name="user.language" value="en"/>
    <property name="java.specification.vendor" value="Oracle Corporation"/>
    <property name="java.home" value="/usr/lib/jvm/java-1.8-openjdk/jre"/>
    <property name="java.security.krb5.conf" value="/workdir/hadoop-ozone/tools/target/test-classes/krb5.conf"/>
    <property name="basedir" value="/workdir/hadoop-ozone/tools"/>
    <property name="file.separator" value="/"/>
    <property name="line.separator" value="&#10;"/>
    <property name="java.vm.specification.vendor" value="Oracle Corporation"/>
    <property name="java.specification.name" value="Java Platform API Specification"/>
    <property name="java.awt.graphicsenv" value="sun.awt.X11GraphicsEnvironment"/>
    <property name="surefire.real.class.path" value="/workdir/hadoop-ozone/tools/target/surefire/surefirebooter7044302733789733246.jar"/>
    <property name="hadoop.log.dir" value="/workdir/hadoop-ozone/tools/target/log"/>
    <property name="sun.boot.class.path" value="/usr/lib/jvm/java-1.8-openjdk/jre/lib/resources.jar:/usr/lib/jvm/java-1.8-openjdk/jre/lib/rt.jar:/usr/lib/jvm/java-1.8-openjdk/jre/lib/sunrsasign.jar:/usr/lib/jvm/java-1.8-openjdk/jre/lib/jsse.jar:/usr/lib/jvm/java-1.8-openjdk/jre/lib/jce.jar:/usr/lib/jvm/java-1.8-openjdk/jre/lib/charsets.jar:/usr/lib/jvm/java-1.8-openjdk/jre/lib/jfr.jar:/usr/lib/jvm/java-1.8-openjdk/jre/classes"/>
    <property name="sun.management.compiler" value="HotSpot 64-Bit Tiered Compilers"/>
    <property name="java.runtime.version" value="1.8.0_212-b04"/>
    <property name="java.net.preferIPv4Stack" value="true"/>
    <property name="user.name" value="jenkins1000"/>
    <property name="path.separator" value=":"/>
    <property name="java.security.egd" value="file:///dev/urandom"/>
    <property name="os.version" value="3.10.0-957.12.2.el7.x86_64"/>
    <property name="java.endorsed.dirs" value="/usr/lib/jvm/java-1.8-openjdk/jre/lib/endorsed"/>
    <property name="java.runtime.name" value="OpenJDK Runtime Environment"/>
    <property name="file.encoding" value="UTF-8"/>
    <property name="java.vm.name" value="OpenJDK 64-Bit Server VM"/>
    <property name="test.build.webapps" value=""/>
    <property name="localRepository" value="/home/user/.m2/repository"/>
    <property name="java.vendor.url.bug" value="https://icedtea.classpath.org/bugzilla"/>
    <property name="java.io.tmpdir" value="/tmp"/>
    <property name="require.test.libhadoop" value=""/>
    <property name="java.version" value="1.8.0_212"/>
    <property name="user.dir" value="/workdir/hadoop-ozone/tools"/>
    <property name="os.arch" value="amd64"/>
    <property name="java.vm.specification.name" value="Java Virtual Machine Specification"/>
    <property name="test.build.classes" value="/workdir/hadoop-ozone/tools/target/test-classes"/>
    <property name="java.awt.printerjob" value="sun.print.PSPrinterJob"/>
    <property name="sun.os.patch.level" value="unknown"/>
    <property name="hadoop.tmp.dir" value="/workdir/hadoop-ozone/tools/target/tmp"/>
    <property name="java.library.path" value="/usr/lib/jvm/java-1.8-openjdk/jre/lib/amd64/server:/usr/lib/jvm/java-1.8-openjdk/jre/lib/amd64:/usr/lib/jvm/java-1.8-openjdk/jre/../lib/amd64:/workdir/hadoop-ozone/tools/target/native/target/usr/local/lib:/workdir/hadoop-ozone/tools/../../hadoop-common-project/hadoop-common/target/native/target/usr/local/lib:/usr/java/packages/lib/amd64:/usr/lib64:/lib64:/lib:/usr/lib"/>
    <property name="java.vm.info" value="mixed mode"/>
    <property name="java.vendor" value="IcedTea"/>
    <property name="java.vm.version" value="25.212-b04"/>
    <property name="java.ext.dirs" value="/usr/lib/jvm/java-1.8-openjdk/jre/lib/ext:/usr/java/packages/lib/ext"/>
    <property name="sun.io.unicode.encoding" value="UnicodeLittle"/>
    <property name="java.class.version" value="52.0"/>
  </properties>
  <testcase name="testRestart" classname="org.apache.hadoop.ozone.freon.TestFreonWithPipelineDestroy" time="10.697">
    <error message="Allocated 0 blocks. Requested 5 blocks" type="INTERNAL_ERROR org.apache.hadoop.ozone.om.exceptions.OMException">INTERNAL_ERROR org.apache.hadoop.ozone.om.exceptions.OMException: Allocated 0 blocks. Requested 5 blocks
	at org.apache.hadoop.ozone.om.protocolPB.OzoneManagerProtocolClientSideTranslatorPB.handleError(OzoneManagerProtocolClientSideTranslatorPB.java:732)
	at org.apache.hadoop.ozone.om.protocolPB.OzoneManagerProtocolClientSideTranslatorPB.openKey(OzoneManagerProtocolClientSideTranslatorPB.java:723)
	at sun.reflect.NativeMethodAccessorImpl.invoke0(Native Method)
	at sun.reflect.NativeMethodAccessorImpl.invoke(NativeMethodAccessorImpl.java:62)
	at sun.reflect.DelegatingMethodAccessorImpl.invoke(DelegatingMethodAccessorImpl.java:43)
	at java.lang.reflect.Method.invoke(Method.java:498)
	at org.apache.hadoop.hdds.tracing.TraceAllMethod.invoke(TraceAllMethod.java:66)
	at com.sun.proxy.$Proxy37.openKey(Unknown Source)
	at org.apache.hadoop.ozone.client.rpc.RpcClient.createKey(RpcClient.java:614)
	at org.apache.hadoop.ozone.client.OzoneBucket.createKey(OzoneBucket.java:325)
	at org.apache.hadoop.ozone.freon.RandomKeyGenerator.createKey(RandomKeyGenerator.java:695)
	at org.apache.hadoop.ozone.freon.RandomKeyGenerator.access$1100(RandomKeyGenerator.java:88)
	at org.apache.hadoop.ozone.freon.RandomKeyGenerator$ObjectCreator.run(RandomKeyGenerator.java:615)
	at java.util.concurrent.Executors$RunnableAdapter.call(Executors.java:511)
	at java.util.concurrent.FutureTask.run(FutureTask.java:266)
	at java.util.concurrent.ThreadPoolExecutor.runWorker(ThreadPoolExecutor.java:1149)
	at java.util.concurrent.ThreadPoolExecutor$Worker.run(ThreadPoolExecutor.java:624)
	at java.lang.Thread.run(Thread.java:748)
</error>
    <system-out><![CDATA[2019-09-25 07:31:59,083 [main] WARN  server.ServerUtils (ServerUtils.java:getScmDbDir(145)) - ozone.scm.db.dirs is not configured. We recommend adding this setting. Falling back to ozone.metadata.dirs instead.
2019-09-25 07:31:59,225 [main] WARN  server.ServerUtils (ServerUtils.java:getScmDbDir(145)) - ozone.scm.db.dirs is not configured. We recommend adding this setting. Falling back to ozone.metadata.dirs instead.
2019-09-25 07:31:59,229 [main] WARN  server.ServerUtils (ServerUtils.java:getScmDbDir(145)) - ozone.scm.db.dirs is not configured. We recommend adding this setting. Falling back to ozone.metadata.dirs instead.
2019-09-25 07:31:59,248 [main] INFO  util.log (Log.java:initialized(192)) - Logging initialized @874ms
2019-09-25 07:31:59,349 [main] INFO  db.DBStoreBuilder (DBStoreBuilder.java:addTable(110)) - using custom profile for table: deletedBlocks
2019-09-25 07:31:59,350 [main] INFO  db.DBStoreBuilder (DBStoreBuilder.java:processTables(161)) - Using default column profile:DBProfile.DISK for Table:deletedBlocks
2019-09-25 07:31:59,350 [main] INFO  db.DBStoreBuilder (DBStoreBuilder.java:addTable(110)) - using custom profile for table: validCerts
2019-09-25 07:31:59,350 [main] INFO  db.DBStoreBuilder (DBStoreBuilder.java:processTables(161)) - Using default column profile:DBProfile.DISK for Table:validCerts
2019-09-25 07:31:59,351 [main] INFO  db.DBStoreBuilder (DBStoreBuilder.java:addTable(110)) - using custom profile for table: revokedCerts
2019-09-25 07:31:59,351 [main] INFO  db.DBStoreBuilder (DBStoreBuilder.java:processTables(161)) - Using default column profile:DBProfile.DISK for Table:revokedCerts
2019-09-25 07:31:59,362 [main] INFO  db.DBStoreBuilder (DBStoreBuilder.java:addTable(110)) - using custom profile for table: default
2019-09-25 07:31:59,363 [main] INFO  db.DBStoreBuilder (DBStoreBuilder.java:processTables(167)) - Using default column profile:DBProfile.DISK for Table:default
2019-09-25 07:31:59,364 [main] INFO  db.DBStoreBuilder (DBStoreBuilder.java:getDbProfile(198)) - Using default options. DBProfile.DISK
2019-09-25 07:31:59,757 [main] INFO  net.NodeSchemaLoader (NodeSchemaLoader.java:loadSchemaFromFile(125)) - Loading file from sun.misc.CompoundEnumeration@65fb9ffc
2019-09-25 07:31:59,759 [main] INFO  net.NodeSchemaLoader (NodeSchemaLoader.java:loadSchema(171)) - Loading network topology layer schema file
2019-09-25 07:31:59,833 [main] INFO  node.SCMNodeManager (SCMNodeManager.java:<init>(114)) - Entering startup safe mode.
2019-09-25 07:31:59,905 [main] INFO  algorithms.ContainerPlacementPolicyFactory (ContainerPlacementPolicyFactory.java:getPolicy(59)) - Create container placement policy of type org.apache.hadoop.hdds.scm.container.placement.algorithms.SCMContainerPlacementRandom
2019-09-25 07:31:59,919 [main] WARN  server.ServerUtils (ServerUtils.java:getScmDbDir(145)) - ozone.scm.db.dirs is not configured. We recommend adding this setting. Falling back to ozone.metadata.dirs instead.
2019-09-25 07:32:00,044 [main] INFO  pipeline.SCMPipelineManager (SCMPipelineManager.java:initializePipelineState(132)) - No pipeline exists in current db
2019-09-25 07:32:00,048 [main] WARN  server.ServerUtils (ServerUtils.java:getScmDbDir(145)) - ozone.scm.db.dirs is not configured. We recommend adding this setting. Falling back to ozone.metadata.dirs instead.
2019-09-25 07:32:00,203 [main] WARN  events.EventQueue (EventQueue.java:fireEvent(183)) - No event handler registered for event TypedEvent{payloadType=SafeModeStatus, name='SafeModeStatus'}
2019-09-25 07:32:00,534 [main] INFO  ipc.CallQueueManager (CallQueueManager.java:<init>(84)) - Using callQueue: class java.util.concurrent.LinkedBlockingQueue, queueCapacity: 2000, scheduler: class org.apache.hadoop.ipc.DefaultRpcScheduler, ipcBackoff: false.
2019-09-25 07:32:00,562 [Socket Reader #1 for port 45549] INFO  ipc.Server (Server.java:run(1074)) - Starting Socket Reader #1 for port 45549
2019-09-25 07:32:00,693 [main] INFO  ipc.CallQueueManager (CallQueueManager.java:<init>(84)) - Using callQueue: class java.util.concurrent.LinkedBlockingQueue, queueCapacity: 2000, scheduler: class org.apache.hadoop.ipc.DefaultRpcScheduler, ipcBackoff: false.
2019-09-25 07:32:00,694 [Socket Reader #1 for port 35914] INFO  ipc.Server (Server.java:run(1074)) - Starting Socket Reader #1 for port 35914
2019-09-25 07:32:00,705 [main] INFO  ipc.CallQueueManager (CallQueueManager.java:<init>(84)) - Using callQueue: class java.util.concurrent.LinkedBlockingQueue, queueCapacity: 2000, scheduler: class org.apache.hadoop.ipc.DefaultRpcScheduler, ipcBackoff: false.
2019-09-25 07:32:00,707 [Socket Reader #1 for port 33425] INFO  ipc.Server (Server.java:run(1074)) - Starting Socket Reader #1 for port 33425
2019-09-25 07:32:00,734 [main] INFO  hdfs.DFSUtil (DFSUtil.java:httpServerTemplateForNNAndJN(1641)) - Starting Web-server for scm at: http://0.0.0.0:0
2019-09-25 07:32:00,880 [main] INFO  server.AuthenticationFilter (AuthenticationFilter.java:constructSecretProvider(240)) - Unable to initialize FileSignerSecretProvider, falling back to use random secrets.
2019-09-25 07:32:00,894 [main] WARN  http.HttpRequestLog (HttpRequestLog.java:getRequestLog(97)) - Jetty request log can only be enabled using Log4j
2019-09-25 07:32:00,904 [main] INFO  http.HttpServer2 (HttpServer2.java:addGlobalFilter(975)) - Added global filter 'safety' (class=org.apache.hadoop.http.HttpServer2$QuotingInputFilter)
2019-09-25 07:32:00,906 [main] INFO  http.HttpServer2 (HttpServer2.java:addFilter(948)) - Added filter static_user_filter (class=org.apache.hadoop.http.lib.StaticUserWebFilter$StaticUserFilter) to context scm
2019-09-25 07:32:00,906 [main] INFO  http.HttpServer2 (HttpServer2.java:addFilter(958)) - Added filter static_user_filter (class=org.apache.hadoop.http.lib.StaticUserWebFilter$StaticUserFilter) to context static
2019-09-25 07:32:00,907 [main] INFO  http.HttpServer2 (HttpServer2.java:addFilter(958)) - Added filter static_user_filter (class=org.apache.hadoop.http.lib.StaticUserWebFilter$StaticUserFilter) to context logs
2019-09-25 07:32:00,933 [main] INFO  server.StorageContainerManager (StorageContainerManager.java:start(770)) - StorageContainerLocationProtocol RPC server is listening at /0.0.0.0:33425
2019-09-25 07:32:00,983 [main] WARN  impl.MetricsConfig (MetricsConfig.java:loadFirst(134)) - Cannot locate configuration: tried hadoop-metrics2-storagecontainermanager.properties,hadoop-metrics2.properties
2019-09-25 07:32:00,996 [main] INFO  impl.MetricsSystemImpl (MetricsSystemImpl.java:startTimer(374)) - Scheduled Metric snapshot period at 10 second(s).
2019-09-25 07:32:00,996 [main] INFO  impl.MetricsSystemImpl (MetricsSystemImpl.java:start(191)) - StorageContainerManager metrics system started
2019-09-25 07:32:01,204 [main] INFO  server.SCMClientProtocolServer (SCMClientProtocolServer.java:start(151)) - RPC server for Client  is listening at /0.0.0.0:33425
2019-09-25 07:32:01,205 [IPC Server listener on 33425] INFO  ipc.Server (Server.java:run(1153)) - IPC Server listener on 33425: starting
2019-09-25 07:32:01,205 [IPC Server Responder] INFO  ipc.Server (Server.java:run(1314)) - IPC Server Responder: starting
2019-09-25 07:32:01,210 [main] INFO  server.StorageContainerManager (StorageContainerManager.java:start(780)) - ScmBlockLocationProtocol RPC server is listening at /0.0.0.0:35914
2019-09-25 07:32:01,212 [main] INFO  server.SCMBlockProtocolServer (SCMBlockProtocolServer.java:start(146)) - RPC server for Block Protocol is listening at /0.0.0.0:35914
2019-09-25 07:32:01,213 [IPC Server Responder] INFO  ipc.Server (Server.java:run(1314)) - IPC Server Responder: starting
2019-09-25 07:32:01,213 [IPC Server listener on 35914] INFO  ipc.Server (Server.java:run(1153)) - IPC Server listener on 35914: starting
2019-09-25 07:32:01,225 [main] INFO  server.StorageContainerManager (StorageContainerManager.java:start(784)) - ScmDatanodeProtocl RPC server is listening at /0.0.0.0:45549
2019-09-25 07:32:01,225 [main] INFO  server.SCMDatanodeProtocolServer (SCMDatanodeProtocolServer.java:start(191)) - RPC server for DataNodes is listening at /0.0.0.0:45549
2019-09-25 07:32:01,226 [IPC Server Responder] INFO  ipc.Server (Server.java:run(1314)) - IPC Server Responder: starting
2019-09-25 07:32:01,227 [IPC Server listener on 45549] INFO  ipc.Server (Server.java:run(1153)) - IPC Server listener on 45549: starting
2019-09-25 07:32:01,240 [main] INFO  http.HttpServer2 (HttpServer2.java:bindListener(1191)) - Jetty bound to port 46111
2019-09-25 07:32:01,242 [main] INFO  server.Server (Server.java:doStart(351)) - jetty-9.3.25.v20180904, build timestamp: 2018-09-04T21:11:46Z, git hash: 3ce520221d0240229c862b122d2b06c12a625732
2019-09-25 07:32:01,279 [main] INFO  handler.ContextHandler (ContextHandler.java:doStart(781)) - Started o.e.j.s.ServletContextHandler@4983159f{/logs,file:///workdir/hadoop-ozone/tools/target/log,AVAILABLE}
2019-09-25 07:32:01,279 [main] INFO  handler.ContextHandler (ContextHandler.java:doStart(781)) - Started o.e.j.s.ServletContextHandler@1d2bd371{/static,jar:file:/home/user/.m2/repository/org/apache/hadoop/hadoop-hdds-server-scm/0.5.0-SNAPSHOT/hadoop-hdds-server-scm-0.5.0-SNAPSHOT.jar!/webapps/static,AVAILABLE}
2019-09-25 07:32:01,350 [main] INFO  handler.ContextHandler (ContextHandler.java:doStart(781)) - Started o.e.j.w.WebAppContext@78461bc4{/,file:///tmp/jetty-0.0.0.0-46111-scm-_-any-6262658712545277743.dir/webapp/,AVAILABLE}{/scm}
2019-09-25 07:32:01,354 [main] INFO  server.AbstractConnector (AbstractConnector.java:doStart(278)) - Started ServerConnector@51f49060{HTTP/1.1,[http/1.1]}{0.0.0.0:46111}
2019-09-25 07:32:01,355 [main] INFO  server.Server (Server.java:doStart(419)) - Started @2981ms
2019-09-25 07:32:01,357 [main] INFO  impl.MetricsSinkAdapter (MetricsSinkAdapter.java:start(204)) - Sink prometheus started
2019-09-25 07:32:01,357 [main] INFO  impl.MetricsSystemImpl (MetricsSystemImpl.java:registerSink(301)) - Registered sink prometheus
2019-09-25 07:32:01,358 [main] INFO  server.BaseHttpServer (BaseHttpServer.java:updateConnectorAddress(215)) - HTTP server of SCM is listening at http://0.0.0.0:46111
2019-09-25 07:32:01,365 [org.apache.hadoop.util.JvmPauseMonitor$Monitor@46ab18da] INFO  util.JvmPauseMonitor (JvmPauseMonitor.java:run(188)) - Starting JVM pause monitor
2019-09-25 07:32:01,366 [main] WARN  server.ServerUtils (ServerUtils.java:getDBPath(222)) - ozone.om.db.dirs is not configured. We recommend adding this setting. Falling back to ozone.metadata.dirs instead.
2019-09-25 07:32:01,500 [main] WARN  server.ServerUtils (ServerUtils.java:getDBPath(222)) - ozone.om.db.dirs is not configured. We recommend adding this setting. Falling back to ozone.metadata.dirs instead.
2019-09-25 07:32:01,501 [main] WARN  server.ServerUtils (ServerUtils.java:getDBPath(222)) - ozone.om.db.dirs is not configured. We recommend adding this setting. Falling back to ozone.metadata.dirs instead.
2019-09-25 07:32:01,503 [main] INFO  om.OzoneManager (OzoneManager.java:setOMNodeDetails(652)) - OM Service ID is not set. Setting it to the default ID: omServiceIdDefault
2019-09-25 07:32:01,503 [main] INFO  om.OzoneManager (OzoneManager.java:setOMNodeDetails(658)) - OM Node ID is not set. Setting it to the OmStorage's OmID: 780c36b0-3a66-4847-9b93-8a3faebf0334
2019-09-25 07:32:01,504 [main] INFO  om.OzoneManager (OzoneManager.java:loadOMHAConfigs(609)) - Found matching OM address with OMServiceId: null, OMNodeId: null, RPC Address: localhost:0 and Ratis port: 9872
2019-09-25 07:32:02,212 [main] WARN  server.ServerUtils (ServerUtils.java:getDBPath(222)) - ozone.om.db.dirs is not configured. We recommend adding this setting. Falling back to ozone.metadata.dirs instead.
2019-09-25 07:32:02,220 [main] INFO  db.DBStoreBuilder (DBStoreBuilder.java:addTable(110)) - using custom profile for table: userTable
2019-09-25 07:32:02,220 [main] INFO  db.DBStoreBuilder (DBStoreBuilder.java:processTables(161)) - Using default column profile:DBProfile.DISK for Table:userTable
2019-09-25 07:32:02,220 [main] INFO  db.DBStoreBuilder (DBStoreBuilder.java:addTable(110)) - using custom profile for table: volumeTable
2019-09-25 07:32:02,220 [main] INFO  db.DBStoreBuilder (DBStoreBuilder.java:processTables(161)) - Using default column profile:DBProfile.DISK for Table:volumeTable
2019-09-25 07:32:02,221 [main] INFO  db.DBStoreBuilder (DBStoreBuilder.java:addTable(110)) - using custom profile for table: bucketTable
2019-09-25 07:32:02,221 [main] INFO  db.DBStoreBuilder (DBStoreBuilder.java:processTables(161)) - Using default column profile:DBProfile.DISK for Table:bucketTable
2019-09-25 07:32:02,221 [main] INFO  db.DBStoreBuilder (DBStoreBuilder.java:addTable(110)) - using custom profile for table: keyTable
2019-09-25 07:32:02,221 [main] INFO  db.DBStoreBuilder (DBStoreBuilder.java:processTables(161)) - Using default column profile:DBProfile.DISK for Table:keyTable
2019-09-25 07:32:02,221 [main] INFO  db.DBStoreBuilder (DBStoreBuilder.java:addTable(110)) - using custom profile for table: deletedTable
2019-09-25 07:32:02,222 [main] INFO  db.DBStoreBuilder (DBStoreBuilder.java:processTables(161)) - Using default column profile:DBProfile.DISK for Table:deletedTable
2019-09-25 07:32:02,222 [main] INFO  db.DBStoreBuilder (DBStoreBuilder.java:addTable(110)) - using custom profile for table: openKeyTable
2019-09-25 07:32:02,222 [main] INFO  db.DBStoreBuilder (DBStoreBuilder.java:processTables(161)) - Using default column profile:DBProfile.DISK for Table:openKeyTable
2019-09-25 07:32:02,222 [main] INFO  db.DBStoreBuilder (DBStoreBuilder.java:addTable(110)) - using custom profile for table: s3Table
2019-09-25 07:32:02,223 [main] INFO  db.DBStoreBuilder (DBStoreBuilder.java:processTables(161)) - Using default column profile:DBProfile.DISK for Table:s3Table
2019-09-25 07:32:02,223 [main] INFO  db.DBStoreBuilder (DBStoreBuilder.java:addTable(110)) - using custom profile for table: multipartInfoTable
2019-09-25 07:32:02,223 [main] INFO  db.DBStoreBuilder (DBStoreBuilder.java:processTables(161)) - Using default column profile:DBProfile.DISK for Table:multipartInfoTable
2019-09-25 07:32:02,223 [main] INFO  db.DBStoreBuilder (DBStoreBuilder.java:addTable(110)) - using custom profile for table: dTokenTable
2019-09-25 07:32:02,223 [main] INFO  db.DBStoreBuilder (DBStoreBuilder.java:processTables(161)) - Using default column profile:DBProfile.DISK for Table:dTokenTable
2019-09-25 07:32:02,224 [main] INFO  db.DBStoreBuilder (DBStoreBuilder.java:addTable(110)) - using custom profile for table: s3SecretTable
2019-09-25 07:32:02,224 [main] INFO  db.DBStoreBuilder (DBStoreBuilder.java:processTables(161)) - Using default column profile:DBProfile.DISK for Table:s3SecretTable
2019-09-25 07:32:02,224 [main] INFO  db.DBStoreBuilder (DBStoreBuilder.java:addTable(110)) - using custom profile for table: prefixTable
2019-09-25 07:32:02,224 [main] INFO  db.DBStoreBuilder (DBStoreBuilder.java:processTables(161)) - Using default column profile:DBProfile.DISK for Table:prefixTable
2019-09-25 07:32:02,225 [main] INFO  db.DBStoreBuilder (DBStoreBuilder.java:addTable(110)) - using custom profile for table: default
2019-09-25 07:32:02,225 [main] INFO  db.DBStoreBuilder (DBStoreBuilder.java:processTables(167)) - Using default column profile:DBProfile.DISK for Table:default
2019-09-25 07:32:02,225 [main] INFO  db.DBStoreBuilder (DBStoreBuilder.java:getDbProfile(198)) - Using default options. DBProfile.DISK
2019-09-25 07:32:02,999 [main] INFO  ipc.CallQueueManager (CallQueueManager.java:<init>(84)) - Using callQueue: class java.util.concurrent.LinkedBlockingQueue, queueCapacity: 2000, scheduler: class org.apache.hadoop.ipc.DefaultRpcScheduler, ipcBackoff: false.
2019-09-25 07:32:03,001 [Socket Reader #1 for port 36401] INFO  ipc.Server (Server.java:run(1074)) - Starting Socket Reader #1 for port 36401
2019-09-25 07:32:03,024 [main] INFO  om.OzoneManager (OzoneManager.java:start(1243)) - OzoneManager RPC server is listening at localhost/127.0.0.1:36401
2019-09-25 07:32:03,025 [main] INFO  impl.MetricsSystemImpl (MetricsSystemImpl.java:init(158)) - OzoneManager metrics system started (again)
2019-09-25 07:32:03,027 [IPC Server Responder] INFO  ipc.Server (Server.java:run(1314)) - IPC Server Responder: starting
2019-09-25 07:32:03,027 [IPC Server listener on 36401] INFO  ipc.Server (Server.java:run(1153)) - IPC Server listener on 36401: starting
2019-09-25 07:32:03,043 [main] INFO  hdfs.DFSUtil (DFSUtil.java:httpServerTemplateForNNAndJN(1641)) - Starting Web-server for ozoneManager at: http://0.0.0.0:0
2019-09-25 07:32:03,046 [main] INFO  server.AuthenticationFilter (AuthenticationFilter.java:constructSecretProvider(240)) - Unable to initialize FileSignerSecretProvider, falling back to use random secrets.
2019-09-25 07:32:03,047 [main] WARN  http.HttpRequestLog (HttpRequestLog.java:getRequestLog(97)) - Jetty request log can only be enabled using Log4j
2019-09-25 07:32:03,049 [main] INFO  http.HttpServer2 (HttpServer2.java:addGlobalFilter(975)) - Added global filter 'safety' (class=org.apache.hadoop.http.HttpServer2$QuotingInputFilter)
2019-09-25 07:32:03,051 [main] INFO  http.HttpServer2 (HttpServer2.java:addFilter(948)) - Added filter static_user_filter (class=org.apache.hadoop.http.lib.StaticUserWebFilter$StaticUserFilter) to context ozoneManager
2019-09-25 07:32:03,051 [main] INFO  http.HttpServer2 (HttpServer2.java:addFilter(958)) - Added filter static_user_filter (class=org.apache.hadoop.http.lib.StaticUserWebFilter$StaticUserFilter) to context logs
2019-09-25 07:32:03,051 [main] INFO  http.HttpServer2 (HttpServer2.java:addFilter(958)) - Added filter static_user_filter (class=org.apache.hadoop.http.lib.StaticUserWebFilter$StaticUserFilter) to context static
2019-09-25 07:32:03,054 [main] INFO  http.HttpServer2 (HttpServer2.java:bindListener(1191)) - Jetty bound to port 36563
2019-09-25 07:32:03,054 [main] INFO  server.Server (Server.java:doStart(351)) - jetty-9.3.25.v20180904, build timestamp: 2018-09-04T21:11:46Z, git hash: 3ce520221d0240229c862b122d2b06c12a625732
2019-09-25 07:32:03,057 [main] INFO  handler.ContextHandler (ContextHandler.java:doStart(781)) - Started o.e.j.s.ServletContextHandler@55b8dbda{/logs,file:///workdir/hadoop-ozone/tools/target/log,AVAILABLE}
2019-09-25 07:32:03,058 [main] INFO  handler.ContextHandler (ContextHandler.java:doStart(781)) - Started o.e.j.s.ServletContextHandler@3a022576{/static,jar:file:/home/user/.m2/repository/org/apache/hadoop/hadoop-ozone-ozone-manager/0.5.0-SNAPSHOT/hadoop-ozone-ozone-manager-0.5.0-SNAPSHOT.jar!/webapps/static,AVAILABLE}
2019-09-25 07:32:03,121 [main] INFO  handler.ContextHandler (ContextHandler.java:doStart(781)) - Started o.e.j.w.WebAppContext@388b401d{/,file:///tmp/jetty-0.0.0.0-36563-ozoneManager-_-any-446387177505467917.dir/webapp/,AVAILABLE}{/ozoneManager}
2019-09-25 07:32:03,123 [main] INFO  server.AbstractConnector (AbstractConnector.java:doStart(278)) - Started ServerConnector@2bcec6a6{HTTP/1.1,[http/1.1]}{0.0.0.0:36563}
2019-09-25 07:32:03,123 [main] INFO  server.Server (Server.java:doStart(419)) - Started @4749ms
2019-09-25 07:32:03,124 [main] WARN  impl.MetricsSystemImpl (MetricsSystemImpl.java:register(276)) - Sink prometheus already exists!
2019-09-25 07:32:03,124 [main] INFO  server.BaseHttpServer (BaseHttpServer.java:updateConnectorAddress(215)) - HTTP server of OZONEMANAGER is listening at http://0.0.0.0:36563
2019-09-25 07:32:03,444 [main] INFO  impl.MetricsSystemImpl (MetricsSystemImpl.java:init(158)) - HddsDatanode metrics system started (again)
2019-09-25 07:32:03,522 [main] INFO  ozone.HddsDatanodeService (HddsDatanodeService.java:start(184)) - HddsDatanodeService host:pr-hdds-1569-x2sr2-3486766547 ip:192.168.151.106
2019-09-25 07:32:03,559 [main] INFO  volume.HddsVolume (HddsVolume.java:<init>(176)) - Creating Volume: /workdir/hadoop-ozone/tools/target/test-dir/MiniOzoneClusterImpl-74379f76-0ce6-44ed-853e-bfc2db7901f5/datanode-0/data/containers/hdds of  storage type : DISK and capacity : 1482555576320
2019-09-25 07:32:03,561 [main] INFO  volume.VolumeSet (VolumeSet.java:initializeVolumeSet(170)) - Added Volume : /workdir/hadoop-ozone/tools/target/test-dir/MiniOzoneClusterImpl-74379f76-0ce6-44ed-853e-bfc2db7901f5/datanode-0/data/containers/hdds to VolumeSet
2019-09-25 07:32:03,564 [main] INFO  volume.ThrottledAsyncChecker (ThrottledAsyncChecker.java:schedule(139)) - Scheduling a check for org.apache.hadoop.ozone.container.common.volume.HddsVolume@7d0cc890
2019-09-25 07:32:03,583 [main] INFO  volume.HddsVolumeChecker (HddsVolumeChecker.java:checkAllVolumes(202)) - Scheduled health check for volume org.apache.hadoop.ozone.container.common.volume.HddsVolume@7d0cc890
2019-09-25 07:32:03,695 [main] INFO  impl.RaftServerProxy (ConfUtils.java:logGet(43)) - raft.rpc.type = GRPC (default)
2019-09-25 07:32:03,762 [main] INFO  grpc.GrpcFactory (GrpcFactory.java:checkPooledByteBufAllocatorUseCacheForAllThreads(45)) - PERFORMANCE WARNING: useCacheForAllThreads is true that may cause Netty to create a lot garbage objects and, as a result, trigger GC.
	It is recommended to disable useCacheForAllThreads by setting -Dorg.apache.ratis.thirdparty.io.netty.allocator.useCacheForAllThreads=false in command line.
2019-09-25 07:32:03,766 [main] INFO  grpc.GrpcConfigKeys$Server (ConfUtils.java:logGet(43)) - raft.grpc.server.port = 0 (default)
2019-09-25 07:32:03,767 [main] INFO  server.GrpcService (ConfUtils.java:logGet(43)) - raft.grpc.message.size.max = 33570816 (custom)
2019-09-25 07:32:03,769 [main] INFO  server.RaftServerConfigKeys (ConfUtils.java:logGet(43)) - raft.server.log.appender.buffer.byte-limit = 33554432 (custom)
2019-09-25 07:32:03,770 [main] INFO  server.GrpcService (ConfUtils.java:logGet(43)) - raft.grpc.flow.control.window = 1MB (=1048576) (default)
2019-09-25 07:32:03,770 [main] INFO  server.RaftServerConfigKeys (ConfUtils.java:logGet(43)) - raft.server.rpc.request.timeout = 3000ms (default)
2019-09-25 07:32:03,955 [main] INFO  server.RaftServerConfigKeys (ConfUtils.java:logGet(43)) - raft.server.storage.dir = [/workdir/hadoop-ozone/tools/target/test-dir/MiniOzoneClusterImpl-74379f76-0ce6-44ed-853e-bfc2db7901f5/datanode-0/data/ratis] (custom)
2019-09-25 07:32:04,033 [main] INFO  hdfs.DFSUtil (DFSUtil.java:httpServerTemplateForNNAndJN(1641)) - Starting Web-server for hddsDatanode at: http://0.0.0.0:0
2019-09-25 07:32:04,035 [main] INFO  server.AuthenticationFilter (AuthenticationFilter.java:constructSecretProvider(240)) - Unable to initialize FileSignerSecretProvider, falling back to use random secrets.
2019-09-25 07:32:04,036 [main] WARN  http.HttpRequestLog (HttpRequestLog.java:getRequestLog(97)) - Jetty request log can only be enabled using Log4j
2019-09-25 07:32:04,039 [main] INFO  http.HttpServer2 (HttpServer2.java:addGlobalFilter(975)) - Added global filter 'safety' (class=org.apache.hadoop.http.HttpServer2$QuotingInputFilter)
2019-09-25 07:32:04,039 [main] INFO  http.HttpServer2 (HttpServer2.java:addFilter(948)) - Added filter static_user_filter (class=org.apache.hadoop.http.lib.StaticUserWebFilter$StaticUserFilter) to context hddsDatanode
2019-09-25 07:32:04,040 [main] INFO  http.HttpServer2 (HttpServer2.java:addFilter(958)) - Added filter static_user_filter (class=org.apache.hadoop.http.lib.StaticUserWebFilter$StaticUserFilter) to context static
2019-09-25 07:32:04,040 [main] INFO  http.HttpServer2 (HttpServer2.java:addFilter(958)) - Added filter static_user_filter (class=org.apache.hadoop.http.lib.StaticUserWebFilter$StaticUserFilter) to context logs
2019-09-25 07:32:04,041 [main] INFO  http.HttpServer2 (HttpServer2.java:bindListener(1191)) - Jetty bound to port 42333
2019-09-25 07:32:04,042 [main] INFO  server.Server (Server.java:doStart(351)) - jetty-9.3.25.v20180904, build timestamp: 2018-09-04T21:11:46Z, git hash: 3ce520221d0240229c862b122d2b06c12a625732
2019-09-25 07:32:04,044 [main] INFO  handler.ContextHandler (ContextHandler.java:doStart(781)) - Started o.e.j.s.ServletContextHandler@43e9089{/logs,file:///workdir/hadoop-ozone/tools/target/log,AVAILABLE}
2019-09-25 07:32:04,045 [main] INFO  handler.ContextHandler (ContextHandler.java:doStart(781)) - Started o.e.j.s.ServletContextHandler@352c44a8{/static,jar:file:/home/user/.m2/repository/org/apache/hadoop/hadoop-hdds-container-service/0.5.0-SNAPSHOT/hadoop-hdds-container-service-0.5.0-SNAPSHOT.jar!/webapps/static,AVAILABLE}
2019-09-25 07:32:04,076 [main] INFO  handler.ContextHandler (ContextHandler.java:doStart(781)) - Started o.e.j.w.WebAppContext@78054f54{/,file:///tmp/jetty-0.0.0.0-42333-hddsDatanode-_-any-2103598402929772398.dir/webapp/,AVAILABLE}{/hddsDatanode}
2019-09-25 07:32:04,077 [main] INFO  server.AbstractConnector (AbstractConnector.java:doStart(278)) - Started ServerConnector@cb7fa71{HTTP/1.1,[http/1.1]}{0.0.0.0:42333}
2019-09-25 07:32:04,078 [main] INFO  server.Server (Server.java:doStart(419)) - Started @5704ms
2019-09-25 07:32:04,079 [main] WARN  impl.MetricsSystemImpl (MetricsSystemImpl.java:register(276)) - Sink prometheus already exists!
2019-09-25 07:32:04,080 [main] INFO  server.BaseHttpServer (BaseHttpServer.java:updateConnectorAddress(215)) - HTTP server of HDDSDATANODE is listening at http://0.0.0.0:42333
2019-09-25 07:32:04,081 [main] INFO  impl.MetricsSystemImpl (MetricsSystemImpl.java:init(158)) - HddsDatanode metrics system started (again)
2019-09-25 07:32:04,084 [main] INFO  ozone.HddsDatanodeService (HddsDatanodeService.java:start(184)) - HddsDatanodeService host:pr-hdds-1569-x2sr2-3486766547 ip:192.168.151.106
2019-09-25 07:32:04,087 [org.apache.hadoop.util.JvmPauseMonitor$Monitor@76b5f717] INFO  util.JvmPauseMonitor (JvmPauseMonitor.java:run(188)) - Starting JVM pause monitor
2019-09-25 07:32:04,091 [main] INFO  volume.HddsVolume (HddsVolume.java:<init>(176)) - Creating Volume: /workdir/hadoop-ozone/tools/target/test-dir/MiniOzoneClusterImpl-74379f76-0ce6-44ed-853e-bfc2db7901f5/datanode-1/data/containers/hdds of  storage type : DISK and capacity : 1482555576320
2019-09-25 07:32:04,093 [main] INFO  volume.VolumeSet (VolumeSet.java:initializeVolumeSet(170)) - Added Volume : /workdir/hadoop-ozone/tools/target/test-dir/MiniOzoneClusterImpl-74379f76-0ce6-44ed-853e-bfc2db7901f5/datanode-1/data/containers/hdds to VolumeSet
2019-09-25 07:32:04,094 [main] INFO  volume.ThrottledAsyncChecker (ThrottledAsyncChecker.java:schedule(139)) - Scheduling a check for org.apache.hadoop.ozone.container.common.volume.HddsVolume@68d7a2df
2019-09-25 07:32:04,094 [main] INFO  volume.HddsVolumeChecker (HddsVolumeChecker.java:checkAllVolumes(202)) - Scheduled health check for volume org.apache.hadoop.ozone.container.common.volume.HddsVolume@68d7a2df
2019-09-25 07:32:04,111 [main] INFO  impl.RaftServerProxy (ConfUtils.java:logGet(43)) - raft.rpc.type = GRPC (default)
2019-09-25 07:32:04,111 [main] INFO  grpc.GrpcFactory (GrpcFactory.java:checkPooledByteBufAllocatorUseCacheForAllThreads(45)) - PERFORMANCE WARNING: useCacheForAllThreads is true that may cause Netty to create a lot garbage objects and, as a result, trigger GC.
	It is recommended to disable useCacheForAllThreads by setting -Dorg.apache.ratis.thirdparty.io.netty.allocator.useCacheForAllThreads=false in command line.
2019-09-25 07:32:04,112 [main] INFO  grpc.GrpcConfigKeys$Server (ConfUtils.java:logGet(43)) - raft.grpc.server.port = 0 (default)
2019-09-25 07:32:04,112 [main] INFO  server.GrpcService (ConfUtils.java:logGet(43)) - raft.grpc.message.size.max = 33570816 (custom)
2019-09-25 07:32:04,112 [main] INFO  server.RaftServerConfigKeys (ConfUtils.java:logGet(43)) - raft.server.log.appender.buffer.byte-limit = 33554432 (custom)
2019-09-25 07:32:04,112 [main] INFO  server.GrpcService (ConfUtils.java:logGet(43)) - raft.grpc.flow.control.window = 1MB (=1048576) (default)
2019-09-25 07:32:04,113 [main] INFO  server.RaftServerConfigKeys (ConfUtils.java:logGet(43)) - raft.server.rpc.request.timeout = 3000ms (default)
2019-09-25 07:32:04,113 [main] INFO  server.RaftServerConfigKeys (ConfUtils.java:logGet(43)) - raft.server.storage.dir = [/workdir/hadoop-ozone/tools/target/test-dir/MiniOzoneClusterImpl-74379f76-0ce6-44ed-853e-bfc2db7901f5/datanode-1/data/ratis] (custom)
2019-09-25 07:32:04,115 [main] INFO  hdfs.DFSUtil (DFSUtil.java:httpServerTemplateForNNAndJN(1641)) - Starting Web-server for hddsDatanode at: http://0.0.0.0:0
2019-09-25 07:32:04,116 [main] INFO  server.AuthenticationFilter (AuthenticationFilter.java:constructSecretProvider(240)) - Unable to initialize FileSignerSecretProvider, falling back to use random secrets.
2019-09-25 07:32:04,117 [main] WARN  http.HttpRequestLog (HttpRequestLog.java:getRequestLog(97)) - Jetty request log can only be enabled using Log4j
2019-09-25 07:32:04,118 [main] INFO  http.HttpServer2 (HttpServer2.java:addGlobalFilter(975)) - Added global filter 'safety' (class=org.apache.hadoop.http.HttpServer2$QuotingInputFilter)
2019-09-25 07:32:04,119 [main] INFO  http.HttpServer2 (HttpServer2.java:addFilter(948)) - Added filter static_user_filter (class=org.apache.hadoop.http.lib.StaticUserWebFilter$StaticUserFilter) to context hddsDatanode
2019-09-25 07:32:04,119 [main] INFO  http.HttpServer2 (HttpServer2.java:addFilter(958)) - Added filter static_user_filter (class=org.apache.hadoop.http.lib.StaticUserWebFilter$StaticUserFilter) to context static
2019-09-25 07:32:04,119 [main] INFO  http.HttpServer2 (HttpServer2.java:addFilter(958)) - Added filter static_user_filter (class=org.apache.hadoop.http.lib.StaticUserWebFilter$StaticUserFilter) to context logs
2019-09-25 07:32:04,120 [main] INFO  http.HttpServer2 (HttpServer2.java:bindListener(1191)) - Jetty bound to port 34509
2019-09-25 07:32:04,120 [main] INFO  server.Server (Server.java:doStart(351)) - jetty-9.3.25.v20180904, build timestamp: 2018-09-04T21:11:46Z, git hash: 3ce520221d0240229c862b122d2b06c12a625732
2019-09-25 07:32:04,124 [main] INFO  handler.ContextHandler (ContextHandler.java:doStart(781)) - Started o.e.j.s.ServletContextHandler@1422ac7f{/logs,file:///workdir/hadoop-ozone/tools/target/log,AVAILABLE}
2019-09-25 07:32:04,125 [main] INFO  handler.ContextHandler (ContextHandler.java:doStart(781)) - Started o.e.j.s.ServletContextHandler@7bc44ce8{/static,jar:file:/home/user/.m2/repository/org/apache/hadoop/hadoop-hdds-container-service/0.5.0-SNAPSHOT/hadoop-hdds-container-service-0.5.0-SNAPSHOT.jar!/webapps/static,AVAILABLE}
2019-09-25 07:32:04,153 [main] INFO  handler.ContextHandler (ContextHandler.java:doStart(781)) - Started o.e.j.w.WebAppContext@5af8bb51{/,file:///tmp/jetty-0.0.0.0-34509-hddsDatanode-_-any-2527152748047789489.dir/webapp/,AVAILABLE}{/hddsDatanode}
2019-09-25 07:32:04,154 [main] INFO  server.AbstractConnector (AbstractConnector.java:doStart(278)) - Started ServerConnector@799ed4e8{HTTP/1.1,[http/1.1]}{0.0.0.0:34509}
2019-09-25 07:32:04,154 [main] INFO  server.Server (Server.java:doStart(419)) - Started @5780ms
2019-09-25 07:32:04,155 [main] WARN  impl.MetricsSystemImpl (MetricsSystemImpl.java:register(276)) - Sink prometheus already exists!
2019-09-25 07:32:04,156 [main] INFO  server.BaseHttpServer (BaseHttpServer.java:updateConnectorAddress(215)) - HTTP server of HDDSDATANODE is listening at http://0.0.0.0:34509
2019-09-25 07:32:04,157 [main] INFO  impl.MetricsSystemImpl (MetricsSystemImpl.java:init(158)) - HddsDatanode metrics system started (again)
2019-09-25 07:32:04,160 [main] INFO  ozone.HddsDatanodeService (HddsDatanodeService.java:start(184)) - HddsDatanodeService host:pr-hdds-1569-x2sr2-3486766547 ip:192.168.151.106
2019-09-25 07:32:04,160 [org.apache.hadoop.util.JvmPauseMonitor$Monitor@724d739a] INFO  util.JvmPauseMonitor (JvmPauseMonitor.java:run(188)) - Starting JVM pause monitor
2019-09-25 07:32:04,168 [main] INFO  volume.HddsVolume (HddsVolume.java:<init>(176)) - Creating Volume: /workdir/hadoop-ozone/tools/target/test-dir/MiniOzoneClusterImpl-74379f76-0ce6-44ed-853e-bfc2db7901f5/datanode-2/data/containers/hdds of  storage type : DISK and capacity : 1482555576320
2019-09-25 07:32:04,169 [main] INFO  volume.VolumeSet (VolumeSet.java:initializeVolumeSet(170)) - Added Volume : /workdir/hadoop-ozone/tools/target/test-dir/MiniOzoneClusterImpl-74379f76-0ce6-44ed-853e-bfc2db7901f5/datanode-2/data/containers/hdds to VolumeSet
2019-09-25 07:32:04,169 [main] INFO  volume.ThrottledAsyncChecker (ThrottledAsyncChecker.java:schedule(139)) - Scheduling a check for org.apache.hadoop.ozone.container.common.volume.HddsVolume@32e54a9d
2019-09-25 07:32:04,170 [main] INFO  volume.HddsVolumeChecker (HddsVolumeChecker.java:checkAllVolumes(202)) - Scheduled health check for volume org.apache.hadoop.ozone.container.common.volume.HddsVolume@32e54a9d
2019-09-25 07:32:04,184 [main] INFO  impl.RaftServerProxy (ConfUtils.java:logGet(43)) - raft.rpc.type = GRPC (default)
2019-09-25 07:32:04,184 [main] INFO  grpc.GrpcFactory (GrpcFactory.java:checkPooledByteBufAllocatorUseCacheForAllThreads(45)) - PERFORMANCE WARNING: useCacheForAllThreads is true that may cause Netty to create a lot garbage objects and, as a result, trigger GC.
	It is recommended to disable useCacheForAllThreads by setting -Dorg.apache.ratis.thirdparty.io.netty.allocator.useCacheForAllThreads=false in command line.
2019-09-25 07:32:04,184 [main] INFO  grpc.GrpcConfigKeys$Server (ConfUtils.java:logGet(43)) - raft.grpc.server.port = 0 (default)
2019-09-25 07:32:04,185 [main] INFO  server.GrpcService (ConfUtils.java:logGet(43)) - raft.grpc.message.size.max = 33570816 (custom)
2019-09-25 07:32:04,185 [main] INFO  server.RaftServerConfigKeys (ConfUtils.java:logGet(43)) - raft.server.log.appender.buffer.byte-limit = 33554432 (custom)
2019-09-25 07:32:04,185 [main] INFO  server.GrpcService (ConfUtils.java:logGet(43)) - raft.grpc.flow.control.window = 1MB (=1048576) (default)
2019-09-25 07:32:04,185 [main] INFO  server.RaftServerConfigKeys (ConfUtils.java:logGet(43)) - raft.server.rpc.request.timeout = 3000ms (default)
2019-09-25 07:32:04,186 [main] INFO  server.RaftServerConfigKeys (ConfUtils.java:logGet(43)) - raft.server.storage.dir = [/workdir/hadoop-ozone/tools/target/test-dir/MiniOzoneClusterImpl-74379f76-0ce6-44ed-853e-bfc2db7901f5/datanode-2/data/ratis] (custom)
2019-09-25 07:32:04,188 [main] INFO  hdfs.DFSUtil (DFSUtil.java:httpServerTemplateForNNAndJN(1641)) - Starting Web-server for hddsDatanode at: http://0.0.0.0:0
2019-09-25 07:32:04,189 [main] INFO  server.AuthenticationFilter (AuthenticationFilter.java:constructSecretProvider(240)) - Unable to initialize FileSignerSecretProvider, falling back to use random secrets.
2019-09-25 07:32:04,190 [main] WARN  http.HttpRequestLog (HttpRequestLog.java:getRequestLog(97)) - Jetty request log can only be enabled using Log4j
2019-09-25 07:32:04,192 [main] INFO  http.HttpServer2 (HttpServer2.java:addGlobalFilter(975)) - Added global filter 'safety' (class=org.apache.hadoop.http.HttpServer2$QuotingInputFilter)
2019-09-25 07:32:04,192 [main] INFO  http.HttpServer2 (HttpServer2.java:addFilter(948)) - Added filter static_user_filter (class=org.apache.hadoop.http.lib.StaticUserWebFilter$StaticUserFilter) to context hddsDatanode
2019-09-25 07:32:04,193 [main] INFO  http.HttpServer2 (HttpServer2.java:addFilter(958)) - Added filter static_user_filter (class=org.apache.hadoop.http.lib.StaticUserWebFilter$StaticUserFilter) to context static
2019-09-25 07:32:04,193 [main] INFO  http.HttpServer2 (HttpServer2.java:addFilter(958)) - Added filter static_user_filter (class=org.apache.hadoop.http.lib.StaticUserWebFilter$StaticUserFilter) to context logs
2019-09-25 07:32:04,194 [main] INFO  http.HttpServer2 (HttpServer2.java:bindListener(1191)) - Jetty bound to port 46517
2019-09-25 07:32:04,194 [main] INFO  server.Server (Server.java:doStart(351)) - jetty-9.3.25.v20180904, build timestamp: 2018-09-04T21:11:46Z, git hash: 3ce520221d0240229c862b122d2b06c12a625732
2019-09-25 07:32:04,196 [main] INFO  handler.ContextHandler (ContextHandler.java:doStart(781)) - Started o.e.j.s.ServletContextHandler@fc807c1{/logs,file:///workdir/hadoop-ozone/tools/target/log,AVAILABLE}
2019-09-25 07:32:04,197 [main] INFO  handler.ContextHandler (ContextHandler.java:doStart(781)) - Started o.e.j.s.ServletContextHandler@59cda16e{/static,jar:file:/home/user/.m2/repository/org/apache/hadoop/hadoop-hdds-container-service/0.5.0-SNAPSHOT/hadoop-hdds-container-service-0.5.0-SNAPSHOT.jar!/webapps/static,AVAILABLE}
2019-09-25 07:32:04,215 [Datanode State Machine Thread - 0] INFO  datanode.InitDatanodeState (InitDatanodeState.java:persistContainerDatanodeDetails(140)) - DatanodeDetails is persisted to /workdir/hadoop-ozone/tools/target/test-dir/MiniOzoneClusterImpl-74379f76-0ce6-44ed-853e-bfc2db7901f5/datanode-0/meta/datanode.id
2019-09-25 07:32:04,219 [Datanode State Machine Thread - 0] INFO  datanode.InitDatanodeState (InitDatanodeState.java:persistContainerDatanodeDetails(140)) - DatanodeDetails is persisted to /workdir/hadoop-ozone/tools/target/test-dir/MiniOzoneClusterImpl-74379f76-0ce6-44ed-853e-bfc2db7901f5/datanode-1/meta/datanode.id
2019-09-25 07:32:04,232 [main] INFO  handler.ContextHandler (ContextHandler.java:doStart(781)) - Started o.e.j.w.WebAppContext@3cd9aa64{/,file:///tmp/jetty-0.0.0.0-46517-hddsDatanode-_-any-904822015470183940.dir/webapp/,AVAILABLE}{/hddsDatanode}
2019-09-25 07:32:04,232 [main] INFO  server.AbstractConnector (AbstractConnector.java:doStart(278)) - Started ServerConnector@42b84286{HTTP/1.1,[http/1.1]}{0.0.0.0:46517}
2019-09-25 07:32:04,233 [main] INFO  server.Server (Server.java:doStart(419)) - Started @5859ms
2019-09-25 07:32:04,233 [main] WARN  impl.MetricsSystemImpl (MetricsSystemImpl.java:register(276)) - Sink prometheus already exists!
2019-09-25 07:32:04,235 [main] INFO  server.BaseHttpServer (BaseHttpServer.java:updateConnectorAddress(215)) - HTTP server of HDDSDATANODE is listening at http://0.0.0.0:46517
2019-09-25 07:32:04,238 [main] INFO  ozone.MiniOzoneClusterImpl (MiniOzoneClusterImpl.java:lambda$waitForClusterToBeReady$0(147)) - Waiting for cluster to be ready. Got 0 of 3 DN Heartbeats.
2019-09-25 07:32:04,238 [org.apache.hadoop.util.JvmPauseMonitor$Monitor@7bc55e33] INFO  util.JvmPauseMonitor (JvmPauseMonitor.java:run(188)) - Starting JVM pause monitor
2019-09-25 07:32:04,241 [Datanode State Machine Thread - 0] INFO  datanode.InitDatanodeState (InitDatanodeState.java:persistContainerDatanodeDetails(140)) - DatanodeDetails is persisted to /workdir/hadoop-ozone/tools/target/test-dir/MiniOzoneClusterImpl-74379f76-0ce6-44ed-853e-bfc2db7901f5/datanode-2/meta/datanode.id
2019-09-25 07:32:05,238 [main] INFO  ozone.MiniOzoneClusterImpl (MiniOzoneClusterImpl.java:lambda$waitForClusterToBeReady$0(147)) - Waiting for cluster to be ready. Got 0 of 3 DN Heartbeats.
2019-09-25 07:32:06,144 [Datanode State Machine Thread - 0] INFO  ozoneimpl.OzoneContainer (OzoneContainer.java:start(217)) - Attempting to start container services.
2019-09-25 07:32:06,147 [Datanode State Machine Thread - 0] INFO  ozoneimpl.OzoneContainer (OzoneContainer.java:startContainerScrub(179)) - Background container scanner has been disabled.
2019-09-25 07:32:06,148 [Datanode State Machine Thread - 0] INFO  ratis.XceiverServerRatis (XceiverServerRatis.java:start(411)) - Starting XceiverServerRatis c49662a2-8e37-45f0-9294-af49a4d2b7d6 at port 0
2019-09-25 07:32:06,176 [Datanode State Machine Thread - 0] INFO  impl.RaftServerProxy (RaftServerProxy.java:lambda$start$3(299)) - c49662a2-8e37-45f0-9294-af49a4d2b7d6: start RPC server
2019-09-25 07:32:06,181 [Datanode State Machine Thread - 0] INFO  ozoneimpl.OzoneContainer (OzoneContainer.java:start(217)) - Attempting to start container services.
2019-09-25 07:32:06,187 [Datanode State Machine Thread - 0] INFO  ozoneimpl.OzoneContainer (OzoneContainer.java:startContainerScrub(179)) - Background container scanner has been disabled.
2019-09-25 07:32:06,188 [Datanode State Machine Thread - 0] INFO  ratis.XceiverServerRatis (XceiverServerRatis.java:start(411)) - Starting XceiverServerRatis bb17b402-82ee-4379-828e-7ca8ec673ddb at port 0
2019-09-25 07:32:06,202 [Datanode State Machine Thread - 0] INFO  impl.RaftServerProxy (RaftServerProxy.java:lambda$start$3(299)) - bb17b402-82ee-4379-828e-7ca8ec673ddb: start RPC server
2019-09-25 07:32:06,239 [main] INFO  ozone.MiniOzoneClusterImpl (MiniOzoneClusterImpl.java:lambda$waitForClusterToBeReady$0(147)) - Waiting for cluster to be ready. Got 0 of 3 DN Heartbeats.
2019-09-25 07:32:06,255 [Datanode State Machine Thread - 0] INFO  ozoneimpl.OzoneContainer (OzoneContainer.java:start(217)) - Attempting to start container services.
2019-09-25 07:32:06,257 [Datanode State Machine Thread - 0] INFO  ozoneimpl.OzoneContainer (OzoneContainer.java:startContainerScrub(179)) - Background container scanner has been disabled.
2019-09-25 07:32:06,257 [Datanode State Machine Thread - 0] INFO  ratis.XceiverServerRatis (XceiverServerRatis.java:start(411)) - Starting XceiverServerRatis 202d3a0a-92d1-410a-a5b1-c2ff28078e56 at port 0
2019-09-25 07:32:06,267 [Datanode State Machine Thread - 0] INFO  impl.RaftServerProxy (RaftServerProxy.java:lambda$start$3(299)) - 202d3a0a-92d1-410a-a5b1-c2ff28078e56: start RPC server
2019-09-25 07:32:06,350 [Datanode State Machine Thread - 0] INFO  server.GrpcService (GrpcService.java:startImpl(158)) - bb17b402-82ee-4379-828e-7ca8ec673ddb: GrpcService started, listening on 0.0.0.0/0.0.0.0:35392
2019-09-25 07:32:06,350 [Datanode State Machine Thread - 0] INFO  server.GrpcService (GrpcService.java:startImpl(158)) - c49662a2-8e37-45f0-9294-af49a4d2b7d6: GrpcService started, listening on 0.0.0.0/0.0.0.0:44905
2019-09-25 07:32:06,350 [Datanode State Machine Thread - 0] INFO  server.GrpcService (GrpcService.java:startImpl(158)) - 202d3a0a-92d1-410a-a5b1-c2ff28078e56: GrpcService started, listening on 0.0.0.0/0.0.0.0:44257
2019-09-25 07:32:06,352 [Datanode State Machine Thread - 0] INFO  ratis.XceiverServerRatis (XceiverServerRatis.java:start(421)) - XceiverServerRatis c49662a2-8e37-45f0-9294-af49a4d2b7d6 is started using port 44905
2019-09-25 07:32:06,351 [Datanode State Machine Thread - 0] INFO  ratis.XceiverServerRatis (XceiverServerRatis.java:start(421)) - XceiverServerRatis bb17b402-82ee-4379-828e-7ca8ec673ddb is started using port 35392
2019-09-25 07:32:06,352 [Datanode State Machine Thread - 0] INFO  ratis.XceiverServerRatis (XceiverServerRatis.java:start(421)) - XceiverServerRatis 202d3a0a-92d1-410a-a5b1-c2ff28078e56 is started using port 44257
2019-09-25 07:32:06,358 [Datanode State Machine Thread - 0] INFO  server.XceiverServerGrpc (XceiverServerGrpc.java:start(149)) - XceiverServerGrpc 202d3a0a-92d1-410a-a5b1-c2ff28078e56 is started using port 38570
2019-09-25 07:32:06,358 [Datanode State Machine Thread - 0] INFO  server.XceiverServerGrpc (XceiverServerGrpc.java:start(149)) - XceiverServerGrpc bb17b402-82ee-4379-828e-7ca8ec673ddb is started using port 39590
2019-09-25 07:32:06,358 [Datanode State Machine Thread - 0] INFO  server.XceiverServerGrpc (XceiverServerGrpc.java:start(149)) - XceiverServerGrpc c49662a2-8e37-45f0-9294-af49a4d2b7d6 is started using port 45076
2019-09-25 07:32:07,240 [main] INFO  ozone.MiniOzoneClusterImpl (MiniOzoneClusterImpl.java:lambda$waitForClusterToBeReady$0(147)) - Waiting for cluster to be ready. Got 0 of 3 DN Heartbeats.
2019-09-25 07:32:08,135 [IPC Server handler 18 on 45549] INFO  net.NetworkTopology (NetworkTopologyImpl.java:add(111)) - Added a new node: /default-rack/c49662a2-8e37-45f0-9294-af49a4d2b7d6
2019-09-25 07:32:08,136 [IPC Server handler 18 on 45549] INFO  node.SCMNodeManager (SCMNodeManager.java:register(266)) - Registered Data node : c49662a2-8e37-45f0-9294-af49a4d2b7d6{ip: 192.168.151.106, host: pr-hdds-1569-x2sr2-3486766547, networkLocation: /default-rack, certSerialId: null}
2019-09-25 07:32:08,142 [EventQueue-NodeRegistrationContainerReportForDataNodeSafeModeRule] INFO  safemode.SCMSafeModeManager (DataNodeSafeModeRule.java:process(71)) - SCM in safe mode. 1 DataNodes registered, 1 required.
2019-09-25 07:32:08,142 [EventQueue-NodeRegistrationContainerReportForDataNodeSafeModeRule] INFO  safemode.SCMSafeModeManager (SCMSafeModeManager.java:validateSafeModeExitRules(177)) - ScmSafeModeManager, all rules are successfully validated
2019-09-25 07:32:08,142 [EventQueue-NodeRegistrationContainerReportForDataNodeSafeModeRule] INFO  safemode.SCMSafeModeManager (SCMSafeModeManager.java:exitSafeMode(193)) - SCM exiting safe mode.
2019-09-25 07:32:08,163 [IPC Server handler 16 on 45549] INFO  net.NetworkTopology (NetworkTopologyImpl.java:add(111)) - Added a new node: /default-rack/bb17b402-82ee-4379-828e-7ca8ec673ddb
2019-09-25 07:32:08,164 [IPC Server handler 16 on 45549] INFO  node.SCMNodeManager (SCMNodeManager.java:register(266)) - Registered Data node : bb17b402-82ee-4379-828e-7ca8ec673ddb{ip: 192.168.151.106, host: pr-hdds-1569-x2sr2-3486766547, networkLocation: /default-rack, certSerialId: null}
2019-09-25 07:32:08,240 [main] INFO  ozone.MiniOzoneClusterImpl (MiniOzoneClusterImpl.java:lambda$waitForClusterToBeReady$0(147)) - Waiting for cluster to be ready. Got 2 of 3 DN Heartbeats.
2019-09-25 07:32:08,243 [IPC Server handler 15 on 45549] INFO  net.NetworkTopology (NetworkTopologyImpl.java:add(111)) - Added a new node: /default-rack/202d3a0a-92d1-410a-a5b1-c2ff28078e56
2019-09-25 07:32:08,243 [IPC Server handler 15 on 45549] INFO  node.SCMNodeManager (SCMNodeManager.java:register(266)) - Registered Data node : 202d3a0a-92d1-410a-a5b1-c2ff28078e56{ip: 192.168.151.106, host: pr-hdds-1569-x2sr2-3486766547, networkLocation: /default-rack, certSerialId: null}
2019-09-25 07:32:08,666 [grpc-default-executor-0] INFO  impl.RaftServerProxy (RaftServerProxy.java:addNew(89)) - c49662a2-8e37-45f0-9294-af49a4d2b7d6: addNew group-B07DCD72E8E5:[c49662a2-8e37-45f0-9294-af49a4d2b7d6:192.168.151.106:44905] returns group-B07DCD72E8E5:java.util.concurrent.CompletableFuture@4da0becf[Not completed]
2019-09-25 07:32:08,687 [pool-27-thread-1] INFO  impl.RaftServerImpl (RaftServerImpl.java:<init>(95)) - c49662a2-8e37-45f0-9294-af49a4d2b7d6: new RaftServerImpl for group-B07DCD72E8E5:[c49662a2-8e37-45f0-9294-af49a4d2b7d6:192.168.151.106:44905] with ContainerStateMachine:uninitialized
2019-09-25 07:32:08,691 [pool-27-thread-1] INFO  server.RaftServerConfigKeys (ConfUtils.java:logGet(43)) - raft.server.rpc.timeout.min = 5s (custom)
2019-09-25 07:32:08,692 [pool-27-thread-1] INFO  server.RaftServerConfigKeys (ConfUtils.java:logGet(43)) - raft.server.rpc.timeout.max = 5200ms (custom)
2019-09-25 07:32:08,692 [pool-27-thread-1] INFO  server.RaftServerConfigKeys (ConfUtils.java:logGet(43)) - raft.server.rpcslowness.timeout = 120s (custom)
2019-09-25 07:32:08,693 [pool-27-thread-1] INFO  server.RaftServerConfigKeys (ConfUtils.java:logGet(43)) - raft.server.sleep.deviation.threshold = 300 (default)
2019-09-25 07:32:08,693 [pool-27-thread-1] INFO  server.RaftServerConfigKeys (ConfUtils.java:logGet(43)) - raft.server.log.appender.install.snapshot.enabled = false (custom)
2019-09-25 07:32:08,703 [pool-27-thread-1] INFO  impl.RaftServerImpl (ServerState.java:<init>(103)) - c49662a2-8e37-45f0-9294-af49a4d2b7d6@group-B07DCD72E8E5: ConfigurationManager, init=-1: [c49662a2-8e37-45f0-9294-af49a4d2b7d6:192.168.151.106:44905], old=null, confs=<EMPTY_MAP>
2019-09-25 07:32:08,704 [pool-27-thread-1] INFO  server.RaftServerConfigKeys (ConfUtils.java:logGet(43)) - raft.server.storage.dir = [/workdir/hadoop-ozone/tools/target/test-dir/MiniOzoneClusterImpl-74379f76-0ce6-44ed-853e-bfc2db7901f5/datanode-0/data/ratis] (custom)
2019-09-25 07:32:08,714 [pool-27-thread-1] INFO  storage.RaftStorageDirectory (RaftStorageDirectory.java:analyzeStorage(246)) - The storage directory /workdir/hadoop-ozone/tools/target/test-dir/MiniOzoneClusterImpl-74379f76-0ce6-44ed-853e-bfc2db7901f5/datanode-0/data/ratis/3660f22a-ed09-42c5-a7d3-b07dcd72e8e5 does not exist. Creating ...
2019-09-25 07:32:08,746 [pool-27-thread-1] INFO  storage.RaftStorageDirectory (RaftStorageDirectory.java:tryLock(328)) - Lock on /workdir/hadoop-ozone/tools/target/test-dir/MiniOzoneClusterImpl-74379f76-0ce6-44ed-853e-bfc2db7901f5/datanode-0/data/ratis/3660f22a-ed09-42c5-a7d3-b07dcd72e8e5/in_use.lock acquired by nodename 24320@pr-hdds-1569-x2sr2-3486766547
2019-09-25 07:32:08,761 [pool-27-thread-1] INFO  storage.RaftStorage (RaftStorage.java:format(72)) - Storage directory /workdir/hadoop-ozone/tools/target/test-dir/MiniOzoneClusterImpl-74379f76-0ce6-44ed-853e-bfc2db7901f5/datanode-0/data/ratis/3660f22a-ed09-42c5-a7d3-b07dcd72e8e5 has been successfully formatted.
2019-09-25 07:32:08,763 [pool-27-thread-1] INFO  ratis.ContainerStateMachine (ContainerStateMachine.java:loadSnapshot(230)) - group-B07DCD72E8E5: The snapshot info is null. Setting the last applied indexto:(t:0, i:~)
2019-09-25 07:32:08,764 [pool-27-thread-1] INFO  server.RaftServerConfigKeys (ConfUtils.java:logGet(43)) - raft.server.notification.no-leader.timeout = 120s (custom)
2019-09-25 07:32:08,766 [pool-27-thread-1] INFO  server.RaftServerConfigKeys (ConfUtils.java:logGet(43)) - raft.server.log.use.memory = false (default)
2019-09-25 07:32:08,771 [pool-27-thread-1] INFO  server.RaftServerConfigKeys (ConfUtils.java:logGet(43)) - raft.server.log.purge.gap = 1000000 (custom)
2019-09-25 07:32:08,771 [pool-27-thread-1] INFO  server.RaftServerConfigKeys (ConfUtils.java:logGet(43)) - raft.server.log.appender.buffer.byte-limit = 33554432 (custom)
2019-09-25 07:32:08,773 [pool-27-thread-1] INFO  server.RaftServerConfigKeys (ConfUtils.java:logGet(43)) - raft.server.log.segment.size.max = 1048576 (custom)
2019-09-25 07:32:08,777 [pool-27-thread-1] INFO  server.RaftServerConfigKeys (ConfUtils.java:logGet(43)) - raft.server.log.segment.cache.num.max = 2 (custom)
2019-09-25 07:32:08,782 [pool-27-thread-1] INFO  segmented.SegmentedRaftLogWorker (SegmentedRaftLogWorker.java:<init>(172)) - new c49662a2-8e37-45f0-9294-af49a4d2b7d6@group-B07DCD72E8E5-SegmentedRaftLogWorker for RaftStorage:Storage Directory /workdir/hadoop-ozone/tools/target/test-dir/MiniOzoneClusterImpl-74379f76-0ce6-44ed-853e-bfc2db7901f5/datanode-0/data/ratis/3660f22a-ed09-42c5-a7d3-b07dcd72e8e5
2019-09-25 07:32:08,784 [pool-27-thread-1] INFO  impl.MetricsSystemImpl (MetricsSystemImpl.java:init(158)) - ratis metrics system started (again)
2019-09-25 07:32:08,790 [pool-27-thread-1] INFO  metrics.MetricRegistries (MetricRegistriesLoader.java:load(64)) - Loaded MetricRegistries class org.apache.ratis.metrics.impl.MetricRegistriesImpl
2019-09-25 07:32:08,817 [pool-27-thread-1] INFO  server.RaftServerConfigKeys (ConfUtils.java:logGet(43)) - raft.server.log.queue.byte-limit = 2147483647 (custom)
2019-09-25 07:32:08,818 [pool-27-thread-1] INFO  server.RaftServerConfigKeys (ConfUtils.java:logGet(43)) - raft.server.log.queue.element-limit = 1024 (custom)
2019-09-25 07:32:08,821 [pool-27-thread-1] INFO  server.RaftServerConfigKeys (ConfUtils.java:logGet(43)) - raft.server.log.segment.size.max = 1048576 (custom)
2019-09-25 07:32:08,822 [pool-27-thread-1] INFO  server.RaftServerConfigKeys (ConfUtils.java:logGet(43)) - raft.server.log.preallocated.size = 16384 (custom)
2019-09-25 07:32:08,822 [pool-27-thread-1] INFO  server.RaftServerConfigKeys (ConfUtils.java:logGet(43)) - raft.server.log.write.buffer.size = 33554432 (custom)
2019-09-25 07:32:08,823 [pool-27-thread-1] INFO  server.RaftServerConfigKeys (ConfUtils.java:logGet(43)) - raft.server.log.force.sync.num = 128 (default)
2019-09-25 07:32:08,824 [pool-27-thread-1] INFO  server.RaftServerConfigKeys (ConfUtils.java:logGet(43)) - raft.server.log.statemachine.data.sync = true (default)
2019-09-25 07:32:08,824 [pool-27-thread-1] INFO  server.RaftServerConfigKeys (ConfUtils.java:logGet(43)) - raft.server.log.statemachine.data.sync.timeout = 10s (default)
2019-09-25 07:32:08,825 [pool-27-thread-1] INFO  server.RaftServerConfigKeys (ConfUtils.java:logGet(43)) - raft.server.log.statemachine.data.sync.timeout.retry = -1 (default)
2019-09-25 07:32:08,834 [pool-27-thread-1] INFO  server.RaftServerConfigKeys (ConfUtils.java:logGet(43)) - raft.server.log.statemachine.data.caching.enabled = true (custom)
2019-09-25 07:32:08,838 [pool-27-thread-1] INFO  segmented.SegmentedRaftLogWorker (SegmentedRaftLogWorker.java:lambda$new$0(132)) - c49662a2-8e37-45f0-9294-af49a4d2b7d6@group-B07DCD72E8E5-SegmentedRaftLogWorker: flushIndex: setUnconditionally 0 -> -1
2019-09-25 07:32:08,843 [pool-27-thread-1] INFO  server.RaftServerConfigKeys (ConfUtils.java:logGet(43)) - raft.server.snapshot.auto.trigger.enabled = true (custom)
2019-09-25 07:32:08,844 [pool-27-thread-1] INFO  server.RaftServerConfigKeys (ConfUtils.java:logGet(43)) - raft.server.snapshot.auto.trigger.threshold = 10000 (custom)
2019-09-25 07:32:08,845 [pool-27-thread-1] INFO  server.RaftServerConfigKeys (ConfUtils.java:logGet(43)) - raft.server.snapshot.retention.num.files = 5 (custom)
2019-09-25 07:32:08,849 [pool-27-thread-1] INFO  server.RaftServerConfigKeys (ConfUtils.java:logGet(43)) - raft.server.retrycache.expirytime = 600000ms (custom)
2019-09-25 07:32:08,875 [pool-27-thread-1] INFO  impl.RaftServerImpl (RaftServerImpl.java:start(185)) - c49662a2-8e37-45f0-9294-af49a4d2b7d6@group-B07DCD72E8E5: start as a follower, conf=-1: [c49662a2-8e37-45f0-9294-af49a4d2b7d6:192.168.151.106:44905], old=null
2019-09-25 07:32:08,876 [pool-27-thread-1] INFO  impl.RaftServerImpl (RaftServerImpl.java:setRole(174)) - c49662a2-8e37-45f0-9294-af49a4d2b7d6@group-B07DCD72E8E5: changes role from      null to FOLLOWER at term 0 for startAsFollower
2019-09-25 07:32:08,877 [pool-27-thread-1] INFO  impl.RoleInfo (RoleInfo.java:updateAndGet(143)) - c49662a2-8e37-45f0-9294-af49a4d2b7d6: start FollowerState
2019-09-25 07:32:08,879 [pool-27-thread-1] INFO  util.JmxRegister (JmxRegister.java:tryRegister(44)) - Successfully registered JMX Bean with object name Ratis:service=RaftServer,group=group-B07DCD72E8E5,id=c49662a2-8e37-45f0-9294-af49a4d2b7d6
2019-09-25 07:32:08,935 [RatisPipelineUtilsThread] INFO  pipeline.PipelineStateManager (PipelineStateManager.java:addPipeline(56)) - Created pipeline Pipeline[ Id: 3660f22a-ed09-42c5-a7d3-b07dcd72e8e5, Nodes: c49662a2-8e37-45f0-9294-af49a4d2b7d6{ip: 192.168.151.106, host: pr-hdds-1569-x2sr2-3486766547, networkLocation: /default-rack, certSerialId: null}, Type:RATIS, Factor:ONE, State:OPEN]
2019-09-25 07:32:08,951 [grpc-default-executor-0] INFO  impl.RaftServerProxy (RaftServerProxy.java:addNew(89)) - c49662a2-8e37-45f0-9294-af49a4d2b7d6: addNew group-AD6D649FAC43:[c49662a2-8e37-45f0-9294-af49a4d2b7d6:192.168.151.106:44905] returns group-AD6D649FAC43:java.util.concurrent.CompletableFuture@51817fe9[Not completed]
2019-09-25 07:32:08,954 [pool-27-thread-1] INFO  impl.RaftServerImpl (RaftServerImpl.java:<init>(95)) - c49662a2-8e37-45f0-9294-af49a4d2b7d6: new RaftServerImpl for group-AD6D649FAC43:[c49662a2-8e37-45f0-9294-af49a4d2b7d6:192.168.151.106:44905] with ContainerStateMachine:uninitialized
2019-09-25 07:32:08,954 [pool-27-thread-1] INFO  server.RaftServerConfigKeys (ConfUtils.java:logGet(43)) - raft.server.rpc.timeout.min = 5s (custom)
2019-09-25 07:32:08,954 [pool-27-thread-1] INFO  server.RaftServerConfigKeys (ConfUtils.java:logGet(43)) - raft.server.rpc.timeout.max = 5200ms (custom)
2019-09-25 07:32:08,955 [pool-27-thread-1] INFO  server.RaftServerConfigKeys (ConfUtils.java:logGet(43)) - raft.server.rpcslowness.timeout = 120s (custom)
2019-09-25 07:32:08,955 [pool-27-thread-1] INFO  server.RaftServerConfigKeys (ConfUtils.java:logGet(43)) - raft.server.sleep.deviation.threshold = 300 (default)
2019-09-25 07:32:08,955 [pool-27-thread-1] INFO  server.RaftServerConfigKeys (ConfUtils.java:logGet(43)) - raft.server.log.appender.install.snapshot.enabled = false (custom)
2019-09-25 07:32:08,955 [pool-27-thread-1] INFO  impl.RaftServerImpl (ServerState.java:<init>(103)) - c49662a2-8e37-45f0-9294-af49a4d2b7d6@group-AD6D649FAC43: ConfigurationManager, init=-1: [c49662a2-8e37-45f0-9294-af49a4d2b7d6:192.168.151.106:44905], old=null, confs=<EMPTY_MAP>
2019-09-25 07:32:08,955 [pool-27-thread-1] INFO  server.RaftServerConfigKeys (ConfUtils.java:logGet(43)) - raft.server.storage.dir = [/workdir/hadoop-ozone/tools/target/test-dir/MiniOzoneClusterImpl-74379f76-0ce6-44ed-853e-bfc2db7901f5/datanode-0/data/ratis] (custom)
2019-09-25 07:32:08,956 [pool-27-thread-1] INFO  storage.RaftStorageDirectory (RaftStorageDirectory.java:analyzeStorage(246)) - The storage directory /workdir/hadoop-ozone/tools/target/test-dir/MiniOzoneClusterImpl-74379f76-0ce6-44ed-853e-bfc2db7901f5/datanode-0/data/ratis/2f8bda5a-8ad8-4e4b-bd2d-ad6d649fac43 does not exist. Creating ...
2019-09-25 07:32:08,971 [pool-27-thread-1] INFO  storage.RaftStorageDirectory (RaftStorageDirectory.java:tryLock(328)) - Lock on /workdir/hadoop-ozone/tools/target/test-dir/MiniOzoneClusterImpl-74379f76-0ce6-44ed-853e-bfc2db7901f5/datanode-0/data/ratis/2f8bda5a-8ad8-4e4b-bd2d-ad6d649fac43/in_use.lock acquired by nodename 24320@pr-hdds-1569-x2sr2-3486766547
2019-09-25 07:32:08,983 [pool-27-thread-1] INFO  storage.RaftStorage (RaftStorage.java:format(72)) - Storage directory /workdir/hadoop-ozone/tools/target/test-dir/MiniOzoneClusterImpl-74379f76-0ce6-44ed-853e-bfc2db7901f5/datanode-0/data/ratis/2f8bda5a-8ad8-4e4b-bd2d-ad6d649fac43 has been successfully formatted.
2019-09-25 07:32:08,984 [pool-27-thread-1] INFO  ratis.ContainerStateMachine (ContainerStateMachine.java:loadSnapshot(230)) - group-AD6D649FAC43: The snapshot info is null. Setting the last applied indexto:(t:0, i:~)
2019-09-25 07:32:08,984 [pool-27-thread-1] INFO  server.RaftServerConfigKeys (ConfUtils.java:logGet(43)) - raft.server.notification.no-leader.timeout = 120s (custom)
2019-09-25 07:32:08,984 [pool-27-thread-1] INFO  server.RaftServerConfigKeys (ConfUtils.java:logGet(43)) - raft.server.log.use.memory = false (default)
2019-09-25 07:32:08,984 [pool-27-thread-1] INFO  server.RaftServerConfigKeys (ConfUtils.java:logGet(43)) - raft.server.log.purge.gap = 1000000 (custom)
2019-09-25 07:32:08,985 [pool-27-thread-1] INFO  server.RaftServerConfigKeys (ConfUtils.java:logGet(43)) - raft.server.log.appender.buffer.byte-limit = 33554432 (custom)
2019-09-25 07:32:08,985 [pool-27-thread-1] INFO  server.RaftServerConfigKeys (ConfUtils.java:logGet(43)) - raft.server.log.segment.size.max = 1048576 (custom)
2019-09-25 07:32:08,985 [pool-27-thread-1] INFO  server.RaftServerConfigKeys (ConfUtils.java:logGet(43)) - raft.server.log.segment.cache.num.max = 2 (custom)
2019-09-25 07:32:08,985 [pool-27-thread-1] INFO  segmented.SegmentedRaftLogWorker (SegmentedRaftLogWorker.java:<init>(172)) - new c49662a2-8e37-45f0-9294-af49a4d2b7d6@group-AD6D649FAC43-SegmentedRaftLogWorker for RaftStorage:Storage Directory /workdir/hadoop-ozone/tools/target/test-dir/MiniOzoneClusterImpl-74379f76-0ce6-44ed-853e-bfc2db7901f5/datanode-0/data/ratis/2f8bda5a-8ad8-4e4b-bd2d-ad6d649fac43
2019-09-25 07:32:08,985 [pool-27-thread-1] INFO  server.RaftServerConfigKeys (ConfUtils.java:logGet(43)) - raft.server.log.queue.byte-limit = 2147483647 (custom)
2019-09-25 07:32:08,986 [pool-27-thread-1] INFO  server.RaftServerConfigKeys (ConfUtils.java:logGet(43)) - raft.server.log.queue.element-limit = 1024 (custom)
2019-09-25 07:32:08,986 [pool-27-thread-1] INFO  server.RaftServerConfigKeys (ConfUtils.java:logGet(43)) - raft.server.log.segment.size.max = 1048576 (custom)
2019-09-25 07:32:08,986 [pool-27-thread-1] INFO  server.RaftServerConfigKeys (ConfUtils.java:logGet(43)) - raft.server.log.preallocated.size = 16384 (custom)
2019-09-25 07:32:08,986 [pool-27-thread-1] INFO  server.RaftServerConfigKeys (ConfUtils.java:logGet(43)) - raft.server.log.write.buffer.size = 33554432 (custom)
2019-09-25 07:32:08,987 [pool-27-thread-1] INFO  server.RaftServerConfigKeys (ConfUtils.java:logGet(43)) - raft.server.log.force.sync.num = 128 (default)
2019-09-25 07:32:08,987 [pool-27-thread-1] INFO  server.RaftServerConfigKeys (ConfUtils.java:logGet(43)) - raft.server.log.statemachine.data.sync = true (default)
2019-09-25 07:32:08,987 [pool-27-thread-1] INFO  server.RaftServerConfigKeys (ConfUtils.java:logGet(43)) - raft.server.log.statemachine.data.sync.timeout = 10s (default)
2019-09-25 07:32:08,987 [pool-27-thread-1] INFO  server.RaftServerConfigKeys (ConfUtils.java:logGet(43)) - raft.server.log.statemachine.data.sync.timeout.retry = -1 (default)
2019-09-25 07:32:08,987 [pool-27-thread-1] INFO  server.RaftServerConfigKeys (ConfUtils.java:logGet(43)) - raft.server.log.statemachine.data.caching.enabled = true (custom)
2019-09-25 07:32:08,988 [pool-27-thread-1] INFO  segmented.SegmentedRaftLogWorker (SegmentedRaftLogWorker.java:lambda$new$0(132)) - c49662a2-8e37-45f0-9294-af49a4d2b7d6@group-AD6D649FAC43-SegmentedRaftLogWorker: flushIndex: setUnconditionally 0 -> -1
2019-09-25 07:32:08,988 [pool-27-thread-1] INFO  server.RaftServerConfigKeys (ConfUtils.java:logGet(43)) - raft.server.snapshot.auto.trigger.enabled = true (custom)
2019-09-25 07:32:08,988 [pool-27-thread-1] INFO  server.RaftServerConfigKeys (ConfUtils.java:logGet(43)) - raft.server.snapshot.auto.trigger.threshold = 10000 (custom)
2019-09-25 07:32:08,989 [pool-27-thread-1] INFO  server.RaftServerConfigKeys (ConfUtils.java:logGet(43)) - raft.server.snapshot.retention.num.files = 5 (custom)
2019-09-25 07:32:08,989 [pool-27-thread-1] INFO  server.RaftServerConfigKeys (ConfUtils.java:logGet(43)) - raft.server.retrycache.expirytime = 600000ms (custom)
2019-09-25 07:32:08,994 [pool-27-thread-1] INFO  impl.RaftServerImpl (RaftServerImpl.java:start(185)) - c49662a2-8e37-45f0-9294-af49a4d2b7d6@group-AD6D649FAC43: start as a follower, conf=-1: [c49662a2-8e37-45f0-9294-af49a4d2b7d6:192.168.151.106:44905], old=null
2019-09-25 07:32:08,995 [pool-27-thread-1] INFO  impl.RaftServerImpl (RaftServerImpl.java:setRole(174)) - c49662a2-8e37-45f0-9294-af49a4d2b7d6@group-AD6D649FAC43: changes role from      null to FOLLOWER at term 0 for startAsFollower
2019-09-25 07:32:08,995 [pool-27-thread-1] INFO  impl.RoleInfo (RoleInfo.java:updateAndGet(143)) - c49662a2-8e37-45f0-9294-af49a4d2b7d6: start FollowerState
2019-09-25 07:32:08,995 [pool-27-thread-1] INFO  util.JmxRegister (JmxRegister.java:tryRegister(44)) - Successfully registered JMX Bean with object name Ratis:service=RaftServer,group=group-AD6D649FAC43,id=c49662a2-8e37-45f0-9294-af49a4d2b7d6
2019-09-25 07:32:09,007 [RatisPipelineUtilsThread] INFO  pipeline.PipelineStateManager (PipelineStateManager.java:addPipeline(56)) - Created pipeline Pipeline[ Id: 2f8bda5a-8ad8-4e4b-bd2d-ad6d649fac43, Nodes: c49662a2-8e37-45f0-9294-af49a4d2b7d6{ip: 192.168.151.106, host: pr-hdds-1569-x2sr2-3486766547, networkLocation: /default-rack, certSerialId: null}, Type:RATIS, Factor:ONE, State:OPEN]
2019-09-25 07:32:09,027 [grpc-default-executor-0] INFO  impl.RaftServerProxy (RaftServerProxy.java:addNew(89)) - 202d3a0a-92d1-410a-a5b1-c2ff28078e56: addNew group-71057536C638:[202d3a0a-92d1-410a-a5b1-c2ff28078e56:192.168.151.106:44257] returns group-71057536C638:java.util.concurrent.CompletableFuture@469e1277[Not completed]
2019-09-25 07:32:09,061 [pool-47-thread-1] INFO  impl.RaftServerImpl (RaftServerImpl.java:<init>(95)) - 202d3a0a-92d1-410a-a5b1-c2ff28078e56: new RaftServerImpl for group-71057536C638:[202d3a0a-92d1-410a-a5b1-c2ff28078e56:192.168.151.106:44257] with ContainerStateMachine:uninitialized
2019-09-25 07:32:09,063 [pool-47-thread-1] INFO  server.RaftServerConfigKeys (ConfUtils.java:logGet(43)) - raft.server.rpc.timeout.min = 5s (custom)
2019-09-25 07:32:09,063 [pool-47-thread-1] INFO  server.RaftServerConfigKeys (ConfUtils.java:logGet(43)) - raft.server.rpc.timeout.max = 5200ms (custom)
2019-09-25 07:32:09,063 [pool-47-thread-1] INFO  server.RaftServerConfigKeys (ConfUtils.java:logGet(43)) - raft.server.rpcslowness.timeout = 120s (custom)
2019-09-25 07:32:09,063 [pool-47-thread-1] INFO  server.RaftServerConfigKeys (ConfUtils.java:logGet(43)) - raft.server.sleep.deviation.threshold = 300 (default)
2019-09-25 07:32:09,063 [pool-47-thread-1] INFO  server.RaftServerConfigKeys (ConfUtils.java:logGet(43)) - raft.server.log.appender.install.snapshot.enabled = false (custom)
2019-09-25 07:32:09,064 [pool-47-thread-1] INFO  impl.RaftServerImpl (ServerState.java:<init>(103)) - 202d3a0a-92d1-410a-a5b1-c2ff28078e56@group-71057536C638: ConfigurationManager, init=-1: [202d3a0a-92d1-410a-a5b1-c2ff28078e56:192.168.151.106:44257], old=null, confs=<EMPTY_MAP>
2019-09-25 07:32:09,064 [pool-47-thread-1] INFO  server.RaftServerConfigKeys (ConfUtils.java:logGet(43)) - raft.server.storage.dir = [/workdir/hadoop-ozone/tools/target/test-dir/MiniOzoneClusterImpl-74379f76-0ce6-44ed-853e-bfc2db7901f5/datanode-2/data/ratis] (custom)
2019-09-25 07:32:09,064 [pool-47-thread-1] INFO  storage.RaftStorageDirectory (RaftStorageDirectory.java:analyzeStorage(246)) - The storage directory /workdir/hadoop-ozone/tools/target/test-dir/MiniOzoneClusterImpl-74379f76-0ce6-44ed-853e-bfc2db7901f5/datanode-2/data/ratis/996476f9-254d-474e-8171-71057536c638 does not exist. Creating ...
2019-09-25 07:32:09,088 [pool-47-thread-1] INFO  storage.RaftStorageDirectory (RaftStorageDirectory.java:tryLock(328)) - Lock on /workdir/hadoop-ozone/tools/target/test-dir/MiniOzoneClusterImpl-74379f76-0ce6-44ed-853e-bfc2db7901f5/datanode-2/data/ratis/996476f9-254d-474e-8171-71057536c638/in_use.lock acquired by nodename 24320@pr-hdds-1569-x2sr2-3486766547
2019-09-25 07:32:09,113 [pool-47-thread-1] INFO  storage.RaftStorage (RaftStorage.java:format(72)) - Storage directory /workdir/hadoop-ozone/tools/target/test-dir/MiniOzoneClusterImpl-74379f76-0ce6-44ed-853e-bfc2db7901f5/datanode-2/data/ratis/996476f9-254d-474e-8171-71057536c638 has been successfully formatted.
2019-09-25 07:32:09,114 [pool-47-thread-1] INFO  ratis.ContainerStateMachine (ContainerStateMachine.java:loadSnapshot(230)) - group-71057536C638: The snapshot info is null. Setting the last applied indexto:(t:0, i:~)
2019-09-25 07:32:09,115 [pool-47-thread-1] INFO  server.RaftServerConfigKeys (ConfUtils.java:logGet(43)) - raft.server.notification.no-leader.timeout = 120s (custom)
2019-09-25 07:32:09,115 [pool-47-thread-1] INFO  server.RaftServerConfigKeys (ConfUtils.java:logGet(43)) - raft.server.log.use.memory = false (default)
2019-09-25 07:32:09,116 [pool-47-thread-1] INFO  server.RaftServerConfigKeys (ConfUtils.java:logGet(43)) - raft.server.log.purge.gap = 1000000 (custom)
2019-09-25 07:32:09,116 [pool-47-thread-1] INFO  server.RaftServerConfigKeys (ConfUtils.java:logGet(43)) - raft.server.log.appender.buffer.byte-limit = 33554432 (custom)
2019-09-25 07:32:09,116 [pool-47-thread-1] INFO  server.RaftServerConfigKeys (ConfUtils.java:logGet(43)) - raft.server.log.segment.size.max = 1048576 (custom)
2019-09-25 07:32:09,116 [pool-47-thread-1] INFO  server.RaftServerConfigKeys (ConfUtils.java:logGet(43)) - raft.server.log.segment.cache.num.max = 2 (custom)
2019-09-25 07:32:09,116 [pool-47-thread-1] INFO  segmented.SegmentedRaftLogWorker (SegmentedRaftLogWorker.java:<init>(172)) - new 202d3a0a-92d1-410a-a5b1-c2ff28078e56@group-71057536C638-SegmentedRaftLogWorker for RaftStorage:Storage Directory /workdir/hadoop-ozone/tools/target/test-dir/MiniOzoneClusterImpl-74379f76-0ce6-44ed-853e-bfc2db7901f5/datanode-2/data/ratis/996476f9-254d-474e-8171-71057536c638
2019-09-25 07:32:09,123 [pool-47-thread-1] INFO  server.RaftServerConfigKeys (ConfUtils.java:logGet(43)) - raft.server.log.queue.byte-limit = 2147483647 (custom)
2019-09-25 07:32:09,124 [pool-47-thread-1] INFO  server.RaftServerConfigKeys (ConfUtils.java:logGet(43)) - raft.server.log.queue.element-limit = 1024 (custom)
2019-09-25 07:32:09,124 [pool-47-thread-1] INFO  server.RaftServerConfigKeys (ConfUtils.java:logGet(43)) - raft.server.log.segment.size.max = 1048576 (custom)
2019-09-25 07:32:09,124 [pool-47-thread-1] INFO  server.RaftServerConfigKeys (ConfUtils.java:logGet(43)) - raft.server.log.preallocated.size = 16384 (custom)
2019-09-25 07:32:09,124 [pool-47-thread-1] INFO  server.RaftServerConfigKeys (ConfUtils.java:logGet(43)) - raft.server.log.write.buffer.size = 33554432 (custom)
2019-09-25 07:32:09,125 [pool-47-thread-1] INFO  server.RaftServerConfigKeys (ConfUtils.java:logGet(43)) - raft.server.log.force.sync.num = 128 (default)
2019-09-25 07:32:09,125 [pool-47-thread-1] INFO  server.RaftServerConfigKeys (ConfUtils.java:logGet(43)) - raft.server.log.statemachine.data.sync = true (default)
2019-09-25 07:32:09,125 [pool-47-thread-1] INFO  server.RaftServerConfigKeys (ConfUtils.java:logGet(43)) - raft.server.log.statemachine.data.sync.timeout = 10s (default)
2019-09-25 07:32:09,125 [pool-47-thread-1] INFO  server.RaftServerConfigKeys (ConfUtils.java:logGet(43)) - raft.server.log.statemachine.data.sync.timeout.retry = -1 (default)
2019-09-25 07:32:09,126 [pool-47-thread-1] INFO  server.RaftServerConfigKeys (ConfUtils.java:logGet(43)) - raft.server.log.statemachine.data.caching.enabled = true (custom)
2019-09-25 07:32:09,126 [pool-47-thread-1] INFO  segmented.SegmentedRaftLogWorker (SegmentedRaftLogWorker.java:lambda$new$0(132)) - 202d3a0a-92d1-410a-a5b1-c2ff28078e56@group-71057536C638-SegmentedRaftLogWorker: flushIndex: setUnconditionally 0 -> -1
2019-09-25 07:32:09,126 [pool-47-thread-1] INFO  server.RaftServerConfigKeys (ConfUtils.java:logGet(43)) - raft.server.snapshot.auto.trigger.enabled = true (custom)
2019-09-25 07:32:09,127 [pool-47-thread-1] INFO  server.RaftServerConfigKeys (ConfUtils.java:logGet(43)) - raft.server.snapshot.auto.trigger.threshold = 10000 (custom)
2019-09-25 07:32:09,127 [pool-47-thread-1] INFO  server.RaftServerConfigKeys (ConfUtils.java:logGet(43)) - raft.server.snapshot.retention.num.files = 5 (custom)
2019-09-25 07:32:09,127 [pool-47-thread-1] INFO  server.RaftServerConfigKeys (ConfUtils.java:logGet(43)) - raft.server.retrycache.expirytime = 600000ms (custom)
2019-09-25 07:32:09,132 [pool-47-thread-1] INFO  impl.RaftServerImpl (RaftServerImpl.java:start(185)) - 202d3a0a-92d1-410a-a5b1-c2ff28078e56@group-71057536C638: start as a follower, conf=-1: [202d3a0a-92d1-410a-a5b1-c2ff28078e56:192.168.151.106:44257], old=null
2019-09-25 07:32:09,133 [pool-47-thread-1] INFO  impl.RaftServerImpl (RaftServerImpl.java:setRole(174)) - 202d3a0a-92d1-410a-a5b1-c2ff28078e56@group-71057536C638: changes role from      null to FOLLOWER at term 0 for startAsFollower
2019-09-25 07:32:09,133 [pool-47-thread-1] INFO  impl.RoleInfo (RoleInfo.java:updateAndGet(143)) - 202d3a0a-92d1-410a-a5b1-c2ff28078e56: start FollowerState
2019-09-25 07:32:09,134 [pool-47-thread-1] INFO  util.JmxRegister (JmxRegister.java:tryRegister(44)) - Successfully registered JMX Bean with object name Ratis:service=RaftServer,group=group-71057536C638,id=202d3a0a-92d1-410a-a5b1-c2ff28078e56
2019-09-25 07:32:09,146 [RatisPipelineUtilsThread] INFO  pipeline.PipelineStateManager (PipelineStateManager.java:addPipeline(56)) - Created pipeline Pipeline[ Id: 996476f9-254d-474e-8171-71057536c638, Nodes: 202d3a0a-92d1-410a-a5b1-c2ff28078e56{ip: 192.168.151.106, host: pr-hdds-1569-x2sr2-3486766547, networkLocation: /default-rack, certSerialId: null}, Type:RATIS, Factor:ONE, State:OPEN]
2019-09-25 07:32:09,166 [grpc-default-executor-0] INFO  impl.RaftServerProxy (RaftServerProxy.java:addNew(89)) - 202d3a0a-92d1-410a-a5b1-c2ff28078e56: addNew group-EDD22E48E0A1:[202d3a0a-92d1-410a-a5b1-c2ff28078e56:192.168.151.106:44257] returns group-EDD22E48E0A1:java.util.concurrent.CompletableFuture@63e9b61d[Not completed]
2019-09-25 07:32:09,167 [pool-47-thread-1] INFO  impl.RaftServerImpl (RaftServerImpl.java:<init>(95)) - 202d3a0a-92d1-410a-a5b1-c2ff28078e56: new RaftServerImpl for group-EDD22E48E0A1:[202d3a0a-92d1-410a-a5b1-c2ff28078e56:192.168.151.106:44257] with ContainerStateMachine:uninitialized
2019-09-25 07:32:09,167 [pool-47-thread-1] INFO  server.RaftServerConfigKeys (ConfUtils.java:logGet(43)) - raft.server.rpc.timeout.min = 5s (custom)
2019-09-25 07:32:09,168 [pool-47-thread-1] INFO  server.RaftServerConfigKeys (ConfUtils.java:logGet(43)) - raft.server.rpc.timeout.max = 5200ms (custom)
2019-09-25 07:32:09,168 [pool-47-thread-1] INFO  server.RaftServerConfigKeys (ConfUtils.java:logGet(43)) - raft.server.rpcslowness.timeout = 120s (custom)
2019-09-25 07:32:09,168 [pool-47-thread-1] INFO  server.RaftServerConfigKeys (ConfUtils.java:logGet(43)) - raft.server.sleep.deviation.threshold = 300 (default)
2019-09-25 07:32:09,168 [pool-47-thread-1] INFO  server.RaftServerConfigKeys (ConfUtils.java:logGet(43)) - raft.server.log.appender.install.snapshot.enabled = false (custom)
2019-09-25 07:32:09,168 [pool-47-thread-1] INFO  impl.RaftServerImpl (ServerState.java:<init>(103)) - 202d3a0a-92d1-410a-a5b1-c2ff28078e56@group-EDD22E48E0A1: ConfigurationManager, init=-1: [202d3a0a-92d1-410a-a5b1-c2ff28078e56:192.168.151.106:44257], old=null, confs=<EMPTY_MAP>
2019-09-25 07:32:09,169 [pool-47-thread-1] INFO  server.RaftServerConfigKeys (ConfUtils.java:logGet(43)) - raft.server.storage.dir = [/workdir/hadoop-ozone/tools/target/test-dir/MiniOzoneClusterImpl-74379f76-0ce6-44ed-853e-bfc2db7901f5/datanode-2/data/ratis] (custom)
2019-09-25 07:32:09,169 [pool-47-thread-1] INFO  storage.RaftStorageDirectory (RaftStorageDirectory.java:analyzeStorage(246)) - The storage directory /workdir/hadoop-ozone/tools/target/test-dir/MiniOzoneClusterImpl-74379f76-0ce6-44ed-853e-bfc2db7901f5/datanode-2/data/ratis/14d5dbd6-b900-4656-aa26-edd22e48e0a1 does not exist. Creating ...
2019-09-25 07:32:09,192 [pool-47-thread-1] INFO  storage.RaftStorageDirectory (RaftStorageDirectory.java:tryLock(328)) - Lock on /workdir/hadoop-ozone/tools/target/test-dir/MiniOzoneClusterImpl-74379f76-0ce6-44ed-853e-bfc2db7901f5/datanode-2/data/ratis/14d5dbd6-b900-4656-aa26-edd22e48e0a1/in_use.lock acquired by nodename 24320@pr-hdds-1569-x2sr2-3486766547
2019-09-25 07:32:09,206 [pool-47-thread-1] INFO  storage.RaftStorage (RaftStorage.java:format(72)) - Storage directory /workdir/hadoop-ozone/tools/target/test-dir/MiniOzoneClusterImpl-74379f76-0ce6-44ed-853e-bfc2db7901f5/datanode-2/data/ratis/14d5dbd6-b900-4656-aa26-edd22e48e0a1 has been successfully formatted.
2019-09-25 07:32:09,207 [pool-47-thread-1] INFO  ratis.ContainerStateMachine (ContainerStateMachine.java:loadSnapshot(230)) - group-EDD22E48E0A1: The snapshot info is null. Setting the last applied indexto:(t:0, i:~)
2019-09-25 07:32:09,207 [pool-47-thread-1] INFO  server.RaftServerConfigKeys (ConfUtils.java:logGet(43)) - raft.server.notification.no-leader.timeout = 120s (custom)
2019-09-25 07:32:09,207 [pool-47-thread-1] INFO  server.RaftServerConfigKeys (ConfUtils.java:logGet(43)) - raft.server.log.use.memory = false (default)
2019-09-25 07:32:09,207 [pool-47-thread-1] INFO  server.RaftServerConfigKeys (ConfUtils.java:logGet(43)) - raft.server.log.purge.gap = 1000000 (custom)
2019-09-25 07:32:09,207 [pool-47-thread-1] INFO  server.RaftServerConfigKeys (ConfUtils.java:logGet(43)) - raft.server.log.appender.buffer.byte-limit = 33554432 (custom)
2019-09-25 07:32:09,208 [pool-47-thread-1] INFO  server.RaftServerConfigKeys (ConfUtils.java:logGet(43)) - raft.server.log.segment.size.max = 1048576 (custom)
2019-09-25 07:32:09,208 [pool-47-thread-1] INFO  server.RaftServerConfigKeys (ConfUtils.java:logGet(43)) - raft.server.log.segment.cache.num.max = 2 (custom)
2019-09-25 07:32:09,208 [pool-47-thread-1] INFO  segmented.SegmentedRaftLogWorker (SegmentedRaftLogWorker.java:<init>(172)) - new 202d3a0a-92d1-410a-a5b1-c2ff28078e56@group-EDD22E48E0A1-SegmentedRaftLogWorker for RaftStorage:Storage Directory /workdir/hadoop-ozone/tools/target/test-dir/MiniOzoneClusterImpl-74379f76-0ce6-44ed-853e-bfc2db7901f5/datanode-2/data/ratis/14d5dbd6-b900-4656-aa26-edd22e48e0a1
2019-09-25 07:32:09,208 [pool-47-thread-1] INFO  server.RaftServerConfigKeys (ConfUtils.java:logGet(43)) - raft.server.log.queue.byte-limit = 2147483647 (custom)
2019-09-25 07:32:09,208 [pool-47-thread-1] INFO  server.RaftServerConfigKeys (ConfUtils.java:logGet(43)) - raft.server.log.queue.element-limit = 1024 (custom)
2019-09-25 07:32:09,209 [pool-47-thread-1] INFO  server.RaftServerConfigKeys (ConfUtils.java:logGet(43)) - raft.server.log.segment.size.max = 1048576 (custom)
2019-09-25 07:32:09,209 [pool-47-thread-1] INFO  server.RaftServerConfigKeys (ConfUtils.java:logGet(43)) - raft.server.log.preallocated.size = 16384 (custom)
2019-09-25 07:32:09,209 [pool-47-thread-1] INFO  server.RaftServerConfigKeys (ConfUtils.java:logGet(43)) - raft.server.log.write.buffer.size = 33554432 (custom)
2019-09-25 07:32:09,209 [pool-47-thread-1] INFO  server.RaftServerConfigKeys (ConfUtils.java:logGet(43)) - raft.server.log.force.sync.num = 128 (default)
2019-09-25 07:32:09,209 [pool-47-thread-1] INFO  server.RaftServerConfigKeys (ConfUtils.java:logGet(43)) - raft.server.log.statemachine.data.sync = true (default)
2019-09-25 07:32:09,209 [pool-47-thread-1] INFO  server.RaftServerConfigKeys (ConfUtils.java:logGet(43)) - raft.server.log.statemachine.data.sync.timeout = 10s (default)
2019-09-25 07:32:09,210 [pool-47-thread-1] INFO  server.RaftServerConfigKeys (ConfUtils.java:logGet(43)) - raft.server.log.statemachine.data.sync.timeout.retry = -1 (default)
2019-09-25 07:32:09,210 [pool-47-thread-1] INFO  server.RaftServerConfigKeys (ConfUtils.java:logGet(43)) - raft.server.log.statemachine.data.caching.enabled = true (custom)
2019-09-25 07:32:09,210 [pool-47-thread-1] INFO  segmented.SegmentedRaftLogWorker (SegmentedRaftLogWorker.java:lambda$new$0(132)) - 202d3a0a-92d1-410a-a5b1-c2ff28078e56@group-EDD22E48E0A1-SegmentedRaftLogWorker: flushIndex: setUnconditionally 0 -> -1
2019-09-25 07:32:09,211 [pool-47-thread-1] INFO  server.RaftServerConfigKeys (ConfUtils.java:logGet(43)) - raft.server.snapshot.auto.trigger.enabled = true (custom)
2019-09-25 07:32:09,211 [pool-47-thread-1] INFO  server.RaftServerConfigKeys (ConfUtils.java:logGet(43)) - raft.server.snapshot.auto.trigger.threshold = 10000 (custom)
2019-09-25 07:32:09,211 [pool-47-thread-1] INFO  server.RaftServerConfigKeys (ConfUtils.java:logGet(43)) - raft.server.snapshot.retention.num.files = 5 (custom)
2019-09-25 07:32:09,211 [pool-47-thread-1] INFO  server.RaftServerConfigKeys (ConfUtils.java:logGet(43)) - raft.server.retrycache.expirytime = 600000ms (custom)
2019-09-25 07:32:09,216 [pool-47-thread-1] INFO  impl.RaftServerImpl (RaftServerImpl.java:start(185)) - 202d3a0a-92d1-410a-a5b1-c2ff28078e56@group-EDD22E48E0A1: start as a follower, conf=-1: [202d3a0a-92d1-410a-a5b1-c2ff28078e56:192.168.151.106:44257], old=null
2019-09-25 07:32:09,216 [pool-47-thread-1] INFO  impl.RaftServerImpl (RaftServerImpl.java:setRole(174)) - 202d3a0a-92d1-410a-a5b1-c2ff28078e56@group-EDD22E48E0A1: changes role from      null to FOLLOWER at term 0 for startAsFollower
2019-09-25 07:32:09,216 [pool-47-thread-1] INFO  impl.RoleInfo (RoleInfo.java:updateAndGet(143)) - 202d3a0a-92d1-410a-a5b1-c2ff28078e56: start FollowerState
2019-09-25 07:32:09,216 [pool-47-thread-1] INFO  util.JmxRegister (JmxRegister.java:tryRegister(44)) - Successfully registered JMX Bean with object name Ratis:service=RaftServer,group=group-EDD22E48E0A1,id=202d3a0a-92d1-410a-a5b1-c2ff28078e56
2019-09-25 07:32:09,228 [RatisPipelineUtilsThread] INFO  pipeline.PipelineStateManager (PipelineStateManager.java:addPipeline(56)) - Created pipeline Pipeline[ Id: 14d5dbd6-b900-4656-aa26-edd22e48e0a1, Nodes: 202d3a0a-92d1-410a-a5b1-c2ff28078e56{ip: 192.168.151.106, host: pr-hdds-1569-x2sr2-3486766547, networkLocation: /default-rack, certSerialId: null}, Type:RATIS, Factor:ONE, State:OPEN]
2019-09-25 07:32:09,242 [grpc-default-executor-0] INFO  impl.RaftServerProxy (RaftServerProxy.java:addNew(89)) - 202d3a0a-92d1-410a-a5b1-c2ff28078e56: addNew group-C47C3AB3403F:[202d3a0a-92d1-410a-a5b1-c2ff28078e56:192.168.151.106:44257] returns group-C47C3AB3403F:java.util.concurrent.CompletableFuture@7cd613e[Not completed]
2019-09-25 07:32:09,242 [main] INFO  ozone.MiniOzoneClusterImpl (MiniOzoneClusterImpl.java:lambda$waitForClusterToBeReady$0(147)) - Cluster is ready. Got 3 of 3 DN Heartbeats.
2019-09-25 07:32:09,243 [pool-47-thread-1] INFO  impl.RaftServerImpl (RaftServerImpl.java:<init>(95)) - 202d3a0a-92d1-410a-a5b1-c2ff28078e56: new RaftServerImpl for group-C47C3AB3403F:[202d3a0a-92d1-410a-a5b1-c2ff28078e56:192.168.151.106:44257] with ContainerStateMachine:uninitialized
2019-09-25 07:32:09,243 [pool-47-thread-1] INFO  server.RaftServerConfigKeys (ConfUtils.java:logGet(43)) - raft.server.rpc.timeout.min = 5s (custom)
2019-09-25 07:32:09,243 [pool-47-thread-1] INFO  server.RaftServerConfigKeys (ConfUtils.java:logGet(43)) - raft.server.rpc.timeout.max = 5200ms (custom)
2019-09-25 07:32:09,244 [pool-47-thread-1] INFO  server.RaftServerConfigKeys (ConfUtils.java:logGet(43)) - raft.server.rpcslowness.timeout = 120s (custom)
2019-09-25 07:32:09,244 [pool-47-thread-1] INFO  server.RaftServerConfigKeys (ConfUtils.java:logGet(43)) - raft.server.sleep.deviation.threshold = 300 (default)
2019-09-25 07:32:09,244 [pool-47-thread-1] INFO  server.RaftServerConfigKeys (ConfUtils.java:logGet(43)) - raft.server.log.appender.install.snapshot.enabled = false (custom)
2019-09-25 07:32:09,244 [pool-47-thread-1] INFO  impl.RaftServerImpl (ServerState.java:<init>(103)) - 202d3a0a-92d1-410a-a5b1-c2ff28078e56@group-C47C3AB3403F: ConfigurationManager, init=-1: [202d3a0a-92d1-410a-a5b1-c2ff28078e56:192.168.151.106:44257], old=null, confs=<EMPTY_MAP>
2019-09-25 07:32:09,244 [pool-47-thread-1] INFO  server.RaftServerConfigKeys (ConfUtils.java:logGet(43)) - raft.server.storage.dir = [/workdir/hadoop-ozone/tools/target/test-dir/MiniOzoneClusterImpl-74379f76-0ce6-44ed-853e-bfc2db7901f5/datanode-2/data/ratis] (custom)
2019-09-25 07:32:09,245 [pool-47-thread-1] INFO  storage.RaftStorageDirectory (RaftStorageDirectory.java:analyzeStorage(246)) - The storage directory /workdir/hadoop-ozone/tools/target/test-dir/MiniOzoneClusterImpl-74379f76-0ce6-44ed-853e-bfc2db7901f5/datanode-2/data/ratis/aade5652-875e-4b2b-960d-c47c3ab3403f does not exist. Creating ...
2019-09-25 07:32:09,260 [pool-47-thread-1] INFO  storage.RaftStorageDirectory (RaftStorageDirectory.java:tryLock(328)) - Lock on /workdir/hadoop-ozone/tools/target/test-dir/MiniOzoneClusterImpl-74379f76-0ce6-44ed-853e-bfc2db7901f5/datanode-2/data/ratis/aade5652-875e-4b2b-960d-c47c3ab3403f/in_use.lock acquired by nodename 24320@pr-hdds-1569-x2sr2-3486766547
2019-09-25 07:32:09,293 [pool-47-thread-1] INFO  storage.RaftStorage (RaftStorage.java:format(72)) - Storage directory /workdir/hadoop-ozone/tools/target/test-dir/MiniOzoneClusterImpl-74379f76-0ce6-44ed-853e-bfc2db7901f5/datanode-2/data/ratis/aade5652-875e-4b2b-960d-c47c3ab3403f has been successfully formatted.
2019-09-25 07:32:09,293 [pool-47-thread-1] INFO  ratis.ContainerStateMachine (ContainerStateMachine.java:loadSnapshot(230)) - group-C47C3AB3403F: The snapshot info is null. Setting the last applied indexto:(t:0, i:~)
2019-09-25 07:32:09,293 [pool-47-thread-1] INFO  server.RaftServerConfigKeys (ConfUtils.java:logGet(43)) - raft.server.notification.no-leader.timeout = 120s (custom)
2019-09-25 07:32:09,293 [pool-47-thread-1] INFO  server.RaftServerConfigKeys (ConfUtils.java:logGet(43)) - raft.server.log.use.memory = false (default)
2019-09-25 07:32:09,294 [pool-47-thread-1] INFO  server.RaftServerConfigKeys (ConfUtils.java:logGet(43)) - raft.server.log.purge.gap = 1000000 (custom)
2019-09-25 07:32:09,294 [pool-47-thread-1] INFO  server.RaftServerConfigKeys (ConfUtils.java:logGet(43)) - raft.server.log.appender.buffer.byte-limit = 33554432 (custom)
2019-09-25 07:32:09,294 [pool-47-thread-1] INFO  server.RaftServerConfigKeys (ConfUtils.java:logGet(43)) - raft.server.log.segment.size.max = 1048576 (custom)
2019-09-25 07:32:09,294 [pool-47-thread-1] INFO  server.RaftServerConfigKeys (ConfUtils.java:logGet(43)) - raft.server.log.segment.cache.num.max = 2 (custom)
2019-09-25 07:32:09,294 [pool-47-thread-1] INFO  segmented.SegmentedRaftLogWorker (SegmentedRaftLogWorker.java:<init>(172)) - new 202d3a0a-92d1-410a-a5b1-c2ff28078e56@group-C47C3AB3403F-SegmentedRaftLogWorker for RaftStorage:Storage Directory /workdir/hadoop-ozone/tools/target/test-dir/MiniOzoneClusterImpl-74379f76-0ce6-44ed-853e-bfc2db7901f5/datanode-2/data/ratis/aade5652-875e-4b2b-960d-c47c3ab3403f
2019-09-25 07:32:09,295 [pool-47-thread-1] INFO  server.RaftServerConfigKeys (ConfUtils.java:logGet(43)) - raft.server.log.queue.byte-limit = 2147483647 (custom)
2019-09-25 07:32:09,295 [pool-47-thread-1] INFO  server.RaftServerConfigKeys (ConfUtils.java:logGet(43)) - raft.server.log.queue.element-limit = 1024 (custom)
2019-09-25 07:32:09,295 [pool-47-thread-1] INFO  server.RaftServerConfigKeys (ConfUtils.java:logGet(43)) - raft.server.log.segment.size.max = 1048576 (custom)
2019-09-25 07:32:09,295 [pool-47-thread-1] INFO  server.RaftServerConfigKeys (ConfUtils.java:logGet(43)) - raft.server.log.preallocated.size = 16384 (custom)
2019-09-25 07:32:09,296 [pool-47-thread-1] INFO  server.RaftServerConfigKeys (ConfUtils.java:logGet(43)) - raft.server.log.write.buffer.size = 33554432 (custom)
2019-09-25 07:32:09,296 [pool-47-thread-1] INFO  server.RaftServerConfigKeys (ConfUtils.java:logGet(43)) - raft.server.log.force.sync.num = 128 (default)
2019-09-25 07:32:09,296 [pool-47-thread-1] INFO  server.RaftServerConfigKeys (ConfUtils.java:logGet(43)) - raft.server.log.statemachine.data.sync = true (default)
2019-09-25 07:32:09,296 [pool-47-thread-1] INFO  server.RaftServerConfigKeys (ConfUtils.java:logGet(43)) - raft.server.log.statemachine.data.sync.timeout = 10s (default)
2019-09-25 07:32:09,296 [pool-47-thread-1] INFO  server.RaftServerConfigKeys (ConfUtils.java:logGet(43)) - raft.server.log.statemachine.data.sync.timeout.retry = -1 (default)
2019-09-25 07:32:09,297 [pool-47-thread-1] INFO  server.RaftServerConfigKeys (ConfUtils.java:logGet(43)) - raft.server.log.statemachine.data.caching.enabled = true (custom)
2019-09-25 07:32:09,297 [pool-47-thread-1] INFO  segmented.SegmentedRaftLogWorker (SegmentedRaftLogWorker.java:lambda$new$0(132)) - 202d3a0a-92d1-410a-a5b1-c2ff28078e56@group-C47C3AB3403F-SegmentedRaftLogWorker: flushIndex: setUnconditionally 0 -> -1
2019-09-25 07:32:09,297 [pool-47-thread-1] INFO  server.RaftServerConfigKeys (ConfUtils.java:logGet(43)) - raft.server.snapshot.auto.trigger.enabled = true (custom)
2019-09-25 07:32:09,298 [pool-47-thread-1] INFO  server.RaftServerConfigKeys (ConfUtils.java:logGet(43)) - raft.server.snapshot.auto.trigger.threshold = 10000 (custom)
2019-09-25 07:32:09,298 [pool-47-thread-1] INFO  server.RaftServerConfigKeys (ConfUtils.java:logGet(43)) - raft.server.snapshot.retention.num.files = 5 (custom)
2019-09-25 07:32:09,298 [pool-47-thread-1] INFO  server.RaftServerConfigKeys (ConfUtils.java:logGet(43)) - raft.server.retrycache.expirytime = 600000ms (custom)
2019-09-25 07:32:09,305 [pool-47-thread-1] INFO  impl.RaftServerImpl (RaftServerImpl.java:start(185)) - 202d3a0a-92d1-410a-a5b1-c2ff28078e56@group-C47C3AB3403F: start as a follower, conf=-1: [202d3a0a-92d1-410a-a5b1-c2ff28078e56:192.168.151.106:44257], old=null
2019-09-25 07:32:09,305 [pool-47-thread-1] INFO  impl.RaftServerImpl (RaftServerImpl.java:setRole(174)) - 202d3a0a-92d1-410a-a5b1-c2ff28078e56@group-C47C3AB3403F: changes role from      null to FOLLOWER at term 0 for startAsFollower
2019-09-25 07:32:09,306 [pool-47-thread-1] INFO  impl.RoleInfo (RoleInfo.java:updateAndGet(143)) - 202d3a0a-92d1-410a-a5b1-c2ff28078e56: start FollowerState
2019-09-25 07:32:09,306 [pool-47-thread-1] INFO  util.JmxRegister (JmxRegister.java:tryRegister(44)) - Successfully registered JMX Bean with object name Ratis:service=RaftServer,group=group-C47C3AB3403F,id=202d3a0a-92d1-410a-a5b1-c2ff28078e56
2019-09-25 07:32:09,325 [RatisPipelineUtilsThread] INFO  pipeline.PipelineStateManager (PipelineStateManager.java:addPipeline(56)) - Created pipeline Pipeline[ Id: aade5652-875e-4b2b-960d-c47c3ab3403f, Nodes: 202d3a0a-92d1-410a-a5b1-c2ff28078e56{ip: 192.168.151.106, host: pr-hdds-1569-x2sr2-3486766547, networkLocation: /default-rack, certSerialId: null}, Type:RATIS, Factor:ONE, State:OPEN]
2019-09-25 07:32:09,340 [grpc-default-executor-0] INFO  impl.RaftServerProxy (RaftServerProxy.java:addNew(89)) - c49662a2-8e37-45f0-9294-af49a4d2b7d6: addNew group-E2F91F50346F:[c49662a2-8e37-45f0-9294-af49a4d2b7d6:192.168.151.106:44905] returns group-E2F91F50346F:java.util.concurrent.CompletableFuture@67d5dd59[Not completed]
2019-09-25 07:32:09,360 [pool-27-thread-1] INFO  impl.RaftServerImpl (RaftServerImpl.java:<init>(95)) - c49662a2-8e37-45f0-9294-af49a4d2b7d6: new RaftServerImpl for group-E2F91F50346F:[c49662a2-8e37-45f0-9294-af49a4d2b7d6:192.168.151.106:44905] with ContainerStateMachine:uninitialized
2019-09-25 07:32:09,360 [pool-27-thread-1] INFO  server.RaftServerConfigKeys (ConfUtils.java:logGet(43)) - raft.server.rpc.timeout.min = 5s (custom)
2019-09-25 07:32:09,360 [pool-27-thread-1] INFO  server.RaftServerConfigKeys (ConfUtils.java:logGet(43)) - raft.server.rpc.timeout.max = 5200ms (custom)
2019-09-25 07:32:09,360 [pool-27-thread-1] INFO  server.RaftServerConfigKeys (ConfUtils.java:logGet(43)) - raft.server.rpcslowness.timeout = 120s (custom)
2019-09-25 07:32:09,360 [pool-27-thread-1] INFO  server.RaftServerConfigKeys (ConfUtils.java:logGet(43)) - raft.server.sleep.deviation.threshold = 300 (default)
2019-09-25 07:32:09,360 [pool-27-thread-1] INFO  server.RaftServerConfigKeys (ConfUtils.java:logGet(43)) - raft.server.log.appender.install.snapshot.enabled = false (custom)
2019-09-25 07:32:09,361 [pool-27-thread-1] INFO  impl.RaftServerImpl (ServerState.java:<init>(103)) - c49662a2-8e37-45f0-9294-af49a4d2b7d6@group-E2F91F50346F: ConfigurationManager, init=-1: [c49662a2-8e37-45f0-9294-af49a4d2b7d6:192.168.151.106:44905], old=null, confs=<EMPTY_MAP>
2019-09-25 07:32:09,361 [pool-27-thread-1] INFO  server.RaftServerConfigKeys (ConfUtils.java:logGet(43)) - raft.server.storage.dir = [/workdir/hadoop-ozone/tools/target/test-dir/MiniOzoneClusterImpl-74379f76-0ce6-44ed-853e-bfc2db7901f5/datanode-0/data/ratis] (custom)
2019-09-25 07:32:09,361 [pool-27-thread-1] INFO  storage.RaftStorageDirectory (RaftStorageDirectory.java:analyzeStorage(246)) - The storage directory /workdir/hadoop-ozone/tools/target/test-dir/MiniOzoneClusterImpl-74379f76-0ce6-44ed-853e-bfc2db7901f5/datanode-0/data/ratis/2a4b8495-35dc-4950-bd5a-e2f91f50346f does not exist. Creating ...
2019-09-25 07:32:09,390 [pool-27-thread-1] INFO  storage.RaftStorageDirectory (RaftStorageDirectory.java:tryLock(328)) - Lock on /workdir/hadoop-ozone/tools/target/test-dir/MiniOzoneClusterImpl-74379f76-0ce6-44ed-853e-bfc2db7901f5/datanode-0/data/ratis/2a4b8495-35dc-4950-bd5a-e2f91f50346f/in_use.lock acquired by nodename 24320@pr-hdds-1569-x2sr2-3486766547
2019-09-25 07:32:09,407 [pool-27-thread-1] INFO  storage.RaftStorage (RaftStorage.java:format(72)) - Storage directory /workdir/hadoop-ozone/tools/target/test-dir/MiniOzoneClusterImpl-74379f76-0ce6-44ed-853e-bfc2db7901f5/datanode-0/data/ratis/2a4b8495-35dc-4950-bd5a-e2f91f50346f has been successfully formatted.
2019-09-25 07:32:09,407 [pool-27-thread-1] INFO  ratis.ContainerStateMachine (ContainerStateMachine.java:loadSnapshot(230)) - group-E2F91F50346F: The snapshot info is null. Setting the last applied indexto:(t:0, i:~)
2019-09-25 07:32:09,408 [pool-27-thread-1] INFO  server.RaftServerConfigKeys (ConfUtils.java:logGet(43)) - raft.server.notification.no-leader.timeout = 120s (custom)
2019-09-25 07:32:09,408 [pool-27-thread-1] INFO  server.RaftServerConfigKeys (ConfUtils.java:logGet(43)) - raft.server.log.use.memory = false (default)
2019-09-25 07:32:09,408 [pool-27-thread-1] INFO  server.RaftServerConfigKeys (ConfUtils.java:logGet(43)) - raft.server.log.purge.gap = 1000000 (custom)
2019-09-25 07:32:09,408 [pool-27-thread-1] INFO  server.RaftServerConfigKeys (ConfUtils.java:logGet(43)) - raft.server.log.appender.buffer.byte-limit = 33554432 (custom)
2019-09-25 07:32:09,408 [pool-27-thread-1] INFO  server.RaftServerConfigKeys (ConfUtils.java:logGet(43)) - raft.server.log.segment.size.max = 1048576 (custom)
2019-09-25 07:32:09,409 [pool-27-thread-1] INFO  server.RaftServerConfigKeys (ConfUtils.java:logGet(43)) - raft.server.log.segment.cache.num.max = 2 (custom)
2019-09-25 07:32:09,409 [pool-27-thread-1] INFO  segmented.SegmentedRaftLogWorker (SegmentedRaftLogWorker.java:<init>(172)) - new c49662a2-8e37-45f0-9294-af49a4d2b7d6@group-E2F91F50346F-SegmentedRaftLogWorker for RaftStorage:Storage Directory /workdir/hadoop-ozone/tools/target/test-dir/MiniOzoneClusterImpl-74379f76-0ce6-44ed-853e-bfc2db7901f5/datanode-0/data/ratis/2a4b8495-35dc-4950-bd5a-e2f91f50346f
2019-09-25 07:32:09,409 [pool-27-thread-1] INFO  server.RaftServerConfigKeys (ConfUtils.java:logGet(43)) - raft.server.log.queue.byte-limit = 2147483647 (custom)
2019-09-25 07:32:09,409 [pool-27-thread-1] INFO  server.RaftServerConfigKeys (ConfUtils.java:logGet(43)) - raft.server.log.queue.element-limit = 1024 (custom)
2019-09-25 07:32:09,409 [pool-27-thread-1] INFO  server.RaftServerConfigKeys (ConfUtils.java:logGet(43)) - raft.server.log.segment.size.max = 1048576 (custom)
2019-09-25 07:32:09,409 [pool-27-thread-1] INFO  server.RaftServerConfigKeys (ConfUtils.java:logGet(43)) - raft.server.log.preallocated.size = 16384 (custom)
2019-09-25 07:32:09,410 [pool-27-thread-1] INFO  server.RaftServerConfigKeys (ConfUtils.java:logGet(43)) - raft.server.log.write.buffer.size = 33554432 (custom)
2019-09-25 07:32:09,410 [pool-27-thread-1] INFO  server.RaftServerConfigKeys (ConfUtils.java:logGet(43)) - raft.server.log.force.sync.num = 128 (default)
2019-09-25 07:32:09,410 [pool-27-thread-1] INFO  server.RaftServerConfigKeys (ConfUtils.java:logGet(43)) - raft.server.log.statemachine.data.sync = true (default)
2019-09-25 07:32:09,410 [pool-27-thread-1] INFO  server.RaftServerConfigKeys (ConfUtils.java:logGet(43)) - raft.server.log.statemachine.data.sync.timeout = 10s (default)
2019-09-25 07:32:09,410 [pool-27-thread-1] INFO  server.RaftServerConfigKeys (ConfUtils.java:logGet(43)) - raft.server.log.statemachine.data.sync.timeout.retry = -1 (default)
2019-09-25 07:32:09,411 [pool-27-thread-1] INFO  server.RaftServerConfigKeys (ConfUtils.java:logGet(43)) - raft.server.log.statemachine.data.caching.enabled = true (custom)
2019-09-25 07:32:09,411 [pool-27-thread-1] INFO  segmented.SegmentedRaftLogWorker (SegmentedRaftLogWorker.java:lambda$new$0(132)) - c49662a2-8e37-45f0-9294-af49a4d2b7d6@group-E2F91F50346F-SegmentedRaftLogWorker: flushIndex: setUnconditionally 0 -> -1
2019-09-25 07:32:09,411 [pool-27-thread-1] INFO  server.RaftServerConfigKeys (ConfUtils.java:logGet(43)) - raft.server.snapshot.auto.trigger.enabled = true (custom)
2019-09-25 07:32:09,412 [pool-27-thread-1] INFO  server.RaftServerConfigKeys (ConfUtils.java:logGet(43)) - raft.server.snapshot.auto.trigger.threshold = 10000 (custom)
2019-09-25 07:32:09,412 [pool-27-thread-1] INFO  server.RaftServerConfigKeys (ConfUtils.java:logGet(43)) - raft.server.snapshot.retention.num.files = 5 (custom)
2019-09-25 07:32:09,412 [pool-27-thread-1] INFO  server.RaftServerConfigKeys (ConfUtils.java:logGet(43)) - raft.server.retrycache.expirytime = 600000ms (custom)
2019-09-25 07:32:09,438 [pool-27-thread-1] INFO  impl.RaftServerImpl (RaftServerImpl.java:start(185)) - c49662a2-8e37-45f0-9294-af49a4d2b7d6@group-E2F91F50346F: start as a follower, conf=-1: [c49662a2-8e37-45f0-9294-af49a4d2b7d6:192.168.151.106:44905], old=null
2019-09-25 07:32:09,439 [pool-27-thread-1] INFO  impl.RaftServerImpl (RaftServerImpl.java:setRole(174)) - c49662a2-8e37-45f0-9294-af49a4d2b7d6@group-E2F91F50346F: changes role from      null to FOLLOWER at term 0 for startAsFollower
2019-09-25 07:32:09,439 [pool-27-thread-1] INFO  impl.RoleInfo (RoleInfo.java:updateAndGet(143)) - c49662a2-8e37-45f0-9294-af49a4d2b7d6: start FollowerState
2019-09-25 07:32:09,440 [pool-27-thread-1] INFO  util.JmxRegister (JmxRegister.java:tryRegister(44)) - Successfully registered JMX Bean with object name Ratis:service=RaftServer,group=group-E2F91F50346F,id=c49662a2-8e37-45f0-9294-af49a4d2b7d6
2019-09-25 07:32:09,451 [RatisPipelineUtilsThread] INFO  pipeline.PipelineStateManager (PipelineStateManager.java:addPipeline(56)) - Created pipeline Pipeline[ Id: 2a4b8495-35dc-4950-bd5a-e2f91f50346f, Nodes: c49662a2-8e37-45f0-9294-af49a4d2b7d6{ip: 192.168.151.106, host: pr-hdds-1569-x2sr2-3486766547, networkLocation: /default-rack, certSerialId: null}, Type:RATIS, Factor:ONE, State:OPEN]
2019-09-25 07:32:09,468 [grpc-default-executor-0] INFO  impl.RaftServerProxy (RaftServerProxy.java:addNew(89)) - bb17b402-82ee-4379-828e-7ca8ec673ddb: addNew group-84BDA163BD07:[bb17b402-82ee-4379-828e-7ca8ec673ddb:192.168.151.106:35392] returns group-84BDA163BD07:java.util.concurrent.CompletableFuture@53eec9f1[Not completed]
2019-09-25 07:32:09,470 [pool-37-thread-1] INFO  impl.RaftServerImpl (RaftServerImpl.java:<init>(95)) - bb17b402-82ee-4379-828e-7ca8ec673ddb: new RaftServerImpl for group-84BDA163BD07:[bb17b402-82ee-4379-828e-7ca8ec673ddb:192.168.151.106:35392] with ContainerStateMachine:uninitialized
2019-09-25 07:32:09,471 [pool-37-thread-1] INFO  server.RaftServerConfigKeys (ConfUtils.java:logGet(43)) - raft.server.rpc.timeout.min = 5s (custom)
2019-09-25 07:32:09,471 [pool-37-thread-1] INFO  server.RaftServerConfigKeys (ConfUtils.java:logGet(43)) - raft.server.rpc.timeout.max = 5200ms (custom)
2019-09-25 07:32:09,471 [pool-37-thread-1] INFO  server.RaftServerConfigKeys (ConfUtils.java:logGet(43)) - raft.server.rpcslowness.timeout = 120s (custom)
2019-09-25 07:32:09,471 [pool-37-thread-1] INFO  server.RaftServerConfigKeys (ConfUtils.java:logGet(43)) - raft.server.sleep.deviation.threshold = 300 (default)
2019-09-25 07:32:09,471 [pool-37-thread-1] INFO  server.RaftServerConfigKeys (ConfUtils.java:logGet(43)) - raft.server.log.appender.install.snapshot.enabled = false (custom)
2019-09-25 07:32:09,472 [pool-37-thread-1] INFO  impl.RaftServerImpl (ServerState.java:<init>(103)) - bb17b402-82ee-4379-828e-7ca8ec673ddb@group-84BDA163BD07: ConfigurationManager, init=-1: [bb17b402-82ee-4379-828e-7ca8ec673ddb:192.168.151.106:35392], old=null, confs=<EMPTY_MAP>
2019-09-25 07:32:09,472 [pool-37-thread-1] INFO  server.RaftServerConfigKeys (ConfUtils.java:logGet(43)) - raft.server.storage.dir = [/workdir/hadoop-ozone/tools/target/test-dir/MiniOzoneClusterImpl-74379f76-0ce6-44ed-853e-bfc2db7901f5/datanode-1/data/ratis] (custom)
2019-09-25 07:32:09,474 [pool-37-thread-1] INFO  storage.RaftStorageDirectory (RaftStorageDirectory.java:analyzeStorage(246)) - The storage directory /workdir/hadoop-ozone/tools/target/test-dir/MiniOzoneClusterImpl-74379f76-0ce6-44ed-853e-bfc2db7901f5/datanode-1/data/ratis/bcc2d7f9-f141-4aba-a0dd-84bda163bd07 does not exist. Creating ...
2019-09-25 07:32:09,487 [pool-37-thread-1] INFO  storage.RaftStorageDirectory (RaftStorageDirectory.java:tryLock(328)) - Lock on /workdir/hadoop-ozone/tools/target/test-dir/MiniOzoneClusterImpl-74379f76-0ce6-44ed-853e-bfc2db7901f5/datanode-1/data/ratis/bcc2d7f9-f141-4aba-a0dd-84bda163bd07/in_use.lock acquired by nodename 24320@pr-hdds-1569-x2sr2-3486766547
2019-09-25 07:32:09,499 [pool-37-thread-1] INFO  storage.RaftStorage (RaftStorage.java:format(72)) - Storage directory /workdir/hadoop-ozone/tools/target/test-dir/MiniOzoneClusterImpl-74379f76-0ce6-44ed-853e-bfc2db7901f5/datanode-1/data/ratis/bcc2d7f9-f141-4aba-a0dd-84bda163bd07 has been successfully formatted.
2019-09-25 07:32:09,500 [pool-37-thread-1] INFO  ratis.ContainerStateMachine (ContainerStateMachine.java:loadSnapshot(230)) - group-84BDA163BD07: The snapshot info is null. Setting the last applied indexto:(t:0, i:~)
2019-09-25 07:32:09,500 [pool-37-thread-1] INFO  server.RaftServerConfigKeys (ConfUtils.java:logGet(43)) - raft.server.notification.no-leader.timeout = 120s (custom)
2019-09-25 07:32:09,500 [pool-37-thread-1] INFO  server.RaftServerConfigKeys (ConfUtils.java:logGet(43)) - raft.server.log.use.memory = false (default)
2019-09-25 07:32:09,500 [pool-37-thread-1] INFO  server.RaftServerConfigKeys (ConfUtils.java:logGet(43)) - raft.server.log.purge.gap = 1000000 (custom)
2019-09-25 07:32:09,500 [pool-37-thread-1] INFO  server.RaftServerConfigKeys (ConfUtils.java:logGet(43)) - raft.server.log.appender.buffer.byte-limit = 33554432 (custom)
2019-09-25 07:32:09,500 [pool-37-thread-1] INFO  server.RaftServerConfigKeys (ConfUtils.java:logGet(43)) - raft.server.log.segment.size.max = 1048576 (custom)
2019-09-25 07:32:09,500 [pool-37-thread-1] INFO  server.RaftServerConfigKeys (ConfUtils.java:logGet(43)) - raft.server.log.segment.cache.num.max = 2 (custom)
2019-09-25 07:32:09,501 [pool-37-thread-1] INFO  segmented.SegmentedRaftLogWorker (SegmentedRaftLogWorker.java:<init>(172)) - new bb17b402-82ee-4379-828e-7ca8ec673ddb@group-84BDA163BD07-SegmentedRaftLogWorker for RaftStorage:Storage Directory /workdir/hadoop-ozone/tools/target/test-dir/MiniOzoneClusterImpl-74379f76-0ce6-44ed-853e-bfc2db7901f5/datanode-1/data/ratis/bcc2d7f9-f141-4aba-a0dd-84bda163bd07
2019-09-25 07:32:09,504 [pool-37-thread-1] INFO  server.RaftServerConfigKeys (ConfUtils.java:logGet(43)) - raft.server.log.queue.byte-limit = 2147483647 (custom)
2019-09-25 07:32:09,504 [pool-37-thread-1] INFO  server.RaftServerConfigKeys (ConfUtils.java:logGet(43)) - raft.server.log.queue.element-limit = 1024 (custom)
2019-09-25 07:32:09,504 [pool-37-thread-1] INFO  server.RaftServerConfigKeys (ConfUtils.java:logGet(43)) - raft.server.log.segment.size.max = 1048576 (custom)
2019-09-25 07:32:09,504 [pool-37-thread-1] INFO  server.RaftServerConfigKeys (ConfUtils.java:logGet(43)) - raft.server.log.preallocated.size = 16384 (custom)
2019-09-25 07:32:09,505 [pool-37-thread-1] INFO  server.RaftServerConfigKeys (ConfUtils.java:logGet(43)) - raft.server.log.write.buffer.size = 33554432 (custom)
2019-09-25 07:32:09,505 [pool-37-thread-1] INFO  server.RaftServerConfigKeys (ConfUtils.java:logGet(43)) - raft.server.log.force.sync.num = 128 (default)
2019-09-25 07:32:09,505 [pool-37-thread-1] INFO  server.RaftServerConfigKeys (ConfUtils.java:logGet(43)) - raft.server.log.statemachine.data.sync = true (default)
2019-09-25 07:32:09,505 [pool-37-thread-1] INFO  server.RaftServerConfigKeys (ConfUtils.java:logGet(43)) - raft.server.log.statemachine.data.sync.timeout = 10s (default)
2019-09-25 07:32:09,506 [pool-37-thread-1] INFO  server.RaftServerConfigKeys (ConfUtils.java:logGet(43)) - raft.server.log.statemachine.data.sync.timeout.retry = -1 (default)
2019-09-25 07:32:09,506 [pool-37-thread-1] INFO  server.RaftServerConfigKeys (ConfUtils.java:logGet(43)) - raft.server.log.statemachine.data.caching.enabled = true (custom)
2019-09-25 07:32:09,506 [pool-37-thread-1] INFO  segmented.SegmentedRaftLogWorker (SegmentedRaftLogWorker.java:lambda$new$0(132)) - bb17b402-82ee-4379-828e-7ca8ec673ddb@group-84BDA163BD07-SegmentedRaftLogWorker: flushIndex: setUnconditionally 0 -> -1
2019-09-25 07:32:09,507 [pool-37-thread-1] INFO  server.RaftServerConfigKeys (ConfUtils.java:logGet(43)) - raft.server.snapshot.auto.trigger.enabled = true (custom)
2019-09-25 07:32:09,507 [pool-37-thread-1] INFO  server.RaftServerConfigKeys (ConfUtils.java:logGet(43)) - raft.server.snapshot.auto.trigger.threshold = 10000 (custom)
2019-09-25 07:32:09,507 [pool-37-thread-1] INFO  server.RaftServerConfigKeys (ConfUtils.java:logGet(43)) - raft.server.snapshot.retention.num.files = 5 (custom)
2019-09-25 07:32:09,507 [pool-37-thread-1] INFO  server.RaftServerConfigKeys (ConfUtils.java:logGet(43)) - raft.server.retrycache.expirytime = 600000ms (custom)
2019-09-25 07:32:09,512 [pool-37-thread-1] INFO  impl.RaftServerImpl (RaftServerImpl.java:start(185)) - bb17b402-82ee-4379-828e-7ca8ec673ddb@group-84BDA163BD07: start as a follower, conf=-1: [bb17b402-82ee-4379-828e-7ca8ec673ddb:192.168.151.106:35392], old=null
2019-09-25 07:32:09,512 [pool-37-thread-1] INFO  impl.RaftServerImpl (RaftServerImpl.java:setRole(174)) - bb17b402-82ee-4379-828e-7ca8ec673ddb@group-84BDA163BD07: changes role from      null to FOLLOWER at term 0 for startAsFollower
2019-09-25 07:32:09,512 [pool-37-thread-1] INFO  impl.RoleInfo (RoleInfo.java:updateAndGet(143)) - bb17b402-82ee-4379-828e-7ca8ec673ddb: start FollowerState
2019-09-25 07:32:09,513 [pool-37-thread-1] INFO  util.JmxRegister (JmxRegister.java:tryRegister(44)) - Successfully registered JMX Bean with object name Ratis:service=RaftServer,group=group-84BDA163BD07,id=bb17b402-82ee-4379-828e-7ca8ec673ddb
2019-09-25 07:32:09,524 [RatisPipelineUtilsThread] INFO  pipeline.PipelineStateManager (PipelineStateManager.java:addPipeline(56)) - Created pipeline Pipeline[ Id: bcc2d7f9-f141-4aba-a0dd-84bda163bd07, Nodes: bb17b402-82ee-4379-828e-7ca8ec673ddb{ip: 192.168.151.106, host: pr-hdds-1569-x2sr2-3486766547, networkLocation: /default-rack, certSerialId: null}, Type:RATIS, Factor:ONE, State:OPEN]
2019-09-25 07:32:09,541 [grpc-default-executor-0] INFO  impl.RaftServerProxy (RaftServerProxy.java:addNew(89)) - bb17b402-82ee-4379-828e-7ca8ec673ddb: addNew group-198CBA985AF9:[bb17b402-82ee-4379-828e-7ca8ec673ddb:192.168.151.106:35392] returns group-198CBA985AF9:java.util.concurrent.CompletableFuture@6a042f7c[Not completed]
2019-09-25 07:32:09,543 [pool-37-thread-1] INFO  impl.RaftServerImpl (RaftServerImpl.java:<init>(95)) - bb17b402-82ee-4379-828e-7ca8ec673ddb: new RaftServerImpl for group-198CBA985AF9:[bb17b402-82ee-4379-828e-7ca8ec673ddb:192.168.151.106:35392] with ContainerStateMachine:uninitialized
2019-09-25 07:32:09,543 [pool-37-thread-1] INFO  server.RaftServerConfigKeys (ConfUtils.java:logGet(43)) - raft.server.rpc.timeout.min = 5s (custom)
2019-09-25 07:32:09,544 [pool-37-thread-1] INFO  server.RaftServerConfigKeys (ConfUtils.java:logGet(43)) - raft.server.rpc.timeout.max = 5200ms (custom)
2019-09-25 07:32:09,544 [pool-37-thread-1] INFO  server.RaftServerConfigKeys (ConfUtils.java:logGet(43)) - raft.server.rpcslowness.timeout = 120s (custom)
2019-09-25 07:32:09,544 [pool-37-thread-1] INFO  server.RaftServerConfigKeys (ConfUtils.java:logGet(43)) - raft.server.sleep.deviation.threshold = 300 (default)
2019-09-25 07:32:09,544 [pool-37-thread-1] INFO  server.RaftServerConfigKeys (ConfUtils.java:logGet(43)) - raft.server.log.appender.install.snapshot.enabled = false (custom)
2019-09-25 07:32:09,545 [pool-37-thread-1] INFO  impl.RaftServerImpl (ServerState.java:<init>(103)) - bb17b402-82ee-4379-828e-7ca8ec673ddb@group-198CBA985AF9: ConfigurationManager, init=-1: [bb17b402-82ee-4379-828e-7ca8ec673ddb:192.168.151.106:35392], old=null, confs=<EMPTY_MAP>
2019-09-25 07:32:09,547 [pool-37-thread-1] INFO  server.RaftServerConfigKeys (ConfUtils.java:logGet(43)) - raft.server.storage.dir = [/workdir/hadoop-ozone/tools/target/test-dir/MiniOzoneClusterImpl-74379f76-0ce6-44ed-853e-bfc2db7901f5/datanode-1/data/ratis] (custom)
2019-09-25 07:32:09,548 [pool-37-thread-1] INFO  storage.RaftStorageDirectory (RaftStorageDirectory.java:analyzeStorage(246)) - The storage directory /workdir/hadoop-ozone/tools/target/test-dir/MiniOzoneClusterImpl-74379f76-0ce6-44ed-853e-bfc2db7901f5/datanode-1/data/ratis/b03e55c0-904e-4dbb-817c-198cba985af9 does not exist. Creating ...
2019-09-25 07:32:09,578 [pool-37-thread-1] INFO  storage.RaftStorageDirectory (RaftStorageDirectory.java:tryLock(328)) - Lock on /workdir/hadoop-ozone/tools/target/test-dir/MiniOzoneClusterImpl-74379f76-0ce6-44ed-853e-bfc2db7901f5/datanode-1/data/ratis/b03e55c0-904e-4dbb-817c-198cba985af9/in_use.lock acquired by nodename 24320@pr-hdds-1569-x2sr2-3486766547
2019-09-25 07:32:09,601 [pool-37-thread-1] INFO  storage.RaftStorage (RaftStorage.java:format(72)) - Storage directory /workdir/hadoop-ozone/tools/target/test-dir/MiniOzoneClusterImpl-74379f76-0ce6-44ed-853e-bfc2db7901f5/datanode-1/data/ratis/b03e55c0-904e-4dbb-817c-198cba985af9 has been successfully formatted.
2019-09-25 07:32:09,602 [pool-37-thread-1] INFO  ratis.ContainerStateMachine (ContainerStateMachine.java:loadSnapshot(230)) - group-198CBA985AF9: The snapshot info is null. Setting the last applied indexto:(t:0, i:~)
2019-09-25 07:32:09,602 [pool-37-thread-1] INFO  server.RaftServerConfigKeys (ConfUtils.java:logGet(43)) - raft.server.notification.no-leader.timeout = 120s (custom)
2019-09-25 07:32:09,602 [pool-37-thread-1] INFO  server.RaftServerConfigKeys (ConfUtils.java:logGet(43)) - raft.server.log.use.memory = false (default)
2019-09-25 07:32:09,602 [pool-37-thread-1] INFO  server.RaftServerConfigKeys (ConfUtils.java:logGet(43)) - raft.server.log.purge.gap = 1000000 (custom)
2019-09-25 07:32:09,602 [pool-37-thread-1] INFO  server.RaftServerConfigKeys (ConfUtils.java:logGet(43)) - raft.server.log.appender.buffer.byte-limit = 33554432 (custom)
2019-09-25 07:32:09,603 [pool-37-thread-1] INFO  server.RaftServerConfigKeys (ConfUtils.java:logGet(43)) - raft.server.log.segment.size.max = 1048576 (custom)
2019-09-25 07:32:09,603 [pool-37-thread-1] INFO  server.RaftServerConfigKeys (ConfUtils.java:logGet(43)) - raft.server.log.segment.cache.num.max = 2 (custom)
2019-09-25 07:32:09,603 [pool-37-thread-1] INFO  segmented.SegmentedRaftLogWorker (SegmentedRaftLogWorker.java:<init>(172)) - new bb17b402-82ee-4379-828e-7ca8ec673ddb@group-198CBA985AF9-SegmentedRaftLogWorker for RaftStorage:Storage Directory /workdir/hadoop-ozone/tools/target/test-dir/MiniOzoneClusterImpl-74379f76-0ce6-44ed-853e-bfc2db7901f5/datanode-1/data/ratis/b03e55c0-904e-4dbb-817c-198cba985af9
2019-09-25 07:32:09,603 [pool-37-thread-1] INFO  server.RaftServerConfigKeys (ConfUtils.java:logGet(43)) - raft.server.log.queue.byte-limit = 2147483647 (custom)
2019-09-25 07:32:09,603 [pool-37-thread-1] INFO  server.RaftServerConfigKeys (ConfUtils.java:logGet(43)) - raft.server.log.queue.element-limit = 1024 (custom)
2019-09-25 07:32:09,604 [pool-37-thread-1] INFO  server.RaftServerConfigKeys (ConfUtils.java:logGet(43)) - raft.server.log.segment.size.max = 1048576 (custom)
2019-09-25 07:32:09,604 [pool-37-thread-1] INFO  server.RaftServerConfigKeys (ConfUtils.java:logGet(43)) - raft.server.log.preallocated.size = 16384 (custom)
2019-09-25 07:32:09,604 [pool-37-thread-1] INFO  server.RaftServerConfigKeys (ConfUtils.java:logGet(43)) - raft.server.log.write.buffer.size = 33554432 (custom)
2019-09-25 07:32:09,604 [pool-37-thread-1] INFO  server.RaftServerConfigKeys (ConfUtils.java:logGet(43)) - raft.server.log.force.sync.num = 128 (default)
2019-09-25 07:32:09,604 [pool-37-thread-1] INFO  server.RaftServerConfigKeys (ConfUtils.java:logGet(43)) - raft.server.log.statemachine.data.sync = true (default)
2019-09-25 07:32:09,604 [pool-37-thread-1] INFO  server.RaftServerConfigKeys (ConfUtils.java:logGet(43)) - raft.server.log.statemachine.data.sync.timeout = 10s (default)
2019-09-25 07:32:09,604 [pool-37-thread-1] INFO  server.RaftServerConfigKeys (ConfUtils.java:logGet(43)) - raft.server.log.statemachine.data.sync.timeout.retry = -1 (default)
2019-09-25 07:32:09,605 [pool-37-thread-1] INFO  server.RaftServerConfigKeys (ConfUtils.java:logGet(43)) - raft.server.log.statemachine.data.caching.enabled = true (custom)
2019-09-25 07:32:09,605 [pool-37-thread-1] INFO  segmented.SegmentedRaftLogWorker (SegmentedRaftLogWorker.java:lambda$new$0(132)) - bb17b402-82ee-4379-828e-7ca8ec673ddb@group-198CBA985AF9-SegmentedRaftLogWorker: flushIndex: setUnconditionally 0 -> -1
2019-09-25 07:32:09,605 [pool-37-thread-1] INFO  server.RaftServerConfigKeys (ConfUtils.java:logGet(43)) - raft.server.snapshot.auto.trigger.enabled = true (custom)
2019-09-25 07:32:09,606 [pool-37-thread-1] INFO  server.RaftServerConfigKeys (ConfUtils.java:logGet(43)) - raft.server.snapshot.auto.trigger.threshold = 10000 (custom)
2019-09-25 07:32:09,606 [pool-37-thread-1] INFO  server.RaftServerConfigKeys (ConfUtils.java:logGet(43)) - raft.server.snapshot.retention.num.files = 5 (custom)
2019-09-25 07:32:09,606 [pool-37-thread-1] INFO  server.RaftServerConfigKeys (ConfUtils.java:logGet(43)) - raft.server.retrycache.expirytime = 600000ms (custom)
2019-09-25 07:32:09,609 [pool-37-thread-1] INFO  impl.RaftServerImpl (RaftServerImpl.java:start(185)) - bb17b402-82ee-4379-828e-7ca8ec673ddb@group-198CBA985AF9: start as a follower, conf=-1: [bb17b402-82ee-4379-828e-7ca8ec673ddb:192.168.151.106:35392], old=null
2019-09-25 07:32:09,609 [pool-37-thread-1] INFO  impl.RaftServerImpl (RaftServerImpl.java:setRole(174)) - bb17b402-82ee-4379-828e-7ca8ec673ddb@group-198CBA985AF9: changes role from      null to FOLLOWER at term 0 for startAsFollower
2019-09-25 07:32:09,610 [pool-37-thread-1] INFO  impl.RoleInfo (RoleInfo.java:updateAndGet(143)) - bb17b402-82ee-4379-828e-7ca8ec673ddb: start FollowerState
2019-09-25 07:32:09,610 [pool-37-thread-1] INFO  util.JmxRegister (JmxRegister.java:tryRegister(44)) - Successfully registered JMX Bean with object name Ratis:service=RaftServer,group=group-198CBA985AF9,id=bb17b402-82ee-4379-828e-7ca8ec673ddb
2019-09-25 07:32:09,619 [RatisPipelineUtilsThread] INFO  pipeline.PipelineStateManager (PipelineStateManager.java:addPipeline(56)) - Created pipeline Pipeline[ Id: b03e55c0-904e-4dbb-817c-198cba985af9, Nodes: bb17b402-82ee-4379-828e-7ca8ec673ddb{ip: 192.168.151.106, host: pr-hdds-1569-x2sr2-3486766547, networkLocation: /default-rack, certSerialId: null}, Type:RATIS, Factor:ONE, State:OPEN]
2019-09-25 07:32:09,631 [grpc-default-executor-0] INFO  impl.RaftServerProxy (RaftServerProxy.java:addNew(89)) - 202d3a0a-92d1-410a-a5b1-c2ff28078e56: addNew group-19250B121ED7:[202d3a0a-92d1-410a-a5b1-c2ff28078e56:192.168.151.106:44257] returns group-19250B121ED7:java.util.concurrent.CompletableFuture@11d7f553[Not completed]
2019-09-25 07:32:09,633 [pool-47-thread-1] INFO  impl.RaftServerImpl (RaftServerImpl.java:<init>(95)) - 202d3a0a-92d1-410a-a5b1-c2ff28078e56: new RaftServerImpl for group-19250B121ED7:[202d3a0a-92d1-410a-a5b1-c2ff28078e56:192.168.151.106:44257] with ContainerStateMachine:uninitialized
2019-09-25 07:32:09,633 [pool-47-thread-1] INFO  server.RaftServerConfigKeys (ConfUtils.java:logGet(43)) - raft.server.rpc.timeout.min = 5s (custom)
2019-09-25 07:32:09,633 [pool-47-thread-1] INFO  server.RaftServerConfigKeys (ConfUtils.java:logGet(43)) - raft.server.rpc.timeout.max = 5200ms (custom)
2019-09-25 07:32:09,633 [pool-47-thread-1] INFO  server.RaftServerConfigKeys (ConfUtils.java:logGet(43)) - raft.server.rpcslowness.timeout = 120s (custom)
2019-09-25 07:32:09,633 [pool-47-thread-1] INFO  server.RaftServerConfigKeys (ConfUtils.java:logGet(43)) - raft.server.sleep.deviation.threshold = 300 (default)
2019-09-25 07:32:09,633 [pool-47-thread-1] INFO  server.RaftServerConfigKeys (ConfUtils.java:logGet(43)) - raft.server.log.appender.install.snapshot.enabled = false (custom)
2019-09-25 07:32:09,634 [pool-47-thread-1] INFO  impl.RaftServerImpl (ServerState.java:<init>(103)) - 202d3a0a-92d1-410a-a5b1-c2ff28078e56@group-19250B121ED7: ConfigurationManager, init=-1: [202d3a0a-92d1-410a-a5b1-c2ff28078e56:192.168.151.106:44257], old=null, confs=<EMPTY_MAP>
2019-09-25 07:32:09,634 [pool-47-thread-1] INFO  server.RaftServerConfigKeys (ConfUtils.java:logGet(43)) - raft.server.storage.dir = [/workdir/hadoop-ozone/tools/target/test-dir/MiniOzoneClusterImpl-74379f76-0ce6-44ed-853e-bfc2db7901f5/datanode-2/data/ratis] (custom)
2019-09-25 07:32:09,634 [pool-47-thread-1] INFO  storage.RaftStorageDirectory (RaftStorageDirectory.java:analyzeStorage(246)) - The storage directory /workdir/hadoop-ozone/tools/target/test-dir/MiniOzoneClusterImpl-74379f76-0ce6-44ed-853e-bfc2db7901f5/datanode-2/data/ratis/539a78b4-636f-44e2-b3d3-19250b121ed7 does not exist. Creating ...
2019-09-25 07:32:09,658 [pool-47-thread-1] INFO  storage.RaftStorageDirectory (RaftStorageDirectory.java:tryLock(328)) - Lock on /workdir/hadoop-ozone/tools/target/test-dir/MiniOzoneClusterImpl-74379f76-0ce6-44ed-853e-bfc2db7901f5/datanode-2/data/ratis/539a78b4-636f-44e2-b3d3-19250b121ed7/in_use.lock acquired by nodename 24320@pr-hdds-1569-x2sr2-3486766547
2019-09-25 07:32:09,683 [pool-47-thread-1] INFO  storage.RaftStorage (RaftStorage.java:format(72)) - Storage directory /workdir/hadoop-ozone/tools/target/test-dir/MiniOzoneClusterImpl-74379f76-0ce6-44ed-853e-bfc2db7901f5/datanode-2/data/ratis/539a78b4-636f-44e2-b3d3-19250b121ed7 has been successfully formatted.
2019-09-25 07:32:09,683 [pool-47-thread-1] INFO  ratis.ContainerStateMachine (ContainerStateMachine.java:loadSnapshot(230)) - group-19250B121ED7: The snapshot info is null. Setting the last applied indexto:(t:0, i:~)
2019-09-25 07:32:09,683 [pool-47-thread-1] INFO  server.RaftServerConfigKeys (ConfUtils.java:logGet(43)) - raft.server.notification.no-leader.timeout = 120s (custom)
2019-09-25 07:32:09,683 [pool-47-thread-1] INFO  server.RaftServerConfigKeys (ConfUtils.java:logGet(43)) - raft.server.log.use.memory = false (default)
2019-09-25 07:32:09,683 [pool-47-thread-1] INFO  server.RaftServerConfigKeys (ConfUtils.java:logGet(43)) - raft.server.log.purge.gap = 1000000 (custom)
2019-09-25 07:32:09,684 [pool-47-thread-1] INFO  server.RaftServerConfigKeys (ConfUtils.java:logGet(43)) - raft.server.log.appender.buffer.byte-limit = 33554432 (custom)
2019-09-25 07:32:09,684 [pool-47-thread-1] INFO  server.RaftServerConfigKeys (ConfUtils.java:logGet(43)) - raft.server.log.segment.size.max = 1048576 (custom)
2019-09-25 07:32:09,684 [pool-47-thread-1] INFO  server.RaftServerConfigKeys (ConfUtils.java:logGet(43)) - raft.server.log.segment.cache.num.max = 2 (custom)
2019-09-25 07:32:09,684 [pool-47-thread-1] INFO  segmented.SegmentedRaftLogWorker (SegmentedRaftLogWorker.java:<init>(172)) - new 202d3a0a-92d1-410a-a5b1-c2ff28078e56@group-19250B121ED7-SegmentedRaftLogWorker for RaftStorage:Storage Directory /workdir/hadoop-ozone/tools/target/test-dir/MiniOzoneClusterImpl-74379f76-0ce6-44ed-853e-bfc2db7901f5/datanode-2/data/ratis/539a78b4-636f-44e2-b3d3-19250b121ed7
2019-09-25 07:32:09,684 [pool-47-thread-1] INFO  server.RaftServerConfigKeys (ConfUtils.java:logGet(43)) - raft.server.log.queue.byte-limit = 2147483647 (custom)
2019-09-25 07:32:09,684 [pool-47-thread-1] INFO  server.RaftServerConfigKeys (ConfUtils.java:logGet(43)) - raft.server.log.queue.element-limit = 1024 (custom)
2019-09-25 07:32:09,685 [pool-47-thread-1] INFO  server.RaftServerConfigKeys (ConfUtils.java:logGet(43)) - raft.server.log.segment.size.max = 1048576 (custom)
2019-09-25 07:32:09,685 [pool-47-thread-1] INFO  server.RaftServerConfigKeys (ConfUtils.java:logGet(43)) - raft.server.log.preallocated.size = 16384 (custom)
2019-09-25 07:32:09,685 [pool-47-thread-1] INFO  server.RaftServerConfigKeys (ConfUtils.java:logGet(43)) - raft.server.log.write.buffer.size = 33554432 (custom)
2019-09-25 07:32:09,685 [pool-47-thread-1] INFO  server.RaftServerConfigKeys (ConfUtils.java:logGet(43)) - raft.server.log.force.sync.num = 128 (default)
2019-09-25 07:32:09,685 [pool-47-thread-1] INFO  server.RaftServerConfigKeys (ConfUtils.java:logGet(43)) - raft.server.log.statemachine.data.sync = true (default)
2019-09-25 07:32:09,685 [pool-47-thread-1] INFO  server.RaftServerConfigKeys (ConfUtils.java:logGet(43)) - raft.server.log.statemachine.data.sync.timeout = 10s (default)
2019-09-25 07:32:09,686 [pool-47-thread-1] INFO  server.RaftServerConfigKeys (ConfUtils.java:logGet(43)) - raft.server.log.statemachine.data.sync.timeout.retry = -1 (default)
2019-09-25 07:32:09,686 [pool-47-thread-1] INFO  server.RaftServerConfigKeys (ConfUtils.java:logGet(43)) - raft.server.log.statemachine.data.caching.enabled = true (custom)
2019-09-25 07:32:09,686 [pool-47-thread-1] INFO  segmented.SegmentedRaftLogWorker (SegmentedRaftLogWorker.java:lambda$new$0(132)) - 202d3a0a-92d1-410a-a5b1-c2ff28078e56@group-19250B121ED7-SegmentedRaftLogWorker: flushIndex: setUnconditionally 0 -> -1
2019-09-25 07:32:09,686 [pool-47-thread-1] INFO  server.RaftServerConfigKeys (ConfUtils.java:logGet(43)) - raft.server.snapshot.auto.trigger.enabled = true (custom)
2019-09-25 07:32:09,687 [pool-47-thread-1] INFO  server.RaftServerConfigKeys (ConfUtils.java:logGet(43)) - raft.server.snapshot.auto.trigger.threshold = 10000 (custom)
2019-09-25 07:32:09,687 [pool-47-thread-1] INFO  server.RaftServerConfigKeys (ConfUtils.java:logGet(43)) - raft.server.snapshot.retention.num.files = 5 (custom)
2019-09-25 07:32:09,687 [pool-47-thread-1] INFO  server.RaftServerConfigKeys (ConfUtils.java:logGet(43)) - raft.server.retrycache.expirytime = 600000ms (custom)
2019-09-25 07:32:09,690 [pool-47-thread-1] INFO  impl.RaftServerImpl (RaftServerImpl.java:start(185)) - 202d3a0a-92d1-410a-a5b1-c2ff28078e56@group-19250B121ED7: start as a follower, conf=-1: [202d3a0a-92d1-410a-a5b1-c2ff28078e56:192.168.151.106:44257], old=null
2019-09-25 07:32:09,690 [pool-47-thread-1] INFO  impl.RaftServerImpl (RaftServerImpl.java:setRole(174)) - 202d3a0a-92d1-410a-a5b1-c2ff28078e56@group-19250B121ED7: changes role from      null to FOLLOWER at term 0 for startAsFollower
2019-09-25 07:32:09,690 [pool-47-thread-1] INFO  impl.RoleInfo (RoleInfo.java:updateAndGet(143)) - 202d3a0a-92d1-410a-a5b1-c2ff28078e56: start FollowerState
2019-09-25 07:32:09,691 [pool-47-thread-1] INFO  util.JmxRegister (JmxRegister.java:tryRegister(44)) - Successfully registered JMX Bean with object name Ratis:service=RaftServer,group=group-19250B121ED7,id=202d3a0a-92d1-410a-a5b1-c2ff28078e56
2019-09-25 07:32:09,700 [RatisPipelineUtilsThread] INFO  pipeline.PipelineStateManager (PipelineStateManager.java:addPipeline(56)) - Created pipeline Pipeline[ Id: 539a78b4-636f-44e2-b3d3-19250b121ed7, Nodes: 202d3a0a-92d1-410a-a5b1-c2ff28078e56{ip: 192.168.151.106, host: pr-hdds-1569-x2sr2-3486766547, networkLocation: /default-rack, certSerialId: null}, Type:RATIS, Factor:ONE, State:OPEN]
2019-09-25 07:32:09,714 [grpc-default-executor-0] INFO  impl.RaftServerProxy (RaftServerProxy.java:addNew(89)) - 202d3a0a-92d1-410a-a5b1-c2ff28078e56: addNew group-8EC8187E1185:[202d3a0a-92d1-410a-a5b1-c2ff28078e56:192.168.151.106:44257] returns group-8EC8187E1185:java.util.concurrent.CompletableFuture@768e178[Not completed]
2019-09-25 07:32:09,717 [pool-47-thread-1] INFO  impl.RaftServerImpl (RaftServerImpl.java:<init>(95)) - 202d3a0a-92d1-410a-a5b1-c2ff28078e56: new RaftServerImpl for group-8EC8187E1185:[202d3a0a-92d1-410a-a5b1-c2ff28078e56:192.168.151.106:44257] with ContainerStateMachine:uninitialized
2019-09-25 07:32:09,717 [pool-47-thread-1] INFO  server.RaftServerConfigKeys (ConfUtils.java:logGet(43)) - raft.server.rpc.timeout.min = 5s (custom)
2019-09-25 07:32:09,718 [pool-47-thread-1] INFO  server.RaftServerConfigKeys (ConfUtils.java:logGet(43)) - raft.server.rpc.timeout.max = 5200ms (custom)
2019-09-25 07:32:09,718 [pool-47-thread-1] INFO  server.RaftServerConfigKeys (ConfUtils.java:logGet(43)) - raft.server.rpcslowness.timeout = 120s (custom)
2019-09-25 07:32:09,718 [pool-47-thread-1] INFO  server.RaftServerConfigKeys (ConfUtils.java:logGet(43)) - raft.server.sleep.deviation.threshold = 300 (default)
2019-09-25 07:32:09,718 [pool-47-thread-1] INFO  server.RaftServerConfigKeys (ConfUtils.java:logGet(43)) - raft.server.log.appender.install.snapshot.enabled = false (custom)
2019-09-25 07:32:09,718 [pool-47-thread-1] INFO  impl.RaftServerImpl (ServerState.java:<init>(103)) - 202d3a0a-92d1-410a-a5b1-c2ff28078e56@group-8EC8187E1185: ConfigurationManager, init=-1: [202d3a0a-92d1-410a-a5b1-c2ff28078e56:192.168.151.106:44257], old=null, confs=<EMPTY_MAP>
2019-09-25 07:32:09,719 [pool-47-thread-1] INFO  server.RaftServerConfigKeys (ConfUtils.java:logGet(43)) - raft.server.storage.dir = [/workdir/hadoop-ozone/tools/target/test-dir/MiniOzoneClusterImpl-74379f76-0ce6-44ed-853e-bfc2db7901f5/datanode-2/data/ratis] (custom)
2019-09-25 07:32:09,719 [pool-47-thread-1] INFO  storage.RaftStorageDirectory (RaftStorageDirectory.java:analyzeStorage(246)) - The storage directory /workdir/hadoop-ozone/tools/target/test-dir/MiniOzoneClusterImpl-74379f76-0ce6-44ed-853e-bfc2db7901f5/datanode-2/data/ratis/3a56b542-7b98-45af-9157-8ec8187e1185 does not exist. Creating ...
2019-09-25 07:32:09,743 [pool-47-thread-1] INFO  storage.RaftStorageDirectory (RaftStorageDirectory.java:tryLock(328)) - Lock on /workdir/hadoop-ozone/tools/target/test-dir/MiniOzoneClusterImpl-74379f76-0ce6-44ed-853e-bfc2db7901f5/datanode-2/data/ratis/3a56b542-7b98-45af-9157-8ec8187e1185/in_use.lock acquired by nodename 24320@pr-hdds-1569-x2sr2-3486766547
2019-09-25 07:32:09,776 [pool-47-thread-1] INFO  storage.RaftStorage (RaftStorage.java:format(72)) - Storage directory /workdir/hadoop-ozone/tools/target/test-dir/MiniOzoneClusterImpl-74379f76-0ce6-44ed-853e-bfc2db7901f5/datanode-2/data/ratis/3a56b542-7b98-45af-9157-8ec8187e1185 has been successfully formatted.
2019-09-25 07:32:09,776 [pool-47-thread-1] INFO  ratis.ContainerStateMachine (ContainerStateMachine.java:loadSnapshot(230)) - group-8EC8187E1185: The snapshot info is null. Setting the last applied indexto:(t:0, i:~)
2019-09-25 07:32:09,777 [pool-47-thread-1] INFO  server.RaftServerConfigKeys (ConfUtils.java:logGet(43)) - raft.server.notification.no-leader.timeout = 120s (custom)
2019-09-25 07:32:09,777 [pool-47-thread-1] INFO  server.RaftServerConfigKeys (ConfUtils.java:logGet(43)) - raft.server.log.use.memory = false (default)
2019-09-25 07:32:09,777 [pool-47-thread-1] INFO  server.RaftServerConfigKeys (ConfUtils.java:logGet(43)) - raft.server.log.purge.gap = 1000000 (custom)
2019-09-25 07:32:09,777 [pool-47-thread-1] INFO  server.RaftServerConfigKeys (ConfUtils.java:logGet(43)) - raft.server.log.appender.buffer.byte-limit = 33554432 (custom)
2019-09-25 07:32:09,777 [pool-47-thread-1] INFO  server.RaftServerConfigKeys (ConfUtils.java:logGet(43)) - raft.server.log.segment.size.max = 1048576 (custom)
2019-09-25 07:32:09,777 [pool-47-thread-1] INFO  server.RaftServerConfigKeys (ConfUtils.java:logGet(43)) - raft.server.log.segment.cache.num.max = 2 (custom)
2019-09-25 07:32:09,778 [pool-47-thread-1] INFO  segmented.SegmentedRaftLogWorker (SegmentedRaftLogWorker.java:<init>(172)) - new 202d3a0a-92d1-410a-a5b1-c2ff28078e56@group-8EC8187E1185-SegmentedRaftLogWorker for RaftStorage:Storage Directory /workdir/hadoop-ozone/tools/target/test-dir/MiniOzoneClusterImpl-74379f76-0ce6-44ed-853e-bfc2db7901f5/datanode-2/data/ratis/3a56b542-7b98-45af-9157-8ec8187e1185
2019-09-25 07:32:09,778 [pool-47-thread-1] INFO  server.RaftServerConfigKeys (ConfUtils.java:logGet(43)) - raft.server.log.queue.byte-limit = 2147483647 (custom)
2019-09-25 07:32:09,778 [pool-47-thread-1] INFO  server.RaftServerConfigKeys (ConfUtils.java:logGet(43)) - raft.server.log.queue.element-limit = 1024 (custom)
2019-09-25 07:32:09,778 [pool-47-thread-1] INFO  server.RaftServerConfigKeys (ConfUtils.java:logGet(43)) - raft.server.log.segment.size.max = 1048576 (custom)
2019-09-25 07:32:09,778 [pool-47-thread-1] INFO  server.RaftServerConfigKeys (ConfUtils.java:logGet(43)) - raft.server.log.preallocated.size = 16384 (custom)
2019-09-25 07:32:09,778 [pool-47-thread-1] INFO  server.RaftServerConfigKeys (ConfUtils.java:logGet(43)) - raft.server.log.write.buffer.size = 33554432 (custom)
2019-09-25 07:32:09,779 [pool-47-thread-1] INFO  server.RaftServerConfigKeys (ConfUtils.java:logGet(43)) - raft.server.log.force.sync.num = 128 (default)
2019-09-25 07:32:09,779 [pool-47-thread-1] INFO  server.RaftServerConfigKeys (ConfUtils.java:logGet(43)) - raft.server.log.statemachine.data.sync = true (default)
2019-09-25 07:32:09,779 [pool-47-thread-1] INFO  server.RaftServerConfigKeys (ConfUtils.java:logGet(43)) - raft.server.log.statemachine.data.sync.timeout = 10s (default)
2019-09-25 07:32:09,779 [pool-47-thread-1] INFO  server.RaftServerConfigKeys (ConfUtils.java:logGet(43)) - raft.server.log.statemachine.data.sync.timeout.retry = -1 (default)
2019-09-25 07:32:09,779 [pool-47-thread-1] INFO  server.RaftServerConfigKeys (ConfUtils.java:logGet(43)) - raft.server.log.statemachine.data.caching.enabled = true (custom)
2019-09-25 07:32:09,780 [pool-47-thread-1] INFO  segmented.SegmentedRaftLogWorker (SegmentedRaftLogWorker.java:lambda$new$0(132)) - 202d3a0a-92d1-410a-a5b1-c2ff28078e56@group-8EC8187E1185-SegmentedRaftLogWorker: flushIndex: setUnconditionally 0 -> -1
2019-09-25 07:32:09,780 [pool-47-thread-1] INFO  server.RaftServerConfigKeys (ConfUtils.java:logGet(43)) - raft.server.snapshot.auto.trigger.enabled = true (custom)
2019-09-25 07:32:09,780 [pool-47-thread-1] INFO  server.RaftServerConfigKeys (ConfUtils.java:logGet(43)) - raft.server.snapshot.auto.trigger.threshold = 10000 (custom)
2019-09-25 07:32:09,780 [pool-47-thread-1] INFO  server.RaftServerConfigKeys (ConfUtils.java:logGet(43)) - raft.server.snapshot.retention.num.files = 5 (custom)
2019-09-25 07:32:09,781 [pool-47-thread-1] INFO  server.RaftServerConfigKeys (ConfUtils.java:logGet(43)) - raft.server.retrycache.expirytime = 600000ms (custom)
2019-09-25 07:32:09,784 [pool-47-thread-1] INFO  impl.RaftServerImpl (RaftServerImpl.java:start(185)) - 202d3a0a-92d1-410a-a5b1-c2ff28078e56@group-8EC8187E1185: start as a follower, conf=-1: [202d3a0a-92d1-410a-a5b1-c2ff28078e56:192.168.151.106:44257], old=null
2019-09-25 07:32:09,784 [pool-47-thread-1] INFO  impl.RaftServerImpl (RaftServerImpl.java:setRole(174)) - 202d3a0a-92d1-410a-a5b1-c2ff28078e56@group-8EC8187E1185: changes role from      null to FOLLOWER at term 0 for startAsFollower
2019-09-25 07:32:09,784 [pool-47-thread-1] INFO  impl.RoleInfo (RoleInfo.java:updateAndGet(143)) - 202d3a0a-92d1-410a-a5b1-c2ff28078e56: start FollowerState
2019-09-25 07:32:09,784 [pool-47-thread-1] INFO  util.JmxRegister (JmxRegister.java:tryRegister(44)) - Successfully registered JMX Bean with object name Ratis:service=RaftServer,group=group-8EC8187E1185,id=202d3a0a-92d1-410a-a5b1-c2ff28078e56
2019-09-25 07:32:09,794 [RatisPipelineUtilsThread] INFO  pipeline.PipelineStateManager (PipelineStateManager.java:addPipeline(56)) - Created pipeline Pipeline[ Id: 3a56b542-7b98-45af-9157-8ec8187e1185, Nodes: 202d3a0a-92d1-410a-a5b1-c2ff28078e56{ip: 192.168.151.106, host: pr-hdds-1569-x2sr2-3486766547, networkLocation: /default-rack, certSerialId: null}, Type:RATIS, Factor:ONE, State:OPEN]
2019-09-25 07:32:09,809 [grpc-default-executor-0] INFO  impl.RaftServerProxy (RaftServerProxy.java:addNew(89)) - c49662a2-8e37-45f0-9294-af49a4d2b7d6: addNew group-0B5F76B34BFB:[c49662a2-8e37-45f0-9294-af49a4d2b7d6:192.168.151.106:44905] returns group-0B5F76B34BFB:java.util.concurrent.CompletableFuture@5df7778[Not completed]
2019-09-25 07:32:09,811 [pool-27-thread-1] INFO  impl.RaftServerImpl (RaftServerImpl.java:<init>(95)) - c49662a2-8e37-45f0-9294-af49a4d2b7d6: new RaftServerImpl for group-0B5F76B34BFB:[c49662a2-8e37-45f0-9294-af49a4d2b7d6:192.168.151.106:44905] with ContainerStateMachine:uninitialized
2019-09-25 07:32:09,811 [pool-27-thread-1] INFO  server.RaftServerConfigKeys (ConfUtils.java:logGet(43)) - raft.server.rpc.timeout.min = 5s (custom)
2019-09-25 07:32:09,811 [pool-27-thread-1] INFO  server.RaftServerConfigKeys (ConfUtils.java:logGet(43)) - raft.server.rpc.timeout.max = 5200ms (custom)
2019-09-25 07:32:09,811 [pool-27-thread-1] INFO  server.RaftServerConfigKeys (ConfUtils.java:logGet(43)) - raft.server.rpcslowness.timeout = 120s (custom)
2019-09-25 07:32:09,812 [pool-27-thread-1] INFO  server.RaftServerConfigKeys (ConfUtils.java:logGet(43)) - raft.server.sleep.deviation.threshold = 300 (default)
2019-09-25 07:32:09,812 [pool-27-thread-1] INFO  server.RaftServerConfigKeys (ConfUtils.java:logGet(43)) - raft.server.log.appender.install.snapshot.enabled = false (custom)
2019-09-25 07:32:09,812 [pool-27-thread-1] INFO  impl.RaftServerImpl (ServerState.java:<init>(103)) - c49662a2-8e37-45f0-9294-af49a4d2b7d6@group-0B5F76B34BFB: ConfigurationManager, init=-1: [c49662a2-8e37-45f0-9294-af49a4d2b7d6:192.168.151.106:44905], old=null, confs=<EMPTY_MAP>
2019-09-25 07:32:09,812 [pool-27-thread-1] INFO  server.RaftServerConfigKeys (ConfUtils.java:logGet(43)) - raft.server.storage.dir = [/workdir/hadoop-ozone/tools/target/test-dir/MiniOzoneClusterImpl-74379f76-0ce6-44ed-853e-bfc2db7901f5/datanode-0/data/ratis] (custom)
2019-09-25 07:32:09,813 [pool-27-thread-1] INFO  storage.RaftStorageDirectory (RaftStorageDirectory.java:analyzeStorage(246)) - The storage directory /workdir/hadoop-ozone/tools/target/test-dir/MiniOzoneClusterImpl-74379f76-0ce6-44ed-853e-bfc2db7901f5/datanode-0/data/ratis/0b7ccd70-bae8-4502-b476-0b5f76b34bfb does not exist. Creating ...
2019-09-25 07:32:09,852 [pool-27-thread-1] INFO  storage.RaftStorageDirectory (RaftStorageDirectory.java:tryLock(328)) - Lock on /workdir/hadoop-ozone/tools/target/test-dir/MiniOzoneClusterImpl-74379f76-0ce6-44ed-853e-bfc2db7901f5/datanode-0/data/ratis/0b7ccd70-bae8-4502-b476-0b5f76b34bfb/in_use.lock acquired by nodename 24320@pr-hdds-1569-x2sr2-3486766547
2019-09-25 07:32:09,879 [pool-27-thread-1] INFO  storage.RaftStorage (RaftStorage.java:format(72)) - Storage directory /workdir/hadoop-ozone/tools/target/test-dir/MiniOzoneClusterImpl-74379f76-0ce6-44ed-853e-bfc2db7901f5/datanode-0/data/ratis/0b7ccd70-bae8-4502-b476-0b5f76b34bfb has been successfully formatted.
2019-09-25 07:32:09,879 [pool-27-thread-1] INFO  ratis.ContainerStateMachine (ContainerStateMachine.java:loadSnapshot(230)) - group-0B5F76B34BFB: The snapshot info is null. Setting the last applied indexto:(t:0, i:~)
2019-09-25 07:32:09,879 [pool-27-thread-1] INFO  server.RaftServerConfigKeys (ConfUtils.java:logGet(43)) - raft.server.notification.no-leader.timeout = 120s (custom)
2019-09-25 07:32:09,879 [pool-27-thread-1] INFO  server.RaftServerConfigKeys (ConfUtils.java:logGet(43)) - raft.server.log.use.memory = false (default)
2019-09-25 07:32:09,880 [pool-27-thread-1] INFO  server.RaftServerConfigKeys (ConfUtils.java:logGet(43)) - raft.server.log.purge.gap = 1000000 (custom)
2019-09-25 07:32:09,880 [pool-27-thread-1] INFO  server.RaftServerConfigKeys (ConfUtils.java:logGet(43)) - raft.server.log.appender.buffer.byte-limit = 33554432 (custom)
2019-09-25 07:32:09,880 [pool-27-thread-1] INFO  server.RaftServerConfigKeys (ConfUtils.java:logGet(43)) - raft.server.log.segment.size.max = 1048576 (custom)
2019-09-25 07:32:09,880 [pool-27-thread-1] INFO  server.RaftServerConfigKeys (ConfUtils.java:logGet(43)) - raft.server.log.segment.cache.num.max = 2 (custom)
2019-09-25 07:32:09,880 [pool-27-thread-1] INFO  segmented.SegmentedRaftLogWorker (SegmentedRaftLogWorker.java:<init>(172)) - new c49662a2-8e37-45f0-9294-af49a4d2b7d6@group-0B5F76B34BFB-SegmentedRaftLogWorker for RaftStorage:Storage Directory /workdir/hadoop-ozone/tools/target/test-dir/MiniOzoneClusterImpl-74379f76-0ce6-44ed-853e-bfc2db7901f5/datanode-0/data/ratis/0b7ccd70-bae8-4502-b476-0b5f76b34bfb
2019-09-25 07:32:09,880 [pool-27-thread-1] INFO  server.RaftServerConfigKeys (ConfUtils.java:logGet(43)) - raft.server.log.queue.byte-limit = 2147483647 (custom)
2019-09-25 07:32:09,881 [pool-27-thread-1] INFO  server.RaftServerConfigKeys (ConfUtils.java:logGet(43)) - raft.server.log.queue.element-limit = 1024 (custom)
2019-09-25 07:32:09,881 [pool-27-thread-1] INFO  server.RaftServerConfigKeys (ConfUtils.java:logGet(43)) - raft.server.log.segment.size.max = 1048576 (custom)
2019-09-25 07:32:09,881 [pool-27-thread-1] INFO  server.RaftServerConfigKeys (ConfUtils.java:logGet(43)) - raft.server.log.preallocated.size = 16384 (custom)
2019-09-25 07:32:09,881 [pool-27-thread-1] INFO  server.RaftServerConfigKeys (ConfUtils.java:logGet(43)) - raft.server.log.write.buffer.size = 33554432 (custom)
2019-09-25 07:32:09,881 [pool-27-thread-1] INFO  server.RaftServerConfigKeys (ConfUtils.java:logGet(43)) - raft.server.log.force.sync.num = 128 (default)
2019-09-25 07:32:09,881 [pool-27-thread-1] INFO  server.RaftServerConfigKeys (ConfUtils.java:logGet(43)) - raft.server.log.statemachine.data.sync = true (default)
2019-09-25 07:32:09,882 [pool-27-thread-1] INFO  server.RaftServerConfigKeys (ConfUtils.java:logGet(43)) - raft.server.log.statemachine.data.sync.timeout = 10s (default)
2019-09-25 07:32:09,882 [pool-27-thread-1] INFO  server.RaftServerConfigKeys (ConfUtils.java:logGet(43)) - raft.server.log.statemachine.data.sync.timeout.retry = -1 (default)
2019-09-25 07:32:09,882 [pool-27-thread-1] INFO  server.RaftServerConfigKeys (ConfUtils.java:logGet(43)) - raft.server.log.statemachine.data.caching.enabled = true (custom)
2019-09-25 07:32:09,882 [pool-27-thread-1] INFO  segmented.SegmentedRaftLogWorker (SegmentedRaftLogWorker.java:lambda$new$0(132)) - c49662a2-8e37-45f0-9294-af49a4d2b7d6@group-0B5F76B34BFB-SegmentedRaftLogWorker: flushIndex: setUnconditionally 0 -> -1
2019-09-25 07:32:09,883 [pool-27-thread-1] INFO  server.RaftServerConfigKeys (ConfUtils.java:logGet(43)) - raft.server.snapshot.auto.trigger.enabled = true (custom)
2019-09-25 07:32:09,883 [pool-27-thread-1] INFO  server.RaftServerConfigKeys (ConfUtils.java:logGet(43)) - raft.server.snapshot.auto.trigger.threshold = 10000 (custom)
2019-09-25 07:32:09,883 [pool-27-thread-1] INFO  server.RaftServerConfigKeys (ConfUtils.java:logGet(43)) - raft.server.snapshot.retention.num.files = 5 (custom)
2019-09-25 07:32:09,883 [pool-27-thread-1] INFO  server.RaftServerConfigKeys (ConfUtils.java:logGet(43)) - raft.server.retrycache.expirytime = 600000ms (custom)
2019-09-25 07:32:09,886 [pool-27-thread-1] INFO  impl.RaftServerImpl (RaftServerImpl.java:start(185)) - c49662a2-8e37-45f0-9294-af49a4d2b7d6@group-0B5F76B34BFB: start as a follower, conf=-1: [c49662a2-8e37-45f0-9294-af49a4d2b7d6:192.168.151.106:44905], old=null
2019-09-25 07:32:09,886 [pool-27-thread-1] INFO  impl.RaftServerImpl (RaftServerImpl.java:setRole(174)) - c49662a2-8e37-45f0-9294-af49a4d2b7d6@group-0B5F76B34BFB: changes role from      null to FOLLOWER at term 0 for startAsFollower
2019-09-25 07:32:09,887 [pool-27-thread-1] INFO  impl.RoleInfo (RoleInfo.java:updateAndGet(143)) - c49662a2-8e37-45f0-9294-af49a4d2b7d6: start FollowerState
2019-09-25 07:32:09,887 [pool-27-thread-1] INFO  util.JmxRegister (JmxRegister.java:tryRegister(44)) - Successfully registered JMX Bean with object name Ratis:service=RaftServer,group=group-0B5F76B34BFB,id=c49662a2-8e37-45f0-9294-af49a4d2b7d6
2019-09-25 07:32:09,897 [RatisPipelineUtilsThread] INFO  pipeline.PipelineStateManager (PipelineStateManager.java:addPipeline(56)) - Created pipeline Pipeline[ Id: 0b7ccd70-bae8-4502-b476-0b5f76b34bfb, Nodes: c49662a2-8e37-45f0-9294-af49a4d2b7d6{ip: 192.168.151.106, host: pr-hdds-1569-x2sr2-3486766547, networkLocation: /default-rack, certSerialId: null}, Type:RATIS, Factor:ONE, State:OPEN]
2019-09-25 07:32:09,908 [grpc-default-executor-0] INFO  impl.RaftServerProxy (RaftServerProxy.java:addNew(89)) - 202d3a0a-92d1-410a-a5b1-c2ff28078e56: addNew group-D8DF43FE3B59:[202d3a0a-92d1-410a-a5b1-c2ff28078e56:192.168.151.106:44257] returns group-D8DF43FE3B59:java.util.concurrent.CompletableFuture@6b4c666f[Not completed]
2019-09-25 07:32:09,910 [pool-47-thread-1] INFO  impl.RaftServerImpl (RaftServerImpl.java:<init>(95)) - 202d3a0a-92d1-410a-a5b1-c2ff28078e56: new RaftServerImpl for group-D8DF43FE3B59:[202d3a0a-92d1-410a-a5b1-c2ff28078e56:192.168.151.106:44257] with ContainerStateMachine:uninitialized
2019-09-25 07:32:09,911 [pool-47-thread-1] INFO  server.RaftServerConfigKeys (ConfUtils.java:logGet(43)) - raft.server.rpc.timeout.min = 5s (custom)
2019-09-25 07:32:09,911 [pool-47-thread-1] INFO  server.RaftServerConfigKeys (ConfUtils.java:logGet(43)) - raft.server.rpc.timeout.max = 5200ms (custom)
2019-09-25 07:32:09,911 [pool-47-thread-1] INFO  server.RaftServerConfigKeys (ConfUtils.java:logGet(43)) - raft.server.rpcslowness.timeout = 120s (custom)
2019-09-25 07:32:09,911 [pool-47-thread-1] INFO  server.RaftServerConfigKeys (ConfUtils.java:logGet(43)) - raft.server.sleep.deviation.threshold = 300 (default)
2019-09-25 07:32:09,911 [pool-47-thread-1] INFO  server.RaftServerConfigKeys (ConfUtils.java:logGet(43)) - raft.server.log.appender.install.snapshot.enabled = false (custom)
2019-09-25 07:32:09,911 [pool-47-thread-1] INFO  impl.RaftServerImpl (ServerState.java:<init>(103)) - 202d3a0a-92d1-410a-a5b1-c2ff28078e56@group-D8DF43FE3B59: ConfigurationManager, init=-1: [202d3a0a-92d1-410a-a5b1-c2ff28078e56:192.168.151.106:44257], old=null, confs=<EMPTY_MAP>
2019-09-25 07:32:09,912 [pool-47-thread-1] INFO  server.RaftServerConfigKeys (ConfUtils.java:logGet(43)) - raft.server.storage.dir = [/workdir/hadoop-ozone/tools/target/test-dir/MiniOzoneClusterImpl-74379f76-0ce6-44ed-853e-bfc2db7901f5/datanode-2/data/ratis] (custom)
2019-09-25 07:32:09,912 [pool-47-thread-1] INFO  storage.RaftStorageDirectory (RaftStorageDirectory.java:analyzeStorage(246)) - The storage directory /workdir/hadoop-ozone/tools/target/test-dir/MiniOzoneClusterImpl-74379f76-0ce6-44ed-853e-bfc2db7901f5/datanode-2/data/ratis/8226de38-ea8b-4538-932f-d8df43fe3b59 does not exist. Creating ...
2019-09-25 07:32:09,913 [main] INFO  freon.RandomKeyGenerator (RandomKeyGenerator.java:call(283)) - Number of Threads: 10
2019-09-25 07:32:09,914 [main] INFO  freon.RandomKeyGenerator (RandomKeyGenerator.java:call(288)) - Number of Volumes: 1.
2019-09-25 07:32:09,914 [main] INFO  freon.RandomKeyGenerator (RandomKeyGenerator.java:call(289)) - Number of Buckets per Volume: 1.
2019-09-25 07:32:09,914 [main] INFO  freon.RandomKeyGenerator (RandomKeyGenerator.java:call(290)) - Number of Keys per Bucket: 1.
2019-09-25 07:32:09,915 [main] INFO  freon.RandomKeyGenerator (RandomKeyGenerator.java:call(291)) - Key size: 20971520 bytes
2019-09-25 07:32:09,915 [main] INFO  freon.RandomKeyGenerator (RandomKeyGenerator.java:call(292)) - Buffer size: 4096 bytes
2019-09-25 07:32:09,915 [main] INFO  freon.RandomKeyGenerator (RandomKeyGenerator.java:call(293)) - validateWrites : true
2019-09-25 07:32:09,919 [main] INFO  freon.RandomKeyGenerator (RandomKeyGenerator.java:call(307)) - Data validation is enabled.
2019-09-25 07:32:09,920 [main] INFO  freon.RandomKeyGenerator (RandomKeyGenerator.java:call(313)) - Starting progress bar Thread.

 0.00% |█                                                                                                    |  0/1 Time: 0:00:002019-09-25 07:32:09,938 [pool-47-thread-1] INFO  storage.RaftStorageDirectory (RaftStorageDirectory.java:tryLock(328)) - Lock on /workdir/hadoop-ozone/tools/target/test-dir/MiniOzoneClusterImpl-74379f76-0ce6-44ed-853e-bfc2db7901f5/datanode-2/data/ratis/8226de38-ea8b-4538-932f-d8df43fe3b59/in_use.lock acquired by nodename 24320@pr-hdds-1569-x2sr2-3486766547
2019-09-25 07:32:09,948 [pool-53-thread-1] INFO  rpc.RpcClient (RpcClient.java:createVolume(276)) - Creating Volume: vol-0-98398, with jenkins1000 as owner.
2019-09-25 07:32:09,963 [pool-47-thread-1] INFO  storage.RaftStorage (RaftStorage.java:format(72)) - Storage directory /workdir/hadoop-ozone/tools/target/test-dir/MiniOzoneClusterImpl-74379f76-0ce6-44ed-853e-bfc2db7901f5/datanode-2/data/ratis/8226de38-ea8b-4538-932f-d8df43fe3b59 has been successfully formatted.
2019-09-25 07:32:09,963 [pool-47-thread-1] INFO  ratis.ContainerStateMachine (ContainerStateMachine.java:loadSnapshot(230)) - group-D8DF43FE3B59: The snapshot info is null. Setting the last applied indexto:(t:0, i:~)
2019-09-25 07:32:09,963 [pool-47-thread-1] INFO  server.RaftServerConfigKeys (ConfUtils.java:logGet(43)) - raft.server.notification.no-leader.timeout = 120s (custom)
2019-09-25 07:32:09,963 [pool-47-thread-1] INFO  server.RaftServerConfigKeys (ConfUtils.java:logGet(43)) - raft.server.log.use.memory = false (default)
2019-09-25 07:32:09,964 [pool-47-thread-1] INFO  server.RaftServerConfigKeys (ConfUtils.java:logGet(43)) - raft.server.log.purge.gap = 1000000 (custom)
2019-09-25 07:32:09,964 [pool-47-thread-1] INFO  server.RaftServerConfigKeys (ConfUtils.java:logGet(43)) - raft.server.log.appender.buffer.byte-limit = 33554432 (custom)
2019-09-25 07:32:09,964 [pool-47-thread-1] INFO  server.RaftServerConfigKeys (ConfUtils.java:logGet(43)) - raft.server.log.segment.size.max = 1048576 (custom)
2019-09-25 07:32:09,964 [pool-47-thread-1] INFO  server.RaftServerConfigKeys (ConfUtils.java:logGet(43)) - raft.server.log.segment.cache.num.max = 2 (custom)
2019-09-25 07:32:09,964 [pool-47-thread-1] INFO  segmented.SegmentedRaftLogWorker (SegmentedRaftLogWorker.java:<init>(172)) - new 202d3a0a-92d1-410a-a5b1-c2ff28078e56@group-D8DF43FE3B59-SegmentedRaftLogWorker for RaftStorage:Storage Directory /workdir/hadoop-ozone/tools/target/test-dir/MiniOzoneClusterImpl-74379f76-0ce6-44ed-853e-bfc2db7901f5/datanode-2/data/ratis/8226de38-ea8b-4538-932f-d8df43fe3b59
2019-09-25 07:32:09,965 [pool-47-thread-1] INFO  server.RaftServerConfigKeys (ConfUtils.java:logGet(43)) - raft.server.log.queue.byte-limit = 2147483647 (custom)
2019-09-25 07:32:09,965 [pool-47-thread-1] INFO  server.RaftServerConfigKeys (ConfUtils.java:logGet(43)) - raft.server.log.queue.element-limit = 1024 (custom)
2019-09-25 07:32:09,965 [pool-47-thread-1] INFO  server.RaftServerConfigKeys (ConfUtils.java:logGet(43)) - raft.server.log.segment.size.max = 1048576 (custom)
2019-09-25 07:32:09,965 [pool-47-thread-1] INFO  server.RaftServerConfigKeys (ConfUtils.java:logGet(43)) - raft.server.log.preallocated.size = 16384 (custom)
2019-09-25 07:32:09,965 [pool-47-thread-1] INFO  server.RaftServerConfigKeys (ConfUtils.java:logGet(43)) - raft.server.log.write.buffer.size = 33554432 (custom)
2019-09-25 07:32:09,965 [pool-47-thread-1] INFO  server.RaftServerConfigKeys (ConfUtils.java:logGet(43)) - raft.server.log.force.sync.num = 128 (default)
2019-09-25 07:32:09,966 [pool-47-thread-1] INFO  server.RaftServerConfigKeys (ConfUtils.java:logGet(43)) - raft.server.log.statemachine.data.sync = true (default)
2019-09-25 07:32:09,966 [pool-47-thread-1] INFO  server.RaftServerConfigKeys (ConfUtils.java:logGet(43)) - raft.server.log.statemachine.data.sync.timeout = 10s (default)
2019-09-25 07:32:09,966 [pool-47-thread-1] INFO  server.RaftServerConfigKeys (ConfUtils.java:logGet(43)) - raft.server.log.statemachine.data.sync.timeout.retry = -1 (default)
2019-09-25 07:32:09,966 [pool-47-thread-1] INFO  server.RaftServerConfigKeys (ConfUtils.java:logGet(43)) - raft.server.log.statemachine.data.caching.enabled = true (custom)
2019-09-25 07:32:09,967 [pool-47-thread-1] INFO  segmented.SegmentedRaftLogWorker (SegmentedRaftLogWorker.java:lambda$new$0(132)) - 202d3a0a-92d1-410a-a5b1-c2ff28078e56@group-D8DF43FE3B59-SegmentedRaftLogWorker: flushIndex: setUnconditionally 0 -> -1
2019-09-25 07:32:09,967 [pool-47-thread-1] INFO  server.RaftServerConfigKeys (ConfUtils.java:logGet(43)) - raft.server.snapshot.auto.trigger.enabled = true (custom)
2019-09-25 07:32:09,967 [pool-47-thread-1] INFO  server.RaftServerConfigKeys (ConfUtils.java:logGet(43)) - raft.server.snapshot.auto.trigger.threshold = 10000 (custom)
2019-09-25 07:32:09,967 [pool-47-thread-1] INFO  server.RaftServerConfigKeys (ConfUtils.java:logGet(43)) - raft.server.snapshot.retention.num.files = 5 (custom)
2019-09-25 07:32:09,968 [pool-47-thread-1] INFO  server.RaftServerConfigKeys (ConfUtils.java:logGet(43)) - raft.server.retrycache.expirytime = 600000ms (custom)
2019-09-25 07:32:09,971 [pool-47-thread-1] INFO  impl.RaftServerImpl (RaftServerImpl.java:start(185)) - 202d3a0a-92d1-410a-a5b1-c2ff28078e56@group-D8DF43FE3B59: start as a follower, conf=-1: [202d3a0a-92d1-410a-a5b1-c2ff28078e56:192.168.151.106:44257], old=null
2019-09-25 07:32:09,971 [pool-47-thread-1] INFO  impl.RaftServerImpl (RaftServerImpl.java:setRole(174)) - 202d3a0a-92d1-410a-a5b1-c2ff28078e56@group-D8DF43FE3B59: changes role from      null to FOLLOWER at term 0 for startAsFollower
2019-09-25 07:32:09,971 [pool-47-thread-1] INFO  impl.RoleInfo (RoleInfo.java:updateAndGet(143)) - 202d3a0a-92d1-410a-a5b1-c2ff28078e56: start FollowerState
2019-09-25 07:32:09,972 [pool-47-thread-1] INFO  util.JmxRegister (JmxRegister.java:tryRegister(44)) - Successfully registered JMX Bean with object name Ratis:service=RaftServer,group=group-D8DF43FE3B59,id=202d3a0a-92d1-410a-a5b1-c2ff28078e56
2019-09-25 07:32:09,981 [RatisPipelineUtilsThread] INFO  pipeline.PipelineStateManager (PipelineStateManager.java:addPipeline(56)) - Created pipeline Pipeline[ Id: 8226de38-ea8b-4538-932f-d8df43fe3b59, Nodes: 202d3a0a-92d1-410a-a5b1-c2ff28078e56{ip: 192.168.151.106, host: pr-hdds-1569-x2sr2-3486766547, networkLocation: /default-rack, certSerialId: null}, Type:RATIS, Factor:ONE, State:OPEN]
2019-09-25 07:32:09,981 [RatisPipelineUtilsThread] INFO  pipeline.PipelinePlacementPolicy (PipelinePlacementPolicy.java:meetCriteria(91)) - Pipeline Placement: can't place more pipeline on heavy datanode： 202d3a0a-92d1-410a-a5b1-c2ff28078e56 Heaviness: 6 limit: 5
2019-09-25 07:32:09,994 [grpc-default-executor-0] INFO  impl.RaftServerProxy (RaftServerProxy.java:addNew(89)) - bb17b402-82ee-4379-828e-7ca8ec673ddb: addNew group-BE981D18E9B9:[bb17b402-82ee-4379-828e-7ca8ec673ddb:192.168.151.106:35392] returns group-BE981D18E9B9:java.util.concurrent.CompletableFuture@5d837b47[Not completed]
2019-09-25 07:32:09,996 [pool-37-thread-1] INFO  impl.RaftServerImpl (RaftServerImpl.java:<init>(95)) - bb17b402-82ee-4379-828e-7ca8ec673ddb: new RaftServerImpl for group-BE981D18E9B9:[bb17b402-82ee-4379-828e-7ca8ec673ddb:192.168.151.106:35392] with ContainerStateMachine:uninitialized
2019-09-25 07:32:09,996 [pool-37-thread-1] INFO  server.RaftServerConfigKeys (ConfUtils.java:logGet(43)) - raft.server.rpc.timeout.min = 5s (custom)
2019-09-25 07:32:09,996 [pool-37-thread-1] INFO  server.RaftServerConfigKeys (ConfUtils.java:logGet(43)) - raft.server.rpc.timeout.max = 5200ms (custom)
2019-09-25 07:32:09,996 [pool-37-thread-1] INFO  server.RaftServerConfigKeys (ConfUtils.java:logGet(43)) - raft.server.rpcslowness.timeout = 120s (custom)
2019-09-25 07:32:09,997 [pool-37-thread-1] INFO  server.RaftServerConfigKeys (ConfUtils.java:logGet(43)) - raft.server.sleep.deviation.threshold = 300 (default)
2019-09-25 07:32:09,997 [pool-37-thread-1] INFO  server.RaftServerConfigKeys (ConfUtils.java:logGet(43)) - raft.server.log.appender.install.snapshot.enabled = false (custom)
2019-09-25 07:32:09,997 [pool-37-thread-1] INFO  impl.RaftServerImpl (ServerState.java:<init>(103)) - bb17b402-82ee-4379-828e-7ca8ec673ddb@group-BE981D18E9B9: ConfigurationManager, init=-1: [bb17b402-82ee-4379-828e-7ca8ec673ddb:192.168.151.106:35392], old=null, confs=<EMPTY_MAP>
2019-09-25 07:32:09,997 [pool-37-thread-1] INFO  server.RaftServerConfigKeys (ConfUtils.java:logGet(43)) - raft.server.storage.dir = [/workdir/hadoop-ozone/tools/target/test-dir/MiniOzoneClusterImpl-74379f76-0ce6-44ed-853e-bfc2db7901f5/datanode-1/data/ratis] (custom)
2019-09-25 07:32:09,998 [pool-37-thread-1] INFO  storage.RaftStorageDirectory (RaftStorageDirectory.java:analyzeStorage(246)) - The storage directory /workdir/hadoop-ozone/tools/target/test-dir/MiniOzoneClusterImpl-74379f76-0ce6-44ed-853e-bfc2db7901f5/datanode-1/data/ratis/fbb3e8e2-1bc4-4d09-b6a1-be981d18e9b9 does not exist. Creating ...
2019-09-25 07:32:10,021 [pool-37-thread-1] INFO  storage.RaftStorageDirectory (RaftStorageDirectory.java:tryLock(328)) - Lock on /workdir/hadoop-ozone/tools/target/test-dir/MiniOzoneClusterImpl-74379f76-0ce6-44ed-853e-bfc2db7901f5/datanode-1/data/ratis/fbb3e8e2-1bc4-4d09-b6a1-be981d18e9b9/in_use.lock acquired by nodename 24320@pr-hdds-1569-x2sr2-3486766547
2019-09-25 07:32:10,038 [pool-37-thread-1] INFO  storage.RaftStorage (RaftStorage.java:format(72)) - Storage directory /workdir/hadoop-ozone/tools/target/test-dir/MiniOzoneClusterImpl-74379f76-0ce6-44ed-853e-bfc2db7901f5/datanode-1/data/ratis/fbb3e8e2-1bc4-4d09-b6a1-be981d18e9b9 has been successfully formatted.
2019-09-25 07:32:10,039 [pool-37-thread-1] INFO  ratis.ContainerStateMachine (ContainerStateMachine.java:loadSnapshot(230)) - group-BE981D18E9B9: The snapshot info is null. Setting the last applied indexto:(t:0, i:~)
2019-09-25 07:32:10,039 [pool-37-thread-1] INFO  server.RaftServerConfigKeys (ConfUtils.java:logGet(43)) - raft.server.notification.no-leader.timeout = 120s (custom)
2019-09-25 07:32:10,039 [pool-37-thread-1] INFO  server.RaftServerConfigKeys (ConfUtils.java:logGet(43)) - raft.server.log.use.memory = false (default)
2019-09-25 07:32:10,039 [pool-37-thread-1] INFO  server.RaftServerConfigKeys (ConfUtils.java:logGet(43)) - raft.server.log.purge.gap = 1000000 (custom)
2019-09-25 07:32:10,040 [pool-37-thread-1] INFO  server.RaftServerConfigKeys (ConfUtils.java:logGet(43)) - raft.server.log.appender.buffer.byte-limit = 33554432 (custom)
2019-09-25 07:32:10,040 [pool-37-thread-1] INFO  server.RaftServerConfigKeys (ConfUtils.java:logGet(43)) - raft.server.log.segment.size.max = 1048576 (custom)
2019-09-25 07:32:10,040 [pool-37-thread-1] INFO  server.RaftServerConfigKeys (ConfUtils.java:logGet(43)) - raft.server.log.segment.cache.num.max = 2 (custom)
2019-09-25 07:32:10,040 [pool-37-thread-1] INFO  segmented.SegmentedRaftLogWorker (SegmentedRaftLogWorker.java:<init>(172)) - new bb17b402-82ee-4379-828e-7ca8ec673ddb@group-BE981D18E9B9-SegmentedRaftLogWorker for RaftStorage:Storage Directory /workdir/hadoop-ozone/tools/target/test-dir/MiniOzoneClusterImpl-74379f76-0ce6-44ed-853e-bfc2db7901f5/datanode-1/data/ratis/fbb3e8e2-1bc4-4d09-b6a1-be981d18e9b9
2019-09-25 07:32:10,040 [pool-37-thread-1] INFO  server.RaftServerConfigKeys (ConfUtils.java:logGet(43)) - raft.server.log.queue.byte-limit = 2147483647 (custom)
2019-09-25 07:32:10,040 [pool-37-thread-1] INFO  server.RaftServerConfigKeys (ConfUtils.java:logGet(43)) - raft.server.log.queue.element-limit = 1024 (custom)
2019-09-25 07:32:10,041 [pool-37-thread-1] INFO  server.RaftServerConfigKeys (ConfUtils.java:logGet(43)) - raft.server.log.segment.size.max = 1048576 (custom)
2019-09-25 07:32:10,041 [pool-37-thread-1] INFO  server.RaftServerConfigKeys (ConfUtils.java:logGet(43)) - raft.server.log.preallocated.size = 16384 (custom)
2019-09-25 07:32:10,041 [pool-37-thread-1] INFO  server.RaftServerConfigKeys (ConfUtils.java:logGet(43)) - raft.server.log.write.buffer.size = 33554432 (custom)
2019-09-25 07:32:10,041 [pool-37-thread-1] INFO  server.RaftServerConfigKeys (ConfUtils.java:logGet(43)) - raft.server.log.force.sync.num = 128 (default)
2019-09-25 07:32:10,041 [pool-37-thread-1] INFO  server.RaftServerConfigKeys (ConfUtils.java:logGet(43)) - raft.server.log.statemachine.data.sync = true (default)
2019-09-25 07:32:10,041 [pool-37-thread-1] INFO  server.RaftServerConfigKeys (ConfUtils.java:logGet(43)) - raft.server.log.statemachine.data.sync.timeout = 10s (default)
2019-09-25 07:32:10,041 [pool-37-thread-1] INFO  server.RaftServerConfigKeys (ConfUtils.java:logGet(43)) - raft.server.log.statemachine.data.sync.timeout.retry = -1 (default)
2019-09-25 07:32:10,042 [pool-37-thread-1] INFO  server.RaftServerConfigKeys (ConfUtils.java:logGet(43)) - raft.server.log.statemachine.data.caching.enabled = true (custom)
2019-09-25 07:32:10,042 [pool-37-thread-1] INFO  segmented.SegmentedRaftLogWorker (SegmentedRaftLogWorker.java:lambda$new$0(132)) - bb17b402-82ee-4379-828e-7ca8ec673ddb@group-BE981D18E9B9-SegmentedRaftLogWorker: flushIndex: setUnconditionally 0 -> -1
2019-09-25 07:32:10,042 [pool-37-thread-1] INFO  server.RaftServerConfigKeys (ConfUtils.java:logGet(43)) - raft.server.snapshot.auto.trigger.enabled = true (custom)
2019-09-25 07:32:10,043 [pool-37-thread-1] INFO  server.RaftServerConfigKeys (ConfUtils.java:logGet(43)) - raft.server.snapshot.auto.trigger.threshold = 10000 (custom)
2019-09-25 07:32:10,043 [pool-37-thread-1] INFO  server.RaftServerConfigKeys (ConfUtils.java:logGet(43)) - raft.server.snapshot.retention.num.files = 5 (custom)
2019-09-25 07:32:10,043 [pool-37-thread-1] INFO  server.RaftServerConfigKeys (ConfUtils.java:logGet(43)) - raft.server.retrycache.expirytime = 600000ms (custom)
2019-09-25 07:32:10,046 [pool-37-thread-1] INFO  impl.RaftServerImpl (RaftServerImpl.java:start(185)) - bb17b402-82ee-4379-828e-7ca8ec673ddb@group-BE981D18E9B9: start as a follower, conf=-1: [bb17b402-82ee-4379-828e-7ca8ec673ddb:192.168.151.106:35392], old=null
2019-09-25 07:32:10,046 [pool-37-thread-1] INFO  impl.RaftServerImpl (RaftServerImpl.java:setRole(174)) - bb17b402-82ee-4379-828e-7ca8ec673ddb@group-BE981D18E9B9: changes role from      null to FOLLOWER at term 0 for startAsFollower
2019-09-25 07:32:10,046 [pool-37-thread-1] INFO  impl.RoleInfo (RoleInfo.java:updateAndGet(143)) - bb17b402-82ee-4379-828e-7ca8ec673ddb: start FollowerState
2019-09-25 07:32:10,046 [pool-37-thread-1] INFO  util.JmxRegister (JmxRegister.java:tryRegister(44)) - Successfully registered JMX Bean with object name Ratis:service=RaftServer,group=group-BE981D18E9B9,id=bb17b402-82ee-4379-828e-7ca8ec673ddb
2019-09-25 07:32:10,054 [RatisPipelineUtilsThread] INFO  pipeline.PipelineStateManager (PipelineStateManager.java:addPipeline(56)) - Created pipeline Pipeline[ Id: fbb3e8e2-1bc4-4d09-b6a1-be981d18e9b9, Nodes: bb17b402-82ee-4379-828e-7ca8ec673ddb{ip: 192.168.151.106, host: pr-hdds-1569-x2sr2-3486766547, networkLocation: /default-rack, certSerialId: null}, Type:RATIS, Factor:ONE, State:OPEN]
2019-09-25 07:32:10,055 [RatisPipelineUtilsThread] INFO  pipeline.PipelinePlacementPolicy (PipelinePlacementPolicy.java:meetCriteria(91)) - Pipeline Placement: can't place more pipeline on heavy datanode： 202d3a0a-92d1-410a-a5b1-c2ff28078e56 Heaviness: 6 limit: 5
2019-09-25 07:32:10,067 [grpc-default-executor-0] INFO  impl.RaftServerProxy (RaftServerProxy.java:addNew(89)) - c49662a2-8e37-45f0-9294-af49a4d2b7d6: addNew group-DFE6AB621CF8:[c49662a2-8e37-45f0-9294-af49a4d2b7d6:192.168.151.106:44905] returns group-DFE6AB621CF8:java.util.concurrent.CompletableFuture@7430cc2[Not completed]
2019-09-25 07:32:10,069 [pool-27-thread-1] INFO  impl.RaftServerImpl (RaftServerImpl.java:<init>(95)) - c49662a2-8e37-45f0-9294-af49a4d2b7d6: new RaftServerImpl for group-DFE6AB621CF8:[c49662a2-8e37-45f0-9294-af49a4d2b7d6:192.168.151.106:44905] with ContainerStateMachine:uninitialized
2019-09-25 07:32:10,069 [pool-27-thread-1] INFO  server.RaftServerConfigKeys (ConfUtils.java:logGet(43)) - raft.server.rpc.timeout.min = 5s (custom)
2019-09-25 07:32:10,069 [pool-27-thread-1] INFO  server.RaftServerConfigKeys (ConfUtils.java:logGet(43)) - raft.server.rpc.timeout.max = 5200ms (custom)
2019-09-25 07:32:10,069 [pool-27-thread-1] INFO  server.RaftServerConfigKeys (ConfUtils.java:logGet(43)) - raft.server.rpcslowness.timeout = 120s (custom)
2019-09-25 07:32:10,069 [pool-27-thread-1] INFO  server.RaftServerConfigKeys (ConfUtils.java:logGet(43)) - raft.server.sleep.deviation.threshold = 300 (default)
2019-09-25 07:32:10,069 [pool-27-thread-1] INFO  server.RaftServerConfigKeys (ConfUtils.java:logGet(43)) - raft.server.log.appender.install.snapshot.enabled = false (custom)
2019-09-25 07:32:10,069 [pool-27-thread-1] INFO  impl.RaftServerImpl (ServerState.java:<init>(103)) - c49662a2-8e37-45f0-9294-af49a4d2b7d6@group-DFE6AB621CF8: ConfigurationManager, init=-1: [c49662a2-8e37-45f0-9294-af49a4d2b7d6:192.168.151.106:44905], old=null, confs=<EMPTY_MAP>
2019-09-25 07:32:10,070 [pool-27-thread-1] INFO  server.RaftServerConfigKeys (ConfUtils.java:logGet(43)) - raft.server.storage.dir = [/workdir/hadoop-ozone/tools/target/test-dir/MiniOzoneClusterImpl-74379f76-0ce6-44ed-853e-bfc2db7901f5/datanode-0/data/ratis] (custom)
2019-09-25 07:32:10,070 [pool-27-thread-1] INFO  storage.RaftStorageDirectory (RaftStorageDirectory.java:analyzeStorage(246)) - The storage directory /workdir/hadoop-ozone/tools/target/test-dir/MiniOzoneClusterImpl-74379f76-0ce6-44ed-853e-bfc2db7901f5/datanode-0/data/ratis/3d6b8f01-e9f4-47a0-a7a0-dfe6ab621cf8 does not exist. Creating ...
2019-09-25 07:32:10,082 [IPC Server handler 2 on 36401] INFO  volume.OMVolumeCreateRequest (OMVolumeCreateRequest.java:validateAndUpdateCache(189)) - created volume:vol-0-98398 for user:jenkins1000
2019-09-25 07:32:10,083 [pool-27-thread-1] INFO  storage.RaftStorageDirectory (RaftStorageDirectory.java:tryLock(328)) - Lock on /workdir/hadoop-ozone/tools/target/test-dir/MiniOzoneClusterImpl-74379f76-0ce6-44ed-853e-bfc2db7901f5/datanode-0/data/ratis/3d6b8f01-e9f4-47a0-a7a0-dfe6ab621cf8/in_use.lock acquired by nodename 24320@pr-hdds-1569-x2sr2-3486766547
2019-09-25 07:32:10,110 [pool-27-thread-1] INFO  storage.RaftStorage (RaftStorage.java:format(72)) - Storage directory /workdir/hadoop-ozone/tools/target/test-dir/MiniOzoneClusterImpl-74379f76-0ce6-44ed-853e-bfc2db7901f5/datanode-0/data/ratis/3d6b8f01-e9f4-47a0-a7a0-dfe6ab621cf8 has been successfully formatted.
2019-09-25 07:32:10,110 [pool-27-thread-1] INFO  ratis.ContainerStateMachine (ContainerStateMachine.java:loadSnapshot(230)) - group-DFE6AB621CF8: The snapshot info is null. Setting the last applied indexto:(t:0, i:~)
2019-09-25 07:32:10,110 [pool-27-thread-1] INFO  server.RaftServerConfigKeys (ConfUtils.java:logGet(43)) - raft.server.notification.no-leader.timeout = 120s (custom)
2019-09-25 07:32:10,110 [pool-27-thread-1] INFO  server.RaftServerConfigKeys (ConfUtils.java:logGet(43)) - raft.server.log.use.memory = false (default)
2019-09-25 07:32:10,111 [pool-27-thread-1] INFO  server.RaftServerConfigKeys (ConfUtils.java:logGet(43)) - raft.server.log.purge.gap = 1000000 (custom)
2019-09-25 07:32:10,111 [pool-27-thread-1] INFO  server.RaftServerConfigKeys (ConfUtils.java:logGet(43)) - raft.server.log.appender.buffer.byte-limit = 33554432 (custom)
2019-09-25 07:32:10,111 [pool-27-thread-1] INFO  server.RaftServerConfigKeys (ConfUtils.java:logGet(43)) - raft.server.log.segment.size.max = 1048576 (custom)
2019-09-25 07:32:10,111 [pool-27-thread-1] INFO  server.RaftServerConfigKeys (ConfUtils.java:logGet(43)) - raft.server.log.segment.cache.num.max = 2 (custom)
2019-09-25 07:32:10,111 [pool-27-thread-1] INFO  segmented.SegmentedRaftLogWorker (SegmentedRaftLogWorker.java:<init>(172)) - new c49662a2-8e37-45f0-9294-af49a4d2b7d6@group-DFE6AB621CF8-SegmentedRaftLogWorker for RaftStorage:Storage Directory /workdir/hadoop-ozone/tools/target/test-dir/MiniOzoneClusterImpl-74379f76-0ce6-44ed-853e-bfc2db7901f5/datanode-0/data/ratis/3d6b8f01-e9f4-47a0-a7a0-dfe6ab621cf8
2019-09-25 07:32:10,112 [pool-27-thread-1] INFO  server.RaftServerConfigKeys (ConfUtils.java:logGet(43)) - raft.server.log.queue.byte-limit = 2147483647 (custom)
2019-09-25 07:32:10,112 [pool-27-thread-1] INFO  server.RaftServerConfigKeys (ConfUtils.java:logGet(43)) - raft.server.log.queue.element-limit = 1024 (custom)
2019-09-25 07:32:10,112 [pool-27-thread-1] INFO  server.RaftServerConfigKeys (ConfUtils.java:logGet(43)) - raft.server.log.segment.size.max = 1048576 (custom)
2019-09-25 07:32:10,112 [pool-27-thread-1] INFO  server.RaftServerConfigKeys (ConfUtils.java:logGet(43)) - raft.server.log.preallocated.size = 16384 (custom)
2019-09-25 07:32:10,112 [pool-27-thread-1] INFO  server.RaftServerConfigKeys (ConfUtils.java:logGet(43)) - raft.server.log.write.buffer.size = 33554432 (custom)
2019-09-25 07:32:10,112 [pool-27-thread-1] INFO  server.RaftServerConfigKeys (ConfUtils.java:logGet(43)) - raft.server.log.force.sync.num = 128 (default)
2019-09-25 07:32:10,113 [pool-27-thread-1] INFO  server.RaftServerConfigKeys (ConfUtils.java:logGet(43)) - raft.server.log.statemachine.data.sync = true (default)
2019-09-25 07:32:10,113 [pool-27-thread-1] INFO  server.RaftServerConfigKeys (ConfUtils.java:logGet(43)) - raft.server.log.statemachine.data.sync.timeout = 10s (default)
2019-09-25 07:32:10,113 [pool-27-thread-1] INFO  server.RaftServerConfigKeys (ConfUtils.java:logGet(43)) - raft.server.log.statemachine.data.sync.timeout.retry = -1 (default)
2019-09-25 07:32:10,114 [pool-27-thread-1] INFO  server.RaftServerConfigKeys (ConfUtils.java:logGet(43)) - raft.server.log.statemachine.data.caching.enabled = true (custom)
2019-09-25 07:32:10,114 [pool-27-thread-1] INFO  segmented.SegmentedRaftLogWorker (SegmentedRaftLogWorker.java:lambda$new$0(132)) - c49662a2-8e37-45f0-9294-af49a4d2b7d6@group-DFE6AB621CF8-SegmentedRaftLogWorker: flushIndex: setUnconditionally 0 -> -1
2019-09-25 07:32:10,115 [pool-27-thread-1] INFO  server.RaftServerConfigKeys (ConfUtils.java:logGet(43)) - raft.server.snapshot.auto.trigger.enabled = true (custom)
2019-09-25 07:32:10,115 [pool-27-thread-1] INFO  server.RaftServerConfigKeys (ConfUtils.java:logGet(43)) - raft.server.snapshot.auto.trigger.threshold = 10000 (custom)
2019-09-25 07:32:10,115 [pool-27-thread-1] INFO  server.RaftServerConfigKeys (ConfUtils.java:logGet(43)) - raft.server.snapshot.retention.num.files = 5 (custom)
2019-09-25 07:32:10,116 [pool-27-thread-1] INFO  server.RaftServerConfigKeys (ConfUtils.java:logGet(43)) - raft.server.retrycache.expirytime = 600000ms (custom)
2019-09-25 07:32:10,118 [pool-53-thread-2] INFO  rpc.RpcClient (RpcClient.java:createBucket(415)) - Creating Bucket: vol-0-98398/bucket-0-40477, with Versioning false and Storage Type set to DISK and Encryption set to false 
2019-09-25 07:32:10,120 [pool-27-thread-1] INFO  impl.RaftServerImpl (RaftServerImpl.java:start(185)) - c49662a2-8e37-45f0-9294-af49a4d2b7d6@group-DFE6AB621CF8: start as a follower, conf=-1: [c49662a2-8e37-45f0-9294-af49a4d2b7d6:192.168.151.106:44905], old=null
2019-09-25 07:32:10,121 [pool-27-thread-1] INFO  impl.RaftServerImpl (RaftServerImpl.java:setRole(174)) - c49662a2-8e37-45f0-9294-af49a4d2b7d6@group-DFE6AB621CF8: changes role from      null to FOLLOWER at term 0 for startAsFollower
2019-09-25 07:32:10,121 [pool-27-thread-1] INFO  impl.RoleInfo (RoleInfo.java:updateAndGet(143)) - c49662a2-8e37-45f0-9294-af49a4d2b7d6: start FollowerState
2019-09-25 07:32:10,121 [pool-27-thread-1] INFO  util.JmxRegister (JmxRegister.java:tryRegister(44)) - Successfully registered JMX Bean with object name Ratis:service=RaftServer,group=group-DFE6AB621CF8,id=c49662a2-8e37-45f0-9294-af49a4d2b7d6
2019-09-25 07:32:10,130 [RatisPipelineUtilsThread] INFO  pipeline.PipelineStateManager (PipelineStateManager.java:addPipeline(56)) - Created pipeline Pipeline[ Id: 3d6b8f01-e9f4-47a0-a7a0-dfe6ab621cf8, Nodes: c49662a2-8e37-45f0-9294-af49a4d2b7d6{ip: 192.168.151.106, host: pr-hdds-1569-x2sr2-3486766547, networkLocation: /default-rack, certSerialId: null}, Type:RATIS, Factor:ONE, State:OPEN]
2019-09-25 07:32:10,130 [RatisPipelineUtilsThread] INFO  pipeline.PipelinePlacementPolicy (PipelinePlacementPolicy.java:meetCriteria(91)) - Pipeline Placement: can't place more pipeline on heavy datanode： 202d3a0a-92d1-410a-a5b1-c2ff28078e56 Heaviness: 6 limit: 5
2019-09-25 07:32:10,146 [grpc-default-executor-0] INFO  impl.RaftServerProxy (RaftServerProxy.java:addNew(89)) - bb17b402-82ee-4379-828e-7ca8ec673ddb: addNew group-64E6301E4917:[bb17b402-82ee-4379-828e-7ca8ec673ddb:192.168.151.106:35392] returns group-64E6301E4917:java.util.concurrent.CompletableFuture@2f4c818b[Not completed]
2019-09-25 07:32:10,147 [pool-37-thread-1] INFO  impl.RaftServerImpl (RaftServerImpl.java:<init>(95)) - bb17b402-82ee-4379-828e-7ca8ec673ddb: new RaftServerImpl for group-64E6301E4917:[bb17b402-82ee-4379-828e-7ca8ec673ddb:192.168.151.106:35392] with ContainerStateMachine:uninitialized
2019-09-25 07:32:10,147 [pool-37-thread-1] INFO  server.RaftServerConfigKeys (ConfUtils.java:logGet(43)) - raft.server.rpc.timeout.min = 5s (custom)
2019-09-25 07:32:10,148 [pool-37-thread-1] INFO  server.RaftServerConfigKeys (ConfUtils.java:logGet(43)) - raft.server.rpc.timeout.max = 5200ms (custom)
2019-09-25 07:32:10,148 [pool-37-thread-1] INFO  server.RaftServerConfigKeys (ConfUtils.java:logGet(43)) - raft.server.rpcslowness.timeout = 120s (custom)
2019-09-25 07:32:10,148 [pool-37-thread-1] INFO  server.RaftServerConfigKeys (ConfUtils.java:logGet(43)) - raft.server.sleep.deviation.threshold = 300 (default)
2019-09-25 07:32:10,148 [pool-37-thread-1] INFO  server.RaftServerConfigKeys (ConfUtils.java:logGet(43)) - raft.server.log.appender.install.snapshot.enabled = false (custom)
2019-09-25 07:32:10,148 [pool-37-thread-1] INFO  impl.RaftServerImpl (ServerState.java:<init>(103)) - bb17b402-82ee-4379-828e-7ca8ec673ddb@group-64E6301E4917: ConfigurationManager, init=-1: [bb17b402-82ee-4379-828e-7ca8ec673ddb:192.168.151.106:35392], old=null, confs=<EMPTY_MAP>
2019-09-25 07:32:10,148 [pool-37-thread-1] INFO  server.RaftServerConfigKeys (ConfUtils.java:logGet(43)) - raft.server.storage.dir = [/workdir/hadoop-ozone/tools/target/test-dir/MiniOzoneClusterImpl-74379f76-0ce6-44ed-853e-bfc2db7901f5/datanode-1/data/ratis] (custom)
2019-09-25 07:32:10,150 [pool-37-thread-1] INFO  storage.RaftStorageDirectory (RaftStorageDirectory.java:analyzeStorage(246)) - The storage directory /workdir/hadoop-ozone/tools/target/test-dir/MiniOzoneClusterImpl-74379f76-0ce6-44ed-853e-bfc2db7901f5/datanode-1/data/ratis/ab8c5e25-ecca-47d1-851c-64e6301e4917 does not exist. Creating ...
2019-09-25 07:32:10,173 [pool-37-thread-1] INFO  storage.RaftStorageDirectory (RaftStorageDirectory.java:tryLock(328)) - Lock on /workdir/hadoop-ozone/tools/target/test-dir/MiniOzoneClusterImpl-74379f76-0ce6-44ed-853e-bfc2db7901f5/datanode-1/data/ratis/ab8c5e25-ecca-47d1-851c-64e6301e4917/in_use.lock acquired by nodename 24320@pr-hdds-1569-x2sr2-3486766547
2019-09-25 07:32:10,197 [pool-37-thread-1] INFO  storage.RaftStorage (RaftStorage.java:format(72)) - Storage directory /workdir/hadoop-ozone/tools/target/test-dir/MiniOzoneClusterImpl-74379f76-0ce6-44ed-853e-bfc2db7901f5/datanode-1/data/ratis/ab8c5e25-ecca-47d1-851c-64e6301e4917 has been successfully formatted.
2019-09-25 07:32:10,197 [pool-37-thread-1] INFO  ratis.ContainerStateMachine (ContainerStateMachine.java:loadSnapshot(230)) - group-64E6301E4917: The snapshot info is null. Setting the last applied indexto:(t:0, i:~)
2019-09-25 07:32:10,197 [pool-37-thread-1] INFO  server.RaftServerConfigKeys (ConfUtils.java:logGet(43)) - raft.server.notification.no-leader.timeout = 120s (custom)
2019-09-25 07:32:10,197 [pool-37-thread-1] INFO  server.RaftServerConfigKeys (ConfUtils.java:logGet(43)) - raft.server.log.use.memory = false (default)
2019-09-25 07:32:10,198 [pool-37-thread-1] INFO  server.RaftServerConfigKeys (ConfUtils.java:logGet(43)) - raft.server.log.purge.gap = 1000000 (custom)
2019-09-25 07:32:10,198 [pool-37-thread-1] INFO  server.RaftServerConfigKeys (ConfUtils.java:logGet(43)) - raft.server.log.appender.buffer.byte-limit = 33554432 (custom)
2019-09-25 07:32:10,198 [pool-37-thread-1] INFO  server.RaftServerConfigKeys (ConfUtils.java:logGet(43)) - raft.server.log.segment.size.max = 1048576 (custom)
2019-09-25 07:32:10,198 [pool-37-thread-1] INFO  server.RaftServerConfigKeys (ConfUtils.java:logGet(43)) - raft.server.log.segment.cache.num.max = 2 (custom)
2019-09-25 07:32:10,198 [pool-37-thread-1] INFO  segmented.SegmentedRaftLogWorker (SegmentedRaftLogWorker.java:<init>(172)) - new bb17b402-82ee-4379-828e-7ca8ec673ddb@group-64E6301E4917-SegmentedRaftLogWorker for RaftStorage:Storage Directory /workdir/hadoop-ozone/tools/target/test-dir/MiniOzoneClusterImpl-74379f76-0ce6-44ed-853e-bfc2db7901f5/datanode-1/data/ratis/ab8c5e25-ecca-47d1-851c-64e6301e4917
2019-09-25 07:32:10,198 [pool-37-thread-1] INFO  server.RaftServerConfigKeys (ConfUtils.java:logGet(43)) - raft.server.log.queue.byte-limit = 2147483647 (custom)
2019-09-25 07:32:10,198 [pool-37-thread-1] INFO  server.RaftServerConfigKeys (ConfUtils.java:logGet(43)) - raft.server.log.queue.element-limit = 1024 (custom)
2019-09-25 07:32:10,199 [pool-37-thread-1] INFO  server.RaftServerConfigKeys (ConfUtils.java:logGet(43)) - raft.server.log.segment.size.max = 1048576 (custom)
2019-09-25 07:32:10,199 [pool-37-thread-1] INFO  server.RaftServerConfigKeys (ConfUtils.java:logGet(43)) - raft.server.log.preallocated.size = 16384 (custom)
2019-09-25 07:32:10,199 [pool-37-thread-1] INFO  server.RaftServerConfigKeys (ConfUtils.java:logGet(43)) - raft.server.log.write.buffer.size = 33554432 (custom)
2019-09-25 07:32:10,199 [pool-37-thread-1] INFO  server.RaftServerConfigKeys (ConfUtils.java:logGet(43)) - raft.server.log.force.sync.num = 128 (default)
2019-09-25 07:32:10,199 [pool-37-thread-1] INFO  server.RaftServerConfigKeys (ConfUtils.java:logGet(43)) - raft.server.log.statemachine.data.sync = true (default)
2019-09-25 07:32:10,199 [pool-37-thread-1] INFO  server.RaftServerConfigKeys (ConfUtils.java:logGet(43)) - raft.server.log.statemachine.data.sync.timeout = 10s (default)
2019-09-25 07:32:10,200 [pool-37-thread-1] INFO  server.RaftServerConfigKeys (ConfUtils.java:logGet(43)) - raft.server.log.statemachine.data.sync.timeout.retry = -1 (default)
2019-09-25 07:32:10,200 [pool-37-thread-1] INFO  server.RaftServerConfigKeys (ConfUtils.java:logGet(43)) - raft.server.log.statemachine.data.caching.enabled = true (custom)
2019-09-25 07:32:10,200 [pool-37-thread-1] INFO  segmented.SegmentedRaftLogWorker (SegmentedRaftLogWorker.java:lambda$new$0(132)) - bb17b402-82ee-4379-828e-7ca8ec673ddb@group-64E6301E4917-SegmentedRaftLogWorker: flushIndex: setUnconditionally 0 -> -1
2019-09-25 07:32:10,200 [pool-37-thread-1] INFO  server.RaftServerConfigKeys (ConfUtils.java:logGet(43)) - raft.server.snapshot.auto.trigger.enabled = true (custom)
2019-09-25 07:32:10,200 [pool-37-thread-1] INFO  server.RaftServerConfigKeys (ConfUtils.java:logGet(43)) - raft.server.snapshot.auto.trigger.threshold = 10000 (custom)
2019-09-25 07:32:10,201 [pool-37-thread-1] INFO  server.RaftServerConfigKeys (ConfUtils.java:logGet(43)) - raft.server.snapshot.retention.num.files = 5 (custom)
2019-09-25 07:32:10,201 [pool-37-thread-1] INFO  server.RaftServerConfigKeys (ConfUtils.java:logGet(43)) - raft.server.retrycache.expirytime = 600000ms (custom)
2019-09-25 07:32:10,203 [pool-37-thread-1] INFO  impl.RaftServerImpl (RaftServerImpl.java:start(185)) - bb17b402-82ee-4379-828e-7ca8ec673ddb@group-64E6301E4917: start as a follower, conf=-1: [bb17b402-82ee-4379-828e-7ca8ec673ddb:192.168.151.106:35392], old=null
2019-09-25 07:32:10,204 [pool-37-thread-1] INFO  impl.RaftServerImpl (RaftServerImpl.java:setRole(174)) - bb17b402-82ee-4379-828e-7ca8ec673ddb@group-64E6301E4917: changes role from      null to FOLLOWER at term 0 for startAsFollower
2019-09-25 07:32:10,204 [pool-37-thread-1] INFO  impl.RoleInfo (RoleInfo.java:updateAndGet(143)) - bb17b402-82ee-4379-828e-7ca8ec673ddb: start FollowerState
2019-09-25 07:32:10,204 [pool-37-thread-1] INFO  util.JmxRegister (JmxRegister.java:tryRegister(44)) - Successfully registered JMX Bean with object name Ratis:service=RaftServer,group=group-64E6301E4917,id=bb17b402-82ee-4379-828e-7ca8ec673ddb
2019-09-25 07:32:10,208 [RatisPipelineUtilsThread] INFO  pipeline.PipelineStateManager (PipelineStateManager.java:addPipeline(56)) - Created pipeline Pipeline[ Id: ab8c5e25-ecca-47d1-851c-64e6301e4917, Nodes: bb17b402-82ee-4379-828e-7ca8ec673ddb{ip: 192.168.151.106, host: pr-hdds-1569-x2sr2-3486766547, networkLocation: /default-rack, certSerialId: null}, Type:RATIS, Factor:ONE, State:OPEN]
2019-09-25 07:32:10,209 [RatisPipelineUtilsThread] INFO  pipeline.PipelinePlacementPolicy (PipelinePlacementPolicy.java:meetCriteria(91)) - Pipeline Placement: can't place more pipeline on heavy datanode： 202d3a0a-92d1-410a-a5b1-c2ff28078e56 Heaviness: 6 limit: 5
2019-09-25 07:32:10,220 [grpc-default-executor-0] INFO  impl.RaftServerProxy (RaftServerProxy.java:addNew(89)) - c49662a2-8e37-45f0-9294-af49a4d2b7d6: addNew group-B34AD55AFDAC:[c49662a2-8e37-45f0-9294-af49a4d2b7d6:192.168.151.106:44905] returns group-B34AD55AFDAC:java.util.concurrent.CompletableFuture@2294e030[Not completed]
2019-09-25 07:32:10,221 [pool-27-thread-1] INFO  impl.RaftServerImpl (RaftServerImpl.java:<init>(95)) - c49662a2-8e37-45f0-9294-af49a4d2b7d6: new RaftServerImpl for group-B34AD55AFDAC:[c49662a2-8e37-45f0-9294-af49a4d2b7d6:192.168.151.106:44905] with ContainerStateMachine:uninitialized
2019-09-25 07:32:10,222 [pool-27-thread-1] INFO  server.RaftServerConfigKeys (ConfUtils.java:logGet(43)) - raft.server.rpc.timeout.min = 5s (custom)
2019-09-25 07:32:10,222 [pool-27-thread-1] INFO  server.RaftServerConfigKeys (ConfUtils.java:logGet(43)) - raft.server.rpc.timeout.max = 5200ms (custom)
2019-09-25 07:32:10,222 [pool-27-thread-1] INFO  server.RaftServerConfigKeys (ConfUtils.java:logGet(43)) - raft.server.rpcslowness.timeout = 120s (custom)
2019-09-25 07:32:10,222 [pool-27-thread-1] INFO  server.RaftServerConfigKeys (ConfUtils.java:logGet(43)) - raft.server.sleep.deviation.threshold = 300 (default)
2019-09-25 07:32:10,222 [pool-27-thread-1] INFO  server.RaftServerConfigKeys (ConfUtils.java:logGet(43)) - raft.server.log.appender.install.snapshot.enabled = false (custom)
2019-09-25 07:32:10,222 [pool-27-thread-1] INFO  impl.RaftServerImpl (ServerState.java:<init>(103)) - c49662a2-8e37-45f0-9294-af49a4d2b7d6@group-B34AD55AFDAC: ConfigurationManager, init=-1: [c49662a2-8e37-45f0-9294-af49a4d2b7d6:192.168.151.106:44905], old=null, confs=<EMPTY_MAP>
2019-09-25 07:32:10,222 [pool-27-thread-1] INFO  server.RaftServerConfigKeys (ConfUtils.java:logGet(43)) - raft.server.storage.dir = [/workdir/hadoop-ozone/tools/target/test-dir/MiniOzoneClusterImpl-74379f76-0ce6-44ed-853e-bfc2db7901f5/datanode-0/data/ratis] (custom)
2019-09-25 07:32:10,223 [pool-27-thread-1] INFO  storage.RaftStorageDirectory (RaftStorageDirectory.java:analyzeStorage(246)) - The storage directory /workdir/hadoop-ozone/tools/target/test-dir/MiniOzoneClusterImpl-74379f76-0ce6-44ed-853e-bfc2db7901f5/datanode-0/data/ratis/e3a8f382-1f76-4ba5-a022-b34ad55afdac does not exist. Creating ...
2019-09-25 07:32:10,246 [pool-27-thread-1] INFO  storage.RaftStorageDirectory (RaftStorageDirectory.java:tryLock(328)) - Lock on /workdir/hadoop-ozone/tools/target/test-dir/MiniOzoneClusterImpl-74379f76-0ce6-44ed-853e-bfc2db7901f5/datanode-0/data/ratis/e3a8f382-1f76-4ba5-a022-b34ad55afdac/in_use.lock acquired by nodename 24320@pr-hdds-1569-x2sr2-3486766547
2019-09-25 07:32:10,271 [pool-27-thread-1] INFO  storage.RaftStorage (RaftStorage.java:format(72)) - Storage directory /workdir/hadoop-ozone/tools/target/test-dir/MiniOzoneClusterImpl-74379f76-0ce6-44ed-853e-bfc2db7901f5/datanode-0/data/ratis/e3a8f382-1f76-4ba5-a022-b34ad55afdac has been successfully formatted.
2019-09-25 07:32:10,271 [pool-27-thread-1] INFO  ratis.ContainerStateMachine (ContainerStateMachine.java:loadSnapshot(230)) - group-B34AD55AFDAC: The snapshot info is null. Setting the last applied indexto:(t:0, i:~)
2019-09-25 07:32:10,272 [pool-27-thread-1] INFO  server.RaftServerConfigKeys (ConfUtils.java:logGet(43)) - raft.server.notification.no-leader.timeout = 120s (custom)
2019-09-25 07:32:10,272 [pool-27-thread-1] INFO  server.RaftServerConfigKeys (ConfUtils.java:logGet(43)) - raft.server.log.use.memory = false (default)
2019-09-25 07:32:10,272 [pool-27-thread-1] INFO  server.RaftServerConfigKeys (ConfUtils.java:logGet(43)) - raft.server.log.purge.gap = 1000000 (custom)
2019-09-25 07:32:10,272 [pool-27-thread-1] INFO  server.RaftServerConfigKeys (ConfUtils.java:logGet(43)) - raft.server.log.appender.buffer.byte-limit = 33554432 (custom)
2019-09-25 07:32:10,272 [pool-27-thread-1] INFO  server.RaftServerConfigKeys (ConfUtils.java:logGet(43)) - raft.server.log.segment.size.max = 1048576 (custom)
2019-09-25 07:32:10,273 [pool-27-thread-1] INFO  server.RaftServerConfigKeys (ConfUtils.java:logGet(43)) - raft.server.log.segment.cache.num.max = 2 (custom)
2019-09-25 07:32:10,273 [pool-27-thread-1] INFO  segmented.SegmentedRaftLogWorker (SegmentedRaftLogWorker.java:<init>(172)) - new c49662a2-8e37-45f0-9294-af49a4d2b7d6@group-B34AD55AFDAC-SegmentedRaftLogWorker for RaftStorage:Storage Directory /workdir/hadoop-ozone/tools/target/test-dir/MiniOzoneClusterImpl-74379f76-0ce6-44ed-853e-bfc2db7901f5/datanode-0/data/ratis/e3a8f382-1f76-4ba5-a022-b34ad55afdac
2019-09-25 07:32:10,273 [pool-27-thread-1] INFO  server.RaftServerConfigKeys (ConfUtils.java:logGet(43)) - raft.server.log.queue.byte-limit = 2147483647 (custom)
2019-09-25 07:32:10,273 [pool-27-thread-1] INFO  server.RaftServerConfigKeys (ConfUtils.java:logGet(43)) - raft.server.log.queue.element-limit = 1024 (custom)
2019-09-25 07:32:10,273 [pool-27-thread-1] INFO  server.RaftServerConfigKeys (ConfUtils.java:logGet(43)) - raft.server.log.segment.size.max = 1048576 (custom)
2019-09-25 07:32:10,273 [pool-27-thread-1] INFO  server.RaftServerConfigKeys (ConfUtils.java:logGet(43)) - raft.server.log.preallocated.size = 16384 (custom)
2019-09-25 07:32:10,273 [pool-27-thread-1] INFO  server.RaftServerConfigKeys (ConfUtils.java:logGet(43)) - raft.server.log.write.buffer.size = 33554432 (custom)
2019-09-25 07:32:10,274 [pool-27-thread-1] INFO  server.RaftServerConfigKeys (ConfUtils.java:logGet(43)) - raft.server.log.force.sync.num = 128 (default)
2019-09-25 07:32:10,274 [pool-27-thread-1] INFO  server.RaftServerConfigKeys (ConfUtils.java:logGet(43)) - raft.server.log.statemachine.data.sync = true (default)
2019-09-25 07:32:10,274 [pool-27-thread-1] INFO  server.RaftServerConfigKeys (ConfUtils.java:logGet(43)) - raft.server.log.statemachine.data.sync.timeout = 10s (default)
2019-09-25 07:32:10,274 [pool-27-thread-1] INFO  server.RaftServerConfigKeys (ConfUtils.java:logGet(43)) - raft.server.log.statemachine.data.sync.timeout.retry = -1 (default)
2019-09-25 07:32:10,274 [pool-27-thread-1] INFO  server.RaftServerConfigKeys (ConfUtils.java:logGet(43)) - raft.server.log.statemachine.data.caching.enabled = true (custom)
2019-09-25 07:32:10,275 [pool-27-thread-1] INFO  segmented.SegmentedRaftLogWorker (SegmentedRaftLogWorker.java:lambda$new$0(132)) - c49662a2-8e37-45f0-9294-af49a4d2b7d6@group-B34AD55AFDAC-SegmentedRaftLogWorker: flushIndex: setUnconditionally 0 -> -1
2019-09-25 07:32:10,275 [pool-27-thread-1] INFO  server.RaftServerConfigKeys (ConfUtils.java:logGet(43)) - raft.server.snapshot.auto.trigger.enabled = true (custom)
2019-09-25 07:32:10,275 [pool-27-thread-1] INFO  server.RaftServerConfigKeys (ConfUtils.java:logGet(43)) - raft.server.snapshot.auto.trigger.threshold = 10000 (custom)
2019-09-25 07:32:10,275 [pool-27-thread-1] INFO  server.RaftServerConfigKeys (ConfUtils.java:logGet(43)) - raft.server.snapshot.retention.num.files = 5 (custom)
2019-09-25 07:32:10,276 [pool-27-thread-1] INFO  server.RaftServerConfigKeys (ConfUtils.java:logGet(43)) - raft.server.retrycache.expirytime = 600000ms (custom)
2019-09-25 07:32:10,278 [pool-27-thread-1] INFO  impl.RaftServerImpl (RaftServerImpl.java:start(185)) - c49662a2-8e37-45f0-9294-af49a4d2b7d6@group-B34AD55AFDAC: start as a follower, conf=-1: [c49662a2-8e37-45f0-9294-af49a4d2b7d6:192.168.151.106:44905], old=null
2019-09-25 07:32:10,278 [pool-27-thread-1] INFO  impl.RaftServerImpl (RaftServerImpl.java:setRole(174)) - c49662a2-8e37-45f0-9294-af49a4d2b7d6@group-B34AD55AFDAC: changes role from      null to FOLLOWER at term 0 for startAsFollower
2019-09-25 07:32:10,279 [pool-27-thread-1] INFO  impl.RoleInfo (RoleInfo.java:updateAndGet(143)) - c49662a2-8e37-45f0-9294-af49a4d2b7d6: start FollowerState
2019-09-25 07:32:10,279 [pool-27-thread-1] INFO  util.JmxRegister (JmxRegister.java:tryRegister(44)) - Successfully registered JMX Bean with object name Ratis:service=RaftServer,group=group-B34AD55AFDAC,id=c49662a2-8e37-45f0-9294-af49a4d2b7d6
2019-09-25 07:32:10,285 [RatisPipelineUtilsThread] INFO  pipeline.PipelineStateManager (PipelineStateManager.java:addPipeline(56)) - Created pipeline Pipeline[ Id: e3a8f382-1f76-4ba5-a022-b34ad55afdac, Nodes: c49662a2-8e37-45f0-9294-af49a4d2b7d6{ip: 192.168.151.106, host: pr-hdds-1569-x2sr2-3486766547, networkLocation: /default-rack, certSerialId: null}, Type:RATIS, Factor:ONE, State:OPEN]
2019-09-25 07:32:10,285 [RatisPipelineUtilsThread] INFO  pipeline.PipelinePlacementPolicy (PipelinePlacementPolicy.java:meetCriteria(91)) - Pipeline Placement: can't place more pipeline on heavy datanode： 202d3a0a-92d1-410a-a5b1-c2ff28078e56 Heaviness: 6 limit: 5
2019-09-25 07:32:10,285 [RatisPipelineUtilsThread] INFO  pipeline.PipelinePlacementPolicy (PipelinePlacementPolicy.java:meetCriteria(91)) - Pipeline Placement: can't place more pipeline on heavy datanode： c49662a2-8e37-45f0-9294-af49a4d2b7d6 Heaviness: 6 limit: 5
2019-09-25 07:32:10,300 [grpc-default-executor-0] INFO  impl.RaftServerProxy (RaftServerProxy.java:addNew(89)) - bb17b402-82ee-4379-828e-7ca8ec673ddb: addNew group-996755D34D2A:[bb17b402-82ee-4379-828e-7ca8ec673ddb:192.168.151.106:35392] returns group-996755D34D2A:java.util.concurrent.CompletableFuture@6c2d7897[Not completed]
2019-09-25 07:32:10,302 [pool-37-thread-1] INFO  impl.RaftServerImpl (RaftServerImpl.java:<init>(95)) - bb17b402-82ee-4379-828e-7ca8ec673ddb: new RaftServerImpl for group-996755D34D2A:[bb17b402-82ee-4379-828e-7ca8ec673ddb:192.168.151.106:35392] with ContainerStateMachine:uninitialized
2019-09-25 07:32:10,302 [pool-37-thread-1] INFO  server.RaftServerConfigKeys (ConfUtils.java:logGet(43)) - raft.server.rpc.timeout.min = 5s (custom)
2019-09-25 07:32:10,302 [pool-37-thread-1] INFO  server.RaftServerConfigKeys (ConfUtils.java:logGet(43)) - raft.server.rpc.timeout.max = 5200ms (custom)
2019-09-25 07:32:10,302 [pool-37-thread-1] INFO  server.RaftServerConfigKeys (ConfUtils.java:logGet(43)) - raft.server.rpcslowness.timeout = 120s (custom)
2019-09-25 07:32:10,302 [pool-37-thread-1] INFO  server.RaftServerConfigKeys (ConfUtils.java:logGet(43)) - raft.server.sleep.deviation.threshold = 300 (default)
2019-09-25 07:32:10,303 [pool-37-thread-1] INFO  server.RaftServerConfigKeys (ConfUtils.java:logGet(43)) - raft.server.log.appender.install.snapshot.enabled = false (custom)
2019-09-25 07:32:10,303 [pool-37-thread-1] INFO  impl.RaftServerImpl (ServerState.java:<init>(103)) - bb17b402-82ee-4379-828e-7ca8ec673ddb@group-996755D34D2A: ConfigurationManager, init=-1: [bb17b402-82ee-4379-828e-7ca8ec673ddb:192.168.151.106:35392], old=null, confs=<EMPTY_MAP>
2019-09-25 07:32:10,303 [pool-37-thread-1] INFO  server.RaftServerConfigKeys (ConfUtils.java:logGet(43)) - raft.server.storage.dir = [/workdir/hadoop-ozone/tools/target/test-dir/MiniOzoneClusterImpl-74379f76-0ce6-44ed-853e-bfc2db7901f5/datanode-1/data/ratis] (custom)
2019-09-25 07:32:10,303 [pool-37-thread-1] INFO  storage.RaftStorageDirectory (RaftStorageDirectory.java:analyzeStorage(246)) - The storage directory /workdir/hadoop-ozone/tools/target/test-dir/MiniOzoneClusterImpl-74379f76-0ce6-44ed-853e-bfc2db7901f5/datanode-1/data/ratis/d0acb333-d98c-486a-bf0f-996755d34d2a does not exist. Creating ...
2019-09-25 07:32:10,326 [pool-37-thread-1] INFO  storage.RaftStorageDirectory (RaftStorageDirectory.java:tryLock(328)) - Lock on /workdir/hadoop-ozone/tools/target/test-dir/MiniOzoneClusterImpl-74379f76-0ce6-44ed-853e-bfc2db7901f5/datanode-1/data/ratis/d0acb333-d98c-486a-bf0f-996755d34d2a/in_use.lock acquired by nodename 24320@pr-hdds-1569-x2sr2-3486766547
2019-09-25 07:32:10,367 [pool-37-thread-1] INFO  storage.RaftStorage (RaftStorage.java:format(72)) - Storage directory /workdir/hadoop-ozone/tools/target/test-dir/MiniOzoneClusterImpl-74379f76-0ce6-44ed-853e-bfc2db7901f5/datanode-1/data/ratis/d0acb333-d98c-486a-bf0f-996755d34d2a has been successfully formatted.
2019-09-25 07:32:10,367 [pool-37-thread-1] INFO  ratis.ContainerStateMachine (ContainerStateMachine.java:loadSnapshot(230)) - group-996755D34D2A: The snapshot info is null. Setting the last applied indexto:(t:0, i:~)
2019-09-25 07:32:10,368 [pool-37-thread-1] INFO  server.RaftServerConfigKeys (ConfUtils.java:logGet(43)) - raft.server.notification.no-leader.timeout = 120s (custom)
2019-09-25 07:32:10,368 [pool-37-thread-1] INFO  server.RaftServerConfigKeys (ConfUtils.java:logGet(43)) - raft.server.log.use.memory = false (default)
2019-09-25 07:32:10,368 [pool-37-thread-1] INFO  server.RaftServerConfigKeys (ConfUtils.java:logGet(43)) - raft.server.log.purge.gap = 1000000 (custom)
2019-09-25 07:32:10,368 [pool-37-thread-1] INFO  server.RaftServerConfigKeys (ConfUtils.java:logGet(43)) - raft.server.log.appender.buffer.byte-limit = 33554432 (custom)
2019-09-25 07:32:10,368 [pool-37-thread-1] INFO  server.RaftServerConfigKeys (ConfUtils.java:logGet(43)) - raft.server.log.segment.size.max = 1048576 (custom)
2019-09-25 07:32:10,368 [pool-37-thread-1] INFO  server.RaftServerConfigKeys (ConfUtils.java:logGet(43)) - raft.server.log.segment.cache.num.max = 2 (custom)
2019-09-25 07:32:10,369 [pool-37-thread-1] INFO  segmented.SegmentedRaftLogWorker (SegmentedRaftLogWorker.java:<init>(172)) - new bb17b402-82ee-4379-828e-7ca8ec673ddb@group-996755D34D2A-SegmentedRaftLogWorker for RaftStorage:Storage Directory /workdir/hadoop-ozone/tools/target/test-dir/MiniOzoneClusterImpl-74379f76-0ce6-44ed-853e-bfc2db7901f5/datanode-1/data/ratis/d0acb333-d98c-486a-bf0f-996755d34d2a
2019-09-25 07:32:10,369 [pool-37-thread-1] INFO  server.RaftServerConfigKeys (ConfUtils.java:logGet(43)) - raft.server.log.queue.byte-limit = 2147483647 (custom)
2019-09-25 07:32:10,369 [pool-37-thread-1] INFO  server.RaftServerConfigKeys (ConfUtils.java:logGet(43)) - raft.server.log.queue.element-limit = 1024 (custom)
2019-09-25 07:32:10,369 [pool-37-thread-1] INFO  server.RaftServerConfigKeys (ConfUtils.java:logGet(43)) - raft.server.log.segment.size.max = 1048576 (custom)
2019-09-25 07:32:10,369 [pool-37-thread-1] INFO  server.RaftServerConfigKeys (ConfUtils.java:logGet(43)) - raft.server.log.preallocated.size = 16384 (custom)
2019-09-25 07:32:10,369 [pool-37-thread-1] INFO  server.RaftServerConfigKeys (ConfUtils.java:logGet(43)) - raft.server.log.write.buffer.size = 33554432 (custom)
2019-09-25 07:32:10,370 [pool-37-thread-1] INFO  server.RaftServerConfigKeys (ConfUtils.java:logGet(43)) - raft.server.log.force.sync.num = 128 (default)
2019-09-25 07:32:10,370 [pool-37-thread-1] INFO  server.RaftServerConfigKeys (ConfUtils.java:logGet(43)) - raft.server.log.statemachine.data.sync = true (default)
2019-09-25 07:32:10,370 [pool-37-thread-1] INFO  server.RaftServerConfigKeys (ConfUtils.java:logGet(43)) - raft.server.log.statemachine.data.sync.timeout = 10s (default)
2019-09-25 07:32:10,370 [pool-37-thread-1] INFO  server.RaftServerConfigKeys (ConfUtils.java:logGet(43)) - raft.server.log.statemachine.data.sync.timeout.retry = -1 (default)
2019-09-25 07:32:10,370 [pool-37-thread-1] INFO  server.RaftServerConfigKeys (ConfUtils.java:logGet(43)) - raft.server.log.statemachine.data.caching.enabled = true (custom)
2019-09-25 07:32:10,371 [pool-37-thread-1] INFO  segmented.SegmentedRaftLogWorker (SegmentedRaftLogWorker.java:lambda$new$0(132)) - bb17b402-82ee-4379-828e-7ca8ec673ddb@group-996755D34D2A-SegmentedRaftLogWorker: flushIndex: setUnconditionally 0 -> -1
2019-09-25 07:32:10,371 [pool-37-thread-1] INFO  server.RaftServerConfigKeys (ConfUtils.java:logGet(43)) - raft.server.snapshot.auto.trigger.enabled = true (custom)
2019-09-25 07:32:10,371 [pool-37-thread-1] INFO  server.RaftServerConfigKeys (ConfUtils.java:logGet(43)) - raft.server.snapshot.auto.trigger.threshold = 10000 (custom)
2019-09-25 07:32:10,372 [pool-37-thread-1] INFO  server.RaftServerConfigKeys (ConfUtils.java:logGet(43)) - raft.server.snapshot.retention.num.files = 5 (custom)
2019-09-25 07:32:10,372 [pool-37-thread-1] INFO  server.RaftServerConfigKeys (ConfUtils.java:logGet(43)) - raft.server.retrycache.expirytime = 600000ms (custom)
2019-09-25 07:32:10,375 [pool-37-thread-1] INFO  impl.RaftServerImpl (RaftServerImpl.java:start(185)) - bb17b402-82ee-4379-828e-7ca8ec673ddb@group-996755D34D2A: start as a follower, conf=-1: [bb17b402-82ee-4379-828e-7ca8ec673ddb:192.168.151.106:35392], old=null
2019-09-25 07:32:10,375 [pool-37-thread-1] INFO  impl.RaftServerImpl (RaftServerImpl.java:setRole(174)) - bb17b402-82ee-4379-828e-7ca8ec673ddb@group-996755D34D2A: changes role from      null to FOLLOWER at term 0 for startAsFollower
2019-09-25 07:32:10,375 [pool-37-thread-1] INFO  impl.RoleInfo (RoleInfo.java:updateAndGet(143)) - bb17b402-82ee-4379-828e-7ca8ec673ddb: start FollowerState
2019-09-25 07:32:10,376 [pool-37-thread-1] INFO  util.JmxRegister (JmxRegister.java:tryRegister(44)) - Successfully registered JMX Bean with object name Ratis:service=RaftServer,group=group-996755D34D2A,id=bb17b402-82ee-4379-828e-7ca8ec673ddb
2019-09-25 07:32:10,380 [RatisPipelineUtilsThread] INFO  pipeline.PipelineStateManager (PipelineStateManager.java:addPipeline(56)) - Created pipeline Pipeline[ Id: d0acb333-d98c-486a-bf0f-996755d34d2a, Nodes: bb17b402-82ee-4379-828e-7ca8ec673ddb{ip: 192.168.151.106, host: pr-hdds-1569-x2sr2-3486766547, networkLocation: /default-rack, certSerialId: null}, Type:RATIS, Factor:ONE, State:OPEN]
2019-09-25 07:32:10,381 [RatisPipelineUtilsThread] INFO  pipeline.PipelinePlacementPolicy (PipelinePlacementPolicy.java:meetCriteria(91)) - Pipeline Placement: can't place more pipeline on heavy datanode： 202d3a0a-92d1-410a-a5b1-c2ff28078e56 Heaviness: 6 limit: 5
2019-09-25 07:32:10,381 [RatisPipelineUtilsThread] INFO  pipeline.PipelinePlacementPolicy (PipelinePlacementPolicy.java:meetCriteria(91)) - Pipeline Placement: can't place more pipeline on heavy datanode： c49662a2-8e37-45f0-9294-af49a4d2b7d6 Heaviness: 6 limit: 5
2019-09-25 07:32:10,392 [grpc-default-executor-0] INFO  impl.RaftServerProxy (RaftServerProxy.java:addNew(89)) - bb17b402-82ee-4379-828e-7ca8ec673ddb: addNew group-7AB066EB7906:[bb17b402-82ee-4379-828e-7ca8ec673ddb:192.168.151.106:35392] returns group-7AB066EB7906:java.util.concurrent.CompletableFuture@7b12deaf[Not completed]
2019-09-25 07:32:10,394 [pool-37-thread-1] INFO  impl.RaftServerImpl (RaftServerImpl.java:<init>(95)) - bb17b402-82ee-4379-828e-7ca8ec673ddb: new RaftServerImpl for group-7AB066EB7906:[bb17b402-82ee-4379-828e-7ca8ec673ddb:192.168.151.106:35392] with ContainerStateMachine:uninitialized
2019-09-25 07:32:10,394 [pool-37-thread-1] INFO  server.RaftServerConfigKeys (ConfUtils.java:logGet(43)) - raft.server.rpc.timeout.min = 5s (custom)
2019-09-25 07:32:10,394 [pool-37-thread-1] INFO  server.RaftServerConfigKeys (ConfUtils.java:logGet(43)) - raft.server.rpc.timeout.max = 5200ms (custom)
2019-09-25 07:32:10,394 [pool-37-thread-1] INFO  server.RaftServerConfigKeys (ConfUtils.java:logGet(43)) - raft.server.rpcslowness.timeout = 120s (custom)
2019-09-25 07:32:10,394 [pool-37-thread-1] INFO  server.RaftServerConfigKeys (ConfUtils.java:logGet(43)) - raft.server.sleep.deviation.threshold = 300 (default)
2019-09-25 07:32:10,395 [pool-37-thread-1] INFO  server.RaftServerConfigKeys (ConfUtils.java:logGet(43)) - raft.server.log.appender.install.snapshot.enabled = false (custom)
2019-09-25 07:32:10,395 [pool-37-thread-1] INFO  impl.RaftServerImpl (ServerState.java:<init>(103)) - bb17b402-82ee-4379-828e-7ca8ec673ddb@group-7AB066EB7906: ConfigurationManager, init=-1: [bb17b402-82ee-4379-828e-7ca8ec673ddb:192.168.151.106:35392], old=null, confs=<EMPTY_MAP>
2019-09-25 07:32:10,395 [pool-37-thread-1] INFO  server.RaftServerConfigKeys (ConfUtils.java:logGet(43)) - raft.server.storage.dir = [/workdir/hadoop-ozone/tools/target/test-dir/MiniOzoneClusterImpl-74379f76-0ce6-44ed-853e-bfc2db7901f5/datanode-1/data/ratis] (custom)
2019-09-25 07:32:10,395 [pool-37-thread-1] INFO  storage.RaftStorageDirectory (RaftStorageDirectory.java:analyzeStorage(246)) - The storage directory /workdir/hadoop-ozone/tools/target/test-dir/MiniOzoneClusterImpl-74379f76-0ce6-44ed-853e-bfc2db7901f5/datanode-1/data/ratis/e2e48818-c8f8-4cf7-924f-7ab066eb7906 does not exist. Creating ...
2019-09-25 07:32:10,426 [pool-37-thread-1] INFO  storage.RaftStorageDirectory (RaftStorageDirectory.java:tryLock(328)) - Lock on /workdir/hadoop-ozone/tools/target/test-dir/MiniOzoneClusterImpl-74379f76-0ce6-44ed-853e-bfc2db7901f5/datanode-1/data/ratis/e2e48818-c8f8-4cf7-924f-7ab066eb7906/in_use.lock acquired by nodename 24320@pr-hdds-1569-x2sr2-3486766547
2019-09-25 07:32:10,451 [pool-37-thread-1] INFO  storage.RaftStorage (RaftStorage.java:format(72)) - Storage directory /workdir/hadoop-ozone/tools/target/test-dir/MiniOzoneClusterImpl-74379f76-0ce6-44ed-853e-bfc2db7901f5/datanode-1/data/ratis/e2e48818-c8f8-4cf7-924f-7ab066eb7906 has been successfully formatted.
2019-09-25 07:32:10,451 [pool-37-thread-1] INFO  ratis.ContainerStateMachine (ContainerStateMachine.java:loadSnapshot(230)) - group-7AB066EB7906: The snapshot info is null. Setting the last applied indexto:(t:0, i:~)
2019-09-25 07:32:10,452 [pool-37-thread-1] INFO  server.RaftServerConfigKeys (ConfUtils.java:logGet(43)) - raft.server.notification.no-leader.timeout = 120s (custom)
2019-09-25 07:32:10,452 [pool-37-thread-1] INFO  server.RaftServerConfigKeys (ConfUtils.java:logGet(43)) - raft.server.log.use.memory = false (default)
2019-09-25 07:32:10,452 [pool-37-thread-1] INFO  server.RaftServerConfigKeys (ConfUtils.java:logGet(43)) - raft.server.log.purge.gap = 1000000 (custom)
2019-09-25 07:32:10,452 [pool-37-thread-1] INFO  server.RaftServerConfigKeys (ConfUtils.java:logGet(43)) - raft.server.log.appender.buffer.byte-limit = 33554432 (custom)
2019-09-25 07:32:10,452 [pool-37-thread-1] INFO  server.RaftServerConfigKeys (ConfUtils.java:logGet(43)) - raft.server.log.segment.size.max = 1048576 (custom)
2019-09-25 07:32:10,452 [pool-37-thread-1] INFO  server.RaftServerConfigKeys (ConfUtils.java:logGet(43)) - raft.server.log.segment.cache.num.max = 2 (custom)
2019-09-25 07:32:10,453 [pool-37-thread-1] INFO  segmented.SegmentedRaftLogWorker (SegmentedRaftLogWorker.java:<init>(172)) - new bb17b402-82ee-4379-828e-7ca8ec673ddb@group-7AB066EB7906-SegmentedRaftLogWorker for RaftStorage:Storage Directory /workdir/hadoop-ozone/tools/target/test-dir/MiniOzoneClusterImpl-74379f76-0ce6-44ed-853e-bfc2db7901f5/datanode-1/data/ratis/e2e48818-c8f8-4cf7-924f-7ab066eb7906
2019-09-25 07:32:10,453 [pool-37-thread-1] INFO  server.RaftServerConfigKeys (ConfUtils.java:logGet(43)) - raft.server.log.queue.byte-limit = 2147483647 (custom)
2019-09-25 07:32:10,453 [pool-37-thread-1] INFO  server.RaftServerConfigKeys (ConfUtils.java:logGet(43)) - raft.server.log.queue.element-limit = 1024 (custom)
2019-09-25 07:32:10,453 [pool-37-thread-1] INFO  server.RaftServerConfigKeys (ConfUtils.java:logGet(43)) - raft.server.log.segment.size.max = 1048576 (custom)
2019-09-25 07:32:10,453 [pool-37-thread-1] INFO  server.RaftServerConfigKeys (ConfUtils.java:logGet(43)) - raft.server.log.preallocated.size = 16384 (custom)
2019-09-25 07:32:10,453 [pool-37-thread-1] INFO  server.RaftServerConfigKeys (ConfUtils.java:logGet(43)) - raft.server.log.write.buffer.size = 33554432 (custom)
2019-09-25 07:32:10,454 [pool-37-thread-1] INFO  server.RaftServerConfigKeys (ConfUtils.java:logGet(43)) - raft.server.log.force.sync.num = 128 (default)
2019-09-25 07:32:10,454 [pool-37-thread-1] INFO  server.RaftServerConfigKeys (ConfUtils.java:logGet(43)) - raft.server.log.statemachine.data.sync = true (default)
2019-09-25 07:32:10,454 [pool-37-thread-1] INFO  server.RaftServerConfigKeys (ConfUtils.java:logGet(43)) - raft.server.log.statemachine.data.sync.timeout = 10s (default)
2019-09-25 07:32:10,454 [pool-37-thread-1] INFO  server.RaftServerConfigKeys (ConfUtils.java:logGet(43)) - raft.server.log.statemachine.data.sync.timeout.retry = -1 (default)
2019-09-25 07:32:10,454 [pool-37-thread-1] INFO  server.RaftServerConfigKeys (ConfUtils.java:logGet(43)) - raft.server.log.statemachine.data.caching.enabled = true (custom)
2019-09-25 07:32:10,455 [pool-37-thread-1] INFO  segmented.SegmentedRaftLogWorker (SegmentedRaftLogWorker.java:lambda$new$0(132)) - bb17b402-82ee-4379-828e-7ca8ec673ddb@group-7AB066EB7906-SegmentedRaftLogWorker: flushIndex: setUnconditionally 0 -> -1
2019-09-25 07:32:10,455 [pool-37-thread-1] INFO  server.RaftServerConfigKeys (ConfUtils.java:logGet(43)) - raft.server.snapshot.auto.trigger.enabled = true (custom)
2019-09-25 07:32:10,455 [pool-37-thread-1] INFO  server.RaftServerConfigKeys (ConfUtils.java:logGet(43)) - raft.server.snapshot.auto.trigger.threshold = 10000 (custom)
2019-09-25 07:32:10,455 [pool-37-thread-1] INFO  server.RaftServerConfigKeys (ConfUtils.java:logGet(43)) - raft.server.snapshot.retention.num.files = 5 (custom)
2019-09-25 07:32:10,456 [pool-37-thread-1] INFO  server.RaftServerConfigKeys (ConfUtils.java:logGet(43)) - raft.server.retrycache.expirytime = 600000ms (custom)
2019-09-25 07:32:10,459 [pool-37-thread-1] INFO  impl.RaftServerImpl (RaftServerImpl.java:start(185)) - bb17b402-82ee-4379-828e-7ca8ec673ddb@group-7AB066EB7906: start as a follower, conf=-1: [bb17b402-82ee-4379-828e-7ca8ec673ddb:192.168.151.106:35392], old=null
2019-09-25 07:32:10,459 [pool-37-thread-1] INFO  impl.RaftServerImpl (RaftServerImpl.java:setRole(174)) - bb17b402-82ee-4379-828e-7ca8ec673ddb@group-7AB066EB7906: changes role from      null to FOLLOWER at term 0 for startAsFollower
2019-09-25 07:32:10,459 [pool-37-thread-1] INFO  impl.RoleInfo (RoleInfo.java:updateAndGet(143)) - bb17b402-82ee-4379-828e-7ca8ec673ddb: start FollowerState
2019-09-25 07:32:10,459 [pool-37-thread-1] INFO  util.JmxRegister (JmxRegister.java:tryRegister(44)) - Successfully registered JMX Bean with object name Ratis:service=RaftServer,group=group-7AB066EB7906,id=bb17b402-82ee-4379-828e-7ca8ec673ddb
2019-09-25 07:32:10,464 [RatisPipelineUtilsThread] INFO  pipeline.PipelineStateManager (PipelineStateManager.java:addPipeline(56)) - Created pipeline Pipeline[ Id: e2e48818-c8f8-4cf7-924f-7ab066eb7906, Nodes: bb17b402-82ee-4379-828e-7ca8ec673ddb{ip: 192.168.151.106, host: pr-hdds-1569-x2sr2-3486766547, networkLocation: /default-rack, certSerialId: null}, Type:RATIS, Factor:ONE, State:OPEN]
2019-09-25 07:32:10,465 [RatisPipelineUtilsThread] INFO  pipeline.PipelinePlacementPolicy (PipelinePlacementPolicy.java:meetCriteria(91)) - Pipeline Placement: can't place more pipeline on heavy datanode： 202d3a0a-92d1-410a-a5b1-c2ff28078e56 Heaviness: 6 limit: 5
2019-09-25 07:32:10,465 [RatisPipelineUtilsThread] INFO  pipeline.PipelinePlacementPolicy (PipelinePlacementPolicy.java:meetCriteria(91)) - Pipeline Placement: can't place more pipeline on heavy datanode： bb17b402-82ee-4379-828e-7ca8ec673ddb Heaviness: 6 limit: 5
2019-09-25 07:32:10,465 [RatisPipelineUtilsThread] INFO  pipeline.PipelinePlacementPolicy (PipelinePlacementPolicy.java:meetCriteria(91)) - Pipeline Placement: can't place more pipeline on heavy datanode： c49662a2-8e37-45f0-9294-af49a4d2b7d6 Heaviness: 6 limit: 5
2019-09-25 07:32:10,466 [RatisPipelineUtilsThread] ERROR pipeline.PipelinePlacementPolicy (PipelinePlacementPolicy.java:filterViableNodes(148)) - Unable to find enough nodes that meet the criteria that cannot engage in more than 5 pipelines. Nodes required: 1 Found: 0, healthy nodes count inNodeManager: 3.
2019-09-25 07:32:10,469 [RatisPipelineUtilsThread] ERROR pipeline.SCMPipelineManager (SCMPipelineManager.java:createPipeline(167)) - Pipeline creation failed.
org.apache.hadoop.hdds.scm.exceptions.SCMException: Unable to find enough nodes that meet the criteria that cannot engage in more than 5 pipelines. Nodes required: 1 Found: 0, healthy nodes count inNodeManager: 3.
	at org.apache.hadoop.hdds.scm.pipeline.PipelinePlacementPolicy.filterViableNodes(PipelinePlacementPolicy.java:149)
	at org.apache.hadoop.hdds.scm.pipeline.PipelinePlacementPolicy.chooseDatanodes(PipelinePlacementPolicy.java:172)
	at org.apache.hadoop.hdds.scm.pipeline.RatisPipelineProvider.create(RatisPipelineProvider.java:93)
	at org.apache.hadoop.hdds.scm.pipeline.PipelineFactory.create(PipelineFactory.java:58)
	at org.apache.hadoop.hdds.scm.pipeline.SCMPipelineManager.createPipeline(SCMPipelineManager.java:155)
	at org.apache.hadoop.hdds.scm.pipeline.BackgroundPipelineCreator.createPipelines(BackgroundPipelineCreator.java:99)
	at java.util.concurrent.Executors$RunnableAdapter.call(Executors.java:511)
	at java.util.concurrent.FutureTask.run(FutureTask.java:266)
	at java.util.concurrent.ScheduledThreadPoolExecutor$ScheduledFutureTask.access$201(ScheduledThreadPoolExecutor.java:180)
	at java.util.concurrent.ScheduledThreadPoolExecutor$ScheduledFutureTask.run(ScheduledThreadPoolExecutor.java:293)
	at java.util.concurrent.ThreadPoolExecutor.runWorker(ThreadPoolExecutor.java:1149)
	at java.util.concurrent.ThreadPoolExecutor$Worker.run(ThreadPoolExecutor.java:624)
	at java.lang.Thread.run(Thread.java:748)
2019-09-25 07:32:10,472 [RatisPipelineUtilsThread] INFO  pipeline.PipelinePlacementPolicy (PipelinePlacementPolicy.java:meetCriteria(91)) - Pipeline Placement: can't place more pipeline on heavy datanode： 202d3a0a-92d1-410a-a5b1-c2ff28078e56 Heaviness: 6 limit: 5
2019-09-25 07:32:10,473 [RatisPipelineUtilsThread] INFO  pipeline.PipelinePlacementPolicy (PipelinePlacementPolicy.java:meetCriteria(91)) - Pipeline Placement: can't place more pipeline on heavy datanode： bb17b402-82ee-4379-828e-7ca8ec673ddb Heaviness: 6 limit: 5
2019-09-25 07:32:10,473 [RatisPipelineUtilsThread] INFO  pipeline.PipelinePlacementPolicy (PipelinePlacementPolicy.java:meetCriteria(91)) - Pipeline Placement: can't place more pipeline on heavy datanode： c49662a2-8e37-45f0-9294-af49a4d2b7d6 Heaviness: 6 limit: 5
2019-09-25 07:32:10,473 [RatisPipelineUtilsThread] ERROR pipeline.PipelinePlacementPolicy (PipelinePlacementPolicy.java:filterViableNodes(148)) - Unable to find enough nodes that meet the criteria that cannot engage in more than 5 pipelines. Nodes required: 3 Found: 0, healthy nodes count inNodeManager: 3.
2019-09-25 07:32:10,473 [RatisPipelineUtilsThread] ERROR pipeline.SCMPipelineManager (SCMPipelineManager.java:createPipeline(167)) - Pipeline creation failed.
org.apache.hadoop.hdds.scm.exceptions.SCMException: Unable to find enough nodes that meet the criteria that cannot engage in more than 5 pipelines. Nodes required: 3 Found: 0, healthy nodes count inNodeManager: 3.
	at org.apache.hadoop.hdds.scm.pipeline.PipelinePlacementPolicy.filterViableNodes(PipelinePlacementPolicy.java:149)
	at org.apache.hadoop.hdds.scm.pipeline.PipelinePlacementPolicy.chooseDatanodes(PipelinePlacementPolicy.java:172)
	at org.apache.hadoop.hdds.scm.pipeline.RatisPipelineProvider.create(RatisPipelineProvider.java:93)
	at org.apache.hadoop.hdds.scm.pipeline.PipelineFactory.create(PipelineFactory.java:58)
	at org.apache.hadoop.hdds.scm.pipeline.SCMPipelineManager.createPipeline(SCMPipelineManager.java:155)
	at org.apache.hadoop.hdds.scm.pipeline.BackgroundPipelineCreator.createPipelines(BackgroundPipelineCreator.java:99)
	at java.util.concurrent.Executors$RunnableAdapter.call(Executors.java:511)
	at java.util.concurrent.FutureTask.run(FutureTask.java:266)
	at java.util.concurrent.ScheduledThreadPoolExecutor$ScheduledFutureTask.access$201(ScheduledThreadPoolExecutor.java:180)
	at java.util.concurrent.ScheduledThreadPoolExecutor$ScheduledFutureTask.run(ScheduledThreadPoolExecutor.java:293)
	at java.util.concurrent.ThreadPoolExecutor.runWorker(ThreadPoolExecutor.java:1149)
	at java.util.concurrent.ThreadPoolExecutor$Worker.run(ThreadPoolExecutor.java:624)
	at java.lang.Thread.run(Thread.java:748)
2019-09-25 07:32:10,476 [RatisPipelineUtilsThread] INFO  pipeline.PipelinePlacementPolicy (PipelinePlacementPolicy.java:meetCriteria(91)) - Pipeline Placement: can't place more pipeline on heavy datanode： 202d3a0a-92d1-410a-a5b1-c2ff28078e56 Heaviness: 6 limit: 5
2019-09-25 07:32:10,476 [RatisPipelineUtilsThread] INFO  pipeline.PipelinePlacementPolicy (PipelinePlacementPolicy.java:meetCriteria(91)) - Pipeline Placement: can't place more pipeline on heavy datanode： bb17b402-82ee-4379-828e-7ca8ec673ddb Heaviness: 6 limit: 5
2019-09-25 07:32:10,476 [RatisPipelineUtilsThread] INFO  pipeline.PipelinePlacementPolicy (PipelinePlacementPolicy.java:meetCriteria(91)) - Pipeline Placement: can't place more pipeline on heavy datanode： c49662a2-8e37-45f0-9294-af49a4d2b7d6 Heaviness: 6 limit: 5
2019-09-25 07:32:10,476 [RatisPipelineUtilsThread] ERROR pipeline.PipelinePlacementPolicy (PipelinePlacementPolicy.java:filterViableNodes(148)) - Unable to find enough nodes that meet the criteria that cannot engage in more than 5 pipelines. Nodes required: 1 Found: 0, healthy nodes count inNodeManager: 3.
2019-09-25 07:32:10,477 [RatisPipelineUtilsThread] ERROR pipeline.SCMPipelineManager (SCMPipelineManager.java:createPipeline(167)) - Pipeline creation failed.
org.apache.hadoop.hdds.scm.exceptions.SCMException: Unable to find enough nodes that meet the criteria that cannot engage in more than 5 pipelines. Nodes required: 1 Found: 0, healthy nodes count inNodeManager: 3.
	at org.apache.hadoop.hdds.scm.pipeline.PipelinePlacementPolicy.filterViableNodes(PipelinePlacementPolicy.java:149)
	at org.apache.hadoop.hdds.scm.pipeline.PipelinePlacementPolicy.chooseDatanodes(PipelinePlacementPolicy.java:172)
	at org.apache.hadoop.hdds.scm.pipeline.RatisPipelineProvider.create(RatisPipelineProvider.java:93)
	at org.apache.hadoop.hdds.scm.pipeline.PipelineFactory.create(PipelineFactory.java:58)
	at org.apache.hadoop.hdds.scm.pipeline.SCMPipelineManager.createPipeline(SCMPipelineManager.java:155)
	at org.apache.hadoop.hdds.scm.pipeline.BackgroundPipelineCreator.createPipelines(BackgroundPipelineCreator.java:99)
	at org.apache.hadoop.hdds.scm.pipeline.BackgroundPipelineCreator.lambda$startFixedIntervalPipelineCreator$0(BackgroundPipelineCreator.java:70)
	at java.util.concurrent.Executors$RunnableAdapter.call(Executors.java:511)
	at java.util.concurrent.FutureTask.runAndReset(FutureTask.java:308)
	at java.util.concurrent.ScheduledThreadPoolExecutor$ScheduledFutureTask.access$301(ScheduledThreadPoolExecutor.java:180)
	at java.util.concurrent.ScheduledThreadPoolExecutor$ScheduledFutureTask.run(ScheduledThreadPoolExecutor.java:294)
	at java.util.concurrent.ThreadPoolExecutor.runWorker(ThreadPoolExecutor.java:1149)
	at java.util.concurrent.ThreadPoolExecutor$Worker.run(ThreadPoolExecutor.java:624)
	at java.lang.Thread.run(Thread.java:748)
2019-09-25 07:32:10,477 [RatisPipelineUtilsThread] INFO  pipeline.PipelinePlacementPolicy (PipelinePlacementPolicy.java:meetCriteria(91)) - Pipeline Placement: can't place more pipeline on heavy datanode： 202d3a0a-92d1-410a-a5b1-c2ff28078e56 Heaviness: 6 limit: 5
2019-09-25 07:32:10,477 [RatisPipelineUtilsThread] INFO  pipeline.PipelinePlacementPolicy (PipelinePlacementPolicy.java:meetCriteria(91)) - Pipeline Placement: can't place more pipeline on heavy datanode： bb17b402-82ee-4379-828e-7ca8ec673ddb Heaviness: 6 limit: 5
2019-09-25 07:32:10,478 [RatisPipelineUtilsThread] INFO  pipeline.PipelinePlacementPolicy (PipelinePlacementPolicy.java:meetCriteria(91)) - Pipeline Placement: can't place more pipeline on heavy datanode： c49662a2-8e37-45f0-9294-af49a4d2b7d6 Heaviness: 6 limit: 5
2019-09-25 07:32:10,478 [RatisPipelineUtilsThread] ERROR pipeline.PipelinePlacementPolicy (PipelinePlacementPolicy.java:filterViableNodes(148)) - Unable to find enough nodes that meet the criteria that cannot engage in more than 5 pipelines. Nodes required: 3 Found: 0, healthy nodes count inNodeManager: 3.
2019-09-25 07:32:10,478 [RatisPipelineUtilsThread] ERROR pipeline.SCMPipelineManager (SCMPipelineManager.java:createPipeline(167)) - Pipeline creation failed.
org.apache.hadoop.hdds.scm.exceptions.SCMException: Unable to find enough nodes that meet the criteria that cannot engage in more than 5 pipelines. Nodes required: 3 Found: 0, healthy nodes count inNodeManager: 3.
	at org.apache.hadoop.hdds.scm.pipeline.PipelinePlacementPolicy.filterViableNodes(PipelinePlacementPolicy.java:149)
	at org.apache.hadoop.hdds.scm.pipeline.PipelinePlacementPolicy.chooseDatanodes(PipelinePlacementPolicy.java:172)
	at org.apache.hadoop.hdds.scm.pipeline.RatisPipelineProvider.create(RatisPipelineProvider.java:93)
	at org.apache.hadoop.hdds.scm.pipeline.PipelineFactory.create(PipelineFactory.java:58)
	at org.apache.hadoop.hdds.scm.pipeline.SCMPipelineManager.createPipeline(SCMPipelineManager.java:155)
	at org.apache.hadoop.hdds.scm.pipeline.BackgroundPipelineCreator.createPipelines(BackgroundPipelineCreator.java:99)
	at org.apache.hadoop.hdds.scm.pipeline.BackgroundPipelineCreator.lambda$startFixedIntervalPipelineCreator$0(BackgroundPipelineCreator.java:70)
	at java.util.concurrent.Executors$RunnableAdapter.call(Executors.java:511)
	at java.util.concurrent.FutureTask.runAndReset(FutureTask.java:308)
	at java.util.concurrent.ScheduledThreadPoolExecutor$ScheduledFutureTask.access$301(ScheduledThreadPoolExecutor.java:180)
	at java.util.concurrent.ScheduledThreadPoolExecutor$ScheduledFutureTask.run(ScheduledThreadPoolExecutor.java:294)
	at java.util.concurrent.ThreadPoolExecutor.runWorker(ThreadPoolExecutor.java:1149)
	at java.util.concurrent.ThreadPoolExecutor$Worker.run(ThreadPoolExecutor.java:624)
	at java.lang.Thread.run(Thread.java:748)
2019-09-25 07:32:10,478 [IPC Server handler 18 on 35914] INFO  pipeline.PipelinePlacementPolicy (PipelinePlacementPolicy.java:meetCriteria(91)) - Pipeline Placement: can't place more pipeline on heavy datanode： 202d3a0a-92d1-410a-a5b1-c2ff28078e56 Heaviness: 6 limit: 5
2019-09-25 07:32:10,479 [IPC Server handler 18 on 35914] INFO  pipeline.PipelinePlacementPolicy (PipelinePlacementPolicy.java:meetCriteria(91)) - Pipeline Placement: can't place more pipeline on heavy datanode： bb17b402-82ee-4379-828e-7ca8ec673ddb Heaviness: 6 limit: 5
2019-09-25 07:32:10,479 [IPC Server handler 18 on 35914] INFO  pipeline.PipelinePlacementPolicy (PipelinePlacementPolicy.java:meetCriteria(91)) - Pipeline Placement: can't place more pipeline on heavy datanode： c49662a2-8e37-45f0-9294-af49a4d2b7d6 Heaviness: 6 limit: 5
2019-09-25 07:32:10,479 [IPC Server handler 18 on 35914] ERROR pipeline.PipelinePlacementPolicy (PipelinePlacementPolicy.java:filterViableNodes(148)) - Unable to find enough nodes that meet the criteria that cannot engage in more than 5 pipelines. Nodes required: 3 Found: 0, healthy nodes count inNodeManager: 3.
2019-09-25 07:32:10,479 [IPC Server handler 18 on 35914] ERROR pipeline.SCMPipelineManager (SCMPipelineManager.java:createPipeline(167)) - Pipeline creation failed.
org.apache.hadoop.hdds.scm.exceptions.SCMException: Unable to find enough nodes that meet the criteria that cannot engage in more than 5 pipelines. Nodes required: 3 Found: 0, healthy nodes count inNodeManager: 3.
	at org.apache.hadoop.hdds.scm.pipeline.PipelinePlacementPolicy.filterViableNodes(PipelinePlacementPolicy.java:149)
	at org.apache.hadoop.hdds.scm.pipeline.PipelinePlacementPolicy.chooseDatanodes(PipelinePlacementPolicy.java:172)
	at org.apache.hadoop.hdds.scm.pipeline.RatisPipelineProvider.create(RatisPipelineProvider.java:93)
	at org.apache.hadoop.hdds.scm.pipeline.PipelineFactory.create(PipelineFactory.java:58)
	at org.apache.hadoop.hdds.scm.pipeline.SCMPipelineManager.createPipeline(SCMPipelineManager.java:155)
	at org.apache.hadoop.hdds.scm.block.BlockManagerImpl.allocateBlock(BlockManagerImpl.java:190)
	at org.apache.hadoop.hdds.scm.server.SCMBlockProtocolServer.allocateBlock(SCMBlockProtocolServer.java:182)
	at org.apache.hadoop.ozone.protocolPB.ScmBlockLocationProtocolServerSideTranslatorPB.allocateScmBlock(ScmBlockLocationProtocolServerSideTranslatorPB.java:183)
	at org.apache.hadoop.ozone.protocolPB.ScmBlockLocationProtocolServerSideTranslatorPB.processMessage(ScmBlockLocationProtocolServerSideTranslatorPB.java:141)
	at org.apache.hadoop.ozone.protocolPB.ScmBlockLocationProtocolServerSideTranslatorPB.send(ScmBlockLocationProtocolServerSideTranslatorPB.java:116)
	at org.apache.hadoop.hdds.protocol.proto.ScmBlockLocationProtocolProtos$ScmBlockLocationProtocolService$2.callBlockingMethod(ScmBlockLocationProtocolProtos.java:13157)
	at org.apache.hadoop.ipc.ProtobufRpcEngine$Server$ProtoBufRpcInvoker.call(ProtobufRpcEngine.java:524)
	at org.apache.hadoop.ipc.RPC$Server.call(RPC.java:1025)
	at org.apache.hadoop.ipc.Server$RpcCall.run(Server.java:876)
	at org.apache.hadoop.ipc.Server$RpcCall.run(Server.java:822)
	at java.security.AccessController.doPrivileged(Native Method)
	at javax.security.auth.Subject.doAs(Subject.java:422)
	at org.apache.hadoop.security.UserGroupInformation.doAs(UserGroupInformation.java:1730)
	at org.apache.hadoop.ipc.Server$Handler.run(Server.java:2682)
2019-09-25 07:32:10,480 [IPC Server handler 18 on 35914] WARN  block.BlockManagerImpl (BlockManagerImpl.java:allocateBlock(192)) - Pipeline creation failed for type:RATIS factor:THREE. Retrying get pipelines call once.
org.apache.hadoop.hdds.scm.exceptions.SCMException: Unable to find enough nodes that meet the criteria that cannot engage in more than 5 pipelines. Nodes required: 3 Found: 0, healthy nodes count inNodeManager: 3.
	at org.apache.hadoop.hdds.scm.pipeline.PipelinePlacementPolicy.filterViableNodes(PipelinePlacementPolicy.java:149)
	at org.apache.hadoop.hdds.scm.pipeline.PipelinePlacementPolicy.chooseDatanodes(PipelinePlacementPolicy.java:172)
	at org.apache.hadoop.hdds.scm.pipeline.RatisPipelineProvider.create(RatisPipelineProvider.java:93)
	at org.apache.hadoop.hdds.scm.pipeline.PipelineFactory.create(PipelineFactory.java:58)
	at org.apache.hadoop.hdds.scm.pipeline.SCMPipelineManager.createPipeline(SCMPipelineManager.java:155)
	at org.apache.hadoop.hdds.scm.block.BlockManagerImpl.allocateBlock(BlockManagerImpl.java:190)
	at org.apache.hadoop.hdds.scm.server.SCMBlockProtocolServer.allocateBlock(SCMBlockProtocolServer.java:182)
	at org.apache.hadoop.ozone.protocolPB.ScmBlockLocationProtocolServerSideTranslatorPB.allocateScmBlock(ScmBlockLocationProtocolServerSideTranslatorPB.java:183)
	at org.apache.hadoop.ozone.protocolPB.ScmBlockLocationProtocolServerSideTranslatorPB.processMessage(ScmBlockLocationProtocolServerSideTranslatorPB.java:141)
	at org.apache.hadoop.ozone.protocolPB.ScmBlockLocationProtocolServerSideTranslatorPB.send(ScmBlockLocationProtocolServerSideTranslatorPB.java:116)
	at org.apache.hadoop.hdds.protocol.proto.ScmBlockLocationProtocolProtos$ScmBlockLocationProtocolService$2.callBlockingMethod(ScmBlockLocationProtocolProtos.java:13157)
	at org.apache.hadoop.ipc.ProtobufRpcEngine$Server$ProtoBufRpcInvoker.call(ProtobufRpcEngine.java:524)
	at org.apache.hadoop.ipc.RPC$Server.call(RPC.java:1025)
	at org.apache.hadoop.ipc.Server$RpcCall.run(Server.java:876)
	at org.apache.hadoop.ipc.Server$RpcCall.run(Server.java:822)
	at java.security.AccessController.doPrivileged(Native Method)
	at javax.security.auth.Subject.doAs(Subject.java:422)
	at org.apache.hadoop.security.UserGroupInformation.doAs(UserGroupInformation.java:1730)
	at org.apache.hadoop.ipc.Server$Handler.run(Server.java:2682)
2019-09-25 07:32:10,481 [IPC Server handler 18 on 35914] INFO  block.BlockManagerImpl (BlockManagerImpl.java:allocateBlock(198)) - Could not find available pipeline of type:RATIS and factor:THREE even after retrying
2019-09-25 07:32:10,481 [IPC Server handler 18 on 35914] ERROR block.BlockManagerImpl (BlockManagerImpl.java:allocateBlock(222)) - Unable to allocate a block for the size: 4194304, type: RATIS, factor: THREE
2019-09-25 07:32:10,481 [IPC Server handler 18 on 35914] INFO  pipeline.PipelinePlacementPolicy (PipelinePlacementPolicy.java:meetCriteria(91)) - Pipeline Placement: can't place more pipeline on heavy datanode： 202d3a0a-92d1-410a-a5b1-c2ff28078e56 Heaviness: 6 limit: 5
2019-09-25 07:32:10,481 [IPC Server handler 18 on 35914] INFO  pipeline.PipelinePlacementPolicy (PipelinePlacementPolicy.java:meetCriteria(91)) - Pipeline Placement: can't place more pipeline on heavy datanode： bb17b402-82ee-4379-828e-7ca8ec673ddb Heaviness: 6 limit: 5
2019-09-25 07:32:10,481 [IPC Server handler 18 on 35914] INFO  pipeline.PipelinePlacementPolicy (PipelinePlacementPolicy.java:meetCriteria(91)) - Pipeline Placement: can't place more pipeline on heavy datanode： c49662a2-8e37-45f0-9294-af49a4d2b7d6 Heaviness: 6 limit: 5
2019-09-25 07:32:10,482 [IPC Server handler 18 on 35914] ERROR pipeline.PipelinePlacementPolicy (PipelinePlacementPolicy.java:filterViableNodes(148)) - Unable to find enough nodes that meet the criteria that cannot engage in more than 5 pipelines. Nodes required: 3 Found: 0, healthy nodes count inNodeManager: 3.
2019-09-25 07:32:10,482 [IPC Server handler 18 on 35914] ERROR pipeline.SCMPipelineManager (SCMPipelineManager.java:createPipeline(167)) - Pipeline creation failed.
org.apache.hadoop.hdds.scm.exceptions.SCMException: Unable to find enough nodes that meet the criteria that cannot engage in more than 5 pipelines. Nodes required: 3 Found: 0, healthy nodes count inNodeManager: 3.
	at org.apache.hadoop.hdds.scm.pipeline.PipelinePlacementPolicy.filterViableNodes(PipelinePlacementPolicy.java:149)
	at org.apache.hadoop.hdds.scm.pipeline.PipelinePlacementPolicy.chooseDatanodes(PipelinePlacementPolicy.java:172)
	at org.apache.hadoop.hdds.scm.pipeline.RatisPipelineProvider.create(RatisPipelineProvider.java:93)
	at org.apache.hadoop.hdds.scm.pipeline.PipelineFactory.create(PipelineFactory.java:58)
	at org.apache.hadoop.hdds.scm.pipeline.SCMPipelineManager.createPipeline(SCMPipelineManager.java:155)
	at org.apache.hadoop.hdds.scm.block.BlockManagerImpl.allocateBlock(BlockManagerImpl.java:190)
	at org.apache.hadoop.hdds.scm.server.SCMBlockProtocolServer.allocateBlock(SCMBlockProtocolServer.java:182)
	at org.apache.hadoop.ozone.protocolPB.ScmBlockLocationProtocolServerSideTranslatorPB.allocateScmBlock(ScmBlockLocationProtocolServerSideTranslatorPB.java:183)
	at org.apache.hadoop.ozone.protocolPB.ScmBlockLocationProtocolServerSideTranslatorPB.processMessage(ScmBlockLocationProtocolServerSideTranslatorPB.java:141)
	at org.apache.hadoop.ozone.protocolPB.ScmBlockLocationProtocolServerSideTranslatorPB.send(ScmBlockLocationProtocolServerSideTranslatorPB.java:116)
	at org.apache.hadoop.hdds.protocol.proto.ScmBlockLocationProtocolProtos$ScmBlockLocationProtocolService$2.callBlockingMethod(ScmBlockLocationProtocolProtos.java:13157)
	at org.apache.hadoop.ipc.ProtobufRpcEngine$Server$ProtoBufRpcInvoker.call(ProtobufRpcEngine.java:524)
	at org.apache.hadoop.ipc.RPC$Server.call(RPC.java:1025)
	at org.apache.hadoop.ipc.Server$RpcCall.run(Server.java:876)
	at org.apache.hadoop.ipc.Server$RpcCall.run(Server.java:822)
	at java.security.AccessController.doPrivileged(Native Method)
	at javax.security.auth.Subject.doAs(Subject.java:422)
	at org.apache.hadoop.security.UserGroupInformation.doAs(UserGroupInformation.java:1730)
	at org.apache.hadoop.ipc.Server$Handler.run(Server.java:2682)
2019-09-25 07:32:10,483 [IPC Server handler 18 on 35914] WARN  block.BlockManagerImpl (BlockManagerImpl.java:allocateBlock(192)) - Pipeline creation failed for type:RATIS factor:THREE. Retrying get pipelines call once.
org.apache.hadoop.hdds.scm.exceptions.SCMException: Unable to find enough nodes that meet the criteria that cannot engage in more than 5 pipelines. Nodes required: 3 Found: 0, healthy nodes count inNodeManager: 3.
	at org.apache.hadoop.hdds.scm.pipeline.PipelinePlacementPolicy.filterViableNodes(PipelinePlacementPolicy.java:149)
	at org.apache.hadoop.hdds.scm.pipeline.PipelinePlacementPolicy.chooseDatanodes(PipelinePlacementPolicy.java:172)
	at org.apache.hadoop.hdds.scm.pipeline.RatisPipelineProvider.create(RatisPipelineProvider.java:93)
	at org.apache.hadoop.hdds.scm.pipeline.PipelineFactory.create(PipelineFactory.java:58)
	at org.apache.hadoop.hdds.scm.pipeline.SCMPipelineManager.createPipeline(SCMPipelineManager.java:155)
	at org.apache.hadoop.hdds.scm.block.BlockManagerImpl.allocateBlock(BlockManagerImpl.java:190)
	at org.apache.hadoop.hdds.scm.server.SCMBlockProtocolServer.allocateBlock(SCMBlockProtocolServer.java:182)
	at org.apache.hadoop.ozone.protocolPB.ScmBlockLocationProtocolServerSideTranslatorPB.allocateScmBlock(ScmBlockLocationProtocolServerSideTranslatorPB.java:183)
	at org.apache.hadoop.ozone.protocolPB.ScmBlockLocationProtocolServerSideTranslatorPB.processMessage(ScmBlockLocationProtocolServerSideTranslatorPB.java:141)
	at org.apache.hadoop.ozone.protocolPB.ScmBlockLocationProtocolServerSideTranslatorPB.send(ScmBlockLocationProtocolServerSideTranslatorPB.java:116)
	at org.apache.hadoop.hdds.protocol.proto.ScmBlockLocationProtocolProtos$ScmBlockLocationProtocolService$2.callBlockingMethod(ScmBlockLocationProtocolProtos.java:13157)
	at org.apache.hadoop.ipc.ProtobufRpcEngine$Server$ProtoBufRpcInvoker.call(ProtobufRpcEngine.java:524)
	at org.apache.hadoop.ipc.RPC$Server.call(RPC.java:1025)
	at org.apache.hadoop.ipc.Server$RpcCall.run(Server.java:876)
	at org.apache.hadoop.ipc.Server$RpcCall.run(Server.java:822)
	at java.security.AccessController.doPrivileged(Native Method)
	at javax.security.auth.Subject.doAs(Subject.java:422)
	at org.apache.hadoop.security.UserGroupInformation.doAs(UserGroupInformation.java:1730)
	at org.apache.hadoop.ipc.Server$Handler.run(Server.java:2682)
2019-09-25 07:32:10,483 [IPC Server handler 18 on 35914] INFO  block.BlockManagerImpl (BlockManagerImpl.java:allocateBlock(198)) - Could not find available pipeline of type:RATIS and factor:THREE even after retrying
2019-09-25 07:32:10,483 [IPC Server handler 18 on 35914] ERROR block.BlockManagerImpl (BlockManagerImpl.java:allocateBlock(222)) - Unable to allocate a block for the size: 4194304, type: RATIS, factor: THREE
2019-09-25 07:32:10,483 [IPC Server handler 18 on 35914] INFO  pipeline.PipelinePlacementPolicy (PipelinePlacementPolicy.java:meetCriteria(91)) - Pipeline Placement: can't place more pipeline on heavy datanode： 202d3a0a-92d1-410a-a5b1-c2ff28078e56 Heaviness: 6 limit: 5
2019-09-25 07:32:10,484 [IPC Server handler 18 on 35914] INFO  pipeline.PipelinePlacementPolicy (PipelinePlacementPolicy.java:meetCriteria(91)) - Pipeline Placement: can't place more pipeline on heavy datanode： bb17b402-82ee-4379-828e-7ca8ec673ddb Heaviness: 6 limit: 5
2019-09-25 07:32:10,484 [IPC Server handler 18 on 35914] INFO  pipeline.PipelinePlacementPolicy (PipelinePlacementPolicy.java:meetCriteria(91)) - Pipeline Placement: can't place more pipeline on heavy datanode： c49662a2-8e37-45f0-9294-af49a4d2b7d6 Heaviness: 6 limit: 5
2019-09-25 07:32:10,484 [IPC Server handler 18 on 35914] ERROR pipeline.PipelinePlacementPolicy (PipelinePlacementPolicy.java:filterViableNodes(148)) - Unable to find enough nodes that meet the criteria that cannot engage in more than 5 pipelines. Nodes required: 3 Found: 0, healthy nodes count inNodeManager: 3.
2019-09-25 07:32:10,484 [IPC Server handler 18 on 35914] ERROR pipeline.SCMPipelineManager (SCMPipelineManager.java:createPipeline(167)) - Pipeline creation failed.
org.apache.hadoop.hdds.scm.exceptions.SCMException: Unable to find enough nodes that meet the criteria that cannot engage in more than 5 pipelines. Nodes required: 3 Found: 0, healthy nodes count inNodeManager: 3.
	at org.apache.hadoop.hdds.scm.pipeline.PipelinePlacementPolicy.filterViableNodes(PipelinePlacementPolicy.java:149)
	at org.apache.hadoop.hdds.scm.pipeline.PipelinePlacementPolicy.chooseDatanodes(PipelinePlacementPolicy.java:172)
	at org.apache.hadoop.hdds.scm.pipeline.RatisPipelineProvider.create(RatisPipelineProvider.java:93)
	at org.apache.hadoop.hdds.scm.pipeline.PipelineFactory.create(PipelineFactory.java:58)
	at org.apache.hadoop.hdds.scm.pipeline.SCMPipelineManager.createPipeline(SCMPipelineManager.java:155)
	at org.apache.hadoop.hdds.scm.block.BlockManagerImpl.allocateBlock(BlockManagerImpl.java:190)
	at org.apache.hadoop.hdds.scm.server.SCMBlockProtocolServer.allocateBlock(SCMBlockProtocolServer.java:182)
	at org.apache.hadoop.ozone.protocolPB.ScmBlockLocationProtocolServerSideTranslatorPB.allocateScmBlock(ScmBlockLocationProtocolServerSideTranslatorPB.java:183)
	at org.apache.hadoop.ozone.protocolPB.ScmBlockLocationProtocolServerSideTranslatorPB.processMessage(ScmBlockLocationProtocolServerSideTranslatorPB.java:141)
	at org.apache.hadoop.ozone.protocolPB.ScmBlockLocationProtocolServerSideTranslatorPB.send(ScmBlockLocationProtocolServerSideTranslatorPB.java:116)
	at org.apache.hadoop.hdds.protocol.proto.ScmBlockLocationProtocolProtos$ScmBlockLocationProtocolService$2.callBlockingMethod(ScmBlockLocationProtocolProtos.java:13157)
	at org.apache.hadoop.ipc.ProtobufRpcEngine$Server$ProtoBufRpcInvoker.call(ProtobufRpcEngine.java:524)
	at org.apache.hadoop.ipc.RPC$Server.call(RPC.java:1025)
	at org.apache.hadoop.ipc.Server$RpcCall.run(Server.java:876)
	at org.apache.hadoop.ipc.Server$RpcCall.run(Server.java:822)
	at java.security.AccessController.doPrivileged(Native Method)
	at javax.security.auth.Subject.doAs(Subject.java:422)
	at org.apache.hadoop.security.UserGroupInformation.doAs(UserGroupInformation.java:1730)
	at org.apache.hadoop.ipc.Server$Handler.run(Server.java:2682)
2019-09-25 07:32:10,485 [IPC Server handler 18 on 35914] WARN  block.BlockManagerImpl (BlockManagerImpl.java:allocateBlock(192)) - Pipeline creation failed for type:RATIS factor:THREE. Retrying get pipelines call once.
org.apache.hadoop.hdds.scm.exceptions.SCMException: Unable to find enough nodes that meet the criteria that cannot engage in more than 5 pipelines. Nodes required: 3 Found: 0, healthy nodes count inNodeManager: 3.
	at org.apache.hadoop.hdds.scm.pipeline.PipelinePlacementPolicy.filterViableNodes(PipelinePlacementPolicy.java:149)
	at org.apache.hadoop.hdds.scm.pipeline.PipelinePlacementPolicy.chooseDatanodes(PipelinePlacementPolicy.java:172)
	at org.apache.hadoop.hdds.scm.pipeline.RatisPipelineProvider.create(RatisPipelineProvider.java:93)
	at org.apache.hadoop.hdds.scm.pipeline.PipelineFactory.create(PipelineFactory.java:58)
	at org.apache.hadoop.hdds.scm.pipeline.SCMPipelineManager.createPipeline(SCMPipelineManager.java:155)
	at org.apache.hadoop.hdds.scm.block.BlockManagerImpl.allocateBlock(BlockManagerImpl.java:190)
	at org.apache.hadoop.hdds.scm.server.SCMBlockProtocolServer.allocateBlock(SCMBlockProtocolServer.java:182)
	at org.apache.hadoop.ozone.protocolPB.ScmBlockLocationProtocolServerSideTranslatorPB.allocateScmBlock(ScmBlockLocationProtocolServerSideTranslatorPB.java:183)
	at org.apache.hadoop.ozone.protocolPB.ScmBlockLocationProtocolServerSideTranslatorPB.processMessage(ScmBlockLocationProtocolServerSideTranslatorPB.java:141)
	at org.apache.hadoop.ozone.protocolPB.ScmBlockLocationProtocolServerSideTranslatorPB.send(ScmBlockLocationProtocolServerSideTranslatorPB.java:116)
	at org.apache.hadoop.hdds.protocol.proto.ScmBlockLocationProtocolProtos$ScmBlockLocationProtocolService$2.callBlockingMethod(ScmBlockLocationProtocolProtos.java:13157)
	at org.apache.hadoop.ipc.ProtobufRpcEngine$Server$ProtoBufRpcInvoker.call(ProtobufRpcEngine.java:524)
	at org.apache.hadoop.ipc.RPC$Server.call(RPC.java:1025)
	at org.apache.hadoop.ipc.Server$RpcCall.run(Server.java:876)
	at org.apache.hadoop.ipc.Server$RpcCall.run(Server.java:822)
	at java.security.AccessController.doPrivileged(Native Method)
	at javax.security.auth.Subject.doAs(Subject.java:422)
	at org.apache.hadoop.security.UserGroupInformation.doAs(UserGroupInformation.java:1730)
	at org.apache.hadoop.ipc.Server$Handler.run(Server.java:2682)
2019-09-25 07:32:10,485 [IPC Server handler 18 on 35914] INFO  block.BlockManagerImpl (BlockManagerImpl.java:allocateBlock(198)) - Could not find available pipeline of type:RATIS and factor:THREE even after retrying
2019-09-25 07:32:10,485 [IPC Server handler 18 on 35914] ERROR block.BlockManagerImpl (BlockManagerImpl.java:allocateBlock(222)) - Unable to allocate a block for the size: 4194304, type: RATIS, factor: THREE
2019-09-25 07:32:10,486 [IPC Server handler 18 on 35914] INFO  pipeline.PipelinePlacementPolicy (PipelinePlacementPolicy.java:meetCriteria(91)) - Pipeline Placement: can't place more pipeline on heavy datanode： 202d3a0a-92d1-410a-a5b1-c2ff28078e56 Heaviness: 6 limit: 5
2019-09-25 07:32:10,486 [IPC Server handler 18 on 35914] INFO  pipeline.PipelinePlacementPolicy (PipelinePlacementPolicy.java:meetCriteria(91)) - Pipeline Placement: can't place more pipeline on heavy datanode： bb17b402-82ee-4379-828e-7ca8ec673ddb Heaviness: 6 limit: 5
2019-09-25 07:32:10,486 [IPC Server handler 18 on 35914] INFO  pipeline.PipelinePlacementPolicy (PipelinePlacementPolicy.java:meetCriteria(91)) - Pipeline Placement: can't place more pipeline on heavy datanode： c49662a2-8e37-45f0-9294-af49a4d2b7d6 Heaviness: 6 limit: 5
2019-09-25 07:32:10,486 [IPC Server handler 18 on 35914] ERROR pipeline.PipelinePlacementPolicy (PipelinePlacementPolicy.java:filterViableNodes(148)) - Unable to find enough nodes that meet the criteria that cannot engage in more than 5 pipelines. Nodes required: 3 Found: 0, healthy nodes count inNodeManager: 3.
2019-09-25 07:32:10,486 [IPC Server handler 18 on 35914] ERROR pipeline.SCMPipelineManager (SCMPipelineManager.java:createPipeline(167)) - Pipeline creation failed.
org.apache.hadoop.hdds.scm.exceptions.SCMException: Unable to find enough nodes that meet the criteria that cannot engage in more than 5 pipelines. Nodes required: 3 Found: 0, healthy nodes count inNodeManager: 3.
	at org.apache.hadoop.hdds.scm.pipeline.PipelinePlacementPolicy.filterViableNodes(PipelinePlacementPolicy.java:149)
	at org.apache.hadoop.hdds.scm.pipeline.PipelinePlacementPolicy.chooseDatanodes(PipelinePlacementPolicy.java:172)
	at org.apache.hadoop.hdds.scm.pipeline.RatisPipelineProvider.create(RatisPipelineProvider.java:93)
	at org.apache.hadoop.hdds.scm.pipeline.PipelineFactory.create(PipelineFactory.java:58)
	at org.apache.hadoop.hdds.scm.pipeline.SCMPipelineManager.createPipeline(SCMPipelineManager.java:155)
	at org.apache.hadoop.hdds.scm.block.BlockManagerImpl.allocateBlock(BlockManagerImpl.java:190)
	at org.apache.hadoop.hdds.scm.server.SCMBlockProtocolServer.allocateBlock(SCMBlockProtocolServer.java:182)
	at org.apache.hadoop.ozone.protocolPB.ScmBlockLocationProtocolServerSideTranslatorPB.allocateScmBlock(ScmBlockLocationProtocolServerSideTranslatorPB.java:183)
	at org.apache.hadoop.ozone.protocolPB.ScmBlockLocationProtocolServerSideTranslatorPB.processMessage(ScmBlockLocationProtocolServerSideTranslatorPB.java:141)
	at org.apache.hadoop.ozone.protocolPB.ScmBlockLocationProtocolServerSideTranslatorPB.send(ScmBlockLocationProtocolServerSideTranslatorPB.java:116)
	at org.apache.hadoop.hdds.protocol.proto.ScmBlockLocationProtocolProtos$ScmBlockLocationProtocolService$2.callBlockingMethod(ScmBlockLocationProtocolProtos.java:13157)
	at org.apache.hadoop.ipc.ProtobufRpcEngine$Server$ProtoBufRpcInvoker.call(ProtobufRpcEngine.java:524)
	at org.apache.hadoop.ipc.RPC$Server.call(RPC.java:1025)
	at org.apache.hadoop.ipc.Server$RpcCall.run(Server.java:876)
	at org.apache.hadoop.ipc.Server$RpcCall.run(Server.java:822)
	at java.security.AccessController.doPrivileged(Native Method)
	at javax.security.auth.Subject.doAs(Subject.java:422)
	at org.apache.hadoop.security.UserGroupInformation.doAs(UserGroupInformation.java:1730)
	at org.apache.hadoop.ipc.Server$Handler.run(Server.java:2682)
2019-09-25 07:32:10,487 [IPC Server handler 18 on 35914] WARN  block.BlockManagerImpl (BlockManagerImpl.java:allocateBlock(192)) - Pipeline creation failed for type:RATIS factor:THREE. Retrying get pipelines call once.
org.apache.hadoop.hdds.scm.exceptions.SCMException: Unable to find enough nodes that meet the criteria that cannot engage in more than 5 pipelines. Nodes required: 3 Found: 0, healthy nodes count inNodeManager: 3.
	at org.apache.hadoop.hdds.scm.pipeline.PipelinePlacementPolicy.filterViableNodes(PipelinePlacementPolicy.java:149)
	at org.apache.hadoop.hdds.scm.pipeline.PipelinePlacementPolicy.chooseDatanodes(PipelinePlacementPolicy.java:172)
	at org.apache.hadoop.hdds.scm.pipeline.RatisPipelineProvider.create(RatisPipelineProvider.java:93)
	at org.apache.hadoop.hdds.scm.pipeline.PipelineFactory.create(PipelineFactory.java:58)
	at org.apache.hadoop.hdds.scm.pipeline.SCMPipelineManager.createPipeline(SCMPipelineManager.java:155)
	at org.apache.hadoop.hdds.scm.block.BlockManagerImpl.allocateBlock(BlockManagerImpl.java:190)
	at org.apache.hadoop.hdds.scm.server.SCMBlockProtocolServer.allocateBlock(SCMBlockProtocolServer.java:182)
	at org.apache.hadoop.ozone.protocolPB.ScmBlockLocationProtocolServerSideTranslatorPB.allocateScmBlock(ScmBlockLocationProtocolServerSideTranslatorPB.java:183)
	at org.apache.hadoop.ozone.protocolPB.ScmBlockLocationProtocolServerSideTranslatorPB.processMessage(ScmBlockLocationProtocolServerSideTranslatorPB.java:141)
	at org.apache.hadoop.ozone.protocolPB.ScmBlockLocationProtocolServerSideTranslatorPB.send(ScmBlockLocationProtocolServerSideTranslatorPB.java:116)
	at org.apache.hadoop.hdds.protocol.proto.ScmBlockLocationProtocolProtos$ScmBlockLocationProtocolService$2.callBlockingMethod(ScmBlockLocationProtocolProtos.java:13157)
	at org.apache.hadoop.ipc.ProtobufRpcEngine$Server$ProtoBufRpcInvoker.call(ProtobufRpcEngine.java:524)
	at org.apache.hadoop.ipc.RPC$Server.call(RPC.java:1025)
	at org.apache.hadoop.ipc.Server$RpcCall.run(Server.java:876)
	at org.apache.hadoop.ipc.Server$RpcCall.run(Server.java:822)
	at java.security.AccessController.doPrivileged(Native Method)
	at javax.security.auth.Subject.doAs(Subject.java:422)
	at org.apache.hadoop.security.UserGroupInformation.doAs(UserGroupInformation.java:1730)
	at org.apache.hadoop.ipc.Server$Handler.run(Server.java:2682)
2019-09-25 07:32:10,487 [IPC Server handler 18 on 35914] INFO  block.BlockManagerImpl (BlockManagerImpl.java:allocateBlock(198)) - Could not find available pipeline of type:RATIS and factor:THREE even after retrying
2019-09-25 07:32:10,487 [IPC Server handler 18 on 35914] ERROR block.BlockManagerImpl (BlockManagerImpl.java:allocateBlock(222)) - Unable to allocate a block for the size: 4194304, type: RATIS, factor: THREE
2019-09-25 07:32:10,488 [IPC Server handler 18 on 35914] INFO  pipeline.PipelinePlacementPolicy (PipelinePlacementPolicy.java:meetCriteria(91)) - Pipeline Placement: can't place more pipeline on heavy datanode： 202d3a0a-92d1-410a-a5b1-c2ff28078e56 Heaviness: 6 limit: 5
2019-09-25 07:32:10,488 [IPC Server handler 18 on 35914] INFO  pipeline.PipelinePlacementPolicy (PipelinePlacementPolicy.java:meetCriteria(91)) - Pipeline Placement: can't place more pipeline on heavy datanode： bb17b402-82ee-4379-828e-7ca8ec673ddb Heaviness: 6 limit: 5
2019-09-25 07:32:10,488 [IPC Server handler 18 on 35914] INFO  pipeline.PipelinePlacementPolicy (PipelinePlacementPolicy.java:meetCriteria(91)) - Pipeline Placement: can't place more pipeline on heavy datanode： c49662a2-8e37-45f0-9294-af49a4d2b7d6 Heaviness: 6 limit: 5
2019-09-25 07:32:10,488 [IPC Server handler 18 on 35914] ERROR pipeline.PipelinePlacementPolicy (PipelinePlacementPolicy.java:filterViableNodes(148)) - Unable to find enough nodes that meet the criteria that cannot engage in more than 5 pipelines. Nodes required: 3 Found: 0, healthy nodes count inNodeManager: 3.
2019-09-25 07:32:10,488 [IPC Server handler 18 on 35914] ERROR pipeline.SCMPipelineManager (SCMPipelineManager.java:createPipeline(167)) - Pipeline creation failed.
org.apache.hadoop.hdds.scm.exceptions.SCMException: Unable to find enough nodes that meet the criteria that cannot engage in more than 5 pipelines. Nodes required: 3 Found: 0, healthy nodes count inNodeManager: 3.
	at org.apache.hadoop.hdds.scm.pipeline.PipelinePlacementPolicy.filterViableNodes(PipelinePlacementPolicy.java:149)
	at org.apache.hadoop.hdds.scm.pipeline.PipelinePlacementPolicy.chooseDatanodes(PipelinePlacementPolicy.java:172)
	at org.apache.hadoop.hdds.scm.pipeline.RatisPipelineProvider.create(RatisPipelineProvider.java:93)
	at org.apache.hadoop.hdds.scm.pipeline.PipelineFactory.create(PipelineFactory.java:58)
	at org.apache.hadoop.hdds.scm.pipeline.SCMPipelineManager.createPipeline(SCMPipelineManager.java:155)
	at org.apache.hadoop.hdds.scm.block.BlockManagerImpl.allocateBlock(BlockManagerImpl.java:190)
	at org.apache.hadoop.hdds.scm.server.SCMBlockProtocolServer.allocateBlock(SCMBlockProtocolServer.java:182)
	at org.apache.hadoop.ozone.protocolPB.ScmBlockLocationProtocolServerSideTranslatorPB.allocateScmBlock(ScmBlockLocationProtocolServerSideTranslatorPB.java:183)
	at org.apache.hadoop.ozone.protocolPB.ScmBlockLocationProtocolServerSideTranslatorPB.processMessage(ScmBlockLocationProtocolServerSideTranslatorPB.java:141)
	at org.apache.hadoop.ozone.protocolPB.ScmBlockLocationProtocolServerSideTranslatorPB.send(ScmBlockLocationProtocolServerSideTranslatorPB.java:116)
	at org.apache.hadoop.hdds.protocol.proto.ScmBlockLocationProtocolProtos$ScmBlockLocationProtocolService$2.callBlockingMethod(ScmBlockLocationProtocolProtos.java:13157)
	at org.apache.hadoop.ipc.ProtobufRpcEngine$Server$ProtoBufRpcInvoker.call(ProtobufRpcEngine.java:524)
	at org.apache.hadoop.ipc.RPC$Server.call(RPC.java:1025)
	at org.apache.hadoop.ipc.Server$RpcCall.run(Server.java:876)
	at org.apache.hadoop.ipc.Server$RpcCall.run(Server.java:822)
	at java.security.AccessController.doPrivileged(Native Method)
	at javax.security.auth.Subject.doAs(Subject.java:422)
	at org.apache.hadoop.security.UserGroupInformation.doAs(UserGroupInformation.java:1730)
	at org.apache.hadoop.ipc.Server$Handler.run(Server.java:2682)
2019-09-25 07:32:10,489 [IPC Server handler 18 on 35914] WARN  block.BlockManagerImpl (BlockManagerImpl.java:allocateBlock(192)) - Pipeline creation failed for type:RATIS factor:THREE. Retrying get pipelines call once.
org.apache.hadoop.hdds.scm.exceptions.SCMException: Unable to find enough nodes that meet the criteria that cannot engage in more than 5 pipelines. Nodes required: 3 Found: 0, healthy nodes count inNodeManager: 3.
	at org.apache.hadoop.hdds.scm.pipeline.PipelinePlacementPolicy.filterViableNodes(PipelinePlacementPolicy.java:149)
	at org.apache.hadoop.hdds.scm.pipeline.PipelinePlacementPolicy.chooseDatanodes(PipelinePlacementPolicy.java:172)
	at org.apache.hadoop.hdds.scm.pipeline.RatisPipelineProvider.create(RatisPipelineProvider.java:93)
	at org.apache.hadoop.hdds.scm.pipeline.PipelineFactory.create(PipelineFactory.java:58)
	at org.apache.hadoop.hdds.scm.pipeline.SCMPipelineManager.createPipeline(SCMPipelineManager.java:155)
	at org.apache.hadoop.hdds.scm.block.BlockManagerImpl.allocateBlock(BlockManagerImpl.java:190)
	at org.apache.hadoop.hdds.scm.server.SCMBlockProtocolServer.allocateBlock(SCMBlockProtocolServer.java:182)
	at org.apache.hadoop.ozone.protocolPB.ScmBlockLocationProtocolServerSideTranslatorPB.allocateScmBlock(ScmBlockLocationProtocolServerSideTranslatorPB.java:183)
	at org.apache.hadoop.ozone.protocolPB.ScmBlockLocationProtocolServerSideTranslatorPB.processMessage(ScmBlockLocationProtocolServerSideTranslatorPB.java:141)
	at org.apache.hadoop.ozone.protocolPB.ScmBlockLocationProtocolServerSideTranslatorPB.send(ScmBlockLocationProtocolServerSideTranslatorPB.java:116)
	at org.apache.hadoop.hdds.protocol.proto.ScmBlockLocationProtocolProtos$ScmBlockLocationProtocolService$2.callBlockingMethod(ScmBlockLocationProtocolProtos.java:13157)
	at org.apache.hadoop.ipc.ProtobufRpcEngine$Server$ProtoBufRpcInvoker.call(ProtobufRpcEngine.java:524)
	at org.apache.hadoop.ipc.RPC$Server.call(RPC.java:1025)
	at org.apache.hadoop.ipc.Server$RpcCall.run(Server.java:876)
	at org.apache.hadoop.ipc.Server$RpcCall.run(Server.java:822)
	at java.security.AccessController.doPrivileged(Native Method)
	at javax.security.auth.Subject.doAs(Subject.java:422)
	at org.apache.hadoop.security.UserGroupInformation.doAs(UserGroupInformation.java:1730)
	at org.apache.hadoop.ipc.Server$Handler.run(Server.java:2682)
2019-09-25 07:32:10,489 [IPC Server handler 18 on 35914] INFO  block.BlockManagerImpl (BlockManagerImpl.java:allocateBlock(198)) - Could not find available pipeline of type:RATIS and factor:THREE even after retrying
2019-09-25 07:32:10,489 [IPC Server handler 18 on 35914] ERROR block.BlockManagerImpl (BlockManagerImpl.java:allocateBlock(222)) - Unable to allocate a block for the size: 4194304, type: RATIS, factor: THREE
2019-09-25 07:32:10,817 [pool-53-thread-3] ERROR freon.RandomKeyGenerator (RandomKeyGenerator.java:createKey(733)) - Exception while adding key: key-0-03726 in bucket: bucket-0-40477 of volume: vol-0-98398.
INTERNAL_ERROR org.apache.hadoop.ozone.om.exceptions.OMException: Allocated 0 blocks. Requested 5 blocks
	at org.apache.hadoop.ozone.om.protocolPB.OzoneManagerProtocolClientSideTranslatorPB.handleError(OzoneManagerProtocolClientSideTranslatorPB.java:732)
	at org.apache.hadoop.ozone.om.protocolPB.OzoneManagerProtocolClientSideTranslatorPB.openKey(OzoneManagerProtocolClientSideTranslatorPB.java:723)
	at sun.reflect.NativeMethodAccessorImpl.invoke0(Native Method)
	at sun.reflect.NativeMethodAccessorImpl.invoke(NativeMethodAccessorImpl.java:62)
	at sun.reflect.DelegatingMethodAccessorImpl.invoke(DelegatingMethodAccessorImpl.java:43)
	at java.lang.reflect.Method.invoke(Method.java:498)
	at org.apache.hadoop.hdds.tracing.TraceAllMethod.invoke(TraceAllMethod.java:66)
	at com.sun.proxy.$Proxy37.openKey(Unknown Source)
	at org.apache.hadoop.ozone.client.rpc.RpcClient.createKey(RpcClient.java:614)
	at org.apache.hadoop.ozone.client.OzoneBucket.createKey(OzoneBucket.java:325)
	at org.apache.hadoop.ozone.freon.RandomKeyGenerator.createKey(RandomKeyGenerator.java:695)
	at org.apache.hadoop.ozone.freon.RandomKeyGenerator.access$1100(RandomKeyGenerator.java:88)
	at org.apache.hadoop.ozone.freon.RandomKeyGenerator$ObjectCreator.run(RandomKeyGenerator.java:615)
	at java.util.concurrent.Executors$RunnableAdapter.call(Executors.java:511)
	at java.util.concurrent.FutureTask.run(FutureTask.java:266)
	at java.util.concurrent.ThreadPoolExecutor.runWorker(ThreadPoolExecutor.java:1149)
	at java.util.concurrent.ThreadPoolExecutor$Worker.run(ThreadPoolExecutor.java:624)
	at java.lang.Thread.run(Thread.java:748)
 0.00% |█                                                                                                    |  0/1 Time: 0:00:012019-09-25 07:32:11,148 [Thread-178] INFO  container.ReplicationManager (ReplicationManager.java:start(163)) - Starting Replication Monitor Thread.
2019-09-25 07:32:11,151 [ReplicationMonitor] INFO  container.ReplicationManager (ReplicationManager.java:run(226)) - Replication Monitor Thread took 0 milliseconds for processing 0 containers.
 0.00% |█                                                                                                    |  0/1 Time: 0:00:02 0.00% |█                                                                                                    |  0/1 Time: 0:00:03 0.00% |█                                                                                                    |  0/1 Time: 0:00:042019-09-25 07:32:14,029 [Thread-180] INFO  impl.FollowerState (FollowerState.java:run(106)) - c49662a2-8e37-45f0-9294-af49a4d2b7d6:group-B07DCD72E8E5 changes to CANDIDATE, lastRpcTime:5151, electionTimeout:5151ms
2019-09-25 07:32:14,032 [Thread-180] INFO  impl.RoleInfo (RoleInfo.java:shutdownFollowerState(121)) - c49662a2-8e37-45f0-9294-af49a4d2b7d6: shutdown FollowerState
2019-09-25 07:32:14,032 [Thread-180] INFO  impl.RaftServerImpl (RaftServerImpl.java:setRole(174)) - c49662a2-8e37-45f0-9294-af49a4d2b7d6@group-B07DCD72E8E5: changes role from  FOLLOWER to CANDIDATE at term 0 for changeToCandidate
2019-09-25 07:32:14,040 [Thread-180] INFO  impl.RoleInfo (RoleInfo.java:updateAndGet(143)) - c49662a2-8e37-45f0-9294-af49a4d2b7d6: start LeaderElection
2019-09-25 07:32:14,069 [c49662a2-8e37-45f0-9294-af49a4d2b7d6@group-B07DCD72E8E5:LeaderElection1] INFO  impl.LeaderElection (LeaderElection.java:askForVotes(182)) - c49662a2-8e37-45f0-9294-af49a4d2b7d6@group-B07DCD72E8E5:LeaderElection1: begin an election at term 1 for -1: [c49662a2-8e37-45f0-9294-af49a4d2b7d6:192.168.151.106:44905], old=null
2019-09-25 07:32:14,071 [c49662a2-8e37-45f0-9294-af49a4d2b7d6@group-B07DCD72E8E5:LeaderElection1] INFO  impl.RoleInfo (RoleInfo.java:shutdownLeaderElection(134)) - c49662a2-8e37-45f0-9294-af49a4d2b7d6: shutdown LeaderElection
2019-09-25 07:32:14,072 [c49662a2-8e37-45f0-9294-af49a4d2b7d6@group-B07DCD72E8E5:LeaderElection1] INFO  impl.RaftServerImpl (RaftServerImpl.java:setRole(174)) - c49662a2-8e37-45f0-9294-af49a4d2b7d6@group-B07DCD72E8E5: changes role from CANDIDATE to LEADER at term 1 for changeToLeader
2019-09-25 07:32:14,072 [c49662a2-8e37-45f0-9294-af49a4d2b7d6@group-B07DCD72E8E5:LeaderElection1] INFO  impl.RaftServerImpl (ServerState.java:setLeader(253)) - c49662a2-8e37-45f0-9294-af49a4d2b7d6@group-B07DCD72E8E5: change Leader from null to c49662a2-8e37-45f0-9294-af49a4d2b7d6 at term 1 for becomeLeader, leader elected after 5308ms
2019-09-25 07:32:14,081 [c49662a2-8e37-45f0-9294-af49a4d2b7d6@group-B07DCD72E8E5:LeaderElection1] INFO  server.RaftServerConfigKeys (ConfUtils.java:logGet(43)) - raft.server.staging.catchup.gap = 1000 (default)
2019-09-25 07:32:14,081 [c49662a2-8e37-45f0-9294-af49a4d2b7d6@group-B07DCD72E8E5:LeaderElection1] INFO  server.RaftServerConfigKeys (ConfUtils.java:logGet(43)) - raft.server.rpc.sleep.time = 25ms (default)
2019-09-25 07:32:14,085 [c49662a2-8e37-45f0-9294-af49a4d2b7d6@group-B07DCD72E8E5:LeaderElection1] INFO  server.RaftServerConfigKeys (ConfUtils.java:logGet(43)) - raft.server.write.element-limit = 4096 (default)
2019-09-25 07:32:14,088 [c49662a2-8e37-45f0-9294-af49a4d2b7d6@group-B07DCD72E8E5:LeaderElection1] INFO  server.RaftServerConfigKeys (ConfUtils.java:logGet(43)) - raft.server.watch.timeout = 10s (default)
2019-09-25 07:32:14,089 [c49662a2-8e37-45f0-9294-af49a4d2b7d6@group-B07DCD72E8E5:LeaderElection1] INFO  server.RaftServerConfigKeys (ConfUtils.java:logGet(43)) - raft.server.watch.timeout.denomination = 1s (default)
2019-09-25 07:32:14,090 [c49662a2-8e37-45f0-9294-af49a4d2b7d6@group-B07DCD72E8E5:LeaderElection1] INFO  server.RaftServerConfigKeys (ConfUtils.java:logGet(43)) - raft.server.watch.element-limit = 65536 (default)
2019-09-25 07:32:14,103 [Thread-183] INFO  impl.FollowerState (FollowerState.java:run(106)) - c49662a2-8e37-45f0-9294-af49a4d2b7d6:group-AD6D649FAC43 changes to CANDIDATE, lastRpcTime:5108, electionTimeout:5108ms
2019-09-25 07:32:14,108 [Thread-183] INFO  impl.RoleInfo (RoleInfo.java:shutdownFollowerState(121)) - c49662a2-8e37-45f0-9294-af49a4d2b7d6: shutdown FollowerState
2019-09-25 07:32:14,108 [Thread-183] INFO  impl.RaftServerImpl (RaftServerImpl.java:setRole(174)) - c49662a2-8e37-45f0-9294-af49a4d2b7d6@group-AD6D649FAC43: changes role from  FOLLOWER to CANDIDATE at term 0 for changeToCandidate
2019-09-25 07:32:14,109 [Thread-183] INFO  impl.RoleInfo (RoleInfo.java:updateAndGet(143)) - c49662a2-8e37-45f0-9294-af49a4d2b7d6: start LeaderElection
2019-09-25 07:32:14,113 [c49662a2-8e37-45f0-9294-af49a4d2b7d6@group-B07DCD72E8E5:LeaderElection1] INFO  impl.RoleInfo (RoleInfo.java:updateAndGet(143)) - c49662a2-8e37-45f0-9294-af49a4d2b7d6: start LeaderState
2019-09-25 07:32:14,138 [c49662a2-8e37-45f0-9294-af49a4d2b7d6@group-AD6D649FAC43:LeaderElection2] INFO  impl.LeaderElection (LeaderElection.java:askForVotes(182)) - c49662a2-8e37-45f0-9294-af49a4d2b7d6@group-AD6D649FAC43:LeaderElection2: begin an election at term 1 for -1: [c49662a2-8e37-45f0-9294-af49a4d2b7d6:192.168.151.106:44905], old=null
2019-09-25 07:32:14,138 [c49662a2-8e37-45f0-9294-af49a4d2b7d6@group-AD6D649FAC43:LeaderElection2] INFO  impl.RoleInfo (RoleInfo.java:shutdownLeaderElection(134)) - c49662a2-8e37-45f0-9294-af49a4d2b7d6: shutdown LeaderElection
2019-09-25 07:32:14,139 [c49662a2-8e37-45f0-9294-af49a4d2b7d6@group-AD6D649FAC43:LeaderElection2] INFO  impl.RaftServerImpl (RaftServerImpl.java:setRole(174)) - c49662a2-8e37-45f0-9294-af49a4d2b7d6@group-AD6D649FAC43: changes role from CANDIDATE to LEADER at term 1 for changeToLeader
2019-09-25 07:32:14,139 [c49662a2-8e37-45f0-9294-af49a4d2b7d6@group-AD6D649FAC43:LeaderElection2] INFO  impl.RaftServerImpl (ServerState.java:setLeader(253)) - c49662a2-8e37-45f0-9294-af49a4d2b7d6@group-AD6D649FAC43: change Leader from null to c49662a2-8e37-45f0-9294-af49a4d2b7d6 at term 1 for becomeLeader, leader elected after 5154ms
2019-09-25 07:32:14,139 [c49662a2-8e37-45f0-9294-af49a4d2b7d6@group-AD6D649FAC43:LeaderElection2] INFO  server.RaftServerConfigKeys (ConfUtils.java:logGet(43)) - raft.server.staging.catchup.gap = 1000 (default)
2019-09-25 07:32:14,139 [c49662a2-8e37-45f0-9294-af49a4d2b7d6@group-AD6D649FAC43:LeaderElection2] INFO  server.RaftServerConfigKeys (ConfUtils.java:logGet(43)) - raft.server.rpc.sleep.time = 25ms (default)
2019-09-25 07:32:14,139 [c49662a2-8e37-45f0-9294-af49a4d2b7d6@group-AD6D649FAC43:LeaderElection2] INFO  server.RaftServerConfigKeys (ConfUtils.java:logGet(43)) - raft.server.write.element-limit = 4096 (default)
2019-09-25 07:32:14,139 [c49662a2-8e37-45f0-9294-af49a4d2b7d6@group-AD6D649FAC43:LeaderElection2] INFO  server.RaftServerConfigKeys (ConfUtils.java:logGet(43)) - raft.server.watch.timeout = 10s (default)
2019-09-25 07:32:14,140 [c49662a2-8e37-45f0-9294-af49a4d2b7d6@group-AD6D649FAC43:LeaderElection2] INFO  server.RaftServerConfigKeys (ConfUtils.java:logGet(43)) - raft.server.watch.timeout.denomination = 1s (default)
2019-09-25 07:32:14,140 [c49662a2-8e37-45f0-9294-af49a4d2b7d6@group-AD6D649FAC43:LeaderElection2] INFO  server.RaftServerConfigKeys (ConfUtils.java:logGet(43)) - raft.server.watch.element-limit = 65536 (default)
2019-09-25 07:32:14,140 [c49662a2-8e37-45f0-9294-af49a4d2b7d6@group-B07DCD72E8E5:LeaderElection1] INFO  segmented.SegmentedRaftLogWorker (SegmentedRaftLogWorker.java:startLogSegment(380)) - c49662a2-8e37-45f0-9294-af49a4d2b7d6@group-B07DCD72E8E5-SegmentedRaftLogWorker: Starting segment from index:0
2019-09-25 07:32:14,143 [c49662a2-8e37-45f0-9294-af49a4d2b7d6@group-AD6D649FAC43:LeaderElection2] INFO  impl.RoleInfo (RoleInfo.java:updateAndGet(143)) - c49662a2-8e37-45f0-9294-af49a4d2b7d6: start LeaderState
2019-09-25 07:32:14,143 [c49662a2-8e37-45f0-9294-af49a4d2b7d6@group-AD6D649FAC43:LeaderElection2] INFO  segmented.SegmentedRaftLogWorker (SegmentedRaftLogWorker.java:startLogSegment(380)) - c49662a2-8e37-45f0-9294-af49a4d2b7d6@group-AD6D649FAC43-SegmentedRaftLogWorker: Starting segment from index:0
2019-09-25 07:32:14,151 [c49662a2-8e37-45f0-9294-af49a4d2b7d6@group-B07DCD72E8E5:LeaderElection1] INFO  impl.RaftServerImpl (ServerState.java:setRaftConf(354)) - c49662a2-8e37-45f0-9294-af49a4d2b7d6@group-B07DCD72E8E5: set configuration 0: [c49662a2-8e37-45f0-9294-af49a4d2b7d6:192.168.151.106:44905], old=null at 0
2019-09-25 07:32:14,151 [c49662a2-8e37-45f0-9294-af49a4d2b7d6@group-AD6D649FAC43:LeaderElection2] INFO  impl.RaftServerImpl (ServerState.java:setRaftConf(354)) - c49662a2-8e37-45f0-9294-af49a4d2b7d6@group-AD6D649FAC43: set configuration 0: [c49662a2-8e37-45f0-9294-af49a4d2b7d6:192.168.151.106:44905], old=null at 0
2019-09-25 07:32:14,180 [Thread-186] INFO  impl.FollowerState (FollowerState.java:run(106)) - 202d3a0a-92d1-410a-a5b1-c2ff28078e56:group-71057536C638 changes to CANDIDATE, lastRpcTime:5046, electionTimeout:5045ms
2019-09-25 07:32:14,181 [Thread-186] INFO  impl.RoleInfo (RoleInfo.java:shutdownFollowerState(121)) - 202d3a0a-92d1-410a-a5b1-c2ff28078e56: shutdown FollowerState
2019-09-25 07:32:14,181 [Thread-186] INFO  impl.RaftServerImpl (RaftServerImpl.java:setRole(174)) - 202d3a0a-92d1-410a-a5b1-c2ff28078e56@group-71057536C638: changes role from  FOLLOWER to CANDIDATE at term 0 for changeToCandidate
2019-09-25 07:32:14,181 [Thread-186] INFO  impl.RoleInfo (RoleInfo.java:updateAndGet(143)) - 202d3a0a-92d1-410a-a5b1-c2ff28078e56: start LeaderElection
2019-09-25 07:32:14,209 [202d3a0a-92d1-410a-a5b1-c2ff28078e56@group-71057536C638:LeaderElection3] INFO  impl.LeaderElection (LeaderElection.java:askForVotes(182)) - 202d3a0a-92d1-410a-a5b1-c2ff28078e56@group-71057536C638:LeaderElection3: begin an election at term 1 for -1: [202d3a0a-92d1-410a-a5b1-c2ff28078e56:192.168.151.106:44257], old=null
2019-09-25 07:32:14,211 [202d3a0a-92d1-410a-a5b1-c2ff28078e56@group-71057536C638:LeaderElection3] INFO  impl.RoleInfo (RoleInfo.java:shutdownLeaderElection(134)) - 202d3a0a-92d1-410a-a5b1-c2ff28078e56: shutdown LeaderElection
2019-09-25 07:32:14,211 [202d3a0a-92d1-410a-a5b1-c2ff28078e56@group-71057536C638:LeaderElection3] INFO  impl.RaftServerImpl (RaftServerImpl.java:setRole(174)) - 202d3a0a-92d1-410a-a5b1-c2ff28078e56@group-71057536C638: changes role from CANDIDATE to LEADER at term 1 for changeToLeader
2019-09-25 07:32:14,211 [202d3a0a-92d1-410a-a5b1-c2ff28078e56@group-71057536C638:LeaderElection3] INFO  impl.RaftServerImpl (ServerState.java:setLeader(253)) - 202d3a0a-92d1-410a-a5b1-c2ff28078e56@group-71057536C638: change Leader from null to 202d3a0a-92d1-410a-a5b1-c2ff28078e56 at term 1 for becomeLeader, leader elected after 5096ms
2019-09-25 07:32:14,211 [202d3a0a-92d1-410a-a5b1-c2ff28078e56@group-71057536C638:LeaderElection3] INFO  server.RaftServerConfigKeys (ConfUtils.java:logGet(43)) - raft.server.staging.catchup.gap = 1000 (default)
2019-09-25 07:32:14,212 [202d3a0a-92d1-410a-a5b1-c2ff28078e56@group-71057536C638:LeaderElection3] INFO  server.RaftServerConfigKeys (ConfUtils.java:logGet(43)) - raft.server.rpc.sleep.time = 25ms (default)
2019-09-25 07:32:14,212 [202d3a0a-92d1-410a-a5b1-c2ff28078e56@group-71057536C638:LeaderElection3] INFO  server.RaftServerConfigKeys (ConfUtils.java:logGet(43)) - raft.server.write.element-limit = 4096 (default)
2019-09-25 07:32:14,212 [202d3a0a-92d1-410a-a5b1-c2ff28078e56@group-71057536C638:LeaderElection3] INFO  server.RaftServerConfigKeys (ConfUtils.java:logGet(43)) - raft.server.watch.timeout = 10s (default)
2019-09-25 07:32:14,212 [202d3a0a-92d1-410a-a5b1-c2ff28078e56@group-71057536C638:LeaderElection3] INFO  server.RaftServerConfigKeys (ConfUtils.java:logGet(43)) - raft.server.watch.timeout.denomination = 1s (default)
2019-09-25 07:32:14,212 [202d3a0a-92d1-410a-a5b1-c2ff28078e56@group-71057536C638:LeaderElection3] INFO  server.RaftServerConfigKeys (ConfUtils.java:logGet(43)) - raft.server.watch.element-limit = 65536 (default)
2019-09-25 07:32:14,215 [202d3a0a-92d1-410a-a5b1-c2ff28078e56@group-71057536C638:LeaderElection3] INFO  impl.RoleInfo (RoleInfo.java:updateAndGet(143)) - 202d3a0a-92d1-410a-a5b1-c2ff28078e56: start LeaderState
2019-09-25 07:32:14,216 [202d3a0a-92d1-410a-a5b1-c2ff28078e56@group-71057536C638:LeaderElection3] INFO  segmented.SegmentedRaftLogWorker (SegmentedRaftLogWorker.java:startLogSegment(380)) - 202d3a0a-92d1-410a-a5b1-c2ff28078e56@group-71057536C638-SegmentedRaftLogWorker: Starting segment from index:0
2019-09-25 07:32:14,216 [202d3a0a-92d1-410a-a5b1-c2ff28078e56@group-71057536C638:LeaderElection3] INFO  impl.RaftServerImpl (ServerState.java:setRaftConf(354)) - 202d3a0a-92d1-410a-a5b1-c2ff28078e56@group-71057536C638: set configuration 0: [202d3a0a-92d1-410a-a5b1-c2ff28078e56:192.168.151.106:44257], old=null at 0
2019-09-25 07:32:14,349 [202d3a0a-92d1-410a-a5b1-c2ff28078e56@group-71057536C638-SegmentedRaftLogWorker] INFO  segmented.SegmentedRaftLogWorker (SegmentedRaftLogWorker.java:execute(569)) - 202d3a0a-92d1-410a-a5b1-c2ff28078e56@group-71057536C638-SegmentedRaftLogWorker: created new log segment /workdir/hadoop-ozone/tools/target/test-dir/MiniOzoneClusterImpl-74379f76-0ce6-44ed-853e-bfc2db7901f5/datanode-2/data/ratis/996476f9-254d-474e-8171-71057536c638/current/log_inprogress_0
2019-09-25 07:32:14,349 [c49662a2-8e37-45f0-9294-af49a4d2b7d6@group-B07DCD72E8E5-SegmentedRaftLogWorker] INFO  segmented.SegmentedRaftLogWorker (SegmentedRaftLogWorker.java:execute(569)) - c49662a2-8e37-45f0-9294-af49a4d2b7d6@group-B07DCD72E8E5-SegmentedRaftLogWorker: created new log segment /workdir/hadoop-ozone/tools/target/test-dir/MiniOzoneClusterImpl-74379f76-0ce6-44ed-853e-bfc2db7901f5/datanode-0/data/ratis/3660f22a-ed09-42c5-a7d3-b07dcd72e8e5/current/log_inprogress_0
2019-09-25 07:32:14,364 [c49662a2-8e37-45f0-9294-af49a4d2b7d6@group-AD6D649FAC43-SegmentedRaftLogWorker] INFO  segmented.SegmentedRaftLogWorker (SegmentedRaftLogWorker.java:execute(569)) - c49662a2-8e37-45f0-9294-af49a4d2b7d6@group-AD6D649FAC43-SegmentedRaftLogWorker: created new log segment /workdir/hadoop-ozone/tools/target/test-dir/MiniOzoneClusterImpl-74379f76-0ce6-44ed-853e-bfc2db7901f5/datanode-0/data/ratis/2f8bda5a-8ad8-4e4b-bd2d-ad6d649fac43/current/log_inprogress_0
2019-09-25 07:32:14,397 [Thread-192] INFO  impl.FollowerState (FollowerState.java:run(106)) - 202d3a0a-92d1-410a-a5b1-c2ff28078e56:group-C47C3AB3403F changes to CANDIDATE, lastRpcTime:5091, electionTimeout:5091ms
2019-09-25 07:32:14,398 [Thread-192] INFO  impl.RoleInfo (RoleInfo.java:shutdownFollowerState(121)) - 202d3a0a-92d1-410a-a5b1-c2ff28078e56: shutdown FollowerState
2019-09-25 07:32:14,398 [Thread-192] INFO  impl.RaftServerImpl (RaftServerImpl.java:setRole(174)) - 202d3a0a-92d1-410a-a5b1-c2ff28078e56@group-C47C3AB3403F: changes role from  FOLLOWER to CANDIDATE at term 0 for changeToCandidate
2019-09-25 07:32:14,398 [Thread-192] INFO  impl.RoleInfo (RoleInfo.java:updateAndGet(143)) - 202d3a0a-92d1-410a-a5b1-c2ff28078e56: start LeaderElection
2019-09-25 07:32:14,400 [Thread-189] INFO  impl.FollowerState (FollowerState.java:run(106)) - 202d3a0a-92d1-410a-a5b1-c2ff28078e56:group-EDD22E48E0A1 changes to CANDIDATE, lastRpcTime:5184, electionTimeout:5184ms
2019-09-25 07:32:14,402 [Thread-189] INFO  impl.RoleInfo (RoleInfo.java:shutdownFollowerState(121)) - 202d3a0a-92d1-410a-a5b1-c2ff28078e56: shutdown FollowerState
2019-09-25 07:32:14,402 [Thread-189] INFO  impl.RaftServerImpl (RaftServerImpl.java:setRole(174)) - 202d3a0a-92d1-410a-a5b1-c2ff28078e56@group-EDD22E48E0A1: changes role from  FOLLOWER to CANDIDATE at term 0 for changeToCandidate
2019-09-25 07:32:14,402 [Thread-189] INFO  impl.RoleInfo (RoleInfo.java:updateAndGet(143)) - 202d3a0a-92d1-410a-a5b1-c2ff28078e56: start LeaderElection
2019-09-25 07:32:14,423 [202d3a0a-92d1-410a-a5b1-c2ff28078e56@group-C47C3AB3403F:LeaderElection4] INFO  impl.LeaderElection (LeaderElection.java:askForVotes(182)) - 202d3a0a-92d1-410a-a5b1-c2ff28078e56@group-C47C3AB3403F:LeaderElection4: begin an election at term 1 for -1: [202d3a0a-92d1-410a-a5b1-c2ff28078e56:192.168.151.106:44257], old=null
2019-09-25 07:32:14,424 [202d3a0a-92d1-410a-a5b1-c2ff28078e56@group-EDD22E48E0A1:LeaderElection5] INFO  impl.LeaderElection (LeaderElection.java:askForVotes(182)) - 202d3a0a-92d1-410a-a5b1-c2ff28078e56@group-EDD22E48E0A1:LeaderElection5: begin an election at term 1 for -1: [202d3a0a-92d1-410a-a5b1-c2ff28078e56:192.168.151.106:44257], old=null
2019-09-25 07:32:14,424 [202d3a0a-92d1-410a-a5b1-c2ff28078e56@group-C47C3AB3403F:LeaderElection4] INFO  impl.RoleInfo (RoleInfo.java:shutdownLeaderElection(134)) - 202d3a0a-92d1-410a-a5b1-c2ff28078e56: shutdown LeaderElection
2019-09-25 07:32:14,424 [202d3a0a-92d1-410a-a5b1-c2ff28078e56@group-EDD22E48E0A1:LeaderElection5] INFO  impl.RoleInfo (RoleInfo.java:shutdownLeaderElection(134)) - 202d3a0a-92d1-410a-a5b1-c2ff28078e56: shutdown LeaderElection
2019-09-25 07:32:14,424 [202d3a0a-92d1-410a-a5b1-c2ff28078e56@group-C47C3AB3403F:LeaderElection4] INFO  impl.RaftServerImpl (RaftServerImpl.java:setRole(174)) - 202d3a0a-92d1-410a-a5b1-c2ff28078e56@group-C47C3AB3403F: changes role from CANDIDATE to LEADER at term 1 for changeToLeader
2019-09-25 07:32:14,424 [202d3a0a-92d1-410a-a5b1-c2ff28078e56@group-EDD22E48E0A1:LeaderElection5] INFO  impl.RaftServerImpl (RaftServerImpl.java:setRole(174)) - 202d3a0a-92d1-410a-a5b1-c2ff28078e56@group-EDD22E48E0A1: changes role from CANDIDATE to LEADER at term 1 for changeToLeader
2019-09-25 07:32:14,424 [202d3a0a-92d1-410a-a5b1-c2ff28078e56@group-C47C3AB3403F:LeaderElection4] INFO  impl.RaftServerImpl (ServerState.java:setLeader(253)) - 202d3a0a-92d1-410a-a5b1-c2ff28078e56@group-C47C3AB3403F: change Leader from null to 202d3a0a-92d1-410a-a5b1-c2ff28078e56 at term 1 for becomeLeader, leader elected after 5131ms
2019-09-25 07:32:14,424 [202d3a0a-92d1-410a-a5b1-c2ff28078e56@group-EDD22E48E0A1:LeaderElection5] INFO  impl.RaftServerImpl (ServerState.java:setLeader(253)) - 202d3a0a-92d1-410a-a5b1-c2ff28078e56@group-EDD22E48E0A1: change Leader from null to 202d3a0a-92d1-410a-a5b1-c2ff28078e56 at term 1 for becomeLeader, leader elected after 5217ms
2019-09-25 07:32:14,424 [202d3a0a-92d1-410a-a5b1-c2ff28078e56@group-C47C3AB3403F:LeaderElection4] INFO  server.RaftServerConfigKeys (ConfUtils.java:logGet(43)) - raft.server.staging.catchup.gap = 1000 (default)
2019-09-25 07:32:14,425 [202d3a0a-92d1-410a-a5b1-c2ff28078e56@group-EDD22E48E0A1:LeaderElection5] INFO  server.RaftServerConfigKeys (ConfUtils.java:logGet(43)) - raft.server.staging.catchup.gap = 1000 (default)
2019-09-25 07:32:14,425 [202d3a0a-92d1-410a-a5b1-c2ff28078e56@group-C47C3AB3403F:LeaderElection4] INFO  server.RaftServerConfigKeys (ConfUtils.java:logGet(43)) - raft.server.rpc.sleep.time = 25ms (default)
2019-09-25 07:32:14,425 [202d3a0a-92d1-410a-a5b1-c2ff28078e56@group-EDD22E48E0A1:LeaderElection5] INFO  server.RaftServerConfigKeys (ConfUtils.java:logGet(43)) - raft.server.rpc.sleep.time = 25ms (default)
2019-09-25 07:32:14,425 [202d3a0a-92d1-410a-a5b1-c2ff28078e56@group-C47C3AB3403F:LeaderElection4] INFO  server.RaftServerConfigKeys (ConfUtils.java:logGet(43)) - raft.server.write.element-limit = 4096 (default)
2019-09-25 07:32:14,425 [202d3a0a-92d1-410a-a5b1-c2ff28078e56@group-EDD22E48E0A1:LeaderElection5] INFO  server.RaftServerConfigKeys (ConfUtils.java:logGet(43)) - raft.server.write.element-limit = 4096 (default)
2019-09-25 07:32:14,425 [202d3a0a-92d1-410a-a5b1-c2ff28078e56@group-C47C3AB3403F:LeaderElection4] INFO  server.RaftServerConfigKeys (ConfUtils.java:logGet(43)) - raft.server.watch.timeout = 10s (default)
2019-09-25 07:32:14,426 [202d3a0a-92d1-410a-a5b1-c2ff28078e56@group-EDD22E48E0A1:LeaderElection5] INFO  server.RaftServerConfigKeys (ConfUtils.java:logGet(43)) - raft.server.watch.timeout = 10s (default)
2019-09-25 07:32:14,426 [202d3a0a-92d1-410a-a5b1-c2ff28078e56@group-C47C3AB3403F:LeaderElection4] INFO  server.RaftServerConfigKeys (ConfUtils.java:logGet(43)) - raft.server.watch.timeout.denomination = 1s (default)
2019-09-25 07:32:14,426 [202d3a0a-92d1-410a-a5b1-c2ff28078e56@group-C47C3AB3403F:LeaderElection4] INFO  server.RaftServerConfigKeys (ConfUtils.java:logGet(43)) - raft.server.watch.element-limit = 65536 (default)
2019-09-25 07:32:14,426 [202d3a0a-92d1-410a-a5b1-c2ff28078e56@group-EDD22E48E0A1:LeaderElection5] INFO  server.RaftServerConfigKeys (ConfUtils.java:logGet(43)) - raft.server.watch.timeout.denomination = 1s (default)
2019-09-25 07:32:14,426 [202d3a0a-92d1-410a-a5b1-c2ff28078e56@group-EDD22E48E0A1:LeaderElection5] INFO  server.RaftServerConfigKeys (ConfUtils.java:logGet(43)) - raft.server.watch.element-limit = 65536 (default)
2019-09-25 07:32:14,430 [202d3a0a-92d1-410a-a5b1-c2ff28078e56@group-C47C3AB3403F:LeaderElection4] INFO  impl.RoleInfo (RoleInfo.java:updateAndGet(143)) - 202d3a0a-92d1-410a-a5b1-c2ff28078e56: start LeaderState
2019-09-25 07:32:14,430 [202d3a0a-92d1-410a-a5b1-c2ff28078e56@group-C47C3AB3403F:LeaderElection4] INFO  segmented.SegmentedRaftLogWorker (SegmentedRaftLogWorker.java:startLogSegment(380)) - 202d3a0a-92d1-410a-a5b1-c2ff28078e56@group-C47C3AB3403F-SegmentedRaftLogWorker: Starting segment from index:0
2019-09-25 07:32:14,431 [202d3a0a-92d1-410a-a5b1-c2ff28078e56@group-C47C3AB3403F:LeaderElection4] INFO  impl.RaftServerImpl (ServerState.java:setRaftConf(354)) - 202d3a0a-92d1-410a-a5b1-c2ff28078e56@group-C47C3AB3403F: set configuration 0: [202d3a0a-92d1-410a-a5b1-c2ff28078e56:192.168.151.106:44257], old=null at 0
2019-09-25 07:32:14,431 [202d3a0a-92d1-410a-a5b1-c2ff28078e56@group-EDD22E48E0A1:LeaderElection5] INFO  impl.RoleInfo (RoleInfo.java:updateAndGet(143)) - 202d3a0a-92d1-410a-a5b1-c2ff28078e56: start LeaderState
2019-09-25 07:32:14,469 [202d3a0a-92d1-410a-a5b1-c2ff28078e56@group-EDD22E48E0A1:LeaderElection5] INFO  segmented.SegmentedRaftLogWorker (SegmentedRaftLogWorker.java:startLogSegment(380)) - 202d3a0a-92d1-410a-a5b1-c2ff28078e56@group-EDD22E48E0A1-SegmentedRaftLogWorker: Starting segment from index:0
2019-09-25 07:32:14,469 [202d3a0a-92d1-410a-a5b1-c2ff28078e56@group-EDD22E48E0A1:LeaderElection5] INFO  impl.RaftServerImpl (ServerState.java:setRaftConf(354)) - 202d3a0a-92d1-410a-a5b1-c2ff28078e56@group-EDD22E48E0A1: set configuration 0: [202d3a0a-92d1-410a-a5b1-c2ff28078e56:192.168.151.106:44257], old=null at 0
2019-09-25 07:32:14,501 [202d3a0a-92d1-410a-a5b1-c2ff28078e56@group-C47C3AB3403F-SegmentedRaftLogWorker] INFO  segmented.SegmentedRaftLogWorker (SegmentedRaftLogWorker.java:execute(569)) - 202d3a0a-92d1-410a-a5b1-c2ff28078e56@group-C47C3AB3403F-SegmentedRaftLogWorker: created new log segment /workdir/hadoop-ozone/tools/target/test-dir/MiniOzoneClusterImpl-74379f76-0ce6-44ed-853e-bfc2db7901f5/datanode-2/data/ratis/aade5652-875e-4b2b-960d-c47c3ab3403f/current/log_inprogress_0
2019-09-25 07:32:14,501 [Thread-195] INFO  impl.FollowerState (FollowerState.java:run(106)) - c49662a2-8e37-45f0-9294-af49a4d2b7d6:group-E2F91F50346F changes to CANDIDATE, lastRpcTime:5062, electionTimeout:5043ms
2019-09-25 07:32:14,502 [Thread-195] INFO  impl.RoleInfo (RoleInfo.java:shutdownFollowerState(121)) - c49662a2-8e37-45f0-9294-af49a4d2b7d6: shutdown FollowerState
2019-09-25 07:32:14,502 [Thread-195] INFO  impl.RaftServerImpl (RaftServerImpl.java:setRole(174)) - c49662a2-8e37-45f0-9294-af49a4d2b7d6@group-E2F91F50346F: changes role from  FOLLOWER to CANDIDATE at term 0 for changeToCandidate
2019-09-25 07:32:14,502 [Thread-195] INFO  impl.RoleInfo (RoleInfo.java:updateAndGet(143)) - c49662a2-8e37-45f0-9294-af49a4d2b7d6: start LeaderElection
2019-09-25 07:32:14,524 [202d3a0a-92d1-410a-a5b1-c2ff28078e56@group-EDD22E48E0A1-SegmentedRaftLogWorker] INFO  segmented.SegmentedRaftLogWorker (SegmentedRaftLogWorker.java:execute(569)) - 202d3a0a-92d1-410a-a5b1-c2ff28078e56@group-EDD22E48E0A1-SegmentedRaftLogWorker: created new log segment /workdir/hadoop-ozone/tools/target/test-dir/MiniOzoneClusterImpl-74379f76-0ce6-44ed-853e-bfc2db7901f5/datanode-2/data/ratis/14d5dbd6-b900-4656-aa26-edd22e48e0a1/current/log_inprogress_0
2019-09-25 07:32:14,524 [c49662a2-8e37-45f0-9294-af49a4d2b7d6@group-E2F91F50346F:LeaderElection6] INFO  impl.LeaderElection (LeaderElection.java:askForVotes(182)) - c49662a2-8e37-45f0-9294-af49a4d2b7d6@group-E2F91F50346F:LeaderElection6: begin an election at term 1 for -1: [c49662a2-8e37-45f0-9294-af49a4d2b7d6:192.168.151.106:44905], old=null
2019-09-25 07:32:14,524 [c49662a2-8e37-45f0-9294-af49a4d2b7d6@group-E2F91F50346F:LeaderElection6] INFO  impl.RoleInfo (RoleInfo.java:shutdownLeaderElection(134)) - c49662a2-8e37-45f0-9294-af49a4d2b7d6: shutdown LeaderElection
2019-09-25 07:32:14,524 [c49662a2-8e37-45f0-9294-af49a4d2b7d6@group-E2F91F50346F:LeaderElection6] INFO  impl.RaftServerImpl (RaftServerImpl.java:setRole(174)) - c49662a2-8e37-45f0-9294-af49a4d2b7d6@group-E2F91F50346F: changes role from CANDIDATE to LEADER at term 1 for changeToLeader
2019-09-25 07:32:14,524 [c49662a2-8e37-45f0-9294-af49a4d2b7d6@group-E2F91F50346F:LeaderElection6] INFO  impl.RaftServerImpl (ServerState.java:setLeader(253)) - c49662a2-8e37-45f0-9294-af49a4d2b7d6@group-E2F91F50346F: change Leader from null to c49662a2-8e37-45f0-9294-af49a4d2b7d6 at term 1 for becomeLeader, leader elected after 5116ms
2019-09-25 07:32:14,525 [c49662a2-8e37-45f0-9294-af49a4d2b7d6@group-E2F91F50346F:LeaderElection6] INFO  server.RaftServerConfigKeys (ConfUtils.java:logGet(43)) - raft.server.staging.catchup.gap = 1000 (default)
2019-09-25 07:32:14,525 [c49662a2-8e37-45f0-9294-af49a4d2b7d6@group-E2F91F50346F:LeaderElection6] INFO  server.RaftServerConfigKeys (ConfUtils.java:logGet(43)) - raft.server.rpc.sleep.time = 25ms (default)
2019-09-25 07:32:14,525 [c49662a2-8e37-45f0-9294-af49a4d2b7d6@group-E2F91F50346F:LeaderElection6] INFO  server.RaftServerConfigKeys (ConfUtils.java:logGet(43)) - raft.server.write.element-limit = 4096 (default)
2019-09-25 07:32:14,525 [c49662a2-8e37-45f0-9294-af49a4d2b7d6@group-E2F91F50346F:LeaderElection6] INFO  server.RaftServerConfigKeys (ConfUtils.java:logGet(43)) - raft.server.watch.timeout = 10s (default)
2019-09-25 07:32:14,525 [c49662a2-8e37-45f0-9294-af49a4d2b7d6@group-E2F91F50346F:LeaderElection6] INFO  server.RaftServerConfigKeys (ConfUtils.java:logGet(43)) - raft.server.watch.timeout.denomination = 1s (default)
2019-09-25 07:32:14,525 [c49662a2-8e37-45f0-9294-af49a4d2b7d6@group-E2F91F50346F:LeaderElection6] INFO  server.RaftServerConfigKeys (ConfUtils.java:logGet(43)) - raft.server.watch.element-limit = 65536 (default)
2019-09-25 07:32:14,528 [c49662a2-8e37-45f0-9294-af49a4d2b7d6@group-E2F91F50346F:LeaderElection6] INFO  impl.RoleInfo (RoleInfo.java:updateAndGet(143)) - c49662a2-8e37-45f0-9294-af49a4d2b7d6: start LeaderState
2019-09-25 07:32:14,529 [c49662a2-8e37-45f0-9294-af49a4d2b7d6@group-E2F91F50346F:LeaderElection6] INFO  segmented.SegmentedRaftLogWorker (SegmentedRaftLogWorker.java:startLogSegment(380)) - c49662a2-8e37-45f0-9294-af49a4d2b7d6@group-E2F91F50346F-SegmentedRaftLogWorker: Starting segment from index:0
2019-09-25 07:32:14,529 [c49662a2-8e37-45f0-9294-af49a4d2b7d6@group-E2F91F50346F:LeaderElection6] INFO  impl.RaftServerImpl (ServerState.java:setRaftConf(354)) - c49662a2-8e37-45f0-9294-af49a4d2b7d6@group-E2F91F50346F: set configuration 0: [c49662a2-8e37-45f0-9294-af49a4d2b7d6:192.168.151.106:44905], old=null at 0
2019-09-25 07:32:14,589 [c49662a2-8e37-45f0-9294-af49a4d2b7d6@group-E2F91F50346F-SegmentedRaftLogWorker] INFO  segmented.SegmentedRaftLogWorker (SegmentedRaftLogWorker.java:execute(569)) - c49662a2-8e37-45f0-9294-af49a4d2b7d6@group-E2F91F50346F-SegmentedRaftLogWorker: created new log segment /workdir/hadoop-ozone/tools/target/test-dir/MiniOzoneClusterImpl-74379f76-0ce6-44ed-853e-bfc2db7901f5/datanode-0/data/ratis/2a4b8495-35dc-4950-bd5a-e2f91f50346f/current/log_inprogress_0
2019-09-25 07:32:14,594 [Thread-198] INFO  impl.FollowerState (FollowerState.java:run(106)) - bb17b402-82ee-4379-828e-7ca8ec673ddb:group-84BDA163BD07 changes to CANDIDATE, lastRpcTime:5081, electionTimeout:5081ms
2019-09-25 07:32:14,594 [Thread-198] INFO  impl.RoleInfo (RoleInfo.java:shutdownFollowerState(121)) - bb17b402-82ee-4379-828e-7ca8ec673ddb: shutdown FollowerState
2019-09-25 07:32:14,594 [Thread-198] INFO  impl.RaftServerImpl (RaftServerImpl.java:setRole(174)) - bb17b402-82ee-4379-828e-7ca8ec673ddb@group-84BDA163BD07: changes role from  FOLLOWER to CANDIDATE at term 0 for changeToCandidate
2019-09-25 07:32:14,594 [Thread-198] INFO  impl.RoleInfo (RoleInfo.java:updateAndGet(143)) - bb17b402-82ee-4379-828e-7ca8ec673ddb: start LeaderElection
2019-09-25 07:32:14,621 [bb17b402-82ee-4379-828e-7ca8ec673ddb@group-84BDA163BD07:LeaderElection7] INFO  impl.LeaderElection (LeaderElection.java:askForVotes(182)) - bb17b402-82ee-4379-828e-7ca8ec673ddb@group-84BDA163BD07:LeaderElection7: begin an election at term 1 for -1: [bb17b402-82ee-4379-828e-7ca8ec673ddb:192.168.151.106:35392], old=null
2019-09-25 07:32:14,621 [bb17b402-82ee-4379-828e-7ca8ec673ddb@group-84BDA163BD07:LeaderElection7] INFO  impl.RoleInfo (RoleInfo.java:shutdownLeaderElection(134)) - bb17b402-82ee-4379-828e-7ca8ec673ddb: shutdown LeaderElection
2019-09-25 07:32:14,621 [bb17b402-82ee-4379-828e-7ca8ec673ddb@group-84BDA163BD07:LeaderElection7] INFO  impl.RaftServerImpl (RaftServerImpl.java:setRole(174)) - bb17b402-82ee-4379-828e-7ca8ec673ddb@group-84BDA163BD07: changes role from CANDIDATE to LEADER at term 1 for changeToLeader
2019-09-25 07:32:14,621 [bb17b402-82ee-4379-828e-7ca8ec673ddb@group-84BDA163BD07:LeaderElection7] INFO  impl.RaftServerImpl (ServerState.java:setLeader(253)) - bb17b402-82ee-4379-828e-7ca8ec673ddb@group-84BDA163BD07: change Leader from null to bb17b402-82ee-4379-828e-7ca8ec673ddb at term 1 for becomeLeader, leader elected after 5121ms
2019-09-25 07:32:14,622 [bb17b402-82ee-4379-828e-7ca8ec673ddb@group-84BDA163BD07:LeaderElection7] INFO  server.RaftServerConfigKeys (ConfUtils.java:logGet(43)) - raft.server.staging.catchup.gap = 1000 (default)
2019-09-25 07:32:14,622 [bb17b402-82ee-4379-828e-7ca8ec673ddb@group-84BDA163BD07:LeaderElection7] INFO  server.RaftServerConfigKeys (ConfUtils.java:logGet(43)) - raft.server.rpc.sleep.time = 25ms (default)
2019-09-25 07:32:14,622 [bb17b402-82ee-4379-828e-7ca8ec673ddb@group-84BDA163BD07:LeaderElection7] INFO  server.RaftServerConfigKeys (ConfUtils.java:logGet(43)) - raft.server.write.element-limit = 4096 (default)
2019-09-25 07:32:14,622 [bb17b402-82ee-4379-828e-7ca8ec673ddb@group-84BDA163BD07:LeaderElection7] INFO  server.RaftServerConfigKeys (ConfUtils.java:logGet(43)) - raft.server.watch.timeout = 10s (default)
2019-09-25 07:32:14,622 [bb17b402-82ee-4379-828e-7ca8ec673ddb@group-84BDA163BD07:LeaderElection7] INFO  server.RaftServerConfigKeys (ConfUtils.java:logGet(43)) - raft.server.watch.timeout.denomination = 1s (default)
2019-09-25 07:32:14,622 [bb17b402-82ee-4379-828e-7ca8ec673ddb@group-84BDA163BD07:LeaderElection7] INFO  server.RaftServerConfigKeys (ConfUtils.java:logGet(43)) - raft.server.watch.element-limit = 65536 (default)
2019-09-25 07:32:14,625 [bb17b402-82ee-4379-828e-7ca8ec673ddb@group-84BDA163BD07:LeaderElection7] INFO  impl.RoleInfo (RoleInfo.java:updateAndGet(143)) - bb17b402-82ee-4379-828e-7ca8ec673ddb: start LeaderState
2019-09-25 07:32:14,625 [bb17b402-82ee-4379-828e-7ca8ec673ddb@group-84BDA163BD07:LeaderElection7] INFO  segmented.SegmentedRaftLogWorker (SegmentedRaftLogWorker.java:startLogSegment(380)) - bb17b402-82ee-4379-828e-7ca8ec673ddb@group-84BDA163BD07-SegmentedRaftLogWorker: Starting segment from index:0
2019-09-25 07:32:14,626 [bb17b402-82ee-4379-828e-7ca8ec673ddb@group-84BDA163BD07:LeaderElection7] INFO  impl.RaftServerImpl (ServerState.java:setRaftConf(354)) - bb17b402-82ee-4379-828e-7ca8ec673ddb@group-84BDA163BD07: set configuration 0: [bb17b402-82ee-4379-828e-7ca8ec673ddb:192.168.151.106:35392], old=null at 0
2019-09-25 07:32:14,691 [bb17b402-82ee-4379-828e-7ca8ec673ddb@group-84BDA163BD07-SegmentedRaftLogWorker] INFO  segmented.SegmentedRaftLogWorker (SegmentedRaftLogWorker.java:execute(569)) - bb17b402-82ee-4379-828e-7ca8ec673ddb@group-84BDA163BD07-SegmentedRaftLogWorker: created new log segment /workdir/hadoop-ozone/tools/target/test-dir/MiniOzoneClusterImpl-74379f76-0ce6-44ed-853e-bfc2db7901f5/datanode-1/data/ratis/bcc2d7f9-f141-4aba-a0dd-84bda163bd07/current/log_inprogress_0
2019-09-25 07:32:14,744 [Thread-202] INFO  impl.FollowerState (FollowerState.java:run(106)) - bb17b402-82ee-4379-828e-7ca8ec673ddb:group-198CBA985AF9 changes to CANDIDATE, lastRpcTime:5134, electionTimeout:5134ms
2019-09-25 07:32:14,745 [Thread-202] INFO  impl.RoleInfo (RoleInfo.java:shutdownFollowerState(121)) - bb17b402-82ee-4379-828e-7ca8ec673ddb: shutdown FollowerState
2019-09-25 07:32:14,745 [Thread-202] INFO  impl.RaftServerImpl (RaftServerImpl.java:setRole(174)) - bb17b402-82ee-4379-828e-7ca8ec673ddb@group-198CBA985AF9: changes role from  FOLLOWER to CANDIDATE at term 0 for changeToCandidate
2019-09-25 07:32:14,745 [Thread-202] INFO  impl.RoleInfo (RoleInfo.java:updateAndGet(143)) - bb17b402-82ee-4379-828e-7ca8ec673ddb: start LeaderElection
2019-09-25 07:32:14,769 [bb17b402-82ee-4379-828e-7ca8ec673ddb@group-198CBA985AF9:LeaderElection8] INFO  impl.LeaderElection (LeaderElection.java:askForVotes(182)) - bb17b402-82ee-4379-828e-7ca8ec673ddb@group-198CBA985AF9:LeaderElection8: begin an election at term 1 for -1: [bb17b402-82ee-4379-828e-7ca8ec673ddb:192.168.151.106:35392], old=null
2019-09-25 07:32:14,769 [bb17b402-82ee-4379-828e-7ca8ec673ddb@group-198CBA985AF9:LeaderElection8] INFO  impl.RoleInfo (RoleInfo.java:shutdownLeaderElection(134)) - bb17b402-82ee-4379-828e-7ca8ec673ddb: shutdown LeaderElection
2019-09-25 07:32:14,770 [bb17b402-82ee-4379-828e-7ca8ec673ddb@group-198CBA985AF9:LeaderElection8] INFO  impl.RaftServerImpl (RaftServerImpl.java:setRole(174)) - bb17b402-82ee-4379-828e-7ca8ec673ddb@group-198CBA985AF9: changes role from CANDIDATE to LEADER at term 1 for changeToLeader
2019-09-25 07:32:14,770 [bb17b402-82ee-4379-828e-7ca8ec673ddb@group-198CBA985AF9:LeaderElection8] INFO  impl.RaftServerImpl (ServerState.java:setLeader(253)) - bb17b402-82ee-4379-828e-7ca8ec673ddb@group-198CBA985AF9: change Leader from null to bb17b402-82ee-4379-828e-7ca8ec673ddb at term 1 for becomeLeader, leader elected after 5167ms
2019-09-25 07:32:14,770 [bb17b402-82ee-4379-828e-7ca8ec673ddb@group-198CBA985AF9:LeaderElection8] INFO  server.RaftServerConfigKeys (ConfUtils.java:logGet(43)) - raft.server.staging.catchup.gap = 1000 (default)
2019-09-25 07:32:14,770 [bb17b402-82ee-4379-828e-7ca8ec673ddb@group-198CBA985AF9:LeaderElection8] INFO  server.RaftServerConfigKeys (ConfUtils.java:logGet(43)) - raft.server.rpc.sleep.time = 25ms (default)
2019-09-25 07:32:14,770 [bb17b402-82ee-4379-828e-7ca8ec673ddb@group-198CBA985AF9:LeaderElection8] INFO  server.RaftServerConfigKeys (ConfUtils.java:logGet(43)) - raft.server.write.element-limit = 4096 (default)
2019-09-25 07:32:14,770 [bb17b402-82ee-4379-828e-7ca8ec673ddb@group-198CBA985AF9:LeaderElection8] INFO  server.RaftServerConfigKeys (ConfUtils.java:logGet(43)) - raft.server.watch.timeout = 10s (default)
2019-09-25 07:32:14,771 [bb17b402-82ee-4379-828e-7ca8ec673ddb@group-198CBA985AF9:LeaderElection8] INFO  server.RaftServerConfigKeys (ConfUtils.java:logGet(43)) - raft.server.watch.timeout.denomination = 1s (default)
2019-09-25 07:32:14,771 [bb17b402-82ee-4379-828e-7ca8ec673ddb@group-198CBA985AF9:LeaderElection8] INFO  server.RaftServerConfigKeys (ConfUtils.java:logGet(43)) - raft.server.watch.element-limit = 65536 (default)
2019-09-25 07:32:14,773 [bb17b402-82ee-4379-828e-7ca8ec673ddb@group-198CBA985AF9:LeaderElection8] INFO  impl.RoleInfo (RoleInfo.java:updateAndGet(143)) - bb17b402-82ee-4379-828e-7ca8ec673ddb: start LeaderState
2019-09-25 07:32:14,774 [bb17b402-82ee-4379-828e-7ca8ec673ddb@group-198CBA985AF9:LeaderElection8] INFO  segmented.SegmentedRaftLogWorker (SegmentedRaftLogWorker.java:startLogSegment(380)) - bb17b402-82ee-4379-828e-7ca8ec673ddb@group-198CBA985AF9-SegmentedRaftLogWorker: Starting segment from index:0
2019-09-25 07:32:14,774 [bb17b402-82ee-4379-828e-7ca8ec673ddb@group-198CBA985AF9:LeaderElection8] INFO  impl.RaftServerImpl (ServerState.java:setRaftConf(354)) - bb17b402-82ee-4379-828e-7ca8ec673ddb@group-198CBA985AF9: set configuration 0: [bb17b402-82ee-4379-828e-7ca8ec673ddb:192.168.151.106:35392], old=null at 0
2019-09-25 07:32:14,834 [Thread-205] INFO  impl.FollowerState (FollowerState.java:run(106)) - 202d3a0a-92d1-410a-a5b1-c2ff28078e56:group-19250B121ED7 changes to CANDIDATE, lastRpcTime:5143, electionTimeout:5143ms
2019-09-25 07:32:14,834 [Thread-205] INFO  impl.RoleInfo (RoleInfo.java:shutdownFollowerState(121)) - 202d3a0a-92d1-410a-a5b1-c2ff28078e56: shutdown FollowerState
2019-09-25 07:32:14,835 [Thread-205] INFO  impl.RaftServerImpl (RaftServerImpl.java:setRole(174)) - 202d3a0a-92d1-410a-a5b1-c2ff28078e56@group-19250B121ED7: changes role from  FOLLOWER to CANDIDATE at term 0 for changeToCandidate
2019-09-25 07:32:14,835 [Thread-205] INFO  impl.RoleInfo (RoleInfo.java:updateAndGet(143)) - 202d3a0a-92d1-410a-a5b1-c2ff28078e56: start LeaderElection
2019-09-25 07:32:14,838 [bb17b402-82ee-4379-828e-7ca8ec673ddb@group-198CBA985AF9-SegmentedRaftLogWorker] INFO  segmented.SegmentedRaftLogWorker (SegmentedRaftLogWorker.java:execute(569)) - bb17b402-82ee-4379-828e-7ca8ec673ddb@group-198CBA985AF9-SegmentedRaftLogWorker: created new log segment /workdir/hadoop-ozone/tools/target/test-dir/MiniOzoneClusterImpl-74379f76-0ce6-44ed-853e-bfc2db7901f5/datanode-1/data/ratis/b03e55c0-904e-4dbb-817c-198cba985af9/current/log_inprogress_0
2019-09-25 07:32:14,841 [Thread-209] INFO  impl.FollowerState (FollowerState.java:run(106)) - 202d3a0a-92d1-410a-a5b1-c2ff28078e56:group-8EC8187E1185 changes to CANDIDATE, lastRpcTime:5057, electionTimeout:5057ms
2019-09-25 07:32:14,842 [Thread-209] INFO  impl.RoleInfo (RoleInfo.java:shutdownFollowerState(121)) - 202d3a0a-92d1-410a-a5b1-c2ff28078e56: shutdown FollowerState
2019-09-25 07:32:14,842 [Thread-209] INFO  impl.RaftServerImpl (RaftServerImpl.java:setRole(174)) - 202d3a0a-92d1-410a-a5b1-c2ff28078e56@group-8EC8187E1185: changes role from  FOLLOWER to CANDIDATE at term 0 for changeToCandidate
2019-09-25 07:32:14,842 [Thread-209] INFO  impl.RoleInfo (RoleInfo.java:updateAndGet(143)) - 202d3a0a-92d1-410a-a5b1-c2ff28078e56: start LeaderElection
2019-09-25 07:32:14,862 [202d3a0a-92d1-410a-a5b1-c2ff28078e56@group-8EC8187E1185:LeaderElection10] INFO  impl.LeaderElection (LeaderElection.java:askForVotes(182)) - 202d3a0a-92d1-410a-a5b1-c2ff28078e56@group-8EC8187E1185:LeaderElection10: begin an election at term 1 for -1: [202d3a0a-92d1-410a-a5b1-c2ff28078e56:192.168.151.106:44257], old=null
2019-09-25 07:32:14,862 [202d3a0a-92d1-410a-a5b1-c2ff28078e56@group-19250B121ED7:LeaderElection9] INFO  impl.LeaderElection (LeaderElection.java:askForVotes(182)) - 202d3a0a-92d1-410a-a5b1-c2ff28078e56@group-19250B121ED7:LeaderElection9: begin an election at term 1 for -1: [202d3a0a-92d1-410a-a5b1-c2ff28078e56:192.168.151.106:44257], old=null
2019-09-25 07:32:14,862 [202d3a0a-92d1-410a-a5b1-c2ff28078e56@group-8EC8187E1185:LeaderElection10] INFO  impl.RoleInfo (RoleInfo.java:shutdownLeaderElection(134)) - 202d3a0a-92d1-410a-a5b1-c2ff28078e56: shutdown LeaderElection
2019-09-25 07:32:14,862 [202d3a0a-92d1-410a-a5b1-c2ff28078e56@group-19250B121ED7:LeaderElection9] INFO  impl.RoleInfo (RoleInfo.java:shutdownLeaderElection(134)) - 202d3a0a-92d1-410a-a5b1-c2ff28078e56: shutdown LeaderElection
2019-09-25 07:32:14,862 [202d3a0a-92d1-410a-a5b1-c2ff28078e56@group-8EC8187E1185:LeaderElection10] INFO  impl.RaftServerImpl (RaftServerImpl.java:setRole(174)) - 202d3a0a-92d1-410a-a5b1-c2ff28078e56@group-8EC8187E1185: changes role from CANDIDATE to LEADER at term 1 for changeToLeader
2019-09-25 07:32:14,862 [202d3a0a-92d1-410a-a5b1-c2ff28078e56@group-19250B121ED7:LeaderElection9] INFO  impl.RaftServerImpl (RaftServerImpl.java:setRole(174)) - 202d3a0a-92d1-410a-a5b1-c2ff28078e56@group-19250B121ED7: changes role from CANDIDATE to LEADER at term 1 for changeToLeader
2019-09-25 07:32:14,862 [202d3a0a-92d1-410a-a5b1-c2ff28078e56@group-8EC8187E1185:LeaderElection10] INFO  impl.RaftServerImpl (ServerState.java:setLeader(253)) - 202d3a0a-92d1-410a-a5b1-c2ff28078e56@group-8EC8187E1185: change Leader from null to 202d3a0a-92d1-410a-a5b1-c2ff28078e56 at term 1 for becomeLeader, leader elected after 5085ms
2019-09-25 07:32:14,862 [202d3a0a-92d1-410a-a5b1-c2ff28078e56@group-19250B121ED7:LeaderElection9] INFO  impl.RaftServerImpl (ServerState.java:setLeader(253)) - 202d3a0a-92d1-410a-a5b1-c2ff28078e56@group-19250B121ED7: change Leader from null to 202d3a0a-92d1-410a-a5b1-c2ff28078e56 at term 1 for becomeLeader, leader elected after 5179ms
2019-09-25 07:32:14,863 [202d3a0a-92d1-410a-a5b1-c2ff28078e56@group-8EC8187E1185:LeaderElection10] INFO  server.RaftServerConfigKeys (ConfUtils.java:logGet(43)) - raft.server.staging.catchup.gap = 1000 (default)
2019-09-25 07:32:14,863 [202d3a0a-92d1-410a-a5b1-c2ff28078e56@group-19250B121ED7:LeaderElection9] INFO  server.RaftServerConfigKeys (ConfUtils.java:logGet(43)) - raft.server.staging.catchup.gap = 1000 (default)
2019-09-25 07:32:14,863 [202d3a0a-92d1-410a-a5b1-c2ff28078e56@group-8EC8187E1185:LeaderElection10] INFO  server.RaftServerConfigKeys (ConfUtils.java:logGet(43)) - raft.server.rpc.sleep.time = 25ms (default)
2019-09-25 07:32:14,864 [202d3a0a-92d1-410a-a5b1-c2ff28078e56@group-19250B121ED7:LeaderElection9] INFO  server.RaftServerConfigKeys (ConfUtils.java:logGet(43)) - raft.server.rpc.sleep.time = 25ms (default)
2019-09-25 07:32:14,865 [202d3a0a-92d1-410a-a5b1-c2ff28078e56@group-8EC8187E1185:LeaderElection10] INFO  server.RaftServerConfigKeys (ConfUtils.java:logGet(43)) - raft.server.write.element-limit = 4096 (default)
2019-09-25 07:32:14,865 [202d3a0a-92d1-410a-a5b1-c2ff28078e56@group-19250B121ED7:LeaderElection9] INFO  server.RaftServerConfigKeys (ConfUtils.java:logGet(43)) - raft.server.write.element-limit = 4096 (default)
2019-09-25 07:32:14,865 [202d3a0a-92d1-410a-a5b1-c2ff28078e56@group-8EC8187E1185:LeaderElection10] INFO  server.RaftServerConfigKeys (ConfUtils.java:logGet(43)) - raft.server.watch.timeout = 10s (default)
2019-09-25 07:32:14,865 [202d3a0a-92d1-410a-a5b1-c2ff28078e56@group-19250B121ED7:LeaderElection9] INFO  server.RaftServerConfigKeys (ConfUtils.java:logGet(43)) - raft.server.watch.timeout = 10s (default)
2019-09-25 07:32:14,865 [202d3a0a-92d1-410a-a5b1-c2ff28078e56@group-8EC8187E1185:LeaderElection10] INFO  server.RaftServerConfigKeys (ConfUtils.java:logGet(43)) - raft.server.watch.timeout.denomination = 1s (default)
2019-09-25 07:32:14,865 [202d3a0a-92d1-410a-a5b1-c2ff28078e56@group-19250B121ED7:LeaderElection9] INFO  server.RaftServerConfigKeys (ConfUtils.java:logGet(43)) - raft.server.watch.timeout.denomination = 1s (default)
2019-09-25 07:32:14,866 [202d3a0a-92d1-410a-a5b1-c2ff28078e56@group-8EC8187E1185:LeaderElection10] INFO  server.RaftServerConfigKeys (ConfUtils.java:logGet(43)) - raft.server.watch.element-limit = 65536 (default)
2019-09-25 07:32:14,866 [202d3a0a-92d1-410a-a5b1-c2ff28078e56@group-19250B121ED7:LeaderElection9] INFO  server.RaftServerConfigKeys (ConfUtils.java:logGet(43)) - raft.server.watch.element-limit = 65536 (default)
2019-09-25 07:32:14,869 [202d3a0a-92d1-410a-a5b1-c2ff28078e56@group-8EC8187E1185:LeaderElection10] INFO  impl.RoleInfo (RoleInfo.java:updateAndGet(143)) - 202d3a0a-92d1-410a-a5b1-c2ff28078e56: start LeaderState
2019-09-25 07:32:14,869 [202d3a0a-92d1-410a-a5b1-c2ff28078e56@group-8EC8187E1185:LeaderElection10] INFO  segmented.SegmentedRaftLogWorker (SegmentedRaftLogWorker.java:startLogSegment(380)) - 202d3a0a-92d1-410a-a5b1-c2ff28078e56@group-8EC8187E1185-SegmentedRaftLogWorker: Starting segment from index:0
2019-09-25 07:32:14,870 [202d3a0a-92d1-410a-a5b1-c2ff28078e56@group-19250B121ED7:LeaderElection9] INFO  impl.RoleInfo (RoleInfo.java:updateAndGet(143)) - 202d3a0a-92d1-410a-a5b1-c2ff28078e56: start LeaderState
2019-09-25 07:32:14,870 [202d3a0a-92d1-410a-a5b1-c2ff28078e56@group-8EC8187E1185:LeaderElection10] INFO  impl.RaftServerImpl (ServerState.java:setRaftConf(354)) - 202d3a0a-92d1-410a-a5b1-c2ff28078e56@group-8EC8187E1185: set configuration 0: [202d3a0a-92d1-410a-a5b1-c2ff28078e56:192.168.151.106:44257], old=null at 0
2019-09-25 07:32:14,870 [202d3a0a-92d1-410a-a5b1-c2ff28078e56@group-19250B121ED7:LeaderElection9] INFO  segmented.SegmentedRaftLogWorker (SegmentedRaftLogWorker.java:startLogSegment(380)) - 202d3a0a-92d1-410a-a5b1-c2ff28078e56@group-19250B121ED7-SegmentedRaftLogWorker: Starting segment from index:0
2019-09-25 07:32:14,908 [202d3a0a-92d1-410a-a5b1-c2ff28078e56@group-19250B121ED7:LeaderElection9] INFO  impl.RaftServerImpl (ServerState.java:setRaftConf(354)) - 202d3a0a-92d1-410a-a5b1-c2ff28078e56@group-19250B121ED7: set configuration 0: [202d3a0a-92d1-410a-a5b1-c2ff28078e56:192.168.151.106:44257], old=null at 0
 0.00% |█                                                                                                    |  0/1 Time: 0:00:052019-09-25 07:32:14,931 [202d3a0a-92d1-410a-a5b1-c2ff28078e56@group-8EC8187E1185-SegmentedRaftLogWorker] INFO  segmented.SegmentedRaftLogWorker (SegmentedRaftLogWorker.java:execute(569)) - 202d3a0a-92d1-410a-a5b1-c2ff28078e56@group-8EC8187E1185-SegmentedRaftLogWorker: created new log segment /workdir/hadoop-ozone/tools/target/test-dir/MiniOzoneClusterImpl-74379f76-0ce6-44ed-853e-bfc2db7901f5/datanode-2/data/ratis/3a56b542-7b98-45af-9157-8ec8187e1185/current/log_inprogress_0
2019-09-25 07:32:14,959 [202d3a0a-92d1-410a-a5b1-c2ff28078e56@group-19250B121ED7-SegmentedRaftLogWorker] INFO  segmented.SegmentedRaftLogWorker (SegmentedRaftLogWorker.java:execute(569)) - 202d3a0a-92d1-410a-a5b1-c2ff28078e56@group-19250B121ED7-SegmentedRaftLogWorker: created new log segment /workdir/hadoop-ozone/tools/target/test-dir/MiniOzoneClusterImpl-74379f76-0ce6-44ed-853e-bfc2db7901f5/datanode-2/data/ratis/539a78b4-636f-44e2-b3d3-19250b121ed7/current/log_inprogress_0
2019-09-25 07:32:14,976 [Thread-212] INFO  impl.FollowerState (FollowerState.java:run(106)) - c49662a2-8e37-45f0-9294-af49a4d2b7d6:group-0B5F76B34BFB changes to CANDIDATE, lastRpcTime:5089, electionTimeout:5088ms
2019-09-25 07:32:14,976 [Thread-212] INFO  impl.RoleInfo (RoleInfo.java:shutdownFollowerState(121)) - c49662a2-8e37-45f0-9294-af49a4d2b7d6: shutdown FollowerState
2019-09-25 07:32:14,977 [Thread-212] INFO  impl.RaftServerImpl (RaftServerImpl.java:setRole(174)) - c49662a2-8e37-45f0-9294-af49a4d2b7d6@group-0B5F76B34BFB: changes role from  FOLLOWER to CANDIDATE at term 0 for changeToCandidate
2019-09-25 07:32:14,977 [Thread-212] INFO  impl.RoleInfo (RoleInfo.java:updateAndGet(143)) - c49662a2-8e37-45f0-9294-af49a4d2b7d6: start LeaderElection
2019-09-25 07:32:15,005 [c49662a2-8e37-45f0-9294-af49a4d2b7d6@group-0B5F76B34BFB:LeaderElection11] INFO  impl.LeaderElection (LeaderElection.java:askForVotes(182)) - c49662a2-8e37-45f0-9294-af49a4d2b7d6@group-0B5F76B34BFB:LeaderElection11: begin an election at term 1 for -1: [c49662a2-8e37-45f0-9294-af49a4d2b7d6:192.168.151.106:44905], old=null
2019-09-25 07:32:15,005 [c49662a2-8e37-45f0-9294-af49a4d2b7d6@group-0B5F76B34BFB:LeaderElection11] INFO  impl.RoleInfo (RoleInfo.java:shutdownLeaderElection(134)) - c49662a2-8e37-45f0-9294-af49a4d2b7d6: shutdown LeaderElection
2019-09-25 07:32:15,005 [c49662a2-8e37-45f0-9294-af49a4d2b7d6@group-0B5F76B34BFB:LeaderElection11] INFO  impl.RaftServerImpl (RaftServerImpl.java:setRole(174)) - c49662a2-8e37-45f0-9294-af49a4d2b7d6@group-0B5F76B34BFB: changes role from CANDIDATE to LEADER at term 1 for changeToLeader
2019-09-25 07:32:15,005 [c49662a2-8e37-45f0-9294-af49a4d2b7d6@group-0B5F76B34BFB:LeaderElection11] INFO  impl.RaftServerImpl (ServerState.java:setLeader(253)) - c49662a2-8e37-45f0-9294-af49a4d2b7d6@group-0B5F76B34BFB: change Leader from null to c49662a2-8e37-45f0-9294-af49a4d2b7d6 at term 1 for becomeLeader, leader elected after 5126ms
2019-09-25 07:32:15,005 [c49662a2-8e37-45f0-9294-af49a4d2b7d6@group-0B5F76B34BFB:LeaderElection11] INFO  server.RaftServerConfigKeys (ConfUtils.java:logGet(43)) - raft.server.staging.catchup.gap = 1000 (default)
2019-09-25 07:32:15,006 [c49662a2-8e37-45f0-9294-af49a4d2b7d6@group-0B5F76B34BFB:LeaderElection11] INFO  server.RaftServerConfigKeys (ConfUtils.java:logGet(43)) - raft.server.rpc.sleep.time = 25ms (default)
2019-09-25 07:32:15,006 [c49662a2-8e37-45f0-9294-af49a4d2b7d6@group-0B5F76B34BFB:LeaderElection11] INFO  server.RaftServerConfigKeys (ConfUtils.java:logGet(43)) - raft.server.write.element-limit = 4096 (default)
2019-09-25 07:32:15,006 [c49662a2-8e37-45f0-9294-af49a4d2b7d6@group-0B5F76B34BFB:LeaderElection11] INFO  server.RaftServerConfigKeys (ConfUtils.java:logGet(43)) - raft.server.watch.timeout = 10s (default)
2019-09-25 07:32:15,006 [c49662a2-8e37-45f0-9294-af49a4d2b7d6@group-0B5F76B34BFB:LeaderElection11] INFO  server.RaftServerConfigKeys (ConfUtils.java:logGet(43)) - raft.server.watch.timeout.denomination = 1s (default)
2019-09-25 07:32:15,006 [c49662a2-8e37-45f0-9294-af49a4d2b7d6@group-0B5F76B34BFB:LeaderElection11] INFO  server.RaftServerConfigKeys (ConfUtils.java:logGet(43)) - raft.server.watch.element-limit = 65536 (default)
2019-09-25 07:32:15,010 [c49662a2-8e37-45f0-9294-af49a4d2b7d6@group-0B5F76B34BFB:LeaderElection11] INFO  impl.RoleInfo (RoleInfo.java:updateAndGet(143)) - c49662a2-8e37-45f0-9294-af49a4d2b7d6: start LeaderState
2019-09-25 07:32:15,010 [c49662a2-8e37-45f0-9294-af49a4d2b7d6@group-0B5F76B34BFB:LeaderElection11] INFO  segmented.SegmentedRaftLogWorker (SegmentedRaftLogWorker.java:startLogSegment(380)) - c49662a2-8e37-45f0-9294-af49a4d2b7d6@group-0B5F76B34BFB-SegmentedRaftLogWorker: Starting segment from index:0
2019-09-25 07:32:15,011 [c49662a2-8e37-45f0-9294-af49a4d2b7d6@group-0B5F76B34BFB:LeaderElection11] INFO  impl.RaftServerImpl (ServerState.java:setRaftConf(354)) - c49662a2-8e37-45f0-9294-af49a4d2b7d6@group-0B5F76B34BFB: set configuration 0: [c49662a2-8e37-45f0-9294-af49a4d2b7d6:192.168.151.106:44905], old=null at 0
2019-09-25 07:32:15,054 [Thread-219] INFO  impl.FollowerState (FollowerState.java:run(106)) - 202d3a0a-92d1-410a-a5b1-c2ff28078e56:group-D8DF43FE3B59 changes to CANDIDATE, lastRpcTime:5082, electionTimeout:5082ms
2019-09-25 07:32:15,054 [Thread-219] INFO  impl.RoleInfo (RoleInfo.java:shutdownFollowerState(121)) - 202d3a0a-92d1-410a-a5b1-c2ff28078e56: shutdown FollowerState
2019-09-25 07:32:15,055 [Thread-219] INFO  impl.RaftServerImpl (RaftServerImpl.java:setRole(174)) - 202d3a0a-92d1-410a-a5b1-c2ff28078e56@group-D8DF43FE3B59: changes role from  FOLLOWER to CANDIDATE at term 0 for changeToCandidate
2019-09-25 07:32:15,055 [Thread-219] INFO  impl.RoleInfo (RoleInfo.java:updateAndGet(143)) - 202d3a0a-92d1-410a-a5b1-c2ff28078e56: start LeaderElection
2019-09-25 07:32:15,075 [c49662a2-8e37-45f0-9294-af49a4d2b7d6@group-0B5F76B34BFB-SegmentedRaftLogWorker] INFO  segmented.SegmentedRaftLogWorker (SegmentedRaftLogWorker.java:execute(569)) - c49662a2-8e37-45f0-9294-af49a4d2b7d6@group-0B5F76B34BFB-SegmentedRaftLogWorker: created new log segment /workdir/hadoop-ozone/tools/target/test-dir/MiniOzoneClusterImpl-74379f76-0ce6-44ed-853e-bfc2db7901f5/datanode-0/data/ratis/0b7ccd70-bae8-4502-b476-0b5f76b34bfb/current/log_inprogress_0
2019-09-25 07:32:15,075 [202d3a0a-92d1-410a-a5b1-c2ff28078e56@group-D8DF43FE3B59:LeaderElection12] INFO  impl.LeaderElection (LeaderElection.java:askForVotes(182)) - 202d3a0a-92d1-410a-a5b1-c2ff28078e56@group-D8DF43FE3B59:LeaderElection12: begin an election at term 1 for -1: [202d3a0a-92d1-410a-a5b1-c2ff28078e56:192.168.151.106:44257], old=null
2019-09-25 07:32:15,076 [202d3a0a-92d1-410a-a5b1-c2ff28078e56@group-D8DF43FE3B59:LeaderElection12] INFO  impl.RoleInfo (RoleInfo.java:shutdownLeaderElection(134)) - 202d3a0a-92d1-410a-a5b1-c2ff28078e56: shutdown LeaderElection
2019-09-25 07:32:15,076 [202d3a0a-92d1-410a-a5b1-c2ff28078e56@group-D8DF43FE3B59:LeaderElection12] INFO  impl.RaftServerImpl (RaftServerImpl.java:setRole(174)) - 202d3a0a-92d1-410a-a5b1-c2ff28078e56@group-D8DF43FE3B59: changes role from CANDIDATE to LEADER at term 1 for changeToLeader
2019-09-25 07:32:15,076 [202d3a0a-92d1-410a-a5b1-c2ff28078e56@group-D8DF43FE3B59:LeaderElection12] INFO  impl.RaftServerImpl (ServerState.java:setLeader(253)) - 202d3a0a-92d1-410a-a5b1-c2ff28078e56@group-D8DF43FE3B59: change Leader from null to 202d3a0a-92d1-410a-a5b1-c2ff28078e56 at term 1 for becomeLeader, leader elected after 5112ms
2019-09-25 07:32:15,076 [202d3a0a-92d1-410a-a5b1-c2ff28078e56@group-D8DF43FE3B59:LeaderElection12] INFO  server.RaftServerConfigKeys (ConfUtils.java:logGet(43)) - raft.server.staging.catchup.gap = 1000 (default)
2019-09-25 07:32:15,076 [202d3a0a-92d1-410a-a5b1-c2ff28078e56@group-D8DF43FE3B59:LeaderElection12] INFO  server.RaftServerConfigKeys (ConfUtils.java:logGet(43)) - raft.server.rpc.sleep.time = 25ms (default)
2019-09-25 07:32:15,076 [202d3a0a-92d1-410a-a5b1-c2ff28078e56@group-D8DF43FE3B59:LeaderElection12] INFO  server.RaftServerConfigKeys (ConfUtils.java:logGet(43)) - raft.server.write.element-limit = 4096 (default)
2019-09-25 07:32:15,077 [202d3a0a-92d1-410a-a5b1-c2ff28078e56@group-D8DF43FE3B59:LeaderElection12] INFO  server.RaftServerConfigKeys (ConfUtils.java:logGet(43)) - raft.server.watch.timeout = 10s (default)
2019-09-25 07:32:15,077 [202d3a0a-92d1-410a-a5b1-c2ff28078e56@group-D8DF43FE3B59:LeaderElection12] INFO  server.RaftServerConfigKeys (ConfUtils.java:logGet(43)) - raft.server.watch.timeout.denomination = 1s (default)
2019-09-25 07:32:15,077 [202d3a0a-92d1-410a-a5b1-c2ff28078e56@group-D8DF43FE3B59:LeaderElection12] INFO  server.RaftServerConfigKeys (ConfUtils.java:logGet(43)) - raft.server.watch.element-limit = 65536 (default)
2019-09-25 07:32:15,080 [202d3a0a-92d1-410a-a5b1-c2ff28078e56@group-D8DF43FE3B59:LeaderElection12] INFO  impl.RoleInfo (RoleInfo.java:updateAndGet(143)) - 202d3a0a-92d1-410a-a5b1-c2ff28078e56: start LeaderState
2019-09-25 07:32:15,080 [202d3a0a-92d1-410a-a5b1-c2ff28078e56@group-D8DF43FE3B59:LeaderElection12] INFO  segmented.SegmentedRaftLogWorker (SegmentedRaftLogWorker.java:startLogSegment(380)) - 202d3a0a-92d1-410a-a5b1-c2ff28078e56@group-D8DF43FE3B59-SegmentedRaftLogWorker: Starting segment from index:0
2019-09-25 07:32:15,081 [202d3a0a-92d1-410a-a5b1-c2ff28078e56@group-D8DF43FE3B59:LeaderElection12] INFO  impl.RaftServerImpl (ServerState.java:setRaftConf(354)) - 202d3a0a-92d1-410a-a5b1-c2ff28078e56@group-D8DF43FE3B59: set configuration 0: [202d3a0a-92d1-410a-a5b1-c2ff28078e56:192.168.151.106:44257], old=null at 0
2019-09-25 07:32:15,155 [202d3a0a-92d1-410a-a5b1-c2ff28078e56@group-D8DF43FE3B59-SegmentedRaftLogWorker] INFO  segmented.SegmentedRaftLogWorker (SegmentedRaftLogWorker.java:execute(569)) - 202d3a0a-92d1-410a-a5b1-c2ff28078e56@group-D8DF43FE3B59-SegmentedRaftLogWorker: created new log segment /workdir/hadoop-ozone/tools/target/test-dir/MiniOzoneClusterImpl-74379f76-0ce6-44ed-853e-bfc2db7901f5/datanode-2/data/ratis/8226de38-ea8b-4538-932f-d8df43fe3b59/current/log_inprogress_0
2019-09-25 07:32:15,173 [Thread-225] INFO  impl.FollowerState (FollowerState.java:run(106)) - c49662a2-8e37-45f0-9294-af49a4d2b7d6:group-DFE6AB621CF8 changes to CANDIDATE, lastRpcTime:5052, electionTimeout:5052ms
2019-09-25 07:32:15,174 [Thread-225] INFO  impl.RoleInfo (RoleInfo.java:shutdownFollowerState(121)) - c49662a2-8e37-45f0-9294-af49a4d2b7d6: shutdown FollowerState
2019-09-25 07:32:15,174 [Thread-225] INFO  impl.RaftServerImpl (RaftServerImpl.java:setRole(174)) - c49662a2-8e37-45f0-9294-af49a4d2b7d6@group-DFE6AB621CF8: changes role from  FOLLOWER to CANDIDATE at term 0 for changeToCandidate
2019-09-25 07:32:15,174 [Thread-225] INFO  impl.RoleInfo (RoleInfo.java:updateAndGet(143)) - c49662a2-8e37-45f0-9294-af49a4d2b7d6: start LeaderElection
2019-09-25 07:32:15,201 [c49662a2-8e37-45f0-9294-af49a4d2b7d6@group-DFE6AB621CF8:LeaderElection13] INFO  impl.LeaderElection (LeaderElection.java:askForVotes(182)) - c49662a2-8e37-45f0-9294-af49a4d2b7d6@group-DFE6AB621CF8:LeaderElection13: begin an election at term 1 for -1: [c49662a2-8e37-45f0-9294-af49a4d2b7d6:192.168.151.106:44905], old=null
2019-09-25 07:32:15,201 [c49662a2-8e37-45f0-9294-af49a4d2b7d6@group-DFE6AB621CF8:LeaderElection13] INFO  impl.RoleInfo (RoleInfo.java:shutdownLeaderElection(134)) - c49662a2-8e37-45f0-9294-af49a4d2b7d6: shutdown LeaderElection
2019-09-25 07:32:15,201 [c49662a2-8e37-45f0-9294-af49a4d2b7d6@group-DFE6AB621CF8:LeaderElection13] INFO  impl.RaftServerImpl (RaftServerImpl.java:setRole(174)) - c49662a2-8e37-45f0-9294-af49a4d2b7d6@group-DFE6AB621CF8: changes role from CANDIDATE to LEADER at term 1 for changeToLeader
2019-09-25 07:32:15,202 [c49662a2-8e37-45f0-9294-af49a4d2b7d6@group-DFE6AB621CF8:LeaderElection13] INFO  impl.RaftServerImpl (ServerState.java:setLeader(253)) - c49662a2-8e37-45f0-9294-af49a4d2b7d6@group-DFE6AB621CF8: change Leader from null to c49662a2-8e37-45f0-9294-af49a4d2b7d6 at term 1 for becomeLeader, leader elected after 5091ms
2019-09-25 07:32:15,202 [c49662a2-8e37-45f0-9294-af49a4d2b7d6@group-DFE6AB621CF8:LeaderElection13] INFO  server.RaftServerConfigKeys (ConfUtils.java:logGet(43)) - raft.server.staging.catchup.gap = 1000 (default)
2019-09-25 07:32:15,202 [c49662a2-8e37-45f0-9294-af49a4d2b7d6@group-DFE6AB621CF8:LeaderElection13] INFO  server.RaftServerConfigKeys (ConfUtils.java:logGet(43)) - raft.server.rpc.sleep.time = 25ms (default)
2019-09-25 07:32:15,202 [c49662a2-8e37-45f0-9294-af49a4d2b7d6@group-DFE6AB621CF8:LeaderElection13] INFO  server.RaftServerConfigKeys (ConfUtils.java:logGet(43)) - raft.server.write.element-limit = 4096 (default)
2019-09-25 07:32:15,202 [c49662a2-8e37-45f0-9294-af49a4d2b7d6@group-DFE6AB621CF8:LeaderElection13] INFO  server.RaftServerConfigKeys (ConfUtils.java:logGet(43)) - raft.server.watch.timeout = 10s (default)
2019-09-25 07:32:15,202 [c49662a2-8e37-45f0-9294-af49a4d2b7d6@group-DFE6AB621CF8:LeaderElection13] INFO  server.RaftServerConfigKeys (ConfUtils.java:logGet(43)) - raft.server.watch.timeout.denomination = 1s (default)
2019-09-25 07:32:15,203 [c49662a2-8e37-45f0-9294-af49a4d2b7d6@group-DFE6AB621CF8:LeaderElection13] INFO  server.RaftServerConfigKeys (ConfUtils.java:logGet(43)) - raft.server.watch.element-limit = 65536 (default)
2019-09-25 07:32:15,205 [c49662a2-8e37-45f0-9294-af49a4d2b7d6@group-DFE6AB621CF8:LeaderElection13] INFO  impl.RoleInfo (RoleInfo.java:updateAndGet(143)) - c49662a2-8e37-45f0-9294-af49a4d2b7d6: start LeaderState
2019-09-25 07:32:15,206 [c49662a2-8e37-45f0-9294-af49a4d2b7d6@group-DFE6AB621CF8:LeaderElection13] INFO  segmented.SegmentedRaftLogWorker (SegmentedRaftLogWorker.java:startLogSegment(380)) - c49662a2-8e37-45f0-9294-af49a4d2b7d6@group-DFE6AB621CF8-SegmentedRaftLogWorker: Starting segment from index:0
2019-09-25 07:32:15,206 [c49662a2-8e37-45f0-9294-af49a4d2b7d6@group-DFE6AB621CF8:LeaderElection13] INFO  impl.RaftServerImpl (ServerState.java:setRaftConf(354)) - c49662a2-8e37-45f0-9294-af49a4d2b7d6@group-DFE6AB621CF8: set configuration 0: [c49662a2-8e37-45f0-9294-af49a4d2b7d6:192.168.151.106:44905], old=null at 0
2019-09-25 07:32:15,247 [Thread-222] INFO  impl.FollowerState (FollowerState.java:run(106)) - bb17b402-82ee-4379-828e-7ca8ec673ddb:group-BE981D18E9B9 changes to CANDIDATE, lastRpcTime:5200, electionTimeout:5198ms
2019-09-25 07:32:15,248 [Thread-222] INFO  impl.RoleInfo (RoleInfo.java:shutdownFollowerState(121)) - bb17b402-82ee-4379-828e-7ca8ec673ddb: shutdown FollowerState
2019-09-25 07:32:15,249 [Thread-222] INFO  impl.RaftServerImpl (RaftServerImpl.java:setRole(174)) - bb17b402-82ee-4379-828e-7ca8ec673ddb@group-BE981D18E9B9: changes role from  FOLLOWER to CANDIDATE at term 0 for changeToCandidate
2019-09-25 07:32:15,249 [Thread-222] INFO  impl.RoleInfo (RoleInfo.java:updateAndGet(143)) - bb17b402-82ee-4379-828e-7ca8ec673ddb: start LeaderElection
2019-09-25 07:32:15,270 [c49662a2-8e37-45f0-9294-af49a4d2b7d6@group-DFE6AB621CF8-SegmentedRaftLogWorker] INFO  segmented.SegmentedRaftLogWorker (SegmentedRaftLogWorker.java:execute(569)) - c49662a2-8e37-45f0-9294-af49a4d2b7d6@group-DFE6AB621CF8-SegmentedRaftLogWorker: created new log segment /workdir/hadoop-ozone/tools/target/test-dir/MiniOzoneClusterImpl-74379f76-0ce6-44ed-853e-bfc2db7901f5/datanode-0/data/ratis/3d6b8f01-e9f4-47a0-a7a0-dfe6ab621cf8/current/log_inprogress_0
2019-09-25 07:32:15,270 [bb17b402-82ee-4379-828e-7ca8ec673ddb@group-BE981D18E9B9:LeaderElection14] INFO  impl.LeaderElection (LeaderElection.java:askForVotes(182)) - bb17b402-82ee-4379-828e-7ca8ec673ddb@group-BE981D18E9B9:LeaderElection14: begin an election at term 1 for -1: [bb17b402-82ee-4379-828e-7ca8ec673ddb:192.168.151.106:35392], old=null
2019-09-25 07:32:15,270 [bb17b402-82ee-4379-828e-7ca8ec673ddb@group-BE981D18E9B9:LeaderElection14] INFO  impl.RoleInfo (RoleInfo.java:shutdownLeaderElection(134)) - bb17b402-82ee-4379-828e-7ca8ec673ddb: shutdown LeaderElection
2019-09-25 07:32:15,270 [bb17b402-82ee-4379-828e-7ca8ec673ddb@group-BE981D18E9B9:LeaderElection14] INFO  impl.RaftServerImpl (RaftServerImpl.java:setRole(174)) - bb17b402-82ee-4379-828e-7ca8ec673ddb@group-BE981D18E9B9: changes role from CANDIDATE to LEADER at term 1 for changeToLeader
2019-09-25 07:32:15,270 [bb17b402-82ee-4379-828e-7ca8ec673ddb@group-BE981D18E9B9:LeaderElection14] INFO  impl.RaftServerImpl (ServerState.java:setLeader(253)) - bb17b402-82ee-4379-828e-7ca8ec673ddb@group-BE981D18E9B9: change Leader from null to bb17b402-82ee-4379-828e-7ca8ec673ddb at term 1 for becomeLeader, leader elected after 5231ms
2019-09-25 07:32:15,271 [bb17b402-82ee-4379-828e-7ca8ec673ddb@group-BE981D18E9B9:LeaderElection14] INFO  server.RaftServerConfigKeys (ConfUtils.java:logGet(43)) - raft.server.staging.catchup.gap = 1000 (default)
2019-09-25 07:32:15,271 [bb17b402-82ee-4379-828e-7ca8ec673ddb@group-BE981D18E9B9:LeaderElection14] INFO  server.RaftServerConfigKeys (ConfUtils.java:logGet(43)) - raft.server.rpc.sleep.time = 25ms (default)
2019-09-25 07:32:15,271 [bb17b402-82ee-4379-828e-7ca8ec673ddb@group-BE981D18E9B9:LeaderElection14] INFO  server.RaftServerConfigKeys (ConfUtils.java:logGet(43)) - raft.server.write.element-limit = 4096 (default)
2019-09-25 07:32:15,271 [bb17b402-82ee-4379-828e-7ca8ec673ddb@group-BE981D18E9B9:LeaderElection14] INFO  server.RaftServerConfigKeys (ConfUtils.java:logGet(43)) - raft.server.watch.timeout = 10s (default)
2019-09-25 07:32:15,271 [bb17b402-82ee-4379-828e-7ca8ec673ddb@group-BE981D18E9B9:LeaderElection14] INFO  server.RaftServerConfigKeys (ConfUtils.java:logGet(43)) - raft.server.watch.timeout.denomination = 1s (default)
2019-09-25 07:32:15,272 [bb17b402-82ee-4379-828e-7ca8ec673ddb@group-BE981D18E9B9:LeaderElection14] INFO  server.RaftServerConfigKeys (ConfUtils.java:logGet(43)) - raft.server.watch.element-limit = 65536 (default)
2019-09-25 07:32:15,276 [bb17b402-82ee-4379-828e-7ca8ec673ddb@group-BE981D18E9B9:LeaderElection14] INFO  impl.RoleInfo (RoleInfo.java:updateAndGet(143)) - bb17b402-82ee-4379-828e-7ca8ec673ddb: start LeaderState
2019-09-25 07:32:15,276 [bb17b402-82ee-4379-828e-7ca8ec673ddb@group-BE981D18E9B9:LeaderElection14] INFO  segmented.SegmentedRaftLogWorker (SegmentedRaftLogWorker.java:startLogSegment(380)) - bb17b402-82ee-4379-828e-7ca8ec673ddb@group-BE981D18E9B9-SegmentedRaftLogWorker: Starting segment from index:0
2019-09-25 07:32:15,277 [bb17b402-82ee-4379-828e-7ca8ec673ddb@group-BE981D18E9B9:LeaderElection14] INFO  impl.RaftServerImpl (ServerState.java:setRaftConf(354)) - bb17b402-82ee-4379-828e-7ca8ec673ddb@group-BE981D18E9B9: set configuration 0: [bb17b402-82ee-4379-828e-7ca8ec673ddb:192.168.151.106:35392], old=null at 0
2019-09-25 07:32:15,334 [Thread-228] INFO  impl.FollowerState (FollowerState.java:run(106)) - bb17b402-82ee-4379-828e-7ca8ec673ddb:group-64E6301E4917 changes to CANDIDATE, lastRpcTime:5130, electionTimeout:5130ms
2019-09-25 07:32:15,335 [Thread-228] INFO  impl.RoleInfo (RoleInfo.java:shutdownFollowerState(121)) - bb17b402-82ee-4379-828e-7ca8ec673ddb: shutdown FollowerState
2019-09-25 07:32:15,335 [Thread-228] INFO  impl.RaftServerImpl (RaftServerImpl.java:setRole(174)) - bb17b402-82ee-4379-828e-7ca8ec673ddb@group-64E6301E4917: changes role from  FOLLOWER to CANDIDATE at term 0 for changeToCandidate
2019-09-25 07:32:15,335 [Thread-228] INFO  impl.RoleInfo (RoleInfo.java:updateAndGet(143)) - bb17b402-82ee-4379-828e-7ca8ec673ddb: start LeaderElection
2019-09-25 07:32:15,337 [bb17b402-82ee-4379-828e-7ca8ec673ddb@group-BE981D18E9B9-SegmentedRaftLogWorker] INFO  segmented.SegmentedRaftLogWorker (SegmentedRaftLogWorker.java:execute(569)) - bb17b402-82ee-4379-828e-7ca8ec673ddb@group-BE981D18E9B9-SegmentedRaftLogWorker: created new log segment /workdir/hadoop-ozone/tools/target/test-dir/MiniOzoneClusterImpl-74379f76-0ce6-44ed-853e-bfc2db7901f5/datanode-1/data/ratis/fbb3e8e2-1bc4-4d09-b6a1-be981d18e9b9/current/log_inprogress_0
2019-09-25 07:32:15,352 [bb17b402-82ee-4379-828e-7ca8ec673ddb@group-64E6301E4917:LeaderElection15] INFO  impl.LeaderElection (LeaderElection.java:askForVotes(182)) - bb17b402-82ee-4379-828e-7ca8ec673ddb@group-64E6301E4917:LeaderElection15: begin an election at term 1 for -1: [bb17b402-82ee-4379-828e-7ca8ec673ddb:192.168.151.106:35392], old=null
2019-09-25 07:32:15,352 [bb17b402-82ee-4379-828e-7ca8ec673ddb@group-64E6301E4917:LeaderElection15] INFO  impl.RoleInfo (RoleInfo.java:shutdownLeaderElection(134)) - bb17b402-82ee-4379-828e-7ca8ec673ddb: shutdown LeaderElection
2019-09-25 07:32:15,352 [bb17b402-82ee-4379-828e-7ca8ec673ddb@group-64E6301E4917:LeaderElection15] INFO  impl.RaftServerImpl (RaftServerImpl.java:setRole(174)) - bb17b402-82ee-4379-828e-7ca8ec673ddb@group-64E6301E4917: changes role from CANDIDATE to LEADER at term 1 for changeToLeader
2019-09-25 07:32:15,352 [bb17b402-82ee-4379-828e-7ca8ec673ddb@group-64E6301E4917:LeaderElection15] INFO  impl.RaftServerImpl (ServerState.java:setLeader(253)) - bb17b402-82ee-4379-828e-7ca8ec673ddb@group-64E6301E4917: change Leader from null to bb17b402-82ee-4379-828e-7ca8ec673ddb at term 1 for becomeLeader, leader elected after 5155ms
2019-09-25 07:32:15,353 [bb17b402-82ee-4379-828e-7ca8ec673ddb@group-64E6301E4917:LeaderElection15] INFO  server.RaftServerConfigKeys (ConfUtils.java:logGet(43)) - raft.server.staging.catchup.gap = 1000 (default)
2019-09-25 07:32:15,353 [bb17b402-82ee-4379-828e-7ca8ec673ddb@group-64E6301E4917:LeaderElection15] INFO  server.RaftServerConfigKeys (ConfUtils.java:logGet(43)) - raft.server.rpc.sleep.time = 25ms (default)
2019-09-25 07:32:15,353 [bb17b402-82ee-4379-828e-7ca8ec673ddb@group-64E6301E4917:LeaderElection15] INFO  server.RaftServerConfigKeys (ConfUtils.java:logGet(43)) - raft.server.write.element-limit = 4096 (default)
2019-09-25 07:32:15,353 [bb17b402-82ee-4379-828e-7ca8ec673ddb@group-64E6301E4917:LeaderElection15] INFO  server.RaftServerConfigKeys (ConfUtils.java:logGet(43)) - raft.server.watch.timeout = 10s (default)
2019-09-25 07:32:15,353 [bb17b402-82ee-4379-828e-7ca8ec673ddb@group-64E6301E4917:LeaderElection15] INFO  server.RaftServerConfigKeys (ConfUtils.java:logGet(43)) - raft.server.watch.timeout.denomination = 1s (default)
2019-09-25 07:32:15,354 [bb17b402-82ee-4379-828e-7ca8ec673ddb@group-64E6301E4917:LeaderElection15] INFO  server.RaftServerConfigKeys (ConfUtils.java:logGet(43)) - raft.server.watch.element-limit = 65536 (default)
2019-09-25 07:32:15,357 [bb17b402-82ee-4379-828e-7ca8ec673ddb@group-64E6301E4917:LeaderElection15] INFO  impl.RoleInfo (RoleInfo.java:updateAndGet(143)) - bb17b402-82ee-4379-828e-7ca8ec673ddb: start LeaderState
2019-09-25 07:32:15,358 [bb17b402-82ee-4379-828e-7ca8ec673ddb@group-64E6301E4917:LeaderElection15] INFO  segmented.SegmentedRaftLogWorker (SegmentedRaftLogWorker.java:startLogSegment(380)) - bb17b402-82ee-4379-828e-7ca8ec673ddb@group-64E6301E4917-SegmentedRaftLogWorker: Starting segment from index:0
2019-09-25 07:32:15,358 [bb17b402-82ee-4379-828e-7ca8ec673ddb@group-64E6301E4917:LeaderElection15] INFO  impl.RaftServerImpl (ServerState.java:setRaftConf(354)) - bb17b402-82ee-4379-828e-7ca8ec673ddb@group-64E6301E4917: set configuration 0: [bb17b402-82ee-4379-828e-7ca8ec673ddb:192.168.151.106:35392], old=null at 0
2019-09-25 07:32:15,398 [Thread-231] INFO  impl.FollowerState (FollowerState.java:run(106)) - c49662a2-8e37-45f0-9294-af49a4d2b7d6:group-B34AD55AFDAC changes to CANDIDATE, lastRpcTime:5119, electionTimeout:5119ms
2019-09-25 07:32:15,398 [Thread-231] INFO  impl.RoleInfo (RoleInfo.java:shutdownFollowerState(121)) - c49662a2-8e37-45f0-9294-af49a4d2b7d6: shutdown FollowerState
2019-09-25 07:32:15,399 [Thread-231] INFO  impl.RaftServerImpl (RaftServerImpl.java:setRole(174)) - c49662a2-8e37-45f0-9294-af49a4d2b7d6@group-B34AD55AFDAC: changes role from  FOLLOWER to CANDIDATE at term 0 for changeToCandidate
2019-09-25 07:32:15,399 [Thread-231] INFO  impl.RoleInfo (RoleInfo.java:updateAndGet(143)) - c49662a2-8e37-45f0-9294-af49a4d2b7d6: start LeaderElection
2019-09-25 07:32:15,435 [bb17b402-82ee-4379-828e-7ca8ec673ddb@group-64E6301E4917-SegmentedRaftLogWorker] INFO  segmented.SegmentedRaftLogWorker (SegmentedRaftLogWorker.java:execute(569)) - bb17b402-82ee-4379-828e-7ca8ec673ddb@group-64E6301E4917-SegmentedRaftLogWorker: created new log segment /workdir/hadoop-ozone/tools/target/test-dir/MiniOzoneClusterImpl-74379f76-0ce6-44ed-853e-bfc2db7901f5/datanode-1/data/ratis/ab8c5e25-ecca-47d1-851c-64e6301e4917/current/log_inprogress_0
2019-09-25 07:32:15,447 [c49662a2-8e37-45f0-9294-af49a4d2b7d6@group-B34AD55AFDAC:LeaderElection16] INFO  impl.LeaderElection (LeaderElection.java:askForVotes(182)) - c49662a2-8e37-45f0-9294-af49a4d2b7d6@group-B34AD55AFDAC:LeaderElection16: begin an election at term 1 for -1: [c49662a2-8e37-45f0-9294-af49a4d2b7d6:192.168.151.106:44905], old=null
2019-09-25 07:32:15,447 [c49662a2-8e37-45f0-9294-af49a4d2b7d6@group-B34AD55AFDAC:LeaderElection16] INFO  impl.RoleInfo (RoleInfo.java:shutdownLeaderElection(134)) - c49662a2-8e37-45f0-9294-af49a4d2b7d6: shutdown LeaderElection
2019-09-25 07:32:15,447 [c49662a2-8e37-45f0-9294-af49a4d2b7d6@group-B34AD55AFDAC:LeaderElection16] INFO  impl.RaftServerImpl (RaftServerImpl.java:setRole(174)) - c49662a2-8e37-45f0-9294-af49a4d2b7d6@group-B34AD55AFDAC: changes role from CANDIDATE to LEADER at term 1 for changeToLeader
2019-09-25 07:32:15,447 [c49662a2-8e37-45f0-9294-af49a4d2b7d6@group-B34AD55AFDAC:LeaderElection16] INFO  impl.RaftServerImpl (ServerState.java:setLeader(253)) - c49662a2-8e37-45f0-9294-af49a4d2b7d6@group-B34AD55AFDAC: change Leader from null to c49662a2-8e37-45f0-9294-af49a4d2b7d6 at term 1 for becomeLeader, leader elected after 5175ms
2019-09-25 07:32:15,448 [c49662a2-8e37-45f0-9294-af49a4d2b7d6@group-B34AD55AFDAC:LeaderElection16] INFO  server.RaftServerConfigKeys (ConfUtils.java:logGet(43)) - raft.server.staging.catchup.gap = 1000 (default)
2019-09-25 07:32:15,449 [c49662a2-8e37-45f0-9294-af49a4d2b7d6@group-B34AD55AFDAC:LeaderElection16] INFO  server.RaftServerConfigKeys (ConfUtils.java:logGet(43)) - raft.server.rpc.sleep.time = 25ms (default)
2019-09-25 07:32:15,449 [c49662a2-8e37-45f0-9294-af49a4d2b7d6@group-B34AD55AFDAC:LeaderElection16] INFO  server.RaftServerConfigKeys (ConfUtils.java:logGet(43)) - raft.server.write.element-limit = 4096 (default)
2019-09-25 07:32:15,449 [c49662a2-8e37-45f0-9294-af49a4d2b7d6@group-B34AD55AFDAC:LeaderElection16] INFO  server.RaftServerConfigKeys (ConfUtils.java:logGet(43)) - raft.server.watch.timeout = 10s (default)
2019-09-25 07:32:15,449 [c49662a2-8e37-45f0-9294-af49a4d2b7d6@group-B34AD55AFDAC:LeaderElection16] INFO  server.RaftServerConfigKeys (ConfUtils.java:logGet(43)) - raft.server.watch.timeout.denomination = 1s (default)
2019-09-25 07:32:15,449 [c49662a2-8e37-45f0-9294-af49a4d2b7d6@group-B34AD55AFDAC:LeaderElection16] INFO  server.RaftServerConfigKeys (ConfUtils.java:logGet(43)) - raft.server.watch.element-limit = 65536 (default)
2019-09-25 07:32:15,452 [c49662a2-8e37-45f0-9294-af49a4d2b7d6@group-B34AD55AFDAC:LeaderElection16] INFO  impl.RoleInfo (RoleInfo.java:updateAndGet(143)) - c49662a2-8e37-45f0-9294-af49a4d2b7d6: start LeaderState
2019-09-25 07:32:15,453 [c49662a2-8e37-45f0-9294-af49a4d2b7d6@group-B34AD55AFDAC:LeaderElection16] INFO  segmented.SegmentedRaftLogWorker (SegmentedRaftLogWorker.java:startLogSegment(380)) - c49662a2-8e37-45f0-9294-af49a4d2b7d6@group-B34AD55AFDAC-SegmentedRaftLogWorker: Starting segment from index:0
2019-09-25 07:32:15,453 [c49662a2-8e37-45f0-9294-af49a4d2b7d6@group-B34AD55AFDAC:LeaderElection16] INFO  impl.RaftServerImpl (ServerState.java:setRaftConf(354)) - c49662a2-8e37-45f0-9294-af49a4d2b7d6@group-B34AD55AFDAC: set configuration 0: [c49662a2-8e37-45f0-9294-af49a4d2b7d6:192.168.151.106:44905], old=null at 0
2019-09-25 07:32:15,495 [Thread-234] INFO  impl.FollowerState (FollowerState.java:run(106)) - bb17b402-82ee-4379-828e-7ca8ec673ddb:group-996755D34D2A changes to CANDIDATE, lastRpcTime:5119, electionTimeout:5091ms
2019-09-25 07:32:15,495 [Thread-234] INFO  impl.RoleInfo (RoleInfo.java:shutdownFollowerState(121)) - bb17b402-82ee-4379-828e-7ca8ec673ddb: shutdown FollowerState
2019-09-25 07:32:15,495 [Thread-234] INFO  impl.RaftServerImpl (RaftServerImpl.java:setRole(174)) - bb17b402-82ee-4379-828e-7ca8ec673ddb@group-996755D34D2A: changes role from  FOLLOWER to CANDIDATE at term 0 for changeToCandidate
2019-09-25 07:32:15,495 [Thread-234] INFO  impl.RoleInfo (RoleInfo.java:updateAndGet(143)) - bb17b402-82ee-4379-828e-7ca8ec673ddb: start LeaderElection
2019-09-25 07:32:15,512 [c49662a2-8e37-45f0-9294-af49a4d2b7d6@group-B34AD55AFDAC-SegmentedRaftLogWorker] INFO  segmented.SegmentedRaftLogWorker (SegmentedRaftLogWorker.java:execute(569)) - c49662a2-8e37-45f0-9294-af49a4d2b7d6@group-B34AD55AFDAC-SegmentedRaftLogWorker: created new log segment /workdir/hadoop-ozone/tools/target/test-dir/MiniOzoneClusterImpl-74379f76-0ce6-44ed-853e-bfc2db7901f5/datanode-0/data/ratis/e3a8f382-1f76-4ba5-a022-b34ad55afdac/current/log_inprogress_0
2019-09-25 07:32:15,512 [bb17b402-82ee-4379-828e-7ca8ec673ddb@group-996755D34D2A:LeaderElection17] INFO  impl.LeaderElection (LeaderElection.java:askForVotes(182)) - bb17b402-82ee-4379-828e-7ca8ec673ddb@group-996755D34D2A:LeaderElection17: begin an election at term 1 for -1: [bb17b402-82ee-4379-828e-7ca8ec673ddb:192.168.151.106:35392], old=null
2019-09-25 07:32:15,512 [bb17b402-82ee-4379-828e-7ca8ec673ddb@group-996755D34D2A:LeaderElection17] INFO  impl.RoleInfo (RoleInfo.java:shutdownLeaderElection(134)) - bb17b402-82ee-4379-828e-7ca8ec673ddb: shutdown LeaderElection
2019-09-25 07:32:15,512 [bb17b402-82ee-4379-828e-7ca8ec673ddb@group-996755D34D2A:LeaderElection17] INFO  impl.RaftServerImpl (RaftServerImpl.java:setRole(174)) - bb17b402-82ee-4379-828e-7ca8ec673ddb@group-996755D34D2A: changes role from CANDIDATE to LEADER at term 1 for changeToLeader
2019-09-25 07:32:15,513 [bb17b402-82ee-4379-828e-7ca8ec673ddb@group-996755D34D2A:LeaderElection17] INFO  impl.RaftServerImpl (ServerState.java:setLeader(253)) - bb17b402-82ee-4379-828e-7ca8ec673ddb@group-996755D34D2A: change Leader from null to bb17b402-82ee-4379-828e-7ca8ec673ddb at term 1 for becomeLeader, leader elected after 5145ms
2019-09-25 07:32:15,513 [bb17b402-82ee-4379-828e-7ca8ec673ddb@group-996755D34D2A:LeaderElection17] INFO  server.RaftServerConfigKeys (ConfUtils.java:logGet(43)) - raft.server.staging.catchup.gap = 1000 (default)
2019-09-25 07:32:15,513 [bb17b402-82ee-4379-828e-7ca8ec673ddb@group-996755D34D2A:LeaderElection17] INFO  server.RaftServerConfigKeys (ConfUtils.java:logGet(43)) - raft.server.rpc.sleep.time = 25ms (default)
2019-09-25 07:32:15,513 [bb17b402-82ee-4379-828e-7ca8ec673ddb@group-996755D34D2A:LeaderElection17] INFO  server.RaftServerConfigKeys (ConfUtils.java:logGet(43)) - raft.server.write.element-limit = 4096 (default)
2019-09-25 07:32:15,513 [bb17b402-82ee-4379-828e-7ca8ec673ddb@group-996755D34D2A:LeaderElection17] INFO  server.RaftServerConfigKeys (ConfUtils.java:logGet(43)) - raft.server.watch.timeout = 10s (default)
2019-09-25 07:32:15,514 [bb17b402-82ee-4379-828e-7ca8ec673ddb@group-996755D34D2A:LeaderElection17] INFO  server.RaftServerConfigKeys (ConfUtils.java:logGet(43)) - raft.server.watch.timeout.denomination = 1s (default)
2019-09-25 07:32:15,514 [bb17b402-82ee-4379-828e-7ca8ec673ddb@group-996755D34D2A:LeaderElection17] INFO  server.RaftServerConfigKeys (ConfUtils.java:logGet(43)) - raft.server.watch.element-limit = 65536 (default)
2019-09-25 07:32:15,517 [bb17b402-82ee-4379-828e-7ca8ec673ddb@group-996755D34D2A:LeaderElection17] INFO  impl.RoleInfo (RoleInfo.java:updateAndGet(143)) - bb17b402-82ee-4379-828e-7ca8ec673ddb: start LeaderState
2019-09-25 07:32:15,517 [bb17b402-82ee-4379-828e-7ca8ec673ddb@group-996755D34D2A:LeaderElection17] INFO  segmented.SegmentedRaftLogWorker (SegmentedRaftLogWorker.java:startLogSegment(380)) - bb17b402-82ee-4379-828e-7ca8ec673ddb@group-996755D34D2A-SegmentedRaftLogWorker: Starting segment from index:0
2019-09-25 07:32:15,518 [bb17b402-82ee-4379-828e-7ca8ec673ddb@group-996755D34D2A:LeaderElection17] INFO  impl.RaftServerImpl (ServerState.java:setRaftConf(354)) - bb17b402-82ee-4379-828e-7ca8ec673ddb@group-996755D34D2A: set configuration 0: [bb17b402-82ee-4379-828e-7ca8ec673ddb:192.168.151.106:35392], old=null at 0
2019-09-25 07:32:15,569 [bb17b402-82ee-4379-828e-7ca8ec673ddb@group-996755D34D2A-SegmentedRaftLogWorker] INFO  segmented.SegmentedRaftLogWorker (SegmentedRaftLogWorker.java:execute(569)) - bb17b402-82ee-4379-828e-7ca8ec673ddb@group-996755D34D2A-SegmentedRaftLogWorker: created new log segment /workdir/hadoop-ozone/tools/target/test-dir/MiniOzoneClusterImpl-74379f76-0ce6-44ed-853e-bfc2db7901f5/datanode-1/data/ratis/d0acb333-d98c-486a-bf0f-996755d34d2a/current/log_inprogress_0
2019-09-25 07:32:15,613 [Thread-237] INFO  impl.FollowerState (FollowerState.java:run(106)) - bb17b402-82ee-4379-828e-7ca8ec673ddb:group-7AB066EB7906 changes to CANDIDATE, lastRpcTime:5153, electionTimeout:5153ms
2019-09-25 07:32:15,613 [Thread-237] INFO  impl.RoleInfo (RoleInfo.java:shutdownFollowerState(121)) - bb17b402-82ee-4379-828e-7ca8ec673ddb: shutdown FollowerState
2019-09-25 07:32:15,613 [Thread-237] INFO  impl.RaftServerImpl (RaftServerImpl.java:setRole(174)) - bb17b402-82ee-4379-828e-7ca8ec673ddb@group-7AB066EB7906: changes role from  FOLLOWER to CANDIDATE at term 0 for changeToCandidate
2019-09-25 07:32:15,613 [Thread-237] INFO  impl.RoleInfo (RoleInfo.java:updateAndGet(143)) - bb17b402-82ee-4379-828e-7ca8ec673ddb: start LeaderElection
2019-09-25 07:32:15,641 [bb17b402-82ee-4379-828e-7ca8ec673ddb@group-7AB066EB7906:LeaderElection18] INFO  impl.LeaderElection (LeaderElection.java:askForVotes(182)) - bb17b402-82ee-4379-828e-7ca8ec673ddb@group-7AB066EB7906:LeaderElection18: begin an election at term 1 for -1: [bb17b402-82ee-4379-828e-7ca8ec673ddb:192.168.151.106:35392], old=null
2019-09-25 07:32:15,641 [bb17b402-82ee-4379-828e-7ca8ec673ddb@group-7AB066EB7906:LeaderElection18] INFO  impl.RoleInfo (RoleInfo.java:shutdownLeaderElection(134)) - bb17b402-82ee-4379-828e-7ca8ec673ddb: shutdown LeaderElection
2019-09-25 07:32:15,641 [bb17b402-82ee-4379-828e-7ca8ec673ddb@group-7AB066EB7906:LeaderElection18] INFO  impl.RaftServerImpl (RaftServerImpl.java:setRole(174)) - bb17b402-82ee-4379-828e-7ca8ec673ddb@group-7AB066EB7906: changes role from CANDIDATE to LEADER at term 1 for changeToLeader
2019-09-25 07:32:15,641 [bb17b402-82ee-4379-828e-7ca8ec673ddb@group-7AB066EB7906:LeaderElection18] INFO  impl.RaftServerImpl (ServerState.java:setLeader(253)) - bb17b402-82ee-4379-828e-7ca8ec673ddb@group-7AB066EB7906: change Leader from null to bb17b402-82ee-4379-828e-7ca8ec673ddb at term 1 for becomeLeader, leader elected after 5189ms
2019-09-25 07:32:15,642 [bb17b402-82ee-4379-828e-7ca8ec673ddb@group-7AB066EB7906:LeaderElection18] INFO  server.RaftServerConfigKeys (ConfUtils.java:logGet(43)) - raft.server.staging.catchup.gap = 1000 (default)
2019-09-25 07:32:15,642 [bb17b402-82ee-4379-828e-7ca8ec673ddb@group-7AB066EB7906:LeaderElection18] INFO  server.RaftServerConfigKeys (ConfUtils.java:logGet(43)) - raft.server.rpc.sleep.time = 25ms (default)
2019-09-25 07:32:15,642 [bb17b402-82ee-4379-828e-7ca8ec673ddb@group-7AB066EB7906:LeaderElection18] INFO  server.RaftServerConfigKeys (ConfUtils.java:logGet(43)) - raft.server.write.element-limit = 4096 (default)
2019-09-25 07:32:15,642 [bb17b402-82ee-4379-828e-7ca8ec673ddb@group-7AB066EB7906:LeaderElection18] INFO  server.RaftServerConfigKeys (ConfUtils.java:logGet(43)) - raft.server.watch.timeout = 10s (default)
2019-09-25 07:32:15,642 [bb17b402-82ee-4379-828e-7ca8ec673ddb@group-7AB066EB7906:LeaderElection18] INFO  server.RaftServerConfigKeys (ConfUtils.java:logGet(43)) - raft.server.watch.timeout.denomination = 1s (default)
2019-09-25 07:32:15,643 [bb17b402-82ee-4379-828e-7ca8ec673ddb@group-7AB066EB7906:LeaderElection18] INFO  server.RaftServerConfigKeys (ConfUtils.java:logGet(43)) - raft.server.watch.element-limit = 65536 (default)
2019-09-25 07:32:15,646 [bb17b402-82ee-4379-828e-7ca8ec673ddb@group-7AB066EB7906:LeaderElection18] INFO  impl.RoleInfo (RoleInfo.java:updateAndGet(143)) - bb17b402-82ee-4379-828e-7ca8ec673ddb: start LeaderState
2019-09-25 07:32:15,647 [bb17b402-82ee-4379-828e-7ca8ec673ddb@group-7AB066EB7906:LeaderElection18] INFO  segmented.SegmentedRaftLogWorker (SegmentedRaftLogWorker.java:startLogSegment(380)) - bb17b402-82ee-4379-828e-7ca8ec673ddb@group-7AB066EB7906-SegmentedRaftLogWorker: Starting segment from index:0
2019-09-25 07:32:15,647 [bb17b402-82ee-4379-828e-7ca8ec673ddb@group-7AB066EB7906:LeaderElection18] INFO  impl.RaftServerImpl (ServerState.java:setRaftConf(354)) - bb17b402-82ee-4379-828e-7ca8ec673ddb@group-7AB066EB7906: set configuration 0: [bb17b402-82ee-4379-828e-7ca8ec673ddb:192.168.151.106:35392], old=null at 0
2019-09-25 07:32:15,719 [bb17b402-82ee-4379-828e-7ca8ec673ddb@group-7AB066EB7906-SegmentedRaftLogWorker] INFO  segmented.SegmentedRaftLogWorker (SegmentedRaftLogWorker.java:execute(569)) - bb17b402-82ee-4379-828e-7ca8ec673ddb@group-7AB066EB7906-SegmentedRaftLogWorker: created new log segment /workdir/hadoop-ozone/tools/target/test-dir/MiniOzoneClusterImpl-74379f76-0ce6-44ed-853e-bfc2db7901f5/datanode-1/data/ratis/e2e48818-c8f8-4cf7-924f-7ab066eb7906/current/log_inprogress_0
 100.00% |█████████████████████████████████████████████████████████████████████████████████████████████████████|  1/1 Time: 0:00:06
]]></system-out>
    <system-err><![CDATA[ERROR StatusLogger No Log4j 2 configuration file found. Using default configuration (logging only errors to the console), or user programmatically provided configurations. Set system property 'log4j2.debug' to show Log4j 2 internal initialization logging. See https://logging.apache.org/log4j/2.x/manual/configuration.html for instructions on how to configure Log4j 2
]]></system-err>
  </testcase>
</testsuite>