<?xml version="1.0" encoding="UTF-8"?>
<testsuite xmlns:xsi="http://www.w3.org/2001/XMLSchema-instance" xsi:noNamespaceSchemaLocation="https://maven.apache.org/surefire/maven-surefire-plugin/xsd/surefire-test-report.xsd" name="org.apache.hadoop.ozone.client.rpc.TestOzoneClientRetriesOnException" time="71.618" tests="2" errors="1" skipped="0" failures="0">
  <properties>
    <property name="awt.toolkit" value="sun.awt.X11.XToolkit"/>
    <property name="file.encoding.pkg" value="sun.io"/>
    <property name="java.specification.version" value="1.8"/>
    <property name="sun.cpu.isalist" value=""/>
    <property name="sun.jnu.encoding" value="UTF-8"/>
    <property name="java.class.path" value="/workdir/hadoop-ozone/integration-test/target/test-classes:/workdir/hadoop-ozone/integration-test/target/classes:/home/user/.m2/repository/org/apache/hadoop/hadoop-ozone-common/0.4.1-SNAPSHOT/hadoop-ozone-common-0.4.1-SNAPSHOT.jar:/home/user/.m2/repository/org/apache/commons/commons-compress/1.4.1/commons-compress-1.4.1.jar:/home/user/.m2/repository/org/tukaani/xz/1.0/xz-1.0.jar:/home/user/.m2/repository/org/apache/hadoop/hadoop-common/3.2.0/hadoop-common-3.2.0.jar:/home/user/.m2/repository/org/apache/hadoop/hadoop-hdfs/3.2.0/hadoop-hdfs-3.2.0.jar:/home/user/.m2/repository/org/apache/hadoop/hadoop-hdfs-client/3.2.0/hadoop-hdfs-client-3.2.0.jar:/home/user/.m2/repository/com/fasterxml/jackson/core/jackson-annotations/2.9.5/jackson-annotations-2.9.5.jar:/home/user/.m2/repository/org/apache/hadoop/hadoop-hdds-common/0.4.1-SNAPSHOT/hadoop-hdds-common-0.4.1-SNAPSHOT.jar:/home/user/.m2/repository/javax/annotation/javax.annotation-api/1.2/javax.annotation-api-1.2.jar:/home/user/.m2/repository/org/apache/ratis/ratis-server/0.4.0-2337318-SNAPSHOT/ratis-server-0.4.0-2337318-SNAPSHOT.jar:/home/user/.m2/repository/org/apache/ratis/ratis-thirdparty-misc/0.2.0/ratis-thirdparty-misc-0.2.0.jar:/home/user/.m2/repository/org/apache/ratis/ratis-proto/0.4.0-2337318-SNAPSHOT/ratis-proto-0.4.0-2337318-SNAPSHOT.jar:/home/user/.m2/repository/org/apache/ratis/ratis-common/0.4.0-2337318-SNAPSHOT/ratis-common-0.4.0-2337318-SNAPSHOT.jar:/home/user/.m2/repository/org/apache/ratis/ratis-client/0.4.0-2337318-SNAPSHOT/ratis-client-0.4.0-2337318-SNAPSHOT.jar:/home/user/.m2/repository/org/apache/ratis/ratis-metrics/0.4.0-2337318-SNAPSHOT/ratis-metrics-0.4.0-2337318-SNAPSHOT.jar:/home/user/.m2/repository/org/apache/ratis/ratis-netty/0.4.0-2337318-SNAPSHOT/ratis-netty-0.4.0-2337318-SNAPSHOT.jar:/home/user/.m2/repository/org/apache/ratis/ratis-grpc/0.4.0-2337318-SNAPSHOT/ratis-grpc-0.4.0-2337318-SNAPSHOT.jar:/home/user/.m2/repository/org/rocksdb/rocksdbjni/6.0.1/rocksdbjni-6.0.1.jar:/home/user/.m2/repository/org/apache/logging/log4j/log4j-api/2.11.0/log4j-api-2.11.0.jar:/home/user/.m2/repository/org/apache/logging/log4j/log4j-core/2.11.0/log4j-core-2.11.0.jar:/home/user/.m2/repository/com/lmax/disruptor/3.4.2/disruptor-3.4.2.jar:/home/user/.m2/repository/org/apache/commons/commons-pool2/2.6.0/commons-pool2-2.6.0.jar:/home/user/.m2/repository/org/bouncycastle/bcpkix-jdk15on/1.60/bcpkix-jdk15on-1.60.jar:/home/user/.m2/repository/commons-validator/commons-validator/1.6/commons-validator-1.6.jar:/home/user/.m2/repository/commons-digester/commons-digester/1.8.1/commons-digester-1.8.1.jar:/home/user/.m2/repository/io/jaegertracing/jaeger-client/0.33.1/jaeger-client-0.33.1.jar:/home/user/.m2/repository/io/jaegertracing/jaeger-thrift/0.33.1/jaeger-thrift-0.33.1.jar:/home/user/.m2/repository/org/apache/thrift/libthrift/0.11.0/libthrift-0.11.0.jar:/home/user/.m2/repository/com/squareup/okhttp3/okhttp/3.9.0/okhttp-3.9.0.jar:/home/user/.m2/repository/com/squareup/okio/okio/1.13.0/okio-1.13.0.jar:/home/user/.m2/repository/io/jaegertracing/jaeger-core/0.33.1/jaeger-core-0.33.1.jar:/home/user/.m2/repository/io/jaegertracing/jaeger-tracerresolver/0.33.1/jaeger-tracerresolver-0.33.1.jar:/home/user/.m2/repository/io/opentracing/contrib/opentracing-tracerresolver/0.1.5/opentracing-tracerresolver-0.1.5.jar:/home/user/.m2/repository/io/opentracing/opentracing-util/0.31.0/opentracing-util-0.31.0.jar:/home/user/.m2/repository/io/opentracing/opentracing-api/0.31.0/opentracing-api-0.31.0.jar:/home/user/.m2/repository/io/opentracing/opentracing-noop/0.31.0/opentracing-noop-0.31.0.jar:/home/user/.m2/repository/org/apache/hadoop/hadoop-hdds-server-framework/0.4.1-SNAPSHOT/hadoop-hdds-server-framework-0.4.1-SNAPSHOT.jar:/home/user/.m2/repository/org/apache/hadoop/hadoop-hdds-container-service/0.4.1-SNAPSHOT/hadoop-hdds-container-service-0.4.1-SNAPSHOT.jar:/home/user/.m2/repository/org/apache/hadoop/hadoop-hdds-client/0.4.1-SNAPSHOT/hadoop-hdds-client-0.4.1-SNAPSHOT.jar:/home/user/.m2/repository/org/apache/hadoop/hadoop-hdds-tools/0.4.1-SNAPSHOT/hadoop-hdds-tools-0.4.1-SNAPSHOT.jar:/home/user/.m2/repository/org/apache/hadoop/hadoop-hdds-server-scm/0.4.1-SNAPSHOT/hadoop-hdds-server-scm-0.4.1-SNAPSHOT.jar:/home/user/.m2/repository/org/apache/hadoop/hadoop-hdds-docs/0.4.1-SNAPSHOT/hadoop-hdds-docs-0.4.1-SNAPSHOT.jar:/home/user/.m2/repository/io/dropwizard/metrics/metrics-core/3.2.4/metrics-core-3.2.4.jar:/home/user/.m2/repository/org/hamcrest/hamcrest-all/1.3/hamcrest-all-1.3.jar:/home/user/.m2/repository/org/bouncycastle/bcprov-jdk15on/1.60/bcprov-jdk15on-1.60.jar:/home/user/.m2/repository/info/picocli/picocli/3.9.6/picocli-3.9.6.jar:/home/user/.m2/repository/com/google/protobuf/protobuf-java/2.5.0/protobuf-java-2.5.0.jar:/home/user/.m2/repository/com/google/guava/guava/11.0.2/guava-11.0.2.jar:/home/user/.m2/repository/org/apache/hadoop/hadoop-ozone-ozone-manager/0.4.1-SNAPSHOT/hadoop-ozone-ozone-manager-0.4.1-SNAPSHOT.jar:/home/user/.m2/repository/org/apache/hadoop/hadoop-minikdc/3.2.0/hadoop-minikdc-3.2.0.jar:/home/user/.m2/repository/commons-io/commons-io/2.5/commons-io-2.5.jar:/home/user/.m2/repository/org/apache/kerby/kerb-simplekdc/1.0.1/kerb-simplekdc-1.0.1.jar:/home/user/.m2/repository/org/apache/kerby/kerb-client/1.0.1/kerb-client-1.0.1.jar:/home/user/.m2/repository/org/apache/kerby/kerby-config/1.0.1/kerby-config-1.0.1.jar:/home/user/.m2/repository/org/apache/kerby/kerb-core/1.0.1/kerb-core-1.0.1.jar:/home/user/.m2/repository/org/apache/kerby/kerby-pkix/1.0.1/kerby-pkix-1.0.1.jar:/home/user/.m2/repository/org/apache/kerby/kerby-asn1/1.0.1/kerby-asn1-1.0.1.jar:/home/user/.m2/repository/org/apache/kerby/kerby-util/1.0.1/kerby-util-1.0.1.jar:/home/user/.m2/repository/org/apache/kerby/kerb-common/1.0.1/kerb-common-1.0.1.jar:/home/user/.m2/repository/org/apache/kerby/kerb-crypto/1.0.1/kerb-crypto-1.0.1.jar:/home/user/.m2/repository/org/apache/kerby/kerb-util/1.0.1/kerb-util-1.0.1.jar:/home/user/.m2/repository/org/apache/kerby/token-provider/1.0.1/token-provider-1.0.1.jar:/home/user/.m2/repository/org/apache/kerby/kerb-admin/1.0.1/kerb-admin-1.0.1.jar:/home/user/.m2/repository/org/apache/kerby/kerb-server/1.0.1/kerb-server-1.0.1.jar:/home/user/.m2/repository/org/apache/kerby/kerb-identity/1.0.1/kerb-identity-1.0.1.jar:/home/user/.m2/repository/org/apache/kerby/kerby-xdr/1.0.1/kerby-xdr-1.0.1.jar:/home/user/.m2/repository/org/slf4j/slf4j-log4j12/1.7.25/slf4j-log4j12-1.7.25.jar:/home/user/.m2/repository/org/apache/hadoop/hadoop-ozone-objectstore-service/0.4.1-SNAPSHOT/hadoop-ozone-objectstore-service-0.4.1-SNAPSHOT.jar:/home/user/.m2/repository/org/apache/hadoop/hadoop-ozone-s3gateway/0.4.1-SNAPSHOT/hadoop-ozone-s3gateway-0.4.1-SNAPSHOT.jar:/home/user/.m2/repository/org/jboss/weld/servlet/weld-servlet/2.4.7.Final/weld-servlet-2.4.7.Final.jar:/home/user/.m2/repository/org/glassfish/jersey/containers/jersey-container-servlet-core/2.27/jersey-container-servlet-core-2.27.jar:/home/user/.m2/repository/org/glassfish/hk2/external/javax.inject/2.5.0-b42/javax.inject-2.5.0-b42.jar:/home/user/.m2/repository/org/glassfish/jersey/core/jersey-common/2.27/jersey-common-2.27.jar:/home/user/.m2/repository/org/glassfish/hk2/osgi-resource-locator/1.0.1/osgi-resource-locator-1.0.1.jar:/home/user/.m2/repository/javax/ws/rs/javax.ws.rs-api/2.1/javax.ws.rs-api-2.1.jar:/home/user/.m2/repository/org/glassfish/jersey/ext/cdi/jersey-cdi1x/2.27/jersey-cdi1x-2.27.jar:/home/user/.m2/repository/org/glassfish/jersey/inject/jersey-hk2/2.27/jersey-hk2-2.27.jar:/home/user/.m2/repository/org/glassfish/hk2/hk2-locator/2.5.0-b42/hk2-locator-2.5.0-b42.jar:/home/user/.m2/repository/org/javassist/javassist/3.22.0-CR2/javassist-3.22.0-CR2.jar:/home/user/.m2/repository/org/glassfish/hk2/hk2-api/2.5.0/hk2-api-2.5.0.jar:/home/user/.m2/repository/org/glassfish/hk2/external/jakarta.inject/2.5.0/jakarta.inject-2.5.0.jar:/home/user/.m2/repository/org/glassfish/hk2/hk2-utils/2.5.0/hk2-utils-2.5.0.jar:/home/user/.m2/repository/jakarta/annotation/jakarta.annotation-api/1.3.4/jakarta.annotation-api-1.3.4.jar:/home/user/.m2/repository/org/glassfish/hk2/external/aopalliance-repackaged/2.5.0/aopalliance-repackaged-2.5.0.jar:/home/user/.m2/repository/com/fasterxml/jackson/dataformat/jackson-dataformat-xml/2.9.0/jackson-dataformat-xml-2.9.0.jar:/home/user/.m2/repository/com/fasterxml/jackson/core/jackson-core/2.9.5/jackson-core-2.9.5.jar:/home/user/.m2/repository/com/fasterxml/jackson/module/jackson-module-jaxb-annotations/2.9.5/jackson-module-jaxb-annotations-2.9.5.jar:/home/user/.m2/repository/javax/enterprise/cdi-api/1.2/cdi-api-1.2.jar:/home/user/.m2/repository/javax/el/javax.el-api/3.0.0/javax.el-api-3.0.0.jar:/home/user/.m2/repository/javax/interceptor/javax.interceptor-api/1.2/javax.interceptor-api-1.2.jar:/home/user/.m2/repository/javax/inject/javax.inject/1/javax.inject-1.jar:/home/user/.m2/repository/com/sun/xml/bind/jaxb-impl/2.3.0.1/jaxb-impl-2.3.0.1.jar:/home/user/.m2/repository/com/sun/xml/bind/jaxb-core/2.3.0.1/jaxb-core-2.3.0.1.jar:/home/user/.m2/repository/javax/xml/bind/jaxb-api/2.3.0/jaxb-api-2.3.0.jar:/home/user/.m2/repository/javax/activation/activation/1.1.1/activation-1.1.1.jar:/home/user/.m2/repository/org/apache/hadoop/hadoop-ozone-csi/0.4.1-SNAPSHOT/hadoop-ozone-csi-0.4.1-SNAPSHOT.jar:/home/user/.m2/repository/com/google/protobuf/protobuf-java-util/3.5.1/protobuf-java-util-3.5.1.jar:/home/user/.m2/repository/org/apache/hadoop/hadoop-hdds-config/0.4.1-SNAPSHOT/hadoop-hdds-config-0.4.1-SNAPSHOT.jar:/home/user/.m2/repository/io/grpc/grpc-netty/1.17.1/grpc-netty-1.17.1.jar:/home/user/.m2/repository/io/grpc/grpc-core/1.17.1/grpc-core-1.17.1.jar:/home/user/.m2/repository/io/grpc/grpc-context/1.17.1/grpc-context-1.17.1.jar:/home/user/.m2/repository/com/google/errorprone/error_prone_annotations/2.2.0/error_prone_annotations-2.2.0.jar:/home/user/.m2/repository/org/codehaus/mojo/animal-sniffer-annotations/1.17/animal-sniffer-annotations-1.17.jar:/home/user/.m2/repository/io/opencensus/opencensus-api/0.17.0/opencensus-api-0.17.0.jar:/home/user/.m2/repository/io/opencensus/opencensus-contrib-grpc-metrics/0.17.0/opencensus-contrib-grpc-metrics-0.17.0.jar:/home/user/.m2/repository/io/netty/netty-codec-http2/4.1.30.Final/netty-codec-http2-4.1.30.Final.jar:/home/user/.m2/repository/io/netty/netty-codec-http/4.1.30.Final/netty-codec-http-4.1.30.Final.jar:/home/user/.m2/repository/io/netty/netty-codec/4.1.30.Final/netty-codec-4.1.30.Final.jar:/home/user/.m2/repository/io/netty/netty-handler/4.1.30.Final/netty-handler-4.1.30.Final.jar:/home/user/.m2/repository/io/netty/netty-handler-proxy/4.1.30.Final/netty-handler-proxy-4.1.30.Final.jar:/home/user/.m2/repository/io/netty/netty-codec-socks/4.1.30.Final/netty-codec-socks-4.1.30.Final.jar:/home/user/.m2/repository/io/netty/netty-transport-native-epoll/4.1.30.Final/netty-transport-native-epoll-4.1.30.Final.jar:/home/user/.m2/repository/io/netty/netty-common/4.1.30.Final/netty-common-4.1.30.Final.jar:/home/user/.m2/repository/io/netty/netty-buffer/4.1.30.Final/netty-buffer-4.1.30.Final.jar:/home/user/.m2/repository/io/netty/netty-transport/4.1.30.Final/netty-transport-4.1.30.Final.jar:/home/user/.m2/repository/io/netty/netty-resolver/4.1.30.Final/netty-resolver-4.1.30.Final.jar:/home/user/.m2/repository/io/netty/netty-transport-native-unix-common/4.1.30.Final/netty-transport-native-unix-common-4.1.30.Final.jar:/home/user/.m2/repository/io/grpc/grpc-protobuf/1.17.1/grpc-protobuf-1.17.1.jar:/home/user/.m2/repository/com/google/api/grpc/proto-google-common-protos/1.0.0/proto-google-common-protos-1.0.0.jar:/home/user/.m2/repository/io/grpc/grpc-protobuf-lite/1.17.1/grpc-protobuf-lite-1.17.1.jar:/home/user/.m2/repository/io/grpc/grpc-stub/1.17.1/grpc-stub-1.17.1.jar:/home/user/.m2/repository/org/apache/hadoop/hadoop-ozone-recon/0.4.1-SNAPSHOT/hadoop-ozone-recon-0.4.1-SNAPSHOT.jar:/home/user/.m2/repository/org/apache/hadoop/hadoop-ozone-reconcodegen/0.4.1-SNAPSHOT/hadoop-ozone-reconcodegen-0.4.1-SNAPSHOT.jar:/home/user/.m2/repository/com/google/inject/extensions/guice-multibindings/4.0/guice-multibindings-4.0.jar:/home/user/.m2/repository/com/google/inject/guice/4.0/guice-4.0.jar:/home/user/.m2/repository/aopalliance/aopalliance/1.0/aopalliance-1.0.jar:/home/user/.m2/repository/com/google/inject/extensions/guice-servlet/4.0/guice-servlet-4.0.jar:/home/user/.m2/repository/org/glassfish/jersey/containers/jersey-container-servlet/2.27/jersey-container-servlet-2.27.jar:/home/user/.m2/repository/org/glassfish/hk2/guice-bridge/2.5.0/guice-bridge-2.5.0.jar:/home/user/.m2/repository/org/glassfish/jersey/core/jersey-server/2.27/jersey-server-2.27.jar:/home/user/.m2/repository/org/glassfish/jersey/core/jersey-client/2.27/jersey-client-2.27.jar:/home/user/.m2/repository/org/glassfish/jersey/media/jersey-media-jaxb/2.27/jersey-media-jaxb-2.27.jar:/home/user/.m2/repository/javax/validation/validation-api/1.1.0.Final/validation-api-1.1.0.Final.jar:/home/user/.m2/repository/org/glassfish/jersey/media/jersey-media-json-jackson/2.27/jersey-media-json-jackson-2.27.jar:/home/user/.m2/repository/org/glassfish/jersey/ext/jersey-entity-filtering/2.27/jersey-entity-filtering-2.27.jar:/home/user/.m2/repository/com/google/inject/extensions/guice-assistedinject/4.0/guice-assistedinject-4.0.jar:/home/user/.m2/repository/org/jooq/jooq/3.11.10/jooq-3.11.10.jar:/home/user/.m2/repository/org/jooq/jooq-meta/3.11.10/jooq-meta-3.11.10.jar:/home/user/.m2/repository/org/jooq/jooq-codegen/3.11.10/jooq-codegen-3.11.10.jar:/home/user/.m2/repository/com/jolbox/bonecp/0.8.0.RELEASE/bonecp-0.8.0.RELEASE.jar:/home/user/.m2/repository/org/xerial/sqlite-jdbc/3.25.2/sqlite-jdbc-3.25.2.jar:/home/user/.m2/repository/org/springframework/spring-jdbc/5.1.3.RELEASE/spring-jdbc-5.1.3.RELEASE.jar:/home/user/.m2/repository/org/springframework/spring-beans/5.1.3.RELEASE/spring-beans-5.1.3.RELEASE.jar:/home/user/.m2/repository/org/springframework/spring-core/5.1.3.RELEASE/spring-core-5.1.3.RELEASE.jar:/home/user/.m2/repository/org/springframework/spring-jcl/5.1.3.RELEASE/spring-jcl-5.1.3.RELEASE.jar:/home/user/.m2/repository/org/springframework/spring-tx/5.1.3.RELEASE/spring-tx-5.1.3.RELEASE.jar:/home/user/.m2/repository/org/apache/hadoop/hadoop-ozone-client/0.4.1-SNAPSHOT/hadoop-ozone-client-0.4.1-SNAPSHOT.jar:/home/user/.m2/repository/commons-lang/commons-lang/2.6/commons-lang-2.6.jar:/home/user/.m2/repository/org/apache/hadoop/hadoop-ozone-ozone-manager/0.4.1-SNAPSHOT/hadoop-ozone-ozone-manager-0.4.1-SNAPSHOT-tests.jar:/home/user/.m2/repository/junit/junit/4.11/junit-4.11.jar:/home/user/.m2/repository/org/hamcrest/hamcrest-core/1.3/hamcrest-core-1.3.jar:/home/user/.m2/repository/org/openjdk/jmh/jmh-core/1.19/jmh-core-1.19.jar:/home/user/.m2/repository/net/sf/jopt-simple/jopt-simple/4.6/jopt-simple-4.6.jar:/home/user/.m2/repository/org/apache/commons/commons-math3/3.1.1/commons-math3-3.1.1.jar:/home/user/.m2/repository/org/openjdk/jmh/jmh-generator-annprocess/1.19/jmh-generator-annprocess-1.19.jar:/home/user/.m2/repository/org/mockito/mockito-all/1.8.5/mockito-all-1.8.5.jar:/home/user/.m2/repository/org/apache/hadoop/hadoop-kms/3.2.0/hadoop-kms-3.2.0.jar:/home/user/.m2/repository/org/apache/hadoop/hadoop-auth/3.2.0/hadoop-auth-3.2.0.jar:/home/user/.m2/repository/com/nimbusds/nimbus-jose-jwt/4.41.1/nimbus-jose-jwt-4.41.1.jar:/home/user/.m2/repository/com/github/stephenc/jcip/jcip-annotations/1.0-1/jcip-annotations-1.0-1.jar:/home/user/.m2/repository/net/minidev/json-smart/2.3/json-smart-2.3.jar:/home/user/.m2/repository/net/minidev/accessors-smart/1.2/accessors-smart-1.2.jar:/home/user/.m2/repository/org/ow2/asm/asm/5.0.4/asm-5.0.4.jar:/home/user/.m2/repository/org/apache/curator/curator-framework/2.12.0/curator-framework-2.12.0.jar:/home/user/.m2/repository/com/sun/jersey/jersey-core/1.19/jersey-core-1.19.jar:/home/user/.m2/repository/javax/ws/rs/jsr311-api/1.1.1/jsr311-api-1.1.1.jar:/home/user/.m2/repository/com/sun/jersey/jersey-server/1.19/jersey-server-1.19.jar:/home/user/.m2/repository/javax/servlet/javax.servlet-api/3.1.0/javax.servlet-api-3.1.0.jar:/home/user/.m2/repository/org/eclipse/jetty/jetty-server/9.3.24.v20180605/jetty-server-9.3.24.v20180605.jar:/home/user/.m2/repository/org/eclipse/jetty/jetty-http/9.3.24.v20180605/jetty-http-9.3.24.v20180605.jar:/home/user/.m2/repository/org/eclipse/jetty/jetty-io/9.3.24.v20180605/jetty-io-9.3.24.v20180605.jar:/home/user/.m2/repository/org/eclipse/jetty/jetty-webapp/9.3.24.v20180605/jetty-webapp-9.3.24.v20180605.jar:/home/user/.m2/repository/org/eclipse/jetty/jetty-xml/9.3.24.v20180605/jetty-xml-9.3.24.v20180605.jar:/home/user/.m2/repository/log4j/log4j/1.2.17/log4j-1.2.17.jar:/home/user/.m2/repository/org/slf4j/slf4j-api/1.7.25/slf4j-api-1.7.25.jar:/home/user/.m2/repository/org/slf4j/jul-to-slf4j/1.7.25/jul-to-slf4j-1.7.25.jar:/home/user/.m2/repository/org/eclipse/jetty/jetty-util/9.3.24.v20180605/jetty-util-9.3.24.v20180605.jar:/home/user/.m2/repository/com/fasterxml/jackson/core/jackson-databind/2.9.5/jackson-databind-2.9.5.jar:/home/user/.m2/repository/org/apache/hadoop/hadoop-kms/3.2.0/hadoop-kms-3.2.0-tests.jar:/home/user/.m2/repository/org/apache/hadoop/hadoop-hdds-server-scm/0.4.1-SNAPSHOT/hadoop-hdds-server-scm-0.4.1-SNAPSHOT-tests.jar:/home/user/.m2/repository/org/apache/hadoop/hadoop-hdds-container-service/0.4.1-SNAPSHOT/hadoop-hdds-container-service-0.4.1-SNAPSHOT-tests.jar:/home/user/.m2/repository/org/yaml/snakeyaml/1.16/snakeyaml-1.16.jar:/home/user/.m2/repository/org/apache/hadoop/hadoop-common/3.2.0/hadoop-common-3.2.0-tests.jar:/home/user/.m2/repository/org/apache/hadoop/hadoop-annotations/3.2.0/hadoop-annotations-3.2.0.jar:/usr/lib/jvm/java-1.8-openjdk/jre/../lib/tools.jar:/home/user/.m2/repository/commons-cli/commons-cli/1.2/commons-cli-1.2.jar:/home/user/.m2/repository/org/apache/httpcomponents/httpclient/4.5.2/httpclient-4.5.2.jar:/home/user/.m2/repository/org/apache/httpcomponents/httpcore/4.4.4/httpcore-4.4.4.jar:/home/user/.m2/repository/commons-codec/commons-codec/1.11/commons-codec-1.11.jar:/home/user/.m2/repository/commons-net/commons-net/3.6/commons-net-3.6.jar:/home/user/.m2/repository/commons-collections/commons-collections/3.2.2/commons-collections-3.2.2.jar:/home/user/.m2/repository/org/eclipse/jetty/jetty-servlet/9.3.24.v20180605/jetty-servlet-9.3.24.v20180605.jar:/home/user/.m2/repository/org/eclipse/jetty/jetty-security/9.3.24.v20180605/jetty-security-9.3.24.v20180605.jar:/home/user/.m2/repository/javax/servlet/jsp/jsp-api/2.1/jsp-api-2.1.jar:/home/user/.m2/repository/com/sun/jersey/jersey-servlet/1.19/jersey-servlet-1.19.jar:/home/user/.m2/repository/com/sun/jersey/jersey-json/1.19/jersey-json-1.19.jar:/home/user/.m2/repository/org/codehaus/jettison/jettison/1.1/jettison-1.1.jar:/home/user/.m2/repository/org/codehaus/jackson/jackson-core-asl/1.9.13/jackson-core-asl-1.9.13.jar:/home/user/.m2/repository/org/codehaus/jackson/jackson-mapper-asl/1.9.13/jackson-mapper-asl-1.9.13.jar:/home/user/.m2/repository/org/codehaus/jackson/jackson-jaxrs/1.9.13/jackson-jaxrs-1.9.13.jar:/home/user/.m2/repository/org/codehaus/jackson/jackson-xc/1.9.13/jackson-xc-1.9.13.jar:/home/user/.m2/repository/commons-logging/commons-logging/1.1.3/commons-logging-1.1.3.jar:/home/user/.m2/repository/commons-beanutils/commons-beanutils/1.9.3/commons-beanutils-1.9.3.jar:/home/user/.m2/repository/org/apache/commons/commons-configuration2/2.1.1/commons-configuration2-2.1.1.jar:/home/user/.m2/repository/org/apache/commons/commons-lang3/3.7/commons-lang3-3.7.jar:/home/user/.m2/repository/org/apache/commons/commons-text/1.4/commons-text-1.4.jar:/home/user/.m2/repository/org/apache/avro/avro/1.7.7/avro-1.7.7.jar:/home/user/.m2/repository/com/thoughtworks/paranamer/paranamer/2.3/paranamer-2.3.jar:/home/user/.m2/repository/org/xerial/snappy/snappy-java/1.0.5/snappy-java-1.0.5.jar:/home/user/.m2/repository/com/google/re2j/re2j/1.1/re2j-1.1.jar:/home/user/.m2/repository/com/google/code/gson/gson/2.2.4/gson-2.2.4.jar:/home/user/.m2/repository/com/jcraft/jsch/0.1.54/jsch-0.1.54.jar:/home/user/.m2/repository/org/apache/curator/curator-client/2.12.0/curator-client-2.12.0.jar:/home/user/.m2/repository/org/apache/curator/curator-recipes/2.12.0/curator-recipes-2.12.0.jar:/home/user/.m2/repository/com/google/code/findbugs/jsr305/3.0.0/jsr305-3.0.0.jar:/home/user/.m2/repository/org/apache/htrace/htrace-core4/4.1.0-incubating/htrace-core4-4.1.0-incubating.jar:/home/user/.m2/repository/org/apache/zookeeper/zookeeper/3.4.13/zookeeper-3.4.13.jar:/home/user/.m2/repository/org/apache/yetus/audience-annotations/0.5.0/audience-annotations-0.5.0.jar:/home/user/.m2/repository/org/codehaus/woodstox/stax2-api/3.1.4/stax2-api-3.1.4.jar:/home/user/.m2/repository/com/fasterxml/woodstox/woodstox-core/5.0.3/woodstox-core-5.0.3.jar:/home/user/.m2/repository/dnsjava/dnsjava/2.1.7/dnsjava-2.1.7.jar:/home/user/.m2/repository/org/apache/hadoop/hadoop-hdfs/3.2.0/hadoop-hdfs-3.2.0-tests.jar:/home/user/.m2/repository/org/eclipse/jetty/jetty-util-ajax/9.3.24.v20180605/jetty-util-ajax-9.3.24.v20180605.jar:/home/user/.m2/repository/commons-daemon/commons-daemon/1.0.13/commons-daemon-1.0.13.jar:/home/user/.m2/repository/io/netty/netty/3.10.5.Final/netty-3.10.5.Final.jar:/home/user/.m2/repository/io/netty/netty-all/4.0.52.Final/netty-all-4.0.52.Final.jar:/home/user/.m2/repository/org/fusesource/leveldbjni/leveldbjni-all/1.8/leveldbjni-all-1.8.jar:"/>
    <property name="java.vm.vendor" value="IcedTea"/>
    <property name="sun.arch.data.model" value="64"/>
    <property name="test.build.dir" value="/workdir/hadoop-ozone/integration-test/target/test-dir"/>
    <property name="test.cache.data" value=""/>
    <property name="java.vendor.url" value="https://icedtea.classpath.org"/>
    <property name="user.timezone" value=""/>
    <property name="java.vm.specification.version" value="1.8"/>
    <property name="os.name" value="Linux"/>
    <property name="test.build.data" value="/workdir/hadoop-ozone/integration-test/target/test-dir"/>
    <property name="user.country" value="US"/>
    <property name="sun.java.launcher" value="SUN_STANDARD"/>
    <property name="sun.boot.library.path" value="/usr/lib/jvm/java-1.8-openjdk/jre/lib/amd64"/>
    <property name="sun.java.command" value="/workdir/hadoop-ozone/integration-test/target/surefire/surefirebooter1956865034242954752.jar /workdir/hadoop-ozone/integration-test/target/surefire 2019-07-30T21-43-08_600-jvmRun1 surefire3172269340810921599tmp surefire_411222955282701121703tmp"/>
    <property name="surefire.test.class.path" value="/workdir/hadoop-ozone/integration-test/target/test-classes:/workdir/hadoop-ozone/integration-test/target/classes:/home/user/.m2/repository/org/apache/hadoop/hadoop-ozone-common/0.4.1-SNAPSHOT/hadoop-ozone-common-0.4.1-SNAPSHOT.jar:/home/user/.m2/repository/org/apache/commons/commons-compress/1.4.1/commons-compress-1.4.1.jar:/home/user/.m2/repository/org/tukaani/xz/1.0/xz-1.0.jar:/home/user/.m2/repository/org/apache/hadoop/hadoop-common/3.2.0/hadoop-common-3.2.0.jar:/home/user/.m2/repository/org/apache/hadoop/hadoop-hdfs/3.2.0/hadoop-hdfs-3.2.0.jar:/home/user/.m2/repository/org/apache/hadoop/hadoop-hdfs-client/3.2.0/hadoop-hdfs-client-3.2.0.jar:/home/user/.m2/repository/com/fasterxml/jackson/core/jackson-annotations/2.9.5/jackson-annotations-2.9.5.jar:/home/user/.m2/repository/org/apache/hadoop/hadoop-hdds-common/0.4.1-SNAPSHOT/hadoop-hdds-common-0.4.1-SNAPSHOT.jar:/home/user/.m2/repository/javax/annotation/javax.annotation-api/1.2/javax.annotation-api-1.2.jar:/home/user/.m2/repository/org/apache/ratis/ratis-server/0.4.0-2337318-SNAPSHOT/ratis-server-0.4.0-2337318-SNAPSHOT.jar:/home/user/.m2/repository/org/apache/ratis/ratis-thirdparty-misc/0.2.0/ratis-thirdparty-misc-0.2.0.jar:/home/user/.m2/repository/org/apache/ratis/ratis-proto/0.4.0-2337318-SNAPSHOT/ratis-proto-0.4.0-2337318-SNAPSHOT.jar:/home/user/.m2/repository/org/apache/ratis/ratis-common/0.4.0-2337318-SNAPSHOT/ratis-common-0.4.0-2337318-SNAPSHOT.jar:/home/user/.m2/repository/org/apache/ratis/ratis-client/0.4.0-2337318-SNAPSHOT/ratis-client-0.4.0-2337318-SNAPSHOT.jar:/home/user/.m2/repository/org/apache/ratis/ratis-metrics/0.4.0-2337318-SNAPSHOT/ratis-metrics-0.4.0-2337318-SNAPSHOT.jar:/home/user/.m2/repository/org/apache/ratis/ratis-netty/0.4.0-2337318-SNAPSHOT/ratis-netty-0.4.0-2337318-SNAPSHOT.jar:/home/user/.m2/repository/org/apache/ratis/ratis-grpc/0.4.0-2337318-SNAPSHOT/ratis-grpc-0.4.0-2337318-SNAPSHOT.jar:/home/user/.m2/repository/org/rocksdb/rocksdbjni/6.0.1/rocksdbjni-6.0.1.jar:/home/user/.m2/repository/org/apache/logging/log4j/log4j-api/2.11.0/log4j-api-2.11.0.jar:/home/user/.m2/repository/org/apache/logging/log4j/log4j-core/2.11.0/log4j-core-2.11.0.jar:/home/user/.m2/repository/com/lmax/disruptor/3.4.2/disruptor-3.4.2.jar:/home/user/.m2/repository/org/apache/commons/commons-pool2/2.6.0/commons-pool2-2.6.0.jar:/home/user/.m2/repository/org/bouncycastle/bcpkix-jdk15on/1.60/bcpkix-jdk15on-1.60.jar:/home/user/.m2/repository/commons-validator/commons-validator/1.6/commons-validator-1.6.jar:/home/user/.m2/repository/commons-digester/commons-digester/1.8.1/commons-digester-1.8.1.jar:/home/user/.m2/repository/io/jaegertracing/jaeger-client/0.33.1/jaeger-client-0.33.1.jar:/home/user/.m2/repository/io/jaegertracing/jaeger-thrift/0.33.1/jaeger-thrift-0.33.1.jar:/home/user/.m2/repository/org/apache/thrift/libthrift/0.11.0/libthrift-0.11.0.jar:/home/user/.m2/repository/com/squareup/okhttp3/okhttp/3.9.0/okhttp-3.9.0.jar:/home/user/.m2/repository/com/squareup/okio/okio/1.13.0/okio-1.13.0.jar:/home/user/.m2/repository/io/jaegertracing/jaeger-core/0.33.1/jaeger-core-0.33.1.jar:/home/user/.m2/repository/io/jaegertracing/jaeger-tracerresolver/0.33.1/jaeger-tracerresolver-0.33.1.jar:/home/user/.m2/repository/io/opentracing/contrib/opentracing-tracerresolver/0.1.5/opentracing-tracerresolver-0.1.5.jar:/home/user/.m2/repository/io/opentracing/opentracing-util/0.31.0/opentracing-util-0.31.0.jar:/home/user/.m2/repository/io/opentracing/opentracing-api/0.31.0/opentracing-api-0.31.0.jar:/home/user/.m2/repository/io/opentracing/opentracing-noop/0.31.0/opentracing-noop-0.31.0.jar:/home/user/.m2/repository/org/apache/hadoop/hadoop-hdds-server-framework/0.4.1-SNAPSHOT/hadoop-hdds-server-framework-0.4.1-SNAPSHOT.jar:/home/user/.m2/repository/org/apache/hadoop/hadoop-hdds-container-service/0.4.1-SNAPSHOT/hadoop-hdds-container-service-0.4.1-SNAPSHOT.jar:/home/user/.m2/repository/org/apache/hadoop/hadoop-hdds-client/0.4.1-SNAPSHOT/hadoop-hdds-client-0.4.1-SNAPSHOT.jar:/home/user/.m2/repository/org/apache/hadoop/hadoop-hdds-tools/0.4.1-SNAPSHOT/hadoop-hdds-tools-0.4.1-SNAPSHOT.jar:/home/user/.m2/repository/org/apache/hadoop/hadoop-hdds-server-scm/0.4.1-SNAPSHOT/hadoop-hdds-server-scm-0.4.1-SNAPSHOT.jar:/home/user/.m2/repository/org/apache/hadoop/hadoop-hdds-docs/0.4.1-SNAPSHOT/hadoop-hdds-docs-0.4.1-SNAPSHOT.jar:/home/user/.m2/repository/io/dropwizard/metrics/metrics-core/3.2.4/metrics-core-3.2.4.jar:/home/user/.m2/repository/org/hamcrest/hamcrest-all/1.3/hamcrest-all-1.3.jar:/home/user/.m2/repository/org/bouncycastle/bcprov-jdk15on/1.60/bcprov-jdk15on-1.60.jar:/home/user/.m2/repository/info/picocli/picocli/3.9.6/picocli-3.9.6.jar:/home/user/.m2/repository/com/google/protobuf/protobuf-java/2.5.0/protobuf-java-2.5.0.jar:/home/user/.m2/repository/com/google/guava/guava/11.0.2/guava-11.0.2.jar:/home/user/.m2/repository/org/apache/hadoop/hadoop-ozone-ozone-manager/0.4.1-SNAPSHOT/hadoop-ozone-ozone-manager-0.4.1-SNAPSHOT.jar:/home/user/.m2/repository/org/apache/hadoop/hadoop-minikdc/3.2.0/hadoop-minikdc-3.2.0.jar:/home/user/.m2/repository/commons-io/commons-io/2.5/commons-io-2.5.jar:/home/user/.m2/repository/org/apache/kerby/kerb-simplekdc/1.0.1/kerb-simplekdc-1.0.1.jar:/home/user/.m2/repository/org/apache/kerby/kerb-client/1.0.1/kerb-client-1.0.1.jar:/home/user/.m2/repository/org/apache/kerby/kerby-config/1.0.1/kerby-config-1.0.1.jar:/home/user/.m2/repository/org/apache/kerby/kerb-core/1.0.1/kerb-core-1.0.1.jar:/home/user/.m2/repository/org/apache/kerby/kerby-pkix/1.0.1/kerby-pkix-1.0.1.jar:/home/user/.m2/repository/org/apache/kerby/kerby-asn1/1.0.1/kerby-asn1-1.0.1.jar:/home/user/.m2/repository/org/apache/kerby/kerby-util/1.0.1/kerby-util-1.0.1.jar:/home/user/.m2/repository/org/apache/kerby/kerb-common/1.0.1/kerb-common-1.0.1.jar:/home/user/.m2/repository/org/apache/kerby/kerb-crypto/1.0.1/kerb-crypto-1.0.1.jar:/home/user/.m2/repository/org/apache/kerby/kerb-util/1.0.1/kerb-util-1.0.1.jar:/home/user/.m2/repository/org/apache/kerby/token-provider/1.0.1/token-provider-1.0.1.jar:/home/user/.m2/repository/org/apache/kerby/kerb-admin/1.0.1/kerb-admin-1.0.1.jar:/home/user/.m2/repository/org/apache/kerby/kerb-server/1.0.1/kerb-server-1.0.1.jar:/home/user/.m2/repository/org/apache/kerby/kerb-identity/1.0.1/kerb-identity-1.0.1.jar:/home/user/.m2/repository/org/apache/kerby/kerby-xdr/1.0.1/kerby-xdr-1.0.1.jar:/home/user/.m2/repository/org/slf4j/slf4j-log4j12/1.7.25/slf4j-log4j12-1.7.25.jar:/home/user/.m2/repository/org/apache/hadoop/hadoop-ozone-objectstore-service/0.4.1-SNAPSHOT/hadoop-ozone-objectstore-service-0.4.1-SNAPSHOT.jar:/home/user/.m2/repository/org/apache/hadoop/hadoop-ozone-s3gateway/0.4.1-SNAPSHOT/hadoop-ozone-s3gateway-0.4.1-SNAPSHOT.jar:/home/user/.m2/repository/org/jboss/weld/servlet/weld-servlet/2.4.7.Final/weld-servlet-2.4.7.Final.jar:/home/user/.m2/repository/org/glassfish/jersey/containers/jersey-container-servlet-core/2.27/jersey-container-servlet-core-2.27.jar:/home/user/.m2/repository/org/glassfish/hk2/external/javax.inject/2.5.0-b42/javax.inject-2.5.0-b42.jar:/home/user/.m2/repository/org/glassfish/jersey/core/jersey-common/2.27/jersey-common-2.27.jar:/home/user/.m2/repository/org/glassfish/hk2/osgi-resource-locator/1.0.1/osgi-resource-locator-1.0.1.jar:/home/user/.m2/repository/javax/ws/rs/javax.ws.rs-api/2.1/javax.ws.rs-api-2.1.jar:/home/user/.m2/repository/org/glassfish/jersey/ext/cdi/jersey-cdi1x/2.27/jersey-cdi1x-2.27.jar:/home/user/.m2/repository/org/glassfish/jersey/inject/jersey-hk2/2.27/jersey-hk2-2.27.jar:/home/user/.m2/repository/org/glassfish/hk2/hk2-locator/2.5.0-b42/hk2-locator-2.5.0-b42.jar:/home/user/.m2/repository/org/javassist/javassist/3.22.0-CR2/javassist-3.22.0-CR2.jar:/home/user/.m2/repository/org/glassfish/hk2/hk2-api/2.5.0/hk2-api-2.5.0.jar:/home/user/.m2/repository/org/glassfish/hk2/external/jakarta.inject/2.5.0/jakarta.inject-2.5.0.jar:/home/user/.m2/repository/org/glassfish/hk2/hk2-utils/2.5.0/hk2-utils-2.5.0.jar:/home/user/.m2/repository/jakarta/annotation/jakarta.annotation-api/1.3.4/jakarta.annotation-api-1.3.4.jar:/home/user/.m2/repository/org/glassfish/hk2/external/aopalliance-repackaged/2.5.0/aopalliance-repackaged-2.5.0.jar:/home/user/.m2/repository/com/fasterxml/jackson/dataformat/jackson-dataformat-xml/2.9.0/jackson-dataformat-xml-2.9.0.jar:/home/user/.m2/repository/com/fasterxml/jackson/core/jackson-core/2.9.5/jackson-core-2.9.5.jar:/home/user/.m2/repository/com/fasterxml/jackson/module/jackson-module-jaxb-annotations/2.9.5/jackson-module-jaxb-annotations-2.9.5.jar:/home/user/.m2/repository/javax/enterprise/cdi-api/1.2/cdi-api-1.2.jar:/home/user/.m2/repository/javax/el/javax.el-api/3.0.0/javax.el-api-3.0.0.jar:/home/user/.m2/repository/javax/interceptor/javax.interceptor-api/1.2/javax.interceptor-api-1.2.jar:/home/user/.m2/repository/javax/inject/javax.inject/1/javax.inject-1.jar:/home/user/.m2/repository/com/sun/xml/bind/jaxb-impl/2.3.0.1/jaxb-impl-2.3.0.1.jar:/home/user/.m2/repository/com/sun/xml/bind/jaxb-core/2.3.0.1/jaxb-core-2.3.0.1.jar:/home/user/.m2/repository/javax/xml/bind/jaxb-api/2.3.0/jaxb-api-2.3.0.jar:/home/user/.m2/repository/javax/activation/activation/1.1.1/activation-1.1.1.jar:/home/user/.m2/repository/org/apache/hadoop/hadoop-ozone-csi/0.4.1-SNAPSHOT/hadoop-ozone-csi-0.4.1-SNAPSHOT.jar:/home/user/.m2/repository/com/google/protobuf/protobuf-java-util/3.5.1/protobuf-java-util-3.5.1.jar:/home/user/.m2/repository/org/apache/hadoop/hadoop-hdds-config/0.4.1-SNAPSHOT/hadoop-hdds-config-0.4.1-SNAPSHOT.jar:/home/user/.m2/repository/io/grpc/grpc-netty/1.17.1/grpc-netty-1.17.1.jar:/home/user/.m2/repository/io/grpc/grpc-core/1.17.1/grpc-core-1.17.1.jar:/home/user/.m2/repository/io/grpc/grpc-context/1.17.1/grpc-context-1.17.1.jar:/home/user/.m2/repository/com/google/errorprone/error_prone_annotations/2.2.0/error_prone_annotations-2.2.0.jar:/home/user/.m2/repository/org/codehaus/mojo/animal-sniffer-annotations/1.17/animal-sniffer-annotations-1.17.jar:/home/user/.m2/repository/io/opencensus/opencensus-api/0.17.0/opencensus-api-0.17.0.jar:/home/user/.m2/repository/io/opencensus/opencensus-contrib-grpc-metrics/0.17.0/opencensus-contrib-grpc-metrics-0.17.0.jar:/home/user/.m2/repository/io/netty/netty-codec-http2/4.1.30.Final/netty-codec-http2-4.1.30.Final.jar:/home/user/.m2/repository/io/netty/netty-codec-http/4.1.30.Final/netty-codec-http-4.1.30.Final.jar:/home/user/.m2/repository/io/netty/netty-codec/4.1.30.Final/netty-codec-4.1.30.Final.jar:/home/user/.m2/repository/io/netty/netty-handler/4.1.30.Final/netty-handler-4.1.30.Final.jar:/home/user/.m2/repository/io/netty/netty-handler-proxy/4.1.30.Final/netty-handler-proxy-4.1.30.Final.jar:/home/user/.m2/repository/io/netty/netty-codec-socks/4.1.30.Final/netty-codec-socks-4.1.30.Final.jar:/home/user/.m2/repository/io/netty/netty-transport-native-epoll/4.1.30.Final/netty-transport-native-epoll-4.1.30.Final.jar:/home/user/.m2/repository/io/netty/netty-common/4.1.30.Final/netty-common-4.1.30.Final.jar:/home/user/.m2/repository/io/netty/netty-buffer/4.1.30.Final/netty-buffer-4.1.30.Final.jar:/home/user/.m2/repository/io/netty/netty-transport/4.1.30.Final/netty-transport-4.1.30.Final.jar:/home/user/.m2/repository/io/netty/netty-resolver/4.1.30.Final/netty-resolver-4.1.30.Final.jar:/home/user/.m2/repository/io/netty/netty-transport-native-unix-common/4.1.30.Final/netty-transport-native-unix-common-4.1.30.Final.jar:/home/user/.m2/repository/io/grpc/grpc-protobuf/1.17.1/grpc-protobuf-1.17.1.jar:/home/user/.m2/repository/com/google/api/grpc/proto-google-common-protos/1.0.0/proto-google-common-protos-1.0.0.jar:/home/user/.m2/repository/io/grpc/grpc-protobuf-lite/1.17.1/grpc-protobuf-lite-1.17.1.jar:/home/user/.m2/repository/io/grpc/grpc-stub/1.17.1/grpc-stub-1.17.1.jar:/home/user/.m2/repository/org/apache/hadoop/hadoop-ozone-recon/0.4.1-SNAPSHOT/hadoop-ozone-recon-0.4.1-SNAPSHOT.jar:/home/user/.m2/repository/org/apache/hadoop/hadoop-ozone-reconcodegen/0.4.1-SNAPSHOT/hadoop-ozone-reconcodegen-0.4.1-SNAPSHOT.jar:/home/user/.m2/repository/com/google/inject/extensions/guice-multibindings/4.0/guice-multibindings-4.0.jar:/home/user/.m2/repository/com/google/inject/guice/4.0/guice-4.0.jar:/home/user/.m2/repository/aopalliance/aopalliance/1.0/aopalliance-1.0.jar:/home/user/.m2/repository/com/google/inject/extensions/guice-servlet/4.0/guice-servlet-4.0.jar:/home/user/.m2/repository/org/glassfish/jersey/containers/jersey-container-servlet/2.27/jersey-container-servlet-2.27.jar:/home/user/.m2/repository/org/glassfish/hk2/guice-bridge/2.5.0/guice-bridge-2.5.0.jar:/home/user/.m2/repository/org/glassfish/jersey/core/jersey-server/2.27/jersey-server-2.27.jar:/home/user/.m2/repository/org/glassfish/jersey/core/jersey-client/2.27/jersey-client-2.27.jar:/home/user/.m2/repository/org/glassfish/jersey/media/jersey-media-jaxb/2.27/jersey-media-jaxb-2.27.jar:/home/user/.m2/repository/javax/validation/validation-api/1.1.0.Final/validation-api-1.1.0.Final.jar:/home/user/.m2/repository/org/glassfish/jersey/media/jersey-media-json-jackson/2.27/jersey-media-json-jackson-2.27.jar:/home/user/.m2/repository/org/glassfish/jersey/ext/jersey-entity-filtering/2.27/jersey-entity-filtering-2.27.jar:/home/user/.m2/repository/com/google/inject/extensions/guice-assistedinject/4.0/guice-assistedinject-4.0.jar:/home/user/.m2/repository/org/jooq/jooq/3.11.10/jooq-3.11.10.jar:/home/user/.m2/repository/org/jooq/jooq-meta/3.11.10/jooq-meta-3.11.10.jar:/home/user/.m2/repository/org/jooq/jooq-codegen/3.11.10/jooq-codegen-3.11.10.jar:/home/user/.m2/repository/com/jolbox/bonecp/0.8.0.RELEASE/bonecp-0.8.0.RELEASE.jar:/home/user/.m2/repository/org/xerial/sqlite-jdbc/3.25.2/sqlite-jdbc-3.25.2.jar:/home/user/.m2/repository/org/springframework/spring-jdbc/5.1.3.RELEASE/spring-jdbc-5.1.3.RELEASE.jar:/home/user/.m2/repository/org/springframework/spring-beans/5.1.3.RELEASE/spring-beans-5.1.3.RELEASE.jar:/home/user/.m2/repository/org/springframework/spring-core/5.1.3.RELEASE/spring-core-5.1.3.RELEASE.jar:/home/user/.m2/repository/org/springframework/spring-jcl/5.1.3.RELEASE/spring-jcl-5.1.3.RELEASE.jar:/home/user/.m2/repository/org/springframework/spring-tx/5.1.3.RELEASE/spring-tx-5.1.3.RELEASE.jar:/home/user/.m2/repository/org/apache/hadoop/hadoop-ozone-client/0.4.1-SNAPSHOT/hadoop-ozone-client-0.4.1-SNAPSHOT.jar:/home/user/.m2/repository/commons-lang/commons-lang/2.6/commons-lang-2.6.jar:/home/user/.m2/repository/org/apache/hadoop/hadoop-ozone-ozone-manager/0.4.1-SNAPSHOT/hadoop-ozone-ozone-manager-0.4.1-SNAPSHOT-tests.jar:/home/user/.m2/repository/junit/junit/4.11/junit-4.11.jar:/home/user/.m2/repository/org/hamcrest/hamcrest-core/1.3/hamcrest-core-1.3.jar:/home/user/.m2/repository/org/openjdk/jmh/jmh-core/1.19/jmh-core-1.19.jar:/home/user/.m2/repository/net/sf/jopt-simple/jopt-simple/4.6/jopt-simple-4.6.jar:/home/user/.m2/repository/org/apache/commons/commons-math3/3.1.1/commons-math3-3.1.1.jar:/home/user/.m2/repository/org/openjdk/jmh/jmh-generator-annprocess/1.19/jmh-generator-annprocess-1.19.jar:/home/user/.m2/repository/org/mockito/mockito-all/1.8.5/mockito-all-1.8.5.jar:/home/user/.m2/repository/org/apache/hadoop/hadoop-kms/3.2.0/hadoop-kms-3.2.0.jar:/home/user/.m2/repository/org/apache/hadoop/hadoop-auth/3.2.0/hadoop-auth-3.2.0.jar:/home/user/.m2/repository/com/nimbusds/nimbus-jose-jwt/4.41.1/nimbus-jose-jwt-4.41.1.jar:/home/user/.m2/repository/com/github/stephenc/jcip/jcip-annotations/1.0-1/jcip-annotations-1.0-1.jar:/home/user/.m2/repository/net/minidev/json-smart/2.3/json-smart-2.3.jar:/home/user/.m2/repository/net/minidev/accessors-smart/1.2/accessors-smart-1.2.jar:/home/user/.m2/repository/org/ow2/asm/asm/5.0.4/asm-5.0.4.jar:/home/user/.m2/repository/org/apache/curator/curator-framework/2.12.0/curator-framework-2.12.0.jar:/home/user/.m2/repository/com/sun/jersey/jersey-core/1.19/jersey-core-1.19.jar:/home/user/.m2/repository/javax/ws/rs/jsr311-api/1.1.1/jsr311-api-1.1.1.jar:/home/user/.m2/repository/com/sun/jersey/jersey-server/1.19/jersey-server-1.19.jar:/home/user/.m2/repository/javax/servlet/javax.servlet-api/3.1.0/javax.servlet-api-3.1.0.jar:/home/user/.m2/repository/org/eclipse/jetty/jetty-server/9.3.24.v20180605/jetty-server-9.3.24.v20180605.jar:/home/user/.m2/repository/org/eclipse/jetty/jetty-http/9.3.24.v20180605/jetty-http-9.3.24.v20180605.jar:/home/user/.m2/repository/org/eclipse/jetty/jetty-io/9.3.24.v20180605/jetty-io-9.3.24.v20180605.jar:/home/user/.m2/repository/org/eclipse/jetty/jetty-webapp/9.3.24.v20180605/jetty-webapp-9.3.24.v20180605.jar:/home/user/.m2/repository/org/eclipse/jetty/jetty-xml/9.3.24.v20180605/jetty-xml-9.3.24.v20180605.jar:/home/user/.m2/repository/log4j/log4j/1.2.17/log4j-1.2.17.jar:/home/user/.m2/repository/org/slf4j/slf4j-api/1.7.25/slf4j-api-1.7.25.jar:/home/user/.m2/repository/org/slf4j/jul-to-slf4j/1.7.25/jul-to-slf4j-1.7.25.jar:/home/user/.m2/repository/org/eclipse/jetty/jetty-util/9.3.24.v20180605/jetty-util-9.3.24.v20180605.jar:/home/user/.m2/repository/com/fasterxml/jackson/core/jackson-databind/2.9.5/jackson-databind-2.9.5.jar:/home/user/.m2/repository/org/apache/hadoop/hadoop-kms/3.2.0/hadoop-kms-3.2.0-tests.jar:/home/user/.m2/repository/org/apache/hadoop/hadoop-hdds-server-scm/0.4.1-SNAPSHOT/hadoop-hdds-server-scm-0.4.1-SNAPSHOT-tests.jar:/home/user/.m2/repository/org/apache/hadoop/hadoop-hdds-container-service/0.4.1-SNAPSHOT/hadoop-hdds-container-service-0.4.1-SNAPSHOT-tests.jar:/home/user/.m2/repository/org/yaml/snakeyaml/1.16/snakeyaml-1.16.jar:/home/user/.m2/repository/org/apache/hadoop/hadoop-common/3.2.0/hadoop-common-3.2.0-tests.jar:/home/user/.m2/repository/org/apache/hadoop/hadoop-annotations/3.2.0/hadoop-annotations-3.2.0.jar:/usr/lib/jvm/java-1.8-openjdk/jre/../lib/tools.jar:/home/user/.m2/repository/commons-cli/commons-cli/1.2/commons-cli-1.2.jar:/home/user/.m2/repository/org/apache/httpcomponents/httpclient/4.5.2/httpclient-4.5.2.jar:/home/user/.m2/repository/org/apache/httpcomponents/httpcore/4.4.4/httpcore-4.4.4.jar:/home/user/.m2/repository/commons-codec/commons-codec/1.11/commons-codec-1.11.jar:/home/user/.m2/repository/commons-net/commons-net/3.6/commons-net-3.6.jar:/home/user/.m2/repository/commons-collections/commons-collections/3.2.2/commons-collections-3.2.2.jar:/home/user/.m2/repository/org/eclipse/jetty/jetty-servlet/9.3.24.v20180605/jetty-servlet-9.3.24.v20180605.jar:/home/user/.m2/repository/org/eclipse/jetty/jetty-security/9.3.24.v20180605/jetty-security-9.3.24.v20180605.jar:/home/user/.m2/repository/javax/servlet/jsp/jsp-api/2.1/jsp-api-2.1.jar:/home/user/.m2/repository/com/sun/jersey/jersey-servlet/1.19/jersey-servlet-1.19.jar:/home/user/.m2/repository/com/sun/jersey/jersey-json/1.19/jersey-json-1.19.jar:/home/user/.m2/repository/org/codehaus/jettison/jettison/1.1/jettison-1.1.jar:/home/user/.m2/repository/org/codehaus/jackson/jackson-core-asl/1.9.13/jackson-core-asl-1.9.13.jar:/home/user/.m2/repository/org/codehaus/jackson/jackson-mapper-asl/1.9.13/jackson-mapper-asl-1.9.13.jar:/home/user/.m2/repository/org/codehaus/jackson/jackson-jaxrs/1.9.13/jackson-jaxrs-1.9.13.jar:/home/user/.m2/repository/org/codehaus/jackson/jackson-xc/1.9.13/jackson-xc-1.9.13.jar:/home/user/.m2/repository/commons-logging/commons-logging/1.1.3/commons-logging-1.1.3.jar:/home/user/.m2/repository/commons-beanutils/commons-beanutils/1.9.3/commons-beanutils-1.9.3.jar:/home/user/.m2/repository/org/apache/commons/commons-configuration2/2.1.1/commons-configuration2-2.1.1.jar:/home/user/.m2/repository/org/apache/commons/commons-lang3/3.7/commons-lang3-3.7.jar:/home/user/.m2/repository/org/apache/commons/commons-text/1.4/commons-text-1.4.jar:/home/user/.m2/repository/org/apache/avro/avro/1.7.7/avro-1.7.7.jar:/home/user/.m2/repository/com/thoughtworks/paranamer/paranamer/2.3/paranamer-2.3.jar:/home/user/.m2/repository/org/xerial/snappy/snappy-java/1.0.5/snappy-java-1.0.5.jar:/home/user/.m2/repository/com/google/re2j/re2j/1.1/re2j-1.1.jar:/home/user/.m2/repository/com/google/code/gson/gson/2.2.4/gson-2.2.4.jar:/home/user/.m2/repository/com/jcraft/jsch/0.1.54/jsch-0.1.54.jar:/home/user/.m2/repository/org/apache/curator/curator-client/2.12.0/curator-client-2.12.0.jar:/home/user/.m2/repository/org/apache/curator/curator-recipes/2.12.0/curator-recipes-2.12.0.jar:/home/user/.m2/repository/com/google/code/findbugs/jsr305/3.0.0/jsr305-3.0.0.jar:/home/user/.m2/repository/org/apache/htrace/htrace-core4/4.1.0-incubating/htrace-core4-4.1.0-incubating.jar:/home/user/.m2/repository/org/apache/zookeeper/zookeeper/3.4.13/zookeeper-3.4.13.jar:/home/user/.m2/repository/org/apache/yetus/audience-annotations/0.5.0/audience-annotations-0.5.0.jar:/home/user/.m2/repository/org/codehaus/woodstox/stax2-api/3.1.4/stax2-api-3.1.4.jar:/home/user/.m2/repository/com/fasterxml/woodstox/woodstox-core/5.0.3/woodstox-core-5.0.3.jar:/home/user/.m2/repository/dnsjava/dnsjava/2.1.7/dnsjava-2.1.7.jar:/home/user/.m2/repository/org/apache/hadoop/hadoop-hdfs/3.2.0/hadoop-hdfs-3.2.0-tests.jar:/home/user/.m2/repository/org/eclipse/jetty/jetty-util-ajax/9.3.24.v20180605/jetty-util-ajax-9.3.24.v20180605.jar:/home/user/.m2/repository/commons-daemon/commons-daemon/1.0.13/commons-daemon-1.0.13.jar:/home/user/.m2/repository/io/netty/netty/3.10.5.Final/netty-3.10.5.Final.jar:/home/user/.m2/repository/io/netty/netty-all/4.0.52.Final/netty-all-4.0.52.Final.jar:/home/user/.m2/repository/org/fusesource/leveldbjni/leveldbjni-all/1.8/leveldbjni-all-1.8.jar:"/>
    <property name="sun.cpu.endian" value="little"/>
    <property name="user.home" value="/home/user"/>
    <property name="user.language" value="en"/>
    <property name="java.specification.vendor" value="Oracle Corporation"/>
    <property name="java.home" value="/usr/lib/jvm/java-1.8-openjdk/jre"/>
    <property name="java.security.krb5.conf" value="/workdir/hadoop-ozone/integration-test/target/test-classes/krb5.conf"/>
    <property name="basedir" value="/workdir/hadoop-ozone/integration-test"/>
    <property name="file.separator" value="/"/>
    <property name="line.separator" value="&#10;"/>
    <property name="java.vm.specification.vendor" value="Oracle Corporation"/>
    <property name="java.specification.name" value="Java Platform API Specification"/>
    <property name="java.awt.graphicsenv" value="sun.awt.X11GraphicsEnvironment"/>
    <property name="surefire.real.class.path" value="/workdir/hadoop-ozone/integration-test/target/surefire/surefirebooter1956865034242954752.jar"/>
    <property name="hadoop.log.dir" value="/workdir/hadoop-ozone/integration-test/target/log"/>
    <property name="sun.boot.class.path" value="/usr/lib/jvm/java-1.8-openjdk/jre/lib/resources.jar:/usr/lib/jvm/java-1.8-openjdk/jre/lib/rt.jar:/usr/lib/jvm/java-1.8-openjdk/jre/lib/sunrsasign.jar:/usr/lib/jvm/java-1.8-openjdk/jre/lib/jsse.jar:/usr/lib/jvm/java-1.8-openjdk/jre/lib/jce.jar:/usr/lib/jvm/java-1.8-openjdk/jre/lib/charsets.jar:/usr/lib/jvm/java-1.8-openjdk/jre/lib/jfr.jar:/usr/lib/jvm/java-1.8-openjdk/jre/classes"/>
    <property name="sun.management.compiler" value="HotSpot 64-Bit Tiered Compilers"/>
    <property name="java.runtime.version" value="1.8.0_212-b04"/>
    <property name="java.net.preferIPv4Stack" value="true"/>
    <property name="user.name" value="jenkins1000"/>
    <property name="path.separator" value=":"/>
    <property name="java.security.egd" value="file:///dev/urandom"/>
    <property name="os.version" value="3.10.0-957.12.2.el7.x86_64"/>
    <property name="java.endorsed.dirs" value="/usr/lib/jvm/java-1.8-openjdk/jre/lib/endorsed"/>
    <property name="java.runtime.name" value="OpenJDK Runtime Environment"/>
    <property name="file.encoding" value="UTF-8"/>
    <property name="java.vm.name" value="OpenJDK 64-Bit Server VM"/>
    <property name="test.build.webapps" value=""/>
    <property name="localRepository" value="/home/user/.m2/repository"/>
    <property name="java.vendor.url.bug" value="https://icedtea.classpath.org/bugzilla"/>
    <property name="java.io.tmpdir" value="/tmp"/>
    <property name="require.test.libhadoop" value=""/>
    <property name="java.version" value="1.8.0_212"/>
    <property name="user.dir" value="/workdir/hadoop-ozone/integration-test"/>
    <property name="os.arch" value="amd64"/>
    <property name="java.vm.specification.name" value="Java Virtual Machine Specification"/>
    <property name="test.build.classes" value="/workdir/hadoop-ozone/integration-test/target/test-classes"/>
    <property name="java.awt.printerjob" value="sun.print.PSPrinterJob"/>
    <property name="sun.os.patch.level" value="unknown"/>
    <property name="hadoop.tmp.dir" value="/workdir/hadoop-ozone/integration-test/target/tmp"/>
    <property name="java.library.path" value="/usr/lib/jvm/java-1.8-openjdk/jre/lib/amd64/server:/usr/lib/jvm/java-1.8-openjdk/jre/lib/amd64:/usr/lib/jvm/java-1.8-openjdk/jre/../lib/amd64:/workdir/hadoop-ozone/integration-test/target/native/target/usr/local/lib:/workdir/hadoop-ozone/integration-test/../../hadoop-common-project/hadoop-common/target/native/target/usr/local/lib:/usr/java/packages/lib/amd64:/usr/lib64:/lib64:/lib:/usr/lib"/>
    <property name="java.vm.info" value="mixed mode"/>
    <property name="java.vendor" value="IcedTea"/>
    <property name="java.vm.version" value="25.212-b04"/>
    <property name="java.ext.dirs" value="/usr/lib/jvm/java-1.8-openjdk/jre/lib/ext:/usr/java/packages/lib/ext"/>
    <property name="sun.io.unicode.encoding" value="UnicodeLittle"/>
    <property name="java.class.version" value="52.0"/>
  </properties>
  <testcase name="testGroupMismatchExceptionHandling" classname="org.apache.hadoop.ozone.client.rpc.TestOzoneClientRetriesOnException" time="39.306"/>
  <testcase name="testMaxRetriesByOzoneClient" classname="org.apache.hadoop.ozone.client.rpc.TestOzoneClientRetriesOnException" time="32.089">
    <error message="Failed to command cmdType: CreateContainer&#10;containerID: 1&#10;datanodeUuid: &quot;1cf89b6a-11ba-4732-a060-c94e1cf1c9e4&quot;&#10;createContainer {&#10;}&#10;" type="java.io.IOException">java.io.IOException: 
Failed to command cmdType: CreateContainer
containerID: 1
datanodeUuid: "1cf89b6a-11ba-4732-a060-c94e1cf1c9e4"
createContainer {
}

	at org.apache.hadoop.hdds.scm.XceiverClientSpi.sendCommand(XceiverClientSpi.java:113)
	at org.apache.hadoop.ozone.client.rpc.TestOzoneClientRetriesOnException.testMaxRetriesByOzoneClient(TestOzoneClientRetriesOnException.java:190)
	at sun.reflect.NativeMethodAccessorImpl.invoke0(Native Method)
	at sun.reflect.NativeMethodAccessorImpl.invoke(NativeMethodAccessorImpl.java:62)
	at sun.reflect.DelegatingMethodAccessorImpl.invoke(DelegatingMethodAccessorImpl.java:43)
	at java.lang.reflect.Method.invoke(Method.java:498)
	at org.junit.runners.model.FrameworkMethod$1.runReflectiveCall(FrameworkMethod.java:47)
	at org.junit.internal.runners.model.ReflectiveCallable.run(ReflectiveCallable.java:12)
	at org.junit.runners.model.FrameworkMethod.invokeExplosively(FrameworkMethod.java:44)
	at org.junit.internal.runners.statements.InvokeMethod.evaluate(InvokeMethod.java:17)
	at org.junit.internal.runners.statements.RunBefores.evaluate(RunBefores.java:26)
	at org.junit.internal.runners.statements.RunAfters.evaluate(RunAfters.java:27)
	at org.junit.runners.ParentRunner.runLeaf(ParentRunner.java:271)
	at org.junit.runners.BlockJUnit4ClassRunner.runChild(BlockJUnit4ClassRunner.java:70)
	at org.junit.runners.BlockJUnit4ClassRunner.runChild(BlockJUnit4ClassRunner.java:50)
	at org.junit.runners.ParentRunner$3.run(ParentRunner.java:238)
	at org.junit.runners.ParentRunner$1.schedule(ParentRunner.java:63)
	at org.junit.runners.ParentRunner.runChildren(ParentRunner.java:236)
	at org.junit.runners.ParentRunner.access$000(ParentRunner.java:53)
	at org.junit.runners.ParentRunner$2.evaluate(ParentRunner.java:229)
	at org.junit.runners.ParentRunner.run(ParentRunner.java:309)
	at org.apache.maven.surefire.junit4.JUnit4Provider.execute(JUnit4Provider.java:365)
	at org.apache.maven.surefire.junit4.JUnit4Provider.executeWithRerun(JUnit4Provider.java:273)
	at org.apache.maven.surefire.junit4.JUnit4Provider.executeTestSet(JUnit4Provider.java:238)
	at org.apache.maven.surefire.junit4.JUnit4Provider.invoke(JUnit4Provider.java:159)
	at org.apache.maven.surefire.booter.ForkedBooter.invokeProviderInSameClassLoader(ForkedBooter.java:384)
	at org.apache.maven.surefire.booter.ForkedBooter.runSuitesInProcess(ForkedBooter.java:345)
	at org.apache.maven.surefire.booter.ForkedBooter.execute(ForkedBooter.java:126)
	at org.apache.maven.surefire.booter.ForkedBooter.main(ForkedBooter.java:418)
Caused by: java.util.concurrent.ExecutionException: org.apache.ratis.protocol.StateMachineException: java.util.concurrent.CompletionException: java.lang.IllegalArgumentException
	at java.util.concurrent.CompletableFuture.reportGet(CompletableFuture.java:357)
	at java.util.concurrent.CompletableFuture.get(CompletableFuture.java:1895)
	at org.apache.hadoop.hdds.scm.XceiverClientSpi.sendCommand(XceiverClientSpi.java:110)
	... 28 more
Caused by: org.apache.ratis.protocol.StateMachineException: java.util.concurrent.CompletionException: java.lang.IllegalArgumentException
	at java.util.concurrent.CompletableFuture.encodeThrowable(CompletableFuture.java:273)
	at java.util.concurrent.CompletableFuture.completeThrowable(CompletableFuture.java:280)
	at java.util.concurrent.CompletableFuture$AsyncSupply.run(CompletableFuture.java:1592)
	at java.util.concurrent.ThreadPoolExecutor.runWorker(ThreadPoolExecutor.java:1149)
	at java.util.concurrent.ThreadPoolExecutor$Worker.run(ThreadPoolExecutor.java:624)
	at java.lang.Thread.run(Thread.java:748)
</error>
    <system-out><![CDATA[2019-07-30 22:29:23,644 WARN  server.ServerUtils (ServerUtils.java:getScmDbDir(145)) - ozone.scm.db.dirs is not configured. We recommend adding this setting. Falling back to ozone.metadata.dirs instead.
2019-07-30 22:29:23,653 WARN  server.ServerUtils (ServerUtils.java:getScmDbDir(145)) - ozone.scm.db.dirs is not configured. We recommend adding this setting. Falling back to ozone.metadata.dirs instead.
2019-07-30 22:29:23,653 WARN  server.ServerUtils (ServerUtils.java:getScmDbDir(145)) - ozone.scm.db.dirs is not configured. We recommend adding this setting. Falling back to ozone.metadata.dirs instead.
2019-07-30 22:29:23,654 INFO  db.DBStoreBuilder (DBStoreBuilder.java:addTable(110)) - using custom profile for table: deletedBlocks
2019-07-30 22:29:23,654 INFO  db.DBStoreBuilder (DBStoreBuilder.java:processTables(161)) - Using default column profile:DBProfile.DISK for Table:deletedBlocks
2019-07-30 22:29:23,654 INFO  db.DBStoreBuilder (DBStoreBuilder.java:addTable(110)) - using custom profile for table: validCerts
2019-07-30 22:29:23,654 INFO  db.DBStoreBuilder (DBStoreBuilder.java:processTables(161)) - Using default column profile:DBProfile.DISK for Table:validCerts
2019-07-30 22:29:23,654 INFO  db.DBStoreBuilder (DBStoreBuilder.java:addTable(110)) - using custom profile for table: revokedCerts
2019-07-30 22:29:23,655 INFO  db.DBStoreBuilder (DBStoreBuilder.java:processTables(161)) - Using default column profile:DBProfile.DISK for Table:revokedCerts
2019-07-30 22:29:23,655 INFO  db.DBStoreBuilder (DBStoreBuilder.java:addTable(110)) - using custom profile for table: default
2019-07-30 22:29:23,655 INFO  db.DBStoreBuilder (DBStoreBuilder.java:processTables(167)) - Using default column profile:DBProfile.DISK for Table:default
2019-07-30 22:29:23,655 INFO  db.DBStoreBuilder (DBStoreBuilder.java:getDbProfile(198)) - Using default options. DBProfile.DISK
2019-07-30 22:29:23,724 INFO  net.NodeSchemaLoader (NodeSchemaLoader.java:loadSchemaFromFile(125)) - Loading file from sun.misc.CompoundEnumeration@2a6fb62f
2019-07-30 22:29:23,725 INFO  net.NodeSchemaLoader (NodeSchemaLoader.java:loadSchema(171)) - Loading network topology layer schema file
2019-07-30 22:29:23,730 WARN  server.ServerUtils (ServerUtils.java:sanitizeUserArgs(70)) - ozone.scm.stale.node.interval value = 300000 is larger than max = 100000 based on the key value of ozone.scm.heartbeat.thread.interval, reset to the max value 100000.
2019-07-30 22:29:23,730 WARN  server.ServerUtils (ServerUtils.java:sanitizeUserArgs(70)) - ozone.scm.stale.node.interval value = 300000 is larger than max = 100000 based on the key value of ozone.scm.heartbeat.thread.interval, reset to the max value 100000.
2019-07-30 22:29:23,730 INFO  node.SCMNodeManager (SCMNodeManager.java:<init>(121)) - Entering startup safe mode.
2019-07-30 22:29:23,731 WARN  server.ServerUtils (ServerUtils.java:getScmDbDir(145)) - ozone.scm.db.dirs is not configured. We recommend adding this setting. Falling back to ozone.metadata.dirs instead.
2019-07-30 22:29:23,755 INFO  pipeline.SCMPipelineManager (SCMPipelineManager.java:initializePipelineState(126)) - No pipeline exists in current db
2019-07-30 22:29:23,755 WARN  server.ServerUtils (ServerUtils.java:getScmDbDir(145)) - ozone.scm.db.dirs is not configured. We recommend adding this setting. Falling back to ozone.metadata.dirs instead.
2019-07-30 22:29:23,781 WARN  events.EventQueue (EventQueue.java:fireEvent(175)) - No event handler registered for event TypedEvent{payloadType=SafeModeStatus, name='SafeModeStatus'}
2019-07-30 22:29:23,782 INFO  ipc.CallQueueManager (CallQueueManager.java:<init>(84)) - Using callQueue: class java.util.concurrent.LinkedBlockingQueue, queueCapacity: 2000, scheduler: class org.apache.hadoop.ipc.DefaultRpcScheduler, ipcBackoff: false.
2019-07-30 22:29:23,783 INFO  ipc.Server (Server.java:run(1074)) - Starting Socket Reader #1 for port 33691
2019-07-30 22:29:23,785 INFO  ipc.CallQueueManager (CallQueueManager.java:<init>(84)) - Using callQueue: class java.util.concurrent.LinkedBlockingQueue, queueCapacity: 2000, scheduler: class org.apache.hadoop.ipc.DefaultRpcScheduler, ipcBackoff: false.
2019-07-30 22:29:23,786 INFO  ipc.Server (Server.java:run(1074)) - Starting Socket Reader #1 for port 32906
2019-07-30 22:29:23,788 INFO  ipc.CallQueueManager (CallQueueManager.java:<init>(84)) - Using callQueue: class java.util.concurrent.LinkedBlockingQueue, queueCapacity: 2000, scheduler: class org.apache.hadoop.ipc.DefaultRpcScheduler, ipcBackoff: false.
2019-07-30 22:29:23,789 INFO  ipc.Server (Server.java:run(1074)) - Starting Socket Reader #1 for port 45678
2019-07-30 22:29:23,793 INFO  hdfs.DFSUtil (DFSUtil.java:httpServerTemplateForNNAndJN(1641)) - Starting Web-server for scm at: http://0.0.0.0:0
2019-07-30 22:29:23,796 INFO  server.AuthenticationFilter (AuthenticationFilter.java:constructSecretProvider(240)) - Unable to initialize FileSignerSecretProvider, falling back to use random secrets.
2019-07-30 22:29:23,796 WARN  http.HttpRequestLog (HttpRequestLog.java:getRequestLog(97)) - Jetty request log can only be enabled using Log4j
2019-07-30 22:29:23,799 INFO  http.HttpServer2 (HttpServer2.java:addGlobalFilter(975)) - Added global filter 'safety' (class=org.apache.hadoop.http.HttpServer2$QuotingInputFilter)
2019-07-30 22:29:23,801 INFO  http.HttpServer2 (HttpServer2.java:addFilter(948)) - Added filter static_user_filter (class=org.apache.hadoop.http.lib.StaticUserWebFilter$StaticUserFilter) to context scm
2019-07-30 22:29:23,801 INFO  http.HttpServer2 (HttpServer2.java:addFilter(958)) - Added filter static_user_filter (class=org.apache.hadoop.http.lib.StaticUserWebFilter$StaticUserFilter) to context logs
2019-07-30 22:29:23,801 INFO  http.HttpServer2 (HttpServer2.java:addFilter(958)) - Added filter static_user_filter (class=org.apache.hadoop.http.lib.StaticUserWebFilter$StaticUserFilter) to context static
2019-07-30 22:29:23,805 INFO  server.StorageContainerManager (StorageContainerManager.java:start(758)) - StorageContainerLocationProtocol RPC server is listening at /0.0.0.0:45678
2019-07-30 22:29:23,808 WARN  impl.MetricsConfig (MetricsConfig.java:loadFirst(134)) - Cannot locate configuration: tried hadoop-metrics2-storagecontainermanager.properties,hadoop-metrics2.properties
2019-07-30 22:29:23,809 INFO  impl.MetricsSystemImpl (MetricsSystemImpl.java:startTimer(374)) - Scheduled Metric snapshot period at 10 second(s).
2019-07-30 22:29:23,809 INFO  impl.MetricsSystemImpl (MetricsSystemImpl.java:start(191)) - StorageContainerManager metrics system started
2019-07-30 22:29:23,861 INFO  server.SCMClientProtocolServer (SCMClientProtocolServer.java:start(151)) - RPC server for Client  is listening at /0.0.0.0:45678
2019-07-30 22:29:23,862 INFO  ipc.Server (Server.java:run(1314)) - IPC Server Responder: starting
2019-07-30 22:29:23,862 INFO  ipc.Server (Server.java:run(1153)) - IPC Server listener on 45678: starting
2019-07-30 22:29:23,865 INFO  server.StorageContainerManager (StorageContainerManager.java:start(768)) - ScmBlockLocationProtocol RPC server is listening at /0.0.0.0:32906
2019-07-30 22:29:23,865 INFO  server.SCMBlockProtocolServer (SCMBlockProtocolServer.java:start(140)) - RPC server for Block Protocol is listening at /0.0.0.0:32906
2019-07-30 22:29:23,865 INFO  ipc.Server (Server.java:run(1314)) - IPC Server Responder: starting
2019-07-30 22:29:23,866 INFO  ipc.Server (Server.java:run(1153)) - IPC Server listener on 32906: starting
2019-07-30 22:29:23,869 INFO  server.StorageContainerManager (StorageContainerManager.java:start(772)) - ScmDatanodeProtocl RPC server is listening at /0.0.0.0:33691
2019-07-30 22:29:23,869 INFO  server.SCMDatanodeProtocolServer (SCMDatanodeProtocolServer.java:start(191)) - RPC server for DataNodes is listening at /0.0.0.0:33691
2019-07-30 22:29:23,870 INFO  ipc.Server (Server.java:run(1314)) - IPC Server Responder: starting
2019-07-30 22:29:23,871 INFO  ipc.Server (Server.java:run(1153)) - IPC Server listener on 33691: starting
2019-07-30 22:29:23,874 INFO  http.HttpServer2 (HttpServer2.java:bindListener(1191)) - Jetty bound to port 44529
2019-07-30 22:29:23,874 INFO  server.Server (Server.java:doStart(351)) - jetty-9.3.24.v20180605, build timestamp: 2018-06-05T17:11:56Z, git hash: 84205aa28f11a4f31f2a3b86d1bba2cc8ab69827
2019-07-30 22:29:23,876 INFO  handler.ContextHandler (ContextHandler.java:doStart(781)) - Started o.e.j.s.ServletContextHandler@21c75084{/logs,file:///workdir/hadoop-ozone/integration-test/target/log,AVAILABLE}
2019-07-30 22:29:23,876 INFO  handler.ContextHandler (ContextHandler.java:doStart(781)) - Started o.e.j.s.ServletContextHandler@75527e36{/static,file:///workdir/hadoop-ozone/integration-test/target/test-classes/webapps/static,AVAILABLE}
2019-07-30 22:29:23,881 INFO  handler.ContextHandler (ContextHandler.java:doStart(781)) - Started o.e.j.w.WebAppContext@67eeb310{/,file:///workdir/hadoop-ozone/integration-test/target/test-classes/webapps/scm/,AVAILABLE}{/scm}
2019-07-30 22:29:23,882 INFO  server.AbstractConnector (AbstractConnector.java:doStart(278)) - Started ServerConnector@76af51d6{HTTP/1.1,[http/1.1]}{0.0.0.0:44529}
2019-07-30 22:29:23,882 INFO  server.Server (Server.java:doStart(419)) - Started @40123ms
2019-07-30 22:29:23,883 INFO  server.BaseHttpServer (BaseHttpServer.java:updateConnectorAddress(207)) - HTTP server of SCM is listening at http://0.0.0.0:44529
2019-07-30 22:29:23,884 WARN  server.ServerUtils (ServerUtils.java:getDBPath(222)) - ozone.om.db.dirs is not configured. We recommend adding this setting. Falling back to ozone.metadata.dirs instead.
2019-07-30 22:29:23,884 INFO  util.JvmPauseMonitor (JvmPauseMonitor.java:run(188)) - Starting JVM pause monitor
2019-07-30 22:29:23,889 WARN  server.ServerUtils (ServerUtils.java:getDBPath(222)) - ozone.om.db.dirs is not configured. We recommend adding this setting. Falling back to ozone.metadata.dirs instead.
2019-07-30 22:29:23,889 WARN  server.ServerUtils (ServerUtils.java:getDBPath(222)) - ozone.om.db.dirs is not configured. We recommend adding this setting. Falling back to ozone.metadata.dirs instead.
2019-07-30 22:29:23,890 INFO  om.OzoneManager (OzoneManager.java:setOMNodeDetails(644)) - OM Service ID is not set. Setting it to the default ID: omServiceIdDefault
2019-07-30 22:29:23,890 INFO  om.OzoneManager (OzoneManager.java:setOMNodeDetails(650)) - OM Node ID is not set. Setting it to the OmStorage's OmID: 604e1e89-748a-4537-9c1a-35b41b8d4389
2019-07-30 22:29:23,890 INFO  om.OzoneManager (OzoneManager.java:loadOMHAConfigs(601)) - Found matching OM address with OMServiceId: null, OMNodeId: null, RPC Address: localhost:0 and Ratis port: 9872
2019-07-30 22:29:23,897 WARN  server.ServerUtils (ServerUtils.java:getDBPath(222)) - ozone.om.db.dirs is not configured. We recommend adding this setting. Falling back to ozone.metadata.dirs instead.
2019-07-30 22:29:23,897 INFO  db.DBStoreBuilder (DBStoreBuilder.java:addTable(110)) - using custom profile for table: userTable
2019-07-30 22:29:23,897 INFO  db.DBStoreBuilder (DBStoreBuilder.java:processTables(161)) - Using default column profile:DBProfile.DISK for Table:userTable
2019-07-30 22:29:23,897 INFO  db.DBStoreBuilder (DBStoreBuilder.java:addTable(110)) - using custom profile for table: volumeTable
2019-07-30 22:29:23,898 INFO  db.DBStoreBuilder (DBStoreBuilder.java:processTables(161)) - Using default column profile:DBProfile.DISK for Table:volumeTable
2019-07-30 22:29:23,898 INFO  db.DBStoreBuilder (DBStoreBuilder.java:addTable(110)) - using custom profile for table: bucketTable
2019-07-30 22:29:23,898 INFO  db.DBStoreBuilder (DBStoreBuilder.java:processTables(161)) - Using default column profile:DBProfile.DISK for Table:bucketTable
2019-07-30 22:29:23,898 INFO  db.DBStoreBuilder (DBStoreBuilder.java:addTable(110)) - using custom profile for table: keyTable
2019-07-30 22:29:23,898 INFO  db.DBStoreBuilder (DBStoreBuilder.java:processTables(161)) - Using default column profile:DBProfile.DISK for Table:keyTable
2019-07-30 22:29:23,899 INFO  db.DBStoreBuilder (DBStoreBuilder.java:addTable(110)) - using custom profile for table: deletedTable
2019-07-30 22:29:23,899 INFO  db.DBStoreBuilder (DBStoreBuilder.java:processTables(161)) - Using default column profile:DBProfile.DISK for Table:deletedTable
2019-07-30 22:29:23,899 INFO  db.DBStoreBuilder (DBStoreBuilder.java:addTable(110)) - using custom profile for table: openKeyTable
2019-07-30 22:29:23,899 INFO  db.DBStoreBuilder (DBStoreBuilder.java:processTables(161)) - Using default column profile:DBProfile.DISK for Table:openKeyTable
2019-07-30 22:29:23,899 INFO  db.DBStoreBuilder (DBStoreBuilder.java:addTable(110)) - using custom profile for table: s3Table
2019-07-30 22:29:23,899 INFO  db.DBStoreBuilder (DBStoreBuilder.java:processTables(161)) - Using default column profile:DBProfile.DISK for Table:s3Table
2019-07-30 22:29:23,900 INFO  db.DBStoreBuilder (DBStoreBuilder.java:addTable(110)) - using custom profile for table: multipartInfoTable
2019-07-30 22:29:23,900 INFO  db.DBStoreBuilder (DBStoreBuilder.java:processTables(161)) - Using default column profile:DBProfile.DISK for Table:multipartInfoTable
2019-07-30 22:29:23,900 INFO  db.DBStoreBuilder (DBStoreBuilder.java:addTable(110)) - using custom profile for table: dTokenTable
2019-07-30 22:29:23,900 INFO  db.DBStoreBuilder (DBStoreBuilder.java:processTables(161)) - Using default column profile:DBProfile.DISK for Table:dTokenTable
2019-07-30 22:29:23,900 INFO  db.DBStoreBuilder (DBStoreBuilder.java:addTable(110)) - using custom profile for table: s3SecretTable
2019-07-30 22:29:23,901 INFO  db.DBStoreBuilder (DBStoreBuilder.java:processTables(161)) - Using default column profile:DBProfile.DISK for Table:s3SecretTable
2019-07-30 22:29:23,901 INFO  db.DBStoreBuilder (DBStoreBuilder.java:addTable(110)) - using custom profile for table: prefixTable
2019-07-30 22:29:23,901 INFO  db.DBStoreBuilder (DBStoreBuilder.java:processTables(161)) - Using default column profile:DBProfile.DISK for Table:prefixTable
2019-07-30 22:29:23,901 INFO  db.DBStoreBuilder (DBStoreBuilder.java:addTable(110)) - using custom profile for table: default
2019-07-30 22:29:23,901 INFO  db.DBStoreBuilder (DBStoreBuilder.java:processTables(167)) - Using default column profile:DBProfile.DISK for Table:default
2019-07-30 22:29:23,901 INFO  db.DBStoreBuilder (DBStoreBuilder.java:getDbProfile(198)) - Using default options. DBProfile.DISK
2019-07-30 22:29:24,169 INFO  ipc.CallQueueManager (CallQueueManager.java:<init>(84)) - Using callQueue: class java.util.concurrent.LinkedBlockingQueue, queueCapacity: 2000, scheduler: class org.apache.hadoop.ipc.DefaultRpcScheduler, ipcBackoff: false.
2019-07-30 22:29:24,170 INFO  ipc.Server (Server.java:run(1074)) - Starting Socket Reader #1 for port 42715
2019-07-30 22:29:24,183 INFO  om.OzoneManager (OzoneManager.java:start(1255)) - OzoneManager RPC server is listening at localhost/127.0.0.1:42715
2019-07-30 22:29:24,183 INFO  impl.MetricsSystemImpl (MetricsSystemImpl.java:init(158)) - OzoneManager metrics system started (again)
2019-07-30 22:29:24,183 INFO  ipc.Server (Server.java:run(1314)) - IPC Server Responder: starting
2019-07-30 22:29:24,184 INFO  ipc.Server (Server.java:run(1153)) - IPC Server listener on 42715: starting
2019-07-30 22:29:24,192 INFO  hdfs.DFSUtil (DFSUtil.java:httpServerTemplateForNNAndJN(1641)) - Starting Web-server for ozoneManager at: http://0.0.0.0:0
2019-07-30 22:29:24,194 INFO  server.AuthenticationFilter (AuthenticationFilter.java:constructSecretProvider(240)) - Unable to initialize FileSignerSecretProvider, falling back to use random secrets.
2019-07-30 22:29:24,195 WARN  http.HttpRequestLog (HttpRequestLog.java:getRequestLog(97)) - Jetty request log can only be enabled using Log4j
2019-07-30 22:29:24,197 INFO  http.HttpServer2 (HttpServer2.java:addGlobalFilter(975)) - Added global filter 'safety' (class=org.apache.hadoop.http.HttpServer2$QuotingInputFilter)
2019-07-30 22:29:24,198 INFO  http.HttpServer2 (HttpServer2.java:addFilter(948)) - Added filter static_user_filter (class=org.apache.hadoop.http.lib.StaticUserWebFilter$StaticUserFilter) to context ozoneManager
2019-07-30 22:29:24,199 INFO  http.HttpServer2 (HttpServer2.java:addFilter(958)) - Added filter static_user_filter (class=org.apache.hadoop.http.lib.StaticUserWebFilter$StaticUserFilter) to context logs
2019-07-30 22:29:24,199 INFO  http.HttpServer2 (HttpServer2.java:addFilter(958)) - Added filter static_user_filter (class=org.apache.hadoop.http.lib.StaticUserWebFilter$StaticUserFilter) to context static
2019-07-30 22:29:24,200 INFO  http.HttpServer2 (HttpServer2.java:bindListener(1191)) - Jetty bound to port 41817
2019-07-30 22:29:24,200 INFO  server.Server (Server.java:doStart(351)) - jetty-9.3.24.v20180605, build timestamp: 2018-06-05T17:11:56Z, git hash: 84205aa28f11a4f31f2a3b86d1bba2cc8ab69827
2019-07-30 22:29:24,203 INFO  handler.ContextHandler (ContextHandler.java:doStart(781)) - Started o.e.j.s.ServletContextHandler@1657b017{/logs,file:///workdir/hadoop-ozone/integration-test/target/log,AVAILABLE}
2019-07-30 22:29:24,204 INFO  handler.ContextHandler (ContextHandler.java:doStart(781)) - Started o.e.j.s.ServletContextHandler@44864536{/static,file:///workdir/hadoop-ozone/integration-test/target/test-classes/webapps/static,AVAILABLE}
2019-07-30 22:29:24,210 INFO  handler.ContextHandler (ContextHandler.java:doStart(781)) - Started o.e.j.w.WebAppContext@6d17914a{/,file:///workdir/hadoop-ozone/integration-test/target/test-classes/webapps/ozoneManager/,AVAILABLE}{/ozoneManager}
2019-07-30 22:29:24,211 INFO  server.AbstractConnector (AbstractConnector.java:doStart(278)) - Started ServerConnector@49631cfb{HTTP/1.1,[http/1.1]}{0.0.0.0:41817}
2019-07-30 22:29:24,212 INFO  server.Server (Server.java:doStart(419)) - Started @40453ms
2019-07-30 22:29:24,212 INFO  server.BaseHttpServer (BaseHttpServer.java:updateConnectorAddress(207)) - HTTP server of OZONEMANAGER is listening at http://0.0.0.0:41817
2019-07-30 22:29:24,233 INFO  impl.MetricsSystemImpl (MetricsSystemImpl.java:init(158)) - HddsDatanode metrics system started (again)
2019-07-30 22:29:24,235 INFO  ozone.HddsDatanodeService (HddsDatanodeService.java:start(184)) - HddsDatanodeService host:byscane-nightly-mnz8h-3685941970 ip:192.168.5.187
2019-07-30 22:29:24,243 INFO  volume.HddsVolume (HddsVolume.java:<init>(176)) - Creating Volume: /workdir/hadoop-ozone/integration-test/target/test-dir/MiniOzoneClusterImpl-e050bc9f-bc6f-41bc-b4ec-06bc364a309b/datanode-0/data/containers/hdds of  storage type : DISK and capacity : 52710309888
2019-07-30 22:29:24,243 INFO  volume.VolumeSet (VolumeSet.java:initializeVolumeSet(170)) - Added Volume : /workdir/hadoop-ozone/integration-test/target/test-dir/MiniOzoneClusterImpl-e050bc9f-bc6f-41bc-b4ec-06bc364a309b/datanode-0/data/containers/hdds to VolumeSet
2019-07-30 22:29:24,243 INFO  volume.ThrottledAsyncChecker (ThrottledAsyncChecker.java:schedule(140)) - Scheduling a check for org.apache.hadoop.ozone.container.common.volume.HddsVolume@1f45db49
2019-07-30 22:29:24,244 INFO  volume.HddsVolumeChecker (HddsVolumeChecker.java:checkAllVolumes(203)) - Scheduled health check for volume org.apache.hadoop.ozone.container.common.volume.HddsVolume@1f45db49
2019-07-30 22:29:24,261 INFO  impl.RaftServerProxy (ConfUtils.java:logGet(43)) - raft.rpc.type = GRPC (default)
2019-07-30 22:29:24,262 INFO  grpc.GrpcFactory (GrpcFactory.java:checkPooledByteBufAllocatorUseCacheForAllThreads(45)) - PERFORMANCE WARNING: useCacheForAllThreads is true that may cause Netty to create a lot garbage objects and, as a result, trigger GC.
	It is recommended to disable useCacheForAllThreads by setting -Dorg.apache.ratis.thirdparty.io.netty.allocator.useCacheForAllThreads=false in command line.
2019-07-30 22:29:24,262 INFO  grpc.GrpcConfigKeys$Server (ConfUtils.java:logGet(43)) - raft.grpc.server.port = 0 (default)
2019-07-30 22:29:24,262 INFO  server.GrpcService (ConfUtils.java:logGet(43)) - raft.grpc.message.size.max = 33570816 (custom)
2019-07-30 22:29:24,262 INFO  server.RaftServerConfigKeys (ConfUtils.java:logGet(43)) - raft.server.log.appender.buffer.byte-limit = 33554432 (custom)
2019-07-30 22:29:24,263 INFO  server.GrpcService (ConfUtils.java:logGet(43)) - raft.grpc.flow.control.window = 1MB (=1048576) (default)
2019-07-30 22:29:24,263 INFO  server.RaftServerConfigKeys (ConfUtils.java:logGet(43)) - raft.server.rpc.request.timeout = 3000ms (default)
2019-07-30 22:29:24,264 INFO  server.RaftServerConfigKeys (ConfUtils.java:logGet(43)) - raft.server.storage.dir = [/workdir/hadoop-ozone/integration-test/target/test-dir/MiniOzoneClusterImpl-e050bc9f-bc6f-41bc-b4ec-06bc364a309b/datanode-0/data/ratis] (custom)
2019-07-30 22:29:24,264 INFO  replication.SimpleContainerDownloader (SimpleContainerDownloader.java:<init>(72)) - Starting container downloader service to copy containers to replicate.
2019-07-30 22:29:24,265 INFO  hdfs.DFSUtil (DFSUtil.java:httpServerTemplateForNNAndJN(1641)) - Starting Web-server for hddsDatanode at: http://0.0.0.0:0
2019-07-30 22:29:24,267 INFO  server.AuthenticationFilter (AuthenticationFilter.java:constructSecretProvider(240)) - Unable to initialize FileSignerSecretProvider, falling back to use random secrets.
2019-07-30 22:29:24,268 WARN  http.HttpRequestLog (HttpRequestLog.java:getRequestLog(97)) - Jetty request log can only be enabled using Log4j
2019-07-30 22:29:24,269 INFO  http.HttpServer2 (HttpServer2.java:addGlobalFilter(975)) - Added global filter 'safety' (class=org.apache.hadoop.http.HttpServer2$QuotingInputFilter)
2019-07-30 22:29:24,270 INFO  http.HttpServer2 (HttpServer2.java:addFilter(948)) - Added filter static_user_filter (class=org.apache.hadoop.http.lib.StaticUserWebFilter$StaticUserFilter) to context hddsDatanode
2019-07-30 22:29:24,271 INFO  http.HttpServer2 (HttpServer2.java:addFilter(958)) - Added filter static_user_filter (class=org.apache.hadoop.http.lib.StaticUserWebFilter$StaticUserFilter) to context logs
2019-07-30 22:29:24,271 INFO  http.HttpServer2 (HttpServer2.java:addFilter(958)) - Added filter static_user_filter (class=org.apache.hadoop.http.lib.StaticUserWebFilter$StaticUserFilter) to context static
2019-07-30 22:29:24,272 INFO  http.HttpServer2 (HttpServer2.java:bindListener(1191)) - Jetty bound to port 43008
2019-07-30 22:29:24,272 INFO  server.Server (Server.java:doStart(351)) - jetty-9.3.24.v20180605, build timestamp: 2018-06-05T17:11:56Z, git hash: 84205aa28f11a4f31f2a3b86d1bba2cc8ab69827
2019-07-30 22:29:24,274 INFO  handler.ContextHandler (ContextHandler.java:doStart(781)) - Started o.e.j.s.ServletContextHandler@1b791dca{/logs,file:///workdir/hadoop-ozone/integration-test/target/log,AVAILABLE}
2019-07-30 22:29:24,274 INFO  handler.ContextHandler (ContextHandler.java:doStart(781)) - Started o.e.j.s.ServletContextHandler@2af9a5ef{/static,jar:file:/home/user/.m2/repository/org/apache/hadoop/hadoop-hdds-container-service/0.4.1-SNAPSHOT/hadoop-hdds-container-service-0.4.1-SNAPSHOT.jar!/webapps/static,AVAILABLE}
2019-07-30 22:29:24,316 INFO  handler.ContextHandler (ContextHandler.java:doStart(781)) - Started o.e.j.w.WebAppContext@25470477{/,file:///tmp/jetty-0.0.0.0-43008-hddsDatanode-_-any-203931526140991216.dir/webapp/,AVAILABLE}{/hddsDatanode}
2019-07-30 22:29:24,316 INFO  server.AbstractConnector (AbstractConnector.java:doStart(278)) - Started ServerConnector@6182ffef{HTTP/1.1,[http/1.1]}{0.0.0.0:43008}
2019-07-30 22:29:24,317 INFO  server.Server (Server.java:doStart(419)) - Started @40559ms
2019-07-30 22:29:24,319 INFO  server.BaseHttpServer (BaseHttpServer.java:updateConnectorAddress(207)) - HTTP server of HDDSDATANODE is listening at http://0.0.0.0:43008
2019-07-30 22:29:24,460 INFO  ozone.HddsDatanodeService (HddsDatanodeService.java:startPlugins(395)) - Started plug-in org.apache.hadoop.ozone.web.OzoneHddsDatanodeService@6cbdd1c5
2019-07-30 22:29:24,461 INFO  impl.MetricsSystemImpl (MetricsSystemImpl.java:init(158)) - HddsDatanode metrics system started (again)
2019-07-30 22:29:24,465 INFO  util.JvmPauseMonitor (JvmPauseMonitor.java:run(188)) - Starting JVM pause monitor
2019-07-30 22:29:24,465 INFO  ozone.HddsDatanodeService (HddsDatanodeService.java:start(184)) - HddsDatanodeService host:byscane-nightly-mnz8h-3685941970 ip:192.168.5.187
2019-07-30 22:29:24,467 INFO  datanode.InitDatanodeState (InitDatanodeState.java:persistContainerDatanodeDetails(140)) - DatanodeDetails is persisted to /workdir/hadoop-ozone/integration-test/target/test-dir/MiniOzoneClusterImpl-e050bc9f-bc6f-41bc-b4ec-06bc364a309b/datanode-0/meta/datanode.id
2019-07-30 22:29:24,473 INFO  volume.HddsVolume (HddsVolume.java:<init>(176)) - Creating Volume: /workdir/hadoop-ozone/integration-test/target/test-dir/MiniOzoneClusterImpl-e050bc9f-bc6f-41bc-b4ec-06bc364a309b/datanode-1/data/containers/hdds of  storage type : DISK and capacity : 52710309888
2019-07-30 22:29:24,473 INFO  volume.VolumeSet (VolumeSet.java:initializeVolumeSet(170)) - Added Volume : /workdir/hadoop-ozone/integration-test/target/test-dir/MiniOzoneClusterImpl-e050bc9f-bc6f-41bc-b4ec-06bc364a309b/datanode-1/data/containers/hdds to VolumeSet
2019-07-30 22:29:24,473 INFO  volume.ThrottledAsyncChecker (ThrottledAsyncChecker.java:schedule(140)) - Scheduling a check for org.apache.hadoop.ozone.container.common.volume.HddsVolume@4b3ad7ca
2019-07-30 22:29:24,474 INFO  volume.HddsVolumeChecker (HddsVolumeChecker.java:checkAllVolumes(203)) - Scheduled health check for volume org.apache.hadoop.ozone.container.common.volume.HddsVolume@4b3ad7ca
2019-07-30 22:29:24,497 INFO  impl.RaftServerProxy (ConfUtils.java:logGet(43)) - raft.rpc.type = GRPC (default)
2019-07-30 22:29:24,497 INFO  grpc.GrpcFactory (GrpcFactory.java:checkPooledByteBufAllocatorUseCacheForAllThreads(45)) - PERFORMANCE WARNING: useCacheForAllThreads is true that may cause Netty to create a lot garbage objects and, as a result, trigger GC.
	It is recommended to disable useCacheForAllThreads by setting -Dorg.apache.ratis.thirdparty.io.netty.allocator.useCacheForAllThreads=false in command line.
2019-07-30 22:29:24,498 INFO  grpc.GrpcConfigKeys$Server (ConfUtils.java:logGet(43)) - raft.grpc.server.port = 0 (default)
2019-07-30 22:29:24,498 INFO  server.GrpcService (ConfUtils.java:logGet(43)) - raft.grpc.message.size.max = 33570816 (custom)
2019-07-30 22:29:24,498 INFO  server.RaftServerConfigKeys (ConfUtils.java:logGet(43)) - raft.server.log.appender.buffer.byte-limit = 33554432 (custom)
2019-07-30 22:29:24,498 INFO  server.GrpcService (ConfUtils.java:logGet(43)) - raft.grpc.flow.control.window = 1MB (=1048576) (default)
2019-07-30 22:29:24,499 INFO  server.RaftServerConfigKeys (ConfUtils.java:logGet(43)) - raft.server.rpc.request.timeout = 3000ms (default)
2019-07-30 22:29:24,499 INFO  server.RaftServerConfigKeys (ConfUtils.java:logGet(43)) - raft.server.storage.dir = [/workdir/hadoop-ozone/integration-test/target/test-dir/MiniOzoneClusterImpl-e050bc9f-bc6f-41bc-b4ec-06bc364a309b/datanode-1/data/ratis] (custom)
2019-07-30 22:29:24,500 INFO  replication.SimpleContainerDownloader (SimpleContainerDownloader.java:<init>(72)) - Starting container downloader service to copy containers to replicate.
2019-07-30 22:29:24,502 INFO  hdfs.DFSUtil (DFSUtil.java:httpServerTemplateForNNAndJN(1641)) - Starting Web-server for hddsDatanode at: http://0.0.0.0:0
2019-07-30 22:29:24,503 INFO  server.AuthenticationFilter (AuthenticationFilter.java:constructSecretProvider(240)) - Unable to initialize FileSignerSecretProvider, falling back to use random secrets.
2019-07-30 22:29:24,504 WARN  http.HttpRequestLog (HttpRequestLog.java:getRequestLog(97)) - Jetty request log can only be enabled using Log4j
2019-07-30 22:29:24,506 INFO  http.HttpServer2 (HttpServer2.java:addGlobalFilter(975)) - Added global filter 'safety' (class=org.apache.hadoop.http.HttpServer2$QuotingInputFilter)
2019-07-30 22:29:24,507 INFO  http.HttpServer2 (HttpServer2.java:addFilter(948)) - Added filter static_user_filter (class=org.apache.hadoop.http.lib.StaticUserWebFilter$StaticUserFilter) to context hddsDatanode
2019-07-30 22:29:24,507 INFO  http.HttpServer2 (HttpServer2.java:addFilter(958)) - Added filter static_user_filter (class=org.apache.hadoop.http.lib.StaticUserWebFilter$StaticUserFilter) to context static
2019-07-30 22:29:24,507 INFO  http.HttpServer2 (HttpServer2.java:addFilter(958)) - Added filter static_user_filter (class=org.apache.hadoop.http.lib.StaticUserWebFilter$StaticUserFilter) to context logs
2019-07-30 22:29:24,508 INFO  http.HttpServer2 (HttpServer2.java:bindListener(1191)) - Jetty bound to port 34470
2019-07-30 22:29:24,509 INFO  server.Server (Server.java:doStart(351)) - jetty-9.3.24.v20180605, build timestamp: 2018-06-05T17:11:56Z, git hash: 84205aa28f11a4f31f2a3b86d1bba2cc8ab69827
2019-07-30 22:29:24,511 INFO  handler.ContextHandler (ContextHandler.java:doStart(781)) - Started o.e.j.s.ServletContextHandler@40bf0e15{/logs,file:///workdir/hadoop-ozone/integration-test/target/log,AVAILABLE}
2019-07-30 22:29:24,511 INFO  handler.ContextHandler (ContextHandler.java:doStart(781)) - Started o.e.j.s.ServletContextHandler@121ddca4{/static,jar:file:/home/user/.m2/repository/org/apache/hadoop/hadoop-hdds-container-service/0.4.1-SNAPSHOT/hadoop-hdds-container-service-0.4.1-SNAPSHOT.jar!/webapps/static,AVAILABLE}
2019-07-30 22:29:24,552 INFO  handler.ContextHandler (ContextHandler.java:doStart(781)) - Started o.e.j.w.WebAppContext@67d5ac2f{/,file:///tmp/jetty-0.0.0.0-34470-hddsDatanode-_-any-4817157558051577420.dir/webapp/,AVAILABLE}{/hddsDatanode}
2019-07-30 22:29:24,552 INFO  server.AbstractConnector (AbstractConnector.java:doStart(278)) - Started ServerConnector@25109608{HTTP/1.1,[http/1.1]}{0.0.0.0:34470}
2019-07-30 22:29:24,555 INFO  server.Server (Server.java:doStart(419)) - Started @40796ms
2019-07-30 22:29:24,556 INFO  server.BaseHttpServer (BaseHttpServer.java:updateConnectorAddress(207)) - HTTP server of HDDSDATANODE is listening at http://0.0.0.0:34470
2019-07-30 22:29:24,695 INFO  ozone.HddsDatanodeService (HddsDatanodeService.java:startPlugins(395)) - Started plug-in org.apache.hadoop.ozone.web.OzoneHddsDatanodeService@6728370a
2019-07-30 22:29:24,695 INFO  impl.MetricsSystemImpl (MetricsSystemImpl.java:init(158)) - HddsDatanode metrics system started (again)
2019-07-30 22:29:24,700 INFO  util.JvmPauseMonitor (JvmPauseMonitor.java:run(188)) - Starting JVM pause monitor
2019-07-30 22:29:24,700 INFO  ozone.HddsDatanodeService (HddsDatanodeService.java:start(184)) - HddsDatanodeService host:byscane-nightly-mnz8h-3685941970 ip:192.168.5.187
2019-07-30 22:29:24,702 INFO  datanode.InitDatanodeState (InitDatanodeState.java:persistContainerDatanodeDetails(140)) - DatanodeDetails is persisted to /workdir/hadoop-ozone/integration-test/target/test-dir/MiniOzoneClusterImpl-e050bc9f-bc6f-41bc-b4ec-06bc364a309b/datanode-1/meta/datanode.id
2019-07-30 22:29:24,708 INFO  volume.HddsVolume (HddsVolume.java:<init>(176)) - Creating Volume: /workdir/hadoop-ozone/integration-test/target/test-dir/MiniOzoneClusterImpl-e050bc9f-bc6f-41bc-b4ec-06bc364a309b/datanode-2/data/containers/hdds of  storage type : DISK and capacity : 52710309888
2019-07-30 22:29:24,708 INFO  volume.VolumeSet (VolumeSet.java:initializeVolumeSet(170)) - Added Volume : /workdir/hadoop-ozone/integration-test/target/test-dir/MiniOzoneClusterImpl-e050bc9f-bc6f-41bc-b4ec-06bc364a309b/datanode-2/data/containers/hdds to VolumeSet
2019-07-30 22:29:24,708 INFO  volume.ThrottledAsyncChecker (ThrottledAsyncChecker.java:schedule(140)) - Scheduling a check for org.apache.hadoop.ozone.container.common.volume.HddsVolume@1179fc8c
2019-07-30 22:29:24,709 INFO  volume.HddsVolumeChecker (HddsVolumeChecker.java:checkAllVolumes(203)) - Scheduled health check for volume org.apache.hadoop.ozone.container.common.volume.HddsVolume@1179fc8c
2019-07-30 22:29:24,728 INFO  impl.RaftServerProxy (ConfUtils.java:logGet(43)) - raft.rpc.type = GRPC (default)
2019-07-30 22:29:24,728 INFO  grpc.GrpcFactory (GrpcFactory.java:checkPooledByteBufAllocatorUseCacheForAllThreads(45)) - PERFORMANCE WARNING: useCacheForAllThreads is true that may cause Netty to create a lot garbage objects and, as a result, trigger GC.
	It is recommended to disable useCacheForAllThreads by setting -Dorg.apache.ratis.thirdparty.io.netty.allocator.useCacheForAllThreads=false in command line.
2019-07-30 22:29:24,728 INFO  grpc.GrpcConfigKeys$Server (ConfUtils.java:logGet(43)) - raft.grpc.server.port = 0 (default)
2019-07-30 22:29:24,728 INFO  server.GrpcService (ConfUtils.java:logGet(43)) - raft.grpc.message.size.max = 33570816 (custom)
2019-07-30 22:29:24,728 INFO  server.RaftServerConfigKeys (ConfUtils.java:logGet(43)) - raft.server.log.appender.buffer.byte-limit = 33554432 (custom)
2019-07-30 22:29:24,729 INFO  server.GrpcService (ConfUtils.java:logGet(43)) - raft.grpc.flow.control.window = 1MB (=1048576) (default)
2019-07-30 22:29:24,729 INFO  server.RaftServerConfigKeys (ConfUtils.java:logGet(43)) - raft.server.rpc.request.timeout = 3000ms (default)
2019-07-30 22:29:24,729 INFO  server.RaftServerConfigKeys (ConfUtils.java:logGet(43)) - raft.server.storage.dir = [/workdir/hadoop-ozone/integration-test/target/test-dir/MiniOzoneClusterImpl-e050bc9f-bc6f-41bc-b4ec-06bc364a309b/datanode-2/data/ratis] (custom)
2019-07-30 22:29:24,730 INFO  replication.SimpleContainerDownloader (SimpleContainerDownloader.java:<init>(72)) - Starting container downloader service to copy containers to replicate.
2019-07-30 22:29:24,731 INFO  hdfs.DFSUtil (DFSUtil.java:httpServerTemplateForNNAndJN(1641)) - Starting Web-server for hddsDatanode at: http://0.0.0.0:0
2019-07-30 22:29:24,733 INFO  server.AuthenticationFilter (AuthenticationFilter.java:constructSecretProvider(240)) - Unable to initialize FileSignerSecretProvider, falling back to use random secrets.
2019-07-30 22:29:24,734 WARN  http.HttpRequestLog (HttpRequestLog.java:getRequestLog(97)) - Jetty request log can only be enabled using Log4j
2019-07-30 22:29:24,736 INFO  http.HttpServer2 (HttpServer2.java:addGlobalFilter(975)) - Added global filter 'safety' (class=org.apache.hadoop.http.HttpServer2$QuotingInputFilter)
2019-07-30 22:29:24,736 INFO  http.HttpServer2 (HttpServer2.java:addFilter(948)) - Added filter static_user_filter (class=org.apache.hadoop.http.lib.StaticUserWebFilter$StaticUserFilter) to context hddsDatanode
2019-07-30 22:29:24,737 INFO  http.HttpServer2 (HttpServer2.java:addFilter(958)) - Added filter static_user_filter (class=org.apache.hadoop.http.lib.StaticUserWebFilter$StaticUserFilter) to context logs
2019-07-30 22:29:24,737 INFO  http.HttpServer2 (HttpServer2.java:addFilter(958)) - Added filter static_user_filter (class=org.apache.hadoop.http.lib.StaticUserWebFilter$StaticUserFilter) to context static
2019-07-30 22:29:24,738 INFO  http.HttpServer2 (HttpServer2.java:bindListener(1191)) - Jetty bound to port 40436
2019-07-30 22:29:24,738 INFO  server.Server (Server.java:doStart(351)) - jetty-9.3.24.v20180605, build timestamp: 2018-06-05T17:11:56Z, git hash: 84205aa28f11a4f31f2a3b86d1bba2cc8ab69827
2019-07-30 22:29:24,741 INFO  handler.ContextHandler (ContextHandler.java:doStart(781)) - Started o.e.j.s.ServletContextHandler@5922cff3{/logs,file:///workdir/hadoop-ozone/integration-test/target/log,AVAILABLE}
2019-07-30 22:29:24,742 INFO  handler.ContextHandler (ContextHandler.java:doStart(781)) - Started o.e.j.s.ServletContextHandler@70c56434{/static,jar:file:/home/user/.m2/repository/org/apache/hadoop/hadoop-hdds-container-service/0.4.1-SNAPSHOT/hadoop-hdds-container-service-0.4.1-SNAPSHOT.jar!/webapps/static,AVAILABLE}
2019-07-30 22:29:24,778 INFO  handler.ContextHandler (ContextHandler.java:doStart(781)) - Started o.e.j.w.WebAppContext@3c27f72{/,file:///tmp/jetty-0.0.0.0-40436-hddsDatanode-_-any-3723725994991364005.dir/webapp/,AVAILABLE}{/hddsDatanode}
2019-07-30 22:29:24,779 INFO  server.AbstractConnector (AbstractConnector.java:doStart(278)) - Started ServerConnector@5cbe95b1{HTTP/1.1,[http/1.1]}{0.0.0.0:40436}
2019-07-30 22:29:24,779 INFO  server.Server (Server.java:doStart(419)) - Started @41021ms
2019-07-30 22:29:24,780 INFO  server.BaseHttpServer (BaseHttpServer.java:updateConnectorAddress(207)) - HTTP server of HDDSDATANODE is listening at http://0.0.0.0:40436
2019-07-30 22:29:24,906 INFO  ozone.HddsDatanodeService (HddsDatanodeService.java:startPlugins(395)) - Started plug-in org.apache.hadoop.ozone.web.OzoneHddsDatanodeService@60ae7cf2
2019-07-30 22:29:24,906 INFO  impl.MetricsSystemImpl (MetricsSystemImpl.java:init(158)) - HddsDatanode metrics system started (again)
2019-07-30 22:29:24,910 INFO  ozone.HddsDatanodeService (HddsDatanodeService.java:start(184)) - HddsDatanodeService host:byscane-nightly-mnz8h-3685941970 ip:192.168.5.187
2019-07-30 22:29:24,910 INFO  util.JvmPauseMonitor (JvmPauseMonitor.java:run(188)) - Starting JVM pause monitor
2019-07-30 22:29:24,912 INFO  datanode.InitDatanodeState (InitDatanodeState.java:persistContainerDatanodeDetails(140)) - DatanodeDetails is persisted to /workdir/hadoop-ozone/integration-test/target/test-dir/MiniOzoneClusterImpl-e050bc9f-bc6f-41bc-b4ec-06bc364a309b/datanode-2/meta/datanode.id
2019-07-30 22:29:24,918 INFO  volume.HddsVolume (HddsVolume.java:<init>(176)) - Creating Volume: /workdir/hadoop-ozone/integration-test/target/test-dir/MiniOzoneClusterImpl-e050bc9f-bc6f-41bc-b4ec-06bc364a309b/datanode-3/data/containers/hdds of  storage type : DISK and capacity : 52710309888
2019-07-30 22:29:24,918 INFO  volume.VolumeSet (VolumeSet.java:initializeVolumeSet(170)) - Added Volume : /workdir/hadoop-ozone/integration-test/target/test-dir/MiniOzoneClusterImpl-e050bc9f-bc6f-41bc-b4ec-06bc364a309b/datanode-3/data/containers/hdds to VolumeSet
2019-07-30 22:29:24,918 INFO  volume.ThrottledAsyncChecker (ThrottledAsyncChecker.java:schedule(140)) - Scheduling a check for org.apache.hadoop.ozone.container.common.volume.HddsVolume@37d3aa8c
2019-07-30 22:29:24,918 INFO  volume.HddsVolumeChecker (HddsVolumeChecker.java:checkAllVolumes(203)) - Scheduled health check for volume org.apache.hadoop.ozone.container.common.volume.HddsVolume@37d3aa8c
2019-07-30 22:29:24,930 INFO  impl.RaftServerProxy (ConfUtils.java:logGet(43)) - raft.rpc.type = GRPC (default)
2019-07-30 22:29:24,931 INFO  grpc.GrpcFactory (GrpcFactory.java:checkPooledByteBufAllocatorUseCacheForAllThreads(45)) - PERFORMANCE WARNING: useCacheForAllThreads is true that may cause Netty to create a lot garbage objects and, as a result, trigger GC.
	It is recommended to disable useCacheForAllThreads by setting -Dorg.apache.ratis.thirdparty.io.netty.allocator.useCacheForAllThreads=false in command line.
2019-07-30 22:29:24,931 INFO  grpc.GrpcConfigKeys$Server (ConfUtils.java:logGet(43)) - raft.grpc.server.port = 0 (default)
2019-07-30 22:29:24,931 INFO  server.GrpcService (ConfUtils.java:logGet(43)) - raft.grpc.message.size.max = 33570816 (custom)
2019-07-30 22:29:24,931 INFO  server.RaftServerConfigKeys (ConfUtils.java:logGet(43)) - raft.server.log.appender.buffer.byte-limit = 33554432 (custom)
2019-07-30 22:29:24,931 INFO  server.GrpcService (ConfUtils.java:logGet(43)) - raft.grpc.flow.control.window = 1MB (=1048576) (default)
2019-07-30 22:29:24,932 INFO  server.RaftServerConfigKeys (ConfUtils.java:logGet(43)) - raft.server.rpc.request.timeout = 3000ms (default)
2019-07-30 22:29:24,932 INFO  server.RaftServerConfigKeys (ConfUtils.java:logGet(43)) - raft.server.storage.dir = [/workdir/hadoop-ozone/integration-test/target/test-dir/MiniOzoneClusterImpl-e050bc9f-bc6f-41bc-b4ec-06bc364a309b/datanode-3/data/ratis] (custom)
2019-07-30 22:29:24,932 INFO  replication.SimpleContainerDownloader (SimpleContainerDownloader.java:<init>(72)) - Starting container downloader service to copy containers to replicate.
2019-07-30 22:29:24,934 INFO  hdfs.DFSUtil (DFSUtil.java:httpServerTemplateForNNAndJN(1641)) - Starting Web-server for hddsDatanode at: http://0.0.0.0:0
2019-07-30 22:29:24,935 INFO  server.AuthenticationFilter (AuthenticationFilter.java:constructSecretProvider(240)) - Unable to initialize FileSignerSecretProvider, falling back to use random secrets.
2019-07-30 22:29:24,935 WARN  http.HttpRequestLog (HttpRequestLog.java:getRequestLog(97)) - Jetty request log can only be enabled using Log4j
2019-07-30 22:29:24,936 INFO  http.HttpServer2 (HttpServer2.java:addGlobalFilter(975)) - Added global filter 'safety' (class=org.apache.hadoop.http.HttpServer2$QuotingInputFilter)
2019-07-30 22:29:24,937 INFO  http.HttpServer2 (HttpServer2.java:addFilter(948)) - Added filter static_user_filter (class=org.apache.hadoop.http.lib.StaticUserWebFilter$StaticUserFilter) to context hddsDatanode
2019-07-30 22:29:24,937 INFO  http.HttpServer2 (HttpServer2.java:addFilter(958)) - Added filter static_user_filter (class=org.apache.hadoop.http.lib.StaticUserWebFilter$StaticUserFilter) to context logs
2019-07-30 22:29:24,937 INFO  http.HttpServer2 (HttpServer2.java:addFilter(958)) - Added filter static_user_filter (class=org.apache.hadoop.http.lib.StaticUserWebFilter$StaticUserFilter) to context static
2019-07-30 22:29:24,938 INFO  http.HttpServer2 (HttpServer2.java:bindListener(1191)) - Jetty bound to port 36299
2019-07-30 22:29:24,938 INFO  server.Server (Server.java:doStart(351)) - jetty-9.3.24.v20180605, build timestamp: 2018-06-05T17:11:56Z, git hash: 84205aa28f11a4f31f2a3b86d1bba2cc8ab69827
2019-07-30 22:29:24,940 INFO  handler.ContextHandler (ContextHandler.java:doStart(781)) - Started o.e.j.s.ServletContextHandler@1be77a76{/logs,file:///workdir/hadoop-ozone/integration-test/target/log,AVAILABLE}
2019-07-30 22:29:24,940 INFO  handler.ContextHandler (ContextHandler.java:doStart(781)) - Started o.e.j.s.ServletContextHandler@7878bbdb{/static,jar:file:/home/user/.m2/repository/org/apache/hadoop/hadoop-hdds-container-service/0.4.1-SNAPSHOT/hadoop-hdds-container-service-0.4.1-SNAPSHOT.jar!/webapps/static,AVAILABLE}
2019-07-30 22:29:24,967 INFO  handler.ContextHandler (ContextHandler.java:doStart(781)) - Started o.e.j.w.WebAppContext@7f53fc38{/,file:///tmp/jetty-0.0.0.0-36299-hddsDatanode-_-any-7926215159826165722.dir/webapp/,AVAILABLE}{/hddsDatanode}
2019-07-30 22:29:24,968 INFO  server.AbstractConnector (AbstractConnector.java:doStart(278)) - Started ServerConnector@5feb82b3{HTTP/1.1,[http/1.1]}{0.0.0.0:36299}
2019-07-30 22:29:24,969 INFO  server.Server (Server.java:doStart(419)) - Started @41210ms
2019-07-30 22:29:24,969 INFO  server.BaseHttpServer (BaseHttpServer.java:updateConnectorAddress(207)) - HTTP server of HDDSDATANODE is listening at http://0.0.0.0:36299
2019-07-30 22:29:25,088 INFO  ozone.HddsDatanodeService (HddsDatanodeService.java:startPlugins(395)) - Started plug-in org.apache.hadoop.ozone.web.OzoneHddsDatanodeService@e706aa
2019-07-30 22:29:25,088 INFO  impl.MetricsSystemImpl (MetricsSystemImpl.java:init(158)) - HddsDatanode metrics system started (again)
2019-07-30 22:29:25,092 INFO  ozone.HddsDatanodeService (HddsDatanodeService.java:start(184)) - HddsDatanodeService host:byscane-nightly-mnz8h-3685941970 ip:192.168.5.187
2019-07-30 22:29:25,092 INFO  util.JvmPauseMonitor (JvmPauseMonitor.java:run(188)) - Starting JVM pause monitor
2019-07-30 22:29:25,094 INFO  datanode.InitDatanodeState (InitDatanodeState.java:persistContainerDatanodeDetails(140)) - DatanodeDetails is persisted to /workdir/hadoop-ozone/integration-test/target/test-dir/MiniOzoneClusterImpl-e050bc9f-bc6f-41bc-b4ec-06bc364a309b/datanode-3/meta/datanode.id
2019-07-30 22:29:25,100 INFO  volume.HddsVolume (HddsVolume.java:<init>(176)) - Creating Volume: /workdir/hadoop-ozone/integration-test/target/test-dir/MiniOzoneClusterImpl-e050bc9f-bc6f-41bc-b4ec-06bc364a309b/datanode-4/data/containers/hdds of  storage type : DISK and capacity : 52710309888
2019-07-30 22:29:25,100 INFO  volume.VolumeSet (VolumeSet.java:initializeVolumeSet(170)) - Added Volume : /workdir/hadoop-ozone/integration-test/target/test-dir/MiniOzoneClusterImpl-e050bc9f-bc6f-41bc-b4ec-06bc364a309b/datanode-4/data/containers/hdds to VolumeSet
2019-07-30 22:29:25,100 INFO  volume.ThrottledAsyncChecker (ThrottledAsyncChecker.java:schedule(140)) - Scheduling a check for org.apache.hadoop.ozone.container.common.volume.HddsVolume@2faf6e4a
2019-07-30 22:29:25,101 INFO  volume.HddsVolumeChecker (HddsVolumeChecker.java:checkAllVolumes(203)) - Scheduled health check for volume org.apache.hadoop.ozone.container.common.volume.HddsVolume@2faf6e4a
2019-07-30 22:29:25,113 INFO  impl.RaftServerProxy (ConfUtils.java:logGet(43)) - raft.rpc.type = GRPC (default)
2019-07-30 22:29:25,113 INFO  grpc.GrpcFactory (GrpcFactory.java:checkPooledByteBufAllocatorUseCacheForAllThreads(45)) - PERFORMANCE WARNING: useCacheForAllThreads is true that may cause Netty to create a lot garbage objects and, as a result, trigger GC.
	It is recommended to disable useCacheForAllThreads by setting -Dorg.apache.ratis.thirdparty.io.netty.allocator.useCacheForAllThreads=false in command line.
2019-07-30 22:29:25,113 INFO  grpc.GrpcConfigKeys$Server (ConfUtils.java:logGet(43)) - raft.grpc.server.port = 0 (default)
2019-07-30 22:29:25,113 INFO  server.GrpcService (ConfUtils.java:logGet(43)) - raft.grpc.message.size.max = 33570816 (custom)
2019-07-30 22:29:25,114 INFO  server.RaftServerConfigKeys (ConfUtils.java:logGet(43)) - raft.server.log.appender.buffer.byte-limit = 33554432 (custom)
2019-07-30 22:29:25,114 INFO  server.GrpcService (ConfUtils.java:logGet(43)) - raft.grpc.flow.control.window = 1MB (=1048576) (default)
2019-07-30 22:29:25,114 INFO  server.RaftServerConfigKeys (ConfUtils.java:logGet(43)) - raft.server.rpc.request.timeout = 3000ms (default)
2019-07-30 22:29:25,115 INFO  server.RaftServerConfigKeys (ConfUtils.java:logGet(43)) - raft.server.storage.dir = [/workdir/hadoop-ozone/integration-test/target/test-dir/MiniOzoneClusterImpl-e050bc9f-bc6f-41bc-b4ec-06bc364a309b/datanode-4/data/ratis] (custom)
2019-07-30 22:29:25,115 INFO  replication.SimpleContainerDownloader (SimpleContainerDownloader.java:<init>(72)) - Starting container downloader service to copy containers to replicate.
2019-07-30 22:29:25,116 INFO  hdfs.DFSUtil (DFSUtil.java:httpServerTemplateForNNAndJN(1641)) - Starting Web-server for hddsDatanode at: http://0.0.0.0:0
2019-07-30 22:29:25,117 INFO  server.AuthenticationFilter (AuthenticationFilter.java:constructSecretProvider(240)) - Unable to initialize FileSignerSecretProvider, falling back to use random secrets.
2019-07-30 22:29:25,118 WARN  http.HttpRequestLog (HttpRequestLog.java:getRequestLog(97)) - Jetty request log can only be enabled using Log4j
2019-07-30 22:29:25,119 INFO  http.HttpServer2 (HttpServer2.java:addGlobalFilter(975)) - Added global filter 'safety' (class=org.apache.hadoop.http.HttpServer2$QuotingInputFilter)
2019-07-30 22:29:25,120 INFO  http.HttpServer2 (HttpServer2.java:addFilter(948)) - Added filter static_user_filter (class=org.apache.hadoop.http.lib.StaticUserWebFilter$StaticUserFilter) to context hddsDatanode
2019-07-30 22:29:25,120 INFO  http.HttpServer2 (HttpServer2.java:addFilter(958)) - Added filter static_user_filter (class=org.apache.hadoop.http.lib.StaticUserWebFilter$StaticUserFilter) to context logs
2019-07-30 22:29:25,120 INFO  http.HttpServer2 (HttpServer2.java:addFilter(958)) - Added filter static_user_filter (class=org.apache.hadoop.http.lib.StaticUserWebFilter$StaticUserFilter) to context static
2019-07-30 22:29:25,120 INFO  http.HttpServer2 (HttpServer2.java:bindListener(1191)) - Jetty bound to port 46218
2019-07-30 22:29:25,121 INFO  server.Server (Server.java:doStart(351)) - jetty-9.3.24.v20180605, build timestamp: 2018-06-05T17:11:56Z, git hash: 84205aa28f11a4f31f2a3b86d1bba2cc8ab69827
2019-07-30 22:29:25,123 INFO  handler.ContextHandler (ContextHandler.java:doStart(781)) - Started o.e.j.s.ServletContextHandler@4cd5fc46{/logs,file:///workdir/hadoop-ozone/integration-test/target/log,AVAILABLE}
2019-07-30 22:29:25,123 INFO  handler.ContextHandler (ContextHandler.java:doStart(781)) - Started o.e.j.s.ServletContextHandler@3221588e{/static,jar:file:/home/user/.m2/repository/org/apache/hadoop/hadoop-hdds-container-service/0.4.1-SNAPSHOT/hadoop-hdds-container-service-0.4.1-SNAPSHOT.jar!/webapps/static,AVAILABLE}
2019-07-30 22:29:25,151 INFO  handler.ContextHandler (ContextHandler.java:doStart(781)) - Started o.e.j.w.WebAppContext@713e7d9a{/,file:///tmp/jetty-0.0.0.0-46218-hddsDatanode-_-any-713563167953805712.dir/webapp/,AVAILABLE}{/hddsDatanode}
2019-07-30 22:29:25,151 INFO  server.AbstractConnector (AbstractConnector.java:doStart(278)) - Started ServerConnector@681d704e{HTTP/1.1,[http/1.1]}{0.0.0.0:46218}
2019-07-30 22:29:25,152 INFO  server.Server (Server.java:doStart(419)) - Started @41393ms
2019-07-30 22:29:25,153 INFO  server.BaseHttpServer (BaseHttpServer.java:updateConnectorAddress(207)) - HTTP server of HDDSDATANODE is listening at http://0.0.0.0:46218
2019-07-30 22:29:25,393 INFO  ozone.HddsDatanodeService (HddsDatanodeService.java:startPlugins(395)) - Started plug-in org.apache.hadoop.ozone.web.OzoneHddsDatanodeService@54496c2d
2019-07-30 22:29:25,394 INFO  impl.MetricsSystemImpl (MetricsSystemImpl.java:init(158)) - HddsDatanode metrics system started (again)
2019-07-30 22:29:25,398 INFO  ozone.HddsDatanodeService (HddsDatanodeService.java:start(184)) - HddsDatanodeService host:byscane-nightly-mnz8h-3685941970 ip:192.168.5.187
2019-07-30 22:29:25,398 INFO  util.JvmPauseMonitor (JvmPauseMonitor.java:run(188)) - Starting JVM pause monitor
2019-07-30 22:29:25,400 INFO  datanode.InitDatanodeState (InitDatanodeState.java:persistContainerDatanodeDetails(140)) - DatanodeDetails is persisted to /workdir/hadoop-ozone/integration-test/target/test-dir/MiniOzoneClusterImpl-e050bc9f-bc6f-41bc-b4ec-06bc364a309b/datanode-4/meta/datanode.id
2019-07-30 22:29:25,405 INFO  volume.HddsVolume (HddsVolume.java:<init>(176)) - Creating Volume: /workdir/hadoop-ozone/integration-test/target/test-dir/MiniOzoneClusterImpl-e050bc9f-bc6f-41bc-b4ec-06bc364a309b/datanode-5/data/containers/hdds of  storage type : DISK and capacity : 52710309888
2019-07-30 22:29:25,406 INFO  volume.VolumeSet (VolumeSet.java:initializeVolumeSet(170)) - Added Volume : /workdir/hadoop-ozone/integration-test/target/test-dir/MiniOzoneClusterImpl-e050bc9f-bc6f-41bc-b4ec-06bc364a309b/datanode-5/data/containers/hdds to VolumeSet
2019-07-30 22:29:25,406 INFO  volume.ThrottledAsyncChecker (ThrottledAsyncChecker.java:schedule(140)) - Scheduling a check for org.apache.hadoop.ozone.container.common.volume.HddsVolume@5d68954d
2019-07-30 22:29:25,406 INFO  volume.HddsVolumeChecker (HddsVolumeChecker.java:checkAllVolumes(203)) - Scheduled health check for volume org.apache.hadoop.ozone.container.common.volume.HddsVolume@5d68954d
2019-07-30 22:29:25,420 INFO  impl.RaftServerProxy (ConfUtils.java:logGet(43)) - raft.rpc.type = GRPC (default)
2019-07-30 22:29:25,420 INFO  grpc.GrpcFactory (GrpcFactory.java:checkPooledByteBufAllocatorUseCacheForAllThreads(45)) - PERFORMANCE WARNING: useCacheForAllThreads is true that may cause Netty to create a lot garbage objects and, as a result, trigger GC.
	It is recommended to disable useCacheForAllThreads by setting -Dorg.apache.ratis.thirdparty.io.netty.allocator.useCacheForAllThreads=false in command line.
2019-07-30 22:29:25,420 INFO  grpc.GrpcConfigKeys$Server (ConfUtils.java:logGet(43)) - raft.grpc.server.port = 0 (default)
2019-07-30 22:29:25,421 INFO  server.GrpcService (ConfUtils.java:logGet(43)) - raft.grpc.message.size.max = 33570816 (custom)
2019-07-30 22:29:25,421 INFO  server.RaftServerConfigKeys (ConfUtils.java:logGet(43)) - raft.server.log.appender.buffer.byte-limit = 33554432 (custom)
2019-07-30 22:29:25,421 INFO  server.GrpcService (ConfUtils.java:logGet(43)) - raft.grpc.flow.control.window = 1MB (=1048576) (default)
2019-07-30 22:29:25,421 INFO  server.RaftServerConfigKeys (ConfUtils.java:logGet(43)) - raft.server.rpc.request.timeout = 3000ms (default)
2019-07-30 22:29:25,422 INFO  server.RaftServerConfigKeys (ConfUtils.java:logGet(43)) - raft.server.storage.dir = [/workdir/hadoop-ozone/integration-test/target/test-dir/MiniOzoneClusterImpl-e050bc9f-bc6f-41bc-b4ec-06bc364a309b/datanode-5/data/ratis] (custom)
2019-07-30 22:29:25,423 INFO  replication.SimpleContainerDownloader (SimpleContainerDownloader.java:<init>(72)) - Starting container downloader service to copy containers to replicate.
2019-07-30 22:29:25,424 INFO  hdfs.DFSUtil (DFSUtil.java:httpServerTemplateForNNAndJN(1641)) - Starting Web-server for hddsDatanode at: http://0.0.0.0:0
2019-07-30 22:29:25,425 INFO  server.AuthenticationFilter (AuthenticationFilter.java:constructSecretProvider(240)) - Unable to initialize FileSignerSecretProvider, falling back to use random secrets.
2019-07-30 22:29:25,426 WARN  http.HttpRequestLog (HttpRequestLog.java:getRequestLog(97)) - Jetty request log can only be enabled using Log4j
2019-07-30 22:29:25,427 INFO  http.HttpServer2 (HttpServer2.java:addGlobalFilter(975)) - Added global filter 'safety' (class=org.apache.hadoop.http.HttpServer2$QuotingInputFilter)
2019-07-30 22:29:25,427 INFO  http.HttpServer2 (HttpServer2.java:addFilter(948)) - Added filter static_user_filter (class=org.apache.hadoop.http.lib.StaticUserWebFilter$StaticUserFilter) to context hddsDatanode
2019-07-30 22:29:25,427 INFO  http.HttpServer2 (HttpServer2.java:addFilter(958)) - Added filter static_user_filter (class=org.apache.hadoop.http.lib.StaticUserWebFilter$StaticUserFilter) to context static
2019-07-30 22:29:25,428 INFO  http.HttpServer2 (HttpServer2.java:addFilter(958)) - Added filter static_user_filter (class=org.apache.hadoop.http.lib.StaticUserWebFilter$StaticUserFilter) to context logs
2019-07-30 22:29:25,428 INFO  http.HttpServer2 (HttpServer2.java:bindListener(1191)) - Jetty bound to port 37787
2019-07-30 22:29:25,428 INFO  server.Server (Server.java:doStart(351)) - jetty-9.3.24.v20180605, build timestamp: 2018-06-05T17:11:56Z, git hash: 84205aa28f11a4f31f2a3b86d1bba2cc8ab69827
2019-07-30 22:29:25,430 INFO  handler.ContextHandler (ContextHandler.java:doStart(781)) - Started o.e.j.s.ServletContextHandler@14b5325f{/logs,file:///workdir/hadoop-ozone/integration-test/target/log,AVAILABLE}
2019-07-30 22:29:25,431 INFO  handler.ContextHandler (ContextHandler.java:doStart(781)) - Started o.e.j.s.ServletContextHandler@6cc90398{/static,jar:file:/home/user/.m2/repository/org/apache/hadoop/hadoop-hdds-container-service/0.4.1-SNAPSHOT/hadoop-hdds-container-service-0.4.1-SNAPSHOT.jar!/webapps/static,AVAILABLE}
2019-07-30 22:29:25,459 INFO  handler.ContextHandler (ContextHandler.java:doStart(781)) - Started o.e.j.w.WebAppContext@54556723{/,file:///tmp/jetty-0.0.0.0-37787-hddsDatanode-_-any-120386831987406744.dir/webapp/,AVAILABLE}{/hddsDatanode}
2019-07-30 22:29:25,459 INFO  server.AbstractConnector (AbstractConnector.java:doStart(278)) - Started ServerConnector@6124dda2{HTTP/1.1,[http/1.1]}{0.0.0.0:37787}
2019-07-30 22:29:25,461 INFO  server.Server (Server.java:doStart(419)) - Started @41702ms
2019-07-30 22:29:25,461 INFO  server.BaseHttpServer (BaseHttpServer.java:updateConnectorAddress(207)) - HTTP server of HDDSDATANODE is listening at http://0.0.0.0:37787
2019-07-30 22:29:25,574 INFO  ozone.HddsDatanodeService (HddsDatanodeService.java:startPlugins(395)) - Started plug-in org.apache.hadoop.ozone.web.OzoneHddsDatanodeService@b76b7d8
2019-07-30 22:29:25,574 INFO  impl.MetricsSystemImpl (MetricsSystemImpl.java:init(158)) - HddsDatanode metrics system started (again)
2019-07-30 22:29:25,580 INFO  ozone.HddsDatanodeService (HddsDatanodeService.java:start(184)) - HddsDatanodeService host:byscane-nightly-mnz8h-3685941970 ip:192.168.5.187
2019-07-30 22:29:25,580 INFO  util.JvmPauseMonitor (JvmPauseMonitor.java:run(188)) - Starting JVM pause monitor
2019-07-30 22:29:25,582 INFO  datanode.InitDatanodeState (InitDatanodeState.java:persistContainerDatanodeDetails(140)) - DatanodeDetails is persisted to /workdir/hadoop-ozone/integration-test/target/test-dir/MiniOzoneClusterImpl-e050bc9f-bc6f-41bc-b4ec-06bc364a309b/datanode-5/meta/datanode.id
2019-07-30 22:29:25,588 INFO  volume.HddsVolume (HddsVolume.java:<init>(176)) - Creating Volume: /workdir/hadoop-ozone/integration-test/target/test-dir/MiniOzoneClusterImpl-e050bc9f-bc6f-41bc-b4ec-06bc364a309b/datanode-6/data/containers/hdds of  storage type : DISK and capacity : 52710309888
2019-07-30 22:29:25,589 INFO  volume.VolumeSet (VolumeSet.java:initializeVolumeSet(170)) - Added Volume : /workdir/hadoop-ozone/integration-test/target/test-dir/MiniOzoneClusterImpl-e050bc9f-bc6f-41bc-b4ec-06bc364a309b/datanode-6/data/containers/hdds to VolumeSet
2019-07-30 22:29:25,589 INFO  volume.ThrottledAsyncChecker (ThrottledAsyncChecker.java:schedule(140)) - Scheduling a check for org.apache.hadoop.ozone.container.common.volume.HddsVolume@484302ee
2019-07-30 22:29:25,589 INFO  volume.HddsVolumeChecker (HddsVolumeChecker.java:checkAllVolumes(203)) - Scheduled health check for volume org.apache.hadoop.ozone.container.common.volume.HddsVolume@484302ee
2019-07-30 22:29:25,602 INFO  impl.RaftServerProxy (ConfUtils.java:logGet(43)) - raft.rpc.type = GRPC (default)
2019-07-30 22:29:25,603 INFO  grpc.GrpcFactory (GrpcFactory.java:checkPooledByteBufAllocatorUseCacheForAllThreads(45)) - PERFORMANCE WARNING: useCacheForAllThreads is true that may cause Netty to create a lot garbage objects and, as a result, trigger GC.
	It is recommended to disable useCacheForAllThreads by setting -Dorg.apache.ratis.thirdparty.io.netty.allocator.useCacheForAllThreads=false in command line.
2019-07-30 22:29:25,603 INFO  grpc.GrpcConfigKeys$Server (ConfUtils.java:logGet(43)) - raft.grpc.server.port = 0 (default)
2019-07-30 22:29:25,603 INFO  server.GrpcService (ConfUtils.java:logGet(43)) - raft.grpc.message.size.max = 33570816 (custom)
2019-07-30 22:29:25,603 INFO  server.RaftServerConfigKeys (ConfUtils.java:logGet(43)) - raft.server.log.appender.buffer.byte-limit = 33554432 (custom)
2019-07-30 22:29:25,604 INFO  server.GrpcService (ConfUtils.java:logGet(43)) - raft.grpc.flow.control.window = 1MB (=1048576) (default)
2019-07-30 22:29:25,604 INFO  server.RaftServerConfigKeys (ConfUtils.java:logGet(43)) - raft.server.rpc.request.timeout = 3000ms (default)
2019-07-30 22:29:25,604 INFO  server.RaftServerConfigKeys (ConfUtils.java:logGet(43)) - raft.server.storage.dir = [/workdir/hadoop-ozone/integration-test/target/test-dir/MiniOzoneClusterImpl-e050bc9f-bc6f-41bc-b4ec-06bc364a309b/datanode-6/data/ratis] (custom)
2019-07-30 22:29:25,605 INFO  replication.SimpleContainerDownloader (SimpleContainerDownloader.java:<init>(72)) - Starting container downloader service to copy containers to replicate.
2019-07-30 22:29:25,606 INFO  hdfs.DFSUtil (DFSUtil.java:httpServerTemplateForNNAndJN(1641)) - Starting Web-server for hddsDatanode at: http://0.0.0.0:0
2019-07-30 22:29:25,607 INFO  server.AuthenticationFilter (AuthenticationFilter.java:constructSecretProvider(240)) - Unable to initialize FileSignerSecretProvider, falling back to use random secrets.
2019-07-30 22:29:25,608 WARN  http.HttpRequestLog (HttpRequestLog.java:getRequestLog(97)) - Jetty request log can only be enabled using Log4j
2019-07-30 22:29:25,609 INFO  http.HttpServer2 (HttpServer2.java:addGlobalFilter(975)) - Added global filter 'safety' (class=org.apache.hadoop.http.HttpServer2$QuotingInputFilter)
2019-07-30 22:29:25,609 INFO  http.HttpServer2 (HttpServer2.java:addFilter(948)) - Added filter static_user_filter (class=org.apache.hadoop.http.lib.StaticUserWebFilter$StaticUserFilter) to context hddsDatanode
2019-07-30 22:29:25,610 INFO  http.HttpServer2 (HttpServer2.java:addFilter(958)) - Added filter static_user_filter (class=org.apache.hadoop.http.lib.StaticUserWebFilter$StaticUserFilter) to context static
2019-07-30 22:29:25,610 INFO  http.HttpServer2 (HttpServer2.java:addFilter(958)) - Added filter static_user_filter (class=org.apache.hadoop.http.lib.StaticUserWebFilter$StaticUserFilter) to context logs
2019-07-30 22:29:25,610 INFO  http.HttpServer2 (HttpServer2.java:bindListener(1191)) - Jetty bound to port 42223
2019-07-30 22:29:25,611 INFO  server.Server (Server.java:doStart(351)) - jetty-9.3.24.v20180605, build timestamp: 2018-06-05T17:11:56Z, git hash: 84205aa28f11a4f31f2a3b86d1bba2cc8ab69827
2019-07-30 22:29:25,612 INFO  handler.ContextHandler (ContextHandler.java:doStart(781)) - Started o.e.j.s.ServletContextHandler@18b3db6e{/logs,file:///workdir/hadoop-ozone/integration-test/target/log,AVAILABLE}
2019-07-30 22:29:25,613 INFO  handler.ContextHandler (ContextHandler.java:doStart(781)) - Started o.e.j.s.ServletContextHandler@34695b23{/static,jar:file:/home/user/.m2/repository/org/apache/hadoop/hadoop-hdds-container-service/0.4.1-SNAPSHOT/hadoop-hdds-container-service-0.4.1-SNAPSHOT.jar!/webapps/static,AVAILABLE}
2019-07-30 22:29:25,640 INFO  handler.ContextHandler (ContextHandler.java:doStart(781)) - Started o.e.j.w.WebAppContext@29532e91{/,file:///tmp/jetty-0.0.0.0-42223-hddsDatanode-_-any-1160949778927726097.dir/webapp/,AVAILABLE}{/hddsDatanode}
2019-07-30 22:29:25,640 INFO  server.AbstractConnector (AbstractConnector.java:doStart(278)) - Started ServerConnector@7e691624{HTTP/1.1,[http/1.1]}{0.0.0.0:42223}
2019-07-30 22:29:25,641 INFO  server.Server (Server.java:doStart(419)) - Started @41882ms
2019-07-30 22:29:25,642 INFO  server.BaseHttpServer (BaseHttpServer.java:updateConnectorAddress(207)) - HTTP server of HDDSDATANODE is listening at http://0.0.0.0:42223
2019-07-30 22:29:25,738 INFO  ozone.HddsDatanodeService (HddsDatanodeService.java:startPlugins(395)) - Started plug-in org.apache.hadoop.ozone.web.OzoneHddsDatanodeService@11c999da
2019-07-30 22:29:25,738 INFO  ozone.MiniOzoneClusterImpl (MiniOzoneClusterImpl.java:lambda$waitForClusterToBeReady$0(142)) - Waiting for cluster to be ready. Got 0 of 7 DN Heartbeats.
2019-07-30 22:29:25,742 INFO  util.JvmPauseMonitor (JvmPauseMonitor.java:run(188)) - Starting JVM pause monitor
2019-07-30 22:29:25,743 INFO  datanode.InitDatanodeState (InitDatanodeState.java:persistContainerDatanodeDetails(140)) - DatanodeDetails is persisted to /workdir/hadoop-ozone/integration-test/target/test-dir/MiniOzoneClusterImpl-e050bc9f-bc6f-41bc-b4ec-06bc364a309b/datanode-6/meta/datanode.id
2019-07-30 22:29:26,490 INFO  ozoneimpl.OzoneContainer (OzoneContainer.java:start(186)) - Attempting to start container services.
2019-07-30 22:29:26,493 INFO  ozoneimpl.OzoneContainer (OzoneContainer.java:startContainerScrub(160)) - Background container scrubber has been disabled by hdds.containerscrub.enabled
2019-07-30 22:29:26,493 INFO  ratis.XceiverServerRatis (XceiverServerRatis.java:start(404)) - Starting XceiverServerRatis 1cf89b6a-11ba-4732-a060-c94e1cf1c9e4 at port 0
2019-07-30 22:29:26,502 INFO  impl.RaftServerProxy (RaftServerProxy.java:lambda$start$3(299)) - 1cf89b6a-11ba-4732-a060-c94e1cf1c9e4: start RPC server
2019-07-30 22:29:26,504 INFO  server.GrpcService (GrpcService.java:startImpl(149)) - 1cf89b6a-11ba-4732-a060-c94e1cf1c9e4: GrpcService started, listening on 0.0.0.0/0.0.0.0:44441
2019-07-30 22:29:26,504 INFO  ratis.XceiverServerRatis (XceiverServerRatis.java:start(414)) - XceiverServerRatis 1cf89b6a-11ba-4732-a060-c94e1cf1c9e4 is started using port 44441
2019-07-30 22:29:26,506 INFO  server.XceiverServerGrpc (XceiverServerGrpc.java:start(161)) - XceiverServerGrpc 1cf89b6a-11ba-4732-a060-c94e1cf1c9e4 is started using port 43892
2019-07-30 22:29:26,717 INFO  ozoneimpl.OzoneContainer (OzoneContainer.java:start(186)) - Attempting to start container services.
2019-07-30 22:29:26,724 INFO  ozoneimpl.OzoneContainer (OzoneContainer.java:startContainerScrub(160)) - Background container scrubber has been disabled by hdds.containerscrub.enabled
2019-07-30 22:29:26,724 INFO  ratis.XceiverServerRatis (XceiverServerRatis.java:start(404)) - Starting XceiverServerRatis f83802d5-fd97-4202-8f70-b9a576172424 at port 0
2019-07-30 22:29:26,735 INFO  impl.RaftServerProxy (RaftServerProxy.java:lambda$start$3(299)) - f83802d5-fd97-4202-8f70-b9a576172424: start RPC server
2019-07-30 22:29:26,739 INFO  ozone.MiniOzoneClusterImpl (MiniOzoneClusterImpl.java:lambda$waitForClusterToBeReady$0(142)) - Waiting for cluster to be ready. Got 0 of 7 DN Heartbeats.
2019-07-30 22:29:26,740 INFO  server.GrpcService (GrpcService.java:startImpl(149)) - f83802d5-fd97-4202-8f70-b9a576172424: GrpcService started, listening on 0.0.0.0/0.0.0.0:46303
2019-07-30 22:29:26,741 INFO  ratis.XceiverServerRatis (XceiverServerRatis.java:start(414)) - XceiverServerRatis f83802d5-fd97-4202-8f70-b9a576172424 is started using port 46303
2019-07-30 22:29:26,747 INFO  server.XceiverServerGrpc (XceiverServerGrpc.java:start(161)) - XceiverServerGrpc f83802d5-fd97-4202-8f70-b9a576172424 is started using port 40204
2019-07-30 22:29:26,921 INFO  ozoneimpl.OzoneContainer (OzoneContainer.java:start(186)) - Attempting to start container services.
2019-07-30 22:29:26,921 INFO  ozoneimpl.OzoneContainer (OzoneContainer.java:startContainerScrub(160)) - Background container scrubber has been disabled by hdds.containerscrub.enabled
2019-07-30 22:29:26,921 INFO  ratis.XceiverServerRatis (XceiverServerRatis.java:start(404)) - Starting XceiverServerRatis d6639fa8-6d46-45c5-857d-997a31ce3427 at port 0
2019-07-30 22:29:26,929 INFO  impl.RaftServerProxy (RaftServerProxy.java:lambda$start$3(299)) - d6639fa8-6d46-45c5-857d-997a31ce3427: start RPC server
2019-07-30 22:29:26,930 INFO  server.GrpcService (GrpcService.java:startImpl(149)) - d6639fa8-6d46-45c5-857d-997a31ce3427: GrpcService started, listening on 0.0.0.0/0.0.0.0:38416
2019-07-30 22:29:26,930 INFO  ratis.XceiverServerRatis (XceiverServerRatis.java:start(414)) - XceiverServerRatis d6639fa8-6d46-45c5-857d-997a31ce3427 is started using port 38416
2019-07-30 22:29:26,939 INFO  server.XceiverServerGrpc (XceiverServerGrpc.java:start(161)) - XceiverServerGrpc d6639fa8-6d46-45c5-857d-997a31ce3427 is started using port 39472
2019-07-30 22:29:27,116 INFO  ozoneimpl.OzoneContainer (OzoneContainer.java:start(186)) - Attempting to start container services.
2019-07-30 22:29:27,116 INFO  ozoneimpl.OzoneContainer (OzoneContainer.java:startContainerScrub(160)) - Background container scrubber has been disabled by hdds.containerscrub.enabled
2019-07-30 22:29:27,117 INFO  ratis.XceiverServerRatis (XceiverServerRatis.java:start(404)) - Starting XceiverServerRatis 1e19a2b1-49d0-4e7a-aecd-0cd783192e71 at port 0
2019-07-30 22:29:27,125 INFO  impl.RaftServerProxy (RaftServerProxy.java:lambda$start$3(299)) - 1e19a2b1-49d0-4e7a-aecd-0cd783192e71: start RPC server
2019-07-30 22:29:27,128 INFO  server.GrpcService (GrpcService.java:startImpl(149)) - 1e19a2b1-49d0-4e7a-aecd-0cd783192e71: GrpcService started, listening on 0.0.0.0/0.0.0.0:40318
2019-07-30 22:29:27,128 INFO  ratis.XceiverServerRatis (XceiverServerRatis.java:start(414)) - XceiverServerRatis 1e19a2b1-49d0-4e7a-aecd-0cd783192e71 is started using port 40318
2019-07-30 22:29:27,131 INFO  server.XceiverServerGrpc (XceiverServerGrpc.java:start(161)) - XceiverServerGrpc 1e19a2b1-49d0-4e7a-aecd-0cd783192e71 is started using port 39072
2019-07-30 22:29:27,405 INFO  ozoneimpl.OzoneContainer (OzoneContainer.java:start(186)) - Attempting to start container services.
2019-07-30 22:29:27,406 INFO  ozoneimpl.OzoneContainer (OzoneContainer.java:startContainerScrub(160)) - Background container scrubber has been disabled by hdds.containerscrub.enabled
2019-07-30 22:29:27,406 INFO  ratis.XceiverServerRatis (XceiverServerRatis.java:start(404)) - Starting XceiverServerRatis 8348d7a9-b426-4f67-be3c-60ab6b153275 at port 0
2019-07-30 22:29:27,413 INFO  impl.RaftServerProxy (RaftServerProxy.java:lambda$start$3(299)) - 8348d7a9-b426-4f67-be3c-60ab6b153275: start RPC server
2019-07-30 22:29:27,417 INFO  server.GrpcService (GrpcService.java:startImpl(149)) - 8348d7a9-b426-4f67-be3c-60ab6b153275: GrpcService started, listening on 0.0.0.0/0.0.0.0:39014
2019-07-30 22:29:27,417 INFO  ratis.XceiverServerRatis (XceiverServerRatis.java:start(414)) - XceiverServerRatis 8348d7a9-b426-4f67-be3c-60ab6b153275 is started using port 39014
2019-07-30 22:29:27,418 INFO  server.XceiverServerGrpc (XceiverServerGrpc.java:start(161)) - XceiverServerGrpc 8348d7a9-b426-4f67-be3c-60ab6b153275 is started using port 34850
2019-07-30 22:29:27,586 INFO  ozoneimpl.OzoneContainer (OzoneContainer.java:start(186)) - Attempting to start container services.
2019-07-30 22:29:27,586 INFO  ozoneimpl.OzoneContainer (OzoneContainer.java:startContainerScrub(160)) - Background container scrubber has been disabled by hdds.containerscrub.enabled
2019-07-30 22:29:27,586 INFO  ratis.XceiverServerRatis (XceiverServerRatis.java:start(404)) - Starting XceiverServerRatis 382046bb-dbfe-4c16-a95c-2b1aff15a13d at port 0
2019-07-30 22:29:27,596 INFO  impl.RaftServerProxy (RaftServerProxy.java:lambda$start$3(299)) - 382046bb-dbfe-4c16-a95c-2b1aff15a13d: start RPC server
2019-07-30 22:29:27,597 INFO  server.GrpcService (GrpcService.java:startImpl(149)) - 382046bb-dbfe-4c16-a95c-2b1aff15a13d: GrpcService started, listening on 0.0.0.0/0.0.0.0:41436
2019-07-30 22:29:27,597 INFO  ratis.XceiverServerRatis (XceiverServerRatis.java:start(414)) - XceiverServerRatis 382046bb-dbfe-4c16-a95c-2b1aff15a13d is started using port 41436
2019-07-30 22:29:27,598 INFO  server.XceiverServerGrpc (XceiverServerGrpc.java:start(161)) - XceiverServerGrpc 382046bb-dbfe-4c16-a95c-2b1aff15a13d is started using port 35405
2019-07-30 22:29:27,741 INFO  ozone.MiniOzoneClusterImpl (MiniOzoneClusterImpl.java:lambda$waitForClusterToBeReady$0(142)) - Waiting for cluster to be ready. Got 0 of 7 DN Heartbeats.
2019-07-30 22:29:27,747 INFO  ozoneimpl.OzoneContainer (OzoneContainer.java:start(186)) - Attempting to start container services.
2019-07-30 22:29:27,748 INFO  ozoneimpl.OzoneContainer (OzoneContainer.java:startContainerScrub(160)) - Background container scrubber has been disabled by hdds.containerscrub.enabled
2019-07-30 22:29:27,748 INFO  ratis.XceiverServerRatis (XceiverServerRatis.java:start(404)) - Starting XceiverServerRatis fab4dddb-d173-428b-9ff2-3a506c379182 at port 0
2019-07-30 22:29:27,756 INFO  impl.RaftServerProxy (RaftServerProxy.java:lambda$start$3(299)) - fab4dddb-d173-428b-9ff2-3a506c379182: start RPC server
2019-07-30 22:29:27,761 INFO  server.GrpcService (GrpcService.java:startImpl(149)) - fab4dddb-d173-428b-9ff2-3a506c379182: GrpcService started, listening on 0.0.0.0/0.0.0.0:34601
2019-07-30 22:29:27,761 INFO  ratis.XceiverServerRatis (XceiverServerRatis.java:start(414)) - XceiverServerRatis fab4dddb-d173-428b-9ff2-3a506c379182 is started using port 34601
2019-07-30 22:29:27,762 INFO  server.XceiverServerGrpc (XceiverServerGrpc.java:start(161)) - XceiverServerGrpc fab4dddb-d173-428b-9ff2-3a506c379182 is started using port 41959
2019-07-30 22:29:28,471 INFO  net.NetworkTopology (NetworkTopologyImpl.java:add(110)) - Added a new node: /default-rack/1cf89b6a-11ba-4732-a060-c94e1cf1c9e4
2019-07-30 22:29:28,473 INFO  node.SCMNodeManager (SCMNodeManager.java:register(273)) - Registered Data node : 1cf89b6a-11ba-4732-a060-c94e1cf1c9e4{ip: 192.168.5.187, host: byscane-nightly-mnz8h-3685941970, networkLocation: /default-rack, certSerialId: null}
2019-07-30 22:29:28,475 INFO  safemode.SCMSafeModeManager (DataNodeSafeModeRule.java:process(71)) - SCM in safe mode. 1 DataNodes registered, 1 required.
2019-07-30 22:29:28,477 INFO  safemode.SCMSafeModeManager (SCMSafeModeManager.java:validateSafeModeExitRules(177)) - ScmSafeModeManager, all rules are successfully validated
2019-07-30 22:29:28,477 INFO  safemode.SCMSafeModeManager (SCMSafeModeManager.java:exitSafeMode(193)) - SCM exiting safe mode.
2019-07-30 22:29:28,495 INFO  impl.RaftServerProxy (RaftServerProxy.java:addNew(89)) - 1cf89b6a-11ba-4732-a060-c94e1cf1c9e4: addNew group-483AD78E24D3:[1cf89b6a-11ba-4732-a060-c94e1cf1c9e4:192.168.5.187:44441] returns group-483AD78E24D3:java.util.concurrent.CompletableFuture@4d6c3110[Not completed]
2019-07-30 22:29:28,497 INFO  impl.RaftServerImpl (RaftServerImpl.java:<init>(93)) - 1cf89b6a-11ba-4732-a060-c94e1cf1c9e4: new RaftServerImpl for group-483AD78E24D3:[1cf89b6a-11ba-4732-a060-c94e1cf1c9e4:192.168.5.187:44441] with ContainerStateMachine:uninitialized
2019-07-30 22:29:28,497 INFO  server.RaftServerConfigKeys (ConfUtils.java:logGet(43)) - raft.server.rpc.timeout.min = 5s (custom)
2019-07-30 22:29:28,497 INFO  server.RaftServerConfigKeys (ConfUtils.java:logGet(43)) - raft.server.rpc.timeout.max = 5200ms (custom)
2019-07-30 22:29:28,498 INFO  server.RaftServerConfigKeys (ConfUtils.java:logGet(43)) - raft.server.rpcslowness.timeout = 120s (custom)
2019-07-30 22:29:28,498 INFO  server.RaftServerConfigKeys (ConfUtils.java:logGet(43)) - raft.server.sleep.deviation.threshold = 300 (default)
2019-07-30 22:29:28,498 INFO  server.RaftServerConfigKeys (ConfUtils.java:logGet(43)) - raft.server.log.appender.install.snapshot.enabled = false (custom)
2019-07-30 22:29:28,498 INFO  impl.RaftServerImpl (ServerState.java:<init>(105)) - 1cf89b6a-11ba-4732-a060-c94e1cf1c9e4:group-483AD78E24D3 ConfigurationManager, init=-1: [1cf89b6a-11ba-4732-a060-c94e1cf1c9e4:192.168.5.187:44441], old=null, confs=<EMPTY_MAP>
2019-07-30 22:29:28,499 INFO  server.RaftServerConfigKeys (ConfUtils.java:logGet(43)) - raft.server.storage.dir = [/workdir/hadoop-ozone/integration-test/target/test-dir/MiniOzoneClusterImpl-e050bc9f-bc6f-41bc-b4ec-06bc364a309b/datanode-0/data/ratis] (custom)
2019-07-30 22:29:28,500 INFO  storage.RaftStorageDirectory (RaftStorageDirectory.java:analyzeStorage(246)) - The storage directory /workdir/hadoop-ozone/integration-test/target/test-dir/MiniOzoneClusterImpl-e050bc9f-bc6f-41bc-b4ec-06bc364a309b/datanode-0/data/ratis/aa3929fc-540c-426a-901a-483ad78e24d3 does not exist. Creating ...
2019-07-30 22:29:28,505 INFO  storage.RaftStorageDirectory (RaftStorageDirectory.java:tryLock(328)) - Lock on /workdir/hadoop-ozone/integration-test/target/test-dir/MiniOzoneClusterImpl-e050bc9f-bc6f-41bc-b4ec-06bc364a309b/datanode-0/data/ratis/aa3929fc-540c-426a-901a-483ad78e24d3/in_use.lock acquired by nodename 12570@byscane-nightly-mnz8h-3685941970
2019-07-30 22:29:28,510 INFO  storage.RaftStorage (RaftStorage.java:format(72)) - Storage directory /workdir/hadoop-ozone/integration-test/target/test-dir/MiniOzoneClusterImpl-e050bc9f-bc6f-41bc-b4ec-06bc364a309b/datanode-0/data/ratis/aa3929fc-540c-426a-901a-483ad78e24d3 has been successfully formatted.
2019-07-30 22:29:28,511 INFO  ratis.ContainerStateMachine (ContainerStateMachine.java:loadSnapshot(213)) - group-483AD78E24D3: The snapshot info is null. Setting the last applied indexto:(t:0, i:~)
2019-07-30 22:29:28,511 INFO  server.RaftServerConfigKeys (ConfUtils.java:logGet(43)) - raft.server.leader.election.timeout = 120s (custom)
2019-07-30 22:29:28,511 INFO  server.RaftServerConfigKeys (ConfUtils.java:logGet(43)) - raft.server.log.use.memory = false (default)
2019-07-30 22:29:28,511 INFO  server.RaftServerConfigKeys (ConfUtils.java:logGet(43)) - raft.server.log.purge.gap = 1000000000 (custom)
2019-07-30 22:29:28,511 INFO  server.RaftServerConfigKeys (ConfUtils.java:logGet(43)) - raft.server.log.appender.buffer.byte-limit = 33554432 (custom)
2019-07-30 22:29:28,512 INFO  server.RaftServerConfigKeys (ConfUtils.java:logGet(43)) - raft.server.log.segment.size.max = 1048576 (custom)
2019-07-30 22:29:28,512 INFO  server.RaftServerConfigKeys (ConfUtils.java:logGet(43)) - raft.server.log.segment.cache.num.max = 2 (custom)
2019-07-30 22:29:28,512 INFO  segmented.SegmentedRaftLogWorker (SegmentedRaftLogWorker.java:<init>(172)) - new 1cf89b6a-11ba-4732-a060-c94e1cf1c9e4-SegmentedRaftLogWorker:Storage Directory /workdir/hadoop-ozone/integration-test/target/test-dir/MiniOzoneClusterImpl-e050bc9f-bc6f-41bc-b4ec-06bc364a309b/datanode-0/data/ratis/aa3929fc-540c-426a-901a-483ad78e24d3 for RaftStorage:Storage Directory /workdir/hadoop-ozone/integration-test/target/test-dir/MiniOzoneClusterImpl-e050bc9f-bc6f-41bc-b4ec-06bc364a309b/datanode-0/data/ratis/aa3929fc-540c-426a-901a-483ad78e24d3
2019-07-30 22:29:28,512 INFO  server.RaftServerConfigKeys (ConfUtils.java:logGet(43)) - raft.server.log.queue.byte-limit = 2147483647 (custom)
2019-07-30 22:29:28,513 INFO  server.RaftServerConfigKeys (ConfUtils.java:logGet(43)) - raft.server.log.queue.element-limit = 1024 (custom)
2019-07-30 22:29:28,513 INFO  server.RaftServerConfigKeys (ConfUtils.java:logGet(43)) - raft.server.log.segment.size.max = 1048576 (custom)
2019-07-30 22:29:28,513 INFO  server.RaftServerConfigKeys (ConfUtils.java:logGet(43)) - raft.server.log.preallocated.size = 16384 (custom)
2019-07-30 22:29:28,513 INFO  server.RaftServerConfigKeys (ConfUtils.java:logGet(43)) - raft.server.log.write.buffer.size = 33554432 (custom)
2019-07-30 22:29:28,513 INFO  server.RaftServerConfigKeys (ConfUtils.java:logGet(43)) - raft.server.log.force.sync.num = 128 (default)
2019-07-30 22:29:28,514 INFO  server.RaftServerConfigKeys (ConfUtils.java:logGet(43)) - raft.server.log.statemachine.data.sync = true (default)
2019-07-30 22:29:28,514 INFO  server.RaftServerConfigKeys (ConfUtils.java:logGet(43)) - raft.server.log.statemachine.data.sync.timeout = 10s (default)
2019-07-30 22:29:28,514 INFO  server.RaftServerConfigKeys (ConfUtils.java:logGet(43)) - raft.server.log.statemachine.data.sync.timeout.retry = -1 (default)
2019-07-30 22:29:28,515 INFO  server.RaftServerConfigKeys (ConfUtils.java:logGet(43)) - raft.server.log.statemachine.data.caching.enabled = true (custom)
2019-07-30 22:29:28,515 INFO  segmented.SegmentedRaftLogWorker (SegmentedRaftLogWorker.java:lambda$new$0(132)) - 1cf89b6a-11ba-4732-a060-c94e1cf1c9e4-SegmentedRaftLogWorker:Storage Directory /workdir/hadoop-ozone/integration-test/target/test-dir/MiniOzoneClusterImpl-e050bc9f-bc6f-41bc-b4ec-06bc364a309b/datanode-0/data/ratis/aa3929fc-540c-426a-901a-483ad78e24d3: flushIndex: setUnconditionally 0 -> -1
2019-07-30 22:29:28,515 INFO  server.RaftServerConfigKeys (ConfUtils.java:logGet(43)) - raft.server.snapshot.auto.trigger.enabled = true (custom)
2019-07-30 22:29:28,516 INFO  server.RaftServerConfigKeys (ConfUtils.java:logGet(43)) - raft.server.snapshot.auto.trigger.threshold = 10000 (custom)
2019-07-30 22:29:28,516 INFO  server.RaftServerConfigKeys (ConfUtils.java:logGet(43)) - raft.server.retrycache.expirytime = 600000ms (custom)
2019-07-30 22:29:28,516 INFO  impl.RaftServerImpl (RaftServerImpl.java:start(180)) - 1cf89b6a-11ba-4732-a060-c94e1cf1c9e4: start group-483AD78E24D3
2019-07-30 22:29:28,516 INFO  impl.RaftServerImpl (RaftServerImpl.java:setRole(171)) - 1cf89b6a-11ba-4732-a060-c94e1cf1c9e4:group-483AD78E24D3 changes role from null to FOLLOWER at term 0 for startAsFollower
2019-07-30 22:29:28,517 INFO  impl.RoleInfo (RoleInfo.java:updateAndGet(143)) - 1cf89b6a-11ba-4732-a060-c94e1cf1c9e4: start FollowerState
2019-07-30 22:29:28,518 INFO  util.JmxRegister (JmxRegister.java:tryRegister(44)) - Successfully registered JMX Bean with object name Ratis:service=RaftServer,group=group-483AD78E24D3,id=1cf89b6a-11ba-4732-a060-c94e1cf1c9e4
2019-07-30 22:29:28,525 INFO  pipeline.PipelineStateManager (PipelineStateManager.java:addPipeline(56)) - Created pipeline Pipeline[ Id: aa3929fc-540c-426a-901a-483ad78e24d3, Nodes: 1cf89b6a-11ba-4732-a060-c94e1cf1c9e4{ip: 192.168.5.187, host: byscane-nightly-mnz8h-3685941970, networkLocation: /default-rack, certSerialId: null}, Type:RATIS, Factor:ONE, State:OPEN]
2019-07-30 22:29:28,702 INFO  net.NetworkTopology (NetworkTopologyImpl.java:add(110)) - Added a new node: /default-rack/f83802d5-fd97-4202-8f70-b9a576172424
2019-07-30 22:29:28,702 INFO  node.SCMNodeManager (SCMNodeManager.java:register(273)) - Registered Data node : f83802d5-fd97-4202-8f70-b9a576172424{ip: 192.168.5.187, host: byscane-nightly-mnz8h-3685941970, networkLocation: /default-rack, certSerialId: null}
2019-07-30 22:29:28,712 INFO  impl.RaftServerProxy (RaftServerProxy.java:addNew(89)) - f83802d5-fd97-4202-8f70-b9a576172424: addNew group-7125674E77D1:[f83802d5-fd97-4202-8f70-b9a576172424:192.168.5.187:46303] returns group-7125674E77D1:java.util.concurrent.CompletableFuture@69375ca8[Not completed]
2019-07-30 22:29:28,715 INFO  impl.RaftServerImpl (RaftServerImpl.java:<init>(93)) - f83802d5-fd97-4202-8f70-b9a576172424: new RaftServerImpl for group-7125674E77D1:[f83802d5-fd97-4202-8f70-b9a576172424:192.168.5.187:46303] with ContainerStateMachine:uninitialized
2019-07-30 22:29:28,716 INFO  server.RaftServerConfigKeys (ConfUtils.java:logGet(43)) - raft.server.rpc.timeout.min = 5s (custom)
2019-07-30 22:29:28,716 INFO  server.RaftServerConfigKeys (ConfUtils.java:logGet(43)) - raft.server.rpc.timeout.max = 5200ms (custom)
2019-07-30 22:29:28,716 INFO  server.RaftServerConfigKeys (ConfUtils.java:logGet(43)) - raft.server.rpcslowness.timeout = 120s (custom)
2019-07-30 22:29:28,716 INFO  server.RaftServerConfigKeys (ConfUtils.java:logGet(43)) - raft.server.sleep.deviation.threshold = 300 (default)
2019-07-30 22:29:28,716 INFO  server.RaftServerConfigKeys (ConfUtils.java:logGet(43)) - raft.server.log.appender.install.snapshot.enabled = false (custom)
2019-07-30 22:29:28,717 INFO  impl.RaftServerImpl (ServerState.java:<init>(105)) - f83802d5-fd97-4202-8f70-b9a576172424:group-7125674E77D1 ConfigurationManager, init=-1: [f83802d5-fd97-4202-8f70-b9a576172424:192.168.5.187:46303], old=null, confs=<EMPTY_MAP>
2019-07-30 22:29:28,717 INFO  server.RaftServerConfigKeys (ConfUtils.java:logGet(43)) - raft.server.storage.dir = [/workdir/hadoop-ozone/integration-test/target/test-dir/MiniOzoneClusterImpl-e050bc9f-bc6f-41bc-b4ec-06bc364a309b/datanode-1/data/ratis] (custom)
2019-07-30 22:29:28,717 INFO  storage.RaftStorageDirectory (RaftStorageDirectory.java:analyzeStorage(246)) - The storage directory /workdir/hadoop-ozone/integration-test/target/test-dir/MiniOzoneClusterImpl-e050bc9f-bc6f-41bc-b4ec-06bc364a309b/datanode-1/data/ratis/bb09681d-6bf0-4d3c-bfca-7125674e77d1 does not exist. Creating ...
2019-07-30 22:29:28,730 INFO  storage.RaftStorageDirectory (RaftStorageDirectory.java:tryLock(328)) - Lock on /workdir/hadoop-ozone/integration-test/target/test-dir/MiniOzoneClusterImpl-e050bc9f-bc6f-41bc-b4ec-06bc364a309b/datanode-1/data/ratis/bb09681d-6bf0-4d3c-bfca-7125674e77d1/in_use.lock acquired by nodename 12570@byscane-nightly-mnz8h-3685941970
2019-07-30 22:29:28,736 INFO  storage.RaftStorage (RaftStorage.java:format(72)) - Storage directory /workdir/hadoop-ozone/integration-test/target/test-dir/MiniOzoneClusterImpl-e050bc9f-bc6f-41bc-b4ec-06bc364a309b/datanode-1/data/ratis/bb09681d-6bf0-4d3c-bfca-7125674e77d1 has been successfully formatted.
2019-07-30 22:29:28,737 INFO  ratis.ContainerStateMachine (ContainerStateMachine.java:loadSnapshot(213)) - group-7125674E77D1: The snapshot info is null. Setting the last applied indexto:(t:0, i:~)
2019-07-30 22:29:28,737 INFO  server.RaftServerConfigKeys (ConfUtils.java:logGet(43)) - raft.server.leader.election.timeout = 120s (custom)
2019-07-30 22:29:28,737 INFO  server.RaftServerConfigKeys (ConfUtils.java:logGet(43)) - raft.server.log.use.memory = false (default)
2019-07-30 22:29:28,737 INFO  server.RaftServerConfigKeys (ConfUtils.java:logGet(43)) - raft.server.log.purge.gap = 1000000000 (custom)
2019-07-30 22:29:28,737 INFO  server.RaftServerConfigKeys (ConfUtils.java:logGet(43)) - raft.server.log.appender.buffer.byte-limit = 33554432 (custom)
2019-07-30 22:29:28,738 INFO  server.RaftServerConfigKeys (ConfUtils.java:logGet(43)) - raft.server.log.segment.size.max = 1048576 (custom)
2019-07-30 22:29:28,738 INFO  server.RaftServerConfigKeys (ConfUtils.java:logGet(43)) - raft.server.log.segment.cache.num.max = 2 (custom)
2019-07-30 22:29:28,738 INFO  segmented.SegmentedRaftLogWorker (SegmentedRaftLogWorker.java:<init>(172)) - new f83802d5-fd97-4202-8f70-b9a576172424-SegmentedRaftLogWorker:Storage Directory /workdir/hadoop-ozone/integration-test/target/test-dir/MiniOzoneClusterImpl-e050bc9f-bc6f-41bc-b4ec-06bc364a309b/datanode-1/data/ratis/bb09681d-6bf0-4d3c-bfca-7125674e77d1 for RaftStorage:Storage Directory /workdir/hadoop-ozone/integration-test/target/test-dir/MiniOzoneClusterImpl-e050bc9f-bc6f-41bc-b4ec-06bc364a309b/datanode-1/data/ratis/bb09681d-6bf0-4d3c-bfca-7125674e77d1
2019-07-30 22:29:28,738 INFO  server.RaftServerConfigKeys (ConfUtils.java:logGet(43)) - raft.server.log.queue.byte-limit = 2147483647 (custom)
2019-07-30 22:29:28,738 INFO  server.RaftServerConfigKeys (ConfUtils.java:logGet(43)) - raft.server.log.queue.element-limit = 1024 (custom)
2019-07-30 22:29:28,739 INFO  server.RaftServerConfigKeys (ConfUtils.java:logGet(43)) - raft.server.log.segment.size.max = 1048576 (custom)
2019-07-30 22:29:28,739 INFO  server.RaftServerConfigKeys (ConfUtils.java:logGet(43)) - raft.server.log.preallocated.size = 16384 (custom)
2019-07-30 22:29:28,739 INFO  server.RaftServerConfigKeys (ConfUtils.java:logGet(43)) - raft.server.log.write.buffer.size = 33554432 (custom)
2019-07-30 22:29:28,739 INFO  server.RaftServerConfigKeys (ConfUtils.java:logGet(43)) - raft.server.log.force.sync.num = 128 (default)
2019-07-30 22:29:28,740 INFO  server.RaftServerConfigKeys (ConfUtils.java:logGet(43)) - raft.server.log.statemachine.data.sync = true (default)
2019-07-30 22:29:28,740 INFO  server.RaftServerConfigKeys (ConfUtils.java:logGet(43)) - raft.server.log.statemachine.data.sync.timeout = 10s (default)
2019-07-30 22:29:28,740 INFO  server.RaftServerConfigKeys (ConfUtils.java:logGet(43)) - raft.server.log.statemachine.data.sync.timeout.retry = -1 (default)
2019-07-30 22:29:28,740 INFO  server.RaftServerConfigKeys (ConfUtils.java:logGet(43)) - raft.server.log.statemachine.data.caching.enabled = true (custom)
2019-07-30 22:29:28,741 INFO  segmented.SegmentedRaftLogWorker (SegmentedRaftLogWorker.java:lambda$new$0(132)) - f83802d5-fd97-4202-8f70-b9a576172424-SegmentedRaftLogWorker:Storage Directory /workdir/hadoop-ozone/integration-test/target/test-dir/MiniOzoneClusterImpl-e050bc9f-bc6f-41bc-b4ec-06bc364a309b/datanode-1/data/ratis/bb09681d-6bf0-4d3c-bfca-7125674e77d1: flushIndex: setUnconditionally 0 -> -1
2019-07-30 22:29:28,741 INFO  server.RaftServerConfigKeys (ConfUtils.java:logGet(43)) - raft.server.snapshot.auto.trigger.enabled = true (custom)
2019-07-30 22:29:28,741 INFO  ozone.MiniOzoneClusterImpl (MiniOzoneClusterImpl.java:lambda$waitForClusterToBeReady$0(142)) - Waiting for cluster to be ready. Got 2 of 7 DN Heartbeats.
2019-07-30 22:29:28,741 INFO  server.RaftServerConfigKeys (ConfUtils.java:logGet(43)) - raft.server.snapshot.auto.trigger.threshold = 10000 (custom)
2019-07-30 22:29:28,742 INFO  server.RaftServerConfigKeys (ConfUtils.java:logGet(43)) - raft.server.retrycache.expirytime = 600000ms (custom)
2019-07-30 22:29:28,742 INFO  impl.RaftServerImpl (RaftServerImpl.java:start(180)) - f83802d5-fd97-4202-8f70-b9a576172424: start group-7125674E77D1
2019-07-30 22:29:28,742 INFO  impl.RaftServerImpl (RaftServerImpl.java:setRole(171)) - f83802d5-fd97-4202-8f70-b9a576172424:group-7125674E77D1 changes role from null to FOLLOWER at term 0 for startAsFollower
2019-07-30 22:29:28,742 INFO  impl.RoleInfo (RoleInfo.java:updateAndGet(143)) - f83802d5-fd97-4202-8f70-b9a576172424: start FollowerState
2019-07-30 22:29:28,743 INFO  util.JmxRegister (JmxRegister.java:tryRegister(44)) - Successfully registered JMX Bean with object name Ratis:service=RaftServer,group=group-7125674E77D1,id=f83802d5-fd97-4202-8f70-b9a576172424
2019-07-30 22:29:28,748 INFO  pipeline.PipelineStateManager (PipelineStateManager.java:addPipeline(56)) - Created pipeline Pipeline[ Id: bb09681d-6bf0-4d3c-bfca-7125674e77d1, Nodes: f83802d5-fd97-4202-8f70-b9a576172424{ip: 192.168.5.187, host: byscane-nightly-mnz8h-3685941970, networkLocation: /default-rack, certSerialId: null}, Type:RATIS, Factor:ONE, State:OPEN]
2019-07-30 22:29:28,912 INFO  net.NetworkTopology (NetworkTopologyImpl.java:add(110)) - Added a new node: /default-rack/d6639fa8-6d46-45c5-857d-997a31ce3427
2019-07-30 22:29:28,912 INFO  node.SCMNodeManager (SCMNodeManager.java:register(273)) - Registered Data node : d6639fa8-6d46-45c5-857d-997a31ce3427{ip: 192.168.5.187, host: byscane-nightly-mnz8h-3685941970, networkLocation: /default-rack, certSerialId: null}
2019-07-30 22:29:28,924 INFO  impl.RaftServerProxy (RaftServerProxy.java:addNew(89)) - d6639fa8-6d46-45c5-857d-997a31ce3427: addNew group-89F42859791C:[d6639fa8-6d46-45c5-857d-997a31ce3427:192.168.5.187:38416] returns group-89F42859791C:java.util.concurrent.CompletableFuture@4272d531[Not completed]
2019-07-30 22:29:28,930 INFO  impl.RaftServerImpl (RaftServerImpl.java:<init>(93)) - d6639fa8-6d46-45c5-857d-997a31ce3427: new RaftServerImpl for group-89F42859791C:[d6639fa8-6d46-45c5-857d-997a31ce3427:192.168.5.187:38416] with ContainerStateMachine:uninitialized
2019-07-30 22:29:28,930 INFO  server.RaftServerConfigKeys (ConfUtils.java:logGet(43)) - raft.server.rpc.timeout.min = 5s (custom)
2019-07-30 22:29:28,930 INFO  server.RaftServerConfigKeys (ConfUtils.java:logGet(43)) - raft.server.rpc.timeout.max = 5200ms (custom)
2019-07-30 22:29:28,931 INFO  server.RaftServerConfigKeys (ConfUtils.java:logGet(43)) - raft.server.rpcslowness.timeout = 120s (custom)
2019-07-30 22:29:28,931 INFO  server.RaftServerConfigKeys (ConfUtils.java:logGet(43)) - raft.server.sleep.deviation.threshold = 300 (default)
2019-07-30 22:29:28,931 INFO  server.RaftServerConfigKeys (ConfUtils.java:logGet(43)) - raft.server.log.appender.install.snapshot.enabled = false (custom)
2019-07-30 22:29:28,931 INFO  impl.RaftServerImpl (ServerState.java:<init>(105)) - d6639fa8-6d46-45c5-857d-997a31ce3427:group-89F42859791C ConfigurationManager, init=-1: [d6639fa8-6d46-45c5-857d-997a31ce3427:192.168.5.187:38416], old=null, confs=<EMPTY_MAP>
2019-07-30 22:29:28,932 INFO  server.RaftServerConfigKeys (ConfUtils.java:logGet(43)) - raft.server.storage.dir = [/workdir/hadoop-ozone/integration-test/target/test-dir/MiniOzoneClusterImpl-e050bc9f-bc6f-41bc-b4ec-06bc364a309b/datanode-2/data/ratis] (custom)
2019-07-30 22:29:28,933 INFO  storage.RaftStorageDirectory (RaftStorageDirectory.java:analyzeStorage(246)) - The storage directory /workdir/hadoop-ozone/integration-test/target/test-dir/MiniOzoneClusterImpl-e050bc9f-bc6f-41bc-b4ec-06bc364a309b/datanode-2/data/ratis/6f54a298-76b8-4af8-aadc-89f42859791c does not exist. Creating ...
2019-07-30 22:29:28,938 INFO  storage.RaftStorageDirectory (RaftStorageDirectory.java:tryLock(328)) - Lock on /workdir/hadoop-ozone/integration-test/target/test-dir/MiniOzoneClusterImpl-e050bc9f-bc6f-41bc-b4ec-06bc364a309b/datanode-2/data/ratis/6f54a298-76b8-4af8-aadc-89f42859791c/in_use.lock acquired by nodename 12570@byscane-nightly-mnz8h-3685941970
2019-07-30 22:29:28,943 INFO  storage.RaftStorage (RaftStorage.java:format(72)) - Storage directory /workdir/hadoop-ozone/integration-test/target/test-dir/MiniOzoneClusterImpl-e050bc9f-bc6f-41bc-b4ec-06bc364a309b/datanode-2/data/ratis/6f54a298-76b8-4af8-aadc-89f42859791c has been successfully formatted.
2019-07-30 22:29:28,943 INFO  ratis.ContainerStateMachine (ContainerStateMachine.java:loadSnapshot(213)) - group-89F42859791C: The snapshot info is null. Setting the last applied indexto:(t:0, i:~)
2019-07-30 22:29:28,944 INFO  server.RaftServerConfigKeys (ConfUtils.java:logGet(43)) - raft.server.leader.election.timeout = 120s (custom)
2019-07-30 22:29:28,944 INFO  server.RaftServerConfigKeys (ConfUtils.java:logGet(43)) - raft.server.log.use.memory = false (default)
2019-07-30 22:29:28,944 INFO  server.RaftServerConfigKeys (ConfUtils.java:logGet(43)) - raft.server.log.purge.gap = 1000000000 (custom)
2019-07-30 22:29:28,944 INFO  server.RaftServerConfigKeys (ConfUtils.java:logGet(43)) - raft.server.log.appender.buffer.byte-limit = 33554432 (custom)
2019-07-30 22:29:28,944 INFO  server.RaftServerConfigKeys (ConfUtils.java:logGet(43)) - raft.server.log.segment.size.max = 1048576 (custom)
2019-07-30 22:29:28,945 INFO  server.RaftServerConfigKeys (ConfUtils.java:logGet(43)) - raft.server.log.segment.cache.num.max = 2 (custom)
2019-07-30 22:29:28,945 INFO  segmented.SegmentedRaftLogWorker (SegmentedRaftLogWorker.java:<init>(172)) - new d6639fa8-6d46-45c5-857d-997a31ce3427-SegmentedRaftLogWorker:Storage Directory /workdir/hadoop-ozone/integration-test/target/test-dir/MiniOzoneClusterImpl-e050bc9f-bc6f-41bc-b4ec-06bc364a309b/datanode-2/data/ratis/6f54a298-76b8-4af8-aadc-89f42859791c for RaftStorage:Storage Directory /workdir/hadoop-ozone/integration-test/target/test-dir/MiniOzoneClusterImpl-e050bc9f-bc6f-41bc-b4ec-06bc364a309b/datanode-2/data/ratis/6f54a298-76b8-4af8-aadc-89f42859791c
2019-07-30 22:29:28,945 INFO  server.RaftServerConfigKeys (ConfUtils.java:logGet(43)) - raft.server.log.queue.byte-limit = 2147483647 (custom)
2019-07-30 22:29:28,945 INFO  server.RaftServerConfigKeys (ConfUtils.java:logGet(43)) - raft.server.log.queue.element-limit = 1024 (custom)
2019-07-30 22:29:28,946 INFO  server.RaftServerConfigKeys (ConfUtils.java:logGet(43)) - raft.server.log.segment.size.max = 1048576 (custom)
2019-07-30 22:29:28,946 INFO  server.RaftServerConfigKeys (ConfUtils.java:logGet(43)) - raft.server.log.preallocated.size = 16384 (custom)
2019-07-30 22:29:28,947 INFO  server.RaftServerConfigKeys (ConfUtils.java:logGet(43)) - raft.server.log.write.buffer.size = 33554432 (custom)
2019-07-30 22:29:28,947 INFO  server.RaftServerConfigKeys (ConfUtils.java:logGet(43)) - raft.server.log.force.sync.num = 128 (default)
2019-07-30 22:29:28,947 INFO  server.RaftServerConfigKeys (ConfUtils.java:logGet(43)) - raft.server.log.statemachine.data.sync = true (default)
2019-07-30 22:29:28,947 INFO  server.RaftServerConfigKeys (ConfUtils.java:logGet(43)) - raft.server.log.statemachine.data.sync.timeout = 10s (default)
2019-07-30 22:29:28,947 INFO  server.RaftServerConfigKeys (ConfUtils.java:logGet(43)) - raft.server.log.statemachine.data.sync.timeout.retry = -1 (default)
2019-07-30 22:29:28,948 INFO  server.RaftServerConfigKeys (ConfUtils.java:logGet(43)) - raft.server.log.statemachine.data.caching.enabled = true (custom)
2019-07-30 22:29:28,948 INFO  segmented.SegmentedRaftLogWorker (SegmentedRaftLogWorker.java:lambda$new$0(132)) - d6639fa8-6d46-45c5-857d-997a31ce3427-SegmentedRaftLogWorker:Storage Directory /workdir/hadoop-ozone/integration-test/target/test-dir/MiniOzoneClusterImpl-e050bc9f-bc6f-41bc-b4ec-06bc364a309b/datanode-2/data/ratis/6f54a298-76b8-4af8-aadc-89f42859791c: flushIndex: setUnconditionally 0 -> -1
2019-07-30 22:29:28,949 INFO  server.RaftServerConfigKeys (ConfUtils.java:logGet(43)) - raft.server.snapshot.auto.trigger.enabled = true (custom)
2019-07-30 22:29:28,949 INFO  server.RaftServerConfigKeys (ConfUtils.java:logGet(43)) - raft.server.snapshot.auto.trigger.threshold = 10000 (custom)
2019-07-30 22:29:28,949 INFO  server.RaftServerConfigKeys (ConfUtils.java:logGet(43)) - raft.server.retrycache.expirytime = 600000ms (custom)
2019-07-30 22:29:28,950 INFO  impl.RaftServerImpl (RaftServerImpl.java:start(180)) - d6639fa8-6d46-45c5-857d-997a31ce3427: start group-89F42859791C
2019-07-30 22:29:28,950 INFO  impl.RaftServerImpl (RaftServerImpl.java:setRole(171)) - d6639fa8-6d46-45c5-857d-997a31ce3427:group-89F42859791C changes role from null to FOLLOWER at term 0 for startAsFollower
2019-07-30 22:29:28,950 INFO  impl.RoleInfo (RoleInfo.java:updateAndGet(143)) - d6639fa8-6d46-45c5-857d-997a31ce3427: start FollowerState
2019-07-30 22:29:28,951 INFO  util.JmxRegister (JmxRegister.java:tryRegister(44)) - Successfully registered JMX Bean with object name Ratis:service=RaftServer,group=group-89F42859791C,id=d6639fa8-6d46-45c5-857d-997a31ce3427
2019-07-30 22:29:28,958 INFO  pipeline.PipelineStateManager (PipelineStateManager.java:addPipeline(56)) - Created pipeline Pipeline[ Id: 6f54a298-76b8-4af8-aadc-89f42859791c, Nodes: d6639fa8-6d46-45c5-857d-997a31ce3427{ip: 192.168.5.187, host: byscane-nightly-mnz8h-3685941970, networkLocation: /default-rack, certSerialId: null}, Type:RATIS, Factor:ONE, State:OPEN]
2019-07-30 22:29:28,975 INFO  impl.RaftServerProxy (RaftServerProxy.java:addNew(89)) - d6639fa8-6d46-45c5-857d-997a31ce3427: addNew group-22E2BEBCA6C5:[d6639fa8-6d46-45c5-857d-997a31ce3427:192.168.5.187:38416, f83802d5-fd97-4202-8f70-b9a576172424:192.168.5.187:46303, 1cf89b6a-11ba-4732-a060-c94e1cf1c9e4:192.168.5.187:44441] returns group-22E2BEBCA6C5:java.util.concurrent.CompletableFuture@718b05fb[Not completed]
2019-07-30 22:29:28,975 INFO  impl.RaftServerProxy (RaftServerProxy.java:addNew(89)) - f83802d5-fd97-4202-8f70-b9a576172424: addNew group-22E2BEBCA6C5:[d6639fa8-6d46-45c5-857d-997a31ce3427:192.168.5.187:38416, f83802d5-fd97-4202-8f70-b9a576172424:192.168.5.187:46303, 1cf89b6a-11ba-4732-a060-c94e1cf1c9e4:192.168.5.187:44441] returns group-22E2BEBCA6C5:java.util.concurrent.CompletableFuture@688755bb[Not completed]
2019-07-30 22:29:28,975 INFO  impl.RaftServerProxy (RaftServerProxy.java:addNew(89)) - 1cf89b6a-11ba-4732-a060-c94e1cf1c9e4: addNew group-22E2BEBCA6C5:[d6639fa8-6d46-45c5-857d-997a31ce3427:192.168.5.187:38416, f83802d5-fd97-4202-8f70-b9a576172424:192.168.5.187:46303, 1cf89b6a-11ba-4732-a060-c94e1cf1c9e4:192.168.5.187:44441] returns group-22E2BEBCA6C5:java.util.concurrent.CompletableFuture@2c9023b6[Not completed]
2019-07-30 22:29:28,977 INFO  impl.RaftServerImpl (RaftServerImpl.java:<init>(93)) - d6639fa8-6d46-45c5-857d-997a31ce3427: new RaftServerImpl for group-22E2BEBCA6C5:[d6639fa8-6d46-45c5-857d-997a31ce3427:192.168.5.187:38416, f83802d5-fd97-4202-8f70-b9a576172424:192.168.5.187:46303, 1cf89b6a-11ba-4732-a060-c94e1cf1c9e4:192.168.5.187:44441] with ContainerStateMachine:uninitialized
2019-07-30 22:29:28,977 INFO  server.RaftServerConfigKeys (ConfUtils.java:logGet(43)) - raft.server.rpc.timeout.min = 5s (custom)
2019-07-30 22:29:28,977 INFO  server.RaftServerConfigKeys (ConfUtils.java:logGet(43)) - raft.server.rpc.timeout.max = 5200ms (custom)
2019-07-30 22:29:28,978 INFO  server.RaftServerConfigKeys (ConfUtils.java:logGet(43)) - raft.server.rpcslowness.timeout = 120s (custom)
2019-07-30 22:29:28,978 INFO  server.RaftServerConfigKeys (ConfUtils.java:logGet(43)) - raft.server.sleep.deviation.threshold = 300 (default)
2019-07-30 22:29:28,978 INFO  server.RaftServerConfigKeys (ConfUtils.java:logGet(43)) - raft.server.log.appender.install.snapshot.enabled = false (custom)
2019-07-30 22:29:28,978 INFO  impl.RaftServerImpl (RaftServerImpl.java:<init>(93)) - 1cf89b6a-11ba-4732-a060-c94e1cf1c9e4: new RaftServerImpl for group-22E2BEBCA6C5:[d6639fa8-6d46-45c5-857d-997a31ce3427:192.168.5.187:38416, f83802d5-fd97-4202-8f70-b9a576172424:192.168.5.187:46303, 1cf89b6a-11ba-4732-a060-c94e1cf1c9e4:192.168.5.187:44441] with ContainerStateMachine:uninitialized
2019-07-30 22:29:28,978 INFO  impl.RaftServerImpl (ServerState.java:<init>(105)) - d6639fa8-6d46-45c5-857d-997a31ce3427:group-22E2BEBCA6C5 ConfigurationManager, init=-1: [d6639fa8-6d46-45c5-857d-997a31ce3427:192.168.5.187:38416, f83802d5-fd97-4202-8f70-b9a576172424:192.168.5.187:46303, 1cf89b6a-11ba-4732-a060-c94e1cf1c9e4:192.168.5.187:44441], old=null, confs=<EMPTY_MAP>
2019-07-30 22:29:28,978 INFO  server.RaftServerConfigKeys (ConfUtils.java:logGet(43)) - raft.server.rpc.timeout.min = 5s (custom)
2019-07-30 22:29:28,978 INFO  server.RaftServerConfigKeys (ConfUtils.java:logGet(43)) - raft.server.storage.dir = [/workdir/hadoop-ozone/integration-test/target/test-dir/MiniOzoneClusterImpl-e050bc9f-bc6f-41bc-b4ec-06bc364a309b/datanode-2/data/ratis] (custom)
2019-07-30 22:29:28,979 INFO  server.RaftServerConfigKeys (ConfUtils.java:logGet(43)) - raft.server.rpc.timeout.max = 5200ms (custom)
2019-07-30 22:29:28,979 INFO  impl.RaftServerImpl (RaftServerImpl.java:<init>(93)) - f83802d5-fd97-4202-8f70-b9a576172424: new RaftServerImpl for group-22E2BEBCA6C5:[d6639fa8-6d46-45c5-857d-997a31ce3427:192.168.5.187:38416, f83802d5-fd97-4202-8f70-b9a576172424:192.168.5.187:46303, 1cf89b6a-11ba-4732-a060-c94e1cf1c9e4:192.168.5.187:44441] with ContainerStateMachine:uninitialized
2019-07-30 22:29:28,979 INFO  storage.RaftStorageDirectory (RaftStorageDirectory.java:analyzeStorage(246)) - The storage directory /workdir/hadoop-ozone/integration-test/target/test-dir/MiniOzoneClusterImpl-e050bc9f-bc6f-41bc-b4ec-06bc364a309b/datanode-2/data/ratis/1ae44070-12ca-4fbc-9329-22e2bebca6c5 does not exist. Creating ...
2019-07-30 22:29:28,979 INFO  server.RaftServerConfigKeys (ConfUtils.java:logGet(43)) - raft.server.rpcslowness.timeout = 120s (custom)
2019-07-30 22:29:28,979 INFO  server.RaftServerConfigKeys (ConfUtils.java:logGet(43)) - raft.server.rpc.timeout.min = 5s (custom)
2019-07-30 22:29:28,979 INFO  server.RaftServerConfigKeys (ConfUtils.java:logGet(43)) - raft.server.sleep.deviation.threshold = 300 (default)
2019-07-30 22:29:28,979 INFO  server.RaftServerConfigKeys (ConfUtils.java:logGet(43)) - raft.server.rpc.timeout.max = 5200ms (custom)
2019-07-30 22:29:28,980 INFO  server.RaftServerConfigKeys (ConfUtils.java:logGet(43)) - raft.server.log.appender.install.snapshot.enabled = false (custom)
2019-07-30 22:29:28,980 INFO  server.RaftServerConfigKeys (ConfUtils.java:logGet(43)) - raft.server.rpcslowness.timeout = 120s (custom)
2019-07-30 22:29:28,980 INFO  impl.RaftServerImpl (ServerState.java:<init>(105)) - 1cf89b6a-11ba-4732-a060-c94e1cf1c9e4:group-22E2BEBCA6C5 ConfigurationManager, init=-1: [d6639fa8-6d46-45c5-857d-997a31ce3427:192.168.5.187:38416, f83802d5-fd97-4202-8f70-b9a576172424:192.168.5.187:46303, 1cf89b6a-11ba-4732-a060-c94e1cf1c9e4:192.168.5.187:44441], old=null, confs=<EMPTY_MAP>
2019-07-30 22:29:28,980 INFO  server.RaftServerConfigKeys (ConfUtils.java:logGet(43)) - raft.server.sleep.deviation.threshold = 300 (default)
2019-07-30 22:29:28,980 INFO  server.RaftServerConfigKeys (ConfUtils.java:logGet(43)) - raft.server.storage.dir = [/workdir/hadoop-ozone/integration-test/target/test-dir/MiniOzoneClusterImpl-e050bc9f-bc6f-41bc-b4ec-06bc364a309b/datanode-0/data/ratis] (custom)
2019-07-30 22:29:28,980 INFO  server.RaftServerConfigKeys (ConfUtils.java:logGet(43)) - raft.server.log.appender.install.snapshot.enabled = false (custom)
2019-07-30 22:29:28,980 INFO  impl.RaftServerImpl (ServerState.java:<init>(105)) - f83802d5-fd97-4202-8f70-b9a576172424:group-22E2BEBCA6C5 ConfigurationManager, init=-1: [d6639fa8-6d46-45c5-857d-997a31ce3427:192.168.5.187:38416, f83802d5-fd97-4202-8f70-b9a576172424:192.168.5.187:46303, 1cf89b6a-11ba-4732-a060-c94e1cf1c9e4:192.168.5.187:44441], old=null, confs=<EMPTY_MAP>
2019-07-30 22:29:28,981 INFO  storage.RaftStorageDirectory (RaftStorageDirectory.java:analyzeStorage(246)) - The storage directory /workdir/hadoop-ozone/integration-test/target/test-dir/MiniOzoneClusterImpl-e050bc9f-bc6f-41bc-b4ec-06bc364a309b/datanode-0/data/ratis/1ae44070-12ca-4fbc-9329-22e2bebca6c5 does not exist. Creating ...
2019-07-30 22:29:28,981 INFO  server.RaftServerConfigKeys (ConfUtils.java:logGet(43)) - raft.server.storage.dir = [/workdir/hadoop-ozone/integration-test/target/test-dir/MiniOzoneClusterImpl-e050bc9f-bc6f-41bc-b4ec-06bc364a309b/datanode-1/data/ratis] (custom)
2019-07-30 22:29:28,981 INFO  storage.RaftStorageDirectory (RaftStorageDirectory.java:analyzeStorage(246)) - The storage directory /workdir/hadoop-ozone/integration-test/target/test-dir/MiniOzoneClusterImpl-e050bc9f-bc6f-41bc-b4ec-06bc364a309b/datanode-1/data/ratis/1ae44070-12ca-4fbc-9329-22e2bebca6c5 does not exist. Creating ...
2019-07-30 22:29:28,984 INFO  storage.RaftStorageDirectory (RaftStorageDirectory.java:tryLock(328)) - Lock on /workdir/hadoop-ozone/integration-test/target/test-dir/MiniOzoneClusterImpl-e050bc9f-bc6f-41bc-b4ec-06bc364a309b/datanode-2/data/ratis/1ae44070-12ca-4fbc-9329-22e2bebca6c5/in_use.lock acquired by nodename 12570@byscane-nightly-mnz8h-3685941970
2019-07-30 22:29:28,984 INFO  storage.RaftStorageDirectory (RaftStorageDirectory.java:tryLock(328)) - Lock on /workdir/hadoop-ozone/integration-test/target/test-dir/MiniOzoneClusterImpl-e050bc9f-bc6f-41bc-b4ec-06bc364a309b/datanode-0/data/ratis/1ae44070-12ca-4fbc-9329-22e2bebca6c5/in_use.lock acquired by nodename 12570@byscane-nightly-mnz8h-3685941970
2019-07-30 22:29:28,988 INFO  storage.RaftStorageDirectory (RaftStorageDirectory.java:tryLock(328)) - Lock on /workdir/hadoop-ozone/integration-test/target/test-dir/MiniOzoneClusterImpl-e050bc9f-bc6f-41bc-b4ec-06bc364a309b/datanode-1/data/ratis/1ae44070-12ca-4fbc-9329-22e2bebca6c5/in_use.lock acquired by nodename 12570@byscane-nightly-mnz8h-3685941970
2019-07-30 22:29:28,990 INFO  storage.RaftStorage (RaftStorage.java:format(72)) - Storage directory /workdir/hadoop-ozone/integration-test/target/test-dir/MiniOzoneClusterImpl-e050bc9f-bc6f-41bc-b4ec-06bc364a309b/datanode-2/data/ratis/1ae44070-12ca-4fbc-9329-22e2bebca6c5 has been successfully formatted.
2019-07-30 22:29:28,990 INFO  storage.RaftStorage (RaftStorage.java:format(72)) - Storage directory /workdir/hadoop-ozone/integration-test/target/test-dir/MiniOzoneClusterImpl-e050bc9f-bc6f-41bc-b4ec-06bc364a309b/datanode-0/data/ratis/1ae44070-12ca-4fbc-9329-22e2bebca6c5 has been successfully formatted.
2019-07-30 22:29:28,991 INFO  ratis.ContainerStateMachine (ContainerStateMachine.java:loadSnapshot(213)) - group-22E2BEBCA6C5: The snapshot info is null. Setting the last applied indexto:(t:0, i:~)
2019-07-30 22:29:28,991 INFO  ratis.ContainerStateMachine (ContainerStateMachine.java:loadSnapshot(213)) - group-22E2BEBCA6C5: The snapshot info is null. Setting the last applied indexto:(t:0, i:~)
2019-07-30 22:29:28,991 INFO  server.RaftServerConfigKeys (ConfUtils.java:logGet(43)) - raft.server.leader.election.timeout = 120s (custom)
2019-07-30 22:29:28,991 INFO  server.RaftServerConfigKeys (ConfUtils.java:logGet(43)) - raft.server.leader.election.timeout = 120s (custom)
2019-07-30 22:29:28,991 INFO  server.RaftServerConfigKeys (ConfUtils.java:logGet(43)) - raft.server.log.use.memory = false (default)
2019-07-30 22:29:28,991 INFO  server.RaftServerConfigKeys (ConfUtils.java:logGet(43)) - raft.server.log.use.memory = false (default)
2019-07-30 22:29:28,992 INFO  server.RaftServerConfigKeys (ConfUtils.java:logGet(43)) - raft.server.log.purge.gap = 1000000000 (custom)
2019-07-30 22:29:28,992 INFO  server.RaftServerConfigKeys (ConfUtils.java:logGet(43)) - raft.server.log.purge.gap = 1000000000 (custom)
2019-07-30 22:29:28,992 INFO  server.RaftServerConfigKeys (ConfUtils.java:logGet(43)) - raft.server.log.appender.buffer.byte-limit = 33554432 (custom)
2019-07-30 22:29:28,992 INFO  server.RaftServerConfigKeys (ConfUtils.java:logGet(43)) - raft.server.log.appender.buffer.byte-limit = 33554432 (custom)
2019-07-30 22:29:28,992 INFO  server.RaftServerConfigKeys (ConfUtils.java:logGet(43)) - raft.server.log.segment.size.max = 1048576 (custom)
2019-07-30 22:29:28,992 INFO  server.RaftServerConfigKeys (ConfUtils.java:logGet(43)) - raft.server.log.segment.size.max = 1048576 (custom)
2019-07-30 22:29:28,993 INFO  server.RaftServerConfigKeys (ConfUtils.java:logGet(43)) - raft.server.log.segment.cache.num.max = 2 (custom)
2019-07-30 22:29:28,993 INFO  storage.RaftStorage (RaftStorage.java:format(72)) - Storage directory /workdir/hadoop-ozone/integration-test/target/test-dir/MiniOzoneClusterImpl-e050bc9f-bc6f-41bc-b4ec-06bc364a309b/datanode-1/data/ratis/1ae44070-12ca-4fbc-9329-22e2bebca6c5 has been successfully formatted.
2019-07-30 22:29:28,993 INFO  server.RaftServerConfigKeys (ConfUtils.java:logGet(43)) - raft.server.log.segment.cache.num.max = 2 (custom)
2019-07-30 22:29:28,993 INFO  segmented.SegmentedRaftLogWorker (SegmentedRaftLogWorker.java:<init>(172)) - new d6639fa8-6d46-45c5-857d-997a31ce3427-SegmentedRaftLogWorker:Storage Directory /workdir/hadoop-ozone/integration-test/target/test-dir/MiniOzoneClusterImpl-e050bc9f-bc6f-41bc-b4ec-06bc364a309b/datanode-2/data/ratis/1ae44070-12ca-4fbc-9329-22e2bebca6c5 for RaftStorage:Storage Directory /workdir/hadoop-ozone/integration-test/target/test-dir/MiniOzoneClusterImpl-e050bc9f-bc6f-41bc-b4ec-06bc364a309b/datanode-2/data/ratis/1ae44070-12ca-4fbc-9329-22e2bebca6c5
2019-07-30 22:29:28,993 INFO  segmented.SegmentedRaftLogWorker (SegmentedRaftLogWorker.java:<init>(172)) - new 1cf89b6a-11ba-4732-a060-c94e1cf1c9e4-SegmentedRaftLogWorker:Storage Directory /workdir/hadoop-ozone/integration-test/target/test-dir/MiniOzoneClusterImpl-e050bc9f-bc6f-41bc-b4ec-06bc364a309b/datanode-0/data/ratis/1ae44070-12ca-4fbc-9329-22e2bebca6c5 for RaftStorage:Storage Directory /workdir/hadoop-ozone/integration-test/target/test-dir/MiniOzoneClusterImpl-e050bc9f-bc6f-41bc-b4ec-06bc364a309b/datanode-0/data/ratis/1ae44070-12ca-4fbc-9329-22e2bebca6c5
2019-07-30 22:29:28,993 INFO  ratis.ContainerStateMachine (ContainerStateMachine.java:loadSnapshot(213)) - group-22E2BEBCA6C5: The snapshot info is null. Setting the last applied indexto:(t:0, i:~)
2019-07-30 22:29:28,994 INFO  server.RaftServerConfigKeys (ConfUtils.java:logGet(43)) - raft.server.log.queue.byte-limit = 2147483647 (custom)
2019-07-30 22:29:28,993 INFO  server.RaftServerConfigKeys (ConfUtils.java:logGet(43)) - raft.server.log.queue.byte-limit = 2147483647 (custom)
2019-07-30 22:29:28,994 INFO  server.RaftServerConfigKeys (ConfUtils.java:logGet(43)) - raft.server.log.queue.element-limit = 1024 (custom)
2019-07-30 22:29:28,994 INFO  server.RaftServerConfigKeys (ConfUtils.java:logGet(43)) - raft.server.leader.election.timeout = 120s (custom)
2019-07-30 22:29:28,994 INFO  server.RaftServerConfigKeys (ConfUtils.java:logGet(43)) - raft.server.log.segment.size.max = 1048576 (custom)
2019-07-30 22:29:28,994 INFO  server.RaftServerConfigKeys (ConfUtils.java:logGet(43)) - raft.server.log.queue.element-limit = 1024 (custom)
2019-07-30 22:29:28,995 INFO  server.RaftServerConfigKeys (ConfUtils.java:logGet(43)) - raft.server.log.preallocated.size = 16384 (custom)
2019-07-30 22:29:28,995 INFO  server.RaftServerConfigKeys (ConfUtils.java:logGet(43)) - raft.server.log.write.buffer.size = 33554432 (custom)
2019-07-30 22:29:28,994 INFO  server.RaftServerConfigKeys (ConfUtils.java:logGet(43)) - raft.server.log.use.memory = false (default)
2019-07-30 22:29:28,995 INFO  server.RaftServerConfigKeys (ConfUtils.java:logGet(43)) - raft.server.log.force.sync.num = 128 (default)
2019-07-30 22:29:28,995 INFO  server.RaftServerConfigKeys (ConfUtils.java:logGet(43)) - raft.server.log.segment.size.max = 1048576 (custom)
2019-07-30 22:29:28,996 INFO  server.RaftServerConfigKeys (ConfUtils.java:logGet(43)) - raft.server.log.statemachine.data.sync = true (default)
2019-07-30 22:29:28,995 INFO  server.RaftServerConfigKeys (ConfUtils.java:logGet(43)) - raft.server.log.purge.gap = 1000000000 (custom)
2019-07-30 22:29:28,996 INFO  server.RaftServerConfigKeys (ConfUtils.java:logGet(43)) - raft.server.log.statemachine.data.sync.timeout = 10s (default)
2019-07-30 22:29:28,996 INFO  server.RaftServerConfigKeys (ConfUtils.java:logGet(43)) - raft.server.log.preallocated.size = 16384 (custom)
2019-07-30 22:29:28,996 INFO  server.RaftServerConfigKeys (ConfUtils.java:logGet(43)) - raft.server.log.statemachine.data.sync.timeout.retry = -1 (default)
2019-07-30 22:29:28,996 INFO  server.RaftServerConfigKeys (ConfUtils.java:logGet(43)) - raft.server.log.appender.buffer.byte-limit = 33554432 (custom)
2019-07-30 22:29:28,997 INFO  server.RaftServerConfigKeys (ConfUtils.java:logGet(43)) - raft.server.log.statemachine.data.caching.enabled = true (custom)
2019-07-30 22:29:28,996 INFO  server.RaftServerConfigKeys (ConfUtils.java:logGet(43)) - raft.server.log.write.buffer.size = 33554432 (custom)
2019-07-30 22:29:28,997 INFO  server.RaftServerConfigKeys (ConfUtils.java:logGet(43)) - raft.server.log.segment.size.max = 1048576 (custom)
2019-07-30 22:29:28,997 INFO  segmented.SegmentedRaftLogWorker (SegmentedRaftLogWorker.java:lambda$new$0(132)) - 1cf89b6a-11ba-4732-a060-c94e1cf1c9e4-SegmentedRaftLogWorker:Storage Directory /workdir/hadoop-ozone/integration-test/target/test-dir/MiniOzoneClusterImpl-e050bc9f-bc6f-41bc-b4ec-06bc364a309b/datanode-0/data/ratis/1ae44070-12ca-4fbc-9329-22e2bebca6c5: flushIndex: setUnconditionally 0 -> -1
2019-07-30 22:29:28,997 INFO  server.RaftServerConfigKeys (ConfUtils.java:logGet(43)) - raft.server.log.force.sync.num = 128 (default)
2019-07-30 22:29:28,997 INFO  server.RaftServerConfigKeys (ConfUtils.java:logGet(43)) - raft.server.log.segment.cache.num.max = 2 (custom)
2019-07-30 22:29:28,998 INFO  server.RaftServerConfigKeys (ConfUtils.java:logGet(43)) - raft.server.snapshot.auto.trigger.enabled = true (custom)
2019-07-30 22:29:28,998 INFO  server.RaftServerConfigKeys (ConfUtils.java:logGet(43)) - raft.server.log.statemachine.data.sync = true (default)
2019-07-30 22:29:28,998 INFO  server.RaftServerConfigKeys (ConfUtils.java:logGet(43)) - raft.server.snapshot.auto.trigger.threshold = 10000 (custom)
2019-07-30 22:29:28,998 INFO  segmented.SegmentedRaftLogWorker (SegmentedRaftLogWorker.java:<init>(172)) - new f83802d5-fd97-4202-8f70-b9a576172424-SegmentedRaftLogWorker:Storage Directory /workdir/hadoop-ozone/integration-test/target/test-dir/MiniOzoneClusterImpl-e050bc9f-bc6f-41bc-b4ec-06bc364a309b/datanode-1/data/ratis/1ae44070-12ca-4fbc-9329-22e2bebca6c5 for RaftStorage:Storage Directory /workdir/hadoop-ozone/integration-test/target/test-dir/MiniOzoneClusterImpl-e050bc9f-bc6f-41bc-b4ec-06bc364a309b/datanode-1/data/ratis/1ae44070-12ca-4fbc-9329-22e2bebca6c5
2019-07-30 22:29:28,998 INFO  server.RaftServerConfigKeys (ConfUtils.java:logGet(43)) - raft.server.retrycache.expirytime = 600000ms (custom)
2019-07-30 22:29:28,998 INFO  server.RaftServerConfigKeys (ConfUtils.java:logGet(43)) - raft.server.log.statemachine.data.sync.timeout = 10s (default)
2019-07-30 22:29:28,999 INFO  impl.RaftServerImpl (RaftServerImpl.java:start(180)) - 1cf89b6a-11ba-4732-a060-c94e1cf1c9e4: start group-22E2BEBCA6C5
2019-07-30 22:29:28,998 INFO  server.RaftServerConfigKeys (ConfUtils.java:logGet(43)) - raft.server.log.queue.byte-limit = 2147483647 (custom)
2019-07-30 22:29:28,999 INFO  impl.RaftServerImpl (RaftServerImpl.java:setRole(171)) - 1cf89b6a-11ba-4732-a060-c94e1cf1c9e4:group-22E2BEBCA6C5 changes role from null to FOLLOWER at term 0 for startAsFollower
2019-07-30 22:29:28,999 INFO  server.RaftServerConfigKeys (ConfUtils.java:logGet(43)) - raft.server.log.statemachine.data.sync.timeout.retry = -1 (default)
2019-07-30 22:29:28,999 INFO  impl.RoleInfo (RoleInfo.java:updateAndGet(143)) - 1cf89b6a-11ba-4732-a060-c94e1cf1c9e4: start FollowerState
2019-07-30 22:29:28,999 INFO  server.RaftServerConfigKeys (ConfUtils.java:logGet(43)) - raft.server.log.queue.element-limit = 1024 (custom)
2019-07-30 22:29:28,999 INFO  server.RaftServerConfigKeys (ConfUtils.java:logGet(43)) - raft.server.log.statemachine.data.caching.enabled = true (custom)
2019-07-30 22:29:29,000 INFO  server.RaftServerConfigKeys (ConfUtils.java:logGet(43)) - raft.server.log.segment.size.max = 1048576 (custom)
2019-07-30 22:29:29,013 INFO  segmented.SegmentedRaftLogWorker (SegmentedRaftLogWorker.java:lambda$new$0(132)) - d6639fa8-6d46-45c5-857d-997a31ce3427-SegmentedRaftLogWorker:Storage Directory /workdir/hadoop-ozone/integration-test/target/test-dir/MiniOzoneClusterImpl-e050bc9f-bc6f-41bc-b4ec-06bc364a309b/datanode-2/data/ratis/1ae44070-12ca-4fbc-9329-22e2bebca6c5: flushIndex: setUnconditionally 0 -> -1
2019-07-30 22:29:29,013 INFO  server.RaftServerConfigKeys (ConfUtils.java:logGet(43)) - raft.server.log.preallocated.size = 16384 (custom)
2019-07-30 22:29:29,013 INFO  util.JmxRegister (JmxRegister.java:tryRegister(44)) - Successfully registered JMX Bean with object name Ratis:service=RaftServer,group=group-22E2BEBCA6C5,id=1cf89b6a-11ba-4732-a060-c94e1cf1c9e4
2019-07-30 22:29:29,013 INFO  server.RaftServerConfigKeys (ConfUtils.java:logGet(43)) - raft.server.snapshot.auto.trigger.enabled = true (custom)
2019-07-30 22:29:29,013 INFO  server.RaftServerConfigKeys (ConfUtils.java:logGet(43)) - raft.server.log.write.buffer.size = 33554432 (custom)
2019-07-30 22:29:29,014 INFO  server.RaftServerConfigKeys (ConfUtils.java:logGet(43)) - raft.server.snapshot.auto.trigger.threshold = 10000 (custom)
2019-07-30 22:29:29,014 INFO  server.RaftServerConfigKeys (ConfUtils.java:logGet(43)) - raft.server.log.force.sync.num = 128 (default)
2019-07-30 22:29:29,021 INFO  server.RaftServerConfigKeys (ConfUtils.java:logGet(43)) - raft.server.retrycache.expirytime = 600000ms (custom)
2019-07-30 22:29:29,021 INFO  server.RaftServerConfigKeys (ConfUtils.java:logGet(43)) - raft.server.log.statemachine.data.sync = true (default)
2019-07-30 22:29:29,022 INFO  impl.RaftServerImpl (RaftServerImpl.java:start(180)) - d6639fa8-6d46-45c5-857d-997a31ce3427: start group-22E2BEBCA6C5
2019-07-30 22:29:29,022 INFO  server.RaftServerConfigKeys (ConfUtils.java:logGet(43)) - raft.server.log.statemachine.data.sync.timeout = 10s (default)
2019-07-30 22:29:29,022 INFO  impl.RaftServerImpl (RaftServerImpl.java:setRole(171)) - d6639fa8-6d46-45c5-857d-997a31ce3427:group-22E2BEBCA6C5 changes role from null to FOLLOWER at term 0 for startAsFollower
2019-07-30 22:29:29,022 INFO  server.RaftServerConfigKeys (ConfUtils.java:logGet(43)) - raft.server.log.statemachine.data.sync.timeout.retry = -1 (default)
2019-07-30 22:29:29,022 INFO  impl.RoleInfo (RoleInfo.java:updateAndGet(143)) - d6639fa8-6d46-45c5-857d-997a31ce3427: start FollowerState
2019-07-30 22:29:29,023 INFO  server.RaftServerConfigKeys (ConfUtils.java:logGet(43)) - raft.server.log.statemachine.data.caching.enabled = true (custom)
2019-07-30 22:29:29,025 INFO  util.JmxRegister (JmxRegister.java:tryRegister(44)) - Successfully registered JMX Bean with object name Ratis:service=RaftServer,group=group-22E2BEBCA6C5,id=d6639fa8-6d46-45c5-857d-997a31ce3427
2019-07-30 22:29:29,025 INFO  segmented.SegmentedRaftLogWorker (SegmentedRaftLogWorker.java:lambda$new$0(132)) - f83802d5-fd97-4202-8f70-b9a576172424-SegmentedRaftLogWorker:Storage Directory /workdir/hadoop-ozone/integration-test/target/test-dir/MiniOzoneClusterImpl-e050bc9f-bc6f-41bc-b4ec-06bc364a309b/datanode-1/data/ratis/1ae44070-12ca-4fbc-9329-22e2bebca6c5: flushIndex: setUnconditionally 0 -> -1
2019-07-30 22:29:29,026 INFO  server.RaftServerConfigKeys (ConfUtils.java:logGet(43)) - raft.server.snapshot.auto.trigger.enabled = true (custom)
2019-07-30 22:29:29,026 INFO  server.RaftServerConfigKeys (ConfUtils.java:logGet(43)) - raft.server.snapshot.auto.trigger.threshold = 10000 (custom)
2019-07-30 22:29:29,026 INFO  server.RaftServerConfigKeys (ConfUtils.java:logGet(43)) - raft.server.retrycache.expirytime = 600000ms (custom)
2019-07-30 22:29:29,027 INFO  impl.RaftServerImpl (RaftServerImpl.java:start(180)) - f83802d5-fd97-4202-8f70-b9a576172424: start group-22E2BEBCA6C5
2019-07-30 22:29:29,027 INFO  impl.RaftServerImpl (RaftServerImpl.java:setRole(171)) - f83802d5-fd97-4202-8f70-b9a576172424:group-22E2BEBCA6C5 changes role from null to FOLLOWER at term 0 for startAsFollower
2019-07-30 22:29:29,027 INFO  impl.RoleInfo (RoleInfo.java:updateAndGet(143)) - f83802d5-fd97-4202-8f70-b9a576172424: start FollowerState
2019-07-30 22:29:29,030 INFO  util.JmxRegister (JmxRegister.java:tryRegister(44)) - Successfully registered JMX Bean with object name Ratis:service=RaftServer,group=group-22E2BEBCA6C5,id=f83802d5-fd97-4202-8f70-b9a576172424
2019-07-30 22:29:29,035 INFO  pipeline.PipelineStateManager (PipelineStateManager.java:addPipeline(56)) - Created pipeline Pipeline[ Id: 1ae44070-12ca-4fbc-9329-22e2bebca6c5, Nodes: 1cf89b6a-11ba-4732-a060-c94e1cf1c9e4{ip: 192.168.5.187, host: byscane-nightly-mnz8h-3685941970, networkLocation: /default-rack, certSerialId: null}d6639fa8-6d46-45c5-857d-997a31ce3427{ip: 192.168.5.187, host: byscane-nightly-mnz8h-3685941970, networkLocation: /default-rack, certSerialId: null}f83802d5-fd97-4202-8f70-b9a576172424{ip: 192.168.5.187, host: byscane-nightly-mnz8h-3685941970, networkLocation: /default-rack, certSerialId: null}, Type:RATIS, Factor:THREE, State:OPEN]
2019-07-30 22:29:29,096 INFO  net.NetworkTopology (NetworkTopologyImpl.java:add(110)) - Added a new node: /default-rack/1e19a2b1-49d0-4e7a-aecd-0cd783192e71
2019-07-30 22:29:29,097 INFO  node.SCMNodeManager (SCMNodeManager.java:register(273)) - Registered Data node : 1e19a2b1-49d0-4e7a-aecd-0cd783192e71{ip: 192.168.5.187, host: byscane-nightly-mnz8h-3685941970, networkLocation: /default-rack, certSerialId: null}
2019-07-30 22:29:29,109 INFO  impl.RaftServerProxy (RaftServerProxy.java:addNew(89)) - 1e19a2b1-49d0-4e7a-aecd-0cd783192e71: addNew group-D1B940B8ABE1:[1e19a2b1-49d0-4e7a-aecd-0cd783192e71:192.168.5.187:40318] returns group-D1B940B8ABE1:java.util.concurrent.CompletableFuture@9698ea3[Not completed]
2019-07-30 22:29:29,115 INFO  impl.RaftServerImpl (RaftServerImpl.java:<init>(93)) - 1e19a2b1-49d0-4e7a-aecd-0cd783192e71: new RaftServerImpl for group-D1B940B8ABE1:[1e19a2b1-49d0-4e7a-aecd-0cd783192e71:192.168.5.187:40318] with ContainerStateMachine:uninitialized
2019-07-30 22:29:29,116 INFO  server.RaftServerConfigKeys (ConfUtils.java:logGet(43)) - raft.server.rpc.timeout.min = 5s (custom)
2019-07-30 22:29:29,116 INFO  server.RaftServerConfigKeys (ConfUtils.java:logGet(43)) - raft.server.rpc.timeout.max = 5200ms (custom)
2019-07-30 22:29:29,116 INFO  server.RaftServerConfigKeys (ConfUtils.java:logGet(43)) - raft.server.rpcslowness.timeout = 120s (custom)
2019-07-30 22:29:29,116 INFO  server.RaftServerConfigKeys (ConfUtils.java:logGet(43)) - raft.server.sleep.deviation.threshold = 300 (default)
2019-07-30 22:29:29,116 INFO  server.RaftServerConfigKeys (ConfUtils.java:logGet(43)) - raft.server.log.appender.install.snapshot.enabled = false (custom)
2019-07-30 22:29:29,116 INFO  impl.RaftServerImpl (ServerState.java:<init>(105)) - 1e19a2b1-49d0-4e7a-aecd-0cd783192e71:group-D1B940B8ABE1 ConfigurationManager, init=-1: [1e19a2b1-49d0-4e7a-aecd-0cd783192e71:192.168.5.187:40318], old=null, confs=<EMPTY_MAP>
2019-07-30 22:29:29,117 INFO  server.RaftServerConfigKeys (ConfUtils.java:logGet(43)) - raft.server.storage.dir = [/workdir/hadoop-ozone/integration-test/target/test-dir/MiniOzoneClusterImpl-e050bc9f-bc6f-41bc-b4ec-06bc364a309b/datanode-3/data/ratis] (custom)
2019-07-30 22:29:29,117 INFO  storage.RaftStorageDirectory (RaftStorageDirectory.java:analyzeStorage(246)) - The storage directory /workdir/hadoop-ozone/integration-test/target/test-dir/MiniOzoneClusterImpl-e050bc9f-bc6f-41bc-b4ec-06bc364a309b/datanode-3/data/ratis/fefa25ad-8fbd-4408-a527-d1b940b8abe1 does not exist. Creating ...
2019-07-30 22:29:29,121 INFO  storage.RaftStorageDirectory (RaftStorageDirectory.java:tryLock(328)) - Lock on /workdir/hadoop-ozone/integration-test/target/test-dir/MiniOzoneClusterImpl-e050bc9f-bc6f-41bc-b4ec-06bc364a309b/datanode-3/data/ratis/fefa25ad-8fbd-4408-a527-d1b940b8abe1/in_use.lock acquired by nodename 12570@byscane-nightly-mnz8h-3685941970
2019-07-30 22:29:29,126 INFO  storage.RaftStorage (RaftStorage.java:format(72)) - Storage directory /workdir/hadoop-ozone/integration-test/target/test-dir/MiniOzoneClusterImpl-e050bc9f-bc6f-41bc-b4ec-06bc364a309b/datanode-3/data/ratis/fefa25ad-8fbd-4408-a527-d1b940b8abe1 has been successfully formatted.
2019-07-30 22:29:29,126 INFO  ratis.ContainerStateMachine (ContainerStateMachine.java:loadSnapshot(213)) - group-D1B940B8ABE1: The snapshot info is null. Setting the last applied indexto:(t:0, i:~)
2019-07-30 22:29:29,126 INFO  server.RaftServerConfigKeys (ConfUtils.java:logGet(43)) - raft.server.leader.election.timeout = 120s (custom)
2019-07-30 22:29:29,126 INFO  server.RaftServerConfigKeys (ConfUtils.java:logGet(43)) - raft.server.log.use.memory = false (default)
2019-07-30 22:29:29,126 INFO  server.RaftServerConfigKeys (ConfUtils.java:logGet(43)) - raft.server.log.purge.gap = 1000000000 (custom)
2019-07-30 22:29:29,127 INFO  server.RaftServerConfigKeys (ConfUtils.java:logGet(43)) - raft.server.log.appender.buffer.byte-limit = 33554432 (custom)
2019-07-30 22:29:29,127 INFO  server.RaftServerConfigKeys (ConfUtils.java:logGet(43)) - raft.server.log.segment.size.max = 1048576 (custom)
2019-07-30 22:29:29,127 INFO  server.RaftServerConfigKeys (ConfUtils.java:logGet(43)) - raft.server.log.segment.cache.num.max = 2 (custom)
2019-07-30 22:29:29,127 INFO  segmented.SegmentedRaftLogWorker (SegmentedRaftLogWorker.java:<init>(172)) - new 1e19a2b1-49d0-4e7a-aecd-0cd783192e71-SegmentedRaftLogWorker:Storage Directory /workdir/hadoop-ozone/integration-test/target/test-dir/MiniOzoneClusterImpl-e050bc9f-bc6f-41bc-b4ec-06bc364a309b/datanode-3/data/ratis/fefa25ad-8fbd-4408-a527-d1b940b8abe1 for RaftStorage:Storage Directory /workdir/hadoop-ozone/integration-test/target/test-dir/MiniOzoneClusterImpl-e050bc9f-bc6f-41bc-b4ec-06bc364a309b/datanode-3/data/ratis/fefa25ad-8fbd-4408-a527-d1b940b8abe1
2019-07-30 22:29:29,127 INFO  server.RaftServerConfigKeys (ConfUtils.java:logGet(43)) - raft.server.log.queue.byte-limit = 2147483647 (custom)
2019-07-30 22:29:29,128 INFO  server.RaftServerConfigKeys (ConfUtils.java:logGet(43)) - raft.server.log.queue.element-limit = 1024 (custom)
2019-07-30 22:29:29,128 INFO  server.RaftServerConfigKeys (ConfUtils.java:logGet(43)) - raft.server.log.segment.size.max = 1048576 (custom)
2019-07-30 22:29:29,128 INFO  server.RaftServerConfigKeys (ConfUtils.java:logGet(43)) - raft.server.log.preallocated.size = 16384 (custom)
2019-07-30 22:29:29,128 INFO  server.RaftServerConfigKeys (ConfUtils.java:logGet(43)) - raft.server.log.write.buffer.size = 33554432 (custom)
2019-07-30 22:29:29,129 INFO  server.RaftServerConfigKeys (ConfUtils.java:logGet(43)) - raft.server.log.force.sync.num = 128 (default)
2019-07-30 22:29:29,129 INFO  server.RaftServerConfigKeys (ConfUtils.java:logGet(43)) - raft.server.log.statemachine.data.sync = true (default)
2019-07-30 22:29:29,129 INFO  server.RaftServerConfigKeys (ConfUtils.java:logGet(43)) - raft.server.log.statemachine.data.sync.timeout = 10s (default)
2019-07-30 22:29:29,129 INFO  server.RaftServerConfigKeys (ConfUtils.java:logGet(43)) - raft.server.log.statemachine.data.sync.timeout.retry = -1 (default)
2019-07-30 22:29:29,129 INFO  server.RaftServerConfigKeys (ConfUtils.java:logGet(43)) - raft.server.log.statemachine.data.caching.enabled = true (custom)
2019-07-30 22:29:29,130 INFO  segmented.SegmentedRaftLogWorker (SegmentedRaftLogWorker.java:lambda$new$0(132)) - 1e19a2b1-49d0-4e7a-aecd-0cd783192e71-SegmentedRaftLogWorker:Storage Directory /workdir/hadoop-ozone/integration-test/target/test-dir/MiniOzoneClusterImpl-e050bc9f-bc6f-41bc-b4ec-06bc364a309b/datanode-3/data/ratis/fefa25ad-8fbd-4408-a527-d1b940b8abe1: flushIndex: setUnconditionally 0 -> -1
2019-07-30 22:29:29,130 INFO  server.RaftServerConfigKeys (ConfUtils.java:logGet(43)) - raft.server.snapshot.auto.trigger.enabled = true (custom)
2019-07-30 22:29:29,130 INFO  server.RaftServerConfigKeys (ConfUtils.java:logGet(43)) - raft.server.snapshot.auto.trigger.threshold = 10000 (custom)
2019-07-30 22:29:29,131 INFO  server.RaftServerConfigKeys (ConfUtils.java:logGet(43)) - raft.server.retrycache.expirytime = 600000ms (custom)
2019-07-30 22:29:29,131 INFO  impl.RaftServerImpl (RaftServerImpl.java:start(180)) - 1e19a2b1-49d0-4e7a-aecd-0cd783192e71: start group-D1B940B8ABE1
2019-07-30 22:29:29,131 INFO  impl.RaftServerImpl (RaftServerImpl.java:setRole(171)) - 1e19a2b1-49d0-4e7a-aecd-0cd783192e71:group-D1B940B8ABE1 changes role from null to FOLLOWER at term 0 for startAsFollower
2019-07-30 22:29:29,131 INFO  impl.RoleInfo (RoleInfo.java:updateAndGet(143)) - 1e19a2b1-49d0-4e7a-aecd-0cd783192e71: start FollowerState
2019-07-30 22:29:29,132 INFO  util.JmxRegister (JmxRegister.java:tryRegister(44)) - Successfully registered JMX Bean with object name Ratis:service=RaftServer,group=group-D1B940B8ABE1,id=1e19a2b1-49d0-4e7a-aecd-0cd783192e71
2019-07-30 22:29:29,137 INFO  pipeline.PipelineStateManager (PipelineStateManager.java:addPipeline(56)) - Created pipeline Pipeline[ Id: fefa25ad-8fbd-4408-a527-d1b940b8abe1, Nodes: 1e19a2b1-49d0-4e7a-aecd-0cd783192e71{ip: 192.168.5.187, host: byscane-nightly-mnz8h-3685941970, networkLocation: /default-rack, certSerialId: null}, Type:RATIS, Factor:ONE, State:OPEN]
2019-07-30 22:29:29,400 INFO  net.NetworkTopology (NetworkTopologyImpl.java:add(110)) - Added a new node: /default-rack/8348d7a9-b426-4f67-be3c-60ab6b153275
2019-07-30 22:29:29,400 INFO  node.SCMNodeManager (SCMNodeManager.java:register(273)) - Registered Data node : 8348d7a9-b426-4f67-be3c-60ab6b153275{ip: 192.168.5.187, host: byscane-nightly-mnz8h-3685941970, networkLocation: /default-rack, certSerialId: null}
2019-07-30 22:29:29,414 INFO  impl.RaftServerProxy (RaftServerProxy.java:addNew(89)) - 8348d7a9-b426-4f67-be3c-60ab6b153275: addNew group-9A783A0EC0BB:[8348d7a9-b426-4f67-be3c-60ab6b153275:192.168.5.187:39014] returns group-9A783A0EC0BB:java.util.concurrent.CompletableFuture@c090d97[Not completed]
2019-07-30 22:29:29,420 INFO  impl.RaftServerImpl (RaftServerImpl.java:<init>(93)) - 8348d7a9-b426-4f67-be3c-60ab6b153275: new RaftServerImpl for group-9A783A0EC0BB:[8348d7a9-b426-4f67-be3c-60ab6b153275:192.168.5.187:39014] with ContainerStateMachine:uninitialized
2019-07-30 22:29:29,420 INFO  server.RaftServerConfigKeys (ConfUtils.java:logGet(43)) - raft.server.rpc.timeout.min = 5s (custom)
2019-07-30 22:29:29,420 INFO  server.RaftServerConfigKeys (ConfUtils.java:logGet(43)) - raft.server.rpc.timeout.max = 5200ms (custom)
2019-07-30 22:29:29,420 INFO  server.RaftServerConfigKeys (ConfUtils.java:logGet(43)) - raft.server.rpcslowness.timeout = 120s (custom)
2019-07-30 22:29:29,421 INFO  server.RaftServerConfigKeys (ConfUtils.java:logGet(43)) - raft.server.sleep.deviation.threshold = 300 (default)
2019-07-30 22:29:29,421 INFO  server.RaftServerConfigKeys (ConfUtils.java:logGet(43)) - raft.server.log.appender.install.snapshot.enabled = false (custom)
2019-07-30 22:29:29,421 INFO  impl.RaftServerImpl (ServerState.java:<init>(105)) - 8348d7a9-b426-4f67-be3c-60ab6b153275:group-9A783A0EC0BB ConfigurationManager, init=-1: [8348d7a9-b426-4f67-be3c-60ab6b153275:192.168.5.187:39014], old=null, confs=<EMPTY_MAP>
2019-07-30 22:29:29,421 INFO  server.RaftServerConfigKeys (ConfUtils.java:logGet(43)) - raft.server.storage.dir = [/workdir/hadoop-ozone/integration-test/target/test-dir/MiniOzoneClusterImpl-e050bc9f-bc6f-41bc-b4ec-06bc364a309b/datanode-4/data/ratis] (custom)
2019-07-30 22:29:29,422 INFO  storage.RaftStorageDirectory (RaftStorageDirectory.java:analyzeStorage(246)) - The storage directory /workdir/hadoop-ozone/integration-test/target/test-dir/MiniOzoneClusterImpl-e050bc9f-bc6f-41bc-b4ec-06bc364a309b/datanode-4/data/ratis/01acdf26-7b9a-4d71-bfe7-9a783a0ec0bb does not exist. Creating ...
2019-07-30 22:29:29,426 INFO  storage.RaftStorageDirectory (RaftStorageDirectory.java:tryLock(328)) - Lock on /workdir/hadoop-ozone/integration-test/target/test-dir/MiniOzoneClusterImpl-e050bc9f-bc6f-41bc-b4ec-06bc364a309b/datanode-4/data/ratis/01acdf26-7b9a-4d71-bfe7-9a783a0ec0bb/in_use.lock acquired by nodename 12570@byscane-nightly-mnz8h-3685941970
2019-07-30 22:29:29,430 INFO  storage.RaftStorage (RaftStorage.java:format(72)) - Storage directory /workdir/hadoop-ozone/integration-test/target/test-dir/MiniOzoneClusterImpl-e050bc9f-bc6f-41bc-b4ec-06bc364a309b/datanode-4/data/ratis/01acdf26-7b9a-4d71-bfe7-9a783a0ec0bb has been successfully formatted.
2019-07-30 22:29:29,430 INFO  ratis.ContainerStateMachine (ContainerStateMachine.java:loadSnapshot(213)) - group-9A783A0EC0BB: The snapshot info is null. Setting the last applied indexto:(t:0, i:~)
2019-07-30 22:29:29,431 INFO  server.RaftServerConfigKeys (ConfUtils.java:logGet(43)) - raft.server.leader.election.timeout = 120s (custom)
2019-07-30 22:29:29,431 INFO  server.RaftServerConfigKeys (ConfUtils.java:logGet(43)) - raft.server.log.use.memory = false (default)
2019-07-30 22:29:29,431 INFO  server.RaftServerConfigKeys (ConfUtils.java:logGet(43)) - raft.server.log.purge.gap = 1000000000 (custom)
2019-07-30 22:29:29,431 INFO  server.RaftServerConfigKeys (ConfUtils.java:logGet(43)) - raft.server.log.appender.buffer.byte-limit = 33554432 (custom)
2019-07-30 22:29:29,431 INFO  server.RaftServerConfigKeys (ConfUtils.java:logGet(43)) - raft.server.log.segment.size.max = 1048576 (custom)
2019-07-30 22:29:29,432 INFO  server.RaftServerConfigKeys (ConfUtils.java:logGet(43)) - raft.server.log.segment.cache.num.max = 2 (custom)
2019-07-30 22:29:29,432 INFO  segmented.SegmentedRaftLogWorker (SegmentedRaftLogWorker.java:<init>(172)) - new 8348d7a9-b426-4f67-be3c-60ab6b153275-SegmentedRaftLogWorker:Storage Directory /workdir/hadoop-ozone/integration-test/target/test-dir/MiniOzoneClusterImpl-e050bc9f-bc6f-41bc-b4ec-06bc364a309b/datanode-4/data/ratis/01acdf26-7b9a-4d71-bfe7-9a783a0ec0bb for RaftStorage:Storage Directory /workdir/hadoop-ozone/integration-test/target/test-dir/MiniOzoneClusterImpl-e050bc9f-bc6f-41bc-b4ec-06bc364a309b/datanode-4/data/ratis/01acdf26-7b9a-4d71-bfe7-9a783a0ec0bb
2019-07-30 22:29:29,432 INFO  server.RaftServerConfigKeys (ConfUtils.java:logGet(43)) - raft.server.log.queue.byte-limit = 2147483647 (custom)
2019-07-30 22:29:29,432 INFO  server.RaftServerConfigKeys (ConfUtils.java:logGet(43)) - raft.server.log.queue.element-limit = 1024 (custom)
2019-07-30 22:29:29,432 INFO  server.RaftServerConfigKeys (ConfUtils.java:logGet(43)) - raft.server.log.segment.size.max = 1048576 (custom)
2019-07-30 22:29:29,433 INFO  server.RaftServerConfigKeys (ConfUtils.java:logGet(43)) - raft.server.log.preallocated.size = 16384 (custom)
2019-07-30 22:29:29,433 INFO  server.RaftServerConfigKeys (ConfUtils.java:logGet(43)) - raft.server.log.write.buffer.size = 33554432 (custom)
2019-07-30 22:29:29,433 INFO  server.RaftServerConfigKeys (ConfUtils.java:logGet(43)) - raft.server.log.force.sync.num = 128 (default)
2019-07-30 22:29:29,433 INFO  server.RaftServerConfigKeys (ConfUtils.java:logGet(43)) - raft.server.log.statemachine.data.sync = true (default)
2019-07-30 22:29:29,433 INFO  server.RaftServerConfigKeys (ConfUtils.java:logGet(43)) - raft.server.log.statemachine.data.sync.timeout = 10s (default)
2019-07-30 22:29:29,434 INFO  server.RaftServerConfigKeys (ConfUtils.java:logGet(43)) - raft.server.log.statemachine.data.sync.timeout.retry = -1 (default)
2019-07-30 22:29:29,434 INFO  server.RaftServerConfigKeys (ConfUtils.java:logGet(43)) - raft.server.log.statemachine.data.caching.enabled = true (custom)
2019-07-30 22:29:29,434 INFO  segmented.SegmentedRaftLogWorker (SegmentedRaftLogWorker.java:lambda$new$0(132)) - 8348d7a9-b426-4f67-be3c-60ab6b153275-SegmentedRaftLogWorker:Storage Directory /workdir/hadoop-ozone/integration-test/target/test-dir/MiniOzoneClusterImpl-e050bc9f-bc6f-41bc-b4ec-06bc364a309b/datanode-4/data/ratis/01acdf26-7b9a-4d71-bfe7-9a783a0ec0bb: flushIndex: setUnconditionally 0 -> -1
2019-07-30 22:29:29,435 INFO  server.RaftServerConfigKeys (ConfUtils.java:logGet(43)) - raft.server.snapshot.auto.trigger.enabled = true (custom)
2019-07-30 22:29:29,435 INFO  server.RaftServerConfigKeys (ConfUtils.java:logGet(43)) - raft.server.snapshot.auto.trigger.threshold = 10000 (custom)
2019-07-30 22:29:29,435 INFO  server.RaftServerConfigKeys (ConfUtils.java:logGet(43)) - raft.server.retrycache.expirytime = 600000ms (custom)
2019-07-30 22:29:29,436 INFO  impl.RaftServerImpl (RaftServerImpl.java:start(180)) - 8348d7a9-b426-4f67-be3c-60ab6b153275: start group-9A783A0EC0BB
2019-07-30 22:29:29,436 INFO  impl.RaftServerImpl (RaftServerImpl.java:setRole(171)) - 8348d7a9-b426-4f67-be3c-60ab6b153275:group-9A783A0EC0BB changes role from null to FOLLOWER at term 0 for startAsFollower
2019-07-30 22:29:29,436 INFO  impl.RoleInfo (RoleInfo.java:updateAndGet(143)) - 8348d7a9-b426-4f67-be3c-60ab6b153275: start FollowerState
2019-07-30 22:29:29,436 INFO  util.JmxRegister (JmxRegister.java:tryRegister(44)) - Successfully registered JMX Bean with object name Ratis:service=RaftServer,group=group-9A783A0EC0BB,id=8348d7a9-b426-4f67-be3c-60ab6b153275
2019-07-30 22:29:29,442 INFO  pipeline.PipelineStateManager (PipelineStateManager.java:addPipeline(56)) - Created pipeline Pipeline[ Id: 01acdf26-7b9a-4d71-bfe7-9a783a0ec0bb, Nodes: 8348d7a9-b426-4f67-be3c-60ab6b153275{ip: 192.168.5.187, host: byscane-nightly-mnz8h-3685941970, networkLocation: /default-rack, certSerialId: null}, Type:RATIS, Factor:ONE, State:OPEN]
2019-07-30 22:29:29,581 INFO  net.NetworkTopology (NetworkTopologyImpl.java:add(110)) - Added a new node: /default-rack/382046bb-dbfe-4c16-a95c-2b1aff15a13d
2019-07-30 22:29:29,581 INFO  node.SCMNodeManager (SCMNodeManager.java:register(273)) - Registered Data node : 382046bb-dbfe-4c16-a95c-2b1aff15a13d{ip: 192.168.5.187, host: byscane-nightly-mnz8h-3685941970, networkLocation: /default-rack, certSerialId: null}
2019-07-30 22:29:29,594 INFO  impl.RaftServerProxy (RaftServerProxy.java:addNew(89)) - 382046bb-dbfe-4c16-a95c-2b1aff15a13d: addNew group-9C6D2CE89F8C:[382046bb-dbfe-4c16-a95c-2b1aff15a13d:192.168.5.187:41436] returns group-9C6D2CE89F8C:java.util.concurrent.CompletableFuture@7df2659[Not completed]
2019-07-30 22:29:29,602 INFO  impl.RaftServerImpl (RaftServerImpl.java:<init>(93)) - 382046bb-dbfe-4c16-a95c-2b1aff15a13d: new RaftServerImpl for group-9C6D2CE89F8C:[382046bb-dbfe-4c16-a95c-2b1aff15a13d:192.168.5.187:41436] with ContainerStateMachine:uninitialized
2019-07-30 22:29:29,603 INFO  server.RaftServerConfigKeys (ConfUtils.java:logGet(43)) - raft.server.rpc.timeout.min = 5s (custom)
2019-07-30 22:29:29,603 INFO  server.RaftServerConfigKeys (ConfUtils.java:logGet(43)) - raft.server.rpc.timeout.max = 5200ms (custom)
2019-07-30 22:29:29,603 INFO  server.RaftServerConfigKeys (ConfUtils.java:logGet(43)) - raft.server.rpcslowness.timeout = 120s (custom)
2019-07-30 22:29:29,603 INFO  server.RaftServerConfigKeys (ConfUtils.java:logGet(43)) - raft.server.sleep.deviation.threshold = 300 (default)
2019-07-30 22:29:29,603 INFO  server.RaftServerConfigKeys (ConfUtils.java:logGet(43)) - raft.server.log.appender.install.snapshot.enabled = false (custom)
2019-07-30 22:29:29,604 INFO  impl.RaftServerImpl (ServerState.java:<init>(105)) - 382046bb-dbfe-4c16-a95c-2b1aff15a13d:group-9C6D2CE89F8C ConfigurationManager, init=-1: [382046bb-dbfe-4c16-a95c-2b1aff15a13d:192.168.5.187:41436], old=null, confs=<EMPTY_MAP>
2019-07-30 22:29:29,604 INFO  server.RaftServerConfigKeys (ConfUtils.java:logGet(43)) - raft.server.storage.dir = [/workdir/hadoop-ozone/integration-test/target/test-dir/MiniOzoneClusterImpl-e050bc9f-bc6f-41bc-b4ec-06bc364a309b/datanode-5/data/ratis] (custom)
2019-07-30 22:29:29,605 INFO  storage.RaftStorageDirectory (RaftStorageDirectory.java:analyzeStorage(246)) - The storage directory /workdir/hadoop-ozone/integration-test/target/test-dir/MiniOzoneClusterImpl-e050bc9f-bc6f-41bc-b4ec-06bc364a309b/datanode-5/data/ratis/086f01fb-d1cb-4e6f-9fc4-9c6d2ce89f8c does not exist. Creating ...
2019-07-30 22:29:29,609 INFO  storage.RaftStorageDirectory (RaftStorageDirectory.java:tryLock(328)) - Lock on /workdir/hadoop-ozone/integration-test/target/test-dir/MiniOzoneClusterImpl-e050bc9f-bc6f-41bc-b4ec-06bc364a309b/datanode-5/data/ratis/086f01fb-d1cb-4e6f-9fc4-9c6d2ce89f8c/in_use.lock acquired by nodename 12570@byscane-nightly-mnz8h-3685941970
2019-07-30 22:29:29,613 INFO  storage.RaftStorage (RaftStorage.java:format(72)) - Storage directory /workdir/hadoop-ozone/integration-test/target/test-dir/MiniOzoneClusterImpl-e050bc9f-bc6f-41bc-b4ec-06bc364a309b/datanode-5/data/ratis/086f01fb-d1cb-4e6f-9fc4-9c6d2ce89f8c has been successfully formatted.
2019-07-30 22:29:29,614 INFO  ratis.ContainerStateMachine (ContainerStateMachine.java:loadSnapshot(213)) - group-9C6D2CE89F8C: The snapshot info is null. Setting the last applied indexto:(t:0, i:~)
2019-07-30 22:29:29,614 INFO  server.RaftServerConfigKeys (ConfUtils.java:logGet(43)) - raft.server.leader.election.timeout = 120s (custom)
2019-07-30 22:29:29,614 INFO  server.RaftServerConfigKeys (ConfUtils.java:logGet(43)) - raft.server.log.use.memory = false (default)
2019-07-30 22:29:29,614 INFO  server.RaftServerConfigKeys (ConfUtils.java:logGet(43)) - raft.server.log.purge.gap = 1000000000 (custom)
2019-07-30 22:29:29,615 INFO  server.RaftServerConfigKeys (ConfUtils.java:logGet(43)) - raft.server.log.appender.buffer.byte-limit = 33554432 (custom)
2019-07-30 22:29:29,615 INFO  server.RaftServerConfigKeys (ConfUtils.java:logGet(43)) - raft.server.log.segment.size.max = 1048576 (custom)
2019-07-30 22:29:29,615 INFO  server.RaftServerConfigKeys (ConfUtils.java:logGet(43)) - raft.server.log.segment.cache.num.max = 2 (custom)
2019-07-30 22:29:29,615 INFO  segmented.SegmentedRaftLogWorker (SegmentedRaftLogWorker.java:<init>(172)) - new 382046bb-dbfe-4c16-a95c-2b1aff15a13d-SegmentedRaftLogWorker:Storage Directory /workdir/hadoop-ozone/integration-test/target/test-dir/MiniOzoneClusterImpl-e050bc9f-bc6f-41bc-b4ec-06bc364a309b/datanode-5/data/ratis/086f01fb-d1cb-4e6f-9fc4-9c6d2ce89f8c for RaftStorage:Storage Directory /workdir/hadoop-ozone/integration-test/target/test-dir/MiniOzoneClusterImpl-e050bc9f-bc6f-41bc-b4ec-06bc364a309b/datanode-5/data/ratis/086f01fb-d1cb-4e6f-9fc4-9c6d2ce89f8c
2019-07-30 22:29:29,615 INFO  server.RaftServerConfigKeys (ConfUtils.java:logGet(43)) - raft.server.log.queue.byte-limit = 2147483647 (custom)
2019-07-30 22:29:29,616 INFO  server.RaftServerConfigKeys (ConfUtils.java:logGet(43)) - raft.server.log.queue.element-limit = 1024 (custom)
2019-07-30 22:29:29,616 INFO  server.RaftServerConfigKeys (ConfUtils.java:logGet(43)) - raft.server.log.segment.size.max = 1048576 (custom)
2019-07-30 22:29:29,616 INFO  server.RaftServerConfigKeys (ConfUtils.java:logGet(43)) - raft.server.log.preallocated.size = 16384 (custom)
2019-07-30 22:29:29,616 INFO  server.RaftServerConfigKeys (ConfUtils.java:logGet(43)) - raft.server.log.write.buffer.size = 33554432 (custom)
2019-07-30 22:29:29,616 INFO  server.RaftServerConfigKeys (ConfUtils.java:logGet(43)) - raft.server.log.force.sync.num = 128 (default)
2019-07-30 22:29:29,617 INFO  server.RaftServerConfigKeys (ConfUtils.java:logGet(43)) - raft.server.log.statemachine.data.sync = true (default)
2019-07-30 22:29:29,617 INFO  server.RaftServerConfigKeys (ConfUtils.java:logGet(43)) - raft.server.log.statemachine.data.sync.timeout = 10s (default)
2019-07-30 22:29:29,617 INFO  server.RaftServerConfigKeys (ConfUtils.java:logGet(43)) - raft.server.log.statemachine.data.sync.timeout.retry = -1 (default)
2019-07-30 22:29:29,618 INFO  server.RaftServerConfigKeys (ConfUtils.java:logGet(43)) - raft.server.log.statemachine.data.caching.enabled = true (custom)
2019-07-30 22:29:29,618 INFO  segmented.SegmentedRaftLogWorker (SegmentedRaftLogWorker.java:lambda$new$0(132)) - 382046bb-dbfe-4c16-a95c-2b1aff15a13d-SegmentedRaftLogWorker:Storage Directory /workdir/hadoop-ozone/integration-test/target/test-dir/MiniOzoneClusterImpl-e050bc9f-bc6f-41bc-b4ec-06bc364a309b/datanode-5/data/ratis/086f01fb-d1cb-4e6f-9fc4-9c6d2ce89f8c: flushIndex: setUnconditionally 0 -> -1
2019-07-30 22:29:29,619 INFO  server.RaftServerConfigKeys (ConfUtils.java:logGet(43)) - raft.server.snapshot.auto.trigger.enabled = true (custom)
2019-07-30 22:29:29,619 INFO  server.RaftServerConfigKeys (ConfUtils.java:logGet(43)) - raft.server.snapshot.auto.trigger.threshold = 10000 (custom)
2019-07-30 22:29:29,619 INFO  server.RaftServerConfigKeys (ConfUtils.java:logGet(43)) - raft.server.retrycache.expirytime = 600000ms (custom)
2019-07-30 22:29:29,620 INFO  impl.RaftServerImpl (RaftServerImpl.java:start(180)) - 382046bb-dbfe-4c16-a95c-2b1aff15a13d: start group-9C6D2CE89F8C
2019-07-30 22:29:29,620 INFO  impl.RaftServerImpl (RaftServerImpl.java:setRole(171)) - 382046bb-dbfe-4c16-a95c-2b1aff15a13d:group-9C6D2CE89F8C changes role from null to FOLLOWER at term 0 for startAsFollower
2019-07-30 22:29:29,620 INFO  impl.RoleInfo (RoleInfo.java:updateAndGet(143)) - 382046bb-dbfe-4c16-a95c-2b1aff15a13d: start FollowerState
2019-07-30 22:29:29,620 INFO  util.JmxRegister (JmxRegister.java:tryRegister(44)) - Successfully registered JMX Bean with object name Ratis:service=RaftServer,group=group-9C6D2CE89F8C,id=382046bb-dbfe-4c16-a95c-2b1aff15a13d
2019-07-30 22:29:29,628 INFO  pipeline.PipelineStateManager (PipelineStateManager.java:addPipeline(56)) - Created pipeline Pipeline[ Id: 086f01fb-d1cb-4e6f-9fc4-9c6d2ce89f8c, Nodes: 382046bb-dbfe-4c16-a95c-2b1aff15a13d{ip: 192.168.5.187, host: byscane-nightly-mnz8h-3685941970, networkLocation: /default-rack, certSerialId: null}, Type:RATIS, Factor:ONE, State:OPEN]
2019-07-30 22:29:29,644 INFO  impl.RaftServerProxy (RaftServerProxy.java:addNew(89)) - 8348d7a9-b426-4f67-be3c-60ab6b153275: addNew group-43691D6E318F:[8348d7a9-b426-4f67-be3c-60ab6b153275:192.168.5.187:39014, 1e19a2b1-49d0-4e7a-aecd-0cd783192e71:192.168.5.187:40318, 382046bb-dbfe-4c16-a95c-2b1aff15a13d:192.168.5.187:41436] returns group-43691D6E318F:java.util.concurrent.CompletableFuture@ed20142[Not completed]
2019-07-30 22:29:29,644 INFO  impl.RaftServerProxy (RaftServerProxy.java:addNew(89)) - 382046bb-dbfe-4c16-a95c-2b1aff15a13d: addNew group-43691D6E318F:[8348d7a9-b426-4f67-be3c-60ab6b153275:192.168.5.187:39014, 1e19a2b1-49d0-4e7a-aecd-0cd783192e71:192.168.5.187:40318, 382046bb-dbfe-4c16-a95c-2b1aff15a13d:192.168.5.187:41436] returns group-43691D6E318F:java.util.concurrent.CompletableFuture@17e14d5e[Not completed]
2019-07-30 22:29:29,644 INFO  impl.RaftServerProxy (RaftServerProxy.java:addNew(89)) - 1e19a2b1-49d0-4e7a-aecd-0cd783192e71: addNew group-43691D6E318F:[8348d7a9-b426-4f67-be3c-60ab6b153275:192.168.5.187:39014, 1e19a2b1-49d0-4e7a-aecd-0cd783192e71:192.168.5.187:40318, 382046bb-dbfe-4c16-a95c-2b1aff15a13d:192.168.5.187:41436] returns group-43691D6E318F:java.util.concurrent.CompletableFuture@3d3f6371[Not completed]
2019-07-30 22:29:29,646 INFO  impl.RaftServerImpl (RaftServerImpl.java:<init>(93)) - 382046bb-dbfe-4c16-a95c-2b1aff15a13d: new RaftServerImpl for group-43691D6E318F:[8348d7a9-b426-4f67-be3c-60ab6b153275:192.168.5.187:39014, 1e19a2b1-49d0-4e7a-aecd-0cd783192e71:192.168.5.187:40318, 382046bb-dbfe-4c16-a95c-2b1aff15a13d:192.168.5.187:41436] with ContainerStateMachine:uninitialized
2019-07-30 22:29:29,646 INFO  server.RaftServerConfigKeys (ConfUtils.java:logGet(43)) - raft.server.rpc.timeout.min = 5s (custom)
2019-07-30 22:29:29,646 INFO  server.RaftServerConfigKeys (ConfUtils.java:logGet(43)) - raft.server.rpc.timeout.max = 5200ms (custom)
2019-07-30 22:29:29,646 INFO  impl.RaftServerImpl (RaftServerImpl.java:<init>(93)) - 1e19a2b1-49d0-4e7a-aecd-0cd783192e71: new RaftServerImpl for group-43691D6E318F:[8348d7a9-b426-4f67-be3c-60ab6b153275:192.168.5.187:39014, 1e19a2b1-49d0-4e7a-aecd-0cd783192e71:192.168.5.187:40318, 382046bb-dbfe-4c16-a95c-2b1aff15a13d:192.168.5.187:41436] with ContainerStateMachine:uninitialized
2019-07-30 22:29:29,646 INFO  server.RaftServerConfigKeys (ConfUtils.java:logGet(43)) - raft.server.rpcslowness.timeout = 120s (custom)
2019-07-30 22:29:29,647 INFO  server.RaftServerConfigKeys (ConfUtils.java:logGet(43)) - raft.server.rpc.timeout.min = 5s (custom)
2019-07-30 22:29:29,647 INFO  server.RaftServerConfigKeys (ConfUtils.java:logGet(43)) - raft.server.sleep.deviation.threshold = 300 (default)
2019-07-30 22:29:29,647 INFO  server.RaftServerConfigKeys (ConfUtils.java:logGet(43)) - raft.server.rpc.timeout.max = 5200ms (custom)
2019-07-30 22:29:29,647 INFO  server.RaftServerConfigKeys (ConfUtils.java:logGet(43)) - raft.server.log.appender.install.snapshot.enabled = false (custom)
2019-07-30 22:29:29,647 INFO  impl.RaftServerImpl (RaftServerImpl.java:<init>(93)) - 8348d7a9-b426-4f67-be3c-60ab6b153275: new RaftServerImpl for group-43691D6E318F:[8348d7a9-b426-4f67-be3c-60ab6b153275:192.168.5.187:39014, 1e19a2b1-49d0-4e7a-aecd-0cd783192e71:192.168.5.187:40318, 382046bb-dbfe-4c16-a95c-2b1aff15a13d:192.168.5.187:41436] with ContainerStateMachine:uninitialized
2019-07-30 22:29:29,647 INFO  impl.RaftServerImpl (ServerState.java:<init>(105)) - 382046bb-dbfe-4c16-a95c-2b1aff15a13d:group-43691D6E318F ConfigurationManager, init=-1: [8348d7a9-b426-4f67-be3c-60ab6b153275:192.168.5.187:39014, 1e19a2b1-49d0-4e7a-aecd-0cd783192e71:192.168.5.187:40318, 382046bb-dbfe-4c16-a95c-2b1aff15a13d:192.168.5.187:41436], old=null, confs=<EMPTY_MAP>
2019-07-30 22:29:29,647 INFO  server.RaftServerConfigKeys (ConfUtils.java:logGet(43)) - raft.server.rpcslowness.timeout = 120s (custom)
2019-07-30 22:29:29,648 INFO  server.RaftServerConfigKeys (ConfUtils.java:logGet(43)) - raft.server.storage.dir = [/workdir/hadoop-ozone/integration-test/target/test-dir/MiniOzoneClusterImpl-e050bc9f-bc6f-41bc-b4ec-06bc364a309b/datanode-5/data/ratis] (custom)
2019-07-30 22:29:29,648 INFO  server.RaftServerConfigKeys (ConfUtils.java:logGet(43)) - raft.server.rpc.timeout.min = 5s (custom)
2019-07-30 22:29:29,648 INFO  server.RaftServerConfigKeys (ConfUtils.java:logGet(43)) - raft.server.sleep.deviation.threshold = 300 (default)
2019-07-30 22:29:29,648 INFO  server.RaftServerConfigKeys (ConfUtils.java:logGet(43)) - raft.server.rpc.timeout.max = 5200ms (custom)
2019-07-30 22:29:29,648 INFO  storage.RaftStorageDirectory (RaftStorageDirectory.java:analyzeStorage(246)) - The storage directory /workdir/hadoop-ozone/integration-test/target/test-dir/MiniOzoneClusterImpl-e050bc9f-bc6f-41bc-b4ec-06bc364a309b/datanode-5/data/ratis/789e9284-15a1-44bb-81b6-43691d6e318f does not exist. Creating ...
2019-07-30 22:29:29,648 INFO  server.RaftServerConfigKeys (ConfUtils.java:logGet(43)) - raft.server.log.appender.install.snapshot.enabled = false (custom)
2019-07-30 22:29:29,648 INFO  server.RaftServerConfigKeys (ConfUtils.java:logGet(43)) - raft.server.rpcslowness.timeout = 120s (custom)
2019-07-30 22:29:29,649 INFO  impl.RaftServerImpl (ServerState.java:<init>(105)) - 1e19a2b1-49d0-4e7a-aecd-0cd783192e71:group-43691D6E318F ConfigurationManager, init=-1: [8348d7a9-b426-4f67-be3c-60ab6b153275:192.168.5.187:39014, 1e19a2b1-49d0-4e7a-aecd-0cd783192e71:192.168.5.187:40318, 382046bb-dbfe-4c16-a95c-2b1aff15a13d:192.168.5.187:41436], old=null, confs=<EMPTY_MAP>
2019-07-30 22:29:29,649 INFO  server.RaftServerConfigKeys (ConfUtils.java:logGet(43)) - raft.server.sleep.deviation.threshold = 300 (default)
2019-07-30 22:29:29,649 INFO  server.RaftServerConfigKeys (ConfUtils.java:logGet(43)) - raft.server.storage.dir = [/workdir/hadoop-ozone/integration-test/target/test-dir/MiniOzoneClusterImpl-e050bc9f-bc6f-41bc-b4ec-06bc364a309b/datanode-3/data/ratis] (custom)
2019-07-30 22:29:29,649 INFO  server.RaftServerConfigKeys (ConfUtils.java:logGet(43)) - raft.server.log.appender.install.snapshot.enabled = false (custom)
2019-07-30 22:29:29,649 INFO  impl.RaftServerImpl (ServerState.java:<init>(105)) - 8348d7a9-b426-4f67-be3c-60ab6b153275:group-43691D6E318F ConfigurationManager, init=-1: [8348d7a9-b426-4f67-be3c-60ab6b153275:192.168.5.187:39014, 1e19a2b1-49d0-4e7a-aecd-0cd783192e71:192.168.5.187:40318, 382046bb-dbfe-4c16-a95c-2b1aff15a13d:192.168.5.187:41436], old=null, confs=<EMPTY_MAP>
2019-07-30 22:29:29,649 INFO  storage.RaftStorageDirectory (RaftStorageDirectory.java:analyzeStorage(246)) - The storage directory /workdir/hadoop-ozone/integration-test/target/test-dir/MiniOzoneClusterImpl-e050bc9f-bc6f-41bc-b4ec-06bc364a309b/datanode-3/data/ratis/789e9284-15a1-44bb-81b6-43691d6e318f does not exist. Creating ...
2019-07-30 22:29:29,650 INFO  server.RaftServerConfigKeys (ConfUtils.java:logGet(43)) - raft.server.storage.dir = [/workdir/hadoop-ozone/integration-test/target/test-dir/MiniOzoneClusterImpl-e050bc9f-bc6f-41bc-b4ec-06bc364a309b/datanode-4/data/ratis] (custom)
2019-07-30 22:29:29,650 INFO  storage.RaftStorageDirectory (RaftStorageDirectory.java:analyzeStorage(246)) - The storage directory /workdir/hadoop-ozone/integration-test/target/test-dir/MiniOzoneClusterImpl-e050bc9f-bc6f-41bc-b4ec-06bc364a309b/datanode-4/data/ratis/789e9284-15a1-44bb-81b6-43691d6e318f does not exist. Creating ...
2019-07-30 22:29:29,653 INFO  storage.RaftStorageDirectory (RaftStorageDirectory.java:tryLock(328)) - Lock on /workdir/hadoop-ozone/integration-test/target/test-dir/MiniOzoneClusterImpl-e050bc9f-bc6f-41bc-b4ec-06bc364a309b/datanode-5/data/ratis/789e9284-15a1-44bb-81b6-43691d6e318f/in_use.lock acquired by nodename 12570@byscane-nightly-mnz8h-3685941970
2019-07-30 22:29:29,653 INFO  storage.RaftStorageDirectory (RaftStorageDirectory.java:tryLock(328)) - Lock on /workdir/hadoop-ozone/integration-test/target/test-dir/MiniOzoneClusterImpl-e050bc9f-bc6f-41bc-b4ec-06bc364a309b/datanode-3/data/ratis/789e9284-15a1-44bb-81b6-43691d6e318f/in_use.lock acquired by nodename 12570@byscane-nightly-mnz8h-3685941970
2019-07-30 22:29:29,653 INFO  storage.RaftStorageDirectory (RaftStorageDirectory.java:tryLock(328)) - Lock on /workdir/hadoop-ozone/integration-test/target/test-dir/MiniOzoneClusterImpl-e050bc9f-bc6f-41bc-b4ec-06bc364a309b/datanode-4/data/ratis/789e9284-15a1-44bb-81b6-43691d6e318f/in_use.lock acquired by nodename 12570@byscane-nightly-mnz8h-3685941970
2019-07-30 22:29:29,658 INFO  storage.RaftStorage (RaftStorage.java:format(72)) - Storage directory /workdir/hadoop-ozone/integration-test/target/test-dir/MiniOzoneClusterImpl-e050bc9f-bc6f-41bc-b4ec-06bc364a309b/datanode-3/data/ratis/789e9284-15a1-44bb-81b6-43691d6e318f has been successfully formatted.
2019-07-30 22:29:29,658 INFO  storage.RaftStorage (RaftStorage.java:format(72)) - Storage directory /workdir/hadoop-ozone/integration-test/target/test-dir/MiniOzoneClusterImpl-e050bc9f-bc6f-41bc-b4ec-06bc364a309b/datanode-5/data/ratis/789e9284-15a1-44bb-81b6-43691d6e318f has been successfully formatted.
2019-07-30 22:29:29,659 INFO  ratis.ContainerStateMachine (ContainerStateMachine.java:loadSnapshot(213)) - group-43691D6E318F: The snapshot info is null. Setting the last applied indexto:(t:0, i:~)
2019-07-30 22:29:29,658 INFO  storage.RaftStorage (RaftStorage.java:format(72)) - Storage directory /workdir/hadoop-ozone/integration-test/target/test-dir/MiniOzoneClusterImpl-e050bc9f-bc6f-41bc-b4ec-06bc364a309b/datanode-4/data/ratis/789e9284-15a1-44bb-81b6-43691d6e318f has been successfully formatted.
2019-07-30 22:29:29,659 INFO  server.RaftServerConfigKeys (ConfUtils.java:logGet(43)) - raft.server.leader.election.timeout = 120s (custom)
2019-07-30 22:29:29,659 INFO  ratis.ContainerStateMachine (ContainerStateMachine.java:loadSnapshot(213)) - group-43691D6E318F: The snapshot info is null. Setting the last applied indexto:(t:0, i:~)
2019-07-30 22:29:29,659 INFO  ratis.ContainerStateMachine (ContainerStateMachine.java:loadSnapshot(213)) - group-43691D6E318F: The snapshot info is null. Setting the last applied indexto:(t:0, i:~)
2019-07-30 22:29:29,659 INFO  server.RaftServerConfigKeys (ConfUtils.java:logGet(43)) - raft.server.leader.election.timeout = 120s (custom)
2019-07-30 22:29:29,659 INFO  server.RaftServerConfigKeys (ConfUtils.java:logGet(43)) - raft.server.log.use.memory = false (default)
2019-07-30 22:29:29,660 INFO  server.RaftServerConfigKeys (ConfUtils.java:logGet(43)) - raft.server.log.use.memory = false (default)
2019-07-30 22:29:29,659 INFO  server.RaftServerConfigKeys (ConfUtils.java:logGet(43)) - raft.server.leader.election.timeout = 120s (custom)
2019-07-30 22:29:29,660 INFO  server.RaftServerConfigKeys (ConfUtils.java:logGet(43)) - raft.server.log.purge.gap = 1000000000 (custom)
2019-07-30 22:29:29,660 INFO  server.RaftServerConfigKeys (ConfUtils.java:logGet(43)) - raft.server.log.purge.gap = 1000000000 (custom)
2019-07-30 22:29:29,660 INFO  server.RaftServerConfigKeys (ConfUtils.java:logGet(43)) - raft.server.log.appender.buffer.byte-limit = 33554432 (custom)
2019-07-30 22:29:29,660 INFO  server.RaftServerConfigKeys (ConfUtils.java:logGet(43)) - raft.server.log.use.memory = false (default)
2019-07-30 22:29:29,661 INFO  server.RaftServerConfigKeys (ConfUtils.java:logGet(43)) - raft.server.log.segment.size.max = 1048576 (custom)
2019-07-30 22:29:29,660 INFO  server.RaftServerConfigKeys (ConfUtils.java:logGet(43)) - raft.server.log.appender.buffer.byte-limit = 33554432 (custom)
2019-07-30 22:29:29,661 INFO  server.RaftServerConfigKeys (ConfUtils.java:logGet(43)) - raft.server.log.segment.cache.num.max = 2 (custom)
2019-07-30 22:29:29,661 INFO  server.RaftServerConfigKeys (ConfUtils.java:logGet(43)) - raft.server.log.purge.gap = 1000000000 (custom)
2019-07-30 22:29:29,661 INFO  segmented.SegmentedRaftLogWorker (SegmentedRaftLogWorker.java:<init>(172)) - new 8348d7a9-b426-4f67-be3c-60ab6b153275-SegmentedRaftLogWorker:Storage Directory /workdir/hadoop-ozone/integration-test/target/test-dir/MiniOzoneClusterImpl-e050bc9f-bc6f-41bc-b4ec-06bc364a309b/datanode-4/data/ratis/789e9284-15a1-44bb-81b6-43691d6e318f for RaftStorage:Storage Directory /workdir/hadoop-ozone/integration-test/target/test-dir/MiniOzoneClusterImpl-e050bc9f-bc6f-41bc-b4ec-06bc364a309b/datanode-4/data/ratis/789e9284-15a1-44bb-81b6-43691d6e318f
2019-07-30 22:29:29,661 INFO  server.RaftServerConfigKeys (ConfUtils.java:logGet(43)) - raft.server.log.segment.size.max = 1048576 (custom)
2019-07-30 22:29:29,662 INFO  server.RaftServerConfigKeys (ConfUtils.java:logGet(43)) - raft.server.log.queue.byte-limit = 2147483647 (custom)
2019-07-30 22:29:29,662 INFO  server.RaftServerConfigKeys (ConfUtils.java:logGet(43)) - raft.server.log.appender.buffer.byte-limit = 33554432 (custom)
2019-07-30 22:29:29,662 INFO  server.RaftServerConfigKeys (ConfUtils.java:logGet(43)) - raft.server.log.queue.element-limit = 1024 (custom)
2019-07-30 22:29:29,662 INFO  server.RaftServerConfigKeys (ConfUtils.java:logGet(43)) - raft.server.log.segment.cache.num.max = 2 (custom)
2019-07-30 22:29:29,662 INFO  server.RaftServerConfigKeys (ConfUtils.java:logGet(43)) - raft.server.log.segment.size.max = 1048576 (custom)
2019-07-30 22:29:29,662 INFO  server.RaftServerConfigKeys (ConfUtils.java:logGet(43)) - raft.server.log.segment.size.max = 1048576 (custom)
2019-07-30 22:29:29,663 INFO  server.RaftServerConfigKeys (ConfUtils.java:logGet(43)) - raft.server.log.preallocated.size = 16384 (custom)
2019-07-30 22:29:29,663 INFO  segmented.SegmentedRaftLogWorker (SegmentedRaftLogWorker.java:<init>(172)) - new 1e19a2b1-49d0-4e7a-aecd-0cd783192e71-SegmentedRaftLogWorker:Storage Directory /workdir/hadoop-ozone/integration-test/target/test-dir/MiniOzoneClusterImpl-e050bc9f-bc6f-41bc-b4ec-06bc364a309b/datanode-3/data/ratis/789e9284-15a1-44bb-81b6-43691d6e318f for RaftStorage:Storage Directory /workdir/hadoop-ozone/integration-test/target/test-dir/MiniOzoneClusterImpl-e050bc9f-bc6f-41bc-b4ec-06bc364a309b/datanode-3/data/ratis/789e9284-15a1-44bb-81b6-43691d6e318f
2019-07-30 22:29:29,663 INFO  server.RaftServerConfigKeys (ConfUtils.java:logGet(43)) - raft.server.log.write.buffer.size = 33554432 (custom)
2019-07-30 22:29:29,663 INFO  server.RaftServerConfigKeys (ConfUtils.java:logGet(43)) - raft.server.log.segment.cache.num.max = 2 (custom)
2019-07-30 22:29:29,663 INFO  server.RaftServerConfigKeys (ConfUtils.java:logGet(43)) - raft.server.log.force.sync.num = 128 (default)
2019-07-30 22:29:29,663 INFO  server.RaftServerConfigKeys (ConfUtils.java:logGet(43)) - raft.server.log.queue.byte-limit = 2147483647 (custom)
2019-07-30 22:29:29,664 INFO  server.RaftServerConfigKeys (ConfUtils.java:logGet(43)) - raft.server.log.statemachine.data.sync = true (default)
2019-07-30 22:29:29,664 INFO  segmented.SegmentedRaftLogWorker (SegmentedRaftLogWorker.java:<init>(172)) - new 382046bb-dbfe-4c16-a95c-2b1aff15a13d-SegmentedRaftLogWorker:Storage Directory /workdir/hadoop-ozone/integration-test/target/test-dir/MiniOzoneClusterImpl-e050bc9f-bc6f-41bc-b4ec-06bc364a309b/datanode-5/data/ratis/789e9284-15a1-44bb-81b6-43691d6e318f for RaftStorage:Storage Directory /workdir/hadoop-ozone/integration-test/target/test-dir/MiniOzoneClusterImpl-e050bc9f-bc6f-41bc-b4ec-06bc364a309b/datanode-5/data/ratis/789e9284-15a1-44bb-81b6-43691d6e318f
2019-07-30 22:29:29,664 INFO  server.RaftServerConfigKeys (ConfUtils.java:logGet(43)) - raft.server.log.statemachine.data.sync.timeout = 10s (default)
2019-07-30 22:29:29,664 INFO  server.RaftServerConfigKeys (ConfUtils.java:logGet(43)) - raft.server.log.queue.element-limit = 1024 (custom)
2019-07-30 22:29:29,665 INFO  server.RaftServerConfigKeys (ConfUtils.java:logGet(43)) - raft.server.log.statemachine.data.sync.timeout.retry = -1 (default)
2019-07-30 22:29:29,664 INFO  server.RaftServerConfigKeys (ConfUtils.java:logGet(43)) - raft.server.log.queue.byte-limit = 2147483647 (custom)
2019-07-30 22:29:29,665 INFO  server.RaftServerConfigKeys (ConfUtils.java:logGet(43)) - raft.server.log.statemachine.data.caching.enabled = true (custom)
2019-07-30 22:29:29,665 INFO  server.RaftServerConfigKeys (ConfUtils.java:logGet(43)) - raft.server.log.segment.size.max = 1048576 (custom)
2019-07-30 22:29:29,665 INFO  server.RaftServerConfigKeys (ConfUtils.java:logGet(43)) - raft.server.log.queue.element-limit = 1024 (custom)
2019-07-30 22:29:29,666 INFO  segmented.SegmentedRaftLogWorker (SegmentedRaftLogWorker.java:lambda$new$0(132)) - 8348d7a9-b426-4f67-be3c-60ab6b153275-SegmentedRaftLogWorker:Storage Directory /workdir/hadoop-ozone/integration-test/target/test-dir/MiniOzoneClusterImpl-e050bc9f-bc6f-41bc-b4ec-06bc364a309b/datanode-4/data/ratis/789e9284-15a1-44bb-81b6-43691d6e318f: flushIndex: setUnconditionally 0 -> -1
2019-07-30 22:29:29,666 INFO  server.RaftServerConfigKeys (ConfUtils.java:logGet(43)) - raft.server.log.preallocated.size = 16384 (custom)
2019-07-30 22:29:29,666 INFO  server.RaftServerConfigKeys (ConfUtils.java:logGet(43)) - raft.server.log.segment.size.max = 1048576 (custom)
2019-07-30 22:29:29,666 INFO  server.RaftServerConfigKeys (ConfUtils.java:logGet(43)) - raft.server.snapshot.auto.trigger.enabled = true (custom)
2019-07-30 22:29:29,666 INFO  server.RaftServerConfigKeys (ConfUtils.java:logGet(43)) - raft.server.log.write.buffer.size = 33554432 (custom)
2019-07-30 22:29:29,666 INFO  server.RaftServerConfigKeys (ConfUtils.java:logGet(43)) - raft.server.snapshot.auto.trigger.threshold = 10000 (custom)
2019-07-30 22:29:29,666 INFO  server.RaftServerConfigKeys (ConfUtils.java:logGet(43)) - raft.server.log.preallocated.size = 16384 (custom)
2019-07-30 22:29:29,667 INFO  server.RaftServerConfigKeys (ConfUtils.java:logGet(43)) - raft.server.retrycache.expirytime = 600000ms (custom)
2019-07-30 22:29:29,667 INFO  server.RaftServerConfigKeys (ConfUtils.java:logGet(43)) - raft.server.log.force.sync.num = 128 (default)
2019-07-30 22:29:29,667 INFO  impl.RaftServerImpl (RaftServerImpl.java:start(180)) - 8348d7a9-b426-4f67-be3c-60ab6b153275: start group-43691D6E318F
2019-07-30 22:29:29,667 INFO  server.RaftServerConfigKeys (ConfUtils.java:logGet(43)) - raft.server.log.write.buffer.size = 33554432 (custom)
2019-07-30 22:29:29,667 INFO  impl.RaftServerImpl (RaftServerImpl.java:setRole(171)) - 8348d7a9-b426-4f67-be3c-60ab6b153275:group-43691D6E318F changes role from null to FOLLOWER at term 0 for startAsFollower
2019-07-30 22:29:29,667 INFO  server.RaftServerConfigKeys (ConfUtils.java:logGet(43)) - raft.server.log.statemachine.data.sync = true (default)
2019-07-30 22:29:29,668 INFO  impl.RoleInfo (RoleInfo.java:updateAndGet(143)) - 8348d7a9-b426-4f67-be3c-60ab6b153275: start FollowerState
2019-07-30 22:29:29,668 INFO  server.RaftServerConfigKeys (ConfUtils.java:logGet(43)) - raft.server.log.force.sync.num = 128 (default)
2019-07-30 22:29:29,668 INFO  server.RaftServerConfigKeys (ConfUtils.java:logGet(43)) - raft.server.log.statemachine.data.sync.timeout = 10s (default)
2019-07-30 22:29:29,668 INFO  server.RaftServerConfigKeys (ConfUtils.java:logGet(43)) - raft.server.log.statemachine.data.sync = true (default)
2019-07-30 22:29:29,669 INFO  server.RaftServerConfigKeys (ConfUtils.java:logGet(43)) - raft.server.log.statemachine.data.sync.timeout.retry = -1 (default)
2019-07-30 22:29:29,669 INFO  util.JmxRegister (JmxRegister.java:tryRegister(44)) - Successfully registered JMX Bean with object name Ratis:service=RaftServer,group=group-43691D6E318F,id=8348d7a9-b426-4f67-be3c-60ab6b153275
2019-07-30 22:29:29,669 INFO  server.RaftServerConfigKeys (ConfUtils.java:logGet(43)) - raft.server.log.statemachine.data.caching.enabled = true (custom)
2019-07-30 22:29:29,669 INFO  server.RaftServerConfigKeys (ConfUtils.java:logGet(43)) - raft.server.log.statemachine.data.sync.timeout = 10s (default)
2019-07-30 22:29:29,669 INFO  segmented.SegmentedRaftLogWorker (SegmentedRaftLogWorker.java:lambda$new$0(132)) - 1e19a2b1-49d0-4e7a-aecd-0cd783192e71-SegmentedRaftLogWorker:Storage Directory /workdir/hadoop-ozone/integration-test/target/test-dir/MiniOzoneClusterImpl-e050bc9f-bc6f-41bc-b4ec-06bc364a309b/datanode-3/data/ratis/789e9284-15a1-44bb-81b6-43691d6e318f: flushIndex: setUnconditionally 0 -> -1
2019-07-30 22:29:29,669 INFO  server.RaftServerConfigKeys (ConfUtils.java:logGet(43)) - raft.server.log.statemachine.data.sync.timeout.retry = -1 (default)
2019-07-30 22:29:29,670 INFO  server.RaftServerConfigKeys (ConfUtils.java:logGet(43)) - raft.server.snapshot.auto.trigger.enabled = true (custom)
2019-07-30 22:29:29,670 INFO  server.RaftServerConfigKeys (ConfUtils.java:logGet(43)) - raft.server.log.statemachine.data.caching.enabled = true (custom)
2019-07-30 22:29:29,670 INFO  server.RaftServerConfigKeys (ConfUtils.java:logGet(43)) - raft.server.snapshot.auto.trigger.threshold = 10000 (custom)
2019-07-30 22:29:29,670 INFO  segmented.SegmentedRaftLogWorker (SegmentedRaftLogWorker.java:lambda$new$0(132)) - 382046bb-dbfe-4c16-a95c-2b1aff15a13d-SegmentedRaftLogWorker:Storage Directory /workdir/hadoop-ozone/integration-test/target/test-dir/MiniOzoneClusterImpl-e050bc9f-bc6f-41bc-b4ec-06bc364a309b/datanode-5/data/ratis/789e9284-15a1-44bb-81b6-43691d6e318f: flushIndex: setUnconditionally 0 -> -1
2019-07-30 22:29:29,670 INFO  server.RaftServerConfigKeys (ConfUtils.java:logGet(43)) - raft.server.retrycache.expirytime = 600000ms (custom)
2019-07-30 22:29:29,674 INFO  impl.RaftServerImpl (RaftServerImpl.java:start(180)) - 1e19a2b1-49d0-4e7a-aecd-0cd783192e71: start group-43691D6E318F
2019-07-30 22:29:29,674 INFO  server.RaftServerConfigKeys (ConfUtils.java:logGet(43)) - raft.server.snapshot.auto.trigger.enabled = true (custom)
2019-07-30 22:29:29,674 INFO  impl.RaftServerImpl (RaftServerImpl.java:setRole(171)) - 1e19a2b1-49d0-4e7a-aecd-0cd783192e71:group-43691D6E318F changes role from null to FOLLOWER at term 0 for startAsFollower
2019-07-30 22:29:29,674 INFO  server.RaftServerConfigKeys (ConfUtils.java:logGet(43)) - raft.server.snapshot.auto.trigger.threshold = 10000 (custom)
2019-07-30 22:29:29,674 INFO  impl.RoleInfo (RoleInfo.java:updateAndGet(143)) - 1e19a2b1-49d0-4e7a-aecd-0cd783192e71: start FollowerState
2019-07-30 22:29:29,674 INFO  server.RaftServerConfigKeys (ConfUtils.java:logGet(43)) - raft.server.retrycache.expirytime = 600000ms (custom)
2019-07-30 22:29:29,675 INFO  impl.RaftServerImpl (RaftServerImpl.java:start(180)) - 382046bb-dbfe-4c16-a95c-2b1aff15a13d: start group-43691D6E318F
2019-07-30 22:29:29,675 INFO  util.JmxRegister (JmxRegister.java:tryRegister(44)) - Successfully registered JMX Bean with object name Ratis:service=RaftServer,group=group-43691D6E318F,id=1e19a2b1-49d0-4e7a-aecd-0cd783192e71
2019-07-30 22:29:29,675 INFO  impl.RaftServerImpl (RaftServerImpl.java:setRole(171)) - 382046bb-dbfe-4c16-a95c-2b1aff15a13d:group-43691D6E318F changes role from null to FOLLOWER at term 0 for startAsFollower
2019-07-30 22:29:29,675 INFO  impl.RoleInfo (RoleInfo.java:updateAndGet(143)) - 382046bb-dbfe-4c16-a95c-2b1aff15a13d: start FollowerState
2019-07-30 22:29:29,676 INFO  util.JmxRegister (JmxRegister.java:tryRegister(44)) - Successfully registered JMX Bean with object name Ratis:service=RaftServer,group=group-43691D6E318F,id=382046bb-dbfe-4c16-a95c-2b1aff15a13d
2019-07-30 22:29:29,683 INFO  pipeline.PipelineStateManager (PipelineStateManager.java:addPipeline(56)) - Created pipeline Pipeline[ Id: 789e9284-15a1-44bb-81b6-43691d6e318f, Nodes: 1e19a2b1-49d0-4e7a-aecd-0cd783192e71{ip: 192.168.5.187, host: byscane-nightly-mnz8h-3685941970, networkLocation: /default-rack, certSerialId: null}8348d7a9-b426-4f67-be3c-60ab6b153275{ip: 192.168.5.187, host: byscane-nightly-mnz8h-3685941970, networkLocation: /default-rack, certSerialId: null}382046bb-dbfe-4c16-a95c-2b1aff15a13d{ip: 192.168.5.187, host: byscane-nightly-mnz8h-3685941970, networkLocation: /default-rack, certSerialId: null}, Type:RATIS, Factor:THREE, State:OPEN]
2019-07-30 22:29:29,742 INFO  ozone.MiniOzoneClusterImpl (MiniOzoneClusterImpl.java:lambda$waitForClusterToBeReady$0(142)) - Waiting for cluster to be ready. Got 6 of 7 DN Heartbeats.
2019-07-30 22:29:29,744 INFO  net.NetworkTopology (NetworkTopologyImpl.java:add(110)) - Added a new node: /default-rack/fab4dddb-d173-428b-9ff2-3a506c379182
2019-07-30 22:29:29,744 INFO  node.SCMNodeManager (SCMNodeManager.java:register(273)) - Registered Data node : fab4dddb-d173-428b-9ff2-3a506c379182{ip: 192.168.5.187, host: byscane-nightly-mnz8h-3685941970, networkLocation: /default-rack, certSerialId: null}
2019-07-30 22:29:29,754 INFO  impl.RaftServerProxy (RaftServerProxy.java:addNew(89)) - fab4dddb-d173-428b-9ff2-3a506c379182: addNew group-BB8A99EADEB9:[fab4dddb-d173-428b-9ff2-3a506c379182:192.168.5.187:34601] returns group-BB8A99EADEB9:java.util.concurrent.CompletableFuture@61582c86[Not completed]
2019-07-30 22:29:29,760 INFO  impl.RaftServerImpl (RaftServerImpl.java:<init>(93)) - fab4dddb-d173-428b-9ff2-3a506c379182: new RaftServerImpl for group-BB8A99EADEB9:[fab4dddb-d173-428b-9ff2-3a506c379182:192.168.5.187:34601] with ContainerStateMachine:uninitialized
2019-07-30 22:29:29,760 INFO  server.RaftServerConfigKeys (ConfUtils.java:logGet(43)) - raft.server.rpc.timeout.min = 5s (custom)
2019-07-30 22:29:29,760 INFO  server.RaftServerConfigKeys (ConfUtils.java:logGet(43)) - raft.server.rpc.timeout.max = 5200ms (custom)
2019-07-30 22:29:29,760 INFO  server.RaftServerConfigKeys (ConfUtils.java:logGet(43)) - raft.server.rpcslowness.timeout = 120s (custom)
2019-07-30 22:29:29,760 INFO  server.RaftServerConfigKeys (ConfUtils.java:logGet(43)) - raft.server.sleep.deviation.threshold = 300 (default)
2019-07-30 22:29:29,761 INFO  server.RaftServerConfigKeys (ConfUtils.java:logGet(43)) - raft.server.log.appender.install.snapshot.enabled = false (custom)
2019-07-30 22:29:29,761 INFO  impl.RaftServerImpl (ServerState.java:<init>(105)) - fab4dddb-d173-428b-9ff2-3a506c379182:group-BB8A99EADEB9 ConfigurationManager, init=-1: [fab4dddb-d173-428b-9ff2-3a506c379182:192.168.5.187:34601], old=null, confs=<EMPTY_MAP>
2019-07-30 22:29:29,761 INFO  server.RaftServerConfigKeys (ConfUtils.java:logGet(43)) - raft.server.storage.dir = [/workdir/hadoop-ozone/integration-test/target/test-dir/MiniOzoneClusterImpl-e050bc9f-bc6f-41bc-b4ec-06bc364a309b/datanode-6/data/ratis] (custom)
2019-07-30 22:29:29,762 INFO  storage.RaftStorageDirectory (RaftStorageDirectory.java:analyzeStorage(246)) - The storage directory /workdir/hadoop-ozone/integration-test/target/test-dir/MiniOzoneClusterImpl-e050bc9f-bc6f-41bc-b4ec-06bc364a309b/datanode-6/data/ratis/5d320c27-c81d-4f0c-82ee-bb8a99eadeb9 does not exist. Creating ...
2019-07-30 22:29:29,767 INFO  storage.RaftStorageDirectory (RaftStorageDirectory.java:tryLock(328)) - Lock on /workdir/hadoop-ozone/integration-test/target/test-dir/MiniOzoneClusterImpl-e050bc9f-bc6f-41bc-b4ec-06bc364a309b/datanode-6/data/ratis/5d320c27-c81d-4f0c-82ee-bb8a99eadeb9/in_use.lock acquired by nodename 12570@byscane-nightly-mnz8h-3685941970
2019-07-30 22:29:29,771 INFO  storage.RaftStorage (RaftStorage.java:format(72)) - Storage directory /workdir/hadoop-ozone/integration-test/target/test-dir/MiniOzoneClusterImpl-e050bc9f-bc6f-41bc-b4ec-06bc364a309b/datanode-6/data/ratis/5d320c27-c81d-4f0c-82ee-bb8a99eadeb9 has been successfully formatted.
2019-07-30 22:29:29,771 INFO  ratis.ContainerStateMachine (ContainerStateMachine.java:loadSnapshot(213)) - group-BB8A99EADEB9: The snapshot info is null. Setting the last applied indexto:(t:0, i:~)
2019-07-30 22:29:29,771 INFO  server.RaftServerConfigKeys (ConfUtils.java:logGet(43)) - raft.server.leader.election.timeout = 120s (custom)
2019-07-30 22:29:29,772 INFO  server.RaftServerConfigKeys (ConfUtils.java:logGet(43)) - raft.server.log.use.memory = false (default)
2019-07-30 22:29:29,772 INFO  server.RaftServerConfigKeys (ConfUtils.java:logGet(43)) - raft.server.log.purge.gap = 1000000000 (custom)
2019-07-30 22:29:29,772 INFO  server.RaftServerConfigKeys (ConfUtils.java:logGet(43)) - raft.server.log.appender.buffer.byte-limit = 33554432 (custom)
2019-07-30 22:29:29,772 INFO  server.RaftServerConfigKeys (ConfUtils.java:logGet(43)) - raft.server.log.segment.size.max = 1048576 (custom)
2019-07-30 22:29:29,772 INFO  server.RaftServerConfigKeys (ConfUtils.java:logGet(43)) - raft.server.log.segment.cache.num.max = 2 (custom)
2019-07-30 22:29:29,773 INFO  segmented.SegmentedRaftLogWorker (SegmentedRaftLogWorker.java:<init>(172)) - new fab4dddb-d173-428b-9ff2-3a506c379182-SegmentedRaftLogWorker:Storage Directory /workdir/hadoop-ozone/integration-test/target/test-dir/MiniOzoneClusterImpl-e050bc9f-bc6f-41bc-b4ec-06bc364a309b/datanode-6/data/ratis/5d320c27-c81d-4f0c-82ee-bb8a99eadeb9 for RaftStorage:Storage Directory /workdir/hadoop-ozone/integration-test/target/test-dir/MiniOzoneClusterImpl-e050bc9f-bc6f-41bc-b4ec-06bc364a309b/datanode-6/data/ratis/5d320c27-c81d-4f0c-82ee-bb8a99eadeb9
2019-07-30 22:29:29,773 INFO  server.RaftServerConfigKeys (ConfUtils.java:logGet(43)) - raft.server.log.queue.byte-limit = 2147483647 (custom)
2019-07-30 22:29:29,773 INFO  server.RaftServerConfigKeys (ConfUtils.java:logGet(43)) - raft.server.log.queue.element-limit = 1024 (custom)
2019-07-30 22:29:29,773 INFO  server.RaftServerConfigKeys (ConfUtils.java:logGet(43)) - raft.server.log.segment.size.max = 1048576 (custom)
2019-07-30 22:29:29,773 INFO  server.RaftServerConfigKeys (ConfUtils.java:logGet(43)) - raft.server.log.preallocated.size = 16384 (custom)
2019-07-30 22:29:29,774 INFO  server.RaftServerConfigKeys (ConfUtils.java:logGet(43)) - raft.server.log.write.buffer.size = 33554432 (custom)
2019-07-30 22:29:29,774 INFO  server.RaftServerConfigKeys (ConfUtils.java:logGet(43)) - raft.server.log.force.sync.num = 128 (default)
2019-07-30 22:29:29,774 INFO  server.RaftServerConfigKeys (ConfUtils.java:logGet(43)) - raft.server.log.statemachine.data.sync = true (default)
2019-07-30 22:29:29,774 INFO  server.RaftServerConfigKeys (ConfUtils.java:logGet(43)) - raft.server.log.statemachine.data.sync.timeout = 10s (default)
2019-07-30 22:29:29,774 INFO  server.RaftServerConfigKeys (ConfUtils.java:logGet(43)) - raft.server.log.statemachine.data.sync.timeout.retry = -1 (default)
2019-07-30 22:29:29,775 INFO  server.RaftServerConfigKeys (ConfUtils.java:logGet(43)) - raft.server.log.statemachine.data.caching.enabled = true (custom)
2019-07-30 22:29:29,775 INFO  segmented.SegmentedRaftLogWorker (SegmentedRaftLogWorker.java:lambda$new$0(132)) - fab4dddb-d173-428b-9ff2-3a506c379182-SegmentedRaftLogWorker:Storage Directory /workdir/hadoop-ozone/integration-test/target/test-dir/MiniOzoneClusterImpl-e050bc9f-bc6f-41bc-b4ec-06bc364a309b/datanode-6/data/ratis/5d320c27-c81d-4f0c-82ee-bb8a99eadeb9: flushIndex: setUnconditionally 0 -> -1
2019-07-30 22:29:29,775 INFO  server.RaftServerConfigKeys (ConfUtils.java:logGet(43)) - raft.server.snapshot.auto.trigger.enabled = true (custom)
2019-07-30 22:29:29,776 INFO  server.RaftServerConfigKeys (ConfUtils.java:logGet(43)) - raft.server.snapshot.auto.trigger.threshold = 10000 (custom)
2019-07-30 22:29:29,776 INFO  server.RaftServerConfigKeys (ConfUtils.java:logGet(43)) - raft.server.retrycache.expirytime = 600000ms (custom)
2019-07-30 22:29:29,776 INFO  impl.RaftServerImpl (RaftServerImpl.java:start(180)) - fab4dddb-d173-428b-9ff2-3a506c379182: start group-BB8A99EADEB9
2019-07-30 22:29:29,776 INFO  impl.RaftServerImpl (RaftServerImpl.java:setRole(171)) - fab4dddb-d173-428b-9ff2-3a506c379182:group-BB8A99EADEB9 changes role from null to FOLLOWER at term 0 for startAsFollower
2019-07-30 22:29:29,776 INFO  impl.RoleInfo (RoleInfo.java:updateAndGet(143)) - fab4dddb-d173-428b-9ff2-3a506c379182: start FollowerState
2019-07-30 22:29:29,777 INFO  util.JmxRegister (JmxRegister.java:tryRegister(44)) - Successfully registered JMX Bean with object name Ratis:service=RaftServer,group=group-BB8A99EADEB9,id=fab4dddb-d173-428b-9ff2-3a506c379182
2019-07-30 22:29:29,782 INFO  pipeline.PipelineStateManager (PipelineStateManager.java:addPipeline(56)) - Created pipeline Pipeline[ Id: 5d320c27-c81d-4f0c-82ee-bb8a99eadeb9, Nodes: fab4dddb-d173-428b-9ff2-3a506c379182{ip: 192.168.5.187, host: byscane-nightly-mnz8h-3685941970, networkLocation: /default-rack, certSerialId: null}, Type:RATIS, Factor:ONE, State:OPEN]
2019-07-30 22:29:30,743 INFO  ozone.MiniOzoneClusterImpl (MiniOzoneClusterImpl.java:lambda$waitForClusterToBeReady$0(142)) - Cluster is ready. Got 7 of 7 DN Heartbeats.
2019-07-30 22:29:30,786 INFO  rpc.RpcClient (RpcClient.java:createVolume(288)) - Creating Volume: testblockoutputstreamwithretries, with jenkins1000 as owner.
2019-07-30 22:29:30,801 INFO  rpc.RpcClient (RpcClient.java:createBucket(425)) - Creating Bucket: testblockoutputstreamwithretries/testblockoutputstreamwithretries, with Versioning false and Storage Type set to DISK and Encryption set to false 
2019-07-30 22:29:30,837 INFO  client.GrpcClientProtocolClient (GrpcClientProtocolClient.java:onNext(255)) - client-0103CE016138->1cf89b6a-11ba-4732-a060-c94e1cf1c9e4: receive RaftClientReply:client-0103CE016138->1cf89b6a-11ba-4732-a060-c94e1cf1c9e4@group-22E2BEBCA6C5, cid=42, FAILED org.apache.ratis.protocol.NotLeaderException: Server 1cf89b6a-11ba-4732-a060-c94e1cf1c9e4 is not the leader (null). Request must be sent to leader., logIndex=0, commits[1cf89b6a-11ba-4732-a060-c94e1cf1c9e4:c-1]
2019-07-30 22:29:31,481 INFO  container.ReplicationManager (ReplicationManager.java:start(155)) - Starting Replication Monitor Thread.
2019-07-30 22:29:31,485 INFO  container.ReplicationManager (ReplicationManager.java:run(207)) - Replication Monitor Thread took 0 milliseconds for processing 3 containers.
2019-07-30 22:29:31,869 INFO  client.GrpcClientProtocolClient (GrpcClientProtocolClient.java:onNext(255)) - client-0103CE016138->f83802d5-fd97-4202-8f70-b9a576172424: receive RaftClientReply:client-0103CE016138->f83802d5-fd97-4202-8f70-b9a576172424@group-22E2BEBCA6C5, cid=42, FAILED org.apache.ratis.protocol.NotLeaderException: Server f83802d5-fd97-4202-8f70-b9a576172424 is not the leader (null). Request must be sent to leader., logIndex=0, commits[f83802d5-fd97-4202-8f70-b9a576172424:c-1]
2019-07-30 22:29:32,890 INFO  client.GrpcClientProtocolClient (GrpcClientProtocolClient.java:onNext(255)) - client-0103CE016138->1cf89b6a-11ba-4732-a060-c94e1cf1c9e4: receive RaftClientReply:client-0103CE016138->1cf89b6a-11ba-4732-a060-c94e1cf1c9e4@group-22E2BEBCA6C5, cid=42, FAILED org.apache.ratis.protocol.NotLeaderException: Server 1cf89b6a-11ba-4732-a060-c94e1cf1c9e4 is not the leader (null). Request must be sent to leader., logIndex=0, commits[1cf89b6a-11ba-4732-a060-c94e1cf1c9e4:c-1]
2019-07-30 22:29:33,686 INFO  impl.FollowerState (FollowerState.java:run(106)) - 1cf89b6a-11ba-4732-a060-c94e1cf1c9e4:group-483AD78E24D3 changes to CANDIDATE, lastRpcTime:5169, electionTimeout:5169ms
2019-07-30 22:29:33,687 INFO  impl.RoleInfo (RoleInfo.java:shutdownFollowerState(121)) - 1cf89b6a-11ba-4732-a060-c94e1cf1c9e4: shutdown FollowerState
2019-07-30 22:29:33,687 INFO  impl.RaftServerImpl (RaftServerImpl.java:setRole(171)) - 1cf89b6a-11ba-4732-a060-c94e1cf1c9e4:group-483AD78E24D3 changes role from FOLLOWER to CANDIDATE at term 0 for changeToCandidate
2019-07-30 22:29:33,687 INFO  impl.RoleInfo (RoleInfo.java:updateAndGet(143)) - 1cf89b6a-11ba-4732-a060-c94e1cf1c9e4: start LeaderElection
2019-07-30 22:29:33,709 INFO  impl.LeaderElection (LeaderElection.java:askForVotes(181)) - 1cf89b6a-11ba-4732-a060-c94e1cf1c9e4:group-483AD78E24D3:LeaderElection15: begin an election at term 1 for -1: [1cf89b6a-11ba-4732-a060-c94e1cf1c9e4:192.168.5.187:44441], old=null
2019-07-30 22:29:33,709 INFO  impl.RoleInfo (RoleInfo.java:shutdownLeaderElection(134)) - 1cf89b6a-11ba-4732-a060-c94e1cf1c9e4: shutdown LeaderElection
2019-07-30 22:29:33,710 INFO  impl.RaftServerImpl (RaftServerImpl.java:setRole(171)) - 1cf89b6a-11ba-4732-a060-c94e1cf1c9e4:group-483AD78E24D3 changes role from CANDIDATE to LEADER at term 1 for changeToLeader
2019-07-30 22:29:33,710 INFO  impl.RaftServerImpl (ServerState.java:setLeader(263)) - 1cf89b6a-11ba-4732-a060-c94e1cf1c9e4:group-483AD78E24D3 change Leader from null to 1cf89b6a-11ba-4732-a060-c94e1cf1c9e4 at term 1 for becomeLeader, leader elected after 5198ms
2019-07-30 22:29:33,712 INFO  server.RaftServerConfigKeys (ConfUtils.java:logGet(43)) - raft.server.staging.catchup.gap = 1000 (default)
2019-07-30 22:29:33,712 INFO  server.RaftServerConfigKeys (ConfUtils.java:logGet(43)) - raft.server.rpc.sleep.time = 25ms (default)
2019-07-30 22:29:33,712 INFO  server.RaftServerConfigKeys (ConfUtils.java:logGet(43)) - raft.server.write.element-limit = 4096 (default)
2019-07-30 22:29:33,712 INFO  server.RaftServerConfigKeys (ConfUtils.java:logGet(43)) - raft.server.watch.timeout = 10s (default)
2019-07-30 22:29:33,712 INFO  server.RaftServerConfigKeys (ConfUtils.java:logGet(43)) - raft.server.watch.timeout.denomination = 1s (default)
2019-07-30 22:29:33,713 INFO  server.RaftServerConfigKeys (ConfUtils.java:logGet(43)) - raft.server.watch.element-limit = 65536 (default)
2019-07-30 22:29:33,713 INFO  impl.RoleInfo (RoleInfo.java:updateAndGet(143)) - 1cf89b6a-11ba-4732-a060-c94e1cf1c9e4: start LeaderState
2019-07-30 22:29:33,713 INFO  segmented.SegmentedRaftLogWorker (SegmentedRaftLogWorker.java:startLogSegment(380)) - 1cf89b6a-11ba-4732-a060-c94e1cf1c9e4-SegmentedRaftLogWorker:Storage Directory /workdir/hadoop-ozone/integration-test/target/test-dir/MiniOzoneClusterImpl-e050bc9f-bc6f-41bc-b4ec-06bc364a309b/datanode-0/data/ratis/aa3929fc-540c-426a-901a-483ad78e24d3: Starting segment from index:0
2019-07-30 22:29:33,714 INFO  impl.RaftServerImpl (ServerState.java:setRaftConf(361)) - 1cf89b6a-11ba-4732-a060-c94e1cf1c9e4:group-483AD78E24D3 set configuration 0: [1cf89b6a-11ba-4732-a060-c94e1cf1c9e4:192.168.5.187:44441], old=null at 0
2019-07-30 22:29:33,739 INFO  segmented.SegmentedRaftLogWorker (SegmentedRaftLogWorker.java:execute(569)) - 1cf89b6a-11ba-4732-a060-c94e1cf1c9e4-SegmentedRaftLogWorker:Storage Directory /workdir/hadoop-ozone/integration-test/target/test-dir/MiniOzoneClusterImpl-e050bc9f-bc6f-41bc-b4ec-06bc364a309b/datanode-0/data/ratis/aa3929fc-540c-426a-901a-483ad78e24d3: created new log segment /workdir/hadoop-ozone/integration-test/target/test-dir/MiniOzoneClusterImpl-e050bc9f-bc6f-41bc-b4ec-06bc364a309b/datanode-0/data/ratis/aa3929fc-540c-426a-901a-483ad78e24d3/current/log_inprogress_0
2019-07-30 22:29:33,911 INFO  client.GrpcClientProtocolClient (GrpcClientProtocolClient.java:onNext(255)) - client-0103CE016138->f83802d5-fd97-4202-8f70-b9a576172424: receive RaftClientReply:client-0103CE016138->f83802d5-fd97-4202-8f70-b9a576172424@group-22E2BEBCA6C5, cid=42, FAILED org.apache.ratis.protocol.NotLeaderException: Server f83802d5-fd97-4202-8f70-b9a576172424 is not the leader (null). Request must be sent to leader., logIndex=0, commits[f83802d5-fd97-4202-8f70-b9a576172424:c-1]
2019-07-30 22:29:33,941 INFO  impl.FollowerState (FollowerState.java:run(106)) - f83802d5-fd97-4202-8f70-b9a576172424:group-7125674E77D1 changes to CANDIDATE, lastRpcTime:5198, electionTimeout:5198ms
2019-07-30 22:29:33,941 INFO  impl.RoleInfo (RoleInfo.java:shutdownFollowerState(121)) - f83802d5-fd97-4202-8f70-b9a576172424: shutdown FollowerState
2019-07-30 22:29:33,941 INFO  impl.RaftServerImpl (RaftServerImpl.java:setRole(171)) - f83802d5-fd97-4202-8f70-b9a576172424:group-7125674E77D1 changes role from FOLLOWER to CANDIDATE at term 0 for changeToCandidate
2019-07-30 22:29:33,942 INFO  impl.RoleInfo (RoleInfo.java:updateAndGet(143)) - f83802d5-fd97-4202-8f70-b9a576172424: start LeaderElection
2019-07-30 22:29:33,970 INFO  impl.LeaderElection (LeaderElection.java:askForVotes(181)) - f83802d5-fd97-4202-8f70-b9a576172424:group-7125674E77D1:LeaderElection16: begin an election at term 1 for -1: [f83802d5-fd97-4202-8f70-b9a576172424:192.168.5.187:46303], old=null
2019-07-30 22:29:33,970 INFO  impl.RoleInfo (RoleInfo.java:shutdownLeaderElection(134)) - f83802d5-fd97-4202-8f70-b9a576172424: shutdown LeaderElection
2019-07-30 22:29:33,970 INFO  impl.RaftServerImpl (RaftServerImpl.java:setRole(171)) - f83802d5-fd97-4202-8f70-b9a576172424:group-7125674E77D1 changes role from CANDIDATE to LEADER at term 1 for changeToLeader
2019-07-30 22:29:33,970 INFO  impl.RaftServerImpl (ServerState.java:setLeader(263)) - f83802d5-fd97-4202-8f70-b9a576172424:group-7125674E77D1 change Leader from null to f83802d5-fd97-4202-8f70-b9a576172424 at term 1 for becomeLeader, leader elected after 5233ms
2019-07-30 22:29:33,972 INFO  server.RaftServerConfigKeys (ConfUtils.java:logGet(43)) - raft.server.staging.catchup.gap = 1000 (default)
2019-07-30 22:29:33,973 INFO  server.RaftServerConfigKeys (ConfUtils.java:logGet(43)) - raft.server.rpc.sleep.time = 25ms (default)
2019-07-30 22:29:33,973 INFO  server.RaftServerConfigKeys (ConfUtils.java:logGet(43)) - raft.server.write.element-limit = 4096 (default)
2019-07-30 22:29:33,973 INFO  server.RaftServerConfigKeys (ConfUtils.java:logGet(43)) - raft.server.watch.timeout = 10s (default)
2019-07-30 22:29:33,973 INFO  server.RaftServerConfigKeys (ConfUtils.java:logGet(43)) - raft.server.watch.timeout.denomination = 1s (default)
2019-07-30 22:29:33,973 INFO  server.RaftServerConfigKeys (ConfUtils.java:logGet(43)) - raft.server.watch.element-limit = 65536 (default)
2019-07-30 22:29:33,974 INFO  impl.RoleInfo (RoleInfo.java:updateAndGet(143)) - f83802d5-fd97-4202-8f70-b9a576172424: start LeaderState
2019-07-30 22:29:33,974 INFO  segmented.SegmentedRaftLogWorker (SegmentedRaftLogWorker.java:startLogSegment(380)) - f83802d5-fd97-4202-8f70-b9a576172424-SegmentedRaftLogWorker:Storage Directory /workdir/hadoop-ozone/integration-test/target/test-dir/MiniOzoneClusterImpl-e050bc9f-bc6f-41bc-b4ec-06bc364a309b/datanode-1/data/ratis/bb09681d-6bf0-4d3c-bfca-7125674e77d1: Starting segment from index:0
2019-07-30 22:29:33,975 INFO  impl.RaftServerImpl (ServerState.java:setRaftConf(361)) - f83802d5-fd97-4202-8f70-b9a576172424:group-7125674E77D1 set configuration 0: [f83802d5-fd97-4202-8f70-b9a576172424:192.168.5.187:46303], old=null at 0
2019-07-30 22:29:33,998 INFO  segmented.SegmentedRaftLogWorker (SegmentedRaftLogWorker.java:execute(569)) - f83802d5-fd97-4202-8f70-b9a576172424-SegmentedRaftLogWorker:Storage Directory /workdir/hadoop-ozone/integration-test/target/test-dir/MiniOzoneClusterImpl-e050bc9f-bc6f-41bc-b4ec-06bc364a309b/datanode-1/data/ratis/bb09681d-6bf0-4d3c-bfca-7125674e77d1: created new log segment /workdir/hadoop-ozone/integration-test/target/test-dir/MiniOzoneClusterImpl-e050bc9f-bc6f-41bc-b4ec-06bc364a309b/datanode-1/data/ratis/bb09681d-6bf0-4d3c-bfca-7125674e77d1/current/log_inprogress_0
2019-07-30 22:29:34,094 INFO  impl.FollowerState (FollowerState.java:run(106)) - 1cf89b6a-11ba-4732-a060-c94e1cf1c9e4:group-22E2BEBCA6C5 changes to CANDIDATE, lastRpcTime:5094, electionTimeout:5094ms
2019-07-30 22:29:34,094 INFO  impl.RoleInfo (RoleInfo.java:shutdownFollowerState(121)) - 1cf89b6a-11ba-4732-a060-c94e1cf1c9e4: shutdown FollowerState
2019-07-30 22:29:34,094 INFO  impl.RaftServerImpl (RaftServerImpl.java:setRole(171)) - 1cf89b6a-11ba-4732-a060-c94e1cf1c9e4:group-22E2BEBCA6C5 changes role from FOLLOWER to CANDIDATE at term 0 for changeToCandidate
2019-07-30 22:29:34,095 INFO  impl.RoleInfo (RoleInfo.java:updateAndGet(143)) - 1cf89b6a-11ba-4732-a060-c94e1cf1c9e4: start LeaderElection
2019-07-30 22:29:34,104 INFO  impl.FollowerState (FollowerState.java:run(106)) - d6639fa8-6d46-45c5-857d-997a31ce3427:group-22E2BEBCA6C5 changes to CANDIDATE, lastRpcTime:5081, electionTimeout:5078ms
2019-07-30 22:29:34,104 INFO  impl.RoleInfo (RoleInfo.java:shutdownFollowerState(121)) - d6639fa8-6d46-45c5-857d-997a31ce3427: shutdown FollowerState
2019-07-30 22:29:34,104 INFO  impl.RaftServerImpl (RaftServerImpl.java:setRole(171)) - d6639fa8-6d46-45c5-857d-997a31ce3427:group-22E2BEBCA6C5 changes role from FOLLOWER to CANDIDATE at term 0 for changeToCandidate
2019-07-30 22:29:34,104 INFO  impl.RoleInfo (RoleInfo.java:updateAndGet(143)) - d6639fa8-6d46-45c5-857d-997a31ce3427: start LeaderElection
2019-07-30 22:29:34,106 INFO  impl.LeaderElection (LeaderElection.java:askForVotes(181)) - 1cf89b6a-11ba-4732-a060-c94e1cf1c9e4:group-22E2BEBCA6C5:LeaderElection17: begin an election at term 1 for -1: [d6639fa8-6d46-45c5-857d-997a31ce3427:192.168.5.187:38416, f83802d5-fd97-4202-8f70-b9a576172424:192.168.5.187:46303, 1cf89b6a-11ba-4732-a060-c94e1cf1c9e4:192.168.5.187:44441], old=null
2019-07-30 22:29:34,116 INFO  impl.FollowerState (FollowerState.java:run(106)) - d6639fa8-6d46-45c5-857d-997a31ce3427:group-89F42859791C changes to CANDIDATE, lastRpcTime:5165, electionTimeout:5160ms
2019-07-30 22:29:34,116 INFO  impl.RoleInfo (RoleInfo.java:shutdownFollowerState(121)) - d6639fa8-6d46-45c5-857d-997a31ce3427: shutdown FollowerState
2019-07-30 22:29:34,116 INFO  impl.RaftServerImpl (RaftServerImpl.java:setRole(171)) - d6639fa8-6d46-45c5-857d-997a31ce3427:group-89F42859791C changes role from FOLLOWER to CANDIDATE at term 0 for changeToCandidate
2019-07-30 22:29:34,116 INFO  impl.RoleInfo (RoleInfo.java:updateAndGet(143)) - d6639fa8-6d46-45c5-857d-997a31ce3427: start LeaderElection
2019-07-30 22:29:34,121 INFO  impl.LeaderElection (LeaderElection.java:askForVotes(181)) - d6639fa8-6d46-45c5-857d-997a31ce3427:group-22E2BEBCA6C5:LeaderElection18: begin an election at term 1 for -1: [d6639fa8-6d46-45c5-857d-997a31ce3427:192.168.5.187:38416, f83802d5-fd97-4202-8f70-b9a576172424:192.168.5.187:46303, 1cf89b6a-11ba-4732-a060-c94e1cf1c9e4:192.168.5.187:44441], old=null
2019-07-30 22:29:34,125 INFO  impl.LeaderElection (LeaderElection.java:askForVotes(181)) - d6639fa8-6d46-45c5-857d-997a31ce3427:group-89F42859791C:LeaderElection19: begin an election at term 1 for -1: [d6639fa8-6d46-45c5-857d-997a31ce3427:192.168.5.187:38416], old=null
2019-07-30 22:29:34,125 INFO  impl.RoleInfo (RoleInfo.java:shutdownLeaderElection(134)) - d6639fa8-6d46-45c5-857d-997a31ce3427: shutdown LeaderElection
2019-07-30 22:29:34,126 INFO  impl.RaftServerImpl (RaftServerImpl.java:setRole(171)) - d6639fa8-6d46-45c5-857d-997a31ce3427:group-89F42859791C changes role from CANDIDATE to LEADER at term 1 for changeToLeader
2019-07-30 22:29:34,126 INFO  impl.RaftServerImpl (ServerState.java:setLeader(263)) - d6639fa8-6d46-45c5-857d-997a31ce3427:group-89F42859791C change Leader from null to d6639fa8-6d46-45c5-857d-997a31ce3427 at term 1 for becomeLeader, leader elected after 5182ms
2019-07-30 22:29:34,128 INFO  server.RaftServerConfigKeys (ConfUtils.java:logGet(43)) - raft.server.staging.catchup.gap = 1000 (default)
2019-07-30 22:29:34,128 INFO  server.RaftServerConfigKeys (ConfUtils.java:logGet(43)) - raft.server.rpc.sleep.time = 25ms (default)
2019-07-30 22:29:34,128 INFO  server.RaftServerConfigKeys (ConfUtils.java:logGet(43)) - raft.server.write.element-limit = 4096 (default)
2019-07-30 22:29:34,128 INFO  server.RaftServerConfigKeys (ConfUtils.java:logGet(43)) - raft.server.watch.timeout = 10s (default)
2019-07-30 22:29:34,129 INFO  server.RaftServerConfigKeys (ConfUtils.java:logGet(43)) - raft.server.watch.timeout.denomination = 1s (default)
2019-07-30 22:29:34,129 INFO  server.RaftServerConfigKeys (ConfUtils.java:logGet(43)) - raft.server.watch.element-limit = 65536 (default)
2019-07-30 22:29:34,129 INFO  impl.RoleInfo (RoleInfo.java:updateAndGet(143)) - d6639fa8-6d46-45c5-857d-997a31ce3427: start LeaderState
2019-07-30 22:29:34,129 INFO  impl.RaftServerImpl (RaftServerImpl.java:setRole(171)) - f83802d5-fd97-4202-8f70-b9a576172424:group-22E2BEBCA6C5 changes role from FOLLOWER to FOLLOWER at term 1 for recognizeCandidate:1cf89b6a-11ba-4732-a060-c94e1cf1c9e4
2019-07-30 22:29:34,137 INFO  segmented.SegmentedRaftLogWorker (SegmentedRaftLogWorker.java:startLogSegment(380)) - d6639fa8-6d46-45c5-857d-997a31ce3427-SegmentedRaftLogWorker:Storage Directory /workdir/hadoop-ozone/integration-test/target/test-dir/MiniOzoneClusterImpl-e050bc9f-bc6f-41bc-b4ec-06bc364a309b/datanode-2/data/ratis/6f54a298-76b8-4af8-aadc-89f42859791c: Starting segment from index:0
2019-07-30 22:29:34,137 INFO  impl.RoleInfo (RoleInfo.java:shutdownFollowerState(121)) - f83802d5-fd97-4202-8f70-b9a576172424: shutdown FollowerState
2019-07-30 22:29:34,140 INFO  impl.RoleInfo (RoleInfo.java:updateAndGet(143)) - f83802d5-fd97-4202-8f70-b9a576172424: start FollowerState
2019-07-30 22:29:34,140 INFO  impl.FollowerState (FollowerState.java:run(114)) - f83802d5-fd97-4202-8f70-b9a576172424: FollowerState was interrupted: java.lang.InterruptedException: sleep interrupted
2019-07-30 22:29:34,140 INFO  impl.RaftServerImpl (ServerState.java:setRaftConf(361)) - d6639fa8-6d46-45c5-857d-997a31ce3427:group-89F42859791C set configuration 0: [d6639fa8-6d46-45c5-857d-997a31ce3427:192.168.5.187:38416], old=null at 0
2019-07-30 22:29:34,167 INFO  segmented.SegmentedRaftLogWorker (SegmentedRaftLogWorker.java:execute(569)) - d6639fa8-6d46-45c5-857d-997a31ce3427-SegmentedRaftLogWorker:Storage Directory /workdir/hadoop-ozone/integration-test/target/test-dir/MiniOzoneClusterImpl-e050bc9f-bc6f-41bc-b4ec-06bc364a309b/datanode-2/data/ratis/6f54a298-76b8-4af8-aadc-89f42859791c: created new log segment /workdir/hadoop-ozone/integration-test/target/test-dir/MiniOzoneClusterImpl-e050bc9f-bc6f-41bc-b4ec-06bc364a309b/datanode-2/data/ratis/6f54a298-76b8-4af8-aadc-89f42859791c/current/log_inprogress_0
2019-07-30 22:29:34,182 INFO  impl.LeaderElection (LeaderElection.java:logAndReturn(56)) - 1cf89b6a-11ba-4732-a060-c94e1cf1c9e4:group-22E2BEBCA6C5:LeaderElection17: Election PASSED; received 2 response(s) [1cf89b6a-11ba-4732-a060-c94e1cf1c9e4<-d6639fa8-6d46-45c5-857d-997a31ce3427#0:FAIL-t1, 1cf89b6a-11ba-4732-a060-c94e1cf1c9e4<-f83802d5-fd97-4202-8f70-b9a576172424#0:OK-t1] and 0 exception(s); 1cf89b6a-11ba-4732-a060-c94e1cf1c9e4:t1, leader=null, voted=1cf89b6a-11ba-4732-a060-c94e1cf1c9e4, raftlog=1cf89b6a-11ba-4732-a060-c94e1cf1c9e4-SegmentedRaftLog:OPENED:c-1,f-1,i0, conf=-1: [d6639fa8-6d46-45c5-857d-997a31ce3427:192.168.5.187:38416, f83802d5-fd97-4202-8f70-b9a576172424:192.168.5.187:46303, 1cf89b6a-11ba-4732-a060-c94e1cf1c9e4:192.168.5.187:44441], old=null
2019-07-30 22:29:34,182 INFO  impl.LeaderElection (LeaderElection.java:logAndReturn(56)) - d6639fa8-6d46-45c5-857d-997a31ce3427:group-22E2BEBCA6C5:LeaderElection18: Election REJECTED; received 2 response(s) [d6639fa8-6d46-45c5-857d-997a31ce3427<-f83802d5-fd97-4202-8f70-b9a576172424#0:FAIL-t1, d6639fa8-6d46-45c5-857d-997a31ce3427<-1cf89b6a-11ba-4732-a060-c94e1cf1c9e4#0:FAIL-t1] and 0 exception(s); d6639fa8-6d46-45c5-857d-997a31ce3427:t1, leader=null, voted=d6639fa8-6d46-45c5-857d-997a31ce3427, raftlog=d6639fa8-6d46-45c5-857d-997a31ce3427-SegmentedRaftLog:OPENED:c-1,f-1,i0, conf=-1: [d6639fa8-6d46-45c5-857d-997a31ce3427:192.168.5.187:38416, f83802d5-fd97-4202-8f70-b9a576172424:192.168.5.187:46303, 1cf89b6a-11ba-4732-a060-c94e1cf1c9e4:192.168.5.187:44441], old=null
2019-07-30 22:29:34,183 INFO  impl.RoleInfo (RoleInfo.java:shutdownLeaderElection(134)) - 1cf89b6a-11ba-4732-a060-c94e1cf1c9e4: shutdown LeaderElection
2019-07-30 22:29:34,185 INFO  impl.RaftServerImpl (RaftServerImpl.java:setRole(171)) - d6639fa8-6d46-45c5-857d-997a31ce3427:group-22E2BEBCA6C5 changes role from CANDIDATE to FOLLOWER at term 1 for DISCOVERED_A_NEW_TERM
2019-07-30 22:29:34,187 INFO  impl.RaftServerImpl (RaftServerImpl.java:setRole(171)) - 1cf89b6a-11ba-4732-a060-c94e1cf1c9e4:group-22E2BEBCA6C5 changes role from CANDIDATE to LEADER at term 1 for changeToLeader
2019-07-30 22:29:34,187 INFO  impl.RoleInfo (RoleInfo.java:shutdownLeaderElection(134)) - d6639fa8-6d46-45c5-857d-997a31ce3427: shutdown LeaderElection
2019-07-30 22:29:34,187 INFO  impl.RaftServerImpl (ServerState.java:setLeader(263)) - 1cf89b6a-11ba-4732-a060-c94e1cf1c9e4:group-22E2BEBCA6C5 change Leader from null to 1cf89b6a-11ba-4732-a060-c94e1cf1c9e4 at term 1 for becomeLeader, leader elected after 5196ms
2019-07-30 22:29:34,187 INFO  impl.RoleInfo (RoleInfo.java:updateAndGet(143)) - d6639fa8-6d46-45c5-857d-997a31ce3427: start FollowerState
2019-07-30 22:29:34,188 INFO  server.RaftServerConfigKeys (ConfUtils.java:logGet(43)) - raft.server.staging.catchup.gap = 1000 (default)
2019-07-30 22:29:34,190 INFO  server.RaftServerConfigKeys (ConfUtils.java:logGet(43)) - raft.server.rpc.sleep.time = 25ms (default)
2019-07-30 22:29:34,190 INFO  server.RaftServerConfigKeys (ConfUtils.java:logGet(43)) - raft.server.write.element-limit = 4096 (default)
2019-07-30 22:29:34,190 INFO  server.RaftServerConfigKeys (ConfUtils.java:logGet(43)) - raft.server.watch.timeout = 10s (default)
2019-07-30 22:29:34,191 INFO  server.RaftServerConfigKeys (ConfUtils.java:logGet(43)) - raft.server.watch.timeout.denomination = 1s (default)
2019-07-30 22:29:34,191 INFO  server.RaftServerConfigKeys (ConfUtils.java:logGet(43)) - raft.server.watch.element-limit = 65536 (default)
2019-07-30 22:29:34,191 INFO  server.RaftServerConfigKeys (ConfUtils.java:logGet(43)) - raft.server.log.appender.snapshot.chunk.size.max = 16MB (=16777216) (default)
2019-07-30 22:29:34,191 INFO  server.RaftServerConfigKeys (ConfUtils.java:logGet(43)) - raft.server.log.appender.buffer.byte-limit = 33554432 (custom)
2019-07-30 22:29:34,192 INFO  server.RaftServerConfigKeys (ConfUtils.java:logGet(43)) - raft.server.log.appender.buffer.element-limit = 1 (custom)
2019-07-30 22:29:34,192 INFO  grpc.GrpcConfigKeys$Server (ConfUtils.java:logGet(43)) - raft.grpc.server.leader.outstanding.appends.max = 128 (default)
2019-07-30 22:29:34,192 INFO  server.RaftServerConfigKeys (ConfUtils.java:logGet(43)) - raft.server.rpc.request.timeout = 3000ms (default)
2019-07-30 22:29:34,192 INFO  server.RaftServerConfigKeys (ConfUtils.java:logGet(43)) - raft.server.log.appender.install.snapshot.enabled = false (custom)
2019-07-30 22:29:34,193 INFO  server.RaftServerConfigKeys (ConfUtils.java:logGet(43)) - raft.server.log.appender.snapshot.chunk.size.max = 16MB (=16777216) (default)
2019-07-30 22:29:34,193 INFO  server.RaftServerConfigKeys (ConfUtils.java:logGet(43)) - raft.server.log.appender.buffer.byte-limit = 33554432 (custom)
2019-07-30 22:29:34,193 INFO  server.RaftServerConfigKeys (ConfUtils.java:logGet(43)) - raft.server.log.appender.buffer.element-limit = 1 (custom)
2019-07-30 22:29:34,193 INFO  grpc.GrpcConfigKeys$Server (ConfUtils.java:logGet(43)) - raft.grpc.server.leader.outstanding.appends.max = 128 (default)
2019-07-30 22:29:34,193 INFO  server.RaftServerConfigKeys (ConfUtils.java:logGet(43)) - raft.server.rpc.request.timeout = 3000ms (default)
2019-07-30 22:29:34,194 INFO  server.RaftServerConfigKeys (ConfUtils.java:logGet(43)) - raft.server.log.appender.install.snapshot.enabled = false (custom)
2019-07-30 22:29:34,194 INFO  impl.RoleInfo (RoleInfo.java:updateAndGet(143)) - 1cf89b6a-11ba-4732-a060-c94e1cf1c9e4: start LeaderState
2019-07-30 22:29:34,194 INFO  segmented.SegmentedRaftLogWorker (SegmentedRaftLogWorker.java:startLogSegment(380)) - 1cf89b6a-11ba-4732-a060-c94e1cf1c9e4-SegmentedRaftLogWorker:Storage Directory /workdir/hadoop-ozone/integration-test/target/test-dir/MiniOzoneClusterImpl-e050bc9f-bc6f-41bc-b4ec-06bc364a309b/datanode-0/data/ratis/1ae44070-12ca-4fbc-9329-22e2bebca6c5: Starting segment from index:0
2019-07-30 22:29:34,195 INFO  impl.RaftServerImpl (ServerState.java:setRaftConf(361)) - 1cf89b6a-11ba-4732-a060-c94e1cf1c9e4:group-22E2BEBCA6C5 set configuration 0: [d6639fa8-6d46-45c5-857d-997a31ce3427:192.168.5.187:38416, f83802d5-fd97-4202-8f70-b9a576172424:192.168.5.187:46303, 1cf89b6a-11ba-4732-a060-c94e1cf1c9e4:192.168.5.187:44441], old=null at 0
2019-07-30 22:29:34,215 INFO  impl.FollowerState (FollowerState.java:run(106)) - 1e19a2b1-49d0-4e7a-aecd-0cd783192e71:group-D1B940B8ABE1 changes to CANDIDATE, lastRpcTime:5083, electionTimeout:5077ms
2019-07-30 22:29:34,215 INFO  impl.RoleInfo (RoleInfo.java:shutdownFollowerState(121)) - 1e19a2b1-49d0-4e7a-aecd-0cd783192e71: shutdown FollowerState
2019-07-30 22:29:34,215 INFO  impl.RaftServerImpl (RaftServerImpl.java:setRole(171)) - 1e19a2b1-49d0-4e7a-aecd-0cd783192e71:group-D1B940B8ABE1 changes role from FOLLOWER to CANDIDATE at term 0 for changeToCandidate
2019-07-30 22:29:34,215 INFO  impl.RoleInfo (RoleInfo.java:updateAndGet(143)) - 1e19a2b1-49d0-4e7a-aecd-0cd783192e71: start LeaderElection
2019-07-30 22:29:34,218 INFO  segmented.SegmentedRaftLogWorker (SegmentedRaftLogWorker.java:execute(569)) - 1cf89b6a-11ba-4732-a060-c94e1cf1c9e4-SegmentedRaftLogWorker:Storage Directory /workdir/hadoop-ozone/integration-test/target/test-dir/MiniOzoneClusterImpl-e050bc9f-bc6f-41bc-b4ec-06bc364a309b/datanode-0/data/ratis/1ae44070-12ca-4fbc-9329-22e2bebca6c5: created new log segment /workdir/hadoop-ozone/integration-test/target/test-dir/MiniOzoneClusterImpl-e050bc9f-bc6f-41bc-b4ec-06bc364a309b/datanode-0/data/ratis/1ae44070-12ca-4fbc-9329-22e2bebca6c5/current/log_inprogress_0
2019-07-30 22:29:34,220 INFO  impl.RaftServerImpl (ServerState.java:setLeader(263)) - f83802d5-fd97-4202-8f70-b9a576172424:group-22E2BEBCA6C5 change Leader from null to 1cf89b6a-11ba-4732-a060-c94e1cf1c9e4 at term 1 for appendEntries, leader elected after 5226ms
2019-07-30 22:29:34,220 INFO  impl.RaftServerImpl (ServerState.java:setLeader(263)) - d6639fa8-6d46-45c5-857d-997a31ce3427:group-22E2BEBCA6C5 change Leader from null to 1cf89b6a-11ba-4732-a060-c94e1cf1c9e4 at term 1 for appendEntries, leader elected after 5229ms
2019-07-30 22:29:34,222 INFO  impl.LeaderElection (LeaderElection.java:askForVotes(181)) - 1e19a2b1-49d0-4e7a-aecd-0cd783192e71:group-D1B940B8ABE1:LeaderElection20: begin an election at term 1 for -1: [1e19a2b1-49d0-4e7a-aecd-0cd783192e71:192.168.5.187:40318], old=null
2019-07-30 22:29:34,222 INFO  impl.RoleInfo (RoleInfo.java:shutdownLeaderElection(134)) - 1e19a2b1-49d0-4e7a-aecd-0cd783192e71: shutdown LeaderElection
2019-07-30 22:29:34,223 INFO  impl.RaftServerImpl (RaftServerImpl.java:setRole(171)) - 1e19a2b1-49d0-4e7a-aecd-0cd783192e71:group-D1B940B8ABE1 changes role from CANDIDATE to LEADER at term 1 for changeToLeader
2019-07-30 22:29:34,223 INFO  impl.RaftServerImpl (ServerState.java:setLeader(263)) - 1e19a2b1-49d0-4e7a-aecd-0cd783192e71:group-D1B940B8ABE1 change Leader from null to 1e19a2b1-49d0-4e7a-aecd-0cd783192e71 at term 1 for becomeLeader, leader elected after 5096ms
2019-07-30 22:29:34,225 INFO  server.RaftServerConfigKeys (ConfUtils.java:logGet(43)) - raft.server.staging.catchup.gap = 1000 (default)
2019-07-30 22:29:34,225 INFO  server.RaftServerConfigKeys (ConfUtils.java:logGet(43)) - raft.server.rpc.sleep.time = 25ms (default)
2019-07-30 22:29:34,225 INFO  server.RaftServerConfigKeys (ConfUtils.java:logGet(43)) - raft.server.write.element-limit = 4096 (default)
2019-07-30 22:29:34,226 INFO  server.RaftServerConfigKeys (ConfUtils.java:logGet(43)) - raft.server.watch.timeout = 10s (default)
2019-07-30 22:29:34,226 INFO  server.RaftServerConfigKeys (ConfUtils.java:logGet(43)) - raft.server.watch.timeout.denomination = 1s (default)
2019-07-30 22:29:34,226 INFO  server.RaftServerConfigKeys (ConfUtils.java:logGet(43)) - raft.server.watch.element-limit = 65536 (default)
2019-07-30 22:29:34,226 INFO  impl.RaftServerImpl (ServerState.java:setRaftConf(361)) - f83802d5-fd97-4202-8f70-b9a576172424:group-22E2BEBCA6C5 set configuration 0: [d6639fa8-6d46-45c5-857d-997a31ce3427:192.168.5.187:38416, f83802d5-fd97-4202-8f70-b9a576172424:192.168.5.187:46303, 1cf89b6a-11ba-4732-a060-c94e1cf1c9e4:192.168.5.187:44441], old=null at 0
2019-07-30 22:29:34,226 INFO  impl.RoleInfo (RoleInfo.java:updateAndGet(143)) - 1e19a2b1-49d0-4e7a-aecd-0cd783192e71: start LeaderState
2019-07-30 22:29:34,226 INFO  segmented.SegmentedRaftLogWorker (SegmentedRaftLogWorker.java:startLogSegment(380)) - f83802d5-fd97-4202-8f70-b9a576172424-SegmentedRaftLogWorker:Storage Directory /workdir/hadoop-ozone/integration-test/target/test-dir/MiniOzoneClusterImpl-e050bc9f-bc6f-41bc-b4ec-06bc364a309b/datanode-1/data/ratis/1ae44070-12ca-4fbc-9329-22e2bebca6c5: Starting segment from index:0
2019-07-30 22:29:34,227 INFO  impl.RaftServerImpl (ServerState.java:setRaftConf(361)) - d6639fa8-6d46-45c5-857d-997a31ce3427:group-22E2BEBCA6C5 set configuration 0: [d6639fa8-6d46-45c5-857d-997a31ce3427:192.168.5.187:38416, f83802d5-fd97-4202-8f70-b9a576172424:192.168.5.187:46303, 1cf89b6a-11ba-4732-a060-c94e1cf1c9e4:192.168.5.187:44441], old=null at 0
2019-07-30 22:29:34,226 INFO  segmented.SegmentedRaftLogWorker (SegmentedRaftLogWorker.java:startLogSegment(380)) - 1e19a2b1-49d0-4e7a-aecd-0cd783192e71-SegmentedRaftLogWorker:Storage Directory /workdir/hadoop-ozone/integration-test/target/test-dir/MiniOzoneClusterImpl-e050bc9f-bc6f-41bc-b4ec-06bc364a309b/datanode-3/data/ratis/fefa25ad-8fbd-4408-a527-d1b940b8abe1: Starting segment from index:0
2019-07-30 22:29:34,227 INFO  segmented.SegmentedRaftLogWorker (SegmentedRaftLogWorker.java:startLogSegment(380)) - d6639fa8-6d46-45c5-857d-997a31ce3427-SegmentedRaftLogWorker:Storage Directory /workdir/hadoop-ozone/integration-test/target/test-dir/MiniOzoneClusterImpl-e050bc9f-bc6f-41bc-b4ec-06bc364a309b/datanode-2/data/ratis/1ae44070-12ca-4fbc-9329-22e2bebca6c5: Starting segment from index:0
2019-07-30 22:29:34,228 INFO  impl.RaftServerImpl (ServerState.java:setRaftConf(361)) - 1e19a2b1-49d0-4e7a-aecd-0cd783192e71:group-D1B940B8ABE1 set configuration 0: [1e19a2b1-49d0-4e7a-aecd-0cd783192e71:192.168.5.187:40318], old=null at 0
2019-07-30 22:29:34,269 INFO  segmented.SegmentedRaftLogWorker (SegmentedRaftLogWorker.java:execute(569)) - f83802d5-fd97-4202-8f70-b9a576172424-SegmentedRaftLogWorker:Storage Directory /workdir/hadoop-ozone/integration-test/target/test-dir/MiniOzoneClusterImpl-e050bc9f-bc6f-41bc-b4ec-06bc364a309b/datanode-1/data/ratis/1ae44070-12ca-4fbc-9329-22e2bebca6c5: created new log segment /workdir/hadoop-ozone/integration-test/target/test-dir/MiniOzoneClusterImpl-e050bc9f-bc6f-41bc-b4ec-06bc364a309b/datanode-1/data/ratis/1ae44070-12ca-4fbc-9329-22e2bebca6c5/current/log_inprogress_0
2019-07-30 22:29:34,269 INFO  segmented.SegmentedRaftLogWorker (SegmentedRaftLogWorker.java:execute(569)) - 1e19a2b1-49d0-4e7a-aecd-0cd783192e71-SegmentedRaftLogWorker:Storage Directory /workdir/hadoop-ozone/integration-test/target/test-dir/MiniOzoneClusterImpl-e050bc9f-bc6f-41bc-b4ec-06bc364a309b/datanode-3/data/ratis/fefa25ad-8fbd-4408-a527-d1b940b8abe1: created new log segment /workdir/hadoop-ozone/integration-test/target/test-dir/MiniOzoneClusterImpl-e050bc9f-bc6f-41bc-b4ec-06bc364a309b/datanode-3/data/ratis/fefa25ad-8fbd-4408-a527-d1b940b8abe1/current/log_inprogress_0
2019-07-30 22:29:34,307 INFO  segmented.SegmentedRaftLogWorker (SegmentedRaftLogWorker.java:execute(569)) - d6639fa8-6d46-45c5-857d-997a31ce3427-SegmentedRaftLogWorker:Storage Directory /workdir/hadoop-ozone/integration-test/target/test-dir/MiniOzoneClusterImpl-e050bc9f-bc6f-41bc-b4ec-06bc364a309b/datanode-2/data/ratis/1ae44070-12ca-4fbc-9329-22e2bebca6c5: created new log segment /workdir/hadoop-ozone/integration-test/target/test-dir/MiniOzoneClusterImpl-e050bc9f-bc6f-41bc-b4ec-06bc364a309b/datanode-2/data/ratis/1ae44070-12ca-4fbc-9329-22e2bebca6c5/current/log_inprogress_0
2019-07-30 22:29:34,598 INFO  impl.FollowerState (FollowerState.java:run(106)) - 8348d7a9-b426-4f67-be3c-60ab6b153275:group-9A783A0EC0BB changes to CANDIDATE, lastRpcTime:5162, electionTimeout:5162ms
2019-07-30 22:29:34,599 INFO  impl.RoleInfo (RoleInfo.java:shutdownFollowerState(121)) - 8348d7a9-b426-4f67-be3c-60ab6b153275: shutdown FollowerState
2019-07-30 22:29:34,599 INFO  impl.RaftServerImpl (RaftServerImpl.java:setRole(171)) - 8348d7a9-b426-4f67-be3c-60ab6b153275:group-9A783A0EC0BB changes role from FOLLOWER to CANDIDATE at term 0 for changeToCandidate
2019-07-30 22:29:34,599 INFO  impl.RoleInfo (RoleInfo.java:updateAndGet(143)) - 8348d7a9-b426-4f67-be3c-60ab6b153275: start LeaderElection
2019-07-30 22:29:34,619 INFO  impl.LeaderElection (LeaderElection.java:askForVotes(181)) - 8348d7a9-b426-4f67-be3c-60ab6b153275:group-9A783A0EC0BB:LeaderElection21: begin an election at term 1 for -1: [8348d7a9-b426-4f67-be3c-60ab6b153275:192.168.5.187:39014], old=null
2019-07-30 22:29:34,619 INFO  impl.RoleInfo (RoleInfo.java:shutdownLeaderElection(134)) - 8348d7a9-b426-4f67-be3c-60ab6b153275: shutdown LeaderElection
2019-07-30 22:29:34,619 INFO  impl.RaftServerImpl (RaftServerImpl.java:setRole(171)) - 8348d7a9-b426-4f67-be3c-60ab6b153275:group-9A783A0EC0BB changes role from CANDIDATE to LEADER at term 1 for changeToLeader
2019-07-30 22:29:34,619 INFO  impl.RaftServerImpl (ServerState.java:setLeader(263)) - 8348d7a9-b426-4f67-be3c-60ab6b153275:group-9A783A0EC0BB change Leader from null to 8348d7a9-b426-4f67-be3c-60ab6b153275 at term 1 for becomeLeader, leader elected after 5188ms
2019-07-30 22:29:34,622 INFO  server.RaftServerConfigKeys (ConfUtils.java:logGet(43)) - raft.server.staging.catchup.gap = 1000 (default)
2019-07-30 22:29:34,622 INFO  server.RaftServerConfigKeys (ConfUtils.java:logGet(43)) - raft.server.rpc.sleep.time = 25ms (default)
2019-07-30 22:29:34,622 INFO  server.RaftServerConfigKeys (ConfUtils.java:logGet(43)) - raft.server.write.element-limit = 4096 (default)
2019-07-30 22:29:34,623 INFO  server.RaftServerConfigKeys (ConfUtils.java:logGet(43)) - raft.server.watch.timeout = 10s (default)
2019-07-30 22:29:34,623 INFO  server.RaftServerConfigKeys (ConfUtils.java:logGet(43)) - raft.server.watch.timeout.denomination = 1s (default)
2019-07-30 22:29:34,623 INFO  server.RaftServerConfigKeys (ConfUtils.java:logGet(43)) - raft.server.watch.element-limit = 65536 (default)
2019-07-30 22:29:34,623 INFO  impl.RoleInfo (RoleInfo.java:updateAndGet(143)) - 8348d7a9-b426-4f67-be3c-60ab6b153275: start LeaderState
2019-07-30 22:29:34,623 INFO  segmented.SegmentedRaftLogWorker (SegmentedRaftLogWorker.java:startLogSegment(380)) - 8348d7a9-b426-4f67-be3c-60ab6b153275-SegmentedRaftLogWorker:Storage Directory /workdir/hadoop-ozone/integration-test/target/test-dir/MiniOzoneClusterImpl-e050bc9f-bc6f-41bc-b4ec-06bc364a309b/datanode-4/data/ratis/01acdf26-7b9a-4d71-bfe7-9a783a0ec0bb: Starting segment from index:0
2019-07-30 22:29:34,624 INFO  impl.RaftServerImpl (ServerState.java:setRaftConf(361)) - 8348d7a9-b426-4f67-be3c-60ab6b153275:group-9A783A0EC0BB set configuration 0: [8348d7a9-b426-4f67-be3c-60ab6b153275:192.168.5.187:39014], old=null at 0
2019-07-30 22:29:34,648 INFO  segmented.SegmentedRaftLogWorker (SegmentedRaftLogWorker.java:execute(569)) - 8348d7a9-b426-4f67-be3c-60ab6b153275-SegmentedRaftLogWorker:Storage Directory /workdir/hadoop-ozone/integration-test/target/test-dir/MiniOzoneClusterImpl-e050bc9f-bc6f-41bc-b4ec-06bc364a309b/datanode-4/data/ratis/01acdf26-7b9a-4d71-bfe7-9a783a0ec0bb: created new log segment /workdir/hadoop-ozone/integration-test/target/test-dir/MiniOzoneClusterImpl-e050bc9f-bc6f-41bc-b4ec-06bc364a309b/datanode-4/data/ratis/01acdf26-7b9a-4d71-bfe7-9a783a0ec0bb/current/log_inprogress_0
2019-07-30 22:29:34,728 INFO  impl.FollowerState (FollowerState.java:run(106)) - 382046bb-dbfe-4c16-a95c-2b1aff15a13d:group-9C6D2CE89F8C changes to CANDIDATE, lastRpcTime:5108, electionTimeout:5108ms
2019-07-30 22:29:34,729 INFO  impl.RoleInfo (RoleInfo.java:shutdownFollowerState(121)) - 382046bb-dbfe-4c16-a95c-2b1aff15a13d: shutdown FollowerState
2019-07-30 22:29:34,729 INFO  impl.RaftServerImpl (RaftServerImpl.java:setRole(171)) - 382046bb-dbfe-4c16-a95c-2b1aff15a13d:group-9C6D2CE89F8C changes role from FOLLOWER to CANDIDATE at term 0 for changeToCandidate
2019-07-30 22:29:34,729 INFO  impl.RoleInfo (RoleInfo.java:updateAndGet(143)) - 382046bb-dbfe-4c16-a95c-2b1aff15a13d: start LeaderElection
2019-07-30 22:29:34,738 INFO  impl.LeaderElection (LeaderElection.java:askForVotes(181)) - 382046bb-dbfe-4c16-a95c-2b1aff15a13d:group-9C6D2CE89F8C:LeaderElection22: begin an election at term 1 for -1: [382046bb-dbfe-4c16-a95c-2b1aff15a13d:192.168.5.187:41436], old=null
2019-07-30 22:29:34,739 INFO  impl.RoleInfo (RoleInfo.java:shutdownLeaderElection(134)) - 382046bb-dbfe-4c16-a95c-2b1aff15a13d: shutdown LeaderElection
2019-07-30 22:29:34,739 INFO  impl.RaftServerImpl (RaftServerImpl.java:setRole(171)) - 382046bb-dbfe-4c16-a95c-2b1aff15a13d:group-9C6D2CE89F8C changes role from CANDIDATE to LEADER at term 1 for changeToLeader
2019-07-30 22:29:34,739 INFO  impl.RaftServerImpl (ServerState.java:setLeader(263)) - 382046bb-dbfe-4c16-a95c-2b1aff15a13d:group-9C6D2CE89F8C change Leader from null to 382046bb-dbfe-4c16-a95c-2b1aff15a13d at term 1 for becomeLeader, leader elected after 5124ms
2019-07-30 22:29:34,741 INFO  server.RaftServerConfigKeys (ConfUtils.java:logGet(43)) - raft.server.staging.catchup.gap = 1000 (default)
2019-07-30 22:29:34,742 INFO  server.RaftServerConfigKeys (ConfUtils.java:logGet(43)) - raft.server.rpc.sleep.time = 25ms (default)
2019-07-30 22:29:34,742 INFO  server.RaftServerConfigKeys (ConfUtils.java:logGet(43)) - raft.server.write.element-limit = 4096 (default)
2019-07-30 22:29:34,742 INFO  server.RaftServerConfigKeys (ConfUtils.java:logGet(43)) - raft.server.watch.timeout = 10s (default)
2019-07-30 22:29:34,742 INFO  server.RaftServerConfigKeys (ConfUtils.java:logGet(43)) - raft.server.watch.timeout.denomination = 1s (default)
2019-07-30 22:29:34,742 INFO  server.RaftServerConfigKeys (ConfUtils.java:logGet(43)) - raft.server.watch.element-limit = 65536 (default)
2019-07-30 22:29:34,743 INFO  impl.RoleInfo (RoleInfo.java:updateAndGet(143)) - 382046bb-dbfe-4c16-a95c-2b1aff15a13d: start LeaderState
2019-07-30 22:29:34,743 INFO  segmented.SegmentedRaftLogWorker (SegmentedRaftLogWorker.java:startLogSegment(380)) - 382046bb-dbfe-4c16-a95c-2b1aff15a13d-SegmentedRaftLogWorker:Storage Directory /workdir/hadoop-ozone/integration-test/target/test-dir/MiniOzoneClusterImpl-e050bc9f-bc6f-41bc-b4ec-06bc364a309b/datanode-5/data/ratis/086f01fb-d1cb-4e6f-9fc4-9c6d2ce89f8c: Starting segment from index:0
2019-07-30 22:29:34,743 INFO  impl.RaftServerImpl (ServerState.java:setRaftConf(361)) - 382046bb-dbfe-4c16-a95c-2b1aff15a13d:group-9C6D2CE89F8C set configuration 0: [382046bb-dbfe-4c16-a95c-2b1aff15a13d:192.168.5.187:41436], old=null at 0
2019-07-30 22:29:34,762 INFO  impl.FollowerState (FollowerState.java:run(106)) - 382046bb-dbfe-4c16-a95c-2b1aff15a13d:group-43691D6E318F changes to CANDIDATE, lastRpcTime:5086, electionTimeout:5069ms
2019-07-30 22:29:34,762 INFO  impl.RoleInfo (RoleInfo.java:shutdownFollowerState(121)) - 382046bb-dbfe-4c16-a95c-2b1aff15a13d: shutdown FollowerState
2019-07-30 22:29:34,762 INFO  impl.RaftServerImpl (RaftServerImpl.java:setRole(171)) - 382046bb-dbfe-4c16-a95c-2b1aff15a13d:group-43691D6E318F changes role from FOLLOWER to CANDIDATE at term 0 for changeToCandidate
2019-07-30 22:29:34,763 INFO  impl.RoleInfo (RoleInfo.java:updateAndGet(143)) - 382046bb-dbfe-4c16-a95c-2b1aff15a13d: start LeaderElection
2019-07-30 22:29:34,767 INFO  segmented.SegmentedRaftLogWorker (SegmentedRaftLogWorker.java:execute(569)) - 382046bb-dbfe-4c16-a95c-2b1aff15a13d-SegmentedRaftLogWorker:Storage Directory /workdir/hadoop-ozone/integration-test/target/test-dir/MiniOzoneClusterImpl-e050bc9f-bc6f-41bc-b4ec-06bc364a309b/datanode-5/data/ratis/086f01fb-d1cb-4e6f-9fc4-9c6d2ce89f8c: created new log segment /workdir/hadoop-ozone/integration-test/target/test-dir/MiniOzoneClusterImpl-e050bc9f-bc6f-41bc-b4ec-06bc364a309b/datanode-5/data/ratis/086f01fb-d1cb-4e6f-9fc4-9c6d2ce89f8c/current/log_inprogress_0
2019-07-30 22:29:34,772 INFO  impl.LeaderElection (LeaderElection.java:askForVotes(181)) - 382046bb-dbfe-4c16-a95c-2b1aff15a13d:group-43691D6E318F:LeaderElection23: begin an election at term 1 for -1: [8348d7a9-b426-4f67-be3c-60ab6b153275:192.168.5.187:39014, 1e19a2b1-49d0-4e7a-aecd-0cd783192e71:192.168.5.187:40318, 382046bb-dbfe-4c16-a95c-2b1aff15a13d:192.168.5.187:41436], old=null
2019-07-30 22:29:34,779 INFO  impl.RaftServerImpl (RaftServerImpl.java:setRole(171)) - 8348d7a9-b426-4f67-be3c-60ab6b153275:group-43691D6E318F changes role from FOLLOWER to FOLLOWER at term 1 for recognizeCandidate:382046bb-dbfe-4c16-a95c-2b1aff15a13d
2019-07-30 22:29:34,779 INFO  impl.RaftServerImpl (RaftServerImpl.java:setRole(171)) - 1e19a2b1-49d0-4e7a-aecd-0cd783192e71:group-43691D6E318F changes role from FOLLOWER to FOLLOWER at term 1 for recognizeCandidate:382046bb-dbfe-4c16-a95c-2b1aff15a13d
2019-07-30 22:29:34,779 INFO  impl.RoleInfo (RoleInfo.java:shutdownFollowerState(121)) - 8348d7a9-b426-4f67-be3c-60ab6b153275: shutdown FollowerState
2019-07-30 22:29:34,779 INFO  impl.RoleInfo (RoleInfo.java:shutdownFollowerState(121)) - 1e19a2b1-49d0-4e7a-aecd-0cd783192e71: shutdown FollowerState
2019-07-30 22:29:34,780 INFO  impl.FollowerState (FollowerState.java:run(114)) - 8348d7a9-b426-4f67-be3c-60ab6b153275: FollowerState was interrupted: java.lang.InterruptedException: sleep interrupted
2019-07-30 22:29:34,780 INFO  impl.RoleInfo (RoleInfo.java:updateAndGet(143)) - 8348d7a9-b426-4f67-be3c-60ab6b153275: start FollowerState
2019-07-30 22:29:34,780 INFO  impl.FollowerState (FollowerState.java:run(114)) - 1e19a2b1-49d0-4e7a-aecd-0cd783192e71: FollowerState was interrupted: java.lang.InterruptedException: sleep interrupted
2019-07-30 22:29:34,780 INFO  impl.RoleInfo (RoleInfo.java:updateAndGet(143)) - 1e19a2b1-49d0-4e7a-aecd-0cd783192e71: start FollowerState
2019-07-30 22:29:34,801 INFO  impl.LeaderElection (LeaderElection.java:logAndReturn(56)) - 382046bb-dbfe-4c16-a95c-2b1aff15a13d:group-43691D6E318F:LeaderElection23: Election PASSED; received 1 response(s) [382046bb-dbfe-4c16-a95c-2b1aff15a13d<-1e19a2b1-49d0-4e7a-aecd-0cd783192e71#0:OK-t1] and 0 exception(s); 382046bb-dbfe-4c16-a95c-2b1aff15a13d:t1, leader=null, voted=382046bb-dbfe-4c16-a95c-2b1aff15a13d, raftlog=382046bb-dbfe-4c16-a95c-2b1aff15a13d-SegmentedRaftLog:OPENED:c-1,f-1,i0, conf=-1: [8348d7a9-b426-4f67-be3c-60ab6b153275:192.168.5.187:39014, 1e19a2b1-49d0-4e7a-aecd-0cd783192e71:192.168.5.187:40318, 382046bb-dbfe-4c16-a95c-2b1aff15a13d:192.168.5.187:41436], old=null
2019-07-30 22:29:34,801 INFO  impl.RoleInfo (RoleInfo.java:shutdownLeaderElection(134)) - 382046bb-dbfe-4c16-a95c-2b1aff15a13d: shutdown LeaderElection
2019-07-30 22:29:34,804 INFO  impl.RaftServerImpl (RaftServerImpl.java:setRole(171)) - 382046bb-dbfe-4c16-a95c-2b1aff15a13d:group-43691D6E318F changes role from CANDIDATE to LEADER at term 1 for changeToLeader
2019-07-30 22:29:34,804 INFO  impl.RaftServerImpl (ServerState.java:setLeader(263)) - 382046bb-dbfe-4c16-a95c-2b1aff15a13d:group-43691D6E318F change Leader from null to 382046bb-dbfe-4c16-a95c-2b1aff15a13d at term 1 for becomeLeader, leader elected after 5144ms
2019-07-30 22:29:34,804 INFO  server.RaftServerConfigKeys (ConfUtils.java:logGet(43)) - raft.server.staging.catchup.gap = 1000 (default)
2019-07-30 22:29:34,804 INFO  server.RaftServerConfigKeys (ConfUtils.java:logGet(43)) - raft.server.rpc.sleep.time = 25ms (default)
2019-07-30 22:29:34,804 INFO  server.RaftServerConfigKeys (ConfUtils.java:logGet(43)) - raft.server.write.element-limit = 4096 (default)
2019-07-30 22:29:34,805 INFO  server.RaftServerConfigKeys (ConfUtils.java:logGet(43)) - raft.server.watch.timeout = 10s (default)
2019-07-30 22:29:34,805 INFO  server.RaftServerConfigKeys (ConfUtils.java:logGet(43)) - raft.server.watch.timeout.denomination = 1s (default)
2019-07-30 22:29:34,805 INFO  server.RaftServerConfigKeys (ConfUtils.java:logGet(43)) - raft.server.watch.element-limit = 65536 (default)
2019-07-30 22:29:34,805 INFO  server.RaftServerConfigKeys (ConfUtils.java:logGet(43)) - raft.server.log.appender.snapshot.chunk.size.max = 16MB (=16777216) (default)
2019-07-30 22:29:34,805 INFO  server.RaftServerConfigKeys (ConfUtils.java:logGet(43)) - raft.server.log.appender.buffer.byte-limit = 33554432 (custom)
2019-07-30 22:29:34,806 INFO  server.RaftServerConfigKeys (ConfUtils.java:logGet(43)) - raft.server.log.appender.buffer.element-limit = 1 (custom)
2019-07-30 22:29:34,806 INFO  grpc.GrpcConfigKeys$Server (ConfUtils.java:logGet(43)) - raft.grpc.server.leader.outstanding.appends.max = 128 (default)
2019-07-30 22:29:34,806 INFO  server.RaftServerConfigKeys (ConfUtils.java:logGet(43)) - raft.server.rpc.request.timeout = 3000ms (default)
2019-07-30 22:29:34,806 INFO  server.RaftServerConfigKeys (ConfUtils.java:logGet(43)) - raft.server.log.appender.install.snapshot.enabled = false (custom)
2019-07-30 22:29:34,806 INFO  server.RaftServerConfigKeys (ConfUtils.java:logGet(43)) - raft.server.log.appender.snapshot.chunk.size.max = 16MB (=16777216) (default)
2019-07-30 22:29:34,807 INFO  server.RaftServerConfigKeys (ConfUtils.java:logGet(43)) - raft.server.log.appender.buffer.byte-limit = 33554432 (custom)
2019-07-30 22:29:34,807 INFO  server.RaftServerConfigKeys (ConfUtils.java:logGet(43)) - raft.server.log.appender.buffer.element-limit = 1 (custom)
2019-07-30 22:29:34,807 INFO  grpc.GrpcConfigKeys$Server (ConfUtils.java:logGet(43)) - raft.grpc.server.leader.outstanding.appends.max = 128 (default)
2019-07-30 22:29:34,807 INFO  server.RaftServerConfigKeys (ConfUtils.java:logGet(43)) - raft.server.rpc.request.timeout = 3000ms (default)
2019-07-30 22:29:34,807 INFO  server.RaftServerConfigKeys (ConfUtils.java:logGet(43)) - raft.server.log.appender.install.snapshot.enabled = false (custom)
2019-07-30 22:29:34,808 INFO  impl.RoleInfo (RoleInfo.java:updateAndGet(143)) - 382046bb-dbfe-4c16-a95c-2b1aff15a13d: start LeaderState
2019-07-30 22:29:34,808 INFO  segmented.SegmentedRaftLogWorker (SegmentedRaftLogWorker.java:startLogSegment(380)) - 382046bb-dbfe-4c16-a95c-2b1aff15a13d-SegmentedRaftLogWorker:Storage Directory /workdir/hadoop-ozone/integration-test/target/test-dir/MiniOzoneClusterImpl-e050bc9f-bc6f-41bc-b4ec-06bc364a309b/datanode-5/data/ratis/789e9284-15a1-44bb-81b6-43691d6e318f: Starting segment from index:0
2019-07-30 22:29:34,809 INFO  impl.RaftServerImpl (ServerState.java:setRaftConf(361)) - 382046bb-dbfe-4c16-a95c-2b1aff15a13d:group-43691D6E318F set configuration 0: [8348d7a9-b426-4f67-be3c-60ab6b153275:192.168.5.187:39014, 1e19a2b1-49d0-4e7a-aecd-0cd783192e71:192.168.5.187:40318, 382046bb-dbfe-4c16-a95c-2b1aff15a13d:192.168.5.187:41436], old=null at 0
2019-07-30 22:29:34,849 INFO  impl.FollowerState (FollowerState.java:run(106)) - fab4dddb-d173-428b-9ff2-3a506c379182:group-BB8A99EADEB9 changes to CANDIDATE, lastRpcTime:5072, electionTimeout:5034ms
2019-07-30 22:29:34,849 INFO  impl.RoleInfo (RoleInfo.java:shutdownFollowerState(121)) - fab4dddb-d173-428b-9ff2-3a506c379182: shutdown FollowerState
2019-07-30 22:29:34,849 INFO  impl.RaftServerImpl (RaftServerImpl.java:setRole(171)) - fab4dddb-d173-428b-9ff2-3a506c379182:group-BB8A99EADEB9 changes role from FOLLOWER to CANDIDATE at term 0 for changeToCandidate
2019-07-30 22:29:34,849 INFO  impl.RoleInfo (RoleInfo.java:updateAndGet(143)) - fab4dddb-d173-428b-9ff2-3a506c379182: start LeaderElection
2019-07-30 22:29:34,853 INFO  segmented.SegmentedRaftLogWorker (SegmentedRaftLogWorker.java:execute(569)) - 382046bb-dbfe-4c16-a95c-2b1aff15a13d-SegmentedRaftLogWorker:Storage Directory /workdir/hadoop-ozone/integration-test/target/test-dir/MiniOzoneClusterImpl-e050bc9f-bc6f-41bc-b4ec-06bc364a309b/datanode-5/data/ratis/789e9284-15a1-44bb-81b6-43691d6e318f: created new log segment /workdir/hadoop-ozone/integration-test/target/test-dir/MiniOzoneClusterImpl-e050bc9f-bc6f-41bc-b4ec-06bc364a309b/datanode-5/data/ratis/789e9284-15a1-44bb-81b6-43691d6e318f/current/log_inprogress_0
2019-07-30 22:29:34,857 INFO  impl.RaftServerImpl (ServerState.java:setLeader(263)) - 1e19a2b1-49d0-4e7a-aecd-0cd783192e71:group-43691D6E318F change Leader from null to 382046bb-dbfe-4c16-a95c-2b1aff15a13d at term 1 for appendEntries, leader elected after 5197ms
2019-07-30 22:29:34,857 INFO  impl.RaftServerImpl (ServerState.java:setLeader(263)) - 8348d7a9-b426-4f67-be3c-60ab6b153275:group-43691D6E318F change Leader from null to 382046bb-dbfe-4c16-a95c-2b1aff15a13d at term 1 for appendEntries, leader elected after 5197ms
2019-07-30 22:29:34,859 INFO  impl.LeaderElection (LeaderElection.java:askForVotes(181)) - fab4dddb-d173-428b-9ff2-3a506c379182:group-BB8A99EADEB9:LeaderElection24: begin an election at term 1 for -1: [fab4dddb-d173-428b-9ff2-3a506c379182:192.168.5.187:34601], old=null
2019-07-30 22:29:34,860 INFO  impl.RoleInfo (RoleInfo.java:shutdownLeaderElection(134)) - fab4dddb-d173-428b-9ff2-3a506c379182: shutdown LeaderElection
2019-07-30 22:29:34,860 INFO  impl.RaftServerImpl (ServerState.java:setRaftConf(361)) - 8348d7a9-b426-4f67-be3c-60ab6b153275:group-43691D6E318F set configuration 0: [8348d7a9-b426-4f67-be3c-60ab6b153275:192.168.5.187:39014, 1e19a2b1-49d0-4e7a-aecd-0cd783192e71:192.168.5.187:40318, 382046bb-dbfe-4c16-a95c-2b1aff15a13d:192.168.5.187:41436], old=null at 0
2019-07-30 22:29:34,860 INFO  impl.RaftServerImpl (ServerState.java:setRaftConf(361)) - 1e19a2b1-49d0-4e7a-aecd-0cd783192e71:group-43691D6E318F set configuration 0: [8348d7a9-b426-4f67-be3c-60ab6b153275:192.168.5.187:39014, 1e19a2b1-49d0-4e7a-aecd-0cd783192e71:192.168.5.187:40318, 382046bb-dbfe-4c16-a95c-2b1aff15a13d:192.168.5.187:41436], old=null at 0
2019-07-30 22:29:34,860 INFO  impl.RaftServerImpl (RaftServerImpl.java:setRole(171)) - fab4dddb-d173-428b-9ff2-3a506c379182:group-BB8A99EADEB9 changes role from CANDIDATE to LEADER at term 1 for changeToLeader
2019-07-30 22:29:34,860 INFO  segmented.SegmentedRaftLogWorker (SegmentedRaftLogWorker.java:startLogSegment(380)) - 1e19a2b1-49d0-4e7a-aecd-0cd783192e71-SegmentedRaftLogWorker:Storage Directory /workdir/hadoop-ozone/integration-test/target/test-dir/MiniOzoneClusterImpl-e050bc9f-bc6f-41bc-b4ec-06bc364a309b/datanode-3/data/ratis/789e9284-15a1-44bb-81b6-43691d6e318f: Starting segment from index:0
2019-07-30 22:29:34,860 INFO  segmented.SegmentedRaftLogWorker (SegmentedRaftLogWorker.java:startLogSegment(380)) - 8348d7a9-b426-4f67-be3c-60ab6b153275-SegmentedRaftLogWorker:Storage Directory /workdir/hadoop-ozone/integration-test/target/test-dir/MiniOzoneClusterImpl-e050bc9f-bc6f-41bc-b4ec-06bc364a309b/datanode-4/data/ratis/789e9284-15a1-44bb-81b6-43691d6e318f: Starting segment from index:0
2019-07-30 22:29:34,860 INFO  impl.RaftServerImpl (ServerState.java:setLeader(263)) - fab4dddb-d173-428b-9ff2-3a506c379182:group-BB8A99EADEB9 change Leader from null to fab4dddb-d173-428b-9ff2-3a506c379182 at term 1 for becomeLeader, leader elected after 5089ms
2019-07-30 22:29:34,886 INFO  server.RaftServerConfigKeys (ConfUtils.java:logGet(43)) - raft.server.staging.catchup.gap = 1000 (default)
2019-07-30 22:29:34,887 INFO  server.RaftServerConfigKeys (ConfUtils.java:logGet(43)) - raft.server.rpc.sleep.time = 25ms (default)
2019-07-30 22:29:34,887 INFO  server.RaftServerConfigKeys (ConfUtils.java:logGet(43)) - raft.server.write.element-limit = 4096 (default)
2019-07-30 22:29:34,887 INFO  server.RaftServerConfigKeys (ConfUtils.java:logGet(43)) - raft.server.watch.timeout = 10s (default)
2019-07-30 22:29:34,887 INFO  server.RaftServerConfigKeys (ConfUtils.java:logGet(43)) - raft.server.watch.timeout.denomination = 1s (default)
2019-07-30 22:29:34,887 INFO  server.RaftServerConfigKeys (ConfUtils.java:logGet(43)) - raft.server.watch.element-limit = 65536 (default)
2019-07-30 22:29:34,888 INFO  impl.RoleInfo (RoleInfo.java:updateAndGet(143)) - fab4dddb-d173-428b-9ff2-3a506c379182: start LeaderState
2019-07-30 22:29:34,888 INFO  segmented.SegmentedRaftLogWorker (SegmentedRaftLogWorker.java:startLogSegment(380)) - fab4dddb-d173-428b-9ff2-3a506c379182-SegmentedRaftLogWorker:Storage Directory /workdir/hadoop-ozone/integration-test/target/test-dir/MiniOzoneClusterImpl-e050bc9f-bc6f-41bc-b4ec-06bc364a309b/datanode-6/data/ratis/5d320c27-c81d-4f0c-82ee-bb8a99eadeb9: Starting segment from index:0
2019-07-30 22:29:34,888 INFO  impl.RaftServerImpl (ServerState.java:setRaftConf(361)) - fab4dddb-d173-428b-9ff2-3a506c379182:group-BB8A99EADEB9 set configuration 0: [fab4dddb-d173-428b-9ff2-3a506c379182:192.168.5.187:34601], old=null at 0
2019-07-30 22:29:34,907 INFO  segmented.SegmentedRaftLogWorker (SegmentedRaftLogWorker.java:execute(569)) - 1e19a2b1-49d0-4e7a-aecd-0cd783192e71-SegmentedRaftLogWorker:Storage Directory /workdir/hadoop-ozone/integration-test/target/test-dir/MiniOzoneClusterImpl-e050bc9f-bc6f-41bc-b4ec-06bc364a309b/datanode-3/data/ratis/789e9284-15a1-44bb-81b6-43691d6e318f: created new log segment /workdir/hadoop-ozone/integration-test/target/test-dir/MiniOzoneClusterImpl-e050bc9f-bc6f-41bc-b4ec-06bc364a309b/datanode-3/data/ratis/789e9284-15a1-44bb-81b6-43691d6e318f/current/log_inprogress_0
2019-07-30 22:29:34,911 INFO  segmented.SegmentedRaftLogWorker (SegmentedRaftLogWorker.java:execute(569)) - 8348d7a9-b426-4f67-be3c-60ab6b153275-SegmentedRaftLogWorker:Storage Directory /workdir/hadoop-ozone/integration-test/target/test-dir/MiniOzoneClusterImpl-e050bc9f-bc6f-41bc-b4ec-06bc364a309b/datanode-4/data/ratis/789e9284-15a1-44bb-81b6-43691d6e318f: created new log segment /workdir/hadoop-ozone/integration-test/target/test-dir/MiniOzoneClusterImpl-e050bc9f-bc6f-41bc-b4ec-06bc364a309b/datanode-4/data/ratis/789e9284-15a1-44bb-81b6-43691d6e318f/current/log_inprogress_0
2019-07-30 22:29:34,911 INFO  segmented.SegmentedRaftLogWorker (SegmentedRaftLogWorker.java:execute(569)) - fab4dddb-d173-428b-9ff2-3a506c379182-SegmentedRaftLogWorker:Storage Directory /workdir/hadoop-ozone/integration-test/target/test-dir/MiniOzoneClusterImpl-e050bc9f-bc6f-41bc-b4ec-06bc364a309b/datanode-6/data/ratis/5d320c27-c81d-4f0c-82ee-bb8a99eadeb9: created new log segment /workdir/hadoop-ozone/integration-test/target/test-dir/MiniOzoneClusterImpl-e050bc9f-bc6f-41bc-b4ec-06bc364a309b/datanode-6/data/ratis/5d320c27-c81d-4f0c-82ee-bb8a99eadeb9/current/log_inprogress_0
2019-07-30 22:29:35,018 INFO  client.GrpcClientProtocolClient (GrpcClientProtocolClient.java:onNext(255)) - client-0103CE016138->1cf89b6a-11ba-4732-a060-c94e1cf1c9e4: receive RaftClientReply:client-0103CE016138->1cf89b6a-11ba-4732-a060-c94e1cf1c9e4@group-22E2BEBCA6C5, cid=42, SUCCESS, logIndex=1, commits[1cf89b6a-11ba-4732-a060-c94e1cf1c9e4:c2, d6639fa8-6d46-45c5-857d-997a31ce3427:c1, f83802d5-fd97-4202-8f70-b9a576172424:c1]
2019-07-30 22:29:35,093 INFO  client.GrpcClientProtocolClient (GrpcClientProtocolClient.java:onNext(255)) - client-0103CE016138->1cf89b6a-11ba-4732-a060-c94e1cf1c9e4: receive RaftClientReply:client-0103CE016138->1cf89b6a-11ba-4732-a060-c94e1cf1c9e4@group-22E2BEBCA6C5, cid=43, SUCCESS, logIndex=3, commits[1cf89b6a-11ba-4732-a060-c94e1cf1c9e4:c4, d6639fa8-6d46-45c5-857d-997a31ce3427:c3, f83802d5-fd97-4202-8f70-b9a576172424:c3]
2019-07-30 22:29:35,159 INFO  client.GrpcClientProtocolClient (GrpcClientProtocolClient.java:onNext(255)) - client-0103CE016138->1cf89b6a-11ba-4732-a060-c94e1cf1c9e4: receive RaftClientReply:client-0103CE016138->1cf89b6a-11ba-4732-a060-c94e1cf1c9e4@group-22E2BEBCA6C5, cid=44, SUCCESS, logIndex=5, commits[1cf89b6a-11ba-4732-a060-c94e1cf1c9e4:c6, d6639fa8-6d46-45c5-857d-997a31ce3427:c5, f83802d5-fd97-4202-8f70-b9a576172424:c5]
2019-07-30 22:29:35,180 INFO  client.GrpcClientProtocolClient (GrpcClientProtocolClient.java:onNext(255)) - client-0103CE016138->1cf89b6a-11ba-4732-a060-c94e1cf1c9e4: receive RaftClientReply:client-0103CE016138->1cf89b6a-11ba-4732-a060-c94e1cf1c9e4@group-22E2BEBCA6C5, cid=45, FAILED org.apache.ratis.protocol.StateMachineException: java.util.concurrent.CompletionException: java.lang.IllegalArgumentException, logIndex=7, commits[1cf89b6a-11ba-4732-a060-c94e1cf1c9e4:c7, d6639fa8-6d46-45c5-857d-997a31ce3427:c6, f83802d5-fd97-4202-8f70-b9a576172424:c6]
2019-07-30 22:29:35,184 INFO  ozone.MiniOzoneClusterImpl (MiniOzoneClusterImpl.java:shutdown(321)) - Shutting down the Mini Ozone Cluster
2019-07-30 22:29:35,185 INFO  ozone.MiniOzoneClusterImpl (MiniOzoneClusterImpl.java:stop(336)) - Stopping the Mini Ozone Cluster
2019-07-30 22:29:35,185 INFO  ozone.MiniOzoneClusterImpl (MiniOzoneClusterImpl.java:stop(338)) - Stopping the OzoneManager
2019-07-30 22:29:35,185 INFO  ipc.Server (Server.java:stop(3082)) - Stopping server on 42715
2019-07-30 22:29:35,196 INFO  ipc.Server (Server.java:run(1185)) - Stopping IPC Server listener on 42715
2019-07-30 22:29:35,199 INFO  ipc.Server (Server.java:run(1319)) - Stopping IPC Server Responder
2019-07-30 22:29:35,198 INFO  utils.BackgroundService (BackgroundService.java:shutdown(148)) - Shutting down service KeyDeletingService
2019-07-30 22:29:35,215 INFO  handler.ContextHandler (ContextHandler.java:doStop(910)) - Stopped o.e.j.w.WebAppContext@6d17914a{/,null,UNAVAILABLE}{/ozoneManager}
2019-07-30 22:29:35,216 INFO  server.AbstractConnector (AbstractConnector.java:doStop(318)) - Stopped ServerConnector@49631cfb{HTTP/1.1,[http/1.1]}{0.0.0.0:0}
2019-07-30 22:29:35,217 INFO  handler.ContextHandler (ContextHandler.java:doStop(910)) - Stopped o.e.j.s.ServletContextHandler@44864536{/static,file:///workdir/hadoop-ozone/integration-test/target/test-classes/webapps/static,UNAVAILABLE}
2019-07-30 22:29:35,217 INFO  handler.ContextHandler (ContextHandler.java:doStop(910)) - Stopped o.e.j.s.ServletContextHandler@1657b017{/logs,file:///workdir/hadoop-ozone/integration-test/target/log,UNAVAILABLE}
2019-07-30 22:29:35,220 INFO  ozone.MiniOzoneClusterImpl (MiniOzoneClusterImpl.java:stop(344)) - Shutting the HddsDatanodes
2019-07-30 22:29:35,221 INFO  datanode.ObjectStoreHandler (ObjectStoreHandler.java:close(155)) - Closing ObjectStoreHandler.
2019-07-30 22:29:35,221 INFO  datanode.ObjectStoreHandler (ObjectStoreHandler.java:close(155)) - Closing ObjectStoreHandler.
2019-07-30 22:29:35,222 INFO  ozone.HddsDatanodeService (HddsDatanodeService.java:stop(451)) - Stopped plug-in org.apache.hadoop.ozone.web.OzoneHddsDatanodeService@54496c2d
2019-07-30 22:29:35,222 INFO  ozone.HddsDatanodeService (HddsDatanodeService.java:stop(451)) - Stopped plug-in org.apache.hadoop.ozone.web.OzoneHddsDatanodeService@6728370a
2019-07-30 22:29:35,398 INFO  statemachine.DatanodeStateMachine (DatanodeStateMachine.java:lambda$startDaemon$0(350)) - Ozone container server started.
2019-07-30 22:29:36,177 INFO  statemachine.DatanodeStateMachine (DatanodeStateMachine.java:lambda$startDaemon$0(350)) - Ozone container server started.
2019-07-30 22:29:40,223 INFO  ozoneimpl.OzoneContainer (OzoneContainer.java:stop(199)) - Attempting to stop container services.
2019-07-30 22:29:40,223 INFO  ozoneimpl.OzoneContainer (OzoneContainer.java:stop(199)) - Attempting to stop container services.
2019-07-30 22:29:40,224 INFO  impl.RaftServerProxy (RaftServerProxy.java:lambda$close$4(314)) - 8348d7a9-b426-4f67-be3c-60ab6b153275: close
2019-07-30 22:29:40,224 INFO  impl.RaftServerProxy (RaftServerProxy.java:lambda$close$4(314)) - f83802d5-fd97-4202-8f70-b9a576172424: close
2019-07-30 22:29:40,224 INFO  impl.RaftServerImpl (RaftServerImpl.java:lambda$shutdown$3(245)) - 8348d7a9-b426-4f67-be3c-60ab6b153275: shutdown group-9A783A0EC0BB
2019-07-30 22:29:40,224 INFO  impl.RaftServerImpl (RaftServerImpl.java:lambda$shutdown$3(245)) - f83802d5-fd97-4202-8f70-b9a576172424: shutdown group-22E2BEBCA6C5
2019-07-30 22:29:40,225 INFO  util.JmxRegister (JmxRegister.java:unregister(73)) - Successfully un-registered JMX Bean with object name Ratis:service=RaftServer,group=group-9A783A0EC0BB,id=8348d7a9-b426-4f67-be3c-60ab6b153275
2019-07-30 22:29:40,226 INFO  impl.RoleInfo (RoleInfo.java:shutdownLeaderState(104)) - 8348d7a9-b426-4f67-be3c-60ab6b153275: shutdown LeaderState
2019-07-30 22:29:40,225 INFO  util.JmxRegister (JmxRegister.java:unregister(73)) - Successfully un-registered JMX Bean with object name Ratis:service=RaftServer,group=group-22E2BEBCA6C5,id=f83802d5-fd97-4202-8f70-b9a576172424
2019-07-30 22:29:40,226 INFO  impl.PendingRequests (PendingRequests.java:sendNotLeaderResponses(202)) - 8348d7a9-b426-4f67-be3c-60ab6b153275-PendingRequests: sendNotLeaderResponses
2019-07-30 22:29:40,227 INFO  impl.RoleInfo (RoleInfo.java:shutdownFollowerState(121)) - f83802d5-fd97-4202-8f70-b9a576172424: shutdown FollowerState
2019-07-30 22:29:40,227 INFO  impl.StateMachineUpdater (StateMachineUpdater.java:stopAndJoin(115)) - StateMachineUpdater:8348d7a9-b426-4f67-be3c-60ab6b153275:group-9A783A0EC0BB: set stopIndex = 0
2019-07-30 22:29:40,232 INFO  impl.FollowerState (FollowerState.java:run(114)) - f83802d5-fd97-4202-8f70-b9a576172424: FollowerState was interrupted: java.lang.InterruptedException: sleep interrupted
2019-07-30 22:29:40,232 INFO  ratis.ContainerStateMachine (ContainerStateMachine.java:takeSnapshot(262)) - group-22E2BEBCA6C5: Taking a snapshot at:(t:1, i:6) file /workdir/hadoop-ozone/integration-test/target/test-dir/MiniOzoneClusterImpl-e050bc9f-bc6f-41bc-b4ec-06bc364a309b/datanode-1/data/ratis/1ae44070-12ca-4fbc-9329-22e2bebca6c5/sm/snapshot.1_6
2019-07-30 22:29:40,231 INFO  impl.StateMachineUpdater (StateMachineUpdater.java:stopAndJoin(115)) - StateMachineUpdater:f83802d5-fd97-4202-8f70-b9a576172424:group-22E2BEBCA6C5: set stopIndex = 8
2019-07-30 22:29:40,232 INFO  impl.RaftServerImpl (ServerState.java:close(394)) - 8348d7a9-b426-4f67-be3c-60ab6b153275:group-9A783A0EC0BB closes. The last applied log index is 0
2019-07-30 22:29:40,238 INFO  segmented.SegmentedRaftLogWorker (SegmentedRaftLogWorker.java:run(313)) - 8348d7a9-b426-4f67-be3c-60ab6b153275-SegmentedRaftLogWorker:Storage Directory /workdir/hadoop-ozone/integration-test/target/test-dir/MiniOzoneClusterImpl-e050bc9f-bc6f-41bc-b4ec-06bc364a309b/datanode-4/data/ratis/01acdf26-7b9a-4d71-bfe7-9a783a0ec0bb was interrupted, exiting. There are 0 tasks remaining in the queue.
2019-07-30 22:29:40,240 INFO  segmented.SegmentedRaftLogWorker (SegmentedRaftLogWorker.java:close(228)) - 8348d7a9-b426-4f67-be3c-60ab6b153275-SegmentedRaftLogWorker:Storage Directory /workdir/hadoop-ozone/integration-test/target/test-dir/MiniOzoneClusterImpl-e050bc9f-bc6f-41bc-b4ec-06bc364a309b/datanode-4/data/ratis/01acdf26-7b9a-4d71-bfe7-9a783a0ec0bb close()
2019-07-30 22:29:40,245 INFO  impl.RaftServerImpl (RaftServerImpl.java:lambda$shutdown$3(245)) - 8348d7a9-b426-4f67-be3c-60ab6b153275: shutdown group-43691D6E318F
2019-07-30 22:29:40,245 INFO  ratis.ContainerStateMachine (ContainerStateMachine.java:takeSnapshot(273)) - group-22E2BEBCA6C5: Finished taking a snapshot at:(t:1, i:6) file:/workdir/hadoop-ozone/integration-test/target/test-dir/MiniOzoneClusterImpl-e050bc9f-bc6f-41bc-b4ec-06bc364a309b/datanode-1/data/ratis/1ae44070-12ca-4fbc-9329-22e2bebca6c5/sm/snapshot.1_6 time:14
2019-07-30 22:29:40,245 INFO  util.JmxRegister (JmxRegister.java:unregister(73)) - Successfully un-registered JMX Bean with object name Ratis:service=RaftServer,group=group-43691D6E318F,id=8348d7a9-b426-4f67-be3c-60ab6b153275
2019-07-30 22:29:40,246 INFO  impl.RoleInfo (RoleInfo.java:shutdownFollowerState(121)) - 8348d7a9-b426-4f67-be3c-60ab6b153275: shutdown FollowerState
2019-07-30 22:29:40,246 INFO  impl.StateMachineUpdater (StateMachineUpdater.java:stopAndJoin(115)) - StateMachineUpdater:8348d7a9-b426-4f67-be3c-60ab6b153275:group-43691D6E318F: set stopIndex = 0
2019-07-30 22:29:40,249 INFO  impl.RaftServerImpl (ServerState.java:close(394)) - 8348d7a9-b426-4f67-be3c-60ab6b153275:group-43691D6E318F closes. The last applied log index is 0
2019-07-30 22:29:40,245 INFO  impl.StateMachineUpdater (StateMachineUpdater.java:takeSnapshot(242)) - StateMachineUpdater:f83802d5-fd97-4202-8f70-b9a576172424:group-22E2BEBCA6C5: Took a snapshot at index 6
2019-07-30 22:29:40,249 INFO  segmented.SegmentedRaftLogWorker (SegmentedRaftLogWorker.java:run(313)) - 8348d7a9-b426-4f67-be3c-60ab6b153275-SegmentedRaftLogWorker:Storage Directory /workdir/hadoop-ozone/integration-test/target/test-dir/MiniOzoneClusterImpl-e050bc9f-bc6f-41bc-b4ec-06bc364a309b/datanode-4/data/ratis/789e9284-15a1-44bb-81b6-43691d6e318f was interrupted, exiting. There are 0 tasks remaining in the queue.
2019-07-30 22:29:40,249 INFO  impl.StateMachineUpdater (StateMachineUpdater.java:lambda$new$0(80)) - StateMachineUpdater:f83802d5-fd97-4202-8f70-b9a576172424:group-22E2BEBCA6C5: snapshotIndex: updateIncreasingly -1 -> 6
2019-07-30 22:29:40,252 INFO  segmented.SegmentedRaftLogWorker (SegmentedRaftLogWorker.java:close(228)) - 8348d7a9-b426-4f67-be3c-60ab6b153275-SegmentedRaftLogWorker:Storage Directory /workdir/hadoop-ozone/integration-test/target/test-dir/MiniOzoneClusterImpl-e050bc9f-bc6f-41bc-b4ec-06bc364a309b/datanode-4/data/ratis/789e9284-15a1-44bb-81b6-43691d6e318f close()
2019-07-30 22:29:40,246 INFO  impl.FollowerState (FollowerState.java:run(114)) - 8348d7a9-b426-4f67-be3c-60ab6b153275: FollowerState was interrupted: java.lang.InterruptedException: sleep interrupted
2019-07-30 22:29:40,257 INFO  impl.RaftServerImpl (ServerState.java:close(394)) - f83802d5-fd97-4202-8f70-b9a576172424:group-22E2BEBCA6C5 closes. The last applied log index is 8
2019-07-30 22:29:40,256 INFO  server.GrpcService (GrpcService.java:closeImpl(155)) - 8348d7a9-b426-4f67-be3c-60ab6b153275: shutdown server with port 39014 now
2019-07-30 22:29:40,259 INFO  segmented.SegmentedRaftLogWorker (SegmentedRaftLogWorker.java:run(313)) - f83802d5-fd97-4202-8f70-b9a576172424-SegmentedRaftLogWorker:Storage Directory /workdir/hadoop-ozone/integration-test/target/test-dir/MiniOzoneClusterImpl-e050bc9f-bc6f-41bc-b4ec-06bc364a309b/datanode-1/data/ratis/1ae44070-12ca-4fbc-9329-22e2bebca6c5 was interrupted, exiting. There are 0 tasks remaining in the queue.
2019-07-30 22:29:40,262 INFO  segmented.SegmentedRaftLogWorker (SegmentedRaftLogWorker.java:close(228)) - f83802d5-fd97-4202-8f70-b9a576172424-SegmentedRaftLogWorker:Storage Directory /workdir/hadoop-ozone/integration-test/target/test-dir/MiniOzoneClusterImpl-e050bc9f-bc6f-41bc-b4ec-06bc364a309b/datanode-1/data/ratis/1ae44070-12ca-4fbc-9329-22e2bebca6c5 close()
2019-07-30 22:29:40,266 INFO  impl.RaftServerImpl (RaftServerImpl.java:lambda$shutdown$3(245)) - f83802d5-fd97-4202-8f70-b9a576172424: shutdown group-7125674E77D1
2019-07-30 22:29:40,266 WARN  server.GrpcServerProtocolService (LogUtils.java:warn(134)) - 8348d7a9-b426-4f67-be3c-60ab6b153275: appendEntries onError: org.apache.ratis.thirdparty.io.grpc.StatusRuntimeException: CANCELLED: cancelled before receiving half close
2019-07-30 22:29:40,267 WARN  server.GrpcLogAppender (LogUtils.java:warn(134)) - 382046bb-dbfe-4c16-a95c-2b1aff15a13d->8348d7a9-b426-4f67-be3c-60ab6b153275: Failed appendEntries: org.apache.ratis.thirdparty.io.grpc.StatusRuntimeException: CANCELLED: HTTP/2 error code: CANCEL
Received Rst Stream
2019-07-30 22:29:40,267 INFO  util.JmxRegister (JmxRegister.java:unregister(73)) - Successfully un-registered JMX Bean with object name Ratis:service=RaftServer,group=group-7125674E77D1,id=f83802d5-fd97-4202-8f70-b9a576172424
2019-07-30 22:29:40,267 INFO  server.GrpcService (GrpcService.java:closeImpl(163)) - 8348d7a9-b426-4f67-be3c-60ab6b153275: shutdown server with port 39014 successfully
2019-07-30 22:29:40,269 INFO  impl.FollowerInfo (FollowerInfo.java:lambda$new$0(50)) - 382046bb-dbfe-4c16-a95c-2b1aff15a13d->8348d7a9-b426-4f67-be3c-60ab6b153275: nextIndex: updateUnconditionally 1 -> 0
2019-07-30 22:29:40,269 INFO  impl.RoleInfo (RoleInfo.java:shutdownLeaderState(104)) - f83802d5-fd97-4202-8f70-b9a576172424: shutdown LeaderState
2019-07-30 22:29:40,270 INFO  impl.PendingRequests (PendingRequests.java:sendNotLeaderResponses(202)) - f83802d5-fd97-4202-8f70-b9a576172424-PendingRequests: sendNotLeaderResponses
2019-07-30 22:29:40,271 INFO  impl.StateMachineUpdater (StateMachineUpdater.java:stopAndJoin(115)) - StateMachineUpdater:f83802d5-fd97-4202-8f70-b9a576172424:group-7125674E77D1: set stopIndex = 0
2019-07-30 22:29:40,281 INFO  impl.RaftServerImpl (ServerState.java:close(394)) - f83802d5-fd97-4202-8f70-b9a576172424:group-7125674E77D1 closes. The last applied log index is 0
2019-07-30 22:29:40,281 INFO  segmented.SegmentedRaftLogWorker (SegmentedRaftLogWorker.java:run(313)) - f83802d5-fd97-4202-8f70-b9a576172424-SegmentedRaftLogWorker:Storage Directory /workdir/hadoop-ozone/integration-test/target/test-dir/MiniOzoneClusterImpl-e050bc9f-bc6f-41bc-b4ec-06bc364a309b/datanode-1/data/ratis/bb09681d-6bf0-4d3c-bfca-7125674e77d1 was interrupted, exiting. There are 0 tasks remaining in the queue.
2019-07-30 22:29:40,283 INFO  segmented.SegmentedRaftLogWorker (SegmentedRaftLogWorker.java:close(228)) - f83802d5-fd97-4202-8f70-b9a576172424-SegmentedRaftLogWorker:Storage Directory /workdir/hadoop-ozone/integration-test/target/test-dir/MiniOzoneClusterImpl-e050bc9f-bc6f-41bc-b4ec-06bc364a309b/datanode-1/data/ratis/bb09681d-6bf0-4d3c-bfca-7125674e77d1 close()
2019-07-30 22:29:40,291 INFO  server.GrpcService (GrpcService.java:closeImpl(155)) - f83802d5-fd97-4202-8f70-b9a576172424: shutdown server with port 46303 now
2019-07-30 22:29:40,292 WARN  server.GrpcServerProtocolService (LogUtils.java:warn(134)) - f83802d5-fd97-4202-8f70-b9a576172424: appendEntries onError: org.apache.ratis.thirdparty.io.grpc.StatusRuntimeException: CANCELLED: cancelled before receiving half close
2019-07-30 22:29:40,293 INFO  server.GrpcService (GrpcService.java:closeImpl(163)) - f83802d5-fd97-4202-8f70-b9a576172424: shutdown server with port 46303 successfully
2019-07-30 22:29:40,293 WARN  server.GrpcLogAppender (LogUtils.java:warn(134)) - 1cf89b6a-11ba-4732-a060-c94e1cf1c9e4->f83802d5-fd97-4202-8f70-b9a576172424: Failed appendEntries: org.apache.ratis.thirdparty.io.grpc.StatusRuntimeException: CANCELLED: HTTP/2 error code: CANCEL
Received Rst Stream
2019-07-30 22:29:40,295 INFO  impl.FollowerInfo (FollowerInfo.java:lambda$new$0(50)) - 1cf89b6a-11ba-4732-a060-c94e1cf1c9e4->f83802d5-fd97-4202-8f70-b9a576172424: nextIndex: updateUnconditionally 9 -> 8
2019-07-30 22:29:40,296 INFO  utils.BackgroundService (BackgroundService.java:shutdown(148)) - Shutting down service BlockDeletingService
2019-07-30 22:29:40,297 WARN  fs.CachingGetSpaceUsed (CachingGetSpaceUsed.java:run(183)) - Thread Interrupted waiting to refresh disk information: sleep interrupted
2019-07-30 22:29:40,298 INFO  utils.BackgroundService (BackgroundService.java:shutdown(148)) - Shutting down service BlockDeletingService
2019-07-30 22:29:40,301 WARN  fs.CachingGetSpaceUsed (CachingGetSpaceUsed.java:run(183)) - Thread Interrupted waiting to refresh disk information: sleep interrupted
2019-07-30 22:29:40,318 INFO  statemachine.DatanodeStateMachine (DatanodeStateMachine.java:stopDaemon(395)) - Ozone container server stopped.
2019-07-30 22:29:40,319 INFO  handler.ContextHandler (ContextHandler.java:doStop(910)) - Stopped o.e.j.w.WebAppContext@713e7d9a{/,null,UNAVAILABLE}{/hddsDatanode}
2019-07-30 22:29:40,320 INFO  server.AbstractConnector (AbstractConnector.java:doStop(318)) - Stopped ServerConnector@681d704e{HTTP/1.1,[http/1.1]}{0.0.0.0:0}
2019-07-30 22:29:40,322 INFO  handler.ContextHandler (ContextHandler.java:doStop(910)) - Stopped o.e.j.s.ServletContextHandler@3221588e{/static,jar:file:/home/user/.m2/repository/org/apache/hadoop/hadoop-hdds-container-service/0.4.1-SNAPSHOT/hadoop-hdds-container-service-0.4.1-SNAPSHOT.jar!/webapps/static,UNAVAILABLE}
2019-07-30 22:29:40,324 INFO  statemachine.DatanodeStateMachine (DatanodeStateMachine.java:stopDaemon(395)) - Ozone container server stopped.
2019-07-30 22:29:40,324 INFO  handler.ContextHandler (ContextHandler.java:doStop(910)) - Stopped o.e.j.s.ServletContextHandler@4cd5fc46{/logs,file:///workdir/hadoop-ozone/integration-test/target/log,UNAVAILABLE}
2019-07-30 22:29:40,328 INFO  handler.ContextHandler (ContextHandler.java:doStop(910)) - Stopped o.e.j.w.WebAppContext@67d5ac2f{/,null,UNAVAILABLE}{/hddsDatanode}
2019-07-30 22:29:40,329 INFO  server.AbstractConnector (AbstractConnector.java:doStop(318)) - Stopped ServerConnector@25109608{HTTP/1.1,[http/1.1]}{0.0.0.0:0}
2019-07-30 22:29:40,329 INFO  datanode.ObjectStoreHandler (ObjectStoreHandler.java:close(155)) - Closing ObjectStoreHandler.
2019-07-30 22:29:40,331 INFO  handler.ContextHandler (ContextHandler.java:doStop(910)) - Stopped o.e.j.s.ServletContextHandler@121ddca4{/static,jar:file:/home/user/.m2/repository/org/apache/hadoop/hadoop-hdds-container-service/0.4.1-SNAPSHOT/hadoop-hdds-container-service-0.4.1-SNAPSHOT.jar!/webapps/static,UNAVAILABLE}
2019-07-30 22:29:40,331 INFO  ozone.HddsDatanodeService (HddsDatanodeService.java:stop(451)) - Stopped plug-in org.apache.hadoop.ozone.web.OzoneHddsDatanodeService@e706aa
2019-07-30 22:29:40,332 INFO  handler.ContextHandler (ContextHandler.java:doStop(910)) - Stopped o.e.j.s.ServletContextHandler@40bf0e15{/logs,file:///workdir/hadoop-ozone/integration-test/target/log,UNAVAILABLE}
2019-07-30 22:29:40,334 INFO  datanode.ObjectStoreHandler (ObjectStoreHandler.java:close(155)) - Closing ObjectStoreHandler.
2019-07-30 22:29:40,334 INFO  ozone.HddsDatanodeService (HddsDatanodeService.java:stop(451)) - Stopped plug-in org.apache.hadoop.ozone.web.OzoneHddsDatanodeService@60ae7cf2
2019-07-30 22:29:41,095 INFO  statemachine.DatanodeStateMachine (DatanodeStateMachine.java:lambda$startDaemon$0(350)) - Ozone container server started.
2019-07-30 22:29:41,178 INFO  statemachine.DatanodeStateMachine (DatanodeStateMachine.java:lambda$startDaemon$0(350)) - Ozone container server started.
2019-07-30 22:29:42,424 WARN  server.GrpcLogAppender (LogUtils.java:warn(134)) - 382046bb-dbfe-4c16-a95c-2b1aff15a13d->8348d7a9-b426-4f67-be3c-60ab6b153275: Failed appendEntries: org.apache.ratis.thirdparty.io.grpc.StatusRuntimeException: UNAVAILABLE: io exception
2019-07-30 22:29:42,428 INFO  impl.FollowerInfo (FollowerInfo.java:lambda$new$0(50)) - 382046bb-dbfe-4c16-a95c-2b1aff15a13d->8348d7a9-b426-4f67-be3c-60ab6b153275: nextIndex: updateUnconditionally 0 -> 0
2019-07-30 22:29:42,685 WARN  server.GrpcLogAppender (LogUtils.java:warn(134)) - 1cf89b6a-11ba-4732-a060-c94e1cf1c9e4->f83802d5-fd97-4202-8f70-b9a576172424: Failed appendEntries: org.apache.ratis.thirdparty.io.grpc.StatusRuntimeException: UNAVAILABLE: io exception
2019-07-30 22:29:42,688 INFO  impl.FollowerInfo (FollowerInfo.java:lambda$new$0(50)) - 1cf89b6a-11ba-4732-a060-c94e1cf1c9e4->f83802d5-fd97-4202-8f70-b9a576172424: nextIndex: updateUnconditionally 8 -> 7
2019-07-30 22:29:44,925 WARN  server.GrpcLogAppender (LogUtils.java:warn(134)) - 382046bb-dbfe-4c16-a95c-2b1aff15a13d->8348d7a9-b426-4f67-be3c-60ab6b153275: Failed appendEntries: org.apache.ratis.thirdparty.io.grpc.StatusRuntimeException: UNAVAILABLE: io exception
2019-07-30 22:29:44,928 INFO  impl.FollowerInfo (FollowerInfo.java:lambda$new$0(50)) - 382046bb-dbfe-4c16-a95c-2b1aff15a13d->8348d7a9-b426-4f67-be3c-60ab6b153275: nextIndex: updateUnconditionally 0 -> 0
2019-07-30 22:29:45,187 WARN  server.GrpcLogAppender (LogUtils.java:warn(134)) - 1cf89b6a-11ba-4732-a060-c94e1cf1c9e4->f83802d5-fd97-4202-8f70-b9a576172424: Failed appendEntries: org.apache.ratis.thirdparty.io.grpc.StatusRuntimeException: UNAVAILABLE: io exception
2019-07-30 22:29:45,190 INFO  impl.FollowerInfo (FollowerInfo.java:lambda$new$0(50)) - 1cf89b6a-11ba-4732-a060-c94e1cf1c9e4->f83802d5-fd97-4202-8f70-b9a576172424: nextIndex: updateUnconditionally 7 -> 6
2019-07-30 22:29:45,333 INFO  ozoneimpl.OzoneContainer (OzoneContainer.java:stop(199)) - Attempting to stop container services.
2019-07-30 22:29:45,334 INFO  impl.RaftServerProxy (RaftServerProxy.java:lambda$close$4(314)) - 1e19a2b1-49d0-4e7a-aecd-0cd783192e71: close
2019-07-30 22:29:45,334 INFO  impl.RaftServerImpl (RaftServerImpl.java:lambda$shutdown$3(245)) - 1e19a2b1-49d0-4e7a-aecd-0cd783192e71: shutdown group-D1B940B8ABE1
2019-07-30 22:29:45,335 INFO  util.JmxRegister (JmxRegister.java:unregister(73)) - Successfully un-registered JMX Bean with object name Ratis:service=RaftServer,group=group-D1B940B8ABE1,id=1e19a2b1-49d0-4e7a-aecd-0cd783192e71
2019-07-30 22:29:45,335 INFO  ozoneimpl.OzoneContainer (OzoneContainer.java:stop(199)) - Attempting to stop container services.
2019-07-30 22:29:45,335 INFO  impl.RoleInfo (RoleInfo.java:shutdownLeaderState(104)) - 1e19a2b1-49d0-4e7a-aecd-0cd783192e71: shutdown LeaderState
2019-07-30 22:29:45,335 INFO  impl.RaftServerProxy (RaftServerProxy.java:lambda$close$4(314)) - d6639fa8-6d46-45c5-857d-997a31ce3427: close
2019-07-30 22:29:45,336 INFO  impl.PendingRequests (PendingRequests.java:sendNotLeaderResponses(202)) - 1e19a2b1-49d0-4e7a-aecd-0cd783192e71-PendingRequests: sendNotLeaderResponses
2019-07-30 22:29:45,336 INFO  impl.RaftServerImpl (RaftServerImpl.java:lambda$shutdown$3(245)) - d6639fa8-6d46-45c5-857d-997a31ce3427: shutdown group-22E2BEBCA6C5
2019-07-30 22:29:45,337 INFO  impl.StateMachineUpdater (StateMachineUpdater.java:stopAndJoin(115)) - StateMachineUpdater:1e19a2b1-49d0-4e7a-aecd-0cd783192e71:group-D1B940B8ABE1: set stopIndex = 0
2019-07-30 22:29:45,337 INFO  util.JmxRegister (JmxRegister.java:unregister(73)) - Successfully un-registered JMX Bean with object name Ratis:service=RaftServer,group=group-22E2BEBCA6C5,id=d6639fa8-6d46-45c5-857d-997a31ce3427
2019-07-30 22:29:45,337 INFO  impl.RaftServerImpl (ServerState.java:close(394)) - 1e19a2b1-49d0-4e7a-aecd-0cd783192e71:group-D1B940B8ABE1 closes. The last applied log index is 0
2019-07-30 22:29:45,337 INFO  impl.RoleInfo (RoleInfo.java:shutdownFollowerState(121)) - d6639fa8-6d46-45c5-857d-997a31ce3427: shutdown FollowerState
2019-07-30 22:29:45,338 INFO  segmented.SegmentedRaftLogWorker (SegmentedRaftLogWorker.java:run(313)) - 1e19a2b1-49d0-4e7a-aecd-0cd783192e71-SegmentedRaftLogWorker:Storage Directory /workdir/hadoop-ozone/integration-test/target/test-dir/MiniOzoneClusterImpl-e050bc9f-bc6f-41bc-b4ec-06bc364a309b/datanode-3/data/ratis/fefa25ad-8fbd-4408-a527-d1b940b8abe1 was interrupted, exiting. There are 0 tasks remaining in the queue.
2019-07-30 22:29:45,338 INFO  ratis.ContainerStateMachine (ContainerStateMachine.java:takeSnapshot(262)) - group-22E2BEBCA6C5: Taking a snapshot at:(t:1, i:6) file /workdir/hadoop-ozone/integration-test/target/test-dir/MiniOzoneClusterImpl-e050bc9f-bc6f-41bc-b4ec-06bc364a309b/datanode-2/data/ratis/1ae44070-12ca-4fbc-9329-22e2bebca6c5/sm/snapshot.1_6
2019-07-30 22:29:45,338 INFO  impl.FollowerState (FollowerState.java:run(114)) - d6639fa8-6d46-45c5-857d-997a31ce3427: FollowerState was interrupted: java.lang.InterruptedException: sleep interrupted
2019-07-30 22:29:45,338 INFO  impl.StateMachineUpdater (StateMachineUpdater.java:stopAndJoin(115)) - StateMachineUpdater:d6639fa8-6d46-45c5-857d-997a31ce3427:group-22E2BEBCA6C5: set stopIndex = 8
2019-07-30 22:29:45,341 INFO  segmented.SegmentedRaftLogWorker (SegmentedRaftLogWorker.java:close(228)) - 1e19a2b1-49d0-4e7a-aecd-0cd783192e71-SegmentedRaftLogWorker:Storage Directory /workdir/hadoop-ozone/integration-test/target/test-dir/MiniOzoneClusterImpl-e050bc9f-bc6f-41bc-b4ec-06bc364a309b/datanode-3/data/ratis/fefa25ad-8fbd-4408-a527-d1b940b8abe1 close()
2019-07-30 22:29:45,346 INFO  impl.RaftServerImpl (RaftServerImpl.java:lambda$shutdown$3(245)) - 1e19a2b1-49d0-4e7a-aecd-0cd783192e71: shutdown group-43691D6E318F
2019-07-30 22:29:45,346 INFO  util.JmxRegister (JmxRegister.java:unregister(73)) - Successfully un-registered JMX Bean with object name Ratis:service=RaftServer,group=group-43691D6E318F,id=1e19a2b1-49d0-4e7a-aecd-0cd783192e71
2019-07-30 22:29:45,347 INFO  impl.RoleInfo (RoleInfo.java:shutdownFollowerState(121)) - 1e19a2b1-49d0-4e7a-aecd-0cd783192e71: shutdown FollowerState
2019-07-30 22:29:45,347 INFO  impl.StateMachineUpdater (StateMachineUpdater.java:stopAndJoin(115)) - StateMachineUpdater:1e19a2b1-49d0-4e7a-aecd-0cd783192e71:group-43691D6E318F: set stopIndex = 0
2019-07-30 22:29:45,347 INFO  impl.FollowerState (FollowerState.java:run(114)) - 1e19a2b1-49d0-4e7a-aecd-0cd783192e71: FollowerState was interrupted: java.lang.InterruptedException: sleep interrupted
2019-07-30 22:29:45,348 INFO  impl.RaftServerImpl (ServerState.java:close(394)) - 1e19a2b1-49d0-4e7a-aecd-0cd783192e71:group-43691D6E318F closes. The last applied log index is 0
2019-07-30 22:29:45,350 INFO  segmented.SegmentedRaftLogWorker (SegmentedRaftLogWorker.java:run(313)) - 1e19a2b1-49d0-4e7a-aecd-0cd783192e71-SegmentedRaftLogWorker:Storage Directory /workdir/hadoop-ozone/integration-test/target/test-dir/MiniOzoneClusterImpl-e050bc9f-bc6f-41bc-b4ec-06bc364a309b/datanode-3/data/ratis/789e9284-15a1-44bb-81b6-43691d6e318f was interrupted, exiting. There are 0 tasks remaining in the queue.
2019-07-30 22:29:45,353 INFO  segmented.SegmentedRaftLogWorker (SegmentedRaftLogWorker.java:close(228)) - 1e19a2b1-49d0-4e7a-aecd-0cd783192e71-SegmentedRaftLogWorker:Storage Directory /workdir/hadoop-ozone/integration-test/target/test-dir/MiniOzoneClusterImpl-e050bc9f-bc6f-41bc-b4ec-06bc364a309b/datanode-3/data/ratis/789e9284-15a1-44bb-81b6-43691d6e318f close()
2019-07-30 22:29:45,354 INFO  ratis.ContainerStateMachine (ContainerStateMachine.java:takeSnapshot(273)) - group-22E2BEBCA6C5: Finished taking a snapshot at:(t:1, i:6) file:/workdir/hadoop-ozone/integration-test/target/test-dir/MiniOzoneClusterImpl-e050bc9f-bc6f-41bc-b4ec-06bc364a309b/datanode-2/data/ratis/1ae44070-12ca-4fbc-9329-22e2bebca6c5/sm/snapshot.1_6 time:16
2019-07-30 22:29:45,356 INFO  server.GrpcService (GrpcService.java:closeImpl(155)) - 1e19a2b1-49d0-4e7a-aecd-0cd783192e71: shutdown server with port 40318 now
2019-07-30 22:29:45,356 INFO  impl.StateMachineUpdater (StateMachineUpdater.java:takeSnapshot(242)) - StateMachineUpdater:d6639fa8-6d46-45c5-857d-997a31ce3427:group-22E2BEBCA6C5: Took a snapshot at index 6
2019-07-30 22:29:45,356 INFO  impl.StateMachineUpdater (StateMachineUpdater.java:lambda$new$0(80)) - StateMachineUpdater:d6639fa8-6d46-45c5-857d-997a31ce3427:group-22E2BEBCA6C5: snapshotIndex: updateIncreasingly -1 -> 6
2019-07-30 22:29:45,358 INFO  impl.RaftServerImpl (ServerState.java:close(394)) - d6639fa8-6d46-45c5-857d-997a31ce3427:group-22E2BEBCA6C5 closes. The last applied log index is 8
2019-07-30 22:29:45,359 WARN  server.GrpcServerProtocolService (LogUtils.java:warn(134)) - 1e19a2b1-49d0-4e7a-aecd-0cd783192e71: appendEntries onError: org.apache.ratis.thirdparty.io.grpc.StatusRuntimeException: CANCELLED: cancelled before receiving half close
2019-07-30 22:29:45,359 INFO  server.GrpcService (GrpcService.java:closeImpl(163)) - 1e19a2b1-49d0-4e7a-aecd-0cd783192e71: shutdown server with port 40318 successfully
2019-07-30 22:29:45,359 INFO  segmented.SegmentedRaftLogWorker (SegmentedRaftLogWorker.java:run(313)) - d6639fa8-6d46-45c5-857d-997a31ce3427-SegmentedRaftLogWorker:Storage Directory /workdir/hadoop-ozone/integration-test/target/test-dir/MiniOzoneClusterImpl-e050bc9f-bc6f-41bc-b4ec-06bc364a309b/datanode-2/data/ratis/1ae44070-12ca-4fbc-9329-22e2bebca6c5 was interrupted, exiting. There are 0 tasks remaining in the queue.
2019-07-30 22:29:45,359 WARN  server.GrpcLogAppender (LogUtils.java:warn(134)) - 382046bb-dbfe-4c16-a95c-2b1aff15a13d->1e19a2b1-49d0-4e7a-aecd-0cd783192e71: Failed appendEntries: org.apache.ratis.thirdparty.io.grpc.StatusRuntimeException: CANCELLED: HTTP/2 error code: CANCEL
Received Rst Stream
2019-07-30 22:29:45,362 INFO  segmented.SegmentedRaftLogWorker (SegmentedRaftLogWorker.java:close(228)) - d6639fa8-6d46-45c5-857d-997a31ce3427-SegmentedRaftLogWorker:Storage Directory /workdir/hadoop-ozone/integration-test/target/test-dir/MiniOzoneClusterImpl-e050bc9f-bc6f-41bc-b4ec-06bc364a309b/datanode-2/data/ratis/1ae44070-12ca-4fbc-9329-22e2bebca6c5 close()
2019-07-30 22:29:45,364 INFO  impl.FollowerInfo (FollowerInfo.java:lambda$new$0(50)) - 382046bb-dbfe-4c16-a95c-2b1aff15a13d->1e19a2b1-49d0-4e7a-aecd-0cd783192e71: nextIndex: updateUnconditionally 1 -> 0
2019-07-30 22:29:45,367 INFO  utils.BackgroundService (BackgroundService.java:shutdown(148)) - Shutting down service BlockDeletingService
2019-07-30 22:29:45,367 INFO  impl.RaftServerImpl (RaftServerImpl.java:lambda$shutdown$3(245)) - d6639fa8-6d46-45c5-857d-997a31ce3427: shutdown group-89F42859791C
2019-07-30 22:29:45,368 INFO  util.JmxRegister (JmxRegister.java:unregister(73)) - Successfully un-registered JMX Bean with object name Ratis:service=RaftServer,group=group-89F42859791C,id=d6639fa8-6d46-45c5-857d-997a31ce3427
2019-07-30 22:29:45,368 INFO  impl.RoleInfo (RoleInfo.java:shutdownLeaderState(104)) - d6639fa8-6d46-45c5-857d-997a31ce3427: shutdown LeaderState
2019-07-30 22:29:45,368 WARN  fs.CachingGetSpaceUsed (CachingGetSpaceUsed.java:run(183)) - Thread Interrupted waiting to refresh disk information: sleep interrupted
2019-07-30 22:29:45,368 INFO  impl.PendingRequests (PendingRequests.java:sendNotLeaderResponses(202)) - d6639fa8-6d46-45c5-857d-997a31ce3427-PendingRequests: sendNotLeaderResponses
2019-07-30 22:29:45,369 INFO  impl.StateMachineUpdater (StateMachineUpdater.java:stopAndJoin(115)) - StateMachineUpdater:d6639fa8-6d46-45c5-857d-997a31ce3427:group-89F42859791C: set stopIndex = 0
2019-07-30 22:29:45,370 INFO  impl.RaftServerImpl (ServerState.java:close(394)) - d6639fa8-6d46-45c5-857d-997a31ce3427:group-89F42859791C closes. The last applied log index is 0
2019-07-30 22:29:45,370 INFO  segmented.SegmentedRaftLogWorker (SegmentedRaftLogWorker.java:run(313)) - d6639fa8-6d46-45c5-857d-997a31ce3427-SegmentedRaftLogWorker:Storage Directory /workdir/hadoop-ozone/integration-test/target/test-dir/MiniOzoneClusterImpl-e050bc9f-bc6f-41bc-b4ec-06bc364a309b/datanode-2/data/ratis/6f54a298-76b8-4af8-aadc-89f42859791c was interrupted, exiting. There are 0 tasks remaining in the queue.
2019-07-30 22:29:45,372 INFO  segmented.SegmentedRaftLogWorker (SegmentedRaftLogWorker.java:close(228)) - d6639fa8-6d46-45c5-857d-997a31ce3427-SegmentedRaftLogWorker:Storage Directory /workdir/hadoop-ozone/integration-test/target/test-dir/MiniOzoneClusterImpl-e050bc9f-bc6f-41bc-b4ec-06bc364a309b/datanode-2/data/ratis/6f54a298-76b8-4af8-aadc-89f42859791c close()
2019-07-30 22:29:45,375 INFO  server.GrpcService (GrpcService.java:closeImpl(155)) - d6639fa8-6d46-45c5-857d-997a31ce3427: shutdown server with port 38416 now
2019-07-30 22:29:45,379 WARN  server.GrpcServerProtocolService (LogUtils.java:warn(134)) - d6639fa8-6d46-45c5-857d-997a31ce3427: appendEntries onError: org.apache.ratis.thirdparty.io.grpc.StatusRuntimeException: CANCELLED: cancelled before receiving half close
2019-07-30 22:29:45,379 INFO  server.GrpcService (GrpcService.java:closeImpl(163)) - d6639fa8-6d46-45c5-857d-997a31ce3427: shutdown server with port 38416 successfully
2019-07-30 22:29:45,380 WARN  server.GrpcLogAppender (LogUtils.java:warn(134)) - 1cf89b6a-11ba-4732-a060-c94e1cf1c9e4->d6639fa8-6d46-45c5-857d-997a31ce3427: Failed appendEntries: org.apache.ratis.thirdparty.io.grpc.StatusRuntimeException: CANCELLED: HTTP/2 error code: CANCEL
Received Rst Stream
2019-07-30 22:29:45,382 INFO  impl.FollowerInfo (FollowerInfo.java:lambda$new$0(50)) - 1cf89b6a-11ba-4732-a060-c94e1cf1c9e4->d6639fa8-6d46-45c5-857d-997a31ce3427: nextIndex: updateUnconditionally 9 -> 8
2019-07-30 22:29:45,386 INFO  utils.BackgroundService (BackgroundService.java:shutdown(148)) - Shutting down service BlockDeletingService
2019-07-30 22:29:45,387 WARN  fs.CachingGetSpaceUsed (CachingGetSpaceUsed.java:run(183)) - Thread Interrupted waiting to refresh disk information: sleep interrupted
2019-07-30 22:29:45,397 INFO  statemachine.DatanodeStateMachine (DatanodeStateMachine.java:stopDaemon(395)) - Ozone container server stopped.
2019-07-30 22:29:45,405 INFO  statemachine.DatanodeStateMachine (DatanodeStateMachine.java:stopDaemon(395)) - Ozone container server stopped.
2019-07-30 22:29:45,409 INFO  handler.ContextHandler (ContextHandler.java:doStop(910)) - Stopped o.e.j.w.WebAppContext@7f53fc38{/,null,UNAVAILABLE}{/hddsDatanode}
2019-07-30 22:29:45,410 INFO  handler.ContextHandler (ContextHandler.java:doStop(910)) - Stopped o.e.j.w.WebAppContext@3c27f72{/,null,UNAVAILABLE}{/hddsDatanode}
2019-07-30 22:29:45,411 INFO  server.AbstractConnector (AbstractConnector.java:doStop(318)) - Stopped ServerConnector@5feb82b3{HTTP/1.1,[http/1.1]}{0.0.0.0:0}
2019-07-30 22:29:45,411 INFO  server.AbstractConnector (AbstractConnector.java:doStop(318)) - Stopped ServerConnector@5cbe95b1{HTTP/1.1,[http/1.1]}{0.0.0.0:0}
2019-07-30 22:29:45,413 INFO  handler.ContextHandler (ContextHandler.java:doStop(910)) - Stopped o.e.j.s.ServletContextHandler@7878bbdb{/static,jar:file:/home/user/.m2/repository/org/apache/hadoop/hadoop-hdds-container-service/0.4.1-SNAPSHOT/hadoop-hdds-container-service-0.4.1-SNAPSHOT.jar!/webapps/static,UNAVAILABLE}
2019-07-30 22:29:45,413 INFO  handler.ContextHandler (ContextHandler.java:doStop(910)) - Stopped o.e.j.s.ServletContextHandler@70c56434{/static,jar:file:/home/user/.m2/repository/org/apache/hadoop/hadoop-hdds-container-service/0.4.1-SNAPSHOT/hadoop-hdds-container-service-0.4.1-SNAPSHOT.jar!/webapps/static,UNAVAILABLE}
2019-07-30 22:29:45,414 INFO  handler.ContextHandler (ContextHandler.java:doStop(910)) - Stopped o.e.j.s.ServletContextHandler@1be77a76{/logs,file:///workdir/hadoop-ozone/integration-test/target/log,UNAVAILABLE}
2019-07-30 22:29:45,416 INFO  handler.ContextHandler (ContextHandler.java:doStop(910)) - Stopped o.e.j.s.ServletContextHandler@5922cff3{/logs,file:///workdir/hadoop-ozone/integration-test/target/log,UNAVAILABLE}
2019-07-30 22:29:45,418 INFO  datanode.ObjectStoreHandler (ObjectStoreHandler.java:close(155)) - Closing ObjectStoreHandler.
2019-07-30 22:29:45,418 INFO  datanode.ObjectStoreHandler (ObjectStoreHandler.java:close(155)) - Closing ObjectStoreHandler.
2019-07-30 22:29:45,418 INFO  ozone.HddsDatanodeService (HddsDatanodeService.java:stop(451)) - Stopped plug-in org.apache.hadoop.ozone.web.OzoneHddsDatanodeService@11c999da
2019-07-30 22:29:45,419 INFO  ozone.HddsDatanodeService (HddsDatanodeService.java:stop(451)) - Stopped plug-in org.apache.hadoop.ozone.web.OzoneHddsDatanodeService@6cbdd1c5
2019-07-30 22:29:45,744 INFO  statemachine.DatanodeStateMachine (DatanodeStateMachine.java:lambda$startDaemon$0(350)) - Ozone container server started.
2019-07-30 22:29:46,161 INFO  statemachine.DatanodeStateMachine (DatanodeStateMachine.java:lambda$startDaemon$0(350)) - Ozone container server started.
2019-07-30 22:29:47,427 WARN  server.GrpcLogAppender (LogUtils.java:warn(134)) - 382046bb-dbfe-4c16-a95c-2b1aff15a13d->8348d7a9-b426-4f67-be3c-60ab6b153275: Failed appendEntries: org.apache.ratis.thirdparty.io.grpc.StatusRuntimeException: UNAVAILABLE: io exception
2019-07-30 22:29:47,429 INFO  impl.FollowerInfo (FollowerInfo.java:lambda$new$0(50)) - 382046bb-dbfe-4c16-a95c-2b1aff15a13d->8348d7a9-b426-4f67-be3c-60ab6b153275: nextIndex: updateUnconditionally 0 -> 0
2019-07-30 22:29:47,432 WARN  server.GrpcLogAppender (LogUtils.java:warn(134)) - 382046bb-dbfe-4c16-a95c-2b1aff15a13d->1e19a2b1-49d0-4e7a-aecd-0cd783192e71: Failed appendEntries: org.apache.ratis.thirdparty.io.grpc.StatusRuntimeException: UNAVAILABLE: io exception
2019-07-30 22:29:47,434 INFO  impl.FollowerInfo (FollowerInfo.java:lambda$new$0(50)) - 382046bb-dbfe-4c16-a95c-2b1aff15a13d->1e19a2b1-49d0-4e7a-aecd-0cd783192e71: nextIndex: updateUnconditionally 0 -> 0
2019-07-30 22:29:47,687 WARN  server.GrpcLogAppender (LogUtils.java:warn(134)) - 1cf89b6a-11ba-4732-a060-c94e1cf1c9e4->f83802d5-fd97-4202-8f70-b9a576172424: Failed appendEntries: org.apache.ratis.thirdparty.io.grpc.StatusRuntimeException: UNAVAILABLE: io exception
2019-07-30 22:29:47,690 INFO  impl.FollowerInfo (FollowerInfo.java:lambda$new$0(50)) - 1cf89b6a-11ba-4732-a060-c94e1cf1c9e4->f83802d5-fd97-4202-8f70-b9a576172424: nextIndex: updateUnconditionally 6 -> 5
2019-07-30 22:29:47,693 WARN  server.GrpcLogAppender (LogUtils.java:warn(134)) - 1cf89b6a-11ba-4732-a060-c94e1cf1c9e4->d6639fa8-6d46-45c5-857d-997a31ce3427: Failed appendEntries: org.apache.ratis.thirdparty.io.grpc.StatusRuntimeException: UNAVAILABLE: io exception
2019-07-30 22:29:47,695 INFO  impl.FollowerInfo (FollowerInfo.java:lambda$new$0(50)) - 1cf89b6a-11ba-4732-a060-c94e1cf1c9e4->d6639fa8-6d46-45c5-857d-997a31ce3427: nextIndex: updateUnconditionally 8 -> 7
2019-07-30 22:29:49,928 WARN  server.GrpcLogAppender (LogUtils.java:warn(134)) - 382046bb-dbfe-4c16-a95c-2b1aff15a13d->8348d7a9-b426-4f67-be3c-60ab6b153275: Failed appendEntries: org.apache.ratis.thirdparty.io.grpc.StatusRuntimeException: UNAVAILABLE: io exception
2019-07-30 22:29:49,930 INFO  impl.FollowerInfo (FollowerInfo.java:lambda$new$0(50)) - 382046bb-dbfe-4c16-a95c-2b1aff15a13d->8348d7a9-b426-4f67-be3c-60ab6b153275: nextIndex: updateUnconditionally 0 -> 0
2019-07-30 22:29:49,933 WARN  server.GrpcLogAppender (LogUtils.java:warn(134)) - 382046bb-dbfe-4c16-a95c-2b1aff15a13d->1e19a2b1-49d0-4e7a-aecd-0cd783192e71: Failed appendEntries: org.apache.ratis.thirdparty.io.grpc.StatusRuntimeException: UNAVAILABLE: io exception
2019-07-30 22:29:49,935 INFO  impl.FollowerInfo (FollowerInfo.java:lambda$new$0(50)) - 382046bb-dbfe-4c16-a95c-2b1aff15a13d->1e19a2b1-49d0-4e7a-aecd-0cd783192e71: nextIndex: updateUnconditionally 0 -> 0
2019-07-30 22:29:50,189 WARN  server.GrpcLogAppender (LogUtils.java:warn(134)) - 1cf89b6a-11ba-4732-a060-c94e1cf1c9e4->f83802d5-fd97-4202-8f70-b9a576172424: Failed appendEntries: org.apache.ratis.thirdparty.io.grpc.StatusRuntimeException: UNAVAILABLE: io exception
2019-07-30 22:29:50,198 INFO  impl.FollowerInfo (FollowerInfo.java:lambda$new$0(50)) - 1cf89b6a-11ba-4732-a060-c94e1cf1c9e4->f83802d5-fd97-4202-8f70-b9a576172424: nextIndex: updateUnconditionally 5 -> 4
2019-07-30 22:29:50,209 WARN  server.GrpcLogAppender (LogUtils.java:warn(134)) - 1cf89b6a-11ba-4732-a060-c94e1cf1c9e4->d6639fa8-6d46-45c5-857d-997a31ce3427: Failed appendEntries: org.apache.ratis.thirdparty.io.grpc.StatusRuntimeException: UNAVAILABLE: io exception
2019-07-30 22:29:50,210 INFO  impl.FollowerInfo (FollowerInfo.java:lambda$new$0(50)) - 1cf89b6a-11ba-4732-a060-c94e1cf1c9e4->d6639fa8-6d46-45c5-857d-997a31ce3427: nextIndex: updateUnconditionally 7 -> 6
2019-07-30 22:29:50,419 INFO  ozoneimpl.OzoneContainer (OzoneContainer.java:stop(199)) - Attempting to stop container services.
2019-07-30 22:29:50,419 INFO  ozoneimpl.OzoneContainer (OzoneContainer.java:stop(199)) - Attempting to stop container services.
2019-07-30 22:29:50,420 INFO  impl.RaftServerProxy (RaftServerProxy.java:lambda$close$4(314)) - fab4dddb-d173-428b-9ff2-3a506c379182: close
2019-07-30 22:29:50,420 INFO  impl.RaftServerProxy (RaftServerProxy.java:lambda$close$4(314)) - 1cf89b6a-11ba-4732-a060-c94e1cf1c9e4: close
2019-07-30 22:29:50,421 INFO  impl.RaftServerImpl (RaftServerImpl.java:lambda$shutdown$3(245)) - fab4dddb-d173-428b-9ff2-3a506c379182: shutdown group-BB8A99EADEB9
2019-07-30 22:29:50,421 INFO  impl.RaftServerImpl (RaftServerImpl.java:lambda$shutdown$3(245)) - 1cf89b6a-11ba-4732-a060-c94e1cf1c9e4: shutdown group-22E2BEBCA6C5
2019-07-30 22:29:50,421 INFO  util.JmxRegister (JmxRegister.java:unregister(73)) - Successfully un-registered JMX Bean with object name Ratis:service=RaftServer,group=group-BB8A99EADEB9,id=fab4dddb-d173-428b-9ff2-3a506c379182
2019-07-30 22:29:50,422 INFO  util.JmxRegister (JmxRegister.java:unregister(73)) - Successfully un-registered JMX Bean with object name Ratis:service=RaftServer,group=group-22E2BEBCA6C5,id=1cf89b6a-11ba-4732-a060-c94e1cf1c9e4
2019-07-30 22:29:50,422 INFO  impl.RoleInfo (RoleInfo.java:shutdownLeaderState(104)) - fab4dddb-d173-428b-9ff2-3a506c379182: shutdown LeaderState
2019-07-30 22:29:50,422 INFO  impl.RoleInfo (RoleInfo.java:shutdownLeaderState(104)) - 1cf89b6a-11ba-4732-a060-c94e1cf1c9e4: shutdown LeaderState
2019-07-30 22:29:50,423 INFO  impl.PendingRequests (PendingRequests.java:sendNotLeaderResponses(202)) - fab4dddb-d173-428b-9ff2-3a506c379182-PendingRequests: sendNotLeaderResponses
2019-07-30 22:29:50,426 WARN  server.GrpcLogAppender (GrpcLogAppender.java:mayWait(143)) - GrpcLogAppender(1cf89b6a-11ba-4732-a060-c94e1cf1c9e4->d6639fa8-6d46-45c5-857d-997a31ce3427): Wait interrupted by java.lang.InterruptedException
2019-07-30 22:29:50,427 INFO  impl.StateMachineUpdater (StateMachineUpdater.java:stopAndJoin(115)) - StateMachineUpdater:fab4dddb-d173-428b-9ff2-3a506c379182:group-BB8A99EADEB9: set stopIndex = 0
2019-07-30 22:29:50,427 INFO  impl.RaftServerImpl (ServerState.java:close(394)) - fab4dddb-d173-428b-9ff2-3a506c379182:group-BB8A99EADEB9 closes. The last applied log index is 0
2019-07-30 22:29:50,426 WARN  server.GrpcLogAppender (GrpcLogAppender.java:mayWait(143)) - GrpcLogAppender(1cf89b6a-11ba-4732-a060-c94e1cf1c9e4->f83802d5-fd97-4202-8f70-b9a576172424): Wait interrupted by java.lang.InterruptedException
2019-07-30 22:29:50,428 INFO  segmented.SegmentedRaftLogWorker (SegmentedRaftLogWorker.java:run(313)) - fab4dddb-d173-428b-9ff2-3a506c379182-SegmentedRaftLogWorker:Storage Directory /workdir/hadoop-ozone/integration-test/target/test-dir/MiniOzoneClusterImpl-e050bc9f-bc6f-41bc-b4ec-06bc364a309b/datanode-6/data/ratis/5d320c27-c81d-4f0c-82ee-bb8a99eadeb9 was interrupted, exiting. There are 0 tasks remaining in the queue.
2019-07-30 22:29:50,426 INFO  impl.PendingRequests (PendingRequests.java:sendNotLeaderResponses(202)) - 1cf89b6a-11ba-4732-a060-c94e1cf1c9e4-PendingRequests: sendNotLeaderResponses
2019-07-30 22:29:50,430 INFO  segmented.SegmentedRaftLogWorker (SegmentedRaftLogWorker.java:close(228)) - fab4dddb-d173-428b-9ff2-3a506c379182-SegmentedRaftLogWorker:Storage Directory /workdir/hadoop-ozone/integration-test/target/test-dir/MiniOzoneClusterImpl-e050bc9f-bc6f-41bc-b4ec-06bc364a309b/datanode-6/data/ratis/5d320c27-c81d-4f0c-82ee-bb8a99eadeb9 close()
2019-07-30 22:29:50,433 INFO  impl.StateMachineUpdater (StateMachineUpdater.java:stopAndJoin(115)) - StateMachineUpdater:1cf89b6a-11ba-4732-a060-c94e1cf1c9e4:group-22E2BEBCA6C5: set stopIndex = 8
2019-07-30 22:29:50,435 INFO  server.GrpcService (GrpcService.java:closeImpl(155)) - fab4dddb-d173-428b-9ff2-3a506c379182: shutdown server with port 34601 now
2019-07-30 22:29:50,435 INFO  ratis.ContainerStateMachine (ContainerStateMachine.java:takeSnapshot(262)) - group-22E2BEBCA6C5: Taking a snapshot at:(t:1, i:6) file /workdir/hadoop-ozone/integration-test/target/test-dir/MiniOzoneClusterImpl-e050bc9f-bc6f-41bc-b4ec-06bc364a309b/datanode-0/data/ratis/1ae44070-12ca-4fbc-9329-22e2bebca6c5/sm/snapshot.1_6
2019-07-30 22:29:50,437 INFO  server.GrpcService (GrpcService.java:closeImpl(163)) - fab4dddb-d173-428b-9ff2-3a506c379182: shutdown server with port 34601 successfully
2019-07-30 22:29:50,439 INFO  utils.BackgroundService (BackgroundService.java:shutdown(148)) - Shutting down service BlockDeletingService
2019-07-30 22:29:50,440 WARN  fs.CachingGetSpaceUsed (CachingGetSpaceUsed.java:run(183)) - Thread Interrupted waiting to refresh disk information: sleep interrupted
2019-07-30 22:29:50,441 INFO  ratis.ContainerStateMachine (ContainerStateMachine.java:takeSnapshot(273)) - group-22E2BEBCA6C5: Finished taking a snapshot at:(t:1, i:6) file:/workdir/hadoop-ozone/integration-test/target/test-dir/MiniOzoneClusterImpl-e050bc9f-bc6f-41bc-b4ec-06bc364a309b/datanode-0/data/ratis/1ae44070-12ca-4fbc-9329-22e2bebca6c5/sm/snapshot.1_6 time:8
2019-07-30 22:29:50,441 INFO  impl.StateMachineUpdater (StateMachineUpdater.java:takeSnapshot(242)) - StateMachineUpdater:1cf89b6a-11ba-4732-a060-c94e1cf1c9e4:group-22E2BEBCA6C5: Took a snapshot at index 6
2019-07-30 22:29:50,441 INFO  impl.StateMachineUpdater (StateMachineUpdater.java:lambda$new$0(80)) - StateMachineUpdater:1cf89b6a-11ba-4732-a060-c94e1cf1c9e4:group-22E2BEBCA6C5: snapshotIndex: updateIncreasingly -1 -> 6
2019-07-30 22:29:50,442 INFO  impl.RaftServerImpl (ServerState.java:close(394)) - 1cf89b6a-11ba-4732-a060-c94e1cf1c9e4:group-22E2BEBCA6C5 closes. The last applied log index is 8
2019-07-30 22:29:50,442 INFO  segmented.SegmentedRaftLogWorker (SegmentedRaftLogWorker.java:run(313)) - 1cf89b6a-11ba-4732-a060-c94e1cf1c9e4-SegmentedRaftLogWorker:Storage Directory /workdir/hadoop-ozone/integration-test/target/test-dir/MiniOzoneClusterImpl-e050bc9f-bc6f-41bc-b4ec-06bc364a309b/datanode-0/data/ratis/1ae44070-12ca-4fbc-9329-22e2bebca6c5 was interrupted, exiting. There are 0 tasks remaining in the queue.
2019-07-30 22:29:50,444 INFO  segmented.SegmentedRaftLogWorker (SegmentedRaftLogWorker.java:close(228)) - 1cf89b6a-11ba-4732-a060-c94e1cf1c9e4-SegmentedRaftLogWorker:Storage Directory /workdir/hadoop-ozone/integration-test/target/test-dir/MiniOzoneClusterImpl-e050bc9f-bc6f-41bc-b4ec-06bc364a309b/datanode-0/data/ratis/1ae44070-12ca-4fbc-9329-22e2bebca6c5 close()
2019-07-30 22:29:50,449 INFO  impl.RaftServerImpl (RaftServerImpl.java:lambda$shutdown$3(245)) - 1cf89b6a-11ba-4732-a060-c94e1cf1c9e4: shutdown group-483AD78E24D3
2019-07-30 22:29:50,449 INFO  util.JmxRegister (JmxRegister.java:unregister(73)) - Successfully un-registered JMX Bean with object name Ratis:service=RaftServer,group=group-483AD78E24D3,id=1cf89b6a-11ba-4732-a060-c94e1cf1c9e4
2019-07-30 22:29:50,449 INFO  impl.RoleInfo (RoleInfo.java:shutdownLeaderState(104)) - 1cf89b6a-11ba-4732-a060-c94e1cf1c9e4: shutdown LeaderState
2019-07-30 22:29:50,450 INFO  impl.PendingRequests (PendingRequests.java:sendNotLeaderResponses(202)) - 1cf89b6a-11ba-4732-a060-c94e1cf1c9e4-PendingRequests: sendNotLeaderResponses
2019-07-30 22:29:50,450 INFO  impl.StateMachineUpdater (StateMachineUpdater.java:stopAndJoin(115)) - StateMachineUpdater:1cf89b6a-11ba-4732-a060-c94e1cf1c9e4:group-483AD78E24D3: set stopIndex = 0
2019-07-30 22:29:50,450 INFO  impl.RaftServerImpl (ServerState.java:close(394)) - 1cf89b6a-11ba-4732-a060-c94e1cf1c9e4:group-483AD78E24D3 closes. The last applied log index is 0
2019-07-30 22:29:50,451 INFO  segmented.SegmentedRaftLogWorker (SegmentedRaftLogWorker.java:run(313)) - 1cf89b6a-11ba-4732-a060-c94e1cf1c9e4-SegmentedRaftLogWorker:Storage Directory /workdir/hadoop-ozone/integration-test/target/test-dir/MiniOzoneClusterImpl-e050bc9f-bc6f-41bc-b4ec-06bc364a309b/datanode-0/data/ratis/aa3929fc-540c-426a-901a-483ad78e24d3 was interrupted, exiting. There are 0 tasks remaining in the queue.
2019-07-30 22:29:50,451 INFO  segmented.SegmentedRaftLogWorker (SegmentedRaftLogWorker.java:close(228)) - 1cf89b6a-11ba-4732-a060-c94e1cf1c9e4-SegmentedRaftLogWorker:Storage Directory /workdir/hadoop-ozone/integration-test/target/test-dir/MiniOzoneClusterImpl-e050bc9f-bc6f-41bc-b4ec-06bc364a309b/datanode-0/data/ratis/aa3929fc-540c-426a-901a-483ad78e24d3 close()
2019-07-30 22:29:50,451 INFO  server.GrpcService (GrpcService.java:closeImpl(155)) - 1cf89b6a-11ba-4732-a060-c94e1cf1c9e4: shutdown server with port 44441 now
2019-07-30 22:29:50,452 INFO  server.GrpcService (GrpcService.java:closeImpl(163)) - 1cf89b6a-11ba-4732-a060-c94e1cf1c9e4: shutdown server with port 44441 successfully
2019-07-30 22:29:50,453 INFO  utils.BackgroundService (BackgroundService.java:shutdown(148)) - Shutting down service BlockDeletingService
2019-07-30 22:29:50,455 WARN  fs.CachingGetSpaceUsed (CachingGetSpaceUsed.java:run(183)) - Thread Interrupted waiting to refresh disk information: sleep interrupted
2019-07-30 22:29:50,465 INFO  statemachine.DatanodeStateMachine (DatanodeStateMachine.java:stopDaemon(395)) - Ozone container server stopped.
2019-07-30 22:29:50,475 INFO  statemachine.DatanodeStateMachine (DatanodeStateMachine.java:stopDaemon(395)) - Ozone container server stopped.
2019-07-30 22:29:50,486 INFO  handler.ContextHandler (ContextHandler.java:doStop(910)) - Stopped o.e.j.w.WebAppContext@25470477{/,null,UNAVAILABLE}{/hddsDatanode}
2019-07-30 22:29:50,486 INFO  handler.ContextHandler (ContextHandler.java:doStop(910)) - Stopped o.e.j.w.WebAppContext@29532e91{/,null,UNAVAILABLE}{/hddsDatanode}
2019-07-30 22:29:50,487 INFO  server.AbstractConnector (AbstractConnector.java:doStop(318)) - Stopped ServerConnector@6182ffef{HTTP/1.1,[http/1.1]}{0.0.0.0:0}
2019-07-30 22:29:50,487 INFO  server.AbstractConnector (AbstractConnector.java:doStop(318)) - Stopped ServerConnector@7e691624{HTTP/1.1,[http/1.1]}{0.0.0.0:0}
2019-07-30 22:29:50,488 INFO  handler.ContextHandler (ContextHandler.java:doStop(910)) - Stopped o.e.j.s.ServletContextHandler@2af9a5ef{/static,jar:file:/home/user/.m2/repository/org/apache/hadoop/hadoop-hdds-container-service/0.4.1-SNAPSHOT/hadoop-hdds-container-service-0.4.1-SNAPSHOT.jar!/webapps/static,UNAVAILABLE}
2019-07-30 22:29:50,489 INFO  handler.ContextHandler (ContextHandler.java:doStop(910)) - Stopped o.e.j.s.ServletContextHandler@34695b23{/static,jar:file:/home/user/.m2/repository/org/apache/hadoop/hadoop-hdds-container-service/0.4.1-SNAPSHOT/hadoop-hdds-container-service-0.4.1-SNAPSHOT.jar!/webapps/static,UNAVAILABLE}
2019-07-30 22:29:50,490 INFO  handler.ContextHandler (ContextHandler.java:doStop(910)) - Stopped o.e.j.s.ServletContextHandler@1b791dca{/logs,file:///workdir/hadoop-ozone/integration-test/target/log,UNAVAILABLE}
2019-07-30 22:29:50,490 INFO  handler.ContextHandler (ContextHandler.java:doStop(910)) - Stopped o.e.j.s.ServletContextHandler@18b3db6e{/logs,file:///workdir/hadoop-ozone/integration-test/target/log,UNAVAILABLE}
2019-07-30 22:29:50,491 INFO  datanode.ObjectStoreHandler (ObjectStoreHandler.java:close(155)) - Closing ObjectStoreHandler.
2019-07-30 22:29:50,492 INFO  ozone.HddsDatanodeService (HddsDatanodeService.java:stop(451)) - Stopped plug-in org.apache.hadoop.ozone.web.OzoneHddsDatanodeService@b76b7d8
2019-07-30 22:29:50,580 INFO  statemachine.DatanodeStateMachine (DatanodeStateMachine.java:lambda$startDaemon$0(350)) - Ozone container server started.
2019-07-30 22:29:52,430 WARN  server.GrpcLogAppender (LogUtils.java:warn(134)) - 382046bb-dbfe-4c16-a95c-2b1aff15a13d->8348d7a9-b426-4f67-be3c-60ab6b153275: Failed appendEntries: org.apache.ratis.thirdparty.io.grpc.StatusRuntimeException: UNAVAILABLE: io exception
2019-07-30 22:29:52,430 INFO  impl.FollowerInfo (FollowerInfo.java:lambda$new$0(50)) - 382046bb-dbfe-4c16-a95c-2b1aff15a13d->8348d7a9-b426-4f67-be3c-60ab6b153275: nextIndex: updateUnconditionally 0 -> 0
2019-07-30 22:29:52,434 WARN  server.GrpcLogAppender (LogUtils.java:warn(134)) - 382046bb-dbfe-4c16-a95c-2b1aff15a13d->1e19a2b1-49d0-4e7a-aecd-0cd783192e71: Failed appendEntries: org.apache.ratis.thirdparty.io.grpc.StatusRuntimeException: UNAVAILABLE: io exception
2019-07-30 22:29:52,435 INFO  impl.FollowerInfo (FollowerInfo.java:lambda$new$0(50)) - 382046bb-dbfe-4c16-a95c-2b1aff15a13d->1e19a2b1-49d0-4e7a-aecd-0cd783192e71: nextIndex: updateUnconditionally 0 -> 0
2019-07-30 22:29:54,930 WARN  server.GrpcLogAppender (LogUtils.java:warn(134)) - 382046bb-dbfe-4c16-a95c-2b1aff15a13d->8348d7a9-b426-4f67-be3c-60ab6b153275: Failed appendEntries: org.apache.ratis.thirdparty.io.grpc.StatusRuntimeException: UNAVAILABLE: io exception
2019-07-30 22:29:54,931 INFO  impl.FollowerInfo (FollowerInfo.java:lambda$new$0(50)) - 382046bb-dbfe-4c16-a95c-2b1aff15a13d->8348d7a9-b426-4f67-be3c-60ab6b153275: nextIndex: updateUnconditionally 0 -> 0
2019-07-30 22:29:54,935 WARN  server.GrpcLogAppender (LogUtils.java:warn(134)) - 382046bb-dbfe-4c16-a95c-2b1aff15a13d->1e19a2b1-49d0-4e7a-aecd-0cd783192e71: Failed appendEntries: org.apache.ratis.thirdparty.io.grpc.StatusRuntimeException: UNAVAILABLE: io exception
2019-07-30 22:29:54,935 INFO  impl.FollowerInfo (FollowerInfo.java:lambda$new$0(50)) - 382046bb-dbfe-4c16-a95c-2b1aff15a13d->1e19a2b1-49d0-4e7a-aecd-0cd783192e71: nextIndex: updateUnconditionally 0 -> 0
2019-07-30 22:29:55,493 INFO  ozoneimpl.OzoneContainer (OzoneContainer.java:stop(199)) - Attempting to stop container services.
2019-07-30 22:29:55,493 INFO  impl.RaftServerProxy (RaftServerProxy.java:lambda$close$4(314)) - 382046bb-dbfe-4c16-a95c-2b1aff15a13d: close
2019-07-30 22:29:55,494 INFO  impl.RaftServerImpl (RaftServerImpl.java:lambda$shutdown$3(245)) - 382046bb-dbfe-4c16-a95c-2b1aff15a13d: shutdown group-9C6D2CE89F8C
2019-07-30 22:29:55,495 INFO  util.JmxRegister (JmxRegister.java:unregister(73)) - Successfully un-registered JMX Bean with object name Ratis:service=RaftServer,group=group-9C6D2CE89F8C,id=382046bb-dbfe-4c16-a95c-2b1aff15a13d
2019-07-30 22:29:55,495 INFO  impl.RoleInfo (RoleInfo.java:shutdownLeaderState(104)) - 382046bb-dbfe-4c16-a95c-2b1aff15a13d: shutdown LeaderState
2019-07-30 22:29:55,496 INFO  impl.PendingRequests (PendingRequests.java:sendNotLeaderResponses(202)) - 382046bb-dbfe-4c16-a95c-2b1aff15a13d-PendingRequests: sendNotLeaderResponses
2019-07-30 22:29:55,496 INFO  impl.StateMachineUpdater (StateMachineUpdater.java:stopAndJoin(115)) - StateMachineUpdater:382046bb-dbfe-4c16-a95c-2b1aff15a13d:group-9C6D2CE89F8C: set stopIndex = 0
2019-07-30 22:29:55,497 INFO  impl.RaftServerImpl (ServerState.java:close(394)) - 382046bb-dbfe-4c16-a95c-2b1aff15a13d:group-9C6D2CE89F8C closes. The last applied log index is 0
2019-07-30 22:29:55,498 INFO  segmented.SegmentedRaftLogWorker (SegmentedRaftLogWorker.java:run(313)) - 382046bb-dbfe-4c16-a95c-2b1aff15a13d-SegmentedRaftLogWorker:Storage Directory /workdir/hadoop-ozone/integration-test/target/test-dir/MiniOzoneClusterImpl-e050bc9f-bc6f-41bc-b4ec-06bc364a309b/datanode-5/data/ratis/086f01fb-d1cb-4e6f-9fc4-9c6d2ce89f8c was interrupted, exiting. There are 0 tasks remaining in the queue.
2019-07-30 22:29:55,498 INFO  segmented.SegmentedRaftLogWorker (SegmentedRaftLogWorker.java:close(228)) - 382046bb-dbfe-4c16-a95c-2b1aff15a13d-SegmentedRaftLogWorker:Storage Directory /workdir/hadoop-ozone/integration-test/target/test-dir/MiniOzoneClusterImpl-e050bc9f-bc6f-41bc-b4ec-06bc364a309b/datanode-5/data/ratis/086f01fb-d1cb-4e6f-9fc4-9c6d2ce89f8c close()
2019-07-30 22:29:55,499 INFO  impl.RaftServerImpl (RaftServerImpl.java:lambda$shutdown$3(245)) - 382046bb-dbfe-4c16-a95c-2b1aff15a13d: shutdown group-43691D6E318F
2019-07-30 22:29:55,499 INFO  util.JmxRegister (JmxRegister.java:unregister(73)) - Successfully un-registered JMX Bean with object name Ratis:service=RaftServer,group=group-43691D6E318F,id=382046bb-dbfe-4c16-a95c-2b1aff15a13d
2019-07-30 22:29:55,500 INFO  impl.RoleInfo (RoleInfo.java:shutdownLeaderState(104)) - 382046bb-dbfe-4c16-a95c-2b1aff15a13d: shutdown LeaderState
2019-07-30 22:29:55,503 WARN  server.GrpcLogAppender (GrpcLogAppender.java:mayWait(143)) - GrpcLogAppender(382046bb-dbfe-4c16-a95c-2b1aff15a13d->8348d7a9-b426-4f67-be3c-60ab6b153275): Wait interrupted by java.lang.InterruptedException
2019-07-30 22:29:55,503 WARN  server.GrpcLogAppender (GrpcLogAppender.java:mayWait(143)) - GrpcLogAppender(382046bb-dbfe-4c16-a95c-2b1aff15a13d->1e19a2b1-49d0-4e7a-aecd-0cd783192e71): Wait interrupted by java.lang.InterruptedException
2019-07-30 22:29:55,503 INFO  impl.PendingRequests (PendingRequests.java:sendNotLeaderResponses(202)) - 382046bb-dbfe-4c16-a95c-2b1aff15a13d-PendingRequests: sendNotLeaderResponses
2019-07-30 22:29:55,504 INFO  impl.StateMachineUpdater (StateMachineUpdater.java:stopAndJoin(115)) - StateMachineUpdater:382046bb-dbfe-4c16-a95c-2b1aff15a13d:group-43691D6E318F: set stopIndex = 0
2019-07-30 22:29:55,504 INFO  impl.RaftServerImpl (ServerState.java:close(394)) - 382046bb-dbfe-4c16-a95c-2b1aff15a13d:group-43691D6E318F closes. The last applied log index is 0
2019-07-30 22:29:55,505 INFO  segmented.SegmentedRaftLogWorker (SegmentedRaftLogWorker.java:run(313)) - 382046bb-dbfe-4c16-a95c-2b1aff15a13d-SegmentedRaftLogWorker:Storage Directory /workdir/hadoop-ozone/integration-test/target/test-dir/MiniOzoneClusterImpl-e050bc9f-bc6f-41bc-b4ec-06bc364a309b/datanode-5/data/ratis/789e9284-15a1-44bb-81b6-43691d6e318f was interrupted, exiting. There are 0 tasks remaining in the queue.
2019-07-30 22:29:55,505 INFO  segmented.SegmentedRaftLogWorker (SegmentedRaftLogWorker.java:close(228)) - 382046bb-dbfe-4c16-a95c-2b1aff15a13d-SegmentedRaftLogWorker:Storage Directory /workdir/hadoop-ozone/integration-test/target/test-dir/MiniOzoneClusterImpl-e050bc9f-bc6f-41bc-b4ec-06bc364a309b/datanode-5/data/ratis/789e9284-15a1-44bb-81b6-43691d6e318f close()
2019-07-30 22:29:55,506 INFO  server.GrpcService (GrpcService.java:closeImpl(155)) - 382046bb-dbfe-4c16-a95c-2b1aff15a13d: shutdown server with port 41436 now
2019-07-30 22:29:55,506 INFO  server.GrpcService (GrpcService.java:closeImpl(163)) - 382046bb-dbfe-4c16-a95c-2b1aff15a13d: shutdown server with port 41436 successfully
2019-07-30 22:29:55,508 INFO  utils.BackgroundService (BackgroundService.java:shutdown(148)) - Shutting down service BlockDeletingService
2019-07-30 22:29:55,511 WARN  fs.CachingGetSpaceUsed (CachingGetSpaceUsed.java:run(183)) - Thread Interrupted waiting to refresh disk information: sleep interrupted
2019-07-30 22:29:55,530 INFO  statemachine.DatanodeStateMachine (DatanodeStateMachine.java:stopDaemon(395)) - Ozone container server stopped.
2019-07-30 22:29:55,542 INFO  handler.ContextHandler (ContextHandler.java:doStop(910)) - Stopped o.e.j.w.WebAppContext@54556723{/,null,UNAVAILABLE}{/hddsDatanode}
2019-07-30 22:29:55,543 INFO  server.AbstractConnector (AbstractConnector.java:doStop(318)) - Stopped ServerConnector@6124dda2{HTTP/1.1,[http/1.1]}{0.0.0.0:0}
2019-07-30 22:29:55,544 INFO  handler.ContextHandler (ContextHandler.java:doStop(910)) - Stopped o.e.j.s.ServletContextHandler@6cc90398{/static,jar:file:/home/user/.m2/repository/org/apache/hadoop/hadoop-hdds-container-service/0.4.1-SNAPSHOT/hadoop-hdds-container-service-0.4.1-SNAPSHOT.jar!/webapps/static,UNAVAILABLE}
2019-07-30 22:29:55,544 INFO  handler.ContextHandler (ContextHandler.java:doStop(910)) - Stopped o.e.j.s.ServletContextHandler@14b5325f{/logs,file:///workdir/hadoop-ozone/integration-test/target/log,UNAVAILABLE}
2019-07-30 22:29:55,546 INFO  ozone.MiniOzoneClusterImpl (MiniOzoneClusterImpl.java:stop(353)) - Stopping the StorageContainerManager
2019-07-30 22:29:55,546 INFO  server.StorageContainerManager (StorageContainerManager.java:stop(796)) - Stopping Replication Manager Service.
2019-07-30 22:29:55,546 INFO  container.ReplicationManager (ReplicationManager.java:stop(187)) - Stopping Replication Monitor Thread.
2019-07-30 22:29:55,546 INFO  server.StorageContainerManager (StorageContainerManager.java:stop(803)) - Stopping Lease Manager of the command watchers
2019-07-30 22:29:55,547 INFO  server.StorageContainerManager (StorageContainerManager.java:stop(810)) - Stopping datanode service RPC server
2019-07-30 22:29:55,547 INFO  server.SCMDatanodeProtocolServer (SCMDatanodeProtocolServer.java:stop(367)) - Stopping the RPC server for DataNodes
2019-07-30 22:29:55,547 INFO  ipc.Server (Server.java:stop(3082)) - Stopping server on 33691
2019-07-30 22:29:55,549 INFO  ipc.Server (Server.java:run(1185)) - Stopping IPC Server listener on 33691
2019-07-30 22:29:55,550 INFO  ipc.Server (Server.java:run(1319)) - Stopping IPC Server Responder
2019-07-30 22:29:55,649 WARN  node.NodeStateManager (NodeStateManager.java:scheduleNextHealthCheck(631)) - Current Thread is interrupted, shutting down HB processing thread for Node Manager.
2019-07-30 22:29:55,649 INFO  server.StorageContainerManager (StorageContainerManager.java:stop(818)) - Stopping block service RPC server
2019-07-30 22:29:55,649 INFO  server.SCMBlockProtocolServer (SCMBlockProtocolServer.java:stop(148)) - Stopping the RPC server for Block Protocol
2019-07-30 22:29:55,650 INFO  ipc.Server (Server.java:stop(3082)) - Stopping server on 32906
2019-07-30 22:29:55,652 INFO  server.StorageContainerManager (StorageContainerManager.java:stop(825)) - Stopping the StorageContainerLocationProtocol RPC server
2019-07-30 22:29:55,652 INFO  server.SCMClientProtocolServer (SCMClientProtocolServer.java:stop(159)) - Stopping the RPC server for Client Protocol
2019-07-30 22:29:55,653 INFO  ipc.Server (Server.java:stop(3082)) - Stopping server on 45678
2019-07-30 22:29:55,653 INFO  ipc.Server (Server.java:run(1319)) - Stopping IPC Server Responder
2019-07-30 22:29:55,653 INFO  ipc.Server (Server.java:run(1185)) - Stopping IPC Server listener on 32906
2019-07-30 22:29:55,655 INFO  ipc.Server (Server.java:run(1185)) - Stopping IPC Server listener on 45678
2019-07-30 22:29:55,655 INFO  server.StorageContainerManager (StorageContainerManager.java:stop(832)) - Stopping Storage Container Manager HTTP server.
2019-07-30 22:29:55,659 INFO  ipc.Server (Server.java:run(1319)) - Stopping IPC Server Responder
2019-07-30 22:29:55,659 INFO  handler.ContextHandler (ContextHandler.java:doStop(910)) - Stopped o.e.j.w.WebAppContext@67eeb310{/,null,UNAVAILABLE}{/scm}
2019-07-30 22:29:55,661 INFO  server.AbstractConnector (AbstractConnector.java:doStop(318)) - Stopped ServerConnector@76af51d6{HTTP/1.1,[http/1.1]}{0.0.0.0:0}
2019-07-30 22:29:55,661 INFO  handler.ContextHandler (ContextHandler.java:doStop(910)) - Stopped o.e.j.s.ServletContextHandler@75527e36{/static,file:///workdir/hadoop-ozone/integration-test/target/test-classes/webapps/static,UNAVAILABLE}
2019-07-30 22:29:55,662 INFO  handler.ContextHandler (ContextHandler.java:doStop(910)) - Stopped o.e.j.s.ServletContextHandler@21c75084{/logs,file:///workdir/hadoop-ozone/integration-test/target/log,UNAVAILABLE}
2019-07-30 22:29:55,663 INFO  server.StorageContainerManager (StorageContainerManager.java:stop(843)) - Stopping Block Manager Service.
2019-07-30 22:29:55,663 INFO  utils.BackgroundService (BackgroundService.java:shutdown(148)) - Shutting down service SCMBlockDeletingService
2019-07-30 22:29:55,664 INFO  utils.BackgroundService (BackgroundService.java:shutdown(148)) - Shutting down service SCMBlockDeletingService
2019-07-30 22:29:55,665 INFO  server.StorageContainerManager (StorageContainerManager.java:stop(865)) - Stopping SCM Event Queue.
2019-07-30 22:29:55,669 INFO  impl.MetricsSystemImpl (MetricsSystemImpl.java:stop(210)) - Stopping HddsDatanode metrics system...
2019-07-30 22:29:55,676 INFO  impl.MetricsSystemImpl (MetricsSystemImpl.java:stop(216)) - HddsDatanode metrics system stopped.
]]></system-out>
    <system-err><![CDATA[Jul 30, 2019 10:29:24 PM com.sun.jersey.server.impl.application.WebApplicationImpl _initiate
INFO: Initiating Jersey application, version 'Jersey: 1.19 02/11/2015 03:25 AM'
Jul 30, 2019 10:29:24 PM com.sun.jersey.server.impl.application.WebApplicationImpl _initiate
INFO: Initiating Jersey application, version 'Jersey: 1.19 02/11/2015 03:25 AM'
Jul 30, 2019 10:29:24 PM com.sun.jersey.server.impl.application.WebApplicationImpl _initiate
INFO: Initiating Jersey application, version 'Jersey: 1.19 02/11/2015 03:25 AM'
Jul 30, 2019 10:29:24 PM com.sun.jersey.server.impl.application.WebApplicationImpl _initiate
INFO: Initiating Jersey application, version 'Jersey: 1.19 02/11/2015 03:25 AM'
Jul 30, 2019 10:29:25 PM com.sun.jersey.server.impl.application.WebApplicationImpl _initiate
INFO: Initiating Jersey application, version 'Jersey: 1.19 02/11/2015 03:25 AM'
Jul 30, 2019 10:29:25 PM com.sun.jersey.server.impl.application.WebApplicationImpl _initiate
INFO: Initiating Jersey application, version 'Jersey: 1.19 02/11/2015 03:25 AM'
Jul 30, 2019 10:29:25 PM com.sun.jersey.server.impl.application.WebApplicationImpl _initiate
INFO: Initiating Jersey application, version 'Jersey: 1.19 02/11/2015 03:25 AM'
]]></system-err>
  </testcase>
</testsuite>